<?xml version="1.0" encoding="UTF-8" ?>
<testsuite errors="0" failures="1" hostname="travis-job-044fd041-9e07-4dee-9772-937f6337ccfe" name="ptolemy.actor.lib.test.junit.JUnitTclTest" skipped="0" tests="517" time="57.966" timestamp="2019-01-28T03:19:57">
  <properties>
    <property name="npm.executable" value="npm" />
    <property name="file.encoding.pkg" value="sun.io" />
    <property name="env.TRAVIS_ROOT" value="/" />
    <property name="ptII.mk.exists" value="true" />
    <property name="env.TRAVIS_APP_HOST" value="build.travis-ci.org" />
    <property name="env.rvm_bin_path" value="/home/travis/.rvm/bin" />
    <property name="java.home" value="/usr/lib/jvm/java-8-oracle/jre" />
    <property name="env.TRAVIS_JOB_NUMBER" value="974.8" />
    <property name="env.TRAVIS_HOME" value="/home/travis" />
    <property name="env.DISPLAY" value=":99.0" />
    <property name="java.net.preferIPv4Stack" value="true" />
    <property name="env.TRAVIS_INIT" value="upstart" />
    <property name="env.SSH_TTY" value="/dev/pts/0" />
    <property name="env.RUN_TESTS" value="false" />
    <property name="timeout.short" value="1000000" />
    <property name="env.TRAVIS_JOB_NAME" value="" />
    <property name="env.TRAVIS_STACK_NODE_ATTRIBUTES" value="/.node-attributes.yml" />
    <property name="junit.formatter" value="xml" />
    <property name="java.endorsed.dirs" value="/usr/lib/jvm/java-8-oracle/jre/lib/endorsed" />
    <property name="env.TRAVIS_SUDO" value="true" />
    <property name="env.LOGNAME" value="travis" />
    <property name="env.PT_TRAVIS_TEST_CORE1_XML" value="true" />
    <property name="jsdoc.home" value="node_modules/@terraswarm/jsdoc" />
    <property name="debuglevel" value="source,lines,vars" />
    <property name="checkstyle.formatter" value="xml" />
    <property name="bin.vergil.makeable" value="true" />
    <property name="env._system_version" value="14.04" />
    <property name="sun.os.patch.level" value="unknown" />
    <property name="java.vendor.url" value="http://java.oracle.com/" />
    <property name="env.TRAVIS_BUILD_WEB_URL" value="https://travis-ci.org/icyphy/ptII/builds/485213485" />
    <property name="java.version" value="1.8.0_151" />
    <property name="env.TZ" value="UTC" />
    <property name="env.PT_NO_NET" value="true" />
    <property name="env.TRAVIS_PULL_REQUEST_SHA" value="" />
    <property name="env.TRAVIS_SECURE_ENV_VARS" value="true" />
    <property name="env._system_type" value="Linux" />
    <property name="java.vendor.url.bug" value="http://bugreport.sun.com/bugreport/" />
    <property name="env.SSH_CLIENT" value="10.10.4.79 52748 22" />
    <property name="npmjs-org-is-up" value="true" />
    <property name="env.GEM_HOME" value="/home/travis/.rvm/gems/ruby-2.4.1" />
    <property name="env.HAS_ANTARES_THREE_LITTLE_FRONZIES_BADGE" value="true" />
    <property name="env.PS4" value="+" />
    <property name="ant.project.invoked-targets" value="build,test.core1.xml" />
    <property name="env.TRAVIS_PULL_REQUEST_BRANCH" value="" />
    <property name="env.TRAVIS_REPO_SLUG" value="icyphy/ptII" />
    <property name="env.TRAVIS_APT_PROXY" value="http://build-cache.travisci.net" />
    <property name="node.in.path" value="true" />
    <property name="java.maxmemory" value="1400m" />
    <property name="env.RUBY_VERSION" value="ruby-2.4.1" />
    <property name="user.name" value="travis" />
    <property name="env.LANG" value="en_US.UTF-8" />
    <property name="sun.io.unicode.encoding" value="UnicodeLittle" />
    <property name="sun.jnu.encoding" value="UTF-8" />
    <property name="java.runtime.name" value="Java(TM) SE Runtime Environment" />
    <property name="usefile" value="false" />
    <property name="return.code" value="0" />
    <property name="junit.single.formatter" value="plain" />
    <property name="env.DYLD_LIBRARY_PATH" value="/home/travis/pthla/certi-tools/lib:" />
    <property name="env.DEBIAN_FRONTEND" value="noninteractive" />
    <property name="env.SSH_CONNECTION" value="10.10.4.79 52748 10.20.0.103 22" />
    <property name="env.MYSQL_UNIX_PORT" value="/var/run/mysqld/mysqld.sock" />
    <property name="env.TRAVIS_ALLOW_FAILURE" value="false" />
    <property name="env.LC_ALL" value="en_US.UTF-8" />
    <property name="env.TRAVIS_JOB_WEB_URL" value="https://travis-ci.org/icyphy/ptII/jobs/485213493" />
    <property name="java.specification.name" value="Java Platform API Specification" />
    <property name="node.works" value="true" />
    <property name="user.timezone" value="" />
    <property name="path.separator" value=":" />
    <property name="env.TRAVIS_ENABLE_INFRA_DETECTION" value="true" />
    <property name="env.PYTHON_CFLAGS" value="-g -fstack-protector --param=ssp-buffer-size=4 -Wformat -Werror=format-security" />
    <property name="timeout.long" value="4000000" />
    <property name="env.CERTI_HOME" value="/home/travis/pthla/certi-tools" />
    <property name="file.encoding" value="UTF-8" />
    <property name="ant.file.ptII" value="/home/travis/build/icyphy/ptII/build.xml" />
    <property name="javadoc.packagenames" value="com.*,diva.*,lbnl.*,org.hlacerti.*,org.json.*,org.ptolemy.*,org.terraswarm.*,ptolemy.*,ptserver.*" />
    <property name="env.TRAVIS_PULL_REQUEST_SLUG" value="" />
    <property name="ant.project.default-target" value="build" />
    <property name="env.GIT_ASKPASS" value="echo" />
    <property name="env.HOME" value="/home/travis" />
    <property name="sun.java.command" value="org.apache.tools.ant.taskdefs.optional.junit.JUnitTestRunner ptolemy.actor.lib.test.junit.JUnitTclTest skipNonTests=false filtertrace=true haltOnError=false haltOnFailure=false formatter=org.apache.tools.ant.taskdefs.optional.junit.OutErrSummaryJUnitResultFormatter showoutput=true outputtoformatters=true logfailedtests=true threadid=0 logtestlistenerevents=false formatter=org.apache.tools.ant.taskdefs.optional.junit.XMLJUnitResultFormatter,/home/travis/build/icyphy/ptII/reports/junit/TEST-ptolemy.actor.lib.test.junit.JUnitTclTest.xml crashfile=/home/travis/build/icyphy/ptII/junitvmwatcher7142168539605710085.properties propsfile=/home/travis/build/icyphy/ptII/junit1531636843751729569.properties" />
    <property name="env.MANPATH" value="/home/travis/.nvm/versions/node/v7.10.1/share/man:/home/travis/.kiex/elixirs/elixir-1.4.5/man:/home/travis/.rvm/rubies/ruby-2.4.1/share/man:/usr/local/man:/usr/local/cmake-3.9.2/man:/usr/local/clang-5.0.0/share/man:/usr/local/share/man:/usr/share/man:/home/travis/.rvm/man" />
    <property name="env.COMPOSER_NO_INTERACTION" value="1" />
    <property name="env.JDK_SWITCHER_DEFAULT" value="oraclejdk8" />
    <property name="env.TRAVIS_TIMER_ID" value="01222ad0" />
    <property name="ant.file" value="/home/travis/build/icyphy/ptII/build.xml" />
    <property name="env.TRAVIS_COMMIT_RANGE" value="264bb9462771105fc8444c5b02eb6da2e880a9e5...ebf84cbfd252356f5beedda040af463b9af0745b" />
    <property name="env._system_name" value="Ubuntu" />
    <property name="timeout" value="2400000" />
    <property name="ptII.classpath.optional.property" value="/home/travis/build/icyphy/ptII/lib/bsh-2.0b4.jar:/home/travis/build/icyphy/ptII/lib/ptCal.jar:/home/travis/build/icyphy/ptII/lib/java_cup.jar:/home/travis/build/icyphy/ptII/lib/saxon8.jar:/home/travis/build/icyphy/ptII/lib/saxon8-dom.jar:/home/travis/build/icyphy/ptII/lib/chic.jar:/home/travis/build/icyphy/ptII/lib/ptcolt.jar:/usr/lib/jvm/java-8-oracle/lib/tools.jar:/home/travis/build/icyphy/ptII/vendors/misc/itext/iText.jar:/home/travis/build/icyphy/ptII/lib/g4ltl.jar:/home/travis/build/icyphy/ptII/lib/StructuralCoder.jar:/home/travis/build/icyphy/ptII/vendors/jai-1_1_2_01/lib/jai_core.jar:/home/travis/build/icyphy/ptII/vendors/jai-1_1_2_01/lib/jai_codec.jar:/home/travis/build/icyphy/ptII/lib/jcerti.jar:/home/travis/build/icyphy/ptII/lib/javax.mail.jar:/home/travis/build/icyphy/ptII/vendors/JMF-2.1.1e/lib/jmf.jar:/home/travis/build/icyphy/ptII/lib/jna-4.0.0-variadic.jar:/home/travis/build/icyphy/ptII/vendors/misc/joystick/Joystick.jar:/home/travis/build/icyphy/ptII/lib/ptjacl.jar:/home/travis/build/icyphy/ptII/lib/jsoup-1.8.2.jar:/home/travis/build/icyphy/ptII/lib/junit-4.8.2.jar:/home/travis/build/icyphy/ptII/lib/JUnitParams-0.4.0.jar:/home/travis/build/icyphy/ptII/ptolemy/actor/lib/excel/jxl.jar:/home/travis/build/icyphy/ptII/lib/jython.jar:/home/travis/build/icyphy/ptII/lib/kieler.jar:/home/travis/build/icyphy/ptII/vendors/opencv/share/OpenCV/java/opencv-341.jar:/home/travis/build/icyphy/ptII/lib/oscP5.jar:/home/travis/build/icyphy/ptII/lib/nrjavaserial-3.11.0.devel.jar:/home/travis/build/icyphy/ptII/vendors/j3d/lib/j3dcore.jar:/home/travis/build/icyphy/ptII/vendors/j3d/lib/j3dutils.jar:/home/travis/build/icyphy/ptII/vendors/j3d/lib/vecmath.jar:/home/travis/build/icyphy/ptII/ptolemy/distributed/jini/jar/jini-core.jar:/home/travis/build/icyphy/ptII/ptolemy/distributed/jini/jar/jini-ext.jar:/home/travis/build/icyphy/ptII/ptolemy/distributed/jini/jar/sun-util.jar:/home/travis/build/icyphy/ptII/lib/protobuf-java-2.4.1.jar:/home/travis/build/icyphy/ptII/lib/org.eclipse.paho.client.mqttv3.jar:/home/travis/build/icyphy/ptII/lib/mapss.jar:/home/travis/build/icyphy/ptII/ptolemy/actor/ptalon/antlr/antlr.jar:/home/travis/build/icyphy/ptII/lib/JRI.jar:/home/travis/build/icyphy/ptII/lib/commons-lang-2.6.jar:/home/travis/build/icyphy/ptII/lib/commons-logging-1.1.1.jar:/home/travis/build/icyphy/ptII/lib/sootclasses.jar:/home/travis/build/icyphy/ptII/ptolemy/actor/lib/database/mysql-connector-java-5.1.6-bin.jar:/home/travis/build/icyphy/ptII/vendors/misc/sphinx4/sphinx4-data-5prealpha.jar:/home/travis/build/icyphy/ptII/vendors/misc/sphinx4/sphinx4-core-5prealpha.jar:/home/travis/build/icyphy/ptII/lib/PDFRenderer.jar:/home/travis/build/icyphy/ptII/lib/svgSalamander.jar:/home/travis/build/icyphy/ptII/lib/rsyntaxtextarea-2.6.0-SNAPSHOT.jar:/home/travis/build/icyphy/ptII/lib/hazelcast-3.8.2.jar:/home/travis/build/icyphy/ptII/lib/jackson-annotations-2.9.0.jar:/home/travis/build/icyphy/ptII/lib/jackson-core-2.9.3.jar:/home/travis/build/icyphy/ptII/lib/jackson-databind-2.9.3.jar:/home/travis/build/icyphy/ptII/lib/netty-buffer-4.1.19.Final.jar:/home/travis/build/icyphy/ptII/lib/netty-codec-4.1.19.Final.jar:/home/travis/build/icyphy/ptII/lib/netty-codec-dns-4.1.19.Final.jar:/home/travis/build/icyphy/ptII/lib/netty-codec-http-4.1.19.Final.jar:/home/travis/build/icyphy/ptII/lib/netty-codec-http2-4.1.19.Final.jar:/home/travis/build/icyphy/ptII/lib/netty-common-4.1.19.Final.jar:/home/travis/build/icyphy/ptII/lib/netty-handler-4.1.19.Final.jar:/home/travis/build/icyphy/ptII/lib/netty-resolver-4.1.19.Final.jar:/home/travis/build/icyphy/ptII/lib/netty-resolver-dns-4.1.19.Final.jar:/home/travis/build/icyphy/ptII/lib/netty-transport-4.1.19.Final.jar:/home/travis/build/icyphy/ptII/lib/vertx-codegen-3.5.1.jar:/home/travis/build/icyphy/ptII/lib/vertx-core-3.5.2-SNAPSHOT.jar:/home/travis/build/icyphy/ptII/lib/vertx-hazelcast-3.5.1.jar:/home/travis/build/icyphy/ptII/lib/vertx-lang-js-3.5.1.jar:/home/travis/build/icyphy/ptII/lib/vertx-service-proxy-3.5.1.jar:/home/travis/build/icyphy/ptII/lib/vertx-web-3.5.1.jar:/home/travis/build/icyphy/ptII/lib/slf4j-api-1.7.13.jar:/home/travis/build/icyphy/ptII/lib/slf4j-simple-1.7.13.jar:/home/travis/build/icyphy/ptII/lib/webcam-capture-0.3.12.jar:/home/travis/build/icyphy/ptII/lib/bridj-0.7.0.jar:/home/travis/build/icyphy/ptII/lib/xbjlib-1.1.0.nrjavaserial.jar" />
    <property name="test.batch" value="**/junit/*.java" />
    <property name="env._" value="/usr/bin/timeout" />
    <property name="java.io.tmpdir" value="/tmp" />
    <property name="env.TRAVIS_INTERNAL_RUBY_REGEX" value="^ruby-(2\.[0-4]\.[0-9]|1\.9\.3)" />
    <property name="user.language" value="en" />
    <property name="env.HISTCONTROL" value="ignoredups:ignorespace" />
    <property name="env.GOROOT" value="/home/travis/.gimme/versions/go1.7.4.linux.amd64" />
    <property name="line.separator" value="&#xa;" />
    <property name="target" value="1.8" />
    <property name="env.TRAVIS_BUILD_DIR" value="/home/travis/build/icyphy/ptII" />
    <property name="env.ANT_OPTS" value="-Xmx2048m" />
    <property name="ant.file.type" value="file" />
    <property name="ptolemy.ptII.batchMode" value="true" />
    <property name="env.HISTSIZE" value="1000" />
    <property name="env.MERB_ENV" value="test" />
    <property name="java.vm.info" value="mixed mode" />
    <property name="source" value="1.8" />
    <property name="java.vm.specification.name" value="Java Virtual Machine Specification" />
    <property name="env.TRAVIS_TEST_RESULT" value="0" />
    <property name="jsdoc.command" value="node_modules/@terraswarm/jsdoc/jsdoc.js" />
    <property name="npm.works" value="true" />
    <property name="cobertura.dir" value="/home/travis/build/icyphy/ptII/vendors/cobertura-2.0.3" />
    <property name="env.rvm_path" value="/home/travis/.rvm" />
    <property name="env.GEM_PATH" value="/home/travis/.rvm/gems/ruby-2.4.1:/home/travis/.rvm/gems/ruby-2.4.1@global" />
    <property name="env.LC_CTYPE" value="en_US.UTF-8" />
    <property name="java.awt.printerjob" value="sun.print.PSPrinterJob" />
    <property name="env.TRAVIS_CMD" value="$PTII/bin/ptIITravisBuild.sh $SECONDS" />
    <property name="env.TRAVIS_STACK_NAME" value="garnet" />
    <property name="env.TRAVIS_TIMER_START_TIME" value="1548645252606194234" />
    <property name="ant.version" value="Apache Ant(TM) version 1.10.1 compiled on February 2 2017" />
    <property name="ptII.reports" value="/home/travis/build/icyphy/ptII/reports" />
    <property name="env.TRAVIS_STACK_TIMESTAMP" value="2017-12-05 19:33:09 UTC" />
    <property name="ant.file.type.ptII" value="file" />
    <property name="env.RBENV_SHELL" value="bash" />
    <property name="os.name" value="Linux" />
    <property name="java.specification.vendor" value="Oracle Corporation" />
    <property name="env.rvm_version" value="1.29.3 (latest)" />
    <property name="env.TRAVIS_INFRA" value="gce" />
    <property name="env.TERM" value="xterm" />
    <property name="java.vm.name" value="Java HotSpot(TM) 64-Bit Server VM" />
    <property name="env.TRAVIS_BUILD_NUMBER" value="974" />
    <property name="env.CI" value="true" />
    <property name="java.library.path" value="/home/travis/pthla/certi-tools/lib:/usr/lib/jni:/usr/local/share/OpenCV/java/:/usr/share/OpenCV/java::/usr/java/packages/lib/amd64:/usr/lib64:/lib64:/lib:/usr/lib" />
    <property name="env.rvm_prefix" value="/home/travis" />
    <property name="env.PATH" value="/home/travis/pthla/certi-tools/share/scripts:/home/travis/.rvm/gems/ruby-2.4.1/bin:/home/travis/.rvm/gems/ruby-2.4.1@global/bin:/home/travis/.rvm/rubies/ruby-2.4.1/bin:/home/travis/.rvm/bin:/home/travis/.nvm/versions/node/v7.10.1/bin:./node_modules/.bin:/home/travis/build/icyphy/ptII/bin:/home/travis/pthla/certi-tools/bin:/home/travis/bin:/home/travis/.local/bin:/opt/pyenv/shims:/home/travis/.phpenv/shims:/home/travis/perl5/perlbrew/bin:/home/travis/.kiex/elixirs/elixir-1.4.5/bin:/home/travis/.kiex/bin:/home/travis/gopath/bin:/home/travis/.gimme/versions/go1.7.4.linux.amd64/bin:/usr/local/phantomjs/bin:/usr/local/phantomjs:/usr/local/neo4j-3.2.7/bin:/usr/local/maven-3.5.2/bin:/usr/local/cmake-3.9.2/bin:/usr/local/clang-5.0.0/bin:/usr/local/sbin:/usr/local/bin:/usr/sbin:/usr/bin:/sbin:/bin:/home/travis/.phpenv/bin:/opt/pyenv/bin:/home/travis/.yarn/bin" />
    <property name="env.TRAVIS_OS_NAME" value="linux" />
    <property name="ant.java.version" value="1.8" />
    <property name="basedir" value="/home/travis/build/icyphy/ptII" />
    <property name="java.class.version" value="52.0" />
    <property name="env.SHLVL" value="3" />
    <property name="env.LD_LIBRARY_PATH" value="/home/travis/pthla/certi-tools/lib:/usr/lib/jni:/usr/local/share/OpenCV/java/:/usr/share/OpenCV/java:" />
    <property name="env.RACK_ENV" value="test" />
    <property name="ant.home" value="/home/travis/build/icyphy/ptII/ant" />
    <property name="env.PERLBREW_BASHRC_VERSION" value="0.80" />
    <property name="env.NVM_DIR" value="/home/travis/.nvm" />
    <property name="env.TRAVIS_BUILD_ID" value="485213485" />
    <property name="env.CERTI_FOM_PATH" value="/home/travis/pthla/certi-tools/share/federations" />
    <property name="env.PYENV_ROOT" value="/opt/pyenv" />
    <property name="env.TRAVIS_UID" value="2000" />
    <property name="env.rvm_pretty_print_flag" value="auto" />
    <property name="env.NVM_BIN" value="/home/travis/.nvm/versions/node/v7.10.1/bin" />
    <property name="env.TRAVIS_COMMIT" value="ebf84cbfd252356f5beedda040af463b9af0745b" />
    <property name="env._system_arch" value="x86_64" />
    <property name="node.executable" value="node" />
    <property name="sun.boot.library.path" value="/usr/lib/jvm/java-8-oracle/jre/lib/amd64" />
    <property name="sun.management.compiler" value="HotSpot 64-Bit Tiered Compilers" />
    <property name="env.GOPATH" value="/home/travis/gopath" />
    <property name="java.awt.graphicsenv" value="sun.awt.X11GraphicsEnvironment" />
    <property name="ptolemy.ptII.dir" value="/home/travis/build/icyphy/ptII" />
    <property name="env.USER" value="travis" />
    <property name="env.HISTFILESIZE" value="2000" />
    <property name="timeout.longest" value="19000000" />
    <property name="env.TRAVIS_STACK_FEATURES" value="basic cassandra chromium couchdb disabled-ipv6 docker docker-compose elasticsearch firefox go-toolchain google-chrome jdk memcached mongodb mysql neo4j nodejs_interpreter perl_interpreter perlbrew phantomjs postgresql python_interpreter rabbitmq redis riak ruby_interpreter sqlite xserver" />
    <property name="env.TRAVIS_PULL_REQUEST" value="false" />
    <property name="env.PYENV_SHELL" value="bash" />
    <property name="ant.project.name" value="ptII" />
    <property name="java.vm.specification.version" value="1.8" />
    <property name="env.ANSI_RESET" value="\033[0m" />
    <property name="env.TRAVIS_DIST" value="trusty" />
    <property name="env.CERTI_VERSION" value="4.0.0" />
    <property name="env.NLSPATH" value="/usr/dt/lib/nls/msg/%L/%N.cat" />
    <property name="awt.toolkit" value="sun.awt.X11.XToolkit" />
    <property name="env.CERTI_HOST" value="localhost" />
    <property name="env.MY_RUBY_HOME" value="/home/travis/.rvm/rubies/ruby-2.4.1" />
    <property name="sun.cpu.isalist" value="" />
    <property name="env.TRAVIS_TMPDIR" value="/tmp/tmp.kdbgwUzkgf" />
    <property name="java.ext.dirs" value="/usr/lib/jvm/java-8-oracle/jre/lib/ext:/usr/java/packages/lib/ext" />
    <property name="os.version" value="4.4.0-101-generic" />
    <property name="user.home" value="/home/travis" />
    <property name="env.MIX_ARCHIVES" value="/home/travis/.kiex/mix/elixir-1.4.5" />
    <property name="java.vm.vendor" value="Oracle Corporation" />
    <property name="env.TRAVIS_TAG" value="nightly" />
    <property name="env.ANSI_YELLOW" value="\033[33;1m" />
    <property name="env.TRAVIS_FILTERED" value="redirect_io" />
    <property name="env.ANSI_GREEN" value="\033[32;1m" />
    <property name="env.JAVA_HOME" value="/usr/lib/jvm/java-8-oracle" />
    <property name="env.PTII" value="/home/travis/build/icyphy/ptII" />
    <property name="javadoc.excludepackagenames" value="adm.cvs2svn.*,build.*,config.*,doc.coding.templates.*,jni.test.jni.meaningOfLife.*,jni.test.jni.testDeux.*,jni.test.jni.testTrois.*,org.terraswarm.accessor.accessors.web.node_modules.*,org.terraswarm.accessor.accessors.web.hosts.cordova.demo.*,org.terraswarm.accessor.accessors.web.hosts.cordova.plugins.*,org.terraswarm.accessor.accessors-svn.*,pt-modules.*,ptolemy.apps.agilent.*,ptolemy.apps.anytimecontrol.*,ptolemy.apps.apes.*,ptolemy.apps.charon.*,ptolemy.apps.crazyboard.*,ptolemy.apps.eclipse.*,ptolemy.apps.etherealSting.*,ptolemy.apps.fullscreen.*,ptolemy.apps.giotto.*,ptolemy.apps.ia.*,ptolemy.apps.interfaces.*,ptolemy.apps.jmf.*,ptolemy.apps.kurt.*,ptolemy.apps.kvm.*,ptolemy.apps.lego.*,ptolemy.apps.lejos.*,ptolemy.apps.midp.*,ptolemy.apps.mobileCoding.*,ptolemy.apps.pendulum.*,ptolemy.apps.rijndael.*,ptolemy.apps.robot.*,ptolemy.apps.security.*,ptolemy.apps.sobel.*,ptolemy.apps.soot.*,ptolemy.apps.throttle.*,ptolemy.apps.tini.*,ptolemy.apps.transmission.*,ptolemy.apps.vergil.*,ptolemy.apps.waba.*,ptolemy.apps.websensor.*,ptolemy.apps.webstart.*,ptolemy.apps.xsl.*,ptolemy.apps.zaurus.*,ptolemy.codegen.c.actor.lib.oldJavaFiles.*,ptolemy.codegen.dsp.lib.*,ptolemy.codegen.kernel.newInterfaces.*,ptolemy.codegen.lib.*,ptolemy.copernicus.kernel.fragment.*,ptolemy.copernicus.shallow.cg.*,ptolemy.domains.giotto.demo.Hierarchy.Hierarchy.*,ptolemy.domains.giotto.demo.Multimode.Multimode.*,ptolemy.domains.giotto.demo.Simple.Simple.*,ptolemy.domains.gr.lib.experimental.*,ptolemy.domains.gro.*,ptolemy.domains.pdf.*,ptolemy.domains.ptinyos.demo.Surge.output.*,ptolemy.moml.test.NoPackageActor.java*,ptolemy.plot.adm.*,ptolemy.plot.servlet.*,reports.*,signed.*,src.*,target.*,vendors.*,ptolemy.apps.eclipse.awt.*,ptolemy.backtrack.*,ptolemy.backtrack.ast.*,ptdb.kernel.database.*,ptolemy.cg.adapter.generic.program.procedural.c.mbed*,ptolemy.homer.*,org.ptolemy.scala.*,diva.util.java2d.svg.*,ptolemy.domains.ptinyos.*,ptolemy.actor.lib.fmi.fmipp.*,,org.terraswarm.accessor.accessors.web.node_modules.*,org.terraswarm.accessor.accessors-svn,ptolemy.apps.*,ptolemy.actor.ptalon.demo.ptinyos.SendAndReceiveCnt.output,ptolemy.actor.ptalon.demo.ptinyos.SenseToLeds.output,ptolemy.domains.ptinyos.demo.CntToLedsAndRfm.output,ptolemy.domains.ptinyos.demo.RfmToLeds.output,ptolemy.domains.ptinyos.demo.SendAndReceiveCnt.output,ptolemy.domains.ptinyos.demo.SenseToLeds.output,ptolemy.actor.lib.jjs.modules.udpSocket.*" />
    <property name="env.TRAVIS_COMMIT_MESSAGE" value="Adding a separate 2Billes2FedCpp demo for interacting with Billard demo shipped with CERTI4.0.0." />
    <property name="keystore" value="ptKeystore" />
    <property name="env.XDG_SESSION_ID" value="2" />
    <property name="junit.output.dir" value="/home/travis/build/icyphy/ptII/reports/junit" />
    <property name="npm.return.code" value="0" />
    <property name="user.dir" value="/home/travis/build/icyphy/ptII/ptolemy/actor/lib/test" />
    <property name="env.TRAVIS_NODE_VERSION" value="7" />
    <property name="env.XFILESEARCHPATH" value="/usr/dt/app-defaults/%L/Dt" />
    <property name="env.TRAVIS_EVENT_TYPE" value="cron" />
    <property name="env.MAIL" value="/var/mail/travis" />
    <property name="env.PWD" value="/home/travis/build/icyphy/ptII" />
    <property name="env.PERLBREW_ROOT" value="/home/travis/perl5/perlbrew" />
    <property name="timeout.npm" value="45000" />
    <property name="env.TRAVIS_ARCH" value="amd64" />
    <property name="env.PAGER" value="cat" />
    <property name="sun.cpu.endian" value="little" />
    <property name="env.TRAVIS_BUILD_STAGE_NAME" value="Test" />
    <property name="env.PERLBREW_HOME" value="/home/travis/.perlbrew" />
    <property name="env.RAILS_ENV" value="test" />
    <property name="java.vm.version" value="25.151-b12" />
    <property name="java.class.path" value="/home/travis/.ptolemyII:/home/travis/.ptolemyII/*:/home/travis/build/icyphy/ptII:/home/travis/build/icyphy/ptII/lib/bsh-2.0b4.jar:/home/travis/build/icyphy/ptII/lib/ptCal.jar:/home/travis/build/icyphy/ptII/lib/java_cup.jar:/home/travis/build/icyphy/ptII/lib/saxon8.jar:/home/travis/build/icyphy/ptII/lib/saxon8-dom.jar:/home/travis/build/icyphy/ptII/lib/chic.jar:/home/travis/build/icyphy/ptII/lib/ptcolt.jar:/usr/lib/jvm/java-8-oracle/lib/tools.jar:/home/travis/build/icyphy/ptII/vendors/misc/itext/iText.jar:/home/travis/build/icyphy/ptII/lib/g4ltl.jar:/home/travis/build/icyphy/ptII/lib/StructuralCoder.jar:/home/travis/build/icyphy/ptII/vendors/jai-1_1_2_01/lib/jai_core.jar:/home/travis/build/icyphy/ptII/vendors/jai-1_1_2_01/lib/jai_codec.jar:/home/travis/build/icyphy/ptII/lib/jcerti.jar:/home/travis/build/icyphy/ptII/lib/javax.mail.jar:/home/travis/build/icyphy/ptII/vendors/JMF-2.1.1e/lib/jmf.jar:/home/travis/build/icyphy/ptII/lib/jna-4.0.0-variadic.jar:/home/travis/build/icyphy/ptII/vendors/misc/joystick/Joystick.jar:/home/travis/build/icyphy/ptII/lib/ptjacl.jar:/home/travis/build/icyphy/ptII/lib/jsoup-1.8.2.jar:/home/travis/build/icyphy/ptII/lib/junit-4.8.2.jar:/home/travis/build/icyphy/ptII/lib/JUnitParams-0.4.0.jar:/home/travis/build/icyphy/ptII/ptolemy/actor/lib/excel/jxl.jar:/home/travis/build/icyphy/ptII/lib/jython.jar:/home/travis/build/icyphy/ptII/lib/kieler.jar:/home/travis/build/icyphy/ptII/vendors/opencv/share/OpenCV/java/opencv-341.jar:/home/travis/build/icyphy/ptII/lib/oscP5.jar:/home/travis/build/icyphy/ptII/lib/nrjavaserial-3.11.0.devel.jar:/home/travis/build/icyphy/ptII/vendors/j3d/lib/j3dcore.jar:/home/travis/build/icyphy/ptII/vendors/j3d/lib/j3dutils.jar:/home/travis/build/icyphy/ptII/vendors/j3d/lib/vecmath.jar:/home/travis/build/icyphy/ptII/ptolemy/distributed/jini/jar/jini-core.jar:/home/travis/build/icyphy/ptII/ptolemy/distributed/jini/jar/jini-ext.jar:/home/travis/build/icyphy/ptII/ptolemy/distributed/jini/jar/sun-util.jar:/home/travis/build/icyphy/ptII/lib/protobuf-java-2.4.1.jar:/home/travis/build/icyphy/ptII/lib/org.eclipse.paho.client.mqttv3.jar:/home/travis/build/icyphy/ptII/lib/mapss.jar:/home/travis/build/icyphy/ptII/ptolemy/actor/ptalon/antlr/antlr.jar:/home/travis/build/icyphy/ptII/lib/JRI.jar:/home/travis/build/icyphy/ptII/lib/commons-lang-2.6.jar:/home/travis/build/icyphy/ptII/lib/commons-logging-1.1.1.jar:/home/travis/build/icyphy/ptII/lib/sootclasses.jar:/home/travis/build/icyphy/ptII/ptolemy/actor/lib/database/mysql-connector-java-5.1.6-bin.jar:/home/travis/build/icyphy/ptII/vendors/misc/sphinx4/sphinx4-data-5prealpha.jar:/home/travis/build/icyphy/ptII/vendors/misc/sphinx4/sphinx4-core-5prealpha.jar:/home/travis/build/icyphy/ptII/lib/PDFRenderer.jar:/home/travis/build/icyphy/ptII/lib/svgSalamander.jar:/home/travis/build/icyphy/ptII/lib/rsyntaxtextarea-2.6.0-SNAPSHOT.jar:/home/travis/build/icyphy/ptII/lib/hazelcast-3.8.2.jar:/home/travis/build/icyphy/ptII/lib/jackson-annotations-2.9.0.jar:/home/travis/build/icyphy/ptII/lib/jackson-core-2.9.3.jar:/home/travis/build/icyphy/ptII/lib/jackson-databind-2.9.3.jar:/home/travis/build/icyphy/ptII/lib/netty-buffer-4.1.19.Final.jar:/home/travis/build/icyphy/ptII/lib/netty-codec-4.1.19.Final.jar:/home/travis/build/icyphy/ptII/lib/netty-codec-dns-4.1.19.Final.jar:/home/travis/build/icyphy/ptII/lib/netty-codec-http-4.1.19.Final.jar:/home/travis/build/icyphy/ptII/lib/netty-codec-http2-4.1.19.Final.jar:/home/travis/build/icyphy/ptII/lib/netty-common-4.1.19.Final.jar:/home/travis/build/icyphy/ptII/lib/netty-handler-4.1.19.Final.jar:/home/travis/build/icyphy/ptII/lib/netty-resolver-4.1.19.Final.jar:/home/travis/build/icyphy/ptII/lib/netty-resolver-dns-4.1.19.Final.jar:/home/travis/build/icyphy/ptII/lib/netty-transport-4.1.19.Final.jar:/home/travis/build/icyphy/ptII/lib/vertx-codegen-3.5.1.jar:/home/travis/build/icyphy/ptII/lib/vertx-core-3.5.2-SNAPSHOT.jar:/home/travis/build/icyphy/ptII/lib/vertx-hazelcast-3.5.1.jar:/home/travis/build/icyphy/ptII/lib/vertx-lang-js-3.5.1.jar:/home/travis/build/icyphy/ptII/lib/vertx-service-proxy-3.5.1.jar:/home/travis/build/icyphy/ptII/lib/vertx-web-3.5.1.jar:/home/travis/build/icyphy/ptII/lib/slf4j-api-1.7.13.jar:/home/travis/build/icyphy/ptII/lib/slf4j-simple-1.7.13.jar:/home/travis/build/icyphy/ptII/lib/webcam-capture-0.3.12.jar:/home/travis/build/icyphy/ptII/lib/bridj-0.7.0.jar:/home/travis/build/icyphy/ptII/lib/xbjlib-1.1.0.nrjavaserial.jar:/home/travis/build/icyphy/ptII/ptolemy/moml/test:/home/travis/build/icyphy/ptII/ant/lib/ant-launcher.jar:/home/travis/build/icyphy/ptII/ant/lib/ant.jar:/home/travis/build/icyphy/ptII/ant/lib/ant-junit.jar:/home/travis/build/icyphy/ptII/ant/lib/ant-junit4.jar" />
    <property name="ant.library.dir" value="/home/travis/build/icyphy/ptII/ant/lib" />
    <property name="os.arch" value="amd64" />
    <property name="env.TRAVIS_LANGUAGE" value="node_js" />
    <property name="env.CONTINUOUS_INTEGRATION" value="true" />
    <property name="env.TRAVIS_STACK_LANGUAGES" value="__garnet__ c c++ clojure cplusplus cpp default go groovy java node_js php pure_java python ruby scala" />
    <property name="test.name" value="ptolemy.actor.lib.test.junit.JUnitTclTest" />
    <property name="sun.java.launcher" value="SUN_STANDARD" />
    <property name="env.PYTHON_CONFIGURE_OPTS" value="--enable-unicode=ucs4 --with-wide-unicode --enable-shared --enable-ipv6 --enable-loadable-sqlite-extensions --with-computed-gotos" />
    <property name="ant.core.lib" value="/home/travis/build/icyphy/ptII/ant/lib/ant.jar" />
    <property name="java.vm.specification.vendor" value="Oracle Corporation" />
    <property name="env.BCVTB_HOME" value="/home/travis/build/icyphy/ptII/lbnl" />
    <property name="file.separator" value="/" />
    <property name="spotbugs.home" value="/home/travis/build/icyphy/ptII/vendors/spotbugs-3.1.1" />
    <property name="java.runtime.version" value="1.8.0_151-b12" />
    <property name="sun.boot.class.path" value="/usr/lib/jvm/java-8-oracle/jre/lib/resources.jar:/usr/lib/jvm/java-8-oracle/jre/lib/rt.jar:/usr/lib/jvm/java-8-oracle/jre/lib/sunrsasign.jar:/usr/lib/jvm/java-8-oracle/jre/lib/jsse.jar:/usr/lib/jvm/java-8-oracle/jre/lib/jce.jar:/usr/lib/jvm/java-8-oracle/jre/lib/charsets.jar:/usr/lib/jvm/java-8-oracle/jre/lib/jfr.jar:/usr/lib/jvm/java-8-oracle/jre/classes" />
    <property name="env.ANSI_CLEAR" value="\033[0K" />
    <property name="env.HAS_JOSH_K_SEAL_OF_APPROVAL" value="true" />
    <property name="env.XDG_RUNTIME_DIR" value="/run/user/2000" />
    <property name="env.TRAVIS_OSX_IMAGE" value="" />
    <property name="env.TRAVIS_BRANCH" value="master" />
    <property name="env.TRAVIS_JOB_ID" value="485213493" />
    <property name="user.country" value="US" />
    <property name="env.CERTI_HOME_TRAVIS" value="/home/travis/pthla/certi-tools" />
    <property name="env.SHELL" value="/bin/bash" />
    <property name="java.maxmemory.large" value="5000m" />
    <property name="model" value="" />
    <property name="env.CASHER_DIR" value="/home/travis/.casher" />
    <property name="env.NVM_CD_FLAGS" value="" />
    <property name="jshint.executable" value="/home/travis/node_modules/jshint/bin/jshint" />
    <property name="java.vendor" value="Oracle Corporation" />
    <property name="env.JRUBY_OPTS" value=" --client -J-XX:+TieredCompilation -J-XX:TieredStopAtLevel=1 -J-Xss2m -Xcompile.invokedynamic=false" />
    <property name="env.TRAVIS_PRE_CHEF_BOOTSTRAP_TIME" value="2017-12-05T19:32:55" />
    <property name="env.TRAVIS_STACK_JOB_BOARD_REGISTER" value="/.job-board-register.yml" />
    <property name="env.ELIXIR_VERSION" value="1.4.5" />
    <property name="env.ANSI_RED" value="\033[31;1m" />
    <property name="java.specification.version" value="1.8" />
    <property name="env.TRAVIS" value="true" />
    <property name="env.IRBRC" value="/home/travis/.rvm/rubies/ruby-2.4.1/.irbrc" />
    <property name="sun.arch.data.model" value="64" />
  </properties>
  <testcase classname="ptolemy.util.test.junit.TclTests" name="[0] /home/travis/build/icyphy/ptII/ptolemy/actor/lib/test/AbsoluteValue.tcl (RunTclFile)" time="0.429" />
  <testcase classname="ptolemy.util.test.junit.TclTests" name="[1] /home/travis/build/icyphy/ptII/ptolemy/actor/lib/test/AddSubtract.tcl (RunTclFile)" time="0.056" />
  <testcase classname="ptolemy.util.test.junit.TclTests" name="[2] /home/travis/build/icyphy/ptII/ptolemy/actor/lib/test/Average.tcl (RunTclFile)" time="0.052" />
  <testcase classname="ptolemy.util.test.junit.TclTests" name="[3] /home/travis/build/icyphy/ptII/ptolemy/actor/lib/test/Bernoulli.tcl (RunTclFile)" time="0.028" />
  <testcase classname="ptolemy.util.test.junit.TclTests" name="[4] /home/travis/build/icyphy/ptII/ptolemy/actor/lib/test/Clock.tcl (RunTclFile)" time="0.103" />
  <testcase classname="ptolemy.util.test.junit.TclTests" name="[5] /home/travis/build/icyphy/ptII/ptolemy/actor/lib/test/Commutator.tcl (RunTclFile)" time="0.097" />
  <testcase classname="ptolemy.util.test.junit.TclTests" name="[6] /home/travis/build/icyphy/ptII/ptolemy/actor/lib/test/Const.tcl (RunTclFile)" time="0.13" />
  <testcase classname="ptolemy.util.test.junit.TclTests" name="[7] /home/travis/build/icyphy/ptII/ptolemy/actor/lib/test/CurrentTime.tcl (RunTclFile)" time="0.036" />
  <testcase classname="ptolemy.util.test.junit.TclTests" name="[8] /home/travis/build/icyphy/ptII/ptolemy/actor/lib/test/DB.tcl (RunTclFile)" time="0.026" />
  <testcase classname="ptolemy.util.test.junit.TclTests" name="[9] /home/travis/build/icyphy/ptII/ptolemy/actor/lib/test/DiscreteRandomSource.tcl (RunTclFile)" time="0.033" />
  <testcase classname="ptolemy.util.test.junit.TclTests" name="[10] /home/travis/build/icyphy/ptII/ptolemy/actor/lib/test/Distributor.tcl (RunTclFile)" time="0.037" />
  <testcase classname="ptolemy.util.test.junit.TclTests" name="[11] /home/travis/build/icyphy/ptII/ptolemy/actor/lib/test/Exit.tcl (RunTclFile)" time="0.067">
    <failure message="Number of failed tests is has increased. expected:&lt;0&gt; but was:&lt;1&gt;" type="junit.framework.AssertionFailedError">junit.framework.AssertionFailedError: Number of failed tests is has increased. expected:&lt;0&gt; but was:&lt;1&gt;
	at ptolemy.util.test.junit.TclTests.RunTclFile(TclTests.java:286)
	at junitparams.internal.InvokeParameterisedMethod.evaluate(InvokeParameterisedMethod.java:102)
	at junitparams.internal.ParameterisedTestMethodRunner.runMethodInvoker(ParameterisedTestMethodRunner.java:47)
	at junitparams.internal.ParameterisedTestMethodRunner.runTestMethod(ParameterisedTestMethodRunner.java:41)
	at junitparams.internal.ParameterisedTestClassRunner.runParameterisedTest(ParameterisedTestClassRunner.java:143)
	at junitparams.JUnitParamsRunner.runChild(JUnitParamsRunner.java:237)
	at junitparams.JUnitParamsRunner.runChild(JUnitParamsRunner.java:215)
</failure>
  </testcase>
  <testcase classname="ptolemy.util.test.junit.TclTests" name="[12] /home/travis/build/icyphy/ptII/ptolemy/actor/lib/test/Expression.tcl (RunTclFile)" time="0.124" />
  <testcase classname="ptolemy.util.test.junit.TclTests" name="[13] /home/travis/build/icyphy/ptII/ptolemy/actor/lib/test/Gaussian.tcl (RunTclFile)" time="0.202" />
  <testcase classname="ptolemy.util.test.junit.TclTests" name="[14] /home/travis/build/icyphy/ptII/ptolemy/actor/lib/test/IIR.tcl (RunTclFile)" time="0.022" />
  <testcase classname="ptolemy.util.test.junit.TclTests" name="[15] /home/travis/build/icyphy/ptII/ptolemy/actor/lib/test/Interpolator.tcl (RunTclFile)" time="0.098" />
  <testcase classname="ptolemy.util.test.junit.TclTests" name="[16] /home/travis/build/icyphy/ptII/ptolemy/actor/lib/test/MathFunction.tcl (RunTclFile)" time="0.077" />
  <testcase classname="ptolemy.util.test.junit.TclTests" name="[17] /home/travis/build/icyphy/ptII/ptolemy/actor/lib/test/Maximum.tcl (RunTclFile)" time="0.037" />
  <testcase classname="ptolemy.util.test.junit.TclTests" name="[18] /home/travis/build/icyphy/ptII/ptolemy/actor/lib/test/Minimum.tcl (RunTclFile)" time="0.03" />
  <testcase classname="ptolemy.util.test.junit.TclTests" name="[19] /home/travis/build/icyphy/ptII/ptolemy/actor/lib/test/MultiplyDivide.tcl (RunTclFile)" time="0.043" />
  <testcase classname="ptolemy.util.test.junit.TclTests" name="[20] /home/travis/build/icyphy/ptII/ptolemy/actor/lib/test/OrderedMerge.tcl (RunTclFile)" time="0.061" />
  <testcase classname="ptolemy.util.test.junit.TclTests" name="[21] /home/travis/build/icyphy/ptII/ptolemy/actor/lib/test/Publisher.tcl (RunTclFile)" time="0.586" />
  <testcase classname="ptolemy.util.test.junit.TclTests" name="[22] /home/travis/build/icyphy/ptII/ptolemy/actor/lib/test/Pulse.tcl (RunTclFile)" time="0.06" />
  <testcase classname="ptolemy.util.test.junit.TclTests" name="[23] /home/travis/build/icyphy/ptII/ptolemy/actor/lib/test/Ramp.tcl (RunTclFile)" time="1.743" />
  <testcase classname="ptolemy.util.test.junit.TclTests" name="[24] /home/travis/build/icyphy/ptII/ptolemy/actor/lib/test/RampContinuous.tcl (RunTclFile)" time="0.018" />
  <testcase classname="ptolemy.util.test.junit.TclTests" name="[25] /home/travis/build/icyphy/ptII/ptolemy/actor/lib/test/RecordAssembler.tcl (RunTclFile)" time="0.013" />
  <testcase classname="ptolemy.util.test.junit.TclTests" name="[26] /home/travis/build/icyphy/ptII/ptolemy/actor/lib/test/RecordDisassembler.tcl (RunTclFile)" time="0.022" />
  <testcase classname="ptolemy.util.test.junit.TclTests" name="[27] /home/travis/build/icyphy/ptII/ptolemy/actor/lib/test/Scale.tcl (RunTclFile)" time="0.026" />
  <testcase classname="ptolemy.util.test.junit.TclTests" name="[28] /home/travis/build/icyphy/ptII/ptolemy/actor/lib/test/SequentialClock.tcl (RunTclFile)" time="0.016" />
  <testcase classname="ptolemy.util.test.junit.TclTests" name="[29] /home/travis/build/icyphy/ptII/ptolemy/actor/lib/test/SetVariable.tcl (RunTclFile)" time="0.013" />
  <testcase classname="ptolemy.util.test.junit.TclTests" name="[30] /home/travis/build/icyphy/ptII/ptolemy/actor/lib/test/Sinewave.tcl (RunTclFile)" time="0.054" />
  <testcase classname="ptolemy.util.test.junit.TclTests" name="[31] /home/travis/build/icyphy/ptII/ptolemy/actor/lib/test/SubscriptionAggregator.tcl (RunTclFile)" time="1.869" />
  <testcase classname="ptolemy.util.test.junit.TclTests" name="[32] /home/travis/build/icyphy/ptII/ptolemy/actor/lib/test/Test.tcl (RunTclFile)" time="0.06" />
  <testcase classname="ptolemy.util.test.junit.TclTests" name="[33] /home/travis/build/icyphy/ptII/ptolemy/actor/lib/test/TestExceptionHandler.tcl (RunTclFile)" time="0.009" />
  <testcase classname="ptolemy.util.test.junit.TclTests" name="[34] /home/travis/build/icyphy/ptII/ptolemy/actor/lib/test/UnionDisassembler.tcl (RunTclFile)" time="0.036" />
  <testcase classname="ptolemy.util.test.junit.TclTests" name="[35] /home/travis/build/icyphy/ptII/ptolemy/actor/lib/test/VariableClock.tcl (RunTclFile)" time="0.028" />
  <testcase classname="ptolemy.util.test.junit.AutoKnownFailedTests" name="[0] /home/travis/build/icyphy/ptII/ptolemy/actor/lib/test/auto/knownFailedTests/PublisherPortToplevelSubscriber.xml (RunModel)" time="0.019" />
  <testcase classname="ptolemy.util.test.junit.AutoKnownFailedTests" name="[1] /home/travis/build/icyphy/ptII/ptolemy/actor/lib/test/auto/knownFailedTests/PublisherSubscriberPortToplevel.xml (RunModel)" time="0.017" />
  <testcase classname="ptolemy.util.test.junit.AutoKnownFailedTests" name="[2] /home/travis/build/icyphy/ptII/ptolemy/actor/lib/test/auto/knownFailedTests/PublisherSubscriptionAggregatorPort.xml (RunModel)" time="0.013" />
  <testcase classname="ptolemy.util.test.junit.AutoKnownFailedTests" name="[3] /home/travis/build/icyphy/ptII/ptolemy/actor/lib/test/auto/knownFailedTests/sizedarray3.xml (RunModel)" time="0.031" />
  <testcase classname="ptolemy.util.test.junit.AutoNameArchTests" name="[0] ThereAreNoAutoArchTests (RunModel)" time="0.002" />
  <testcase classname="ptolemy.util.test.junit.AutoTests" name="[0] /home/travis/build/icyphy/ptII/ptolemy/actor/lib/test/auto/AbsoluteValue.xml (RunModel)" time="0.088" />
  <testcase classname="ptolemy.util.test.junit.AutoTests" name="[1] /home/travis/build/icyphy/ptII/ptolemy/actor/lib/test/auto/AbsoluteValue2.xml (RunModel)" time="0.055" />
  <testcase classname="ptolemy.util.test.junit.AutoTests" name="[2] /home/travis/build/icyphy/ptII/ptolemy/actor/lib/test/auto/Accumulator.xml (RunModel)" time="0.087" />
  <testcase classname="ptolemy.util.test.junit.AutoTests" name="[3] /home/travis/build/icyphy/ptII/ptolemy/actor/lib/test/auto/Accumulator2.xml (RunModel)" time="0.04" />
  <testcase classname="ptolemy.util.test.junit.AutoTests" name="[4] /home/travis/build/icyphy/ptII/ptolemy/actor/lib/test/auto/Accumulator3.xml (RunModel)" time="0.042" />
  <testcase classname="ptolemy.util.test.junit.AutoTests" name="[5] /home/travis/build/icyphy/ptII/ptolemy/actor/lib/test/auto/ArrayAppend.xml (RunModel)" time="0.046" />
  <testcase classname="ptolemy.util.test.junit.AutoTests" name="[6] /home/travis/build/icyphy/ptII/ptolemy/actor/lib/test/auto/ArrayAppend2.xml (RunModel)" time="0.548" />
  <testcase classname="ptolemy.util.test.junit.AutoTests" name="[7] /home/travis/build/icyphy/ptII/ptolemy/actor/lib/test/auto/ArrayAppend3.xml (RunModel)" time="0.029" />
  <testcase classname="ptolemy.util.test.junit.AutoTests" name="[8] /home/travis/build/icyphy/ptII/ptolemy/actor/lib/test/auto/ArrayAppend4.xml (RunModel)" time="0.026" />
  <testcase classname="ptolemy.util.test.junit.AutoTests" name="[9] /home/travis/build/icyphy/ptII/ptolemy/actor/lib/test/auto/ArrayAppend5.xml (RunModel)" time="0.021" />
  <testcase classname="ptolemy.util.test.junit.AutoTests" name="[10] /home/travis/build/icyphy/ptII/ptolemy/actor/lib/test/auto/ArrayAppend6.xml (RunModel)" time="0.022" />
  <testcase classname="ptolemy.util.test.junit.AutoTests" name="[11] /home/travis/build/icyphy/ptII/ptolemy/actor/lib/test/auto/ArrayAppendPerformanceTest.xml (RunModel)" time="0.062" />
  <testcase classname="ptolemy.util.test.junit.AutoTests" name="[12] /home/travis/build/icyphy/ptII/ptolemy/actor/lib/test/auto/ArrayAppendWithEmptyInput.xml (RunModel)" time="0.048" />
  <testcase classname="ptolemy.util.test.junit.AutoTests" name="[13] /home/travis/build/icyphy/ptII/ptolemy/actor/lib/test/auto/ArrayAverage.xml (RunModel)" time="0.054" />
  <testcase classname="ptolemy.util.test.junit.AutoTests" name="[14] /home/travis/build/icyphy/ptII/ptolemy/actor/lib/test/auto/ArrayContains.xml (RunModel)" time="0.029" />
  <testcase classname="ptolemy.util.test.junit.AutoTests" name="[15] /home/travis/build/icyphy/ptII/ptolemy/actor/lib/test/auto/ArrayElement.xml (RunModel)" time="0.024" />
  <testcase classname="ptolemy.util.test.junit.AutoTests" name="[16] /home/travis/build/icyphy/ptII/ptolemy/actor/lib/test/auto/ArrayElementAsMatrix.xml (RunModel)" time="0.052" />
  <testcase classname="ptolemy.util.test.junit.AutoTests" name="[17] /home/travis/build/icyphy/ptII/ptolemy/actor/lib/test/auto/ArrayElementI.xml (RunModel)" time="0.017" />
  <testcase classname="ptolemy.util.test.junit.AutoTests" name="[18] /home/travis/build/icyphy/ptII/ptolemy/actor/lib/test/auto/ArrayExtract.xml (RunModel)" time="0.049" />
  <testcase classname="ptolemy.util.test.junit.AutoTests" name="[19] /home/travis/build/icyphy/ptII/ptolemy/actor/lib/test/auto/ArrayExtract2.xml (RunModel)" time="0.016" />
  <testcase classname="ptolemy.util.test.junit.AutoTests" name="[20] /home/travis/build/icyphy/ptII/ptolemy/actor/lib/test/auto/ArrayLength.xml (RunModel)" time="0.02" />
  <testcase classname="ptolemy.util.test.junit.AutoTests" name="[21] /home/travis/build/icyphy/ptII/ptolemy/actor/lib/test/auto/ArrayLevelCrossing.xml (RunModel)" time="0.03" />
  <testcase classname="ptolemy.util.test.junit.AutoTests" name="[22] /home/travis/build/icyphy/ptII/ptolemy/actor/lib/test/auto/ArrayLevelCrossing2.xml (RunModel)" time="0.024" />
  <testcase classname="ptolemy.util.test.junit.AutoTests" name="[23] /home/travis/build/icyphy/ptII/ptolemy/actor/lib/test/auto/ArrayPeakSearch.xml (RunModel)" time="0.041" />
  <testcase classname="ptolemy.util.test.junit.AutoTests" name="[24] /home/travis/build/icyphy/ptII/ptolemy/actor/lib/test/auto/ArrayPeakSearch2.xml (RunModel)" time="0.042" />
  <testcase classname="ptolemy.util.test.junit.AutoTests" name="[25] /home/travis/build/icyphy/ptII/ptolemy/actor/lib/test/auto/ArrayPeakSearch3.xml (RunModel)" time="0.034" />
  <testcase classname="ptolemy.util.test.junit.AutoTests" name="[26] /home/travis/build/icyphy/ptII/ptolemy/actor/lib/test/auto/ArrayRemoveElement.xml (RunModel)" time="0.032" />
  <testcase classname="ptolemy.util.test.junit.AutoTests" name="[27] /home/travis/build/icyphy/ptII/ptolemy/actor/lib/test/auto/ArraySort.xml (RunModel)" time="0.033" />
  <testcase classname="ptolemy.util.test.junit.AutoTests" name="[28] /home/travis/build/icyphy/ptII/ptolemy/actor/lib/test/auto/ArraySum.xml (RunModel)" time="0.019" />
  <testcase classname="ptolemy.util.test.junit.AutoTests" name="[29] /home/travis/build/icyphy/ptII/ptolemy/actor/lib/test/auto/ArrayToElements.xml (RunModel)" time="0.029" />
  <testcase classname="ptolemy.util.test.junit.AutoTests" name="[30] /home/travis/build/icyphy/ptII/ptolemy/actor/lib/test/auto/ArrayToMatrix.xml (RunModel)" time="0.051" />
  <testcase classname="ptolemy.util.test.junit.AutoTests" name="[31] /home/travis/build/icyphy/ptII/ptolemy/actor/lib/test/auto/ArrayUpdate1.xml (RunModel)" time="0.017" />
  <testcase classname="ptolemy.util.test.junit.AutoTests" name="[32] /home/travis/build/icyphy/ptII/ptolemy/actor/lib/test/auto/ArrayUpdate2.xml (RunModel)" time="0.017" />
  <testcase classname="ptolemy.util.test.junit.AutoTests" name="[33] /home/travis/build/icyphy/ptII/ptolemy/actor/lib/test/auto/ArrayUpdate3.xml (RunModel)" time="0.015" />
  <testcase classname="ptolemy.util.test.junit.AutoTests" name="[34] /home/travis/build/icyphy/ptII/ptolemy/actor/lib/test/auto/Assert1.xml (RunModel)" time="0.021" />
  <testcase classname="ptolemy.util.test.junit.AutoTests" name="[35] /home/travis/build/icyphy/ptII/ptolemy/actor/lib/test/auto/Assert2.xml (RunModel)" time="0.015" />
  <testcase classname="ptolemy.util.test.junit.AutoTests" name="[36] /home/travis/build/icyphy/ptII/ptolemy/actor/lib/test/auto/BooleanMultiplexor.xml (RunModel)" time="0.013" />
  <testcase classname="ptolemy.util.test.junit.AutoTests" name="[37] /home/travis/build/icyphy/ptII/ptolemy/actor/lib/test/auto/BooleanMultiplexor2.xml (RunModel)" time="0.016" />
  <testcase classname="ptolemy.util.test.junit.AutoTests" name="[38] /home/travis/build/icyphy/ptII/ptolemy/actor/lib/test/auto/BooleanMultiplexor3.xml (RunModel)" time="0.01" />
  <testcase classname="ptolemy.util.test.junit.AutoTests" name="[39] /home/travis/build/icyphy/ptII/ptolemy/actor/lib/test/auto/BooleanSelect.xml (RunModel)" time="0.021" />
  <testcase classname="ptolemy.util.test.junit.AutoTests" name="[40] /home/travis/build/icyphy/ptII/ptolemy/actor/lib/test/auto/BooleanSelect2.xml (RunModel)" time="0.015" />
  <testcase classname="ptolemy.util.test.junit.AutoTests" name="[41] /home/travis/build/icyphy/ptII/ptolemy/actor/lib/test/auto/BooleanSwitch.xml (RunModel)" time="0.016" />
  <testcase classname="ptolemy.util.test.junit.AutoTests" name="[42] /home/travis/build/icyphy/ptII/ptolemy/actor/lib/test/auto/BooleanSwitch2.xml (RunModel)" time="0.011" />
  <testcase classname="ptolemy.util.test.junit.AutoTests" name="[43] /home/travis/build/icyphy/ptII/ptolemy/actor/lib/test/auto/BooleanSwitchCloningBugWithClassRelationGroup.xml (RunModel)" time="0.018" />
  <testcase classname="ptolemy.util.test.junit.AutoTests" name="[44] /home/travis/build/icyphy/ptII/ptolemy/actor/lib/test/auto/BusActors.xml (RunModel)" time="0.079" />
  <testcase classname="ptolemy.util.test.junit.AutoTests" name="[45] /home/travis/build/icyphy/ptII/ptolemy/actor/lib/test/auto/ClassWrapper.xml (RunModel)" time="0.013" />
  <testcase classname="ptolemy.util.test.junit.AutoTests" name="[46] /home/travis/build/icyphy/ptII/ptolemy/actor/lib/test/auto/Clock.xml (RunModel)" time="0.008" />
  <testcase classname="ptolemy.util.test.junit.AutoTests" name="[47] /home/travis/build/icyphy/ptII/ptolemy/actor/lib/test/auto/Clock10.xml (RunModel)" time="0.016" />
  <testcase classname="ptolemy.util.test.junit.AutoTests" name="[48] /home/travis/build/icyphy/ptII/ptolemy/actor/lib/test/auto/Clock11.xml (RunModel)" time="0.016" />
  <testcase classname="ptolemy.util.test.junit.AutoTests" name="[49] /home/travis/build/icyphy/ptII/ptolemy/actor/lib/test/auto/Clock12.xml (RunModel)" time="0.016" />
  <testcase classname="ptolemy.util.test.junit.AutoTests" name="[50] /home/travis/build/icyphy/ptII/ptolemy/actor/lib/test/auto/Clock13.xml (RunModel)" time="0.019" />
  <testcase classname="ptolemy.util.test.junit.AutoTests" name="[51] /home/travis/build/icyphy/ptII/ptolemy/actor/lib/test/auto/Clock14.xml (RunModel)" time="0.02" />
  <testcase classname="ptolemy.util.test.junit.AutoTests" name="[52] /home/travis/build/icyphy/ptII/ptolemy/actor/lib/test/auto/Clock15.xml (RunModel)" time="0.014" />
  <testcase classname="ptolemy.util.test.junit.AutoTests" name="[53] /home/travis/build/icyphy/ptII/ptolemy/actor/lib/test/auto/Clock16.xml (RunModel)" time="0.07" />
  <testcase classname="ptolemy.util.test.junit.AutoTests" name="[54] /home/travis/build/icyphy/ptII/ptolemy/actor/lib/test/auto/Clock17.xml (RunModel)" time="0.053" />
  <testcase classname="ptolemy.util.test.junit.AutoTests" name="[55] /home/travis/build/icyphy/ptII/ptolemy/actor/lib/test/auto/Clock18.xml (RunModel)" time="0.044" />
  <testcase classname="ptolemy.util.test.junit.AutoTests" name="[56] /home/travis/build/icyphy/ptII/ptolemy/actor/lib/test/auto/Clock19.xml (RunModel)" time="0.041" />
  <testcase classname="ptolemy.util.test.junit.AutoTests" name="[57] /home/travis/build/icyphy/ptII/ptolemy/actor/lib/test/auto/Clock2.xml (RunModel)" time="0.011" />
  <testcase classname="ptolemy.util.test.junit.AutoTests" name="[58] /home/travis/build/icyphy/ptII/ptolemy/actor/lib/test/auto/Clock20.xml (RunModel)" time="0.015" />
  <testcase classname="ptolemy.util.test.junit.AutoTests" name="[59] /home/travis/build/icyphy/ptII/ptolemy/actor/lib/test/auto/Clock21.xml (RunModel)" time="0.013" />
  <testcase classname="ptolemy.util.test.junit.AutoTests" name="[60] /home/travis/build/icyphy/ptII/ptolemy/actor/lib/test/auto/Clock22.xml (RunModel)" time="0.01" />
  <testcase classname="ptolemy.util.test.junit.AutoTests" name="[61] /home/travis/build/icyphy/ptII/ptolemy/actor/lib/test/auto/Clock23.xml (RunModel)" time="0.014" />
  <testcase classname="ptolemy.util.test.junit.AutoTests" name="[62] /home/travis/build/icyphy/ptII/ptolemy/actor/lib/test/auto/Clock24.xml (RunModel)" time="0.017" />
  <testcase classname="ptolemy.util.test.junit.AutoTests" name="[63] /home/travis/build/icyphy/ptII/ptolemy/actor/lib/test/auto/Clock4.xml (RunModel)" time="0.012" />
  <testcase classname="ptolemy.util.test.junit.AutoTests" name="[64] /home/travis/build/icyphy/ptII/ptolemy/actor/lib/test/auto/Clock5.xml (RunModel)" time="0.015" />
  <testcase classname="ptolemy.util.test.junit.AutoTests" name="[65] /home/travis/build/icyphy/ptII/ptolemy/actor/lib/test/auto/Clock6.xml (RunModel)" time="0.007" />
  <testcase classname="ptolemy.util.test.junit.AutoTests" name="[66] /home/travis/build/icyphy/ptII/ptolemy/actor/lib/test/auto/Clock7.xml (RunModel)" time="0.008" />
  <testcase classname="ptolemy.util.test.junit.AutoTests" name="[67] /home/travis/build/icyphy/ptII/ptolemy/actor/lib/test/auto/Clock8.xml (RunModel)" time="0.013" />
  <testcase classname="ptolemy.util.test.junit.AutoTests" name="[68] /home/travis/build/icyphy/ptII/ptolemy/actor/lib/test/auto/Clock9.xml (RunModel)" time="0.015" />
  <testcase classname="ptolemy.util.test.junit.AutoTests" name="[69] /home/travis/build/icyphy/ptII/ptolemy/actor/lib/test/auto/CommDistDiscard.xml (RunModel)" time="0.018" />
  <testcase classname="ptolemy.util.test.junit.AutoTests" name="[70] /home/travis/build/icyphy/ptII/ptolemy/actor/lib/test/auto/Commutator.xml (RunModel)" time="0.015" />
  <testcase classname="ptolemy.util.test.junit.AutoTests" name="[71] /home/travis/build/icyphy/ptII/ptolemy/actor/lib/test/auto/Commutator2.xml (RunModel)" time="0.009" />
  <testcase classname="ptolemy.util.test.junit.AutoTests" name="[72] /home/travis/build/icyphy/ptII/ptolemy/actor/lib/test/auto/Commutator3.xml (RunModel)" time="0.012" />
  <testcase classname="ptolemy.util.test.junit.AutoTests" name="[73] /home/travis/build/icyphy/ptII/ptolemy/actor/lib/test/auto/Compare.xml (RunModel)" time="0.014" />
  <testcase classname="ptolemy.util.test.junit.AutoTests" name="[74] /home/travis/build/icyphy/ptII/ptolemy/actor/lib/test/auto/CompareDE.xml (RunModel)" time="0.015" />
  <testcase classname="ptolemy.util.test.junit.AutoTests" name="[75] /home/travis/build/icyphy/ptII/ptolemy/actor/lib/test/auto/ComplexDivide.xml (RunModel)" time="0.008" />
  <testcase classname="ptolemy.util.test.junit.AutoTests" name="[76] /home/travis/build/icyphy/ptII/ptolemy/actor/lib/test/auto/ComputeHistogram.xml (RunModel)" time="0.05" />
  <testcase classname="ptolemy.util.test.junit.AutoTests" name="[77] /home/travis/build/icyphy/ptII/ptolemy/actor/lib/test/auto/ConfigurationSelect.xml (RunModel)" time="0.015" />
  <testcase classname="ptolemy.util.test.junit.AutoTests" name="[78] /home/travis/build/icyphy/ptII/ptolemy/actor/lib/test/auto/ConfigurationSelect2.xml (RunModel)" time="0.015" />
  <testcase classname="ptolemy.util.test.junit.AutoTests" name="[79] /home/travis/build/icyphy/ptII/ptolemy/actor/lib/test/auto/ConfigurationSwitch.xml (RunModel)" time="0.02" />
  <testcase classname="ptolemy.util.test.junit.AutoTests" name="[80] /home/travis/build/icyphy/ptII/ptolemy/actor/lib/test/auto/ConfigurationSwitch2.xml (RunModel)" time="0.017" />
  <testcase classname="ptolemy.util.test.junit.AutoTests" name="[81] /home/travis/build/icyphy/ptII/ptolemy/actor/lib/test/auto/ConfigurationSwitchCloningBugWithClassRelationGroup.xml (RunModel)" time="0.017" />
  <testcase classname="ptolemy.util.test.junit.AutoTests" name="[82] /home/travis/build/icyphy/ptII/ptolemy/actor/lib/test/auto/ConfigurationSwitchSelectSDF.xml (RunModel)" time="0.014" />
  <testcase classname="ptolemy.util.test.junit.AutoTests" name="[83] /home/travis/build/icyphy/ptII/ptolemy/actor/lib/test/auto/ConfigurationSwitchSelectSDF2.xml (RunModel)" time="0.01" />
  <testcase classname="ptolemy.util.test.junit.AutoTests" name="[84] /home/travis/build/icyphy/ptII/ptolemy/actor/lib/test/auto/Const.xml (RunModel)" time="0.006" />
  <testcase classname="ptolemy.util.test.junit.AutoTests" name="[85] /home/travis/build/icyphy/ptII/ptolemy/actor/lib/test/auto/Const2.xml (RunModel)" time="0.009" />
  <testcase classname="ptolemy.util.test.junit.AutoTests" name="[86] /home/travis/build/icyphy/ptII/ptolemy/actor/lib/test/auto/Const3.xml (RunModel)" time="0.005" />
  <testcase classname="ptolemy.util.test.junit.AutoTests" name="[87] /home/travis/build/icyphy/ptII/ptolemy/actor/lib/test/auto/ConstantPublisherPort1.xml (RunModel)" time="0.017" />
  <testcase classname="ptolemy.util.test.junit.AutoTests" name="[88] /home/travis/build/icyphy/ptII/ptolemy/actor/lib/test/auto/ConstantPublisherPort2.xml (RunModel)" time="0.02" />
  <testcase classname="ptolemy.util.test.junit.AutoTests" name="[89] /home/travis/build/icyphy/ptII/ptolemy/actor/lib/test/auto/ConstantPublisherPort3.xml (RunModel)" time="0.023" />
  <testcase classname="ptolemy.util.test.junit.AutoTests" name="[90] /home/travis/build/icyphy/ptII/ptolemy/actor/lib/test/auto/ConstantPublisherPort4.xml (RunModel)" time="0.017" />
  <testcase classname="ptolemy.util.test.junit.AutoTests" name="[91] /home/travis/build/icyphy/ptII/ptolemy/actor/lib/test/auto/ConstantPublisherPort5.xml (RunModel)" time="0.044" />
  <testcase classname="ptolemy.util.test.junit.AutoTests" name="[92] /home/travis/build/icyphy/ptII/ptolemy/actor/lib/test/auto/ConstantPublisherPort6.xml (RunModel)" time="0.033" />
  <testcase classname="ptolemy.util.test.junit.AutoTests" name="[93] /home/travis/build/icyphy/ptII/ptolemy/actor/lib/test/auto/ConstantPublisherPort7.xml (RunModel)" time="0.031" />
  <testcase classname="ptolemy.util.test.junit.AutoTests" name="[94] /home/travis/build/icyphy/ptII/ptolemy/actor/lib/test/auto/ConstraintMonitor1.xml (RunModel)" time="0.035" />
  <testcase classname="ptolemy.util.test.junit.AutoTests" name="[95] /home/travis/build/icyphy/ptII/ptolemy/actor/lib/test/auto/ConstraintMonitor2.xml (RunModel)" time="0.013" />
  <testcase classname="ptolemy.util.test.junit.AutoTests" name="[96] /home/travis/build/icyphy/ptII/ptolemy/actor/lib/test/auto/ConstraintMonitor3.xml (RunModel)" time="0.011" />
  <testcase classname="ptolemy.util.test.junit.AutoTests" name="[97] /home/travis/build/icyphy/ptII/ptolemy/actor/lib/test/auto/ConstraintMonitor4.xml (RunModel)" time="0.014" />
  <testcase classname="ptolemy.util.test.junit.AutoTests" name="[98] /home/travis/build/icyphy/ptII/ptolemy/actor/lib/test/auto/ConstraintMonitor5.xml (RunModel)" time="0.02" />
  <testcase classname="ptolemy.util.test.junit.AutoTests" name="[99] /home/travis/build/icyphy/ptII/ptolemy/actor/lib/test/auto/ConstraintMonitor6.xml (RunModel)" time="0.022" />
  <testcase classname="ptolemy.util.test.junit.AutoTests" name="[100] /home/travis/build/icyphy/ptII/ptolemy/actor/lib/test/auto/ConstraintMonitor7.xml (RunModel)" time="0.02" />
  <testcase classname="ptolemy.util.test.junit.AutoTests" name="[101] /home/travis/build/icyphy/ptII/ptolemy/actor/lib/test/auto/ConstraintMonitor8.xml (RunModel)" time="0.025" />
  <testcase classname="ptolemy.util.test.junit.AutoTests" name="[102] /home/travis/build/icyphy/ptII/ptolemy/actor/lib/test/auto/Counter.xml (RunModel)" time="0.012" />
  <testcase classname="ptolemy.util.test.junit.AutoTests" name="[103] /home/travis/build/icyphy/ptII/ptolemy/actor/lib/test/auto/CurrentTimeSDF.xml (RunModel)" time="0.01" />
  <testcase classname="ptolemy.util.test.junit.AutoTests" name="[104] /home/travis/build/icyphy/ptII/ptolemy/actor/lib/test/auto/DB.xml (RunModel)" time="0.015" />
  <testcase classname="ptolemy.util.test.junit.AutoTests" name="[105] /home/travis/build/icyphy/ptII/ptolemy/actor/lib/test/auto/DBDE.xml (RunModel)" time="0.016" />
  <testcase classname="ptolemy.util.test.junit.AutoTests" name="[106] /home/travis/build/icyphy/ptII/ptolemy/actor/lib/test/auto/DateConstructor.xml (RunModel)" time="0.058" />
  <testcase classname="ptolemy.util.test.junit.AutoTests" name="[107] /home/travis/build/icyphy/ptII/ptolemy/actor/lib/test/auto/DelayTime.xml (RunModel)" time="0.057" />
  <testcase classname="ptolemy.util.test.junit.AutoTests" name="[108] /home/travis/build/icyphy/ptII/ptolemy/actor/lib/test/auto/Dictionary1.xml (RunModel)" time="0.471" />
  <testcase classname="ptolemy.util.test.junit.AutoTests" name="[109] /home/travis/build/icyphy/ptII/ptolemy/actor/lib/test/auto/Dictionary2.xml (RunModel)" time="0.011" />
  <testcase classname="ptolemy.util.test.junit.AutoTests" name="[110] /home/travis/build/icyphy/ptII/ptolemy/actor/lib/test/auto/Dictionary3.xml (RunModel)" time="0.012" />
  <testcase classname="ptolemy.util.test.junit.AutoTests" name="[111] /home/travis/build/icyphy/ptII/ptolemy/actor/lib/test/auto/Dictionary4.xml (RunModel)" time="0.013" />
  <testcase classname="ptolemy.util.test.junit.AutoTests" name="[112] /home/travis/build/icyphy/ptII/ptolemy/actor/lib/test/auto/Differential.xml (RunModel)" time="0.011" />
  <testcase classname="ptolemy.util.test.junit.AutoTests" name="[113] /home/travis/build/icyphy/ptII/ptolemy/actor/lib/test/auto/Director.xml (RunModel)" time="0.012" />
  <testcase classname="ptolemy.util.test.junit.AutoTests" name="[114] /home/travis/build/icyphy/ptII/ptolemy/actor/lib/test/auto/DiscreteClock.xml (RunModel)" time="0.007" />
  <testcase classname="ptolemy.util.test.junit.AutoTests" name="[115] /home/travis/build/icyphy/ptII/ptolemy/actor/lib/test/auto/DiscreteClock10.xml (RunModel)" time="0.014" />
  <testcase classname="ptolemy.util.test.junit.AutoTests" name="[116] /home/travis/build/icyphy/ptII/ptolemy/actor/lib/test/auto/DiscreteClock11.xml (RunModel)" time="0.01" />
  <testcase classname="ptolemy.util.test.junit.AutoTests" name="[117] /home/travis/build/icyphy/ptII/ptolemy/actor/lib/test/auto/DiscreteClock12.xml (RunModel)" time="0.01" />
  <testcase classname="ptolemy.util.test.junit.AutoTests" name="[118] /home/travis/build/icyphy/ptII/ptolemy/actor/lib/test/auto/DiscreteClock13.xml (RunModel)" time="0.013" />
  <testcase classname="ptolemy.util.test.junit.AutoTests" name="[119] /home/travis/build/icyphy/ptII/ptolemy/actor/lib/test/auto/DiscreteClock14.xml (RunModel)" time="0.014" />
  <testcase classname="ptolemy.util.test.junit.AutoTests" name="[120] /home/travis/build/icyphy/ptII/ptolemy/actor/lib/test/auto/DiscreteClock15.xml (RunModel)" time="0.014" />
  <testcase classname="ptolemy.util.test.junit.AutoTests" name="[121] /home/travis/build/icyphy/ptII/ptolemy/actor/lib/test/auto/DiscreteClock16.xml (RunModel)" time="0.039" />
  <testcase classname="ptolemy.util.test.junit.AutoTests" name="[122] /home/travis/build/icyphy/ptII/ptolemy/actor/lib/test/auto/DiscreteClock17.xml (RunModel)" time="0.036" />
  <testcase classname="ptolemy.util.test.junit.AutoTests" name="[123] /home/travis/build/icyphy/ptII/ptolemy/actor/lib/test/auto/DiscreteClock18.xml (RunModel)" time="0.041" />
  <testcase classname="ptolemy.util.test.junit.AutoTests" name="[124] /home/travis/build/icyphy/ptII/ptolemy/actor/lib/test/auto/DiscreteClock19.xml (RunModel)" time="0.047" />
  <testcase classname="ptolemy.util.test.junit.AutoTests" name="[125] /home/travis/build/icyphy/ptII/ptolemy/actor/lib/test/auto/DiscreteClock2.xml (RunModel)" time="0.011" />
  <testcase classname="ptolemy.util.test.junit.AutoTests" name="[126] /home/travis/build/icyphy/ptII/ptolemy/actor/lib/test/auto/DiscreteClock20.xml (RunModel)" time="0.025" />
  <testcase classname="ptolemy.util.test.junit.AutoTests" name="[127] /home/travis/build/icyphy/ptII/ptolemy/actor/lib/test/auto/DiscreteClock21.xml (RunModel)" time="0.02" />
  <testcase classname="ptolemy.util.test.junit.AutoTests" name="[128] /home/travis/build/icyphy/ptII/ptolemy/actor/lib/test/auto/DiscreteClock22.xml (RunModel)" time="0.019" />
  <testcase classname="ptolemy.util.test.junit.AutoTests" name="[129] /home/travis/build/icyphy/ptII/ptolemy/actor/lib/test/auto/DiscreteClock23.xml (RunModel)" time="0.021" />
  <testcase classname="ptolemy.util.test.junit.AutoTests" name="[130] /home/travis/build/icyphy/ptII/ptolemy/actor/lib/test/auto/DiscreteClock24.xml (RunModel)" time="0.015" />
  <testcase classname="ptolemy.util.test.junit.AutoTests" name="[131] /home/travis/build/icyphy/ptII/ptolemy/actor/lib/test/auto/DiscreteClock4.xml (RunModel)" time="0.012" />
  <testcase classname="ptolemy.util.test.junit.AutoTests" name="[132] /home/travis/build/icyphy/ptII/ptolemy/actor/lib/test/auto/DiscreteClock5.xml (RunModel)" time="0.011" />
  <testcase classname="ptolemy.util.test.junit.AutoTests" name="[133] /home/travis/build/icyphy/ptII/ptolemy/actor/lib/test/auto/DiscreteClock6.xml (RunModel)" time="0.007" />
  <testcase classname="ptolemy.util.test.junit.AutoTests" name="[134] /home/travis/build/icyphy/ptII/ptolemy/actor/lib/test/auto/DiscreteClock7.xml (RunModel)" time="0.009" />
  <testcase classname="ptolemy.util.test.junit.AutoTests" name="[135] /home/travis/build/icyphy/ptII/ptolemy/actor/lib/test/auto/DiscreteClock8.xml (RunModel)" time="0.009" />
  <testcase classname="ptolemy.util.test.junit.AutoTests" name="[136] /home/travis/build/icyphy/ptII/ptolemy/actor/lib/test/auto/DiscreteClock9.xml (RunModel)" time="0.014" />
  <testcase classname="ptolemy.util.test.junit.AutoTests" name="[137] /home/travis/build/icyphy/ptII/ptolemy/actor/lib/test/auto/DisplayArray.xml (RunModel)" time="0.027" />
  <testcase classname="ptolemy.util.test.junit.AutoTests" name="[138] /home/travis/build/icyphy/ptII/ptolemy/actor/lib/test/auto/Distributor.xml (RunModel)" time="0.013" />
  <testcase classname="ptolemy.util.test.junit.AutoTests" name="[139] /home/travis/build/icyphy/ptII/ptolemy/actor/lib/test/auto/Distributor2.xml (RunModel)" time="0.013" />
  <testcase classname="ptolemy.util.test.junit.AutoTests" name="[140] /home/travis/build/icyphy/ptII/ptolemy/actor/lib/test/auto/DownSample.xml (RunModel)" time="0.015" />
  <testcase classname="ptolemy.util.test.junit.AutoTests" name="[141] /home/travis/build/icyphy/ptII/ptolemy/actor/lib/test/auto/ElectronicUnitBase1.xml (RunModel)" time="0.059" />
  <testcase classname="ptolemy.util.test.junit.AutoTests" name="[142] /home/travis/build/icyphy/ptII/ptolemy/actor/lib/test/auto/ElementsToArray.xml (RunModel)" time="0.014" />
  <testcase classname="ptolemy.util.test.junit.AutoTests" name="[143] /home/travis/build/icyphy/ptII/ptolemy/actor/lib/test/auto/Equals.xml (RunModel)" time="0.012" />
  <testcase classname="ptolemy.util.test.junit.AutoTests" name="[144] /home/travis/build/icyphy/ptII/ptolemy/actor/lib/test/auto/Exec.xml (RunModel)" time="0.019" />
  <testcase classname="ptolemy.util.test.junit.AutoTests" name="[145] /home/travis/build/icyphy/ptII/ptolemy/actor/lib/test/auto/ExecEnvironment.xml (RunModel)" time="0.039" />
  <testcase classname="ptolemy.util.test.junit.AutoTests" name="[146] /home/travis/build/icyphy/ptII/ptolemy/actor/lib/test/auto/ExecNonZeroReturnOutput.xml (RunModel)" time="0.14" />
  <testcase classname="ptolemy.util.test.junit.AutoTests" name="[147] /home/travis/build/icyphy/ptII/ptolemy/actor/lib/test/auto/ExecRunDemos.xml (RunModel)" time="9.493" />
  <testcase classname="ptolemy.util.test.junit.AutoTests" name="[148] /home/travis/build/icyphy/ptII/ptolemy/actor/lib/test/auto/ExecStop.xml (RunModel)" time="5.033" />
  <testcase classname="ptolemy.util.test.junit.AutoTests" name="[149] /home/travis/build/icyphy/ptII/ptolemy/actor/lib/test/auto/ExecutionTimeSDF.xml (RunModel)" time="6.034" />
  <testcase classname="ptolemy.util.test.junit.AutoTests" name="[150] /home/travis/build/icyphy/ptII/ptolemy/actor/lib/test/auto/Expression1.xml (RunModel)" time="0.032" />
  <testcase classname="ptolemy.util.test.junit.AutoTests" name="[151] /home/travis/build/icyphy/ptII/ptolemy/actor/lib/test/auto/Expression10.xml (RunModel)" time="0.017" />
  <testcase classname="ptolemy.util.test.junit.AutoTests" name="[152] /home/travis/build/icyphy/ptII/ptolemy/actor/lib/test/auto/Expression11.xml (RunModel)" time="0.01" />
  <testcase classname="ptolemy.util.test.junit.AutoTests" name="[153] /home/travis/build/icyphy/ptII/ptolemy/actor/lib/test/auto/Expression12.xml (RunModel)" time="0.015" />
  <testcase classname="ptolemy.util.test.junit.AutoTests" name="[154] /home/travis/build/icyphy/ptII/ptolemy/actor/lib/test/auto/Expression13.xml (RunModel)" time="0.011" />
  <testcase classname="ptolemy.util.test.junit.AutoTests" name="[155] /home/travis/build/icyphy/ptII/ptolemy/actor/lib/test/auto/Expression14.xml (RunModel)" time="0.019" />
  <testcase classname="ptolemy.util.test.junit.AutoTests" name="[156] /home/travis/build/icyphy/ptII/ptolemy/actor/lib/test/auto/Expression15.xml (RunModel)" time="0.011" />
  <testcase classname="ptolemy.util.test.junit.AutoTests" name="[157] /home/travis/build/icyphy/ptII/ptolemy/actor/lib/test/auto/Expression16.xml (RunModel)" time="0.01" />
  <testcase classname="ptolemy.util.test.junit.AutoTests" name="[158] /home/travis/build/icyphy/ptII/ptolemy/actor/lib/test/auto/Expression17.xml (RunModel)" time="0.009" />
  <testcase classname="ptolemy.util.test.junit.AutoTests" name="[159] /home/travis/build/icyphy/ptII/ptolemy/actor/lib/test/auto/Expression18.xml (RunModel)" time="0.019" />
  <testcase classname="ptolemy.util.test.junit.AutoTests" name="[160] /home/travis/build/icyphy/ptII/ptolemy/actor/lib/test/auto/Expression2.xml (RunModel)" time="0.01" />
  <testcase classname="ptolemy.util.test.junit.AutoTests" name="[161] /home/travis/build/icyphy/ptII/ptolemy/actor/lib/test/auto/Expression3.xml (RunModel)" time="0.01" />
  <testcase classname="ptolemy.util.test.junit.AutoTests" name="[162] /home/travis/build/icyphy/ptII/ptolemy/actor/lib/test/auto/Expression4.xml (RunModel)" time="0.016" />
  <testcase classname="ptolemy.util.test.junit.AutoTests" name="[163] /home/travis/build/icyphy/ptII/ptolemy/actor/lib/test/auto/Expression5.xml (RunModel)" time="0.011" />
  <testcase classname="ptolemy.util.test.junit.AutoTests" name="[164] /home/travis/build/icyphy/ptII/ptolemy/actor/lib/test/auto/Expression6.xml (RunModel)" time="0.009" />
  <testcase classname="ptolemy.util.test.junit.AutoTests" name="[165] /home/travis/build/icyphy/ptII/ptolemy/actor/lib/test/auto/Expression7.xml (RunModel)" time="0.01" />
  <testcase classname="ptolemy.util.test.junit.AutoTests" name="[166] /home/travis/build/icyphy/ptII/ptolemy/actor/lib/test/auto/Expression8.xml (RunModel)" time="0.011" />
  <testcase classname="ptolemy.util.test.junit.AutoTests" name="[167] /home/travis/build/icyphy/ptII/ptolemy/actor/lib/test/auto/Expression9.xml (RunModel)" time="0.008" />
  <testcase classname="ptolemy.util.test.junit.AutoTests" name="[168] /home/travis/build/icyphy/ptII/ptolemy/actor/lib/test/auto/ExpressionConcatenateArrayType.xml (RunModel)" time="0.021" />
  <testcase classname="ptolemy.util.test.junit.AutoTests" name="[169] /home/travis/build/icyphy/ptII/ptolemy/actor/lib/test/auto/ExpressionConcatenateArrayType2.xml (RunModel)" time="0.014" />
  <testcase classname="ptolemy.util.test.junit.AutoTests" name="[170] /home/travis/build/icyphy/ptII/ptolemy/actor/lib/test/auto/ExpressionFix.xml (RunModel)" time="0.025" />
  <testcase classname="ptolemy.util.test.junit.AutoTests" name="[171] /home/travis/build/icyphy/ptII/ptolemy/actor/lib/test/auto/ExpressionFix2.xml (RunModel)" time="0.009" />
  <testcase classname="ptolemy.util.test.junit.AutoTests" name="[172] /home/travis/build/icyphy/ptII/ptolemy/actor/lib/test/auto/ExpressionFix3.xml (RunModel)" time="0.01" />
  <testcase classname="ptolemy.util.test.junit.AutoTests" name="[173] /home/travis/build/icyphy/ptII/ptolemy/actor/lib/test/auto/FileWriter1.xml (RunModel)" time="0.007" />
  <testcase classname="ptolemy.util.test.junit.AutoTests" name="[174] /home/travis/build/icyphy/ptII/ptolemy/actor/lib/test/auto/FileWriter2.xml (RunModel)" time="0.008" />
  <testcase classname="ptolemy.util.test.junit.AutoTests" name="[175] /home/travis/build/icyphy/ptII/ptolemy/actor/lib/test/auto/FileWriter3.xml (RunModel)" time="0.014" />
  <testcase classname="ptolemy.util.test.junit.AutoTests" name="[176] /home/travis/build/icyphy/ptII/ptolemy/actor/lib/test/auto/Gaussian.xml (RunModel)" time="0.01" />
  <testcase classname="ptolemy.util.test.junit.AutoTests" name="[177] /home/travis/build/icyphy/ptII/ptolemy/actor/lib/test/auto/Gaussian1.xml (RunModel)" time="0.012" />
  <testcase classname="ptolemy.util.test.junit.AutoTests" name="[178] /home/travis/build/icyphy/ptII/ptolemy/actor/lib/test/auto/Gaussian2.xml (RunModel)" time="0.015" />
  <testcase classname="ptolemy.util.test.junit.AutoTests" name="[179] /home/travis/build/icyphy/ptII/ptolemy/actor/lib/test/auto/GradientAdaptiveLattice.xml (RunModel)" time="0.014" />
  <testcase classname="ptolemy.util.test.junit.AutoTests" name="[180] /home/travis/build/icyphy/ptII/ptolemy/actor/lib/test/auto/IIR.xml (RunModel)" time="0.009" />
  <testcase classname="ptolemy.util.test.junit.AutoTests" name="[181] /home/travis/build/icyphy/ptII/ptolemy/actor/lib/test/auto/InputOutputTransparentPorts.xml (RunModel)" time="0.017" />
  <testcase classname="ptolemy.util.test.junit.AutoTests" name="[182] /home/travis/build/icyphy/ptII/ptolemy/actor/lib/test/auto/Interpolator.xml (RunModel)" time="0.009" />
  <testcase classname="ptolemy.util.test.junit.AutoTests" name="[183] /home/travis/build/icyphy/ptII/ptolemy/actor/lib/test/auto/InterpolatorFiringLimitDE.xml (RunModel)" time="0.012" />
  <testcase classname="ptolemy.util.test.junit.AutoTests" name="[184] /home/travis/build/icyphy/ptII/ptolemy/actor/lib/test/auto/Lattice.xml (RunModel)" time="0.008" />
  <testcase classname="ptolemy.util.test.junit.AutoTests" name="[185] /home/travis/build/icyphy/ptII/ptolemy/actor/lib/test/auto/LazyAOCTestLazy.xml (RunModel)" time="0.019" />
  <testcase classname="ptolemy.util.test.junit.AutoTests" name="[186] /home/travis/build/icyphy/ptII/ptolemy/actor/lib/test/auto/LazyAOCTestNonLazy.xml (RunModel)" time="0.014" />
  <testcase classname="ptolemy.util.test.junit.AutoTests" name="[187] /home/travis/build/icyphy/ptII/ptolemy/actor/lib/test/auto/LazyInnerClass.xml (RunModel)" time="0.019" />
  <testcase classname="ptolemy.util.test.junit.AutoTests" name="[188] /home/travis/build/icyphy/ptII/ptolemy/actor/lib/test/auto/LazyPubSub.xml (RunModel)" time="0.054" />
  <testcase classname="ptolemy.util.test.junit.AutoTests" name="[189] /home/travis/build/icyphy/ptII/ptolemy/actor/lib/test/auto/LazyPubSub2.xml (RunModel)" time="0.076" />
  <testcase classname="ptolemy.util.test.junit.AutoTests" name="[190] /home/travis/build/icyphy/ptII/ptolemy/actor/lib/test/auto/LazyPubSub3.xml (RunModel)" time="0.041" />
  <testcase classname="ptolemy.util.test.junit.AutoTests" name="[191] /home/travis/build/icyphy/ptII/ptolemy/actor/lib/test/auto/LazySubClassModel.xml (RunModel)" time="0.026" />
  <testcase classname="ptolemy.util.test.junit.AutoTests" name="[192] /home/travis/build/icyphy/ptII/ptolemy/actor/lib/test/auto/LevelCrossTest1.xml (RunModel)" time="0.012" />
  <testcase classname="ptolemy.util.test.junit.AutoTests" name="[193] /home/travis/build/icyphy/ptII/ptolemy/actor/lib/test/auto/LevelCrossTest10.xml (RunModel)" time="0.019" />
  <testcase classname="ptolemy.util.test.junit.AutoTests" name="[194] /home/travis/build/icyphy/ptII/ptolemy/actor/lib/test/auto/LevelCrossTest11.xml (RunModel)" time="0.014" />
  <testcase classname="ptolemy.util.test.junit.AutoTests" name="[195] /home/travis/build/icyphy/ptII/ptolemy/actor/lib/test/auto/LevelCrossTest12.xml (RunModel)" time="0.022" />
  <testcase classname="ptolemy.util.test.junit.AutoTests" name="[196] /home/travis/build/icyphy/ptII/ptolemy/actor/lib/test/auto/LevelCrossTest13.xml (RunModel)" time="0.013" />
  <testcase classname="ptolemy.util.test.junit.AutoTests" name="[197] /home/travis/build/icyphy/ptII/ptolemy/actor/lib/test/auto/LevelCrossTest2.xml (RunModel)" time="0.009" />
  <testcase classname="ptolemy.util.test.junit.AutoTests" name="[198] /home/travis/build/icyphy/ptII/ptolemy/actor/lib/test/auto/LevelCrossTest3.xml (RunModel)" time="0.012" />
  <testcase classname="ptolemy.util.test.junit.AutoTests" name="[199] /home/travis/build/icyphy/ptII/ptolemy/actor/lib/test/auto/LevelCrossTest4.xml (RunModel)" time="0.011" />
  <testcase classname="ptolemy.util.test.junit.AutoTests" name="[200] /home/travis/build/icyphy/ptII/ptolemy/actor/lib/test/auto/LevelCrossTest5.xml (RunModel)" time="0.015" />
  <testcase classname="ptolemy.util.test.junit.AutoTests" name="[201] /home/travis/build/icyphy/ptII/ptolemy/actor/lib/test/auto/LevelCrossTest6.xml (RunModel)" time="0.015" />
  <testcase classname="ptolemy.util.test.junit.AutoTests" name="[202] /home/travis/build/icyphy/ptII/ptolemy/actor/lib/test/auto/LevelCrossTest7.xml (RunModel)" time="0.022" />
  <testcase classname="ptolemy.util.test.junit.AutoTests" name="[203] /home/travis/build/icyphy/ptII/ptolemy/actor/lib/test/auto/LevelCrossTest8.xml (RunModel)" time="0.015" />
  <testcase classname="ptolemy.util.test.junit.AutoTests" name="[204] /home/travis/build/icyphy/ptII/ptolemy/actor/lib/test/auto/LevelCrossTest9.xml (RunModel)" time="0.016" />
  <testcase classname="ptolemy.util.test.junit.AutoTests" name="[205] /home/travis/build/icyphy/ptII/ptolemy/actor/lib/test/auto/LevinsonDurbin.xml (RunModel)" time="0.011" />
  <testcase classname="ptolemy.util.test.junit.AutoTests" name="[206] /home/travis/build/icyphy/ptII/ptolemy/actor/lib/test/auto/LevinsonDurbin2.xml (RunModel)" time="0.012" />
  <testcase classname="ptolemy.util.test.junit.AutoTests" name="[207] /home/travis/build/icyphy/ptII/ptolemy/actor/lib/test/auto/LevinsonDurbin3.xml (RunModel)" time="0.01" />
  <testcase classname="ptolemy.util.test.junit.AutoTests" name="[208] /home/travis/build/icyphy/ptII/ptolemy/actor/lib/test/auto/Limiter.xml (RunModel)" time="0.031" />
  <testcase classname="ptolemy.util.test.junit.AutoTests" name="[209] /home/travis/build/icyphy/ptII/ptolemy/actor/lib/test/auto/LinearDifferenceEquationSystem.xml (RunModel)" time="0.027" />
  <testcase classname="ptolemy.util.test.junit.AutoTests" name="[210] /home/travis/build/icyphy/ptII/ptolemy/actor/lib/test/auto/LookupTable.xml (RunModel)" time="0.017" />
  <testcase classname="ptolemy.util.test.junit.AutoTests" name="[211] /home/travis/build/icyphy/ptII/ptolemy/actor/lib/test/auto/MathFunction.xml (RunModel)" time="0.019" />
  <testcase classname="ptolemy.util.test.junit.AutoTests" name="[212] /home/travis/build/icyphy/ptII/ptolemy/actor/lib/test/auto/MathFunction2.xml (RunModel)" time="0.01" />
  <testcase classname="ptolemy.util.test.junit.AutoTests" name="[213] /home/travis/build/icyphy/ptII/ptolemy/actor/lib/test/auto/MathFunction3.xml (RunModel)" time="0.02" />
  <testcase classname="ptolemy.util.test.junit.AutoTests" name="[214] /home/travis/build/icyphy/ptII/ptolemy/actor/lib/test/auto/MatrixCropBoolean.xml (RunModel)" time="0.011" />
  <testcase classname="ptolemy.util.test.junit.AutoTests" name="[215] /home/travis/build/icyphy/ptII/ptolemy/actor/lib/test/auto/MatrixCropComplex.xml (RunModel)" time="0.01" />
  <testcase classname="ptolemy.util.test.junit.AutoTests" name="[216] /home/travis/build/icyphy/ptII/ptolemy/actor/lib/test/auto/MatrixCropDouble.xml (RunModel)" time="0.012" />
  <testcase classname="ptolemy.util.test.junit.AutoTests" name="[217] /home/travis/build/icyphy/ptII/ptolemy/actor/lib/test/auto/MatrixCropFix.xml (RunModel)" time="0.013" />
  <testcase classname="ptolemy.util.test.junit.AutoTests" name="[218] /home/travis/build/icyphy/ptII/ptolemy/actor/lib/test/auto/MatrixCropInt.xml (RunModel)" time="0.009" />
  <testcase classname="ptolemy.util.test.junit.AutoTests" name="[219] /home/travis/build/icyphy/ptII/ptolemy/actor/lib/test/auto/MatrixCropLong.xml (RunModel)" time="0.011" />
  <testcase classname="ptolemy.util.test.junit.AutoTests" name="[220] /home/travis/build/icyphy/ptII/ptolemy/actor/lib/test/auto/MatrixToArray.xml (RunModel)" time="0.059" />
  <testcase classname="ptolemy.util.test.junit.AutoTests" name="[221] /home/travis/build/icyphy/ptII/ptolemy/actor/lib/test/auto/MaxIndex.xml (RunModel)" time="0.011" />
  <testcase classname="ptolemy.util.test.junit.AutoTests" name="[222] /home/travis/build/icyphy/ptII/ptolemy/actor/lib/test/auto/Maximum.xml (RunModel)" time="0.015" />
  <testcase classname="ptolemy.util.test.junit.AutoTests" name="[223] /home/travis/build/icyphy/ptII/ptolemy/actor/lib/test/auto/MaximumComplex.xml (RunModel)" time="0.016" />
  <testcase classname="ptolemy.util.test.junit.AutoTests" name="[224] /home/travis/build/icyphy/ptII/ptolemy/actor/lib/test/auto/MethodCallTest.xml (RunModel)" time="0.02" />
  <testcase classname="ptolemy.util.test.junit.AutoTests" name="[225] /home/travis/build/icyphy/ptII/ptolemy/actor/lib/test/auto/Minimum.xml (RunModel)" time="0.014" />
  <testcase classname="ptolemy.util.test.junit.AutoTests" name="[226] /home/travis/build/icyphy/ptII/ptolemy/actor/lib/test/auto/MinimumComplex.xml (RunModel)" time="0.018" />
  <testcase classname="ptolemy.util.test.junit.AutoTests" name="[227] /home/travis/build/icyphy/ptII/ptolemy/actor/lib/test/auto/MinimumMultiports.xml (RunModel)" time="0.019" />
  <testcase classname="ptolemy.util.test.junit.AutoTests" name="[228] /home/travis/build/icyphy/ptII/ptolemy/actor/lib/test/auto/ModifyDate.xml (RunModel)" time="0.041" />
  <testcase classname="ptolemy.util.test.junit.AutoTests" name="[229] /home/travis/build/icyphy/ptII/ptolemy/actor/lib/test/auto/ModifyDate2.xml (RunModel)" time="0.023" />
  <testcase classname="ptolemy.util.test.junit.AutoTests" name="[230] /home/travis/build/icyphy/ptII/ptolemy/actor/lib/test/auto/MovingAverage.xml (RunModel)" time="0.009" />
  <testcase classname="ptolemy.util.test.junit.AutoTests" name="[231] /home/travis/build/icyphy/ptII/ptolemy/actor/lib/test/auto/MovingMaximum.xml (RunModel)" time="0.013" />
  <testcase classname="ptolemy.util.test.junit.AutoTests" name="[232] /home/travis/build/icyphy/ptII/ptolemy/actor/lib/test/auto/MultipleLinksToSameRelation.xml (RunModel)" time="0.007" />
  <testcase classname="ptolemy.util.test.junit.AutoTests" name="[233] /home/travis/build/icyphy/ptII/ptolemy/actor/lib/test/auto/MultipleLinksToSameRelationDE.xml (RunModel)" time="0.007" />
  <testcase classname="ptolemy.util.test.junit.AutoTests" name="[234] /home/travis/build/icyphy/ptII/ptolemy/actor/lib/test/auto/Multiplexor.xml (RunModel)" time="0.009" />
  <testcase classname="ptolemy.util.test.junit.AutoTests" name="[235] /home/travis/build/icyphy/ptII/ptolemy/actor/lib/test/auto/Multiplexor1.xml (RunModel)" time="0.012" />
  <testcase classname="ptolemy.util.test.junit.AutoTests" name="[236] /home/travis/build/icyphy/ptII/ptolemy/actor/lib/test/auto/Multiplexor2.xml (RunModel)" time="0.01" />
  <testcase classname="ptolemy.util.test.junit.AutoTests" name="[237] /home/travis/build/icyphy/ptII/ptolemy/actor/lib/test/auto/Multiplexor3.xml (RunModel)" time="0.006" />
  <testcase classname="ptolemy.util.test.junit.AutoTests" name="[238] /home/travis/build/icyphy/ptII/ptolemy/actor/lib/test/auto/MultiplexorDE.xml (RunModel)" time="0.013" />
  <testcase classname="ptolemy.util.test.junit.AutoTests" name="[239] /home/travis/build/icyphy/ptII/ptolemy/actor/lib/test/auto/MultiportBroadcastTest.xml (RunModel)" time="0.053" />
  <testcase classname="ptolemy.util.test.junit.AutoTests" name="[240] /home/travis/build/icyphy/ptII/ptolemy/actor/lib/test/auto/MultiportOutHangDuringGetWidth.xml (RunModel)" time="0.026" />
  <testcase classname="ptolemy.util.test.junit.AutoTests" name="[241] /home/travis/build/icyphy/ptII/ptolemy/actor/lib/test/auto/NilToken.xml (RunModel)" time="0.007" />
  <testcase classname="ptolemy.util.test.junit.AutoTests" name="[242] /home/travis/build/icyphy/ptII/ptolemy/actor/lib/test/auto/NilTokenNonStrictTest.xml (RunModel)" time="0.008" />
  <testcase classname="ptolemy.util.test.junit.AutoTests" name="[243] /home/travis/build/icyphy/ptII/ptolemy/actor/lib/test/auto/NilTokenRecord.xml (RunModel)" time="0.016" />
  <testcase classname="ptolemy.util.test.junit.AutoTests" name="[244] /home/travis/build/icyphy/ptII/ptolemy/actor/lib/test/auto/NilTokenTypeTest.xml (RunModel)" time="0.02" />
  <testcase classname="ptolemy.util.test.junit.AutoTests" name="[245] /home/travis/build/icyphy/ptII/ptolemy/actor/lib/test/auto/ObjectToken1.xml (RunModel)" time="0.01" />
  <testcase classname="ptolemy.util.test.junit.AutoTests" name="[246] /home/travis/build/icyphy/ptII/ptolemy/actor/lib/test/auto/OrderedMerge.xml (RunModel)" time="0.009" />
  <testcase classname="ptolemy.util.test.junit.AutoTests" name="[247] /home/travis/build/icyphy/ptII/ptolemy/actor/lib/test/auto/OrderedRecordDisassembler.xml (RunModel)" time="0.012" />
  <testcase classname="ptolemy.util.test.junit.AutoTests" name="[248] /home/travis/build/icyphy/ptII/ptolemy/actor/lib/test/auto/OrderedRecordDisassembler2.xml (RunModel)" time="0.029" />
  <testcase classname="ptolemy.util.test.junit.AutoTests" name="[249] /home/travis/build/icyphy/ptII/ptolemy/actor/lib/test/auto/OrderedRecordUpdater.xml (RunModel)" time="0.009" />
  <testcase classname="ptolemy.util.test.junit.AutoTests" name="[250] /home/travis/build/icyphy/ptII/ptolemy/actor/lib/test/auto/OrderedRecordUpdater2.xml (RunModel)" time="0.015" />
  <testcase classname="ptolemy.util.test.junit.AutoTests" name="[251] /home/travis/build/icyphy/ptII/ptolemy/actor/lib/test/auto/PhaseUnwrap.xml (RunModel)" time="0.01" />
  <testcase classname="ptolemy.util.test.junit.AutoTests" name="[252] /home/travis/build/icyphy/ptII/ptolemy/actor/lib/test/auto/PoissonClock.xml (RunModel)" time="0.009" />
  <testcase classname="ptolemy.util.test.junit.AutoTests" name="[253] /home/travis/build/icyphy/ptII/ptolemy/actor/lib/test/auto/PoissonClock2.xml (RunModel)" time="0.006" />
  <testcase classname="ptolemy.util.test.junit.AutoTests" name="[254] /home/travis/build/icyphy/ptII/ptolemy/actor/lib/test/auto/PoissonClock3.xml (RunModel)" time="0.012" />
  <testcase classname="ptolemy.util.test.junit.AutoTests" name="[255] /home/travis/build/icyphy/ptII/ptolemy/actor/lib/test/auto/PubSubWithInitialTokens.xml (RunModel)" time="0.015" />
  <testcase classname="ptolemy.util.test.junit.AutoTests" name="[256] /home/travis/build/icyphy/ptII/ptolemy/actor/lib/test/auto/PubSubWithInitialTokens2.xml (RunModel)" time="0.01" />
  <testcase classname="ptolemy.util.test.junit.AutoTests" name="[257] /home/travis/build/icyphy/ptII/ptolemy/actor/lib/test/auto/PublisherClassNoParameter.xml (RunModel)" time="0.02" />
  <testcase classname="ptolemy.util.test.junit.AutoTests" name="[258] /home/travis/build/icyphy/ptII/ptolemy/actor/lib/test/auto/PublisherClassParameter.xml (RunModel)" time="0.02" />
  <testcase classname="ptolemy.util.test.junit.AutoTests" name="[259] /home/travis/build/icyphy/ptII/ptolemy/actor/lib/test/auto/PublisherNonStrictTest.xml (RunModel)" time="0.014" />
  <testcase classname="ptolemy.util.test.junit.AutoTests" name="[260] /home/travis/build/icyphy/ptII/ptolemy/actor/lib/test/auto/PublisherPort1.xml (RunModel)" time="0.01" />
  <testcase classname="ptolemy.util.test.junit.AutoTests" name="[261] /home/travis/build/icyphy/ptII/ptolemy/actor/lib/test/auto/PublisherPort2.xml (RunModel)" time="0.01" />
  <testcase classname="ptolemy.util.test.junit.AutoTests" name="[262] /home/travis/build/icyphy/ptII/ptolemy/actor/lib/test/auto/PublisherPort3.xml (RunModel)" time="0.019" />
  <testcase classname="ptolemy.util.test.junit.AutoTests" name="[263] /home/travis/build/icyphy/ptII/ptolemy/actor/lib/test/auto/PublisherPort4.xml (RunModel)" time="0.019" />
  <testcase classname="ptolemy.util.test.junit.AutoTests" name="[264] /home/travis/build/icyphy/ptII/ptolemy/actor/lib/test/auto/PublisherPort5.xml (RunModel)" time="0.012" />
  <testcase classname="ptolemy.util.test.junit.AutoTests" name="[265] /home/travis/build/icyphy/ptII/ptolemy/actor/lib/test/auto/PublisherPort5LookAlike.xml (RunModel)" time="0.015" />
  <testcase classname="ptolemy.util.test.junit.AutoTests" name="[266] /home/travis/build/icyphy/ptII/ptolemy/actor/lib/test/auto/PublisherPort6.xml (RunModel)" time="0.01" />
  <testcase classname="ptolemy.util.test.junit.AutoTests" name="[267] /home/travis/build/icyphy/ptII/ptolemy/actor/lib/test/auto/PublisherPort7.xml (RunModel)" time="0.013" />
  <testcase classname="ptolemy.util.test.junit.AutoTests" name="[268] /home/travis/build/icyphy/ptII/ptolemy/actor/lib/test/auto/PublisherPort8.xml (RunModel)" time="0.014" />
  <testcase classname="ptolemy.util.test.junit.AutoTests" name="[269] /home/travis/build/icyphy/ptII/ptolemy/actor/lib/test/auto/PublisherPortSubscriberChannelVariablesAOC2.xml (RunModel)" time="0.028" />
  <testcase classname="ptolemy.util.test.junit.AutoTests" name="[270] /home/travis/build/icyphy/ptII/ptolemy/actor/lib/test/auto/PublisherPortSubscriberOpaqueWidthInference.xml (RunModel)" time="0.016" />
  <testcase classname="ptolemy.util.test.junit.AutoTests" name="[271] /home/travis/build/icyphy/ptII/ptolemy/actor/lib/test/auto/PublisherPortSubscriberPortAdjacent.xml (RunModel)" time="0.019" />
  <testcase classname="ptolemy.util.test.junit.AutoTests" name="[272] /home/travis/build/icyphy/ptII/ptolemy/actor/lib/test/auto/PublisherPortSubscriberPortExpression.xml (RunModel)" time="0.017" />
  <testcase classname="ptolemy.util.test.junit.AutoTests" name="[273] /home/travis/build/icyphy/ptII/ptolemy/actor/lib/test/auto/PublisherPortSubscriberPortOpaqueD3Reverse.xml (RunModel)" time="0.018" />
  <testcase classname="ptolemy.util.test.junit.AutoTests" name="[274] /home/travis/build/icyphy/ptII/ptolemy/actor/lib/test/auto/PublisherPortSubscriberPortOpaqueWidthInference.xml (RunModel)" time="0.018" />
  <testcase classname="ptolemy.util.test.junit.AutoTests" name="[275] /home/travis/build/icyphy/ptII/ptolemy/actor/lib/test/auto/PublisherPortToplevelSubscriberPortAOC.xml (RunModel)" time="0.01" />
  <testcase classname="ptolemy.util.test.junit.AutoTests" name="[276] /home/travis/build/icyphy/ptII/ptolemy/actor/lib/test/auto/PublisherSubscriber.xml (RunModel)" time="0.019" />
  <testcase classname="ptolemy.util.test.junit.AutoTests" name="[277] /home/travis/build/icyphy/ptII/ptolemy/actor/lib/test/auto/PublisherSubscriber10.xml (RunModel)" time="0.026" />
  <testcase classname="ptolemy.util.test.junit.AutoTests" name="[278] /home/travis/build/icyphy/ptII/ptolemy/actor/lib/test/auto/PublisherSubscriber10InitialOutputs.xml (RunModel)" time="0.027" />
  <testcase classname="ptolemy.util.test.junit.AutoTests" name="[279] /home/travis/build/icyphy/ptII/ptolemy/actor/lib/test/auto/PublisherSubscriber11.xml (RunModel)" time="0.022" />
  <testcase classname="ptolemy.util.test.junit.AutoTests" name="[280] /home/travis/build/icyphy/ptII/ptolemy/actor/lib/test/auto/PublisherSubscriber12.xml (RunModel)" time="0.014" />
  <testcase classname="ptolemy.util.test.junit.AutoTests" name="[281] /home/travis/build/icyphy/ptII/ptolemy/actor/lib/test/auto/PublisherSubscriber13.xml (RunModel)" time="0.01" />
  <testcase classname="ptolemy.util.test.junit.AutoTests" name="[282] /home/travis/build/icyphy/ptII/ptolemy/actor/lib/test/auto/PublisherSubscriber14.xml (RunModel)" time="0.015" />
  <testcase classname="ptolemy.util.test.junit.AutoTests" name="[283] /home/travis/build/icyphy/ptII/ptolemy/actor/lib/test/auto/PublisherSubscriber2.xml (RunModel)" time="0.01" />
  <testcase classname="ptolemy.util.test.junit.AutoTests" name="[284] /home/travis/build/icyphy/ptII/ptolemy/actor/lib/test/auto/PublisherSubscriber3.xml (RunModel)" time="0.008" />
  <testcase classname="ptolemy.util.test.junit.AutoTests" name="[285] /home/travis/build/icyphy/ptII/ptolemy/actor/lib/test/auto/PublisherSubscriber4.xml (RunModel)" time="0.011" />
  <testcase classname="ptolemy.util.test.junit.AutoTests" name="[286] /home/travis/build/icyphy/ptII/ptolemy/actor/lib/test/auto/PublisherSubscriber5.xml (RunModel)" time="0.011" />
  <testcase classname="ptolemy.util.test.junit.AutoTests" name="[287] /home/travis/build/icyphy/ptII/ptolemy/actor/lib/test/auto/PublisherSubscriber6.xml (RunModel)" time="0.013" />
  <testcase classname="ptolemy.util.test.junit.AutoTests" name="[288] /home/travis/build/icyphy/ptII/ptolemy/actor/lib/test/auto/PublisherSubscriber7.xml (RunModel)" time="0.021" />
  <testcase classname="ptolemy.util.test.junit.AutoTests" name="[289] /home/travis/build/icyphy/ptII/ptolemy/actor/lib/test/auto/PublisherSubscriber8.xml (RunModel)" time="0.033" />
  <testcase classname="ptolemy.util.test.junit.AutoTests" name="[290] /home/travis/build/icyphy/ptII/ptolemy/actor/lib/test/auto/PublisherSubscriber9.xml (RunModel)" time="0.019" />
  <testcase classname="ptolemy.util.test.junit.AutoTests" name="[291] /home/travis/build/icyphy/ptII/ptolemy/actor/lib/test/auto/PublisherSubscriberAdjacent.xml (RunModel)" time="0.017" />
  <testcase classname="ptolemy.util.test.junit.AutoTests" name="[292] /home/travis/build/icyphy/ptII/ptolemy/actor/lib/test/auto/PublisherSubscriberChannelVariablesAOC2.xml (RunModel)" time="0.027" />
  <testcase classname="ptolemy.util.test.junit.AutoTests" name="[293] /home/travis/build/icyphy/ptII/ptolemy/actor/lib/test/auto/PublisherSubscriberD3.xml (RunModel)" time="0.013" />
  <testcase classname="ptolemy.util.test.junit.AutoTests" name="[294] /home/travis/build/icyphy/ptII/ptolemy/actor/lib/test/auto/PublisherSubscriberD3Reverse.xml (RunModel)" time="0.013" />
  <testcase classname="ptolemy.util.test.junit.AutoTests" name="[295] /home/travis/build/icyphy/ptII/ptolemy/actor/lib/test/auto/PublisherSubscriberExpression.xml (RunModel)" time="0.017" />
  <testcase classname="ptolemy.util.test.junit.AutoTests" name="[296] /home/travis/build/icyphy/ptII/ptolemy/actor/lib/test/auto/PublisherSubscriberOpaque.xml (RunModel)" time="0.016" />
  <testcase classname="ptolemy.util.test.junit.AutoTests" name="[297] /home/travis/build/icyphy/ptII/ptolemy/actor/lib/test/auto/PublisherSubscriberOpaqueD3.xml (RunModel)" time="0.021" />
  <testcase classname="ptolemy.util.test.junit.AutoTests" name="[298] /home/travis/build/icyphy/ptII/ptolemy/actor/lib/test/auto/PublisherSubscriberOpaqueD3Reverse.xml (RunModel)" time="0.019" />
  <testcase classname="ptolemy.util.test.junit.AutoTests" name="[299] /home/travis/build/icyphy/ptII/ptolemy/actor/lib/test/auto/PublisherSubscriberOpaqueWidthInference.xml (RunModel)" time="0.018" />
  <testcase classname="ptolemy.util.test.junit.AutoTests" name="[300] /home/travis/build/icyphy/ptII/ptolemy/actor/lib/test/auto/PublisherTestSubscriber.xml (RunModel)" time="0.016" />
  <testcase classname="ptolemy.util.test.junit.AutoTests" name="[301] /home/travis/build/icyphy/ptII/ptolemy/actor/lib/test/auto/PublisherToplevelSubscriberPortAOC.xml (RunModel)" time="0.01" />
  <testcase classname="ptolemy.util.test.junit.AutoTests" name="[302] /home/travis/build/icyphy/ptII/ptolemy/actor/lib/test/auto/PulseFiringLimitDE.xml (RunModel)" time="0.018" />
  <testcase classname="ptolemy.util.test.junit.AutoTests" name="[303] /home/travis/build/icyphy/ptII/ptolemy/actor/lib/test/auto/Ramp1.xml (RunModel)" time="0.007" />
  <testcase classname="ptolemy.util.test.junit.AutoTests" name="[304] /home/travis/build/icyphy/ptII/ptolemy/actor/lib/test/auto/RampFiringLimitDE.xml (RunModel)" time="0.011" />
  <testcase classname="ptolemy.util.test.junit.AutoTests" name="[305] /home/travis/build/icyphy/ptII/ptolemy/actor/lib/test/auto/RampFiringLimitSDF.xml (RunModel)" time="0.014" />
  <testcase classname="ptolemy.util.test.junit.AutoTests" name="[306] /home/travis/build/icyphy/ptII/ptolemy/actor/lib/test/auto/RandomInteger.xml (RunModel)" time="0.008" />
  <testcase classname="ptolemy.util.test.junit.AutoTests" name="[307] /home/travis/build/icyphy/ptII/ptolemy/actor/lib/test/auto/ReadFile1.xml (RunModel)" time="0.008" />
  <testcase classname="ptolemy.util.test.junit.AutoTests" name="[308] /home/travis/build/icyphy/ptII/ptolemy/actor/lib/test/auto/ReadFile2.xml (RunModel)" time="0.009" />
  <testcase classname="ptolemy.util.test.junit.AutoTests" name="[309] /home/travis/build/icyphy/ptII/ptolemy/actor/lib/test/auto/Reader.xml (RunModel)" time="0.013" />
  <testcase classname="ptolemy.util.test.junit.AutoTests" name="[310] /home/travis/build/icyphy/ptII/ptolemy/actor/lib/test/auto/RecordAssemblerDisplayNameTest.xml (RunModel)" time="2.865" />
  <testcase classname="ptolemy.util.test.junit.AutoTests" name="[311] /home/travis/build/icyphy/ptII/ptolemy/actor/lib/test/auto/RecordAssemblerTypeError.xml (RunModel)" time="0.027" />
  <testcase classname="ptolemy.util.test.junit.AutoTests" name="[312] /home/travis/build/icyphy/ptII/ptolemy/actor/lib/test/auto/RecordDisassember.xml (RunModel)" time="0.009" />
  <testcase classname="ptolemy.util.test.junit.AutoTests" name="[313] /home/travis/build/icyphy/ptII/ptolemy/actor/lib/test/auto/RecordDisassemberDisplayNameTest.xml (RunModel)" time="0.02" />
  <testcase classname="ptolemy.util.test.junit.AutoTests" name="[314] /home/travis/build/icyphy/ptII/ptolemy/actor/lib/test/auto/RecordDisassembler.xml (RunModel)" time="0.008" />
  <testcase classname="ptolemy.util.test.junit.AutoTests" name="[315] /home/travis/build/icyphy/ptII/ptolemy/actor/lib/test/auto/RecordDisassembler2.xml (RunModel)" time="0.009" />
  <testcase classname="ptolemy.util.test.junit.AutoTests" name="[316] /home/travis/build/icyphy/ptII/ptolemy/actor/lib/test/auto/RecordUpdater.xml (RunModel)" time="0.009" />
  <testcase classname="ptolemy.util.test.junit.AutoTests" name="[317] /home/travis/build/icyphy/ptII/ptolemy/actor/lib/test/auto/RecordUpdater2.xml (RunModel)" time="0.015" />
  <testcase classname="ptolemy.util.test.junit.AutoTests" name="[318] /home/travis/build/icyphy/ptII/ptolemy/actor/lib/test/auto/RecursiveLattice.xml (RunModel)" time="0.008" />
  <testcase classname="ptolemy.util.test.junit.AutoTests" name="[319] /home/travis/build/icyphy/ptII/ptolemy/actor/lib/test/auto/Router.xml (RunModel)" time="3.022" />
  <testcase classname="ptolemy.util.test.junit.AutoTests" name="[320] /home/travis/build/icyphy/ptII/ptolemy/actor/lib/test/auto/Router2.xml (RunModel)" time="3.027" />
  <testcase classname="ptolemy.util.test.junit.AutoTests" name="[321] /home/travis/build/icyphy/ptII/ptolemy/actor/lib/test/auto/RunningMaximum.xml (RunModel)" time="0.022" />
  <testcase classname="ptolemy.util.test.junit.AutoTests" name="[322] /home/travis/build/icyphy/ptII/ptolemy/actor/lib/test/auto/RunningMinimum.xml (RunModel)" time="0.011" />
  <testcase classname="ptolemy.util.test.junit.AutoTests" name="[323] /home/travis/build/icyphy/ptII/ptolemy/actor/lib/test/auto/Scale.xml (RunModel)" time="0.014" />
  <testcase classname="ptolemy.util.test.junit.AutoTests" name="[324] /home/travis/build/icyphy/ptII/ptolemy/actor/lib/test/auto/Scale2.xml (RunModel)" time="0.01" />
  <testcase classname="ptolemy.util.test.junit.AutoTests" name="[325] /home/travis/build/icyphy/ptII/ptolemy/actor/lib/test/auto/Scale3.xml (RunModel)" time="0.017" />
  <testcase classname="ptolemy.util.test.junit.AutoTests" name="[326] /home/travis/build/icyphy/ptII/ptolemy/actor/lib/test/auto/ScaleArray.xml (RunModel)" time="0.009" />
  <testcase classname="ptolemy.util.test.junit.AutoTests" name="[327] /home/travis/build/icyphy/ptII/ptolemy/actor/lib/test/auto/ScaleArray2.xml (RunModel)" time="0.008" />
  <testcase classname="ptolemy.util.test.junit.AutoTests" name="[328] /home/travis/build/icyphy/ptII/ptolemy/actor/lib/test/auto/ScaleMatrix.xml (RunModel)" time="0.141" />
  <testcase classname="ptolemy.util.test.junit.AutoTests" name="[329] /home/travis/build/icyphy/ptII/ptolemy/actor/lib/test/auto/Select.xml (RunModel)" time="0.014" />
  <testcase classname="ptolemy.util.test.junit.AutoTests" name="[330] /home/travis/build/icyphy/ptII/ptolemy/actor/lib/test/auto/Select2.xml (RunModel)" time="0.015" />
  <testcase classname="ptolemy.util.test.junit.AutoTests" name="[331] /home/travis/build/icyphy/ptII/ptolemy/actor/lib/test/auto/SequenceToArray2.xml (RunModel)" time="0.094" />
  <testcase classname="ptolemy.util.test.junit.AutoTests" name="[332] /home/travis/build/icyphy/ptII/ptolemy/actor/lib/test/auto/SequentialClock.xml (RunModel)" time="0.014" />
  <testcase classname="ptolemy.util.test.junit.AutoTests" name="[333] /home/travis/build/icyphy/ptII/ptolemy/actor/lib/test/auto/SetVariable.xml (RunModel)" time="0.009" />
  <testcase classname="ptolemy.util.test.junit.AutoTests" name="[334] /home/travis/build/icyphy/ptII/ptolemy/actor/lib/test/auto/SetVariable2.xml (RunModel)" time="0.009" />
  <testcase classname="ptolemy.util.test.junit.AutoTests" name="[335] /home/travis/build/icyphy/ptII/ptolemy/actor/lib/test/auto/SetVariable3.xml (RunModel)" time="0.013" />
  <testcase classname="ptolemy.util.test.junit.AutoTests" name="[336] /home/travis/build/icyphy/ptII/ptolemy/actor/lib/test/auto/SetVariable4.xml (RunModel)" time="0.027" />
  <testcase classname="ptolemy.util.test.junit.AutoTests" name="[337] /home/travis/build/icyphy/ptII/ptolemy/actor/lib/test/auto/SetVariable5.xml (RunModel)" time="0.035" />
  <testcase classname="ptolemy.util.test.junit.AutoTests" name="[338] /home/travis/build/icyphy/ptII/ptolemy/actor/lib/test/auto/Sinewave.xml (RunModel)" time="0.022" />
  <testcase classname="ptolemy.util.test.junit.AutoTests" name="[339] /home/travis/build/icyphy/ptII/ptolemy/actor/lib/test/auto/Sinewave2.xml (RunModel)" time="0.017" />
  <testcase classname="ptolemy.util.test.junit.AutoTests" name="[340] /home/travis/build/icyphy/ptII/ptolemy/actor/lib/test/auto/Sinewave3.xml (RunModel)" time="0.016" />
  <testcase classname="ptolemy.util.test.junit.AutoTests" name="[341] /home/travis/build/icyphy/ptII/ptolemy/actor/lib/test/auto/SingleEvent.xml (RunModel)" time="0.009" />
  <testcase classname="ptolemy.util.test.junit.AutoTests" name="[342] /home/travis/build/icyphy/ptII/ptolemy/actor/lib/test/auto/Sleep.xml (RunModel)" time="6.012" />
  <testcase classname="ptolemy.util.test.junit.AutoTests" name="[343] /home/travis/build/icyphy/ptII/ptolemy/actor/lib/test/auto/SleepMultipleFire.xml (RunModel)" time="1.018" />
  <testcase classname="ptolemy.util.test.junit.AutoTests" name="[344] /home/travis/build/icyphy/ptII/ptolemy/actor/lib/test/auto/StopDE.xml (RunModel)" time="0.011" />
  <testcase classname="ptolemy.util.test.junit.AutoTests" name="[345] /home/travis/build/icyphy/ptII/ptolemy/actor/lib/test/auto/StopSDF.xml (RunModel)" time="0.011" />
  <testcase classname="ptolemy.util.test.junit.AutoTests" name="[346] /home/travis/build/icyphy/ptII/ptolemy/actor/lib/test/auto/StringConstant.xml (RunModel)" time="0.008" />
  <testcase classname="ptolemy.util.test.junit.AutoTests" name="[347] /home/travis/build/icyphy/ptII/ptolemy/actor/lib/test/auto/SubscriberPortInitialValues1.xml (RunModel)" time="0.016" />
  <testcase classname="ptolemy.util.test.junit.AutoTests" name="[348] /home/travis/build/icyphy/ptII/ptolemy/actor/lib/test/auto/SubscriberPortInitialValues13.xml (RunModel)" time="0.022" />
  <testcase classname="ptolemy.util.test.junit.AutoTests" name="[349] /home/travis/build/icyphy/ptII/ptolemy/actor/lib/test/auto/SubscriberPortInitialValues14.xml (RunModel)" time="0.013" />
  <testcase classname="ptolemy.util.test.junit.AutoTests" name="[350] /home/travis/build/icyphy/ptII/ptolemy/actor/lib/test/auto/SubscriberPortInitialValues2.xml (RunModel)" time="0.015" />
  <testcase classname="ptolemy.util.test.junit.AutoTests" name="[351] /home/travis/build/icyphy/ptII/ptolemy/actor/lib/test/auto/SubscriberPortInitialValues3.xml (RunModel)" time="0.017" />
  <testcase classname="ptolemy.util.test.junit.AutoTests" name="[352] /home/travis/build/icyphy/ptII/ptolemy/actor/lib/test/auto/SubscriptionAggregator.xml (RunModel)" time="0.011" />
  <testcase classname="ptolemy.util.test.junit.AutoTests" name="[353] /home/travis/build/icyphy/ptII/ptolemy/actor/lib/test/auto/SubscriptionAggregator2.xml (RunModel)" time="0.013" />
  <testcase classname="ptolemy.util.test.junit.AutoTests" name="[354] /home/travis/build/icyphy/ptII/ptolemy/actor/lib/test/auto/SubscriptionAggregator3.xml (RunModel)" time="0.014" />
  <testcase classname="ptolemy.util.test.junit.AutoTests" name="[355] /home/travis/build/icyphy/ptII/ptolemy/actor/lib/test/auto/SubscriptionAggregatorMultiply.xml (RunModel)" time="0.013" />
  <testcase classname="ptolemy.util.test.junit.AutoTests" name="[356] /home/travis/build/icyphy/ptII/ptolemy/actor/lib/test/auto/SubscriptionAggregatorPortMultiply1.xml (RunModel)" time="0.013" />
  <testcase classname="ptolemy.util.test.junit.AutoTests" name="[357] /home/travis/build/icyphy/ptII/ptolemy/actor/lib/test/auto/Switch.xml (RunModel)" time="0.013" />
  <testcase classname="ptolemy.util.test.junit.AutoTests" name="[358] /home/travis/build/icyphy/ptII/ptolemy/actor/lib/test/auto/Switch2.xml (RunModel)" time="0.009" />
  <testcase classname="ptolemy.util.test.junit.AutoTests" name="[359] /home/travis/build/icyphy/ptII/ptolemy/actor/lib/test/auto/SwitchDE.xml (RunModel)" time="0.011" />
  <testcase classname="ptolemy.util.test.junit.AutoTests" name="[360] /home/travis/build/icyphy/ptII/ptolemy/actor/lib/test/auto/SynchronizerDE.xml (RunModel)" time="0.019" />
  <testcase classname="ptolemy.util.test.junit.AutoTests" name="[361] /home/travis/build/icyphy/ptII/ptolemy/actor/lib/test/auto/Test.xml (RunModel)" time="0.008" />
  <testcase classname="ptolemy.util.test.junit.AutoTests" name="[362] /home/travis/build/icyphy/ptII/ptolemy/actor/lib/test/auto/TestExceptionAttribute1.xml (RunModel)" time="0.011" />
  <testcase classname="ptolemy.util.test.junit.AutoTests" name="[363] /home/travis/build/icyphy/ptII/ptolemy/actor/lib/test/auto/TestExceptionAttribute2.xml (RunModel)" time="0.006" />
  <testcase classname="ptolemy.util.test.junit.AutoTests" name="[364] /home/travis/build/icyphy/ptII/ptolemy/actor/lib/test/auto/TestExceptionAttribute3.xml (RunModel)" time="0.005" />
  <testcase classname="ptolemy.util.test.junit.AutoTests" name="[365] /home/travis/build/icyphy/ptII/ptolemy/actor/lib/test/auto/TestExceptionAttribute4.xml (RunModel)" time="0.006" />
  <testcase classname="ptolemy.util.test.junit.AutoTests" name="[366] /home/travis/build/icyphy/ptII/ptolemy/actor/lib/test/auto/TestExceptionHandler1.xml (RunModel)" time="0.005" />
  <testcase classname="ptolemy.util.test.junit.AutoTests" name="[367] /home/travis/build/icyphy/ptII/ptolemy/actor/lib/test/auto/TestExceptionHandler2.xml (RunModel)" time="0.005" />
  <testcase classname="ptolemy.util.test.junit.AutoTests" name="[368] /home/travis/build/icyphy/ptII/ptolemy/actor/lib/test/auto/TestExceptionHandler3.xml (RunModel)" time="0.006" />
  <testcase classname="ptolemy.util.test.junit.AutoTests" name="[369] /home/travis/build/icyphy/ptII/ptolemy/actor/lib/test/auto/TestExceptionHandler4.xml (RunModel)" time="0.006" />
  <testcase classname="ptolemy.util.test.junit.AutoTests" name="[370] /home/travis/build/icyphy/ptII/ptolemy/actor/lib/test/auto/TestRequireCorrectOrder.xml (RunModel)" time="0.009" />
  <testcase classname="ptolemy.util.test.junit.AutoTests" name="[371] /home/travis/build/icyphy/ptII/ptolemy/actor/lib/test/auto/TestSimple.xml (RunModel)" time="0.007" />
  <testcase classname="ptolemy.util.test.junit.AutoTests" name="[372] /home/travis/build/icyphy/ptII/ptolemy/actor/lib/test/auto/ThrowModelError.xml (RunModel)" time="0.01" />
  <testcase classname="ptolemy.util.test.junit.AutoTests" name="[373] /home/travis/build/icyphy/ptII/ptolemy/actor/lib/test/auto/TimeDelayMicrosteps.xml (RunModel)" time="0.012" />
  <testcase classname="ptolemy.util.test.junit.AutoTests" name="[374] /home/travis/build/icyphy/ptII/ptolemy/actor/lib/test/auto/TimeDelayMicrosteps2.xml (RunModel)" time="0.013" />
  <testcase classname="ptolemy.util.test.junit.AutoTests" name="[375] /home/travis/build/icyphy/ptII/ptolemy/actor/lib/test/auto/TimeDelayMicrosteps3.xml (RunModel)" time="0.011" />
  <testcase classname="ptolemy.util.test.junit.AutoTests" name="[376] /home/travis/build/icyphy/ptII/ptolemy/actor/lib/test/auto/TimeDelayVariableMicrosteps.xml (RunModel)" time="0.011" />
  <testcase classname="ptolemy.util.test.junit.AutoTests" name="[377] /home/travis/build/icyphy/ptII/ptolemy/actor/lib/test/auto/TimeGap.xml (RunModel)" time="0.011" />
  <testcase classname="ptolemy.util.test.junit.AutoTests" name="[378] /home/travis/build/icyphy/ptII/ptolemy/actor/lib/test/auto/TimeGap2.xml (RunModel)" time="0.009" />
  <testcase classname="ptolemy.util.test.junit.AutoTests" name="[379] /home/travis/build/icyphy/ptII/ptolemy/actor/lib/test/auto/TimedSinewave.xml (RunModel)" time="0.036" />
  <testcase classname="ptolemy.util.test.junit.AutoTests" name="[380] /home/travis/build/icyphy/ptII/ptolemy/actor/lib/test/auto/TimedSinewavePhase.xml (RunModel)" time="0.044" />
  <testcase classname="ptolemy.util.test.junit.AutoTests" name="[381] /home/travis/build/icyphy/ptII/ptolemy/actor/lib/test/auto/Timer.xml (RunModel)" time="0.016" />
  <testcase classname="ptolemy.util.test.junit.AutoTests" name="[382] /home/travis/build/icyphy/ptII/ptolemy/actor/lib/test/auto/TriangularDistTestModel.xml (RunModel)" time="0.014" />
  <testcase classname="ptolemy.util.test.junit.AutoTests" name="[383] /home/travis/build/icyphy/ptII/ptolemy/actor/lib/test/auto/TrigFunction.xml (RunModel)" time="0.007" />
  <testcase classname="ptolemy.util.test.junit.AutoTests" name="[384] /home/travis/build/icyphy/ptII/ptolemy/actor/lib/test/auto/TrigFunctionDE.xml (RunModel)" time="0.009" />
  <testcase classname="ptolemy.util.test.junit.AutoTests" name="[385] /home/travis/build/icyphy/ptII/ptolemy/actor/lib/test/auto/TrigFunctionInverse.xml (RunModel)" time="0.009" />
  <testcase classname="ptolemy.util.test.junit.AutoTests" name="[386] /home/travis/build/icyphy/ptII/ptolemy/actor/lib/test/auto/TrigFunctionTan.xml (RunModel)" time="0.005" />
  <testcase classname="ptolemy.util.test.junit.AutoTests" name="[387] /home/travis/build/icyphy/ptII/ptolemy/actor/lib/test/auto/TriggeredClock.xml (RunModel)" time="0.009" />
  <testcase classname="ptolemy.util.test.junit.AutoTests" name="[388] /home/travis/build/icyphy/ptII/ptolemy/actor/lib/test/auto/URLDirectoryReader.xml (RunModel)" time="0.102" />
  <testcase classname="ptolemy.util.test.junit.AutoTests" name="[389] /home/travis/build/icyphy/ptII/ptolemy/actor/lib/test/auto/URLDirectoryReader3.xml (RunModel)" time="1.355" />
  <testcase classname="ptolemy.util.test.junit.AutoTests" name="[390] /home/travis/build/icyphy/ptII/ptolemy/actor/lib/test/auto/UnaryMathFunction.xml (RunModel)" time="0.018" />
  <testcase classname="ptolemy.util.test.junit.AutoTests" name="[391] /home/travis/build/icyphy/ptII/ptolemy/actor/lib/test/auto/Uniform.xml (RunModel)" time="0.011" />
  <testcase classname="ptolemy.util.test.junit.AutoTests" name="[392] /home/travis/build/icyphy/ptII/ptolemy/actor/lib/test/auto/UnionDisassemblerTest.xml (RunModel)" time="0.006" />
  <testcase classname="ptolemy.util.test.junit.AutoTests" name="[393] /home/travis/build/icyphy/ptII/ptolemy/actor/lib/test/auto/UtilityFunctions.xml (RunModel)" time="0.006" />
  <testcase classname="ptolemy.util.test.junit.AutoTests" name="[394] /home/travis/build/icyphy/ptII/ptolemy/actor/lib/test/auto/VariableSleep.xml (RunModel)" time="0.511" />
  <testcase classname="ptolemy.util.test.junit.AutoTests" name="[395] /home/travis/build/icyphy/ptII/ptolemy/actor/lib/test/auto/VectorAssemblerDisassemblerCT.xml (RunModel)" time="0.087" />
  <testcase classname="ptolemy.util.test.junit.AutoTests" name="[396] /home/travis/build/icyphy/ptII/ptolemy/actor/lib/test/auto/VectorAssemblerDisassemblerDE.xml (RunModel)" time="0.013" />
  <testcase classname="ptolemy.util.test.junit.AutoTests" name="[397] /home/travis/build/icyphy/ptII/ptolemy/actor/lib/test/auto/VectorAssemblerDisassemblerSDF.xml (RunModel)" time="0.016" />
  <testcase classname="ptolemy.util.test.junit.AutoTests" name="[398] /home/travis/build/icyphy/ptII/ptolemy/actor/lib/test/auto/WallClockTime.xml (RunModel)" time="1.012" />
  <testcase classname="ptolemy.util.test.junit.AutoTests" name="[399] /home/travis/build/icyphy/ptII/ptolemy/actor/lib/test/auto/WidthTestWithSubscriberPublisher.xml (RunModel)" time="0.041" />
  <testcase classname="ptolemy.util.test.junit.AutoTests" name="[400] /home/travis/build/icyphy/ptII/ptolemy/actor/lib/test/auto/WidthTestWithSubscriberPublisher2.xml (RunModel)" time="0.014" />
  <testcase classname="ptolemy.util.test.junit.AutoTests" name="[401] /home/travis/build/icyphy/ptII/ptolemy/actor/lib/test/auto/WidthTestWithSubscriberPublisher3.xml (RunModel)" time="0.025" />
  <testcase classname="ptolemy.util.test.junit.AutoTests" name="[402] /home/travis/build/icyphy/ptII/ptolemy/actor/lib/test/auto/Writer.xml (RunModel)" time="0.009" />
  <testcase classname="ptolemy.util.test.junit.AutoTests" name="[403] /home/travis/build/icyphy/ptII/ptolemy/actor/lib/test/auto/array.xml (RunModel)" time="0.019" />
  <testcase classname="ptolemy.util.test.junit.AutoTests" name="[404] /home/travis/build/icyphy/ptII/ptolemy/actor/lib/test/auto/array2.xml (RunModel)" time="0.011" />
  <testcase classname="ptolemy.util.test.junit.AutoTests" name="[405] /home/travis/build/icyphy/ptII/ptolemy/actor/lib/test/auto/arrayType.xml (RunModel)" time="0.012" />
  <testcase classname="ptolemy.util.test.junit.AutoTests" name="[406] /home/travis/build/icyphy/ptII/ptolemy/actor/lib/test/auto/arrayType10.xml (RunModel)" time="0.008" />
  <testcase classname="ptolemy.util.test.junit.AutoTests" name="[407] /home/travis/build/icyphy/ptII/ptolemy/actor/lib/test/auto/arrayType11.xml (RunModel)" time="0.012" />
  <testcase classname="ptolemy.util.test.junit.AutoTests" name="[408] /home/travis/build/icyphy/ptII/ptolemy/actor/lib/test/auto/arrayType12.xml (RunModel)" time="0.008" />
  <testcase classname="ptolemy.util.test.junit.AutoTests" name="[409] /home/travis/build/icyphy/ptII/ptolemy/actor/lib/test/auto/arrayType13.xml (RunModel)" time="0.008" />
  <testcase classname="ptolemy.util.test.junit.AutoTests" name="[410] /home/travis/build/icyphy/ptII/ptolemy/actor/lib/test/auto/arrayType14.xml (RunModel)" time="0.008" />
  <testcase classname="ptolemy.util.test.junit.AutoTests" name="[411] /home/travis/build/icyphy/ptII/ptolemy/actor/lib/test/auto/arrayType15.xml (RunModel)" time="0.008" />
  <testcase classname="ptolemy.util.test.junit.AutoTests" name="[412] /home/travis/build/icyphy/ptII/ptolemy/actor/lib/test/auto/arrayType16.xml (RunModel)" time="0.008" />
  <testcase classname="ptolemy.util.test.junit.AutoTests" name="[413] /home/travis/build/icyphy/ptII/ptolemy/actor/lib/test/auto/arrayType17.xml (RunModel)" time="0.008" />
  <testcase classname="ptolemy.util.test.junit.AutoTests" name="[414] /home/travis/build/icyphy/ptII/ptolemy/actor/lib/test/auto/arrayType18.xml (RunModel)" time="0.007" />
  <testcase classname="ptolemy.util.test.junit.AutoTests" name="[415] /home/travis/build/icyphy/ptII/ptolemy/actor/lib/test/auto/arrayType19.xml (RunModel)" time="0.007" />
  <testcase classname="ptolemy.util.test.junit.AutoTests" name="[416] /home/travis/build/icyphy/ptII/ptolemy/actor/lib/test/auto/arrayType2.xml (RunModel)" time="0.007" />
  <testcase classname="ptolemy.util.test.junit.AutoTests" name="[417] /home/travis/build/icyphy/ptII/ptolemy/actor/lib/test/auto/arrayType20.xml (RunModel)" time="0.008" />
  <testcase classname="ptolemy.util.test.junit.AutoTests" name="[418] /home/travis/build/icyphy/ptII/ptolemy/actor/lib/test/auto/arrayType21.xml (RunModel)" time="0.007" />
  <testcase classname="ptolemy.util.test.junit.AutoTests" name="[419] /home/travis/build/icyphy/ptII/ptolemy/actor/lib/test/auto/arrayType22.xml (RunModel)" time="0.007" />
  <testcase classname="ptolemy.util.test.junit.AutoTests" name="[420] /home/travis/build/icyphy/ptII/ptolemy/actor/lib/test/auto/arrayType23.xml (RunModel)" time="0.007" />
  <testcase classname="ptolemy.util.test.junit.AutoTests" name="[421] /home/travis/build/icyphy/ptII/ptolemy/actor/lib/test/auto/arrayType24.xml (RunModel)" time="0.008" />
  <testcase classname="ptolemy.util.test.junit.AutoTests" name="[422] /home/travis/build/icyphy/ptII/ptolemy/actor/lib/test/auto/arrayType25.xml (RunModel)" time="0.007" />
  <testcase classname="ptolemy.util.test.junit.AutoTests" name="[423] /home/travis/build/icyphy/ptII/ptolemy/actor/lib/test/auto/arrayType26.xml (RunModel)" time="0.007" />
  <testcase classname="ptolemy.util.test.junit.AutoTests" name="[424] /home/travis/build/icyphy/ptII/ptolemy/actor/lib/test/auto/arrayType27.xml (RunModel)" time="0.009" />
  <testcase classname="ptolemy.util.test.junit.AutoTests" name="[425] /home/travis/build/icyphy/ptII/ptolemy/actor/lib/test/auto/arrayType28.xml (RunModel)" time="0.007" />
  <testcase classname="ptolemy.util.test.junit.AutoTests" name="[426] /home/travis/build/icyphy/ptII/ptolemy/actor/lib/test/auto/arrayType3.xml (RunModel)" time="0.008" />
  <testcase classname="ptolemy.util.test.junit.AutoTests" name="[427] /home/travis/build/icyphy/ptII/ptolemy/actor/lib/test/auto/arrayType4.xml (RunModel)" time="0.007" />
  <testcase classname="ptolemy.util.test.junit.AutoTests" name="[428] /home/travis/build/icyphy/ptII/ptolemy/actor/lib/test/auto/arrayType5.xml (RunModel)" time="0.007" />
  <testcase classname="ptolemy.util.test.junit.AutoTests" name="[429] /home/travis/build/icyphy/ptII/ptolemy/actor/lib/test/auto/arrayType6.xml (RunModel)" time="0.007" />
  <testcase classname="ptolemy.util.test.junit.AutoTests" name="[430] /home/travis/build/icyphy/ptII/ptolemy/actor/lib/test/auto/arrayType7.xml (RunModel)" time="0.006" />
  <testcase classname="ptolemy.util.test.junit.AutoTests" name="[431] /home/travis/build/icyphy/ptII/ptolemy/actor/lib/test/auto/arrayType8.xml (RunModel)" time="0.008" />
  <testcase classname="ptolemy.util.test.junit.AutoTests" name="[432] /home/travis/build/icyphy/ptII/ptolemy/actor/lib/test/auto/arrayType9.xml (RunModel)" time="0.01" />
  <testcase classname="ptolemy.util.test.junit.AutoTests" name="[433] /home/travis/build/icyphy/ptII/ptolemy/actor/lib/test/auto/cast.xml (RunModel)" time="0.007" />
  <testcase classname="ptolemy.util.test.junit.AutoTests" name="[434] /home/travis/build/icyphy/ptII/ptolemy/actor/lib/test/auto/compositeMultiPort.xml (RunModel)" time="0.015" />
  <testcase classname="ptolemy.util.test.junit.AutoTests" name="[435] /home/travis/build/icyphy/ptII/ptolemy/actor/lib/test/auto/expressionCastInference.xml (RunModel)" time="0.007" />
  <testcase classname="ptolemy.util.test.junit.AutoTests" name="[436] /home/travis/build/icyphy/ptII/ptolemy/actor/lib/test/auto/expressionCastInference2.xml (RunModel)" time="0.006" />
  <testcase classname="ptolemy.util.test.junit.AutoTests" name="[437] /home/travis/build/icyphy/ptII/ptolemy/actor/lib/test/auto/expressionInference.xml (RunModel)" time="0.006" />
  <testcase classname="ptolemy.util.test.junit.AutoTests" name="[438] /home/travis/build/icyphy/ptII/ptolemy/actor/lib/test/auto/expression_bug.xml (RunModel)" time="0.006" />
  <testcase classname="ptolemy.util.test.junit.AutoTests" name="[439] /home/travis/build/icyphy/ptII/ptolemy/actor/lib/test/auto/factorial.xml (RunModel)" time="0.044" />
  <testcase classname="ptolemy.util.test.junit.AutoTests" name="[440] /home/travis/build/icyphy/ptII/ptolemy/actor/lib/test/auto/filterTest1.xml (RunModel)" time="0.011" />
  <testcase classname="ptolemy.util.test.junit.AutoTests" name="[441] /home/travis/build/icyphy/ptII/ptolemy/actor/lib/test/auto/funcApplyInConst.xml (RunModel)" time="0.005" />
  <testcase classname="ptolemy.util.test.junit.AutoTests" name="[442] /home/travis/build/icyphy/ptII/ptolemy/actor/lib/test/auto/funcApplyInExpr.xml (RunModel)" time="0.005" />
  <testcase classname="ptolemy.util.test.junit.AutoTests" name="[443] /home/travis/build/icyphy/ptII/ptolemy/actor/lib/test/auto/function.xml (RunModel)" time="0.007" />
  <testcase classname="ptolemy.util.test.junit.AutoTests" name="[444] /home/travis/build/icyphy/ptII/ptolemy/actor/lib/test/auto/function2.xml (RunModel)" time="0.007" />
  <testcase classname="ptolemy.util.test.junit.AutoTests" name="[445] /home/travis/build/icyphy/ptII/ptolemy/actor/lib/test/auto/function3.xml (RunModel)" time="0.006" />
  <testcase classname="ptolemy.util.test.junit.AutoTests" name="[446] /home/travis/build/icyphy/ptII/ptolemy/actor/lib/test/auto/functionClosureTest1.xml (RunModel)" time="0.009" />
  <testcase classname="ptolemy.util.test.junit.AutoTests" name="[447] /home/travis/build/icyphy/ptII/ptolemy/actor/lib/test/auto/functionClosureTest2.xml (RunModel)" time="0.006" />
  <testcase classname="ptolemy.util.test.junit.AutoTests" name="[448] /home/travis/build/icyphy/ptII/ptolemy/actor/lib/test/auto/functionClosureTest3.xml (RunModel)" time="0.008" />
  <testcase classname="ptolemy.util.test.junit.AutoTests" name="[449] /home/travis/build/icyphy/ptII/ptolemy/actor/lib/test/auto/functionClosureTest4.xml (RunModel)" time="0.011" />
  <testcase classname="ptolemy.util.test.junit.AutoTests" name="[450] /home/travis/build/icyphy/ptII/ptolemy/actor/lib/test/auto/functionClosureTest5.xml (RunModel)" time="0.009" />
  <testcase classname="ptolemy.util.test.junit.AutoTests" name="[451] /home/travis/build/icyphy/ptII/ptolemy/actor/lib/test/auto/functionClosureTest6.xml (RunModel)" time="0.008" />
  <testcase classname="ptolemy.util.test.junit.AutoTests" name="[452] /home/travis/build/icyphy/ptII/ptolemy/actor/lib/test/auto/functionsOnArcs.xml (RunModel)" time="0.011" />
  <testcase classname="ptolemy.util.test.junit.AutoTests" name="[453] /home/travis/build/icyphy/ptII/ptolemy/actor/lib/test/auto/functionsOnArcsHOF.xml (RunModel)" time="0.009" />
  <testcase classname="ptolemy.util.test.junit.AutoTests" name="[454] /home/travis/build/icyphy/ptII/ptolemy/actor/lib/test/auto/logic.xml (RunModel)" time="0.015" />
  <testcase classname="ptolemy.util.test.junit.AutoTests" name="[455] /home/travis/build/icyphy/ptII/ptolemy/actor/lib/test/auto/matrixType.xml (RunModel)" time="0.007" />
  <testcase classname="ptolemy.util.test.junit.AutoTests" name="[456] /home/travis/build/icyphy/ptII/ptolemy/actor/lib/test/auto/matrixType10.xml (RunModel)" time="0.007" />
  <testcase classname="ptolemy.util.test.junit.AutoTests" name="[457] /home/travis/build/icyphy/ptII/ptolemy/actor/lib/test/auto/matrixType11.xml (RunModel)" time="0.007" />
  <testcase classname="ptolemy.util.test.junit.AutoTests" name="[458] /home/travis/build/icyphy/ptII/ptolemy/actor/lib/test/auto/matrixType12.xml (RunModel)" time="0.008" />
  <testcase classname="ptolemy.util.test.junit.AutoTests" name="[459] /home/travis/build/icyphy/ptII/ptolemy/actor/lib/test/auto/matrixType13.xml (RunModel)" time="0.007" />
  <testcase classname="ptolemy.util.test.junit.AutoTests" name="[460] /home/travis/build/icyphy/ptII/ptolemy/actor/lib/test/auto/matrixType14.xml (RunModel)" time="0.007" />
  <testcase classname="ptolemy.util.test.junit.AutoTests" name="[461] /home/travis/build/icyphy/ptII/ptolemy/actor/lib/test/auto/matrixType2.xml (RunModel)" time="0.007" />
  <testcase classname="ptolemy.util.test.junit.AutoTests" name="[462] /home/travis/build/icyphy/ptII/ptolemy/actor/lib/test/auto/matrixType3.xml (RunModel)" time="0.007" />
  <testcase classname="ptolemy.util.test.junit.AutoTests" name="[463] /home/travis/build/icyphy/ptII/ptolemy/actor/lib/test/auto/matrixType4.xml (RunModel)" time="0.007" />
  <testcase classname="ptolemy.util.test.junit.AutoTests" name="[464] /home/travis/build/icyphy/ptII/ptolemy/actor/lib/test/auto/matrixType5.xml (RunModel)" time="0.007" />
  <testcase classname="ptolemy.util.test.junit.AutoTests" name="[465] /home/travis/build/icyphy/ptII/ptolemy/actor/lib/test/auto/matrixType6.xml (RunModel)" time="0.007" />
  <testcase classname="ptolemy.util.test.junit.AutoTests" name="[466] /home/travis/build/icyphy/ptII/ptolemy/actor/lib/test/auto/matrixType7.xml (RunModel)" time="0.007" />
  <testcase classname="ptolemy.util.test.junit.AutoTests" name="[467] /home/travis/build/icyphy/ptII/ptolemy/actor/lib/test/auto/matrixType8.xml (RunModel)" time="0.008" />
  <testcase classname="ptolemy.util.test.junit.AutoTests" name="[468] /home/travis/build/icyphy/ptII/ptolemy/actor/lib/test/auto/matrixType9.xml (RunModel)" time="0.006" />
  <testcase classname="ptolemy.util.test.junit.AutoTests" name="[469] /home/travis/build/icyphy/ptII/ptolemy/actor/lib/test/auto/paraFunctest.xml (RunModel)" time="0.005" />
  <testcase classname="ptolemy.util.test.junit.AutoTests" name="[470] /home/travis/build/icyphy/ptII/ptolemy/actor/lib/test/auto/paraFunctest2.xml (RunModel)" time="0.006" />
  <testcase classname="ptolemy.util.test.junit.AutoTests" name="[471] /home/travis/build/icyphy/ptII/ptolemy/actor/lib/test/auto/parameterPassing.xml (RunModel)" time="0.007" />
  <testcase classname="ptolemy.util.test.junit.AutoTests" name="[472] /home/travis/build/icyphy/ptII/ptolemy/actor/lib/test/auto/record.xml (RunModel)" time="0.007" />
  <testcase classname="ptolemy.util.test.junit.AutoTests" name="[473] /home/travis/build/icyphy/ptII/ptolemy/actor/lib/test/auto/sizedarray1.xml (RunModel)" time="0.007" />
  <testcase classname="ptolemy.util.test.junit.AutoTests" name="[474] /home/travis/build/icyphy/ptII/ptolemy/actor/lib/test/auto/sizedarray2.xml (RunModel)" time="0.008" />
  <testcase classname="ptolemy.util.test.junit.AutoTests" name="[475] /home/travis/build/icyphy/ptII/ptolemy/actor/lib/test/auto/twoPublishers.xml (RunModel)" time="0.017" />
  <system-out><![CDATA[/home/travis/build/icyphy/ptII/ptolemy/actor/lib/test/AbsoluteValue.tcl
testDefs.tcl: setting time out to 9000 seconds at Mon Jan 28 03:19:57 UTC 2019
75 ms. Memory: 116224K Free: 109660K (94%)
4 ms. Memory: 116224K Free: 108469K (93%)
4 ms. Memory: 116224K Free: 107858K (93%)
4 ms. Memory: 116224K Free: 106627K (92%)
/home/travis/build/icyphy/ptII/ptolemy/actor/lib/test/AddSubtract.tcl
8 ms. Memory: 116224K Free: 104801K (90%)
5 ms. Memory: 116224K Free: 104189K (90%)
5 ms. Memory: 116224K Free: 102967K (89%)
6 ms. Memory: 116224K Free: 102371K (88%)
5 ms. Memory: 116224K Free: 101760K (88%)
3 ms. Memory: 116224K Free: 101141K (87%)
/home/travis/build/icyphy/ptII/ptolemy/actor/lib/test/Average.tcl
6 ms. Memory: 116224K Free: 99315K (85%)
17 ms. Memory: 116224K Free: 98108K (84%)
/home/travis/build/icyphy/ptII/ptolemy/actor/lib/test/Bernoulli.tcl
4 ms. Memory: 116224K Free: 96306K (83%)
4 ms. Memory: 116224K Free: 95695K (82%)
/home/travis/build/icyphy/ptII/ptolemy/actor/lib/test/Clock.tcl
preinitializing
resolving types
initializing
executing number 1
wrapping up
idle
22 ms. Memory: 116224K Free: 93901K (81%)
Completed execution with 5 iterations
preinitializing
resolving types
initializing
executing number 1
wrapping up
idle
5 ms. Memory: 116224K Free: 92694K (80%)
Completed execution with 5 iterations
preinitializing
resolving types
initializing
executing number 1
wrapping up
idle
3 ms. Memory: 116224K Free: 92058K (79%)
Completed execution with 5 iterations
/home/travis/build/icyphy/ptII/ptolemy/actor/lib/test/Commutator.tcl
6 ms. Memory: 116224K Free: 90215K (78%)
5 ms. Memory: 116224K Free: 89017K (77%)
10 ms. Memory: 116224K Free: 84808K (73%)
/home/travis/build/icyphy/ptII/ptolemy/actor/lib/test/Const.tcl
8 ms. Memory: 116224K Free: 82400K (71%)
3 ms. Memory: 116224K Free: 81797K (70%)
10 ms. Memory: 116224K Free: 81193K (70%)
20 ms. Memory: 146944K Free: 141688K (96%)
5 ms. Memory: 146944K Free: 140059K (95%)
24 ms. Memory: 146944K Free: 138862K (94%)
3 ms. Memory: 146944K Free: 137672K (94%)
14 ms. Memory: 146944K Free: 136483K (93%)
/home/travis/build/icyphy/ptII/ptolemy/actor/lib/test/CurrentTime.tcl
preinitializing
resolving types
initializing
executing number 1
wrapping up
idle
15 ms. Memory: 146944K Free: 134088K (91%)
Completed execution with 11 iterations
/home/travis/build/icyphy/ptII/ptolemy/actor/lib/test/DB.tcl
3 ms. Memory: 146944K Free: 132898K (90%)
2 ms. Memory: 146944K Free: 131693K (90%)
1 ms. Memory: 146944K Free: 131693K (90%)
/home/travis/build/icyphy/ptII/ptolemy/actor/lib/test/DiscreteRandomSource.tcl
preinitializing
resolving types
initializing
executing number 1
wrapping up
idle
3 ms. Memory: 146944K Free: 130488K (89%)
Completed execution with 4 iterations
preinitializing
resolving types
initializing
executing number 1
wrapping up
idle
6 ms. Memory: 146944K Free: 129282K (88%)
Completed execution with 4 iterations
preinitializing
resolving types
initializing
executing number 1
wrapping up
idle
2 ms. Memory: 146944K Free: 129282K (88%)
Completed execution with 4 iterations
preinitializing
resolving types
initializing
executing number 1
wrapping up
idle
7 ms. Memory: 146944K Free: 129282K (88%)
Completed execution with 4 iterations
preinitializing
resolving types
initializing
executing number 1
wrapping up
idle
3 ms. Memory: 146944K Free: 128093K (87%)
Completed execution with 4 iterations
/home/travis/build/icyphy/ptII/ptolemy/actor/lib/test/Distributor.tcl
4 ms. Memory: 146944K Free: 126903K (86%)
3 ms. Memory: 146944K Free: 125698K (86%)
StreamChangeRequest.changeExecuted(): <deleteEntity name="rec2"/> succeeded
StreamChangeRequest.changeExecuted(): <deleteRelation name="r2"/> succeeded
StreamChangeRequest.changeExecuted(): Record firings per iteration succeeded
5 ms. Memory: 146944K Free: 123302K (84%)
/home/travis/build/icyphy/ptII/ptolemy/actor/lib/test/Exit.tcl
Exit.tcl: this will print a message about Manager.exitAfterWrapup, which can be ignored.
5 ms. Memory: 146944K Free: 120293K (82%)


==== $PTII/ptolemy/actor/lib/test/Exit.tcl: Exit-1.1 
==== Contents of test case:

    # StringUtilities.exit() checks this property.
    java::call System setProperty ptolemy.ptII.doNotExit ""
    # The Manager uses this property to help us test the Exit actor.
    java::call System setProperty ptolemy.ptII.exitAfterWrapup true

    #puts "Exit.tcl: properties:"
    #set properties [java::call System getProperties]
    #puts [$properties toString]

    puts "Exit.tcl: this will print a message about Manager.exitAfterWrapup, which can be ignored."
    catch {java::new ptolemy.actor.gui.MoMLSimpleApplication Exit.xml} errMsg
    java::call System setProperty ptolemy.ptII.doNotExit true
    list $errMsg

==== Result was:
{java.lang.RuntimeException: StringUtilities.exit() was called. Normally, we would exit here because Manager.exitAfterWrapup() was called.  However, because the ptolemy.ptII.exitAfterWrapup property is set, we throw this exception instead.}
---- Result should have been:
{java.lang.RuntimeException: Normally, we would exit here because Manager.exitAfterWrapup() was called.  However, because the ptolemy.ptII.exitAfterWrapup property is set, we throw this exception instead.}
---- Exit-1.1 FAILED
/home/travis/build/icyphy/ptII/ptolemy/actor/lib/test/Expression.tcl
5 ms. Memory: 146944K Free: 116685K (79%)
12 ms. Memory: 146944K Free: 115496K (79%)
2 ms. Memory: 146944K Free: 115496K (79%)
preinitializing
resolving types
initializing
executing number 1
wrapping up
idle
5 ms. Memory: 146944K Free: 113117K (77%)
Completed execution with 6 iterations
3 ms. Memory: 146944K Free: 113117K (77%)
9 ms. Memory: 146944K Free: 111927K (76%)
13 ms. Memory: 146944K Free: 110738K (75%)
4 ms. Memory: 146944K Free: 109548K (75%)
6 ms. Memory: 146944K Free: 108359K (74%)
/home/travis/build/icyphy/ptII/ptolemy/actor/lib/test/Gaussian.tcl
4 ms. Memory: 146944K Free: 105980K (72%)
sleeping 1 seconds: .........................................................................................................................................................................................................................................................................................................................................................................................................................................................................................................................................................................................................................................................................................................................................................................................................................................................................................................................................................................................................................................................................................................................................................................................................................................................................................................................................................................................................................................................................................................................................................................................................................................................................................................................................................................................................................................................................................................................................................................................................................................................................................................................................................................................................................................................................................................................................................................................................................................................................................................................................................................................................................................................................................................................................................................................................................................................................................................................................................................................................................................................................................................................................................................................................................................................................................................................................................................................................................................................................................................................................................................................................................................................................................................................................................................................................................................................................................................................................................................................................................................................................................................................................................................................................................................................................................................................................................................................................................................................................................................................................................................................................................................................................................................................................................................................................................................................................................................................................................................................................................................................................................................................................................................................................................................................................................................................................................................................................................................................................................................................................................................................................................................................................................................................................................................................................................................................................................................................................................................................................................................................................................................................................................................................................................................................................................................................................................................................................................................................................................................................................................................................................................................................................................................................................................................................................................................................................................................................................................................................................................................................................................................................................................................................................................................................................................................................................................................................................................................................................................................................................................................................................................................................................................................................................................................................................................................................................................................................................................................................................................................................................................................................................................................................................................................2 ms. Memory: 146944K Free: 132266K (90%)
2 ms. Memory: 146944K Free: 132266K (90%)
2 ms. Memory: 146944K Free: 131087K (89%)
1 ms. Memory: 146944K Free: 131087K (89%)
1 ms. Memory: 146944K Free: 129909K (88%)
/home/travis/build/icyphy/ptII/ptolemy/actor/lib/test/IIR.tcl
/home/travis/build/icyphy/ptII/ptolemy/actor/lib/test/Interpolator.tcl
6 ms. Memory: 146944K Free: 126375K (86%)
1 ms. Memory: 146944K Free: 125197K (85%)
1 ms. Memory: 146944K Free: 125197K (85%)
2 ms. Memory: 146944K Free: 124018K (84%)
7 ms. Memory: 146944K Free: 122840K (84%)
9 ms. Memory: 146944K Free: 122840K (84%)
2 ms. Memory: 146944K Free: 121662K (83%)
2 ms. Memory: 146944K Free: 120484K (82%)
1 ms. Memory: 146944K Free: 120484K (82%)
8 ms. Memory: 146944K Free: 119306K (81%)
/home/travis/build/icyphy/ptII/ptolemy/actor/lib/test/MathFunction.tcl
5 ms. Memory: 146944K Free: 116949K (80%)
5 ms. Memory: 146944K Free: 115771K (79%)
2 ms. Memory: 146944K Free: 114593K (78%)
2 ms. Memory: 146944K Free: 113415K (77%)
9 ms. Memory: 146944K Free: 112237K (76%)
7 ms. Memory: 146944K Free: 111058K (76%)
/home/travis/build/icyphy/ptII/ptolemy/actor/lib/test/Maximum.tcl
5 ms. Memory: 146944K Free: 108702K (74%)
5 ms. Memory: 146944K Free: 107524K (73%)
6 ms. Memory: 146944K Free: 107524K (73%)
3 ms. Memory: 146944K Free: 106346K (72%)
/home/travis/build/icyphy/ptII/ptolemy/actor/lib/test/Minimum.tcl
6 ms. Memory: 146944K Free: 105167K (72%)
5 ms. Memory: 146944K Free: 103989K (71%)
3 ms. Memory: 146944K Free: 103989K (71%)
2 ms. Memory: 146944K Free: 102811K (70%)
/home/travis/build/icyphy/ptII/ptolemy/actor/lib/test/MultiplyDivide.tcl
10 ms. Memory: 146944K Free: 100455K (68%)
10 ms. Memory: 146944K Free: 100455K (68%)
2 ms. Memory: 146944K Free: 99277K (68%)
6 ms. Memory: 146944K Free: 98098K (67%)
4 ms. Memory: 146944K Free: 98098K (67%)
/home/travis/build/icyphy/ptII/ptolemy/actor/lib/test/OrderedMerge.tcl
Connections changed on port: inputA
Connections changed on port: inputB
Connections changed on port: output
Connections changed on port: output
Connections changed on port: output
Connections changed on port: input
.top. Preinitializing ...
Invoking preinitialize():  .top.OrderedMerge
Called preinitialize()
Invoking preinitialize():  .top.Ramp
Called preinitialize()
Invoking preinitialize():  .top.Ramp2
Called preinitialize()
Invoking preinitialize():  .top.Test
Called preinitialize()
Connections changed on port: inputA
Connections changed on port: output
Connections changed on port: output
Connections changed on port: input
Connections changed on port: inputB
Connections changed on port: output
.top. Finished preinitialize().
Called initialize().
Invoking initialize():  .top.OrderedMerge
Initializing actor: .top.OrderedMerge
Adding a thread: .top.OrderedMerge
Invoking initialize():  .top.Ramp
Initializing actor: .top.Ramp
Adding a thread: .top.Ramp
Invoking initialize():  .top.Ramp2
Initializing actor: .top.Ramp2
Adding a thread: .top.Ramp2
Invoking initialize():  .top.Test
Initializing actor: .top.Test
Adding a thread: .top.Test
-- Starting thread.
Called initialize()
Called prefire()
Called fire()
-- Starting thread.
Called initialize()
Called prefire()
Called fire()
Called postfire()
Called prefire()
Called fire()
-- Starting thread.
Called initialize()
Called prefire()
Called fire()
Called postfire()
Called prefire()
Called fire()
Called fire().
Checking for deadlock:
There are 3 Blocked actors, 0 Stopped actors, and 4 active threads.
Waiting for actors to stop.
-- Starting thread.
Called initialize()
Called prefire()
Called fire()
Checking for deadlock:
There are 2 Blocked actors, 0 Stopped actors, and 4 active threads.
Waiting for actors to stop.
Called postfire()
Called prefire()
Called fire()
Checking for deadlock:
There are 3 Blocked actors, 0 Stopped actors, and 4 active threads.
Waiting for actors to stop.
Read input token from inputA with value 0.0
Next port to read input from is inputB
Called postfire()
Called prefire()
Called fire()
Checking for deadlock:
There are 2 Blocked actors, 0 Stopped actors, and 4 active threads.
Waiting for actors to stop.
Called postfire()
Called prefire()
Called fire()
Checking for deadlock:
There are 3 Blocked actors, 0 Stopped actors, and 4 active threads.
Waiting for actors to stop.
Read input token from inputB with value 0.0
Checking for deadlock:
There are 2 Blocked actors, 0 Stopped actors, and 4 active threads.
Waiting for actors to stop.
-- Read input: 0.0, which is expected to match: 0.0
Called prefire()
Called fire()
Checking for deadlock:
There are 3 Blocked actors, 0 Stopped actors, and 4 active threads.
Waiting for actors to stop.
Sent output token with value 0.0
Next port to read input from is inputA
Called postfire()
Called prefire()
Called fire()
Checking for deadlock:
There are 2 Blocked actors, 0 Stopped actors, and 4 active threads.
Waiting for actors to stop.
Called postfire()
Called prefire()
Called fire()
Checking for deadlock:
There are 3 Blocked actors, 0 Stopped actors, and 4 active threads.
Waiting for actors to stop.
Read input token from inputA with value 1.0
Checking for deadlock:
There are 2 Blocked actors, 0 Stopped actors, and 4 active threads.
Waiting for actors to stop.
-- Read input: 0.0, which is expected to match: 0.0
Called prefire()
Called fire()
Checking for deadlock:
There are 3 Blocked actors, 0 Stopped actors, and 4 active threads.
Waiting for actors to stop.
Sent output token with value 0.0
Next port to read input from is inputB
Called postfire()
Called prefire()
Called fire()
Checking for deadlock:
There are 2 Blocked actors, 0 Stopped actors, and 4 active threads.
Waiting for actors to stop.
Called postfire()
Called prefire()
Called fire()
Checking for deadlock:
There are 3 Blocked actors, 0 Stopped actors, and 4 active threads.
Waiting for actors to stop.
Read input token from inputB with value 1.5
Checking for deadlock:
There are 2 Blocked actors, 0 Stopped actors, and 4 active threads.
Waiting for actors to stop.
-- Read input: 1.0, which is expected to match: 1.0
Called prefire()
Called fire()
Checking for deadlock:
There are 3 Blocked actors, 0 Stopped actors, and 4 active threads.
Waiting for actors to stop.
Sent output token with value 1.0
Next port to read input from is inputA
Called postfire()
Called prefire()
Called fire()
Checking for deadlock:
There are 2 Blocked actors, 0 Stopped actors, and 4 active threads.
Waiting for actors to stop.
Called postfire()
Called prefire()
Called fire()
Checking for deadlock:
There are 3 Blocked actors, 0 Stopped actors, and 4 active threads.
Waiting for actors to stop.
Read input token from inputA with value 2.0
Checking for deadlock:
There are 2 Blocked actors, 0 Stopped actors, and 4 active threads.
Waiting for actors to stop.
-- Read input: 1.5, which is expected to match: 1.5
Called prefire()
Called fire()
Checking for deadlock:
There are 3 Blocked actors, 0 Stopped actors, and 4 active threads.
Waiting for actors to stop.
Sent output token with value 1.5
Next port to read input from is inputB
Called postfire()
Called prefire()
Called fire()
Checking for deadlock:
There are 2 Blocked actors, 0 Stopped actors, and 4 active threads.
Waiting for actors to stop.
Called postfire()
Called prefire()
Called fire()
Checking for deadlock:
There are 3 Blocked actors, 0 Stopped actors, and 4 active threads.
Waiting for actors to stop.
Read input token from inputB with value 3.0
Checking for deadlock:
There are 2 Blocked actors, 0 Stopped actors, and 4 active threads.
Waiting for actors to stop.
-- Read input: 2.0, which is expected to match: 2.0
Called prefire()
Called fire()
Checking for deadlock:
There are 3 Blocked actors, 0 Stopped actors, and 4 active threads.
Waiting for actors to stop.
Sent output token with value 2.0
Next port to read input from is inputA
Called postfire()
Called prefire()
Called fire()
Checking for deadlock:
There are 2 Blocked actors, 0 Stopped actors, and 4 active threads.
Waiting for actors to stop.
Called postfire()
Called prefire()
Called fire()
Checking for deadlock:
There are 3 Blocked actors, 0 Stopped actors, and 4 active threads.
Waiting for actors to stop.
Read input token from inputA with value 3.0
Checking for deadlock:
There are 2 Blocked actors, 0 Stopped actors, and 4 active threads.
Waiting for actors to stop.
-- Read input: 3.0, which is expected to match: 3.0
Called prefire()
Called fire()
Checking for deadlock:
There are 3 Blocked actors, 0 Stopped actors, and 4 active threads.
Waiting for actors to stop.
Sent output token with value 3.0
Next port to read input from is inputB
Called postfire()
Called prefire()
Called fire()
Checking for deadlock:
There are 2 Blocked actors, 0 Stopped actors, and 4 active threads.
Waiting for actors to stop.
Called postfire()
Called prefire()
Called fire()
Checking for deadlock:
There are 3 Blocked actors, 0 Stopped actors, and 4 active threads.
Waiting for actors to stop.
Read input token from inputB with value 4.5
Checking for deadlock:
There are 2 Blocked actors, 0 Stopped actors, and 4 active threads.
Waiting for actors to stop.
-- Read input: 3.0, which is expected to match: 3.0
Called prefire()
Called fire()
Checking for deadlock:
There are 3 Blocked actors, 0 Stopped actors, and 4 active threads.
Waiting for actors to stop.
Sent output token with value 3.0
Next port to read input from is inputA
Called postfire()
Called prefire()
Called fire()
Checking for deadlock:
There are 2 Blocked actors, 0 Stopped actors, and 4 active threads.
Waiting for actors to stop.
Called postfire()
Called prefire()
Called fire()
Checking for deadlock:
There are 3 Blocked actors, 0 Stopped actors, and 4 active threads.
Waiting for actors to stop.
Read input token from inputA with value 4.0
Checking for deadlock:
There are 2 Blocked actors, 0 Stopped actors, and 4 active threads.
Waiting for actors to stop.
-- Read input: 4.0, which is expected to match: 4.0
Called prefire()
Called fire()
Past the end of training data. Read and discard all inputs.
Checking for deadlock:
There are 3 Blocked actors, 0 Stopped actors, and 4 active threads.
Waiting for actors to stop.
Sent output token with value 4.0
Next port to read input from is inputA
Called postfire()
Called prefire()
Called fire()
Called postfire()
Called prefire()
Called fire()
Checking for deadlock:
There are 3 Blocked actors, 0 Stopped actors, and 4 active threads.
Waiting for actors to stop.
Read input token from inputA with value 5.0
Called prefire()
Called fire()
Past the end of training data. Read and discard all inputs.
Checking for deadlock:
There are 3 Blocked actors, 0 Stopped actors, and 4 active threads.
Waiting for actors to stop.
Sent output token with value 4.5
Next port to read input from is inputB
Called postfire()
Called prefire()
Called fire()
Called postfire()
Called prefire()
Called fire()
Checking for deadlock:
There are 3 Blocked actors, 0 Stopped actors, and 4 active threads.
Waiting for actors to stop.
Read input token from inputB with value 6.0
Called prefire()
Called fire()
Past the end of training data. Read and discard all inputs.
Checking for deadlock:
There are 3 Blocked actors, 0 Stopped actors, and 4 active threads.
Waiting for actors to stop.
Sent output token with value 5.0
Next port to read input from is inputA
Called postfire()
Called prefire()
Called fire()
Called postfire()
Called prefire()
Called fire()
Checking for deadlock:
There are 3 Blocked actors, 0 Stopped actors, and 4 active threads.
Waiting for actors to stop.
Read input token from inputA with value 6.0
Called prefire()
Called fire()
Past the end of training data. Read and discard all inputs.
Checking for deadlock:
There are 3 Blocked actors, 0 Stopped actors, and 4 active threads.
Waiting for actors to stop.
Sent output token with value 6.0
Next port to read input from is inputB
Called postfire()
Called prefire()
Called fire()
Called postfire()
Called prefire()
Called fire()
Checking for deadlock:
There are 3 Blocked actors, 0 Stopped actors, and 4 active threads.
Waiting for actors to stop.
Read input token from inputB with value 7.5
Called prefire()
Called fire()
Past the end of training data. Read and discard all inputs.
Checking for deadlock:
There are 3 Blocked actors, 0 Stopped actors, and 4 active threads.
Waiting for actors to stop.
Sent output token with value 6.0
Next port to read input from is inputA
Called postfire()
Called prefire()
Called fire()
Called postfire()
Called prefire()
Called fire()
Checking for deadlock:
There are 3 Blocked actors, 0 Stopped actors, and 4 active threads.
Waiting for actors to stop.
Read input token from inputA with value 7.0
Called prefire()
Called fire()
Past the end of training data. Read and discard all inputs.
Checking for deadlock:
There are 3 Blocked actors, 0 Stopped actors, and 4 active threads.
Waiting for actors to stop.
Sent output token with value 7.0
Next port to read input from is inputA
Called postfire()
Called prefire()
Called fire()
-- Thread wrapup() called.
Called wrapup()
Thread .top.Ramp is exiting.
-- Thread stopped.
Checking for deadlock:
There are 2 Blocked actors, 0 Stopped actors, and 3 active threads.
Waiting for actors to stop.
Read input token from inputA with value 8.0
Called prefire()
Called fire()
Past the end of training data. Read and discard all inputs.
Checking for deadlock:
There are 2 Blocked actors, 0 Stopped actors, and 3 active threads.
Waiting for actors to stop.
Sent output token with value 7.5
Next port to read input from is inputB
Called postfire()
Called prefire()
Called fire()
Called postfire()
Called prefire()
Called fire()
Checking for deadlock:
There are 2 Blocked actors, 0 Stopped actors, and 3 active threads.
Waiting for actors to stop.
Read input token from inputB with value 9.0
Called prefire()
Called fire()
Past the end of training data. Read and discard all inputs.
Checking for deadlock:
There are 2 Blocked actors, 0 Stopped actors, and 3 active threads.
Waiting for actors to stop.
Sent output token with value 8.0
Next port to read input from is inputA
Called postfire()
Called prefire()
Called fire()
Read input token from inputA with value 9.0
Checking for deadlock:
There are 1 Blocked actors, 0 Stopped actors, and 3 active threads.
Waiting for actors to stop.
Called prefire()
Called fire()
Past the end of training data. Read and discard all inputs.
Checking for deadlock:
There are 2 Blocked actors, 0 Stopped actors, and 3 active threads.
Waiting for actors to stop.
Sent output token with value 9.0
Next port to read input from is inputB
Called postfire()
Called prefire()
Called fire()
Called postfire()
Called prefire()
Called fire()
Checking for deadlock:
There are 2 Blocked actors, 0 Stopped actors, and 3 active threads.
Waiting for actors to stop.
Read input token from inputB with value 10.5
Called prefire()
Called fire()
Past the end of training data. Read and discard all inputs.
Checking for deadlock:
There are 2 Blocked actors, 0 Stopped actors, and 3 active threads.
Waiting for actors to stop.
Sent output token with value 9.0
Next port to read input from is inputA
Called postfire()
Called prefire()
Called fire()
Checking for deadlock:
There are 3 Blocked actors, 0 Stopped actors, and 3 active threads.
Actors have stopped.
Checking for deadlock:
There are 3 Blocked actors, 0 Stopped actors, and 3 active threads.
Deadlock detected.
Resolving Deadlock
Checking for deadlock:
There are 3 Blocked actors, 0 Stopped actors, and 3 active threads.
Artificial Deadlock - increasing queue capacity.
increasing the capacity of receiver ptolemy.actor.TypedIOPort {.top.OrderedMerge.inputB} to 2
Director: Called postfire().
Called postfire().
_stopRequested = false
_stopFireRequested = false
Returning from postfire(): true
Called fire().
Checking for deadlock:
There are 2 Blocked actors, 0 Stopped actors, and 3 active threads.
Waiting for actors to stop.
-- Thread wrapup() called.
Called wrapup()
Thread .top.Ramp2 is exiting.
-- Thread stopped.
Checking for deadlock:
There are 2 Blocked actors, 0 Stopped actors, and 2 active threads.
Actors have stopped.
Checking for deadlock:
There are 2 Blocked actors, 0 Stopped actors, and 2 active threads.
Deadlock detected.
Resolving Deadlock
Checking for deadlock:
There are 2 Blocked actors, 0 Stopped actors, and 2 active threads.
Deadlock detected: no processes blocked on write, but some are blocked on read.
Called postfire().
_stopRequested = false
_stopFireRequested = false
Returning from postfire(): false
Finished deactivating branches.
Called wrapup().
-- Thread wrapup() called.
Called wrapup()
Thread .top.OrderedMerge is exiting.
-- Thread wrapup() called.
Called wrapup()
Thread .top.Test is exiting.
-- Thread stopped.
-- Blocked Receiver call threw TerminateProcessException.
24 ms. Memory: 146944K Free: 94104K (64%)
.top. Preinitializing ...
Invoking preinitialize():  .top.OrderedMerge
Called preinitialize()
Invoking preinitialize():  .top.Ramp
Called preinitialize()
Invoking preinitialize():  .top.Ramp2
Called preinitialize()
Invoking preinitialize():  .top.Test
Called preinitialize()
.top. Finished preinitialize().
Called initialize().
Invoking initialize():  .top.OrderedMerge
Initializing actor: .top.OrderedMerge
Adding a thread: .top.OrderedMerge
Invoking initialize():  .top.Ramp
Initializing actor: .top.Ramp
Adding a thread: .top.Ramp
Invoking initialize():  .top.Ramp2
Initializing actor: .top.Ramp2
Adding a thread: .top.Ramp2
Invoking initialize():  .top.Test
Initializing actor: .top.Test
Adding a thread: .top.Test
-- Thread stopped.
-- Blocked Receiver call threw TerminateProcessException.
-- Starting thread.
Called initialize()
Called prefire()
Called fire()
-- Starting thread.
Called initialize()
Called prefire()
Called fire()
Called postfire()
Called prefire()
Called fire()
-- Starting thread.
Called initialize()
Called prefire()
Called fire()
Called postfire()
Called prefire()
Called fire()
Called fire().
Checking for deadlock:
There are 3 Blocked actors, 0 Stopped actors, and 4 active threads.
Waiting for actors to stop.
-- Starting thread.
Called initialize()
Called prefire()
Called fire()
Checking for deadlock:
There are 2 Blocked actors, 0 Stopped actors, and 4 active threads.
Waiting for actors to stop.
Called postfire()
Called prefire()
Called fire()
Checking for deadlock:
There are 3 Blocked actors, 0 Stopped actors, and 4 active threads.
Waiting for actors to stop.
Read input token from inputA with value 0.0
Next port to read input from is inputB
Called postfire()
Called prefire()
Called fire()
Checking for deadlock:
There are 2 Blocked actors, 0 Stopped actors, and 4 active threads.
Waiting for actors to stop.
Called postfire()
Called prefire()
Called fire()
Checking for deadlock:
There are 3 Blocked actors, 0 Stopped actors, and 4 active threads.
Waiting for actors to stop.
Read input token from inputB with value 0.0
Checking for deadlock:
There are 2 Blocked actors, 0 Stopped actors, and 4 active threads.
Waiting for actors to stop.
-- Read input: 0.0, which is expected to match: 0.0
Called prefire()
Called fire()
Checking for deadlock:
There are 3 Blocked actors, 0 Stopped actors, and 4 active threads.
Waiting for actors to stop.
Sent output token with value 0.0
Next port to read input from is inputA
Called postfire()
Called prefire()
Called fire()
Checking for deadlock:
There are 2 Blocked actors, 0 Stopped actors, and 4 active threads.
Waiting for actors to stop.
Called postfire()
Called prefire()
Called fire()
Checking for deadlock:
There are 3 Blocked actors, 0 Stopped actors, and 4 active threads.
Waiting for actors to stop.
Read input token from inputA with value 1.0
Checking for deadlock:
There are 2 Blocked actors, 0 Stopped actors, and 4 active threads.
Waiting for actors to stop.
-- Read input: 0.0, which is expected to match: 0.0
Called prefire()
Called fire()
Checking for deadlock:
There are 3 Blocked actors, 0 Stopped actors, and 4 active threads.
Waiting for actors to stop.
Sent output token with value 0.0
Next port to read input from is inputB
Called postfire()
Called prefire()
Called fire()
Checking for deadlock:
There are 2 Blocked actors, 0 Stopped actors, and 4 active threads.
Waiting for actors to stop.
Called postfire()
Called prefire()
Called fire()
Checking for deadlock:
There are 3 Blocked actors, 0 Stopped actors, and 4 active threads.
Waiting for actors to stop.
Read input token from inputB with value 1.5
Checking for deadlock:
There are 2 Blocked actors, 0 Stopped actors, and 4 active threads.
Waiting for actors to stop.
-- Read input: 1.0, which is expected to match: 1.0
Called prefire()
Called fire()
Checking for deadlock:
There are 3 Blocked actors, 0 Stopped actors, and 4 active threads.
Waiting for actors to stop.
Sent output token with value 1.0
Next port to read input from is inputA
Called postfire()
Called prefire()
Called fire()
Checking for deadlock:
There are 2 Blocked actors, 0 Stopped actors, and 4 active threads.
Waiting for actors to stop.
Called postfire()
Called prefire()
Called fire()
Checking for deadlock:
There are 3 Blocked actors, 0 Stopped actors, and 4 active threads.
Waiting for actors to stop.
Read input token from inputA with value 2.0
Checking for deadlock:
There are 2 Blocked actors, 0 Stopped actors, and 4 active threads.
Waiting for actors to stop.
-- Read input: 1.5, which is expected to match: 1.5
Called prefire()
Called fire()
Checking for deadlock:
There are 3 Blocked actors, 0 Stopped actors, and 4 active threads.
Waiting for actors to stop.
Sent output token with value 1.5
Next port to read input from is inputB
Called postfire()
Called prefire()
Called fire()
Checking for deadlock:
There are 2 Blocked actors, 0 Stopped actors, and 4 active threads.
Waiting for actors to stop.
Called postfire()
Called prefire()
Called fire()
Checking for deadlock:
There are 3 Blocked actors, 0 Stopped actors, and 4 active threads.
Waiting for actors to stop.
Read input token from inputB with value 3.0
Checking for deadlock:
There are 2 Blocked actors, 0 Stopped actors, and 4 active threads.
Waiting for actors to stop.
-- Read input: 2.0, which is expected to match: 2.0
Called prefire()
Called fire()
Checking for deadlock:
There are 3 Blocked actors, 0 Stopped actors, and 4 active threads.
Waiting for actors to stop.
Sent output token with value 2.0
Next port to read input from is inputA
Called postfire()
Called prefire()
Called fire()
Checking for deadlock:
There are 2 Blocked actors, 0 Stopped actors, and 4 active threads.
Waiting for actors to stop.
Called postfire()
Called prefire()
Called fire()
Checking for deadlock:
There are 3 Blocked actors, 0 Stopped actors, and 4 active threads.
Waiting for actors to stop.
Read input token from inputA with value 3.0
Checking for deadlock:
There are 2 Blocked actors, 0 Stopped actors, and 4 active threads.
Waiting for actors to stop.
-- Read input: 3.0, which is expected to match: 3.0
Called prefire()
Called fire()
Checking for deadlock:
There are 3 Blocked actors, 0 Stopped actors, and 4 active threads.
Waiting for actors to stop.
Sent output token with value 3.0
Next port to read input from is inputB
Called postfire()
Called prefire()
Called fire()
Checking for deadlock:
There are 2 Blocked actors, 0 Stopped actors, and 4 active threads.
Waiting for actors to stop.
Called postfire()
Called prefire()
Called fire()
Checking for deadlock:
There are 3 Blocked actors, 0 Stopped actors, and 4 active threads.
Waiting for actors to stop.
Read input token from inputB with value 4.5
Checking for deadlock:
There are 2 Blocked actors, 0 Stopped actors, and 4 active threads.
Waiting for actors to stop.
-- Read input: 3.0, which is expected to match: 3.0
Called prefire()
Called fire()
Checking for deadlock:
There are 3 Blocked actors, 0 Stopped actors, and 4 active threads.
Waiting for actors to stop.
Sent output token with value 3.0
Next port to read input from is inputA
Called postfire()
Called prefire()
Called fire()
Checking for deadlock:
There are 2 Blocked actors, 0 Stopped actors, and 4 active threads.
Waiting for actors to stop.
Called postfire()
Called prefire()
Called fire()
Checking for deadlock:
There are 3 Blocked actors, 0 Stopped actors, and 4 active threads.
Waiting for actors to stop.
Read input token from inputA with value 4.0
Checking for deadlock:
There are 2 Blocked actors, 0 Stopped actors, and 4 active threads.
Waiting for actors to stop.
-- Read input: 4.0, which is expected to match: 4.0
Called prefire()
Called fire()
Past the end of training data. Read and discard all inputs.
Checking for deadlock:
There are 3 Blocked actors, 0 Stopped actors, and 4 active threads.
Waiting for actors to stop.
Sent output token with value 4.0
Next port to read input from is inputA
Called postfire()
Called prefire()
Called fire()
Checking for deadlock:
There are 2 Blocked actors, 0 Stopped actors, and 4 active threads.
Waiting for actors to stop.
Called postfire()
Called prefire()
Called fire()
Checking for deadlock:
There are 3 Blocked actors, 0 Stopped actors, and 4 active threads.
Waiting for actors to stop.
Read input token from inputA with value 5.0
Checking for deadlock:
There are 2 Blocked actors, 0 Stopped actors, and 4 active threads.
Waiting for actors to stop.
Called prefire()
Called fire()
Past the end of training data. Read and discard all inputs.
Checking for deadlock:
There are 3 Blocked actors, 0 Stopped actors, and 4 active threads.
Waiting for actors to stop.
Sent output token with value 4.5
Next port to read input from is inputB
Called postfire()
Called prefire()
Called fire()
Checking for deadlock:
There are 2 Blocked actors, 0 Stopped actors, and 4 active threads.
Waiting for actors to stop.
Called postfire()
Called prefire()
Called fire()
Checking for deadlock:
There are 3 Blocked actors, 0 Stopped actors, and 4 active threads.
Waiting for actors to stop.
Read input token from inputB with value 6.0
Checking for deadlock:
There are 2 Blocked actors, 0 Stopped actors, and 4 active threads.
Waiting for actors to stop.
Called prefire()
Called fire()
Past the end of training data. Read and discard all inputs.
Checking for deadlock:
There are 3 Blocked actors, 0 Stopped actors, and 4 active threads.
Waiting for actors to stop.
Sent output token with value 5.0
Next port to read input from is inputA
Called postfire()
Called prefire()
Called fire()
Called postfire()
Called prefire()
Called fire()
Checking for deadlock:
There are 3 Blocked actors, 0 Stopped actors, and 4 active threads.
Waiting for actors to stop.
Read input token from inputA with value 6.0
Called prefire()
Called fire()
Past the end of training data. Read and discard all inputs.
Checking for deadlock:
There are 3 Blocked actors, 0 Stopped actors, and 4 active threads.
Waiting for actors to stop.
Sent output token with value 6.0
Next port to read input from is inputB
Called postfire()
Called prefire()
Called fire()
Checking for deadlock:
There are 2 Blocked actors, 0 Stopped actors, and 4 active threads.
Waiting for actors to stop.
Called postfire()
Called prefire()
Called fire()
Checking for deadlock:
There are 3 Blocked actors, 0 Stopped actors, and 4 active threads.
Waiting for actors to stop.
Read input token from inputB with value 7.5
Checking for deadlock:
There are 2 Blocked actors, 0 Stopped actors, and 4 active threads.
Waiting for actors to stop.
Called prefire()
Called fire()
Past the end of training data. Read and discard all inputs.
Checking for deadlock:
There are 3 Blocked actors, 0 Stopped actors, and 4 active threads.
Waiting for actors to stop.
Sent output token with value 6.0
Next port to read input from is inputA
Called postfire()
Called prefire()
Called fire()
Called postfire()
Called prefire()
Called fire()
Checking for deadlock:
There are 3 Blocked actors, 0 Stopped actors, and 4 active threads.
Waiting for actors to stop.
Read input token from inputA with value 7.0
Called prefire()
Called fire()
Past the end of training data. Read and discard all inputs.
Checking for deadlock:
There are 3 Blocked actors, 0 Stopped actors, and 4 active threads.
Waiting for actors to stop.
Sent output token with value 7.0
Next port to read input from is inputA
Called postfire()
Called prefire()
Called fire()
-- Thread wrapup() called.
Called wrapup()
Thread .top.Ramp is exiting.
-- Thread stopped.
Checking for deadlock:
There are 2 Blocked actors, 0 Stopped actors, and 3 active threads.
Waiting for actors to stop.
Read input token from inputA with value 8.0
Called prefire()
Called fire()
Past the end of training data. Read and discard all inputs.
Checking for deadlock:
There are 2 Blocked actors, 0 Stopped actors, and 3 active threads.
Waiting for actors to stop.
Sent output token with value 7.5
Next port to read input from is inputB
Called postfire()
Called prefire()
Called fire()
Checking for deadlock:
There are 1 Blocked actors, 0 Stopped actors, and 3 active threads.
Waiting for actors to stop.
Called postfire()
Called prefire()
Called fire()
Checking for deadlock:
There are 2 Blocked actors, 0 Stopped actors, and 3 active threads.
Waiting for actors to stop.
Read input token from inputB with value 9.0
Checking for deadlock:
There are 1 Blocked actors, 0 Stopped actors, and 3 active threads.
Waiting for actors to stop.
Called prefire()
Called fire()
Past the end of training data. Read and discard all inputs.
Checking for deadlock:
There are 2 Blocked actors, 0 Stopped actors, and 3 active threads.
Waiting for actors to stop.
Sent output token with value 8.0
Next port to read input from is inputA
Called postfire()
Called prefire()
Called fire()
Read input token from inputA with value 9.0
Checking for deadlock:
There are 1 Blocked actors, 0 Stopped actors, and 3 active threads.
Waiting for actors to stop.
Called prefire()
Called fire()
Past the end of training data. Read and discard all inputs.
Checking for deadlock:
There are 2 Blocked actors, 0 Stopped actors, and 3 active threads.
Waiting for actors to stop.
Sent output token with value 9.0
Next port to read input from is inputB
Called postfire()
Called prefire()
Called fire()
Checking for deadlock:
There are 1 Blocked actors, 0 Stopped actors, and 3 active threads.
Waiting for actors to stop.
Called postfire()
Called prefire()
Called fire()
Checking for deadlock:
There are 2 Blocked actors, 0 Stopped actors, and 3 active threads.
Waiting for actors to stop.
Read input token from inputB with value 10.5
Checking for deadlock:
There are 1 Blocked actors, 0 Stopped actors, and 3 active threads.
Waiting for actors to stop.
Called prefire()
Called fire()
Past the end of training data. Read and discard all inputs.
Checking for deadlock:
There are 2 Blocked actors, 0 Stopped actors, and 3 active threads.
Waiting for actors to stop.
Sent output token with value 9.0
Next port to read input from is inputA
Called postfire()
Called prefire()
Called fire()
Checking for deadlock:
There are 3 Blocked actors, 0 Stopped actors, and 3 active threads.
Actors have stopped.
Checking for deadlock:
There are 3 Blocked actors, 0 Stopped actors, and 3 active threads.
Deadlock detected.
Resolving Deadlock
Checking for deadlock:
There are 3 Blocked actors, 0 Stopped actors, and 3 active threads.
Artificial Deadlock - increasing queue capacity.
increasing the capacity of receiver ptolemy.actor.TypedIOPort {.top.OrderedMerge.inputB} to 2
Director: Called postfire().
Called postfire().
_stopRequested = false
_stopFireRequested = false
Returning from postfire(): true
Called fire().
Checking for deadlock:
There are 2 Blocked actors, 0 Stopped actors, and 3 active threads.
Waiting for actors to stop.
-- Thread wrapup() called.
Called wrapup()
Thread .top.Ramp2 is exiting.
-- Thread stopped.
Checking for deadlock:
There are 2 Blocked actors, 0 Stopped actors, and 2 active threads.
Actors have stopped.
Checking for deadlock:
There are 2 Blocked actors, 0 Stopped actors, and 2 active threads.
Deadlock detected.
Resolving Deadlock
Checking for deadlock:
There are 2 Blocked actors, 0 Stopped actors, and 2 active threads.
Deadlock detected: no processes blocked on write, but some are blocked on read.
Called postfire().
_stopRequested = false
_stopFireRequested = false
Returning from postfire(): false
Finished deactivating branches.
Called wrapup().
-- Thread wrapup() called.
Called wrapup()
Thread .top.Test is exiting.
-- Thread stopped.
-- Blocked Receiver call threw TerminateProcessException.
-- Thread wrapup() called.
Called wrapup()
Thread .top.OrderedMerge is exiting.
10 ms. Memory: 146944K Free: 92465K (63%)
/home/travis/build/icyphy/ptII/ptolemy/actor/lib/test/Publisher.tcl
-- Thread stopped.
-- Blocked Receiver call threw TerminateProcessException.
6 ms. Memory: 146944K Free: 85396K (58%)
5 ms. Memory: 146944K Free: 80511K (55%)
5 ms. Memory: 208384K Free: 197197K (95%)
6 ms. Memory: 208384K Free: 194841K (94%)
5 ms. Memory: 208384K Free: 194841K (94%)
11 ms. Memory: 208384K Free: 194841K (94%)
2 ms. Memory: 208384K Free: 192485K (92%)
9 ms. Memory: 208384K Free: 192485K (92%)
1 ms. Memory: 208384K Free: 183060K (88%)
3 ms. Memory: 208384K Free: 180704K (87%)
2 ms. Memory: 208384K Free: 178348K (86%)
10 ms. Memory: 208384K Free: 175992K (84%)
6 ms. Memory: 208384K Free: 168923K (81%)
9 ms. Memory: 208384K Free: 159499K (77%)
5 ms. Memory: 208384K Free: 147718K (71%)
/home/travis/build/icyphy/ptII/ptolemy/actor/lib/test/Pulse.tcl
2 ms. Memory: 208384K Free: 107662K (52%)
2 ms. Memory: 208384K Free: 105306K (51%)
2 ms. Memory: 208384K Free: 105306K (51%)
8 ms. Memory: 208384K Free: 105306K (51%)
2 ms. Memory: 208384K Free: 105306K (51%)
2 ms. Memory: 208384K Free: 102950K (49%)
8 ms. Memory: 208384K Free: 102950K (49%)
5 ms. Memory: 208384K Free: 102950K (49%)
2 ms. Memory: 208384K Free: 100594K (48%)
/home/travis/build/icyphy/ptII/ptolemy/actor/lib/test/Ramp.tcl
6 ms. Memory: 208384K Free: 98237K (47%)
5 ms. Memory: 208384K Free: 98237K (47%)
2 ms. Memory: 208384K Free: 98237K (47%)
2 ms. Memory: 208384K Free: 95881K (46%)
6 ms. Memory: 208384K Free: 95881K (46%)
8 ms. Memory: 208384K Free: 95881K (46%)
3 ms. Memory: 208384K Free: 93525K (45%)
5 actors
5000 microseconds per iteration to create
6 ms. Memory: 208384K Free: 91169K (44%)
1 ms. Memory: 208384K Free: 91169K (44%)
2 ms. Memory: 208384K Free: 91169K (44%)
2 ms. Memory: 208384K Free: 88813K (43%)
50 actors
27000 microseconds per iteration to create
43 ms. Memory: 208384K Free: 195502K (94%)
5 ms. Memory: 208384K Free: 193110K (93%)
5 ms. Memory: 208384K Free: 193110K (93%)
4 ms. Memory: 208384K Free: 193110K (93%)
500 actors
1268000 microseconds per iteration to create
214 ms. Memory: 332288K Free: 267714K (81%)
34 ms. Memory: 332288K Free: 262921K (79%)
37 ms. Memory: 332288K Free: 253325K (76%)
35 ms. Memory: 332288K Free: 248532K (75%)
/home/travis/build/icyphy/ptII/ptolemy/actor/lib/test/RampContinuous.tcl
6 ms. Memory: 332288K Free: 248532K (75%)
/home/travis/build/icyphy/ptII/ptolemy/actor/lib/test/RecordAssembler.tcl
4 ms. Memory: 332288K Free: 248532K (75%)
2 ms. Memory: 332288K Free: 243722K (73%)
/home/travis/build/icyphy/ptII/ptolemy/actor/lib/test/RecordDisassembler.tcl
4 ms. Memory: 332288K Free: 243722K (73%)
2 ms. Memory: 332288K Free: 243722K (73%)
9 ms. Memory: 332288K Free: 243722K (73%)
/home/travis/build/icyphy/ptII/ptolemy/actor/lib/test/Scale.tcl
2 ms. Memory: 332288K Free: 238928K (72%)
1 ms. Memory: 332288K Free: 238928K (72%)
1 ms. Memory: 332288K Free: 238928K (72%)
5 ms. Memory: 332288K Free: 238928K (72%)
2 ms. Memory: 332288K Free: 238928K (72%)
/home/travis/build/icyphy/ptII/ptolemy/actor/lib/test/SequentialClock.tcl
preinitializing
resolving types
initializing
executing number 1
wrapping up
idle
4 ms. Memory: 332288K Free: 234127K (70%)
Completed execution with 5 iterations
preinitializing
resolving types
initializing
executing number 1
wrapping up
idle
3 ms. Memory: 332288K Free: 234127K (70%)
Completed execution with 5 iterations
preinitializing
resolving types
initializing
executing number 1
wrapping up
idle
1 ms. Memory: 332288K Free: 234127K (70%)
Completed execution with 5 iterations
/home/travis/build/icyphy/ptII/ptolemy/actor/lib/test/SetVariable.tcl
3 ms. Memory: 332288K Free: 234127K (70%)
/home/travis/build/icyphy/ptII/ptolemy/actor/lib/test/Sinewave.tcl
/home/travis/build/icyphy/ptII/ptolemy/actor/lib/test/SubscriptionAggregator.tcl
5 ms. Memory: 332288K Free: 219666K (66%)
4 ms. Memory: 332288K Free: 219666K (66%)
0 ms. Memory: 332288K Free: 219666K (66%)
0 ms. Memory: 332288K Free: 219666K (66%)
2 ms. Memory: 332288K Free: 214872K (65%)
3 ms. Memory: 332288K Free: 210079K (63%)
...............................................................834 ms. Memory: 582144K Free: 345820K (59%)
/home/travis/build/icyphy/ptII/ptolemy/actor/lib/test/Test.tcl
 The next command will produce a warning about training mode,
   which may be ignored.
4 ms. Memory: 582144K Free: 345820K (59%)
1 ms. Memory: 582144K Free: 336133K (58%)
1 ms. Memory: 582144K Free: 336133K (58%)
1 ms. Memory: 582144K Free: 336133K (58%)
1 ms. Memory: 582144K Free: 336133K (58%)
2 ms. Memory: 582144K Free: 336133K (58%)
2 ms. Memory: 582144K Free: 336133K (58%)
 The next command will produce a warning about training mode,
   which may be ignored.
3 ms. Memory: 582144K Free: 336133K (58%)
 The next command will produce a warning about training mode,
   which may be ignored.
2 ms. Memory: 582144K Free: 336133K (58%)
1 ms. Memory: 582144K Free: 336133K (58%)
1 ms. Memory: 582144K Free: 336133K (58%)
1 ms. Memory: 582144K Free: 336133K (58%)
1 ms. Memory: 582144K Free: 326461K (56%)
2 ms. Memory: 582144K Free: 326461K (56%)
/home/travis/build/icyphy/ptII/ptolemy/actor/lib/test/TestExceptionHandler.tcl
 The next command will produce a warning about training mode,
   which may be ignored.
1 ms. Memory: 582144K Free: 326461K (56%)
0 ms. Memory: 582144K Free: 326461K (56%)
1 ms. Memory: 582144K Free: 326461K (56%)
/home/travis/build/icyphy/ptII/ptolemy/actor/lib/test/UnionDisassembler.tcl
11 ms. Memory: 582144K Free: 316789K (54%)
/home/travis/build/icyphy/ptII/ptolemy/actor/lib/test/VariableClock.tcl
preinitializing
resolving types
initializing
executing number 1
wrapping up
idle
9 ms. Memory: 582144K Free: 316789K (54%)
Completed execution with 11 iterations
preinitializing
resolving types
initializing
executing number 1
wrapping up
idle
8 ms. Memory: 582144K Free: 316789K (54%)
Completed execution with 10 iterations
01/28/19 03:20:03
Failed: 1  Total Tests: 234  ((Passed: 233, Newly Passed: 0)  Known Failed: 0) /home/travis/build/icyphy/ptII/ptolemy/actor/lib/test
----------------- testing (KnownFailure) /home/travis/build/icyphy/ptII/ptolemy/actor/lib/test/auto/knownFailedTests/PublisherPortToplevelSubscriber.xml
0 ms. Memory: 582144K Free: 307030K (53%)
Known Failure: java.lang.reflect.InvocationTargetException
----------------- testing (KnownFailure) /home/travis/build/icyphy/ptII/ptolemy/actor/lib/test/auto/knownFailedTests/PublisherSubscriberPortToplevel.xml
1 ms. Memory: 582144K Free: 287513K (49%)
Known Failure: java.lang.reflect.InvocationTargetException
----------------- testing (KnownFailure) /home/travis/build/icyphy/ptII/ptolemy/actor/lib/test/auto/knownFailedTests/PublisherSubscriptionAggregatorPort.xml
1 ms. Memory: 582144K Free: 267995K (46%)
Known Failure: java.lang.reflect.InvocationTargetException
----------------- testing (KnownFailure) /home/travis/build/icyphy/ptII/ptolemy/actor/lib/test/auto/knownFailedTests/sizedarray3.xml
5 ms. Memory: 582144K Free: 248477K (43%)
Known Failure: java.lang.reflect.InvocationTargetException
No auto/linux-amd64/*.xml tests in /home/travis/build/icyphy/ptII/ptolemy/actor/lib/test
AutoTests.java: About to close Vertx.
AutoTests.java: Vertx closed.

===========================================================================================
----------------- testing Mon Jan 28 03:20:04 UTC 2019 /home/travis/build/icyphy/ptII/ptolemy/actor/lib/test/auto/AbsoluteValue.xml
----------------- Instantiating /home/travis/build/icyphy/ptII/ptolemy/actor/lib/test/auto/AbsoluteValue.xml
4 ms. Memory: 582144K Free: 160905K (28%)
----------------- Invoking toplevel() on ptolemy.moml.MoMLSimpleApplication@42646b36
----------------- Done invoking toplevel() on ptolemy.moml.MoMLSimpleApplication@42646b36
reloadAllAccessors: .AbsoluteValue

===========================================================================================
----------------- testing Mon Jan 28 03:20:04 UTC 2019 /home/travis/build/icyphy/ptII/ptolemy/actor/lib/test/auto/AbsoluteValue2.xml
----------------- Instantiating /home/travis/build/icyphy/ptII/ptolemy/actor/lib/test/auto/AbsoluteValue2.xml
5 ms. Memory: 582144K Free: 146258K (25%)
----------------- Invoking toplevel() on ptolemy.moml.MoMLSimpleApplication@186d54ab
----------------- Done invoking toplevel() on ptolemy.moml.MoMLSimpleApplication@186d54ab
reloadAllAccessors: .AbsoluteValue2

===========================================================================================
----------------- testing Mon Jan 28 03:20:04 UTC 2019 /home/travis/build/icyphy/ptII/ptolemy/actor/lib/test/auto/Accumulator.xml
----------------- Instantiating /home/travis/build/icyphy/ptII/ptolemy/actor/lib/test/auto/Accumulator.xml
34 ms. Memory: 582144K Free: 136500K (23%)
----------------- Invoking toplevel() on ptolemy.moml.MoMLSimpleApplication@3c04c70
----------------- Done invoking toplevel() on ptolemy.moml.MoMLSimpleApplication@3c04c70
reloadAllAccessors: .Accumulator

===========================================================================================
----------------- testing Mon Jan 28 03:20:04 UTC 2019 /home/travis/build/icyphy/ptII/ptolemy/actor/lib/test/auto/Accumulator2.xml
----------------- Instantiating /home/travis/build/icyphy/ptII/ptolemy/actor/lib/test/auto/Accumulator2.xml
8 ms. Memory: 582144K Free: 126741K (22%)
----------------- Invoking toplevel() on ptolemy.moml.MoMLSimpleApplication@519f35c4
----------------- Done invoking toplevel() on ptolemy.moml.MoMLSimpleApplication@519f35c4
reloadAllAccessors: .Accumulator2

===========================================================================================
----------------- testing Mon Jan 28 03:20:04 UTC 2019 /home/travis/build/icyphy/ptII/ptolemy/actor/lib/test/auto/Accumulator3.xml
----------------- Instantiating /home/travis/build/icyphy/ptII/ptolemy/actor/lib/test/auto/Accumulator3.xml
4 ms. Memory: 582144K Free: 107311K (18%)
----------------- Invoking toplevel() on ptolemy.moml.MoMLSimpleApplication@4849cd75
----------------- Done invoking toplevel() on ptolemy.moml.MoMLSimpleApplication@4849cd75
reloadAllAccessors: .Accumulator3

===========================================================================================
----------------- testing Mon Jan 28 03:20:04 UTC 2019 /home/travis/build/icyphy/ptII/ptolemy/actor/lib/test/auto/ArrayAppend.xml
----------------- Instantiating /home/travis/build/icyphy/ptII/ptolemy/actor/lib/test/auto/ArrayAppend.xml
7 ms. Memory: 582144K Free: 97552K (17%)
----------------- Invoking toplevel() on ptolemy.moml.MoMLSimpleApplication@7a9454df
----------------- Done invoking toplevel() on ptolemy.moml.MoMLSimpleApplication@7a9454df
reloadAllAccessors: .ArrayAppend

===========================================================================================
----------------- testing Mon Jan 28 03:20:04 UTC 2019 /home/travis/build/icyphy/ptII/ptolemy/actor/lib/test/auto/ArrayAppend2.xml
----------------- Instantiating /home/travis/build/icyphy/ptII/ptolemy/actor/lib/test/auto/ArrayAppend2.xml
520 ms. Memory: 582656K Free: 479642K (82%)
----------------- Invoking toplevel() on ptolemy.moml.MoMLSimpleApplication@2190c4b0
----------------- Done invoking toplevel() on ptolemy.moml.MoMLSimpleApplication@2190c4b0
reloadAllAccessors: .ArrayAppend2

===========================================================================================
----------------- testing Mon Jan 28 03:20:05 UTC 2019 /home/travis/build/icyphy/ptII/ptolemy/actor/lib/test/auto/ArrayAppend3.xml
----------------- Instantiating /home/travis/build/icyphy/ptII/ptolemy/actor/lib/test/auto/ArrayAppend3.xml
4 ms. Memory: 582656K Free: 462357K (79%)
----------------- Invoking toplevel() on ptolemy.moml.MoMLSimpleApplication@3226aef4
----------------- Done invoking toplevel() on ptolemy.moml.MoMLSimpleApplication@3226aef4
reloadAllAccessors: .ArrayAppend3

===========================================================================================
----------------- testing Mon Jan 28 03:20:05 UTC 2019 /home/travis/build/icyphy/ptII/ptolemy/actor/lib/test/auto/ArrayAppend4.xml
----------------- Instantiating /home/travis/build/icyphy/ptII/ptolemy/actor/lib/test/auto/ArrayAppend4.xml
8 ms. Memory: 582656K Free: 455852K (78%)
----------------- Invoking toplevel() on ptolemy.moml.MoMLSimpleApplication@8b59b00
----------------- Done invoking toplevel() on ptolemy.moml.MoMLSimpleApplication@8b59b00
reloadAllAccessors: .ArrayAppend4

===========================================================================================
----------------- testing Mon Jan 28 03:20:05 UTC 2019 /home/travis/build/icyphy/ptII/ptolemy/actor/lib/test/auto/ArrayAppend5.xml
----------------- Instantiating /home/travis/build/icyphy/ptII/ptolemy/actor/lib/test/auto/ArrayAppend5.xml
4 ms. Memory: 582656K Free: 449346K (77%)
----------------- Invoking toplevel() on ptolemy.moml.MoMLSimpleApplication@70f2b674
----------------- Done invoking toplevel() on ptolemy.moml.MoMLSimpleApplication@70f2b674
reloadAllAccessors: .ArrayAppend5

===========================================================================================
----------------- testing Mon Jan 28 03:20:05 UTC 2019 /home/travis/build/icyphy/ptII/ptolemy/actor/lib/test/auto/ArrayAppend6.xml
----------------- Instantiating /home/travis/build/icyphy/ptII/ptolemy/actor/lib/test/auto/ArrayAppend6.xml
2 ms. Memory: 582656K Free: 434657K (75%)
----------------- Invoking toplevel() on ptolemy.moml.MoMLSimpleApplication@416fa7f6
----------------- Done invoking toplevel() on ptolemy.moml.MoMLSimpleApplication@416fa7f6
reloadAllAccessors: .ArrayAppend6

===========================================================================================
----------------- testing Mon Jan 28 03:20:05 UTC 2019 /home/travis/build/icyphy/ptII/ptolemy/actor/lib/test/auto/ArrayAppendPerformanceTest.xml
----------------- Instantiating /home/travis/build/icyphy/ptII/ptolemy/actor/lib/test/auto/ArrayAppendPerformanceTest.xml
29 ms. Memory: 582656K Free: 421614K (72%)
----------------- Invoking toplevel() on ptolemy.moml.MoMLSimpleApplication@6bc4947c
----------------- Done invoking toplevel() on ptolemy.moml.MoMLSimpleApplication@6bc4947c
reloadAllAccessors: .ArrayAppendPerformanceTest

===========================================================================================
----------------- testing Mon Jan 28 03:20:05 UTC 2019 /home/travis/build/icyphy/ptII/ptolemy/actor/lib/test/auto/ArrayAppendWithEmptyInput.xml
----------------- Instantiating /home/travis/build/icyphy/ptII/ptolemy/actor/lib/test/auto/ArrayAppendWithEmptyInput.xml
12 ms. Memory: 582656K Free: 406959K (70%)
----------------- Invoking toplevel() on ptolemy.moml.MoMLSimpleApplication@17e81302
----------------- Done invoking toplevel() on ptolemy.moml.MoMLSimpleApplication@17e81302
reloadAllAccessors: .ArrayAppendWithEmptyInput

===========================================================================================
----------------- testing Mon Jan 28 03:20:05 UTC 2019 /home/travis/build/icyphy/ptII/ptolemy/actor/lib/test/auto/ArrayAverage.xml
----------------- Instantiating /home/travis/build/icyphy/ptII/ptolemy/actor/lib/test/auto/ArrayAverage.xml
5 ms. Memory: 582656K Free: 397185K (68%)
----------------- Invoking toplevel() on ptolemy.moml.MoMLSimpleApplication@5b4ffaa5
----------------- Done invoking toplevel() on ptolemy.moml.MoMLSimpleApplication@5b4ffaa5
reloadAllAccessors: .ArrayAverage

===========================================================================================
----------------- testing Mon Jan 28 03:20:05 UTC 2019 /home/travis/build/icyphy/ptII/ptolemy/actor/lib/test/auto/ArrayContains.xml
----------------- Instantiating /home/travis/build/icyphy/ptII/ptolemy/actor/lib/test/auto/ArrayContains.xml
3 ms. Memory: 582656K Free: 379235K (65%)
----------------- Invoking toplevel() on ptolemy.moml.MoMLSimpleApplication@4b972d61
----------------- Done invoking toplevel() on ptolemy.moml.MoMLSimpleApplication@4b972d61
reloadAllAccessors: .ArrayContains

===========================================================================================
----------------- testing Mon Jan 28 03:20:05 UTC 2019 /home/travis/build/icyphy/ptII/ptolemy/actor/lib/test/auto/ArrayElement.xml
----------------- Instantiating /home/travis/build/icyphy/ptII/ptolemy/actor/lib/test/auto/ArrayElement.xml
8 ms. Memory: 582656K Free: 372729K (64%)
----------------- Invoking toplevel() on ptolemy.moml.MoMLSimpleApplication@1f9719a6
----------------- Done invoking toplevel() on ptolemy.moml.MoMLSimpleApplication@1f9719a6
reloadAllAccessors: .ArrayElement

===========================================================================================
----------------- testing Mon Jan 28 03:20:05 UTC 2019 /home/travis/build/icyphy/ptII/ptolemy/actor/lib/test/auto/ArrayElementAsMatrix.xml
----------------- Instantiating /home/travis/build/icyphy/ptII/ptolemy/actor/lib/test/auto/ArrayElementAsMatrix.xml
16 ms. Memory: 582656K Free: 362955K (62%)
----------------- Invoking toplevel() on ptolemy.moml.MoMLSimpleApplication@70539fdb
----------------- Done invoking toplevel() on ptolemy.moml.MoMLSimpleApplication@70539fdb
reloadAllAccessors: .ArrayElementAsMatrix

===========================================================================================
----------------- testing Mon Jan 28 03:20:05 UTC 2019 /home/travis/build/icyphy/ptII/ptolemy/actor/lib/test/auto/ArrayElementI.xml
----------------- Instantiating /home/travis/build/icyphy/ptII/ptolemy/actor/lib/test/auto/ArrayElementI.xml
3 ms. Memory: 582656K Free: 356449K (61%)
----------------- Invoking toplevel() on ptolemy.moml.MoMLSimpleApplication@4f4a2640
----------------- Done invoking toplevel() on ptolemy.moml.MoMLSimpleApplication@4f4a2640
reloadAllAccessors: .ArrayElementI

===========================================================================================
----------------- testing Mon Jan 28 03:20:05 UTC 2019 /home/travis/build/icyphy/ptII/ptolemy/actor/lib/test/auto/ArrayExtract.xml
----------------- Instantiating /home/travis/build/icyphy/ptII/ptolemy/actor/lib/test/auto/ArrayExtract.xml
4 ms. Memory: 582656K Free: 338507K (58%)
----------------- Invoking toplevel() on ptolemy.moml.MoMLSimpleApplication@61286372
----------------- Done invoking toplevel() on ptolemy.moml.MoMLSimpleApplication@61286372
reloadAllAccessors: .ArrayExtract

===========================================================================================
----------------- testing Mon Jan 28 03:20:05 UTC 2019 /home/travis/build/icyphy/ptII/ptolemy/actor/lib/test/auto/ArrayExtract2.xml
----------------- Instantiating /home/travis/build/icyphy/ptII/ptolemy/actor/lib/test/auto/ArrayExtract2.xml
2 ms. Memory: 582656K Free: 332001K (57%)
----------------- Invoking toplevel() on ptolemy.moml.MoMLSimpleApplication@46766af
----------------- Done invoking toplevel() on ptolemy.moml.MoMLSimpleApplication@46766af
reloadAllAccessors: .ArrayExtract2

===========================================================================================
----------------- testing Mon Jan 28 03:20:05 UTC 2019 /home/travis/build/icyphy/ptII/ptolemy/actor/lib/test/auto/ArrayLength.xml
----------------- Instantiating /home/travis/build/icyphy/ptII/ptolemy/actor/lib/test/auto/ArrayLength.xml
3 ms. Memory: 582656K Free: 325496K (56%)
----------------- Invoking toplevel() on ptolemy.moml.MoMLSimpleApplication@4ba26cd
----------------- Done invoking toplevel() on ptolemy.moml.MoMLSimpleApplication@4ba26cd
reloadAllAccessors: .ArrayLength

===========================================================================================
----------------- testing Mon Jan 28 03:20:05 UTC 2019 /home/travis/build/icyphy/ptII/ptolemy/actor/lib/test/auto/ArrayLevelCrossing.xml
----------------- Instantiating /home/travis/build/icyphy/ptII/ptolemy/actor/lib/test/auto/ArrayLevelCrossing.xml
5 ms. Memory: 582656K Free: 307538K (53%)
----------------- Invoking toplevel() on ptolemy.moml.MoMLSimpleApplication@16afb0c7
----------------- Done invoking toplevel() on ptolemy.moml.MoMLSimpleApplication@16afb0c7
reloadAllAccessors: .ArrayLevelCrossing

===========================================================================================
----------------- testing Mon Jan 28 03:20:05 UTC 2019 /home/travis/build/icyphy/ptII/ptolemy/actor/lib/test/auto/ArrayLevelCrossing2.xml
----------------- Instantiating /home/travis/build/icyphy/ptII/ptolemy/actor/lib/test/auto/ArrayLevelCrossing2.xml
3 ms. Memory: 582656K Free: 297779K (51%)
----------------- Invoking toplevel() on ptolemy.moml.MoMLSimpleApplication@51fe2704
----------------- Done invoking toplevel() on ptolemy.moml.MoMLSimpleApplication@51fe2704
reloadAllAccessors: .ArrayLevelCrossing2

===========================================================================================
----------------- testing Mon Jan 28 03:20:05 UTC 2019 /home/travis/build/icyphy/ptII/ptolemy/actor/lib/test/auto/ArrayPeakSearch.xml
----------------- Instantiating /home/travis/build/icyphy/ptII/ptolemy/actor/lib/test/auto/ArrayPeakSearch.xml
5 ms. Memory: 582656K Free: 288020K (49%)
----------------- Invoking toplevel() on ptolemy.moml.MoMLSimpleApplication@56e12b90
----------------- Done invoking toplevel() on ptolemy.moml.MoMLSimpleApplication@56e12b90
reloadAllAccessors: .ArrayPeakSearch

===========================================================================================
----------------- testing Mon Jan 28 03:20:05 UTC 2019 /home/travis/build/icyphy/ptII/ptolemy/actor/lib/test/auto/ArrayPeakSearch2.xml
----------------- Instantiating /home/travis/build/icyphy/ptII/ptolemy/actor/lib/test/auto/ArrayPeakSearch2.xml
8 ms. Memory: 582656K Free: 275001K (47%)
----------------- Invoking toplevel() on ptolemy.moml.MoMLSimpleApplication@66e0f5b5
----------------- Done invoking toplevel() on ptolemy.moml.MoMLSimpleApplication@66e0f5b5
reloadAllAccessors: .ArrayPeakSearch2

===========================================================================================
----------------- testing Mon Jan 28 03:20:06 UTC 2019 /home/travis/build/icyphy/ptII/ptolemy/actor/lib/test/auto/ArrayPeakSearch3.xml
----------------- Instantiating /home/travis/build/icyphy/ptII/ptolemy/actor/lib/test/auto/ArrayPeakSearch3.xml
6 ms. Memory: 582656K Free: 253782K (44%)
----------------- Invoking toplevel() on ptolemy.moml.MoMLSimpleApplication@191d2fe2
----------------- Done invoking toplevel() on ptolemy.moml.MoMLSimpleApplication@191d2fe2
reloadAllAccessors: .ArrayPeakSearch3

===========================================================================================
----------------- testing Mon Jan 28 03:20:06 UTC 2019 /home/travis/build/icyphy/ptII/ptolemy/actor/lib/test/auto/ArrayRemoveElement.xml
----------------- Instantiating /home/travis/build/icyphy/ptII/ptolemy/actor/lib/test/auto/ArrayRemoveElement.xml
6 ms. Memory: 582656K Free: 244016K (42%)
----------------- Invoking toplevel() on ptolemy.moml.MoMLSimpleApplication@61c239c3
----------------- Done invoking toplevel() on ptolemy.moml.MoMLSimpleApplication@61c239c3
reloadAllAccessors: .ArrayRemoveElement

===========================================================================================
----------------- testing Mon Jan 28 03:20:06 UTC 2019 /home/travis/build/icyphy/ptII/ptolemy/actor/lib/test/auto/ArraySort.xml
----------------- Instantiating /home/travis/build/icyphy/ptII/ptolemy/actor/lib/test/auto/ArraySort.xml
3 ms. Memory: 582656K Free: 231004K (40%)
----------------- Invoking toplevel() on ptolemy.moml.MoMLSimpleApplication@3d2412db
----------------- Done invoking toplevel() on ptolemy.moml.MoMLSimpleApplication@3d2412db
reloadAllAccessors: .ArraySort

===========================================================================================
----------------- testing Mon Jan 28 03:20:06 UTC 2019 /home/travis/build/icyphy/ptII/ptolemy/actor/lib/test/auto/ArraySum.xml
----------------- Instantiating /home/travis/build/icyphy/ptII/ptolemy/actor/lib/test/auto/ArraySum.xml
3 ms. Memory: 582656K Free: 224498K (39%)
----------------- Invoking toplevel() on ptolemy.moml.MoMLSimpleApplication@5255c004
----------------- Done invoking toplevel() on ptolemy.moml.MoMLSimpleApplication@5255c004
reloadAllAccessors: .ArraySum

===========================================================================================
----------------- testing Mon Jan 28 03:20:06 UTC 2019 /home/travis/build/icyphy/ptII/ptolemy/actor/lib/test/auto/ArrayToElements.xml
----------------- Instantiating /home/travis/build/icyphy/ptII/ptolemy/actor/lib/test/auto/ArrayToElements.xml
3 ms. Memory: 582656K Free: 206540K (35%)
----------------- Invoking toplevel() on ptolemy.moml.MoMLSimpleApplication@76206400
----------------- Done invoking toplevel() on ptolemy.moml.MoMLSimpleApplication@76206400
reloadAllAccessors: .ArrayToElements

===========================================================================================
----------------- testing Mon Jan 28 03:20:06 UTC 2019 /home/travis/build/icyphy/ptII/ptolemy/actor/lib/test/auto/ArrayToMatrix.xml
----------------- Instantiating /home/travis/build/icyphy/ptII/ptolemy/actor/lib/test/auto/ArrayToMatrix.xml
5 ms. Memory: 582656K Free: 190244K (33%)
----------------- Invoking toplevel() on ptolemy.moml.MoMLSimpleApplication@21a6472d
----------------- Done invoking toplevel() on ptolemy.moml.MoMLSimpleApplication@21a6472d
reloadAllAccessors: .ArrayToMatrix

===========================================================================================
----------------- testing Mon Jan 28 03:20:06 UTC 2019 /home/travis/build/icyphy/ptII/ptolemy/actor/lib/test/auto/ArrayUpdate1.xml
----------------- Instantiating /home/travis/build/icyphy/ptII/ptolemy/actor/lib/test/auto/ArrayUpdate1.xml
2 ms. Memory: 582656K Free: 183738K (32%)
----------------- Invoking toplevel() on ptolemy.moml.MoMLSimpleApplication@2be1bc31
----------------- Done invoking toplevel() on ptolemy.moml.MoMLSimpleApplication@2be1bc31
reloadAllAccessors: .ArrayUpdate1

===========================================================================================
----------------- testing Mon Jan 28 03:20:06 UTC 2019 /home/travis/build/icyphy/ptII/ptolemy/actor/lib/test/auto/ArrayUpdate2.xml
----------------- Instantiating /home/travis/build/icyphy/ptII/ptolemy/actor/lib/test/auto/ArrayUpdate2.xml
3 ms. Memory: 582656K Free: 173963K (30%)
----------------- Invoking toplevel() on ptolemy.moml.MoMLSimpleApplication@3e8392f8
----------------- Done invoking toplevel() on ptolemy.moml.MoMLSimpleApplication@3e8392f8
reloadAllAccessors: .ArrayUpdate2

===========================================================================================
----------------- testing Mon Jan 28 03:20:06 UTC 2019 /home/travis/build/icyphy/ptII/ptolemy/actor/lib/test/auto/ArrayUpdate3.xml
----------------- Instantiating /home/travis/build/icyphy/ptII/ptolemy/actor/lib/test/auto/ArrayUpdate3.xml
2 ms. Memory: 582656K Free: 159275K (27%)
----------------- Invoking toplevel() on ptolemy.moml.MoMLSimpleApplication@320e243e
----------------- Done invoking toplevel() on ptolemy.moml.MoMLSimpleApplication@320e243e
reloadAllAccessors: .ArrayUpdate3

===========================================================================================
----------------- testing Mon Jan 28 03:20:06 UTC 2019 /home/travis/build/icyphy/ptII/ptolemy/actor/lib/test/auto/Assert1.xml
----------------- Instantiating /home/travis/build/icyphy/ptII/ptolemy/actor/lib/test/auto/Assert1.xml
2 ms. Memory: 582656K Free: 152769K (26%)
----------------- Invoking toplevel() on ptolemy.moml.MoMLSimpleApplication@31d1be01
----------------- Done invoking toplevel() on ptolemy.moml.MoMLSimpleApplication@31d1be01
reloadAllAccessors: .Assert1

===========================================================================================
----------------- testing Mon Jan 28 03:20:06 UTC 2019 /home/travis/build/icyphy/ptII/ptolemy/actor/lib/test/auto/Assert2.xml
----------------- Instantiating /home/travis/build/icyphy/ptII/ptolemy/actor/lib/test/auto/Assert2.xml
6 ms. Memory: 582656K Free: 146263K (25%)
----------------- Invoking toplevel() on ptolemy.moml.MoMLSimpleApplication@666c88b0
----------------- Done invoking toplevel() on ptolemy.moml.MoMLSimpleApplication@666c88b0
reloadAllAccessors: .Assert2

===========================================================================================
----------------- testing Mon Jan 28 03:20:06 UTC 2019 /home/travis/build/icyphy/ptII/ptolemy/actor/lib/test/auto/BooleanMultiplexor.xml
----------------- Instantiating /home/travis/build/icyphy/ptII/ptolemy/actor/lib/test/auto/BooleanMultiplexor.xml
1 ms. Memory: 582656K Free: 131574K (23%)
----------------- Invoking toplevel() on ptolemy.moml.MoMLSimpleApplication@28e4b54c
----------------- Done invoking toplevel() on ptolemy.moml.MoMLSimpleApplication@28e4b54c
reloadAllAccessors: .BooleanMultiplexor

===========================================================================================
----------------- testing Mon Jan 28 03:20:06 UTC 2019 /home/travis/build/icyphy/ptII/ptolemy/actor/lib/test/auto/BooleanMultiplexor2.xml
----------------- Instantiating /home/travis/build/icyphy/ptII/ptolemy/actor/lib/test/auto/BooleanMultiplexor2.xml
3 ms. Memory: 582656K Free: 121800K (21%)
----------------- Invoking toplevel() on ptolemy.moml.MoMLSimpleApplication@133faf03
----------------- Done invoking toplevel() on ptolemy.moml.MoMLSimpleApplication@133faf03
reloadAllAccessors: .BooleanMultiplexor2

===========================================================================================
----------------- testing Mon Jan 28 03:20:06 UTC 2019 /home/travis/build/icyphy/ptII/ptolemy/actor/lib/test/auto/BooleanMultiplexor3.xml
----------------- Instantiating /home/travis/build/icyphy/ptII/ptolemy/actor/lib/test/auto/BooleanMultiplexor3.xml
1 ms. Memory: 582656K Free: 115294K (20%)
----------------- Invoking toplevel() on ptolemy.moml.MoMLSimpleApplication@4fcba130
----------------- Done invoking toplevel() on ptolemy.moml.MoMLSimpleApplication@4fcba130
reloadAllAccessors: .BooleanMultiplexor3

===========================================================================================
----------------- testing Mon Jan 28 03:20:06 UTC 2019 /home/travis/build/icyphy/ptII/ptolemy/actor/lib/test/auto/BooleanSelect.xml
----------------- Instantiating /home/travis/build/icyphy/ptII/ptolemy/actor/lib/test/auto/BooleanSelect.xml
7 ms. Memory: 582656K Free: 105519K (18%)
----------------- Invoking toplevel() on ptolemy.moml.MoMLSimpleApplication@a48685a
----------------- Done invoking toplevel() on ptolemy.moml.MoMLSimpleApplication@a48685a
reloadAllAccessors: .BooleanSelect

===========================================================================================
----------------- testing Mon Jan 28 03:20:06 UTC 2019 /home/travis/build/icyphy/ptII/ptolemy/actor/lib/test/auto/BooleanSelect2.xml
----------------- Instantiating /home/travis/build/icyphy/ptII/ptolemy/actor/lib/test/auto/BooleanSelect2.xml
1 ms. Memory: 582656K Free: 90830K (16%)
----------------- Invoking toplevel() on ptolemy.moml.MoMLSimpleApplication@6e1a9155
----------------- Done invoking toplevel() on ptolemy.moml.MoMLSimpleApplication@6e1a9155
reloadAllAccessors: .BooleanSelect2

===========================================================================================
----------------- testing Mon Jan 28 03:20:06 UTC 2019 /home/travis/build/icyphy/ptII/ptolemy/actor/lib/test/auto/BooleanSwitch.xml
----------------- Instantiating /home/travis/build/icyphy/ptII/ptolemy/actor/lib/test/auto/BooleanSwitch.xml
2 ms. Memory: 582656K Free: 81055K (14%)
----------------- Invoking toplevel() on ptolemy.moml.MoMLSimpleApplication@3f1c5eb3
----------------- Done invoking toplevel() on ptolemy.moml.MoMLSimpleApplication@3f1c5eb3
reloadAllAccessors: .BooleanSwitch

===========================================================================================
----------------- testing Mon Jan 28 03:20:06 UTC 2019 /home/travis/build/icyphy/ptII/ptolemy/actor/lib/test/auto/BooleanSwitch2.xml
----------------- Instantiating /home/travis/build/icyphy/ptII/ptolemy/actor/lib/test/auto/BooleanSwitch2.xml
1 ms. Memory: 582656K Free: 74550K (13%)
----------------- Invoking toplevel() on ptolemy.moml.MoMLSimpleApplication@79ab46fd
----------------- Done invoking toplevel() on ptolemy.moml.MoMLSimpleApplication@79ab46fd
reloadAllAccessors: .BooleanSwitch2

===========================================================================================
----------------- testing Mon Jan 28 03:20:06 UTC 2019 /home/travis/build/icyphy/ptII/ptolemy/actor/lib/test/auto/BooleanSwitchCloningBugWithClassRelationGroup.xml
----------------- Instantiating /home/travis/build/icyphy/ptII/ptolemy/actor/lib/test/auto/BooleanSwitchCloningBugWithClassRelationGroup.xml
2 ms. Memory: 582656K Free: 64775K (11%)
----------------- Invoking toplevel() on ptolemy.moml.MoMLSimpleApplication@4847108a
----------------- Done invoking toplevel() on ptolemy.moml.MoMLSimpleApplication@4847108a
reloadAllAccessors: .BooleanSwitchCloningBugWithClassRelationGroup

===========================================================================================
----------------- testing Mon Jan 28 03:20:06 UTC 2019 /home/travis/build/icyphy/ptII/ptolemy/actor/lib/test/auto/BusActors.xml
----------------- Instantiating /home/travis/build/icyphy/ptII/ptolemy/actor/lib/test/auto/BusActors.xml
3 ms. Memory: 880640K Free: 830726K (94%)
----------------- Invoking toplevel() on ptolemy.moml.MoMLSimpleApplication@782a9bb7
----------------- Done invoking toplevel() on ptolemy.moml.MoMLSimpleApplication@782a9bb7
reloadAllAccessors: .BusActors

===========================================================================================
----------------- testing Mon Jan 28 03:20:06 UTC 2019 /home/travis/build/icyphy/ptII/ptolemy/actor/lib/test/auto/ClassWrapper.xml
----------------- Instantiating /home/travis/build/icyphy/ptII/ptolemy/actor/lib/test/auto/ClassWrapper.xml
2 ms. Memory: 880640K Free: 813266K (92%)
----------------- Invoking toplevel() on ptolemy.moml.MoMLSimpleApplication@371b4623
----------------- Done invoking toplevel() on ptolemy.moml.MoMLSimpleApplication@371b4623
reloadAllAccessors: .ClassWrapper

===========================================================================================
----------------- testing Mon Jan 28 03:20:06 UTC 2019 /home/travis/build/icyphy/ptII/ptolemy/actor/lib/test/auto/Clock.xml
----------------- Instantiating /home/travis/build/icyphy/ptII/ptolemy/actor/lib/test/auto/Clock.xml
2 ms. Memory: 880640K Free: 805458K (91%)
----------------- Invoking toplevel() on ptolemy.moml.MoMLSimpleApplication@6f168c87
----------------- Done invoking toplevel() on ptolemy.moml.MoMLSimpleApplication@6f168c87
reloadAllAccessors: .Clock

===========================================================================================
----------------- testing Mon Jan 28 03:20:06 UTC 2019 /home/travis/build/icyphy/ptII/ptolemy/actor/lib/test/auto/Clock10.xml
----------------- Instantiating /home/travis/build/icyphy/ptII/ptolemy/actor/lib/test/auto/Clock10.xml
4 ms. Memory: 880640K Free: 797650K (91%)
----------------- Invoking toplevel() on ptolemy.moml.MoMLSimpleApplication@3c359eb6
----------------- Done invoking toplevel() on ptolemy.moml.MoMLSimpleApplication@3c359eb6
reloadAllAccessors: .Clock10

===========================================================================================
----------------- testing Mon Jan 28 03:20:06 UTC 2019 /home/travis/build/icyphy/ptII/ptolemy/actor/lib/test/auto/Clock11.xml
----------------- Instantiating /home/travis/build/icyphy/ptII/ptolemy/actor/lib/test/auto/Clock11.xml
4 ms. Memory: 880640K Free: 789842K (90%)
----------------- Invoking toplevel() on ptolemy.moml.MoMLSimpleApplication@34956741
----------------- Done invoking toplevel() on ptolemy.moml.MoMLSimpleApplication@34956741
reloadAllAccessors: .Clock11

===========================================================================================
----------------- testing Mon Jan 28 03:20:06 UTC 2019 /home/travis/build/icyphy/ptII/ptolemy/actor/lib/test/auto/Clock12.xml
----------------- Instantiating /home/travis/build/icyphy/ptII/ptolemy/actor/lib/test/auto/Clock12.xml
3 ms. Memory: 880640K Free: 772543K (88%)
----------------- Invoking toplevel() on ptolemy.moml.MoMLSimpleApplication@66d311e7
----------------- Done invoking toplevel() on ptolemy.moml.MoMLSimpleApplication@66d311e7
reloadAllAccessors: .Clock12

===========================================================================================
----------------- testing Mon Jan 28 03:20:06 UTC 2019 /home/travis/build/icyphy/ptII/ptolemy/actor/lib/test/auto/Clock13.xml
----------------- Instantiating /home/travis/build/icyphy/ptII/ptolemy/actor/lib/test/auto/Clock13.xml
8 ms. Memory: 880640K Free: 764735K (87%)
----------------- Invoking toplevel() on ptolemy.moml.MoMLSimpleApplication@4c3b9d8e
----------------- Done invoking toplevel() on ptolemy.moml.MoMLSimpleApplication@4c3b9d8e
reloadAllAccessors: .Clock13

===========================================================================================
----------------- testing Mon Jan 28 03:20:06 UTC 2019 /home/travis/build/icyphy/ptII/ptolemy/actor/lib/test/auto/Clock14.xml
----------------- Instantiating /home/travis/build/icyphy/ptII/ptolemy/actor/lib/test/auto/Clock14.xml
7 ms. Memory: 880640K Free: 756927K (86%)
----------------- Invoking toplevel() on ptolemy.moml.MoMLSimpleApplication@694d2620
----------------- Done invoking toplevel() on ptolemy.moml.MoMLSimpleApplication@694d2620
reloadAllAccessors: .Clock14

===========================================================================================
----------------- testing Mon Jan 28 03:20:06 UTC 2019 /home/travis/build/icyphy/ptII/ptolemy/actor/lib/test/auto/Clock15.xml
----------------- Instantiating /home/travis/build/icyphy/ptII/ptolemy/actor/lib/test/auto/Clock15.xml
6 ms. Memory: 880640K Free: 749119K (85%)
----------------- Invoking toplevel() on ptolemy.moml.MoMLSimpleApplication@58d4ea1b
----------------- Done invoking toplevel() on ptolemy.moml.MoMLSimpleApplication@58d4ea1b
reloadAllAccessors: .Clock15

===========================================================================================
----------------- testing Mon Jan 28 03:20:06 UTC 2019 /home/travis/build/icyphy/ptII/ptolemy/actor/lib/test/auto/Clock16.xml
----------------- Instantiating /home/travis/build/icyphy/ptII/ptolemy/actor/lib/test/auto/Clock16.xml
21 ms. Memory: 880640K Free: 723996K (82%)
----------------- Invoking toplevel() on ptolemy.moml.MoMLSimpleApplication@5d3cfd25
----------------- Done invoking toplevel() on ptolemy.moml.MoMLSimpleApplication@5d3cfd25
reloadAllAccessors: .Clock16

===========================================================================================
----------------- testing Mon Jan 28 03:20:06 UTC 2019 /home/travis/build/icyphy/ptII/ptolemy/actor/lib/test/auto/Clock17.xml
----------------- Instantiating /home/travis/build/icyphy/ptII/ptolemy/actor/lib/test/auto/Clock17.xml
20 ms. Memory: 880640K Free: 708364K (80%)
----------------- Invoking toplevel() on ptolemy.moml.MoMLSimpleApplication@63e8160a
----------------- Done invoking toplevel() on ptolemy.moml.MoMLSimpleApplication@63e8160a
reloadAllAccessors: .Clock17

===========================================================================================
----------------- testing Mon Jan 28 03:20:06 UTC 2019 /home/travis/build/icyphy/ptII/ptolemy/actor/lib/test/auto/Clock18.xml
----------------- Instantiating /home/travis/build/icyphy/ptII/ptolemy/actor/lib/test/auto/Clock18.xml
17 ms. Memory: 880640K Free: 692716K (79%)
----------------- Invoking toplevel() on ptolemy.moml.MoMLSimpleApplication@3555cd0f
----------------- Done invoking toplevel() on ptolemy.moml.MoMLSimpleApplication@3555cd0f
reloadAllAccessors: .Clock18

===========================================================================================
----------------- testing Mon Jan 28 03:20:06 UTC 2019 /home/travis/build/icyphy/ptII/ptolemy/actor/lib/test/auto/Clock19.xml
----------------- Instantiating /home/travis/build/icyphy/ptII/ptolemy/actor/lib/test/auto/Clock19.xml
14 ms. Memory: 880640K Free: 677084K (77%)
----------------- Invoking toplevel() on ptolemy.moml.MoMLSimpleApplication@486f7c8f
----------------- Done invoking toplevel() on ptolemy.moml.MoMLSimpleApplication@486f7c8f
reloadAllAccessors: .Clock19

===========================================================================================
----------------- testing Mon Jan 28 03:20:07 UTC 2019 /home/travis/build/icyphy/ptII/ptolemy/actor/lib/test/auto/Clock2.xml
----------------- Instantiating /home/travis/build/icyphy/ptII/ptolemy/actor/lib/test/auto/Clock2.xml
2 ms. Memory: 880640K Free: 659785K (75%)
----------------- Invoking toplevel() on ptolemy.moml.MoMLSimpleApplication@498c6953
----------------- Done invoking toplevel() on ptolemy.moml.MoMLSimpleApplication@498c6953
reloadAllAccessors: .Clock2

===========================================================================================
----------------- testing Mon Jan 28 03:20:07 UTC 2019 /home/travis/build/icyphy/ptII/ptolemy/actor/lib/test/auto/Clock20.xml
----------------- Instantiating /home/travis/build/icyphy/ptII/ptolemy/actor/lib/test/auto/Clock20.xml
2 ms. Memory: 880640K Free: 651977K (74%)
----------------- Invoking toplevel() on ptolemy.moml.MoMLSimpleApplication@497dc458
----------------- Done invoking toplevel() on ptolemy.moml.MoMLSimpleApplication@497dc458
reloadAllAccessors: .Clock20

===========================================================================================
----------------- testing Mon Jan 28 03:20:07 UTC 2019 /home/travis/build/icyphy/ptII/ptolemy/actor/lib/test/auto/Clock21.xml
----------------- Instantiating /home/travis/build/icyphy/ptII/ptolemy/actor/lib/test/auto/Clock21.xml
2 ms. Memory: 880640K Free: 644169K (73%)
----------------- Invoking toplevel() on ptolemy.moml.MoMLSimpleApplication@2149fe7e
----------------- Done invoking toplevel() on ptolemy.moml.MoMLSimpleApplication@2149fe7e
reloadAllAccessors: .Clock21

===========================================================================================
----------------- testing Mon Jan 28 03:20:07 UTC 2019 /home/travis/build/icyphy/ptII/ptolemy/actor/lib/test/auto/Clock22.xml
----------------- Instantiating /home/travis/build/icyphy/ptII/ptolemy/actor/lib/test/auto/Clock22.xml
2 ms. Memory: 880640K Free: 636361K (72%)
----------------- Invoking toplevel() on ptolemy.moml.MoMLSimpleApplication@2e2b3474
----------------- Done invoking toplevel() on ptolemy.moml.MoMLSimpleApplication@2e2b3474
reloadAllAccessors: .Clock22

===========================================================================================
----------------- testing Mon Jan 28 03:20:07 UTC 2019 /home/travis/build/icyphy/ptII/ptolemy/actor/lib/test/auto/Clock23.xml
----------------- Instantiating /home/travis/build/icyphy/ptII/ptolemy/actor/lib/test/auto/Clock23.xml
6 ms. Memory: 880640K Free: 619063K (70%)
----------------- Invoking toplevel() on ptolemy.moml.MoMLSimpleApplication@2a07ab27
----------------- Done invoking toplevel() on ptolemy.moml.MoMLSimpleApplication@2a07ab27
reloadAllAccessors: .Clock23

===========================================================================================
----------------- testing Mon Jan 28 03:20:07 UTC 2019 /home/travis/build/icyphy/ptII/ptolemy/actor/lib/test/auto/Clock24.xml
----------------- Instantiating /home/travis/build/icyphy/ptII/ptolemy/actor/lib/test/auto/Clock24.xml
5 ms. Memory: 880640K Free: 611255K (69%)
----------------- Invoking toplevel() on ptolemy.moml.MoMLSimpleApplication@7f31bf29
----------------- Done invoking toplevel() on ptolemy.moml.MoMLSimpleApplication@7f31bf29
reloadAllAccessors: .Clock24

===========================================================================================
----------------- testing Mon Jan 28 03:20:07 UTC 2019 /home/travis/build/icyphy/ptII/ptolemy/actor/lib/test/auto/Clock4.xml
----------------- Instantiating /home/travis/build/icyphy/ptII/ptolemy/actor/lib/test/auto/Clock4.xml
5 ms. Memory: 880640K Free: 603447K (69%)
----------------- Invoking toplevel() on ptolemy.moml.MoMLSimpleApplication@514f3f21
----------------- Done invoking toplevel() on ptolemy.moml.MoMLSimpleApplication@514f3f21
reloadAllAccessors: .Clock4

===========================================================================================
----------------- testing Mon Jan 28 03:20:07 UTC 2019 /home/travis/build/icyphy/ptII/ptolemy/actor/lib/test/auto/Clock5.xml
----------------- Instantiating /home/travis/build/icyphy/ptII/ptolemy/actor/lib/test/auto/Clock5.xml
3 ms. Memory: 880640K Free: 595639K (68%)
----------------- Invoking toplevel() on ptolemy.moml.MoMLSimpleApplication@2d5f4ac8
----------------- Done invoking toplevel() on ptolemy.moml.MoMLSimpleApplication@2d5f4ac8
reloadAllAccessors: .Clock5

===========================================================================================
----------------- testing Mon Jan 28 03:20:07 UTC 2019 /home/travis/build/icyphy/ptII/ptolemy/actor/lib/test/auto/Clock6.xml
----------------- Instantiating /home/travis/build/icyphy/ptII/ptolemy/actor/lib/test/auto/Clock6.xml
1 ms. Memory: 880640K Free: 587831K (67%)
----------------- Invoking toplevel() on ptolemy.moml.MoMLSimpleApplication@2051b962
----------------- Done invoking toplevel() on ptolemy.moml.MoMLSimpleApplication@2051b962
reloadAllAccessors: .Clock6

===========================================================================================
----------------- testing Mon Jan 28 03:20:07 UTC 2019 /home/travis/build/icyphy/ptII/ptolemy/actor/lib/test/auto/Clock7.xml
----------------- Instantiating /home/travis/build/icyphy/ptII/ptolemy/actor/lib/test/auto/Clock7.xml
2 ms. Memory: 880640K Free: 570532K (65%)
----------------- Invoking toplevel() on ptolemy.moml.MoMLSimpleApplication@5e3b98e2
----------------- Done invoking toplevel() on ptolemy.moml.MoMLSimpleApplication@5e3b98e2
reloadAllAccessors: .Clock7

===========================================================================================
----------------- testing Mon Jan 28 03:20:07 UTC 2019 /home/travis/build/icyphy/ptII/ptolemy/actor/lib/test/auto/Clock8.xml
----------------- Instantiating /home/travis/build/icyphy/ptII/ptolemy/actor/lib/test/auto/Clock8.xml
6 ms. Memory: 880640K Free: 562724K (64%)
----------------- Invoking toplevel() on ptolemy.moml.MoMLSimpleApplication@935732f
----------------- Done invoking toplevel() on ptolemy.moml.MoMLSimpleApplication@935732f
reloadAllAccessors: .Clock8

===========================================================================================
----------------- testing Mon Jan 28 03:20:07 UTC 2019 /home/travis/build/icyphy/ptII/ptolemy/actor/lib/test/auto/Clock9.xml
----------------- Instantiating /home/travis/build/icyphy/ptII/ptolemy/actor/lib/test/auto/Clock9.xml
6 ms. Memory: 880640K Free: 554916K (63%)
----------------- Invoking toplevel() on ptolemy.moml.MoMLSimpleApplication@1c725411
----------------- Done invoking toplevel() on ptolemy.moml.MoMLSimpleApplication@1c725411
reloadAllAccessors: .Clock9

===========================================================================================
----------------- testing Mon Jan 28 03:20:07 UTC 2019 /home/travis/build/icyphy/ptII/ptolemy/actor/lib/test/auto/CommDistDiscard.xml
----------------- Instantiating /home/travis/build/icyphy/ptII/ptolemy/actor/lib/test/auto/CommDistDiscard.xml
3 ms. Memory: 880640K Free: 547108K (62%)
----------------- Invoking toplevel() on ptolemy.moml.MoMLSimpleApplication@441a47bf
----------------- Done invoking toplevel() on ptolemy.moml.MoMLSimpleApplication@441a47bf
reloadAllAccessors: .CommDistDiscard

===========================================================================================
----------------- testing Mon Jan 28 03:20:07 UTC 2019 /home/travis/build/icyphy/ptII/ptolemy/actor/lib/test/auto/Commutator.xml
----------------- Instantiating /home/travis/build/icyphy/ptII/ptolemy/actor/lib/test/auto/Commutator.xml
3 ms. Memory: 880640K Free: 529810K (60%)
----------------- Invoking toplevel() on ptolemy.moml.MoMLSimpleApplication@a93afd1
----------------- Done invoking toplevel() on ptolemy.moml.MoMLSimpleApplication@a93afd1
reloadAllAccessors: .Commutator

===========================================================================================
----------------- testing Mon Jan 28 03:20:07 UTC 2019 /home/travis/build/icyphy/ptII/ptolemy/actor/lib/test/auto/Commutator2.xml
----------------- Instantiating /home/travis/build/icyphy/ptII/ptolemy/actor/lib/test/auto/Commutator2.xml
1 ms. Memory: 880640K Free: 522002K (59%)
----------------- Invoking toplevel() on ptolemy.moml.MoMLSimpleApplication@618fcbb
----------------- Done invoking toplevel() on ptolemy.moml.MoMLSimpleApplication@618fcbb
reloadAllAccessors: .Commutator2

===========================================================================================
----------------- testing Mon Jan 28 03:20:07 UTC 2019 /home/travis/build/icyphy/ptII/ptolemy/actor/lib/test/auto/Commutator3.xml
----------------- Instantiating /home/travis/build/icyphy/ptII/ptolemy/actor/lib/test/auto/Commutator3.xml
2 ms. Memory: 880640K Free: 514194K (58%)
----------------- Invoking toplevel() on ptolemy.moml.MoMLSimpleApplication@1ad943a5
----------------- Done invoking toplevel() on ptolemy.moml.MoMLSimpleApplication@1ad943a5
reloadAllAccessors: .Commutator3

===========================================================================================
----------------- testing Mon Jan 28 03:20:07 UTC 2019 /home/travis/build/icyphy/ptII/ptolemy/actor/lib/test/auto/Compare.xml
----------------- Instantiating /home/travis/build/icyphy/ptII/ptolemy/actor/lib/test/auto/Compare.xml
1 ms. Memory: 880640K Free: 502466K (57%)
----------------- Invoking toplevel() on ptolemy.moml.MoMLSimpleApplication@436b8954
----------------- Done invoking toplevel() on ptolemy.moml.MoMLSimpleApplication@436b8954
reloadAllAccessors: .Compare

===========================================================================================
----------------- testing Mon Jan 28 03:20:07 UTC 2019 /home/travis/build/icyphy/ptII/ptolemy/actor/lib/test/auto/CompareDE.xml
----------------- Instantiating /home/travis/build/icyphy/ptII/ptolemy/actor/lib/test/auto/CompareDE.xml
2 ms. Memory: 880640K Free: 481247K (55%)
----------------- Invoking toplevel() on ptolemy.moml.MoMLSimpleApplication@43efbd4f
----------------- Done invoking toplevel() on ptolemy.moml.MoMLSimpleApplication@43efbd4f
reloadAllAccessors: .CompareDE

===========================================================================================
----------------- testing Mon Jan 28 03:20:07 UTC 2019 /home/travis/build/icyphy/ptII/ptolemy/actor/lib/test/auto/ComplexDivide.xml
----------------- Instantiating /home/travis/build/icyphy/ptII/ptolemy/actor/lib/test/auto/ComplexDivide.xml
1 ms. Memory: 880640K Free: 473439K (54%)
----------------- Invoking toplevel() on ptolemy.moml.MoMLSimpleApplication@2e60a049
----------------- Done invoking toplevel() on ptolemy.moml.MoMLSimpleApplication@2e60a049
reloadAllAccessors: .ComplexDivide

===========================================================================================
----------------- testing Mon Jan 28 03:20:07 UTC 2019 /home/travis/build/icyphy/ptII/ptolemy/actor/lib/test/auto/ComputeHistogram.xml
----------------- Instantiating /home/travis/build/icyphy/ptII/ptolemy/actor/lib/test/auto/ComputeHistogram.xml
28 ms. Memory: 880640K Free: 457791K (52%)
----------------- Invoking toplevel() on ptolemy.moml.MoMLSimpleApplication@5418c0e2
----------------- Done invoking toplevel() on ptolemy.moml.MoMLSimpleApplication@5418c0e2
reloadAllAccessors: .ComputeHistogram

===========================================================================================
----------------- testing Mon Jan 28 03:20:07 UTC 2019 /home/travis/build/icyphy/ptII/ptolemy/actor/lib/test/auto/ConfigurationSelect.xml
----------------- Instantiating /home/travis/build/icyphy/ptII/ptolemy/actor/lib/test/auto/ConfigurationSelect.xml
2 ms. Memory: 880640K Free: 449983K (51%)
----------------- Invoking toplevel() on ptolemy.moml.MoMLSimpleApplication@8de0728
----------------- Done invoking toplevel() on ptolemy.moml.MoMLSimpleApplication@8de0728
reloadAllAccessors: .ConfigurationSelect

===========================================================================================
----------------- testing Mon Jan 28 03:20:07 UTC 2019 /home/travis/build/icyphy/ptII/ptolemy/actor/lib/test/auto/ConfigurationSelect2.xml
----------------- Instantiating /home/travis/build/icyphy/ptII/ptolemy/actor/lib/test/auto/ConfigurationSelect2.xml
2 ms. Memory: 880640K Free: 432685K (49%)
----------------- Invoking toplevel() on ptolemy.moml.MoMLSimpleApplication@699f58c1
----------------- Done invoking toplevel() on ptolemy.moml.MoMLSimpleApplication@699f58c1
reloadAllAccessors: .ConfigurationSelect2

===========================================================================================
----------------- testing Mon Jan 28 03:20:07 UTC 2019 /home/travis/build/icyphy/ptII/ptolemy/actor/lib/test/auto/ConfigurationSwitch.xml
----------------- Instantiating /home/travis/build/icyphy/ptII/ptolemy/actor/lib/test/auto/ConfigurationSwitch.xml
1 ms. Memory: 880640K Free: 424877K (48%)
----------------- Invoking toplevel() on ptolemy.moml.MoMLSimpleApplication@4cf47b53
----------------- Done invoking toplevel() on ptolemy.moml.MoMLSimpleApplication@4cf47b53
reloadAllAccessors: .ConfigurationSwitch

===========================================================================================
----------------- testing Mon Jan 28 03:20:07 UTC 2019 /home/travis/build/icyphy/ptII/ptolemy/actor/lib/test/auto/ConfigurationSwitch2.xml
----------------- Instantiating /home/travis/build/icyphy/ptII/ptolemy/actor/lib/test/auto/ConfigurationSwitch2.xml
3 ms. Memory: 880640K Free: 417069K (47%)
----------------- Invoking toplevel() on ptolemy.moml.MoMLSimpleApplication@6e2a1
----------------- Done invoking toplevel() on ptolemy.moml.MoMLSimpleApplication@6e2a1
reloadAllAccessors: .ConfigurationSwitch2

===========================================================================================
----------------- testing Mon Jan 28 03:20:07 UTC 2019 /home/travis/build/icyphy/ptII/ptolemy/actor/lib/test/auto/ConfigurationSwitchCloningBugWithClassRelationGroup.xml
----------------- Instantiating /home/travis/build/icyphy/ptII/ptolemy/actor/lib/test/auto/ConfigurationSwitchCloningBugWithClassRelationGroup.xml
1 ms. Memory: 880640K Free: 405341K (46%)
----------------- Invoking toplevel() on ptolemy.moml.MoMLSimpleApplication@2c44caed
----------------- Done invoking toplevel() on ptolemy.moml.MoMLSimpleApplication@2c44caed
reloadAllAccessors: .ConfigurationSwitchCloningBugWithClassRelationGroup

===========================================================================================
----------------- testing Mon Jan 28 03:20:07 UTC 2019 /home/travis/build/icyphy/ptII/ptolemy/actor/lib/test/auto/ConfigurationSwitchSelectSDF.xml
----------------- Instantiating /home/travis/build/icyphy/ptII/ptolemy/actor/lib/test/auto/ConfigurationSwitchSelectSDF.xml
2 ms. Memory: 880640K Free: 388043K (44%)
----------------- Invoking toplevel() on ptolemy.moml.MoMLSimpleApplication@2384a1cb
----------------- Done invoking toplevel() on ptolemy.moml.MoMLSimpleApplication@2384a1cb
reloadAllAccessors: .ConfigurationSwitchSelectSDF

===========================================================================================
----------------- testing Mon Jan 28 03:20:07 UTC 2019 /home/travis/build/icyphy/ptII/ptolemy/actor/lib/test/auto/ConfigurationSwitchSelectSDF2.xml
----------------- Instantiating /home/travis/build/icyphy/ptII/ptolemy/actor/lib/test/auto/ConfigurationSwitchSelectSDF2.xml
2 ms. Memory: 880640K Free: 380235K (43%)
----------------- Invoking toplevel() on ptolemy.moml.MoMLSimpleApplication@331c0137
----------------- Done invoking toplevel() on ptolemy.moml.MoMLSimpleApplication@331c0137
reloadAllAccessors: .ConfigurationSwitchSelectSDF2

===========================================================================================
----------------- testing Mon Jan 28 03:20:07 UTC 2019 /home/travis/build/icyphy/ptII/ptolemy/actor/lib/test/auto/Const.xml
----------------- Instantiating /home/travis/build/icyphy/ptII/ptolemy/actor/lib/test/auto/Const.xml
1 ms. Memory: 880640K Free: 372427K (42%)
----------------- Invoking toplevel() on ptolemy.moml.MoMLSimpleApplication@722d8044
----------------- Done invoking toplevel() on ptolemy.moml.MoMLSimpleApplication@722d8044
reloadAllAccessors: .Const

===========================================================================================
----------------- testing Mon Jan 28 03:20:07 UTC 2019 /home/travis/build/icyphy/ptII/ptolemy/actor/lib/test/auto/Const2.xml
----------------- Instantiating /home/travis/build/icyphy/ptII/ptolemy/actor/lib/test/auto/Const2.xml
0 ms. Memory: 880640K Free: 364618K (41%)
----------------- Invoking toplevel() on ptolemy.moml.MoMLSimpleApplication@1eba7f41
----------------- Done invoking toplevel() on ptolemy.moml.MoMLSimpleApplication@1eba7f41
reloadAllAccessors: .Const2

===========================================================================================
----------------- testing Mon Jan 28 03:20:07 UTC 2019 /home/travis/build/icyphy/ptII/ptolemy/actor/lib/test/auto/Const3.xml
----------------- Instantiating /home/travis/build/icyphy/ptII/ptolemy/actor/lib/test/auto/Const3.xml
1 ms. Memory: 880640K Free: 356810K (41%)
----------------- Invoking toplevel() on ptolemy.moml.MoMLSimpleApplication@493e54e
----------------- Done invoking toplevel() on ptolemy.moml.MoMLSimpleApplication@493e54e
reloadAllAccessors: .Const3

===========================================================================================
----------------- testing Mon Jan 28 03:20:07 UTC 2019 /home/travis/build/icyphy/ptII/ptolemy/actor/lib/test/auto/ConstantPublisherPort1.xml
----------------- Instantiating /home/travis/build/icyphy/ptII/ptolemy/actor/lib/test/auto/ConstantPublisherPort1.xml
4 ms. Memory: 880640K Free: 335608K (38%)
----------------- Invoking toplevel() on ptolemy.moml.MoMLSimpleApplication@beb0fd7
----------------- Done invoking toplevel() on ptolemy.moml.MoMLSimpleApplication@beb0fd7
reloadAllAccessors: .ConstantPublisherPort1

===========================================================================================
----------------- testing Mon Jan 28 03:20:07 UTC 2019 /home/travis/build/icyphy/ptII/ptolemy/actor/lib/test/auto/ConstantPublisherPort2.xml
----------------- Instantiating /home/travis/build/icyphy/ptII/ptolemy/actor/lib/test/auto/ConstantPublisherPort2.xml
7 ms. Memory: 880640K Free: 323896K (37%)
----------------- Invoking toplevel() on ptolemy.moml.MoMLSimpleApplication@2c426b3f
----------------- Done invoking toplevel() on ptolemy.moml.MoMLSimpleApplication@2c426b3f
reloadAllAccessors: .ConstantPublisherPort2

===========================================================================================
----------------- testing Mon Jan 28 03:20:07 UTC 2019 /home/travis/build/icyphy/ptII/ptolemy/actor/lib/test/auto/ConstantPublisherPort3.xml
----------------- Instantiating /home/travis/build/icyphy/ptII/ptolemy/actor/lib/test/auto/ConstantPublisherPort3.xml
5 ms. Memory: 880640K Free: 312176K (35%)
----------------- Invoking toplevel() on ptolemy.moml.MoMLSimpleApplication@611c35aa
----------------- Done invoking toplevel() on ptolemy.moml.MoMLSimpleApplication@611c35aa
reloadAllAccessors: .ConstantPublisherPort3

===========================================================================================
----------------- testing Mon Jan 28 03:20:07 UTC 2019 /home/travis/build/icyphy/ptII/ptolemy/actor/lib/test/auto/ConstantPublisherPort4.xml
----------------- Instantiating /home/travis/build/icyphy/ptII/ptolemy/actor/lib/test/auto/ConstantPublisherPort4.xml
4 ms. Memory: 880640K Free: 300464K (34%)
----------------- Invoking toplevel() on ptolemy.moml.MoMLSimpleApplication@4e26b91f
----------------- Done invoking toplevel() on ptolemy.moml.MoMLSimpleApplication@4e26b91f
reloadAllAccessors: .ConstantPublisherPort4

===========================================================================================
----------------- testing Mon Jan 28 03:20:07 UTC 2019 /home/travis/build/icyphy/ptII/ptolemy/actor/lib/test/auto/ConstantPublisherPort5.xml
----------------- Instantiating /home/travis/build/icyphy/ptII/ptolemy/actor/lib/test/auto/ConstantPublisherPort5.xml
31 ms. Memory: 880640K Free: 271453K (31%)
----------------- Invoking toplevel() on ptolemy.moml.MoMLSimpleApplication@7f56132d
----------------- Done invoking toplevel() on ptolemy.moml.MoMLSimpleApplication@7f56132d
reloadAllAccessors: .ConstantPublisherPort5

===========================================================================================
----------------- testing Mon Jan 28 03:20:07 UTC 2019 /home/travis/build/icyphy/ptII/ptolemy/actor/lib/test/auto/ConstantPublisherPort6.xml
----------------- Instantiating /home/travis/build/icyphy/ptII/ptolemy/actor/lib/test/auto/ConstantPublisherPort6.xml
14 ms. Memory: 880640K Free: 248013K (28%)
----------------- Invoking toplevel() on ptolemy.moml.MoMLSimpleApplication@24444247
----------------- Done invoking toplevel() on ptolemy.moml.MoMLSimpleApplication@24444247
reloadAllAccessors: .ConstantPublisherPort6

===========================================================================================
----------------- testing Mon Jan 28 03:20:07 UTC 2019 /home/travis/build/icyphy/ptII/ptolemy/actor/lib/test/auto/ConstantPublisherPort7.xml
----------------- Instantiating /home/travis/build/icyphy/ptII/ptolemy/actor/lib/test/auto/ConstantPublisherPort7.xml
13 ms. Memory: 880640K Free: 224581K (26%)
----------------- Invoking toplevel() on ptolemy.moml.MoMLSimpleApplication@69d21011
----------------- Done invoking toplevel() on ptolemy.moml.MoMLSimpleApplication@69d21011
reloadAllAccessors: .ConstantPublisherPort7

===========================================================================================
----------------- testing Mon Jan 28 03:20:07 UTC 2019 /home/travis/build/icyphy/ptII/ptolemy/actor/lib/test/auto/ConstraintMonitor1.xml
----------------- Instantiating /home/travis/build/icyphy/ptII/ptolemy/actor/lib/test/auto/ConstraintMonitor1.xml
3 ms. Memory: 880640K Free: 216773K (25%)
----------------- Invoking toplevel() on ptolemy.moml.MoMLSimpleApplication@1d458ec9
----------------- Done invoking toplevel() on ptolemy.moml.MoMLSimpleApplication@1d458ec9
reloadAllAccessors: .ConstraintMonitor1

===========================================================================================
----------------- testing Mon Jan 28 03:20:07 UTC 2019 /home/travis/build/icyphy/ptII/ptolemy/actor/lib/test/auto/ConstraintMonitor2.xml
----------------- Instantiating /home/travis/build/icyphy/ptII/ptolemy/actor/lib/test/auto/ConstraintMonitor2.xml
6 ms. Memory: 880640K Free: 199474K (23%)
----------------- Invoking toplevel() on ptolemy.moml.MoMLSimpleApplication@54ce49ba
----------------- Done invoking toplevel() on ptolemy.moml.MoMLSimpleApplication@54ce49ba
reloadAllAccessors: .ConstraintMonitor2

===========================================================================================
----------------- testing Mon Jan 28 03:20:07 UTC 2019 /home/travis/build/icyphy/ptII/ptolemy/actor/lib/test/auto/ConstraintMonitor3.xml
----------------- Instantiating /home/travis/build/icyphy/ptII/ptolemy/actor/lib/test/auto/ConstraintMonitor3.xml
1 ms. Memory: 880640K Free: 191666K (22%)
----------------- Invoking toplevel() on ptolemy.moml.MoMLSimpleApplication@7395f0d9
----------------- Done invoking toplevel() on ptolemy.moml.MoMLSimpleApplication@7395f0d9
reloadAllAccessors: .ConstraintMonitor3

===========================================================================================
----------------- testing Mon Jan 28 03:20:07 UTC 2019 /home/travis/build/icyphy/ptII/ptolemy/actor/lib/test/auto/ConstraintMonitor4.xml
----------------- Instantiating /home/travis/build/icyphy/ptII/ptolemy/actor/lib/test/auto/ConstraintMonitor4.xml
6 ms. Memory: 880640K Free: 183858K (21%)
----------------- Invoking toplevel() on ptolemy.moml.MoMLSimpleApplication@7678b894
----------------- Done invoking toplevel() on ptolemy.moml.MoMLSimpleApplication@7678b894
reloadAllAccessors: .ConstraintMonitor4

===========================================================================================
----------------- testing Mon Jan 28 03:20:07 UTC 2019 /home/travis/build/icyphy/ptII/ptolemy/actor/lib/test/auto/ConstraintMonitor5.xml
----------------- Instantiating /home/travis/build/icyphy/ptII/ptolemy/actor/lib/test/auto/ConstraintMonitor5.xml
6 ms. Memory: 880640K Free: 176050K (20%)
----------------- Invoking toplevel() on ptolemy.moml.MoMLSimpleApplication@a271fcd
----------------- Done invoking toplevel() on ptolemy.moml.MoMLSimpleApplication@a271fcd
reloadAllAccessors: .ConstraintMonitor5

===========================================================================================
----------------- testing Mon Jan 28 03:20:07 UTC 2019 /home/travis/build/icyphy/ptII/ptolemy/actor/lib/test/auto/ConstraintMonitor6.xml
----------------- Instantiating /home/travis/build/icyphy/ptII/ptolemy/actor/lib/test/auto/ConstraintMonitor6.xml
5 ms. Memory: 880640K Free: 154832K (18%)
----------------- Invoking toplevel() on ptolemy.moml.MoMLSimpleApplication@563aac4c
----------------- Done invoking toplevel() on ptolemy.moml.MoMLSimpleApplication@563aac4c
reloadAllAccessors: .ConstraintMonitor6

===========================================================================================
----------------- testing Mon Jan 28 03:20:07 UTC 2019 /home/travis/build/icyphy/ptII/ptolemy/actor/lib/test/auto/ConstraintMonitor7.xml
----------------- Instantiating /home/travis/build/icyphy/ptII/ptolemy/actor/lib/test/auto/ConstraintMonitor7.xml
2 ms. Memory: 880640K Free: 143119K (16%)
----------------- Invoking toplevel() on ptolemy.moml.MoMLSimpleApplication@37d929b9
----------------- Done invoking toplevel() on ptolemy.moml.MoMLSimpleApplication@37d929b9
reloadAllAccessors: .ConstraintMonitor7

===========================================================================================
----------------- testing Mon Jan 28 03:20:07 UTC 2019 /home/travis/build/icyphy/ptII/ptolemy/actor/lib/test/auto/ConstraintMonitor8.xml
----------------- Instantiating /home/travis/build/icyphy/ptII/ptolemy/actor/lib/test/auto/ConstraintMonitor8.xml
8 ms. Memory: 880640K Free: 131391K (15%)
----------------- Invoking toplevel() on ptolemy.moml.MoMLSimpleApplication@7b3d0862
----------------- Done invoking toplevel() on ptolemy.moml.MoMLSimpleApplication@7b3d0862
reloadAllAccessors: .ConstraintMonitor8

===========================================================================================
----------------- testing Mon Jan 28 03:20:08 UTC 2019 /home/travis/build/icyphy/ptII/ptolemy/actor/lib/test/auto/Counter.xml
----------------- Instantiating /home/travis/build/icyphy/ptII/ptolemy/actor/lib/test/auto/Counter.xml
2 ms. Memory: 880640K Free: 123583K (14%)
----------------- Invoking toplevel() on ptolemy.moml.MoMLSimpleApplication@2730f132
----------------- Done invoking toplevel() on ptolemy.moml.MoMLSimpleApplication@2730f132
reloadAllAccessors: .Counter

===========================================================================================
----------------- testing Mon Jan 28 03:20:08 UTC 2019 /home/travis/build/icyphy/ptII/ptolemy/actor/lib/test/auto/CurrentTimeSDF.xml
----------------- Instantiating /home/travis/build/icyphy/ptII/ptolemy/actor/lib/test/auto/CurrentTimeSDF.xml
1 ms. Memory: 880640K Free: 106285K (12%)
----------------- Invoking toplevel() on ptolemy.moml.MoMLSimpleApplication@8321889
----------------- Done invoking toplevel() on ptolemy.moml.MoMLSimpleApplication@8321889
reloadAllAccessors: .CurrentTimeSDF

===========================================================================================
----------------- testing Mon Jan 28 03:20:08 UTC 2019 /home/travis/build/icyphy/ptII/ptolemy/actor/lib/test/auto/DB.xml
----------------- Instantiating /home/travis/build/icyphy/ptII/ptolemy/actor/lib/test/auto/DB.xml
3 ms. Memory: 880640K Free: 98477K (11%)
----------------- Invoking toplevel() on ptolemy.moml.MoMLSimpleApplication@68e11a0b
----------------- Done invoking toplevel() on ptolemy.moml.MoMLSimpleApplication@68e11a0b
reloadAllAccessors: .DB

===========================================================================================
----------------- testing Mon Jan 28 03:20:08 UTC 2019 /home/travis/build/icyphy/ptII/ptolemy/actor/lib/test/auto/DBDE.xml
----------------- Instantiating /home/travis/build/icyphy/ptII/ptolemy/actor/lib/test/auto/DBDE.xml
3 ms. Memory: 880640K Free: 90669K (10%)
----------------- Invoking toplevel() on ptolemy.moml.MoMLSimpleApplication@696e3fb2
----------------- Done invoking toplevel() on ptolemy.moml.MoMLSimpleApplication@696e3fb2
reloadAllAccessors: .DBDE

===========================================================================================
----------------- testing Mon Jan 28 03:20:08 UTC 2019 /home/travis/build/icyphy/ptII/ptolemy/actor/lib/test/auto/DateConstructor.xml
----------------- Instantiating /home/travis/build/icyphy/ptII/ptolemy/actor/lib/test/auto/DateConstructor.xml
15 ms. Memory: 880640K Free: 71125K (8%)
----------------- Invoking toplevel() on ptolemy.moml.MoMLSimpleApplication@4677dcd4
----------------- Done invoking toplevel() on ptolemy.moml.MoMLSimpleApplication@4677dcd4
reloadAllAccessors: .DateConstructor

===========================================================================================
----------------- testing Mon Jan 28 03:20:08 UTC 2019 /home/travis/build/icyphy/ptII/ptolemy/actor/lib/test/auto/DelayTime.xml
----------------- Instantiating /home/travis/build/icyphy/ptII/ptolemy/actor/lib/test/auto/DelayTime.xml
6 ms. Memory: 881664K Free: 827974K (94%)
----------------- Invoking toplevel() on ptolemy.moml.MoMLSimpleApplication@7e8dbf14
----------------- Done invoking toplevel() on ptolemy.moml.MoMLSimpleApplication@7e8dbf14
reloadAllAccessors: .DelayTime

===========================================================================================
----------------- testing Mon Jan 28 03:20:08 UTC 2019 /home/travis/build/icyphy/ptII/ptolemy/actor/lib/test/auto/Dictionary1.xml
----------------- Instantiating /home/travis/build/icyphy/ptII/ptolemy/actor/lib/test/auto/Dictionary1.xml
1 ms. Memory: 1356800K Free: 1303255K (96%)
----------------- Invoking toplevel() on ptolemy.moml.MoMLSimpleApplication@26b2f205
----------------- Done invoking toplevel() on ptolemy.moml.MoMLSimpleApplication@26b2f205
reloadAllAccessors: .Dictionary1

===========================================================================================
----------------- testing Mon Jan 28 03:20:08 UTC 2019 /home/travis/build/icyphy/ptII/ptolemy/actor/lib/test/auto/Dictionary2.xml
----------------- Instantiating /home/travis/build/icyphy/ptII/ptolemy/actor/lib/test/auto/Dictionary2.xml
2 ms. Memory: 1356800K Free: 1275112K (94%)
----------------- Invoking toplevel() on ptolemy.moml.MoMLSimpleApplication@4c377f67
----------------- Done invoking toplevel() on ptolemy.moml.MoMLSimpleApplication@4c377f67
reloadAllAccessors: .Dictionary2

===========================================================================================
----------------- testing Mon Jan 28 03:20:08 UTC 2019 /home/travis/build/icyphy/ptII/ptolemy/actor/lib/test/auto/Dictionary3.xml
----------------- Instantiating /home/travis/build/icyphy/ptII/ptolemy/actor/lib/test/auto/Dictionary3.xml
1 ms. Memory: 1356800K Free: 1258454K (93%)
----------------- Invoking toplevel() on ptolemy.moml.MoMLSimpleApplication@2f3b99cf
----------------- Done invoking toplevel() on ptolemy.moml.MoMLSimpleApplication@2f3b99cf
reloadAllAccessors: .Dictionary3

===========================================================================================
----------------- testing Mon Jan 28 03:20:08 UTC 2019 /home/travis/build/icyphy/ptII/ptolemy/actor/lib/test/auto/Dictionary4.xml
----------------- Instantiating /home/travis/build/icyphy/ptII/ptolemy/actor/lib/test/auto/Dictionary4.xml
3 ms. Memory: 1356800K Free: 1241797K (92%)
----------------- Invoking toplevel() on ptolemy.moml.MoMLSimpleApplication@6af43ca3
----------------- Done invoking toplevel() on ptolemy.moml.MoMLSimpleApplication@6af43ca3
reloadAllAccessors: .Dictionary4

===========================================================================================
----------------- testing Mon Jan 28 03:20:08 UTC 2019 /home/travis/build/icyphy/ptII/ptolemy/actor/lib/test/auto/Differential.xml
----------------- Instantiating /home/travis/build/icyphy/ptII/ptolemy/actor/lib/test/auto/Differential.xml
1 ms. Memory: 1356800K Free: 1225140K (90%)
----------------- Invoking toplevel() on ptolemy.moml.MoMLSimpleApplication@5e138939
----------------- Done invoking toplevel() on ptolemy.moml.MoMLSimpleApplication@5e138939
reloadAllAccessors: .Differential

===========================================================================================
----------------- testing Mon Jan 28 03:20:08 UTC 2019 /home/travis/build/icyphy/ptII/ptolemy/actor/lib/test/auto/Director.xml
----------------- Instantiating /home/travis/build/icyphy/ptII/ptolemy/actor/lib/test/auto/Director.xml
1 ms. Memory: 1356800K Free: 1196996K (88%)
----------------- Invoking toplevel() on ptolemy.moml.MoMLSimpleApplication@2503822b
----------------- Done invoking toplevel() on ptolemy.moml.MoMLSimpleApplication@2503822b
reloadAllAccessors: .Director

===========================================================================================
----------------- testing Mon Jan 28 03:20:08 UTC 2019 /home/travis/build/icyphy/ptII/ptolemy/actor/lib/test/auto/DiscreteClock.xml
----------------- Instantiating /home/travis/build/icyphy/ptII/ptolemy/actor/lib/test/auto/DiscreteClock.xml
1 ms. Memory: 1356800K Free: 1180171K (87%)
----------------- Invoking toplevel() on ptolemy.moml.MoMLSimpleApplication@836940c
----------------- Done invoking toplevel() on ptolemy.moml.MoMLSimpleApplication@836940c
reloadAllAccessors: .DiscreteClock

===========================================================================================
----------------- testing Mon Jan 28 03:20:08 UTC 2019 /home/travis/build/icyphy/ptII/ptolemy/actor/lib/test/auto/DiscreteClock10.xml
----------------- Instantiating /home/travis/build/icyphy/ptII/ptolemy/actor/lib/test/auto/DiscreteClock10.xml
1 ms. Memory: 1356800K Free: 1163514K (86%)
----------------- Invoking toplevel() on ptolemy.moml.MoMLSimpleApplication@1236f640
----------------- Done invoking toplevel() on ptolemy.moml.MoMLSimpleApplication@1236f640
reloadAllAccessors: .DiscreteClock10

===========================================================================================
----------------- testing Mon Jan 28 03:20:08 UTC 2019 /home/travis/build/icyphy/ptII/ptolemy/actor/lib/test/auto/DiscreteClock11.xml
----------------- Instantiating /home/travis/build/icyphy/ptII/ptolemy/actor/lib/test/auto/DiscreteClock11.xml
1 ms. Memory: 1356800K Free: 1146856K (85%)
----------------- Invoking toplevel() on ptolemy.moml.MoMLSimpleApplication@176ae9b0
----------------- Done invoking toplevel() on ptolemy.moml.MoMLSimpleApplication@176ae9b0
reloadAllAccessors: .DiscreteClock11

===========================================================================================
----------------- testing Mon Jan 28 03:20:08 UTC 2019 /home/travis/build/icyphy/ptII/ptolemy/actor/lib/test/auto/DiscreteClock12.xml
----------------- Instantiating /home/travis/build/icyphy/ptII/ptolemy/actor/lib/test/auto/DiscreteClock12.xml
1 ms. Memory: 1356800K Free: 1130199K (83%)
----------------- Invoking toplevel() on ptolemy.moml.MoMLSimpleApplication@33aacfcd
----------------- Done invoking toplevel() on ptolemy.moml.MoMLSimpleApplication@33aacfcd
reloadAllAccessors: .DiscreteClock12

===========================================================================================
----------------- testing Mon Jan 28 03:20:08 UTC 2019 /home/travis/build/icyphy/ptII/ptolemy/actor/lib/test/auto/DiscreteClock13.xml
----------------- Instantiating /home/travis/build/icyphy/ptII/ptolemy/actor/lib/test/auto/DiscreteClock13.xml
6 ms. Memory: 1356800K Free: 1102055K (81%)
----------------- Invoking toplevel() on ptolemy.moml.MoMLSimpleApplication@404887d9
----------------- Done invoking toplevel() on ptolemy.moml.MoMLSimpleApplication@404887d9
reloadAllAccessors: .DiscreteClock13

===========================================================================================
----------------- testing Mon Jan 28 03:20:08 UTC 2019 /home/travis/build/icyphy/ptII/ptolemy/actor/lib/test/auto/DiscreteClock14.xml
----------------- Instantiating /home/travis/build/icyphy/ptII/ptolemy/actor/lib/test/auto/DiscreteClock14.xml
6 ms. Memory: 1356800K Free: 1085398K (80%)
----------------- Invoking toplevel() on ptolemy.moml.MoMLSimpleApplication@1c33d84
----------------- Done invoking toplevel() on ptolemy.moml.MoMLSimpleApplication@1c33d84
reloadAllAccessors: .DiscreteClock14

===========================================================================================
----------------- testing Mon Jan 28 03:20:08 UTC 2019 /home/travis/build/icyphy/ptII/ptolemy/actor/lib/test/auto/DiscreteClock15.xml
----------------- Instantiating /home/travis/build/icyphy/ptII/ptolemy/actor/lib/test/auto/DiscreteClock15.xml
6 ms. Memory: 1356800K Free: 1068741K (79%)
----------------- Invoking toplevel() on ptolemy.moml.MoMLSimpleApplication@5e3760d1
----------------- Done invoking toplevel() on ptolemy.moml.MoMLSimpleApplication@5e3760d1
reloadAllAccessors: .DiscreteClock15

===========================================================================================
----------------- testing Mon Jan 28 03:20:08 UTC 2019 /home/travis/build/icyphy/ptII/ptolemy/actor/lib/test/auto/DiscreteClock16.xml
----------------- Instantiating /home/travis/build/icyphy/ptII/ptolemy/actor/lib/test/auto/DiscreteClock16.xml
16 ms. Memory: 1356800K Free: 1043755K (77%)
----------------- Invoking toplevel() on ptolemy.moml.MoMLSimpleApplication@28a6c983
----------------- Done invoking toplevel() on ptolemy.moml.MoMLSimpleApplication@28a6c983
reloadAllAccessors: .DiscreteClock16

===========================================================================================
----------------- testing Mon Jan 28 03:20:08 UTC 2019 /home/travis/build/icyphy/ptII/ptolemy/actor/lib/test/auto/DiscreteClock17.xml
----------------- Instantiating /home/travis/build/icyphy/ptII/ptolemy/actor/lib/test/auto/DiscreteClock17.xml
16 ms. Memory: 1356800K Free: 1018762K (75%)
----------------- Invoking toplevel() on ptolemy.moml.MoMLSimpleApplication@227e34c8
----------------- Done invoking toplevel() on ptolemy.moml.MoMLSimpleApplication@227e34c8
reloadAllAccessors: .DiscreteClock17

===========================================================================================
----------------- testing Mon Jan 28 03:20:08 UTC 2019 /home/travis/build/icyphy/ptII/ptolemy/actor/lib/test/auto/DiscreteClock18.xml
----------------- Instantiating /home/travis/build/icyphy/ptII/ptolemy/actor/lib/test/auto/DiscreteClock18.xml
23 ms. Memory: 1356800K Free: 982274K (72%)
----------------- Invoking toplevel() on ptolemy.moml.MoMLSimpleApplication@19e34868
----------------- Done invoking toplevel() on ptolemy.moml.MoMLSimpleApplication@19e34868
reloadAllAccessors: .DiscreteClock18

===========================================================================================
----------------- testing Mon Jan 28 03:20:09 UTC 2019 /home/travis/build/icyphy/ptII/ptolemy/actor/lib/test/auto/DiscreteClock19.xml
----------------- Instantiating /home/travis/build/icyphy/ptII/ptolemy/actor/lib/test/auto/DiscreteClock19.xml
19 ms. Memory: 1356800K Free: 957288K (71%)
----------------- Invoking toplevel() on ptolemy.moml.MoMLSimpleApplication@607d30ef
----------------- Done invoking toplevel() on ptolemy.moml.MoMLSimpleApplication@607d30ef
reloadAllAccessors: .DiscreteClock19

===========================================================================================
----------------- testing Mon Jan 28 03:20:09 UTC 2019 /home/travis/build/icyphy/ptII/ptolemy/actor/lib/test/auto/DiscreteClock2.xml
----------------- Instantiating /home/travis/build/icyphy/ptII/ptolemy/actor/lib/test/auto/DiscreteClock2.xml
6 ms. Memory: 1356800K Free: 940630K (69%)
----------------- Invoking toplevel() on ptolemy.moml.MoMLSimpleApplication@4c7189b9
----------------- Done invoking toplevel() on ptolemy.moml.MoMLSimpleApplication@4c7189b9
reloadAllAccessors: .DiscreteClock2

===========================================================================================
----------------- testing Mon Jan 28 03:20:09 UTC 2019 /home/travis/build/icyphy/ptII/ptolemy/actor/lib/test/auto/DiscreteClock20.xml
----------------- Instantiating /home/travis/build/icyphy/ptII/ptolemy/actor/lib/test/auto/DiscreteClock20.xml
10 ms. Memory: 1356800K Free: 923973K (68%)
----------------- Invoking toplevel() on ptolemy.moml.MoMLSimpleApplication@42701343
----------------- Done invoking toplevel() on ptolemy.moml.MoMLSimpleApplication@42701343
reloadAllAccessors: .DiscreteClock20

===========================================================================================
----------------- testing Mon Jan 28 03:20:09 UTC 2019 /home/travis/build/icyphy/ptII/ptolemy/actor/lib/test/auto/DiscreteClock21.xml
----------------- Instantiating /home/travis/build/icyphy/ptII/ptolemy/actor/lib/test/auto/DiscreteClock21.xml
8 ms. Memory: 1356800K Free: 907316K (67%)
----------------- Invoking toplevel() on ptolemy.moml.MoMLSimpleApplication@31f5e6e1
----------------- Done invoking toplevel() on ptolemy.moml.MoMLSimpleApplication@31f5e6e1
reloadAllAccessors: .DiscreteClock21

===========================================================================================
----------------- testing Mon Jan 28 03:20:09 UTC 2019 /home/travis/build/icyphy/ptII/ptolemy/actor/lib/test/auto/DiscreteClock22.xml
----------------- Instantiating /home/travis/build/icyphy/ptII/ptolemy/actor/lib/test/auto/DiscreteClock22.xml
7 ms. Memory: 1356800K Free: 879172K (65%)
----------------- Invoking toplevel() on ptolemy.moml.MoMLSimpleApplication@6bcf14e0
----------------- Done invoking toplevel() on ptolemy.moml.MoMLSimpleApplication@6bcf14e0
reloadAllAccessors: .DiscreteClock22

===========================================================================================
----------------- testing Mon Jan 28 03:20:09 UTC 2019 /home/travis/build/icyphy/ptII/ptolemy/actor/lib/test/auto/DiscreteClock23.xml
----------------- Instantiating /home/travis/build/icyphy/ptII/ptolemy/actor/lib/test/auto/DiscreteClock23.xml
9 ms. Memory: 1356800K Free: 862515K (64%)
----------------- Invoking toplevel() on ptolemy.moml.MoMLSimpleApplication@33bfb63a
----------------- Done invoking toplevel() on ptolemy.moml.MoMLSimpleApplication@33bfb63a
reloadAllAccessors: .DiscreteClock23

===========================================================================================
----------------- testing Mon Jan 28 03:20:09 UTC 2019 /home/travis/build/icyphy/ptII/ptolemy/actor/lib/test/auto/DiscreteClock24.xml
----------------- Instantiating /home/travis/build/icyphy/ptII/ptolemy/actor/lib/test/auto/DiscreteClock24.xml
6 ms. Memory: 1356800K Free: 845858K (62%)
----------------- Invoking toplevel() on ptolemy.moml.MoMLSimpleApplication@161b1765
----------------- Done invoking toplevel() on ptolemy.moml.MoMLSimpleApplication@161b1765
reloadAllAccessors: .DiscreteClock24

===========================================================================================
----------------- testing Mon Jan 28 03:20:09 UTC 2019 /home/travis/build/icyphy/ptII/ptolemy/actor/lib/test/auto/DiscreteClock4.xml
----------------- Instantiating /home/travis/build/icyphy/ptII/ptolemy/actor/lib/test/auto/DiscreteClock4.xml
3 ms. Memory: 1356800K Free: 829201K (61%)
----------------- Invoking toplevel() on ptolemy.moml.MoMLSimpleApplication@7e08e7f4
----------------- Done invoking toplevel() on ptolemy.moml.MoMLSimpleApplication@7e08e7f4
reloadAllAccessors: .DiscreteClock4

===========================================================================================
----------------- testing Mon Jan 28 03:20:09 UTC 2019 /home/travis/build/icyphy/ptII/ptolemy/actor/lib/test/auto/DiscreteClock5.xml
----------------- Instantiating /home/travis/build/icyphy/ptII/ptolemy/actor/lib/test/auto/DiscreteClock5.xml
1 ms. Memory: 1356800K Free: 812544K (60%)
----------------- Invoking toplevel() on ptolemy.moml.MoMLSimpleApplication@396064bc
----------------- Done invoking toplevel() on ptolemy.moml.MoMLSimpleApplication@396064bc
reloadAllAccessors: .DiscreteClock5

===========================================================================================
----------------- testing Mon Jan 28 03:20:09 UTC 2019 /home/travis/build/icyphy/ptII/ptolemy/actor/lib/test/auto/DiscreteClock6.xml
----------------- Instantiating /home/travis/build/icyphy/ptII/ptolemy/actor/lib/test/auto/DiscreteClock6.xml
1 ms. Memory: 1356800K Free: 784400K (58%)
----------------- Invoking toplevel() on ptolemy.moml.MoMLSimpleApplication@4882697e
----------------- Done invoking toplevel() on ptolemy.moml.MoMLSimpleApplication@4882697e
reloadAllAccessors: .DiscreteClock6

===========================================================================================
----------------- testing Mon Jan 28 03:20:09 UTC 2019 /home/travis/build/icyphy/ptII/ptolemy/actor/lib/test/auto/DiscreteClock7.xml
----------------- Instantiating /home/travis/build/icyphy/ptII/ptolemy/actor/lib/test/auto/DiscreteClock7.xml
1 ms. Memory: 1356800K Free: 767743K (57%)
----------------- Invoking toplevel() on ptolemy.moml.MoMLSimpleApplication@17444aa4
----------------- Done invoking toplevel() on ptolemy.moml.MoMLSimpleApplication@17444aa4
reloadAllAccessors: .DiscreteClock7

===========================================================================================
----------------- testing Mon Jan 28 03:20:09 UTC 2019 /home/travis/build/icyphy/ptII/ptolemy/actor/lib/test/auto/DiscreteClock8.xml
----------------- Instantiating /home/travis/build/icyphy/ptII/ptolemy/actor/lib/test/auto/DiscreteClock8.xml
2 ms. Memory: 1356800K Free: 751086K (55%)
----------------- Invoking toplevel() on ptolemy.moml.MoMLSimpleApplication@5f0692ae
----------------- Done invoking toplevel() on ptolemy.moml.MoMLSimpleApplication@5f0692ae
reloadAllAccessors: .DiscreteClock8

===========================================================================================
----------------- testing Mon Jan 28 03:20:09 UTC 2019 /home/travis/build/icyphy/ptII/ptolemy/actor/lib/test/auto/DiscreteClock9.xml
----------------- Instantiating /home/travis/build/icyphy/ptII/ptolemy/actor/lib/test/auto/DiscreteClock9.xml
6 ms. Memory: 1356800K Free: 734429K (54%)
----------------- Invoking toplevel() on ptolemy.moml.MoMLSimpleApplication@55279284
----------------- Done invoking toplevel() on ptolemy.moml.MoMLSimpleApplication@55279284
reloadAllAccessors: .DiscreteClock9

===========================================================================================
----------------- testing Mon Jan 28 03:20:09 UTC 2019 /home/travis/build/icyphy/ptII/ptolemy/actor/lib/test/auto/DisplayArray.xml
----------------- Instantiating /home/travis/build/icyphy/ptII/ptolemy/actor/lib/test/auto/DisplayArray.xml
1 ms. Memory: 1356800K Free: 717772K (53%)
----------------- Invoking toplevel() on ptolemy.moml.MoMLSimpleApplication@57d9b6b0
----------------- Done invoking toplevel() on ptolemy.moml.MoMLSimpleApplication@57d9b6b0
reloadAllAccessors: .DisplayArray

===========================================================================================
----------------- testing Mon Jan 28 03:20:09 UTC 2019 /home/travis/build/icyphy/ptII/ptolemy/actor/lib/test/auto/Distributor.xml
----------------- Instantiating /home/travis/build/icyphy/ptII/ptolemy/actor/lib/test/auto/Distributor.xml
2 ms. Memory: 1356800K Free: 689628K (51%)
----------------- Invoking toplevel() on ptolemy.moml.MoMLSimpleApplication@34b4ed89
----------------- Done invoking toplevel() on ptolemy.moml.MoMLSimpleApplication@34b4ed89
reloadAllAccessors: .Distributor

===========================================================================================
----------------- testing Mon Jan 28 03:20:09 UTC 2019 /home/travis/build/icyphy/ptII/ptolemy/actor/lib/test/auto/Distributor2.xml
----------------- Instantiating /home/travis/build/icyphy/ptII/ptolemy/actor/lib/test/auto/Distributor2.xml
1 ms. Memory: 1356800K Free: 672971K (50%)
----------------- Invoking toplevel() on ptolemy.moml.MoMLSimpleApplication@47d190c8
----------------- Done invoking toplevel() on ptolemy.moml.MoMLSimpleApplication@47d190c8
reloadAllAccessors: .Distributor2

===========================================================================================
----------------- testing Mon Jan 28 03:20:09 UTC 2019 /home/travis/build/icyphy/ptII/ptolemy/actor/lib/test/auto/DownSample.xml
----------------- Instantiating /home/travis/build/icyphy/ptII/ptolemy/actor/lib/test/auto/DownSample.xml
2 ms. Memory: 1356800K Free: 656314K (48%)
----------------- Invoking toplevel() on ptolemy.moml.MoMLSimpleApplication@7a9b9e3e
----------------- Done invoking toplevel() on ptolemy.moml.MoMLSimpleApplication@7a9b9e3e
reloadAllAccessors: .DownSample

===========================================================================================
----------------- testing Mon Jan 28 03:20:09 UTC 2019 /home/travis/build/icyphy/ptII/ptolemy/actor/lib/test/auto/ElectronicUnitBase1.xml
----------------- Instantiating /home/travis/build/icyphy/ptII/ptolemy/actor/lib/test/auto/ElectronicUnitBase1.xml
19 ms. Memory: 1356800K Free: 631328K (47%)
----------------- Invoking toplevel() on ptolemy.moml.MoMLSimpleApplication@4b693328
----------------- Done invoking toplevel() on ptolemy.moml.MoMLSimpleApplication@4b693328
reloadAllAccessors: .ElectronicUnitBase1

===========================================================================================
----------------- testing Mon Jan 28 03:20:09 UTC 2019 /home/travis/build/icyphy/ptII/ptolemy/actor/lib/test/auto/ElementsToArray.xml
----------------- Instantiating /home/travis/build/icyphy/ptII/ptolemy/actor/lib/test/auto/ElementsToArray.xml
3 ms. Memory: 1356800K Free: 614671K (45%)
----------------- Invoking toplevel() on ptolemy.moml.MoMLSimpleApplication@6d6ffdea
----------------- Done invoking toplevel() on ptolemy.moml.MoMLSimpleApplication@6d6ffdea
reloadAllAccessors: .ElementsToArray

===========================================================================================
----------------- testing Mon Jan 28 03:20:09 UTC 2019 /home/travis/build/icyphy/ptII/ptolemy/actor/lib/test/auto/Equals.xml
----------------- Instantiating /home/travis/build/icyphy/ptII/ptolemy/actor/lib/test/auto/Equals.xml
2 ms. Memory: 1356800K Free: 586527K (43%)
----------------- Invoking toplevel() on ptolemy.moml.MoMLSimpleApplication@2e0b4403
----------------- Done invoking toplevel() on ptolemy.moml.MoMLSimpleApplication@2e0b4403
reloadAllAccessors: .Equals

===========================================================================================
----------------- testing Mon Jan 28 03:20:09 UTC 2019 /home/travis/build/icyphy/ptII/ptolemy/actor/lib/test/auto/Exec.xml
----------------- Instantiating /home/travis/build/icyphy/ptII/ptolemy/actor/lib/test/auto/Exec.xml
9 ms. Memory: 1356800K Free: 549048K (40%)
----------------- Invoking toplevel() on ptolemy.moml.MoMLSimpleApplication@c089256
----------------- Done invoking toplevel() on ptolemy.moml.MoMLSimpleApplication@c089256
reloadAllAccessors: .Exec

===========================================================================================
----------------- testing Mon Jan 28 03:20:09 UTC 2019 /home/travis/build/icyphy/ptII/ptolemy/actor/lib/test/auto/ExecEnvironment.xml
----------------- Instantiating /home/travis/build/icyphy/ptII/ptolemy/actor/lib/test/auto/ExecEnvironment.xml
27 ms. Memory: 1356800K Free: 532391K (39%)
----------------- Invoking toplevel() on ptolemy.moml.MoMLSimpleApplication@79d1fde7
----------------- Done invoking toplevel() on ptolemy.moml.MoMLSimpleApplication@79d1fde7
reloadAllAccessors: .ExecEnvironment

===========================================================================================
----------------- testing Mon Jan 28 03:20:09 UTC 2019 /home/travis/build/icyphy/ptII/ptolemy/actor/lib/test/auto/ExecNonZeroReturnOutput.xml
----------------- Instantiating /home/travis/build/icyphy/ptII/ptolemy/actor/lib/test/auto/ExecNonZeroReturnOutput.xml
124 ms. Memory: 1356800K Free: 407463K (30%)
----------------- Invoking toplevel() on ptolemy.moml.MoMLSimpleApplication@347c1049
----------------- Done invoking toplevel() on ptolemy.moml.MoMLSimpleApplication@347c1049
reloadAllAccessors: .ExecNonZeroReturnOutput

===========================================================================================
----------------- testing Mon Jan 28 03:20:09 UTC 2019 /home/travis/build/icyphy/ptII/ptolemy/actor/lib/test/auto/ExecRunDemos.xml
----------------- Instantiating /home/travis/build/icyphy/ptII/ptolemy/actor/lib/test/auto/ExecRunDemos.xml
Finished: 58 ms. Memory: 116224K Free: 100672K (87%)

Finished: 63 ms. Memory: 116224K Free: 97677K (84%)

Finished: 64 ms. Memory: 116224K Free: 98219K (85%)

Finished: 35 ms. Memory: 116224K Free: 99544K (86%)

Finished: 34 ms. Memory: 116224K Free: 100658K (87%)

9449 ms. Memory: 1356800K Free: 290846K (21%)
----------------- Invoking toplevel() on ptolemy.moml.MoMLSimpleApplication@7b4f9ec
----------------- Done invoking toplevel() on ptolemy.moml.MoMLSimpleApplication@7b4f9ec
reloadAllAccessors: .ExecRunDemos

===========================================================================================
----------------- testing Mon Jan 28 03:20:19 UTC 2019 /home/travis/build/icyphy/ptII/ptolemy/actor/lib/test/auto/ExecStop.xml
----------------- Instantiating /home/travis/build/icyphy/ptII/ptolemy/actor/lib/test/auto/ExecStop.xml
5019 ms. Memory: 1356800K Free: 87802K (6%)
----------------- Invoking toplevel() on ptolemy.moml.MoMLSimpleApplication@4e694c8f
----------------- Done invoking toplevel() on ptolemy.moml.MoMLSimpleApplication@4e694c8f
reloadAllAccessors: .ExecStop

===========================================================================================
----------------- testing Mon Jan 28 03:20:24 UTC 2019 /home/travis/build/icyphy/ptII/ptolemy/actor/lib/test/auto/ExecutionTimeSDF.xml
----------------- Instantiating /home/travis/build/icyphy/ptII/ptolemy/actor/lib/test/auto/ExecutionTimeSDF.xml
Fired ExecutionTime: -798967296
Fired ExecutionTime: 958000000
Fired ExecutionTime: -1663367296
6012 ms. Memory: 1356800K Free: 1314713K (97%)
----------------- Invoking toplevel() on ptolemy.moml.MoMLSimpleApplication@2635584a
----------------- Done invoking toplevel() on ptolemy.moml.MoMLSimpleApplication@2635584a
reloadAllAccessors: .ExecutionTimeSDF

===========================================================================================
----------------- testing Mon Jan 28 03:20:30 UTC 2019 /home/travis/build/icyphy/ptII/ptolemy/actor/lib/test/auto/Expression1.xml
----------------- Instantiating /home/travis/build/icyphy/ptII/ptolemy/actor/lib/test/auto/Expression1.xml
13 ms. Memory: 1356800K Free: 1289864K (95%)
----------------- Invoking toplevel() on ptolemy.moml.MoMLSimpleApplication@6a692302
----------------- Done invoking toplevel() on ptolemy.moml.MoMLSimpleApplication@6a692302
reloadAllAccessors: .Expression1

===========================================================================================
----------------- testing Mon Jan 28 03:20:30 UTC 2019 /home/travis/build/icyphy/ptII/ptolemy/actor/lib/test/auto/Expression10.xml
----------------- Instantiating /home/travis/build/icyphy/ptII/ptolemy/actor/lib/test/auto/Expression10.xml
6 ms. Memory: 1356800K Free: 1277371K (94%)
----------------- Invoking toplevel() on ptolemy.moml.MoMLSimpleApplication@5946d1c0
----------------- Done invoking toplevel() on ptolemy.moml.MoMLSimpleApplication@5946d1c0
reloadAllAccessors: .Expression10

===========================================================================================
----------------- testing Mon Jan 28 03:20:30 UTC 2019 /home/travis/build/icyphy/ptII/ptolemy/actor/lib/test/auto/Expression11.xml
----------------- Instantiating /home/travis/build/icyphy/ptII/ptolemy/actor/lib/test/auto/Expression11.xml
3 ms. Memory: 1356800K Free: 1264878K (93%)
----------------- Invoking toplevel() on ptolemy.moml.MoMLSimpleApplication@6dc8d774
----------------- Done invoking toplevel() on ptolemy.moml.MoMLSimpleApplication@6dc8d774
reloadAllAccessors: .Expression11

===========================================================================================
----------------- testing Mon Jan 28 03:20:30 UTC 2019 /home/travis/build/icyphy/ptII/ptolemy/actor/lib/test/auto/Expression12.xml
----------------- Instantiating /home/travis/build/icyphy/ptII/ptolemy/actor/lib/test/auto/Expression12.xml
5 ms. Memory: 1356800K Free: 1244275K (92%)
----------------- Invoking toplevel() on ptolemy.moml.MoMLSimpleApplication@510a3708
----------------- Done invoking toplevel() on ptolemy.moml.MoMLSimpleApplication@510a3708
reloadAllAccessors: .Expression12

===========================================================================================
----------------- testing Mon Jan 28 03:20:30 UTC 2019 /home/travis/build/icyphy/ptII/ptolemy/actor/lib/test/auto/Expression13.xml
----------------- Instantiating /home/travis/build/icyphy/ptII/ptolemy/actor/lib/test/auto/Expression13.xml
3 ms. Memory: 1356800K Free: 1231782K (91%)
----------------- Invoking toplevel() on ptolemy.moml.MoMLSimpleApplication@5dba43f5
----------------- Done invoking toplevel() on ptolemy.moml.MoMLSimpleApplication@5dba43f5
reloadAllAccessors: .Expression13

===========================================================================================
----------------- testing Mon Jan 28 03:20:30 UTC 2019 /home/travis/build/icyphy/ptII/ptolemy/actor/lib/test/auto/Expression14.xml
----------------- Instantiating /home/travis/build/icyphy/ptII/ptolemy/actor/lib/test/auto/Expression14.xml
6 ms. Memory: 1356800K Free: 1219290K (90%)
----------------- Invoking toplevel() on ptolemy.moml.MoMLSimpleApplication@191d596b
----------------- Done invoking toplevel() on ptolemy.moml.MoMLSimpleApplication@191d596b
reloadAllAccessors: .Expression14

===========================================================================================
----------------- testing Mon Jan 28 03:20:30 UTC 2019 /home/travis/build/icyphy/ptII/ptolemy/actor/lib/test/auto/Expression15.xml
----------------- Instantiating /home/travis/build/icyphy/ptII/ptolemy/actor/lib/test/auto/Expression15.xml
1 ms. Memory: 1356800K Free: 1206797K (89%)
----------------- Invoking toplevel() on ptolemy.moml.MoMLSimpleApplication@4c3243ef
----------------- Done invoking toplevel() on ptolemy.moml.MoMLSimpleApplication@4c3243ef
reloadAllAccessors: .Expression15

===========================================================================================
----------------- testing Mon Jan 28 03:20:30 UTC 2019 /home/travis/build/icyphy/ptII/ptolemy/actor/lib/test/auto/Expression16.xml
----------------- Instantiating /home/travis/build/icyphy/ptII/ptolemy/actor/lib/test/auto/Expression16.xml
2 ms. Memory: 1356800K Free: 1186194K (87%)
----------------- Invoking toplevel() on ptolemy.moml.MoMLSimpleApplication@7754f8ec
----------------- Done invoking toplevel() on ptolemy.moml.MoMLSimpleApplication@7754f8ec
reloadAllAccessors: .Expression16

===========================================================================================
----------------- testing Mon Jan 28 03:20:30 UTC 2019 /home/travis/build/icyphy/ptII/ptolemy/actor/lib/test/auto/Expression17.xml
----------------- Instantiating /home/travis/build/icyphy/ptII/ptolemy/actor/lib/test/auto/Expression17.xml
2 ms. Memory: 1356800K Free: 1173701K (87%)
----------------- Invoking toplevel() on ptolemy.moml.MoMLSimpleApplication@212064a9
----------------- Done invoking toplevel() on ptolemy.moml.MoMLSimpleApplication@212064a9
reloadAllAccessors: .Expression17

===========================================================================================
----------------- testing Mon Jan 28 03:20:30 UTC 2019 /home/travis/build/icyphy/ptII/ptolemy/actor/lib/test/auto/Expression18.xml
----------------- Instantiating /home/travis/build/icyphy/ptII/ptolemy/actor/lib/test/auto/Expression18.xml
1 ms. Memory: 1356800K Free: 1161209K (86%)
----------------- Invoking toplevel() on ptolemy.moml.MoMLSimpleApplication@21731ce
----------------- Done invoking toplevel() on ptolemy.moml.MoMLSimpleApplication@21731ce
reloadAllAccessors: .Expression18

===========================================================================================
----------------- testing Mon Jan 28 03:20:30 UTC 2019 /home/travis/build/icyphy/ptII/ptolemy/actor/lib/test/auto/Expression2.xml
----------------- Instantiating /home/travis/build/icyphy/ptII/ptolemy/actor/lib/test/auto/Expression2.xml
2 ms. Memory: 1356800K Free: 1140606K (84%)
----------------- Invoking toplevel() on ptolemy.moml.MoMLSimpleApplication@99e1f2a
----------------- Done invoking toplevel() on ptolemy.moml.MoMLSimpleApplication@99e1f2a
reloadAllAccessors: .Expression2

===========================================================================================
----------------- testing Mon Jan 28 03:20:30 UTC 2019 /home/travis/build/icyphy/ptII/ptolemy/actor/lib/test/auto/Expression3.xml
----------------- Instantiating /home/travis/build/icyphy/ptII/ptolemy/actor/lib/test/auto/Expression3.xml
2 ms. Memory: 1356800K Free: 1128113K (83%)
----------------- Invoking toplevel() on ptolemy.moml.MoMLSimpleApplication@478c5f39
----------------- Done invoking toplevel() on ptolemy.moml.MoMLSimpleApplication@478c5f39
reloadAllAccessors: .Expression3

===========================================================================================
----------------- testing Mon Jan 28 03:20:30 UTC 2019 /home/travis/build/icyphy/ptII/ptolemy/actor/lib/test/auto/Expression4.xml
----------------- Instantiating /home/travis/build/icyphy/ptII/ptolemy/actor/lib/test/auto/Expression4.xml
4 ms. Memory: 1356800K Free: 1115620K (82%)
----------------- Invoking toplevel() on ptolemy.moml.MoMLSimpleApplication@22512e03
----------------- Done invoking toplevel() on ptolemy.moml.MoMLSimpleApplication@22512e03
reloadAllAccessors: .Expression4

===========================================================================================
----------------- testing Mon Jan 28 03:20:30 UTC 2019 /home/travis/build/icyphy/ptII/ptolemy/actor/lib/test/auto/Expression5.xml
----------------- Instantiating /home/travis/build/icyphy/ptII/ptolemy/actor/lib/test/auto/Expression5.xml
2 ms. Memory: 1356800K Free: 1103128K (81%)
----------------- Invoking toplevel() on ptolemy.moml.MoMLSimpleApplication@34b91e4b
----------------- Done invoking toplevel() on ptolemy.moml.MoMLSimpleApplication@34b91e4b
reloadAllAccessors: .Expression5

===========================================================================================
----------------- testing Mon Jan 28 03:20:30 UTC 2019 /home/travis/build/icyphy/ptII/ptolemy/actor/lib/test/auto/Expression6.xml
----------------- Instantiating /home/travis/build/icyphy/ptII/ptolemy/actor/lib/test/auto/Expression6.xml
2 ms. Memory: 1356800K Free: 1082525K (80%)
----------------- Invoking toplevel() on ptolemy.moml.MoMLSimpleApplication@441042b1
----------------- Done invoking toplevel() on ptolemy.moml.MoMLSimpleApplication@441042b1
reloadAllAccessors: .Expression6

===========================================================================================
----------------- testing Mon Jan 28 03:20:30 UTC 2019 /home/travis/build/icyphy/ptII/ptolemy/actor/lib/test/auto/Expression7.xml
----------------- Instantiating /home/travis/build/icyphy/ptII/ptolemy/actor/lib/test/auto/Expression7.xml
2 ms. Memory: 1356800K Free: 1070032K (79%)
----------------- Invoking toplevel() on ptolemy.moml.MoMLSimpleApplication@5bcbcfde
----------------- Done invoking toplevel() on ptolemy.moml.MoMLSimpleApplication@5bcbcfde
reloadAllAccessors: .Expression7

===========================================================================================
----------------- testing Mon Jan 28 03:20:30 UTC 2019 /home/travis/build/icyphy/ptII/ptolemy/actor/lib/test/auto/Expression8.xml
----------------- Instantiating /home/travis/build/icyphy/ptII/ptolemy/actor/lib/test/auto/Expression8.xml
4 ms. Memory: 1356800K Free: 1057540K (78%)
----------------- Invoking toplevel() on ptolemy.moml.MoMLSimpleApplication@3e05e8a
----------------- Done invoking toplevel() on ptolemy.moml.MoMLSimpleApplication@3e05e8a
reloadAllAccessors: .Expression8

===========================================================================================
----------------- testing Mon Jan 28 03:20:30 UTC 2019 /home/travis/build/icyphy/ptII/ptolemy/actor/lib/test/auto/Expression9.xml
----------------- Instantiating /home/travis/build/icyphy/ptII/ptolemy/actor/lib/test/auto/Expression9.xml
1 ms. Memory: 1356800K Free: 1036937K (76%)
----------------- Invoking toplevel() on ptolemy.moml.MoMLSimpleApplication@278c0a4c
----------------- Done invoking toplevel() on ptolemy.moml.MoMLSimpleApplication@278c0a4c
reloadAllAccessors: .Expression9

===========================================================================================
----------------- testing Mon Jan 28 03:20:30 UTC 2019 /home/travis/build/icyphy/ptII/ptolemy/actor/lib/test/auto/ExpressionConcatenateArrayType.xml
----------------- Instantiating /home/travis/build/icyphy/ptII/ptolemy/actor/lib/test/auto/ExpressionConcatenateArrayType.xml
2 ms. Memory: 1356800K Free: 1024444K (76%)
----------------- Invoking toplevel() on ptolemy.moml.MoMLSimpleApplication@172def2b
----------------- Done invoking toplevel() on ptolemy.moml.MoMLSimpleApplication@172def2b
reloadAllAccessors: .ExpressionConcatenateArrayType

===========================================================================================
----------------- testing Mon Jan 28 03:20:30 UTC 2019 /home/travis/build/icyphy/ptII/ptolemy/actor/lib/test/auto/ExpressionConcatenateArrayType2.xml
----------------- Instantiating /home/travis/build/icyphy/ptII/ptolemy/actor/lib/test/auto/ExpressionConcatenateArrayType2.xml
2 ms. Memory: 1356800K Free: 1011951K (75%)
----------------- Invoking toplevel() on ptolemy.moml.MoMLSimpleApplication@656dd6fd
----------------- Done invoking toplevel() on ptolemy.moml.MoMLSimpleApplication@656dd6fd
reloadAllAccessors: .ExpressionConcatenateArrayType2

===========================================================================================
----------------- testing Mon Jan 28 03:20:30 UTC 2019 /home/travis/build/icyphy/ptII/ptolemy/actor/lib/test/auto/ExpressionFix.xml
----------------- Instantiating /home/travis/build/icyphy/ptII/ptolemy/actor/lib/test/auto/ExpressionFix.xml
9 ms. Memory: 1356800K Free: 999459K (74%)
----------------- Invoking toplevel() on ptolemy.moml.MoMLSimpleApplication@14027159
----------------- Done invoking toplevel() on ptolemy.moml.MoMLSimpleApplication@14027159
reloadAllAccessors: .ExpressionFix

===========================================================================================
----------------- testing Mon Jan 28 03:20:30 UTC 2019 /home/travis/build/icyphy/ptII/ptolemy/actor/lib/test/auto/ExpressionFix2.xml
----------------- Instantiating /home/travis/build/icyphy/ptII/ptolemy/actor/lib/test/auto/ExpressionFix2.xml
1 ms. Memory: 1356800K Free: 978856K (72%)
----------------- Invoking toplevel() on ptolemy.moml.MoMLSimpleApplication@325f0be
----------------- Done invoking toplevel() on ptolemy.moml.MoMLSimpleApplication@325f0be
reloadAllAccessors: .ExpressionFix2

===========================================================================================
----------------- testing Mon Jan 28 03:20:30 UTC 2019 /home/travis/build/icyphy/ptII/ptolemy/actor/lib/test/auto/ExpressionFix3.xml
----------------- Instantiating /home/travis/build/icyphy/ptII/ptolemy/actor/lib/test/auto/ExpressionFix3.xml
2 ms. Memory: 1356800K Free: 966363K (71%)
----------------- Invoking toplevel() on ptolemy.moml.MoMLSimpleApplication@6599452a
----------------- Done invoking toplevel() on ptolemy.moml.MoMLSimpleApplication@6599452a
reloadAllAccessors: .ExpressionFix3

===========================================================================================
----------------- testing Mon Jan 28 03:20:30 UTC 2019 /home/travis/build/icyphy/ptII/ptolemy/actor/lib/test/auto/FileWriter1.xml
----------------- Instantiating /home/travis/build/icyphy/ptII/ptolemy/actor/lib/test/auto/FileWriter1.xml
2 ms. Memory: 1356800K Free: 953870K (70%)
----------------- Invoking toplevel() on ptolemy.moml.MoMLSimpleApplication@61cbdb7
----------------- Done invoking toplevel() on ptolemy.moml.MoMLSimpleApplication@61cbdb7
reloadAllAccessors: .FileWriter1

===========================================================================================
----------------- testing Mon Jan 28 03:20:30 UTC 2019 /home/travis/build/icyphy/ptII/ptolemy/actor/lib/test/auto/FileWriter2.xml
----------------- Instantiating /home/travis/build/icyphy/ptII/ptolemy/actor/lib/test/auto/FileWriter2.xml
2 ms. Memory: 1356800K Free: 941378K (69%)
----------------- Invoking toplevel() on ptolemy.moml.MoMLSimpleApplication@53768732
----------------- Done invoking toplevel() on ptolemy.moml.MoMLSimpleApplication@53768732
reloadAllAccessors: .FileWriter2

===========================================================================================
----------------- testing Mon Jan 28 03:20:30 UTC 2019 /home/travis/build/icyphy/ptII/ptolemy/actor/lib/test/auto/FileWriter3.xml
----------------- Instantiating /home/travis/build/icyphy/ptII/ptolemy/actor/lib/test/auto/FileWriter3.xml
6 ms. Memory: 1356800K Free: 920775K (68%)
----------------- Invoking toplevel() on ptolemy.moml.MoMLSimpleApplication@7a52ad1d
----------------- Done invoking toplevel() on ptolemy.moml.MoMLSimpleApplication@7a52ad1d
reloadAllAccessors: .FileWriter3

===========================================================================================
----------------- testing Mon Jan 28 03:20:30 UTC 2019 /home/travis/build/icyphy/ptII/ptolemy/actor/lib/test/auto/Gaussian.xml
----------------- Instantiating /home/travis/build/icyphy/ptII/ptolemy/actor/lib/test/auto/Gaussian.xml
2 ms. Memory: 1356800K Free: 908282K (67%)
----------------- Invoking toplevel() on ptolemy.moml.MoMLSimpleApplication@64fa9df5
----------------- Done invoking toplevel() on ptolemy.moml.MoMLSimpleApplication@64fa9df5
reloadAllAccessors: .Gaussian

===========================================================================================
----------------- testing Mon Jan 28 03:20:30 UTC 2019 /home/travis/build/icyphy/ptII/ptolemy/actor/lib/test/auto/Gaussian1.xml
----------------- Instantiating /home/travis/build/icyphy/ptII/ptolemy/actor/lib/test/auto/Gaussian1.xml
2 ms. Memory: 1356800K Free: 895789K (66%)
----------------- Invoking toplevel() on ptolemy.moml.MoMLSimpleApplication@3eb25f02
----------------- Done invoking toplevel() on ptolemy.moml.MoMLSimpleApplication@3eb25f02
reloadAllAccessors: .Gaussian1

===========================================================================================
----------------- testing Mon Jan 28 03:20:30 UTC 2019 /home/travis/build/icyphy/ptII/ptolemy/actor/lib/test/auto/Gaussian2.xml
----------------- Instantiating /home/travis/build/icyphy/ptII/ptolemy/actor/lib/test/auto/Gaussian2.xml
1 ms. Memory: 1356800K Free: 875187K (65%)
----------------- Invoking toplevel() on ptolemy.moml.MoMLSimpleApplication@5baed405
----------------- Done invoking toplevel() on ptolemy.moml.MoMLSimpleApplication@5baed405
reloadAllAccessors: .Gaussian2

===========================================================================================
----------------- testing Mon Jan 28 03:20:30 UTC 2019 /home/travis/build/icyphy/ptII/ptolemy/actor/lib/test/auto/GradientAdaptiveLattice.xml
----------------- Instantiating /home/travis/build/icyphy/ptII/ptolemy/actor/lib/test/auto/GradientAdaptiveLattice.xml
2 ms. Memory: 1356800K Free: 862694K (64%)
----------------- Invoking toplevel() on ptolemy.moml.MoMLSimpleApplication@22ff59b1
----------------- Done invoking toplevel() on ptolemy.moml.MoMLSimpleApplication@22ff59b1
reloadAllAccessors: .GradientAdaptiveLattice

===========================================================================================
----------------- testing Mon Jan 28 03:20:30 UTC 2019 /home/travis/build/icyphy/ptII/ptolemy/actor/lib/test/auto/IIR.xml
----------------- Instantiating /home/travis/build/icyphy/ptII/ptolemy/actor/lib/test/auto/IIR.xml
2 ms. Memory: 1356800K Free: 850201K (63%)
----------------- Invoking toplevel() on ptolemy.moml.MoMLSimpleApplication@5688495d
----------------- Done invoking toplevel() on ptolemy.moml.MoMLSimpleApplication@5688495d
reloadAllAccessors: .IIR

===========================================================================================
----------------- testing Mon Jan 28 03:20:30 UTC 2019 /home/travis/build/icyphy/ptII/ptolemy/actor/lib/test/auto/InputOutputTransparentPorts.xml
----------------- Instantiating /home/travis/build/icyphy/ptII/ptolemy/actor/lib/test/auto/InputOutputTransparentPorts.xml
1 ms. Memory: 1356800K Free: 837708K (62%)
----------------- Invoking toplevel() on ptolemy.moml.MoMLSimpleApplication@61feeb67
----------------- Done invoking toplevel() on ptolemy.moml.MoMLSimpleApplication@61feeb67
reloadAllAccessors: .InputOutputTransparentPorts

===========================================================================================
----------------- testing Mon Jan 28 03:20:30 UTC 2019 /home/travis/build/icyphy/ptII/ptolemy/actor/lib/test/auto/Interpolator.xml
----------------- Instantiating /home/travis/build/icyphy/ptII/ptolemy/actor/lib/test/auto/Interpolator.xml
3 ms. Memory: 1356800K Free: 817106K (60%)
----------------- Invoking toplevel() on ptolemy.moml.MoMLSimpleApplication@478a29dd
----------------- Done invoking toplevel() on ptolemy.moml.MoMLSimpleApplication@478a29dd
reloadAllAccessors: .Interpolator

===========================================================================================
----------------- testing Mon Jan 28 03:20:30 UTC 2019 /home/travis/build/icyphy/ptII/ptolemy/actor/lib/test/auto/InterpolatorFiringLimitDE.xml
----------------- Instantiating /home/travis/build/icyphy/ptII/ptolemy/actor/lib/test/auto/InterpolatorFiringLimitDE.xml
2 ms. Memory: 1356800K Free: 804613K (59%)
----------------- Invoking toplevel() on ptolemy.moml.MoMLSimpleApplication@79e1d302
----------------- Done invoking toplevel() on ptolemy.moml.MoMLSimpleApplication@79e1d302
reloadAllAccessors: .InterpolatorFiringLimitDE

===========================================================================================
----------------- testing Mon Jan 28 03:20:30 UTC 2019 /home/travis/build/icyphy/ptII/ptolemy/actor/lib/test/auto/Lattice.xml
----------------- Instantiating /home/travis/build/icyphy/ptII/ptolemy/actor/lib/test/auto/Lattice.xml
1 ms. Memory: 1356800K Free: 792120K (58%)
----------------- Invoking toplevel() on ptolemy.moml.MoMLSimpleApplication@1a0da70c
----------------- Done invoking toplevel() on ptolemy.moml.MoMLSimpleApplication@1a0da70c
reloadAllAccessors: .Lattice

===========================================================================================
----------------- testing Mon Jan 28 03:20:30 UTC 2019 /home/travis/build/icyphy/ptII/ptolemy/actor/lib/test/auto/LazyAOCTestLazy.xml
----------------- Instantiating /home/travis/build/icyphy/ptII/ptolemy/actor/lib/test/auto/LazyAOCTestLazy.xml
6 ms. Memory: 1356800K Free: 771517K (57%)
----------------- Invoking toplevel() on ptolemy.moml.MoMLSimpleApplication@7ab47f66
----------------- Done invoking toplevel() on ptolemy.moml.MoMLSimpleApplication@7ab47f66
reloadAllAccessors: .LazyAOCTestLazy

===========================================================================================
----------------- testing Mon Jan 28 03:20:30 UTC 2019 /home/travis/build/icyphy/ptII/ptolemy/actor/lib/test/auto/LazyAOCTestNonLazy.xml
----------------- Instantiating /home/travis/build/icyphy/ptII/ptolemy/actor/lib/test/auto/LazyAOCTestNonLazy.xml
1 ms. Memory: 1356800K Free: 759025K (56%)
----------------- Invoking toplevel() on ptolemy.moml.MoMLSimpleApplication@4cdf4cd1
----------------- Done invoking toplevel() on ptolemy.moml.MoMLSimpleApplication@4cdf4cd1
reloadAllAccessors: .LazyAOCTestNonLazy

===========================================================================================
----------------- testing Mon Jan 28 03:20:30 UTC 2019 /home/travis/build/icyphy/ptII/ptolemy/actor/lib/test/auto/LazyInnerClass.xml
----------------- Instantiating /home/travis/build/icyphy/ptII/ptolemy/actor/lib/test/auto/LazyInnerClass.xml
10 ms. Memory: 1356800K Free: 746532K (55%)
----------------- Invoking toplevel() on ptolemy.moml.MoMLSimpleApplication@2e64d19d
----------------- Done invoking toplevel() on ptolemy.moml.MoMLSimpleApplication@2e64d19d
reloadAllAccessors: .LazyInnerClass

===========================================================================================
----------------- testing Mon Jan 28 03:20:30 UTC 2019 /home/travis/build/icyphy/ptII/ptolemy/actor/lib/test/auto/LazyPubSub.xml
----------------- Instantiating /home/travis/build/icyphy/ptII/ptolemy/actor/lib/test/auto/LazyPubSub.xml
19 ms. Memory: 1356800K Free: 734039K (54%)
----------------- Invoking toplevel() on ptolemy.moml.MoMLSimpleApplication@cbf10a9
----------------- Done invoking toplevel() on ptolemy.moml.MoMLSimpleApplication@cbf10a9
reloadAllAccessors: .LazyPubSub

===========================================================================================
----------------- testing Mon Jan 28 03:20:31 UTC 2019 /home/travis/build/icyphy/ptII/ptolemy/actor/lib/test/auto/LazyPubSub2.xml
----------------- Instantiating /home/travis/build/icyphy/ptII/ptolemy/actor/lib/test/auto/LazyPubSub2.xml
35 ms. Memory: 1356800K Free: 713436K (53%)
----------------- Invoking toplevel() on ptolemy.moml.MoMLSimpleApplication@23a8b7df
----------------- Done invoking toplevel() on ptolemy.moml.MoMLSimpleApplication@23a8b7df
reloadAllAccessors: .LazyPubSub2

===========================================================================================
----------------- testing Mon Jan 28 03:20:31 UTC 2019 /home/travis/build/icyphy/ptII/ptolemy/actor/lib/test/auto/LazyPubSub3.xml
----------------- Instantiating /home/travis/build/icyphy/ptII/ptolemy/actor/lib/test/auto/LazyPubSub3.xml
14 ms. Memory: 1356800K Free: 700943K (52%)
----------------- Invoking toplevel() on ptolemy.moml.MoMLSimpleApplication@1203748f
----------------- Done invoking toplevel() on ptolemy.moml.MoMLSimpleApplication@1203748f
reloadAllAccessors: .LazyPubSub3

===========================================================================================
----------------- testing Mon Jan 28 03:20:31 UTC 2019 /home/travis/build/icyphy/ptII/ptolemy/actor/lib/test/auto/LazySubClassModel.xml
----------------- Instantiating /home/travis/build/icyphy/ptII/ptolemy/actor/lib/test/auto/LazySubClassModel.xml
3 ms. Memory: 1356800K Free: 682188K (50%)
----------------- Invoking toplevel() on ptolemy.moml.MoMLSimpleApplication@2a8e2363
----------------- Done invoking toplevel() on ptolemy.moml.MoMLSimpleApplication@2a8e2363
reloadAllAccessors: .LazySubClassModel

===========================================================================================
----------------- testing Mon Jan 28 03:20:31 UTC 2019 /home/travis/build/icyphy/ptII/ptolemy/actor/lib/test/auto/LevelCrossTest1.xml
----------------- Instantiating /home/travis/build/icyphy/ptII/ptolemy/actor/lib/test/auto/LevelCrossTest1.xml
1 ms. Memory: 1356800K Free: 661586K (49%)
----------------- Invoking toplevel() on ptolemy.moml.MoMLSimpleApplication@4ffc951f
----------------- Done invoking toplevel() on ptolemy.moml.MoMLSimpleApplication@4ffc951f
reloadAllAccessors: .broken

===========================================================================================
----------------- testing Mon Jan 28 03:20:31 UTC 2019 /home/travis/build/icyphy/ptII/ptolemy/actor/lib/test/auto/LevelCrossTest10.xml
----------------- Instantiating /home/travis/build/icyphy/ptII/ptolemy/actor/lib/test/auto/LevelCrossTest10.xml
1 ms. Memory: 1356800K Free: 649093K (48%)
----------------- Invoking toplevel() on ptolemy.moml.MoMLSimpleApplication@16c5a0f2
----------------- Done invoking toplevel() on ptolemy.moml.MoMLSimpleApplication@16c5a0f2
reloadAllAccessors: .LevelCrossTest10

===========================================================================================
----------------- testing Mon Jan 28 03:20:31 UTC 2019 /home/travis/build/icyphy/ptII/ptolemy/actor/lib/test/auto/LevelCrossTest11.xml
----------------- Instantiating /home/travis/build/icyphy/ptII/ptolemy/actor/lib/test/auto/LevelCrossTest11.xml
1 ms. Memory: 1356800K Free: 636600K (47%)
----------------- Invoking toplevel() on ptolemy.moml.MoMLSimpleApplication@3733b2a1
----------------- Done invoking toplevel() on ptolemy.moml.MoMLSimpleApplication@3733b2a1
reloadAllAccessors: .LevelCrossTest11

===========================================================================================
----------------- testing Mon Jan 28 03:20:31 UTC 2019 /home/travis/build/icyphy/ptII/ptolemy/actor/lib/test/auto/LevelCrossTest12.xml
----------------- Instantiating /home/travis/build/icyphy/ptII/ptolemy/actor/lib/test/auto/LevelCrossTest12.xml
1 ms. Memory: 1356800K Free: 624107K (46%)
----------------- Invoking toplevel() on ptolemy.moml.MoMLSimpleApplication@28f21578
----------------- Done invoking toplevel() on ptolemy.moml.MoMLSimpleApplication@28f21578
reloadAllAccessors: .LevelCrossTest12

===========================================================================================
----------------- testing Mon Jan 28 03:20:31 UTC 2019 /home/travis/build/icyphy/ptII/ptolemy/actor/lib/test/auto/LevelCrossTest13.xml
----------------- Instantiating /home/travis/build/icyphy/ptII/ptolemy/actor/lib/test/auto/LevelCrossTest13.xml
1 ms. Memory: 1356800K Free: 603505K (44%)
----------------- Invoking toplevel() on ptolemy.moml.MoMLSimpleApplication@6d9fe079
----------------- Done invoking toplevel() on ptolemy.moml.MoMLSimpleApplication@6d9fe079
reloadAllAccessors: .LevelCrossTest13

===========================================================================================
----------------- testing Mon Jan 28 03:20:31 UTC 2019 /home/travis/build/icyphy/ptII/ptolemy/actor/lib/test/auto/LevelCrossTest2.xml
----------------- Instantiating /home/travis/build/icyphy/ptII/ptolemy/actor/lib/test/auto/LevelCrossTest2.xml
1 ms. Memory: 1356800K Free: 591012K (44%)
----------------- Invoking toplevel() on ptolemy.moml.MoMLSimpleApplication@550b3459
----------------- Done invoking toplevel() on ptolemy.moml.MoMLSimpleApplication@550b3459
reloadAllAccessors: .broken

===========================================================================================
----------------- testing Mon Jan 28 03:20:31 UTC 2019 /home/travis/build/icyphy/ptII/ptolemy/actor/lib/test/auto/LevelCrossTest3.xml
----------------- Instantiating /home/travis/build/icyphy/ptII/ptolemy/actor/lib/test/auto/LevelCrossTest3.xml
1 ms. Memory: 1356800K Free: 578519K (43%)
----------------- Invoking toplevel() on ptolemy.moml.MoMLSimpleApplication@412e800b
----------------- Done invoking toplevel() on ptolemy.moml.MoMLSimpleApplication@412e800b
reloadAllAccessors: .LevelCrossTest3

===========================================================================================
----------------- testing Mon Jan 28 03:20:31 UTC 2019 /home/travis/build/icyphy/ptII/ptolemy/actor/lib/test/auto/LevelCrossTest4.xml
----------------- Instantiating /home/travis/build/icyphy/ptII/ptolemy/actor/lib/test/auto/LevelCrossTest4.xml
1 ms. Memory: 1356800K Free: 557916K (41%)
----------------- Invoking toplevel() on ptolemy.moml.MoMLSimpleApplication@1a4e5dd5
----------------- Done invoking toplevel() on ptolemy.moml.MoMLSimpleApplication@1a4e5dd5
reloadAllAccessors: .broken

===========================================================================================
----------------- testing Mon Jan 28 03:20:31 UTC 2019 /home/travis/build/icyphy/ptII/ptolemy/actor/lib/test/auto/LevelCrossTest5.xml
----------------- Instantiating /home/travis/build/icyphy/ptII/ptolemy/actor/lib/test/auto/LevelCrossTest5.xml
4 ms. Memory: 1356800K Free: 545424K (40%)
----------------- Invoking toplevel() on ptolemy.moml.MoMLSimpleApplication@1dc7975a
----------------- Done invoking toplevel() on ptolemy.moml.MoMLSimpleApplication@1dc7975a
reloadAllAccessors: .LevelCrossTest5

===========================================================================================
----------------- testing Mon Jan 28 03:20:31 UTC 2019 /home/travis/build/icyphy/ptII/ptolemy/actor/lib/test/auto/LevelCrossTest6.xml
----------------- Instantiating /home/travis/build/icyphy/ptII/ptolemy/actor/lib/test/auto/LevelCrossTest6.xml
1 ms. Memory: 1356800K Free: 532931K (39%)
----------------- Invoking toplevel() on ptolemy.moml.MoMLSimpleApplication@6c0499e
----------------- Done invoking toplevel() on ptolemy.moml.MoMLSimpleApplication@6c0499e
reloadAllAccessors: .LevelCrossTest6

===========================================================================================
----------------- testing Mon Jan 28 03:20:31 UTC 2019 /home/travis/build/icyphy/ptII/ptolemy/actor/lib/test/auto/LevelCrossTest7.xml
----------------- Instantiating /home/travis/build/icyphy/ptII/ptolemy/actor/lib/test/auto/LevelCrossTest7.xml
1 ms. Memory: 1356800K Free: 512318K (38%)
----------------- Invoking toplevel() on ptolemy.moml.MoMLSimpleApplication@1eafd9e4
----------------- Done invoking toplevel() on ptolemy.moml.MoMLSimpleApplication@1eafd9e4
reloadAllAccessors: .LevelCrossTest7

===========================================================================================
----------------- testing Mon Jan 28 03:20:31 UTC 2019 /home/travis/build/icyphy/ptII/ptolemy/actor/lib/test/auto/LevelCrossTest8.xml
----------------- Instantiating /home/travis/build/icyphy/ptII/ptolemy/actor/lib/test/auto/LevelCrossTest8.xml
1 ms. Memory: 1356800K Free: 491715K (36%)
----------------- Invoking toplevel() on ptolemy.moml.MoMLSimpleApplication@567b042
----------------- Done invoking toplevel() on ptolemy.moml.MoMLSimpleApplication@567b042
reloadAllAccessors: .LevelCrossTest8

===========================================================================================
----------------- testing Mon Jan 28 03:20:31 UTC 2019 /home/travis/build/icyphy/ptII/ptolemy/actor/lib/test/auto/LevelCrossTest9.xml
----------------- Instantiating /home/travis/build/icyphy/ptII/ptolemy/actor/lib/test/auto/LevelCrossTest9.xml
1 ms. Memory: 1356800K Free: 479222K (35%)
----------------- Invoking toplevel() on ptolemy.moml.MoMLSimpleApplication@3fe521a3
----------------- Done invoking toplevel() on ptolemy.moml.MoMLSimpleApplication@3fe521a3
reloadAllAccessors: .LevelCrossTest9

===========================================================================================
----------------- testing Mon Jan 28 03:20:31 UTC 2019 /home/travis/build/icyphy/ptII/ptolemy/actor/lib/test/auto/LevinsonDurbin.xml
----------------- Instantiating /home/travis/build/icyphy/ptII/ptolemy/actor/lib/test/auto/LevinsonDurbin.xml
2 ms. Memory: 1356800K Free: 466730K (34%)
----------------- Invoking toplevel() on ptolemy.moml.MoMLSimpleApplication@3ed839b8
----------------- Done invoking toplevel() on ptolemy.moml.MoMLSimpleApplication@3ed839b8
reloadAllAccessors: .LevinsonDurbin

===========================================================================================
----------------- testing Mon Jan 28 03:20:31 UTC 2019 /home/travis/build/icyphy/ptII/ptolemy/actor/lib/test/auto/LevinsonDurbin2.xml
----------------- Instantiating /home/travis/build/icyphy/ptII/ptolemy/actor/lib/test/auto/LevinsonDurbin2.xml
4 ms. Memory: 1356800K Free: 446127K (33%)
----------------- Invoking toplevel() on ptolemy.moml.MoMLSimpleApplication@715ed604
----------------- Done invoking toplevel() on ptolemy.moml.MoMLSimpleApplication@715ed604
reloadAllAccessors: .LevinsonDurbin2

===========================================================================================
----------------- testing Mon Jan 28 03:20:31 UTC 2019 /home/travis/build/icyphy/ptII/ptolemy/actor/lib/test/auto/LevinsonDurbin3.xml
----------------- Instantiating /home/travis/build/icyphy/ptII/ptolemy/actor/lib/test/auto/LevinsonDurbin3.xml
2 ms. Memory: 1356800K Free: 433634K (32%)
----------------- Invoking toplevel() on ptolemy.moml.MoMLSimpleApplication@1c4c42f0
----------------- Done invoking toplevel() on ptolemy.moml.MoMLSimpleApplication@1c4c42f0
reloadAllAccessors: .LevinsonDurbin3

===========================================================================================
----------------- testing Mon Jan 28 03:20:31 UTC 2019 /home/travis/build/icyphy/ptII/ptolemy/actor/lib/test/auto/Limiter.xml
----------------- Instantiating /home/travis/build/icyphy/ptII/ptolemy/actor/lib/test/auto/Limiter.xml
3 ms. Memory: 1356800K Free: 421141K (31%)
----------------- Invoking toplevel() on ptolemy.moml.MoMLSimpleApplication@5647ceb0
----------------- Done invoking toplevel() on ptolemy.moml.MoMLSimpleApplication@5647ceb0
reloadAllAccessors: .Limiter

===========================================================================================
----------------- testing Mon Jan 28 03:20:31 UTC 2019 /home/travis/build/icyphy/ptII/ptolemy/actor/lib/test/auto/LinearDifferenceEquationSystem.xml
----------------- Instantiating /home/travis/build/icyphy/ptII/ptolemy/actor/lib/test/auto/LinearDifferenceEquationSystem.xml
6 ms. Memory: 1356800K Free: 408648K (30%)
----------------- Invoking toplevel() on ptolemy.moml.MoMLSimpleApplication@55cbee3
----------------- Done invoking toplevel() on ptolemy.moml.MoMLSimpleApplication@55cbee3
reloadAllAccessors: .LinearDifferenceEquationSystem

===========================================================================================
----------------- testing Mon Jan 28 03:20:31 UTC 2019 /home/travis/build/icyphy/ptII/ptolemy/actor/lib/test/auto/LookupTable.xml
----------------- Instantiating /home/travis/build/icyphy/ptII/ptolemy/actor/lib/test/auto/LookupTable.xml
2 ms. Memory: 1356800K Free: 388046K (29%)
----------------- Invoking toplevel() on ptolemy.moml.MoMLSimpleApplication@6cf418a9
----------------- Done invoking toplevel() on ptolemy.moml.MoMLSimpleApplication@6cf418a9
reloadAllAccessors: .LookupTable

===========================================================================================
----------------- testing Mon Jan 28 03:20:31 UTC 2019 /home/travis/build/icyphy/ptII/ptolemy/actor/lib/test/auto/MathFunction.xml
----------------- Instantiating /home/travis/build/icyphy/ptII/ptolemy/actor/lib/test/auto/MathFunction.xml
2 ms. Memory: 1356800K Free: 375553K (28%)
----------------- Invoking toplevel() on ptolemy.moml.MoMLSimpleApplication@5f225e05
----------------- Done invoking toplevel() on ptolemy.moml.MoMLSimpleApplication@5f225e05
reloadAllAccessors: .MathFunction

===========================================================================================
----------------- testing Mon Jan 28 03:20:31 UTC 2019 /home/travis/build/icyphy/ptII/ptolemy/actor/lib/test/auto/MathFunction2.xml
----------------- Instantiating /home/travis/build/icyphy/ptII/ptolemy/actor/lib/test/auto/MathFunction2.xml
2 ms. Memory: 1356800K Free: 363060K (27%)
----------------- Invoking toplevel() on ptolemy.moml.MoMLSimpleApplication@7e100c2d
----------------- Done invoking toplevel() on ptolemy.moml.MoMLSimpleApplication@7e100c2d
reloadAllAccessors: .MathFunction2

===========================================================================================
----------------- testing Mon Jan 28 03:20:31 UTC 2019 /home/travis/build/icyphy/ptII/ptolemy/actor/lib/test/auto/MathFunction3.xml
----------------- Instantiating /home/travis/build/icyphy/ptII/ptolemy/actor/lib/test/auto/MathFunction3.xml
1 ms. Memory: 1356800K Free: 342458K (25%)
----------------- Invoking toplevel() on ptolemy.moml.MoMLSimpleApplication@9386159
----------------- Done invoking toplevel() on ptolemy.moml.MoMLSimpleApplication@9386159
reloadAllAccessors: .MathFunction3

===========================================================================================
----------------- testing Mon Jan 28 03:20:31 UTC 2019 /home/travis/build/icyphy/ptII/ptolemy/actor/lib/test/auto/MatrixCropBoolean.xml
----------------- Instantiating /home/travis/build/icyphy/ptII/ptolemy/actor/lib/test/auto/MatrixCropBoolean.xml
3 ms. Memory: 1356800K Free: 329965K (24%)
----------------- Invoking toplevel() on ptolemy.moml.MoMLSimpleApplication@221d9120
----------------- Done invoking toplevel() on ptolemy.moml.MoMLSimpleApplication@221d9120
reloadAllAccessors: .MatrixCropBoolean

===========================================================================================
----------------- testing Mon Jan 28 03:20:31 UTC 2019 /home/travis/build/icyphy/ptII/ptolemy/actor/lib/test/auto/MatrixCropComplex.xml
----------------- Instantiating /home/travis/build/icyphy/ptII/ptolemy/actor/lib/test/auto/MatrixCropComplex.xml
3 ms. Memory: 1356800K Free: 317472K (23%)
----------------- Invoking toplevel() on ptolemy.moml.MoMLSimpleApplication@10a2271a
----------------- Done invoking toplevel() on ptolemy.moml.MoMLSimpleApplication@10a2271a
reloadAllAccessors: .MatrixCropComplex

===========================================================================================
----------------- testing Mon Jan 28 03:20:31 UTC 2019 /home/travis/build/icyphy/ptII/ptolemy/actor/lib/test/auto/MatrixCropDouble.xml
----------------- Instantiating /home/travis/build/icyphy/ptII/ptolemy/actor/lib/test/auto/MatrixCropDouble.xml
3 ms. Memory: 1356800K Free: 304979K (22%)
----------------- Invoking toplevel() on ptolemy.moml.MoMLSimpleApplication@9641cb9
----------------- Done invoking toplevel() on ptolemy.moml.MoMLSimpleApplication@9641cb9
reloadAllAccessors: .MatrixCropDouble

===========================================================================================
----------------- testing Mon Jan 28 03:20:31 UTC 2019 /home/travis/build/icyphy/ptII/ptolemy/actor/lib/test/auto/MatrixCropFix.xml
----------------- Instantiating /home/travis/build/icyphy/ptII/ptolemy/actor/lib/test/auto/MatrixCropFix.xml
2 ms. Memory: 1356800K Free: 284377K (21%)
----------------- Invoking toplevel() on ptolemy.moml.MoMLSimpleApplication@6911b556
----------------- Done invoking toplevel() on ptolemy.moml.MoMLSimpleApplication@6911b556
reloadAllAccessors: .MatrixCropFix

===========================================================================================
----------------- testing Mon Jan 28 03:20:31 UTC 2019 /home/travis/build/icyphy/ptII/ptolemy/actor/lib/test/auto/MatrixCropInt.xml
----------------- Instantiating /home/travis/build/icyphy/ptII/ptolemy/actor/lib/test/auto/MatrixCropInt.xml
2 ms. Memory: 1356800K Free: 271884K (20%)
----------------- Invoking toplevel() on ptolemy.moml.MoMLSimpleApplication@7f510138
----------------- Done invoking toplevel() on ptolemy.moml.MoMLSimpleApplication@7f510138
reloadAllAccessors: .MatrixCropInt

===========================================================================================
----------------- testing Mon Jan 28 03:20:31 UTC 2019 /home/travis/build/icyphy/ptII/ptolemy/actor/lib/test/auto/MatrixCropLong.xml
----------------- Instantiating /home/travis/build/icyphy/ptII/ptolemy/actor/lib/test/auto/MatrixCropLong.xml
2 ms. Memory: 1356800K Free: 259391K (19%)
----------------- Invoking toplevel() on ptolemy.moml.MoMLSimpleApplication@177ef895
----------------- Done invoking toplevel() on ptolemy.moml.MoMLSimpleApplication@177ef895
reloadAllAccessors: .MatrixCropLong

===========================================================================================
----------------- testing Mon Jan 28 03:20:31 UTC 2019 /home/travis/build/icyphy/ptII/ptolemy/actor/lib/test/auto/MatrixToArray.xml
----------------- Instantiating /home/travis/build/icyphy/ptII/ptolemy/actor/lib/test/auto/MatrixToArray.xml
10 ms. Memory: 1356800K Free: 226280K (17%)
----------------- Invoking toplevel() on ptolemy.moml.MoMLSimpleApplication@292b1b91
----------------- Done invoking toplevel() on ptolemy.moml.MoMLSimpleApplication@292b1b91
reloadAllAccessors: .MatrixToArray

===========================================================================================
----------------- testing Mon Jan 28 03:20:31 UTC 2019 /home/travis/build/icyphy/ptII/ptolemy/actor/lib/test/auto/MaxIndex.xml
----------------- Instantiating /home/travis/build/icyphy/ptII/ptolemy/actor/lib/test/auto/MaxIndex.xml
2 ms. Memory: 1356800K Free: 213787K (16%)
----------------- Invoking toplevel() on ptolemy.moml.MoMLSimpleApplication@5a39e428
----------------- Done invoking toplevel() on ptolemy.moml.MoMLSimpleApplication@5a39e428
reloadAllAccessors: .MaxIndex

===========================================================================================
----------------- testing Mon Jan 28 03:20:31 UTC 2019 /home/travis/build/icyphy/ptII/ptolemy/actor/lib/test/auto/Maximum.xml
----------------- Instantiating /home/travis/build/icyphy/ptII/ptolemy/actor/lib/test/auto/Maximum.xml
5 ms. Memory: 1356800K Free: 201294K (15%)
----------------- Invoking toplevel() on ptolemy.moml.MoMLSimpleApplication@5728175d
----------------- Done invoking toplevel() on ptolemy.moml.MoMLSimpleApplication@5728175d
reloadAllAccessors: .Maximum

===========================================================================================
----------------- testing Mon Jan 28 03:20:31 UTC 2019 /home/travis/build/icyphy/ptII/ptolemy/actor/lib/test/auto/MaximumComplex.xml
----------------- Instantiating /home/travis/build/icyphy/ptII/ptolemy/actor/lib/test/auto/MaximumComplex.xml
3 ms. Memory: 1356800K Free: 188802K (14%)
----------------- Invoking toplevel() on ptolemy.moml.MoMLSimpleApplication@4bb6eb37
----------------- Done invoking toplevel() on ptolemy.moml.MoMLSimpleApplication@4bb6eb37
reloadAllAccessors: .MaximumComplex

===========================================================================================
----------------- testing Mon Jan 28 03:20:31 UTC 2019 /home/travis/build/icyphy/ptII/ptolemy/actor/lib/test/auto/MethodCallTest.xml
----------------- Instantiating /home/travis/build/icyphy/ptII/ptolemy/actor/lib/test/auto/MethodCallTest.xml
2 ms. Memory: 1356800K Free: 168199K (12%)
----------------- Invoking toplevel() on ptolemy.moml.MoMLSimpleApplication@5e78f0f2
----------------- Done invoking toplevel() on ptolemy.moml.MoMLSimpleApplication@5e78f0f2
reloadAllAccessors: .MethodCallTest

===========================================================================================
----------------- testing Mon Jan 28 03:20:31 UTC 2019 /home/travis/build/icyphy/ptII/ptolemy/actor/lib/test/auto/Minimum.xml
----------------- Instantiating /home/travis/build/icyphy/ptII/ptolemy/actor/lib/test/auto/Minimum.xml
2 ms. Memory: 1356800K Free: 155706K (11%)
----------------- Invoking toplevel() on ptolemy.moml.MoMLSimpleApplication@22234df6
----------------- Done invoking toplevel() on ptolemy.moml.MoMLSimpleApplication@22234df6
reloadAllAccessors: .Minimum

===========================================================================================
----------------- testing Mon Jan 28 03:20:31 UTC 2019 /home/travis/build/icyphy/ptII/ptolemy/actor/lib/test/auto/MinimumComplex.xml
----------------- Instantiating /home/travis/build/icyphy/ptII/ptolemy/actor/lib/test/auto/MinimumComplex.xml
2 ms. Memory: 1356800K Free: 143214K (11%)
----------------- Invoking toplevel() on ptolemy.moml.MoMLSimpleApplication@8f2e63b
----------------- Done invoking toplevel() on ptolemy.moml.MoMLSimpleApplication@8f2e63b
reloadAllAccessors: .MinimumComplex

===========================================================================================
----------------- testing Mon Jan 28 03:20:31 UTC 2019 /home/travis/build/icyphy/ptII/ptolemy/actor/lib/test/auto/MinimumMultiports.xml
----------------- Instantiating /home/travis/build/icyphy/ptII/ptolemy/actor/lib/test/auto/MinimumMultiports.xml
4 ms. Memory: 1356800K Free: 122611K (9%)
----------------- Invoking toplevel() on ptolemy.moml.MoMLSimpleApplication@55bd29e
----------------- Done invoking toplevel() on ptolemy.moml.MoMLSimpleApplication@55bd29e
reloadAllAccessors: .MinimumMultiports

===========================================================================================
----------------- testing Mon Jan 28 03:20:31 UTC 2019 /home/travis/build/icyphy/ptII/ptolemy/actor/lib/test/auto/ModifyDate.xml
----------------- Instantiating /home/travis/build/icyphy/ptII/ptolemy/actor/lib/test/auto/ModifyDate.xml
7 ms. Memory: 1356800K Free: 103856K (8%)
----------------- Invoking toplevel() on ptolemy.moml.MoMLSimpleApplication@341a3feb
----------------- Done invoking toplevel() on ptolemy.moml.MoMLSimpleApplication@341a3feb
reloadAllAccessors: .ModifyDate

===========================================================================================
----------------- testing Mon Jan 28 03:20:32 UTC 2019 /home/travis/build/icyphy/ptII/ptolemy/actor/lib/test/auto/ModifyDate2.xml
----------------- Instantiating /home/travis/build/icyphy/ptII/ptolemy/actor/lib/test/auto/ModifyDate2.xml
2 ms. Memory: 1356800K Free: 85100K (6%)
----------------- Invoking toplevel() on ptolemy.moml.MoMLSimpleApplication@f04e3e8
----------------- Done invoking toplevel() on ptolemy.moml.MoMLSimpleApplication@f04e3e8
reloadAllAccessors: .ModifyDate2

===========================================================================================
----------------- testing Mon Jan 28 03:20:32 UTC 2019 /home/travis/build/icyphy/ptII/ptolemy/actor/lib/test/auto/MovingAverage.xml
----------------- Instantiating /home/travis/build/icyphy/ptII/ptolemy/actor/lib/test/auto/MovingAverage.xml
2 ms. Memory: 1356800K Free: 72608K (5%)
----------------- Invoking toplevel() on ptolemy.moml.MoMLSimpleApplication@75a56d72
----------------- Done invoking toplevel() on ptolemy.moml.MoMLSimpleApplication@75a56d72
reloadAllAccessors: .MovingAverage

===========================================================================================
----------------- testing Mon Jan 28 03:20:32 UTC 2019 /home/travis/build/icyphy/ptII/ptolemy/actor/lib/test/auto/MovingMaximum.xml
----------------- Instantiating /home/travis/build/icyphy/ptII/ptolemy/actor/lib/test/auto/MovingMaximum.xml
1 ms. Memory: 1773056K Free: 1722001K (97%)
----------------- Invoking toplevel() on ptolemy.moml.MoMLSimpleApplication@3af07038
----------------- Done invoking toplevel() on ptolemy.moml.MoMLSimpleApplication@3af07038
reloadAllAccessors: .MovingMaximum

===========================================================================================
----------------- testing Mon Jan 28 03:20:32 UTC 2019 /home/travis/build/icyphy/ptII/ptolemy/actor/lib/test/auto/MultipleLinksToSameRelation.xml
----------------- Instantiating /home/travis/build/icyphy/ptII/ptolemy/actor/lib/test/auto/MultipleLinksToSameRelation.xml
1 ms. Memory: 1773056K Free: 1696538K (96%)
----------------- Invoking toplevel() on ptolemy.moml.MoMLSimpleApplication@40120015
----------------- Done invoking toplevel() on ptolemy.moml.MoMLSimpleApplication@40120015
reloadAllAccessors: .MultipleLinksToSameRelation

===========================================================================================
----------------- testing Mon Jan 28 03:20:32 UTC 2019 /home/travis/build/icyphy/ptII/ptolemy/actor/lib/test/auto/MultipleLinksToSameRelationDE.xml
----------------- Instantiating /home/travis/build/icyphy/ptII/ptolemy/actor/lib/test/auto/MultipleLinksToSameRelationDE.xml
2 ms. Memory: 1773056K Free: 1679883K (95%)
----------------- Invoking toplevel() on ptolemy.moml.MoMLSimpleApplication@6ba3603f
----------------- Done invoking toplevel() on ptolemy.moml.MoMLSimpleApplication@6ba3603f
reloadAllAccessors: .MultipleLinksToSameRelationDE

===========================================================================================
----------------- testing Mon Jan 28 03:20:32 UTC 2019 /home/travis/build/icyphy/ptII/ptolemy/actor/lib/test/auto/Multiplexor.xml
----------------- Instantiating /home/travis/build/icyphy/ptII/ptolemy/actor/lib/test/auto/Multiplexor.xml
1 ms. Memory: 1773056K Free: 1663227K (94%)
----------------- Invoking toplevel() on ptolemy.moml.MoMLSimpleApplication@409b8000
----------------- Done invoking toplevel() on ptolemy.moml.MoMLSimpleApplication@409b8000
reloadAllAccessors: .Multiplexor

===========================================================================================
----------------- testing Mon Jan 28 03:20:32 UTC 2019 /home/travis/build/icyphy/ptII/ptolemy/actor/lib/test/auto/Multiplexor1.xml
----------------- Instantiating /home/travis/build/icyphy/ptII/ptolemy/actor/lib/test/auto/Multiplexor1.xml
1 ms. Memory: 1773056K Free: 1637765K (92%)
----------------- Invoking toplevel() on ptolemy.moml.MoMLSimpleApplication@3fbd7af
----------------- Done invoking toplevel() on ptolemy.moml.MoMLSimpleApplication@3fbd7af
reloadAllAccessors: .Multiplexor1

===========================================================================================
----------------- testing Mon Jan 28 03:20:32 UTC 2019 /home/travis/build/icyphy/ptII/ptolemy/actor/lib/test/auto/Multiplexor2.xml
----------------- Instantiating /home/travis/build/icyphy/ptII/ptolemy/actor/lib/test/auto/Multiplexor2.xml
2 ms. Memory: 1773056K Free: 1621109K (91%)
----------------- Invoking toplevel() on ptolemy.moml.MoMLSimpleApplication@3092f4be
----------------- Done invoking toplevel() on ptolemy.moml.MoMLSimpleApplication@3092f4be
reloadAllAccessors: .Multiplexor2

===========================================================================================
----------------- testing Mon Jan 28 03:20:32 UTC 2019 /home/travis/build/icyphy/ptII/ptolemy/actor/lib/test/auto/Multiplexor3.xml
----------------- Instantiating /home/travis/build/icyphy/ptII/ptolemy/actor/lib/test/auto/Multiplexor3.xml
1 ms. Memory: 1773056K Free: 1604359K (90%)
----------------- Invoking toplevel() on ptolemy.moml.MoMLSimpleApplication@5776744e
----------------- Done invoking toplevel() on ptolemy.moml.MoMLSimpleApplication@5776744e
reloadAllAccessors: .Multiplexor3

===========================================================================================
----------------- testing Mon Jan 28 03:20:32 UTC 2019 /home/travis/build/icyphy/ptII/ptolemy/actor/lib/test/auto/MultiplexorDE.xml
----------------- Instantiating /home/travis/build/icyphy/ptII/ptolemy/actor/lib/test/auto/MultiplexorDE.xml
1 ms. Memory: 1773056K Free: 1587703K (90%)
----------------- Invoking toplevel() on ptolemy.moml.MoMLSimpleApplication@1509a163
----------------- Done invoking toplevel() on ptolemy.moml.MoMLSimpleApplication@1509a163
reloadAllAccessors: .MultiplexorDE

===========================================================================================
----------------- testing Mon Jan 28 03:20:32 UTC 2019 /home/travis/build/icyphy/ptII/ptolemy/actor/lib/test/auto/MultiportBroadcastTest.xml
----------------- Instantiating /home/travis/build/icyphy/ptII/ptolemy/actor/lib/test/auto/MultiportBroadcastTest.xml
46 ms. Memory: 1773056K Free: 1562240K (88%)
----------------- Invoking toplevel() on ptolemy.moml.MoMLSimpleApplication@7c7cad26
----------------- Done invoking toplevel() on ptolemy.moml.MoMLSimpleApplication@7c7cad26
reloadAllAccessors: .MultiportBroadcastTest

===========================================================================================
----------------- testing Mon Jan 28 03:20:32 UTC 2019 /home/travis/build/icyphy/ptII/ptolemy/actor/lib/test/auto/MultiportOutHangDuringGetWidth.xml
----------------- Instantiating /home/travis/build/icyphy/ptII/ptolemy/actor/lib/test/auto/MultiportOutHangDuringGetWidth.xml
4 ms. Memory: 1773056K Free: 1537257K (87%)
----------------- Invoking toplevel() on ptolemy.moml.MoMLSimpleApplication@47e6fdfa
----------------- Done invoking toplevel() on ptolemy.moml.MoMLSimpleApplication@47e6fdfa
reloadAllAccessors: .MultiportOutHangDuringGetWidth

===========================================================================================
----------------- testing Mon Jan 28 03:20:32 UTC 2019 /home/travis/build/icyphy/ptII/ptolemy/actor/lib/test/auto/NilToken.xml
----------------- Instantiating /home/travis/build/icyphy/ptII/ptolemy/actor/lib/test/auto/NilToken.xml
1 ms. Memory: 1773056K Free: 1520602K (86%)
----------------- Invoking toplevel() on ptolemy.moml.MoMLSimpleApplication@7f740154
----------------- Done invoking toplevel() on ptolemy.moml.MoMLSimpleApplication@7f740154
reloadAllAccessors: .NilToken

===========================================================================================
----------------- testing Mon Jan 28 03:20:32 UTC 2019 /home/travis/build/icyphy/ptII/ptolemy/actor/lib/test/auto/NilTokenNonStrictTest.xml
----------------- Instantiating /home/travis/build/icyphy/ptII/ptolemy/actor/lib/test/auto/NilTokenNonStrictTest.xml
1 ms. Memory: 1773056K Free: 1503947K (85%)
----------------- Invoking toplevel() on ptolemy.moml.MoMLSimpleApplication@60ebb5ec
----------------- Done invoking toplevel() on ptolemy.moml.MoMLSimpleApplication@60ebb5ec
reloadAllAccessors: .NilTokenNonStrictTest

===========================================================================================
----------------- testing Mon Jan 28 03:20:32 UTC 2019 /home/travis/build/icyphy/ptII/ptolemy/actor/lib/test/auto/NilTokenRecord.xml
----------------- Instantiating /home/travis/build/icyphy/ptII/ptolemy/actor/lib/test/auto/NilTokenRecord.xml
3 ms. Memory: 1773056K Free: 1478484K (83%)
----------------- Invoking toplevel() on ptolemy.moml.MoMLSimpleApplication@47ddb911
----------------- Done invoking toplevel() on ptolemy.moml.MoMLSimpleApplication@47ddb911
reloadAllAccessors: .NilTokenRecord

===========================================================================================
----------------- testing Mon Jan 28 03:20:32 UTC 2019 /home/travis/build/icyphy/ptII/ptolemy/actor/lib/test/auto/NilTokenTypeTest.xml
----------------- Instantiating /home/travis/build/icyphy/ptII/ptolemy/actor/lib/test/auto/NilTokenTypeTest.xml
2 ms. Memory: 1773056K Free: 1461828K (82%)
----------------- Invoking toplevel() on ptolemy.moml.MoMLSimpleApplication@7ce31b9f
----------------- Done invoking toplevel() on ptolemy.moml.MoMLSimpleApplication@7ce31b9f
reloadAllAccessors: .NilTokenTypeTest

===========================================================================================
----------------- testing Mon Jan 28 03:20:32 UTC 2019 /home/travis/build/icyphy/ptII/ptolemy/actor/lib/test/auto/ObjectToken1.xml
----------------- Instantiating /home/travis/build/icyphy/ptII/ptolemy/actor/lib/test/auto/ObjectToken1.xml
2 ms. Memory: 1773056K Free: 1445173K (82%)
----------------- Invoking toplevel() on ptolemy.moml.MoMLSimpleApplication@7a8ff502
----------------- Done invoking toplevel() on ptolemy.moml.MoMLSimpleApplication@7a8ff502
reloadAllAccessors: .ObjectToken1

===========================================================================================
----------------- testing Mon Jan 28 03:20:32 UTC 2019 /home/travis/build/icyphy/ptII/ptolemy/actor/lib/test/auto/OrderedMerge.xml
----------------- Instantiating /home/travis/build/icyphy/ptII/ptolemy/actor/lib/test/auto/OrderedMerge.xml
4 ms. Memory: 1773056K Free: 1386399K (78%)
----------------- Invoking toplevel() on ptolemy.moml.MoMLSimpleApplication@7187e7ee
----------------- Done invoking toplevel() on ptolemy.moml.MoMLSimpleApplication@7187e7ee
reloadAllAccessors: .OrderedMerge

===========================================================================================
----------------- testing Mon Jan 28 03:20:32 UTC 2019 /home/travis/build/icyphy/ptII/ptolemy/actor/lib/test/auto/OrderedRecordDisassembler.xml
----------------- Instantiating /home/travis/build/icyphy/ptII/ptolemy/actor/lib/test/auto/OrderedRecordDisassembler.xml
2 ms. Memory: 1773056K Free: 1369744K (77%)
----------------- Invoking toplevel() on ptolemy.moml.MoMLSimpleApplication@2db9acd0
----------------- Done invoking toplevel() on ptolemy.moml.MoMLSimpleApplication@2db9acd0
reloadAllAccessors: .OrderedRecordDisassembler

===========================================================================================
----------------- testing Mon Jan 28 03:20:32 UTC 2019 /home/travis/build/icyphy/ptII/ptolemy/actor/lib/test/auto/OrderedRecordDisassembler2.xml
----------------- Instantiating /home/travis/build/icyphy/ptII/ptolemy/actor/lib/test/auto/OrderedRecordDisassembler2.xml
3 ms. Memory: 1773056K Free: 1353089K (76%)
----------------- Invoking toplevel() on ptolemy.moml.MoMLSimpleApplication@7c9d5720
----------------- Done invoking toplevel() on ptolemy.moml.MoMLSimpleApplication@7c9d5720
reloadAllAccessors: .OrderedRecordDisassembler2

===========================================================================================
----------------- testing Mon Jan 28 03:20:32 UTC 2019 /home/travis/build/icyphy/ptII/ptolemy/actor/lib/test/auto/OrderedRecordUpdater.xml
----------------- Instantiating /home/travis/build/icyphy/ptII/ptolemy/actor/lib/test/auto/OrderedRecordUpdater.xml
2 ms. Memory: 1773056K Free: 1336433K (75%)
----------------- Invoking toplevel() on ptolemy.moml.MoMLSimpleApplication@34c0a414
----------------- Done invoking toplevel() on ptolemy.moml.MoMLSimpleApplication@34c0a414
reloadAllAccessors: .RecordUpdater

===========================================================================================
----------------- testing Mon Jan 28 03:20:32 UTC 2019 /home/travis/build/icyphy/ptII/ptolemy/actor/lib/test/auto/OrderedRecordUpdater2.xml
----------------- Instantiating /home/travis/build/icyphy/ptII/ptolemy/actor/lib/test/auto/OrderedRecordUpdater2.xml
2 ms. Memory: 1773056K Free: 1310971K (74%)
----------------- Invoking toplevel() on ptolemy.moml.MoMLSimpleApplication@2461c84f
----------------- Done invoking toplevel() on ptolemy.moml.MoMLSimpleApplication@2461c84f
reloadAllAccessors: .RecordUpdater2

===========================================================================================
----------------- testing Mon Jan 28 03:20:32 UTC 2019 /home/travis/build/icyphy/ptII/ptolemy/actor/lib/test/auto/PhaseUnwrap.xml
----------------- Instantiating /home/travis/build/icyphy/ptII/ptolemy/actor/lib/test/auto/PhaseUnwrap.xml
2 ms. Memory: 1773056K Free: 1294315K (73%)
----------------- Invoking toplevel() on ptolemy.moml.MoMLSimpleApplication@69c6749e
----------------- Done invoking toplevel() on ptolemy.moml.MoMLSimpleApplication@69c6749e
reloadAllAccessors: .PhaseUnwrap

===========================================================================================
----------------- testing Mon Jan 28 03:20:32 UTC 2019 /home/travis/build/icyphy/ptII/ptolemy/actor/lib/test/auto/PoissonClock.xml
----------------- Instantiating /home/travis/build/icyphy/ptII/ptolemy/actor/lib/test/auto/PoissonClock.xml
2 ms. Memory: 1773056K Free: 1277660K (72%)
----------------- Invoking toplevel() on ptolemy.moml.MoMLSimpleApplication@57f1a914
----------------- Done invoking toplevel() on ptolemy.moml.MoMLSimpleApplication@57f1a914
reloadAllAccessors: .PoissonClock

===========================================================================================
----------------- testing Mon Jan 28 03:20:32 UTC 2019 /home/travis/build/icyphy/ptII/ptolemy/actor/lib/test/auto/PoissonClock2.xml
----------------- Instantiating /home/travis/build/icyphy/ptII/ptolemy/actor/lib/test/auto/PoissonClock2.xml
1 ms. Memory: 1773056K Free: 1261005K (71%)
----------------- Invoking toplevel() on ptolemy.moml.MoMLSimpleApplication@8a5b435
----------------- Done invoking toplevel() on ptolemy.moml.MoMLSimpleApplication@8a5b435
reloadAllAccessors: .PoissonClock2

===========================================================================================
----------------- testing Mon Jan 28 03:20:32 UTC 2019 /home/travis/build/icyphy/ptII/ptolemy/actor/lib/test/auto/PoissonClock3.xml
----------------- Instantiating /home/travis/build/icyphy/ptII/ptolemy/actor/lib/test/auto/PoissonClock3.xml
1 ms. Memory: 1773056K Free: 1235542K (70%)
----------------- Invoking toplevel() on ptolemy.moml.MoMLSimpleApplication@3780f86d
----------------- Done invoking toplevel() on ptolemy.moml.MoMLSimpleApplication@3780f86d
reloadAllAccessors: .PoissonClock3

===========================================================================================
----------------- testing Mon Jan 28 03:20:32 UTC 2019 /home/travis/build/icyphy/ptII/ptolemy/actor/lib/test/auto/PubSubWithInitialTokens.xml
----------------- Instantiating /home/travis/build/icyphy/ptII/ptolemy/actor/lib/test/auto/PubSubWithInitialTokens.xml
1 ms. Memory: 1773056K Free: 1218887K (69%)
----------------- Invoking toplevel() on ptolemy.moml.MoMLSimpleApplication@66f5257c
----------------- Done invoking toplevel() on ptolemy.moml.MoMLSimpleApplication@66f5257c
reloadAllAccessors: .PubSubWithInitialTokens

===========================================================================================
----------------- testing Mon Jan 28 03:20:32 UTC 2019 /home/travis/build/icyphy/ptII/ptolemy/actor/lib/test/auto/PubSubWithInitialTokens2.xml
----------------- Instantiating /home/travis/build/icyphy/ptII/ptolemy/actor/lib/test/auto/PubSubWithInitialTokens2.xml
2 ms. Memory: 1773056K Free: 1202231K (68%)
----------------- Invoking toplevel() on ptolemy.moml.MoMLSimpleApplication@58dfcd5d
----------------- Done invoking toplevel() on ptolemy.moml.MoMLSimpleApplication@58dfcd5d
reloadAllAccessors: .PubSubWithInitialTokens2

===========================================================================================
----------------- testing Mon Jan 28 03:20:32 UTC 2019 /home/travis/build/icyphy/ptII/ptolemy/actor/lib/test/auto/PublisherClassNoParameter.xml
----------------- Instantiating /home/travis/build/icyphy/ptII/ptolemy/actor/lib/test/auto/PublisherClassNoParameter.xml
1 ms. Memory: 1773056K Free: 1176768K (66%)
----------------- Invoking toplevel() on ptolemy.moml.MoMLSimpleApplication@6ec9af98
----------------- Done invoking toplevel() on ptolemy.moml.MoMLSimpleApplication@6ec9af98
reloadAllAccessors: .PublisherClassNoParameter

===========================================================================================
----------------- testing Mon Jan 28 03:20:32 UTC 2019 /home/travis/build/icyphy/ptII/ptolemy/actor/lib/test/auto/PublisherClassParameter.xml
----------------- Instantiating /home/travis/build/icyphy/ptII/ptolemy/actor/lib/test/auto/PublisherClassParameter.xml
1 ms. Memory: 1773056K Free: 1151777K (65%)
----------------- Invoking toplevel() on ptolemy.moml.MoMLSimpleApplication@782933f5
----------------- Done invoking toplevel() on ptolemy.moml.MoMLSimpleApplication@782933f5
reloadAllAccessors: .PublisherClassParameter

===========================================================================================
----------------- testing Mon Jan 28 03:20:32 UTC 2019 /home/travis/build/icyphy/ptII/ptolemy/actor/lib/test/auto/PublisherNonStrictTest.xml
----------------- Instantiating /home/travis/build/icyphy/ptII/ptolemy/actor/lib/test/auto/PublisherNonStrictTest.xml
3 ms. Memory: 1773056K Free: 1135122K (64%)
----------------- Invoking toplevel() on ptolemy.moml.MoMLSimpleApplication@65d047a3
----------------- Done invoking toplevel() on ptolemy.moml.MoMLSimpleApplication@65d047a3
reloadAllAccessors: .PublisherNonStrictTest

===========================================================================================
----------------- testing Mon Jan 28 03:20:32 UTC 2019 /home/travis/build/icyphy/ptII/ptolemy/actor/lib/test/auto/PublisherPort1.xml
----------------- Instantiating /home/travis/build/icyphy/ptII/ptolemy/actor/lib/test/auto/PublisherPort1.xml
2 ms. Memory: 1773056K Free: 1118467K (63%)
----------------- Invoking toplevel() on ptolemy.moml.MoMLSimpleApplication@5ed548ac
----------------- Done invoking toplevel() on ptolemy.moml.MoMLSimpleApplication@5ed548ac
reloadAllAccessors: .PublisherPort1

===========================================================================================
----------------- testing Mon Jan 28 03:20:32 UTC 2019 /home/travis/build/icyphy/ptII/ptolemy/actor/lib/test/auto/PublisherPort2.xml
----------------- Instantiating /home/travis/build/icyphy/ptII/ptolemy/actor/lib/test/auto/PublisherPort2.xml
1 ms. Memory: 1773056K Free: 1093004K (62%)
----------------- Invoking toplevel() on ptolemy.moml.MoMLSimpleApplication@3cbfbddb
----------------- Done invoking toplevel() on ptolemy.moml.MoMLSimpleApplication@3cbfbddb
reloadAllAccessors: .PublisherPort2

===========================================================================================
----------------- testing Mon Jan 28 03:20:32 UTC 2019 /home/travis/build/icyphy/ptII/ptolemy/actor/lib/test/auto/PublisherPort3.xml
----------------- Instantiating /home/travis/build/icyphy/ptII/ptolemy/actor/lib/test/auto/PublisherPort3.xml
7 ms. Memory: 1773056K Free: 1076349K (61%)
----------------- Invoking toplevel() on ptolemy.moml.MoMLSimpleApplication@ffe51b9
----------------- Done invoking toplevel() on ptolemy.moml.MoMLSimpleApplication@ffe51b9
reloadAllAccessors: .PublisherPort3

===========================================================================================
----------------- testing Mon Jan 28 03:20:32 UTC 2019 /home/travis/build/icyphy/ptII/ptolemy/actor/lib/test/auto/PublisherPort4.xml
----------------- Instantiating /home/travis/build/icyphy/ptII/ptolemy/actor/lib/test/auto/PublisherPort4.xml
2 ms. Memory: 1773056K Free: 1059693K (60%)
----------------- Invoking toplevel() on ptolemy.moml.MoMLSimpleApplication@2d2b39f0
----------------- Done invoking toplevel() on ptolemy.moml.MoMLSimpleApplication@2d2b39f0
reloadAllAccessors: .PublisherPort4

===========================================================================================
----------------- testing Mon Jan 28 03:20:32 UTC 2019 /home/travis/build/icyphy/ptII/ptolemy/actor/lib/test/auto/PublisherPort5.xml
----------------- Instantiating /home/travis/build/icyphy/ptII/ptolemy/actor/lib/test/auto/PublisherPort5.xml
3 ms. Memory: 1773056K Free: 1043038K (59%)
----------------- Invoking toplevel() on ptolemy.moml.MoMLSimpleApplication@149dcd16
----------------- Done invoking toplevel() on ptolemy.moml.MoMLSimpleApplication@149dcd16
reloadAllAccessors: .PublisherPort5

===========================================================================================
----------------- testing Mon Jan 28 03:20:32 UTC 2019 /home/travis/build/icyphy/ptII/ptolemy/actor/lib/test/auto/PublisherPort5LookAlike.xml
----------------- Instantiating /home/travis/build/icyphy/ptII/ptolemy/actor/lib/test/auto/PublisherPort5LookAlike.xml
6 ms. Memory: 1773056K Free: 1017575K (57%)
----------------- Invoking toplevel() on ptolemy.moml.MoMLSimpleApplication@77c6ee4f
----------------- Done invoking toplevel() on ptolemy.moml.MoMLSimpleApplication@77c6ee4f
reloadAllAccessors: .PublisherPort5LookAlike

===========================================================================================
----------------- testing Mon Jan 28 03:20:32 UTC 2019 /home/travis/build/icyphy/ptII/ptolemy/actor/lib/test/auto/PublisherPort6.xml
----------------- Instantiating /home/travis/build/icyphy/ptII/ptolemy/actor/lib/test/auto/PublisherPort6.xml
2 ms. Memory: 1773056K Free: 1000920K (56%)
----------------- Invoking toplevel() on ptolemy.moml.MoMLSimpleApplication@197f98cf
----------------- Done invoking toplevel() on ptolemy.moml.MoMLSimpleApplication@197f98cf
reloadAllAccessors: .PublisherPort6

===========================================================================================
----------------- testing Mon Jan 28 03:20:32 UTC 2019 /home/travis/build/icyphy/ptII/ptolemy/actor/lib/test/auto/PublisherPort7.xml
----------------- Instantiating /home/travis/build/icyphy/ptII/ptolemy/actor/lib/test/auto/PublisherPort7.xml
3 ms. Memory: 1773056K Free: 984265K (56%)
----------------- Invoking toplevel() on ptolemy.moml.MoMLSimpleApplication@4e4e61f7
----------------- Done invoking toplevel() on ptolemy.moml.MoMLSimpleApplication@4e4e61f7
reloadAllAccessors: .PublisherPort7

===========================================================================================
----------------- testing Mon Jan 28 03:20:32 UTC 2019 /home/travis/build/icyphy/ptII/ptolemy/actor/lib/test/auto/PublisherPort8.xml
----------------- Instantiating /home/travis/build/icyphy/ptII/ptolemy/actor/lib/test/auto/PublisherPort8.xml
4 ms. Memory: 1773056K Free: 967609K (55%)
----------------- Invoking toplevel() on ptolemy.moml.MoMLSimpleApplication@3f4f8acc
----------------- Done invoking toplevel() on ptolemy.moml.MoMLSimpleApplication@3f4f8acc
reloadAllAccessors: .PublisherPort8

===========================================================================================
----------------- testing Mon Jan 28 03:20:32 UTC 2019 /home/travis/build/icyphy/ptII/ptolemy/actor/lib/test/auto/PublisherPortSubscriberChannelVariablesAOC2.xml
----------------- Instantiating /home/travis/build/icyphy/ptII/ptolemy/actor/lib/test/auto/PublisherPortSubscriberChannelVariablesAOC2.xml
2 ms. Memory: 1773056K Free: 933819K (53%)
----------------- Invoking toplevel() on ptolemy.moml.MoMLSimpleApplication@32b4eb03
----------------- Done invoking toplevel() on ptolemy.moml.MoMLSimpleApplication@32b4eb03
reloadAllAccessors: .PublisherPortSubscriberChannelVariablesAOC2

===========================================================================================
----------------- testing Mon Jan 28 03:20:32 UTC 2019 /home/travis/build/icyphy/ptII/ptolemy/actor/lib/test/auto/PublisherPortSubscriberOpaqueWidthInference.xml
----------------- Instantiating /home/travis/build/icyphy/ptII/ptolemy/actor/lib/test/auto/PublisherPortSubscriberOpaqueWidthInference.xml
4 ms. Memory: 1773056K Free: 917163K (52%)
----------------- Invoking toplevel() on ptolemy.moml.MoMLSimpleApplication@177bb6a9
----------------- Done invoking toplevel() on ptolemy.moml.MoMLSimpleApplication@177bb6a9
reloadAllAccessors: .PublisherPortSubscriberOpaqueWidthInference

===========================================================================================
----------------- testing Mon Jan 28 03:20:32 UTC 2019 /home/travis/build/icyphy/ptII/ptolemy/actor/lib/test/auto/PublisherPortSubscriberPortAdjacent.xml
----------------- Instantiating /home/travis/build/icyphy/ptII/ptolemy/actor/lib/test/auto/PublisherPortSubscriberPortAdjacent.xml
2 ms. Memory: 1773056K Free: 900508K (51%)
----------------- Invoking toplevel() on ptolemy.moml.MoMLSimpleApplication@6a299d89
----------------- Done invoking toplevel() on ptolemy.moml.MoMLSimpleApplication@6a299d89
reloadAllAccessors: .PublisherPortSubscriberPortAdjacent

===========================================================================================
----------------- testing Mon Jan 28 03:20:32 UTC 2019 /home/travis/build/icyphy/ptII/ptolemy/actor/lib/test/auto/PublisherPortSubscriberPortExpression.xml
----------------- Instantiating /home/travis/build/icyphy/ptII/ptolemy/actor/lib/test/auto/PublisherPortSubscriberPortExpression.xml
4 ms. Memory: 1773056K Free: 875045K (49%)
----------------- Invoking toplevel() on ptolemy.moml.MoMLSimpleApplication@44935e77
----------------- Done invoking toplevel() on ptolemy.moml.MoMLSimpleApplication@44935e77
reloadAllAccessors: .PublisherPortSubscriberPortExpression

===========================================================================================
----------------- testing Mon Jan 28 03:20:32 UTC 2019 /home/travis/build/icyphy/ptII/ptolemy/actor/lib/test/auto/PublisherPortSubscriberPortOpaqueD3Reverse.xml
----------------- Instantiating /home/travis/build/icyphy/ptII/ptolemy/actor/lib/test/auto/PublisherPortSubscriberPortOpaqueD3Reverse.xml
6 ms. Memory: 1773056K Free: 858390K (48%)
----------------- Invoking toplevel() on ptolemy.moml.MoMLSimpleApplication@3fd3be3b
----------------- Done invoking toplevel() on ptolemy.moml.MoMLSimpleApplication@3fd3be3b
reloadAllAccessors: .PublisherPortSubscriberPortOpaqueD3Reverse

===========================================================================================
----------------- testing Mon Jan 28 03:20:32 UTC 2019 /home/travis/build/icyphy/ptII/ptolemy/actor/lib/test/auto/PublisherPortSubscriberPortOpaqueWidthInference.xml
----------------- Instantiating /home/travis/build/icyphy/ptII/ptolemy/actor/lib/test/auto/PublisherPortSubscriberPortOpaqueWidthInference.xml
3 ms. Memory: 1773056K Free: 841735K (47%)
----------------- Invoking toplevel() on ptolemy.moml.MoMLSimpleApplication@6f86a793
----------------- Done invoking toplevel() on ptolemy.moml.MoMLSimpleApplication@6f86a793
reloadAllAccessors: .PublisherPortSubscriberPortOpaqueWidthInference

===========================================================================================
----------------- testing Mon Jan 28 03:20:32 UTC 2019 /home/travis/build/icyphy/ptII/ptolemy/actor/lib/test/auto/PublisherPortToplevelSubscriberPortAOC.xml
----------------- Instantiating /home/travis/build/icyphy/ptII/ptolemy/actor/lib/test/auto/PublisherPortToplevelSubscriberPortAOC.xml
.PublisherPortToplevelSubscriberPortAOC.TestExceptionAttribute: initialize() was not invoked, but wrapup() was.  This is unusual, but not always a problem.  For example, exporting JNLP will do this.
1 ms. Memory: 1773056K Free: 825079K (47%)
----------------- Invoking toplevel() on ptolemy.moml.MoMLSimpleApplication@35dcde06
----------------- Done invoking toplevel() on ptolemy.moml.MoMLSimpleApplication@35dcde06
reloadAllAccessors: .PublisherPortToplevelSubscriberPortAOC

===========================================================================================
----------------- testing Mon Jan 28 03:20:32 UTC 2019 /home/travis/build/icyphy/ptII/ptolemy/actor/lib/test/auto/PublisherSubscriber.xml
----------------- Instantiating /home/travis/build/icyphy/ptII/ptolemy/actor/lib/test/auto/PublisherSubscriber.xml
3 ms. Memory: 1773056K Free: 799617K (45%)
----------------- Invoking toplevel() on ptolemy.moml.MoMLSimpleApplication@27fa4507
----------------- Done invoking toplevel() on ptolemy.moml.MoMLSimpleApplication@27fa4507
reloadAllAccessors: .PublisherSubscriber

===========================================================================================
----------------- testing Mon Jan 28 03:20:32 UTC 2019 /home/travis/build/icyphy/ptII/ptolemy/actor/lib/test/auto/PublisherSubscriber10.xml
----------------- Instantiating /home/travis/build/icyphy/ptII/ptolemy/actor/lib/test/auto/PublisherSubscriber10.xml
8 ms. Memory: 1773056K Free: 782961K (44%)
----------------- Invoking toplevel() on ptolemy.moml.MoMLSimpleApplication@72b34e36
----------------- Done invoking toplevel() on ptolemy.moml.MoMLSimpleApplication@72b34e36
reloadAllAccessors: .PublisherSubscriber10

===========================================================================================
----------------- testing Mon Jan 28 03:20:32 UTC 2019 /home/travis/build/icyphy/ptII/ptolemy/actor/lib/test/auto/PublisherSubscriber10InitialOutputs.xml
----------------- Instantiating /home/travis/build/icyphy/ptII/ptolemy/actor/lib/test/auto/PublisherSubscriber10InitialOutputs.xml
12 ms. Memory: 1773056K Free: 766306K (43%)
----------------- Invoking toplevel() on ptolemy.moml.MoMLSimpleApplication@c7067c6
----------------- Done invoking toplevel() on ptolemy.moml.MoMLSimpleApplication@c7067c6
reloadAllAccessors: .PublisherSubscriber10InitialOutputs

===========================================================================================
----------------- testing Mon Jan 28 03:20:33 UTC 2019 /home/travis/build/icyphy/ptII/ptolemy/actor/lib/test/auto/PublisherSubscriber11.xml
----------------- Instantiating /home/travis/build/icyphy/ptII/ptolemy/actor/lib/test/auto/PublisherSubscriber11.xml
3 ms. Memory: 1773056K Free: 740843K (42%)
----------------- Invoking toplevel() on ptolemy.moml.MoMLSimpleApplication@54e71521
----------------- Done invoking toplevel() on ptolemy.moml.MoMLSimpleApplication@54e71521
reloadAllAccessors: .PublisherSubscriber11

===========================================================================================
----------------- testing Mon Jan 28 03:20:33 UTC 2019 /home/travis/build/icyphy/ptII/ptolemy/actor/lib/test/auto/PublisherSubscriber12.xml
----------------- Instantiating /home/travis/build/icyphy/ptII/ptolemy/actor/lib/test/auto/PublisherSubscriber12.xml
5 ms. Memory: 1773056K Free: 724188K (41%)
----------------- Invoking toplevel() on ptolemy.moml.MoMLSimpleApplication@27318572
----------------- Done invoking toplevel() on ptolemy.moml.MoMLSimpleApplication@27318572
reloadAllAccessors: .PublisherSubscriber12

===========================================================================================
----------------- testing Mon Jan 28 03:20:33 UTC 2019 /home/travis/build/icyphy/ptII/ptolemy/actor/lib/test/auto/PublisherSubscriber13.xml
----------------- Instantiating /home/travis/build/icyphy/ptII/ptolemy/actor/lib/test/auto/PublisherSubscriber13.xml
2 ms. Memory: 1773056K Free: 707532K (40%)
----------------- Invoking toplevel() on ptolemy.moml.MoMLSimpleApplication@38325ac5
----------------- Done invoking toplevel() on ptolemy.moml.MoMLSimpleApplication@38325ac5
reloadAllAccessors: .PublisherSubscriber13

===========================================================================================
----------------- testing Mon Jan 28 03:20:33 UTC 2019 /home/travis/build/icyphy/ptII/ptolemy/actor/lib/test/auto/PublisherSubscriber14.xml
----------------- Instantiating /home/travis/build/icyphy/ptII/ptolemy/actor/lib/test/auto/PublisherSubscriber14.xml
2 ms. Memory: 1773056K Free: 690877K (39%)
----------------- Invoking toplevel() on ptolemy.moml.MoMLSimpleApplication@cdf518
----------------- Done invoking toplevel() on ptolemy.moml.MoMLSimpleApplication@cdf518
reloadAllAccessors: .PublisherSubscriber14

===========================================================================================
----------------- testing Mon Jan 28 03:20:33 UTC 2019 /home/travis/build/icyphy/ptII/ptolemy/actor/lib/test/auto/PublisherSubscriber2.xml
----------------- Instantiating /home/travis/build/icyphy/ptII/ptolemy/actor/lib/test/auto/PublisherSubscriber2.xml
2 ms. Memory: 1773056K Free: 665414K (38%)
----------------- Invoking toplevel() on ptolemy.moml.MoMLSimpleApplication@171739b5
----------------- Done invoking toplevel() on ptolemy.moml.MoMLSimpleApplication@171739b5
reloadAllAccessors: .PublisherSubscriber2

===========================================================================================
----------------- testing Mon Jan 28 03:20:33 UTC 2019 /home/travis/build/icyphy/ptII/ptolemy/actor/lib/test/auto/PublisherSubscriber3.xml
----------------- Instantiating /home/travis/build/icyphy/ptII/ptolemy/actor/lib/test/auto/PublisherSubscriber3.xml
2 ms. Memory: 1773056K Free: 648759K (37%)
----------------- Invoking toplevel() on ptolemy.moml.MoMLSimpleApplication@70996ce1
----------------- Done invoking toplevel() on ptolemy.moml.MoMLSimpleApplication@70996ce1
reloadAllAccessors: .PublisherSubscriber3

===========================================================================================
----------------- testing Mon Jan 28 03:20:33 UTC 2019 /home/travis/build/icyphy/ptII/ptolemy/actor/lib/test/auto/PublisherSubscriber4.xml
----------------- Instantiating /home/travis/build/icyphy/ptII/ptolemy/actor/lib/test/auto/PublisherSubscriber4.xml
1 ms. Memory: 1773056K Free: 632103K (36%)
----------------- Invoking toplevel() on ptolemy.moml.MoMLSimpleApplication@34042f63
----------------- Done invoking toplevel() on ptolemy.moml.MoMLSimpleApplication@34042f63
reloadAllAccessors: .PublisherSubscriber4

===========================================================================================
----------------- testing Mon Jan 28 03:20:33 UTC 2019 /home/travis/build/icyphy/ptII/ptolemy/actor/lib/test/auto/PublisherSubscriber5.xml
----------------- Instantiating /home/travis/build/icyphy/ptII/ptolemy/actor/lib/test/auto/PublisherSubscriber5.xml
2 ms. Memory: 1773056K Free: 615448K (35%)
----------------- Invoking toplevel() on ptolemy.moml.MoMLSimpleApplication@65c660ce
----------------- Done invoking toplevel() on ptolemy.moml.MoMLSimpleApplication@65c660ce
reloadAllAccessors: .PublisherSubscriber5

===========================================================================================
----------------- testing Mon Jan 28 03:20:33 UTC 2019 /home/travis/build/icyphy/ptII/ptolemy/actor/lib/test/auto/PublisherSubscriber6.xml
----------------- Instantiating /home/travis/build/icyphy/ptII/ptolemy/actor/lib/test/auto/PublisherSubscriber6.xml
3 ms. Memory: 1773056K Free: 589985K (33%)
----------------- Invoking toplevel() on ptolemy.moml.MoMLSimpleApplication@61267de4
----------------- Done invoking toplevel() on ptolemy.moml.MoMLSimpleApplication@61267de4
reloadAllAccessors: .PublisherSubscriber6

===========================================================================================
----------------- testing Mon Jan 28 03:20:33 UTC 2019 /home/travis/build/icyphy/ptII/ptolemy/actor/lib/test/auto/PublisherSubscriber7.xml
----------------- Instantiating /home/travis/build/icyphy/ptII/ptolemy/actor/lib/test/auto/PublisherSubscriber7.xml
6 ms. Memory: 1773056K Free: 573330K (32%)
----------------- Invoking toplevel() on ptolemy.moml.MoMLSimpleApplication@53118552
----------------- Done invoking toplevel() on ptolemy.moml.MoMLSimpleApplication@53118552
reloadAllAccessors: .PublisherSubscriber7

===========================================================================================
----------------- testing Mon Jan 28 03:20:33 UTC 2019 /home/travis/build/icyphy/ptII/ptolemy/actor/lib/test/auto/PublisherSubscriber8.xml
----------------- Instantiating /home/travis/build/icyphy/ptII/ptolemy/actor/lib/test/auto/PublisherSubscriber8.xml
19 ms. Memory: 1773056K Free: 473397K (27%)
----------------- Invoking toplevel() on ptolemy.moml.MoMLSimpleApplication@2c9d5dc0
----------------- Done invoking toplevel() on ptolemy.moml.MoMLSimpleApplication@2c9d5dc0
reloadAllAccessors: .PublisherSubscriber8

===========================================================================================
----------------- testing Mon Jan 28 03:20:33 UTC 2019 /home/travis/build/icyphy/ptII/ptolemy/actor/lib/test/auto/PublisherSubscriber9.xml
----------------- Instantiating /home/travis/build/icyphy/ptII/ptolemy/actor/lib/test/auto/PublisherSubscriber9.xml
3 ms. Memory: 1773056K Free: 447934K (25%)
----------------- Invoking toplevel() on ptolemy.moml.MoMLSimpleApplication@7300f37b
----------------- Done invoking toplevel() on ptolemy.moml.MoMLSimpleApplication@7300f37b
reloadAllAccessors: .PublisherSubscriber9

===========================================================================================
----------------- testing Mon Jan 28 03:20:33 UTC 2019 /home/travis/build/icyphy/ptII/ptolemy/actor/lib/test/auto/PublisherSubscriberAdjacent.xml
----------------- Instantiating /home/travis/build/icyphy/ptII/ptolemy/actor/lib/test/auto/PublisherSubscriberAdjacent.xml
1 ms. Memory: 1773056K Free: 431279K (24%)
----------------- Invoking toplevel() on ptolemy.moml.MoMLSimpleApplication@71eec4a6
----------------- Done invoking toplevel() on ptolemy.moml.MoMLSimpleApplication@71eec4a6
reloadAllAccessors: .PublisherSubscriberAdjacent

===========================================================================================
----------------- testing Mon Jan 28 03:20:33 UTC 2019 /home/travis/build/icyphy/ptII/ptolemy/actor/lib/test/auto/PublisherSubscriberChannelVariablesAOC2.xml
----------------- Instantiating /home/travis/build/icyphy/ptII/ptolemy/actor/lib/test/auto/PublisherSubscriberChannelVariablesAOC2.xml
3 ms. Memory: 1773056K Free: 406280K (23%)
----------------- Invoking toplevel() on ptolemy.moml.MoMLSimpleApplication@7fd1dc32
----------------- Done invoking toplevel() on ptolemy.moml.MoMLSimpleApplication@7fd1dc32
reloadAllAccessors: .PublisherSubscriberChannelVariablesAOC2

===========================================================================================
----------------- testing Mon Jan 28 03:20:33 UTC 2019 /home/travis/build/icyphy/ptII/ptolemy/actor/lib/test/auto/PublisherSubscriberD3.xml
----------------- Instantiating /home/travis/build/icyphy/ptII/ptolemy/actor/lib/test/auto/PublisherSubscriberD3.xml
1 ms. Memory: 1773056K Free: 389624K (22%)
----------------- Invoking toplevel() on ptolemy.moml.MoMLSimpleApplication@1bd47589
----------------- Done invoking toplevel() on ptolemy.moml.MoMLSimpleApplication@1bd47589
reloadAllAccessors: .PublisherSubscriberD3

===========================================================================================
----------------- testing Mon Jan 28 03:20:33 UTC 2019 /home/travis/build/icyphy/ptII/ptolemy/actor/lib/test/auto/PublisherSubscriberD3Reverse.xml
----------------- Instantiating /home/travis/build/icyphy/ptII/ptolemy/actor/lib/test/auto/PublisherSubscriberD3Reverse.xml
2 ms. Memory: 1773056K Free: 364162K (21%)
----------------- Invoking toplevel() on ptolemy.moml.MoMLSimpleApplication@ff9cebe
----------------- Done invoking toplevel() on ptolemy.moml.MoMLSimpleApplication@ff9cebe
reloadAllAccessors: .PublisherSubscriberD3Reverse

===========================================================================================
----------------- testing Mon Jan 28 03:20:33 UTC 2019 /home/travis/build/icyphy/ptII/ptolemy/actor/lib/test/auto/PublisherSubscriberExpression.xml
----------------- Instantiating /home/travis/build/icyphy/ptII/ptolemy/actor/lib/test/auto/PublisherSubscriberExpression.xml
3 ms. Memory: 1773056K Free: 347506K (20%)
----------------- Invoking toplevel() on ptolemy.moml.MoMLSimpleApplication@7df30aec
----------------- Done invoking toplevel() on ptolemy.moml.MoMLSimpleApplication@7df30aec
reloadAllAccessors: .PublisherSubscriberExpression

===========================================================================================
----------------- testing Mon Jan 28 03:20:33 UTC 2019 /home/travis/build/icyphy/ptII/ptolemy/actor/lib/test/auto/PublisherSubscriberOpaque.xml
----------------- Instantiating /home/travis/build/icyphy/ptII/ptolemy/actor/lib/test/auto/PublisherSubscriberOpaque.xml
3 ms. Memory: 1773056K Free: 330851K (19%)
----------------- Invoking toplevel() on ptolemy.moml.MoMLSimpleApplication@12c76538
----------------- Done invoking toplevel() on ptolemy.moml.MoMLSimpleApplication@12c76538
reloadAllAccessors: .PublisherSubscriberOpaque

===========================================================================================
----------------- testing Mon Jan 28 03:20:33 UTC 2019 /home/travis/build/icyphy/ptII/ptolemy/actor/lib/test/auto/PublisherSubscriberOpaqueD3.xml
----------------- Instantiating /home/travis/build/icyphy/ptII/ptolemy/actor/lib/test/auto/PublisherSubscriberOpaqueD3.xml
5 ms. Memory: 1773056K Free: 314196K (18%)
----------------- Invoking toplevel() on ptolemy.moml.MoMLSimpleApplication@6be7260f
----------------- Done invoking toplevel() on ptolemy.moml.MoMLSimpleApplication@6be7260f
reloadAllAccessors: .PublisherSubscriberOpaqueD3

===========================================================================================
----------------- testing Mon Jan 28 03:20:33 UTC 2019 /home/travis/build/icyphy/ptII/ptolemy/actor/lib/test/auto/PublisherSubscriberOpaqueD3Reverse.xml
----------------- Instantiating /home/travis/build/icyphy/ptII/ptolemy/actor/lib/test/auto/PublisherSubscriberOpaqueD3Reverse.xml
6 ms. Memory: 1773056K Free: 288733K (16%)
----------------- Invoking toplevel() on ptolemy.moml.MoMLSimpleApplication@1ee0d00e
----------------- Done invoking toplevel() on ptolemy.moml.MoMLSimpleApplication@1ee0d00e
reloadAllAccessors: .PublisherSubscriberOpaqueD3Reverse

===========================================================================================
----------------- testing Mon Jan 28 03:20:33 UTC 2019 /home/travis/build/icyphy/ptII/ptolemy/actor/lib/test/auto/PublisherSubscriberOpaqueWidthInference.xml
----------------- Instantiating /home/travis/build/icyphy/ptII/ptolemy/actor/lib/test/auto/PublisherSubscriberOpaqueWidthInference.xml
6 ms. Memory: 1773056K Free: 272077K (15%)
----------------- Invoking toplevel() on ptolemy.moml.MoMLSimpleApplication@606f833e
----------------- Done invoking toplevel() on ptolemy.moml.MoMLSimpleApplication@606f833e
reloadAllAccessors: .PublisherSubscriberOpaqueWidthInference

===========================================================================================
----------------- testing Mon Jan 28 03:20:33 UTC 2019 /home/travis/build/icyphy/ptII/ptolemy/actor/lib/test/auto/PublisherTestSubscriber.xml
----------------- Instantiating /home/travis/build/icyphy/ptII/ptolemy/actor/lib/test/auto/PublisherTestSubscriber.xml
3 ms. Memory: 1773056K Free: 255422K (14%)
----------------- Invoking toplevel() on ptolemy.moml.MoMLSimpleApplication@57d486dc
----------------- Done invoking toplevel() on ptolemy.moml.MoMLSimpleApplication@57d486dc
reloadAllAccessors: .PublisherTestSubscriber

===========================================================================================
----------------- testing Mon Jan 28 03:20:33 UTC 2019 /home/travis/build/icyphy/ptII/ptolemy/actor/lib/test/auto/PublisherToplevelSubscriberPortAOC.xml
----------------- Instantiating /home/travis/build/icyphy/ptII/ptolemy/actor/lib/test/auto/PublisherToplevelSubscriberPortAOC.xml
2 ms. Memory: 1773056K Free: 229959K (13%)
----------------- Invoking toplevel() on ptolemy.moml.MoMLSimpleApplication@2ca86f83
----------------- Done invoking toplevel() on ptolemy.moml.MoMLSimpleApplication@2ca86f83
reloadAllAccessors: .PublisherToplevelSubscriberPortAOC

===========================================================================================
----------------- testing Mon Jan 28 03:20:33 UTC 2019 /home/travis/build/icyphy/ptII/ptolemy/actor/lib/test/auto/PulseFiringLimitDE.xml
----------------- Instantiating /home/travis/build/icyphy/ptII/ptolemy/actor/lib/test/auto/PulseFiringLimitDE.xml
2 ms. Memory: 1773056K Free: 213304K (12%)
----------------- Invoking toplevel() on ptolemy.moml.MoMLSimpleApplication@5573ef2f
----------------- Done invoking toplevel() on ptolemy.moml.MoMLSimpleApplication@5573ef2f
reloadAllAccessors: .PulseFiringLimitDE

===========================================================================================
----------------- testing Mon Jan 28 03:20:33 UTC 2019 /home/travis/build/icyphy/ptII/ptolemy/actor/lib/test/auto/Ramp1.xml
----------------- Instantiating /home/travis/build/icyphy/ptII/ptolemy/actor/lib/test/auto/Ramp1.xml
1 ms. Memory: 1773056K Free: 196649K (11%)
----------------- Invoking toplevel() on ptolemy.moml.MoMLSimpleApplication@3226fc2f
----------------- Done invoking toplevel() on ptolemy.moml.MoMLSimpleApplication@3226fc2f
reloadAllAccessors: .Ramp1

===========================================================================================
----------------- testing Mon Jan 28 03:20:33 UTC 2019 /home/travis/build/icyphy/ptII/ptolemy/actor/lib/test/auto/RampFiringLimitDE.xml
----------------- Instantiating /home/travis/build/icyphy/ptII/ptolemy/actor/lib/test/auto/RampFiringLimitDE.xml
3 ms. Memory: 1773056K Free: 179993K (10%)
----------------- Invoking toplevel() on ptolemy.moml.MoMLSimpleApplication@861bad7
----------------- Done invoking toplevel() on ptolemy.moml.MoMLSimpleApplication@861bad7
reloadAllAccessors: .RampFiringLimitDE

===========================================================================================
----------------- testing Mon Jan 28 03:20:33 UTC 2019 /home/travis/build/icyphy/ptII/ptolemy/actor/lib/test/auto/RampFiringLimitSDF.xml
----------------- Instantiating /home/travis/build/icyphy/ptII/ptolemy/actor/lib/test/auto/RampFiringLimitSDF.xml
2 ms. Memory: 1773056K Free: 154531K (9%)
----------------- Invoking toplevel() on ptolemy.moml.MoMLSimpleApplication@5dc63166
----------------- Done invoking toplevel() on ptolemy.moml.MoMLSimpleApplication@5dc63166
reloadAllAccessors: .RampFiringLimitSDF

===========================================================================================
----------------- testing Mon Jan 28 03:20:33 UTC 2019 /home/travis/build/icyphy/ptII/ptolemy/actor/lib/test/auto/RandomInteger.xml
----------------- Instantiating /home/travis/build/icyphy/ptII/ptolemy/actor/lib/test/auto/RandomInteger.xml
1 ms. Memory: 1773056K Free: 137875K (8%)
----------------- Invoking toplevel() on ptolemy.moml.MoMLSimpleApplication@63d4eb36
----------------- Done invoking toplevel() on ptolemy.moml.MoMLSimpleApplication@63d4eb36
reloadAllAccessors: .RandomInteger

===========================================================================================
----------------- testing Mon Jan 28 03:20:33 UTC 2019 /home/travis/build/icyphy/ptII/ptolemy/actor/lib/test/auto/ReadFile1.xml
----------------- Instantiating /home/travis/build/icyphy/ptII/ptolemy/actor/lib/test/auto/ReadFile1.xml
2 ms. Memory: 1773056K Free: 121220K (7%)
----------------- Invoking toplevel() on ptolemy.moml.MoMLSimpleApplication@18f4050b
----------------- Done invoking toplevel() on ptolemy.moml.MoMLSimpleApplication@18f4050b
reloadAllAccessors: .ReadFile1

===========================================================================================
----------------- testing Mon Jan 28 03:20:33 UTC 2019 /home/travis/build/icyphy/ptII/ptolemy/actor/lib/test/auto/ReadFile2.xml
----------------- Instantiating /home/travis/build/icyphy/ptII/ptolemy/actor/lib/test/auto/ReadFile2.xml
1 ms. Memory: 1773056K Free: 95757K (5%)
----------------- Invoking toplevel() on ptolemy.moml.MoMLSimpleApplication@48fc01a4
----------------- Done invoking toplevel() on ptolemy.moml.MoMLSimpleApplication@48fc01a4
reloadAllAccessors: .ReadFile2

===========================================================================================
----------------- testing Mon Jan 28 03:20:33 UTC 2019 /home/travis/build/icyphy/ptII/ptolemy/actor/lib/test/auto/Reader.xml
----------------- Instantiating /home/travis/build/icyphy/ptII/ptolemy/actor/lib/test/auto/Reader.xml
actor.lib.Reader is obsolete, use actor.lib.io.ExpressionReader instead
2 ms. Memory: 1773056K Free: 79102K (4%)
----------------- Invoking toplevel() on ptolemy.moml.MoMLSimpleApplication@4b51693a
----------------- Done invoking toplevel() on ptolemy.moml.MoMLSimpleApplication@4b51693a
reloadAllAccessors: .Reader

===========================================================================================
----------------- testing Mon Jan 28 03:20:33 UTC 2019 /home/travis/build/icyphy/ptII/ptolemy/actor/lib/test/auto/RecordAssemblerDisplayNameTest.xml
----------------- Instantiating /home/travis/build/icyphy/ptII/ptolemy/actor/lib/test/auto/RecordAssemblerDisplayNameTest.xml
2855 ms. Memory: 1753600K Free: 437622K (25%)
----------------- Invoking toplevel() on ptolemy.moml.MoMLSimpleApplication@22352d9f
----------------- Done invoking toplevel() on ptolemy.moml.MoMLSimpleApplication@22352d9f
reloadAllAccessors: .RecordAssemblerDisplayNameTest

===========================================================================================
----------------- testing Mon Jan 28 03:20:36 UTC 2019 /home/travis/build/icyphy/ptII/ptolemy/actor/lib/test/auto/RecordAssemblerTypeError.xml
----------------- Instantiating /home/travis/build/icyphy/ptII/ptolemy/actor/lib/test/auto/RecordAssemblerTypeError.xml
4 ms. Memory: 1753600K Free: 401425K (23%)
----------------- Invoking toplevel() on ptolemy.moml.MoMLSimpleApplication@690e08f6
----------------- Done invoking toplevel() on ptolemy.moml.MoMLSimpleApplication@690e08f6
reloadAllAccessors: .RecordAssemblerTypeError

===========================================================================================
----------------- testing Mon Jan 28 03:20:36 UTC 2019 /home/travis/build/icyphy/ptII/ptolemy/actor/lib/test/auto/RecordDisassember.xml
----------------- Instantiating /home/travis/build/icyphy/ptII/ptolemy/actor/lib/test/auto/RecordDisassember.xml
4 ms. Memory: 1753600K Free: 384770K (22%)
----------------- Invoking toplevel() on ptolemy.moml.MoMLSimpleApplication@4cbfd4bc
----------------- Done invoking toplevel() on ptolemy.moml.MoMLSimpleApplication@4cbfd4bc
reloadAllAccessors: .RecordDisassember

===========================================================================================
----------------- testing Mon Jan 28 03:20:36 UTC 2019 /home/travis/build/icyphy/ptII/ptolemy/actor/lib/test/auto/RecordDisassemberDisplayNameTest.xml
----------------- Instantiating /home/travis/build/icyphy/ptII/ptolemy/actor/lib/test/auto/RecordDisassemberDisplayNameTest.xml
4 ms. Memory: 1753600K Free: 361081K (21%)
----------------- Invoking toplevel() on ptolemy.moml.MoMLSimpleApplication@44d9e3fa
----------------- Done invoking toplevel() on ptolemy.moml.MoMLSimpleApplication@44d9e3fa
reloadAllAccessors: .RecordDisassemberDisplayNameTest

===========================================================================================
----------------- testing Mon Jan 28 03:20:36 UTC 2019 /home/travis/build/icyphy/ptII/ptolemy/actor/lib/test/auto/RecordDisassembler.xml
----------------- Instantiating /home/travis/build/icyphy/ptII/ptolemy/actor/lib/test/auto/RecordDisassembler.xml
2 ms. Memory: 1753600K Free: 344426K (20%)
----------------- Invoking toplevel() on ptolemy.moml.MoMLSimpleApplication@3bf362ec
----------------- Done invoking toplevel() on ptolemy.moml.MoMLSimpleApplication@3bf362ec
reloadAllAccessors: .RecordDisassembler

===========================================================================================
----------------- testing Mon Jan 28 03:20:36 UTC 2019 /home/travis/build/icyphy/ptII/ptolemy/actor/lib/test/auto/RecordDisassembler2.xml
----------------- Instantiating /home/travis/build/icyphy/ptII/ptolemy/actor/lib/test/auto/RecordDisassembler2.xml
2 ms. Memory: 1753600K Free: 327770K (19%)
----------------- Invoking toplevel() on ptolemy.moml.MoMLSimpleApplication@6afe64ef
----------------- Done invoking toplevel() on ptolemy.moml.MoMLSimpleApplication@6afe64ef
reloadAllAccessors: .RecordDisassembler2

===========================================================================================
----------------- testing Mon Jan 28 03:20:36 UTC 2019 /home/travis/build/icyphy/ptII/ptolemy/actor/lib/test/auto/RecordUpdater.xml
----------------- Instantiating /home/travis/build/icyphy/ptII/ptolemy/actor/lib/test/auto/RecordUpdater.xml
2 ms. Memory: 1753600K Free: 304081K (17%)
----------------- Invoking toplevel() on ptolemy.moml.MoMLSimpleApplication@4c0ef6fa
----------------- Done invoking toplevel() on ptolemy.moml.MoMLSimpleApplication@4c0ef6fa
reloadAllAccessors: .RecordUpdater

===========================================================================================
----------------- testing Mon Jan 28 03:20:36 UTC 2019 /home/travis/build/icyphy/ptII/ptolemy/actor/lib/test/auto/RecordUpdater2.xml
----------------- Instantiating /home/travis/build/icyphy/ptII/ptolemy/actor/lib/test/auto/RecordUpdater2.xml
1 ms. Memory: 1753600K Free: 287426K (16%)
----------------- Invoking toplevel() on ptolemy.moml.MoMLSimpleApplication@6137a671
----------------- Done invoking toplevel() on ptolemy.moml.MoMLSimpleApplication@6137a671
reloadAllAccessors: .RecordUpdater2

===========================================================================================
----------------- testing Mon Jan 28 03:20:36 UTC 2019 /home/travis/build/icyphy/ptII/ptolemy/actor/lib/test/auto/RecursiveLattice.xml
----------------- Instantiating /home/travis/build/icyphy/ptII/ptolemy/actor/lib/test/auto/RecursiveLattice.xml
1 ms. Memory: 1753600K Free: 270771K (15%)
----------------- Invoking toplevel() on ptolemy.moml.MoMLSimpleApplication@60b75515
----------------- Done invoking toplevel() on ptolemy.moml.MoMLSimpleApplication@60b75515
reloadAllAccessors: .RecursiveLattice

===========================================================================================
----------------- testing Mon Jan 28 03:20:36 UTC 2019 /home/travis/build/icyphy/ptII/ptolemy/actor/lib/test/auto/Router.xml
----------------- Instantiating /home/travis/build/icyphy/ptII/ptolemy/actor/lib/test/auto/Router.xml
3003 ms. Memory: 1753600K Free: 247082K (14%)
----------------- Invoking toplevel() on ptolemy.moml.MoMLSimpleApplication@1f372644
----------------- Done invoking toplevel() on ptolemy.moml.MoMLSimpleApplication@1f372644
reloadAllAccessors: .Router

===========================================================================================
----------------- testing Mon Jan 28 03:20:39 UTC 2019 /home/travis/build/icyphy/ptII/ptolemy/actor/lib/test/auto/Router2.xml
----------------- Instantiating /home/travis/build/icyphy/ptII/ptolemy/actor/lib/test/auto/Router2.xml
3003 ms. Memory: 1753600K Free: 230427K (13%)
----------------- Invoking toplevel() on ptolemy.moml.MoMLSimpleApplication@1d17810b
----------------- Done invoking toplevel() on ptolemy.moml.MoMLSimpleApplication@1d17810b
reloadAllAccessors: .Router2

===========================================================================================
----------------- testing Mon Jan 28 03:20:42 UTC 2019 /home/travis/build/icyphy/ptII/ptolemy/actor/lib/test/auto/RunningMaximum.xml
----------------- Instantiating /home/travis/build/icyphy/ptII/ptolemy/actor/lib/test/auto/RunningMaximum.xml
2 ms. Memory: 1753600K Free: 213771K (12%)
----------------- Invoking toplevel() on ptolemy.moml.MoMLSimpleApplication@19b11281
----------------- Done invoking toplevel() on ptolemy.moml.MoMLSimpleApplication@19b11281
reloadAllAccessors: .RunningMaximum

===========================================================================================
----------------- testing Mon Jan 28 03:20:42 UTC 2019 /home/travis/build/icyphy/ptII/ptolemy/actor/lib/test/auto/RunningMinimum.xml
----------------- Instantiating /home/travis/build/icyphy/ptII/ptolemy/actor/lib/test/auto/RunningMinimum.xml
3 ms. Memory: 1753600K Free: 190082K (11%)
----------------- Invoking toplevel() on ptolemy.moml.MoMLSimpleApplication@40bac0f2
----------------- Done invoking toplevel() on ptolemy.moml.MoMLSimpleApplication@40bac0f2
reloadAllAccessors: .RunningMinimum

===========================================================================================
----------------- testing Mon Jan 28 03:20:42 UTC 2019 /home/travis/build/icyphy/ptII/ptolemy/actor/lib/test/auto/Scale.xml
----------------- Instantiating /home/travis/build/icyphy/ptII/ptolemy/actor/lib/test/auto/Scale.xml
2 ms. Memory: 1753600K Free: 173427K (10%)
----------------- Invoking toplevel() on ptolemy.moml.MoMLSimpleApplication@781039a8
----------------- Done invoking toplevel() on ptolemy.moml.MoMLSimpleApplication@781039a8
reloadAllAccessors: .Scale

===========================================================================================
----------------- testing Mon Jan 28 03:20:42 UTC 2019 /home/travis/build/icyphy/ptII/ptolemy/actor/lib/test/auto/Scale2.xml
----------------- Instantiating /home/travis/build/icyphy/ptII/ptolemy/actor/lib/test/auto/Scale2.xml
1 ms. Memory: 1753600K Free: 156772K (9%)
----------------- Invoking toplevel() on ptolemy.moml.MoMLSimpleApplication@2caa5da8
----------------- Done invoking toplevel() on ptolemy.moml.MoMLSimpleApplication@2caa5da8
reloadAllAccessors: .Scale2

===========================================================================================
----------------- testing Mon Jan 28 03:20:42 UTC 2019 /home/travis/build/icyphy/ptII/ptolemy/actor/lib/test/auto/Scale3.xml
----------------- Instantiating /home/travis/build/icyphy/ptII/ptolemy/actor/lib/test/auto/Scale3.xml
7 ms. Memory: 1753600K Free: 133083K (8%)
----------------- Invoking toplevel() on ptolemy.moml.MoMLSimpleApplication@3a886633
----------------- Done invoking toplevel() on ptolemy.moml.MoMLSimpleApplication@3a886633
reloadAllAccessors: .Scale3

===========================================================================================
----------------- testing Mon Jan 28 03:20:42 UTC 2019 /home/travis/build/icyphy/ptII/ptolemy/actor/lib/test/auto/ScaleArray.xml
----------------- Instantiating /home/travis/build/icyphy/ptII/ptolemy/actor/lib/test/auto/ScaleArray.xml
3 ms. Memory: 1753600K Free: 116427K (7%)
----------------- Invoking toplevel() on ptolemy.moml.MoMLSimpleApplication@560047a3
----------------- Done invoking toplevel() on ptolemy.moml.MoMLSimpleApplication@560047a3
reloadAllAccessors: .ScaleArray

===========================================================================================
----------------- testing Mon Jan 28 03:20:42 UTC 2019 /home/travis/build/icyphy/ptII/ptolemy/actor/lib/test/auto/ScaleArray2.xml
----------------- Instantiating /home/travis/build/icyphy/ptII/ptolemy/actor/lib/test/auto/ScaleArray2.xml
2 ms. Memory: 1753600K Free: 99772K (6%)
----------------- Invoking toplevel() on ptolemy.moml.MoMLSimpleApplication@61315d82
----------------- Done invoking toplevel() on ptolemy.moml.MoMLSimpleApplication@61315d82
reloadAllAccessors: .ScaleArray2

===========================================================================================
----------------- testing Mon Jan 28 03:20:42 UTC 2019 /home/travis/build/icyphy/ptII/ptolemy/actor/lib/test/auto/ScaleMatrix.xml
----------------- Instantiating /home/travis/build/icyphy/ptII/ptolemy/actor/lib/test/auto/ScaleMatrix.xml
134 ms. Memory: 1753600K Free: 67755K (4%)
----------------- Invoking toplevel() on ptolemy.moml.MoMLSimpleApplication@6442c2a7
----------------- Done invoking toplevel() on ptolemy.moml.MoMLSimpleApplication@6442c2a7
reloadAllAccessors: .ScaleMatrix

===========================================================================================
----------------- testing Mon Jan 28 03:20:42 UTC 2019 /home/travis/build/icyphy/ptII/ptolemy/actor/lib/test/auto/Select.xml
----------------- Instantiating /home/travis/build/icyphy/ptII/ptolemy/actor/lib/test/auto/Select.xml
2 ms. Memory: 1753600K Free: 51100K (3%)
----------------- Invoking toplevel() on ptolemy.moml.MoMLSimpleApplication@4c4418cb
----------------- Done invoking toplevel() on ptolemy.moml.MoMLSimpleApplication@4c4418cb
reloadAllAccessors: .Select

===========================================================================================
----------------- testing Mon Jan 28 03:20:42 UTC 2019 /home/travis/build/icyphy/ptII/ptolemy/actor/lib/test/auto/Select2.xml
----------------- Instantiating /home/travis/build/icyphy/ptII/ptolemy/actor/lib/test/auto/Select2.xml
1 ms. Memory: 1773056K Free: 1721200K (97%)
----------------- Invoking toplevel() on ptolemy.moml.MoMLSimpleApplication@78bf9465
----------------- Done invoking toplevel() on ptolemy.moml.MoMLSimpleApplication@78bf9465
reloadAllAccessors: .Select2

===========================================================================================
----------------- testing Mon Jan 28 03:20:43 UTC 2019 /home/travis/build/icyphy/ptII/ptolemy/actor/lib/test/auto/SequenceToArray2.xml
----------------- Instantiating /home/travis/build/icyphy/ptII/ptolemy/actor/lib/test/auto/SequenceToArray2.xml
62 ms. Memory: 1773056K Free: 1616275K (91%)
----------------- Invoking toplevel() on ptolemy.moml.MoMLSimpleApplication@1d4e096b
----------------- Done invoking toplevel() on ptolemy.moml.MoMLSimpleApplication@1d4e096b
reloadAllAccessors: .SequenceToArray2

===========================================================================================
----------------- testing Mon Jan 28 03:20:43 UTC 2019 /home/travis/build/icyphy/ptII/ptolemy/actor/lib/test/auto/SequentialClock.xml
----------------- Instantiating /home/travis/build/icyphy/ptII/ptolemy/actor/lib/test/auto/SequentialClock.xml
2 ms. Memory: 1773056K Free: 1599615K (90%)
----------------- Invoking toplevel() on ptolemy.moml.MoMLSimpleApplication@3bf95626
----------------- Done invoking toplevel() on ptolemy.moml.MoMLSimpleApplication@3bf95626
reloadAllAccessors: .SequentialClock

===========================================================================================
----------------- testing Mon Jan 28 03:20:43 UTC 2019 /home/travis/build/icyphy/ptII/ptolemy/actor/lib/test/auto/SetVariable.xml
----------------- Instantiating /home/travis/build/icyphy/ptII/ptolemy/actor/lib/test/auto/SetVariable.xml
2 ms. Memory: 1773056K Free: 1578049K (89%)
----------------- Invoking toplevel() on ptolemy.moml.MoMLSimpleApplication@47f30c8f
----------------- Done invoking toplevel() on ptolemy.moml.MoMLSimpleApplication@47f30c8f
reloadAllAccessors: .SetVariable

===========================================================================================
----------------- testing Mon Jan 28 03:20:43 UTC 2019 /home/travis/build/icyphy/ptII/ptolemy/actor/lib/test/auto/SetVariable2.xml
----------------- Instantiating /home/travis/build/icyphy/ptII/ptolemy/actor/lib/test/auto/SetVariable2.xml
1 ms. Memory: 1773056K Free: 1561388K (88%)
----------------- Invoking toplevel() on ptolemy.moml.MoMLSimpleApplication@449e0169
----------------- Done invoking toplevel() on ptolemy.moml.MoMLSimpleApplication@449e0169
reloadAllAccessors: .SetVariable2

===========================================================================================
----------------- testing Mon Jan 28 03:20:43 UTC 2019 /home/travis/build/icyphy/ptII/ptolemy/actor/lib/test/auto/SetVariable3.xml
----------------- Instantiating /home/travis/build/icyphy/ptII/ptolemy/actor/lib/test/auto/SetVariable3.xml
5 ms. Memory: 1773056K Free: 1539822K (87%)
----------------- Invoking toplevel() on ptolemy.moml.MoMLSimpleApplication@793a99b1
----------------- Done invoking toplevel() on ptolemy.moml.MoMLSimpleApplication@793a99b1
reloadAllAccessors: .SetVariable3

===========================================================================================
----------------- testing Mon Jan 28 03:20:43 UTC 2019 /home/travis/build/icyphy/ptII/ptolemy/actor/lib/test/auto/SetVariable4.xml
----------------- Instantiating /home/travis/build/icyphy/ptII/ptolemy/actor/lib/test/auto/SetVariable4.xml
16 ms. Memory: 1773056K Free: 1464850K (83%)
----------------- Invoking toplevel() on ptolemy.moml.MoMLSimpleApplication@467aa36f
----------------- Done invoking toplevel() on ptolemy.moml.MoMLSimpleApplication@467aa36f
reloadAllAccessors: .SetVariable4

===========================================================================================
----------------- testing Mon Jan 28 03:20:43 UTC 2019 /home/travis/build/icyphy/ptII/ptolemy/actor/lib/test/auto/SetVariable5.xml
----------------- Instantiating /home/travis/build/icyphy/ptII/ptolemy/actor/lib/test/auto/SetVariable5.xml
15 ms. Memory: 1773056K Free: 1443284K (81%)
----------------- Invoking toplevel() on ptolemy.moml.MoMLSimpleApplication@379a277a
----------------- Done invoking toplevel() on ptolemy.moml.MoMLSimpleApplication@379a277a
reloadAllAccessors: .SetVariable5

===========================================================================================
----------------- testing Mon Jan 28 03:20:43 UTC 2019 /home/travis/build/icyphy/ptII/ptolemy/actor/lib/test/auto/Sinewave.xml
----------------- Instantiating /home/travis/build/icyphy/ptII/ptolemy/actor/lib/test/auto/Sinewave.xml
4 ms. Memory: 1773056K Free: 1426624K (80%)
----------------- Invoking toplevel() on ptolemy.moml.MoMLSimpleApplication@65179a05
----------------- Done invoking toplevel() on ptolemy.moml.MoMLSimpleApplication@65179a05
reloadAllAccessors: .Sinewave

===========================================================================================
----------------- testing Mon Jan 28 03:20:43 UTC 2019 /home/travis/build/icyphy/ptII/ptolemy/actor/lib/test/auto/Sinewave2.xml
----------------- Instantiating /home/travis/build/icyphy/ptII/ptolemy/actor/lib/test/auto/Sinewave2.xml
4 ms. Memory: 1773056K Free: 1405058K (79%)
----------------- Invoking toplevel() on ptolemy.moml.MoMLSimpleApplication@4d6ce5a2
----------------- Done invoking toplevel() on ptolemy.moml.MoMLSimpleApplication@4d6ce5a2
reloadAllAccessors: .Sinewave2

===========================================================================================
----------------- testing Mon Jan 28 03:20:43 UTC 2019 /home/travis/build/icyphy/ptII/ptolemy/actor/lib/test/auto/Sinewave3.xml
----------------- Instantiating /home/travis/build/icyphy/ptII/ptolemy/actor/lib/test/auto/Sinewave3.xml
6 ms. Memory: 1773056K Free: 1388397K (78%)
----------------- Invoking toplevel() on ptolemy.moml.MoMLSimpleApplication@d0fe1d9
----------------- Done invoking toplevel() on ptolemy.moml.MoMLSimpleApplication@d0fe1d9
reloadAllAccessors: .Sinewave3

===========================================================================================
----------------- testing Mon Jan 28 03:20:43 UTC 2019 /home/travis/build/icyphy/ptII/ptolemy/actor/lib/test/auto/SingleEvent.xml
----------------- Instantiating /home/travis/build/icyphy/ptII/ptolemy/actor/lib/test/auto/SingleEvent.xml
1 ms. Memory: 1773056K Free: 1366831K (77%)
----------------- Invoking toplevel() on ptolemy.moml.MoMLSimpleApplication@1d1f6830
----------------- Done invoking toplevel() on ptolemy.moml.MoMLSimpleApplication@1d1f6830
reloadAllAccessors: .SingleEvent

===========================================================================================
----------------- testing Mon Jan 28 03:20:43 UTC 2019 /home/travis/build/icyphy/ptII/ptolemy/actor/lib/test/auto/Sleep.xml
----------------- Instantiating /home/travis/build/icyphy/ptII/ptolemy/actor/lib/test/auto/Sleep.xml
6003 ms. Memory: 1773056K Free: 1350171K (76%)
----------------- Invoking toplevel() on ptolemy.moml.MoMLSimpleApplication@957af86
----------------- Done invoking toplevel() on ptolemy.moml.MoMLSimpleApplication@957af86
reloadAllAccessors: .Sleep

===========================================================================================
----------------- testing Mon Jan 28 03:20:49 UTC 2019 /home/travis/build/icyphy/ptII/ptolemy/actor/lib/test/auto/SleepMultipleFire.xml
----------------- Instantiating /home/travis/build/icyphy/ptII/ptolemy/actor/lib/test/auto/SleepMultipleFire.xml
1005 ms. Memory: 1773056K Free: 1328605K (75%)
----------------- Invoking toplevel() on ptolemy.moml.MoMLSimpleApplication@4eb32129
----------------- Done invoking toplevel() on ptolemy.moml.MoMLSimpleApplication@4eb32129
reloadAllAccessors: .SleepMultipleFire

===========================================================================================
----------------- testing Mon Jan 28 03:20:50 UTC 2019 /home/travis/build/icyphy/ptII/ptolemy/actor/lib/test/auto/StopDE.xml
----------------- Instantiating /home/travis/build/icyphy/ptII/ptolemy/actor/lib/test/auto/StopDE.xml
2 ms. Memory: 1773056K Free: 1311944K (74%)
----------------- Invoking toplevel() on ptolemy.moml.MoMLSimpleApplication@758c3216
----------------- Done invoking toplevel() on ptolemy.moml.MoMLSimpleApplication@758c3216
reloadAllAccessors: .StopDE

===========================================================================================
----------------- testing Mon Jan 28 03:20:50 UTC 2019 /home/travis/build/icyphy/ptII/ptolemy/actor/lib/test/auto/StopSDF.xml
----------------- Instantiating /home/travis/build/icyphy/ptII/ptolemy/actor/lib/test/auto/StopSDF.xml
2 ms. Memory: 1773056K Free: 1290378K (73%)
----------------- Invoking toplevel() on ptolemy.moml.MoMLSimpleApplication@3ab484c5
----------------- Done invoking toplevel() on ptolemy.moml.MoMLSimpleApplication@3ab484c5
reloadAllAccessors: .StopSDF

===========================================================================================
----------------- testing Mon Jan 28 03:20:50 UTC 2019 /home/travis/build/icyphy/ptII/ptolemy/actor/lib/test/auto/StringConstant.xml
----------------- Instantiating /home/travis/build/icyphy/ptII/ptolemy/actor/lib/test/auto/StringConstant.xml
1 ms. Memory: 1773056K Free: 1273718K (72%)
----------------- Invoking toplevel() on ptolemy.moml.MoMLSimpleApplication@5a91ce06
----------------- Done invoking toplevel() on ptolemy.moml.MoMLSimpleApplication@5a91ce06
reloadAllAccessors: .StringConstant

===========================================================================================
----------------- testing Mon Jan 28 03:20:50 UTC 2019 /home/travis/build/icyphy/ptII/ptolemy/actor/lib/test/auto/SubscriberPortInitialValues1.xml
----------------- Instantiating /home/travis/build/icyphy/ptII/ptolemy/actor/lib/test/auto/SubscriberPortInitialValues1.xml
4 ms. Memory: 1773056K Free: 1252151K (71%)
----------------- Invoking toplevel() on ptolemy.moml.MoMLSimpleApplication@6f4b703
----------------- Done invoking toplevel() on ptolemy.moml.MoMLSimpleApplication@6f4b703
reloadAllAccessors: .SubscriberPortInitialValues1

===========================================================================================
----------------- testing Mon Jan 28 03:20:50 UTC 2019 /home/travis/build/icyphy/ptII/ptolemy/actor/lib/test/auto/SubscriberPortInitialValues13.xml
----------------- Instantiating /home/travis/build/icyphy/ptII/ptolemy/actor/lib/test/auto/SubscriberPortInitialValues13.xml
4 ms. Memory: 1773056K Free: 1227145K (69%)
----------------- Invoking toplevel() on ptolemy.moml.MoMLSimpleApplication@e39243f
----------------- Done invoking toplevel() on ptolemy.moml.MoMLSimpleApplication@e39243f
reloadAllAccessors: .SubscriberPortInitialValues13

===========================================================================================
----------------- testing Mon Jan 28 03:20:50 UTC 2019 /home/travis/build/icyphy/ptII/ptolemy/actor/lib/test/auto/SubscriberPortInitialValues14.xml
----------------- Instantiating /home/travis/build/icyphy/ptII/ptolemy/actor/lib/test/auto/SubscriberPortInitialValues14.xml
3 ms. Memory: 1773056K Free: 1205579K (68%)
----------------- Invoking toplevel() on ptolemy.moml.MoMLSimpleApplication@344d2e37
----------------- Done invoking toplevel() on ptolemy.moml.MoMLSimpleApplication@344d2e37
reloadAllAccessors: .SubscriberPortInitialValues14

===========================================================================================
----------------- testing Mon Jan 28 03:20:50 UTC 2019 /home/travis/build/icyphy/ptII/ptolemy/actor/lib/test/auto/SubscriberPortInitialValues2.xml
----------------- Instantiating /home/travis/build/icyphy/ptII/ptolemy/actor/lib/test/auto/SubscriberPortInitialValues2.xml
4 ms. Memory: 1773056K Free: 1188918K (67%)
----------------- Invoking toplevel() on ptolemy.moml.MoMLSimpleApplication@215844d7
----------------- Done invoking toplevel() on ptolemy.moml.MoMLSimpleApplication@215844d7
reloadAllAccessors: .SubscriberPortInitialValues2

===========================================================================================
----------------- testing Mon Jan 28 03:20:50 UTC 2019 /home/travis/build/icyphy/ptII/ptolemy/actor/lib/test/auto/SubscriberPortInitialValues3.xml
----------------- Instantiating /home/travis/build/icyphy/ptII/ptolemy/actor/lib/test/auto/SubscriberPortInitialValues3.xml
3 ms. Memory: 1773056K Free: 1167352K (66%)
----------------- Invoking toplevel() on ptolemy.moml.MoMLSimpleApplication@75e1fd0f
----------------- Done invoking toplevel() on ptolemy.moml.MoMLSimpleApplication@75e1fd0f
reloadAllAccessors: .SubscriberPortInitialValues3

===========================================================================================
----------------- testing Mon Jan 28 03:20:50 UTC 2019 /home/travis/build/icyphy/ptII/ptolemy/actor/lib/test/auto/SubscriptionAggregator.xml
----------------- Instantiating /home/travis/build/icyphy/ptII/ptolemy/actor/lib/test/auto/SubscriptionAggregator.xml
2 ms. Memory: 1773056K Free: 1150692K (65%)
----------------- Invoking toplevel() on ptolemy.moml.MoMLSimpleApplication@32be429b
----------------- Done invoking toplevel() on ptolemy.moml.MoMLSimpleApplication@32be429b
reloadAllAccessors: .SubscriptionAggregator

===========================================================================================
----------------- testing Mon Jan 28 03:20:50 UTC 2019 /home/travis/build/icyphy/ptII/ptolemy/actor/lib/test/auto/SubscriptionAggregator2.xml
----------------- Instantiating /home/travis/build/icyphy/ptII/ptolemy/actor/lib/test/auto/SubscriptionAggregator2.xml
2 ms. Memory: 1773056K Free: 1129126K (64%)
----------------- Invoking toplevel() on ptolemy.moml.MoMLSimpleApplication@34a83164
----------------- Done invoking toplevel() on ptolemy.moml.MoMLSimpleApplication@34a83164
reloadAllAccessors: .SubscriptionAggregator2

===========================================================================================
----------------- testing Mon Jan 28 03:20:50 UTC 2019 /home/travis/build/icyphy/ptII/ptolemy/actor/lib/test/auto/SubscriptionAggregator3.xml
----------------- Instantiating /home/travis/build/icyphy/ptII/ptolemy/actor/lib/test/auto/SubscriptionAggregator3.xml
3 ms. Memory: 1773056K Free: 1112466K (63%)
----------------- Invoking toplevel() on ptolemy.moml.MoMLSimpleApplication@20dc0275
----------------- Done invoking toplevel() on ptolemy.moml.MoMLSimpleApplication@20dc0275
reloadAllAccessors: .SubscriptionAggregator3

===========================================================================================
----------------- testing Mon Jan 28 03:20:50 UTC 2019 /home/travis/build/icyphy/ptII/ptolemy/actor/lib/test/auto/SubscriptionAggregatorMultiply.xml
----------------- Instantiating /home/travis/build/icyphy/ptII/ptolemy/actor/lib/test/auto/SubscriptionAggregatorMultiply.xml
2 ms. Memory: 1773056K Free: 1090900K (62%)
----------------- Invoking toplevel() on ptolemy.moml.MoMLSimpleApplication@b37d1fa
----------------- Done invoking toplevel() on ptolemy.moml.MoMLSimpleApplication@b37d1fa
reloadAllAccessors: .SubscriptionAggregatorMultiply

===========================================================================================
----------------- testing Mon Jan 28 03:20:50 UTC 2019 /home/travis/build/icyphy/ptII/ptolemy/actor/lib/test/auto/SubscriptionAggregatorPortMultiply1.xml
----------------- Instantiating /home/travis/build/icyphy/ptII/ptolemy/actor/lib/test/auto/SubscriptionAggregatorPortMultiply1.xml
3 ms. Memory: 1773056K Free: 1074239K (61%)
----------------- Invoking toplevel() on ptolemy.moml.MoMLSimpleApplication@67b428e
----------------- Done invoking toplevel() on ptolemy.moml.MoMLSimpleApplication@67b428e
reloadAllAccessors: .SubscriptionAggregatorPortMultiply1

===========================================================================================
----------------- testing Mon Jan 28 03:20:50 UTC 2019 /home/travis/build/icyphy/ptII/ptolemy/actor/lib/test/auto/Switch.xml
----------------- Instantiating /home/travis/build/icyphy/ptII/ptolemy/actor/lib/test/auto/Switch.xml
3 ms. Memory: 1773056K Free: 1002692K (57%)
----------------- Invoking toplevel() on ptolemy.moml.MoMLSimpleApplication@897c9e0
----------------- Done invoking toplevel() on ptolemy.moml.MoMLSimpleApplication@897c9e0
reloadAllAccessors: .Switch

===========================================================================================
----------------- testing Mon Jan 28 03:20:50 UTC 2019 /home/travis/build/icyphy/ptII/ptolemy/actor/lib/test/auto/Switch2.xml
----------------- Instantiating /home/travis/build/icyphy/ptII/ptolemy/actor/lib/test/auto/Switch2.xml
0 ms. Memory: 1773056K Free: 986031K (56%)
----------------- Invoking toplevel() on ptolemy.moml.MoMLSimpleApplication@6f22bfa5
----------------- Done invoking toplevel() on ptolemy.moml.MoMLSimpleApplication@6f22bfa5
reloadAllAccessors: .Switch2

===========================================================================================
----------------- testing Mon Jan 28 03:20:50 UTC 2019 /home/travis/build/icyphy/ptII/ptolemy/actor/lib/test/auto/SwitchDE.xml
----------------- Instantiating /home/travis/build/icyphy/ptII/ptolemy/actor/lib/test/auto/SwitchDE.xml
1 ms. Memory: 1773056K Free: 964465K (54%)
----------------- Invoking toplevel() on ptolemy.moml.MoMLSimpleApplication@59783d22
----------------- Done invoking toplevel() on ptolemy.moml.MoMLSimpleApplication@59783d22
reloadAllAccessors: .SwitchDE

===========================================================================================
----------------- testing Mon Jan 28 03:20:50 UTC 2019 /home/travis/build/icyphy/ptII/ptolemy/actor/lib/test/auto/SynchronizerDE.xml
----------------- Instantiating /home/travis/build/icyphy/ptII/ptolemy/actor/lib/test/auto/SynchronizerDE.xml
6 ms. Memory: 1773056K Free: 947805K (53%)
----------------- Invoking toplevel() on ptolemy.moml.MoMLSimpleApplication@7c7d6f7b
----------------- Done invoking toplevel() on ptolemy.moml.MoMLSimpleApplication@7c7d6f7b
reloadAllAccessors: .SynchronizerDE

===========================================================================================
----------------- testing Mon Jan 28 03:20:50 UTC 2019 /home/travis/build/icyphy/ptII/ptolemy/actor/lib/test/auto/Test.xml
----------------- Instantiating /home/travis/build/icyphy/ptII/ptolemy/actor/lib/test/auto/Test.xml
2 ms. Memory: 1773056K Free: 926239K (52%)
----------------- Invoking toplevel() on ptolemy.moml.MoMLSimpleApplication@41d29184
----------------- Done invoking toplevel() on ptolemy.moml.MoMLSimpleApplication@41d29184
reloadAllAccessors: .Test

===========================================================================================
----------------- testing Mon Jan 28 03:20:50 UTC 2019 /home/travis/build/icyphy/ptII/ptolemy/actor/lib/test/auto/TestExceptionAttribute1.xml
----------------- Instantiating /home/travis/build/icyphy/ptII/ptolemy/actor/lib/test/auto/TestExceptionAttribute1.xml
1 ms. Memory: 1773056K Free: 904673K (51%)
----------------- Invoking toplevel() on ptolemy.moml.MoMLSimpleApplication@4e09fc18
----------------- Done invoking toplevel() on ptolemy.moml.MoMLSimpleApplication@4e09fc18
reloadAllAccessors: .TestExceptionAttribute1

===========================================================================================
----------------- testing Mon Jan 28 03:20:50 UTC 2019 /home/travis/build/icyphy/ptII/ptolemy/actor/lib/test/auto/TestExceptionAttribute2.xml
----------------- Instantiating /home/travis/build/icyphy/ptII/ptolemy/actor/lib/test/auto/TestExceptionAttribute2.xml
0 ms. Memory: 1773056K Free: 888013K (50%)
----------------- Invoking toplevel() on ptolemy.moml.MoMLSimpleApplication@aaa72da
----------------- Done invoking toplevel() on ptolemy.moml.MoMLSimpleApplication@aaa72da
reloadAllAccessors: .TestExceptionAttribute2

===========================================================================================
----------------- testing Mon Jan 28 03:20:50 UTC 2019 /home/travis/build/icyphy/ptII/ptolemy/actor/lib/test/auto/TestExceptionAttribute3.xml
----------------- Instantiating /home/travis/build/icyphy/ptII/ptolemy/actor/lib/test/auto/TestExceptionAttribute3.xml
.TestExceptionAttribute3.TestExceptionAttribute: initialize() was not invoked, but wrapup() was.  This is unusual, but not always a problem.  For example, exporting JNLP will do this.
0 ms. Memory: 1773056K Free: 866446K (49%)
----------------- Invoking toplevel() on ptolemy.moml.MoMLSimpleApplication@5b9a735c
----------------- Done invoking toplevel() on ptolemy.moml.MoMLSimpleApplication@5b9a735c
reloadAllAccessors: .TestExceptionAttribute3

===========================================================================================
----------------- testing Mon Jan 28 03:20:50 UTC 2019 /home/travis/build/icyphy/ptII/ptolemy/actor/lib/test/auto/TestExceptionAttribute4.xml
----------------- Instantiating /home/travis/build/icyphy/ptII/ptolemy/actor/lib/test/auto/TestExceptionAttribute4.xml
.TestExceptionAttribute4.TestExceptionAttribute: initialize() was not invoked, but wrapup() was.  This is unusual, but not always a problem.  For example, exporting JNLP will do this.
.TestExceptionAttribute4.TestExceptionAttribute2: initialize() was not invoked, but wrapup() was.  This is unusual, but not always a problem.  For example, exporting JNLP will do this.
0 ms. Memory: 1773056K Free: 849786K (48%)
----------------- Invoking toplevel() on ptolemy.moml.MoMLSimpleApplication@2201176
----------------- Done invoking toplevel() on ptolemy.moml.MoMLSimpleApplication@2201176
reloadAllAccessors: .TestExceptionAttribute4

===========================================================================================
----------------- testing Mon Jan 28 03:20:50 UTC 2019 /home/travis/build/icyphy/ptII/ptolemy/actor/lib/test/auto/TestExceptionHandler1.xml
----------------- Instantiating /home/travis/build/icyphy/ptII/ptolemy/actor/lib/test/auto/TestExceptionHandler1.xml
1 ms. Memory: 1773056K Free: 828220K (47%)
----------------- Invoking toplevel() on ptolemy.moml.MoMLSimpleApplication@65378d6b
----------------- Done invoking toplevel() on ptolemy.moml.MoMLSimpleApplication@65378d6b
reloadAllAccessors: .TestExceptionHandler1

===========================================================================================
----------------- testing Mon Jan 28 03:20:50 UTC 2019 /home/travis/build/icyphy/ptII/ptolemy/actor/lib/test/auto/TestExceptionHandler2.xml
----------------- Instantiating /home/travis/build/icyphy/ptII/ptolemy/actor/lib/test/auto/TestExceptionHandler2.xml
0 ms. Memory: 1773056K Free: 811559K (46%)
----------------- Invoking toplevel() on ptolemy.moml.MoMLSimpleApplication@247ba5b0
----------------- Done invoking toplevel() on ptolemy.moml.MoMLSimpleApplication@247ba5b0
reloadAllAccessors: .TestExceptionHandler2

===========================================================================================
----------------- testing Mon Jan 28 03:20:50 UTC 2019 /home/travis/build/icyphy/ptII/ptolemy/actor/lib/test/auto/TestExceptionHandler3.xml
----------------- Instantiating /home/travis/build/icyphy/ptII/ptolemy/actor/lib/test/auto/TestExceptionHandler3.xml
0 ms. Memory: 1773056K Free: 789993K (45%)
----------------- Invoking toplevel() on ptolemy.moml.MoMLSimpleApplication@2d7c9f1
----------------- Done invoking toplevel() on ptolemy.moml.MoMLSimpleApplication@2d7c9f1
reloadAllAccessors: .TestExceptionHandler3

===========================================================================================
----------------- testing Mon Jan 28 03:20:50 UTC 2019 /home/travis/build/icyphy/ptII/ptolemy/actor/lib/test/auto/TestExceptionHandler4.xml
----------------- Instantiating /home/travis/build/icyphy/ptII/ptolemy/actor/lib/test/auto/TestExceptionHandler4.xml
0 ms. Memory: 1773056K Free: 773333K (44%)
----------------- Invoking toplevel() on ptolemy.moml.MoMLSimpleApplication@2c3bf1c5
----------------- Done invoking toplevel() on ptolemy.moml.MoMLSimpleApplication@2c3bf1c5
reloadAllAccessors: .TestExceptionHandler4

===========================================================================================
----------------- testing Mon Jan 28 03:20:50 UTC 2019 /home/travis/build/icyphy/ptII/ptolemy/actor/lib/test/auto/TestRequireCorrectOrder.xml
----------------- Instantiating /home/travis/build/icyphy/ptII/ptolemy/actor/lib/test/auto/TestRequireCorrectOrder.xml
2 ms. Memory: 1773056K Free: 751767K (42%)
----------------- Invoking toplevel() on ptolemy.moml.MoMLSimpleApplication@6b4e3784
----------------- Done invoking toplevel() on ptolemy.moml.MoMLSimpleApplication@6b4e3784
reloadAllAccessors: .TestRequireCorrectOrder

===========================================================================================
----------------- testing Mon Jan 28 03:20:50 UTC 2019 /home/travis/build/icyphy/ptII/ptolemy/actor/lib/test/auto/TestSimple.xml
----------------- Instantiating /home/travis/build/icyphy/ptII/ptolemy/actor/lib/test/auto/TestSimple.xml
1 ms. Memory: 1773056K Free: 735106K (41%)
----------------- Invoking toplevel() on ptolemy.moml.MoMLSimpleApplication@779cdf0e
----------------- Done invoking toplevel() on ptolemy.moml.MoMLSimpleApplication@779cdf0e
reloadAllAccessors: .TestSimple

===========================================================================================
----------------- testing Mon Jan 28 03:20:50 UTC 2019 /home/travis/build/icyphy/ptII/ptolemy/actor/lib/test/auto/ThrowModelError.xml
----------------- Instantiating /home/travis/build/icyphy/ptII/ptolemy/actor/lib/test/auto/ThrowModelError.xml
1 ms. Memory: 1773056K Free: 713540K (40%)
----------------- Invoking toplevel() on ptolemy.moml.MoMLSimpleApplication@e97b298
----------------- Done invoking toplevel() on ptolemy.moml.MoMLSimpleApplication@e97b298
reloadAllAccessors: .ThrowModelError

===========================================================================================
----------------- testing Mon Jan 28 03:20:50 UTC 2019 /home/travis/build/icyphy/ptII/ptolemy/actor/lib/test/auto/TimeDelayMicrosteps.xml
----------------- Instantiating /home/travis/build/icyphy/ptII/ptolemy/actor/lib/test/auto/TimeDelayMicrosteps.xml
2 ms. Memory: 1773056K Free: 696880K (39%)
----------------- Invoking toplevel() on ptolemy.moml.MoMLSimpleApplication@5ae5ced0
----------------- Done invoking toplevel() on ptolemy.moml.MoMLSimpleApplication@5ae5ced0
reloadAllAccessors: .TimeDelayMicrosteps

===========================================================================================
----------------- testing Mon Jan 28 03:20:50 UTC 2019 /home/travis/build/icyphy/ptII/ptolemy/actor/lib/test/auto/TimeDelayMicrosteps2.xml
----------------- Instantiating /home/travis/build/icyphy/ptII/ptolemy/actor/lib/test/auto/TimeDelayMicrosteps2.xml
3 ms. Memory: 1773056K Free: 675314K (38%)
----------------- Invoking toplevel() on ptolemy.moml.MoMLSimpleApplication@18914bff
----------------- Done invoking toplevel() on ptolemy.moml.MoMLSimpleApplication@18914bff
reloadAllAccessors: .TimeDelayMicrosteps2

===========================================================================================
----------------- testing Mon Jan 28 03:20:50 UTC 2019 /home/travis/build/icyphy/ptII/ptolemy/actor/lib/test/auto/TimeDelayMicrosteps3.xml
----------------- Instantiating /home/travis/build/icyphy/ptII/ptolemy/actor/lib/test/auto/TimeDelayMicrosteps3.xml
2 ms. Memory: 1773056K Free: 658654K (37%)
----------------- Invoking toplevel() on ptolemy.moml.MoMLSimpleApplication@17be3b54
----------------- Done invoking toplevel() on ptolemy.moml.MoMLSimpleApplication@17be3b54
reloadAllAccessors: .TimeDelayMicrosteps3

===========================================================================================
----------------- testing Mon Jan 28 03:20:50 UTC 2019 /home/travis/build/icyphy/ptII/ptolemy/actor/lib/test/auto/TimeDelayVariableMicrosteps.xml
----------------- Instantiating /home/travis/build/icyphy/ptII/ptolemy/actor/lib/test/auto/TimeDelayVariableMicrosteps.xml
2 ms. Memory: 1773056K Free: 637088K (36%)
----------------- Invoking toplevel() on ptolemy.moml.MoMLSimpleApplication@71360980
----------------- Done invoking toplevel() on ptolemy.moml.MoMLSimpleApplication@71360980
reloadAllAccessors: .TimeDelayVariableMicrosteps

===========================================================================================
----------------- testing Mon Jan 28 03:20:50 UTC 2019 /home/travis/build/icyphy/ptII/ptolemy/actor/lib/test/auto/TimeGap.xml
----------------- Instantiating /home/travis/build/icyphy/ptII/ptolemy/actor/lib/test/auto/TimeGap.xml
2 ms. Memory: 1773056K Free: 620427K (35%)
----------------- Invoking toplevel() on ptolemy.moml.MoMLSimpleApplication@2a95de01
----------------- Done invoking toplevel() on ptolemy.moml.MoMLSimpleApplication@2a95de01
reloadAllAccessors: .TimeGap

===========================================================================================
----------------- testing Mon Jan 28 03:20:50 UTC 2019 /home/travis/build/icyphy/ptII/ptolemy/actor/lib/test/auto/TimeGap2.xml
----------------- Instantiating /home/travis/build/icyphy/ptII/ptolemy/actor/lib/test/auto/TimeGap2.xml
1 ms. Memory: 1773056K Free: 598861K (34%)
----------------- Invoking toplevel() on ptolemy.moml.MoMLSimpleApplication@47aca4f6
----------------- Done invoking toplevel() on ptolemy.moml.MoMLSimpleApplication@47aca4f6
reloadAllAccessors: .TimeGap2

===========================================================================================
----------------- testing Mon Jan 28 03:20:50 UTC 2019 /home/travis/build/icyphy/ptII/ptolemy/actor/lib/test/auto/TimedSinewave.xml
----------------- Instantiating /home/travis/build/icyphy/ptII/ptolemy/actor/lib/test/auto/TimedSinewave.xml
12 ms. Memory: 1773056K Free: 573854K (32%)
----------------- Invoking toplevel() on ptolemy.moml.MoMLSimpleApplication@12444aac
----------------- Done invoking toplevel() on ptolemy.moml.MoMLSimpleApplication@12444aac
reloadAllAccessors: .TimedSinewave

===========================================================================================
----------------- testing Mon Jan 28 03:20:50 UTC 2019 /home/travis/build/icyphy/ptII/ptolemy/actor/lib/test/auto/TimedSinewavePhase.xml
----------------- Instantiating /home/travis/build/icyphy/ptII/ptolemy/actor/lib/test/auto/TimedSinewavePhase.xml
13 ms. Memory: 1773056K Free: 552288K (31%)
----------------- Invoking toplevel() on ptolemy.moml.MoMLSimpleApplication@4fb2cfaa
----------------- Done invoking toplevel() on ptolemy.moml.MoMLSimpleApplication@4fb2cfaa
reloadAllAccessors: .TimedSinewavePhase

===========================================================================================
----------------- testing Mon Jan 28 03:20:50 UTC 2019 /home/travis/build/icyphy/ptII/ptolemy/actor/lib/test/auto/Timer.xml
----------------- Instantiating /home/travis/build/icyphy/ptII/ptolemy/actor/lib/test/auto/Timer.xml
2 ms. Memory: 1773056K Free: 535628K (30%)
----------------- Invoking toplevel() on ptolemy.moml.MoMLSimpleApplication@6a5c4b17
----------------- Done invoking toplevel() on ptolemy.moml.MoMLSimpleApplication@6a5c4b17
reloadAllAccessors: .Timer

===========================================================================================
----------------- testing Mon Jan 28 03:20:51 UTC 2019 /home/travis/build/icyphy/ptII/ptolemy/actor/lib/test/auto/TriangularDistTestModel.xml
----------------- Instantiating /home/travis/build/icyphy/ptII/ptolemy/actor/lib/test/auto/TriangularDistTestModel.xml
2 ms. Memory: 1773056K Free: 514062K (29%)
----------------- Invoking toplevel() on ptolemy.moml.MoMLSimpleApplication@179a4026
----------------- Done invoking toplevel() on ptolemy.moml.MoMLSimpleApplication@179a4026
reloadAllAccessors: .TriangularDistTestModel

===========================================================================================
----------------- testing Mon Jan 28 03:20:51 UTC 2019 /home/travis/build/icyphy/ptII/ptolemy/actor/lib/test/auto/TrigFunction.xml
----------------- Instantiating /home/travis/build/icyphy/ptII/ptolemy/actor/lib/test/auto/TrigFunction.xml
1 ms. Memory: 1773056K Free: 497401K (28%)
----------------- Invoking toplevel() on ptolemy.moml.MoMLSimpleApplication@446fa550
----------------- Done invoking toplevel() on ptolemy.moml.MoMLSimpleApplication@446fa550
reloadAllAccessors: .TrigFunction

===========================================================================================
----------------- testing Mon Jan 28 03:20:51 UTC 2019 /home/travis/build/icyphy/ptII/ptolemy/actor/lib/test/auto/TrigFunctionDE.xml
----------------- Instantiating /home/travis/build/icyphy/ptII/ptolemy/actor/lib/test/auto/TrigFunctionDE.xml
1 ms. Memory: 1773056K Free: 475835K (27%)
----------------- Invoking toplevel() on ptolemy.moml.MoMLSimpleApplication@6554e3e9
----------------- Done invoking toplevel() on ptolemy.moml.MoMLSimpleApplication@6554e3e9
reloadAllAccessors: .TrigFunctionDE

===========================================================================================
----------------- testing Mon Jan 28 03:20:51 UTC 2019 /home/travis/build/icyphy/ptII/ptolemy/actor/lib/test/auto/TrigFunctionInverse.xml
----------------- Instantiating /home/travis/build/icyphy/ptII/ptolemy/actor/lib/test/auto/TrigFunctionInverse.xml
1 ms. Memory: 1773056K Free: 459175K (26%)
----------------- Invoking toplevel() on ptolemy.moml.MoMLSimpleApplication@6c167886
----------------- Done invoking toplevel() on ptolemy.moml.MoMLSimpleApplication@6c167886
reloadAllAccessors: .TrigFunctionInverse

===========================================================================================
----------------- testing Mon Jan 28 03:20:51 UTC 2019 /home/travis/build/icyphy/ptII/ptolemy/actor/lib/test/auto/TrigFunctionTan.xml
----------------- Instantiating /home/travis/build/icyphy/ptII/ptolemy/actor/lib/test/auto/TrigFunctionTan.xml
1 ms. Memory: 1773056K Free: 437609K (25%)
----------------- Invoking toplevel() on ptolemy.moml.MoMLSimpleApplication@30ef1fe1
----------------- Done invoking toplevel() on ptolemy.moml.MoMLSimpleApplication@30ef1fe1
reloadAllAccessors: .TrigFunctionTan

===========================================================================================
----------------- testing Mon Jan 28 03:20:51 UTC 2019 /home/travis/build/icyphy/ptII/ptolemy/actor/lib/test/auto/TriggeredClock.xml
----------------- Instantiating /home/travis/build/icyphy/ptII/ptolemy/actor/lib/test/auto/TriggeredClock.xml
1 ms. Memory: 1773056K Free: 420948K (24%)
----------------- Invoking toplevel() on ptolemy.moml.MoMLSimpleApplication@f3f5af9
----------------- Done invoking toplevel() on ptolemy.moml.MoMLSimpleApplication@f3f5af9
reloadAllAccessors: .TriggeredClock

===========================================================================================
----------------- testing Mon Jan 28 03:20:51 UTC 2019 /home/travis/build/icyphy/ptII/ptolemy/actor/lib/test/auto/URLDirectoryReader.xml
----------------- Instantiating /home/travis/build/icyphy/ptII/ptolemy/actor/lib/test/auto/URLDirectoryReader.xml
40 ms. Memory: 1773056K Free: 399382K (23%)
----------------- Invoking toplevel() on ptolemy.moml.MoMLSimpleApplication@756bffd3
----------------- Done invoking toplevel() on ptolemy.moml.MoMLSimpleApplication@756bffd3
reloadAllAccessors: .URLDirectoryReader

===========================================================================================
----------------- testing Mon Jan 28 03:20:51 UTC 2019 /home/travis/build/icyphy/ptII/ptolemy/actor/lib/test/auto/URLDirectoryReader3.xml
----------------- Instantiating /home/travis/build/icyphy/ptII/ptolemy/actor/lib/test/auto/URLDirectoryReader3.xml
1145 ms. Memory: 1773056K Free: 341070K (19%)
----------------- Invoking toplevel() on ptolemy.moml.MoMLSimpleApplication@5d7232dc
----------------- Done invoking toplevel() on ptolemy.moml.MoMLSimpleApplication@5d7232dc
reloadAllAccessors: .URLDirectoryReader3

===========================================================================================
----------------- testing Mon Jan 28 03:20:52 UTC 2019 /home/travis/build/icyphy/ptII/ptolemy/actor/lib/test/auto/UnaryMathFunction.xml
----------------- Instantiating /home/travis/build/icyphy/ptII/ptolemy/actor/lib/test/auto/UnaryMathFunction.xml
2 ms. Memory: 1773056K Free: 319504K (18%)
----------------- Invoking toplevel() on ptolemy.moml.MoMLSimpleApplication@455ed2cf
----------------- Done invoking toplevel() on ptolemy.moml.MoMLSimpleApplication@455ed2cf
reloadAllAccessors: .UnaryMathFunction

===========================================================================================
----------------- testing Mon Jan 28 03:20:52 UTC 2019 /home/travis/build/icyphy/ptII/ptolemy/actor/lib/test/auto/Uniform.xml
----------------- Instantiating /home/travis/build/icyphy/ptII/ptolemy/actor/lib/test/auto/Uniform.xml
1 ms. Memory: 1773056K Free: 302844K (17%)
----------------- Invoking toplevel() on ptolemy.moml.MoMLSimpleApplication@5ccff37b
----------------- Done invoking toplevel() on ptolemy.moml.MoMLSimpleApplication@5ccff37b
reloadAllAccessors: .Uniform

===========================================================================================
----------------- testing Mon Jan 28 03:20:52 UTC 2019 /home/travis/build/icyphy/ptII/ptolemy/actor/lib/test/auto/UnionDisassemblerTest.xml
----------------- Instantiating /home/travis/build/icyphy/ptII/ptolemy/actor/lib/test/auto/UnionDisassemblerTest.xml
6 ms. Memory: 1773056K Free: 281278K (16%)
----------------- Invoking toplevel() on ptolemy.moml.MoMLSimpleApplication@1e47691a
----------------- Done invoking toplevel() on ptolemy.moml.MoMLSimpleApplication@1e47691a
reloadAllAccessors: .UnionDisassemblerTest

===========================================================================================
----------------- testing Mon Jan 28 03:20:52 UTC 2019 /home/travis/build/icyphy/ptII/ptolemy/actor/lib/test/auto/UtilityFunctions.xml
----------------- Instantiating /home/travis/build/icyphy/ptII/ptolemy/actor/lib/test/auto/UtilityFunctions.xml
1 ms. Memory: 1773056K Free: 264617K (15%)
----------------- Invoking toplevel() on ptolemy.moml.MoMLSimpleApplication@7113ced7
----------------- Done invoking toplevel() on ptolemy.moml.MoMLSimpleApplication@7113ced7
reloadAllAccessors: .UtilityFunctions

===========================================================================================
----------------- testing Mon Jan 28 03:20:52 UTC 2019 /home/travis/build/icyphy/ptII/ptolemy/actor/lib/test/auto/VariableSleep.xml
----------------- Instantiating /home/travis/build/icyphy/ptII/ptolemy/actor/lib/test/auto/VariableSleep.xml
503 ms. Memory: 1773056K Free: 243051K (14%)
----------------- Invoking toplevel() on ptolemy.moml.MoMLSimpleApplication@168e4f09
----------------- Done invoking toplevel() on ptolemy.moml.MoMLSimpleApplication@168e4f09
reloadAllAccessors: .VariableSleep

===========================================================================================
----------------- testing Mon Jan 28 03:20:53 UTC 2019 /home/travis/build/icyphy/ptII/ptolemy/actor/lib/test/auto/VectorAssemblerDisassemblerCT.xml
----------------- Instantiating /home/travis/build/icyphy/ptII/ptolemy/actor/lib/test/auto/VectorAssemblerDisassemblerCT.xml
42 ms. Memory: 1773056K Free: 218060K (12%)
----------------- Invoking toplevel() on ptolemy.moml.MoMLSimpleApplication@3336c228
----------------- Done invoking toplevel() on ptolemy.moml.MoMLSimpleApplication@3336c228
reloadAllAccessors: .VectorAssemblerDisassemblerCT

===========================================================================================
----------------- testing Mon Jan 28 03:20:53 UTC 2019 /home/travis/build/icyphy/ptII/ptolemy/actor/lib/test/auto/VectorAssemblerDisassemblerDE.xml
----------------- Instantiating /home/travis/build/icyphy/ptII/ptolemy/actor/lib/test/auto/VectorAssemblerDisassemblerDE.xml
2 ms. Memory: 1773056K Free: 196494K (11%)
----------------- Invoking toplevel() on ptolemy.moml.MoMLSimpleApplication@76638040
----------------- Done invoking toplevel() on ptolemy.moml.MoMLSimpleApplication@76638040
reloadAllAccessors: .VectorAssemblerDisassemblerDE

===========================================================================================
----------------- testing Mon Jan 28 03:20:53 UTC 2019 /home/travis/build/icyphy/ptII/ptolemy/actor/lib/test/auto/VectorAssemblerDisassemblerSDF.xml
----------------- Instantiating /home/travis/build/icyphy/ptII/ptolemy/actor/lib/test/auto/VectorAssemblerDisassemblerSDF.xml
6 ms. Memory: 1773056K Free: 179834K (10%)
----------------- Invoking toplevel() on ptolemy.moml.MoMLSimpleApplication@6918dd3b
----------------- Done invoking toplevel() on ptolemy.moml.MoMLSimpleApplication@6918dd3b
reloadAllAccessors: .VectorAssemblerDisassemblerSDF

===========================================================================================
----------------- testing Mon Jan 28 03:20:53 UTC 2019 /home/travis/build/icyphy/ptII/ptolemy/actor/lib/test/auto/WallClockTime.xml
----------------- Instantiating /home/travis/build/icyphy/ptII/ptolemy/actor/lib/test/auto/WallClockTime.xml
1004 ms. Memory: 1773056K Free: 158268K (9%)
----------------- Invoking toplevel() on ptolemy.moml.MoMLSimpleApplication@11f3f0de
----------------- Done invoking toplevel() on ptolemy.moml.MoMLSimpleApplication@11f3f0de
reloadAllAccessors: .WallClockTime

===========================================================================================
----------------- testing Mon Jan 28 03:20:54 UTC 2019 /home/travis/build/icyphy/ptII/ptolemy/actor/lib/test/auto/WidthTestWithSubscriberPublisher.xml
----------------- Instantiating /home/travis/build/icyphy/ptII/ptolemy/actor/lib/test/auto/WidthTestWithSubscriberPublisher.xml
7 ms. Memory: 1773056K Free: 133261K (8%)
----------------- Invoking toplevel() on ptolemy.moml.MoMLSimpleApplication@5a825b8b
----------------- Done invoking toplevel() on ptolemy.moml.MoMLSimpleApplication@5a825b8b
reloadAllAccessors: .WidthTestWithSubscriberPublisher

===========================================================================================
----------------- testing Mon Jan 28 03:20:54 UTC 2019 /home/travis/build/icyphy/ptII/ptolemy/actor/lib/test/auto/WidthTestWithSubscriberPublisher2.xml
----------------- Instantiating /home/travis/build/icyphy/ptII/ptolemy/actor/lib/test/auto/WidthTestWithSubscriberPublisher2.xml
2 ms. Memory: 1773056K Free: 111695K (6%)
----------------- Invoking toplevel() on ptolemy.moml.MoMLSimpleApplication@2d8912a4
----------------- Done invoking toplevel() on ptolemy.moml.MoMLSimpleApplication@2d8912a4
reloadAllAccessors: .WidthTestWithSubscriberPublisher2

===========================================================================================
----------------- testing Mon Jan 28 03:20:54 UTC 2019 /home/travis/build/icyphy/ptII/ptolemy/actor/lib/test/auto/WidthTestWithSubscriberPublisher3.xml
----------------- Instantiating /home/travis/build/icyphy/ptII/ptolemy/actor/lib/test/auto/WidthTestWithSubscriberPublisher3.xml
2 ms. Memory: 1773056K Free: 95034K (5%)
----------------- Invoking toplevel() on ptolemy.moml.MoMLSimpleApplication@61bd4d4f
----------------- Done invoking toplevel() on ptolemy.moml.MoMLSimpleApplication@61bd4d4f
reloadAllAccessors: .WidthTestWithSubscriberPublisher3

===========================================================================================
----------------- testing Mon Jan 28 03:20:54 UTC 2019 /home/travis/build/icyphy/ptII/ptolemy/actor/lib/test/auto/Writer.xml
----------------- Instantiating /home/travis/build/icyphy/ptII/ptolemy/actor/lib/test/auto/Writer.xml
0
1
2
3
4
1 ms. Memory: 1773056K Free: 73468K (4%)
----------------- Invoking toplevel() on ptolemy.moml.MoMLSimpleApplication@2760827
----------------- Done invoking toplevel() on ptolemy.moml.MoMLSimpleApplication@2760827
reloadAllAccessors: .Writer

===========================================================================================
----------------- testing Mon Jan 28 03:20:54 UTC 2019 /home/travis/build/icyphy/ptII/ptolemy/actor/lib/test/auto/array.xml
----------------- Instantiating /home/travis/build/icyphy/ptII/ptolemy/actor/lib/test/auto/array.xml
11 ms. Memory: 1759232K Free: 1710650K (97%)
----------------- Invoking toplevel() on ptolemy.moml.MoMLSimpleApplication@7c6113d1
----------------- Done invoking toplevel() on ptolemy.moml.MoMLSimpleApplication@7c6113d1
reloadAllAccessors: .array

===========================================================================================
----------------- testing Mon Jan 28 03:20:54 UTC 2019 /home/travis/build/icyphy/ptII/ptolemy/actor/lib/test/auto/array2.xml
----------------- Instantiating /home/travis/build/icyphy/ptII/ptolemy/actor/lib/test/auto/array2.xml
2 ms. Memory: 1759232K Free: 1674528K (95%)
----------------- Invoking toplevel() on ptolemy.moml.MoMLSimpleApplication@6d29480d
----------------- Done invoking toplevel() on ptolemy.moml.MoMLSimpleApplication@6d29480d
reloadAllAccessors: .array2

===========================================================================================
----------------- testing Mon Jan 28 03:20:54 UTC 2019 /home/travis/build/icyphy/ptII/ptolemy/actor/lib/test/auto/arrayType.xml
----------------- Instantiating /home/travis/build/icyphy/ptII/ptolemy/actor/lib/test/auto/arrayType.xml
1 ms. Memory: 1759232K Free: 1653399K (94%)
----------------- Invoking toplevel() on ptolemy.moml.MoMLSimpleApplication@4acf6851
----------------- Done invoking toplevel() on ptolemy.moml.MoMLSimpleApplication@4acf6851
reloadAllAccessors: .arrayType

===========================================================================================
----------------- testing Mon Jan 28 03:20:54 UTC 2019 /home/travis/build/icyphy/ptII/ptolemy/actor/lib/test/auto/arrayType10.xml
----------------- Instantiating /home/travis/build/icyphy/ptII/ptolemy/actor/lib/test/auto/arrayType10.xml
1 ms. Memory: 1759232K Free: 1636739K (93%)
----------------- Invoking toplevel() on ptolemy.moml.MoMLSimpleApplication@655690b6
----------------- Done invoking toplevel() on ptolemy.moml.MoMLSimpleApplication@655690b6
reloadAllAccessors: .arrayType10

===========================================================================================
----------------- testing Mon Jan 28 03:20:54 UTC 2019 /home/travis/build/icyphy/ptII/ptolemy/actor/lib/test/auto/arrayType11.xml
----------------- Instantiating /home/travis/build/icyphy/ptII/ptolemy/actor/lib/test/auto/arrayType11.xml
1 ms. Memory: 1759232K Free: 1615610K (92%)
----------------- Invoking toplevel() on ptolemy.moml.MoMLSimpleApplication@1ec39924
----------------- Done invoking toplevel() on ptolemy.moml.MoMLSimpleApplication@1ec39924
reloadAllAccessors: .arrayType11

===========================================================================================
----------------- testing Mon Jan 28 03:20:54 UTC 2019 /home/travis/build/icyphy/ptII/ptolemy/actor/lib/test/auto/arrayType12.xml
----------------- Instantiating /home/travis/build/icyphy/ptII/ptolemy/actor/lib/test/auto/arrayType12.xml
2 ms. Memory: 1759232K Free: 1598950K (91%)
----------------- Invoking toplevel() on ptolemy.moml.MoMLSimpleApplication@4f529a90
----------------- Done invoking toplevel() on ptolemy.moml.MoMLSimpleApplication@4f529a90
reloadAllAccessors: .arrayType12

===========================================================================================
----------------- testing Mon Jan 28 03:20:54 UTC 2019 /home/travis/build/icyphy/ptII/ptolemy/actor/lib/test/auto/arrayType13.xml
----------------- Instantiating /home/travis/build/icyphy/ptII/ptolemy/actor/lib/test/auto/arrayType13.xml
1 ms. Memory: 1759232K Free: 1577821K (90%)
----------------- Invoking toplevel() on ptolemy.moml.MoMLSimpleApplication@65a42ba8
----------------- Done invoking toplevel() on ptolemy.moml.MoMLSimpleApplication@65a42ba8
reloadAllAccessors: .arrayType13

===========================================================================================
----------------- testing Mon Jan 28 03:20:54 UTC 2019 /home/travis/build/icyphy/ptII/ptolemy/actor/lib/test/auto/arrayType14.xml
----------------- Instantiating /home/travis/build/icyphy/ptII/ptolemy/actor/lib/test/auto/arrayType14.xml
1 ms. Memory: 1759232K Free: 1561161K (89%)
----------------- Invoking toplevel() on ptolemy.moml.MoMLSimpleApplication@57fbbe90
----------------- Done invoking toplevel() on ptolemy.moml.MoMLSimpleApplication@57fbbe90
reloadAllAccessors: .arrayType14

===========================================================================================
----------------- testing Mon Jan 28 03:20:54 UTC 2019 /home/travis/build/icyphy/ptII/ptolemy/actor/lib/test/auto/arrayType15.xml
----------------- Instantiating /home/travis/build/icyphy/ptII/ptolemy/actor/lib/test/auto/arrayType15.xml
1 ms. Memory: 1759232K Free: 1540033K (88%)
----------------- Invoking toplevel() on ptolemy.moml.MoMLSimpleApplication@5ba4a46
----------------- Done invoking toplevel() on ptolemy.moml.MoMLSimpleApplication@5ba4a46
reloadAllAccessors: .arrayType15

===========================================================================================
----------------- testing Mon Jan 28 03:20:54 UTC 2019 /home/travis/build/icyphy/ptII/ptolemy/actor/lib/test/auto/arrayType16.xml
----------------- Instantiating /home/travis/build/icyphy/ptII/ptolemy/actor/lib/test/auto/arrayType16.xml
1 ms. Memory: 1759232K Free: 1518904K (86%)
----------------- Invoking toplevel() on ptolemy.moml.MoMLSimpleApplication@230446ef
----------------- Done invoking toplevel() on ptolemy.moml.MoMLSimpleApplication@230446ef
reloadAllAccessors: .arrayType16

===========================================================================================
----------------- testing Mon Jan 28 03:20:54 UTC 2019 /home/travis/build/icyphy/ptII/ptolemy/actor/lib/test/auto/arrayType17.xml
----------------- Instantiating /home/travis/build/icyphy/ptII/ptolemy/actor/lib/test/auto/arrayType17.xml
2 ms. Memory: 1759232K Free: 1502244K (85%)
----------------- Invoking toplevel() on ptolemy.moml.MoMLSimpleApplication@6f5c6185
----------------- Done invoking toplevel() on ptolemy.moml.MoMLSimpleApplication@6f5c6185
reloadAllAccessors: .arrayType17

===========================================================================================
----------------- testing Mon Jan 28 03:20:54 UTC 2019 /home/travis/build/icyphy/ptII/ptolemy/actor/lib/test/auto/arrayType18.xml
----------------- Instantiating /home/travis/build/icyphy/ptII/ptolemy/actor/lib/test/auto/arrayType18.xml
1 ms. Memory: 1759232K Free: 1481116K (84%)
----------------- Invoking toplevel() on ptolemy.moml.MoMLSimpleApplication@62be0684
----------------- Done invoking toplevel() on ptolemy.moml.MoMLSimpleApplication@62be0684
reloadAllAccessors: .arrayType18

===========================================================================================
----------------- testing Mon Jan 28 03:20:54 UTC 2019 /home/travis/build/icyphy/ptII/ptolemy/actor/lib/test/auto/arrayType19.xml
----------------- Instantiating /home/travis/build/icyphy/ptII/ptolemy/actor/lib/test/auto/arrayType19.xml
1 ms. Memory: 1759232K Free: 1464455K (83%)
----------------- Invoking toplevel() on ptolemy.moml.MoMLSimpleApplication@8320a9f
----------------- Done invoking toplevel() on ptolemy.moml.MoMLSimpleApplication@8320a9f
reloadAllAccessors: .arrayType19

===========================================================================================
----------------- testing Mon Jan 28 03:20:54 UTC 2019 /home/travis/build/icyphy/ptII/ptolemy/actor/lib/test/auto/arrayType2.xml
----------------- Instantiating /home/travis/build/icyphy/ptII/ptolemy/actor/lib/test/auto/arrayType2.xml
1 ms. Memory: 1759232K Free: 1443327K (82%)
----------------- Invoking toplevel() on ptolemy.moml.MoMLSimpleApplication@7217f45c
----------------- Done invoking toplevel() on ptolemy.moml.MoMLSimpleApplication@7217f45c
reloadAllAccessors: .arrayType2

===========================================================================================
----------------- testing Mon Jan 28 03:20:54 UTC 2019 /home/travis/build/icyphy/ptII/ptolemy/actor/lib/test/auto/arrayType20.xml
----------------- Instantiating /home/travis/build/icyphy/ptII/ptolemy/actor/lib/test/auto/arrayType20.xml
1 ms. Memory: 1759232K Free: 1426666K (81%)
----------------- Invoking toplevel() on ptolemy.moml.MoMLSimpleApplication@2416b0de
----------------- Done invoking toplevel() on ptolemy.moml.MoMLSimpleApplication@2416b0de
reloadAllAccessors: .arrayType20

===========================================================================================
----------------- testing Mon Jan 28 03:20:54 UTC 2019 /home/travis/build/icyphy/ptII/ptolemy/actor/lib/test/auto/arrayType21.xml
----------------- Instantiating /home/travis/build/icyphy/ptII/ptolemy/actor/lib/test/auto/arrayType21.xml
1 ms. Memory: 1759232K Free: 1405538K (80%)
----------------- Invoking toplevel() on ptolemy.moml.MoMLSimpleApplication@3f363c3f
----------------- Done invoking toplevel() on ptolemy.moml.MoMLSimpleApplication@3f363c3f
reloadAllAccessors: .arrayType21

===========================================================================================
----------------- testing Mon Jan 28 03:20:54 UTC 2019 /home/travis/build/icyphy/ptII/ptolemy/actor/lib/test/auto/arrayType22.xml
----------------- Instantiating /home/travis/build/icyphy/ptII/ptolemy/actor/lib/test/auto/arrayType22.xml
1 ms. Memory: 1759232K Free: 1384409K (79%)
----------------- Invoking toplevel() on ptolemy.moml.MoMLSimpleApplication@7f733cf4
----------------- Done invoking toplevel() on ptolemy.moml.MoMLSimpleApplication@7f733cf4
reloadAllAccessors: .arrayType22

===========================================================================================
----------------- testing Mon Jan 28 03:20:54 UTC 2019 /home/travis/build/icyphy/ptII/ptolemy/actor/lib/test/auto/arrayType23.xml
----------------- Instantiating /home/travis/build/icyphy/ptII/ptolemy/actor/lib/test/auto/arrayType23.xml
1 ms. Memory: 1759232K Free: 1367749K (78%)
----------------- Invoking toplevel() on ptolemy.moml.MoMLSimpleApplication@6b701894
----------------- Done invoking toplevel() on ptolemy.moml.MoMLSimpleApplication@6b701894
reloadAllAccessors: .arrayType23

===========================================================================================
----------------- testing Mon Jan 28 03:20:54 UTC 2019 /home/travis/build/icyphy/ptII/ptolemy/actor/lib/test/auto/arrayType24.xml
----------------- Instantiating /home/travis/build/icyphy/ptII/ptolemy/actor/lib/test/auto/arrayType24.xml
1 ms. Memory: 1759232K Free: 1346621K (77%)
----------------- Invoking toplevel() on ptolemy.moml.MoMLSimpleApplication@78c749b7
----------------- Done invoking toplevel() on ptolemy.moml.MoMLSimpleApplication@78c749b7
reloadAllAccessors: .arrayType24

===========================================================================================
----------------- testing Mon Jan 28 03:20:54 UTC 2019 /home/travis/build/icyphy/ptII/ptolemy/actor/lib/test/auto/arrayType25.xml
----------------- Instantiating /home/travis/build/icyphy/ptII/ptolemy/actor/lib/test/auto/arrayType25.xml
1 ms. Memory: 1759232K Free: 1329934K (76%)
----------------- Invoking toplevel() on ptolemy.moml.MoMLSimpleApplication@31fe4994
----------------- Done invoking toplevel() on ptolemy.moml.MoMLSimpleApplication@31fe4994
reloadAllAccessors: .arrayType25

===========================================================================================
----------------- testing Mon Jan 28 03:20:54 UTC 2019 /home/travis/build/icyphy/ptII/ptolemy/actor/lib/test/auto/arrayType26.xml
----------------- Instantiating /home/travis/build/icyphy/ptII/ptolemy/actor/lib/test/auto/arrayType26.xml
1 ms. Memory: 1759232K Free: 1308805K (74%)
----------------- Invoking toplevel() on ptolemy.moml.MoMLSimpleApplication@684f3d10
----------------- Done invoking toplevel() on ptolemy.moml.MoMLSimpleApplication@684f3d10
reloadAllAccessors: .arrayType26

===========================================================================================
----------------- testing Mon Jan 28 03:20:54 UTC 2019 /home/travis/build/icyphy/ptII/ptolemy/actor/lib/test/auto/arrayType27.xml
----------------- Instantiating /home/travis/build/icyphy/ptII/ptolemy/actor/lib/test/auto/arrayType27.xml
2 ms. Memory: 1759232K Free: 1292145K (73%)
----------------- Invoking toplevel() on ptolemy.moml.MoMLSimpleApplication@36f47a43
----------------- Done invoking toplevel() on ptolemy.moml.MoMLSimpleApplication@36f47a43
reloadAllAccessors: .arrayType27

===========================================================================================
----------------- testing Mon Jan 28 03:20:54 UTC 2019 /home/travis/build/icyphy/ptII/ptolemy/actor/lib/test/auto/arrayType28.xml
----------------- Instantiating /home/travis/build/icyphy/ptII/ptolemy/actor/lib/test/auto/arrayType28.xml
1 ms. Memory: 1759232K Free: 1271016K (72%)
----------------- Invoking toplevel() on ptolemy.moml.MoMLSimpleApplication@451c007f
----------------- Done invoking toplevel() on ptolemy.moml.MoMLSimpleApplication@451c007f
reloadAllAccessors: .arrayType28

===========================================================================================
----------------- testing Mon Jan 28 03:20:54 UTC 2019 /home/travis/build/icyphy/ptII/ptolemy/actor/lib/test/auto/arrayType3.xml
----------------- Instantiating /home/travis/build/icyphy/ptII/ptolemy/actor/lib/test/auto/arrayType3.xml
1 ms. Memory: 1759232K Free: 1249888K (71%)
----------------- Invoking toplevel() on ptolemy.moml.MoMLSimpleApplication@1c167e84
----------------- Done invoking toplevel() on ptolemy.moml.MoMLSimpleApplication@1c167e84
reloadAllAccessors: .arrayType3

===========================================================================================
----------------- testing Mon Jan 28 03:20:54 UTC 2019 /home/travis/build/icyphy/ptII/ptolemy/actor/lib/test/auto/arrayType4.xml
----------------- Instantiating /home/travis/build/icyphy/ptII/ptolemy/actor/lib/test/auto/arrayType4.xml
1 ms. Memory: 1759232K Free: 1233228K (70%)
----------------- Invoking toplevel() on ptolemy.moml.MoMLSimpleApplication@201965eb
----------------- Done invoking toplevel() on ptolemy.moml.MoMLSimpleApplication@201965eb
reloadAllAccessors: .arrayType4

===========================================================================================
----------------- testing Mon Jan 28 03:20:54 UTC 2019 /home/travis/build/icyphy/ptII/ptolemy/actor/lib/test/auto/arrayType5.xml
----------------- Instantiating /home/travis/build/icyphy/ptII/ptolemy/actor/lib/test/auto/arrayType5.xml
1 ms. Memory: 1759232K Free: 1212099K (69%)
----------------- Invoking toplevel() on ptolemy.moml.MoMLSimpleApplication@24dd595d
----------------- Done invoking toplevel() on ptolemy.moml.MoMLSimpleApplication@24dd595d
reloadAllAccessors: .arrayType5

===========================================================================================
----------------- testing Mon Jan 28 03:20:54 UTC 2019 /home/travis/build/icyphy/ptII/ptolemy/actor/lib/test/auto/arrayType6.xml
----------------- Instantiating /home/travis/build/icyphy/ptII/ptolemy/actor/lib/test/auto/arrayType6.xml
1 ms. Memory: 1759232K Free: 1195439K (68%)
----------------- Invoking toplevel() on ptolemy.moml.MoMLSimpleApplication@fc12271
----------------- Done invoking toplevel() on ptolemy.moml.MoMLSimpleApplication@fc12271
reloadAllAccessors: .arrayType6

===========================================================================================
----------------- testing Mon Jan 28 03:20:54 UTC 2019 /home/travis/build/icyphy/ptII/ptolemy/actor/lib/test/auto/arrayType7.xml
----------------- Instantiating /home/travis/build/icyphy/ptII/ptolemy/actor/lib/test/auto/arrayType7.xml
1 ms. Memory: 1759232K Free: 1174310K (67%)
----------------- Invoking toplevel() on ptolemy.moml.MoMLSimpleApplication@6550a869
----------------- Done invoking toplevel() on ptolemy.moml.MoMLSimpleApplication@6550a869
reloadAllAccessors: .arrayType7

===========================================================================================
----------------- testing Mon Jan 28 03:20:54 UTC 2019 /home/travis/build/icyphy/ptII/ptolemy/actor/lib/test/auto/arrayType8.xml
----------------- Instantiating /home/travis/build/icyphy/ptII/ptolemy/actor/lib/test/auto/arrayType8.xml
2 ms. Memory: 1759232K Free: 1157650K (66%)
----------------- Invoking toplevel() on ptolemy.moml.MoMLSimpleApplication@1cbda32d
----------------- Done invoking toplevel() on ptolemy.moml.MoMLSimpleApplication@1cbda32d
reloadAllAccessors: .arrayType8

===========================================================================================
----------------- testing Mon Jan 28 03:20:54 UTC 2019 /home/travis/build/icyphy/ptII/ptolemy/actor/lib/test/auto/arrayType9.xml
----------------- Instantiating /home/travis/build/icyphy/ptII/ptolemy/actor/lib/test/auto/arrayType9.xml
1 ms. Memory: 1759232K Free: 1136522K (65%)
----------------- Invoking toplevel() on ptolemy.moml.MoMLSimpleApplication@7407afcc
----------------- Done invoking toplevel() on ptolemy.moml.MoMLSimpleApplication@7407afcc
reloadAllAccessors: .arrayType9

===========================================================================================
----------------- testing Mon Jan 28 03:20:54 UTC 2019 /home/travis/build/icyphy/ptII/ptolemy/actor/lib/test/auto/cast.xml
----------------- Instantiating /home/travis/build/icyphy/ptII/ptolemy/actor/lib/test/auto/cast.xml
1 ms. Memory: 1759232K Free: 1115393K (63%)
----------------- Invoking toplevel() on ptolemy.moml.MoMLSimpleApplication@37bb368b
----------------- Done invoking toplevel() on ptolemy.moml.MoMLSimpleApplication@37bb368b
reloadAllAccessors: .cast

===========================================================================================
----------------- testing Mon Jan 28 03:20:54 UTC 2019 /home/travis/build/icyphy/ptII/ptolemy/actor/lib/test/auto/compositeMultiPort.xml
----------------- Instantiating /home/travis/build/icyphy/ptII/ptolemy/actor/lib/test/auto/compositeMultiPort.xml
3 ms. Memory: 1759232K Free: 1098733K (62%)
----------------- Invoking toplevel() on ptolemy.moml.MoMLSimpleApplication@26c8278b
----------------- Done invoking toplevel() on ptolemy.moml.MoMLSimpleApplication@26c8278b
reloadAllAccessors: .compositeMultiPort

===========================================================================================
----------------- testing Mon Jan 28 03:20:54 UTC 2019 /home/travis/build/icyphy/ptII/ptolemy/actor/lib/test/auto/expressionCastInference.xml
----------------- Instantiating /home/travis/build/icyphy/ptII/ptolemy/actor/lib/test/auto/expressionCastInference.xml
2 ms. Memory: 1759232K Free: 1077604K (61%)
----------------- Invoking toplevel() on ptolemy.moml.MoMLSimpleApplication@374a3395
----------------- Done invoking toplevel() on ptolemy.moml.MoMLSimpleApplication@374a3395
reloadAllAccessors: .expressionCastInference

===========================================================================================
----------------- testing Mon Jan 28 03:20:54 UTC 2019 /home/travis/build/icyphy/ptII/ptolemy/actor/lib/test/auto/expressionCastInference2.xml
----------------- Instantiating /home/travis/build/icyphy/ptII/ptolemy/actor/lib/test/auto/expressionCastInference2.xml
2 ms. Memory: 1759232K Free: 1060944K (60%)
----------------- Invoking toplevel() on ptolemy.moml.MoMLSimpleApplication@10ac6
----------------- Done invoking toplevel() on ptolemy.moml.MoMLSimpleApplication@10ac6
reloadAllAccessors: .expressionCastInference2

===========================================================================================
----------------- testing Mon Jan 28 03:20:54 UTC 2019 /home/travis/build/icyphy/ptII/ptolemy/actor/lib/test/auto/expressionInference.xml
----------------- Instantiating /home/travis/build/icyphy/ptII/ptolemy/actor/lib/test/auto/expressionInference.xml
2 ms. Memory: 1759232K Free: 1039815K (59%)
----------------- Invoking toplevel() on ptolemy.moml.MoMLSimpleApplication@515b47eb
----------------- Done invoking toplevel() on ptolemy.moml.MoMLSimpleApplication@515b47eb
reloadAllAccessors: .expressionInference

===========================================================================================
----------------- testing Mon Jan 28 03:20:54 UTC 2019 /home/travis/build/icyphy/ptII/ptolemy/actor/lib/test/auto/expression_bug.xml
----------------- Instantiating /home/travis/build/icyphy/ptII/ptolemy/actor/lib/test/auto/expression_bug.xml
1 ms. Memory: 1759232K Free: 1023155K (58%)
----------------- Invoking toplevel() on ptolemy.moml.MoMLSimpleApplication@fcda49b
----------------- Done invoking toplevel() on ptolemy.moml.MoMLSimpleApplication@fcda49b
reloadAllAccessors: .expression_bug

===========================================================================================
----------------- testing Mon Jan 28 03:20:54 UTC 2019 /home/travis/build/icyphy/ptII/ptolemy/actor/lib/test/auto/factorial.xml
----------------- Instantiating /home/travis/build/icyphy/ptII/ptolemy/actor/lib/test/auto/factorial.xml
30 ms. Memory: 1759232K Free: 1002026K (57%)
----------------- Invoking toplevel() on ptolemy.moml.MoMLSimpleApplication@b3e7426
----------------- Done invoking toplevel() on ptolemy.moml.MoMLSimpleApplication@b3e7426
reloadAllAccessors: .factorial

===========================================================================================
----------------- testing Mon Jan 28 03:20:54 UTC 2019 /home/travis/build/icyphy/ptII/ptolemy/actor/lib/test/auto/filterTest1.xml
----------------- Instantiating /home/travis/build/icyphy/ptII/ptolemy/actor/lib/test/auto/filterTest1.xml
3 ms. Memory: 1759232K Free: 980898K (56%)
----------------- Invoking toplevel() on ptolemy.moml.MoMLSimpleApplication@6382e31a
----------------- Done invoking toplevel() on ptolemy.moml.MoMLSimpleApplication@6382e31a
reloadAllAccessors: .filterTest1

===========================================================================================
----------------- testing Mon Jan 28 03:20:54 UTC 2019 /home/travis/build/icyphy/ptII/ptolemy/actor/lib/test/auto/funcApplyInConst.xml
----------------- Instantiating /home/travis/build/icyphy/ptII/ptolemy/actor/lib/test/auto/funcApplyInConst.xml
1 ms. Memory: 1759232K Free: 964237K (55%)
----------------- Invoking toplevel() on ptolemy.moml.MoMLSimpleApplication@51059bcc
----------------- Done invoking toplevel() on ptolemy.moml.MoMLSimpleApplication@51059bcc
reloadAllAccessors: .funcApplyInConst

===========================================================================================
----------------- testing Mon Jan 28 03:20:54 UTC 2019 /home/travis/build/icyphy/ptII/ptolemy/actor/lib/test/auto/funcApplyInExpr.xml
----------------- Instantiating /home/travis/build/icyphy/ptII/ptolemy/actor/lib/test/auto/funcApplyInExpr.xml
1 ms. Memory: 1759232K Free: 943109K (54%)
----------------- Invoking toplevel() on ptolemy.moml.MoMLSimpleApplication@44c495e2
----------------- Done invoking toplevel() on ptolemy.moml.MoMLSimpleApplication@44c495e2
reloadAllAccessors: .funcApplyInExpr

===========================================================================================
----------------- testing Mon Jan 28 03:20:54 UTC 2019 /home/travis/build/icyphy/ptII/ptolemy/actor/lib/test/auto/function.xml
----------------- Instantiating /home/travis/build/icyphy/ptII/ptolemy/actor/lib/test/auto/function.xml
2 ms. Memory: 1759232K Free: 926448K (53%)
----------------- Invoking toplevel() on ptolemy.moml.MoMLSimpleApplication@5616fa64
----------------- Done invoking toplevel() on ptolemy.moml.MoMLSimpleApplication@5616fa64
reloadAllAccessors: .function

===========================================================================================
----------------- testing Mon Jan 28 03:20:54 UTC 2019 /home/travis/build/icyphy/ptII/ptolemy/actor/lib/test/auto/function2.xml
----------------- Instantiating /home/travis/build/icyphy/ptII/ptolemy/actor/lib/test/auto/function2.xml
1 ms. Memory: 1759232K Free: 905320K (51%)
----------------- Invoking toplevel() on ptolemy.moml.MoMLSimpleApplication@20bd2fa5
----------------- Done invoking toplevel() on ptolemy.moml.MoMLSimpleApplication@20bd2fa5
reloadAllAccessors: .function2

===========================================================================================
----------------- testing Mon Jan 28 03:20:55 UTC 2019 /home/travis/build/icyphy/ptII/ptolemy/actor/lib/test/auto/function3.xml
----------------- Instantiating /home/travis/build/icyphy/ptII/ptolemy/actor/lib/test/auto/function3.xml
1 ms. Memory: 1759232K Free: 884192K (50%)
----------------- Invoking toplevel() on ptolemy.moml.MoMLSimpleApplication@3ee363f0
----------------- Done invoking toplevel() on ptolemy.moml.MoMLSimpleApplication@3ee363f0
reloadAllAccessors: .function3

===========================================================================================
----------------- testing Mon Jan 28 03:20:55 UTC 2019 /home/travis/build/icyphy/ptII/ptolemy/actor/lib/test/auto/functionClosureTest1.xml
----------------- Instantiating /home/travis/build/icyphy/ptII/ptolemy/actor/lib/test/auto/functionClosureTest1.xml
1 ms. Memory: 1759232K Free: 867531K (49%)
----------------- Invoking toplevel() on ptolemy.moml.MoMLSimpleApplication@151c0ecd
----------------- Done invoking toplevel() on ptolemy.moml.MoMLSimpleApplication@151c0ecd
reloadAllAccessors: .functionClosureTest1

===========================================================================================
----------------- testing Mon Jan 28 03:20:55 UTC 2019 /home/travis/build/icyphy/ptII/ptolemy/actor/lib/test/auto/functionClosureTest2.xml
----------------- Instantiating /home/travis/build/icyphy/ptII/ptolemy/actor/lib/test/auto/functionClosureTest2.xml
1 ms. Memory: 1759232K Free: 846403K (48%)
----------------- Invoking toplevel() on ptolemy.moml.MoMLSimpleApplication@6ebf615d
----------------- Done invoking toplevel() on ptolemy.moml.MoMLSimpleApplication@6ebf615d
reloadAllAccessors: .functionClosureTest2

===========================================================================================
----------------- testing Mon Jan 28 03:20:55 UTC 2019 /home/travis/build/icyphy/ptII/ptolemy/actor/lib/test/auto/functionClosureTest3.xml
----------------- Instantiating /home/travis/build/icyphy/ptII/ptolemy/actor/lib/test/auto/functionClosureTest3.xml
1 ms. Memory: 1759232K Free: 829742K (47%)
----------------- Invoking toplevel() on ptolemy.moml.MoMLSimpleApplication@754553a
----------------- Done invoking toplevel() on ptolemy.moml.MoMLSimpleApplication@754553a
reloadAllAccessors: .functionClosureTest3

===========================================================================================
----------------- testing Mon Jan 28 03:20:55 UTC 2019 /home/travis/build/icyphy/ptII/ptolemy/actor/lib/test/auto/functionClosureTest4.xml
----------------- Instantiating /home/travis/build/icyphy/ptII/ptolemy/actor/lib/test/auto/functionClosureTest4.xml
2 ms. Memory: 1759232K Free: 808614K (46%)
----------------- Invoking toplevel() on ptolemy.moml.MoMLSimpleApplication@38f2efcc
----------------- Done invoking toplevel() on ptolemy.moml.MoMLSimpleApplication@38f2efcc
reloadAllAccessors: .functionClosureTest4

===========================================================================================
----------------- testing Mon Jan 28 03:20:55 UTC 2019 /home/travis/build/icyphy/ptII/ptolemy/actor/lib/test/auto/functionClosureTest5.xml
----------------- Instantiating /home/travis/build/icyphy/ptII/ptolemy/actor/lib/test/auto/functionClosureTest5.xml
3 ms. Memory: 1759232K Free: 791953K (45%)
----------------- Invoking toplevel() on ptolemy.moml.MoMLSimpleApplication@a187da0
----------------- Done invoking toplevel() on ptolemy.moml.MoMLSimpleApplication@a187da0
reloadAllAccessors: .functionClosureTest5

===========================================================================================
----------------- testing Mon Jan 28 03:20:55 UTC 2019 /home/travis/build/icyphy/ptII/ptolemy/actor/lib/test/auto/functionClosureTest6.xml
----------------- Instantiating /home/travis/build/icyphy/ptII/ptolemy/actor/lib/test/auto/functionClosureTest6.xml
1 ms. Memory: 1759232K Free: 770825K (44%)
----------------- Invoking toplevel() on ptolemy.moml.MoMLSimpleApplication@26fef5f8
----------------- Done invoking toplevel() on ptolemy.moml.MoMLSimpleApplication@26fef5f8
reloadAllAccessors: .functionClosureTest6

===========================================================================================
----------------- testing Mon Jan 28 03:20:55 UTC 2019 /home/travis/build/icyphy/ptII/ptolemy/actor/lib/test/auto/functionsOnArcs.xml
----------------- Instantiating /home/travis/build/icyphy/ptII/ptolemy/actor/lib/test/auto/functionsOnArcs.xml
4 ms. Memory: 1759232K Free: 749696K (43%)
----------------- Invoking toplevel() on ptolemy.moml.MoMLSimpleApplication@2966db7a
----------------- Done invoking toplevel() on ptolemy.moml.MoMLSimpleApplication@2966db7a
reloadAllAccessors: .functionsOnArcs

===========================================================================================
----------------- testing Mon Jan 28 03:20:55 UTC 2019 /home/travis/build/icyphy/ptII/ptolemy/actor/lib/test/auto/functionsOnArcsHOF.xml
----------------- Instantiating /home/travis/build/icyphy/ptII/ptolemy/actor/lib/test/auto/functionsOnArcsHOF.xml
2 ms. Memory: 1759232K Free: 733036K (42%)
----------------- Invoking toplevel() on ptolemy.moml.MoMLSimpleApplication@1c6dcdd4
----------------- Done invoking toplevel() on ptolemy.moml.MoMLSimpleApplication@1c6dcdd4
reloadAllAccessors: .functionsOnArcsHOF

===========================================================================================
----------------- testing Mon Jan 28 03:20:55 UTC 2019 /home/travis/build/icyphy/ptII/ptolemy/actor/lib/test/auto/logic.xml
----------------- Instantiating /home/travis/build/icyphy/ptII/ptolemy/actor/lib/test/auto/logic.xml
1 ms. Memory: 1759232K Free: 711908K (40%)
----------------- Invoking toplevel() on ptolemy.moml.MoMLSimpleApplication@223b1792
----------------- Done invoking toplevel() on ptolemy.moml.MoMLSimpleApplication@223b1792
reloadAllAccessors: .logic

===========================================================================================
----------------- testing Mon Jan 28 03:20:55 UTC 2019 /home/travis/build/icyphy/ptII/ptolemy/actor/lib/test/auto/matrixType.xml
----------------- Instantiating /home/travis/build/icyphy/ptII/ptolemy/actor/lib/test/auto/matrixType.xml
1 ms. Memory: 1759232K Free: 695247K (40%)
----------------- Invoking toplevel() on ptolemy.moml.MoMLSimpleApplication@3c6873ee
----------------- Done invoking toplevel() on ptolemy.moml.MoMLSimpleApplication@3c6873ee
reloadAllAccessors: .matrixType

===========================================================================================
----------------- testing Mon Jan 28 03:20:55 UTC 2019 /home/travis/build/icyphy/ptII/ptolemy/actor/lib/test/auto/matrixType10.xml
----------------- Instantiating /home/travis/build/icyphy/ptII/ptolemy/actor/lib/test/auto/matrixType10.xml
1 ms. Memory: 1759232K Free: 674119K (38%)
----------------- Invoking toplevel() on ptolemy.moml.MoMLSimpleApplication@5a1f4e14
----------------- Done invoking toplevel() on ptolemy.moml.MoMLSimpleApplication@5a1f4e14
reloadAllAccessors: .matrixType10

===========================================================================================
----------------- testing Mon Jan 28 03:20:55 UTC 2019 /home/travis/build/icyphy/ptII/ptolemy/actor/lib/test/auto/matrixType11.xml
----------------- Instantiating /home/travis/build/icyphy/ptII/ptolemy/actor/lib/test/auto/matrixType11.xml
1 ms. Memory: 1759232K Free: 652990K (37%)
----------------- Invoking toplevel() on ptolemy.moml.MoMLSimpleApplication@4e106d57
----------------- Done invoking toplevel() on ptolemy.moml.MoMLSimpleApplication@4e106d57
reloadAllAccessors: .matrixType11

===========================================================================================
----------------- testing Mon Jan 28 03:20:55 UTC 2019 /home/travis/build/icyphy/ptII/ptolemy/actor/lib/test/auto/matrixType12.xml
----------------- Instantiating /home/travis/build/icyphy/ptII/ptolemy/actor/lib/test/auto/matrixType12.xml
1 ms. Memory: 1759232K Free: 636330K (36%)
----------------- Invoking toplevel() on ptolemy.moml.MoMLSimpleApplication@16cdc885
----------------- Done invoking toplevel() on ptolemy.moml.MoMLSimpleApplication@16cdc885
reloadAllAccessors: .matrixType12

===========================================================================================
----------------- testing Mon Jan 28 03:20:55 UTC 2019 /home/travis/build/icyphy/ptII/ptolemy/actor/lib/test/auto/matrixType13.xml
----------------- Instantiating /home/travis/build/icyphy/ptII/ptolemy/actor/lib/test/auto/matrixType13.xml
1 ms. Memory: 1759232K Free: 615202K (35%)
----------------- Invoking toplevel() on ptolemy.moml.MoMLSimpleApplication@1bf93528
----------------- Done invoking toplevel() on ptolemy.moml.MoMLSimpleApplication@1bf93528
reloadAllAccessors: .matrixType13

===========================================================================================
----------------- testing Mon Jan 28 03:20:55 UTC 2019 /home/travis/build/icyphy/ptII/ptolemy/actor/lib/test/auto/matrixType14.xml
----------------- Instantiating /home/travis/build/icyphy/ptII/ptolemy/actor/lib/test/auto/matrixType14.xml
1 ms. Memory: 1759232K Free: 598541K (34%)
----------------- Invoking toplevel() on ptolemy.moml.MoMLSimpleApplication@4866e11
----------------- Done invoking toplevel() on ptolemy.moml.MoMLSimpleApplication@4866e11
reloadAllAccessors: .matrixType14

===========================================================================================
----------------- testing Mon Jan 28 03:20:55 UTC 2019 /home/travis/build/icyphy/ptII/ptolemy/actor/lib/test/auto/matrixType2.xml
----------------- Instantiating /home/travis/build/icyphy/ptII/ptolemy/actor/lib/test/auto/matrixType2.xml
1 ms. Memory: 1759232K Free: 577413K (33%)
----------------- Invoking toplevel() on ptolemy.moml.MoMLSimpleApplication@29b23fef
----------------- Done invoking toplevel() on ptolemy.moml.MoMLSimpleApplication@29b23fef
reloadAllAccessors: .matrixType2

===========================================================================================
----------------- testing Mon Jan 28 03:20:55 UTC 2019 /home/travis/build/icyphy/ptII/ptolemy/actor/lib/test/auto/matrixType3.xml
----------------- Instantiating /home/travis/build/icyphy/ptII/ptolemy/actor/lib/test/auto/matrixType3.xml
1 ms. Memory: 1759232K Free: 560752K (32%)
----------------- Invoking toplevel() on ptolemy.moml.MoMLSimpleApplication@9a8c914
----------------- Done invoking toplevel() on ptolemy.moml.MoMLSimpleApplication@9a8c914
reloadAllAccessors: .matrixType3

===========================================================================================
----------------- testing Mon Jan 28 03:20:55 UTC 2019 /home/travis/build/icyphy/ptII/ptolemy/actor/lib/test/auto/matrixType4.xml
----------------- Instantiating /home/travis/build/icyphy/ptII/ptolemy/actor/lib/test/auto/matrixType4.xml
1 ms. Memory: 1759232K Free: 539624K (31%)
----------------- Invoking toplevel() on ptolemy.moml.MoMLSimpleApplication@a11672e
----------------- Done invoking toplevel() on ptolemy.moml.MoMLSimpleApplication@a11672e
reloadAllAccessors: .matrixType4

===========================================================================================
----------------- testing Mon Jan 28 03:20:55 UTC 2019 /home/travis/build/icyphy/ptII/ptolemy/actor/lib/test/auto/matrixType5.xml
----------------- Instantiating /home/travis/build/icyphy/ptII/ptolemy/actor/lib/test/auto/matrixType5.xml
1 ms. Memory: 1759232K Free: 518495K (29%)
----------------- Invoking toplevel() on ptolemy.moml.MoMLSimpleApplication@6c86fcb5
----------------- Done invoking toplevel() on ptolemy.moml.MoMLSimpleApplication@6c86fcb5
reloadAllAccessors: .matrixType5

===========================================================================================
----------------- testing Mon Jan 28 03:20:55 UTC 2019 /home/travis/build/icyphy/ptII/ptolemy/actor/lib/test/auto/matrixType6.xml
----------------- Instantiating /home/travis/build/icyphy/ptII/ptolemy/actor/lib/test/auto/matrixType6.xml
1 ms. Memory: 1759232K Free: 501835K (29%)
----------------- Invoking toplevel() on ptolemy.moml.MoMLSimpleApplication@ec006dd
----------------- Done invoking toplevel() on ptolemy.moml.MoMLSimpleApplication@ec006dd
reloadAllAccessors: .matrixType6

===========================================================================================
----------------- testing Mon Jan 28 03:20:55 UTC 2019 /home/travis/build/icyphy/ptII/ptolemy/actor/lib/test/auto/matrixType7.xml
----------------- Instantiating /home/travis/build/icyphy/ptII/ptolemy/actor/lib/test/auto/matrixType7.xml
1 ms. Memory: 1759232K Free: 480707K (27%)
----------------- Invoking toplevel() on ptolemy.moml.MoMLSimpleApplication@1ddddd9
----------------- Done invoking toplevel() on ptolemy.moml.MoMLSimpleApplication@1ddddd9
reloadAllAccessors: .matrixType7

===========================================================================================
----------------- testing Mon Jan 28 03:20:55 UTC 2019 /home/travis/build/icyphy/ptII/ptolemy/actor/lib/test/auto/matrixType8.xml
----------------- Instantiating /home/travis/build/icyphy/ptII/ptolemy/actor/lib/test/auto/matrixType8.xml
1 ms. Memory: 1759232K Free: 464046K (26%)
----------------- Invoking toplevel() on ptolemy.moml.MoMLSimpleApplication@b509cb9
----------------- Done invoking toplevel() on ptolemy.moml.MoMLSimpleApplication@b509cb9
reloadAllAccessors: .matrixType8

===========================================================================================
----------------- testing Mon Jan 28 03:20:55 UTC 2019 /home/travis/build/icyphy/ptII/ptolemy/actor/lib/test/auto/matrixType9.xml
----------------- Instantiating /home/travis/build/icyphy/ptII/ptolemy/actor/lib/test/auto/matrixType9.xml
1 ms. Memory: 1759232K Free: 442918K (25%)
----------------- Invoking toplevel() on ptolemy.moml.MoMLSimpleApplication@16c82bf2
----------------- Done invoking toplevel() on ptolemy.moml.MoMLSimpleApplication@16c82bf2
reloadAllAccessors: .matrixType9

===========================================================================================
----------------- testing Mon Jan 28 03:20:55 UTC 2019 /home/travis/build/icyphy/ptII/ptolemy/actor/lib/test/auto/paraFunctest.xml
----------------- Instantiating /home/travis/build/icyphy/ptII/ptolemy/actor/lib/test/auto/paraFunctest.xml
1 ms. Memory: 1759232K Free: 421790K (24%)
----------------- Invoking toplevel() on ptolemy.moml.MoMLSimpleApplication@6f1b47c3
----------------- Done invoking toplevel() on ptolemy.moml.MoMLSimpleApplication@6f1b47c3
reloadAllAccessors: .paraFunctest

===========================================================================================
----------------- testing Mon Jan 28 03:20:55 UTC 2019 /home/travis/build/icyphy/ptII/ptolemy/actor/lib/test/auto/paraFunctest2.xml
----------------- Instantiating /home/travis/build/icyphy/ptII/ptolemy/actor/lib/test/auto/paraFunctest2.xml
2 ms. Memory: 1759232K Free: 405129K (23%)
----------------- Invoking toplevel() on ptolemy.moml.MoMLSimpleApplication@725027b
----------------- Done invoking toplevel() on ptolemy.moml.MoMLSimpleApplication@725027b
reloadAllAccessors: .paraFunctest2

===========================================================================================
----------------- testing Mon Jan 28 03:20:55 UTC 2019 /home/travis/build/icyphy/ptII/ptolemy/actor/lib/test/auto/parameterPassing.xml
----------------- Instantiating /home/travis/build/icyphy/ptII/ptolemy/actor/lib/test/auto/parameterPassing.xml
0 ms. Memory: 1759232K Free: 384001K (22%)
----------------- Invoking toplevel() on ptolemy.moml.MoMLSimpleApplication@666d221d
----------------- Done invoking toplevel() on ptolemy.moml.MoMLSimpleApplication@666d221d
reloadAllAccessors: .parameterPassing

===========================================================================================
----------------- testing Mon Jan 28 03:20:55 UTC 2019 /home/travis/build/icyphy/ptII/ptolemy/actor/lib/test/auto/record.xml
----------------- Instantiating /home/travis/build/icyphy/ptII/ptolemy/actor/lib/test/auto/record.xml
1 ms. Memory: 1759232K Free: 367340K (21%)
----------------- Invoking toplevel() on ptolemy.moml.MoMLSimpleApplication@201663c5
----------------- Done invoking toplevel() on ptolemy.moml.MoMLSimpleApplication@201663c5
reloadAllAccessors: .record

===========================================================================================
----------------- testing Mon Jan 28 03:20:55 UTC 2019 /home/travis/build/icyphy/ptII/ptolemy/actor/lib/test/auto/sizedarray1.xml
----------------- Instantiating /home/travis/build/icyphy/ptII/ptolemy/actor/lib/test/auto/sizedarray1.xml
1 ms. Memory: 1759232K Free: 346212K (20%)
----------------- Invoking toplevel() on ptolemy.moml.MoMLSimpleApplication@55a235bb
----------------- Done invoking toplevel() on ptolemy.moml.MoMLSimpleApplication@55a235bb
reloadAllAccessors: .sizedarray1

===========================================================================================
----------------- testing Mon Jan 28 03:20:55 UTC 2019 /home/travis/build/icyphy/ptII/ptolemy/actor/lib/test/auto/sizedarray2.xml
----------------- Instantiating /home/travis/build/icyphy/ptII/ptolemy/actor/lib/test/auto/sizedarray2.xml
1 ms. Memory: 1759232K Free: 329551K (19%)
----------------- Invoking toplevel() on ptolemy.moml.MoMLSimpleApplication@48a0e590
----------------- Done invoking toplevel() on ptolemy.moml.MoMLSimpleApplication@48a0e590
reloadAllAccessors: .sizedarray2

===========================================================================================
----------------- testing Mon Jan 28 03:20:55 UTC 2019 /home/travis/build/icyphy/ptII/ptolemy/actor/lib/test/auto/twoPublishers.xml
----------------- Instantiating /home/travis/build/icyphy/ptII/ptolemy/actor/lib/test/auto/twoPublishers.xml
2 ms. Memory: 1759232K Free: 308423K (18%)
----------------- Invoking toplevel() on ptolemy.moml.MoMLSimpleApplication@6969a9f0
----------------- Done invoking toplevel() on ptolemy.moml.MoMLSimpleApplication@6969a9f0
reloadAllAccessors: .twoPublishers
AutoTests.java: About to close Vertx.
AutoTests.java: Vertx closed.
]]></system-out>
  <system-err><![CDATA[java.lang.RuntimeException: Execution failed
	at ptolemy.moml.MoMLSimpleApplication$UnloadThread.run(MoMLSimpleApplication.java:402)
Caused by: java.lang.RuntimeException: StringUtilities.exit() was called. Normally, we would exit here because Manager.exitAfterWrapup() was called.  However, because the ptolemy.ptII.exitAfterWrapup property is set, we throw this exception instead.
	at ptolemy.util.StringUtilities.exit(StringUtilities.java:363)
	at ptolemy.actor.Manager.wrapup(Manager.java:1531)
	at ptolemy.actor.Manager.execute(Manager.java:407)
	at ptolemy.actor.Manager.run(Manager.java:1263)
	at ptolemy.actor.Manager$PtolemyRunThread.run(Manager.java:1915)
Warning: '.top.test' is in training mode, set the trainingMode parameter to false before checking in
Warning: '.top.test' is in training mode, set the trainingMode parameter to false before checking in
Warning: '.top.test' is in training mode, set the trainingMode parameter to false before checking in
Warning: '.BooleanSwitch_RegressionTest_WrongTrainingValues.Test' is in training mode, set the trainingMode parameter to false before checking in
Warning: '.BooleanSwitch_RegressionTest_WrongTrainingValues.Test2' is in training mode, set the trainingMode parameter to false before checking in
Warning: '.BooleanSwitch_RegressionTest_WrongTrainingValues.Test2' The test produced 0 tokens.
Warning: '.top.testExceptionHandler' is in training mode, set the trainingMode parameter to false before checking in
java.lang.RuntimeException: Execution failed
	at ptolemy.moml.MoMLSimpleApplication$UnloadThread.run(MoMLSimpleApplication.java:402)
Caused by: ptolemy.kernel.util.IllegalActionException: PublisherPorts cannot be used at the top level, use a Publisher actor instead.
  in .PublisherPortToplevelSubscriber.PublisherPort
	at ptolemy.actor.PublisherPort.preinitialize(PublisherPort.java:403)
	at ptolemy.actor.CompositeActor.preinitialize(CompositeActor.java:1769)
	at ptolemy.actor.Manager.preinitializeAndResolveTypes(Manager.java:1040)
	at ptolemy.actor.Manager.initialize(Manager.java:710)
	at ptolemy.actor.Manager.execute(Manager.java:356)
	at ptolemy.actor.Manager.run(Manager.java:1263)
	at ptolemy.actor.Manager$PtolemyRunThread.run(Manager.java:1915)
java.lang.reflect.InvocationTargetException
	at sun.reflect.NativeConstructorAccessorImpl.newInstance0(Native Method)
	at sun.reflect.NativeConstructorAccessorImpl.newInstance(NativeConstructorAccessorImpl.java:62)
	at sun.reflect.DelegatingConstructorAccessorImpl.newInstance(DelegatingConstructorAccessorImpl.java:45)
	at java.lang.reflect.Constructor.newInstance(Constructor.java:423)
	at ptolemy.util.test.junit.AutoKnownFailedTests.RunModel(AutoKnownFailedTests.java:105)
	at sun.reflect.NativeMethodAccessorImpl.invoke0(Native Method)
	at sun.reflect.NativeMethodAccessorImpl.invoke(NativeMethodAccessorImpl.java:62)
	at sun.reflect.DelegatingMethodAccessorImpl.invoke(DelegatingMethodAccessorImpl.java:43)
	at java.lang.reflect.Method.invoke(Method.java:498)
	at org.junit.runners.model.FrameworkMethod$1.runReflectiveCall(FrameworkMethod.java:44)
	at org.junit.internal.runners.model.ReflectiveCallable.run(ReflectiveCallable.java:15)
	at org.junit.runners.model.FrameworkMethod.invokeExplosively(FrameworkMethod.java:41)
	at junitparams.internal.InvokeParameterisedMethod.evaluate(InvokeParameterisedMethod.java:102)
	at org.junit.internal.runners.statements.FailOnTimeout$1.run(FailOnTimeout.java:28)
Caused by: ptolemy.kernel.util.IllegalActionException: PublisherPorts cannot be used at the top level, use a Publisher actor instead.
  in .PublisherPortToplevelSubscriber.PublisherPort
	at ptolemy.actor.PublisherPort.preinitialize(PublisherPort.java:403)
	at ptolemy.actor.CompositeActor.preinitialize(CompositeActor.java:1769)
	at ptolemy.actor.Manager.preinitializeAndResolveTypes(Manager.java:1040)
	at ptolemy.actor.Manager.initialize(Manager.java:710)
	at ptolemy.actor.Manager.execute(Manager.java:356)
	at ptolemy.actor.Manager.run(Manager.java:1263)
	at ptolemy.actor.Manager$PtolemyRunThread.run(Manager.java:1915)
java.lang.RuntimeException: Execution failed
	at ptolemy.moml.MoMLSimpleApplication$UnloadThread.run(MoMLSimpleApplication.java:402)
Caused by: ptolemy.kernel.util.IllegalActionException: SubscriberPorts cannot be used at the top level, use a Subscriber actor instead.
  in .PublisherSubscriberPortToplevel.SubscriberPort
	at ptolemy.actor.SubscriberPort.preinitialize(SubscriberPort.java:328)
	at ptolemy.actor.CompositeActor.preinitialize(CompositeActor.java:1769)
	at ptolemy.actor.Manager.preinitializeAndResolveTypes(Manager.java:1040)
	at ptolemy.actor.Manager.initialize(Manager.java:710)
	at ptolemy.actor.Manager.execute(Manager.java:356)
	at ptolemy.actor.Manager.run(Manager.java:1263)
	at ptolemy.actor.Manager$PtolemyRunThread.run(Manager.java:1915)
java.lang.reflect.InvocationTargetException
	at sun.reflect.NativeConstructorAccessorImpl.newInstance0(Native Method)
	at sun.reflect.NativeConstructorAccessorImpl.newInstance(NativeConstructorAccessorImpl.java:62)
	at sun.reflect.DelegatingConstructorAccessorImpl.newInstance(DelegatingConstructorAccessorImpl.java:45)
	at java.lang.reflect.Constructor.newInstance(Constructor.java:423)
	at ptolemy.util.test.junit.AutoKnownFailedTests.RunModel(AutoKnownFailedTests.java:105)
	at sun.reflect.NativeMethodAccessorImpl.invoke0(Native Method)
	at sun.reflect.NativeMethodAccessorImpl.invoke(NativeMethodAccessorImpl.java:62)
	at sun.reflect.DelegatingMethodAccessorImpl.invoke(DelegatingMethodAccessorImpl.java:43)
	at java.lang.reflect.Method.invoke(Method.java:498)
	at org.junit.runners.model.FrameworkMethod$1.runReflectiveCall(FrameworkMethod.java:44)
	at org.junit.internal.runners.model.ReflectiveCallable.run(ReflectiveCallable.java:15)
	at org.junit.runners.model.FrameworkMethod.invokeExplosively(FrameworkMethod.java:41)
	at junitparams.internal.InvokeParameterisedMethod.evaluate(InvokeParameterisedMethod.java:102)
	at org.junit.internal.runners.statements.FailOnTimeout$1.run(FailOnTimeout.java:28)
Caused by: ptolemy.kernel.util.IllegalActionException: SubscriberPorts cannot be used at the top level, use a Subscriber actor instead.
  in .PublisherSubscriberPortToplevel.SubscriberPort
	at ptolemy.actor.SubscriberPort.preinitialize(SubscriberPort.java:328)
	at ptolemy.actor.CompositeActor.preinitialize(CompositeActor.java:1769)
	at ptolemy.actor.Manager.preinitializeAndResolveTypes(Manager.java:1040)
	at ptolemy.actor.Manager.initialize(Manager.java:710)
	at ptolemy.actor.Manager.execute(Manager.java:356)
	at ptolemy.actor.Manager.run(Manager.java:1263)
	at ptolemy.actor.Manager$PtolemyRunThread.run(Manager.java:1915)
java.lang.RuntimeException: Execution failed
	at ptolemy.moml.MoMLSimpleApplication$UnloadThread.run(MoMLSimpleApplication.java:402)
Caused by: ptolemy.kernel.util.IllegalActionException: SubscriptionAggregatorPorts cannot be used at the top level, use a SubscriptionAggregator actor instead.
  in .PublisherSubscriptionAggregatorPort.SubscriptionAggregatorPort
	at ptolemy.actor.SubscriptionAggregatorPort.preinitialize(SubscriptionAggregatorPort.java:353)
	at ptolemy.actor.CompositeActor.preinitialize(CompositeActor.java:1769)
	at ptolemy.actor.Manager.preinitializeAndResolveTypes(Manager.java:1040)
	at ptolemy.actor.Manager.initialize(Manager.java:710)
	at ptolemy.actor.Manager.execute(Manager.java:356)
	at ptolemy.actor.Manager.run(Manager.java:1263)
	at ptolemy.actor.Manager$PtolemyRunThread.run(Manager.java:1915)
java.lang.reflect.InvocationTargetException
	at sun.reflect.NativeConstructorAccessorImpl.newInstance0(Native Method)
	at sun.reflect.NativeConstructorAccessorImpl.newInstance(NativeConstructorAccessorImpl.java:62)
	at sun.reflect.DelegatingConstructorAccessorImpl.newInstance(DelegatingConstructorAccessorImpl.java:45)
	at java.lang.reflect.Constructor.newInstance(Constructor.java:423)
	at ptolemy.util.test.junit.AutoKnownFailedTests.RunModel(AutoKnownFailedTests.java:105)
	at sun.reflect.NativeMethodAccessorImpl.invoke0(Native Method)
	at sun.reflect.NativeMethodAccessorImpl.invoke(NativeMethodAccessorImpl.java:62)
	at sun.reflect.DelegatingMethodAccessorImpl.invoke(DelegatingMethodAccessorImpl.java:43)
	at java.lang.reflect.Method.invoke(Method.java:498)
	at org.junit.runners.model.FrameworkMethod$1.runReflectiveCall(FrameworkMethod.java:44)
	at org.junit.internal.runners.model.ReflectiveCallable.run(ReflectiveCallable.java:15)
	at org.junit.runners.model.FrameworkMethod.invokeExplosively(FrameworkMethod.java:41)
	at junitparams.internal.InvokeParameterisedMethod.evaluate(InvokeParameterisedMethod.java:102)
	at org.junit.internal.runners.statements.FailOnTimeout$1.run(FailOnTimeout.java:28)
Caused by: ptolemy.kernel.util.IllegalActionException: SubscriptionAggregatorPorts cannot be used at the top level, use a SubscriptionAggregator actor instead.
  in .PublisherSubscriptionAggregatorPort.SubscriptionAggregatorPort
	at ptolemy.actor.SubscriptionAggregatorPort.preinitialize(SubscriptionAggregatorPort.java:353)
	at ptolemy.actor.CompositeActor.preinitialize(CompositeActor.java:1769)
	at ptolemy.actor.Manager.preinitializeAndResolveTypes(Manager.java:1040)
	at ptolemy.actor.Manager.initialize(Manager.java:710)
	at ptolemy.actor.Manager.execute(Manager.java:356)
	at ptolemy.actor.Manager.run(Manager.java:1263)
	at ptolemy.actor.Manager$PtolemyRunThread.run(Manager.java:1915)
java.lang.RuntimeException: Execution failed
	at ptolemy.moml.MoMLSimpleApplication$UnloadThread.run(MoMLSimpleApplication.java:402)
Caused by: ptolemy.kernel.util.IllegalActionException: TypeTest actor has no training data.
  in .sizedarray3.TypeTest
	at ptolemy.actor.lib.TypeTest.initialize(TypeTest.java:250)
	at ptolemy.actor.Director.initialize(Director.java:938)
	at ptolemy.actor.Director.initialize(Director.java:907)
	at ptolemy.actor.sched.StaticSchedulingDirector.initialize(StaticSchedulingDirector.java:159)
	at ptolemy.domains.sdf.kernel.SDFDirector.initialize(SDFDirector.java:544)
	at ptolemy.actor.CompositeActor.initialize(CompositeActor.java:935)
	at ptolemy.actor.Manager.initialize(Manager.java:724)
	at ptolemy.actor.Manager.execute(Manager.java:356)
	at ptolemy.actor.Manager.run(Manager.java:1263)
	at ptolemy.actor.Manager$PtolemyRunThread.run(Manager.java:1915)
java.lang.reflect.InvocationTargetException
	at sun.reflect.NativeConstructorAccessorImpl.newInstance0(Native Method)
	at sun.reflect.NativeConstructorAccessorImpl.newInstance(NativeConstructorAccessorImpl.java:62)
	at sun.reflect.DelegatingConstructorAccessorImpl.newInstance(DelegatingConstructorAccessorImpl.java:45)
	at java.lang.reflect.Constructor.newInstance(Constructor.java:423)
	at ptolemy.util.test.junit.AutoKnownFailedTests.RunModel(AutoKnownFailedTests.java:105)
	at sun.reflect.NativeMethodAccessorImpl.invoke0(Native Method)
	at sun.reflect.NativeMethodAccessorImpl.invoke(NativeMethodAccessorImpl.java:62)
	at sun.reflect.DelegatingMethodAccessorImpl.invoke(DelegatingMethodAccessorImpl.java:43)
	at java.lang.reflect.Method.invoke(Method.java:498)
	at org.junit.runners.model.FrameworkMethod$1.runReflectiveCall(FrameworkMethod.java:44)
	at org.junit.internal.runners.model.ReflectiveCallable.run(ReflectiveCallable.java:15)
	at org.junit.runners.model.FrameworkMethod.invokeExplosively(FrameworkMethod.java:41)
	at junitparams.internal.InvokeParameterisedMethod.evaluate(InvokeParameterisedMethod.java:102)
	at org.junit.internal.runners.statements.FailOnTimeout$1.run(FailOnTimeout.java:28)
Caused by: ptolemy.kernel.util.IllegalActionException: TypeTest actor has no training data.
  in .sizedarray3.TypeTest
	at ptolemy.actor.lib.TypeTest.initialize(TypeTest.java:250)
	at ptolemy.actor.Director.initialize(Director.java:938)
	at ptolemy.actor.Director.initialize(Director.java:907)
	at ptolemy.actor.sched.StaticSchedulingDirector.initialize(StaticSchedulingDirector.java:159)
	at ptolemy.domains.sdf.kernel.SDFDirector.initialize(SDFDirector.java:544)
	at ptolemy.actor.CompositeActor.initialize(CompositeActor.java:935)
	at ptolemy.actor.Manager.initialize(Manager.java:724)
	at ptolemy.actor.Manager.execute(Manager.java:356)
	at ptolemy.actor.Manager.run(Manager.java:1263)
	at ptolemy.actor.Manager$PtolemyRunThread.run(Manager.java:1915)
]]></system-err>
</testsuite>
