<?xml version="1.0" encoding="UTF-8" ?>
<testsuite errors="0" failures="0" hostname="travis-job-5be2cb1d-d8df-44c9-98ad-68ccdd2325f0" name="ptolemy.actor.lib.test.junit.JUnitTclTest" skipped="0" tests="517" time="59.259" timestamp="2020-05-10T14:20:07">
  <properties>
    <property name="npm.executable" value="npm" />
    <property name="env.TRAVIS_ROOT" value="/" />
    <property name="ptII.mk.exists" value="true" />
    <property name="env.TRAVIS_APP_HOST" value="build.travis-ci.org" />
    <property name="env.rvm_bin_path" value="/home/travis/.rvm/bin" />
    <property name="java.home" value="/usr/local/lib/jvm/openjdk11" />
    <property name="env.TRAVIS_JOB_NUMBER" value="1627.8" />
    <property name="env.TRAVIS_HOME" value="/home/travis" />
    <property name="env.DISPLAY" value=":99.0" />
    <property name="env.TRAVIS_INIT" value="systemd" />
    <property name="env.SSH_TTY" value="/dev/pts/0" />
    <property name="java.net.preferIPv4Stack" value="true" />
    <property name="env.RUN_TESTS" value="true" />
    <property name="timeout.short" value="1000000" />
    <property name="junit.formatter" value="xml" />
    <property name="env.TRAVIS_SUDO" value="true" />
    <property name="env.TRAVIS_JOB_NAME" value="" />
    <property name="env.TRAVIS_STACK_NODE_ATTRIBUTES" value="/.node-attributes.yml" />
    <property name="env.LOGNAME" value="travis" />
    <property name="env.PT_TRAVIS_TEST_CORE1_XML" value="true" />
    <property name="jsdoc.home" value="node_modules/@terraswarm/jsdoc" />
    <property name="debuglevel" value="source,lines,vars" />
    <property name="checkstyle.formatter" value="xml" />
    <property name="env._system_version" value="16.04" />
    <property name="bin.vergil.makeable" value="true" />
    <property name="sun.os.patch.level" value="unknown" />
    <property name="java.vendor.url" value="http://java.oracle.com/" />
    <property name="env.TRAVIS_BUILD_WEB_URL" value="https://travis-ci.org/icyphy/ptII/builds/685322343" />
    <property name="java.version" value="11.0.2" />
    <property name="env.TZ" value="UTC" />
    <property name="env.TRAVIS_PULL_REQUEST_SHA" value="" />
    <property name="env.PT_NO_NET" value="true" />
    <property name="env.TRAVIS_SECURE_ENV_VARS" value="true" />
    <property name="env._system_type" value="Linux" />
    <property name="java.vendor.url.bug" value="http://bugreport.java.com/bugreport/" />
    <property name="npmjs-org-is-up" value="true" />
    <property name="env.LANGUAGE" value="en_US.UTF-8" />
    <property name="env.SSH_CLIENT" value="10.44.0.96 45426 22" />
    <property name="env.GEM_HOME" value="/home/travis/.rvm/gems/ruby-2.5.3" />
    <property name="env.HAS_ANTARES_THREE_LITTLE_FRONZIES_BADGE" value="true" />
    <property name="java.version.date" value="2019-01-15" />
    <property name="env.PS4" value="+" />
    <property name="ant.project.invoked-targets" value="build,test.core1.xml" />
    <property name="env.TRAVIS_PULL_REQUEST_BRANCH" value="" />
    <property name="env.TRAVIS_REPO_SLUG" value="icyphy/ptII" />
    <property name="env.XDG_DATA_DIRS" value="/usr/local/share:/usr/share:/var/lib/snapd/desktop" />
    <property name="jdk.debug" value="release" />
    <property name="env.TRAVIS_APT_PROXY" value="http://build-cache.travisci.net" />
    <property name="env.TRAVIS_CPU_ARCH" value="amd64" />
    <property name="node.in.path" value="true" />
    <property name="user.name" value="travis" />
    <property name="java.maxmemory" value="1400m" />
    <property name="env.RUBY_VERSION" value="ruby-2.5.3" />
    <property name="env.LANG" value="en_US.UTF-8" />
    <property name="sun.io.unicode.encoding" value="UnicodeLittle" />
    <property name="sun.jnu.encoding" value="UTF-8" />
    <property name="java.runtime.name" value="OpenJDK Runtime Environment" />
    <property name="usefile" value="false" />
    <property name="return.code" value="0" />
    <property name="junit.single.formatter" value="plain" />
    <property name="env.DYLD_LIBRARY_PATH" value="/home/travis/pthla/certi-tools/lib:" />
    <property name="env.DEBIAN_FRONTEND" value="noninteractive" />
    <property name="env.SSH_CONNECTION" value="10.44.0.96 45426 10.20.0.142 22" />
    <property name="env.MYSQL_UNIX_PORT" value="/var/run/mysqld/mysqld.sock" />
    <property name="env.LC_ALL" value="en_US.UTF-8" />
    <property name="env.TRAVIS_ALLOW_FAILURE" value="" />
    <property name="env.TRAVIS_JOB_WEB_URL" value="https://travis-ci.org/icyphy/ptII/jobs/685322352" />
    <property name="java.specification.name" value="Java Platform API Specification" />
    <property name="node.works" value="true" />
    <property name="user.timezone" value="" />
    <property name="path.separator" value=":" />
    <property name="env.TRAVIS_ENABLE_INFRA_DETECTION" value="true" />
    <property name="env.PYTHON_CFLAGS" value="-g -fstack-protector --param=ssp-buffer-size=4 -Wformat -Werror=format-security" />
    <property name="timeout.long" value="4000000" />
    <property name="env.CERTI_HOME" value="/home/travis/pthla/certi-tools" />
    <property name="ant.file.ptII" value="/home/travis/build/icyphy/ptII/build.xml" />
    <property name="javadoc.packagenames" value="com.*,diva.*,lbnl.*,org.hlacerti.*,org.json.*,org.ptolemy.*,org.terraswarm.*,ptolemy.*,ptserver.*" />
    <property name="file.encoding" value="UTF-8" />
    <property name="env.TRAVIS_PULL_REQUEST_SLUG" value="" />
    <property name="ant.project.default-target" value="build" />
    <property name="env.GIT_ASKPASS" value="echo" />
    <property name="env.HOME" value="/home/travis" />
    <property name="sun.java.command" value="org.apache.tools.ant.taskdefs.optional.junit.JUnitTestRunner ptolemy.actor.lib.test.junit.JUnitTclTest skipNonTests=false filtertrace=true haltOnError=false haltOnFailure=false formatter=org.apache.tools.ant.taskdefs.optional.junit.OutErrSummaryJUnitResultFormatter showoutput=true outputtoformatters=true logfailedtests=true threadid=0 logtestlistenerevents=false formatter=org.apache.tools.ant.taskdefs.optional.junit.XMLJUnitResultFormatter,/home/travis/build/icyphy/ptII/reports/junit/TEST-ptolemy.actor.lib.test.junit.JUnitTclTest.xml crashfile=/home/travis/build/icyphy/ptII/junitvmwatcher5302120735461824270.properties propsfile=/home/travis/build/icyphy/ptII/junit2600956640689853530.properties" />
    <property name="env.COMPOSER_NO_INTERACTION" value="1" />
    <property name="env.MANPATH" value="/home/travis/.nvm/versions/node/v7.10.1/share/man:/home/travis/.rvm/rubies/ruby-2.5.3/share/man:/usr/local/cmake-3.12.4/man:/usr/local/clang-7.0.0/share/man:/usr/local/man:/usr/local/share/man:/usr/share/man:/home/travis/.rvm/man" />
    <property name="env.TRAVIS_TIMER_ID" value="0720da8e" />
    <property name="ant.file" value="/home/travis/build/icyphy/ptII/build.xml" />
    <property name="env.TRAVIS_COMMIT_RANGE" value="3e950cfe0f3c004454147d0a7dfedd7f8d8e77cc...52bfcaaec950ad6b43d11ffdb9cd3f924b0c1f76" />
    <property name="env._system_name" value="Ubuntu" />
    <property name="ptII.classpath.optional.property" value="/home/travis/build/icyphy/ptII/lib/bsh-2.0b4.jar:/home/travis/build/icyphy/ptII/lib/ptCal.jar:/home/travis/build/icyphy/ptII/lib/java_cup.jar:/home/travis/build/icyphy/ptII/lib/saxon8.jar:/home/travis/build/icyphy/ptII/lib/saxon8-dom.jar:/home/travis/build/icyphy/ptII/lib/chic.jar:/home/travis/build/icyphy/ptII/lib/ptcolt.jar:/home/travis/build/icyphy/ptII/vendors/misc/itext/iText.jar:/home/travis/build/icyphy/ptII/lib/g4ltl.jar:/home/travis/build/icyphy/ptII/lib/StructuralCoder.jar:/home/travis/build/icyphy/ptII/lib/jcerti.jar:/home/travis/build/icyphy/ptII/lib/javax.mail.jar:/home/travis/build/icyphy/ptII/vendors/JMF-2.1.1e/lib/jmf.jar:/home/travis/build/icyphy/ptII/lib/jna-4.0.0-variadic.jar:/home/travis/build/icyphy/ptII/vendors/misc/joystick/Joystick.jar:/home/travis/build/icyphy/ptII/lib/ptjacl.jar:/home/travis/build/icyphy/ptII/lib/jsoup-1.8.2.jar:/home/travis/build/icyphy/ptII/lib/junit-4.8.2.jar:/home/travis/build/icyphy/ptII/lib/JUnitParams-0.4.0.jar:/home/travis/build/icyphy/ptII/ptolemy/actor/lib/excel/jxl.jar:/home/travis/build/icyphy/ptII/lib/jython.jar:/home/travis/build/icyphy/ptII/lib/kieler.jar:/home/travis/build/icyphy/ptII/vendors/opencv/share/OpenCV/java/opencv-341.jar:/home/travis/build/icyphy/ptII/lib/oscP5.jar:/home/travis/build/icyphy/ptII/lib/nrjavaserial-3.11.0.devel.jar:/home/travis/build/icyphy/ptII/vendors/j3d/lib/Linux/j3dcore.jar:/home/travis/build/icyphy/ptII/vendors/j3d/lib/Linux/j3dutils.jar:/home/travis/build/icyphy/ptII/vendors/j3d/lib/Linux/vecmath.jar:/home/travis/build/icyphy/ptII/vendors/jogl/lib/Linux/gluegen-rt-natives-linux-amd64.jar:/home/travis/build/icyphy/ptII/vendors/jogl/lib/Linux/gluegen-rt.jar:/home/travis/build/icyphy/ptII/vendors/jogl/lib/Linux/jogl-all-natives-linux-amd64.jar:/home/travis/build/icyphy/ptII/vendors/jogl/lib/Linux/jogl-all.jar:/home/travis/build/icyphy/ptII/ptolemy/distributed/jini/jar/jini-core.jar:/home/travis/build/icyphy/ptII/ptolemy/distributed/jini/jar/jini-ext.jar:/home/travis/build/icyphy/ptII/ptolemy/distributed/jini/jar/sun-util.jar:/home/travis/build/icyphy/ptII/lib/protobuf-java-2.4.1.jar:/home/travis/build/icyphy/ptII/lib/org.eclipse.paho.client.mqttv3.jar:/home/travis/build/icyphy/ptII/lib/mapss.jar:/home/travis/build/icyphy/ptII/ptolemy/actor/ptalon/antlr/antlr.jar:/home/travis/build/icyphy/ptII/lib/JRI.jar:/home/travis/build/icyphy/ptII/lib/commons-lang-2.6.jar:/home/travis/build/icyphy/ptII/lib/commons-logging-1.1.1.jar:/home/travis/build/icyphy/ptII/lib/sootclasses.jar:/home/travis/build/icyphy/ptII/ptolemy/actor/lib/database/mysql-connector-java-5.1.6-bin.jar:/home/travis/build/icyphy/ptII/vendors/misc/sphinx4/sphinx4-data-5prealpha.jar:/home/travis/build/icyphy/ptII/vendors/misc/sphinx4/sphinx4-core-5prealpha.jar:/home/travis/build/icyphy/ptII/lib/PDFRenderer.jar:/home/travis/build/icyphy/ptII/lib/svgSalamander.jar:/home/travis/build/icyphy/ptII/lib/rsyntaxtextarea-2.6.0-SNAPSHOT.jar:/home/travis/build/icyphy/ptII/lib/hazelcast-3.8.2.jar:/home/travis/build/icyphy/ptII/lib/jackson-annotations-2.9.0.jar:/home/travis/build/icyphy/ptII/lib/jackson-core-2.9.3.jar:/home/travis/build/icyphy/ptII/lib/jackson-databind-2.9.3.jar:/home/travis/build/icyphy/ptII/lib/netty-buffer-4.1.19.Final.jar:/home/travis/build/icyphy/ptII/lib/netty-codec-4.1.19.Final.jar:/home/travis/build/icyphy/ptII/lib/netty-codec-dns-4.1.19.Final.jar:/home/travis/build/icyphy/ptII/lib/netty-codec-http-4.1.19.Final.jar:/home/travis/build/icyphy/ptII/lib/netty-codec-http2-4.1.19.Final.jar:/home/travis/build/icyphy/ptII/lib/netty-common-4.1.19.Final.jar:/home/travis/build/icyphy/ptII/lib/netty-handler-4.1.19.Final.jar:/home/travis/build/icyphy/ptII/lib/netty-resolver-4.1.19.Final.jar:/home/travis/build/icyphy/ptII/lib/netty-resolver-dns-4.1.19.Final.jar:/home/travis/build/icyphy/ptII/lib/netty-transport-4.1.19.Final.jar:/home/travis/build/icyphy/ptII/lib/vertx-codegen-3.5.1.jar:/home/travis/build/icyphy/ptII/lib/vertx-core-3.5.2-SNAPSHOT.jar:/home/travis/build/icyphy/ptII/lib/vertx-hazelcast-3.5.1.jar:/home/travis/build/icyphy/ptII/lib/vertx-lang-js-3.5.1.jar:/home/travis/build/icyphy/ptII/lib/vertx-service-proxy-3.5.1.jar:/home/travis/build/icyphy/ptII/lib/vertx-web-3.5.1.jar:/home/travis/build/icyphy/ptII/lib/slf4j-api-1.7.13.jar:/home/travis/build/icyphy/ptII/lib/slf4j-simple-1.7.13.jar:/home/travis/build/icyphy/ptII/lib/webcam-capture-0.3.12.jar:/home/travis/build/icyphy/ptII/lib/bridj-0.7.0.jar:/home/travis/build/icyphy/ptII/lib/xbjlib-1.1.0.nrjavaserial.jar" />
    <property name="timeout" value="2400000" />
    <property name="test.batch" value="**/junit/*.java" />
    <property name="env._" value="/usr/bin/timeout" />
    <property name="java.io.tmpdir" value="/tmp" />
    <property name="user.language" value="en" />
    <property name="env.TRAVIS_INTERNAL_RUBY_REGEX" value="^ruby-(2\.[0-4]\.[0-9]|1\.9\.3)" />
    <property name="env.HISTCONTROL" value="ignoredups:ignorespace" />
    <property name="env.GOROOT" value="/home/travis/.gimme/versions/go1.11.1.linux.amd64" />
    <property name="line.separator" value="&#xa;" />
    <property name="target" value="11" />
    <property name="env.TRAVIS_BUILD_DIR" value="/home/travis/build/icyphy/ptII" />
    <property name="env.ANT_OPTS" value="-Xmx2048m" />
    <property name="ant.file.type" value="file" />
    <property name="ptolemy.ptII.batchMode" value="true" />
    <property name="env.HISTSIZE" value="1000" />
    <property name="env.MERB_ENV" value="test" />
    <property name="java.vm.info" value="mixed mode" />
    <property name="source" value="11" />
    <property name="java.vm.specification.name" value="Java Virtual Machine Specification" />
    <property name="env.TRAVIS_TEST_RESULT" value="0" />
    <property name="jsdoc.command" value="node_modules/@terraswarm/jsdoc/jsdoc.js" />
    <property name="npm.works" value="true" />
    <property name="cobertura.dir" value="/home/travis/build/icyphy/ptII/vendors/cobertura-2.0.3" />
    <property name="jsdoc.command.exists" value="true" />
    <property name="env.rvm_path" value="/home/travis/.rvm" />
    <property name="env.GEM_PATH" value="/home/travis/.rvm/gems/ruby-2.5.3:/home/travis/.rvm/gems/ruby-2.5.3@global" />
    <property name="env.LC_CTYPE" value="en_US.UTF-8" />
    <property name="env.TRAVIS_CMD" value="$PTII/bin/ptIITravisBuild.sh $SECONDS" />
    <property name="java.awt.printerjob" value="sun.print.PSPrinterJob" />
    <property name="env.TRAVIS_STACK_NAME" value="sardonyx" />
    <property name="env.TRAVIS_TIMER_START_TIME" value="1589119830032169203" />
    <property name="ant.version" value="Apache Ant(TM) version 1.10.1 compiled on February 2 2017" />
    <property name="ptII.reports" value="/home/travis/build/icyphy/ptII/reports" />
    <property name="env.TRAVIS_STACK_TIMESTAMP" value="2019-03-25 16:16:56 UTC" />
    <property name="ant.file.type.ptII" value="file" />
    <property name="env.RBENV_SHELL" value="bash" />
    <property name="os.name" value="Linux" />
    <property name="java.specification.vendor" value="Oracle Corporation" />
    <property name="env.rvm_version" value="1.29.7 (latest)" />
    <property name="env.TRAVIS_INFRA" value="unknown" />
    <property name="env.TERM" value="xterm" />
    <property name="java.vm.name" value="OpenJDK 64-Bit Server VM" />
    <property name="env.TRAVIS_BUILD_NUMBER" value="1627" />
    <property name="env.CI" value="true" />
    <property name="java.library.path" value="/home/travis/pthla/certi-tools/lib:/usr/lib/jni:/usr/local/share/OpenCV/java/:/usr/share/OpenCV/java::/usr/java/packages/lib:/usr/lib64:/lib64:/lib:/usr/lib" />
    <property name="jdk.module.path" value="/home/travis/build/icyphy/ptII/vendors/javafx/javafx-sdk-11.0.2/lib:" />
    <property name="env.rvm_prefix" value="/home/travis" />
    <property name="env.PATH" value="/home/travis/pthla/certi-tools/share/scripts:/home/travis/.rvm/gems/ruby-2.5.3/bin:/home/travis/.rvm/gems/ruby-2.5.3@global/bin:/home/travis/.rvm/rubies/ruby-2.5.3/bin:/home/travis/.rvm/bin:/home/travis/.nvm/versions/node/v7.10.1/bin:./node_modules/.bin:/home/travis/build/icyphy/ptII/bin:/home/travis/pthla/certi-tools/bin:/home/travis/bin:/home/travis/.local/bin:/usr/local/lib/jvm/openjdk11/bin:/opt/pyenv/shims:/home/travis/.phpenv/shims:/home/travis/perl5/perlbrew/bin:/home/travis/gopath/bin:/home/travis/.gimme/versions/go1.11.1.linux.amd64/bin:/usr/local/maven-3.6.0/bin:/usr/local/cmake-3.12.4/bin:/usr/local/clang-7.0.0/bin:/usr/local/sbin:/usr/local/bin:/usr/sbin:/usr/bin:/sbin:/bin:/snap/bin:/home/travis/.phpenv/bin:/opt/pyenv/bin:/home/travis/.yarn/bin" />
    <property name="env.TRAVIS_OS_NAME" value="linux" />
    <property name="ant.java.version" value="9" />
    <property name="basedir" value="/home/travis/build/icyphy/ptII" />
    <property name="java.class.version" value="55.0" />
    <property name="env.SHLVL" value="3" />
    <property name="env.LD_LIBRARY_PATH" value="/home/travis/pthla/certi-tools/lib:/usr/lib/jni:/usr/local/share/OpenCV/java/:/usr/share/OpenCV/java:" />
    <property name="env.RACK_ENV" value="test" />
    <property name="ant.home" value="/home/travis/build/icyphy/ptII/ant" />
    <property name="env.NVM_DIR" value="/home/travis/.nvm" />
    <property name="env.CERTI_FOM_PATH" value="/home/travis/pthla/certi-tools/share/federations" />
    <property name="env.TRAVIS_BUILD_ID" value="685322343" />
    <property name="env.PYENV_ROOT" value="/opt/pyenv" />
    <property name="env.TRAVIS_UID" value="2000" />
    <property name="prism.verbose" value="true" />
    <property name="env.NVM_BIN" value="/home/travis/.nvm/versions/node/v7.10.1/bin" />
    <property name="env.TRAVIS_COMMIT" value="52bfcaaec950ad6b43d11ffdb9cd3f924b0c1f76" />
    <property name="env._system_arch" value="x86_64" />
    <property name="node.executable" value="node" />
    <property name="sun.boot.library.path" value="/usr/local/lib/jvm/openjdk11/lib" />
    <property name="sun.management.compiler" value="HotSpot 64-Bit Tiered Compilers" />
    <property name="java.awt.graphicsenv" value="sun.awt.X11GraphicsEnvironment" />
    <property name="env.GOPATH" value="/home/travis/gopath" />
    <property name="ptolemy.ptII.dir" value="/home/travis/build/icyphy/ptII" />
    <property name="env.USER" value="travis" />
    <property name="env.HISTFILESIZE" value="2000" />
    <property name="env.NVM_INC" value="/home/travis/.nvm/versions/node/v7.10.1/include/node" />
    <property name="timeout.longest" value="19000000" />
    <property name="env.PERLBREW_SHELLRC_VERSION" value="0.86" />
    <property name="env.TRAVIS_STACK_FEATURES" value="basic couchdb disabled-ipv6 docker docker-compose elasticsearch firefox go-toolchain google-chrome jdk memcached mongodb mysql nodejs_interpreter perl_interpreter perlbrew phantomjs postgresql python_interpreter redis ruby_interpreter sqlite xserver" />
    <property name="env.TRAVIS_PULL_REQUEST" value="false" />
    <property name="env.PYENV_SHELL" value="bash" />
    <property name="ant.project.name" value="ptII" />
    <property name="env.ANSI_RESET" value="\033[0m" />
    <property name="java.vm.specification.version" value="11" />
    <property name="env.TRAVIS_DIST" value="xenial" />
    <property name="env.CERTI_VERSION" value="4.0.0" />
    <property name="env.CERTI_HOST" value="localhost" />
    <property name="awt.toolkit" value="sun.awt.X11.XToolkit" />
    <property name="env.MY_RUBY_HOME" value="/home/travis/.rvm/rubies/ruby-2.5.3" />
    <property name="sun.cpu.isalist" value="" />
    <property name="env.TRAVIS_TMPDIR" value="/tmp/tmp.75RkVnNOg4" />
    <property name="java.vm.compressedOopsMode" value="Zero based" />
    <property name="os.version" value="4.15.0-1028-gcp" />
    <property name="user.home" value="/home/travis" />
    <property name="java.vm.vendor" value="Oracle Corporation" />
    <property name="env.TRAVIS_TAG" value="nightly" />
    <property name="env.ANSI_YELLOW" value="\033[33;1m" />
    <property name="env.TRAVIS_FILTERED" value="redirect_io" />
    <property name="env.ANSI_GREEN" value="\033[32;1m" />
    <property name="env.JAVA_HOME" value="/usr/local/lib/jvm/openjdk11" />
    <property name="javadoc.excludepackagenames" value="adm.cvs2svn.*,build.*,config.*,doc.coding.templates.*,jni.test.jni.meaningOfLife.*,jni.test.jni.testDeux.*,jni.test.jni.testTrois.*,org.terraswarm.accessor.accessors.web.node_modules.*,org.terraswarm.accessor.accessors.web.hosts.cordova.demo.*,org.terraswarm.accessor.accessors.web.hosts.cordova.plugins.*,org.terraswarm.accessor.accessors-svn.*,pt-modules.*,ptolemy.apps.agilent.*,ptolemy.apps.anytimecontrol.*,ptolemy.apps.apes.*,ptolemy.apps.charon.*,ptolemy.apps.crazyboard.*,ptolemy.apps.eclipse.*,ptolemy.apps.etherealSting.*,ptolemy.apps.fullscreen.*,ptolemy.apps.giotto.*,ptolemy.apps.ia.*,ptolemy.apps.interfaces.*,ptolemy.apps.jmf.*,ptolemy.apps.kurt.*,ptolemy.apps.kvm.*,ptolemy.apps.lego.*,ptolemy.apps.lejos.*,ptolemy.apps.midp.*,ptolemy.apps.mobileCoding.*,ptolemy.apps.pendulum.*,ptolemy.apps.rijndael.*,ptolemy.apps.robot.*,ptolemy.apps.security.*,ptolemy.apps.sobel.*,ptolemy.apps.soot.*,ptolemy.apps.throttle.*,ptolemy.apps.tini.*,ptolemy.apps.transmission.*,ptolemy.apps.vergil.*,ptolemy.apps.waba.*,ptolemy.apps.websensor.*,ptolemy.apps.webstart.*,ptolemy.apps.xsl.*,ptolemy.apps.zaurus.*,ptolemy.codegen.c.actor.lib.oldJavaFiles.*,ptolemy.codegen.dsp.lib.*,ptolemy.codegen.kernel.newInterfaces.*,ptolemy.codegen.lib.*,ptolemy.copernicus.kernel.fragment.*,ptolemy.copernicus.shallow.cg.*,ptolemy.domains.giotto.demo.Hierarchy.Hierarchy.*,ptolemy.domains.giotto.demo.Multimode.Multimode.*,ptolemy.domains.giotto.demo.Simple.Simple.*,ptolemy.domains.gr.lib.experimental.*,ptolemy.domains.gro.*,ptolemy.domains.pdf.*,ptolemy.domains.ptinyos.demo.Surge.output.*,ptolemy.moml.test.NoPackageActor.java*,ptolemy.plot.adm.*,ptolemy.plot.servlet.*,reports.*,signed.*,src.*,target.*,vendors.*,ptolemy.copernicus.applet.*,ptolemy.media.viewer.*,ptolemy.actor.corba.*,doc.doclets.*,ptolemy.apps.eclipse.awt.*,ptolemy.backtrack.*,ptolemy.backtrack.ast.*,ptolemy.cg.adapter.generic.program.procedural.c.mbed*,ptolemy.homer.*,ptolemy.actor.lib.jai.*,org.ptolemy.scala.*,diva.util.java2d.svg.*,ptolemy.domains.ptinyos.*,ptolemy.actor.lib.fmi.fmipp.*,,org.terraswarm.accessor.accessors.web.node_modules.*,org.terraswarm.accessor.accessors-svn,ptolemy.apps.*,ptolemy.actor.ptalon.demo.ptinyos.SendAndReceiveCnt.output,ptolemy.actor.ptalon.demo.ptinyos.SenseToLeds.output,ptolemy.domains.ptinyos.demo.CntToLedsAndRfm.output,ptolemy.domains.ptinyos.demo.RfmToLeds.output,ptolemy.domains.ptinyos.demo.SendAndReceiveCnt.output,ptolemy.domains.ptinyos.demo.SenseToLeds.output,ptolemy.actor.lib.jjs.modules.udpSocket.*" />
    <property name="env.PTII" value="/home/travis/build/icyphy/ptII" />
    <property name="env.XDG_SESSION_ID" value="2" />
    <property name="keystore" value="ptKeystore" />
    <property name="env.TRAVIS_COMMIT_MESSAGE" value="Updating models using array data type." />
    <property name="junit.output.dir" value="/home/travis/build/icyphy/ptII/reports/junit" />
    <property name="npm.return.code" value="0" />
    <property name="user.dir" value="/home/travis/build/icyphy/ptII/ptolemy/actor/lib/test" />
    <property name="env.TRAVIS_NODE_VERSION" value="7" />
    <property name="env.TRAVIS_EVENT_TYPE" value="cron" />
    <property name="env.MAIL" value="/var/mail/travis" />
    <property name="env.PERLBREW_ROOT" value="/home/travis/perl5/perlbrew" />
    <property name="env.PWD" value="/home/travis/build/icyphy/ptII" />
    <property name="timeout.npm" value="45000" />
    <property name="env.TRAVIS_ARCH" value="amd64" />
    <property name="sun.cpu.endian" value="little" />
    <property name="env.PAGER" value="cat" />
    <property name="env.TRAVIS_BUILD_STAGE_NAME" value="test" />
    <property name="env.PERLBREW_HOME" value="/home/travis/.perlbrew" />
    <property name="java.vm.version" value="11.0.2+9" />
    <property name="env.RAILS_ENV" value="test" />
    <property name="java.class.path" value="/home/travis/.ptolemyII:/home/travis/.ptolemyII/*:/home/travis/build/icyphy/ptII:/home/travis/build/icyphy/ptII/lib/bsh-2.0b4.jar:/home/travis/build/icyphy/ptII/lib/ptCal.jar:/home/travis/build/icyphy/ptII/lib/java_cup.jar:/home/travis/build/icyphy/ptII/lib/saxon8.jar:/home/travis/build/icyphy/ptII/lib/saxon8-dom.jar:/home/travis/build/icyphy/ptII/lib/chic.jar:/home/travis/build/icyphy/ptII/lib/ptcolt.jar:/home/travis/build/icyphy/ptII/vendors/misc/itext/iText.jar:/home/travis/build/icyphy/ptII/lib/g4ltl.jar:/home/travis/build/icyphy/ptII/lib/StructuralCoder.jar:/home/travis/build/icyphy/ptII/lib/jcerti.jar:/home/travis/build/icyphy/ptII/lib/javax.mail.jar:/home/travis/build/icyphy/ptII/vendors/JMF-2.1.1e/lib/jmf.jar:/home/travis/build/icyphy/ptII/lib/jna-4.0.0-variadic.jar:/home/travis/build/icyphy/ptII/vendors/misc/joystick/Joystick.jar:/home/travis/build/icyphy/ptII/lib/ptjacl.jar:/home/travis/build/icyphy/ptII/lib/jsoup-1.8.2.jar:/home/travis/build/icyphy/ptII/lib/junit-4.8.2.jar:/home/travis/build/icyphy/ptII/lib/JUnitParams-0.4.0.jar:/home/travis/build/icyphy/ptII/ptolemy/actor/lib/excel/jxl.jar:/home/travis/build/icyphy/ptII/lib/jython.jar:/home/travis/build/icyphy/ptII/lib/kieler.jar:/home/travis/build/icyphy/ptII/vendors/opencv/share/OpenCV/java/opencv-341.jar:/home/travis/build/icyphy/ptII/lib/oscP5.jar:/home/travis/build/icyphy/ptII/lib/nrjavaserial-3.11.0.devel.jar:/home/travis/build/icyphy/ptII/vendors/j3d/lib/Linux/j3dcore.jar:/home/travis/build/icyphy/ptII/vendors/j3d/lib/Linux/j3dutils.jar:/home/travis/build/icyphy/ptII/vendors/j3d/lib/Linux/vecmath.jar:/home/travis/build/icyphy/ptII/vendors/jogl/lib/Linux/gluegen-rt-natives-linux-amd64.jar:/home/travis/build/icyphy/ptII/vendors/jogl/lib/Linux/gluegen-rt.jar:/home/travis/build/icyphy/ptII/vendors/jogl/lib/Linux/jogl-all-natives-linux-amd64.jar:/home/travis/build/icyphy/ptII/vendors/jogl/lib/Linux/jogl-all.jar:/home/travis/build/icyphy/ptII/ptolemy/distributed/jini/jar/jini-core.jar:/home/travis/build/icyphy/ptII/ptolemy/distributed/jini/jar/jini-ext.jar:/home/travis/build/icyphy/ptII/ptolemy/distributed/jini/jar/sun-util.jar:/home/travis/build/icyphy/ptII/lib/protobuf-java-2.4.1.jar:/home/travis/build/icyphy/ptII/lib/org.eclipse.paho.client.mqttv3.jar:/home/travis/build/icyphy/ptII/lib/mapss.jar:/home/travis/build/icyphy/ptII/ptolemy/actor/ptalon/antlr/antlr.jar:/home/travis/build/icyphy/ptII/lib/JRI.jar:/home/travis/build/icyphy/ptII/lib/commons-lang-2.6.jar:/home/travis/build/icyphy/ptII/lib/commons-logging-1.1.1.jar:/home/travis/build/icyphy/ptII/lib/sootclasses.jar:/home/travis/build/icyphy/ptII/ptolemy/actor/lib/database/mysql-connector-java-5.1.6-bin.jar:/home/travis/build/icyphy/ptII/vendors/misc/sphinx4/sphinx4-data-5prealpha.jar:/home/travis/build/icyphy/ptII/vendors/misc/sphinx4/sphinx4-core-5prealpha.jar:/home/travis/build/icyphy/ptII/lib/PDFRenderer.jar:/home/travis/build/icyphy/ptII/lib/svgSalamander.jar:/home/travis/build/icyphy/ptII/lib/rsyntaxtextarea-2.6.0-SNAPSHOT.jar:/home/travis/build/icyphy/ptII/lib/hazelcast-3.8.2.jar:/home/travis/build/icyphy/ptII/lib/jackson-annotations-2.9.0.jar:/home/travis/build/icyphy/ptII/lib/jackson-core-2.9.3.jar:/home/travis/build/icyphy/ptII/lib/jackson-databind-2.9.3.jar:/home/travis/build/icyphy/ptII/lib/netty-buffer-4.1.19.Final.jar:/home/travis/build/icyphy/ptII/lib/netty-codec-4.1.19.Final.jar:/home/travis/build/icyphy/ptII/lib/netty-codec-dns-4.1.19.Final.jar:/home/travis/build/icyphy/ptII/lib/netty-codec-http-4.1.19.Final.jar:/home/travis/build/icyphy/ptII/lib/netty-codec-http2-4.1.19.Final.jar:/home/travis/build/icyphy/ptII/lib/netty-common-4.1.19.Final.jar:/home/travis/build/icyphy/ptII/lib/netty-handler-4.1.19.Final.jar:/home/travis/build/icyphy/ptII/lib/netty-resolver-4.1.19.Final.jar:/home/travis/build/icyphy/ptII/lib/netty-resolver-dns-4.1.19.Final.jar:/home/travis/build/icyphy/ptII/lib/netty-transport-4.1.19.Final.jar:/home/travis/build/icyphy/ptII/lib/vertx-codegen-3.5.1.jar:/home/travis/build/icyphy/ptII/lib/vertx-core-3.5.2-SNAPSHOT.jar:/home/travis/build/icyphy/ptII/lib/vertx-hazelcast-3.5.1.jar:/home/travis/build/icyphy/ptII/lib/vertx-lang-js-3.5.1.jar:/home/travis/build/icyphy/ptII/lib/vertx-service-proxy-3.5.1.jar:/home/travis/build/icyphy/ptII/lib/vertx-web-3.5.1.jar:/home/travis/build/icyphy/ptII/lib/slf4j-api-1.7.13.jar:/home/travis/build/icyphy/ptII/lib/slf4j-simple-1.7.13.jar:/home/travis/build/icyphy/ptII/lib/webcam-capture-0.3.12.jar:/home/travis/build/icyphy/ptII/lib/bridj-0.7.0.jar:/home/travis/build/icyphy/ptII/lib/xbjlib-1.1.0.nrjavaserial.jar:/home/travis/build/icyphy/ptII/ptolemy/moml/test:/home/travis/build/icyphy/ptII/ant/lib/ant-launcher.jar:/home/travis/build/icyphy/ptII/ant/lib/ant.jar:/home/travis/build/icyphy/ptII/ant/lib/ant-junit.jar:/home/travis/build/icyphy/ptII/ant/lib/ant-junit4.jar" />
    <property name="ant.library.dir" value="/home/travis/build/icyphy/ptII/ant/lib" />
    <property name="os.arch" value="amd64" />
    <property name="env.CONTINUOUS_INTEGRATION" value="true" />
    <property name="env.TRAVIS_LANGUAGE" value="node_js" />
    <property name="env.TRAVIS_STACK_LANGUAGES" value="__sardonyx__ c c++ clojure cplusplus cpp default generic go groovy java node_js php pure_java python ruby scala" />
    <property name="test.name" value="ptolemy.actor.lib.test.junit.JUnitTclTest" />
    <property name="env.APT_KEY_DONT_WARN_ON_DANGEROUS_USAGE" value="1" />
    <property name="sun.java.launcher" value="SUN_STANDARD" />
    <property name="env.PYTHON_CONFIGURE_OPTS" value="--enable-unicode=ucs4 --with-wide-unicode --enable-shared --enable-ipv6 --enable-loadable-sqlite-extensions --with-computed-gotos" />
    <property name="ant.core.lib" value="/home/travis/build/icyphy/ptII/ant/lib/ant.jar" />
    <property name="java.vm.specification.vendor" value="Oracle Corporation" />
    <property name="env.BCVTB_HOME" value="/home/travis/build/icyphy/ptII/lbnl" />
    <property name="file.separator" value="/" />
    <property name="spotbugs.home" value="/home/travis/build/icyphy/ptII/vendors/spotbugs-3.1.1" />
    <property name="java.runtime.version" value="11.0.2+9" />
    <property name="env.ANSI_CLEAR" value="\033[0K" />
    <property name="javafx.verbose" value="true" />
    <property name="env.HAS_JOSH_K_SEAL_OF_APPROVAL" value="true" />
    <property name="env.XDG_RUNTIME_DIR" value="/run/user/2000" />
    <property name="env.TRAVIS_OSX_IMAGE" value="" />
    <property name="env.TRAVIS_JOB_ID" value="685322352" />
    <property name="env.TRAVIS_BRANCH" value="master" />
    <property name="user.country" value="US" />
    <property name="env.CERTI_HOME_TRAVIS" value="/home/travis/pthla/certi-tools" />
    <property name="env.SHELL" value="/bin/bash" />
    <property name="java.maxmemory.large" value="3200m" />
    <property name="model" value="" />
    <property name="env.CASHER_DIR" value="/home/travis/.casher" />
    <property name="env.NVM_CD_FLAGS" value="" />
    <property name="java.vendor.version" value="18.9" />
    <property name="jshint.executable" value="/home/travis/node_modules/jshint/bin/jshint" />
    <property name="env.JRUBY_OPTS" value=" --client -J-XX:+TieredCompilation -J-XX:TieredStopAtLevel=1 -J-Xss2m -Xcompile.invokedynamic=false" />
    <property name="java.vendor" value="Oracle Corporation" />
    <property name="env.TRAVIS_PRE_CHEF_BOOTSTRAP_TIME" value="2019-03-25T16:16:42" />
    <property name="env.TRAVIS_STACK_JOB_BOARD_REGISTER" value="/.job-board-register.yml" />
    <property name="env.ANSI_RED" value="\033[31;1m" />
    <property name="java.specification.version" value="11" />
    <property name="env.IRBRC" value="/home/travis/.rvm/rubies/ruby-2.5.3/.irbrc" />
    <property name="env.TRAVIS" value="true" />
    <property name="sun.arch.data.model" value="64" />
  </properties>
  <testcase classname="ptolemy.util.test.junit.TclTests" name="[0] /home/travis/build/icyphy/ptII/ptolemy/actor/lib/test/AbsoluteValue.tcl (RunTclFile)" time="0.535" />
  <testcase classname="ptolemy.util.test.junit.TclTests" name="[1] /home/travis/build/icyphy/ptII/ptolemy/actor/lib/test/AddSubtract.tcl (RunTclFile)" time="0.182" />
  <testcase classname="ptolemy.util.test.junit.TclTests" name="[2] /home/travis/build/icyphy/ptII/ptolemy/actor/lib/test/Average.tcl (RunTclFile)" time="0.039" />
  <testcase classname="ptolemy.util.test.junit.TclTests" name="[3] /home/travis/build/icyphy/ptII/ptolemy/actor/lib/test/Bernoulli.tcl (RunTclFile)" time="0.035" />
  <testcase classname="ptolemy.util.test.junit.TclTests" name="[4] /home/travis/build/icyphy/ptII/ptolemy/actor/lib/test/Clock.tcl (RunTclFile)" time="0.084" />
  <testcase classname="ptolemy.util.test.junit.TclTests" name="[5] /home/travis/build/icyphy/ptII/ptolemy/actor/lib/test/Commutator.tcl (RunTclFile)" time="0.092" />
  <testcase classname="ptolemy.util.test.junit.TclTests" name="[6] /home/travis/build/icyphy/ptII/ptolemy/actor/lib/test/Const.tcl (RunTclFile)" time="0.119" />
  <testcase classname="ptolemy.util.test.junit.TclTests" name="[7] /home/travis/build/icyphy/ptII/ptolemy/actor/lib/test/CurrentTime.tcl (RunTclFile)" time="0.031" />
  <testcase classname="ptolemy.util.test.junit.TclTests" name="[8] /home/travis/build/icyphy/ptII/ptolemy/actor/lib/test/DB.tcl (RunTclFile)" time="0.035" />
  <testcase classname="ptolemy.util.test.junit.TclTests" name="[9] /home/travis/build/icyphy/ptII/ptolemy/actor/lib/test/DiscreteRandomSource.tcl (RunTclFile)" time="0.049" />
  <testcase classname="ptolemy.util.test.junit.TclTests" name="[10] /home/travis/build/icyphy/ptII/ptolemy/actor/lib/test/Distributor.tcl (RunTclFile)" time="0.059" />
  <testcase classname="ptolemy.util.test.junit.TclTests" name="[11] /home/travis/build/icyphy/ptII/ptolemy/actor/lib/test/Exit.tcl (RunTclFile)" time="0.075" />
  <testcase classname="ptolemy.util.test.junit.TclTests" name="[12] /home/travis/build/icyphy/ptII/ptolemy/actor/lib/test/Expression.tcl (RunTclFile)" time="0.095" />
  <testcase classname="ptolemy.util.test.junit.TclTests" name="[13] /home/travis/build/icyphy/ptII/ptolemy/actor/lib/test/Gaussian.tcl (RunTclFile)" time="0.314" />
  <testcase classname="ptolemy.util.test.junit.TclTests" name="[14] /home/travis/build/icyphy/ptII/ptolemy/actor/lib/test/IIR.tcl (RunTclFile)" time="0.04" />
  <testcase classname="ptolemy.util.test.junit.TclTests" name="[15] /home/travis/build/icyphy/ptII/ptolemy/actor/lib/test/Interpolator.tcl (RunTclFile)" time="0.094" />
  <testcase classname="ptolemy.util.test.junit.TclTests" name="[16] /home/travis/build/icyphy/ptII/ptolemy/actor/lib/test/MathFunction.tcl (RunTclFile)" time="0.072" />
  <testcase classname="ptolemy.util.test.junit.TclTests" name="[17] /home/travis/build/icyphy/ptII/ptolemy/actor/lib/test/Maximum.tcl (RunTclFile)" time="0.034" />
  <testcase classname="ptolemy.util.test.junit.TclTests" name="[18] /home/travis/build/icyphy/ptII/ptolemy/actor/lib/test/Minimum.tcl (RunTclFile)" time="0.025" />
  <testcase classname="ptolemy.util.test.junit.TclTests" name="[19] /home/travis/build/icyphy/ptII/ptolemy/actor/lib/test/MultiplyDivide.tcl (RunTclFile)" time="0.037" />
  <testcase classname="ptolemy.util.test.junit.TclTests" name="[20] /home/travis/build/icyphy/ptII/ptolemy/actor/lib/test/OrderedMerge.tcl (RunTclFile)" time="0.124" />
  <testcase classname="ptolemy.util.test.junit.TclTests" name="[21] /home/travis/build/icyphy/ptII/ptolemy/actor/lib/test/Publisher.tcl (RunTclFile)" time="0.739" />
  <testcase classname="ptolemy.util.test.junit.TclTests" name="[22] /home/travis/build/icyphy/ptII/ptolemy/actor/lib/test/Pulse.tcl (RunTclFile)" time="0.069" />
  <testcase classname="ptolemy.util.test.junit.TclTests" name="[23] /home/travis/build/icyphy/ptII/ptolemy/actor/lib/test/Ramp.tcl (RunTclFile)" time="1.998" />
  <testcase classname="ptolemy.util.test.junit.TclTests" name="[24] /home/travis/build/icyphy/ptII/ptolemy/actor/lib/test/RampContinuous.tcl (RunTclFile)" time="0.017" />
  <testcase classname="ptolemy.util.test.junit.TclTests" name="[25] /home/travis/build/icyphy/ptII/ptolemy/actor/lib/test/RecordAssembler.tcl (RunTclFile)" time="0.016" />
  <testcase classname="ptolemy.util.test.junit.TclTests" name="[26] /home/travis/build/icyphy/ptII/ptolemy/actor/lib/test/RecordDisassembler.tcl (RunTclFile)" time="0.022" />
  <testcase classname="ptolemy.util.test.junit.TclTests" name="[27] /home/travis/build/icyphy/ptII/ptolemy/actor/lib/test/Scale.tcl (RunTclFile)" time="0.015" />
  <testcase classname="ptolemy.util.test.junit.TclTests" name="[28] /home/travis/build/icyphy/ptII/ptolemy/actor/lib/test/SequentialClock.tcl (RunTclFile)" time="0.011" />
  <testcase classname="ptolemy.util.test.junit.TclTests" name="[29] /home/travis/build/icyphy/ptII/ptolemy/actor/lib/test/SetVariable.tcl (RunTclFile)" time="0.008" />
  <testcase classname="ptolemy.util.test.junit.TclTests" name="[30] /home/travis/build/icyphy/ptII/ptolemy/actor/lib/test/Sinewave.tcl (RunTclFile)" time="0.026" />
  <testcase classname="ptolemy.util.test.junit.TclTests" name="[31] /home/travis/build/icyphy/ptII/ptolemy/actor/lib/test/SubscriptionAggregator.tcl (RunTclFile)" time="2.078" />
  <testcase classname="ptolemy.util.test.junit.TclTests" name="[32] /home/travis/build/icyphy/ptII/ptolemy/actor/lib/test/Test.tcl (RunTclFile)" time="0.067" />
  <testcase classname="ptolemy.util.test.junit.TclTests" name="[33] /home/travis/build/icyphy/ptII/ptolemy/actor/lib/test/TestExceptionHandler.tcl (RunTclFile)" time="0.01" />
  <testcase classname="ptolemy.util.test.junit.TclTests" name="[34] /home/travis/build/icyphy/ptII/ptolemy/actor/lib/test/UnionDisassembler.tcl (RunTclFile)" time="0.062" />
  <testcase classname="ptolemy.util.test.junit.TclTests" name="[35] /home/travis/build/icyphy/ptII/ptolemy/actor/lib/test/VariableClock.tcl (RunTclFile)" time="0.025" />
  <testcase classname="ptolemy.util.test.junit.AutoKnownFailedTests" name="[0] /home/travis/build/icyphy/ptII/ptolemy/actor/lib/test/auto/knownFailedTests/PublisherPortToplevelSubscriber.xml (RunModel)" time="0.025" />
  <testcase classname="ptolemy.util.test.junit.AutoKnownFailedTests" name="[1] /home/travis/build/icyphy/ptII/ptolemy/actor/lib/test/auto/knownFailedTests/PublisherSubscriberPortToplevel.xml (RunModel)" time="0.017" />
  <testcase classname="ptolemy.util.test.junit.AutoKnownFailedTests" name="[2] /home/travis/build/icyphy/ptII/ptolemy/actor/lib/test/auto/knownFailedTests/PublisherSubscriptionAggregatorPort.xml (RunModel)" time="0.02" />
  <testcase classname="ptolemy.util.test.junit.AutoKnownFailedTests" name="[3] /home/travis/build/icyphy/ptII/ptolemy/actor/lib/test/auto/knownFailedTests/sizedarray3.xml (RunModel)" time="0.021" />
  <testcase classname="ptolemy.util.test.junit.AutoNameArchTests" name="[0] ThereAreNoAutoArchTests (RunModel)" time="0.003" />
  <testcase classname="ptolemy.util.test.junit.AutoTests" name="[0] /home/travis/build/icyphy/ptII/ptolemy/actor/lib/test/auto/AbsoluteValue.xml (RunModel)" time="0.076" />
  <testcase classname="ptolemy.util.test.junit.AutoTests" name="[1] /home/travis/build/icyphy/ptII/ptolemy/actor/lib/test/auto/AbsoluteValue2.xml (RunModel)" time="0.061" />
  <testcase classname="ptolemy.util.test.junit.AutoTests" name="[2] /home/travis/build/icyphy/ptII/ptolemy/actor/lib/test/auto/Accumulator.xml (RunModel)" time="0.062" />
  <testcase classname="ptolemy.util.test.junit.AutoTests" name="[3] /home/travis/build/icyphy/ptII/ptolemy/actor/lib/test/auto/Accumulator2.xml (RunModel)" time="0.049" />
  <testcase classname="ptolemy.util.test.junit.AutoTests" name="[4] /home/travis/build/icyphy/ptII/ptolemy/actor/lib/test/auto/Accumulator3.xml (RunModel)" time="0.021" />
  <testcase classname="ptolemy.util.test.junit.AutoTests" name="[5] /home/travis/build/icyphy/ptII/ptolemy/actor/lib/test/auto/ArrayAppend.xml (RunModel)" time="0.049" />
  <testcase classname="ptolemy.util.test.junit.AutoTests" name="[6] /home/travis/build/icyphy/ptII/ptolemy/actor/lib/test/auto/ArrayAppend2.xml (RunModel)" time="0.267" />
  <testcase classname="ptolemy.util.test.junit.AutoTests" name="[7] /home/travis/build/icyphy/ptII/ptolemy/actor/lib/test/auto/ArrayAppend3.xml (RunModel)" time="0.021" />
  <testcase classname="ptolemy.util.test.junit.AutoTests" name="[8] /home/travis/build/icyphy/ptII/ptolemy/actor/lib/test/auto/ArrayAppend4.xml (RunModel)" time="0.021" />
  <testcase classname="ptolemy.util.test.junit.AutoTests" name="[9] /home/travis/build/icyphy/ptII/ptolemy/actor/lib/test/auto/ArrayAppend5.xml (RunModel)" time="0.019" />
  <testcase classname="ptolemy.util.test.junit.AutoTests" name="[10] /home/travis/build/icyphy/ptII/ptolemy/actor/lib/test/auto/ArrayAppend6.xml (RunModel)" time="0.016" />
  <testcase classname="ptolemy.util.test.junit.AutoTests" name="[11] /home/travis/build/icyphy/ptII/ptolemy/actor/lib/test/auto/ArrayAppendPerformanceTest.xml (RunModel)" time="0.052" />
  <testcase classname="ptolemy.util.test.junit.AutoTests" name="[12] /home/travis/build/icyphy/ptII/ptolemy/actor/lib/test/auto/ArrayAppendWithEmptyInput.xml (RunModel)" time="0.094" />
  <testcase classname="ptolemy.util.test.junit.AutoTests" name="[13] /home/travis/build/icyphy/ptII/ptolemy/actor/lib/test/auto/ArrayAverage.xml (RunModel)" time="0.056" />
  <testcase classname="ptolemy.util.test.junit.AutoTests" name="[14] /home/travis/build/icyphy/ptII/ptolemy/actor/lib/test/auto/ArrayContains.xml (RunModel)" time="0.029" />
  <testcase classname="ptolemy.util.test.junit.AutoTests" name="[15] /home/travis/build/icyphy/ptII/ptolemy/actor/lib/test/auto/ArrayElement.xml (RunModel)" time="0.019" />
  <testcase classname="ptolemy.util.test.junit.AutoTests" name="[16] /home/travis/build/icyphy/ptII/ptolemy/actor/lib/test/auto/ArrayElementAsMatrix.xml (RunModel)" time="0.036" />
  <testcase classname="ptolemy.util.test.junit.AutoTests" name="[17] /home/travis/build/icyphy/ptII/ptolemy/actor/lib/test/auto/ArrayElementI.xml (RunModel)" time="0.014" />
  <testcase classname="ptolemy.util.test.junit.AutoTests" name="[18] /home/travis/build/icyphy/ptII/ptolemy/actor/lib/test/auto/ArrayExtract.xml (RunModel)" time="0.024" />
  <testcase classname="ptolemy.util.test.junit.AutoTests" name="[19] /home/travis/build/icyphy/ptII/ptolemy/actor/lib/test/auto/ArrayExtract2.xml (RunModel)" time="0.013" />
  <testcase classname="ptolemy.util.test.junit.AutoTests" name="[20] /home/travis/build/icyphy/ptII/ptolemy/actor/lib/test/auto/ArrayLength.xml (RunModel)" time="0.028" />
  <testcase classname="ptolemy.util.test.junit.AutoTests" name="[21] /home/travis/build/icyphy/ptII/ptolemy/actor/lib/test/auto/ArrayLevelCrossing.xml (RunModel)" time="0.023" />
  <testcase classname="ptolemy.util.test.junit.AutoTests" name="[22] /home/travis/build/icyphy/ptII/ptolemy/actor/lib/test/auto/ArrayLevelCrossing2.xml (RunModel)" time="0.019" />
  <testcase classname="ptolemy.util.test.junit.AutoTests" name="[23] /home/travis/build/icyphy/ptII/ptolemy/actor/lib/test/auto/ArrayPeakSearch.xml (RunModel)" time="0.036" />
  <testcase classname="ptolemy.util.test.junit.AutoTests" name="[24] /home/travis/build/icyphy/ptII/ptolemy/actor/lib/test/auto/ArrayPeakSearch2.xml (RunModel)" time="0.04" />
  <testcase classname="ptolemy.util.test.junit.AutoTests" name="[25] /home/travis/build/icyphy/ptII/ptolemy/actor/lib/test/auto/ArrayPeakSearch3.xml (RunModel)" time="0.034" />
  <testcase classname="ptolemy.util.test.junit.AutoTests" name="[26] /home/travis/build/icyphy/ptII/ptolemy/actor/lib/test/auto/ArrayRemoveElement.xml (RunModel)" time="0.027" />
  <testcase classname="ptolemy.util.test.junit.AutoTests" name="[27] /home/travis/build/icyphy/ptII/ptolemy/actor/lib/test/auto/ArraySort.xml (RunModel)" time="0.029" />
  <testcase classname="ptolemy.util.test.junit.AutoTests" name="[28] /home/travis/build/icyphy/ptII/ptolemy/actor/lib/test/auto/ArraySum.xml (RunModel)" time="0.021" />
  <testcase classname="ptolemy.util.test.junit.AutoTests" name="[29] /home/travis/build/icyphy/ptII/ptolemy/actor/lib/test/auto/ArrayToElements.xml (RunModel)" time="0.023" />
  <testcase classname="ptolemy.util.test.junit.AutoTests" name="[30] /home/travis/build/icyphy/ptII/ptolemy/actor/lib/test/auto/ArrayToMatrix.xml (RunModel)" time="0.053" />
  <testcase classname="ptolemy.util.test.junit.AutoTests" name="[31] /home/travis/build/icyphy/ptII/ptolemy/actor/lib/test/auto/ArrayUpdate1.xml (RunModel)" time="0.017" />
  <testcase classname="ptolemy.util.test.junit.AutoTests" name="[32] /home/travis/build/icyphy/ptII/ptolemy/actor/lib/test/auto/ArrayUpdate2.xml (RunModel)" time="0.027" />
  <testcase classname="ptolemy.util.test.junit.AutoTests" name="[33] /home/travis/build/icyphy/ptII/ptolemy/actor/lib/test/auto/ArrayUpdate3.xml (RunModel)" time="0.026" />
  <testcase classname="ptolemy.util.test.junit.AutoTests" name="[34] /home/travis/build/icyphy/ptII/ptolemy/actor/lib/test/auto/Assert1.xml (RunModel)" time="0.02" />
  <testcase classname="ptolemy.util.test.junit.AutoTests" name="[35] /home/travis/build/icyphy/ptII/ptolemy/actor/lib/test/auto/Assert2.xml (RunModel)" time="0.013" />
  <testcase classname="ptolemy.util.test.junit.AutoTests" name="[36] /home/travis/build/icyphy/ptII/ptolemy/actor/lib/test/auto/BooleanMultiplexor.xml (RunModel)" time="0.014" />
  <testcase classname="ptolemy.util.test.junit.AutoTests" name="[37] /home/travis/build/icyphy/ptII/ptolemy/actor/lib/test/auto/BooleanMultiplexor2.xml (RunModel)" time="0.027" />
  <testcase classname="ptolemy.util.test.junit.AutoTests" name="[38] /home/travis/build/icyphy/ptII/ptolemy/actor/lib/test/auto/BooleanMultiplexor3.xml (RunModel)" time="0.019" />
  <testcase classname="ptolemy.util.test.junit.AutoTests" name="[39] /home/travis/build/icyphy/ptII/ptolemy/actor/lib/test/auto/BooleanSelect.xml (RunModel)" time="0.022" />
  <testcase classname="ptolemy.util.test.junit.AutoTests" name="[40] /home/travis/build/icyphy/ptII/ptolemy/actor/lib/test/auto/BooleanSelect2.xml (RunModel)" time="0.016" />
  <testcase classname="ptolemy.util.test.junit.AutoTests" name="[41] /home/travis/build/icyphy/ptII/ptolemy/actor/lib/test/auto/BooleanSwitch.xml (RunModel)" time="0.023" />
  <testcase classname="ptolemy.util.test.junit.AutoTests" name="[42] /home/travis/build/icyphy/ptII/ptolemy/actor/lib/test/auto/BooleanSwitch2.xml (RunModel)" time="0.018" />
  <testcase classname="ptolemy.util.test.junit.AutoTests" name="[43] /home/travis/build/icyphy/ptII/ptolemy/actor/lib/test/auto/BooleanSwitchCloningBugWithClassRelationGroup.xml (RunModel)" time="0.046" />
  <testcase classname="ptolemy.util.test.junit.AutoTests" name="[44] /home/travis/build/icyphy/ptII/ptolemy/actor/lib/test/auto/BusActors.xml (RunModel)" time="0.036" />
  <testcase classname="ptolemy.util.test.junit.AutoTests" name="[45] /home/travis/build/icyphy/ptII/ptolemy/actor/lib/test/auto/ClassWrapper.xml (RunModel)" time="0.022" />
  <testcase classname="ptolemy.util.test.junit.AutoTests" name="[46] /home/travis/build/icyphy/ptII/ptolemy/actor/lib/test/auto/Clock.xml (RunModel)" time="0.009" />
  <testcase classname="ptolemy.util.test.junit.AutoTests" name="[47] /home/travis/build/icyphy/ptII/ptolemy/actor/lib/test/auto/Clock10.xml (RunModel)" time="0.014" />
  <testcase classname="ptolemy.util.test.junit.AutoTests" name="[48] /home/travis/build/icyphy/ptII/ptolemy/actor/lib/test/auto/Clock11.xml (RunModel)" time="0.014" />
  <testcase classname="ptolemy.util.test.junit.AutoTests" name="[49] /home/travis/build/icyphy/ptII/ptolemy/actor/lib/test/auto/Clock12.xml (RunModel)" time="0.014" />
  <testcase classname="ptolemy.util.test.junit.AutoTests" name="[50] /home/travis/build/icyphy/ptII/ptolemy/actor/lib/test/auto/Clock13.xml (RunModel)" time="0.017" />
  <testcase classname="ptolemy.util.test.junit.AutoTests" name="[51] /home/travis/build/icyphy/ptII/ptolemy/actor/lib/test/auto/Clock14.xml (RunModel)" time="0.015" />
  <testcase classname="ptolemy.util.test.junit.AutoTests" name="[52] /home/travis/build/icyphy/ptII/ptolemy/actor/lib/test/auto/Clock15.xml (RunModel)" time="0.013" />
  <testcase classname="ptolemy.util.test.junit.AutoTests" name="[53] /home/travis/build/icyphy/ptII/ptolemy/actor/lib/test/auto/Clock16.xml (RunModel)" time="0.094" />
  <testcase classname="ptolemy.util.test.junit.AutoTests" name="[54] /home/travis/build/icyphy/ptII/ptolemy/actor/lib/test/auto/Clock17.xml (RunModel)" time="0.052" />
  <testcase classname="ptolemy.util.test.junit.AutoTests" name="[55] /home/travis/build/icyphy/ptII/ptolemy/actor/lib/test/auto/Clock18.xml (RunModel)" time="0.046" />
  <testcase classname="ptolemy.util.test.junit.AutoTests" name="[56] /home/travis/build/icyphy/ptII/ptolemy/actor/lib/test/auto/Clock19.xml (RunModel)" time="0.05" />
  <testcase classname="ptolemy.util.test.junit.AutoTests" name="[57] /home/travis/build/icyphy/ptII/ptolemy/actor/lib/test/auto/Clock2.xml (RunModel)" time="0.01" />
  <testcase classname="ptolemy.util.test.junit.AutoTests" name="[58] /home/travis/build/icyphy/ptII/ptolemy/actor/lib/test/auto/Clock20.xml (RunModel)" time="0.017" />
  <testcase classname="ptolemy.util.test.junit.AutoTests" name="[59] /home/travis/build/icyphy/ptII/ptolemy/actor/lib/test/auto/Clock21.xml (RunModel)" time="0.014" />
  <testcase classname="ptolemy.util.test.junit.AutoTests" name="[60] /home/travis/build/icyphy/ptII/ptolemy/actor/lib/test/auto/Clock22.xml (RunModel)" time="0.014" />
  <testcase classname="ptolemy.util.test.junit.AutoTests" name="[61] /home/travis/build/icyphy/ptII/ptolemy/actor/lib/test/auto/Clock23.xml (RunModel)" time="0.013" />
  <testcase classname="ptolemy.util.test.junit.AutoTests" name="[62] /home/travis/build/icyphy/ptII/ptolemy/actor/lib/test/auto/Clock24.xml (RunModel)" time="0.017" />
  <testcase classname="ptolemy.util.test.junit.AutoTests" name="[63] /home/travis/build/icyphy/ptII/ptolemy/actor/lib/test/auto/Clock4.xml (RunModel)" time="0.015" />
  <testcase classname="ptolemy.util.test.junit.AutoTests" name="[64] /home/travis/build/icyphy/ptII/ptolemy/actor/lib/test/auto/Clock5.xml (RunModel)" time="0.014" />
  <testcase classname="ptolemy.util.test.junit.AutoTests" name="[65] /home/travis/build/icyphy/ptII/ptolemy/actor/lib/test/auto/Clock6.xml (RunModel)" time="0.009" />
  <testcase classname="ptolemy.util.test.junit.AutoTests" name="[66] /home/travis/build/icyphy/ptII/ptolemy/actor/lib/test/auto/Clock7.xml (RunModel)" time="0.009" />
  <testcase classname="ptolemy.util.test.junit.AutoTests" name="[67] /home/travis/build/icyphy/ptII/ptolemy/actor/lib/test/auto/Clock8.xml (RunModel)" time="0.015" />
  <testcase classname="ptolemy.util.test.junit.AutoTests" name="[68] /home/travis/build/icyphy/ptII/ptolemy/actor/lib/test/auto/Clock9.xml (RunModel)" time="0.01" />
  <testcase classname="ptolemy.util.test.junit.AutoTests" name="[69] /home/travis/build/icyphy/ptII/ptolemy/actor/lib/test/auto/CommDistDiscard.xml (RunModel)" time="0.019" />
  <testcase classname="ptolemy.util.test.junit.AutoTests" name="[70] /home/travis/build/icyphy/ptII/ptolemy/actor/lib/test/auto/Commutator.xml (RunModel)" time="0.012" />
  <testcase classname="ptolemy.util.test.junit.AutoTests" name="[71] /home/travis/build/icyphy/ptII/ptolemy/actor/lib/test/auto/Commutator2.xml (RunModel)" time="0.008" />
  <testcase classname="ptolemy.util.test.junit.AutoTests" name="[72] /home/travis/build/icyphy/ptII/ptolemy/actor/lib/test/auto/Commutator3.xml (RunModel)" time="0.01" />
  <testcase classname="ptolemy.util.test.junit.AutoTests" name="[73] /home/travis/build/icyphy/ptII/ptolemy/actor/lib/test/auto/Compare.xml (RunModel)" time="0.017" />
  <testcase classname="ptolemy.util.test.junit.AutoTests" name="[74] /home/travis/build/icyphy/ptII/ptolemy/actor/lib/test/auto/CompareDE.xml (RunModel)" time="0.02" />
  <testcase classname="ptolemy.util.test.junit.AutoTests" name="[75] /home/travis/build/icyphy/ptII/ptolemy/actor/lib/test/auto/ComplexDivide.xml (RunModel)" time="0.008" />
  <testcase classname="ptolemy.util.test.junit.AutoTests" name="[76] /home/travis/build/icyphy/ptII/ptolemy/actor/lib/test/auto/ComputeHistogram.xml (RunModel)" time="0.06" />
  <testcase classname="ptolemy.util.test.junit.AutoTests" name="[77] /home/travis/build/icyphy/ptII/ptolemy/actor/lib/test/auto/ConfigurationSelect.xml (RunModel)" time="0.02" />
  <testcase classname="ptolemy.util.test.junit.AutoTests" name="[78] /home/travis/build/icyphy/ptII/ptolemy/actor/lib/test/auto/ConfigurationSelect2.xml (RunModel)" time="0.017" />
  <testcase classname="ptolemy.util.test.junit.AutoTests" name="[79] /home/travis/build/icyphy/ptII/ptolemy/actor/lib/test/auto/ConfigurationSwitch.xml (RunModel)" time="0.018" />
  <testcase classname="ptolemy.util.test.junit.AutoTests" name="[80] /home/travis/build/icyphy/ptII/ptolemy/actor/lib/test/auto/ConfigurationSwitch2.xml (RunModel)" time="0.02" />
  <testcase classname="ptolemy.util.test.junit.AutoTests" name="[81] /home/travis/build/icyphy/ptII/ptolemy/actor/lib/test/auto/ConfigurationSwitchCloningBugWithClassRelationGroup.xml (RunModel)" time="0.018" />
  <testcase classname="ptolemy.util.test.junit.AutoTests" name="[82] /home/travis/build/icyphy/ptII/ptolemy/actor/lib/test/auto/ConfigurationSwitchSelectSDF.xml (RunModel)" time="0.013" />
  <testcase classname="ptolemy.util.test.junit.AutoTests" name="[83] /home/travis/build/icyphy/ptII/ptolemy/actor/lib/test/auto/ConfigurationSwitchSelectSDF2.xml (RunModel)" time="0.013" />
  <testcase classname="ptolemy.util.test.junit.AutoTests" name="[84] /home/travis/build/icyphy/ptII/ptolemy/actor/lib/test/auto/Const.xml (RunModel)" time="0.013" />
  <testcase classname="ptolemy.util.test.junit.AutoTests" name="[85] /home/travis/build/icyphy/ptII/ptolemy/actor/lib/test/auto/Const2.xml (RunModel)" time="0.016" />
  <testcase classname="ptolemy.util.test.junit.AutoTests" name="[86] /home/travis/build/icyphy/ptII/ptolemy/actor/lib/test/auto/Const3.xml (RunModel)" time="0.007" />
  <testcase classname="ptolemy.util.test.junit.AutoTests" name="[87] /home/travis/build/icyphy/ptII/ptolemy/actor/lib/test/auto/ConstantPublisherPort1.xml (RunModel)" time="0.023" />
  <testcase classname="ptolemy.util.test.junit.AutoTests" name="[88] /home/travis/build/icyphy/ptII/ptolemy/actor/lib/test/auto/ConstantPublisherPort2.xml (RunModel)" time="0.03" />
  <testcase classname="ptolemy.util.test.junit.AutoTests" name="[89] /home/travis/build/icyphy/ptII/ptolemy/actor/lib/test/auto/ConstantPublisherPort3.xml (RunModel)" time="0.031" />
  <testcase classname="ptolemy.util.test.junit.AutoTests" name="[90] /home/travis/build/icyphy/ptII/ptolemy/actor/lib/test/auto/ConstantPublisherPort4.xml (RunModel)" time="0.019" />
  <testcase classname="ptolemy.util.test.junit.AutoTests" name="[91] /home/travis/build/icyphy/ptII/ptolemy/actor/lib/test/auto/ConstantPublisherPort5.xml (RunModel)" time="0.047" />
  <testcase classname="ptolemy.util.test.junit.AutoTests" name="[92] /home/travis/build/icyphy/ptII/ptolemy/actor/lib/test/auto/ConstantPublisherPort6.xml (RunModel)" time="0.036" />
  <testcase classname="ptolemy.util.test.junit.AutoTests" name="[93] /home/travis/build/icyphy/ptII/ptolemy/actor/lib/test/auto/ConstantPublisherPort7.xml (RunModel)" time="0.028" />
  <testcase classname="ptolemy.util.test.junit.AutoTests" name="[94] /home/travis/build/icyphy/ptII/ptolemy/actor/lib/test/auto/ConstraintMonitor1.xml (RunModel)" time="0.032" />
  <testcase classname="ptolemy.util.test.junit.AutoTests" name="[95] /home/travis/build/icyphy/ptII/ptolemy/actor/lib/test/auto/ConstraintMonitor2.xml (RunModel)" time="0.012" />
  <testcase classname="ptolemy.util.test.junit.AutoTests" name="[96] /home/travis/build/icyphy/ptII/ptolemy/actor/lib/test/auto/ConstraintMonitor3.xml (RunModel)" time="0.015" />
  <testcase classname="ptolemy.util.test.junit.AutoTests" name="[97] /home/travis/build/icyphy/ptII/ptolemy/actor/lib/test/auto/ConstraintMonitor4.xml (RunModel)" time="0.013" />
  <testcase classname="ptolemy.util.test.junit.AutoTests" name="[98] /home/travis/build/icyphy/ptII/ptolemy/actor/lib/test/auto/ConstraintMonitor5.xml (RunModel)" time="0.013" />
  <testcase classname="ptolemy.util.test.junit.AutoTests" name="[99] /home/travis/build/icyphy/ptII/ptolemy/actor/lib/test/auto/ConstraintMonitor6.xml (RunModel)" time="0.017" />
  <testcase classname="ptolemy.util.test.junit.AutoTests" name="[100] /home/travis/build/icyphy/ptII/ptolemy/actor/lib/test/auto/ConstraintMonitor7.xml (RunModel)" time="0.023" />
  <testcase classname="ptolemy.util.test.junit.AutoTests" name="[101] /home/travis/build/icyphy/ptII/ptolemy/actor/lib/test/auto/ConstraintMonitor8.xml (RunModel)" time="0.019" />
  <testcase classname="ptolemy.util.test.junit.AutoTests" name="[102] /home/travis/build/icyphy/ptII/ptolemy/actor/lib/test/auto/Counter.xml (RunModel)" time="0.014" />
  <testcase classname="ptolemy.util.test.junit.AutoTests" name="[103] /home/travis/build/icyphy/ptII/ptolemy/actor/lib/test/auto/CurrentTimeSDF.xml (RunModel)" time="0.009" />
  <testcase classname="ptolemy.util.test.junit.AutoTests" name="[104] /home/travis/build/icyphy/ptII/ptolemy/actor/lib/test/auto/DB.xml (RunModel)" time="0.014" />
  <testcase classname="ptolemy.util.test.junit.AutoTests" name="[105] /home/travis/build/icyphy/ptII/ptolemy/actor/lib/test/auto/DBDE.xml (RunModel)" time="0.015" />
  <testcase classname="ptolemy.util.test.junit.AutoTests" name="[106] /home/travis/build/icyphy/ptII/ptolemy/actor/lib/test/auto/DateConstructor.xml (RunModel)" time="0.081" />
  <testcase classname="ptolemy.util.test.junit.AutoTests" name="[107] /home/travis/build/icyphy/ptII/ptolemy/actor/lib/test/auto/DelayTime.xml (RunModel)" time="0.02" />
  <testcase classname="ptolemy.util.test.junit.AutoTests" name="[108] /home/travis/build/icyphy/ptII/ptolemy/actor/lib/test/auto/Dictionary1.xml (RunModel)" time="0.023" />
  <testcase classname="ptolemy.util.test.junit.AutoTests" name="[109] /home/travis/build/icyphy/ptII/ptolemy/actor/lib/test/auto/Dictionary2.xml (RunModel)" time="0.015" />
  <testcase classname="ptolemy.util.test.junit.AutoTests" name="[110] /home/travis/build/icyphy/ptII/ptolemy/actor/lib/test/auto/Dictionary3.xml (RunModel)" time="0.011" />
  <testcase classname="ptolemy.util.test.junit.AutoTests" name="[111] /home/travis/build/icyphy/ptII/ptolemy/actor/lib/test/auto/Dictionary4.xml (RunModel)" time="0.016" />
  <testcase classname="ptolemy.util.test.junit.AutoTests" name="[112] /home/travis/build/icyphy/ptII/ptolemy/actor/lib/test/auto/Differential.xml (RunModel)" time="0.011" />
  <testcase classname="ptolemy.util.test.junit.AutoTests" name="[113] /home/travis/build/icyphy/ptII/ptolemy/actor/lib/test/auto/Director.xml (RunModel)" time="0.008" />
  <testcase classname="ptolemy.util.test.junit.AutoTests" name="[114] /home/travis/build/icyphy/ptII/ptolemy/actor/lib/test/auto/DiscreteClock.xml (RunModel)" time="0.007" />
  <testcase classname="ptolemy.util.test.junit.AutoTests" name="[115] /home/travis/build/icyphy/ptII/ptolemy/actor/lib/test/auto/DiscreteClock10.xml (RunModel)" time="0.012" />
  <testcase classname="ptolemy.util.test.junit.AutoTests" name="[116] /home/travis/build/icyphy/ptII/ptolemy/actor/lib/test/auto/DiscreteClock11.xml (RunModel)" time="0.011" />
  <testcase classname="ptolemy.util.test.junit.AutoTests" name="[117] /home/travis/build/icyphy/ptII/ptolemy/actor/lib/test/auto/DiscreteClock12.xml (RunModel)" time="0.013" />
  <testcase classname="ptolemy.util.test.junit.AutoTests" name="[118] /home/travis/build/icyphy/ptII/ptolemy/actor/lib/test/auto/DiscreteClock13.xml (RunModel)" time="0.013" />
  <testcase classname="ptolemy.util.test.junit.AutoTests" name="[119] /home/travis/build/icyphy/ptII/ptolemy/actor/lib/test/auto/DiscreteClock14.xml (RunModel)" time="0.011" />
  <testcase classname="ptolemy.util.test.junit.AutoTests" name="[120] /home/travis/build/icyphy/ptII/ptolemy/actor/lib/test/auto/DiscreteClock15.xml (RunModel)" time="0.015" />
  <testcase classname="ptolemy.util.test.junit.AutoTests" name="[121] /home/travis/build/icyphy/ptII/ptolemy/actor/lib/test/auto/DiscreteClock16.xml (RunModel)" time="0.046" />
  <testcase classname="ptolemy.util.test.junit.AutoTests" name="[122] /home/travis/build/icyphy/ptII/ptolemy/actor/lib/test/auto/DiscreteClock17.xml (RunModel)" time="0.038" />
  <testcase classname="ptolemy.util.test.junit.AutoTests" name="[123] /home/travis/build/icyphy/ptII/ptolemy/actor/lib/test/auto/DiscreteClock18.xml (RunModel)" time="0.045" />
  <testcase classname="ptolemy.util.test.junit.AutoTests" name="[124] /home/travis/build/icyphy/ptII/ptolemy/actor/lib/test/auto/DiscreteClock19.xml (RunModel)" time="0.043" />
  <testcase classname="ptolemy.util.test.junit.AutoTests" name="[125] /home/travis/build/icyphy/ptII/ptolemy/actor/lib/test/auto/DiscreteClock2.xml (RunModel)" time="0.01" />
  <testcase classname="ptolemy.util.test.junit.AutoTests" name="[126] /home/travis/build/icyphy/ptII/ptolemy/actor/lib/test/auto/DiscreteClock20.xml (RunModel)" time="0.018" />
  <testcase classname="ptolemy.util.test.junit.AutoTests" name="[127] /home/travis/build/icyphy/ptII/ptolemy/actor/lib/test/auto/DiscreteClock21.xml (RunModel)" time="0.017" />
  <testcase classname="ptolemy.util.test.junit.AutoTests" name="[128] /home/travis/build/icyphy/ptII/ptolemy/actor/lib/test/auto/DiscreteClock22.xml (RunModel)" time="0.014" />
  <testcase classname="ptolemy.util.test.junit.AutoTests" name="[129] /home/travis/build/icyphy/ptII/ptolemy/actor/lib/test/auto/DiscreteClock23.xml (RunModel)" time="0.011" />
  <testcase classname="ptolemy.util.test.junit.AutoTests" name="[130] /home/travis/build/icyphy/ptII/ptolemy/actor/lib/test/auto/DiscreteClock24.xml (RunModel)" time="0.012" />
  <testcase classname="ptolemy.util.test.junit.AutoTests" name="[131] /home/travis/build/icyphy/ptII/ptolemy/actor/lib/test/auto/DiscreteClock4.xml (RunModel)" time="0.009" />
  <testcase classname="ptolemy.util.test.junit.AutoTests" name="[132] /home/travis/build/icyphy/ptII/ptolemy/actor/lib/test/auto/DiscreteClock5.xml (RunModel)" time="0.008" />
  <testcase classname="ptolemy.util.test.junit.AutoTests" name="[133] /home/travis/build/icyphy/ptII/ptolemy/actor/lib/test/auto/DiscreteClock6.xml (RunModel)" time="0.007" />
  <testcase classname="ptolemy.util.test.junit.AutoTests" name="[134] /home/travis/build/icyphy/ptII/ptolemy/actor/lib/test/auto/DiscreteClock7.xml (RunModel)" time="0.007" />
  <testcase classname="ptolemy.util.test.junit.AutoTests" name="[135] /home/travis/build/icyphy/ptII/ptolemy/actor/lib/test/auto/DiscreteClock8.xml (RunModel)" time="0.017" />
  <testcase classname="ptolemy.util.test.junit.AutoTests" name="[136] /home/travis/build/icyphy/ptII/ptolemy/actor/lib/test/auto/DiscreteClock9.xml (RunModel)" time="0.011" />
  <testcase classname="ptolemy.util.test.junit.AutoTests" name="[137] /home/travis/build/icyphy/ptII/ptolemy/actor/lib/test/auto/DisplayArray.xml (RunModel)" time="0.007" />
  <testcase classname="ptolemy.util.test.junit.AutoTests" name="[138] /home/travis/build/icyphy/ptII/ptolemy/actor/lib/test/auto/Distributor.xml (RunModel)" time="0.008" />
  <testcase classname="ptolemy.util.test.junit.AutoTests" name="[139] /home/travis/build/icyphy/ptII/ptolemy/actor/lib/test/auto/Distributor2.xml (RunModel)" time="0.008" />
  <testcase classname="ptolemy.util.test.junit.AutoTests" name="[140] /home/travis/build/icyphy/ptII/ptolemy/actor/lib/test/auto/DownSample.xml (RunModel)" time="0.009" />
  <testcase classname="ptolemy.util.test.junit.AutoTests" name="[141] /home/travis/build/icyphy/ptII/ptolemy/actor/lib/test/auto/ElectronicUnitBase1.xml (RunModel)" time="0.049" />
  <testcase classname="ptolemy.util.test.junit.AutoTests" name="[142] /home/travis/build/icyphy/ptII/ptolemy/actor/lib/test/auto/ElementsToArray.xml (RunModel)" time="0.011" />
  <testcase classname="ptolemy.util.test.junit.AutoTests" name="[143] /home/travis/build/icyphy/ptII/ptolemy/actor/lib/test/auto/Equals.xml (RunModel)" time="0.013" />
  <testcase classname="ptolemy.util.test.junit.AutoTests" name="[144] /home/travis/build/icyphy/ptII/ptolemy/actor/lib/test/auto/Exec.xml (RunModel)" time="0.029" />
  <testcase classname="ptolemy.util.test.junit.AutoTests" name="[145] /home/travis/build/icyphy/ptII/ptolemy/actor/lib/test/auto/ExecEnvironment.xml (RunModel)" time="0.029" />
  <testcase classname="ptolemy.util.test.junit.AutoTests" name="[146] /home/travis/build/icyphy/ptII/ptolemy/actor/lib/test/auto/ExecNonZeroReturnOutput.xml (RunModel)" time="0.175" />
  <testcase classname="ptolemy.util.test.junit.AutoTests" name="[147] /home/travis/build/icyphy/ptII/ptolemy/actor/lib/test/auto/ExecRunDemos.xml (RunModel)" time="10.248" />
  <testcase classname="ptolemy.util.test.junit.AutoTests" name="[148] /home/travis/build/icyphy/ptII/ptolemy/actor/lib/test/auto/ExecStop.xml (RunModel)" time="5.044" />
  <testcase classname="ptolemy.util.test.junit.AutoTests" name="[149] /home/travis/build/icyphy/ptII/ptolemy/actor/lib/test/auto/ExecutionTimeSDF.xml (RunModel)" time="6.024" />
  <testcase classname="ptolemy.util.test.junit.AutoTests" name="[150] /home/travis/build/icyphy/ptII/ptolemy/actor/lib/test/auto/Expression1.xml (RunModel)" time="0.006" />
  <testcase classname="ptolemy.util.test.junit.AutoTests" name="[151] /home/travis/build/icyphy/ptII/ptolemy/actor/lib/test/auto/Expression10.xml (RunModel)" time="0.027" />
  <testcase classname="ptolemy.util.test.junit.AutoTests" name="[152] /home/travis/build/icyphy/ptII/ptolemy/actor/lib/test/auto/Expression11.xml (RunModel)" time="0.012" />
  <testcase classname="ptolemy.util.test.junit.AutoTests" name="[153] /home/travis/build/icyphy/ptII/ptolemy/actor/lib/test/auto/Expression12.xml (RunModel)" time="0.01" />
  <testcase classname="ptolemy.util.test.junit.AutoTests" name="[154] /home/travis/build/icyphy/ptII/ptolemy/actor/lib/test/auto/Expression13.xml (RunModel)" time="0.01" />
  <testcase classname="ptolemy.util.test.junit.AutoTests" name="[155] /home/travis/build/icyphy/ptII/ptolemy/actor/lib/test/auto/Expression14.xml (RunModel)" time="0.015" />
  <testcase classname="ptolemy.util.test.junit.AutoTests" name="[156] /home/travis/build/icyphy/ptII/ptolemy/actor/lib/test/auto/Expression15.xml (RunModel)" time="0.006" />
  <testcase classname="ptolemy.util.test.junit.AutoTests" name="[157] /home/travis/build/icyphy/ptII/ptolemy/actor/lib/test/auto/Expression16.xml (RunModel)" time="0.01" />
  <testcase classname="ptolemy.util.test.junit.AutoTests" name="[158] /home/travis/build/icyphy/ptII/ptolemy/actor/lib/test/auto/Expression17.xml (RunModel)" time="0.007" />
  <testcase classname="ptolemy.util.test.junit.AutoTests" name="[159] /home/travis/build/icyphy/ptII/ptolemy/actor/lib/test/auto/Expression18.xml (RunModel)" time="0.011" />
  <testcase classname="ptolemy.util.test.junit.AutoTests" name="[160] /home/travis/build/icyphy/ptII/ptolemy/actor/lib/test/auto/Expression2.xml (RunModel)" time="0.009" />
  <testcase classname="ptolemy.util.test.junit.AutoTests" name="[161] /home/travis/build/icyphy/ptII/ptolemy/actor/lib/test/auto/Expression3.xml (RunModel)" time="0.011" />
  <testcase classname="ptolemy.util.test.junit.AutoTests" name="[162] /home/travis/build/icyphy/ptII/ptolemy/actor/lib/test/auto/Expression4.xml (RunModel)" time="0.015" />
  <testcase classname="ptolemy.util.test.junit.AutoTests" name="[163] /home/travis/build/icyphy/ptII/ptolemy/actor/lib/test/auto/Expression5.xml (RunModel)" time="0.011" />
  <testcase classname="ptolemy.util.test.junit.AutoTests" name="[164] /home/travis/build/icyphy/ptII/ptolemy/actor/lib/test/auto/Expression6.xml (RunModel)" time="0.007" />
  <testcase classname="ptolemy.util.test.junit.AutoTests" name="[165] /home/travis/build/icyphy/ptII/ptolemy/actor/lib/test/auto/Expression7.xml (RunModel)" time="0.009" />
  <testcase classname="ptolemy.util.test.junit.AutoTests" name="[166] /home/travis/build/icyphy/ptII/ptolemy/actor/lib/test/auto/Expression8.xml (RunModel)" time="0.014" />
  <testcase classname="ptolemy.util.test.junit.AutoTests" name="[167] /home/travis/build/icyphy/ptII/ptolemy/actor/lib/test/auto/Expression9.xml (RunModel)" time="0.006" />
  <testcase classname="ptolemy.util.test.junit.AutoTests" name="[168] /home/travis/build/icyphy/ptII/ptolemy/actor/lib/test/auto/ExpressionConcatenateArrayType.xml (RunModel)" time="0.02" />
  <testcase classname="ptolemy.util.test.junit.AutoTests" name="[169] /home/travis/build/icyphy/ptII/ptolemy/actor/lib/test/auto/ExpressionConcatenateArrayType2.xml (RunModel)" time="0.014" />
  <testcase classname="ptolemy.util.test.junit.AutoTests" name="[170] /home/travis/build/icyphy/ptII/ptolemy/actor/lib/test/auto/ExpressionFix.xml (RunModel)" time="0.04" />
  <testcase classname="ptolemy.util.test.junit.AutoTests" name="[171] /home/travis/build/icyphy/ptII/ptolemy/actor/lib/test/auto/ExpressionFix2.xml (RunModel)" time="0.013" />
  <testcase classname="ptolemy.util.test.junit.AutoTests" name="[172] /home/travis/build/icyphy/ptII/ptolemy/actor/lib/test/auto/ExpressionFix3.xml (RunModel)" time="0.01" />
  <testcase classname="ptolemy.util.test.junit.AutoTests" name="[173] /home/travis/build/icyphy/ptII/ptolemy/actor/lib/test/auto/FileWriter1.xml (RunModel)" time="0.007" />
  <testcase classname="ptolemy.util.test.junit.AutoTests" name="[174] /home/travis/build/icyphy/ptII/ptolemy/actor/lib/test/auto/FileWriter2.xml (RunModel)" time="0.007" />
  <testcase classname="ptolemy.util.test.junit.AutoTests" name="[175] /home/travis/build/icyphy/ptII/ptolemy/actor/lib/test/auto/FileWriter3.xml (RunModel)" time="0.013" />
  <testcase classname="ptolemy.util.test.junit.AutoTests" name="[176] /home/travis/build/icyphy/ptII/ptolemy/actor/lib/test/auto/Gaussian.xml (RunModel)" time="0.009" />
  <testcase classname="ptolemy.util.test.junit.AutoTests" name="[177] /home/travis/build/icyphy/ptII/ptolemy/actor/lib/test/auto/Gaussian1.xml (RunModel)" time="0.018" />
  <testcase classname="ptolemy.util.test.junit.AutoTests" name="[178] /home/travis/build/icyphy/ptII/ptolemy/actor/lib/test/auto/Gaussian2.xml (RunModel)" time="0.015" />
  <testcase classname="ptolemy.util.test.junit.AutoTests" name="[179] /home/travis/build/icyphy/ptII/ptolemy/actor/lib/test/auto/GradientAdaptiveLattice.xml (RunModel)" time="0.014" />
  <testcase classname="ptolemy.util.test.junit.AutoTests" name="[180] /home/travis/build/icyphy/ptII/ptolemy/actor/lib/test/auto/IIR.xml (RunModel)" time="0.008" />
  <testcase classname="ptolemy.util.test.junit.AutoTests" name="[181] /home/travis/build/icyphy/ptII/ptolemy/actor/lib/test/auto/InputOutputTransparentPorts.xml (RunModel)" time="0.021" />
  <testcase classname="ptolemy.util.test.junit.AutoTests" name="[182] /home/travis/build/icyphy/ptII/ptolemy/actor/lib/test/auto/Interpolator.xml (RunModel)" time="0.011" />
  <testcase classname="ptolemy.util.test.junit.AutoTests" name="[183] /home/travis/build/icyphy/ptII/ptolemy/actor/lib/test/auto/InterpolatorFiringLimitDE.xml (RunModel)" time="0.012" />
  <testcase classname="ptolemy.util.test.junit.AutoTests" name="[184] /home/travis/build/icyphy/ptII/ptolemy/actor/lib/test/auto/Lattice.xml (RunModel)" time="0.009" />
  <testcase classname="ptolemy.util.test.junit.AutoTests" name="[185] /home/travis/build/icyphy/ptII/ptolemy/actor/lib/test/auto/LazyAOCTestLazy.xml (RunModel)" time="0.036" />
  <testcase classname="ptolemy.util.test.junit.AutoTests" name="[186] /home/travis/build/icyphy/ptII/ptolemy/actor/lib/test/auto/LazyAOCTestNonLazy.xml (RunModel)" time="0.038" />
  <testcase classname="ptolemy.util.test.junit.AutoTests" name="[187] /home/travis/build/icyphy/ptII/ptolemy/actor/lib/test/auto/LazyInnerClass.xml (RunModel)" time="0.047" />
  <testcase classname="ptolemy.util.test.junit.AutoTests" name="[188] /home/travis/build/icyphy/ptII/ptolemy/actor/lib/test/auto/LazyPubSub.xml (RunModel)" time="0.049" />
  <testcase classname="ptolemy.util.test.junit.AutoTests" name="[189] /home/travis/build/icyphy/ptII/ptolemy/actor/lib/test/auto/LazyPubSub2.xml (RunModel)" time="0.042" />
  <testcase classname="ptolemy.util.test.junit.AutoTests" name="[190] /home/travis/build/icyphy/ptII/ptolemy/actor/lib/test/auto/LazyPubSub3.xml (RunModel)" time="0.02" />
  <testcase classname="ptolemy.util.test.junit.AutoTests" name="[191] /home/travis/build/icyphy/ptII/ptolemy/actor/lib/test/auto/LazySubClassModel.xml (RunModel)" time="0.018" />
  <testcase classname="ptolemy.util.test.junit.AutoTests" name="[192] /home/travis/build/icyphy/ptII/ptolemy/actor/lib/test/auto/LevelCrossTest1.xml (RunModel)" time="0.009" />
  <testcase classname="ptolemy.util.test.junit.AutoTests" name="[193] /home/travis/build/icyphy/ptII/ptolemy/actor/lib/test/auto/LevelCrossTest10.xml (RunModel)" time="0.011" />
  <testcase classname="ptolemy.util.test.junit.AutoTests" name="[194] /home/travis/build/icyphy/ptII/ptolemy/actor/lib/test/auto/LevelCrossTest11.xml (RunModel)" time="0.012" />
  <testcase classname="ptolemy.util.test.junit.AutoTests" name="[195] /home/travis/build/icyphy/ptII/ptolemy/actor/lib/test/auto/LevelCrossTest12.xml (RunModel)" time="0.014" />
  <testcase classname="ptolemy.util.test.junit.AutoTests" name="[196] /home/travis/build/icyphy/ptII/ptolemy/actor/lib/test/auto/LevelCrossTest13.xml (RunModel)" time="0.011" />
  <testcase classname="ptolemy.util.test.junit.AutoTests" name="[197] /home/travis/build/icyphy/ptII/ptolemy/actor/lib/test/auto/LevelCrossTest2.xml (RunModel)" time="0.007" />
  <testcase classname="ptolemy.util.test.junit.AutoTests" name="[198] /home/travis/build/icyphy/ptII/ptolemy/actor/lib/test/auto/LevelCrossTest3.xml (RunModel)" time="0.009" />
  <testcase classname="ptolemy.util.test.junit.AutoTests" name="[199] /home/travis/build/icyphy/ptII/ptolemy/actor/lib/test/auto/LevelCrossTest4.xml (RunModel)" time="0.01" />
  <testcase classname="ptolemy.util.test.junit.AutoTests" name="[200] /home/travis/build/icyphy/ptII/ptolemy/actor/lib/test/auto/LevelCrossTest5.xml (RunModel)" time="0.011" />
  <testcase classname="ptolemy.util.test.junit.AutoTests" name="[201] /home/travis/build/icyphy/ptII/ptolemy/actor/lib/test/auto/LevelCrossTest6.xml (RunModel)" time="0.015" />
  <testcase classname="ptolemy.util.test.junit.AutoTests" name="[202] /home/travis/build/icyphy/ptII/ptolemy/actor/lib/test/auto/LevelCrossTest7.xml (RunModel)" time="0.013" />
  <testcase classname="ptolemy.util.test.junit.AutoTests" name="[203] /home/travis/build/icyphy/ptII/ptolemy/actor/lib/test/auto/LevelCrossTest8.xml (RunModel)" time="0.01" />
  <testcase classname="ptolemy.util.test.junit.AutoTests" name="[204] /home/travis/build/icyphy/ptII/ptolemy/actor/lib/test/auto/LevelCrossTest9.xml (RunModel)" time="0.012" />
  <testcase classname="ptolemy.util.test.junit.AutoTests" name="[205] /home/travis/build/icyphy/ptII/ptolemy/actor/lib/test/auto/LevinsonDurbin.xml (RunModel)" time="0.008" />
  <testcase classname="ptolemy.util.test.junit.AutoTests" name="[206] /home/travis/build/icyphy/ptII/ptolemy/actor/lib/test/auto/LevinsonDurbin2.xml (RunModel)" time="0.006" />
  <testcase classname="ptolemy.util.test.junit.AutoTests" name="[207] /home/travis/build/icyphy/ptII/ptolemy/actor/lib/test/auto/LevinsonDurbin3.xml (RunModel)" time="0.019" />
  <testcase classname="ptolemy.util.test.junit.AutoTests" name="[208] /home/travis/build/icyphy/ptII/ptolemy/actor/lib/test/auto/Limiter.xml (RunModel)" time="0.03" />
  <testcase classname="ptolemy.util.test.junit.AutoTests" name="[209] /home/travis/build/icyphy/ptII/ptolemy/actor/lib/test/auto/LinearDifferenceEquationSystem.xml (RunModel)" time="0.017" />
  <testcase classname="ptolemy.util.test.junit.AutoTests" name="[210] /home/travis/build/icyphy/ptII/ptolemy/actor/lib/test/auto/LookupTable.xml (RunModel)" time="0.007" />
  <testcase classname="ptolemy.util.test.junit.AutoTests" name="[211] /home/travis/build/icyphy/ptII/ptolemy/actor/lib/test/auto/MathFunction.xml (RunModel)" time="0.023" />
  <testcase classname="ptolemy.util.test.junit.AutoTests" name="[212] /home/travis/build/icyphy/ptII/ptolemy/actor/lib/test/auto/MathFunction2.xml (RunModel)" time="0.016" />
  <testcase classname="ptolemy.util.test.junit.AutoTests" name="[213] /home/travis/build/icyphy/ptII/ptolemy/actor/lib/test/auto/MathFunction3.xml (RunModel)" time="0.016" />
  <testcase classname="ptolemy.util.test.junit.AutoTests" name="[214] /home/travis/build/icyphy/ptII/ptolemy/actor/lib/test/auto/MatrixCropBoolean.xml (RunModel)" time="0.01" />
  <testcase classname="ptolemy.util.test.junit.AutoTests" name="[215] /home/travis/build/icyphy/ptII/ptolemy/actor/lib/test/auto/MatrixCropComplex.xml (RunModel)" time="0.008" />
  <testcase classname="ptolemy.util.test.junit.AutoTests" name="[216] /home/travis/build/icyphy/ptII/ptolemy/actor/lib/test/auto/MatrixCropDouble.xml (RunModel)" time="0.011" />
  <testcase classname="ptolemy.util.test.junit.AutoTests" name="[217] /home/travis/build/icyphy/ptII/ptolemy/actor/lib/test/auto/MatrixCropFix.xml (RunModel)" time="0.012" />
  <testcase classname="ptolemy.util.test.junit.AutoTests" name="[218] /home/travis/build/icyphy/ptII/ptolemy/actor/lib/test/auto/MatrixCropInt.xml (RunModel)" time="0.007" />
  <testcase classname="ptolemy.util.test.junit.AutoTests" name="[219] /home/travis/build/icyphy/ptII/ptolemy/actor/lib/test/auto/MatrixCropLong.xml (RunModel)" time="0.006" />
  <testcase classname="ptolemy.util.test.junit.AutoTests" name="[220] /home/travis/build/icyphy/ptII/ptolemy/actor/lib/test/auto/MatrixToArray.xml (RunModel)" time="0.039" />
  <testcase classname="ptolemy.util.test.junit.AutoTests" name="[221] /home/travis/build/icyphy/ptII/ptolemy/actor/lib/test/auto/MaxIndex.xml (RunModel)" time="0.01" />
  <testcase classname="ptolemy.util.test.junit.AutoTests" name="[222] /home/travis/build/icyphy/ptII/ptolemy/actor/lib/test/auto/Maximum.xml (RunModel)" time="0.014" />
  <testcase classname="ptolemy.util.test.junit.AutoTests" name="[223] /home/travis/build/icyphy/ptII/ptolemy/actor/lib/test/auto/MaximumComplex.xml (RunModel)" time="0.013" />
  <testcase classname="ptolemy.util.test.junit.AutoTests" name="[224] /home/travis/build/icyphy/ptII/ptolemy/actor/lib/test/auto/MethodCallTest.xml (RunModel)" time="0.022" />
  <testcase classname="ptolemy.util.test.junit.AutoTests" name="[225] /home/travis/build/icyphy/ptII/ptolemy/actor/lib/test/auto/Minimum.xml (RunModel)" time="0.01" />
  <testcase classname="ptolemy.util.test.junit.AutoTests" name="[226] /home/travis/build/icyphy/ptII/ptolemy/actor/lib/test/auto/MinimumComplex.xml (RunModel)" time="0.01" />
  <testcase classname="ptolemy.util.test.junit.AutoTests" name="[227] /home/travis/build/icyphy/ptII/ptolemy/actor/lib/test/auto/MinimumMultiports.xml (RunModel)" time="0.014" />
  <testcase classname="ptolemy.util.test.junit.AutoTests" name="[228] /home/travis/build/icyphy/ptII/ptolemy/actor/lib/test/auto/ModifyDate.xml (RunModel)" time="0.037" />
  <testcase classname="ptolemy.util.test.junit.AutoTests" name="[229] /home/travis/build/icyphy/ptII/ptolemy/actor/lib/test/auto/ModifyDate2.xml (RunModel)" time="0.02" />
  <testcase classname="ptolemy.util.test.junit.AutoTests" name="[230] /home/travis/build/icyphy/ptII/ptolemy/actor/lib/test/auto/MovingAverage.xml (RunModel)" time="0.01" />
  <testcase classname="ptolemy.util.test.junit.AutoTests" name="[231] /home/travis/build/icyphy/ptII/ptolemy/actor/lib/test/auto/MovingMaximum.xml (RunModel)" time="0.009" />
  <testcase classname="ptolemy.util.test.junit.AutoTests" name="[232] /home/travis/build/icyphy/ptII/ptolemy/actor/lib/test/auto/MultipleLinksToSameRelation.xml (RunModel)" time="0.006" />
  <testcase classname="ptolemy.util.test.junit.AutoTests" name="[233] /home/travis/build/icyphy/ptII/ptolemy/actor/lib/test/auto/MultipleLinksToSameRelationDE.xml (RunModel)" time="0.012" />
  <testcase classname="ptolemy.util.test.junit.AutoTests" name="[234] /home/travis/build/icyphy/ptII/ptolemy/actor/lib/test/auto/Multiplexor.xml (RunModel)" time="0.014" />
  <testcase classname="ptolemy.util.test.junit.AutoTests" name="[235] /home/travis/build/icyphy/ptII/ptolemy/actor/lib/test/auto/Multiplexor1.xml (RunModel)" time="0.009" />
  <testcase classname="ptolemy.util.test.junit.AutoTests" name="[236] /home/travis/build/icyphy/ptII/ptolemy/actor/lib/test/auto/Multiplexor2.xml (RunModel)" time="0.015" />
  <testcase classname="ptolemy.util.test.junit.AutoTests" name="[237] /home/travis/build/icyphy/ptII/ptolemy/actor/lib/test/auto/Multiplexor3.xml (RunModel)" time="0.007" />
  <testcase classname="ptolemy.util.test.junit.AutoTests" name="[238] /home/travis/build/icyphy/ptII/ptolemy/actor/lib/test/auto/MultiplexorDE.xml (RunModel)" time="0.013" />
  <testcase classname="ptolemy.util.test.junit.AutoTests" name="[239] /home/travis/build/icyphy/ptII/ptolemy/actor/lib/test/auto/MultiportBroadcastTest.xml (RunModel)" time="0.092" />
  <testcase classname="ptolemy.util.test.junit.AutoTests" name="[240] /home/travis/build/icyphy/ptII/ptolemy/actor/lib/test/auto/MultiportOutHangDuringGetWidth.xml (RunModel)" time="0.036" />
  <testcase classname="ptolemy.util.test.junit.AutoTests" name="[241] /home/travis/build/icyphy/ptII/ptolemy/actor/lib/test/auto/NilToken.xml (RunModel)" time="0.009" />
  <testcase classname="ptolemy.util.test.junit.AutoTests" name="[242] /home/travis/build/icyphy/ptII/ptolemy/actor/lib/test/auto/NilTokenNonStrictTest.xml (RunModel)" time="0.009" />
  <testcase classname="ptolemy.util.test.junit.AutoTests" name="[243] /home/travis/build/icyphy/ptII/ptolemy/actor/lib/test/auto/NilTokenRecord.xml (RunModel)" time="0.02" />
  <testcase classname="ptolemy.util.test.junit.AutoTests" name="[244] /home/travis/build/icyphy/ptII/ptolemy/actor/lib/test/auto/NilTokenTypeTest.xml (RunModel)" time="0.021" />
  <testcase classname="ptolemy.util.test.junit.AutoTests" name="[245] /home/travis/build/icyphy/ptII/ptolemy/actor/lib/test/auto/ObjectToken1.xml (RunModel)" time="0.008" />
  <testcase classname="ptolemy.util.test.junit.AutoTests" name="[246] /home/travis/build/icyphy/ptII/ptolemy/actor/lib/test/auto/OrderedMerge.xml (RunModel)" time="0.016" />
  <testcase classname="ptolemy.util.test.junit.AutoTests" name="[247] /home/travis/build/icyphy/ptII/ptolemy/actor/lib/test/auto/OrderedRecordDisassembler.xml (RunModel)" time="0.015" />
  <testcase classname="ptolemy.util.test.junit.AutoTests" name="[248] /home/travis/build/icyphy/ptII/ptolemy/actor/lib/test/auto/OrderedRecordDisassembler2.xml (RunModel)" time="0.015" />
  <testcase classname="ptolemy.util.test.junit.AutoTests" name="[249] /home/travis/build/icyphy/ptII/ptolemy/actor/lib/test/auto/OrderedRecordUpdater.xml (RunModel)" time="0.009" />
  <testcase classname="ptolemy.util.test.junit.AutoTests" name="[250] /home/travis/build/icyphy/ptII/ptolemy/actor/lib/test/auto/OrderedRecordUpdater2.xml (RunModel)" time="0.016" />
  <testcase classname="ptolemy.util.test.junit.AutoTests" name="[251] /home/travis/build/icyphy/ptII/ptolemy/actor/lib/test/auto/PhaseUnwrap.xml (RunModel)" time="0.014" />
  <testcase classname="ptolemy.util.test.junit.AutoTests" name="[252] /home/travis/build/icyphy/ptII/ptolemy/actor/lib/test/auto/PoissonClock.xml (RunModel)" time="0.007" />
  <testcase classname="ptolemy.util.test.junit.AutoTests" name="[253] /home/travis/build/icyphy/ptII/ptolemy/actor/lib/test/auto/PoissonClock2.xml (RunModel)" time="0.005" />
  <testcase classname="ptolemy.util.test.junit.AutoTests" name="[254] /home/travis/build/icyphy/ptII/ptolemy/actor/lib/test/auto/PoissonClock3.xml (RunModel)" time="0.02" />
  <testcase classname="ptolemy.util.test.junit.AutoTests" name="[255] /home/travis/build/icyphy/ptII/ptolemy/actor/lib/test/auto/PubSubWithInitialTokens.xml (RunModel)" time="0.011" />
  <testcase classname="ptolemy.util.test.junit.AutoTests" name="[256] /home/travis/build/icyphy/ptII/ptolemy/actor/lib/test/auto/PubSubWithInitialTokens2.xml (RunModel)" time="0.008" />
  <testcase classname="ptolemy.util.test.junit.AutoTests" name="[257] /home/travis/build/icyphy/ptII/ptolemy/actor/lib/test/auto/PublisherClassNoParameter.xml (RunModel)" time="0.016" />
  <testcase classname="ptolemy.util.test.junit.AutoTests" name="[258] /home/travis/build/icyphy/ptII/ptolemy/actor/lib/test/auto/PublisherClassParameter.xml (RunModel)" time="0.015" />
  <testcase classname="ptolemy.util.test.junit.AutoTests" name="[259] /home/travis/build/icyphy/ptII/ptolemy/actor/lib/test/auto/PublisherNonStrictTest.xml (RunModel)" time="0.012" />
  <testcase classname="ptolemy.util.test.junit.AutoTests" name="[260] /home/travis/build/icyphy/ptII/ptolemy/actor/lib/test/auto/PublisherPort1.xml (RunModel)" time="0.018" />
  <testcase classname="ptolemy.util.test.junit.AutoTests" name="[261] /home/travis/build/icyphy/ptII/ptolemy/actor/lib/test/auto/PublisherPort2.xml (RunModel)" time="0.018" />
  <testcase classname="ptolemy.util.test.junit.AutoTests" name="[262] /home/travis/build/icyphy/ptII/ptolemy/actor/lib/test/auto/PublisherPort3.xml (RunModel)" time="0.01" />
  <testcase classname="ptolemy.util.test.junit.AutoTests" name="[263] /home/travis/build/icyphy/ptII/ptolemy/actor/lib/test/auto/PublisherPort4.xml (RunModel)" time="0.01" />
  <testcase classname="ptolemy.util.test.junit.AutoTests" name="[264] /home/travis/build/icyphy/ptII/ptolemy/actor/lib/test/auto/PublisherPort5.xml (RunModel)" time="0.012" />
  <testcase classname="ptolemy.util.test.junit.AutoTests" name="[265] /home/travis/build/icyphy/ptII/ptolemy/actor/lib/test/auto/PublisherPort5LookAlike.xml (RunModel)" time="0.016" />
  <testcase classname="ptolemy.util.test.junit.AutoTests" name="[266] /home/travis/build/icyphy/ptII/ptolemy/actor/lib/test/auto/PublisherPort6.xml (RunModel)" time="0.01" />
  <testcase classname="ptolemy.util.test.junit.AutoTests" name="[267] /home/travis/build/icyphy/ptII/ptolemy/actor/lib/test/auto/PublisherPort7.xml (RunModel)" time="0.012" />
  <testcase classname="ptolemy.util.test.junit.AutoTests" name="[268] /home/travis/build/icyphy/ptII/ptolemy/actor/lib/test/auto/PublisherPort8.xml (RunModel)" time="0.02" />
  <testcase classname="ptolemy.util.test.junit.AutoTests" name="[269] /home/travis/build/icyphy/ptII/ptolemy/actor/lib/test/auto/PublisherPortSubscriberChannelVariablesAOC2.xml (RunModel)" time="0.026" />
  <testcase classname="ptolemy.util.test.junit.AutoTests" name="[270] /home/travis/build/icyphy/ptII/ptolemy/actor/lib/test/auto/PublisherPortSubscriberOpaqueWidthInference.xml (RunModel)" time="0.011" />
  <testcase classname="ptolemy.util.test.junit.AutoTests" name="[271] /home/travis/build/icyphy/ptII/ptolemy/actor/lib/test/auto/PublisherPortSubscriberPortAdjacent.xml (RunModel)" time="0.015" />
  <testcase classname="ptolemy.util.test.junit.AutoTests" name="[272] /home/travis/build/icyphy/ptII/ptolemy/actor/lib/test/auto/PublisherPortSubscriberPortExpression.xml (RunModel)" time="0.018" />
  <testcase classname="ptolemy.util.test.junit.AutoTests" name="[273] /home/travis/build/icyphy/ptII/ptolemy/actor/lib/test/auto/PublisherPortSubscriberPortOpaqueD3Reverse.xml (RunModel)" time="0.017" />
  <testcase classname="ptolemy.util.test.junit.AutoTests" name="[274] /home/travis/build/icyphy/ptII/ptolemy/actor/lib/test/auto/PublisherPortSubscriberPortOpaqueWidthInference.xml (RunModel)" time="0.014" />
  <testcase classname="ptolemy.util.test.junit.AutoTests" name="[275] /home/travis/build/icyphy/ptII/ptolemy/actor/lib/test/auto/PublisherPortToplevelSubscriberPortAOC.xml (RunModel)" time="0.008" />
  <testcase classname="ptolemy.util.test.junit.AutoTests" name="[276] /home/travis/build/icyphy/ptII/ptolemy/actor/lib/test/auto/PublisherSubscriber.xml (RunModel)" time="0.017" />
  <testcase classname="ptolemy.util.test.junit.AutoTests" name="[277] /home/travis/build/icyphy/ptII/ptolemy/actor/lib/test/auto/PublisherSubscriber10.xml (RunModel)" time="0.02" />
  <testcase classname="ptolemy.util.test.junit.AutoTests" name="[278] /home/travis/build/icyphy/ptII/ptolemy/actor/lib/test/auto/PublisherSubscriber10InitialOutputs.xml (RunModel)" time="0.022" />
  <testcase classname="ptolemy.util.test.junit.AutoTests" name="[279] /home/travis/build/icyphy/ptII/ptolemy/actor/lib/test/auto/PublisherSubscriber11.xml (RunModel)" time="0.017" />
  <testcase classname="ptolemy.util.test.junit.AutoTests" name="[280] /home/travis/build/icyphy/ptII/ptolemy/actor/lib/test/auto/PublisherSubscriber12.xml (RunModel)" time="0.017" />
  <testcase classname="ptolemy.util.test.junit.AutoTests" name="[281] /home/travis/build/icyphy/ptII/ptolemy/actor/lib/test/auto/PublisherSubscriber13.xml (RunModel)" time="0.007" />
  <testcase classname="ptolemy.util.test.junit.AutoTests" name="[282] /home/travis/build/icyphy/ptII/ptolemy/actor/lib/test/auto/PublisherSubscriber14.xml (RunModel)" time="0.017" />
  <testcase classname="ptolemy.util.test.junit.AutoTests" name="[283] /home/travis/build/icyphy/ptII/ptolemy/actor/lib/test/auto/PublisherSubscriber2.xml (RunModel)" time="0.007" />
  <testcase classname="ptolemy.util.test.junit.AutoTests" name="[284] /home/travis/build/icyphy/ptII/ptolemy/actor/lib/test/auto/PublisherSubscriber3.xml (RunModel)" time="0.007" />
  <testcase classname="ptolemy.util.test.junit.AutoTests" name="[285] /home/travis/build/icyphy/ptII/ptolemy/actor/lib/test/auto/PublisherSubscriber4.xml (RunModel)" time="0.007" />
  <testcase classname="ptolemy.util.test.junit.AutoTests" name="[286] /home/travis/build/icyphy/ptII/ptolemy/actor/lib/test/auto/PublisherSubscriber5.xml (RunModel)" time="0.009" />
  <testcase classname="ptolemy.util.test.junit.AutoTests" name="[287] /home/travis/build/icyphy/ptII/ptolemy/actor/lib/test/auto/PublisherSubscriber6.xml (RunModel)" time="0.013" />
  <testcase classname="ptolemy.util.test.junit.AutoTests" name="[288] /home/travis/build/icyphy/ptII/ptolemy/actor/lib/test/auto/PublisherSubscriber7.xml (RunModel)" time="0.015" />
  <testcase classname="ptolemy.util.test.junit.AutoTests" name="[289] /home/travis/build/icyphy/ptII/ptolemy/actor/lib/test/auto/PublisherSubscriber8.xml (RunModel)" time="0.027" />
  <testcase classname="ptolemy.util.test.junit.AutoTests" name="[290] /home/travis/build/icyphy/ptII/ptolemy/actor/lib/test/auto/PublisherSubscriber9.xml (RunModel)" time="0.014" />
  <testcase classname="ptolemy.util.test.junit.AutoTests" name="[291] /home/travis/build/icyphy/ptII/ptolemy/actor/lib/test/auto/PublisherSubscriberAdjacent.xml (RunModel)" time="0.013" />
  <testcase classname="ptolemy.util.test.junit.AutoTests" name="[292] /home/travis/build/icyphy/ptII/ptolemy/actor/lib/test/auto/PublisherSubscriberChannelVariablesAOC2.xml (RunModel)" time="0.024" />
  <testcase classname="ptolemy.util.test.junit.AutoTests" name="[293] /home/travis/build/icyphy/ptII/ptolemy/actor/lib/test/auto/PublisherSubscriberD3.xml (RunModel)" time="0.01" />
  <testcase classname="ptolemy.util.test.junit.AutoTests" name="[294] /home/travis/build/icyphy/ptII/ptolemy/actor/lib/test/auto/PublisherSubscriberD3Reverse.xml (RunModel)" time="0.008" />
  <testcase classname="ptolemy.util.test.junit.AutoTests" name="[295] /home/travis/build/icyphy/ptII/ptolemy/actor/lib/test/auto/PublisherSubscriberExpression.xml (RunModel)" time="0.013" />
  <testcase classname="ptolemy.util.test.junit.AutoTests" name="[296] /home/travis/build/icyphy/ptII/ptolemy/actor/lib/test/auto/PublisherSubscriberOpaque.xml (RunModel)" time="0.012" />
  <testcase classname="ptolemy.util.test.junit.AutoTests" name="[297] /home/travis/build/icyphy/ptII/ptolemy/actor/lib/test/auto/PublisherSubscriberOpaqueD3.xml (RunModel)" time="0.018" />
  <testcase classname="ptolemy.util.test.junit.AutoTests" name="[298] /home/travis/build/icyphy/ptII/ptolemy/actor/lib/test/auto/PublisherSubscriberOpaqueD3Reverse.xml (RunModel)" time="0.019" />
  <testcase classname="ptolemy.util.test.junit.AutoTests" name="[299] /home/travis/build/icyphy/ptII/ptolemy/actor/lib/test/auto/PublisherSubscriberOpaqueWidthInference.xml (RunModel)" time="0.014" />
  <testcase classname="ptolemy.util.test.junit.AutoTests" name="[300] /home/travis/build/icyphy/ptII/ptolemy/actor/lib/test/auto/PublisherTestSubscriber.xml (RunModel)" time="0.018" />
  <testcase classname="ptolemy.util.test.junit.AutoTests" name="[301] /home/travis/build/icyphy/ptII/ptolemy/actor/lib/test/auto/PublisherToplevelSubscriberPortAOC.xml (RunModel)" time="0.008" />
  <testcase classname="ptolemy.util.test.junit.AutoTests" name="[302] /home/travis/build/icyphy/ptII/ptolemy/actor/lib/test/auto/PulseFiringLimitDE.xml (RunModel)" time="0.011" />
  <testcase classname="ptolemy.util.test.junit.AutoTests" name="[303] /home/travis/build/icyphy/ptII/ptolemy/actor/lib/test/auto/Ramp1.xml (RunModel)" time="0.005" />
  <testcase classname="ptolemy.util.test.junit.AutoTests" name="[304] /home/travis/build/icyphy/ptII/ptolemy/actor/lib/test/auto/RampFiringLimitDE.xml (RunModel)" time="0.01" />
  <testcase classname="ptolemy.util.test.junit.AutoTests" name="[305] /home/travis/build/icyphy/ptII/ptolemy/actor/lib/test/auto/RampFiringLimitSDF.xml (RunModel)" time="0.007" />
  <testcase classname="ptolemy.util.test.junit.AutoTests" name="[306] /home/travis/build/icyphy/ptII/ptolemy/actor/lib/test/auto/RandomInteger.xml (RunModel)" time="0.005" />
  <testcase classname="ptolemy.util.test.junit.AutoTests" name="[307] /home/travis/build/icyphy/ptII/ptolemy/actor/lib/test/auto/ReadFile1.xml (RunModel)" time="0.005" />
  <testcase classname="ptolemy.util.test.junit.AutoTests" name="[308] /home/travis/build/icyphy/ptII/ptolemy/actor/lib/test/auto/ReadFile2.xml (RunModel)" time="0.007" />
  <testcase classname="ptolemy.util.test.junit.AutoTests" name="[309] /home/travis/build/icyphy/ptII/ptolemy/actor/lib/test/auto/Reader.xml (RunModel)" time="0.009" />
  <testcase classname="ptolemy.util.test.junit.AutoTests" name="[310] /home/travis/build/icyphy/ptII/ptolemy/actor/lib/test/auto/RecordAssemblerDisplayNameTest.xml (RunModel)" time="3.272" />
  <testcase classname="ptolemy.util.test.junit.AutoTests" name="[311] /home/travis/build/icyphy/ptII/ptolemy/actor/lib/test/auto/RecordAssemblerTypeError.xml (RunModel)" time="0.025" />
  <testcase classname="ptolemy.util.test.junit.AutoTests" name="[312] /home/travis/build/icyphy/ptII/ptolemy/actor/lib/test/auto/RecordDisassember.xml (RunModel)" time="0.014" />
  <testcase classname="ptolemy.util.test.junit.AutoTests" name="[313] /home/travis/build/icyphy/ptII/ptolemy/actor/lib/test/auto/RecordDisassemberDisplayNameTest.xml (RunModel)" time="0.019" />
  <testcase classname="ptolemy.util.test.junit.AutoTests" name="[314] /home/travis/build/icyphy/ptII/ptolemy/actor/lib/test/auto/RecordDisassembler.xml (RunModel)" time="0.009" />
  <testcase classname="ptolemy.util.test.junit.AutoTests" name="[315] /home/travis/build/icyphy/ptII/ptolemy/actor/lib/test/auto/RecordDisassembler2.xml (RunModel)" time="0.015" />
  <testcase classname="ptolemy.util.test.junit.AutoTests" name="[316] /home/travis/build/icyphy/ptII/ptolemy/actor/lib/test/auto/RecordUpdater.xml (RunModel)" time="0.007" />
  <testcase classname="ptolemy.util.test.junit.AutoTests" name="[317] /home/travis/build/icyphy/ptII/ptolemy/actor/lib/test/auto/RecordUpdater2.xml (RunModel)" time="0.006" />
  <testcase classname="ptolemy.util.test.junit.AutoTests" name="[318] /home/travis/build/icyphy/ptII/ptolemy/actor/lib/test/auto/RecursiveLattice.xml (RunModel)" time="0.006" />
  <testcase classname="ptolemy.util.test.junit.AutoTests" name="[319] /home/travis/build/icyphy/ptII/ptolemy/actor/lib/test/auto/Router.xml (RunModel)" time="3.019" />
  <testcase classname="ptolemy.util.test.junit.AutoTests" name="[320] /home/travis/build/icyphy/ptII/ptolemy/actor/lib/test/auto/Router2.xml (RunModel)" time="3.02" />
  <testcase classname="ptolemy.util.test.junit.AutoTests" name="[321] /home/travis/build/icyphy/ptII/ptolemy/actor/lib/test/auto/RunningMaximum.xml (RunModel)" time="0.012" />
  <testcase classname="ptolemy.util.test.junit.AutoTests" name="[322] /home/travis/build/icyphy/ptII/ptolemy/actor/lib/test/auto/RunningMinimum.xml (RunModel)" time="0.036" />
  <testcase classname="ptolemy.util.test.junit.AutoTests" name="[323] /home/travis/build/icyphy/ptII/ptolemy/actor/lib/test/auto/Scale.xml (RunModel)" time="0.013" />
  <testcase classname="ptolemy.util.test.junit.AutoTests" name="[324] /home/travis/build/icyphy/ptII/ptolemy/actor/lib/test/auto/Scale2.xml (RunModel)" time="0.008" />
  <testcase classname="ptolemy.util.test.junit.AutoTests" name="[325] /home/travis/build/icyphy/ptII/ptolemy/actor/lib/test/auto/Scale3.xml (RunModel)" time="0.015" />
  <testcase classname="ptolemy.util.test.junit.AutoTests" name="[326] /home/travis/build/icyphy/ptII/ptolemy/actor/lib/test/auto/ScaleArray.xml (RunModel)" time="0.006" />
  <testcase classname="ptolemy.util.test.junit.AutoTests" name="[327] /home/travis/build/icyphy/ptII/ptolemy/actor/lib/test/auto/ScaleArray2.xml (RunModel)" time="0.006" />
  <testcase classname="ptolemy.util.test.junit.AutoTests" name="[328] /home/travis/build/icyphy/ptII/ptolemy/actor/lib/test/auto/ScaleMatrix.xml (RunModel)" time="0.142" />
  <testcase classname="ptolemy.util.test.junit.AutoTests" name="[329] /home/travis/build/icyphy/ptII/ptolemy/actor/lib/test/auto/Select.xml (RunModel)" time="0.027" />
  <testcase classname="ptolemy.util.test.junit.AutoTests" name="[330] /home/travis/build/icyphy/ptII/ptolemy/actor/lib/test/auto/Select2.xml (RunModel)" time="0.008" />
  <testcase classname="ptolemy.util.test.junit.AutoTests" name="[331] /home/travis/build/icyphy/ptII/ptolemy/actor/lib/test/auto/SequenceToArray2.xml (RunModel)" time="0.135" />
  <testcase classname="ptolemy.util.test.junit.AutoTests" name="[332] /home/travis/build/icyphy/ptII/ptolemy/actor/lib/test/auto/SequentialClock.xml (RunModel)" time="0.011" />
  <testcase classname="ptolemy.util.test.junit.AutoTests" name="[333] /home/travis/build/icyphy/ptII/ptolemy/actor/lib/test/auto/SetVariable.xml (RunModel)" time="0.008" />
  <testcase classname="ptolemy.util.test.junit.AutoTests" name="[334] /home/travis/build/icyphy/ptII/ptolemy/actor/lib/test/auto/SetVariable2.xml (RunModel)" time="0.013" />
  <testcase classname="ptolemy.util.test.junit.AutoTests" name="[335] /home/travis/build/icyphy/ptII/ptolemy/actor/lib/test/auto/SetVariable3.xml (RunModel)" time="0.016" />
  <testcase classname="ptolemy.util.test.junit.AutoTests" name="[336] /home/travis/build/icyphy/ptII/ptolemy/actor/lib/test/auto/SetVariable4.xml (RunModel)" time="0.021" />
  <testcase classname="ptolemy.util.test.junit.AutoTests" name="[337] /home/travis/build/icyphy/ptII/ptolemy/actor/lib/test/auto/SetVariable5.xml (RunModel)" time="0.032" />
  <testcase classname="ptolemy.util.test.junit.AutoTests" name="[338] /home/travis/build/icyphy/ptII/ptolemy/actor/lib/test/auto/Sinewave.xml (RunModel)" time="0.022" />
  <testcase classname="ptolemy.util.test.junit.AutoTests" name="[339] /home/travis/build/icyphy/ptII/ptolemy/actor/lib/test/auto/Sinewave2.xml (RunModel)" time="0.015" />
  <testcase classname="ptolemy.util.test.junit.AutoTests" name="[340] /home/travis/build/icyphy/ptII/ptolemy/actor/lib/test/auto/Sinewave3.xml (RunModel)" time="0.023" />
  <testcase classname="ptolemy.util.test.junit.AutoTests" name="[341] /home/travis/build/icyphy/ptII/ptolemy/actor/lib/test/auto/SingleEvent.xml (RunModel)" time="0.006" />
  <testcase classname="ptolemy.util.test.junit.AutoTests" name="[342] /home/travis/build/icyphy/ptII/ptolemy/actor/lib/test/auto/Sleep.xml (RunModel)" time="6.011" />
  <testcase classname="ptolemy.util.test.junit.AutoTests" name="[343] /home/travis/build/icyphy/ptII/ptolemy/actor/lib/test/auto/SleepMultipleFire.xml (RunModel)" time="1.021" />
  <testcase classname="ptolemy.util.test.junit.AutoTests" name="[344] /home/travis/build/icyphy/ptII/ptolemy/actor/lib/test/auto/StopDE.xml (RunModel)" time="0.012" />
  <testcase classname="ptolemy.util.test.junit.AutoTests" name="[345] /home/travis/build/icyphy/ptII/ptolemy/actor/lib/test/auto/StopSDF.xml (RunModel)" time="0.016" />
  <testcase classname="ptolemy.util.test.junit.AutoTests" name="[346] /home/travis/build/icyphy/ptII/ptolemy/actor/lib/test/auto/StringConstant.xml (RunModel)" time="0.015" />
  <testcase classname="ptolemy.util.test.junit.AutoTests" name="[347] /home/travis/build/icyphy/ptII/ptolemy/actor/lib/test/auto/SubscriberPortInitialValues1.xml (RunModel)" time="0.028" />
  <testcase classname="ptolemy.util.test.junit.AutoTests" name="[348] /home/travis/build/icyphy/ptII/ptolemy/actor/lib/test/auto/SubscriberPortInitialValues13.xml (RunModel)" time="0.025" />
  <testcase classname="ptolemy.util.test.junit.AutoTests" name="[349] /home/travis/build/icyphy/ptII/ptolemy/actor/lib/test/auto/SubscriberPortInitialValues14.xml (RunModel)" time="0.013" />
  <testcase classname="ptolemy.util.test.junit.AutoTests" name="[350] /home/travis/build/icyphy/ptII/ptolemy/actor/lib/test/auto/SubscriberPortInitialValues2.xml (RunModel)" time="0.013" />
  <testcase classname="ptolemy.util.test.junit.AutoTests" name="[351] /home/travis/build/icyphy/ptII/ptolemy/actor/lib/test/auto/SubscriberPortInitialValues3.xml (RunModel)" time="0.016" />
  <testcase classname="ptolemy.util.test.junit.AutoTests" name="[352] /home/travis/build/icyphy/ptII/ptolemy/actor/lib/test/auto/SubscriptionAggregator.xml (RunModel)" time="0.01" />
  <testcase classname="ptolemy.util.test.junit.AutoTests" name="[353] /home/travis/build/icyphy/ptII/ptolemy/actor/lib/test/auto/SubscriptionAggregator2.xml (RunModel)" time="0.009" />
  <testcase classname="ptolemy.util.test.junit.AutoTests" name="[354] /home/travis/build/icyphy/ptII/ptolemy/actor/lib/test/auto/SubscriptionAggregator3.xml (RunModel)" time="0.014" />
  <testcase classname="ptolemy.util.test.junit.AutoTests" name="[355] /home/travis/build/icyphy/ptII/ptolemy/actor/lib/test/auto/SubscriptionAggregatorMultiply.xml (RunModel)" time="0.019" />
  <testcase classname="ptolemy.util.test.junit.AutoTests" name="[356] /home/travis/build/icyphy/ptII/ptolemy/actor/lib/test/auto/SubscriptionAggregatorPortMultiply1.xml (RunModel)" time="0.015" />
  <testcase classname="ptolemy.util.test.junit.AutoTests" name="[357] /home/travis/build/icyphy/ptII/ptolemy/actor/lib/test/auto/Switch.xml (RunModel)" time="0.016" />
  <testcase classname="ptolemy.util.test.junit.AutoTests" name="[358] /home/travis/build/icyphy/ptII/ptolemy/actor/lib/test/auto/Switch2.xml (RunModel)" time="0.012" />
  <testcase classname="ptolemy.util.test.junit.AutoTests" name="[359] /home/travis/build/icyphy/ptII/ptolemy/actor/lib/test/auto/SwitchDE.xml (RunModel)" time="0.013" />
  <testcase classname="ptolemy.util.test.junit.AutoTests" name="[360] /home/travis/build/icyphy/ptII/ptolemy/actor/lib/test/auto/SynchronizerDE.xml (RunModel)" time="0.019" />
  <testcase classname="ptolemy.util.test.junit.AutoTests" name="[361] /home/travis/build/icyphy/ptII/ptolemy/actor/lib/test/auto/Test.xml (RunModel)" time="0.016" />
  <testcase classname="ptolemy.util.test.junit.AutoTests" name="[362] /home/travis/build/icyphy/ptII/ptolemy/actor/lib/test/auto/TestExceptionAttribute1.xml (RunModel)" time="0.011" />
  <testcase classname="ptolemy.util.test.junit.AutoTests" name="[363] /home/travis/build/icyphy/ptII/ptolemy/actor/lib/test/auto/TestExceptionAttribute2.xml (RunModel)" time="0.006" />
  <testcase classname="ptolemy.util.test.junit.AutoTests" name="[364] /home/travis/build/icyphy/ptII/ptolemy/actor/lib/test/auto/TestExceptionAttribute3.xml (RunModel)" time="0.005" />
  <testcase classname="ptolemy.util.test.junit.AutoTests" name="[365] /home/travis/build/icyphy/ptII/ptolemy/actor/lib/test/auto/TestExceptionAttribute4.xml (RunModel)" time="0.005" />
  <testcase classname="ptolemy.util.test.junit.AutoTests" name="[366] /home/travis/build/icyphy/ptII/ptolemy/actor/lib/test/auto/TestExceptionHandler1.xml (RunModel)" time="0.005" />
  <testcase classname="ptolemy.util.test.junit.AutoTests" name="[367] /home/travis/build/icyphy/ptII/ptolemy/actor/lib/test/auto/TestExceptionHandler2.xml (RunModel)" time="0.006" />
  <testcase classname="ptolemy.util.test.junit.AutoTests" name="[368] /home/travis/build/icyphy/ptII/ptolemy/actor/lib/test/auto/TestExceptionHandler3.xml (RunModel)" time="0.005" />
  <testcase classname="ptolemy.util.test.junit.AutoTests" name="[369] /home/travis/build/icyphy/ptII/ptolemy/actor/lib/test/auto/TestExceptionHandler4.xml (RunModel)" time="0.005" />
  <testcase classname="ptolemy.util.test.junit.AutoTests" name="[370] /home/travis/build/icyphy/ptII/ptolemy/actor/lib/test/auto/TestRequireCorrectOrder.xml (RunModel)" time="0.007" />
  <testcase classname="ptolemy.util.test.junit.AutoTests" name="[371] /home/travis/build/icyphy/ptII/ptolemy/actor/lib/test/auto/TestSimple.xml (RunModel)" time="0.009" />
  <testcase classname="ptolemy.util.test.junit.AutoTests" name="[372] /home/travis/build/icyphy/ptII/ptolemy/actor/lib/test/auto/ThrowModelError.xml (RunModel)" time="0.009" />
  <testcase classname="ptolemy.util.test.junit.AutoTests" name="[373] /home/travis/build/icyphy/ptII/ptolemy/actor/lib/test/auto/TimeDelayMicrosteps.xml (RunModel)" time="0.011" />
  <testcase classname="ptolemy.util.test.junit.AutoTests" name="[374] /home/travis/build/icyphy/ptII/ptolemy/actor/lib/test/auto/TimeDelayMicrosteps2.xml (RunModel)" time="0.013" />
  <testcase classname="ptolemy.util.test.junit.AutoTests" name="[375] /home/travis/build/icyphy/ptII/ptolemy/actor/lib/test/auto/TimeDelayMicrosteps3.xml (RunModel)" time="0.014" />
  <testcase classname="ptolemy.util.test.junit.AutoTests" name="[376] /home/travis/build/icyphy/ptII/ptolemy/actor/lib/test/auto/TimeDelayVariableMicrosteps.xml (RunModel)" time="0.011" />
  <testcase classname="ptolemy.util.test.junit.AutoTests" name="[377] /home/travis/build/icyphy/ptII/ptolemy/actor/lib/test/auto/TimeGap.xml (RunModel)" time="0.015" />
  <testcase classname="ptolemy.util.test.junit.AutoTests" name="[378] /home/travis/build/icyphy/ptII/ptolemy/actor/lib/test/auto/TimeGap2.xml (RunModel)" time="0.009" />
  <testcase classname="ptolemy.util.test.junit.AutoTests" name="[379] /home/travis/build/icyphy/ptII/ptolemy/actor/lib/test/auto/TimedSinewave.xml (RunModel)" time="0.042" />
  <testcase classname="ptolemy.util.test.junit.AutoTests" name="[380] /home/travis/build/icyphy/ptII/ptolemy/actor/lib/test/auto/TimedSinewavePhase.xml (RunModel)" time="0.031" />
  <testcase classname="ptolemy.util.test.junit.AutoTests" name="[381] /home/travis/build/icyphy/ptII/ptolemy/actor/lib/test/auto/Timer.xml (RunModel)" time="0.015" />
  <testcase classname="ptolemy.util.test.junit.AutoTests" name="[382] /home/travis/build/icyphy/ptII/ptolemy/actor/lib/test/auto/TriangularDistTestModel.xml (RunModel)" time="0.014" />
  <testcase classname="ptolemy.util.test.junit.AutoTests" name="[383] /home/travis/build/icyphy/ptII/ptolemy/actor/lib/test/auto/TrigFunction.xml (RunModel)" time="0.007" />
  <testcase classname="ptolemy.util.test.junit.AutoTests" name="[384] /home/travis/build/icyphy/ptII/ptolemy/actor/lib/test/auto/TrigFunctionDE.xml (RunModel)" time="0.009" />
  <testcase classname="ptolemy.util.test.junit.AutoTests" name="[385] /home/travis/build/icyphy/ptII/ptolemy/actor/lib/test/auto/TrigFunctionInverse.xml (RunModel)" time="0.008" />
  <testcase classname="ptolemy.util.test.junit.AutoTests" name="[386] /home/travis/build/icyphy/ptII/ptolemy/actor/lib/test/auto/TrigFunctionTan.xml (RunModel)" time="0.015" />
  <testcase classname="ptolemy.util.test.junit.AutoTests" name="[387] /home/travis/build/icyphy/ptII/ptolemy/actor/lib/test/auto/TriggeredClock.xml (RunModel)" time="0.007" />
  <testcase classname="ptolemy.util.test.junit.AutoTests" name="[388] /home/travis/build/icyphy/ptII/ptolemy/actor/lib/test/auto/URLDirectoryReader.xml (RunModel)" time="0.099" />
  <testcase classname="ptolemy.util.test.junit.AutoTests" name="[389] /home/travis/build/icyphy/ptII/ptolemy/actor/lib/test/auto/URLDirectoryReader3.xml (RunModel)" time="1.625" />
  <testcase classname="ptolemy.util.test.junit.AutoTests" name="[390] /home/travis/build/icyphy/ptII/ptolemy/actor/lib/test/auto/UnaryMathFunction.xml (RunModel)" time="0.035" />
  <testcase classname="ptolemy.util.test.junit.AutoTests" name="[391] /home/travis/build/icyphy/ptII/ptolemy/actor/lib/test/auto/Uniform.xml (RunModel)" time="0.011" />
  <testcase classname="ptolemy.util.test.junit.AutoTests" name="[392] /home/travis/build/icyphy/ptII/ptolemy/actor/lib/test/auto/UnionDisassemblerTest.xml (RunModel)" time="0.016" />
  <testcase classname="ptolemy.util.test.junit.AutoTests" name="[393] /home/travis/build/icyphy/ptII/ptolemy/actor/lib/test/auto/UtilityFunctions.xml (RunModel)" time="0.006" />
  <testcase classname="ptolemy.util.test.junit.AutoTests" name="[394] /home/travis/build/icyphy/ptII/ptolemy/actor/lib/test/auto/VariableSleep.xml (RunModel)" time="0.509" />
  <testcase classname="ptolemy.util.test.junit.AutoTests" name="[395] /home/travis/build/icyphy/ptII/ptolemy/actor/lib/test/auto/VectorAssemblerDisassemblerCT.xml (RunModel)" time="0.1" />
  <testcase classname="ptolemy.util.test.junit.AutoTests" name="[396] /home/travis/build/icyphy/ptII/ptolemy/actor/lib/test/auto/VectorAssemblerDisassemblerDE.xml (RunModel)" time="0.011" />
  <testcase classname="ptolemy.util.test.junit.AutoTests" name="[397] /home/travis/build/icyphy/ptII/ptolemy/actor/lib/test/auto/VectorAssemblerDisassemblerSDF.xml (RunModel)" time="0.01" />
  <testcase classname="ptolemy.util.test.junit.AutoTests" name="[398] /home/travis/build/icyphy/ptII/ptolemy/actor/lib/test/auto/WallClockTime.xml (RunModel)" time="1.01" />
  <testcase classname="ptolemy.util.test.junit.AutoTests" name="[399] /home/travis/build/icyphy/ptII/ptolemy/actor/lib/test/auto/WidthTestWithSubscriberPublisher.xml (RunModel)" time="0.038" />
  <testcase classname="ptolemy.util.test.junit.AutoTests" name="[400] /home/travis/build/icyphy/ptII/ptolemy/actor/lib/test/auto/WidthTestWithSubscriberPublisher2.xml (RunModel)" time="0.013" />
  <testcase classname="ptolemy.util.test.junit.AutoTests" name="[401] /home/travis/build/icyphy/ptII/ptolemy/actor/lib/test/auto/WidthTestWithSubscriberPublisher3.xml (RunModel)" time="0.009" />
  <testcase classname="ptolemy.util.test.junit.AutoTests" name="[402] /home/travis/build/icyphy/ptII/ptolemy/actor/lib/test/auto/Writer.xml (RunModel)" time="0.006" />
  <testcase classname="ptolemy.util.test.junit.AutoTests" name="[403] /home/travis/build/icyphy/ptII/ptolemy/actor/lib/test/auto/array.xml (RunModel)" time="0.007" />
  <testcase classname="ptolemy.util.test.junit.AutoTests" name="[404] /home/travis/build/icyphy/ptII/ptolemy/actor/lib/test/auto/array2.xml (RunModel)" time="0.009" />
  <testcase classname="ptolemy.util.test.junit.AutoTests" name="[405] /home/travis/build/icyphy/ptII/ptolemy/actor/lib/test/auto/arrayType.xml (RunModel)" time="0.01" />
  <testcase classname="ptolemy.util.test.junit.AutoTests" name="[406] /home/travis/build/icyphy/ptII/ptolemy/actor/lib/test/auto/arrayType10.xml (RunModel)" time="0.007" />
  <testcase classname="ptolemy.util.test.junit.AutoTests" name="[407] /home/travis/build/icyphy/ptII/ptolemy/actor/lib/test/auto/arrayType11.xml (RunModel)" time="0.007" />
  <testcase classname="ptolemy.util.test.junit.AutoTests" name="[408] /home/travis/build/icyphy/ptII/ptolemy/actor/lib/test/auto/arrayType12.xml (RunModel)" time="0.006" />
  <testcase classname="ptolemy.util.test.junit.AutoTests" name="[409] /home/travis/build/icyphy/ptII/ptolemy/actor/lib/test/auto/arrayType13.xml (RunModel)" time="0.007" />
  <testcase classname="ptolemy.util.test.junit.AutoTests" name="[410] /home/travis/build/icyphy/ptII/ptolemy/actor/lib/test/auto/arrayType14.xml (RunModel)" time="0.006" />
  <testcase classname="ptolemy.util.test.junit.AutoTests" name="[411] /home/travis/build/icyphy/ptII/ptolemy/actor/lib/test/auto/arrayType15.xml (RunModel)" time="0.008" />
  <testcase classname="ptolemy.util.test.junit.AutoTests" name="[412] /home/travis/build/icyphy/ptII/ptolemy/actor/lib/test/auto/arrayType16.xml (RunModel)" time="0.007" />
  <testcase classname="ptolemy.util.test.junit.AutoTests" name="[413] /home/travis/build/icyphy/ptII/ptolemy/actor/lib/test/auto/arrayType17.xml (RunModel)" time="0.007" />
  <testcase classname="ptolemy.util.test.junit.AutoTests" name="[414] /home/travis/build/icyphy/ptII/ptolemy/actor/lib/test/auto/arrayType18.xml (RunModel)" time="0.008" />
  <testcase classname="ptolemy.util.test.junit.AutoTests" name="[415] /home/travis/build/icyphy/ptII/ptolemy/actor/lib/test/auto/arrayType19.xml (RunModel)" time="0.006" />
  <testcase classname="ptolemy.util.test.junit.AutoTests" name="[416] /home/travis/build/icyphy/ptII/ptolemy/actor/lib/test/auto/arrayType2.xml (RunModel)" time="0.007" />
  <testcase classname="ptolemy.util.test.junit.AutoTests" name="[417] /home/travis/build/icyphy/ptII/ptolemy/actor/lib/test/auto/arrayType20.xml (RunModel)" time="0.007" />
  <testcase classname="ptolemy.util.test.junit.AutoTests" name="[418] /home/travis/build/icyphy/ptII/ptolemy/actor/lib/test/auto/arrayType21.xml (RunModel)" time="0.008" />
  <testcase classname="ptolemy.util.test.junit.AutoTests" name="[419] /home/travis/build/icyphy/ptII/ptolemy/actor/lib/test/auto/arrayType22.xml (RunModel)" time="0.006" />
  <testcase classname="ptolemy.util.test.junit.AutoTests" name="[420] /home/travis/build/icyphy/ptII/ptolemy/actor/lib/test/auto/arrayType23.xml (RunModel)" time="0.006" />
  <testcase classname="ptolemy.util.test.junit.AutoTests" name="[421] /home/travis/build/icyphy/ptII/ptolemy/actor/lib/test/auto/arrayType24.xml (RunModel)" time="0.007" />
  <testcase classname="ptolemy.util.test.junit.AutoTests" name="[422] /home/travis/build/icyphy/ptII/ptolemy/actor/lib/test/auto/arrayType25.xml (RunModel)" time="0.007" />
  <testcase classname="ptolemy.util.test.junit.AutoTests" name="[423] /home/travis/build/icyphy/ptII/ptolemy/actor/lib/test/auto/arrayType26.xml (RunModel)" time="0.007" />
  <testcase classname="ptolemy.util.test.junit.AutoTests" name="[424] /home/travis/build/icyphy/ptII/ptolemy/actor/lib/test/auto/arrayType27.xml (RunModel)" time="0.007" />
  <testcase classname="ptolemy.util.test.junit.AutoTests" name="[425] /home/travis/build/icyphy/ptII/ptolemy/actor/lib/test/auto/arrayType28.xml (RunModel)" time="0.008" />
  <testcase classname="ptolemy.util.test.junit.AutoTests" name="[426] /home/travis/build/icyphy/ptII/ptolemy/actor/lib/test/auto/arrayType3.xml (RunModel)" time="0.01" />
  <testcase classname="ptolemy.util.test.junit.AutoTests" name="[427] /home/travis/build/icyphy/ptII/ptolemy/actor/lib/test/auto/arrayType4.xml (RunModel)" time="0.007" />
  <testcase classname="ptolemy.util.test.junit.AutoTests" name="[428] /home/travis/build/icyphy/ptII/ptolemy/actor/lib/test/auto/arrayType5.xml (RunModel)" time="0.01" />
  <testcase classname="ptolemy.util.test.junit.AutoTests" name="[429] /home/travis/build/icyphy/ptII/ptolemy/actor/lib/test/auto/arrayType6.xml (RunModel)" time="0.006" />
  <testcase classname="ptolemy.util.test.junit.AutoTests" name="[430] /home/travis/build/icyphy/ptII/ptolemy/actor/lib/test/auto/arrayType7.xml (RunModel)" time="0.006" />
  <testcase classname="ptolemy.util.test.junit.AutoTests" name="[431] /home/travis/build/icyphy/ptII/ptolemy/actor/lib/test/auto/arrayType8.xml (RunModel)" time="0.038" />
  <testcase classname="ptolemy.util.test.junit.AutoTests" name="[432] /home/travis/build/icyphy/ptII/ptolemy/actor/lib/test/auto/arrayType9.xml (RunModel)" time="0.033" />
  <testcase classname="ptolemy.util.test.junit.AutoTests" name="[433] /home/travis/build/icyphy/ptII/ptolemy/actor/lib/test/auto/cast.xml (RunModel)" time="0.038" />
  <testcase classname="ptolemy.util.test.junit.AutoTests" name="[434] /home/travis/build/icyphy/ptII/ptolemy/actor/lib/test/auto/compositeMultiPort.xml (RunModel)" time="0.057" />
  <testcase classname="ptolemy.util.test.junit.AutoTests" name="[435] /home/travis/build/icyphy/ptII/ptolemy/actor/lib/test/auto/expressionCastInference.xml (RunModel)" time="0.031" />
  <testcase classname="ptolemy.util.test.junit.AutoTests" name="[436] /home/travis/build/icyphy/ptII/ptolemy/actor/lib/test/auto/expressionCastInference2.xml (RunModel)" time="0.032" />
  <testcase classname="ptolemy.util.test.junit.AutoTests" name="[437] /home/travis/build/icyphy/ptII/ptolemy/actor/lib/test/auto/expressionInference.xml (RunModel)" time="0.023" />
  <testcase classname="ptolemy.util.test.junit.AutoTests" name="[438] /home/travis/build/icyphy/ptII/ptolemy/actor/lib/test/auto/expression_bug.xml (RunModel)" time="0.005" />
  <testcase classname="ptolemy.util.test.junit.AutoTests" name="[439] /home/travis/build/icyphy/ptII/ptolemy/actor/lib/test/auto/factorial.xml (RunModel)" time="0.039" />
  <testcase classname="ptolemy.util.test.junit.AutoTests" name="[440] /home/travis/build/icyphy/ptII/ptolemy/actor/lib/test/auto/filterTest1.xml (RunModel)" time="0.011" />
  <testcase classname="ptolemy.util.test.junit.AutoTests" name="[441] /home/travis/build/icyphy/ptII/ptolemy/actor/lib/test/auto/funcApplyInConst.xml (RunModel)" time="0.01" />
  <testcase classname="ptolemy.util.test.junit.AutoTests" name="[442] /home/travis/build/icyphy/ptII/ptolemy/actor/lib/test/auto/funcApplyInExpr.xml (RunModel)" time="0.004" />
  <testcase classname="ptolemy.util.test.junit.AutoTests" name="[443] /home/travis/build/icyphy/ptII/ptolemy/actor/lib/test/auto/function.xml (RunModel)" time="0.007" />
  <testcase classname="ptolemy.util.test.junit.AutoTests" name="[444] /home/travis/build/icyphy/ptII/ptolemy/actor/lib/test/auto/function2.xml (RunModel)" time="0.006" />
  <testcase classname="ptolemy.util.test.junit.AutoTests" name="[445] /home/travis/build/icyphy/ptII/ptolemy/actor/lib/test/auto/function3.xml (RunModel)" time="0.006" />
  <testcase classname="ptolemy.util.test.junit.AutoTests" name="[446] /home/travis/build/icyphy/ptII/ptolemy/actor/lib/test/auto/functionClosureTest1.xml (RunModel)" time="0.009" />
  <testcase classname="ptolemy.util.test.junit.AutoTests" name="[447] /home/travis/build/icyphy/ptII/ptolemy/actor/lib/test/auto/functionClosureTest2.xml (RunModel)" time="0.005" />
  <testcase classname="ptolemy.util.test.junit.AutoTests" name="[448] /home/travis/build/icyphy/ptII/ptolemy/actor/lib/test/auto/functionClosureTest3.xml (RunModel)" time="0.007" />
  <testcase classname="ptolemy.util.test.junit.AutoTests" name="[449] /home/travis/build/icyphy/ptII/ptolemy/actor/lib/test/auto/functionClosureTest4.xml (RunModel)" time="0.01" />
  <testcase classname="ptolemy.util.test.junit.AutoTests" name="[450] /home/travis/build/icyphy/ptII/ptolemy/actor/lib/test/auto/functionClosureTest5.xml (RunModel)" time="0.008" />
  <testcase classname="ptolemy.util.test.junit.AutoTests" name="[451] /home/travis/build/icyphy/ptII/ptolemy/actor/lib/test/auto/functionClosureTest6.xml (RunModel)" time="0.006" />
  <testcase classname="ptolemy.util.test.junit.AutoTests" name="[452] /home/travis/build/icyphy/ptII/ptolemy/actor/lib/test/auto/functionsOnArcs.xml (RunModel)" time="0.007" />
  <testcase classname="ptolemy.util.test.junit.AutoTests" name="[453] /home/travis/build/icyphy/ptII/ptolemy/actor/lib/test/auto/functionsOnArcsHOF.xml (RunModel)" time="0.009" />
  <testcase classname="ptolemy.util.test.junit.AutoTests" name="[454] /home/travis/build/icyphy/ptII/ptolemy/actor/lib/test/auto/logic.xml (RunModel)" time="0.015" />
  <testcase classname="ptolemy.util.test.junit.AutoTests" name="[455] /home/travis/build/icyphy/ptII/ptolemy/actor/lib/test/auto/matrixType.xml (RunModel)" time="0.007" />
  <testcase classname="ptolemy.util.test.junit.AutoTests" name="[456] /home/travis/build/icyphy/ptII/ptolemy/actor/lib/test/auto/matrixType10.xml (RunModel)" time="0.007" />
  <testcase classname="ptolemy.util.test.junit.AutoTests" name="[457] /home/travis/build/icyphy/ptII/ptolemy/actor/lib/test/auto/matrixType11.xml (RunModel)" time="0.006" />
  <testcase classname="ptolemy.util.test.junit.AutoTests" name="[458] /home/travis/build/icyphy/ptII/ptolemy/actor/lib/test/auto/matrixType12.xml (RunModel)" time="0.007" />
  <testcase classname="ptolemy.util.test.junit.AutoTests" name="[459] /home/travis/build/icyphy/ptII/ptolemy/actor/lib/test/auto/matrixType13.xml (RunModel)" time="0.006" />
  <testcase classname="ptolemy.util.test.junit.AutoTests" name="[460] /home/travis/build/icyphy/ptII/ptolemy/actor/lib/test/auto/matrixType14.xml (RunModel)" time="0.007" />
  <testcase classname="ptolemy.util.test.junit.AutoTests" name="[461] /home/travis/build/icyphy/ptII/ptolemy/actor/lib/test/auto/matrixType2.xml (RunModel)" time="0.006" />
  <testcase classname="ptolemy.util.test.junit.AutoTests" name="[462] /home/travis/build/icyphy/ptII/ptolemy/actor/lib/test/auto/matrixType3.xml (RunModel)" time="0.008" />
  <testcase classname="ptolemy.util.test.junit.AutoTests" name="[463] /home/travis/build/icyphy/ptII/ptolemy/actor/lib/test/auto/matrixType4.xml (RunModel)" time="0.006" />
  <testcase classname="ptolemy.util.test.junit.AutoTests" name="[464] /home/travis/build/icyphy/ptII/ptolemy/actor/lib/test/auto/matrixType5.xml (RunModel)" time="0.006" />
  <testcase classname="ptolemy.util.test.junit.AutoTests" name="[465] /home/travis/build/icyphy/ptII/ptolemy/actor/lib/test/auto/matrixType6.xml (RunModel)" time="0.006" />
  <testcase classname="ptolemy.util.test.junit.AutoTests" name="[466] /home/travis/build/icyphy/ptII/ptolemy/actor/lib/test/auto/matrixType7.xml (RunModel)" time="0.008" />
  <testcase classname="ptolemy.util.test.junit.AutoTests" name="[467] /home/travis/build/icyphy/ptII/ptolemy/actor/lib/test/auto/matrixType8.xml (RunModel)" time="0.007" />
  <testcase classname="ptolemy.util.test.junit.AutoTests" name="[468] /home/travis/build/icyphy/ptII/ptolemy/actor/lib/test/auto/matrixType9.xml (RunModel)" time="0.006" />
  <testcase classname="ptolemy.util.test.junit.AutoTests" name="[469] /home/travis/build/icyphy/ptII/ptolemy/actor/lib/test/auto/paraFunctest.xml (RunModel)" time="0.005" />
  <testcase classname="ptolemy.util.test.junit.AutoTests" name="[470] /home/travis/build/icyphy/ptII/ptolemy/actor/lib/test/auto/paraFunctest2.xml (RunModel)" time="0.01" />
  <testcase classname="ptolemy.util.test.junit.AutoTests" name="[471] /home/travis/build/icyphy/ptII/ptolemy/actor/lib/test/auto/parameterPassing.xml (RunModel)" time="0.009" />
  <testcase classname="ptolemy.util.test.junit.AutoTests" name="[472] /home/travis/build/icyphy/ptII/ptolemy/actor/lib/test/auto/record.xml (RunModel)" time="0.007" />
  <testcase classname="ptolemy.util.test.junit.AutoTests" name="[473] /home/travis/build/icyphy/ptII/ptolemy/actor/lib/test/auto/sizedarray1.xml (RunModel)" time="0.007" />
  <testcase classname="ptolemy.util.test.junit.AutoTests" name="[474] /home/travis/build/icyphy/ptII/ptolemy/actor/lib/test/auto/sizedarray2.xml (RunModel)" time="0.008" />
  <testcase classname="ptolemy.util.test.junit.AutoTests" name="[475] /home/travis/build/icyphy/ptII/ptolemy/actor/lib/test/auto/twoPublishers.xml (RunModel)" time="0.019" />
  <system-out><![CDATA[/home/travis/build/icyphy/ptII/ptolemy/actor/lib/test/AbsoluteValue.tcl
testDefs.tcl: setting time out to 9000 seconds at Sun May 10 14:20:07 UTC 2020
110 ms. Memory: 129024K Free: 92614K (72%)
10 ms. Memory: 129024K Free: 90551K (70%)
4 ms. Memory: 129024K Free: 90056K (70%)
9 ms. Memory: 129024K Free: 89032K (69%)
/home/travis/build/icyphy/ptII/ptolemy/actor/lib/test/AddSubtract.tcl
17 ms. Memory: 129024K Free: 86984K (67%)
5 ms. Memory: 129024K Free: 86439K (67%)
5 ms. Memory: 129024K Free: 85446K (66%)
18 ms. Memory: 129024K Free: 84936K (66%)
68 ms. Memory: 129024K Free: 81864K (63%)
11 ms. Memory: 129024K Free: 80840K (63%)
/home/travis/build/icyphy/ptII/ptolemy/actor/lib/test/Average.tcl
6 ms. Memory: 129024K Free: 79302K (61%)
11 ms. Memory: 129024K Free: 78278K (61%)
/home/travis/build/icyphy/ptII/ptolemy/actor/lib/test/Bernoulli.tcl
14 ms. Memory: 129024K Free: 76744K (59%)
2 ms. Memory: 129024K Free: 76199K (59%)
/home/travis/build/icyphy/ptII/ptolemy/actor/lib/test/Clock.tcl
preinitializing
resolving types
initializing
executing number 1
wrapping up
idle
26 ms. Memory: 129024K Free: 73672K (57%)
Completed execution with 5 iterations
preinitializing
resolving types
initializing
executing number 1
wrapping up
idle
3 ms. Memory: 129024K Free: 72648K (56%)
Completed execution with 5 iterations
preinitializing
resolving types
initializing
executing number 1
wrapping up
idle
3 ms. Memory: 129024K Free: 72119K (56%)
Completed execution with 5 iterations
/home/travis/build/icyphy/ptII/ptolemy/actor/lib/test/Commutator.tcl
5 ms. Memory: 129024K Free: 70055K (54%)
6 ms. Memory: 129024K Free: 69031K (54%)
8 ms. Memory: 129024K Free: 63432K (49%)
/home/travis/build/icyphy/ptII/ptolemy/actor/lib/test/Const.tcl
4 ms. Memory: 129024K Free: 61863K (48%)
10 ms. Memory: 129024K Free: 61384K (48%)
3 ms. Memory: 129024K Free: 60870K (47%)
5 ms. Memory: 129024K Free: 60360K (47%)
2 ms. Memory: 129024K Free: 59846K (46%)
11 ms. Memory: 129024K Free: 57798K (45%)
10 ms. Memory: 129024K Free: 56759K (44%)
4 ms. Memory: 129024K Free: 56264K (44%)
/home/travis/build/icyphy/ptII/ptolemy/actor/lib/test/CurrentTime.tcl
preinitializing
resolving types
initializing
executing number 1
wrapping up
idle
15 ms. Memory: 129024K Free: 54216K (42%)
Completed execution with 11 iterations
/home/travis/build/icyphy/ptII/ptolemy/actor/lib/test/DB.tcl
8 ms. Memory: 129024K Free: 52663K (41%)
5 ms. Memory: 129024K Free: 52168K (40%)
2 ms. Memory: 129024K Free: 51654K (40%)
/home/travis/build/icyphy/ptII/ptolemy/actor/lib/test/DiscreteRandomSource.tcl
preinitializing
resolving types
initializing
executing number 1
wrapping up
idle
4 ms. Memory: 129024K Free: 50120K (39%)
Completed execution with 4 iterations
preinitializing
resolving types
initializing
executing number 1
wrapping up
idle
8 ms. Memory: 129024K Free: 49599K (38%)
Completed execution with 4 iterations
preinitializing
resolving types
initializing
executing number 1
wrapping up
idle
3 ms. Memory: 129024K Free: 49096K (38%)
Completed execution with 4 iterations
preinitializing
resolving types
initializing
executing number 1
wrapping up
idle
5 ms. Memory: 129024K Free: 48567K (38%)
Completed execution with 4 iterations
preinitializing
resolving types
initializing
executing number 1
wrapping up
idle
10 ms. Memory: 129024K Free: 48072K (37%)
Completed execution with 4 iterations
/home/travis/build/icyphy/ptII/ptolemy/actor/lib/test/Distributor.tcl
11 ms. Memory: 129024K Free: 112931K (88%)
3 ms. Memory: 129024K Free: 112446K (87%)
StreamChangeRequest.changeExecuted(): <deleteEntity name="rec2"/> succeeded
StreamChangeRequest.changeExecuted(): <deleteRelation name="r2"/> succeeded
StreamChangeRequest.changeExecuted(): Record firings per iteration succeeded
4 ms. Memory: 129024K Free: 109873K (85%)
/home/travis/build/icyphy/ptII/ptolemy/actor/lib/test/Exit.tcl
Exit.tcl: this will print a message about Manager.exitAfterWrapup, which can be ignored.
7 ms. Memory: 129024K Free: 106887K (83%)
/home/travis/build/icyphy/ptII/ptolemy/actor/lib/test/Expression.tcl
12 ms. Memory: 129024K Free: 103244K (80%)
4 ms. Memory: 129024K Free: 102705K (80%)
3 ms. Memory: 129024K Free: 102213K (79%)
preinitializing
resolving types
initializing
executing number 1
wrapping up
idle
13 ms. Memory: 129024K Free: 100635K (78%)
Completed execution with 6 iterations
3 ms. Memory: 129024K Free: 99633K (77%)
7 ms. Memory: 129024K Free: 99141K (77%)
8 ms. Memory: 129024K Free: 97571K (76%)
7 ms. Memory: 129024K Free: 96561K (75%)
6 ms. Memory: 129024K Free: 95038K (74%)
/home/travis/build/icyphy/ptII/ptolemy/actor/lib/test/Gaussian.tcl
11 ms. Memory: 129024K Free: 93467K (72%)
sleeping 1 seconds: ..........................................................................................................................................................................................................................................................................................................................................................................................................................................................................................................................................................................................................................................................................................................................................................................................................................................................................................................................................................................................................................................................................................................................................................................................................................................................................................................................................................................................................................................................................................................................................................................................................................................................................................................................................................................................................................................................................................................................................................................................................................................................................................................................................................................................................................................................................................................................................................................................................................................................................................................................................................................................................................................................................................................................................................................................................................................................................................................................................................................................................................................................................................................................................................................................................................................................................................................................................................................................................................................................................................................................................................................................................................................................................................................................................................................................................................................................................................................................................................................................................................................................................................................................................................................................................................................................................................................................................................................................................................................................................................................................................................................................................................................................................................................................................................................................................................................................................................................................................................................................................................................................................................................................................................................................................................................................................................................................................................................................................................................................................................................................................................................................................................................................................................................................................................................................................................................................................................................................................................................................................................................................................................................................................................................................................................................................................................................................................................................................................................................................................................................................................................................................................................................................................................................................................................................................................................................................................................................................................................................................................................................................................................................................................................................................................................................................................................................................................................................................................................................................................................................................................................................................................................................................................................................................................................................................................................................................................................................................................................................................................................................................................................................................................................................................................................................................................................................................................................................................................................................................................................................................................................................................................................................................................................................................................................................................................................................................................................................................................................................................................................................................................................................................................................................................................................................................................................................................................................................................................................................................................................................................................................................................................................................................................................................................................................................................................................................................................................................................................................................................................................................................................................................................................................................................................................................................................................................................................................................................................................................................................................................................................................................................................................................................................................................................................................................................................................................................................................................................................................................................................................................................................................................................................................................................................................................................................................................................................................................................................................................................................................................................................................................................................................................................................................................................................................................................................................................................................................................................................................................................................................................................................................................................................................................................................................................................................................................................................5 ms. Memory: 129024K Free: 103050K (80%)
2 ms. Memory: 129024K Free: 102058K (79%)
2 ms. Memory: 129024K Free: 101554K (79%)
4 ms. Memory: 129024K Free: 100841K (78%)
4 ms. Memory: 129024K Free: 100002K (78%)
/home/travis/build/icyphy/ptII/ptolemy/actor/lib/test/IIR.tcl
/home/travis/build/icyphy/ptII/ptolemy/actor/lib/test/Interpolator.tcl
4 ms. Memory: 129024K Free: 96434K (75%)
2 ms. Memory: 129024K Free: 95920K (74%)
3 ms. Memory: 129024K Free: 94896K (74%)
4 ms. Memory: 129024K Free: 94386K (73%)
2 ms. Memory: 129024K Free: 93858K (73%)
3 ms. Memory: 129024K Free: 92834K (72%)
2 ms. Memory: 129024K Free: 91824K (71%)
2 ms. Memory: 129024K Free: 90800K (70%)
1 ms. Memory: 129024K Free: 90290K (70%)
6 ms. Memory: 129024K Free: 89266K (69%)
/home/travis/build/icyphy/ptII/ptolemy/actor/lib/test/MathFunction.tcl
5 ms. Memory: 129024K Free: 87218K (68%)
2 ms. Memory: 129024K Free: 86194K (67%)
2 ms. Memory: 129024K Free: 85170K (66%)
3 ms. Memory: 129024K Free: 84146K (65%)
3 ms. Memory: 129024K Free: 83122K (64%)
8 ms. Memory: 129024K Free: 81074K (63%)
/home/travis/build/icyphy/ptII/ptolemy/actor/lib/test/Maximum.tcl
4 ms. Memory: 129024K Free: 79026K (61%)
8 ms. Memory: 129024K Free: 78506K (61%)
2 ms. Memory: 129024K Free: 78002K (60%)
5 ms. Memory: 129024K Free: 76978K (60%)
/home/travis/build/icyphy/ptII/ptolemy/actor/lib/test/Minimum.tcl
5 ms. Memory: 129024K Free: 75440K (58%)
4 ms. Memory: 129024K Free: 74930K (58%)
1 ms. Memory: 129024K Free: 73906K (57%)
2 ms. Memory: 129024K Free: 73392K (57%)
/home/travis/build/icyphy/ptII/ptolemy/actor/lib/test/MultiplyDivide.tcl
7 ms. Memory: 129024K Free: 71344K (55%)
8 ms. Memory: 129024K Free: 70834K (55%)
3 ms. Memory: 129024K Free: 69810K (54%)
3 ms. Memory: 129024K Free: 69296K (54%)
5 ms. Memory: 129024K Free: 68786K (53%)
/home/travis/build/icyphy/ptII/ptolemy/actor/lib/test/OrderedMerge.tcl
Connections changed on port: inputA
Connections changed on port: inputB
Connections changed on port: output
Connections changed on port: output
Connections changed on port: output
Connections changed on port: input
.top. Preinitializing ...
Invoking preinitialize():  .top.OrderedMerge
Called preinitialize()
Invoking preinitialize():  .top.Ramp
Called preinitialize()
Invoking preinitialize():  .top.Ramp2
Called preinitialize()
Invoking preinitialize():  .top.Test
Called preinitialize()
Connections changed on port: inputA
Connections changed on port: output
Connections changed on port: output
Connections changed on port: input
Connections changed on port: inputB
Connections changed on port: output
.top. Finished preinitialize().
Called initialize().
Invoking initialize():  .top.OrderedMerge
Initializing actor: .top.OrderedMerge
Adding a thread: .top.OrderedMerge
Invoking initialize():  .top.Ramp
Initializing actor: .top.Ramp
Adding a thread: .top.Ramp
Invoking initialize():  .top.Ramp2
Initializing actor: .top.Ramp2
Adding a thread: .top.Ramp2
Invoking initialize():  .top.Test
Initializing actor: .top.Test
Adding a thread: .top.Test
Called fire().
Checking for deadlock:
-- Starting thread.
Called initialize()
Called prefire()
Called fire()
-- Starting thread.
Called initialize()
-- Starting thread.
Called prefire()
Called initialize()
Called fire()
Called prefire()
Called fire()
There are 0 Blocked actors, 0 Stopped actors, and 4 active threads.
Waiting for actors to stop.
-- Starting thread.
Called postfire()
Called prefire()
Called fire()
Checking for deadlock:
There are 3 Blocked actors, 0 Stopped actors, and 4 active threads.
Waiting for actors to stop.
Called initialize()
Called prefire()
Called fire()
Called postfire()
Called prefire()
Called fire()
Called postfire()
Called prefire()
Called fire()
Checking for deadlock:
There are 3 Blocked actors, 0 Stopped actors, and 4 active threads.
Waiting for actors to stop.
Read input token from inputA with value 0.0
Next port to read input from is inputB
Called postfire()
Called prefire()
Called fire()
Read input token from inputB with value 0.0
Called postfire()
Called prefire()
Called fire()
Checking for deadlock:
There are 2 Blocked actors, 0 Stopped actors, and 4 active threads.
Waiting for actors to stop.
Checking for deadlock:
There are 3 Blocked actors, 0 Stopped actors, and 4 active threads.
Waiting for actors to stop.
Checking for deadlock:
There are 2 Blocked actors, 0 Stopped actors, and 4 active threads.
Waiting for actors to stop.
Sent output token with value 0.0
Next port to read input from is inputA
Called postfire()
Called prefire()
Called fire()
Read input token from inputA with value 1.0
Sent output token with value 0.0
-- Read input: 0.0, which is expected to match: 0.0
Next port to read input from is inputB
Called postfire()
Called prefire()
Called fire()
Called prefire()
Called fire()
Read input token from inputB with value 1.5
-- Read input: 0.0, which is expected to match: 0.0
Called prefire()
Called fire()
Sent output token with value 1.0
-- Read input: 1.0, which is expected to match: 1.0
Next port to read input from is inputA
Called postfire()
Called prefire()
Checking for deadlock:
There are 0 Blocked actors, 0 Stopped actors, and 4 active threads.
Waiting for actors to stop.
Called prefire()
Called fire()
Called postfire()
Called prefire()
Called fire()
Checking for deadlock:
There are 2 Blocked actors, 0 Stopped actors, and 4 active threads.
Waiting for actors to stop.
Called postfire()
Called prefire()
Called fire()
Checking for deadlock:
There are 3 Blocked actors, 0 Stopped actors, and 4 active threads.
Waiting for actors to stop.
Called fire()
Read input token from inputA with value 2.0
Called postfire()
Called prefire()
Called fire()
Sent output token with value 1.5
Checking for deadlock:
There are 2 Blocked actors, 0 Stopped actors, and 4 active threads.
Next port to read input from is inputB
Called postfire()
Called prefire()
Waiting for actors to stop.
Called fire()
Called postfire()
Called prefire()
Read input token from inputB with value 3.0
Called fire()
-- Read input: 1.5, which is expected to match: 1.5
Called prefire()
Called fire()
Checking for deadlock:
There are 2 Blocked actors, 0 Stopped actors, and 4 active threads.
Waiting for actors to stop.
Sent output token with value 2.0
-- Read input: 2.0, which is expected to match: 2.0
Next port to read input from is inputA
Called postfire()
Called prefire()
Called prefire()
Called fire()
Called fire()
Read input token from inputA with value 3.0
Called postfire()
Called prefire()
Called fire()
Sent output token with value 3.0
Checking for deadlock:
There are 2 Blocked actors, 0 Stopped actors, and 4 active threads.
Next port to read input from is inputB
Called postfire()
Called prefire()
Called fire()
Waiting for actors to stop.
Read input token from inputB with value 4.5
Called postfire()
Called prefire()
Called fire()
-- Read input: 3.0, which is expected to match: 3.0
Called prefire()
Called fire()
Checking for deadlock:
There are 3 Blocked actors, 0 Stopped actors, and 4 active threads.
Waiting for actors to stop.
Sent output token with value 3.0
Next port to read input from is inputA
Called postfire()
Called prefire()
Called fire()
-- Read input: 3.0, which is expected to match: 3.0
Read input token from inputA with value 4.0
Called prefire()
Called fire()
-- Read input: 4.0, which is expected to match: 4.0
Called prefire()
Called fire()
Past the end of training data. Read and discard all inputs.
Checking for deadlock:
There are 2 Blocked actors, 0 Stopped actors, and 4 active threads.
Waiting for actors to stop.
Called postfire()
Called prefire()
Called fire()
Checking for deadlock:
There are 3 Blocked actors, 0 Stopped actors, and 4 active threads.
Waiting for actors to stop.
Sent output token with value 4.0
Next port to read input from is inputA
Called postfire()
Called prefire()
Called fire()
Read input token from inputA with value 5.0
Sent output token with value 4.5
Checking for deadlock:
There are 1 Blocked actors, 0 Stopped actors, and 4 active threads.
Waiting for actors to stop.
Called prefire()
Called fire()
Past the end of training data. Read and discard all inputs.
Checking for deadlock:
There are 2 Blocked actors, 0 Stopped actors, and 4 active threads.
Waiting for actors to stop.
Called postfire()
Called prefire()
Next port to read input from is inputB
Called postfire()
Called fire()
Called prefire()
Called fire()
Read input token from inputB with value 6.0
Called postfire()
Called prefire()
Called fire()
Sent output token with value 5.0
Checking for deadlock:
There are 2 Blocked actors, 0 Stopped actors, and 4 active threads.
Waiting for actors to stop.
Next port to read input from is inputA
Called postfire()
Called prefire()
Called fire()
Called prefire()
Called fire()
Read input token from inputA with value 6.0
Past the end of training data. Read and discard all inputs.
Sent output token with value 6.0
Called postfire()
Called prefire()
Called fire()
Next port to read input from is inputB
Checking for deadlock:
Called postfire()
There are 2 Blocked actors, 0 Stopped actors, and 4 active threads.
Waiting for actors to stop.
Called prefire()
Called fire()
Past the end of training data. Read and discard all inputs.
Checking for deadlock:
There are 3 Blocked actors, 0 Stopped actors, and 4 active threads.
Waiting for actors to stop.
Called prefire()
Called fire()
Read input token from inputB with value 7.5
Checking for deadlock:
There are 2 Blocked actors, 0 Stopped actors, and 4 active threads.
Waiting for actors to stop.
Called postfire()
Called prefire()
Sent output token with value 6.0
Called fire()
Next port to read input from is inputA
Called postfire()
Called prefire()
Called fire()
Read input token from inputA with value 7.0
Called prefire()
Called fire()
Past the end of training data. Read and discard all inputs.
Sent output token with value 7.0
Called prefire()
Next port to read input from is inputA
Called postfire()
Called fire()
Past the end of training data. Read and discard all inputs.
Called prefire()
Called fire()
Checking for deadlock:
There are 0 Blocked actors, 0 Stopped actors, and 4 active threads.
Waiting for actors to stop.
Called postfire()
Called prefire()
Called fire()
Read input token from inputA with value 8.0
-- Thread wrapup() called.
Sent output token with value 7.5
Called wrapup()
Next port to read input from is inputB
Called postfire()
Called prefire()
Called fire()
Thread .top.Ramp is exiting.
-- Thread stopped.
Checking for deadlock:
There are 1 Blocked actors, 0 Stopped actors, and 3 active threads.
Waiting for actors to stop.
Read input token from inputB with value 9.0
Called postfire()
Called prefire()
Called fire()
Called prefire()
Called fire()
Past the end of training data. Read and discard all inputs.
Checking for deadlock:
There are 2 Blocked actors, 0 Stopped actors, and 3 active threads.
Waiting for actors to stop.
Sent output token with value 8.0
Next port to read input from is inputA
Called postfire()
Called prefire()
Called fire()
Read input token from inputA with value 9.0
Called prefire()
Called fire()
Past the end of training data. Read and discard all inputs.
Checking for deadlock:
There are 2 Blocked actors, 0 Stopped actors, and 3 active threads.
Waiting for actors to stop.
Sent output token with value 9.0
Next port to read input from is inputB
Called postfire()
Called prefire()
Called fire()
Read input token from inputB with value 10.5
Called postfire()
Called prefire()
Called fire()
Called prefire()
Called fire()
Past the end of training data. Read and discard all inputs.
Checking for deadlock:
There are 2 Blocked actors, 0 Stopped actors, and 3 active threads.
Waiting for actors to stop.
Sent output token with value 9.0
Next port to read input from is inputA
Called postfire()
Called prefire()
Called fire()
Called prefire()
Called fire()
Past the end of training data. Read and discard all inputs.
Checking for deadlock:
There are 3 Blocked actors, 0 Stopped actors, and 3 active threads.
Actors have stopped.
Checking for deadlock:
There are 3 Blocked actors, 0 Stopped actors, and 3 active threads.
Deadlock detected.
Resolving Deadlock
Checking for deadlock:
There are 3 Blocked actors, 0 Stopped actors, and 3 active threads.
Artificial Deadlock - increasing queue capacity.
increasing the capacity of receiver ptolemy.actor.TypedIOPort {.top.OrderedMerge.inputB} to 2
-- Thread wrapup() called.
Called wrapup()
Thread .top.Ramp2 is exiting.
-- Thread stopped.
Director: Called postfire().
Called postfire().
_stopRequested = false
_stopFireRequested = false
Returning from postfire(): true
Called fire().
Checking for deadlock:
There are 2 Blocked actors, 0 Stopped actors, and 2 active threads.
Actors have stopped.
Checking for deadlock:
There are 2 Blocked actors, 0 Stopped actors, and 2 active threads.
Deadlock detected.
Resolving Deadlock
Checking for deadlock:
There are 2 Blocked actors, 0 Stopped actors, and 2 active threads.
Deadlock detected: no processes blocked on write, but some are blocked on read.
Called postfire().
_stopRequested = false
_stopFireRequested = false
Returning from postfire(): false
Finished deactivating branches.
Called wrapup().
-- Thread wrapup() called.
Called wrapup()
Thread .top.OrderedMerge is exiting.
-- Thread stopped.
-- Blocked Receiver call threw TerminateProcessException.
-- Thread wrapup() called.
Called wrapup()
Thread .top.Test is exiting.
-- Thread stopped.
-- Blocked Receiver call threw TerminateProcessException.
56 ms. Memory: 129024K Free: 109869K (85%)
.top. Preinitializing ...
Invoking preinitialize():  .top.OrderedMerge
Called preinitialize()
Invoking preinitialize():  .top.Ramp
Called preinitialize()
Invoking preinitialize():  .top.Ramp2
Called preinitialize()
Invoking preinitialize():  .top.Test
Called preinitialize()
.top. Finished preinitialize().
Called initialize().
Invoking initialize():  .top.OrderedMerge
Initializing actor: .top.OrderedMerge
Adding a thread: .top.OrderedMerge
Invoking initialize():  .top.Ramp
Initializing actor: .top.Ramp
Adding a thread: .top.Ramp
Invoking initialize():  .top.Ramp2
Initializing actor: .top.Ramp2
Adding a thread: .top.Ramp2
Invoking initialize():  .top.Test
Initializing actor: .top.Test
Adding a thread: .top.Test
-- Starting thread.
Called initialize()
Called prefire()
Called fire()
-- Starting thread.
Called initialize()
Called prefire()
Called fire()
Called postfire()
Called prefire()
Called fire()
-- Starting thread.
Called initialize()
Called prefire()
Called fire()
Called postfire()
Called prefire()
Called fire()
Called fire().
Checking for deadlock:
There are 3 Blocked actors, 0 Stopped actors, and 4 active threads.
Waiting for actors to stop.
-- Starting thread.
Called initialize()
Called prefire()
Called fire()
Checking for deadlock:
There are 2 Blocked actors, 0 Stopped actors, and 4 active threads.
Waiting for actors to stop.
Called postfire()
Called prefire()
Called fire()
Checking for deadlock:
There are 3 Blocked actors, 0 Stopped actors, and 4 active threads.
Waiting for actors to stop.
Read input token from inputA with value 0.0
Next port to read input from is inputB
Called postfire()
Called prefire()
Called fire()
Called postfire()
Called prefire()
Called fire()
Checking for deadlock:
There are 3 Blocked actors, 0 Stopped actors, and 4 active threads.
Waiting for actors to stop.
Read input token from inputB with value 0.0
-- Read input: 0.0, which is expected to match: 0.0
Called prefire()
Called fire()
Checking for deadlock:
There are 3 Blocked actors, 0 Stopped actors, and 4 active threads.
Waiting for actors to stop.
Sent output token with value 0.0
Next port to read input from is inputA
Called postfire()
Called prefire()
Called fire()
Checking for deadlock:
There are 2 Blocked actors, 0 Stopped actors, and 4 active threads.
Waiting for actors to stop.
Called postfire()
Called prefire()
Called fire()
Checking for deadlock:
There are 3 Blocked actors, 0 Stopped actors, and 4 active threads.
Waiting for actors to stop.
Read input token from inputA with value 1.0
Checking for deadlock:
There are 2 Blocked actors, 0 Stopped actors, and 4 active threads.
Waiting for actors to stop.
-- Read input: 0.0, which is expected to match: 0.0
Called prefire()
Called fire()
Checking for deadlock:
There are 3 Blocked actors, 0 Stopped actors, and 4 active threads.
Waiting for actors to stop.
Sent output token with value 0.0
Next port to read input from is inputB
Called postfire()
Called prefire()
Called fire()
Checking for deadlock:
There are 2 Blocked actors, 0 Stopped actors, and 4 active threads.
Waiting for actors to stop.
Called postfire()
Called prefire()
Called fire()
Checking for deadlock:
There are 3 Blocked actors, 0 Stopped actors, and 4 active threads.
Waiting for actors to stop.
Read input token from inputB with value 1.5
Checking for deadlock:
There are 2 Blocked actors, 0 Stopped actors, and 4 active threads.
Waiting for actors to stop.
-- Read input: 1.0, which is expected to match: 1.0
Called prefire()
Called fire()
Checking for deadlock:
There are 3 Blocked actors, 0 Stopped actors, and 4 active threads.
Waiting for actors to stop.
Sent output token with value 1.0
Next port to read input from is inputA
Called postfire()
Called prefire()
Called fire()
Checking for deadlock:
There are 2 Blocked actors, 0 Stopped actors, and 4 active threads.
Waiting for actors to stop.
Called postfire()
Called prefire()
Called fire()
Checking for deadlock:
There are 3 Blocked actors, 0 Stopped actors, and 4 active threads.
Waiting for actors to stop.
Read input token from inputA with value 2.0
Checking for deadlock:
There are 2 Blocked actors, 0 Stopped actors, and 4 active threads.
Waiting for actors to stop.
-- Read input: 1.5, which is expected to match: 1.5
Called prefire()
Called fire()
Checking for deadlock:
There are 3 Blocked actors, 0 Stopped actors, and 4 active threads.
Waiting for actors to stop.
Sent output token with value 1.5
Next port to read input from is inputB
Called postfire()
Called prefire()
Called fire()
Called postfire()
Called prefire()
Called fire()
Checking for deadlock:
There are 3 Blocked actors, 0 Stopped actors, and 4 active threads.
Waiting for actors to stop.
Read input token from inputB with value 3.0
-- Read input: 2.0, which is expected to match: 2.0
Called prefire()
Called fire()
Checking for deadlock:
There are 3 Blocked actors, 0 Stopped actors, and 4 active threads.
Waiting for actors to stop.
Sent output token with value 2.0
Next port to read input from is inputA
Called postfire()
Called prefire()
Called fire()
Checking for deadlock:
There are 2 Blocked actors, 0 Stopped actors, and 4 active threads.
Waiting for actors to stop.
Called postfire()
Called prefire()
Called fire()
Checking for deadlock:
There are 3 Blocked actors, 0 Stopped actors, and 4 active threads.
Waiting for actors to stop.
Read input token from inputA with value 3.0
Checking for deadlock:
There are 2 Blocked actors, 0 Stopped actors, and 4 active threads.
Waiting for actors to stop.
-- Read input: 3.0, which is expected to match: 3.0
Called prefire()
Called fire()
Checking for deadlock:
There are 3 Blocked actors, 0 Stopped actors, and 4 active threads.
Waiting for actors to stop.
Sent output token with value 3.0
Next port to read input from is inputB
Called postfire()
Called prefire()
Called fire()
Checking for deadlock:
There are 2 Blocked actors, 0 Stopped actors, and 4 active threads.
Waiting for actors to stop.
Called postfire()
Called prefire()
Called fire()
Checking for deadlock:
There are 3 Blocked actors, 0 Stopped actors, and 4 active threads.
Waiting for actors to stop.
Read input token from inputB with value 4.5
Checking for deadlock:
There are 2 Blocked actors, 0 Stopped actors, and 4 active threads.
Waiting for actors to stop.
-- Read input: 3.0, which is expected to match: 3.0
Called prefire()
Called fire()
Checking for deadlock:
There are 3 Blocked actors, 0 Stopped actors, and 4 active threads.
Waiting for actors to stop.
Sent output token with value 3.0
Next port to read input from is inputA
Called postfire()
Called prefire()
Called fire()
Checking for deadlock:
There are 2 Blocked actors, 0 Stopped actors, and 4 active threads.
Waiting for actors to stop.
Called postfire()
Called prefire()
Called fire()
Checking for deadlock:
There are 3 Blocked actors, 0 Stopped actors, and 4 active threads.
Waiting for actors to stop.
Read input token from inputA with value 4.0
Checking for deadlock:
There are 2 Blocked actors, 0 Stopped actors, and 4 active threads.
Waiting for actors to stop.
-- Read input: 4.0, which is expected to match: 4.0
Called prefire()
Called fire()
Past the end of training data. Read and discard all inputs.
Checking for deadlock:
There are 3 Blocked actors, 0 Stopped actors, and 4 active threads.
Waiting for actors to stop.
Sent output token with value 4.0
Next port to read input from is inputA
Called postfire()
Called prefire()
Called fire()
Checking for deadlock:
There are 2 Blocked actors, 0 Stopped actors, and 4 active threads.
Waiting for actors to stop.
Called postfire()
Called prefire()
Called fire()
Checking for deadlock:
There are 3 Blocked actors, 0 Stopped actors, and 4 active threads.
Waiting for actors to stop.
Read input token from inputA with value 5.0
Checking for deadlock:
There are 2 Blocked actors, 0 Stopped actors, and 4 active threads.
Waiting for actors to stop.
Called prefire()
Called fire()
Past the end of training data. Read and discard all inputs.
Checking for deadlock:
There are 3 Blocked actors, 0 Stopped actors, and 4 active threads.
Waiting for actors to stop.
Sent output token with value 4.5
Next port to read input from is inputB
Called postfire()
Called prefire()
Called fire()
Checking for deadlock:
There are 2 Blocked actors, 0 Stopped actors, and 4 active threads.
Waiting for actors to stop.
Called postfire()
Called prefire()
Called fire()
Checking for deadlock:
There are 3 Blocked actors, 0 Stopped actors, and 4 active threads.
Waiting for actors to stop.
Read input token from inputB with value 6.0
Checking for deadlock:
There are 2 Blocked actors, 0 Stopped actors, and 4 active threads.
Waiting for actors to stop.
Called prefire()
Called fire()
Past the end of training data. Read and discard all inputs.
Checking for deadlock:
There are 3 Blocked actors, 0 Stopped actors, and 4 active threads.
Waiting for actors to stop.
Sent output token with value 5.0
Next port to read input from is inputA
Called postfire()
Called prefire()
Called fire()
Checking for deadlock:
There are 2 Blocked actors, 0 Stopped actors, and 4 active threads.
Waiting for actors to stop.
Called postfire()
Called prefire()
Called fire()
Checking for deadlock:
There are 3 Blocked actors, 0 Stopped actors, and 4 active threads.
Waiting for actors to stop.
Read input token from inputA with value 6.0
Checking for deadlock:
There are 2 Blocked actors, 0 Stopped actors, and 4 active threads.
Waiting for actors to stop.
Called prefire()
Called fire()
Past the end of training data. Read and discard all inputs.
Checking for deadlock:
There are 3 Blocked actors, 0 Stopped actors, and 4 active threads.
Waiting for actors to stop.
Sent output token with value 6.0
Next port to read input from is inputB
Called postfire()
Called prefire()
Called fire()
Called postfire()
Called prefire()
Called fire()
Checking for deadlock:
There are 3 Blocked actors, 0 Stopped actors, and 4 active threads.
Waiting for actors to stop.
Read input token from inputB with value 7.5
Called prefire()
Called fire()
Past the end of training data. Read and discard all inputs.
Checking for deadlock:
There are 3 Blocked actors, 0 Stopped actors, and 4 active threads.
Waiting for actors to stop.
Sent output token with value 6.0
Next port to read input from is inputA
Called postfire()
Called prefire()
Called fire()
Called postfire()
Called prefire()
Called fire()
Checking for deadlock:
There are 3 Blocked actors, 0 Stopped actors, and 4 active threads.
Waiting for actors to stop.
Read input token from inputA with value 7.0
Called prefire()
Called fire()
Past the end of training data. Read and discard all inputs.
Checking for deadlock:
There are 3 Blocked actors, 0 Stopped actors, and 4 active threads.
Waiting for actors to stop.
Sent output token with value 7.0
Next port to read input from is inputA
Called postfire()
Called prefire()
Called fire()
-- Thread wrapup() called.
Called wrapup()
Thread .top.Ramp is exiting.
-- Thread stopped.
Checking for deadlock:
There are 2 Blocked actors, 0 Stopped actors, and 3 active threads.
Waiting for actors to stop.
Read input token from inputA with value 8.0
Called prefire()
Called fire()
Past the end of training data. Read and discard all inputs.
Checking for deadlock:
There are 2 Blocked actors, 0 Stopped actors, and 3 active threads.
Waiting for actors to stop.
Sent output token with value 7.5
Next port to read input from is inputB
Called postfire()
Called prefire()
Called fire()
Called postfire()
Called prefire()
Called fire()
Checking for deadlock:
There are 2 Blocked actors, 0 Stopped actors, and 3 active threads.
Waiting for actors to stop.
Read input token from inputB with value 9.0
Called prefire()
Called fire()
Past the end of training data. Read and discard all inputs.
Checking for deadlock:
There are 2 Blocked actors, 0 Stopped actors, and 3 active threads.
Waiting for actors to stop.
Sent output token with value 8.0
Next port to read input from is inputA
Called postfire()
Called prefire()
Called fire()
Read input token from inputA with value 9.0
Called prefire()
Called fire()
Past the end of training data. Read and discard all inputs.
Checking for deadlock:
There are 2 Blocked actors, 0 Stopped actors, and 3 active threads.
Waiting for actors to stop.
Sent output token with value 9.0
Next port to read input from is inputB
Called postfire()
Called prefire()
Called fire()
Checking for deadlock:
There are 1 Blocked actors, 0 Stopped actors, and 3 active threads.
Waiting for actors to stop.
Called postfire()
Called prefire()
Called fire()
Checking for deadlock:
There are 2 Blocked actors, 0 Stopped actors, and 3 active threads.
Waiting for actors to stop.
Read input token from inputB with value 10.5
Checking for deadlock:
There are 1 Blocked actors, 0 Stopped actors, and 3 active threads.
Waiting for actors to stop.
Called prefire()
Called fire()
Past the end of training data. Read and discard all inputs.
Checking for deadlock:
There are 2 Blocked actors, 0 Stopped actors, and 3 active threads.
Waiting for actors to stop.
Sent output token with value 9.0
Next port to read input from is inputA
Called postfire()
Called prefire()
Called fire()
Checking for deadlock:
There are 3 Blocked actors, 0 Stopped actors, and 3 active threads.
Actors have stopped.
Checking for deadlock:
There are 3 Blocked actors, 0 Stopped actors, and 3 active threads.
Deadlock detected.
Resolving Deadlock
Checking for deadlock:
There are 3 Blocked actors, 0 Stopped actors, and 3 active threads.
Artificial Deadlock - increasing queue capacity.
increasing the capacity of receiver ptolemy.actor.TypedIOPort {.top.OrderedMerge.inputB} to 2
Director: Called postfire().
Called postfire().
_stopRequested = false
_stopFireRequested = false
Returning from postfire(): true
Called fire().
Checking for deadlock:
There are 2 Blocked actors, 0 Stopped actors, and 3 active threads.
Waiting for actors to stop.
-- Thread wrapup() called.
Called wrapup()
Thread .top.Ramp2 is exiting.
-- Thread stopped.
Checking for deadlock:
There are 2 Blocked actors, 0 Stopped actors, and 2 active threads.
Actors have stopped.
Checking for deadlock:
There are 2 Blocked actors, 0 Stopped actors, and 2 active threads.
Deadlock detected.
Resolving Deadlock
Checking for deadlock:
There are 2 Blocked actors, 0 Stopped actors, and 2 active threads.
Deadlock detected: no processes blocked on write, but some are blocked on read.
Called postfire().
_stopRequested = false
_stopFireRequested = false
Returning from postfire(): false
Finished deactivating branches.
Called wrapup().
-- Thread wrapup() called.
Called wrapup()
-- Thread wrapup() called.
Called wrapup()
Thread .top.Test is exiting.
-- Thread stopped.
-- Blocked Receiver call threw TerminateProcessException.
Thread .top.OrderedMerge is exiting.
-- Thread stopped.
-- Blocked Receiver call threw TerminateProcessException.
47 ms. Memory: 129024K Free: 107307K (83%)
/home/travis/build/icyphy/ptII/ptolemy/actor/lib/test/Publisher.tcl
16 ms. Memory: 129024K Free: 101163K (78%)
5 ms. Memory: 129024K Free: 95533K (74%)
7 ms. Memory: 129024K Free: 91941K (71%)
3 ms. Memory: 129024K Free: 90909K (70%)
10 ms. Memory: 129024K Free: 89899K (70%)
3 ms. Memory: 129024K Free: 89389K (69%)
8 ms. Memory: 129024K Free: 88365K (68%)
4 ms. Memory: 155648K Free: 138157K (89%)
16 ms. Memory: 155648K Free: 127917K (82%)
4 ms. Memory: 155648K Free: 124325K (80%)
2 ms. Memory: 155648K Free: 123293K (79%)
4 ms. Memory: 155648K Free: 121259K (78%)
6 ms. Memory: 155648K Free: 113581K (73%)
19 ms. Memory: 155648K Free: 103821K (67%)
6 ms. Memory: 155648K Free: 93101K (60%)
/home/travis/build/icyphy/ptII/ptolemy/actor/lib/test/Pulse.tcl
5 ms. Memory: 155648K Free: 114718K (74%)
9 ms. Memory: 155648K Free: 113694K (73%)
7 ms. Memory: 155648K Free: 113180K (73%)
1 ms. Memory: 155648K Free: 112670K (72%)
1 ms. Memory: 155648K Free: 112142K (72%)
8 ms. Memory: 155648K Free: 111132K (71%)
8 ms. Memory: 155648K Free: 110078K (71%)
5 ms. Memory: 155648K Free: 109598K (70%)
1 ms. Memory: 155648K Free: 108574K (70%)
/home/travis/build/icyphy/ptII/ptolemy/actor/lib/test/Ramp.tcl
2 ms. Memory: 155648K Free: 107022K (69%)
2 ms. Memory: 155648K Free: 105998K (68%)
1 ms. Memory: 155648K Free: 105502K (68%)
2 ms. Memory: 155648K Free: 104478K (67%)
3 ms. Memory: 155648K Free: 103964K (67%)
3 ms. Memory: 155648K Free: 102940K (66%)
4 ms. Memory: 155648K Free: 101916K (65%)
5 actors
4000 microseconds per iteration to create
5 ms. Memory: 155648K Free: 99358K (64%)
1 ms. Memory: 155648K Free: 98844K (64%)
2 ms. Memory: 155648K Free: 97806K (63%)
2 ms. Memory: 155648K Free: 97310K (63%)
50 actors
31000 microseconds per iteration to create
24 ms. Memory: 155648K Free: 81950K (53%)
5 ms. Memory: 155648K Free: 80926K (52%)
5 ms. Memory: 155648K Free: 79902K (51%)
5 ms. Memory: 155648K Free: 78878K (51%)
500 actors
1540000 microseconds per iteration to create
244 ms. Memory: 155648K Free: 127451K (82%)
32 ms. Memory: 155648K Free: 121821K (78%)
31 ms. Memory: 155648K Free: 116701K (75%)
30 ms. Memory: 155648K Free: 111581K (72%)
/home/travis/build/icyphy/ptII/ptolemy/actor/lib/test/RampContinuous.tcl
8 ms. Memory: 155648K Free: 110028K (71%)
/home/travis/build/icyphy/ptII/ptolemy/actor/lib/test/RecordAssembler.tcl
5 ms. Memory: 155648K Free: 108509K (70%)
2 ms. Memory: 155648K Free: 107485K (69%)
/home/travis/build/icyphy/ptII/ptolemy/actor/lib/test/RecordDisassembler.tcl
8 ms. Memory: 155648K Free: 105932K (68%)
2 ms. Memory: 155648K Free: 104923K (67%)
3 ms. Memory: 155648K Free: 103899K (67%)
/home/travis/build/icyphy/ptII/ptolemy/actor/lib/test/Scale.tcl
2 ms. Memory: 155648K Free: 101851K (65%)
1 ms. Memory: 155648K Free: 101341K (65%)
1 ms. Memory: 155648K Free: 100317K (64%)
2 ms. Memory: 155648K Free: 99803K (64%)
2 ms. Memory: 155648K Free: 98779K (63%)
/home/travis/build/icyphy/ptII/ptolemy/actor/lib/test/SequentialClock.tcl
preinitializing
resolving types
initializing
executing number 1
wrapping up
idle
2 ms. Memory: 155648K Free: 97755K (63%)
Completed execution with 5 iterations
preinitializing
resolving types
initializing
executing number 1
wrapping up
idle
2 ms. Memory: 155648K Free: 96716K (62%)
Completed execution with 5 iterations
preinitializing
resolving types
initializing
executing number 1
wrapping up
idle
1 ms. Memory: 155648K Free: 96221K (62%)
Completed execution with 5 iterations
/home/travis/build/icyphy/ptII/ptolemy/actor/lib/test/SetVariable.tcl
4 ms. Memory: 155648K Free: 94683K (61%)
/home/travis/build/icyphy/ptII/ptolemy/actor/lib/test/Sinewave.tcl
/home/travis/build/icyphy/ptII/ptolemy/actor/lib/test/SubscriptionAggregator.tcl
4 ms. Memory: 155648K Free: 83388K (54%)
2 ms. Memory: 155648K Free: 82395K (53%)
1 ms. Memory: 155648K Free: 81885K (53%)
0 ms. Memory: 155648K Free: 81885K (53%)
2 ms. Memory: 155648K Free: 77789K (50%)
7 ms. Memory: 155648K Free: 75741K (49%)
...............................................................1001 ms. Memory: 268288K Free: 132859K (50%)
/home/travis/build/icyphy/ptII/ptolemy/actor/lib/test/Test.tcl
 The next command will produce a warning about training mode,
   which may be ignored.
4 ms. Memory: 268288K Free: 130811K (49%)
2 ms. Memory: 268288K Free: 130301K (49%)
2 ms. Memory: 268288K Free: 129780K (48%)
1 ms. Memory: 268288K Free: 128748K (48%)
1 ms. Memory: 268288K Free: 128253K (48%)
2 ms. Memory: 268288K Free: 127229K (47%)
3 ms. Memory: 268288K Free: 125676K (47%)
 The next command will produce a warning about training mode,
   which may be ignored.
3 ms. Memory: 268288K Free: 123636K (46%)
 The next command will produce a warning about training mode,
   which may be ignored.
2 ms. Memory: 268288K Free: 122109K (46%)
1 ms. Memory: 268288K Free: 121595K (45%)
1 ms. Memory: 268288K Free: 121595K (45%)
1 ms. Memory: 268288K Free: 120571K (45%)
5 ms. Memory: 268288K Free: 119547K (45%)
2 ms. Memory: 268288K Free: 115965K (43%)
/home/travis/build/icyphy/ptII/ptolemy/actor/lib/test/TestExceptionHandler.tcl
 The next command will produce a warning about training mode,
   which may be ignored.
2 ms. Memory: 268288K Free: 114941K (43%)
1 ms. Memory: 268288K Free: 114427K (43%)
1 ms. Memory: 268288K Free: 113403K (42%)
/home/travis/build/icyphy/ptII/ptolemy/actor/lib/test/UnionDisassembler.tcl
21 ms. Memory: 268288K Free: 106235K (40%)
/home/travis/build/icyphy/ptII/ptolemy/actor/lib/test/VariableClock.tcl
preinitializing
resolving types
initializing
executing number 1
wrapping up
idle
9 ms. Memory: 268288K Free: 104699K (39%)
Completed execution with 11 iterations
preinitializing
resolving types
initializing
executing number 1
wrapping up
idle
3 ms. Memory: 268288K Free: 103163K (38%)
Completed execution with 10 iterations
05/10/20 02:20:14
Failed: 0  Total Tests: 233  ((Passed: 233, Newly Passed: 0)  Known Failed: 0) /home/travis/build/icyphy/ptII/ptolemy/actor/lib/test
----------------- testing (KnownFailure) /home/travis/build/icyphy/ptII/ptolemy/actor/lib/test/auto/knownFailedTests/PublisherPortToplevelSubscriber.xml
0 ms. Memory: 268288K Free: 99581K (37%)
Known Failure: java.lang.reflect.InvocationTargetException
----------------- testing (KnownFailure) /home/travis/build/icyphy/ptII/ptolemy/actor/lib/test/auto/knownFailedTests/PublisherSubscriberPortToplevel.xml
0 ms. Memory: 268288K Free: 95980K (36%)
Known Failure: java.lang.reflect.InvocationTargetException
----------------- testing (KnownFailure) /home/travis/build/icyphy/ptII/ptolemy/actor/lib/test/auto/knownFailedTests/PublisherSubscriptionAggregatorPort.xml
0 ms. Memory: 268288K Free: 91389K (34%)
Known Failure: java.lang.reflect.InvocationTargetException
----------------- testing (KnownFailure) /home/travis/build/icyphy/ptII/ptolemy/actor/lib/test/auto/knownFailedTests/sizedarray3.xml
3 ms. Memory: 268288K Free: 87293K (33%)
Known Failure: java.lang.reflect.InvocationTargetException
No auto/linux-amd64/*.xml tests in /home/travis/build/icyphy/ptII/ptolemy/actor/lib/test
AutoTests.java: About to close Vertx.
AutoTests.java: Vertx closed.

===========================================================================================
----------------- testing Sun May 10 14:20:15 UTC 2020 /home/travis/build/icyphy/ptII/ptolemy/actor/lib/test/auto/AbsoluteValue.xml
----------------- Instantiating /home/travis/build/icyphy/ptII/ptolemy/actor/lib/test/auto/AbsoluteValue.xml
5 ms. Memory: 268288K Free: 205583K (77%)
----------------- Invoking toplevel() on ptolemy.moml.MoMLSimpleApplication@218f4c02
----------------- Done invoking toplevel() on ptolemy.moml.MoMLSimpleApplication@218f4c02
reloadAllAccessors: .AbsoluteValue

===========================================================================================
----------------- testing Sun May 10 14:20:15 UTC 2020 /home/travis/build/icyphy/ptII/ptolemy/actor/lib/test/auto/AbsoluteValue2.xml
----------------- Instantiating /home/travis/build/icyphy/ptII/ptolemy/actor/lib/test/auto/AbsoluteValue2.xml
4 ms. Memory: 268288K Free: 198925K (74%)
----------------- Invoking toplevel() on ptolemy.moml.MoMLSimpleApplication@31b2e1ad
----------------- Done invoking toplevel() on ptolemy.moml.MoMLSimpleApplication@31b2e1ad
reloadAllAccessors: .AbsoluteValue2

===========================================================================================
----------------- testing Sun May 10 14:20:15 UTC 2020 /home/travis/build/icyphy/ptII/ptolemy/actor/lib/test/auto/Accumulator.xml
----------------- Instantiating /home/travis/build/icyphy/ptII/ptolemy/actor/lib/test/auto/Accumulator.xml
5 ms. Memory: 268288K Free: 192781K (72%)
----------------- Invoking toplevel() on ptolemy.moml.MoMLSimpleApplication@5fe340c6
----------------- Done invoking toplevel() on ptolemy.moml.MoMLSimpleApplication@5fe340c6
reloadAllAccessors: .Accumulator

===========================================================================================
----------------- testing Sun May 10 14:20:15 UTC 2020 /home/travis/build/icyphy/ptII/ptolemy/actor/lib/test/auto/Accumulator2.xml
----------------- Instantiating /home/travis/build/icyphy/ptII/ptolemy/actor/lib/test/auto/Accumulator2.xml
5 ms. Memory: 268288K Free: 187151K (70%)
----------------- Invoking toplevel() on ptolemy.moml.MoMLSimpleApplication@214bf465
----------------- Done invoking toplevel() on ptolemy.moml.MoMLSimpleApplication@214bf465
reloadAllAccessors: .Accumulator2

===========================================================================================
----------------- testing Sun May 10 14:20:15 UTC 2020 /home/travis/build/icyphy/ptII/ptolemy/actor/lib/test/auto/Accumulator3.xml
----------------- Instantiating /home/travis/build/icyphy/ptII/ptolemy/actor/lib/test/auto/Accumulator3.xml
10 ms. Memory: 268288K Free: 183055K (68%)
----------------- Invoking toplevel() on ptolemy.moml.MoMLSimpleApplication@75cb8c86
----------------- Done invoking toplevel() on ptolemy.moml.MoMLSimpleApplication@75cb8c86
reloadAllAccessors: .Accumulator3

===========================================================================================
----------------- testing Sun May 10 14:20:15 UTC 2020 /home/travis/build/icyphy/ptII/ptolemy/actor/lib/test/auto/ArrayAppend.xml
----------------- Instantiating /home/travis/build/icyphy/ptII/ptolemy/actor/lib/test/auto/ArrayAppend.xml
7 ms. Memory: 268288K Free: 176911K (66%)
----------------- Invoking toplevel() on ptolemy.moml.MoMLSimpleApplication@4a868c5a
----------------- Done invoking toplevel() on ptolemy.moml.MoMLSimpleApplication@4a868c5a
reloadAllAccessors: .ArrayAppend

===========================================================================================
----------------- testing Sun May 10 14:20:15 UTC 2020 /home/travis/build/icyphy/ptII/ptolemy/actor/lib/test/auto/ArrayAppend2.xml
----------------- Instantiating /home/travis/build/icyphy/ptII/ptolemy/actor/lib/test/auto/ArrayAppend2.xml
244 ms. Memory: 268288K Free: 114957K (43%)
----------------- Invoking toplevel() on ptolemy.moml.MoMLSimpleApplication@549441c5
----------------- Done invoking toplevel() on ptolemy.moml.MoMLSimpleApplication@549441c5
reloadAllAccessors: .ArrayAppend2

===========================================================================================
----------------- testing Sun May 10 14:20:15 UTC 2020 /home/travis/build/icyphy/ptII/ptolemy/actor/lib/test/auto/ArrayAppend3.xml
----------------- Instantiating /home/travis/build/icyphy/ptII/ptolemy/actor/lib/test/auto/ArrayAppend3.xml
5 ms. Memory: 268288K Free: 109837K (41%)
----------------- Invoking toplevel() on ptolemy.moml.MoMLSimpleApplication@6794789e
----------------- Done invoking toplevel() on ptolemy.moml.MoMLSimpleApplication@6794789e
reloadAllAccessors: .ArrayAppend3

===========================================================================================
----------------- testing Sun May 10 14:20:15 UTC 2020 /home/travis/build/icyphy/ptII/ptolemy/actor/lib/test/auto/ArrayAppend4.xml
----------------- Instantiating /home/travis/build/icyphy/ptII/ptolemy/actor/lib/test/auto/ArrayAppend4.xml
2 ms. Memory: 268288K Free: 104207K (39%)
----------------- Invoking toplevel() on ptolemy.moml.MoMLSimpleApplication@61b8e7b5
----------------- Done invoking toplevel() on ptolemy.moml.MoMLSimpleApplication@61b8e7b5
reloadAllAccessors: .ArrayAppend4

===========================================================================================
----------------- testing Sun May 10 14:20:15 UTC 2020 /home/travis/build/icyphy/ptII/ptolemy/actor/lib/test/auto/ArrayAppend5.xml
----------------- Instantiating /home/travis/build/icyphy/ptII/ptolemy/actor/lib/test/auto/ArrayAppend5.xml
1 ms. Memory: 268288K Free: 99087K (37%)
----------------- Invoking toplevel() on ptolemy.moml.MoMLSimpleApplication@7cccdaa4
----------------- Done invoking toplevel() on ptolemy.moml.MoMLSimpleApplication@7cccdaa4
reloadAllAccessors: .ArrayAppend5

===========================================================================================
----------------- testing Sun May 10 14:20:15 UTC 2020 /home/travis/build/icyphy/ptII/ptolemy/actor/lib/test/auto/ArrayAppend6.xml
----------------- Instantiating /home/travis/build/icyphy/ptII/ptolemy/actor/lib/test/auto/ArrayAppend6.xml
1 ms. Memory: 268288K Free: 93453K (35%)
----------------- Invoking toplevel() on ptolemy.moml.MoMLSimpleApplication@73b02adf
----------------- Done invoking toplevel() on ptolemy.moml.MoMLSimpleApplication@73b02adf
reloadAllAccessors: .ArrayAppend6

===========================================================================================
----------------- testing Sun May 10 14:20:15 UTC 2020 /home/travis/build/icyphy/ptII/ptolemy/actor/lib/test/auto/ArrayAppendPerformanceTest.xml
----------------- Instantiating /home/travis/build/icyphy/ptII/ptolemy/actor/lib/test/auto/ArrayAppendPerformanceTest.xml
27 ms. Memory: 268288K Free: 82703K (31%)
----------------- Invoking toplevel() on ptolemy.moml.MoMLSimpleApplication@58e29967
----------------- Done invoking toplevel() on ptolemy.moml.MoMLSimpleApplication@58e29967
reloadAllAccessors: .ArrayAppendPerformanceTest

===========================================================================================
----------------- testing Sun May 10 14:20:15 UTC 2020 /home/travis/build/icyphy/ptII/ptolemy/actor/lib/test/auto/ArrayAppendWithEmptyInput.xml
----------------- Instantiating /home/travis/build/icyphy/ptII/ptolemy/actor/lib/test/auto/ArrayAppendWithEmptyInput.xml
14 ms. Memory: 268288K Free: 216290K (81%)
----------------- Invoking toplevel() on ptolemy.moml.MoMLSimpleApplication@6d2529ed
----------------- Done invoking toplevel() on ptolemy.moml.MoMLSimpleApplication@6d2529ed
reloadAllAccessors: .ArrayAppendWithEmptyInput

===========================================================================================
----------------- testing Sun May 10 14:20:15 UTC 2020 /home/travis/build/icyphy/ptII/ptolemy/actor/lib/test/auto/ArrayAverage.xml
----------------- Instantiating /home/travis/build/icyphy/ptII/ptolemy/actor/lib/test/auto/ArrayAverage.xml
4 ms. Memory: 268288K Free: 207588K (77%)
----------------- Invoking toplevel() on ptolemy.moml.MoMLSimpleApplication@a9cae5c
----------------- Done invoking toplevel() on ptolemy.moml.MoMLSimpleApplication@a9cae5c
reloadAllAccessors: .ArrayAverage

===========================================================================================
----------------- testing Sun May 10 14:20:16 UTC 2020 /home/travis/build/icyphy/ptII/ptolemy/actor/lib/test/auto/ArrayContains.xml
----------------- Instantiating /home/travis/build/icyphy/ptII/ptolemy/actor/lib/test/auto/ArrayContains.xml
8 ms. Memory: 268288K Free: 201954K (75%)
----------------- Invoking toplevel() on ptolemy.moml.MoMLSimpleApplication@64da8706
----------------- Done invoking toplevel() on ptolemy.moml.MoMLSimpleApplication@64da8706
reloadAllAccessors: .ArrayContains

===========================================================================================
----------------- testing Sun May 10 14:20:16 UTC 2020 /home/travis/build/icyphy/ptII/ptolemy/actor/lib/test/auto/ArrayElement.xml
----------------- Instantiating /home/travis/build/icyphy/ptII/ptolemy/actor/lib/test/auto/ArrayElement.xml
6 ms. Memory: 268288K Free: 196803K (73%)
----------------- Invoking toplevel() on ptolemy.moml.MoMLSimpleApplication@7dda6c2f
----------------- Done invoking toplevel() on ptolemy.moml.MoMLSimpleApplication@7dda6c2f
reloadAllAccessors: .ArrayElement

===========================================================================================
----------------- testing Sun May 10 14:20:16 UTC 2020 /home/travis/build/icyphy/ptII/ptolemy/actor/lib/test/auto/ArrayElementAsMatrix.xml
----------------- Instantiating /home/travis/build/icyphy/ptII/ptolemy/actor/lib/test/auto/ArrayElementAsMatrix.xml
14 ms. Memory: 268288K Free: 186594K (70%)
----------------- Invoking toplevel() on ptolemy.moml.MoMLSimpleApplication@36df87ba
----------------- Done invoking toplevel() on ptolemy.moml.MoMLSimpleApplication@36df87ba
reloadAllAccessors: .ArrayElementAsMatrix

===========================================================================================
----------------- testing Sun May 10 14:20:16 UTC 2020 /home/travis/build/icyphy/ptII/ptolemy/actor/lib/test/auto/ArrayElementI.xml
----------------- Instantiating /home/travis/build/icyphy/ptII/ptolemy/actor/lib/test/auto/ArrayElementI.xml
2 ms. Memory: 268288K Free: 181474K (68%)
----------------- Invoking toplevel() on ptolemy.moml.MoMLSimpleApplication@3af205fe
----------------- Done invoking toplevel() on ptolemy.moml.MoMLSimpleApplication@3af205fe
reloadAllAccessors: .ArrayElementI

===========================================================================================
----------------- testing Sun May 10 14:20:16 UTC 2020 /home/travis/build/icyphy/ptII/ptolemy/actor/lib/test/auto/ArrayExtract.xml
----------------- Instantiating /home/travis/build/icyphy/ptII/ptolemy/actor/lib/test/auto/ArrayExtract.xml
4 ms. Memory: 268288K Free: 172772K (64%)
----------------- Invoking toplevel() on ptolemy.moml.MoMLSimpleApplication@9ee569
----------------- Done invoking toplevel() on ptolemy.moml.MoMLSimpleApplication@9ee569
reloadAllAccessors: .ArrayExtract

===========================================================================================
----------------- testing Sun May 10 14:20:16 UTC 2020 /home/travis/build/icyphy/ptII/ptolemy/actor/lib/test/auto/ArrayExtract2.xml
----------------- Instantiating /home/travis/build/icyphy/ptII/ptolemy/actor/lib/test/auto/ArrayExtract2.xml
2 ms. Memory: 268288K Free: 167652K (62%)
----------------- Invoking toplevel() on ptolemy.moml.MoMLSimpleApplication@1426fe15
----------------- Done invoking toplevel() on ptolemy.moml.MoMLSimpleApplication@1426fe15
reloadAllAccessors: .ArrayExtract2

===========================================================================================
----------------- testing Sun May 10 14:20:16 UTC 2020 /home/travis/build/icyphy/ptII/ptolemy/actor/lib/test/auto/ArrayLength.xml
----------------- Instantiating /home/travis/build/icyphy/ptII/ptolemy/actor/lib/test/auto/ArrayLength.xml
1 ms. Memory: 268288K Free: 163556K (61%)
----------------- Invoking toplevel() on ptolemy.moml.MoMLSimpleApplication@6522c06d
----------------- Done invoking toplevel() on ptolemy.moml.MoMLSimpleApplication@6522c06d
reloadAllAccessors: .ArrayLength

===========================================================================================
----------------- testing Sun May 10 14:20:16 UTC 2020 /home/travis/build/icyphy/ptII/ptolemy/actor/lib/test/auto/ArrayLevelCrossing.xml
----------------- Instantiating /home/travis/build/icyphy/ptII/ptolemy/actor/lib/test/auto/ArrayLevelCrossing.xml
3 ms. Memory: 268288K Free: 155874K (58%)
----------------- Invoking toplevel() on ptolemy.moml.MoMLSimpleApplication@9946cd9
----------------- Done invoking toplevel() on ptolemy.moml.MoMLSimpleApplication@9946cd9
reloadAllAccessors: .ArrayLevelCrossing

===========================================================================================
----------------- testing Sun May 10 14:20:16 UTC 2020 /home/travis/build/icyphy/ptII/ptolemy/actor/lib/test/auto/ArrayLevelCrossing2.xml
----------------- Instantiating /home/travis/build/icyphy/ptII/ptolemy/actor/lib/test/auto/ArrayLevelCrossing2.xml
2 ms. Memory: 268288K Free: 148196K (55%)
----------------- Invoking toplevel() on ptolemy.moml.MoMLSimpleApplication@53fb6a60
----------------- Done invoking toplevel() on ptolemy.moml.MoMLSimpleApplication@53fb6a60
reloadAllAccessors: .ArrayLevelCrossing2

===========================================================================================
----------------- testing Sun May 10 14:20:16 UTC 2020 /home/travis/build/icyphy/ptII/ptolemy/actor/lib/test/auto/ArrayPeakSearch.xml
----------------- Instantiating /home/travis/build/icyphy/ptII/ptolemy/actor/lib/test/auto/ArrayPeakSearch.xml
7 ms. Memory: 268288K Free: 139490K (52%)
----------------- Invoking toplevel() on ptolemy.moml.MoMLSimpleApplication@3133eed5
----------------- Done invoking toplevel() on ptolemy.moml.MoMLSimpleApplication@3133eed5
reloadAllAccessors: .ArrayPeakSearch

===========================================================================================
----------------- testing Sun May 10 14:20:16 UTC 2020 /home/travis/build/icyphy/ptII/ptolemy/actor/lib/test/auto/ArrayPeakSearch2.xml
----------------- Instantiating /home/travis/build/icyphy/ptII/ptolemy/actor/lib/test/auto/ArrayPeakSearch2.xml
4 ms. Memory: 268288K Free: 128740K (48%)
----------------- Invoking toplevel() on ptolemy.moml.MoMLSimpleApplication@7c3579ea
----------------- Done invoking toplevel() on ptolemy.moml.MoMLSimpleApplication@7c3579ea
reloadAllAccessors: .ArrayPeakSearch2

===========================================================================================
----------------- testing Sun May 10 14:20:16 UTC 2020 /home/travis/build/icyphy/ptII/ptolemy/actor/lib/test/auto/ArrayPeakSearch3.xml
----------------- Instantiating /home/travis/build/icyphy/ptII/ptolemy/actor/lib/test/auto/ArrayPeakSearch3.xml
5 ms. Memory: 268288K Free: 120034K (45%)
----------------- Invoking toplevel() on ptolemy.moml.MoMLSimpleApplication@a6dcded
----------------- Done invoking toplevel() on ptolemy.moml.MoMLSimpleApplication@a6dcded
reloadAllAccessors: .ArrayPeakSearch3

===========================================================================================
----------------- testing Sun May 10 14:20:16 UTC 2020 /home/travis/build/icyphy/ptII/ptolemy/actor/lib/test/auto/ArrayRemoveElement.xml
----------------- Instantiating /home/travis/build/icyphy/ptII/ptolemy/actor/lib/test/auto/ArrayRemoveElement.xml
5 ms. Memory: 268288K Free: 111842K (42%)
----------------- Invoking toplevel() on ptolemy.moml.MoMLSimpleApplication@736a0e78
----------------- Done invoking toplevel() on ptolemy.moml.MoMLSimpleApplication@736a0e78
reloadAllAccessors: .ArrayRemoveElement

===========================================================================================
----------------- testing Sun May 10 14:20:16 UTC 2020 /home/travis/build/icyphy/ptII/ptolemy/actor/lib/test/auto/ArraySort.xml
----------------- Instantiating /home/travis/build/icyphy/ptII/ptolemy/actor/lib/test/auto/ArraySort.xml
6 ms. Memory: 268288K Free: 103140K (38%)
----------------- Invoking toplevel() on ptolemy.moml.MoMLSimpleApplication@6465e77a
----------------- Done invoking toplevel() on ptolemy.moml.MoMLSimpleApplication@6465e77a
reloadAllAccessors: .ArraySort

===========================================================================================
----------------- testing Sun May 10 14:20:16 UTC 2020 /home/travis/build/icyphy/ptII/ptolemy/actor/lib/test/auto/ArraySum.xml
----------------- Instantiating /home/travis/build/icyphy/ptII/ptolemy/actor/lib/test/auto/ArraySum.xml
7 ms. Memory: 268288K Free: 97506K (36%)
----------------- Invoking toplevel() on ptolemy.moml.MoMLSimpleApplication@4dbfcc4e
----------------- Done invoking toplevel() on ptolemy.moml.MoMLSimpleApplication@4dbfcc4e
reloadAllAccessors: .ArraySum

===========================================================================================
----------------- testing Sun May 10 14:20:16 UTC 2020 /home/travis/build/icyphy/ptII/ptolemy/actor/lib/test/auto/ArrayToElements.xml
----------------- Instantiating /home/travis/build/icyphy/ptII/ptolemy/actor/lib/test/auto/ArrayToElements.xml
8 ms. Memory: 268288K Free: 92386K (34%)
----------------- Invoking toplevel() on ptolemy.moml.MoMLSimpleApplication@7ccea893
----------------- Done invoking toplevel() on ptolemy.moml.MoMLSimpleApplication@7ccea893
reloadAllAccessors: .ArrayToElements

===========================================================================================
----------------- testing Sun May 10 14:20:16 UTC 2020 /home/travis/build/icyphy/ptII/ptolemy/actor/lib/test/auto/ArrayToMatrix.xml
----------------- Instantiating /home/travis/build/icyphy/ptII/ptolemy/actor/lib/test/auto/ArrayToMatrix.xml
11 ms. Memory: 268288K Free: 78050K (29%)
----------------- Invoking toplevel() on ptolemy.moml.MoMLSimpleApplication@af4ad28
----------------- Done invoking toplevel() on ptolemy.moml.MoMLSimpleApplication@af4ad28
reloadAllAccessors: .ArrayToMatrix

===========================================================================================
----------------- testing Sun May 10 14:20:16 UTC 2020 /home/travis/build/icyphy/ptII/ptolemy/actor/lib/test/auto/ArrayUpdate1.xml
----------------- Instantiating /home/travis/build/icyphy/ptII/ptolemy/actor/lib/test/auto/ArrayUpdate1.xml
4 ms. Memory: 268288K Free: 73444K (27%)
----------------- Invoking toplevel() on ptolemy.moml.MoMLSimpleApplication@7b601f35
----------------- Done invoking toplevel() on ptolemy.moml.MoMLSimpleApplication@7b601f35
reloadAllAccessors: .ArrayUpdate1

===========================================================================================
----------------- testing Sun May 10 14:20:16 UTC 2020 /home/travis/build/icyphy/ptII/ptolemy/actor/lib/test/auto/ArrayUpdate2.xml
----------------- Instantiating /home/travis/build/icyphy/ptII/ptolemy/actor/lib/test/auto/ArrayUpdate2.xml
15 ms. Memory: 268288K Free: 219197K (82%)
----------------- Invoking toplevel() on ptolemy.moml.MoMLSimpleApplication@40ee7616
----------------- Done invoking toplevel() on ptolemy.moml.MoMLSimpleApplication@40ee7616
reloadAllAccessors: .ArrayUpdate2

===========================================================================================
----------------- testing Sun May 10 14:20:16 UTC 2020 /home/travis/build/icyphy/ptII/ptolemy/actor/lib/test/auto/ArrayUpdate3.xml
----------------- Instantiating /home/travis/build/icyphy/ptII/ptolemy/actor/lib/test/auto/ArrayUpdate3.xml
3 ms. Memory: 268288K Free: 213848K (80%)
----------------- Invoking toplevel() on ptolemy.moml.MoMLSimpleApplication@1c352168
----------------- Done invoking toplevel() on ptolemy.moml.MoMLSimpleApplication@1c352168
reloadAllAccessors: .ArrayUpdate3

===========================================================================================
----------------- testing Sun May 10 14:20:16 UTC 2020 /home/travis/build/icyphy/ptII/ptolemy/actor/lib/test/auto/Assert1.xml
----------------- Instantiating /home/travis/build/icyphy/ptII/ptolemy/actor/lib/test/auto/Assert1.xml
4 ms. Memory: 268288K Free: 209242K (78%)
----------------- Invoking toplevel() on ptolemy.moml.MoMLSimpleApplication@55e2c4b4
----------------- Done invoking toplevel() on ptolemy.moml.MoMLSimpleApplication@55e2c4b4
reloadAllAccessors: .Assert1

===========================================================================================
----------------- testing Sun May 10 14:20:16 UTC 2020 /home/travis/build/icyphy/ptII/ptolemy/actor/lib/test/auto/Assert2.xml
----------------- Instantiating /home/travis/build/icyphy/ptII/ptolemy/actor/lib/test/auto/Assert2.xml
2 ms. Memory: 268288K Free: 204122K (76%)
----------------- Invoking toplevel() on ptolemy.moml.MoMLSimpleApplication@3724ed8c
----------------- Done invoking toplevel() on ptolemy.moml.MoMLSimpleApplication@3724ed8c
reloadAllAccessors: .Assert2

===========================================================================================
----------------- testing Sun May 10 14:20:16 UTC 2020 /home/travis/build/icyphy/ptII/ptolemy/actor/lib/test/auto/BooleanMultiplexor.xml
----------------- Instantiating /home/travis/build/icyphy/ptII/ptolemy/actor/lib/test/auto/BooleanMultiplexor.xml
2 ms. Memory: 268288K Free: 198458K (74%)
----------------- Invoking toplevel() on ptolemy.moml.MoMLSimpleApplication@57d51985
----------------- Done invoking toplevel() on ptolemy.moml.MoMLSimpleApplication@57d51985
reloadAllAccessors: .BooleanMultiplexor

===========================================================================================
----------------- testing Sun May 10 14:20:16 UTC 2020 /home/travis/build/icyphy/ptII/ptolemy/actor/lib/test/auto/BooleanMultiplexor2.xml
----------------- Instantiating /home/travis/build/icyphy/ptII/ptolemy/actor/lib/test/auto/BooleanMultiplexor2.xml
16 ms. Memory: 268288K Free: 192344K (72%)
----------------- Invoking toplevel() on ptolemy.moml.MoMLSimpleApplication@c912da3
----------------- Done invoking toplevel() on ptolemy.moml.MoMLSimpleApplication@c912da3
reloadAllAccessors: .BooleanMultiplexor2

===========================================================================================
----------------- testing Sun May 10 14:20:16 UTC 2020 /home/travis/build/icyphy/ptII/ptolemy/actor/lib/test/auto/BooleanMultiplexor3.xml
----------------- Instantiating /home/travis/build/icyphy/ptII/ptolemy/actor/lib/test/auto/BooleanMultiplexor3.xml
3 ms. Memory: 268288K Free: 188248K (70%)
----------------- Invoking toplevel() on ptolemy.moml.MoMLSimpleApplication@5d625386
----------------- Done invoking toplevel() on ptolemy.moml.MoMLSimpleApplication@5d625386
reloadAllAccessors: .BooleanMultiplexor3

===========================================================================================
----------------- testing Sun May 10 14:20:16 UTC 2020 /home/travis/build/icyphy/ptII/ptolemy/actor/lib/test/auto/BooleanSelect.xml
----------------- Instantiating /home/travis/build/icyphy/ptII/ptolemy/actor/lib/test/auto/BooleanSelect.xml
8 ms. Memory: 268288K Free: 182618K (68%)
----------------- Invoking toplevel() on ptolemy.moml.MoMLSimpleApplication@7ce0ccb9
----------------- Done invoking toplevel() on ptolemy.moml.MoMLSimpleApplication@7ce0ccb9
reloadAllAccessors: .BooleanSelect

===========================================================================================
----------------- testing Sun May 10 14:20:16 UTC 2020 /home/travis/build/icyphy/ptII/ptolemy/actor/lib/test/auto/BooleanSelect2.xml
----------------- Instantiating /home/travis/build/icyphy/ptII/ptolemy/actor/lib/test/auto/BooleanSelect2.xml
1 ms. Memory: 268288K Free: 178008K (66%)
----------------- Invoking toplevel() on ptolemy.moml.MoMLSimpleApplication@2f83e7ac
----------------- Done invoking toplevel() on ptolemy.moml.MoMLSimpleApplication@2f83e7ac
reloadAllAccessors: .BooleanSelect2

===========================================================================================
----------------- testing Sun May 10 14:20:16 UTC 2020 /home/travis/build/icyphy/ptII/ptolemy/actor/lib/test/auto/BooleanSwitch.xml
----------------- Instantiating /home/travis/build/icyphy/ptII/ptolemy/actor/lib/test/auto/BooleanSwitch.xml
12 ms. Memory: 268288K Free: 172378K (64%)
----------------- Invoking toplevel() on ptolemy.moml.MoMLSimpleApplication@3feac02c
----------------- Done invoking toplevel() on ptolemy.moml.MoMLSimpleApplication@3feac02c
reloadAllAccessors: .BooleanSwitch

===========================================================================================
----------------- testing Sun May 10 14:20:16 UTC 2020 /home/travis/build/icyphy/ptII/ptolemy/actor/lib/test/auto/BooleanSwitch2.xml
----------------- Instantiating /home/travis/build/icyphy/ptII/ptolemy/actor/lib/test/auto/BooleanSwitch2.xml
2 ms. Memory: 268288K Free: 167768K (63%)
----------------- Invoking toplevel() on ptolemy.moml.MoMLSimpleApplication@377b7a6a
----------------- Done invoking toplevel() on ptolemy.moml.MoMLSimpleApplication@377b7a6a
reloadAllAccessors: .BooleanSwitch2

===========================================================================================
----------------- testing Sun May 10 14:20:16 UTC 2020 /home/travis/build/icyphy/ptII/ptolemy/actor/lib/test/auto/BooleanSwitchCloningBugWithClassRelationGroup.xml
----------------- Instantiating /home/travis/build/icyphy/ptII/ptolemy/actor/lib/test/auto/BooleanSwitchCloningBugWithClassRelationGroup.xml
4 ms. Memory: 268288K Free: 161624K (60%)
----------------- Invoking toplevel() on ptolemy.moml.MoMLSimpleApplication@51f875ad
----------------- Done invoking toplevel() on ptolemy.moml.MoMLSimpleApplication@51f875ad
reloadAllAccessors: .BooleanSwitchCloningBugWithClassRelationGroup

===========================================================================================
----------------- testing Sun May 10 14:20:16 UTC 2020 /home/travis/build/icyphy/ptII/ptolemy/actor/lib/test/auto/BusActors.xml
----------------- Instantiating /home/travis/build/icyphy/ptII/ptolemy/actor/lib/test/auto/BusActors.xml
4 ms. Memory: 268288K Free: 153432K (57%)
----------------- Invoking toplevel() on ptolemy.moml.MoMLSimpleApplication@7c846587
----------------- Done invoking toplevel() on ptolemy.moml.MoMLSimpleApplication@7c846587
reloadAllAccessors: .BusActors

===========================================================================================
----------------- testing Sun May 10 14:20:16 UTC 2020 /home/travis/build/icyphy/ptII/ptolemy/actor/lib/test/auto/ClassWrapper.xml
----------------- Instantiating /home/travis/build/icyphy/ptII/ptolemy/actor/lib/test/auto/ClassWrapper.xml
4 ms. Memory: 268288K Free: 149336K (56%)
----------------- Invoking toplevel() on ptolemy.moml.MoMLSimpleApplication@63f9c50d
----------------- Done invoking toplevel() on ptolemy.moml.MoMLSimpleApplication@63f9c50d
reloadAllAccessors: .ClassWrapper

===========================================================================================
----------------- testing Sun May 10 14:20:16 UTC 2020 /home/travis/build/icyphy/ptII/ptolemy/actor/lib/test/auto/Clock.xml
----------------- Instantiating /home/travis/build/icyphy/ptII/ptolemy/actor/lib/test/auto/Clock.xml
3 ms. Memory: 268288K Free: 145240K (54%)
----------------- Invoking toplevel() on ptolemy.moml.MoMLSimpleApplication@4c5ecd3f
----------------- Done invoking toplevel() on ptolemy.moml.MoMLSimpleApplication@4c5ecd3f
reloadAllAccessors: .Clock

===========================================================================================
----------------- testing Sun May 10 14:20:16 UTC 2020 /home/travis/build/icyphy/ptII/ptolemy/actor/lib/test/auto/Clock10.xml
----------------- Instantiating /home/travis/build/icyphy/ptII/ptolemy/actor/lib/test/auto/Clock10.xml
3 ms. Memory: 268288K Free: 139610K (52%)
----------------- Invoking toplevel() on ptolemy.moml.MoMLSimpleApplication@1040eeb7
----------------- Done invoking toplevel() on ptolemy.moml.MoMLSimpleApplication@1040eeb7
reloadAllAccessors: .Clock10

===========================================================================================
----------------- testing Sun May 10 14:20:17 UTC 2020 /home/travis/build/icyphy/ptII/ptolemy/actor/lib/test/auto/Clock11.xml
----------------- Instantiating /home/travis/build/icyphy/ptII/ptolemy/actor/lib/test/auto/Clock11.xml
4 ms. Memory: 268288K Free: 133466K (50%)
----------------- Invoking toplevel() on ptolemy.moml.MoMLSimpleApplication@4c7658d1
----------------- Done invoking toplevel() on ptolemy.moml.MoMLSimpleApplication@4c7658d1
reloadAllAccessors: .Clock11

===========================================================================================
----------------- testing Sun May 10 14:20:17 UTC 2020 /home/travis/build/icyphy/ptII/ptolemy/actor/lib/test/auto/Clock12.xml
----------------- Instantiating /home/travis/build/icyphy/ptII/ptolemy/actor/lib/test/auto/Clock12.xml
4 ms. Memory: 268288K Free: 127832K (48%)
----------------- Invoking toplevel() on ptolemy.moml.MoMLSimpleApplication@15a910b0
----------------- Done invoking toplevel() on ptolemy.moml.MoMLSimpleApplication@15a910b0
reloadAllAccessors: .Clock12

===========================================================================================
----------------- testing Sun May 10 14:20:17 UTC 2020 /home/travis/build/icyphy/ptII/ptolemy/actor/lib/test/auto/Clock13.xml
----------------- Instantiating /home/travis/build/icyphy/ptII/ptolemy/actor/lib/test/auto/Clock13.xml
2 ms. Memory: 268288K Free: 121658K (45%)
----------------- Invoking toplevel() on ptolemy.moml.MoMLSimpleApplication@13e3f5a2
----------------- Done invoking toplevel() on ptolemy.moml.MoMLSimpleApplication@13e3f5a2
reloadAllAccessors: .Clock13

===========================================================================================
----------------- testing Sun May 10 14:20:17 UTC 2020 /home/travis/build/icyphy/ptII/ptolemy/actor/lib/test/auto/Clock14.xml
----------------- Instantiating /home/travis/build/icyphy/ptII/ptolemy/actor/lib/test/auto/Clock14.xml
3 ms. Memory: 268288K Free: 115538K (43%)
----------------- Invoking toplevel() on ptolemy.moml.MoMLSimpleApplication@51550dd6
----------------- Done invoking toplevel() on ptolemy.moml.MoMLSimpleApplication@51550dd6
reloadAllAccessors: .Clock14

===========================================================================================
----------------- testing Sun May 10 14:20:17 UTC 2020 /home/travis/build/icyphy/ptII/ptolemy/actor/lib/test/auto/Clock15.xml
----------------- Instantiating /home/travis/build/icyphy/ptII/ptolemy/actor/lib/test/auto/Clock15.xml
2 ms. Memory: 268288K Free: 109914K (41%)
----------------- Invoking toplevel() on ptolemy.moml.MoMLSimpleApplication@578b3689
----------------- Done invoking toplevel() on ptolemy.moml.MoMLSimpleApplication@578b3689
reloadAllAccessors: .Clock15

===========================================================================================
----------------- testing Sun May 10 14:20:17 UTC 2020 /home/travis/build/icyphy/ptII/ptolemy/actor/lib/test/auto/Clock16.xml
----------------- Instantiating /home/travis/build/icyphy/ptII/ptolemy/actor/lib/test/auto/Clock16.xml
31 ms. Memory: 268288K Free: 95058K (35%)
----------------- Invoking toplevel() on ptolemy.moml.MoMLSimpleApplication@3e0039c5
----------------- Done invoking toplevel() on ptolemy.moml.MoMLSimpleApplication@3e0039c5
reloadAllAccessors: .Clock16

===========================================================================================
----------------- testing Sun May 10 14:20:17 UTC 2020 /home/travis/build/icyphy/ptII/ptolemy/actor/lib/test/auto/Clock17.xml
----------------- Instantiating /home/travis/build/icyphy/ptII/ptolemy/actor/lib/test/auto/Clock17.xml
27 ms. Memory: 268288K Free: 81242K (30%)
----------------- Invoking toplevel() on ptolemy.moml.MoMLSimpleApplication@32b52d2e
----------------- Done invoking toplevel() on ptolemy.moml.MoMLSimpleApplication@32b52d2e
reloadAllAccessors: .Clock17

===========================================================================================
----------------- testing Sun May 10 14:20:17 UTC 2020 /home/travis/build/icyphy/ptII/ptolemy/actor/lib/test/auto/Clock18.xml
----------------- Instantiating /home/travis/build/icyphy/ptII/ptolemy/actor/lib/test/auto/Clock18.xml
22 ms. Memory: 268288K Free: 67930K (25%)
----------------- Invoking toplevel() on ptolemy.moml.MoMLSimpleApplication@68ed130e
----------------- Done invoking toplevel() on ptolemy.moml.MoMLSimpleApplication@68ed130e
reloadAllAccessors: .Clock18

===========================================================================================
----------------- testing Sun May 10 14:20:17 UTC 2020 /home/travis/build/icyphy/ptII/ptolemy/actor/lib/test/auto/Clock19.xml
----------------- Instantiating /home/travis/build/icyphy/ptII/ptolemy/actor/lib/test/auto/Clock19.xml
20 ms. Memory: 268288K Free: 213806K (80%)
----------------- Invoking toplevel() on ptolemy.moml.MoMLSimpleApplication@e37f4a5
----------------- Done invoking toplevel() on ptolemy.moml.MoMLSimpleApplication@e37f4a5
reloadAllAccessors: .Clock19

===========================================================================================
----------------- testing Sun May 10 14:20:17 UTC 2020 /home/travis/build/icyphy/ptII/ptolemy/actor/lib/test/auto/Clock2.xml
----------------- Instantiating /home/travis/build/icyphy/ptII/ptolemy/actor/lib/test/auto/Clock2.xml
4 ms. Memory: 268288K Free: 208674K (78%)
----------------- Invoking toplevel() on ptolemy.moml.MoMLSimpleApplication@2def9421
----------------- Done invoking toplevel() on ptolemy.moml.MoMLSimpleApplication@2def9421
reloadAllAccessors: .Clock2

===========================================================================================
----------------- testing Sun May 10 14:20:17 UTC 2020 /home/travis/build/icyphy/ptII/ptolemy/actor/lib/test/auto/Clock20.xml
----------------- Instantiating /home/travis/build/icyphy/ptII/ptolemy/actor/lib/test/auto/Clock20.xml
6 ms. Memory: 268288K Free: 203074K (76%)
----------------- Invoking toplevel() on ptolemy.moml.MoMLSimpleApplication@4842fafe
----------------- Done invoking toplevel() on ptolemy.moml.MoMLSimpleApplication@4842fafe
reloadAllAccessors: .Clock20

===========================================================================================
----------------- testing Sun May 10 14:20:17 UTC 2020 /home/travis/build/icyphy/ptII/ptolemy/actor/lib/test/auto/Clock21.xml
----------------- Instantiating /home/travis/build/icyphy/ptII/ptolemy/actor/lib/test/auto/Clock21.xml
3 ms. Memory: 268288K Free: 197954K (74%)
----------------- Invoking toplevel() on ptolemy.moml.MoMLSimpleApplication@1bafb89a
----------------- Done invoking toplevel() on ptolemy.moml.MoMLSimpleApplication@1bafb89a
reloadAllAccessors: .Clock21

===========================================================================================
----------------- testing Sun May 10 14:20:17 UTC 2020 /home/travis/build/icyphy/ptII/ptolemy/actor/lib/test/auto/Clock22.xml
----------------- Instantiating /home/travis/build/icyphy/ptII/ptolemy/actor/lib/test/auto/Clock22.xml
3 ms. Memory: 268288K Free: 192320K (72%)
----------------- Invoking toplevel() on ptolemy.moml.MoMLSimpleApplication@479d14bd
----------------- Done invoking toplevel() on ptolemy.moml.MoMLSimpleApplication@479d14bd
reloadAllAccessors: .Clock22

===========================================================================================
----------------- testing Sun May 10 14:20:17 UTC 2020 /home/travis/build/icyphy/ptII/ptolemy/actor/lib/test/auto/Clock23.xml
----------------- Instantiating /home/travis/build/icyphy/ptII/ptolemy/actor/lib/test/auto/Clock23.xml
3 ms. Memory: 268288K Free: 187200K (70%)
----------------- Invoking toplevel() on ptolemy.moml.MoMLSimpleApplication@7b3d489d
----------------- Done invoking toplevel() on ptolemy.moml.MoMLSimpleApplication@7b3d489d
reloadAllAccessors: .Clock23

===========================================================================================
----------------- testing Sun May 10 14:20:17 UTC 2020 /home/travis/build/icyphy/ptII/ptolemy/actor/lib/test/auto/Clock24.xml
----------------- Instantiating /home/travis/build/icyphy/ptII/ptolemy/actor/lib/test/auto/Clock24.xml
6 ms. Memory: 268288K Free: 181570K (68%)
----------------- Invoking toplevel() on ptolemy.moml.MoMLSimpleApplication@2652c8a0
----------------- Done invoking toplevel() on ptolemy.moml.MoMLSimpleApplication@2652c8a0
reloadAllAccessors: .Clock24

===========================================================================================
----------------- testing Sun May 10 14:20:17 UTC 2020 /home/travis/build/icyphy/ptII/ptolemy/actor/lib/test/auto/Clock4.xml
----------------- Instantiating /home/travis/build/icyphy/ptII/ptolemy/actor/lib/test/auto/Clock4.xml
1 ms. Memory: 268288K Free: 175930K (66%)
----------------- Invoking toplevel() on ptolemy.moml.MoMLSimpleApplication@2cae87c5
----------------- Done invoking toplevel() on ptolemy.moml.MoMLSimpleApplication@2cae87c5
reloadAllAccessors: .Clock4

===========================================================================================
----------------- testing Sun May 10 14:20:17 UTC 2020 /home/travis/build/icyphy/ptII/ptolemy/actor/lib/test/auto/Clock5.xml
----------------- Instantiating /home/travis/build/icyphy/ptII/ptolemy/actor/lib/test/auto/Clock5.xml
2 ms. Memory: 268288K Free: 170810K (64%)
----------------- Invoking toplevel() on ptolemy.moml.MoMLSimpleApplication@6978c70
----------------- Done invoking toplevel() on ptolemy.moml.MoMLSimpleApplication@6978c70
reloadAllAccessors: .Clock5

===========================================================================================
----------------- testing Sun May 10 14:20:17 UTC 2020 /home/travis/build/icyphy/ptII/ptolemy/actor/lib/test/auto/Clock6.xml
----------------- Instantiating /home/travis/build/icyphy/ptII/ptolemy/actor/lib/test/auto/Clock6.xml
2 ms. Memory: 268288K Free: 166210K (62%)
----------------- Invoking toplevel() on ptolemy.moml.MoMLSimpleApplication@4fa5d2dd
----------------- Done invoking toplevel() on ptolemy.moml.MoMLSimpleApplication@4fa5d2dd
reloadAllAccessors: .Clock6

===========================================================================================
----------------- testing Sun May 10 14:20:17 UTC 2020 /home/travis/build/icyphy/ptII/ptolemy/actor/lib/test/auto/Clock7.xml
----------------- Instantiating /home/travis/build/icyphy/ptII/ptolemy/actor/lib/test/auto/Clock7.xml
2 ms. Memory: 268288K Free: 161600K (60%)
----------------- Invoking toplevel() on ptolemy.moml.MoMLSimpleApplication@10cc3d81
----------------- Done invoking toplevel() on ptolemy.moml.MoMLSimpleApplication@10cc3d81
reloadAllAccessors: .Clock7

===========================================================================================
----------------- testing Sun May 10 14:20:17 UTC 2020 /home/travis/build/icyphy/ptII/ptolemy/actor/lib/test/auto/Clock8.xml
----------------- Instantiating /home/travis/build/icyphy/ptII/ptolemy/actor/lib/test/auto/Clock8.xml
3 ms. Memory: 268288K Free: 155970K (58%)
----------------- Invoking toplevel() on ptolemy.moml.MoMLSimpleApplication@8e165e5
----------------- Done invoking toplevel() on ptolemy.moml.MoMLSimpleApplication@8e165e5
reloadAllAccessors: .Clock8

===========================================================================================
----------------- testing Sun May 10 14:20:17 UTC 2020 /home/travis/build/icyphy/ptII/ptolemy/actor/lib/test/auto/Clock9.xml
----------------- Instantiating /home/travis/build/icyphy/ptII/ptolemy/actor/lib/test/auto/Clock9.xml
3 ms. Memory: 268288K Free: 150306K (56%)
----------------- Invoking toplevel() on ptolemy.moml.MoMLSimpleApplication@1f2294ae
----------------- Done invoking toplevel() on ptolemy.moml.MoMLSimpleApplication@1f2294ae
reloadAllAccessors: .Clock9

===========================================================================================
----------------- testing Sun May 10 14:20:17 UTC 2020 /home/travis/build/icyphy/ptII/ptolemy/actor/lib/test/auto/CommDistDiscard.xml
----------------- Instantiating /home/travis/build/icyphy/ptII/ptolemy/actor/lib/test/auto/CommDistDiscard.xml
3 ms. Memory: 268288K Free: 145216K (54%)
----------------- Invoking toplevel() on ptolemy.moml.MoMLSimpleApplication@5272eaa7
----------------- Done invoking toplevel() on ptolemy.moml.MoMLSimpleApplication@5272eaa7
reloadAllAccessors: .CommDistDiscard

===========================================================================================
----------------- testing Sun May 10 14:20:17 UTC 2020 /home/travis/build/icyphy/ptII/ptolemy/actor/lib/test/auto/Commutator.xml
----------------- Instantiating /home/travis/build/icyphy/ptII/ptolemy/actor/lib/test/auto/Commutator.xml
1 ms. Memory: 268288K Free: 140610K (52%)
----------------- Invoking toplevel() on ptolemy.moml.MoMLSimpleApplication@44b48e27
----------------- Done invoking toplevel() on ptolemy.moml.MoMLSimpleApplication@44b48e27
reloadAllAccessors: .Commutator

===========================================================================================
----------------- testing Sun May 10 14:20:17 UTC 2020 /home/travis/build/icyphy/ptII/ptolemy/actor/lib/test/auto/Commutator2.xml
----------------- Instantiating /home/travis/build/icyphy/ptII/ptolemy/actor/lib/test/auto/Commutator2.xml
1 ms. Memory: 268288K Free: 136514K (51%)
----------------- Invoking toplevel() on ptolemy.moml.MoMLSimpleApplication@35d8b3f0
----------------- Done invoking toplevel() on ptolemy.moml.MoMLSimpleApplication@35d8b3f0
reloadAllAccessors: .Commutator2

===========================================================================================
----------------- testing Sun May 10 14:20:17 UTC 2020 /home/travis/build/icyphy/ptII/ptolemy/actor/lib/test/auto/Commutator3.xml
----------------- Instantiating /home/travis/build/icyphy/ptII/ptolemy/actor/lib/test/auto/Commutator3.xml
1 ms. Memory: 268288K Free: 131904K (49%)
----------------- Invoking toplevel() on ptolemy.moml.MoMLSimpleApplication@778a44a
----------------- Done invoking toplevel() on ptolemy.moml.MoMLSimpleApplication@778a44a
reloadAllAccessors: .Commutator3

===========================================================================================
----------------- testing Sun May 10 14:20:17 UTC 2020 /home/travis/build/icyphy/ptII/ptolemy/actor/lib/test/auto/Compare.xml
----------------- Instantiating /home/travis/build/icyphy/ptII/ptolemy/actor/lib/test/auto/Compare.xml
2 ms. Memory: 268288K Free: 125250K (47%)
----------------- Invoking toplevel() on ptolemy.moml.MoMLSimpleApplication@1b566aec
----------------- Done invoking toplevel() on ptolemy.moml.MoMLSimpleApplication@1b566aec
reloadAllAccessors: .Compare

===========================================================================================
----------------- testing Sun May 10 14:20:17 UTC 2020 /home/travis/build/icyphy/ptII/ptolemy/actor/lib/test/auto/CompareDE.xml
----------------- Instantiating /home/travis/build/icyphy/ptII/ptolemy/actor/lib/test/auto/CompareDE.xml
7 ms. Memory: 268288K Free: 118578K (44%)
----------------- Invoking toplevel() on ptolemy.moml.MoMLSimpleApplication@3dbc7078
----------------- Done invoking toplevel() on ptolemy.moml.MoMLSimpleApplication@3dbc7078
reloadAllAccessors: .CompareDE

===========================================================================================
----------------- testing Sun May 10 14:20:17 UTC 2020 /home/travis/build/icyphy/ptII/ptolemy/actor/lib/test/auto/ComplexDivide.xml
----------------- Instantiating /home/travis/build/icyphy/ptII/ptolemy/actor/lib/test/auto/ComplexDivide.xml
1 ms. Memory: 268288K Free: 114496K (43%)
----------------- Invoking toplevel() on ptolemy.moml.MoMLSimpleApplication@4622657c
----------------- Done invoking toplevel() on ptolemy.moml.MoMLSimpleApplication@4622657c
reloadAllAccessors: .ComplexDivide

===========================================================================================
----------------- testing Sun May 10 14:20:17 UTC 2020 /home/travis/build/icyphy/ptII/ptolemy/actor/lib/test/auto/ComputeHistogram.xml
----------------- Instantiating /home/travis/build/icyphy/ptII/ptolemy/actor/lib/test/auto/ComputeHistogram.xml
28 ms. Memory: 268288K Free: 102208K (38%)
----------------- Invoking toplevel() on ptolemy.moml.MoMLSimpleApplication@6b704d40
----------------- Done invoking toplevel() on ptolemy.moml.MoMLSimpleApplication@6b704d40
reloadAllAccessors: .ComputeHistogram

===========================================================================================
----------------- testing Sun May 10 14:20:17 UTC 2020 /home/travis/build/icyphy/ptII/ptolemy/actor/lib/test/auto/ConfigurationSelect.xml
----------------- Instantiating /home/travis/build/icyphy/ptII/ptolemy/actor/lib/test/auto/ConfigurationSelect.xml
8 ms. Memory: 268288K Free: 96578K (36%)
----------------- Invoking toplevel() on ptolemy.moml.MoMLSimpleApplication@3aa5538b
----------------- Done invoking toplevel() on ptolemy.moml.MoMLSimpleApplication@3aa5538b
reloadAllAccessors: .ConfigurationSelect

===========================================================================================
----------------- testing Sun May 10 14:20:17 UTC 2020 /home/travis/build/icyphy/ptII/ptolemy/actor/lib/test/auto/ConfigurationSelect2.xml
----------------- Instantiating /home/travis/build/icyphy/ptII/ptolemy/actor/lib/test/auto/ConfigurationSelect2.xml
2 ms. Memory: 268288K Free: 91968K (34%)
----------------- Invoking toplevel() on ptolemy.moml.MoMLSimpleApplication@7a5f7dd5
----------------- Done invoking toplevel() on ptolemy.moml.MoMLSimpleApplication@7a5f7dd5
reloadAllAccessors: .ConfigurationSelect2

===========================================================================================
----------------- testing Sun May 10 14:20:17 UTC 2020 /home/travis/build/icyphy/ptII/ptolemy/actor/lib/test/auto/ConfigurationSwitch.xml
----------------- Instantiating /home/travis/build/icyphy/ptII/ptolemy/actor/lib/test/auto/ConfigurationSwitch.xml
2 ms. Memory: 268288K Free: 86848K (32%)
----------------- Invoking toplevel() on ptolemy.moml.MoMLSimpleApplication@7b15248b
----------------- Done invoking toplevel() on ptolemy.moml.MoMLSimpleApplication@7b15248b
reloadAllAccessors: .ConfigurationSwitch

===========================================================================================
----------------- testing Sun May 10 14:20:17 UTC 2020 /home/travis/build/icyphy/ptII/ptolemy/actor/lib/test/auto/ConfigurationSwitch2.xml
----------------- Instantiating /home/travis/build/icyphy/ptII/ptolemy/actor/lib/test/auto/ConfigurationSwitch2.xml
3 ms. Memory: 268288K Free: 81218K (30%)
----------------- Invoking toplevel() on ptolemy.moml.MoMLSimpleApplication@75722a40
----------------- Done invoking toplevel() on ptolemy.moml.MoMLSimpleApplication@75722a40
reloadAllAccessors: .ConfigurationSwitch2

===========================================================================================
----------------- testing Sun May 10 14:20:17 UTC 2020 /home/travis/build/icyphy/ptII/ptolemy/actor/lib/test/auto/ConfigurationSwitchCloningBugWithClassRelationGroup.xml
----------------- Instantiating /home/travis/build/icyphy/ptII/ptolemy/actor/lib/test/auto/ConfigurationSwitchCloningBugWithClassRelationGroup.xml
2 ms. Memory: 268288K Free: 74560K (28%)
----------------- Invoking toplevel() on ptolemy.moml.MoMLSimpleApplication@2096facc
----------------- Done invoking toplevel() on ptolemy.moml.MoMLSimpleApplication@2096facc
reloadAllAccessors: .ConfigurationSwitchCloningBugWithClassRelationGroup

===========================================================================================
----------------- testing Sun May 10 14:20:17 UTC 2020 /home/travis/build/icyphy/ptII/ptolemy/actor/lib/test/auto/ConfigurationSwitchSelectSDF.xml
----------------- Instantiating /home/travis/build/icyphy/ptII/ptolemy/actor/lib/test/auto/ConfigurationSwitchSelectSDF.xml
2 ms. Memory: 268288K Free: 69440K (26%)
----------------- Invoking toplevel() on ptolemy.moml.MoMLSimpleApplication@2acc52
----------------- Done invoking toplevel() on ptolemy.moml.MoMLSimpleApplication@2acc52
reloadAllAccessors: .ConfigurationSwitchSelectSDF

===========================================================================================
----------------- testing Sun May 10 14:20:17 UTC 2020 /home/travis/build/icyphy/ptII/ptolemy/actor/lib/test/auto/ConfigurationSwitchSelectSDF2.xml
----------------- Instantiating /home/travis/build/icyphy/ptII/ptolemy/actor/lib/test/auto/ConfigurationSwitchSelectSDF2.xml
2 ms. Memory: 268288K Free: 63296K (24%)
----------------- Invoking toplevel() on ptolemy.moml.MoMLSimpleApplication@3800e0df
----------------- Done invoking toplevel() on ptolemy.moml.MoMLSimpleApplication@3800e0df
reloadAllAccessors: .ConfigurationSwitchSelectSDF2

===========================================================================================
----------------- testing Sun May 10 14:20:17 UTC 2020 /home/travis/build/icyphy/ptII/ptolemy/actor/lib/test/auto/Const.xml
----------------- Instantiating /home/travis/build/icyphy/ptII/ptolemy/actor/lib/test/auto/Const.xml
8 ms. Memory: 425984K Free: 376966K (88%)
----------------- Invoking toplevel() on ptolemy.moml.MoMLSimpleApplication@7fa76510
----------------- Done invoking toplevel() on ptolemy.moml.MoMLSimpleApplication@7fa76510
reloadAllAccessors: .Const

===========================================================================================
----------------- testing Sun May 10 14:20:17 UTC 2020 /home/travis/build/icyphy/ptII/ptolemy/actor/lib/test/auto/Const2.xml
----------------- Instantiating /home/travis/build/icyphy/ptII/ptolemy/actor/lib/test/auto/Const2.xml
1 ms. Memory: 425984K Free: 372360K (87%)
----------------- Invoking toplevel() on ptolemy.moml.MoMLSimpleApplication@4bde7c6e
----------------- Done invoking toplevel() on ptolemy.moml.MoMLSimpleApplication@4bde7c6e
reloadAllAccessors: .Const2

===========================================================================================
----------------- testing Sun May 10 14:20:17 UTC 2020 /home/travis/build/icyphy/ptII/ptolemy/actor/lib/test/auto/Const3.xml
----------------- Instantiating /home/travis/build/icyphy/ptII/ptolemy/actor/lib/test/auto/Const3.xml
1 ms. Memory: 425984K Free: 369288K (87%)
----------------- Invoking toplevel() on ptolemy.moml.MoMLSimpleApplication@4ea54f19
----------------- Done invoking toplevel() on ptolemy.moml.MoMLSimpleApplication@4ea54f19
reloadAllAccessors: .Const3

===========================================================================================
----------------- testing Sun May 10 14:20:17 UTC 2020 /home/travis/build/icyphy/ptII/ptolemy/actor/lib/test/auto/ConstantPublisherPort1.xml
----------------- Instantiating /home/travis/build/icyphy/ptII/ptolemy/actor/lib/test/auto/ConstantPublisherPort1.xml
7 ms. Memory: 425984K Free: 360582K (85%)
----------------- Invoking toplevel() on ptolemy.moml.MoMLSimpleApplication@eeae02e
----------------- Done invoking toplevel() on ptolemy.moml.MoMLSimpleApplication@eeae02e
reloadAllAccessors: .ConstantPublisherPort1

===========================================================================================
----------------- testing Sun May 10 14:20:18 UTC 2020 /home/travis/build/icyphy/ptII/ptolemy/actor/lib/test/auto/ConstantPublisherPort2.xml
----------------- Instantiating /home/travis/build/icyphy/ptII/ptolemy/actor/lib/test/auto/ConstantPublisherPort2.xml
12 ms. Memory: 425984K Free: 352904K (83%)
----------------- Invoking toplevel() on ptolemy.moml.MoMLSimpleApplication@1b5989bf
----------------- Done invoking toplevel() on ptolemy.moml.MoMLSimpleApplication@1b5989bf
reloadAllAccessors: .ConstantPublisherPort2

===========================================================================================
----------------- testing Sun May 10 14:20:18 UTC 2020 /home/travis/build/icyphy/ptII/ptolemy/actor/lib/test/auto/ConstantPublisherPort3.xml
----------------- Instantiating /home/travis/build/icyphy/ptII/ptolemy/actor/lib/test/auto/ConstantPublisherPort3.xml
5 ms. Memory: 425984K Free: 345736K (81%)
----------------- Invoking toplevel() on ptolemy.moml.MoMLSimpleApplication@2367aed6
----------------- Done invoking toplevel() on ptolemy.moml.MoMLSimpleApplication@2367aed6
reloadAllAccessors: .ConstantPublisherPort3

===========================================================================================
----------------- testing Sun May 10 14:20:18 UTC 2020 /home/travis/build/icyphy/ptII/ptolemy/actor/lib/test/auto/ConstantPublisherPort4.xml
----------------- Instantiating /home/travis/build/icyphy/ptII/ptolemy/actor/lib/test/auto/ConstantPublisherPort4.xml
5 ms. Memory: 425984K Free: 338568K (79%)
----------------- Invoking toplevel() on ptolemy.moml.MoMLSimpleApplication@16185b15
----------------- Done invoking toplevel() on ptolemy.moml.MoMLSimpleApplication@16185b15
reloadAllAccessors: .ConstantPublisherPort4

===========================================================================================
----------------- testing Sun May 10 14:20:18 UTC 2020 /home/travis/build/icyphy/ptII/ptolemy/actor/lib/test/auto/ConstantPublisherPort5.xml
----------------- Instantiating /home/travis/build/icyphy/ptII/ptolemy/actor/lib/test/auto/ConstantPublisherPort5.xml
28 ms. Memory: 425984K Free: 328838K (77%)
----------------- Invoking toplevel() on ptolemy.moml.MoMLSimpleApplication@75e53a7e
----------------- Done invoking toplevel() on ptolemy.moml.MoMLSimpleApplication@75e53a7e
reloadAllAccessors: .ConstantPublisherPort5

===========================================================================================
----------------- testing Sun May 10 14:20:18 UTC 2020 /home/travis/build/icyphy/ptII/ptolemy/actor/lib/test/auto/ConstantPublisherPort6.xml
----------------- Instantiating /home/travis/build/icyphy/ptII/ptolemy/actor/lib/test/auto/ConstantPublisherPort6.xml
20 ms. Memory: 425984K Free: 319622K (75%)
----------------- Invoking toplevel() on ptolemy.moml.MoMLSimpleApplication@65539fc3
----------------- Done invoking toplevel() on ptolemy.moml.MoMLSimpleApplication@65539fc3
reloadAllAccessors: .ConstantPublisherPort6

===========================================================================================
----------------- testing Sun May 10 14:20:18 UTC 2020 /home/travis/build/icyphy/ptII/ptolemy/actor/lib/test/auto/ConstantPublisherPort7.xml
----------------- Instantiating /home/travis/build/icyphy/ptII/ptolemy/actor/lib/test/auto/ConstantPublisherPort7.xml
12 ms. Memory: 425984K Free: 310406K (73%)
----------------- Invoking toplevel() on ptolemy.moml.MoMLSimpleApplication@7d330634
----------------- Done invoking toplevel() on ptolemy.moml.MoMLSimpleApplication@7d330634
reloadAllAccessors: .ConstantPublisherPort7

===========================================================================================
----------------- testing Sun May 10 14:20:18 UTC 2020 /home/travis/build/icyphy/ptII/ptolemy/actor/lib/test/auto/ConstraintMonitor1.xml
----------------- Instantiating /home/travis/build/icyphy/ptII/ptolemy/actor/lib/test/auto/ConstraintMonitor1.xml
2 ms. Memory: 425984K Free: 305286K (72%)
----------------- Invoking toplevel() on ptolemy.moml.MoMLSimpleApplication@2dd703c9
----------------- Done invoking toplevel() on ptolemy.moml.MoMLSimpleApplication@2dd703c9
reloadAllAccessors: .ConstraintMonitor1

===========================================================================================
----------------- testing Sun May 10 14:20:18 UTC 2020 /home/travis/build/icyphy/ptII/ptolemy/actor/lib/test/auto/ConstraintMonitor2.xml
----------------- Instantiating /home/travis/build/icyphy/ptII/ptolemy/actor/lib/test/auto/ConstraintMonitor2.xml
2 ms. Memory: 425984K Free: 301190K (71%)
----------------- Invoking toplevel() on ptolemy.moml.MoMLSimpleApplication@38b7a3fa
----------------- Done invoking toplevel() on ptolemy.moml.MoMLSimpleApplication@38b7a3fa
reloadAllAccessors: .ConstraintMonitor2

===========================================================================================
----------------- testing Sun May 10 14:20:18 UTC 2020 /home/travis/build/icyphy/ptII/ptolemy/actor/lib/test/auto/ConstraintMonitor3.xml
----------------- Instantiating /home/travis/build/icyphy/ptII/ptolemy/actor/lib/test/auto/ConstraintMonitor3.xml
1 ms. Memory: 425984K Free: 296584K (70%)
----------------- Invoking toplevel() on ptolemy.moml.MoMLSimpleApplication@7887382f
----------------- Done invoking toplevel() on ptolemy.moml.MoMLSimpleApplication@7887382f
reloadAllAccessors: .ConstraintMonitor3

===========================================================================================
----------------- testing Sun May 10 14:20:18 UTC 2020 /home/travis/build/icyphy/ptII/ptolemy/actor/lib/test/auto/ConstraintMonitor4.xml
----------------- Instantiating /home/travis/build/icyphy/ptII/ptolemy/actor/lib/test/auto/ConstraintMonitor4.xml
4 ms. Memory: 425984K Free: 291464K (68%)
----------------- Invoking toplevel() on ptolemy.moml.MoMLSimpleApplication@3115606b
----------------- Done invoking toplevel() on ptolemy.moml.MoMLSimpleApplication@3115606b
reloadAllAccessors: .ConstraintMonitor4

===========================================================================================
----------------- testing Sun May 10 14:20:18 UTC 2020 /home/travis/build/icyphy/ptII/ptolemy/actor/lib/test/auto/ConstraintMonitor5.xml
----------------- Instantiating /home/travis/build/icyphy/ptII/ptolemy/actor/lib/test/auto/ConstraintMonitor5.xml
1 ms. Memory: 425984K Free: 286854K (67%)
----------------- Invoking toplevel() on ptolemy.moml.MoMLSimpleApplication@24d7c001
----------------- Done invoking toplevel() on ptolemy.moml.MoMLSimpleApplication@24d7c001
reloadAllAccessors: .ConstraintMonitor5

===========================================================================================
----------------- testing Sun May 10 14:20:18 UTC 2020 /home/travis/build/icyphy/ptII/ptolemy/actor/lib/test/auto/ConstraintMonitor6.xml
----------------- Instantiating /home/travis/build/icyphy/ptII/ptolemy/actor/lib/test/auto/ConstraintMonitor6.xml
6 ms. Memory: 425984K Free: 280680K (66%)
----------------- Invoking toplevel() on ptolemy.moml.MoMLSimpleApplication@491662e7
----------------- Done invoking toplevel() on ptolemy.moml.MoMLSimpleApplication@491662e7
reloadAllAccessors: .ConstraintMonitor6

===========================================================================================
----------------- testing Sun May 10 14:20:18 UTC 2020 /home/travis/build/icyphy/ptII/ptolemy/actor/lib/test/auto/ConstraintMonitor7.xml
----------------- Instantiating /home/travis/build/icyphy/ptII/ptolemy/actor/lib/test/auto/ConstraintMonitor7.xml
5 ms. Memory: 425984K Free: 274552K (64%)
----------------- Invoking toplevel() on ptolemy.moml.MoMLSimpleApplication@6a741c53
----------------- Done invoking toplevel() on ptolemy.moml.MoMLSimpleApplication@6a741c53
reloadAllAccessors: .ConstraintMonitor7

===========================================================================================
----------------- testing Sun May 10 14:20:18 UTC 2020 /home/travis/build/icyphy/ptII/ptolemy/actor/lib/test/auto/ConstraintMonitor8.xml
----------------- Instantiating /home/travis/build/icyphy/ptII/ptolemy/actor/lib/test/auto/ConstraintMonitor8.xml
5 ms. Memory: 425984K Free: 266888K (63%)
----------------- Invoking toplevel() on ptolemy.moml.MoMLSimpleApplication@7237350c
----------------- Done invoking toplevel() on ptolemy.moml.MoMLSimpleApplication@7237350c
reloadAllAccessors: .ConstraintMonitor8

===========================================================================================
----------------- testing Sun May 10 14:20:18 UTC 2020 /home/travis/build/icyphy/ptII/ptolemy/actor/lib/test/auto/Counter.xml
----------------- Instantiating /home/travis/build/icyphy/ptII/ptolemy/actor/lib/test/auto/Counter.xml
3 ms. Memory: 425984K Free: 261768K (61%)
----------------- Invoking toplevel() on ptolemy.moml.MoMLSimpleApplication@41a9520c
----------------- Done invoking toplevel() on ptolemy.moml.MoMLSimpleApplication@41a9520c
reloadAllAccessors: .Counter

===========================================================================================
----------------- testing Sun May 10 14:20:18 UTC 2020 /home/travis/build/icyphy/ptII/ptolemy/actor/lib/test/auto/CurrentTimeSDF.xml
----------------- Instantiating /home/travis/build/icyphy/ptII/ptolemy/actor/lib/test/auto/CurrentTimeSDF.xml
1 ms. Memory: 425984K Free: 257672K (60%)
----------------- Invoking toplevel() on ptolemy.moml.MoMLSimpleApplication@45915418
----------------- Done invoking toplevel() on ptolemy.moml.MoMLSimpleApplication@45915418
reloadAllAccessors: .CurrentTimeSDF

===========================================================================================
----------------- testing Sun May 10 14:20:18 UTC 2020 /home/travis/build/icyphy/ptII/ptolemy/actor/lib/test/auto/DB.xml
----------------- Instantiating /home/travis/build/icyphy/ptII/ptolemy/actor/lib/test/auto/DB.xml
3 ms. Memory: 425984K Free: 252552K (59%)
----------------- Invoking toplevel() on ptolemy.moml.MoMLSimpleApplication@5b98a719
----------------- Done invoking toplevel() on ptolemy.moml.MoMLSimpleApplication@5b98a719
reloadAllAccessors: .DB

===========================================================================================
----------------- testing Sun May 10 14:20:18 UTC 2020 /home/travis/build/icyphy/ptII/ptolemy/actor/lib/test/auto/DBDE.xml
----------------- Instantiating /home/travis/build/icyphy/ptII/ptolemy/actor/lib/test/auto/DBDE.xml
2 ms. Memory: 425984K Free: 246888K (58%)
----------------- Invoking toplevel() on ptolemy.moml.MoMLSimpleApplication@5298d8f5
----------------- Done invoking toplevel() on ptolemy.moml.MoMLSimpleApplication@5298d8f5
reloadAllAccessors: .DBDE

===========================================================================================
----------------- testing Sun May 10 14:20:18 UTC 2020 /home/travis/build/icyphy/ptII/ptolemy/actor/lib/test/auto/DateConstructor.xml
----------------- Instantiating /home/travis/build/icyphy/ptII/ptolemy/actor/lib/test/auto/DateConstructor.xml
37 ms. Memory: 425984K Free: 229510K (54%)
----------------- Invoking toplevel() on ptolemy.moml.MoMLSimpleApplication@6015ec49
----------------- Done invoking toplevel() on ptolemy.moml.MoMLSimpleApplication@6015ec49
reloadAllAccessors: .DateConstructor

===========================================================================================
----------------- testing Sun May 10 14:20:18 UTC 2020 /home/travis/build/icyphy/ptII/ptolemy/actor/lib/test/auto/DelayTime.xml
----------------- Instantiating /home/travis/build/icyphy/ptII/ptolemy/actor/lib/test/auto/DelayTime.xml
5 ms. Memory: 425984K Free: 224390K (53%)
----------------- Invoking toplevel() on ptolemy.moml.MoMLSimpleApplication@75171ab5
----------------- Done invoking toplevel() on ptolemy.moml.MoMLSimpleApplication@75171ab5
reloadAllAccessors: .DelayTime

===========================================================================================
----------------- testing Sun May 10 14:20:18 UTC 2020 /home/travis/build/icyphy/ptII/ptolemy/actor/lib/test/auto/Dictionary1.xml
----------------- Instantiating /home/travis/build/icyphy/ptII/ptolemy/actor/lib/test/auto/Dictionary1.xml
1 ms. Memory: 425984K Free: 218246K (51%)
----------------- Invoking toplevel() on ptolemy.moml.MoMLSimpleApplication@4d01609e
----------------- Done invoking toplevel() on ptolemy.moml.MoMLSimpleApplication@4d01609e
reloadAllAccessors: .Dictionary1

===========================================================================================
----------------- testing Sun May 10 14:20:18 UTC 2020 /home/travis/build/icyphy/ptII/ptolemy/actor/lib/test/auto/Dictionary2.xml
----------------- Instantiating /home/travis/build/icyphy/ptII/ptolemy/actor/lib/test/auto/Dictionary2.xml
3 ms. Memory: 425984K Free: 213126K (50%)
----------------- Invoking toplevel() on ptolemy.moml.MoMLSimpleApplication@75b57f80
----------------- Done invoking toplevel() on ptolemy.moml.MoMLSimpleApplication@75b57f80
reloadAllAccessors: .Dictionary2

===========================================================================================
----------------- testing Sun May 10 14:20:18 UTC 2020 /home/travis/build/icyphy/ptII/ptolemy/actor/lib/test/auto/Dictionary3.xml
----------------- Instantiating /home/travis/build/icyphy/ptII/ptolemy/actor/lib/test/auto/Dictionary3.xml
1 ms. Memory: 425984K Free: 207496K (49%)
----------------- Invoking toplevel() on ptolemy.moml.MoMLSimpleApplication@3de7a0ee
----------------- Done invoking toplevel() on ptolemy.moml.MoMLSimpleApplication@3de7a0ee
reloadAllAccessors: .Dictionary3

===========================================================================================
----------------- testing Sun May 10 14:20:18 UTC 2020 /home/travis/build/icyphy/ptII/ptolemy/actor/lib/test/auto/Dictionary4.xml
----------------- Instantiating /home/travis/build/icyphy/ptII/ptolemy/actor/lib/test/auto/Dictionary4.xml
2 ms. Memory: 425984K Free: 200328K (47%)
----------------- Invoking toplevel() on ptolemy.moml.MoMLSimpleApplication@2c5217f6
----------------- Done invoking toplevel() on ptolemy.moml.MoMLSimpleApplication@2c5217f6
reloadAllAccessors: .Dictionary4

===========================================================================================
----------------- testing Sun May 10 14:20:18 UTC 2020 /home/travis/build/icyphy/ptII/ptolemy/actor/lib/test/auto/Differential.xml
----------------- Instantiating /home/travis/build/icyphy/ptII/ptolemy/actor/lib/test/auto/Differential.xml
3 ms. Memory: 425984K Free: 196232K (46%)
----------------- Invoking toplevel() on ptolemy.moml.MoMLSimpleApplication@15556f4f
----------------- Done invoking toplevel() on ptolemy.moml.MoMLSimpleApplication@15556f4f
reloadAllAccessors: .Differential

===========================================================================================
----------------- testing Sun May 10 14:20:18 UTC 2020 /home/travis/build/icyphy/ptII/ptolemy/actor/lib/test/auto/Director.xml
----------------- Instantiating /home/travis/build/icyphy/ptII/ptolemy/actor/lib/test/auto/Director.xml
2 ms. Memory: 425984K Free: 192646K (45%)
----------------- Invoking toplevel() on ptolemy.moml.MoMLSimpleApplication@1e40877e
----------------- Done invoking toplevel() on ptolemy.moml.MoMLSimpleApplication@1e40877e
reloadAllAccessors: .Director

===========================================================================================
----------------- testing Sun May 10 14:20:18 UTC 2020 /home/travis/build/icyphy/ptII/ptolemy/actor/lib/test/auto/DiscreteClock.xml
----------------- Instantiating /home/travis/build/icyphy/ptII/ptolemy/actor/lib/test/auto/DiscreteClock.xml
1 ms. Memory: 425984K Free: 188550K (44%)
----------------- Invoking toplevel() on ptolemy.moml.MoMLSimpleApplication@405e39ad
----------------- Done invoking toplevel() on ptolemy.moml.MoMLSimpleApplication@405e39ad
reloadAllAccessors: .DiscreteClock

===========================================================================================
----------------- testing Sun May 10 14:20:18 UTC 2020 /home/travis/build/icyphy/ptII/ptolemy/actor/lib/test/auto/DiscreteClock10.xml
----------------- Instantiating /home/travis/build/icyphy/ptII/ptolemy/actor/lib/test/auto/DiscreteClock10.xml
3 ms. Memory: 425984K Free: 182920K (43%)
----------------- Invoking toplevel() on ptolemy.moml.MoMLSimpleApplication@8d03f26
----------------- Done invoking toplevel() on ptolemy.moml.MoMLSimpleApplication@8d03f26
reloadAllAccessors: .DiscreteClock10

===========================================================================================
----------------- testing Sun May 10 14:20:18 UTC 2020 /home/travis/build/icyphy/ptII/ptolemy/actor/lib/test/auto/DiscreteClock11.xml
----------------- Instantiating /home/travis/build/icyphy/ptII/ptolemy/actor/lib/test/auto/DiscreteClock11.xml
2 ms. Memory: 425984K Free: 176776K (41%)
----------------- Invoking toplevel() on ptolemy.moml.MoMLSimpleApplication@1fbac134
----------------- Done invoking toplevel() on ptolemy.moml.MoMLSimpleApplication@1fbac134
reloadAllAccessors: .DiscreteClock11

===========================================================================================
----------------- testing Sun May 10 14:20:18 UTC 2020 /home/travis/build/icyphy/ptII/ptolemy/actor/lib/test/auto/DiscreteClock12.xml
----------------- Instantiating /home/travis/build/icyphy/ptII/ptolemy/actor/lib/test/auto/DiscreteClock12.xml
3 ms. Memory: 425984K Free: 170632K (40%)
----------------- Invoking toplevel() on ptolemy.moml.MoMLSimpleApplication@26d019d
----------------- Done invoking toplevel() on ptolemy.moml.MoMLSimpleApplication@26d019d
reloadAllAccessors: .DiscreteClock12

===========================================================================================
----------------- testing Sun May 10 14:20:18 UTC 2020 /home/travis/build/icyphy/ptII/ptolemy/actor/lib/test/auto/DiscreteClock13.xml
----------------- Instantiating /home/travis/build/icyphy/ptII/ptolemy/actor/lib/test/auto/DiscreteClock13.xml
2 ms. Memory: 425984K Free: 164968K (39%)
----------------- Invoking toplevel() on ptolemy.moml.MoMLSimpleApplication@47a49828
----------------- Done invoking toplevel() on ptolemy.moml.MoMLSimpleApplication@47a49828
reloadAllAccessors: .DiscreteClock13

===========================================================================================
----------------- testing Sun May 10 14:20:18 UTC 2020 /home/travis/build/icyphy/ptII/ptolemy/actor/lib/test/auto/DiscreteClock14.xml
----------------- Instantiating /home/travis/build/icyphy/ptII/ptolemy/actor/lib/test/auto/DiscreteClock14.xml
3 ms. Memory: 425984K Free: 158820K (37%)
----------------- Invoking toplevel() on ptolemy.moml.MoMLSimpleApplication@26ccb7df
----------------- Done invoking toplevel() on ptolemy.moml.MoMLSimpleApplication@26ccb7df
reloadAllAccessors: .DiscreteClock14

===========================================================================================
----------------- testing Sun May 10 14:20:18 UTC 2020 /home/travis/build/icyphy/ptII/ptolemy/actor/lib/test/auto/DiscreteClock15.xml
----------------- Instantiating /home/travis/build/icyphy/ptII/ptolemy/actor/lib/test/auto/DiscreteClock15.xml
6 ms. Memory: 425984K Free: 152680K (36%)
----------------- Invoking toplevel() on ptolemy.moml.MoMLSimpleApplication@22704a6b
----------------- Done invoking toplevel() on ptolemy.moml.MoMLSimpleApplication@22704a6b
reloadAllAccessors: .DiscreteClock15

===========================================================================================
----------------- testing Sun May 10 14:20:18 UTC 2020 /home/travis/build/icyphy/ptII/ptolemy/actor/lib/test/auto/DiscreteClock16.xml
----------------- Instantiating /home/travis/build/icyphy/ptII/ptolemy/actor/lib/test/auto/DiscreteClock16.xml
18 ms. Memory: 425984K Free: 375516K (88%)
----------------- Invoking toplevel() on ptolemy.moml.MoMLSimpleApplication@724b2edc
----------------- Done invoking toplevel() on ptolemy.moml.MoMLSimpleApplication@724b2edc
reloadAllAccessors: .DiscreteClock16

===========================================================================================
----------------- testing Sun May 10 14:20:18 UTC 2020 /home/travis/build/icyphy/ptII/ptolemy/actor/lib/test/auto/DiscreteClock17.xml
----------------- Instantiating /home/travis/build/icyphy/ptII/ptolemy/actor/lib/test/auto/DiscreteClock17.xml
17 ms. Memory: 425984K Free: 360224K (85%)
----------------- Invoking toplevel() on ptolemy.moml.MoMLSimpleApplication@1bb05765
----------------- Done invoking toplevel() on ptolemy.moml.MoMLSimpleApplication@1bb05765
reloadAllAccessors: .DiscreteClock17

===========================================================================================
----------------- testing Sun May 10 14:20:18 UTC 2020 /home/travis/build/icyphy/ptII/ptolemy/actor/lib/test/auto/DiscreteClock18.xml
----------------- Instantiating /home/travis/build/icyphy/ptII/ptolemy/actor/lib/test/auto/DiscreteClock18.xml
24 ms. Memory: 425984K Free: 346402K (81%)
----------------- Invoking toplevel() on ptolemy.moml.MoMLSimpleApplication@70e6fb8d
----------------- Done invoking toplevel() on ptolemy.moml.MoMLSimpleApplication@70e6fb8d
reloadAllAccessors: .DiscreteClock18

===========================================================================================
----------------- testing Sun May 10 14:20:18 UTC 2020 /home/travis/build/icyphy/ptII/ptolemy/actor/lib/test/auto/DiscreteClock19.xml
----------------- Instantiating /home/travis/build/icyphy/ptII/ptolemy/actor/lib/test/auto/DiscreteClock19.xml
18 ms. Memory: 425984K Free: 333090K (78%)
----------------- Invoking toplevel() on ptolemy.moml.MoMLSimpleApplication@34986bd1
----------------- Done invoking toplevel() on ptolemy.moml.MoMLSimpleApplication@34986bd1
reloadAllAccessors: .DiscreteClock19

===========================================================================================
----------------- testing Sun May 10 14:20:18 UTC 2020 /home/travis/build/icyphy/ptII/ptolemy/actor/lib/test/auto/DiscreteClock2.xml
----------------- Instantiating /home/travis/build/icyphy/ptII/ptolemy/actor/lib/test/auto/DiscreteClock2.xml
4 ms. Memory: 425984K Free: 327970K (77%)
----------------- Invoking toplevel() on ptolemy.moml.MoMLSimpleApplication@3392a2e4
----------------- Done invoking toplevel() on ptolemy.moml.MoMLSimpleApplication@3392a2e4
reloadAllAccessors: .DiscreteClock2

===========================================================================================
----------------- testing Sun May 10 14:20:19 UTC 2020 /home/travis/build/icyphy/ptII/ptolemy/actor/lib/test/auto/DiscreteClock20.xml
----------------- Instantiating /home/travis/build/icyphy/ptII/ptolemy/actor/lib/test/auto/DiscreteClock20.xml
6 ms. Memory: 425984K Free: 322336K (76%)
----------------- Invoking toplevel() on ptolemy.moml.MoMLSimpleApplication@7b7f843c
----------------- Done invoking toplevel() on ptolemy.moml.MoMLSimpleApplication@7b7f843c
reloadAllAccessors: .DiscreteClock20

===========================================================================================
----------------- testing Sun May 10 14:20:19 UTC 2020 /home/travis/build/icyphy/ptII/ptolemy/actor/lib/test/auto/DiscreteClock21.xml
----------------- Instantiating /home/travis/build/icyphy/ptII/ptolemy/actor/lib/test/auto/DiscreteClock21.xml
5 ms. Memory: 425984K Free: 316706K (74%)
----------------- Invoking toplevel() on ptolemy.moml.MoMLSimpleApplication@2c0d412f
----------------- Done invoking toplevel() on ptolemy.moml.MoMLSimpleApplication@2c0d412f
reloadAllAccessors: .DiscreteClock21

===========================================================================================
----------------- testing Sun May 10 14:20:19 UTC 2020 /home/travis/build/icyphy/ptII/ptolemy/actor/lib/test/auto/DiscreteClock22.xml
----------------- Instantiating /home/travis/build/icyphy/ptII/ptolemy/actor/lib/test/auto/DiscreteClock22.xml
2 ms. Memory: 425984K Free: 311586K (73%)
----------------- Invoking toplevel() on ptolemy.moml.MoMLSimpleApplication@40c664af
----------------- Done invoking toplevel() on ptolemy.moml.MoMLSimpleApplication@40c664af
reloadAllAccessors: .DiscreteClock22

===========================================================================================
----------------- testing Sun May 10 14:20:19 UTC 2020 /home/travis/build/icyphy/ptII/ptolemy/actor/lib/test/auto/DiscreteClock23.xml
----------------- Instantiating /home/travis/build/icyphy/ptII/ptolemy/actor/lib/test/auto/DiscreteClock23.xml
4 ms. Memory: 425984K Free: 305952K (72%)
----------------- Invoking toplevel() on ptolemy.moml.MoMLSimpleApplication@38aba302
----------------- Done invoking toplevel() on ptolemy.moml.MoMLSimpleApplication@38aba302
reloadAllAccessors: .DiscreteClock23

===========================================================================================
----------------- testing Sun May 10 14:20:19 UTC 2020 /home/travis/build/icyphy/ptII/ptolemy/actor/lib/test/auto/DiscreteClock24.xml
----------------- Instantiating /home/travis/build/icyphy/ptII/ptolemy/actor/lib/test/auto/DiscreteClock24.xml
4 ms. Memory: 425984K Free: 300322K (71%)
----------------- Invoking toplevel() on ptolemy.moml.MoMLSimpleApplication@1281c9e6
----------------- Done invoking toplevel() on ptolemy.moml.MoMLSimpleApplication@1281c9e6
reloadAllAccessors: .DiscreteClock24

===========================================================================================
----------------- testing Sun May 10 14:20:19 UTC 2020 /home/travis/build/icyphy/ptII/ptolemy/actor/lib/test/auto/DiscreteClock4.xml
----------------- Instantiating /home/travis/build/icyphy/ptII/ptolemy/actor/lib/test/auto/DiscreteClock4.xml
1 ms. Memory: 425984K Free: 295202K (69%)
----------------- Invoking toplevel() on ptolemy.moml.MoMLSimpleApplication@16824d62
----------------- Done invoking toplevel() on ptolemy.moml.MoMLSimpleApplication@16824d62
reloadAllAccessors: .DiscreteClock4

===========================================================================================
----------------- testing Sun May 10 14:20:19 UTC 2020 /home/travis/build/icyphy/ptII/ptolemy/actor/lib/test/auto/DiscreteClock5.xml
----------------- Instantiating /home/travis/build/icyphy/ptII/ptolemy/actor/lib/test/auto/DiscreteClock5.xml
1 ms. Memory: 425984K Free: 289562K (68%)
----------------- Invoking toplevel() on ptolemy.moml.MoMLSimpleApplication@4000ddc
----------------- Done invoking toplevel() on ptolemy.moml.MoMLSimpleApplication@4000ddc
reloadAllAccessors: .DiscreteClock5

===========================================================================================
----------------- testing Sun May 10 14:20:19 UTC 2020 /home/travis/build/icyphy/ptII/ptolemy/actor/lib/test/auto/DiscreteClock6.xml
----------------- Instantiating /home/travis/build/icyphy/ptII/ptolemy/actor/lib/test/auto/DiscreteClock6.xml
1 ms. Memory: 425984K Free: 284962K (67%)
----------------- Invoking toplevel() on ptolemy.moml.MoMLSimpleApplication@48487dae
----------------- Done invoking toplevel() on ptolemy.moml.MoMLSimpleApplication@48487dae
reloadAllAccessors: .DiscreteClock6

===========================================================================================
----------------- testing Sun May 10 14:20:19 UTC 2020 /home/travis/build/icyphy/ptII/ptolemy/actor/lib/test/auto/DiscreteClock7.xml
----------------- Instantiating /home/travis/build/icyphy/ptII/ptolemy/actor/lib/test/auto/DiscreteClock7.xml
2 ms. Memory: 425984K Free: 280352K (66%)
----------------- Invoking toplevel() on ptolemy.moml.MoMLSimpleApplication@3c8cdbd2
----------------- Done invoking toplevel() on ptolemy.moml.MoMLSimpleApplication@3c8cdbd2
reloadAllAccessors: .DiscreteClock7

===========================================================================================
----------------- testing Sun May 10 14:20:19 UTC 2020 /home/travis/build/icyphy/ptII/ptolemy/actor/lib/test/auto/DiscreteClock8.xml
----------------- Instantiating /home/travis/build/icyphy/ptII/ptolemy/actor/lib/test/auto/DiscreteClock8.xml
9 ms. Memory: 425984K Free: 275202K (65%)
----------------- Invoking toplevel() on ptolemy.moml.MoMLSimpleApplication@3799f5ff
----------------- Done invoking toplevel() on ptolemy.moml.MoMLSimpleApplication@3799f5ff
reloadAllAccessors: .DiscreteClock8

===========================================================================================
----------------- testing Sun May 10 14:20:19 UTC 2020 /home/travis/build/icyphy/ptII/ptolemy/actor/lib/test/auto/DiscreteClock9.xml
----------------- Instantiating /home/travis/build/icyphy/ptII/ptolemy/actor/lib/test/auto/DiscreteClock9.xml
4 ms. Memory: 425984K Free: 269082K (63%)
----------------- Invoking toplevel() on ptolemy.moml.MoMLSimpleApplication@61e3c1ba
----------------- Done invoking toplevel() on ptolemy.moml.MoMLSimpleApplication@61e3c1ba
reloadAllAccessors: .DiscreteClock9

===========================================================================================
----------------- testing Sun May 10 14:20:19 UTC 2020 /home/travis/build/icyphy/ptII/ptolemy/actor/lib/test/auto/DisplayArray.xml
----------------- Instantiating /home/travis/build/icyphy/ptII/ptolemy/actor/lib/test/auto/DisplayArray.xml
1 ms. Memory: 425984K Free: 265506K (62%)
----------------- Invoking toplevel() on ptolemy.moml.MoMLSimpleApplication@5fbf1da2
----------------- Done invoking toplevel() on ptolemy.moml.MoMLSimpleApplication@5fbf1da2
reloadAllAccessors: .DisplayArray

===========================================================================================
----------------- testing Sun May 10 14:20:19 UTC 2020 /home/travis/build/icyphy/ptII/ptolemy/actor/lib/test/auto/Distributor.xml
----------------- Instantiating /home/travis/build/icyphy/ptII/ptolemy/actor/lib/test/auto/Distributor.xml
1 ms. Memory: 425984K Free: 260386K (61%)
----------------- Invoking toplevel() on ptolemy.moml.MoMLSimpleApplication@2f007d1c
----------------- Done invoking toplevel() on ptolemy.moml.MoMLSimpleApplication@2f007d1c
reloadAllAccessors: .Distributor

===========================================================================================
----------------- testing Sun May 10 14:20:19 UTC 2020 /home/travis/build/icyphy/ptII/ptolemy/actor/lib/test/auto/Distributor2.xml
----------------- Instantiating /home/travis/build/icyphy/ptII/ptolemy/actor/lib/test/auto/Distributor2.xml
1 ms. Memory: 425984K Free: 255776K (60%)
----------------- Invoking toplevel() on ptolemy.moml.MoMLSimpleApplication@38fd519f
----------------- Done invoking toplevel() on ptolemy.moml.MoMLSimpleApplication@38fd519f
reloadAllAccessors: .Distributor2

===========================================================================================
----------------- testing Sun May 10 14:20:19 UTC 2020 /home/travis/build/icyphy/ptII/ptolemy/actor/lib/test/auto/DownSample.xml
----------------- Instantiating /home/travis/build/icyphy/ptII/ptolemy/actor/lib/test/auto/DownSample.xml
1 ms. Memory: 425984K Free: 251170K (59%)
----------------- Invoking toplevel() on ptolemy.moml.MoMLSimpleApplication@36209798
----------------- Done invoking toplevel() on ptolemy.moml.MoMLSimpleApplication@36209798
reloadAllAccessors: .DownSample

===========================================================================================
----------------- testing Sun May 10 14:20:19 UTC 2020 /home/travis/build/icyphy/ptII/ptolemy/actor/lib/test/auto/ElectronicUnitBase1.xml
----------------- Instantiating /home/travis/build/icyphy/ptII/ptolemy/actor/lib/test/auto/ElectronicUnitBase1.xml
15 ms. Memory: 425984K Free: 234786K (55%)
----------------- Invoking toplevel() on ptolemy.moml.MoMLSimpleApplication@23cb751c
----------------- Done invoking toplevel() on ptolemy.moml.MoMLSimpleApplication@23cb751c
reloadAllAccessors: .ElectronicUnitBase1

===========================================================================================
----------------- testing Sun May 10 14:20:19 UTC 2020 /home/travis/build/icyphy/ptII/ptolemy/actor/lib/test/auto/ElementsToArray.xml
----------------- Instantiating /home/travis/build/icyphy/ptII/ptolemy/actor/lib/test/auto/ElementsToArray.xml
3 ms. Memory: 425984K Free: 229666K (54%)
----------------- Invoking toplevel() on ptolemy.moml.MoMLSimpleApplication@d42d33d
----------------- Done invoking toplevel() on ptolemy.moml.MoMLSimpleApplication@d42d33d
reloadAllAccessors: .ElementsToArray

===========================================================================================
----------------- testing Sun May 10 14:20:19 UTC 2020 /home/travis/build/icyphy/ptII/ptolemy/actor/lib/test/auto/Equals.xml
----------------- Instantiating /home/travis/build/icyphy/ptII/ptolemy/actor/lib/test/auto/Equals.xml
2 ms. Memory: 425984K Free: 225570K (53%)
----------------- Invoking toplevel() on ptolemy.moml.MoMLSimpleApplication@6e24e8e5
----------------- Done invoking toplevel() on ptolemy.moml.MoMLSimpleApplication@6e24e8e5
reloadAllAccessors: .Equals

===========================================================================================
----------------- testing Sun May 10 14:20:19 UTC 2020 /home/travis/build/icyphy/ptII/ptolemy/actor/lib/test/auto/Exec.xml
----------------- Instantiating /home/travis/build/icyphy/ptII/ptolemy/actor/lib/test/auto/Exec.xml
19 ms. Memory: 425984K Free: 219936K (52%)
----------------- Invoking toplevel() on ptolemy.moml.MoMLSimpleApplication@5f322a62
----------------- Done invoking toplevel() on ptolemy.moml.MoMLSimpleApplication@5f322a62
reloadAllAccessors: .Exec

===========================================================================================
----------------- testing Sun May 10 14:20:19 UTC 2020 /home/travis/build/icyphy/ptII/ptolemy/actor/lib/test/auto/ExecEnvironment.xml
----------------- Instantiating /home/travis/build/icyphy/ptII/ptolemy/actor/lib/test/auto/ExecEnvironment.xml
17 ms. Memory: 425984K Free: 214802K (50%)
----------------- Invoking toplevel() on ptolemy.moml.MoMLSimpleApplication@6d18554d
----------------- Done invoking toplevel() on ptolemy.moml.MoMLSimpleApplication@6d18554d
reloadAllAccessors: .ExecEnvironment

===========================================================================================
----------------- testing Sun May 10 14:20:19 UTC 2020 /home/travis/build/icyphy/ptII/ptolemy/actor/lib/test/auto/ExecNonZeroReturnOutput.xml
----------------- Instantiating /home/travis/build/icyphy/ptII/ptolemy/actor/lib/test/auto/ExecNonZeroReturnOutput.xml
155 ms. Memory: 425984K Free: 203042K (48%)
----------------- Invoking toplevel() on ptolemy.moml.MoMLSimpleApplication@38c42f96
----------------- Done invoking toplevel() on ptolemy.moml.MoMLSimpleApplication@38c42f96
reloadAllAccessors: .ExecNonZeroReturnOutput

===========================================================================================
----------------- testing Sun May 10 14:20:19 UTC 2020 /home/travis/build/icyphy/ptII/ptolemy/actor/lib/test/auto/ExecRunDemos.xml
----------------- Instantiating /home/travis/build/icyphy/ptII/ptolemy/actor/lib/test/auto/ExecRunDemos.xml
Finished: 63 ms. Memory: 129024K Free: 112170K (87%)

Finished: 83 ms. Memory: 129024K Free: 109615K (85%)

Finished: 75 ms. Memory: 129024K Free: 109712K (85%)

Finished: 89 ms. Memory: 129024K Free: 111029K (86%)

Finished: 83 ms. Memory: 129024K Free: 111933K (87%)

10205 ms. Memory: 425984K Free: 182560K (43%)
----------------- Invoking toplevel() on ptolemy.moml.MoMLSimpleApplication@703e4b94
----------------- Done invoking toplevel() on ptolemy.moml.MoMLSimpleApplication@703e4b94
reloadAllAccessors: .ExecRunDemos

===========================================================================================
----------------- testing Sun May 10 14:20:29 UTC 2020 /home/travis/build/icyphy/ptII/ptolemy/actor/lib/test/auto/ExecStop.xml
----------------- Instantiating /home/travis/build/icyphy/ptII/ptolemy/actor/lib/test/auto/ExecStop.xml
5022 ms. Memory: 425984K Free: 297697K (70%)
----------------- Invoking toplevel() on ptolemy.moml.MoMLSimpleApplication@31eb652a
----------------- Done invoking toplevel() on ptolemy.moml.MoMLSimpleApplication@31eb652a
reloadAllAccessors: .ExecStop

===========================================================================================
----------------- testing Sun May 10 14:20:34 UTC 2020 /home/travis/build/icyphy/ptII/ptolemy/actor/lib/test/auto/ExecutionTimeSDF.xml
----------------- Instantiating /home/travis/build/icyphy/ptII/ptolemy/actor/lib/test/auto/ExecutionTimeSDF.xml
Fired ExecutionTime: -461767296
Fired ExecutionTime: 1335600000
Fired ExecutionTime: -170967296
6003 ms. Memory: 425984K Free: 284900K (67%)
----------------- Invoking toplevel() on ptolemy.moml.MoMLSimpleApplication@164fe049
----------------- Done invoking toplevel() on ptolemy.moml.MoMLSimpleApplication@164fe049
reloadAllAccessors: .ExecutionTimeSDF

===========================================================================================
----------------- testing Sun May 10 14:20:40 UTC 2020 /home/travis/build/icyphy/ptII/ptolemy/actor/lib/test/auto/Expression1.xml
----------------- Instantiating /home/travis/build/icyphy/ptII/ptolemy/actor/lib/test/auto/Expression1.xml
1 ms. Memory: 425984K Free: 281314K (66%)
----------------- Invoking toplevel() on ptolemy.moml.MoMLSimpleApplication@c737f8b
----------------- Done invoking toplevel() on ptolemy.moml.MoMLSimpleApplication@c737f8b
reloadAllAccessors: .Expression1

===========================================================================================
----------------- testing Sun May 10 14:20:40 UTC 2020 /home/travis/build/icyphy/ptII/ptolemy/actor/lib/test/auto/Expression10.xml
----------------- Instantiating /home/travis/build/icyphy/ptII/ptolemy/actor/lib/test/auto/Expression10.xml
4 ms. Memory: 425984K Free: 276194K (65%)
----------------- Invoking toplevel() on ptolemy.moml.MoMLSimpleApplication@15f7d070
----------------- Done invoking toplevel() on ptolemy.moml.MoMLSimpleApplication@15f7d070
reloadAllAccessors: .Expression10

===========================================================================================
----------------- testing Sun May 10 14:20:40 UTC 2020 /home/travis/build/icyphy/ptII/ptolemy/actor/lib/test/auto/Expression11.xml
----------------- Instantiating /home/travis/build/icyphy/ptII/ptolemy/actor/lib/test/auto/Expression11.xml
2 ms. Memory: 425984K Free: 271588K (64%)
----------------- Invoking toplevel() on ptolemy.moml.MoMLSimpleApplication@207a8b5a
----------------- Done invoking toplevel() on ptolemy.moml.MoMLSimpleApplication@207a8b5a
reloadAllAccessors: .Expression11

===========================================================================================
----------------- testing Sun May 10 14:20:40 UTC 2020 /home/travis/build/icyphy/ptII/ptolemy/actor/lib/test/auto/Expression12.xml
----------------- Instantiating /home/travis/build/icyphy/ptII/ptolemy/actor/lib/test/auto/Expression12.xml
2 ms. Memory: 425984K Free: 265954K (62%)
----------------- Invoking toplevel() on ptolemy.moml.MoMLSimpleApplication@7b12eef
----------------- Done invoking toplevel() on ptolemy.moml.MoMLSimpleApplication@7b12eef
reloadAllAccessors: .Expression12

===========================================================================================
----------------- testing Sun May 10 14:20:40 UTC 2020 /home/travis/build/icyphy/ptII/ptolemy/actor/lib/test/auto/Expression13.xml
----------------- Instantiating /home/travis/build/icyphy/ptII/ptolemy/actor/lib/test/auto/Expression13.xml
2 ms. Memory: 425984K Free: 260834K (61%)
----------------- Invoking toplevel() on ptolemy.moml.MoMLSimpleApplication@4685a8d
----------------- Done invoking toplevel() on ptolemy.moml.MoMLSimpleApplication@4685a8d
reloadAllAccessors: .Expression13

===========================================================================================
----------------- testing Sun May 10 14:20:40 UTC 2020 /home/travis/build/icyphy/ptII/ptolemy/actor/lib/test/auto/Expression14.xml
----------------- Instantiating /home/travis/build/icyphy/ptII/ptolemy/actor/lib/test/auto/Expression14.xml
6 ms. Memory: 425984K Free: 255204K (60%)
----------------- Invoking toplevel() on ptolemy.moml.MoMLSimpleApplication@c724591
----------------- Done invoking toplevel() on ptolemy.moml.MoMLSimpleApplication@c724591
reloadAllAccessors: .Expression14

===========================================================================================
----------------- testing Sun May 10 14:20:40 UTC 2020 /home/travis/build/icyphy/ptII/ptolemy/actor/lib/test/auto/Expression15.xml
----------------- Instantiating /home/travis/build/icyphy/ptII/ptolemy/actor/lib/test/auto/Expression15.xml
1 ms. Memory: 425984K Free: 251108K (59%)
----------------- Invoking toplevel() on ptolemy.moml.MoMLSimpleApplication@48c537e4
----------------- Done invoking toplevel() on ptolemy.moml.MoMLSimpleApplication@48c537e4
reloadAllAccessors: .Expression15

===========================================================================================
----------------- testing Sun May 10 14:20:40 UTC 2020 /home/travis/build/icyphy/ptII/ptolemy/actor/lib/test/auto/Expression16.xml
----------------- Instantiating /home/travis/build/icyphy/ptII/ptolemy/actor/lib/test/auto/Expression16.xml
2 ms. Memory: 425984K Free: 245988K (58%)
----------------- Invoking toplevel() on ptolemy.moml.MoMLSimpleApplication@2d0a9db1
----------------- Done invoking toplevel() on ptolemy.moml.MoMLSimpleApplication@2d0a9db1
reloadAllAccessors: .Expression16

===========================================================================================
----------------- testing Sun May 10 14:20:41 UTC 2020 /home/travis/build/icyphy/ptII/ptolemy/actor/lib/test/auto/Expression17.xml
----------------- Instantiating /home/travis/build/icyphy/ptII/ptolemy/actor/lib/test/auto/Expression17.xml
2 ms. Memory: 425984K Free: 240868K (57%)
----------------- Invoking toplevel() on ptolemy.moml.MoMLSimpleApplication@5e1023f8
----------------- Done invoking toplevel() on ptolemy.moml.MoMLSimpleApplication@5e1023f8
reloadAllAccessors: .Expression17

===========================================================================================
----------------- testing Sun May 10 14:20:41 UTC 2020 /home/travis/build/icyphy/ptII/ptolemy/actor/lib/test/auto/Expression18.xml
----------------- Instantiating /home/travis/build/icyphy/ptII/ptolemy/actor/lib/test/auto/Expression18.xml
4 ms. Memory: 425984K Free: 235746K (55%)
----------------- Invoking toplevel() on ptolemy.moml.MoMLSimpleApplication@3e207c97
----------------- Done invoking toplevel() on ptolemy.moml.MoMLSimpleApplication@3e207c97
reloadAllAccessors: .Expression18

===========================================================================================
----------------- testing Sun May 10 14:20:41 UTC 2020 /home/travis/build/icyphy/ptII/ptolemy/actor/lib/test/auto/Expression2.xml
----------------- Instantiating /home/travis/build/icyphy/ptII/ptolemy/actor/lib/test/auto/Expression2.xml
2 ms. Memory: 425984K Free: 230628K (54%)
----------------- Invoking toplevel() on ptolemy.moml.MoMLSimpleApplication@ca6831f
----------------- Done invoking toplevel() on ptolemy.moml.MoMLSimpleApplication@ca6831f
reloadAllAccessors: .Expression2

===========================================================================================
----------------- testing Sun May 10 14:20:41 UTC 2020 /home/travis/build/icyphy/ptII/ptolemy/actor/lib/test/auto/Expression3.xml
----------------- Instantiating /home/travis/build/icyphy/ptII/ptolemy/actor/lib/test/auto/Expression3.xml
5 ms. Memory: 425984K Free: 225508K (53%)
----------------- Invoking toplevel() on ptolemy.moml.MoMLSimpleApplication@7f2325e4
----------------- Done invoking toplevel() on ptolemy.moml.MoMLSimpleApplication@7f2325e4
reloadAllAccessors: .Expression3

===========================================================================================
----------------- testing Sun May 10 14:20:41 UTC 2020 /home/travis/build/icyphy/ptII/ptolemy/actor/lib/test/auto/Expression4.xml
----------------- Instantiating /home/travis/build/icyphy/ptII/ptolemy/actor/lib/test/auto/Expression4.xml
4 ms. Memory: 425984K Free: 217826K (51%)
----------------- Invoking toplevel() on ptolemy.moml.MoMLSimpleApplication@5734bb9c
----------------- Done invoking toplevel() on ptolemy.moml.MoMLSimpleApplication@5734bb9c
reloadAllAccessors: .Expression4

===========================================================================================
----------------- testing Sun May 10 14:20:41 UTC 2020 /home/travis/build/icyphy/ptII/ptolemy/actor/lib/test/auto/Expression5.xml
----------------- Instantiating /home/travis/build/icyphy/ptII/ptolemy/actor/lib/test/auto/Expression5.xml
5 ms. Memory: 425984K Free: 212706K (50%)
----------------- Invoking toplevel() on ptolemy.moml.MoMLSimpleApplication@4518afc5
----------------- Done invoking toplevel() on ptolemy.moml.MoMLSimpleApplication@4518afc5
reloadAllAccessors: .Expression5

===========================================================================================
----------------- testing Sun May 10 14:20:41 UTC 2020 /home/travis/build/icyphy/ptII/ptolemy/actor/lib/test/auto/Expression6.xml
----------------- Instantiating /home/travis/build/icyphy/ptII/ptolemy/actor/lib/test/auto/Expression6.xml
2 ms. Memory: 425984K Free: 208100K (49%)
----------------- Invoking toplevel() on ptolemy.moml.MoMLSimpleApplication@59a1eb60
----------------- Done invoking toplevel() on ptolemy.moml.MoMLSimpleApplication@59a1eb60
reloadAllAccessors: .Expression6

===========================================================================================
----------------- testing Sun May 10 14:20:41 UTC 2020 /home/travis/build/icyphy/ptII/ptolemy/actor/lib/test/auto/Expression7.xml
----------------- Instantiating /home/travis/build/icyphy/ptII/ptolemy/actor/lib/test/auto/Expression7.xml
2 ms. Memory: 425984K Free: 203490K (48%)
----------------- Invoking toplevel() on ptolemy.moml.MoMLSimpleApplication@642d1f72
----------------- Done invoking toplevel() on ptolemy.moml.MoMLSimpleApplication@642d1f72
reloadAllAccessors: .Expression7

===========================================================================================
----------------- testing Sun May 10 14:20:41 UTC 2020 /home/travis/build/icyphy/ptII/ptolemy/actor/lib/test/auto/Expression8.xml
----------------- Instantiating /home/travis/build/icyphy/ptII/ptolemy/actor/lib/test/auto/Expression8.xml
7 ms. Memory: 425984K Free: 198370K (47%)
----------------- Invoking toplevel() on ptolemy.moml.MoMLSimpleApplication@f3bb5af
----------------- Done invoking toplevel() on ptolemy.moml.MoMLSimpleApplication@f3bb5af
reloadAllAccessors: .Expression8

===========================================================================================
----------------- testing Sun May 10 14:20:41 UTC 2020 /home/travis/build/icyphy/ptII/ptolemy/actor/lib/test/auto/Expression9.xml
----------------- Instantiating /home/travis/build/icyphy/ptII/ptolemy/actor/lib/test/auto/Expression9.xml
1 ms. Memory: 425984K Free: 194274K (46%)
----------------- Invoking toplevel() on ptolemy.moml.MoMLSimpleApplication@20580aee
----------------- Done invoking toplevel() on ptolemy.moml.MoMLSimpleApplication@20580aee
reloadAllAccessors: .Expression9

===========================================================================================
----------------- testing Sun May 10 14:20:41 UTC 2020 /home/travis/build/icyphy/ptII/ptolemy/actor/lib/test/auto/ExpressionConcatenateArrayType.xml
----------------- Instantiating /home/travis/build/icyphy/ptII/ptolemy/actor/lib/test/auto/ExpressionConcatenateArrayType.xml
2 ms. Memory: 425984K Free: 187620K (44%)
----------------- Invoking toplevel() on ptolemy.moml.MoMLSimpleApplication@2650da1e
----------------- Done invoking toplevel() on ptolemy.moml.MoMLSimpleApplication@2650da1e
reloadAllAccessors: .ExpressionConcatenateArrayType

===========================================================================================
----------------- testing Sun May 10 14:20:41 UTC 2020 /home/travis/build/icyphy/ptII/ptolemy/actor/lib/test/auto/ExpressionConcatenateArrayType2.xml
----------------- Instantiating /home/travis/build/icyphy/ptII/ptolemy/actor/lib/test/auto/ExpressionConcatenateArrayType2.xml
2 ms. Memory: 425984K Free: 181986K (43%)
----------------- Invoking toplevel() on ptolemy.moml.MoMLSimpleApplication@194d26b9
----------------- Done invoking toplevel() on ptolemy.moml.MoMLSimpleApplication@194d26b9
reloadAllAccessors: .ExpressionConcatenateArrayType2

===========================================================================================
----------------- testing Sun May 10 14:20:41 UTC 2020 /home/travis/build/icyphy/ptII/ptolemy/actor/lib/test/auto/ExpressionFix.xml
----------------- Instantiating /home/travis/build/icyphy/ptII/ptolemy/actor/lib/test/auto/ExpressionFix.xml
20 ms. Memory: 425984K Free: 175332K (41%)
----------------- Invoking toplevel() on ptolemy.moml.MoMLSimpleApplication@6d0c4bcf
----------------- Done invoking toplevel() on ptolemy.moml.MoMLSimpleApplication@6d0c4bcf
reloadAllAccessors: .ExpressionFix

===========================================================================================
----------------- testing Sun May 10 14:20:41 UTC 2020 /home/travis/build/icyphy/ptII/ptolemy/actor/lib/test/auto/ExpressionFix2.xml
----------------- Instantiating /home/travis/build/icyphy/ptII/ptolemy/actor/lib/test/auto/ExpressionFix2.xml
3 ms. Memory: 425984K Free: 171746K (40%)
----------------- Invoking toplevel() on ptolemy.moml.MoMLSimpleApplication@5f2327ba
----------------- Done invoking toplevel() on ptolemy.moml.MoMLSimpleApplication@5f2327ba
reloadAllAccessors: .ExpressionFix2

===========================================================================================
----------------- testing Sun May 10 14:20:41 UTC 2020 /home/travis/build/icyphy/ptII/ptolemy/actor/lib/test/auto/ExpressionFix3.xml
----------------- Instantiating /home/travis/build/icyphy/ptII/ptolemy/actor/lib/test/auto/ExpressionFix3.xml
1 ms. Memory: 425984K Free: 167140K (39%)
----------------- Invoking toplevel() on ptolemy.moml.MoMLSimpleApplication@c957f4d
----------------- Done invoking toplevel() on ptolemy.moml.MoMLSimpleApplication@c957f4d
reloadAllAccessors: .ExpressionFix3

===========================================================================================
----------------- testing Sun May 10 14:20:41 UTC 2020 /home/travis/build/icyphy/ptII/ptolemy/actor/lib/test/auto/FileWriter1.xml
----------------- Instantiating /home/travis/build/icyphy/ptII/ptolemy/actor/lib/test/auto/FileWriter1.xml
2 ms. Memory: 425984K Free: 163044K (38%)
----------------- Invoking toplevel() on ptolemy.moml.MoMLSimpleApplication@186bb820
----------------- Done invoking toplevel() on ptolemy.moml.MoMLSimpleApplication@186bb820
reloadAllAccessors: .FileWriter1

===========================================================================================
----------------- testing Sun May 10 14:20:41 UTC 2020 /home/travis/build/icyphy/ptII/ptolemy/actor/lib/test/auto/FileWriter2.xml
----------------- Instantiating /home/travis/build/icyphy/ptII/ptolemy/actor/lib/test/auto/FileWriter2.xml
2 ms. Memory: 425984K Free: 158419K (37%)
----------------- Invoking toplevel() on ptolemy.moml.MoMLSimpleApplication@2c0cb921
----------------- Done invoking toplevel() on ptolemy.moml.MoMLSimpleApplication@2c0cb921
reloadAllAccessors: .FileWriter2

===========================================================================================
----------------- testing Sun May 10 14:20:41 UTC 2020 /home/travis/build/icyphy/ptII/ptolemy/actor/lib/test/auto/FileWriter3.xml
----------------- Instantiating /home/travis/build/icyphy/ptII/ptolemy/actor/lib/test/auto/FileWriter3.xml
4 ms. Memory: 425984K Free: 154338K (36%)
----------------- Invoking toplevel() on ptolemy.moml.MoMLSimpleApplication@d470e86
----------------- Done invoking toplevel() on ptolemy.moml.MoMLSimpleApplication@d470e86
reloadAllAccessors: .FileWriter3

===========================================================================================
----------------- testing Sun May 10 14:20:41 UTC 2020 /home/travis/build/icyphy/ptII/ptolemy/actor/lib/test/auto/Gaussian.xml
----------------- Instantiating /home/travis/build/icyphy/ptII/ptolemy/actor/lib/test/auto/Gaussian.xml
2 ms. Memory: 425984K Free: 149732K (35%)
----------------- Invoking toplevel() on ptolemy.moml.MoMLSimpleApplication@5201ca9d
----------------- Done invoking toplevel() on ptolemy.moml.MoMLSimpleApplication@5201ca9d
reloadAllAccessors: .Gaussian

===========================================================================================
----------------- testing Sun May 10 14:20:41 UTC 2020 /home/travis/build/icyphy/ptII/ptolemy/actor/lib/test/auto/Gaussian1.xml
----------------- Instantiating /home/travis/build/icyphy/ptII/ptolemy/actor/lib/test/auto/Gaussian1.xml
9 ms. Memory: 425984K Free: 145107K (34%)
----------------- Invoking toplevel() on ptolemy.moml.MoMLSimpleApplication@5ea7f0bc
----------------- Done invoking toplevel() on ptolemy.moml.MoMLSimpleApplication@5ea7f0bc
reloadAllAccessors: .Gaussian1

===========================================================================================
----------------- testing Sun May 10 14:20:41 UTC 2020 /home/travis/build/icyphy/ptII/ptolemy/actor/lib/test/auto/Gaussian2.xml
----------------- Instantiating /home/travis/build/icyphy/ptII/ptolemy/actor/lib/test/auto/Gaussian2.xml
2 ms. Memory: 425984K Free: 139492K (33%)
----------------- Invoking toplevel() on ptolemy.moml.MoMLSimpleApplication@73e36389
----------------- Done invoking toplevel() on ptolemy.moml.MoMLSimpleApplication@73e36389
reloadAllAccessors: .Gaussian2

===========================================================================================
----------------- testing Sun May 10 14:20:41 UTC 2020 /home/travis/build/icyphy/ptII/ptolemy/actor/lib/test/auto/GradientAdaptiveLattice.xml
----------------- Instantiating /home/travis/build/icyphy/ptII/ptolemy/actor/lib/test/auto/GradientAdaptiveLattice.xml
2 ms. Memory: 425984K Free: 134372K (32%)
----------------- Invoking toplevel() on ptolemy.moml.MoMLSimpleApplication@2bc392
----------------- Done invoking toplevel() on ptolemy.moml.MoMLSimpleApplication@2bc392
reloadAllAccessors: .GradientAdaptiveLattice

===========================================================================================
----------------- testing Sun May 10 14:20:41 UTC 2020 /home/travis/build/icyphy/ptII/ptolemy/actor/lib/test/auto/IIR.xml
----------------- Instantiating /home/travis/build/icyphy/ptII/ptolemy/actor/lib/test/auto/IIR.xml
1 ms. Memory: 425984K Free: 129762K (30%)
----------------- Invoking toplevel() on ptolemy.moml.MoMLSimpleApplication@1e1dd667
----------------- Done invoking toplevel() on ptolemy.moml.MoMLSimpleApplication@1e1dd667
reloadAllAccessors: .IIR

===========================================================================================
----------------- testing Sun May 10 14:20:41 UTC 2020 /home/travis/build/icyphy/ptII/ptolemy/actor/lib/test/auto/InputOutputTransparentPorts.xml
----------------- Instantiating /home/travis/build/icyphy/ptII/ptolemy/actor/lib/test/auto/InputOutputTransparentPorts.xml
3 ms. Memory: 425984K Free: 374863K (88%)
----------------- Invoking toplevel() on ptolemy.moml.MoMLSimpleApplication@48d09611
----------------- Done invoking toplevel() on ptolemy.moml.MoMLSimpleApplication@48d09611
reloadAllAccessors: .InputOutputTransparentPorts

===========================================================================================
----------------- testing Sun May 10 14:20:41 UTC 2020 /home/travis/build/icyphy/ptII/ptolemy/actor/lib/test/auto/Interpolator.xml
----------------- Instantiating /home/travis/build/icyphy/ptII/ptolemy/actor/lib/test/auto/Interpolator.xml
5 ms. Memory: 425984K Free: 370781K (87%)
----------------- Invoking toplevel() on ptolemy.moml.MoMLSimpleApplication@6928cc0c
----------------- Done invoking toplevel() on ptolemy.moml.MoMLSimpleApplication@6928cc0c
reloadAllAccessors: .Interpolator

===========================================================================================
----------------- testing Sun May 10 14:20:41 UTC 2020 /home/travis/build/icyphy/ptII/ptolemy/actor/lib/test/auto/InterpolatorFiringLimitDE.xml
----------------- Instantiating /home/travis/build/icyphy/ptII/ptolemy/actor/lib/test/auto/InterpolatorFiringLimitDE.xml
2 ms. Memory: 425984K Free: 364637K (86%)
----------------- Invoking toplevel() on ptolemy.moml.MoMLSimpleApplication@30f3e927
----------------- Done invoking toplevel() on ptolemy.moml.MoMLSimpleApplication@30f3e927
reloadAllAccessors: .InterpolatorFiringLimitDE

===========================================================================================
----------------- testing Sun May 10 14:20:41 UTC 2020 /home/travis/build/icyphy/ptII/ptolemy/actor/lib/test/auto/Lattice.xml
----------------- Instantiating /home/travis/build/icyphy/ptII/ptolemy/actor/lib/test/auto/Lattice.xml
0 ms. Memory: 425984K Free: 360541K (85%)
----------------- Invoking toplevel() on ptolemy.moml.MoMLSimpleApplication@6d03e6d5
----------------- Done invoking toplevel() on ptolemy.moml.MoMLSimpleApplication@6d03e6d5
reloadAllAccessors: .Lattice

===========================================================================================
----------------- testing Sun May 10 14:20:41 UTC 2020 /home/travis/build/icyphy/ptII/ptolemy/actor/lib/test/auto/LazyAOCTestLazy.xml
----------------- Instantiating /home/travis/build/icyphy/ptII/ptolemy/actor/lib/test/auto/LazyAOCTestLazy.xml
25 ms. Memory: 425984K Free: 354383K (83%)
----------------- Invoking toplevel() on ptolemy.moml.MoMLSimpleApplication@2afdb5f3
----------------- Done invoking toplevel() on ptolemy.moml.MoMLSimpleApplication@2afdb5f3
reloadAllAccessors: .LazyAOCTestLazy

===========================================================================================
----------------- testing Sun May 10 14:20:41 UTC 2020 /home/travis/build/icyphy/ptII/ptolemy/actor/lib/test/auto/LazyAOCTestNonLazy.xml
----------------- Instantiating /home/travis/build/icyphy/ptII/ptolemy/actor/lib/test/auto/LazyAOCTestNonLazy.xml
2 ms. Memory: 425984K Free: 347743K (82%)
----------------- Invoking toplevel() on ptolemy.moml.MoMLSimpleApplication@585f60e3
----------------- Done invoking toplevel() on ptolemy.moml.MoMLSimpleApplication@585f60e3
reloadAllAccessors: .LazyAOCTestNonLazy

===========================================================================================
----------------- testing Sun May 10 14:20:41 UTC 2020 /home/travis/build/icyphy/ptII/ptolemy/actor/lib/test/auto/LazyInnerClass.xml
----------------- Instantiating /home/travis/build/icyphy/ptII/ptolemy/actor/lib/test/auto/LazyInnerClass.xml
17 ms. Memory: 425984K Free: 339023K (80%)
----------------- Invoking toplevel() on ptolemy.moml.MoMLSimpleApplication@37b78baf
----------------- Done invoking toplevel() on ptolemy.moml.MoMLSimpleApplication@37b78baf
reloadAllAccessors: .LazyInnerClass

===========================================================================================
----------------- testing Sun May 10 14:20:41 UTC 2020 /home/travis/build/icyphy/ptII/ptolemy/actor/lib/test/auto/LazyPubSub.xml
----------------- Instantiating /home/travis/build/icyphy/ptII/ptolemy/actor/lib/test/auto/LazyPubSub.xml
21 ms. Memory: 425984K Free: 328797K (77%)
----------------- Invoking toplevel() on ptolemy.moml.MoMLSimpleApplication@60e18a3f
----------------- Done invoking toplevel() on ptolemy.moml.MoMLSimpleApplication@60e18a3f
reloadAllAccessors: .LazyPubSub

===========================================================================================
----------------- testing Sun May 10 14:20:41 UTC 2020 /home/travis/build/icyphy/ptII/ptolemy/actor/lib/test/auto/LazyPubSub2.xml
----------------- Instantiating /home/travis/build/icyphy/ptII/ptolemy/actor/lib/test/auto/LazyPubSub2.xml
14 ms. Memory: 425984K Free: 318557K (75%)
----------------- Invoking toplevel() on ptolemy.moml.MoMLSimpleApplication@c46d406
----------------- Done invoking toplevel() on ptolemy.moml.MoMLSimpleApplication@c46d406
reloadAllAccessors: .LazyPubSub2

===========================================================================================
----------------- testing Sun May 10 14:20:41 UTC 2020 /home/travis/build/icyphy/ptII/ptolemy/actor/lib/test/auto/LazyPubSub3.xml
----------------- Instantiating /home/travis/build/icyphy/ptII/ptolemy/actor/lib/test/auto/LazyPubSub3.xml
11 ms. Memory: 425984K Free: 308831K (72%)
----------------- Invoking toplevel() on ptolemy.moml.MoMLSimpleApplication@588214bf
----------------- Done invoking toplevel() on ptolemy.moml.MoMLSimpleApplication@588214bf
reloadAllAccessors: .LazyPubSub3

===========================================================================================
----------------- testing Sun May 10 14:20:41 UTC 2020 /home/travis/build/icyphy/ptII/ptolemy/actor/lib/test/auto/LazySubClassModel.xml
----------------- Instantiating /home/travis/build/icyphy/ptII/ptolemy/actor/lib/test/auto/LazySubClassModel.xml
2 ms. Memory: 425984K Free: 299101K (70%)
----------------- Invoking toplevel() on ptolemy.moml.MoMLSimpleApplication@598e8856
----------------- Done invoking toplevel() on ptolemy.moml.MoMLSimpleApplication@598e8856
reloadAllAccessors: .LazySubClassModel

===========================================================================================
----------------- testing Sun May 10 14:20:41 UTC 2020 /home/travis/build/icyphy/ptII/ptolemy/actor/lib/test/auto/LevelCrossTest1.xml
----------------- Instantiating /home/travis/build/icyphy/ptII/ptolemy/actor/lib/test/auto/LevelCrossTest1.xml
1 ms. Memory: 425984K Free: 293471K (69%)
----------------- Invoking toplevel() on ptolemy.moml.MoMLSimpleApplication@af7bbd
----------------- Done invoking toplevel() on ptolemy.moml.MoMLSimpleApplication@af7bbd
reloadAllAccessors: .broken

===========================================================================================
----------------- testing Sun May 10 14:20:41 UTC 2020 /home/travis/build/icyphy/ptII/ptolemy/actor/lib/test/auto/LevelCrossTest10.xml
----------------- Instantiating /home/travis/build/icyphy/ptII/ptolemy/actor/lib/test/auto/LevelCrossTest10.xml
1 ms. Memory: 425984K Free: 285789K (67%)
----------------- Invoking toplevel() on ptolemy.moml.MoMLSimpleApplication@550e5681
----------------- Done invoking toplevel() on ptolemy.moml.MoMLSimpleApplication@550e5681
reloadAllAccessors: .LevelCrossTest10

===========================================================================================
----------------- testing Sun May 10 14:20:41 UTC 2020 /home/travis/build/icyphy/ptII/ptolemy/actor/lib/test/auto/LevelCrossTest11.xml
----------------- Instantiating /home/travis/build/icyphy/ptII/ptolemy/actor/lib/test/auto/LevelCrossTest11.xml
1 ms. Memory: 425984K Free: 279135K (66%)
----------------- Invoking toplevel() on ptolemy.moml.MoMLSimpleApplication@608059fc
----------------- Done invoking toplevel() on ptolemy.moml.MoMLSimpleApplication@608059fc
reloadAllAccessors: .LevelCrossTest11

===========================================================================================
----------------- testing Sun May 10 14:20:41 UTC 2020 /home/travis/build/icyphy/ptII/ptolemy/actor/lib/test/auto/LevelCrossTest12.xml
----------------- Instantiating /home/travis/build/icyphy/ptII/ptolemy/actor/lib/test/auto/LevelCrossTest12.xml
0 ms. Memory: 425984K Free: 272477K (64%)
----------------- Invoking toplevel() on ptolemy.moml.MoMLSimpleApplication@2a6a1cc7
----------------- Done invoking toplevel() on ptolemy.moml.MoMLSimpleApplication@2a6a1cc7
reloadAllAccessors: .LevelCrossTest12

===========================================================================================
----------------- testing Sun May 10 14:20:41 UTC 2020 /home/travis/build/icyphy/ptII/ptolemy/actor/lib/test/auto/LevelCrossTest13.xml
----------------- Instantiating /home/travis/build/icyphy/ptII/ptolemy/actor/lib/test/auto/LevelCrossTest13.xml
1 ms. Memory: 425984K Free: 264799K (62%)
----------------- Invoking toplevel() on ptolemy.moml.MoMLSimpleApplication@640ef47e
----------------- Done invoking toplevel() on ptolemy.moml.MoMLSimpleApplication@640ef47e
reloadAllAccessors: .LevelCrossTest13

===========================================================================================
----------------- testing Sun May 10 14:20:41 UTC 2020 /home/travis/build/icyphy/ptII/ptolemy/actor/lib/test/auto/LevelCrossTest2.xml
----------------- Instantiating /home/travis/build/icyphy/ptII/ptolemy/actor/lib/test/auto/LevelCrossTest2.xml
1 ms. Memory: 425984K Free: 259165K (61%)
----------------- Invoking toplevel() on ptolemy.moml.MoMLSimpleApplication@21cc9908
----------------- Done invoking toplevel() on ptolemy.moml.MoMLSimpleApplication@21cc9908
reloadAllAccessors: .broken

===========================================================================================
----------------- testing Sun May 10 14:20:41 UTC 2020 /home/travis/build/icyphy/ptII/ptolemy/actor/lib/test/auto/LevelCrossTest3.xml
----------------- Instantiating /home/travis/build/icyphy/ptII/ptolemy/actor/lib/test/auto/LevelCrossTest3.xml
2 ms. Memory: 425984K Free: 253021K (59%)
----------------- Invoking toplevel() on ptolemy.moml.MoMLSimpleApplication@22923035
----------------- Done invoking toplevel() on ptolemy.moml.MoMLSimpleApplication@22923035
reloadAllAccessors: .LevelCrossTest3

===========================================================================================
----------------- testing Sun May 10 14:20:41 UTC 2020 /home/travis/build/icyphy/ptII/ptolemy/actor/lib/test/auto/LevelCrossTest4.xml
----------------- Instantiating /home/travis/build/icyphy/ptII/ptolemy/actor/lib/test/auto/LevelCrossTest4.xml
1 ms. Memory: 425984K Free: 247901K (58%)
----------------- Invoking toplevel() on ptolemy.moml.MoMLSimpleApplication@1b9b5cef
----------------- Done invoking toplevel() on ptolemy.moml.MoMLSimpleApplication@1b9b5cef
reloadAllAccessors: .broken

===========================================================================================
----------------- testing Sun May 10 14:20:41 UTC 2020 /home/travis/build/icyphy/ptII/ptolemy/actor/lib/test/auto/LevelCrossTest5.xml
----------------- Instantiating /home/travis/build/icyphy/ptII/ptolemy/actor/lib/test/auto/LevelCrossTest5.xml
0 ms. Memory: 425984K Free: 240733K (57%)
----------------- Invoking toplevel() on ptolemy.moml.MoMLSimpleApplication@59685bef
----------------- Done invoking toplevel() on ptolemy.moml.MoMLSimpleApplication@59685bef
reloadAllAccessors: .LevelCrossTest5

===========================================================================================
----------------- testing Sun May 10 14:20:41 UTC 2020 /home/travis/build/icyphy/ptII/ptolemy/actor/lib/test/auto/LevelCrossTest6.xml
----------------- Instantiating /home/travis/build/icyphy/ptII/ptolemy/actor/lib/test/auto/LevelCrossTest6.xml
1 ms. Memory: 425984K Free: 234079K (55%)
----------------- Invoking toplevel() on ptolemy.moml.MoMLSimpleApplication@69f3702
----------------- Done invoking toplevel() on ptolemy.moml.MoMLSimpleApplication@69f3702
reloadAllAccessors: .LevelCrossTest6

===========================================================================================
----------------- testing Sun May 10 14:20:41 UTC 2020 /home/travis/build/icyphy/ptII/ptolemy/actor/lib/test/auto/LevelCrossTest7.xml
----------------- Instantiating /home/travis/build/icyphy/ptII/ptolemy/actor/lib/test/auto/LevelCrossTest7.xml
3 ms. Memory: 425984K Free: 226397K (53%)
----------------- Invoking toplevel() on ptolemy.moml.MoMLSimpleApplication@1c7c5f91
----------------- Done invoking toplevel() on ptolemy.moml.MoMLSimpleApplication@1c7c5f91
reloadAllAccessors: .LevelCrossTest7

===========================================================================================
----------------- testing Sun May 10 14:20:41 UTC 2020 /home/travis/build/icyphy/ptII/ptolemy/actor/lib/test/auto/LevelCrossTest8.xml
----------------- Instantiating /home/travis/build/icyphy/ptII/ptolemy/actor/lib/test/auto/LevelCrossTest8.xml
1 ms. Memory: 425984K Free: 219743K (52%)
----------------- Invoking toplevel() on ptolemy.moml.MoMLSimpleApplication@51076cdd
----------------- Done invoking toplevel() on ptolemy.moml.MoMLSimpleApplication@51076cdd
reloadAllAccessors: .LevelCrossTest8

===========================================================================================
----------------- testing Sun May 10 14:20:41 UTC 2020 /home/travis/build/icyphy/ptII/ptolemy/actor/lib/test/auto/LevelCrossTest9.xml
----------------- Instantiating /home/travis/build/icyphy/ptII/ptolemy/actor/lib/test/auto/LevelCrossTest9.xml
2 ms. Memory: 425984K Free: 212575K (50%)
----------------- Invoking toplevel() on ptolemy.moml.MoMLSimpleApplication@376e3274
----------------- Done invoking toplevel() on ptolemy.moml.MoMLSimpleApplication@376e3274
reloadAllAccessors: .LevelCrossTest9

===========================================================================================
----------------- testing Sun May 10 14:20:41 UTC 2020 /home/travis/build/icyphy/ptII/ptolemy/actor/lib/test/auto/LevinsonDurbin.xml
----------------- Instantiating /home/travis/build/icyphy/ptII/ptolemy/actor/lib/test/auto/LevinsonDurbin.xml
1 ms. Memory: 425984K Free: 208479K (49%)
----------------- Invoking toplevel() on ptolemy.moml.MoMLSimpleApplication@69a0c32d
----------------- Done invoking toplevel() on ptolemy.moml.MoMLSimpleApplication@69a0c32d
reloadAllAccessors: .LevinsonDurbin

===========================================================================================
----------------- testing Sun May 10 14:20:41 UTC 2020 /home/travis/build/icyphy/ptII/ptolemy/actor/lib/test/auto/LevinsonDurbin2.xml
----------------- Instantiating /home/travis/build/icyphy/ptII/ptolemy/actor/lib/test/auto/LevinsonDurbin2.xml
1 ms. Memory: 425984K Free: 204383K (48%)
----------------- Invoking toplevel() on ptolemy.moml.MoMLSimpleApplication@16b9b810
----------------- Done invoking toplevel() on ptolemy.moml.MoMLSimpleApplication@16b9b810
reloadAllAccessors: .LevinsonDurbin2

===========================================================================================
----------------- testing Sun May 10 14:20:41 UTC 2020 /home/travis/build/icyphy/ptII/ptolemy/actor/lib/test/auto/LevinsonDurbin3.xml
----------------- Instantiating /home/travis/build/icyphy/ptII/ptolemy/actor/lib/test/auto/LevinsonDurbin3.xml
2 ms. Memory: 425984K Free: 200287K (47%)
----------------- Invoking toplevel() on ptolemy.moml.MoMLSimpleApplication@411b1790
----------------- Done invoking toplevel() on ptolemy.moml.MoMLSimpleApplication@411b1790
reloadAllAccessors: .LevinsonDurbin3

===========================================================================================
----------------- testing Sun May 10 14:20:41 UTC 2020 /home/travis/build/icyphy/ptII/ptolemy/actor/lib/test/auto/Limiter.xml
----------------- Instantiating /home/travis/build/icyphy/ptII/ptolemy/actor/lib/test/auto/Limiter.xml
12 ms. Memory: 425984K Free: 191071K (45%)
----------------- Invoking toplevel() on ptolemy.moml.MoMLSimpleApplication@1b8b9dcf
----------------- Done invoking toplevel() on ptolemy.moml.MoMLSimpleApplication@1b8b9dcf
reloadAllAccessors: .Limiter

===========================================================================================
----------------- testing Sun May 10 14:20:41 UTC 2020 /home/travis/build/icyphy/ptII/ptolemy/actor/lib/test/auto/LinearDifferenceEquationSystem.xml
----------------- Instantiating /home/travis/build/icyphy/ptII/ptolemy/actor/lib/test/auto/LinearDifferenceEquationSystem.xml
3 ms. Memory: 425984K Free: 183903K (43%)
----------------- Invoking toplevel() on ptolemy.moml.MoMLSimpleApplication@42fd7d90
----------------- Done invoking toplevel() on ptolemy.moml.MoMLSimpleApplication@42fd7d90
reloadAllAccessors: .LinearDifferenceEquationSystem

===========================================================================================
----------------- testing Sun May 10 14:20:42 UTC 2020 /home/travis/build/icyphy/ptII/ptolemy/actor/lib/test/auto/LookupTable.xml
----------------- Instantiating /home/travis/build/icyphy/ptII/ptolemy/actor/lib/test/auto/LookupTable.xml
1 ms. Memory: 425984K Free: 179293K (42%)
----------------- Invoking toplevel() on ptolemy.moml.MoMLSimpleApplication@44d0069b
----------------- Done invoking toplevel() on ptolemy.moml.MoMLSimpleApplication@44d0069b
reloadAllAccessors: .LookupTable

===========================================================================================
----------------- testing Sun May 10 14:20:42 UTC 2020 /home/travis/build/icyphy/ptII/ptolemy/actor/lib/test/auto/MathFunction.xml
----------------- Instantiating /home/travis/build/icyphy/ptII/ptolemy/actor/lib/test/auto/MathFunction.xml
9 ms. Memory: 425984K Free: 171101K (40%)
----------------- Invoking toplevel() on ptolemy.moml.MoMLSimpleApplication@2dc18332
----------------- Done invoking toplevel() on ptolemy.moml.MoMLSimpleApplication@2dc18332
reloadAllAccessors: .MathFunction

===========================================================================================
----------------- testing Sun May 10 14:20:42 UTC 2020 /home/travis/build/icyphy/ptII/ptolemy/actor/lib/test/auto/MathFunction2.xml
----------------- Instantiating /home/travis/build/icyphy/ptII/ptolemy/actor/lib/test/auto/MathFunction2.xml
4 ms. Memory: 425984K Free: 167005K (39%)
----------------- Invoking toplevel() on ptolemy.moml.MoMLSimpleApplication@2b5d0f2
----------------- Done invoking toplevel() on ptolemy.moml.MoMLSimpleApplication@2b5d0f2
reloadAllAccessors: .MathFunction2

===========================================================================================
----------------- testing Sun May 10 14:20:42 UTC 2020 /home/travis/build/icyphy/ptII/ptolemy/actor/lib/test/auto/MathFunction3.xml
----------------- Instantiating /home/travis/build/icyphy/ptII/ptolemy/actor/lib/test/auto/MathFunction3.xml
2 ms. Memory: 425984K Free: 160351K (38%)
----------------- Invoking toplevel() on ptolemy.moml.MoMLSimpleApplication@17912b7
----------------- Done invoking toplevel() on ptolemy.moml.MoMLSimpleApplication@17912b7
reloadAllAccessors: .MathFunction3

===========================================================================================
----------------- testing Sun May 10 14:20:42 UTC 2020 /home/travis/build/icyphy/ptII/ptolemy/actor/lib/test/auto/MatrixCropBoolean.xml
----------------- Instantiating /home/travis/build/icyphy/ptII/ptolemy/actor/lib/test/auto/MatrixCropBoolean.xml
2 ms. Memory: 425984K Free: 155231K (36%)
----------------- Invoking toplevel() on ptolemy.moml.MoMLSimpleApplication@1763d208
----------------- Done invoking toplevel() on ptolemy.moml.MoMLSimpleApplication@1763d208
reloadAllAccessors: .MatrixCropBoolean

===========================================================================================
----------------- testing Sun May 10 14:20:42 UTC 2020 /home/travis/build/icyphy/ptII/ptolemy/actor/lib/test/auto/MatrixCropComplex.xml
----------------- Instantiating /home/travis/build/icyphy/ptII/ptolemy/actor/lib/test/auto/MatrixCropComplex.xml
2 ms. Memory: 425984K Free: 150111K (35%)
----------------- Invoking toplevel() on ptolemy.moml.MoMLSimpleApplication@1335fdd5
----------------- Done invoking toplevel() on ptolemy.moml.MoMLSimpleApplication@1335fdd5
reloadAllAccessors: .MatrixCropComplex

===========================================================================================
----------------- testing Sun May 10 14:20:42 UTC 2020 /home/travis/build/icyphy/ptII/ptolemy/actor/lib/test/auto/MatrixCropDouble.xml
----------------- Instantiating /home/travis/build/icyphy/ptII/ptolemy/actor/lib/test/auto/MatrixCropDouble.xml
1 ms. Memory: 425984K Free: 145495K (34%)
----------------- Invoking toplevel() on ptolemy.moml.MoMLSimpleApplication@576421dd
----------------- Done invoking toplevel() on ptolemy.moml.MoMLSimpleApplication@576421dd
reloadAllAccessors: .MatrixCropDouble

===========================================================================================
----------------- testing Sun May 10 14:20:42 UTC 2020 /home/travis/build/icyphy/ptII/ptolemy/actor/lib/test/auto/MatrixCropFix.xml
----------------- Instantiating /home/travis/build/icyphy/ptII/ptolemy/actor/lib/test/auto/MatrixCropFix.xml
3 ms. Memory: 425984K Free: 140351K (33%)
----------------- Invoking toplevel() on ptolemy.moml.MoMLSimpleApplication@41b0e011
----------------- Done invoking toplevel() on ptolemy.moml.MoMLSimpleApplication@41b0e011
reloadAllAccessors: .MatrixCropFix

===========================================================================================
----------------- testing Sun May 10 14:20:42 UTC 2020 /home/travis/build/icyphy/ptII/ptolemy/actor/lib/test/auto/MatrixCropInt.xml
----------------- Instantiating /home/travis/build/icyphy/ptII/ptolemy/actor/lib/test/auto/MatrixCropInt.xml
1 ms. Memory: 425984K Free: 135231K (32%)
----------------- Invoking toplevel() on ptolemy.moml.MoMLSimpleApplication@6e19ccfc
----------------- Done invoking toplevel() on ptolemy.moml.MoMLSimpleApplication@6e19ccfc
reloadAllAccessors: .MatrixCropInt

===========================================================================================
----------------- testing Sun May 10 14:20:42 UTC 2020 /home/travis/build/icyphy/ptII/ptolemy/actor/lib/test/auto/MatrixCropLong.xml
----------------- Instantiating /home/travis/build/icyphy/ptII/ptolemy/actor/lib/test/auto/MatrixCropLong.xml
1 ms. Memory: 425984K Free: 130111K (31%)
----------------- Invoking toplevel() on ptolemy.moml.MoMLSimpleApplication@759f0e04
----------------- Done invoking toplevel() on ptolemy.moml.MoMLSimpleApplication@759f0e04
reloadAllAccessors: .MatrixCropLong

===========================================================================================
----------------- testing Sun May 10 14:20:42 UTC 2020 /home/travis/build/icyphy/ptII/ptolemy/actor/lib/test/auto/MatrixToArray.xml
----------------- Instantiating /home/travis/build/icyphy/ptII/ptolemy/actor/lib/test/auto/MatrixToArray.xml
5 ms. Memory: 425984K Free: 367180K (86%)
----------------- Invoking toplevel() on ptolemy.moml.MoMLSimpleApplication@212973f7
----------------- Done invoking toplevel() on ptolemy.moml.MoMLSimpleApplication@212973f7
reloadAllAccessors: .MatrixToArray

===========================================================================================
----------------- testing Sun May 10 14:20:42 UTC 2020 /home/travis/build/icyphy/ptII/ptolemy/actor/lib/test/auto/MaxIndex.xml
----------------- Instantiating /home/travis/build/icyphy/ptII/ptolemy/actor/lib/test/auto/MaxIndex.xml
2 ms. Memory: 425984K Free: 362060K (85%)
----------------- Invoking toplevel() on ptolemy.moml.MoMLSimpleApplication@3747973
----------------- Done invoking toplevel() on ptolemy.moml.MoMLSimpleApplication@3747973
reloadAllAccessors: .MaxIndex

===========================================================================================
----------------- testing Sun May 10 14:20:42 UTC 2020 /home/travis/build/icyphy/ptII/ptolemy/actor/lib/test/auto/Maximum.xml
----------------- Instantiating /home/travis/build/icyphy/ptII/ptolemy/actor/lib/test/auto/Maximum.xml
3 ms. Memory: 425984K Free: 355372K (83%)
----------------- Invoking toplevel() on ptolemy.moml.MoMLSimpleApplication@2edda9bd
----------------- Done invoking toplevel() on ptolemy.moml.MoMLSimpleApplication@2edda9bd
reloadAllAccessors: .Maximum

===========================================================================================
----------------- testing Sun May 10 14:20:42 UTC 2020 /home/travis/build/icyphy/ptII/ptolemy/actor/lib/test/auto/MaximumComplex.xml
----------------- Instantiating /home/travis/build/icyphy/ptII/ptolemy/actor/lib/test/auto/MaximumComplex.xml
3 ms. Memory: 425984K Free: 349244K (82%)
----------------- Invoking toplevel() on ptolemy.moml.MoMLSimpleApplication@9b03c72
----------------- Done invoking toplevel() on ptolemy.moml.MoMLSimpleApplication@9b03c72
reloadAllAccessors: .MaximumComplex

===========================================================================================
----------------- testing Sun May 10 14:20:42 UTC 2020 /home/travis/build/icyphy/ptII/ptolemy/actor/lib/test/auto/MethodCallTest.xml
----------------- Instantiating /home/travis/build/icyphy/ptII/ptolemy/actor/lib/test/auto/MethodCallTest.xml
2 ms. Memory: 425984K Free: 342604K (80%)
----------------- Invoking toplevel() on ptolemy.moml.MoMLSimpleApplication@2fd307f6
----------------- Done invoking toplevel() on ptolemy.moml.MoMLSimpleApplication@2fd307f6
reloadAllAccessors: .MethodCallTest

===========================================================================================
----------------- testing Sun May 10 14:20:42 UTC 2020 /home/travis/build/icyphy/ptII/ptolemy/actor/lib/test/auto/Minimum.xml
----------------- Instantiating /home/travis/build/icyphy/ptII/ptolemy/actor/lib/test/auto/Minimum.xml
1 ms. Memory: 425984K Free: 335946K (79%)
----------------- Invoking toplevel() on ptolemy.moml.MoMLSimpleApplication@558a09b4
----------------- Done invoking toplevel() on ptolemy.moml.MoMLSimpleApplication@558a09b4
reloadAllAccessors: .Minimum

===========================================================================================
----------------- testing Sun May 10 14:20:42 UTC 2020 /home/travis/build/icyphy/ptII/ptolemy/actor/lib/test/auto/MinimumComplex.xml
----------------- Instantiating /home/travis/build/icyphy/ptII/ptolemy/actor/lib/test/auto/MinimumComplex.xml
2 ms. Memory: 425984K Free: 329788K (77%)
----------------- Invoking toplevel() on ptolemy.moml.MoMLSimpleApplication@6f9e86c3
----------------- Done invoking toplevel() on ptolemy.moml.MoMLSimpleApplication@6f9e86c3
reloadAllAccessors: .MinimumComplex

===========================================================================================
----------------- testing Sun May 10 14:20:42 UTC 2020 /home/travis/build/icyphy/ptII/ptolemy/actor/lib/test/auto/MinimumMultiports.xml
----------------- Instantiating /home/travis/build/icyphy/ptII/ptolemy/actor/lib/test/auto/MinimumMultiports.xml
2 ms. Memory: 425984K Free: 321100K (75%)
----------------- Invoking toplevel() on ptolemy.moml.MoMLSimpleApplication@295e4c68
----------------- Done invoking toplevel() on ptolemy.moml.MoMLSimpleApplication@295e4c68
reloadAllAccessors: .MinimumMultiports

===========================================================================================
----------------- testing Sun May 10 14:20:42 UTC 2020 /home/travis/build/icyphy/ptII/ptolemy/actor/lib/test/auto/ModifyDate.xml
----------------- Instantiating /home/travis/build/icyphy/ptII/ptolemy/actor/lib/test/auto/ModifyDate.xml
8 ms. Memory: 425984K Free: 308298K (72%)
----------------- Invoking toplevel() on ptolemy.moml.MoMLSimpleApplication@7b18635d
----------------- Done invoking toplevel() on ptolemy.moml.MoMLSimpleApplication@7b18635d
reloadAllAccessors: .ModifyDate

===========================================================================================
----------------- testing Sun May 10 14:20:42 UTC 2020 /home/travis/build/icyphy/ptII/ptolemy/actor/lib/test/auto/ModifyDate2.xml
----------------- Instantiating /home/travis/build/icyphy/ptII/ptolemy/actor/lib/test/auto/ModifyDate2.xml
2 ms. Memory: 425984K Free: 299596K (70%)
----------------- Invoking toplevel() on ptolemy.moml.MoMLSimpleApplication@1d03b8
----------------- Done invoking toplevel() on ptolemy.moml.MoMLSimpleApplication@1d03b8
reloadAllAccessors: .ModifyDate2

===========================================================================================
----------------- testing Sun May 10 14:20:42 UTC 2020 /home/travis/build/icyphy/ptII/ptolemy/actor/lib/test/auto/MovingAverage.xml
----------------- Instantiating /home/travis/build/icyphy/ptII/ptolemy/actor/lib/test/auto/MovingAverage.xml
3 ms. Memory: 425984K Free: 294476K (69%)
----------------- Invoking toplevel() on ptolemy.moml.MoMLSimpleApplication@1033d4b5
----------------- Done invoking toplevel() on ptolemy.moml.MoMLSimpleApplication@1033d4b5
reloadAllAccessors: .MovingAverage

===========================================================================================
----------------- testing Sun May 10 14:20:42 UTC 2020 /home/travis/build/icyphy/ptII/ptolemy/actor/lib/test/auto/MovingMaximum.xml
----------------- Instantiating /home/travis/build/icyphy/ptII/ptolemy/actor/lib/test/auto/MovingMaximum.xml
1 ms. Memory: 425984K Free: 290380K (68%)
----------------- Invoking toplevel() on ptolemy.moml.MoMLSimpleApplication@58c3dd79
----------------- Done invoking toplevel() on ptolemy.moml.MoMLSimpleApplication@58c3dd79
reloadAllAccessors: .MovingMaximum

===========================================================================================
----------------- testing Sun May 10 14:20:42 UTC 2020 /home/travis/build/icyphy/ptII/ptolemy/actor/lib/test/auto/MultipleLinksToSameRelation.xml
----------------- Instantiating /home/travis/build/icyphy/ptII/ptolemy/actor/lib/test/auto/MultipleLinksToSameRelation.xml
2 ms. Memory: 425984K Free: 286284K (67%)
----------------- Invoking toplevel() on ptolemy.moml.MoMLSimpleApplication@d4f9b94
----------------- Done invoking toplevel() on ptolemy.moml.MoMLSimpleApplication@d4f9b94
reloadAllAccessors: .MultipleLinksToSameRelation

===========================================================================================
----------------- testing Sun May 10 14:20:42 UTC 2020 /home/travis/build/icyphy/ptII/ptolemy/actor/lib/test/auto/MultipleLinksToSameRelationDE.xml
----------------- Instantiating /home/travis/build/icyphy/ptII/ptolemy/actor/lib/test/auto/MultipleLinksToSameRelationDE.xml
8 ms. Memory: 425984K Free: 281660K (66%)
----------------- Invoking toplevel() on ptolemy.moml.MoMLSimpleApplication@2e2513e4
----------------- Done invoking toplevel() on ptolemy.moml.MoMLSimpleApplication@2e2513e4
reloadAllAccessors: .MultipleLinksToSameRelationDE

===========================================================================================
----------------- testing Sun May 10 14:20:42 UTC 2020 /home/travis/build/icyphy/ptII/ptolemy/actor/lib/test/auto/Multiplexor.xml
----------------- Instantiating /home/travis/build/icyphy/ptII/ptolemy/actor/lib/test/auto/Multiplexor.xml
1 ms. Memory: 425984K Free: 276044K (65%)
----------------- Invoking toplevel() on ptolemy.moml.MoMLSimpleApplication@b46b4b2
----------------- Done invoking toplevel() on ptolemy.moml.MoMLSimpleApplication@b46b4b2
reloadAllAccessors: .Multiplexor

===========================================================================================
----------------- testing Sun May 10 14:20:42 UTC 2020 /home/travis/build/icyphy/ptII/ptolemy/actor/lib/test/auto/Multiplexor1.xml
----------------- Instantiating /home/travis/build/icyphy/ptII/ptolemy/actor/lib/test/auto/Multiplexor1.xml
2 ms. Memory: 425984K Free: 270404K (63%)
----------------- Invoking toplevel() on ptolemy.moml.MoMLSimpleApplication@58dd3704
----------------- Done invoking toplevel() on ptolemy.moml.MoMLSimpleApplication@58dd3704
reloadAllAccessors: .Multiplexor1

===========================================================================================
----------------- testing Sun May 10 14:20:42 UTC 2020 /home/travis/build/icyphy/ptII/ptolemy/actor/lib/test/auto/Multiplexor2.xml
----------------- Instantiating /home/travis/build/icyphy/ptII/ptolemy/actor/lib/test/auto/Multiplexor2.xml
5 ms. Memory: 425984K Free: 263756K (62%)
----------------- Invoking toplevel() on ptolemy.moml.MoMLSimpleApplication@150980be
----------------- Done invoking toplevel() on ptolemy.moml.MoMLSimpleApplication@150980be
reloadAllAccessors: .Multiplexor2

===========================================================================================
----------------- testing Sun May 10 14:20:42 UTC 2020 /home/travis/build/icyphy/ptII/ptolemy/actor/lib/test/auto/Multiplexor3.xml
----------------- Instantiating /home/travis/build/icyphy/ptII/ptolemy/actor/lib/test/auto/Multiplexor3.xml
2 ms. Memory: 425984K Free: 259660K (61%)
----------------- Invoking toplevel() on ptolemy.moml.MoMLSimpleApplication@4c6035d5
----------------- Done invoking toplevel() on ptolemy.moml.MoMLSimpleApplication@4c6035d5
reloadAllAccessors: .Multiplexor3

===========================================================================================
----------------- testing Sun May 10 14:20:42 UTC 2020 /home/travis/build/icyphy/ptII/ptolemy/actor/lib/test/auto/MultiplexorDE.xml
----------------- Instantiating /home/travis/build/icyphy/ptII/ptolemy/actor/lib/test/auto/MultiplexorDE.xml
3 ms. Memory: 425984K Free: 251948K (59%)
----------------- Invoking toplevel() on ptolemy.moml.MoMLSimpleApplication@372868b6
----------------- Done invoking toplevel() on ptolemy.moml.MoMLSimpleApplication@372868b6
reloadAllAccessors: .MultiplexorDE

===========================================================================================
----------------- testing Sun May 10 14:20:42 UTC 2020 /home/travis/build/icyphy/ptII/ptolemy/actor/lib/test/auto/MultiportBroadcastTest.xml
----------------- Instantiating /home/travis/build/icyphy/ptII/ptolemy/actor/lib/test/auto/MultiportBroadcastTest.xml
83 ms. Memory: 425984K Free: 245324K (58%)
----------------- Invoking toplevel() on ptolemy.moml.MoMLSimpleApplication@2eb14737
----------------- Done invoking toplevel() on ptolemy.moml.MoMLSimpleApplication@2eb14737
reloadAllAccessors: .MultiportBroadcastTest

===========================================================================================
----------------- testing Sun May 10 14:20:42 UTC 2020 /home/travis/build/icyphy/ptII/ptolemy/actor/lib/test/auto/MultiportOutHangDuringGetWidth.xml
----------------- Instantiating /home/travis/build/icyphy/ptII/ptolemy/actor/lib/test/auto/MultiportOutHangDuringGetWidth.xml
4 ms. Memory: 425984K Free: 233532K (55%)
----------------- Invoking toplevel() on ptolemy.moml.MoMLSimpleApplication@770eb1bb
----------------- Done invoking toplevel() on ptolemy.moml.MoMLSimpleApplication@770eb1bb
reloadAllAccessors: .MultiportOutHangDuringGetWidth

===========================================================================================
----------------- testing Sun May 10 14:20:42 UTC 2020 /home/travis/build/icyphy/ptII/ptolemy/actor/lib/test/auto/NilToken.xml
----------------- Instantiating /home/travis/build/icyphy/ptII/ptolemy/actor/lib/test/auto/NilToken.xml
1 ms. Memory: 425984K Free: 229450K (54%)
----------------- Invoking toplevel() on ptolemy.moml.MoMLSimpleApplication@397b3a85
----------------- Done invoking toplevel() on ptolemy.moml.MoMLSimpleApplication@397b3a85
reloadAllAccessors: .NilToken

===========================================================================================
----------------- testing Sun May 10 14:20:42 UTC 2020 /home/travis/build/icyphy/ptII/ptolemy/actor/lib/test/auto/NilTokenNonStrictTest.xml
----------------- Instantiating /home/travis/build/icyphy/ptII/ptolemy/actor/lib/test/auto/NilTokenNonStrictTest.xml
1 ms. Memory: 425984K Free: 224330K (53%)
----------------- Invoking toplevel() on ptolemy.moml.MoMLSimpleApplication@46def007
----------------- Done invoking toplevel() on ptolemy.moml.MoMLSimpleApplication@46def007
reloadAllAccessors: .NilTokenNonStrictTest

===========================================================================================
----------------- testing Sun May 10 14:20:42 UTC 2020 /home/travis/build/icyphy/ptII/ptolemy/actor/lib/test/auto/NilTokenRecord.xml
----------------- Instantiating /home/travis/build/icyphy/ptII/ptolemy/actor/lib/test/auto/NilTokenRecord.xml
5 ms. Memory: 425984K Free: 217676K (51%)
----------------- Invoking toplevel() on ptolemy.moml.MoMLSimpleApplication@5d9af004
----------------- Done invoking toplevel() on ptolemy.moml.MoMLSimpleApplication@5d9af004
reloadAllAccessors: .NilTokenRecord

===========================================================================================
----------------- testing Sun May 10 14:20:42 UTC 2020 /home/travis/build/icyphy/ptII/ptolemy/actor/lib/test/auto/NilTokenTypeTest.xml
----------------- Instantiating /home/travis/build/icyphy/ptII/ptolemy/actor/lib/test/auto/NilTokenTypeTest.xml
5 ms. Memory: 425984K Free: 207946K (49%)
----------------- Invoking toplevel() on ptolemy.moml.MoMLSimpleApplication@4537f0ad
----------------- Done invoking toplevel() on ptolemy.moml.MoMLSimpleApplication@4537f0ad
reloadAllAccessors: .NilTokenTypeTest

===========================================================================================
----------------- testing Sun May 10 14:20:42 UTC 2020 /home/travis/build/icyphy/ptII/ptolemy/actor/lib/test/auto/ObjectToken1.xml
----------------- Instantiating /home/travis/build/icyphy/ptII/ptolemy/actor/lib/test/auto/ObjectToken1.xml
2 ms. Memory: 425984K Free: 203850K (48%)
----------------- Invoking toplevel() on ptolemy.moml.MoMLSimpleApplication@267eebdc
----------------- Done invoking toplevel() on ptolemy.moml.MoMLSimpleApplication@267eebdc
reloadAllAccessors: .ObjectToken1

===========================================================================================
----------------- testing Sun May 10 14:20:42 UTC 2020 /home/travis/build/icyphy/ptII/ptolemy/actor/lib/test/auto/OrderedMerge.xml
----------------- Instantiating /home/travis/build/icyphy/ptII/ptolemy/actor/lib/test/auto/OrderedMerge.xml
9 ms. Memory: 425984K Free: 198220K (47%)
----------------- Invoking toplevel() on ptolemy.moml.MoMLSimpleApplication@1f6ad009
----------------- Done invoking toplevel() on ptolemy.moml.MoMLSimpleApplication@1f6ad009
reloadAllAccessors: .OrderedMerge

===========================================================================================
----------------- testing Sun May 10 14:20:42 UTC 2020 /home/travis/build/icyphy/ptII/ptolemy/actor/lib/test/auto/OrderedRecordDisassembler.xml
----------------- Instantiating /home/travis/build/icyphy/ptII/ptolemy/actor/lib/test/auto/OrderedRecordDisassembler.xml
2 ms. Memory: 425984K Free: 193100K (45%)
----------------- Invoking toplevel() on ptolemy.moml.MoMLSimpleApplication@6b671a95
----------------- Done invoking toplevel() on ptolemy.moml.MoMLSimpleApplication@6b671a95
reloadAllAccessors: .OrderedRecordDisassembler

===========================================================================================
----------------- testing Sun May 10 14:20:42 UTC 2020 /home/travis/build/icyphy/ptII/ptolemy/actor/lib/test/auto/OrderedRecordDisassembler2.xml
----------------- Instantiating /home/travis/build/icyphy/ptII/ptolemy/actor/lib/test/auto/OrderedRecordDisassembler2.xml
3 ms. Memory: 425984K Free: 185418K (44%)
----------------- Invoking toplevel() on ptolemy.moml.MoMLSimpleApplication@6975f171
----------------- Done invoking toplevel() on ptolemy.moml.MoMLSimpleApplication@6975f171
reloadAllAccessors: .OrderedRecordDisassembler2

===========================================================================================
----------------- testing Sun May 10 14:20:42 UTC 2020 /home/travis/build/icyphy/ptII/ptolemy/actor/lib/test/auto/OrderedRecordUpdater.xml
----------------- Instantiating /home/travis/build/icyphy/ptII/ptolemy/actor/lib/test/auto/OrderedRecordUpdater.xml
1 ms. Memory: 425984K Free: 180298K (42%)
----------------- Invoking toplevel() on ptolemy.moml.MoMLSimpleApplication@1b610744
----------------- Done invoking toplevel() on ptolemy.moml.MoMLSimpleApplication@1b610744
reloadAllAccessors: .RecordUpdater

===========================================================================================
----------------- testing Sun May 10 14:20:42 UTC 2020 /home/travis/build/icyphy/ptII/ptolemy/actor/lib/test/auto/OrderedRecordUpdater2.xml
----------------- Instantiating /home/travis/build/icyphy/ptII/ptolemy/actor/lib/test/auto/OrderedRecordUpdater2.xml
2 ms. Memory: 425984K Free: 175178K (41%)
----------------- Invoking toplevel() on ptolemy.moml.MoMLSimpleApplication@38fcc52b
----------------- Done invoking toplevel() on ptolemy.moml.MoMLSimpleApplication@38fcc52b
reloadAllAccessors: .RecordUpdater2

===========================================================================================
----------------- testing Sun May 10 14:20:42 UTC 2020 /home/travis/build/icyphy/ptII/ptolemy/actor/lib/test/auto/PhaseUnwrap.xml
----------------- Instantiating /home/travis/build/icyphy/ptII/ptolemy/actor/lib/test/auto/PhaseUnwrap.xml
2 ms. Memory: 425984K Free: 170572K (40%)
----------------- Invoking toplevel() on ptolemy.moml.MoMLSimpleApplication@655b686d
----------------- Done invoking toplevel() on ptolemy.moml.MoMLSimpleApplication@655b686d
reloadAllAccessors: .PhaseUnwrap

===========================================================================================
----------------- testing Sun May 10 14:20:42 UTC 2020 /home/travis/build/icyphy/ptII/ptolemy/actor/lib/test/auto/PoissonClock.xml
----------------- Instantiating /home/travis/build/icyphy/ptII/ptolemy/actor/lib/test/auto/PoissonClock.xml
1 ms. Memory: 425984K Free: 166476K (39%)
----------------- Invoking toplevel() on ptolemy.moml.MoMLSimpleApplication@e299662
----------------- Done invoking toplevel() on ptolemy.moml.MoMLSimpleApplication@e299662
reloadAllAccessors: .PoissonClock

===========================================================================================
----------------- testing Sun May 10 14:20:42 UTC 2020 /home/travis/build/icyphy/ptII/ptolemy/actor/lib/test/auto/PoissonClock2.xml
----------------- Instantiating /home/travis/build/icyphy/ptII/ptolemy/actor/lib/test/auto/PoissonClock2.xml
1 ms. Memory: 425984K Free: 162378K (38%)
----------------- Invoking toplevel() on ptolemy.moml.MoMLSimpleApplication@56545df4
----------------- Done invoking toplevel() on ptolemy.moml.MoMLSimpleApplication@56545df4
reloadAllAccessors: .PoissonClock2

===========================================================================================
----------------- testing Sun May 10 14:20:42 UTC 2020 /home/travis/build/icyphy/ptII/ptolemy/actor/lib/test/auto/PoissonClock3.xml
----------------- Instantiating /home/travis/build/icyphy/ptII/ptolemy/actor/lib/test/auto/PoissonClock3.xml
1 ms. Memory: 425984K Free: 157770K (37%)
----------------- Invoking toplevel() on ptolemy.moml.MoMLSimpleApplication@75b4a667
----------------- Done invoking toplevel() on ptolemy.moml.MoMLSimpleApplication@75b4a667
reloadAllAccessors: .PoissonClock3

===========================================================================================
----------------- testing Sun May 10 14:20:42 UTC 2020 /home/travis/build/icyphy/ptII/ptolemy/actor/lib/test/auto/PubSubWithInitialTokens.xml
----------------- Instantiating /home/travis/build/icyphy/ptII/ptolemy/actor/lib/test/auto/PubSubWithInitialTokens.xml
1 ms. Memory: 425984K Free: 152140K (36%)
----------------- Invoking toplevel() on ptolemy.moml.MoMLSimpleApplication@2ccecfeb
----------------- Done invoking toplevel() on ptolemy.moml.MoMLSimpleApplication@2ccecfeb
reloadAllAccessors: .PubSubWithInitialTokens

===========================================================================================
----------------- testing Sun May 10 14:20:42 UTC 2020 /home/travis/build/icyphy/ptII/ptolemy/actor/lib/test/auto/PubSubWithInitialTokens2.xml
----------------- Instantiating /home/travis/build/icyphy/ptII/ptolemy/actor/lib/test/auto/PubSubWithInitialTokens2.xml
1 ms. Memory: 425984K Free: 145996K (34%)
----------------- Invoking toplevel() on ptolemy.moml.MoMLSimpleApplication@78d5bca1
----------------- Done invoking toplevel() on ptolemy.moml.MoMLSimpleApplication@78d5bca1
reloadAllAccessors: .PubSubWithInitialTokens2

===========================================================================================
----------------- testing Sun May 10 14:20:42 UTC 2020 /home/travis/build/icyphy/ptII/ptolemy/actor/lib/test/auto/PublisherClassNoParameter.xml
----------------- Instantiating /home/travis/build/icyphy/ptII/ptolemy/actor/lib/test/auto/PublisherClassNoParameter.xml
1 ms. Memory: 425984K Free: 135756K (32%)
----------------- Invoking toplevel() on ptolemy.moml.MoMLSimpleApplication@63a75f55
----------------- Done invoking toplevel() on ptolemy.moml.MoMLSimpleApplication@63a75f55
reloadAllAccessors: .PublisherClassNoParameter

===========================================================================================
----------------- testing Sun May 10 14:20:42 UTC 2020 /home/travis/build/icyphy/ptII/ptolemy/actor/lib/test/auto/PublisherClassParameter.xml
----------------- Instantiating /home/travis/build/icyphy/ptII/ptolemy/actor/lib/test/auto/PublisherClassParameter.xml
2 ms. Memory: 425984K Free: 125516K (29%)
----------------- Invoking toplevel() on ptolemy.moml.MoMLSimpleApplication@356a8c93
----------------- Done invoking toplevel() on ptolemy.moml.MoMLSimpleApplication@356a8c93
reloadAllAccessors: .PublisherClassParameter

===========================================================================================
----------------- testing Sun May 10 14:20:42 UTC 2020 /home/travis/build/icyphy/ptII/ptolemy/actor/lib/test/auto/PublisherNonStrictTest.xml
----------------- Instantiating /home/travis/build/icyphy/ptII/ptolemy/actor/lib/test/auto/PublisherNonStrictTest.xml
3 ms. Memory: 425984K Free: 369440K (87%)
----------------- Invoking toplevel() on ptolemy.moml.MoMLSimpleApplication@2d0334e3
----------------- Done invoking toplevel() on ptolemy.moml.MoMLSimpleApplication@2d0334e3
reloadAllAccessors: .PublisherNonStrictTest

===========================================================================================
----------------- testing Sun May 10 14:20:42 UTC 2020 /home/travis/build/icyphy/ptII/ptolemy/actor/lib/test/auto/PublisherPort1.xml
----------------- Instantiating /home/travis/build/icyphy/ptII/ptolemy/actor/lib/test/auto/PublisherPort1.xml
12 ms. Memory: 425984K Free: 363816K (85%)
----------------- Invoking toplevel() on ptolemy.moml.MoMLSimpleApplication@a93591
----------------- Done invoking toplevel() on ptolemy.moml.MoMLSimpleApplication@a93591
reloadAllAccessors: .PublisherPort1

===========================================================================================
----------------- testing Sun May 10 14:20:42 UTC 2020 /home/travis/build/icyphy/ptII/ptolemy/actor/lib/test/auto/PublisherPort2.xml
----------------- Instantiating /home/travis/build/icyphy/ptII/ptolemy/actor/lib/test/auto/PublisherPort2.xml
2 ms. Memory: 425984K Free: 358696K (84%)
----------------- Invoking toplevel() on ptolemy.moml.MoMLSimpleApplication@f62c4c1
----------------- Done invoking toplevel() on ptolemy.moml.MoMLSimpleApplication@f62c4c1
reloadAllAccessors: .PublisherPort2

===========================================================================================
----------------- testing Sun May 10 14:20:42 UTC 2020 /home/travis/build/icyphy/ptII/ptolemy/actor/lib/test/auto/PublisherPort3.xml
----------------- Instantiating /home/travis/build/icyphy/ptII/ptolemy/actor/lib/test/auto/PublisherPort3.xml
2 ms. Memory: 425984K Free: 352008K (83%)
----------------- Invoking toplevel() on ptolemy.moml.MoMLSimpleApplication@46cc6df7
----------------- Done invoking toplevel() on ptolemy.moml.MoMLSimpleApplication@46cc6df7
reloadAllAccessors: .PublisherPort3

===========================================================================================
----------------- testing Sun May 10 14:20:43 UTC 2020 /home/travis/build/icyphy/ptII/ptolemy/actor/lib/test/auto/PublisherPort4.xml
----------------- Instantiating /home/travis/build/icyphy/ptII/ptolemy/actor/lib/test/auto/PublisherPort4.xml
1 ms. Memory: 425984K Free: 346408K (81%)
----------------- Invoking toplevel() on ptolemy.moml.MoMLSimpleApplication@77aa0e92
----------------- Done invoking toplevel() on ptolemy.moml.MoMLSimpleApplication@77aa0e92
reloadAllAccessors: .PublisherPort4

===========================================================================================
----------------- testing Sun May 10 14:20:43 UTC 2020 /home/travis/build/icyphy/ptII/ptolemy/actor/lib/test/auto/PublisherPort5.xml
----------------- Instantiating /home/travis/build/icyphy/ptII/ptolemy/actor/lib/test/auto/PublisherPort5.xml
4 ms. Memory: 425984K Free: 338726K (80%)
----------------- Invoking toplevel() on ptolemy.moml.MoMLSimpleApplication@a5989c1
----------------- Done invoking toplevel() on ptolemy.moml.MoMLSimpleApplication@a5989c1
reloadAllAccessors: .PublisherPort5

===========================================================================================
----------------- testing Sun May 10 14:20:43 UTC 2020 /home/travis/build/icyphy/ptII/ptolemy/actor/lib/test/auto/PublisherPort5LookAlike.xml
----------------- Instantiating /home/travis/build/icyphy/ptII/ptolemy/actor/lib/test/auto/PublisherPort5LookAlike.xml
6 ms. Memory: 425984K Free: 331048K (78%)
----------------- Invoking toplevel() on ptolemy.moml.MoMLSimpleApplication@362f5e3c
----------------- Done invoking toplevel() on ptolemy.moml.MoMLSimpleApplication@362f5e3c
reloadAllAccessors: .PublisherPort5LookAlike

===========================================================================================
----------------- testing Sun May 10 14:20:43 UTC 2020 /home/travis/build/icyphy/ptII/ptolemy/actor/lib/test/auto/PublisherPort6.xml
----------------- Instantiating /home/travis/build/icyphy/ptII/ptolemy/actor/lib/test/auto/PublisherPort6.xml
1 ms. Memory: 425984K Free: 324376K (76%)
----------------- Invoking toplevel() on ptolemy.moml.MoMLSimpleApplication@3a75d516
----------------- Done invoking toplevel() on ptolemy.moml.MoMLSimpleApplication@3a75d516
reloadAllAccessors: .PublisherPort6

===========================================================================================
----------------- testing Sun May 10 14:20:43 UTC 2020 /home/travis/build/icyphy/ptII/ptolemy/actor/lib/test/auto/PublisherPort7.xml
----------------- Instantiating /home/travis/build/icyphy/ptII/ptolemy/actor/lib/test/auto/PublisherPort7.xml
3 ms. Memory: 425984K Free: 316712K (74%)
----------------- Invoking toplevel() on ptolemy.moml.MoMLSimpleApplication@7f4166c9
----------------- Done invoking toplevel() on ptolemy.moml.MoMLSimpleApplication@7f4166c9
reloadAllAccessors: .PublisherPort7

===========================================================================================
----------------- testing Sun May 10 14:20:43 UTC 2020 /home/travis/build/icyphy/ptII/ptolemy/actor/lib/test/auto/PublisherPort8.xml
----------------- Instantiating /home/travis/build/icyphy/ptII/ptolemy/actor/lib/test/auto/PublisherPort8.xml
10 ms. Memory: 425984K Free: 308006K (72%)
----------------- Invoking toplevel() on ptolemy.moml.MoMLSimpleApplication@3b938af9
----------------- Done invoking toplevel() on ptolemy.moml.MoMLSimpleApplication@3b938af9
reloadAllAccessors: .PublisherPort8

===========================================================================================
----------------- testing Sun May 10 14:20:43 UTC 2020 /home/travis/build/icyphy/ptII/ptolemy/actor/lib/test/auto/PublisherPortSubscriberChannelVariablesAOC2.xml
----------------- Instantiating /home/travis/build/icyphy/ptII/ptolemy/actor/lib/test/auto/PublisherPortSubscriberChannelVariablesAOC2.xml
2 ms. Memory: 425984K Free: 291112K (68%)
----------------- Invoking toplevel() on ptolemy.moml.MoMLSimpleApplication@45394598
----------------- Done invoking toplevel() on ptolemy.moml.MoMLSimpleApplication@45394598
reloadAllAccessors: .PublisherPortSubscriberChannelVariablesAOC2

===========================================================================================
----------------- testing Sun May 10 14:20:43 UTC 2020 /home/travis/build/icyphy/ptII/ptolemy/actor/lib/test/auto/PublisherPortSubscriberOpaqueWidthInference.xml
----------------- Instantiating /home/travis/build/icyphy/ptII/ptolemy/actor/lib/test/auto/PublisherPortSubscriberOpaqueWidthInference.xml
3 ms. Memory: 425984K Free: 283400K (67%)
----------------- Invoking toplevel() on ptolemy.moml.MoMLSimpleApplication@9418e60
----------------- Done invoking toplevel() on ptolemy.moml.MoMLSimpleApplication@9418e60
reloadAllAccessors: .PublisherPortSubscriberOpaqueWidthInference

===========================================================================================
----------------- testing Sun May 10 14:20:43 UTC 2020 /home/travis/build/icyphy/ptII/ptolemy/actor/lib/test/auto/PublisherPortSubscriberPortAdjacent.xml
----------------- Instantiating /home/travis/build/icyphy/ptII/ptolemy/actor/lib/test/auto/PublisherPortSubscriberPortAdjacent.xml
2 ms. Memory: 425984K Free: 274728K (64%)
----------------- Invoking toplevel() on ptolemy.moml.MoMLSimpleApplication@71a6c436
----------------- Done invoking toplevel() on ptolemy.moml.MoMLSimpleApplication@71a6c436
reloadAllAccessors: .PublisherPortSubscriberPortAdjacent

===========================================================================================
----------------- testing Sun May 10 14:20:43 UTC 2020 /home/travis/build/icyphy/ptII/ptolemy/actor/lib/test/auto/PublisherPortSubscriberPortExpression.xml
----------------- Instantiating /home/travis/build/icyphy/ptII/ptolemy/actor/lib/test/auto/PublisherPortSubscriberPortExpression.xml
7 ms. Memory: 425984K Free: 266536K (63%)
----------------- Invoking toplevel() on ptolemy.moml.MoMLSimpleApplication@30abb5c6
----------------- Done invoking toplevel() on ptolemy.moml.MoMLSimpleApplication@30abb5c6
reloadAllAccessors: .PublisherPortSubscriberPortExpression

===========================================================================================
----------------- testing Sun May 10 14:20:43 UTC 2020 /home/travis/build/icyphy/ptII/ptolemy/actor/lib/test/auto/PublisherPortSubscriberPortOpaqueD3Reverse.xml
----------------- Instantiating /home/travis/build/icyphy/ptII/ptolemy/actor/lib/test/auto/PublisherPortSubscriberPortOpaqueD3Reverse.xml
7 ms. Memory: 425984K Free: 256296K (60%)
----------------- Invoking toplevel() on ptolemy.moml.MoMLSimpleApplication@787d1a57
----------------- Done invoking toplevel() on ptolemy.moml.MoMLSimpleApplication@787d1a57
reloadAllAccessors: .PublisherPortSubscriberPortOpaqueD3Reverse

===========================================================================================
----------------- testing Sun May 10 14:20:43 UTC 2020 /home/travis/build/icyphy/ptII/ptolemy/actor/lib/test/auto/PublisherPortSubscriberPortOpaqueWidthInference.xml
----------------- Instantiating /home/travis/build/icyphy/ptII/ptolemy/actor/lib/test/auto/PublisherPortSubscriberPortOpaqueWidthInference.xml
3 ms. Memory: 425984K Free: 248600K (58%)
----------------- Invoking toplevel() on ptolemy.moml.MoMLSimpleApplication@be1a5fd
----------------- Done invoking toplevel() on ptolemy.moml.MoMLSimpleApplication@be1a5fd
reloadAllAccessors: .PublisherPortSubscriberPortOpaqueWidthInference

===========================================================================================
----------------- testing Sun May 10 14:20:43 UTC 2020 /home/travis/build/icyphy/ptII/ptolemy/actor/lib/test/auto/PublisherPortToplevelSubscriberPortAOC.xml
----------------- Instantiating /home/travis/build/icyphy/ptII/ptolemy/actor/lib/test/auto/PublisherPortToplevelSubscriberPortAOC.xml
.PublisherPortToplevelSubscriberPortAOC.TestExceptionAttribute: initialize() was not invoked, but wrapup() was.  This is unusual, but not always a problem.  For example, exporting JNLP will do this.
0 ms. Memory: 425984K Free: 242984K (57%)
----------------- Invoking toplevel() on ptolemy.moml.MoMLSimpleApplication@7a16420a
----------------- Done invoking toplevel() on ptolemy.moml.MoMLSimpleApplication@7a16420a
reloadAllAccessors: .PublisherPortToplevelSubscriberPortAOC

===========================================================================================
----------------- testing Sun May 10 14:20:43 UTC 2020 /home/travis/build/icyphy/ptII/ptolemy/actor/lib/test/auto/PublisherSubscriber.xml
----------------- Instantiating /home/travis/build/icyphy/ptII/ptolemy/actor/lib/test/auto/PublisherSubscriber.xml
9 ms. Memory: 425984K Free: 235816K (55%)
----------------- Invoking toplevel() on ptolemy.moml.MoMLSimpleApplication@11e3b61f
----------------- Done invoking toplevel() on ptolemy.moml.MoMLSimpleApplication@11e3b61f
reloadAllAccessors: .PublisherSubscriber

===========================================================================================
----------------- testing Sun May 10 14:20:43 UTC 2020 /home/travis/build/icyphy/ptII/ptolemy/actor/lib/test/auto/PublisherSubscriber10.xml
----------------- Instantiating /home/travis/build/icyphy/ptII/ptolemy/actor/lib/test/auto/PublisherSubscriber10.xml
5 ms. Memory: 425984K Free: 226086K (53%)
----------------- Invoking toplevel() on ptolemy.moml.MoMLSimpleApplication@3f7c428
----------------- Done invoking toplevel() on ptolemy.moml.MoMLSimpleApplication@3f7c428
reloadAllAccessors: .PublisherSubscriber10

===========================================================================================
----------------- testing Sun May 10 14:20:43 UTC 2020 /home/travis/build/icyphy/ptII/ptolemy/actor/lib/test/auto/PublisherSubscriber10InitialOutputs.xml
----------------- Instantiating /home/travis/build/icyphy/ptII/ptolemy/actor/lib/test/auto/PublisherSubscriber10InitialOutputs.xml
5 ms. Memory: 425984K Free: 216870K (51%)
----------------- Invoking toplevel() on ptolemy.moml.MoMLSimpleApplication@6b22b976
----------------- Done invoking toplevel() on ptolemy.moml.MoMLSimpleApplication@6b22b976
reloadAllAccessors: .PublisherSubscriber10InitialOutputs

===========================================================================================
----------------- testing Sun May 10 14:20:43 UTC 2020 /home/travis/build/icyphy/ptII/ptolemy/actor/lib/test/auto/PublisherSubscriber11.xml
----------------- Instantiating /home/travis/build/icyphy/ptII/ptolemy/actor/lib/test/auto/PublisherSubscriber11.xml
2 ms. Memory: 425984K Free: 210696K (49%)
----------------- Invoking toplevel() on ptolemy.moml.MoMLSimpleApplication@54579b26
----------------- Done invoking toplevel() on ptolemy.moml.MoMLSimpleApplication@54579b26
reloadAllAccessors: .PublisherSubscriber11

===========================================================================================
----------------- testing Sun May 10 14:20:43 UTC 2020 /home/travis/build/icyphy/ptII/ptolemy/actor/lib/test/auto/PublisherSubscriber12.xml
----------------- Instantiating /home/travis/build/icyphy/ptII/ptolemy/actor/lib/test/auto/PublisherSubscriber12.xml
4 ms. Memory: 425984K Free: 203048K (48%)
----------------- Invoking toplevel() on ptolemy.moml.MoMLSimpleApplication@3f94dff
----------------- Done invoking toplevel() on ptolemy.moml.MoMLSimpleApplication@3f94dff
reloadAllAccessors: .PublisherSubscriber12

===========================================================================================
----------------- testing Sun May 10 14:20:43 UTC 2020 /home/travis/build/icyphy/ptII/ptolemy/actor/lib/test/auto/PublisherSubscriber13.xml
----------------- Instantiating /home/travis/build/icyphy/ptII/ptolemy/actor/lib/test/auto/PublisherSubscriber13.xml
2 ms. Memory: 425984K Free: 197384K (46%)
----------------- Invoking toplevel() on ptolemy.moml.MoMLSimpleApplication@4c6e7d9f
----------------- Done invoking toplevel() on ptolemy.moml.MoMLSimpleApplication@4c6e7d9f
reloadAllAccessors: .PublisherSubscriber13

===========================================================================================
----------------- testing Sun May 10 14:20:43 UTC 2020 /home/travis/build/icyphy/ptII/ptolemy/actor/lib/test/auto/PublisherSubscriber14.xml
----------------- Instantiating /home/travis/build/icyphy/ptII/ptolemy/actor/lib/test/auto/PublisherSubscriber14.xml
2 ms. Memory: 425984K Free: 188712K (44%)
----------------- Invoking toplevel() on ptolemy.moml.MoMLSimpleApplication@2db5bc05
----------------- Done invoking toplevel() on ptolemy.moml.MoMLSimpleApplication@2db5bc05
reloadAllAccessors: .PublisherSubscriber14

===========================================================================================
----------------- testing Sun May 10 14:20:43 UTC 2020 /home/travis/build/icyphy/ptII/ptolemy/actor/lib/test/auto/PublisherSubscriber2.xml
----------------- Instantiating /home/travis/build/icyphy/ptII/ptolemy/actor/lib/test/auto/PublisherSubscriber2.xml
2 ms. Memory: 425984K Free: 183048K (43%)
----------------- Invoking toplevel() on ptolemy.moml.MoMLSimpleApplication@2576e0e8
----------------- Done invoking toplevel() on ptolemy.moml.MoMLSimpleApplication@2576e0e8
reloadAllAccessors: .PublisherSubscriber2

===========================================================================================
----------------- testing Sun May 10 14:20:43 UTC 2020 /home/travis/build/icyphy/ptII/ptolemy/actor/lib/test/auto/PublisherSubscriber3.xml
----------------- Instantiating /home/travis/build/icyphy/ptII/ptolemy/actor/lib/test/auto/PublisherSubscriber3.xml
1 ms. Memory: 425984K Free: 177448K (42%)
----------------- Invoking toplevel() on ptolemy.moml.MoMLSimpleApplication@7bc0bf93
----------------- Done invoking toplevel() on ptolemy.moml.MoMLSimpleApplication@7bc0bf93
reloadAllAccessors: .PublisherSubscriber3

===========================================================================================
----------------- testing Sun May 10 14:20:43 UTC 2020 /home/travis/build/icyphy/ptII/ptolemy/actor/lib/test/auto/PublisherSubscriber4.xml
----------------- Instantiating /home/travis/build/icyphy/ptII/ptolemy/actor/lib/test/auto/PublisherSubscriber4.xml
1 ms. Memory: 425984K Free: 172328K (40%)
----------------- Invoking toplevel() on ptolemy.moml.MoMLSimpleApplication@1513673
----------------- Done invoking toplevel() on ptolemy.moml.MoMLSimpleApplication@1513673
reloadAllAccessors: .PublisherSubscriber4

===========================================================================================
----------------- testing Sun May 10 14:20:43 UTC 2020 /home/travis/build/icyphy/ptII/ptolemy/actor/lib/test/auto/PublisherSubscriber5.xml
----------------- Instantiating /home/travis/build/icyphy/ptII/ptolemy/actor/lib/test/auto/PublisherSubscriber5.xml
1 ms. Memory: 425984K Free: 165656K (39%)
----------------- Invoking toplevel() on ptolemy.moml.MoMLSimpleApplication@37372f90
----------------- Done invoking toplevel() on ptolemy.moml.MoMLSimpleApplication@37372f90
reloadAllAccessors: .PublisherSubscriber5

===========================================================================================
----------------- testing Sun May 10 14:20:43 UTC 2020 /home/travis/build/icyphy/ptII/ptolemy/actor/lib/test/auto/PublisherSubscriber6.xml
----------------- Instantiating /home/travis/build/icyphy/ptII/ptolemy/actor/lib/test/auto/PublisherSubscriber6.xml
4 ms. Memory: 425984K Free: 159016K (37%)
----------------- Invoking toplevel() on ptolemy.moml.MoMLSimpleApplication@34b20c14
----------------- Done invoking toplevel() on ptolemy.moml.MoMLSimpleApplication@34b20c14
reloadAllAccessors: .PublisherSubscriber6

===========================================================================================
----------------- testing Sun May 10 14:20:43 UTC 2020 /home/travis/build/icyphy/ptII/ptolemy/actor/lib/test/auto/PublisherSubscriber7.xml
----------------- Instantiating /home/travis/build/icyphy/ptII/ptolemy/actor/lib/test/auto/PublisherSubscriber7.xml
6 ms. Memory: 425984K Free: 152358K (36%)
----------------- Invoking toplevel() on ptolemy.moml.MoMLSimpleApplication@241206f5
----------------- Done invoking toplevel() on ptolemy.moml.MoMLSimpleApplication@241206f5
reloadAllAccessors: .PublisherSubscriber7

===========================================================================================
----------------- testing Sun May 10 14:20:43 UTC 2020 /home/travis/build/icyphy/ptII/ptolemy/actor/lib/test/auto/PublisherSubscriber8.xml
----------------- Instantiating /home/travis/build/icyphy/ptII/ptolemy/actor/lib/test/auto/PublisherSubscriber8.xml
16 ms. Memory: 425984K Free: 140584K (33%)
----------------- Invoking toplevel() on ptolemy.moml.MoMLSimpleApplication@32a3177a
----------------- Done invoking toplevel() on ptolemy.moml.MoMLSimpleApplication@32a3177a
reloadAllAccessors: .PublisherSubscriber8

===========================================================================================
----------------- testing Sun May 10 14:20:43 UTC 2020 /home/travis/build/icyphy/ptII/ptolemy/actor/lib/test/auto/PublisherSubscriber9.xml
----------------- Instantiating /home/travis/build/icyphy/ptII/ptolemy/actor/lib/test/auto/PublisherSubscriber9.xml
2 ms. Memory: 425984K Free: 133416K (31%)
----------------- Invoking toplevel() on ptolemy.moml.MoMLSimpleApplication@5539c696
----------------- Done invoking toplevel() on ptolemy.moml.MoMLSimpleApplication@5539c696
reloadAllAccessors: .PublisherSubscriber9

===========================================================================================
----------------- testing Sun May 10 14:20:43 UTC 2020 /home/travis/build/icyphy/ptII/ptolemy/actor/lib/test/auto/PublisherSubscriberAdjacent.xml
----------------- Instantiating /home/travis/build/icyphy/ptII/ptolemy/actor/lib/test/auto/PublisherSubscriberAdjacent.xml
1 ms. Memory: 425984K Free: 124200K (29%)
----------------- Invoking toplevel() on ptolemy.moml.MoMLSimpleApplication@5ccef102
----------------- Done invoking toplevel() on ptolemy.moml.MoMLSimpleApplication@5ccef102
reloadAllAccessors: .PublisherSubscriberAdjacent

===========================================================================================
----------------- testing Sun May 10 14:20:43 UTC 2020 /home/travis/build/icyphy/ptII/ptolemy/actor/lib/test/auto/PublisherSubscriberChannelVariablesAOC2.xml
----------------- Instantiating /home/travis/build/icyphy/ptII/ptolemy/actor/lib/test/auto/PublisherSubscriberChannelVariablesAOC2.xml
2 ms. Memory: 425984K Free: 360979K (85%)
----------------- Invoking toplevel() on ptolemy.moml.MoMLSimpleApplication@b364782
----------------- Done invoking toplevel() on ptolemy.moml.MoMLSimpleApplication@b364782
reloadAllAccessors: .PublisherSubscriberChannelVariablesAOC2

===========================================================================================
----------------- testing Sun May 10 14:20:43 UTC 2020 /home/travis/build/icyphy/ptII/ptolemy/actor/lib/test/auto/PublisherSubscriberD3.xml
----------------- Instantiating /home/travis/build/icyphy/ptII/ptolemy/actor/lib/test/auto/PublisherSubscriberD3.xml
1 ms. Memory: 425984K Free: 353811K (83%)
----------------- Invoking toplevel() on ptolemy.moml.MoMLSimpleApplication@416c82e9
----------------- Done invoking toplevel() on ptolemy.moml.MoMLSimpleApplication@416c82e9
reloadAllAccessors: .PublisherSubscriberD3

===========================================================================================
----------------- testing Sun May 10 14:20:43 UTC 2020 /home/travis/build/icyphy/ptII/ptolemy/actor/lib/test/auto/PublisherSubscriberD3Reverse.xml
----------------- Instantiating /home/travis/build/icyphy/ptII/ptolemy/actor/lib/test/auto/PublisherSubscriberD3Reverse.xml
1 ms. Memory: 425984K Free: 347667K (82%)
----------------- Invoking toplevel() on ptolemy.moml.MoMLSimpleApplication@5d8a9843
----------------- Done invoking toplevel() on ptolemy.moml.MoMLSimpleApplication@5d8a9843
reloadAllAccessors: .PublisherSubscriberD3Reverse

===========================================================================================
----------------- testing Sun May 10 14:20:43 UTC 2020 /home/travis/build/icyphy/ptII/ptolemy/actor/lib/test/auto/PublisherSubscriberExpression.xml
----------------- Instantiating /home/travis/build/icyphy/ptII/ptolemy/actor/lib/test/auto/PublisherSubscriberExpression.xml
2 ms. Memory: 425984K Free: 338947K (80%)
----------------- Invoking toplevel() on ptolemy.moml.MoMLSimpleApplication@b199104
----------------- Done invoking toplevel() on ptolemy.moml.MoMLSimpleApplication@b199104
reloadAllAccessors: .PublisherSubscriberExpression

===========================================================================================
----------------- testing Sun May 10 14:20:43 UTC 2020 /home/travis/build/icyphy/ptII/ptolemy/actor/lib/test/auto/PublisherSubscriberOpaque.xml
----------------- Instantiating /home/travis/build/icyphy/ptII/ptolemy/actor/lib/test/auto/PublisherSubscriberOpaque.xml
3 ms. Memory: 425984K Free: 330769K (78%)
----------------- Invoking toplevel() on ptolemy.moml.MoMLSimpleApplication@354776f0
----------------- Done invoking toplevel() on ptolemy.moml.MoMLSimpleApplication@354776f0
reloadAllAccessors: .PublisherSubscriberOpaque

===========================================================================================
----------------- testing Sun May 10 14:20:43 UTC 2020 /home/travis/build/icyphy/ptII/ptolemy/actor/lib/test/auto/PublisherSubscriberOpaqueD3.xml
----------------- Instantiating /home/travis/build/icyphy/ptII/ptolemy/actor/lib/test/auto/PublisherSubscriberOpaqueD3.xml
4 ms. Memory: 425984K Free: 319505K (75%)
----------------- Invoking toplevel() on ptolemy.moml.MoMLSimpleApplication@33b2124d
----------------- Done invoking toplevel() on ptolemy.moml.MoMLSimpleApplication@33b2124d
reloadAllAccessors: .PublisherSubscriberOpaqueD3

===========================================================================================
----------------- testing Sun May 10 14:20:43 UTC 2020 /home/travis/build/icyphy/ptII/ptolemy/actor/lib/test/auto/PublisherSubscriberOpaqueD3Reverse.xml
----------------- Instantiating /home/travis/build/icyphy/ptII/ptolemy/actor/lib/test/auto/PublisherSubscriberOpaqueD3Reverse.xml
7 ms. Memory: 425984K Free: 308755K (72%)
----------------- Invoking toplevel() on ptolemy.moml.MoMLSimpleApplication@326a3bbb
----------------- Done invoking toplevel() on ptolemy.moml.MoMLSimpleApplication@326a3bbb
reloadAllAccessors: .PublisherSubscriberOpaqueD3Reverse

===========================================================================================
----------------- testing Sun May 10 14:20:43 UTC 2020 /home/travis/build/icyphy/ptII/ptolemy/actor/lib/test/auto/PublisherSubscriberOpaqueWidthInference.xml
----------------- Instantiating /home/travis/build/icyphy/ptII/ptolemy/actor/lib/test/auto/PublisherSubscriberOpaqueWidthInference.xml
4 ms. Memory: 425984K Free: 300563K (71%)
----------------- Invoking toplevel() on ptolemy.moml.MoMLSimpleApplication@63b45ce5
----------------- Done invoking toplevel() on ptolemy.moml.MoMLSimpleApplication@63b45ce5
reloadAllAccessors: .PublisherSubscriberOpaqueWidthInference

===========================================================================================
----------------- testing Sun May 10 14:20:43 UTC 2020 /home/travis/build/icyphy/ptII/ptolemy/actor/lib/test/auto/PublisherTestSubscriber.xml
----------------- Instantiating /home/travis/build/icyphy/ptII/ptolemy/actor/lib/test/auto/PublisherTestSubscriber.xml
3 ms. Memory: 425984K Free: 292875K (69%)
----------------- Invoking toplevel() on ptolemy.moml.MoMLSimpleApplication@102135fe
----------------- Done invoking toplevel() on ptolemy.moml.MoMLSimpleApplication@102135fe
reloadAllAccessors: .PublisherTestSubscriber

===========================================================================================
----------------- testing Sun May 10 14:20:43 UTC 2020 /home/travis/build/icyphy/ptII/ptolemy/actor/lib/test/auto/PublisherToplevelSubscriberPortAOC.xml
----------------- Instantiating /home/travis/build/icyphy/ptII/ptolemy/actor/lib/test/auto/PublisherToplevelSubscriberPortAOC.xml
2 ms. Memory: 425984K Free: 285707K (67%)
----------------- Invoking toplevel() on ptolemy.moml.MoMLSimpleApplication@560b2526
----------------- Done invoking toplevel() on ptolemy.moml.MoMLSimpleApplication@560b2526
reloadAllAccessors: .PublisherToplevelSubscriberPortAOC

===========================================================================================
----------------- testing Sun May 10 14:20:43 UTC 2020 /home/travis/build/icyphy/ptII/ptolemy/actor/lib/test/auto/PulseFiringLimitDE.xml
----------------- Instantiating /home/travis/build/icyphy/ptII/ptolemy/actor/lib/test/auto/PulseFiringLimitDE.xml
2 ms. Memory: 425984K Free: 279569K (66%)
----------------- Invoking toplevel() on ptolemy.moml.MoMLSimpleApplication@1457fd5c
----------------- Done invoking toplevel() on ptolemy.moml.MoMLSimpleApplication@1457fd5c
reloadAllAccessors: .PulseFiringLimitDE

===========================================================================================
----------------- testing Sun May 10 14:20:43 UTC 2020 /home/travis/build/icyphy/ptII/ptolemy/actor/lib/test/auto/Ramp1.xml
----------------- Instantiating /home/travis/build/icyphy/ptII/ptolemy/actor/lib/test/auto/Ramp1.xml
0 ms. Memory: 425984K Free: 275467K (65%)
----------------- Invoking toplevel() on ptolemy.moml.MoMLSimpleApplication@622f69d2
----------------- Done invoking toplevel() on ptolemy.moml.MoMLSimpleApplication@622f69d2
reloadAllAccessors: .Ramp1

===========================================================================================
----------------- testing Sun May 10 14:20:43 UTC 2020 /home/travis/build/icyphy/ptII/ptolemy/actor/lib/test/auto/RampFiringLimitDE.xml
----------------- Instantiating /home/travis/build/icyphy/ptII/ptolemy/actor/lib/test/auto/RampFiringLimitDE.xml
3 ms. Memory: 425984K Free: 269315K (63%)
----------------- Invoking toplevel() on ptolemy.moml.MoMLSimpleApplication@12277b59
----------------- Done invoking toplevel() on ptolemy.moml.MoMLSimpleApplication@12277b59
reloadAllAccessors: .RampFiringLimitDE

===========================================================================================
----------------- testing Sun May 10 14:20:43 UTC 2020 /home/travis/build/icyphy/ptII/ptolemy/actor/lib/test/auto/RampFiringLimitSDF.xml
----------------- Instantiating /home/travis/build/icyphy/ptII/ptolemy/actor/lib/test/auto/RampFiringLimitSDF.xml
2 ms. Memory: 425984K Free: 264179K (62%)
----------------- Invoking toplevel() on ptolemy.moml.MoMLSimpleApplication@1bb5efe7
----------------- Done invoking toplevel() on ptolemy.moml.MoMLSimpleApplication@1bb5efe7
reloadAllAccessors: .RampFiringLimitSDF

===========================================================================================
----------------- testing Sun May 10 14:20:43 UTC 2020 /home/travis/build/icyphy/ptII/ptolemy/actor/lib/test/auto/RandomInteger.xml
----------------- Instantiating /home/travis/build/icyphy/ptII/ptolemy/actor/lib/test/auto/RandomInteger.xml
1 ms. Memory: 425984K Free: 260113K (61%)
----------------- Invoking toplevel() on ptolemy.moml.MoMLSimpleApplication@779ff441
----------------- Done invoking toplevel() on ptolemy.moml.MoMLSimpleApplication@779ff441
reloadAllAccessors: .RandomInteger

===========================================================================================
----------------- testing Sun May 10 14:20:43 UTC 2020 /home/travis/build/icyphy/ptII/ptolemy/actor/lib/test/auto/ReadFile1.xml
----------------- Instantiating /home/travis/build/icyphy/ptII/ptolemy/actor/lib/test/auto/ReadFile1.xml
1 ms. Memory: 425984K Free: 255507K (60%)
----------------- Invoking toplevel() on ptolemy.moml.MoMLSimpleApplication@137160aa
----------------- Done invoking toplevel() on ptolemy.moml.MoMLSimpleApplication@137160aa
reloadAllAccessors: .ReadFile1

===========================================================================================
----------------- testing Sun May 10 14:20:43 UTC 2020 /home/travis/build/icyphy/ptII/ptolemy/actor/lib/test/auto/ReadFile2.xml
----------------- Instantiating /home/travis/build/icyphy/ptII/ptolemy/actor/lib/test/auto/ReadFile2.xml
1 ms. Memory: 425984K Free: 250897K (59%)
----------------- Invoking toplevel() on ptolemy.moml.MoMLSimpleApplication@15e91c0
----------------- Done invoking toplevel() on ptolemy.moml.MoMLSimpleApplication@15e91c0
reloadAllAccessors: .ReadFile2

===========================================================================================
----------------- testing Sun May 10 14:20:43 UTC 2020 /home/travis/build/icyphy/ptII/ptolemy/actor/lib/test/auto/Reader.xml
----------------- Instantiating /home/travis/build/icyphy/ptII/ptolemy/actor/lib/test/auto/Reader.xml
actor.lib.Reader is obsolete, use actor.lib.io.ExpressionReader instead
3 ms. Memory: 425984K Free: 246801K (58%)
----------------- Invoking toplevel() on ptolemy.moml.MoMLSimpleApplication@1add5df6
----------------- Done invoking toplevel() on ptolemy.moml.MoMLSimpleApplication@1add5df6
reloadAllAccessors: .Reader

===========================================================================================
----------------- testing Sun May 10 14:20:43 UTC 2020 /home/travis/build/icyphy/ptII/ptolemy/actor/lib/test/auto/RecordAssemblerDisplayNameTest.xml
----------------- Instantiating /home/travis/build/icyphy/ptII/ptolemy/actor/lib/test/auto/RecordAssemblerDisplayNameTest.xml
3265 ms. Memory: 425984K Free: 281576K (66%)
----------------- Invoking toplevel() on ptolemy.moml.MoMLSimpleApplication@4bfc77a4
----------------- Done invoking toplevel() on ptolemy.moml.MoMLSimpleApplication@4bfc77a4
reloadAllAccessors: .RecordAssemblerDisplayNameTest

===========================================================================================
----------------- testing Sun May 10 14:20:47 UTC 2020 /home/travis/build/icyphy/ptII/ptolemy/actor/lib/test/auto/RecordAssemblerTypeError.xml
----------------- Instantiating /home/travis/build/icyphy/ptII/ptolemy/actor/lib/test/auto/RecordAssemblerTypeError.xml
4 ms. Memory: 425984K Free: 271850K (64%)
----------------- Invoking toplevel() on ptolemy.moml.MoMLSimpleApplication@45b07eb7
----------------- Done invoking toplevel() on ptolemy.moml.MoMLSimpleApplication@45b07eb7
reloadAllAccessors: .RecordAssemblerTypeError

===========================================================================================
----------------- testing Sun May 10 14:20:47 UTC 2020 /home/travis/build/icyphy/ptII/ptolemy/actor/lib/test/auto/RecordDisassember.xml
----------------- Instantiating /home/travis/build/icyphy/ptII/ptolemy/actor/lib/test/auto/RecordDisassember.xml
8 ms. Memory: 425984K Free: 267210K (63%)
----------------- Invoking toplevel() on ptolemy.moml.MoMLSimpleApplication@1ad97ae2
----------------- Done invoking toplevel() on ptolemy.moml.MoMLSimpleApplication@1ad97ae2
reloadAllAccessors: .RecordDisassember

===========================================================================================
----------------- testing Sun May 10 14:20:47 UTC 2020 /home/travis/build/icyphy/ptII/ptolemy/actor/lib/test/auto/RecordDisassemberDisplayNameTest.xml
----------------- Instantiating /home/travis/build/icyphy/ptII/ptolemy/actor/lib/test/auto/RecordDisassemberDisplayNameTest.xml
5 ms. Memory: 425984K Free: 259048K (61%)
----------------- Invoking toplevel() on ptolemy.moml.MoMLSimpleApplication@26fd2c9
----------------- Done invoking toplevel() on ptolemy.moml.MoMLSimpleApplication@26fd2c9
reloadAllAccessors: .RecordDisassemberDisplayNameTest

===========================================================================================
----------------- testing Sun May 10 14:20:47 UTC 2020 /home/travis/build/icyphy/ptII/ptolemy/actor/lib/test/auto/RecordDisassembler.xml
----------------- Instantiating /home/travis/build/icyphy/ptII/ptolemy/actor/lib/test/auto/RecordDisassembler.xml
3 ms. Memory: 425984K Free: 253418K (59%)
----------------- Invoking toplevel() on ptolemy.moml.MoMLSimpleApplication@d63b0cb
----------------- Done invoking toplevel() on ptolemy.moml.MoMLSimpleApplication@d63b0cb
reloadAllAccessors: .RecordDisassembler

===========================================================================================
----------------- testing Sun May 10 14:20:47 UTC 2020 /home/travis/build/icyphy/ptII/ptolemy/actor/lib/test/auto/RecordDisassembler2.xml
----------------- Instantiating /home/travis/build/icyphy/ptII/ptolemy/actor/lib/test/auto/RecordDisassembler2.xml
2 ms. Memory: 425984K Free: 248298K (58%)
----------------- Invoking toplevel() on ptolemy.moml.MoMLSimpleApplication@2172e57c
----------------- Done invoking toplevel() on ptolemy.moml.MoMLSimpleApplication@2172e57c
reloadAllAccessors: .RecordDisassembler2

===========================================================================================
----------------- testing Sun May 10 14:20:47 UTC 2020 /home/travis/build/icyphy/ptII/ptolemy/actor/lib/test/auto/RecordUpdater.xml
----------------- Instantiating /home/travis/build/icyphy/ptII/ptolemy/actor/lib/test/auto/RecordUpdater.xml
2 ms. Memory: 425984K Free: 243688K (57%)
----------------- Invoking toplevel() on ptolemy.moml.MoMLSimpleApplication@2790e86b
----------------- Done invoking toplevel() on ptolemy.moml.MoMLSimpleApplication@2790e86b
reloadAllAccessors: .RecordUpdater

===========================================================================================
----------------- testing Sun May 10 14:20:47 UTC 2020 /home/travis/build/icyphy/ptII/ptolemy/actor/lib/test/auto/RecordUpdater2.xml
----------------- Instantiating /home/travis/build/icyphy/ptII/ptolemy/actor/lib/test/auto/RecordUpdater2.xml
2 ms. Memory: 425984K Free: 238568K (56%)
----------------- Invoking toplevel() on ptolemy.moml.MoMLSimpleApplication@50e72952
----------------- Done invoking toplevel() on ptolemy.moml.MoMLSimpleApplication@50e72952
reloadAllAccessors: .RecordUpdater2

===========================================================================================
----------------- testing Sun May 10 14:20:47 UTC 2020 /home/travis/build/icyphy/ptII/ptolemy/actor/lib/test/auto/RecursiveLattice.xml
----------------- Instantiating /home/travis/build/icyphy/ptII/ptolemy/actor/lib/test/auto/RecursiveLattice.xml
1 ms. Memory: 425984K Free: 233962K (55%)
----------------- Invoking toplevel() on ptolemy.moml.MoMLSimpleApplication@73c51045
----------------- Done invoking toplevel() on ptolemy.moml.MoMLSimpleApplication@73c51045
reloadAllAccessors: .RecursiveLattice

===========================================================================================
----------------- testing Sun May 10 14:20:47 UTC 2020 /home/travis/build/icyphy/ptII/ptolemy/actor/lib/test/auto/Router.xml
----------------- Instantiating /home/travis/build/icyphy/ptII/ptolemy/actor/lib/test/auto/Router.xml
3003 ms. Memory: 425984K Free: 222698K (52%)
----------------- Invoking toplevel() on ptolemy.moml.MoMLSimpleApplication@7b8b1d62
----------------- Done invoking toplevel() on ptolemy.moml.MoMLSimpleApplication@7b8b1d62
reloadAllAccessors: .Router

===========================================================================================
----------------- testing Sun May 10 14:20:50 UTC 2020 /home/travis/build/icyphy/ptII/ptolemy/actor/lib/test/auto/Router2.xml
----------------- Instantiating /home/travis/build/icyphy/ptII/ptolemy/actor/lib/test/auto/Router2.xml
3003 ms. Memory: 425984K Free: 211434K (50%)
----------------- Invoking toplevel() on ptolemy.moml.MoMLSimpleApplication@44752d31
----------------- Done invoking toplevel() on ptolemy.moml.MoMLSimpleApplication@44752d31
reloadAllAccessors: .Router2

===========================================================================================
----------------- testing Sun May 10 14:20:53 UTC 2020 /home/travis/build/icyphy/ptII/ptolemy/actor/lib/test/auto/RunningMaximum.xml
----------------- Instantiating /home/travis/build/icyphy/ptII/ptolemy/actor/lib/test/auto/RunningMaximum.xml
1 ms. Memory: 425984K Free: 206824K (49%)
----------------- Invoking toplevel() on ptolemy.moml.MoMLSimpleApplication@aaa6c36
----------------- Done invoking toplevel() on ptolemy.moml.MoMLSimpleApplication@aaa6c36
reloadAllAccessors: .RunningMaximum

===========================================================================================
----------------- testing Sun May 10 14:20:53 UTC 2020 /home/travis/build/icyphy/ptII/ptolemy/actor/lib/test/auto/RunningMinimum.xml
----------------- Instantiating /home/travis/build/icyphy/ptII/ptolemy/actor/lib/test/auto/RunningMinimum.xml
9 ms. Memory: 425984K Free: 202218K (47%)
----------------- Invoking toplevel() on ptolemy.moml.MoMLSimpleApplication@26c0e0bd
----------------- Done invoking toplevel() on ptolemy.moml.MoMLSimpleApplication@26c0e0bd
reloadAllAccessors: .RunningMinimum

===========================================================================================
----------------- testing Sun May 10 14:20:53 UTC 2020 /home/travis/build/icyphy/ptII/ptolemy/actor/lib/test/auto/Scale.xml
----------------- Instantiating /home/travis/build/icyphy/ptII/ptolemy/actor/lib/test/auto/Scale.xml
2 ms. Memory: 425984K Free: 197608K (46%)
----------------- Invoking toplevel() on ptolemy.moml.MoMLSimpleApplication@44ee64a1
----------------- Done invoking toplevel() on ptolemy.moml.MoMLSimpleApplication@44ee64a1
reloadAllAccessors: .Scale

===========================================================================================
----------------- testing Sun May 10 14:20:53 UTC 2020 /home/travis/build/icyphy/ptII/ptolemy/actor/lib/test/auto/Scale2.xml
----------------- Instantiating /home/travis/build/icyphy/ptII/ptolemy/actor/lib/test/auto/Scale2.xml
1 ms. Memory: 425984K Free: 193002K (45%)
----------------- Invoking toplevel() on ptolemy.moml.MoMLSimpleApplication@292356dd
----------------- Done invoking toplevel() on ptolemy.moml.MoMLSimpleApplication@292356dd
reloadAllAccessors: .Scale2

===========================================================================================
----------------- testing Sun May 10 14:20:53 UTC 2020 /home/travis/build/icyphy/ptII/ptolemy/actor/lib/test/auto/Scale3.xml
----------------- Instantiating /home/travis/build/icyphy/ptII/ptolemy/actor/lib/test/auto/Scale3.xml
6 ms. Memory: 425984K Free: 186858K (44%)
----------------- Invoking toplevel() on ptolemy.moml.MoMLSimpleApplication@2a555b4c
----------------- Done invoking toplevel() on ptolemy.moml.MoMLSimpleApplication@2a555b4c
reloadAllAccessors: .Scale3

===========================================================================================
----------------- testing Sun May 10 14:20:53 UTC 2020 /home/travis/build/icyphy/ptII/ptolemy/actor/lib/test/auto/ScaleArray.xml
----------------- Instantiating /home/travis/build/icyphy/ptII/ptolemy/actor/lib/test/auto/ScaleArray.xml
1 ms. Memory: 425984K Free: 181738K (43%)
----------------- Invoking toplevel() on ptolemy.moml.MoMLSimpleApplication@8dbdd39
----------------- Done invoking toplevel() on ptolemy.moml.MoMLSimpleApplication@8dbdd39
reloadAllAccessors: .ScaleArray

===========================================================================================
----------------- testing Sun May 10 14:20:53 UTC 2020 /home/travis/build/icyphy/ptII/ptolemy/actor/lib/test/auto/ScaleArray2.xml
----------------- Instantiating /home/travis/build/icyphy/ptII/ptolemy/actor/lib/test/auto/ScaleArray2.xml
1 ms. Memory: 425984K Free: 177128K (42%)
----------------- Invoking toplevel() on ptolemy.moml.MoMLSimpleApplication@5d6ff6ba
----------------- Done invoking toplevel() on ptolemy.moml.MoMLSimpleApplication@5d6ff6ba
reloadAllAccessors: .ScaleArray2

===========================================================================================
----------------- testing Sun May 10 14:20:53 UTC 2020 /home/travis/build/icyphy/ptII/ptolemy/actor/lib/test/auto/ScaleMatrix.xml
----------------- Instantiating /home/travis/build/icyphy/ptII/ptolemy/actor/lib/test/auto/ScaleMatrix.xml
136 ms. Memory: 425984K Free: 161258K (38%)
----------------- Invoking toplevel() on ptolemy.moml.MoMLSimpleApplication@6cf9c9b9
----------------- Done invoking toplevel() on ptolemy.moml.MoMLSimpleApplication@6cf9c9b9
reloadAllAccessors: .ScaleMatrix

===========================================================================================
----------------- testing Sun May 10 14:20:53 UTC 2020 /home/travis/build/icyphy/ptII/ptolemy/actor/lib/test/auto/Select.xml
----------------- Instantiating /home/travis/build/icyphy/ptII/ptolemy/actor/lib/test/auto/Select.xml
3 ms. Memory: 425984K Free: 155114K (36%)
----------------- Invoking toplevel() on ptolemy.moml.MoMLSimpleApplication@6ea5d82
----------------- Done invoking toplevel() on ptolemy.moml.MoMLSimpleApplication@6ea5d82
reloadAllAccessors: .Select

===========================================================================================
----------------- testing Sun May 10 14:20:53 UTC 2020 /home/travis/build/icyphy/ptII/ptolemy/actor/lib/test/auto/Select2.xml
----------------- Instantiating /home/travis/build/icyphy/ptII/ptolemy/actor/lib/test/auto/Select2.xml
1 ms. Memory: 425984K Free: 150504K (35%)
----------------- Invoking toplevel() on ptolemy.moml.MoMLSimpleApplication@14e713cf
----------------- Done invoking toplevel() on ptolemy.moml.MoMLSimpleApplication@14e713cf
reloadAllAccessors: .Select2

===========================================================================================
----------------- testing Sun May 10 14:20:53 UTC 2020 /home/travis/build/icyphy/ptII/ptolemy/actor/lib/test/auto/SequenceToArray2.xml
----------------- Instantiating /home/travis/build/icyphy/ptII/ptolemy/actor/lib/test/auto/SequenceToArray2.xml
99 ms. Memory: 425984K Free: 125418K (29%)
----------------- Invoking toplevel() on ptolemy.moml.MoMLSimpleApplication@7ff465e7
----------------- Done invoking toplevel() on ptolemy.moml.MoMLSimpleApplication@7ff465e7
reloadAllAccessors: .SequenceToArray2

===========================================================================================
----------------- testing Sun May 10 14:20:53 UTC 2020 /home/travis/build/icyphy/ptII/ptolemy/actor/lib/test/auto/SequentialClock.xml
----------------- Instantiating /home/travis/build/icyphy/ptII/ptolemy/actor/lib/test/auto/SequentialClock.xml
1 ms. Memory: 425984K Free: 372545K (87%)
----------------- Invoking toplevel() on ptolemy.moml.MoMLSimpleApplication@31775098
----------------- Done invoking toplevel() on ptolemy.moml.MoMLSimpleApplication@31775098
reloadAllAccessors: .SequentialClock

===========================================================================================
----------------- testing Sun May 10 14:20:53 UTC 2020 /home/travis/build/icyphy/ptII/ptolemy/actor/lib/test/auto/SetVariable.xml
----------------- Instantiating /home/travis/build/icyphy/ptII/ptolemy/actor/lib/test/auto/SetVariable.xml
3 ms. Memory: 425984K Free: 367935K (86%)
----------------- Invoking toplevel() on ptolemy.moml.MoMLSimpleApplication@138a296c
----------------- Done invoking toplevel() on ptolemy.moml.MoMLSimpleApplication@138a296c
reloadAllAccessors: .SetVariable

===========================================================================================
----------------- testing Sun May 10 14:20:53 UTC 2020 /home/travis/build/icyphy/ptII/ptolemy/actor/lib/test/auto/SetVariable2.xml
----------------- Instantiating /home/travis/build/icyphy/ptII/ptolemy/actor/lib/test/auto/SetVariable2.xml
8 ms. Memory: 425984K Free: 362815K (85%)
----------------- Invoking toplevel() on ptolemy.moml.MoMLSimpleApplication@699f7066
----------------- Done invoking toplevel() on ptolemy.moml.MoMLSimpleApplication@699f7066
reloadAllAccessors: .SetVariable2

===========================================================================================
----------------- testing Sun May 10 14:20:53 UTC 2020 /home/travis/build/icyphy/ptII/ptolemy/actor/lib/test/auto/SetVariable3.xml
----------------- Instantiating /home/travis/build/icyphy/ptII/ptolemy/actor/lib/test/auto/SetVariable3.xml
5 ms. Memory: 425984K Free: 357695K (84%)
----------------- Invoking toplevel() on ptolemy.moml.MoMLSimpleApplication@2875e84e
----------------- Done invoking toplevel() on ptolemy.moml.MoMLSimpleApplication@2875e84e
reloadAllAccessors: .SetVariable3

===========================================================================================
----------------- testing Sun May 10 14:20:53 UTC 2020 /home/travis/build/icyphy/ptII/ptolemy/actor/lib/test/auto/SetVariable4.xml
----------------- Instantiating /home/travis/build/icyphy/ptII/ptolemy/actor/lib/test/auto/SetVariable4.xml
12 ms. Memory: 425984K Free: 347969K (82%)
----------------- Invoking toplevel() on ptolemy.moml.MoMLSimpleApplication@6a12eaba
----------------- Done invoking toplevel() on ptolemy.moml.MoMLSimpleApplication@6a12eaba
reloadAllAccessors: .SetVariable4

===========================================================================================
----------------- testing Sun May 10 14:20:53 UTC 2020 /home/travis/build/icyphy/ptII/ptolemy/actor/lib/test/auto/SetVariable5.xml
----------------- Instantiating /home/travis/build/icyphy/ptII/ptolemy/actor/lib/test/auto/SetVariable5.xml
17 ms. Memory: 425984K Free: 338753K (80%)
----------------- Invoking toplevel() on ptolemy.moml.MoMLSimpleApplication@14871321
----------------- Done invoking toplevel() on ptolemy.moml.MoMLSimpleApplication@14871321
reloadAllAccessors: .SetVariable5

===========================================================================================
----------------- testing Sun May 10 14:20:53 UTC 2020 /home/travis/build/icyphy/ptII/ptolemy/actor/lib/test/auto/Sinewave.xml
----------------- Instantiating /home/travis/build/icyphy/ptII/ptolemy/actor/lib/test/auto/Sinewave.xml
6 ms. Memory: 425984K Free: 327999K (77%)
----------------- Invoking toplevel() on ptolemy.moml.MoMLSimpleApplication@1460fd19
----------------- Done invoking toplevel() on ptolemy.moml.MoMLSimpleApplication@1460fd19
reloadAllAccessors: .Sinewave

===========================================================================================
----------------- testing Sun May 10 14:20:53 UTC 2020 /home/travis/build/icyphy/ptII/ptolemy/actor/lib/test/auto/Sinewave2.xml
----------------- Instantiating /home/travis/build/icyphy/ptII/ptolemy/actor/lib/test/auto/Sinewave2.xml
6 ms. Memory: 425984K Free: 319807K (75%)
----------------- Invoking toplevel() on ptolemy.moml.MoMLSimpleApplication@75e2a1c4
----------------- Done invoking toplevel() on ptolemy.moml.MoMLSimpleApplication@75e2a1c4
reloadAllAccessors: .Sinewave2

===========================================================================================
----------------- testing Sun May 10 14:20:53 UTC 2020 /home/travis/build/icyphy/ptII/ptolemy/actor/lib/test/auto/Sinewave3.xml
----------------- Instantiating /home/travis/build/icyphy/ptII/ptolemy/actor/lib/test/auto/Sinewave3.xml
12 ms. Memory: 425984K Free: 311585K (73%)
----------------- Invoking toplevel() on ptolemy.moml.MoMLSimpleApplication@337761c8
----------------- Done invoking toplevel() on ptolemy.moml.MoMLSimpleApplication@337761c8
reloadAllAccessors: .Sinewave3

===========================================================================================
----------------- testing Sun May 10 14:20:53 UTC 2020 /home/travis/build/icyphy/ptII/ptolemy/actor/lib/test/auto/SingleEvent.xml
----------------- Instantiating /home/travis/build/icyphy/ptII/ptolemy/actor/lib/test/auto/SingleEvent.xml
1 ms. Memory: 425984K Free: 307009K (72%)
----------------- Invoking toplevel() on ptolemy.moml.MoMLSimpleApplication@7bb32924
----------------- Done invoking toplevel() on ptolemy.moml.MoMLSimpleApplication@7bb32924
reloadAllAccessors: .SingleEvent

===========================================================================================
----------------- testing Sun May 10 14:20:53 UTC 2020 /home/travis/build/icyphy/ptII/ptolemy/actor/lib/test/auto/Sleep.xml
----------------- Instantiating /home/travis/build/icyphy/ptII/ptolemy/actor/lib/test/auto/Sleep.xml
6003 ms. Memory: 425984K Free: 300863K (71%)
----------------- Invoking toplevel() on ptolemy.moml.MoMLSimpleApplication@5d6a994f
----------------- Done invoking toplevel() on ptolemy.moml.MoMLSimpleApplication@5d6a994f
reloadAllAccessors: .Sleep

===========================================================================================
----------------- testing Sun May 10 14:20:59 UTC 2020 /home/travis/build/icyphy/ptII/ptolemy/actor/lib/test/auto/SleepMultipleFire.xml
----------------- Instantiating /home/travis/build/icyphy/ptII/ptolemy/actor/lib/test/auto/SleepMultipleFire.xml
1004 ms. Memory: 425984K Free: 295231K (69%)
----------------- Invoking toplevel() on ptolemy.moml.MoMLSimpleApplication@4ed35861
----------------- Done invoking toplevel() on ptolemy.moml.MoMLSimpleApplication@4ed35861
reloadAllAccessors: .SleepMultipleFire

===========================================================================================
----------------- testing Sun May 10 14:21:00 UTC 2020 /home/travis/build/icyphy/ptII/ptolemy/actor/lib/test/auto/StopDE.xml
----------------- Instantiating /home/travis/build/icyphy/ptII/ptolemy/actor/lib/test/auto/StopDE.xml
4 ms. Memory: 425984K Free: 289601K (68%)
----------------- Invoking toplevel() on ptolemy.moml.MoMLSimpleApplication@3d404450
----------------- Done invoking toplevel() on ptolemy.moml.MoMLSimpleApplication@3d404450
reloadAllAccessors: .StopDE

===========================================================================================
----------------- testing Sun May 10 14:21:00 UTC 2020 /home/travis/build/icyphy/ptII/ptolemy/actor/lib/test/auto/StopSDF.xml
----------------- Instantiating /home/travis/build/icyphy/ptII/ptolemy/actor/lib/test/auto/StopSDF.xml
3 ms. Memory: 425984K Free: 283967K (67%)
----------------- Invoking toplevel() on ptolemy.moml.MoMLSimpleApplication@247ab18d
----------------- Done invoking toplevel() on ptolemy.moml.MoMLSimpleApplication@247ab18d
reloadAllAccessors: .StopSDF

===========================================================================================
----------------- testing Sun May 10 14:21:00 UTC 2020 /home/travis/build/icyphy/ptII/ptolemy/actor/lib/test/auto/StringConstant.xml
----------------- Instantiating /home/travis/build/icyphy/ptII/ptolemy/actor/lib/test/auto/StringConstant.xml
8 ms. Memory: 425984K Free: 279361K (66%)
----------------- Invoking toplevel() on ptolemy.moml.MoMLSimpleApplication@559287ff
----------------- Done invoking toplevel() on ptolemy.moml.MoMLSimpleApplication@559287ff
reloadAllAccessors: .StringConstant

===========================================================================================
----------------- testing Sun May 10 14:21:01 UTC 2020 /home/travis/build/icyphy/ptII/ptolemy/actor/lib/test/auto/SubscriberPortInitialValues1.xml
----------------- Instantiating /home/travis/build/icyphy/ptII/ptolemy/actor/lib/test/auto/SubscriberPortInitialValues1.xml
10 ms. Memory: 425984K Free: 270655K (64%)
----------------- Invoking toplevel() on ptolemy.moml.MoMLSimpleApplication@7ca7f805
----------------- Done invoking toplevel() on ptolemy.moml.MoMLSimpleApplication@7ca7f805
reloadAllAccessors: .SubscriberPortInitialValues1

===========================================================================================
----------------- testing Sun May 10 14:21:01 UTC 2020 /home/travis/build/icyphy/ptII/ptolemy/actor/lib/test/auto/SubscriberPortInitialValues13.xml
----------------- Instantiating /home/travis/build/icyphy/ptII/ptolemy/actor/lib/test/auto/SubscriberPortInitialValues13.xml
6 ms. Memory: 425984K Free: 258367K (61%)
----------------- Invoking toplevel() on ptolemy.moml.MoMLSimpleApplication@381ece9e
----------------- Done invoking toplevel() on ptolemy.moml.MoMLSimpleApplication@381ece9e
reloadAllAccessors: .SubscriberPortInitialValues13

===========================================================================================
----------------- testing Sun May 10 14:21:01 UTC 2020 /home/travis/build/icyphy/ptII/ptolemy/actor/lib/test/auto/SubscriberPortInitialValues14.xml
----------------- Instantiating /home/travis/build/icyphy/ptII/ptolemy/actor/lib/test/auto/SubscriberPortInitialValues14.xml
3 ms. Memory: 425984K Free: 250175K (59%)
----------------- Invoking toplevel() on ptolemy.moml.MoMLSimpleApplication@5971e9d0
----------------- Done invoking toplevel() on ptolemy.moml.MoMLSimpleApplication@5971e9d0
reloadAllAccessors: .SubscriberPortInitialValues14

===========================================================================================
----------------- testing Sun May 10 14:21:01 UTC 2020 /home/travis/build/icyphy/ptII/ptolemy/actor/lib/test/auto/SubscriberPortInitialValues2.xml
----------------- Instantiating /home/travis/build/icyphy/ptII/ptolemy/actor/lib/test/auto/SubscriberPortInitialValues2.xml
3 ms. Memory: 425984K Free: 242497K (57%)
----------------- Invoking toplevel() on ptolemy.moml.MoMLSimpleApplication@3dace628
----------------- Done invoking toplevel() on ptolemy.moml.MoMLSimpleApplication@3dace628
reloadAllAccessors: .SubscriberPortInitialValues2

===========================================================================================
----------------- testing Sun May 10 14:21:01 UTC 2020 /home/travis/build/icyphy/ptII/ptolemy/actor/lib/test/auto/SubscriberPortInitialValues3.xml
----------------- Instantiating /home/travis/build/icyphy/ptII/ptolemy/actor/lib/test/auto/SubscriberPortInitialValues3.xml
4 ms. Memory: 425984K Free: 231233K (54%)
----------------- Invoking toplevel() on ptolemy.moml.MoMLSimpleApplication@45e701e4
----------------- Done invoking toplevel() on ptolemy.moml.MoMLSimpleApplication@45e701e4
reloadAllAccessors: .SubscriberPortInitialValues3

===========================================================================================
----------------- testing Sun May 10 14:21:01 UTC 2020 /home/travis/build/icyphy/ptII/ptolemy/actor/lib/test/auto/SubscriptionAggregator.xml
----------------- Instantiating /home/travis/build/icyphy/ptII/ptolemy/actor/lib/test/auto/SubscriptionAggregator.xml
2 ms. Memory: 425984K Free: 224561K (53%)
----------------- Invoking toplevel() on ptolemy.moml.MoMLSimpleApplication@3bfb1d03
----------------- Done invoking toplevel() on ptolemy.moml.MoMLSimpleApplication@3bfb1d03
reloadAllAccessors: .SubscriptionAggregator

===========================================================================================
----------------- testing Sun May 10 14:21:01 UTC 2020 /home/travis/build/icyphy/ptII/ptolemy/actor/lib/test/auto/SubscriptionAggregator2.xml
----------------- Instantiating /home/travis/build/icyphy/ptII/ptolemy/actor/lib/test/auto/SubscriptionAggregator2.xml
2 ms. Memory: 425984K Free: 217921K (51%)
----------------- Invoking toplevel() on ptolemy.moml.MoMLSimpleApplication@326ff71c
----------------- Done invoking toplevel() on ptolemy.moml.MoMLSimpleApplication@326ff71c
reloadAllAccessors: .SubscriptionAggregator2

===========================================================================================
----------------- testing Sun May 10 14:21:01 UTC 2020 /home/travis/build/icyphy/ptII/ptolemy/actor/lib/test/auto/SubscriptionAggregator3.xml
----------------- Instantiating /home/travis/build/icyphy/ptII/ptolemy/actor/lib/test/auto/SubscriptionAggregator3.xml
3 ms. Memory: 425984K Free: 209209K (49%)
----------------- Invoking toplevel() on ptolemy.moml.MoMLSimpleApplication@14fd0556
----------------- Done invoking toplevel() on ptolemy.moml.MoMLSimpleApplication@14fd0556
reloadAllAccessors: .SubscriptionAggregator3

===========================================================================================
----------------- testing Sun May 10 14:21:01 UTC 2020 /home/travis/build/icyphy/ptII/ptolemy/actor/lib/test/auto/SubscriptionAggregatorMultiply.xml
----------------- Instantiating /home/travis/build/icyphy/ptII/ptolemy/actor/lib/test/auto/SubscriptionAggregatorMultiply.xml
10 ms. Memory: 425984K Free: 201017K (47%)
----------------- Invoking toplevel() on ptolemy.moml.MoMLSimpleApplication@55a0e762
----------------- Done invoking toplevel() on ptolemy.moml.MoMLSimpleApplication@55a0e762
reloadAllAccessors: .SubscriptionAggregatorMultiply

===========================================================================================
----------------- testing Sun May 10 14:21:01 UTC 2020 /home/travis/build/icyphy/ptII/ptolemy/actor/lib/test/auto/SubscriptionAggregatorPortMultiply1.xml
----------------- Instantiating /home/travis/build/icyphy/ptII/ptolemy/actor/lib/test/auto/SubscriptionAggregatorPortMultiply1.xml
3 ms. Memory: 425984K Free: 192831K (45%)
----------------- Invoking toplevel() on ptolemy.moml.MoMLSimpleApplication@2c100ec8
----------------- Done invoking toplevel() on ptolemy.moml.MoMLSimpleApplication@2c100ec8
reloadAllAccessors: .SubscriptionAggregatorPortMultiply1

===========================================================================================
----------------- testing Sun May 10 14:21:01 UTC 2020 /home/travis/build/icyphy/ptII/ptolemy/actor/lib/test/auto/Switch.xml
----------------- Instantiating /home/travis/build/icyphy/ptII/ptolemy/actor/lib/test/auto/Switch.xml
6 ms. Memory: 425984K Free: 184639K (43%)
----------------- Invoking toplevel() on ptolemy.moml.MoMLSimpleApplication@56f27aa8
----------------- Done invoking toplevel() on ptolemy.moml.MoMLSimpleApplication@56f27aa8
reloadAllAccessors: .Switch

===========================================================================================
----------------- testing Sun May 10 14:21:01 UTC 2020 /home/travis/build/icyphy/ptII/ptolemy/actor/lib/test/auto/Switch2.xml
----------------- Instantiating /home/travis/build/icyphy/ptII/ptolemy/actor/lib/test/auto/Switch2.xml
1 ms. Memory: 425984K Free: 180033K (42%)
----------------- Invoking toplevel() on ptolemy.moml.MoMLSimpleApplication@2ceaa093
----------------- Done invoking toplevel() on ptolemy.moml.MoMLSimpleApplication@2ceaa093
reloadAllAccessors: .Switch2

===========================================================================================
----------------- testing Sun May 10 14:21:01 UTC 2020 /home/travis/build/icyphy/ptII/ptolemy/actor/lib/test/auto/SwitchDE.xml
----------------- Instantiating /home/travis/build/icyphy/ptII/ptolemy/actor/lib/test/auto/SwitchDE.xml
3 ms. Memory: 425984K Free: 173889K (41%)
----------------- Invoking toplevel() on ptolemy.moml.MoMLSimpleApplication@7f2c9af2
----------------- Done invoking toplevel() on ptolemy.moml.MoMLSimpleApplication@7f2c9af2
reloadAllAccessors: .SwitchDE

===========================================================================================
----------------- testing Sun May 10 14:21:01 UTC 2020 /home/travis/build/icyphy/ptII/ptolemy/actor/lib/test/auto/SynchronizerDE.xml
----------------- Instantiating /home/travis/build/icyphy/ptII/ptolemy/actor/lib/test/auto/SynchronizerDE.xml
4 ms. Memory: 425984K Free: 165697K (39%)
----------------- Invoking toplevel() on ptolemy.moml.MoMLSimpleApplication@dc89648
----------------- Done invoking toplevel() on ptolemy.moml.MoMLSimpleApplication@dc89648
reloadAllAccessors: .SynchronizerDE

===========================================================================================
----------------- testing Sun May 10 14:21:01 UTC 2020 /home/travis/build/icyphy/ptII/ptolemy/actor/lib/test/auto/Test.xml
----------------- Instantiating /home/travis/build/icyphy/ptII/ptolemy/actor/lib/test/auto/Test.xml
10 ms. Memory: 425984K Free: 160033K (38%)
----------------- Invoking toplevel() on ptolemy.moml.MoMLSimpleApplication@15e7e35
----------------- Done invoking toplevel() on ptolemy.moml.MoMLSimpleApplication@15e7e35
reloadAllAccessors: .Test

===========================================================================================
----------------- testing Sun May 10 14:21:01 UTC 2020 /home/travis/build/icyphy/ptII/ptolemy/actor/lib/test/auto/TestExceptionAttribute1.xml
----------------- Instantiating /home/travis/build/icyphy/ptII/ptolemy/actor/lib/test/auto/TestExceptionAttribute1.xml
1 ms. Memory: 425984K Free: 156481K (37%)
----------------- Invoking toplevel() on ptolemy.moml.MoMLSimpleApplication@68ea2707
----------------- Done invoking toplevel() on ptolemy.moml.MoMLSimpleApplication@68ea2707
reloadAllAccessors: .TestExceptionAttribute1

===========================================================================================
----------------- testing Sun May 10 14:21:01 UTC 2020 /home/travis/build/icyphy/ptII/ptolemy/actor/lib/test/auto/TestExceptionAttribute2.xml
----------------- Instantiating /home/travis/build/icyphy/ptII/ptolemy/actor/lib/test/auto/TestExceptionAttribute2.xml
2 ms. Memory: 425984K Free: 152895K (36%)
----------------- Invoking toplevel() on ptolemy.moml.MoMLSimpleApplication@694e890c
----------------- Done invoking toplevel() on ptolemy.moml.MoMLSimpleApplication@694e890c
reloadAllAccessors: .TestExceptionAttribute2

===========================================================================================
----------------- testing Sun May 10 14:21:01 UTC 2020 /home/travis/build/icyphy/ptII/ptolemy/actor/lib/test/auto/TestExceptionAttribute3.xml
----------------- Instantiating /home/travis/build/icyphy/ptII/ptolemy/actor/lib/test/auto/TestExceptionAttribute3.xml
.TestExceptionAttribute3.TestExceptionAttribute: initialize() was not invoked, but wrapup() was.  This is unusual, but not always a problem.  For example, exporting JNLP will do this.
0 ms. Memory: 425984K Free: 149313K (35%)
----------------- Invoking toplevel() on ptolemy.moml.MoMLSimpleApplication@3be1fe46
----------------- Done invoking toplevel() on ptolemy.moml.MoMLSimpleApplication@3be1fe46
reloadAllAccessors: .TestExceptionAttribute3

===========================================================================================
----------------- testing Sun May 10 14:21:01 UTC 2020 /home/travis/build/icyphy/ptII/ptolemy/actor/lib/test/auto/TestExceptionAttribute4.xml
----------------- Instantiating /home/travis/build/icyphy/ptII/ptolemy/actor/lib/test/auto/TestExceptionAttribute4.xml
.TestExceptionAttribute4.TestExceptionAttribute: initialize() was not invoked, but wrapup() was.  This is unusual, but not always a problem.  For example, exporting JNLP will do this.
.TestExceptionAttribute4.TestExceptionAttribute2: initialize() was not invoked, but wrapup() was.  This is unusual, but not always a problem.  For example, exporting JNLP will do this.
1 ms. Memory: 425984K Free: 145217K (34%)
----------------- Invoking toplevel() on ptolemy.moml.MoMLSimpleApplication@14c40e2e
----------------- Done invoking toplevel() on ptolemy.moml.MoMLSimpleApplication@14c40e2e
reloadAllAccessors: .TestExceptionAttribute4

===========================================================================================
----------------- testing Sun May 10 14:21:01 UTC 2020 /home/travis/build/icyphy/ptII/ptolemy/actor/lib/test/auto/TestExceptionHandler1.xml
----------------- Instantiating /home/travis/build/icyphy/ptII/ptolemy/actor/lib/test/auto/TestExceptionHandler1.xml
0 ms. Memory: 425984K Free: 141121K (33%)
----------------- Invoking toplevel() on ptolemy.moml.MoMLSimpleApplication@625be798
----------------- Done invoking toplevel() on ptolemy.moml.MoMLSimpleApplication@625be798
reloadAllAccessors: .TestExceptionHandler1

===========================================================================================
----------------- testing Sun May 10 14:21:01 UTC 2020 /home/travis/build/icyphy/ptII/ptolemy/actor/lib/test/auto/TestExceptionHandler2.xml
----------------- Instantiating /home/travis/build/icyphy/ptII/ptolemy/actor/lib/test/auto/TestExceptionHandler2.xml
1 ms. Memory: 425984K Free: 137535K (32%)
----------------- Invoking toplevel() on ptolemy.moml.MoMLSimpleApplication@258627e3
----------------- Done invoking toplevel() on ptolemy.moml.MoMLSimpleApplication@258627e3
reloadAllAccessors: .TestExceptionHandler2

===========================================================================================
----------------- testing Sun May 10 14:21:01 UTC 2020 /home/travis/build/icyphy/ptII/ptolemy/actor/lib/test/auto/TestExceptionHandler3.xml
----------------- Instantiating /home/travis/build/icyphy/ptII/ptolemy/actor/lib/test/auto/TestExceptionHandler3.xml
0 ms. Memory: 425984K Free: 133953K (31%)
----------------- Invoking toplevel() on ptolemy.moml.MoMLSimpleApplication@29842e08
----------------- Done invoking toplevel() on ptolemy.moml.MoMLSimpleApplication@29842e08
reloadAllAccessors: .TestExceptionHandler3

===========================================================================================
----------------- testing Sun May 10 14:21:01 UTC 2020 /home/travis/build/icyphy/ptII/ptolemy/actor/lib/test/auto/TestExceptionHandler4.xml
----------------- Instantiating /home/travis/build/icyphy/ptII/ptolemy/actor/lib/test/auto/TestExceptionHandler4.xml
1 ms. Memory: 425984K Free: 129857K (30%)
----------------- Invoking toplevel() on ptolemy.moml.MoMLSimpleApplication@3e99ee17
----------------- Done invoking toplevel() on ptolemy.moml.MoMLSimpleApplication@3e99ee17
reloadAllAccessors: .TestExceptionHandler4

===========================================================================================
----------------- testing Sun May 10 14:21:01 UTC 2020 /home/travis/build/icyphy/ptII/ptolemy/actor/lib/test/auto/TestRequireCorrectOrder.xml
----------------- Instantiating /home/travis/build/icyphy/ptII/ptolemy/actor/lib/test/auto/TestRequireCorrectOrder.xml
2 ms. Memory: 425984K Free: 124193K (29%)
----------------- Invoking toplevel() on ptolemy.moml.MoMLSimpleApplication@62880e0e
----------------- Done invoking toplevel() on ptolemy.moml.MoMLSimpleApplication@62880e0e
reloadAllAccessors: .TestRequireCorrectOrder

===========================================================================================
----------------- testing Sun May 10 14:21:01 UTC 2020 /home/travis/build/icyphy/ptII/ptolemy/actor/lib/test/auto/TestSimple.xml
----------------- Instantiating /home/travis/build/icyphy/ptII/ptolemy/actor/lib/test/auto/TestSimple.xml
5 ms. Memory: 425984K Free: 371623K (87%)
----------------- Invoking toplevel() on ptolemy.moml.MoMLSimpleApplication@7e794889
----------------- Done invoking toplevel() on ptolemy.moml.MoMLSimpleApplication@7e794889
reloadAllAccessors: .TestSimple

===========================================================================================
----------------- testing Sun May 10 14:21:01 UTC 2020 /home/travis/build/icyphy/ptII/ptolemy/actor/lib/test/auto/ThrowModelError.xml
----------------- Instantiating /home/travis/build/icyphy/ptII/ptolemy/actor/lib/test/auto/ThrowModelError.xml
1 ms. Memory: 425984K Free: 367013K (86%)
----------------- Invoking toplevel() on ptolemy.moml.MoMLSimpleApplication@2c2f0fdb
----------------- Done invoking toplevel() on ptolemy.moml.MoMLSimpleApplication@2c2f0fdb
reloadAllAccessors: .ThrowModelError

===========================================================================================
----------------- testing Sun May 10 14:21:01 UTC 2020 /home/travis/build/icyphy/ptII/ptolemy/actor/lib/test/auto/TimeDelayMicrosteps.xml
----------------- Instantiating /home/travis/build/icyphy/ptII/ptolemy/actor/lib/test/auto/TimeDelayMicrosteps.xml
4 ms. Memory: 425984K Free: 360359K (85%)
----------------- Invoking toplevel() on ptolemy.moml.MoMLSimpleApplication@56ef0c4f
----------------- Done invoking toplevel() on ptolemy.moml.MoMLSimpleApplication@56ef0c4f
reloadAllAccessors: .TimeDelayMicrosteps

===========================================================================================
----------------- testing Sun May 10 14:21:01 UTC 2020 /home/travis/build/icyphy/ptII/ptolemy/actor/lib/test/auto/TimeDelayMicrosteps2.xml
----------------- Instantiating /home/travis/build/icyphy/ptII/ptolemy/actor/lib/test/auto/TimeDelayMicrosteps2.xml
3 ms. Memory: 425984K Free: 352663K (83%)
----------------- Invoking toplevel() on ptolemy.moml.MoMLSimpleApplication@190a5cfd
----------------- Done invoking toplevel() on ptolemy.moml.MoMLSimpleApplication@190a5cfd
reloadAllAccessors: .TimeDelayMicrosteps2

===========================================================================================
----------------- testing Sun May 10 14:21:01 UTC 2020 /home/travis/build/icyphy/ptII/ptolemy/actor/lib/test/auto/TimeDelayMicrosteps3.xml
----------------- Instantiating /home/travis/build/icyphy/ptII/ptolemy/actor/lib/test/auto/TimeDelayMicrosteps3.xml
3 ms. Memory: 425984K Free: 346023K (81%)
----------------- Invoking toplevel() on ptolemy.moml.MoMLSimpleApplication@5ada6ad0
----------------- Done invoking toplevel() on ptolemy.moml.MoMLSimpleApplication@5ada6ad0
reloadAllAccessors: .TimeDelayMicrosteps3

===========================================================================================
----------------- testing Sun May 10 14:21:01 UTC 2020 /home/travis/build/icyphy/ptII/ptolemy/actor/lib/test/auto/TimeDelayVariableMicrosteps.xml
----------------- Instantiating /home/travis/build/icyphy/ptII/ptolemy/actor/lib/test/auto/TimeDelayVariableMicrosteps.xml
2 ms. Memory: 425984K Free: 339879K (80%)
----------------- Invoking toplevel() on ptolemy.moml.MoMLSimpleApplication@38387350
----------------- Done invoking toplevel() on ptolemy.moml.MoMLSimpleApplication@38387350
reloadAllAccessors: .TimeDelayVariableMicrosteps

===========================================================================================
----------------- testing Sun May 10 14:21:01 UTC 2020 /home/travis/build/icyphy/ptII/ptolemy/actor/lib/test/auto/TimeGap.xml
----------------- Instantiating /home/travis/build/icyphy/ptII/ptolemy/actor/lib/test/auto/TimeGap.xml
3 ms. Memory: 425984K Free: 334759K (79%)
----------------- Invoking toplevel() on ptolemy.moml.MoMLSimpleApplication@55ae6238
----------------- Done invoking toplevel() on ptolemy.moml.MoMLSimpleApplication@55ae6238
reloadAllAccessors: .TimeGap

===========================================================================================
----------------- testing Sun May 10 14:21:01 UTC 2020 /home/travis/build/icyphy/ptII/ptolemy/actor/lib/test/auto/TimeGap2.xml
----------------- Instantiating /home/travis/build/icyphy/ptII/ptolemy/actor/lib/test/auto/TimeGap2.xml
1 ms. Memory: 425984K Free: 328615K (77%)
----------------- Invoking toplevel() on ptolemy.moml.MoMLSimpleApplication@7408a34f
----------------- Done invoking toplevel() on ptolemy.moml.MoMLSimpleApplication@7408a34f
reloadAllAccessors: .TimeGap2

===========================================================================================
----------------- testing Sun May 10 14:21:01 UTC 2020 /home/travis/build/icyphy/ptII/ptolemy/actor/lib/test/auto/TimedSinewave.xml
----------------- Instantiating /home/travis/build/icyphy/ptII/ptolemy/actor/lib/test/auto/TimedSinewave.xml
18 ms. Memory: 425984K Free: 314279K (74%)
----------------- Invoking toplevel() on ptolemy.moml.MoMLSimpleApplication@45ab99db
----------------- Done invoking toplevel() on ptolemy.moml.MoMLSimpleApplication@45ab99db
reloadAllAccessors: .TimedSinewave

===========================================================================================
----------------- testing Sun May 10 14:21:01 UTC 2020 /home/travis/build/icyphy/ptII/ptolemy/actor/lib/test/auto/TimedSinewavePhase.xml
----------------- Instantiating /home/travis/build/icyphy/ptII/ptolemy/actor/lib/test/auto/TimedSinewavePhase.xml
8 ms. Memory: 425984K Free: 304549K (71%)
----------------- Invoking toplevel() on ptolemy.moml.MoMLSimpleApplication@161adf2c
----------------- Done invoking toplevel() on ptolemy.moml.MoMLSimpleApplication@161adf2c
reloadAllAccessors: .TimedSinewavePhase

===========================================================================================
----------------- testing Sun May 10 14:21:01 UTC 2020 /home/travis/build/icyphy/ptII/ptolemy/actor/lib/test/auto/Timer.xml
----------------- Instantiating /home/travis/build/icyphy/ptII/ptolemy/actor/lib/test/auto/Timer.xml
3 ms. Memory: 425984K Free: 298919K (70%)
----------------- Invoking toplevel() on ptolemy.moml.MoMLSimpleApplication@5e52910d
----------------- Done invoking toplevel() on ptolemy.moml.MoMLSimpleApplication@5e52910d
reloadAllAccessors: .Timer

===========================================================================================
----------------- testing Sun May 10 14:21:01 UTC 2020 /home/travis/build/icyphy/ptII/ptolemy/actor/lib/test/auto/TriangularDistTestModel.xml
----------------- Instantiating /home/travis/build/icyphy/ptII/ptolemy/actor/lib/test/auto/TriangularDistTestModel.xml
2 ms. Memory: 425984K Free: 292775K (69%)
----------------- Invoking toplevel() on ptolemy.moml.MoMLSimpleApplication@605fa08
----------------- Done invoking toplevel() on ptolemy.moml.MoMLSimpleApplication@605fa08
reloadAllAccessors: .TriangularDistTestModel

===========================================================================================
----------------- testing Sun May 10 14:21:01 UTC 2020 /home/travis/build/icyphy/ptII/ptolemy/actor/lib/test/auto/TrigFunction.xml
----------------- Instantiating /home/travis/build/icyphy/ptII/ptolemy/actor/lib/test/auto/TrigFunction.xml
1 ms. Memory: 425984K Free: 288165K (68%)
----------------- Invoking toplevel() on ptolemy.moml.MoMLSimpleApplication@54db3d1f
----------------- Done invoking toplevel() on ptolemy.moml.MoMLSimpleApplication@54db3d1f
reloadAllAccessors: .TrigFunction

===========================================================================================
----------------- testing Sun May 10 14:21:01 UTC 2020 /home/travis/build/icyphy/ptII/ptolemy/actor/lib/test/auto/TrigFunctionDE.xml
----------------- Instantiating /home/travis/build/icyphy/ptII/ptolemy/actor/lib/test/auto/TrigFunctionDE.xml
2 ms. Memory: 425984K Free: 282535K (66%)
----------------- Invoking toplevel() on ptolemy.moml.MoMLSimpleApplication@1f1ca451
----------------- Done invoking toplevel() on ptolemy.moml.MoMLSimpleApplication@1f1ca451
reloadAllAccessors: .TrigFunctionDE

===========================================================================================
----------------- testing Sun May 10 14:21:01 UTC 2020 /home/travis/build/icyphy/ptII/ptolemy/actor/lib/test/auto/TrigFunctionInverse.xml
----------------- Instantiating /home/travis/build/icyphy/ptII/ptolemy/actor/lib/test/auto/TrigFunctionInverse.xml
1 ms. Memory: 425984K Free: 277415K (65%)
----------------- Invoking toplevel() on ptolemy.moml.MoMLSimpleApplication@114eb1ce
----------------- Done invoking toplevel() on ptolemy.moml.MoMLSimpleApplication@114eb1ce
reloadAllAccessors: .TrigFunctionInverse

===========================================================================================
----------------- testing Sun May 10 14:21:01 UTC 2020 /home/travis/build/icyphy/ptII/ptolemy/actor/lib/test/auto/TrigFunctionTan.xml
----------------- Instantiating /home/travis/build/icyphy/ptII/ptolemy/actor/lib/test/auto/TrigFunctionTan.xml
7 ms. Memory: 425984K Free: 272805K (64%)
----------------- Invoking toplevel() on ptolemy.moml.MoMLSimpleApplication@5288871c
----------------- Done invoking toplevel() on ptolemy.moml.MoMLSimpleApplication@5288871c
reloadAllAccessors: .TrigFunctionTan

===========================================================================================
----------------- testing Sun May 10 14:21:01 UTC 2020 /home/travis/build/icyphy/ptII/ptolemy/actor/lib/test/auto/TriggeredClock.xml
----------------- Instantiating /home/travis/build/icyphy/ptII/ptolemy/actor/lib/test/auto/TriggeredClock.xml
2 ms. Memory: 425984K Free: 267175K (63%)
----------------- Invoking toplevel() on ptolemy.moml.MoMLSimpleApplication@7bf14656
----------------- Done invoking toplevel() on ptolemy.moml.MoMLSimpleApplication@7bf14656
reloadAllAccessors: .TriggeredClock

===========================================================================================
----------------- testing Sun May 10 14:21:01 UTC 2020 /home/travis/build/icyphy/ptII/ptolemy/actor/lib/test/auto/URLDirectoryReader.xml
----------------- Instantiating /home/travis/build/icyphy/ptII/ptolemy/actor/lib/test/auto/URLDirectoryReader.xml
25 ms. Memory: 425984K Free: 257959K (61%)
----------------- Invoking toplevel() on ptolemy.moml.MoMLSimpleApplication@79805eda
----------------- Done invoking toplevel() on ptolemy.moml.MoMLSimpleApplication@79805eda
reloadAllAccessors: .URLDirectoryReader

===========================================================================================
----------------- testing Sun May 10 14:21:01 UTC 2020 /home/travis/build/icyphy/ptII/ptolemy/actor/lib/test/auto/URLDirectoryReader3.xml
----------------- Instantiating /home/travis/build/icyphy/ptII/ptolemy/actor/lib/test/auto/URLDirectoryReader3.xml
1299 ms. Memory: 425984K Free: 366761K (86%)
----------------- Invoking toplevel() on ptolemy.moml.MoMLSimpleApplication@20ee1ba4
----------------- Done invoking toplevel() on ptolemy.moml.MoMLSimpleApplication@20ee1ba4
reloadAllAccessors: .URLDirectoryReader3

===========================================================================================
----------------- testing Sun May 10 14:21:03 UTC 2020 /home/travis/build/icyphy/ptII/ptolemy/actor/lib/test/auto/UnaryMathFunction.xml
----------------- Instantiating /home/travis/build/icyphy/ptII/ptolemy/actor/lib/test/auto/UnaryMathFunction.xml
2 ms. Memory: 425984K Free: 359079K (84%)
----------------- Invoking toplevel() on ptolemy.moml.MoMLSimpleApplication@18d78198
----------------- Done invoking toplevel() on ptolemy.moml.MoMLSimpleApplication@18d78198
reloadAllAccessors: .UnaryMathFunction

===========================================================================================
----------------- testing Sun May 10 14:21:03 UTC 2020 /home/travis/build/icyphy/ptII/ptolemy/actor/lib/test/auto/Uniform.xml
----------------- Instantiating /home/travis/build/icyphy/ptII/ptolemy/actor/lib/test/auto/Uniform.xml
4 ms. Memory: 425984K Free: 353953K (83%)
----------------- Invoking toplevel() on ptolemy.moml.MoMLSimpleApplication@5a87353b
----------------- Done invoking toplevel() on ptolemy.moml.MoMLSimpleApplication@5a87353b
reloadAllAccessors: .Uniform

===========================================================================================
----------------- testing Sun May 10 14:21:03 UTC 2020 /home/travis/build/icyphy/ptII/ptolemy/actor/lib/test/auto/UnionDisassemblerTest.xml
----------------- Instantiating /home/travis/build/icyphy/ptII/ptolemy/actor/lib/test/auto/UnionDisassemblerTest.xml
16 ms. Memory: 425984K Free: 349863K (82%)
----------------- Invoking toplevel() on ptolemy.moml.MoMLSimpleApplication@3139a723
----------------- Done invoking toplevel() on ptolemy.moml.MoMLSimpleApplication@3139a723
reloadAllAccessors: .UnionDisassemblerTest

===========================================================================================
----------------- testing Sun May 10 14:21:03 UTC 2020 /home/travis/build/icyphy/ptII/ptolemy/actor/lib/test/auto/UtilityFunctions.xml
----------------- Instantiating /home/travis/build/icyphy/ptII/ptolemy/actor/lib/test/auto/UtilityFunctions.xml
1 ms. Memory: 425984K Free: 346281K (81%)
----------------- Invoking toplevel() on ptolemy.moml.MoMLSimpleApplication@65a8171e
----------------- Done invoking toplevel() on ptolemy.moml.MoMLSimpleApplication@65a8171e
reloadAllAccessors: .UtilityFunctions

===========================================================================================
----------------- testing Sun May 10 14:21:03 UTC 2020 /home/travis/build/icyphy/ptII/ptolemy/actor/lib/test/auto/VariableSleep.xml
----------------- Instantiating /home/travis/build/icyphy/ptII/ptolemy/actor/lib/test/auto/VariableSleep.xml
503 ms. Memory: 425984K Free: 340647K (80%)
----------------- Invoking toplevel() on ptolemy.moml.MoMLSimpleApplication@2cf9791f
----------------- Done invoking toplevel() on ptolemy.moml.MoMLSimpleApplication@2cf9791f
reloadAllAccessors: .VariableSleep

===========================================================================================
----------------- testing Sun May 10 14:21:04 UTC 2020 /home/travis/build/icyphy/ptII/ptolemy/actor/lib/test/auto/VectorAssemblerDisassemblerCT.xml
----------------- Instantiating /home/travis/build/icyphy/ptII/ptolemy/actor/lib/test/auto/VectorAssemblerDisassemblerCT.xml
65 ms. Memory: 425984K Free: 320681K (75%)
----------------- Invoking toplevel() on ptolemy.moml.MoMLSimpleApplication@552313ff
----------------- Done invoking toplevel() on ptolemy.moml.MoMLSimpleApplication@552313ff
reloadAllAccessors: .VectorAssemblerDisassemblerCT

===========================================================================================
----------------- testing Sun May 10 14:21:04 UTC 2020 /home/travis/build/icyphy/ptII/ptolemy/actor/lib/test/auto/VectorAssemblerDisassemblerDE.xml
----------------- Instantiating /home/travis/build/icyphy/ptII/ptolemy/actor/lib/test/auto/VectorAssemblerDisassemblerDE.xml
2 ms. Memory: 425984K Free: 313513K (74%)
----------------- Invoking toplevel() on ptolemy.moml.MoMLSimpleApplication@4c9720c4
----------------- Done invoking toplevel() on ptolemy.moml.MoMLSimpleApplication@4c9720c4
reloadAllAccessors: .VectorAssemblerDisassemblerDE

===========================================================================================
----------------- testing Sun May 10 14:21:04 UTC 2020 /home/travis/build/icyphy/ptII/ptolemy/actor/lib/test/auto/VectorAssemblerDisassemblerSDF.xml
----------------- Instantiating /home/travis/build/icyphy/ptII/ptolemy/actor/lib/test/auto/VectorAssemblerDisassemblerSDF.xml
2 ms. Memory: 425984K Free: 307369K (72%)
----------------- Invoking toplevel() on ptolemy.moml.MoMLSimpleApplication@65c12661
----------------- Done invoking toplevel() on ptolemy.moml.MoMLSimpleApplication@65c12661
reloadAllAccessors: .VectorAssemblerDisassemblerSDF

===========================================================================================
----------------- testing Sun May 10 14:21:04 UTC 2020 /home/travis/build/icyphy/ptII/ptolemy/actor/lib/test/auto/WallClockTime.xml
----------------- Instantiating /home/travis/build/icyphy/ptII/ptolemy/actor/lib/test/auto/WallClockTime.xml
1004 ms. Memory: 425984K Free: 301735K (71%)
----------------- Invoking toplevel() on ptolemy.moml.MoMLSimpleApplication@2589ced5
----------------- Done invoking toplevel() on ptolemy.moml.MoMLSimpleApplication@2589ced5
reloadAllAccessors: .WallClockTime

===========================================================================================
----------------- testing Sun May 10 14:21:05 UTC 2020 /home/travis/build/icyphy/ptII/ptolemy/actor/lib/test/auto/WidthTestWithSubscriberPublisher.xml
----------------- Instantiating /home/travis/build/icyphy/ptII/ptolemy/actor/lib/test/auto/WidthTestWithSubscriberPublisher.xml
8 ms. Memory: 425984K Free: 283817K (67%)
----------------- Invoking toplevel() on ptolemy.moml.MoMLSimpleApplication@272f0bdf
----------------- Done invoking toplevel() on ptolemy.moml.MoMLSimpleApplication@272f0bdf
reloadAllAccessors: .WidthTestWithSubscriberPublisher

===========================================================================================
----------------- testing Sun May 10 14:21:05 UTC 2020 /home/travis/build/icyphy/ptII/ptolemy/actor/lib/test/auto/WidthTestWithSubscriberPublisher2.xml
----------------- Instantiating /home/travis/build/icyphy/ptII/ptolemy/actor/lib/test/auto/WidthTestWithSubscriberPublisher2.xml
2 ms. Memory: 425984K Free: 276135K (65%)
----------------- Invoking toplevel() on ptolemy.moml.MoMLSimpleApplication@13a7e7ef
----------------- Done invoking toplevel() on ptolemy.moml.MoMLSimpleApplication@13a7e7ef
reloadAllAccessors: .WidthTestWithSubscriberPublisher2

===========================================================================================
----------------- testing Sun May 10 14:21:05 UTC 2020 /home/travis/build/icyphy/ptII/ptolemy/actor/lib/test/auto/WidthTestWithSubscriberPublisher3.xml
----------------- Instantiating /home/travis/build/icyphy/ptII/ptolemy/actor/lib/test/auto/WidthTestWithSubscriberPublisher3.xml
1 ms. Memory: 425984K Free: 269991K (63%)
----------------- Invoking toplevel() on ptolemy.moml.MoMLSimpleApplication@2f469bc9
----------------- Done invoking toplevel() on ptolemy.moml.MoMLSimpleApplication@2f469bc9
reloadAllAccessors: .WidthTestWithSubscriberPublisher3

===========================================================================================
----------------- testing Sun May 10 14:21:05 UTC 2020 /home/travis/build/icyphy/ptII/ptolemy/actor/lib/test/auto/Writer.xml
----------------- Instantiating /home/travis/build/icyphy/ptII/ptolemy/actor/lib/test/auto/Writer.xml
0
1
2
3
4
1 ms. Memory: 425984K Free: 265865K (62%)
----------------- Invoking toplevel() on ptolemy.moml.MoMLSimpleApplication@32cfabb6
----------------- Done invoking toplevel() on ptolemy.moml.MoMLSimpleApplication@32cfabb6
reloadAllAccessors: .Writer

===========================================================================================
----------------- testing Sun May 10 14:21:05 UTC 2020 /home/travis/build/icyphy/ptII/ptolemy/actor/lib/test/auto/array.xml
----------------- Instantiating /home/travis/build/icyphy/ptII/ptolemy/actor/lib/test/auto/array.xml
2 ms. Memory: 425984K Free: 261289K (61%)
----------------- Invoking toplevel() on ptolemy.moml.MoMLSimpleApplication@31509094
----------------- Done invoking toplevel() on ptolemy.moml.MoMLSimpleApplication@31509094
reloadAllAccessors: .array

===========================================================================================
----------------- testing Sun May 10 14:21:05 UTC 2020 /home/travis/build/icyphy/ptII/ptolemy/actor/lib/test/auto/array2.xml
----------------- Instantiating /home/travis/build/icyphy/ptII/ptolemy/actor/lib/test/auto/array2.xml
2 ms. Memory: 425984K Free: 256169K (60%)
----------------- Invoking toplevel() on ptolemy.moml.MoMLSimpleApplication@3b9dbfbe
----------------- Done invoking toplevel() on ptolemy.moml.MoMLSimpleApplication@3b9dbfbe
reloadAllAccessors: .array2

===========================================================================================
----------------- testing Sun May 10 14:21:05 UTC 2020 /home/travis/build/icyphy/ptII/ptolemy/actor/lib/test/auto/arrayType.xml
----------------- Instantiating /home/travis/build/icyphy/ptII/ptolemy/actor/lib/test/auto/arrayType.xml
1 ms. Memory: 425984K Free: 251049K (59%)
----------------- Invoking toplevel() on ptolemy.moml.MoMLSimpleApplication@45f7cf7c
----------------- Done invoking toplevel() on ptolemy.moml.MoMLSimpleApplication@45f7cf7c
reloadAllAccessors: .arrayType

===========================================================================================
----------------- testing Sun May 10 14:21:05 UTC 2020 /home/travis/build/icyphy/ptII/ptolemy/actor/lib/test/auto/arrayType10.xml
----------------- Instantiating /home/travis/build/icyphy/ptII/ptolemy/actor/lib/test/auto/arrayType10.xml
1 ms. Memory: 425984K Free: 246439K (58%)
----------------- Invoking toplevel() on ptolemy.moml.MoMLSimpleApplication@2a594b5c
----------------- Done invoking toplevel() on ptolemy.moml.MoMLSimpleApplication@2a594b5c
reloadAllAccessors: .arrayType10

===========================================================================================
----------------- testing Sun May 10 14:21:05 UTC 2020 /home/travis/build/icyphy/ptII/ptolemy/actor/lib/test/auto/arrayType11.xml
----------------- Instantiating /home/travis/build/icyphy/ptII/ptolemy/actor/lib/test/auto/arrayType11.xml
1 ms. Memory: 425984K Free: 241319K (57%)
----------------- Invoking toplevel() on ptolemy.moml.MoMLSimpleApplication@731e5f31
----------------- Done invoking toplevel() on ptolemy.moml.MoMLSimpleApplication@731e5f31
reloadAllAccessors: .arrayType11

===========================================================================================
----------------- testing Sun May 10 14:21:05 UTC 2020 /home/travis/build/icyphy/ptII/ptolemy/actor/lib/test/auto/arrayType12.xml
----------------- Instantiating /home/travis/build/icyphy/ptII/ptolemy/actor/lib/test/auto/arrayType12.xml
1 ms. Memory: 425984K Free: 236713K (56%)
----------------- Invoking toplevel() on ptolemy.moml.MoMLSimpleApplication@149e0747
----------------- Done invoking toplevel() on ptolemy.moml.MoMLSimpleApplication@149e0747
reloadAllAccessors: .arrayType12

===========================================================================================
----------------- testing Sun May 10 14:21:05 UTC 2020 /home/travis/build/icyphy/ptII/ptolemy/actor/lib/test/auto/arrayType13.xml
----------------- Instantiating /home/travis/build/icyphy/ptII/ptolemy/actor/lib/test/auto/arrayType13.xml
1 ms. Memory: 425984K Free: 231593K (54%)
----------------- Invoking toplevel() on ptolemy.moml.MoMLSimpleApplication@20dbd132
----------------- Done invoking toplevel() on ptolemy.moml.MoMLSimpleApplication@20dbd132
reloadAllAccessors: .arrayType13

===========================================================================================
----------------- testing Sun May 10 14:21:05 UTC 2020 /home/travis/build/icyphy/ptII/ptolemy/actor/lib/test/auto/arrayType14.xml
----------------- Instantiating /home/travis/build/icyphy/ptII/ptolemy/actor/lib/test/auto/arrayType14.xml
1 ms. Memory: 425984K Free: 225959K (53%)
----------------- Invoking toplevel() on ptolemy.moml.MoMLSimpleApplication@5ce05275
----------------- Done invoking toplevel() on ptolemy.moml.MoMLSimpleApplication@5ce05275
reloadAllAccessors: .arrayType14

===========================================================================================
----------------- testing Sun May 10 14:21:05 UTC 2020 /home/travis/build/icyphy/ptII/ptolemy/actor/lib/test/auto/arrayType15.xml
----------------- Instantiating /home/travis/build/icyphy/ptII/ptolemy/actor/lib/test/auto/arrayType15.xml
2 ms. Memory: 425984K Free: 220839K (52%)
----------------- Invoking toplevel() on ptolemy.moml.MoMLSimpleApplication@2dd4ba3f
----------------- Done invoking toplevel() on ptolemy.moml.MoMLSimpleApplication@2dd4ba3f
reloadAllAccessors: .arrayType15

===========================================================================================
----------------- testing Sun May 10 14:21:05 UTC 2020 /home/travis/build/icyphy/ptII/ptolemy/actor/lib/test/auto/arrayType16.xml
----------------- Instantiating /home/travis/build/icyphy/ptII/ptolemy/actor/lib/test/auto/arrayType16.xml
1 ms. Memory: 425984K Free: 215719K (51%)
----------------- Invoking toplevel() on ptolemy.moml.MoMLSimpleApplication@3bf51217
----------------- Done invoking toplevel() on ptolemy.moml.MoMLSimpleApplication@3bf51217
reloadAllAccessors: .arrayType16

===========================================================================================
----------------- testing Sun May 10 14:21:05 UTC 2020 /home/travis/build/icyphy/ptII/ptolemy/actor/lib/test/auto/arrayType17.xml
----------------- Instantiating /home/travis/build/icyphy/ptII/ptolemy/actor/lib/test/auto/arrayType17.xml
1 ms. Memory: 425984K Free: 210089K (49%)
----------------- Invoking toplevel() on ptolemy.moml.MoMLSimpleApplication@192fb0dc
----------------- Done invoking toplevel() on ptolemy.moml.MoMLSimpleApplication@192fb0dc
reloadAllAccessors: .arrayType17

===========================================================================================
----------------- testing Sun May 10 14:21:05 UTC 2020 /home/travis/build/icyphy/ptII/ptolemy/actor/lib/test/auto/arrayType18.xml
----------------- Instantiating /home/travis/build/icyphy/ptII/ptolemy/actor/lib/test/auto/arrayType18.xml
1 ms. Memory: 425984K Free: 205479K (48%)
----------------- Invoking toplevel() on ptolemy.moml.MoMLSimpleApplication@7cb357bc
----------------- Done invoking toplevel() on ptolemy.moml.MoMLSimpleApplication@7cb357bc
reloadAllAccessors: .arrayType18

===========================================================================================
----------------- testing Sun May 10 14:21:05 UTC 2020 /home/travis/build/icyphy/ptII/ptolemy/actor/lib/test/auto/arrayType19.xml
----------------- Instantiating /home/travis/build/icyphy/ptII/ptolemy/actor/lib/test/auto/arrayType19.xml
1 ms. Memory: 425984K Free: 200873K (47%)
----------------- Invoking toplevel() on ptolemy.moml.MoMLSimpleApplication@32c44974
----------------- Done invoking toplevel() on ptolemy.moml.MoMLSimpleApplication@32c44974
reloadAllAccessors: .arrayType19

===========================================================================================
----------------- testing Sun May 10 14:21:05 UTC 2020 /home/travis/build/icyphy/ptII/ptolemy/actor/lib/test/auto/arrayType2.xml
----------------- Instantiating /home/travis/build/icyphy/ptII/ptolemy/actor/lib/test/auto/arrayType2.xml
2 ms. Memory: 425984K Free: 195239K (46%)
----------------- Invoking toplevel() on ptolemy.moml.MoMLSimpleApplication@5aba48f6
----------------- Done invoking toplevel() on ptolemy.moml.MoMLSimpleApplication@5aba48f6
reloadAllAccessors: .arrayType2

===========================================================================================
----------------- testing Sun May 10 14:21:05 UTC 2020 /home/travis/build/icyphy/ptII/ptolemy/actor/lib/test/auto/arrayType20.xml
----------------- Instantiating /home/travis/build/icyphy/ptII/ptolemy/actor/lib/test/auto/arrayType20.xml
1 ms. Memory: 425984K Free: 190633K (45%)
----------------- Invoking toplevel() on ptolemy.moml.MoMLSimpleApplication@7e1de333
----------------- Done invoking toplevel() on ptolemy.moml.MoMLSimpleApplication@7e1de333
reloadAllAccessors: .arrayType20

===========================================================================================
----------------- testing Sun May 10 14:21:05 UTC 2020 /home/travis/build/icyphy/ptII/ptolemy/actor/lib/test/auto/arrayType21.xml
----------------- Instantiating /home/travis/build/icyphy/ptII/ptolemy/actor/lib/test/auto/arrayType21.xml
3 ms. Memory: 425984K Free: 185513K (44%)
----------------- Invoking toplevel() on ptolemy.moml.MoMLSimpleApplication@5fbac906
----------------- Done invoking toplevel() on ptolemy.moml.MoMLSimpleApplication@5fbac906
reloadAllAccessors: .arrayType21

===========================================================================================
----------------- testing Sun May 10 14:21:05 UTC 2020 /home/travis/build/icyphy/ptII/ptolemy/actor/lib/test/auto/arrayType22.xml
----------------- Instantiating /home/travis/build/icyphy/ptII/ptolemy/actor/lib/test/auto/arrayType22.xml
1 ms. Memory: 425984K Free: 180903K (42%)
----------------- Invoking toplevel() on ptolemy.moml.MoMLSimpleApplication@1ab56045
----------------- Done invoking toplevel() on ptolemy.moml.MoMLSimpleApplication@1ab56045
reloadAllAccessors: .arrayType22

===========================================================================================
----------------- testing Sun May 10 14:21:05 UTC 2020 /home/travis/build/icyphy/ptII/ptolemy/actor/lib/test/auto/arrayType23.xml
----------------- Instantiating /home/travis/build/icyphy/ptII/ptolemy/actor/lib/test/auto/arrayType23.xml
1 ms. Memory: 425984K Free: 176297K (41%)
----------------- Invoking toplevel() on ptolemy.moml.MoMLSimpleApplication@1e435362
----------------- Done invoking toplevel() on ptolemy.moml.MoMLSimpleApplication@1e435362
reloadAllAccessors: .arrayType23

===========================================================================================
----------------- testing Sun May 10 14:21:05 UTC 2020 /home/travis/build/icyphy/ptII/ptolemy/actor/lib/test/auto/arrayType24.xml
----------------- Instantiating /home/travis/build/icyphy/ptII/ptolemy/actor/lib/test/auto/arrayType24.xml
1 ms. Memory: 425984K Free: 171177K (40%)
----------------- Invoking toplevel() on ptolemy.moml.MoMLSimpleApplication@337aae2c
----------------- Done invoking toplevel() on ptolemy.moml.MoMLSimpleApplication@337aae2c
reloadAllAccessors: .arrayType24

===========================================================================================
----------------- testing Sun May 10 14:21:05 UTC 2020 /home/travis/build/icyphy/ptII/ptolemy/actor/lib/test/auto/arrayType25.xml
----------------- Instantiating /home/travis/build/icyphy/ptII/ptolemy/actor/lib/test/auto/arrayType25.xml
1 ms. Memory: 425984K Free: 166057K (39%)
----------------- Invoking toplevel() on ptolemy.moml.MoMLSimpleApplication@5abdcc62
----------------- Done invoking toplevel() on ptolemy.moml.MoMLSimpleApplication@5abdcc62
reloadAllAccessors: .arrayType25

===========================================================================================
----------------- testing Sun May 10 14:21:05 UTC 2020 /home/travis/build/icyphy/ptII/ptolemy/actor/lib/test/auto/arrayType26.xml
----------------- Instantiating /home/travis/build/icyphy/ptII/ptolemy/actor/lib/test/auto/arrayType26.xml
1 ms. Memory: 425984K Free: 160937K (38%)
----------------- Invoking toplevel() on ptolemy.moml.MoMLSimpleApplication@31571198
----------------- Done invoking toplevel() on ptolemy.moml.MoMLSimpleApplication@31571198
reloadAllAccessors: .arrayType26

===========================================================================================
----------------- testing Sun May 10 14:21:05 UTC 2020 /home/travis/build/icyphy/ptII/ptolemy/actor/lib/test/auto/arrayType27.xml
----------------- Instantiating /home/travis/build/icyphy/ptII/ptolemy/actor/lib/test/auto/arrayType27.xml
1 ms. Memory: 425984K Free: 155303K (36%)
----------------- Invoking toplevel() on ptolemy.moml.MoMLSimpleApplication@7a4a1b20
----------------- Done invoking toplevel() on ptolemy.moml.MoMLSimpleApplication@7a4a1b20
reloadAllAccessors: .arrayType27

===========================================================================================
----------------- testing Sun May 10 14:21:05 UTC 2020 /home/travis/build/icyphy/ptII/ptolemy/actor/lib/test/auto/arrayType28.xml
----------------- Instantiating /home/travis/build/icyphy/ptII/ptolemy/actor/lib/test/auto/arrayType28.xml
1 ms. Memory: 425984K Free: 150183K (35%)
----------------- Invoking toplevel() on ptolemy.moml.MoMLSimpleApplication@668b2cad
----------------- Done invoking toplevel() on ptolemy.moml.MoMLSimpleApplication@668b2cad
reloadAllAccessors: .arrayType28

===========================================================================================
----------------- testing Sun May 10 14:21:05 UTC 2020 /home/travis/build/icyphy/ptII/ptolemy/actor/lib/test/auto/arrayType3.xml
----------------- Instantiating /home/travis/build/icyphy/ptII/ptolemy/actor/lib/test/auto/arrayType3.xml
4 ms. Memory: 425984K Free: 144553K (34%)
----------------- Invoking toplevel() on ptolemy.moml.MoMLSimpleApplication@411ceb90
----------------- Done invoking toplevel() on ptolemy.moml.MoMLSimpleApplication@411ceb90
reloadAllAccessors: .arrayType3

===========================================================================================
----------------- testing Sun May 10 14:21:05 UTC 2020 /home/travis/build/icyphy/ptII/ptolemy/actor/lib/test/auto/arrayType4.xml
----------------- Instantiating /home/travis/build/icyphy/ptII/ptolemy/actor/lib/test/auto/arrayType4.xml
1 ms. Memory: 425984K Free: 139433K (33%)
----------------- Invoking toplevel() on ptolemy.moml.MoMLSimpleApplication@11de2875
----------------- Done invoking toplevel() on ptolemy.moml.MoMLSimpleApplication@11de2875
reloadAllAccessors: .arrayType4

===========================================================================================
----------------- testing Sun May 10 14:21:05 UTC 2020 /home/travis/build/icyphy/ptII/ptolemy/actor/lib/test/auto/arrayType5.xml
----------------- Instantiating /home/travis/build/icyphy/ptII/ptolemy/actor/lib/test/auto/arrayType5.xml
5 ms. Memory: 425984K Free: 134313K (32%)
----------------- Invoking toplevel() on ptolemy.moml.MoMLSimpleApplication@77e4df79
----------------- Done invoking toplevel() on ptolemy.moml.MoMLSimpleApplication@77e4df79
reloadAllAccessors: .arrayType5

===========================================================================================
----------------- testing Sun May 10 14:21:05 UTC 2020 /home/travis/build/icyphy/ptII/ptolemy/actor/lib/test/auto/arrayType6.xml
----------------- Instantiating /home/travis/build/icyphy/ptII/ptolemy/actor/lib/test/auto/arrayType6.xml
1 ms. Memory: 425984K Free: 129193K (30%)
----------------- Invoking toplevel() on ptolemy.moml.MoMLSimpleApplication@22b38875
----------------- Done invoking toplevel() on ptolemy.moml.MoMLSimpleApplication@22b38875
reloadAllAccessors: .arrayType6

===========================================================================================
----------------- testing Sun May 10 14:21:05 UTC 2020 /home/travis/build/icyphy/ptII/ptolemy/actor/lib/test/auto/arrayType7.xml
----------------- Instantiating /home/travis/build/icyphy/ptII/ptolemy/actor/lib/test/auto/arrayType7.xml
2 ms. Memory: 425984K Free: 124583K (29%)
----------------- Invoking toplevel() on ptolemy.moml.MoMLSimpleApplication@5088d53b
----------------- Done invoking toplevel() on ptolemy.moml.MoMLSimpleApplication@5088d53b
reloadAllAccessors: .arrayType7

===========================================================================================
----------------- testing Sun May 10 14:21:05 UTC 2020 /home/travis/build/icyphy/ptII/ptolemy/actor/lib/test/auto/arrayType8.xml
----------------- Instantiating /home/travis/build/icyphy/ptII/ptolemy/actor/lib/test/auto/arrayType8.xml
2 ms. Memory: 425984K Free: 369586K (87%)
----------------- Invoking toplevel() on ptolemy.moml.MoMLSimpleApplication@422ebf6b
----------------- Done invoking toplevel() on ptolemy.moml.MoMLSimpleApplication@422ebf6b
reloadAllAccessors: .arrayType8

===========================================================================================
----------------- testing Sun May 10 14:21:05 UTC 2020 /home/travis/build/icyphy/ptII/ptolemy/actor/lib/test/auto/arrayType9.xml
----------------- Instantiating /home/travis/build/icyphy/ptII/ptolemy/actor/lib/test/auto/arrayType9.xml
2 ms. Memory: 425984K Free: 364466K (86%)
----------------- Invoking toplevel() on ptolemy.moml.MoMLSimpleApplication@7fd7aef9
----------------- Done invoking toplevel() on ptolemy.moml.MoMLSimpleApplication@7fd7aef9
reloadAllAccessors: .arrayType9

===========================================================================================
----------------- testing Sun May 10 14:21:05 UTC 2020 /home/travis/build/icyphy/ptII/ptolemy/actor/lib/test/auto/cast.xml
----------------- Instantiating /home/travis/build/icyphy/ptII/ptolemy/actor/lib/test/auto/cast.xml
2 ms. Memory: 425984K Free: 359860K (84%)
----------------- Invoking toplevel() on ptolemy.moml.MoMLSimpleApplication@456c1550
----------------- Done invoking toplevel() on ptolemy.moml.MoMLSimpleApplication@456c1550
reloadAllAccessors: .cast

===========================================================================================
----------------- testing Sun May 10 14:21:05 UTC 2020 /home/travis/build/icyphy/ptII/ptolemy/actor/lib/test/auto/compositeMultiPort.xml
----------------- Instantiating /home/travis/build/icyphy/ptII/ptolemy/actor/lib/test/auto/compositeMultiPort.xml
3 ms. Memory: 425984K Free: 350644K (82%)
----------------- Invoking toplevel() on ptolemy.moml.MoMLSimpleApplication@687f4833
----------------- Done invoking toplevel() on ptolemy.moml.MoMLSimpleApplication@687f4833
reloadAllAccessors: .compositeMultiPort

===========================================================================================
----------------- testing Sun May 10 14:21:05 UTC 2020 /home/travis/build/icyphy/ptII/ptolemy/actor/lib/test/auto/expressionCastInference.xml
----------------- Instantiating /home/travis/build/icyphy/ptII/ptolemy/actor/lib/test/auto/expressionCastInference.xml
2 ms. Memory: 425984K Free: 346034K (81%)
----------------- Invoking toplevel() on ptolemy.moml.MoMLSimpleApplication@78d96bc7
----------------- Done invoking toplevel() on ptolemy.moml.MoMLSimpleApplication@78d96bc7
reloadAllAccessors: .expressionCastInference

===========================================================================================
----------------- testing Sun May 10 14:21:05 UTC 2020 /home/travis/build/icyphy/ptII/ptolemy/actor/lib/test/auto/expressionCastInference2.xml
----------------- Instantiating /home/travis/build/icyphy/ptII/ptolemy/actor/lib/test/auto/expressionCastInference2.xml
1 ms. Memory: 425984K Free: 340914K (80%)
----------------- Invoking toplevel() on ptolemy.moml.MoMLSimpleApplication@398ca754
----------------- Done invoking toplevel() on ptolemy.moml.MoMLSimpleApplication@398ca754
reloadAllAccessors: .expressionCastInference2

===========================================================================================
----------------- testing Sun May 10 14:21:05 UTC 2020 /home/travis/build/icyphy/ptII/ptolemy/actor/lib/test/auto/expressionInference.xml
----------------- Instantiating /home/travis/build/icyphy/ptII/ptolemy/actor/lib/test/auto/expressionInference.xml
1 ms. Memory: 425984K Free: 336818K (79%)
----------------- Invoking toplevel() on ptolemy.moml.MoMLSimpleApplication@361e924a
----------------- Done invoking toplevel() on ptolemy.moml.MoMLSimpleApplication@361e924a
reloadAllAccessors: .expressionInference

===========================================================================================
----------------- testing Sun May 10 14:21:05 UTC 2020 /home/travis/build/icyphy/ptII/ptolemy/actor/lib/test/auto/expression_bug.xml
----------------- Instantiating /home/travis/build/icyphy/ptII/ptolemy/actor/lib/test/auto/expression_bug.xml
1 ms. Memory: 425984K Free: 332722K (78%)
----------------- Invoking toplevel() on ptolemy.moml.MoMLSimpleApplication@403db03f
----------------- Done invoking toplevel() on ptolemy.moml.MoMLSimpleApplication@403db03f
reloadAllAccessors: .expression_bug

===========================================================================================
----------------- testing Sun May 10 14:21:05 UTC 2020 /home/travis/build/icyphy/ptII/ptolemy/actor/lib/test/auto/factorial.xml
----------------- Instantiating /home/travis/build/icyphy/ptII/ptolemy/actor/lib/test/auto/factorial.xml
26 ms. Memory: 425984K Free: 324020K (76%)
----------------- Invoking toplevel() on ptolemy.moml.MoMLSimpleApplication@1f3a2a0a
----------------- Done invoking toplevel() on ptolemy.moml.MoMLSimpleApplication@1f3a2a0a
reloadAllAccessors: .factorial

===========================================================================================
----------------- testing Sun May 10 14:21:05 UTC 2020 /home/travis/build/icyphy/ptII/ptolemy/actor/lib/test/auto/filterTest1.xml
----------------- Instantiating /home/travis/build/icyphy/ptII/ptolemy/actor/lib/test/auto/filterTest1.xml
3 ms. Memory: 425984K Free: 318386K (75%)
----------------- Invoking toplevel() on ptolemy.moml.MoMLSimpleApplication@5fd7907b
----------------- Done invoking toplevel() on ptolemy.moml.MoMLSimpleApplication@5fd7907b
reloadAllAccessors: .filterTest1

===========================================================================================
----------------- testing Sun May 10 14:21:05 UTC 2020 /home/travis/build/icyphy/ptII/ptolemy/actor/lib/test/auto/funcApplyInConst.xml
----------------- Instantiating /home/travis/build/icyphy/ptII/ptolemy/actor/lib/test/auto/funcApplyInConst.xml
1 ms. Memory: 425984K Free: 314290K (74%)
----------------- Invoking toplevel() on ptolemy.moml.MoMLSimpleApplication@6ed7f96
----------------- Done invoking toplevel() on ptolemy.moml.MoMLSimpleApplication@6ed7f96
reloadAllAccessors: .funcApplyInConst

===========================================================================================
----------------- testing Sun May 10 14:21:05 UTC 2020 /home/travis/build/icyphy/ptII/ptolemy/actor/lib/test/auto/funcApplyInExpr.xml
----------------- Instantiating /home/travis/build/icyphy/ptII/ptolemy/actor/lib/test/auto/funcApplyInExpr.xml
1 ms. Memory: 425984K Free: 310708K (73%)
----------------- Invoking toplevel() on ptolemy.moml.MoMLSimpleApplication@6c027e80
----------------- Done invoking toplevel() on ptolemy.moml.MoMLSimpleApplication@6c027e80
reloadAllAccessors: .funcApplyInExpr

===========================================================================================
----------------- testing Sun May 10 14:21:05 UTC 2020 /home/travis/build/icyphy/ptII/ptolemy/actor/lib/test/auto/function.xml
----------------- Instantiating /home/travis/build/icyphy/ptII/ptolemy/actor/lib/test/auto/function.xml
1 ms. Memory: 425984K Free: 305588K (72%)
----------------- Invoking toplevel() on ptolemy.moml.MoMLSimpleApplication@50c77ab9
----------------- Done invoking toplevel() on ptolemy.moml.MoMLSimpleApplication@50c77ab9
reloadAllAccessors: .function

===========================================================================================
----------------- testing Sun May 10 14:21:05 UTC 2020 /home/travis/build/icyphy/ptII/ptolemy/actor/lib/test/auto/function2.xml
----------------- Instantiating /home/travis/build/icyphy/ptII/ptolemy/actor/lib/test/auto/function2.xml
2 ms. Memory: 425984K Free: 300978K (71%)
----------------- Invoking toplevel() on ptolemy.moml.MoMLSimpleApplication@7827a692
----------------- Done invoking toplevel() on ptolemy.moml.MoMLSimpleApplication@7827a692
reloadAllAccessors: .function2

===========================================================================================
----------------- testing Sun May 10 14:21:05 UTC 2020 /home/travis/build/icyphy/ptII/ptolemy/actor/lib/test/auto/function3.xml
----------------- Instantiating /home/travis/build/icyphy/ptII/ptolemy/actor/lib/test/auto/function3.xml
1 ms. Memory: 425984K Free: 297396K (70%)
----------------- Invoking toplevel() on ptolemy.moml.MoMLSimpleApplication@836ee04
----------------- Done invoking toplevel() on ptolemy.moml.MoMLSimpleApplication@836ee04
reloadAllAccessors: .function3

===========================================================================================
----------------- testing Sun May 10 14:21:05 UTC 2020 /home/travis/build/icyphy/ptII/ptolemy/actor/lib/test/auto/functionClosureTest1.xml
----------------- Instantiating /home/travis/build/icyphy/ptII/ptolemy/actor/lib/test/auto/functionClosureTest1.xml
2 ms. Memory: 425984K Free: 291252K (68%)
----------------- Invoking toplevel() on ptolemy.moml.MoMLSimpleApplication@3a50ad4e
----------------- Done invoking toplevel() on ptolemy.moml.MoMLSimpleApplication@3a50ad4e
reloadAllAccessors: .functionClosureTest1

===========================================================================================
----------------- testing Sun May 10 14:21:05 UTC 2020 /home/travis/build/icyphy/ptII/ptolemy/actor/lib/test/auto/functionClosureTest2.xml
----------------- Instantiating /home/travis/build/icyphy/ptII/ptolemy/actor/lib/test/auto/functionClosureTest2.xml
1 ms. Memory: 425984K Free: 287666K (68%)
----------------- Invoking toplevel() on ptolemy.moml.MoMLSimpleApplication@441fd46
----------------- Done invoking toplevel() on ptolemy.moml.MoMLSimpleApplication@441fd46
reloadAllAccessors: .functionClosureTest2

===========================================================================================
----------------- testing Sun May 10 14:21:05 UTC 2020 /home/travis/build/icyphy/ptII/ptolemy/actor/lib/test/auto/functionClosureTest3.xml
----------------- Instantiating /home/travis/build/icyphy/ptII/ptolemy/actor/lib/test/auto/functionClosureTest3.xml
1 ms. Memory: 425984K Free: 282036K (66%)
----------------- Invoking toplevel() on ptolemy.moml.MoMLSimpleApplication@5157866f
----------------- Done invoking toplevel() on ptolemy.moml.MoMLSimpleApplication@5157866f
reloadAllAccessors: .functionClosureTest3

===========================================================================================
----------------- testing Sun May 10 14:21:05 UTC 2020 /home/travis/build/icyphy/ptII/ptolemy/actor/lib/test/auto/functionClosureTest4.xml
----------------- Instantiating /home/travis/build/icyphy/ptII/ptolemy/actor/lib/test/auto/functionClosureTest4.xml
2 ms. Memory: 425984K Free: 275892K (65%)
----------------- Invoking toplevel() on ptolemy.moml.MoMLSimpleApplication@7f672a91
----------------- Done invoking toplevel() on ptolemy.moml.MoMLSimpleApplication@7f672a91
reloadAllAccessors: .functionClosureTest4

===========================================================================================
----------------- testing Sun May 10 14:21:06 UTC 2020 /home/travis/build/icyphy/ptII/ptolemy/actor/lib/test/auto/functionClosureTest5.xml
----------------- Instantiating /home/travis/build/icyphy/ptII/ptolemy/actor/lib/test/auto/functionClosureTest5.xml
3 ms. Memory: 425984K Free: 270244K (63%)
----------------- Invoking toplevel() on ptolemy.moml.MoMLSimpleApplication@4c855e8
----------------- Done invoking toplevel() on ptolemy.moml.MoMLSimpleApplication@4c855e8
reloadAllAccessors: .functionClosureTest5

===========================================================================================
----------------- testing Sun May 10 14:21:06 UTC 2020 /home/travis/build/icyphy/ptII/ptolemy/actor/lib/test/auto/functionClosureTest6.xml
----------------- Instantiating /home/travis/build/icyphy/ptII/ptolemy/actor/lib/test/auto/functionClosureTest6.xml
2 ms. Memory: 425984K Free: 265652K (62%)
----------------- Invoking toplevel() on ptolemy.moml.MoMLSimpleApplication@45672125
----------------- Done invoking toplevel() on ptolemy.moml.MoMLSimpleApplication@45672125
reloadAllAccessors: .functionClosureTest6

===========================================================================================
----------------- testing Sun May 10 14:21:06 UTC 2020 /home/travis/build/icyphy/ptII/ptolemy/actor/lib/test/auto/functionsOnArcs.xml
----------------- Instantiating /home/travis/build/icyphy/ptII/ptolemy/actor/lib/test/auto/functionsOnArcs.xml
2 ms. Memory: 425984K Free: 260018K (61%)
----------------- Invoking toplevel() on ptolemy.moml.MoMLSimpleApplication@6bbc1f04
----------------- Done invoking toplevel() on ptolemy.moml.MoMLSimpleApplication@6bbc1f04
reloadAllAccessors: .functionsOnArcs

===========================================================================================
----------------- testing Sun May 10 14:21:06 UTC 2020 /home/travis/build/icyphy/ptII/ptolemy/actor/lib/test/auto/functionsOnArcsHOF.xml
----------------- Instantiating /home/travis/build/icyphy/ptII/ptolemy/actor/lib/test/auto/functionsOnArcsHOF.xml
2 ms. Memory: 425984K Free: 254388K (60%)
----------------- Invoking toplevel() on ptolemy.moml.MoMLSimpleApplication@2b34d2fc
----------------- Done invoking toplevel() on ptolemy.moml.MoMLSimpleApplication@2b34d2fc
reloadAllAccessors: .functionsOnArcsHOF

===========================================================================================
----------------- testing Sun May 10 14:21:06 UTC 2020 /home/travis/build/icyphy/ptII/ptolemy/actor/lib/test/auto/logic.xml
----------------- Instantiating /home/travis/build/icyphy/ptII/ptolemy/actor/lib/test/auto/logic.xml
1 ms. Memory: 425984K Free: 246706K (58%)
----------------- Invoking toplevel() on ptolemy.moml.MoMLSimpleApplication@31e458b6
----------------- Done invoking toplevel() on ptolemy.moml.MoMLSimpleApplication@31e458b6
reloadAllAccessors: .logic

===========================================================================================
----------------- testing Sun May 10 14:21:06 UTC 2020 /home/travis/build/icyphy/ptII/ptolemy/actor/lib/test/auto/matrixType.xml
----------------- Instantiating /home/travis/build/icyphy/ptII/ptolemy/actor/lib/test/auto/matrixType.xml
2 ms. Memory: 425984K Free: 241586K (57%)
----------------- Invoking toplevel() on ptolemy.moml.MoMLSimpleApplication@6a405f06
----------------- Done invoking toplevel() on ptolemy.moml.MoMLSimpleApplication@6a405f06
reloadAllAccessors: .matrixType

===========================================================================================
----------------- testing Sun May 10 14:21:06 UTC 2020 /home/travis/build/icyphy/ptII/ptolemy/actor/lib/test/auto/matrixType10.xml
----------------- Instantiating /home/travis/build/icyphy/ptII/ptolemy/actor/lib/test/auto/matrixType10.xml
1 ms. Memory: 425984K Free: 236980K (56%)
----------------- Invoking toplevel() on ptolemy.moml.MoMLSimpleApplication@4b3458ae
----------------- Done invoking toplevel() on ptolemy.moml.MoMLSimpleApplication@4b3458ae
reloadAllAccessors: .matrixType10

===========================================================================================
----------------- testing Sun May 10 14:21:06 UTC 2020 /home/travis/build/icyphy/ptII/ptolemy/actor/lib/test/auto/matrixType11.xml
----------------- Instantiating /home/travis/build/icyphy/ptII/ptolemy/actor/lib/test/auto/matrixType11.xml
1 ms. Memory: 425984K Free: 231860K (54%)
----------------- Invoking toplevel() on ptolemy.moml.MoMLSimpleApplication@20a59289
----------------- Done invoking toplevel() on ptolemy.moml.MoMLSimpleApplication@20a59289
reloadAllAccessors: .matrixType11

===========================================================================================
----------------- testing Sun May 10 14:21:06 UTC 2020 /home/travis/build/icyphy/ptII/ptolemy/actor/lib/test/auto/matrixType12.xml
----------------- Instantiating /home/travis/build/icyphy/ptII/ptolemy/actor/lib/test/auto/matrixType12.xml
1 ms. Memory: 425984K Free: 227250K (53%)
----------------- Invoking toplevel() on ptolemy.moml.MoMLSimpleApplication@2a6b6aa1
----------------- Done invoking toplevel() on ptolemy.moml.MoMLSimpleApplication@2a6b6aa1
reloadAllAccessors: .matrixType12

===========================================================================================
----------------- testing Sun May 10 14:21:06 UTC 2020 /home/travis/build/icyphy/ptII/ptolemy/actor/lib/test/auto/matrixType13.xml
----------------- Instantiating /home/travis/build/icyphy/ptII/ptolemy/actor/lib/test/auto/matrixType13.xml
1 ms. Memory: 425984K Free: 222130K (52%)
----------------- Invoking toplevel() on ptolemy.moml.MoMLSimpleApplication@3d43b162
----------------- Done invoking toplevel() on ptolemy.moml.MoMLSimpleApplication@3d43b162
reloadAllAccessors: .matrixType13

===========================================================================================
----------------- testing Sun May 10 14:21:06 UTC 2020 /home/travis/build/icyphy/ptII/ptolemy/actor/lib/test/auto/matrixType14.xml
----------------- Instantiating /home/travis/build/icyphy/ptII/ptolemy/actor/lib/test/auto/matrixType14.xml
1 ms. Memory: 425984K Free: 216996K (51%)
----------------- Invoking toplevel() on ptolemy.moml.MoMLSimpleApplication@4594dc2f
----------------- Done invoking toplevel() on ptolemy.moml.MoMLSimpleApplication@4594dc2f
reloadAllAccessors: .matrixType14

===========================================================================================
----------------- testing Sun May 10 14:21:06 UTC 2020 /home/travis/build/icyphy/ptII/ptolemy/actor/lib/test/auto/matrixType2.xml
----------------- Instantiating /home/travis/build/icyphy/ptII/ptolemy/actor/lib/test/auto/matrixType2.xml
1 ms. Memory: 425984K Free: 211890K (50%)
----------------- Invoking toplevel() on ptolemy.moml.MoMLSimpleApplication@4713cd08
----------------- Done invoking toplevel() on ptolemy.moml.MoMLSimpleApplication@4713cd08
reloadAllAccessors: .matrixType2

===========================================================================================
----------------- testing Sun May 10 14:21:06 UTC 2020 /home/travis/build/icyphy/ptII/ptolemy/actor/lib/test/auto/matrixType3.xml
----------------- Instantiating /home/travis/build/icyphy/ptII/ptolemy/actor/lib/test/auto/matrixType3.xml
1 ms. Memory: 425984K Free: 207284K (49%)
----------------- Invoking toplevel() on ptolemy.moml.MoMLSimpleApplication@22186ffb
----------------- Done invoking toplevel() on ptolemy.moml.MoMLSimpleApplication@22186ffb
reloadAllAccessors: .matrixType3

===========================================================================================
----------------- testing Sun May 10 14:21:06 UTC 2020 /home/travis/build/icyphy/ptII/ptolemy/actor/lib/test/auto/matrixType4.xml
----------------- Instantiating /home/travis/build/icyphy/ptII/ptolemy/actor/lib/test/auto/matrixType4.xml
1 ms. Memory: 425984K Free: 202164K (47%)
----------------- Invoking toplevel() on ptolemy.moml.MoMLSimpleApplication@3b34cb11
----------------- Done invoking toplevel() on ptolemy.moml.MoMLSimpleApplication@3b34cb11
reloadAllAccessors: .matrixType4

===========================================================================================
----------------- testing Sun May 10 14:21:06 UTC 2020 /home/travis/build/icyphy/ptII/ptolemy/actor/lib/test/auto/matrixType5.xml
----------------- Instantiating /home/travis/build/icyphy/ptII/ptolemy/actor/lib/test/auto/matrixType5.xml
1 ms. Memory: 425984K Free: 197554K (46%)
----------------- Invoking toplevel() on ptolemy.moml.MoMLSimpleApplication@604f80f8
----------------- Done invoking toplevel() on ptolemy.moml.MoMLSimpleApplication@604f80f8
reloadAllAccessors: .matrixType5

===========================================================================================
----------------- testing Sun May 10 14:21:06 UTC 2020 /home/travis/build/icyphy/ptII/ptolemy/actor/lib/test/auto/matrixType6.xml
----------------- Instantiating /home/travis/build/icyphy/ptII/ptolemy/actor/lib/test/auto/matrixType6.xml
1 ms. Memory: 425984K Free: 192434K (45%)
----------------- Invoking toplevel() on ptolemy.moml.MoMLSimpleApplication@28ee981
----------------- Done invoking toplevel() on ptolemy.moml.MoMLSimpleApplication@28ee981
reloadAllAccessors: .matrixType6

===========================================================================================
----------------- testing Sun May 10 14:21:06 UTC 2020 /home/travis/build/icyphy/ptII/ptolemy/actor/lib/test/auto/matrixType7.xml
----------------- Instantiating /home/travis/build/icyphy/ptII/ptolemy/actor/lib/test/auto/matrixType7.xml
2 ms. Memory: 425984K Free: 187828K (44%)
----------------- Invoking toplevel() on ptolemy.moml.MoMLSimpleApplication@5bf02c34
----------------- Done invoking toplevel() on ptolemy.moml.MoMLSimpleApplication@5bf02c34
reloadAllAccessors: .matrixType7

===========================================================================================
----------------- testing Sun May 10 14:21:06 UTC 2020 /home/travis/build/icyphy/ptII/ptolemy/actor/lib/test/auto/matrixType8.xml
----------------- Instantiating /home/travis/build/icyphy/ptII/ptolemy/actor/lib/test/auto/matrixType8.xml
2 ms. Memory: 425984K Free: 182708K (43%)
----------------- Invoking toplevel() on ptolemy.moml.MoMLSimpleApplication@616d9038
----------------- Done invoking toplevel() on ptolemy.moml.MoMLSimpleApplication@616d9038
reloadAllAccessors: .matrixType8

===========================================================================================
----------------- testing Sun May 10 14:21:06 UTC 2020 /home/travis/build/icyphy/ptII/ptolemy/actor/lib/test/auto/matrixType9.xml
----------------- Instantiating /home/travis/build/icyphy/ptII/ptolemy/actor/lib/test/auto/matrixType9.xml
1 ms. Memory: 425984K Free: 178098K (42%)
----------------- Invoking toplevel() on ptolemy.moml.MoMLSimpleApplication@19d2f1cc
----------------- Done invoking toplevel() on ptolemy.moml.MoMLSimpleApplication@19d2f1cc
reloadAllAccessors: .matrixType9

===========================================================================================
----------------- testing Sun May 10 14:21:06 UTC 2020 /home/travis/build/icyphy/ptII/ptolemy/actor/lib/test/auto/paraFunctest.xml
----------------- Instantiating /home/travis/build/icyphy/ptII/ptolemy/actor/lib/test/auto/paraFunctest.xml
1 ms. Memory: 425984K Free: 173492K (41%)
----------------- Invoking toplevel() on ptolemy.moml.MoMLSimpleApplication@462947ce
----------------- Done invoking toplevel() on ptolemy.moml.MoMLSimpleApplication@462947ce
reloadAllAccessors: .paraFunctest

===========================================================================================
----------------- testing Sun May 10 14:21:06 UTC 2020 /home/travis/build/icyphy/ptII/ptolemy/actor/lib/test/auto/paraFunctest2.xml
----------------- Instantiating /home/travis/build/icyphy/ptII/ptolemy/actor/lib/test/auto/paraFunctest2.xml
1 ms. Memory: 425984K Free: 168882K (40%)
----------------- Invoking toplevel() on ptolemy.moml.MoMLSimpleApplication@635c2d04
----------------- Done invoking toplevel() on ptolemy.moml.MoMLSimpleApplication@635c2d04
reloadAllAccessors: .paraFunctest2

===========================================================================================
----------------- testing Sun May 10 14:21:06 UTC 2020 /home/travis/build/icyphy/ptII/ptolemy/actor/lib/test/auto/parameterPassing.xml
----------------- Instantiating /home/travis/build/icyphy/ptII/ptolemy/actor/lib/test/auto/parameterPassing.xml
1 ms. Memory: 425984K Free: 164276K (39%)
----------------- Invoking toplevel() on ptolemy.moml.MoMLSimpleApplication@29187e14
----------------- Done invoking toplevel() on ptolemy.moml.MoMLSimpleApplication@29187e14
reloadAllAccessors: .parameterPassing

===========================================================================================
----------------- testing Sun May 10 14:21:06 UTC 2020 /home/travis/build/icyphy/ptII/ptolemy/actor/lib/test/auto/record.xml
----------------- Instantiating /home/travis/build/icyphy/ptII/ptolemy/actor/lib/test/auto/record.xml
2 ms. Memory: 425984K Free: 159666K (37%)
----------------- Invoking toplevel() on ptolemy.moml.MoMLSimpleApplication@6068394d
----------------- Done invoking toplevel() on ptolemy.moml.MoMLSimpleApplication@6068394d
reloadAllAccessors: .record

===========================================================================================
----------------- testing Sun May 10 14:21:06 UTC 2020 /home/travis/build/icyphy/ptII/ptolemy/actor/lib/test/auto/sizedarray1.xml
----------------- Instantiating /home/travis/build/icyphy/ptII/ptolemy/actor/lib/test/auto/sizedarray1.xml
1 ms. Memory: 425984K Free: 154036K (36%)
----------------- Invoking toplevel() on ptolemy.moml.MoMLSimpleApplication@1591d326
----------------- Done invoking toplevel() on ptolemy.moml.MoMLSimpleApplication@1591d326
reloadAllAccessors: .sizedarray1

===========================================================================================
----------------- testing Sun May 10 14:21:06 UTC 2020 /home/travis/build/icyphy/ptII/ptolemy/actor/lib/test/auto/sizedarray2.xml
----------------- Instantiating /home/travis/build/icyphy/ptII/ptolemy/actor/lib/test/auto/sizedarray2.xml
3 ms. Memory: 425984K Free: 148916K (35%)
----------------- Invoking toplevel() on ptolemy.moml.MoMLSimpleApplication@eef5f86
----------------- Done invoking toplevel() on ptolemy.moml.MoMLSimpleApplication@eef5f86
reloadAllAccessors: .sizedarray2

===========================================================================================
----------------- testing Sun May 10 14:21:06 UTC 2020 /home/travis/build/icyphy/ptII/ptolemy/actor/lib/test/auto/twoPublishers.xml
----------------- Instantiating /home/travis/build/icyphy/ptII/ptolemy/actor/lib/test/auto/twoPublishers.xml
6 ms. Memory: 425984K Free: 138162K (32%)
----------------- Invoking toplevel() on ptolemy.moml.MoMLSimpleApplication@5eaf9f5e
----------------- Done invoking toplevel() on ptolemy.moml.MoMLSimpleApplication@5eaf9f5e
reloadAllAccessors: .twoPublishers
AutoTests.java: About to close Vertx.
AutoTests.java: Vertx closed.
]]></system-out>
  <system-err><![CDATA[java.lang.RuntimeException: Execution failed
	at ptolemy.moml.MoMLSimpleApplication$UnloadThread.run(MoMLSimpleApplication.java:402)
Caused by: java.lang.RuntimeException: StringUtilities.exit() was called. Normally, we would exit here because Manager.exitAfterWrapup() was called.  However, because the ptolemy.ptII.exitAfterWrapup property is set, we throw this exception instead.
	at ptolemy.util.StringUtilities.exit(StringUtilities.java:365)
	at ptolemy.actor.Manager.wrapup(Manager.java:1549)
	at ptolemy.actor.Manager.execute(Manager.java:407)
	at ptolemy.actor.Manager.run(Manager.java:1263)
	at ptolemy.actor.Manager$PtolemyRunThread.run(Manager.java:1933)
Warning: '.top.test' is in training mode, set the trainingMode parameter to false before checking in
Warning: '.top.test' is in training mode, set the trainingMode parameter to false before checking in
Warning: '.top.test' is in training mode, set the trainingMode parameter to false before checking in
Warning: '.BooleanSwitch_RegressionTest_WrongTrainingValues.Test' is in training mode, set the trainingMode parameter to false before checking in
Warning: '.BooleanSwitch_RegressionTest_WrongTrainingValues.Test2' is in training mode, set the trainingMode parameter to false before checking in
Warning: '.BooleanSwitch_RegressionTest_WrongTrainingValues.Test2' The test produced 0 tokens.
Warning: '.top.testExceptionHandler' is in training mode, set the trainingMode parameter to false before checking in
java.lang.RuntimeException: Execution failed
	at ptolemy.moml.MoMLSimpleApplication$UnloadThread.run(MoMLSimpleApplication.java:402)
Caused by: ptolemy.kernel.util.IllegalActionException: PublisherPorts cannot be used at the top level, use a Publisher actor instead.
  in .PublisherPortToplevelSubscriber.PublisherPort
	at ptolemy.actor.PublisherPort.preinitialize(PublisherPort.java:403)
	at ptolemy.actor.CompositeActor.preinitialize(CompositeActor.java:1769)
	at ptolemy.actor.Manager.preinitializeAndResolveTypes(Manager.java:1040)
	at ptolemy.actor.Manager.initialize(Manager.java:710)
	at ptolemy.actor.Manager.execute(Manager.java:356)
	at ptolemy.actor.Manager.run(Manager.java:1263)
	at ptolemy.actor.Manager$PtolemyRunThread.run(Manager.java:1933)
java.lang.reflect.InvocationTargetException
	at java.base/jdk.internal.reflect.NativeConstructorAccessorImpl.newInstance0(Native Method)
	at java.base/jdk.internal.reflect.NativeConstructorAccessorImpl.newInstance(NativeConstructorAccessorImpl.java:62)
	at java.base/jdk.internal.reflect.DelegatingConstructorAccessorImpl.newInstance(DelegatingConstructorAccessorImpl.java:45)
	at java.base/java.lang.reflect.Constructor.newInstance(Constructor.java:490)
	at ptolemy.util.test.junit.AutoKnownFailedTests.RunModel(AutoKnownFailedTests.java:105)
	at java.base/jdk.internal.reflect.NativeMethodAccessorImpl.invoke0(Native Method)
	at java.base/jdk.internal.reflect.NativeMethodAccessorImpl.invoke(NativeMethodAccessorImpl.java:62)
	at java.base/jdk.internal.reflect.DelegatingMethodAccessorImpl.invoke(DelegatingMethodAccessorImpl.java:43)
	at java.base/java.lang.reflect.Method.invoke(Method.java:566)
	at org.junit.runners.model.FrameworkMethod$1.runReflectiveCall(FrameworkMethod.java:44)
	at org.junit.internal.runners.model.ReflectiveCallable.run(ReflectiveCallable.java:15)
	at org.junit.runners.model.FrameworkMethod.invokeExplosively(FrameworkMethod.java:41)
	at junitparams.internal.InvokeParameterisedMethod.evaluate(InvokeParameterisedMethod.java:102)
	at org.junit.internal.runners.statements.FailOnTimeout$1.run(FailOnTimeout.java:28)
Caused by: ptolemy.kernel.util.IllegalActionException: PublisherPorts cannot be used at the top level, use a Publisher actor instead.
  in .PublisherPortToplevelSubscriber.PublisherPort
	at ptolemy.actor.PublisherPort.preinitialize(PublisherPort.java:403)
	at ptolemy.actor.CompositeActor.preinitialize(CompositeActor.java:1769)
	at ptolemy.actor.Manager.preinitializeAndResolveTypes(Manager.java:1040)
	at ptolemy.actor.Manager.initialize(Manager.java:710)
	at ptolemy.actor.Manager.execute(Manager.java:356)
	at ptolemy.actor.Manager.run(Manager.java:1263)
	at ptolemy.actor.Manager$PtolemyRunThread.run(Manager.java:1933)
java.lang.RuntimeException: Execution failed
	at ptolemy.moml.MoMLSimpleApplication$UnloadThread.run(MoMLSimpleApplication.java:402)
Caused by: ptolemy.kernel.util.IllegalActionException: SubscriberPorts cannot be used at the top level, use a Subscriber actor instead.
  in .PublisherSubscriberPortToplevel.SubscriberPort
	at ptolemy.actor.SubscriberPort.preinitialize(SubscriberPort.java:328)
	at ptolemy.actor.CompositeActor.preinitialize(CompositeActor.java:1769)
	at ptolemy.actor.Manager.preinitializeAndResolveTypes(Manager.java:1040)
	at ptolemy.actor.Manager.initialize(Manager.java:710)
	at ptolemy.actor.Manager.execute(Manager.java:356)
	at ptolemy.actor.Manager.run(Manager.java:1263)
	at ptolemy.actor.Manager$PtolemyRunThread.run(Manager.java:1933)
java.lang.reflect.InvocationTargetException
	at java.base/jdk.internal.reflect.NativeConstructorAccessorImpl.newInstance0(Native Method)
	at java.base/jdk.internal.reflect.NativeConstructorAccessorImpl.newInstance(NativeConstructorAccessorImpl.java:62)
	at java.base/jdk.internal.reflect.DelegatingConstructorAccessorImpl.newInstance(DelegatingConstructorAccessorImpl.java:45)
	at java.base/java.lang.reflect.Constructor.newInstance(Constructor.java:490)
	at ptolemy.util.test.junit.AutoKnownFailedTests.RunModel(AutoKnownFailedTests.java:105)
	at java.base/jdk.internal.reflect.NativeMethodAccessorImpl.invoke0(Native Method)
	at java.base/jdk.internal.reflect.NativeMethodAccessorImpl.invoke(NativeMethodAccessorImpl.java:62)
	at java.base/jdk.internal.reflect.DelegatingMethodAccessorImpl.invoke(DelegatingMethodAccessorImpl.java:43)
	at java.base/java.lang.reflect.Method.invoke(Method.java:566)
	at org.junit.runners.model.FrameworkMethod$1.runReflectiveCall(FrameworkMethod.java:44)
	at org.junit.internal.runners.model.ReflectiveCallable.run(ReflectiveCallable.java:15)
	at org.junit.runners.model.FrameworkMethod.invokeExplosively(FrameworkMethod.java:41)
	at junitparams.internal.InvokeParameterisedMethod.evaluate(InvokeParameterisedMethod.java:102)
	at org.junit.internal.runners.statements.FailOnTimeout$1.run(FailOnTimeout.java:28)
Caused by: ptolemy.kernel.util.IllegalActionException: SubscriberPorts cannot be used at the top level, use a Subscriber actor instead.
  in .PublisherSubscriberPortToplevel.SubscriberPort
	at ptolemy.actor.SubscriberPort.preinitialize(SubscriberPort.java:328)
	at ptolemy.actor.CompositeActor.preinitialize(CompositeActor.java:1769)
	at ptolemy.actor.Manager.preinitializeAndResolveTypes(Manager.java:1040)
	at ptolemy.actor.Manager.initialize(Manager.java:710)
	at ptolemy.actor.Manager.execute(Manager.java:356)
	at ptolemy.actor.Manager.run(Manager.java:1263)
	at ptolemy.actor.Manager$PtolemyRunThread.run(Manager.java:1933)
java.lang.RuntimeException: Execution failed
	at ptolemy.moml.MoMLSimpleApplication$UnloadThread.run(MoMLSimpleApplication.java:402)
Caused by: ptolemy.kernel.util.IllegalActionException: SubscriptionAggregatorPorts cannot be used at the top level, use a SubscriptionAggregator actor instead.
  in .PublisherSubscriptionAggregatorPort.SubscriptionAggregatorPort
	at ptolemy.actor.SubscriptionAggregatorPort.preinitialize(SubscriptionAggregatorPort.java:353)
	at ptolemy.actor.CompositeActor.preinitialize(CompositeActor.java:1769)
	at ptolemy.actor.Manager.preinitializeAndResolveTypes(Manager.java:1040)
	at ptolemy.actor.Manager.initialize(Manager.java:710)
	at ptolemy.actor.Manager.execute(Manager.java:356)
	at ptolemy.actor.Manager.run(Manager.java:1263)
	at ptolemy.actor.Manager$PtolemyRunThread.run(Manager.java:1933)
java.lang.reflect.InvocationTargetException
	at java.base/jdk.internal.reflect.NativeConstructorAccessorImpl.newInstance0(Native Method)
	at java.base/jdk.internal.reflect.NativeConstructorAccessorImpl.newInstance(NativeConstructorAccessorImpl.java:62)
	at java.base/jdk.internal.reflect.DelegatingConstructorAccessorImpl.newInstance(DelegatingConstructorAccessorImpl.java:45)
	at java.base/java.lang.reflect.Constructor.newInstance(Constructor.java:490)
	at ptolemy.util.test.junit.AutoKnownFailedTests.RunModel(AutoKnownFailedTests.java:105)
	at java.base/jdk.internal.reflect.NativeMethodAccessorImpl.invoke0(Native Method)
	at java.base/jdk.internal.reflect.NativeMethodAccessorImpl.invoke(NativeMethodAccessorImpl.java:62)
	at java.base/jdk.internal.reflect.DelegatingMethodAccessorImpl.invoke(DelegatingMethodAccessorImpl.java:43)
	at java.base/java.lang.reflect.Method.invoke(Method.java:566)
	at org.junit.runners.model.FrameworkMethod$1.runReflectiveCall(FrameworkMethod.java:44)
	at org.junit.internal.runners.model.ReflectiveCallable.run(ReflectiveCallable.java:15)
	at org.junit.runners.model.FrameworkMethod.invokeExplosively(FrameworkMethod.java:41)
	at junitparams.internal.InvokeParameterisedMethod.evaluate(InvokeParameterisedMethod.java:102)
	at org.junit.internal.runners.statements.FailOnTimeout$1.run(FailOnTimeout.java:28)
Caused by: ptolemy.kernel.util.IllegalActionException: SubscriptionAggregatorPorts cannot be used at the top level, use a SubscriptionAggregator actor instead.
  in .PublisherSubscriptionAggregatorPort.SubscriptionAggregatorPort
	at ptolemy.actor.SubscriptionAggregatorPort.preinitialize(SubscriptionAggregatorPort.java:353)
	at ptolemy.actor.CompositeActor.preinitialize(CompositeActor.java:1769)
	at ptolemy.actor.Manager.preinitializeAndResolveTypes(Manager.java:1040)
	at ptolemy.actor.Manager.initialize(Manager.java:710)
	at ptolemy.actor.Manager.execute(Manager.java:356)
	at ptolemy.actor.Manager.run(Manager.java:1263)
	at ptolemy.actor.Manager$PtolemyRunThread.run(Manager.java:1933)
java.lang.RuntimeException: Execution failed
	at ptolemy.moml.MoMLSimpleApplication$UnloadThread.run(MoMLSimpleApplication.java:402)
Caused by: ptolemy.kernel.util.IllegalActionException: TypeTest actor has no training data.
  in .sizedarray3.TypeTest
	at ptolemy.actor.lib.TypeTest.initialize(TypeTest.java:250)
	at ptolemy.actor.Director.initialize(Director.java:938)
	at ptolemy.actor.Director.initialize(Director.java:907)
	at ptolemy.actor.sched.StaticSchedulingDirector.initialize(StaticSchedulingDirector.java:159)
	at ptolemy.domains.sdf.kernel.SDFDirector.initialize(SDFDirector.java:544)
	at ptolemy.actor.CompositeActor.initialize(CompositeActor.java:935)
	at ptolemy.actor.Manager.initialize(Manager.java:724)
	at ptolemy.actor.Manager.execute(Manager.java:356)
	at ptolemy.actor.Manager.run(Manager.java:1263)
	at ptolemy.actor.Manager$PtolemyRunThread.run(Manager.java:1933)
java.lang.reflect.InvocationTargetException
	at java.base/jdk.internal.reflect.NativeConstructorAccessorImpl.newInstance0(Native Method)
	at java.base/jdk.internal.reflect.NativeConstructorAccessorImpl.newInstance(NativeConstructorAccessorImpl.java:62)
	at java.base/jdk.internal.reflect.DelegatingConstructorAccessorImpl.newInstance(DelegatingConstructorAccessorImpl.java:45)
	at java.base/java.lang.reflect.Constructor.newInstance(Constructor.java:490)
	at ptolemy.util.test.junit.AutoKnownFailedTests.RunModel(AutoKnownFailedTests.java:105)
	at java.base/jdk.internal.reflect.NativeMethodAccessorImpl.invoke0(Native Method)
	at java.base/jdk.internal.reflect.NativeMethodAccessorImpl.invoke(NativeMethodAccessorImpl.java:62)
	at java.base/jdk.internal.reflect.DelegatingMethodAccessorImpl.invoke(DelegatingMethodAccessorImpl.java:43)
	at java.base/java.lang.reflect.Method.invoke(Method.java:566)
	at org.junit.runners.model.FrameworkMethod$1.runReflectiveCall(FrameworkMethod.java:44)
	at org.junit.internal.runners.model.ReflectiveCallable.run(ReflectiveCallable.java:15)
	at org.junit.runners.model.FrameworkMethod.invokeExplosively(FrameworkMethod.java:41)
	at junitparams.internal.InvokeParameterisedMethod.evaluate(InvokeParameterisedMethod.java:102)
	at org.junit.internal.runners.statements.FailOnTimeout$1.run(FailOnTimeout.java:28)
Caused by: ptolemy.kernel.util.IllegalActionException: TypeTest actor has no training data.
  in .sizedarray3.TypeTest
	at ptolemy.actor.lib.TypeTest.initialize(TypeTest.java:250)
	at ptolemy.actor.Director.initialize(Director.java:938)
	at ptolemy.actor.Director.initialize(Director.java:907)
	at ptolemy.actor.sched.StaticSchedulingDirector.initialize(StaticSchedulingDirector.java:159)
	at ptolemy.domains.sdf.kernel.SDFDirector.initialize(SDFDirector.java:544)
	at ptolemy.actor.CompositeActor.initialize(CompositeActor.java:935)
	at ptolemy.actor.Manager.initialize(Manager.java:724)
	at ptolemy.actor.Manager.execute(Manager.java:356)
	at ptolemy.actor.Manager.run(Manager.java:1263)
	at ptolemy.actor.Manager$PtolemyRunThread.run(Manager.java:1933)
]]></system-err>
</testsuite>
