<?xml version="1.0" encoding="UTF-8" ?>
<testsuite errors="0" failures="0" hostname="travis-job-9e78dc6e-e4ac-4a67-8ae1-bd2344566250" name="ptolemy.cg.lib.test.junit.JUnitTclTest" skipped="0" tests="37" time="112.365" timestamp="2018-09-03T02:08:48">
  <properties>
    <property name="npm.executable" value="npm" />
    <property name="file.encoding.pkg" value="sun.io" />
    <property name="ptII.mk.exists" value="true" />
    <property name="env.rvm_bin_path" value="/home/travis/.rvm/bin" />
    <property name="java.home" value="/usr/lib/jvm/java-8-oracle/jre" />
    <property name="env.TRAVIS_JOB_NUMBER" value="716.10" />
    <property name="env.DISPLAY" value=":99.0" />
    <property name="java.net.preferIPv4Stack" value="true" />
    <property name="env.TRAVIS_INIT" value="upstart" />
    <property name="env.SSH_TTY" value="/dev/pts/0" />
    <property name="env.RUN_TESTS" value="false" />
    <property name="timeout.short" value="1000000" />
    <property name="env.TRAVIS_STACK_NODE_ATTRIBUTES" value="/.node-attributes.yml" />
    <property name="junit.formatter" value="xml" />
    <property name="java.endorsed.dirs" value="/usr/lib/jvm/java-8-oracle/jre/lib/endorsed" />
    <property name="env.TRAVIS_SUDO" value="true" />
    <property name="env.LOGNAME" value="travis" />
    <property name="jsdoc.home" value="node_modules/@terraswarm/jsdoc" />
    <property name="debuglevel" value="source,lines,vars" />
    <property name="checkstyle.formatter" value="xml" />
    <property name="bin.vergil.makeable" value="true" />
    <property name="env._system_version" value="14.04" />
    <property name="sun.os.patch.level" value="unknown" />
    <property name="java.vendor.url" value="http://java.oracle.com/" />
    <property name="java.version" value="1.8.0_151" />
    <property name="env.TZ" value="UTC" />
    <property name="env.PT_NO_NET" value="true" />
    <property name="env.TRAVIS_PULL_REQUEST_SHA" value="" />
    <property name="env.TRAVIS_SECURE_ENV_VARS" value="true" />
    <property name="env._system_type" value="Linux" />
    <property name="java.vendor.url.bug" value="http://bugreport.sun.com/bugreport/" />
    <property name="env.SSH_CLIENT" value="10.10.4.28 60494 22" />
    <property name="npmjs-org-is-up" value="true" />
    <property name="env.GEM_HOME" value="/home/travis/.rvm/gems/ruby-2.4.1" />
    <property name="env.HAS_ANTARES_THREE_LITTLE_FRONZIES_BADGE" value="true" />
    <property name="env.PS4" value="+" />
    <property name="ant.project.invoked-targets" value="build,test.core3.xml" />
    <property name="env.TRAVIS_PULL_REQUEST_BRANCH" value="" />
    <property name="env.TRAVIS_REPO_SLUG" value="icyphy/ptII" />
    <property name="node.in.path" value="true" />
    <property name="java.maxmemory" value="1400m" />
    <property name="env.RUBY_VERSION" value="ruby-2.4.1" />
    <property name="user.name" value="travis" />
    <property name="env.LANG" value="en_US.UTF-8" />
    <property name="sun.io.unicode.encoding" value="UnicodeLittle" />
    <property name="sun.jnu.encoding" value="UTF-8" />
    <property name="java.runtime.name" value="Java(TM) SE Runtime Environment" />
    <property name="usefile" value="false" />
    <property name="return.code" value="0" />
    <property name="junit.single.formatter" value="plain" />
    <property name="env.DYLD_LIBRARY_PATH" value="/home/travis/pthla/certi-tools/lib:" />
    <property name="env.DEBIAN_FRONTEND" value="noninteractive" />
    <property name="env.SSH_CONNECTION" value="10.10.4.28 60494 10.20.0.71 22" />
    <property name="env.MYSQL_UNIX_PORT" value="/var/run/mysqld/mysqld.sock" />
    <property name="env.TRAVIS_ALLOW_FAILURE" value="false" />
    <property name="env.LC_ALL" value="en_US.UTF-8" />
    <property name="java.specification.name" value="Java Platform API Specification" />
    <property name="node.works" value="true" />
    <property name="user.timezone" value="" />
    <property name="path.separator" value=":" />
    <property name="env.PYTHON_CFLAGS" value="-g -fstack-protector --param=ssp-buffer-size=4 -Wformat -Werror=format-security" />
    <property name="timeout.long" value="4000000" />
    <property name="env.CERTI_HOME" value="/home/travis/pthla/certi-tools" />
    <property name="file.encoding" value="UTF-8" />
    <property name="ant.file.ptII" value="/home/travis/build/icyphy/ptII/build.xml" />
    <property name="javadoc.packagenames" value="com.*,diva.*,lbnl.*,org.hlacerti.*,org.json.*,org.ptolemy.*,org.terraswarm.*,ptolemy.*,ptserver.*" />
    <property name="env.TRAVIS_PULL_REQUEST_SLUG" value="" />
    <property name="ant.project.default-target" value="build" />
    <property name="env.GIT_ASKPASS" value="echo" />
    <property name="env.HOME" value="/home/travis" />
    <property name="sun.java.command" value="org.apache.tools.ant.taskdefs.optional.junit.JUnitTestRunner ptolemy.cg.lib.test.junit.JUnitTclTest skipNonTests=false filtertrace=true haltOnError=false haltOnFailure=false formatter=org.apache.tools.ant.taskdefs.optional.junit.OutErrSummaryJUnitResultFormatter showoutput=true outputtoformatters=true logfailedtests=true threadid=0 logtestlistenerevents=false formatter=org.apache.tools.ant.taskdefs.optional.junit.XMLJUnitResultFormatter,/home/travis/build/icyphy/ptII/reports/junit/TEST-ptolemy.cg.lib.test.junit.JUnitTclTest.xml crashfile=/home/travis/build/icyphy/ptII/junitvmwatcher4707832853902886113.properties propsfile=/home/travis/build/icyphy/ptII/junit2858682267963124089.properties" />
    <property name="env.MANPATH" value="/home/travis/.nvm/versions/node/v7.10.1/share/man:/home/travis/.kiex/elixirs/elixir-1.4.5/man:/home/travis/.rvm/rubies/ruby-2.4.1/share/man:/usr/local/man:/usr/local/cmake-3.9.2/man:/usr/local/clang-5.0.0/share/man:/usr/local/share/man:/usr/share/man:/home/travis/.rvm/man" />
    <property name="env.COMPOSER_NO_INTERACTION" value="1" />
    <property name="env.JDK_SWITCHER_DEFAULT" value="oraclejdk8" />
    <property name="ant.file" value="/home/travis/build/icyphy/ptII/build.xml" />
    <property name="env.TRAVIS_COMMIT_RANGE" value="0cf022ad24b2272dc9a802466af2a6a9926137bb...31232951153ad479e847436f4fe044bd067f5f2a" />
    <property name="env._system_name" value="Ubuntu" />
    <property name="timeout" value="2400000" />
    <property name="ptII.classpath.optional.property" value="/home/travis/build/icyphy/ptII/lib/bsh-2.0b4.jar:/home/travis/build/icyphy/ptII/lib/ptCal.jar:/home/travis/build/icyphy/ptII/lib/java_cup.jar:/home/travis/build/icyphy/ptII/lib/saxon8.jar:/home/travis/build/icyphy/ptII/lib/saxon8-dom.jar:/home/travis/build/icyphy/ptII/lib/chic.jar:/home/travis/build/icyphy/ptII/lib/ptcolt.jar:/usr/lib/jvm/java-8-oracle/lib/tools.jar:/usr/lib/eclipse/plugins/org.eclipse.jdt.core_3.8.2.dist.jar:/usr/lib/eclipse/plugins/org.eclipse.core.runtime_3.8.0.dist.jar:/usr/lib/eclipse/plugins/org.eclipse.osgi_3.8.1.dist.jar:/usr/lib/eclipse/plugins/org.eclipse.core.resources_3.8.1.dist.jar:/usr/lib/eclipse/plugins/org.eclipse.equinox.common_3.6.100.dist.jar:/usr/lib/eclipse/plugins/org.eclipse.core.jobs_3.5.200.dist.jar:/usr/lib/eclipse/plugins/org.eclipse.core.contenttype_3.4.200.dist.jar:/usr/lib/eclipse/plugins/org.eclipse.equinox.preferences_3.5.0.dist.jar:/usr/lib/eclipse/plugins/org.eclipse.text_3.5.200.dist.jar:/usr/lib/eclipse/plugins/org.eclipse.ui.workbench_3.8.1.dist.jar:/usr/lib/eclipse/plugins/org.eclipse.jface_3.8.0.dist.jar:/usr/lib/eclipse/plugins/org.eclipse.swt_3.8.2.jar:/usr/lib/eclipse/plugins/org.eclipse.jface.text_3.8.1.dist.jar:/usr/lib/eclipse/plugins/org.eclipse.ui.workbench.texteditor_3.8.0.dist.jar:/usr/lib/eclipse/plugins/org.eclipse.ui.editors_3.8.0.dist.jar:/usr/lib/eclipse/plugins/org.eclipse.core.commands_3.6.1.dist.jar:/usr/lib/eclipse/plugins/org.eclipse.equinox.registry_3.5.200.dist.jar:/usr/lib/eclipse/plugins/org.eclipse.ui.console_3.5.100.dist.jar:/usr/lib/eclipse/plugins/org.eclipse.ui.forms_3.5.200.dist.jar:/usr/lib/eclipse/plugins/org.eclipse.ui.ide_3.8.1.dist.jar:/home/travis/build/icyphy/ptII/vendors/oracle/dbxml.jar:/home/travis/build/icyphy/ptII/vendors/oracle/db.jar:/home/travis/build/icyphy/ptII/vendors/misc/itext/iText.jar:/home/travis/build/icyphy/ptII/lib/g4ltl.jar:/home/travis/build/icyphy/ptII/lib/StructuralCoder.jar:/home/travis/build/icyphy/ptII/lib/org-openide-util.jar:/home/travis/build/icyphy/ptII/lib/org-openide-util-lookup.jar:/home/travis/build/icyphy/ptII/lib/org-netbeans-api-visual.jar:/home/travis/build/icyphy/ptII/vendors/jai-1_1_2_01/lib/jai_core.jar:/home/travis/build/icyphy/ptII/vendors/jai-1_1_2_01/lib/jai_codec.jar:/home/travis/build/icyphy/ptII/lib/jcerti.jar:/home/travis/build/icyphy/ptII/lib/smack.jar:/home/travis/build/icyphy/ptII/lib/smackx.jar:/home/travis/build/icyphy/ptII/lib/jetty-all-8.1.5-v20120716.jar:/home/travis/build/icyphy/ptII/lib/javax.servlet-api-3.0.1.jar:/home/travis/build/icyphy/ptII/lib/javax.mail.jar:/home/travis/build/icyphy/ptII/vendors/JMF-2.1.1e/lib/jmf.jar:/home/travis/build/icyphy/ptII/lib/jna-4.0.0-variadic.jar:/home/travis/build/icyphy/ptII/vendors/misc/joystick/Joystick.jar:/home/travis/build/icyphy/ptII/lib/ptjacl.jar:/home/travis/build/icyphy/ptII/lib/jsoup-1.8.2.jar:/home/travis/build/icyphy/ptII/lib/junit-4.8.2.jar:/home/travis/build/icyphy/ptII/lib/JUnitParams-0.4.0.jar:/home/travis/build/icyphy/ptII/ptolemy/actor/lib/excel/jxl.jar:/home/travis/build/icyphy/ptII/lib/jython.jar:/home/travis/build/icyphy/ptII/lib/kieler.jar:/home/travis/build/icyphy/ptII/vendors/opencv/share/OpenCV/java/opencv-341.jar:/home/travis/build/icyphy/ptII/lib/oscP5.jar:/home/travis/build/icyphy/ptII/lib/nrjavaserial-3.11.0.devel.jar:/home/travis/build/icyphy/ptII/vendors/j3d/lib/j3dcore.jar:/home/travis/build/icyphy/ptII/vendors/j3d/lib/j3dutils.jar:/home/travis/build/icyphy/ptII/vendors/j3d/lib/vecmath.jar:/home/travis/build/icyphy/ptII/ptolemy/distributed/jini/jar/jini-core.jar:/home/travis/build/icyphy/ptII/ptolemy/distributed/jini/jar/jini-ext.jar:/home/travis/build/icyphy/ptII/ptolemy/distributed/jini/jar/sun-util.jar:/home/travis/build/icyphy/ptII/lib/protobuf-java-2.4.1.jar:/home/travis/build/icyphy/ptII/lib/org.eclipse.paho.client.mqttv3.jar:/home/travis/build/icyphy/ptII/ptserver/lib/hessian-4.0.7.jar:/home/travis/build/icyphy/ptII/ptserver/lib/wmqtt.jar:/home/travis/build/icyphy/ptII/lib/mapss.jar:/home/travis/build/icyphy/ptII/ptolemy/actor/ptalon/antlr/antlr.jar:/home/travis/build/icyphy/ptII/lib/JRI.jar:/home/travis/build/icyphy/ptII/lib/commons-lang-2.6.jar:/home/travis/build/icyphy/ptII/lib/commons-logging-1.1.1.jar:/home/travis/build/icyphy/ptII/lib/sootclasses.jar:/home/travis/build/icyphy/ptII/ptolemy/actor/lib/database/mysql-connector-java-5.1.6-bin.jar:/home/travis/build/icyphy/ptII/vendors/misc/sphinx4/sphinx4-data-5prealpha.jar:/home/travis/build/icyphy/ptII/vendors/misc/sphinx4/sphinx4-core-5prealpha.jar:/home/travis/build/icyphy/ptII/lib/PDFRenderer.jar:/home/travis/build/icyphy/ptII/lib/svgSalamander.jar:/home/travis/build/icyphy/ptII/lib/rsyntaxtextarea-2.6.0-SNAPSHOT.jar:/home/travis/build/icyphy/ptII/lib/hazelcast-3.8.2.jar:/home/travis/build/icyphy/ptII/lib/jackson-annotations-2.9.0.jar:/home/travis/build/icyphy/ptII/lib/jackson-core-2.9.3.jar:/home/travis/build/icyphy/ptII/lib/jackson-databind-2.9.3.jar:/home/travis/build/icyphy/ptII/lib/netty-buffer-4.1.19.Final.jar:/home/travis/build/icyphy/ptII/lib/netty-codec-4.1.19.Final.jar:/home/travis/build/icyphy/ptII/lib/netty-codec-dns-4.1.19.Final.jar:/home/travis/build/icyphy/ptII/lib/netty-codec-http-4.1.19.Final.jar:/home/travis/build/icyphy/ptII/lib/netty-codec-http2-4.1.19.Final.jar:/home/travis/build/icyphy/ptII/lib/netty-common-4.1.19.Final.jar:/home/travis/build/icyphy/ptII/lib/netty-handler-4.1.19.Final.jar:/home/travis/build/icyphy/ptII/lib/netty-resolver-4.1.19.Final.jar:/home/travis/build/icyphy/ptII/lib/netty-resolver-dns-4.1.19.Final.jar:/home/travis/build/icyphy/ptII/lib/netty-transport-4.1.19.Final.jar:/home/travis/build/icyphy/ptII/lib/vertx-codegen-3.5.1.jar:/home/travis/build/icyphy/ptII/lib/vertx-core-3.5.2-SNAPSHOT.jar:/home/travis/build/icyphy/ptII/lib/vertx-hazelcast-3.5.1.jar:/home/travis/build/icyphy/ptII/lib/vertx-lang-js-3.5.1.jar:/home/travis/build/icyphy/ptII/lib/vertx-service-proxy-3.5.1.jar:/home/travis/build/icyphy/ptII/lib/vertx-web-3.5.1.jar:/home/travis/build/icyphy/ptII/lib/slf4j-api-1.7.13.jar:/home/travis/build/icyphy/ptII/lib/slf4j-simple-1.7.13.jar:/home/travis/build/icyphy/ptII/lib/webcam-capture-0.3.12.jar:/home/travis/build/icyphy/ptII/lib/bridj-0.7.0.jar:/home/travis/build/icyphy/ptII/lib/xbjlib-1.1.0.nrjavaserial.jar" />
    <property name="test.batch" value="**/junit/*.java" />
    <property name="env._" value="/usr/bin/timeout" />
    <property name="java.io.tmpdir" value="/tmp" />
    <property name="user.language" value="en" />
    <property name="env.HISTCONTROL" value="ignoredups:ignorespace" />
    <property name="env.GOROOT" value="/home/travis/.gimme/versions/go1.7.4.linux.amd64" />
    <property name="line.separator" value="&#xa;" />
    <property name="target" value="1.8" />
    <property name="env.TRAVIS_BUILD_DIR" value="/home/travis/build/icyphy/ptII" />
    <property name="env.ANT_OPTS" value="-Xmx2048m" />
    <property name="ant.file.type" value="file" />
    <property name="ptolemy.ptII.batchMode" value="true" />
    <property name="env.HISTSIZE" value="1000" />
    <property name="env.MERB_ENV" value="test" />
    <property name="java.vm.info" value="mixed mode" />
    <property name="source" value="1.8" />
    <property name="java.vm.specification.name" value="Java Virtual Machine Specification" />
    <property name="env.TRAVIS_TEST_RESULT" value="0" />
    <property name="jsdoc.command" value="node_modules/@terraswarm/jsdoc/jsdoc.js" />
    <property name="npm.works" value="true" />
    <property name="cobertura.dir" value="/home/travis/build/icyphy/ptII/vendors/cobertura-2.0.3" />
    <property name="env.rvm_path" value="/home/travis/.rvm" />
    <property name="env.GEM_PATH" value="/home/travis/.rvm/gems/ruby-2.4.1:/home/travis/.rvm/gems/ruby-2.4.1@global" />
    <property name="env.LC_CTYPE" value="en_US.UTF-8" />
    <property name="java.awt.printerjob" value="sun.print.PSPrinterJob" />
    <property name="env.TRAVIS_STACK_NAME" value="garnet" />
    <property name="ant.version" value="Apache Ant(TM) version 1.10.1 compiled on February 2 2017" />
    <property name="ptII.reports" value="/home/travis/build/icyphy/ptII/reports" />
    <property name="env.TRAVIS_STACK_TIMESTAMP" value="2017-12-05 19:33:09 UTC" />
    <property name="ant.file.type.ptII" value="file" />
    <property name="env.PT_TRAVIS_TEST_CORE3_XML" value="true" />
    <property name="env.RBENV_SHELL" value="bash" />
    <property name="os.name" value="Linux" />
    <property name="java.specification.vendor" value="Oracle Corporation" />
    <property name="env.rvm_version" value="1.29.3 (latest)" />
    <property name="env.TERM" value="xterm" />
    <property name="java.vm.name" value="Java HotSpot(TM) 64-Bit Server VM" />
    <property name="env.TRAVIS_BUILD_NUMBER" value="716" />
    <property name="env.CI" value="true" />
    <property name="java.library.path" value="/home/travis/pthla/certi-tools/lib:/usr/lib/jni:/usr/local/share/OpenCV/java/:/usr/share/OpenCV/java::/usr/java/packages/lib/amd64:/usr/lib64:/lib64:/lib:/usr/lib" />
    <property name="env.rvm_prefix" value="/home/travis" />
    <property name="env.PATH" value="/home/travis/pthla/certi-tools/share/scripts:/home/travis/.rvm/gems/ruby-2.4.1/bin:/home/travis/.rvm/gems/ruby-2.4.1@global/bin:/home/travis/.rvm/rubies/ruby-2.4.1/bin:/home/travis/.rvm/bin:/home/travis/.nvm/versions/node/v7.10.1/bin:./node_modules/.bin:/home/travis/build/icyphy/ptII/bin:/home/travis/pthla/certi-tools/bin:/home/travis/bin:/home/travis/.local/bin:/opt/pyenv/shims:/home/travis/.phpenv/shims:/home/travis/perl5/perlbrew/bin:/home/travis/.kiex/elixirs/elixir-1.4.5/bin:/home/travis/.kiex/bin:/home/travis/gopath/bin:/home/travis/.gimme/versions/go1.7.4.linux.amd64/bin:/usr/local/phantomjs/bin:/usr/local/phantomjs:/usr/local/neo4j-3.2.7/bin:/usr/local/maven-3.5.2/bin:/usr/local/cmake-3.9.2/bin:/usr/local/clang-5.0.0/bin:/usr/local/sbin:/usr/local/bin:/usr/sbin:/usr/bin:/sbin:/bin:/home/travis/.phpenv/bin:/opt/pyenv/bin:/home/travis/.yarn/bin" />
    <property name="env.TRAVIS_OS_NAME" value="linux" />
    <property name="ant.java.version" value="1.8" />
    <property name="basedir" value="/home/travis/build/icyphy/ptII" />
    <property name="java.class.version" value="52.0" />
    <property name="env.SHLVL" value="3" />
    <property name="env.LD_LIBRARY_PATH" value="/home/travis/pthla/certi-tools/lib:/usr/lib/jni:/usr/local/share/OpenCV/java/:/usr/share/OpenCV/java:" />
    <property name="env.RACK_ENV" value="test" />
    <property name="ant.home" value="/home/travis/build/icyphy/ptII/ant" />
    <property name="env.NVM_DIR" value="/home/travis/.nvm" />
    <property name="env.PERLBREW_BASHRC_VERSION" value="0.80" />
    <property name="env.CERTI_FOM_PATH" value="/home/travis/pthla/certi-tools/share/federations" />
    <property name="env.TRAVIS_BUILD_ID" value="423749755" />
    <property name="env.PYENV_ROOT" value="/opt/pyenv" />
    <property name="env.TRAVIS_UID" value="2000" />
    <property name="env.rvm_pretty_print_flag" value="auto" />
    <property name="env.NVM_BIN" value="/home/travis/.nvm/versions/node/v7.10.1/bin" />
    <property name="env.TRAVIS_COMMIT" value="31232951153ad479e847436f4fe044bd067f5f2a" />
    <property name="env._system_arch" value="x86_64" />
    <property name="node.executable" value="node" />
    <property name="sun.boot.library.path" value="/usr/lib/jvm/java-8-oracle/jre/lib/amd64" />
    <property name="sun.management.compiler" value="HotSpot 64-Bit Tiered Compilers" />
    <property name="env.GOPATH" value="/home/travis/gopath" />
    <property name="java.awt.graphicsenv" value="sun.awt.X11GraphicsEnvironment" />
    <property name="ptolemy.ptII.dir" value="/home/travis/build/icyphy/ptII" />
    <property name="env.USER" value="travis" />
    <property name="env.HISTFILESIZE" value="2000" />
    <property name="timeout.longest" value="19000000" />
    <property name="env.TRAVIS_STACK_FEATURES" value="basic cassandra chromium couchdb disabled-ipv6 docker docker-compose elasticsearch firefox go-toolchain google-chrome jdk memcached mongodb mysql neo4j nodejs_interpreter perl_interpreter perlbrew phantomjs postgresql python_interpreter rabbitmq redis riak ruby_interpreter sqlite xserver" />
    <property name="env.TRAVIS_PULL_REQUEST" value="false" />
    <property name="env.PYENV_SHELL" value="bash" />
    <property name="ant.project.name" value="ptII" />
    <property name="java.vm.specification.version" value="1.8" />
    <property name="env.TRAVIS_DIST" value="trusty" />
    <property name="env.CERTI_VERSION" value="4.0.0" />
    <property name="env.NLSPATH" value="/usr/dt/lib/nls/msg/%L/%N.cat" />
    <property name="awt.toolkit" value="sun.awt.X11.XToolkit" />
    <property name="env.CERTI_HOST" value="localhost" />
    <property name="env.MY_RUBY_HOME" value="/home/travis/.rvm/rubies/ruby-2.4.1" />
    <property name="sun.cpu.isalist" value="" />
    <property name="java.ext.dirs" value="/usr/lib/jvm/java-8-oracle/jre/lib/ext:/usr/java/packages/lib/ext" />
    <property name="os.version" value="4.4.0-101-generic" />
    <property name="user.home" value="/home/travis" />
    <property name="env.MIX_ARCHIVES" value="/home/travis/.kiex/mix/elixir-1.4.5" />
    <property name="java.vm.vendor" value="Oracle Corporation" />
    <property name="env.TRAVIS_TAG" value="nightly" />
    <property name="env.TRAVIS_FILTERED" value="redirect_io" />
    <property name="env.JAVA_HOME" value="/usr/lib/jvm/java-8-oracle" />
    <property name="env.PTII" value="/home/travis/build/icyphy/ptII" />
    <property name="javadoc.excludepackagenames" value="adm.cvs2svn.*,build.*,config.*,doc.coding.templates.*,jni.test.jni.meaningOfLife.*,jni.test.jni.testDeux.*,jni.test.jni.testTrois.*,org.terraswarm.accessor.accessors.web.node_modules.*,org.terraswarm.accessor.accessors.web.hosts.cordova.demo.*,org.terraswarm.accessor.accessors.web.hosts.cordova.plugins.*,org.terraswarm.accessor.accessors-svn.*,pt-modules.*,ptolemy.apps.agilent.*,ptolemy.apps.anytimecontrol.*,ptolemy.apps.apes.*,ptolemy.apps.charon.*,ptolemy.apps.crazyboard.*,ptolemy.apps.eclipse.*,ptolemy.apps.etherealSting.*,ptolemy.apps.fullscreen.*,ptolemy.apps.giotto.*,ptolemy.apps.ia.*,ptolemy.apps.interfaces.*,ptolemy.apps.jmf.*,ptolemy.apps.kurt.*,ptolemy.apps.kvm.*,ptolemy.apps.lego.*,ptolemy.apps.lejos.*,ptolemy.apps.midp.*,ptolemy.apps.mobileCoding.*,ptolemy.apps.pendulum.*,ptolemy.apps.rijndael.*,ptolemy.apps.robot.*,ptolemy.apps.security.*,ptolemy.apps.sobel.*,ptolemy.apps.soot.*,ptolemy.apps.throttle.*,ptolemy.apps.tini.*,ptolemy.apps.transmission.*,ptolemy.apps.vergil.*,ptolemy.apps.waba.*,ptolemy.apps.websensor.*,ptolemy.apps.webstart.*,ptolemy.apps.xsl.*,ptolemy.apps.zaurus.*,ptolemy.backtrack.eclipse.plugin.*,ptolemy.backtrack.test.*,ptolemy.codegen.c.actor.lib.oldJavaFiles.*,ptolemy.codegen.dsp.lib.*,ptolemy.codegen.kernel.newInterfaces.*,ptolemy.codegen.lib.*,ptolemy.copernicus.kernel.fragment.*,ptolemy.copernicus.shallow.cg.*,ptolemy.domains.giotto.demo.Hierarchy.Hierarchy.*,ptolemy.domains.giotto.demo.Multimode.Multimode.*,ptolemy.domains.giotto.demo.Simple.Simple.*,ptolemy.domains.gr.lib.experimental.*,ptolemy.domains.gro.*,ptolemy.domains.pdf.*,ptolemy.domains.ptinyos.demo.Surge.output.*,ptolemy.moml.test.NoPackageActor.java*,ptolemy.plot.adm.*,ptolemy.plot.servlet.*,reports.*,signed.*,src.*,target.*,vendors.*,ptolemy.cg.adapter.generic.program.procedural.c.mbed*,ptolemy.actor.lib.fmi.fmus.omc*,ptolemy.domains.openmodelica*,ptdb.kernel.bl.save.test.*,ptdb.kernel.bl.load.test.*,ptdb.kernel.bl.search.test.*,ptdb.kernel.bl.migration.test.*,ptdb.kernel.database.test.*,ptdb.test.*,ptdb.gui.test.*,org.ptolemy.scala.*,diva.util.java2d.svg.*,ptolemy.domains.ptinyos.*,ptolemy.actor.lib.fmi.fmipp.*,,org.terraswarm.accessor.accessors.web.node_modules.*,org.terraswarm.accessor.accessors-svn,ptolemy.apps.*,ptolemy.actor.ptalon.demo.ptinyos.SendAndReceiveCnt.output,ptolemy.actor.ptalon.demo.ptinyos.SenseToLeds.output,ptolemy.domains.ptinyos.demo.CntToLedsAndRfm.output,ptolemy.domains.ptinyos.demo.RfmToLeds.output,ptolemy.domains.ptinyos.demo.SendAndReceiveCnt.output,ptolemy.domains.ptinyos.demo.SenseToLeds.output,ptolemy.actor.lib.jjs.modules.udpSocket.*" />
    <property name="env.TRAVIS_COMMIT_MESSAGE" value="Demo tuning" />
    <property name="keystore" value="ptKeystore" />
    <property name="env.XDG_SESSION_ID" value="2" />
    <property name="junit.output.dir" value="/home/travis/build/icyphy/ptII/reports/junit" />
    <property name="npm.return.code" value="0" />
    <property name="user.dir" value="/home/travis/build/icyphy/ptII/ptolemy/cg/lib/test" />
    <property name="env.TRAVIS_NODE_VERSION" value="7" />
    <property name="env.XFILESEARCHPATH" value="/usr/dt/app-defaults/%L/Dt" />
    <property name="env.TRAVIS_EVENT_TYPE" value="cron" />
    <property name="env.MAIL" value="/var/mail/travis" />
    <property name="env.PERLBREW_ROOT" value="/home/travis/perl5/perlbrew" />
    <property name="env.PWD" value="/home/travis/build/icyphy/ptII" />
    <property name="timeout.npm" value="45000" />
    <property name="env.PAGER" value="cat" />
    <property name="sun.cpu.endian" value="little" />
    <property name="env.TRAVIS_BUILD_STAGE_NAME" value="Test" />
    <property name="env.PERLBREW_HOME" value="/home/travis/.perlbrew" />
    <property name="env.RAILS_ENV" value="test" />
    <property name="java.vm.version" value="25.151-b12" />
    <property name="java.class.path" value="/home/travis/build/icyphy/ptII:/home/travis/build/icyphy/ptII/lib/bsh-2.0b4.jar:/home/travis/build/icyphy/ptII/lib/ptCal.jar:/home/travis/build/icyphy/ptII/lib/java_cup.jar:/home/travis/build/icyphy/ptII/lib/saxon8.jar:/home/travis/build/icyphy/ptII/lib/saxon8-dom.jar:/home/travis/build/icyphy/ptII/lib/chic.jar:/home/travis/build/icyphy/ptII/lib/ptcolt.jar:/usr/lib/jvm/java-8-oracle/lib/tools.jar:/usr/lib/eclipse/plugins/org.eclipse.jdt.core_3.8.2.dist.jar:/usr/lib/eclipse/plugins/org.eclipse.core.runtime_3.8.0.dist.jar:/usr/lib/eclipse/plugins/org.eclipse.osgi_3.8.1.dist.jar:/usr/lib/eclipse/plugins/org.eclipse.core.resources_3.8.1.dist.jar:/usr/lib/eclipse/plugins/org.eclipse.equinox.common_3.6.100.dist.jar:/usr/lib/eclipse/plugins/org.eclipse.core.jobs_3.5.200.dist.jar:/usr/lib/eclipse/plugins/org.eclipse.core.contenttype_3.4.200.dist.jar:/usr/lib/eclipse/plugins/org.eclipse.equinox.preferences_3.5.0.dist.jar:/usr/lib/eclipse/plugins/org.eclipse.text_3.5.200.dist.jar:/usr/lib/eclipse/plugins/org.eclipse.ui.workbench_3.8.1.dist.jar:/usr/lib/eclipse/plugins/org.eclipse.jface_3.8.0.dist.jar:/usr/lib/eclipse/plugins/org.eclipse.swt_3.8.2.jar:/usr/lib/eclipse/plugins/org.eclipse.jface.text_3.8.1.dist.jar:/usr/lib/eclipse/plugins/org.eclipse.ui.workbench.texteditor_3.8.0.dist.jar:/usr/lib/eclipse/plugins/org.eclipse.ui.editors_3.8.0.dist.jar:/usr/lib/eclipse/plugins/org.eclipse.core.commands_3.6.1.dist.jar:/usr/lib/eclipse/plugins/org.eclipse.equinox.registry_3.5.200.dist.jar:/usr/lib/eclipse/plugins/org.eclipse.ui.console_3.5.100.dist.jar:/usr/lib/eclipse/plugins/org.eclipse.ui.forms_3.5.200.dist.jar:/usr/lib/eclipse/plugins/org.eclipse.ui.ide_3.8.1.dist.jar:/home/travis/build/icyphy/ptII/vendors/oracle/dbxml.jar:/home/travis/build/icyphy/ptII/vendors/oracle/db.jar:/home/travis/build/icyphy/ptII/vendors/misc/itext/iText.jar:/home/travis/build/icyphy/ptII/lib/g4ltl.jar:/home/travis/build/icyphy/ptII/lib/StructuralCoder.jar:/home/travis/build/icyphy/ptII/lib/org-openide-util.jar:/home/travis/build/icyphy/ptII/lib/org-openide-util-lookup.jar:/home/travis/build/icyphy/ptII/lib/org-netbeans-api-visual.jar:/home/travis/build/icyphy/ptII/vendors/jai-1_1_2_01/lib/jai_core.jar:/home/travis/build/icyphy/ptII/vendors/jai-1_1_2_01/lib/jai_codec.jar:/home/travis/build/icyphy/ptII/lib/jcerti.jar:/home/travis/build/icyphy/ptII/lib/smack.jar:/home/travis/build/icyphy/ptII/lib/smackx.jar:/home/travis/build/icyphy/ptII/lib/jetty-all-8.1.5-v20120716.jar:/home/travis/build/icyphy/ptII/lib/javax.servlet-api-3.0.1.jar:/home/travis/build/icyphy/ptII/lib/javax.mail.jar:/home/travis/build/icyphy/ptII/vendors/JMF-2.1.1e/lib/jmf.jar:/home/travis/build/icyphy/ptII/lib/jna-4.0.0-variadic.jar:/home/travis/build/icyphy/ptII/vendors/misc/joystick/Joystick.jar:/home/travis/build/icyphy/ptII/lib/ptjacl.jar:/home/travis/build/icyphy/ptII/lib/jsoup-1.8.2.jar:/home/travis/build/icyphy/ptII/lib/junit-4.8.2.jar:/home/travis/build/icyphy/ptII/lib/JUnitParams-0.4.0.jar:/home/travis/build/icyphy/ptII/ptolemy/actor/lib/excel/jxl.jar:/home/travis/build/icyphy/ptII/lib/jython.jar:/home/travis/build/icyphy/ptII/lib/kieler.jar:/home/travis/build/icyphy/ptII/vendors/opencv/share/OpenCV/java/opencv-341.jar:/home/travis/build/icyphy/ptII/lib/oscP5.jar:/home/travis/build/icyphy/ptII/lib/nrjavaserial-3.11.0.devel.jar:/home/travis/build/icyphy/ptII/vendors/j3d/lib/j3dcore.jar:/home/travis/build/icyphy/ptII/vendors/j3d/lib/j3dutils.jar:/home/travis/build/icyphy/ptII/vendors/j3d/lib/vecmath.jar:/home/travis/build/icyphy/ptII/ptolemy/distributed/jini/jar/jini-core.jar:/home/travis/build/icyphy/ptII/ptolemy/distributed/jini/jar/jini-ext.jar:/home/travis/build/icyphy/ptII/ptolemy/distributed/jini/jar/sun-util.jar:/home/travis/build/icyphy/ptII/lib/protobuf-java-2.4.1.jar:/home/travis/build/icyphy/ptII/lib/org.eclipse.paho.client.mqttv3.jar:/home/travis/build/icyphy/ptII/ptserver/lib/hessian-4.0.7.jar:/home/travis/build/icyphy/ptII/ptserver/lib/wmqtt.jar:/home/travis/build/icyphy/ptII/lib/mapss.jar:/home/travis/build/icyphy/ptII/ptolemy/actor/ptalon/antlr/antlr.jar:/home/travis/build/icyphy/ptII/lib/JRI.jar:/home/travis/build/icyphy/ptII/lib/commons-lang-2.6.jar:/home/travis/build/icyphy/ptII/lib/commons-logging-1.1.1.jar:/home/travis/build/icyphy/ptII/lib/sootclasses.jar:/home/travis/build/icyphy/ptII/ptolemy/actor/lib/database/mysql-connector-java-5.1.6-bin.jar:/home/travis/build/icyphy/ptII/vendors/misc/sphinx4/sphinx4-data-5prealpha.jar:/home/travis/build/icyphy/ptII/vendors/misc/sphinx4/sphinx4-core-5prealpha.jar:/home/travis/build/icyphy/ptII/lib/PDFRenderer.jar:/home/travis/build/icyphy/ptII/lib/svgSalamander.jar:/home/travis/build/icyphy/ptII/lib/rsyntaxtextarea-2.6.0-SNAPSHOT.jar:/home/travis/build/icyphy/ptII/lib/hazelcast-3.8.2.jar:/home/travis/build/icyphy/ptII/lib/jackson-annotations-2.9.0.jar:/home/travis/build/icyphy/ptII/lib/jackson-core-2.9.3.jar:/home/travis/build/icyphy/ptII/lib/jackson-databind-2.9.3.jar:/home/travis/build/icyphy/ptII/lib/netty-buffer-4.1.19.Final.jar:/home/travis/build/icyphy/ptII/lib/netty-codec-4.1.19.Final.jar:/home/travis/build/icyphy/ptII/lib/netty-codec-dns-4.1.19.Final.jar:/home/travis/build/icyphy/ptII/lib/netty-codec-http-4.1.19.Final.jar:/home/travis/build/icyphy/ptII/lib/netty-codec-http2-4.1.19.Final.jar:/home/travis/build/icyphy/ptII/lib/netty-common-4.1.19.Final.jar:/home/travis/build/icyphy/ptII/lib/netty-handler-4.1.19.Final.jar:/home/travis/build/icyphy/ptII/lib/netty-resolver-4.1.19.Final.jar:/home/travis/build/icyphy/ptII/lib/netty-resolver-dns-4.1.19.Final.jar:/home/travis/build/icyphy/ptII/lib/netty-transport-4.1.19.Final.jar:/home/travis/build/icyphy/ptII/lib/vertx-codegen-3.5.1.jar:/home/travis/build/icyphy/ptII/lib/vertx-core-3.5.2-SNAPSHOT.jar:/home/travis/build/icyphy/ptII/lib/vertx-hazelcast-3.5.1.jar:/home/travis/build/icyphy/ptII/lib/vertx-lang-js-3.5.1.jar:/home/travis/build/icyphy/ptII/lib/vertx-service-proxy-3.5.1.jar:/home/travis/build/icyphy/ptII/lib/vertx-web-3.5.1.jar:/home/travis/build/icyphy/ptII/lib/slf4j-api-1.7.13.jar:/home/travis/build/icyphy/ptII/lib/slf4j-simple-1.7.13.jar:/home/travis/build/icyphy/ptII/lib/webcam-capture-0.3.12.jar:/home/travis/build/icyphy/ptII/lib/bridj-0.7.0.jar:/home/travis/build/icyphy/ptII/lib/xbjlib-1.1.0.nrjavaserial.jar:/home/travis/build/icyphy/ptII/ptolemy/moml/test:/home/travis/build/icyphy/ptII/ant/lib/ant-launcher.jar:/home/travis/build/icyphy/ptII/ant/lib/ant.jar:/home/travis/build/icyphy/ptII/ant/lib/ant-junit.jar:/home/travis/build/icyphy/ptII/ant/lib/ant-junit4.jar" />
    <property name="ant.library.dir" value="/home/travis/build/icyphy/ptII/ant/lib" />
    <property name="os.arch" value="amd64" />
    <property name="env.TRAVIS_LANGUAGE" value="node_js" />
    <property name="env.CONTINUOUS_INTEGRATION" value="true" />
    <property name="env.TRAVIS_STACK_LANGUAGES" value="__garnet__ c c++ clojure cplusplus cpp default go groovy java node_js php pure_java python ruby scala" />
    <property name="test.name" value="ptolemy.actor.lib.test.junit.JUnitTclTest" />
    <property name="sun.java.launcher" value="SUN_STANDARD" />
    <property name="env.PYTHON_CONFIGURE_OPTS" value="--enable-unicode=ucs4 --with-wide-unicode --enable-shared --enable-ipv6 --enable-loadable-sqlite-extensions --with-computed-gotos" />
    <property name="ant.core.lib" value="/home/travis/build/icyphy/ptII/ant/lib/ant.jar" />
    <property name="java.vm.specification.vendor" value="Oracle Corporation" />
    <property name="env.BCVTB_HOME" value="/home/travis/build/icyphy/ptII/lbnl" />
    <property name="file.separator" value="/" />
    <property name="java.runtime.version" value="1.8.0_151-b12" />
    <property name="spotbugs.home" value="/home/travis/build/icyphy/ptII/vendors/spotbugs-3.1.1" />
    <property name="sun.boot.class.path" value="/usr/lib/jvm/java-8-oracle/jre/lib/resources.jar:/usr/lib/jvm/java-8-oracle/jre/lib/rt.jar:/usr/lib/jvm/java-8-oracle/jre/lib/sunrsasign.jar:/usr/lib/jvm/java-8-oracle/jre/lib/jsse.jar:/usr/lib/jvm/java-8-oracle/jre/lib/jce.jar:/usr/lib/jvm/java-8-oracle/jre/lib/charsets.jar:/usr/lib/jvm/java-8-oracle/jre/lib/jfr.jar:/usr/lib/jvm/java-8-oracle/jre/classes" />
    <property name="env.HAS_JOSH_K_SEAL_OF_APPROVAL" value="true" />
    <property name="env.XDG_RUNTIME_DIR" value="/run/user/2000" />
    <property name="env.TRAVIS_OSX_IMAGE" value="" />
    <property name="env.TRAVIS_BRANCH" value="master" />
    <property name="env.TRAVIS_JOB_ID" value="423749765" />
    <property name="user.country" value="US" />
    <property name="env.CERTI_HOME_TRAVIS" value="/home/travis/pthla/certi-tools" />
    <property name="env.SHELL" value="/bin/bash" />
    <property name="java.maxmemory.large" value="5000m" />
    <property name="model" value="" />
    <property name="env.CASHER_DIR" value="/home/travis/.casher" />
    <property name="env.NVM_CD_FLAGS" value="" />
    <property name="jshint.executable" value="/home/travis/node_modules/jshint/bin/jshint" />
    <property name="java.vendor" value="Oracle Corporation" />
    <property name="env.JRUBY_OPTS" value=" --client -J-XX:+TieredCompilation -J-XX:TieredStopAtLevel=1 -J-Xss2m -Xcompile.invokedynamic=false" />
    <property name="env.TRAVIS_PRE_CHEF_BOOTSTRAP_TIME" value="2017-12-05T19:32:55" />
    <property name="env.ELIXIR_VERSION" value="1.4.5" />
    <property name="env.TRAVIS_STACK_JOB_BOARD_REGISTER" value="/.job-board-register.yml" />
    <property name="java.specification.version" value="1.8" />
    <property name="env.TRAVIS" value="true" />
    <property name="env.IRBRC" value="/home/travis/.rvm/rubies/ruby-2.4.1/.irbrc" />
    <property name="sun.arch.data.model" value="64" />
  </properties>
  <testcase classname="ptolemy.util.test.junit.TclTests" name="[0] /home/travis/build/icyphy/ptII/ptolemy/cg/lib/test/ModularCodeGenTypedCompositeActor.tcl (RunTclFile)" time="13.094" />
  <testcase classname="ptolemy.util.test.junit.AutoKnownFailedTests" name="[0] ThereAreNoKnowFailedTests (RunModel)" time="0.001" />
  <testcase classname="ptolemy.util.test.junit.AutoNameArchTests" name="[0] ThereAreNoAutoArchTests (RunModel)" time="0.001" />
  <testcase classname="ptolemy.util.test.junit.AutoTests" name="[0] /home/travis/build/icyphy/ptII/ptolemy/cg/lib/test/auto/CompiledCompositeActor.xml (RunModel)" time="1.46" />
  <testcase classname="ptolemy.util.test.junit.AutoTests" name="[1] /home/travis/build/icyphy/ptII/ptolemy/cg/lib/test/auto/DECGClockRamp.xml (RunModel)" time="0.075" />
  <testcase classname="ptolemy.util.test.junit.AutoTests" name="[2] /home/travis/build/icyphy/ptII/ptolemy/cg/lib/test/auto/DECGDelay.xml (RunModel)" time="0.09" />
  <testcase classname="ptolemy.util.test.junit.AutoTests" name="[3] /home/travis/build/icyphy/ptII/ptolemy/cg/lib/test/auto/DECGHelloWorld.xml (RunModel)" time="0.03" />
  <testcase classname="ptolemy.util.test.junit.AutoTests" name="[4] /home/travis/build/icyphy/ptII/ptolemy/cg/lib/test/auto/DECGHeterogeneous.xml (RunModel)" time="0.141" />
  <testcase classname="ptolemy.util.test.junit.AutoTests" name="[5] /home/travis/build/icyphy/ptII/ptolemy/cg/lib/test/auto/DECGHeterogeneousMk2.xml (RunModel)" time="0.145" />
  <testcase classname="ptolemy.util.test.junit.AutoTests" name="[6] /home/travis/build/icyphy/ptII/ptolemy/cg/lib/test/auto/DECGMath.xml (RunModel)" time="0.069" />
  <testcase classname="ptolemy.util.test.junit.AutoTests" name="[7] /home/travis/build/icyphy/ptII/ptolemy/cg/lib/test/auto/DECGPi.xml (RunModel)" time="0.095" />
  <testcase classname="ptolemy.util.test.junit.AutoTests" name="[8] /home/travis/build/icyphy/ptII/ptolemy/cg/lib/test/auto/DECGPiSquare.xml (RunModel)" time="0.219" />
  <testcase classname="ptolemy.util.test.junit.AutoTests" name="[9] /home/travis/build/icyphy/ptII/ptolemy/cg/lib/test/auto/DECGPoisson.xml (RunModel)" time="0.03" />
  <testcase classname="ptolemy.util.test.junit.AutoTests" name="[10] /home/travis/build/icyphy/ptII/ptolemy/cg/lib/test/auto/JavaCompiledCompositeActor5.xml (RunModel)" time="0.951" />
  <testcase classname="ptolemy.util.test.junit.AutoTests" name="[11] /home/travis/build/icyphy/ptII/ptolemy/cg/lib/test/auto/JavaCompiledCompositeTest1.xml (RunModel)" time="0.882" />
  <testcase classname="ptolemy.util.test.junit.AutoTests" name="[12] /home/travis/build/icyphy/ptII/ptolemy/cg/lib/test/auto/JavaCompiledCompositeTest2.xml (RunModel)" time="0.924" />
  <testcase classname="ptolemy.util.test.junit.AutoTests" name="[13] /home/travis/build/icyphy/ptII/ptolemy/cg/lib/test/auto/JavaCompiledCompositeTest3.xml (RunModel)" time="0.966" />
  <testcase classname="ptolemy.util.test.junit.AutoTests" name="[14] /home/travis/build/icyphy/ptII/ptolemy/cg/lib/test/auto/JavaCompiledCompositeTest4.xml (RunModel)" time="0.918" />
  <testcase classname="ptolemy.util.test.junit.AutoTests" name="[15] /home/travis/build/icyphy/ptII/ptolemy/cg/lib/test/auto/ModularCG.xml (RunModel)" time="14.351" />
  <testcase classname="ptolemy.util.test.junit.AutoTests" name="[16] /home/travis/build/icyphy/ptII/ptolemy/cg/lib/test/auto/ModularCGPubSub.xml (RunModel)" time="4.849" />
  <testcase classname="ptolemy.util.test.junit.AutoTests" name="[17] /home/travis/build/icyphy/ptII/ptolemy/cg/lib/test/auto/ModularCodeGen.xml (RunModel)" time="2.499" />
  <testcase classname="ptolemy.util.test.junit.AutoTests" name="[18] /home/travis/build/icyphy/ptII/ptolemy/cg/lib/test/auto/ModularCodeGen2.xml (RunModel)" time="5.235" />
  <testcase classname="ptolemy.util.test.junit.AutoTests" name="[19] /home/travis/build/icyphy/ptII/ptolemy/cg/lib/test/auto/ModularCodeGen3.xml (RunModel)" time="14.739" />
  <testcase classname="ptolemy.util.test.junit.AutoTests" name="[20] /home/travis/build/icyphy/ptII/ptolemy/cg/lib/test/auto/ModularCodeGen4.xml (RunModel)" time="13.673" />
  <testcase classname="ptolemy.util.test.junit.AutoTests" name="[21] /home/travis/build/icyphy/ptII/ptolemy/cg/lib/test/auto/ModularCodeGen5.xml (RunModel)" time="4.612" />
  <testcase classname="ptolemy.util.test.junit.AutoTests" name="[22] /home/travis/build/icyphy/ptII/ptolemy/cg/lib/test/auto/ModularCodeGen6.xml (RunModel)" time="7.296" />
  <testcase classname="ptolemy.util.test.junit.AutoTests" name="[23] /home/travis/build/icyphy/ptII/ptolemy/cg/lib/test/auto/ModularCodeGenLazyPubSub.xml (RunModel)" time="3.063" />
  <testcase classname="ptolemy.util.test.junit.AutoTests" name="[24] /home/travis/build/icyphy/ptII/ptolemy/cg/lib/test/auto/ModularCodeGenLazyPubSubGlobal.xml (RunModel)" time="2.536" />
  <testcase classname="ptolemy.util.test.junit.AutoTests" name="[25] /home/travis/build/icyphy/ptII/ptolemy/cg/lib/test/auto/ModularCodeGenPubSub1.xml (RunModel)" time="2.236" />
  <testcase classname="ptolemy.util.test.junit.AutoTests" name="[26] /home/travis/build/icyphy/ptII/ptolemy/cg/lib/test/auto/ModularCodeGenPubSub2.xml (RunModel)" time="4.712" />
  <testcase classname="ptolemy.util.test.junit.AutoTests" name="[27] /home/travis/build/icyphy/ptII/ptolemy/cg/lib/test/auto/ModularCodeGenPubSub3.xml (RunModel)" time="4.307" />
  <testcase classname="ptolemy.util.test.junit.AutoTests" name="[28] /home/travis/build/icyphy/ptII/ptolemy/cg/lib/test/auto/ModularCodeGenPubSub4.xml (RunModel)" time="4.355" />
  <testcase classname="ptolemy.util.test.junit.AutoTests" name="[29] /home/travis/build/icyphy/ptII/ptolemy/cg/lib/test/auto/PubSubAggLazy.xml (RunModel)" time="0.043" />
  <testcase classname="ptolemy.util.test.junit.AutoTests" name="[30] /home/travis/build/icyphy/ptII/ptolemy/cg/lib/test/auto/PubSubAggModularCodeGen.xml (RunModel)" time="2.443" />
  <testcase classname="ptolemy.util.test.junit.AutoTests" name="[31] /home/travis/build/icyphy/ptII/ptolemy/cg/lib/test/auto/PubSubAggTypedComposite.xml (RunModel)" time="0.014" />
  <testcase classname="ptolemy.util.test.junit.AutoTests" name="[32] /home/travis/build/icyphy/ptII/ptolemy/cg/lib/test/auto/PubSubAggTypedCompositeWidth2.xml (RunModel)" time="0.02" />
  <testcase classname="ptolemy.util.test.junit.AutoTests" name="[33] /home/travis/build/icyphy/ptII/ptolemy/cg/lib/test/auto/ScaleJava.xml (RunModel)" time="0.922" />
  <system-out><![CDATA[/home/travis/build/icyphy/ptII/ptolemy/cg/lib/test/ModularCodeGenTypedCompositeActor.tcl
testDefs.tcl: setting time out to 9000 seconds at Mon Sep 03 02:08:48 UTC 2018
In "/home/travis/cg", about to execute:
    pwd
In "/home/travis/cg", about to execute:
    ls -l
/home/travis/cg
In "/home/travis/cg", about to execute:
    javac -classpath
.:/home/travis/build/icyphy/ptII:/home/travis/build/icyphy/ptII/lib/bsh-2.0b4.j
ar:/home/travis/build/icyphy/ptII/lib/ptCal.jar:/home/travis/build/icyphy/ptII/
lib/java_cup.jar:/home/travis/build/icyphy/ptII/lib/saxon8.jar:/home/travis/bui
ld/icyphy/ptII/lib/saxon8-dom.jar:/home/travis/build/icyphy/ptII/lib/chic.jar:/
home/travis/build/icyphy/ptII/lib/ptcolt.jar:/usr/lib/jvm/java-8-oracle/lib/too
ls.jar:/usr/lib/eclipse/plugins/org.eclipse.jdt.core_3.8.2.dist.jar:/usr/lib/ec
lipse/plugins/org.eclipse.core.runtime_3.8.0.dist.jar:/usr/lib/eclipse/plugins/
org.eclipse.osgi_3.8.1.dist.jar:/usr/lib/eclipse/plugins/org.eclipse.core.resou
rces_3.8.1.dist.jar:/usr/lib/eclipse/plugins/org.eclipse.equinox.common_3.6.100
.dist.jar:/usr/lib/eclipse/plugins/org.eclipse.core.jobs_3.5.200.dist.jar:/usr/
lib/eclipse/plugins/org.eclipse.core.contenttype_3.4.200.dist.jar:/usr/lib/ecli
pse/plugins/org.eclipse.equinox.preferences_3.5.0.dist.jar:/usr/lib/eclipse/plu
gins/org.eclipse.text_3.5.200.dist.jar:/usr/lib/eclipse/plugins/org.eclipse.ui.
workbench_3.8.1.dist.jar:/usr/lib/eclipse/plugins/org.eclipse.jface_3.8.0.dist.
jar:/usr/lib/eclipse/plugins/org.eclipse.swt_3.8.2.jar:/usr/lib/eclipse/plugins
/org.eclipse.jface.text_3.8.1.dist.jar:/usr/lib/eclipse/plugins/org.eclipse.ui.
workbench.texteditor_3.8.0.dist.jar:/usr/lib/eclipse/plugins/org.eclipse.ui.edi
tors_3.8.0.dist.jar:/usr/lib/eclipse/plugins/org.eclipse.core.commands_3.6.1.di
st.jar:/usr/lib/eclipse/plugins/org.eclipse.equinox.registry_3.5.200.dist.jar:/
usr/lib/eclipse/plugins/org.eclipse.ui.console_3.5.100.dist.jar:/usr/lib/eclips
e/plugins/org.eclipse.ui.forms_3.5.200.dist.jar:/usr/lib/eclipse/plugins/org.ec
lipse.ui.ide_3.8.1.dist.jar:/home/travis/build/icyphy/ptII/vendors/oracle/dbxml
.jar:/home/travis/build/icyphy/ptII/vendors/oracle/db.jar:/home/travis/build/ic
yphy/ptII/vendors/misc/itext/iText.jar:/home/travis/build/icyphy/ptII/lib/g4ltl
.jar:/home/travis/build/icyphy/ptII/lib/StructuralCoder.jar:/home/travis/build/
icyphy/ptII/lib/org-openide-util.jar:/home/travis/build/icyphy/ptII/lib/org-ope
nide-util-lookup.jar:/home/travis/build/icyphy/ptII/lib/org-netbeans-api-visual
.jar:/home/travis/build/icyphy/ptII/vendors/jai-1_1_2_01/lib/jai_core.jar:/home
/travis/build/icyphy/ptII/vendors/jai-1_1_2_01/lib/jai_codec.jar:/home/travis/b
uild/icyphy/ptII/lib/jcerti.jar:/home/travis/build/icyphy/ptII/lib/smack.jar:/h
ome/travis/build/icyphy/ptII/lib/smackx.jar:/home/travis/build/icyphy/ptII/lib/
jetty-all-8.1.5-v20120716.jar:/home/travis/build/icyphy/ptII/lib/javax.servlet-
api-3.0.1.jar:/home/travis/build/icyphy/ptII/lib/javax.mail.jar:/home/travis/bu
ild/icyphy/ptII/vendors/JMF-2.1.1e/lib/jmf.jar:/home/travis/build/icyphy/ptII/l
ib/jna-4.0.0-variadic.jar:/home/travis/build/icyphy/ptII/vendors/misc/joystick/
Joystick.jar:/home/travis/build/icyphy/ptII/lib/ptjacl.jar:/home/travis/build/i
cyphy/ptII/lib/jsoup-1.8.2.jar:/home/travis/build/icyphy/ptII/lib/junit-4.8.2.j
ar:/home/travis/build/icyphy/ptII/lib/JUnitParams-0.4.0.jar:/home/travis/build/
icyphy/ptII/ptolemy/actor/lib/excel/jxl.jar:/home/travis/build/icyphy/ptII/lib/
jython.jar:/home/travis/build/icyphy/ptII/lib/kieler.jar:/home/travis/build/icy
phy/ptII/vendors/opencv/share/OpenCV/java/opencv-341.jar:/home/travis/build/icy
phy/ptII/lib/oscP5.jar:/home/travis/build/icyphy/ptII/lib/nrjavaserial-3.11.0.d
evel.jar:/home/travis/build/icyphy/ptII/vendors/j3d/lib/j3dcore.jar:/home/travi
s/build/icyphy/ptII/vendors/j3d/lib/j3dutils.jar:/home/travis/build/icyphy/ptII
/vendors/j3d/lib/vecmath.jar:/home/travis/build/icyphy/ptII/ptolemy/distributed
/jini/jar/jini-core.jar:/home/travis/build/icyphy/ptII/ptolemy/distributed/jini
/jar/jini-ext.jar:/home/travis/build/icyphy/ptII/ptolemy/distributed/jini/jar/s
un-util.jar:/home/travis/build/icyphy/ptII/lib/protobuf-java-2.4.1.jar:/home/tr
avis/build/icyphy/ptII/lib/org.eclipse.paho.client.mqttv3.jar:/home/travis/buil
d/icyphy/ptII/ptserver/lib/hessian-4.0.7.jar:/home/travis/build/icyphy/ptII/pts
erver/lib/wmqtt.jar:/home/travis/build/icyphy/ptII/lib/mapss.jar:/home/travis/b
uild/icyphy/ptII/ptolemy/actor/ptalon/antlr/antlr.jar:/home/travis/build/icyphy
/ptII/lib/JRI.jar:/home/travis/build/icyphy/ptII/lib/commons-lang-2.6.jar:/home
/travis/build/icyphy/ptII/lib/commons-logging-1.1.1.jar:/home/travis/build/icyp
hy/ptII/lib/sootclasses.jar:/home/travis/build/icyphy/ptII/ptolemy/actor/lib/da
tabase/mysql-connector-java-5.1.6-bin.jar:/home/travis/build/icyphy/ptII/vendor
s/misc/sphinx4/sphinx4-data-5prealpha.jar:/home/travis/build/icyphy/ptII/vendor
s/misc/sphinx4/sphinx4-core-5prealpha.jar:/home/travis/build/icyphy/ptII/lib/PD
FRenderer.jar:/home/travis/build/icyphy/ptII/lib/svgSalamander.jar:/home/travis
/build/icyphy/ptII/lib/rsyntaxtextarea-2.6.0-SNAPSHOT.jar:/home/travis/build/ic
yphy/ptII/lib/hazelcast-3.8.2.jar:/home/travis/build/icyphy/ptII/lib/jackson-an
notations-2.9.0.jar:/home/travis/build/icyphy/ptII/lib/jackson-core-2.9.3.jar:/
home/travis/build/icyphy/ptII/lib/jackson-databind-2.9.3.jar:/home/travis/build
/icyphy/ptII/lib/netty-buffer-4.1.19.Final.jar:/home/travis/build/icyphy/ptII/l
ib/netty-codec-4.1.19.Final.jar:/home/travis/build/icyphy/ptII/lib/netty-codec-
dns-4.1.19.Final.jar:/home/travis/build/icyphy/ptII/lib/netty-codec-http-4.1.19
.Final.jar:/home/travis/build/icyphy/ptII/lib/netty-codec-http2-4.1.19.Final.ja
r:/home/travis/build/icyphy/ptII/lib/netty-common-4.1.19.Final.jar:/home/travis
/build/icyphy/ptII/lib/netty-handler-4.1.19.Final.jar:/home/travis/build/icyphy
/ptII/lib/netty-resolver-4.1.19.Final.jar:/home/travis/build/icyphy/ptII/lib/ne
tty-resolver-dns-4.1.19.Final.jar:/home/travis/build/icyphy/ptII/lib/netty-tran
sport-4.1.19.Final.jar:/home/travis/build/icyphy/ptII/lib/vertx-codegen-3.5.1.j
ar:/home/travis/build/icyphy/ptII/lib/vertx-core-3.5.2-SNAPSHOT.jar:/home/travi
s/build/icyphy/ptII/lib/vertx-hazelcast-3.5.1.jar:/home/travis/build/icyphy/ptI
I/lib/vertx-lang-js-3.5.1.jar:/home/travis/build/icyphy/ptII/lib/vertx-service-
proxy-3.5.1.jar:/home/travis/build/icyphy/ptII/lib/vertx-web-3.5.1.jar:/home/tr
avis/build/icyphy/ptII/lib/slf4j-api-1.7.13.jar:/home/travis/build/icyphy/ptII/
lib/slf4j-simple-1.7.13.jar:/home/travis/build/icyphy/ptII/lib/webcam-capture-0
.3.12.jar:/home/travis/build/icyphy/ptII/lib/bridj-0.7.0.jar:/home/travis/build
/icyphy/ptII/lib/xbjlib-1.1.0.nrjavaserial.jar:/home/travis/build/icyphy/ptII/p
tolemy/moml/test:/home/travis/build/icyphy/ptII/ant/lib/ant-launcher.jar:/home/
travis/build/icyphy/ptII/ant/lib/ant.jar:/home/travis/build/icyphy/ptII/ant/lib
/ant-junit.jar:/home/travis/build/icyphy/ptII/ant/lib/ant-junit4.jar:/home/trav
is/build/icyphy/ptII ModularCodeGenTest_A1_A2_profile.java
total 4
-rw-rw-r-- 1 travis travis 1228 Sep  3 02:08 ModularCodeGenTest_A1_A2_profile.java
warning: Supported source version 'RELEASE_6' from annotation processor 'org.netbeans.modules.openide.util.NbBundleProcessor' less than -source '1.8'
warning: Supported source version 'RELEASE_6' from annotation processor 'org.netbeans.modules.openide.util.URLStreamHandlerRegistrationProcessor' less than -source '1.8'
warning: Supported source version 'RELEASE_6' from annotation processor 'org.netbeans.modules.openide.util.ServiceProviderProcessor' less than -source '1.8'
3 warnings
All Done
Writing ModularCodeGenTest_A1_A2.java in file:/home/travis/cg/ (9163 characters)
Reading "ptolemy/cg/kernel/generic/program/procedural/java/modular/makefile.in",
    writing "/home/travis/cg/ModularCodeGenTest_A1_A2.mk"
Using ptolemy/cg/kernel/generic/program/procedural/java/modular/makefile.in
In "/home/travis/cg", about to execute:
    make -f ModularCodeGenTest_A1_A2.mk
javac -classpath ".:.."    ModularCodeGenTest_A1_A2.java
All Done
In "/home/travis/cg", about to execute:
    pwd
In "/home/travis/cg", about to execute:
    ls -l
/home/travis/cg
In "/home/travis/cg", about to execute:
    javac -classpath
.:/home/travis/build/icyphy/ptII:/home/travis/build/icyphy/ptII/lib/bsh-2.0b4.j
ar:/home/travis/build/icyphy/ptII/lib/ptCal.jar:/home/travis/build/icyphy/ptII/
lib/java_cup.jar:/home/travis/build/icyphy/ptII/lib/saxon8.jar:/home/travis/bui
ld/icyphy/ptII/lib/saxon8-dom.jar:/home/travis/build/icyphy/ptII/lib/chic.jar:/
home/travis/build/icyphy/ptII/lib/ptcolt.jar:/usr/lib/jvm/java-8-oracle/lib/too
ls.jar:/usr/lib/eclipse/plugins/org.eclipse.jdt.core_3.8.2.dist.jar:/usr/lib/ec
lipse/plugins/org.eclipse.core.runtime_3.8.0.dist.jar:/usr/lib/eclipse/plugins/
org.eclipse.osgi_3.8.1.dist.jar:/usr/lib/eclipse/plugins/org.eclipse.core.resou
rces_3.8.1.dist.jar:/usr/lib/eclipse/plugins/org.eclipse.equinox.common_3.6.100
.dist.jar:/usr/lib/eclipse/plugins/org.eclipse.core.jobs_3.5.200.dist.jar:/usr/
lib/eclipse/plugins/org.eclipse.core.contenttype_3.4.200.dist.jar:/usr/lib/ecli
pse/plugins/org.eclipse.equinox.preferences_3.5.0.dist.jar:/usr/lib/eclipse/plu
gins/org.eclipse.text_3.5.200.dist.jar:/usr/lib/eclipse/plugins/org.eclipse.ui.
workbench_3.8.1.dist.jar:/usr/lib/eclipse/plugins/org.eclipse.jface_3.8.0.dist.
jar:/usr/lib/eclipse/plugins/org.eclipse.swt_3.8.2.jar:/usr/lib/eclipse/plugins
/org.eclipse.jface.text_3.8.1.dist.jar:/usr/lib/eclipse/plugins/org.eclipse.ui.
workbench.texteditor_3.8.0.dist.jar:/usr/lib/eclipse/plugins/org.eclipse.ui.edi
tors_3.8.0.dist.jar:/usr/lib/eclipse/plugins/org.eclipse.core.commands_3.6.1.di
st.jar:/usr/lib/eclipse/plugins/org.eclipse.equinox.registry_3.5.200.dist.jar:/
usr/lib/eclipse/plugins/org.eclipse.ui.console_3.5.100.dist.jar:/usr/lib/eclips
e/plugins/org.eclipse.ui.forms_3.5.200.dist.jar:/usr/lib/eclipse/plugins/org.ec
lipse.ui.ide_3.8.1.dist.jar:/home/travis/build/icyphy/ptII/vendors/oracle/dbxml
.jar:/home/travis/build/icyphy/ptII/vendors/oracle/db.jar:/home/travis/build/ic
yphy/ptII/vendors/misc/itext/iText.jar:/home/travis/build/icyphy/ptII/lib/g4ltl
.jar:/home/travis/build/icyphy/ptII/lib/StructuralCoder.jar:/home/travis/build/
icyphy/ptII/lib/org-openide-util.jar:/home/travis/build/icyphy/ptII/lib/org-ope
nide-util-lookup.jar:/home/travis/build/icyphy/ptII/lib/org-netbeans-api-visual
.jar:/home/travis/build/icyphy/ptII/vendors/jai-1_1_2_01/lib/jai_core.jar:/home
/travis/build/icyphy/ptII/vendors/jai-1_1_2_01/lib/jai_codec.jar:/home/travis/b
uild/icyphy/ptII/lib/jcerti.jar:/home/travis/build/icyphy/ptII/lib/smack.jar:/h
ome/travis/build/icyphy/ptII/lib/smackx.jar:/home/travis/build/icyphy/ptII/lib/
jetty-all-8.1.5-v20120716.jar:/home/travis/build/icyphy/ptII/lib/javax.servlet-
api-3.0.1.jar:/home/travis/build/icyphy/ptII/lib/javax.mail.jar:/home/travis/bu
ild/icyphy/ptII/vendors/JMF-2.1.1e/lib/jmf.jar:/home/travis/build/icyphy/ptII/l
ib/jna-4.0.0-variadic.jar:/home/travis/build/icyphy/ptII/vendors/misc/joystick/
Joystick.jar:/home/travis/build/icyphy/ptII/lib/ptjacl.jar:/home/travis/build/i
cyphy/ptII/lib/jsoup-1.8.2.jar:/home/travis/build/icyphy/ptII/lib/junit-4.8.2.j
ar:/home/travis/build/icyphy/ptII/lib/JUnitParams-0.4.0.jar:/home/travis/build/
icyphy/ptII/ptolemy/actor/lib/excel/jxl.jar:/home/travis/build/icyphy/ptII/lib/
jython.jar:/home/travis/build/icyphy/ptII/lib/kieler.jar:/home/travis/build/icy
phy/ptII/vendors/opencv/share/OpenCV/java/opencv-341.jar:/home/travis/build/icy
phy/ptII/lib/oscP5.jar:/home/travis/build/icyphy/ptII/lib/nrjavaserial-3.11.0.d
evel.jar:/home/travis/build/icyphy/ptII/vendors/j3d/lib/j3dcore.jar:/home/travi
s/build/icyphy/ptII/vendors/j3d/lib/j3dutils.jar:/home/travis/build/icyphy/ptII
/vendors/j3d/lib/vecmath.jar:/home/travis/build/icyphy/ptII/ptolemy/distributed
/jini/jar/jini-core.jar:/home/travis/build/icyphy/ptII/ptolemy/distributed/jini
/jar/jini-ext.jar:/home/travis/build/icyphy/ptII/ptolemy/distributed/jini/jar/s
un-util.jar:/home/travis/build/icyphy/ptII/lib/protobuf-java-2.4.1.jar:/home/tr
avis/build/icyphy/ptII/lib/org.eclipse.paho.client.mqttv3.jar:/home/travis/buil
d/icyphy/ptII/ptserver/lib/hessian-4.0.7.jar:/home/travis/build/icyphy/ptII/pts
erver/lib/wmqtt.jar:/home/travis/build/icyphy/ptII/lib/mapss.jar:/home/travis/b
uild/icyphy/ptII/ptolemy/actor/ptalon/antlr/antlr.jar:/home/travis/build/icyphy
/ptII/lib/JRI.jar:/home/travis/build/icyphy/ptII/lib/commons-lang-2.6.jar:/home
/travis/build/icyphy/ptII/lib/commons-logging-1.1.1.jar:/home/travis/build/icyp
hy/ptII/lib/sootclasses.jar:/home/travis/build/icyphy/ptII/ptolemy/actor/lib/da
tabase/mysql-connector-java-5.1.6-bin.jar:/home/travis/build/icyphy/ptII/vendor
s/misc/sphinx4/sphinx4-data-5prealpha.jar:/home/travis/build/icyphy/ptII/vendor
s/misc/sphinx4/sphinx4-core-5prealpha.jar:/home/travis/build/icyphy/ptII/lib/PD
FRenderer.jar:/home/travis/build/icyphy/ptII/lib/svgSalamander.jar:/home/travis
/build/icyphy/ptII/lib/rsyntaxtextarea-2.6.0-SNAPSHOT.jar:/home/travis/build/ic
yphy/ptII/lib/hazelcast-3.8.2.jar:/home/travis/build/icyphy/ptII/lib/jackson-an
notations-2.9.0.jar:/home/travis/build/icyphy/ptII/lib/jackson-core-2.9.3.jar:/
home/travis/build/icyphy/ptII/lib/jackson-databind-2.9.3.jar:/home/travis/build
/icyphy/ptII/lib/netty-buffer-4.1.19.Final.jar:/home/travis/build/icyphy/ptII/l
ib/netty-codec-4.1.19.Final.jar:/home/travis/build/icyphy/ptII/lib/netty-codec-
dns-4.1.19.Final.jar:/home/travis/build/icyphy/ptII/lib/netty-codec-http-4.1.19
.Final.jar:/home/travis/build/icyphy/ptII/lib/netty-codec-http2-4.1.19.Final.ja
r:/home/travis/build/icyphy/ptII/lib/netty-common-4.1.19.Final.jar:/home/travis
/build/icyphy/ptII/lib/netty-handler-4.1.19.Final.jar:/home/travis/build/icyphy
/ptII/lib/netty-resolver-4.1.19.Final.jar:/home/travis/build/icyphy/ptII/lib/ne
tty-resolver-dns-4.1.19.Final.jar:/home/travis/build/icyphy/ptII/lib/netty-tran
sport-4.1.19.Final.jar:/home/travis/build/icyphy/ptII/lib/vertx-codegen-3.5.1.j
ar:/home/travis/build/icyphy/ptII/lib/vertx-core-3.5.2-SNAPSHOT.jar:/home/travi
s/build/icyphy/ptII/lib/vertx-hazelcast-3.5.1.jar:/home/travis/build/icyphy/ptI
I/lib/vertx-lang-js-3.5.1.jar:/home/travis/build/icyphy/ptII/lib/vertx-service-
proxy-3.5.1.jar:/home/travis/build/icyphy/ptII/lib/vertx-web-3.5.1.jar:/home/tr
avis/build/icyphy/ptII/lib/slf4j-api-1.7.13.jar:/home/travis/build/icyphy/ptII/
lib/slf4j-simple-1.7.13.jar:/home/travis/build/icyphy/ptII/lib/webcam-capture-0
.3.12.jar:/home/travis/build/icyphy/ptII/lib/bridj-0.7.0.jar:/home/travis/build
/icyphy/ptII/lib/xbjlib-1.1.0.nrjavaserial.jar:/home/travis/build/icyphy/ptII/p
tolemy/moml/test:/home/travis/build/icyphy/ptII/ant/lib/ant-launcher.jar:/home/
travis/build/icyphy/ptII/ant/lib/ant.jar:/home/travis/build/icyphy/ptII/ant/lib
/ant-junit.jar:/home/travis/build/icyphy/ptII/ant/lib/ant-junit4.jar:/home/trav
is/build/icyphy/ptII ModularCodeGenTest_A1_profile.java
total 40
-rw-rw-r-- 1 travis travis 3491 Sep  3 02:08 ModularCodeGenTest_A1_A2.class
-rw-rw-r-- 1 travis travis 9163 Sep  3 02:08 ModularCodeGenTest_A1_A2.java
-rw-rw-r-- 1 travis travis  904 Sep  3 02:08 ModularCodeGenTest_A1_A2.mk
-rw-rw-r-- 1 travis travis 1306 Sep  3 02:08 ModularCodeGenTest_A1_A2_profile.class
-rw-rw-r-- 1 travis travis 1228 Sep  3 02:08 ModularCodeGenTest_A1_A2_profile.java
-rw-rw-r-- 1 travis travis 1394 Sep  3 02:08 ModularCodeGenTest_A1_profile.java
-rw-rw-r-- 1 travis travis  432 Sep  3 02:08 Token.class
-rw-rw-r-- 1 travis travis  251 Sep  3 02:08 Token.java
warning: Supported source version 'RELEASE_6' from annotation processor 'org.netbeans.modules.openide.util.NbBundleProcessor' less than -source '1.8'
warning: Supported source version 'RELEASE_6' from annotation processor 'org.netbeans.modules.openide.util.URLStreamHandlerRegistrationProcessor' less than -source '1.8'
warning: Supported source version 'RELEASE_6' from annotation processor 'org.netbeans.modules.openide.util.ServiceProviderProcessor' less than -source '1.8'
3 warnings
All Done
Writing ModularCodeGenTest_A1.java in file:/home/travis/cg/ (9968 characters)
Reading "ptolemy/cg/kernel/generic/program/procedural/java/modular/makefile.in",
    writing "/home/travis/cg/ModularCodeGenTest_A1.mk"
Using ptolemy/cg/kernel/generic/program/procedural/java/modular/makefile.in
In "/home/travis/cg", about to execute:
    make -f ModularCodeGenTest_A1.mk
javac -classpath ".:.."    ModularCodeGenTest_A1.java
All Done
4805 ms. Memory: 207872K Free: 186033K (89%)
8 ms. Memory: 207872K Free: 181266K (87%)
In "/home/travis/cg", about to execute:
    pwd
In "/home/travis/cg", about to execute:
    ls -l
/home/travis/cg
In "/home/travis/cg", about to execute:
    javac -classpath
.:/home/travis/build/icyphy/ptII:/home/travis/build/icyphy/ptII/lib/bsh-2.0b4.j
ar:/home/travis/build/icyphy/ptII/lib/ptCal.jar:/home/travis/build/icyphy/ptII/
lib/java_cup.jar:/home/travis/build/icyphy/ptII/lib/saxon8.jar:/home/travis/bui
ld/icyphy/ptII/lib/saxon8-dom.jar:/home/travis/build/icyphy/ptII/lib/chic.jar:/
home/travis/build/icyphy/ptII/lib/ptcolt.jar:/usr/lib/jvm/java-8-oracle/lib/too
ls.jar:/usr/lib/eclipse/plugins/org.eclipse.jdt.core_3.8.2.dist.jar:/usr/lib/ec
lipse/plugins/org.eclipse.core.runtime_3.8.0.dist.jar:/usr/lib/eclipse/plugins/
org.eclipse.osgi_3.8.1.dist.jar:/usr/lib/eclipse/plugins/org.eclipse.core.resou
rces_3.8.1.dist.jar:/usr/lib/eclipse/plugins/org.eclipse.equinox.common_3.6.100
.dist.jar:/usr/lib/eclipse/plugins/org.eclipse.core.jobs_3.5.200.dist.jar:/usr/
lib/eclipse/plugins/org.eclipse.core.contenttype_3.4.200.dist.jar:/usr/lib/ecli
pse/plugins/org.eclipse.equinox.preferences_3.5.0.dist.jar:/usr/lib/eclipse/plu
gins/org.eclipse.text_3.5.200.dist.jar:/usr/lib/eclipse/plugins/org.eclipse.ui.
workbench_3.8.1.dist.jar:/usr/lib/eclipse/plugins/org.eclipse.jface_3.8.0.dist.
jar:/usr/lib/eclipse/plugins/org.eclipse.swt_3.8.2.jar:/usr/lib/eclipse/plugins
/org.eclipse.jface.text_3.8.1.dist.jar:/usr/lib/eclipse/plugins/org.eclipse.ui.
workbench.texteditor_3.8.0.dist.jar:/usr/lib/eclipse/plugins/org.eclipse.ui.edi
tors_3.8.0.dist.jar:/usr/lib/eclipse/plugins/org.eclipse.core.commands_3.6.1.di
st.jar:/usr/lib/eclipse/plugins/org.eclipse.equinox.registry_3.5.200.dist.jar:/
usr/lib/eclipse/plugins/org.eclipse.ui.console_3.5.100.dist.jar:/usr/lib/eclips
e/plugins/org.eclipse.ui.forms_3.5.200.dist.jar:/usr/lib/eclipse/plugins/org.ec
lipse.ui.ide_3.8.1.dist.jar:/home/travis/build/icyphy/ptII/vendors/oracle/dbxml
.jar:/home/travis/build/icyphy/ptII/vendors/oracle/db.jar:/home/travis/build/ic
yphy/ptII/vendors/misc/itext/iText.jar:/home/travis/build/icyphy/ptII/lib/g4ltl
.jar:/home/travis/build/icyphy/ptII/lib/StructuralCoder.jar:/home/travis/build/
icyphy/ptII/lib/org-openide-util.jar:/home/travis/build/icyphy/ptII/lib/org-ope
nide-util-lookup.jar:/home/travis/build/icyphy/ptII/lib/org-netbeans-api-visual
.jar:/home/travis/build/icyphy/ptII/vendors/jai-1_1_2_01/lib/jai_core.jar:/home
/travis/build/icyphy/ptII/vendors/jai-1_1_2_01/lib/jai_codec.jar:/home/travis/b
uild/icyphy/ptII/lib/jcerti.jar:/home/travis/build/icyphy/ptII/lib/smack.jar:/h
ome/travis/build/icyphy/ptII/lib/smackx.jar:/home/travis/build/icyphy/ptII/lib/
jetty-all-8.1.5-v20120716.jar:/home/travis/build/icyphy/ptII/lib/javax.servlet-
api-3.0.1.jar:/home/travis/build/icyphy/ptII/lib/javax.mail.jar:/home/travis/bu
ild/icyphy/ptII/vendors/JMF-2.1.1e/lib/jmf.jar:/home/travis/build/icyphy/ptII/l
ib/jna-4.0.0-variadic.jar:/home/travis/build/icyphy/ptII/vendors/misc/joystick/
Joystick.jar:/home/travis/build/icyphy/ptII/lib/ptjacl.jar:/home/travis/build/i
cyphy/ptII/lib/jsoup-1.8.2.jar:/home/travis/build/icyphy/ptII/lib/junit-4.8.2.j
ar:/home/travis/build/icyphy/ptII/lib/JUnitParams-0.4.0.jar:/home/travis/build/
icyphy/ptII/ptolemy/actor/lib/excel/jxl.jar:/home/travis/build/icyphy/ptII/lib/
jython.jar:/home/travis/build/icyphy/ptII/lib/kieler.jar:/home/travis/build/icy
phy/ptII/vendors/opencv/share/OpenCV/java/opencv-341.jar:/home/travis/build/icy
phy/ptII/lib/oscP5.jar:/home/travis/build/icyphy/ptII/lib/nrjavaserial-3.11.0.d
evel.jar:/home/travis/build/icyphy/ptII/vendors/j3d/lib/j3dcore.jar:/home/travi
s/build/icyphy/ptII/vendors/j3d/lib/j3dutils.jar:/home/travis/build/icyphy/ptII
/vendors/j3d/lib/vecmath.jar:/home/travis/build/icyphy/ptII/ptolemy/distributed
/jini/jar/jini-core.jar:/home/travis/build/icyphy/ptII/ptolemy/distributed/jini
/jar/jini-ext.jar:/home/travis/build/icyphy/ptII/ptolemy/distributed/jini/jar/s
un-util.jar:/home/travis/build/icyphy/ptII/lib/protobuf-java-2.4.1.jar:/home/tr
avis/build/icyphy/ptII/lib/org.eclipse.paho.client.mqttv3.jar:/home/travis/buil
d/icyphy/ptII/ptserver/lib/hessian-4.0.7.jar:/home/travis/build/icyphy/ptII/pts
erver/lib/wmqtt.jar:/home/travis/build/icyphy/ptII/lib/mapss.jar:/home/travis/b
uild/icyphy/ptII/ptolemy/actor/ptalon/antlr/antlr.jar:/home/travis/build/icyphy
/ptII/lib/JRI.jar:/home/travis/build/icyphy/ptII/lib/commons-lang-2.6.jar:/home
/travis/build/icyphy/ptII/lib/commons-logging-1.1.1.jar:/home/travis/build/icyp
hy/ptII/lib/sootclasses.jar:/home/travis/build/icyphy/ptII/ptolemy/actor/lib/da
tabase/mysql-connector-java-5.1.6-bin.jar:/home/travis/build/icyphy/ptII/vendor
s/misc/sphinx4/sphinx4-data-5prealpha.jar:/home/travis/build/icyphy/ptII/vendor
s/misc/sphinx4/sphinx4-core-5prealpha.jar:/home/travis/build/icyphy/ptII/lib/PD
FRenderer.jar:/home/travis/build/icyphy/ptII/lib/svgSalamander.jar:/home/travis
/build/icyphy/ptII/lib/rsyntaxtextarea-2.6.0-SNAPSHOT.jar:/home/travis/build/ic
yphy/ptII/lib/hazelcast-3.8.2.jar:/home/travis/build/icyphy/ptII/lib/jackson-an
notations-2.9.0.jar:/home/travis/build/icyphy/ptII/lib/jackson-core-2.9.3.jar:/
home/travis/build/icyphy/ptII/lib/jackson-databind-2.9.3.jar:/home/travis/build
/icyphy/ptII/lib/netty-buffer-4.1.19.Final.jar:/home/travis/build/icyphy/ptII/l
ib/netty-codec-4.1.19.Final.jar:/home/travis/build/icyphy/ptII/lib/netty-codec-
dns-4.1.19.Final.jar:/home/travis/build/icyphy/ptII/lib/netty-codec-http-4.1.19
.Final.jar:/home/travis/build/icyphy/ptII/lib/netty-codec-http2-4.1.19.Final.ja
r:/home/travis/build/icyphy/ptII/lib/netty-common-4.1.19.Final.jar:/home/travis
/build/icyphy/ptII/lib/netty-handler-4.1.19.Final.jar:/home/travis/build/icyphy
/ptII/lib/netty-resolver-4.1.19.Final.jar:/home/travis/build/icyphy/ptII/lib/ne
tty-resolver-dns-4.1.19.Final.jar:/home/travis/build/icyphy/ptII/lib/netty-tran
sport-4.1.19.Final.jar:/home/travis/build/icyphy/ptII/lib/vertx-codegen-3.5.1.j
ar:/home/travis/build/icyphy/ptII/lib/vertx-core-3.5.2-SNAPSHOT.jar:/home/travi
s/build/icyphy/ptII/lib/vertx-hazelcast-3.5.1.jar:/home/travis/build/icyphy/ptI
I/lib/vertx-lang-js-3.5.1.jar:/home/travis/build/icyphy/ptII/lib/vertx-service-
proxy-3.5.1.jar:/home/travis/build/icyphy/ptII/lib/vertx-web-3.5.1.jar:/home/tr
avis/build/icyphy/ptII/lib/slf4j-api-1.7.13.jar:/home/travis/build/icyphy/ptII/
lib/slf4j-simple-1.7.13.jar:/home/travis/build/icyphy/ptII/lib/webcam-capture-0
.3.12.jar:/home/travis/build/icyphy/ptII/lib/bridj-0.7.0.jar:/home/travis/build
/icyphy/ptII/lib/xbjlib-1.1.0.nrjavaserial.jar:/home/travis/build/icyphy/ptII/p
tolemy/moml/test:/home/travis/build/icyphy/ptII/ant/lib/ant-launcher.jar:/home/
travis/build/icyphy/ptII/ant/lib/ant.jar:/home/travis/build/icyphy/ptII/ant/lib
/ant-junit.jar:/home/travis/build/icyphy/ptII/ant/lib/ant-junit4.jar:/home/trav
is/build/icyphy/ptII ModularCodeGenTest_A1_A2_profile.java
total 64
-rw-rw-r-- 1 travis travis 3491 Sep  3 02:08 ModularCodeGenTest_A1_A2.class
-rw-rw-r-- 1 travis travis 9163 Sep  3 02:08 ModularCodeGenTest_A1_A2.java
-rw-rw-r-- 1 travis travis  904 Sep  3 02:08 ModularCodeGenTest_A1_A2.mk
-rw-rw-r-- 1 travis travis 1306 Sep  3 02:08 ModularCodeGenTest_A1_A2_profile.class
-rw-rw-r-- 1 travis travis 1228 Sep  3 02:08 ModularCodeGenTest_A1_A2_profile.java
-rw-rw-r-- 1 travis travis 3823 Sep  3 02:08 ModularCodeGenTest_A1.class
-rw-rw-r-- 1 travis travis 9968 Sep  3 02:08 ModularCodeGenTest_A1.java
-rw-rw-r-- 1 travis travis  880 Sep  3 02:08 ModularCodeGenTest_A1.mk
-rw-rw-r-- 1 travis travis 1352 Sep  3 02:08 ModularCodeGenTest_A1_profile.class
-rw-rw-r-- 1 travis travis 1394 Sep  3 02:08 ModularCodeGenTest_A1_profile.java
-rw-rw-r-- 1 travis travis  432 Sep  3 02:08 Token.class
-rw-rw-r-- 1 travis travis  251 Sep  3 02:08 Token.java
warning: Supported source version 'RELEASE_6' from annotation processor 'org.netbeans.modules.openide.util.NbBundleProcessor' less than -source '1.8'
warning: Supported source version 'RELEASE_6' from annotation processor 'org.netbeans.modules.openide.util.URLStreamHandlerRegistrationProcessor' less than -source '1.8'
warning: Supported source version 'RELEASE_6' from annotation processor 'org.netbeans.modules.openide.util.ServiceProviderProcessor' less than -source '1.8'
3 warnings
All Done
Writing ModularCodeGenTest_A1_A2.java in file:/home/travis/cg/ (9164 characters)
Reading "ptolemy/cg/kernel/generic/program/procedural/java/modular/makefile.in",
    writing "/home/travis/cg/ModularCodeGenTest_A1_A2.mk"
Using ptolemy/cg/kernel/generic/program/procedural/java/modular/makefile.in
In "/home/travis/cg", about to execute:
    make -f ModularCodeGenTest_A1_A2.mk
javac -classpath ".:.."    ModularCodeGenTest_A1_A2.java
All Done
2422 ms. Memory: 207872K Free: 103924K (50%)
In "/home/travis/cg", about to execute:
    pwd
In "/home/travis/cg", about to execute:
    ls -l
/home/travis/cg
total 4
-rw-rw-r-- 1 travis travis 1228 Sep  3 02:08 ModularCodeGenTest_A1_A2_profile.java
In "/home/travis/cg", about to execute:
    javac -classpath
.:/home/travis/build/icyphy/ptII:/home/travis/build/icyphy/ptII/lib/bsh-2.0b4.j
ar:/home/travis/build/icyphy/ptII/lib/ptCal.jar:/home/travis/build/icyphy/ptII/
lib/java_cup.jar:/home/travis/build/icyphy/ptII/lib/saxon8.jar:/home/travis/bui
ld/icyphy/ptII/lib/saxon8-dom.jar:/home/travis/build/icyphy/ptII/lib/chic.jar:/
home/travis/build/icyphy/ptII/lib/ptcolt.jar:/usr/lib/jvm/java-8-oracle/lib/too
ls.jar:/usr/lib/eclipse/plugins/org.eclipse.jdt.core_3.8.2.dist.jar:/usr/lib/ec
lipse/plugins/org.eclipse.core.runtime_3.8.0.dist.jar:/usr/lib/eclipse/plugins/
org.eclipse.osgi_3.8.1.dist.jar:/usr/lib/eclipse/plugins/org.eclipse.core.resou
rces_3.8.1.dist.jar:/usr/lib/eclipse/plugins/org.eclipse.equinox.common_3.6.100
.dist.jar:/usr/lib/eclipse/plugins/org.eclipse.core.jobs_3.5.200.dist.jar:/usr/
lib/eclipse/plugins/org.eclipse.core.contenttype_3.4.200.dist.jar:/usr/lib/ecli
pse/plugins/org.eclipse.equinox.preferences_3.5.0.dist.jar:/usr/lib/eclipse/plu
gins/org.eclipse.text_3.5.200.dist.jar:/usr/lib/eclipse/plugins/org.eclipse.ui.
workbench_3.8.1.dist.jar:/usr/lib/eclipse/plugins/org.eclipse.jface_3.8.0.dist.
jar:/usr/lib/eclipse/plugins/org.eclipse.swt_3.8.2.jar:/usr/lib/eclipse/plugins
/org.eclipse.jface.text_3.8.1.dist.jar:/usr/lib/eclipse/plugins/org.eclipse.ui.
workbench.texteditor_3.8.0.dist.jar:/usr/lib/eclipse/plugins/org.eclipse.ui.edi
tors_3.8.0.dist.jar:/usr/lib/eclipse/plugins/org.eclipse.core.commands_3.6.1.di
st.jar:/usr/lib/eclipse/plugins/org.eclipse.equinox.registry_3.5.200.dist.jar:/
usr/lib/eclipse/plugins/org.eclipse.ui.console_3.5.100.dist.jar:/usr/lib/eclips
e/plugins/org.eclipse.ui.forms_3.5.200.dist.jar:/usr/lib/eclipse/plugins/org.ec
lipse.ui.ide_3.8.1.dist.jar:/home/travis/build/icyphy/ptII/vendors/oracle/dbxml
.jar:/home/travis/build/icyphy/ptII/vendors/oracle/db.jar:/home/travis/build/ic
yphy/ptII/vendors/misc/itext/iText.jar:/home/travis/build/icyphy/ptII/lib/g4ltl
.jar:/home/travis/build/icyphy/ptII/lib/StructuralCoder.jar:/home/travis/build/
icyphy/ptII/lib/org-openide-util.jar:/home/travis/build/icyphy/ptII/lib/org-ope
nide-util-lookup.jar:/home/travis/build/icyphy/ptII/lib/org-netbeans-api-visual
.jar:/home/travis/build/icyphy/ptII/vendors/jai-1_1_2_01/lib/jai_core.jar:/home
/travis/build/icyphy/ptII/vendors/jai-1_1_2_01/lib/jai_codec.jar:/home/travis/b
uild/icyphy/ptII/lib/jcerti.jar:/home/travis/build/icyphy/ptII/lib/smack.jar:/h
ome/travis/build/icyphy/ptII/lib/smackx.jar:/home/travis/build/icyphy/ptII/lib/
jetty-all-8.1.5-v20120716.jar:/home/travis/build/icyphy/ptII/lib/javax.servlet-
api-3.0.1.jar:/home/travis/build/icyphy/ptII/lib/javax.mail.jar:/home/travis/bu
ild/icyphy/ptII/vendors/JMF-2.1.1e/lib/jmf.jar:/home/travis/build/icyphy/ptII/l
ib/jna-4.0.0-variadic.jar:/home/travis/build/icyphy/ptII/vendors/misc/joystick/
Joystick.jar:/home/travis/build/icyphy/ptII/lib/ptjacl.jar:/home/travis/build/i
cyphy/ptII/lib/jsoup-1.8.2.jar:/home/travis/build/icyphy/ptII/lib/junit-4.8.2.j
ar:/home/travis/build/icyphy/ptII/lib/JUnitParams-0.4.0.jar:/home/travis/build/
icyphy/ptII/ptolemy/actor/lib/excel/jxl.jar:/home/travis/build/icyphy/ptII/lib/
jython.jar:/home/travis/build/icyphy/ptII/lib/kieler.jar:/home/travis/build/icy
phy/ptII/vendors/opencv/share/OpenCV/java/opencv-341.jar:/home/travis/build/icy
phy/ptII/lib/oscP5.jar:/home/travis/build/icyphy/ptII/lib/nrjavaserial-3.11.0.d
evel.jar:/home/travis/build/icyphy/ptII/vendors/j3d/lib/j3dcore.jar:/home/travi
s/build/icyphy/ptII/vendors/j3d/lib/j3dutils.jar:/home/travis/build/icyphy/ptII
/vendors/j3d/lib/vecmath.jar:/home/travis/build/icyphy/ptII/ptolemy/distributed
/jini/jar/jini-core.jar:/home/travis/build/icyphy/ptII/ptolemy/distributed/jini
/jar/jini-ext.jar:/home/travis/build/icyphy/ptII/ptolemy/distributed/jini/jar/s
un-util.jar:/home/travis/build/icyphy/ptII/lib/protobuf-java-2.4.1.jar:/home/tr
avis/build/icyphy/ptII/lib/org.eclipse.paho.client.mqttv3.jar:/home/travis/buil
d/icyphy/ptII/ptserver/lib/hessian-4.0.7.jar:/home/travis/build/icyphy/ptII/pts
erver/lib/wmqtt.jar:/home/travis/build/icyphy/ptII/lib/mapss.jar:/home/travis/b
uild/icyphy/ptII/ptolemy/actor/ptalon/antlr/antlr.jar:/home/travis/build/icyphy
/ptII/lib/JRI.jar:/home/travis/build/icyphy/ptII/lib/commons-lang-2.6.jar:/home
/travis/build/icyphy/ptII/lib/commons-logging-1.1.1.jar:/home/travis/build/icyp
hy/ptII/lib/sootclasses.jar:/home/travis/build/icyphy/ptII/ptolemy/actor/lib/da
tabase/mysql-connector-java-5.1.6-bin.jar:/home/travis/build/icyphy/ptII/vendor
s/misc/sphinx4/sphinx4-data-5prealpha.jar:/home/travis/build/icyphy/ptII/vendor
s/misc/sphinx4/sphinx4-core-5prealpha.jar:/home/travis/build/icyphy/ptII/lib/PD
FRenderer.jar:/home/travis/build/icyphy/ptII/lib/svgSalamander.jar:/home/travis
/build/icyphy/ptII/lib/rsyntaxtextarea-2.6.0-SNAPSHOT.jar:/home/travis/build/ic
yphy/ptII/lib/hazelcast-3.8.2.jar:/home/travis/build/icyphy/ptII/lib/jackson-an
notations-2.9.0.jar:/home/travis/build/icyphy/ptII/lib/jackson-core-2.9.3.jar:/
home/travis/build/icyphy/ptII/lib/jackson-databind-2.9.3.jar:/home/travis/build
/icyphy/ptII/lib/netty-buffer-4.1.19.Final.jar:/home/travis/build/icyphy/ptII/l
ib/netty-codec-4.1.19.Final.jar:/home/travis/build/icyphy/ptII/lib/netty-codec-
dns-4.1.19.Final.jar:/home/travis/build/icyphy/ptII/lib/netty-codec-http-4.1.19
.Final.jar:/home/travis/build/icyphy/ptII/lib/netty-codec-http2-4.1.19.Final.ja
r:/home/travis/build/icyphy/ptII/lib/netty-common-4.1.19.Final.jar:/home/travis
/build/icyphy/ptII/lib/netty-handler-4.1.19.Final.jar:/home/travis/build/icyphy
/ptII/lib/netty-resolver-4.1.19.Final.jar:/home/travis/build/icyphy/ptII/lib/ne
tty-resolver-dns-4.1.19.Final.jar:/home/travis/build/icyphy/ptII/lib/netty-tran
sport-4.1.19.Final.jar:/home/travis/build/icyphy/ptII/lib/vertx-codegen-3.5.1.j
ar:/home/travis/build/icyphy/ptII/lib/vertx-core-3.5.2-SNAPSHOT.jar:/home/travi
s/build/icyphy/ptII/lib/vertx-hazelcast-3.5.1.jar:/home/travis/build/icyphy/ptI
I/lib/vertx-lang-js-3.5.1.jar:/home/travis/build/icyphy/ptII/lib/vertx-service-
proxy-3.5.1.jar:/home/travis/build/icyphy/ptII/lib/vertx-web-3.5.1.jar:/home/tr
avis/build/icyphy/ptII/lib/slf4j-api-1.7.13.jar:/home/travis/build/icyphy/ptII/
lib/slf4j-simple-1.7.13.jar:/home/travis/build/icyphy/ptII/lib/webcam-capture-0
.3.12.jar:/home/travis/build/icyphy/ptII/lib/bridj-0.7.0.jar:/home/travis/build
/icyphy/ptII/lib/xbjlib-1.1.0.nrjavaserial.jar:/home/travis/build/icyphy/ptII/p
tolemy/moml/test:/home/travis/build/icyphy/ptII/ant/lib/ant-launcher.jar:/home/
travis/build/icyphy/ptII/ant/lib/ant.jar:/home/travis/build/icyphy/ptII/ant/lib
/ant-junit.jar:/home/travis/build/icyphy/ptII/ant/lib/ant-junit4.jar:/home/trav
is/build/icyphy/ptII ModularCodeGenTest_A1_A2_profile.java
warning: Supported source version 'RELEASE_6' from annotation processor 'org.netbeans.modules.openide.util.NbBundleProcessor' less than -source '1.8'
warning: Supported source version 'RELEASE_6' from annotation processor 'org.netbeans.modules.openide.util.URLStreamHandlerRegistrationProcessor' less than -source '1.8'
warning: Supported source version 'RELEASE_6' from annotation processor 'org.netbeans.modules.openide.util.ServiceProviderProcessor' less than -source '1.8'
3 warnings
All Done
Writing ModularCodeGenTest_A1_A2.java in file:/home/travis/cg/ (9164 characters)
Reading "ptolemy/cg/kernel/generic/program/procedural/java/modular/makefile.in",
    writing "/home/travis/cg/ModularCodeGenTest_A1_A2.mk"
Using ptolemy/cg/kernel/generic/program/procedural/java/modular/makefile.in
In "/home/travis/cg", about to execute:
    make -f ModularCodeGenTest_A1_A2.mk
javac -classpath ".:.."    ModularCodeGenTest_A1_A2.java
All Done
In "/home/travis/cg", about to execute:
    pwd
/home/travis/cg
In "/home/travis/cg", about to execute:
    ls -l
In "/home/travis/cg", about to execute:
    javac -classpath
.:/home/travis/build/icyphy/ptII:/home/travis/build/icyphy/ptII/lib/bsh-2.0b4.j
ar:/home/travis/build/icyphy/ptII/lib/ptCal.jar:/home/travis/build/icyphy/ptII/
lib/java_cup.jar:/home/travis/build/icyphy/ptII/lib/saxon8.jar:/home/travis/bui
ld/icyphy/ptII/lib/saxon8-dom.jar:/home/travis/build/icyphy/ptII/lib/chic.jar:/
home/travis/build/icyphy/ptII/lib/ptcolt.jar:/usr/lib/jvm/java-8-oracle/lib/too
ls.jar:/usr/lib/eclipse/plugins/org.eclipse.jdt.core_3.8.2.dist.jar:/usr/lib/ec
lipse/plugins/org.eclipse.core.runtime_3.8.0.dist.jar:/usr/lib/eclipse/plugins/
org.eclipse.osgi_3.8.1.dist.jar:/usr/lib/eclipse/plugins/org.eclipse.core.resou
rces_3.8.1.dist.jar:/usr/lib/eclipse/plugins/org.eclipse.equinox.common_3.6.100
.dist.jar:/usr/lib/eclipse/plugins/org.eclipse.core.jobs_3.5.200.dist.jar:/usr/
lib/eclipse/plugins/org.eclipse.core.contenttype_3.4.200.dist.jar:/usr/lib/ecli
pse/plugins/org.eclipse.equinox.preferences_3.5.0.dist.jar:/usr/lib/eclipse/plu
gins/org.eclipse.text_3.5.200.dist.jar:/usr/lib/eclipse/plugins/org.eclipse.ui.
workbench_3.8.1.dist.jar:/usr/lib/eclipse/plugins/org.eclipse.jface_3.8.0.dist.
jar:/usr/lib/eclipse/plugins/org.eclipse.swt_3.8.2.jar:/usr/lib/eclipse/plugins
/org.eclipse.jface.text_3.8.1.dist.jar:/usr/lib/eclipse/plugins/org.eclipse.ui.
workbench.texteditor_3.8.0.dist.jar:/usr/lib/eclipse/plugins/org.eclipse.ui.edi
tors_3.8.0.dist.jar:/usr/lib/eclipse/plugins/org.eclipse.core.commands_3.6.1.di
st.jar:/usr/lib/eclipse/plugins/org.eclipse.equinox.registry_3.5.200.dist.jar:/
usr/lib/eclipse/plugins/org.eclipse.ui.console_3.5.100.dist.jar:/usr/lib/eclips
e/plugins/org.eclipse.ui.forms_3.5.200.dist.jar:/usr/lib/eclipse/plugins/org.ec
lipse.ui.ide_3.8.1.dist.jar:/home/travis/build/icyphy/ptII/vendors/oracle/dbxml
.jar:/home/travis/build/icyphy/ptII/vendors/oracle/db.jar:/home/travis/build/ic
yphy/ptII/vendors/misc/itext/iText.jar:/home/travis/build/icyphy/ptII/lib/g4ltl
.jar:/home/travis/build/icyphy/ptII/lib/StructuralCoder.jar:/home/travis/build/
icyphy/ptII/lib/org-openide-util.jar:/home/travis/build/icyphy/ptII/lib/org-ope
nide-util-lookup.jar:/home/travis/build/icyphy/ptII/lib/org-netbeans-api-visual
.jar:/home/travis/build/icyphy/ptII/vendors/jai-1_1_2_01/lib/jai_core.jar:/home
/travis/build/icyphy/ptII/vendors/jai-1_1_2_01/lib/jai_codec.jar:/home/travis/b
uild/icyphy/ptII/lib/jcerti.jar:/home/travis/build/icyphy/ptII/lib/smack.jar:/h
ome/travis/build/icyphy/ptII/lib/smackx.jar:/home/travis/build/icyphy/ptII/lib/
jetty-all-8.1.5-v20120716.jar:/home/travis/build/icyphy/ptII/lib/javax.servlet-
api-3.0.1.jar:/home/travis/build/icyphy/ptII/lib/javax.mail.jar:/home/travis/bu
ild/icyphy/ptII/vendors/JMF-2.1.1e/lib/jmf.jar:/home/travis/build/icyphy/ptII/l
ib/jna-4.0.0-variadic.jar:/home/travis/build/icyphy/ptII/vendors/misc/joystick/
Joystick.jar:/home/travis/build/icyphy/ptII/lib/ptjacl.jar:/home/travis/build/i
cyphy/ptII/lib/jsoup-1.8.2.jar:/home/travis/build/icyphy/ptII/lib/junit-4.8.2.j
ar:/home/travis/build/icyphy/ptII/lib/JUnitParams-0.4.0.jar:/home/travis/build/
icyphy/ptII/ptolemy/actor/lib/excel/jxl.jar:/home/travis/build/icyphy/ptII/lib/
jython.jar:/home/travis/build/icyphy/ptII/lib/kieler.jar:/home/travis/build/icy
phy/ptII/vendors/opencv/share/OpenCV/java/opencv-341.jar:/home/travis/build/icy
phy/ptII/lib/oscP5.jar:/home/travis/build/icyphy/ptII/lib/nrjavaserial-3.11.0.d
evel.jar:/home/travis/build/icyphy/ptII/vendors/j3d/lib/j3dcore.jar:/home/travi
s/build/icyphy/ptII/vendors/j3d/lib/j3dutils.jar:/home/travis/build/icyphy/ptII
/vendors/j3d/lib/vecmath.jar:/home/travis/build/icyphy/ptII/ptolemy/distributed
/jini/jar/jini-core.jar:/home/travis/build/icyphy/ptII/ptolemy/distributed/jini
/jar/jini-ext.jar:/home/travis/build/icyphy/ptII/ptolemy/distributed/jini/jar/s
un-util.jar:/home/travis/build/icyphy/ptII/lib/protobuf-java-2.4.1.jar:/home/tr
avis/build/icyphy/ptII/lib/org.eclipse.paho.client.mqttv3.jar:/home/travis/buil
d/icyphy/ptII/ptserver/lib/hessian-4.0.7.jar:/home/travis/build/icyphy/ptII/pts
erver/lib/wmqtt.jar:/home/travis/build/icyphy/ptII/lib/mapss.jar:/home/travis/b
uild/icyphy/ptII/ptolemy/actor/ptalon/antlr/antlr.jar:/home/travis/build/icyphy
/ptII/lib/JRI.jar:/home/travis/build/icyphy/ptII/lib/commons-lang-2.6.jar:/home
/travis/build/icyphy/ptII/lib/commons-logging-1.1.1.jar:/home/travis/build/icyp
hy/ptII/lib/sootclasses.jar:/home/travis/build/icyphy/ptII/ptolemy/actor/lib/da
tabase/mysql-connector-java-5.1.6-bin.jar:/home/travis/build/icyphy/ptII/vendor
s/misc/sphinx4/sphinx4-data-5prealpha.jar:/home/travis/build/icyphy/ptII/vendor
s/misc/sphinx4/sphinx4-core-5prealpha.jar:/home/travis/build/icyphy/ptII/lib/PD
FRenderer.jar:/home/travis/build/icyphy/ptII/lib/svgSalamander.jar:/home/travis
/build/icyphy/ptII/lib/rsyntaxtextarea-2.6.0-SNAPSHOT.jar:/home/travis/build/ic
yphy/ptII/lib/hazelcast-3.8.2.jar:/home/travis/build/icyphy/ptII/lib/jackson-an
notations-2.9.0.jar:/home/travis/build/icyphy/ptII/lib/jackson-core-2.9.3.jar:/
home/travis/build/icyphy/ptII/lib/jackson-databind-2.9.3.jar:/home/travis/build
/icyphy/ptII/lib/netty-buffer-4.1.19.Final.jar:/home/travis/build/icyphy/ptII/l
ib/netty-codec-4.1.19.Final.jar:/home/travis/build/icyphy/ptII/lib/netty-codec-
dns-4.1.19.Final.jar:/home/travis/build/icyphy/ptII/lib/netty-codec-http-4.1.19
.Final.jar:/home/travis/build/icyphy/ptII/lib/netty-codec-http2-4.1.19.Final.ja
r:/home/travis/build/icyphy/ptII/lib/netty-common-4.1.19.Final.jar:/home/travis
/build/icyphy/ptII/lib/netty-handler-4.1.19.Final.jar:/home/travis/build/icyphy
/ptII/lib/netty-resolver-4.1.19.Final.jar:/home/travis/build/icyphy/ptII/lib/ne
tty-resolver-dns-4.1.19.Final.jar:/home/travis/build/icyphy/ptII/lib/netty-tran
sport-4.1.19.Final.jar:/home/travis/build/icyphy/ptII/lib/vertx-codegen-3.5.1.j
ar:/home/travis/build/icyphy/ptII/lib/vertx-core-3.5.2-SNAPSHOT.jar:/home/travi
s/build/icyphy/ptII/lib/vertx-hazelcast-3.5.1.jar:/home/travis/build/icyphy/ptI
I/lib/vertx-lang-js-3.5.1.jar:/home/travis/build/icyphy/ptII/lib/vertx-service-
proxy-3.5.1.jar:/home/travis/build/icyphy/ptII/lib/vertx-web-3.5.1.jar:/home/tr
avis/build/icyphy/ptII/lib/slf4j-api-1.7.13.jar:/home/travis/build/icyphy/ptII/
lib/slf4j-simple-1.7.13.jar:/home/travis/build/icyphy/ptII/lib/webcam-capture-0
.3.12.jar:/home/travis/build/icyphy/ptII/lib/bridj-0.7.0.jar:/home/travis/build
/icyphy/ptII/lib/xbjlib-1.1.0.nrjavaserial.jar:/home/travis/build/icyphy/ptII/p
tolemy/moml/test:/home/travis/build/icyphy/ptII/ant/lib/ant-launcher.jar:/home/
travis/build/icyphy/ptII/ant/lib/ant.jar:/home/travis/build/icyphy/ptII/ant/lib
/ant-junit.jar:/home/travis/build/icyphy/ptII/ant/lib/ant-junit4.jar:/home/trav
is/build/icyphy/ptII ModularCodeGenTest_A1_profile.java
total 40
-rw-rw-r-- 1 travis travis 3492 Sep  3 02:08 ModularCodeGenTest_A1_A2.class
-rw-rw-r-- 1 travis travis 9164 Sep  3 02:08 ModularCodeGenTest_A1_A2.java
-rw-rw-r-- 1 travis travis  904 Sep  3 02:08 ModularCodeGenTest_A1_A2.mk
-rw-rw-r-- 1 travis travis 1306 Sep  3 02:08 ModularCodeGenTest_A1_A2_profile.class
-rw-rw-r-- 1 travis travis 1228 Sep  3 02:08 ModularCodeGenTest_A1_A2_profile.java
-rw-rw-r-- 1 travis travis 1394 Sep  3 02:08 ModularCodeGenTest_A1_profile.java
-rw-rw-r-- 1 travis travis  432 Sep  3 02:08 Token.class
-rw-rw-r-- 1 travis travis  251 Sep  3 02:08 Token.java
warning: Supported source version 'RELEASE_6' from annotation processor 'org.netbeans.modules.openide.util.NbBundleProcessor' less than -source '1.8'
warning: Supported source version 'RELEASE_6' from annotation processor 'org.netbeans.modules.openide.util.URLStreamHandlerRegistrationProcessor' less than -source '1.8'
warning: Supported source version 'RELEASE_6' from annotation processor 'org.netbeans.modules.openide.util.ServiceProviderProcessor' less than -source '1.8'
3 warnings
All Done
Writing ModularCodeGenTest_A1.java in file:/home/travis/cg/ (9968 characters)
Reading "ptolemy/cg/kernel/generic/program/procedural/java/modular/makefile.in",
    writing "/home/travis/cg/ModularCodeGenTest_A1.mk"
Using ptolemy/cg/kernel/generic/program/procedural/java/modular/makefile.in
In "/home/travis/cg", about to execute:
    make -f ModularCodeGenTest_A1.mk
javac -classpath ".:.."    ModularCodeGenTest_A1.java
All Done
4643 ms. Memory: 208384K Free: 85491K (41%)
09/03/18 02:09:01
Failed: 0  Total Tests: 3  ((Passed: 3, Newly Passed: 0)  Known Failed: 0) /home/travis/build/icyphy/ptII/ptolemy/cg/lib/test
No auto/knownFailedTests/*.xml tests in /home/travis/build/icyphy/ptII/ptolemy/cg/lib/test
No auto/linux-amd64/*.xml tests in /home/travis/build/icyphy/ptII/ptolemy/cg/lib/test
AutoTests.java: About to close Vertx.
AutoTests.java: Vertx closed.

===========================================================================================
----------------- testing Mon Sep 03 02:09:02 UTC 2018 /home/travis/build/icyphy/ptII/ptolemy/cg/lib/test/auto/CompiledCompositeActor.xml
----------------- Instantiating /home/travis/build/icyphy/ptII/ptolemy/cg/lib/test/auto/CompiledCompositeActor.xml
CompiledCompositeActor: Building shared object: The sharedObjectFile has a modification time that is earlier than the modelFile modification time.
Writing CompiledCompositeActor_CompiledCompositeActor.java in file:/home/travis/cg/ (13466 characters)
Reading "ptolemy/cg/kernel/generic/program/procedural/java/makefile.in",
    writing "/home/travis/cg/CompiledCompositeActor_CompiledCompositeActor.mk"
Using ptolemy/cg/kernel/generic/program/procedural/java/makefile.in
In "/home/travis/cg", about to execute:
    make -f CompiledCompositeActor_CompiledCompositeActor.mk
javac -classpath ".:."    CompiledCompositeActor_CompiledCompositeActor.java
All Done
1329 ms. Memory: 200704K Free: 130242K (65%)
----------------- Invoking toplevel() on ptolemy.moml.MoMLSimpleApplication@53fb1a97
----------------- Done invoking toplevel() on ptolemy.moml.MoMLSimpleApplication@53fb1a97
reloadAllAccessors: .CompiledCompositeActor

===========================================================================================
----------------- testing Mon Sep 03 02:09:03 UTC 2018 /home/travis/build/icyphy/ptII/ptolemy/cg/lib/test/auto/DECGClockRamp.xml
----------------- Instantiating /home/travis/build/icyphy/ptII/ptolemy/cg/lib/test/auto/DECGClockRamp.xml
20 ms. Memory: 200704K Free: 122092K (61%)
----------------- Invoking toplevel() on ptolemy.moml.MoMLSimpleApplication@260267e2
----------------- Done invoking toplevel() on ptolemy.moml.MoMLSimpleApplication@260267e2
reloadAllAccessors: .DECGClockRamp

===========================================================================================
----------------- testing Mon Sep 03 02:09:03 UTC 2018 /home/travis/build/icyphy/ptII/ptolemy/cg/lib/test/auto/DECGDelay.xml
----------------- Instantiating /home/travis/build/icyphy/ptII/ptolemy/cg/lib/test/auto/DECGDelay.xml
19 ms. Memory: 200704K Free: 114938K (57%)
----------------- Invoking toplevel() on ptolemy.moml.MoMLSimpleApplication@59dd9074
----------------- Done invoking toplevel() on ptolemy.moml.MoMLSimpleApplication@59dd9074
reloadAllAccessors: .DECGDelay

===========================================================================================
----------------- testing Mon Sep 03 02:09:03 UTC 2018 /home/travis/build/icyphy/ptII/ptolemy/cg/lib/test/auto/DECGHelloWorld.xml
----------------- Instantiating /home/travis/build/icyphy/ptII/ptolemy/cg/lib/test/auto/DECGHelloWorld.xml
9 ms. Memory: 200704K Free: 110784K (55%)
----------------- Invoking toplevel() on ptolemy.moml.MoMLSimpleApplication@1e490f84
----------------- Done invoking toplevel() on ptolemy.moml.MoMLSimpleApplication@1e490f84
reloadAllAccessors: .DECGHelloWorld

===========================================================================================
----------------- testing Mon Sep 03 02:09:03 UTC 2018 /home/travis/build/icyphy/ptII/ptolemy/cg/lib/test/auto/DECGHeterogeneous.xml
----------------- Instantiating /home/travis/build/icyphy/ptII/ptolemy/cg/lib/test/auto/DECGHeterogeneous.xml
31 ms. Memory: 200704K Free: 95808K (48%)
----------------- Invoking toplevel() on ptolemy.moml.MoMLSimpleApplication@6cd63a95
----------------- Done invoking toplevel() on ptolemy.moml.MoMLSimpleApplication@6cd63a95
reloadAllAccessors: .DECGHeterogeneous

===========================================================================================
----------------- testing Mon Sep 03 02:09:03 UTC 2018 /home/travis/build/icyphy/ptII/ptolemy/cg/lib/test/auto/DECGHeterogeneousMk2.xml
----------------- Instantiating /home/travis/build/icyphy/ptII/ptolemy/cg/lib/test/auto/DECGHeterogeneousMk2.xml
47 ms. Memory: 200704K Free: 80314K (40%)
----------------- Invoking toplevel() on ptolemy.moml.MoMLSimpleApplication@75c363d9
----------------- Done invoking toplevel() on ptolemy.moml.MoMLSimpleApplication@75c363d9
reloadAllAccessors: .DECGHeterogeneousMk2

===========================================================================================
----------------- testing Mon Sep 03 02:09:04 UTC 2018 /home/travis/build/icyphy/ptII/ptolemy/cg/lib/test/auto/DECGMath.xml
----------------- Instantiating /home/travis/build/icyphy/ptII/ptolemy/cg/lib/test/auto/DECGMath.xml
8 ms. Memory: 199168K Free: 185874K (93%)
----------------- Invoking toplevel() on ptolemy.moml.MoMLSimpleApplication@697cafe9
----------------- Done invoking toplevel() on ptolemy.moml.MoMLSimpleApplication@697cafe9
reloadAllAccessors: .DECGMath

===========================================================================================
----------------- testing Mon Sep 03 02:09:04 UTC 2018 /home/travis/build/icyphy/ptII/ptolemy/cg/lib/test/auto/DECGPi.xml
----------------- Instantiating /home/travis/build/icyphy/ptII/ptolemy/cg/lib/test/auto/DECGPi.xml
43 ms. Memory: 199168K Free: 170652K (86%)
----------------- Invoking toplevel() on ptolemy.moml.MoMLSimpleApplication@1b83f420
----------------- Done invoking toplevel() on ptolemy.moml.MoMLSimpleApplication@1b83f420
reloadAllAccessors: .DECGPi

===========================================================================================
----------------- testing Mon Sep 03 02:09:04 UTC 2018 /home/travis/build/icyphy/ptII/ptolemy/cg/lib/test/auto/DECGPiSquare.xml
----------------- Instantiating /home/travis/build/icyphy/ptII/ptolemy/cg/lib/test/auto/DECGPiSquare.xml
138 ms. Memory: 199168K Free: 156573K (79%)
----------------- Invoking toplevel() on ptolemy.moml.MoMLSimpleApplication@2562119d
----------------- Done invoking toplevel() on ptolemy.moml.MoMLSimpleApplication@2562119d
reloadAllAccessors: .DECGPiSquare

===========================================================================================
----------------- testing Mon Sep 03 02:09:04 UTC 2018 /home/travis/build/icyphy/ptII/ptolemy/cg/lib/test/auto/DECGPoisson.xml
----------------- Instantiating /home/travis/build/icyphy/ptII/ptolemy/cg/lib/test/auto/DECGPoisson.xml
3 ms. Memory: 199168K Free: 151950K (76%)
----------------- Invoking toplevel() on ptolemy.moml.MoMLSimpleApplication@45655c6b
----------------- Done invoking toplevel() on ptolemy.moml.MoMLSimpleApplication@45655c6b
reloadAllAccessors: .DECGPoisson

===========================================================================================
----------------- testing Mon Sep 03 02:09:04 UTC 2018 /home/travis/build/icyphy/ptII/ptolemy/cg/lib/test/auto/JavaCompiledCompositeActor5.xml
----------------- Instantiating /home/travis/build/icyphy/ptII/ptolemy/cg/lib/test/auto/JavaCompiledCompositeActor5.xml
CompiledCompositeActor: Building shared object: No effigy.  This can happen when CodeGenerator.generateCode() is called from within the test suite.  The code will be recompiled.
Writing CompiledCompositeActor_CompiledCompositeActor.java in file:/home/travis/cg/ (13466 characters)
Reading "ptolemy/cg/kernel/generic/program/procedural/java/makefile.in",
    writing "/home/travis/cg/CompiledCompositeActor_CompiledCompositeActor.mk"
Using ptolemy/cg/kernel/generic/program/procedural/java/makefile.in
In "/home/travis/cg", about to execute:
    make -f CompiledCompositeActor_CompiledCompositeActor.mk
javac -classpath ".:."    CompiledCompositeActor_CompiledCompositeActor.java
All Done
917 ms. Memory: 199168K Free: 114601K (58%)
----------------- Invoking toplevel() on ptolemy.moml.MoMLSimpleApplication@6cb2f2cf
----------------- Done invoking toplevel() on ptolemy.moml.MoMLSimpleApplication@6cb2f2cf
reloadAllAccessors: .CompiledCompositeActor

===========================================================================================
----------------- testing Mon Sep 03 02:09:05 UTC 2018 /home/travis/build/icyphy/ptII/ptolemy/cg/lib/test/auto/JavaCompiledCompositeTest1.xml
----------------- Instantiating /home/travis/build/icyphy/ptII/ptolemy/cg/lib/test/auto/JavaCompiledCompositeTest1.xml
CompiledCompositeActor: Building shared object: The sharedObjectFile has a modification time that is earlier than the modelFile modification time.
Writing JavaCompiledCompositeTest1_CompiledCompositeActor.java in file:/home/travis/cg/ (11637 characters)
Reading "ptolemy/cg/kernel/generic/program/procedural/java/makefile.in",
    writing "/home/travis/cg/JavaCompiledCompositeTest1_CompiledCompositeActor.mk"
Using ptolemy/cg/kernel/generic/program/procedural/java/makefile.in
In "/home/travis/cg", about to execute:
    make -f JavaCompiledCompositeTest1_CompiledCompositeActor.mk
javac -classpath ".:."    JavaCompiledCompositeTest1_CompiledCompositeActor.java
All Done
834 ms. Memory: 199168K Free: 86175K (43%)
----------------- Invoking toplevel() on ptolemy.moml.MoMLSimpleApplication@d64dfe
----------------- Done invoking toplevel() on ptolemy.moml.MoMLSimpleApplication@d64dfe
reloadAllAccessors: .JavaCompiledCompositeTest1

===========================================================================================
----------------- testing Mon Sep 03 02:09:06 UTC 2018 /home/travis/build/icyphy/ptII/ptolemy/cg/lib/test/auto/JavaCompiledCompositeTest2.xml
----------------- Instantiating /home/travis/build/icyphy/ptII/ptolemy/cg/lib/test/auto/JavaCompiledCompositeTest2.xml
CompiledCompositeActor: Building shared object: The sharedObjectFile has a modification time that is earlier than the modelFile modification time.
Writing JavaCompiledCompositeTest2_CompiledCompositeActor.java in file:/home/travis/cg/ (14919 characters)
Reading "ptolemy/cg/kernel/generic/program/procedural/java/makefile.in",
    writing "/home/travis/cg/JavaCompiledCompositeTest2_CompiledCompositeActor.mk"
Using ptolemy/cg/kernel/generic/program/procedural/java/makefile.in
In "/home/travis/cg", about to execute:
    make -f JavaCompiledCompositeTest2_CompiledCompositeActor.mk
javac -classpath ".:."    JavaCompiledCompositeTest2_CompiledCompositeActor.java
All Done
882 ms. Memory: 193536K Free: 150759K (78%)
----------------- Invoking toplevel() on ptolemy.moml.MoMLSimpleApplication@6d001467
----------------- Done invoking toplevel() on ptolemy.moml.MoMLSimpleApplication@6d001467
reloadAllAccessors: .JavaCompiledCompositeTest2

===========================================================================================
----------------- testing Mon Sep 03 02:09:07 UTC 2018 /home/travis/build/icyphy/ptII/ptolemy/cg/lib/test/auto/JavaCompiledCompositeTest3.xml
----------------- Instantiating /home/travis/build/icyphy/ptII/ptolemy/cg/lib/test/auto/JavaCompiledCompositeTest3.xml
CompiledCompositeActor: Building shared object: The sharedObjectFile has a modification time that is earlier than the modelFile modification time.
Writing JavaCompiledCompositeTest3_CompiledCompositeActor.java in file:/home/travis/cg/ (13080 characters)
Reading "ptolemy/cg/kernel/generic/program/procedural/java/makefile.in",
    writing "/home/travis/cg/JavaCompiledCompositeTest3_CompiledCompositeActor.mk"
Using ptolemy/cg/kernel/generic/program/procedural/java/makefile.in
In "/home/travis/cg", about to execute:
    make -f JavaCompiledCompositeTest3_CompiledCompositeActor.mk
javac -classpath ".:."    JavaCompiledCompositeTest3_CompiledCompositeActor.java
All Done
921 ms. Memory: 193536K Free: 116303K (60%)
----------------- Invoking toplevel() on ptolemy.moml.MoMLSimpleApplication@47041e47
----------------- Done invoking toplevel() on ptolemy.moml.MoMLSimpleApplication@47041e47
reloadAllAccessors: .JavaCompiledCompositeTest3

===========================================================================================
----------------- testing Mon Sep 03 02:09:08 UTC 2018 /home/travis/build/icyphy/ptII/ptolemy/cg/lib/test/auto/JavaCompiledCompositeTest4.xml
----------------- Instantiating /home/travis/build/icyphy/ptII/ptolemy/cg/lib/test/auto/JavaCompiledCompositeTest4.xml
CompiledCompositeActor: Building shared object: The sharedObjectFile has a modification time that is earlier than the modelFile modification time.
Writing JavaCompiledCompositeTest4_CompiledCompositeActor.java in file:/home/travis/cg/ (9687 characters)
Reading "ptolemy/cg/kernel/generic/program/procedural/java/makefile.in",
    writing "/home/travis/cg/JavaCompiledCompositeTest4_CompiledCompositeActor.mk"
Using ptolemy/cg/kernel/generic/program/procedural/java/makefile.in
In "/home/travis/cg", about to execute:
    make -f JavaCompiledCompositeTest4_CompiledCompositeActor.mk
javac -classpath ".:."    JavaCompiledCompositeTest4_CompiledCompositeActor.java
All Done
897 ms. Memory: 193536K Free: 92274K (48%)
----------------- Invoking toplevel() on ptolemy.moml.MoMLSimpleApplication@7e7647ff
----------------- Done invoking toplevel() on ptolemy.moml.MoMLSimpleApplication@7e7647ff
reloadAllAccessors: .JavaCompiledCompositeTest4

===========================================================================================
----------------- testing Mon Sep 03 02:09:09 UTC 2018 /home/travis/build/icyphy/ptII/ptolemy/cg/lib/test/auto/ModularCG.xml
----------------- Instantiating /home/travis/build/icyphy/ptII/ptolemy/cg/lib/test/auto/ModularCG.xml
In "/home/travis/cg", about to execute:
    pwd
In "/home/travis/cg", about to execute:
    ls -l
/home/travis/cg
In "/home/travis/cg", about to execute:
    javac -classpath
.:/home/travis/build/icyphy/ptII:/home/travis/build/icyphy/ptII/lib/bsh-2.0b4.j
ar:/home/travis/build/icyphy/ptII/lib/ptCal.jar:/home/travis/build/icyphy/ptII/
lib/java_cup.jar:/home/travis/build/icyphy/ptII/lib/saxon8.jar:/home/travis/bui
ld/icyphy/ptII/lib/saxon8-dom.jar:/home/travis/build/icyphy/ptII/lib/chic.jar:/
home/travis/build/icyphy/ptII/lib/ptcolt.jar:/usr/lib/jvm/java-8-oracle/lib/too
ls.jar:/usr/lib/eclipse/plugins/org.eclipse.jdt.core_3.8.2.dist.jar:/usr/lib/ec
lipse/plugins/org.eclipse.core.runtime_3.8.0.dist.jar:/usr/lib/eclipse/plugins/
org.eclipse.osgi_3.8.1.dist.jar:/usr/lib/eclipse/plugins/org.eclipse.core.resou
rces_3.8.1.dist.jar:/usr/lib/eclipse/plugins/org.eclipse.equinox.common_3.6.100
.dist.jar:/usr/lib/eclipse/plugins/org.eclipse.core.jobs_3.5.200.dist.jar:/usr/
lib/eclipse/plugins/org.eclipse.core.contenttype_3.4.200.dist.jar:/usr/lib/ecli
pse/plugins/org.eclipse.equinox.preferences_3.5.0.dist.jar:/usr/lib/eclipse/plu
gins/org.eclipse.text_3.5.200.dist.jar:/usr/lib/eclipse/plugins/org.eclipse.ui.
workbench_3.8.1.dist.jar:/usr/lib/eclipse/plugins/org.eclipse.jface_3.8.0.dist.
jar:/usr/lib/eclipse/plugins/org.eclipse.swt_3.8.2.jar:/usr/lib/eclipse/plugins
/org.eclipse.jface.text_3.8.1.dist.jar:/usr/lib/eclipse/plugins/org.eclipse.ui.
workbench.texteditor_3.8.0.dist.jar:/usr/lib/eclipse/plugins/org.eclipse.ui.edi
tors_3.8.0.dist.jar:/usr/lib/eclipse/plugins/org.eclipse.core.commands_3.6.1.di
st.jar:/usr/lib/eclipse/plugins/org.eclipse.equinox.registry_3.5.200.dist.jar:/
usr/lib/eclipse/plugins/org.eclipse.ui.console_3.5.100.dist.jar:/usr/lib/eclips
e/plugins/org.eclipse.ui.forms_3.5.200.dist.jar:/usr/lib/eclipse/plugins/org.ec
lipse.ui.ide_3.8.1.dist.jar:/home/travis/build/icyphy/ptII/vendors/oracle/dbxml
.jar:/home/travis/build/icyphy/ptII/vendors/oracle/db.jar:/home/travis/build/ic
yphy/ptII/vendors/misc/itext/iText.jar:/home/travis/build/icyphy/ptII/lib/g4ltl
.jar:/home/travis/build/icyphy/ptII/lib/StructuralCoder.jar:/home/travis/build/
icyphy/ptII/lib/org-openide-util.jar:/home/travis/build/icyphy/ptII/lib/org-ope
nide-util-lookup.jar:/home/travis/build/icyphy/ptII/lib/org-netbeans-api-visual
.jar:/home/travis/build/icyphy/ptII/vendors/jai-1_1_2_01/lib/jai_core.jar:/home
/travis/build/icyphy/ptII/vendors/jai-1_1_2_01/lib/jai_codec.jar:/home/travis/b
uild/icyphy/ptII/lib/jcerti.jar:/home/travis/build/icyphy/ptII/lib/smack.jar:/h
ome/travis/build/icyphy/ptII/lib/smackx.jar:/home/travis/build/icyphy/ptII/lib/
jetty-all-8.1.5-v20120716.jar:/home/travis/build/icyphy/ptII/lib/javax.servlet-
api-3.0.1.jar:/home/travis/build/icyphy/ptII/lib/javax.mail.jar:/home/travis/bu
ild/icyphy/ptII/vendors/JMF-2.1.1e/lib/jmf.jar:/home/travis/build/icyphy/ptII/l
ib/jna-4.0.0-variadic.jar:/home/travis/build/icyphy/ptII/vendors/misc/joystick/
Joystick.jar:/home/travis/build/icyphy/ptII/lib/ptjacl.jar:/home/travis/build/i
cyphy/ptII/lib/jsoup-1.8.2.jar:/home/travis/build/icyphy/ptII/lib/junit-4.8.2.j
ar:/home/travis/build/icyphy/ptII/lib/JUnitParams-0.4.0.jar:/home/travis/build/
icyphy/ptII/ptolemy/actor/lib/excel/jxl.jar:/home/travis/build/icyphy/ptII/lib/
jython.jar:/home/travis/build/icyphy/ptII/lib/kieler.jar:/home/travis/build/icy
phy/ptII/vendors/opencv/share/OpenCV/java/opencv-341.jar:/home/travis/build/icy
phy/ptII/lib/oscP5.jar:/home/travis/build/icyphy/ptII/lib/nrjavaserial-3.11.0.d
evel.jar:/home/travis/build/icyphy/ptII/vendors/j3d/lib/j3dcore.jar:/home/travi
s/build/icyphy/ptII/vendors/j3d/lib/j3dutils.jar:/home/travis/build/icyphy/ptII
/vendors/j3d/lib/vecmath.jar:/home/travis/build/icyphy/ptII/ptolemy/distributed
/jini/jar/jini-core.jar:/home/travis/build/icyphy/ptII/ptolemy/distributed/jini
/jar/jini-ext.jar:/home/travis/build/icyphy/ptII/ptolemy/distributed/jini/jar/s
un-util.jar:/home/travis/build/icyphy/ptII/lib/protobuf-java-2.4.1.jar:/home/tr
avis/build/icyphy/ptII/lib/org.eclipse.paho.client.mqttv3.jar:/home/travis/buil
d/icyphy/ptII/ptserver/lib/hessian-4.0.7.jar:/home/travis/build/icyphy/ptII/pts
erver/lib/wmqtt.jar:/home/travis/build/icyphy/ptII/lib/mapss.jar:/home/travis/b
uild/icyphy/ptII/ptolemy/actor/ptalon/antlr/antlr.jar:/home/travis/build/icyphy
/ptII/lib/JRI.jar:/home/travis/build/icyphy/ptII/lib/commons-lang-2.6.jar:/home
/travis/build/icyphy/ptII/lib/commons-logging-1.1.1.jar:/home/travis/build/icyp
hy/ptII/lib/sootclasses.jar:/home/travis/build/icyphy/ptII/ptolemy/actor/lib/da
tabase/mysql-connector-java-5.1.6-bin.jar:/home/travis/build/icyphy/ptII/vendor
s/misc/sphinx4/sphinx4-data-5prealpha.jar:/home/travis/build/icyphy/ptII/vendor
s/misc/sphinx4/sphinx4-core-5prealpha.jar:/home/travis/build/icyphy/ptII/lib/PD
FRenderer.jar:/home/travis/build/icyphy/ptII/lib/svgSalamander.jar:/home/travis
/build/icyphy/ptII/lib/rsyntaxtextarea-2.6.0-SNAPSHOT.jar:/home/travis/build/ic
yphy/ptII/lib/hazelcast-3.8.2.jar:/home/travis/build/icyphy/ptII/lib/jackson-an
notations-2.9.0.jar:/home/travis/build/icyphy/ptII/lib/jackson-core-2.9.3.jar:/
home/travis/build/icyphy/ptII/lib/jackson-databind-2.9.3.jar:/home/travis/build
/icyphy/ptII/lib/netty-buffer-4.1.19.Final.jar:/home/travis/build/icyphy/ptII/l
ib/netty-codec-4.1.19.Final.jar:/home/travis/build/icyphy/ptII/lib/netty-codec-
dns-4.1.19.Final.jar:/home/travis/build/icyphy/ptII/lib/netty-codec-http-4.1.19
.Final.jar:/home/travis/build/icyphy/ptII/lib/netty-codec-http2-4.1.19.Final.ja
r:/home/travis/build/icyphy/ptII/lib/netty-common-4.1.19.Final.jar:/home/travis
/build/icyphy/ptII/lib/netty-handler-4.1.19.Final.jar:/home/travis/build/icyphy
/ptII/lib/netty-resolver-4.1.19.Final.jar:/home/travis/build/icyphy/ptII/lib/ne
tty-resolver-dns-4.1.19.Final.jar:/home/travis/build/icyphy/ptII/lib/netty-tran
sport-4.1.19.Final.jar:/home/travis/build/icyphy/ptII/lib/vertx-codegen-3.5.1.j
ar:/home/travis/build/icyphy/ptII/lib/vertx-core-3.5.2-SNAPSHOT.jar:/home/travi
s/build/icyphy/ptII/lib/vertx-hazelcast-3.5.1.jar:/home/travis/build/icyphy/ptI
I/lib/vertx-lang-js-3.5.1.jar:/home/travis/build/icyphy/ptII/lib/vertx-service-
proxy-3.5.1.jar:/home/travis/build/icyphy/ptII/lib/vertx-web-3.5.1.jar:/home/tr
avis/build/icyphy/ptII/lib/slf4j-api-1.7.13.jar:/home/travis/build/icyphy/ptII/
lib/slf4j-simple-1.7.13.jar:/home/travis/build/icyphy/ptII/lib/webcam-capture-0
.3.12.jar:/home/travis/build/icyphy/ptII/lib/bridj-0.7.0.jar:/home/travis/build
/icyphy/ptII/lib/xbjlib-1.1.0.nrjavaserial.jar:/home/travis/build/icyphy/ptII/p
tolemy/moml/test:/home/travis/build/icyphy/ptII/ant/lib/ant-launcher.jar:/home/
travis/build/icyphy/ptII/ant/lib/ant.jar:/home/travis/build/icyphy/ptII/ant/lib
/ant-junit.jar:/home/travis/build/icyphy/ptII/ant/lib/ant-junit4.jar:/home/trav
is/build/icyphy/ptII ModularCG_A1_B1_profile.java
total 216
-rw-rw-r-- 1 travis travis  4895 Sep  3 02:09 CompiledCompositeActor_CompiledCompositeActor.class
-rw-rw-r-- 1 travis travis  1592 Sep  3 02:09 CompiledCompositeActor_CompiledCompositeActor$_CompiledCompositeActor_CompiledCompositeActor.class
-rw-rw-r-- 1 travis travis 13466 Sep  3 02:09 CompiledCompositeActor_CompiledCompositeActor.java
-rw-rw-r-- 1 travis travis  1593 Sep  3 02:09 CompiledCompositeActor_CompiledCompositeActor.mk
-rw-rw-r-- 1 travis travis  4457 Sep  3 02:09 JavaCompiledCompositeTest1_CompiledCompositeActor.class
-rw-rw-r-- 1 travis travis 11637 Sep  3 02:09 JavaCompiledCompositeTest1_CompiledCompositeActor.java
-rw-rw-r-- 1 travis travis  1198 Sep  3 02:09 JavaCompiledCompositeTest1_CompiledCompositeActor$_JavaCompiledCompositeTest1_CompiledCompositeActor.class
-rw-rw-r-- 1 travis travis  1625 Sep  3 02:09 JavaCompiledCompositeTest1_CompiledCompositeActor.mk
-rw-rw-r-- 1 travis travis  4888 Sep  3 02:09 JavaCompiledCompositeTest2_CompiledCompositeActor.class
-rw-rw-r-- 1 travis travis 14919 Sep  3 02:09 JavaCompiledCompositeTest2_CompiledCompositeActor.java
-rw-rw-r-- 1 travis travis  1793 Sep  3 02:09 JavaCompiledCompositeTest2_CompiledCompositeActor$_JavaCompiledCompositeTest2_CompiledCompositeActor.class
-rw-rw-r-- 1 travis travis  1625 Sep  3 02:09 JavaCompiledCompositeTest2_CompiledCompositeActor.mk
-rw-rw-r-- 1 travis travis  4505 Sep  3 02:09 JavaCompiledCompositeTest3_CompiledCompositeActor.class
-rw-rw-r-- 1 travis travis 13080 Sep  3 02:09 JavaCompiledCompositeTest3_CompiledCompositeActor.java
-rw-rw-r-- 1 travis travis  1378 Sep  3 02:09 JavaCompiledCompositeTest3_CompiledCompositeActor$_JavaCompiledCompositeTest3_CompiledCompositeActor.class
-rw-rw-r-- 1 travis travis  1625 Sep  3 02:09 JavaCompiledCompositeTest3_CompiledCompositeActor.mk
-rw-rw-r-- 1 travis travis  3953 Sep  3 02:09 JavaCompiledCompositeTest4_CompiledCompositeActor.class
-rw-rw-r-- 1 travis travis  9687 Sep  3 02:09 JavaCompiledCompositeTest4_CompiledCompositeActor.java
-rw-rw-r-- 1 travis travis   857 Sep  3 02:09 JavaCompiledCompositeTest4_CompiledCompositeActor$_JavaCompiledCompositeTest4_CompiledCompositeActor.class
-rw-rw-r-- 1 travis travis  1625 Sep  3 02:09 JavaCompiledCompositeTest4_CompiledCompositeActor.mk
-rw-rw-r-- 1 travis travis  1262 Sep  3 02:09 ModularCG_A1_B1_profile.java
-rw-rw-r-- 1 travis travis  3492 Sep  3 02:08 ModularCodeGenTest_A1_A2.class
-rw-rw-r-- 1 travis travis  9164 Sep  3 02:08 ModularCodeGenTest_A1_A2.java
-rw-rw-r-- 1 travis travis   904 Sep  3 02:08 ModularCodeGenTest_A1_A2.mk
-rw-rw-r-- 1 travis travis  1306 Sep  3 02:08 ModularCodeGenTest_A1_A2_profile.class
-rw-rw-r-- 1 travis travis  1228 Sep  3 02:08 ModularCodeGenTest_A1_A2_profile.java
-rw-rw-r-- 1 travis travis  3823 Sep  3 02:09 ModularCodeGenTest_A1.class
-rw-rw-r-- 1 travis travis  9968 Sep  3 02:09 ModularCodeGenTest_A1.java
-rw-rw-r-- 1 travis travis   880 Sep  3 02:09 ModularCodeGenTest_A1.mk
-rw-rw-r-- 1 travis travis  1352 Sep  3 02:09 ModularCodeGenTest_A1_profile.class
-rw-rw-r-- 1 travis travis  1394 Sep  3 02:08 ModularCodeGenTest_A1_profile.java
-rw-rw-r-- 1 travis travis   432 Sep  3 02:09 Token.class
-rw-rw-r-- 1 travis travis   251 Sep  3 02:09 Token.java
warning: Supported source version 'RELEASE_6' from annotation processor 'org.netbeans.modules.openide.util.NbBundleProcessor' less than -source '1.8'
warning: Supported source version 'RELEASE_6' from annotation processor 'org.netbeans.modules.openide.util.URLStreamHandlerRegistrationProcessor' less than -source '1.8'
warning: Supported source version 'RELEASE_6' from annotation processor 'org.netbeans.modules.openide.util.ServiceProviderProcessor' less than -source '1.8'
3 warnings
All Done
Writing ModularCG_A1_B1.java in file:/home/travis/cg/ (9730 characters)
Reading "ptolemy/cg/kernel/generic/program/procedural/java/modular/makefile.in",
    writing "/home/travis/cg/ModularCG_A1_B1.mk"
Using ptolemy/cg/kernel/generic/program/procedural/java/modular/makefile.in
In "/home/travis/cg", about to execute:
    make -f ModularCG_A1_B1.mk
javac -classpath ".:.."    ModularCG_A1_B1.java
All Done
In "/home/travis/cg", about to execute:
    pwd
/home/travis/cg
In "/home/travis/cg", about to execute:
    ls -l
total 244
-rw-rw-r-- 1 travis travis  4895 Sep  3 02:09 CompiledCompositeActor_CompiledCompositeActor.class
-rw-rw-r-- 1 travis travis  1592 Sep  3 02:09 CompiledCompositeActor_CompiledCompositeActor$_CompiledCompositeActor_CompiledCompositeActor.class
-rw-rw-r-- 1 travis travis 13466 Sep  3 02:09 CompiledCompositeActor_CompiledCompositeActor.java
-rw-rw-r-- 1 travis travis  1593 Sep  3 02:09 CompiledCompositeActor_CompiledCompositeActor.mk
-rw-rw-r-- 1 travis travis  4457 Sep  3 02:09 JavaCompiledCompositeTest1_CompiledCompositeActor.class
-rw-rw-r-- 1 travis travis 11637 Sep  3 02:09 JavaCompiledCompositeTest1_CompiledCompositeActor.java
-rw-rw-r-- 1 travis travis  1198 Sep  3 02:09 JavaCompiledCompositeTest1_CompiledCompositeActor$_JavaCompiledCompositeTest1_CompiledCompositeActor.class
-rw-rw-r-- 1 travis travis  1625 Sep  3 02:09 JavaCompiledCompositeTest1_CompiledCompositeActor.mk
-rw-rw-r-- 1 travis travis  4888 Sep  3 02:09 JavaCompiledCompositeTest2_CompiledCompositeActor.class
-rw-rw-r-- 1 travis travis 14919 Sep  3 02:09 JavaCompiledCompositeTest2_CompiledCompositeActor.java
-rw-rw-r-- 1 travis travis  1793 Sep  3 02:09 JavaCompiledCompositeTest2_CompiledCompositeActor$_JavaCompiledCompositeTest2_CompiledCompositeActor.class
-rw-rw-r-- 1 travis travis  1625 Sep  3 02:09 JavaCompiledCompositeTest2_CompiledCompositeActor.mk
-rw-rw-r-- 1 travis travis  4505 Sep  3 02:09 JavaCompiledCompositeTest3_CompiledCompositeActor.class
-rw-rw-r-- 1 travis travis 13080 Sep  3 02:09 JavaCompiledCompositeTest3_CompiledCompositeActor.java
-rw-rw-r-- 1 travis travis  1378 Sep  3 02:09 JavaCompiledCompositeTest3_CompiledCompositeActor$_JavaCompiledCompositeTest3_CompiledCompositeActor.class
-rw-rw-r-- 1 travis travis  1625 Sep  3 02:09 JavaCompiledCompositeTest3_CompiledCompositeActor.mk
-rw-rw-r-- 1 travis travis  3953 Sep  3 02:09 JavaCompiledCompositeTest4_CompiledCompositeActor.class
-rw-rw-r-- 1 travis travis  9687 Sep  3 02:09 JavaCompiledCompositeTest4_CompiledCompositeActor.java
-rw-rw-r-- 1 travis travis   857 Sep  3 02:09 JavaCompiledCompositeTest4_CompiledCompositeActor$_JavaCompiledCompositeTest4_CompiledCompositeActor.class
-rw-rw-r-- 1 travis travis  1625 Sep  3 02:09 JavaCompiledCompositeTest4_CompiledCompositeActor.mk
-rw-rw-r-- 1 travis travis  3693 Sep  3 02:09 ModularCG_A1_B1.class
-rw-rw-r-- 1 travis travis  9730 Sep  3 02:09 ModularCG_A1_B1.java
-rw-rw-r-- 1 travis travis   832 Sep  3 02:09 ModularCG_A1_B1.mk
-rw-rw-r-- 1 travis travis  1318 Sep  3 02:09 ModularCG_A1_B1_profile.class
-rw-rw-r-- 1 travis travis  1262 Sep  3 02:09 ModularCG_A1_B1_profile.java
-rw-rw-r-- 1 travis travis  1262 Sep  3 02:09 ModularCG_A1_B2_profile.java
-rw-rw-r-- 1 travis travis  3492 Sep  3 02:08 ModularCodeGenTest_A1_A2.class
-rw-rw-r-- 1 travis travis  9164 Sep  3 02:08 ModularCodeGenTest_A1_A2.java
-rw-rw-r-- 1 travis travis   904 Sep  3 02:08 ModularCodeGenTest_A1_A2.mk
-rw-rw-r-- 1 travis travis  1306 Sep  3 02:08 ModularCodeGenTest_A1_A2_profile.class
-rw-rw-r-- 1 travis travis  1228 Sep  3 02:08 ModularCodeGenTest_A1_A2_profile.java
-rw-rw-r-- 1 travis travis  3823 Sep  3 02:09 ModularCodeGenTest_A1.class
-rw-rw-r-- 1 travis travis  9968 Sep  3 02:09 ModularCodeGenTest_A1.java
-rw-rw-r-- 1 travis travis   880 Sep  3 02:09 ModularCodeGenTest_A1.mk
-rw-rw-r-- 1 travis travis  1352 Sep  3 02:09 ModularCodeGenTest_A1_profile.class
-rw-rw-r-- 1 travis travis  1394 Sep  3 02:08 ModularCodeGenTest_A1_profile.java
-rw-rw-r-- 1 travis travis   432 Sep  3 02:09 Token.class
-rw-rw-r-- 1 travis travis   251 Sep  3 02:09 Token.java
In "/home/travis/cg", about to execute:
    javac -classpath
.:/home/travis/build/icyphy/ptII:/home/travis/build/icyphy/ptII/lib/bsh-2.0b4.j
ar:/home/travis/build/icyphy/ptII/lib/ptCal.jar:/home/travis/build/icyphy/ptII/
lib/java_cup.jar:/home/travis/build/icyphy/ptII/lib/saxon8.jar:/home/travis/bui
ld/icyphy/ptII/lib/saxon8-dom.jar:/home/travis/build/icyphy/ptII/lib/chic.jar:/
home/travis/build/icyphy/ptII/lib/ptcolt.jar:/usr/lib/jvm/java-8-oracle/lib/too
ls.jar:/usr/lib/eclipse/plugins/org.eclipse.jdt.core_3.8.2.dist.jar:/usr/lib/ec
lipse/plugins/org.eclipse.core.runtime_3.8.0.dist.jar:/usr/lib/eclipse/plugins/
org.eclipse.osgi_3.8.1.dist.jar:/usr/lib/eclipse/plugins/org.eclipse.core.resou
rces_3.8.1.dist.jar:/usr/lib/eclipse/plugins/org.eclipse.equinox.common_3.6.100
.dist.jar:/usr/lib/eclipse/plugins/org.eclipse.core.jobs_3.5.200.dist.jar:/usr/
lib/eclipse/plugins/org.eclipse.core.contenttype_3.4.200.dist.jar:/usr/lib/ecli
pse/plugins/org.eclipse.equinox.preferences_3.5.0.dist.jar:/usr/lib/eclipse/plu
gins/org.eclipse.text_3.5.200.dist.jar:/usr/lib/eclipse/plugins/org.eclipse.ui.
workbench_3.8.1.dist.jar:/usr/lib/eclipse/plugins/org.eclipse.jface_3.8.0.dist.
jar:/usr/lib/eclipse/plugins/org.eclipse.swt_3.8.2.jar:/usr/lib/eclipse/plugins
/org.eclipse.jface.text_3.8.1.dist.jar:/usr/lib/eclipse/plugins/org.eclipse.ui.
workbench.texteditor_3.8.0.dist.jar:/usr/lib/eclipse/plugins/org.eclipse.ui.edi
tors_3.8.0.dist.jar:/usr/lib/eclipse/plugins/org.eclipse.core.commands_3.6.1.di
st.jar:/usr/lib/eclipse/plugins/org.eclipse.equinox.registry_3.5.200.dist.jar:/
usr/lib/eclipse/plugins/org.eclipse.ui.console_3.5.100.dist.jar:/usr/lib/eclips
e/plugins/org.eclipse.ui.forms_3.5.200.dist.jar:/usr/lib/eclipse/plugins/org.ec
lipse.ui.ide_3.8.1.dist.jar:/home/travis/build/icyphy/ptII/vendors/oracle/dbxml
.jar:/home/travis/build/icyphy/ptII/vendors/oracle/db.jar:/home/travis/build/ic
yphy/ptII/vendors/misc/itext/iText.jar:/home/travis/build/icyphy/ptII/lib/g4ltl
.jar:/home/travis/build/icyphy/ptII/lib/StructuralCoder.jar:/home/travis/build/
icyphy/ptII/lib/org-openide-util.jar:/home/travis/build/icyphy/ptII/lib/org-ope
nide-util-lookup.jar:/home/travis/build/icyphy/ptII/lib/org-netbeans-api-visual
.jar:/home/travis/build/icyphy/ptII/vendors/jai-1_1_2_01/lib/jai_core.jar:/home
/travis/build/icyphy/ptII/vendors/jai-1_1_2_01/lib/jai_codec.jar:/home/travis/b
uild/icyphy/ptII/lib/jcerti.jar:/home/travis/build/icyphy/ptII/lib/smack.jar:/h
ome/travis/build/icyphy/ptII/lib/smackx.jar:/home/travis/build/icyphy/ptII/lib/
jetty-all-8.1.5-v20120716.jar:/home/travis/build/icyphy/ptII/lib/javax.servlet-
api-3.0.1.jar:/home/travis/build/icyphy/ptII/lib/javax.mail.jar:/home/travis/bu
ild/icyphy/ptII/vendors/JMF-2.1.1e/lib/jmf.jar:/home/travis/build/icyphy/ptII/l
ib/jna-4.0.0-variadic.jar:/home/travis/build/icyphy/ptII/vendors/misc/joystick/
Joystick.jar:/home/travis/build/icyphy/ptII/lib/ptjacl.jar:/home/travis/build/i
cyphy/ptII/lib/jsoup-1.8.2.jar:/home/travis/build/icyphy/ptII/lib/junit-4.8.2.j
ar:/home/travis/build/icyphy/ptII/lib/JUnitParams-0.4.0.jar:/home/travis/build/
icyphy/ptII/ptolemy/actor/lib/excel/jxl.jar:/home/travis/build/icyphy/ptII/lib/
jython.jar:/home/travis/build/icyphy/ptII/lib/kieler.jar:/home/travis/build/icy
phy/ptII/vendors/opencv/share/OpenCV/java/opencv-341.jar:/home/travis/build/icy
phy/ptII/lib/oscP5.jar:/home/travis/build/icyphy/ptII/lib/nrjavaserial-3.11.0.d
evel.jar:/home/travis/build/icyphy/ptII/vendors/j3d/lib/j3dcore.jar:/home/travi
s/build/icyphy/ptII/vendors/j3d/lib/j3dutils.jar:/home/travis/build/icyphy/ptII
/vendors/j3d/lib/vecmath.jar:/home/travis/build/icyphy/ptII/ptolemy/distributed
/jini/jar/jini-core.jar:/home/travis/build/icyphy/ptII/ptolemy/distributed/jini
/jar/jini-ext.jar:/home/travis/build/icyphy/ptII/ptolemy/distributed/jini/jar/s
un-util.jar:/home/travis/build/icyphy/ptII/lib/protobuf-java-2.4.1.jar:/home/tr
avis/build/icyphy/ptII/lib/org.eclipse.paho.client.mqttv3.jar:/home/travis/buil
d/icyphy/ptII/ptserver/lib/hessian-4.0.7.jar:/home/travis/build/icyphy/ptII/pts
erver/lib/wmqtt.jar:/home/travis/build/icyphy/ptII/lib/mapss.jar:/home/travis/b
uild/icyphy/ptII/ptolemy/actor/ptalon/antlr/antlr.jar:/home/travis/build/icyphy
/ptII/lib/JRI.jar:/home/travis/build/icyphy/ptII/lib/commons-lang-2.6.jar:/home
/travis/build/icyphy/ptII/lib/commons-logging-1.1.1.jar:/home/travis/build/icyp
hy/ptII/lib/sootclasses.jar:/home/travis/build/icyphy/ptII/ptolemy/actor/lib/da
tabase/mysql-connector-java-5.1.6-bin.jar:/home/travis/build/icyphy/ptII/vendor
s/misc/sphinx4/sphinx4-data-5prealpha.jar:/home/travis/build/icyphy/ptII/vendor
s/misc/sphinx4/sphinx4-core-5prealpha.jar:/home/travis/build/icyphy/ptII/lib/PD
FRenderer.jar:/home/travis/build/icyphy/ptII/lib/svgSalamander.jar:/home/travis
/build/icyphy/ptII/lib/rsyntaxtextarea-2.6.0-SNAPSHOT.jar:/home/travis/build/ic
yphy/ptII/lib/hazelcast-3.8.2.jar:/home/travis/build/icyphy/ptII/lib/jackson-an
notations-2.9.0.jar:/home/travis/build/icyphy/ptII/lib/jackson-core-2.9.3.jar:/
home/travis/build/icyphy/ptII/lib/jackson-databind-2.9.3.jar:/home/travis/build
/icyphy/ptII/lib/netty-buffer-4.1.19.Final.jar:/home/travis/build/icyphy/ptII/l
ib/netty-codec-4.1.19.Final.jar:/home/travis/build/icyphy/ptII/lib/netty-codec-
dns-4.1.19.Final.jar:/home/travis/build/icyphy/ptII/lib/netty-codec-http-4.1.19
.Final.jar:/home/travis/build/icyphy/ptII/lib/netty-codec-http2-4.1.19.Final.ja
r:/home/travis/build/icyphy/ptII/lib/netty-common-4.1.19.Final.jar:/home/travis
/build/icyphy/ptII/lib/netty-handler-4.1.19.Final.jar:/home/travis/build/icyphy
/ptII/lib/netty-resolver-4.1.19.Final.jar:/home/travis/build/icyphy/ptII/lib/ne
tty-resolver-dns-4.1.19.Final.jar:/home/travis/build/icyphy/ptII/lib/netty-tran
sport-4.1.19.Final.jar:/home/travis/build/icyphy/ptII/lib/vertx-codegen-3.5.1.j
ar:/home/travis/build/icyphy/ptII/lib/vertx-core-3.5.2-SNAPSHOT.jar:/home/travi
s/build/icyphy/ptII/lib/vertx-hazelcast-3.5.1.jar:/home/travis/build/icyphy/ptI
I/lib/vertx-lang-js-3.5.1.jar:/home/travis/build/icyphy/ptII/lib/vertx-service-
proxy-3.5.1.jar:/home/travis/build/icyphy/ptII/lib/vertx-web-3.5.1.jar:/home/tr
avis/build/icyphy/ptII/lib/slf4j-api-1.7.13.jar:/home/travis/build/icyphy/ptII/
lib/slf4j-simple-1.7.13.jar:/home/travis/build/icyphy/ptII/lib/webcam-capture-0
.3.12.jar:/home/travis/build/icyphy/ptII/lib/bridj-0.7.0.jar:/home/travis/build
/icyphy/ptII/lib/xbjlib-1.1.0.nrjavaserial.jar:/home/travis/build/icyphy/ptII/p
tolemy/moml/test:/home/travis/build/icyphy/ptII/ant/lib/ant-launcher.jar:/home/
travis/build/icyphy/ptII/ant/lib/ant.jar:/home/travis/build/icyphy/ptII/ant/lib
/ant-junit.jar:/home/travis/build/icyphy/ptII/ant/lib/ant-junit4.jar:/home/trav
is/build/icyphy/ptII ModularCG_A1_B2_profile.java
warning: Supported source version 'RELEASE_6' from annotation processor 'org.netbeans.modules.openide.util.NbBundleProcessor' less than -source '1.8'
warning: Supported source version 'RELEASE_6' from annotation processor 'org.netbeans.modules.openide.util.URLStreamHandlerRegistrationProcessor' less than -source '1.8'
warning: Supported source version 'RELEASE_6' from annotation processor 'org.netbeans.modules.openide.util.ServiceProviderProcessor' less than -source '1.8'
3 warnings
All Done
Writing ModularCG_A1_B2.java in file:/home/travis/cg/ (9730 characters)
Reading "ptolemy/cg/kernel/generic/program/procedural/java/modular/makefile.in",
    writing "/home/travis/cg/ModularCG_A1_B2.mk"
Using ptolemy/cg/kernel/generic/program/procedural/java/modular/makefile.in
In "/home/travis/cg", about to execute:
    make -f ModularCG_A1_B2.mk
javac -classpath ".:.."    ModularCG_A1_B2.java
All Done
In "/home/travis/cg", about to execute:
    pwd
In "/home/travis/cg", about to execute:
    ls -l
/home/travis/cg
In "/home/travis/cg", about to execute:
    javac -classpath
.:/home/travis/build/icyphy/ptII:/home/travis/build/icyphy/ptII/lib/bsh-2.0b4.j
ar:/home/travis/build/icyphy/ptII/lib/ptCal.jar:/home/travis/build/icyphy/ptII/
lib/java_cup.jar:/home/travis/build/icyphy/ptII/lib/saxon8.jar:/home/travis/bui
ld/icyphy/ptII/lib/saxon8-dom.jar:/home/travis/build/icyphy/ptII/lib/chic.jar:/
home/travis/build/icyphy/ptII/lib/ptcolt.jar:/usr/lib/jvm/java-8-oracle/lib/too
ls.jar:/usr/lib/eclipse/plugins/org.eclipse.jdt.core_3.8.2.dist.jar:/usr/lib/ec
lipse/plugins/org.eclipse.core.runtime_3.8.0.dist.jar:/usr/lib/eclipse/plugins/
org.eclipse.osgi_3.8.1.dist.jar:/usr/lib/eclipse/plugins/org.eclipse.core.resou
rces_3.8.1.dist.jar:/usr/lib/eclipse/plugins/org.eclipse.equinox.common_3.6.100
.dist.jar:/usr/lib/eclipse/plugins/org.eclipse.core.jobs_3.5.200.dist.jar:/usr/
lib/eclipse/plugins/org.eclipse.core.contenttype_3.4.200.dist.jar:/usr/lib/ecli
pse/plugins/org.eclipse.equinox.preferences_3.5.0.dist.jar:/usr/lib/eclipse/plu
gins/org.eclipse.text_3.5.200.dist.jar:/usr/lib/eclipse/plugins/org.eclipse.ui.
workbench_3.8.1.dist.jar:/usr/lib/eclipse/plugins/org.eclipse.jface_3.8.0.dist.
jar:/usr/lib/eclipse/plugins/org.eclipse.swt_3.8.2.jar:/usr/lib/eclipse/plugins
/org.eclipse.jface.text_3.8.1.dist.jar:/usr/lib/eclipse/plugins/org.eclipse.ui.
workbench.texteditor_3.8.0.dist.jar:/usr/lib/eclipse/plugins/org.eclipse.ui.edi
tors_3.8.0.dist.jar:/usr/lib/eclipse/plugins/org.eclipse.core.commands_3.6.1.di
st.jar:/usr/lib/eclipse/plugins/org.eclipse.equinox.registry_3.5.200.dist.jar:/
usr/lib/eclipse/plugins/org.eclipse.ui.console_3.5.100.dist.jar:/usr/lib/eclips
e/plugins/org.eclipse.ui.forms_3.5.200.dist.jar:/usr/lib/eclipse/plugins/org.ec
lipse.ui.ide_3.8.1.dist.jar:/home/travis/build/icyphy/ptII/vendors/oracle/dbxml
.jar:/home/travis/build/icyphy/ptII/vendors/oracle/db.jar:/home/travis/build/ic
yphy/ptII/vendors/misc/itext/iText.jar:/home/travis/build/icyphy/ptII/lib/g4ltl
.jar:/home/travis/build/icyphy/ptII/lib/StructuralCoder.jar:/home/travis/build/
icyphy/ptII/lib/org-openide-util.jar:/home/travis/build/icyphy/ptII/lib/org-ope
nide-util-lookup.jar:/home/travis/build/icyphy/ptII/lib/org-netbeans-api-visual
.jar:/home/travis/build/icyphy/ptII/vendors/jai-1_1_2_01/lib/jai_core.jar:/home
/travis/build/icyphy/ptII/vendors/jai-1_1_2_01/lib/jai_codec.jar:/home/travis/b
uild/icyphy/ptII/lib/jcerti.jar:/home/travis/build/icyphy/ptII/lib/smack.jar:/h
ome/travis/build/icyphy/ptII/lib/smackx.jar:/home/travis/build/icyphy/ptII/lib/
jetty-all-8.1.5-v20120716.jar:/home/travis/build/icyphy/ptII/lib/javax.servlet-
api-3.0.1.jar:/home/travis/build/icyphy/ptII/lib/javax.mail.jar:/home/travis/bu
ild/icyphy/ptII/vendors/JMF-2.1.1e/lib/jmf.jar:/home/travis/build/icyphy/ptII/l
ib/jna-4.0.0-variadic.jar:/home/travis/build/icyphy/ptII/vendors/misc/joystick/
Joystick.jar:/home/travis/build/icyphy/ptII/lib/ptjacl.jar:/home/travis/build/i
cyphy/ptII/lib/jsoup-1.8.2.jar:/home/travis/build/icyphy/ptII/lib/junit-4.8.2.j
ar:/home/travis/build/icyphy/ptII/lib/JUnitParams-0.4.0.jar:/home/travis/build/
icyphy/ptII/ptolemy/actor/lib/excel/jxl.jar:/home/travis/build/icyphy/ptII/lib/
jython.jar:/home/travis/build/icyphy/ptII/lib/kieler.jar:/home/travis/build/icy
phy/ptII/vendors/opencv/share/OpenCV/java/opencv-341.jar:/home/travis/build/icy
phy/ptII/lib/oscP5.jar:/home/travis/build/icyphy/ptII/lib/nrjavaserial-3.11.0.d
evel.jar:/home/travis/build/icyphy/ptII/vendors/j3d/lib/j3dcore.jar:/home/travi
s/build/icyphy/ptII/vendors/j3d/lib/j3dutils.jar:/home/travis/build/icyphy/ptII
/vendors/j3d/lib/vecmath.jar:/home/travis/build/icyphy/ptII/ptolemy/distributed
/jini/jar/jini-core.jar:/home/travis/build/icyphy/ptII/ptolemy/distributed/jini
/jar/jini-ext.jar:/home/travis/build/icyphy/ptII/ptolemy/distributed/jini/jar/s
un-util.jar:/home/travis/build/icyphy/ptII/lib/protobuf-java-2.4.1.jar:/home/tr
avis/build/icyphy/ptII/lib/org.eclipse.paho.client.mqttv3.jar:/home/travis/buil
d/icyphy/ptII/ptserver/lib/hessian-4.0.7.jar:/home/travis/build/icyphy/ptII/pts
erver/lib/wmqtt.jar:/home/travis/build/icyphy/ptII/lib/mapss.jar:/home/travis/b
uild/icyphy/ptII/ptolemy/actor/ptalon/antlr/antlr.jar:/home/travis/build/icyphy
/ptII/lib/JRI.jar:/home/travis/build/icyphy/ptII/lib/commons-lang-2.6.jar:/home
/travis/build/icyphy/ptII/lib/commons-logging-1.1.1.jar:/home/travis/build/icyp
hy/ptII/lib/sootclasses.jar:/home/travis/build/icyphy/ptII/ptolemy/actor/lib/da
tabase/mysql-connector-java-5.1.6-bin.jar:/home/travis/build/icyphy/ptII/vendor
s/misc/sphinx4/sphinx4-data-5prealpha.jar:/home/travis/build/icyphy/ptII/vendor
s/misc/sphinx4/sphinx4-core-5prealpha.jar:/home/travis/build/icyphy/ptII/lib/PD
FRenderer.jar:/home/travis/build/icyphy/ptII/lib/svgSalamander.jar:/home/travis
/build/icyphy/ptII/lib/rsyntaxtextarea-2.6.0-SNAPSHOT.jar:/home/travis/build/ic
yphy/ptII/lib/hazelcast-3.8.2.jar:/home/travis/build/icyphy/ptII/lib/jackson-an
notations-2.9.0.jar:/home/travis/build/icyphy/ptII/lib/jackson-core-2.9.3.jar:/
home/travis/build/icyphy/ptII/lib/jackson-databind-2.9.3.jar:/home/travis/build
/icyphy/ptII/lib/netty-buffer-4.1.19.Final.jar:/home/travis/build/icyphy/ptII/l
ib/netty-codec-4.1.19.Final.jar:/home/travis/build/icyphy/ptII/lib/netty-codec-
dns-4.1.19.Final.jar:/home/travis/build/icyphy/ptII/lib/netty-codec-http-4.1.19
.Final.jar:/home/travis/build/icyphy/ptII/lib/netty-codec-http2-4.1.19.Final.ja
r:/home/travis/build/icyphy/ptII/lib/netty-common-4.1.19.Final.jar:/home/travis
/build/icyphy/ptII/lib/netty-handler-4.1.19.Final.jar:/home/travis/build/icyphy
/ptII/lib/netty-resolver-4.1.19.Final.jar:/home/travis/build/icyphy/ptII/lib/ne
tty-resolver-dns-4.1.19.Final.jar:/home/travis/build/icyphy/ptII/lib/netty-tran
sport-4.1.19.Final.jar:/home/travis/build/icyphy/ptII/lib/vertx-codegen-3.5.1.j
ar:/home/travis/build/icyphy/ptII/lib/vertx-core-3.5.2-SNAPSHOT.jar:/home/travi
s/build/icyphy/ptII/lib/vertx-hazelcast-3.5.1.jar:/home/travis/build/icyphy/ptI
I/lib/vertx-lang-js-3.5.1.jar:/home/travis/build/icyphy/ptII/lib/vertx-service-
proxy-3.5.1.jar:/home/travis/build/icyphy/ptII/lib/vertx-web-3.5.1.jar:/home/tr
avis/build/icyphy/ptII/lib/slf4j-api-1.7.13.jar:/home/travis/build/icyphy/ptII/
lib/slf4j-simple-1.7.13.jar:/home/travis/build/icyphy/ptII/lib/webcam-capture-0
.3.12.jar:/home/travis/build/icyphy/ptII/lib/bridj-0.7.0.jar:/home/travis/build
/icyphy/ptII/lib/xbjlib-1.1.0.nrjavaserial.jar:/home/travis/build/icyphy/ptII/p
tolemy/moml/test:/home/travis/build/icyphy/ptII/ant/lib/ant-launcher.jar:/home/
travis/build/icyphy/ptII/ant/lib/ant.jar:/home/travis/build/icyphy/ptII/ant/lib
/ant-junit.jar:/home/travis/build/icyphy/ptII/ant/lib/ant-junit4.jar:/home/trav
is/build/icyphy/ptII ModularCG_A1_profile.java
total 272
-rw-rw-r-- 1 travis travis  4895 Sep  3 02:09 CompiledCompositeActor_CompiledCompositeActor.class
-rw-rw-r-- 1 travis travis  1592 Sep  3 02:09 CompiledCompositeActor_CompiledCompositeActor$_CompiledCompositeActor_CompiledCompositeActor.class
-rw-rw-r-- 1 travis travis 13466 Sep  3 02:09 CompiledCompositeActor_CompiledCompositeActor.java
-rw-rw-r-- 1 travis travis  1593 Sep  3 02:09 CompiledCompositeActor_CompiledCompositeActor.mk
-rw-rw-r-- 1 travis travis  4457 Sep  3 02:09 JavaCompiledCompositeTest1_CompiledCompositeActor.class
-rw-rw-r-- 1 travis travis 11637 Sep  3 02:09 JavaCompiledCompositeTest1_CompiledCompositeActor.java
-rw-rw-r-- 1 travis travis  1198 Sep  3 02:09 JavaCompiledCompositeTest1_CompiledCompositeActor$_JavaCompiledCompositeTest1_CompiledCompositeActor.class
-rw-rw-r-- 1 travis travis  1625 Sep  3 02:09 JavaCompiledCompositeTest1_CompiledCompositeActor.mk
-rw-rw-r-- 1 travis travis  4888 Sep  3 02:09 JavaCompiledCompositeTest2_CompiledCompositeActor.class
-rw-rw-r-- 1 travis travis 14919 Sep  3 02:09 JavaCompiledCompositeTest2_CompiledCompositeActor.java
-rw-rw-r-- 1 travis travis  1793 Sep  3 02:09 JavaCompiledCompositeTest2_CompiledCompositeActor$_JavaCompiledCompositeTest2_CompiledCompositeActor.class
-rw-rw-r-- 1 travis travis  1625 Sep  3 02:09 JavaCompiledCompositeTest2_CompiledCompositeActor.mk
-rw-rw-r-- 1 travis travis  4505 Sep  3 02:09 JavaCompiledCompositeTest3_CompiledCompositeActor.class
-rw-rw-r-- 1 travis travis 13080 Sep  3 02:09 JavaCompiledCompositeTest3_CompiledCompositeActor.java
-rw-rw-r-- 1 travis travis  1378 Sep  3 02:09 JavaCompiledCompositeTest3_CompiledCompositeActor$_JavaCompiledCompositeTest3_CompiledCompositeActor.class
-rw-rw-r-- 1 travis travis  1625 Sep  3 02:09 JavaCompiledCompositeTest3_CompiledCompositeActor.mk
-rw-rw-r-- 1 travis travis  3953 Sep  3 02:09 JavaCompiledCompositeTest4_CompiledCompositeActor.class
-rw-rw-r-- 1 travis travis  9687 Sep  3 02:09 JavaCompiledCompositeTest4_CompiledCompositeActor.java
-rw-rw-r-- 1 travis travis   857 Sep  3 02:09 JavaCompiledCompositeTest4_CompiledCompositeActor$_JavaCompiledCompositeTest4_CompiledCompositeActor.class
-rw-rw-r-- 1 travis travis  1625 Sep  3 02:09 JavaCompiledCompositeTest4_CompiledCompositeActor.mk
-rw-rw-r-- 1 travis travis  3693 Sep  3 02:09 ModularCG_A1_B1.class
-rw-rw-r-- 1 travis travis  9730 Sep  3 02:09 ModularCG_A1_B1.java
-rw-rw-r-- 1 travis travis   832 Sep  3 02:09 ModularCG_A1_B1.mk
-rw-rw-r-- 1 travis travis  1318 Sep  3 02:09 ModularCG_A1_B1_profile.class
-rw-rw-r-- 1 travis travis  1262 Sep  3 02:09 ModularCG_A1_B1_profile.java
-rw-rw-r-- 1 travis travis  3693 Sep  3 02:09 ModularCG_A1_B2.class
-rw-rw-r-- 1 travis travis  9730 Sep  3 02:09 ModularCG_A1_B2.java
-rw-rw-r-- 1 travis travis   832 Sep  3 02:09 ModularCG_A1_B2.mk
-rw-rw-r-- 1 travis travis  1318 Sep  3 02:09 ModularCG_A1_B2_profile.class
-rw-rw-r-- 1 travis travis  1262 Sep  3 02:09 ModularCG_A1_B2_profile.java
-rw-rw-r-- 1 travis travis  1704 Sep  3 02:09 ModularCG_A1_profile.java
-rw-rw-r-- 1 travis travis  3492 Sep  3 02:08 ModularCodeGenTest_A1_A2.class
-rw-rw-r-- 1 travis travis  9164 Sep  3 02:08 ModularCodeGenTest_A1_A2.java
-rw-rw-r-- 1 travis travis   904 Sep  3 02:08 ModularCodeGenTest_A1_A2.mk
-rw-rw-r-- 1 travis travis  1306 Sep  3 02:08 ModularCodeGenTest_A1_A2_profile.class
-rw-rw-r-- 1 travis travis  1228 Sep  3 02:08 ModularCodeGenTest_A1_A2_profile.java
-rw-rw-r-- 1 travis travis  3823 Sep  3 02:09 ModularCodeGenTest_A1.class
-rw-rw-r-- 1 travis travis  9968 Sep  3 02:09 ModularCodeGenTest_A1.java
-rw-rw-r-- 1 travis travis   880 Sep  3 02:09 ModularCodeGenTest_A1.mk
-rw-rw-r-- 1 travis travis  1352 Sep  3 02:09 ModularCodeGenTest_A1_profile.class
-rw-rw-r-- 1 travis travis  1394 Sep  3 02:08 ModularCodeGenTest_A1_profile.java
-rw-rw-r-- 1 travis travis   432 Sep  3 02:09 Token.class
-rw-rw-r-- 1 travis travis   251 Sep  3 02:09 Token.java
warning: Supported source version 'RELEASE_6' from annotation processor 'org.netbeans.modules.openide.util.NbBundleProcessor' less than -source '1.8'
warning: Supported source version 'RELEASE_6' from annotation processor 'org.netbeans.modules.openide.util.URLStreamHandlerRegistrationProcessor' less than -source '1.8'
warning: Supported source version 'RELEASE_6' from annotation processor 'org.netbeans.modules.openide.util.ServiceProviderProcessor' less than -source '1.8'
3 warnings
All Done
Writing ModularCG_A1.java in file:/home/travis/cg/ (14742 characters)
Reading "ptolemy/cg/kernel/generic/program/procedural/java/modular/makefile.in",
    writing "/home/travis/cg/ModularCG_A1.mk"
Using ptolemy/cg/kernel/generic/program/procedural/java/modular/makefile.in
In "/home/travis/cg", about to execute:
    make -f ModularCG_A1.mk
javac -classpath ".:.."    ModularCG_A1.java
All Done
In "/home/travis/cg", about to execute:
    pwd
/home/travis/cg
In "/home/travis/cg", about to execute:
    ls -l
total 308
-rw-rw-r-- 1 travis travis  4895 Sep  3 02:09 CompiledCompositeActor_CompiledCompositeActor.class
-rw-rw-r-- 1 travis travis  1592 Sep  3 02:09 CompiledCompositeActor_CompiledCompositeActor$_CompiledCompositeActor_CompiledCompositeActor.class
-rw-rw-r-- 1 travis travis 13466 Sep  3 02:09 CompiledCompositeActor_CompiledCompositeActor.java
-rw-rw-r-- 1 travis travis  1593 Sep  3 02:09 CompiledCompositeActor_CompiledCompositeActor.mk
-rw-rw-r-- 1 travis travis  4457 Sep  3 02:09 JavaCompiledCompositeTest1_CompiledCompositeActor.class
-rw-rw-r-- 1 travis travis 11637 Sep  3 02:09 JavaCompiledCompositeTest1_CompiledCompositeActor.java
-rw-rw-r-- 1 travis travis  1198 Sep  3 02:09 JavaCompiledCompositeTest1_CompiledCompositeActor$_JavaCompiledCompositeTest1_CompiledCompositeActor.class
-rw-rw-r-- 1 travis travis  1625 Sep  3 02:09 JavaCompiledCompositeTest1_CompiledCompositeActor.mk
-rw-rw-r-- 1 travis travis  4888 Sep  3 02:09 JavaCompiledCompositeTest2_CompiledCompositeActor.class
-rw-rw-r-- 1 travis travis 14919 Sep  3 02:09 JavaCompiledCompositeTest2_CompiledCompositeActor.java
-rw-rw-r-- 1 travis travis  1793 Sep  3 02:09 JavaCompiledCompositeTest2_CompiledCompositeActor$_JavaCompiledCompositeTest2_CompiledCompositeActor.class
-rw-rw-r-- 1 travis travis  1625 Sep  3 02:09 JavaCompiledCompositeTest2_CompiledCompositeActor.mk
-rw-rw-r-- 1 travis travis  4505 Sep  3 02:09 JavaCompiledCompositeTest3_CompiledCompositeActor.class
-rw-rw-r-- 1 travis travis 13080 Sep  3 02:09 JavaCompiledCompositeTest3_CompiledCompositeActor.java
-rw-rw-r-- 1 travis travis  1378 Sep  3 02:09 JavaCompiledCompositeTest3_CompiledCompositeActor$_JavaCompiledCompositeTest3_CompiledCompositeActor.class
-rw-rw-r-- 1 travis travis  1625 Sep  3 02:09 JavaCompiledCompositeTest3_CompiledCompositeActor.mk
-rw-rw-r-- 1 travis travis  3953 Sep  3 02:09 JavaCompiledCompositeTest4_CompiledCompositeActor.class
-rw-rw-r-- 1 travis travis  9687 Sep  3 02:09 JavaCompiledCompositeTest4_CompiledCompositeActor.java
-rw-rw-r-- 1 travis travis   857 Sep  3 02:09 JavaCompiledCompositeTest4_CompiledCompositeActor$_JavaCompiledCompositeTest4_CompiledCompositeActor.class
-rw-rw-r-- 1 travis travis  1625 Sep  3 02:09 JavaCompiledCompositeTest4_CompiledCompositeActor.mk
-rw-rw-r-- 1 travis travis  3693 Sep  3 02:09 ModularCG_A1_B1.class
-rw-rw-r-- 1 travis travis  9730 Sep  3 02:09 ModularCG_A1_B1.java
-rw-rw-r-- 1 travis travis   832 Sep  3 02:09 ModularCG_A1_B1.mk
-rw-rw-r-- 1 travis travis  1318 Sep  3 02:09 ModularCG_A1_B1_profile.class
-rw-rw-r-- 1 travis travis  1262 Sep  3 02:09 ModularCG_A1_B1_profile.java
-rw-rw-r-- 1 travis travis  3693 Sep  3 02:09 ModularCG_A1_B2.class
-rw-rw-r-- 1 travis travis  9730 Sep  3 02:09 ModularCG_A1_B2.java
-rw-rw-r-- 1 travis travis   832 Sep  3 02:09 ModularCG_A1_B2.mk
-rw-rw-r-- 1 travis travis  1318 Sep  3 02:09 ModularCG_A1_B2_profile.class
-rw-rw-r-- 1 travis travis  1262 Sep  3 02:09 ModularCG_A1_B2_profile.java
-rw-rw-r-- 1 travis travis  4799 Sep  3 02:09 ModularCG_A1.class
-rw-rw-r-- 1 travis travis 14742 Sep  3 02:09 ModularCG_A1.java
-rw-rw-r-- 1 travis travis   808 Sep  3 02:09 ModularCG_A1.mk
-rw-rw-r-- 1 travis travis  1433 Sep  3 02:09 ModularCG_A1_profile.class
-rw-rw-r-- 1 travis travis  1704 Sep  3 02:09 ModularCG_A1_profile.java
-rw-rw-r-- 1 travis travis  1446 Sep  3 02:09 ModularCG_A2_B1_profile.java
-rw-rw-r-- 1 travis travis  3492 Sep  3 02:08 ModularCodeGenTest_A1_A2.class
-rw-rw-r-- 1 travis travis  9164 Sep  3 02:08 ModularCodeGenTest_A1_A2.java
-rw-rw-r-- 1 travis travis   904 Sep  3 02:08 ModularCodeGenTest_A1_A2.mk
-rw-rw-r-- 1 travis travis  1306 Sep  3 02:08 ModularCodeGenTest_A1_A2_profile.class
-rw-rw-r-- 1 travis travis  1228 Sep  3 02:08 ModularCodeGenTest_A1_A2_profile.java
-rw-rw-r-- 1 travis travis  3823 Sep  3 02:09 ModularCodeGenTest_A1.class
-rw-rw-r-- 1 travis travis  9968 Sep  3 02:09 ModularCodeGenTest_A1.java
-rw-rw-r-- 1 travis travis   880 Sep  3 02:09 ModularCodeGenTest_A1.mk
-rw-rw-r-- 1 travis travis  1352 Sep  3 02:09 ModularCodeGenTest_A1_profile.class
-rw-rw-r-- 1 travis travis  1394 Sep  3 02:08 ModularCodeGenTest_A1_profile.java
-rw-rw-r-- 1 travis travis   432 Sep  3 02:09 Token.class
-rw-rw-r-- 1 travis travis   251 Sep  3 02:09 Token.java
In "/home/travis/cg", about to execute:
    javac -classpath
.:/home/travis/build/icyphy/ptII:/home/travis/build/icyphy/ptII/lib/bsh-2.0b4.j
ar:/home/travis/build/icyphy/ptII/lib/ptCal.jar:/home/travis/build/icyphy/ptII/
lib/java_cup.jar:/home/travis/build/icyphy/ptII/lib/saxon8.jar:/home/travis/bui
ld/icyphy/ptII/lib/saxon8-dom.jar:/home/travis/build/icyphy/ptII/lib/chic.jar:/
home/travis/build/icyphy/ptII/lib/ptcolt.jar:/usr/lib/jvm/java-8-oracle/lib/too
ls.jar:/usr/lib/eclipse/plugins/org.eclipse.jdt.core_3.8.2.dist.jar:/usr/lib/ec
lipse/plugins/org.eclipse.core.runtime_3.8.0.dist.jar:/usr/lib/eclipse/plugins/
org.eclipse.osgi_3.8.1.dist.jar:/usr/lib/eclipse/plugins/org.eclipse.core.resou
rces_3.8.1.dist.jar:/usr/lib/eclipse/plugins/org.eclipse.equinox.common_3.6.100
.dist.jar:/usr/lib/eclipse/plugins/org.eclipse.core.jobs_3.5.200.dist.jar:/usr/
lib/eclipse/plugins/org.eclipse.core.contenttype_3.4.200.dist.jar:/usr/lib/ecli
pse/plugins/org.eclipse.equinox.preferences_3.5.0.dist.jar:/usr/lib/eclipse/plu
gins/org.eclipse.text_3.5.200.dist.jar:/usr/lib/eclipse/plugins/org.eclipse.ui.
workbench_3.8.1.dist.jar:/usr/lib/eclipse/plugins/org.eclipse.jface_3.8.0.dist.
jar:/usr/lib/eclipse/plugins/org.eclipse.swt_3.8.2.jar:/usr/lib/eclipse/plugins
/org.eclipse.jface.text_3.8.1.dist.jar:/usr/lib/eclipse/plugins/org.eclipse.ui.
workbench.texteditor_3.8.0.dist.jar:/usr/lib/eclipse/plugins/org.eclipse.ui.edi
tors_3.8.0.dist.jar:/usr/lib/eclipse/plugins/org.eclipse.core.commands_3.6.1.di
st.jar:/usr/lib/eclipse/plugins/org.eclipse.equinox.registry_3.5.200.dist.jar:/
usr/lib/eclipse/plugins/org.eclipse.ui.console_3.5.100.dist.jar:/usr/lib/eclips
e/plugins/org.eclipse.ui.forms_3.5.200.dist.jar:/usr/lib/eclipse/plugins/org.ec
lipse.ui.ide_3.8.1.dist.jar:/home/travis/build/icyphy/ptII/vendors/oracle/dbxml
.jar:/home/travis/build/icyphy/ptII/vendors/oracle/db.jar:/home/travis/build/ic
yphy/ptII/vendors/misc/itext/iText.jar:/home/travis/build/icyphy/ptII/lib/g4ltl
.jar:/home/travis/build/icyphy/ptII/lib/StructuralCoder.jar:/home/travis/build/
icyphy/ptII/lib/org-openide-util.jar:/home/travis/build/icyphy/ptII/lib/org-ope
nide-util-lookup.jar:/home/travis/build/icyphy/ptII/lib/org-netbeans-api-visual
.jar:/home/travis/build/icyphy/ptII/vendors/jai-1_1_2_01/lib/jai_core.jar:/home
/travis/build/icyphy/ptII/vendors/jai-1_1_2_01/lib/jai_codec.jar:/home/travis/b
uild/icyphy/ptII/lib/jcerti.jar:/home/travis/build/icyphy/ptII/lib/smack.jar:/h
ome/travis/build/icyphy/ptII/lib/smackx.jar:/home/travis/build/icyphy/ptII/lib/
jetty-all-8.1.5-v20120716.jar:/home/travis/build/icyphy/ptII/lib/javax.servlet-
api-3.0.1.jar:/home/travis/build/icyphy/ptII/lib/javax.mail.jar:/home/travis/bu
ild/icyphy/ptII/vendors/JMF-2.1.1e/lib/jmf.jar:/home/travis/build/icyphy/ptII/l
ib/jna-4.0.0-variadic.jar:/home/travis/build/icyphy/ptII/vendors/misc/joystick/
Joystick.jar:/home/travis/build/icyphy/ptII/lib/ptjacl.jar:/home/travis/build/i
cyphy/ptII/lib/jsoup-1.8.2.jar:/home/travis/build/icyphy/ptII/lib/junit-4.8.2.j
ar:/home/travis/build/icyphy/ptII/lib/JUnitParams-0.4.0.jar:/home/travis/build/
icyphy/ptII/ptolemy/actor/lib/excel/jxl.jar:/home/travis/build/icyphy/ptII/lib/
jython.jar:/home/travis/build/icyphy/ptII/lib/kieler.jar:/home/travis/build/icy
phy/ptII/vendors/opencv/share/OpenCV/java/opencv-341.jar:/home/travis/build/icy
phy/ptII/lib/oscP5.jar:/home/travis/build/icyphy/ptII/lib/nrjavaserial-3.11.0.d
evel.jar:/home/travis/build/icyphy/ptII/vendors/j3d/lib/j3dcore.jar:/home/travi
s/build/icyphy/ptII/vendors/j3d/lib/j3dutils.jar:/home/travis/build/icyphy/ptII
/vendors/j3d/lib/vecmath.jar:/home/travis/build/icyphy/ptII/ptolemy/distributed
/jini/jar/jini-core.jar:/home/travis/build/icyphy/ptII/ptolemy/distributed/jini
/jar/jini-ext.jar:/home/travis/build/icyphy/ptII/ptolemy/distributed/jini/jar/s
un-util.jar:/home/travis/build/icyphy/ptII/lib/protobuf-java-2.4.1.jar:/home/tr
avis/build/icyphy/ptII/lib/org.eclipse.paho.client.mqttv3.jar:/home/travis/buil
d/icyphy/ptII/ptserver/lib/hessian-4.0.7.jar:/home/travis/build/icyphy/ptII/pts
erver/lib/wmqtt.jar:/home/travis/build/icyphy/ptII/lib/mapss.jar:/home/travis/b
uild/icyphy/ptII/ptolemy/actor/ptalon/antlr/antlr.jar:/home/travis/build/icyphy
/ptII/lib/JRI.jar:/home/travis/build/icyphy/ptII/lib/commons-lang-2.6.jar:/home
/travis/build/icyphy/ptII/lib/commons-logging-1.1.1.jar:/home/travis/build/icyp
hy/ptII/lib/sootclasses.jar:/home/travis/build/icyphy/ptII/ptolemy/actor/lib/da
tabase/mysql-connector-java-5.1.6-bin.jar:/home/travis/build/icyphy/ptII/vendor
s/misc/sphinx4/sphinx4-data-5prealpha.jar:/home/travis/build/icyphy/ptII/vendor
s/misc/sphinx4/sphinx4-core-5prealpha.jar:/home/travis/build/icyphy/ptII/lib/PD
FRenderer.jar:/home/travis/build/icyphy/ptII/lib/svgSalamander.jar:/home/travis
/build/icyphy/ptII/lib/rsyntaxtextarea-2.6.0-SNAPSHOT.jar:/home/travis/build/ic
yphy/ptII/lib/hazelcast-3.8.2.jar:/home/travis/build/icyphy/ptII/lib/jackson-an
notations-2.9.0.jar:/home/travis/build/icyphy/ptII/lib/jackson-core-2.9.3.jar:/
home/travis/build/icyphy/ptII/lib/jackson-databind-2.9.3.jar:/home/travis/build
/icyphy/ptII/lib/netty-buffer-4.1.19.Final.jar:/home/travis/build/icyphy/ptII/l
ib/netty-codec-4.1.19.Final.jar:/home/travis/build/icyphy/ptII/lib/netty-codec-
dns-4.1.19.Final.jar:/home/travis/build/icyphy/ptII/lib/netty-codec-http-4.1.19
.Final.jar:/home/travis/build/icyphy/ptII/lib/netty-codec-http2-4.1.19.Final.ja
r:/home/travis/build/icyphy/ptII/lib/netty-common-4.1.19.Final.jar:/home/travis
/build/icyphy/ptII/lib/netty-handler-4.1.19.Final.jar:/home/travis/build/icyphy
/ptII/lib/netty-resolver-4.1.19.Final.jar:/home/travis/build/icyphy/ptII/lib/ne
tty-resolver-dns-4.1.19.Final.jar:/home/travis/build/icyphy/ptII/lib/netty-tran
sport-4.1.19.Final.jar:/home/travis/build/icyphy/ptII/lib/vertx-codegen-3.5.1.j
ar:/home/travis/build/icyphy/ptII/lib/vertx-core-3.5.2-SNAPSHOT.jar:/home/travi
s/build/icyphy/ptII/lib/vertx-hazelcast-3.5.1.jar:/home/travis/build/icyphy/ptI
I/lib/vertx-lang-js-3.5.1.jar:/home/travis/build/icyphy/ptII/lib/vertx-service-
proxy-3.5.1.jar:/home/travis/build/icyphy/ptII/lib/vertx-web-3.5.1.jar:/home/tr
avis/build/icyphy/ptII/lib/slf4j-api-1.7.13.jar:/home/travis/build/icyphy/ptII/
lib/slf4j-simple-1.7.13.jar:/home/travis/build/icyphy/ptII/lib/webcam-capture-0
.3.12.jar:/home/travis/build/icyphy/ptII/lib/bridj-0.7.0.jar:/home/travis/build
/icyphy/ptII/lib/xbjlib-1.1.0.nrjavaserial.jar:/home/travis/build/icyphy/ptII/p
tolemy/moml/test:/home/travis/build/icyphy/ptII/ant/lib/ant-launcher.jar:/home/
travis/build/icyphy/ptII/ant/lib/ant.jar:/home/travis/build/icyphy/ptII/ant/lib
/ant-junit.jar:/home/travis/build/icyphy/ptII/ant/lib/ant-junit4.jar:/home/trav
is/build/icyphy/ptII ModularCG_A2_B1_profile.java
warning: Supported source version 'RELEASE_6' from annotation processor 'org.netbeans.modules.openide.util.NbBundleProcessor' less than -source '1.8'
warning: Supported source version 'RELEASE_6' from annotation processor 'org.netbeans.modules.openide.util.URLStreamHandlerRegistrationProcessor' less than -source '1.8'
warning: Supported source version 'RELEASE_6' from annotation processor 'org.netbeans.modules.openide.util.ServiceProviderProcessor' less than -source '1.8'
3 warnings
All Done
Writing ModularCG_A2_B1.java in file:/home/travis/cg/ (10667 characters)
Reading "ptolemy/cg/kernel/generic/program/procedural/java/modular/makefile.in",
    writing "/home/travis/cg/ModularCG_A2_B1.mk"
Using ptolemy/cg/kernel/generic/program/procedural/java/modular/makefile.in
In "/home/travis/cg", about to execute:
    make -f ModularCG_A2_B1.mk
javac -classpath ".:.."    ModularCG_A2_B1.java
All Done
In "/home/travis/cg", about to execute:
    pwd
/home/travis/cg
In "/home/travis/cg", about to execute:
    ls -l
total 336
-rw-rw-r-- 1 travis travis  4895 Sep  3 02:09 CompiledCompositeActor_CompiledCompositeActor.class
-rw-rw-r-- 1 travis travis  1592 Sep  3 02:09 CompiledCompositeActor_CompiledCompositeActor$_CompiledCompositeActor_CompiledCompositeActor.class
-rw-rw-r-- 1 travis travis 13466 Sep  3 02:09 CompiledCompositeActor_CompiledCompositeActor.java
-rw-rw-r-- 1 travis travis  1593 Sep  3 02:09 CompiledCompositeActor_CompiledCompositeActor.mk
-rw-rw-r-- 1 travis travis  4457 Sep  3 02:09 JavaCompiledCompositeTest1_CompiledCompositeActor.class
-rw-rw-r-- 1 travis travis 11637 Sep  3 02:09 JavaCompiledCompositeTest1_CompiledCompositeActor.java
-rw-rw-r-- 1 travis travis  1198 Sep  3 02:09 JavaCompiledCompositeTest1_CompiledCompositeActor$_JavaCompiledCompositeTest1_CompiledCompositeActor.class
-rw-rw-r-- 1 travis travis  1625 Sep  3 02:09 JavaCompiledCompositeTest1_CompiledCompositeActor.mk
-rw-rw-r-- 1 travis travis  4888 Sep  3 02:09 JavaCompiledCompositeTest2_CompiledCompositeActor.class
-rw-rw-r-- 1 travis travis 14919 Sep  3 02:09 JavaCompiledCompositeTest2_CompiledCompositeActor.java
-rw-rw-r-- 1 travis travis  1793 Sep  3 02:09 JavaCompiledCompositeTest2_CompiledCompositeActor$_JavaCompiledCompositeTest2_CompiledCompositeActor.class
-rw-rw-r-- 1 travis travis  1625 Sep  3 02:09 JavaCompiledCompositeTest2_CompiledCompositeActor.mk
-rw-rw-r-- 1 travis travis  4505 Sep  3 02:09 JavaCompiledCompositeTest3_CompiledCompositeActor.class
-rw-rw-r-- 1 travis travis 13080 Sep  3 02:09 JavaCompiledCompositeTest3_CompiledCompositeActor.java
-rw-rw-r-- 1 travis travis  1378 Sep  3 02:09 JavaCompiledCompositeTest3_CompiledCompositeActor$_JavaCompiledCompositeTest3_CompiledCompositeActor.class
-rw-rw-r-- 1 travis travis  1625 Sep  3 02:09 JavaCompiledCompositeTest3_CompiledCompositeActor.mk
-rw-rw-r-- 1 travis travis  3953 Sep  3 02:09 JavaCompiledCompositeTest4_CompiledCompositeActor.class
-rw-rw-r-- 1 travis travis  9687 Sep  3 02:09 JavaCompiledCompositeTest4_CompiledCompositeActor.java
-rw-rw-r-- 1 travis travis   857 Sep  3 02:09 JavaCompiledCompositeTest4_CompiledCompositeActor$_JavaCompiledCompositeTest4_CompiledCompositeActor.class
-rw-rw-r-- 1 travis travis  1625 Sep  3 02:09 JavaCompiledCompositeTest4_CompiledCompositeActor.mk
-rw-rw-r-- 1 travis travis  3693 Sep  3 02:09 ModularCG_A1_B1.class
-rw-rw-r-- 1 travis travis  9730 Sep  3 02:09 ModularCG_A1_B1.java
-rw-rw-r-- 1 travis travis   832 Sep  3 02:09 ModularCG_A1_B1.mk
-rw-rw-r-- 1 travis travis  1318 Sep  3 02:09 ModularCG_A1_B1_profile.class
-rw-rw-r-- 1 travis travis  1262 Sep  3 02:09 ModularCG_A1_B1_profile.java
-rw-rw-r-- 1 travis travis  3693 Sep  3 02:09 ModularCG_A1_B2.class
-rw-rw-r-- 1 travis travis  9730 Sep  3 02:09 ModularCG_A1_B2.java
-rw-rw-r-- 1 travis travis   832 Sep  3 02:09 ModularCG_A1_B2.mk
-rw-rw-r-- 1 travis travis  1318 Sep  3 02:09 ModularCG_A1_B2_profile.class
-rw-rw-r-- 1 travis travis  1262 Sep  3 02:09 ModularCG_A1_B2_profile.java
-rw-rw-r-- 1 travis travis  4799 Sep  3 02:09 ModularCG_A1.class
-rw-rw-r-- 1 travis travis 14742 Sep  3 02:09 ModularCG_A1.java
-rw-rw-r-- 1 travis travis   808 Sep  3 02:09 ModularCG_A1.mk
-rw-rw-r-- 1 travis travis  1433 Sep  3 02:09 ModularCG_A1_profile.class
-rw-rw-r-- 1 travis travis  1704 Sep  3 02:09 ModularCG_A1_profile.java
-rw-rw-r-- 1 travis travis  3827 Sep  3 02:09 ModularCG_A2_B1.class
-rw-rw-r-- 1 travis travis 10667 Sep  3 02:09 ModularCG_A2_B1.java
-rw-rw-r-- 1 travis travis   832 Sep  3 02:09 ModularCG_A2_B1.mk
-rw-rw-r-- 1 travis travis  1381 Sep  3 02:09 ModularCG_A2_B1_profile.class
-rw-rw-r-- 1 travis travis  1446 Sep  3 02:09 ModularCG_A2_B1_profile.java
-rw-rw-r-- 1 travis travis  1262 Sep  3 02:09 ModularCG_A2_B2_profile.java
-rw-rw-r-- 1 travis travis  3492 Sep  3 02:08 ModularCodeGenTest_A1_A2.class
-rw-rw-r-- 1 travis travis  9164 Sep  3 02:08 ModularCodeGenTest_A1_A2.java
-rw-rw-r-- 1 travis travis   904 Sep  3 02:08 ModularCodeGenTest_A1_A2.mk
-rw-rw-r-- 1 travis travis  1306 Sep  3 02:08 ModularCodeGenTest_A1_A2_profile.class
-rw-rw-r-- 1 travis travis  1228 Sep  3 02:08 ModularCodeGenTest_A1_A2_profile.java
-rw-rw-r-- 1 travis travis  3823 Sep  3 02:09 ModularCodeGenTest_A1.class
-rw-rw-r-- 1 travis travis  9968 Sep  3 02:09 ModularCodeGenTest_A1.java
-rw-rw-r-- 1 travis travis   880 Sep  3 02:09 ModularCodeGenTest_A1.mk
-rw-rw-r-- 1 travis travis  1352 Sep  3 02:09 ModularCodeGenTest_A1_profile.class
-rw-rw-r-- 1 travis travis  1394 Sep  3 02:08 ModularCodeGenTest_A1_profile.java
-rw-rw-r-- 1 travis travis   432 Sep  3 02:09 Token.class
-rw-rw-r-- 1 travis travis   251 Sep  3 02:09 Token.java
In "/home/travis/cg", about to execute:
    javac -classpath
.:/home/travis/build/icyphy/ptII:/home/travis/build/icyphy/ptII/lib/bsh-2.0b4.j
ar:/home/travis/build/icyphy/ptII/lib/ptCal.jar:/home/travis/build/icyphy/ptII/
lib/java_cup.jar:/home/travis/build/icyphy/ptII/lib/saxon8.jar:/home/travis/bui
ld/icyphy/ptII/lib/saxon8-dom.jar:/home/travis/build/icyphy/ptII/lib/chic.jar:/
home/travis/build/icyphy/ptII/lib/ptcolt.jar:/usr/lib/jvm/java-8-oracle/lib/too
ls.jar:/usr/lib/eclipse/plugins/org.eclipse.jdt.core_3.8.2.dist.jar:/usr/lib/ec
lipse/plugins/org.eclipse.core.runtime_3.8.0.dist.jar:/usr/lib/eclipse/plugins/
org.eclipse.osgi_3.8.1.dist.jar:/usr/lib/eclipse/plugins/org.eclipse.core.resou
rces_3.8.1.dist.jar:/usr/lib/eclipse/plugins/org.eclipse.equinox.common_3.6.100
.dist.jar:/usr/lib/eclipse/plugins/org.eclipse.core.jobs_3.5.200.dist.jar:/usr/
lib/eclipse/plugins/org.eclipse.core.contenttype_3.4.200.dist.jar:/usr/lib/ecli
pse/plugins/org.eclipse.equinox.preferences_3.5.0.dist.jar:/usr/lib/eclipse/plu
gins/org.eclipse.text_3.5.200.dist.jar:/usr/lib/eclipse/plugins/org.eclipse.ui.
workbench_3.8.1.dist.jar:/usr/lib/eclipse/plugins/org.eclipse.jface_3.8.0.dist.
jar:/usr/lib/eclipse/plugins/org.eclipse.swt_3.8.2.jar:/usr/lib/eclipse/plugins
/org.eclipse.jface.text_3.8.1.dist.jar:/usr/lib/eclipse/plugins/org.eclipse.ui.
workbench.texteditor_3.8.0.dist.jar:/usr/lib/eclipse/plugins/org.eclipse.ui.edi
tors_3.8.0.dist.jar:/usr/lib/eclipse/plugins/org.eclipse.core.commands_3.6.1.di
st.jar:/usr/lib/eclipse/plugins/org.eclipse.equinox.registry_3.5.200.dist.jar:/
usr/lib/eclipse/plugins/org.eclipse.ui.console_3.5.100.dist.jar:/usr/lib/eclips
e/plugins/org.eclipse.ui.forms_3.5.200.dist.jar:/usr/lib/eclipse/plugins/org.ec
lipse.ui.ide_3.8.1.dist.jar:/home/travis/build/icyphy/ptII/vendors/oracle/dbxml
.jar:/home/travis/build/icyphy/ptII/vendors/oracle/db.jar:/home/travis/build/ic
yphy/ptII/vendors/misc/itext/iText.jar:/home/travis/build/icyphy/ptII/lib/g4ltl
.jar:/home/travis/build/icyphy/ptII/lib/StructuralCoder.jar:/home/travis/build/
icyphy/ptII/lib/org-openide-util.jar:/home/travis/build/icyphy/ptII/lib/org-ope
nide-util-lookup.jar:/home/travis/build/icyphy/ptII/lib/org-netbeans-api-visual
.jar:/home/travis/build/icyphy/ptII/vendors/jai-1_1_2_01/lib/jai_core.jar:/home
/travis/build/icyphy/ptII/vendors/jai-1_1_2_01/lib/jai_codec.jar:/home/travis/b
uild/icyphy/ptII/lib/jcerti.jar:/home/travis/build/icyphy/ptII/lib/smack.jar:/h
ome/travis/build/icyphy/ptII/lib/smackx.jar:/home/travis/build/icyphy/ptII/lib/
jetty-all-8.1.5-v20120716.jar:/home/travis/build/icyphy/ptII/lib/javax.servlet-
api-3.0.1.jar:/home/travis/build/icyphy/ptII/lib/javax.mail.jar:/home/travis/bu
ild/icyphy/ptII/vendors/JMF-2.1.1e/lib/jmf.jar:/home/travis/build/icyphy/ptII/l
ib/jna-4.0.0-variadic.jar:/home/travis/build/icyphy/ptII/vendors/misc/joystick/
Joystick.jar:/home/travis/build/icyphy/ptII/lib/ptjacl.jar:/home/travis/build/i
cyphy/ptII/lib/jsoup-1.8.2.jar:/home/travis/build/icyphy/ptII/lib/junit-4.8.2.j
ar:/home/travis/build/icyphy/ptII/lib/JUnitParams-0.4.0.jar:/home/travis/build/
icyphy/ptII/ptolemy/actor/lib/excel/jxl.jar:/home/travis/build/icyphy/ptII/lib/
jython.jar:/home/travis/build/icyphy/ptII/lib/kieler.jar:/home/travis/build/icy
phy/ptII/vendors/opencv/share/OpenCV/java/opencv-341.jar:/home/travis/build/icy
phy/ptII/lib/oscP5.jar:/home/travis/build/icyphy/ptII/lib/nrjavaserial-3.11.0.d
evel.jar:/home/travis/build/icyphy/ptII/vendors/j3d/lib/j3dcore.jar:/home/travi
s/build/icyphy/ptII/vendors/j3d/lib/j3dutils.jar:/home/travis/build/icyphy/ptII
/vendors/j3d/lib/vecmath.jar:/home/travis/build/icyphy/ptII/ptolemy/distributed
/jini/jar/jini-core.jar:/home/travis/build/icyphy/ptII/ptolemy/distributed/jini
/jar/jini-ext.jar:/home/travis/build/icyphy/ptII/ptolemy/distributed/jini/jar/s
un-util.jar:/home/travis/build/icyphy/ptII/lib/protobuf-java-2.4.1.jar:/home/tr
avis/build/icyphy/ptII/lib/org.eclipse.paho.client.mqttv3.jar:/home/travis/buil
d/icyphy/ptII/ptserver/lib/hessian-4.0.7.jar:/home/travis/build/icyphy/ptII/pts
erver/lib/wmqtt.jar:/home/travis/build/icyphy/ptII/lib/mapss.jar:/home/travis/b
uild/icyphy/ptII/ptolemy/actor/ptalon/antlr/antlr.jar:/home/travis/build/icyphy
/ptII/lib/JRI.jar:/home/travis/build/icyphy/ptII/lib/commons-lang-2.6.jar:/home
/travis/build/icyphy/ptII/lib/commons-logging-1.1.1.jar:/home/travis/build/icyp
hy/ptII/lib/sootclasses.jar:/home/travis/build/icyphy/ptII/ptolemy/actor/lib/da
tabase/mysql-connector-java-5.1.6-bin.jar:/home/travis/build/icyphy/ptII/vendor
s/misc/sphinx4/sphinx4-data-5prealpha.jar:/home/travis/build/icyphy/ptII/vendor
s/misc/sphinx4/sphinx4-core-5prealpha.jar:/home/travis/build/icyphy/ptII/lib/PD
FRenderer.jar:/home/travis/build/icyphy/ptII/lib/svgSalamander.jar:/home/travis
/build/icyphy/ptII/lib/rsyntaxtextarea-2.6.0-SNAPSHOT.jar:/home/travis/build/ic
yphy/ptII/lib/hazelcast-3.8.2.jar:/home/travis/build/icyphy/ptII/lib/jackson-an
notations-2.9.0.jar:/home/travis/build/icyphy/ptII/lib/jackson-core-2.9.3.jar:/
home/travis/build/icyphy/ptII/lib/jackson-databind-2.9.3.jar:/home/travis/build
/icyphy/ptII/lib/netty-buffer-4.1.19.Final.jar:/home/travis/build/icyphy/ptII/l
ib/netty-codec-4.1.19.Final.jar:/home/travis/build/icyphy/ptII/lib/netty-codec-
dns-4.1.19.Final.jar:/home/travis/build/icyphy/ptII/lib/netty-codec-http-4.1.19
.Final.jar:/home/travis/build/icyphy/ptII/lib/netty-codec-http2-4.1.19.Final.ja
r:/home/travis/build/icyphy/ptII/lib/netty-common-4.1.19.Final.jar:/home/travis
/build/icyphy/ptII/lib/netty-handler-4.1.19.Final.jar:/home/travis/build/icyphy
/ptII/lib/netty-resolver-4.1.19.Final.jar:/home/travis/build/icyphy/ptII/lib/ne
tty-resolver-dns-4.1.19.Final.jar:/home/travis/build/icyphy/ptII/lib/netty-tran
sport-4.1.19.Final.jar:/home/travis/build/icyphy/ptII/lib/vertx-codegen-3.5.1.j
ar:/home/travis/build/icyphy/ptII/lib/vertx-core-3.5.2-SNAPSHOT.jar:/home/travi
s/build/icyphy/ptII/lib/vertx-hazelcast-3.5.1.jar:/home/travis/build/icyphy/ptI
I/lib/vertx-lang-js-3.5.1.jar:/home/travis/build/icyphy/ptII/lib/vertx-service-
proxy-3.5.1.jar:/home/travis/build/icyphy/ptII/lib/vertx-web-3.5.1.jar:/home/tr
avis/build/icyphy/ptII/lib/slf4j-api-1.7.13.jar:/home/travis/build/icyphy/ptII/
lib/slf4j-simple-1.7.13.jar:/home/travis/build/icyphy/ptII/lib/webcam-capture-0
.3.12.jar:/home/travis/build/icyphy/ptII/lib/bridj-0.7.0.jar:/home/travis/build
/icyphy/ptII/lib/xbjlib-1.1.0.nrjavaserial.jar:/home/travis/build/icyphy/ptII/p
tolemy/moml/test:/home/travis/build/icyphy/ptII/ant/lib/ant-launcher.jar:/home/
travis/build/icyphy/ptII/ant/lib/ant.jar:/home/travis/build/icyphy/ptII/ant/lib
/ant-junit.jar:/home/travis/build/icyphy/ptII/ant/lib/ant-junit4.jar:/home/trav
is/build/icyphy/ptII ModularCG_A2_B2_profile.java
warning: Supported source version 'RELEASE_6' from annotation processor 'org.netbeans.modules.openide.util.NbBundleProcessor' less than -source '1.8'
warning: Supported source version 'RELEASE_6' from annotation processor 'org.netbeans.modules.openide.util.URLStreamHandlerRegistrationProcessor' less than -source '1.8'
warning: Supported source version 'RELEASE_6' from annotation processor 'org.netbeans.modules.openide.util.ServiceProviderProcessor' less than -source '1.8'
3 warnings
All Done
Writing ModularCG_A2_B2.java in file:/home/travis/cg/ (9730 characters)
Reading "ptolemy/cg/kernel/generic/program/procedural/java/modular/makefile.in",
    writing "/home/travis/cg/ModularCG_A2_B2.mk"
Using ptolemy/cg/kernel/generic/program/procedural/java/modular/makefile.in
In "/home/travis/cg", about to execute:
    make -f ModularCG_A2_B2.mk
javac -classpath ".:.."    ModularCG_A2_B2.java
All Done
In "/home/travis/cg", about to execute:
    pwd
/home/travis/cg
In "/home/travis/cg", about to execute:
    ls -l
In "/home/travis/cg", about to execute:
    javac -classpath
.:/home/travis/build/icyphy/ptII:/home/travis/build/icyphy/ptII/lib/bsh-2.0b4.j
ar:/home/travis/build/icyphy/ptII/lib/ptCal.jar:/home/travis/build/icyphy/ptII/
lib/java_cup.jar:/home/travis/build/icyphy/ptII/lib/saxon8.jar:/home/travis/bui
ld/icyphy/ptII/lib/saxon8-dom.jar:/home/travis/build/icyphy/ptII/lib/chic.jar:/
home/travis/build/icyphy/ptII/lib/ptcolt.jar:/usr/lib/jvm/java-8-oracle/lib/too
ls.jar:/usr/lib/eclipse/plugins/org.eclipse.jdt.core_3.8.2.dist.jar:/usr/lib/ec
lipse/plugins/org.eclipse.core.runtime_3.8.0.dist.jar:/usr/lib/eclipse/plugins/
org.eclipse.osgi_3.8.1.dist.jar:/usr/lib/eclipse/plugins/org.eclipse.core.resou
rces_3.8.1.dist.jar:/usr/lib/eclipse/plugins/org.eclipse.equinox.common_3.6.100
.dist.jar:/usr/lib/eclipse/plugins/org.eclipse.core.jobs_3.5.200.dist.jar:/usr/
lib/eclipse/plugins/org.eclipse.core.contenttype_3.4.200.dist.jar:/usr/lib/ecli
pse/plugins/org.eclipse.equinox.preferences_3.5.0.dist.jar:/usr/lib/eclipse/plu
gins/org.eclipse.text_3.5.200.dist.jar:/usr/lib/eclipse/plugins/org.eclipse.ui.
workbench_3.8.1.dist.jar:/usr/lib/eclipse/plugins/org.eclipse.jface_3.8.0.dist.
jar:/usr/lib/eclipse/plugins/org.eclipse.swt_3.8.2.jar:/usr/lib/eclipse/plugins
/org.eclipse.jface.text_3.8.1.dist.jar:/usr/lib/eclipse/plugins/org.eclipse.ui.
workbench.texteditor_3.8.0.dist.jar:/usr/lib/eclipse/plugins/org.eclipse.ui.edi
tors_3.8.0.dist.jar:/usr/lib/eclipse/plugins/org.eclipse.core.commands_3.6.1.di
st.jar:/usr/lib/eclipse/plugins/org.eclipse.equinox.registry_3.5.200.dist.jar:/
usr/lib/eclipse/plugins/org.eclipse.ui.console_3.5.100.dist.jar:/usr/lib/eclips
e/plugins/org.eclipse.ui.forms_3.5.200.dist.jar:/usr/lib/eclipse/plugins/org.ec
lipse.ui.ide_3.8.1.dist.jar:/home/travis/build/icyphy/ptII/vendors/oracle/dbxml
.jar:/home/travis/build/icyphy/ptII/vendors/oracle/db.jar:/home/travis/build/ic
yphy/ptII/vendors/misc/itext/iText.jar:/home/travis/build/icyphy/ptII/lib/g4ltl
.jar:/home/travis/build/icyphy/ptII/lib/StructuralCoder.jar:/home/travis/build/
icyphy/ptII/lib/org-openide-util.jar:/home/travis/build/icyphy/ptII/lib/org-ope
nide-util-lookup.jar:/home/travis/build/icyphy/ptII/lib/org-netbeans-api-visual
.jar:/home/travis/build/icyphy/ptII/vendors/jai-1_1_2_01/lib/jai_core.jar:/home
/travis/build/icyphy/ptII/vendors/jai-1_1_2_01/lib/jai_codec.jar:/home/travis/b
uild/icyphy/ptII/lib/jcerti.jar:/home/travis/build/icyphy/ptII/lib/smack.jar:/h
ome/travis/build/icyphy/ptII/lib/smackx.jar:/home/travis/build/icyphy/ptII/lib/
jetty-all-8.1.5-v20120716.jar:/home/travis/build/icyphy/ptII/lib/javax.servlet-
api-3.0.1.jar:/home/travis/build/icyphy/ptII/lib/javax.mail.jar:/home/travis/bu
ild/icyphy/ptII/vendors/JMF-2.1.1e/lib/jmf.jar:/home/travis/build/icyphy/ptII/l
ib/jna-4.0.0-variadic.jar:/home/travis/build/icyphy/ptII/vendors/misc/joystick/
Joystick.jar:/home/travis/build/icyphy/ptII/lib/ptjacl.jar:/home/travis/build/i
cyphy/ptII/lib/jsoup-1.8.2.jar:/home/travis/build/icyphy/ptII/lib/junit-4.8.2.j
ar:/home/travis/build/icyphy/ptII/lib/JUnitParams-0.4.0.jar:/home/travis/build/
icyphy/ptII/ptolemy/actor/lib/excel/jxl.jar:/home/travis/build/icyphy/ptII/lib/
jython.jar:/home/travis/build/icyphy/ptII/lib/kieler.jar:/home/travis/build/icy
phy/ptII/vendors/opencv/share/OpenCV/java/opencv-341.jar:/home/travis/build/icy
phy/ptII/lib/oscP5.jar:/home/travis/build/icyphy/ptII/lib/nrjavaserial-3.11.0.d
evel.jar:/home/travis/build/icyphy/ptII/vendors/j3d/lib/j3dcore.jar:/home/travi
s/build/icyphy/ptII/vendors/j3d/lib/j3dutils.jar:/home/travis/build/icyphy/ptII
/vendors/j3d/lib/vecmath.jar:/home/travis/build/icyphy/ptII/ptolemy/distributed
/jini/jar/jini-core.jar:/home/travis/build/icyphy/ptII/ptolemy/distributed/jini
/jar/jini-ext.jar:/home/travis/build/icyphy/ptII/ptolemy/distributed/jini/jar/s
un-util.jar:/home/travis/build/icyphy/ptII/lib/protobuf-java-2.4.1.jar:/home/tr
avis/build/icyphy/ptII/lib/org.eclipse.paho.client.mqttv3.jar:/home/travis/buil
d/icyphy/ptII/ptserver/lib/hessian-4.0.7.jar:/home/travis/build/icyphy/ptII/pts
erver/lib/wmqtt.jar:/home/travis/build/icyphy/ptII/lib/mapss.jar:/home/travis/b
uild/icyphy/ptII/ptolemy/actor/ptalon/antlr/antlr.jar:/home/travis/build/icyphy
/ptII/lib/JRI.jar:/home/travis/build/icyphy/ptII/lib/commons-lang-2.6.jar:/home
/travis/build/icyphy/ptII/lib/commons-logging-1.1.1.jar:/home/travis/build/icyp
hy/ptII/lib/sootclasses.jar:/home/travis/build/icyphy/ptII/ptolemy/actor/lib/da
tabase/mysql-connector-java-5.1.6-bin.jar:/home/travis/build/icyphy/ptII/vendor
s/misc/sphinx4/sphinx4-data-5prealpha.jar:/home/travis/build/icyphy/ptII/vendor
s/misc/sphinx4/sphinx4-core-5prealpha.jar:/home/travis/build/icyphy/ptII/lib/PD
FRenderer.jar:/home/travis/build/icyphy/ptII/lib/svgSalamander.jar:/home/travis
/build/icyphy/ptII/lib/rsyntaxtextarea-2.6.0-SNAPSHOT.jar:/home/travis/build/ic
yphy/ptII/lib/hazelcast-3.8.2.jar:/home/travis/build/icyphy/ptII/lib/jackson-an
notations-2.9.0.jar:/home/travis/build/icyphy/ptII/lib/jackson-core-2.9.3.jar:/
home/travis/build/icyphy/ptII/lib/jackson-databind-2.9.3.jar:/home/travis/build
/icyphy/ptII/lib/netty-buffer-4.1.19.Final.jar:/home/travis/build/icyphy/ptII/l
ib/netty-codec-4.1.19.Final.jar:/home/travis/build/icyphy/ptII/lib/netty-codec-
dns-4.1.19.Final.jar:/home/travis/build/icyphy/ptII/lib/netty-codec-http-4.1.19
.Final.jar:/home/travis/build/icyphy/ptII/lib/netty-codec-http2-4.1.19.Final.ja
r:/home/travis/build/icyphy/ptII/lib/netty-common-4.1.19.Final.jar:/home/travis
/build/icyphy/ptII/lib/netty-handler-4.1.19.Final.jar:/home/travis/build/icyphy
/ptII/lib/netty-resolver-4.1.19.Final.jar:/home/travis/build/icyphy/ptII/lib/ne
tty-resolver-dns-4.1.19.Final.jar:/home/travis/build/icyphy/ptII/lib/netty-tran
sport-4.1.19.Final.jar:/home/travis/build/icyphy/ptII/lib/vertx-codegen-3.5.1.j
ar:/home/travis/build/icyphy/ptII/lib/vertx-core-3.5.2-SNAPSHOT.jar:/home/travi
s/build/icyphy/ptII/lib/vertx-hazelcast-3.5.1.jar:/home/travis/build/icyphy/ptI
I/lib/vertx-lang-js-3.5.1.jar:/home/travis/build/icyphy/ptII/lib/vertx-service-
proxy-3.5.1.jar:/home/travis/build/icyphy/ptII/lib/vertx-web-3.5.1.jar:/home/tr
avis/build/icyphy/ptII/lib/slf4j-api-1.7.13.jar:/home/travis/build/icyphy/ptII/
lib/slf4j-simple-1.7.13.jar:/home/travis/build/icyphy/ptII/lib/webcam-capture-0
.3.12.jar:/home/travis/build/icyphy/ptII/lib/bridj-0.7.0.jar:/home/travis/build
/icyphy/ptII/lib/xbjlib-1.1.0.nrjavaserial.jar:/home/travis/build/icyphy/ptII/p
tolemy/moml/test:/home/travis/build/icyphy/ptII/ant/lib/ant-launcher.jar:/home/
travis/build/icyphy/ptII/ant/lib/ant.jar:/home/travis/build/icyphy/ptII/ant/lib
/ant-junit.jar:/home/travis/build/icyphy/ptII/ant/lib/ant-junit4.jar:/home/trav
is/build/icyphy/ptII ModularCG_A2_profile.java
total 364
-rw-rw-r-- 1 travis travis  4895 Sep  3 02:09 CompiledCompositeActor_CompiledCompositeActor.class
-rw-rw-r-- 1 travis travis  1592 Sep  3 02:09 CompiledCompositeActor_CompiledCompositeActor$_CompiledCompositeActor_CompiledCompositeActor.class
-rw-rw-r-- 1 travis travis 13466 Sep  3 02:09 CompiledCompositeActor_CompiledCompositeActor.java
-rw-rw-r-- 1 travis travis  1593 Sep  3 02:09 CompiledCompositeActor_CompiledCompositeActor.mk
-rw-rw-r-- 1 travis travis  4457 Sep  3 02:09 JavaCompiledCompositeTest1_CompiledCompositeActor.class
-rw-rw-r-- 1 travis travis 11637 Sep  3 02:09 JavaCompiledCompositeTest1_CompiledCompositeActor.java
-rw-rw-r-- 1 travis travis  1198 Sep  3 02:09 JavaCompiledCompositeTest1_CompiledCompositeActor$_JavaCompiledCompositeTest1_CompiledCompositeActor.class
-rw-rw-r-- 1 travis travis  1625 Sep  3 02:09 JavaCompiledCompositeTest1_CompiledCompositeActor.mk
-rw-rw-r-- 1 travis travis  4888 Sep  3 02:09 JavaCompiledCompositeTest2_CompiledCompositeActor.class
-rw-rw-r-- 1 travis travis 14919 Sep  3 02:09 JavaCompiledCompositeTest2_CompiledCompositeActor.java
-rw-rw-r-- 1 travis travis  1793 Sep  3 02:09 JavaCompiledCompositeTest2_CompiledCompositeActor$_JavaCompiledCompositeTest2_CompiledCompositeActor.class
-rw-rw-r-- 1 travis travis  1625 Sep  3 02:09 JavaCompiledCompositeTest2_CompiledCompositeActor.mk
-rw-rw-r-- 1 travis travis  4505 Sep  3 02:09 JavaCompiledCompositeTest3_CompiledCompositeActor.class
-rw-rw-r-- 1 travis travis 13080 Sep  3 02:09 JavaCompiledCompositeTest3_CompiledCompositeActor.java
-rw-rw-r-- 1 travis travis  1378 Sep  3 02:09 JavaCompiledCompositeTest3_CompiledCompositeActor$_JavaCompiledCompositeTest3_CompiledCompositeActor.class
-rw-rw-r-- 1 travis travis  1625 Sep  3 02:09 JavaCompiledCompositeTest3_CompiledCompositeActor.mk
-rw-rw-r-- 1 travis travis  3953 Sep  3 02:09 JavaCompiledCompositeTest4_CompiledCompositeActor.class
-rw-rw-r-- 1 travis travis  9687 Sep  3 02:09 JavaCompiledCompositeTest4_CompiledCompositeActor.java
-rw-rw-r-- 1 travis travis   857 Sep  3 02:09 JavaCompiledCompositeTest4_CompiledCompositeActor$_JavaCompiledCompositeTest4_CompiledCompositeActor.class
-rw-rw-r-- 1 travis travis  1625 Sep  3 02:09 JavaCompiledCompositeTest4_CompiledCompositeActor.mk
-rw-rw-r-- 1 travis travis  3693 Sep  3 02:09 ModularCG_A1_B1.class
-rw-rw-r-- 1 travis travis  9730 Sep  3 02:09 ModularCG_A1_B1.java
-rw-rw-r-- 1 travis travis   832 Sep  3 02:09 ModularCG_A1_B1.mk
-rw-rw-r-- 1 travis travis  1318 Sep  3 02:09 ModularCG_A1_B1_profile.class
-rw-rw-r-- 1 travis travis  1262 Sep  3 02:09 ModularCG_A1_B1_profile.java
-rw-rw-r-- 1 travis travis  3693 Sep  3 02:09 ModularCG_A1_B2.class
-rw-rw-r-- 1 travis travis  9730 Sep  3 02:09 ModularCG_A1_B2.java
-rw-rw-r-- 1 travis travis   832 Sep  3 02:09 ModularCG_A1_B2.mk
-rw-rw-r-- 1 travis travis  1318 Sep  3 02:09 ModularCG_A1_B2_profile.class
-rw-rw-r-- 1 travis travis  1262 Sep  3 02:09 ModularCG_A1_B2_profile.java
-rw-rw-r-- 1 travis travis  4799 Sep  3 02:09 ModularCG_A1.class
-rw-rw-r-- 1 travis travis 14742 Sep  3 02:09 ModularCG_A1.java
-rw-rw-r-- 1 travis travis   808 Sep  3 02:09 ModularCG_A1.mk
-rw-rw-r-- 1 travis travis  1433 Sep  3 02:09 ModularCG_A1_profile.class
-rw-rw-r-- 1 travis travis  1704 Sep  3 02:09 ModularCG_A1_profile.java
-rw-rw-r-- 1 travis travis  3827 Sep  3 02:09 ModularCG_A2_B1.class
-rw-rw-r-- 1 travis travis 10667 Sep  3 02:09 ModularCG_A2_B1.java
-rw-rw-r-- 1 travis travis   832 Sep  3 02:09 ModularCG_A2_B1.mk
-rw-rw-r-- 1 travis travis  1381 Sep  3 02:09 ModularCG_A2_B1_profile.class
-rw-rw-r-- 1 travis travis  1446 Sep  3 02:09 ModularCG_A2_B1_profile.java
-rw-rw-r-- 1 travis travis  3693 Sep  3 02:09 ModularCG_A2_B2.class
-rw-rw-r-- 1 travis travis  9730 Sep  3 02:09 ModularCG_A2_B2.java
-rw-rw-r-- 1 travis travis   832 Sep  3 02:09 ModularCG_A2_B2.mk
-rw-rw-r-- 1 travis travis  1318 Sep  3 02:09 ModularCG_A2_B2_profile.class
-rw-rw-r-- 1 travis travis  1262 Sep  3 02:09 ModularCG_A2_B2_profile.java
-rw-rw-r-- 1 travis travis  1704 Sep  3 02:09 ModularCG_A2_profile.java
-rw-rw-r-- 1 travis travis  3492 Sep  3 02:08 ModularCodeGenTest_A1_A2.class
-rw-rw-r-- 1 travis travis  9164 Sep  3 02:08 ModularCodeGenTest_A1_A2.java
-rw-rw-r-- 1 travis travis   904 Sep  3 02:08 ModularCodeGenTest_A1_A2.mk
-rw-rw-r-- 1 travis travis  1306 Sep  3 02:08 ModularCodeGenTest_A1_A2_profile.class
-rw-rw-r-- 1 travis travis  1228 Sep  3 02:08 ModularCodeGenTest_A1_A2_profile.java
-rw-rw-r-- 1 travis travis  3823 Sep  3 02:09 ModularCodeGenTest_A1.class
-rw-rw-r-- 1 travis travis  9968 Sep  3 02:09 ModularCodeGenTest_A1.java
-rw-rw-r-- 1 travis travis   880 Sep  3 02:09 ModularCodeGenTest_A1.mk
-rw-rw-r-- 1 travis travis  1352 Sep  3 02:09 ModularCodeGenTest_A1_profile.class
-rw-rw-r-- 1 travis travis  1394 Sep  3 02:08 ModularCodeGenTest_A1_profile.java
-rw-rw-r-- 1 travis travis   432 Sep  3 02:09 Token.class
-rw-rw-r-- 1 travis travis   251 Sep  3 02:09 Token.java
warning: Supported source version 'RELEASE_6' from annotation processor 'org.netbeans.modules.openide.util.NbBundleProcessor' less than -source '1.8'
warning: Supported source version 'RELEASE_6' from annotation processor 'org.netbeans.modules.openide.util.URLStreamHandlerRegistrationProcessor' less than -source '1.8'
warning: Supported source version 'RELEASE_6' from annotation processor 'org.netbeans.modules.openide.util.ServiceProviderProcessor' less than -source '1.8'
3 warnings
All Done
Writing ModularCG_A2.java in file:/home/travis/cg/ (15129 characters)
Reading "ptolemy/cg/kernel/generic/program/procedural/java/modular/makefile.in",
    writing "/home/travis/cg/ModularCG_A2.mk"
Using ptolemy/cg/kernel/generic/program/procedural/java/modular/makefile.in
In "/home/travis/cg", about to execute:
    make -f ModularCG_A2.mk
javac -classpath ".:.."    ModularCG_A2.java
All Done
Manager.initialize() finished: 14317 ms. Memory: 176640K Free: 113379K (64%)
14321 ms. Memory: 176640K Free: 113379K (64%)
----------------- Invoking toplevel() on ptolemy.moml.MoMLSimpleApplication@5e917aea
----------------- Done invoking toplevel() on ptolemy.moml.MoMLSimpleApplication@5e917aea
reloadAllAccessors: .ModularCG

===========================================================================================
----------------- testing Mon Sep 03 02:09:23 UTC 2018 /home/travis/build/icyphy/ptII/ptolemy/cg/lib/test/auto/ModularCGPubSub.xml
----------------- Instantiating /home/travis/build/icyphy/ptII/ptolemy/cg/lib/test/auto/ModularCGPubSub.xml
In "/home/travis/cg", about to execute:
    pwd
In "/home/travis/cg", about to execute:
    ls -l
/home/travis/cg
In "/home/travis/cg", about to execute:
    javac -classpath
.:/home/travis/build/icyphy/ptII:/home/travis/build/icyphy/ptII/lib/bsh-2.0b4.j
ar:/home/travis/build/icyphy/ptII/lib/ptCal.jar:/home/travis/build/icyphy/ptII/
lib/java_cup.jar:/home/travis/build/icyphy/ptII/lib/saxon8.jar:/home/travis/bui
ld/icyphy/ptII/lib/saxon8-dom.jar:/home/travis/build/icyphy/ptII/lib/chic.jar:/
home/travis/build/icyphy/ptII/lib/ptcolt.jar:/usr/lib/jvm/java-8-oracle/lib/too
ls.jar:/usr/lib/eclipse/plugins/org.eclipse.jdt.core_3.8.2.dist.jar:/usr/lib/ec
lipse/plugins/org.eclipse.core.runtime_3.8.0.dist.jar:/usr/lib/eclipse/plugins/
org.eclipse.osgi_3.8.1.dist.jar:/usr/lib/eclipse/plugins/org.eclipse.core.resou
rces_3.8.1.dist.jar:/usr/lib/eclipse/plugins/org.eclipse.equinox.common_3.6.100
.dist.jar:/usr/lib/eclipse/plugins/org.eclipse.core.jobs_3.5.200.dist.jar:/usr/
lib/eclipse/plugins/org.eclipse.core.contenttype_3.4.200.dist.jar:/usr/lib/ecli
pse/plugins/org.eclipse.equinox.preferences_3.5.0.dist.jar:/usr/lib/eclipse/plu
gins/org.eclipse.text_3.5.200.dist.jar:/usr/lib/eclipse/plugins/org.eclipse.ui.
workbench_3.8.1.dist.jar:/usr/lib/eclipse/plugins/org.eclipse.jface_3.8.0.dist.
jar:/usr/lib/eclipse/plugins/org.eclipse.swt_3.8.2.jar:/usr/lib/eclipse/plugins
/org.eclipse.jface.text_3.8.1.dist.jar:/usr/lib/eclipse/plugins/org.eclipse.ui.
workbench.texteditor_3.8.0.dist.jar:/usr/lib/eclipse/plugins/org.eclipse.ui.edi
tors_3.8.0.dist.jar:/usr/lib/eclipse/plugins/org.eclipse.core.commands_3.6.1.di
st.jar:/usr/lib/eclipse/plugins/org.eclipse.equinox.registry_3.5.200.dist.jar:/
usr/lib/eclipse/plugins/org.eclipse.ui.console_3.5.100.dist.jar:/usr/lib/eclips
e/plugins/org.eclipse.ui.forms_3.5.200.dist.jar:/usr/lib/eclipse/plugins/org.ec
lipse.ui.ide_3.8.1.dist.jar:/home/travis/build/icyphy/ptII/vendors/oracle/dbxml
.jar:/home/travis/build/icyphy/ptII/vendors/oracle/db.jar:/home/travis/build/ic
yphy/ptII/vendors/misc/itext/iText.jar:/home/travis/build/icyphy/ptII/lib/g4ltl
.jar:/home/travis/build/icyphy/ptII/lib/StructuralCoder.jar:/home/travis/build/
icyphy/ptII/lib/org-openide-util.jar:/home/travis/build/icyphy/ptII/lib/org-ope
nide-util-lookup.jar:/home/travis/build/icyphy/ptII/lib/org-netbeans-api-visual
.jar:/home/travis/build/icyphy/ptII/vendors/jai-1_1_2_01/lib/jai_core.jar:/home
/travis/build/icyphy/ptII/vendors/jai-1_1_2_01/lib/jai_codec.jar:/home/travis/b
uild/icyphy/ptII/lib/jcerti.jar:/home/travis/build/icyphy/ptII/lib/smack.jar:/h
ome/travis/build/icyphy/ptII/lib/smackx.jar:/home/travis/build/icyphy/ptII/lib/
jetty-all-8.1.5-v20120716.jar:/home/travis/build/icyphy/ptII/lib/javax.servlet-
api-3.0.1.jar:/home/travis/build/icyphy/ptII/lib/javax.mail.jar:/home/travis/bu
ild/icyphy/ptII/vendors/JMF-2.1.1e/lib/jmf.jar:/home/travis/build/icyphy/ptII/l
ib/jna-4.0.0-variadic.jar:/home/travis/build/icyphy/ptII/vendors/misc/joystick/
Joystick.jar:/home/travis/build/icyphy/ptII/lib/ptjacl.jar:/home/travis/build/i
cyphy/ptII/lib/jsoup-1.8.2.jar:/home/travis/build/icyphy/ptII/lib/junit-4.8.2.j
ar:/home/travis/build/icyphy/ptII/lib/JUnitParams-0.4.0.jar:/home/travis/build/
icyphy/ptII/ptolemy/actor/lib/excel/jxl.jar:/home/travis/build/icyphy/ptII/lib/
jython.jar:/home/travis/build/icyphy/ptII/lib/kieler.jar:/home/travis/build/icy
phy/ptII/vendors/opencv/share/OpenCV/java/opencv-341.jar:/home/travis/build/icy
phy/ptII/lib/oscP5.jar:/home/travis/build/icyphy/ptII/lib/nrjavaserial-3.11.0.d
evel.jar:/home/travis/build/icyphy/ptII/vendors/j3d/lib/j3dcore.jar:/home/travi
s/build/icyphy/ptII/vendors/j3d/lib/j3dutils.jar:/home/travis/build/icyphy/ptII
/vendors/j3d/lib/vecmath.jar:/home/travis/build/icyphy/ptII/ptolemy/distributed
/jini/jar/jini-core.jar:/home/travis/build/icyphy/ptII/ptolemy/distributed/jini
/jar/jini-ext.jar:/home/travis/build/icyphy/ptII/ptolemy/distributed/jini/jar/s
un-util.jar:/home/travis/build/icyphy/ptII/lib/protobuf-java-2.4.1.jar:/home/tr
avis/build/icyphy/ptII/lib/org.eclipse.paho.client.mqttv3.jar:/home/travis/buil
d/icyphy/ptII/ptserver/lib/hessian-4.0.7.jar:/home/travis/build/icyphy/ptII/pts
erver/lib/wmqtt.jar:/home/travis/build/icyphy/ptII/lib/mapss.jar:/home/travis/b
uild/icyphy/ptII/ptolemy/actor/ptalon/antlr/antlr.jar:/home/travis/build/icyphy
/ptII/lib/JRI.jar:/home/travis/build/icyphy/ptII/lib/commons-lang-2.6.jar:/home
/travis/build/icyphy/ptII/lib/commons-logging-1.1.1.jar:/home/travis/build/icyp
hy/ptII/lib/sootclasses.jar:/home/travis/build/icyphy/ptII/ptolemy/actor/lib/da
tabase/mysql-connector-java-5.1.6-bin.jar:/home/travis/build/icyphy/ptII/vendor
s/misc/sphinx4/sphinx4-data-5prealpha.jar:/home/travis/build/icyphy/ptII/vendor
s/misc/sphinx4/sphinx4-core-5prealpha.jar:/home/travis/build/icyphy/ptII/lib/PD
FRenderer.jar:/home/travis/build/icyphy/ptII/lib/svgSalamander.jar:/home/travis
/build/icyphy/ptII/lib/rsyntaxtextarea-2.6.0-SNAPSHOT.jar:/home/travis/build/ic
yphy/ptII/lib/hazelcast-3.8.2.jar:/home/travis/build/icyphy/ptII/lib/jackson-an
notations-2.9.0.jar:/home/travis/build/icyphy/ptII/lib/jackson-core-2.9.3.jar:/
home/travis/build/icyphy/ptII/lib/jackson-databind-2.9.3.jar:/home/travis/build
/icyphy/ptII/lib/netty-buffer-4.1.19.Final.jar:/home/travis/build/icyphy/ptII/l
ib/netty-codec-4.1.19.Final.jar:/home/travis/build/icyphy/ptII/lib/netty-codec-
dns-4.1.19.Final.jar:/home/travis/build/icyphy/ptII/lib/netty-codec-http-4.1.19
.Final.jar:/home/travis/build/icyphy/ptII/lib/netty-codec-http2-4.1.19.Final.ja
r:/home/travis/build/icyphy/ptII/lib/netty-common-4.1.19.Final.jar:/home/travis
/build/icyphy/ptII/lib/netty-handler-4.1.19.Final.jar:/home/travis/build/icyphy
/ptII/lib/netty-resolver-4.1.19.Final.jar:/home/travis/build/icyphy/ptII/lib/ne
tty-resolver-dns-4.1.19.Final.jar:/home/travis/build/icyphy/ptII/lib/netty-tran
sport-4.1.19.Final.jar:/home/travis/build/icyphy/ptII/lib/vertx-codegen-3.5.1.j
ar:/home/travis/build/icyphy/ptII/lib/vertx-core-3.5.2-SNAPSHOT.jar:/home/travi
s/build/icyphy/ptII/lib/vertx-hazelcast-3.5.1.jar:/home/travis/build/icyphy/ptI
I/lib/vertx-lang-js-3.5.1.jar:/home/travis/build/icyphy/ptII/lib/vertx-service-
proxy-3.5.1.jar:/home/travis/build/icyphy/ptII/lib/vertx-web-3.5.1.jar:/home/tr
avis/build/icyphy/ptII/lib/slf4j-api-1.7.13.jar:/home/travis/build/icyphy/ptII/
lib/slf4j-simple-1.7.13.jar:/home/travis/build/icyphy/ptII/lib/webcam-capture-0
.3.12.jar:/home/travis/build/icyphy/ptII/lib/bridj-0.7.0.jar:/home/travis/build
/icyphy/ptII/lib/xbjlib-1.1.0.nrjavaserial.jar:/home/travis/build/icyphy/ptII/p
tolemy/moml/test:/home/travis/build/icyphy/ptII/ant/lib/ant-launcher.jar:/home/
travis/build/icyphy/ptII/ant/lib/ant.jar:/home/travis/build/icyphy/ptII/ant/lib
/ant-junit.jar:/home/travis/build/icyphy/ptII/ant/lib/ant-junit4.jar:/home/trav
is/build/icyphy/ptII ModularCGPubSub_A1_A2_profile.java
total 400
-rw-rw-r-- 1 travis travis  4895 Sep  3 02:09 CompiledCompositeActor_CompiledCompositeActor.class
-rw-rw-r-- 1 travis travis  1592 Sep  3 02:09 CompiledCompositeActor_CompiledCompositeActor$_CompiledCompositeActor_CompiledCompositeActor.class
-rw-rw-r-- 1 travis travis 13466 Sep  3 02:09 CompiledCompositeActor_CompiledCompositeActor.java
-rw-rw-r-- 1 travis travis  1593 Sep  3 02:09 CompiledCompositeActor_CompiledCompositeActor.mk
-rw-rw-r-- 1 travis travis  4457 Sep  3 02:09 JavaCompiledCompositeTest1_CompiledCompositeActor.class
-rw-rw-r-- 1 travis travis 11637 Sep  3 02:09 JavaCompiledCompositeTest1_CompiledCompositeActor.java
-rw-rw-r-- 1 travis travis  1198 Sep  3 02:09 JavaCompiledCompositeTest1_CompiledCompositeActor$_JavaCompiledCompositeTest1_CompiledCompositeActor.class
-rw-rw-r-- 1 travis travis  1625 Sep  3 02:09 JavaCompiledCompositeTest1_CompiledCompositeActor.mk
-rw-rw-r-- 1 travis travis  4888 Sep  3 02:09 JavaCompiledCompositeTest2_CompiledCompositeActor.class
-rw-rw-r-- 1 travis travis 14919 Sep  3 02:09 JavaCompiledCompositeTest2_CompiledCompositeActor.java
-rw-rw-r-- 1 travis travis  1793 Sep  3 02:09 JavaCompiledCompositeTest2_CompiledCompositeActor$_JavaCompiledCompositeTest2_CompiledCompositeActor.class
-rw-rw-r-- 1 travis travis  1625 Sep  3 02:09 JavaCompiledCompositeTest2_CompiledCompositeActor.mk
-rw-rw-r-- 1 travis travis  4505 Sep  3 02:09 JavaCompiledCompositeTest3_CompiledCompositeActor.class
-rw-rw-r-- 1 travis travis 13080 Sep  3 02:09 JavaCompiledCompositeTest3_CompiledCompositeActor.java
-rw-rw-r-- 1 travis travis  1378 Sep  3 02:09 JavaCompiledCompositeTest3_CompiledCompositeActor$_JavaCompiledCompositeTest3_CompiledCompositeActor.class
-rw-rw-r-- 1 travis travis  1625 Sep  3 02:09 JavaCompiledCompositeTest3_CompiledCompositeActor.mk
-rw-rw-r-- 1 travis travis  3953 Sep  3 02:09 JavaCompiledCompositeTest4_CompiledCompositeActor.class
-rw-rw-r-- 1 travis travis  9687 Sep  3 02:09 JavaCompiledCompositeTest4_CompiledCompositeActor.java
-rw-rw-r-- 1 travis travis   857 Sep  3 02:09 JavaCompiledCompositeTest4_CompiledCompositeActor$_JavaCompiledCompositeTest4_CompiledCompositeActor.class
-rw-rw-r-- 1 travis travis  1625 Sep  3 02:09 JavaCompiledCompositeTest4_CompiledCompositeActor.mk
-rw-rw-r-- 1 travis travis  3693 Sep  3 02:09 ModularCG_A1_B1.class
-rw-rw-r-- 1 travis travis  9730 Sep  3 02:09 ModularCG_A1_B1.java
-rw-rw-r-- 1 travis travis   832 Sep  3 02:09 ModularCG_A1_B1.mk
-rw-rw-r-- 1 travis travis  1318 Sep  3 02:09 ModularCG_A1_B1_profile.class
-rw-rw-r-- 1 travis travis  1262 Sep  3 02:09 ModularCG_A1_B1_profile.java
-rw-rw-r-- 1 travis travis  3693 Sep  3 02:09 ModularCG_A1_B2.class
-rw-rw-r-- 1 travis travis  9730 Sep  3 02:09 ModularCG_A1_B2.java
-rw-rw-r-- 1 travis travis   832 Sep  3 02:09 ModularCG_A1_B2.mk
-rw-rw-r-- 1 travis travis  1318 Sep  3 02:09 ModularCG_A1_B2_profile.class
-rw-rw-r-- 1 travis travis  1262 Sep  3 02:09 ModularCG_A1_B2_profile.java
-rw-rw-r-- 1 travis travis  4799 Sep  3 02:09 ModularCG_A1.class
-rw-rw-r-- 1 travis travis 14742 Sep  3 02:09 ModularCG_A1.java
-rw-rw-r-- 1 travis travis   808 Sep  3 02:09 ModularCG_A1.mk
-rw-rw-r-- 1 travis travis  1433 Sep  3 02:09 ModularCG_A1_profile.class
-rw-rw-r-- 1 travis travis  1704 Sep  3 02:09 ModularCG_A1_profile.java
-rw-rw-r-- 1 travis travis  3827 Sep  3 02:09 ModularCG_A2_B1.class
-rw-rw-r-- 1 travis travis 10667 Sep  3 02:09 ModularCG_A2_B1.java
-rw-rw-r-- 1 travis travis   832 Sep  3 02:09 ModularCG_A2_B1.mk
-rw-rw-r-- 1 travis travis  1381 Sep  3 02:09 ModularCG_A2_B1_profile.class
-rw-rw-r-- 1 travis travis  1446 Sep  3 02:09 ModularCG_A2_B1_profile.java
-rw-rw-r-- 1 travis travis  3693 Sep  3 02:09 ModularCG_A2_B2.class
-rw-rw-r-- 1 travis travis  9730 Sep  3 02:09 ModularCG_A2_B2.java
-rw-rw-r-- 1 travis travis   832 Sep  3 02:09 ModularCG_A2_B2.mk
-rw-rw-r-- 1 travis travis  1318 Sep  3 02:09 ModularCG_A2_B2_profile.class
-rw-rw-r-- 1 travis travis  1262 Sep  3 02:09 ModularCG_A2_B2_profile.java
-rw-rw-r-- 1 travis travis  4870 Sep  3 02:09 ModularCG_A2.class
-rw-rw-r-- 1 travis travis 15129 Sep  3 02:09 ModularCG_A2.java
-rw-rw-r-- 1 travis travis   808 Sep  3 02:09 ModularCG_A2.mk
-rw-rw-r-- 1 travis travis  1433 Sep  3 02:09 ModularCG_A2_profile.class
-rw-rw-r-- 1 travis travis  1704 Sep  3 02:09 ModularCG_A2_profile.java
-rw-rw-r-- 1 travis travis  1222 Sep  3 02:09 ModularCGPubSub_A1_A2_profile.java
-rw-rw-r-- 1 travis travis  3492 Sep  3 02:08 ModularCodeGenTest_A1_A2.class
-rw-rw-r-- 1 travis travis  9164 Sep  3 02:08 ModularCodeGenTest_A1_A2.java
-rw-rw-r-- 1 travis travis   904 Sep  3 02:08 ModularCodeGenTest_A1_A2.mk
-rw-rw-r-- 1 travis travis  1306 Sep  3 02:08 ModularCodeGenTest_A1_A2_profile.class
-rw-rw-r-- 1 travis travis  1228 Sep  3 02:08 ModularCodeGenTest_A1_A2_profile.java
-rw-rw-r-- 1 travis travis  3823 Sep  3 02:09 ModularCodeGenTest_A1.class
-rw-rw-r-- 1 travis travis  9968 Sep  3 02:09 ModularCodeGenTest_A1.java
-rw-rw-r-- 1 travis travis   880 Sep  3 02:09 ModularCodeGenTest_A1.mk
-rw-rw-r-- 1 travis travis  1352 Sep  3 02:09 ModularCodeGenTest_A1_profile.class
-rw-rw-r-- 1 travis travis  1394 Sep  3 02:08 ModularCodeGenTest_A1_profile.java
-rw-rw-r-- 1 travis travis   432 Sep  3 02:09 Token.class
-rw-rw-r-- 1 travis travis   251 Sep  3 02:09 Token.java
warning: Supported source version 'RELEASE_6' from annotation processor 'org.netbeans.modules.openide.util.NbBundleProcessor' less than -source '1.8'
warning: Supported source version 'RELEASE_6' from annotation processor 'org.netbeans.modules.openide.util.URLStreamHandlerRegistrationProcessor' less than -source '1.8'
warning: Supported source version 'RELEASE_6' from annotation processor 'org.netbeans.modules.openide.util.ServiceProviderProcessor' less than -source '1.8'
3 warnings
All Done
Writing ModularCGPubSub_A1_A2.java in file:/home/travis/cg/ (9076 characters)
Reading "ptolemy/cg/kernel/generic/program/procedural/java/modular/makefile.in",
    writing "/home/travis/cg/ModularCGPubSub_A1_A2.mk"
Using ptolemy/cg/kernel/generic/program/procedural/java/modular/makefile.in
In "/home/travis/cg", about to execute:
    make -f ModularCGPubSub_A1_A2.mk
javac -classpath ".:.."    ModularCGPubSub_A1_A2.java
All Done
In "/home/travis/cg", about to execute:
    pwd
/home/travis/cg
In "/home/travis/cg", about to execute:
    ls -l
total 428
-rw-rw-r-- 1 travis travis  4895 Sep  3 02:09 CompiledCompositeActor_CompiledCompositeActor.class
-rw-rw-r-- 1 travis travis  1592 Sep  3 02:09 CompiledCompositeActor_CompiledCompositeActor$_CompiledCompositeActor_CompiledCompositeActor.class
-rw-rw-r-- 1 travis travis 13466 Sep  3 02:09 CompiledCompositeActor_CompiledCompositeActor.java
-rw-rw-r-- 1 travis travis  1593 Sep  3 02:09 CompiledCompositeActor_CompiledCompositeActor.mk
-rw-rw-r-- 1 travis travis  4457 Sep  3 02:09 JavaCompiledCompositeTest1_CompiledCompositeActor.class
-rw-rw-r-- 1 travis travis 11637 Sep  3 02:09 JavaCompiledCompositeTest1_CompiledCompositeActor.java
-rw-rw-r-- 1 travis travis  1198 Sep  3 02:09 JavaCompiledCompositeTest1_CompiledCompositeActor$_JavaCompiledCompositeTest1_CompiledCompositeActor.class
-rw-rw-r-- 1 travis travis  1625 Sep  3 02:09 JavaCompiledCompositeTest1_CompiledCompositeActor.mk
-rw-rw-r-- 1 travis travis  4888 Sep  3 02:09 JavaCompiledCompositeTest2_CompiledCompositeActor.class
-rw-rw-r-- 1 travis travis 14919 Sep  3 02:09 JavaCompiledCompositeTest2_CompiledCompositeActor.java
-rw-rw-r-- 1 travis travis  1793 Sep  3 02:09 JavaCompiledCompositeTest2_CompiledCompositeActor$_JavaCompiledCompositeTest2_CompiledCompositeActor.class
-rw-rw-r-- 1 travis travis  1625 Sep  3 02:09 JavaCompiledCompositeTest2_CompiledCompositeActor.mk
-rw-rw-r-- 1 travis travis  4505 Sep  3 02:09 JavaCompiledCompositeTest3_CompiledCompositeActor.class
-rw-rw-r-- 1 travis travis 13080 Sep  3 02:09 JavaCompiledCompositeTest3_CompiledCompositeActor.java
-rw-rw-r-- 1 travis travis  1378 Sep  3 02:09 JavaCompiledCompositeTest3_CompiledCompositeActor$_JavaCompiledCompositeTest3_CompiledCompositeActor.class
-rw-rw-r-- 1 travis travis  1625 Sep  3 02:09 JavaCompiledCompositeTest3_CompiledCompositeActor.mk
-rw-rw-r-- 1 travis travis  3953 Sep  3 02:09 JavaCompiledCompositeTest4_CompiledCompositeActor.class
-rw-rw-r-- 1 travis travis  9687 Sep  3 02:09 JavaCompiledCompositeTest4_CompiledCompositeActor.java
-rw-rw-r-- 1 travis travis   857 Sep  3 02:09 JavaCompiledCompositeTest4_CompiledCompositeActor$_JavaCompiledCompositeTest4_CompiledCompositeActor.class
-rw-rw-r-- 1 travis travis  1625 Sep  3 02:09 JavaCompiledCompositeTest4_CompiledCompositeActor.mk
-rw-rw-r-- 1 travis travis  3693 Sep  3 02:09 ModularCG_A1_B1.class
-rw-rw-r-- 1 travis travis  9730 Sep  3 02:09 ModularCG_A1_B1.java
-rw-rw-r-- 1 travis travis   832 Sep  3 02:09 ModularCG_A1_B1.mk
-rw-rw-r-- 1 travis travis  1318 Sep  3 02:09 ModularCG_A1_B1_profile.class
-rw-rw-r-- 1 travis travis  1262 Sep  3 02:09 ModularCG_A1_B1_profile.java
-rw-rw-r-- 1 travis travis  3693 Sep  3 02:09 ModularCG_A1_B2.class
-rw-rw-r-- 1 travis travis  9730 Sep  3 02:09 ModularCG_A1_B2.java
-rw-rw-r-- 1 travis travis   832 Sep  3 02:09 ModularCG_A1_B2.mk
-rw-rw-r-- 1 travis travis  1318 Sep  3 02:09 ModularCG_A1_B2_profile.class
-rw-rw-r-- 1 travis travis  1262 Sep  3 02:09 ModularCG_A1_B2_profile.java
-rw-rw-r-- 1 travis travis  4799 Sep  3 02:09 ModularCG_A1.class
-rw-rw-r-- 1 travis travis 14742 Sep  3 02:09 ModularCG_A1.java
-rw-rw-r-- 1 travis travis   808 Sep  3 02:09 ModularCG_A1.mk
-rw-rw-r-- 1 travis travis  1433 Sep  3 02:09 ModularCG_A1_profile.class
-rw-rw-r-- 1 travis travis  1704 Sep  3 02:09 ModularCG_A1_profile.java
-rw-rw-r-- 1 travis travis  3827 Sep  3 02:09 ModularCG_A2_B1.class
-rw-rw-r-- 1 travis travis 10667 Sep  3 02:09 ModularCG_A2_B1.java
-rw-rw-r-- 1 travis travis   832 Sep  3 02:09 ModularCG_A2_B1.mk
-rw-rw-r-- 1 travis travis  1381 Sep  3 02:09 ModularCG_A2_B1_profile.class
-rw-rw-r-- 1 travis travis  1446 Sep  3 02:09 ModularCG_A2_B1_profile.java
-rw-rw-r-- 1 travis travis  3693 Sep  3 02:09 ModularCG_A2_B2.class
-rw-rw-r-- 1 travis travis  9730 Sep  3 02:09 ModularCG_A2_B2.java
-rw-rw-r-- 1 travis travis   832 Sep  3 02:09 ModularCG_A2_B2.mk
-rw-rw-r-- 1 travis travis  1318 Sep  3 02:09 ModularCG_A2_B2_profile.class
-rw-rw-r-- 1 travis travis  1262 Sep  3 02:09 ModularCG_A2_B2_profile.java
-rw-rw-r-- 1 travis travis  4870 Sep  3 02:09 ModularCG_A2.class
-rw-rw-r-- 1 travis travis 15129 Sep  3 02:09 ModularCG_A2.java
-rw-rw-r-- 1 travis travis   808 Sep  3 02:09 ModularCG_A2.mk
-rw-rw-r-- 1 travis travis  1433 Sep  3 02:09 ModularCG_A2_profile.class
-rw-rw-r-- 1 travis travis  1704 Sep  3 02:09 ModularCG_A2_profile.java
-rw-rw-r-- 1 travis travis  3473 Sep  3 02:09 ModularCGPubSub_A1_A2.class
-rw-rw-r-- 1 travis travis  9076 Sep  3 02:09 ModularCGPubSub_A1_A2.java
-rw-rw-r-- 1 travis travis   880 Sep  3 02:09 ModularCGPubSub_A1_A2.mk
-rw-rw-r-- 1 travis travis  1300 Sep  3 02:09 ModularCGPubSub_A1_A2_profile.class
-rw-rw-r-- 1 travis travis  1222 Sep  3 02:09 ModularCGPubSub_A1_A2_profile.java
-rw-rw-r-- 1 travis travis  1388 Sep  3 02:09 ModularCGPubSub_A1_profile.java
-rw-rw-r-- 1 travis travis  3492 Sep  3 02:08 ModularCodeGenTest_A1_A2.class
-rw-rw-r-- 1 travis travis  9164 Sep  3 02:08 ModularCodeGenTest_A1_A2.java
-rw-rw-r-- 1 travis travis   904 Sep  3 02:08 ModularCodeGenTest_A1_A2.mk
-rw-rw-r-- 1 travis travis  1306 Sep  3 02:08 ModularCodeGenTest_A1_A2_profile.class
-rw-rw-r-- 1 travis travis  1228 Sep  3 02:08 ModularCodeGenTest_A1_A2_profile.java
-rw-rw-r-- 1 travis travis  3823 Sep  3 02:09 ModularCodeGenTest_A1.class
-rw-rw-r-- 1 travis travis  9968 Sep  3 02:09 ModularCodeGenTest_A1.java
-rw-rw-r-- 1 travis travis   880 Sep  3 02:09 ModularCodeGenTest_A1.mk
-rw-rw-r-- 1 travis travis  1352 Sep  3 02:09 ModularCodeGenTest_A1_profile.class
-rw-rw-r-- 1 travis travis  1394 Sep  3 02:08 ModularCodeGenTest_A1_profile.java
-rw-rw-r-- 1 travis travis   432 Sep  3 02:09 Token.class
-rw-rw-r-- 1 travis travis   251 Sep  3 02:09 Token.java
In "/home/travis/cg", about to execute:
    javac -classpath
.:/home/travis/build/icyphy/ptII:/home/travis/build/icyphy/ptII/lib/bsh-2.0b4.j
ar:/home/travis/build/icyphy/ptII/lib/ptCal.jar:/home/travis/build/icyphy/ptII/
lib/java_cup.jar:/home/travis/build/icyphy/ptII/lib/saxon8.jar:/home/travis/bui
ld/icyphy/ptII/lib/saxon8-dom.jar:/home/travis/build/icyphy/ptII/lib/chic.jar:/
home/travis/build/icyphy/ptII/lib/ptcolt.jar:/usr/lib/jvm/java-8-oracle/lib/too
ls.jar:/usr/lib/eclipse/plugins/org.eclipse.jdt.core_3.8.2.dist.jar:/usr/lib/ec
lipse/plugins/org.eclipse.core.runtime_3.8.0.dist.jar:/usr/lib/eclipse/plugins/
org.eclipse.osgi_3.8.1.dist.jar:/usr/lib/eclipse/plugins/org.eclipse.core.resou
rces_3.8.1.dist.jar:/usr/lib/eclipse/plugins/org.eclipse.equinox.common_3.6.100
.dist.jar:/usr/lib/eclipse/plugins/org.eclipse.core.jobs_3.5.200.dist.jar:/usr/
lib/eclipse/plugins/org.eclipse.core.contenttype_3.4.200.dist.jar:/usr/lib/ecli
pse/plugins/org.eclipse.equinox.preferences_3.5.0.dist.jar:/usr/lib/eclipse/plu
gins/org.eclipse.text_3.5.200.dist.jar:/usr/lib/eclipse/plugins/org.eclipse.ui.
workbench_3.8.1.dist.jar:/usr/lib/eclipse/plugins/org.eclipse.jface_3.8.0.dist.
jar:/usr/lib/eclipse/plugins/org.eclipse.swt_3.8.2.jar:/usr/lib/eclipse/plugins
/org.eclipse.jface.text_3.8.1.dist.jar:/usr/lib/eclipse/plugins/org.eclipse.ui.
workbench.texteditor_3.8.0.dist.jar:/usr/lib/eclipse/plugins/org.eclipse.ui.edi
tors_3.8.0.dist.jar:/usr/lib/eclipse/plugins/org.eclipse.core.commands_3.6.1.di
st.jar:/usr/lib/eclipse/plugins/org.eclipse.equinox.registry_3.5.200.dist.jar:/
usr/lib/eclipse/plugins/org.eclipse.ui.console_3.5.100.dist.jar:/usr/lib/eclips
e/plugins/org.eclipse.ui.forms_3.5.200.dist.jar:/usr/lib/eclipse/plugins/org.ec
lipse.ui.ide_3.8.1.dist.jar:/home/travis/build/icyphy/ptII/vendors/oracle/dbxml
.jar:/home/travis/build/icyphy/ptII/vendors/oracle/db.jar:/home/travis/build/ic
yphy/ptII/vendors/misc/itext/iText.jar:/home/travis/build/icyphy/ptII/lib/g4ltl
.jar:/home/travis/build/icyphy/ptII/lib/StructuralCoder.jar:/home/travis/build/
icyphy/ptII/lib/org-openide-util.jar:/home/travis/build/icyphy/ptII/lib/org-ope
nide-util-lookup.jar:/home/travis/build/icyphy/ptII/lib/org-netbeans-api-visual
.jar:/home/travis/build/icyphy/ptII/vendors/jai-1_1_2_01/lib/jai_core.jar:/home
/travis/build/icyphy/ptII/vendors/jai-1_1_2_01/lib/jai_codec.jar:/home/travis/b
uild/icyphy/ptII/lib/jcerti.jar:/home/travis/build/icyphy/ptII/lib/smack.jar:/h
ome/travis/build/icyphy/ptII/lib/smackx.jar:/home/travis/build/icyphy/ptII/lib/
jetty-all-8.1.5-v20120716.jar:/home/travis/build/icyphy/ptII/lib/javax.servlet-
api-3.0.1.jar:/home/travis/build/icyphy/ptII/lib/javax.mail.jar:/home/travis/bu
ild/icyphy/ptII/vendors/JMF-2.1.1e/lib/jmf.jar:/home/travis/build/icyphy/ptII/l
ib/jna-4.0.0-variadic.jar:/home/travis/build/icyphy/ptII/vendors/misc/joystick/
Joystick.jar:/home/travis/build/icyphy/ptII/lib/ptjacl.jar:/home/travis/build/i
cyphy/ptII/lib/jsoup-1.8.2.jar:/home/travis/build/icyphy/ptII/lib/junit-4.8.2.j
ar:/home/travis/build/icyphy/ptII/lib/JUnitParams-0.4.0.jar:/home/travis/build/
icyphy/ptII/ptolemy/actor/lib/excel/jxl.jar:/home/travis/build/icyphy/ptII/lib/
jython.jar:/home/travis/build/icyphy/ptII/lib/kieler.jar:/home/travis/build/icy
phy/ptII/vendors/opencv/share/OpenCV/java/opencv-341.jar:/home/travis/build/icy
phy/ptII/lib/oscP5.jar:/home/travis/build/icyphy/ptII/lib/nrjavaserial-3.11.0.d
evel.jar:/home/travis/build/icyphy/ptII/vendors/j3d/lib/j3dcore.jar:/home/travi
s/build/icyphy/ptII/vendors/j3d/lib/j3dutils.jar:/home/travis/build/icyphy/ptII
/vendors/j3d/lib/vecmath.jar:/home/travis/build/icyphy/ptII/ptolemy/distributed
/jini/jar/jini-core.jar:/home/travis/build/icyphy/ptII/ptolemy/distributed/jini
/jar/jini-ext.jar:/home/travis/build/icyphy/ptII/ptolemy/distributed/jini/jar/s
un-util.jar:/home/travis/build/icyphy/ptII/lib/protobuf-java-2.4.1.jar:/home/tr
avis/build/icyphy/ptII/lib/org.eclipse.paho.client.mqttv3.jar:/home/travis/buil
d/icyphy/ptII/ptserver/lib/hessian-4.0.7.jar:/home/travis/build/icyphy/ptII/pts
erver/lib/wmqtt.jar:/home/travis/build/icyphy/ptII/lib/mapss.jar:/home/travis/b
uild/icyphy/ptII/ptolemy/actor/ptalon/antlr/antlr.jar:/home/travis/build/icyphy
/ptII/lib/JRI.jar:/home/travis/build/icyphy/ptII/lib/commons-lang-2.6.jar:/home
/travis/build/icyphy/ptII/lib/commons-logging-1.1.1.jar:/home/travis/build/icyp
hy/ptII/lib/sootclasses.jar:/home/travis/build/icyphy/ptII/ptolemy/actor/lib/da
tabase/mysql-connector-java-5.1.6-bin.jar:/home/travis/build/icyphy/ptII/vendor
s/misc/sphinx4/sphinx4-data-5prealpha.jar:/home/travis/build/icyphy/ptII/vendor
s/misc/sphinx4/sphinx4-core-5prealpha.jar:/home/travis/build/icyphy/ptII/lib/PD
FRenderer.jar:/home/travis/build/icyphy/ptII/lib/svgSalamander.jar:/home/travis
/build/icyphy/ptII/lib/rsyntaxtextarea-2.6.0-SNAPSHOT.jar:/home/travis/build/ic
yphy/ptII/lib/hazelcast-3.8.2.jar:/home/travis/build/icyphy/ptII/lib/jackson-an
notations-2.9.0.jar:/home/travis/build/icyphy/ptII/lib/jackson-core-2.9.3.jar:/
home/travis/build/icyphy/ptII/lib/jackson-databind-2.9.3.jar:/home/travis/build
/icyphy/ptII/lib/netty-buffer-4.1.19.Final.jar:/home/travis/build/icyphy/ptII/l
ib/netty-codec-4.1.19.Final.jar:/home/travis/build/icyphy/ptII/lib/netty-codec-
dns-4.1.19.Final.jar:/home/travis/build/icyphy/ptII/lib/netty-codec-http-4.1.19
.Final.jar:/home/travis/build/icyphy/ptII/lib/netty-codec-http2-4.1.19.Final.ja
r:/home/travis/build/icyphy/ptII/lib/netty-common-4.1.19.Final.jar:/home/travis
/build/icyphy/ptII/lib/netty-handler-4.1.19.Final.jar:/home/travis/build/icyphy
/ptII/lib/netty-resolver-4.1.19.Final.jar:/home/travis/build/icyphy/ptII/lib/ne
tty-resolver-dns-4.1.19.Final.jar:/home/travis/build/icyphy/ptII/lib/netty-tran
sport-4.1.19.Final.jar:/home/travis/build/icyphy/ptII/lib/vertx-codegen-3.5.1.j
ar:/home/travis/build/icyphy/ptII/lib/vertx-core-3.5.2-SNAPSHOT.jar:/home/travi
s/build/icyphy/ptII/lib/vertx-hazelcast-3.5.1.jar:/home/travis/build/icyphy/ptI
I/lib/vertx-lang-js-3.5.1.jar:/home/travis/build/icyphy/ptII/lib/vertx-service-
proxy-3.5.1.jar:/home/travis/build/icyphy/ptII/lib/vertx-web-3.5.1.jar:/home/tr
avis/build/icyphy/ptII/lib/slf4j-api-1.7.13.jar:/home/travis/build/icyphy/ptII/
lib/slf4j-simple-1.7.13.jar:/home/travis/build/icyphy/ptII/lib/webcam-capture-0
.3.12.jar:/home/travis/build/icyphy/ptII/lib/bridj-0.7.0.jar:/home/travis/build
/icyphy/ptII/lib/xbjlib-1.1.0.nrjavaserial.jar:/home/travis/build/icyphy/ptII/p
tolemy/moml/test:/home/travis/build/icyphy/ptII/ant/lib/ant-launcher.jar:/home/
travis/build/icyphy/ptII/ant/lib/ant.jar:/home/travis/build/icyphy/ptII/ant/lib
/ant-junit.jar:/home/travis/build/icyphy/ptII/ant/lib/ant-junit4.jar:/home/trav
is/build/icyphy/ptII ModularCGPubSub_A1_profile.java
warning: Supported source version 'RELEASE_6' from annotation processor 'org.netbeans.modules.openide.util.NbBundleProcessor' less than -source '1.8'
warning: Supported source version 'RELEASE_6' from annotation processor 'org.netbeans.modules.openide.util.URLStreamHandlerRegistrationProcessor' less than -source '1.8'
warning: Supported source version 'RELEASE_6' from annotation processor 'org.netbeans.modules.openide.util.ServiceProviderProcessor' less than -source '1.8'
3 warnings
All Done
Writing ModularCGPubSub_A1.java in file:/home/travis/cg/ (9836 characters)
Reading "ptolemy/cg/kernel/generic/program/procedural/java/modular/makefile.in",
    writing "/home/travis/cg/ModularCGPubSub_A1.mk"
Using ptolemy/cg/kernel/generic/program/procedural/java/modular/makefile.in
In "/home/travis/cg", about to execute:
    make -f ModularCGPubSub_A1.mk
javac -classpath ".:.."    ModularCGPubSub_A1.java
All Done
4835 ms. Memory: 173056K Free: 95288K (55%)
----------------- Invoking toplevel() on ptolemy.moml.MoMLSimpleApplication@66ed758
----------------- Done invoking toplevel() on ptolemy.moml.MoMLSimpleApplication@66ed758
reloadAllAccessors: .ModularCGPubSub

===========================================================================================
----------------- testing Mon Sep 03 02:09:28 UTC 2018 /home/travis/build/icyphy/ptII/ptolemy/cg/lib/test/auto/ModularCodeGen.xml
----------------- Instantiating /home/travis/build/icyphy/ptII/ptolemy/cg/lib/test/auto/ModularCodeGen.xml
In "/home/travis/cg", about to execute:
    pwd
In "/home/travis/cg", about to execute:
    ls -l
/home/travis/cg
In "/home/travis/cg", about to execute:
    javac -classpath
.:/home/travis/build/icyphy/ptII:/home/travis/build/icyphy/ptII/lib/bsh-2.0b4.j
ar:/home/travis/build/icyphy/ptII/lib/ptCal.jar:/home/travis/build/icyphy/ptII/
lib/java_cup.jar:/home/travis/build/icyphy/ptII/lib/saxon8.jar:/home/travis/bui
ld/icyphy/ptII/lib/saxon8-dom.jar:/home/travis/build/icyphy/ptII/lib/chic.jar:/
home/travis/build/icyphy/ptII/lib/ptcolt.jar:/usr/lib/jvm/java-8-oracle/lib/too
ls.jar:/usr/lib/eclipse/plugins/org.eclipse.jdt.core_3.8.2.dist.jar:/usr/lib/ec
lipse/plugins/org.eclipse.core.runtime_3.8.0.dist.jar:/usr/lib/eclipse/plugins/
org.eclipse.osgi_3.8.1.dist.jar:/usr/lib/eclipse/plugins/org.eclipse.core.resou
rces_3.8.1.dist.jar:/usr/lib/eclipse/plugins/org.eclipse.equinox.common_3.6.100
.dist.jar:/usr/lib/eclipse/plugins/org.eclipse.core.jobs_3.5.200.dist.jar:/usr/
lib/eclipse/plugins/org.eclipse.core.contenttype_3.4.200.dist.jar:/usr/lib/ecli
pse/plugins/org.eclipse.equinox.preferences_3.5.0.dist.jar:/usr/lib/eclipse/plu
gins/org.eclipse.text_3.5.200.dist.jar:/usr/lib/eclipse/plugins/org.eclipse.ui.
workbench_3.8.1.dist.jar:/usr/lib/eclipse/plugins/org.eclipse.jface_3.8.0.dist.
jar:/usr/lib/eclipse/plugins/org.eclipse.swt_3.8.2.jar:/usr/lib/eclipse/plugins
/org.eclipse.jface.text_3.8.1.dist.jar:/usr/lib/eclipse/plugins/org.eclipse.ui.
workbench.texteditor_3.8.0.dist.jar:/usr/lib/eclipse/plugins/org.eclipse.ui.edi
tors_3.8.0.dist.jar:/usr/lib/eclipse/plugins/org.eclipse.core.commands_3.6.1.di
st.jar:/usr/lib/eclipse/plugins/org.eclipse.equinox.registry_3.5.200.dist.jar:/
usr/lib/eclipse/plugins/org.eclipse.ui.console_3.5.100.dist.jar:/usr/lib/eclips
e/plugins/org.eclipse.ui.forms_3.5.200.dist.jar:/usr/lib/eclipse/plugins/org.ec
lipse.ui.ide_3.8.1.dist.jar:/home/travis/build/icyphy/ptII/vendors/oracle/dbxml
.jar:/home/travis/build/icyphy/ptII/vendors/oracle/db.jar:/home/travis/build/ic
yphy/ptII/vendors/misc/itext/iText.jar:/home/travis/build/icyphy/ptII/lib/g4ltl
.jar:/home/travis/build/icyphy/ptII/lib/StructuralCoder.jar:/home/travis/build/
icyphy/ptII/lib/org-openide-util.jar:/home/travis/build/icyphy/ptII/lib/org-ope
nide-util-lookup.jar:/home/travis/build/icyphy/ptII/lib/org-netbeans-api-visual
.jar:/home/travis/build/icyphy/ptII/vendors/jai-1_1_2_01/lib/jai_core.jar:/home
/travis/build/icyphy/ptII/vendors/jai-1_1_2_01/lib/jai_codec.jar:/home/travis/b
uild/icyphy/ptII/lib/jcerti.jar:/home/travis/build/icyphy/ptII/lib/smack.jar:/h
ome/travis/build/icyphy/ptII/lib/smackx.jar:/home/travis/build/icyphy/ptII/lib/
jetty-all-8.1.5-v20120716.jar:/home/travis/build/icyphy/ptII/lib/javax.servlet-
api-3.0.1.jar:/home/travis/build/icyphy/ptII/lib/javax.mail.jar:/home/travis/bu
ild/icyphy/ptII/vendors/JMF-2.1.1e/lib/jmf.jar:/home/travis/build/icyphy/ptII/l
ib/jna-4.0.0-variadic.jar:/home/travis/build/icyphy/ptII/vendors/misc/joystick/
Joystick.jar:/home/travis/build/icyphy/ptII/lib/ptjacl.jar:/home/travis/build/i
cyphy/ptII/lib/jsoup-1.8.2.jar:/home/travis/build/icyphy/ptII/lib/junit-4.8.2.j
ar:/home/travis/build/icyphy/ptII/lib/JUnitParams-0.4.0.jar:/home/travis/build/
icyphy/ptII/ptolemy/actor/lib/excel/jxl.jar:/home/travis/build/icyphy/ptII/lib/
jython.jar:/home/travis/build/icyphy/ptII/lib/kieler.jar:/home/travis/build/icy
phy/ptII/vendors/opencv/share/OpenCV/java/opencv-341.jar:/home/travis/build/icy
phy/ptII/lib/oscP5.jar:/home/travis/build/icyphy/ptII/lib/nrjavaserial-3.11.0.d
evel.jar:/home/travis/build/icyphy/ptII/vendors/j3d/lib/j3dcore.jar:/home/travi
s/build/icyphy/ptII/vendors/j3d/lib/j3dutils.jar:/home/travis/build/icyphy/ptII
/vendors/j3d/lib/vecmath.jar:/home/travis/build/icyphy/ptII/ptolemy/distributed
/jini/jar/jini-core.jar:/home/travis/build/icyphy/ptII/ptolemy/distributed/jini
/jar/jini-ext.jar:/home/travis/build/icyphy/ptII/ptolemy/distributed/jini/jar/s
un-util.jar:/home/travis/build/icyphy/ptII/lib/protobuf-java-2.4.1.jar:/home/tr
avis/build/icyphy/ptII/lib/org.eclipse.paho.client.mqttv3.jar:/home/travis/buil
d/icyphy/ptII/ptserver/lib/hessian-4.0.7.jar:/home/travis/build/icyphy/ptII/pts
erver/lib/wmqtt.jar:/home/travis/build/icyphy/ptII/lib/mapss.jar:/home/travis/b
uild/icyphy/ptII/ptolemy/actor/ptalon/antlr/antlr.jar:/home/travis/build/icyphy
/ptII/lib/JRI.jar:/home/travis/build/icyphy/ptII/lib/commons-lang-2.6.jar:/home
/travis/build/icyphy/ptII/lib/commons-logging-1.1.1.jar:/home/travis/build/icyp
hy/ptII/lib/sootclasses.jar:/home/travis/build/icyphy/ptII/ptolemy/actor/lib/da
tabase/mysql-connector-java-5.1.6-bin.jar:/home/travis/build/icyphy/ptII/vendor
s/misc/sphinx4/sphinx4-data-5prealpha.jar:/home/travis/build/icyphy/ptII/vendor
s/misc/sphinx4/sphinx4-core-5prealpha.jar:/home/travis/build/icyphy/ptII/lib/PD
FRenderer.jar:/home/travis/build/icyphy/ptII/lib/svgSalamander.jar:/home/travis
/build/icyphy/ptII/lib/rsyntaxtextarea-2.6.0-SNAPSHOT.jar:/home/travis/build/ic
yphy/ptII/lib/hazelcast-3.8.2.jar:/home/travis/build/icyphy/ptII/lib/jackson-an
notations-2.9.0.jar:/home/travis/build/icyphy/ptII/lib/jackson-core-2.9.3.jar:/
home/travis/build/icyphy/ptII/lib/jackson-databind-2.9.3.jar:/home/travis/build
/icyphy/ptII/lib/netty-buffer-4.1.19.Final.jar:/home/travis/build/icyphy/ptII/l
ib/netty-codec-4.1.19.Final.jar:/home/travis/build/icyphy/ptII/lib/netty-codec-
dns-4.1.19.Final.jar:/home/travis/build/icyphy/ptII/lib/netty-codec-http-4.1.19
.Final.jar:/home/travis/build/icyphy/ptII/lib/netty-codec-http2-4.1.19.Final.ja
r:/home/travis/build/icyphy/ptII/lib/netty-common-4.1.19.Final.jar:/home/travis
/build/icyphy/ptII/lib/netty-handler-4.1.19.Final.jar:/home/travis/build/icyphy
/ptII/lib/netty-resolver-4.1.19.Final.jar:/home/travis/build/icyphy/ptII/lib/ne
tty-resolver-dns-4.1.19.Final.jar:/home/travis/build/icyphy/ptII/lib/netty-tran
sport-4.1.19.Final.jar:/home/travis/build/icyphy/ptII/lib/vertx-codegen-3.5.1.j
ar:/home/travis/build/icyphy/ptII/lib/vertx-core-3.5.2-SNAPSHOT.jar:/home/travi
s/build/icyphy/ptII/lib/vertx-hazelcast-3.5.1.jar:/home/travis/build/icyphy/ptI
I/lib/vertx-lang-js-3.5.1.jar:/home/travis/build/icyphy/ptII/lib/vertx-service-
proxy-3.5.1.jar:/home/travis/build/icyphy/ptII/lib/vertx-web-3.5.1.jar:/home/tr
avis/build/icyphy/ptII/lib/slf4j-api-1.7.13.jar:/home/travis/build/icyphy/ptII/
lib/slf4j-simple-1.7.13.jar:/home/travis/build/icyphy/ptII/lib/webcam-capture-0
.3.12.jar:/home/travis/build/icyphy/ptII/lib/bridj-0.7.0.jar:/home/travis/build
/icyphy/ptII/lib/xbjlib-1.1.0.nrjavaserial.jar:/home/travis/build/icyphy/ptII/p
tolemy/moml/test:/home/travis/build/icyphy/ptII/ant/lib/ant-launcher.jar:/home/
travis/build/icyphy/ptII/ant/lib/ant.jar:/home/travis/build/icyphy/ptII/ant/lib
/ant-junit.jar:/home/travis/build/icyphy/ptII/ant/lib/ant-junit4.jar:/home/trav
is/build/icyphy/ptII
ModularCodeGen_ModularCodeGenTypedCompositeActor_profile.java
total 456
-rw-rw-r-- 1 travis travis  4895 Sep  3 02:09 CompiledCompositeActor_CompiledCompositeActor.class
-rw-rw-r-- 1 travis travis  1592 Sep  3 02:09 CompiledCompositeActor_CompiledCompositeActor$_CompiledCompositeActor_CompiledCompositeActor.class
-rw-rw-r-- 1 travis travis 13466 Sep  3 02:09 CompiledCompositeActor_CompiledCompositeActor.java
-rw-rw-r-- 1 travis travis  1593 Sep  3 02:09 CompiledCompositeActor_CompiledCompositeActor.mk
-rw-rw-r-- 1 travis travis  4457 Sep  3 02:09 JavaCompiledCompositeTest1_CompiledCompositeActor.class
-rw-rw-r-- 1 travis travis 11637 Sep  3 02:09 JavaCompiledCompositeTest1_CompiledCompositeActor.java
-rw-rw-r-- 1 travis travis  1198 Sep  3 02:09 JavaCompiledCompositeTest1_CompiledCompositeActor$_JavaCompiledCompositeTest1_CompiledCompositeActor.class
-rw-rw-r-- 1 travis travis  1625 Sep  3 02:09 JavaCompiledCompositeTest1_CompiledCompositeActor.mk
-rw-rw-r-- 1 travis travis  4888 Sep  3 02:09 JavaCompiledCompositeTest2_CompiledCompositeActor.class
-rw-rw-r-- 1 travis travis 14919 Sep  3 02:09 JavaCompiledCompositeTest2_CompiledCompositeActor.java
-rw-rw-r-- 1 travis travis  1793 Sep  3 02:09 JavaCompiledCompositeTest2_CompiledCompositeActor$_JavaCompiledCompositeTest2_CompiledCompositeActor.class
-rw-rw-r-- 1 travis travis  1625 Sep  3 02:09 JavaCompiledCompositeTest2_CompiledCompositeActor.mk
-rw-rw-r-- 1 travis travis  4505 Sep  3 02:09 JavaCompiledCompositeTest3_CompiledCompositeActor.class
-rw-rw-r-- 1 travis travis 13080 Sep  3 02:09 JavaCompiledCompositeTest3_CompiledCompositeActor.java
-rw-rw-r-- 1 travis travis  1378 Sep  3 02:09 JavaCompiledCompositeTest3_CompiledCompositeActor$_JavaCompiledCompositeTest3_CompiledCompositeActor.class
-rw-rw-r-- 1 travis travis  1625 Sep  3 02:09 JavaCompiledCompositeTest3_CompiledCompositeActor.mk
-rw-rw-r-- 1 travis travis  3953 Sep  3 02:09 JavaCompiledCompositeTest4_CompiledCompositeActor.class
-rw-rw-r-- 1 travis travis  9687 Sep  3 02:09 JavaCompiledCompositeTest4_CompiledCompositeActor.java
-rw-rw-r-- 1 travis travis   857 Sep  3 02:09 JavaCompiledCompositeTest4_CompiledCompositeActor$_JavaCompiledCompositeTest4_CompiledCompositeActor.class
-rw-rw-r-- 1 travis travis  1625 Sep  3 02:09 JavaCompiledCompositeTest4_CompiledCompositeActor.mk
-rw-rw-r-- 1 travis travis  3693 Sep  3 02:09 ModularCG_A1_B1.class
-rw-rw-r-- 1 travis travis  9730 Sep  3 02:09 ModularCG_A1_B1.java
-rw-rw-r-- 1 travis travis   832 Sep  3 02:09 ModularCG_A1_B1.mk
-rw-rw-r-- 1 travis travis  1318 Sep  3 02:09 ModularCG_A1_B1_profile.class
-rw-rw-r-- 1 travis travis  1262 Sep  3 02:09 ModularCG_A1_B1_profile.java
-rw-rw-r-- 1 travis travis  3693 Sep  3 02:09 ModularCG_A1_B2.class
-rw-rw-r-- 1 travis travis  9730 Sep  3 02:09 ModularCG_A1_B2.java
-rw-rw-r-- 1 travis travis   832 Sep  3 02:09 ModularCG_A1_B2.mk
-rw-rw-r-- 1 travis travis  1318 Sep  3 02:09 ModularCG_A1_B2_profile.class
-rw-rw-r-- 1 travis travis  1262 Sep  3 02:09 ModularCG_A1_B2_profile.java
-rw-rw-r-- 1 travis travis  4799 Sep  3 02:09 ModularCG_A1.class
-rw-rw-r-- 1 travis travis 14742 Sep  3 02:09 ModularCG_A1.java
-rw-rw-r-- 1 travis travis   808 Sep  3 02:09 ModularCG_A1.mk
-rw-rw-r-- 1 travis travis  1433 Sep  3 02:09 ModularCG_A1_profile.class
-rw-rw-r-- 1 travis travis  1704 Sep  3 02:09 ModularCG_A1_profile.java
-rw-rw-r-- 1 travis travis  3827 Sep  3 02:09 ModularCG_A2_B1.class
-rw-rw-r-- 1 travis travis 10667 Sep  3 02:09 ModularCG_A2_B1.java
-rw-rw-r-- 1 travis travis   832 Sep  3 02:09 ModularCG_A2_B1.mk
-rw-rw-r-- 1 travis travis  1381 Sep  3 02:09 ModularCG_A2_B1_profile.class
-rw-rw-r-- 1 travis travis  1446 Sep  3 02:09 ModularCG_A2_B1_profile.java
-rw-rw-r-- 1 travis travis  3693 Sep  3 02:09 ModularCG_A2_B2.class
-rw-rw-r-- 1 travis travis  9730 Sep  3 02:09 ModularCG_A2_B2.java
-rw-rw-r-- 1 travis travis   832 Sep  3 02:09 ModularCG_A2_B2.mk
-rw-rw-r-- 1 travis travis  1318 Sep  3 02:09 ModularCG_A2_B2_profile.class
-rw-rw-r-- 1 travis travis  1262 Sep  3 02:09 ModularCG_A2_B2_profile.java
-rw-rw-r-- 1 travis travis  4870 Sep  3 02:09 ModularCG_A2.class
-rw-rw-r-- 1 travis travis 15129 Sep  3 02:09 ModularCG_A2.java
-rw-rw-r-- 1 travis travis   808 Sep  3 02:09 ModularCG_A2.mk
-rw-rw-r-- 1 travis travis  1433 Sep  3 02:09 ModularCG_A2_profile.class
-rw-rw-r-- 1 travis travis  1704 Sep  3 02:09 ModularCG_A2_profile.java
-rw-rw-r-- 1 travis travis  3473 Sep  3 02:09 ModularCGPubSub_A1_A2.class
-rw-rw-r-- 1 travis travis  9076 Sep  3 02:09 ModularCGPubSub_A1_A2.java
-rw-rw-r-- 1 travis travis   880 Sep  3 02:09 ModularCGPubSub_A1_A2.mk
-rw-rw-r-- 1 travis travis  1300 Sep  3 02:09 ModularCGPubSub_A1_A2_profile.class
-rw-rw-r-- 1 travis travis  1222 Sep  3 02:09 ModularCGPubSub_A1_A2_profile.java
-rw-rw-r-- 1 travis travis  3790 Sep  3 02:09 ModularCGPubSub_A1.class
-rw-rw-r-- 1 travis travis  9836 Sep  3 02:09 ModularCGPubSub_A1.java
-rw-rw-r-- 1 travis travis   856 Sep  3 02:09 ModularCGPubSub_A1.mk
-rw-rw-r-- 1 travis travis  1346 Sep  3 02:09 ModularCGPubSub_A1_profile.class
-rw-rw-r-- 1 travis travis  1388 Sep  3 02:09 ModularCGPubSub_A1_profile.java
-rw-rw-r-- 1 travis travis  1328 Sep  3 02:09 ModularCodeGen_ModularCodeGenTypedCompositeActor_profile.java
-rw-rw-r-- 1 travis travis  3492 Sep  3 02:08 ModularCodeGenTest_A1_A2.class
-rw-rw-r-- 1 travis travis  9164 Sep  3 02:08 ModularCodeGenTest_A1_A2.java
-rw-rw-r-- 1 travis travis   904 Sep  3 02:08 ModularCodeGenTest_A1_A2.mk
-rw-rw-r-- 1 travis travis  1306 Sep  3 02:08 ModularCodeGenTest_A1_A2_profile.class
-rw-rw-r-- 1 travis travis  1228 Sep  3 02:08 ModularCodeGenTest_A1_A2_profile.java
-rw-rw-r-- 1 travis travis  3823 Sep  3 02:09 ModularCodeGenTest_A1.class
-rw-rw-r-- 1 travis travis  9968 Sep  3 02:09 ModularCodeGenTest_A1.java
-rw-rw-r-- 1 travis travis   880 Sep  3 02:09 ModularCodeGenTest_A1.mk
-rw-rw-r-- 1 travis travis  1352 Sep  3 02:09 ModularCodeGenTest_A1_profile.class
-rw-rw-r-- 1 travis travis  1394 Sep  3 02:08 ModularCodeGenTest_A1_profile.java
-rw-rw-r-- 1 travis travis   432 Sep  3 02:09 Token.class
-rw-rw-r-- 1 travis travis   251 Sep  3 02:09 Token.java
warning: Supported source version 'RELEASE_6' from annotation processor 'org.netbeans.modules.openide.util.NbBundleProcessor' less than -source '1.8'
warning: Supported source version 'RELEASE_6' from annotation processor 'org.netbeans.modules.openide.util.URLStreamHandlerRegistrationProcessor' less than -source '1.8'
warning: Supported source version 'RELEASE_6' from annotation processor 'org.netbeans.modules.openide.util.ServiceProviderProcessor' less than -source '1.8'
3 warnings
All Done
Writing ModularCodeGen_ModularCodeGenTypedCompositeActor.java in file:/home/travis/cg/ (10970 characters)
Reading "ptolemy/cg/kernel/generic/program/procedural/java/modular/makefile.in",
    writing "/home/travis/cg/ModularCodeGen_ModularCodeGenTypedCompositeActor.mk"
Using ptolemy/cg/kernel/generic/program/procedural/java/modular/makefile.in
In "/home/travis/cg", about to execute:
    make -f ModularCodeGen_ModularCodeGenTypedCompositeActor.mk
javac -classpath ".:.."    ModularCodeGen_ModularCodeGenTypedCompositeActor.java
All Done
2482 ms. Memory: 170496K Free: 141447K (83%)
----------------- Invoking toplevel() on ptolemy.moml.MoMLSimpleApplication@231f5991
----------------- Done invoking toplevel() on ptolemy.moml.MoMLSimpleApplication@231f5991
reloadAllAccessors: .ModularCodeGen

===========================================================================================
----------------- testing Mon Sep 03 02:09:30 UTC 2018 /home/travis/build/icyphy/ptII/ptolemy/cg/lib/test/auto/ModularCodeGen2.xml
----------------- Instantiating /home/travis/build/icyphy/ptII/ptolemy/cg/lib/test/auto/ModularCodeGen2.xml
In "/home/travis/cg", about to execute:
    pwd
In "/home/travis/cg", about to execute:
    ls -l
/home/travis/cg
In "/home/travis/cg", about to execute:
total 484
-rw-rw-r-- 1 travis travis  4895 Sep  3 02:09 CompiledCompositeActor_CompiledCompositeActor.class
-rw-rw-r-- 1 travis travis  1592 Sep  3 02:09 CompiledCompositeActor_CompiledCompositeActor$_CompiledCompositeActor_CompiledCompositeActor.class
-rw-rw-r-- 1 travis travis 13466 Sep  3 02:09 CompiledCompositeActor_CompiledCompositeActor.java
-rw-rw-r-- 1 travis travis  1593 Sep  3 02:09 CompiledCompositeActor_CompiledCompositeActor.mk
-rw-rw-r-- 1 travis travis  4457 Sep  3 02:09 JavaCompiledCompositeTest1_CompiledCompositeActor.class
-rw-rw-r-- 1 travis travis 11637 Sep  3 02:09 JavaCompiledCompositeTest1_CompiledCompositeActor.java
-rw-rw-r-- 1 travis travis  1198 Sep  3 02:09 JavaCompiledCompositeTest1_CompiledCompositeActor$_JavaCompiledCompositeTest1_CompiledCompositeActor.class
-rw-rw-r-- 1 travis travis  1625 Sep  3 02:09 JavaCompiledCompositeTest1_CompiledCompositeActor.mk
-rw-rw-r-- 1 travis travis  4888 Sep  3 02:09 JavaCompiledCompositeTest2_CompiledCompositeActor.class
-rw-rw-r-- 1 travis travis 14919 Sep  3 02:09 JavaCompiledCompositeTest2_CompiledCompositeActor.java
-rw-rw-r-- 1 travis travis  1793 Sep  3 02:09 JavaCompiledCompositeTest2_CompiledCompositeActor$_JavaCompiledCompositeTest2_CompiledCompositeActor.class
-rw-rw-r-- 1 travis travis  1625 Sep  3 02:09 JavaCompiledCompositeTest2_CompiledCompositeActor.mk
-rw-rw-r-- 1 travis travis  4505 Sep  3 02:09 JavaCompiledCompositeTest3_CompiledCompositeActor.class
-rw-rw-r-- 1 travis travis 13080 Sep  3 02:09 JavaCompiledCompositeTest3_CompiledCompositeActor.java
    javac -classpath
.:/home/travis/build/icyphy/ptII:/home/travis/build/icyphy/ptII/lib/bsh-2.0b4.j
ar:/home/travis/build/icyphy/ptII/lib/ptCal.jar:/home/travis/build/icyphy/ptII/
lib/java_cup.jar:/home/travis/build/icyphy/ptII/lib/saxon8.jar:/home/travis/bui
ld/icyphy/ptII/lib/saxon8-dom.jar:/home/travis/build/icyphy/ptII/lib/chic.jar:/
home/travis/build/icyphy/ptII/lib/ptcolt.jar:/usr/lib/jvm/java-8-oracle/lib/too
ls.jar:/usr/lib/eclipse/plugins/org.eclipse.jdt.core_3.8.2.dist.jar:/usr/lib/ec
lipse/plugins/org.eclipse.core.runtime_3.8.0.dist.jar:/usr/lib/eclipse/plugins/
org.eclipse.osgi_3.8.1.dist.jar:/usr/lib/eclipse/plugins/org.eclipse.core.resou
rces_3.8.1.dist.jar:/usr/lib/eclipse/plugins/org.eclipse.equinox.common_3.6.100
.dist.jar:/usr/lib/eclipse/plugins/org.eclipse.core.jobs_3.5.200.dist.jar:/usr/
lib/eclipse/plugins/org.eclipse.core.contenttype_3.4.200.dist.jar:/usr/lib/ecli
pse/plugins/org.eclipse.equinox.preferences_3.5.0.dist.jar:/usr/lib/eclipse/plu
gins/org.eclipse.text_3.5.200.dist.jar:/usr/lib/eclipse/plugins/org.eclipse.ui.
workbench_3.8.1.dist.jar:/usr/lib/eclipse/plugins/org.eclipse.jface_3.8.0.dist.
jar:/usr/lib/eclipse/plugins/org.eclipse.swt_3.8.2.jar:/usr/lib/eclipse/plugins
/org.eclipse.jface.text_3.8.1.dist.jar:/usr/lib/eclipse/plugins/org.eclipse.ui.
workbench.texteditor_3.8.0.dist.jar:/usr/lib/eclipse/plugins/org.eclipse.ui.edi
tors_3.8.0.dist.jar:/usr/lib/eclipse/plugins/org.eclipse.core.commands_3.6.1.di
st.jar:/usr/lib/eclipse/plugins/org.eclipse.equinox.registry_3.5.200.dist.jar:/
usr/lib/eclipse/plugins/org.eclipse.ui.console_3.5.100.dist.jar:/usr/lib/eclips
e/plugins/org.eclipse.ui.forms_3.5.200.dist.jar:/usr/lib/eclipse/plugins/org.ec
lipse.ui.ide_3.8.1.dist.jar:/home/travis/build/icyphy/ptII/vendors/oracle/dbxml
.jar:/home/travis/build/icyphy/ptII/vendors/oracle/db.jar:/home/travis/build/ic
yphy/ptII/vendors/misc/itext/iText.jar:/home/travis/build/icyphy/ptII/lib/g4ltl
.jar:/home/travis/build/icyphy/ptII/lib/StructuralCoder.jar:/home/travis/build/
icyphy/ptII/lib/org-openide-util.jar:/home/travis/build/icyphy/ptII/lib/org-ope
nide-util-lookup.jar:/home/travis/build/icyphy/ptII/lib/org-netbeans-api-visual
.jar:/home/travis/build/icyphy/ptII/vendors/jai-1_1_2_01/lib/jai_core.jar:/home
/travis/build/icyphy/ptII/vendors/jai-1_1_2_01/lib/jai_codec.jar:/home/travis/b
uild/icyphy/ptII/lib/jcerti.jar:/home/travis/build/icyphy/ptII/lib/smack.jar:/h
ome/travis/build/icyphy/ptII/lib/smackx.jar:/home/travis/build/icyphy/ptII/lib/
jetty-all-8.1.5-v20120716.jar:/home/travis/build/icyphy/ptII/lib/javax.servlet-
api-3.0.1.jar:/home/travis/build/icyphy/ptII/lib/javax.mail.jar:/home/travis/bu
ild/icyphy/ptII/vendors/JMF-2.1.1e/lib/jmf.jar:/home/travis/build/icyphy/ptII/l
ib/jna-4.0.0-variadic.jar:/home/travis/build/icyphy/ptII/vendors/misc/joystick/
Joystick.jar:/home/travis/build/icyphy/ptII/lib/ptjacl.jar:/home/travis/build/i
cyphy/ptII/lib/jsoup-1.8.2.jar:/home/travis/build/icyphy/ptII/lib/junit-4.8.2.j
ar:/home/travis/build/icyphy/ptII/lib/JUnitParams-0.4.0.jar:/home/travis/build/
icyphy/ptII/ptolemy/actor/lib/excel/jxl.jar:/home/travis/build/icyphy/ptII/lib/
jython.jar:/home/travis/build/icyphy/ptII/lib/kieler.jar:/home/travis/build/icy
phy/ptII/vendors/opencv/share/OpenCV/java/opencv-341.jar:/home/travis/build/icy
phy/ptII/lib/oscP5.jar:/home/travis/build/icyphy/ptII/lib/nrjavaserial-3.11.0.d
evel.jar:/home/travis/build/icyphy/ptII/vendors/j3d/lib/j3dcore.jar:/home/travi
s/build/icyphy/ptII/vendors/j3d/lib/j3dutils.jar:/home/travis/build/icyphy/ptII
/vendors/j3d/lib/vecmath.jar:/home/travis/build/icyphy/ptII/ptolemy/distributed
/jini/jar/jini-core.jar:/home/travis/build/icyphy/ptII/ptolemy/distributed/jini
/jar/jini-ext.jar:/home/travis/build/icyphy/ptII/ptolemy/distributed/jini/jar/s
un-util.jar:/home/travis/build/icyphy/ptII/lib/protobuf-java-2.4.1.jar:/home/tr
avis/build/icyphy/ptII/lib/org.eclipse.paho.client.mqttv3.jar:/home/travis/buil
d/icyphy/ptII/ptserver/lib/hessian-4.0.7.jar:/home/travis/build/icyphy/ptII/pts
erver/lib/wmqtt.jar:/home/travis/build/icyphy/ptII/lib/mapss.jar:/home/travis/b
uild/icyphy/ptII/ptolemy/actor/ptalon/antlr/antlr.jar:/home/travis/build/icyphy
/ptII/lib/JRI.jar:/home/travis/build/icyphy/ptII/lib/commons-lang-2.6.jar:/home
/travis/build/icyphy/ptII/lib/commons-logging-1.1.1.jar:/home/travis/build/icyp
hy/ptII/lib/sootclasses.jar:/home/travis/build/icyphy/ptII/ptolemy/actor/lib/da
tabase/mysql-connector-java-5.1.6-bin.jar:/home/travis/build/icyphy/ptII/vendor
s/misc/sphinx4/sphinx4-data-5prealpha.jar:/home/travis/build/icyphy/ptII/vendor
s/misc/sphinx4/sphinx4-core-5prealpha.jar:/home/travis/build/icyphy/ptII/lib/PD
FRenderer.jar:/home/travis/build/icyphy/ptII/lib/svgSalamander.jar:/home/travis
/build/icyphy/ptII/lib/rsyntaxtextarea-2.6.0-SNAPSHOT.jar:/home/travis/build/ic
yphy/ptII/lib/hazelcast-3.8.2.jar:/home/travis/build/icyphy/ptII/lib/jackson-an
notations-2.9.0.jar:/home/travis/build/icyphy/ptII/lib/jackson-core-2.9.3.jar:/
home/travis/build/icyphy/ptII/lib/jackson-databind-2.9.3.jar:/home/travis/build
/icyphy/ptII/lib/netty-buffer-4.1.19.Final.jar:/home/travis/build/icyphy/ptII/l
ib/netty-codec-4.1.19.Final.jar:/home/travis/build/icyphy/ptII/lib/netty-codec-
dns-4.1.19.Final.jar:/home/travis/build/icyphy/ptII/lib/netty-codec-http-4.1.19
.Final.jar:/home/travis/build/icyphy/ptII/lib/netty-codec-http2-4.1.19.Final.ja
r:/home/travis/build/icyphy/ptII/lib/netty-common-4.1.19.Final.jar:/home/travis
/build/icyphy/ptII/lib/netty-handler-4.1.19.Final.jar:/home/travis/build/icyphy
/ptII/lib/netty-resolver-4.1.19.Final.jar:/home/travis/build/icyphy/ptII/lib/ne
tty-resolver-dns-4.1.19.Final.jar:/home/travis/build/icyphy/ptII/lib/netty-tran
sport-4.1.19.Final.jar:/home/travis/build/icyphy/ptII/lib/vertx-codegen-3.5.1.j
ar:/home/travis/build/icyphy/ptII/lib/vertx-core-3.5.2-SNAPSHOT.jar:/home/travi
s/build/icyphy/ptII/lib/vertx-hazelcast-3.5.1.jar:/home/travis/build/icyphy/ptI
I/lib/vertx-lang-js-3.5.1.jar:/home/travis/build/icyphy/ptII/lib/vertx-service-
proxy-3.5.1.jar:/home/travis/build/icyphy/ptII/lib/vertx-web-3.5.1.jar:/home/tr
avis/build/icyphy/ptII/lib/slf4j-api-1.7.13.jar:/home/travis/build/icyphy/ptII/
lib/slf4j-simple-1.7.13.jar:/home/travis/build/icyphy/ptII/lib/webcam-capture-0
.3.12.jar:/home/travis/build/icyphy/ptII/lib/bridj-0.7.0.jar:/home/travis/build
/icyphy/ptII/lib/xbjlib-1.1.0.nrjavaserial.jar:/home/travis/build/icyphy/ptII/p
tolemy/moml/test:/home/travis/build/icyphy/ptII/ant/lib/ant-launcher.jar:/home/
travis/build/icyphy/ptII/ant/lib/ant.jar:/home/travis/build/icyphy/ptII/ant/lib
/ant-junit.jar:/home/travis/build/icyphy/ptII/ant/lib/ant-junit4.jar:/home/trav
is/build/icyphy/ptII
ModularCodeGen2_ModularCodeGenTypedCompositeActor_ModularCodeGenTypedCompositeA
ctor_profile.java
-rw-rw-r-- 1 travis travis  1378 Sep  3 02:09 JavaCompiledCompositeTest3_CompiledCompositeActor$_JavaCompiledCompositeTest3_CompiledCompositeActor.class
-rw-rw-r-- 1 travis travis  1625 Sep  3 02:09 JavaCompiledCompositeTest3_CompiledCompositeActor.mk
-rw-rw-r-- 1 travis travis  3953 Sep  3 02:09 JavaCompiledCompositeTest4_CompiledCompositeActor.class
-rw-rw-r-- 1 travis travis  9687 Sep  3 02:09 JavaCompiledCompositeTest4_CompiledCompositeActor.java
-rw-rw-r-- 1 travis travis   857 Sep  3 02:09 JavaCompiledCompositeTest4_CompiledCompositeActor$_JavaCompiledCompositeTest4_CompiledCompositeActor.class
-rw-rw-r-- 1 travis travis  1625 Sep  3 02:09 JavaCompiledCompositeTest4_CompiledCompositeActor.mk
-rw-rw-r-- 1 travis travis  3693 Sep  3 02:09 ModularCG_A1_B1.class
-rw-rw-r-- 1 travis travis  9730 Sep  3 02:09 ModularCG_A1_B1.java
-rw-rw-r-- 1 travis travis   832 Sep  3 02:09 ModularCG_A1_B1.mk
-rw-rw-r-- 1 travis travis  1318 Sep  3 02:09 ModularCG_A1_B1_profile.class
-rw-rw-r-- 1 travis travis  1262 Sep  3 02:09 ModularCG_A1_B1_profile.java
-rw-rw-r-- 1 travis travis  3693 Sep  3 02:09 ModularCG_A1_B2.class
-rw-rw-r-- 1 travis travis  9730 Sep  3 02:09 ModularCG_A1_B2.java
-rw-rw-r-- 1 travis travis   832 Sep  3 02:09 ModularCG_A1_B2.mk
-rw-rw-r-- 1 travis travis  1318 Sep  3 02:09 ModularCG_A1_B2_profile.class
-rw-rw-r-- 1 travis travis  1262 Sep  3 02:09 ModularCG_A1_B2_profile.java
-rw-rw-r-- 1 travis travis  4799 Sep  3 02:09 ModularCG_A1.class
-rw-rw-r-- 1 travis travis 14742 Sep  3 02:09 ModularCG_A1.java
-rw-rw-r-- 1 travis travis   808 Sep  3 02:09 ModularCG_A1.mk
-rw-rw-r-- 1 travis travis  1433 Sep  3 02:09 ModularCG_A1_profile.class
-rw-rw-r-- 1 travis travis  1704 Sep  3 02:09 ModularCG_A1_profile.java
-rw-rw-r-- 1 travis travis  3827 Sep  3 02:09 ModularCG_A2_B1.class
-rw-rw-r-- 1 travis travis 10667 Sep  3 02:09 ModularCG_A2_B1.java
-rw-rw-r-- 1 travis travis   832 Sep  3 02:09 ModularCG_A2_B1.mk
-rw-rw-r-- 1 travis travis  1381 Sep  3 02:09 ModularCG_A2_B1_profile.class
-rw-rw-r-- 1 travis travis  1446 Sep  3 02:09 ModularCG_A2_B1_profile.java
-rw-rw-r-- 1 travis travis  3693 Sep  3 02:09 ModularCG_A2_B2.class
-rw-rw-r-- 1 travis travis  9730 Sep  3 02:09 ModularCG_A2_B2.java
-rw-rw-r-- 1 travis travis   832 Sep  3 02:09 ModularCG_A2_B2.mk
-rw-rw-r-- 1 travis travis  1318 Sep  3 02:09 ModularCG_A2_B2_profile.class
-rw-rw-r-- 1 travis travis  1262 Sep  3 02:09 ModularCG_A2_B2_profile.java
-rw-rw-r-- 1 travis travis  4870 Sep  3 02:09 ModularCG_A2.class
-rw-rw-r-- 1 travis travis 15129 Sep  3 02:09 ModularCG_A2.java
-rw-rw-r-- 1 travis travis   808 Sep  3 02:09 ModularCG_A2.mk
-rw-rw-r-- 1 travis travis  1433 Sep  3 02:09 ModularCG_A2_profile.class
-rw-rw-r-- 1 travis travis  1704 Sep  3 02:09 ModularCG_A2_profile.java
-rw-rw-r-- 1 travis travis  3473 Sep  3 02:09 ModularCGPubSub_A1_A2.class
-rw-rw-r-- 1 travis travis  9076 Sep  3 02:09 ModularCGPubSub_A1_A2.java
-rw-rw-r-- 1 travis travis   880 Sep  3 02:09 ModularCGPubSub_A1_A2.mk
-rw-rw-r-- 1 travis travis  1300 Sep  3 02:09 ModularCGPubSub_A1_A2_profile.class
-rw-rw-r-- 1 travis travis  1222 Sep  3 02:09 ModularCGPubSub_A1_A2_profile.java
-rw-rw-r-- 1 travis travis  3790 Sep  3 02:09 ModularCGPubSub_A1.class
-rw-rw-r-- 1 travis travis  9836 Sep  3 02:09 ModularCGPubSub_A1.java
-rw-rw-r-- 1 travis travis   856 Sep  3 02:09 ModularCGPubSub_A1.mk
-rw-rw-r-- 1 travis travis  1346 Sep  3 02:09 ModularCGPubSub_A1_profile.class
-rw-rw-r-- 1 travis travis  1388 Sep  3 02:09 ModularCGPubSub_A1_profile.java
-rw-rw-r-- 1 travis travis  1294 Sep  3 02:09 ModularCodeGen2_ModularCodeGenTypedCompositeActor_ModularCodeGenTypedCompositeActor_profile.java
-rw-rw-r-- 1 travis travis  3954 Sep  3 02:09 ModularCodeGen_ModularCodeGenTypedCompositeActor.class
-rw-rw-r-- 1 travis travis 10970 Sep  3 02:09 ModularCodeGen_ModularCodeGenTypedCompositeActor.java
-rw-rw-r-- 1 travis travis  1096 Sep  3 02:09 ModularCodeGen_ModularCodeGenTypedCompositeActor.mk
-rw-rw-r-- 1 travis travis  1384 Sep  3 02:09 ModularCodeGen_ModularCodeGenTypedCompositeActor_profile.class
-rw-rw-r-- 1 travis travis  1328 Sep  3 02:09 ModularCodeGen_ModularCodeGenTypedCompositeActor_profile.java
-rw-rw-r-- 1 travis travis  3492 Sep  3 02:08 ModularCodeGenTest_A1_A2.class
-rw-rw-r-- 1 travis travis  9164 Sep  3 02:08 ModularCodeGenTest_A1_A2.java
-rw-rw-r-- 1 travis travis   904 Sep  3 02:08 ModularCodeGenTest_A1_A2.mk
-rw-rw-r-- 1 travis travis  1306 Sep  3 02:08 ModularCodeGenTest_A1_A2_profile.class
-rw-rw-r-- 1 travis travis  1228 Sep  3 02:08 ModularCodeGenTest_A1_A2_profile.java
-rw-rw-r-- 1 travis travis  3823 Sep  3 02:09 ModularCodeGenTest_A1.class
-rw-rw-r-- 1 travis travis  9968 Sep  3 02:09 ModularCodeGenTest_A1.java
-rw-rw-r-- 1 travis travis   880 Sep  3 02:09 ModularCodeGenTest_A1.mk
-rw-rw-r-- 1 travis travis  1352 Sep  3 02:09 ModularCodeGenTest_A1_profile.class
-rw-rw-r-- 1 travis travis  1394 Sep  3 02:08 ModularCodeGenTest_A1_profile.java
-rw-rw-r-- 1 travis travis   432 Sep  3 02:09 Token.class
-rw-rw-r-- 1 travis travis   251 Sep  3 02:09 Token.java
warning: Supported source version 'RELEASE_6' from annotation processor 'org.netbeans.modules.openide.util.NbBundleProcessor' less than -source '1.8'
warning: Supported source version 'RELEASE_6' from annotation processor 'org.netbeans.modules.openide.util.URLStreamHandlerRegistrationProcessor' less than -source '1.8'
warning: Supported source version 'RELEASE_6' from annotation processor 'org.netbeans.modules.openide.util.ServiceProviderProcessor' less than -source '1.8'
3 warnings
All Done
Writing ModularCodeGen2_ModularCodeGenTypedCompositeActor_ModularCodeGenTypedCompositeActor.java in file:/home/travis/cg/ (11790 characters)
Reading "ptolemy/cg/kernel/generic/program/procedural/java/modular/makefile.in",
    writing "/home/travis/cg/ModularCodeGen2_ModularCodeGenTypedCompositeActor_ModularCodeGenTypedCompositeActor.mk"
Using ptolemy/cg/kernel/generic/program/procedural/java/modular/makefile.in
In "/home/travis/cg", about to execute:
    make -f
ModularCodeGen2_ModularCodeGenTypedCompositeActor_ModularCodeGenTypedCompositeA
ctor.mk
javac -classpath ".:.."    ModularCodeGen2_ModularCodeGenTypedCompositeActor_ModularCodeGenTypedCompositeActor.java
All Done
In "/home/travis/cg", about to execute:
    pwd
In "/home/travis/cg", about to execute:
    ls -l
/home/travis/cg
In "/home/travis/cg", about to execute:
    javac -classpath
.:/home/travis/build/icyphy/ptII:/home/travis/build/icyphy/ptII/lib/bsh-2.0b4.j
ar:/home/travis/build/icyphy/ptII/lib/ptCal.jar:/home/travis/build/icyphy/ptII/
lib/java_cup.jar:/home/travis/build/icyphy/ptII/lib/saxon8.jar:/home/travis/bui
ld/icyphy/ptII/lib/saxon8-dom.jar:/home/travis/build/icyphy/ptII/lib/chic.jar:/
home/travis/build/icyphy/ptII/lib/ptcolt.jar:/usr/lib/jvm/java-8-oracle/lib/too
ls.jar:/usr/lib/eclipse/plugins/org.eclipse.jdt.core_3.8.2.dist.jar:/usr/lib/ec
lipse/plugins/org.eclipse.core.runtime_3.8.0.dist.jar:/usr/lib/eclipse/plugins/
org.eclipse.osgi_3.8.1.dist.jar:/usr/lib/eclipse/plugins/org.eclipse.core.resou
rces_3.8.1.dist.jar:/usr/lib/eclipse/plugins/org.eclipse.equinox.common_3.6.100
.dist.jar:/usr/lib/eclipse/plugins/org.eclipse.core.jobs_3.5.200.dist.jar:/usr/
lib/eclipse/plugins/org.eclipse.core.contenttype_3.4.200.dist.jar:/usr/lib/ecli
pse/plugins/org.eclipse.equinox.preferences_3.5.0.dist.jar:/usr/lib/eclipse/plu
gins/org.eclipse.text_3.5.200.dist.jar:/usr/lib/eclipse/plugins/org.eclipse.ui.
workbench_3.8.1.dist.jar:/usr/lib/eclipse/plugins/org.eclipse.jface_3.8.0.dist.
jar:/usr/lib/eclipse/plugins/org.eclipse.swt_3.8.2.jar:/usr/lib/eclipse/plugins
/org.eclipse.jface.text_3.8.1.dist.jar:/usr/lib/eclipse/plugins/org.eclipse.ui.
workbench.texteditor_3.8.0.dist.jar:/usr/lib/eclipse/plugins/org.eclipse.ui.edi
tors_3.8.0.dist.jar:/usr/lib/eclipse/plugins/org.eclipse.core.commands_3.6.1.di
st.jar:/usr/lib/eclipse/plugins/org.eclipse.equinox.registry_3.5.200.dist.jar:/
usr/lib/eclipse/plugins/org.eclipse.ui.console_3.5.100.dist.jar:/usr/lib/eclips
e/plugins/org.eclipse.ui.forms_3.5.200.dist.jar:/usr/lib/eclipse/plugins/org.ec
lipse.ui.ide_3.8.1.dist.jar:/home/travis/build/icyphy/ptII/vendors/oracle/dbxml
.jar:/home/travis/build/icyphy/ptII/vendors/oracle/db.jar:/home/travis/build/ic
yphy/ptII/vendors/misc/itext/iText.jar:/home/travis/build/icyphy/ptII/lib/g4ltl
.jar:/home/travis/build/icyphy/ptII/lib/StructuralCoder.jar:/home/travis/build/
icyphy/ptII/lib/org-openide-util.jar:/home/travis/build/icyphy/ptII/lib/org-ope
nide-util-lookup.jar:/home/travis/build/icyphy/ptII/lib/org-netbeans-api-visual
.jar:/home/travis/build/icyphy/ptII/vendors/jai-1_1_2_01/lib/jai_core.jar:/home
/travis/build/icyphy/ptII/vendors/jai-1_1_2_01/lib/jai_codec.jar:/home/travis/b
uild/icyphy/ptII/lib/jcerti.jar:/home/travis/build/icyphy/ptII/lib/smack.jar:/h
ome/travis/build/icyphy/ptII/lib/smackx.jar:/home/travis/build/icyphy/ptII/lib/
jetty-all-8.1.5-v20120716.jar:/home/travis/build/icyphy/ptII/lib/javax.servlet-
api-3.0.1.jar:/home/travis/build/icyphy/ptII/lib/javax.mail.jar:/home/travis/bu
ild/icyphy/ptII/vendors/JMF-2.1.1e/lib/jmf.jar:/home/travis/build/icyphy/ptII/l
ib/jna-4.0.0-variadic.jar:/home/travis/build/icyphy/ptII/vendors/misc/joystick/
Joystick.jar:/home/travis/build/icyphy/ptII/lib/ptjacl.jar:/home/travis/build/i
cyphy/ptII/lib/jsoup-1.8.2.jar:/home/travis/build/icyphy/ptII/lib/junit-4.8.2.j
ar:/home/travis/build/icyphy/ptII/lib/JUnitParams-0.4.0.jar:/home/travis/build/
icyphy/ptII/ptolemy/actor/lib/excel/jxl.jar:/home/travis/build/icyphy/ptII/lib/
jython.jar:/home/travis/build/icyphy/ptII/lib/kieler.jar:/home/travis/build/icy
phy/ptII/vendors/opencv/share/OpenCV/java/opencv-341.jar:/home/travis/build/icy
phy/ptII/lib/oscP5.jar:/home/travis/build/icyphy/ptII/lib/nrjavaserial-3.11.0.d
evel.jar:/home/travis/build/icyphy/ptII/vendors/j3d/lib/j3dcore.jar:/home/travi
s/build/icyphy/ptII/vendors/j3d/lib/j3dutils.jar:/home/travis/build/icyphy/ptII
/vendors/j3d/lib/vecmath.jar:/home/travis/build/icyphy/ptII/ptolemy/distributed
/jini/jar/jini-core.jar:/home/travis/build/icyphy/ptII/ptolemy/distributed/jini
/jar/jini-ext.jar:/home/travis/build/icyphy/ptII/ptolemy/distributed/jini/jar/s
un-util.jar:/home/travis/build/icyphy/ptII/lib/protobuf-java-2.4.1.jar:/home/tr
avis/build/icyphy/ptII/lib/org.eclipse.paho.client.mqttv3.jar:/home/travis/buil
d/icyphy/ptII/ptserver/lib/hessian-4.0.7.jar:/home/travis/build/icyphy/ptII/pts
erver/lib/wmqtt.jar:/home/travis/build/icyphy/ptII/lib/mapss.jar:/home/travis/b
uild/icyphy/ptII/ptolemy/actor/ptalon/antlr/antlr.jar:/home/travis/build/icyphy
/ptII/lib/JRI.jar:/home/travis/build/icyphy/ptII/lib/commons-lang-2.6.jar:/home
/travis/build/icyphy/ptII/lib/commons-logging-1.1.1.jar:/home/travis/build/icyp
hy/ptII/lib/sootclasses.jar:/home/travis/build/icyphy/ptII/ptolemy/actor/lib/da
tabase/mysql-connector-java-5.1.6-bin.jar:/home/travis/build/icyphy/ptII/vendor
s/misc/sphinx4/sphinx4-data-5prealpha.jar:/home/travis/build/icyphy/ptII/vendor
s/misc/sphinx4/sphinx4-core-5prealpha.jar:/home/travis/build/icyphy/ptII/lib/PD
FRenderer.jar:/home/travis/build/icyphy/ptII/lib/svgSalamander.jar:/home/travis
/build/icyphy/ptII/lib/rsyntaxtextarea-2.6.0-SNAPSHOT.jar:/home/travis/build/ic
yphy/ptII/lib/hazelcast-3.8.2.jar:/home/travis/build/icyphy/ptII/lib/jackson-an
notations-2.9.0.jar:/home/travis/build/icyphy/ptII/lib/jackson-core-2.9.3.jar:/
home/travis/build/icyphy/ptII/lib/jackson-databind-2.9.3.jar:/home/travis/build
/icyphy/ptII/lib/netty-buffer-4.1.19.Final.jar:/home/travis/build/icyphy/ptII/l
ib/netty-codec-4.1.19.Final.jar:/home/travis/build/icyphy/ptII/lib/netty-codec-
dns-4.1.19.Final.jar:/home/travis/build/icyphy/ptII/lib/netty-codec-http-4.1.19
.Final.jar:/home/travis/build/icyphy/ptII/lib/netty-codec-http2-4.1.19.Final.ja
r:/home/travis/build/icyphy/ptII/lib/netty-common-4.1.19.Final.jar:/home/travis
/build/icyphy/ptII/lib/netty-handler-4.1.19.Final.jar:/home/travis/build/icyphy
/ptII/lib/netty-resolver-4.1.19.Final.jar:/home/travis/build/icyphy/ptII/lib/ne
tty-resolver-dns-4.1.19.Final.jar:/home/travis/build/icyphy/ptII/lib/netty-tran
sport-4.1.19.Final.jar:/home/travis/build/icyphy/ptII/lib/vertx-codegen-3.5.1.j
ar:/home/travis/build/icyphy/ptII/lib/vertx-core-3.5.2-SNAPSHOT.jar:/home/travi
s/build/icyphy/ptII/lib/vertx-hazelcast-3.5.1.jar:/home/travis/build/icyphy/ptI
I/lib/vertx-lang-js-3.5.1.jar:/home/travis/build/icyphy/ptII/lib/vertx-service-
proxy-3.5.1.jar:/home/travis/build/icyphy/ptII/lib/vertx-web-3.5.1.jar:/home/tr
avis/build/icyphy/ptII/lib/slf4j-api-1.7.13.jar:/home/travis/build/icyphy/ptII/
lib/slf4j-simple-1.7.13.jar:/home/travis/build/icyphy/ptII/lib/webcam-capture-0
.3.12.jar:/home/travis/build/icyphy/ptII/lib/bridj-0.7.0.jar:/home/travis/build
/icyphy/ptII/lib/xbjlib-1.1.0.nrjavaserial.jar:/home/travis/build/icyphy/ptII/p
tolemy/moml/test:/home/travis/build/icyphy/ptII/ant/lib/ant-launcher.jar:/home/
travis/build/icyphy/ptII/ant/lib/ant.jar:/home/travis/build/icyphy/ptII/ant/lib
/ant-junit.jar:/home/travis/build/icyphy/ptII/ant/lib/ant-junit4.jar:/home/trav
is/build/icyphy/ptII
ModularCodeGen2_ModularCodeGenTypedCompositeActor_profile.java
total 516
-rw-rw-r-- 1 travis travis  4895 Sep  3 02:09 CompiledCompositeActor_CompiledCompositeActor.class
-rw-rw-r-- 1 travis travis  1592 Sep  3 02:09 CompiledCompositeActor_CompiledCompositeActor$_CompiledCompositeActor_CompiledCompositeActor.class
-rw-rw-r-- 1 travis travis 13466 Sep  3 02:09 CompiledCompositeActor_CompiledCompositeActor.java
-rw-rw-r-- 1 travis travis  1593 Sep  3 02:09 CompiledCompositeActor_CompiledCompositeActor.mk
-rw-rw-r-- 1 travis travis  4457 Sep  3 02:09 JavaCompiledCompositeTest1_CompiledCompositeActor.class
-rw-rw-r-- 1 travis travis 11637 Sep  3 02:09 JavaCompiledCompositeTest1_CompiledCompositeActor.java
-rw-rw-r-- 1 travis travis  1198 Sep  3 02:09 JavaCompiledCompositeTest1_CompiledCompositeActor$_JavaCompiledCompositeTest1_CompiledCompositeActor.class
-rw-rw-r-- 1 travis travis  1625 Sep  3 02:09 JavaCompiledCompositeTest1_CompiledCompositeActor.mk
-rw-rw-r-- 1 travis travis  4888 Sep  3 02:09 JavaCompiledCompositeTest2_CompiledCompositeActor.class
-rw-rw-r-- 1 travis travis 14919 Sep  3 02:09 JavaCompiledCompositeTest2_CompiledCompositeActor.java
-rw-rw-r-- 1 travis travis  1793 Sep  3 02:09 JavaCompiledCompositeTest2_CompiledCompositeActor$_JavaCompiledCompositeTest2_CompiledCompositeActor.class
-rw-rw-r-- 1 travis travis  1625 Sep  3 02:09 JavaCompiledCompositeTest2_CompiledCompositeActor.mk
-rw-rw-r-- 1 travis travis  4505 Sep  3 02:09 JavaCompiledCompositeTest3_CompiledCompositeActor.class
-rw-rw-r-- 1 travis travis 13080 Sep  3 02:09 JavaCompiledCompositeTest3_CompiledCompositeActor.java
-rw-rw-r-- 1 travis travis  1378 Sep  3 02:09 JavaCompiledCompositeTest3_CompiledCompositeActor$_JavaCompiledCompositeTest3_CompiledCompositeActor.class
-rw-rw-r-- 1 travis travis  1625 Sep  3 02:09 JavaCompiledCompositeTest3_CompiledCompositeActor.mk
-rw-rw-r-- 1 travis travis  3953 Sep  3 02:09 JavaCompiledCompositeTest4_CompiledCompositeActor.class
-rw-rw-r-- 1 travis travis  9687 Sep  3 02:09 JavaCompiledCompositeTest4_CompiledCompositeActor.java
-rw-rw-r-- 1 travis travis   857 Sep  3 02:09 JavaCompiledCompositeTest4_CompiledCompositeActor$_JavaCompiledCompositeTest4_CompiledCompositeActor.class
-rw-rw-r-- 1 travis travis  1625 Sep  3 02:09 JavaCompiledCompositeTest4_CompiledCompositeActor.mk
-rw-rw-r-- 1 travis travis  3693 Sep  3 02:09 ModularCG_A1_B1.class
-rw-rw-r-- 1 travis travis  9730 Sep  3 02:09 ModularCG_A1_B1.java
-rw-rw-r-- 1 travis travis   832 Sep  3 02:09 ModularCG_A1_B1.mk
-rw-rw-r-- 1 travis travis  1318 Sep  3 02:09 ModularCG_A1_B1_profile.class
-rw-rw-r-- 1 travis travis  1262 Sep  3 02:09 ModularCG_A1_B1_profile.java
-rw-rw-r-- 1 travis travis  3693 Sep  3 02:09 ModularCG_A1_B2.class
-rw-rw-r-- 1 travis travis  9730 Sep  3 02:09 ModularCG_A1_B2.java
-rw-rw-r-- 1 travis travis   832 Sep  3 02:09 ModularCG_A1_B2.mk
-rw-rw-r-- 1 travis travis  1318 Sep  3 02:09 ModularCG_A1_B2_profile.class
-rw-rw-r-- 1 travis travis  1262 Sep  3 02:09 ModularCG_A1_B2_profile.java
-rw-rw-r-- 1 travis travis  4799 Sep  3 02:09 ModularCG_A1.class
-rw-rw-r-- 1 travis travis 14742 Sep  3 02:09 ModularCG_A1.java
-rw-rw-r-- 1 travis travis   808 Sep  3 02:09 ModularCG_A1.mk
-rw-rw-r-- 1 travis travis  1433 Sep  3 02:09 ModularCG_A1_profile.class
-rw-rw-r-- 1 travis travis  1704 Sep  3 02:09 ModularCG_A1_profile.java
-rw-rw-r-- 1 travis travis  3827 Sep  3 02:09 ModularCG_A2_B1.class
-rw-rw-r-- 1 travis travis 10667 Sep  3 02:09 ModularCG_A2_B1.java
-rw-rw-r-- 1 travis travis   832 Sep  3 02:09 ModularCG_A2_B1.mk
-rw-rw-r-- 1 travis travis  1381 Sep  3 02:09 ModularCG_A2_B1_profile.class
-rw-rw-r-- 1 travis travis  1446 Sep  3 02:09 ModularCG_A2_B1_profile.java
-rw-rw-r-- 1 travis travis  3693 Sep  3 02:09 ModularCG_A2_B2.class
-rw-rw-r-- 1 travis travis  9730 Sep  3 02:09 ModularCG_A2_B2.java
-rw-rw-r-- 1 travis travis   832 Sep  3 02:09 ModularCG_A2_B2.mk
-rw-rw-r-- 1 travis travis  1318 Sep  3 02:09 ModularCG_A2_B2_profile.class
-rw-rw-r-- 1 travis travis  1262 Sep  3 02:09 ModularCG_A2_B2_profile.java
-rw-rw-r-- 1 travis travis  4870 Sep  3 02:09 ModularCG_A2.class
-rw-rw-r-- 1 travis travis 15129 Sep  3 02:09 ModularCG_A2.java
-rw-rw-r-- 1 travis travis   808 Sep  3 02:09 ModularCG_A2.mk
-rw-rw-r-- 1 travis travis  1433 Sep  3 02:09 ModularCG_A2_profile.class
-rw-rw-r-- 1 travis travis  1704 Sep  3 02:09 ModularCG_A2_profile.java
-rw-rw-r-- 1 travis travis  3473 Sep  3 02:09 ModularCGPubSub_A1_A2.class
-rw-rw-r-- 1 travis travis  9076 Sep  3 02:09 ModularCGPubSub_A1_A2.java
-rw-rw-r-- 1 travis travis   880 Sep  3 02:09 ModularCGPubSub_A1_A2.mk
-rw-rw-r-- 1 travis travis  1300 Sep  3 02:09 ModularCGPubSub_A1_A2_profile.class
-rw-rw-r-- 1 travis travis  1222 Sep  3 02:09 ModularCGPubSub_A1_A2_profile.java
-rw-rw-r-- 1 travis travis  3790 Sep  3 02:09 ModularCGPubSub_A1.class
-rw-rw-r-- 1 travis travis  9836 Sep  3 02:09 ModularCGPubSub_A1.java
-rw-rw-r-- 1 travis travis   856 Sep  3 02:09 ModularCGPubSub_A1.mk
-rw-rw-r-- 1 travis travis  1346 Sep  3 02:09 ModularCGPubSub_A1_profile.class
-rw-rw-r-- 1 travis travis  1388 Sep  3 02:09 ModularCGPubSub_A1_profile.java
-rw-rw-r-- 1 travis travis  4272 Sep  3 02:09 ModularCodeGen2_ModularCodeGenTypedCompositeActor_ModularCodeGenTypedCompositeActor.class
-rw-rw-r-- 1 travis travis 11790 Sep  3 02:09 ModularCodeGen2_ModularCodeGenTypedCompositeActor_ModularCodeGenTypedCompositeActor.java
-rw-rw-r-- 1 travis travis  1376 Sep  3 02:09 ModularCodeGen2_ModularCodeGenTypedCompositeActor_ModularCodeGenTypedCompositeActor.mk
-rw-rw-r-- 1 travis travis  1421 Sep  3 02:09 ModularCodeGen2_ModularCodeGenTypedCompositeActor_ModularCodeGenTypedCompositeActor_profile.class
-rw-rw-r-- 1 travis travis  1294 Sep  3 02:09 ModularCodeGen2_ModularCodeGenTypedCompositeActor_ModularCodeGenTypedCompositeActor_profile.java
-rw-rw-r-- 1 travis travis   693 Sep  3 02:09 ModularCodeGen2_ModularCodeGenTypedCompositeActor_profile.java
-rw-rw-r-- 1 travis travis  3954 Sep  3 02:09 ModularCodeGen_ModularCodeGenTypedCompositeActor.class
-rw-rw-r-- 1 travis travis 10970 Sep  3 02:09 ModularCodeGen_ModularCodeGenTypedCompositeActor.java
-rw-rw-r-- 1 travis travis  1096 Sep  3 02:09 ModularCodeGen_ModularCodeGenTypedCompositeActor.mk
-rw-rw-r-- 1 travis travis  1384 Sep  3 02:09 ModularCodeGen_ModularCodeGenTypedCompositeActor_profile.class
-rw-rw-r-- 1 travis travis  1328 Sep  3 02:09 ModularCodeGen_ModularCodeGenTypedCompositeActor_profile.java
-rw-rw-r-- 1 travis travis  3492 Sep  3 02:08 ModularCodeGenTest_A1_A2.class
-rw-rw-r-- 1 travis travis  9164 Sep  3 02:08 ModularCodeGenTest_A1_A2.java
-rw-rw-r-- 1 travis travis   904 Sep  3 02:08 ModularCodeGenTest_A1_A2.mk
-rw-rw-r-- 1 travis travis  1306 Sep  3 02:08 ModularCodeGenTest_A1_A2_profile.class
-rw-rw-r-- 1 travis travis  1228 Sep  3 02:08 ModularCodeGenTest_A1_A2_profile.java
-rw-rw-r-- 1 travis travis  3823 Sep  3 02:09 ModularCodeGenTest_A1.class
-rw-rw-r-- 1 travis travis  9968 Sep  3 02:09 ModularCodeGenTest_A1.java
-rw-rw-r-- 1 travis travis   880 Sep  3 02:09 ModularCodeGenTest_A1.mk
-rw-rw-r-- 1 travis travis  1352 Sep  3 02:09 ModularCodeGenTest_A1_profile.class
-rw-rw-r-- 1 travis travis  1394 Sep  3 02:08 ModularCodeGenTest_A1_profile.java
-rw-rw-r-- 1 travis travis   432 Sep  3 02:09 Token.class
-rw-rw-r-- 1 travis travis   251 Sep  3 02:09 Token.java
warning: Supported source version 'RELEASE_6' from annotation processor 'org.netbeans.modules.openide.util.NbBundleProcessor' less than -source '1.8'
warning: Supported source version 'RELEASE_6' from annotation processor 'org.netbeans.modules.openide.util.URLStreamHandlerRegistrationProcessor' less than -source '1.8'
warning: Supported source version 'RELEASE_6' from annotation processor 'org.netbeans.modules.openide.util.ServiceProviderProcessor' less than -source '1.8'
3 warnings
All Done
Writing ModularCodeGen2_ModularCodeGenTypedCompositeActor.java in file:/home/travis/cg/ (11690 characters)
Reading "ptolemy/cg/kernel/generic/program/procedural/java/modular/makefile.in",
    writing "/home/travis/cg/ModularCodeGen2_ModularCodeGenTypedCompositeActor.mk"
Using ptolemy/cg/kernel/generic/program/procedural/java/modular/makefile.in
In "/home/travis/cg", about to execute:
    make -f ModularCodeGen2_ModularCodeGenTypedCompositeActor.mk
javac -classpath ".:.."    ModularCodeGen2_ModularCodeGenTypedCompositeActor.java
All Done
5216 ms. Memory: 167424K Free: 146871K (88%)
----------------- Invoking toplevel() on ptolemy.moml.MoMLSimpleApplication@3ed702c7
----------------- Done invoking toplevel() on ptolemy.moml.MoMLSimpleApplication@3ed702c7
reloadAllAccessors: .ModularCodeGen2

===========================================================================================
----------------- testing Mon Sep 03 02:09:36 UTC 2018 /home/travis/build/icyphy/ptII/ptolemy/cg/lib/test/auto/ModularCodeGen3.xml
----------------- Instantiating /home/travis/build/icyphy/ptII/ptolemy/cg/lib/test/auto/ModularCodeGen3.xml
In "/home/travis/cg", about to execute:
    pwd
In "/home/travis/cg", about to execute:
    ls -l
/home/travis/cg
In "/home/travis/cg", about to execute:
    javac -classpath
.:/home/travis/build/icyphy/ptII:/home/travis/build/icyphy/ptII/lib/bsh-2.0b4.j
ar:/home/travis/build/icyphy/ptII/lib/ptCal.jar:/home/travis/build/icyphy/ptII/
lib/java_cup.jar:/home/travis/build/icyphy/ptII/lib/saxon8.jar:/home/travis/bui
ld/icyphy/ptII/lib/saxon8-dom.jar:/home/travis/build/icyphy/ptII/lib/chic.jar:/
home/travis/build/icyphy/ptII/lib/ptcolt.jar:/usr/lib/jvm/java-8-oracle/lib/too
ls.jar:/usr/lib/eclipse/plugins/org.eclipse.jdt.core_3.8.2.dist.jar:/usr/lib/ec
lipse/plugins/org.eclipse.core.runtime_3.8.0.dist.jar:/usr/lib/eclipse/plugins/
org.eclipse.osgi_3.8.1.dist.jar:/usr/lib/eclipse/plugins/org.eclipse.core.resou
rces_3.8.1.dist.jar:/usr/lib/eclipse/plugins/org.eclipse.equinox.common_3.6.100
.dist.jar:/usr/lib/eclipse/plugins/org.eclipse.core.jobs_3.5.200.dist.jar:/usr/
lib/eclipse/plugins/org.eclipse.core.contenttype_3.4.200.dist.jar:/usr/lib/ecli
pse/plugins/org.eclipse.equinox.preferences_3.5.0.dist.jar:/usr/lib/eclipse/plu
gins/org.eclipse.text_3.5.200.dist.jar:/usr/lib/eclipse/plugins/org.eclipse.ui.
workbench_3.8.1.dist.jar:/usr/lib/eclipse/plugins/org.eclipse.jface_3.8.0.dist.
jar:/usr/lib/eclipse/plugins/org.eclipse.swt_3.8.2.jar:/usr/lib/eclipse/plugins
/org.eclipse.jface.text_3.8.1.dist.jar:/usr/lib/eclipse/plugins/org.eclipse.ui.
workbench.texteditor_3.8.0.dist.jar:/usr/lib/eclipse/plugins/org.eclipse.ui.edi
tors_3.8.0.dist.jar:/usr/lib/eclipse/plugins/org.eclipse.core.commands_3.6.1.di
st.jar:/usr/lib/eclipse/plugins/org.eclipse.equinox.registry_3.5.200.dist.jar:/
usr/lib/eclipse/plugins/org.eclipse.ui.console_3.5.100.dist.jar:/usr/lib/eclips
e/plugins/org.eclipse.ui.forms_3.5.200.dist.jar:/usr/lib/eclipse/plugins/org.ec
lipse.ui.ide_3.8.1.dist.jar:/home/travis/build/icyphy/ptII/vendors/oracle/dbxml
.jar:/home/travis/build/icyphy/ptII/vendors/oracle/db.jar:/home/travis/build/ic
yphy/ptII/vendors/misc/itext/iText.jar:/home/travis/build/icyphy/ptII/lib/g4ltl
.jar:/home/travis/build/icyphy/ptII/lib/StructuralCoder.jar:/home/travis/build/
icyphy/ptII/lib/org-openide-util.jar:/home/travis/build/icyphy/ptII/lib/org-ope
nide-util-lookup.jar:/home/travis/build/icyphy/ptII/lib/org-netbeans-api-visual
.jar:/home/travis/build/icyphy/ptII/vendors/jai-1_1_2_01/lib/jai_core.jar:/home
/travis/build/icyphy/ptII/vendors/jai-1_1_2_01/lib/jai_codec.jar:/home/travis/b
uild/icyphy/ptII/lib/jcerti.jar:/home/travis/build/icyphy/ptII/lib/smack.jar:/h
ome/travis/build/icyphy/ptII/lib/smackx.jar:/home/travis/build/icyphy/ptII/lib/
jetty-all-8.1.5-v20120716.jar:/home/travis/build/icyphy/ptII/lib/javax.servlet-
api-3.0.1.jar:/home/travis/build/icyphy/ptII/lib/javax.mail.jar:/home/travis/bu
ild/icyphy/ptII/vendors/JMF-2.1.1e/lib/jmf.jar:/home/travis/build/icyphy/ptII/l
ib/jna-4.0.0-variadic.jar:/home/travis/build/icyphy/ptII/vendors/misc/joystick/
Joystick.jar:/home/travis/build/icyphy/ptII/lib/ptjacl.jar:/home/travis/build/i
cyphy/ptII/lib/jsoup-1.8.2.jar:/home/travis/build/icyphy/ptII/lib/junit-4.8.2.j
ar:/home/travis/build/icyphy/ptII/lib/JUnitParams-0.4.0.jar:/home/travis/build/
icyphy/ptII/ptolemy/actor/lib/excel/jxl.jar:/home/travis/build/icyphy/ptII/lib/
jython.jar:/home/travis/build/icyphy/ptII/lib/kieler.jar:/home/travis/build/icy
phy/ptII/vendors/opencv/share/OpenCV/java/opencv-341.jar:/home/travis/build/icy
phy/ptII/lib/oscP5.jar:/home/travis/build/icyphy/ptII/lib/nrjavaserial-3.11.0.d
evel.jar:/home/travis/build/icyphy/ptII/vendors/j3d/lib/j3dcore.jar:/home/travi
s/build/icyphy/ptII/vendors/j3d/lib/j3dutils.jar:/home/travis/build/icyphy/ptII
/vendors/j3d/lib/vecmath.jar:/home/travis/build/icyphy/ptII/ptolemy/distributed
/jini/jar/jini-core.jar:/home/travis/build/icyphy/ptII/ptolemy/distributed/jini
/jar/jini-ext.jar:/home/travis/build/icyphy/ptII/ptolemy/distributed/jini/jar/s
un-util.jar:/home/travis/build/icyphy/ptII/lib/protobuf-java-2.4.1.jar:/home/tr
avis/build/icyphy/ptII/lib/org.eclipse.paho.client.mqttv3.jar:/home/travis/buil
d/icyphy/ptII/ptserver/lib/hessian-4.0.7.jar:/home/travis/build/icyphy/ptII/pts
erver/lib/wmqtt.jar:/home/travis/build/icyphy/ptII/lib/mapss.jar:/home/travis/b
uild/icyphy/ptII/ptolemy/actor/ptalon/antlr/antlr.jar:/home/travis/build/icyphy
/ptII/lib/JRI.jar:/home/travis/build/icyphy/ptII/lib/commons-lang-2.6.jar:/home
/travis/build/icyphy/ptII/lib/commons-logging-1.1.1.jar:/home/travis/build/icyp
hy/ptII/lib/sootclasses.jar:/home/travis/build/icyphy/ptII/ptolemy/actor/lib/da
tabase/mysql-connector-java-5.1.6-bin.jar:/home/travis/build/icyphy/ptII/vendor
s/misc/sphinx4/sphinx4-data-5prealpha.jar:/home/travis/build/icyphy/ptII/vendor
s/misc/sphinx4/sphinx4-core-5prealpha.jar:/home/travis/build/icyphy/ptII/lib/PD
FRenderer.jar:/home/travis/build/icyphy/ptII/lib/svgSalamander.jar:/home/travis
/build/icyphy/ptII/lib/rsyntaxtextarea-2.6.0-SNAPSHOT.jar:/home/travis/build/ic
yphy/ptII/lib/hazelcast-3.8.2.jar:/home/travis/build/icyphy/ptII/lib/jackson-an
notations-2.9.0.jar:/home/travis/build/icyphy/ptII/lib/jackson-core-2.9.3.jar:/
home/travis/build/icyphy/ptII/lib/jackson-databind-2.9.3.jar:/home/travis/build
/icyphy/ptII/lib/netty-buffer-4.1.19.Final.jar:/home/travis/build/icyphy/ptII/l
ib/netty-codec-4.1.19.Final.jar:/home/travis/build/icyphy/ptII/lib/netty-codec-
dns-4.1.19.Final.jar:/home/travis/build/icyphy/ptII/lib/netty-codec-http-4.1.19
.Final.jar:/home/travis/build/icyphy/ptII/lib/netty-codec-http2-4.1.19.Final.ja
r:/home/travis/build/icyphy/ptII/lib/netty-common-4.1.19.Final.jar:/home/travis
/build/icyphy/ptII/lib/netty-handler-4.1.19.Final.jar:/home/travis/build/icyphy
/ptII/lib/netty-resolver-4.1.19.Final.jar:/home/travis/build/icyphy/ptII/lib/ne
tty-resolver-dns-4.1.19.Final.jar:/home/travis/build/icyphy/ptII/lib/netty-tran
sport-4.1.19.Final.jar:/home/travis/build/icyphy/ptII/lib/vertx-codegen-3.5.1.j
ar:/home/travis/build/icyphy/ptII/lib/vertx-core-3.5.2-SNAPSHOT.jar:/home/travi
s/build/icyphy/ptII/lib/vertx-hazelcast-3.5.1.jar:/home/travis/build/icyphy/ptI
I/lib/vertx-lang-js-3.5.1.jar:/home/travis/build/icyphy/ptII/lib/vertx-service-
proxy-3.5.1.jar:/home/travis/build/icyphy/ptII/lib/vertx-web-3.5.1.jar:/home/tr
avis/build/icyphy/ptII/lib/slf4j-api-1.7.13.jar:/home/travis/build/icyphy/ptII/
lib/slf4j-simple-1.7.13.jar:/home/travis/build/icyphy/ptII/lib/webcam-capture-0
.3.12.jar:/home/travis/build/icyphy/ptII/lib/bridj-0.7.0.jar:/home/travis/build
/icyphy/ptII/lib/xbjlib-1.1.0.nrjavaserial.jar:/home/travis/build/icyphy/ptII/p
tolemy/moml/test:/home/travis/build/icyphy/ptII/ant/lib/ant-launcher.jar:/home/
travis/build/icyphy/ptII/ant/lib/ant.jar:/home/travis/build/icyphy/ptII/ant/lib
/ant-junit.jar:/home/travis/build/icyphy/ptII/ant/lib/ant-junit4.jar:/home/trav
is/build/icyphy/ptII ModularCodeGen3_A1_B1_profile.java
total 544
-rw-rw-r-- 1 travis travis  4895 Sep  3 02:09 CompiledCompositeActor_CompiledCompositeActor.class
-rw-rw-r-- 1 travis travis  1592 Sep  3 02:09 CompiledCompositeActor_CompiledCompositeActor$_CompiledCompositeActor_CompiledCompositeActor.class
-rw-rw-r-- 1 travis travis 13466 Sep  3 02:09 CompiledCompositeActor_CompiledCompositeActor.java
-rw-rw-r-- 1 travis travis  1593 Sep  3 02:09 CompiledCompositeActor_CompiledCompositeActor.mk
-rw-rw-r-- 1 travis travis  4457 Sep  3 02:09 JavaCompiledCompositeTest1_CompiledCompositeActor.class
-rw-rw-r-- 1 travis travis 11637 Sep  3 02:09 JavaCompiledCompositeTest1_CompiledCompositeActor.java
-rw-rw-r-- 1 travis travis  1198 Sep  3 02:09 JavaCompiledCompositeTest1_CompiledCompositeActor$_JavaCompiledCompositeTest1_CompiledCompositeActor.class
-rw-rw-r-- 1 travis travis  1625 Sep  3 02:09 JavaCompiledCompositeTest1_CompiledCompositeActor.mk
-rw-rw-r-- 1 travis travis  4888 Sep  3 02:09 JavaCompiledCompositeTest2_CompiledCompositeActor.class
-rw-rw-r-- 1 travis travis 14919 Sep  3 02:09 JavaCompiledCompositeTest2_CompiledCompositeActor.java
-rw-rw-r-- 1 travis travis  1793 Sep  3 02:09 JavaCompiledCompositeTest2_CompiledCompositeActor$_JavaCompiledCompositeTest2_CompiledCompositeActor.class
-rw-rw-r-- 1 travis travis  1625 Sep  3 02:09 JavaCompiledCompositeTest2_CompiledCompositeActor.mk
-rw-rw-r-- 1 travis travis  4505 Sep  3 02:09 JavaCompiledCompositeTest3_CompiledCompositeActor.class
-rw-rw-r-- 1 travis travis 13080 Sep  3 02:09 JavaCompiledCompositeTest3_CompiledCompositeActor.java
-rw-rw-r-- 1 travis travis  1378 Sep  3 02:09 JavaCompiledCompositeTest3_CompiledCompositeActor$_JavaCompiledCompositeTest3_CompiledCompositeActor.class
-rw-rw-r-- 1 travis travis  1625 Sep  3 02:09 JavaCompiledCompositeTest3_CompiledCompositeActor.mk
-rw-rw-r-- 1 travis travis  3953 Sep  3 02:09 JavaCompiledCompositeTest4_CompiledCompositeActor.class
-rw-rw-r-- 1 travis travis  9687 Sep  3 02:09 JavaCompiledCompositeTest4_CompiledCompositeActor.java
-rw-rw-r-- 1 travis travis   857 Sep  3 02:09 JavaCompiledCompositeTest4_CompiledCompositeActor$_JavaCompiledCompositeTest4_CompiledCompositeActor.class
-rw-rw-r-- 1 travis travis  1625 Sep  3 02:09 JavaCompiledCompositeTest4_CompiledCompositeActor.mk
-rw-rw-r-- 1 travis travis  3693 Sep  3 02:09 ModularCG_A1_B1.class
-rw-rw-r-- 1 travis travis  9730 Sep  3 02:09 ModularCG_A1_B1.java
-rw-rw-r-- 1 travis travis   832 Sep  3 02:09 ModularCG_A1_B1.mk
-rw-rw-r-- 1 travis travis  1318 Sep  3 02:09 ModularCG_A1_B1_profile.class
-rw-rw-r-- 1 travis travis  1262 Sep  3 02:09 ModularCG_A1_B1_profile.java
-rw-rw-r-- 1 travis travis  3693 Sep  3 02:09 ModularCG_A1_B2.class
-rw-rw-r-- 1 travis travis  9730 Sep  3 02:09 ModularCG_A1_B2.java
-rw-rw-r-- 1 travis travis   832 Sep  3 02:09 ModularCG_A1_B2.mk
-rw-rw-r-- 1 travis travis  1318 Sep  3 02:09 ModularCG_A1_B2_profile.class
-rw-rw-r-- 1 travis travis  1262 Sep  3 02:09 ModularCG_A1_B2_profile.java
-rw-rw-r-- 1 travis travis  4799 Sep  3 02:09 ModularCG_A1.class
-rw-rw-r-- 1 travis travis 14742 Sep  3 02:09 ModularCG_A1.java
-rw-rw-r-- 1 travis travis   808 Sep  3 02:09 ModularCG_A1.mk
-rw-rw-r-- 1 travis travis  1433 Sep  3 02:09 ModularCG_A1_profile.class
-rw-rw-r-- 1 travis travis  1704 Sep  3 02:09 ModularCG_A1_profile.java
-rw-rw-r-- 1 travis travis  3827 Sep  3 02:09 ModularCG_A2_B1.class
-rw-rw-r-- 1 travis travis 10667 Sep  3 02:09 ModularCG_A2_B1.java
-rw-rw-r-- 1 travis travis   832 Sep  3 02:09 ModularCG_A2_B1.mk
-rw-rw-r-- 1 travis travis  1381 Sep  3 02:09 ModularCG_A2_B1_profile.class
-rw-rw-r-- 1 travis travis  1446 Sep  3 02:09 ModularCG_A2_B1_profile.java
-rw-rw-r-- 1 travis travis  3693 Sep  3 02:09 ModularCG_A2_B2.class
-rw-rw-r-- 1 travis travis  9730 Sep  3 02:09 ModularCG_A2_B2.java
-rw-rw-r-- 1 travis travis   832 Sep  3 02:09 ModularCG_A2_B2.mk
-rw-rw-r-- 1 travis travis  1318 Sep  3 02:09 ModularCG_A2_B2_profile.class
-rw-rw-r-- 1 travis travis  1262 Sep  3 02:09 ModularCG_A2_B2_profile.java
-rw-rw-r-- 1 travis travis  4870 Sep  3 02:09 ModularCG_A2.class
-rw-rw-r-- 1 travis travis 15129 Sep  3 02:09 ModularCG_A2.java
-rw-rw-r-- 1 travis travis   808 Sep  3 02:09 ModularCG_A2.mk
-rw-rw-r-- 1 travis travis  1433 Sep  3 02:09 ModularCG_A2_profile.class
-rw-rw-r-- 1 travis travis  1704 Sep  3 02:09 ModularCG_A2_profile.java
-rw-rw-r-- 1 travis travis  3473 Sep  3 02:09 ModularCGPubSub_A1_A2.class
-rw-rw-r-- 1 travis travis  9076 Sep  3 02:09 ModularCGPubSub_A1_A2.java
-rw-rw-r-- 1 travis travis   880 Sep  3 02:09 ModularCGPubSub_A1_A2.mk
-rw-rw-r-- 1 travis travis  1300 Sep  3 02:09 ModularCGPubSub_A1_A2_profile.class
-rw-rw-r-- 1 travis travis  1222 Sep  3 02:09 ModularCGPubSub_A1_A2_profile.java
-rw-rw-r-- 1 travis travis  3790 Sep  3 02:09 ModularCGPubSub_A1.class
-rw-rw-r-- 1 travis travis  9836 Sep  3 02:09 ModularCGPubSub_A1.java
-rw-rw-r-- 1 travis travis   856 Sep  3 02:09 ModularCGPubSub_A1.mk
-rw-rw-r-- 1 travis travis  1346 Sep  3 02:09 ModularCGPubSub_A1_profile.class
-rw-rw-r-- 1 travis travis  1388 Sep  3 02:09 ModularCGPubSub_A1_profile.java
-rw-rw-r-- 1 travis travis  3988 Sep  3 02:09 ModularCodeGen2_ModularCodeGenTypedCompositeActor.class
-rw-rw-r-- 1 travis travis 11690 Sep  3 02:09 ModularCodeGen2_ModularCodeGenTypedCompositeActor.java
-rw-rw-r-- 1 travis travis  1104 Sep  3 02:09 ModularCodeGen2_ModularCodeGenTypedCompositeActor.mk
-rw-rw-r-- 1 travis travis  4272 Sep  3 02:09 ModularCodeGen2_ModularCodeGenTypedCompositeActor_ModularCodeGenTypedCompositeActor.class
-rw-rw-r-- 1 travis travis 11790 Sep  3 02:09 ModularCodeGen2_ModularCodeGenTypedCompositeActor_ModularCodeGenTypedCompositeActor.java
-rw-rw-r-- 1 travis travis  1376 Sep  3 02:09 ModularCodeGen2_ModularCodeGenTypedCompositeActor_ModularCodeGenTypedCompositeActor.mk
-rw-rw-r-- 1 travis travis  1421 Sep  3 02:09 ModularCodeGen2_ModularCodeGenTypedCompositeActor_ModularCodeGenTypedCompositeActor_profile.class
-rw-rw-r-- 1 travis travis  1294 Sep  3 02:09 ModularCodeGen2_ModularCodeGenTypedCompositeActor_ModularCodeGenTypedCompositeActor_profile.java
-rw-rw-r-- 1 travis travis   820 Sep  3 02:09 ModularCodeGen2_ModularCodeGenTypedCompositeActor_profile.class
-rw-rw-r-- 1 travis travis   693 Sep  3 02:09 ModularCodeGen2_ModularCodeGenTypedCompositeActor_profile.java
-rw-rw-r-- 1 travis travis  1274 Sep  3 02:09 ModularCodeGen3_A1_B1_profile.java
-rw-rw-r-- 1 travis travis  3954 Sep  3 02:09 ModularCodeGen_ModularCodeGenTypedCompositeActor.class
-rw-rw-r-- 1 travis travis 10970 Sep  3 02:09 ModularCodeGen_ModularCodeGenTypedCompositeActor.java
-rw-rw-r-- 1 travis travis  1096 Sep  3 02:09 ModularCodeGen_ModularCodeGenTypedCompositeActor.mk
-rw-rw-r-- 1 travis travis  1384 Sep  3 02:09 ModularCodeGen_ModularCodeGenTypedCompositeActor_profile.class
-rw-rw-r-- 1 travis travis  1328 Sep  3 02:09 ModularCodeGen_ModularCodeGenTypedCompositeActor_profile.java
-rw-rw-r-- 1 travis travis  3492 Sep  3 02:08 ModularCodeGenTest_A1_A2.class
-rw-rw-r-- 1 travis travis  9164 Sep  3 02:08 ModularCodeGenTest_A1_A2.java
-rw-rw-r-- 1 travis travis   904 Sep  3 02:08 ModularCodeGenTest_A1_A2.mk
-rw-rw-r-- 1 travis travis  1306 Sep  3 02:08 ModularCodeGenTest_A1_A2_profile.class
-rw-rw-r-- 1 travis travis  1228 Sep  3 02:08 ModularCodeGenTest_A1_A2_profile.java
-rw-rw-r-- 1 travis travis  3823 Sep  3 02:09 ModularCodeGenTest_A1.class
-rw-rw-r-- 1 travis travis  9968 Sep  3 02:09 ModularCodeGenTest_A1.java
-rw-rw-r-- 1 travis travis   880 Sep  3 02:09 ModularCodeGenTest_A1.mk
-rw-rw-r-- 1 travis travis  1352 Sep  3 02:09 ModularCodeGenTest_A1_profile.class
-rw-rw-r-- 1 travis travis  1394 Sep  3 02:08 ModularCodeGenTest_A1_profile.java
-rw-rw-r-- 1 travis travis   432 Sep  3 02:09 Token.class
-rw-rw-r-- 1 travis travis   251 Sep  3 02:09 Token.java
warning: Supported source version 'RELEASE_6' from annotation processor 'org.netbeans.modules.openide.util.NbBundleProcessor' less than -source '1.8'
warning: Supported source version 'RELEASE_6' from annotation processor 'org.netbeans.modules.openide.util.URLStreamHandlerRegistrationProcessor' less than -source '1.8'
warning: Supported source version 'RELEASE_6' from annotation processor 'org.netbeans.modules.openide.util.ServiceProviderProcessor' less than -source '1.8'
3 warnings
All Done
Writing ModularCodeGen3_A1_B1.java in file:/home/travis/cg/ (9958 characters)
Reading "ptolemy/cg/kernel/generic/program/procedural/java/modular/makefile.in",
    writing "/home/travis/cg/ModularCodeGen3_A1_B1.mk"
Using ptolemy/cg/kernel/generic/program/procedural/java/modular/makefile.in
In "/home/travis/cg", about to execute:
    make -f ModularCodeGen3_A1_B1.mk
javac -classpath ".:.."    ModularCodeGen3_A1_B1.java
All Done
In "/home/travis/cg", about to execute:
    pwd
/home/travis/cg
In "/home/travis/cg", about to execute:
    ls -l
total 572
-rw-rw-r-- 1 travis travis  4895 Sep  3 02:09 CompiledCompositeActor_CompiledCompositeActor.class
-rw-rw-r-- 1 travis travis  1592 Sep  3 02:09 CompiledCompositeActor_CompiledCompositeActor$_CompiledCompositeActor_CompiledCompositeActor.class
-rw-rw-r-- 1 travis travis 13466 Sep  3 02:09 CompiledCompositeActor_CompiledCompositeActor.java
-rw-rw-r-- 1 travis travis  1593 Sep  3 02:09 CompiledCompositeActor_CompiledCompositeActor.mk
-rw-rw-r-- 1 travis travis  4457 Sep  3 02:09 JavaCompiledCompositeTest1_CompiledCompositeActor.class
-rw-rw-r-- 1 travis travis 11637 Sep  3 02:09 JavaCompiledCompositeTest1_CompiledCompositeActor.java
-rw-rw-r-- 1 travis travis  1198 Sep  3 02:09 JavaCompiledCompositeTest1_CompiledCompositeActor$_JavaCompiledCompositeTest1_CompiledCompositeActor.class
-rw-rw-r-- 1 travis travis  1625 Sep  3 02:09 JavaCompiledCompositeTest1_CompiledCompositeActor.mk
-rw-rw-r-- 1 travis travis  4888 Sep  3 02:09 JavaCompiledCompositeTest2_CompiledCompositeActor.class
-rw-rw-r-- 1 travis travis 14919 Sep  3 02:09 JavaCompiledCompositeTest2_CompiledCompositeActor.java
-rw-rw-r-- 1 travis travis  1793 Sep  3 02:09 JavaCompiledCompositeTest2_CompiledCompositeActor$_JavaCompiledCompositeTest2_CompiledCompositeActor.class
-rw-rw-r-- 1 travis travis  1625 Sep  3 02:09 JavaCompiledCompositeTest2_CompiledCompositeActor.mk
-rw-rw-r-- 1 travis travis  4505 Sep  3 02:09 JavaCompiledCompositeTest3_CompiledCompositeActor.class
-rw-rw-r-- 1 travis travis 13080 Sep  3 02:09 JavaCompiledCompositeTest3_CompiledCompositeActor.java
-rw-rw-r-- 1 travis travis  1378 Sep  3 02:09 JavaCompiledCompositeTest3_CompiledCompositeActor$_JavaCompiledCompositeTest3_CompiledCompositeActor.class
-rw-rw-r-- 1 travis travis  1625 Sep  3 02:09 JavaCompiledCompositeTest3_CompiledCompositeActor.mk
-rw-rw-r-- 1 travis travis  3953 Sep  3 02:09 JavaCompiledCompositeTest4_CompiledCompositeActor.class
-rw-rw-r-- 1 travis travis  9687 Sep  3 02:09 JavaCompiledCompositeTest4_CompiledCompositeActor.java
-rw-rw-r-- 1 travis travis   857 Sep  3 02:09 JavaCompiledCompositeTest4_CompiledCompositeActor$_JavaCompiledCompositeTest4_CompiledCompositeActor.class
-rw-rw-r-- 1 travis travis  1625 Sep  3 02:09 JavaCompiledCompositeTest4_CompiledCompositeActor.mk
-rw-rw-r-- 1 travis travis  3693 Sep  3 02:09 ModularCG_A1_B1.class
-rw-rw-r-- 1 travis travis  9730 Sep  3 02:09 ModularCG_A1_B1.java
-rw-rw-r-- 1 travis travis   832 Sep  3 02:09 ModularCG_A1_B1.mk
-rw-rw-r-- 1 travis travis  1318 Sep  3 02:09 ModularCG_A1_B1_profile.class
-rw-rw-r-- 1 travis travis  1262 Sep  3 02:09 ModularCG_A1_B1_profile.java
-rw-rw-r-- 1 travis travis  3693 Sep  3 02:09 ModularCG_A1_B2.class
-rw-rw-r-- 1 travis travis  9730 Sep  3 02:09 ModularCG_A1_B2.java
-rw-rw-r-- 1 travis travis   832 Sep  3 02:09 ModularCG_A1_B2.mk
-rw-rw-r-- 1 travis travis  1318 Sep  3 02:09 ModularCG_A1_B2_profile.class
-rw-rw-r-- 1 travis travis  1262 Sep  3 02:09 ModularCG_A1_B2_profile.java
-rw-rw-r-- 1 travis travis  4799 Sep  3 02:09 ModularCG_A1.class
-rw-rw-r-- 1 travis travis 14742 Sep  3 02:09 ModularCG_A1.java
-rw-rw-r-- 1 travis travis   808 Sep  3 02:09 ModularCG_A1.mk
-rw-rw-r-- 1 travis travis  1433 Sep  3 02:09 ModularCG_A1_profile.class
-rw-rw-r-- 1 travis travis  1704 Sep  3 02:09 ModularCG_A1_profile.java
-rw-rw-r-- 1 travis travis  3827 Sep  3 02:09 ModularCG_A2_B1.class
-rw-rw-r-- 1 travis travis 10667 Sep  3 02:09 ModularCG_A2_B1.java
-rw-rw-r-- 1 travis travis   832 Sep  3 02:09 ModularCG_A2_B1.mk
-rw-rw-r-- 1 travis travis  1381 Sep  3 02:09 ModularCG_A2_B1_profile.class
-rw-rw-r-- 1 travis travis  1446 Sep  3 02:09 ModularCG_A2_B1_profile.java
-rw-rw-r-- 1 travis travis  3693 Sep  3 02:09 ModularCG_A2_B2.class
-rw-rw-r-- 1 travis travis  9730 Sep  3 02:09 ModularCG_A2_B2.java
-rw-rw-r-- 1 travis travis   832 Sep  3 02:09 ModularCG_A2_B2.mk
-rw-rw-r-- 1 travis travis  1318 Sep  3 02:09 ModularCG_A2_B2_profile.class
-rw-rw-r-- 1 travis travis  1262 Sep  3 02:09 ModularCG_A2_B2_profile.java
-rw-rw-r-- 1 travis travis  4870 Sep  3 02:09 ModularCG_A2.class
-rw-rw-r-- 1 travis travis 15129 Sep  3 02:09 ModularCG_A2.java
-rw-rw-r-- 1 travis travis   808 Sep  3 02:09 ModularCG_A2.mk
-rw-rw-r-- 1 travis travis  1433 Sep  3 02:09 ModularCG_A2_profile.class
-rw-rw-r-- 1 travis travis  1704 Sep  3 02:09 ModularCG_A2_profile.java
-rw-rw-r-- 1 travis travis  3473 Sep  3 02:09 ModularCGPubSub_A1_A2.class
-rw-rw-r-- 1 travis travis  9076 Sep  3 02:09 ModularCGPubSub_A1_A2.java
-rw-rw-r-- 1 travis travis   880 Sep  3 02:09 ModularCGPubSub_A1_A2.mk
-rw-rw-r-- 1 travis travis  1300 Sep  3 02:09 ModularCGPubSub_A1_A2_profile.class
-rw-rw-r-- 1 travis travis  1222 Sep  3 02:09 ModularCGPubSub_A1_A2_profile.java
-rw-rw-r-- 1 travis travis  3790 Sep  3 02:09 ModularCGPubSub_A1.class
-rw-rw-r-- 1 travis travis  9836 Sep  3 02:09 ModularCGPubSub_A1.java
-rw-rw-r-- 1 travis travis   856 Sep  3 02:09 ModularCGPubSub_A1.mk
-rw-rw-r-- 1 travis travis  1346 Sep  3 02:09 ModularCGPubSub_A1_profile.class
-rw-rw-r-- 1 travis travis  1388 Sep  3 02:09 ModularCGPubSub_A1_profile.java
-rw-rw-r-- 1 travis travis  3988 Sep  3 02:09 ModularCodeGen2_ModularCodeGenTypedCompositeActor.class
-rw-rw-r-- 1 travis travis 11690 Sep  3 02:09 ModularCodeGen2_ModularCodeGenTypedCompositeActor.java
-rw-rw-r-- 1 travis travis  1104 Sep  3 02:09 ModularCodeGen2_ModularCodeGenTypedCompositeActor.mk
-rw-rw-r-- 1 travis travis  4272 Sep  3 02:09 ModularCodeGen2_ModularCodeGenTypedCompositeActor_ModularCodeGenTypedCompositeActor.class
-rw-rw-r-- 1 travis travis 11790 Sep  3 02:09 ModularCodeGen2_ModularCodeGenTypedCompositeActor_ModularCodeGenTypedCompositeActor.java
-rw-rw-r-- 1 travis travis  1376 Sep  3 02:09 ModularCodeGen2_ModularCodeGenTypedCompositeActor_ModularCodeGenTypedCompositeActor.mk
-rw-rw-r-- 1 travis travis  1421 Sep  3 02:09 ModularCodeGen2_ModularCodeGenTypedCompositeActor_ModularCodeGenTypedCompositeActor_profile.class
-rw-rw-r-- 1 travis travis  1294 Sep  3 02:09 ModularCodeGen2_ModularCodeGenTypedCompositeActor_ModularCodeGenTypedCompositeActor_profile.java
-rw-rw-r-- 1 travis travis   820 Sep  3 02:09 ModularCodeGen2_ModularCodeGenTypedCompositeActor_profile.class
-rw-rw-r-- 1 travis travis   693 Sep  3 02:09 ModularCodeGen2_ModularCodeGenTypedCompositeActor_profile.java
-rw-rw-r-- 1 travis travis  3741 Sep  3 02:09 ModularCodeGen3_A1_B1.class
-rw-rw-r-- 1 travis travis  9958 Sep  3 02:09 ModularCodeGen3_A1_B1.java
-rw-rw-r-- 1 travis travis   880 Sep  3 02:09 ModularCodeGen3_A1_B1.mk
-rw-rw-r-- 1 travis travis  1330 Sep  3 02:09 ModularCodeGen3_A1_B1_profile.class
-rw-rw-r-- 1 travis travis  1274 Sep  3 02:09 ModularCodeGen3_A1_B1_profile.java
-rw-rw-r-- 1 travis travis  1274 Sep  3 02:09 ModularCodeGen3_A1_B2_profile.java
-rw-rw-r-- 1 travis travis  3954 Sep  3 02:09 ModularCodeGen_ModularCodeGenTypedCompositeActor.class
-rw-rw-r-- 1 travis travis 10970 Sep  3 02:09 ModularCodeGen_ModularCodeGenTypedCompositeActor.java
-rw-rw-r-- 1 travis travis  1096 Sep  3 02:09 ModularCodeGen_ModularCodeGenTypedCompositeActor.mk
-rw-rw-r-- 1 travis travis  1384 Sep  3 02:09 ModularCodeGen_ModularCodeGenTypedCompositeActor_profile.class
-rw-rw-r-- 1 travis travis  1328 Sep  3 02:09 ModularCodeGen_ModularCodeGenTypedCompositeActor_profile.java
-rw-rw-r-- 1 travis travis  3492 Sep  3 02:08 ModularCodeGenTest_A1_A2.class
-rw-rw-r-- 1 travis travis  9164 Sep  3 02:08 ModularCodeGenTest_A1_A2.java
-rw-rw-r-- 1 travis travis   904 Sep  3 02:08 ModularCodeGenTest_A1_A2.mk
-rw-rw-r-- 1 travis travis  1306 Sep  3 02:08 ModularCodeGenTest_A1_A2_profile.class
-rw-rw-r-- 1 travis travis  1228 Sep  3 02:08 ModularCodeGenTest_A1_A2_profile.java
-rw-rw-r-- 1 travis travis  3823 Sep  3 02:09 ModularCodeGenTest_A1.class
-rw-rw-r-- 1 travis travis  9968 Sep  3 02:09 ModularCodeGenTest_A1.java
-rw-rw-r-- 1 travis travis   880 Sep  3 02:09 ModularCodeGenTest_A1.mk
-rw-rw-r-- 1 travis travis  1352 Sep  3 02:09 ModularCodeGenTest_A1_profile.class
In "/home/travis/cg", about to execute:
-rw-rw-r-- 1 travis travis  1394 Sep  3 02:08 ModularCodeGenTest_A1_profile.java
-rw-rw-r-- 1 travis travis   432 Sep  3 02:09 Token.class
-rw-rw-r-- 1 travis travis   251 Sep  3 02:09 Token.java
    javac -classpath
.:/home/travis/build/icyphy/ptII:/home/travis/build/icyphy/ptII/lib/bsh-2.0b4.j
ar:/home/travis/build/icyphy/ptII/lib/ptCal.jar:/home/travis/build/icyphy/ptII/
lib/java_cup.jar:/home/travis/build/icyphy/ptII/lib/saxon8.jar:/home/travis/bui
ld/icyphy/ptII/lib/saxon8-dom.jar:/home/travis/build/icyphy/ptII/lib/chic.jar:/
home/travis/build/icyphy/ptII/lib/ptcolt.jar:/usr/lib/jvm/java-8-oracle/lib/too
ls.jar:/usr/lib/eclipse/plugins/org.eclipse.jdt.core_3.8.2.dist.jar:/usr/lib/ec
lipse/plugins/org.eclipse.core.runtime_3.8.0.dist.jar:/usr/lib/eclipse/plugins/
org.eclipse.osgi_3.8.1.dist.jar:/usr/lib/eclipse/plugins/org.eclipse.core.resou
rces_3.8.1.dist.jar:/usr/lib/eclipse/plugins/org.eclipse.equinox.common_3.6.100
.dist.jar:/usr/lib/eclipse/plugins/org.eclipse.core.jobs_3.5.200.dist.jar:/usr/
lib/eclipse/plugins/org.eclipse.core.contenttype_3.4.200.dist.jar:/usr/lib/ecli
pse/plugins/org.eclipse.equinox.preferences_3.5.0.dist.jar:/usr/lib/eclipse/plu
gins/org.eclipse.text_3.5.200.dist.jar:/usr/lib/eclipse/plugins/org.eclipse.ui.
workbench_3.8.1.dist.jar:/usr/lib/eclipse/plugins/org.eclipse.jface_3.8.0.dist.
jar:/usr/lib/eclipse/plugins/org.eclipse.swt_3.8.2.jar:/usr/lib/eclipse/plugins
/org.eclipse.jface.text_3.8.1.dist.jar:/usr/lib/eclipse/plugins/org.eclipse.ui.
workbench.texteditor_3.8.0.dist.jar:/usr/lib/eclipse/plugins/org.eclipse.ui.edi
tors_3.8.0.dist.jar:/usr/lib/eclipse/plugins/org.eclipse.core.commands_3.6.1.di
st.jar:/usr/lib/eclipse/plugins/org.eclipse.equinox.registry_3.5.200.dist.jar:/
usr/lib/eclipse/plugins/org.eclipse.ui.console_3.5.100.dist.jar:/usr/lib/eclips
e/plugins/org.eclipse.ui.forms_3.5.200.dist.jar:/usr/lib/eclipse/plugins/org.ec
lipse.ui.ide_3.8.1.dist.jar:/home/travis/build/icyphy/ptII/vendors/oracle/dbxml
.jar:/home/travis/build/icyphy/ptII/vendors/oracle/db.jar:/home/travis/build/ic
yphy/ptII/vendors/misc/itext/iText.jar:/home/travis/build/icyphy/ptII/lib/g4ltl
.jar:/home/travis/build/icyphy/ptII/lib/StructuralCoder.jar:/home/travis/build/
icyphy/ptII/lib/org-openide-util.jar:/home/travis/build/icyphy/ptII/lib/org-ope
nide-util-lookup.jar:/home/travis/build/icyphy/ptII/lib/org-netbeans-api-visual
.jar:/home/travis/build/icyphy/ptII/vendors/jai-1_1_2_01/lib/jai_core.jar:/home
/travis/build/icyphy/ptII/vendors/jai-1_1_2_01/lib/jai_codec.jar:/home/travis/b
uild/icyphy/ptII/lib/jcerti.jar:/home/travis/build/icyphy/ptII/lib/smack.jar:/h
ome/travis/build/icyphy/ptII/lib/smackx.jar:/home/travis/build/icyphy/ptII/lib/
jetty-all-8.1.5-v20120716.jar:/home/travis/build/icyphy/ptII/lib/javax.servlet-
api-3.0.1.jar:/home/travis/build/icyphy/ptII/lib/javax.mail.jar:/home/travis/bu
ild/icyphy/ptII/vendors/JMF-2.1.1e/lib/jmf.jar:/home/travis/build/icyphy/ptII/l
ib/jna-4.0.0-variadic.jar:/home/travis/build/icyphy/ptII/vendors/misc/joystick/
Joystick.jar:/home/travis/build/icyphy/ptII/lib/ptjacl.jar:/home/travis/build/i
cyphy/ptII/lib/jsoup-1.8.2.jar:/home/travis/build/icyphy/ptII/lib/junit-4.8.2.j
ar:/home/travis/build/icyphy/ptII/lib/JUnitParams-0.4.0.jar:/home/travis/build/
icyphy/ptII/ptolemy/actor/lib/excel/jxl.jar:/home/travis/build/icyphy/ptII/lib/
jython.jar:/home/travis/build/icyphy/ptII/lib/kieler.jar:/home/travis/build/icy
phy/ptII/vendors/opencv/share/OpenCV/java/opencv-341.jar:/home/travis/build/icy
phy/ptII/lib/oscP5.jar:/home/travis/build/icyphy/ptII/lib/nrjavaserial-3.11.0.d
evel.jar:/home/travis/build/icyphy/ptII/vendors/j3d/lib/j3dcore.jar:/home/travi
s/build/icyphy/ptII/vendors/j3d/lib/j3dutils.jar:/home/travis/build/icyphy/ptII
/vendors/j3d/lib/vecmath.jar:/home/travis/build/icyphy/ptII/ptolemy/distributed
/jini/jar/jini-core.jar:/home/travis/build/icyphy/ptII/ptolemy/distributed/jini
/jar/jini-ext.jar:/home/travis/build/icyphy/ptII/ptolemy/distributed/jini/jar/s
un-util.jar:/home/travis/build/icyphy/ptII/lib/protobuf-java-2.4.1.jar:/home/tr
avis/build/icyphy/ptII/lib/org.eclipse.paho.client.mqttv3.jar:/home/travis/buil
d/icyphy/ptII/ptserver/lib/hessian-4.0.7.jar:/home/travis/build/icyphy/ptII/pts
erver/lib/wmqtt.jar:/home/travis/build/icyphy/ptII/lib/mapss.jar:/home/travis/b
uild/icyphy/ptII/ptolemy/actor/ptalon/antlr/antlr.jar:/home/travis/build/icyphy
/ptII/lib/JRI.jar:/home/travis/build/icyphy/ptII/lib/commons-lang-2.6.jar:/home
/travis/build/icyphy/ptII/lib/commons-logging-1.1.1.jar:/home/travis/build/icyp
hy/ptII/lib/sootclasses.jar:/home/travis/build/icyphy/ptII/ptolemy/actor/lib/da
tabase/mysql-connector-java-5.1.6-bin.jar:/home/travis/build/icyphy/ptII/vendor
s/misc/sphinx4/sphinx4-data-5prealpha.jar:/home/travis/build/icyphy/ptII/vendor
s/misc/sphinx4/sphinx4-core-5prealpha.jar:/home/travis/build/icyphy/ptII/lib/PD
FRenderer.jar:/home/travis/build/icyphy/ptII/lib/svgSalamander.jar:/home/travis
/build/icyphy/ptII/lib/rsyntaxtextarea-2.6.0-SNAPSHOT.jar:/home/travis/build/ic
yphy/ptII/lib/hazelcast-3.8.2.jar:/home/travis/build/icyphy/ptII/lib/jackson-an
notations-2.9.0.jar:/home/travis/build/icyphy/ptII/lib/jackson-core-2.9.3.jar:/
home/travis/build/icyphy/ptII/lib/jackson-databind-2.9.3.jar:/home/travis/build
/icyphy/ptII/lib/netty-buffer-4.1.19.Final.jar:/home/travis/build/icyphy/ptII/l
ib/netty-codec-4.1.19.Final.jar:/home/travis/build/icyphy/ptII/lib/netty-codec-
dns-4.1.19.Final.jar:/home/travis/build/icyphy/ptII/lib/netty-codec-http-4.1.19
.Final.jar:/home/travis/build/icyphy/ptII/lib/netty-codec-http2-4.1.19.Final.ja
r:/home/travis/build/icyphy/ptII/lib/netty-common-4.1.19.Final.jar:/home/travis
/build/icyphy/ptII/lib/netty-handler-4.1.19.Final.jar:/home/travis/build/icyphy
/ptII/lib/netty-resolver-4.1.19.Final.jar:/home/travis/build/icyphy/ptII/lib/ne
tty-resolver-dns-4.1.19.Final.jar:/home/travis/build/icyphy/ptII/lib/netty-tran
sport-4.1.19.Final.jar:/home/travis/build/icyphy/ptII/lib/vertx-codegen-3.5.1.j
ar:/home/travis/build/icyphy/ptII/lib/vertx-core-3.5.2-SNAPSHOT.jar:/home/travi
s/build/icyphy/ptII/lib/vertx-hazelcast-3.5.1.jar:/home/travis/build/icyphy/ptI
I/lib/vertx-lang-js-3.5.1.jar:/home/travis/build/icyphy/ptII/lib/vertx-service-
proxy-3.5.1.jar:/home/travis/build/icyphy/ptII/lib/vertx-web-3.5.1.jar:/home/tr
avis/build/icyphy/ptII/lib/slf4j-api-1.7.13.jar:/home/travis/build/icyphy/ptII/
lib/slf4j-simple-1.7.13.jar:/home/travis/build/icyphy/ptII/lib/webcam-capture-0
.3.12.jar:/home/travis/build/icyphy/ptII/lib/bridj-0.7.0.jar:/home/travis/build
/icyphy/ptII/lib/xbjlib-1.1.0.nrjavaserial.jar:/home/travis/build/icyphy/ptII/p
tolemy/moml/test:/home/travis/build/icyphy/ptII/ant/lib/ant-launcher.jar:/home/
travis/build/icyphy/ptII/ant/lib/ant.jar:/home/travis/build/icyphy/ptII/ant/lib
/ant-junit.jar:/home/travis/build/icyphy/ptII/ant/lib/ant-junit4.jar:/home/trav
is/build/icyphy/ptII ModularCodeGen3_A1_B2_profile.java
warning: Supported source version 'RELEASE_6' from annotation processor 'org.netbeans.modules.openide.util.NbBundleProcessor' less than -source '1.8'
warning: Supported source version 'RELEASE_6' from annotation processor 'org.netbeans.modules.openide.util.URLStreamHandlerRegistrationProcessor' less than -source '1.8'
warning: Supported source version 'RELEASE_6' from annotation processor 'org.netbeans.modules.openide.util.ServiceProviderProcessor' less than -source '1.8'
3 warnings
All Done
Writing ModularCodeGen3_A1_B2.java in file:/home/travis/cg/ (9958 characters)
Reading "ptolemy/cg/kernel/generic/program/procedural/java/modular/makefile.in",
    writing "/home/travis/cg/ModularCodeGen3_A1_B2.mk"
Using ptolemy/cg/kernel/generic/program/procedural/java/modular/makefile.in
In "/home/travis/cg", about to execute:
    make -f ModularCodeGen3_A1_B2.mk
javac -classpath ".:.."    ModularCodeGen3_A1_B2.java
All Done
In "/home/travis/cg", about to execute:
    pwd
/home/travis/cg
In "/home/travis/cg", about to execute:
    ls -l
total 600
-rw-rw-r-- 1 travis travis  4895 Sep  3 02:09 CompiledCompositeActor_CompiledCompositeActor.class
-rw-rw-r-- 1 travis travis  1592 Sep  3 02:09 CompiledCompositeActor_CompiledCompositeActor$_CompiledCompositeActor_CompiledCompositeActor.class
-rw-rw-r-- 1 travis travis 13466 Sep  3 02:09 CompiledCompositeActor_CompiledCompositeActor.java
-rw-rw-r-- 1 travis travis  1593 Sep  3 02:09 CompiledCompositeActor_CompiledCompositeActor.mk
-rw-rw-r-- 1 travis travis  4457 Sep  3 02:09 JavaCompiledCompositeTest1_CompiledCompositeActor.class
-rw-rw-r-- 1 travis travis 11637 Sep  3 02:09 JavaCompiledCompositeTest1_CompiledCompositeActor.java
-rw-rw-r-- 1 travis travis  1198 Sep  3 02:09 JavaCompiledCompositeTest1_CompiledCompositeActor$_JavaCompiledCompositeTest1_CompiledCompositeActor.class
-rw-rw-r-- 1 travis travis  1625 Sep  3 02:09 JavaCompiledCompositeTest1_CompiledCompositeActor.mk
-rw-rw-r-- 1 travis travis  4888 Sep  3 02:09 JavaCompiledCompositeTest2_CompiledCompositeActor.class
-rw-rw-r-- 1 travis travis 14919 Sep  3 02:09 JavaCompiledCompositeTest2_CompiledCompositeActor.java
-rw-rw-r-- 1 travis travis  1793 Sep  3 02:09 JavaCompiledCompositeTest2_CompiledCompositeActor$_JavaCompiledCompositeTest2_CompiledCompositeActor.class
-rw-rw-r-- 1 travis travis  1625 Sep  3 02:09 JavaCompiledCompositeTest2_CompiledCompositeActor.mk
-rw-rw-r-- 1 travis travis  4505 Sep  3 02:09 JavaCompiledCompositeTest3_CompiledCompositeActor.class
-rw-rw-r-- 1 travis travis 13080 Sep  3 02:09 JavaCompiledCompositeTest3_CompiledCompositeActor.java
-rw-rw-r-- 1 travis travis  1378 Sep  3 02:09 JavaCompiledCompositeTest3_CompiledCompositeActor$_JavaCompiledCompositeTest3_CompiledCompositeActor.class
-rw-rw-r-- 1 travis travis  1625 Sep  3 02:09 JavaCompiledCompositeTest3_CompiledCompositeActor.mk
-rw-rw-r-- 1 travis travis  3953 Sep  3 02:09 JavaCompiledCompositeTest4_CompiledCompositeActor.class
-rw-rw-r-- 1 travis travis  9687 Sep  3 02:09 JavaCompiledCompositeTest4_CompiledCompositeActor.java
-rw-rw-r-- 1 travis travis   857 Sep  3 02:09 JavaCompiledCompositeTest4_CompiledCompositeActor$_JavaCompiledCompositeTest4_CompiledCompositeActor.class
-rw-rw-r-- 1 travis travis  1625 Sep  3 02:09 JavaCompiledCompositeTest4_CompiledCompositeActor.mk
-rw-rw-r-- 1 travis travis  3693 Sep  3 02:09 ModularCG_A1_B1.class
-rw-rw-r-- 1 travis travis  9730 Sep  3 02:09 ModularCG_A1_B1.java
-rw-rw-r-- 1 travis travis   832 Sep  3 02:09 ModularCG_A1_B1.mk
-rw-rw-r-- 1 travis travis  1318 Sep  3 02:09 ModularCG_A1_B1_profile.class
-rw-rw-r-- 1 travis travis  1262 Sep  3 02:09 ModularCG_A1_B1_profile.java
-rw-rw-r-- 1 travis travis  3693 Sep  3 02:09 ModularCG_A1_B2.class
-rw-rw-r-- 1 travis travis  9730 Sep  3 02:09 ModularCG_A1_B2.java
-rw-rw-r-- 1 travis travis   832 Sep  3 02:09 ModularCG_A1_B2.mk
-rw-rw-r-- 1 travis travis  1318 Sep  3 02:09 ModularCG_A1_B2_profile.class
-rw-rw-r-- 1 travis travis  1262 Sep  3 02:09 ModularCG_A1_B2_profile.java
-rw-rw-r-- 1 travis travis  4799 Sep  3 02:09 ModularCG_A1.class
-rw-rw-r-- 1 travis travis 14742 Sep  3 02:09 ModularCG_A1.java
-rw-rw-r-- 1 travis travis   808 Sep  3 02:09 ModularCG_A1.mk
-rw-rw-r-- 1 travis travis  1433 Sep  3 02:09 ModularCG_A1_profile.class
-rw-rw-r-- 1 travis travis  1704 Sep  3 02:09 ModularCG_A1_profile.java
-rw-rw-r-- 1 travis travis  3827 Sep  3 02:09 ModularCG_A2_B1.class
-rw-rw-r-- 1 travis travis 10667 Sep  3 02:09 ModularCG_A2_B1.java
-rw-rw-r-- 1 travis travis   832 Sep  3 02:09 ModularCG_A2_B1.mk
-rw-rw-r-- 1 travis travis  1381 Sep  3 02:09 ModularCG_A2_B1_profile.class
-rw-rw-r-- 1 travis travis  1446 Sep  3 02:09 ModularCG_A2_B1_profile.java
-rw-rw-r-- 1 travis travis  3693 Sep  3 02:09 ModularCG_A2_B2.class
-rw-rw-r-- 1 travis travis  9730 Sep  3 02:09 ModularCG_A2_B2.java
-rw-rw-r-- 1 travis travis   832 Sep  3 02:09 ModularCG_A2_B2.mk
-rw-rw-r-- 1 travis travis  1318 Sep  3 02:09 ModularCG_A2_B2_profile.class
-rw-rw-r-- 1 travis travis  1262 Sep  3 02:09 ModularCG_A2_B2_profile.java
-rw-rw-r-- 1 travis travis  4870 Sep  3 02:09 ModularCG_A2.class
-rw-rw-r-- 1 travis travis 15129 Sep  3 02:09 ModularCG_A2.java
-rw-rw-r-- 1 travis travis   808 Sep  3 02:09 ModularCG_A2.mk
-rw-rw-r-- 1 travis travis  1433 Sep  3 02:09 ModularCG_A2_profile.class
-rw-rw-r-- 1 travis travis  1704 Sep  3 02:09 ModularCG_A2_profile.java
-rw-rw-r-- 1 travis travis  3473 Sep  3 02:09 ModularCGPubSub_A1_A2.class
-rw-rw-r-- 1 travis travis  9076 Sep  3 02:09 ModularCGPubSub_A1_A2.java
-rw-rw-r-- 1 travis travis   880 Sep  3 02:09 ModularCGPubSub_A1_A2.mk
-rw-rw-r-- 1 travis travis  1300 Sep  3 02:09 ModularCGPubSub_A1_A2_profile.class
-rw-rw-r-- 1 travis travis  1222 Sep  3 02:09 ModularCGPubSub_A1_A2_profile.java
-rw-rw-r-- 1 travis travis  3790 Sep  3 02:09 ModularCGPubSub_A1.class
-rw-rw-r-- 1 travis travis  9836 Sep  3 02:09 ModularCGPubSub_A1.java
-rw-rw-r-- 1 travis travis   856 Sep  3 02:09 ModularCGPubSub_A1.mk
-rw-rw-r-- 1 travis travis  1346 Sep  3 02:09 ModularCGPubSub_A1_profile.class
-rw-rw-r-- 1 travis travis  1388 Sep  3 02:09 ModularCGPubSub_A1_profile.java
-rw-rw-r-- 1 travis travis  3988 Sep  3 02:09 ModularCodeGen2_ModularCodeGenTypedCompositeActor.class
-rw-rw-r-- 1 travis travis 11690 Sep  3 02:09 ModularCodeGen2_ModularCodeGenTypedCompositeActor.java
-rw-rw-r-- 1 travis travis  1104 Sep  3 02:09 ModularCodeGen2_ModularCodeGenTypedCompositeActor.mk
-rw-rw-r-- 1 travis travis  4272 Sep  3 02:09 ModularCodeGen2_ModularCodeGenTypedCompositeActor_ModularCodeGenTypedCompositeActor.class
-rw-rw-r-- 1 travis travis 11790 Sep  3 02:09 ModularCodeGen2_ModularCodeGenTypedCompositeActor_ModularCodeGenTypedCompositeActor.java
-rw-rw-r-- 1 travis travis  1376 Sep  3 02:09 ModularCodeGen2_ModularCodeGenTypedCompositeActor_ModularCodeGenTypedCompositeActor.mk
-rw-rw-r-- 1 travis travis  1421 Sep  3 02:09 ModularCodeGen2_ModularCodeGenTypedCompositeActor_ModularCodeGenTypedCompositeActor_profile.class
-rw-rw-r-- 1 travis travis  1294 Sep  3 02:09 ModularCodeGen2_ModularCodeGenTypedCompositeActor_ModularCodeGenTypedCompositeActor_profile.java
-rw-rw-r-- 1 travis travis   820 Sep  3 02:09 ModularCodeGen2_ModularCodeGenTypedCompositeActor_profile.class
-rw-rw-r-- 1 travis travis   693 Sep  3 02:09 ModularCodeGen2_ModularCodeGenTypedCompositeActor_profile.java
-rw-rw-r-- 1 travis travis  3741 Sep  3 02:09 ModularCodeGen3_A1_B1.class
-rw-rw-r-- 1 travis travis  9958 Sep  3 02:09 ModularCodeGen3_A1_B1.java
-rw-rw-r-- 1 travis travis   880 Sep  3 02:09 ModularCodeGen3_A1_B1.mk
-rw-rw-r-- 1 travis travis  1330 Sep  3 02:09 ModularCodeGen3_A1_B1_profile.class
-rw-rw-r-- 1 travis travis  1274 Sep  3 02:09 ModularCodeGen3_A1_B1_profile.java
-rw-rw-r-- 1 travis travis  3741 Sep  3 02:09 ModularCodeGen3_A1_B2.class
-rw-rw-r-- 1 travis travis  9958 Sep  3 02:09 ModularCodeGen3_A1_B2.java
-rw-rw-r-- 1 travis travis   880 Sep  3 02:09 ModularCodeGen3_A1_B2.mk
-rw-rw-r-- 1 travis travis  1330 Sep  3 02:09 ModularCodeGen3_A1_B2_profile.class
-rw-rw-r-- 1 travis travis  1274 Sep  3 02:09 ModularCodeGen3_A1_B2_profile.java
-rw-rw-r-- 1 travis travis  1716 Sep  3 02:09 ModularCodeGen3_A1_profile.java
-rw-rw-r-- 1 travis travis  3954 Sep  3 02:09 ModularCodeGen_ModularCodeGenTypedCompositeActor.class
-rw-rw-r-- 1 travis travis 10970 Sep  3 02:09 ModularCodeGen_ModularCodeGenTypedCompositeActor.java
-rw-rw-r-- 1 travis travis  1096 Sep  3 02:09 ModularCodeGen_ModularCodeGenTypedCompositeActor.mk
-rw-rw-r-- 1 travis travis  1384 Sep  3 02:09 ModularCodeGen_ModularCodeGenTypedCompositeActor_profile.class
-rw-rw-r-- 1 travis travis  1328 Sep  3 02:09 ModularCodeGen_ModularCodeGenTypedCompositeActor_profile.java
-rw-rw-r-- 1 travis travis  3492 Sep  3 02:08 ModularCodeGenTest_A1_A2.class
-rw-rw-r-- 1 travis travis  9164 Sep  3 02:08 ModularCodeGenTest_A1_A2.java
-rw-rw-r-- 1 travis travis   904 Sep  3 02:08 ModularCodeGenTest_A1_A2.mk
-rw-rw-r-- 1 travis travis  1306 Sep  3 02:08 ModularCodeGenTest_A1_A2_profile.class
-rw-rw-r-- 1 travis travis  1228 Sep  3 02:08 ModularCodeGenTest_A1_A2_profile.java
-rw-rw-r-- 1 travis travis  3823 Sep  3 02:09 ModularCodeGenTest_A1.class
-rw-rw-r-- 1 travis travis  9968 Sep  3 02:09 ModularCodeGenTest_A1.java
-rw-rw-r-- 1 travis travis   880 Sep  3 02:09 ModularCodeGenTest_A1.mk
-rw-rw-r-- 1 travis travis  1352 Sep  3 02:09 ModularCodeGenTest_A1_profile.class
-rw-rw-r-- 1 travis travis  1394 Sep  3 02:08 ModularCodeGenTest_A1_profile.java
-rw-rw-r-- 1 travis travis   432 Sep  3 02:09 Token.class
-rw-rw-r-- 1 travis travis   251 Sep  3 02:09 Token.java
In "/home/travis/cg", about to execute:
    javac -classpath
.:/home/travis/build/icyphy/ptII:/home/travis/build/icyphy/ptII/lib/bsh-2.0b4.j
ar:/home/travis/build/icyphy/ptII/lib/ptCal.jar:/home/travis/build/icyphy/ptII/
lib/java_cup.jar:/home/travis/build/icyphy/ptII/lib/saxon8.jar:/home/travis/bui
ld/icyphy/ptII/lib/saxon8-dom.jar:/home/travis/build/icyphy/ptII/lib/chic.jar:/
home/travis/build/icyphy/ptII/lib/ptcolt.jar:/usr/lib/jvm/java-8-oracle/lib/too
ls.jar:/usr/lib/eclipse/plugins/org.eclipse.jdt.core_3.8.2.dist.jar:/usr/lib/ec
lipse/plugins/org.eclipse.core.runtime_3.8.0.dist.jar:/usr/lib/eclipse/plugins/
org.eclipse.osgi_3.8.1.dist.jar:/usr/lib/eclipse/plugins/org.eclipse.core.resou
rces_3.8.1.dist.jar:/usr/lib/eclipse/plugins/org.eclipse.equinox.common_3.6.100
.dist.jar:/usr/lib/eclipse/plugins/org.eclipse.core.jobs_3.5.200.dist.jar:/usr/
lib/eclipse/plugins/org.eclipse.core.contenttype_3.4.200.dist.jar:/usr/lib/ecli
pse/plugins/org.eclipse.equinox.preferences_3.5.0.dist.jar:/usr/lib/eclipse/plu
gins/org.eclipse.text_3.5.200.dist.jar:/usr/lib/eclipse/plugins/org.eclipse.ui.
workbench_3.8.1.dist.jar:/usr/lib/eclipse/plugins/org.eclipse.jface_3.8.0.dist.
jar:/usr/lib/eclipse/plugins/org.eclipse.swt_3.8.2.jar:/usr/lib/eclipse/plugins
/org.eclipse.jface.text_3.8.1.dist.jar:/usr/lib/eclipse/plugins/org.eclipse.ui.
workbench.texteditor_3.8.0.dist.jar:/usr/lib/eclipse/plugins/org.eclipse.ui.edi
tors_3.8.0.dist.jar:/usr/lib/eclipse/plugins/org.eclipse.core.commands_3.6.1.di
st.jar:/usr/lib/eclipse/plugins/org.eclipse.equinox.registry_3.5.200.dist.jar:/
usr/lib/eclipse/plugins/org.eclipse.ui.console_3.5.100.dist.jar:/usr/lib/eclips
e/plugins/org.eclipse.ui.forms_3.5.200.dist.jar:/usr/lib/eclipse/plugins/org.ec
lipse.ui.ide_3.8.1.dist.jar:/home/travis/build/icyphy/ptII/vendors/oracle/dbxml
.jar:/home/travis/build/icyphy/ptII/vendors/oracle/db.jar:/home/travis/build/ic
yphy/ptII/vendors/misc/itext/iText.jar:/home/travis/build/icyphy/ptII/lib/g4ltl
.jar:/home/travis/build/icyphy/ptII/lib/StructuralCoder.jar:/home/travis/build/
icyphy/ptII/lib/org-openide-util.jar:/home/travis/build/icyphy/ptII/lib/org-ope
nide-util-lookup.jar:/home/travis/build/icyphy/ptII/lib/org-netbeans-api-visual
.jar:/home/travis/build/icyphy/ptII/vendors/jai-1_1_2_01/lib/jai_core.jar:/home
/travis/build/icyphy/ptII/vendors/jai-1_1_2_01/lib/jai_codec.jar:/home/travis/b
uild/icyphy/ptII/lib/jcerti.jar:/home/travis/build/icyphy/ptII/lib/smack.jar:/h
ome/travis/build/icyphy/ptII/lib/smackx.jar:/home/travis/build/icyphy/ptII/lib/
jetty-all-8.1.5-v20120716.jar:/home/travis/build/icyphy/ptII/lib/javax.servlet-
api-3.0.1.jar:/home/travis/build/icyphy/ptII/lib/javax.mail.jar:/home/travis/bu
ild/icyphy/ptII/vendors/JMF-2.1.1e/lib/jmf.jar:/home/travis/build/icyphy/ptII/l
ib/jna-4.0.0-variadic.jar:/home/travis/build/icyphy/ptII/vendors/misc/joystick/
Joystick.jar:/home/travis/build/icyphy/ptII/lib/ptjacl.jar:/home/travis/build/i
cyphy/ptII/lib/jsoup-1.8.2.jar:/home/travis/build/icyphy/ptII/lib/junit-4.8.2.j
ar:/home/travis/build/icyphy/ptII/lib/JUnitParams-0.4.0.jar:/home/travis/build/
icyphy/ptII/ptolemy/actor/lib/excel/jxl.jar:/home/travis/build/icyphy/ptII/lib/
jython.jar:/home/travis/build/icyphy/ptII/lib/kieler.jar:/home/travis/build/icy
phy/ptII/vendors/opencv/share/OpenCV/java/opencv-341.jar:/home/travis/build/icy
phy/ptII/lib/oscP5.jar:/home/travis/build/icyphy/ptII/lib/nrjavaserial-3.11.0.d
evel.jar:/home/travis/build/icyphy/ptII/vendors/j3d/lib/j3dcore.jar:/home/travi
s/build/icyphy/ptII/vendors/j3d/lib/j3dutils.jar:/home/travis/build/icyphy/ptII
/vendors/j3d/lib/vecmath.jar:/home/travis/build/icyphy/ptII/ptolemy/distributed
/jini/jar/jini-core.jar:/home/travis/build/icyphy/ptII/ptolemy/distributed/jini
/jar/jini-ext.jar:/home/travis/build/icyphy/ptII/ptolemy/distributed/jini/jar/s
un-util.jar:/home/travis/build/icyphy/ptII/lib/protobuf-java-2.4.1.jar:/home/tr
avis/build/icyphy/ptII/lib/org.eclipse.paho.client.mqttv3.jar:/home/travis/buil
d/icyphy/ptII/ptserver/lib/hessian-4.0.7.jar:/home/travis/build/icyphy/ptII/pts
erver/lib/wmqtt.jar:/home/travis/build/icyphy/ptII/lib/mapss.jar:/home/travis/b
uild/icyphy/ptII/ptolemy/actor/ptalon/antlr/antlr.jar:/home/travis/build/icyphy
/ptII/lib/JRI.jar:/home/travis/build/icyphy/ptII/lib/commons-lang-2.6.jar:/home
/travis/build/icyphy/ptII/lib/commons-logging-1.1.1.jar:/home/travis/build/icyp
hy/ptII/lib/sootclasses.jar:/home/travis/build/icyphy/ptII/ptolemy/actor/lib/da
tabase/mysql-connector-java-5.1.6-bin.jar:/home/travis/build/icyphy/ptII/vendor
s/misc/sphinx4/sphinx4-data-5prealpha.jar:/home/travis/build/icyphy/ptII/vendor
s/misc/sphinx4/sphinx4-core-5prealpha.jar:/home/travis/build/icyphy/ptII/lib/PD
FRenderer.jar:/home/travis/build/icyphy/ptII/lib/svgSalamander.jar:/home/travis
/build/icyphy/ptII/lib/rsyntaxtextarea-2.6.0-SNAPSHOT.jar:/home/travis/build/ic
yphy/ptII/lib/hazelcast-3.8.2.jar:/home/travis/build/icyphy/ptII/lib/jackson-an
notations-2.9.0.jar:/home/travis/build/icyphy/ptII/lib/jackson-core-2.9.3.jar:/
home/travis/build/icyphy/ptII/lib/jackson-databind-2.9.3.jar:/home/travis/build
/icyphy/ptII/lib/netty-buffer-4.1.19.Final.jar:/home/travis/build/icyphy/ptII/l
ib/netty-codec-4.1.19.Final.jar:/home/travis/build/icyphy/ptII/lib/netty-codec-
dns-4.1.19.Final.jar:/home/travis/build/icyphy/ptII/lib/netty-codec-http-4.1.19
.Final.jar:/home/travis/build/icyphy/ptII/lib/netty-codec-http2-4.1.19.Final.ja
r:/home/travis/build/icyphy/ptII/lib/netty-common-4.1.19.Final.jar:/home/travis
/build/icyphy/ptII/lib/netty-handler-4.1.19.Final.jar:/home/travis/build/icyphy
/ptII/lib/netty-resolver-4.1.19.Final.jar:/home/travis/build/icyphy/ptII/lib/ne
tty-resolver-dns-4.1.19.Final.jar:/home/travis/build/icyphy/ptII/lib/netty-tran
sport-4.1.19.Final.jar:/home/travis/build/icyphy/ptII/lib/vertx-codegen-3.5.1.j
ar:/home/travis/build/icyphy/ptII/lib/vertx-core-3.5.2-SNAPSHOT.jar:/home/travi
s/build/icyphy/ptII/lib/vertx-hazelcast-3.5.1.jar:/home/travis/build/icyphy/ptI
I/lib/vertx-lang-js-3.5.1.jar:/home/travis/build/icyphy/ptII/lib/vertx-service-
proxy-3.5.1.jar:/home/travis/build/icyphy/ptII/lib/vertx-web-3.5.1.jar:/home/tr
avis/build/icyphy/ptII/lib/slf4j-api-1.7.13.jar:/home/travis/build/icyphy/ptII/
lib/slf4j-simple-1.7.13.jar:/home/travis/build/icyphy/ptII/lib/webcam-capture-0
.3.12.jar:/home/travis/build/icyphy/ptII/lib/bridj-0.7.0.jar:/home/travis/build
/icyphy/ptII/lib/xbjlib-1.1.0.nrjavaserial.jar:/home/travis/build/icyphy/ptII/p
tolemy/moml/test:/home/travis/build/icyphy/ptII/ant/lib/ant-launcher.jar:/home/
travis/build/icyphy/ptII/ant/lib/ant.jar:/home/travis/build/icyphy/ptII/ant/lib
/ant-junit.jar:/home/travis/build/icyphy/ptII/ant/lib/ant-junit4.jar:/home/trav
is/build/icyphy/ptII ModularCodeGen3_A1_profile.java
warning: Supported source version 'RELEASE_6' from annotation processor 'org.netbeans.modules.openide.util.NbBundleProcessor' less than -source '1.8'
warning: Supported source version 'RELEASE_6' from annotation processor 'org.netbeans.modules.openide.util.URLStreamHandlerRegistrationProcessor' less than -source '1.8'
warning: Supported source version 'RELEASE_6' from annotation processor 'org.netbeans.modules.openide.util.ServiceProviderProcessor' less than -source '1.8'
3 warnings
All Done
Writing ModularCodeGen3_A1.java in file:/home/travis/cg/ (15564 characters)
Reading "ptolemy/cg/kernel/generic/program/procedural/java/modular/makefile.in",
    writing "/home/travis/cg/ModularCodeGen3_A1.mk"
Using ptolemy/cg/kernel/generic/program/procedural/java/modular/makefile.in
In "/home/travis/cg", about to execute:
    make -f ModularCodeGen3_A1.mk
javac -classpath ".:.."    ModularCodeGen3_A1.java
All Done
In "/home/travis/cg", about to execute:
    pwd
/home/travis/cg
In "/home/travis/cg", about to execute:
    ls -l
total 636
-rw-rw-r-- 1 travis travis  4895 Sep  3 02:09 CompiledCompositeActor_CompiledCompositeActor.class
-rw-rw-r-- 1 travis travis  1592 Sep  3 02:09 CompiledCompositeActor_CompiledCompositeActor$_CompiledCompositeActor_CompiledCompositeActor.class
-rw-rw-r-- 1 travis travis 13466 Sep  3 02:09 CompiledCompositeActor_CompiledCompositeActor.java
-rw-rw-r-- 1 travis travis  1593 Sep  3 02:09 CompiledCompositeActor_CompiledCompositeActor.mk
-rw-rw-r-- 1 travis travis  4457 Sep  3 02:09 JavaCompiledCompositeTest1_CompiledCompositeActor.class
-rw-rw-r-- 1 travis travis 11637 Sep  3 02:09 JavaCompiledCompositeTest1_CompiledCompositeActor.java
-rw-rw-r-- 1 travis travis  1198 Sep  3 02:09 JavaCompiledCompositeTest1_CompiledCompositeActor$_JavaCompiledCompositeTest1_CompiledCompositeActor.class
-rw-rw-r-- 1 travis travis  1625 Sep  3 02:09 JavaCompiledCompositeTest1_CompiledCompositeActor.mk
-rw-rw-r-- 1 travis travis  4888 Sep  3 02:09 JavaCompiledCompositeTest2_CompiledCompositeActor.class
-rw-rw-r-- 1 travis travis 14919 Sep  3 02:09 JavaCompiledCompositeTest2_CompiledCompositeActor.java
-rw-rw-r-- 1 travis travis  1793 Sep  3 02:09 JavaCompiledCompositeTest2_CompiledCompositeActor$_JavaCompiledCompositeTest2_CompiledCompositeActor.class
-rw-rw-r-- 1 travis travis  1625 Sep  3 02:09 JavaCompiledCompositeTest2_CompiledCompositeActor.mk
-rw-rw-r-- 1 travis travis  4505 Sep  3 02:09 JavaCompiledCompositeTest3_CompiledCompositeActor.class
-rw-rw-r-- 1 travis travis 13080 Sep  3 02:09 JavaCompiledCompositeTest3_CompiledCompositeActor.java
-rw-rw-r-- 1 travis travis  1378 Sep  3 02:09 JavaCompiledCompositeTest3_CompiledCompositeActor$_JavaCompiledCompositeTest3_CompiledCompositeActor.class
-rw-rw-r-- 1 travis travis  1625 Sep  3 02:09 JavaCompiledCompositeTest3_CompiledCompositeActor.mk
-rw-rw-r-- 1 travis travis  3953 Sep  3 02:09 JavaCompiledCompositeTest4_CompiledCompositeActor.class
-rw-rw-r-- 1 travis travis  9687 Sep  3 02:09 JavaCompiledCompositeTest4_CompiledCompositeActor.java
-rw-rw-r-- 1 travis travis   857 Sep  3 02:09 JavaCompiledCompositeTest4_CompiledCompositeActor$_JavaCompiledCompositeTest4_CompiledCompositeActor.class
-rw-rw-r-- 1 travis travis  1625 Sep  3 02:09 JavaCompiledCompositeTest4_CompiledCompositeActor.mk
-rw-rw-r-- 1 travis travis  3693 Sep  3 02:09 ModularCG_A1_B1.class
-rw-rw-r-- 1 travis travis  9730 Sep  3 02:09 ModularCG_A1_B1.java
-rw-rw-r-- 1 travis travis   832 Sep  3 02:09 ModularCG_A1_B1.mk
-rw-rw-r-- 1 travis travis  1318 Sep  3 02:09 ModularCG_A1_B1_profile.class
-rw-rw-r-- 1 travis travis  1262 Sep  3 02:09 ModularCG_A1_B1_profile.java
-rw-rw-r-- 1 travis travis  3693 Sep  3 02:09 ModularCG_A1_B2.class
-rw-rw-r-- 1 travis travis  9730 Sep  3 02:09 ModularCG_A1_B2.java
-rw-rw-r-- 1 travis travis   832 Sep  3 02:09 ModularCG_A1_B2.mk
-rw-rw-r-- 1 travis travis  1318 Sep  3 02:09 ModularCG_A1_B2_profile.class
-rw-rw-r-- 1 travis travis  1262 Sep  3 02:09 ModularCG_A1_B2_profile.java
-rw-rw-r-- 1 travis travis  4799 Sep  3 02:09 ModularCG_A1.class
-rw-rw-r-- 1 travis travis 14742 Sep  3 02:09 ModularCG_A1.java
-rw-rw-r-- 1 travis travis   808 Sep  3 02:09 ModularCG_A1.mk
-rw-rw-r-- 1 travis travis  1433 Sep  3 02:09 ModularCG_A1_profile.class
-rw-rw-r-- 1 travis travis  1704 Sep  3 02:09 ModularCG_A1_profile.java
-rw-rw-r-- 1 travis travis  3827 Sep  3 02:09 ModularCG_A2_B1.class
-rw-rw-r-- 1 travis travis 10667 Sep  3 02:09 ModularCG_A2_B1.java
-rw-rw-r-- 1 travis travis   832 Sep  3 02:09 ModularCG_A2_B1.mk
-rw-rw-r-- 1 travis travis  1381 Sep  3 02:09 ModularCG_A2_B1_profile.class
-rw-rw-r-- 1 travis travis  1446 Sep  3 02:09 ModularCG_A2_B1_profile.java
-rw-rw-r-- 1 travis travis  3693 Sep  3 02:09 ModularCG_A2_B2.class
-rw-rw-r-- 1 travis travis  9730 Sep  3 02:09 ModularCG_A2_B2.java
-rw-rw-r-- 1 travis travis   832 Sep  3 02:09 ModularCG_A2_B2.mk
-rw-rw-r-- 1 travis travis  1318 Sep  3 02:09 ModularCG_A2_B2_profile.class
-rw-rw-r-- 1 travis travis  1262 Sep  3 02:09 ModularCG_A2_B2_profile.java
-rw-rw-r-- 1 travis travis  4870 Sep  3 02:09 ModularCG_A2.class
-rw-rw-r-- 1 travis travis 15129 Sep  3 02:09 ModularCG_A2.java
-rw-rw-r-- 1 travis travis   808 Sep  3 02:09 ModularCG_A2.mk
-rw-rw-r-- 1 travis travis  1433 Sep  3 02:09 ModularCG_A2_profile.class
-rw-rw-r-- 1 travis travis  1704 Sep  3 02:09 ModularCG_A2_profile.java
-rw-rw-r-- 1 travis travis  3473 Sep  3 02:09 ModularCGPubSub_A1_A2.class
-rw-rw-r-- 1 travis travis  9076 Sep  3 02:09 ModularCGPubSub_A1_A2.java
-rw-rw-r-- 1 travis travis   880 Sep  3 02:09 ModularCGPubSub_A1_A2.mk
-rw-rw-r-- 1 travis travis  1300 Sep  3 02:09 ModularCGPubSub_A1_A2_profile.class
-rw-rw-r-- 1 travis travis  1222 Sep  3 02:09 ModularCGPubSub_A1_A2_profile.java
-rw-rw-r-- 1 travis travis  3790 Sep  3 02:09 ModularCGPubSub_A1.class
-rw-rw-r-- 1 travis travis  9836 Sep  3 02:09 ModularCGPubSub_A1.java
-rw-rw-r-- 1 travis travis   856 Sep  3 02:09 ModularCGPubSub_A1.mk
-rw-rw-r-- 1 travis travis  1346 Sep  3 02:09 ModularCGPubSub_A1_profile.class
-rw-rw-r-- 1 travis travis  1388 Sep  3 02:09 ModularCGPubSub_A1_profile.java
-rw-rw-r-- 1 travis travis  3988 Sep  3 02:09 ModularCodeGen2_ModularCodeGenTypedCompositeActor.class
-rw-rw-r-- 1 travis travis 11690 Sep  3 02:09 ModularCodeGen2_ModularCodeGenTypedCompositeActor.java
-rw-rw-r-- 1 travis travis  1104 Sep  3 02:09 ModularCodeGen2_ModularCodeGenTypedCompositeActor.mk
-rw-rw-r-- 1 travis travis  4272 Sep  3 02:09 ModularCodeGen2_ModularCodeGenTypedCompositeActor_ModularCodeGenTypedCompositeActor.class
-rw-rw-r-- 1 travis travis 11790 Sep  3 02:09 ModularCodeGen2_ModularCodeGenTypedCompositeActor_ModularCodeGenTypedCompositeActor.java
-rw-rw-r-- 1 travis travis  1376 Sep  3 02:09 ModularCodeGen2_ModularCodeGenTypedCompositeActor_ModularCodeGenTypedCompositeActor.mk
-rw-rw-r-- 1 travis travis  1421 Sep  3 02:09 ModularCodeGen2_ModularCodeGenTypedCompositeActor_ModularCodeGenTypedCompositeActor_profile.class
-rw-rw-r-- 1 travis travis  1294 Sep  3 02:09 ModularCodeGen2_ModularCodeGenTypedCompositeActor_ModularCodeGenTypedCompositeActor_profile.java
-rw-rw-r-- 1 travis travis   820 Sep  3 02:09 ModularCodeGen2_ModularCodeGenTypedCompositeActor_profile.class
-rw-rw-r-- 1 travis travis   693 Sep  3 02:09 ModularCodeGen2_ModularCodeGenTypedCompositeActor_profile.java
-rw-rw-r-- 1 travis travis  3741 Sep  3 02:09 ModularCodeGen3_A1_B1.class
-rw-rw-r-- 1 travis travis  9958 Sep  3 02:09 ModularCodeGen3_A1_B1.java
-rw-rw-r-- 1 travis travis   880 Sep  3 02:09 ModularCodeGen3_A1_B1.mk
-rw-rw-r-- 1 travis travis  1330 Sep  3 02:09 ModularCodeGen3_A1_B1_profile.class
-rw-rw-r-- 1 travis travis  1274 Sep  3 02:09 ModularCodeGen3_A1_B1_profile.java
-rw-rw-r-- 1 travis travis  3741 Sep  3 02:09 ModularCodeGen3_A1_B2.class
-rw-rw-r-- 1 travis travis  9958 Sep  3 02:09 ModularCodeGen3_A1_B2.java
-rw-rw-r-- 1 travis travis   880 Sep  3 02:09 ModularCodeGen3_A1_B2.mk
-rw-rw-r-- 1 travis travis  1330 Sep  3 02:09 ModularCodeGen3_A1_B2_profile.class
-rw-rw-r-- 1 travis travis  1274 Sep  3 02:09 ModularCodeGen3_A1_B2_profile.java
-rw-rw-r-- 1 travis travis  4961 Sep  3 02:09 ModularCodeGen3_A1.class
-rw-rw-r-- 1 travis travis 15564 Sep  3 02:09 ModularCodeGen3_A1.java
-rw-rw-r-- 1 travis travis   856 Sep  3 02:09 ModularCodeGen3_A1.mk
-rw-rw-r-- 1 travis travis  1445 Sep  3 02:09 ModularCodeGen3_A1_profile.class
-rw-rw-r-- 1 travis travis  1716 Sep  3 02:09 ModularCodeGen3_A1_profile.java
-rw-rw-r-- 1 travis travis  1458 Sep  3 02:09 ModularCodeGen3_A2_B1_profile.java
-rw-rw-r-- 1 travis travis  3954 Sep  3 02:09 ModularCodeGen_ModularCodeGenTypedCompositeActor.class
-rw-rw-r-- 1 travis travis 10970 Sep  3 02:09 ModularCodeGen_ModularCodeGenTypedCompositeActor.java
-rw-rw-r-- 1 travis travis  1096 Sep  3 02:09 ModularCodeGen_ModularCodeGenTypedCompositeActor.mk
-rw-rw-r-- 1 travis travis  1384 Sep  3 02:09 ModularCodeGen_ModularCodeGenTypedCompositeActor_profile.class
-rw-rw-r-- 1 travis travis  1328 Sep  3 02:09 ModularCodeGen_ModularCodeGenTypedCompositeActor_profile.java
-rw-rw-r-- 1 travis travis  3492 Sep  3 02:08 ModularCodeGenTest_A1_A2.class
-rw-rw-r-- 1 travis travis  9164 Sep  3 02:08 ModularCodeGenTest_A1_A2.java
-rw-rw-r-- 1 travis travis   904 Sep  3 02:08 ModularCodeGenTest_A1_A2.mk
-rw-rw-r-- 1 travis travis  1306 Sep  3 02:08 ModularCodeGenTest_A1_A2_profile.class
-rw-rw-r-- 1 travis travis  1228 Sep  3 02:08 ModularCodeGenTest_A1_A2_profile.java
-rw-rw-r-- 1 travis travis  3823 Sep  3 02:09 ModularCodeGenTest_A1.class
-rw-rw-r-- 1 travis travis  9968 Sep  3 02:09 ModularCodeGenTest_A1.java
-rw-rw-r-- 1 travis travis   880 Sep  3 02:09 ModularCodeGenTest_A1.mk
-rw-rw-r-- 1 travis travis  1352 Sep  3 02:09 ModularCodeGenTest_A1_profile.class
-rw-rw-r-- 1 travis travis  1394 Sep  3 02:08 ModularCodeGenTest_A1_profile.java
-rw-rw-r-- 1 travis travis   432 Sep  3 02:09 Token.class
-rw-rw-r-- 1 travis travis   251 Sep  3 02:09 Token.java
In "/home/travis/cg", about to execute:
    javac -classpath
.:/home/travis/build/icyphy/ptII:/home/travis/build/icyphy/ptII/lib/bsh-2.0b4.j
ar:/home/travis/build/icyphy/ptII/lib/ptCal.jar:/home/travis/build/icyphy/ptII/
lib/java_cup.jar:/home/travis/build/icyphy/ptII/lib/saxon8.jar:/home/travis/bui
ld/icyphy/ptII/lib/saxon8-dom.jar:/home/travis/build/icyphy/ptII/lib/chic.jar:/
home/travis/build/icyphy/ptII/lib/ptcolt.jar:/usr/lib/jvm/java-8-oracle/lib/too
ls.jar:/usr/lib/eclipse/plugins/org.eclipse.jdt.core_3.8.2.dist.jar:/usr/lib/ec
lipse/plugins/org.eclipse.core.runtime_3.8.0.dist.jar:/usr/lib/eclipse/plugins/
org.eclipse.osgi_3.8.1.dist.jar:/usr/lib/eclipse/plugins/org.eclipse.core.resou
rces_3.8.1.dist.jar:/usr/lib/eclipse/plugins/org.eclipse.equinox.common_3.6.100
.dist.jar:/usr/lib/eclipse/plugins/org.eclipse.core.jobs_3.5.200.dist.jar:/usr/
lib/eclipse/plugins/org.eclipse.core.contenttype_3.4.200.dist.jar:/usr/lib/ecli
pse/plugins/org.eclipse.equinox.preferences_3.5.0.dist.jar:/usr/lib/eclipse/plu
gins/org.eclipse.text_3.5.200.dist.jar:/usr/lib/eclipse/plugins/org.eclipse.ui.
workbench_3.8.1.dist.jar:/usr/lib/eclipse/plugins/org.eclipse.jface_3.8.0.dist.
jar:/usr/lib/eclipse/plugins/org.eclipse.swt_3.8.2.jar:/usr/lib/eclipse/plugins
/org.eclipse.jface.text_3.8.1.dist.jar:/usr/lib/eclipse/plugins/org.eclipse.ui.
workbench.texteditor_3.8.0.dist.jar:/usr/lib/eclipse/plugins/org.eclipse.ui.edi
tors_3.8.0.dist.jar:/usr/lib/eclipse/plugins/org.eclipse.core.commands_3.6.1.di
st.jar:/usr/lib/eclipse/plugins/org.eclipse.equinox.registry_3.5.200.dist.jar:/
usr/lib/eclipse/plugins/org.eclipse.ui.console_3.5.100.dist.jar:/usr/lib/eclips
e/plugins/org.eclipse.ui.forms_3.5.200.dist.jar:/usr/lib/eclipse/plugins/org.ec
lipse.ui.ide_3.8.1.dist.jar:/home/travis/build/icyphy/ptII/vendors/oracle/dbxml
.jar:/home/travis/build/icyphy/ptII/vendors/oracle/db.jar:/home/travis/build/ic
yphy/ptII/vendors/misc/itext/iText.jar:/home/travis/build/icyphy/ptII/lib/g4ltl
.jar:/home/travis/build/icyphy/ptII/lib/StructuralCoder.jar:/home/travis/build/
icyphy/ptII/lib/org-openide-util.jar:/home/travis/build/icyphy/ptII/lib/org-ope
nide-util-lookup.jar:/home/travis/build/icyphy/ptII/lib/org-netbeans-api-visual
.jar:/home/travis/build/icyphy/ptII/vendors/jai-1_1_2_01/lib/jai_core.jar:/home
/travis/build/icyphy/ptII/vendors/jai-1_1_2_01/lib/jai_codec.jar:/home/travis/b
uild/icyphy/ptII/lib/jcerti.jar:/home/travis/build/icyphy/ptII/lib/smack.jar:/h
ome/travis/build/icyphy/ptII/lib/smackx.jar:/home/travis/build/icyphy/ptII/lib/
jetty-all-8.1.5-v20120716.jar:/home/travis/build/icyphy/ptII/lib/javax.servlet-
api-3.0.1.jar:/home/travis/build/icyphy/ptII/lib/javax.mail.jar:/home/travis/bu
ild/icyphy/ptII/vendors/JMF-2.1.1e/lib/jmf.jar:/home/travis/build/icyphy/ptII/l
ib/jna-4.0.0-variadic.jar:/home/travis/build/icyphy/ptII/vendors/misc/joystick/
Joystick.jar:/home/travis/build/icyphy/ptII/lib/ptjacl.jar:/home/travis/build/i
cyphy/ptII/lib/jsoup-1.8.2.jar:/home/travis/build/icyphy/ptII/lib/junit-4.8.2.j
ar:/home/travis/build/icyphy/ptII/lib/JUnitParams-0.4.0.jar:/home/travis/build/
icyphy/ptII/ptolemy/actor/lib/excel/jxl.jar:/home/travis/build/icyphy/ptII/lib/
jython.jar:/home/travis/build/icyphy/ptII/lib/kieler.jar:/home/travis/build/icy
phy/ptII/vendors/opencv/share/OpenCV/java/opencv-341.jar:/home/travis/build/icy
phy/ptII/lib/oscP5.jar:/home/travis/build/icyphy/ptII/lib/nrjavaserial-3.11.0.d
evel.jar:/home/travis/build/icyphy/ptII/vendors/j3d/lib/j3dcore.jar:/home/travi
s/build/icyphy/ptII/vendors/j3d/lib/j3dutils.jar:/home/travis/build/icyphy/ptII
/vendors/j3d/lib/vecmath.jar:/home/travis/build/icyphy/ptII/ptolemy/distributed
/jini/jar/jini-core.jar:/home/travis/build/icyphy/ptII/ptolemy/distributed/jini
/jar/jini-ext.jar:/home/travis/build/icyphy/ptII/ptolemy/distributed/jini/jar/s
un-util.jar:/home/travis/build/icyphy/ptII/lib/protobuf-java-2.4.1.jar:/home/tr
avis/build/icyphy/ptII/lib/org.eclipse.paho.client.mqttv3.jar:/home/travis/buil
d/icyphy/ptII/ptserver/lib/hessian-4.0.7.jar:/home/travis/build/icyphy/ptII/pts
erver/lib/wmqtt.jar:/home/travis/build/icyphy/ptII/lib/mapss.jar:/home/travis/b
uild/icyphy/ptII/ptolemy/actor/ptalon/antlr/antlr.jar:/home/travis/build/icyphy
/ptII/lib/JRI.jar:/home/travis/build/icyphy/ptII/lib/commons-lang-2.6.jar:/home
/travis/build/icyphy/ptII/lib/commons-logging-1.1.1.jar:/home/travis/build/icyp
hy/ptII/lib/sootclasses.jar:/home/travis/build/icyphy/ptII/ptolemy/actor/lib/da
tabase/mysql-connector-java-5.1.6-bin.jar:/home/travis/build/icyphy/ptII/vendor
s/misc/sphinx4/sphinx4-data-5prealpha.jar:/home/travis/build/icyphy/ptII/vendor
s/misc/sphinx4/sphinx4-core-5prealpha.jar:/home/travis/build/icyphy/ptII/lib/PD
FRenderer.jar:/home/travis/build/icyphy/ptII/lib/svgSalamander.jar:/home/travis
/build/icyphy/ptII/lib/rsyntaxtextarea-2.6.0-SNAPSHOT.jar:/home/travis/build/ic
yphy/ptII/lib/hazelcast-3.8.2.jar:/home/travis/build/icyphy/ptII/lib/jackson-an
notations-2.9.0.jar:/home/travis/build/icyphy/ptII/lib/jackson-core-2.9.3.jar:/
home/travis/build/icyphy/ptII/lib/jackson-databind-2.9.3.jar:/home/travis/build
/icyphy/ptII/lib/netty-buffer-4.1.19.Final.jar:/home/travis/build/icyphy/ptII/l
ib/netty-codec-4.1.19.Final.jar:/home/travis/build/icyphy/ptII/lib/netty-codec-
dns-4.1.19.Final.jar:/home/travis/build/icyphy/ptII/lib/netty-codec-http-4.1.19
.Final.jar:/home/travis/build/icyphy/ptII/lib/netty-codec-http2-4.1.19.Final.ja
r:/home/travis/build/icyphy/ptII/lib/netty-common-4.1.19.Final.jar:/home/travis
/build/icyphy/ptII/lib/netty-handler-4.1.19.Final.jar:/home/travis/build/icyphy
/ptII/lib/netty-resolver-4.1.19.Final.jar:/home/travis/build/icyphy/ptII/lib/ne
tty-resolver-dns-4.1.19.Final.jar:/home/travis/build/icyphy/ptII/lib/netty-tran
sport-4.1.19.Final.jar:/home/travis/build/icyphy/ptII/lib/vertx-codegen-3.5.1.j
ar:/home/travis/build/icyphy/ptII/lib/vertx-core-3.5.2-SNAPSHOT.jar:/home/travi
s/build/icyphy/ptII/lib/vertx-hazelcast-3.5.1.jar:/home/travis/build/icyphy/ptI
I/lib/vertx-lang-js-3.5.1.jar:/home/travis/build/icyphy/ptII/lib/vertx-service-
proxy-3.5.1.jar:/home/travis/build/icyphy/ptII/lib/vertx-web-3.5.1.jar:/home/tr
avis/build/icyphy/ptII/lib/slf4j-api-1.7.13.jar:/home/travis/build/icyphy/ptII/
lib/slf4j-simple-1.7.13.jar:/home/travis/build/icyphy/ptII/lib/webcam-capture-0
.3.12.jar:/home/travis/build/icyphy/ptII/lib/bridj-0.7.0.jar:/home/travis/build
/icyphy/ptII/lib/xbjlib-1.1.0.nrjavaserial.jar:/home/travis/build/icyphy/ptII/p
tolemy/moml/test:/home/travis/build/icyphy/ptII/ant/lib/ant-launcher.jar:/home/
travis/build/icyphy/ptII/ant/lib/ant.jar:/home/travis/build/icyphy/ptII/ant/lib
/ant-junit.jar:/home/travis/build/icyphy/ptII/ant/lib/ant-junit4.jar:/home/trav
is/build/icyphy/ptII ModularCodeGen3_A2_B1_profile.java
warning: Supported source version 'RELEASE_6' from annotation processor 'org.netbeans.modules.openide.util.NbBundleProcessor' less than -source '1.8'
warning: Supported source version 'RELEASE_6' from annotation processor 'org.netbeans.modules.openide.util.URLStreamHandlerRegistrationProcessor' less than -source '1.8'
warning: Supported source version 'RELEASE_6' from annotation processor 'org.netbeans.modules.openide.util.ServiceProviderProcessor' less than -source '1.8'
3 warnings
All Done
Writing ModularCodeGen3_A2_B1.java in file:/home/travis/cg/ (10955 characters)
Reading "ptolemy/cg/kernel/generic/program/procedural/java/modular/makefile.in",
    writing "/home/travis/cg/ModularCodeGen3_A2_B1.mk"
Using ptolemy/cg/kernel/generic/program/procedural/java/modular/makefile.in
In "/home/travis/cg", about to execute:
    make -f ModularCodeGen3_A2_B1.mk
javac -classpath ".:.."    ModularCodeGen3_A2_B1.java
All Done
In "/home/travis/cg", about to execute:
    pwd
/home/travis/cg
In "/home/travis/cg", about to execute:
    ls -l
total 664
-rw-rw-r-- 1 travis travis  4895 Sep  3 02:09 CompiledCompositeActor_CompiledCompositeActor.class
-rw-rw-r-- 1 travis travis  1592 Sep  3 02:09 CompiledCompositeActor_CompiledCompositeActor$_CompiledCompositeActor_CompiledCompositeActor.class
-rw-rw-r-- 1 travis travis 13466 Sep  3 02:09 CompiledCompositeActor_CompiledCompositeActor.java
-rw-rw-r-- 1 travis travis  1593 Sep  3 02:09 CompiledCompositeActor_CompiledCompositeActor.mk
-rw-rw-r-- 1 travis travis  4457 Sep  3 02:09 JavaCompiledCompositeTest1_CompiledCompositeActor.class
-rw-rw-r-- 1 travis travis 11637 Sep  3 02:09 JavaCompiledCompositeTest1_CompiledCompositeActor.java
-rw-rw-r-- 1 travis travis  1198 Sep  3 02:09 JavaCompiledCompositeTest1_CompiledCompositeActor$_JavaCompiledCompositeTest1_CompiledCompositeActor.class
-rw-rw-r-- 1 travis travis  1625 Sep  3 02:09 JavaCompiledCompositeTest1_CompiledCompositeActor.mk
-rw-rw-r-- 1 travis travis  4888 Sep  3 02:09 JavaCompiledCompositeTest2_CompiledCompositeActor.class
-rw-rw-r-- 1 travis travis 14919 Sep  3 02:09 JavaCompiledCompositeTest2_CompiledCompositeActor.java
-rw-rw-r-- 1 travis travis  1793 Sep  3 02:09 JavaCompiledCompositeTest2_CompiledCompositeActor$_JavaCompiledCompositeTest2_CompiledCompositeActor.class
-rw-rw-r-- 1 travis travis  1625 Sep  3 02:09 JavaCompiledCompositeTest2_CompiledCompositeActor.mk
-rw-rw-r-- 1 travis travis  4505 Sep  3 02:09 JavaCompiledCompositeTest3_CompiledCompositeActor.class
-rw-rw-r-- 1 travis travis 13080 Sep  3 02:09 JavaCompiledCompositeTest3_CompiledCompositeActor.java
-rw-rw-r-- 1 travis travis  1378 Sep  3 02:09 JavaCompiledCompositeTest3_CompiledCompositeActor$_JavaCompiledCompositeTest3_CompiledCompositeActor.class
-rw-rw-r-- 1 travis travis  1625 Sep  3 02:09 JavaCompiledCompositeTest3_CompiledCompositeActor.mk
-rw-rw-r-- 1 travis travis  3953 Sep  3 02:09 JavaCompiledCompositeTest4_CompiledCompositeActor.class
-rw-rw-r-- 1 travis travis  9687 Sep  3 02:09 JavaCompiledCompositeTest4_CompiledCompositeActor.java
-rw-rw-r-- 1 travis travis   857 Sep  3 02:09 JavaCompiledCompositeTest4_CompiledCompositeActor$_JavaCompiledCompositeTest4_CompiledCompositeActor.class
-rw-rw-r-- 1 travis travis  1625 Sep  3 02:09 JavaCompiledCompositeTest4_CompiledCompositeActor.mk
-rw-rw-r-- 1 travis travis  3693 Sep  3 02:09 ModularCG_A1_B1.class
-rw-rw-r-- 1 travis travis  9730 Sep  3 02:09 ModularCG_A1_B1.java
-rw-rw-r-- 1 travis travis   832 Sep  3 02:09 ModularCG_A1_B1.mk
-rw-rw-r-- 1 travis travis  1318 Sep  3 02:09 ModularCG_A1_B1_profile.class
-rw-rw-r-- 1 travis travis  1262 Sep  3 02:09 ModularCG_A1_B1_profile.java
-rw-rw-r-- 1 travis travis  3693 Sep  3 02:09 ModularCG_A1_B2.class
-rw-rw-r-- 1 travis travis  9730 Sep  3 02:09 ModularCG_A1_B2.java
-rw-rw-r-- 1 travis travis   832 Sep  3 02:09 ModularCG_A1_B2.mk
-rw-rw-r-- 1 travis travis  1318 Sep  3 02:09 ModularCG_A1_B2_profile.class
-rw-rw-r-- 1 travis travis  1262 Sep  3 02:09 ModularCG_A1_B2_profile.java
-rw-rw-r-- 1 travis travis  4799 Sep  3 02:09 ModularCG_A1.class
-rw-rw-r-- 1 travis travis 14742 Sep  3 02:09 ModularCG_A1.java
-rw-rw-r-- 1 travis travis   808 Sep  3 02:09 ModularCG_A1.mk
-rw-rw-r-- 1 travis travis  1433 Sep  3 02:09 ModularCG_A1_profile.class
-rw-rw-r-- 1 travis travis  1704 Sep  3 02:09 ModularCG_A1_profile.java
-rw-rw-r-- 1 travis travis  3827 Sep  3 02:09 ModularCG_A2_B1.class
-rw-rw-r-- 1 travis travis 10667 Sep  3 02:09 ModularCG_A2_B1.java
-rw-rw-r-- 1 travis travis   832 Sep  3 02:09 ModularCG_A2_B1.mk
-rw-rw-r-- 1 travis travis  1381 Sep  3 02:09 ModularCG_A2_B1_profile.class
-rw-rw-r-- 1 travis travis  1446 Sep  3 02:09 ModularCG_A2_B1_profile.java
-rw-rw-r-- 1 travis travis  3693 Sep  3 02:09 ModularCG_A2_B2.class
-rw-rw-r-- 1 travis travis  9730 Sep  3 02:09 ModularCG_A2_B2.java
-rw-rw-r-- 1 travis travis   832 Sep  3 02:09 ModularCG_A2_B2.mk
-rw-rw-r-- 1 travis travis  1318 Sep  3 02:09 ModularCG_A2_B2_profile.class
-rw-rw-r-- 1 travis travis  1262 Sep  3 02:09 ModularCG_A2_B2_profile.java
-rw-rw-r-- 1 travis travis  4870 Sep  3 02:09 ModularCG_A2.class
-rw-rw-r-- 1 travis travis 15129 Sep  3 02:09 ModularCG_A2.java
-rw-rw-r-- 1 travis travis   808 Sep  3 02:09 ModularCG_A2.mk
-rw-rw-r-- 1 travis travis  1433 Sep  3 02:09 ModularCG_A2_profile.class
-rw-rw-r-- 1 travis travis  1704 Sep  3 02:09 ModularCG_A2_profile.java
-rw-rw-r-- 1 travis travis  3473 Sep  3 02:09 ModularCGPubSub_A1_A2.class
-rw-rw-r-- 1 travis travis  9076 Sep  3 02:09 ModularCGPubSub_A1_A2.java
-rw-rw-r-- 1 travis travis   880 Sep  3 02:09 ModularCGPubSub_A1_A2.mk
-rw-rw-r-- 1 travis travis  1300 Sep  3 02:09 ModularCGPubSub_A1_A2_profile.class
-rw-rw-r-- 1 travis travis  1222 Sep  3 02:09 ModularCGPubSub_A1_A2_profile.java
-rw-rw-r-- 1 travis travis  3790 Sep  3 02:09 ModularCGPubSub_A1.class
-rw-rw-r-- 1 travis travis  9836 Sep  3 02:09 ModularCGPubSub_A1.java
-rw-rw-r-- 1 travis travis   856 Sep  3 02:09 ModularCGPubSub_A1.mk
-rw-rw-r-- 1 travis travis  1346 Sep  3 02:09 ModularCGPubSub_A1_profile.class
-rw-rw-r-- 1 travis travis  1388 Sep  3 02:09 ModularCGPubSub_A1_profile.java
-rw-rw-r-- 1 travis travis  3988 Sep  3 02:09 ModularCodeGen2_ModularCodeGenTypedCompositeActor.class
-rw-rw-r-- 1 travis travis 11690 Sep  3 02:09 ModularCodeGen2_ModularCodeGenTypedCompositeActor.java
-rw-rw-r-- 1 travis travis  1104 Sep  3 02:09 ModularCodeGen2_ModularCodeGenTypedCompositeActor.mk
-rw-rw-r-- 1 travis travis  4272 Sep  3 02:09 ModularCodeGen2_ModularCodeGenTypedCompositeActor_ModularCodeGenTypedCompositeActor.class
-rw-rw-r-- 1 travis travis 11790 Sep  3 02:09 ModularCodeGen2_ModularCodeGenTypedCompositeActor_ModularCodeGenTypedCompositeActor.java
-rw-rw-r-- 1 travis travis  1376 Sep  3 02:09 ModularCodeGen2_ModularCodeGenTypedCompositeActor_ModularCodeGenTypedCompositeActor.mk
-rw-rw-r-- 1 travis travis  1421 Sep  3 02:09 ModularCodeGen2_ModularCodeGenTypedCompositeActor_ModularCodeGenTypedCompositeActor_profile.class
-rw-rw-r-- 1 travis travis  1294 Sep  3 02:09 ModularCodeGen2_ModularCodeGenTypedCompositeActor_ModularCodeGenTypedCompositeActor_profile.java
-rw-rw-r-- 1 travis travis   820 Sep  3 02:09 ModularCodeGen2_ModularCodeGenTypedCompositeActor_profile.class
-rw-rw-r-- 1 travis travis   693 Sep  3 02:09 ModularCodeGen2_ModularCodeGenTypedCompositeActor_profile.java
-rw-rw-r-- 1 travis travis  3741 Sep  3 02:09 ModularCodeGen3_A1_B1.class
-rw-rw-r-- 1 travis travis  9958 Sep  3 02:09 ModularCodeGen3_A1_B1.java
-rw-rw-r-- 1 travis travis   880 Sep  3 02:09 ModularCodeGen3_A1_B1.mk
-rw-rw-r-- 1 travis travis  1330 Sep  3 02:09 ModularCodeGen3_A1_B1_profile.class
-rw-rw-r-- 1 travis travis  1274 Sep  3 02:09 ModularCodeGen3_A1_B1_profile.java
-rw-rw-r-- 1 travis travis  3741 Sep  3 02:09 ModularCodeGen3_A1_B2.class
-rw-rw-r-- 1 travis travis  9958 Sep  3 02:09 ModularCodeGen3_A1_B2.java
-rw-rw-r-- 1 travis travis   880 Sep  3 02:09 ModularCodeGen3_A1_B2.mk
-rw-rw-r-- 1 travis travis  1330 Sep  3 02:09 ModularCodeGen3_A1_B2_profile.class
-rw-rw-r-- 1 travis travis  1274 Sep  3 02:09 ModularCodeGen3_A1_B2_profile.java
-rw-rw-r-- 1 travis travis  4961 Sep  3 02:09 ModularCodeGen3_A1.class
-rw-rw-r-- 1 travis travis 15564 Sep  3 02:09 ModularCodeGen3_A1.java
-rw-rw-r-- 1 travis travis   856 Sep  3 02:09 ModularCodeGen3_A1.mk
-rw-rw-r-- 1 travis travis  1445 Sep  3 02:09 ModularCodeGen3_A1_profile.class
-rw-rw-r-- 1 travis travis  1716 Sep  3 02:09 ModularCodeGen3_A1_profile.java
-rw-rw-r-- 1 travis travis  3887 Sep  3 02:09 ModularCodeGen3_A2_B1.class
-rw-rw-r-- 1 travis travis 10955 Sep  3 02:09 ModularCodeGen3_A2_B1.java
-rw-rw-r-- 1 travis travis   880 Sep  3 02:09 ModularCodeGen3_A2_B1.mk
-rw-rw-r-- 1 travis travis  1393 Sep  3 02:09 ModularCodeGen3_A2_B1_profile.class
-rw-rw-r-- 1 travis travis  1458 Sep  3 02:09 ModularCodeGen3_A2_B1_profile.java
-rw-rw-r-- 1 travis travis  1274 Sep  3 02:09 ModularCodeGen3_A2_B2_profile.java
-rw-rw-r-- 1 travis travis  3954 Sep  3 02:09 ModularCodeGen_ModularCodeGenTypedCompositeActor.class
-rw-rw-r-- 1 travis travis 10970 Sep  3 02:09 ModularCodeGen_ModularCodeGenTypedCompositeActor.java
-rw-rw-r-- 1 travis travis  1096 Sep  3 02:09 ModularCodeGen_ModularCodeGenTypedCompositeActor.mk
-rw-rw-r-- 1 travis travis  1384 Sep  3 02:09 ModularCodeGen_ModularCodeGenTypedCompositeActor_profile.class
-rw-rw-r-- 1 travis travis  1328 Sep  3 02:09 ModularCodeGen_ModularCodeGenTypedCompositeActor_profile.java
-rw-rw-r-- 1 travis travis  3492 Sep  3 02:08 ModularCodeGenTest_A1_A2.class
-rw-rw-r-- 1 travis travis  9164 Sep  3 02:08 ModularCodeGenTest_A1_A2.java
-rw-rw-r-- 1 travis travis   904 Sep  3 02:08 ModularCodeGenTest_A1_A2.mk
-rw-rw-r-- 1 travis travis  1306 Sep  3 02:08 ModularCodeGenTest_A1_A2_profile.class
-rw-rw-r-- 1 travis travis  1228 Sep  3 02:08 ModularCodeGenTest_A1_A2_profile.java
-rw-rw-r-- 1 travis travis  3823 Sep  3 02:09 ModularCodeGenTest_A1.class
-rw-rw-r-- 1 travis travis  9968 Sep  3 02:09 ModularCodeGenTest_A1.java
-rw-rw-r-- 1 travis travis   880 Sep  3 02:09 ModularCodeGenTest_A1.mk
-rw-rw-r-- 1 travis travis  1352 Sep  3 02:09 ModularCodeGenTest_A1_profile.class
-rw-rw-r-- 1 travis travis  1394 Sep  3 02:08 ModularCodeGenTest_A1_profile.java
-rw-rw-r-- 1 travis travis   432 Sep  3 02:09 Token.class
-rw-rw-r-- 1 travis travis   251 Sep  3 02:09 Token.java
In "/home/travis/cg", about to execute:
    javac -classpath
.:/home/travis/build/icyphy/ptII:/home/travis/build/icyphy/ptII/lib/bsh-2.0b4.j
ar:/home/travis/build/icyphy/ptII/lib/ptCal.jar:/home/travis/build/icyphy/ptII/
lib/java_cup.jar:/home/travis/build/icyphy/ptII/lib/saxon8.jar:/home/travis/bui
ld/icyphy/ptII/lib/saxon8-dom.jar:/home/travis/build/icyphy/ptII/lib/chic.jar:/
home/travis/build/icyphy/ptII/lib/ptcolt.jar:/usr/lib/jvm/java-8-oracle/lib/too
ls.jar:/usr/lib/eclipse/plugins/org.eclipse.jdt.core_3.8.2.dist.jar:/usr/lib/ec
lipse/plugins/org.eclipse.core.runtime_3.8.0.dist.jar:/usr/lib/eclipse/plugins/
org.eclipse.osgi_3.8.1.dist.jar:/usr/lib/eclipse/plugins/org.eclipse.core.resou
rces_3.8.1.dist.jar:/usr/lib/eclipse/plugins/org.eclipse.equinox.common_3.6.100
.dist.jar:/usr/lib/eclipse/plugins/org.eclipse.core.jobs_3.5.200.dist.jar:/usr/
lib/eclipse/plugins/org.eclipse.core.contenttype_3.4.200.dist.jar:/usr/lib/ecli
pse/plugins/org.eclipse.equinox.preferences_3.5.0.dist.jar:/usr/lib/eclipse/plu
gins/org.eclipse.text_3.5.200.dist.jar:/usr/lib/eclipse/plugins/org.eclipse.ui.
workbench_3.8.1.dist.jar:/usr/lib/eclipse/plugins/org.eclipse.jface_3.8.0.dist.
jar:/usr/lib/eclipse/plugins/org.eclipse.swt_3.8.2.jar:/usr/lib/eclipse/plugins
/org.eclipse.jface.text_3.8.1.dist.jar:/usr/lib/eclipse/plugins/org.eclipse.ui.
workbench.texteditor_3.8.0.dist.jar:/usr/lib/eclipse/plugins/org.eclipse.ui.edi
tors_3.8.0.dist.jar:/usr/lib/eclipse/plugins/org.eclipse.core.commands_3.6.1.di
st.jar:/usr/lib/eclipse/plugins/org.eclipse.equinox.registry_3.5.200.dist.jar:/
usr/lib/eclipse/plugins/org.eclipse.ui.console_3.5.100.dist.jar:/usr/lib/eclips
e/plugins/org.eclipse.ui.forms_3.5.200.dist.jar:/usr/lib/eclipse/plugins/org.ec
lipse.ui.ide_3.8.1.dist.jar:/home/travis/build/icyphy/ptII/vendors/oracle/dbxml
.jar:/home/travis/build/icyphy/ptII/vendors/oracle/db.jar:/home/travis/build/ic
yphy/ptII/vendors/misc/itext/iText.jar:/home/travis/build/icyphy/ptII/lib/g4ltl
.jar:/home/travis/build/icyphy/ptII/lib/StructuralCoder.jar:/home/travis/build/
icyphy/ptII/lib/org-openide-util.jar:/home/travis/build/icyphy/ptII/lib/org-ope
nide-util-lookup.jar:/home/travis/build/icyphy/ptII/lib/org-netbeans-api-visual
.jar:/home/travis/build/icyphy/ptII/vendors/jai-1_1_2_01/lib/jai_core.jar:/home
/travis/build/icyphy/ptII/vendors/jai-1_1_2_01/lib/jai_codec.jar:/home/travis/b
uild/icyphy/ptII/lib/jcerti.jar:/home/travis/build/icyphy/ptII/lib/smack.jar:/h
ome/travis/build/icyphy/ptII/lib/smackx.jar:/home/travis/build/icyphy/ptII/lib/
jetty-all-8.1.5-v20120716.jar:/home/travis/build/icyphy/ptII/lib/javax.servlet-
api-3.0.1.jar:/home/travis/build/icyphy/ptII/lib/javax.mail.jar:/home/travis/bu
ild/icyphy/ptII/vendors/JMF-2.1.1e/lib/jmf.jar:/home/travis/build/icyphy/ptII/l
ib/jna-4.0.0-variadic.jar:/home/travis/build/icyphy/ptII/vendors/misc/joystick/
Joystick.jar:/home/travis/build/icyphy/ptII/lib/ptjacl.jar:/home/travis/build/i
cyphy/ptII/lib/jsoup-1.8.2.jar:/home/travis/build/icyphy/ptII/lib/junit-4.8.2.j
ar:/home/travis/build/icyphy/ptII/lib/JUnitParams-0.4.0.jar:/home/travis/build/
icyphy/ptII/ptolemy/actor/lib/excel/jxl.jar:/home/travis/build/icyphy/ptII/lib/
jython.jar:/home/travis/build/icyphy/ptII/lib/kieler.jar:/home/travis/build/icy
phy/ptII/vendors/opencv/share/OpenCV/java/opencv-341.jar:/home/travis/build/icy
phy/ptII/lib/oscP5.jar:/home/travis/build/icyphy/ptII/lib/nrjavaserial-3.11.0.d
evel.jar:/home/travis/build/icyphy/ptII/vendors/j3d/lib/j3dcore.jar:/home/travi
s/build/icyphy/ptII/vendors/j3d/lib/j3dutils.jar:/home/travis/build/icyphy/ptII
/vendors/j3d/lib/vecmath.jar:/home/travis/build/icyphy/ptII/ptolemy/distributed
/jini/jar/jini-core.jar:/home/travis/build/icyphy/ptII/ptolemy/distributed/jini
/jar/jini-ext.jar:/home/travis/build/icyphy/ptII/ptolemy/distributed/jini/jar/s
un-util.jar:/home/travis/build/icyphy/ptII/lib/protobuf-java-2.4.1.jar:/home/tr
avis/build/icyphy/ptII/lib/org.eclipse.paho.client.mqttv3.jar:/home/travis/buil
d/icyphy/ptII/ptserver/lib/hessian-4.0.7.jar:/home/travis/build/icyphy/ptII/pts
erver/lib/wmqtt.jar:/home/travis/build/icyphy/ptII/lib/mapss.jar:/home/travis/b
uild/icyphy/ptII/ptolemy/actor/ptalon/antlr/antlr.jar:/home/travis/build/icyphy
/ptII/lib/JRI.jar:/home/travis/build/icyphy/ptII/lib/commons-lang-2.6.jar:/home
/travis/build/icyphy/ptII/lib/commons-logging-1.1.1.jar:/home/travis/build/icyp
hy/ptII/lib/sootclasses.jar:/home/travis/build/icyphy/ptII/ptolemy/actor/lib/da
tabase/mysql-connector-java-5.1.6-bin.jar:/home/travis/build/icyphy/ptII/vendor
s/misc/sphinx4/sphinx4-data-5prealpha.jar:/home/travis/build/icyphy/ptII/vendor
s/misc/sphinx4/sphinx4-core-5prealpha.jar:/home/travis/build/icyphy/ptII/lib/PD
FRenderer.jar:/home/travis/build/icyphy/ptII/lib/svgSalamander.jar:/home/travis
/build/icyphy/ptII/lib/rsyntaxtextarea-2.6.0-SNAPSHOT.jar:/home/travis/build/ic
yphy/ptII/lib/hazelcast-3.8.2.jar:/home/travis/build/icyphy/ptII/lib/jackson-an
notations-2.9.0.jar:/home/travis/build/icyphy/ptII/lib/jackson-core-2.9.3.jar:/
home/travis/build/icyphy/ptII/lib/jackson-databind-2.9.3.jar:/home/travis/build
/icyphy/ptII/lib/netty-buffer-4.1.19.Final.jar:/home/travis/build/icyphy/ptII/l
ib/netty-codec-4.1.19.Final.jar:/home/travis/build/icyphy/ptII/lib/netty-codec-
dns-4.1.19.Final.jar:/home/travis/build/icyphy/ptII/lib/netty-codec-http-4.1.19
.Final.jar:/home/travis/build/icyphy/ptII/lib/netty-codec-http2-4.1.19.Final.ja
r:/home/travis/build/icyphy/ptII/lib/netty-common-4.1.19.Final.jar:/home/travis
/build/icyphy/ptII/lib/netty-handler-4.1.19.Final.jar:/home/travis/build/icyphy
/ptII/lib/netty-resolver-4.1.19.Final.jar:/home/travis/build/icyphy/ptII/lib/ne
tty-resolver-dns-4.1.19.Final.jar:/home/travis/build/icyphy/ptII/lib/netty-tran
sport-4.1.19.Final.jar:/home/travis/build/icyphy/ptII/lib/vertx-codegen-3.5.1.j
ar:/home/travis/build/icyphy/ptII/lib/vertx-core-3.5.2-SNAPSHOT.jar:/home/travi
s/build/icyphy/ptII/lib/vertx-hazelcast-3.5.1.jar:/home/travis/build/icyphy/ptI
I/lib/vertx-lang-js-3.5.1.jar:/home/travis/build/icyphy/ptII/lib/vertx-service-
proxy-3.5.1.jar:/home/travis/build/icyphy/ptII/lib/vertx-web-3.5.1.jar:/home/tr
avis/build/icyphy/ptII/lib/slf4j-api-1.7.13.jar:/home/travis/build/icyphy/ptII/
lib/slf4j-simple-1.7.13.jar:/home/travis/build/icyphy/ptII/lib/webcam-capture-0
.3.12.jar:/home/travis/build/icyphy/ptII/lib/bridj-0.7.0.jar:/home/travis/build
/icyphy/ptII/lib/xbjlib-1.1.0.nrjavaserial.jar:/home/travis/build/icyphy/ptII/p
tolemy/moml/test:/home/travis/build/icyphy/ptII/ant/lib/ant-launcher.jar:/home/
travis/build/icyphy/ptII/ant/lib/ant.jar:/home/travis/build/icyphy/ptII/ant/lib
/ant-junit.jar:/home/travis/build/icyphy/ptII/ant/lib/ant-junit4.jar:/home/trav
is/build/icyphy/ptII ModularCodeGen3_A2_B2_profile.java
warning: Supported source version 'RELEASE_6' from annotation processor 'org.netbeans.modules.openide.util.NbBundleProcessor' less than -source '1.8'
warning: Supported source version 'RELEASE_6' from annotation processor 'org.netbeans.modules.openide.util.URLStreamHandlerRegistrationProcessor' less than -source '1.8'
warning: Supported source version 'RELEASE_6' from annotation processor 'org.netbeans.modules.openide.util.ServiceProviderProcessor' less than -source '1.8'
3 warnings
All Done
Writing ModularCodeGen3_A2_B2.java in file:/home/travis/cg/ (9958 characters)
Reading "ptolemy/cg/kernel/generic/program/procedural/java/modular/makefile.in",
    writing "/home/travis/cg/ModularCodeGen3_A2_B2.mk"
Using ptolemy/cg/kernel/generic/program/procedural/java/modular/makefile.in
In "/home/travis/cg", about to execute:
    make -f ModularCodeGen3_A2_B2.mk
javac -classpath ".:.."    ModularCodeGen3_A2_B2.java
All Done
In "/home/travis/cg", about to execute:
    pwd
/home/travis/cg
In "/home/travis/cg", about to execute:
    ls -l
total 692
-rw-rw-r-- 1 travis travis  4895 Sep  3 02:09 CompiledCompositeActor_CompiledCompositeActor.class
-rw-rw-r-- 1 travis travis  1592 Sep  3 02:09 CompiledCompositeActor_CompiledCompositeActor$_CompiledCompositeActor_CompiledCompositeActor.class
-rw-rw-r-- 1 travis travis 13466 Sep  3 02:09 CompiledCompositeActor_CompiledCompositeActor.java
-rw-rw-r-- 1 travis travis  1593 Sep  3 02:09 CompiledCompositeActor_CompiledCompositeActor.mk
-rw-rw-r-- 1 travis travis  4457 Sep  3 02:09 JavaCompiledCompositeTest1_CompiledCompositeActor.class
-rw-rw-r-- 1 travis travis 11637 Sep  3 02:09 JavaCompiledCompositeTest1_CompiledCompositeActor.java
-rw-rw-r-- 1 travis travis  1198 Sep  3 02:09 JavaCompiledCompositeTest1_CompiledCompositeActor$_JavaCompiledCompositeTest1_CompiledCompositeActor.class
-rw-rw-r-- 1 travis travis  1625 Sep  3 02:09 JavaCompiledCompositeTest1_CompiledCompositeActor.mk
-rw-rw-r-- 1 travis travis  4888 Sep  3 02:09 JavaCompiledCompositeTest2_CompiledCompositeActor.class
-rw-rw-r-- 1 travis travis 14919 Sep  3 02:09 JavaCompiledCompositeTest2_CompiledCompositeActor.java
-rw-rw-r-- 1 travis travis  1793 Sep  3 02:09 JavaCompiledCompositeTest2_CompiledCompositeActor$_JavaCompiledCompositeTest2_CompiledCompositeActor.class
-rw-rw-r-- 1 travis travis  1625 Sep  3 02:09 JavaCompiledCompositeTest2_CompiledCompositeActor.mk
-rw-rw-r-- 1 travis travis  4505 Sep  3 02:09 JavaCompiledCompositeTest3_CompiledCompositeActor.class
-rw-rw-r-- 1 travis travis 13080 Sep  3 02:09 JavaCompiledCompositeTest3_CompiledCompositeActor.java
-rw-rw-r-- 1 travis travis  1378 Sep  3 02:09 JavaCompiledCompositeTest3_CompiledCompositeActor$_JavaCompiledCompositeTest3_CompiledCompositeActor.class
-rw-rw-r-- 1 travis travis  1625 Sep  3 02:09 JavaCompiledCompositeTest3_CompiledCompositeActor.mk
-rw-rw-r-- 1 travis travis  3953 Sep  3 02:09 JavaCompiledCompositeTest4_CompiledCompositeActor.class
-rw-rw-r-- 1 travis travis  9687 Sep  3 02:09 JavaCompiledCompositeTest4_CompiledCompositeActor.java
-rw-rw-r-- 1 travis travis   857 Sep  3 02:09 JavaCompiledCompositeTest4_CompiledCompositeActor$_JavaCompiledCompositeTest4_CompiledCompositeActor.class
-rw-rw-r-- 1 travis travis  1625 Sep  3 02:09 JavaCompiledCompositeTest4_CompiledCompositeActor.mk
-rw-rw-r-- 1 travis travis  3693 Sep  3 02:09 ModularCG_A1_B1.class
-rw-rw-r-- 1 travis travis  9730 Sep  3 02:09 ModularCG_A1_B1.java
-rw-rw-r-- 1 travis travis   832 Sep  3 02:09 ModularCG_A1_B1.mk
-rw-rw-r-- 1 travis travis  1318 Sep  3 02:09 ModularCG_A1_B1_profile.class
-rw-rw-r-- 1 travis travis  1262 Sep  3 02:09 ModularCG_A1_B1_profile.java
-rw-rw-r-- 1 travis travis  3693 Sep  3 02:09 ModularCG_A1_B2.class
-rw-rw-r-- 1 travis travis  9730 Sep  3 02:09 ModularCG_A1_B2.java
-rw-rw-r-- 1 travis travis   832 Sep  3 02:09 ModularCG_A1_B2.mk
-rw-rw-r-- 1 travis travis  1318 Sep  3 02:09 ModularCG_A1_B2_profile.class
-rw-rw-r-- 1 travis travis  1262 Sep  3 02:09 ModularCG_A1_B2_profile.java
-rw-rw-r-- 1 travis travis  4799 Sep  3 02:09 ModularCG_A1.class
-rw-rw-r-- 1 travis travis 14742 Sep  3 02:09 ModularCG_A1.java
-rw-rw-r-- 1 travis travis   808 Sep  3 02:09 ModularCG_A1.mk
-rw-rw-r-- 1 travis travis  1433 Sep  3 02:09 ModularCG_A1_profile.class
-rw-rw-r-- 1 travis travis  1704 Sep  3 02:09 ModularCG_A1_profile.java
-rw-rw-r-- 1 travis travis  3827 Sep  3 02:09 ModularCG_A2_B1.class
-rw-rw-r-- 1 travis travis 10667 Sep  3 02:09 ModularCG_A2_B1.java
-rw-rw-r-- 1 travis travis   832 Sep  3 02:09 ModularCG_A2_B1.mk
-rw-rw-r-- 1 travis travis  1381 Sep  3 02:09 ModularCG_A2_B1_profile.class
-rw-rw-r-- 1 travis travis  1446 Sep  3 02:09 ModularCG_A2_B1_profile.java
-rw-rw-r-- 1 travis travis  3693 Sep  3 02:09 ModularCG_A2_B2.class
-rw-rw-r-- 1 travis travis  9730 Sep  3 02:09 ModularCG_A2_B2.java
-rw-rw-r-- 1 travis travis   832 Sep  3 02:09 ModularCG_A2_B2.mk
-rw-rw-r-- 1 travis travis  1318 Sep  3 02:09 ModularCG_A2_B2_profile.class
-rw-rw-r-- 1 travis travis  1262 Sep  3 02:09 ModularCG_A2_B2_profile.java
-rw-rw-r-- 1 travis travis  4870 Sep  3 02:09 ModularCG_A2.class
-rw-rw-r-- 1 travis travis 15129 Sep  3 02:09 ModularCG_A2.java
-rw-rw-r-- 1 travis travis   808 Sep  3 02:09 ModularCG_A2.mk
-rw-rw-r-- 1 travis travis  1433 Sep  3 02:09 ModularCG_A2_profile.class
-rw-rw-r-- 1 travis travis  1704 Sep  3 02:09 ModularCG_A2_profile.java
-rw-rw-r-- 1 travis travis  3473 Sep  3 02:09 ModularCGPubSub_A1_A2.class
-rw-rw-r-- 1 travis travis  9076 Sep  3 02:09 ModularCGPubSub_A1_A2.java
-rw-rw-r-- 1 travis travis   880 Sep  3 02:09 ModularCGPubSub_A1_A2.mk
-rw-rw-r-- 1 travis travis  1300 Sep  3 02:09 ModularCGPubSub_A1_A2_profile.class
-rw-rw-r-- 1 travis travis  1222 Sep  3 02:09 ModularCGPubSub_A1_A2_profile.java
-rw-rw-r-- 1 travis travis  3790 Sep  3 02:09 ModularCGPubSub_A1.class
-rw-rw-r-- 1 travis travis  9836 Sep  3 02:09 ModularCGPubSub_A1.java
-rw-rw-r-- 1 travis travis   856 Sep  3 02:09 ModularCGPubSub_A1.mk
-rw-rw-r-- 1 travis travis  1346 Sep  3 02:09 ModularCGPubSub_A1_profile.class
-rw-rw-r-- 1 travis travis  1388 Sep  3 02:09 ModularCGPubSub_A1_profile.java
-rw-rw-r-- 1 travis travis  3988 Sep  3 02:09 ModularCodeGen2_ModularCodeGenTypedCompositeActor.class
-rw-rw-r-- 1 travis travis 11690 Sep  3 02:09 ModularCodeGen2_ModularCodeGenTypedCompositeActor.java
-rw-rw-r-- 1 travis travis  1104 Sep  3 02:09 ModularCodeGen2_ModularCodeGenTypedCompositeActor.mk
-rw-rw-r-- 1 travis travis  4272 Sep  3 02:09 ModularCodeGen2_ModularCodeGenTypedCompositeActor_ModularCodeGenTypedCompositeActor.class
-rw-rw-r-- 1 travis travis 11790 Sep  3 02:09 ModularCodeGen2_ModularCodeGenTypedCompositeActor_ModularCodeGenTypedCompositeActor.java
-rw-rw-r-- 1 travis travis  1376 Sep  3 02:09 ModularCodeGen2_ModularCodeGenTypedCompositeActor_ModularCodeGenTypedCompositeActor.mk
-rw-rw-r-- 1 travis travis  1421 Sep  3 02:09 ModularCodeGen2_ModularCodeGenTypedCompositeActor_ModularCodeGenTypedCompositeActor_profile.class
-rw-rw-r-- 1 travis travis  1294 Sep  3 02:09 ModularCodeGen2_ModularCodeGenTypedCompositeActor_ModularCodeGenTypedCompositeActor_profile.java
-rw-rw-r-- 1 travis travis   820 Sep  3 02:09 ModularCodeGen2_ModularCodeGenTypedCompositeActor_profile.class
-rw-rw-r-- 1 travis travis   693 Sep  3 02:09 ModularCodeGen2_ModularCodeGenTypedCompositeActor_profile.java
-rw-rw-r-- 1 travis travis  3741 Sep  3 02:09 ModularCodeGen3_A1_B1.class
-rw-rw-r-- 1 travis travis  9958 Sep  3 02:09 ModularCodeGen3_A1_B1.java
-rw-rw-r-- 1 travis travis   880 Sep  3 02:09 ModularCodeGen3_A1_B1.mk
-rw-rw-r-- 1 travis travis  1330 Sep  3 02:09 ModularCodeGen3_A1_B1_profile.class
-rw-rw-r-- 1 travis travis  1274 Sep  3 02:09 ModularCodeGen3_A1_B1_profile.java
-rw-rw-r-- 1 travis travis  3741 Sep  3 02:09 ModularCodeGen3_A1_B2.class
-rw-rw-r-- 1 travis travis  9958 Sep  3 02:09 ModularCodeGen3_A1_B2.java
-rw-rw-r-- 1 travis travis   880 Sep  3 02:09 ModularCodeGen3_A1_B2.mk
-rw-rw-r-- 1 travis travis  1330 Sep  3 02:09 ModularCodeGen3_A1_B2_profile.class
-rw-rw-r-- 1 travis travis  1274 Sep  3 02:09 ModularCodeGen3_A1_B2_profile.java
-rw-rw-r-- 1 travis travis  4961 Sep  3 02:09 ModularCodeGen3_A1.class
-rw-rw-r-- 1 travis travis 15564 Sep  3 02:09 ModularCodeGen3_A1.java
-rw-rw-r-- 1 travis travis   856 Sep  3 02:09 ModularCodeGen3_A1.mk
-rw-rw-r-- 1 travis travis  1445 Sep  3 02:09 ModularCodeGen3_A1_profile.class
-rw-rw-r-- 1 travis travis  1716 Sep  3 02:09 ModularCodeGen3_A1_profile.java
-rw-rw-r-- 1 travis travis  3887 Sep  3 02:09 ModularCodeGen3_A2_B1.class
-rw-rw-r-- 1 travis travis 10955 Sep  3 02:09 ModularCodeGen3_A2_B1.java
-rw-rw-r-- 1 travis travis   880 Sep  3 02:09 ModularCodeGen3_A2_B1.mk
-rw-rw-r-- 1 travis travis  1393 Sep  3 02:09 ModularCodeGen3_A2_B1_profile.class
-rw-rw-r-- 1 travis travis  1458 Sep  3 02:09 ModularCodeGen3_A2_B1_profile.java
-rw-rw-r-- 1 travis travis  3741 Sep  3 02:09 ModularCodeGen3_A2_B2.class
-rw-rw-r-- 1 travis travis  9958 Sep  3 02:09 ModularCodeGen3_A2_B2.java
-rw-rw-r-- 1 travis travis   880 Sep  3 02:09 ModularCodeGen3_A2_B2.mk
-rw-rw-r-- 1 travis travis  1330 Sep  3 02:09 ModularCodeGen3_A2_B2_profile.class
-rw-rw-r-- 1 travis travis  1274 Sep  3 02:09 ModularCodeGen3_A2_B2_profile.java
-rw-rw-r-- 1 travis travis  1716 Sep  3 02:09 ModularCodeGen3_A2_profile.java
-rw-rw-r-- 1 travis travis  3954 Sep  3 02:09 ModularCodeGen_ModularCodeGenTypedCompositeActor.class
-rw-rw-r-- 1 travis travis 10970 Sep  3 02:09 ModularCodeGen_ModularCodeGenTypedCompositeActor.java
-rw-rw-r-- 1 travis travis  1096 Sep  3 02:09 ModularCodeGen_ModularCodeGenTypedCompositeActor.mk
-rw-rw-r-- 1 travis travis  1384 Sep  3 02:09 ModularCodeGen_ModularCodeGenTypedCompositeActor_profile.class
-rw-rw-r-- 1 travis travis  1328 Sep  3 02:09 ModularCodeGen_ModularCodeGenTypedCompositeActor_profile.java
-rw-rw-r-- 1 travis travis  3492 Sep  3 02:08 ModularCodeGenTest_A1_A2.class
-rw-rw-r-- 1 travis travis  9164 Sep  3 02:08 ModularCodeGenTest_A1_A2.java
-rw-rw-r-- 1 travis travis   904 Sep  3 02:08 ModularCodeGenTest_A1_A2.mk
-rw-rw-r-- 1 travis travis  1306 Sep  3 02:08 ModularCodeGenTest_A1_A2_profile.class
-rw-rw-r-- 1 travis travis  1228 Sep  3 02:08 ModularCodeGenTest_A1_A2_profile.java
-rw-rw-r-- 1 travis travis  3823 Sep  3 02:09 ModularCodeGenTest_A1.class
-rw-rw-r-- 1 travis travis  9968 Sep  3 02:09 ModularCodeGenTest_A1.java
-rw-rw-r-- 1 travis travis   880 Sep  3 02:09 ModularCodeGenTest_A1.mk
-rw-rw-r-- 1 travis travis  1352 Sep  3 02:09 ModularCodeGenTest_A1_profile.class
-rw-rw-r-- 1 travis travis  1394 Sep  3 02:08 ModularCodeGenTest_A1_profile.java
-rw-rw-r-- 1 travis travis   432 Sep  3 02:09 Token.class
-rw-rw-r-- 1 travis travis   251 Sep  3 02:09 Token.java
In "/home/travis/cg", about to execute:
    javac -classpath
.:/home/travis/build/icyphy/ptII:/home/travis/build/icyphy/ptII/lib/bsh-2.0b4.j
ar:/home/travis/build/icyphy/ptII/lib/ptCal.jar:/home/travis/build/icyphy/ptII/
lib/java_cup.jar:/home/travis/build/icyphy/ptII/lib/saxon8.jar:/home/travis/bui
ld/icyphy/ptII/lib/saxon8-dom.jar:/home/travis/build/icyphy/ptII/lib/chic.jar:/
home/travis/build/icyphy/ptII/lib/ptcolt.jar:/usr/lib/jvm/java-8-oracle/lib/too
ls.jar:/usr/lib/eclipse/plugins/org.eclipse.jdt.core_3.8.2.dist.jar:/usr/lib/ec
lipse/plugins/org.eclipse.core.runtime_3.8.0.dist.jar:/usr/lib/eclipse/plugins/
org.eclipse.osgi_3.8.1.dist.jar:/usr/lib/eclipse/plugins/org.eclipse.core.resou
rces_3.8.1.dist.jar:/usr/lib/eclipse/plugins/org.eclipse.equinox.common_3.6.100
.dist.jar:/usr/lib/eclipse/plugins/org.eclipse.core.jobs_3.5.200.dist.jar:/usr/
lib/eclipse/plugins/org.eclipse.core.contenttype_3.4.200.dist.jar:/usr/lib/ecli
pse/plugins/org.eclipse.equinox.preferences_3.5.0.dist.jar:/usr/lib/eclipse/plu
gins/org.eclipse.text_3.5.200.dist.jar:/usr/lib/eclipse/plugins/org.eclipse.ui.
workbench_3.8.1.dist.jar:/usr/lib/eclipse/plugins/org.eclipse.jface_3.8.0.dist.
jar:/usr/lib/eclipse/plugins/org.eclipse.swt_3.8.2.jar:/usr/lib/eclipse/plugins
/org.eclipse.jface.text_3.8.1.dist.jar:/usr/lib/eclipse/plugins/org.eclipse.ui.
workbench.texteditor_3.8.0.dist.jar:/usr/lib/eclipse/plugins/org.eclipse.ui.edi
tors_3.8.0.dist.jar:/usr/lib/eclipse/plugins/org.eclipse.core.commands_3.6.1.di
st.jar:/usr/lib/eclipse/plugins/org.eclipse.equinox.registry_3.5.200.dist.jar:/
usr/lib/eclipse/plugins/org.eclipse.ui.console_3.5.100.dist.jar:/usr/lib/eclips
e/plugins/org.eclipse.ui.forms_3.5.200.dist.jar:/usr/lib/eclipse/plugins/org.ec
lipse.ui.ide_3.8.1.dist.jar:/home/travis/build/icyphy/ptII/vendors/oracle/dbxml
.jar:/home/travis/build/icyphy/ptII/vendors/oracle/db.jar:/home/travis/build/ic
yphy/ptII/vendors/misc/itext/iText.jar:/home/travis/build/icyphy/ptII/lib/g4ltl
.jar:/home/travis/build/icyphy/ptII/lib/StructuralCoder.jar:/home/travis/build/
icyphy/ptII/lib/org-openide-util.jar:/home/travis/build/icyphy/ptII/lib/org-ope
nide-util-lookup.jar:/home/travis/build/icyphy/ptII/lib/org-netbeans-api-visual
.jar:/home/travis/build/icyphy/ptII/vendors/jai-1_1_2_01/lib/jai_core.jar:/home
/travis/build/icyphy/ptII/vendors/jai-1_1_2_01/lib/jai_codec.jar:/home/travis/b
uild/icyphy/ptII/lib/jcerti.jar:/home/travis/build/icyphy/ptII/lib/smack.jar:/h
ome/travis/build/icyphy/ptII/lib/smackx.jar:/home/travis/build/icyphy/ptII/lib/
jetty-all-8.1.5-v20120716.jar:/home/travis/build/icyphy/ptII/lib/javax.servlet-
api-3.0.1.jar:/home/travis/build/icyphy/ptII/lib/javax.mail.jar:/home/travis/bu
ild/icyphy/ptII/vendors/JMF-2.1.1e/lib/jmf.jar:/home/travis/build/icyphy/ptII/l
ib/jna-4.0.0-variadic.jar:/home/travis/build/icyphy/ptII/vendors/misc/joystick/
Joystick.jar:/home/travis/build/icyphy/ptII/lib/ptjacl.jar:/home/travis/build/i
cyphy/ptII/lib/jsoup-1.8.2.jar:/home/travis/build/icyphy/ptII/lib/junit-4.8.2.j
ar:/home/travis/build/icyphy/ptII/lib/JUnitParams-0.4.0.jar:/home/travis/build/
icyphy/ptII/ptolemy/actor/lib/excel/jxl.jar:/home/travis/build/icyphy/ptII/lib/
jython.jar:/home/travis/build/icyphy/ptII/lib/kieler.jar:/home/travis/build/icy
phy/ptII/vendors/opencv/share/OpenCV/java/opencv-341.jar:/home/travis/build/icy
phy/ptII/lib/oscP5.jar:/home/travis/build/icyphy/ptII/lib/nrjavaserial-3.11.0.d
evel.jar:/home/travis/build/icyphy/ptII/vendors/j3d/lib/j3dcore.jar:/home/travi
s/build/icyphy/ptII/vendors/j3d/lib/j3dutils.jar:/home/travis/build/icyphy/ptII
/vendors/j3d/lib/vecmath.jar:/home/travis/build/icyphy/ptII/ptolemy/distributed
/jini/jar/jini-core.jar:/home/travis/build/icyphy/ptII/ptolemy/distributed/jini
/jar/jini-ext.jar:/home/travis/build/icyphy/ptII/ptolemy/distributed/jini/jar/s
un-util.jar:/home/travis/build/icyphy/ptII/lib/protobuf-java-2.4.1.jar:/home/tr
avis/build/icyphy/ptII/lib/org.eclipse.paho.client.mqttv3.jar:/home/travis/buil
d/icyphy/ptII/ptserver/lib/hessian-4.0.7.jar:/home/travis/build/icyphy/ptII/pts
erver/lib/wmqtt.jar:/home/travis/build/icyphy/ptII/lib/mapss.jar:/home/travis/b
uild/icyphy/ptII/ptolemy/actor/ptalon/antlr/antlr.jar:/home/travis/build/icyphy
/ptII/lib/JRI.jar:/home/travis/build/icyphy/ptII/lib/commons-lang-2.6.jar:/home
/travis/build/icyphy/ptII/lib/commons-logging-1.1.1.jar:/home/travis/build/icyp
hy/ptII/lib/sootclasses.jar:/home/travis/build/icyphy/ptII/ptolemy/actor/lib/da
tabase/mysql-connector-java-5.1.6-bin.jar:/home/travis/build/icyphy/ptII/vendor
s/misc/sphinx4/sphinx4-data-5prealpha.jar:/home/travis/build/icyphy/ptII/vendor
s/misc/sphinx4/sphinx4-core-5prealpha.jar:/home/travis/build/icyphy/ptII/lib/PD
FRenderer.jar:/home/travis/build/icyphy/ptII/lib/svgSalamander.jar:/home/travis
/build/icyphy/ptII/lib/rsyntaxtextarea-2.6.0-SNAPSHOT.jar:/home/travis/build/ic
yphy/ptII/lib/hazelcast-3.8.2.jar:/home/travis/build/icyphy/ptII/lib/jackson-an
notations-2.9.0.jar:/home/travis/build/icyphy/ptII/lib/jackson-core-2.9.3.jar:/
home/travis/build/icyphy/ptII/lib/jackson-databind-2.9.3.jar:/home/travis/build
/icyphy/ptII/lib/netty-buffer-4.1.19.Final.jar:/home/travis/build/icyphy/ptII/l
ib/netty-codec-4.1.19.Final.jar:/home/travis/build/icyphy/ptII/lib/netty-codec-
dns-4.1.19.Final.jar:/home/travis/build/icyphy/ptII/lib/netty-codec-http-4.1.19
.Final.jar:/home/travis/build/icyphy/ptII/lib/netty-codec-http2-4.1.19.Final.ja
r:/home/travis/build/icyphy/ptII/lib/netty-common-4.1.19.Final.jar:/home/travis
/build/icyphy/ptII/lib/netty-handler-4.1.19.Final.jar:/home/travis/build/icyphy
/ptII/lib/netty-resolver-4.1.19.Final.jar:/home/travis/build/icyphy/ptII/lib/ne
tty-resolver-dns-4.1.19.Final.jar:/home/travis/build/icyphy/ptII/lib/netty-tran
sport-4.1.19.Final.jar:/home/travis/build/icyphy/ptII/lib/vertx-codegen-3.5.1.j
ar:/home/travis/build/icyphy/ptII/lib/vertx-core-3.5.2-SNAPSHOT.jar:/home/travi
s/build/icyphy/ptII/lib/vertx-hazelcast-3.5.1.jar:/home/travis/build/icyphy/ptI
I/lib/vertx-lang-js-3.5.1.jar:/home/travis/build/icyphy/ptII/lib/vertx-service-
proxy-3.5.1.jar:/home/travis/build/icyphy/ptII/lib/vertx-web-3.5.1.jar:/home/tr
avis/build/icyphy/ptII/lib/slf4j-api-1.7.13.jar:/home/travis/build/icyphy/ptII/
lib/slf4j-simple-1.7.13.jar:/home/travis/build/icyphy/ptII/lib/webcam-capture-0
.3.12.jar:/home/travis/build/icyphy/ptII/lib/bridj-0.7.0.jar:/home/travis/build
/icyphy/ptII/lib/xbjlib-1.1.0.nrjavaserial.jar:/home/travis/build/icyphy/ptII/p
tolemy/moml/test:/home/travis/build/icyphy/ptII/ant/lib/ant-launcher.jar:/home/
travis/build/icyphy/ptII/ant/lib/ant.jar:/home/travis/build/icyphy/ptII/ant/lib
/ant-junit.jar:/home/travis/build/icyphy/ptII/ant/lib/ant-junit4.jar:/home/trav
is/build/icyphy/ptII ModularCodeGen3_A2_profile.java
warning: Supported source version 'RELEASE_6' from annotation processor 'org.netbeans.modules.openide.util.NbBundleProcessor' less than -source '1.8'
warning: Supported source version 'RELEASE_6' from annotation processor 'org.netbeans.modules.openide.util.URLStreamHandlerRegistrationProcessor' less than -source '1.8'
warning: Supported source version 'RELEASE_6' from annotation processor 'org.netbeans.modules.openide.util.ServiceProviderProcessor' less than -source '1.8'
3 warnings
All Done
Writing ModularCodeGen3_A2.java in file:/home/travis/cg/ (15957 characters)
Reading "ptolemy/cg/kernel/generic/program/procedural/java/modular/makefile.in",
    writing "/home/travis/cg/ModularCodeGen3_A2.mk"
Using ptolemy/cg/kernel/generic/program/procedural/java/modular/makefile.in
In "/home/travis/cg", about to execute:
    make -f ModularCodeGen3_A2.mk
javac -classpath ".:.."    ModularCodeGen3_A2.java
All Done
Manager.initialize() finished: 14705 ms. Memory: 156160K Free: 89251K (57%)
14707 ms. Memory: 156160K Free: 89251K (57%)
----------------- Invoking toplevel() on ptolemy.moml.MoMLSimpleApplication@2077b7e1
----------------- Done invoking toplevel() on ptolemy.moml.MoMLSimpleApplication@2077b7e1
reloadAllAccessors: .ModularCodeGen3

===========================================================================================
----------------- testing Mon Sep 03 02:09:50 UTC 2018 /home/travis/build/icyphy/ptII/ptolemy/cg/lib/test/auto/ModularCodeGen4.xml
----------------- Instantiating /home/travis/build/icyphy/ptII/ptolemy/cg/lib/test/auto/ModularCodeGen4.xml
In "/home/travis/cg", about to execute:
    pwd
In "/home/travis/cg", about to execute:
    ls -l
/home/travis/cg
In "/home/travis/cg", about to execute:
    javac -classpath
.:/home/travis/build/icyphy/ptII:/home/travis/build/icyphy/ptII/lib/bsh-2.0b4.j
ar:/home/travis/build/icyphy/ptII/lib/ptCal.jar:/home/travis/build/icyphy/ptII/
lib/java_cup.jar:/home/travis/build/icyphy/ptII/lib/saxon8.jar:/home/travis/bui
ld/icyphy/ptII/lib/saxon8-dom.jar:/home/travis/build/icyphy/ptII/lib/chic.jar:/
home/travis/build/icyphy/ptII/lib/ptcolt.jar:/usr/lib/jvm/java-8-oracle/lib/too
ls.jar:/usr/lib/eclipse/plugins/org.eclipse.jdt.core_3.8.2.dist.jar:/usr/lib/ec
lipse/plugins/org.eclipse.core.runtime_3.8.0.dist.jar:/usr/lib/eclipse/plugins/
org.eclipse.osgi_3.8.1.dist.jar:/usr/lib/eclipse/plugins/org.eclipse.core.resou
rces_3.8.1.dist.jar:/usr/lib/eclipse/plugins/org.eclipse.equinox.common_3.6.100
.dist.jar:/usr/lib/eclipse/plugins/org.eclipse.core.jobs_3.5.200.dist.jar:/usr/
lib/eclipse/plugins/org.eclipse.core.contenttype_3.4.200.dist.jar:/usr/lib/ecli
pse/plugins/org.eclipse.equinox.preferences_3.5.0.dist.jar:/usr/lib/eclipse/plu
gins/org.eclipse.text_3.5.200.dist.jar:/usr/lib/eclipse/plugins/org.eclipse.ui.
workbench_3.8.1.dist.jar:/usr/lib/eclipse/plugins/org.eclipse.jface_3.8.0.dist.
jar:/usr/lib/eclipse/plugins/org.eclipse.swt_3.8.2.jar:/usr/lib/eclipse/plugins
/org.eclipse.jface.text_3.8.1.dist.jar:/usr/lib/eclipse/plugins/org.eclipse.ui.
workbench.texteditor_3.8.0.dist.jar:/usr/lib/eclipse/plugins/org.eclipse.ui.edi
tors_3.8.0.dist.jar:/usr/lib/eclipse/plugins/org.eclipse.core.commands_3.6.1.di
st.jar:/usr/lib/eclipse/plugins/org.eclipse.equinox.registry_3.5.200.dist.jar:/
usr/lib/eclipse/plugins/org.eclipse.ui.console_3.5.100.dist.jar:/usr/lib/eclips
e/plugins/org.eclipse.ui.forms_3.5.200.dist.jar:/usr/lib/eclipse/plugins/org.ec
lipse.ui.ide_3.8.1.dist.jar:/home/travis/build/icyphy/ptII/vendors/oracle/dbxml
.jar:/home/travis/build/icyphy/ptII/vendors/oracle/db.jar:/home/travis/build/ic
yphy/ptII/vendors/misc/itext/iText.jar:/home/travis/build/icyphy/ptII/lib/g4ltl
.jar:/home/travis/build/icyphy/ptII/lib/StructuralCoder.jar:/home/travis/build/
icyphy/ptII/lib/org-openide-util.jar:/home/travis/build/icyphy/ptII/lib/org-ope
nide-util-lookup.jar:/home/travis/build/icyphy/ptII/lib/org-netbeans-api-visual
.jar:/home/travis/build/icyphy/ptII/vendors/jai-1_1_2_01/lib/jai_core.jar:/home
/travis/build/icyphy/ptII/vendors/jai-1_1_2_01/lib/jai_codec.jar:/home/travis/b
uild/icyphy/ptII/lib/jcerti.jar:/home/travis/build/icyphy/ptII/lib/smack.jar:/h
ome/travis/build/icyphy/ptII/lib/smackx.jar:/home/travis/build/icyphy/ptII/lib/
jetty-all-8.1.5-v20120716.jar:/home/travis/build/icyphy/ptII/lib/javax.servlet-
api-3.0.1.jar:/home/travis/build/icyphy/ptII/lib/javax.mail.jar:/home/travis/bu
ild/icyphy/ptII/vendors/JMF-2.1.1e/lib/jmf.jar:/home/travis/build/icyphy/ptII/l
ib/jna-4.0.0-variadic.jar:/home/travis/build/icyphy/ptII/vendors/misc/joystick/
Joystick.jar:/home/travis/build/icyphy/ptII/lib/ptjacl.jar:/home/travis/build/i
cyphy/ptII/lib/jsoup-1.8.2.jar:/home/travis/build/icyphy/ptII/lib/junit-4.8.2.j
ar:/home/travis/build/icyphy/ptII/lib/JUnitParams-0.4.0.jar:/home/travis/build/
icyphy/ptII/ptolemy/actor/lib/excel/jxl.jar:/home/travis/build/icyphy/ptII/lib/
jython.jar:/home/travis/build/icyphy/ptII/lib/kieler.jar:/home/travis/build/icy
phy/ptII/vendors/opencv/share/OpenCV/java/opencv-341.jar:/home/travis/build/icy
phy/ptII/lib/oscP5.jar:/home/travis/build/icyphy/ptII/lib/nrjavaserial-3.11.0.d
evel.jar:/home/travis/build/icyphy/ptII/vendors/j3d/lib/j3dcore.jar:/home/travi
s/build/icyphy/ptII/vendors/j3d/lib/j3dutils.jar:/home/travis/build/icyphy/ptII
/vendors/j3d/lib/vecmath.jar:/home/travis/build/icyphy/ptII/ptolemy/distributed
/jini/jar/jini-core.jar:/home/travis/build/icyphy/ptII/ptolemy/distributed/jini
/jar/jini-ext.jar:/home/travis/build/icyphy/ptII/ptolemy/distributed/jini/jar/s
un-util.jar:/home/travis/build/icyphy/ptII/lib/protobuf-java-2.4.1.jar:/home/tr
avis/build/icyphy/ptII/lib/org.eclipse.paho.client.mqttv3.jar:/home/travis/buil
d/icyphy/ptII/ptserver/lib/hessian-4.0.7.jar:/home/travis/build/icyphy/ptII/pts
erver/lib/wmqtt.jar:/home/travis/build/icyphy/ptII/lib/mapss.jar:/home/travis/b
uild/icyphy/ptII/ptolemy/actor/ptalon/antlr/antlr.jar:/home/travis/build/icyphy
/ptII/lib/JRI.jar:/home/travis/build/icyphy/ptII/lib/commons-lang-2.6.jar:/home
/travis/build/icyphy/ptII/lib/commons-logging-1.1.1.jar:/home/travis/build/icyp
hy/ptII/lib/sootclasses.jar:/home/travis/build/icyphy/ptII/ptolemy/actor/lib/da
tabase/mysql-connector-java-5.1.6-bin.jar:/home/travis/build/icyphy/ptII/vendor
s/misc/sphinx4/sphinx4-data-5prealpha.jar:/home/travis/build/icyphy/ptII/vendor
s/misc/sphinx4/sphinx4-core-5prealpha.jar:/home/travis/build/icyphy/ptII/lib/PD
FRenderer.jar:/home/travis/build/icyphy/ptII/lib/svgSalamander.jar:/home/travis
/build/icyphy/ptII/lib/rsyntaxtextarea-2.6.0-SNAPSHOT.jar:/home/travis/build/ic
yphy/ptII/lib/hazelcast-3.8.2.jar:/home/travis/build/icyphy/ptII/lib/jackson-an
notations-2.9.0.jar:/home/travis/build/icyphy/ptII/lib/jackson-core-2.9.3.jar:/
home/travis/build/icyphy/ptII/lib/jackson-databind-2.9.3.jar:/home/travis/build
/icyphy/ptII/lib/netty-buffer-4.1.19.Final.jar:/home/travis/build/icyphy/ptII/l
ib/netty-codec-4.1.19.Final.jar:/home/travis/build/icyphy/ptII/lib/netty-codec-
dns-4.1.19.Final.jar:/home/travis/build/icyphy/ptII/lib/netty-codec-http-4.1.19
.Final.jar:/home/travis/build/icyphy/ptII/lib/netty-codec-http2-4.1.19.Final.ja
r:/home/travis/build/icyphy/ptII/lib/netty-common-4.1.19.Final.jar:/home/travis
/build/icyphy/ptII/lib/netty-handler-4.1.19.Final.jar:/home/travis/build/icyphy
/ptII/lib/netty-resolver-4.1.19.Final.jar:/home/travis/build/icyphy/ptII/lib/ne
tty-resolver-dns-4.1.19.Final.jar:/home/travis/build/icyphy/ptII/lib/netty-tran
sport-4.1.19.Final.jar:/home/travis/build/icyphy/ptII/lib/vertx-codegen-3.5.1.j
ar:/home/travis/build/icyphy/ptII/lib/vertx-core-3.5.2-SNAPSHOT.jar:/home/travi
s/build/icyphy/ptII/lib/vertx-hazelcast-3.5.1.jar:/home/travis/build/icyphy/ptI
I/lib/vertx-lang-js-3.5.1.jar:/home/travis/build/icyphy/ptII/lib/vertx-service-
proxy-3.5.1.jar:/home/travis/build/icyphy/ptII/lib/vertx-web-3.5.1.jar:/home/tr
avis/build/icyphy/ptII/lib/slf4j-api-1.7.13.jar:/home/travis/build/icyphy/ptII/
lib/slf4j-simple-1.7.13.jar:/home/travis/build/icyphy/ptII/lib/webcam-capture-0
.3.12.jar:/home/travis/build/icyphy/ptII/lib/bridj-0.7.0.jar:/home/travis/build
/icyphy/ptII/lib/xbjlib-1.1.0.nrjavaserial.jar:/home/travis/build/icyphy/ptII/p
tolemy/moml/test:/home/travis/build/icyphy/ptII/ant/lib/ant-launcher.jar:/home/
travis/build/icyphy/ptII/ant/lib/ant.jar:/home/travis/build/icyphy/ptII/ant/lib
/ant-junit.jar:/home/travis/build/icyphy/ptII/ant/lib/ant-junit4.jar:/home/trav
is/build/icyphy/ptII ModularCodeGen4_A1_B1_profile.java
total 728
-rw-rw-r-- 1 travis travis  4895 Sep  3 02:09 CompiledCompositeActor_CompiledCompositeActor.class
-rw-rw-r-- 1 travis travis  1592 Sep  3 02:09 CompiledCompositeActor_CompiledCompositeActor$_CompiledCompositeActor_CompiledCompositeActor.class
-rw-rw-r-- 1 travis travis 13466 Sep  3 02:09 CompiledCompositeActor_CompiledCompositeActor.java
-rw-rw-r-- 1 travis travis  1593 Sep  3 02:09 CompiledCompositeActor_CompiledCompositeActor.mk
-rw-rw-r-- 1 travis travis  4457 Sep  3 02:09 JavaCompiledCompositeTest1_CompiledCompositeActor.class
-rw-rw-r-- 1 travis travis 11637 Sep  3 02:09 JavaCompiledCompositeTest1_CompiledCompositeActor.java
-rw-rw-r-- 1 travis travis  1198 Sep  3 02:09 JavaCompiledCompositeTest1_CompiledCompositeActor$_JavaCompiledCompositeTest1_CompiledCompositeActor.class
-rw-rw-r-- 1 travis travis  1625 Sep  3 02:09 JavaCompiledCompositeTest1_CompiledCompositeActor.mk
-rw-rw-r-- 1 travis travis  4888 Sep  3 02:09 JavaCompiledCompositeTest2_CompiledCompositeActor.class
-rw-rw-r-- 1 travis travis 14919 Sep  3 02:09 JavaCompiledCompositeTest2_CompiledCompositeActor.java
-rw-rw-r-- 1 travis travis  1793 Sep  3 02:09 JavaCompiledCompositeTest2_CompiledCompositeActor$_JavaCompiledCompositeTest2_CompiledCompositeActor.class
-rw-rw-r-- 1 travis travis  1625 Sep  3 02:09 JavaCompiledCompositeTest2_CompiledCompositeActor.mk
-rw-rw-r-- 1 travis travis  4505 Sep  3 02:09 JavaCompiledCompositeTest3_CompiledCompositeActor.class
-rw-rw-r-- 1 travis travis 13080 Sep  3 02:09 JavaCompiledCompositeTest3_CompiledCompositeActor.java
-rw-rw-r-- 1 travis travis  1378 Sep  3 02:09 JavaCompiledCompositeTest3_CompiledCompositeActor$_JavaCompiledCompositeTest3_CompiledCompositeActor.class
-rw-rw-r-- 1 travis travis  1625 Sep  3 02:09 JavaCompiledCompositeTest3_CompiledCompositeActor.mk
-rw-rw-r-- 1 travis travis  3953 Sep  3 02:09 JavaCompiledCompositeTest4_CompiledCompositeActor.class
-rw-rw-r-- 1 travis travis  9687 Sep  3 02:09 JavaCompiledCompositeTest4_CompiledCompositeActor.java
-rw-rw-r-- 1 travis travis   857 Sep  3 02:09 JavaCompiledCompositeTest4_CompiledCompositeActor$_JavaCompiledCompositeTest4_CompiledCompositeActor.class
-rw-rw-r-- 1 travis travis  1625 Sep  3 02:09 JavaCompiledCompositeTest4_CompiledCompositeActor.mk
-rw-rw-r-- 1 travis travis  3693 Sep  3 02:09 ModularCG_A1_B1.class
-rw-rw-r-- 1 travis travis  9730 Sep  3 02:09 ModularCG_A1_B1.java
-rw-rw-r-- 1 travis travis   832 Sep  3 02:09 ModularCG_A1_B1.mk
-rw-rw-r-- 1 travis travis  1318 Sep  3 02:09 ModularCG_A1_B1_profile.class
-rw-rw-r-- 1 travis travis  1262 Sep  3 02:09 ModularCG_A1_B1_profile.java
-rw-rw-r-- 1 travis travis  3693 Sep  3 02:09 ModularCG_A1_B2.class
-rw-rw-r-- 1 travis travis  9730 Sep  3 02:09 ModularCG_A1_B2.java
-rw-rw-r-- 1 travis travis   832 Sep  3 02:09 ModularCG_A1_B2.mk
-rw-rw-r-- 1 travis travis  1318 Sep  3 02:09 ModularCG_A1_B2_profile.class
-rw-rw-r-- 1 travis travis  1262 Sep  3 02:09 ModularCG_A1_B2_profile.java
-rw-rw-r-- 1 travis travis  4799 Sep  3 02:09 ModularCG_A1.class
-rw-rw-r-- 1 travis travis 14742 Sep  3 02:09 ModularCG_A1.java
-rw-rw-r-- 1 travis travis   808 Sep  3 02:09 ModularCG_A1.mk
-rw-rw-r-- 1 travis travis  1433 Sep  3 02:09 ModularCG_A1_profile.class
-rw-rw-r-- 1 travis travis  1704 Sep  3 02:09 ModularCG_A1_profile.java
-rw-rw-r-- 1 travis travis  3827 Sep  3 02:09 ModularCG_A2_B1.class
-rw-rw-r-- 1 travis travis 10667 Sep  3 02:09 ModularCG_A2_B1.java
-rw-rw-r-- 1 travis travis   832 Sep  3 02:09 ModularCG_A2_B1.mk
-rw-rw-r-- 1 travis travis  1381 Sep  3 02:09 ModularCG_A2_B1_profile.class
-rw-rw-r-- 1 travis travis  1446 Sep  3 02:09 ModularCG_A2_B1_profile.java
-rw-rw-r-- 1 travis travis  3693 Sep  3 02:09 ModularCG_A2_B2.class
-rw-rw-r-- 1 travis travis  9730 Sep  3 02:09 ModularCG_A2_B2.java
-rw-rw-r-- 1 travis travis   832 Sep  3 02:09 ModularCG_A2_B2.mk
-rw-rw-r-- 1 travis travis  1318 Sep  3 02:09 ModularCG_A2_B2_profile.class
-rw-rw-r-- 1 travis travis  1262 Sep  3 02:09 ModularCG_A2_B2_profile.java
-rw-rw-r-- 1 travis travis  4870 Sep  3 02:09 ModularCG_A2.class
-rw-rw-r-- 1 travis travis 15129 Sep  3 02:09 ModularCG_A2.java
-rw-rw-r-- 1 travis travis   808 Sep  3 02:09 ModularCG_A2.mk
-rw-rw-r-- 1 travis travis  1433 Sep  3 02:09 ModularCG_A2_profile.class
-rw-rw-r-- 1 travis travis  1704 Sep  3 02:09 ModularCG_A2_profile.java
-rw-rw-r-- 1 travis travis  3473 Sep  3 02:09 ModularCGPubSub_A1_A2.class
-rw-rw-r-- 1 travis travis  9076 Sep  3 02:09 ModularCGPubSub_A1_A2.java
-rw-rw-r-- 1 travis travis   880 Sep  3 02:09 ModularCGPubSub_A1_A2.mk
-rw-rw-r-- 1 travis travis  1300 Sep  3 02:09 ModularCGPubSub_A1_A2_profile.class
-rw-rw-r-- 1 travis travis  1222 Sep  3 02:09 ModularCGPubSub_A1_A2_profile.java
-rw-rw-r-- 1 travis travis  3790 Sep  3 02:09 ModularCGPubSub_A1.class
-rw-rw-r-- 1 travis travis  9836 Sep  3 02:09 ModularCGPubSub_A1.java
-rw-rw-r-- 1 travis travis   856 Sep  3 02:09 ModularCGPubSub_A1.mk
-rw-rw-r-- 1 travis travis  1346 Sep  3 02:09 ModularCGPubSub_A1_profile.class
-rw-rw-r-- 1 travis travis  1388 Sep  3 02:09 ModularCGPubSub_A1_profile.java
-rw-rw-r-- 1 travis travis  3988 Sep  3 02:09 ModularCodeGen2_ModularCodeGenTypedCompositeActor.class
-rw-rw-r-- 1 travis travis 11690 Sep  3 02:09 ModularCodeGen2_ModularCodeGenTypedCompositeActor.java
-rw-rw-r-- 1 travis travis  1104 Sep  3 02:09 ModularCodeGen2_ModularCodeGenTypedCompositeActor.mk
-rw-rw-r-- 1 travis travis  4272 Sep  3 02:09 ModularCodeGen2_ModularCodeGenTypedCompositeActor_ModularCodeGenTypedCompositeActor.class
-rw-rw-r-- 1 travis travis 11790 Sep  3 02:09 ModularCodeGen2_ModularCodeGenTypedCompositeActor_ModularCodeGenTypedCompositeActor.java
-rw-rw-r-- 1 travis travis  1376 Sep  3 02:09 ModularCodeGen2_ModularCodeGenTypedCompositeActor_ModularCodeGenTypedCompositeActor.mk
-rw-rw-r-- 1 travis travis  1421 Sep  3 02:09 ModularCodeGen2_ModularCodeGenTypedCompositeActor_ModularCodeGenTypedCompositeActor_profile.class
-rw-rw-r-- 1 travis travis  1294 Sep  3 02:09 ModularCodeGen2_ModularCodeGenTypedCompositeActor_ModularCodeGenTypedCompositeActor_profile.java
-rw-rw-r-- 1 travis travis   820 Sep  3 02:09 ModularCodeGen2_ModularCodeGenTypedCompositeActor_profile.class
-rw-rw-r-- 1 travis travis   693 Sep  3 02:09 ModularCodeGen2_ModularCodeGenTypedCompositeActor_profile.java
-rw-rw-r-- 1 travis travis  3741 Sep  3 02:09 ModularCodeGen3_A1_B1.class
-rw-rw-r-- 1 travis travis  9958 Sep  3 02:09 ModularCodeGen3_A1_B1.java
-rw-rw-r-- 1 travis travis   880 Sep  3 02:09 ModularCodeGen3_A1_B1.mk
-rw-rw-r-- 1 travis travis  1330 Sep  3 02:09 ModularCodeGen3_A1_B1_profile.class
-rw-rw-r-- 1 travis travis  1274 Sep  3 02:09 ModularCodeGen3_A1_B1_profile.java
-rw-rw-r-- 1 travis travis  3741 Sep  3 02:09 ModularCodeGen3_A1_B2.class
-rw-rw-r-- 1 travis travis  9958 Sep  3 02:09 ModularCodeGen3_A1_B2.java
-rw-rw-r-- 1 travis travis   880 Sep  3 02:09 ModularCodeGen3_A1_B2.mk
-rw-rw-r-- 1 travis travis  1330 Sep  3 02:09 ModularCodeGen3_A1_B2_profile.class
-rw-rw-r-- 1 travis travis  1274 Sep  3 02:09 ModularCodeGen3_A1_B2_profile.java
-rw-rw-r-- 1 travis travis  4961 Sep  3 02:09 ModularCodeGen3_A1.class
-rw-rw-r-- 1 travis travis 15564 Sep  3 02:09 ModularCodeGen3_A1.java
-rw-rw-r-- 1 travis travis   856 Sep  3 02:09 ModularCodeGen3_A1.mk
-rw-rw-r-- 1 travis travis  1445 Sep  3 02:09 ModularCodeGen3_A1_profile.class
-rw-rw-r-- 1 travis travis  1716 Sep  3 02:09 ModularCodeGen3_A1_profile.java
-rw-rw-r-- 1 travis travis  3887 Sep  3 02:09 ModularCodeGen3_A2_B1.class
-rw-rw-r-- 1 travis travis 10955 Sep  3 02:09 ModularCodeGen3_A2_B1.java
-rw-rw-r-- 1 travis travis   880 Sep  3 02:09 ModularCodeGen3_A2_B1.mk
-rw-rw-r-- 1 travis travis  1393 Sep  3 02:09 ModularCodeGen3_A2_B1_profile.class
-rw-rw-r-- 1 travis travis  1458 Sep  3 02:09 ModularCodeGen3_A2_B1_profile.java
-rw-rw-r-- 1 travis travis  3741 Sep  3 02:09 ModularCodeGen3_A2_B2.class
-rw-rw-r-- 1 travis travis  9958 Sep  3 02:09 ModularCodeGen3_A2_B2.java
-rw-rw-r-- 1 travis travis   880 Sep  3 02:09 ModularCodeGen3_A2_B2.mk
-rw-rw-r-- 1 travis travis  1330 Sep  3 02:09 ModularCodeGen3_A2_B2_profile.class
-rw-rw-r-- 1 travis travis  1274 Sep  3 02:09 ModularCodeGen3_A2_B2_profile.java
-rw-rw-r-- 1 travis travis  5038 Sep  3 02:09 ModularCodeGen3_A2.class
-rw-rw-r-- 1 travis travis 15957 Sep  3 02:09 ModularCodeGen3_A2.java
-rw-rw-r-- 1 travis travis   856 Sep  3 02:09 ModularCodeGen3_A2.mk
-rw-rw-r-- 1 travis travis  1445 Sep  3 02:09 ModularCodeGen3_A2_profile.class
-rw-rw-r-- 1 travis travis  1716 Sep  3 02:09 ModularCodeGen3_A2_profile.java
-rw-rw-r-- 1 travis travis  1273 Sep  3 02:09 ModularCodeGen4_A1_B1_profile.java
-rw-rw-r-- 1 travis travis  3954 Sep  3 02:09 ModularCodeGen_ModularCodeGenTypedCompositeActor.class
-rw-rw-r-- 1 travis travis 10970 Sep  3 02:09 ModularCodeGen_ModularCodeGenTypedCompositeActor.java
-rw-rw-r-- 1 travis travis  1096 Sep  3 02:09 ModularCodeGen_ModularCodeGenTypedCompositeActor.mk
-rw-rw-r-- 1 travis travis  1384 Sep  3 02:09 ModularCodeGen_ModularCodeGenTypedCompositeActor_profile.class
-rw-rw-r-- 1 travis travis  1328 Sep  3 02:09 ModularCodeGen_ModularCodeGenTypedCompositeActor_profile.java
-rw-rw-r-- 1 travis travis  3492 Sep  3 02:08 ModularCodeGenTest_A1_A2.class
-rw-rw-r-- 1 travis travis  9164 Sep  3 02:08 ModularCodeGenTest_A1_A2.java
-rw-rw-r-- 1 travis travis   904 Sep  3 02:08 ModularCodeGenTest_A1_A2.mk
-rw-rw-r-- 1 travis travis  1306 Sep  3 02:08 ModularCodeGenTest_A1_A2_profile.class
-rw-rw-r-- 1 travis travis  1228 Sep  3 02:08 ModularCodeGenTest_A1_A2_profile.java
-rw-rw-r-- 1 travis travis  3823 Sep  3 02:09 ModularCodeGenTest_A1.class
-rw-rw-r-- 1 travis travis  9968 Sep  3 02:09 ModularCodeGenTest_A1.java
-rw-rw-r-- 1 travis travis   880 Sep  3 02:09 ModularCodeGenTest_A1.mk
-rw-rw-r-- 1 travis travis  1352 Sep  3 02:09 ModularCodeGenTest_A1_profile.class
-rw-rw-r-- 1 travis travis  1394 Sep  3 02:08 ModularCodeGenTest_A1_profile.java
-rw-rw-r-- 1 travis travis   432 Sep  3 02:09 Token.class
-rw-rw-r-- 1 travis travis   251 Sep  3 02:09 Token.java
warning: Supported source version 'RELEASE_6' from annotation processor 'org.netbeans.modules.openide.util.NbBundleProcessor' less than -source '1.8'
warning: Supported source version 'RELEASE_6' from annotation processor 'org.netbeans.modules.openide.util.URLStreamHandlerRegistrationProcessor' less than -source '1.8'
warning: Supported source version 'RELEASE_6' from annotation processor 'org.netbeans.modules.openide.util.ServiceProviderProcessor' less than -source '1.8'
3 warnings
All Done
Writing ModularCodeGen4_A1_B1.java in file:/home/travis/cg/ (10312 characters)
Reading "ptolemy/cg/kernel/generic/program/procedural/java/modular/makefile.in",
    writing "/home/travis/cg/ModularCodeGen4_A1_B1.mk"
Using ptolemy/cg/kernel/generic/program/procedural/java/modular/makefile.in
In "/home/travis/cg", about to execute:
    make -f ModularCodeGen4_A1_B1.mk
javac -classpath ".:.."    ModularCodeGen4_A1_B1.java
All Done
In "/home/travis/cg", about to execute:
    pwd
/home/travis/cg
In "/home/travis/cg", about to execute:
    ls -l
In "/home/travis/cg", about to execute:
total 756
-rw-rw-r-- 1 travis travis  4895 Sep  3 02:09 CompiledCompositeActor_CompiledCompositeActor.class
-rw-rw-r-- 1 travis travis  1592 Sep  3 02:09 CompiledCompositeActor_CompiledCompositeActor$_CompiledCompositeActor_CompiledCompositeActor.class
-rw-rw-r-- 1 travis travis 13466 Sep  3 02:09 CompiledCompositeActor_CompiledCompositeActor.java
-rw-rw-r-- 1 travis travis  1593 Sep  3 02:09 CompiledCompositeActor_CompiledCompositeActor.mk
-rw-rw-r-- 1 travis travis  4457 Sep  3 02:09 JavaCompiledCompositeTest1_CompiledCompositeActor.class
-rw-rw-r-- 1 travis travis 11637 Sep  3 02:09 JavaCompiledCompositeTest1_CompiledCompositeActor.java
-rw-rw-r-- 1 travis travis  1198 Sep  3 02:09 JavaCompiledCompositeTest1_CompiledCompositeActor$_JavaCompiledCompositeTest1_CompiledCompositeActor.class
-rw-rw-r-- 1 travis travis  1625 Sep  3 02:09 JavaCompiledCompositeTest1_CompiledCompositeActor.mk
-rw-rw-r-- 1 travis travis  4888 Sep  3 02:09 JavaCompiledCompositeTest2_CompiledCompositeActor.class
-rw-rw-r-- 1 travis travis 14919 Sep  3 02:09 JavaCompiledCompositeTest2_CompiledCompositeActor.java
-rw-rw-r-- 1 travis travis  1793 Sep  3 02:09 JavaCompiledCompositeTest2_CompiledCompositeActor$_JavaCompiledCompositeTest2_CompiledCompositeActor.class
-rw-rw-r-- 1 travis travis  1625 Sep  3 02:09 JavaCompiledCompositeTest2_CompiledCompositeActor.mk
-rw-rw-r-- 1 travis travis  4505 Sep  3 02:09 JavaCompiledCompositeTest3_CompiledCompositeActor.class
-rw-rw-r-- 1 travis travis 13080 Sep  3 02:09 JavaCompiledCompositeTest3_CompiledCompositeActor.java
-rw-rw-r-- 1 travis travis  1378 Sep  3 02:09 JavaCompiledCompositeTest3_CompiledCompositeActor$_JavaCompiledCompositeTest3_CompiledCompositeActor.class
-rw-rw-r-- 1 travis travis  1625 Sep  3 02:09 JavaCompiledCompositeTest3_CompiledCompositeActor.mk
-rw-rw-r-- 1 travis travis  3953 Sep  3 02:09 JavaCompiledCompositeTest4_CompiledCompositeActor.class
-rw-rw-r-- 1 travis travis  9687 Sep  3 02:09 JavaCompiledCompositeTest4_CompiledCompositeActor.java
-rw-rw-r-- 1 travis travis   857 Sep  3 02:09 JavaCompiledCompositeTest4_CompiledCompositeActor$_JavaCompiledCompositeTest4_CompiledCompositeActor.class
-rw-rw-r-- 1 travis travis  1625 Sep  3 02:09 JavaCompiledCompositeTest4_CompiledCompositeActor.mk
-rw-rw-r-- 1 travis travis  3693 Sep  3 02:09 ModularCG_A1_B1.class
-rw-rw-r-- 1 travis travis  9730 Sep  3 02:09 ModularCG_A1_B1.java
-rw-rw-r-- 1 travis travis   832 Sep  3 02:09 ModularCG_A1_B1.mk
-rw-rw-r-- 1 travis travis  1318 Sep  3 02:09 ModularCG_A1_B1_profile.class
-rw-rw-r-- 1 travis travis  1262 Sep  3 02:09 ModularCG_A1_B1_profile.java
-rw-rw-r-- 1 travis travis  3693 Sep  3 02:09 ModularCG_A1_B2.class
-rw-rw-r-- 1 travis travis  9730 Sep  3 02:09 ModularCG_A1_B2.java
    javac -classpath
.:/home/travis/build/icyphy/ptII:/home/travis/build/icyphy/ptII/lib/bsh-2.0b4.j
ar:/home/travis/build/icyphy/ptII/lib/ptCal.jar:/home/travis/build/icyphy/ptII/
lib/java_cup.jar:/home/travis/build/icyphy/ptII/lib/saxon8.jar:/home/travis/bui
ld/icyphy/ptII/lib/saxon8-dom.jar:/home/travis/build/icyphy/ptII/lib/chic.jar:/
home/travis/build/icyphy/ptII/lib/ptcolt.jar:/usr/lib/jvm/java-8-oracle/lib/too
ls.jar:/usr/lib/eclipse/plugins/org.eclipse.jdt.core_3.8.2.dist.jar:/usr/lib/ec
lipse/plugins/org.eclipse.core.runtime_3.8.0.dist.jar:/usr/lib/eclipse/plugins/
org.eclipse.osgi_3.8.1.dist.jar:/usr/lib/eclipse/plugins/org.eclipse.core.resou
rces_3.8.1.dist.jar:/usr/lib/eclipse/plugins/org.eclipse.equinox.common_3.6.100
.dist.jar:/usr/lib/eclipse/plugins/org.eclipse.core.jobs_3.5.200.dist.jar:/usr/
lib/eclipse/plugins/org.eclipse.core.contenttype_3.4.200.dist.jar:/usr/lib/ecli
pse/plugins/org.eclipse.equinox.preferences_3.5.0.dist.jar:/usr/lib/eclipse/plu
gins/org.eclipse.text_3.5.200.dist.jar:/usr/lib/eclipse/plugins/org.eclipse.ui.
workbench_3.8.1.dist.jar:/usr/lib/eclipse/plugins/org.eclipse.jface_3.8.0.dist.
jar:/usr/lib/eclipse/plugins/org.eclipse.swt_3.8.2.jar:/usr/lib/eclipse/plugins
/org.eclipse.jface.text_3.8.1.dist.jar:/usr/lib/eclipse/plugins/org.eclipse.ui.
workbench.texteditor_3.8.0.dist.jar:/usr/lib/eclipse/plugins/org.eclipse.ui.edi
tors_3.8.0.dist.jar:/usr/lib/eclipse/plugins/org.eclipse.core.commands_3.6.1.di
st.jar:/usr/lib/eclipse/plugins/org.eclipse.equinox.registry_3.5.200.dist.jar:/
usr/lib/eclipse/plugins/org.eclipse.ui.console_3.5.100.dist.jar:/usr/lib/eclips
e/plugins/org.eclipse.ui.forms_3.5.200.dist.jar:/usr/lib/eclipse/plugins/org.ec
lipse.ui.ide_3.8.1.dist.jar:/home/travis/build/icyphy/ptII/vendors/oracle/dbxml
.jar:/home/travis/build/icyphy/ptII/vendors/oracle/db.jar:/home/travis/build/ic
yphy/ptII/vendors/misc/itext/iText.jar:/home/travis/build/icyphy/ptII/lib/g4ltl
.jar:/home/travis/build/icyphy/ptII/lib/StructuralCoder.jar:/home/travis/build/
icyphy/ptII/lib/org-openide-util.jar:/home/travis/build/icyphy/ptII/lib/org-ope
nide-util-lookup.jar:/home/travis/build/icyphy/ptII/lib/org-netbeans-api-visual
.jar:/home/travis/build/icyphy/ptII/vendors/jai-1_1_2_01/lib/jai_core.jar:/home
/travis/build/icyphy/ptII/vendors/jai-1_1_2_01/lib/jai_codec.jar:/home/travis/b
uild/icyphy/ptII/lib/jcerti.jar:/home/travis/build/icyphy/ptII/lib/smack.jar:/h
ome/travis/build/icyphy/ptII/lib/smackx.jar:/home/travis/build/icyphy/ptII/lib/
jetty-all-8.1.5-v20120716.jar:/home/travis/build/icyphy/ptII/lib/javax.servlet-
api-3.0.1.jar:/home/travis/build/icyphy/ptII/lib/javax.mail.jar:/home/travis/bu
ild/icyphy/ptII/vendors/JMF-2.1.1e/lib/jmf.jar:/home/travis/build/icyphy/ptII/l
ib/jna-4.0.0-variadic.jar:/home/travis/build/icyphy/ptII/vendors/misc/joystick/
Joystick.jar:/home/travis/build/icyphy/ptII/lib/ptjacl.jar:/home/travis/build/i
cyphy/ptII/lib/jsoup-1.8.2.jar:/home/travis/build/icyphy/ptII/lib/junit-4.8.2.j
ar:/home/travis/build/icyphy/ptII/lib/JUnitParams-0.4.0.jar:/home/travis/build/
icyphy/ptII/ptolemy/actor/lib/excel/jxl.jar:/home/travis/build/icyphy/ptII/lib/
jython.jar:/home/travis/build/icyphy/ptII/lib/kieler.jar:/home/travis/build/icy
phy/ptII/vendors/opencv/share/OpenCV/java/opencv-341.jar:/home/travis/build/icy
phy/ptII/lib/oscP5.jar:/home/travis/build/icyphy/ptII/lib/nrjavaserial-3.11.0.d
evel.jar:/home/travis/build/icyphy/ptII/vendors/j3d/lib/j3dcore.jar:/home/travi
s/build/icyphy/ptII/vendors/j3d/lib/j3dutils.jar:/home/travis/build/icyphy/ptII
/vendors/j3d/lib/vecmath.jar:/home/travis/build/icyphy/ptII/ptolemy/distributed
/jini/jar/jini-core.jar:/home/travis/build/icyphy/ptII/ptolemy/distributed/jini
/jar/jini-ext.jar:/home/travis/build/icyphy/ptII/ptolemy/distributed/jini/jar/s
un-util.jar:/home/travis/build/icyphy/ptII/lib/protobuf-java-2.4.1.jar:/home/tr
avis/build/icyphy/ptII/lib/org.eclipse.paho.client.mqttv3.jar:/home/travis/buil
d/icyphy/ptII/ptserver/lib/hessian-4.0.7.jar:/home/travis/build/icyphy/ptII/pts
erver/lib/wmqtt.jar:/home/travis/build/icyphy/ptII/lib/mapss.jar:/home/travis/b
uild/icyphy/ptII/ptolemy/actor/ptalon/antlr/antlr.jar:/home/travis/build/icyphy
/ptII/lib/JRI.jar:/home/travis/build/icyphy/ptII/lib/commons-lang-2.6.jar:/home
/travis/build/icyphy/ptII/lib/commons-logging-1.1.1.jar:/home/travis/build/icyp
hy/ptII/lib/sootclasses.jar:/home/travis/build/icyphy/ptII/ptolemy/actor/lib/da
tabase/mysql-connector-java-5.1.6-bin.jar:/home/travis/build/icyphy/ptII/vendor
s/misc/sphinx4/sphinx4-data-5prealpha.jar:/home/travis/build/icyphy/ptII/vendor
s/misc/sphinx4/sphinx4-core-5prealpha.jar:/home/travis/build/icyphy/ptII/lib/PD
FRenderer.jar:/home/travis/build/icyphy/ptII/lib/svgSalamander.jar:/home/travis
/build/icyphy/ptII/lib/rsyntaxtextarea-2.6.0-SNAPSHOT.jar:/home/travis/build/ic
yphy/ptII/lib/hazelcast-3.8.2.jar:/home/travis/build/icyphy/ptII/lib/jackson-an
notations-2.9.0.jar:/home/travis/build/icyphy/ptII/lib/jackson-core-2.9.3.jar:/
home/travis/build/icyphy/ptII/lib/jackson-databind-2.9.3.jar:/home/travis/build
/icyphy/ptII/lib/netty-buffer-4.1.19.Final.jar:/home/travis/build/icyphy/ptII/l
ib/netty-codec-4.1.19.Final.jar:/home/travis/build/icyphy/ptII/lib/netty-codec-
dns-4.1.19.Final.jar:/home/travis/build/icyphy/ptII/lib/netty-codec-http-4.1.19
.Final.jar:/home/travis/build/icyphy/ptII/lib/netty-codec-http2-4.1.19.Final.ja
r:/home/travis/build/icyphy/ptII/lib/netty-common-4.1.19.Final.jar:/home/travis
/build/icyphy/ptII/lib/netty-handler-4.1.19.Final.jar:/home/travis/build/icyphy
/ptII/lib/netty-resolver-4.1.19.Final.jar:/home/travis/build/icyphy/ptII/lib/ne
tty-resolver-dns-4.1.19.Final.jar:/home/travis/build/icyphy/ptII/lib/netty-tran
sport-4.1.19.Final.jar:/home/travis/build/icyphy/ptII/lib/vertx-codegen-3.5.1.j
ar:/home/travis/build/icyphy/ptII/lib/vertx-core-3.5.2-SNAPSHOT.jar:/home/travi
s/build/icyphy/ptII/lib/vertx-hazelcast-3.5.1.jar:/home/travis/build/icyphy/ptI
I/lib/vertx-lang-js-3.5.1.jar:/home/travis/build/icyphy/ptII/lib/vertx-service-
proxy-3.5.1.jar:/home/travis/build/icyphy/ptII/lib/vertx-web-3.5.1.jar:/home/tr
avis/build/icyphy/ptII/lib/slf4j-api-1.7.13.jar:/home/travis/build/icyphy/ptII/
lib/slf4j-simple-1.7.13.jar:/home/travis/build/icyphy/ptII/lib/webcam-capture-0
.3.12.jar:/home/travis/build/icyphy/ptII/lib/bridj-0.7.0.jar:/home/travis/build
/icyphy/ptII/lib/xbjlib-1.1.0.nrjavaserial.jar:/home/travis/build/icyphy/ptII/p
tolemy/moml/test:/home/travis/build/icyphy/ptII/ant/lib/ant-launcher.jar:/home/
travis/build/icyphy/ptII/ant/lib/ant.jar:/home/travis/build/icyphy/ptII/ant/lib
/ant-junit.jar:/home/travis/build/icyphy/ptII/ant/lib/ant-junit4.jar:/home/trav
is/build/icyphy/ptII ModularCodeGen4_A1_B2_profile.java
-rw-rw-r-- 1 travis travis   832 Sep  3 02:09 ModularCG_A1_B2.mk
-rw-rw-r-- 1 travis travis  1318 Sep  3 02:09 ModularCG_A1_B2_profile.class
-rw-rw-r-- 1 travis travis  1262 Sep  3 02:09 ModularCG_A1_B2_profile.java
-rw-rw-r-- 1 travis travis  4799 Sep  3 02:09 ModularCG_A1.class
-rw-rw-r-- 1 travis travis 14742 Sep  3 02:09 ModularCG_A1.java
-rw-rw-r-- 1 travis travis   808 Sep  3 02:09 ModularCG_A1.mk
-rw-rw-r-- 1 travis travis  1433 Sep  3 02:09 ModularCG_A1_profile.class
-rw-rw-r-- 1 travis travis  1704 Sep  3 02:09 ModularCG_A1_profile.java
-rw-rw-r-- 1 travis travis  3827 Sep  3 02:09 ModularCG_A2_B1.class
-rw-rw-r-- 1 travis travis 10667 Sep  3 02:09 ModularCG_A2_B1.java
-rw-rw-r-- 1 travis travis   832 Sep  3 02:09 ModularCG_A2_B1.mk
-rw-rw-r-- 1 travis travis  1381 Sep  3 02:09 ModularCG_A2_B1_profile.class
-rw-rw-r-- 1 travis travis  1446 Sep  3 02:09 ModularCG_A2_B1_profile.java
-rw-rw-r-- 1 travis travis  3693 Sep  3 02:09 ModularCG_A2_B2.class
-rw-rw-r-- 1 travis travis  9730 Sep  3 02:09 ModularCG_A2_B2.java
-rw-rw-r-- 1 travis travis   832 Sep  3 02:09 ModularCG_A2_B2.mk
-rw-rw-r-- 1 travis travis  1318 Sep  3 02:09 ModularCG_A2_B2_profile.class
-rw-rw-r-- 1 travis travis  1262 Sep  3 02:09 ModularCG_A2_B2_profile.java
-rw-rw-r-- 1 travis travis  4870 Sep  3 02:09 ModularCG_A2.class
-rw-rw-r-- 1 travis travis 15129 Sep  3 02:09 ModularCG_A2.java
-rw-rw-r-- 1 travis travis   808 Sep  3 02:09 ModularCG_A2.mk
-rw-rw-r-- 1 travis travis  1433 Sep  3 02:09 ModularCG_A2_profile.class
-rw-rw-r-- 1 travis travis  1704 Sep  3 02:09 ModularCG_A2_profile.java
-rw-rw-r-- 1 travis travis  3473 Sep  3 02:09 ModularCGPubSub_A1_A2.class
-rw-rw-r-- 1 travis travis  9076 Sep  3 02:09 ModularCGPubSub_A1_A2.java
-rw-rw-r-- 1 travis travis   880 Sep  3 02:09 ModularCGPubSub_A1_A2.mk
-rw-rw-r-- 1 travis travis  1300 Sep  3 02:09 ModularCGPubSub_A1_A2_profile.class
-rw-rw-r-- 1 travis travis  1222 Sep  3 02:09 ModularCGPubSub_A1_A2_profile.java
-rw-rw-r-- 1 travis travis  3790 Sep  3 02:09 ModularCGPubSub_A1.class
-rw-rw-r-- 1 travis travis  9836 Sep  3 02:09 ModularCGPubSub_A1.java
-rw-rw-r-- 1 travis travis   856 Sep  3 02:09 ModularCGPubSub_A1.mk
-rw-rw-r-- 1 travis travis  1346 Sep  3 02:09 ModularCGPubSub_A1_profile.class
-rw-rw-r-- 1 travis travis  1388 Sep  3 02:09 ModularCGPubSub_A1_profile.java
-rw-rw-r-- 1 travis travis  3988 Sep  3 02:09 ModularCodeGen2_ModularCodeGenTypedCompositeActor.class
-rw-rw-r-- 1 travis travis 11690 Sep  3 02:09 ModularCodeGen2_ModularCodeGenTypedCompositeActor.java
-rw-rw-r-- 1 travis travis  1104 Sep  3 02:09 ModularCodeGen2_ModularCodeGenTypedCompositeActor.mk
-rw-rw-r-- 1 travis travis  4272 Sep  3 02:09 ModularCodeGen2_ModularCodeGenTypedCompositeActor_ModularCodeGenTypedCompositeActor.class
-rw-rw-r-- 1 travis travis 11790 Sep  3 02:09 ModularCodeGen2_ModularCodeGenTypedCompositeActor_ModularCodeGenTypedCompositeActor.java
-rw-rw-r-- 1 travis travis  1376 Sep  3 02:09 ModularCodeGen2_ModularCodeGenTypedCompositeActor_ModularCodeGenTypedCompositeActor.mk
-rw-rw-r-- 1 travis travis  1421 Sep  3 02:09 ModularCodeGen2_ModularCodeGenTypedCompositeActor_ModularCodeGenTypedCompositeActor_profile.class
-rw-rw-r-- 1 travis travis  1294 Sep  3 02:09 ModularCodeGen2_ModularCodeGenTypedCompositeActor_ModularCodeGenTypedCompositeActor_profile.java
-rw-rw-r-- 1 travis travis   820 Sep  3 02:09 ModularCodeGen2_ModularCodeGenTypedCompositeActor_profile.class
-rw-rw-r-- 1 travis travis   693 Sep  3 02:09 ModularCodeGen2_ModularCodeGenTypedCompositeActor_profile.java
-rw-rw-r-- 1 travis travis  3741 Sep  3 02:09 ModularCodeGen3_A1_B1.class
-rw-rw-r-- 1 travis travis  9958 Sep  3 02:09 ModularCodeGen3_A1_B1.java
-rw-rw-r-- 1 travis travis   880 Sep  3 02:09 ModularCodeGen3_A1_B1.mk
-rw-rw-r-- 1 travis travis  1330 Sep  3 02:09 ModularCodeGen3_A1_B1_profile.class
-rw-rw-r-- 1 travis travis  1274 Sep  3 02:09 ModularCodeGen3_A1_B1_profile.java
-rw-rw-r-- 1 travis travis  3741 Sep  3 02:09 ModularCodeGen3_A1_B2.class
-rw-rw-r-- 1 travis travis  9958 Sep  3 02:09 ModularCodeGen3_A1_B2.java
-rw-rw-r-- 1 travis travis   880 Sep  3 02:09 ModularCodeGen3_A1_B2.mk
-rw-rw-r-- 1 travis travis  1330 Sep  3 02:09 ModularCodeGen3_A1_B2_profile.class
-rw-rw-r-- 1 travis travis  1274 Sep  3 02:09 ModularCodeGen3_A1_B2_profile.java
-rw-rw-r-- 1 travis travis  4961 Sep  3 02:09 ModularCodeGen3_A1.class
-rw-rw-r-- 1 travis travis 15564 Sep  3 02:09 ModularCodeGen3_A1.java
-rw-rw-r-- 1 travis travis   856 Sep  3 02:09 ModularCodeGen3_A1.mk
-rw-rw-r-- 1 travis travis  1445 Sep  3 02:09 ModularCodeGen3_A1_profile.class
-rw-rw-r-- 1 travis travis  1716 Sep  3 02:09 ModularCodeGen3_A1_profile.java
-rw-rw-r-- 1 travis travis  3887 Sep  3 02:09 ModularCodeGen3_A2_B1.class
-rw-rw-r-- 1 travis travis 10955 Sep  3 02:09 ModularCodeGen3_A2_B1.java
-rw-rw-r-- 1 travis travis   880 Sep  3 02:09 ModularCodeGen3_A2_B1.mk
-rw-rw-r-- 1 travis travis  1393 Sep  3 02:09 ModularCodeGen3_A2_B1_profile.class
-rw-rw-r-- 1 travis travis  1458 Sep  3 02:09 ModularCodeGen3_A2_B1_profile.java
-rw-rw-r-- 1 travis travis  3741 Sep  3 02:09 ModularCodeGen3_A2_B2.class
-rw-rw-r-- 1 travis travis  9958 Sep  3 02:09 ModularCodeGen3_A2_B2.java
-rw-rw-r-- 1 travis travis   880 Sep  3 02:09 ModularCodeGen3_A2_B2.mk
-rw-rw-r-- 1 travis travis  1330 Sep  3 02:09 ModularCodeGen3_A2_B2_profile.class
-rw-rw-r-- 1 travis travis  1274 Sep  3 02:09 ModularCodeGen3_A2_B2_profile.java
-rw-rw-r-- 1 travis travis  5038 Sep  3 02:09 ModularCodeGen3_A2.class
-rw-rw-r-- 1 travis travis 15957 Sep  3 02:09 ModularCodeGen3_A2.java
-rw-rw-r-- 1 travis travis   856 Sep  3 02:09 ModularCodeGen3_A2.mk
-rw-rw-r-- 1 travis travis  1445 Sep  3 02:09 ModularCodeGen3_A2_profile.class
-rw-rw-r-- 1 travis travis  1716 Sep  3 02:09 ModularCodeGen3_A2_profile.java
-rw-rw-r-- 1 travis travis  3794 Sep  3 02:09 ModularCodeGen4_A1_B1.class
-rw-rw-r-- 1 travis travis 10312 Sep  3 02:09 ModularCodeGen4_A1_B1.java
-rw-rw-r-- 1 travis travis   880 Sep  3 02:09 ModularCodeGen4_A1_B1.mk
-rw-rw-r-- 1 travis travis  1330 Sep  3 02:09 ModularCodeGen4_A1_B1_profile.class
-rw-rw-r-- 1 travis travis  1273 Sep  3 02:09 ModularCodeGen4_A1_B1_profile.java
-rw-rw-r-- 1 travis travis  1273 Sep  3 02:09 ModularCodeGen4_A1_B2_profile.java
-rw-rw-r-- 1 travis travis  3954 Sep  3 02:09 ModularCodeGen_ModularCodeGenTypedCompositeActor.class
-rw-rw-r-- 1 travis travis 10970 Sep  3 02:09 ModularCodeGen_ModularCodeGenTypedCompositeActor.java
-rw-rw-r-- 1 travis travis  1096 Sep  3 02:09 ModularCodeGen_ModularCodeGenTypedCompositeActor.mk
-rw-rw-r-- 1 travis travis  1384 Sep  3 02:09 ModularCodeGen_ModularCodeGenTypedCompositeActor_profile.class
-rw-rw-r-- 1 travis travis  1328 Sep  3 02:09 ModularCodeGen_ModularCodeGenTypedCompositeActor_profile.java
-rw-rw-r-- 1 travis travis  3492 Sep  3 02:08 ModularCodeGenTest_A1_A2.class
-rw-rw-r-- 1 travis travis  9164 Sep  3 02:08 ModularCodeGenTest_A1_A2.java
-rw-rw-r-- 1 travis travis   904 Sep  3 02:08 ModularCodeGenTest_A1_A2.mk
-rw-rw-r-- 1 travis travis  1306 Sep  3 02:08 ModularCodeGenTest_A1_A2_profile.class
-rw-rw-r-- 1 travis travis  1228 Sep  3 02:08 ModularCodeGenTest_A1_A2_profile.java
-rw-rw-r-- 1 travis travis  3823 Sep  3 02:09 ModularCodeGenTest_A1.class
-rw-rw-r-- 1 travis travis  9968 Sep  3 02:09 ModularCodeGenTest_A1.java
-rw-rw-r-- 1 travis travis   880 Sep  3 02:09 ModularCodeGenTest_A1.mk
-rw-rw-r-- 1 travis travis  1352 Sep  3 02:09 ModularCodeGenTest_A1_profile.class
-rw-rw-r-- 1 travis travis  1394 Sep  3 02:08 ModularCodeGenTest_A1_profile.java
-rw-rw-r-- 1 travis travis   432 Sep  3 02:09 Token.class
-rw-rw-r-- 1 travis travis   251 Sep  3 02:09 Token.java
warning: Supported source version 'RELEASE_6' from annotation processor 'org.netbeans.modules.openide.util.NbBundleProcessor' less than -source '1.8'
warning: Supported source version 'RELEASE_6' from annotation processor 'org.netbeans.modules.openide.util.URLStreamHandlerRegistrationProcessor' less than -source '1.8'
warning: Supported source version 'RELEASE_6' from annotation processor 'org.netbeans.modules.openide.util.ServiceProviderProcessor' less than -source '1.8'
3 warnings
All Done
Writing ModularCodeGen4_A1_B2.java in file:/home/travis/cg/ (10312 characters)
Reading "ptolemy/cg/kernel/generic/program/procedural/java/modular/makefile.in",
    writing "/home/travis/cg/ModularCodeGen4_A1_B2.mk"
Using ptolemy/cg/kernel/generic/program/procedural/java/modular/makefile.in
In "/home/travis/cg", about to execute:
    make -f ModularCodeGen4_A1_B2.mk
javac -classpath ".:.."    ModularCodeGen4_A1_B2.java
All Done
In "/home/travis/cg", about to execute:
    pwd
/home/travis/cg
In "/home/travis/cg", about to execute:
    ls -l
In "/home/travis/cg", about to execute:
    javac -classpath
.:/home/travis/build/icyphy/ptII:/home/travis/build/icyphy/ptII/lib/bsh-2.0b4.j
ar:/home/travis/build/icyphy/ptII/lib/ptCal.jar:/home/travis/build/icyphy/ptII/
lib/java_cup.jar:/home/travis/build/icyphy/ptII/lib/saxon8.jar:/home/travis/bui
ld/icyphy/ptII/lib/saxon8-dom.jar:/home/travis/build/icyphy/ptII/lib/chic.jar:/
home/travis/build/icyphy/ptII/lib/ptcolt.jar:/usr/lib/jvm/java-8-oracle/lib/too
ls.jar:/usr/lib/eclipse/plugins/org.eclipse.jdt.core_3.8.2.dist.jar:/usr/lib/ec
lipse/plugins/org.eclipse.core.runtime_3.8.0.dist.jar:/usr/lib/eclipse/plugins/
org.eclipse.osgi_3.8.1.dist.jar:/usr/lib/eclipse/plugins/org.eclipse.core.resou
rces_3.8.1.dist.jar:/usr/lib/eclipse/plugins/org.eclipse.equinox.common_3.6.100
.dist.jar:/usr/lib/eclipse/plugins/org.eclipse.core.jobs_3.5.200.dist.jar:/usr/
lib/eclipse/plugins/org.eclipse.core.contenttype_3.4.200.dist.jar:/usr/lib/ecli
pse/plugins/org.eclipse.equinox.preferences_3.5.0.dist.jar:/usr/lib/eclipse/plu
gins/org.eclipse.text_3.5.200.dist.jar:/usr/lib/eclipse/plugins/org.eclipse.ui.
workbench_3.8.1.dist.jar:/usr/lib/eclipse/plugins/org.eclipse.jface_3.8.0.dist.
jar:/usr/lib/eclipse/plugins/org.eclipse.swt_3.8.2.jar:/usr/lib/eclipse/plugins
/org.eclipse.jface.text_3.8.1.dist.jar:/usr/lib/eclipse/plugins/org.eclipse.ui.
workbench.texteditor_3.8.0.dist.jar:/usr/lib/eclipse/plugins/org.eclipse.ui.edi
tors_3.8.0.dist.jar:/usr/lib/eclipse/plugins/org.eclipse.core.commands_3.6.1.di
st.jar:/usr/lib/eclipse/plugins/org.eclipse.equinox.registry_3.5.200.dist.jar:/
usr/lib/eclipse/plugins/org.eclipse.ui.console_3.5.100.dist.jar:/usr/lib/eclips
e/plugins/org.eclipse.ui.forms_3.5.200.dist.jar:/usr/lib/eclipse/plugins/org.ec
lipse.ui.ide_3.8.1.dist.jar:/home/travis/build/icyphy/ptII/vendors/oracle/dbxml
.jar:/home/travis/build/icyphy/ptII/vendors/oracle/db.jar:/home/travis/build/ic
yphy/ptII/vendors/misc/itext/iText.jar:/home/travis/build/icyphy/ptII/lib/g4ltl
.jar:/home/travis/build/icyphy/ptII/lib/StructuralCoder.jar:/home/travis/build/
icyphy/ptII/lib/org-openide-util.jar:/home/travis/build/icyphy/ptII/lib/org-ope
nide-util-lookup.jar:/home/travis/build/icyphy/ptII/lib/org-netbeans-api-visual
.jar:/home/travis/build/icyphy/ptII/vendors/jai-1_1_2_01/lib/jai_core.jar:/home
/travis/build/icyphy/ptII/vendors/jai-1_1_2_01/lib/jai_codec.jar:/home/travis/b
uild/icyphy/ptII/lib/jcerti.jar:/home/travis/build/icyphy/ptII/lib/smack.jar:/h
ome/travis/build/icyphy/ptII/lib/smackx.jar:/home/travis/build/icyphy/ptII/lib/
jetty-all-8.1.5-v20120716.jar:/home/travis/build/icyphy/ptII/lib/javax.servlet-
api-3.0.1.jar:/home/travis/build/icyphy/ptII/lib/javax.mail.jar:/home/travis/bu
ild/icyphy/ptII/vendors/JMF-2.1.1e/lib/jmf.jar:/home/travis/build/icyphy/ptII/l
ib/jna-4.0.0-variadic.jar:/home/travis/build/icyphy/ptII/vendors/misc/joystick/
Joystick.jar:/home/travis/build/icyphy/ptII/lib/ptjacl.jar:/home/travis/build/i
cyphy/ptII/lib/jsoup-1.8.2.jar:/home/travis/build/icyphy/ptII/lib/junit-4.8.2.j
ar:/home/travis/build/icyphy/ptII/lib/JUnitParams-0.4.0.jar:/home/travis/build/
icyphy/ptII/ptolemy/actor/lib/excel/jxl.jar:/home/travis/build/icyphy/ptII/lib/
jython.jar:/home/travis/build/icyphy/ptII/lib/kieler.jar:/home/travis/build/icy
phy/ptII/vendors/opencv/share/OpenCV/java/opencv-341.jar:/home/travis/build/icy
phy/ptII/lib/oscP5.jar:/home/travis/build/icyphy/ptII/lib/nrjavaserial-3.11.0.d
evel.jar:/home/travis/build/icyphy/ptII/vendors/j3d/lib/j3dcore.jar:/home/travi
s/build/icyphy/ptII/vendors/j3d/lib/j3dutils.jar:/home/travis/build/icyphy/ptII
/vendors/j3d/lib/vecmath.jar:/home/travis/build/icyphy/ptII/ptolemy/distributed
/jini/jar/jini-core.jar:/home/travis/build/icyphy/ptII/ptolemy/distributed/jini
/jar/jini-ext.jar:/home/travis/build/icyphy/ptII/ptolemy/distributed/jini/jar/s
un-util.jar:/home/travis/build/icyphy/ptII/lib/protobuf-java-2.4.1.jar:/home/tr
avis/build/icyphy/ptII/lib/org.eclipse.paho.client.mqttv3.jar:/home/travis/buil
d/icyphy/ptII/ptserver/lib/hessian-4.0.7.jar:/home/travis/build/icyphy/ptII/pts
erver/lib/wmqtt.jar:/home/travis/build/icyphy/ptII/lib/mapss.jar:/home/travis/b
uild/icyphy/ptII/ptolemy/actor/ptalon/antlr/antlr.jar:/home/travis/build/icyphy
/ptII/lib/JRI.jar:/home/travis/build/icyphy/ptII/lib/commons-lang-2.6.jar:/home
/travis/build/icyphy/ptII/lib/commons-logging-1.1.1.jar:/home/travis/build/icyp
hy/ptII/lib/sootclasses.jar:/home/travis/build/icyphy/ptII/ptolemy/actor/lib/da
tabase/mysql-connector-java-5.1.6-bin.jar:/home/travis/build/icyphy/ptII/vendor
s/misc/sphinx4/sphinx4-data-5prealpha.jar:/home/travis/build/icyphy/ptII/vendor
s/misc/sphinx4/sphinx4-core-5prealpha.jar:/home/travis/build/icyphy/ptII/lib/PD
FRenderer.jar:/home/travis/build/icyphy/ptII/lib/svgSalamander.jar:/home/travis
/build/icyphy/ptII/lib/rsyntaxtextarea-2.6.0-SNAPSHOT.jar:/home/travis/build/ic
yphy/ptII/lib/hazelcast-3.8.2.jar:/home/travis/build/icyphy/ptII/lib/jackson-an
notations-2.9.0.jar:/home/travis/build/icyphy/ptII/lib/jackson-core-2.9.3.jar:/
home/travis/build/icyphy/ptII/lib/jackson-databind-2.9.3.jar:/home/travis/build
/icyphy/ptII/lib/netty-buffer-4.1.19.Final.jar:/home/travis/build/icyphy/ptII/l
ib/netty-codec-4.1.19.Final.jar:/home/travis/build/icyphy/ptII/lib/netty-codec-
dns-4.1.19.Final.jar:/home/travis/build/icyphy/ptII/lib/netty-codec-http-4.1.19
.Final.jar:/home/travis/build/icyphy/ptII/lib/netty-codec-http2-4.1.19.Final.ja
r:/home/travis/build/icyphy/ptII/lib/netty-common-4.1.19.Final.jar:/home/travis
/build/icyphy/ptII/lib/netty-handler-4.1.19.Final.jar:/home/travis/build/icyphy
/ptII/lib/netty-resolver-4.1.19.Final.jar:/home/travis/build/icyphy/ptII/lib/ne
tty-resolver-dns-4.1.19.Final.jar:/home/travis/build/icyphy/ptII/lib/netty-tran
sport-4.1.19.Final.jar:/home/travis/build/icyphy/ptII/lib/vertx-codegen-3.5.1.j
ar:/home/travis/build/icyphy/ptII/lib/vertx-core-3.5.2-SNAPSHOT.jar:/home/travi
s/build/icyphy/ptII/lib/vertx-hazelcast-3.5.1.jar:/home/travis/build/icyphy/ptI
I/lib/vertx-lang-js-3.5.1.jar:/home/travis/build/icyphy/ptII/lib/vertx-service-
proxy-3.5.1.jar:/home/travis/build/icyphy/ptII/lib/vertx-web-3.5.1.jar:/home/tr
avis/build/icyphy/ptII/lib/slf4j-api-1.7.13.jar:/home/travis/build/icyphy/ptII/
lib/slf4j-simple-1.7.13.jar:/home/travis/build/icyphy/ptII/lib/webcam-capture-0
.3.12.jar:/home/travis/build/icyphy/ptII/lib/bridj-0.7.0.jar:/home/travis/build
/icyphy/ptII/lib/xbjlib-1.1.0.nrjavaserial.jar:/home/travis/build/icyphy/ptII/p
tolemy/moml/test:/home/travis/build/icyphy/ptII/ant/lib/ant-launcher.jar:/home/
travis/build/icyphy/ptII/ant/lib/ant.jar:/home/travis/build/icyphy/ptII/ant/lib
/ant-junit.jar:/home/travis/build/icyphy/ptII/ant/lib/ant-junit4.jar:/home/trav
is/build/icyphy/ptII ModularCodeGen4_A1_profile.java
total 784
-rw-rw-r-- 1 travis travis  4895 Sep  3 02:09 CompiledCompositeActor_CompiledCompositeActor.class
-rw-rw-r-- 1 travis travis  1592 Sep  3 02:09 CompiledCompositeActor_CompiledCompositeActor$_CompiledCompositeActor_CompiledCompositeActor.class
-rw-rw-r-- 1 travis travis 13466 Sep  3 02:09 CompiledCompositeActor_CompiledCompositeActor.java
-rw-rw-r-- 1 travis travis  1593 Sep  3 02:09 CompiledCompositeActor_CompiledCompositeActor.mk
-rw-rw-r-- 1 travis travis  4457 Sep  3 02:09 JavaCompiledCompositeTest1_CompiledCompositeActor.class
-rw-rw-r-- 1 travis travis 11637 Sep  3 02:09 JavaCompiledCompositeTest1_CompiledCompositeActor.java
-rw-rw-r-- 1 travis travis  1198 Sep  3 02:09 JavaCompiledCompositeTest1_CompiledCompositeActor$_JavaCompiledCompositeTest1_CompiledCompositeActor.class
-rw-rw-r-- 1 travis travis  1625 Sep  3 02:09 JavaCompiledCompositeTest1_CompiledCompositeActor.mk
-rw-rw-r-- 1 travis travis  4888 Sep  3 02:09 JavaCompiledCompositeTest2_CompiledCompositeActor.class
-rw-rw-r-- 1 travis travis 14919 Sep  3 02:09 JavaCompiledCompositeTest2_CompiledCompositeActor.java
-rw-rw-r-- 1 travis travis  1793 Sep  3 02:09 JavaCompiledCompositeTest2_CompiledCompositeActor$_JavaCompiledCompositeTest2_CompiledCompositeActor.class
-rw-rw-r-- 1 travis travis  1625 Sep  3 02:09 JavaCompiledCompositeTest2_CompiledCompositeActor.mk
-rw-rw-r-- 1 travis travis  4505 Sep  3 02:09 JavaCompiledCompositeTest3_CompiledCompositeActor.class
-rw-rw-r-- 1 travis travis 13080 Sep  3 02:09 JavaCompiledCompositeTest3_CompiledCompositeActor.java
-rw-rw-r-- 1 travis travis  1378 Sep  3 02:09 JavaCompiledCompositeTest3_CompiledCompositeActor$_JavaCompiledCompositeTest3_CompiledCompositeActor.class
-rw-rw-r-- 1 travis travis  1625 Sep  3 02:09 JavaCompiledCompositeTest3_CompiledCompositeActor.mk
-rw-rw-r-- 1 travis travis  3953 Sep  3 02:09 JavaCompiledCompositeTest4_CompiledCompositeActor.class
-rw-rw-r-- 1 travis travis  9687 Sep  3 02:09 JavaCompiledCompositeTest4_CompiledCompositeActor.java
-rw-rw-r-- 1 travis travis   857 Sep  3 02:09 JavaCompiledCompositeTest4_CompiledCompositeActor$_JavaCompiledCompositeTest4_CompiledCompositeActor.class
-rw-rw-r-- 1 travis travis  1625 Sep  3 02:09 JavaCompiledCompositeTest4_CompiledCompositeActor.mk
-rw-rw-r-- 1 travis travis  3693 Sep  3 02:09 ModularCG_A1_B1.class
-rw-rw-r-- 1 travis travis  9730 Sep  3 02:09 ModularCG_A1_B1.java
-rw-rw-r-- 1 travis travis   832 Sep  3 02:09 ModularCG_A1_B1.mk
-rw-rw-r-- 1 travis travis  1318 Sep  3 02:09 ModularCG_A1_B1_profile.class
-rw-rw-r-- 1 travis travis  1262 Sep  3 02:09 ModularCG_A1_B1_profile.java
-rw-rw-r-- 1 travis travis  3693 Sep  3 02:09 ModularCG_A1_B2.class
-rw-rw-r-- 1 travis travis  9730 Sep  3 02:09 ModularCG_A1_B2.java
-rw-rw-r-- 1 travis travis   832 Sep  3 02:09 ModularCG_A1_B2.mk
-rw-rw-r-- 1 travis travis  1318 Sep  3 02:09 ModularCG_A1_B2_profile.class
-rw-rw-r-- 1 travis travis  1262 Sep  3 02:09 ModularCG_A1_B2_profile.java
-rw-rw-r-- 1 travis travis  4799 Sep  3 02:09 ModularCG_A1.class
-rw-rw-r-- 1 travis travis 14742 Sep  3 02:09 ModularCG_A1.java
-rw-rw-r-- 1 travis travis   808 Sep  3 02:09 ModularCG_A1.mk
-rw-rw-r-- 1 travis travis  1433 Sep  3 02:09 ModularCG_A1_profile.class
-rw-rw-r-- 1 travis travis  1704 Sep  3 02:09 ModularCG_A1_profile.java
-rw-rw-r-- 1 travis travis  3827 Sep  3 02:09 ModularCG_A2_B1.class
-rw-rw-r-- 1 travis travis 10667 Sep  3 02:09 ModularCG_A2_B1.java
-rw-rw-r-- 1 travis travis   832 Sep  3 02:09 ModularCG_A2_B1.mk
-rw-rw-r-- 1 travis travis  1381 Sep  3 02:09 ModularCG_A2_B1_profile.class
-rw-rw-r-- 1 travis travis  1446 Sep  3 02:09 ModularCG_A2_B1_profile.java
-rw-rw-r-- 1 travis travis  3693 Sep  3 02:09 ModularCG_A2_B2.class
-rw-rw-r-- 1 travis travis  9730 Sep  3 02:09 ModularCG_A2_B2.java
-rw-rw-r-- 1 travis travis   832 Sep  3 02:09 ModularCG_A2_B2.mk
-rw-rw-r-- 1 travis travis  1318 Sep  3 02:09 ModularCG_A2_B2_profile.class
-rw-rw-r-- 1 travis travis  1262 Sep  3 02:09 ModularCG_A2_B2_profile.java
-rw-rw-r-- 1 travis travis  4870 Sep  3 02:09 ModularCG_A2.class
-rw-rw-r-- 1 travis travis 15129 Sep  3 02:09 ModularCG_A2.java
-rw-rw-r-- 1 travis travis   808 Sep  3 02:09 ModularCG_A2.mk
-rw-rw-r-- 1 travis travis  1433 Sep  3 02:09 ModularCG_A2_profile.class
-rw-rw-r-- 1 travis travis  1704 Sep  3 02:09 ModularCG_A2_profile.java
-rw-rw-r-- 1 travis travis  3473 Sep  3 02:09 ModularCGPubSub_A1_A2.class
-rw-rw-r-- 1 travis travis  9076 Sep  3 02:09 ModularCGPubSub_A1_A2.java
-rw-rw-r-- 1 travis travis   880 Sep  3 02:09 ModularCGPubSub_A1_A2.mk
-rw-rw-r-- 1 travis travis  1300 Sep  3 02:09 ModularCGPubSub_A1_A2_profile.class
-rw-rw-r-- 1 travis travis  1222 Sep  3 02:09 ModularCGPubSub_A1_A2_profile.java
-rw-rw-r-- 1 travis travis  3790 Sep  3 02:09 ModularCGPubSub_A1.class
-rw-rw-r-- 1 travis travis  9836 Sep  3 02:09 ModularCGPubSub_A1.java
-rw-rw-r-- 1 travis travis   856 Sep  3 02:09 ModularCGPubSub_A1.mk
-rw-rw-r-- 1 travis travis  1346 Sep  3 02:09 ModularCGPubSub_A1_profile.class
-rw-rw-r-- 1 travis travis  1388 Sep  3 02:09 ModularCGPubSub_A1_profile.java
-rw-rw-r-- 1 travis travis  3988 Sep  3 02:09 ModularCodeGen2_ModularCodeGenTypedCompositeActor.class
-rw-rw-r-- 1 travis travis 11690 Sep  3 02:09 ModularCodeGen2_ModularCodeGenTypedCompositeActor.java
-rw-rw-r-- 1 travis travis  1104 Sep  3 02:09 ModularCodeGen2_ModularCodeGenTypedCompositeActor.mk
-rw-rw-r-- 1 travis travis  4272 Sep  3 02:09 ModularCodeGen2_ModularCodeGenTypedCompositeActor_ModularCodeGenTypedCompositeActor.class
-rw-rw-r-- 1 travis travis 11790 Sep  3 02:09 ModularCodeGen2_ModularCodeGenTypedCompositeActor_ModularCodeGenTypedCompositeActor.java
-rw-rw-r-- 1 travis travis  1376 Sep  3 02:09 ModularCodeGen2_ModularCodeGenTypedCompositeActor_ModularCodeGenTypedCompositeActor.mk
-rw-rw-r-- 1 travis travis  1421 Sep  3 02:09 ModularCodeGen2_ModularCodeGenTypedCompositeActor_ModularCodeGenTypedCompositeActor_profile.class
-rw-rw-r-- 1 travis travis  1294 Sep  3 02:09 ModularCodeGen2_ModularCodeGenTypedCompositeActor_ModularCodeGenTypedCompositeActor_profile.java
-rw-rw-r-- 1 travis travis   820 Sep  3 02:09 ModularCodeGen2_ModularCodeGenTypedCompositeActor_profile.class
-rw-rw-r-- 1 travis travis   693 Sep  3 02:09 ModularCodeGen2_ModularCodeGenTypedCompositeActor_profile.java
-rw-rw-r-- 1 travis travis  3741 Sep  3 02:09 ModularCodeGen3_A1_B1.class
-rw-rw-r-- 1 travis travis  9958 Sep  3 02:09 ModularCodeGen3_A1_B1.java
-rw-rw-r-- 1 travis travis   880 Sep  3 02:09 ModularCodeGen3_A1_B1.mk
-rw-rw-r-- 1 travis travis  1330 Sep  3 02:09 ModularCodeGen3_A1_B1_profile.class
-rw-rw-r-- 1 travis travis  1274 Sep  3 02:09 ModularCodeGen3_A1_B1_profile.java
-rw-rw-r-- 1 travis travis  3741 Sep  3 02:09 ModularCodeGen3_A1_B2.class
-rw-rw-r-- 1 travis travis  9958 Sep  3 02:09 ModularCodeGen3_A1_B2.java
-rw-rw-r-- 1 travis travis   880 Sep  3 02:09 ModularCodeGen3_A1_B2.mk
-rw-rw-r-- 1 travis travis  1330 Sep  3 02:09 ModularCodeGen3_A1_B2_profile.class
-rw-rw-r-- 1 travis travis  1274 Sep  3 02:09 ModularCodeGen3_A1_B2_profile.java
-rw-rw-r-- 1 travis travis  4961 Sep  3 02:09 ModularCodeGen3_A1.class
-rw-rw-r-- 1 travis travis 15564 Sep  3 02:09 ModularCodeGen3_A1.java
-rw-rw-r-- 1 travis travis   856 Sep  3 02:09 ModularCodeGen3_A1.mk
-rw-rw-r-- 1 travis travis  1445 Sep  3 02:09 ModularCodeGen3_A1_profile.class
-rw-rw-r-- 1 travis travis  1716 Sep  3 02:09 ModularCodeGen3_A1_profile.java
-rw-rw-r-- 1 travis travis  3887 Sep  3 02:09 ModularCodeGen3_A2_B1.class
-rw-rw-r-- 1 travis travis 10955 Sep  3 02:09 ModularCodeGen3_A2_B1.java
-rw-rw-r-- 1 travis travis   880 Sep  3 02:09 ModularCodeGen3_A2_B1.mk
-rw-rw-r-- 1 travis travis  1393 Sep  3 02:09 ModularCodeGen3_A2_B1_profile.class
-rw-rw-r-- 1 travis travis  1458 Sep  3 02:09 ModularCodeGen3_A2_B1_profile.java
-rw-rw-r-- 1 travis travis  3741 Sep  3 02:09 ModularCodeGen3_A2_B2.class
-rw-rw-r-- 1 travis travis  9958 Sep  3 02:09 ModularCodeGen3_A2_B2.java
-rw-rw-r-- 1 travis travis   880 Sep  3 02:09 ModularCodeGen3_A2_B2.mk
-rw-rw-r-- 1 travis travis  1330 Sep  3 02:09 ModularCodeGen3_A2_B2_profile.class
-rw-rw-r-- 1 travis travis  1274 Sep  3 02:09 ModularCodeGen3_A2_B2_profile.java
-rw-rw-r-- 1 travis travis  5038 Sep  3 02:09 ModularCodeGen3_A2.class
-rw-rw-r-- 1 travis travis 15957 Sep  3 02:09 ModularCodeGen3_A2.java
-rw-rw-r-- 1 travis travis   856 Sep  3 02:09 ModularCodeGen3_A2.mk
-rw-rw-r-- 1 travis travis  1445 Sep  3 02:09 ModularCodeGen3_A2_profile.class
-rw-rw-r-- 1 travis travis  1716 Sep  3 02:09 ModularCodeGen3_A2_profile.java
-rw-rw-r-- 1 travis travis  3794 Sep  3 02:09 ModularCodeGen4_A1_B1.class
-rw-rw-r-- 1 travis travis 10312 Sep  3 02:09 ModularCodeGen4_A1_B1.java
-rw-rw-r-- 1 travis travis   880 Sep  3 02:09 ModularCodeGen4_A1_B1.mk
-rw-rw-r-- 1 travis travis  1330 Sep  3 02:09 ModularCodeGen4_A1_B1_profile.class
-rw-rw-r-- 1 travis travis  1273 Sep  3 02:09 ModularCodeGen4_A1_B1_profile.java
-rw-rw-r-- 1 travis travis  3794 Sep  3 02:09 ModularCodeGen4_A1_B2.class
-rw-rw-r-- 1 travis travis 10312 Sep  3 02:09 ModularCodeGen4_A1_B2.java
-rw-rw-r-- 1 travis travis   880 Sep  3 02:09 ModularCodeGen4_A1_B2.mk
-rw-rw-r-- 1 travis travis  1330 Sep  3 02:09 ModularCodeGen4_A1_B2_profile.class
-rw-rw-r-- 1 travis travis  1273 Sep  3 02:09 ModularCodeGen4_A1_B2_profile.java
-rw-rw-r-- 1 travis travis  1712 Sep  3 02:09 ModularCodeGen4_A1_profile.java
-rw-rw-r-- 1 travis travis  3954 Sep  3 02:09 ModularCodeGen_ModularCodeGenTypedCompositeActor.class
-rw-rw-r-- 1 travis travis 10970 Sep  3 02:09 ModularCodeGen_ModularCodeGenTypedCompositeActor.java
-rw-rw-r-- 1 travis travis  1096 Sep  3 02:09 ModularCodeGen_ModularCodeGenTypedCompositeActor.mk
-rw-rw-r-- 1 travis travis  1384 Sep  3 02:09 ModularCodeGen_ModularCodeGenTypedCompositeActor_profile.class
-rw-rw-r-- 1 travis travis  1328 Sep  3 02:09 ModularCodeGen_ModularCodeGenTypedCompositeActor_profile.java
-rw-rw-r-- 1 travis travis  3492 Sep  3 02:08 ModularCodeGenTest_A1_A2.class
-rw-rw-r-- 1 travis travis  9164 Sep  3 02:08 ModularCodeGenTest_A1_A2.java
-rw-rw-r-- 1 travis travis   904 Sep  3 02:08 ModularCodeGenTest_A1_A2.mk
-rw-rw-r-- 1 travis travis  1306 Sep  3 02:08 ModularCodeGenTest_A1_A2_profile.class
-rw-rw-r-- 1 travis travis  1228 Sep  3 02:08 ModularCodeGenTest_A1_A2_profile.java
-rw-rw-r-- 1 travis travis  3823 Sep  3 02:09 ModularCodeGenTest_A1.class
-rw-rw-r-- 1 travis travis  9968 Sep  3 02:09 ModularCodeGenTest_A1.java
-rw-rw-r-- 1 travis travis   880 Sep  3 02:09 ModularCodeGenTest_A1.mk
-rw-rw-r-- 1 travis travis  1352 Sep  3 02:09 ModularCodeGenTest_A1_profile.class
-rw-rw-r-- 1 travis travis  1394 Sep  3 02:08 ModularCodeGenTest_A1_profile.java
-rw-rw-r-- 1 travis travis   432 Sep  3 02:09 Token.class
-rw-rw-r-- 1 travis travis   251 Sep  3 02:09 Token.java
warning: Supported source version 'RELEASE_6' from annotation processor 'org.netbeans.modules.openide.util.NbBundleProcessor' less than -source '1.8'
warning: Supported source version 'RELEASE_6' from annotation processor 'org.netbeans.modules.openide.util.URLStreamHandlerRegistrationProcessor' less than -source '1.8'
warning: Supported source version 'RELEASE_6' from annotation processor 'org.netbeans.modules.openide.util.ServiceProviderProcessor' less than -source '1.8'
3 warnings
All Done
Writing ModularCodeGen4_A1.java in file:/home/travis/cg/ (16245 characters)
Reading "ptolemy/cg/kernel/generic/program/procedural/java/modular/makefile.in",
    writing "/home/travis/cg/ModularCodeGen4_A1.mk"
Using ptolemy/cg/kernel/generic/program/procedural/java/modular/makefile.in
In "/home/travis/cg", about to execute:
    make -f ModularCodeGen4_A1.mk
javac -classpath ".:.."    ModularCodeGen4_A1.java
All Done
In "/home/travis/cg", about to execute:
    pwd
/home/travis/cg
In "/home/travis/cg", about to execute:
    ls -l
total 820
-rw-rw-r-- 1 travis travis  4895 Sep  3 02:09 CompiledCompositeActor_CompiledCompositeActor.class
-rw-rw-r-- 1 travis travis  1592 Sep  3 02:09 CompiledCompositeActor_CompiledCompositeActor$_CompiledCompositeActor_CompiledCompositeActor.class
-rw-rw-r-- 1 travis travis 13466 Sep  3 02:09 CompiledCompositeActor_CompiledCompositeActor.java
-rw-rw-r-- 1 travis travis  1593 Sep  3 02:09 CompiledCompositeActor_CompiledCompositeActor.mk
-rw-rw-r-- 1 travis travis  4457 Sep  3 02:09 JavaCompiledCompositeTest1_CompiledCompositeActor.class
-rw-rw-r-- 1 travis travis 11637 Sep  3 02:09 JavaCompiledCompositeTest1_CompiledCompositeActor.java
-rw-rw-r-- 1 travis travis  1198 Sep  3 02:09 JavaCompiledCompositeTest1_CompiledCompositeActor$_JavaCompiledCompositeTest1_CompiledCompositeActor.class
-rw-rw-r-- 1 travis travis  1625 Sep  3 02:09 JavaCompiledCompositeTest1_CompiledCompositeActor.mk
-rw-rw-r-- 1 travis travis  4888 Sep  3 02:09 JavaCompiledCompositeTest2_CompiledCompositeActor.class
-rw-rw-r-- 1 travis travis 14919 Sep  3 02:09 JavaCompiledCompositeTest2_CompiledCompositeActor.java
-rw-rw-r-- 1 travis travis  1793 Sep  3 02:09 JavaCompiledCompositeTest2_CompiledCompositeActor$_JavaCompiledCompositeTest2_CompiledCompositeActor.class
-rw-rw-r-- 1 travis travis  1625 Sep  3 02:09 JavaCompiledCompositeTest2_CompiledCompositeActor.mk
-rw-rw-r-- 1 travis travis  4505 Sep  3 02:09 JavaCompiledCompositeTest3_CompiledCompositeActor.class
-rw-rw-r-- 1 travis travis 13080 Sep  3 02:09 JavaCompiledCompositeTest3_CompiledCompositeActor.java
-rw-rw-r-- 1 travis travis  1378 Sep  3 02:09 JavaCompiledCompositeTest3_CompiledCompositeActor$_JavaCompiledCompositeTest3_CompiledCompositeActor.class
-rw-rw-r-- 1 travis travis  1625 Sep  3 02:09 JavaCompiledCompositeTest3_CompiledCompositeActor.mk
-rw-rw-r-- 1 travis travis  3953 Sep  3 02:09 JavaCompiledCompositeTest4_CompiledCompositeActor.class
-rw-rw-r-- 1 travis travis  9687 Sep  3 02:09 JavaCompiledCompositeTest4_CompiledCompositeActor.java
-rw-rw-r-- 1 travis travis   857 Sep  3 02:09 JavaCompiledCompositeTest4_CompiledCompositeActor$_JavaCompiledCompositeTest4_CompiledCompositeActor.class
-rw-rw-r-- 1 travis travis  1625 Sep  3 02:09 JavaCompiledCompositeTest4_CompiledCompositeActor.mk
-rw-rw-r-- 1 travis travis  3693 Sep  3 02:09 ModularCG_A1_B1.class
-rw-rw-r-- 1 travis travis  9730 Sep  3 02:09 ModularCG_A1_B1.java
-rw-rw-r-- 1 travis travis   832 Sep  3 02:09 ModularCG_A1_B1.mk
-rw-rw-r-- 1 travis travis  1318 Sep  3 02:09 ModularCG_A1_B1_profile.class
-rw-rw-r-- 1 travis travis  1262 Sep  3 02:09 ModularCG_A1_B1_profile.java
-rw-rw-r-- 1 travis travis  3693 Sep  3 02:09 ModularCG_A1_B2.class
-rw-rw-r-- 1 travis travis  9730 Sep  3 02:09 ModularCG_A1_B2.java
-rw-rw-r-- 1 travis travis   832 Sep  3 02:09 ModularCG_A1_B2.mk
-rw-rw-r-- 1 travis travis  1318 Sep  3 02:09 ModularCG_A1_B2_profile.class
-rw-rw-r-- 1 travis travis  1262 Sep  3 02:09 ModularCG_A1_B2_profile.java
-rw-rw-r-- 1 travis travis  4799 Sep  3 02:09 ModularCG_A1.class
-rw-rw-r-- 1 travis travis 14742 Sep  3 02:09 ModularCG_A1.java
-rw-rw-r-- 1 travis travis   808 Sep  3 02:09 ModularCG_A1.mk
-rw-rw-r-- 1 travis travis  1433 Sep  3 02:09 ModularCG_A1_profile.class
-rw-rw-r-- 1 travis travis  1704 Sep  3 02:09 ModularCG_A1_profile.java
-rw-rw-r-- 1 travis travis  3827 Sep  3 02:09 ModularCG_A2_B1.class
-rw-rw-r-- 1 travis travis 10667 Sep  3 02:09 ModularCG_A2_B1.java
-rw-rw-r-- 1 travis travis   832 Sep  3 02:09 ModularCG_A2_B1.mk
-rw-rw-r-- 1 travis travis  1381 Sep  3 02:09 ModularCG_A2_B1_profile.class
-rw-rw-r-- 1 travis travis  1446 Sep  3 02:09 ModularCG_A2_B1_profile.java
-rw-rw-r-- 1 travis travis  3693 Sep  3 02:09 ModularCG_A2_B2.class
-rw-rw-r-- 1 travis travis  9730 Sep  3 02:09 ModularCG_A2_B2.java
-rw-rw-r-- 1 travis travis   832 Sep  3 02:09 ModularCG_A2_B2.mk
-rw-rw-r-- 1 travis travis  1318 Sep  3 02:09 ModularCG_A2_B2_profile.class
-rw-rw-r-- 1 travis travis  1262 Sep  3 02:09 ModularCG_A2_B2_profile.java
-rw-rw-r-- 1 travis travis  4870 Sep  3 02:09 ModularCG_A2.class
In "/home/travis/cg", about to execute:
-rw-rw-r-- 1 travis travis 15129 Sep  3 02:09 ModularCG_A2.java
-rw-rw-r-- 1 travis travis   808 Sep  3 02:09 ModularCG_A2.mk
-rw-rw-r-- 1 travis travis  1433 Sep  3 02:09 ModularCG_A2_profile.class
-rw-rw-r-- 1 travis travis  1704 Sep  3 02:09 ModularCG_A2_profile.java
-rw-rw-r-- 1 travis travis  3473 Sep  3 02:09 ModularCGPubSub_A1_A2.class
-rw-rw-r-- 1 travis travis  9076 Sep  3 02:09 ModularCGPubSub_A1_A2.java
-rw-rw-r-- 1 travis travis   880 Sep  3 02:09 ModularCGPubSub_A1_A2.mk
-rw-rw-r-- 1 travis travis  1300 Sep  3 02:09 ModularCGPubSub_A1_A2_profile.class
-rw-rw-r-- 1 travis travis  1222 Sep  3 02:09 ModularCGPubSub_A1_A2_profile.java
-rw-rw-r-- 1 travis travis  3790 Sep  3 02:09 ModularCGPubSub_A1.class
-rw-rw-r-- 1 travis travis  9836 Sep  3 02:09 ModularCGPubSub_A1.java
-rw-rw-r-- 1 travis travis   856 Sep  3 02:09 ModularCGPubSub_A1.mk
-rw-rw-r-- 1 travis travis  1346 Sep  3 02:09 ModularCGPubSub_A1_profile.class
-rw-rw-r-- 1 travis travis  1388 Sep  3 02:09 ModularCGPubSub_A1_profile.java
-rw-rw-r-- 1 travis travis  3988 Sep  3 02:09 ModularCodeGen2_ModularCodeGenTypedCompositeActor.class
-rw-rw-r-- 1 travis travis 11690 Sep  3 02:09 ModularCodeGen2_ModularCodeGenTypedCompositeActor.java
-rw-rw-r-- 1 travis travis  1104 Sep  3 02:09 ModularCodeGen2_ModularCodeGenTypedCompositeActor.mk
-rw-rw-r-- 1 travis travis  4272 Sep  3 02:09 ModularCodeGen2_ModularCodeGenTypedCompositeActor_ModularCodeGenTypedCompositeActor.class
-rw-rw-r-- 1 travis travis 11790 Sep  3 02:09 ModularCodeGen2_ModularCodeGenTypedCompositeActor_ModularCodeGenTypedCompositeActor.java
-rw-rw-r-- 1 travis travis  1376 Sep  3 02:09 ModularCodeGen2_ModularCodeGenTypedCompositeActor_ModularCodeGenTypedCompositeActor.mk
-rw-rw-r-- 1 travis travis  1421 Sep  3 02:09 ModularCodeGen2_ModularCodeGenTypedCompositeActor_ModularCodeGenTypedCompositeActor_profile.class
-rw-rw-r-- 1 travis travis  1294 Sep  3 02:09 ModularCodeGen2_ModularCodeGenTypedCompositeActor_ModularCodeGenTypedCompositeActor_profile.java
-rw-rw-r-- 1 travis travis   820 Sep  3 02:09 ModularCodeGen2_ModularCodeGenTypedCompositeActor_profile.class
-rw-rw-r-- 1 travis travis   693 Sep  3 02:09 ModularCodeGen2_ModularCodeGenTypedCompositeActor_profile.java
-rw-rw-r-- 1 travis travis  3741 Sep  3 02:09 ModularCodeGen3_A1_B1.class
-rw-rw-r-- 1 travis travis  9958 Sep  3 02:09 ModularCodeGen3_A1_B1.java
-rw-rw-r-- 1 travis travis   880 Sep  3 02:09 ModularCodeGen3_A1_B1.mk
-rw-rw-r-- 1 travis travis  1330 Sep  3 02:09 ModularCodeGen3_A1_B1_profile.class
-rw-rw-r-- 1 travis travis  1274 Sep  3 02:09 ModularCodeGen3_A1_B1_profile.java
-rw-rw-r-- 1 travis travis  3741 Sep  3 02:09 ModularCodeGen3_A1_B2.class
-rw-rw-r-- 1 travis travis  9958 Sep  3 02:09 ModularCodeGen3_A1_B2.java
-rw-rw-r-- 1 travis travis   880 Sep  3 02:09 ModularCodeGen3_A1_B2.mk
-rw-rw-r-- 1 travis travis  1330 Sep  3 02:09 ModularCodeGen3_A1_B2_profile.class
-rw-rw-r-- 1 travis travis  1274 Sep  3 02:09 ModularCodeGen3_A1_B2_profile.java
-rw-rw-r-- 1 travis travis  4961 Sep  3 02:09 ModularCodeGen3_A1.class
-rw-rw-r-- 1 travis travis 15564 Sep  3 02:09 ModularCodeGen3_A1.java
-rw-rw-r-- 1 travis travis   856 Sep  3 02:09 ModularCodeGen3_A1.mk
-rw-rw-r-- 1 travis travis  1445 Sep  3 02:09 ModularCodeGen3_A1_profile.class
-rw-rw-r-- 1 travis travis  1716 Sep  3 02:09 ModularCodeGen3_A1_profile.java
-rw-rw-r-- 1 travis travis  3887 Sep  3 02:09 ModularCodeGen3_A2_B1.class
-rw-rw-r-- 1 travis travis 10955 Sep  3 02:09 ModularCodeGen3_A2_B1.java
-rw-rw-r-- 1 travis travis   880 Sep  3 02:09 ModularCodeGen3_A2_B1.mk
-rw-rw-r-- 1 travis travis  1393 Sep  3 02:09 ModularCodeGen3_A2_B1_profile.class
-rw-rw-r-- 1 travis travis  1458 Sep  3 02:09 ModularCodeGen3_A2_B1_profile.java
-rw-rw-r-- 1 travis travis  3741 Sep  3 02:09 ModularCodeGen3_A2_B2.class
-rw-rw-r-- 1 travis travis  9958 Sep  3 02:09 ModularCodeGen3_A2_B2.java
-rw-rw-r-- 1 travis travis   880 Sep  3 02:09 ModularCodeGen3_A2_B2.mk
-rw-rw-r-- 1 travis travis  1330 Sep  3 02:09 ModularCodeGen3_A2_B2_profile.class
-rw-rw-r-- 1 travis travis  1274 Sep  3 02:09 ModularCodeGen3_A2_B2_profile.java
-rw-rw-r-- 1 travis travis  5038 Sep  3 02:09 ModularCodeGen3_A2.class
-rw-rw-r-- 1 travis travis 15957 Sep  3 02:09 ModularCodeGen3_A2.java
-rw-rw-r-- 1 travis travis   856 Sep  3 02:09 ModularCodeGen3_A2.mk
-rw-rw-r-- 1 travis travis  1445 Sep  3 02:09 ModularCodeGen3_A2_profile.class
-rw-rw-r-- 1 travis travis  1716 Sep  3 02:09 ModularCodeGen3_A2_profile.java
-rw-rw-r-- 1 travis travis  3794 Sep  3 02:09 ModularCodeGen4_A1_B1.class
-rw-rw-r-- 1 travis travis 10312 Sep  3 02:09 ModularCodeGen4_A1_B1.java
-rw-rw-r-- 1 travis travis   880 Sep  3 02:09 ModularCodeGen4_A1_B1.mk
-rw-rw-r-- 1 travis travis  1330 Sep  3 02:09 ModularCodeGen4_A1_B1_profile.class
-rw-rw-r-- 1 travis travis  1273 Sep  3 02:09 ModularCodeGen4_A1_B1_profile.java
-rw-rw-r-- 1 travis travis  3794 Sep  3 02:09 ModularCodeGen4_A1_B2.class
    javac -classpath
.:/home/travis/build/icyphy/ptII:/home/travis/build/icyphy/ptII/lib/bsh-2.0b4.j
ar:/home/travis/build/icyphy/ptII/lib/ptCal.jar:/home/travis/build/icyphy/ptII/
lib/java_cup.jar:/home/travis/build/icyphy/ptII/lib/saxon8.jar:/home/travis/bui
ld/icyphy/ptII/lib/saxon8-dom.jar:/home/travis/build/icyphy/ptII/lib/chic.jar:/
home/travis/build/icyphy/ptII/lib/ptcolt.jar:/usr/lib/jvm/java-8-oracle/lib/too
ls.jar:/usr/lib/eclipse/plugins/org.eclipse.jdt.core_3.8.2.dist.jar:/usr/lib/ec
lipse/plugins/org.eclipse.core.runtime_3.8.0.dist.jar:/usr/lib/eclipse/plugins/
org.eclipse.osgi_3.8.1.dist.jar:/usr/lib/eclipse/plugins/org.eclipse.core.resou
rces_3.8.1.dist.jar:/usr/lib/eclipse/plugins/org.eclipse.equinox.common_3.6.100
.dist.jar:/usr/lib/eclipse/plugins/org.eclipse.core.jobs_3.5.200.dist.jar:/usr/
lib/eclipse/plugins/org.eclipse.core.contenttype_3.4.200.dist.jar:/usr/lib/ecli
pse/plugins/org.eclipse.equinox.preferences_3.5.0.dist.jar:/usr/lib/eclipse/plu
gins/org.eclipse.text_3.5.200.dist.jar:/usr/lib/eclipse/plugins/org.eclipse.ui.
workbench_3.8.1.dist.jar:/usr/lib/eclipse/plugins/org.eclipse.jface_3.8.0.dist.
jar:/usr/lib/eclipse/plugins/org.eclipse.swt_3.8.2.jar:/usr/lib/eclipse/plugins
/org.eclipse.jface.text_3.8.1.dist.jar:/usr/lib/eclipse/plugins/org.eclipse.ui.
workbench.texteditor_3.8.0.dist.jar:/usr/lib/eclipse/plugins/org.eclipse.ui.edi
tors_3.8.0.dist.jar:/usr/lib/eclipse/plugins/org.eclipse.core.commands_3.6.1.di
st.jar:/usr/lib/eclipse/plugins/org.eclipse.equinox.registry_3.5.200.dist.jar:/
usr/lib/eclipse/plugins/org.eclipse.ui.console_3.5.100.dist.jar:/usr/lib/eclips
e/plugins/org.eclipse.ui.forms_3.5.200.dist.jar:/usr/lib/eclipse/plugins/org.ec
lipse.ui.ide_3.8.1.dist.jar:/home/travis/build/icyphy/ptII/vendors/oracle/dbxml
.jar:/home/travis/build/icyphy/ptII/vendors/oracle/db.jar:/home/travis/build/ic
yphy/ptII/vendors/misc/itext/iText.jar:/home/travis/build/icyphy/ptII/lib/g4ltl
.jar:/home/travis/build/icyphy/ptII/lib/StructuralCoder.jar:/home/travis/build/
icyphy/ptII/lib/org-openide-util.jar:/home/travis/build/icyphy/ptII/lib/org-ope
nide-util-lookup.jar:/home/travis/build/icyphy/ptII/lib/org-netbeans-api-visual
.jar:/home/travis/build/icyphy/ptII/vendors/jai-1_1_2_01/lib/jai_core.jar:/home
/travis/build/icyphy/ptII/vendors/jai-1_1_2_01/lib/jai_codec.jar:/home/travis/b
uild/icyphy/ptII/lib/jcerti.jar:/home/travis/build/icyphy/ptII/lib/smack.jar:/h
ome/travis/build/icyphy/ptII/lib/smackx.jar:/home/travis/build/icyphy/ptII/lib/
jetty-all-8.1.5-v20120716.jar:/home/travis/build/icyphy/ptII/lib/javax.servlet-
api-3.0.1.jar:/home/travis/build/icyphy/ptII/lib/javax.mail.jar:/home/travis/bu
ild/icyphy/ptII/vendors/JMF-2.1.1e/lib/jmf.jar:/home/travis/build/icyphy/ptII/l
ib/jna-4.0.0-variadic.jar:/home/travis/build/icyphy/ptII/vendors/misc/joystick/
Joystick.jar:/home/travis/build/icyphy/ptII/lib/ptjacl.jar:/home/travis/build/i
cyphy/ptII/lib/jsoup-1.8.2.jar:/home/travis/build/icyphy/ptII/lib/junit-4.8.2.j
ar:/home/travis/build/icyphy/ptII/lib/JUnitParams-0.4.0.jar:/home/travis/build/
icyphy/ptII/ptolemy/actor/lib/excel/jxl.jar:/home/travis/build/icyphy/ptII/lib/
jython.jar:/home/travis/build/icyphy/ptII/lib/kieler.jar:/home/travis/build/icy
phy/ptII/vendors/opencv/share/OpenCV/java/opencv-341.jar:/home/travis/build/icy
phy/ptII/lib/oscP5.jar:/home/travis/build/icyphy/ptII/lib/nrjavaserial-3.11.0.d
evel.jar:/home/travis/build/icyphy/ptII/vendors/j3d/lib/j3dcore.jar:/home/travi
s/build/icyphy/ptII/vendors/j3d/lib/j3dutils.jar:/home/travis/build/icyphy/ptII
/vendors/j3d/lib/vecmath.jar:/home/travis/build/icyphy/ptII/ptolemy/distributed
/jini/jar/jini-core.jar:/home/travis/build/icyphy/ptII/ptolemy/distributed/jini
/jar/jini-ext.jar:/home/travis/build/icyphy/ptII/ptolemy/distributed/jini/jar/s
un-util.jar:/home/travis/build/icyphy/ptII/lib/protobuf-java-2.4.1.jar:/home/tr
avis/build/icyphy/ptII/lib/org.eclipse.paho.client.mqttv3.jar:/home/travis/buil
d/icyphy/ptII/ptserver/lib/hessian-4.0.7.jar:/home/travis/build/icyphy/ptII/pts
erver/lib/wmqtt.jar:/home/travis/build/icyphy/ptII/lib/mapss.jar:/home/travis/b
uild/icyphy/ptII/ptolemy/actor/ptalon/antlr/antlr.jar:/home/travis/build/icyphy
/ptII/lib/JRI.jar:/home/travis/build/icyphy/ptII/lib/commons-lang-2.6.jar:/home
/travis/build/icyphy/ptII/lib/commons-logging-1.1.1.jar:/home/travis/build/icyp
hy/ptII/lib/sootclasses.jar:/home/travis/build/icyphy/ptII/ptolemy/actor/lib/da
tabase/mysql-connector-java-5.1.6-bin.jar:/home/travis/build/icyphy/ptII/vendor
s/misc/sphinx4/sphinx4-data-5prealpha.jar:/home/travis/build/icyphy/ptII/vendor
s/misc/sphinx4/sphinx4-core-5prealpha.jar:/home/travis/build/icyphy/ptII/lib/PD
FRenderer.jar:/home/travis/build/icyphy/ptII/lib/svgSalamander.jar:/home/travis
/build/icyphy/ptII/lib/rsyntaxtextarea-2.6.0-SNAPSHOT.jar:/home/travis/build/ic
yphy/ptII/lib/hazelcast-3.8.2.jar:/home/travis/build/icyphy/ptII/lib/jackson-an
notations-2.9.0.jar:/home/travis/build/icyphy/ptII/lib/jackson-core-2.9.3.jar:/
home/travis/build/icyphy/ptII/lib/jackson-databind-2.9.3.jar:/home/travis/build
/icyphy/ptII/lib/netty-buffer-4.1.19.Final.jar:/home/travis/build/icyphy/ptII/l
ib/netty-codec-4.1.19.Final.jar:/home/travis/build/icyphy/ptII/lib/netty-codec-
dns-4.1.19.Final.jar:/home/travis/build/icyphy/ptII/lib/netty-codec-http-4.1.19
.Final.jar:/home/travis/build/icyphy/ptII/lib/netty-codec-http2-4.1.19.Final.ja
r:/home/travis/build/icyphy/ptII/lib/netty-common-4.1.19.Final.jar:/home/travis
/build/icyphy/ptII/lib/netty-handler-4.1.19.Final.jar:/home/travis/build/icyphy
/ptII/lib/netty-resolver-4.1.19.Final.jar:/home/travis/build/icyphy/ptII/lib/ne
tty-resolver-dns-4.1.19.Final.jar:/home/travis/build/icyphy/ptII/lib/netty-tran
sport-4.1.19.Final.jar:/home/travis/build/icyphy/ptII/lib/vertx-codegen-3.5.1.j
ar:/home/travis/build/icyphy/ptII/lib/vertx-core-3.5.2-SNAPSHOT.jar:/home/travi
s/build/icyphy/ptII/lib/vertx-hazelcast-3.5.1.jar:/home/travis/build/icyphy/ptI
I/lib/vertx-lang-js-3.5.1.jar:/home/travis/build/icyphy/ptII/lib/vertx-service-
proxy-3.5.1.jar:/home/travis/build/icyphy/ptII/lib/vertx-web-3.5.1.jar:/home/tr
avis/build/icyphy/ptII/lib/slf4j-api-1.7.13.jar:/home/travis/build/icyphy/ptII/
lib/slf4j-simple-1.7.13.jar:/home/travis/build/icyphy/ptII/lib/webcam-capture-0
.3.12.jar:/home/travis/build/icyphy/ptII/lib/bridj-0.7.0.jar:/home/travis/build
/icyphy/ptII/lib/xbjlib-1.1.0.nrjavaserial.jar:/home/travis/build/icyphy/ptII/p
tolemy/moml/test:/home/travis/build/icyphy/ptII/ant/lib/ant-launcher.jar:/home/
travis/build/icyphy/ptII/ant/lib/ant.jar:/home/travis/build/icyphy/ptII/ant/lib
/ant-junit.jar:/home/travis/build/icyphy/ptII/ant/lib/ant-junit4.jar:/home/trav
is/build/icyphy/ptII ModularCodeGen4_A2_B1_profile.java
-rw-rw-r-- 1 travis travis 10312 Sep  3 02:09 ModularCodeGen4_A1_B2.java
-rw-rw-r-- 1 travis travis   880 Sep  3 02:09 ModularCodeGen4_A1_B2.mk
-rw-rw-r-- 1 travis travis  1330 Sep  3 02:09 ModularCodeGen4_A1_B2_profile.class
-rw-rw-r-- 1 travis travis  1273 Sep  3 02:09 ModularCodeGen4_A1_B2_profile.java
-rw-rw-r-- 1 travis travis  5101 Sep  3 02:09 ModularCodeGen4_A1.class
-rw-rw-r-- 1 travis travis 16245 Sep  3 02:09 ModularCodeGen4_A1.java
-rw-rw-r-- 1 travis travis   856 Sep  3 02:09 ModularCodeGen4_A1.mk
-rw-rw-r-- 1 travis travis  1445 Sep  3 02:09 ModularCodeGen4_A1_profile.class
-rw-rw-r-- 1 travis travis  1712 Sep  3 02:09 ModularCodeGen4_A1_profile.java
-rw-rw-r-- 1 travis travis  1454 Sep  3 02:09 ModularCodeGen4_A2_B1_profile.java
-rw-rw-r-- 1 travis travis  3954 Sep  3 02:09 ModularCodeGen_ModularCodeGenTypedCompositeActor.class
-rw-rw-r-- 1 travis travis 10970 Sep  3 02:09 ModularCodeGen_ModularCodeGenTypedCompositeActor.java
-rw-rw-r-- 1 travis travis  1096 Sep  3 02:09 ModularCodeGen_ModularCodeGenTypedCompositeActor.mk
-rw-rw-r-- 1 travis travis  1384 Sep  3 02:09 ModularCodeGen_ModularCodeGenTypedCompositeActor_profile.class
-rw-rw-r-- 1 travis travis  1328 Sep  3 02:09 ModularCodeGen_ModularCodeGenTypedCompositeActor_profile.java
-rw-rw-r-- 1 travis travis  3492 Sep  3 02:08 ModularCodeGenTest_A1_A2.class
-rw-rw-r-- 1 travis travis  9164 Sep  3 02:08 ModularCodeGenTest_A1_A2.java
-rw-rw-r-- 1 travis travis   904 Sep  3 02:08 ModularCodeGenTest_A1_A2.mk
-rw-rw-r-- 1 travis travis  1306 Sep  3 02:08 ModularCodeGenTest_A1_A2_profile.class
-rw-rw-r-- 1 travis travis  1228 Sep  3 02:08 ModularCodeGenTest_A1_A2_profile.java
-rw-rw-r-- 1 travis travis  3823 Sep  3 02:09 ModularCodeGenTest_A1.class
-rw-rw-r-- 1 travis travis  9968 Sep  3 02:09 ModularCodeGenTest_A1.java
-rw-rw-r-- 1 travis travis   880 Sep  3 02:09 ModularCodeGenTest_A1.mk
-rw-rw-r-- 1 travis travis  1352 Sep  3 02:09 ModularCodeGenTest_A1_profile.class
-rw-rw-r-- 1 travis travis  1394 Sep  3 02:08 ModularCodeGenTest_A1_profile.java
-rw-rw-r-- 1 travis travis   432 Sep  3 02:09 Token.class
-rw-rw-r-- 1 travis travis   251 Sep  3 02:09 Token.java
warning: Supported source version 'RELEASE_6' from annotation processor 'org.netbeans.modules.openide.util.NbBundleProcessor' less than -source '1.8'
warning: Supported source version 'RELEASE_6' from annotation processor 'org.netbeans.modules.openide.util.URLStreamHandlerRegistrationProcessor' less than -source '1.8'
warning: Supported source version 'RELEASE_6' from annotation processor 'org.netbeans.modules.openide.util.ServiceProviderProcessor' less than -source '1.8'
3 warnings
All Done
Writing ModularCodeGen4_A2_B1.java in file:/home/travis/cg/ (11375 characters)
Reading "ptolemy/cg/kernel/generic/program/procedural/java/modular/makefile.in",
    writing "/home/travis/cg/ModularCodeGen4_A2_B1.mk"
Using ptolemy/cg/kernel/generic/program/procedural/java/modular/makefile.in
In "/home/travis/cg", about to execute:
    make -f ModularCodeGen4_A2_B1.mk
javac -classpath ".:.."    ModularCodeGen4_A2_B1.java
All Done
In "/home/travis/cg", about to execute:
    pwd
In "/home/travis/cg", about to execute:
    ls -l
/home/travis/cg
total 848
-rw-rw-r-- 1 travis travis  4895 Sep  3 02:09 CompiledCompositeActor_CompiledCompositeActor.class
-rw-rw-r-- 1 travis travis  1592 Sep  3 02:09 CompiledCompositeActor_CompiledCompositeActor$_CompiledCompositeActor_CompiledCompositeActor.class
-rw-rw-r-- 1 travis travis 13466 Sep  3 02:09 CompiledCompositeActor_CompiledCompositeActor.java
-rw-rw-r-- 1 travis travis  1593 Sep  3 02:09 CompiledCompositeActor_CompiledCompositeActor.mk
-rw-rw-r-- 1 travis travis  4457 Sep  3 02:09 JavaCompiledCompositeTest1_CompiledCompositeActor.class
-rw-rw-r-- 1 travis travis 11637 Sep  3 02:09 JavaCompiledCompositeTest1_CompiledCompositeActor.java
-rw-rw-r-- 1 travis travis  1198 Sep  3 02:09 JavaCompiledCompositeTest1_CompiledCompositeActor$_JavaCompiledCompositeTest1_CompiledCompositeActor.class
-rw-rw-r-- 1 travis travis  1625 Sep  3 02:09 JavaCompiledCompositeTest1_CompiledCompositeActor.mk
-rw-rw-r-- 1 travis travis  4888 Sep  3 02:09 JavaCompiledCompositeTest2_CompiledCompositeActor.class
-rw-rw-r-- 1 travis travis 14919 Sep  3 02:09 JavaCompiledCompositeTest2_CompiledCompositeActor.java
-rw-rw-r-- 1 travis travis  1793 Sep  3 02:09 JavaCompiledCompositeTest2_CompiledCompositeActor$_JavaCompiledCompositeTest2_CompiledCompositeActor.class
-rw-rw-r-- 1 travis travis  1625 Sep  3 02:09 JavaCompiledCompositeTest2_CompiledCompositeActor.mk
-rw-rw-r-- 1 travis travis  4505 Sep  3 02:09 JavaCompiledCompositeTest3_CompiledCompositeActor.class
-rw-rw-r-- 1 travis travis 13080 Sep  3 02:09 JavaCompiledCompositeTest3_CompiledCompositeActor.java
-rw-rw-r-- 1 travis travis  1378 Sep  3 02:09 JavaCompiledCompositeTest3_CompiledCompositeActor$_JavaCompiledCompositeTest3_CompiledCompositeActor.class
-rw-rw-r-- 1 travis travis  1625 Sep  3 02:09 JavaCompiledCompositeTest3_CompiledCompositeActor.mk
-rw-rw-r-- 1 travis travis  3953 Sep  3 02:09 JavaCompiledCompositeTest4_CompiledCompositeActor.class
-rw-rw-r-- 1 travis travis  9687 Sep  3 02:09 JavaCompiledCompositeTest4_CompiledCompositeActor.java
-rw-rw-r-- 1 travis travis   857 Sep  3 02:09 JavaCompiledCompositeTest4_CompiledCompositeActor$_JavaCompiledCompositeTest4_CompiledCompositeActor.class
-rw-rw-r-- 1 travis travis  1625 Sep  3 02:09 JavaCompiledCompositeTest4_CompiledCompositeActor.mk
-rw-rw-r-- 1 travis travis  3693 Sep  3 02:09 ModularCG_A1_B1.class
-rw-rw-r-- 1 travis travis  9730 Sep  3 02:09 ModularCG_A1_B1.java
-rw-rw-r-- 1 travis travis   832 Sep  3 02:09 ModularCG_A1_B1.mk
-rw-rw-r-- 1 travis travis  1318 Sep  3 02:09 ModularCG_A1_B1_profile.class
-rw-rw-r-- 1 travis travis  1262 Sep  3 02:09 ModularCG_A1_B1_profile.java
-rw-rw-r-- 1 travis travis  3693 Sep  3 02:09 ModularCG_A1_B2.class
-rw-rw-r-- 1 travis travis  9730 Sep  3 02:09 ModularCG_A1_B2.java
-rw-rw-r-- 1 travis travis   832 Sep  3 02:09 ModularCG_A1_B2.mk
-rw-rw-r-- 1 travis travis  1318 Sep  3 02:09 ModularCG_A1_B2_profile.class
-rw-rw-r-- 1 travis travis  1262 Sep  3 02:09 ModularCG_A1_B2_profile.java
-rw-rw-r-- 1 travis travis  4799 Sep  3 02:09 ModularCG_A1.class
-rw-rw-r-- 1 travis travis 14742 Sep  3 02:09 ModularCG_A1.java
-rw-rw-r-- 1 travis travis   808 Sep  3 02:09 ModularCG_A1.mk
-rw-rw-r-- 1 travis travis  1433 Sep  3 02:09 ModularCG_A1_profile.class
-rw-rw-r-- 1 travis travis  1704 Sep  3 02:09 ModularCG_A1_profile.java
-rw-rw-r-- 1 travis travis  3827 Sep  3 02:09 ModularCG_A2_B1.class
-rw-rw-r-- 1 travis travis 10667 Sep  3 02:09 ModularCG_A2_B1.java
-rw-rw-r-- 1 travis travis   832 Sep  3 02:09 ModularCG_A2_B1.mk
-rw-rw-r-- 1 travis travis  1381 Sep  3 02:09 ModularCG_A2_B1_profile.class
-rw-rw-r-- 1 travis travis  1446 Sep  3 02:09 ModularCG_A2_B1_profile.java
-rw-rw-r-- 1 travis travis  3693 Sep  3 02:09 ModularCG_A2_B2.class
-rw-rw-r-- 1 travis travis  9730 Sep  3 02:09 ModularCG_A2_B2.java
-rw-rw-r-- 1 travis travis   832 Sep  3 02:09 ModularCG_A2_B2.mk
-rw-rw-r-- 1 travis travis  1318 Sep  3 02:09 ModularCG_A2_B2_profile.class
-rw-rw-r-- 1 travis travis  1262 Sep  3 02:09 ModularCG_A2_B2_profile.java
-rw-rw-r-- 1 travis travis  4870 Sep  3 02:09 ModularCG_A2.class
-rw-rw-r-- 1 travis travis 15129 Sep  3 02:09 ModularCG_A2.java
-rw-rw-r-- 1 travis travis   808 Sep  3 02:09 ModularCG_A2.mk
-rw-rw-r-- 1 travis travis  1433 Sep  3 02:09 ModularCG_A2_profile.class
-rw-rw-r-- 1 travis travis  1704 Sep  3 02:09 ModularCG_A2_profile.java
-rw-rw-r-- 1 travis travis  3473 Sep  3 02:09 ModularCGPubSub_A1_A2.class
-rw-rw-r-- 1 travis travis  9076 Sep  3 02:09 ModularCGPubSub_A1_A2.java
-rw-rw-r-- 1 travis travis   880 Sep  3 02:09 ModularCGPubSub_A1_A2.mk
-rw-rw-r-- 1 travis travis  1300 Sep  3 02:09 ModularCGPubSub_A1_A2_profile.class
-rw-rw-r-- 1 travis travis  1222 Sep  3 02:09 ModularCGPubSub_A1_A2_profile.java
-rw-rw-r-- 1 travis travis  3790 Sep  3 02:09 ModularCGPubSub_A1.class
-rw-rw-r-- 1 travis travis  9836 Sep  3 02:09 ModularCGPubSub_A1.java
-rw-rw-r-- 1 travis travis   856 Sep  3 02:09 ModularCGPubSub_A1.mk
-rw-rw-r-- 1 travis travis  1346 Sep  3 02:09 ModularCGPubSub_A1_profile.class
-rw-rw-r-- 1 travis travis  1388 Sep  3 02:09 ModularCGPubSub_A1_profile.java
-rw-rw-r-- 1 travis travis  3988 Sep  3 02:09 ModularCodeGen2_ModularCodeGenTypedCompositeActor.class
-rw-rw-r-- 1 travis travis 11690 Sep  3 02:09 ModularCodeGen2_ModularCodeGenTypedCompositeActor.java
-rw-rw-r-- 1 travis travis  1104 Sep  3 02:09 ModularCodeGen2_ModularCodeGenTypedCompositeActor.mk
-rw-rw-r-- 1 travis travis  4272 Sep  3 02:09 ModularCodeGen2_ModularCodeGenTypedCompositeActor_ModularCodeGenTypedCompositeActor.class
-rw-rw-r-- 1 travis travis 11790 Sep  3 02:09 ModularCodeGen2_ModularCodeGenTypedCompositeActor_ModularCodeGenTypedCompositeActor.java
-rw-rw-r-- 1 travis travis  1376 Sep  3 02:09 ModularCodeGen2_ModularCodeGenTypedCompositeActor_ModularCodeGenTypedCompositeActor.mk
-rw-rw-r-- 1 travis travis  1421 Sep  3 02:09 ModularCodeGen2_ModularCodeGenTypedCompositeActor_ModularCodeGenTypedCompositeActor_profile.class
-rw-rw-r-- 1 travis travis  1294 Sep  3 02:09 ModularCodeGen2_ModularCodeGenTypedCompositeActor_ModularCodeGenTypedCompositeActor_profile.java
-rw-rw-r-- 1 travis travis   820 Sep  3 02:09 ModularCodeGen2_ModularCodeGenTypedCompositeActor_profile.class
-rw-rw-r-- 1 travis travis   693 Sep  3 02:09 ModularCodeGen2_ModularCodeGenTypedCompositeActor_profile.java
-rw-rw-r-- 1 travis travis  3741 Sep  3 02:09 ModularCodeGen3_A1_B1.class
-rw-rw-r-- 1 travis travis  9958 Sep  3 02:09 ModularCodeGen3_A1_B1.java
-rw-rw-r-- 1 travis travis   880 Sep  3 02:09 ModularCodeGen3_A1_B1.mk
-rw-rw-r-- 1 travis travis  1330 Sep  3 02:09 ModularCodeGen3_A1_B1_profile.class
-rw-rw-r-- 1 travis travis  1274 Sep  3 02:09 ModularCodeGen3_A1_B1_profile.java
-rw-rw-r-- 1 travis travis  3741 Sep  3 02:09 ModularCodeGen3_A1_B2.class
-rw-rw-r-- 1 travis travis  9958 Sep  3 02:09 ModularCodeGen3_A1_B2.java
-rw-rw-r-- 1 travis travis   880 Sep  3 02:09 ModularCodeGen3_A1_B2.mk
-rw-rw-r-- 1 travis travis  1330 Sep  3 02:09 ModularCodeGen3_A1_B2_profile.class
-rw-rw-r-- 1 travis travis  1274 Sep  3 02:09 ModularCodeGen3_A1_B2_profile.java
-rw-rw-r-- 1 travis travis  4961 Sep  3 02:09 ModularCodeGen3_A1.class
-rw-rw-r-- 1 travis travis 15564 Sep  3 02:09 ModularCodeGen3_A1.java
-rw-rw-r-- 1 travis travis   856 Sep  3 02:09 ModularCodeGen3_A1.mk
-rw-rw-r-- 1 travis travis  1445 Sep  3 02:09 ModularCodeGen3_A1_profile.class
-rw-rw-r-- 1 travis travis  1716 Sep  3 02:09 ModularCodeGen3_A1_profile.java
-rw-rw-r-- 1 travis travis  3887 Sep  3 02:09 ModularCodeGen3_A2_B1.class
-rw-rw-r-- 1 travis travis 10955 Sep  3 02:09 ModularCodeGen3_A2_B1.java
-rw-rw-r-- 1 travis travis   880 Sep  3 02:09 ModularCodeGen3_A2_B1.mk
-rw-rw-r-- 1 travis travis  1393 Sep  3 02:09 ModularCodeGen3_A2_B1_profile.class
-rw-rw-r-- 1 travis travis  1458 Sep  3 02:09 ModularCodeGen3_A2_B1_profile.java
-rw-rw-r-- 1 travis travis  3741 Sep  3 02:09 ModularCodeGen3_A2_B2.class
-rw-rw-r-- 1 travis travis  9958 Sep  3 02:09 ModularCodeGen3_A2_B2.java
-rw-rw-r-- 1 travis travis   880 Sep  3 02:09 ModularCodeGen3_A2_B2.mk
-rw-rw-r-- 1 travis travis  1330 Sep  3 02:09 ModularCodeGen3_A2_B2_profile.class
-rw-rw-r-- 1 travis travis  1274 Sep  3 02:09 ModularCodeGen3_A2_B2_profile.java
-rw-rw-r-- 1 travis travis  5038 Sep  3 02:09 ModularCodeGen3_A2.class
-rw-rw-r-- 1 travis travis 15957 Sep  3 02:09 ModularCodeGen3_A2.java
-rw-rw-r-- 1 travis travis   856 Sep  3 02:09 ModularCodeGen3_A2.mk
-rw-rw-r-- 1 travis travis  1445 Sep  3 02:09 ModularCodeGen3_A2_profile.class
-rw-rw-r-- 1 travis travis  1716 Sep  3 02:09 ModularCodeGen3_A2_profile.java
-rw-rw-r-- 1 travis travis  3794 Sep  3 02:09 ModularCodeGen4_A1_B1.class
-rw-rw-r-- 1 travis travis 10312 Sep  3 02:09 ModularCodeGen4_A1_B1.java
-rw-rw-r-- 1 travis travis   880 Sep  3 02:09 ModularCodeGen4_A1_B1.mk
-rw-rw-r-- 1 travis travis  1330 Sep  3 02:09 ModularCodeGen4_A1_B1_profile.class
-rw-rw-r-- 1 travis travis  1273 Sep  3 02:09 ModularCodeGen4_A1_B1_profile.java
-rw-rw-r-- 1 travis travis  3794 Sep  3 02:09 ModularCodeGen4_A1_B2.class
-rw-rw-r-- 1 travis travis 10312 Sep  3 02:09 ModularCodeGen4_A1_B2.java
-rw-rw-r-- 1 travis travis   880 Sep  3 02:09 ModularCodeGen4_A1_B2.mk
-rw-rw-r-- 1 travis travis  1330 Sep  3 02:09 ModularCodeGen4_A1_B2_profile.class
-rw-rw-r-- 1 travis travis  1273 Sep  3 02:09 ModularCodeGen4_A1_B2_profile.java
-rw-rw-r-- 1 travis travis  5101 Sep  3 02:09 ModularCodeGen4_A1.class
-rw-rw-r-- 1 travis travis 16245 Sep  3 02:09 ModularCodeGen4_A1.java
-rw-rw-r-- 1 travis travis   856 Sep  3 02:09 ModularCodeGen4_A1.mk
-rw-rw-r-- 1 travis travis  1445 Sep  3 02:09 ModularCodeGen4_A1_profile.class
-rw-rw-r-- 1 travis travis  1712 Sep  3 02:09 ModularCodeGen4_A1_profile.java
-rw-rw-r-- 1 travis travis  3988 Sep  3 02:09 ModularCodeGen4_A2_B1.class
-rw-rw-r-- 1 travis travis 11375 Sep  3 02:09 ModularCodeGen4_A2_B1.java
-rw-rw-r-- 1 travis travis   880 Sep  3 02:09 ModularCodeGen4_A2_B1.mk
-rw-rw-r-- 1 travis travis  1393 Sep  3 02:09 ModularCodeGen4_A2_B1_profile.class
-rw-rw-r-- 1 travis travis  1454 Sep  3 02:09 ModularCodeGen4_A2_B1_profile.java
-rw-rw-r-- 1 travis travis  1270 Sep  3 02:09 ModularCodeGen4_A2_B2_profile.java
-rw-rw-r-- 1 travis travis  3954 Sep  3 02:09 ModularCodeGen_ModularCodeGenTypedCompositeActor.class
-rw-rw-r-- 1 travis travis 10970 Sep  3 02:09 ModularCodeGen_ModularCodeGenTypedCompositeActor.java
-rw-rw-r-- 1 travis travis  1096 Sep  3 02:09 ModularCodeGen_ModularCodeGenTypedCompositeActor.mk
-rw-rw-r-- 1 travis travis  1384 Sep  3 02:09 ModularCodeGen_ModularCodeGenTypedCompositeActor_profile.class
-rw-rw-r-- 1 travis travis  1328 Sep  3 02:09 ModularCodeGen_ModularCodeGenTypedCompositeActor_profile.java
-rw-rw-r-- 1 travis travis  3492 Sep  3 02:08 ModularCodeGenTest_A1_A2.class
-rw-rw-r-- 1 travis travis  9164 Sep  3 02:08 ModularCodeGenTest_A1_A2.java
-rw-rw-r-- 1 travis travis   904 Sep  3 02:08 ModularCodeGenTest_A1_A2.mk
-rw-rw-r-- 1 travis travis  1306 Sep  3 02:08 ModularCodeGenTest_A1_A2_profile.class
-rw-rw-r-- 1 travis travis  1228 Sep  3 02:08 ModularCodeGenTest_A1_A2_profile.java
-rw-rw-r-- 1 travis travis  3823 Sep  3 02:09 ModularCodeGenTest_A1.class
-rw-rw-r-- 1 travis travis  9968 Sep  3 02:09 ModularCodeGenTest_A1.java
-rw-rw-r-- 1 travis travis   880 Sep  3 02:09 ModularCodeGenTest_A1.mk
-rw-rw-r-- 1 travis travis  1352 Sep  3 02:09 ModularCodeGenTest_A1_profile.class
-rw-rw-r-- 1 travis travis  1394 Sep  3 02:08 ModularCodeGenTest_A1_profile.java
-rw-rw-r-- 1 travis travis   432 Sep  3 02:09 Token.class
-rw-rw-r-- 1 travis travis   251 Sep  3 02:09 Token.java
In "/home/travis/cg", about to execute:
    javac -classpath
.:/home/travis/build/icyphy/ptII:/home/travis/build/icyphy/ptII/lib/bsh-2.0b4.j
ar:/home/travis/build/icyphy/ptII/lib/ptCal.jar:/home/travis/build/icyphy/ptII/
lib/java_cup.jar:/home/travis/build/icyphy/ptII/lib/saxon8.jar:/home/travis/bui
ld/icyphy/ptII/lib/saxon8-dom.jar:/home/travis/build/icyphy/ptII/lib/chic.jar:/
home/travis/build/icyphy/ptII/lib/ptcolt.jar:/usr/lib/jvm/java-8-oracle/lib/too
ls.jar:/usr/lib/eclipse/plugins/org.eclipse.jdt.core_3.8.2.dist.jar:/usr/lib/ec
lipse/plugins/org.eclipse.core.runtime_3.8.0.dist.jar:/usr/lib/eclipse/plugins/
org.eclipse.osgi_3.8.1.dist.jar:/usr/lib/eclipse/plugins/org.eclipse.core.resou
rces_3.8.1.dist.jar:/usr/lib/eclipse/plugins/org.eclipse.equinox.common_3.6.100
.dist.jar:/usr/lib/eclipse/plugins/org.eclipse.core.jobs_3.5.200.dist.jar:/usr/
lib/eclipse/plugins/org.eclipse.core.contenttype_3.4.200.dist.jar:/usr/lib/ecli
pse/plugins/org.eclipse.equinox.preferences_3.5.0.dist.jar:/usr/lib/eclipse/plu
gins/org.eclipse.text_3.5.200.dist.jar:/usr/lib/eclipse/plugins/org.eclipse.ui.
workbench_3.8.1.dist.jar:/usr/lib/eclipse/plugins/org.eclipse.jface_3.8.0.dist.
jar:/usr/lib/eclipse/plugins/org.eclipse.swt_3.8.2.jar:/usr/lib/eclipse/plugins
/org.eclipse.jface.text_3.8.1.dist.jar:/usr/lib/eclipse/plugins/org.eclipse.ui.
workbench.texteditor_3.8.0.dist.jar:/usr/lib/eclipse/plugins/org.eclipse.ui.edi
tors_3.8.0.dist.jar:/usr/lib/eclipse/plugins/org.eclipse.core.commands_3.6.1.di
st.jar:/usr/lib/eclipse/plugins/org.eclipse.equinox.registry_3.5.200.dist.jar:/
usr/lib/eclipse/plugins/org.eclipse.ui.console_3.5.100.dist.jar:/usr/lib/eclips
e/plugins/org.eclipse.ui.forms_3.5.200.dist.jar:/usr/lib/eclipse/plugins/org.ec
lipse.ui.ide_3.8.1.dist.jar:/home/travis/build/icyphy/ptII/vendors/oracle/dbxml
.jar:/home/travis/build/icyphy/ptII/vendors/oracle/db.jar:/home/travis/build/ic
yphy/ptII/vendors/misc/itext/iText.jar:/home/travis/build/icyphy/ptII/lib/g4ltl
.jar:/home/travis/build/icyphy/ptII/lib/StructuralCoder.jar:/home/travis/build/
icyphy/ptII/lib/org-openide-util.jar:/home/travis/build/icyphy/ptII/lib/org-ope
nide-util-lookup.jar:/home/travis/build/icyphy/ptII/lib/org-netbeans-api-visual
.jar:/home/travis/build/icyphy/ptII/vendors/jai-1_1_2_01/lib/jai_core.jar:/home
/travis/build/icyphy/ptII/vendors/jai-1_1_2_01/lib/jai_codec.jar:/home/travis/b
uild/icyphy/ptII/lib/jcerti.jar:/home/travis/build/icyphy/ptII/lib/smack.jar:/h
ome/travis/build/icyphy/ptII/lib/smackx.jar:/home/travis/build/icyphy/ptII/lib/
jetty-all-8.1.5-v20120716.jar:/home/travis/build/icyphy/ptII/lib/javax.servlet-
api-3.0.1.jar:/home/travis/build/icyphy/ptII/lib/javax.mail.jar:/home/travis/bu
ild/icyphy/ptII/vendors/JMF-2.1.1e/lib/jmf.jar:/home/travis/build/icyphy/ptII/l
ib/jna-4.0.0-variadic.jar:/home/travis/build/icyphy/ptII/vendors/misc/joystick/
Joystick.jar:/home/travis/build/icyphy/ptII/lib/ptjacl.jar:/home/travis/build/i
cyphy/ptII/lib/jsoup-1.8.2.jar:/home/travis/build/icyphy/ptII/lib/junit-4.8.2.j
ar:/home/travis/build/icyphy/ptII/lib/JUnitParams-0.4.0.jar:/home/travis/build/
icyphy/ptII/ptolemy/actor/lib/excel/jxl.jar:/home/travis/build/icyphy/ptII/lib/
jython.jar:/home/travis/build/icyphy/ptII/lib/kieler.jar:/home/travis/build/icy
phy/ptII/vendors/opencv/share/OpenCV/java/opencv-341.jar:/home/travis/build/icy
phy/ptII/lib/oscP5.jar:/home/travis/build/icyphy/ptII/lib/nrjavaserial-3.11.0.d
evel.jar:/home/travis/build/icyphy/ptII/vendors/j3d/lib/j3dcore.jar:/home/travi
s/build/icyphy/ptII/vendors/j3d/lib/j3dutils.jar:/home/travis/build/icyphy/ptII
/vendors/j3d/lib/vecmath.jar:/home/travis/build/icyphy/ptII/ptolemy/distributed
/jini/jar/jini-core.jar:/home/travis/build/icyphy/ptII/ptolemy/distributed/jini
/jar/jini-ext.jar:/home/travis/build/icyphy/ptII/ptolemy/distributed/jini/jar/s
un-util.jar:/home/travis/build/icyphy/ptII/lib/protobuf-java-2.4.1.jar:/home/tr
avis/build/icyphy/ptII/lib/org.eclipse.paho.client.mqttv3.jar:/home/travis/buil
d/icyphy/ptII/ptserver/lib/hessian-4.0.7.jar:/home/travis/build/icyphy/ptII/pts
erver/lib/wmqtt.jar:/home/travis/build/icyphy/ptII/lib/mapss.jar:/home/travis/b
uild/icyphy/ptII/ptolemy/actor/ptalon/antlr/antlr.jar:/home/travis/build/icyphy
/ptII/lib/JRI.jar:/home/travis/build/icyphy/ptII/lib/commons-lang-2.6.jar:/home
/travis/build/icyphy/ptII/lib/commons-logging-1.1.1.jar:/home/travis/build/icyp
hy/ptII/lib/sootclasses.jar:/home/travis/build/icyphy/ptII/ptolemy/actor/lib/da
tabase/mysql-connector-java-5.1.6-bin.jar:/home/travis/build/icyphy/ptII/vendor
s/misc/sphinx4/sphinx4-data-5prealpha.jar:/home/travis/build/icyphy/ptII/vendor
s/misc/sphinx4/sphinx4-core-5prealpha.jar:/home/travis/build/icyphy/ptII/lib/PD
FRenderer.jar:/home/travis/build/icyphy/ptII/lib/svgSalamander.jar:/home/travis
/build/icyphy/ptII/lib/rsyntaxtextarea-2.6.0-SNAPSHOT.jar:/home/travis/build/ic
yphy/ptII/lib/hazelcast-3.8.2.jar:/home/travis/build/icyphy/ptII/lib/jackson-an
notations-2.9.0.jar:/home/travis/build/icyphy/ptII/lib/jackson-core-2.9.3.jar:/
home/travis/build/icyphy/ptII/lib/jackson-databind-2.9.3.jar:/home/travis/build
/icyphy/ptII/lib/netty-buffer-4.1.19.Final.jar:/home/travis/build/icyphy/ptII/l
ib/netty-codec-4.1.19.Final.jar:/home/travis/build/icyphy/ptII/lib/netty-codec-
dns-4.1.19.Final.jar:/home/travis/build/icyphy/ptII/lib/netty-codec-http-4.1.19
.Final.jar:/home/travis/build/icyphy/ptII/lib/netty-codec-http2-4.1.19.Final.ja
r:/home/travis/build/icyphy/ptII/lib/netty-common-4.1.19.Final.jar:/home/travis
/build/icyphy/ptII/lib/netty-handler-4.1.19.Final.jar:/home/travis/build/icyphy
/ptII/lib/netty-resolver-4.1.19.Final.jar:/home/travis/build/icyphy/ptII/lib/ne
tty-resolver-dns-4.1.19.Final.jar:/home/travis/build/icyphy/ptII/lib/netty-tran
sport-4.1.19.Final.jar:/home/travis/build/icyphy/ptII/lib/vertx-codegen-3.5.1.j
ar:/home/travis/build/icyphy/ptII/lib/vertx-core-3.5.2-SNAPSHOT.jar:/home/travi
s/build/icyphy/ptII/lib/vertx-hazelcast-3.5.1.jar:/home/travis/build/icyphy/ptI
I/lib/vertx-lang-js-3.5.1.jar:/home/travis/build/icyphy/ptII/lib/vertx-service-
proxy-3.5.1.jar:/home/travis/build/icyphy/ptII/lib/vertx-web-3.5.1.jar:/home/tr
avis/build/icyphy/ptII/lib/slf4j-api-1.7.13.jar:/home/travis/build/icyphy/ptII/
lib/slf4j-simple-1.7.13.jar:/home/travis/build/icyphy/ptII/lib/webcam-capture-0
.3.12.jar:/home/travis/build/icyphy/ptII/lib/bridj-0.7.0.jar:/home/travis/build
/icyphy/ptII/lib/xbjlib-1.1.0.nrjavaserial.jar:/home/travis/build/icyphy/ptII/p
tolemy/moml/test:/home/travis/build/icyphy/ptII/ant/lib/ant-launcher.jar:/home/
travis/build/icyphy/ptII/ant/lib/ant.jar:/home/travis/build/icyphy/ptII/ant/lib
/ant-junit.jar:/home/travis/build/icyphy/ptII/ant/lib/ant-junit4.jar:/home/trav
is/build/icyphy/ptII ModularCodeGen4_A2_B2_profile.java
warning: Supported source version 'RELEASE_6' from annotation processor 'org.netbeans.modules.openide.util.NbBundleProcessor' less than -source '1.8'
warning: Supported source version 'RELEASE_6' from annotation processor 'org.netbeans.modules.openide.util.URLStreamHandlerRegistrationProcessor' less than -source '1.8'
warning: Supported source version 'RELEASE_6' from annotation processor 'org.netbeans.modules.openide.util.ServiceProviderProcessor' less than -source '1.8'
3 warnings
All Done
Writing ModularCodeGen4_A2_B2.java in file:/home/travis/cg/ (10378 characters)
Reading "ptolemy/cg/kernel/generic/program/procedural/java/modular/makefile.in",
    writing "/home/travis/cg/ModularCodeGen4_A2_B2.mk"
Using ptolemy/cg/kernel/generic/program/procedural/java/modular/makefile.in
In "/home/travis/cg", about to execute:
    make -f ModularCodeGen4_A2_B2.mk
javac -classpath ".:.."    ModularCodeGen4_A2_B2.java
All Done
In "/home/travis/cg", about to execute:
    pwd
In "/home/travis/cg", about to execute:
    ls -l
/home/travis/cg
In "/home/travis/cg", about to execute:
    javac -classpath
.:/home/travis/build/icyphy/ptII:/home/travis/build/icyphy/ptII/lib/bsh-2.0b4.j
ar:/home/travis/build/icyphy/ptII/lib/ptCal.jar:/home/travis/build/icyphy/ptII/
lib/java_cup.jar:/home/travis/build/icyphy/ptII/lib/saxon8.jar:/home/travis/bui
ld/icyphy/ptII/lib/saxon8-dom.jar:/home/travis/build/icyphy/ptII/lib/chic.jar:/
home/travis/build/icyphy/ptII/lib/ptcolt.jar:/usr/lib/jvm/java-8-oracle/lib/too
ls.jar:/usr/lib/eclipse/plugins/org.eclipse.jdt.core_3.8.2.dist.jar:/usr/lib/ec
lipse/plugins/org.eclipse.core.runtime_3.8.0.dist.jar:/usr/lib/eclipse/plugins/
org.eclipse.osgi_3.8.1.dist.jar:/usr/lib/eclipse/plugins/org.eclipse.core.resou
rces_3.8.1.dist.jar:/usr/lib/eclipse/plugins/org.eclipse.equinox.common_3.6.100
.dist.jar:/usr/lib/eclipse/plugins/org.eclipse.core.jobs_3.5.200.dist.jar:/usr/
lib/eclipse/plugins/org.eclipse.core.contenttype_3.4.200.dist.jar:/usr/lib/ecli
pse/plugins/org.eclipse.equinox.preferences_3.5.0.dist.jar:/usr/lib/eclipse/plu
gins/org.eclipse.text_3.5.200.dist.jar:/usr/lib/eclipse/plugins/org.eclipse.ui.
workbench_3.8.1.dist.jar:/usr/lib/eclipse/plugins/org.eclipse.jface_3.8.0.dist.
jar:/usr/lib/eclipse/plugins/org.eclipse.swt_3.8.2.jar:/usr/lib/eclipse/plugins
/org.eclipse.jface.text_3.8.1.dist.jar:/usr/lib/eclipse/plugins/org.eclipse.ui.
workbench.texteditor_3.8.0.dist.jar:/usr/lib/eclipse/plugins/org.eclipse.ui.edi
tors_3.8.0.dist.jar:/usr/lib/eclipse/plugins/org.eclipse.core.commands_3.6.1.di
st.jar:/usr/lib/eclipse/plugins/org.eclipse.equinox.registry_3.5.200.dist.jar:/
usr/lib/eclipse/plugins/org.eclipse.ui.console_3.5.100.dist.jar:/usr/lib/eclips
e/plugins/org.eclipse.ui.forms_3.5.200.dist.jar:/usr/lib/eclipse/plugins/org.ec
lipse.ui.ide_3.8.1.dist.jar:/home/travis/build/icyphy/ptII/vendors/oracle/dbxml
.jar:/home/travis/build/icyphy/ptII/vendors/oracle/db.jar:/home/travis/build/ic
yphy/ptII/vendors/misc/itext/iText.jar:/home/travis/build/icyphy/ptII/lib/g4ltl
.jar:/home/travis/build/icyphy/ptII/lib/StructuralCoder.jar:/home/travis/build/
icyphy/ptII/lib/org-openide-util.jar:/home/travis/build/icyphy/ptII/lib/org-ope
nide-util-lookup.jar:/home/travis/build/icyphy/ptII/lib/org-netbeans-api-visual
.jar:/home/travis/build/icyphy/ptII/vendors/jai-1_1_2_01/lib/jai_core.jar:/home
/travis/build/icyphy/ptII/vendors/jai-1_1_2_01/lib/jai_codec.jar:/home/travis/b
uild/icyphy/ptII/lib/jcerti.jar:/home/travis/build/icyphy/ptII/lib/smack.jar:/h
ome/travis/build/icyphy/ptII/lib/smackx.jar:/home/travis/build/icyphy/ptII/lib/
jetty-all-8.1.5-v20120716.jar:/home/travis/build/icyphy/ptII/lib/javax.servlet-
api-3.0.1.jar:/home/travis/build/icyphy/ptII/lib/javax.mail.jar:/home/travis/bu
ild/icyphy/ptII/vendors/JMF-2.1.1e/lib/jmf.jar:/home/travis/build/icyphy/ptII/l
ib/jna-4.0.0-variadic.jar:/home/travis/build/icyphy/ptII/vendors/misc/joystick/
Joystick.jar:/home/travis/build/icyphy/ptII/lib/ptjacl.jar:/home/travis/build/i
cyphy/ptII/lib/jsoup-1.8.2.jar:/home/travis/build/icyphy/ptII/lib/junit-4.8.2.j
ar:/home/travis/build/icyphy/ptII/lib/JUnitParams-0.4.0.jar:/home/travis/build/
icyphy/ptII/ptolemy/actor/lib/excel/jxl.jar:/home/travis/build/icyphy/ptII/lib/
jython.jar:/home/travis/build/icyphy/ptII/lib/kieler.jar:/home/travis/build/icy
phy/ptII/vendors/opencv/share/OpenCV/java/opencv-341.jar:/home/travis/build/icy
phy/ptII/lib/oscP5.jar:/home/travis/build/icyphy/ptII/lib/nrjavaserial-3.11.0.d
evel.jar:/home/travis/build/icyphy/ptII/vendors/j3d/lib/j3dcore.jar:/home/travi
s/build/icyphy/ptII/vendors/j3d/lib/j3dutils.jar:/home/travis/build/icyphy/ptII
/vendors/j3d/lib/vecmath.jar:/home/travis/build/icyphy/ptII/ptolemy/distributed
/jini/jar/jini-core.jar:/home/travis/build/icyphy/ptII/ptolemy/distributed/jini
/jar/jini-ext.jar:/home/travis/build/icyphy/ptII/ptolemy/distributed/jini/jar/s
un-util.jar:/home/travis/build/icyphy/ptII/lib/protobuf-java-2.4.1.jar:/home/tr
avis/build/icyphy/ptII/lib/org.eclipse.paho.client.mqttv3.jar:/home/travis/buil
d/icyphy/ptII/ptserver/lib/hessian-4.0.7.jar:/home/travis/build/icyphy/ptII/pts
erver/lib/wmqtt.jar:/home/travis/build/icyphy/ptII/lib/mapss.jar:/home/travis/b
uild/icyphy/ptII/ptolemy/actor/ptalon/antlr/antlr.jar:/home/travis/build/icyphy
/ptII/lib/JRI.jar:/home/travis/build/icyphy/ptII/lib/commons-lang-2.6.jar:/home
/travis/build/icyphy/ptII/lib/commons-logging-1.1.1.jar:/home/travis/build/icyp
hy/ptII/lib/sootclasses.jar:/home/travis/build/icyphy/ptII/ptolemy/actor/lib/da
tabase/mysql-connector-java-5.1.6-bin.jar:/home/travis/build/icyphy/ptII/vendor
s/misc/sphinx4/sphinx4-data-5prealpha.jar:/home/travis/build/icyphy/ptII/vendor
s/misc/sphinx4/sphinx4-core-5prealpha.jar:/home/travis/build/icyphy/ptII/lib/PD
FRenderer.jar:/home/travis/build/icyphy/ptII/lib/svgSalamander.jar:/home/travis
/build/icyphy/ptII/lib/rsyntaxtextarea-2.6.0-SNAPSHOT.jar:/home/travis/build/ic
yphy/ptII/lib/hazelcast-3.8.2.jar:/home/travis/build/icyphy/ptII/lib/jackson-an
notations-2.9.0.jar:/home/travis/build/icyphy/ptII/lib/jackson-core-2.9.3.jar:/
home/travis/build/icyphy/ptII/lib/jackson-databind-2.9.3.jar:/home/travis/build
/icyphy/ptII/lib/netty-buffer-4.1.19.Final.jar:/home/travis/build/icyphy/ptII/l
ib/netty-codec-4.1.19.Final.jar:/home/travis/build/icyphy/ptII/lib/netty-codec-
dns-4.1.19.Final.jar:/home/travis/build/icyphy/ptII/lib/netty-codec-http-4.1.19
.Final.jar:/home/travis/build/icyphy/ptII/lib/netty-codec-http2-4.1.19.Final.ja
r:/home/travis/build/icyphy/ptII/lib/netty-common-4.1.19.Final.jar:/home/travis
/build/icyphy/ptII/lib/netty-handler-4.1.19.Final.jar:/home/travis/build/icyphy
/ptII/lib/netty-resolver-4.1.19.Final.jar:/home/travis/build/icyphy/ptII/lib/ne
tty-resolver-dns-4.1.19.Final.jar:/home/travis/build/icyphy/ptII/lib/netty-tran
sport-4.1.19.Final.jar:/home/travis/build/icyphy/ptII/lib/vertx-codegen-3.5.1.j
ar:/home/travis/build/icyphy/ptII/lib/vertx-core-3.5.2-SNAPSHOT.jar:/home/travi
s/build/icyphy/ptII/lib/vertx-hazelcast-3.5.1.jar:/home/travis/build/icyphy/ptI
I/lib/vertx-lang-js-3.5.1.jar:/home/travis/build/icyphy/ptII/lib/vertx-service-
proxy-3.5.1.jar:/home/travis/build/icyphy/ptII/lib/vertx-web-3.5.1.jar:/home/tr
avis/build/icyphy/ptII/lib/slf4j-api-1.7.13.jar:/home/travis/build/icyphy/ptII/
lib/slf4j-simple-1.7.13.jar:/home/travis/build/icyphy/ptII/lib/webcam-capture-0
.3.12.jar:/home/travis/build/icyphy/ptII/lib/bridj-0.7.0.jar:/home/travis/build
/icyphy/ptII/lib/xbjlib-1.1.0.nrjavaserial.jar:/home/travis/build/icyphy/ptII/p
tolemy/moml/test:/home/travis/build/icyphy/ptII/ant/lib/ant-launcher.jar:/home/
travis/build/icyphy/ptII/ant/lib/ant.jar:/home/travis/build/icyphy/ptII/ant/lib
/ant-junit.jar:/home/travis/build/icyphy/ptII/ant/lib/ant-junit4.jar:/home/trav
is/build/icyphy/ptII ModularCodeGen4_A2_profile.java
total 876
-rw-rw-r-- 1 travis travis  4895 Sep  3 02:09 CompiledCompositeActor_CompiledCompositeActor.class
-rw-rw-r-- 1 travis travis  1592 Sep  3 02:09 CompiledCompositeActor_CompiledCompositeActor$_CompiledCompositeActor_CompiledCompositeActor.class
-rw-rw-r-- 1 travis travis 13466 Sep  3 02:09 CompiledCompositeActor_CompiledCompositeActor.java
-rw-rw-r-- 1 travis travis  1593 Sep  3 02:09 CompiledCompositeActor_CompiledCompositeActor.mk
-rw-rw-r-- 1 travis travis  4457 Sep  3 02:09 JavaCompiledCompositeTest1_CompiledCompositeActor.class
-rw-rw-r-- 1 travis travis 11637 Sep  3 02:09 JavaCompiledCompositeTest1_CompiledCompositeActor.java
-rw-rw-r-- 1 travis travis  1198 Sep  3 02:09 JavaCompiledCompositeTest1_CompiledCompositeActor$_JavaCompiledCompositeTest1_CompiledCompositeActor.class
-rw-rw-r-- 1 travis travis  1625 Sep  3 02:09 JavaCompiledCompositeTest1_CompiledCompositeActor.mk
-rw-rw-r-- 1 travis travis  4888 Sep  3 02:09 JavaCompiledCompositeTest2_CompiledCompositeActor.class
-rw-rw-r-- 1 travis travis 14919 Sep  3 02:09 JavaCompiledCompositeTest2_CompiledCompositeActor.java
-rw-rw-r-- 1 travis travis  1793 Sep  3 02:09 JavaCompiledCompositeTest2_CompiledCompositeActor$_JavaCompiledCompositeTest2_CompiledCompositeActor.class
-rw-rw-r-- 1 travis travis  1625 Sep  3 02:09 JavaCompiledCompositeTest2_CompiledCompositeActor.mk
-rw-rw-r-- 1 travis travis  4505 Sep  3 02:09 JavaCompiledCompositeTest3_CompiledCompositeActor.class
-rw-rw-r-- 1 travis travis 13080 Sep  3 02:09 JavaCompiledCompositeTest3_CompiledCompositeActor.java
-rw-rw-r-- 1 travis travis  1378 Sep  3 02:09 JavaCompiledCompositeTest3_CompiledCompositeActor$_JavaCompiledCompositeTest3_CompiledCompositeActor.class
-rw-rw-r-- 1 travis travis  1625 Sep  3 02:09 JavaCompiledCompositeTest3_CompiledCompositeActor.mk
-rw-rw-r-- 1 travis travis  3953 Sep  3 02:09 JavaCompiledCompositeTest4_CompiledCompositeActor.class
-rw-rw-r-- 1 travis travis  9687 Sep  3 02:09 JavaCompiledCompositeTest4_CompiledCompositeActor.java
-rw-rw-r-- 1 travis travis   857 Sep  3 02:09 JavaCompiledCompositeTest4_CompiledCompositeActor$_JavaCompiledCompositeTest4_CompiledCompositeActor.class
-rw-rw-r-- 1 travis travis  1625 Sep  3 02:09 JavaCompiledCompositeTest4_CompiledCompositeActor.mk
-rw-rw-r-- 1 travis travis  3693 Sep  3 02:09 ModularCG_A1_B1.class
-rw-rw-r-- 1 travis travis  9730 Sep  3 02:09 ModularCG_A1_B1.java
-rw-rw-r-- 1 travis travis   832 Sep  3 02:09 ModularCG_A1_B1.mk
-rw-rw-r-- 1 travis travis  1318 Sep  3 02:09 ModularCG_A1_B1_profile.class
-rw-rw-r-- 1 travis travis  1262 Sep  3 02:09 ModularCG_A1_B1_profile.java
-rw-rw-r-- 1 travis travis  3693 Sep  3 02:09 ModularCG_A1_B2.class
-rw-rw-r-- 1 travis travis  9730 Sep  3 02:09 ModularCG_A1_B2.java
-rw-rw-r-- 1 travis travis   832 Sep  3 02:09 ModularCG_A1_B2.mk
-rw-rw-r-- 1 travis travis  1318 Sep  3 02:09 ModularCG_A1_B2_profile.class
-rw-rw-r-- 1 travis travis  1262 Sep  3 02:09 ModularCG_A1_B2_profile.java
-rw-rw-r-- 1 travis travis  4799 Sep  3 02:09 ModularCG_A1.class
-rw-rw-r-- 1 travis travis 14742 Sep  3 02:09 ModularCG_A1.java
-rw-rw-r-- 1 travis travis   808 Sep  3 02:09 ModularCG_A1.mk
-rw-rw-r-- 1 travis travis  1433 Sep  3 02:09 ModularCG_A1_profile.class
-rw-rw-r-- 1 travis travis  1704 Sep  3 02:09 ModularCG_A1_profile.java
-rw-rw-r-- 1 travis travis  3827 Sep  3 02:09 ModularCG_A2_B1.class
-rw-rw-r-- 1 travis travis 10667 Sep  3 02:09 ModularCG_A2_B1.java
-rw-rw-r-- 1 travis travis   832 Sep  3 02:09 ModularCG_A2_B1.mk
-rw-rw-r-- 1 travis travis  1381 Sep  3 02:09 ModularCG_A2_B1_profile.class
-rw-rw-r-- 1 travis travis  1446 Sep  3 02:09 ModularCG_A2_B1_profile.java
-rw-rw-r-- 1 travis travis  3693 Sep  3 02:09 ModularCG_A2_B2.class
-rw-rw-r-- 1 travis travis  9730 Sep  3 02:09 ModularCG_A2_B2.java
-rw-rw-r-- 1 travis travis   832 Sep  3 02:09 ModularCG_A2_B2.mk
-rw-rw-r-- 1 travis travis  1318 Sep  3 02:09 ModularCG_A2_B2_profile.class
-rw-rw-r-- 1 travis travis  1262 Sep  3 02:09 ModularCG_A2_B2_profile.java
-rw-rw-r-- 1 travis travis  4870 Sep  3 02:09 ModularCG_A2.class
-rw-rw-r-- 1 travis travis 15129 Sep  3 02:09 ModularCG_A2.java
-rw-rw-r-- 1 travis travis   808 Sep  3 02:09 ModularCG_A2.mk
-rw-rw-r-- 1 travis travis  1433 Sep  3 02:09 ModularCG_A2_profile.class
-rw-rw-r-- 1 travis travis  1704 Sep  3 02:09 ModularCG_A2_profile.java
-rw-rw-r-- 1 travis travis  3473 Sep  3 02:09 ModularCGPubSub_A1_A2.class
-rw-rw-r-- 1 travis travis  9076 Sep  3 02:09 ModularCGPubSub_A1_A2.java
-rw-rw-r-- 1 travis travis   880 Sep  3 02:09 ModularCGPubSub_A1_A2.mk
-rw-rw-r-- 1 travis travis  1300 Sep  3 02:09 ModularCGPubSub_A1_A2_profile.class
-rw-rw-r-- 1 travis travis  1222 Sep  3 02:09 ModularCGPubSub_A1_A2_profile.java
-rw-rw-r-- 1 travis travis  3790 Sep  3 02:09 ModularCGPubSub_A1.class
-rw-rw-r-- 1 travis travis  9836 Sep  3 02:09 ModularCGPubSub_A1.java
-rw-rw-r-- 1 travis travis   856 Sep  3 02:09 ModularCGPubSub_A1.mk
-rw-rw-r-- 1 travis travis  1346 Sep  3 02:09 ModularCGPubSub_A1_profile.class
-rw-rw-r-- 1 travis travis  1388 Sep  3 02:09 ModularCGPubSub_A1_profile.java
-rw-rw-r-- 1 travis travis  3988 Sep  3 02:09 ModularCodeGen2_ModularCodeGenTypedCompositeActor.class
-rw-rw-r-- 1 travis travis 11690 Sep  3 02:09 ModularCodeGen2_ModularCodeGenTypedCompositeActor.java
-rw-rw-r-- 1 travis travis  1104 Sep  3 02:09 ModularCodeGen2_ModularCodeGenTypedCompositeActor.mk
-rw-rw-r-- 1 travis travis  4272 Sep  3 02:09 ModularCodeGen2_ModularCodeGenTypedCompositeActor_ModularCodeGenTypedCompositeActor.class
-rw-rw-r-- 1 travis travis 11790 Sep  3 02:09 ModularCodeGen2_ModularCodeGenTypedCompositeActor_ModularCodeGenTypedCompositeActor.java
-rw-rw-r-- 1 travis travis  1376 Sep  3 02:09 ModularCodeGen2_ModularCodeGenTypedCompositeActor_ModularCodeGenTypedCompositeActor.mk
-rw-rw-r-- 1 travis travis  1421 Sep  3 02:09 ModularCodeGen2_ModularCodeGenTypedCompositeActor_ModularCodeGenTypedCompositeActor_profile.class
-rw-rw-r-- 1 travis travis  1294 Sep  3 02:09 ModularCodeGen2_ModularCodeGenTypedCompositeActor_ModularCodeGenTypedCompositeActor_profile.java
-rw-rw-r-- 1 travis travis   820 Sep  3 02:09 ModularCodeGen2_ModularCodeGenTypedCompositeActor_profile.class
-rw-rw-r-- 1 travis travis   693 Sep  3 02:09 ModularCodeGen2_ModularCodeGenTypedCompositeActor_profile.java
-rw-rw-r-- 1 travis travis  3741 Sep  3 02:09 ModularCodeGen3_A1_B1.class
-rw-rw-r-- 1 travis travis  9958 Sep  3 02:09 ModularCodeGen3_A1_B1.java
-rw-rw-r-- 1 travis travis   880 Sep  3 02:09 ModularCodeGen3_A1_B1.mk
-rw-rw-r-- 1 travis travis  1330 Sep  3 02:09 ModularCodeGen3_A1_B1_profile.class
-rw-rw-r-- 1 travis travis  1274 Sep  3 02:09 ModularCodeGen3_A1_B1_profile.java
-rw-rw-r-- 1 travis travis  3741 Sep  3 02:09 ModularCodeGen3_A1_B2.class
-rw-rw-r-- 1 travis travis  9958 Sep  3 02:09 ModularCodeGen3_A1_B2.java
-rw-rw-r-- 1 travis travis   880 Sep  3 02:09 ModularCodeGen3_A1_B2.mk
-rw-rw-r-- 1 travis travis  1330 Sep  3 02:09 ModularCodeGen3_A1_B2_profile.class
-rw-rw-r-- 1 travis travis  1274 Sep  3 02:09 ModularCodeGen3_A1_B2_profile.java
-rw-rw-r-- 1 travis travis  4961 Sep  3 02:09 ModularCodeGen3_A1.class
-rw-rw-r-- 1 travis travis 15564 Sep  3 02:09 ModularCodeGen3_A1.java
-rw-rw-r-- 1 travis travis   856 Sep  3 02:09 ModularCodeGen3_A1.mk
-rw-rw-r-- 1 travis travis  1445 Sep  3 02:09 ModularCodeGen3_A1_profile.class
-rw-rw-r-- 1 travis travis  1716 Sep  3 02:09 ModularCodeGen3_A1_profile.java
-rw-rw-r-- 1 travis travis  3887 Sep  3 02:09 ModularCodeGen3_A2_B1.class
-rw-rw-r-- 1 travis travis 10955 Sep  3 02:09 ModularCodeGen3_A2_B1.java
-rw-rw-r-- 1 travis travis   880 Sep  3 02:09 ModularCodeGen3_A2_B1.mk
-rw-rw-r-- 1 travis travis  1393 Sep  3 02:09 ModularCodeGen3_A2_B1_profile.class
-rw-rw-r-- 1 travis travis  1458 Sep  3 02:09 ModularCodeGen3_A2_B1_profile.java
-rw-rw-r-- 1 travis travis  3741 Sep  3 02:09 ModularCodeGen3_A2_B2.class
-rw-rw-r-- 1 travis travis  9958 Sep  3 02:09 ModularCodeGen3_A2_B2.java
-rw-rw-r-- 1 travis travis   880 Sep  3 02:09 ModularCodeGen3_A2_B2.mk
-rw-rw-r-- 1 travis travis  1330 Sep  3 02:09 ModularCodeGen3_A2_B2_profile.class
-rw-rw-r-- 1 travis travis  1274 Sep  3 02:09 ModularCodeGen3_A2_B2_profile.java
-rw-rw-r-- 1 travis travis  5038 Sep  3 02:09 ModularCodeGen3_A2.class
-rw-rw-r-- 1 travis travis 15957 Sep  3 02:09 ModularCodeGen3_A2.java
-rw-rw-r-- 1 travis travis   856 Sep  3 02:09 ModularCodeGen3_A2.mk
-rw-rw-r-- 1 travis travis  1445 Sep  3 02:09 ModularCodeGen3_A2_profile.class
-rw-rw-r-- 1 travis travis  1716 Sep  3 02:09 ModularCodeGen3_A2_profile.java
-rw-rw-r-- 1 travis travis  3794 Sep  3 02:09 ModularCodeGen4_A1_B1.class
-rw-rw-r-- 1 travis travis 10312 Sep  3 02:09 ModularCodeGen4_A1_B1.java
-rw-rw-r-- 1 travis travis   880 Sep  3 02:09 ModularCodeGen4_A1_B1.mk
-rw-rw-r-- 1 travis travis  1330 Sep  3 02:09 ModularCodeGen4_A1_B1_profile.class
-rw-rw-r-- 1 travis travis  1273 Sep  3 02:09 ModularCodeGen4_A1_B1_profile.java
-rw-rw-r-- 1 travis travis  3794 Sep  3 02:09 ModularCodeGen4_A1_B2.class
-rw-rw-r-- 1 travis travis 10312 Sep  3 02:09 ModularCodeGen4_A1_B2.java
-rw-rw-r-- 1 travis travis   880 Sep  3 02:09 ModularCodeGen4_A1_B2.mk
-rw-rw-r-- 1 travis travis  1330 Sep  3 02:09 ModularCodeGen4_A1_B2_profile.class
-rw-rw-r-- 1 travis travis  1273 Sep  3 02:09 ModularCodeGen4_A1_B2_profile.java
-rw-rw-r-- 1 travis travis  5101 Sep  3 02:09 ModularCodeGen4_A1.class
-rw-rw-r-- 1 travis travis 16245 Sep  3 02:09 ModularCodeGen4_A1.java
-rw-rw-r-- 1 travis travis   856 Sep  3 02:09 ModularCodeGen4_A1.mk
-rw-rw-r-- 1 travis travis  1445 Sep  3 02:09 ModularCodeGen4_A1_profile.class
-rw-rw-r-- 1 travis travis  1712 Sep  3 02:09 ModularCodeGen4_A1_profile.java
-rw-rw-r-- 1 travis travis  3988 Sep  3 02:09 ModularCodeGen4_A2_B1.class
-rw-rw-r-- 1 travis travis 11375 Sep  3 02:09 ModularCodeGen4_A2_B1.java
-rw-rw-r-- 1 travis travis   880 Sep  3 02:09 ModularCodeGen4_A2_B1.mk
-rw-rw-r-- 1 travis travis  1393 Sep  3 02:09 ModularCodeGen4_A2_B1_profile.class
-rw-rw-r-- 1 travis travis  1454 Sep  3 02:09 ModularCodeGen4_A2_B1_profile.java
-rw-rw-r-- 1 travis travis  3842 Sep  3 02:10 ModularCodeGen4_A2_B2.class
-rw-rw-r-- 1 travis travis 10378 Sep  3 02:10 ModularCodeGen4_A2_B2.java
-rw-rw-r-- 1 travis travis   880 Sep  3 02:10 ModularCodeGen4_A2_B2.mk
-rw-rw-r-- 1 travis travis  1330 Sep  3 02:10 ModularCodeGen4_A2_B2_profile.class
-rw-rw-r-- 1 travis travis  1270 Sep  3 02:09 ModularCodeGen4_A2_B2_profile.java
-rw-rw-r-- 1 travis travis  1712 Sep  3 02:10 ModularCodeGen4_A2_profile.java
-rw-rw-r-- 1 travis travis  3954 Sep  3 02:09 ModularCodeGen_ModularCodeGenTypedCompositeActor.class
-rw-rw-r-- 1 travis travis 10970 Sep  3 02:09 ModularCodeGen_ModularCodeGenTypedCompositeActor.java
-rw-rw-r-- 1 travis travis  1096 Sep  3 02:09 ModularCodeGen_ModularCodeGenTypedCompositeActor.mk
-rw-rw-r-- 1 travis travis  1384 Sep  3 02:09 ModularCodeGen_ModularCodeGenTypedCompositeActor_profile.class
-rw-rw-r-- 1 travis travis  1328 Sep  3 02:09 ModularCodeGen_ModularCodeGenTypedCompositeActor_profile.java
-rw-rw-r-- 1 travis travis  3492 Sep  3 02:08 ModularCodeGenTest_A1_A2.class
-rw-rw-r-- 1 travis travis  9164 Sep  3 02:08 ModularCodeGenTest_A1_A2.java
-rw-rw-r-- 1 travis travis   904 Sep  3 02:08 ModularCodeGenTest_A1_A2.mk
-rw-rw-r-- 1 travis travis  1306 Sep  3 02:08 ModularCodeGenTest_A1_A2_profile.class
-rw-rw-r-- 1 travis travis  1228 Sep  3 02:08 ModularCodeGenTest_A1_A2_profile.java
-rw-rw-r-- 1 travis travis  3823 Sep  3 02:09 ModularCodeGenTest_A1.class
-rw-rw-r-- 1 travis travis  9968 Sep  3 02:09 ModularCodeGenTest_A1.java
-rw-rw-r-- 1 travis travis   880 Sep  3 02:09 ModularCodeGenTest_A1.mk
-rw-rw-r-- 1 travis travis  1352 Sep  3 02:09 ModularCodeGenTest_A1_profile.class
-rw-rw-r-- 1 travis travis  1394 Sep  3 02:08 ModularCodeGenTest_A1_profile.java
-rw-rw-r-- 1 travis travis   432 Sep  3 02:10 Token.class
-rw-rw-r-- 1 travis travis   251 Sep  3 02:10 Token.java
warning: Supported source version 'RELEASE_6' from annotation processor 'org.netbeans.modules.openide.util.NbBundleProcessor' less than -source '1.8'
warning: Supported source version 'RELEASE_6' from annotation processor 'org.netbeans.modules.openide.util.URLStreamHandlerRegistrationProcessor' less than -source '1.8'
warning: Supported source version 'RELEASE_6' from annotation processor 'org.netbeans.modules.openide.util.ServiceProviderProcessor' less than -source '1.8'
3 warnings
All Done
Writing ModularCodeGen4_A2.java in file:/home/travis/cg/ (16770 characters)
Reading "ptolemy/cg/kernel/generic/program/procedural/java/modular/makefile.in",
    writing "/home/travis/cg/ModularCodeGen4_A2.mk"
Using ptolemy/cg/kernel/generic/program/procedural/java/modular/makefile.in
In "/home/travis/cg", about to execute:
    make -f ModularCodeGen4_A2.mk
javac -classpath ".:.."    ModularCodeGen4_A2.java
All Done
Manager.initialize() finished: 13651 ms. Memory: 164352K Free: 135114K (82%)
13653 ms. Memory: 164352K Free: 135114K (82%)
----------------- Invoking toplevel() on ptolemy.moml.MoMLSimpleApplication@15f97137
----------------- Done invoking toplevel() on ptolemy.moml.MoMLSimpleApplication@15f97137
reloadAllAccessors: .ModularCodeGen4

===========================================================================================
----------------- testing Mon Sep 03 02:10:04 UTC 2018 /home/travis/build/icyphy/ptII/ptolemy/cg/lib/test/auto/ModularCodeGen5.xml
----------------- Instantiating /home/travis/build/icyphy/ptII/ptolemy/cg/lib/test/auto/ModularCodeGen5.xml
In "/home/travis/cg", about to execute:
    pwd
In "/home/travis/cg", about to execute:
    ls -l
/home/travis/cg
In "/home/travis/cg", about to execute:
    javac -classpath
.:/home/travis/build/icyphy/ptII:/home/travis/build/icyphy/ptII/lib/bsh-2.0b4.j
ar:/home/travis/build/icyphy/ptII/lib/ptCal.jar:/home/travis/build/icyphy/ptII/
lib/java_cup.jar:/home/travis/build/icyphy/ptII/lib/saxon8.jar:/home/travis/bui
ld/icyphy/ptII/lib/saxon8-dom.jar:/home/travis/build/icyphy/ptII/lib/chic.jar:/
home/travis/build/icyphy/ptII/lib/ptcolt.jar:/usr/lib/jvm/java-8-oracle/lib/too
ls.jar:/usr/lib/eclipse/plugins/org.eclipse.jdt.core_3.8.2.dist.jar:/usr/lib/ec
lipse/plugins/org.eclipse.core.runtime_3.8.0.dist.jar:/usr/lib/eclipse/plugins/
org.eclipse.osgi_3.8.1.dist.jar:/usr/lib/eclipse/plugins/org.eclipse.core.resou
rces_3.8.1.dist.jar:/usr/lib/eclipse/plugins/org.eclipse.equinox.common_3.6.100
.dist.jar:/usr/lib/eclipse/plugins/org.eclipse.core.jobs_3.5.200.dist.jar:/usr/
lib/eclipse/plugins/org.eclipse.core.contenttype_3.4.200.dist.jar:/usr/lib/ecli
pse/plugins/org.eclipse.equinox.preferences_3.5.0.dist.jar:/usr/lib/eclipse/plu
gins/org.eclipse.text_3.5.200.dist.jar:/usr/lib/eclipse/plugins/org.eclipse.ui.
workbench_3.8.1.dist.jar:/usr/lib/eclipse/plugins/org.eclipse.jface_3.8.0.dist.
jar:/usr/lib/eclipse/plugins/org.eclipse.swt_3.8.2.jar:/usr/lib/eclipse/plugins
/org.eclipse.jface.text_3.8.1.dist.jar:/usr/lib/eclipse/plugins/org.eclipse.ui.
workbench.texteditor_3.8.0.dist.jar:/usr/lib/eclipse/plugins/org.eclipse.ui.edi
tors_3.8.0.dist.jar:/usr/lib/eclipse/plugins/org.eclipse.core.commands_3.6.1.di
st.jar:/usr/lib/eclipse/plugins/org.eclipse.equinox.registry_3.5.200.dist.jar:/
usr/lib/eclipse/plugins/org.eclipse.ui.console_3.5.100.dist.jar:/usr/lib/eclips
e/plugins/org.eclipse.ui.forms_3.5.200.dist.jar:/usr/lib/eclipse/plugins/org.ec
lipse.ui.ide_3.8.1.dist.jar:/home/travis/build/icyphy/ptII/vendors/oracle/dbxml
.jar:/home/travis/build/icyphy/ptII/vendors/oracle/db.jar:/home/travis/build/ic
yphy/ptII/vendors/misc/itext/iText.jar:/home/travis/build/icyphy/ptII/lib/g4ltl
.jar:/home/travis/build/icyphy/ptII/lib/StructuralCoder.jar:/home/travis/build/
icyphy/ptII/lib/org-openide-util.jar:/home/travis/build/icyphy/ptII/lib/org-ope
nide-util-lookup.jar:/home/travis/build/icyphy/ptII/lib/org-netbeans-api-visual
.jar:/home/travis/build/icyphy/ptII/vendors/jai-1_1_2_01/lib/jai_core.jar:/home
/travis/build/icyphy/ptII/vendors/jai-1_1_2_01/lib/jai_codec.jar:/home/travis/b
uild/icyphy/ptII/lib/jcerti.jar:/home/travis/build/icyphy/ptII/lib/smack.jar:/h
ome/travis/build/icyphy/ptII/lib/smackx.jar:/home/travis/build/icyphy/ptII/lib/
jetty-all-8.1.5-v20120716.jar:/home/travis/build/icyphy/ptII/lib/javax.servlet-
api-3.0.1.jar:/home/travis/build/icyphy/ptII/lib/javax.mail.jar:/home/travis/bu
ild/icyphy/ptII/vendors/JMF-2.1.1e/lib/jmf.jar:/home/travis/build/icyphy/ptII/l
ib/jna-4.0.0-variadic.jar:/home/travis/build/icyphy/ptII/vendors/misc/joystick/
Joystick.jar:/home/travis/build/icyphy/ptII/lib/ptjacl.jar:/home/travis/build/i
cyphy/ptII/lib/jsoup-1.8.2.jar:/home/travis/build/icyphy/ptII/lib/junit-4.8.2.j
ar:/home/travis/build/icyphy/ptII/lib/JUnitParams-0.4.0.jar:/home/travis/build/
icyphy/ptII/ptolemy/actor/lib/excel/jxl.jar:/home/travis/build/icyphy/ptII/lib/
jython.jar:/home/travis/build/icyphy/ptII/lib/kieler.jar:/home/travis/build/icy
phy/ptII/vendors/opencv/share/OpenCV/java/opencv-341.jar:/home/travis/build/icy
phy/ptII/lib/oscP5.jar:/home/travis/build/icyphy/ptII/lib/nrjavaserial-3.11.0.d
evel.jar:/home/travis/build/icyphy/ptII/vendors/j3d/lib/j3dcore.jar:/home/travi
s/build/icyphy/ptII/vendors/j3d/lib/j3dutils.jar:/home/travis/build/icyphy/ptII
/vendors/j3d/lib/vecmath.jar:/home/travis/build/icyphy/ptII/ptolemy/distributed
/jini/jar/jini-core.jar:/home/travis/build/icyphy/ptII/ptolemy/distributed/jini
/jar/jini-ext.jar:/home/travis/build/icyphy/ptII/ptolemy/distributed/jini/jar/s
un-util.jar:/home/travis/build/icyphy/ptII/lib/protobuf-java-2.4.1.jar:/home/tr
avis/build/icyphy/ptII/lib/org.eclipse.paho.client.mqttv3.jar:/home/travis/buil
d/icyphy/ptII/ptserver/lib/hessian-4.0.7.jar:/home/travis/build/icyphy/ptII/pts
erver/lib/wmqtt.jar:/home/travis/build/icyphy/ptII/lib/mapss.jar:/home/travis/b
uild/icyphy/ptII/ptolemy/actor/ptalon/antlr/antlr.jar:/home/travis/build/icyphy
/ptII/lib/JRI.jar:/home/travis/build/icyphy/ptII/lib/commons-lang-2.6.jar:/home
/travis/build/icyphy/ptII/lib/commons-logging-1.1.1.jar:/home/travis/build/icyp
hy/ptII/lib/sootclasses.jar:/home/travis/build/icyphy/ptII/ptolemy/actor/lib/da
tabase/mysql-connector-java-5.1.6-bin.jar:/home/travis/build/icyphy/ptII/vendor
s/misc/sphinx4/sphinx4-data-5prealpha.jar:/home/travis/build/icyphy/ptII/vendor
s/misc/sphinx4/sphinx4-core-5prealpha.jar:/home/travis/build/icyphy/ptII/lib/PD
FRenderer.jar:/home/travis/build/icyphy/ptII/lib/svgSalamander.jar:/home/travis
/build/icyphy/ptII/lib/rsyntaxtextarea-2.6.0-SNAPSHOT.jar:/home/travis/build/ic
yphy/ptII/lib/hazelcast-3.8.2.jar:/home/travis/build/icyphy/ptII/lib/jackson-an
notations-2.9.0.jar:/home/travis/build/icyphy/ptII/lib/jackson-core-2.9.3.jar:/
home/travis/build/icyphy/ptII/lib/jackson-databind-2.9.3.jar:/home/travis/build
/icyphy/ptII/lib/netty-buffer-4.1.19.Final.jar:/home/travis/build/icyphy/ptII/l
ib/netty-codec-4.1.19.Final.jar:/home/travis/build/icyphy/ptII/lib/netty-codec-
dns-4.1.19.Final.jar:/home/travis/build/icyphy/ptII/lib/netty-codec-http-4.1.19
.Final.jar:/home/travis/build/icyphy/ptII/lib/netty-codec-http2-4.1.19.Final.ja
r:/home/travis/build/icyphy/ptII/lib/netty-common-4.1.19.Final.jar:/home/travis
/build/icyphy/ptII/lib/netty-handler-4.1.19.Final.jar:/home/travis/build/icyphy
/ptII/lib/netty-resolver-4.1.19.Final.jar:/home/travis/build/icyphy/ptII/lib/ne
tty-resolver-dns-4.1.19.Final.jar:/home/travis/build/icyphy/ptII/lib/netty-tran
sport-4.1.19.Final.jar:/home/travis/build/icyphy/ptII/lib/vertx-codegen-3.5.1.j
ar:/home/travis/build/icyphy/ptII/lib/vertx-core-3.5.2-SNAPSHOT.jar:/home/travi
s/build/icyphy/ptII/lib/vertx-hazelcast-3.5.1.jar:/home/travis/build/icyphy/ptI
I/lib/vertx-lang-js-3.5.1.jar:/home/travis/build/icyphy/ptII/lib/vertx-service-
proxy-3.5.1.jar:/home/travis/build/icyphy/ptII/lib/vertx-web-3.5.1.jar:/home/tr
avis/build/icyphy/ptII/lib/slf4j-api-1.7.13.jar:/home/travis/build/icyphy/ptII/
lib/slf4j-simple-1.7.13.jar:/home/travis/build/icyphy/ptII/lib/webcam-capture-0
.3.12.jar:/home/travis/build/icyphy/ptII/lib/bridj-0.7.0.jar:/home/travis/build
/icyphy/ptII/lib/xbjlib-1.1.0.nrjavaserial.jar:/home/travis/build/icyphy/ptII/p
tolemy/moml/test:/home/travis/build/icyphy/ptII/ant/lib/ant-launcher.jar:/home/
travis/build/icyphy/ptII/ant/lib/ant.jar:/home/travis/build/icyphy/ptII/ant/lib
/ant-junit.jar:/home/travis/build/icyphy/ptII/ant/lib/ant-junit4.jar:/home/trav
is/build/icyphy/ptII ModularCodeGen5_A_A_profile.java
total 916
-rw-rw-r-- 1 travis travis  4895 Sep  3 02:09 CompiledCompositeActor_CompiledCompositeActor.class
-rw-rw-r-- 1 travis travis  1592 Sep  3 02:09 CompiledCompositeActor_CompiledCompositeActor$_CompiledCompositeActor_CompiledCompositeActor.class
-rw-rw-r-- 1 travis travis 13466 Sep  3 02:09 CompiledCompositeActor_CompiledCompositeActor.java
-rw-rw-r-- 1 travis travis  1593 Sep  3 02:09 CompiledCompositeActor_CompiledCompositeActor.mk
-rw-rw-r-- 1 travis travis  4457 Sep  3 02:09 JavaCompiledCompositeTest1_CompiledCompositeActor.class
-rw-rw-r-- 1 travis travis 11637 Sep  3 02:09 JavaCompiledCompositeTest1_CompiledCompositeActor.java
-rw-rw-r-- 1 travis travis  1198 Sep  3 02:09 JavaCompiledCompositeTest1_CompiledCompositeActor$_JavaCompiledCompositeTest1_CompiledCompositeActor.class
-rw-rw-r-- 1 travis travis  1625 Sep  3 02:09 JavaCompiledCompositeTest1_CompiledCompositeActor.mk
-rw-rw-r-- 1 travis travis  4888 Sep  3 02:09 JavaCompiledCompositeTest2_CompiledCompositeActor.class
-rw-rw-r-- 1 travis travis 14919 Sep  3 02:09 JavaCompiledCompositeTest2_CompiledCompositeActor.java
-rw-rw-r-- 1 travis travis  1793 Sep  3 02:09 JavaCompiledCompositeTest2_CompiledCompositeActor$_JavaCompiledCompositeTest2_CompiledCompositeActor.class
-rw-rw-r-- 1 travis travis  1625 Sep  3 02:09 JavaCompiledCompositeTest2_CompiledCompositeActor.mk
-rw-rw-r-- 1 travis travis  4505 Sep  3 02:09 JavaCompiledCompositeTest3_CompiledCompositeActor.class
-rw-rw-r-- 1 travis travis 13080 Sep  3 02:09 JavaCompiledCompositeTest3_CompiledCompositeActor.java
-rw-rw-r-- 1 travis travis  1378 Sep  3 02:09 JavaCompiledCompositeTest3_CompiledCompositeActor$_JavaCompiledCompositeTest3_CompiledCompositeActor.class
-rw-rw-r-- 1 travis travis  1625 Sep  3 02:09 JavaCompiledCompositeTest3_CompiledCompositeActor.mk
-rw-rw-r-- 1 travis travis  3953 Sep  3 02:09 JavaCompiledCompositeTest4_CompiledCompositeActor.class
-rw-rw-r-- 1 travis travis  9687 Sep  3 02:09 JavaCompiledCompositeTest4_CompiledCompositeActor.java
-rw-rw-r-- 1 travis travis   857 Sep  3 02:09 JavaCompiledCompositeTest4_CompiledCompositeActor$_JavaCompiledCompositeTest4_CompiledCompositeActor.class
-rw-rw-r-- 1 travis travis  1625 Sep  3 02:09 JavaCompiledCompositeTest4_CompiledCompositeActor.mk
-rw-rw-r-- 1 travis travis  3693 Sep  3 02:09 ModularCG_A1_B1.class
-rw-rw-r-- 1 travis travis  9730 Sep  3 02:09 ModularCG_A1_B1.java
-rw-rw-r-- 1 travis travis   832 Sep  3 02:09 ModularCG_A1_B1.mk
-rw-rw-r-- 1 travis travis  1318 Sep  3 02:09 ModularCG_A1_B1_profile.class
-rw-rw-r-- 1 travis travis  1262 Sep  3 02:09 ModularCG_A1_B1_profile.java
-rw-rw-r-- 1 travis travis  3693 Sep  3 02:09 ModularCG_A1_B2.class
-rw-rw-r-- 1 travis travis  9730 Sep  3 02:09 ModularCG_A1_B2.java
-rw-rw-r-- 1 travis travis   832 Sep  3 02:09 ModularCG_A1_B2.mk
-rw-rw-r-- 1 travis travis  1318 Sep  3 02:09 ModularCG_A1_B2_profile.class
-rw-rw-r-- 1 travis travis  1262 Sep  3 02:09 ModularCG_A1_B2_profile.java
-rw-rw-r-- 1 travis travis  4799 Sep  3 02:09 ModularCG_A1.class
-rw-rw-r-- 1 travis travis 14742 Sep  3 02:09 ModularCG_A1.java
-rw-rw-r-- 1 travis travis   808 Sep  3 02:09 ModularCG_A1.mk
-rw-rw-r-- 1 travis travis  1433 Sep  3 02:09 ModularCG_A1_profile.class
-rw-rw-r-- 1 travis travis  1704 Sep  3 02:09 ModularCG_A1_profile.java
-rw-rw-r-- 1 travis travis  3827 Sep  3 02:09 ModularCG_A2_B1.class
-rw-rw-r-- 1 travis travis 10667 Sep  3 02:09 ModularCG_A2_B1.java
-rw-rw-r-- 1 travis travis   832 Sep  3 02:09 ModularCG_A2_B1.mk
-rw-rw-r-- 1 travis travis  1381 Sep  3 02:09 ModularCG_A2_B1_profile.class
-rw-rw-r-- 1 travis travis  1446 Sep  3 02:09 ModularCG_A2_B1_profile.java
-rw-rw-r-- 1 travis travis  3693 Sep  3 02:09 ModularCG_A2_B2.class
-rw-rw-r-- 1 travis travis  9730 Sep  3 02:09 ModularCG_A2_B2.java
-rw-rw-r-- 1 travis travis   832 Sep  3 02:09 ModularCG_A2_B2.mk
-rw-rw-r-- 1 travis travis  1318 Sep  3 02:09 ModularCG_A2_B2_profile.class
-rw-rw-r-- 1 travis travis  1262 Sep  3 02:09 ModularCG_A2_B2_profile.java
-rw-rw-r-- 1 travis travis  4870 Sep  3 02:09 ModularCG_A2.class
-rw-rw-r-- 1 travis travis 15129 Sep  3 02:09 ModularCG_A2.java
-rw-rw-r-- 1 travis travis   808 Sep  3 02:09 ModularCG_A2.mk
-rw-rw-r-- 1 travis travis  1433 Sep  3 02:09 ModularCG_A2_profile.class
-rw-rw-r-- 1 travis travis  1704 Sep  3 02:09 ModularCG_A2_profile.java
-rw-rw-r-- 1 travis travis  3473 Sep  3 02:09 ModularCGPubSub_A1_A2.class
-rw-rw-r-- 1 travis travis  9076 Sep  3 02:09 ModularCGPubSub_A1_A2.java
-rw-rw-r-- 1 travis travis   880 Sep  3 02:09 ModularCGPubSub_A1_A2.mk
-rw-rw-r-- 1 travis travis  1300 Sep  3 02:09 ModularCGPubSub_A1_A2_profile.class
-rw-rw-r-- 1 travis travis  1222 Sep  3 02:09 ModularCGPubSub_A1_A2_profile.java
-rw-rw-r-- 1 travis travis  3790 Sep  3 02:09 ModularCGPubSub_A1.class
-rw-rw-r-- 1 travis travis  9836 Sep  3 02:09 ModularCGPubSub_A1.java
-rw-rw-r-- 1 travis travis   856 Sep  3 02:09 ModularCGPubSub_A1.mk
-rw-rw-r-- 1 travis travis  1346 Sep  3 02:09 ModularCGPubSub_A1_profile.class
-rw-rw-r-- 1 travis travis  1388 Sep  3 02:09 ModularCGPubSub_A1_profile.java
-rw-rw-r-- 1 travis travis  3988 Sep  3 02:09 ModularCodeGen2_ModularCodeGenTypedCompositeActor.class
-rw-rw-r-- 1 travis travis 11690 Sep  3 02:09 ModularCodeGen2_ModularCodeGenTypedCompositeActor.java
-rw-rw-r-- 1 travis travis  1104 Sep  3 02:09 ModularCodeGen2_ModularCodeGenTypedCompositeActor.mk
-rw-rw-r-- 1 travis travis  4272 Sep  3 02:09 ModularCodeGen2_ModularCodeGenTypedCompositeActor_ModularCodeGenTypedCompositeActor.class
-rw-rw-r-- 1 travis travis 11790 Sep  3 02:09 ModularCodeGen2_ModularCodeGenTypedCompositeActor_ModularCodeGenTypedCompositeActor.java
-rw-rw-r-- 1 travis travis  1376 Sep  3 02:09 ModularCodeGen2_ModularCodeGenTypedCompositeActor_ModularCodeGenTypedCompositeActor.mk
-rw-rw-r-- 1 travis travis  1421 Sep  3 02:09 ModularCodeGen2_ModularCodeGenTypedCompositeActor_ModularCodeGenTypedCompositeActor_profile.class
-rw-rw-r-- 1 travis travis  1294 Sep  3 02:09 ModularCodeGen2_ModularCodeGenTypedCompositeActor_ModularCodeGenTypedCompositeActor_profile.java
-rw-rw-r-- 1 travis travis   820 Sep  3 02:09 ModularCodeGen2_ModularCodeGenTypedCompositeActor_profile.class
-rw-rw-r-- 1 travis travis   693 Sep  3 02:09 ModularCodeGen2_ModularCodeGenTypedCompositeActor_profile.java
-rw-rw-r-- 1 travis travis  3741 Sep  3 02:09 ModularCodeGen3_A1_B1.class
-rw-rw-r-- 1 travis travis  9958 Sep  3 02:09 ModularCodeGen3_A1_B1.java
-rw-rw-r-- 1 travis travis   880 Sep  3 02:09 ModularCodeGen3_A1_B1.mk
-rw-rw-r-- 1 travis travis  1330 Sep  3 02:09 ModularCodeGen3_A1_B1_profile.class
-rw-rw-r-- 1 travis travis  1274 Sep  3 02:09 ModularCodeGen3_A1_B1_profile.java
-rw-rw-r-- 1 travis travis  3741 Sep  3 02:09 ModularCodeGen3_A1_B2.class
-rw-rw-r-- 1 travis travis  9958 Sep  3 02:09 ModularCodeGen3_A1_B2.java
-rw-rw-r-- 1 travis travis   880 Sep  3 02:09 ModularCodeGen3_A1_B2.mk
-rw-rw-r-- 1 travis travis  1330 Sep  3 02:09 ModularCodeGen3_A1_B2_profile.class
-rw-rw-r-- 1 travis travis  1274 Sep  3 02:09 ModularCodeGen3_A1_B2_profile.java
-rw-rw-r-- 1 travis travis  4961 Sep  3 02:09 ModularCodeGen3_A1.class
-rw-rw-r-- 1 travis travis 15564 Sep  3 02:09 ModularCodeGen3_A1.java
-rw-rw-r-- 1 travis travis   856 Sep  3 02:09 ModularCodeGen3_A1.mk
-rw-rw-r-- 1 travis travis  1445 Sep  3 02:09 ModularCodeGen3_A1_profile.class
-rw-rw-r-- 1 travis travis  1716 Sep  3 02:09 ModularCodeGen3_A1_profile.java
-rw-rw-r-- 1 travis travis  3887 Sep  3 02:09 ModularCodeGen3_A2_B1.class
-rw-rw-r-- 1 travis travis 10955 Sep  3 02:09 ModularCodeGen3_A2_B1.java
-rw-rw-r-- 1 travis travis   880 Sep  3 02:09 ModularCodeGen3_A2_B1.mk
-rw-rw-r-- 1 travis travis  1393 Sep  3 02:09 ModularCodeGen3_A2_B1_profile.class
-rw-rw-r-- 1 travis travis  1458 Sep  3 02:09 ModularCodeGen3_A2_B1_profile.java
-rw-rw-r-- 1 travis travis  3741 Sep  3 02:09 ModularCodeGen3_A2_B2.class
-rw-rw-r-- 1 travis travis  9958 Sep  3 02:09 ModularCodeGen3_A2_B2.java
-rw-rw-r-- 1 travis travis   880 Sep  3 02:09 ModularCodeGen3_A2_B2.mk
-rw-rw-r-- 1 travis travis  1330 Sep  3 02:09 ModularCodeGen3_A2_B2_profile.class
-rw-rw-r-- 1 travis travis  1274 Sep  3 02:09 ModularCodeGen3_A2_B2_profile.java
-rw-rw-r-- 1 travis travis  5038 Sep  3 02:09 ModularCodeGen3_A2.class
-rw-rw-r-- 1 travis travis 15957 Sep  3 02:09 ModularCodeGen3_A2.java
-rw-rw-r-- 1 travis travis   856 Sep  3 02:09 ModularCodeGen3_A2.mk
-rw-rw-r-- 1 travis travis  1445 Sep  3 02:09 ModularCodeGen3_A2_profile.class
-rw-rw-r-- 1 travis travis  1716 Sep  3 02:09 ModularCodeGen3_A2_profile.java
-rw-rw-r-- 1 travis travis  3794 Sep  3 02:09 ModularCodeGen4_A1_B1.class
-rw-rw-r-- 1 travis travis 10312 Sep  3 02:09 ModularCodeGen4_A1_B1.java
-rw-rw-r-- 1 travis travis   880 Sep  3 02:09 ModularCodeGen4_A1_B1.mk
-rw-rw-r-- 1 travis travis  1330 Sep  3 02:09 ModularCodeGen4_A1_B1_profile.class
-rw-rw-r-- 1 travis travis  1273 Sep  3 02:09 ModularCodeGen4_A1_B1_profile.java
-rw-rw-r-- 1 travis travis  3794 Sep  3 02:09 ModularCodeGen4_A1_B2.class
-rw-rw-r-- 1 travis travis 10312 Sep  3 02:09 ModularCodeGen4_A1_B2.java
-rw-rw-r-- 1 travis travis   880 Sep  3 02:09 ModularCodeGen4_A1_B2.mk
-rw-rw-r-- 1 travis travis  1330 Sep  3 02:09 ModularCodeGen4_A1_B2_profile.class
-rw-rw-r-- 1 travis travis  1273 Sep  3 02:09 ModularCodeGen4_A1_B2_profile.java
-rw-rw-r-- 1 travis travis  5101 Sep  3 02:09 ModularCodeGen4_A1.class
-rw-rw-r-- 1 travis travis 16245 Sep  3 02:09 ModularCodeGen4_A1.java
-rw-rw-r-- 1 travis travis   856 Sep  3 02:09 ModularCodeGen4_A1.mk
-rw-rw-r-- 1 travis travis  1445 Sep  3 02:09 ModularCodeGen4_A1_profile.class
-rw-rw-r-- 1 travis travis  1712 Sep  3 02:09 ModularCodeGen4_A1_profile.java
-rw-rw-r-- 1 travis travis  3988 Sep  3 02:09 ModularCodeGen4_A2_B1.class
-rw-rw-r-- 1 travis travis 11375 Sep  3 02:09 ModularCodeGen4_A2_B1.java
-rw-rw-r-- 1 travis travis   880 Sep  3 02:09 ModularCodeGen4_A2_B1.mk
-rw-rw-r-- 1 travis travis  1393 Sep  3 02:09 ModularCodeGen4_A2_B1_profile.class
-rw-rw-r-- 1 travis travis  1454 Sep  3 02:09 ModularCodeGen4_A2_B1_profile.java
-rw-rw-r-- 1 travis travis  3842 Sep  3 02:10 ModularCodeGen4_A2_B2.class
-rw-rw-r-- 1 travis travis 10378 Sep  3 02:10 ModularCodeGen4_A2_B2.java
-rw-rw-r-- 1 travis travis   880 Sep  3 02:10 ModularCodeGen4_A2_B2.mk
-rw-rw-r-- 1 travis travis  1330 Sep  3 02:10 ModularCodeGen4_A2_B2_profile.class
-rw-rw-r-- 1 travis travis  1270 Sep  3 02:09 ModularCodeGen4_A2_B2_profile.java
-rw-rw-r-- 1 travis travis  5274 Sep  3 02:10 ModularCodeGen4_A2.class
-rw-rw-r-- 1 travis travis 16770 Sep  3 02:10 ModularCodeGen4_A2.java
-rw-rw-r-- 1 travis travis   856 Sep  3 02:10 ModularCodeGen4_A2.mk
-rw-rw-r-- 1 travis travis  1445 Sep  3 02:10 ModularCodeGen4_A2_profile.class
-rw-rw-r-- 1 travis travis  1712 Sep  3 02:10 ModularCodeGen4_A2_profile.java
-rw-rw-r-- 1 travis travis  1815 Sep  3 02:10 ModularCodeGen5_A_A_profile.java
-rw-rw-r-- 1 travis travis  3954 Sep  3 02:09 ModularCodeGen_ModularCodeGenTypedCompositeActor.class
-rw-rw-r-- 1 travis travis 10970 Sep  3 02:09 ModularCodeGen_ModularCodeGenTypedCompositeActor.java
-rw-rw-r-- 1 travis travis  1096 Sep  3 02:09 ModularCodeGen_ModularCodeGenTypedCompositeActor.mk
-rw-rw-r-- 1 travis travis  1384 Sep  3 02:09 ModularCodeGen_ModularCodeGenTypedCompositeActor_profile.class
-rw-rw-r-- 1 travis travis  1328 Sep  3 02:09 ModularCodeGen_ModularCodeGenTypedCompositeActor_profile.java
-rw-rw-r-- 1 travis travis  3492 Sep  3 02:08 ModularCodeGenTest_A1_A2.class
-rw-rw-r-- 1 travis travis  9164 Sep  3 02:08 ModularCodeGenTest_A1_A2.java
-rw-rw-r-- 1 travis travis   904 Sep  3 02:08 ModularCodeGenTest_A1_A2.mk
-rw-rw-r-- 1 travis travis  1306 Sep  3 02:08 ModularCodeGenTest_A1_A2_profile.class
-rw-rw-r-- 1 travis travis  1228 Sep  3 02:08 ModularCodeGenTest_A1_A2_profile.java
-rw-rw-r-- 1 travis travis  3823 Sep  3 02:09 ModularCodeGenTest_A1.class
-rw-rw-r-- 1 travis travis  9968 Sep  3 02:09 ModularCodeGenTest_A1.java
-rw-rw-r-- 1 travis travis   880 Sep  3 02:09 ModularCodeGenTest_A1.mk
-rw-rw-r-- 1 travis travis  1352 Sep  3 02:09 ModularCodeGenTest_A1_profile.class
-rw-rw-r-- 1 travis travis  1394 Sep  3 02:08 ModularCodeGenTest_A1_profile.java
-rw-rw-r-- 1 travis travis   432 Sep  3 02:10 Token.class
-rw-rw-r-- 1 travis travis   251 Sep  3 02:10 Token.java
warning: Supported source version 'RELEASE_6' from annotation processor 'org.netbeans.modules.openide.util.NbBundleProcessor' less than -source '1.8'
warning: Supported source version 'RELEASE_6' from annotation processor 'org.netbeans.modules.openide.util.URLStreamHandlerRegistrationProcessor' less than -source '1.8'
warning: Supported source version 'RELEASE_6' from annotation processor 'org.netbeans.modules.openide.util.ServiceProviderProcessor' less than -source '1.8'
3 warnings
All Done
Writing ModularCodeGen5_A_A.java in file:/home/travis/cg/ (28721 characters)
Reading "ptolemy/cg/kernel/generic/program/procedural/java/modular/makefile.in",
    writing "/home/travis/cg/ModularCodeGen5_A_A.mk"
Using ptolemy/cg/kernel/generic/program/procedural/java/modular/makefile.in
In "/home/travis/cg", about to execute:
    make -f ModularCodeGen5_A_A.mk
javac -classpath ".:.."    ModularCodeGen5_A_A.java
All Done
In "/home/travis/cg", about to execute:
    pwd
/home/travis/cg
In "/home/travis/cg", about to execute:
    ls -l
In "/home/travis/cg", about to execute:
    javac -classpath
.:/home/travis/build/icyphy/ptII:/home/travis/build/icyphy/ptII/lib/bsh-2.0b4.j
ar:/home/travis/build/icyphy/ptII/lib/ptCal.jar:/home/travis/build/icyphy/ptII/
lib/java_cup.jar:/home/travis/build/icyphy/ptII/lib/saxon8.jar:/home/travis/bui
ld/icyphy/ptII/lib/saxon8-dom.jar:/home/travis/build/icyphy/ptII/lib/chic.jar:/
home/travis/build/icyphy/ptII/lib/ptcolt.jar:/usr/lib/jvm/java-8-oracle/lib/too
ls.jar:/usr/lib/eclipse/plugins/org.eclipse.jdt.core_3.8.2.dist.jar:/usr/lib/ec
lipse/plugins/org.eclipse.core.runtime_3.8.0.dist.jar:/usr/lib/eclipse/plugins/
org.eclipse.osgi_3.8.1.dist.jar:/usr/lib/eclipse/plugins/org.eclipse.core.resou
rces_3.8.1.dist.jar:/usr/lib/eclipse/plugins/org.eclipse.equinox.common_3.6.100
.dist.jar:/usr/lib/eclipse/plugins/org.eclipse.core.jobs_3.5.200.dist.jar:/usr/
lib/eclipse/plugins/org.eclipse.core.contenttype_3.4.200.dist.jar:/usr/lib/ecli
pse/plugins/org.eclipse.equinox.preferences_3.5.0.dist.jar:/usr/lib/eclipse/plu
gins/org.eclipse.text_3.5.200.dist.jar:/usr/lib/eclipse/plugins/org.eclipse.ui.
workbench_3.8.1.dist.jar:/usr/lib/eclipse/plugins/org.eclipse.jface_3.8.0.dist.
jar:/usr/lib/eclipse/plugins/org.eclipse.swt_3.8.2.jar:/usr/lib/eclipse/plugins
/org.eclipse.jface.text_3.8.1.dist.jar:/usr/lib/eclipse/plugins/org.eclipse.ui.
workbench.texteditor_3.8.0.dist.jar:/usr/lib/eclipse/plugins/org.eclipse.ui.edi
tors_3.8.0.dist.jar:/usr/lib/eclipse/plugins/org.eclipse.core.commands_3.6.1.di
st.jar:/usr/lib/eclipse/plugins/org.eclipse.equinox.registry_3.5.200.dist.jar:/
usr/lib/eclipse/plugins/org.eclipse.ui.console_3.5.100.dist.jar:/usr/lib/eclips
e/plugins/org.eclipse.ui.forms_3.5.200.dist.jar:/usr/lib/eclipse/plugins/org.ec
lipse.ui.ide_3.8.1.dist.jar:/home/travis/build/icyphy/ptII/vendors/oracle/dbxml
.jar:/home/travis/build/icyphy/ptII/vendors/oracle/db.jar:/home/travis/build/ic
yphy/ptII/vendors/misc/itext/iText.jar:/home/travis/build/icyphy/ptII/lib/g4ltl
.jar:/home/travis/build/icyphy/ptII/lib/StructuralCoder.jar:/home/travis/build/
icyphy/ptII/lib/org-openide-util.jar:/home/travis/build/icyphy/ptII/lib/org-ope
nide-util-lookup.jar:/home/travis/build/icyphy/ptII/lib/org-netbeans-api-visual
.jar:/home/travis/build/icyphy/ptII/vendors/jai-1_1_2_01/lib/jai_core.jar:/home
/travis/build/icyphy/ptII/vendors/jai-1_1_2_01/lib/jai_codec.jar:/home/travis/b
uild/icyphy/ptII/lib/jcerti.jar:/home/travis/build/icyphy/ptII/lib/smack.jar:/h
ome/travis/build/icyphy/ptII/lib/smackx.jar:/home/travis/build/icyphy/ptII/lib/
jetty-all-8.1.5-v20120716.jar:/home/travis/build/icyphy/ptII/lib/javax.servlet-
api-3.0.1.jar:/home/travis/build/icyphy/ptII/lib/javax.mail.jar:/home/travis/bu
ild/icyphy/ptII/vendors/JMF-2.1.1e/lib/jmf.jar:/home/travis/build/icyphy/ptII/l
ib/jna-4.0.0-variadic.jar:/home/travis/build/icyphy/ptII/vendors/misc/joystick/
Joystick.jar:/home/travis/build/icyphy/ptII/lib/ptjacl.jar:/home/travis/build/i
cyphy/ptII/lib/jsoup-1.8.2.jar:/home/travis/build/icyphy/ptII/lib/junit-4.8.2.j
ar:/home/travis/build/icyphy/ptII/lib/JUnitParams-0.4.0.jar:/home/travis/build/
icyphy/ptII/ptolemy/actor/lib/excel/jxl.jar:/home/travis/build/icyphy/ptII/lib/
jython.jar:/home/travis/build/icyphy/ptII/lib/kieler.jar:/home/travis/build/icy
phy/ptII/vendors/opencv/share/OpenCV/java/opencv-341.jar:/home/travis/build/icy
phy/ptII/lib/oscP5.jar:/home/travis/build/icyphy/ptII/lib/nrjavaserial-3.11.0.d
evel.jar:/home/travis/build/icyphy/ptII/vendors/j3d/lib/j3dcore.jar:/home/travi
s/build/icyphy/ptII/vendors/j3d/lib/j3dutils.jar:/home/travis/build/icyphy/ptII
/vendors/j3d/lib/vecmath.jar:/home/travis/build/icyphy/ptII/ptolemy/distributed
/jini/jar/jini-core.jar:/home/travis/build/icyphy/ptII/ptolemy/distributed/jini
/jar/jini-ext.jar:/home/travis/build/icyphy/ptII/ptolemy/distributed/jini/jar/s
un-util.jar:/home/travis/build/icyphy/ptII/lib/protobuf-java-2.4.1.jar:/home/tr
avis/build/icyphy/ptII/lib/org.eclipse.paho.client.mqttv3.jar:/home/travis/buil
d/icyphy/ptII/ptserver/lib/hessian-4.0.7.jar:/home/travis/build/icyphy/ptII/pts
erver/lib/wmqtt.jar:/home/travis/build/icyphy/ptII/lib/mapss.jar:/home/travis/b
uild/icyphy/ptII/ptolemy/actor/ptalon/antlr/antlr.jar:/home/travis/build/icyphy
/ptII/lib/JRI.jar:/home/travis/build/icyphy/ptII/lib/commons-lang-2.6.jar:/home
/travis/build/icyphy/ptII/lib/commons-logging-1.1.1.jar:/home/travis/build/icyp
hy/ptII/lib/sootclasses.jar:/home/travis/build/icyphy/ptII/ptolemy/actor/lib/da
tabase/mysql-connector-java-5.1.6-bin.jar:/home/travis/build/icyphy/ptII/vendor
s/misc/sphinx4/sphinx4-data-5prealpha.jar:/home/travis/build/icyphy/ptII/vendor
s/misc/sphinx4/sphinx4-core-5prealpha.jar:/home/travis/build/icyphy/ptII/lib/PD
FRenderer.jar:/home/travis/build/icyphy/ptII/lib/svgSalamander.jar:/home/travis
/build/icyphy/ptII/lib/rsyntaxtextarea-2.6.0-SNAPSHOT.jar:/home/travis/build/ic
yphy/ptII/lib/hazelcast-3.8.2.jar:/home/travis/build/icyphy/ptII/lib/jackson-an
notations-2.9.0.jar:/home/travis/build/icyphy/ptII/lib/jackson-core-2.9.3.jar:/
home/travis/build/icyphy/ptII/lib/jackson-databind-2.9.3.jar:/home/travis/build
/icyphy/ptII/lib/netty-buffer-4.1.19.Final.jar:/home/travis/build/icyphy/ptII/l
ib/netty-codec-4.1.19.Final.jar:/home/travis/build/icyphy/ptII/lib/netty-codec-
dns-4.1.19.Final.jar:/home/travis/build/icyphy/ptII/lib/netty-codec-http-4.1.19
.Final.jar:/home/travis/build/icyphy/ptII/lib/netty-codec-http2-4.1.19.Final.ja
r:/home/travis/build/icyphy/ptII/lib/netty-common-4.1.19.Final.jar:/home/travis
/build/icyphy/ptII/lib/netty-handler-4.1.19.Final.jar:/home/travis/build/icyphy
/ptII/lib/netty-resolver-4.1.19.Final.jar:/home/travis/build/icyphy/ptII/lib/ne
tty-resolver-dns-4.1.19.Final.jar:/home/travis/build/icyphy/ptII/lib/netty-tran
sport-4.1.19.Final.jar:/home/travis/build/icyphy/ptII/lib/vertx-codegen-3.5.1.j
ar:/home/travis/build/icyphy/ptII/lib/vertx-core-3.5.2-SNAPSHOT.jar:/home/travi
s/build/icyphy/ptII/lib/vertx-hazelcast-3.5.1.jar:/home/travis/build/icyphy/ptI
I/lib/vertx-lang-js-3.5.1.jar:/home/travis/build/icyphy/ptII/lib/vertx-service-
proxy-3.5.1.jar:/home/travis/build/icyphy/ptII/lib/vertx-web-3.5.1.jar:/home/tr
avis/build/icyphy/ptII/lib/slf4j-api-1.7.13.jar:/home/travis/build/icyphy/ptII/
lib/slf4j-simple-1.7.13.jar:/home/travis/build/icyphy/ptII/lib/webcam-capture-0
.3.12.jar:/home/travis/build/icyphy/ptII/lib/bridj-0.7.0.jar:/home/travis/build
/icyphy/ptII/lib/xbjlib-1.1.0.nrjavaserial.jar:/home/travis/build/icyphy/ptII/p
tolemy/moml/test:/home/travis/build/icyphy/ptII/ant/lib/ant-launcher.jar:/home/
travis/build/icyphy/ptII/ant/lib/ant.jar:/home/travis/build/icyphy/ptII/ant/lib
/ant-junit.jar:/home/travis/build/icyphy/ptII/ant/lib/ant-junit4.jar:/home/trav
is/build/icyphy/ptII ModularCodeGen5_A_profile.java
total 968
-rw-rw-r-- 1 travis travis  4895 Sep  3 02:09 CompiledCompositeActor_CompiledCompositeActor.class
-rw-rw-r-- 1 travis travis  1592 Sep  3 02:09 CompiledCompositeActor_CompiledCompositeActor$_CompiledCompositeActor_CompiledCompositeActor.class
-rw-rw-r-- 1 travis travis 13466 Sep  3 02:09 CompiledCompositeActor_CompiledCompositeActor.java
-rw-rw-r-- 1 travis travis  1593 Sep  3 02:09 CompiledCompositeActor_CompiledCompositeActor.mk
-rw-rw-r-- 1 travis travis  4457 Sep  3 02:09 JavaCompiledCompositeTest1_CompiledCompositeActor.class
-rw-rw-r-- 1 travis travis 11637 Sep  3 02:09 JavaCompiledCompositeTest1_CompiledCompositeActor.java
-rw-rw-r-- 1 travis travis  1198 Sep  3 02:09 JavaCompiledCompositeTest1_CompiledCompositeActor$_JavaCompiledCompositeTest1_CompiledCompositeActor.class
-rw-rw-r-- 1 travis travis  1625 Sep  3 02:09 JavaCompiledCompositeTest1_CompiledCompositeActor.mk
-rw-rw-r-- 1 travis travis  4888 Sep  3 02:09 JavaCompiledCompositeTest2_CompiledCompositeActor.class
-rw-rw-r-- 1 travis travis 14919 Sep  3 02:09 JavaCompiledCompositeTest2_CompiledCompositeActor.java
-rw-rw-r-- 1 travis travis  1793 Sep  3 02:09 JavaCompiledCompositeTest2_CompiledCompositeActor$_JavaCompiledCompositeTest2_CompiledCompositeActor.class
-rw-rw-r-- 1 travis travis  1625 Sep  3 02:09 JavaCompiledCompositeTest2_CompiledCompositeActor.mk
-rw-rw-r-- 1 travis travis  4505 Sep  3 02:09 JavaCompiledCompositeTest3_CompiledCompositeActor.class
-rw-rw-r-- 1 travis travis 13080 Sep  3 02:09 JavaCompiledCompositeTest3_CompiledCompositeActor.java
-rw-rw-r-- 1 travis travis  1378 Sep  3 02:09 JavaCompiledCompositeTest3_CompiledCompositeActor$_JavaCompiledCompositeTest3_CompiledCompositeActor.class
-rw-rw-r-- 1 travis travis  1625 Sep  3 02:09 JavaCompiledCompositeTest3_CompiledCompositeActor.mk
-rw-rw-r-- 1 travis travis  3953 Sep  3 02:09 JavaCompiledCompositeTest4_CompiledCompositeActor.class
-rw-rw-r-- 1 travis travis  9687 Sep  3 02:09 JavaCompiledCompositeTest4_CompiledCompositeActor.java
-rw-rw-r-- 1 travis travis   857 Sep  3 02:09 JavaCompiledCompositeTest4_CompiledCompositeActor$_JavaCompiledCompositeTest4_CompiledCompositeActor.class
-rw-rw-r-- 1 travis travis  1625 Sep  3 02:09 JavaCompiledCompositeTest4_CompiledCompositeActor.mk
-rw-rw-r-- 1 travis travis  3693 Sep  3 02:09 ModularCG_A1_B1.class
-rw-rw-r-- 1 travis travis  9730 Sep  3 02:09 ModularCG_A1_B1.java
-rw-rw-r-- 1 travis travis   832 Sep  3 02:09 ModularCG_A1_B1.mk
-rw-rw-r-- 1 travis travis  1318 Sep  3 02:09 ModularCG_A1_B1_profile.class
-rw-rw-r-- 1 travis travis  1262 Sep  3 02:09 ModularCG_A1_B1_profile.java
-rw-rw-r-- 1 travis travis  3693 Sep  3 02:09 ModularCG_A1_B2.class
-rw-rw-r-- 1 travis travis  9730 Sep  3 02:09 ModularCG_A1_B2.java
-rw-rw-r-- 1 travis travis   832 Sep  3 02:09 ModularCG_A1_B2.mk
-rw-rw-r-- 1 travis travis  1318 Sep  3 02:09 ModularCG_A1_B2_profile.class
-rw-rw-r-- 1 travis travis  1262 Sep  3 02:09 ModularCG_A1_B2_profile.java
-rw-rw-r-- 1 travis travis  4799 Sep  3 02:09 ModularCG_A1.class
-rw-rw-r-- 1 travis travis 14742 Sep  3 02:09 ModularCG_A1.java
-rw-rw-r-- 1 travis travis   808 Sep  3 02:09 ModularCG_A1.mk
-rw-rw-r-- 1 travis travis  1433 Sep  3 02:09 ModularCG_A1_profile.class
-rw-rw-r-- 1 travis travis  1704 Sep  3 02:09 ModularCG_A1_profile.java
-rw-rw-r-- 1 travis travis  3827 Sep  3 02:09 ModularCG_A2_B1.class
-rw-rw-r-- 1 travis travis 10667 Sep  3 02:09 ModularCG_A2_B1.java
-rw-rw-r-- 1 travis travis   832 Sep  3 02:09 ModularCG_A2_B1.mk
-rw-rw-r-- 1 travis travis  1381 Sep  3 02:09 ModularCG_A2_B1_profile.class
-rw-rw-r-- 1 travis travis  1446 Sep  3 02:09 ModularCG_A2_B1_profile.java
-rw-rw-r-- 1 travis travis  3693 Sep  3 02:09 ModularCG_A2_B2.class
-rw-rw-r-- 1 travis travis  9730 Sep  3 02:09 ModularCG_A2_B2.java
-rw-rw-r-- 1 travis travis   832 Sep  3 02:09 ModularCG_A2_B2.mk
-rw-rw-r-- 1 travis travis  1318 Sep  3 02:09 ModularCG_A2_B2_profile.class
-rw-rw-r-- 1 travis travis  1262 Sep  3 02:09 ModularCG_A2_B2_profile.java
-rw-rw-r-- 1 travis travis  4870 Sep  3 02:09 ModularCG_A2.class
-rw-rw-r-- 1 travis travis 15129 Sep  3 02:09 ModularCG_A2.java
-rw-rw-r-- 1 travis travis   808 Sep  3 02:09 ModularCG_A2.mk
-rw-rw-r-- 1 travis travis  1433 Sep  3 02:09 ModularCG_A2_profile.class
-rw-rw-r-- 1 travis travis  1704 Sep  3 02:09 ModularCG_A2_profile.java
-rw-rw-r-- 1 travis travis  3473 Sep  3 02:09 ModularCGPubSub_A1_A2.class
-rw-rw-r-- 1 travis travis  9076 Sep  3 02:09 ModularCGPubSub_A1_A2.java
-rw-rw-r-- 1 travis travis   880 Sep  3 02:09 ModularCGPubSub_A1_A2.mk
-rw-rw-r-- 1 travis travis  1300 Sep  3 02:09 ModularCGPubSub_A1_A2_profile.class
-rw-rw-r-- 1 travis travis  1222 Sep  3 02:09 ModularCGPubSub_A1_A2_profile.java
-rw-rw-r-- 1 travis travis  3790 Sep  3 02:09 ModularCGPubSub_A1.class
-rw-rw-r-- 1 travis travis  9836 Sep  3 02:09 ModularCGPubSub_A1.java
-rw-rw-r-- 1 travis travis   856 Sep  3 02:09 ModularCGPubSub_A1.mk
-rw-rw-r-- 1 travis travis  1346 Sep  3 02:09 ModularCGPubSub_A1_profile.class
-rw-rw-r-- 1 travis travis  1388 Sep  3 02:09 ModularCGPubSub_A1_profile.java
-rw-rw-r-- 1 travis travis  3988 Sep  3 02:09 ModularCodeGen2_ModularCodeGenTypedCompositeActor.class
-rw-rw-r-- 1 travis travis 11690 Sep  3 02:09 ModularCodeGen2_ModularCodeGenTypedCompositeActor.java
-rw-rw-r-- 1 travis travis  1104 Sep  3 02:09 ModularCodeGen2_ModularCodeGenTypedCompositeActor.mk
-rw-rw-r-- 1 travis travis  4272 Sep  3 02:09 ModularCodeGen2_ModularCodeGenTypedCompositeActor_ModularCodeGenTypedCompositeActor.class
-rw-rw-r-- 1 travis travis 11790 Sep  3 02:09 ModularCodeGen2_ModularCodeGenTypedCompositeActor_ModularCodeGenTypedCompositeActor.java
-rw-rw-r-- 1 travis travis  1376 Sep  3 02:09 ModularCodeGen2_ModularCodeGenTypedCompositeActor_ModularCodeGenTypedCompositeActor.mk
-rw-rw-r-- 1 travis travis  1421 Sep  3 02:09 ModularCodeGen2_ModularCodeGenTypedCompositeActor_ModularCodeGenTypedCompositeActor_profile.class
-rw-rw-r-- 1 travis travis  1294 Sep  3 02:09 ModularCodeGen2_ModularCodeGenTypedCompositeActor_ModularCodeGenTypedCompositeActor_profile.java
-rw-rw-r-- 1 travis travis   820 Sep  3 02:09 ModularCodeGen2_ModularCodeGenTypedCompositeActor_profile.class
-rw-rw-r-- 1 travis travis   693 Sep  3 02:09 ModularCodeGen2_ModularCodeGenTypedCompositeActor_profile.java
-rw-rw-r-- 1 travis travis  3741 Sep  3 02:09 ModularCodeGen3_A1_B1.class
-rw-rw-r-- 1 travis travis  9958 Sep  3 02:09 ModularCodeGen3_A1_B1.java
-rw-rw-r-- 1 travis travis   880 Sep  3 02:09 ModularCodeGen3_A1_B1.mk
-rw-rw-r-- 1 travis travis  1330 Sep  3 02:09 ModularCodeGen3_A1_B1_profile.class
-rw-rw-r-- 1 travis travis  1274 Sep  3 02:09 ModularCodeGen3_A1_B1_profile.java
-rw-rw-r-- 1 travis travis  3741 Sep  3 02:09 ModularCodeGen3_A1_B2.class
-rw-rw-r-- 1 travis travis  9958 Sep  3 02:09 ModularCodeGen3_A1_B2.java
-rw-rw-r-- 1 travis travis   880 Sep  3 02:09 ModularCodeGen3_A1_B2.mk
-rw-rw-r-- 1 travis travis  1330 Sep  3 02:09 ModularCodeGen3_A1_B2_profile.class
-rw-rw-r-- 1 travis travis  1274 Sep  3 02:09 ModularCodeGen3_A1_B2_profile.java
-rw-rw-r-- 1 travis travis  4961 Sep  3 02:09 ModularCodeGen3_A1.class
-rw-rw-r-- 1 travis travis 15564 Sep  3 02:09 ModularCodeGen3_A1.java
-rw-rw-r-- 1 travis travis   856 Sep  3 02:09 ModularCodeGen3_A1.mk
-rw-rw-r-- 1 travis travis  1445 Sep  3 02:09 ModularCodeGen3_A1_profile.class
-rw-rw-r-- 1 travis travis  1716 Sep  3 02:09 ModularCodeGen3_A1_profile.java
-rw-rw-r-- 1 travis travis  3887 Sep  3 02:09 ModularCodeGen3_A2_B1.class
-rw-rw-r-- 1 travis travis 10955 Sep  3 02:09 ModularCodeGen3_A2_B1.java
-rw-rw-r-- 1 travis travis   880 Sep  3 02:09 ModularCodeGen3_A2_B1.mk
-rw-rw-r-- 1 travis travis  1393 Sep  3 02:09 ModularCodeGen3_A2_B1_profile.class
-rw-rw-r-- 1 travis travis  1458 Sep  3 02:09 ModularCodeGen3_A2_B1_profile.java
-rw-rw-r-- 1 travis travis  3741 Sep  3 02:09 ModularCodeGen3_A2_B2.class
-rw-rw-r-- 1 travis travis  9958 Sep  3 02:09 ModularCodeGen3_A2_B2.java
-rw-rw-r-- 1 travis travis   880 Sep  3 02:09 ModularCodeGen3_A2_B2.mk
-rw-rw-r-- 1 travis travis  1330 Sep  3 02:09 ModularCodeGen3_A2_B2_profile.class
-rw-rw-r-- 1 travis travis  1274 Sep  3 02:09 ModularCodeGen3_A2_B2_profile.java
-rw-rw-r-- 1 travis travis  5038 Sep  3 02:09 ModularCodeGen3_A2.class
-rw-rw-r-- 1 travis travis 15957 Sep  3 02:09 ModularCodeGen3_A2.java
-rw-rw-r-- 1 travis travis   856 Sep  3 02:09 ModularCodeGen3_A2.mk
-rw-rw-r-- 1 travis travis  1445 Sep  3 02:09 ModularCodeGen3_A2_profile.class
-rw-rw-r-- 1 travis travis  1716 Sep  3 02:09 ModularCodeGen3_A2_profile.java
-rw-rw-r-- 1 travis travis  3794 Sep  3 02:09 ModularCodeGen4_A1_B1.class
-rw-rw-r-- 1 travis travis 10312 Sep  3 02:09 ModularCodeGen4_A1_B1.java
-rw-rw-r-- 1 travis travis   880 Sep  3 02:09 ModularCodeGen4_A1_B1.mk
-rw-rw-r-- 1 travis travis  1330 Sep  3 02:09 ModularCodeGen4_A1_B1_profile.class
-rw-rw-r-- 1 travis travis  1273 Sep  3 02:09 ModularCodeGen4_A1_B1_profile.java
-rw-rw-r-- 1 travis travis  3794 Sep  3 02:09 ModularCodeGen4_A1_B2.class
-rw-rw-r-- 1 travis travis 10312 Sep  3 02:09 ModularCodeGen4_A1_B2.java
-rw-rw-r-- 1 travis travis   880 Sep  3 02:09 ModularCodeGen4_A1_B2.mk
-rw-rw-r-- 1 travis travis  1330 Sep  3 02:09 ModularCodeGen4_A1_B2_profile.class
-rw-rw-r-- 1 travis travis  1273 Sep  3 02:09 ModularCodeGen4_A1_B2_profile.java
-rw-rw-r-- 1 travis travis  5101 Sep  3 02:09 ModularCodeGen4_A1.class
-rw-rw-r-- 1 travis travis 16245 Sep  3 02:09 ModularCodeGen4_A1.java
-rw-rw-r-- 1 travis travis   856 Sep  3 02:09 ModularCodeGen4_A1.mk
-rw-rw-r-- 1 travis travis  1445 Sep  3 02:09 ModularCodeGen4_A1_profile.class
-rw-rw-r-- 1 travis travis  1712 Sep  3 02:09 ModularCodeGen4_A1_profile.java
-rw-rw-r-- 1 travis travis  3988 Sep  3 02:09 ModularCodeGen4_A2_B1.class
-rw-rw-r-- 1 travis travis 11375 Sep  3 02:09 ModularCodeGen4_A2_B1.java
-rw-rw-r-- 1 travis travis   880 Sep  3 02:09 ModularCodeGen4_A2_B1.mk
-rw-rw-r-- 1 travis travis  1393 Sep  3 02:09 ModularCodeGen4_A2_B1_profile.class
-rw-rw-r-- 1 travis travis  1454 Sep  3 02:09 ModularCodeGen4_A2_B1_profile.java
-rw-rw-r-- 1 travis travis  3842 Sep  3 02:10 ModularCodeGen4_A2_B2.class
-rw-rw-r-- 1 travis travis 10378 Sep  3 02:10 ModularCodeGen4_A2_B2.java
-rw-rw-r-- 1 travis travis   880 Sep  3 02:10 ModularCodeGen4_A2_B2.mk
-rw-rw-r-- 1 travis travis  1330 Sep  3 02:10 ModularCodeGen4_A2_B2_profile.class
-rw-rw-r-- 1 travis travis  1270 Sep  3 02:09 ModularCodeGen4_A2_B2_profile.java
-rw-rw-r-- 1 travis travis  5274 Sep  3 02:10 ModularCodeGen4_A2.class
-rw-rw-r-- 1 travis travis 16770 Sep  3 02:10 ModularCodeGen4_A2.java
-rw-rw-r-- 1 travis travis   856 Sep  3 02:10 ModularCodeGen4_A2.mk
-rw-rw-r-- 1 travis travis  1445 Sep  3 02:10 ModularCodeGen4_A2_profile.class
-rw-rw-r-- 1 travis travis  1712 Sep  3 02:10 ModularCodeGen4_A2_profile.java
-rw-rw-r-- 1 travis travis  6838 Sep  3 02:10 ModularCodeGen5_A_A.class
-rw-rw-r-- 1 travis travis 28721 Sep  3 02:10 ModularCodeGen5_A_A.java
-rw-rw-r-- 1 travis travis   864 Sep  3 02:10 ModularCodeGen5_A_A.mk
-rw-rw-r-- 1 travis travis  1520 Sep  3 02:10 ModularCodeGen5_A_A_profile.class
-rw-rw-r-- 1 travis travis  1815 Sep  3 02:10 ModularCodeGen5_A_A_profile.java
-rw-rw-r-- 1 travis travis  1605 Sep  3 02:10 ModularCodeGen5_A_profile.java
-rw-rw-r-- 1 travis travis  3954 Sep  3 02:09 ModularCodeGen_ModularCodeGenTypedCompositeActor.class
-rw-rw-r-- 1 travis travis 10970 Sep  3 02:09 ModularCodeGen_ModularCodeGenTypedCompositeActor.java
-rw-rw-r-- 1 travis travis  1096 Sep  3 02:09 ModularCodeGen_ModularCodeGenTypedCompositeActor.mk
-rw-rw-r-- 1 travis travis  1384 Sep  3 02:09 ModularCodeGen_ModularCodeGenTypedCompositeActor_profile.class
-rw-rw-r-- 1 travis travis  1328 Sep  3 02:09 ModularCodeGen_ModularCodeGenTypedCompositeActor_profile.java
-rw-rw-r-- 1 travis travis  3492 Sep  3 02:08 ModularCodeGenTest_A1_A2.class
-rw-rw-r-- 1 travis travis  9164 Sep  3 02:08 ModularCodeGenTest_A1_A2.java
-rw-rw-r-- 1 travis travis   904 Sep  3 02:08 ModularCodeGenTest_A1_A2.mk
-rw-rw-r-- 1 travis travis  1306 Sep  3 02:08 ModularCodeGenTest_A1_A2_profile.class
-rw-rw-r-- 1 travis travis  1228 Sep  3 02:08 ModularCodeGenTest_A1_A2_profile.java
-rw-rw-r-- 1 travis travis  3823 Sep  3 02:09 ModularCodeGenTest_A1.class
-rw-rw-r-- 1 travis travis  9968 Sep  3 02:09 ModularCodeGenTest_A1.java
-rw-rw-r-- 1 travis travis   880 Sep  3 02:09 ModularCodeGenTest_A1.mk
-rw-rw-r-- 1 travis travis  1352 Sep  3 02:09 ModularCodeGenTest_A1_profile.class
-rw-rw-r-- 1 travis travis  1394 Sep  3 02:08 ModularCodeGenTest_A1_profile.java
-rw-rw-r-- 1 travis travis   432 Sep  3 02:10 Token.class
-rw-rw-r-- 1 travis travis   251 Sep  3 02:10 Token.java
warning: Supported source version 'RELEASE_6' from annotation processor 'org.netbeans.modules.openide.util.NbBundleProcessor' less than -source '1.8'
warning: Supported source version 'RELEASE_6' from annotation processor 'org.netbeans.modules.openide.util.URLStreamHandlerRegistrationProcessor' less than -source '1.8'
warning: Supported source version 'RELEASE_6' from annotation processor 'org.netbeans.modules.openide.util.ServiceProviderProcessor' less than -source '1.8'
3 warnings
All Done
Writing ModularCodeGen5_A.java in file:/home/travis/cg/ (13769 characters)
Reading "ptolemy/cg/kernel/generic/program/procedural/java/modular/makefile.in",
    writing "/home/travis/cg/ModularCodeGen5_A.mk"
Using ptolemy/cg/kernel/generic/program/procedural/java/modular/makefile.in
In "/home/travis/cg", about to execute:
    make -f ModularCodeGen5_A.mk
javac -classpath ".:.."    ModularCodeGen5_A.java
All Done
4596 ms. Memory: 190464K Free: 64545K (34%)
----------------- Invoking toplevel() on ptolemy.moml.MoMLSimpleApplication@7dbbabdf
----------------- Done invoking toplevel() on ptolemy.moml.MoMLSimpleApplication@7dbbabdf
reloadAllAccessors: .ModularCodeGen5

===========================================================================================
----------------- testing Mon Sep 03 02:10:09 UTC 2018 /home/travis/build/icyphy/ptII/ptolemy/cg/lib/test/auto/ModularCodeGen6.xml
----------------- Instantiating /home/travis/build/icyphy/ptII/ptolemy/cg/lib/test/auto/ModularCodeGen6.xml
In "/home/travis/cg", about to execute:
    pwd
In "/home/travis/cg", about to execute:
    ls -l
/home/travis/cg
In "/home/travis/cg", about to execute:
    javac -classpath
.:/home/travis/build/icyphy/ptII:/home/travis/build/icyphy/ptII/lib/bsh-2.0b4.j
ar:/home/travis/build/icyphy/ptII/lib/ptCal.jar:/home/travis/build/icyphy/ptII/
lib/java_cup.jar:/home/travis/build/icyphy/ptII/lib/saxon8.jar:/home/travis/bui
ld/icyphy/ptII/lib/saxon8-dom.jar:/home/travis/build/icyphy/ptII/lib/chic.jar:/
home/travis/build/icyphy/ptII/lib/ptcolt.jar:/usr/lib/jvm/java-8-oracle/lib/too
ls.jar:/usr/lib/eclipse/plugins/org.eclipse.jdt.core_3.8.2.dist.jar:/usr/lib/ec
lipse/plugins/org.eclipse.core.runtime_3.8.0.dist.jar:/usr/lib/eclipse/plugins/
org.eclipse.osgi_3.8.1.dist.jar:/usr/lib/eclipse/plugins/org.eclipse.core.resou
rces_3.8.1.dist.jar:/usr/lib/eclipse/plugins/org.eclipse.equinox.common_3.6.100
.dist.jar:/usr/lib/eclipse/plugins/org.eclipse.core.jobs_3.5.200.dist.jar:/usr/
lib/eclipse/plugins/org.eclipse.core.contenttype_3.4.200.dist.jar:/usr/lib/ecli
pse/plugins/org.eclipse.equinox.preferences_3.5.0.dist.jar:/usr/lib/eclipse/plu
gins/org.eclipse.text_3.5.200.dist.jar:/usr/lib/eclipse/plugins/org.eclipse.ui.
workbench_3.8.1.dist.jar:/usr/lib/eclipse/plugins/org.eclipse.jface_3.8.0.dist.
jar:/usr/lib/eclipse/plugins/org.eclipse.swt_3.8.2.jar:/usr/lib/eclipse/plugins
/org.eclipse.jface.text_3.8.1.dist.jar:/usr/lib/eclipse/plugins/org.eclipse.ui.
workbench.texteditor_3.8.0.dist.jar:/usr/lib/eclipse/plugins/org.eclipse.ui.edi
tors_3.8.0.dist.jar:/usr/lib/eclipse/plugins/org.eclipse.core.commands_3.6.1.di
st.jar:/usr/lib/eclipse/plugins/org.eclipse.equinox.registry_3.5.200.dist.jar:/
usr/lib/eclipse/plugins/org.eclipse.ui.console_3.5.100.dist.jar:/usr/lib/eclips
e/plugins/org.eclipse.ui.forms_3.5.200.dist.jar:/usr/lib/eclipse/plugins/org.ec
lipse.ui.ide_3.8.1.dist.jar:/home/travis/build/icyphy/ptII/vendors/oracle/dbxml
.jar:/home/travis/build/icyphy/ptII/vendors/oracle/db.jar:/home/travis/build/ic
yphy/ptII/vendors/misc/itext/iText.jar:/home/travis/build/icyphy/ptII/lib/g4ltl
.jar:/home/travis/build/icyphy/ptII/lib/StructuralCoder.jar:/home/travis/build/
icyphy/ptII/lib/org-openide-util.jar:/home/travis/build/icyphy/ptII/lib/org-ope
nide-util-lookup.jar:/home/travis/build/icyphy/ptII/lib/org-netbeans-api-visual
.jar:/home/travis/build/icyphy/ptII/vendors/jai-1_1_2_01/lib/jai_core.jar:/home
/travis/build/icyphy/ptII/vendors/jai-1_1_2_01/lib/jai_codec.jar:/home/travis/b
uild/icyphy/ptII/lib/jcerti.jar:/home/travis/build/icyphy/ptII/lib/smack.jar:/h
ome/travis/build/icyphy/ptII/lib/smackx.jar:/home/travis/build/icyphy/ptII/lib/
jetty-all-8.1.5-v20120716.jar:/home/travis/build/icyphy/ptII/lib/javax.servlet-
api-3.0.1.jar:/home/travis/build/icyphy/ptII/lib/javax.mail.jar:/home/travis/bu
ild/icyphy/ptII/vendors/JMF-2.1.1e/lib/jmf.jar:/home/travis/build/icyphy/ptII/l
ib/jna-4.0.0-variadic.jar:/home/travis/build/icyphy/ptII/vendors/misc/joystick/
Joystick.jar:/home/travis/build/icyphy/ptII/lib/ptjacl.jar:/home/travis/build/i
cyphy/ptII/lib/jsoup-1.8.2.jar:/home/travis/build/icyphy/ptII/lib/junit-4.8.2.j
ar:/home/travis/build/icyphy/ptII/lib/JUnitParams-0.4.0.jar:/home/travis/build/
icyphy/ptII/ptolemy/actor/lib/excel/jxl.jar:/home/travis/build/icyphy/ptII/lib/
jython.jar:/home/travis/build/icyphy/ptII/lib/kieler.jar:/home/travis/build/icy
phy/ptII/vendors/opencv/share/OpenCV/java/opencv-341.jar:/home/travis/build/icy
phy/ptII/lib/oscP5.jar:/home/travis/build/icyphy/ptII/lib/nrjavaserial-3.11.0.d
evel.jar:/home/travis/build/icyphy/ptII/vendors/j3d/lib/j3dcore.jar:/home/travi
s/build/icyphy/ptII/vendors/j3d/lib/j3dutils.jar:/home/travis/build/icyphy/ptII
/vendors/j3d/lib/vecmath.jar:/home/travis/build/icyphy/ptII/ptolemy/distributed
/jini/jar/jini-core.jar:/home/travis/build/icyphy/ptII/ptolemy/distributed/jini
/jar/jini-ext.jar:/home/travis/build/icyphy/ptII/ptolemy/distributed/jini/jar/s
un-util.jar:/home/travis/build/icyphy/ptII/lib/protobuf-java-2.4.1.jar:/home/tr
avis/build/icyphy/ptII/lib/org.eclipse.paho.client.mqttv3.jar:/home/travis/buil
d/icyphy/ptII/ptserver/lib/hessian-4.0.7.jar:/home/travis/build/icyphy/ptII/pts
erver/lib/wmqtt.jar:/home/travis/build/icyphy/ptII/lib/mapss.jar:/home/travis/b
uild/icyphy/ptII/ptolemy/actor/ptalon/antlr/antlr.jar:/home/travis/build/icyphy
/ptII/lib/JRI.jar:/home/travis/build/icyphy/ptII/lib/commons-lang-2.6.jar:/home
/travis/build/icyphy/ptII/lib/commons-logging-1.1.1.jar:/home/travis/build/icyp
hy/ptII/lib/sootclasses.jar:/home/travis/build/icyphy/ptII/ptolemy/actor/lib/da
tabase/mysql-connector-java-5.1.6-bin.jar:/home/travis/build/icyphy/ptII/vendor
s/misc/sphinx4/sphinx4-data-5prealpha.jar:/home/travis/build/icyphy/ptII/vendor
s/misc/sphinx4/sphinx4-core-5prealpha.jar:/home/travis/build/icyphy/ptII/lib/PD
FRenderer.jar:/home/travis/build/icyphy/ptII/lib/svgSalamander.jar:/home/travis
/build/icyphy/ptII/lib/rsyntaxtextarea-2.6.0-SNAPSHOT.jar:/home/travis/build/ic
yphy/ptII/lib/hazelcast-3.8.2.jar:/home/travis/build/icyphy/ptII/lib/jackson-an
notations-2.9.0.jar:/home/travis/build/icyphy/ptII/lib/jackson-core-2.9.3.jar:/
home/travis/build/icyphy/ptII/lib/jackson-databind-2.9.3.jar:/home/travis/build
/icyphy/ptII/lib/netty-buffer-4.1.19.Final.jar:/home/travis/build/icyphy/ptII/l
ib/netty-codec-4.1.19.Final.jar:/home/travis/build/icyphy/ptII/lib/netty-codec-
dns-4.1.19.Final.jar:/home/travis/build/icyphy/ptII/lib/netty-codec-http-4.1.19
.Final.jar:/home/travis/build/icyphy/ptII/lib/netty-codec-http2-4.1.19.Final.ja
r:/home/travis/build/icyphy/ptII/lib/netty-common-4.1.19.Final.jar:/home/travis
/build/icyphy/ptII/lib/netty-handler-4.1.19.Final.jar:/home/travis/build/icyphy
/ptII/lib/netty-resolver-4.1.19.Final.jar:/home/travis/build/icyphy/ptII/lib/ne
tty-resolver-dns-4.1.19.Final.jar:/home/travis/build/icyphy/ptII/lib/netty-tran
sport-4.1.19.Final.jar:/home/travis/build/icyphy/ptII/lib/vertx-codegen-3.5.1.j
ar:/home/travis/build/icyphy/ptII/lib/vertx-core-3.5.2-SNAPSHOT.jar:/home/travi
s/build/icyphy/ptII/lib/vertx-hazelcast-3.5.1.jar:/home/travis/build/icyphy/ptI
I/lib/vertx-lang-js-3.5.1.jar:/home/travis/build/icyphy/ptII/lib/vertx-service-
proxy-3.5.1.jar:/home/travis/build/icyphy/ptII/lib/vertx-web-3.5.1.jar:/home/tr
avis/build/icyphy/ptII/lib/slf4j-api-1.7.13.jar:/home/travis/build/icyphy/ptII/
lib/slf4j-simple-1.7.13.jar:/home/travis/build/icyphy/ptII/lib/webcam-capture-0
.3.12.jar:/home/travis/build/icyphy/ptII/lib/bridj-0.7.0.jar:/home/travis/build
/icyphy/ptII/lib/xbjlib-1.1.0.nrjavaserial.jar:/home/travis/build/icyphy/ptII/p
tolemy/moml/test:/home/travis/build/icyphy/ptII/ant/lib/ant-launcher.jar:/home/
travis/build/icyphy/ptII/ant/lib/ant.jar:/home/travis/build/icyphy/ptII/ant/lib
/ant-junit.jar:/home/travis/build/icyphy/ptII/ant/lib/ant-junit4.jar:/home/trav
is/build/icyphy/ptII ModularCodeGen6_A_A_profile.java
total 1004
-rw-rw-r-- 1 travis travis  4895 Sep  3 02:09 CompiledCompositeActor_CompiledCompositeActor.class
-rw-rw-r-- 1 travis travis  1592 Sep  3 02:09 CompiledCompositeActor_CompiledCompositeActor$_CompiledCompositeActor_CompiledCompositeActor.class
-rw-rw-r-- 1 travis travis 13466 Sep  3 02:09 CompiledCompositeActor_CompiledCompositeActor.java
-rw-rw-r-- 1 travis travis  1593 Sep  3 02:09 CompiledCompositeActor_CompiledCompositeActor.mk
-rw-rw-r-- 1 travis travis  4457 Sep  3 02:09 JavaCompiledCompositeTest1_CompiledCompositeActor.class
-rw-rw-r-- 1 travis travis 11637 Sep  3 02:09 JavaCompiledCompositeTest1_CompiledCompositeActor.java
-rw-rw-r-- 1 travis travis  1198 Sep  3 02:09 JavaCompiledCompositeTest1_CompiledCompositeActor$_JavaCompiledCompositeTest1_CompiledCompositeActor.class
-rw-rw-r-- 1 travis travis  1625 Sep  3 02:09 JavaCompiledCompositeTest1_CompiledCompositeActor.mk
-rw-rw-r-- 1 travis travis  4888 Sep  3 02:09 JavaCompiledCompositeTest2_CompiledCompositeActor.class
-rw-rw-r-- 1 travis travis 14919 Sep  3 02:09 JavaCompiledCompositeTest2_CompiledCompositeActor.java
-rw-rw-r-- 1 travis travis  1793 Sep  3 02:09 JavaCompiledCompositeTest2_CompiledCompositeActor$_JavaCompiledCompositeTest2_CompiledCompositeActor.class
-rw-rw-r-- 1 travis travis  1625 Sep  3 02:09 JavaCompiledCompositeTest2_CompiledCompositeActor.mk
-rw-rw-r-- 1 travis travis  4505 Sep  3 02:09 JavaCompiledCompositeTest3_CompiledCompositeActor.class
-rw-rw-r-- 1 travis travis 13080 Sep  3 02:09 JavaCompiledCompositeTest3_CompiledCompositeActor.java
-rw-rw-r-- 1 travis travis  1378 Sep  3 02:09 JavaCompiledCompositeTest3_CompiledCompositeActor$_JavaCompiledCompositeTest3_CompiledCompositeActor.class
-rw-rw-r-- 1 travis travis  1625 Sep  3 02:09 JavaCompiledCompositeTest3_CompiledCompositeActor.mk
-rw-rw-r-- 1 travis travis  3953 Sep  3 02:09 JavaCompiledCompositeTest4_CompiledCompositeActor.class
-rw-rw-r-- 1 travis travis  9687 Sep  3 02:09 JavaCompiledCompositeTest4_CompiledCompositeActor.java
-rw-rw-r-- 1 travis travis   857 Sep  3 02:09 JavaCompiledCompositeTest4_CompiledCompositeActor$_JavaCompiledCompositeTest4_CompiledCompositeActor.class
-rw-rw-r-- 1 travis travis  1625 Sep  3 02:09 JavaCompiledCompositeTest4_CompiledCompositeActor.mk
-rw-rw-r-- 1 travis travis  3693 Sep  3 02:09 ModularCG_A1_B1.class
-rw-rw-r-- 1 travis travis  9730 Sep  3 02:09 ModularCG_A1_B1.java
-rw-rw-r-- 1 travis travis   832 Sep  3 02:09 ModularCG_A1_B1.mk
-rw-rw-r-- 1 travis travis  1318 Sep  3 02:09 ModularCG_A1_B1_profile.class
-rw-rw-r-- 1 travis travis  1262 Sep  3 02:09 ModularCG_A1_B1_profile.java
-rw-rw-r-- 1 travis travis  3693 Sep  3 02:09 ModularCG_A1_B2.class
-rw-rw-r-- 1 travis travis  9730 Sep  3 02:09 ModularCG_A1_B2.java
-rw-rw-r-- 1 travis travis   832 Sep  3 02:09 ModularCG_A1_B2.mk
-rw-rw-r-- 1 travis travis  1318 Sep  3 02:09 ModularCG_A1_B2_profile.class
-rw-rw-r-- 1 travis travis  1262 Sep  3 02:09 ModularCG_A1_B2_profile.java
-rw-rw-r-- 1 travis travis  4799 Sep  3 02:09 ModularCG_A1.class
-rw-rw-r-- 1 travis travis 14742 Sep  3 02:09 ModularCG_A1.java
-rw-rw-r-- 1 travis travis   808 Sep  3 02:09 ModularCG_A1.mk
-rw-rw-r-- 1 travis travis  1433 Sep  3 02:09 ModularCG_A1_profile.class
-rw-rw-r-- 1 travis travis  1704 Sep  3 02:09 ModularCG_A1_profile.java
-rw-rw-r-- 1 travis travis  3827 Sep  3 02:09 ModularCG_A2_B1.class
-rw-rw-r-- 1 travis travis 10667 Sep  3 02:09 ModularCG_A2_B1.java
-rw-rw-r-- 1 travis travis   832 Sep  3 02:09 ModularCG_A2_B1.mk
-rw-rw-r-- 1 travis travis  1381 Sep  3 02:09 ModularCG_A2_B1_profile.class
-rw-rw-r-- 1 travis travis  1446 Sep  3 02:09 ModularCG_A2_B1_profile.java
-rw-rw-r-- 1 travis travis  3693 Sep  3 02:09 ModularCG_A2_B2.class
-rw-rw-r-- 1 travis travis  9730 Sep  3 02:09 ModularCG_A2_B2.java
-rw-rw-r-- 1 travis travis   832 Sep  3 02:09 ModularCG_A2_B2.mk
-rw-rw-r-- 1 travis travis  1318 Sep  3 02:09 ModularCG_A2_B2_profile.class
-rw-rw-r-- 1 travis travis  1262 Sep  3 02:09 ModularCG_A2_B2_profile.java
-rw-rw-r-- 1 travis travis  4870 Sep  3 02:09 ModularCG_A2.class
-rw-rw-r-- 1 travis travis 15129 Sep  3 02:09 ModularCG_A2.java
-rw-rw-r-- 1 travis travis   808 Sep  3 02:09 ModularCG_A2.mk
-rw-rw-r-- 1 travis travis  1433 Sep  3 02:09 ModularCG_A2_profile.class
-rw-rw-r-- 1 travis travis  1704 Sep  3 02:09 ModularCG_A2_profile.java
-rw-rw-r-- 1 travis travis  3473 Sep  3 02:09 ModularCGPubSub_A1_A2.class
-rw-rw-r-- 1 travis travis  9076 Sep  3 02:09 ModularCGPubSub_A1_A2.java
-rw-rw-r-- 1 travis travis   880 Sep  3 02:09 ModularCGPubSub_A1_A2.mk
-rw-rw-r-- 1 travis travis  1300 Sep  3 02:09 ModularCGPubSub_A1_A2_profile.class
-rw-rw-r-- 1 travis travis  1222 Sep  3 02:09 ModularCGPubSub_A1_A2_profile.java
-rw-rw-r-- 1 travis travis  3790 Sep  3 02:09 ModularCGPubSub_A1.class
-rw-rw-r-- 1 travis travis  9836 Sep  3 02:09 ModularCGPubSub_A1.java
-rw-rw-r-- 1 travis travis   856 Sep  3 02:09 ModularCGPubSub_A1.mk
-rw-rw-r-- 1 travis travis  1346 Sep  3 02:09 ModularCGPubSub_A1_profile.class
-rw-rw-r-- 1 travis travis  1388 Sep  3 02:09 ModularCGPubSub_A1_profile.java
-rw-rw-r-- 1 travis travis  3988 Sep  3 02:09 ModularCodeGen2_ModularCodeGenTypedCompositeActor.class
-rw-rw-r-- 1 travis travis 11690 Sep  3 02:09 ModularCodeGen2_ModularCodeGenTypedCompositeActor.java
-rw-rw-r-- 1 travis travis  1104 Sep  3 02:09 ModularCodeGen2_ModularCodeGenTypedCompositeActor.mk
-rw-rw-r-- 1 travis travis  4272 Sep  3 02:09 ModularCodeGen2_ModularCodeGenTypedCompositeActor_ModularCodeGenTypedCompositeActor.class
-rw-rw-r-- 1 travis travis 11790 Sep  3 02:09 ModularCodeGen2_ModularCodeGenTypedCompositeActor_ModularCodeGenTypedCompositeActor.java
-rw-rw-r-- 1 travis travis  1376 Sep  3 02:09 ModularCodeGen2_ModularCodeGenTypedCompositeActor_ModularCodeGenTypedCompositeActor.mk
-rw-rw-r-- 1 travis travis  1421 Sep  3 02:09 ModularCodeGen2_ModularCodeGenTypedCompositeActor_ModularCodeGenTypedCompositeActor_profile.class
-rw-rw-r-- 1 travis travis  1294 Sep  3 02:09 ModularCodeGen2_ModularCodeGenTypedCompositeActor_ModularCodeGenTypedCompositeActor_profile.java
-rw-rw-r-- 1 travis travis   820 Sep  3 02:09 ModularCodeGen2_ModularCodeGenTypedCompositeActor_profile.class
-rw-rw-r-- 1 travis travis   693 Sep  3 02:09 ModularCodeGen2_ModularCodeGenTypedCompositeActor_profile.java
-rw-rw-r-- 1 travis travis  3741 Sep  3 02:09 ModularCodeGen3_A1_B1.class
-rw-rw-r-- 1 travis travis  9958 Sep  3 02:09 ModularCodeGen3_A1_B1.java
-rw-rw-r-- 1 travis travis   880 Sep  3 02:09 ModularCodeGen3_A1_B1.mk
-rw-rw-r-- 1 travis travis  1330 Sep  3 02:09 ModularCodeGen3_A1_B1_profile.class
-rw-rw-r-- 1 travis travis  1274 Sep  3 02:09 ModularCodeGen3_A1_B1_profile.java
-rw-rw-r-- 1 travis travis  3741 Sep  3 02:09 ModularCodeGen3_A1_B2.class
-rw-rw-r-- 1 travis travis  9958 Sep  3 02:09 ModularCodeGen3_A1_B2.java
-rw-rw-r-- 1 travis travis   880 Sep  3 02:09 ModularCodeGen3_A1_B2.mk
-rw-rw-r-- 1 travis travis  1330 Sep  3 02:09 ModularCodeGen3_A1_B2_profile.class
-rw-rw-r-- 1 travis travis  1274 Sep  3 02:09 ModularCodeGen3_A1_B2_profile.java
-rw-rw-r-- 1 travis travis  4961 Sep  3 02:09 ModularCodeGen3_A1.class
-rw-rw-r-- 1 travis travis 15564 Sep  3 02:09 ModularCodeGen3_A1.java
-rw-rw-r-- 1 travis travis   856 Sep  3 02:09 ModularCodeGen3_A1.mk
-rw-rw-r-- 1 travis travis  1445 Sep  3 02:09 ModularCodeGen3_A1_profile.class
-rw-rw-r-- 1 travis travis  1716 Sep  3 02:09 ModularCodeGen3_A1_profile.java
-rw-rw-r-- 1 travis travis  3887 Sep  3 02:09 ModularCodeGen3_A2_B1.class
-rw-rw-r-- 1 travis travis 10955 Sep  3 02:09 ModularCodeGen3_A2_B1.java
-rw-rw-r-- 1 travis travis   880 Sep  3 02:09 ModularCodeGen3_A2_B1.mk
-rw-rw-r-- 1 travis travis  1393 Sep  3 02:09 ModularCodeGen3_A2_B1_profile.class
-rw-rw-r-- 1 travis travis  1458 Sep  3 02:09 ModularCodeGen3_A2_B1_profile.java
-rw-rw-r-- 1 travis travis  3741 Sep  3 02:09 ModularCodeGen3_A2_B2.class
-rw-rw-r-- 1 travis travis  9958 Sep  3 02:09 ModularCodeGen3_A2_B2.java
-rw-rw-r-- 1 travis travis   880 Sep  3 02:09 ModularCodeGen3_A2_B2.mk
-rw-rw-r-- 1 travis travis  1330 Sep  3 02:09 ModularCodeGen3_A2_B2_profile.class
-rw-rw-r-- 1 travis travis  1274 Sep  3 02:09 ModularCodeGen3_A2_B2_profile.java
-rw-rw-r-- 1 travis travis  5038 Sep  3 02:09 ModularCodeGen3_A2.class
-rw-rw-r-- 1 travis travis 15957 Sep  3 02:09 ModularCodeGen3_A2.java
-rw-rw-r-- 1 travis travis   856 Sep  3 02:09 ModularCodeGen3_A2.mk
-rw-rw-r-- 1 travis travis  1445 Sep  3 02:09 ModularCodeGen3_A2_profile.class
-rw-rw-r-- 1 travis travis  1716 Sep  3 02:09 ModularCodeGen3_A2_profile.java
-rw-rw-r-- 1 travis travis  3794 Sep  3 02:09 ModularCodeGen4_A1_B1.class
-rw-rw-r-- 1 travis travis 10312 Sep  3 02:09 ModularCodeGen4_A1_B1.java
-rw-rw-r-- 1 travis travis   880 Sep  3 02:09 ModularCodeGen4_A1_B1.mk
-rw-rw-r-- 1 travis travis  1330 Sep  3 02:09 ModularCodeGen4_A1_B1_profile.class
-rw-rw-r-- 1 travis travis  1273 Sep  3 02:09 ModularCodeGen4_A1_B1_profile.java
-rw-rw-r-- 1 travis travis  3794 Sep  3 02:09 ModularCodeGen4_A1_B2.class
-rw-rw-r-- 1 travis travis 10312 Sep  3 02:09 ModularCodeGen4_A1_B2.java
-rw-rw-r-- 1 travis travis   880 Sep  3 02:09 ModularCodeGen4_A1_B2.mk
-rw-rw-r-- 1 travis travis  1330 Sep  3 02:09 ModularCodeGen4_A1_B2_profile.class
-rw-rw-r-- 1 travis travis  1273 Sep  3 02:09 ModularCodeGen4_A1_B2_profile.java
-rw-rw-r-- 1 travis travis  5101 Sep  3 02:09 ModularCodeGen4_A1.class
-rw-rw-r-- 1 travis travis 16245 Sep  3 02:09 ModularCodeGen4_A1.java
-rw-rw-r-- 1 travis travis   856 Sep  3 02:09 ModularCodeGen4_A1.mk
-rw-rw-r-- 1 travis travis  1445 Sep  3 02:09 ModularCodeGen4_A1_profile.class
-rw-rw-r-- 1 travis travis  1712 Sep  3 02:09 ModularCodeGen4_A1_profile.java
-rw-rw-r-- 1 travis travis  3988 Sep  3 02:09 ModularCodeGen4_A2_B1.class
-rw-rw-r-- 1 travis travis 11375 Sep  3 02:09 ModularCodeGen4_A2_B1.java
-rw-rw-r-- 1 travis travis   880 Sep  3 02:09 ModularCodeGen4_A2_B1.mk
-rw-rw-r-- 1 travis travis  1393 Sep  3 02:09 ModularCodeGen4_A2_B1_profile.class
-rw-rw-r-- 1 travis travis  1454 Sep  3 02:09 ModularCodeGen4_A2_B1_profile.java
-rw-rw-r-- 1 travis travis  3842 Sep  3 02:10 ModularCodeGen4_A2_B2.class
-rw-rw-r-- 1 travis travis 10378 Sep  3 02:10 ModularCodeGen4_A2_B2.java
-rw-rw-r-- 1 travis travis   880 Sep  3 02:10 ModularCodeGen4_A2_B2.mk
-rw-rw-r-- 1 travis travis  1330 Sep  3 02:10 ModularCodeGen4_A2_B2_profile.class
-rw-rw-r-- 1 travis travis  1270 Sep  3 02:09 ModularCodeGen4_A2_B2_profile.java
-rw-rw-r-- 1 travis travis  5274 Sep  3 02:10 ModularCodeGen4_A2.class
-rw-rw-r-- 1 travis travis 16770 Sep  3 02:10 ModularCodeGen4_A2.java
-rw-rw-r-- 1 travis travis   856 Sep  3 02:10 ModularCodeGen4_A2.mk
-rw-rw-r-- 1 travis travis  1445 Sep  3 02:10 ModularCodeGen4_A2_profile.class
-rw-rw-r-- 1 travis travis  1712 Sep  3 02:10 ModularCodeGen4_A2_profile.java
-rw-rw-r-- 1 travis travis  6838 Sep  3 02:10 ModularCodeGen5_A_A.class
-rw-rw-r-- 1 travis travis 28721 Sep  3 02:10 ModularCodeGen5_A_A.java
-rw-rw-r-- 1 travis travis   864 Sep  3 02:10 ModularCodeGen5_A_A.mk
-rw-rw-r-- 1 travis travis  1520 Sep  3 02:10 ModularCodeGen5_A_A_profile.class
-rw-rw-r-- 1 travis travis  1815 Sep  3 02:10 ModularCodeGen5_A_A_profile.java
-rw-rw-r-- 1 travis travis  5115 Sep  3 02:10 ModularCodeGen5_A.class
-rw-rw-r-- 1 travis travis 13769 Sep  3 02:10 ModularCodeGen5_A.java
-rw-rw-r-- 1 travis travis   848 Sep  3 02:10 ModularCodeGen5_A.mk
-rw-rw-r-- 1 travis travis  1422 Sep  3 02:10 ModularCodeGen5_A_profile.class
-rw-rw-r-- 1 travis travis  1605 Sep  3 02:10 ModularCodeGen5_A_profile.java
-rw-rw-r-- 1 travis travis  1361 Sep  3 02:10 ModularCodeGen6_A_A_profile.java
-rw-rw-r-- 1 travis travis  3954 Sep  3 02:09 ModularCodeGen_ModularCodeGenTypedCompositeActor.class
-rw-rw-r-- 1 travis travis 10970 Sep  3 02:09 ModularCodeGen_ModularCodeGenTypedCompositeActor.java
-rw-rw-r-- 1 travis travis  1096 Sep  3 02:09 ModularCodeGen_ModularCodeGenTypedCompositeActor.mk
-rw-rw-r-- 1 travis travis  1384 Sep  3 02:09 ModularCodeGen_ModularCodeGenTypedCompositeActor_profile.class
-rw-rw-r-- 1 travis travis  1328 Sep  3 02:09 ModularCodeGen_ModularCodeGenTypedCompositeActor_profile.java
-rw-rw-r-- 1 travis travis  3492 Sep  3 02:08 ModularCodeGenTest_A1_A2.class
-rw-rw-r-- 1 travis travis  9164 Sep  3 02:08 ModularCodeGenTest_A1_A2.java
-rw-rw-r-- 1 travis travis   904 Sep  3 02:08 ModularCodeGenTest_A1_A2.mk
-rw-rw-r-- 1 travis travis  1306 Sep  3 02:08 ModularCodeGenTest_A1_A2_profile.class
-rw-rw-r-- 1 travis travis  1228 Sep  3 02:08 ModularCodeGenTest_A1_A2_profile.java
-rw-rw-r-- 1 travis travis  3823 Sep  3 02:09 ModularCodeGenTest_A1.class
-rw-rw-r-- 1 travis travis  9968 Sep  3 02:09 ModularCodeGenTest_A1.java
-rw-rw-r-- 1 travis travis   880 Sep  3 02:09 ModularCodeGenTest_A1.mk
-rw-rw-r-- 1 travis travis  1352 Sep  3 02:09 ModularCodeGenTest_A1_profile.class
-rw-rw-r-- 1 travis travis  1394 Sep  3 02:08 ModularCodeGenTest_A1_profile.java
-rw-rw-r-- 1 travis travis   432 Sep  3 02:10 Token.class
-rw-rw-r-- 1 travis travis   251 Sep  3 02:10 Token.java
warning: Supported source version 'RELEASE_6' from annotation processor 'org.netbeans.modules.openide.util.NbBundleProcessor' less than -source '1.8'
warning: Supported source version 'RELEASE_6' from annotation processor 'org.netbeans.modules.openide.util.URLStreamHandlerRegistrationProcessor' less than -source '1.8'
warning: Supported source version 'RELEASE_6' from annotation processor 'org.netbeans.modules.openide.util.ServiceProviderProcessor' less than -source '1.8'
3 warnings
All Done
Writing ModularCodeGen6_A_A.java in file:/home/travis/cg/ (11221 characters)
Reading "ptolemy/cg/kernel/generic/program/procedural/java/modular/makefile.in",
    writing "/home/travis/cg/ModularCodeGen6_A_A.mk"
Using ptolemy/cg/kernel/generic/program/procedural/java/modular/makefile.in
In "/home/travis/cg", about to execute:
    make -f ModularCodeGen6_A_A.mk
javac -classpath ".:.."    ModularCodeGen6_A_A.java
All Done
In "/home/travis/cg", about to execute:
    pwd
/home/travis/cg
In "/home/travis/cg", about to execute:
    ls -l
total 1036
-rw-rw-r-- 1 travis travis  4895 Sep  3 02:09 CompiledCompositeActor_CompiledCompositeActor.class
-rw-rw-r-- 1 travis travis  1592 Sep  3 02:09 CompiledCompositeActor_CompiledCompositeActor$_CompiledCompositeActor_CompiledCompositeActor.class
-rw-rw-r-- 1 travis travis 13466 Sep  3 02:09 CompiledCompositeActor_CompiledCompositeActor.java
-rw-rw-r-- 1 travis travis  1593 Sep  3 02:09 CompiledCompositeActor_CompiledCompositeActor.mk
-rw-rw-r-- 1 travis travis  4457 Sep  3 02:09 JavaCompiledCompositeTest1_CompiledCompositeActor.class
-rw-rw-r-- 1 travis travis 11637 Sep  3 02:09 JavaCompiledCompositeTest1_CompiledCompositeActor.java
-rw-rw-r-- 1 travis travis  1198 Sep  3 02:09 JavaCompiledCompositeTest1_CompiledCompositeActor$_JavaCompiledCompositeTest1_CompiledCompositeActor.class
-rw-rw-r-- 1 travis travis  1625 Sep  3 02:09 JavaCompiledCompositeTest1_CompiledCompositeActor.mk
-rw-rw-r-- 1 travis travis  4888 Sep  3 02:09 JavaCompiledCompositeTest2_CompiledCompositeActor.class
-rw-rw-r-- 1 travis travis 14919 Sep  3 02:09 JavaCompiledCompositeTest2_CompiledCompositeActor.java
-rw-rw-r-- 1 travis travis  1793 Sep  3 02:09 JavaCompiledCompositeTest2_CompiledCompositeActor$_JavaCompiledCompositeTest2_CompiledCompositeActor.class
-rw-rw-r-- 1 travis travis  1625 Sep  3 02:09 JavaCompiledCompositeTest2_CompiledCompositeActor.mk
-rw-rw-r-- 1 travis travis  4505 Sep  3 02:09 JavaCompiledCompositeTest3_CompiledCompositeActor.class
-rw-rw-r-- 1 travis travis 13080 Sep  3 02:09 JavaCompiledCompositeTest3_CompiledCompositeActor.java
-rw-rw-r-- 1 travis travis  1378 Sep  3 02:09 JavaCompiledCompositeTest3_CompiledCompositeActor$_JavaCompiledCompositeTest3_CompiledCompositeActor.class
-rw-rw-r-- 1 travis travis  1625 Sep  3 02:09 JavaCompiledCompositeTest3_CompiledCompositeActor.mk
-rw-rw-r-- 1 travis travis  3953 Sep  3 02:09 JavaCompiledCompositeTest4_CompiledCompositeActor.class
-rw-rw-r-- 1 travis travis  9687 Sep  3 02:09 JavaCompiledCompositeTest4_CompiledCompositeActor.java
-rw-rw-r-- 1 travis travis   857 Sep  3 02:09 JavaCompiledCompositeTest4_CompiledCompositeActor$_JavaCompiledCompositeTest4_CompiledCompositeActor.class
-rw-rw-r-- 1 travis travis  1625 Sep  3 02:09 JavaCompiledCompositeTest4_CompiledCompositeActor.mk
-rw-rw-r-- 1 travis travis  3693 Sep  3 02:09 ModularCG_A1_B1.class
-rw-rw-r-- 1 travis travis  9730 Sep  3 02:09 ModularCG_A1_B1.java
-rw-rw-r-- 1 travis travis   832 Sep  3 02:09 ModularCG_A1_B1.mk
-rw-rw-r-- 1 travis travis  1318 Sep  3 02:09 ModularCG_A1_B1_profile.class
-rw-rw-r-- 1 travis travis  1262 Sep  3 02:09 ModularCG_A1_B1_profile.java
-rw-rw-r-- 1 travis travis  3693 Sep  3 02:09 ModularCG_A1_B2.class
-rw-rw-r-- 1 travis travis  9730 Sep  3 02:09 ModularCG_A1_B2.java
-rw-rw-r-- 1 travis travis   832 Sep  3 02:09 ModularCG_A1_B2.mk
-rw-rw-r-- 1 travis travis  1318 Sep  3 02:09 ModularCG_A1_B2_profile.class
-rw-rw-r-- 1 travis travis  1262 Sep  3 02:09 ModularCG_A1_B2_profile.java
-rw-rw-r-- 1 travis travis  4799 Sep  3 02:09 ModularCG_A1.class
-rw-rw-r-- 1 travis travis 14742 Sep  3 02:09 ModularCG_A1.java
-rw-rw-r-- 1 travis travis   808 Sep  3 02:09 ModularCG_A1.mk
-rw-rw-r-- 1 travis travis  1433 Sep  3 02:09 ModularCG_A1_profile.class
-rw-rw-r-- 1 travis travis  1704 Sep  3 02:09 ModularCG_A1_profile.java
-rw-rw-r-- 1 travis travis  3827 Sep  3 02:09 ModularCG_A2_B1.class
-rw-rw-r-- 1 travis travis 10667 Sep  3 02:09 ModularCG_A2_B1.java
-rw-rw-r-- 1 travis travis   832 Sep  3 02:09 ModularCG_A2_B1.mk
-rw-rw-r-- 1 travis travis  1381 Sep  3 02:09 ModularCG_A2_B1_profile.class
-rw-rw-r-- 1 travis travis  1446 Sep  3 02:09 ModularCG_A2_B1_profile.java
-rw-rw-r-- 1 travis travis  3693 Sep  3 02:09 ModularCG_A2_B2.class
-rw-rw-r-- 1 travis travis  9730 Sep  3 02:09 ModularCG_A2_B2.java
-rw-rw-r-- 1 travis travis   832 Sep  3 02:09 ModularCG_A2_B2.mk
-rw-rw-r-- 1 travis travis  1318 Sep  3 02:09 ModularCG_A2_B2_profile.class
-rw-rw-r-- 1 travis travis  1262 Sep  3 02:09 ModularCG_A2_B2_profile.java
-rw-rw-r-- 1 travis travis  4870 Sep  3 02:09 ModularCG_A2.class
-rw-rw-r-- 1 travis travis 15129 Sep  3 02:09 ModularCG_A2.java
-rw-rw-r-- 1 travis travis   808 Sep  3 02:09 ModularCG_A2.mk
-rw-rw-r-- 1 travis travis  1433 Sep  3 02:09 ModularCG_A2_profile.class
-rw-rw-r-- 1 travis travis  1704 Sep  3 02:09 ModularCG_A2_profile.java
-rw-rw-r-- 1 travis travis  3473 Sep  3 02:09 ModularCGPubSub_A1_A2.class
-rw-rw-r-- 1 travis travis  9076 Sep  3 02:09 ModularCGPubSub_A1_A2.java
-rw-rw-r-- 1 travis travis   880 Sep  3 02:09 ModularCGPubSub_A1_A2.mk
-rw-rw-r-- 1 travis travis  1300 Sep  3 02:09 ModularCGPubSub_A1_A2_profile.class
-rw-rw-r-- 1 travis travis  1222 Sep  3 02:09 ModularCGPubSub_A1_A2_profile.java
-rw-rw-r-- 1 travis travis  3790 Sep  3 02:09 ModularCGPubSub_A1.class
-rw-rw-r-- 1 travis travis  9836 Sep  3 02:09 ModularCGPubSub_A1.java
-rw-rw-r-- 1 travis travis   856 Sep  3 02:09 ModularCGPubSub_A1.mk
-rw-rw-r-- 1 travis travis  1346 Sep  3 02:09 ModularCGPubSub_A1_profile.class
-rw-rw-r-- 1 travis travis  1388 Sep  3 02:09 ModularCGPubSub_A1_profile.java
-rw-rw-r-- 1 travis travis  3988 Sep  3 02:09 ModularCodeGen2_ModularCodeGenTypedCompositeActor.class
-rw-rw-r-- 1 travis travis 11690 Sep  3 02:09 ModularCodeGen2_ModularCodeGenTypedCompositeActor.java
-rw-rw-r-- 1 travis travis  1104 Sep  3 02:09 ModularCodeGen2_ModularCodeGenTypedCompositeActor.mk
-rw-rw-r-- 1 travis travis  4272 Sep  3 02:09 ModularCodeGen2_ModularCodeGenTypedCompositeActor_ModularCodeGenTypedCompositeActor.class
-rw-rw-r-- 1 travis travis 11790 Sep  3 02:09 ModularCodeGen2_ModularCodeGenTypedCompositeActor_ModularCodeGenTypedCompositeActor.java
-rw-rw-r-- 1 travis travis  1376 Sep  3 02:09 ModularCodeGen2_ModularCodeGenTypedCompositeActor_ModularCodeGenTypedCompositeActor.mk
-rw-rw-r-- 1 travis travis  1421 Sep  3 02:09 ModularCodeGen2_ModularCodeGenTypedCompositeActor_ModularCodeGenTypedCompositeActor_profile.class
In "/home/travis/cg", about to execute:
    javac -classpath
.:/home/travis/build/icyphy/ptII:/home/travis/build/icyphy/ptII/lib/bsh-2.0b4.j
ar:/home/travis/build/icyphy/ptII/lib/ptCal.jar:/home/travis/build/icyphy/ptII/
lib/java_cup.jar:/home/travis/build/icyphy/ptII/lib/saxon8.jar:/home/travis/bui
ld/icyphy/ptII/lib/saxon8-dom.jar:/home/travis/build/icyphy/ptII/lib/chic.jar:/
home/travis/build/icyphy/ptII/lib/ptcolt.jar:/usr/lib/jvm/java-8-oracle/lib/too
ls.jar:/usr/lib/eclipse/plugins/org.eclipse.jdt.core_3.8.2.dist.jar:/usr/lib/ec
lipse/plugins/org.eclipse.core.runtime_3.8.0.dist.jar:/usr/lib/eclipse/plugins/
org.eclipse.osgi_3.8.1.dist.jar:/usr/lib/eclipse/plugins/org.eclipse.core.resou
rces_3.8.1.dist.jar:/usr/lib/eclipse/plugins/org.eclipse.equinox.common_3.6.100
.dist.jar:/usr/lib/eclipse/plugins/org.eclipse.core.jobs_3.5.200.dist.jar:/usr/
lib/eclipse/plugins/org.eclipse.core.contenttype_3.4.200.dist.jar:/usr/lib/ecli
pse/plugins/org.eclipse.equinox.preferences_3.5.0.dist.jar:/usr/lib/eclipse/plu
gins/org.eclipse.text_3.5.200.dist.jar:/usr/lib/eclipse/plugins/org.eclipse.ui.
workbench_3.8.1.dist.jar:/usr/lib/eclipse/plugins/org.eclipse.jface_3.8.0.dist.
jar:/usr/lib/eclipse/plugins/org.eclipse.swt_3.8.2.jar:/usr/lib/eclipse/plugins
/org.eclipse.jface.text_3.8.1.dist.jar:/usr/lib/eclipse/plugins/org.eclipse.ui.
workbench.texteditor_3.8.0.dist.jar:/usr/lib/eclipse/plugins/org.eclipse.ui.edi
tors_3.8.0.dist.jar:/usr/lib/eclipse/plugins/org.eclipse.core.commands_3.6.1.di
st.jar:/usr/lib/eclipse/plugins/org.eclipse.equinox.registry_3.5.200.dist.jar:/
usr/lib/eclipse/plugins/org.eclipse.ui.console_3.5.100.dist.jar:/usr/lib/eclips
e/plugins/org.eclipse.ui.forms_3.5.200.dist.jar:/usr/lib/eclipse/plugins/org.ec
lipse.ui.ide_3.8.1.dist.jar:/home/travis/build/icyphy/ptII/vendors/oracle/dbxml
.jar:/home/travis/build/icyphy/ptII/vendors/oracle/db.jar:/home/travis/build/ic
yphy/ptII/vendors/misc/itext/iText.jar:/home/travis/build/icyphy/ptII/lib/g4ltl
.jar:/home/travis/build/icyphy/ptII/lib/StructuralCoder.jar:/home/travis/build/
icyphy/ptII/lib/org-openide-util.jar:/home/travis/build/icyphy/ptII/lib/org-ope
nide-util-lookup.jar:/home/travis/build/icyphy/ptII/lib/org-netbeans-api-visual
.jar:/home/travis/build/icyphy/ptII/vendors/jai-1_1_2_01/lib/jai_core.jar:/home
/travis/build/icyphy/ptII/vendors/jai-1_1_2_01/lib/jai_codec.jar:/home/travis/b
uild/icyphy/ptII/lib/jcerti.jar:/home/travis/build/icyphy/ptII/lib/smack.jar:/h
ome/travis/build/icyphy/ptII/lib/smackx.jar:/home/travis/build/icyphy/ptII/lib/
jetty-all-8.1.5-v20120716.jar:/home/travis/build/icyphy/ptII/lib/javax.servlet-
api-3.0.1.jar:/home/travis/build/icyphy/ptII/lib/javax.mail.jar:/home/travis/bu
ild/icyphy/ptII/vendors/JMF-2.1.1e/lib/jmf.jar:/home/travis/build/icyphy/ptII/l
ib/jna-4.0.0-variadic.jar:/home/travis/build/icyphy/ptII/vendors/misc/joystick/
Joystick.jar:/home/travis/build/icyphy/ptII/lib/ptjacl.jar:/home/travis/build/i
cyphy/ptII/lib/jsoup-1.8.2.jar:/home/travis/build/icyphy/ptII/lib/junit-4.8.2.j
ar:/home/travis/build/icyphy/ptII/lib/JUnitParams-0.4.0.jar:/home/travis/build/
icyphy/ptII/ptolemy/actor/lib/excel/jxl.jar:/home/travis/build/icyphy/ptII/lib/
jython.jar:/home/travis/build/icyphy/ptII/lib/kieler.jar:/home/travis/build/icy
phy/ptII/vendors/opencv/share/OpenCV/java/opencv-341.jar:/home/travis/build/icy
phy/ptII/lib/oscP5.jar:/home/travis/build/icyphy/ptII/lib/nrjavaserial-3.11.0.d
evel.jar:/home/travis/build/icyphy/ptII/vendors/j3d/lib/j3dcore.jar:/home/travi
s/build/icyphy/ptII/vendors/j3d/lib/j3dutils.jar:/home/travis/build/icyphy/ptII
/vendors/j3d/lib/vecmath.jar:/home/travis/build/icyphy/ptII/ptolemy/distributed
/jini/jar/jini-core.jar:/home/travis/build/icyphy/ptII/ptolemy/distributed/jini
/jar/jini-ext.jar:/home/travis/build/icyphy/ptII/ptolemy/distributed/jini/jar/s
un-util.jar:/home/travis/build/icyphy/ptII/lib/protobuf-java-2.4.1.jar:/home/tr
avis/build/icyphy/ptII/lib/org.eclipse.paho.client.mqttv3.jar:/home/travis/buil
d/icyphy/ptII/ptserver/lib/hessian-4.0.7.jar:/home/travis/build/icyphy/ptII/pts
erver/lib/wmqtt.jar:/home/travis/build/icyphy/ptII/lib/mapss.jar:/home/travis/b
uild/icyphy/ptII/ptolemy/actor/ptalon/antlr/antlr.jar:/home/travis/build/icyphy
/ptII/lib/JRI.jar:/home/travis/build/icyphy/ptII/lib/commons-lang-2.6.jar:/home
/travis/build/icyphy/ptII/lib/commons-logging-1.1.1.jar:/home/travis/build/icyp
hy/ptII/lib/sootclasses.jar:/home/travis/build/icyphy/ptII/ptolemy/actor/lib/da
tabase/mysql-connector-java-5.1.6-bin.jar:/home/travis/build/icyphy/ptII/vendor
s/misc/sphinx4/sphinx4-data-5prealpha.jar:/home/travis/build/icyphy/ptII/vendor
s/misc/sphinx4/sphinx4-core-5prealpha.jar:/home/travis/build/icyphy/ptII/lib/PD
FRenderer.jar:/home/travis/build/icyphy/ptII/lib/svgSalamander.jar:/home/travis
/build/icyphy/ptII/lib/rsyntaxtextarea-2.6.0-SNAPSHOT.jar:/home/travis/build/ic
yphy/ptII/lib/hazelcast-3.8.2.jar:/home/travis/build/icyphy/ptII/lib/jackson-an
notations-2.9.0.jar:/home/travis/build/icyphy/ptII/lib/jackson-core-2.9.3.jar:/
home/travis/build/icyphy/ptII/lib/jackson-databind-2.9.3.jar:/home/travis/build
/icyphy/ptII/lib/netty-buffer-4.1.19.Final.jar:/home/travis/build/icyphy/ptII/l
ib/netty-codec-4.1.19.Final.jar:/home/travis/build/icyphy/ptII/lib/netty-codec-
dns-4.1.19.Final.jar:/home/travis/build/icyphy/ptII/lib/netty-codec-http-4.1.19
.Final.jar:/home/travis/build/icyphy/ptII/lib/netty-codec-http2-4.1.19.Final.ja
r:/home/travis/build/icyphy/ptII/lib/netty-common-4.1.19.Final.jar:/home/travis
/build/icyphy/ptII/lib/netty-handler-4.1.19.Final.jar:/home/travis/build/icyphy
/ptII/lib/netty-resolver-4.1.19.Final.jar:/home/travis/build/icyphy/ptII/lib/ne
tty-resolver-dns-4.1.19.Final.jar:/home/travis/build/icyphy/ptII/lib/netty-tran
sport-4.1.19.Final.jar:/home/travis/build/icyphy/ptII/lib/vertx-codegen-3.5.1.j
ar:/home/travis/build/icyphy/ptII/lib/vertx-core-3.5.2-SNAPSHOT.jar:/home/travi
s/build/icyphy/ptII/lib/vertx-hazelcast-3.5.1.jar:/home/travis/build/icyphy/ptI
I/lib/vertx-lang-js-3.5.1.jar:/home/travis/build/icyphy/ptII/lib/vertx-service-
proxy-3.5.1.jar:/home/travis/build/icyphy/ptII/lib/vertx-web-3.5.1.jar:/home/tr
avis/build/icyphy/ptII/lib/slf4j-api-1.7.13.jar:/home/travis/build/icyphy/ptII/
lib/slf4j-simple-1.7.13.jar:/home/travis/build/icyphy/ptII/lib/webcam-capture-0
.3.12.jar:/home/travis/build/icyphy/ptII/lib/bridj-0.7.0.jar:/home/travis/build
/icyphy/ptII/lib/xbjlib-1.1.0.nrjavaserial.jar:/home/travis/build/icyphy/ptII/p
tolemy/moml/test:/home/travis/build/icyphy/ptII/ant/lib/ant-launcher.jar:/home/
travis/build/icyphy/ptII/ant/lib/ant.jar:/home/travis/build/icyphy/ptII/ant/lib
/ant-junit.jar:/home/travis/build/icyphy/ptII/ant/lib/ant-junit4.jar:/home/trav
is/build/icyphy/ptII ModularCodeGen6_A_A2_profile.java
-rw-rw-r-- 1 travis travis  1294 Sep  3 02:09 ModularCodeGen2_ModularCodeGenTypedCompositeActor_ModularCodeGenTypedCompositeActor_profile.java
-rw-rw-r-- 1 travis travis   820 Sep  3 02:09 ModularCodeGen2_ModularCodeGenTypedCompositeActor_profile.class
-rw-rw-r-- 1 travis travis   693 Sep  3 02:09 ModularCodeGen2_ModularCodeGenTypedCompositeActor_profile.java
-rw-rw-r-- 1 travis travis  3741 Sep  3 02:09 ModularCodeGen3_A1_B1.class
-rw-rw-r-- 1 travis travis  9958 Sep  3 02:09 ModularCodeGen3_A1_B1.java
-rw-rw-r-- 1 travis travis   880 Sep  3 02:09 ModularCodeGen3_A1_B1.mk
-rw-rw-r-- 1 travis travis  1330 Sep  3 02:09 ModularCodeGen3_A1_B1_profile.class
-rw-rw-r-- 1 travis travis  1274 Sep  3 02:09 ModularCodeGen3_A1_B1_profile.java
-rw-rw-r-- 1 travis travis  3741 Sep  3 02:09 ModularCodeGen3_A1_B2.class
-rw-rw-r-- 1 travis travis  9958 Sep  3 02:09 ModularCodeGen3_A1_B2.java
-rw-rw-r-- 1 travis travis   880 Sep  3 02:09 ModularCodeGen3_A1_B2.mk
-rw-rw-r-- 1 travis travis  1330 Sep  3 02:09 ModularCodeGen3_A1_B2_profile.class
-rw-rw-r-- 1 travis travis  1274 Sep  3 02:09 ModularCodeGen3_A1_B2_profile.java
-rw-rw-r-- 1 travis travis  4961 Sep  3 02:09 ModularCodeGen3_A1.class
-rw-rw-r-- 1 travis travis 15564 Sep  3 02:09 ModularCodeGen3_A1.java
-rw-rw-r-- 1 travis travis   856 Sep  3 02:09 ModularCodeGen3_A1.mk
-rw-rw-r-- 1 travis travis  1445 Sep  3 02:09 ModularCodeGen3_A1_profile.class
-rw-rw-r-- 1 travis travis  1716 Sep  3 02:09 ModularCodeGen3_A1_profile.java
-rw-rw-r-- 1 travis travis  3887 Sep  3 02:09 ModularCodeGen3_A2_B1.class
-rw-rw-r-- 1 travis travis 10955 Sep  3 02:09 ModularCodeGen3_A2_B1.java
-rw-rw-r-- 1 travis travis   880 Sep  3 02:09 ModularCodeGen3_A2_B1.mk
-rw-rw-r-- 1 travis travis  1393 Sep  3 02:09 ModularCodeGen3_A2_B1_profile.class
-rw-rw-r-- 1 travis travis  1458 Sep  3 02:09 ModularCodeGen3_A2_B1_profile.java
-rw-rw-r-- 1 travis travis  3741 Sep  3 02:09 ModularCodeGen3_A2_B2.class
-rw-rw-r-- 1 travis travis  9958 Sep  3 02:09 ModularCodeGen3_A2_B2.java
-rw-rw-r-- 1 travis travis   880 Sep  3 02:09 ModularCodeGen3_A2_B2.mk
-rw-rw-r-- 1 travis travis  1330 Sep  3 02:09 ModularCodeGen3_A2_B2_profile.class
-rw-rw-r-- 1 travis travis  1274 Sep  3 02:09 ModularCodeGen3_A2_B2_profile.java
-rw-rw-r-- 1 travis travis  5038 Sep  3 02:09 ModularCodeGen3_A2.class
-rw-rw-r-- 1 travis travis 15957 Sep  3 02:09 ModularCodeGen3_A2.java
-rw-rw-r-- 1 travis travis   856 Sep  3 02:09 ModularCodeGen3_A2.mk
-rw-rw-r-- 1 travis travis  1445 Sep  3 02:09 ModularCodeGen3_A2_profile.class
-rw-rw-r-- 1 travis travis  1716 Sep  3 02:09 ModularCodeGen3_A2_profile.java
-rw-rw-r-- 1 travis travis  3794 Sep  3 02:09 ModularCodeGen4_A1_B1.class
-rw-rw-r-- 1 travis travis 10312 Sep  3 02:09 ModularCodeGen4_A1_B1.java
-rw-rw-r-- 1 travis travis   880 Sep  3 02:09 ModularCodeGen4_A1_B1.mk
-rw-rw-r-- 1 travis travis  1330 Sep  3 02:09 ModularCodeGen4_A1_B1_profile.class
-rw-rw-r-- 1 travis travis  1273 Sep  3 02:09 ModularCodeGen4_A1_B1_profile.java
-rw-rw-r-- 1 travis travis  3794 Sep  3 02:09 ModularCodeGen4_A1_B2.class
-rw-rw-r-- 1 travis travis 10312 Sep  3 02:09 ModularCodeGen4_A1_B2.java
-rw-rw-r-- 1 travis travis   880 Sep  3 02:09 ModularCodeGen4_A1_B2.mk
-rw-rw-r-- 1 travis travis  1330 Sep  3 02:09 ModularCodeGen4_A1_B2_profile.class
-rw-rw-r-- 1 travis travis  1273 Sep  3 02:09 ModularCodeGen4_A1_B2_profile.java
-rw-rw-r-- 1 travis travis  5101 Sep  3 02:09 ModularCodeGen4_A1.class
-rw-rw-r-- 1 travis travis 16245 Sep  3 02:09 ModularCodeGen4_A1.java
-rw-rw-r-- 1 travis travis   856 Sep  3 02:09 ModularCodeGen4_A1.mk
-rw-rw-r-- 1 travis travis  1445 Sep  3 02:09 ModularCodeGen4_A1_profile.class
-rw-rw-r-- 1 travis travis  1712 Sep  3 02:09 ModularCodeGen4_A1_profile.java
-rw-rw-r-- 1 travis travis  3988 Sep  3 02:09 ModularCodeGen4_A2_B1.class
-rw-rw-r-- 1 travis travis 11375 Sep  3 02:09 ModularCodeGen4_A2_B1.java
-rw-rw-r-- 1 travis travis   880 Sep  3 02:09 ModularCodeGen4_A2_B1.mk
-rw-rw-r-- 1 travis travis  1393 Sep  3 02:09 ModularCodeGen4_A2_B1_profile.class
-rw-rw-r-- 1 travis travis  1454 Sep  3 02:09 ModularCodeGen4_A2_B1_profile.java
-rw-rw-r-- 1 travis travis  3842 Sep  3 02:10 ModularCodeGen4_A2_B2.class
-rw-rw-r-- 1 travis travis 10378 Sep  3 02:10 ModularCodeGen4_A2_B2.java
-rw-rw-r-- 1 travis travis   880 Sep  3 02:10 ModularCodeGen4_A2_B2.mk
-rw-rw-r-- 1 travis travis  1330 Sep  3 02:10 ModularCodeGen4_A2_B2_profile.class
-rw-rw-r-- 1 travis travis  1270 Sep  3 02:09 ModularCodeGen4_A2_B2_profile.java
-rw-rw-r-- 1 travis travis  5274 Sep  3 02:10 ModularCodeGen4_A2.class
-rw-rw-r-- 1 travis travis 16770 Sep  3 02:10 ModularCodeGen4_A2.java
-rw-rw-r-- 1 travis travis   856 Sep  3 02:10 ModularCodeGen4_A2.mk
-rw-rw-r-- 1 travis travis  1445 Sep  3 02:10 ModularCodeGen4_A2_profile.class
-rw-rw-r-- 1 travis travis  1712 Sep  3 02:10 ModularCodeGen4_A2_profile.java
-rw-rw-r-- 1 travis travis  6838 Sep  3 02:10 ModularCodeGen5_A_A.class
-rw-rw-r-- 1 travis travis 28721 Sep  3 02:10 ModularCodeGen5_A_A.java
-rw-rw-r-- 1 travis travis   864 Sep  3 02:10 ModularCodeGen5_A_A.mk
-rw-rw-r-- 1 travis travis  1520 Sep  3 02:10 ModularCodeGen5_A_A_profile.class
-rw-rw-r-- 1 travis travis  1815 Sep  3 02:10 ModularCodeGen5_A_A_profile.java
-rw-rw-r-- 1 travis travis  5115 Sep  3 02:10 ModularCodeGen5_A.class
-rw-rw-r-- 1 travis travis 13769 Sep  3 02:10 ModularCodeGen5_A.java
-rw-rw-r-- 1 travis travis   848 Sep  3 02:10 ModularCodeGen5_A.mk
-rw-rw-r-- 1 travis travis  1422 Sep  3 02:10 ModularCodeGen5_A_profile.class
-rw-rw-r-- 1 travis travis  1605 Sep  3 02:10 ModularCodeGen5_A_profile.java
-rw-rw-r-- 1 travis travis  1364 Sep  3 02:10 ModularCodeGen6_A_A2_profile.java
-rw-rw-r-- 1 travis travis  4108 Sep  3 02:10 ModularCodeGen6_A_A.class
-rw-rw-r-- 1 travis travis 11221 Sep  3 02:10 ModularCodeGen6_A_A.java
-rw-rw-r-- 1 travis travis   864 Sep  3 02:10 ModularCodeGen6_A_A.mk
-rw-rw-r-- 1 travis travis  1348 Sep  3 02:10 ModularCodeGen6_A_A_profile.class
-rw-rw-r-- 1 travis travis  1361 Sep  3 02:10 ModularCodeGen6_A_A_profile.java
-rw-rw-r-- 1 travis travis  3954 Sep  3 02:09 ModularCodeGen_ModularCodeGenTypedCompositeActor.class
-rw-rw-r-- 1 travis travis 10970 Sep  3 02:09 ModularCodeGen_ModularCodeGenTypedCompositeActor.java
-rw-rw-r-- 1 travis travis  1096 Sep  3 02:09 ModularCodeGen_ModularCodeGenTypedCompositeActor.mk
-rw-rw-r-- 1 travis travis  1384 Sep  3 02:09 ModularCodeGen_ModularCodeGenTypedCompositeActor_profile.class
-rw-rw-r-- 1 travis travis  1328 Sep  3 02:09 ModularCodeGen_ModularCodeGenTypedCompositeActor_profile.java
-rw-rw-r-- 1 travis travis  3492 Sep  3 02:08 ModularCodeGenTest_A1_A2.class
-rw-rw-r-- 1 travis travis  9164 Sep  3 02:08 ModularCodeGenTest_A1_A2.java
-rw-rw-r-- 1 travis travis   904 Sep  3 02:08 ModularCodeGenTest_A1_A2.mk
-rw-rw-r-- 1 travis travis  1306 Sep  3 02:08 ModularCodeGenTest_A1_A2_profile.class
-rw-rw-r-- 1 travis travis  1228 Sep  3 02:08 ModularCodeGenTest_A1_A2_profile.java
-rw-rw-r-- 1 travis travis  3823 Sep  3 02:09 ModularCodeGenTest_A1.class
-rw-rw-r-- 1 travis travis  9968 Sep  3 02:09 ModularCodeGenTest_A1.java
-rw-rw-r-- 1 travis travis   880 Sep  3 02:09 ModularCodeGenTest_A1.mk
-rw-rw-r-- 1 travis travis  1352 Sep  3 02:09 ModularCodeGenTest_A1_profile.class
-rw-rw-r-- 1 travis travis  1394 Sep  3 02:08 ModularCodeGenTest_A1_profile.java
-rw-rw-r-- 1 travis travis   432 Sep  3 02:10 Token.class
-rw-rw-r-- 1 travis travis   251 Sep  3 02:10 Token.java
warning: Supported source version 'RELEASE_6' from annotation processor 'org.netbeans.modules.openide.util.NbBundleProcessor' less than -source '1.8'
warning: Supported source version 'RELEASE_6' from annotation processor 'org.netbeans.modules.openide.util.URLStreamHandlerRegistrationProcessor' less than -source '1.8'
warning: Supported source version 'RELEASE_6' from annotation processor 'org.netbeans.modules.openide.util.ServiceProviderProcessor' less than -source '1.8'
3 warnings
All Done
Writing ModularCodeGen6_A_A2.java in file:/home/travis/cg/ (11329 characters)
Reading "ptolemy/cg/kernel/generic/program/procedural/java/modular/makefile.in",
    writing "/home/travis/cg/ModularCodeGen6_A_A2.mk"
Using ptolemy/cg/kernel/generic/program/procedural/java/modular/makefile.in
In "/home/travis/cg", about to execute:
    make -f ModularCodeGen6_A_A2.mk
javac -classpath ".:.."    ModularCodeGen6_A_A2.java
All Done
In "/home/travis/cg", about to execute:
    pwd
/home/travis/cg
In "/home/travis/cg", about to execute:
    ls -l
total 1068
-rw-rw-r-- 1 travis travis  4895 Sep  3 02:09 CompiledCompositeActor_CompiledCompositeActor.class
-rw-rw-r-- 1 travis travis  1592 Sep  3 02:09 CompiledCompositeActor_CompiledCompositeActor$_CompiledCompositeActor_CompiledCompositeActor.class
-rw-rw-r-- 1 travis travis 13466 Sep  3 02:09 CompiledCompositeActor_CompiledCompositeActor.java
-rw-rw-r-- 1 travis travis  1593 Sep  3 02:09 CompiledCompositeActor_CompiledCompositeActor.mk
-rw-rw-r-- 1 travis travis  4457 Sep  3 02:09 JavaCompiledCompositeTest1_CompiledCompositeActor.class
-rw-rw-r-- 1 travis travis 11637 Sep  3 02:09 JavaCompiledCompositeTest1_CompiledCompositeActor.java
-rw-rw-r-- 1 travis travis  1198 Sep  3 02:09 JavaCompiledCompositeTest1_CompiledCompositeActor$_JavaCompiledCompositeTest1_CompiledCompositeActor.class
-rw-rw-r-- 1 travis travis  1625 Sep  3 02:09 JavaCompiledCompositeTest1_CompiledCompositeActor.mk
-rw-rw-r-- 1 travis travis  4888 Sep  3 02:09 JavaCompiledCompositeTest2_CompiledCompositeActor.class
-rw-rw-r-- 1 travis travis 14919 Sep  3 02:09 JavaCompiledCompositeTest2_CompiledCompositeActor.java
-rw-rw-r-- 1 travis travis  1793 Sep  3 02:09 JavaCompiledCompositeTest2_CompiledCompositeActor$_JavaCompiledCompositeTest2_CompiledCompositeActor.class
-rw-rw-r-- 1 travis travis  1625 Sep  3 02:09 JavaCompiledCompositeTest2_CompiledCompositeActor.mk
-rw-rw-r-- 1 travis travis  4505 Sep  3 02:09 JavaCompiledCompositeTest3_CompiledCompositeActor.class
-rw-rw-r-- 1 travis travis 13080 Sep  3 02:09 JavaCompiledCompositeTest3_CompiledCompositeActor.java
-rw-rw-r-- 1 travis travis  1378 Sep  3 02:09 JavaCompiledCompositeTest3_CompiledCompositeActor$_JavaCompiledCompositeTest3_CompiledCompositeActor.class
-rw-rw-r-- 1 travis travis  1625 Sep  3 02:09 JavaCompiledCompositeTest3_CompiledCompositeActor.mk
-rw-rw-r-- 1 travis travis  3953 Sep  3 02:09 JavaCompiledCompositeTest4_CompiledCompositeActor.class
-rw-rw-r-- 1 travis travis  9687 Sep  3 02:09 JavaCompiledCompositeTest4_CompiledCompositeActor.java
-rw-rw-r-- 1 travis travis   857 Sep  3 02:09 JavaCompiledCompositeTest4_CompiledCompositeActor$_JavaCompiledCompositeTest4_CompiledCompositeActor.class
-rw-rw-r-- 1 travis travis  1625 Sep  3 02:09 JavaCompiledCompositeTest4_CompiledCompositeActor.mk
-rw-rw-r-- 1 travis travis  3693 Sep  3 02:09 ModularCG_A1_B1.class
-rw-rw-r-- 1 travis travis  9730 Sep  3 02:09 ModularCG_A1_B1.java
-rw-rw-r-- 1 travis travis   832 Sep  3 02:09 ModularCG_A1_B1.mk
-rw-rw-r-- 1 travis travis  1318 Sep  3 02:09 ModularCG_A1_B1_profile.class
-rw-rw-r-- 1 travis travis  1262 Sep  3 02:09 ModularCG_A1_B1_profile.java
-rw-rw-r-- 1 travis travis  3693 Sep  3 02:09 ModularCG_A1_B2.class
-rw-rw-r-- 1 travis travis  9730 Sep  3 02:09 ModularCG_A1_B2.java
-rw-rw-r-- 1 travis travis   832 Sep  3 02:09 ModularCG_A1_B2.mk
-rw-rw-r-- 1 travis travis  1318 Sep  3 02:09 ModularCG_A1_B2_profile.class
-rw-rw-r-- 1 travis travis  1262 Sep  3 02:09 ModularCG_A1_B2_profile.java
-rw-rw-r-- 1 travis travis  4799 Sep  3 02:09 ModularCG_A1.class
-rw-rw-r-- 1 travis travis 14742 Sep  3 02:09 ModularCG_A1.java
-rw-rw-r-- 1 travis travis   808 Sep  3 02:09 ModularCG_A1.mk
-rw-rw-r-- 1 travis travis  1433 Sep  3 02:09 ModularCG_A1_profile.class
-rw-rw-r-- 1 travis travis  1704 Sep  3 02:09 ModularCG_A1_profile.java
-rw-rw-r-- 1 travis travis  3827 Sep  3 02:09 ModularCG_A2_B1.class
-rw-rw-r-- 1 travis travis 10667 Sep  3 02:09 ModularCG_A2_B1.java
-rw-rw-r-- 1 travis travis   832 Sep  3 02:09 ModularCG_A2_B1.mk
-rw-rw-r-- 1 travis travis  1381 Sep  3 02:09 ModularCG_A2_B1_profile.class
-rw-rw-r-- 1 travis travis  1446 Sep  3 02:09 ModularCG_A2_B1_profile.java
-rw-rw-r-- 1 travis travis  3693 Sep  3 02:09 ModularCG_A2_B2.class
-rw-rw-r-- 1 travis travis  9730 Sep  3 02:09 ModularCG_A2_B2.java
-rw-rw-r-- 1 travis travis   832 Sep  3 02:09 ModularCG_A2_B2.mk
-rw-rw-r-- 1 travis travis  1318 Sep  3 02:09 ModularCG_A2_B2_profile.class
-rw-rw-r-- 1 travis travis  1262 Sep  3 02:09 ModularCG_A2_B2_profile.java
-rw-rw-r-- 1 travis travis  4870 Sep  3 02:09 ModularCG_A2.class
-rw-rw-r-- 1 travis travis 15129 Sep  3 02:09 ModularCG_A2.java
-rw-rw-r-- 1 travis travis   808 Sep  3 02:09 ModularCG_A2.mk
-rw-rw-r-- 1 travis travis  1433 Sep  3 02:09 ModularCG_A2_profile.class
-rw-rw-r-- 1 travis travis  1704 Sep  3 02:09 ModularCG_A2_profile.java
-rw-rw-r-- 1 travis travis  3473 Sep  3 02:09 ModularCGPubSub_A1_A2.class
-rw-rw-r-- 1 travis travis  9076 Sep  3 02:09 ModularCGPubSub_A1_A2.java
-rw-rw-r-- 1 travis travis   880 Sep  3 02:09 ModularCGPubSub_A1_A2.mk
-rw-rw-r-- 1 travis travis  1300 Sep  3 02:09 ModularCGPubSub_A1_A2_profile.class
-rw-rw-r-- 1 travis travis  1222 Sep  3 02:09 ModularCGPubSub_A1_A2_profile.java
-rw-rw-r-- 1 travis travis  3790 Sep  3 02:09 ModularCGPubSub_A1.class
-rw-rw-r-- 1 travis travis  9836 Sep  3 02:09 ModularCGPubSub_A1.java
-rw-rw-r-- 1 travis travis   856 Sep  3 02:09 ModularCGPubSub_A1.mk
-rw-rw-r-- 1 travis travis  1346 Sep  3 02:09 ModularCGPubSub_A1_profile.class
-rw-rw-r-- 1 travis travis  1388 Sep  3 02:09 ModularCGPubSub_A1_profile.java
-rw-rw-r-- 1 travis travis  3988 Sep  3 02:09 ModularCodeGen2_ModularCodeGenTypedCompositeActor.class
-rw-rw-r-- 1 travis travis 11690 Sep  3 02:09 ModularCodeGen2_ModularCodeGenTypedCompositeActor.java
-rw-rw-r-- 1 travis travis  1104 Sep  3 02:09 ModularCodeGen2_ModularCodeGenTypedCompositeActor.mk
-rw-rw-r-- 1 travis travis  4272 Sep  3 02:09 ModularCodeGen2_ModularCodeGenTypedCompositeActor_ModularCodeGenTypedCompositeActor.class
-rw-rw-r-- 1 travis travis 11790 Sep  3 02:09 ModularCodeGen2_ModularCodeGenTypedCompositeActor_ModularCodeGenTypedCompositeActor.java
-rw-rw-r-- 1 travis travis  1376 Sep  3 02:09 ModularCodeGen2_ModularCodeGenTypedCompositeActor_ModularCodeGenTypedCompositeActor.mk
-rw-rw-r-- 1 travis travis  1421 Sep  3 02:09 ModularCodeGen2_ModularCodeGenTypedCompositeActor_ModularCodeGenTypedCompositeActor_profile.class
-rw-rw-r-- 1 travis travis  1294 Sep  3 02:09 ModularCodeGen2_ModularCodeGenTypedCompositeActor_ModularCodeGenTypedCompositeActor_profile.java
-rw-rw-r-- 1 travis travis   820 Sep  3 02:09 ModularCodeGen2_ModularCodeGenTypedCompositeActor_profile.class
-rw-rw-r-- 1 travis travis   693 Sep  3 02:09 ModularCodeGen2_ModularCodeGenTypedCompositeActor_profile.java
-rw-rw-r-- 1 travis travis  3741 Sep  3 02:09 ModularCodeGen3_A1_B1.class
-rw-rw-r-- 1 travis travis  9958 Sep  3 02:09 ModularCodeGen3_A1_B1.java
-rw-rw-r-- 1 travis travis   880 Sep  3 02:09 ModularCodeGen3_A1_B1.mk
-rw-rw-r-- 1 travis travis  1330 Sep  3 02:09 ModularCodeGen3_A1_B1_profile.class
-rw-rw-r-- 1 travis travis  1274 Sep  3 02:09 ModularCodeGen3_A1_B1_profile.java
-rw-rw-r-- 1 travis travis  3741 Sep  3 02:09 ModularCodeGen3_A1_B2.class
-rw-rw-r-- 1 travis travis  9958 Sep  3 02:09 ModularCodeGen3_A1_B2.java
-rw-rw-r-- 1 travis travis   880 Sep  3 02:09 ModularCodeGen3_A1_B2.mk
-rw-rw-r-- 1 travis travis  1330 Sep  3 02:09 ModularCodeGen3_A1_B2_profile.class
-rw-rw-r-- 1 travis travis  1274 Sep  3 02:09 ModularCodeGen3_A1_B2_profile.java
-rw-rw-r-- 1 travis travis  4961 Sep  3 02:09 ModularCodeGen3_A1.class
-rw-rw-r-- 1 travis travis 15564 Sep  3 02:09 ModularCodeGen3_A1.java
-rw-rw-r-- 1 travis travis   856 Sep  3 02:09 ModularCodeGen3_A1.mk
-rw-rw-r-- 1 travis travis  1445 Sep  3 02:09 ModularCodeGen3_A1_profile.class
-rw-rw-r-- 1 travis travis  1716 Sep  3 02:09 ModularCodeGen3_A1_profile.java
-rw-rw-r-- 1 travis travis  3887 Sep  3 02:09 ModularCodeGen3_A2_B1.class
-rw-rw-r-- 1 travis travis 10955 Sep  3 02:09 ModularCodeGen3_A2_B1.java
-rw-rw-r-- 1 travis travis   880 Sep  3 02:09 ModularCodeGen3_A2_B1.mk
-rw-rw-r-- 1 travis travis  1393 Sep  3 02:09 ModularCodeGen3_A2_B1_profile.class
-rw-rw-r-- 1 travis travis  1458 Sep  3 02:09 ModularCodeGen3_A2_B1_profile.java
-rw-rw-r-- 1 travis travis  3741 Sep  3 02:09 ModularCodeGen3_A2_B2.class
-rw-rw-r-- 1 travis travis  9958 Sep  3 02:09 ModularCodeGen3_A2_B2.java
-rw-rw-r-- 1 travis travis   880 Sep  3 02:09 ModularCodeGen3_A2_B2.mk
-rw-rw-r-- 1 travis travis  1330 Sep  3 02:09 ModularCodeGen3_A2_B2_profile.class
-rw-rw-r-- 1 travis travis  1274 Sep  3 02:09 ModularCodeGen3_A2_B2_profile.java
-rw-rw-r-- 1 travis travis  5038 Sep  3 02:09 ModularCodeGen3_A2.class
-rw-rw-r-- 1 travis travis 15957 Sep  3 02:09 ModularCodeGen3_A2.java
-rw-rw-r-- 1 travis travis   856 Sep  3 02:09 ModularCodeGen3_A2.mk
-rw-rw-r-- 1 travis travis  1445 Sep  3 02:09 ModularCodeGen3_A2_profile.class
-rw-rw-r-- 1 travis travis  1716 Sep  3 02:09 ModularCodeGen3_A2_profile.java
-rw-rw-r-- 1 travis travis  3794 Sep  3 02:09 ModularCodeGen4_A1_B1.class
-rw-rw-r-- 1 travis travis 10312 Sep  3 02:09 ModularCodeGen4_A1_B1.java
-rw-rw-r-- 1 travis travis   880 Sep  3 02:09 ModularCodeGen4_A1_B1.mk
-rw-rw-r-- 1 travis travis  1330 Sep  3 02:09 ModularCodeGen4_A1_B1_profile.class
-rw-rw-r-- 1 travis travis  1273 Sep  3 02:09 ModularCodeGen4_A1_B1_profile.java
-rw-rw-r-- 1 travis travis  3794 Sep  3 02:09 ModularCodeGen4_A1_B2.class
-rw-rw-r-- 1 travis travis 10312 Sep  3 02:09 ModularCodeGen4_A1_B2.java
-rw-rw-r-- 1 travis travis   880 Sep  3 02:09 ModularCodeGen4_A1_B2.mk
-rw-rw-r-- 1 travis travis  1330 Sep  3 02:09 ModularCodeGen4_A1_B2_profile.class
-rw-rw-r-- 1 travis travis  1273 Sep  3 02:09 ModularCodeGen4_A1_B2_profile.java
-rw-rw-r-- 1 travis travis  5101 Sep  3 02:09 ModularCodeGen4_A1.class
-rw-rw-r-- 1 travis travis 16245 Sep  3 02:09 ModularCodeGen4_A1.java
-rw-rw-r-- 1 travis travis   856 Sep  3 02:09 ModularCodeGen4_A1.mk
-rw-rw-r-- 1 travis travis  1445 Sep  3 02:09 ModularCodeGen4_A1_profile.class
-rw-rw-r-- 1 travis travis  1712 Sep  3 02:09 ModularCodeGen4_A1_profile.java
-rw-rw-r-- 1 travis travis  3988 Sep  3 02:09 ModularCodeGen4_A2_B1.class
-rw-rw-r-- 1 travis travis 11375 Sep  3 02:09 ModularCodeGen4_A2_B1.java
-rw-rw-r-- 1 travis travis   880 Sep  3 02:09 ModularCodeGen4_A2_B1.mk
-rw-rw-r-- 1 travis travis  1393 Sep  3 02:09 ModularCodeGen4_A2_B1_profile.class
-rw-rw-r-- 1 travis travis  1454 Sep  3 02:09 ModularCodeGen4_A2_B1_profile.java
-rw-rw-r-- 1 travis travis  3842 Sep  3 02:10 ModularCodeGen4_A2_B2.class
-rw-rw-r-- 1 travis travis 10378 Sep  3 02:10 ModularCodeGen4_A2_B2.java
-rw-rw-r-- 1 travis travis   880 Sep  3 02:10 ModularCodeGen4_A2_B2.mk
-rw-rw-r-- 1 travis travis  1330 Sep  3 02:10 ModularCodeGen4_A2_B2_profile.class
-rw-rw-r-- 1 travis travis  1270 Sep  3 02:09 ModularCodeGen4_A2_B2_profile.java
-rw-rw-r-- 1 travis travis  5274 Sep  3 02:10 ModularCodeGen4_A2.class
-rw-rw-r-- 1 travis travis 16770 Sep  3 02:10 ModularCodeGen4_A2.java
-rw-rw-r-- 1 travis travis   856 Sep  3 02:10 ModularCodeGen4_A2.mk
-rw-rw-r-- 1 travis travis  1445 Sep  3 02:10 ModularCodeGen4_A2_profile.class
-rw-rw-r-- 1 travis travis  1712 Sep  3 02:10 ModularCodeGen4_A2_profile.java
-rw-rw-r-- 1 travis travis  6838 Sep  3 02:10 ModularCodeGen5_A_A.class
-rw-rw-r-- 1 travis travis 28721 Sep  3 02:10 ModularCodeGen5_A_A.java
-rw-rw-r-- 1 travis travis   864 Sep  3 02:10 ModularCodeGen5_A_A.mk
-rw-rw-r-- 1 travis travis  1520 Sep  3 02:10 ModularCodeGen5_A_A_profile.class
-rw-rw-r-- 1 travis travis  1815 Sep  3 02:10 ModularCodeGen5_A_A_profile.java
-rw-rw-r-- 1 travis travis  5115 Sep  3 02:10 ModularCodeGen5_A.class
-rw-rw-r-- 1 travis travis 13769 Sep  3 02:10 ModularCodeGen5_A.java
-rw-rw-r-- 1 travis travis   848 Sep  3 02:10 ModularCodeGen5_A.mk
-rw-rw-r-- 1 travis travis  1422 Sep  3 02:10 ModularCodeGen5_A_profile.class
-rw-rw-r-- 1 travis travis  1605 Sep  3 02:10 ModularCodeGen5_A_profile.java
-rw-rw-r-- 1 travis travis  4125 Sep  3 02:10 ModularCodeGen6_A_A2.class
-rw-rw-r-- 1 travis travis 11329 Sep  3 02:10 ModularCodeGen6_A_A2.java
-rw-rw-r-- 1 travis travis   872 Sep  3 02:10 ModularCodeGen6_A_A2.mk
-rw-rw-r-- 1 travis travis  1351 Sep  3 02:10 ModularCodeGen6_A_A2_profile.class
-rw-rw-r-- 1 travis travis  1364 Sep  3 02:10 ModularCodeGen6_A_A2_profile.java
-rw-rw-r-- 1 travis travis  4108 Sep  3 02:10 ModularCodeGen6_A_A.class
-rw-rw-r-- 1 travis travis 11221 Sep  3 02:10 ModularCodeGen6_A_A.java
-rw-rw-r-- 1 travis travis   864 Sep  3 02:10 ModularCodeGen6_A_A.mk
-rw-rw-r-- 1 travis travis  1348 Sep  3 02:10 ModularCodeGen6_A_A_profile.class
-rw-rw-r-- 1 travis travis  1361 Sep  3 02:10 ModularCodeGen6_A_A_profile.java
-rw-rw-r-- 1 travis travis  1810 Sep  3 02:10 ModularCodeGen6_A_profile.java
-rw-rw-r-- 1 travis travis  3954 Sep  3 02:09 ModularCodeGen_ModularCodeGenTypedCompositeActor.class
-rw-rw-r-- 1 travis travis 10970 Sep  3 02:09 ModularCodeGen_ModularCodeGenTypedCompositeActor.java
-rw-rw-r-- 1 travis travis  1096 Sep  3 02:09 ModularCodeGen_ModularCodeGenTypedCompositeActor.mk
-rw-rw-r-- 1 travis travis  1384 Sep  3 02:09 ModularCodeGen_ModularCodeGenTypedCompositeActor_profile.class
-rw-rw-r-- 1 travis travis  1328 Sep  3 02:09 ModularCodeGen_ModularCodeGenTypedCompositeActor_profile.java
-rw-rw-r-- 1 travis travis  3492 Sep  3 02:08 ModularCodeGenTest_A1_A2.class
-rw-rw-r-- 1 travis travis  9164 Sep  3 02:08 ModularCodeGenTest_A1_A2.java
-rw-rw-r-- 1 travis travis   904 Sep  3 02:08 ModularCodeGenTest_A1_A2.mk
-rw-rw-r-- 1 travis travis  1306 Sep  3 02:08 ModularCodeGenTest_A1_A2_profile.class
-rw-rw-r-- 1 travis travis  1228 Sep  3 02:08 ModularCodeGenTest_A1_A2_profile.java
-rw-rw-r-- 1 travis travis  3823 Sep  3 02:09 ModularCodeGenTest_A1.class
-rw-rw-r-- 1 travis travis  9968 Sep  3 02:09 ModularCodeGenTest_A1.java
-rw-rw-r-- 1 travis travis   880 Sep  3 02:09 ModularCodeGenTest_A1.mk
-rw-rw-r-- 1 travis travis  1352 Sep  3 02:09 ModularCodeGenTest_A1_profile.class
-rw-rw-r-- 1 travis travis  1394 Sep  3 02:08 ModularCodeGenTest_A1_profile.java
-rw-rw-r-- 1 travis travis   432 Sep  3 02:10 Token.class
-rw-rw-r-- 1 travis travis   251 Sep  3 02:10 Token.java
In "/home/travis/cg", about to execute:
    javac -classpath
.:/home/travis/build/icyphy/ptII:/home/travis/build/icyphy/ptII/lib/bsh-2.0b4.j
ar:/home/travis/build/icyphy/ptII/lib/ptCal.jar:/home/travis/build/icyphy/ptII/
lib/java_cup.jar:/home/travis/build/icyphy/ptII/lib/saxon8.jar:/home/travis/bui
ld/icyphy/ptII/lib/saxon8-dom.jar:/home/travis/build/icyphy/ptII/lib/chic.jar:/
home/travis/build/icyphy/ptII/lib/ptcolt.jar:/usr/lib/jvm/java-8-oracle/lib/too
ls.jar:/usr/lib/eclipse/plugins/org.eclipse.jdt.core_3.8.2.dist.jar:/usr/lib/ec
lipse/plugins/org.eclipse.core.runtime_3.8.0.dist.jar:/usr/lib/eclipse/plugins/
org.eclipse.osgi_3.8.1.dist.jar:/usr/lib/eclipse/plugins/org.eclipse.core.resou
rces_3.8.1.dist.jar:/usr/lib/eclipse/plugins/org.eclipse.equinox.common_3.6.100
.dist.jar:/usr/lib/eclipse/plugins/org.eclipse.core.jobs_3.5.200.dist.jar:/usr/
lib/eclipse/plugins/org.eclipse.core.contenttype_3.4.200.dist.jar:/usr/lib/ecli
pse/plugins/org.eclipse.equinox.preferences_3.5.0.dist.jar:/usr/lib/eclipse/plu
gins/org.eclipse.text_3.5.200.dist.jar:/usr/lib/eclipse/plugins/org.eclipse.ui.
workbench_3.8.1.dist.jar:/usr/lib/eclipse/plugins/org.eclipse.jface_3.8.0.dist.
jar:/usr/lib/eclipse/plugins/org.eclipse.swt_3.8.2.jar:/usr/lib/eclipse/plugins
/org.eclipse.jface.text_3.8.1.dist.jar:/usr/lib/eclipse/plugins/org.eclipse.ui.
workbench.texteditor_3.8.0.dist.jar:/usr/lib/eclipse/plugins/org.eclipse.ui.edi
tors_3.8.0.dist.jar:/usr/lib/eclipse/plugins/org.eclipse.core.commands_3.6.1.di
st.jar:/usr/lib/eclipse/plugins/org.eclipse.equinox.registry_3.5.200.dist.jar:/
usr/lib/eclipse/plugins/org.eclipse.ui.console_3.5.100.dist.jar:/usr/lib/eclips
e/plugins/org.eclipse.ui.forms_3.5.200.dist.jar:/usr/lib/eclipse/plugins/org.ec
lipse.ui.ide_3.8.1.dist.jar:/home/travis/build/icyphy/ptII/vendors/oracle/dbxml
.jar:/home/travis/build/icyphy/ptII/vendors/oracle/db.jar:/home/travis/build/ic
yphy/ptII/vendors/misc/itext/iText.jar:/home/travis/build/icyphy/ptII/lib/g4ltl
.jar:/home/travis/build/icyphy/ptII/lib/StructuralCoder.jar:/home/travis/build/
icyphy/ptII/lib/org-openide-util.jar:/home/travis/build/icyphy/ptII/lib/org-ope
nide-util-lookup.jar:/home/travis/build/icyphy/ptII/lib/org-netbeans-api-visual
.jar:/home/travis/build/icyphy/ptII/vendors/jai-1_1_2_01/lib/jai_core.jar:/home
/travis/build/icyphy/ptII/vendors/jai-1_1_2_01/lib/jai_codec.jar:/home/travis/b
uild/icyphy/ptII/lib/jcerti.jar:/home/travis/build/icyphy/ptII/lib/smack.jar:/h
ome/travis/build/icyphy/ptII/lib/smackx.jar:/home/travis/build/icyphy/ptII/lib/
jetty-all-8.1.5-v20120716.jar:/home/travis/build/icyphy/ptII/lib/javax.servlet-
api-3.0.1.jar:/home/travis/build/icyphy/ptII/lib/javax.mail.jar:/home/travis/bu
ild/icyphy/ptII/vendors/JMF-2.1.1e/lib/jmf.jar:/home/travis/build/icyphy/ptII/l
ib/jna-4.0.0-variadic.jar:/home/travis/build/icyphy/ptII/vendors/misc/joystick/
Joystick.jar:/home/travis/build/icyphy/ptII/lib/ptjacl.jar:/home/travis/build/i
cyphy/ptII/lib/jsoup-1.8.2.jar:/home/travis/build/icyphy/ptII/lib/junit-4.8.2.j
ar:/home/travis/build/icyphy/ptII/lib/JUnitParams-0.4.0.jar:/home/travis/build/
icyphy/ptII/ptolemy/actor/lib/excel/jxl.jar:/home/travis/build/icyphy/ptII/lib/
jython.jar:/home/travis/build/icyphy/ptII/lib/kieler.jar:/home/travis/build/icy
phy/ptII/vendors/opencv/share/OpenCV/java/opencv-341.jar:/home/travis/build/icy
phy/ptII/lib/oscP5.jar:/home/travis/build/icyphy/ptII/lib/nrjavaserial-3.11.0.d
evel.jar:/home/travis/build/icyphy/ptII/vendors/j3d/lib/j3dcore.jar:/home/travi
s/build/icyphy/ptII/vendors/j3d/lib/j3dutils.jar:/home/travis/build/icyphy/ptII
/vendors/j3d/lib/vecmath.jar:/home/travis/build/icyphy/ptII/ptolemy/distributed
/jini/jar/jini-core.jar:/home/travis/build/icyphy/ptII/ptolemy/distributed/jini
/jar/jini-ext.jar:/home/travis/build/icyphy/ptII/ptolemy/distributed/jini/jar/s
un-util.jar:/home/travis/build/icyphy/ptII/lib/protobuf-java-2.4.1.jar:/home/tr
avis/build/icyphy/ptII/lib/org.eclipse.paho.client.mqttv3.jar:/home/travis/buil
d/icyphy/ptII/ptserver/lib/hessian-4.0.7.jar:/home/travis/build/icyphy/ptII/pts
erver/lib/wmqtt.jar:/home/travis/build/icyphy/ptII/lib/mapss.jar:/home/travis/b
uild/icyphy/ptII/ptolemy/actor/ptalon/antlr/antlr.jar:/home/travis/build/icyphy
/ptII/lib/JRI.jar:/home/travis/build/icyphy/ptII/lib/commons-lang-2.6.jar:/home
/travis/build/icyphy/ptII/lib/commons-logging-1.1.1.jar:/home/travis/build/icyp
hy/ptII/lib/sootclasses.jar:/home/travis/build/icyphy/ptII/ptolemy/actor/lib/da
tabase/mysql-connector-java-5.1.6-bin.jar:/home/travis/build/icyphy/ptII/vendor
s/misc/sphinx4/sphinx4-data-5prealpha.jar:/home/travis/build/icyphy/ptII/vendor
s/misc/sphinx4/sphinx4-core-5prealpha.jar:/home/travis/build/icyphy/ptII/lib/PD
FRenderer.jar:/home/travis/build/icyphy/ptII/lib/svgSalamander.jar:/home/travis
/build/icyphy/ptII/lib/rsyntaxtextarea-2.6.0-SNAPSHOT.jar:/home/travis/build/ic
yphy/ptII/lib/hazelcast-3.8.2.jar:/home/travis/build/icyphy/ptII/lib/jackson-an
notations-2.9.0.jar:/home/travis/build/icyphy/ptII/lib/jackson-core-2.9.3.jar:/
home/travis/build/icyphy/ptII/lib/jackson-databind-2.9.3.jar:/home/travis/build
/icyphy/ptII/lib/netty-buffer-4.1.19.Final.jar:/home/travis/build/icyphy/ptII/l
ib/netty-codec-4.1.19.Final.jar:/home/travis/build/icyphy/ptII/lib/netty-codec-
dns-4.1.19.Final.jar:/home/travis/build/icyphy/ptII/lib/netty-codec-http-4.1.19
.Final.jar:/home/travis/build/icyphy/ptII/lib/netty-codec-http2-4.1.19.Final.ja
r:/home/travis/build/icyphy/ptII/lib/netty-common-4.1.19.Final.jar:/home/travis
/build/icyphy/ptII/lib/netty-handler-4.1.19.Final.jar:/home/travis/build/icyphy
/ptII/lib/netty-resolver-4.1.19.Final.jar:/home/travis/build/icyphy/ptII/lib/ne
tty-resolver-dns-4.1.19.Final.jar:/home/travis/build/icyphy/ptII/lib/netty-tran
sport-4.1.19.Final.jar:/home/travis/build/icyphy/ptII/lib/vertx-codegen-3.5.1.j
ar:/home/travis/build/icyphy/ptII/lib/vertx-core-3.5.2-SNAPSHOT.jar:/home/travi
s/build/icyphy/ptII/lib/vertx-hazelcast-3.5.1.jar:/home/travis/build/icyphy/ptI
I/lib/vertx-lang-js-3.5.1.jar:/home/travis/build/icyphy/ptII/lib/vertx-service-
proxy-3.5.1.jar:/home/travis/build/icyphy/ptII/lib/vertx-web-3.5.1.jar:/home/tr
avis/build/icyphy/ptII/lib/slf4j-api-1.7.13.jar:/home/travis/build/icyphy/ptII/
lib/slf4j-simple-1.7.13.jar:/home/travis/build/icyphy/ptII/lib/webcam-capture-0
.3.12.jar:/home/travis/build/icyphy/ptII/lib/bridj-0.7.0.jar:/home/travis/build
/icyphy/ptII/lib/xbjlib-1.1.0.nrjavaserial.jar:/home/travis/build/icyphy/ptII/p
tolemy/moml/test:/home/travis/build/icyphy/ptII/ant/lib/ant-launcher.jar:/home/
travis/build/icyphy/ptII/ant/lib/ant.jar:/home/travis/build/icyphy/ptII/ant/lib
/ant-junit.jar:/home/travis/build/icyphy/ptII/ant/lib/ant-junit4.jar:/home/trav
is/build/icyphy/ptII ModularCodeGen6_A_profile.java
warning: Supported source version 'RELEASE_6' from annotation processor 'org.netbeans.modules.openide.util.NbBundleProcessor' less than -source '1.8'
warning: Supported source version 'RELEASE_6' from annotation processor 'org.netbeans.modules.openide.util.URLStreamHandlerRegistrationProcessor' less than -source '1.8'
warning: Supported source version 'RELEASE_6' from annotation processor 'org.netbeans.modules.openide.util.ServiceProviderProcessor' less than -source '1.8'
3 warnings
All Done
Writing ModularCodeGen6_A.java in file:/home/travis/cg/ (26535 characters)
Reading "ptolemy/cg/kernel/generic/program/procedural/java/modular/makefile.in",
    writing "/home/travis/cg/ModularCodeGen6_A.mk"
Using ptolemy/cg/kernel/generic/program/procedural/java/modular/makefile.in
In "/home/travis/cg", about to execute:
    make -f ModularCodeGen6_A.mk
javac -classpath ".:.."    ModularCodeGen6_A.java
All Done
7264 ms. Memory: 182784K Free: 71970K (39%)
----------------- Invoking toplevel() on ptolemy.moml.MoMLSimpleApplication@5c987d15
----------------- Done invoking toplevel() on ptolemy.moml.MoMLSimpleApplication@5c987d15
reloadAllAccessors: .ModularCodeGen6

===========================================================================================
----------------- testing Mon Sep 03 02:10:16 UTC 2018 /home/travis/build/icyphy/ptII/ptolemy/cg/lib/test/auto/ModularCodeGenLazyPubSub.xml
----------------- Instantiating /home/travis/build/icyphy/ptII/ptolemy/cg/lib/test/auto/ModularCodeGenLazyPubSub.xml
In "/home/travis/cg", about to execute:
    pwd
In "/home/travis/cg", about to execute:
    ls -l
/home/travis/cg
In "/home/travis/cg", about to execute:
    javac -classpath
.:/home/travis/build/icyphy/ptII:/home/travis/build/icyphy/ptII/lib/bsh-2.0b4.j
ar:/home/travis/build/icyphy/ptII/lib/ptCal.jar:/home/travis/build/icyphy/ptII/
lib/java_cup.jar:/home/travis/build/icyphy/ptII/lib/saxon8.jar:/home/travis/bui
ld/icyphy/ptII/lib/saxon8-dom.jar:/home/travis/build/icyphy/ptII/lib/chic.jar:/
home/travis/build/icyphy/ptII/lib/ptcolt.jar:/usr/lib/jvm/java-8-oracle/lib/too
ls.jar:/usr/lib/eclipse/plugins/org.eclipse.jdt.core_3.8.2.dist.jar:/usr/lib/ec
lipse/plugins/org.eclipse.core.runtime_3.8.0.dist.jar:/usr/lib/eclipse/plugins/
org.eclipse.osgi_3.8.1.dist.jar:/usr/lib/eclipse/plugins/org.eclipse.core.resou
rces_3.8.1.dist.jar:/usr/lib/eclipse/plugins/org.eclipse.equinox.common_3.6.100
.dist.jar:/usr/lib/eclipse/plugins/org.eclipse.core.jobs_3.5.200.dist.jar:/usr/
lib/eclipse/plugins/org.eclipse.core.contenttype_3.4.200.dist.jar:/usr/lib/ecli
pse/plugins/org.eclipse.equinox.preferences_3.5.0.dist.jar:/usr/lib/eclipse/plu
gins/org.eclipse.text_3.5.200.dist.jar:/usr/lib/eclipse/plugins/org.eclipse.ui.
workbench_3.8.1.dist.jar:/usr/lib/eclipse/plugins/org.eclipse.jface_3.8.0.dist.
jar:/usr/lib/eclipse/plugins/org.eclipse.swt_3.8.2.jar:/usr/lib/eclipse/plugins
/org.eclipse.jface.text_3.8.1.dist.jar:/usr/lib/eclipse/plugins/org.eclipse.ui.
workbench.texteditor_3.8.0.dist.jar:/usr/lib/eclipse/plugins/org.eclipse.ui.edi
tors_3.8.0.dist.jar:/usr/lib/eclipse/plugins/org.eclipse.core.commands_3.6.1.di
st.jar:/usr/lib/eclipse/plugins/org.eclipse.equinox.registry_3.5.200.dist.jar:/
usr/lib/eclipse/plugins/org.eclipse.ui.console_3.5.100.dist.jar:/usr/lib/eclips
e/plugins/org.eclipse.ui.forms_3.5.200.dist.jar:/usr/lib/eclipse/plugins/org.ec
lipse.ui.ide_3.8.1.dist.jar:/home/travis/build/icyphy/ptII/vendors/oracle/dbxml
.jar:/home/travis/build/icyphy/ptII/vendors/oracle/db.jar:/home/travis/build/ic
yphy/ptII/vendors/misc/itext/iText.jar:/home/travis/build/icyphy/ptII/lib/g4ltl
.jar:/home/travis/build/icyphy/ptII/lib/StructuralCoder.jar:/home/travis/build/
icyphy/ptII/lib/org-openide-util.jar:/home/travis/build/icyphy/ptII/lib/org-ope
nide-util-lookup.jar:/home/travis/build/icyphy/ptII/lib/org-netbeans-api-visual
.jar:/home/travis/build/icyphy/ptII/vendors/jai-1_1_2_01/lib/jai_core.jar:/home
/travis/build/icyphy/ptII/vendors/jai-1_1_2_01/lib/jai_codec.jar:/home/travis/b
uild/icyphy/ptII/lib/jcerti.jar:/home/travis/build/icyphy/ptII/lib/smack.jar:/h
ome/travis/build/icyphy/ptII/lib/smackx.jar:/home/travis/build/icyphy/ptII/lib/
jetty-all-8.1.5-v20120716.jar:/home/travis/build/icyphy/ptII/lib/javax.servlet-
api-3.0.1.jar:/home/travis/build/icyphy/ptII/lib/javax.mail.jar:/home/travis/bu
ild/icyphy/ptII/vendors/JMF-2.1.1e/lib/jmf.jar:/home/travis/build/icyphy/ptII/l
ib/jna-4.0.0-variadic.jar:/home/travis/build/icyphy/ptII/vendors/misc/joystick/
Joystick.jar:/home/travis/build/icyphy/ptII/lib/ptjacl.jar:/home/travis/build/i
cyphy/ptII/lib/jsoup-1.8.2.jar:/home/travis/build/icyphy/ptII/lib/junit-4.8.2.j
ar:/home/travis/build/icyphy/ptII/lib/JUnitParams-0.4.0.jar:/home/travis/build/
icyphy/ptII/ptolemy/actor/lib/excel/jxl.jar:/home/travis/build/icyphy/ptII/lib/
jython.jar:/home/travis/build/icyphy/ptII/lib/kieler.jar:/home/travis/build/icy
phy/ptII/vendors/opencv/share/OpenCV/java/opencv-341.jar:/home/travis/build/icy
phy/ptII/lib/oscP5.jar:/home/travis/build/icyphy/ptII/lib/nrjavaserial-3.11.0.d
evel.jar:/home/travis/build/icyphy/ptII/vendors/j3d/lib/j3dcore.jar:/home/travi
s/build/icyphy/ptII/vendors/j3d/lib/j3dutils.jar:/home/travis/build/icyphy/ptII
/vendors/j3d/lib/vecmath.jar:/home/travis/build/icyphy/ptII/ptolemy/distributed
/jini/jar/jini-core.jar:/home/travis/build/icyphy/ptII/ptolemy/distributed/jini
/jar/jini-ext.jar:/home/travis/build/icyphy/ptII/ptolemy/distributed/jini/jar/s
un-util.jar:/home/travis/build/icyphy/ptII/lib/protobuf-java-2.4.1.jar:/home/tr
avis/build/icyphy/ptII/lib/org.eclipse.paho.client.mqttv3.jar:/home/travis/buil
d/icyphy/ptII/ptserver/lib/hessian-4.0.7.jar:/home/travis/build/icyphy/ptII/pts
erver/lib/wmqtt.jar:/home/travis/build/icyphy/ptII/lib/mapss.jar:/home/travis/b
uild/icyphy/ptII/ptolemy/actor/ptalon/antlr/antlr.jar:/home/travis/build/icyphy
/ptII/lib/JRI.jar:/home/travis/build/icyphy/ptII/lib/commons-lang-2.6.jar:/home
/travis/build/icyphy/ptII/lib/commons-logging-1.1.1.jar:/home/travis/build/icyp
hy/ptII/lib/sootclasses.jar:/home/travis/build/icyphy/ptII/ptolemy/actor/lib/da
tabase/mysql-connector-java-5.1.6-bin.jar:/home/travis/build/icyphy/ptII/vendor
s/misc/sphinx4/sphinx4-data-5prealpha.jar:/home/travis/build/icyphy/ptII/vendor
s/misc/sphinx4/sphinx4-core-5prealpha.jar:/home/travis/build/icyphy/ptII/lib/PD
FRenderer.jar:/home/travis/build/icyphy/ptII/lib/svgSalamander.jar:/home/travis
/build/icyphy/ptII/lib/rsyntaxtextarea-2.6.0-SNAPSHOT.jar:/home/travis/build/ic
yphy/ptII/lib/hazelcast-3.8.2.jar:/home/travis/build/icyphy/ptII/lib/jackson-an
notations-2.9.0.jar:/home/travis/build/icyphy/ptII/lib/jackson-core-2.9.3.jar:/
home/travis/build/icyphy/ptII/lib/jackson-databind-2.9.3.jar:/home/travis/build
/icyphy/ptII/lib/netty-buffer-4.1.19.Final.jar:/home/travis/build/icyphy/ptII/l
ib/netty-codec-4.1.19.Final.jar:/home/travis/build/icyphy/ptII/lib/netty-codec-
dns-4.1.19.Final.jar:/home/travis/build/icyphy/ptII/lib/netty-codec-http-4.1.19
.Final.jar:/home/travis/build/icyphy/ptII/lib/netty-codec-http2-4.1.19.Final.ja
r:/home/travis/build/icyphy/ptII/lib/netty-common-4.1.19.Final.jar:/home/travis
/build/icyphy/ptII/lib/netty-handler-4.1.19.Final.jar:/home/travis/build/icyphy
/ptII/lib/netty-resolver-4.1.19.Final.jar:/home/travis/build/icyphy/ptII/lib/ne
tty-resolver-dns-4.1.19.Final.jar:/home/travis/build/icyphy/ptII/lib/netty-tran
sport-4.1.19.Final.jar:/home/travis/build/icyphy/ptII/lib/vertx-codegen-3.5.1.j
ar:/home/travis/build/icyphy/ptII/lib/vertx-core-3.5.2-SNAPSHOT.jar:/home/travi
s/build/icyphy/ptII/lib/vertx-hazelcast-3.5.1.jar:/home/travis/build/icyphy/ptI
I/lib/vertx-lang-js-3.5.1.jar:/home/travis/build/icyphy/ptII/lib/vertx-service-
proxy-3.5.1.jar:/home/travis/build/icyphy/ptII/lib/vertx-web-3.5.1.jar:/home/tr
avis/build/icyphy/ptII/lib/slf4j-api-1.7.13.jar:/home/travis/build/icyphy/ptII/
lib/slf4j-simple-1.7.13.jar:/home/travis/build/icyphy/ptII/lib/webcam-capture-0
.3.12.jar:/home/travis/build/icyphy/ptII/lib/bridj-0.7.0.jar:/home/travis/build
/icyphy/ptII/lib/xbjlib-1.1.0.nrjavaserial.jar:/home/travis/build/icyphy/ptII/p
tolemy/moml/test:/home/travis/build/icyphy/ptII/ant/lib/ant-launcher.jar:/home/
travis/build/icyphy/ptII/ant/lib/ant.jar:/home/travis/build/icyphy/ptII/ant/lib
/ant-junit.jar:/home/travis/build/icyphy/ptII/ant/lib/ant-junit4.jar:/home/trav
is/build/icyphy/ptII ModularCodeGenLazyPubSub_LazyCompositeActor_profile.java
total 1116
-rw-rw-r-- 1 travis travis  4895 Sep  3 02:09 CompiledCompositeActor_CompiledCompositeActor.class
-rw-rw-r-- 1 travis travis  1592 Sep  3 02:09 CompiledCompositeActor_CompiledCompositeActor$_CompiledCompositeActor_CompiledCompositeActor.class
-rw-rw-r-- 1 travis travis 13466 Sep  3 02:09 CompiledCompositeActor_CompiledCompositeActor.java
-rw-rw-r-- 1 travis travis  1593 Sep  3 02:09 CompiledCompositeActor_CompiledCompositeActor.mk
-rw-rw-r-- 1 travis travis  4457 Sep  3 02:09 JavaCompiledCompositeTest1_CompiledCompositeActor.class
-rw-rw-r-- 1 travis travis 11637 Sep  3 02:09 JavaCompiledCompositeTest1_CompiledCompositeActor.java
-rw-rw-r-- 1 travis travis  1198 Sep  3 02:09 JavaCompiledCompositeTest1_CompiledCompositeActor$_JavaCompiledCompositeTest1_CompiledCompositeActor.class
-rw-rw-r-- 1 travis travis  1625 Sep  3 02:09 JavaCompiledCompositeTest1_CompiledCompositeActor.mk
-rw-rw-r-- 1 travis travis  4888 Sep  3 02:09 JavaCompiledCompositeTest2_CompiledCompositeActor.class
-rw-rw-r-- 1 travis travis 14919 Sep  3 02:09 JavaCompiledCompositeTest2_CompiledCompositeActor.java
-rw-rw-r-- 1 travis travis  1793 Sep  3 02:09 JavaCompiledCompositeTest2_CompiledCompositeActor$_JavaCompiledCompositeTest2_CompiledCompositeActor.class
-rw-rw-r-- 1 travis travis  1625 Sep  3 02:09 JavaCompiledCompositeTest2_CompiledCompositeActor.mk
-rw-rw-r-- 1 travis travis  4505 Sep  3 02:09 JavaCompiledCompositeTest3_CompiledCompositeActor.class
-rw-rw-r-- 1 travis travis 13080 Sep  3 02:09 JavaCompiledCompositeTest3_CompiledCompositeActor.java
-rw-rw-r-- 1 travis travis  1378 Sep  3 02:09 JavaCompiledCompositeTest3_CompiledCompositeActor$_JavaCompiledCompositeTest3_CompiledCompositeActor.class
-rw-rw-r-- 1 travis travis  1625 Sep  3 02:09 JavaCompiledCompositeTest3_CompiledCompositeActor.mk
-rw-rw-r-- 1 travis travis  3953 Sep  3 02:09 JavaCompiledCompositeTest4_CompiledCompositeActor.class
-rw-rw-r-- 1 travis travis  9687 Sep  3 02:09 JavaCompiledCompositeTest4_CompiledCompositeActor.java
-rw-rw-r-- 1 travis travis   857 Sep  3 02:09 JavaCompiledCompositeTest4_CompiledCompositeActor$_JavaCompiledCompositeTest4_CompiledCompositeActor.class
-rw-rw-r-- 1 travis travis  1625 Sep  3 02:09 JavaCompiledCompositeTest4_CompiledCompositeActor.mk
-rw-rw-r-- 1 travis travis  3693 Sep  3 02:09 ModularCG_A1_B1.class
-rw-rw-r-- 1 travis travis  9730 Sep  3 02:09 ModularCG_A1_B1.java
-rw-rw-r-- 1 travis travis   832 Sep  3 02:09 ModularCG_A1_B1.mk
-rw-rw-r-- 1 travis travis  1318 Sep  3 02:09 ModularCG_A1_B1_profile.class
-rw-rw-r-- 1 travis travis  1262 Sep  3 02:09 ModularCG_A1_B1_profile.java
-rw-rw-r-- 1 travis travis  3693 Sep  3 02:09 ModularCG_A1_B2.class
-rw-rw-r-- 1 travis travis  9730 Sep  3 02:09 ModularCG_A1_B2.java
-rw-rw-r-- 1 travis travis   832 Sep  3 02:09 ModularCG_A1_B2.mk
-rw-rw-r-- 1 travis travis  1318 Sep  3 02:09 ModularCG_A1_B2_profile.class
-rw-rw-r-- 1 travis travis  1262 Sep  3 02:09 ModularCG_A1_B2_profile.java
-rw-rw-r-- 1 travis travis  4799 Sep  3 02:09 ModularCG_A1.class
-rw-rw-r-- 1 travis travis 14742 Sep  3 02:09 ModularCG_A1.java
-rw-rw-r-- 1 travis travis   808 Sep  3 02:09 ModularCG_A1.mk
-rw-rw-r-- 1 travis travis  1433 Sep  3 02:09 ModularCG_A1_profile.class
-rw-rw-r-- 1 travis travis  1704 Sep  3 02:09 ModularCG_A1_profile.java
-rw-rw-r-- 1 travis travis  3827 Sep  3 02:09 ModularCG_A2_B1.class
-rw-rw-r-- 1 travis travis 10667 Sep  3 02:09 ModularCG_A2_B1.java
-rw-rw-r-- 1 travis travis   832 Sep  3 02:09 ModularCG_A2_B1.mk
-rw-rw-r-- 1 travis travis  1381 Sep  3 02:09 ModularCG_A2_B1_profile.class
-rw-rw-r-- 1 travis travis  1446 Sep  3 02:09 ModularCG_A2_B1_profile.java
-rw-rw-r-- 1 travis travis  3693 Sep  3 02:09 ModularCG_A2_B2.class
-rw-rw-r-- 1 travis travis  9730 Sep  3 02:09 ModularCG_A2_B2.java
-rw-rw-r-- 1 travis travis   832 Sep  3 02:09 ModularCG_A2_B2.mk
-rw-rw-r-- 1 travis travis  1318 Sep  3 02:09 ModularCG_A2_B2_profile.class
-rw-rw-r-- 1 travis travis  1262 Sep  3 02:09 ModularCG_A2_B2_profile.java
-rw-rw-r-- 1 travis travis  4870 Sep  3 02:09 ModularCG_A2.class
-rw-rw-r-- 1 travis travis 15129 Sep  3 02:09 ModularCG_A2.java
-rw-rw-r-- 1 travis travis   808 Sep  3 02:09 ModularCG_A2.mk
-rw-rw-r-- 1 travis travis  1433 Sep  3 02:09 ModularCG_A2_profile.class
-rw-rw-r-- 1 travis travis  1704 Sep  3 02:09 ModularCG_A2_profile.java
-rw-rw-r-- 1 travis travis  3473 Sep  3 02:09 ModularCGPubSub_A1_A2.class
-rw-rw-r-- 1 travis travis  9076 Sep  3 02:09 ModularCGPubSub_A1_A2.java
-rw-rw-r-- 1 travis travis   880 Sep  3 02:09 ModularCGPubSub_A1_A2.mk
-rw-rw-r-- 1 travis travis  1300 Sep  3 02:09 ModularCGPubSub_A1_A2_profile.class
-rw-rw-r-- 1 travis travis  1222 Sep  3 02:09 ModularCGPubSub_A1_A2_profile.java
-rw-rw-r-- 1 travis travis  3790 Sep  3 02:09 ModularCGPubSub_A1.class
-rw-rw-r-- 1 travis travis  9836 Sep  3 02:09 ModularCGPubSub_A1.java
-rw-rw-r-- 1 travis travis   856 Sep  3 02:09 ModularCGPubSub_A1.mk
-rw-rw-r-- 1 travis travis  1346 Sep  3 02:09 ModularCGPubSub_A1_profile.class
-rw-rw-r-- 1 travis travis  1388 Sep  3 02:09 ModularCGPubSub_A1_profile.java
-rw-rw-r-- 1 travis travis  3988 Sep  3 02:09 ModularCodeGen2_ModularCodeGenTypedCompositeActor.class
-rw-rw-r-- 1 travis travis 11690 Sep  3 02:09 ModularCodeGen2_ModularCodeGenTypedCompositeActor.java
-rw-rw-r-- 1 travis travis  1104 Sep  3 02:09 ModularCodeGen2_ModularCodeGenTypedCompositeActor.mk
-rw-rw-r-- 1 travis travis  4272 Sep  3 02:09 ModularCodeGen2_ModularCodeGenTypedCompositeActor_ModularCodeGenTypedCompositeActor.class
-rw-rw-r-- 1 travis travis 11790 Sep  3 02:09 ModularCodeGen2_ModularCodeGenTypedCompositeActor_ModularCodeGenTypedCompositeActor.java
-rw-rw-r-- 1 travis travis  1376 Sep  3 02:09 ModularCodeGen2_ModularCodeGenTypedCompositeActor_ModularCodeGenTypedCompositeActor.mk
-rw-rw-r-- 1 travis travis  1421 Sep  3 02:09 ModularCodeGen2_ModularCodeGenTypedCompositeActor_ModularCodeGenTypedCompositeActor_profile.class
-rw-rw-r-- 1 travis travis  1294 Sep  3 02:09 ModularCodeGen2_ModularCodeGenTypedCompositeActor_ModularCodeGenTypedCompositeActor_profile.java
-rw-rw-r-- 1 travis travis   820 Sep  3 02:09 ModularCodeGen2_ModularCodeGenTypedCompositeActor_profile.class
-rw-rw-r-- 1 travis travis   693 Sep  3 02:09 ModularCodeGen2_ModularCodeGenTypedCompositeActor_profile.java
-rw-rw-r-- 1 travis travis  3741 Sep  3 02:09 ModularCodeGen3_A1_B1.class
-rw-rw-r-- 1 travis travis  9958 Sep  3 02:09 ModularCodeGen3_A1_B1.java
-rw-rw-r-- 1 travis travis   880 Sep  3 02:09 ModularCodeGen3_A1_B1.mk
-rw-rw-r-- 1 travis travis  1330 Sep  3 02:09 ModularCodeGen3_A1_B1_profile.class
-rw-rw-r-- 1 travis travis  1274 Sep  3 02:09 ModularCodeGen3_A1_B1_profile.java
-rw-rw-r-- 1 travis travis  3741 Sep  3 02:09 ModularCodeGen3_A1_B2.class
-rw-rw-r-- 1 travis travis  9958 Sep  3 02:09 ModularCodeGen3_A1_B2.java
-rw-rw-r-- 1 travis travis   880 Sep  3 02:09 ModularCodeGen3_A1_B2.mk
-rw-rw-r-- 1 travis travis  1330 Sep  3 02:09 ModularCodeGen3_A1_B2_profile.class
-rw-rw-r-- 1 travis travis  1274 Sep  3 02:09 ModularCodeGen3_A1_B2_profile.java
-rw-rw-r-- 1 travis travis  4961 Sep  3 02:09 ModularCodeGen3_A1.class
-rw-rw-r-- 1 travis travis 15564 Sep  3 02:09 ModularCodeGen3_A1.java
-rw-rw-r-- 1 travis travis   856 Sep  3 02:09 ModularCodeGen3_A1.mk
-rw-rw-r-- 1 travis travis  1445 Sep  3 02:09 ModularCodeGen3_A1_profile.class
-rw-rw-r-- 1 travis travis  1716 Sep  3 02:09 ModularCodeGen3_A1_profile.java
-rw-rw-r-- 1 travis travis  3887 Sep  3 02:09 ModularCodeGen3_A2_B1.class
-rw-rw-r-- 1 travis travis 10955 Sep  3 02:09 ModularCodeGen3_A2_B1.java
-rw-rw-r-- 1 travis travis   880 Sep  3 02:09 ModularCodeGen3_A2_B1.mk
-rw-rw-r-- 1 travis travis  1393 Sep  3 02:09 ModularCodeGen3_A2_B1_profile.class
-rw-rw-r-- 1 travis travis  1458 Sep  3 02:09 ModularCodeGen3_A2_B1_profile.java
-rw-rw-r-- 1 travis travis  3741 Sep  3 02:09 ModularCodeGen3_A2_B2.class
-rw-rw-r-- 1 travis travis  9958 Sep  3 02:09 ModularCodeGen3_A2_B2.java
-rw-rw-r-- 1 travis travis   880 Sep  3 02:09 ModularCodeGen3_A2_B2.mk
-rw-rw-r-- 1 travis travis  1330 Sep  3 02:09 ModularCodeGen3_A2_B2_profile.class
-rw-rw-r-- 1 travis travis  1274 Sep  3 02:09 ModularCodeGen3_A2_B2_profile.java
-rw-rw-r-- 1 travis travis  5038 Sep  3 02:09 ModularCodeGen3_A2.class
-rw-rw-r-- 1 travis travis 15957 Sep  3 02:09 ModularCodeGen3_A2.java
-rw-rw-r-- 1 travis travis   856 Sep  3 02:09 ModularCodeGen3_A2.mk
-rw-rw-r-- 1 travis travis  1445 Sep  3 02:09 ModularCodeGen3_A2_profile.class
-rw-rw-r-- 1 travis travis  1716 Sep  3 02:09 ModularCodeGen3_A2_profile.java
-rw-rw-r-- 1 travis travis  3794 Sep  3 02:09 ModularCodeGen4_A1_B1.class
-rw-rw-r-- 1 travis travis 10312 Sep  3 02:09 ModularCodeGen4_A1_B1.java
-rw-rw-r-- 1 travis travis   880 Sep  3 02:09 ModularCodeGen4_A1_B1.mk
-rw-rw-r-- 1 travis travis  1330 Sep  3 02:09 ModularCodeGen4_A1_B1_profile.class
-rw-rw-r-- 1 travis travis  1273 Sep  3 02:09 ModularCodeGen4_A1_B1_profile.java
-rw-rw-r-- 1 travis travis  3794 Sep  3 02:09 ModularCodeGen4_A1_B2.class
-rw-rw-r-- 1 travis travis 10312 Sep  3 02:09 ModularCodeGen4_A1_B2.java
-rw-rw-r-- 1 travis travis   880 Sep  3 02:09 ModularCodeGen4_A1_B2.mk
-rw-rw-r-- 1 travis travis  1330 Sep  3 02:09 ModularCodeGen4_A1_B2_profile.class
-rw-rw-r-- 1 travis travis  1273 Sep  3 02:09 ModularCodeGen4_A1_B2_profile.java
-rw-rw-r-- 1 travis travis  5101 Sep  3 02:09 ModularCodeGen4_A1.class
-rw-rw-r-- 1 travis travis 16245 Sep  3 02:09 ModularCodeGen4_A1.java
-rw-rw-r-- 1 travis travis   856 Sep  3 02:09 ModularCodeGen4_A1.mk
-rw-rw-r-- 1 travis travis  1445 Sep  3 02:09 ModularCodeGen4_A1_profile.class
-rw-rw-r-- 1 travis travis  1712 Sep  3 02:09 ModularCodeGen4_A1_profile.java
-rw-rw-r-- 1 travis travis  3988 Sep  3 02:09 ModularCodeGen4_A2_B1.class
-rw-rw-r-- 1 travis travis 11375 Sep  3 02:09 ModularCodeGen4_A2_B1.java
-rw-rw-r-- 1 travis travis   880 Sep  3 02:09 ModularCodeGen4_A2_B1.mk
-rw-rw-r-- 1 travis travis  1393 Sep  3 02:09 ModularCodeGen4_A2_B1_profile.class
-rw-rw-r-- 1 travis travis  1454 Sep  3 02:09 ModularCodeGen4_A2_B1_profile.java
-rw-rw-r-- 1 travis travis  3842 Sep  3 02:10 ModularCodeGen4_A2_B2.class
-rw-rw-r-- 1 travis travis 10378 Sep  3 02:10 ModularCodeGen4_A2_B2.java
-rw-rw-r-- 1 travis travis   880 Sep  3 02:10 ModularCodeGen4_A2_B2.mk
-rw-rw-r-- 1 travis travis  1330 Sep  3 02:10 ModularCodeGen4_A2_B2_profile.class
-rw-rw-r-- 1 travis travis  1270 Sep  3 02:09 ModularCodeGen4_A2_B2_profile.java
-rw-rw-r-- 1 travis travis  5274 Sep  3 02:10 ModularCodeGen4_A2.class
-rw-rw-r-- 1 travis travis 16770 Sep  3 02:10 ModularCodeGen4_A2.java
-rw-rw-r-- 1 travis travis   856 Sep  3 02:10 ModularCodeGen4_A2.mk
-rw-rw-r-- 1 travis travis  1445 Sep  3 02:10 ModularCodeGen4_A2_profile.class
-rw-rw-r-- 1 travis travis  1712 Sep  3 02:10 ModularCodeGen4_A2_profile.java
-rw-rw-r-- 1 travis travis  6838 Sep  3 02:10 ModularCodeGen5_A_A.class
-rw-rw-r-- 1 travis travis 28721 Sep  3 02:10 ModularCodeGen5_A_A.java
-rw-rw-r-- 1 travis travis   864 Sep  3 02:10 ModularCodeGen5_A_A.mk
-rw-rw-r-- 1 travis travis  1520 Sep  3 02:10 ModularCodeGen5_A_A_profile.class
-rw-rw-r-- 1 travis travis  1815 Sep  3 02:10 ModularCodeGen5_A_A_profile.java
-rw-rw-r-- 1 travis travis  5115 Sep  3 02:10 ModularCodeGen5_A.class
-rw-rw-r-- 1 travis travis 13769 Sep  3 02:10 ModularCodeGen5_A.java
-rw-rw-r-- 1 travis travis   848 Sep  3 02:10 ModularCodeGen5_A.mk
-rw-rw-r-- 1 travis travis  1422 Sep  3 02:10 ModularCodeGen5_A_profile.class
-rw-rw-r-- 1 travis travis  1605 Sep  3 02:10 ModularCodeGen5_A_profile.java
-rw-rw-r-- 1 travis travis  4125 Sep  3 02:10 ModularCodeGen6_A_A2.class
-rw-rw-r-- 1 travis travis 11329 Sep  3 02:10 ModularCodeGen6_A_A2.java
-rw-rw-r-- 1 travis travis   872 Sep  3 02:10 ModularCodeGen6_A_A2.mk
-rw-rw-r-- 1 travis travis  1351 Sep  3 02:10 ModularCodeGen6_A_A2_profile.class
-rw-rw-r-- 1 travis travis  1364 Sep  3 02:10 ModularCodeGen6_A_A2_profile.java
-rw-rw-r-- 1 travis travis  4108 Sep  3 02:10 ModularCodeGen6_A_A.class
-rw-rw-r-- 1 travis travis 11221 Sep  3 02:10 ModularCodeGen6_A_A.java
-rw-rw-r-- 1 travis travis   864 Sep  3 02:10 ModularCodeGen6_A_A.mk
-rw-rw-r-- 1 travis travis  1348 Sep  3 02:10 ModularCodeGen6_A_A_profile.class
-rw-rw-r-- 1 travis travis  1361 Sep  3 02:10 ModularCodeGen6_A_A_profile.java
-rw-rw-r-- 1 travis travis  7237 Sep  3 02:10 ModularCodeGen6_A.class
-rw-rw-r-- 1 travis travis 26535 Sep  3 02:10 ModularCodeGen6_A.java
-rw-rw-r-- 1 travis travis   848 Sep  3 02:10 ModularCodeGen6_A.mk
-rw-rw-r-- 1 travis travis  1483 Sep  3 02:10 ModularCodeGen6_A_profile.class
-rw-rw-r-- 1 travis travis  1810 Sep  3 02:10 ModularCodeGen6_A_profile.java
-rw-rw-r-- 1 travis travis  1091 Sep  3 02:10 ModularCodeGenLazyPubSub_LazyCompositeActor_profile.java
-rw-rw-r-- 1 travis travis  3954 Sep  3 02:09 ModularCodeGen_ModularCodeGenTypedCompositeActor.class
-rw-rw-r-- 1 travis travis 10970 Sep  3 02:09 ModularCodeGen_ModularCodeGenTypedCompositeActor.java
-rw-rw-r-- 1 travis travis  1096 Sep  3 02:09 ModularCodeGen_ModularCodeGenTypedCompositeActor.mk
-rw-rw-r-- 1 travis travis  1384 Sep  3 02:09 ModularCodeGen_ModularCodeGenTypedCompositeActor_profile.class
-rw-rw-r-- 1 travis travis  1328 Sep  3 02:09 ModularCodeGen_ModularCodeGenTypedCompositeActor_profile.java
-rw-rw-r-- 1 travis travis  3492 Sep  3 02:08 ModularCodeGenTest_A1_A2.class
-rw-rw-r-- 1 travis travis  9164 Sep  3 02:08 ModularCodeGenTest_A1_A2.java
-rw-rw-r-- 1 travis travis   904 Sep  3 02:08 ModularCodeGenTest_A1_A2.mk
-rw-rw-r-- 1 travis travis  1306 Sep  3 02:08 ModularCodeGenTest_A1_A2_profile.class
-rw-rw-r-- 1 travis travis  1228 Sep  3 02:08 ModularCodeGenTest_A1_A2_profile.java
-rw-rw-r-- 1 travis travis  3823 Sep  3 02:09 ModularCodeGenTest_A1.class
-rw-rw-r-- 1 travis travis  9968 Sep  3 02:09 ModularCodeGenTest_A1.java
-rw-rw-r-- 1 travis travis   880 Sep  3 02:09 ModularCodeGenTest_A1.mk
-rw-rw-r-- 1 travis travis  1352 Sep  3 02:09 ModularCodeGenTest_A1_profile.class
-rw-rw-r-- 1 travis travis  1394 Sep  3 02:08 ModularCodeGenTest_A1_profile.java
-rw-rw-r-- 1 travis travis   432 Sep  3 02:10 Token.class
-rw-rw-r-- 1 travis travis   251 Sep  3 02:10 Token.java
warning: Supported source version 'RELEASE_6' from annotation processor 'org.netbeans.modules.openide.util.NbBundleProcessor' less than -source '1.8'
warning: Supported source version 'RELEASE_6' from annotation processor 'org.netbeans.modules.openide.util.URLStreamHandlerRegistrationProcessor' less than -source '1.8'
warning: Supported source version 'RELEASE_6' from annotation processor 'org.netbeans.modules.openide.util.ServiceProviderProcessor' less than -source '1.8'
3 warnings
All Done
Writing ModularCodeGenLazyPubSub_LazyCompositeActor.java in file:/home/travis/cg/ (11122 characters)
Reading "ptolemy/cg/kernel/generic/program/procedural/java/modular/makefile.in",
    writing "/home/travis/cg/ModularCodeGenLazyPubSub_LazyCompositeActor.mk"
Using ptolemy/cg/kernel/generic/program/procedural/java/modular/makefile.in
In "/home/travis/cg", about to execute:
    make -f ModularCodeGenLazyPubSub_LazyCompositeActor.mk
javac -classpath ".:.."    ModularCodeGenLazyPubSub_LazyCompositeActor.java
All Done
3031 ms. Memory: 179200K Free: 109492K (61%)
----------------- Invoking toplevel() on ptolemy.moml.MoMLSimpleApplication@5e4e445e
----------------- Done invoking toplevel() on ptolemy.moml.MoMLSimpleApplication@5e4e445e
reloadAllAccessors: .ModularCodeGenLazyPubSub

===========================================================================================
----------------- testing Mon Sep 03 02:10:19 UTC 2018 /home/travis/build/icyphy/ptII/ptolemy/cg/lib/test/auto/ModularCodeGenLazyPubSubGlobal.xml
----------------- Instantiating /home/travis/build/icyphy/ptII/ptolemy/cg/lib/test/auto/ModularCodeGenLazyPubSubGlobal.xml
In "/home/travis/cg", about to execute:
    pwd
In "/home/travis/cg", about to execute:
    ls -l
/home/travis/cg
In "/home/travis/cg", about to execute:
    javac -classpath
.:/home/travis/build/icyphy/ptII:/home/travis/build/icyphy/ptII/lib/bsh-2.0b4.j
ar:/home/travis/build/icyphy/ptII/lib/ptCal.jar:/home/travis/build/icyphy/ptII/
lib/java_cup.jar:/home/travis/build/icyphy/ptII/lib/saxon8.jar:/home/travis/bui
ld/icyphy/ptII/lib/saxon8-dom.jar:/home/travis/build/icyphy/ptII/lib/chic.jar:/
home/travis/build/icyphy/ptII/lib/ptcolt.jar:/usr/lib/jvm/java-8-oracle/lib/too
ls.jar:/usr/lib/eclipse/plugins/org.eclipse.jdt.core_3.8.2.dist.jar:/usr/lib/ec
lipse/plugins/org.eclipse.core.runtime_3.8.0.dist.jar:/usr/lib/eclipse/plugins/
org.eclipse.osgi_3.8.1.dist.jar:/usr/lib/eclipse/plugins/org.eclipse.core.resou
rces_3.8.1.dist.jar:/usr/lib/eclipse/plugins/org.eclipse.equinox.common_3.6.100
.dist.jar:/usr/lib/eclipse/plugins/org.eclipse.core.jobs_3.5.200.dist.jar:/usr/
lib/eclipse/plugins/org.eclipse.core.contenttype_3.4.200.dist.jar:/usr/lib/ecli
pse/plugins/org.eclipse.equinox.preferences_3.5.0.dist.jar:/usr/lib/eclipse/plu
gins/org.eclipse.text_3.5.200.dist.jar:/usr/lib/eclipse/plugins/org.eclipse.ui.
workbench_3.8.1.dist.jar:/usr/lib/eclipse/plugins/org.eclipse.jface_3.8.0.dist.
jar:/usr/lib/eclipse/plugins/org.eclipse.swt_3.8.2.jar:/usr/lib/eclipse/plugins
/org.eclipse.jface.text_3.8.1.dist.jar:/usr/lib/eclipse/plugins/org.eclipse.ui.
workbench.texteditor_3.8.0.dist.jar:/usr/lib/eclipse/plugins/org.eclipse.ui.edi
tors_3.8.0.dist.jar:/usr/lib/eclipse/plugins/org.eclipse.core.commands_3.6.1.di
st.jar:/usr/lib/eclipse/plugins/org.eclipse.equinox.registry_3.5.200.dist.jar:/
usr/lib/eclipse/plugins/org.eclipse.ui.console_3.5.100.dist.jar:/usr/lib/eclips
e/plugins/org.eclipse.ui.forms_3.5.200.dist.jar:/usr/lib/eclipse/plugins/org.ec
lipse.ui.ide_3.8.1.dist.jar:/home/travis/build/icyphy/ptII/vendors/oracle/dbxml
.jar:/home/travis/build/icyphy/ptII/vendors/oracle/db.jar:/home/travis/build/ic
yphy/ptII/vendors/misc/itext/iText.jar:/home/travis/build/icyphy/ptII/lib/g4ltl
.jar:/home/travis/build/icyphy/ptII/lib/StructuralCoder.jar:/home/travis/build/
icyphy/ptII/lib/org-openide-util.jar:/home/travis/build/icyphy/ptII/lib/org-ope
nide-util-lookup.jar:/home/travis/build/icyphy/ptII/lib/org-netbeans-api-visual
.jar:/home/travis/build/icyphy/ptII/vendors/jai-1_1_2_01/lib/jai_core.jar:/home
/travis/build/icyphy/ptII/vendors/jai-1_1_2_01/lib/jai_codec.jar:/home/travis/b
uild/icyphy/ptII/lib/jcerti.jar:/home/travis/build/icyphy/ptII/lib/smack.jar:/h
ome/travis/build/icyphy/ptII/lib/smackx.jar:/home/travis/build/icyphy/ptII/lib/
jetty-all-8.1.5-v20120716.jar:/home/travis/build/icyphy/ptII/lib/javax.servlet-
api-3.0.1.jar:/home/travis/build/icyphy/ptII/lib/javax.mail.jar:/home/travis/bu
ild/icyphy/ptII/vendors/JMF-2.1.1e/lib/jmf.jar:/home/travis/build/icyphy/ptII/l
ib/jna-4.0.0-variadic.jar:/home/travis/build/icyphy/ptII/vendors/misc/joystick/
Joystick.jar:/home/travis/build/icyphy/ptII/lib/ptjacl.jar:/home/travis/build/i
cyphy/ptII/lib/jsoup-1.8.2.jar:/home/travis/build/icyphy/ptII/lib/junit-4.8.2.j
ar:/home/travis/build/icyphy/ptII/lib/JUnitParams-0.4.0.jar:/home/travis/build/
icyphy/ptII/ptolemy/actor/lib/excel/jxl.jar:/home/travis/build/icyphy/ptII/lib/
jython.jar:/home/travis/build/icyphy/ptII/lib/kieler.jar:/home/travis/build/icy
phy/ptII/vendors/opencv/share/OpenCV/java/opencv-341.jar:/home/travis/build/icy
phy/ptII/lib/oscP5.jar:/home/travis/build/icyphy/ptII/lib/nrjavaserial-3.11.0.d
evel.jar:/home/travis/build/icyphy/ptII/vendors/j3d/lib/j3dcore.jar:/home/travi
s/build/icyphy/ptII/vendors/j3d/lib/j3dutils.jar:/home/travis/build/icyphy/ptII
/vendors/j3d/lib/vecmath.jar:/home/travis/build/icyphy/ptII/ptolemy/distributed
/jini/jar/jini-core.jar:/home/travis/build/icyphy/ptII/ptolemy/distributed/jini
/jar/jini-ext.jar:/home/travis/build/icyphy/ptII/ptolemy/distributed/jini/jar/s
un-util.jar:/home/travis/build/icyphy/ptII/lib/protobuf-java-2.4.1.jar:/home/tr
avis/build/icyphy/ptII/lib/org.eclipse.paho.client.mqttv3.jar:/home/travis/buil
d/icyphy/ptII/ptserver/lib/hessian-4.0.7.jar:/home/travis/build/icyphy/ptII/pts
erver/lib/wmqtt.jar:/home/travis/build/icyphy/ptII/lib/mapss.jar:/home/travis/b
uild/icyphy/ptII/ptolemy/actor/ptalon/antlr/antlr.jar:/home/travis/build/icyphy
/ptII/lib/JRI.jar:/home/travis/build/icyphy/ptII/lib/commons-lang-2.6.jar:/home
/travis/build/icyphy/ptII/lib/commons-logging-1.1.1.jar:/home/travis/build/icyp
hy/ptII/lib/sootclasses.jar:/home/travis/build/icyphy/ptII/ptolemy/actor/lib/da
tabase/mysql-connector-java-5.1.6-bin.jar:/home/travis/build/icyphy/ptII/vendor
s/misc/sphinx4/sphinx4-data-5prealpha.jar:/home/travis/build/icyphy/ptII/vendor
s/misc/sphinx4/sphinx4-core-5prealpha.jar:/home/travis/build/icyphy/ptII/lib/PD
FRenderer.jar:/home/travis/build/icyphy/ptII/lib/svgSalamander.jar:/home/travis
/build/icyphy/ptII/lib/rsyntaxtextarea-2.6.0-SNAPSHOT.jar:/home/travis/build/ic
yphy/ptII/lib/hazelcast-3.8.2.jar:/home/travis/build/icyphy/ptII/lib/jackson-an
notations-2.9.0.jar:/home/travis/build/icyphy/ptII/lib/jackson-core-2.9.3.jar:/
home/travis/build/icyphy/ptII/lib/jackson-databind-2.9.3.jar:/home/travis/build
/icyphy/ptII/lib/netty-buffer-4.1.19.Final.jar:/home/travis/build/icyphy/ptII/l
ib/netty-codec-4.1.19.Final.jar:/home/travis/build/icyphy/ptII/lib/netty-codec-
dns-4.1.19.Final.jar:/home/travis/build/icyphy/ptII/lib/netty-codec-http-4.1.19
.Final.jar:/home/travis/build/icyphy/ptII/lib/netty-codec-http2-4.1.19.Final.ja
r:/home/travis/build/icyphy/ptII/lib/netty-common-4.1.19.Final.jar:/home/travis
/build/icyphy/ptII/lib/netty-handler-4.1.19.Final.jar:/home/travis/build/icyphy
/ptII/lib/netty-resolver-4.1.19.Final.jar:/home/travis/build/icyphy/ptII/lib/ne
tty-resolver-dns-4.1.19.Final.jar:/home/travis/build/icyphy/ptII/lib/netty-tran
sport-4.1.19.Final.jar:/home/travis/build/icyphy/ptII/lib/vertx-codegen-3.5.1.j
ar:/home/travis/build/icyphy/ptII/lib/vertx-core-3.5.2-SNAPSHOT.jar:/home/travi
s/build/icyphy/ptII/lib/vertx-hazelcast-3.5.1.jar:/home/travis/build/icyphy/ptI
I/lib/vertx-lang-js-3.5.1.jar:/home/travis/build/icyphy/ptII/lib/vertx-service-
proxy-3.5.1.jar:/home/travis/build/icyphy/ptII/lib/vertx-web-3.5.1.jar:/home/tr
avis/build/icyphy/ptII/lib/slf4j-api-1.7.13.jar:/home/travis/build/icyphy/ptII/
lib/slf4j-simple-1.7.13.jar:/home/travis/build/icyphy/ptII/lib/webcam-capture-0
.3.12.jar:/home/travis/build/icyphy/ptII/lib/bridj-0.7.0.jar:/home/travis/build
/icyphy/ptII/lib/xbjlib-1.1.0.nrjavaserial.jar:/home/travis/build/icyphy/ptII/p
tolemy/moml/test:/home/travis/build/icyphy/ptII/ant/lib/ant-launcher.jar:/home/
travis/build/icyphy/ptII/ant/lib/ant.jar:/home/travis/build/icyphy/ptII/ant/lib
/ant-junit.jar:/home/travis/build/icyphy/ptII/ant/lib/ant-junit4.jar:/home/trav
is/build/icyphy/ptII
ModularCodeGenLazyPubSubGlobal_CompositeActor_ModularCodeGenTypedComposite_prof
ile.java
total 1144
-rw-rw-r-- 1 travis travis  4895 Sep  3 02:09 CompiledCompositeActor_CompiledCompositeActor.class
-rw-rw-r-- 1 travis travis  1592 Sep  3 02:09 CompiledCompositeActor_CompiledCompositeActor$_CompiledCompositeActor_CompiledCompositeActor.class
-rw-rw-r-- 1 travis travis 13466 Sep  3 02:09 CompiledCompositeActor_CompiledCompositeActor.java
-rw-rw-r-- 1 travis travis  1593 Sep  3 02:09 CompiledCompositeActor_CompiledCompositeActor.mk
-rw-rw-r-- 1 travis travis  4457 Sep  3 02:09 JavaCompiledCompositeTest1_CompiledCompositeActor.class
-rw-rw-r-- 1 travis travis 11637 Sep  3 02:09 JavaCompiledCompositeTest1_CompiledCompositeActor.java
-rw-rw-r-- 1 travis travis  1198 Sep  3 02:09 JavaCompiledCompositeTest1_CompiledCompositeActor$_JavaCompiledCompositeTest1_CompiledCompositeActor.class
-rw-rw-r-- 1 travis travis  1625 Sep  3 02:09 JavaCompiledCompositeTest1_CompiledCompositeActor.mk
-rw-rw-r-- 1 travis travis  4888 Sep  3 02:09 JavaCompiledCompositeTest2_CompiledCompositeActor.class
-rw-rw-r-- 1 travis travis 14919 Sep  3 02:09 JavaCompiledCompositeTest2_CompiledCompositeActor.java
-rw-rw-r-- 1 travis travis  1793 Sep  3 02:09 JavaCompiledCompositeTest2_CompiledCompositeActor$_JavaCompiledCompositeTest2_CompiledCompositeActor.class
-rw-rw-r-- 1 travis travis  1625 Sep  3 02:09 JavaCompiledCompositeTest2_CompiledCompositeActor.mk
-rw-rw-r-- 1 travis travis  4505 Sep  3 02:09 JavaCompiledCompositeTest3_CompiledCompositeActor.class
-rw-rw-r-- 1 travis travis 13080 Sep  3 02:09 JavaCompiledCompositeTest3_CompiledCompositeActor.java
-rw-rw-r-- 1 travis travis  1378 Sep  3 02:09 JavaCompiledCompositeTest3_CompiledCompositeActor$_JavaCompiledCompositeTest3_CompiledCompositeActor.class
-rw-rw-r-- 1 travis travis  1625 Sep  3 02:09 JavaCompiledCompositeTest3_CompiledCompositeActor.mk
-rw-rw-r-- 1 travis travis  3953 Sep  3 02:09 JavaCompiledCompositeTest4_CompiledCompositeActor.class
-rw-rw-r-- 1 travis travis  9687 Sep  3 02:09 JavaCompiledCompositeTest4_CompiledCompositeActor.java
-rw-rw-r-- 1 travis travis   857 Sep  3 02:09 JavaCompiledCompositeTest4_CompiledCompositeActor$_JavaCompiledCompositeTest4_CompiledCompositeActor.class
-rw-rw-r-- 1 travis travis  1625 Sep  3 02:09 JavaCompiledCompositeTest4_CompiledCompositeActor.mk
-rw-rw-r-- 1 travis travis  3693 Sep  3 02:09 ModularCG_A1_B1.class
-rw-rw-r-- 1 travis travis  9730 Sep  3 02:09 ModularCG_A1_B1.java
-rw-rw-r-- 1 travis travis   832 Sep  3 02:09 ModularCG_A1_B1.mk
-rw-rw-r-- 1 travis travis  1318 Sep  3 02:09 ModularCG_A1_B1_profile.class
-rw-rw-r-- 1 travis travis  1262 Sep  3 02:09 ModularCG_A1_B1_profile.java
-rw-rw-r-- 1 travis travis  3693 Sep  3 02:09 ModularCG_A1_B2.class
-rw-rw-r-- 1 travis travis  9730 Sep  3 02:09 ModularCG_A1_B2.java
-rw-rw-r-- 1 travis travis   832 Sep  3 02:09 ModularCG_A1_B2.mk
-rw-rw-r-- 1 travis travis  1318 Sep  3 02:09 ModularCG_A1_B2_profile.class
-rw-rw-r-- 1 travis travis  1262 Sep  3 02:09 ModularCG_A1_B2_profile.java
-rw-rw-r-- 1 travis travis  4799 Sep  3 02:09 ModularCG_A1.class
-rw-rw-r-- 1 travis travis 14742 Sep  3 02:09 ModularCG_A1.java
-rw-rw-r-- 1 travis travis   808 Sep  3 02:09 ModularCG_A1.mk
-rw-rw-r-- 1 travis travis  1433 Sep  3 02:09 ModularCG_A1_profile.class
-rw-rw-r-- 1 travis travis  1704 Sep  3 02:09 ModularCG_A1_profile.java
-rw-rw-r-- 1 travis travis  3827 Sep  3 02:09 ModularCG_A2_B1.class
-rw-rw-r-- 1 travis travis 10667 Sep  3 02:09 ModularCG_A2_B1.java
-rw-rw-r-- 1 travis travis   832 Sep  3 02:09 ModularCG_A2_B1.mk
-rw-rw-r-- 1 travis travis  1381 Sep  3 02:09 ModularCG_A2_B1_profile.class
-rw-rw-r-- 1 travis travis  1446 Sep  3 02:09 ModularCG_A2_B1_profile.java
-rw-rw-r-- 1 travis travis  3693 Sep  3 02:09 ModularCG_A2_B2.class
-rw-rw-r-- 1 travis travis  9730 Sep  3 02:09 ModularCG_A2_B2.java
-rw-rw-r-- 1 travis travis   832 Sep  3 02:09 ModularCG_A2_B2.mk
-rw-rw-r-- 1 travis travis  1318 Sep  3 02:09 ModularCG_A2_B2_profile.class
-rw-rw-r-- 1 travis travis  1262 Sep  3 02:09 ModularCG_A2_B2_profile.java
-rw-rw-r-- 1 travis travis  4870 Sep  3 02:09 ModularCG_A2.class
-rw-rw-r-- 1 travis travis 15129 Sep  3 02:09 ModularCG_A2.java
-rw-rw-r-- 1 travis travis   808 Sep  3 02:09 ModularCG_A2.mk
-rw-rw-r-- 1 travis travis  1433 Sep  3 02:09 ModularCG_A2_profile.class
-rw-rw-r-- 1 travis travis  1704 Sep  3 02:09 ModularCG_A2_profile.java
-rw-rw-r-- 1 travis travis  3473 Sep  3 02:09 ModularCGPubSub_A1_A2.class
-rw-rw-r-- 1 travis travis  9076 Sep  3 02:09 ModularCGPubSub_A1_A2.java
-rw-rw-r-- 1 travis travis   880 Sep  3 02:09 ModularCGPubSub_A1_A2.mk
-rw-rw-r-- 1 travis travis  1300 Sep  3 02:09 ModularCGPubSub_A1_A2_profile.class
-rw-rw-r-- 1 travis travis  1222 Sep  3 02:09 ModularCGPubSub_A1_A2_profile.java
-rw-rw-r-- 1 travis travis  3790 Sep  3 02:09 ModularCGPubSub_A1.class
-rw-rw-r-- 1 travis travis  9836 Sep  3 02:09 ModularCGPubSub_A1.java
-rw-rw-r-- 1 travis travis   856 Sep  3 02:09 ModularCGPubSub_A1.mk
-rw-rw-r-- 1 travis travis  1346 Sep  3 02:09 ModularCGPubSub_A1_profile.class
-rw-rw-r-- 1 travis travis  1388 Sep  3 02:09 ModularCGPubSub_A1_profile.java
-rw-rw-r-- 1 travis travis  3988 Sep  3 02:09 ModularCodeGen2_ModularCodeGenTypedCompositeActor.class
-rw-rw-r-- 1 travis travis 11690 Sep  3 02:09 ModularCodeGen2_ModularCodeGenTypedCompositeActor.java
-rw-rw-r-- 1 travis travis  1104 Sep  3 02:09 ModularCodeGen2_ModularCodeGenTypedCompositeActor.mk
-rw-rw-r-- 1 travis travis  4272 Sep  3 02:09 ModularCodeGen2_ModularCodeGenTypedCompositeActor_ModularCodeGenTypedCompositeActor.class
-rw-rw-r-- 1 travis travis 11790 Sep  3 02:09 ModularCodeGen2_ModularCodeGenTypedCompositeActor_ModularCodeGenTypedCompositeActor.java
-rw-rw-r-- 1 travis travis  1376 Sep  3 02:09 ModularCodeGen2_ModularCodeGenTypedCompositeActor_ModularCodeGenTypedCompositeActor.mk
-rw-rw-r-- 1 travis travis  1421 Sep  3 02:09 ModularCodeGen2_ModularCodeGenTypedCompositeActor_ModularCodeGenTypedCompositeActor_profile.class
-rw-rw-r-- 1 travis travis  1294 Sep  3 02:09 ModularCodeGen2_ModularCodeGenTypedCompositeActor_ModularCodeGenTypedCompositeActor_profile.java
-rw-rw-r-- 1 travis travis   820 Sep  3 02:09 ModularCodeGen2_ModularCodeGenTypedCompositeActor_profile.class
-rw-rw-r-- 1 travis travis   693 Sep  3 02:09 ModularCodeGen2_ModularCodeGenTypedCompositeActor_profile.java
-rw-rw-r-- 1 travis travis  3741 Sep  3 02:09 ModularCodeGen3_A1_B1.class
-rw-rw-r-- 1 travis travis  9958 Sep  3 02:09 ModularCodeGen3_A1_B1.java
-rw-rw-r-- 1 travis travis   880 Sep  3 02:09 ModularCodeGen3_A1_B1.mk
-rw-rw-r-- 1 travis travis  1330 Sep  3 02:09 ModularCodeGen3_A1_B1_profile.class
-rw-rw-r-- 1 travis travis  1274 Sep  3 02:09 ModularCodeGen3_A1_B1_profile.java
-rw-rw-r-- 1 travis travis  3741 Sep  3 02:09 ModularCodeGen3_A1_B2.class
-rw-rw-r-- 1 travis travis  9958 Sep  3 02:09 ModularCodeGen3_A1_B2.java
-rw-rw-r-- 1 travis travis   880 Sep  3 02:09 ModularCodeGen3_A1_B2.mk
-rw-rw-r-- 1 travis travis  1330 Sep  3 02:09 ModularCodeGen3_A1_B2_profile.class
-rw-rw-r-- 1 travis travis  1274 Sep  3 02:09 ModularCodeGen3_A1_B2_profile.java
-rw-rw-r-- 1 travis travis  4961 Sep  3 02:09 ModularCodeGen3_A1.class
-rw-rw-r-- 1 travis travis 15564 Sep  3 02:09 ModularCodeGen3_A1.java
-rw-rw-r-- 1 travis travis   856 Sep  3 02:09 ModularCodeGen3_A1.mk
-rw-rw-r-- 1 travis travis  1445 Sep  3 02:09 ModularCodeGen3_A1_profile.class
-rw-rw-r-- 1 travis travis  1716 Sep  3 02:09 ModularCodeGen3_A1_profile.java
-rw-rw-r-- 1 travis travis  3887 Sep  3 02:09 ModularCodeGen3_A2_B1.class
-rw-rw-r-- 1 travis travis 10955 Sep  3 02:09 ModularCodeGen3_A2_B1.java
-rw-rw-r-- 1 travis travis   880 Sep  3 02:09 ModularCodeGen3_A2_B1.mk
-rw-rw-r-- 1 travis travis  1393 Sep  3 02:09 ModularCodeGen3_A2_B1_profile.class
-rw-rw-r-- 1 travis travis  1458 Sep  3 02:09 ModularCodeGen3_A2_B1_profile.java
-rw-rw-r-- 1 travis travis  3741 Sep  3 02:09 ModularCodeGen3_A2_B2.class
-rw-rw-r-- 1 travis travis  9958 Sep  3 02:09 ModularCodeGen3_A2_B2.java
-rw-rw-r-- 1 travis travis   880 Sep  3 02:09 ModularCodeGen3_A2_B2.mk
-rw-rw-r-- 1 travis travis  1330 Sep  3 02:09 ModularCodeGen3_A2_B2_profile.class
-rw-rw-r-- 1 travis travis  1274 Sep  3 02:09 ModularCodeGen3_A2_B2_profile.java
-rw-rw-r-- 1 travis travis  5038 Sep  3 02:09 ModularCodeGen3_A2.class
-rw-rw-r-- 1 travis travis 15957 Sep  3 02:09 ModularCodeGen3_A2.java
-rw-rw-r-- 1 travis travis   856 Sep  3 02:09 ModularCodeGen3_A2.mk
-rw-rw-r-- 1 travis travis  1445 Sep  3 02:09 ModularCodeGen3_A2_profile.class
-rw-rw-r-- 1 travis travis  1716 Sep  3 02:09 ModularCodeGen3_A2_profile.java
-rw-rw-r-- 1 travis travis  3794 Sep  3 02:09 ModularCodeGen4_A1_B1.class
-rw-rw-r-- 1 travis travis 10312 Sep  3 02:09 ModularCodeGen4_A1_B1.java
-rw-rw-r-- 1 travis travis   880 Sep  3 02:09 ModularCodeGen4_A1_B1.mk
-rw-rw-r-- 1 travis travis  1330 Sep  3 02:09 ModularCodeGen4_A1_B1_profile.class
-rw-rw-r-- 1 travis travis  1273 Sep  3 02:09 ModularCodeGen4_A1_B1_profile.java
-rw-rw-r-- 1 travis travis  3794 Sep  3 02:09 ModularCodeGen4_A1_B2.class
-rw-rw-r-- 1 travis travis 10312 Sep  3 02:09 ModularCodeGen4_A1_B2.java
-rw-rw-r-- 1 travis travis   880 Sep  3 02:09 ModularCodeGen4_A1_B2.mk
-rw-rw-r-- 1 travis travis  1330 Sep  3 02:09 ModularCodeGen4_A1_B2_profile.class
-rw-rw-r-- 1 travis travis  1273 Sep  3 02:09 ModularCodeGen4_A1_B2_profile.java
-rw-rw-r-- 1 travis travis  5101 Sep  3 02:09 ModularCodeGen4_A1.class
-rw-rw-r-- 1 travis travis 16245 Sep  3 02:09 ModularCodeGen4_A1.java
-rw-rw-r-- 1 travis travis   856 Sep  3 02:09 ModularCodeGen4_A1.mk
-rw-rw-r-- 1 travis travis  1445 Sep  3 02:09 ModularCodeGen4_A1_profile.class
-rw-rw-r-- 1 travis travis  1712 Sep  3 02:09 ModularCodeGen4_A1_profile.java
-rw-rw-r-- 1 travis travis  3988 Sep  3 02:09 ModularCodeGen4_A2_B1.class
-rw-rw-r-- 1 travis travis 11375 Sep  3 02:09 ModularCodeGen4_A2_B1.java
-rw-rw-r-- 1 travis travis   880 Sep  3 02:09 ModularCodeGen4_A2_B1.mk
-rw-rw-r-- 1 travis travis  1393 Sep  3 02:09 ModularCodeGen4_A2_B1_profile.class
-rw-rw-r-- 1 travis travis  1454 Sep  3 02:09 ModularCodeGen4_A2_B1_profile.java
-rw-rw-r-- 1 travis travis  3842 Sep  3 02:10 ModularCodeGen4_A2_B2.class
-rw-rw-r-- 1 travis travis 10378 Sep  3 02:10 ModularCodeGen4_A2_B2.java
-rw-rw-r-- 1 travis travis   880 Sep  3 02:10 ModularCodeGen4_A2_B2.mk
-rw-rw-r-- 1 travis travis  1330 Sep  3 02:10 ModularCodeGen4_A2_B2_profile.class
-rw-rw-r-- 1 travis travis  1270 Sep  3 02:09 ModularCodeGen4_A2_B2_profile.java
-rw-rw-r-- 1 travis travis  5274 Sep  3 02:10 ModularCodeGen4_A2.class
-rw-rw-r-- 1 travis travis 16770 Sep  3 02:10 ModularCodeGen4_A2.java
-rw-rw-r-- 1 travis travis   856 Sep  3 02:10 ModularCodeGen4_A2.mk
-rw-rw-r-- 1 travis travis  1445 Sep  3 02:10 ModularCodeGen4_A2_profile.class
-rw-rw-r-- 1 travis travis  1712 Sep  3 02:10 ModularCodeGen4_A2_profile.java
-rw-rw-r-- 1 travis travis  6838 Sep  3 02:10 ModularCodeGen5_A_A.class
-rw-rw-r-- 1 travis travis 28721 Sep  3 02:10 ModularCodeGen5_A_A.java
-rw-rw-r-- 1 travis travis   864 Sep  3 02:10 ModularCodeGen5_A_A.mk
-rw-rw-r-- 1 travis travis  1520 Sep  3 02:10 ModularCodeGen5_A_A_profile.class
-rw-rw-r-- 1 travis travis  1815 Sep  3 02:10 ModularCodeGen5_A_A_profile.java
-rw-rw-r-- 1 travis travis  5115 Sep  3 02:10 ModularCodeGen5_A.class
-rw-rw-r-- 1 travis travis 13769 Sep  3 02:10 ModularCodeGen5_A.java
-rw-rw-r-- 1 travis travis   848 Sep  3 02:10 ModularCodeGen5_A.mk
-rw-rw-r-- 1 travis travis  1422 Sep  3 02:10 ModularCodeGen5_A_profile.class
-rw-rw-r-- 1 travis travis  1605 Sep  3 02:10 ModularCodeGen5_A_profile.java
-rw-rw-r-- 1 travis travis  4125 Sep  3 02:10 ModularCodeGen6_A_A2.class
-rw-rw-r-- 1 travis travis 11329 Sep  3 02:10 ModularCodeGen6_A_A2.java
-rw-rw-r-- 1 travis travis   872 Sep  3 02:10 ModularCodeGen6_A_A2.mk
-rw-rw-r-- 1 travis travis  1351 Sep  3 02:10 ModularCodeGen6_A_A2_profile.class
-rw-rw-r-- 1 travis travis  1364 Sep  3 02:10 ModularCodeGen6_A_A2_profile.java
-rw-rw-r-- 1 travis travis  4108 Sep  3 02:10 ModularCodeGen6_A_A.class
-rw-rw-r-- 1 travis travis 11221 Sep  3 02:10 ModularCodeGen6_A_A.java
-rw-rw-r-- 1 travis travis   864 Sep  3 02:10 ModularCodeGen6_A_A.mk
-rw-rw-r-- 1 travis travis  1348 Sep  3 02:10 ModularCodeGen6_A_A_profile.class
-rw-rw-r-- 1 travis travis  1361 Sep  3 02:10 ModularCodeGen6_A_A_profile.java
-rw-rw-r-- 1 travis travis  7237 Sep  3 02:10 ModularCodeGen6_A.class
-rw-rw-r-- 1 travis travis 26535 Sep  3 02:10 ModularCodeGen6_A.java
-rw-rw-r-- 1 travis travis   848 Sep  3 02:10 ModularCodeGen6_A.mk
-rw-rw-r-- 1 travis travis  1483 Sep  3 02:10 ModularCodeGen6_A_profile.class
-rw-rw-r-- 1 travis travis  1810 Sep  3 02:10 ModularCodeGen6_A_profile.java
-rw-rw-r-- 1 travis travis  1384 Sep  3 02:10 ModularCodeGenLazyPubSubGlobal_CompositeActor_ModularCodeGenTypedComposite_profile.java
-rw-rw-r-- 1 travis travis  3952 Sep  3 02:10 ModularCodeGenLazyPubSub_LazyCompositeActor.class
-rw-rw-r-- 1 travis travis 11122 Sep  3 02:10 ModularCodeGenLazyPubSub_LazyCompositeActor.java
-rw-rw-r-- 1 travis travis  1056 Sep  3 02:10 ModularCodeGenLazyPubSub_LazyCompositeActor.mk
-rw-rw-r-- 1 travis travis  1286 Sep  3 02:10 ModularCodeGenLazyPubSub_LazyCompositeActor_profile.class
-rw-rw-r-- 1 travis travis  1091 Sep  3 02:10 ModularCodeGenLazyPubSub_LazyCompositeActor_profile.java
-rw-rw-r-- 1 travis travis  3954 Sep  3 02:09 ModularCodeGen_ModularCodeGenTypedCompositeActor.class
-rw-rw-r-- 1 travis travis 10970 Sep  3 02:09 ModularCodeGen_ModularCodeGenTypedCompositeActor.java
-rw-rw-r-- 1 travis travis  1096 Sep  3 02:09 ModularCodeGen_ModularCodeGenTypedCompositeActor.mk
-rw-rw-r-- 1 travis travis  1384 Sep  3 02:09 ModularCodeGen_ModularCodeGenTypedCompositeActor_profile.class
-rw-rw-r-- 1 travis travis  1328 Sep  3 02:09 ModularCodeGen_ModularCodeGenTypedCompositeActor_profile.java
-rw-rw-r-- 1 travis travis  3492 Sep  3 02:08 ModularCodeGenTest_A1_A2.class
-rw-rw-r-- 1 travis travis  9164 Sep  3 02:08 ModularCodeGenTest_A1_A2.java
-rw-rw-r-- 1 travis travis   904 Sep  3 02:08 ModularCodeGenTest_A1_A2.mk
-rw-rw-r-- 1 travis travis  1306 Sep  3 02:08 ModularCodeGenTest_A1_A2_profile.class
-rw-rw-r-- 1 travis travis  1228 Sep  3 02:08 ModularCodeGenTest_A1_A2_profile.java
-rw-rw-r-- 1 travis travis  3823 Sep  3 02:09 ModularCodeGenTest_A1.class
-rw-rw-r-- 1 travis travis  9968 Sep  3 02:09 ModularCodeGenTest_A1.java
-rw-rw-r-- 1 travis travis   880 Sep  3 02:09 ModularCodeGenTest_A1.mk
-rw-rw-r-- 1 travis travis  1352 Sep  3 02:09 ModularCodeGenTest_A1_profile.class
-rw-rw-r-- 1 travis travis  1394 Sep  3 02:08 ModularCodeGenTest_A1_profile.java
-rw-rw-r-- 1 travis travis   432 Sep  3 02:10 Token.class
-rw-rw-r-- 1 travis travis   251 Sep  3 02:10 Token.java
warning: Supported source version 'RELEASE_6' from annotation processor 'org.netbeans.modules.openide.util.NbBundleProcessor' less than -source '1.8'
warning: Supported source version 'RELEASE_6' from annotation processor 'org.netbeans.modules.openide.util.URLStreamHandlerRegistrationProcessor' less than -source '1.8'
warning: Supported source version 'RELEASE_6' from annotation processor 'org.netbeans.modules.openide.util.ServiceProviderProcessor' less than -source '1.8'
3 warnings
All Done
Writing ModularCodeGenLazyPubSubGlobal_CompositeActor_ModularCodeGenTypedComposite.java in file:/home/travis/cg/ (30161 characters)
Reading "ptolemy/cg/kernel/generic/program/procedural/java/modular/makefile.in",
    writing "/home/travis/cg/ModularCodeGenLazyPubSubGlobal_CompositeActor_ModularCodeGenTypedComposite.mk"
Using ptolemy/cg/kernel/generic/program/procedural/java/modular/makefile.in
In "/home/travis/cg", about to execute:
    make -f
ModularCodeGenLazyPubSubGlobal_CompositeActor_ModularCodeGenTypedComposite.mk
javac -classpath ".:.."    ModularCodeGenLazyPubSubGlobal_CompositeActor_ModularCodeGenTypedComposite.java
All Done
2519 ms. Memory: 175616K Free: 113457K (65%)
----------------- Invoking toplevel() on ptolemy.moml.MoMLSimpleApplication@279fb0b3
----------------- Done invoking toplevel() on ptolemy.moml.MoMLSimpleApplication@279fb0b3
reloadAllAccessors: .ModularCodeGenLazyPubSubGlobal

===========================================================================================
----------------- testing Mon Sep 03 02:10:21 UTC 2018 /home/travis/build/icyphy/ptII/ptolemy/cg/lib/test/auto/ModularCodeGenPubSub1.xml
----------------- Instantiating /home/travis/build/icyphy/ptII/ptolemy/cg/lib/test/auto/ModularCodeGenPubSub1.xml
In "/home/travis/cg", about to execute:
    pwd
/home/travis/cg
In "/home/travis/cg", about to execute:
    ls -l
total 1208
-rw-rw-r-- 1 travis travis   233 Sep  3 02:10 Array.class
-rw-rw-r-- 1 travis travis   459 Sep  3 02:10 Array.java
-rw-rw-r-- 1 travis travis  4895 Sep  3 02:09 CompiledCompositeActor_CompiledCompositeActor.class
-rw-rw-r-- 1 travis travis  1592 Sep  3 02:09 CompiledCompositeActor_CompiledCompositeActor$_CompiledCompositeActor_CompiledCompositeActor.class
-rw-rw-r-- 1 travis travis 13466 Sep  3 02:09 CompiledCompositeActor_CompiledCompositeActor.java
-rw-rw-r-- 1 travis travis  1593 Sep  3 02:09 CompiledCompositeActor_CompiledCompositeActor.mk
-rw-rw-r-- 1 travis travis  4457 Sep  3 02:09 JavaCompiledCompositeTest1_CompiledCompositeActor.class
-rw-rw-r-- 1 travis travis 11637 Sep  3 02:09 JavaCompiledCompositeTest1_CompiledCompositeActor.java
-rw-rw-r-- 1 travis travis  1198 Sep  3 02:09 JavaCompiledCompositeTest1_CompiledCompositeActor$_JavaCompiledCompositeTest1_CompiledCompositeActor.class
-rw-rw-r-- 1 travis travis  1625 Sep  3 02:09 JavaCompiledCompositeTest1_CompiledCompositeActor.mk
-rw-rw-r-- 1 travis travis  4888 Sep  3 02:09 JavaCompiledCompositeTest2_CompiledCompositeActor.class
-rw-rw-r-- 1 travis travis 14919 Sep  3 02:09 JavaCompiledCompositeTest2_CompiledCompositeActor.java
-rw-rw-r-- 1 travis travis  1793 Sep  3 02:09 JavaCompiledCompositeTest2_CompiledCompositeActor$_JavaCompiledCompositeTest2_CompiledCompositeActor.class
-rw-rw-r-- 1 travis travis  1625 Sep  3 02:09 JavaCompiledCompositeTest2_CompiledCompositeActor.mk
-rw-rw-r-- 1 travis travis  4505 Sep  3 02:09 JavaCompiledCompositeTest3_CompiledCompositeActor.class
-rw-rw-r-- 1 travis travis 13080 Sep  3 02:09 JavaCompiledCompositeTest3_CompiledCompositeActor.java
-rw-rw-r-- 1 travis travis  1378 Sep  3 02:09 JavaCompiledCompositeTest3_CompiledCompositeActor$_JavaCompiledCompositeTest3_CompiledCompositeActor.class
-rw-rw-r-- 1 travis travis  1625 Sep  3 02:09 JavaCompiledCompositeTest3_CompiledCompositeActor.mk
-rw-rw-r-- 1 travis travis  3953 Sep  3 02:09 JavaCompiledCompositeTest4_CompiledCompositeActor.class
-rw-rw-r-- 1 travis travis  9687 Sep  3 02:09 JavaCompiledCompositeTest4_CompiledCompositeActor.java
-rw-rw-r-- 1 travis travis   857 Sep  3 02:09 JavaCompiledCompositeTest4_CompiledCompositeActor$_JavaCompiledCompositeTest4_CompiledCompositeActor.class
-rw-rw-r-- 1 travis travis  1625 Sep  3 02:09 JavaCompiledCompositeTest4_CompiledCompositeActor.mk
-rw-rw-r-- 1 travis travis  3693 Sep  3 02:09 ModularCG_A1_B1.class
-rw-rw-r-- 1 travis travis  9730 Sep  3 02:09 ModularCG_A1_B1.java
-rw-rw-r-- 1 travis travis   832 Sep  3 02:09 ModularCG_A1_B1.mk
-rw-rw-r-- 1 travis travis  1318 Sep  3 02:09 ModularCG_A1_B1_profile.class
-rw-rw-r-- 1 travis travis  1262 Sep  3 02:09 ModularCG_A1_B1_profile.java
-rw-rw-r-- 1 travis travis  3693 Sep  3 02:09 ModularCG_A1_B2.class
-rw-rw-r-- 1 travis travis  9730 Sep  3 02:09 ModularCG_A1_B2.java
-rw-rw-r-- 1 travis travis   832 Sep  3 02:09 ModularCG_A1_B2.mk
-rw-rw-r-- 1 travis travis  1318 Sep  3 02:09 ModularCG_A1_B2_profile.class
-rw-rw-r-- 1 travis travis  1262 Sep  3 02:09 ModularCG_A1_B2_profile.java
-rw-rw-r-- 1 travis travis  4799 Sep  3 02:09 ModularCG_A1.class
-rw-rw-r-- 1 travis travis 14742 Sep  3 02:09 ModularCG_A1.java
-rw-rw-r-- 1 travis travis   808 Sep  3 02:09 ModularCG_A1.mk
-rw-rw-r-- 1 travis travis  1433 Sep  3 02:09 ModularCG_A1_profile.class
-rw-rw-r-- 1 travis travis  1704 Sep  3 02:09 ModularCG_A1_profile.java
-rw-rw-r-- 1 travis travis  3827 Sep  3 02:09 ModularCG_A2_B1.class
-rw-rw-r-- 1 travis travis 10667 Sep  3 02:09 ModularCG_A2_B1.java
-rw-rw-r-- 1 travis travis   832 Sep  3 02:09 ModularCG_A2_B1.mk
-rw-rw-r-- 1 travis travis  1381 Sep  3 02:09 ModularCG_A2_B1_profile.class
-rw-rw-r-- 1 travis travis  1446 Sep  3 02:09 ModularCG_A2_B1_profile.java
-rw-rw-r-- 1 travis travis  3693 Sep  3 02:09 ModularCG_A2_B2.class
-rw-rw-r-- 1 travis travis  9730 Sep  3 02:09 ModularCG_A2_B2.java
-rw-rw-r-- 1 travis travis   832 Sep  3 02:09 ModularCG_A2_B2.mk
-rw-rw-r-- 1 travis travis  1318 Sep  3 02:09 ModularCG_A2_B2_profile.class
-rw-rw-r-- 1 travis travis  1262 Sep  3 02:09 ModularCG_A2_B2_profile.java
-rw-rw-r-- 1 travis travis  4870 Sep  3 02:09 ModularCG_A2.class
-rw-rw-r-- 1 travis travis 15129 Sep  3 02:09 ModularCG_A2.java
-rw-rw-r-- 1 travis travis   808 Sep  3 02:09 ModularCG_A2.mk
-rw-rw-r-- 1 travis travis  1433 Sep  3 02:09 ModularCG_A2_profile.class
-rw-rw-r-- 1 travis travis  1704 Sep  3 02:09 ModularCG_A2_profile.java
-rw-rw-r-- 1 travis travis  3473 Sep  3 02:09 ModularCGPubSub_A1_A2.class
-rw-rw-r-- 1 travis travis  9076 Sep  3 02:09 ModularCGPubSub_A1_A2.java
-rw-rw-r-- 1 travis travis   880 Sep  3 02:09 ModularCGPubSub_A1_A2.mk
-rw-rw-r-- 1 travis travis  1300 Sep  3 02:09 ModularCGPubSub_A1_A2_profile.class
-rw-rw-r-- 1 travis travis  1222 Sep  3 02:09 ModularCGPubSub_A1_A2_profile.java
-rw-rw-r-- 1 travis travis  3790 Sep  3 02:09 ModularCGPubSub_A1.class
-rw-rw-r-- 1 travis travis  9836 Sep  3 02:09 ModularCGPubSub_A1.java
-rw-rw-r-- 1 travis travis   856 Sep  3 02:09 ModularCGPubSub_A1.mk
-rw-rw-r-- 1 travis travis  1346 Sep  3 02:09 ModularCGPubSub_A1_profile.class
-rw-rw-r-- 1 travis travis  1388 Sep  3 02:09 ModularCGPubSub_A1_profile.java
-rw-rw-r-- 1 travis travis  3988 Sep  3 02:09 ModularCodeGen2_ModularCodeGenTypedCompositeActor.class
-rw-rw-r-- 1 travis travis 11690 Sep  3 02:09 ModularCodeGen2_ModularCodeGenTypedCompositeActor.java
-rw-rw-r-- 1 travis travis  1104 Sep  3 02:09 ModularCodeGen2_ModularCodeGenTypedCompositeActor.mk
-rw-rw-r-- 1 travis travis  4272 Sep  3 02:09 ModularCodeGen2_ModularCodeGenTypedCompositeActor_ModularCodeGenTypedCompositeActor.class
-rw-rw-r-- 1 travis travis 11790 Sep  3 02:09 ModularCodeGen2_ModularCodeGenTypedCompositeActor_ModularCodeGenTypedCompositeActor.java
-rw-rw-r-- 1 travis travis  1376 Sep  3 02:09 ModularCodeGen2_ModularCodeGenTypedCompositeActor_ModularCodeGenTypedCompositeActor.mk
-rw-rw-r-- 1 travis travis  1421 Sep  3 02:09 ModularCodeGen2_ModularCodeGenTypedCompositeActor_ModularCodeGenTypedCompositeActor_profile.class
-rw-rw-r-- 1 travis travis  1294 Sep  3 02:09 ModularCodeGen2_ModularCodeGenTypedCompositeActor_ModularCodeGenTypedCompositeActor_profile.java
-rw-rw-r-- 1 travis travis   820 Sep  3 02:09 ModularCodeGen2_ModularCodeGenTypedCompositeActor_profile.class
-rw-rw-r-- 1 travis travis   693 Sep  3 02:09 ModularCodeGen2_ModularCodeGenTypedCompositeActor_profile.java
-rw-rw-r-- 1 travis travis  3741 Sep  3 02:09 ModularCodeGen3_A1_B1.class
-rw-rw-r-- 1 travis travis  9958 Sep  3 02:09 ModularCodeGen3_A1_B1.java
-rw-rw-r-- 1 travis travis   880 Sep  3 02:09 ModularCodeGen3_A1_B1.mk
-rw-rw-r-- 1 travis travis  1330 Sep  3 02:09 ModularCodeGen3_A1_B1_profile.class
-rw-rw-r-- 1 travis travis  1274 Sep  3 02:09 ModularCodeGen3_A1_B1_profile.java
-rw-rw-r-- 1 travis travis  3741 Sep  3 02:09 ModularCodeGen3_A1_B2.class
-rw-rw-r-- 1 travis travis  9958 Sep  3 02:09 ModularCodeGen3_A1_B2.java
-rw-rw-r-- 1 travis travis   880 Sep  3 02:09 ModularCodeGen3_A1_B2.mk
-rw-rw-r-- 1 travis travis  1330 Sep  3 02:09 ModularCodeGen3_A1_B2_profile.class
-rw-rw-r-- 1 travis travis  1274 Sep  3 02:09 ModularCodeGen3_A1_B2_profile.java
-rw-rw-r-- 1 travis travis  4961 Sep  3 02:09 ModularCodeGen3_A1.class
-rw-rw-r-- 1 travis travis 15564 Sep  3 02:09 ModularCodeGen3_A1.java
-rw-rw-r-- 1 travis travis   856 Sep  3 02:09 ModularCodeGen3_A1.mk
-rw-rw-r-- 1 travis travis  1445 Sep  3 02:09 ModularCodeGen3_A1_profile.class
-rw-rw-r-- 1 travis travis  1716 Sep  3 02:09 ModularCodeGen3_A1_profile.java
-rw-rw-r-- 1 travis travis  3887 Sep  3 02:09 ModularCodeGen3_A2_B1.class
-rw-rw-r-- 1 travis travis 10955 Sep  3 02:09 ModularCodeGen3_A2_B1.java
-rw-rw-r-- 1 travis travis   880 Sep  3 02:09 ModularCodeGen3_A2_B1.mk
-rw-rw-r-- 1 travis travis  1393 Sep  3 02:09 ModularCodeGen3_A2_B1_profile.class
-rw-rw-r-- 1 travis travis  1458 Sep  3 02:09 ModularCodeGen3_A2_B1_profile.java
-rw-rw-r-- 1 travis travis  3741 Sep  3 02:09 ModularCodeGen3_A2_B2.class
-rw-rw-r-- 1 travis travis  9958 Sep  3 02:09 ModularCodeGen3_A2_B2.java
-rw-rw-r-- 1 travis travis   880 Sep  3 02:09 ModularCodeGen3_A2_B2.mk
In "/home/travis/cg", about to execute:
-rw-rw-r-- 1 travis travis  1330 Sep  3 02:09 ModularCodeGen3_A2_B2_profile.class
-rw-rw-r-- 1 travis travis  1274 Sep  3 02:09 ModularCodeGen3_A2_B2_profile.java
-rw-rw-r-- 1 travis travis  5038 Sep  3 02:09 ModularCodeGen3_A2.class
-rw-rw-r-- 1 travis travis 15957 Sep  3 02:09 ModularCodeGen3_A2.java
-rw-rw-r-- 1 travis travis   856 Sep  3 02:09 ModularCodeGen3_A2.mk
-rw-rw-r-- 1 travis travis  1445 Sep  3 02:09 ModularCodeGen3_A2_profile.class
-rw-rw-r-- 1 travis travis  1716 Sep  3 02:09 ModularCodeGen3_A2_profile.java
-rw-rw-r-- 1 travis travis  3794 Sep  3 02:09 ModularCodeGen4_A1_B1.class
-rw-rw-r-- 1 travis travis 10312 Sep  3 02:09 ModularCodeGen4_A1_B1.java
-rw-rw-r-- 1 travis travis   880 Sep  3 02:09 ModularCodeGen4_A1_B1.mk
-rw-rw-r-- 1 travis travis  1330 Sep  3 02:09 ModularCodeGen4_A1_B1_profile.class
-rw-rw-r-- 1 travis travis  1273 Sep  3 02:09 ModularCodeGen4_A1_B1_profile.java
-rw-rw-r-- 1 travis travis  3794 Sep  3 02:09 ModularCodeGen4_A1_B2.class
-rw-rw-r-- 1 travis travis 10312 Sep  3 02:09 ModularCodeGen4_A1_B2.java
-rw-rw-r-- 1 travis travis   880 Sep  3 02:09 ModularCodeGen4_A1_B2.mk
-rw-rw-r-- 1 travis travis  1330 Sep  3 02:09 ModularCodeGen4_A1_B2_profile.class
-rw-rw-r-- 1 travis travis  1273 Sep  3 02:09 ModularCodeGen4_A1_B2_profile.java
-rw-rw-r-- 1 travis travis  5101 Sep  3 02:09 ModularCodeGen4_A1.class
-rw-rw-r-- 1 travis travis 16245 Sep  3 02:09 ModularCodeGen4_A1.java
-rw-rw-r-- 1 travis travis   856 Sep  3 02:09 ModularCodeGen4_A1.mk
-rw-rw-r-- 1 travis travis  1445 Sep  3 02:09 ModularCodeGen4_A1_profile.class
-rw-rw-r-- 1 travis travis  1712 Sep  3 02:09 ModularCodeGen4_A1_profile.java
-rw-rw-r-- 1 travis travis  3988 Sep  3 02:09 ModularCodeGen4_A2_B1.class
-rw-rw-r-- 1 travis travis 11375 Sep  3 02:09 ModularCodeGen4_A2_B1.java
-rw-rw-r-- 1 travis travis   880 Sep  3 02:09 ModularCodeGen4_A2_B1.mk
-rw-rw-r-- 1 travis travis  1393 Sep  3 02:09 ModularCodeGen4_A2_B1_profile.class
-rw-rw-r-- 1 travis travis  1454 Sep  3 02:09 ModularCodeGen4_A2_B1_profile.java
-rw-rw-r-- 1 travis travis  3842 Sep  3 02:10 ModularCodeGen4_A2_B2.class
-rw-rw-r-- 1 travis travis 10378 Sep  3 02:10 ModularCodeGen4_A2_B2.java
-rw-rw-r-- 1 travis travis   880 Sep  3 02:10 ModularCodeGen4_A2_B2.mk
-rw-rw-r-- 1 travis travis  1330 Sep  3 02:10 ModularCodeGen4_A2_B2_profile.class
-rw-rw-r-- 1 travis travis  1270 Sep  3 02:09 ModularCodeGen4_A2_B2_profile.java
-rw-rw-r-- 1 travis travis  5274 Sep  3 02:10 ModularCodeGen4_A2.class
-rw-rw-r-- 1 travis travis 16770 Sep  3 02:10 ModularCodeGen4_A2.java
-rw-rw-r-- 1 travis travis   856 Sep  3 02:10 ModularCodeGen4_A2.mk
-rw-rw-r-- 1 travis travis  1445 Sep  3 02:10 ModularCodeGen4_A2_profile.class
-rw-rw-r-- 1 travis travis  1712 Sep  3 02:10 ModularCodeGen4_A2_profile.java
-rw-rw-r-- 1 travis travis  6838 Sep  3 02:10 ModularCodeGen5_A_A.class
-rw-rw-r-- 1 travis travis 28721 Sep  3 02:10 ModularCodeGen5_A_A.java
    javac -classpath
.:/home/travis/build/icyphy/ptII:/home/travis/build/icyphy/ptII/lib/bsh-2.0b4.j
ar:/home/travis/build/icyphy/ptII/lib/ptCal.jar:/home/travis/build/icyphy/ptII/
lib/java_cup.jar:/home/travis/build/icyphy/ptII/lib/saxon8.jar:/home/travis/bui
ld/icyphy/ptII/lib/saxon8-dom.jar:/home/travis/build/icyphy/ptII/lib/chic.jar:/
home/travis/build/icyphy/ptII/lib/ptcolt.jar:/usr/lib/jvm/java-8-oracle/lib/too
ls.jar:/usr/lib/eclipse/plugins/org.eclipse.jdt.core_3.8.2.dist.jar:/usr/lib/ec
lipse/plugins/org.eclipse.core.runtime_3.8.0.dist.jar:/usr/lib/eclipse/plugins/
org.eclipse.osgi_3.8.1.dist.jar:/usr/lib/eclipse/plugins/org.eclipse.core.resou
rces_3.8.1.dist.jar:/usr/lib/eclipse/plugins/org.eclipse.equinox.common_3.6.100
.dist.jar:/usr/lib/eclipse/plugins/org.eclipse.core.jobs_3.5.200.dist.jar:/usr/
lib/eclipse/plugins/org.eclipse.core.contenttype_3.4.200.dist.jar:/usr/lib/ecli
pse/plugins/org.eclipse.equinox.preferences_3.5.0.dist.jar:/usr/lib/eclipse/plu
gins/org.eclipse.text_3.5.200.dist.jar:/usr/lib/eclipse/plugins/org.eclipse.ui.
workbench_3.8.1.dist.jar:/usr/lib/eclipse/plugins/org.eclipse.jface_3.8.0.dist.
jar:/usr/lib/eclipse/plugins/org.eclipse.swt_3.8.2.jar:/usr/lib/eclipse/plugins
/org.eclipse.jface.text_3.8.1.dist.jar:/usr/lib/eclipse/plugins/org.eclipse.ui.
workbench.texteditor_3.8.0.dist.jar:/usr/lib/eclipse/plugins/org.eclipse.ui.edi
tors_3.8.0.dist.jar:/usr/lib/eclipse/plugins/org.eclipse.core.commands_3.6.1.di
st.jar:/usr/lib/eclipse/plugins/org.eclipse.equinox.registry_3.5.200.dist.jar:/
usr/lib/eclipse/plugins/org.eclipse.ui.console_3.5.100.dist.jar:/usr/lib/eclips
e/plugins/org.eclipse.ui.forms_3.5.200.dist.jar:/usr/lib/eclipse/plugins/org.ec
lipse.ui.ide_3.8.1.dist.jar:/home/travis/build/icyphy/ptII/vendors/oracle/dbxml
.jar:/home/travis/build/icyphy/ptII/vendors/oracle/db.jar:/home/travis/build/ic
yphy/ptII/vendors/misc/itext/iText.jar:/home/travis/build/icyphy/ptII/lib/g4ltl
.jar:/home/travis/build/icyphy/ptII/lib/StructuralCoder.jar:/home/travis/build/
icyphy/ptII/lib/org-openide-util.jar:/home/travis/build/icyphy/ptII/lib/org-ope
nide-util-lookup.jar:/home/travis/build/icyphy/ptII/lib/org-netbeans-api-visual
.jar:/home/travis/build/icyphy/ptII/vendors/jai-1_1_2_01/lib/jai_core.jar:/home
/travis/build/icyphy/ptII/vendors/jai-1_1_2_01/lib/jai_codec.jar:/home/travis/b
uild/icyphy/ptII/lib/jcerti.jar:/home/travis/build/icyphy/ptII/lib/smack.jar:/h
ome/travis/build/icyphy/ptII/lib/smackx.jar:/home/travis/build/icyphy/ptII/lib/
jetty-all-8.1.5-v20120716.jar:/home/travis/build/icyphy/ptII/lib/javax.servlet-
api-3.0.1.jar:/home/travis/build/icyphy/ptII/lib/javax.mail.jar:/home/travis/bu
ild/icyphy/ptII/vendors/JMF-2.1.1e/lib/jmf.jar:/home/travis/build/icyphy/ptII/l
ib/jna-4.0.0-variadic.jar:/home/travis/build/icyphy/ptII/vendors/misc/joystick/
Joystick.jar:/home/travis/build/icyphy/ptII/lib/ptjacl.jar:/home/travis/build/i
cyphy/ptII/lib/jsoup-1.8.2.jar:/home/travis/build/icyphy/ptII/lib/junit-4.8.2.j
ar:/home/travis/build/icyphy/ptII/lib/JUnitParams-0.4.0.jar:/home/travis/build/
icyphy/ptII/ptolemy/actor/lib/excel/jxl.jar:/home/travis/build/icyphy/ptII/lib/
jython.jar:/home/travis/build/icyphy/ptII/lib/kieler.jar:/home/travis/build/icy
phy/ptII/vendors/opencv/share/OpenCV/java/opencv-341.jar:/home/travis/build/icy
phy/ptII/lib/oscP5.jar:/home/travis/build/icyphy/ptII/lib/nrjavaserial-3.11.0.d
evel.jar:/home/travis/build/icyphy/ptII/vendors/j3d/lib/j3dcore.jar:/home/travi
s/build/icyphy/ptII/vendors/j3d/lib/j3dutils.jar:/home/travis/build/icyphy/ptII
/vendors/j3d/lib/vecmath.jar:/home/travis/build/icyphy/ptII/ptolemy/distributed
/jini/jar/jini-core.jar:/home/travis/build/icyphy/ptII/ptolemy/distributed/jini
/jar/jini-ext.jar:/home/travis/build/icyphy/ptII/ptolemy/distributed/jini/jar/s
un-util.jar:/home/travis/build/icyphy/ptII/lib/protobuf-java-2.4.1.jar:/home/tr
avis/build/icyphy/ptII/lib/org.eclipse.paho.client.mqttv3.jar:/home/travis/buil
d/icyphy/ptII/ptserver/lib/hessian-4.0.7.jar:/home/travis/build/icyphy/ptII/pts
erver/lib/wmqtt.jar:/home/travis/build/icyphy/ptII/lib/mapss.jar:/home/travis/b
uild/icyphy/ptII/ptolemy/actor/ptalon/antlr/antlr.jar:/home/travis/build/icyphy
/ptII/lib/JRI.jar:/home/travis/build/icyphy/ptII/lib/commons-lang-2.6.jar:/home
/travis/build/icyphy/ptII/lib/commons-logging-1.1.1.jar:/home/travis/build/icyp
hy/ptII/lib/sootclasses.jar:/home/travis/build/icyphy/ptII/ptolemy/actor/lib/da
tabase/mysql-connector-java-5.1.6-bin.jar:/home/travis/build/icyphy/ptII/vendor
s/misc/sphinx4/sphinx4-data-5prealpha.jar:/home/travis/build/icyphy/ptII/vendor
s/misc/sphinx4/sphinx4-core-5prealpha.jar:/home/travis/build/icyphy/ptII/lib/PD
FRenderer.jar:/home/travis/build/icyphy/ptII/lib/svgSalamander.jar:/home/travis
/build/icyphy/ptII/lib/rsyntaxtextarea-2.6.0-SNAPSHOT.jar:/home/travis/build/ic
yphy/ptII/lib/hazelcast-3.8.2.jar:/home/travis/build/icyphy/ptII/lib/jackson-an
notations-2.9.0.jar:/home/travis/build/icyphy/ptII/lib/jackson-core-2.9.3.jar:/
home/travis/build/icyphy/ptII/lib/jackson-databind-2.9.3.jar:/home/travis/build
/icyphy/ptII/lib/netty-buffer-4.1.19.Final.jar:/home/travis/build/icyphy/ptII/l
ib/netty-codec-4.1.19.Final.jar:/home/travis/build/icyphy/ptII/lib/netty-codec-
dns-4.1.19.Final.jar:/home/travis/build/icyphy/ptII/lib/netty-codec-http-4.1.19
.Final.jar:/home/travis/build/icyphy/ptII/lib/netty-codec-http2-4.1.19.Final.ja
r:/home/travis/build/icyphy/ptII/lib/netty-common-4.1.19.Final.jar:/home/travis
/build/icyphy/ptII/lib/netty-handler-4.1.19.Final.jar:/home/travis/build/icyphy
/ptII/lib/netty-resolver-4.1.19.Final.jar:/home/travis/build/icyphy/ptII/lib/ne
tty-resolver-dns-4.1.19.Final.jar:/home/travis/build/icyphy/ptII/lib/netty-tran
sport-4.1.19.Final.jar:/home/travis/build/icyphy/ptII/lib/vertx-codegen-3.5.1.j
ar:/home/travis/build/icyphy/ptII/lib/vertx-core-3.5.2-SNAPSHOT.jar:/home/travi
s/build/icyphy/ptII/lib/vertx-hazelcast-3.5.1.jar:/home/travis/build/icyphy/ptI
I/lib/vertx-lang-js-3.5.1.jar:/home/travis/build/icyphy/ptII/lib/vertx-service-
proxy-3.5.1.jar:/home/travis/build/icyphy/ptII/lib/vertx-web-3.5.1.jar:/home/tr
avis/build/icyphy/ptII/lib/slf4j-api-1.7.13.jar:/home/travis/build/icyphy/ptII/
lib/slf4j-simple-1.7.13.jar:/home/travis/build/icyphy/ptII/lib/webcam-capture-0
.3.12.jar:/home/travis/build/icyphy/ptII/lib/bridj-0.7.0.jar:/home/travis/build
/icyphy/ptII/lib/xbjlib-1.1.0.nrjavaserial.jar:/home/travis/build/icyphy/ptII/p
tolemy/moml/test:/home/travis/build/icyphy/ptII/ant/lib/ant-launcher.jar:/home/
travis/build/icyphy/ptII/ant/lib/ant.jar:/home/travis/build/icyphy/ptII/ant/lib
/ant-junit.jar:/home/travis/build/icyphy/ptII/ant/lib/ant-junit4.jar:/home/trav
is/build/icyphy/ptII ModularCodeGenPubSub_A1_profile.java
-rw-rw-r-- 1 travis travis   864 Sep  3 02:10 ModularCodeGen5_A_A.mk
-rw-rw-r-- 1 travis travis  1520 Sep  3 02:10 ModularCodeGen5_A_A_profile.class
-rw-rw-r-- 1 travis travis  1815 Sep  3 02:10 ModularCodeGen5_A_A_profile.java
-rw-rw-r-- 1 travis travis  5115 Sep  3 02:10 ModularCodeGen5_A.class
-rw-rw-r-- 1 travis travis 13769 Sep  3 02:10 ModularCodeGen5_A.java
-rw-rw-r-- 1 travis travis   848 Sep  3 02:10 ModularCodeGen5_A.mk
-rw-rw-r-- 1 travis travis  1422 Sep  3 02:10 ModularCodeGen5_A_profile.class
-rw-rw-r-- 1 travis travis  1605 Sep  3 02:10 ModularCodeGen5_A_profile.java
-rw-rw-r-- 1 travis travis  4125 Sep  3 02:10 ModularCodeGen6_A_A2.class
-rw-rw-r-- 1 travis travis 11329 Sep  3 02:10 ModularCodeGen6_A_A2.java
-rw-rw-r-- 1 travis travis   872 Sep  3 02:10 ModularCodeGen6_A_A2.mk
-rw-rw-r-- 1 travis travis  1351 Sep  3 02:10 ModularCodeGen6_A_A2_profile.class
-rw-rw-r-- 1 travis travis  1364 Sep  3 02:10 ModularCodeGen6_A_A2_profile.java
-rw-rw-r-- 1 travis travis  4108 Sep  3 02:10 ModularCodeGen6_A_A.class
-rw-rw-r-- 1 travis travis 11221 Sep  3 02:10 ModularCodeGen6_A_A.java
-rw-rw-r-- 1 travis travis   864 Sep  3 02:10 ModularCodeGen6_A_A.mk
-rw-rw-r-- 1 travis travis  1348 Sep  3 02:10 ModularCodeGen6_A_A_profile.class
-rw-rw-r-- 1 travis travis  1361 Sep  3 02:10 ModularCodeGen6_A_A_profile.java
-rw-rw-r-- 1 travis travis  7237 Sep  3 02:10 ModularCodeGen6_A.class
-rw-rw-r-- 1 travis travis 26535 Sep  3 02:10 ModularCodeGen6_A.java
-rw-rw-r-- 1 travis travis   848 Sep  3 02:10 ModularCodeGen6_A.mk
-rw-rw-r-- 1 travis travis  1483 Sep  3 02:10 ModularCodeGen6_A_profile.class
-rw-rw-r-- 1 travis travis  1810 Sep  3 02:10 ModularCodeGen6_A_profile.java
-rw-rw-r-- 1 travis travis  9439 Sep  3 02:10 ModularCodeGenLazyPubSubGlobal_CompositeActor_ModularCodeGenTypedComposite.class
-rw-rw-r-- 1 travis travis 30161 Sep  3 02:10 ModularCodeGenLazyPubSubGlobal_CompositeActor_ModularCodeGenTypedComposite.java
-rw-rw-r-- 1 travis travis  1304 Sep  3 02:10 ModularCodeGenLazyPubSubGlobal_CompositeActor_ModularCodeGenTypedComposite.mk
-rw-rw-r-- 1 travis travis  1438 Sep  3 02:10 ModularCodeGenLazyPubSubGlobal_CompositeActor_ModularCodeGenTypedComposite_profile.class
-rw-rw-r-- 1 travis travis  1384 Sep  3 02:10 ModularCodeGenLazyPubSubGlobal_CompositeActor_ModularCodeGenTypedComposite_profile.java
-rw-rw-r-- 1 travis travis  3952 Sep  3 02:10 ModularCodeGenLazyPubSub_LazyCompositeActor.class
-rw-rw-r-- 1 travis travis 11122 Sep  3 02:10 ModularCodeGenLazyPubSub_LazyCompositeActor.java
-rw-rw-r-- 1 travis travis  1056 Sep  3 02:10 ModularCodeGenLazyPubSub_LazyCompositeActor.mk
-rw-rw-r-- 1 travis travis  1286 Sep  3 02:10 ModularCodeGenLazyPubSub_LazyCompositeActor_profile.class
-rw-rw-r-- 1 travis travis  1091 Sep  3 02:10 ModularCodeGenLazyPubSub_LazyCompositeActor_profile.java
-rw-rw-r-- 1 travis travis  3954 Sep  3 02:09 ModularCodeGen_ModularCodeGenTypedCompositeActor.class
-rw-rw-r-- 1 travis travis 10970 Sep  3 02:09 ModularCodeGen_ModularCodeGenTypedCompositeActor.java
-rw-rw-r-- 1 travis travis  1096 Sep  3 02:09 ModularCodeGen_ModularCodeGenTypedCompositeActor.mk
-rw-rw-r-- 1 travis travis  1384 Sep  3 02:09 ModularCodeGen_ModularCodeGenTypedCompositeActor_profile.class
-rw-rw-r-- 1 travis travis  1328 Sep  3 02:09 ModularCodeGen_ModularCodeGenTypedCompositeActor_profile.java
-rw-rw-r-- 1 travis travis  1195 Sep  3 02:10 ModularCodeGenPubSub_A1_profile.java
-rw-rw-r-- 1 travis travis  3492 Sep  3 02:08 ModularCodeGenTest_A1_A2.class
-rw-rw-r-- 1 travis travis  9164 Sep  3 02:08 ModularCodeGenTest_A1_A2.java
-rw-rw-r-- 1 travis travis   904 Sep  3 02:08 ModularCodeGenTest_A1_A2.mk
-rw-rw-r-- 1 travis travis  1306 Sep  3 02:08 ModularCodeGenTest_A1_A2_profile.class
-rw-rw-r-- 1 travis travis  1228 Sep  3 02:08 ModularCodeGenTest_A1_A2_profile.java
-rw-rw-r-- 1 travis travis  3823 Sep  3 02:09 ModularCodeGenTest_A1.class
-rw-rw-r-- 1 travis travis  9968 Sep  3 02:09 ModularCodeGenTest_A1.java
-rw-rw-r-- 1 travis travis   880 Sep  3 02:09 ModularCodeGenTest_A1.mk
-rw-rw-r-- 1 travis travis  1352 Sep  3 02:09 ModularCodeGenTest_A1_profile.class
-rw-rw-r-- 1 travis travis  1394 Sep  3 02:08 ModularCodeGenTest_A1_profile.java
-rw-rw-r-- 1 travis travis   432 Sep  3 02:10 Token.class
-rw-rw-r-- 1 travis travis   251 Sep  3 02:10 Token.java
warning: Supported source version 'RELEASE_6' from annotation processor 'org.netbeans.modules.openide.util.NbBundleProcessor' less than -source '1.8'
warning: Supported source version 'RELEASE_6' from annotation processor 'org.netbeans.modules.openide.util.URLStreamHandlerRegistrationProcessor' less than -source '1.8'
warning: Supported source version 'RELEASE_6' from annotation processor 'org.netbeans.modules.openide.util.ServiceProviderProcessor' less than -source '1.8'
3 warnings
All Done
Writing ModularCodeGenPubSub_A1.java in file:/home/travis/cg/ (9060 characters)
Reading "ptolemy/cg/kernel/generic/program/procedural/java/modular/makefile.in",
    writing "/home/travis/cg/ModularCodeGenPubSub_A1.mk"
Using ptolemy/cg/kernel/generic/program/procedural/java/modular/makefile.in
In "/home/travis/cg", about to execute:
    make -f ModularCodeGenPubSub_A1.mk
javac -classpath ".:.."    ModularCodeGenPubSub_A1.java
All Done
2226 ms. Memory: 175616K Free: 59896K (34%)
----------------- Invoking toplevel() on ptolemy.moml.MoMLSimpleApplication@73143f0c
----------------- Done invoking toplevel() on ptolemy.moml.MoMLSimpleApplication@73143f0c
reloadAllAccessors: .ModularCodeGenPubSub

===========================================================================================
----------------- testing Mon Sep 03 02:10:24 UTC 2018 /home/travis/build/icyphy/ptII/ptolemy/cg/lib/test/auto/ModularCodeGenPubSub2.xml
----------------- Instantiating /home/travis/build/icyphy/ptII/ptolemy/cg/lib/test/auto/ModularCodeGenPubSub2.xml
In "/home/travis/cg", about to execute:
    pwd
/home/travis/cg
In "/home/travis/cg", about to execute:
    ls -l
total 1236
In "/home/travis/cg", about to execute:
-rw-rw-r-- 1 travis travis   233 Sep  3 02:10 Array.class
-rw-rw-r-- 1 travis travis   459 Sep  3 02:10 Array.java
-rw-rw-r-- 1 travis travis  4895 Sep  3 02:09 CompiledCompositeActor_CompiledCompositeActor.class
-rw-rw-r-- 1 travis travis  1592 Sep  3 02:09 CompiledCompositeActor_CompiledCompositeActor$_CompiledCompositeActor_CompiledCompositeActor.class
-rw-rw-r-- 1 travis travis 13466 Sep  3 02:09 CompiledCompositeActor_CompiledCompositeActor.java
-rw-rw-r-- 1 travis travis  1593 Sep  3 02:09 CompiledCompositeActor_CompiledCompositeActor.mk
-rw-rw-r-- 1 travis travis  4457 Sep  3 02:09 JavaCompiledCompositeTest1_CompiledCompositeActor.class
-rw-rw-r-- 1 travis travis 11637 Sep  3 02:09 JavaCompiledCompositeTest1_CompiledCompositeActor.java
-rw-rw-r-- 1 travis travis  1198 Sep  3 02:09 JavaCompiledCompositeTest1_CompiledCompositeActor$_JavaCompiledCompositeTest1_CompiledCompositeActor.class
-rw-rw-r-- 1 travis travis  1625 Sep  3 02:09 JavaCompiledCompositeTest1_CompiledCompositeActor.mk
-rw-rw-r-- 1 travis travis  4888 Sep  3 02:09 JavaCompiledCompositeTest2_CompiledCompositeActor.class
-rw-rw-r-- 1 travis travis 14919 Sep  3 02:09 JavaCompiledCompositeTest2_CompiledCompositeActor.java
-rw-rw-r-- 1 travis travis  1793 Sep  3 02:09 JavaCompiledCompositeTest2_CompiledCompositeActor$_JavaCompiledCompositeTest2_CompiledCompositeActor.class
-rw-rw-r-- 1 travis travis  1625 Sep  3 02:09 JavaCompiledCompositeTest2_CompiledCompositeActor.mk
-rw-rw-r-- 1 travis travis  4505 Sep  3 02:09 JavaCompiledCompositeTest3_CompiledCompositeActor.class
-rw-rw-r-- 1 travis travis 13080 Sep  3 02:09 JavaCompiledCompositeTest3_CompiledCompositeActor.java
-rw-rw-r-- 1 travis travis  1378 Sep  3 02:09 JavaCompiledCompositeTest3_CompiledCompositeActor$_JavaCompiledCompositeTest3_CompiledCompositeActor.class
-rw-rw-r-- 1 travis travis  1625 Sep  3 02:09 JavaCompiledCompositeTest3_CompiledCompositeActor.mk
-rw-rw-r-- 1 travis travis  3953 Sep  3 02:09 JavaCompiledCompositeTest4_CompiledCompositeActor.class
-rw-rw-r-- 1 travis travis  9687 Sep  3 02:09 JavaCompiledCompositeTest4_CompiledCompositeActor.java
-rw-rw-r-- 1 travis travis   857 Sep  3 02:09 JavaCompiledCompositeTest4_CompiledCompositeActor$_JavaCompiledCompositeTest4_CompiledCompositeActor.class
-rw-rw-r-- 1 travis travis  1625 Sep  3 02:09 JavaCompiledCompositeTest4_CompiledCompositeActor.mk
-rw-rw-r-- 1 travis travis  3693 Sep  3 02:09 ModularCG_A1_B1.class
-rw-rw-r-- 1 travis travis  9730 Sep  3 02:09 ModularCG_A1_B1.java
-rw-rw-r-- 1 travis travis   832 Sep  3 02:09 ModularCG_A1_B1.mk
-rw-rw-r-- 1 travis travis  1318 Sep  3 02:09 ModularCG_A1_B1_profile.class
-rw-rw-r-- 1 travis travis  1262 Sep  3 02:09 ModularCG_A1_B1_profile.java
-rw-rw-r-- 1 travis travis  3693 Sep  3 02:09 ModularCG_A1_B2.class
-rw-rw-r-- 1 travis travis  9730 Sep  3 02:09 ModularCG_A1_B2.java
-rw-rw-r-- 1 travis travis   832 Sep  3 02:09 ModularCG_A1_B2.mk
-rw-rw-r-- 1 travis travis  1318 Sep  3 02:09 ModularCG_A1_B2_profile.class
-rw-rw-r-- 1 travis travis  1262 Sep  3 02:09 ModularCG_A1_B2_profile.java
-rw-rw-r-- 1 travis travis  4799 Sep  3 02:09 ModularCG_A1.class
    javac -classpath
.:/home/travis/build/icyphy/ptII:/home/travis/build/icyphy/ptII/lib/bsh-2.0b4.j
ar:/home/travis/build/icyphy/ptII/lib/ptCal.jar:/home/travis/build/icyphy/ptII/
lib/java_cup.jar:/home/travis/build/icyphy/ptII/lib/saxon8.jar:/home/travis/bui
ld/icyphy/ptII/lib/saxon8-dom.jar:/home/travis/build/icyphy/ptII/lib/chic.jar:/
home/travis/build/icyphy/ptII/lib/ptcolt.jar:/usr/lib/jvm/java-8-oracle/lib/too
ls.jar:/usr/lib/eclipse/plugins/org.eclipse.jdt.core_3.8.2.dist.jar:/usr/lib/ec
lipse/plugins/org.eclipse.core.runtime_3.8.0.dist.jar:/usr/lib/eclipse/plugins/
org.eclipse.osgi_3.8.1.dist.jar:/usr/lib/eclipse/plugins/org.eclipse.core.resou
rces_3.8.1.dist.jar:/usr/lib/eclipse/plugins/org.eclipse.equinox.common_3.6.100
.dist.jar:/usr/lib/eclipse/plugins/org.eclipse.core.jobs_3.5.200.dist.jar:/usr/
lib/eclipse/plugins/org.eclipse.core.contenttype_3.4.200.dist.jar:/usr/lib/ecli
pse/plugins/org.eclipse.equinox.preferences_3.5.0.dist.jar:/usr/lib/eclipse/plu
gins/org.eclipse.text_3.5.200.dist.jar:/usr/lib/eclipse/plugins/org.eclipse.ui.
workbench_3.8.1.dist.jar:/usr/lib/eclipse/plugins/org.eclipse.jface_3.8.0.dist.
jar:/usr/lib/eclipse/plugins/org.eclipse.swt_3.8.2.jar:/usr/lib/eclipse/plugins
/org.eclipse.jface.text_3.8.1.dist.jar:/usr/lib/eclipse/plugins/org.eclipse.ui.
workbench.texteditor_3.8.0.dist.jar:/usr/lib/eclipse/plugins/org.eclipse.ui.edi
tors_3.8.0.dist.jar:/usr/lib/eclipse/plugins/org.eclipse.core.commands_3.6.1.di
st.jar:/usr/lib/eclipse/plugins/org.eclipse.equinox.registry_3.5.200.dist.jar:/
usr/lib/eclipse/plugins/org.eclipse.ui.console_3.5.100.dist.jar:/usr/lib/eclips
e/plugins/org.eclipse.ui.forms_3.5.200.dist.jar:/usr/lib/eclipse/plugins/org.ec
lipse.ui.ide_3.8.1.dist.jar:/home/travis/build/icyphy/ptII/vendors/oracle/dbxml
.jar:/home/travis/build/icyphy/ptII/vendors/oracle/db.jar:/home/travis/build/ic
yphy/ptII/vendors/misc/itext/iText.jar:/home/travis/build/icyphy/ptII/lib/g4ltl
.jar:/home/travis/build/icyphy/ptII/lib/StructuralCoder.jar:/home/travis/build/
icyphy/ptII/lib/org-openide-util.jar:/home/travis/build/icyphy/ptII/lib/org-ope
nide-util-lookup.jar:/home/travis/build/icyphy/ptII/lib/org-netbeans-api-visual
.jar:/home/travis/build/icyphy/ptII/vendors/jai-1_1_2_01/lib/jai_core.jar:/home
/travis/build/icyphy/ptII/vendors/jai-1_1_2_01/lib/jai_codec.jar:/home/travis/b
uild/icyphy/ptII/lib/jcerti.jar:/home/travis/build/icyphy/ptII/lib/smack.jar:/h
ome/travis/build/icyphy/ptII/lib/smackx.jar:/home/travis/build/icyphy/ptII/lib/
jetty-all-8.1.5-v20120716.jar:/home/travis/build/icyphy/ptII/lib/javax.servlet-
api-3.0.1.jar:/home/travis/build/icyphy/ptII/lib/javax.mail.jar:/home/travis/bu
ild/icyphy/ptII/vendors/JMF-2.1.1e/lib/jmf.jar:/home/travis/build/icyphy/ptII/l
ib/jna-4.0.0-variadic.jar:/home/travis/build/icyphy/ptII/vendors/misc/joystick/
Joystick.jar:/home/travis/build/icyphy/ptII/lib/ptjacl.jar:/home/travis/build/i
cyphy/ptII/lib/jsoup-1.8.2.jar:/home/travis/build/icyphy/ptII/lib/junit-4.8.2.j
ar:/home/travis/build/icyphy/ptII/lib/JUnitParams-0.4.0.jar:/home/travis/build/
icyphy/ptII/ptolemy/actor/lib/excel/jxl.jar:/home/travis/build/icyphy/ptII/lib/
jython.jar:/home/travis/build/icyphy/ptII/lib/kieler.jar:/home/travis/build/icy
phy/ptII/vendors/opencv/share/OpenCV/java/opencv-341.jar:/home/travis/build/icy
phy/ptII/lib/oscP5.jar:/home/travis/build/icyphy/ptII/lib/nrjavaserial-3.11.0.d
evel.jar:/home/travis/build/icyphy/ptII/vendors/j3d/lib/j3dcore.jar:/home/travi
s/build/icyphy/ptII/vendors/j3d/lib/j3dutils.jar:/home/travis/build/icyphy/ptII
/vendors/j3d/lib/vecmath.jar:/home/travis/build/icyphy/ptII/ptolemy/distributed
/jini/jar/jini-core.jar:/home/travis/build/icyphy/ptII/ptolemy/distributed/jini
/jar/jini-ext.jar:/home/travis/build/icyphy/ptII/ptolemy/distributed/jini/jar/s
un-util.jar:/home/travis/build/icyphy/ptII/lib/protobuf-java-2.4.1.jar:/home/tr
avis/build/icyphy/ptII/lib/org.eclipse.paho.client.mqttv3.jar:/home/travis/buil
d/icyphy/ptII/ptserver/lib/hessian-4.0.7.jar:/home/travis/build/icyphy/ptII/pts
erver/lib/wmqtt.jar:/home/travis/build/icyphy/ptII/lib/mapss.jar:/home/travis/b
uild/icyphy/ptII/ptolemy/actor/ptalon/antlr/antlr.jar:/home/travis/build/icyphy
/ptII/lib/JRI.jar:/home/travis/build/icyphy/ptII/lib/commons-lang-2.6.jar:/home
/travis/build/icyphy/ptII/lib/commons-logging-1.1.1.jar:/home/travis/build/icyp
hy/ptII/lib/sootclasses.jar:/home/travis/build/icyphy/ptII/ptolemy/actor/lib/da
tabase/mysql-connector-java-5.1.6-bin.jar:/home/travis/build/icyphy/ptII/vendor
s/misc/sphinx4/sphinx4-data-5prealpha.jar:/home/travis/build/icyphy/ptII/vendor
s/misc/sphinx4/sphinx4-core-5prealpha.jar:/home/travis/build/icyphy/ptII/lib/PD
FRenderer.jar:/home/travis/build/icyphy/ptII/lib/svgSalamander.jar:/home/travis
/build/icyphy/ptII/lib/rsyntaxtextarea-2.6.0-SNAPSHOT.jar:/home/travis/build/ic
yphy/ptII/lib/hazelcast-3.8.2.jar:/home/travis/build/icyphy/ptII/lib/jackson-an
notations-2.9.0.jar:/home/travis/build/icyphy/ptII/lib/jackson-core-2.9.3.jar:/
home/travis/build/icyphy/ptII/lib/jackson-databind-2.9.3.jar:/home/travis/build
/icyphy/ptII/lib/netty-buffer-4.1.19.Final.jar:/home/travis/build/icyphy/ptII/l
ib/netty-codec-4.1.19.Final.jar:/home/travis/build/icyphy/ptII/lib/netty-codec-
dns-4.1.19.Final.jar:/home/travis/build/icyphy/ptII/lib/netty-codec-http-4.1.19
.Final.jar:/home/travis/build/icyphy/ptII/lib/netty-codec-http2-4.1.19.Final.ja
r:/home/travis/build/icyphy/ptII/lib/netty-common-4.1.19.Final.jar:/home/travis
/build/icyphy/ptII/lib/netty-handler-4.1.19.Final.jar:/home/travis/build/icyphy
/ptII/lib/netty-resolver-4.1.19.Final.jar:/home/travis/build/icyphy/ptII/lib/ne
tty-resolver-dns-4.1.19.Final.jar:/home/travis/build/icyphy/ptII/lib/netty-tran
sport-4.1.19.Final.jar:/home/travis/build/icyphy/ptII/lib/vertx-codegen-3.5.1.j
ar:/home/travis/build/icyphy/ptII/lib/vertx-core-3.5.2-SNAPSHOT.jar:/home/travi
s/build/icyphy/ptII/lib/vertx-hazelcast-3.5.1.jar:/home/travis/build/icyphy/ptI
I/lib/vertx-lang-js-3.5.1.jar:/home/travis/build/icyphy/ptII/lib/vertx-service-
proxy-3.5.1.jar:/home/travis/build/icyphy/ptII/lib/vertx-web-3.5.1.jar:/home/tr
avis/build/icyphy/ptII/lib/slf4j-api-1.7.13.jar:/home/travis/build/icyphy/ptII/
lib/slf4j-simple-1.7.13.jar:/home/travis/build/icyphy/ptII/lib/webcam-capture-0
.3.12.jar:/home/travis/build/icyphy/ptII/lib/bridj-0.7.0.jar:/home/travis/build
/icyphy/ptII/lib/xbjlib-1.1.0.nrjavaserial.jar:/home/travis/build/icyphy/ptII/p
tolemy/moml/test:/home/travis/build/icyphy/ptII/ant/lib/ant-launcher.jar:/home/
travis/build/icyphy/ptII/ant/lib/ant.jar:/home/travis/build/icyphy/ptII/ant/lib
/ant-junit.jar:/home/travis/build/icyphy/ptII/ant/lib/ant-junit4.jar:/home/trav
is/build/icyphy/ptII ModularCodeGenPubSub2_A1_A_profile.java
-rw-rw-r-- 1 travis travis 14742 Sep  3 02:09 ModularCG_A1.java
-rw-rw-r-- 1 travis travis   808 Sep  3 02:09 ModularCG_A1.mk
-rw-rw-r-- 1 travis travis  1433 Sep  3 02:09 ModularCG_A1_profile.class
-rw-rw-r-- 1 travis travis  1704 Sep  3 02:09 ModularCG_A1_profile.java
-rw-rw-r-- 1 travis travis  3827 Sep  3 02:09 ModularCG_A2_B1.class
-rw-rw-r-- 1 travis travis 10667 Sep  3 02:09 ModularCG_A2_B1.java
-rw-rw-r-- 1 travis travis   832 Sep  3 02:09 ModularCG_A2_B1.mk
-rw-rw-r-- 1 travis travis  1381 Sep  3 02:09 ModularCG_A2_B1_profile.class
-rw-rw-r-- 1 travis travis  1446 Sep  3 02:09 ModularCG_A2_B1_profile.java
-rw-rw-r-- 1 travis travis  3693 Sep  3 02:09 ModularCG_A2_B2.class
-rw-rw-r-- 1 travis travis  9730 Sep  3 02:09 ModularCG_A2_B2.java
-rw-rw-r-- 1 travis travis   832 Sep  3 02:09 ModularCG_A2_B2.mk
-rw-rw-r-- 1 travis travis  1318 Sep  3 02:09 ModularCG_A2_B2_profile.class
-rw-rw-r-- 1 travis travis  1262 Sep  3 02:09 ModularCG_A2_B2_profile.java
-rw-rw-r-- 1 travis travis  4870 Sep  3 02:09 ModularCG_A2.class
-rw-rw-r-- 1 travis travis 15129 Sep  3 02:09 ModularCG_A2.java
-rw-rw-r-- 1 travis travis   808 Sep  3 02:09 ModularCG_A2.mk
-rw-rw-r-- 1 travis travis  1433 Sep  3 02:09 ModularCG_A2_profile.class
-rw-rw-r-- 1 travis travis  1704 Sep  3 02:09 ModularCG_A2_profile.java
-rw-rw-r-- 1 travis travis  3473 Sep  3 02:09 ModularCGPubSub_A1_A2.class
-rw-rw-r-- 1 travis travis  9076 Sep  3 02:09 ModularCGPubSub_A1_A2.java
-rw-rw-r-- 1 travis travis   880 Sep  3 02:09 ModularCGPubSub_A1_A2.mk
-rw-rw-r-- 1 travis travis  1300 Sep  3 02:09 ModularCGPubSub_A1_A2_profile.class
-rw-rw-r-- 1 travis travis  1222 Sep  3 02:09 ModularCGPubSub_A1_A2_profile.java
-rw-rw-r-- 1 travis travis  3790 Sep  3 02:09 ModularCGPubSub_A1.class
-rw-rw-r-- 1 travis travis  9836 Sep  3 02:09 ModularCGPubSub_A1.java
-rw-rw-r-- 1 travis travis   856 Sep  3 02:09 ModularCGPubSub_A1.mk
-rw-rw-r-- 1 travis travis  1346 Sep  3 02:09 ModularCGPubSub_A1_profile.class
-rw-rw-r-- 1 travis travis  1388 Sep  3 02:09 ModularCGPubSub_A1_profile.java
-rw-rw-r-- 1 travis travis  3988 Sep  3 02:09 ModularCodeGen2_ModularCodeGenTypedCompositeActor.class
-rw-rw-r-- 1 travis travis 11690 Sep  3 02:09 ModularCodeGen2_ModularCodeGenTypedCompositeActor.java
-rw-rw-r-- 1 travis travis  1104 Sep  3 02:09 ModularCodeGen2_ModularCodeGenTypedCompositeActor.mk
-rw-rw-r-- 1 travis travis  4272 Sep  3 02:09 ModularCodeGen2_ModularCodeGenTypedCompositeActor_ModularCodeGenTypedCompositeActor.class
-rw-rw-r-- 1 travis travis 11790 Sep  3 02:09 ModularCodeGen2_ModularCodeGenTypedCompositeActor_ModularCodeGenTypedCompositeActor.java
-rw-rw-r-- 1 travis travis  1376 Sep  3 02:09 ModularCodeGen2_ModularCodeGenTypedCompositeActor_ModularCodeGenTypedCompositeActor.mk
-rw-rw-r-- 1 travis travis  1421 Sep  3 02:09 ModularCodeGen2_ModularCodeGenTypedCompositeActor_ModularCodeGenTypedCompositeActor_profile.class
-rw-rw-r-- 1 travis travis  1294 Sep  3 02:09 ModularCodeGen2_ModularCodeGenTypedCompositeActor_ModularCodeGenTypedCompositeActor_profile.java
-rw-rw-r-- 1 travis travis   820 Sep  3 02:09 ModularCodeGen2_ModularCodeGenTypedCompositeActor_profile.class
-rw-rw-r-- 1 travis travis   693 Sep  3 02:09 ModularCodeGen2_ModularCodeGenTypedCompositeActor_profile.java
-rw-rw-r-- 1 travis travis  3741 Sep  3 02:09 ModularCodeGen3_A1_B1.class
-rw-rw-r-- 1 travis travis  9958 Sep  3 02:09 ModularCodeGen3_A1_B1.java
-rw-rw-r-- 1 travis travis   880 Sep  3 02:09 ModularCodeGen3_A1_B1.mk
-rw-rw-r-- 1 travis travis  1330 Sep  3 02:09 ModularCodeGen3_A1_B1_profile.class
-rw-rw-r-- 1 travis travis  1274 Sep  3 02:09 ModularCodeGen3_A1_B1_profile.java
-rw-rw-r-- 1 travis travis  3741 Sep  3 02:09 ModularCodeGen3_A1_B2.class
-rw-rw-r-- 1 travis travis  9958 Sep  3 02:09 ModularCodeGen3_A1_B2.java
-rw-rw-r-- 1 travis travis   880 Sep  3 02:09 ModularCodeGen3_A1_B2.mk
-rw-rw-r-- 1 travis travis  1330 Sep  3 02:09 ModularCodeGen3_A1_B2_profile.class
-rw-rw-r-- 1 travis travis  1274 Sep  3 02:09 ModularCodeGen3_A1_B2_profile.java
-rw-rw-r-- 1 travis travis  4961 Sep  3 02:09 ModularCodeGen3_A1.class
-rw-rw-r-- 1 travis travis 15564 Sep  3 02:09 ModularCodeGen3_A1.java
-rw-rw-r-- 1 travis travis   856 Sep  3 02:09 ModularCodeGen3_A1.mk
-rw-rw-r-- 1 travis travis  1445 Sep  3 02:09 ModularCodeGen3_A1_profile.class
-rw-rw-r-- 1 travis travis  1716 Sep  3 02:09 ModularCodeGen3_A1_profile.java
-rw-rw-r-- 1 travis travis  3887 Sep  3 02:09 ModularCodeGen3_A2_B1.class
-rw-rw-r-- 1 travis travis 10955 Sep  3 02:09 ModularCodeGen3_A2_B1.java
-rw-rw-r-- 1 travis travis   880 Sep  3 02:09 ModularCodeGen3_A2_B1.mk
-rw-rw-r-- 1 travis travis  1393 Sep  3 02:09 ModularCodeGen3_A2_B1_profile.class
-rw-rw-r-- 1 travis travis  1458 Sep  3 02:09 ModularCodeGen3_A2_B1_profile.java
-rw-rw-r-- 1 travis travis  3741 Sep  3 02:09 ModularCodeGen3_A2_B2.class
-rw-rw-r-- 1 travis travis  9958 Sep  3 02:09 ModularCodeGen3_A2_B2.java
-rw-rw-r-- 1 travis travis   880 Sep  3 02:09 ModularCodeGen3_A2_B2.mk
-rw-rw-r-- 1 travis travis  1330 Sep  3 02:09 ModularCodeGen3_A2_B2_profile.class
-rw-rw-r-- 1 travis travis  1274 Sep  3 02:09 ModularCodeGen3_A2_B2_profile.java
-rw-rw-r-- 1 travis travis  5038 Sep  3 02:09 ModularCodeGen3_A2.class
-rw-rw-r-- 1 travis travis 15957 Sep  3 02:09 ModularCodeGen3_A2.java
-rw-rw-r-- 1 travis travis   856 Sep  3 02:09 ModularCodeGen3_A2.mk
-rw-rw-r-- 1 travis travis  1445 Sep  3 02:09 ModularCodeGen3_A2_profile.class
-rw-rw-r-- 1 travis travis  1716 Sep  3 02:09 ModularCodeGen3_A2_profile.java
-rw-rw-r-- 1 travis travis  3794 Sep  3 02:09 ModularCodeGen4_A1_B1.class
-rw-rw-r-- 1 travis travis 10312 Sep  3 02:09 ModularCodeGen4_A1_B1.java
-rw-rw-r-- 1 travis travis   880 Sep  3 02:09 ModularCodeGen4_A1_B1.mk
-rw-rw-r-- 1 travis travis  1330 Sep  3 02:09 ModularCodeGen4_A1_B1_profile.class
-rw-rw-r-- 1 travis travis  1273 Sep  3 02:09 ModularCodeGen4_A1_B1_profile.java
-rw-rw-r-- 1 travis travis  3794 Sep  3 02:09 ModularCodeGen4_A1_B2.class
-rw-rw-r-- 1 travis travis 10312 Sep  3 02:09 ModularCodeGen4_A1_B2.java
-rw-rw-r-- 1 travis travis   880 Sep  3 02:09 ModularCodeGen4_A1_B2.mk
-rw-rw-r-- 1 travis travis  1330 Sep  3 02:09 ModularCodeGen4_A1_B2_profile.class
-rw-rw-r-- 1 travis travis  1273 Sep  3 02:09 ModularCodeGen4_A1_B2_profile.java
-rw-rw-r-- 1 travis travis  5101 Sep  3 02:09 ModularCodeGen4_A1.class
-rw-rw-r-- 1 travis travis 16245 Sep  3 02:09 ModularCodeGen4_A1.java
-rw-rw-r-- 1 travis travis   856 Sep  3 02:09 ModularCodeGen4_A1.mk
-rw-rw-r-- 1 travis travis  1445 Sep  3 02:09 ModularCodeGen4_A1_profile.class
-rw-rw-r-- 1 travis travis  1712 Sep  3 02:09 ModularCodeGen4_A1_profile.java
-rw-rw-r-- 1 travis travis  3988 Sep  3 02:09 ModularCodeGen4_A2_B1.class
-rw-rw-r-- 1 travis travis 11375 Sep  3 02:09 ModularCodeGen4_A2_B1.java
-rw-rw-r-- 1 travis travis   880 Sep  3 02:09 ModularCodeGen4_A2_B1.mk
-rw-rw-r-- 1 travis travis  1393 Sep  3 02:09 ModularCodeGen4_A2_B1_profile.class
-rw-rw-r-- 1 travis travis  1454 Sep  3 02:09 ModularCodeGen4_A2_B1_profile.java
-rw-rw-r-- 1 travis travis  3842 Sep  3 02:10 ModularCodeGen4_A2_B2.class
-rw-rw-r-- 1 travis travis 10378 Sep  3 02:10 ModularCodeGen4_A2_B2.java
-rw-rw-r-- 1 travis travis   880 Sep  3 02:10 ModularCodeGen4_A2_B2.mk
-rw-rw-r-- 1 travis travis  1330 Sep  3 02:10 ModularCodeGen4_A2_B2_profile.class
-rw-rw-r-- 1 travis travis  1270 Sep  3 02:09 ModularCodeGen4_A2_B2_profile.java
-rw-rw-r-- 1 travis travis  5274 Sep  3 02:10 ModularCodeGen4_A2.class
-rw-rw-r-- 1 travis travis 16770 Sep  3 02:10 ModularCodeGen4_A2.java
-rw-rw-r-- 1 travis travis   856 Sep  3 02:10 ModularCodeGen4_A2.mk
-rw-rw-r-- 1 travis travis  1445 Sep  3 02:10 ModularCodeGen4_A2_profile.class
-rw-rw-r-- 1 travis travis  1712 Sep  3 02:10 ModularCodeGen4_A2_profile.java
-rw-rw-r-- 1 travis travis  6838 Sep  3 02:10 ModularCodeGen5_A_A.class
-rw-rw-r-- 1 travis travis 28721 Sep  3 02:10 ModularCodeGen5_A_A.java
-rw-rw-r-- 1 travis travis   864 Sep  3 02:10 ModularCodeGen5_A_A.mk
-rw-rw-r-- 1 travis travis  1520 Sep  3 02:10 ModularCodeGen5_A_A_profile.class
-rw-rw-r-- 1 travis travis  1815 Sep  3 02:10 ModularCodeGen5_A_A_profile.java
-rw-rw-r-- 1 travis travis  5115 Sep  3 02:10 ModularCodeGen5_A.class
-rw-rw-r-- 1 travis travis 13769 Sep  3 02:10 ModularCodeGen5_A.java
-rw-rw-r-- 1 travis travis   848 Sep  3 02:10 ModularCodeGen5_A.mk
-rw-rw-r-- 1 travis travis  1422 Sep  3 02:10 ModularCodeGen5_A_profile.class
-rw-rw-r-- 1 travis travis  1605 Sep  3 02:10 ModularCodeGen5_A_profile.java
-rw-rw-r-- 1 travis travis  4125 Sep  3 02:10 ModularCodeGen6_A_A2.class
-rw-rw-r-- 1 travis travis 11329 Sep  3 02:10 ModularCodeGen6_A_A2.java
-rw-rw-r-- 1 travis travis   872 Sep  3 02:10 ModularCodeGen6_A_A2.mk
-rw-rw-r-- 1 travis travis  1351 Sep  3 02:10 ModularCodeGen6_A_A2_profile.class
-rw-rw-r-- 1 travis travis  1364 Sep  3 02:10 ModularCodeGen6_A_A2_profile.java
-rw-rw-r-- 1 travis travis  4108 Sep  3 02:10 ModularCodeGen6_A_A.class
-rw-rw-r-- 1 travis travis 11221 Sep  3 02:10 ModularCodeGen6_A_A.java
-rw-rw-r-- 1 travis travis   864 Sep  3 02:10 ModularCodeGen6_A_A.mk
-rw-rw-r-- 1 travis travis  1348 Sep  3 02:10 ModularCodeGen6_A_A_profile.class
-rw-rw-r-- 1 travis travis  1361 Sep  3 02:10 ModularCodeGen6_A_A_profile.java
-rw-rw-r-- 1 travis travis  7237 Sep  3 02:10 ModularCodeGen6_A.class
-rw-rw-r-- 1 travis travis 26535 Sep  3 02:10 ModularCodeGen6_A.java
-rw-rw-r-- 1 travis travis   848 Sep  3 02:10 ModularCodeGen6_A.mk
-rw-rw-r-- 1 travis travis  1483 Sep  3 02:10 ModularCodeGen6_A_profile.class
-rw-rw-r-- 1 travis travis  1810 Sep  3 02:10 ModularCodeGen6_A_profile.java
-rw-rw-r-- 1 travis travis  9439 Sep  3 02:10 ModularCodeGenLazyPubSubGlobal_CompositeActor_ModularCodeGenTypedComposite.class
-rw-rw-r-- 1 travis travis 30161 Sep  3 02:10 ModularCodeGenLazyPubSubGlobal_CompositeActor_ModularCodeGenTypedComposite.java
-rw-rw-r-- 1 travis travis  1304 Sep  3 02:10 ModularCodeGenLazyPubSubGlobal_CompositeActor_ModularCodeGenTypedComposite.mk
-rw-rw-r-- 1 travis travis  1438 Sep  3 02:10 ModularCodeGenLazyPubSubGlobal_CompositeActor_ModularCodeGenTypedComposite_profile.class
-rw-rw-r-- 1 travis travis  1384 Sep  3 02:10 ModularCodeGenLazyPubSubGlobal_CompositeActor_ModularCodeGenTypedComposite_profile.java
-rw-rw-r-- 1 travis travis  3952 Sep  3 02:10 ModularCodeGenLazyPubSub_LazyCompositeActor.class
-rw-rw-r-- 1 travis travis 11122 Sep  3 02:10 ModularCodeGenLazyPubSub_LazyCompositeActor.java
-rw-rw-r-- 1 travis travis  1056 Sep  3 02:10 ModularCodeGenLazyPubSub_LazyCompositeActor.mk
-rw-rw-r-- 1 travis travis  1286 Sep  3 02:10 ModularCodeGenLazyPubSub_LazyCompositeActor_profile.class
-rw-rw-r-- 1 travis travis  1091 Sep  3 02:10 ModularCodeGenLazyPubSub_LazyCompositeActor_profile.java
-rw-rw-r-- 1 travis travis  3954 Sep  3 02:09 ModularCodeGen_ModularCodeGenTypedCompositeActor.class
-rw-rw-r-- 1 travis travis 10970 Sep  3 02:09 ModularCodeGen_ModularCodeGenTypedCompositeActor.java
-rw-rw-r-- 1 travis travis  1096 Sep  3 02:09 ModularCodeGen_ModularCodeGenTypedCompositeActor.mk
-rw-rw-r-- 1 travis travis  1384 Sep  3 02:09 ModularCodeGen_ModularCodeGenTypedCompositeActor_profile.class
-rw-rw-r-- 1 travis travis  1328 Sep  3 02:09 ModularCodeGen_ModularCodeGenTypedCompositeActor_profile.java
-rw-rw-r-- 1 travis travis  1128 Sep  3 02:10 ModularCodeGenPubSub2_A1_A_profile.java
-rw-rw-r-- 1 travis travis  3475 Sep  3 02:10 ModularCodeGenPubSub_A1.class
-rw-rw-r-- 1 travis travis  9060 Sep  3 02:10 ModularCodeGenPubSub_A1.java
-rw-rw-r-- 1 travis travis   896 Sep  3 02:10 ModularCodeGenPubSub_A1.mk
-rw-rw-r-- 1 travis travis  1278 Sep  3 02:10 ModularCodeGenPubSub_A1_profile.class
-rw-rw-r-- 1 travis travis  1195 Sep  3 02:10 ModularCodeGenPubSub_A1_profile.java
-rw-rw-r-- 1 travis travis  3492 Sep  3 02:08 ModularCodeGenTest_A1_A2.class
-rw-rw-r-- 1 travis travis  9164 Sep  3 02:08 ModularCodeGenTest_A1_A2.java
-rw-rw-r-- 1 travis travis   904 Sep  3 02:08 ModularCodeGenTest_A1_A2.mk
-rw-rw-r-- 1 travis travis  1306 Sep  3 02:08 ModularCodeGenTest_A1_A2_profile.class
-rw-rw-r-- 1 travis travis  1228 Sep  3 02:08 ModularCodeGenTest_A1_A2_profile.java
-rw-rw-r-- 1 travis travis  3823 Sep  3 02:09 ModularCodeGenTest_A1.class
-rw-rw-r-- 1 travis travis  9968 Sep  3 02:09 ModularCodeGenTest_A1.java
-rw-rw-r-- 1 travis travis   880 Sep  3 02:09 ModularCodeGenTest_A1.mk
-rw-rw-r-- 1 travis travis  1352 Sep  3 02:09 ModularCodeGenTest_A1_profile.class
-rw-rw-r-- 1 travis travis  1394 Sep  3 02:08 ModularCodeGenTest_A1_profile.java
-rw-rw-r-- 1 travis travis   432 Sep  3 02:10 Token.class
-rw-rw-r-- 1 travis travis   251 Sep  3 02:10 Token.java
warning: Supported source version 'RELEASE_6' from annotation processor 'org.netbeans.modules.openide.util.NbBundleProcessor' less than -source '1.8'
warning: Supported source version 'RELEASE_6' from annotation processor 'org.netbeans.modules.openide.util.URLStreamHandlerRegistrationProcessor' less than -source '1.8'
warning: Supported source version 'RELEASE_6' from annotation processor 'org.netbeans.modules.openide.util.ServiceProviderProcessor' less than -source '1.8'
3 warnings
All Done
Writing ModularCodeGenPubSub2_A1_A.java in file:/home/travis/cg/ (8578 characters)
Reading "ptolemy/cg/kernel/generic/program/procedural/java/modular/makefile.in",
    writing "/home/travis/cg/ModularCodeGenPubSub2_A1_A.mk"
Using ptolemy/cg/kernel/generic/program/procedural/java/modular/makefile.in
In "/home/travis/cg", about to execute:
    make -f ModularCodeGenPubSub2_A1_A.mk
javac -classpath ".:.."    ModularCodeGenPubSub2_A1_A.java
All Done
In "/home/travis/cg", about to execute:
    pwd
In "/home/travis/cg", about to execute:
    ls -l
/home/travis/cg
In "/home/travis/cg", about to execute:
    javac -classpath
.:/home/travis/build/icyphy/ptII:/home/travis/build/icyphy/ptII/lib/bsh-2.0b4.j
ar:/home/travis/build/icyphy/ptII/lib/ptCal.jar:/home/travis/build/icyphy/ptII/
lib/java_cup.jar:/home/travis/build/icyphy/ptII/lib/saxon8.jar:/home/travis/bui
ld/icyphy/ptII/lib/saxon8-dom.jar:/home/travis/build/icyphy/ptII/lib/chic.jar:/
home/travis/build/icyphy/ptII/lib/ptcolt.jar:/usr/lib/jvm/java-8-oracle/lib/too
ls.jar:/usr/lib/eclipse/plugins/org.eclipse.jdt.core_3.8.2.dist.jar:/usr/lib/ec
lipse/plugins/org.eclipse.core.runtime_3.8.0.dist.jar:/usr/lib/eclipse/plugins/
org.eclipse.osgi_3.8.1.dist.jar:/usr/lib/eclipse/plugins/org.eclipse.core.resou
rces_3.8.1.dist.jar:/usr/lib/eclipse/plugins/org.eclipse.equinox.common_3.6.100
.dist.jar:/usr/lib/eclipse/plugins/org.eclipse.core.jobs_3.5.200.dist.jar:/usr/
lib/eclipse/plugins/org.eclipse.core.contenttype_3.4.200.dist.jar:/usr/lib/ecli
pse/plugins/org.eclipse.equinox.preferences_3.5.0.dist.jar:/usr/lib/eclipse/plu
gins/org.eclipse.text_3.5.200.dist.jar:/usr/lib/eclipse/plugins/org.eclipse.ui.
workbench_3.8.1.dist.jar:/usr/lib/eclipse/plugins/org.eclipse.jface_3.8.0.dist.
jar:/usr/lib/eclipse/plugins/org.eclipse.swt_3.8.2.jar:/usr/lib/eclipse/plugins
/org.eclipse.jface.text_3.8.1.dist.jar:/usr/lib/eclipse/plugins/org.eclipse.ui.
workbench.texteditor_3.8.0.dist.jar:/usr/lib/eclipse/plugins/org.eclipse.ui.edi
tors_3.8.0.dist.jar:/usr/lib/eclipse/plugins/org.eclipse.core.commands_3.6.1.di
st.jar:/usr/lib/eclipse/plugins/org.eclipse.equinox.registry_3.5.200.dist.jar:/
usr/lib/eclipse/plugins/org.eclipse.ui.console_3.5.100.dist.jar:/usr/lib/eclips
e/plugins/org.eclipse.ui.forms_3.5.200.dist.jar:/usr/lib/eclipse/plugins/org.ec
lipse.ui.ide_3.8.1.dist.jar:/home/travis/build/icyphy/ptII/vendors/oracle/dbxml
.jar:/home/travis/build/icyphy/ptII/vendors/oracle/db.jar:/home/travis/build/ic
yphy/ptII/vendors/misc/itext/iText.jar:/home/travis/build/icyphy/ptII/lib/g4ltl
.jar:/home/travis/build/icyphy/ptII/lib/StructuralCoder.jar:/home/travis/build/
icyphy/ptII/lib/org-openide-util.jar:/home/travis/build/icyphy/ptII/lib/org-ope
nide-util-lookup.jar:/home/travis/build/icyphy/ptII/lib/org-netbeans-api-visual
.jar:/home/travis/build/icyphy/ptII/vendors/jai-1_1_2_01/lib/jai_core.jar:/home
/travis/build/icyphy/ptII/vendors/jai-1_1_2_01/lib/jai_codec.jar:/home/travis/b
uild/icyphy/ptII/lib/jcerti.jar:/home/travis/build/icyphy/ptII/lib/smack.jar:/h
ome/travis/build/icyphy/ptII/lib/smackx.jar:/home/travis/build/icyphy/ptII/lib/
jetty-all-8.1.5-v20120716.jar:/home/travis/build/icyphy/ptII/lib/javax.servlet-
api-3.0.1.jar:/home/travis/build/icyphy/ptII/lib/javax.mail.jar:/home/travis/bu
ild/icyphy/ptII/vendors/JMF-2.1.1e/lib/jmf.jar:/home/travis/build/icyphy/ptII/l
ib/jna-4.0.0-variadic.jar:/home/travis/build/icyphy/ptII/vendors/misc/joystick/
Joystick.jar:/home/travis/build/icyphy/ptII/lib/ptjacl.jar:/home/travis/build/i
cyphy/ptII/lib/jsoup-1.8.2.jar:/home/travis/build/icyphy/ptII/lib/junit-4.8.2.j
ar:/home/travis/build/icyphy/ptII/lib/JUnitParams-0.4.0.jar:/home/travis/build/
icyphy/ptII/ptolemy/actor/lib/excel/jxl.jar:/home/travis/build/icyphy/ptII/lib/
jython.jar:/home/travis/build/icyphy/ptII/lib/kieler.jar:/home/travis/build/icy
phy/ptII/vendors/opencv/share/OpenCV/java/opencv-341.jar:/home/travis/build/icy
phy/ptII/lib/oscP5.jar:/home/travis/build/icyphy/ptII/lib/nrjavaserial-3.11.0.d
evel.jar:/home/travis/build/icyphy/ptII/vendors/j3d/lib/j3dcore.jar:/home/travi
s/build/icyphy/ptII/vendors/j3d/lib/j3dutils.jar:/home/travis/build/icyphy/ptII
/vendors/j3d/lib/vecmath.jar:/home/travis/build/icyphy/ptII/ptolemy/distributed
/jini/jar/jini-core.jar:/home/travis/build/icyphy/ptII/ptolemy/distributed/jini
/jar/jini-ext.jar:/home/travis/build/icyphy/ptII/ptolemy/distributed/jini/jar/s
un-util.jar:/home/travis/build/icyphy/ptII/lib/protobuf-java-2.4.1.jar:/home/tr
avis/build/icyphy/ptII/lib/org.eclipse.paho.client.mqttv3.jar:/home/travis/buil
d/icyphy/ptII/ptserver/lib/hessian-4.0.7.jar:/home/travis/build/icyphy/ptII/pts
erver/lib/wmqtt.jar:/home/travis/build/icyphy/ptII/lib/mapss.jar:/home/travis/b
uild/icyphy/ptII/ptolemy/actor/ptalon/antlr/antlr.jar:/home/travis/build/icyphy
/ptII/lib/JRI.jar:/home/travis/build/icyphy/ptII/lib/commons-lang-2.6.jar:/home
/travis/build/icyphy/ptII/lib/commons-logging-1.1.1.jar:/home/travis/build/icyp
hy/ptII/lib/sootclasses.jar:/home/travis/build/icyphy/ptII/ptolemy/actor/lib/da
tabase/mysql-connector-java-5.1.6-bin.jar:/home/travis/build/icyphy/ptII/vendor
s/misc/sphinx4/sphinx4-data-5prealpha.jar:/home/travis/build/icyphy/ptII/vendor
s/misc/sphinx4/sphinx4-core-5prealpha.jar:/home/travis/build/icyphy/ptII/lib/PD
FRenderer.jar:/home/travis/build/icyphy/ptII/lib/svgSalamander.jar:/home/travis
/build/icyphy/ptII/lib/rsyntaxtextarea-2.6.0-SNAPSHOT.jar:/home/travis/build/ic
yphy/ptII/lib/hazelcast-3.8.2.jar:/home/travis/build/icyphy/ptII/lib/jackson-an
notations-2.9.0.jar:/home/travis/build/icyphy/ptII/lib/jackson-core-2.9.3.jar:/
home/travis/build/icyphy/ptII/lib/jackson-databind-2.9.3.jar:/home/travis/build
/icyphy/ptII/lib/netty-buffer-4.1.19.Final.jar:/home/travis/build/icyphy/ptII/l
ib/netty-codec-4.1.19.Final.jar:/home/travis/build/icyphy/ptII/lib/netty-codec-
dns-4.1.19.Final.jar:/home/travis/build/icyphy/ptII/lib/netty-codec-http-4.1.19
.Final.jar:/home/travis/build/icyphy/ptII/lib/netty-codec-http2-4.1.19.Final.ja
r:/home/travis/build/icyphy/ptII/lib/netty-common-4.1.19.Final.jar:/home/travis
/build/icyphy/ptII/lib/netty-handler-4.1.19.Final.jar:/home/travis/build/icyphy
/ptII/lib/netty-resolver-4.1.19.Final.jar:/home/travis/build/icyphy/ptII/lib/ne
tty-resolver-dns-4.1.19.Final.jar:/home/travis/build/icyphy/ptII/lib/netty-tran
sport-4.1.19.Final.jar:/home/travis/build/icyphy/ptII/lib/vertx-codegen-3.5.1.j
ar:/home/travis/build/icyphy/ptII/lib/vertx-core-3.5.2-SNAPSHOT.jar:/home/travi
s/build/icyphy/ptII/lib/vertx-hazelcast-3.5.1.jar:/home/travis/build/icyphy/ptI
I/lib/vertx-lang-js-3.5.1.jar:/home/travis/build/icyphy/ptII/lib/vertx-service-
proxy-3.5.1.jar:/home/travis/build/icyphy/ptII/lib/vertx-web-3.5.1.jar:/home/tr
avis/build/icyphy/ptII/lib/slf4j-api-1.7.13.jar:/home/travis/build/icyphy/ptII/
lib/slf4j-simple-1.7.13.jar:/home/travis/build/icyphy/ptII/lib/webcam-capture-0
.3.12.jar:/home/travis/build/icyphy/ptII/lib/bridj-0.7.0.jar:/home/travis/build
/icyphy/ptII/lib/xbjlib-1.1.0.nrjavaserial.jar:/home/travis/build/icyphy/ptII/p
tolemy/moml/test:/home/travis/build/icyphy/ptII/ant/lib/ant-launcher.jar:/home/
travis/build/icyphy/ptII/ant/lib/ant.jar:/home/travis/build/icyphy/ptII/ant/lib
/ant-junit.jar:/home/travis/build/icyphy/ptII/ant/lib/ant-junit4.jar:/home/trav
is/build/icyphy/ptII ModularCodeGenPubSub2_A1_profile.java
total 1264
-rw-rw-r-- 1 travis travis   233 Sep  3 02:10 Array.class
-rw-rw-r-- 1 travis travis   459 Sep  3 02:10 Array.java
-rw-rw-r-- 1 travis travis  4895 Sep  3 02:09 CompiledCompositeActor_CompiledCompositeActor.class
-rw-rw-r-- 1 travis travis  1592 Sep  3 02:09 CompiledCompositeActor_CompiledCompositeActor$_CompiledCompositeActor_CompiledCompositeActor.class
-rw-rw-r-- 1 travis travis 13466 Sep  3 02:09 CompiledCompositeActor_CompiledCompositeActor.java
-rw-rw-r-- 1 travis travis  1593 Sep  3 02:09 CompiledCompositeActor_CompiledCompositeActor.mk
-rw-rw-r-- 1 travis travis  4457 Sep  3 02:09 JavaCompiledCompositeTest1_CompiledCompositeActor.class
-rw-rw-r-- 1 travis travis 11637 Sep  3 02:09 JavaCompiledCompositeTest1_CompiledCompositeActor.java
-rw-rw-r-- 1 travis travis  1198 Sep  3 02:09 JavaCompiledCompositeTest1_CompiledCompositeActor$_JavaCompiledCompositeTest1_CompiledCompositeActor.class
-rw-rw-r-- 1 travis travis  1625 Sep  3 02:09 JavaCompiledCompositeTest1_CompiledCompositeActor.mk
-rw-rw-r-- 1 travis travis  4888 Sep  3 02:09 JavaCompiledCompositeTest2_CompiledCompositeActor.class
-rw-rw-r-- 1 travis travis 14919 Sep  3 02:09 JavaCompiledCompositeTest2_CompiledCompositeActor.java
-rw-rw-r-- 1 travis travis  1793 Sep  3 02:09 JavaCompiledCompositeTest2_CompiledCompositeActor$_JavaCompiledCompositeTest2_CompiledCompositeActor.class
-rw-rw-r-- 1 travis travis  1625 Sep  3 02:09 JavaCompiledCompositeTest2_CompiledCompositeActor.mk
-rw-rw-r-- 1 travis travis  4505 Sep  3 02:09 JavaCompiledCompositeTest3_CompiledCompositeActor.class
-rw-rw-r-- 1 travis travis 13080 Sep  3 02:09 JavaCompiledCompositeTest3_CompiledCompositeActor.java
-rw-rw-r-- 1 travis travis  1378 Sep  3 02:09 JavaCompiledCompositeTest3_CompiledCompositeActor$_JavaCompiledCompositeTest3_CompiledCompositeActor.class
-rw-rw-r-- 1 travis travis  1625 Sep  3 02:09 JavaCompiledCompositeTest3_CompiledCompositeActor.mk
-rw-rw-r-- 1 travis travis  3953 Sep  3 02:09 JavaCompiledCompositeTest4_CompiledCompositeActor.class
-rw-rw-r-- 1 travis travis  9687 Sep  3 02:09 JavaCompiledCompositeTest4_CompiledCompositeActor.java
-rw-rw-r-- 1 travis travis   857 Sep  3 02:09 JavaCompiledCompositeTest4_CompiledCompositeActor$_JavaCompiledCompositeTest4_CompiledCompositeActor.class
-rw-rw-r-- 1 travis travis  1625 Sep  3 02:09 JavaCompiledCompositeTest4_CompiledCompositeActor.mk
-rw-rw-r-- 1 travis travis  3693 Sep  3 02:09 ModularCG_A1_B1.class
-rw-rw-r-- 1 travis travis  9730 Sep  3 02:09 ModularCG_A1_B1.java
-rw-rw-r-- 1 travis travis   832 Sep  3 02:09 ModularCG_A1_B1.mk
-rw-rw-r-- 1 travis travis  1318 Sep  3 02:09 ModularCG_A1_B1_profile.class
-rw-rw-r-- 1 travis travis  1262 Sep  3 02:09 ModularCG_A1_B1_profile.java
-rw-rw-r-- 1 travis travis  3693 Sep  3 02:09 ModularCG_A1_B2.class
-rw-rw-r-- 1 travis travis  9730 Sep  3 02:09 ModularCG_A1_B2.java
-rw-rw-r-- 1 travis travis   832 Sep  3 02:09 ModularCG_A1_B2.mk
-rw-rw-r-- 1 travis travis  1318 Sep  3 02:09 ModularCG_A1_B2_profile.class
-rw-rw-r-- 1 travis travis  1262 Sep  3 02:09 ModularCG_A1_B2_profile.java
-rw-rw-r-- 1 travis travis  4799 Sep  3 02:09 ModularCG_A1.class
-rw-rw-r-- 1 travis travis 14742 Sep  3 02:09 ModularCG_A1.java
-rw-rw-r-- 1 travis travis   808 Sep  3 02:09 ModularCG_A1.mk
-rw-rw-r-- 1 travis travis  1433 Sep  3 02:09 ModularCG_A1_profile.class
-rw-rw-r-- 1 travis travis  1704 Sep  3 02:09 ModularCG_A1_profile.java
-rw-rw-r-- 1 travis travis  3827 Sep  3 02:09 ModularCG_A2_B1.class
-rw-rw-r-- 1 travis travis 10667 Sep  3 02:09 ModularCG_A2_B1.java
-rw-rw-r-- 1 travis travis   832 Sep  3 02:09 ModularCG_A2_B1.mk
-rw-rw-r-- 1 travis travis  1381 Sep  3 02:09 ModularCG_A2_B1_profile.class
-rw-rw-r-- 1 travis travis  1446 Sep  3 02:09 ModularCG_A2_B1_profile.java
-rw-rw-r-- 1 travis travis  3693 Sep  3 02:09 ModularCG_A2_B2.class
-rw-rw-r-- 1 travis travis  9730 Sep  3 02:09 ModularCG_A2_B2.java
-rw-rw-r-- 1 travis travis   832 Sep  3 02:09 ModularCG_A2_B2.mk
-rw-rw-r-- 1 travis travis  1318 Sep  3 02:09 ModularCG_A2_B2_profile.class
-rw-rw-r-- 1 travis travis  1262 Sep  3 02:09 ModularCG_A2_B2_profile.java
-rw-rw-r-- 1 travis travis  4870 Sep  3 02:09 ModularCG_A2.class
-rw-rw-r-- 1 travis travis 15129 Sep  3 02:09 ModularCG_A2.java
-rw-rw-r-- 1 travis travis   808 Sep  3 02:09 ModularCG_A2.mk
-rw-rw-r-- 1 travis travis  1433 Sep  3 02:09 ModularCG_A2_profile.class
-rw-rw-r-- 1 travis travis  1704 Sep  3 02:09 ModularCG_A2_profile.java
-rw-rw-r-- 1 travis travis  3473 Sep  3 02:09 ModularCGPubSub_A1_A2.class
-rw-rw-r-- 1 travis travis  9076 Sep  3 02:09 ModularCGPubSub_A1_A2.java
-rw-rw-r-- 1 travis travis   880 Sep  3 02:09 ModularCGPubSub_A1_A2.mk
-rw-rw-r-- 1 travis travis  1300 Sep  3 02:09 ModularCGPubSub_A1_A2_profile.class
-rw-rw-r-- 1 travis travis  1222 Sep  3 02:09 ModularCGPubSub_A1_A2_profile.java
-rw-rw-r-- 1 travis travis  3790 Sep  3 02:09 ModularCGPubSub_A1.class
-rw-rw-r-- 1 travis travis  9836 Sep  3 02:09 ModularCGPubSub_A1.java
-rw-rw-r-- 1 travis travis   856 Sep  3 02:09 ModularCGPubSub_A1.mk
-rw-rw-r-- 1 travis travis  1346 Sep  3 02:09 ModularCGPubSub_A1_profile.class
-rw-rw-r-- 1 travis travis  1388 Sep  3 02:09 ModularCGPubSub_A1_profile.java
-rw-rw-r-- 1 travis travis  3988 Sep  3 02:09 ModularCodeGen2_ModularCodeGenTypedCompositeActor.class
-rw-rw-r-- 1 travis travis 11690 Sep  3 02:09 ModularCodeGen2_ModularCodeGenTypedCompositeActor.java
-rw-rw-r-- 1 travis travis  1104 Sep  3 02:09 ModularCodeGen2_ModularCodeGenTypedCompositeActor.mk
-rw-rw-r-- 1 travis travis  4272 Sep  3 02:09 ModularCodeGen2_ModularCodeGenTypedCompositeActor_ModularCodeGenTypedCompositeActor.class
-rw-rw-r-- 1 travis travis 11790 Sep  3 02:09 ModularCodeGen2_ModularCodeGenTypedCompositeActor_ModularCodeGenTypedCompositeActor.java
-rw-rw-r-- 1 travis travis  1376 Sep  3 02:09 ModularCodeGen2_ModularCodeGenTypedCompositeActor_ModularCodeGenTypedCompositeActor.mk
-rw-rw-r-- 1 travis travis  1421 Sep  3 02:09 ModularCodeGen2_ModularCodeGenTypedCompositeActor_ModularCodeGenTypedCompositeActor_profile.class
-rw-rw-r-- 1 travis travis  1294 Sep  3 02:09 ModularCodeGen2_ModularCodeGenTypedCompositeActor_ModularCodeGenTypedCompositeActor_profile.java
-rw-rw-r-- 1 travis travis   820 Sep  3 02:09 ModularCodeGen2_ModularCodeGenTypedCompositeActor_profile.class
-rw-rw-r-- 1 travis travis   693 Sep  3 02:09 ModularCodeGen2_ModularCodeGenTypedCompositeActor_profile.java
-rw-rw-r-- 1 travis travis  3741 Sep  3 02:09 ModularCodeGen3_A1_B1.class
-rw-rw-r-- 1 travis travis  9958 Sep  3 02:09 ModularCodeGen3_A1_B1.java
-rw-rw-r-- 1 travis travis   880 Sep  3 02:09 ModularCodeGen3_A1_B1.mk
-rw-rw-r-- 1 travis travis  1330 Sep  3 02:09 ModularCodeGen3_A1_B1_profile.class
-rw-rw-r-- 1 travis travis  1274 Sep  3 02:09 ModularCodeGen3_A1_B1_profile.java
-rw-rw-r-- 1 travis travis  3741 Sep  3 02:09 ModularCodeGen3_A1_B2.class
-rw-rw-r-- 1 travis travis  9958 Sep  3 02:09 ModularCodeGen3_A1_B2.java
-rw-rw-r-- 1 travis travis   880 Sep  3 02:09 ModularCodeGen3_A1_B2.mk
-rw-rw-r-- 1 travis travis  1330 Sep  3 02:09 ModularCodeGen3_A1_B2_profile.class
-rw-rw-r-- 1 travis travis  1274 Sep  3 02:09 ModularCodeGen3_A1_B2_profile.java
-rw-rw-r-- 1 travis travis  4961 Sep  3 02:09 ModularCodeGen3_A1.class
-rw-rw-r-- 1 travis travis 15564 Sep  3 02:09 ModularCodeGen3_A1.java
-rw-rw-r-- 1 travis travis   856 Sep  3 02:09 ModularCodeGen3_A1.mk
-rw-rw-r-- 1 travis travis  1445 Sep  3 02:09 ModularCodeGen3_A1_profile.class
-rw-rw-r-- 1 travis travis  1716 Sep  3 02:09 ModularCodeGen3_A1_profile.java
-rw-rw-r-- 1 travis travis  3887 Sep  3 02:09 ModularCodeGen3_A2_B1.class
-rw-rw-r-- 1 travis travis 10955 Sep  3 02:09 ModularCodeGen3_A2_B1.java
-rw-rw-r-- 1 travis travis   880 Sep  3 02:09 ModularCodeGen3_A2_B1.mk
-rw-rw-r-- 1 travis travis  1393 Sep  3 02:09 ModularCodeGen3_A2_B1_profile.class
-rw-rw-r-- 1 travis travis  1458 Sep  3 02:09 ModularCodeGen3_A2_B1_profile.java
-rw-rw-r-- 1 travis travis  3741 Sep  3 02:09 ModularCodeGen3_A2_B2.class
-rw-rw-r-- 1 travis travis  9958 Sep  3 02:09 ModularCodeGen3_A2_B2.java
-rw-rw-r-- 1 travis travis   880 Sep  3 02:09 ModularCodeGen3_A2_B2.mk
-rw-rw-r-- 1 travis travis  1330 Sep  3 02:09 ModularCodeGen3_A2_B2_profile.class
-rw-rw-r-- 1 travis travis  1274 Sep  3 02:09 ModularCodeGen3_A2_B2_profile.java
-rw-rw-r-- 1 travis travis  5038 Sep  3 02:09 ModularCodeGen3_A2.class
-rw-rw-r-- 1 travis travis 15957 Sep  3 02:09 ModularCodeGen3_A2.java
-rw-rw-r-- 1 travis travis   856 Sep  3 02:09 ModularCodeGen3_A2.mk
-rw-rw-r-- 1 travis travis  1445 Sep  3 02:09 ModularCodeGen3_A2_profile.class
-rw-rw-r-- 1 travis travis  1716 Sep  3 02:09 ModularCodeGen3_A2_profile.java
-rw-rw-r-- 1 travis travis  3794 Sep  3 02:09 ModularCodeGen4_A1_B1.class
-rw-rw-r-- 1 travis travis 10312 Sep  3 02:09 ModularCodeGen4_A1_B1.java
-rw-rw-r-- 1 travis travis   880 Sep  3 02:09 ModularCodeGen4_A1_B1.mk
-rw-rw-r-- 1 travis travis  1330 Sep  3 02:09 ModularCodeGen4_A1_B1_profile.class
-rw-rw-r-- 1 travis travis  1273 Sep  3 02:09 ModularCodeGen4_A1_B1_profile.java
-rw-rw-r-- 1 travis travis  3794 Sep  3 02:09 ModularCodeGen4_A1_B2.class
-rw-rw-r-- 1 travis travis 10312 Sep  3 02:09 ModularCodeGen4_A1_B2.java
-rw-rw-r-- 1 travis travis   880 Sep  3 02:09 ModularCodeGen4_A1_B2.mk
-rw-rw-r-- 1 travis travis  1330 Sep  3 02:09 ModularCodeGen4_A1_B2_profile.class
-rw-rw-r-- 1 travis travis  1273 Sep  3 02:09 ModularCodeGen4_A1_B2_profile.java
-rw-rw-r-- 1 travis travis  5101 Sep  3 02:09 ModularCodeGen4_A1.class
-rw-rw-r-- 1 travis travis 16245 Sep  3 02:09 ModularCodeGen4_A1.java
-rw-rw-r-- 1 travis travis   856 Sep  3 02:09 ModularCodeGen4_A1.mk
-rw-rw-r-- 1 travis travis  1445 Sep  3 02:09 ModularCodeGen4_A1_profile.class
-rw-rw-r-- 1 travis travis  1712 Sep  3 02:09 ModularCodeGen4_A1_profile.java
-rw-rw-r-- 1 travis travis  3988 Sep  3 02:09 ModularCodeGen4_A2_B1.class
-rw-rw-r-- 1 travis travis 11375 Sep  3 02:09 ModularCodeGen4_A2_B1.java
-rw-rw-r-- 1 travis travis   880 Sep  3 02:09 ModularCodeGen4_A2_B1.mk
-rw-rw-r-- 1 travis travis  1393 Sep  3 02:09 ModularCodeGen4_A2_B1_profile.class
-rw-rw-r-- 1 travis travis  1454 Sep  3 02:09 ModularCodeGen4_A2_B1_profile.java
-rw-rw-r-- 1 travis travis  3842 Sep  3 02:10 ModularCodeGen4_A2_B2.class
-rw-rw-r-- 1 travis travis 10378 Sep  3 02:10 ModularCodeGen4_A2_B2.java
-rw-rw-r-- 1 travis travis   880 Sep  3 02:10 ModularCodeGen4_A2_B2.mk
-rw-rw-r-- 1 travis travis  1330 Sep  3 02:10 ModularCodeGen4_A2_B2_profile.class
-rw-rw-r-- 1 travis travis  1270 Sep  3 02:09 ModularCodeGen4_A2_B2_profile.java
-rw-rw-r-- 1 travis travis  5274 Sep  3 02:10 ModularCodeGen4_A2.class
-rw-rw-r-- 1 travis travis 16770 Sep  3 02:10 ModularCodeGen4_A2.java
-rw-rw-r-- 1 travis travis   856 Sep  3 02:10 ModularCodeGen4_A2.mk
-rw-rw-r-- 1 travis travis  1445 Sep  3 02:10 ModularCodeGen4_A2_profile.class
-rw-rw-r-- 1 travis travis  1712 Sep  3 02:10 ModularCodeGen4_A2_profile.java
-rw-rw-r-- 1 travis travis  6838 Sep  3 02:10 ModularCodeGen5_A_A.class
-rw-rw-r-- 1 travis travis 28721 Sep  3 02:10 ModularCodeGen5_A_A.java
-rw-rw-r-- 1 travis travis   864 Sep  3 02:10 ModularCodeGen5_A_A.mk
-rw-rw-r-- 1 travis travis  1520 Sep  3 02:10 ModularCodeGen5_A_A_profile.class
-rw-rw-r-- 1 travis travis  1815 Sep  3 02:10 ModularCodeGen5_A_A_profile.java
-rw-rw-r-- 1 travis travis  5115 Sep  3 02:10 ModularCodeGen5_A.class
-rw-rw-r-- 1 travis travis 13769 Sep  3 02:10 ModularCodeGen5_A.java
-rw-rw-r-- 1 travis travis   848 Sep  3 02:10 ModularCodeGen5_A.mk
-rw-rw-r-- 1 travis travis  1422 Sep  3 02:10 ModularCodeGen5_A_profile.class
-rw-rw-r-- 1 travis travis  1605 Sep  3 02:10 ModularCodeGen5_A_profile.java
-rw-rw-r-- 1 travis travis  4125 Sep  3 02:10 ModularCodeGen6_A_A2.class
-rw-rw-r-- 1 travis travis 11329 Sep  3 02:10 ModularCodeGen6_A_A2.java
-rw-rw-r-- 1 travis travis   872 Sep  3 02:10 ModularCodeGen6_A_A2.mk
-rw-rw-r-- 1 travis travis  1351 Sep  3 02:10 ModularCodeGen6_A_A2_profile.class
-rw-rw-r-- 1 travis travis  1364 Sep  3 02:10 ModularCodeGen6_A_A2_profile.java
-rw-rw-r-- 1 travis travis  4108 Sep  3 02:10 ModularCodeGen6_A_A.class
-rw-rw-r-- 1 travis travis 11221 Sep  3 02:10 ModularCodeGen6_A_A.java
-rw-rw-r-- 1 travis travis   864 Sep  3 02:10 ModularCodeGen6_A_A.mk
-rw-rw-r-- 1 travis travis  1348 Sep  3 02:10 ModularCodeGen6_A_A_profile.class
-rw-rw-r-- 1 travis travis  1361 Sep  3 02:10 ModularCodeGen6_A_A_profile.java
-rw-rw-r-- 1 travis travis  7237 Sep  3 02:10 ModularCodeGen6_A.class
-rw-rw-r-- 1 travis travis 26535 Sep  3 02:10 ModularCodeGen6_A.java
-rw-rw-r-- 1 travis travis   848 Sep  3 02:10 ModularCodeGen6_A.mk
-rw-rw-r-- 1 travis travis  1483 Sep  3 02:10 ModularCodeGen6_A_profile.class
-rw-rw-r-- 1 travis travis  1810 Sep  3 02:10 ModularCodeGen6_A_profile.java
-rw-rw-r-- 1 travis travis  9439 Sep  3 02:10 ModularCodeGenLazyPubSubGlobal_CompositeActor_ModularCodeGenTypedComposite.class
-rw-rw-r-- 1 travis travis 30161 Sep  3 02:10 ModularCodeGenLazyPubSubGlobal_CompositeActor_ModularCodeGenTypedComposite.java
-rw-rw-r-- 1 travis travis  1304 Sep  3 02:10 ModularCodeGenLazyPubSubGlobal_CompositeActor_ModularCodeGenTypedComposite.mk
-rw-rw-r-- 1 travis travis  1438 Sep  3 02:10 ModularCodeGenLazyPubSubGlobal_CompositeActor_ModularCodeGenTypedComposite_profile.class
-rw-rw-r-- 1 travis travis  1384 Sep  3 02:10 ModularCodeGenLazyPubSubGlobal_CompositeActor_ModularCodeGenTypedComposite_profile.java
-rw-rw-r-- 1 travis travis  3952 Sep  3 02:10 ModularCodeGenLazyPubSub_LazyCompositeActor.class
-rw-rw-r-- 1 travis travis 11122 Sep  3 02:10 ModularCodeGenLazyPubSub_LazyCompositeActor.java
-rw-rw-r-- 1 travis travis  1056 Sep  3 02:10 ModularCodeGenLazyPubSub_LazyCompositeActor.mk
-rw-rw-r-- 1 travis travis  1286 Sep  3 02:10 ModularCodeGenLazyPubSub_LazyCompositeActor_profile.class
-rw-rw-r-- 1 travis travis  1091 Sep  3 02:10 ModularCodeGenLazyPubSub_LazyCompositeActor_profile.java
-rw-rw-r-- 1 travis travis  3954 Sep  3 02:09 ModularCodeGen_ModularCodeGenTypedCompositeActor.class
-rw-rw-r-- 1 travis travis 10970 Sep  3 02:09 ModularCodeGen_ModularCodeGenTypedCompositeActor.java
-rw-rw-r-- 1 travis travis  1096 Sep  3 02:09 ModularCodeGen_ModularCodeGenTypedCompositeActor.mk
-rw-rw-r-- 1 travis travis  1384 Sep  3 02:09 ModularCodeGen_ModularCodeGenTypedCompositeActor_profile.class
-rw-rw-r-- 1 travis travis  1328 Sep  3 02:09 ModularCodeGen_ModularCodeGenTypedCompositeActor_profile.java
-rw-rw-r-- 1 travis travis  3441 Sep  3 02:10 ModularCodeGenPubSub2_A1_A.class
-rw-rw-r-- 1 travis travis  8578 Sep  3 02:10 ModularCodeGenPubSub2_A1_A.java
-rw-rw-r-- 1 travis travis   920 Sep  3 02:10 ModularCodeGenPubSub2_A1_A.mk
-rw-rw-r-- 1 travis travis  1274 Sep  3 02:10 ModularCodeGenPubSub2_A1_A_profile.class
-rw-rw-r-- 1 travis travis  1128 Sep  3 02:10 ModularCodeGenPubSub2_A1_A_profile.java
-rw-rw-r-- 1 travis travis  1196 Sep  3 02:10 ModularCodeGenPubSub2_A1_profile.java
-rw-rw-r-- 1 travis travis  3475 Sep  3 02:10 ModularCodeGenPubSub_A1.class
-rw-rw-r-- 1 travis travis  9060 Sep  3 02:10 ModularCodeGenPubSub_A1.java
-rw-rw-r-- 1 travis travis   896 Sep  3 02:10 ModularCodeGenPubSub_A1.mk
-rw-rw-r-- 1 travis travis  1278 Sep  3 02:10 ModularCodeGenPubSub_A1_profile.class
-rw-rw-r-- 1 travis travis  1195 Sep  3 02:10 ModularCodeGenPubSub_A1_profile.java
-rw-rw-r-- 1 travis travis  3492 Sep  3 02:08 ModularCodeGenTest_A1_A2.class
-rw-rw-r-- 1 travis travis  9164 Sep  3 02:08 ModularCodeGenTest_A1_A2.java
-rw-rw-r-- 1 travis travis   904 Sep  3 02:08 ModularCodeGenTest_A1_A2.mk
-rw-rw-r-- 1 travis travis  1306 Sep  3 02:08 ModularCodeGenTest_A1_A2_profile.class
-rw-rw-r-- 1 travis travis  1228 Sep  3 02:08 ModularCodeGenTest_A1_A2_profile.java
-rw-rw-r-- 1 travis travis  3823 Sep  3 02:09 ModularCodeGenTest_A1.class
-rw-rw-r-- 1 travis travis  9968 Sep  3 02:09 ModularCodeGenTest_A1.java
-rw-rw-r-- 1 travis travis   880 Sep  3 02:09 ModularCodeGenTest_A1.mk
-rw-rw-r-- 1 travis travis  1352 Sep  3 02:09 ModularCodeGenTest_A1_profile.class
-rw-rw-r-- 1 travis travis  1394 Sep  3 02:08 ModularCodeGenTest_A1_profile.java
-rw-rw-r-- 1 travis travis   432 Sep  3 02:10 Token.class
-rw-rw-r-- 1 travis travis   251 Sep  3 02:10 Token.java
warning: Supported source version 'RELEASE_6' from annotation processor 'org.netbeans.modules.openide.util.NbBundleProcessor' less than -source '1.8'
warning: Supported source version 'RELEASE_6' from annotation processor 'org.netbeans.modules.openide.util.URLStreamHandlerRegistrationProcessor' less than -source '1.8'
warning: Supported source version 'RELEASE_6' from annotation processor 'org.netbeans.modules.openide.util.ServiceProviderProcessor' less than -source '1.8'
3 warnings
All Done
Writing ModularCodeGenPubSub2_A1.java in file:/home/travis/cg/ (9781 characters)
Reading "ptolemy/cg/kernel/generic/program/procedural/java/modular/makefile.in",
    writing "/home/travis/cg/ModularCodeGenPubSub2_A1.mk"
Using ptolemy/cg/kernel/generic/program/procedural/java/modular/makefile.in
In "/home/travis/cg", about to execute:
    make -f ModularCodeGenPubSub2_A1.mk
javac -classpath ".:.."    ModularCodeGenPubSub2_A1.java
All Done
4702 ms. Memory: 147456K Free: 119976K (81%)
----------------- Invoking toplevel() on ptolemy.moml.MoMLSimpleApplication@4fb11550
----------------- Done invoking toplevel() on ptolemy.moml.MoMLSimpleApplication@4fb11550
reloadAllAccessors: .ModularCodeGenPubSub2

===========================================================================================
----------------- testing Mon Sep 03 02:10:28 UTC 2018 /home/travis/build/icyphy/ptII/ptolemy/cg/lib/test/auto/ModularCodeGenPubSub3.xml
----------------- Instantiating /home/travis/build/icyphy/ptII/ptolemy/cg/lib/test/auto/ModularCodeGenPubSub3.xml
In "/home/travis/cg", about to execute:
    pwd
In "/home/travis/cg", about to execute:
    ls -l
/home/travis/cg
In "/home/travis/cg", about to execute:
    javac -classpath
.:/home/travis/build/icyphy/ptII:/home/travis/build/icyphy/ptII/lib/bsh-2.0b4.j
ar:/home/travis/build/icyphy/ptII/lib/ptCal.jar:/home/travis/build/icyphy/ptII/
lib/java_cup.jar:/home/travis/build/icyphy/ptII/lib/saxon8.jar:/home/travis/bui
ld/icyphy/ptII/lib/saxon8-dom.jar:/home/travis/build/icyphy/ptII/lib/chic.jar:/
home/travis/build/icyphy/ptII/lib/ptcolt.jar:/usr/lib/jvm/java-8-oracle/lib/too
ls.jar:/usr/lib/eclipse/plugins/org.eclipse.jdt.core_3.8.2.dist.jar:/usr/lib/ec
lipse/plugins/org.eclipse.core.runtime_3.8.0.dist.jar:/usr/lib/eclipse/plugins/
org.eclipse.osgi_3.8.1.dist.jar:/usr/lib/eclipse/plugins/org.eclipse.core.resou
rces_3.8.1.dist.jar:/usr/lib/eclipse/plugins/org.eclipse.equinox.common_3.6.100
.dist.jar:/usr/lib/eclipse/plugins/org.eclipse.core.jobs_3.5.200.dist.jar:/usr/
lib/eclipse/plugins/org.eclipse.core.contenttype_3.4.200.dist.jar:/usr/lib/ecli
pse/plugins/org.eclipse.equinox.preferences_3.5.0.dist.jar:/usr/lib/eclipse/plu
gins/org.eclipse.text_3.5.200.dist.jar:/usr/lib/eclipse/plugins/org.eclipse.ui.
workbench_3.8.1.dist.jar:/usr/lib/eclipse/plugins/org.eclipse.jface_3.8.0.dist.
jar:/usr/lib/eclipse/plugins/org.eclipse.swt_3.8.2.jar:/usr/lib/eclipse/plugins
/org.eclipse.jface.text_3.8.1.dist.jar:/usr/lib/eclipse/plugins/org.eclipse.ui.
workbench.texteditor_3.8.0.dist.jar:/usr/lib/eclipse/plugins/org.eclipse.ui.edi
tors_3.8.0.dist.jar:/usr/lib/eclipse/plugins/org.eclipse.core.commands_3.6.1.di
st.jar:/usr/lib/eclipse/plugins/org.eclipse.equinox.registry_3.5.200.dist.jar:/
usr/lib/eclipse/plugins/org.eclipse.ui.console_3.5.100.dist.jar:/usr/lib/eclips
e/plugins/org.eclipse.ui.forms_3.5.200.dist.jar:/usr/lib/eclipse/plugins/org.ec
lipse.ui.ide_3.8.1.dist.jar:/home/travis/build/icyphy/ptII/vendors/oracle/dbxml
.jar:/home/travis/build/icyphy/ptII/vendors/oracle/db.jar:/home/travis/build/ic
yphy/ptII/vendors/misc/itext/iText.jar:/home/travis/build/icyphy/ptII/lib/g4ltl
.jar:/home/travis/build/icyphy/ptII/lib/StructuralCoder.jar:/home/travis/build/
icyphy/ptII/lib/org-openide-util.jar:/home/travis/build/icyphy/ptII/lib/org-ope
nide-util-lookup.jar:/home/travis/build/icyphy/ptII/lib/org-netbeans-api-visual
.jar:/home/travis/build/icyphy/ptII/vendors/jai-1_1_2_01/lib/jai_core.jar:/home
/travis/build/icyphy/ptII/vendors/jai-1_1_2_01/lib/jai_codec.jar:/home/travis/b
uild/icyphy/ptII/lib/jcerti.jar:/home/travis/build/icyphy/ptII/lib/smack.jar:/h
ome/travis/build/icyphy/ptII/lib/smackx.jar:/home/travis/build/icyphy/ptII/lib/
jetty-all-8.1.5-v20120716.jar:/home/travis/build/icyphy/ptII/lib/javax.servlet-
api-3.0.1.jar:/home/travis/build/icyphy/ptII/lib/javax.mail.jar:/home/travis/bu
ild/icyphy/ptII/vendors/JMF-2.1.1e/lib/jmf.jar:/home/travis/build/icyphy/ptII/l
ib/jna-4.0.0-variadic.jar:/home/travis/build/icyphy/ptII/vendors/misc/joystick/
Joystick.jar:/home/travis/build/icyphy/ptII/lib/ptjacl.jar:/home/travis/build/i
cyphy/ptII/lib/jsoup-1.8.2.jar:/home/travis/build/icyphy/ptII/lib/junit-4.8.2.j
ar:/home/travis/build/icyphy/ptII/lib/JUnitParams-0.4.0.jar:/home/travis/build/
icyphy/ptII/ptolemy/actor/lib/excel/jxl.jar:/home/travis/build/icyphy/ptII/lib/
jython.jar:/home/travis/build/icyphy/ptII/lib/kieler.jar:/home/travis/build/icy
phy/ptII/vendors/opencv/share/OpenCV/java/opencv-341.jar:/home/travis/build/icy
phy/ptII/lib/oscP5.jar:/home/travis/build/icyphy/ptII/lib/nrjavaserial-3.11.0.d
evel.jar:/home/travis/build/icyphy/ptII/vendors/j3d/lib/j3dcore.jar:/home/travi
s/build/icyphy/ptII/vendors/j3d/lib/j3dutils.jar:/home/travis/build/icyphy/ptII
/vendors/j3d/lib/vecmath.jar:/home/travis/build/icyphy/ptII/ptolemy/distributed
/jini/jar/jini-core.jar:/home/travis/build/icyphy/ptII/ptolemy/distributed/jini
/jar/jini-ext.jar:/home/travis/build/icyphy/ptII/ptolemy/distributed/jini/jar/s
un-util.jar:/home/travis/build/icyphy/ptII/lib/protobuf-java-2.4.1.jar:/home/tr
avis/build/icyphy/ptII/lib/org.eclipse.paho.client.mqttv3.jar:/home/travis/buil
d/icyphy/ptII/ptserver/lib/hessian-4.0.7.jar:/home/travis/build/icyphy/ptII/pts
erver/lib/wmqtt.jar:/home/travis/build/icyphy/ptII/lib/mapss.jar:/home/travis/b
uild/icyphy/ptII/ptolemy/actor/ptalon/antlr/antlr.jar:/home/travis/build/icyphy
/ptII/lib/JRI.jar:/home/travis/build/icyphy/ptII/lib/commons-lang-2.6.jar:/home
/travis/build/icyphy/ptII/lib/commons-logging-1.1.1.jar:/home/travis/build/icyp
hy/ptII/lib/sootclasses.jar:/home/travis/build/icyphy/ptII/ptolemy/actor/lib/da
tabase/mysql-connector-java-5.1.6-bin.jar:/home/travis/build/icyphy/ptII/vendor
s/misc/sphinx4/sphinx4-data-5prealpha.jar:/home/travis/build/icyphy/ptII/vendor
s/misc/sphinx4/sphinx4-core-5prealpha.jar:/home/travis/build/icyphy/ptII/lib/PD
FRenderer.jar:/home/travis/build/icyphy/ptII/lib/svgSalamander.jar:/home/travis
/build/icyphy/ptII/lib/rsyntaxtextarea-2.6.0-SNAPSHOT.jar:/home/travis/build/ic
yphy/ptII/lib/hazelcast-3.8.2.jar:/home/travis/build/icyphy/ptII/lib/jackson-an
notations-2.9.0.jar:/home/travis/build/icyphy/ptII/lib/jackson-core-2.9.3.jar:/
home/travis/build/icyphy/ptII/lib/jackson-databind-2.9.3.jar:/home/travis/build
/icyphy/ptII/lib/netty-buffer-4.1.19.Final.jar:/home/travis/build/icyphy/ptII/l
ib/netty-codec-4.1.19.Final.jar:/home/travis/build/icyphy/ptII/lib/netty-codec-
dns-4.1.19.Final.jar:/home/travis/build/icyphy/ptII/lib/netty-codec-http-4.1.19
.Final.jar:/home/travis/build/icyphy/ptII/lib/netty-codec-http2-4.1.19.Final.ja
r:/home/travis/build/icyphy/ptII/lib/netty-common-4.1.19.Final.jar:/home/travis
/build/icyphy/ptII/lib/netty-handler-4.1.19.Final.jar:/home/travis/build/icyphy
/ptII/lib/netty-resolver-4.1.19.Final.jar:/home/travis/build/icyphy/ptII/lib/ne
tty-resolver-dns-4.1.19.Final.jar:/home/travis/build/icyphy/ptII/lib/netty-tran
sport-4.1.19.Final.jar:/home/travis/build/icyphy/ptII/lib/vertx-codegen-3.5.1.j
ar:/home/travis/build/icyphy/ptII/lib/vertx-core-3.5.2-SNAPSHOT.jar:/home/travi
s/build/icyphy/ptII/lib/vertx-hazelcast-3.5.1.jar:/home/travis/build/icyphy/ptI
I/lib/vertx-lang-js-3.5.1.jar:/home/travis/build/icyphy/ptII/lib/vertx-service-
proxy-3.5.1.jar:/home/travis/build/icyphy/ptII/lib/vertx-web-3.5.1.jar:/home/tr
avis/build/icyphy/ptII/lib/slf4j-api-1.7.13.jar:/home/travis/build/icyphy/ptII/
lib/slf4j-simple-1.7.13.jar:/home/travis/build/icyphy/ptII/lib/webcam-capture-0
.3.12.jar:/home/travis/build/icyphy/ptII/lib/bridj-0.7.0.jar:/home/travis/build
/icyphy/ptII/lib/xbjlib-1.1.0.nrjavaserial.jar:/home/travis/build/icyphy/ptII/p
tolemy/moml/test:/home/travis/build/icyphy/ptII/ant/lib/ant-launcher.jar:/home/
travis/build/icyphy/ptII/ant/lib/ant.jar:/home/travis/build/icyphy/ptII/ant/lib
/ant-junit.jar:/home/travis/build/icyphy/ptII/ant/lib/ant-junit4.jar:/home/trav
is/build/icyphy/ptII ModularCodeGenPubSub3_A1_A2_profile.java
total 1292
-rw-rw-r-- 1 travis travis   233 Sep  3 02:10 Array.class
-rw-rw-r-- 1 travis travis   459 Sep  3 02:10 Array.java
-rw-rw-r-- 1 travis travis  4895 Sep  3 02:09 CompiledCompositeActor_CompiledCompositeActor.class
-rw-rw-r-- 1 travis travis  1592 Sep  3 02:09 CompiledCompositeActor_CompiledCompositeActor$_CompiledCompositeActor_CompiledCompositeActor.class
-rw-rw-r-- 1 travis travis 13466 Sep  3 02:09 CompiledCompositeActor_CompiledCompositeActor.java
-rw-rw-r-- 1 travis travis  1593 Sep  3 02:09 CompiledCompositeActor_CompiledCompositeActor.mk
-rw-rw-r-- 1 travis travis  4457 Sep  3 02:09 JavaCompiledCompositeTest1_CompiledCompositeActor.class
-rw-rw-r-- 1 travis travis 11637 Sep  3 02:09 JavaCompiledCompositeTest1_CompiledCompositeActor.java
-rw-rw-r-- 1 travis travis  1198 Sep  3 02:09 JavaCompiledCompositeTest1_CompiledCompositeActor$_JavaCompiledCompositeTest1_CompiledCompositeActor.class
-rw-rw-r-- 1 travis travis  1625 Sep  3 02:09 JavaCompiledCompositeTest1_CompiledCompositeActor.mk
-rw-rw-r-- 1 travis travis  4888 Sep  3 02:09 JavaCompiledCompositeTest2_CompiledCompositeActor.class
-rw-rw-r-- 1 travis travis 14919 Sep  3 02:09 JavaCompiledCompositeTest2_CompiledCompositeActor.java
-rw-rw-r-- 1 travis travis  1793 Sep  3 02:09 JavaCompiledCompositeTest2_CompiledCompositeActor$_JavaCompiledCompositeTest2_CompiledCompositeActor.class
-rw-rw-r-- 1 travis travis  1625 Sep  3 02:09 JavaCompiledCompositeTest2_CompiledCompositeActor.mk
-rw-rw-r-- 1 travis travis  4505 Sep  3 02:09 JavaCompiledCompositeTest3_CompiledCompositeActor.class
-rw-rw-r-- 1 travis travis 13080 Sep  3 02:09 JavaCompiledCompositeTest3_CompiledCompositeActor.java
-rw-rw-r-- 1 travis travis  1378 Sep  3 02:09 JavaCompiledCompositeTest3_CompiledCompositeActor$_JavaCompiledCompositeTest3_CompiledCompositeActor.class
-rw-rw-r-- 1 travis travis  1625 Sep  3 02:09 JavaCompiledCompositeTest3_CompiledCompositeActor.mk
-rw-rw-r-- 1 travis travis  3953 Sep  3 02:09 JavaCompiledCompositeTest4_CompiledCompositeActor.class
-rw-rw-r-- 1 travis travis  9687 Sep  3 02:09 JavaCompiledCompositeTest4_CompiledCompositeActor.java
-rw-rw-r-- 1 travis travis   857 Sep  3 02:09 JavaCompiledCompositeTest4_CompiledCompositeActor$_JavaCompiledCompositeTest4_CompiledCompositeActor.class
-rw-rw-r-- 1 travis travis  1625 Sep  3 02:09 JavaCompiledCompositeTest4_CompiledCompositeActor.mk
-rw-rw-r-- 1 travis travis  3693 Sep  3 02:09 ModularCG_A1_B1.class
-rw-rw-r-- 1 travis travis  9730 Sep  3 02:09 ModularCG_A1_B1.java
-rw-rw-r-- 1 travis travis   832 Sep  3 02:09 ModularCG_A1_B1.mk
-rw-rw-r-- 1 travis travis  1318 Sep  3 02:09 ModularCG_A1_B1_profile.class
-rw-rw-r-- 1 travis travis  1262 Sep  3 02:09 ModularCG_A1_B1_profile.java
-rw-rw-r-- 1 travis travis  3693 Sep  3 02:09 ModularCG_A1_B2.class
-rw-rw-r-- 1 travis travis  9730 Sep  3 02:09 ModularCG_A1_B2.java
-rw-rw-r-- 1 travis travis   832 Sep  3 02:09 ModularCG_A1_B2.mk
-rw-rw-r-- 1 travis travis  1318 Sep  3 02:09 ModularCG_A1_B2_profile.class
-rw-rw-r-- 1 travis travis  1262 Sep  3 02:09 ModularCG_A1_B2_profile.java
-rw-rw-r-- 1 travis travis  4799 Sep  3 02:09 ModularCG_A1.class
-rw-rw-r-- 1 travis travis 14742 Sep  3 02:09 ModularCG_A1.java
-rw-rw-r-- 1 travis travis   808 Sep  3 02:09 ModularCG_A1.mk
-rw-rw-r-- 1 travis travis  1433 Sep  3 02:09 ModularCG_A1_profile.class
-rw-rw-r-- 1 travis travis  1704 Sep  3 02:09 ModularCG_A1_profile.java
-rw-rw-r-- 1 travis travis  3827 Sep  3 02:09 ModularCG_A2_B1.class
-rw-rw-r-- 1 travis travis 10667 Sep  3 02:09 ModularCG_A2_B1.java
-rw-rw-r-- 1 travis travis   832 Sep  3 02:09 ModularCG_A2_B1.mk
-rw-rw-r-- 1 travis travis  1381 Sep  3 02:09 ModularCG_A2_B1_profile.class
-rw-rw-r-- 1 travis travis  1446 Sep  3 02:09 ModularCG_A2_B1_profile.java
-rw-rw-r-- 1 travis travis  3693 Sep  3 02:09 ModularCG_A2_B2.class
-rw-rw-r-- 1 travis travis  9730 Sep  3 02:09 ModularCG_A2_B2.java
-rw-rw-r-- 1 travis travis   832 Sep  3 02:09 ModularCG_A2_B2.mk
-rw-rw-r-- 1 travis travis  1318 Sep  3 02:09 ModularCG_A2_B2_profile.class
-rw-rw-r-- 1 travis travis  1262 Sep  3 02:09 ModularCG_A2_B2_profile.java
-rw-rw-r-- 1 travis travis  4870 Sep  3 02:09 ModularCG_A2.class
-rw-rw-r-- 1 travis travis 15129 Sep  3 02:09 ModularCG_A2.java
-rw-rw-r-- 1 travis travis   808 Sep  3 02:09 ModularCG_A2.mk
-rw-rw-r-- 1 travis travis  1433 Sep  3 02:09 ModularCG_A2_profile.class
-rw-rw-r-- 1 travis travis  1704 Sep  3 02:09 ModularCG_A2_profile.java
-rw-rw-r-- 1 travis travis  3473 Sep  3 02:09 ModularCGPubSub_A1_A2.class
-rw-rw-r-- 1 travis travis  9076 Sep  3 02:09 ModularCGPubSub_A1_A2.java
-rw-rw-r-- 1 travis travis   880 Sep  3 02:09 ModularCGPubSub_A1_A2.mk
-rw-rw-r-- 1 travis travis  1300 Sep  3 02:09 ModularCGPubSub_A1_A2_profile.class
-rw-rw-r-- 1 travis travis  1222 Sep  3 02:09 ModularCGPubSub_A1_A2_profile.java
-rw-rw-r-- 1 travis travis  3790 Sep  3 02:09 ModularCGPubSub_A1.class
-rw-rw-r-- 1 travis travis  9836 Sep  3 02:09 ModularCGPubSub_A1.java
-rw-rw-r-- 1 travis travis   856 Sep  3 02:09 ModularCGPubSub_A1.mk
-rw-rw-r-- 1 travis travis  1346 Sep  3 02:09 ModularCGPubSub_A1_profile.class
-rw-rw-r-- 1 travis travis  1388 Sep  3 02:09 ModularCGPubSub_A1_profile.java
-rw-rw-r-- 1 travis travis  3988 Sep  3 02:09 ModularCodeGen2_ModularCodeGenTypedCompositeActor.class
-rw-rw-r-- 1 travis travis 11690 Sep  3 02:09 ModularCodeGen2_ModularCodeGenTypedCompositeActor.java
-rw-rw-r-- 1 travis travis  1104 Sep  3 02:09 ModularCodeGen2_ModularCodeGenTypedCompositeActor.mk
-rw-rw-r-- 1 travis travis  4272 Sep  3 02:09 ModularCodeGen2_ModularCodeGenTypedCompositeActor_ModularCodeGenTypedCompositeActor.class
-rw-rw-r-- 1 travis travis 11790 Sep  3 02:09 ModularCodeGen2_ModularCodeGenTypedCompositeActor_ModularCodeGenTypedCompositeActor.java
-rw-rw-r-- 1 travis travis  1376 Sep  3 02:09 ModularCodeGen2_ModularCodeGenTypedCompositeActor_ModularCodeGenTypedCompositeActor.mk
-rw-rw-r-- 1 travis travis  1421 Sep  3 02:09 ModularCodeGen2_ModularCodeGenTypedCompositeActor_ModularCodeGenTypedCompositeActor_profile.class
-rw-rw-r-- 1 travis travis  1294 Sep  3 02:09 ModularCodeGen2_ModularCodeGenTypedCompositeActor_ModularCodeGenTypedCompositeActor_profile.java
-rw-rw-r-- 1 travis travis   820 Sep  3 02:09 ModularCodeGen2_ModularCodeGenTypedCompositeActor_profile.class
-rw-rw-r-- 1 travis travis   693 Sep  3 02:09 ModularCodeGen2_ModularCodeGenTypedCompositeActor_profile.java
-rw-rw-r-- 1 travis travis  3741 Sep  3 02:09 ModularCodeGen3_A1_B1.class
-rw-rw-r-- 1 travis travis  9958 Sep  3 02:09 ModularCodeGen3_A1_B1.java
-rw-rw-r-- 1 travis travis   880 Sep  3 02:09 ModularCodeGen3_A1_B1.mk
-rw-rw-r-- 1 travis travis  1330 Sep  3 02:09 ModularCodeGen3_A1_B1_profile.class
-rw-rw-r-- 1 travis travis  1274 Sep  3 02:09 ModularCodeGen3_A1_B1_profile.java
-rw-rw-r-- 1 travis travis  3741 Sep  3 02:09 ModularCodeGen3_A1_B2.class
-rw-rw-r-- 1 travis travis  9958 Sep  3 02:09 ModularCodeGen3_A1_B2.java
-rw-rw-r-- 1 travis travis   880 Sep  3 02:09 ModularCodeGen3_A1_B2.mk
-rw-rw-r-- 1 travis travis  1330 Sep  3 02:09 ModularCodeGen3_A1_B2_profile.class
-rw-rw-r-- 1 travis travis  1274 Sep  3 02:09 ModularCodeGen3_A1_B2_profile.java
-rw-rw-r-- 1 travis travis  4961 Sep  3 02:09 ModularCodeGen3_A1.class
-rw-rw-r-- 1 travis travis 15564 Sep  3 02:09 ModularCodeGen3_A1.java
-rw-rw-r-- 1 travis travis   856 Sep  3 02:09 ModularCodeGen3_A1.mk
-rw-rw-r-- 1 travis travis  1445 Sep  3 02:09 ModularCodeGen3_A1_profile.class
-rw-rw-r-- 1 travis travis  1716 Sep  3 02:09 ModularCodeGen3_A1_profile.java
-rw-rw-r-- 1 travis travis  3887 Sep  3 02:09 ModularCodeGen3_A2_B1.class
-rw-rw-r-- 1 travis travis 10955 Sep  3 02:09 ModularCodeGen3_A2_B1.java
-rw-rw-r-- 1 travis travis   880 Sep  3 02:09 ModularCodeGen3_A2_B1.mk
-rw-rw-r-- 1 travis travis  1393 Sep  3 02:09 ModularCodeGen3_A2_B1_profile.class
-rw-rw-r-- 1 travis travis  1458 Sep  3 02:09 ModularCodeGen3_A2_B1_profile.java
-rw-rw-r-- 1 travis travis  3741 Sep  3 02:09 ModularCodeGen3_A2_B2.class
-rw-rw-r-- 1 travis travis  9958 Sep  3 02:09 ModularCodeGen3_A2_B2.java
-rw-rw-r-- 1 travis travis   880 Sep  3 02:09 ModularCodeGen3_A2_B2.mk
-rw-rw-r-- 1 travis travis  1330 Sep  3 02:09 ModularCodeGen3_A2_B2_profile.class
-rw-rw-r-- 1 travis travis  1274 Sep  3 02:09 ModularCodeGen3_A2_B2_profile.java
-rw-rw-r-- 1 travis travis  5038 Sep  3 02:09 ModularCodeGen3_A2.class
-rw-rw-r-- 1 travis travis 15957 Sep  3 02:09 ModularCodeGen3_A2.java
-rw-rw-r-- 1 travis travis   856 Sep  3 02:09 ModularCodeGen3_A2.mk
-rw-rw-r-- 1 travis travis  1445 Sep  3 02:09 ModularCodeGen3_A2_profile.class
-rw-rw-r-- 1 travis travis  1716 Sep  3 02:09 ModularCodeGen3_A2_profile.java
-rw-rw-r-- 1 travis travis  3794 Sep  3 02:09 ModularCodeGen4_A1_B1.class
-rw-rw-r-- 1 travis travis 10312 Sep  3 02:09 ModularCodeGen4_A1_B1.java
-rw-rw-r-- 1 travis travis   880 Sep  3 02:09 ModularCodeGen4_A1_B1.mk
-rw-rw-r-- 1 travis travis  1330 Sep  3 02:09 ModularCodeGen4_A1_B1_profile.class
-rw-rw-r-- 1 travis travis  1273 Sep  3 02:09 ModularCodeGen4_A1_B1_profile.java
-rw-rw-r-- 1 travis travis  3794 Sep  3 02:09 ModularCodeGen4_A1_B2.class
-rw-rw-r-- 1 travis travis 10312 Sep  3 02:09 ModularCodeGen4_A1_B2.java
-rw-rw-r-- 1 travis travis   880 Sep  3 02:09 ModularCodeGen4_A1_B2.mk
-rw-rw-r-- 1 travis travis  1330 Sep  3 02:09 ModularCodeGen4_A1_B2_profile.class
-rw-rw-r-- 1 travis travis  1273 Sep  3 02:09 ModularCodeGen4_A1_B2_profile.java
-rw-rw-r-- 1 travis travis  5101 Sep  3 02:09 ModularCodeGen4_A1.class
-rw-rw-r-- 1 travis travis 16245 Sep  3 02:09 ModularCodeGen4_A1.java
-rw-rw-r-- 1 travis travis   856 Sep  3 02:09 ModularCodeGen4_A1.mk
-rw-rw-r-- 1 travis travis  1445 Sep  3 02:09 ModularCodeGen4_A1_profile.class
-rw-rw-r-- 1 travis travis  1712 Sep  3 02:09 ModularCodeGen4_A1_profile.java
-rw-rw-r-- 1 travis travis  3988 Sep  3 02:09 ModularCodeGen4_A2_B1.class
-rw-rw-r-- 1 travis travis 11375 Sep  3 02:09 ModularCodeGen4_A2_B1.java
-rw-rw-r-- 1 travis travis   880 Sep  3 02:09 ModularCodeGen4_A2_B1.mk
-rw-rw-r-- 1 travis travis  1393 Sep  3 02:09 ModularCodeGen4_A2_B1_profile.class
-rw-rw-r-- 1 travis travis  1454 Sep  3 02:09 ModularCodeGen4_A2_B1_profile.java
-rw-rw-r-- 1 travis travis  3842 Sep  3 02:10 ModularCodeGen4_A2_B2.class
-rw-rw-r-- 1 travis travis 10378 Sep  3 02:10 ModularCodeGen4_A2_B2.java
-rw-rw-r-- 1 travis travis   880 Sep  3 02:10 ModularCodeGen4_A2_B2.mk
-rw-rw-r-- 1 travis travis  1330 Sep  3 02:10 ModularCodeGen4_A2_B2_profile.class
-rw-rw-r-- 1 travis travis  1270 Sep  3 02:09 ModularCodeGen4_A2_B2_profile.java
-rw-rw-r-- 1 travis travis  5274 Sep  3 02:10 ModularCodeGen4_A2.class
-rw-rw-r-- 1 travis travis 16770 Sep  3 02:10 ModularCodeGen4_A2.java
-rw-rw-r-- 1 travis travis   856 Sep  3 02:10 ModularCodeGen4_A2.mk
-rw-rw-r-- 1 travis travis  1445 Sep  3 02:10 ModularCodeGen4_A2_profile.class
-rw-rw-r-- 1 travis travis  1712 Sep  3 02:10 ModularCodeGen4_A2_profile.java
-rw-rw-r-- 1 travis travis  6838 Sep  3 02:10 ModularCodeGen5_A_A.class
-rw-rw-r-- 1 travis travis 28721 Sep  3 02:10 ModularCodeGen5_A_A.java
-rw-rw-r-- 1 travis travis   864 Sep  3 02:10 ModularCodeGen5_A_A.mk
-rw-rw-r-- 1 travis travis  1520 Sep  3 02:10 ModularCodeGen5_A_A_profile.class
-rw-rw-r-- 1 travis travis  1815 Sep  3 02:10 ModularCodeGen5_A_A_profile.java
-rw-rw-r-- 1 travis travis  5115 Sep  3 02:10 ModularCodeGen5_A.class
-rw-rw-r-- 1 travis travis 13769 Sep  3 02:10 ModularCodeGen5_A.java
-rw-rw-r-- 1 travis travis   848 Sep  3 02:10 ModularCodeGen5_A.mk
-rw-rw-r-- 1 travis travis  1422 Sep  3 02:10 ModularCodeGen5_A_profile.class
-rw-rw-r-- 1 travis travis  1605 Sep  3 02:10 ModularCodeGen5_A_profile.java
-rw-rw-r-- 1 travis travis  4125 Sep  3 02:10 ModularCodeGen6_A_A2.class
-rw-rw-r-- 1 travis travis 11329 Sep  3 02:10 ModularCodeGen6_A_A2.java
-rw-rw-r-- 1 travis travis   872 Sep  3 02:10 ModularCodeGen6_A_A2.mk
-rw-rw-r-- 1 travis travis  1351 Sep  3 02:10 ModularCodeGen6_A_A2_profile.class
-rw-rw-r-- 1 travis travis  1364 Sep  3 02:10 ModularCodeGen6_A_A2_profile.java
-rw-rw-r-- 1 travis travis  4108 Sep  3 02:10 ModularCodeGen6_A_A.class
-rw-rw-r-- 1 travis travis 11221 Sep  3 02:10 ModularCodeGen6_A_A.java
-rw-rw-r-- 1 travis travis   864 Sep  3 02:10 ModularCodeGen6_A_A.mk
-rw-rw-r-- 1 travis travis  1348 Sep  3 02:10 ModularCodeGen6_A_A_profile.class
-rw-rw-r-- 1 travis travis  1361 Sep  3 02:10 ModularCodeGen6_A_A_profile.java
-rw-rw-r-- 1 travis travis  7237 Sep  3 02:10 ModularCodeGen6_A.class
-rw-rw-r-- 1 travis travis 26535 Sep  3 02:10 ModularCodeGen6_A.java
-rw-rw-r-- 1 travis travis   848 Sep  3 02:10 ModularCodeGen6_A.mk
-rw-rw-r-- 1 travis travis  1483 Sep  3 02:10 ModularCodeGen6_A_profile.class
-rw-rw-r-- 1 travis travis  1810 Sep  3 02:10 ModularCodeGen6_A_profile.java
-rw-rw-r-- 1 travis travis  9439 Sep  3 02:10 ModularCodeGenLazyPubSubGlobal_CompositeActor_ModularCodeGenTypedComposite.class
-rw-rw-r-- 1 travis travis 30161 Sep  3 02:10 ModularCodeGenLazyPubSubGlobal_CompositeActor_ModularCodeGenTypedComposite.java
-rw-rw-r-- 1 travis travis  1304 Sep  3 02:10 ModularCodeGenLazyPubSubGlobal_CompositeActor_ModularCodeGenTypedComposite.mk
-rw-rw-r-- 1 travis travis  1438 Sep  3 02:10 ModularCodeGenLazyPubSubGlobal_CompositeActor_ModularCodeGenTypedComposite_profile.class
-rw-rw-r-- 1 travis travis  1384 Sep  3 02:10 ModularCodeGenLazyPubSubGlobal_CompositeActor_ModularCodeGenTypedComposite_profile.java
-rw-rw-r-- 1 travis travis  3952 Sep  3 02:10 ModularCodeGenLazyPubSub_LazyCompositeActor.class
-rw-rw-r-- 1 travis travis 11122 Sep  3 02:10 ModularCodeGenLazyPubSub_LazyCompositeActor.java
-rw-rw-r-- 1 travis travis  1056 Sep  3 02:10 ModularCodeGenLazyPubSub_LazyCompositeActor.mk
-rw-rw-r-- 1 travis travis  1286 Sep  3 02:10 ModularCodeGenLazyPubSub_LazyCompositeActor_profile.class
-rw-rw-r-- 1 travis travis  1091 Sep  3 02:10 ModularCodeGenLazyPubSub_LazyCompositeActor_profile.java
-rw-rw-r-- 1 travis travis  3954 Sep  3 02:09 ModularCodeGen_ModularCodeGenTypedCompositeActor.class
-rw-rw-r-- 1 travis travis 10970 Sep  3 02:09 ModularCodeGen_ModularCodeGenTypedCompositeActor.java
-rw-rw-r-- 1 travis travis  1096 Sep  3 02:09 ModularCodeGen_ModularCodeGenTypedCompositeActor.mk
-rw-rw-r-- 1 travis travis  1384 Sep  3 02:09 ModularCodeGen_ModularCodeGenTypedCompositeActor_profile.class
-rw-rw-r-- 1 travis travis  1328 Sep  3 02:09 ModularCodeGen_ModularCodeGenTypedCompositeActor_profile.java
-rw-rw-r-- 1 travis travis  3441 Sep  3 02:10 ModularCodeGenPubSub2_A1_A.class
-rw-rw-r-- 1 travis travis  8578 Sep  3 02:10 ModularCodeGenPubSub2_A1_A.java
-rw-rw-r-- 1 travis travis   920 Sep  3 02:10 ModularCodeGenPubSub2_A1_A.mk
-rw-rw-r-- 1 travis travis  1274 Sep  3 02:10 ModularCodeGenPubSub2_A1_A_profile.class
-rw-rw-r-- 1 travis travis  1128 Sep  3 02:10 ModularCodeGenPubSub2_A1_A_profile.java
-rw-rw-r-- 1 travis travis  3733 Sep  3 02:10 ModularCodeGenPubSub2_A1.class
-rw-rw-r-- 1 travis travis  9781 Sep  3 02:10 ModularCodeGenPubSub2_A1.java
-rw-rw-r-- 1 travis travis   904 Sep  3 02:10 ModularCodeGenPubSub2_A1.mk
-rw-rw-r-- 1 travis travis  1268 Sep  3 02:10 ModularCodeGenPubSub2_A1_profile.class
-rw-rw-r-- 1 travis travis  1196 Sep  3 02:10 ModularCodeGenPubSub2_A1_profile.java
-rw-rw-r-- 1 travis travis  1132 Sep  3 02:10 ModularCodeGenPubSub3_A1_A2_profile.java
-rw-rw-r-- 1 travis travis  3475 Sep  3 02:10 ModularCodeGenPubSub_A1.class
-rw-rw-r-- 1 travis travis  9060 Sep  3 02:10 ModularCodeGenPubSub_A1.java
-rw-rw-r-- 1 travis travis   896 Sep  3 02:10 ModularCodeGenPubSub_A1.mk
-rw-rw-r-- 1 travis travis  1278 Sep  3 02:10 ModularCodeGenPubSub_A1_profile.class
-rw-rw-r-- 1 travis travis  1195 Sep  3 02:10 ModularCodeGenPubSub_A1_profile.java
-rw-rw-r-- 1 travis travis  3492 Sep  3 02:08 ModularCodeGenTest_A1_A2.class
-rw-rw-r-- 1 travis travis  9164 Sep  3 02:08 ModularCodeGenTest_A1_A2.java
-rw-rw-r-- 1 travis travis   904 Sep  3 02:08 ModularCodeGenTest_A1_A2.mk
-rw-rw-r-- 1 travis travis  1306 Sep  3 02:08 ModularCodeGenTest_A1_A2_profile.class
-rw-rw-r-- 1 travis travis  1228 Sep  3 02:08 ModularCodeGenTest_A1_A2_profile.java
-rw-rw-r-- 1 travis travis  3823 Sep  3 02:09 ModularCodeGenTest_A1.class
-rw-rw-r-- 1 travis travis  9968 Sep  3 02:09 ModularCodeGenTest_A1.java
-rw-rw-r-- 1 travis travis   880 Sep  3 02:09 ModularCodeGenTest_A1.mk
-rw-rw-r-- 1 travis travis  1352 Sep  3 02:09 ModularCodeGenTest_A1_profile.class
-rw-rw-r-- 1 travis travis  1394 Sep  3 02:08 ModularCodeGenTest_A1_profile.java
-rw-rw-r-- 1 travis travis   432 Sep  3 02:10 Token.class
-rw-rw-r-- 1 travis travis   251 Sep  3 02:10 Token.java
warning: Supported source version 'RELEASE_6' from annotation processor 'org.netbeans.modules.openide.util.NbBundleProcessor' less than -source '1.8'
warning: Supported source version 'RELEASE_6' from annotation processor 'org.netbeans.modules.openide.util.URLStreamHandlerRegistrationProcessor' less than -source '1.8'
warning: Supported source version 'RELEASE_6' from annotation processor 'org.netbeans.modules.openide.util.ServiceProviderProcessor' less than -source '1.8'
3 warnings
All Done
Writing ModularCodeGenPubSub3_A1_A2.java in file:/home/travis/cg/ (8599 characters)
Reading "ptolemy/cg/kernel/generic/program/procedural/java/modular/makefile.in",
    writing "/home/travis/cg/ModularCodeGenPubSub3_A1_A2.mk"
Using ptolemy/cg/kernel/generic/program/procedural/java/modular/makefile.in
In "/home/travis/cg", about to execute:
    make -f ModularCodeGenPubSub3_A1_A2.mk
javac -classpath ".:.."    ModularCodeGenPubSub3_A1_A2.java
All Done
In "/home/travis/cg", about to execute:
    pwd
/home/travis/cg
In "/home/travis/cg", about to execute:
    ls -l
total 1320
In "/home/travis/cg", about to execute:
    javac -classpath
.:/home/travis/build/icyphy/ptII:/home/travis/build/icyphy/ptII/lib/bsh-2.0b4.j
ar:/home/travis/build/icyphy/ptII/lib/ptCal.jar:/home/travis/build/icyphy/ptII/
lib/java_cup.jar:/home/travis/build/icyphy/ptII/lib/saxon8.jar:/home/travis/bui
ld/icyphy/ptII/lib/saxon8-dom.jar:/home/travis/build/icyphy/ptII/lib/chic.jar:/
home/travis/build/icyphy/ptII/lib/ptcolt.jar:/usr/lib/jvm/java-8-oracle/lib/too
ls.jar:/usr/lib/eclipse/plugins/org.eclipse.jdt.core_3.8.2.dist.jar:/usr/lib/ec
lipse/plugins/org.eclipse.core.runtime_3.8.0.dist.jar:/usr/lib/eclipse/plugins/
org.eclipse.osgi_3.8.1.dist.jar:/usr/lib/eclipse/plugins/org.eclipse.core.resou
rces_3.8.1.dist.jar:/usr/lib/eclipse/plugins/org.eclipse.equinox.common_3.6.100
.dist.jar:/usr/lib/eclipse/plugins/org.eclipse.core.jobs_3.5.200.dist.jar:/usr/
lib/eclipse/plugins/org.eclipse.core.contenttype_3.4.200.dist.jar:/usr/lib/ecli
pse/plugins/org.eclipse.equinox.preferences_3.5.0.dist.jar:/usr/lib/eclipse/plu
gins/org.eclipse.text_3.5.200.dist.jar:/usr/lib/eclipse/plugins/org.eclipse.ui.
workbench_3.8.1.dist.jar:/usr/lib/eclipse/plugins/org.eclipse.jface_3.8.0.dist.
jar:/usr/lib/eclipse/plugins/org.eclipse.swt_3.8.2.jar:/usr/lib/eclipse/plugins
/org.eclipse.jface.text_3.8.1.dist.jar:/usr/lib/eclipse/plugins/org.eclipse.ui.
workbench.texteditor_3.8.0.dist.jar:/usr/lib/eclipse/plugins/org.eclipse.ui.edi
tors_3.8.0.dist.jar:/usr/lib/eclipse/plugins/org.eclipse.core.commands_3.6.1.di
st.jar:/usr/lib/eclipse/plugins/org.eclipse.equinox.registry_3.5.200.dist.jar:/
usr/lib/eclipse/plugins/org.eclipse.ui.console_3.5.100.dist.jar:/usr/lib/eclips
e/plugins/org.eclipse.ui.forms_3.5.200.dist.jar:/usr/lib/eclipse/plugins/org.ec
lipse.ui.ide_3.8.1.dist.jar:/home/travis/build/icyphy/ptII/vendors/oracle/dbxml
.jar:/home/travis/build/icyphy/ptII/vendors/oracle/db.jar:/home/travis/build/ic
yphy/ptII/vendors/misc/itext/iText.jar:/home/travis/build/icyphy/ptII/lib/g4ltl
.jar:/home/travis/build/icyphy/ptII/lib/StructuralCoder.jar:/home/travis/build/
icyphy/ptII/lib/org-openide-util.jar:/home/travis/build/icyphy/ptII/lib/org-ope
nide-util-lookup.jar:/home/travis/build/icyphy/ptII/lib/org-netbeans-api-visual
.jar:/home/travis/build/icyphy/ptII/vendors/jai-1_1_2_01/lib/jai_core.jar:/home
/travis/build/icyphy/ptII/vendors/jai-1_1_2_01/lib/jai_codec.jar:/home/travis/b
uild/icyphy/ptII/lib/jcerti.jar:/home/travis/build/icyphy/ptII/lib/smack.jar:/h
ome/travis/build/icyphy/ptII/lib/smackx.jar:/home/travis/build/icyphy/ptII/lib/
jetty-all-8.1.5-v20120716.jar:/home/travis/build/icyphy/ptII/lib/javax.servlet-
api-3.0.1.jar:/home/travis/build/icyphy/ptII/lib/javax.mail.jar:/home/travis/bu
ild/icyphy/ptII/vendors/JMF-2.1.1e/lib/jmf.jar:/home/travis/build/icyphy/ptII/l
ib/jna-4.0.0-variadic.jar:/home/travis/build/icyphy/ptII/vendors/misc/joystick/
Joystick.jar:/home/travis/build/icyphy/ptII/lib/ptjacl.jar:/home/travis/build/i
cyphy/ptII/lib/jsoup-1.8.2.jar:/home/travis/build/icyphy/ptII/lib/junit-4.8.2.j
ar:/home/travis/build/icyphy/ptII/lib/JUnitParams-0.4.0.jar:/home/travis/build/
icyphy/ptII/ptolemy/actor/lib/excel/jxl.jar:/home/travis/build/icyphy/ptII/lib/
jython.jar:/home/travis/build/icyphy/ptII/lib/kieler.jar:/home/travis/build/icy
phy/ptII/vendors/opencv/share/OpenCV/java/opencv-341.jar:/home/travis/build/icy
phy/ptII/lib/oscP5.jar:/home/travis/build/icyphy/ptII/lib/nrjavaserial-3.11.0.d
evel.jar:/home/travis/build/icyphy/ptII/vendors/j3d/lib/j3dcore.jar:/home/travi
s/build/icyphy/ptII/vendors/j3d/lib/j3dutils.jar:/home/travis/build/icyphy/ptII
/vendors/j3d/lib/vecmath.jar:/home/travis/build/icyphy/ptII/ptolemy/distributed
/jini/jar/jini-core.jar:/home/travis/build/icyphy/ptII/ptolemy/distributed/jini
/jar/jini-ext.jar:/home/travis/build/icyphy/ptII/ptolemy/distributed/jini/jar/s
un-util.jar:/home/travis/build/icyphy/ptII/lib/protobuf-java-2.4.1.jar:/home/tr
avis/build/icyphy/ptII/lib/org.eclipse.paho.client.mqttv3.jar:/home/travis/buil
d/icyphy/ptII/ptserver/lib/hessian-4.0.7.jar:/home/travis/build/icyphy/ptII/pts
erver/lib/wmqtt.jar:/home/travis/build/icyphy/ptII/lib/mapss.jar:/home/travis/b
uild/icyphy/ptII/ptolemy/actor/ptalon/antlr/antlr.jar:/home/travis/build/icyphy
/ptII/lib/JRI.jar:/home/travis/build/icyphy/ptII/lib/commons-lang-2.6.jar:/home
/travis/build/icyphy/ptII/lib/commons-logging-1.1.1.jar:/home/travis/build/icyp
hy/ptII/lib/sootclasses.jar:/home/travis/build/icyphy/ptII/ptolemy/actor/lib/da
tabase/mysql-connector-java-5.1.6-bin.jar:/home/travis/build/icyphy/ptII/vendor
s/misc/sphinx4/sphinx4-data-5prealpha.jar:/home/travis/build/icyphy/ptII/vendor
s/misc/sphinx4/sphinx4-core-5prealpha.jar:/home/travis/build/icyphy/ptII/lib/PD
FRenderer.jar:/home/travis/build/icyphy/ptII/lib/svgSalamander.jar:/home/travis
/build/icyphy/ptII/lib/rsyntaxtextarea-2.6.0-SNAPSHOT.jar:/home/travis/build/ic
yphy/ptII/lib/hazelcast-3.8.2.jar:/home/travis/build/icyphy/ptII/lib/jackson-an
notations-2.9.0.jar:/home/travis/build/icyphy/ptII/lib/jackson-core-2.9.3.jar:/
home/travis/build/icyphy/ptII/lib/jackson-databind-2.9.3.jar:/home/travis/build
/icyphy/ptII/lib/netty-buffer-4.1.19.Final.jar:/home/travis/build/icyphy/ptII/l
ib/netty-codec-4.1.19.Final.jar:/home/travis/build/icyphy/ptII/lib/netty-codec-
dns-4.1.19.Final.jar:/home/travis/build/icyphy/ptII/lib/netty-codec-http-4.1.19
.Final.jar:/home/travis/build/icyphy/ptII/lib/netty-codec-http2-4.1.19.Final.ja
r:/home/travis/build/icyphy/ptII/lib/netty-common-4.1.19.Final.jar:/home/travis
/build/icyphy/ptII/lib/netty-handler-4.1.19.Final.jar:/home/travis/build/icyphy
/ptII/lib/netty-resolver-4.1.19.Final.jar:/home/travis/build/icyphy/ptII/lib/ne
tty-resolver-dns-4.1.19.Final.jar:/home/travis/build/icyphy/ptII/lib/netty-tran
sport-4.1.19.Final.jar:/home/travis/build/icyphy/ptII/lib/vertx-codegen-3.5.1.j
ar:/home/travis/build/icyphy/ptII/lib/vertx-core-3.5.2-SNAPSHOT.jar:/home/travi
s/build/icyphy/ptII/lib/vertx-hazelcast-3.5.1.jar:/home/travis/build/icyphy/ptI
I/lib/vertx-lang-js-3.5.1.jar:/home/travis/build/icyphy/ptII/lib/vertx-service-
proxy-3.5.1.jar:/home/travis/build/icyphy/ptII/lib/vertx-web-3.5.1.jar:/home/tr
avis/build/icyphy/ptII/lib/slf4j-api-1.7.13.jar:/home/travis/build/icyphy/ptII/
lib/slf4j-simple-1.7.13.jar:/home/travis/build/icyphy/ptII/lib/webcam-capture-0
.3.12.jar:/home/travis/build/icyphy/ptII/lib/bridj-0.7.0.jar:/home/travis/build
/icyphy/ptII/lib/xbjlib-1.1.0.nrjavaserial.jar:/home/travis/build/icyphy/ptII/p
tolemy/moml/test:/home/travis/build/icyphy/ptII/ant/lib/ant-launcher.jar:/home/
travis/build/icyphy/ptII/ant/lib/ant.jar:/home/travis/build/icyphy/ptII/ant/lib
/ant-junit.jar:/home/travis/build/icyphy/ptII/ant/lib/ant-junit4.jar:/home/trav
is/build/icyphy/ptII ModularCodeGenPubSub3_A1_profile.java
-rw-rw-r-- 1 travis travis   233 Sep  3 02:10 Array.class
-rw-rw-r-- 1 travis travis   459 Sep  3 02:10 Array.java
-rw-rw-r-- 1 travis travis  4895 Sep  3 02:09 CompiledCompositeActor_CompiledCompositeActor.class
-rw-rw-r-- 1 travis travis  1592 Sep  3 02:09 CompiledCompositeActor_CompiledCompositeActor$_CompiledCompositeActor_CompiledCompositeActor.class
-rw-rw-r-- 1 travis travis 13466 Sep  3 02:09 CompiledCompositeActor_CompiledCompositeActor.java
-rw-rw-r-- 1 travis travis  1593 Sep  3 02:09 CompiledCompositeActor_CompiledCompositeActor.mk
-rw-rw-r-- 1 travis travis  4457 Sep  3 02:09 JavaCompiledCompositeTest1_CompiledCompositeActor.class
-rw-rw-r-- 1 travis travis 11637 Sep  3 02:09 JavaCompiledCompositeTest1_CompiledCompositeActor.java
-rw-rw-r-- 1 travis travis  1198 Sep  3 02:09 JavaCompiledCompositeTest1_CompiledCompositeActor$_JavaCompiledCompositeTest1_CompiledCompositeActor.class
-rw-rw-r-- 1 travis travis  1625 Sep  3 02:09 JavaCompiledCompositeTest1_CompiledCompositeActor.mk
-rw-rw-r-- 1 travis travis  4888 Sep  3 02:09 JavaCompiledCompositeTest2_CompiledCompositeActor.class
-rw-rw-r-- 1 travis travis 14919 Sep  3 02:09 JavaCompiledCompositeTest2_CompiledCompositeActor.java
-rw-rw-r-- 1 travis travis  1793 Sep  3 02:09 JavaCompiledCompositeTest2_CompiledCompositeActor$_JavaCompiledCompositeTest2_CompiledCompositeActor.class
-rw-rw-r-- 1 travis travis  1625 Sep  3 02:09 JavaCompiledCompositeTest2_CompiledCompositeActor.mk
-rw-rw-r-- 1 travis travis  4505 Sep  3 02:09 JavaCompiledCompositeTest3_CompiledCompositeActor.class
-rw-rw-r-- 1 travis travis 13080 Sep  3 02:09 JavaCompiledCompositeTest3_CompiledCompositeActor.java
-rw-rw-r-- 1 travis travis  1378 Sep  3 02:09 JavaCompiledCompositeTest3_CompiledCompositeActor$_JavaCompiledCompositeTest3_CompiledCompositeActor.class
-rw-rw-r-- 1 travis travis  1625 Sep  3 02:09 JavaCompiledCompositeTest3_CompiledCompositeActor.mk
-rw-rw-r-- 1 travis travis  3953 Sep  3 02:09 JavaCompiledCompositeTest4_CompiledCompositeActor.class
-rw-rw-r-- 1 travis travis  9687 Sep  3 02:09 JavaCompiledCompositeTest4_CompiledCompositeActor.java
-rw-rw-r-- 1 travis travis   857 Sep  3 02:09 JavaCompiledCompositeTest4_CompiledCompositeActor$_JavaCompiledCompositeTest4_CompiledCompositeActor.class
-rw-rw-r-- 1 travis travis  1625 Sep  3 02:09 JavaCompiledCompositeTest4_CompiledCompositeActor.mk
-rw-rw-r-- 1 travis travis  3693 Sep  3 02:09 ModularCG_A1_B1.class
-rw-rw-r-- 1 travis travis  9730 Sep  3 02:09 ModularCG_A1_B1.java
-rw-rw-r-- 1 travis travis   832 Sep  3 02:09 ModularCG_A1_B1.mk
-rw-rw-r-- 1 travis travis  1318 Sep  3 02:09 ModularCG_A1_B1_profile.class
-rw-rw-r-- 1 travis travis  1262 Sep  3 02:09 ModularCG_A1_B1_profile.java
-rw-rw-r-- 1 travis travis  3693 Sep  3 02:09 ModularCG_A1_B2.class
-rw-rw-r-- 1 travis travis  9730 Sep  3 02:09 ModularCG_A1_B2.java
-rw-rw-r-- 1 travis travis   832 Sep  3 02:09 ModularCG_A1_B2.mk
-rw-rw-r-- 1 travis travis  1318 Sep  3 02:09 ModularCG_A1_B2_profile.class
-rw-rw-r-- 1 travis travis  1262 Sep  3 02:09 ModularCG_A1_B2_profile.java
-rw-rw-r-- 1 travis travis  4799 Sep  3 02:09 ModularCG_A1.class
-rw-rw-r-- 1 travis travis 14742 Sep  3 02:09 ModularCG_A1.java
-rw-rw-r-- 1 travis travis   808 Sep  3 02:09 ModularCG_A1.mk
-rw-rw-r-- 1 travis travis  1433 Sep  3 02:09 ModularCG_A1_profile.class
-rw-rw-r-- 1 travis travis  1704 Sep  3 02:09 ModularCG_A1_profile.java
-rw-rw-r-- 1 travis travis  3827 Sep  3 02:09 ModularCG_A2_B1.class
-rw-rw-r-- 1 travis travis 10667 Sep  3 02:09 ModularCG_A2_B1.java
-rw-rw-r-- 1 travis travis   832 Sep  3 02:09 ModularCG_A2_B1.mk
-rw-rw-r-- 1 travis travis  1381 Sep  3 02:09 ModularCG_A2_B1_profile.class
-rw-rw-r-- 1 travis travis  1446 Sep  3 02:09 ModularCG_A2_B1_profile.java
-rw-rw-r-- 1 travis travis  3693 Sep  3 02:09 ModularCG_A2_B2.class
-rw-rw-r-- 1 travis travis  9730 Sep  3 02:09 ModularCG_A2_B2.java
-rw-rw-r-- 1 travis travis   832 Sep  3 02:09 ModularCG_A2_B2.mk
-rw-rw-r-- 1 travis travis  1318 Sep  3 02:09 ModularCG_A2_B2_profile.class
-rw-rw-r-- 1 travis travis  1262 Sep  3 02:09 ModularCG_A2_B2_profile.java
-rw-rw-r-- 1 travis travis  4870 Sep  3 02:09 ModularCG_A2.class
-rw-rw-r-- 1 travis travis 15129 Sep  3 02:09 ModularCG_A2.java
-rw-rw-r-- 1 travis travis   808 Sep  3 02:09 ModularCG_A2.mk
-rw-rw-r-- 1 travis travis  1433 Sep  3 02:09 ModularCG_A2_profile.class
-rw-rw-r-- 1 travis travis  1704 Sep  3 02:09 ModularCG_A2_profile.java
-rw-rw-r-- 1 travis travis  3473 Sep  3 02:09 ModularCGPubSub_A1_A2.class
-rw-rw-r-- 1 travis travis  9076 Sep  3 02:09 ModularCGPubSub_A1_A2.java
-rw-rw-r-- 1 travis travis   880 Sep  3 02:09 ModularCGPubSub_A1_A2.mk
-rw-rw-r-- 1 travis travis  1300 Sep  3 02:09 ModularCGPubSub_A1_A2_profile.class
-rw-rw-r-- 1 travis travis  1222 Sep  3 02:09 ModularCGPubSub_A1_A2_profile.java
-rw-rw-r-- 1 travis travis  3790 Sep  3 02:09 ModularCGPubSub_A1.class
-rw-rw-r-- 1 travis travis  9836 Sep  3 02:09 ModularCGPubSub_A1.java
-rw-rw-r-- 1 travis travis   856 Sep  3 02:09 ModularCGPubSub_A1.mk
-rw-rw-r-- 1 travis travis  1346 Sep  3 02:09 ModularCGPubSub_A1_profile.class
-rw-rw-r-- 1 travis travis  1388 Sep  3 02:09 ModularCGPubSub_A1_profile.java
-rw-rw-r-- 1 travis travis  3988 Sep  3 02:09 ModularCodeGen2_ModularCodeGenTypedCompositeActor.class
-rw-rw-r-- 1 travis travis 11690 Sep  3 02:09 ModularCodeGen2_ModularCodeGenTypedCompositeActor.java
-rw-rw-r-- 1 travis travis  1104 Sep  3 02:09 ModularCodeGen2_ModularCodeGenTypedCompositeActor.mk
-rw-rw-r-- 1 travis travis  4272 Sep  3 02:09 ModularCodeGen2_ModularCodeGenTypedCompositeActor_ModularCodeGenTypedCompositeActor.class
-rw-rw-r-- 1 travis travis 11790 Sep  3 02:09 ModularCodeGen2_ModularCodeGenTypedCompositeActor_ModularCodeGenTypedCompositeActor.java
-rw-rw-r-- 1 travis travis  1376 Sep  3 02:09 ModularCodeGen2_ModularCodeGenTypedCompositeActor_ModularCodeGenTypedCompositeActor.mk
-rw-rw-r-- 1 travis travis  1421 Sep  3 02:09 ModularCodeGen2_ModularCodeGenTypedCompositeActor_ModularCodeGenTypedCompositeActor_profile.class
-rw-rw-r-- 1 travis travis  1294 Sep  3 02:09 ModularCodeGen2_ModularCodeGenTypedCompositeActor_ModularCodeGenTypedCompositeActor_profile.java
-rw-rw-r-- 1 travis travis   820 Sep  3 02:09 ModularCodeGen2_ModularCodeGenTypedCompositeActor_profile.class
-rw-rw-r-- 1 travis travis   693 Sep  3 02:09 ModularCodeGen2_ModularCodeGenTypedCompositeActor_profile.java
-rw-rw-r-- 1 travis travis  3741 Sep  3 02:09 ModularCodeGen3_A1_B1.class
-rw-rw-r-- 1 travis travis  9958 Sep  3 02:09 ModularCodeGen3_A1_B1.java
-rw-rw-r-- 1 travis travis   880 Sep  3 02:09 ModularCodeGen3_A1_B1.mk
-rw-rw-r-- 1 travis travis  1330 Sep  3 02:09 ModularCodeGen3_A1_B1_profile.class
-rw-rw-r-- 1 travis travis  1274 Sep  3 02:09 ModularCodeGen3_A1_B1_profile.java
-rw-rw-r-- 1 travis travis  3741 Sep  3 02:09 ModularCodeGen3_A1_B2.class
-rw-rw-r-- 1 travis travis  9958 Sep  3 02:09 ModularCodeGen3_A1_B2.java
-rw-rw-r-- 1 travis travis   880 Sep  3 02:09 ModularCodeGen3_A1_B2.mk
-rw-rw-r-- 1 travis travis  1330 Sep  3 02:09 ModularCodeGen3_A1_B2_profile.class
-rw-rw-r-- 1 travis travis  1274 Sep  3 02:09 ModularCodeGen3_A1_B2_profile.java
-rw-rw-r-- 1 travis travis  4961 Sep  3 02:09 ModularCodeGen3_A1.class
-rw-rw-r-- 1 travis travis 15564 Sep  3 02:09 ModularCodeGen3_A1.java
-rw-rw-r-- 1 travis travis   856 Sep  3 02:09 ModularCodeGen3_A1.mk
-rw-rw-r-- 1 travis travis  1445 Sep  3 02:09 ModularCodeGen3_A1_profile.class
-rw-rw-r-- 1 travis travis  1716 Sep  3 02:09 ModularCodeGen3_A1_profile.java
-rw-rw-r-- 1 travis travis  3887 Sep  3 02:09 ModularCodeGen3_A2_B1.class
-rw-rw-r-- 1 travis travis 10955 Sep  3 02:09 ModularCodeGen3_A2_B1.java
-rw-rw-r-- 1 travis travis   880 Sep  3 02:09 ModularCodeGen3_A2_B1.mk
-rw-rw-r-- 1 travis travis  1393 Sep  3 02:09 ModularCodeGen3_A2_B1_profile.class
-rw-rw-r-- 1 travis travis  1458 Sep  3 02:09 ModularCodeGen3_A2_B1_profile.java
-rw-rw-r-- 1 travis travis  3741 Sep  3 02:09 ModularCodeGen3_A2_B2.class
-rw-rw-r-- 1 travis travis  9958 Sep  3 02:09 ModularCodeGen3_A2_B2.java
-rw-rw-r-- 1 travis travis   880 Sep  3 02:09 ModularCodeGen3_A2_B2.mk
-rw-rw-r-- 1 travis travis  1330 Sep  3 02:09 ModularCodeGen3_A2_B2_profile.class
-rw-rw-r-- 1 travis travis  1274 Sep  3 02:09 ModularCodeGen3_A2_B2_profile.java
-rw-rw-r-- 1 travis travis  5038 Sep  3 02:09 ModularCodeGen3_A2.class
-rw-rw-r-- 1 travis travis 15957 Sep  3 02:09 ModularCodeGen3_A2.java
-rw-rw-r-- 1 travis travis   856 Sep  3 02:09 ModularCodeGen3_A2.mk
-rw-rw-r-- 1 travis travis  1445 Sep  3 02:09 ModularCodeGen3_A2_profile.class
-rw-rw-r-- 1 travis travis  1716 Sep  3 02:09 ModularCodeGen3_A2_profile.java
-rw-rw-r-- 1 travis travis  3794 Sep  3 02:09 ModularCodeGen4_A1_B1.class
-rw-rw-r-- 1 travis travis 10312 Sep  3 02:09 ModularCodeGen4_A1_B1.java
-rw-rw-r-- 1 travis travis   880 Sep  3 02:09 ModularCodeGen4_A1_B1.mk
-rw-rw-r-- 1 travis travis  1330 Sep  3 02:09 ModularCodeGen4_A1_B1_profile.class
-rw-rw-r-- 1 travis travis  1273 Sep  3 02:09 ModularCodeGen4_A1_B1_profile.java
-rw-rw-r-- 1 travis travis  3794 Sep  3 02:09 ModularCodeGen4_A1_B2.class
-rw-rw-r-- 1 travis travis 10312 Sep  3 02:09 ModularCodeGen4_A1_B2.java
-rw-rw-r-- 1 travis travis   880 Sep  3 02:09 ModularCodeGen4_A1_B2.mk
-rw-rw-r-- 1 travis travis  1330 Sep  3 02:09 ModularCodeGen4_A1_B2_profile.class
-rw-rw-r-- 1 travis travis  1273 Sep  3 02:09 ModularCodeGen4_A1_B2_profile.java
-rw-rw-r-- 1 travis travis  5101 Sep  3 02:09 ModularCodeGen4_A1.class
-rw-rw-r-- 1 travis travis 16245 Sep  3 02:09 ModularCodeGen4_A1.java
-rw-rw-r-- 1 travis travis   856 Sep  3 02:09 ModularCodeGen4_A1.mk
-rw-rw-r-- 1 travis travis  1445 Sep  3 02:09 ModularCodeGen4_A1_profile.class
-rw-rw-r-- 1 travis travis  1712 Sep  3 02:09 ModularCodeGen4_A1_profile.java
-rw-rw-r-- 1 travis travis  3988 Sep  3 02:09 ModularCodeGen4_A2_B1.class
-rw-rw-r-- 1 travis travis 11375 Sep  3 02:09 ModularCodeGen4_A2_B1.java
-rw-rw-r-- 1 travis travis   880 Sep  3 02:09 ModularCodeGen4_A2_B1.mk
-rw-rw-r-- 1 travis travis  1393 Sep  3 02:09 ModularCodeGen4_A2_B1_profile.class
-rw-rw-r-- 1 travis travis  1454 Sep  3 02:09 ModularCodeGen4_A2_B1_profile.java
-rw-rw-r-- 1 travis travis  3842 Sep  3 02:10 ModularCodeGen4_A2_B2.class
-rw-rw-r-- 1 travis travis 10378 Sep  3 02:10 ModularCodeGen4_A2_B2.java
-rw-rw-r-- 1 travis travis   880 Sep  3 02:10 ModularCodeGen4_A2_B2.mk
-rw-rw-r-- 1 travis travis  1330 Sep  3 02:10 ModularCodeGen4_A2_B2_profile.class
-rw-rw-r-- 1 travis travis  1270 Sep  3 02:09 ModularCodeGen4_A2_B2_profile.java
-rw-rw-r-- 1 travis travis  5274 Sep  3 02:10 ModularCodeGen4_A2.class
-rw-rw-r-- 1 travis travis 16770 Sep  3 02:10 ModularCodeGen4_A2.java
-rw-rw-r-- 1 travis travis   856 Sep  3 02:10 ModularCodeGen4_A2.mk
-rw-rw-r-- 1 travis travis  1445 Sep  3 02:10 ModularCodeGen4_A2_profile.class
-rw-rw-r-- 1 travis travis  1712 Sep  3 02:10 ModularCodeGen4_A2_profile.java
-rw-rw-r-- 1 travis travis  6838 Sep  3 02:10 ModularCodeGen5_A_A.class
-rw-rw-r-- 1 travis travis 28721 Sep  3 02:10 ModularCodeGen5_A_A.java
-rw-rw-r-- 1 travis travis   864 Sep  3 02:10 ModularCodeGen5_A_A.mk
-rw-rw-r-- 1 travis travis  1520 Sep  3 02:10 ModularCodeGen5_A_A_profile.class
-rw-rw-r-- 1 travis travis  1815 Sep  3 02:10 ModularCodeGen5_A_A_profile.java
-rw-rw-r-- 1 travis travis  5115 Sep  3 02:10 ModularCodeGen5_A.class
-rw-rw-r-- 1 travis travis 13769 Sep  3 02:10 ModularCodeGen5_A.java
-rw-rw-r-- 1 travis travis   848 Sep  3 02:10 ModularCodeGen5_A.mk
-rw-rw-r-- 1 travis travis  1422 Sep  3 02:10 ModularCodeGen5_A_profile.class
-rw-rw-r-- 1 travis travis  1605 Sep  3 02:10 ModularCodeGen5_A_profile.java
-rw-rw-r-- 1 travis travis  4125 Sep  3 02:10 ModularCodeGen6_A_A2.class
-rw-rw-r-- 1 travis travis 11329 Sep  3 02:10 ModularCodeGen6_A_A2.java
-rw-rw-r-- 1 travis travis   872 Sep  3 02:10 ModularCodeGen6_A_A2.mk
-rw-rw-r-- 1 travis travis  1351 Sep  3 02:10 ModularCodeGen6_A_A2_profile.class
-rw-rw-r-- 1 travis travis  1364 Sep  3 02:10 ModularCodeGen6_A_A2_profile.java
-rw-rw-r-- 1 travis travis  4108 Sep  3 02:10 ModularCodeGen6_A_A.class
-rw-rw-r-- 1 travis travis 11221 Sep  3 02:10 ModularCodeGen6_A_A.java
-rw-rw-r-- 1 travis travis   864 Sep  3 02:10 ModularCodeGen6_A_A.mk
-rw-rw-r-- 1 travis travis  1348 Sep  3 02:10 ModularCodeGen6_A_A_profile.class
-rw-rw-r-- 1 travis travis  1361 Sep  3 02:10 ModularCodeGen6_A_A_profile.java
-rw-rw-r-- 1 travis travis  7237 Sep  3 02:10 ModularCodeGen6_A.class
-rw-rw-r-- 1 travis travis 26535 Sep  3 02:10 ModularCodeGen6_A.java
-rw-rw-r-- 1 travis travis   848 Sep  3 02:10 ModularCodeGen6_A.mk
-rw-rw-r-- 1 travis travis  1483 Sep  3 02:10 ModularCodeGen6_A_profile.class
-rw-rw-r-- 1 travis travis  1810 Sep  3 02:10 ModularCodeGen6_A_profile.java
-rw-rw-r-- 1 travis travis  9439 Sep  3 02:10 ModularCodeGenLazyPubSubGlobal_CompositeActor_ModularCodeGenTypedComposite.class
-rw-rw-r-- 1 travis travis 30161 Sep  3 02:10 ModularCodeGenLazyPubSubGlobal_CompositeActor_ModularCodeGenTypedComposite.java
-rw-rw-r-- 1 travis travis  1304 Sep  3 02:10 ModularCodeGenLazyPubSubGlobal_CompositeActor_ModularCodeGenTypedComposite.mk
-rw-rw-r-- 1 travis travis  1438 Sep  3 02:10 ModularCodeGenLazyPubSubGlobal_CompositeActor_ModularCodeGenTypedComposite_profile.class
-rw-rw-r-- 1 travis travis  1384 Sep  3 02:10 ModularCodeGenLazyPubSubGlobal_CompositeActor_ModularCodeGenTypedComposite_profile.java
-rw-rw-r-- 1 travis travis  3952 Sep  3 02:10 ModularCodeGenLazyPubSub_LazyCompositeActor.class
-rw-rw-r-- 1 travis travis 11122 Sep  3 02:10 ModularCodeGenLazyPubSub_LazyCompositeActor.java
-rw-rw-r-- 1 travis travis  1056 Sep  3 02:10 ModularCodeGenLazyPubSub_LazyCompositeActor.mk
-rw-rw-r-- 1 travis travis  1286 Sep  3 02:10 ModularCodeGenLazyPubSub_LazyCompositeActor_profile.class
-rw-rw-r-- 1 travis travis  1091 Sep  3 02:10 ModularCodeGenLazyPubSub_LazyCompositeActor_profile.java
-rw-rw-r-- 1 travis travis  3954 Sep  3 02:09 ModularCodeGen_ModularCodeGenTypedCompositeActor.class
-rw-rw-r-- 1 travis travis 10970 Sep  3 02:09 ModularCodeGen_ModularCodeGenTypedCompositeActor.java
-rw-rw-r-- 1 travis travis  1096 Sep  3 02:09 ModularCodeGen_ModularCodeGenTypedCompositeActor.mk
-rw-rw-r-- 1 travis travis  1384 Sep  3 02:09 ModularCodeGen_ModularCodeGenTypedCompositeActor_profile.class
-rw-rw-r-- 1 travis travis  1328 Sep  3 02:09 ModularCodeGen_ModularCodeGenTypedCompositeActor_profile.java
-rw-rw-r-- 1 travis travis  3441 Sep  3 02:10 ModularCodeGenPubSub2_A1_A.class
-rw-rw-r-- 1 travis travis  8578 Sep  3 02:10 ModularCodeGenPubSub2_A1_A.java
-rw-rw-r-- 1 travis travis   920 Sep  3 02:10 ModularCodeGenPubSub2_A1_A.mk
-rw-rw-r-- 1 travis travis  1274 Sep  3 02:10 ModularCodeGenPubSub2_A1_A_profile.class
-rw-rw-r-- 1 travis travis  1128 Sep  3 02:10 ModularCodeGenPubSub2_A1_A_profile.java
-rw-rw-r-- 1 travis travis  3733 Sep  3 02:10 ModularCodeGenPubSub2_A1.class
-rw-rw-r-- 1 travis travis  9781 Sep  3 02:10 ModularCodeGenPubSub2_A1.java
-rw-rw-r-- 1 travis travis   904 Sep  3 02:10 ModularCodeGenPubSub2_A1.mk
-rw-rw-r-- 1 travis travis  1268 Sep  3 02:10 ModularCodeGenPubSub2_A1_profile.class
-rw-rw-r-- 1 travis travis  1196 Sep  3 02:10 ModularCodeGenPubSub2_A1_profile.java
-rw-rw-r-- 1 travis travis  3437 Sep  3 02:10 ModularCodeGenPubSub3_A1_A2.class
-rw-rw-r-- 1 travis travis  8599 Sep  3 02:10 ModularCodeGenPubSub3_A1_A2.java
-rw-rw-r-- 1 travis travis   928 Sep  3 02:10 ModularCodeGenPubSub3_A1_A2.mk
-rw-rw-r-- 1 travis travis  1287 Sep  3 02:10 ModularCodeGenPubSub3_A1_A2_profile.class
-rw-rw-r-- 1 travis travis  1132 Sep  3 02:10 ModularCodeGenPubSub3_A1_A2_profile.java
-rw-rw-r-- 1 travis travis  1400 Sep  3 02:10 ModularCodeGenPubSub3_A1_profile.java
-rw-rw-r-- 1 travis travis  3475 Sep  3 02:10 ModularCodeGenPubSub_A1.class
-rw-rw-r-- 1 travis travis  9060 Sep  3 02:10 ModularCodeGenPubSub_A1.java
-rw-rw-r-- 1 travis travis   896 Sep  3 02:10 ModularCodeGenPubSub_A1.mk
-rw-rw-r-- 1 travis travis  1278 Sep  3 02:10 ModularCodeGenPubSub_A1_profile.class
-rw-rw-r-- 1 travis travis  1195 Sep  3 02:10 ModularCodeGenPubSub_A1_profile.java
-rw-rw-r-- 1 travis travis  3492 Sep  3 02:08 ModularCodeGenTest_A1_A2.class
-rw-rw-r-- 1 travis travis  9164 Sep  3 02:08 ModularCodeGenTest_A1_A2.java
-rw-rw-r-- 1 travis travis   904 Sep  3 02:08 ModularCodeGenTest_A1_A2.mk
-rw-rw-r-- 1 travis travis  1306 Sep  3 02:08 ModularCodeGenTest_A1_A2_profile.class
-rw-rw-r-- 1 travis travis  1228 Sep  3 02:08 ModularCodeGenTest_A1_A2_profile.java
-rw-rw-r-- 1 travis travis  3823 Sep  3 02:09 ModularCodeGenTest_A1.class
-rw-rw-r-- 1 travis travis  9968 Sep  3 02:09 ModularCodeGenTest_A1.java
-rw-rw-r-- 1 travis travis   880 Sep  3 02:09 ModularCodeGenTest_A1.mk
-rw-rw-r-- 1 travis travis  1352 Sep  3 02:09 ModularCodeGenTest_A1_profile.class
-rw-rw-r-- 1 travis travis  1394 Sep  3 02:08 ModularCodeGenTest_A1_profile.java
-rw-rw-r-- 1 travis travis   432 Sep  3 02:10 Token.class
-rw-rw-r-- 1 travis travis   251 Sep  3 02:10 Token.java
warning: Supported source version 'RELEASE_6' from annotation processor 'org.netbeans.modules.openide.util.NbBundleProcessor' less than -source '1.8'
warning: Supported source version 'RELEASE_6' from annotation processor 'org.netbeans.modules.openide.util.URLStreamHandlerRegistrationProcessor' less than -source '1.8'
warning: Supported source version 'RELEASE_6' from annotation processor 'org.netbeans.modules.openide.util.ServiceProviderProcessor' less than -source '1.8'
3 warnings
All Done
Writing ModularCodeGenPubSub3_A1.java in file:/home/travis/cg/ (10100 characters)
Reading "ptolemy/cg/kernel/generic/program/procedural/java/modular/makefile.in",
    writing "/home/travis/cg/ModularCodeGenPubSub3_A1.mk"
Using ptolemy/cg/kernel/generic/program/procedural/java/modular/makefile.in
In "/home/travis/cg", about to execute:
    make -f ModularCodeGenPubSub3_A1.mk
javac -classpath ".:.."    ModularCodeGenPubSub3_A1.java
All Done
4290 ms. Memory: 147456K Free: 42024K (28%)
----------------- Invoking toplevel() on ptolemy.moml.MoMLSimpleApplication@32aea6df
----------------- Done invoking toplevel() on ptolemy.moml.MoMLSimpleApplication@32aea6df
reloadAllAccessors: .ModularCodeGenPubSub3

===========================================================================================
----------------- testing Mon Sep 03 02:10:33 UTC 2018 /home/travis/build/icyphy/ptII/ptolemy/cg/lib/test/auto/ModularCodeGenPubSub4.xml
----------------- Instantiating /home/travis/build/icyphy/ptII/ptolemy/cg/lib/test/auto/ModularCodeGenPubSub4.xml
In "/home/travis/cg", about to execute:
    pwd
In "/home/travis/cg", about to execute:
    ls -l
/home/travis/cg
In "/home/travis/cg", about to execute:
    javac -classpath
.:/home/travis/build/icyphy/ptII:/home/travis/build/icyphy/ptII/lib/bsh-2.0b4.j
ar:/home/travis/build/icyphy/ptII/lib/ptCal.jar:/home/travis/build/icyphy/ptII/
lib/java_cup.jar:/home/travis/build/icyphy/ptII/lib/saxon8.jar:/home/travis/bui
ld/icyphy/ptII/lib/saxon8-dom.jar:/home/travis/build/icyphy/ptII/lib/chic.jar:/
home/travis/build/icyphy/ptII/lib/ptcolt.jar:/usr/lib/jvm/java-8-oracle/lib/too
ls.jar:/usr/lib/eclipse/plugins/org.eclipse.jdt.core_3.8.2.dist.jar:/usr/lib/ec
lipse/plugins/org.eclipse.core.runtime_3.8.0.dist.jar:/usr/lib/eclipse/plugins/
org.eclipse.osgi_3.8.1.dist.jar:/usr/lib/eclipse/plugins/org.eclipse.core.resou
rces_3.8.1.dist.jar:/usr/lib/eclipse/plugins/org.eclipse.equinox.common_3.6.100
.dist.jar:/usr/lib/eclipse/plugins/org.eclipse.core.jobs_3.5.200.dist.jar:/usr/
lib/eclipse/plugins/org.eclipse.core.contenttype_3.4.200.dist.jar:/usr/lib/ecli
pse/plugins/org.eclipse.equinox.preferences_3.5.0.dist.jar:/usr/lib/eclipse/plu
gins/org.eclipse.text_3.5.200.dist.jar:/usr/lib/eclipse/plugins/org.eclipse.ui.
workbench_3.8.1.dist.jar:/usr/lib/eclipse/plugins/org.eclipse.jface_3.8.0.dist.
jar:/usr/lib/eclipse/plugins/org.eclipse.swt_3.8.2.jar:/usr/lib/eclipse/plugins
/org.eclipse.jface.text_3.8.1.dist.jar:/usr/lib/eclipse/plugins/org.eclipse.ui.
workbench.texteditor_3.8.0.dist.jar:/usr/lib/eclipse/plugins/org.eclipse.ui.edi
tors_3.8.0.dist.jar:/usr/lib/eclipse/plugins/org.eclipse.core.commands_3.6.1.di
st.jar:/usr/lib/eclipse/plugins/org.eclipse.equinox.registry_3.5.200.dist.jar:/
usr/lib/eclipse/plugins/org.eclipse.ui.console_3.5.100.dist.jar:/usr/lib/eclips
e/plugins/org.eclipse.ui.forms_3.5.200.dist.jar:/usr/lib/eclipse/plugins/org.ec
lipse.ui.ide_3.8.1.dist.jar:/home/travis/build/icyphy/ptII/vendors/oracle/dbxml
.jar:/home/travis/build/icyphy/ptII/vendors/oracle/db.jar:/home/travis/build/ic
yphy/ptII/vendors/misc/itext/iText.jar:/home/travis/build/icyphy/ptII/lib/g4ltl
.jar:/home/travis/build/icyphy/ptII/lib/StructuralCoder.jar:/home/travis/build/
icyphy/ptII/lib/org-openide-util.jar:/home/travis/build/icyphy/ptII/lib/org-ope
nide-util-lookup.jar:/home/travis/build/icyphy/ptII/lib/org-netbeans-api-visual
.jar:/home/travis/build/icyphy/ptII/vendors/jai-1_1_2_01/lib/jai_core.jar:/home
/travis/build/icyphy/ptII/vendors/jai-1_1_2_01/lib/jai_codec.jar:/home/travis/b
uild/icyphy/ptII/lib/jcerti.jar:/home/travis/build/icyphy/ptII/lib/smack.jar:/h
ome/travis/build/icyphy/ptII/lib/smackx.jar:/home/travis/build/icyphy/ptII/lib/
jetty-all-8.1.5-v20120716.jar:/home/travis/build/icyphy/ptII/lib/javax.servlet-
api-3.0.1.jar:/home/travis/build/icyphy/ptII/lib/javax.mail.jar:/home/travis/bu
ild/icyphy/ptII/vendors/JMF-2.1.1e/lib/jmf.jar:/home/travis/build/icyphy/ptII/l
ib/jna-4.0.0-variadic.jar:/home/travis/build/icyphy/ptII/vendors/misc/joystick/
Joystick.jar:/home/travis/build/icyphy/ptII/lib/ptjacl.jar:/home/travis/build/i
cyphy/ptII/lib/jsoup-1.8.2.jar:/home/travis/build/icyphy/ptII/lib/junit-4.8.2.j
ar:/home/travis/build/icyphy/ptII/lib/JUnitParams-0.4.0.jar:/home/travis/build/
icyphy/ptII/ptolemy/actor/lib/excel/jxl.jar:/home/travis/build/icyphy/ptII/lib/
jython.jar:/home/travis/build/icyphy/ptII/lib/kieler.jar:/home/travis/build/icy
phy/ptII/vendors/opencv/share/OpenCV/java/opencv-341.jar:/home/travis/build/icy
phy/ptII/lib/oscP5.jar:/home/travis/build/icyphy/ptII/lib/nrjavaserial-3.11.0.d
evel.jar:/home/travis/build/icyphy/ptII/vendors/j3d/lib/j3dcore.jar:/home/travi
s/build/icyphy/ptII/vendors/j3d/lib/j3dutils.jar:/home/travis/build/icyphy/ptII
/vendors/j3d/lib/vecmath.jar:/home/travis/build/icyphy/ptII/ptolemy/distributed
/jini/jar/jini-core.jar:/home/travis/build/icyphy/ptII/ptolemy/distributed/jini
/jar/jini-ext.jar:/home/travis/build/icyphy/ptII/ptolemy/distributed/jini/jar/s
un-util.jar:/home/travis/build/icyphy/ptII/lib/protobuf-java-2.4.1.jar:/home/tr
avis/build/icyphy/ptII/lib/org.eclipse.paho.client.mqttv3.jar:/home/travis/buil
d/icyphy/ptII/ptserver/lib/hessian-4.0.7.jar:/home/travis/build/icyphy/ptII/pts
erver/lib/wmqtt.jar:/home/travis/build/icyphy/ptII/lib/mapss.jar:/home/travis/b
uild/icyphy/ptII/ptolemy/actor/ptalon/antlr/antlr.jar:/home/travis/build/icyphy
/ptII/lib/JRI.jar:/home/travis/build/icyphy/ptII/lib/commons-lang-2.6.jar:/home
/travis/build/icyphy/ptII/lib/commons-logging-1.1.1.jar:/home/travis/build/icyp
hy/ptII/lib/sootclasses.jar:/home/travis/build/icyphy/ptII/ptolemy/actor/lib/da
tabase/mysql-connector-java-5.1.6-bin.jar:/home/travis/build/icyphy/ptII/vendor
s/misc/sphinx4/sphinx4-data-5prealpha.jar:/home/travis/build/icyphy/ptII/vendor
s/misc/sphinx4/sphinx4-core-5prealpha.jar:/home/travis/build/icyphy/ptII/lib/PD
FRenderer.jar:/home/travis/build/icyphy/ptII/lib/svgSalamander.jar:/home/travis
/build/icyphy/ptII/lib/rsyntaxtextarea-2.6.0-SNAPSHOT.jar:/home/travis/build/ic
yphy/ptII/lib/hazelcast-3.8.2.jar:/home/travis/build/icyphy/ptII/lib/jackson-an
notations-2.9.0.jar:/home/travis/build/icyphy/ptII/lib/jackson-core-2.9.3.jar:/
home/travis/build/icyphy/ptII/lib/jackson-databind-2.9.3.jar:/home/travis/build
/icyphy/ptII/lib/netty-buffer-4.1.19.Final.jar:/home/travis/build/icyphy/ptII/l
ib/netty-codec-4.1.19.Final.jar:/home/travis/build/icyphy/ptII/lib/netty-codec-
dns-4.1.19.Final.jar:/home/travis/build/icyphy/ptII/lib/netty-codec-http-4.1.19
.Final.jar:/home/travis/build/icyphy/ptII/lib/netty-codec-http2-4.1.19.Final.ja
r:/home/travis/build/icyphy/ptII/lib/netty-common-4.1.19.Final.jar:/home/travis
/build/icyphy/ptII/lib/netty-handler-4.1.19.Final.jar:/home/travis/build/icyphy
/ptII/lib/netty-resolver-4.1.19.Final.jar:/home/travis/build/icyphy/ptII/lib/ne
tty-resolver-dns-4.1.19.Final.jar:/home/travis/build/icyphy/ptII/lib/netty-tran
sport-4.1.19.Final.jar:/home/travis/build/icyphy/ptII/lib/vertx-codegen-3.5.1.j
ar:/home/travis/build/icyphy/ptII/lib/vertx-core-3.5.2-SNAPSHOT.jar:/home/travi
s/build/icyphy/ptII/lib/vertx-hazelcast-3.5.1.jar:/home/travis/build/icyphy/ptI
I/lib/vertx-lang-js-3.5.1.jar:/home/travis/build/icyphy/ptII/lib/vertx-service-
proxy-3.5.1.jar:/home/travis/build/icyphy/ptII/lib/vertx-web-3.5.1.jar:/home/tr
avis/build/icyphy/ptII/lib/slf4j-api-1.7.13.jar:/home/travis/build/icyphy/ptII/
lib/slf4j-simple-1.7.13.jar:/home/travis/build/icyphy/ptII/lib/webcam-capture-0
.3.12.jar:/home/travis/build/icyphy/ptII/lib/bridj-0.7.0.jar:/home/travis/build
/icyphy/ptII/lib/xbjlib-1.1.0.nrjavaserial.jar:/home/travis/build/icyphy/ptII/p
tolemy/moml/test:/home/travis/build/icyphy/ptII/ant/lib/ant-launcher.jar:/home/
travis/build/icyphy/ptII/ant/lib/ant.jar:/home/travis/build/icyphy/ptII/ant/lib
/ant-junit.jar:/home/travis/build/icyphy/ptII/ant/lib/ant-junit4.jar:/home/trav
is/build/icyphy/ptII ModularCodeGenPubSub4_A1_A_profile.java
total 1348
-rw-rw-r-- 1 travis travis   233 Sep  3 02:10 Array.class
-rw-rw-r-- 1 travis travis   459 Sep  3 02:10 Array.java
-rw-rw-r-- 1 travis travis  4895 Sep  3 02:09 CompiledCompositeActor_CompiledCompositeActor.class
-rw-rw-r-- 1 travis travis  1592 Sep  3 02:09 CompiledCompositeActor_CompiledCompositeActor$_CompiledCompositeActor_CompiledCompositeActor.class
-rw-rw-r-- 1 travis travis 13466 Sep  3 02:09 CompiledCompositeActor_CompiledCompositeActor.java
-rw-rw-r-- 1 travis travis  1593 Sep  3 02:09 CompiledCompositeActor_CompiledCompositeActor.mk
-rw-rw-r-- 1 travis travis  4457 Sep  3 02:09 JavaCompiledCompositeTest1_CompiledCompositeActor.class
-rw-rw-r-- 1 travis travis 11637 Sep  3 02:09 JavaCompiledCompositeTest1_CompiledCompositeActor.java
-rw-rw-r-- 1 travis travis  1198 Sep  3 02:09 JavaCompiledCompositeTest1_CompiledCompositeActor$_JavaCompiledCompositeTest1_CompiledCompositeActor.class
-rw-rw-r-- 1 travis travis  1625 Sep  3 02:09 JavaCompiledCompositeTest1_CompiledCompositeActor.mk
-rw-rw-r-- 1 travis travis  4888 Sep  3 02:09 JavaCompiledCompositeTest2_CompiledCompositeActor.class
-rw-rw-r-- 1 travis travis 14919 Sep  3 02:09 JavaCompiledCompositeTest2_CompiledCompositeActor.java
-rw-rw-r-- 1 travis travis  1793 Sep  3 02:09 JavaCompiledCompositeTest2_CompiledCompositeActor$_JavaCompiledCompositeTest2_CompiledCompositeActor.class
-rw-rw-r-- 1 travis travis  1625 Sep  3 02:09 JavaCompiledCompositeTest2_CompiledCompositeActor.mk
-rw-rw-r-- 1 travis travis  4505 Sep  3 02:09 JavaCompiledCompositeTest3_CompiledCompositeActor.class
-rw-rw-r-- 1 travis travis 13080 Sep  3 02:09 JavaCompiledCompositeTest3_CompiledCompositeActor.java
-rw-rw-r-- 1 travis travis  1378 Sep  3 02:09 JavaCompiledCompositeTest3_CompiledCompositeActor$_JavaCompiledCompositeTest3_CompiledCompositeActor.class
-rw-rw-r-- 1 travis travis  1625 Sep  3 02:09 JavaCompiledCompositeTest3_CompiledCompositeActor.mk
-rw-rw-r-- 1 travis travis  3953 Sep  3 02:09 JavaCompiledCompositeTest4_CompiledCompositeActor.class
-rw-rw-r-- 1 travis travis  9687 Sep  3 02:09 JavaCompiledCompositeTest4_CompiledCompositeActor.java
-rw-rw-r-- 1 travis travis   857 Sep  3 02:09 JavaCompiledCompositeTest4_CompiledCompositeActor$_JavaCompiledCompositeTest4_CompiledCompositeActor.class
-rw-rw-r-- 1 travis travis  1625 Sep  3 02:09 JavaCompiledCompositeTest4_CompiledCompositeActor.mk
-rw-rw-r-- 1 travis travis  3693 Sep  3 02:09 ModularCG_A1_B1.class
-rw-rw-r-- 1 travis travis  9730 Sep  3 02:09 ModularCG_A1_B1.java
-rw-rw-r-- 1 travis travis   832 Sep  3 02:09 ModularCG_A1_B1.mk
-rw-rw-r-- 1 travis travis  1318 Sep  3 02:09 ModularCG_A1_B1_profile.class
-rw-rw-r-- 1 travis travis  1262 Sep  3 02:09 ModularCG_A1_B1_profile.java
-rw-rw-r-- 1 travis travis  3693 Sep  3 02:09 ModularCG_A1_B2.class
-rw-rw-r-- 1 travis travis  9730 Sep  3 02:09 ModularCG_A1_B2.java
-rw-rw-r-- 1 travis travis   832 Sep  3 02:09 ModularCG_A1_B2.mk
-rw-rw-r-- 1 travis travis  1318 Sep  3 02:09 ModularCG_A1_B2_profile.class
-rw-rw-r-- 1 travis travis  1262 Sep  3 02:09 ModularCG_A1_B2_profile.java
-rw-rw-r-- 1 travis travis  4799 Sep  3 02:09 ModularCG_A1.class
-rw-rw-r-- 1 travis travis 14742 Sep  3 02:09 ModularCG_A1.java
-rw-rw-r-- 1 travis travis   808 Sep  3 02:09 ModularCG_A1.mk
-rw-rw-r-- 1 travis travis  1433 Sep  3 02:09 ModularCG_A1_profile.class
-rw-rw-r-- 1 travis travis  1704 Sep  3 02:09 ModularCG_A1_profile.java
-rw-rw-r-- 1 travis travis  3827 Sep  3 02:09 ModularCG_A2_B1.class
-rw-rw-r-- 1 travis travis 10667 Sep  3 02:09 ModularCG_A2_B1.java
-rw-rw-r-- 1 travis travis   832 Sep  3 02:09 ModularCG_A2_B1.mk
-rw-rw-r-- 1 travis travis  1381 Sep  3 02:09 ModularCG_A2_B1_profile.class
-rw-rw-r-- 1 travis travis  1446 Sep  3 02:09 ModularCG_A2_B1_profile.java
-rw-rw-r-- 1 travis travis  3693 Sep  3 02:09 ModularCG_A2_B2.class
-rw-rw-r-- 1 travis travis  9730 Sep  3 02:09 ModularCG_A2_B2.java
-rw-rw-r-- 1 travis travis   832 Sep  3 02:09 ModularCG_A2_B2.mk
-rw-rw-r-- 1 travis travis  1318 Sep  3 02:09 ModularCG_A2_B2_profile.class
-rw-rw-r-- 1 travis travis  1262 Sep  3 02:09 ModularCG_A2_B2_profile.java
-rw-rw-r-- 1 travis travis  4870 Sep  3 02:09 ModularCG_A2.class
-rw-rw-r-- 1 travis travis 15129 Sep  3 02:09 ModularCG_A2.java
-rw-rw-r-- 1 travis travis   808 Sep  3 02:09 ModularCG_A2.mk
-rw-rw-r-- 1 travis travis  1433 Sep  3 02:09 ModularCG_A2_profile.class
-rw-rw-r-- 1 travis travis  1704 Sep  3 02:09 ModularCG_A2_profile.java
-rw-rw-r-- 1 travis travis  3473 Sep  3 02:09 ModularCGPubSub_A1_A2.class
-rw-rw-r-- 1 travis travis  9076 Sep  3 02:09 ModularCGPubSub_A1_A2.java
-rw-rw-r-- 1 travis travis   880 Sep  3 02:09 ModularCGPubSub_A1_A2.mk
-rw-rw-r-- 1 travis travis  1300 Sep  3 02:09 ModularCGPubSub_A1_A2_profile.class
-rw-rw-r-- 1 travis travis  1222 Sep  3 02:09 ModularCGPubSub_A1_A2_profile.java
-rw-rw-r-- 1 travis travis  3790 Sep  3 02:09 ModularCGPubSub_A1.class
-rw-rw-r-- 1 travis travis  9836 Sep  3 02:09 ModularCGPubSub_A1.java
-rw-rw-r-- 1 travis travis   856 Sep  3 02:09 ModularCGPubSub_A1.mk
-rw-rw-r-- 1 travis travis  1346 Sep  3 02:09 ModularCGPubSub_A1_profile.class
-rw-rw-r-- 1 travis travis  1388 Sep  3 02:09 ModularCGPubSub_A1_profile.java
-rw-rw-r-- 1 travis travis  3988 Sep  3 02:09 ModularCodeGen2_ModularCodeGenTypedCompositeActor.class
-rw-rw-r-- 1 travis travis 11690 Sep  3 02:09 ModularCodeGen2_ModularCodeGenTypedCompositeActor.java
-rw-rw-r-- 1 travis travis  1104 Sep  3 02:09 ModularCodeGen2_ModularCodeGenTypedCompositeActor.mk
-rw-rw-r-- 1 travis travis  4272 Sep  3 02:09 ModularCodeGen2_ModularCodeGenTypedCompositeActor_ModularCodeGenTypedCompositeActor.class
-rw-rw-r-- 1 travis travis 11790 Sep  3 02:09 ModularCodeGen2_ModularCodeGenTypedCompositeActor_ModularCodeGenTypedCompositeActor.java
-rw-rw-r-- 1 travis travis  1376 Sep  3 02:09 ModularCodeGen2_ModularCodeGenTypedCompositeActor_ModularCodeGenTypedCompositeActor.mk
-rw-rw-r-- 1 travis travis  1421 Sep  3 02:09 ModularCodeGen2_ModularCodeGenTypedCompositeActor_ModularCodeGenTypedCompositeActor_profile.class
-rw-rw-r-- 1 travis travis  1294 Sep  3 02:09 ModularCodeGen2_ModularCodeGenTypedCompositeActor_ModularCodeGenTypedCompositeActor_profile.java
-rw-rw-r-- 1 travis travis   820 Sep  3 02:09 ModularCodeGen2_ModularCodeGenTypedCompositeActor_profile.class
-rw-rw-r-- 1 travis travis   693 Sep  3 02:09 ModularCodeGen2_ModularCodeGenTypedCompositeActor_profile.java
-rw-rw-r-- 1 travis travis  3741 Sep  3 02:09 ModularCodeGen3_A1_B1.class
-rw-rw-r-- 1 travis travis  9958 Sep  3 02:09 ModularCodeGen3_A1_B1.java
-rw-rw-r-- 1 travis travis   880 Sep  3 02:09 ModularCodeGen3_A1_B1.mk
-rw-rw-r-- 1 travis travis  1330 Sep  3 02:09 ModularCodeGen3_A1_B1_profile.class
-rw-rw-r-- 1 travis travis  1274 Sep  3 02:09 ModularCodeGen3_A1_B1_profile.java
-rw-rw-r-- 1 travis travis  3741 Sep  3 02:09 ModularCodeGen3_A1_B2.class
-rw-rw-r-- 1 travis travis  9958 Sep  3 02:09 ModularCodeGen3_A1_B2.java
-rw-rw-r-- 1 travis travis   880 Sep  3 02:09 ModularCodeGen3_A1_B2.mk
-rw-rw-r-- 1 travis travis  1330 Sep  3 02:09 ModularCodeGen3_A1_B2_profile.class
-rw-rw-r-- 1 travis travis  1274 Sep  3 02:09 ModularCodeGen3_A1_B2_profile.java
-rw-rw-r-- 1 travis travis  4961 Sep  3 02:09 ModularCodeGen3_A1.class
-rw-rw-r-- 1 travis travis 15564 Sep  3 02:09 ModularCodeGen3_A1.java
-rw-rw-r-- 1 travis travis   856 Sep  3 02:09 ModularCodeGen3_A1.mk
-rw-rw-r-- 1 travis travis  1445 Sep  3 02:09 ModularCodeGen3_A1_profile.class
-rw-rw-r-- 1 travis travis  1716 Sep  3 02:09 ModularCodeGen3_A1_profile.java
-rw-rw-r-- 1 travis travis  3887 Sep  3 02:09 ModularCodeGen3_A2_B1.class
-rw-rw-r-- 1 travis travis 10955 Sep  3 02:09 ModularCodeGen3_A2_B1.java
-rw-rw-r-- 1 travis travis   880 Sep  3 02:09 ModularCodeGen3_A2_B1.mk
-rw-rw-r-- 1 travis travis  1393 Sep  3 02:09 ModularCodeGen3_A2_B1_profile.class
-rw-rw-r-- 1 travis travis  1458 Sep  3 02:09 ModularCodeGen3_A2_B1_profile.java
-rw-rw-r-- 1 travis travis  3741 Sep  3 02:09 ModularCodeGen3_A2_B2.class
-rw-rw-r-- 1 travis travis  9958 Sep  3 02:09 ModularCodeGen3_A2_B2.java
-rw-rw-r-- 1 travis travis   880 Sep  3 02:09 ModularCodeGen3_A2_B2.mk
-rw-rw-r-- 1 travis travis  1330 Sep  3 02:09 ModularCodeGen3_A2_B2_profile.class
-rw-rw-r-- 1 travis travis  1274 Sep  3 02:09 ModularCodeGen3_A2_B2_profile.java
-rw-rw-r-- 1 travis travis  5038 Sep  3 02:09 ModularCodeGen3_A2.class
-rw-rw-r-- 1 travis travis 15957 Sep  3 02:09 ModularCodeGen3_A2.java
-rw-rw-r-- 1 travis travis   856 Sep  3 02:09 ModularCodeGen3_A2.mk
-rw-rw-r-- 1 travis travis  1445 Sep  3 02:09 ModularCodeGen3_A2_profile.class
-rw-rw-r-- 1 travis travis  1716 Sep  3 02:09 ModularCodeGen3_A2_profile.java
-rw-rw-r-- 1 travis travis  3794 Sep  3 02:09 ModularCodeGen4_A1_B1.class
-rw-rw-r-- 1 travis travis 10312 Sep  3 02:09 ModularCodeGen4_A1_B1.java
-rw-rw-r-- 1 travis travis   880 Sep  3 02:09 ModularCodeGen4_A1_B1.mk
-rw-rw-r-- 1 travis travis  1330 Sep  3 02:09 ModularCodeGen4_A1_B1_profile.class
-rw-rw-r-- 1 travis travis  1273 Sep  3 02:09 ModularCodeGen4_A1_B1_profile.java
-rw-rw-r-- 1 travis travis  3794 Sep  3 02:09 ModularCodeGen4_A1_B2.class
-rw-rw-r-- 1 travis travis 10312 Sep  3 02:09 ModularCodeGen4_A1_B2.java
-rw-rw-r-- 1 travis travis   880 Sep  3 02:09 ModularCodeGen4_A1_B2.mk
-rw-rw-r-- 1 travis travis  1330 Sep  3 02:09 ModularCodeGen4_A1_B2_profile.class
-rw-rw-r-- 1 travis travis  1273 Sep  3 02:09 ModularCodeGen4_A1_B2_profile.java
-rw-rw-r-- 1 travis travis  5101 Sep  3 02:09 ModularCodeGen4_A1.class
-rw-rw-r-- 1 travis travis 16245 Sep  3 02:09 ModularCodeGen4_A1.java
-rw-rw-r-- 1 travis travis   856 Sep  3 02:09 ModularCodeGen4_A1.mk
-rw-rw-r-- 1 travis travis  1445 Sep  3 02:09 ModularCodeGen4_A1_profile.class
-rw-rw-r-- 1 travis travis  1712 Sep  3 02:09 ModularCodeGen4_A1_profile.java
-rw-rw-r-- 1 travis travis  3988 Sep  3 02:09 ModularCodeGen4_A2_B1.class
-rw-rw-r-- 1 travis travis 11375 Sep  3 02:09 ModularCodeGen4_A2_B1.java
-rw-rw-r-- 1 travis travis   880 Sep  3 02:09 ModularCodeGen4_A2_B1.mk
-rw-rw-r-- 1 travis travis  1393 Sep  3 02:09 ModularCodeGen4_A2_B1_profile.class
-rw-rw-r-- 1 travis travis  1454 Sep  3 02:09 ModularCodeGen4_A2_B1_profile.java
-rw-rw-r-- 1 travis travis  3842 Sep  3 02:10 ModularCodeGen4_A2_B2.class
-rw-rw-r-- 1 travis travis 10378 Sep  3 02:10 ModularCodeGen4_A2_B2.java
-rw-rw-r-- 1 travis travis   880 Sep  3 02:10 ModularCodeGen4_A2_B2.mk
-rw-rw-r-- 1 travis travis  1330 Sep  3 02:10 ModularCodeGen4_A2_B2_profile.class
-rw-rw-r-- 1 travis travis  1270 Sep  3 02:09 ModularCodeGen4_A2_B2_profile.java
-rw-rw-r-- 1 travis travis  5274 Sep  3 02:10 ModularCodeGen4_A2.class
-rw-rw-r-- 1 travis travis 16770 Sep  3 02:10 ModularCodeGen4_A2.java
-rw-rw-r-- 1 travis travis   856 Sep  3 02:10 ModularCodeGen4_A2.mk
-rw-rw-r-- 1 travis travis  1445 Sep  3 02:10 ModularCodeGen4_A2_profile.class
-rw-rw-r-- 1 travis travis  1712 Sep  3 02:10 ModularCodeGen4_A2_profile.java
-rw-rw-r-- 1 travis travis  6838 Sep  3 02:10 ModularCodeGen5_A_A.class
-rw-rw-r-- 1 travis travis 28721 Sep  3 02:10 ModularCodeGen5_A_A.java
-rw-rw-r-- 1 travis travis   864 Sep  3 02:10 ModularCodeGen5_A_A.mk
-rw-rw-r-- 1 travis travis  1520 Sep  3 02:10 ModularCodeGen5_A_A_profile.class
-rw-rw-r-- 1 travis travis  1815 Sep  3 02:10 ModularCodeGen5_A_A_profile.java
-rw-rw-r-- 1 travis travis  5115 Sep  3 02:10 ModularCodeGen5_A.class
-rw-rw-r-- 1 travis travis 13769 Sep  3 02:10 ModularCodeGen5_A.java
-rw-rw-r-- 1 travis travis   848 Sep  3 02:10 ModularCodeGen5_A.mk
-rw-rw-r-- 1 travis travis  1422 Sep  3 02:10 ModularCodeGen5_A_profile.class
-rw-rw-r-- 1 travis travis  1605 Sep  3 02:10 ModularCodeGen5_A_profile.java
-rw-rw-r-- 1 travis travis  4125 Sep  3 02:10 ModularCodeGen6_A_A2.class
-rw-rw-r-- 1 travis travis 11329 Sep  3 02:10 ModularCodeGen6_A_A2.java
-rw-rw-r-- 1 travis travis   872 Sep  3 02:10 ModularCodeGen6_A_A2.mk
-rw-rw-r-- 1 travis travis  1351 Sep  3 02:10 ModularCodeGen6_A_A2_profile.class
-rw-rw-r-- 1 travis travis  1364 Sep  3 02:10 ModularCodeGen6_A_A2_profile.java
-rw-rw-r-- 1 travis travis  4108 Sep  3 02:10 ModularCodeGen6_A_A.class
-rw-rw-r-- 1 travis travis 11221 Sep  3 02:10 ModularCodeGen6_A_A.java
-rw-rw-r-- 1 travis travis   864 Sep  3 02:10 ModularCodeGen6_A_A.mk
-rw-rw-r-- 1 travis travis  1348 Sep  3 02:10 ModularCodeGen6_A_A_profile.class
-rw-rw-r-- 1 travis travis  1361 Sep  3 02:10 ModularCodeGen6_A_A_profile.java
-rw-rw-r-- 1 travis travis  7237 Sep  3 02:10 ModularCodeGen6_A.class
-rw-rw-r-- 1 travis travis 26535 Sep  3 02:10 ModularCodeGen6_A.java
-rw-rw-r-- 1 travis travis   848 Sep  3 02:10 ModularCodeGen6_A.mk
-rw-rw-r-- 1 travis travis  1483 Sep  3 02:10 ModularCodeGen6_A_profile.class
-rw-rw-r-- 1 travis travis  1810 Sep  3 02:10 ModularCodeGen6_A_profile.java
-rw-rw-r-- 1 travis travis  9439 Sep  3 02:10 ModularCodeGenLazyPubSubGlobal_CompositeActor_ModularCodeGenTypedComposite.class
-rw-rw-r-- 1 travis travis 30161 Sep  3 02:10 ModularCodeGenLazyPubSubGlobal_CompositeActor_ModularCodeGenTypedComposite.java
-rw-rw-r-- 1 travis travis  1304 Sep  3 02:10 ModularCodeGenLazyPubSubGlobal_CompositeActor_ModularCodeGenTypedComposite.mk
-rw-rw-r-- 1 travis travis  1438 Sep  3 02:10 ModularCodeGenLazyPubSubGlobal_CompositeActor_ModularCodeGenTypedComposite_profile.class
-rw-rw-r-- 1 travis travis  1384 Sep  3 02:10 ModularCodeGenLazyPubSubGlobal_CompositeActor_ModularCodeGenTypedComposite_profile.java
-rw-rw-r-- 1 travis travis  3952 Sep  3 02:10 ModularCodeGenLazyPubSub_LazyCompositeActor.class
-rw-rw-r-- 1 travis travis 11122 Sep  3 02:10 ModularCodeGenLazyPubSub_LazyCompositeActor.java
-rw-rw-r-- 1 travis travis  1056 Sep  3 02:10 ModularCodeGenLazyPubSub_LazyCompositeActor.mk
-rw-rw-r-- 1 travis travis  1286 Sep  3 02:10 ModularCodeGenLazyPubSub_LazyCompositeActor_profile.class
-rw-rw-r-- 1 travis travis  1091 Sep  3 02:10 ModularCodeGenLazyPubSub_LazyCompositeActor_profile.java
-rw-rw-r-- 1 travis travis  3954 Sep  3 02:09 ModularCodeGen_ModularCodeGenTypedCompositeActor.class
-rw-rw-r-- 1 travis travis 10970 Sep  3 02:09 ModularCodeGen_ModularCodeGenTypedCompositeActor.java
-rw-rw-r-- 1 travis travis  1096 Sep  3 02:09 ModularCodeGen_ModularCodeGenTypedCompositeActor.mk
-rw-rw-r-- 1 travis travis  1384 Sep  3 02:09 ModularCodeGen_ModularCodeGenTypedCompositeActor_profile.class
-rw-rw-r-- 1 travis travis  1328 Sep  3 02:09 ModularCodeGen_ModularCodeGenTypedCompositeActor_profile.java
-rw-rw-r-- 1 travis travis  3441 Sep  3 02:10 ModularCodeGenPubSub2_A1_A.class
-rw-rw-r-- 1 travis travis  8578 Sep  3 02:10 ModularCodeGenPubSub2_A1_A.java
-rw-rw-r-- 1 travis travis   920 Sep  3 02:10 ModularCodeGenPubSub2_A1_A.mk
-rw-rw-r-- 1 travis travis  1274 Sep  3 02:10 ModularCodeGenPubSub2_A1_A_profile.class
-rw-rw-r-- 1 travis travis  1128 Sep  3 02:10 ModularCodeGenPubSub2_A1_A_profile.java
-rw-rw-r-- 1 travis travis  3733 Sep  3 02:10 ModularCodeGenPubSub2_A1.class
-rw-rw-r-- 1 travis travis  9781 Sep  3 02:10 ModularCodeGenPubSub2_A1.java
-rw-rw-r-- 1 travis travis   904 Sep  3 02:10 ModularCodeGenPubSub2_A1.mk
-rw-rw-r-- 1 travis travis  1268 Sep  3 02:10 ModularCodeGenPubSub2_A1_profile.class
-rw-rw-r-- 1 travis travis  1196 Sep  3 02:10 ModularCodeGenPubSub2_A1_profile.java
-rw-rw-r-- 1 travis travis  3437 Sep  3 02:10 ModularCodeGenPubSub3_A1_A2.class
-rw-rw-r-- 1 travis travis  8599 Sep  3 02:10 ModularCodeGenPubSub3_A1_A2.java
-rw-rw-r-- 1 travis travis   928 Sep  3 02:10 ModularCodeGenPubSub3_A1_A2.mk
-rw-rw-r-- 1 travis travis  1287 Sep  3 02:10 ModularCodeGenPubSub3_A1_A2_profile.class
-rw-rw-r-- 1 travis travis  1132 Sep  3 02:10 ModularCodeGenPubSub3_A1_A2_profile.java
-rw-rw-r-- 1 travis travis  3856 Sep  3 02:10 ModularCodeGenPubSub3_A1.class
-rw-rw-r-- 1 travis travis 10100 Sep  3 02:10 ModularCodeGenPubSub3_A1.java
-rw-rw-r-- 1 travis travis   904 Sep  3 02:10 ModularCodeGenPubSub3_A1.mk
-rw-rw-r-- 1 travis travis  1358 Sep  3 02:10 ModularCodeGenPubSub3_A1_profile.class
-rw-rw-r-- 1 travis travis  1400 Sep  3 02:10 ModularCodeGenPubSub3_A1_profile.java
-rw-rw-r-- 1 travis travis  1128 Sep  3 02:10 ModularCodeGenPubSub4_A1_A_profile.java
-rw-rw-r-- 1 travis travis  3475 Sep  3 02:10 ModularCodeGenPubSub_A1.class
-rw-rw-r-- 1 travis travis  9060 Sep  3 02:10 ModularCodeGenPubSub_A1.java
-rw-rw-r-- 1 travis travis   896 Sep  3 02:10 ModularCodeGenPubSub_A1.mk
-rw-rw-r-- 1 travis travis  1278 Sep  3 02:10 ModularCodeGenPubSub_A1_profile.class
-rw-rw-r-- 1 travis travis  1195 Sep  3 02:10 ModularCodeGenPubSub_A1_profile.java
-rw-rw-r-- 1 travis travis  3492 Sep  3 02:08 ModularCodeGenTest_A1_A2.class
-rw-rw-r-- 1 travis travis  9164 Sep  3 02:08 ModularCodeGenTest_A1_A2.java
-rw-rw-r-- 1 travis travis   904 Sep  3 02:08 ModularCodeGenTest_A1_A2.mk
-rw-rw-r-- 1 travis travis  1306 Sep  3 02:08 ModularCodeGenTest_A1_A2_profile.class
-rw-rw-r-- 1 travis travis  1228 Sep  3 02:08 ModularCodeGenTest_A1_A2_profile.java
-rw-rw-r-- 1 travis travis  3823 Sep  3 02:09 ModularCodeGenTest_A1.class
-rw-rw-r-- 1 travis travis  9968 Sep  3 02:09 ModularCodeGenTest_A1.java
-rw-rw-r-- 1 travis travis   880 Sep  3 02:09 ModularCodeGenTest_A1.mk
-rw-rw-r-- 1 travis travis  1352 Sep  3 02:09 ModularCodeGenTest_A1_profile.class
-rw-rw-r-- 1 travis travis  1394 Sep  3 02:08 ModularCodeGenTest_A1_profile.java
-rw-rw-r-- 1 travis travis   432 Sep  3 02:10 Token.class
-rw-rw-r-- 1 travis travis   251 Sep  3 02:10 Token.java
warning: Supported source version 'RELEASE_6' from annotation processor 'org.netbeans.modules.openide.util.NbBundleProcessor' less than -source '1.8'
warning: Supported source version 'RELEASE_6' from annotation processor 'org.netbeans.modules.openide.util.URLStreamHandlerRegistrationProcessor' less than -source '1.8'
warning: Supported source version 'RELEASE_6' from annotation processor 'org.netbeans.modules.openide.util.ServiceProviderProcessor' less than -source '1.8'
3 warnings
All Done
Writing ModularCodeGenPubSub4_A1_A.java in file:/home/travis/cg/ (8578 characters)
Reading "ptolemy/cg/kernel/generic/program/procedural/java/modular/makefile.in",
    writing "/home/travis/cg/ModularCodeGenPubSub4_A1_A.mk"
Using ptolemy/cg/kernel/generic/program/procedural/java/modular/makefile.in
In "/home/travis/cg", about to execute:
    make -f ModularCodeGenPubSub4_A1_A.mk
javac -classpath ".:.."    ModularCodeGenPubSub4_A1_A.java
All Done
In "/home/travis/cg", about to execute:
    pwd
In "/home/travis/cg", about to execute:
    ls -l
/home/travis/cg
In "/home/travis/cg", about to execute:
    javac -classpath
.:/home/travis/build/icyphy/ptII:/home/travis/build/icyphy/ptII/lib/bsh-2.0b4.j
ar:/home/travis/build/icyphy/ptII/lib/ptCal.jar:/home/travis/build/icyphy/ptII/
lib/java_cup.jar:/home/travis/build/icyphy/ptII/lib/saxon8.jar:/home/travis/bui
ld/icyphy/ptII/lib/saxon8-dom.jar:/home/travis/build/icyphy/ptII/lib/chic.jar:/
home/travis/build/icyphy/ptII/lib/ptcolt.jar:/usr/lib/jvm/java-8-oracle/lib/too
ls.jar:/usr/lib/eclipse/plugins/org.eclipse.jdt.core_3.8.2.dist.jar:/usr/lib/ec
lipse/plugins/org.eclipse.core.runtime_3.8.0.dist.jar:/usr/lib/eclipse/plugins/
org.eclipse.osgi_3.8.1.dist.jar:/usr/lib/eclipse/plugins/org.eclipse.core.resou
rces_3.8.1.dist.jar:/usr/lib/eclipse/plugins/org.eclipse.equinox.common_3.6.100
.dist.jar:/usr/lib/eclipse/plugins/org.eclipse.core.jobs_3.5.200.dist.jar:/usr/
lib/eclipse/plugins/org.eclipse.core.contenttype_3.4.200.dist.jar:/usr/lib/ecli
pse/plugins/org.eclipse.equinox.preferences_3.5.0.dist.jar:/usr/lib/eclipse/plu
gins/org.eclipse.text_3.5.200.dist.jar:/usr/lib/eclipse/plugins/org.eclipse.ui.
workbench_3.8.1.dist.jar:/usr/lib/eclipse/plugins/org.eclipse.jface_3.8.0.dist.
jar:/usr/lib/eclipse/plugins/org.eclipse.swt_3.8.2.jar:/usr/lib/eclipse/plugins
/org.eclipse.jface.text_3.8.1.dist.jar:/usr/lib/eclipse/plugins/org.eclipse.ui.
workbench.texteditor_3.8.0.dist.jar:/usr/lib/eclipse/plugins/org.eclipse.ui.edi
tors_3.8.0.dist.jar:/usr/lib/eclipse/plugins/org.eclipse.core.commands_3.6.1.di
st.jar:/usr/lib/eclipse/plugins/org.eclipse.equinox.registry_3.5.200.dist.jar:/
usr/lib/eclipse/plugins/org.eclipse.ui.console_3.5.100.dist.jar:/usr/lib/eclips
e/plugins/org.eclipse.ui.forms_3.5.200.dist.jar:/usr/lib/eclipse/plugins/org.ec
lipse.ui.ide_3.8.1.dist.jar:/home/travis/build/icyphy/ptII/vendors/oracle/dbxml
.jar:/home/travis/build/icyphy/ptII/vendors/oracle/db.jar:/home/travis/build/ic
yphy/ptII/vendors/misc/itext/iText.jar:/home/travis/build/icyphy/ptII/lib/g4ltl
.jar:/home/travis/build/icyphy/ptII/lib/StructuralCoder.jar:/home/travis/build/
icyphy/ptII/lib/org-openide-util.jar:/home/travis/build/icyphy/ptII/lib/org-ope
nide-util-lookup.jar:/home/travis/build/icyphy/ptII/lib/org-netbeans-api-visual
.jar:/home/travis/build/icyphy/ptII/vendors/jai-1_1_2_01/lib/jai_core.jar:/home
/travis/build/icyphy/ptII/vendors/jai-1_1_2_01/lib/jai_codec.jar:/home/travis/b
uild/icyphy/ptII/lib/jcerti.jar:/home/travis/build/icyphy/ptII/lib/smack.jar:/h
ome/travis/build/icyphy/ptII/lib/smackx.jar:/home/travis/build/icyphy/ptII/lib/
jetty-all-8.1.5-v20120716.jar:/home/travis/build/icyphy/ptII/lib/javax.servlet-
api-3.0.1.jar:/home/travis/build/icyphy/ptII/lib/javax.mail.jar:/home/travis/bu
ild/icyphy/ptII/vendors/JMF-2.1.1e/lib/jmf.jar:/home/travis/build/icyphy/ptII/l
ib/jna-4.0.0-variadic.jar:/home/travis/build/icyphy/ptII/vendors/misc/joystick/
Joystick.jar:/home/travis/build/icyphy/ptII/lib/ptjacl.jar:/home/travis/build/i
cyphy/ptII/lib/jsoup-1.8.2.jar:/home/travis/build/icyphy/ptII/lib/junit-4.8.2.j
ar:/home/travis/build/icyphy/ptII/lib/JUnitParams-0.4.0.jar:/home/travis/build/
icyphy/ptII/ptolemy/actor/lib/excel/jxl.jar:/home/travis/build/icyphy/ptII/lib/
jython.jar:/home/travis/build/icyphy/ptII/lib/kieler.jar:/home/travis/build/icy
phy/ptII/vendors/opencv/share/OpenCV/java/opencv-341.jar:/home/travis/build/icy
phy/ptII/lib/oscP5.jar:/home/travis/build/icyphy/ptII/lib/nrjavaserial-3.11.0.d
evel.jar:/home/travis/build/icyphy/ptII/vendors/j3d/lib/j3dcore.jar:/home/travi
s/build/icyphy/ptII/vendors/j3d/lib/j3dutils.jar:/home/travis/build/icyphy/ptII
/vendors/j3d/lib/vecmath.jar:/home/travis/build/icyphy/ptII/ptolemy/distributed
/jini/jar/jini-core.jar:/home/travis/build/icyphy/ptII/ptolemy/distributed/jini
/jar/jini-ext.jar:/home/travis/build/icyphy/ptII/ptolemy/distributed/jini/jar/s
un-util.jar:/home/travis/build/icyphy/ptII/lib/protobuf-java-2.4.1.jar:/home/tr
avis/build/icyphy/ptII/lib/org.eclipse.paho.client.mqttv3.jar:/home/travis/buil
d/icyphy/ptII/ptserver/lib/hessian-4.0.7.jar:/home/travis/build/icyphy/ptII/pts
erver/lib/wmqtt.jar:/home/travis/build/icyphy/ptII/lib/mapss.jar:/home/travis/b
uild/icyphy/ptII/ptolemy/actor/ptalon/antlr/antlr.jar:/home/travis/build/icyphy
/ptII/lib/JRI.jar:/home/travis/build/icyphy/ptII/lib/commons-lang-2.6.jar:/home
/travis/build/icyphy/ptII/lib/commons-logging-1.1.1.jar:/home/travis/build/icyp
hy/ptII/lib/sootclasses.jar:/home/travis/build/icyphy/ptII/ptolemy/actor/lib/da
tabase/mysql-connector-java-5.1.6-bin.jar:/home/travis/build/icyphy/ptII/vendor
s/misc/sphinx4/sphinx4-data-5prealpha.jar:/home/travis/build/icyphy/ptII/vendor
s/misc/sphinx4/sphinx4-core-5prealpha.jar:/home/travis/build/icyphy/ptII/lib/PD
FRenderer.jar:/home/travis/build/icyphy/ptII/lib/svgSalamander.jar:/home/travis
/build/icyphy/ptII/lib/rsyntaxtextarea-2.6.0-SNAPSHOT.jar:/home/travis/build/ic
yphy/ptII/lib/hazelcast-3.8.2.jar:/home/travis/build/icyphy/ptII/lib/jackson-an
notations-2.9.0.jar:/home/travis/build/icyphy/ptII/lib/jackson-core-2.9.3.jar:/
home/travis/build/icyphy/ptII/lib/jackson-databind-2.9.3.jar:/home/travis/build
/icyphy/ptII/lib/netty-buffer-4.1.19.Final.jar:/home/travis/build/icyphy/ptII/l
ib/netty-codec-4.1.19.Final.jar:/home/travis/build/icyphy/ptII/lib/netty-codec-
dns-4.1.19.Final.jar:/home/travis/build/icyphy/ptII/lib/netty-codec-http-4.1.19
.Final.jar:/home/travis/build/icyphy/ptII/lib/netty-codec-http2-4.1.19.Final.ja
r:/home/travis/build/icyphy/ptII/lib/netty-common-4.1.19.Final.jar:/home/travis
/build/icyphy/ptII/lib/netty-handler-4.1.19.Final.jar:/home/travis/build/icyphy
/ptII/lib/netty-resolver-4.1.19.Final.jar:/home/travis/build/icyphy/ptII/lib/ne
tty-resolver-dns-4.1.19.Final.jar:/home/travis/build/icyphy/ptII/lib/netty-tran
sport-4.1.19.Final.jar:/home/travis/build/icyphy/ptII/lib/vertx-codegen-3.5.1.j
ar:/home/travis/build/icyphy/ptII/lib/vertx-core-3.5.2-SNAPSHOT.jar:/home/travi
s/build/icyphy/ptII/lib/vertx-hazelcast-3.5.1.jar:/home/travis/build/icyphy/ptI
I/lib/vertx-lang-js-3.5.1.jar:/home/travis/build/icyphy/ptII/lib/vertx-service-
proxy-3.5.1.jar:/home/travis/build/icyphy/ptII/lib/vertx-web-3.5.1.jar:/home/tr
avis/build/icyphy/ptII/lib/slf4j-api-1.7.13.jar:/home/travis/build/icyphy/ptII/
lib/slf4j-simple-1.7.13.jar:/home/travis/build/icyphy/ptII/lib/webcam-capture-0
.3.12.jar:/home/travis/build/icyphy/ptII/lib/bridj-0.7.0.jar:/home/travis/build
/icyphy/ptII/lib/xbjlib-1.1.0.nrjavaserial.jar:/home/travis/build/icyphy/ptII/p
tolemy/moml/test:/home/travis/build/icyphy/ptII/ant/lib/ant-launcher.jar:/home/
travis/build/icyphy/ptII/ant/lib/ant.jar:/home/travis/build/icyphy/ptII/ant/lib
/ant-junit.jar:/home/travis/build/icyphy/ptII/ant/lib/ant-junit4.jar:/home/trav
is/build/icyphy/ptII ModularCodeGenPubSub4_A1_profile.java
total 1376
-rw-rw-r-- 1 travis travis   233 Sep  3 02:10 Array.class
-rw-rw-r-- 1 travis travis   459 Sep  3 02:10 Array.java
-rw-rw-r-- 1 travis travis  4895 Sep  3 02:09 CompiledCompositeActor_CompiledCompositeActor.class
-rw-rw-r-- 1 travis travis  1592 Sep  3 02:09 CompiledCompositeActor_CompiledCompositeActor$_CompiledCompositeActor_CompiledCompositeActor.class
-rw-rw-r-- 1 travis travis 13466 Sep  3 02:09 CompiledCompositeActor_CompiledCompositeActor.java
-rw-rw-r-- 1 travis travis  1593 Sep  3 02:09 CompiledCompositeActor_CompiledCompositeActor.mk
-rw-rw-r-- 1 travis travis  4457 Sep  3 02:09 JavaCompiledCompositeTest1_CompiledCompositeActor.class
-rw-rw-r-- 1 travis travis 11637 Sep  3 02:09 JavaCompiledCompositeTest1_CompiledCompositeActor.java
-rw-rw-r-- 1 travis travis  1198 Sep  3 02:09 JavaCompiledCompositeTest1_CompiledCompositeActor$_JavaCompiledCompositeTest1_CompiledCompositeActor.class
-rw-rw-r-- 1 travis travis  1625 Sep  3 02:09 JavaCompiledCompositeTest1_CompiledCompositeActor.mk
-rw-rw-r-- 1 travis travis  4888 Sep  3 02:09 JavaCompiledCompositeTest2_CompiledCompositeActor.class
-rw-rw-r-- 1 travis travis 14919 Sep  3 02:09 JavaCompiledCompositeTest2_CompiledCompositeActor.java
-rw-rw-r-- 1 travis travis  1793 Sep  3 02:09 JavaCompiledCompositeTest2_CompiledCompositeActor$_JavaCompiledCompositeTest2_CompiledCompositeActor.class
-rw-rw-r-- 1 travis travis  1625 Sep  3 02:09 JavaCompiledCompositeTest2_CompiledCompositeActor.mk
-rw-rw-r-- 1 travis travis  4505 Sep  3 02:09 JavaCompiledCompositeTest3_CompiledCompositeActor.class
-rw-rw-r-- 1 travis travis 13080 Sep  3 02:09 JavaCompiledCompositeTest3_CompiledCompositeActor.java
-rw-rw-r-- 1 travis travis  1378 Sep  3 02:09 JavaCompiledCompositeTest3_CompiledCompositeActor$_JavaCompiledCompositeTest3_CompiledCompositeActor.class
-rw-rw-r-- 1 travis travis  1625 Sep  3 02:09 JavaCompiledCompositeTest3_CompiledCompositeActor.mk
-rw-rw-r-- 1 travis travis  3953 Sep  3 02:09 JavaCompiledCompositeTest4_CompiledCompositeActor.class
-rw-rw-r-- 1 travis travis  9687 Sep  3 02:09 JavaCompiledCompositeTest4_CompiledCompositeActor.java
-rw-rw-r-- 1 travis travis   857 Sep  3 02:09 JavaCompiledCompositeTest4_CompiledCompositeActor$_JavaCompiledCompositeTest4_CompiledCompositeActor.class
-rw-rw-r-- 1 travis travis  1625 Sep  3 02:09 JavaCompiledCompositeTest4_CompiledCompositeActor.mk
-rw-rw-r-- 1 travis travis  3693 Sep  3 02:09 ModularCG_A1_B1.class
-rw-rw-r-- 1 travis travis  9730 Sep  3 02:09 ModularCG_A1_B1.java
-rw-rw-r-- 1 travis travis   832 Sep  3 02:09 ModularCG_A1_B1.mk
-rw-rw-r-- 1 travis travis  1318 Sep  3 02:09 ModularCG_A1_B1_profile.class
-rw-rw-r-- 1 travis travis  1262 Sep  3 02:09 ModularCG_A1_B1_profile.java
-rw-rw-r-- 1 travis travis  3693 Sep  3 02:09 ModularCG_A1_B2.class
-rw-rw-r-- 1 travis travis  9730 Sep  3 02:09 ModularCG_A1_B2.java
-rw-rw-r-- 1 travis travis   832 Sep  3 02:09 ModularCG_A1_B2.mk
-rw-rw-r-- 1 travis travis  1318 Sep  3 02:09 ModularCG_A1_B2_profile.class
-rw-rw-r-- 1 travis travis  1262 Sep  3 02:09 ModularCG_A1_B2_profile.java
-rw-rw-r-- 1 travis travis  4799 Sep  3 02:09 ModularCG_A1.class
-rw-rw-r-- 1 travis travis 14742 Sep  3 02:09 ModularCG_A1.java
-rw-rw-r-- 1 travis travis   808 Sep  3 02:09 ModularCG_A1.mk
-rw-rw-r-- 1 travis travis  1433 Sep  3 02:09 ModularCG_A1_profile.class
-rw-rw-r-- 1 travis travis  1704 Sep  3 02:09 ModularCG_A1_profile.java
-rw-rw-r-- 1 travis travis  3827 Sep  3 02:09 ModularCG_A2_B1.class
-rw-rw-r-- 1 travis travis 10667 Sep  3 02:09 ModularCG_A2_B1.java
-rw-rw-r-- 1 travis travis   832 Sep  3 02:09 ModularCG_A2_B1.mk
-rw-rw-r-- 1 travis travis  1381 Sep  3 02:09 ModularCG_A2_B1_profile.class
-rw-rw-r-- 1 travis travis  1446 Sep  3 02:09 ModularCG_A2_B1_profile.java
-rw-rw-r-- 1 travis travis  3693 Sep  3 02:09 ModularCG_A2_B2.class
-rw-rw-r-- 1 travis travis  9730 Sep  3 02:09 ModularCG_A2_B2.java
-rw-rw-r-- 1 travis travis   832 Sep  3 02:09 ModularCG_A2_B2.mk
-rw-rw-r-- 1 travis travis  1318 Sep  3 02:09 ModularCG_A2_B2_profile.class
-rw-rw-r-- 1 travis travis  1262 Sep  3 02:09 ModularCG_A2_B2_profile.java
-rw-rw-r-- 1 travis travis  4870 Sep  3 02:09 ModularCG_A2.class
-rw-rw-r-- 1 travis travis 15129 Sep  3 02:09 ModularCG_A2.java
-rw-rw-r-- 1 travis travis   808 Sep  3 02:09 ModularCG_A2.mk
-rw-rw-r-- 1 travis travis  1433 Sep  3 02:09 ModularCG_A2_profile.class
-rw-rw-r-- 1 travis travis  1704 Sep  3 02:09 ModularCG_A2_profile.java
-rw-rw-r-- 1 travis travis  3473 Sep  3 02:09 ModularCGPubSub_A1_A2.class
-rw-rw-r-- 1 travis travis  9076 Sep  3 02:09 ModularCGPubSub_A1_A2.java
-rw-rw-r-- 1 travis travis   880 Sep  3 02:09 ModularCGPubSub_A1_A2.mk
-rw-rw-r-- 1 travis travis  1300 Sep  3 02:09 ModularCGPubSub_A1_A2_profile.class
-rw-rw-r-- 1 travis travis  1222 Sep  3 02:09 ModularCGPubSub_A1_A2_profile.java
-rw-rw-r-- 1 travis travis  3790 Sep  3 02:09 ModularCGPubSub_A1.class
-rw-rw-r-- 1 travis travis  9836 Sep  3 02:09 ModularCGPubSub_A1.java
-rw-rw-r-- 1 travis travis   856 Sep  3 02:09 ModularCGPubSub_A1.mk
-rw-rw-r-- 1 travis travis  1346 Sep  3 02:09 ModularCGPubSub_A1_profile.class
-rw-rw-r-- 1 travis travis  1388 Sep  3 02:09 ModularCGPubSub_A1_profile.java
-rw-rw-r-- 1 travis travis  3988 Sep  3 02:09 ModularCodeGen2_ModularCodeGenTypedCompositeActor.class
-rw-rw-r-- 1 travis travis 11690 Sep  3 02:09 ModularCodeGen2_ModularCodeGenTypedCompositeActor.java
-rw-rw-r-- 1 travis travis  1104 Sep  3 02:09 ModularCodeGen2_ModularCodeGenTypedCompositeActor.mk
-rw-rw-r-- 1 travis travis  4272 Sep  3 02:09 ModularCodeGen2_ModularCodeGenTypedCompositeActor_ModularCodeGenTypedCompositeActor.class
-rw-rw-r-- 1 travis travis 11790 Sep  3 02:09 ModularCodeGen2_ModularCodeGenTypedCompositeActor_ModularCodeGenTypedCompositeActor.java
-rw-rw-r-- 1 travis travis  1376 Sep  3 02:09 ModularCodeGen2_ModularCodeGenTypedCompositeActor_ModularCodeGenTypedCompositeActor.mk
-rw-rw-r-- 1 travis travis  1421 Sep  3 02:09 ModularCodeGen2_ModularCodeGenTypedCompositeActor_ModularCodeGenTypedCompositeActor_profile.class
-rw-rw-r-- 1 travis travis  1294 Sep  3 02:09 ModularCodeGen2_ModularCodeGenTypedCompositeActor_ModularCodeGenTypedCompositeActor_profile.java
-rw-rw-r-- 1 travis travis   820 Sep  3 02:09 ModularCodeGen2_ModularCodeGenTypedCompositeActor_profile.class
-rw-rw-r-- 1 travis travis   693 Sep  3 02:09 ModularCodeGen2_ModularCodeGenTypedCompositeActor_profile.java
-rw-rw-r-- 1 travis travis  3741 Sep  3 02:09 ModularCodeGen3_A1_B1.class
-rw-rw-r-- 1 travis travis  9958 Sep  3 02:09 ModularCodeGen3_A1_B1.java
-rw-rw-r-- 1 travis travis   880 Sep  3 02:09 ModularCodeGen3_A1_B1.mk
-rw-rw-r-- 1 travis travis  1330 Sep  3 02:09 ModularCodeGen3_A1_B1_profile.class
-rw-rw-r-- 1 travis travis  1274 Sep  3 02:09 ModularCodeGen3_A1_B1_profile.java
-rw-rw-r-- 1 travis travis  3741 Sep  3 02:09 ModularCodeGen3_A1_B2.class
-rw-rw-r-- 1 travis travis  9958 Sep  3 02:09 ModularCodeGen3_A1_B2.java
-rw-rw-r-- 1 travis travis   880 Sep  3 02:09 ModularCodeGen3_A1_B2.mk
-rw-rw-r-- 1 travis travis  1330 Sep  3 02:09 ModularCodeGen3_A1_B2_profile.class
-rw-rw-r-- 1 travis travis  1274 Sep  3 02:09 ModularCodeGen3_A1_B2_profile.java
-rw-rw-r-- 1 travis travis  4961 Sep  3 02:09 ModularCodeGen3_A1.class
-rw-rw-r-- 1 travis travis 15564 Sep  3 02:09 ModularCodeGen3_A1.java
-rw-rw-r-- 1 travis travis   856 Sep  3 02:09 ModularCodeGen3_A1.mk
-rw-rw-r-- 1 travis travis  1445 Sep  3 02:09 ModularCodeGen3_A1_profile.class
-rw-rw-r-- 1 travis travis  1716 Sep  3 02:09 ModularCodeGen3_A1_profile.java
-rw-rw-r-- 1 travis travis  3887 Sep  3 02:09 ModularCodeGen3_A2_B1.class
-rw-rw-r-- 1 travis travis 10955 Sep  3 02:09 ModularCodeGen3_A2_B1.java
-rw-rw-r-- 1 travis travis   880 Sep  3 02:09 ModularCodeGen3_A2_B1.mk
-rw-rw-r-- 1 travis travis  1393 Sep  3 02:09 ModularCodeGen3_A2_B1_profile.class
-rw-rw-r-- 1 travis travis  1458 Sep  3 02:09 ModularCodeGen3_A2_B1_profile.java
-rw-rw-r-- 1 travis travis  3741 Sep  3 02:09 ModularCodeGen3_A2_B2.class
-rw-rw-r-- 1 travis travis  9958 Sep  3 02:09 ModularCodeGen3_A2_B2.java
-rw-rw-r-- 1 travis travis   880 Sep  3 02:09 ModularCodeGen3_A2_B2.mk
-rw-rw-r-- 1 travis travis  1330 Sep  3 02:09 ModularCodeGen3_A2_B2_profile.class
-rw-rw-r-- 1 travis travis  1274 Sep  3 02:09 ModularCodeGen3_A2_B2_profile.java
-rw-rw-r-- 1 travis travis  5038 Sep  3 02:09 ModularCodeGen3_A2.class
-rw-rw-r-- 1 travis travis 15957 Sep  3 02:09 ModularCodeGen3_A2.java
-rw-rw-r-- 1 travis travis   856 Sep  3 02:09 ModularCodeGen3_A2.mk
-rw-rw-r-- 1 travis travis  1445 Sep  3 02:09 ModularCodeGen3_A2_profile.class
-rw-rw-r-- 1 travis travis  1716 Sep  3 02:09 ModularCodeGen3_A2_profile.java
-rw-rw-r-- 1 travis travis  3794 Sep  3 02:09 ModularCodeGen4_A1_B1.class
-rw-rw-r-- 1 travis travis 10312 Sep  3 02:09 ModularCodeGen4_A1_B1.java
-rw-rw-r-- 1 travis travis   880 Sep  3 02:09 ModularCodeGen4_A1_B1.mk
-rw-rw-r-- 1 travis travis  1330 Sep  3 02:09 ModularCodeGen4_A1_B1_profile.class
-rw-rw-r-- 1 travis travis  1273 Sep  3 02:09 ModularCodeGen4_A1_B1_profile.java
-rw-rw-r-- 1 travis travis  3794 Sep  3 02:09 ModularCodeGen4_A1_B2.class
-rw-rw-r-- 1 travis travis 10312 Sep  3 02:09 ModularCodeGen4_A1_B2.java
-rw-rw-r-- 1 travis travis   880 Sep  3 02:09 ModularCodeGen4_A1_B2.mk
-rw-rw-r-- 1 travis travis  1330 Sep  3 02:09 ModularCodeGen4_A1_B2_profile.class
-rw-rw-r-- 1 travis travis  1273 Sep  3 02:09 ModularCodeGen4_A1_B2_profile.java
-rw-rw-r-- 1 travis travis  5101 Sep  3 02:09 ModularCodeGen4_A1.class
-rw-rw-r-- 1 travis travis 16245 Sep  3 02:09 ModularCodeGen4_A1.java
-rw-rw-r-- 1 travis travis   856 Sep  3 02:09 ModularCodeGen4_A1.mk
-rw-rw-r-- 1 travis travis  1445 Sep  3 02:09 ModularCodeGen4_A1_profile.class
-rw-rw-r-- 1 travis travis  1712 Sep  3 02:09 ModularCodeGen4_A1_profile.java
-rw-rw-r-- 1 travis travis  3988 Sep  3 02:09 ModularCodeGen4_A2_B1.class
-rw-rw-r-- 1 travis travis 11375 Sep  3 02:09 ModularCodeGen4_A2_B1.java
-rw-rw-r-- 1 travis travis   880 Sep  3 02:09 ModularCodeGen4_A2_B1.mk
-rw-rw-r-- 1 travis travis  1393 Sep  3 02:09 ModularCodeGen4_A2_B1_profile.class
-rw-rw-r-- 1 travis travis  1454 Sep  3 02:09 ModularCodeGen4_A2_B1_profile.java
-rw-rw-r-- 1 travis travis  3842 Sep  3 02:10 ModularCodeGen4_A2_B2.class
-rw-rw-r-- 1 travis travis 10378 Sep  3 02:10 ModularCodeGen4_A2_B2.java
-rw-rw-r-- 1 travis travis   880 Sep  3 02:10 ModularCodeGen4_A2_B2.mk
-rw-rw-r-- 1 travis travis  1330 Sep  3 02:10 ModularCodeGen4_A2_B2_profile.class
-rw-rw-r-- 1 travis travis  1270 Sep  3 02:09 ModularCodeGen4_A2_B2_profile.java
-rw-rw-r-- 1 travis travis  5274 Sep  3 02:10 ModularCodeGen4_A2.class
-rw-rw-r-- 1 travis travis 16770 Sep  3 02:10 ModularCodeGen4_A2.java
-rw-rw-r-- 1 travis travis   856 Sep  3 02:10 ModularCodeGen4_A2.mk
-rw-rw-r-- 1 travis travis  1445 Sep  3 02:10 ModularCodeGen4_A2_profile.class
-rw-rw-r-- 1 travis travis  1712 Sep  3 02:10 ModularCodeGen4_A2_profile.java
-rw-rw-r-- 1 travis travis  6838 Sep  3 02:10 ModularCodeGen5_A_A.class
-rw-rw-r-- 1 travis travis 28721 Sep  3 02:10 ModularCodeGen5_A_A.java
-rw-rw-r-- 1 travis travis   864 Sep  3 02:10 ModularCodeGen5_A_A.mk
-rw-rw-r-- 1 travis travis  1520 Sep  3 02:10 ModularCodeGen5_A_A_profile.class
-rw-rw-r-- 1 travis travis  1815 Sep  3 02:10 ModularCodeGen5_A_A_profile.java
-rw-rw-r-- 1 travis travis  5115 Sep  3 02:10 ModularCodeGen5_A.class
-rw-rw-r-- 1 travis travis 13769 Sep  3 02:10 ModularCodeGen5_A.java
-rw-rw-r-- 1 travis travis   848 Sep  3 02:10 ModularCodeGen5_A.mk
-rw-rw-r-- 1 travis travis  1422 Sep  3 02:10 ModularCodeGen5_A_profile.class
-rw-rw-r-- 1 travis travis  1605 Sep  3 02:10 ModularCodeGen5_A_profile.java
-rw-rw-r-- 1 travis travis  4125 Sep  3 02:10 ModularCodeGen6_A_A2.class
-rw-rw-r-- 1 travis travis 11329 Sep  3 02:10 ModularCodeGen6_A_A2.java
-rw-rw-r-- 1 travis travis   872 Sep  3 02:10 ModularCodeGen6_A_A2.mk
-rw-rw-r-- 1 travis travis  1351 Sep  3 02:10 ModularCodeGen6_A_A2_profile.class
-rw-rw-r-- 1 travis travis  1364 Sep  3 02:10 ModularCodeGen6_A_A2_profile.java
-rw-rw-r-- 1 travis travis  4108 Sep  3 02:10 ModularCodeGen6_A_A.class
-rw-rw-r-- 1 travis travis 11221 Sep  3 02:10 ModularCodeGen6_A_A.java
-rw-rw-r-- 1 travis travis   864 Sep  3 02:10 ModularCodeGen6_A_A.mk
-rw-rw-r-- 1 travis travis  1348 Sep  3 02:10 ModularCodeGen6_A_A_profile.class
-rw-rw-r-- 1 travis travis  1361 Sep  3 02:10 ModularCodeGen6_A_A_profile.java
-rw-rw-r-- 1 travis travis  7237 Sep  3 02:10 ModularCodeGen6_A.class
-rw-rw-r-- 1 travis travis 26535 Sep  3 02:10 ModularCodeGen6_A.java
-rw-rw-r-- 1 travis travis   848 Sep  3 02:10 ModularCodeGen6_A.mk
-rw-rw-r-- 1 travis travis  1483 Sep  3 02:10 ModularCodeGen6_A_profile.class
-rw-rw-r-- 1 travis travis  1810 Sep  3 02:10 ModularCodeGen6_A_profile.java
-rw-rw-r-- 1 travis travis  9439 Sep  3 02:10 ModularCodeGenLazyPubSubGlobal_CompositeActor_ModularCodeGenTypedComposite.class
-rw-rw-r-- 1 travis travis 30161 Sep  3 02:10 ModularCodeGenLazyPubSubGlobal_CompositeActor_ModularCodeGenTypedComposite.java
-rw-rw-r-- 1 travis travis  1304 Sep  3 02:10 ModularCodeGenLazyPubSubGlobal_CompositeActor_ModularCodeGenTypedComposite.mk
-rw-rw-r-- 1 travis travis  1438 Sep  3 02:10 ModularCodeGenLazyPubSubGlobal_CompositeActor_ModularCodeGenTypedComposite_profile.class
-rw-rw-r-- 1 travis travis  1384 Sep  3 02:10 ModularCodeGenLazyPubSubGlobal_CompositeActor_ModularCodeGenTypedComposite_profile.java
-rw-rw-r-- 1 travis travis  3952 Sep  3 02:10 ModularCodeGenLazyPubSub_LazyCompositeActor.class
-rw-rw-r-- 1 travis travis 11122 Sep  3 02:10 ModularCodeGenLazyPubSub_LazyCompositeActor.java
-rw-rw-r-- 1 travis travis  1056 Sep  3 02:10 ModularCodeGenLazyPubSub_LazyCompositeActor.mk
-rw-rw-r-- 1 travis travis  1286 Sep  3 02:10 ModularCodeGenLazyPubSub_LazyCompositeActor_profile.class
-rw-rw-r-- 1 travis travis  1091 Sep  3 02:10 ModularCodeGenLazyPubSub_LazyCompositeActor_profile.java
-rw-rw-r-- 1 travis travis  3954 Sep  3 02:09 ModularCodeGen_ModularCodeGenTypedCompositeActor.class
-rw-rw-r-- 1 travis travis 10970 Sep  3 02:09 ModularCodeGen_ModularCodeGenTypedCompositeActor.java
-rw-rw-r-- 1 travis travis  1096 Sep  3 02:09 ModularCodeGen_ModularCodeGenTypedCompositeActor.mk
-rw-rw-r-- 1 travis travis  1384 Sep  3 02:09 ModularCodeGen_ModularCodeGenTypedCompositeActor_profile.class
-rw-rw-r-- 1 travis travis  1328 Sep  3 02:09 ModularCodeGen_ModularCodeGenTypedCompositeActor_profile.java
-rw-rw-r-- 1 travis travis  3441 Sep  3 02:10 ModularCodeGenPubSub2_A1_A.class
-rw-rw-r-- 1 travis travis  8578 Sep  3 02:10 ModularCodeGenPubSub2_A1_A.java
-rw-rw-r-- 1 travis travis   920 Sep  3 02:10 ModularCodeGenPubSub2_A1_A.mk
-rw-rw-r-- 1 travis travis  1274 Sep  3 02:10 ModularCodeGenPubSub2_A1_A_profile.class
-rw-rw-r-- 1 travis travis  1128 Sep  3 02:10 ModularCodeGenPubSub2_A1_A_profile.java
-rw-rw-r-- 1 travis travis  3733 Sep  3 02:10 ModularCodeGenPubSub2_A1.class
-rw-rw-r-- 1 travis travis  9781 Sep  3 02:10 ModularCodeGenPubSub2_A1.java
-rw-rw-r-- 1 travis travis   904 Sep  3 02:10 ModularCodeGenPubSub2_A1.mk
-rw-rw-r-- 1 travis travis  1268 Sep  3 02:10 ModularCodeGenPubSub2_A1_profile.class
-rw-rw-r-- 1 travis travis  1196 Sep  3 02:10 ModularCodeGenPubSub2_A1_profile.java
-rw-rw-r-- 1 travis travis  3437 Sep  3 02:10 ModularCodeGenPubSub3_A1_A2.class
-rw-rw-r-- 1 travis travis  8599 Sep  3 02:10 ModularCodeGenPubSub3_A1_A2.java
-rw-rw-r-- 1 travis travis   928 Sep  3 02:10 ModularCodeGenPubSub3_A1_A2.mk
-rw-rw-r-- 1 travis travis  1287 Sep  3 02:10 ModularCodeGenPubSub3_A1_A2_profile.class
-rw-rw-r-- 1 travis travis  1132 Sep  3 02:10 ModularCodeGenPubSub3_A1_A2_profile.java
-rw-rw-r-- 1 travis travis  3856 Sep  3 02:10 ModularCodeGenPubSub3_A1.class
-rw-rw-r-- 1 travis travis 10100 Sep  3 02:10 ModularCodeGenPubSub3_A1.java
-rw-rw-r-- 1 travis travis   904 Sep  3 02:10 ModularCodeGenPubSub3_A1.mk
-rw-rw-r-- 1 travis travis  1358 Sep  3 02:10 ModularCodeGenPubSub3_A1_profile.class
-rw-rw-r-- 1 travis travis  1400 Sep  3 02:10 ModularCodeGenPubSub3_A1_profile.java
-rw-rw-r-- 1 travis travis  3441 Sep  3 02:10 ModularCodeGenPubSub4_A1_A.class
-rw-rw-r-- 1 travis travis  8578 Sep  3 02:10 ModularCodeGenPubSub4_A1_A.java
-rw-rw-r-- 1 travis travis   920 Sep  3 02:10 ModularCodeGenPubSub4_A1_A.mk
-rw-rw-r-- 1 travis travis  1274 Sep  3 02:10 ModularCodeGenPubSub4_A1_A_profile.class
-rw-rw-r-- 1 travis travis  1128 Sep  3 02:10 ModularCodeGenPubSub4_A1_A_profile.java
-rw-rw-r-- 1 travis travis  1137 Sep  3 02:10 ModularCodeGenPubSub4_A1_profile.java
-rw-rw-r-- 1 travis travis  3475 Sep  3 02:10 ModularCodeGenPubSub_A1.class
-rw-rw-r-- 1 travis travis  9060 Sep  3 02:10 ModularCodeGenPubSub_A1.java
-rw-rw-r-- 1 travis travis   896 Sep  3 02:10 ModularCodeGenPubSub_A1.mk
-rw-rw-r-- 1 travis travis  1278 Sep  3 02:10 ModularCodeGenPubSub_A1_profile.class
-rw-rw-r-- 1 travis travis  1195 Sep  3 02:10 ModularCodeGenPubSub_A1_profile.java
-rw-rw-r-- 1 travis travis  3492 Sep  3 02:08 ModularCodeGenTest_A1_A2.class
-rw-rw-r-- 1 travis travis  9164 Sep  3 02:08 ModularCodeGenTest_A1_A2.java
-rw-rw-r-- 1 travis travis   904 Sep  3 02:08 ModularCodeGenTest_A1_A2.mk
-rw-rw-r-- 1 travis travis  1306 Sep  3 02:08 ModularCodeGenTest_A1_A2_profile.class
-rw-rw-r-- 1 travis travis  1228 Sep  3 02:08 ModularCodeGenTest_A1_A2_profile.java
-rw-rw-r-- 1 travis travis  3823 Sep  3 02:09 ModularCodeGenTest_A1.class
-rw-rw-r-- 1 travis travis  9968 Sep  3 02:09 ModularCodeGenTest_A1.java
-rw-rw-r-- 1 travis travis   880 Sep  3 02:09 ModularCodeGenTest_A1.mk
-rw-rw-r-- 1 travis travis  1352 Sep  3 02:09 ModularCodeGenTest_A1_profile.class
-rw-rw-r-- 1 travis travis  1394 Sep  3 02:08 ModularCodeGenTest_A1_profile.java
-rw-rw-r-- 1 travis travis   432 Sep  3 02:10 Token.class
-rw-rw-r-- 1 travis travis   251 Sep  3 02:10 Token.java
warning: Supported source version 'RELEASE_6' from annotation processor 'org.netbeans.modules.openide.util.NbBundleProcessor' less than -source '1.8'
warning: Supported source version 'RELEASE_6' from annotation processor 'org.netbeans.modules.openide.util.URLStreamHandlerRegistrationProcessor' less than -source '1.8'
warning: Supported source version 'RELEASE_6' from annotation processor 'org.netbeans.modules.openide.util.ServiceProviderProcessor' less than -source '1.8'
3 warnings
All Done
Writing ModularCodeGenPubSub4_A1.java in file:/home/travis/cg/ (9231 characters)
Reading "ptolemy/cg/kernel/generic/program/procedural/java/modular/makefile.in",
    writing "/home/travis/cg/ModularCodeGenPubSub4_A1.mk"
Using ptolemy/cg/kernel/generic/program/procedural/java/modular/makefile.in
In "/home/travis/cg", about to execute:
    make -f ModularCodeGenPubSub4_A1.mk
javac -classpath ".:.."    ModularCodeGenPubSub4_A1.java
All Done
4343 ms. Memory: 144896K Free: 65650K (45%)
----------------- Invoking toplevel() on ptolemy.moml.MoMLSimpleApplication@20ea2b0f
----------------- Done invoking toplevel() on ptolemy.moml.MoMLSimpleApplication@20ea2b0f
reloadAllAccessors: .ModularCodeGenPubSub4

===========================================================================================
----------------- testing Mon Sep 03 02:10:37 UTC 2018 /home/travis/build/icyphy/ptII/ptolemy/cg/lib/test/auto/PubSubAggLazy.xml
----------------- Instantiating /home/travis/build/icyphy/ptII/ptolemy/cg/lib/test/auto/PubSubAggLazy.xml
6 ms. Memory: 144896K Free: 58928K (41%)
----------------- Invoking toplevel() on ptolemy.moml.MoMLSimpleApplication@ceb2cb
----------------- Done invoking toplevel() on ptolemy.moml.MoMLSimpleApplication@ceb2cb
reloadAllAccessors: .PubSubAggLazy

===========================================================================================
----------------- testing Mon Sep 03 02:10:37 UTC 2018 /home/travis/build/icyphy/ptII/ptolemy/cg/lib/test/auto/PubSubAggModularCodeGen.xml
----------------- Instantiating /home/travis/build/icyphy/ptII/ptolemy/cg/lib/test/auto/PubSubAggModularCodeGen.xml
In "/home/travis/cg", about to execute:
    pwd
In "/home/travis/cg", about to execute:
/home/travis/cg
    ls -l
total 1404
-rw-rw-r-- 1 travis travis   233 Sep  3 02:10 Array.class
-rw-rw-r-- 1 travis travis   459 Sep  3 02:10 Array.java
-rw-rw-r-- 1 travis travis  4895 Sep  3 02:09 CompiledCompositeActor_CompiledCompositeActor.class
-rw-rw-r-- 1 travis travis  1592 Sep  3 02:09 CompiledCompositeActor_CompiledCompositeActor$_CompiledCompositeActor_CompiledCompositeActor.class
-rw-rw-r-- 1 travis travis 13466 Sep  3 02:09 CompiledCompositeActor_CompiledCompositeActor.java
-rw-rw-r-- 1 travis travis  1593 Sep  3 02:09 CompiledCompositeActor_CompiledCompositeActor.mk
-rw-rw-r-- 1 travis travis  4457 Sep  3 02:09 JavaCompiledCompositeTest1_CompiledCompositeActor.class
-rw-rw-r-- 1 travis travis 11637 Sep  3 02:09 JavaCompiledCompositeTest1_CompiledCompositeActor.java
-rw-rw-r-- 1 travis travis  1198 Sep  3 02:09 JavaCompiledCompositeTest1_CompiledCompositeActor$_JavaCompiledCompositeTest1_CompiledCompositeActor.class
-rw-rw-r-- 1 travis travis  1625 Sep  3 02:09 JavaCompiledCompositeTest1_CompiledCompositeActor.mk
-rw-rw-r-- 1 travis travis  4888 Sep  3 02:09 JavaCompiledCompositeTest2_CompiledCompositeActor.class
-rw-rw-r-- 1 travis travis 14919 Sep  3 02:09 JavaCompiledCompositeTest2_CompiledCompositeActor.java
-rw-rw-r-- 1 travis travis  1793 Sep  3 02:09 JavaCompiledCompositeTest2_CompiledCompositeActor$_JavaCompiledCompositeTest2_CompiledCompositeActor.class
-rw-rw-r-- 1 travis travis  1625 Sep  3 02:09 JavaCompiledCompositeTest2_CompiledCompositeActor.mk
-rw-rw-r-- 1 travis travis  4505 Sep  3 02:09 JavaCompiledCompositeTest3_CompiledCompositeActor.class
-rw-rw-r-- 1 travis travis 13080 Sep  3 02:09 JavaCompiledCompositeTest3_CompiledCompositeActor.java
-rw-rw-r-- 1 travis travis  1378 Sep  3 02:09 JavaCompiledCompositeTest3_CompiledCompositeActor$_JavaCompiledCompositeTest3_CompiledCompositeActor.class
-rw-rw-r-- 1 travis travis  1625 Sep  3 02:09 JavaCompiledCompositeTest3_CompiledCompositeActor.mk
-rw-rw-r-- 1 travis travis  3953 Sep  3 02:09 JavaCompiledCompositeTest4_CompiledCompositeActor.class
-rw-rw-r-- 1 travis travis  9687 Sep  3 02:09 JavaCompiledCompositeTest4_CompiledCompositeActor.java
-rw-rw-r-- 1 travis travis   857 Sep  3 02:09 JavaCompiledCompositeTest4_CompiledCompositeActor$_JavaCompiledCompositeTest4_CompiledCompositeActor.class
-rw-rw-r-- 1 travis travis  1625 Sep  3 02:09 JavaCompiledCompositeTest4_CompiledCompositeActor.mk
-rw-rw-r-- 1 travis travis  3693 Sep  3 02:09 ModularCG_A1_B1.class
-rw-rw-r-- 1 travis travis  9730 Sep  3 02:09 ModularCG_A1_B1.java
-rw-rw-r-- 1 travis travis   832 Sep  3 02:09 ModularCG_A1_B1.mk
-rw-rw-r-- 1 travis travis  1318 Sep  3 02:09 ModularCG_A1_B1_profile.class
-rw-rw-r-- 1 travis travis  1262 Sep  3 02:09 ModularCG_A1_B1_profile.java
-rw-rw-r-- 1 travis travis  3693 Sep  3 02:09 ModularCG_A1_B2.class
-rw-rw-r-- 1 travis travis  9730 Sep  3 02:09 ModularCG_A1_B2.java
-rw-rw-r-- 1 travis travis   832 Sep  3 02:09 ModularCG_A1_B2.mk
-rw-rw-r-- 1 travis travis  1318 Sep  3 02:09 ModularCG_A1_B2_profile.class
-rw-rw-r-- 1 travis travis  1262 Sep  3 02:09 ModularCG_A1_B2_profile.java
-rw-rw-r-- 1 travis travis  4799 Sep  3 02:09 ModularCG_A1.class
-rw-rw-r-- 1 travis travis 14742 Sep  3 02:09 ModularCG_A1.java
-rw-rw-r-- 1 travis travis   808 Sep  3 02:09 ModularCG_A1.mk
-rw-rw-r-- 1 travis travis  1433 Sep  3 02:09 ModularCG_A1_profile.class
-rw-rw-r-- 1 travis travis  1704 Sep  3 02:09 ModularCG_A1_profile.java
-rw-rw-r-- 1 travis travis  3827 Sep  3 02:09 ModularCG_A2_B1.class
-rw-rw-r-- 1 travis travis 10667 Sep  3 02:09 ModularCG_A2_B1.java
-rw-rw-r-- 1 travis travis   832 Sep  3 02:09 ModularCG_A2_B1.mk
-rw-rw-r-- 1 travis travis  1381 Sep  3 02:09 ModularCG_A2_B1_profile.class
-rw-rw-r-- 1 travis travis  1446 Sep  3 02:09 ModularCG_A2_B1_profile.java
-rw-rw-r-- 1 travis travis  3693 Sep  3 02:09 ModularCG_A2_B2.class
-rw-rw-r-- 1 travis travis  9730 Sep  3 02:09 ModularCG_A2_B2.java
-rw-rw-r-- 1 travis travis   832 Sep  3 02:09 ModularCG_A2_B2.mk
-rw-rw-r-- 1 travis travis  1318 Sep  3 02:09 ModularCG_A2_B2_profile.class
-rw-rw-r-- 1 travis travis  1262 Sep  3 02:09 ModularCG_A2_B2_profile.java
-rw-rw-r-- 1 travis travis  4870 Sep  3 02:09 ModularCG_A2.class
-rw-rw-r-- 1 travis travis 15129 Sep  3 02:09 ModularCG_A2.java
-rw-rw-r-- 1 travis travis   808 Sep  3 02:09 ModularCG_A2.mk
-rw-rw-r-- 1 travis travis  1433 Sep  3 02:09 ModularCG_A2_profile.class
-rw-rw-r-- 1 travis travis  1704 Sep  3 02:09 ModularCG_A2_profile.java
-rw-rw-r-- 1 travis travis  3473 Sep  3 02:09 ModularCGPubSub_A1_A2.class
-rw-rw-r-- 1 travis travis  9076 Sep  3 02:09 ModularCGPubSub_A1_A2.java
-rw-rw-r-- 1 travis travis   880 Sep  3 02:09 ModularCGPubSub_A1_A2.mk
-rw-rw-r-- 1 travis travis  1300 Sep  3 02:09 ModularCGPubSub_A1_A2_profile.class
-rw-rw-r-- 1 travis travis  1222 Sep  3 02:09 ModularCGPubSub_A1_A2_profile.java
-rw-rw-r-- 1 travis travis  3790 Sep  3 02:09 ModularCGPubSub_A1.class
-rw-rw-r-- 1 travis travis  9836 Sep  3 02:09 ModularCGPubSub_A1.java
-rw-rw-r-- 1 travis travis   856 Sep  3 02:09 ModularCGPubSub_A1.mk
-rw-rw-r-- 1 travis travis  1346 Sep  3 02:09 ModularCGPubSub_A1_profile.class
-rw-rw-r-- 1 travis travis  1388 Sep  3 02:09 ModularCGPubSub_A1_profile.java
-rw-rw-r-- 1 travis travis  3988 Sep  3 02:09 ModularCodeGen2_ModularCodeGenTypedCompositeActor.class
-rw-rw-r-- 1 travis travis 11690 Sep  3 02:09 ModularCodeGen2_ModularCodeGenTypedCompositeActor.java
-rw-rw-r-- 1 travis travis  1104 Sep  3 02:09 ModularCodeGen2_ModularCodeGenTypedCompositeActor.mk
-rw-rw-r-- 1 travis travis  4272 Sep  3 02:09 ModularCodeGen2_ModularCodeGenTypedCompositeActor_ModularCodeGenTypedCompositeActor.class
-rw-rw-r-- 1 travis travis 11790 Sep  3 02:09 ModularCodeGen2_ModularCodeGenTypedCompositeActor_ModularCodeGenTypedCompositeActor.java
-rw-rw-r-- 1 travis travis  1376 Sep  3 02:09 ModularCodeGen2_ModularCodeGenTypedCompositeActor_ModularCodeGenTypedCompositeActor.mk
-rw-rw-r-- 1 travis travis  1421 Sep  3 02:09 ModularCodeGen2_ModularCodeGenTypedCompositeActor_ModularCodeGenTypedCompositeActor_profile.class
-rw-rw-r-- 1 travis travis  1294 Sep  3 02:09 ModularCodeGen2_ModularCodeGenTypedCompositeActor_ModularCodeGenTypedCompositeActor_profile.java
-rw-rw-r-- 1 travis travis   820 Sep  3 02:09 ModularCodeGen2_ModularCodeGenTypedCompositeActor_profile.class
-rw-rw-r-- 1 travis travis   693 Sep  3 02:09 ModularCodeGen2_ModularCodeGenTypedCompositeActor_profile.java
-rw-rw-r-- 1 travis travis  3741 Sep  3 02:09 ModularCodeGen3_A1_B1.class
-rw-rw-r-- 1 travis travis  9958 Sep  3 02:09 ModularCodeGen3_A1_B1.java
-rw-rw-r-- 1 travis travis   880 Sep  3 02:09 ModularCodeGen3_A1_B1.mk
-rw-rw-r-- 1 travis travis  1330 Sep  3 02:09 ModularCodeGen3_A1_B1_profile.class
-rw-rw-r-- 1 travis travis  1274 Sep  3 02:09 ModularCodeGen3_A1_B1_profile.java
-rw-rw-r-- 1 travis travis  3741 Sep  3 02:09 ModularCodeGen3_A1_B2.class
-rw-rw-r-- 1 travis travis  9958 Sep  3 02:09 ModularCodeGen3_A1_B2.java
-rw-rw-r-- 1 travis travis   880 Sep  3 02:09 ModularCodeGen3_A1_B2.mk
-rw-rw-r-- 1 travis travis  1330 Sep  3 02:09 ModularCodeGen3_A1_B2_profile.class
-rw-rw-r-- 1 travis travis  1274 Sep  3 02:09 ModularCodeGen3_A1_B2_profile.java
-rw-rw-r-- 1 travis travis  4961 Sep  3 02:09 ModularCodeGen3_A1.class
-rw-rw-r-- 1 travis travis 15564 Sep  3 02:09 ModularCodeGen3_A1.java
-rw-rw-r-- 1 travis travis   856 Sep  3 02:09 ModularCodeGen3_A1.mk
-rw-rw-r-- 1 travis travis  1445 Sep  3 02:09 ModularCodeGen3_A1_profile.class
-rw-rw-r-- 1 travis travis  1716 Sep  3 02:09 ModularCodeGen3_A1_profile.java
-rw-rw-r-- 1 travis travis  3887 Sep  3 02:09 ModularCodeGen3_A2_B1.class
-rw-rw-r-- 1 travis travis 10955 Sep  3 02:09 ModularCodeGen3_A2_B1.java
-rw-rw-r-- 1 travis travis   880 Sep  3 02:09 ModularCodeGen3_A2_B1.mk
-rw-rw-r-- 1 travis travis  1393 Sep  3 02:09 ModularCodeGen3_A2_B1_profile.class
-rw-rw-r-- 1 travis travis  1458 Sep  3 02:09 ModularCodeGen3_A2_B1_profile.java
-rw-rw-r-- 1 travis travis  3741 Sep  3 02:09 ModularCodeGen3_A2_B2.class
-rw-rw-r-- 1 travis travis  9958 Sep  3 02:09 ModularCodeGen3_A2_B2.java
-rw-rw-r-- 1 travis travis   880 Sep  3 02:09 ModularCodeGen3_A2_B2.mk
-rw-rw-r-- 1 travis travis  1330 Sep  3 02:09 ModularCodeGen3_A2_B2_profile.class
-rw-rw-r-- 1 travis travis  1274 Sep  3 02:09 ModularCodeGen3_A2_B2_profile.java
-rw-rw-r-- 1 travis travis  5038 Sep  3 02:09 ModularCodeGen3_A2.class
-rw-rw-r-- 1 travis travis 15957 Sep  3 02:09 ModularCodeGen3_A2.java
-rw-rw-r-- 1 travis travis   856 Sep  3 02:09 ModularCodeGen3_A2.mk
-rw-rw-r-- 1 travis travis  1445 Sep  3 02:09 ModularCodeGen3_A2_profile.class
-rw-rw-r-- 1 travis travis  1716 Sep  3 02:09 ModularCodeGen3_A2_profile.java
-rw-rw-r-- 1 travis travis  3794 Sep  3 02:09 ModularCodeGen4_A1_B1.class
-rw-rw-r-- 1 travis travis 10312 Sep  3 02:09 ModularCodeGen4_A1_B1.java
-rw-rw-r-- 1 travis travis   880 Sep  3 02:09 ModularCodeGen4_A1_B1.mk
-rw-rw-r-- 1 travis travis  1330 Sep  3 02:09 ModularCodeGen4_A1_B1_profile.class
-rw-rw-r-- 1 travis travis  1273 Sep  3 02:09 ModularCodeGen4_A1_B1_profile.java
-rw-rw-r-- 1 travis travis  3794 Sep  3 02:09 ModularCodeGen4_A1_B2.class
-rw-rw-r-- 1 travis travis 10312 Sep  3 02:09 ModularCodeGen4_A1_B2.java
-rw-rw-r-- 1 travis travis   880 Sep  3 02:09 ModularCodeGen4_A1_B2.mk
-rw-rw-r-- 1 travis travis  1330 Sep  3 02:09 ModularCodeGen4_A1_B2_profile.class
-rw-rw-r-- 1 travis travis  1273 Sep  3 02:09 ModularCodeGen4_A1_B2_profile.java
-rw-rw-r-- 1 travis travis  5101 Sep  3 02:09 ModularCodeGen4_A1.class
-rw-rw-r-- 1 travis travis 16245 Sep  3 02:09 ModularCodeGen4_A1.java
-rw-rw-r-- 1 travis travis   856 Sep  3 02:09 ModularCodeGen4_A1.mk
-rw-rw-r-- 1 travis travis  1445 Sep  3 02:09 ModularCodeGen4_A1_profile.class
-rw-rw-r-- 1 travis travis  1712 Sep  3 02:09 ModularCodeGen4_A1_profile.java
-rw-rw-r-- 1 travis travis  3988 Sep  3 02:09 ModularCodeGen4_A2_B1.class
-rw-rw-r-- 1 travis travis 11375 Sep  3 02:09 ModularCodeGen4_A2_B1.java
-rw-rw-r-- 1 travis travis   880 Sep  3 02:09 ModularCodeGen4_A2_B1.mk
-rw-rw-r-- 1 travis travis  1393 Sep  3 02:09 ModularCodeGen4_A2_B1_profile.class
-rw-rw-r-- 1 travis travis  1454 Sep  3 02:09 ModularCodeGen4_A2_B1_profile.java
-rw-rw-r-- 1 travis travis  3842 Sep  3 02:10 ModularCodeGen4_A2_B2.class
-rw-rw-r-- 1 travis travis 10378 Sep  3 02:10 ModularCodeGen4_A2_B2.java
-rw-rw-r-- 1 travis travis   880 Sep  3 02:10 ModularCodeGen4_A2_B2.mk
-rw-rw-r-- 1 travis travis  1330 Sep  3 02:10 ModularCodeGen4_A2_B2_profile.class
-rw-rw-r-- 1 travis travis  1270 Sep  3 02:09 ModularCodeGen4_A2_B2_profile.java
-rw-rw-r-- 1 travis travis  5274 Sep  3 02:10 ModularCodeGen4_A2.class
-rw-rw-r-- 1 travis travis 16770 Sep  3 02:10 ModularCodeGen4_A2.java
-rw-rw-r-- 1 travis travis   856 Sep  3 02:10 ModularCodeGen4_A2.mk
-rw-rw-r-- 1 travis travis  1445 Sep  3 02:10 ModularCodeGen4_A2_profile.class
-rw-rw-r-- 1 travis travis  1712 Sep  3 02:10 ModularCodeGen4_A2_profile.java
-rw-rw-r-- 1 travis travis  6838 Sep  3 02:10 ModularCodeGen5_A_A.class
-rw-rw-r-- 1 travis travis 28721 Sep  3 02:10 ModularCodeGen5_A_A.java
-rw-rw-r-- 1 travis travis   864 Sep  3 02:10 ModularCodeGen5_A_A.mk
-rw-rw-r-- 1 travis travis  1520 Sep  3 02:10 ModularCodeGen5_A_A_profile.class
-rw-rw-r-- 1 travis travis  1815 Sep  3 02:10 ModularCodeGen5_A_A_profile.java
-rw-rw-r-- 1 travis travis  5115 Sep  3 02:10 ModularCodeGen5_A.class
-rw-rw-r-- 1 travis travis 13769 Sep  3 02:10 ModularCodeGen5_A.java
-rw-rw-r-- 1 travis travis   848 Sep  3 02:10 ModularCodeGen5_A.mk
-rw-rw-r-- 1 travis travis  1422 Sep  3 02:10 ModularCodeGen5_A_profile.class
-rw-rw-r-- 1 travis travis  1605 Sep  3 02:10 ModularCodeGen5_A_profile.java
-rw-rw-r-- 1 travis travis  4125 Sep  3 02:10 ModularCodeGen6_A_A2.class
-rw-rw-r-- 1 travis travis 11329 Sep  3 02:10 ModularCodeGen6_A_A2.java
-rw-rw-r-- 1 travis travis   872 Sep  3 02:10 ModularCodeGen6_A_A2.mk
-rw-rw-r-- 1 travis travis  1351 Sep  3 02:10 ModularCodeGen6_A_A2_profile.class
-rw-rw-r-- 1 travis travis  1364 Sep  3 02:10 ModularCodeGen6_A_A2_profile.java
-rw-rw-r-- 1 travis travis  4108 Sep  3 02:10 ModularCodeGen6_A_A.class
-rw-rw-r-- 1 travis travis 11221 Sep  3 02:10 ModularCodeGen6_A_A.java
-rw-rw-r-- 1 travis travis   864 Sep  3 02:10 ModularCodeGen6_A_A.mk
-rw-rw-r-- 1 travis travis  1348 Sep  3 02:10 ModularCodeGen6_A_A_profile.class
-rw-rw-r-- 1 travis travis  1361 Sep  3 02:10 ModularCodeGen6_A_A_profile.java
-rw-rw-r-- 1 travis travis  7237 Sep  3 02:10 ModularCodeGen6_A.class
-rw-rw-r-- 1 travis travis 26535 Sep  3 02:10 ModularCodeGen6_A.java
-rw-rw-r-- 1 travis travis   848 Sep  3 02:10 ModularCodeGen6_A.mk
-rw-rw-r-- 1 travis travis  1483 Sep  3 02:10 ModularCodeGen6_A_profile.class
-rw-rw-r-- 1 travis travis  1810 Sep  3 02:10 ModularCodeGen6_A_profile.java
-rw-rw-r-- 1 travis travis  9439 Sep  3 02:10 ModularCodeGenLazyPubSubGlobal_CompositeActor_ModularCodeGenTypedComposite.class
-rw-rw-r-- 1 travis travis 30161 Sep  3 02:10 ModularCodeGenLazyPubSubGlobal_CompositeActor_ModularCodeGenTypedComposite.java
-rw-rw-r-- 1 travis travis  1304 Sep  3 02:10 ModularCodeGenLazyPubSubGlobal_CompositeActor_ModularCodeGenTypedComposite.mk
-rw-rw-r-- 1 travis travis  1438 Sep  3 02:10 ModularCodeGenLazyPubSubGlobal_CompositeActor_ModularCodeGenTypedComposite_profile.class
-rw-rw-r-- 1 travis travis  1384 Sep  3 02:10 ModularCodeGenLazyPubSubGlobal_CompositeActor_ModularCodeGenTypedComposite_profile.java
-rw-rw-r-- 1 travis travis  3952 Sep  3 02:10 ModularCodeGenLazyPubSub_LazyCompositeActor.class
-rw-rw-r-- 1 travis travis 11122 Sep  3 02:10 ModularCodeGenLazyPubSub_LazyCompositeActor.java
-rw-rw-r-- 1 travis travis  1056 Sep  3 02:10 ModularCodeGenLazyPubSub_LazyCompositeActor.mk
-rw-rw-r-- 1 travis travis  1286 Sep  3 02:10 ModularCodeGenLazyPubSub_LazyCompositeActor_profile.class
-rw-rw-r-- 1 travis travis  1091 Sep  3 02:10 ModularCodeGenLazyPubSub_LazyCompositeActor_profile.java
-rw-rw-r-- 1 travis travis  3954 Sep  3 02:09 ModularCodeGen_ModularCodeGenTypedCompositeActor.class
-rw-rw-r-- 1 travis travis 10970 Sep  3 02:09 ModularCodeGen_ModularCodeGenTypedCompositeActor.java
-rw-rw-r-- 1 travis travis  1096 Sep  3 02:09 ModularCodeGen_ModularCodeGenTypedCompositeActor.mk
-rw-rw-r-- 1 travis travis  1384 Sep  3 02:09 ModularCodeGen_ModularCodeGenTypedCompositeActor_profile.class
-rw-rw-r-- 1 travis travis  1328 Sep  3 02:09 ModularCodeGen_ModularCodeGenTypedCompositeActor_profile.java
-rw-rw-r-- 1 travis travis  3441 Sep  3 02:10 ModularCodeGenPubSub2_A1_A.class
-rw-rw-r-- 1 travis travis  8578 Sep  3 02:10 ModularCodeGenPubSub2_A1_A.java
-rw-rw-r-- 1 travis travis   920 Sep  3 02:10 ModularCodeGenPubSub2_A1_A.mk
-rw-rw-r-- 1 travis travis  1274 Sep  3 02:10 ModularCodeGenPubSub2_A1_A_profile.class
-rw-rw-r-- 1 travis travis  1128 Sep  3 02:10 ModularCodeGenPubSub2_A1_A_profile.java
-rw-rw-r-- 1 travis travis  3733 Sep  3 02:10 ModularCodeGenPubSub2_A1.class
-rw-rw-r-- 1 travis travis  9781 Sep  3 02:10 ModularCodeGenPubSub2_A1.java
-rw-rw-r-- 1 travis travis   904 Sep  3 02:10 ModularCodeGenPubSub2_A1.mk
-rw-rw-r-- 1 travis travis  1268 Sep  3 02:10 ModularCodeGenPubSub2_A1_profile.class
-rw-rw-r-- 1 travis travis  1196 Sep  3 02:10 ModularCodeGenPubSub2_A1_profile.java
-rw-rw-r-- 1 travis travis  3437 Sep  3 02:10 ModularCodeGenPubSub3_A1_A2.class
-rw-rw-r-- 1 travis travis  8599 Sep  3 02:10 ModularCodeGenPubSub3_A1_A2.java
-rw-rw-r-- 1 travis travis   928 Sep  3 02:10 ModularCodeGenPubSub3_A1_A2.mk
-rw-rw-r-- 1 travis travis  1287 Sep  3 02:10 ModularCodeGenPubSub3_A1_A2_profile.class
-rw-rw-r-- 1 travis travis  1132 Sep  3 02:10 ModularCodeGenPubSub3_A1_A2_profile.java
-rw-rw-r-- 1 travis travis  3856 Sep  3 02:10 ModularCodeGenPubSub3_A1.class
-rw-rw-r-- 1 travis travis 10100 Sep  3 02:10 ModularCodeGenPubSub3_A1.java
-rw-rw-r-- 1 travis travis   904 Sep  3 02:10 ModularCodeGenPubSub3_A1.mk
-rw-rw-r-- 1 travis travis  1358 Sep  3 02:10 ModularCodeGenPubSub3_A1_profile.class
-rw-rw-r-- 1 travis travis  1400 Sep  3 02:10 ModularCodeGenPubSub3_A1_profile.java
-rw-rw-r-- 1 travis travis  3441 Sep  3 02:10 ModularCodeGenPubSub4_A1_A.class
-rw-rw-r-- 1 travis travis  8578 Sep  3 02:10 ModularCodeGenPubSub4_A1_A.java
-rw-rw-r-- 1 travis travis   920 Sep  3 02:10 ModularCodeGenPubSub4_A1_A.mk
-rw-rw-r-- 1 travis travis  1274 Sep  3 02:10 ModularCodeGenPubSub4_A1_A_profile.class
-rw-rw-r-- 1 travis travis  1128 Sep  3 02:10 ModularCodeGenPubSub4_A1_A_profile.java
-rw-rw-r-- 1 travis travis  3683 Sep  3 02:10 ModularCodeGenPubSub4_A1.class
-rw-rw-r-- 1 travis travis  9231 Sep  3 02:10 ModularCodeGenPubSub4_A1.java
-rw-rw-r-- 1 travis travis   904 Sep  3 02:10 ModularCodeGenPubSub4_A1.mk
-rw-rw-r-- 1 travis travis  1247 Sep  3 02:10 ModularCodeGenPubSub4_A1_profile.class
-rw-rw-r-- 1 travis travis  1137 Sep  3 02:10 ModularCodeGenPubSub4_A1_profile.java
-rw-rw-r-- 1 travis travis  3475 Sep  3 02:10 ModularCodeGenPubSub_A1.class
-rw-rw-r-- 1 travis travis  9060 Sep  3 02:10 ModularCodeGenPubSub_A1.java
-rw-rw-r-- 1 travis travis   896 Sep  3 02:10 ModularCodeGenPubSub_A1.mk
-rw-rw-r-- 1 travis travis  1278 Sep  3 02:10 ModularCodeGenPubSub_A1_profile.class
-rw-rw-r-- 1 travis travis  1195 Sep  3 02:10 ModularCodeGenPubSub_A1_profile.java
-rw-rw-r-- 1 travis travis  3492 Sep  3 02:08 ModularCodeGenTest_A1_A2.class
-rw-rw-r-- 1 travis travis  9164 Sep  3 02:08 ModularCodeGenTest_A1_A2.java
-rw-rw-r-- 1 travis travis   904 Sep  3 02:08 ModularCodeGenTest_A1_A2.mk
-rw-rw-r-- 1 travis travis  1306 Sep  3 02:08 ModularCodeGenTest_A1_A2_profile.class
-rw-rw-r-- 1 travis travis  1228 Sep  3 02:08 ModularCodeGenTest_A1_A2_profile.java
-rw-rw-r-- 1 travis travis  3823 Sep  3 02:09 ModularCodeGenTest_A1.class
-rw-rw-r-- 1 travis travis  9968 Sep  3 02:09 ModularCodeGenTest_A1.java
-rw-rw-r-- 1 travis travis   880 Sep  3 02:09 ModularCodeGenTest_A1.mk
-rw-rw-r-- 1 travis travis  1352 Sep  3 02:09 ModularCodeGenTest_A1_profile.class
-rw-rw-r-- 1 travis travis  1394 Sep  3 02:08 ModularCodeGenTest_A1_profile.java
-rw-rw-r-- 1 travis travis  1007 Sep  3 02:10 PubSubAggModularCodeGen_ModularCodeGenTypedComposite_profile.java
-rw-rw-r-- 1 travis travis   432 Sep  3 02:10 Token.class
-rw-rw-r-- 1 travis travis   251 Sep  3 02:10 Token.java
In "/home/travis/cg", about to execute:
    javac -classpath
.:/home/travis/build/icyphy/ptII:/home/travis/build/icyphy/ptII/lib/bsh-2.0b4.j
ar:/home/travis/build/icyphy/ptII/lib/ptCal.jar:/home/travis/build/icyphy/ptII/
lib/java_cup.jar:/home/travis/build/icyphy/ptII/lib/saxon8.jar:/home/travis/bui
ld/icyphy/ptII/lib/saxon8-dom.jar:/home/travis/build/icyphy/ptII/lib/chic.jar:/
home/travis/build/icyphy/ptII/lib/ptcolt.jar:/usr/lib/jvm/java-8-oracle/lib/too
ls.jar:/usr/lib/eclipse/plugins/org.eclipse.jdt.core_3.8.2.dist.jar:/usr/lib/ec
lipse/plugins/org.eclipse.core.runtime_3.8.0.dist.jar:/usr/lib/eclipse/plugins/
org.eclipse.osgi_3.8.1.dist.jar:/usr/lib/eclipse/plugins/org.eclipse.core.resou
rces_3.8.1.dist.jar:/usr/lib/eclipse/plugins/org.eclipse.equinox.common_3.6.100
.dist.jar:/usr/lib/eclipse/plugins/org.eclipse.core.jobs_3.5.200.dist.jar:/usr/
lib/eclipse/plugins/org.eclipse.core.contenttype_3.4.200.dist.jar:/usr/lib/ecli
pse/plugins/org.eclipse.equinox.preferences_3.5.0.dist.jar:/usr/lib/eclipse/plu
gins/org.eclipse.text_3.5.200.dist.jar:/usr/lib/eclipse/plugins/org.eclipse.ui.
workbench_3.8.1.dist.jar:/usr/lib/eclipse/plugins/org.eclipse.jface_3.8.0.dist.
jar:/usr/lib/eclipse/plugins/org.eclipse.swt_3.8.2.jar:/usr/lib/eclipse/plugins
/org.eclipse.jface.text_3.8.1.dist.jar:/usr/lib/eclipse/plugins/org.eclipse.ui.
workbench.texteditor_3.8.0.dist.jar:/usr/lib/eclipse/plugins/org.eclipse.ui.edi
tors_3.8.0.dist.jar:/usr/lib/eclipse/plugins/org.eclipse.core.commands_3.6.1.di
st.jar:/usr/lib/eclipse/plugins/org.eclipse.equinox.registry_3.5.200.dist.jar:/
usr/lib/eclipse/plugins/org.eclipse.ui.console_3.5.100.dist.jar:/usr/lib/eclips
e/plugins/org.eclipse.ui.forms_3.5.200.dist.jar:/usr/lib/eclipse/plugins/org.ec
lipse.ui.ide_3.8.1.dist.jar:/home/travis/build/icyphy/ptII/vendors/oracle/dbxml
.jar:/home/travis/build/icyphy/ptII/vendors/oracle/db.jar:/home/travis/build/ic
yphy/ptII/vendors/misc/itext/iText.jar:/home/travis/build/icyphy/ptII/lib/g4ltl
.jar:/home/travis/build/icyphy/ptII/lib/StructuralCoder.jar:/home/travis/build/
icyphy/ptII/lib/org-openide-util.jar:/home/travis/build/icyphy/ptII/lib/org-ope
nide-util-lookup.jar:/home/travis/build/icyphy/ptII/lib/org-netbeans-api-visual
.jar:/home/travis/build/icyphy/ptII/vendors/jai-1_1_2_01/lib/jai_core.jar:/home
/travis/build/icyphy/ptII/vendors/jai-1_1_2_01/lib/jai_codec.jar:/home/travis/b
uild/icyphy/ptII/lib/jcerti.jar:/home/travis/build/icyphy/ptII/lib/smack.jar:/h
ome/travis/build/icyphy/ptII/lib/smackx.jar:/home/travis/build/icyphy/ptII/lib/
jetty-all-8.1.5-v20120716.jar:/home/travis/build/icyphy/ptII/lib/javax.servlet-
api-3.0.1.jar:/home/travis/build/icyphy/ptII/lib/javax.mail.jar:/home/travis/bu
ild/icyphy/ptII/vendors/JMF-2.1.1e/lib/jmf.jar:/home/travis/build/icyphy/ptII/l
ib/jna-4.0.0-variadic.jar:/home/travis/build/icyphy/ptII/vendors/misc/joystick/
Joystick.jar:/home/travis/build/icyphy/ptII/lib/ptjacl.jar:/home/travis/build/i
cyphy/ptII/lib/jsoup-1.8.2.jar:/home/travis/build/icyphy/ptII/lib/junit-4.8.2.j
ar:/home/travis/build/icyphy/ptII/lib/JUnitParams-0.4.0.jar:/home/travis/build/
icyphy/ptII/ptolemy/actor/lib/excel/jxl.jar:/home/travis/build/icyphy/ptII/lib/
jython.jar:/home/travis/build/icyphy/ptII/lib/kieler.jar:/home/travis/build/icy
phy/ptII/vendors/opencv/share/OpenCV/java/opencv-341.jar:/home/travis/build/icy
phy/ptII/lib/oscP5.jar:/home/travis/build/icyphy/ptII/lib/nrjavaserial-3.11.0.d
evel.jar:/home/travis/build/icyphy/ptII/vendors/j3d/lib/j3dcore.jar:/home/travi
s/build/icyphy/ptII/vendors/j3d/lib/j3dutils.jar:/home/travis/build/icyphy/ptII
/vendors/j3d/lib/vecmath.jar:/home/travis/build/icyphy/ptII/ptolemy/distributed
/jini/jar/jini-core.jar:/home/travis/build/icyphy/ptII/ptolemy/distributed/jini
/jar/jini-ext.jar:/home/travis/build/icyphy/ptII/ptolemy/distributed/jini/jar/s
un-util.jar:/home/travis/build/icyphy/ptII/lib/protobuf-java-2.4.1.jar:/home/tr
avis/build/icyphy/ptII/lib/org.eclipse.paho.client.mqttv3.jar:/home/travis/buil
d/icyphy/ptII/ptserver/lib/hessian-4.0.7.jar:/home/travis/build/icyphy/ptII/pts
erver/lib/wmqtt.jar:/home/travis/build/icyphy/ptII/lib/mapss.jar:/home/travis/b
uild/icyphy/ptII/ptolemy/actor/ptalon/antlr/antlr.jar:/home/travis/build/icyphy
/ptII/lib/JRI.jar:/home/travis/build/icyphy/ptII/lib/commons-lang-2.6.jar:/home
/travis/build/icyphy/ptII/lib/commons-logging-1.1.1.jar:/home/travis/build/icyp
hy/ptII/lib/sootclasses.jar:/home/travis/build/icyphy/ptII/ptolemy/actor/lib/da
tabase/mysql-connector-java-5.1.6-bin.jar:/home/travis/build/icyphy/ptII/vendor
s/misc/sphinx4/sphinx4-data-5prealpha.jar:/home/travis/build/icyphy/ptII/vendor
s/misc/sphinx4/sphinx4-core-5prealpha.jar:/home/travis/build/icyphy/ptII/lib/PD
FRenderer.jar:/home/travis/build/icyphy/ptII/lib/svgSalamander.jar:/home/travis
/build/icyphy/ptII/lib/rsyntaxtextarea-2.6.0-SNAPSHOT.jar:/home/travis/build/ic
yphy/ptII/lib/hazelcast-3.8.2.jar:/home/travis/build/icyphy/ptII/lib/jackson-an
notations-2.9.0.jar:/home/travis/build/icyphy/ptII/lib/jackson-core-2.9.3.jar:/
home/travis/build/icyphy/ptII/lib/jackson-databind-2.9.3.jar:/home/travis/build
/icyphy/ptII/lib/netty-buffer-4.1.19.Final.jar:/home/travis/build/icyphy/ptII/l
ib/netty-codec-4.1.19.Final.jar:/home/travis/build/icyphy/ptII/lib/netty-codec-
dns-4.1.19.Final.jar:/home/travis/build/icyphy/ptII/lib/netty-codec-http-4.1.19
.Final.jar:/home/travis/build/icyphy/ptII/lib/netty-codec-http2-4.1.19.Final.ja
r:/home/travis/build/icyphy/ptII/lib/netty-common-4.1.19.Final.jar:/home/travis
/build/icyphy/ptII/lib/netty-handler-4.1.19.Final.jar:/home/travis/build/icyphy
/ptII/lib/netty-resolver-4.1.19.Final.jar:/home/travis/build/icyphy/ptII/lib/ne
tty-resolver-dns-4.1.19.Final.jar:/home/travis/build/icyphy/ptII/lib/netty-tran
sport-4.1.19.Final.jar:/home/travis/build/icyphy/ptII/lib/vertx-codegen-3.5.1.j
ar:/home/travis/build/icyphy/ptII/lib/vertx-core-3.5.2-SNAPSHOT.jar:/home/travi
s/build/icyphy/ptII/lib/vertx-hazelcast-3.5.1.jar:/home/travis/build/icyphy/ptI
I/lib/vertx-lang-js-3.5.1.jar:/home/travis/build/icyphy/ptII/lib/vertx-service-
proxy-3.5.1.jar:/home/travis/build/icyphy/ptII/lib/vertx-web-3.5.1.jar:/home/tr
avis/build/icyphy/ptII/lib/slf4j-api-1.7.13.jar:/home/travis/build/icyphy/ptII/
lib/slf4j-simple-1.7.13.jar:/home/travis/build/icyphy/ptII/lib/webcam-capture-0
.3.12.jar:/home/travis/build/icyphy/ptII/lib/bridj-0.7.0.jar:/home/travis/build
/icyphy/ptII/lib/xbjlib-1.1.0.nrjavaserial.jar:/home/travis/build/icyphy/ptII/p
tolemy/moml/test:/home/travis/build/icyphy/ptII/ant/lib/ant-launcher.jar:/home/
travis/build/icyphy/ptII/ant/lib/ant.jar:/home/travis/build/icyphy/ptII/ant/lib
/ant-junit.jar:/home/travis/build/icyphy/ptII/ant/lib/ant-junit4.jar:/home/trav
is/build/icyphy/ptII
PubSubAggModularCodeGen_ModularCodeGenTypedComposite_profile.java
warning: Supported source version 'RELEASE_6' from annotation processor 'org.netbeans.modules.openide.util.NbBundleProcessor' less than -source '1.8'
warning: Supported source version 'RELEASE_6' from annotation processor 'org.netbeans.modules.openide.util.URLStreamHandlerRegistrationProcessor' less than -source '1.8'
warning: Supported source version 'RELEASE_6' from annotation processor 'org.netbeans.modules.openide.util.ServiceProviderProcessor' less than -source '1.8'
3 warnings
All Done
Writing PubSubAggModularCodeGen_ModularCodeGenTypedComposite.java in file:/home/travis/cg/ (27850 characters)
Reading "ptolemy/cg/kernel/generic/program/procedural/java/modular/makefile.in",
    writing "/home/travis/cg/PubSubAggModularCodeGen_ModularCodeGenTypedComposite.mk"
Using ptolemy/cg/kernel/generic/program/procedural/java/modular/makefile.in
In "/home/travis/cg", about to execute:
    make -f PubSubAggModularCodeGen_ModularCodeGenTypedComposite.mk
javac -classpath ".:.."    PubSubAggModularCodeGen_ModularCodeGenTypedComposite.java
All Done
2428 ms. Memory: 141824K Free: 66769K (47%)
----------------- Invoking toplevel() on ptolemy.moml.MoMLSimpleApplication@78e19bf2
----------------- Done invoking toplevel() on ptolemy.moml.MoMLSimpleApplication@78e19bf2
reloadAllAccessors: .PubSubAggModularCodeGen

===========================================================================================
----------------- testing Mon Sep 03 02:10:40 UTC 2018 /home/travis/build/icyphy/ptII/ptolemy/cg/lib/test/auto/PubSubAggTypedComposite.xml
----------------- Instantiating /home/travis/build/icyphy/ptII/ptolemy/cg/lib/test/auto/PubSubAggTypedComposite.xml
3 ms. Memory: 141824K Free: 58925K (42%)
----------------- Invoking toplevel() on ptolemy.moml.MoMLSimpleApplication@71d3eff4
----------------- Done invoking toplevel() on ptolemy.moml.MoMLSimpleApplication@71d3eff4
reloadAllAccessors: .PubSubAggTypedComposite

===========================================================================================
----------------- testing Mon Sep 03 02:10:40 UTC 2018 /home/travis/build/icyphy/ptII/ptolemy/cg/lib/test/auto/PubSubAggTypedCompositeWidth2.xml
----------------- Instantiating /home/travis/build/icyphy/ptII/ptolemy/cg/lib/test/auto/PubSubAggTypedCompositeWidth2.xml
4 ms. Memory: 141824K Free: 49538K (35%)
----------------- Invoking toplevel() on ptolemy.moml.MoMLSimpleApplication@4dbc8c78
----------------- Done invoking toplevel() on ptolemy.moml.MoMLSimpleApplication@4dbc8c78
reloadAllAccessors: .PubSubAggTypedCompositeWidth2

===========================================================================================
----------------- testing Mon Sep 03 02:10:40 UTC 2018 /home/travis/build/icyphy/ptII/ptolemy/cg/lib/test/auto/ScaleJava.xml
----------------- Instantiating /home/travis/build/icyphy/ptII/ptolemy/cg/lib/test/auto/ScaleJava.xml
CompiledCompositeActor: Building shared object: The sharedObjectFile has a modification time that is earlier than the modelFile modification time.
Writing ScaleJava_EmbeddedActor.java in file:/home/travis/cg/ (9202 characters)
Reading "ptolemy/cg/kernel/generic/program/procedural/java/makefile.in",
    writing "/home/travis/cg/ScaleJava_EmbeddedActor.mk"
Using ptolemy/cg/kernel/generic/program/procedural/java/makefile.in
In "/home/travis/cg", about to execute:
    make -f ScaleJava_EmbeddedActor.mk
javac -classpath ".:."    ScaleJava_EmbeddedActor.java
All Done
902 ms. Memory: 139264K Free: 103981K (75%)
----------------- Invoking toplevel() on ptolemy.moml.MoMLSimpleApplication@1450c229
----------------- Done invoking toplevel() on ptolemy.moml.MoMLSimpleApplication@1450c229
reloadAllAccessors: .ScaleJava
AutoTests.java: About to close Vertx.
AutoTests.java: Vertx closed.
]]></system-out>
  <system-err><![CDATA[]]></system-err>
</testsuite>
