<?xml version="1.0" encoding="UTF-8" ?>
<testsuite errors="1" failures="1" hostname="travis-job-59f7bb86-fe88-4b0d-b4a8-471b3cf7dc84" name="ptolemy.actor.lib.test.junit.JUnitTclTest" skipped="0" tests="517" time="66.925" timestamp="2019-12-15T06:25:27">
  <properties>
    <property name="npm.executable" value="npm" />
    <property name="env.TRAVIS_ROOT" value="/" />
    <property name="ptII.mk.exists" value="true" />
    <property name="env.TRAVIS_APP_HOST" value="build.travis-ci.org" />
    <property name="env.rvm_bin_path" value="/home/travis/.rvm/bin" />
    <property name="java.home" value="/usr/local/lib/jvm/openjdk11" />
    <property name="env.TRAVIS_JOB_NUMBER" value="1430.8" />
    <property name="env.TRAVIS_HOME" value="/home/travis" />
    <property name="env.DISPLAY" value=":99.0" />
    <property name="env.TRAVIS_INIT" value="systemd" />
    <property name="env.SSH_TTY" value="/dev/pts/0" />
    <property name="java.net.preferIPv4Stack" value="true" />
    <property name="env.RUN_TESTS" value="true" />
    <property name="timeout.short" value="1000000" />
    <property name="junit.formatter" value="xml" />
    <property name="env.TRAVIS_SUDO" value="true" />
    <property name="env.TRAVIS_JOB_NAME" value="" />
    <property name="env.TRAVIS_STACK_NODE_ATTRIBUTES" value="/.node-attributes.yml" />
    <property name="env.LOGNAME" value="travis" />
    <property name="env.PT_TRAVIS_TEST_CORE1_XML" value="true" />
    <property name="jsdoc.home" value="node_modules/@terraswarm/jsdoc" />
    <property name="debuglevel" value="source,lines,vars" />
    <property name="checkstyle.formatter" value="xml" />
    <property name="env._system_version" value="16.04" />
    <property name="bin.vergil.makeable" value="true" />
    <property name="sun.os.patch.level" value="unknown" />
    <property name="java.vendor.url" value="http://java.oracle.com/" />
    <property name="env.TRAVIS_BUILD_WEB_URL" value="https://travis-ci.org/icyphy/ptII/builds/625212918" />
    <property name="java.version" value="11.0.2" />
    <property name="env.TZ" value="UTC" />
    <property name="env.TRAVIS_PULL_REQUEST_SHA" value="" />
    <property name="env.PT_NO_NET" value="true" />
    <property name="env.TRAVIS_SECURE_ENV_VARS" value="true" />
    <property name="env._system_type" value="Linux" />
    <property name="java.vendor.url.bug" value="http://bugreport.java.com/bugreport/" />
    <property name="npmjs-org-is-up" value="true" />
    <property name="env.LANGUAGE" value="en_US.UTF-8" />
    <property name="env.SSH_CLIENT" value="10.16.6.25 42978 22" />
    <property name="env.GEM_HOME" value="/home/travis/.rvm/gems/ruby-2.5.3" />
    <property name="env.HAS_ANTARES_THREE_LITTLE_FRONZIES_BADGE" value="true" />
    <property name="java.version.date" value="2019-01-15" />
    <property name="env.PS4" value="+" />
    <property name="ant.project.invoked-targets" value="build,test.core1.xml" />
    <property name="env.TRAVIS_PULL_REQUEST_BRANCH" value="" />
    <property name="env.TRAVIS_REPO_SLUG" value="icyphy/ptII" />
    <property name="env.XDG_DATA_DIRS" value="/usr/local/share:/usr/share:/var/lib/snapd/desktop" />
    <property name="jdk.debug" value="release" />
    <property name="env.TRAVIS_APT_PROXY" value="http://apt.cache.travis-ci.com" />
    <property name="env.TRAVIS_CPU_ARCH" value="amd64" />
    <property name="node.in.path" value="true" />
    <property name="user.name" value="travis" />
    <property name="java.maxmemory" value="1400m" />
    <property name="env.RUBY_VERSION" value="ruby-2.5.3" />
    <property name="env.LANG" value="en_US.UTF-8" />
    <property name="sun.io.unicode.encoding" value="UnicodeLittle" />
    <property name="sun.jnu.encoding" value="UTF-8" />
    <property name="java.runtime.name" value="OpenJDK Runtime Environment" />
    <property name="usefile" value="false" />
    <property name="return.code" value="0" />
    <property name="junit.single.formatter" value="plain" />
    <property name="env.DYLD_LIBRARY_PATH" value="/home/travis/pthla/certi-tools/lib:" />
    <property name="env.DEBIAN_FRONTEND" value="noninteractive" />
    <property name="env.SSH_CONNECTION" value="10.16.6.25 42978 10.20.0.208 22" />
    <property name="env.MYSQL_UNIX_PORT" value="/var/run/mysqld/mysqld.sock" />
    <property name="env.LC_ALL" value="en_US.UTF-8" />
    <property name="env.TRAVIS_ALLOW_FAILURE" value="false" />
    <property name="env.TRAVIS_JOB_WEB_URL" value="https://travis-ci.org/icyphy/ptII/jobs/625212926" />
    <property name="java.specification.name" value="Java Platform API Specification" />
    <property name="node.works" value="true" />
    <property name="user.timezone" value="" />
    <property name="path.separator" value=":" />
    <property name="env.TRAVIS_ENABLE_INFRA_DETECTION" value="true" />
    <property name="env.PYTHON_CFLAGS" value="-g -fstack-protector --param=ssp-buffer-size=4 -Wformat -Werror=format-security" />
    <property name="timeout.long" value="4000000" />
    <property name="env.CERTI_HOME" value="/home/travis/pthla/certi-tools" />
    <property name="ant.file.ptII" value="/home/travis/build/icyphy/ptII/build.xml" />
    <property name="javadoc.packagenames" value="com.*,diva.*,lbnl.*,org.hlacerti.*,org.json.*,org.ptolemy.*,org.terraswarm.*,ptolemy.*,ptserver.*" />
    <property name="file.encoding" value="UTF-8" />
    <property name="env.TRAVIS_PULL_REQUEST_SLUG" value="" />
    <property name="ant.project.default-target" value="build" />
    <property name="env.GIT_ASKPASS" value="echo" />
    <property name="env.HOME" value="/home/travis" />
    <property name="sun.java.command" value="org.apache.tools.ant.taskdefs.optional.junit.JUnitTestRunner ptolemy.actor.lib.test.junit.JUnitTclTest skipNonTests=false filtertrace=true haltOnError=false haltOnFailure=false formatter=org.apache.tools.ant.taskdefs.optional.junit.OutErrSummaryJUnitResultFormatter showoutput=true outputtoformatters=true logfailedtests=true threadid=0 logtestlistenerevents=false formatter=org.apache.tools.ant.taskdefs.optional.junit.XMLJUnitResultFormatter,/home/travis/build/icyphy/ptII/reports/junit/TEST-ptolemy.actor.lib.test.junit.JUnitTclTest.xml crashfile=/home/travis/build/icyphy/ptII/junitvmwatcher11258850204513606071.properties propsfile=/home/travis/build/icyphy/ptII/junit3098323131382483511.properties" />
    <property name="env.COMPOSER_NO_INTERACTION" value="1" />
    <property name="env.MANPATH" value="/home/travis/.nvm/versions/node/v7.10.1/share/man:/home/travis/.rvm/rubies/ruby-2.5.3/share/man:/usr/local/cmake-3.12.4/man:/usr/local/clang-7.0.0/share/man:/usr/local/man:/usr/local/share/man:/usr/share/man:/home/travis/.rvm/man" />
    <property name="env.TRAVIS_TIMER_ID" value="01cee3ac" />
    <property name="ant.file" value="/home/travis/build/icyphy/ptII/build.xml" />
    <property name="env.TRAVIS_COMMIT_RANGE" value="c7ad326c8bb61863fc0b87bc56a33674fe4fd789...687bb808dc5adecbfa0f708fbf7527a5d6554d96" />
    <property name="env._system_name" value="Ubuntu" />
    <property name="ptII.classpath.optional.property" value="/home/travis/build/icyphy/ptII/lib/bsh-2.0b4.jar:/home/travis/build/icyphy/ptII/lib/ptCal.jar:/home/travis/build/icyphy/ptII/lib/java_cup.jar:/home/travis/build/icyphy/ptII/lib/saxon8.jar:/home/travis/build/icyphy/ptII/lib/saxon8-dom.jar:/home/travis/build/icyphy/ptII/lib/chic.jar:/home/travis/build/icyphy/ptII/lib/ptcolt.jar:/home/travis/build/icyphy/ptII/vendors/misc/itext/iText.jar:/home/travis/build/icyphy/ptII/lib/g4ltl.jar:/home/travis/build/icyphy/ptII/lib/StructuralCoder.jar:/home/travis/build/icyphy/ptII/lib/jcerti.jar:/home/travis/build/icyphy/ptII/lib/javax.mail.jar:/home/travis/build/icyphy/ptII/vendors/JMF-2.1.1e/lib/jmf.jar:/home/travis/build/icyphy/ptII/lib/jna-4.0.0-variadic.jar:/home/travis/build/icyphy/ptII/vendors/misc/joystick/Joystick.jar:/home/travis/build/icyphy/ptII/lib/ptjacl.jar:/home/travis/build/icyphy/ptII/lib/jsoup-1.8.2.jar:/home/travis/build/icyphy/ptII/lib/junit-4.8.2.jar:/home/travis/build/icyphy/ptII/lib/JUnitParams-0.4.0.jar:/home/travis/build/icyphy/ptII/ptolemy/actor/lib/excel/jxl.jar:/home/travis/build/icyphy/ptII/lib/jython.jar:/home/travis/build/icyphy/ptII/lib/kieler.jar:/home/travis/build/icyphy/ptII/vendors/opencv/share/OpenCV/java/opencv-341.jar:/home/travis/build/icyphy/ptII/lib/oscP5.jar:/home/travis/build/icyphy/ptII/lib/nrjavaserial-3.11.0.devel.jar:/home/travis/build/icyphy/ptII/vendors/j3d/lib/Linux/j3dcore.jar:/home/travis/build/icyphy/ptII/vendors/j3d/lib/Linux/j3dutils.jar:/home/travis/build/icyphy/ptII/vendors/j3d/lib/Linux/vecmath.jar:/home/travis/build/icyphy/ptII/vendors/jogl/lib/Linux/gluegen-rt-natives-linux-amd64.jar:/home/travis/build/icyphy/ptII/vendors/jogl/lib/Linux/gluegen-rt.jar:/home/travis/build/icyphy/ptII/vendors/jogl/lib/Linux/jogl-all-natives-linux-amd64.jar:/home/travis/build/icyphy/ptII/vendors/jogl/lib/Linux/jogl-all.jar:/home/travis/build/icyphy/ptII/ptolemy/distributed/jini/jar/jini-core.jar:/home/travis/build/icyphy/ptII/ptolemy/distributed/jini/jar/jini-ext.jar:/home/travis/build/icyphy/ptII/ptolemy/distributed/jini/jar/sun-util.jar:/home/travis/build/icyphy/ptII/lib/protobuf-java-2.4.1.jar:/home/travis/build/icyphy/ptII/lib/org.eclipse.paho.client.mqttv3.jar:/home/travis/build/icyphy/ptII/lib/mapss.jar:/home/travis/build/icyphy/ptII/ptolemy/actor/ptalon/antlr/antlr.jar:/home/travis/build/icyphy/ptII/lib/JRI.jar:/home/travis/build/icyphy/ptII/lib/commons-lang-2.6.jar:/home/travis/build/icyphy/ptII/lib/commons-logging-1.1.1.jar:/home/travis/build/icyphy/ptII/lib/sootclasses.jar:/home/travis/build/icyphy/ptII/ptolemy/actor/lib/database/mysql-connector-java-5.1.6-bin.jar:/home/travis/build/icyphy/ptII/vendors/misc/sphinx4/sphinx4-data-5prealpha.jar:/home/travis/build/icyphy/ptII/vendors/misc/sphinx4/sphinx4-core-5prealpha.jar:/home/travis/build/icyphy/ptII/lib/PDFRenderer.jar:/home/travis/build/icyphy/ptII/lib/svgSalamander.jar:/home/travis/build/icyphy/ptII/lib/rsyntaxtextarea-2.6.0-SNAPSHOT.jar:/home/travis/build/icyphy/ptII/lib/hazelcast-3.8.2.jar:/home/travis/build/icyphy/ptII/lib/jackson-annotations-2.9.0.jar:/home/travis/build/icyphy/ptII/lib/jackson-core-2.9.3.jar:/home/travis/build/icyphy/ptII/lib/jackson-databind-2.9.3.jar:/home/travis/build/icyphy/ptII/lib/netty-buffer-4.1.19.Final.jar:/home/travis/build/icyphy/ptII/lib/netty-codec-4.1.19.Final.jar:/home/travis/build/icyphy/ptII/lib/netty-codec-dns-4.1.19.Final.jar:/home/travis/build/icyphy/ptII/lib/netty-codec-http-4.1.19.Final.jar:/home/travis/build/icyphy/ptII/lib/netty-codec-http2-4.1.19.Final.jar:/home/travis/build/icyphy/ptII/lib/netty-common-4.1.19.Final.jar:/home/travis/build/icyphy/ptII/lib/netty-handler-4.1.19.Final.jar:/home/travis/build/icyphy/ptII/lib/netty-resolver-4.1.19.Final.jar:/home/travis/build/icyphy/ptII/lib/netty-resolver-dns-4.1.19.Final.jar:/home/travis/build/icyphy/ptII/lib/netty-transport-4.1.19.Final.jar:/home/travis/build/icyphy/ptII/lib/vertx-codegen-3.5.1.jar:/home/travis/build/icyphy/ptII/lib/vertx-core-3.5.2-SNAPSHOT.jar:/home/travis/build/icyphy/ptII/lib/vertx-hazelcast-3.5.1.jar:/home/travis/build/icyphy/ptII/lib/vertx-lang-js-3.5.1.jar:/home/travis/build/icyphy/ptII/lib/vertx-service-proxy-3.5.1.jar:/home/travis/build/icyphy/ptII/lib/vertx-web-3.5.1.jar:/home/travis/build/icyphy/ptII/lib/slf4j-api-1.7.13.jar:/home/travis/build/icyphy/ptII/lib/slf4j-simple-1.7.13.jar:/home/travis/build/icyphy/ptII/lib/webcam-capture-0.3.12.jar:/home/travis/build/icyphy/ptII/lib/bridj-0.7.0.jar:/home/travis/build/icyphy/ptII/lib/xbjlib-1.1.0.nrjavaserial.jar" />
    <property name="timeout" value="2400000" />
    <property name="test.batch" value="**/junit/*.java" />
    <property name="env._" value="/usr/bin/timeout" />
    <property name="java.io.tmpdir" value="/tmp" />
    <property name="user.language" value="en" />
    <property name="env.TRAVIS_INTERNAL_RUBY_REGEX" value="^ruby-(2\.[0-4]\.[0-9]|1\.9\.3)" />
    <property name="env.HISTCONTROL" value="ignoredups:ignorespace" />
    <property name="env.GOROOT" value="/home/travis/.gimme/versions/go1.11.1.linux.amd64" />
    <property name="line.separator" value="&#xa;" />
    <property name="target" value="11" />
    <property name="env.TRAVIS_BUILD_DIR" value="/home/travis/build/icyphy/ptII" />
    <property name="env.ANT_OPTS" value="-Xmx2048m" />
    <property name="ant.file.type" value="file" />
    <property name="ptolemy.ptII.batchMode" value="true" />
    <property name="env.HISTSIZE" value="1000" />
    <property name="env.MERB_ENV" value="test" />
    <property name="java.vm.info" value="mixed mode" />
    <property name="source" value="11" />
    <property name="java.vm.specification.name" value="Java Virtual Machine Specification" />
    <property name="env.TRAVIS_TEST_RESULT" value="0" />
    <property name="jsdoc.command" value="node_modules/@terraswarm/jsdoc/jsdoc.js" />
    <property name="npm.works" value="true" />
    <property name="cobertura.dir" value="/home/travis/build/icyphy/ptII/vendors/cobertura-2.0.3" />
    <property name="jsdoc.command.exists" value="true" />
    <property name="env.rvm_path" value="/home/travis/.rvm" />
    <property name="env.GEM_PATH" value="/home/travis/.rvm/gems/ruby-2.5.3:/home/travis/.rvm/gems/ruby-2.5.3@global" />
    <property name="env.LC_CTYPE" value="en_US.UTF-8" />
    <property name="env.TRAVIS_CMD" value="$PTII/bin/ptIITravisBuild.sh $SECONDS" />
    <property name="java.awt.printerjob" value="sun.print.PSPrinterJob" />
    <property name="env.TRAVIS_STACK_NAME" value="sardonyx" />
    <property name="env.TRAVIS_TIMER_START_TIME" value="1576390439180337965" />
    <property name="ant.version" value="Apache Ant(TM) version 1.10.1 compiled on February 2 2017" />
    <property name="ptII.reports" value="/home/travis/build/icyphy/ptII/reports" />
    <property name="env.TRAVIS_STACK_TIMESTAMP" value="2019-03-25 16:16:56 UTC" />
    <property name="ant.file.type.ptII" value="file" />
    <property name="env.RBENV_SHELL" value="bash" />
    <property name="os.name" value="Linux" />
    <property name="java.specification.vendor" value="Oracle Corporation" />
    <property name="env.rvm_version" value="1.29.7 (latest)" />
    <property name="env.TRAVIS_INFRA" value="gce" />
    <property name="env.TERM" value="xterm" />
    <property name="java.vm.name" value="OpenJDK 64-Bit Server VM" />
    <property name="env.TRAVIS_BUILD_NUMBER" value="1430" />
    <property name="env.CI" value="true" />
    <property name="java.library.path" value="/home/travis/pthla/certi-tools/lib:/usr/lib/jni:/usr/local/share/OpenCV/java/:/usr/share/OpenCV/java::/usr/java/packages/lib:/usr/lib64:/lib64:/lib:/usr/lib" />
    <property name="jdk.module.path" value="/home/travis/build/icyphy/ptII/vendors/javafx/javafx-sdk-11.0.2/lib:" />
    <property name="env.rvm_prefix" value="/home/travis" />
    <property name="env.PATH" value="/home/travis/pthla/certi-tools/share/scripts:/home/travis/.rvm/gems/ruby-2.5.3/bin:/home/travis/.rvm/gems/ruby-2.5.3@global/bin:/home/travis/.rvm/rubies/ruby-2.5.3/bin:/home/travis/.rvm/bin:/home/travis/.nvm/versions/node/v7.10.1/bin:./node_modules/.bin:/home/travis/build/icyphy/ptII/bin:/home/travis/pthla/certi-tools/bin:/home/travis/bin:/home/travis/.local/bin:/usr/local/lib/jvm/openjdk11/bin:/opt/pyenv/shims:/home/travis/.phpenv/shims:/home/travis/perl5/perlbrew/bin:/home/travis/gopath/bin:/home/travis/.gimme/versions/go1.11.1.linux.amd64/bin:/usr/local/maven-3.6.0/bin:/usr/local/cmake-3.12.4/bin:/usr/local/clang-7.0.0/bin:/usr/local/sbin:/usr/local/bin:/usr/sbin:/usr/bin:/sbin:/bin:/snap/bin:/home/travis/.phpenv/bin:/opt/pyenv/bin:/home/travis/.yarn/bin" />
    <property name="env.TRAVIS_OS_NAME" value="linux" />
    <property name="ant.java.version" value="9" />
    <property name="basedir" value="/home/travis/build/icyphy/ptII" />
    <property name="java.class.version" value="55.0" />
    <property name="env.SHLVL" value="3" />
    <property name="env.LD_LIBRARY_PATH" value="/home/travis/pthla/certi-tools/lib:/usr/lib/jni:/usr/local/share/OpenCV/java/:/usr/share/OpenCV/java:" />
    <property name="env.RACK_ENV" value="test" />
    <property name="ant.home" value="/home/travis/build/icyphy/ptII/ant" />
    <property name="env.NVM_DIR" value="/home/travis/.nvm" />
    <property name="env.CERTI_FOM_PATH" value="/home/travis/pthla/certi-tools/share/federations" />
    <property name="env.TRAVIS_BUILD_ID" value="625212918" />
    <property name="env.PYENV_ROOT" value="/opt/pyenv" />
    <property name="env.TRAVIS_UID" value="2000" />
    <property name="prism.verbose" value="true" />
    <property name="env.NVM_BIN" value="/home/travis/.nvm/versions/node/v7.10.1/bin" />
    <property name="env.TRAVIS_COMMIT" value="687bb808dc5adecbfa0f708fbf7527a5d6554d96" />
    <property name="env._system_arch" value="x86_64" />
    <property name="node.executable" value="node" />
    <property name="sun.boot.library.path" value="/usr/local/lib/jvm/openjdk11/lib" />
    <property name="sun.management.compiler" value="HotSpot 64-Bit Tiered Compilers" />
    <property name="java.awt.graphicsenv" value="sun.awt.X11GraphicsEnvironment" />
    <property name="env.GOPATH" value="/home/travis/gopath" />
    <property name="ptolemy.ptII.dir" value="/home/travis/build/icyphy/ptII" />
    <property name="env.USER" value="travis" />
    <property name="env.HISTFILESIZE" value="2000" />
    <property name="timeout.longest" value="19000000" />
    <property name="env.PERLBREW_SHELLRC_VERSION" value="0.86" />
    <property name="env.TRAVIS_STACK_FEATURES" value="basic couchdb disabled-ipv6 docker docker-compose elasticsearch firefox go-toolchain google-chrome jdk memcached mongodb mysql nodejs_interpreter perl_interpreter perlbrew phantomjs postgresql python_interpreter redis ruby_interpreter sqlite xserver" />
    <property name="env.TRAVIS_PULL_REQUEST" value="false" />
    <property name="env.PYENV_SHELL" value="bash" />
    <property name="ant.project.name" value="ptII" />
    <property name="env.ANSI_RESET" value="\033[0m" />
    <property name="java.vm.specification.version" value="11" />
    <property name="env.TRAVIS_DIST" value="xenial" />
    <property name="env.CERTI_VERSION" value="4.0.0" />
    <property name="env.CERTI_HOST" value="localhost" />
    <property name="awt.toolkit" value="sun.awt.X11.XToolkit" />
    <property name="env.MY_RUBY_HOME" value="/home/travis/.rvm/rubies/ruby-2.5.3" />
    <property name="sun.cpu.isalist" value="" />
    <property name="env.TRAVIS_TMPDIR" value="/tmp/tmp.D9vLkhhOnW" />
    <property name="java.vm.compressedOopsMode" value="Zero based" />
    <property name="os.version" value="4.15.0-1028-gcp" />
    <property name="user.home" value="/home/travis" />
    <property name="java.vm.vendor" value="Oracle Corporation" />
    <property name="env.TRAVIS_TAG" value="nightly" />
    <property name="env.ANSI_YELLOW" value="\033[33;1m" />
    <property name="env.TRAVIS_FILTERED" value="redirect_io" />
    <property name="env.ANSI_GREEN" value="\033[32;1m" />
    <property name="env.JAVA_HOME" value="/usr/local/lib/jvm/openjdk11" />
    <property name="javadoc.excludepackagenames" value="adm.cvs2svn.*,build.*,config.*,doc.coding.templates.*,jni.test.jni.meaningOfLife.*,jni.test.jni.testDeux.*,jni.test.jni.testTrois.*,org.terraswarm.accessor.accessors.web.node_modules.*,org.terraswarm.accessor.accessors.web.hosts.cordova.demo.*,org.terraswarm.accessor.accessors.web.hosts.cordova.plugins.*,org.terraswarm.accessor.accessors-svn.*,pt-modules.*,ptolemy.apps.agilent.*,ptolemy.apps.anytimecontrol.*,ptolemy.apps.apes.*,ptolemy.apps.charon.*,ptolemy.apps.crazyboard.*,ptolemy.apps.eclipse.*,ptolemy.apps.etherealSting.*,ptolemy.apps.fullscreen.*,ptolemy.apps.giotto.*,ptolemy.apps.ia.*,ptolemy.apps.interfaces.*,ptolemy.apps.jmf.*,ptolemy.apps.kurt.*,ptolemy.apps.kvm.*,ptolemy.apps.lego.*,ptolemy.apps.lejos.*,ptolemy.apps.midp.*,ptolemy.apps.mobileCoding.*,ptolemy.apps.pendulum.*,ptolemy.apps.rijndael.*,ptolemy.apps.robot.*,ptolemy.apps.security.*,ptolemy.apps.sobel.*,ptolemy.apps.soot.*,ptolemy.apps.throttle.*,ptolemy.apps.tini.*,ptolemy.apps.transmission.*,ptolemy.apps.vergil.*,ptolemy.apps.waba.*,ptolemy.apps.websensor.*,ptolemy.apps.webstart.*,ptolemy.apps.xsl.*,ptolemy.apps.zaurus.*,ptolemy.codegen.c.actor.lib.oldJavaFiles.*,ptolemy.codegen.dsp.lib.*,ptolemy.codegen.kernel.newInterfaces.*,ptolemy.codegen.lib.*,ptolemy.copernicus.kernel.fragment.*,ptolemy.copernicus.shallow.cg.*,ptolemy.domains.giotto.demo.Hierarchy.Hierarchy.*,ptolemy.domains.giotto.demo.Multimode.Multimode.*,ptolemy.domains.giotto.demo.Simple.Simple.*,ptolemy.domains.gr.lib.experimental.*,ptolemy.domains.gro.*,ptolemy.domains.pdf.*,ptolemy.domains.ptinyos.demo.Surge.output.*,ptolemy.moml.test.NoPackageActor.java*,ptolemy.plot.adm.*,ptolemy.plot.servlet.*,reports.*,signed.*,src.*,target.*,vendors.*,ptolemy.copernicus.applet.*,ptolemy.media.viewer.*,ptolemy.actor.corba.*,doc.doclets.*,ptolemy.apps.eclipse.awt.*,ptolemy.backtrack.*,ptolemy.backtrack.ast.*,ptolemy.cg.adapter.generic.program.procedural.c.mbed*,ptolemy.homer.*,ptolemy.actor.lib.jai.*,org.ptolemy.scala.*,diva.util.java2d.svg.*,ptolemy.domains.ptinyos.*,ptolemy.actor.lib.fmi.fmipp.*,,org.terraswarm.accessor.accessors.web.node_modules.*,org.terraswarm.accessor.accessors-svn,ptolemy.apps.*,ptolemy.actor.ptalon.demo.ptinyos.SendAndReceiveCnt.output,ptolemy.actor.ptalon.demo.ptinyos.SenseToLeds.output,ptolemy.domains.ptinyos.demo.CntToLedsAndRfm.output,ptolemy.domains.ptinyos.demo.RfmToLeds.output,ptolemy.domains.ptinyos.demo.SendAndReceiveCnt.output,ptolemy.domains.ptinyos.demo.SenseToLeds.output,ptolemy.actor.lib.jjs.modules.udpSocket.*" />
    <property name="env.PTII" value="/home/travis/build/icyphy/ptII" />
    <property name="env.XDG_SESSION_ID" value="2" />
    <property name="keystore" value="ptKeystore" />
    <property name="env.TRAVIS_COMMIT_MESSAGE" value="Minor changes." />
    <property name="junit.output.dir" value="/home/travis/build/icyphy/ptII/reports/junit" />
    <property name="npm.return.code" value="0" />
    <property name="user.dir" value="/home/travis/build/icyphy/ptII/ptolemy/actor/lib/test" />
    <property name="env.TRAVIS_NODE_VERSION" value="7" />
    <property name="env.TRAVIS_EVENT_TYPE" value="cron" />
    <property name="env.MAIL" value="/var/mail/travis" />
    <property name="env.PERLBREW_ROOT" value="/home/travis/perl5/perlbrew" />
    <property name="env.PWD" value="/home/travis/build/icyphy/ptII" />
    <property name="timeout.npm" value="45000" />
    <property name="env.TRAVIS_ARCH" value="amd64" />
    <property name="sun.cpu.endian" value="little" />
    <property name="env.PAGER" value="cat" />
    <property name="env.TRAVIS_BUILD_STAGE_NAME" value="Test" />
    <property name="env.PERLBREW_HOME" value="/home/travis/.perlbrew" />
    <property name="java.vm.version" value="11.0.2+9" />
    <property name="env.RAILS_ENV" value="test" />
    <property name="java.class.path" value="/home/travis/.ptolemyII:/home/travis/.ptolemyII/*:/home/travis/build/icyphy/ptII:/home/travis/build/icyphy/ptII/lib/bsh-2.0b4.jar:/home/travis/build/icyphy/ptII/lib/ptCal.jar:/home/travis/build/icyphy/ptII/lib/java_cup.jar:/home/travis/build/icyphy/ptII/lib/saxon8.jar:/home/travis/build/icyphy/ptII/lib/saxon8-dom.jar:/home/travis/build/icyphy/ptII/lib/chic.jar:/home/travis/build/icyphy/ptII/lib/ptcolt.jar:/home/travis/build/icyphy/ptII/vendors/misc/itext/iText.jar:/home/travis/build/icyphy/ptII/lib/g4ltl.jar:/home/travis/build/icyphy/ptII/lib/StructuralCoder.jar:/home/travis/build/icyphy/ptII/lib/jcerti.jar:/home/travis/build/icyphy/ptII/lib/javax.mail.jar:/home/travis/build/icyphy/ptII/vendors/JMF-2.1.1e/lib/jmf.jar:/home/travis/build/icyphy/ptII/lib/jna-4.0.0-variadic.jar:/home/travis/build/icyphy/ptII/vendors/misc/joystick/Joystick.jar:/home/travis/build/icyphy/ptII/lib/ptjacl.jar:/home/travis/build/icyphy/ptII/lib/jsoup-1.8.2.jar:/home/travis/build/icyphy/ptII/lib/junit-4.8.2.jar:/home/travis/build/icyphy/ptII/lib/JUnitParams-0.4.0.jar:/home/travis/build/icyphy/ptII/ptolemy/actor/lib/excel/jxl.jar:/home/travis/build/icyphy/ptII/lib/jython.jar:/home/travis/build/icyphy/ptII/lib/kieler.jar:/home/travis/build/icyphy/ptII/vendors/opencv/share/OpenCV/java/opencv-341.jar:/home/travis/build/icyphy/ptII/lib/oscP5.jar:/home/travis/build/icyphy/ptII/lib/nrjavaserial-3.11.0.devel.jar:/home/travis/build/icyphy/ptII/vendors/j3d/lib/Linux/j3dcore.jar:/home/travis/build/icyphy/ptII/vendors/j3d/lib/Linux/j3dutils.jar:/home/travis/build/icyphy/ptII/vendors/j3d/lib/Linux/vecmath.jar:/home/travis/build/icyphy/ptII/vendors/jogl/lib/Linux/gluegen-rt-natives-linux-amd64.jar:/home/travis/build/icyphy/ptII/vendors/jogl/lib/Linux/gluegen-rt.jar:/home/travis/build/icyphy/ptII/vendors/jogl/lib/Linux/jogl-all-natives-linux-amd64.jar:/home/travis/build/icyphy/ptII/vendors/jogl/lib/Linux/jogl-all.jar:/home/travis/build/icyphy/ptII/ptolemy/distributed/jini/jar/jini-core.jar:/home/travis/build/icyphy/ptII/ptolemy/distributed/jini/jar/jini-ext.jar:/home/travis/build/icyphy/ptII/ptolemy/distributed/jini/jar/sun-util.jar:/home/travis/build/icyphy/ptII/lib/protobuf-java-2.4.1.jar:/home/travis/build/icyphy/ptII/lib/org.eclipse.paho.client.mqttv3.jar:/home/travis/build/icyphy/ptII/lib/mapss.jar:/home/travis/build/icyphy/ptII/ptolemy/actor/ptalon/antlr/antlr.jar:/home/travis/build/icyphy/ptII/lib/JRI.jar:/home/travis/build/icyphy/ptII/lib/commons-lang-2.6.jar:/home/travis/build/icyphy/ptII/lib/commons-logging-1.1.1.jar:/home/travis/build/icyphy/ptII/lib/sootclasses.jar:/home/travis/build/icyphy/ptII/ptolemy/actor/lib/database/mysql-connector-java-5.1.6-bin.jar:/home/travis/build/icyphy/ptII/vendors/misc/sphinx4/sphinx4-data-5prealpha.jar:/home/travis/build/icyphy/ptII/vendors/misc/sphinx4/sphinx4-core-5prealpha.jar:/home/travis/build/icyphy/ptII/lib/PDFRenderer.jar:/home/travis/build/icyphy/ptII/lib/svgSalamander.jar:/home/travis/build/icyphy/ptII/lib/rsyntaxtextarea-2.6.0-SNAPSHOT.jar:/home/travis/build/icyphy/ptII/lib/hazelcast-3.8.2.jar:/home/travis/build/icyphy/ptII/lib/jackson-annotations-2.9.0.jar:/home/travis/build/icyphy/ptII/lib/jackson-core-2.9.3.jar:/home/travis/build/icyphy/ptII/lib/jackson-databind-2.9.3.jar:/home/travis/build/icyphy/ptII/lib/netty-buffer-4.1.19.Final.jar:/home/travis/build/icyphy/ptII/lib/netty-codec-4.1.19.Final.jar:/home/travis/build/icyphy/ptII/lib/netty-codec-dns-4.1.19.Final.jar:/home/travis/build/icyphy/ptII/lib/netty-codec-http-4.1.19.Final.jar:/home/travis/build/icyphy/ptII/lib/netty-codec-http2-4.1.19.Final.jar:/home/travis/build/icyphy/ptII/lib/netty-common-4.1.19.Final.jar:/home/travis/build/icyphy/ptII/lib/netty-handler-4.1.19.Final.jar:/home/travis/build/icyphy/ptII/lib/netty-resolver-4.1.19.Final.jar:/home/travis/build/icyphy/ptII/lib/netty-resolver-dns-4.1.19.Final.jar:/home/travis/build/icyphy/ptII/lib/netty-transport-4.1.19.Final.jar:/home/travis/build/icyphy/ptII/lib/vertx-codegen-3.5.1.jar:/home/travis/build/icyphy/ptII/lib/vertx-core-3.5.2-SNAPSHOT.jar:/home/travis/build/icyphy/ptII/lib/vertx-hazelcast-3.5.1.jar:/home/travis/build/icyphy/ptII/lib/vertx-lang-js-3.5.1.jar:/home/travis/build/icyphy/ptII/lib/vertx-service-proxy-3.5.1.jar:/home/travis/build/icyphy/ptII/lib/vertx-web-3.5.1.jar:/home/travis/build/icyphy/ptII/lib/slf4j-api-1.7.13.jar:/home/travis/build/icyphy/ptII/lib/slf4j-simple-1.7.13.jar:/home/travis/build/icyphy/ptII/lib/webcam-capture-0.3.12.jar:/home/travis/build/icyphy/ptII/lib/bridj-0.7.0.jar:/home/travis/build/icyphy/ptII/lib/xbjlib-1.1.0.nrjavaserial.jar:/home/travis/build/icyphy/ptII/ptolemy/moml/test:/home/travis/build/icyphy/ptII/ant/lib/ant-launcher.jar:/home/travis/build/icyphy/ptII/ant/lib/ant.jar:/home/travis/build/icyphy/ptII/ant/lib/ant-junit.jar:/home/travis/build/icyphy/ptII/ant/lib/ant-junit4.jar" />
    <property name="ant.library.dir" value="/home/travis/build/icyphy/ptII/ant/lib" />
    <property name="os.arch" value="amd64" />
    <property name="env.CONTINUOUS_INTEGRATION" value="true" />
    <property name="env.TRAVIS_LANGUAGE" value="node_js" />
    <property name="env.TRAVIS_STACK_LANGUAGES" value="__sardonyx__ c c++ clojure cplusplus cpp default generic go groovy java node_js php pure_java python ruby scala" />
    <property name="test.name" value="ptolemy.actor.lib.test.junit.JUnitTclTest" />
    <property name="env.APT_KEY_DONT_WARN_ON_DANGEROUS_USAGE" value="1" />
    <property name="sun.java.launcher" value="SUN_STANDARD" />
    <property name="env.PYTHON_CONFIGURE_OPTS" value="--enable-unicode=ucs4 --with-wide-unicode --enable-shared --enable-ipv6 --enable-loadable-sqlite-extensions --with-computed-gotos" />
    <property name="ant.core.lib" value="/home/travis/build/icyphy/ptII/ant/lib/ant.jar" />
    <property name="java.vm.specification.vendor" value="Oracle Corporation" />
    <property name="env.BCVTB_HOME" value="/home/travis/build/icyphy/ptII/lbnl" />
    <property name="file.separator" value="/" />
    <property name="spotbugs.home" value="/home/travis/build/icyphy/ptII/vendors/spotbugs-3.1.1" />
    <property name="java.runtime.version" value="11.0.2+9" />
    <property name="env.ANSI_CLEAR" value="\033[0K" />
    <property name="javafx.verbose" value="true" />
    <property name="env.HAS_JOSH_K_SEAL_OF_APPROVAL" value="true" />
    <property name="env.XDG_RUNTIME_DIR" value="/run/user/2000" />
    <property name="env.TRAVIS_OSX_IMAGE" value="" />
    <property name="env.TRAVIS_JOB_ID" value="625212926" />
    <property name="env.TRAVIS_BRANCH" value="master" />
    <property name="user.country" value="US" />
    <property name="env.CERTI_HOME_TRAVIS" value="/home/travis/pthla/certi-tools" />
    <property name="env.SHELL" value="/bin/bash" />
    <property name="java.maxmemory.large" value="3200m" />
    <property name="model" value="" />
    <property name="env.CASHER_DIR" value="/home/travis/.casher" />
    <property name="env.NVM_CD_FLAGS" value="" />
    <property name="java.vendor.version" value="18.9" />
    <property name="jshint.executable" value="/home/travis/node_modules/jshint/bin/jshint" />
    <property name="env.JRUBY_OPTS" value=" --client -J-XX:+TieredCompilation -J-XX:TieredStopAtLevel=1 -J-Xss2m -Xcompile.invokedynamic=false" />
    <property name="java.vendor" value="Oracle Corporation" />
    <property name="env.TRAVIS_PRE_CHEF_BOOTSTRAP_TIME" value="2019-03-25T16:16:42" />
    <property name="env.TRAVIS_STACK_JOB_BOARD_REGISTER" value="/.job-board-register.yml" />
    <property name="env.ANSI_RED" value="\033[31;1m" />
    <property name="java.specification.version" value="11" />
    <property name="env.IRBRC" value="/home/travis/.rvm/rubies/ruby-2.5.3/.irbrc" />
    <property name="env.TRAVIS" value="true" />
    <property name="sun.arch.data.model" value="64" />
  </properties>
  <testcase classname="ptolemy.util.test.junit.TclTests" name="[0] /home/travis/build/icyphy/ptII/ptolemy/actor/lib/test/AbsoluteValue.tcl (RunTclFile)" time="0.608" />
  <testcase classname="ptolemy.util.test.junit.TclTests" name="[1] /home/travis/build/icyphy/ptII/ptolemy/actor/lib/test/AddSubtract.tcl (RunTclFile)" time="0.164" />
  <testcase classname="ptolemy.util.test.junit.TclTests" name="[2] /home/travis/build/icyphy/ptII/ptolemy/actor/lib/test/Average.tcl (RunTclFile)" time="0.064" />
  <testcase classname="ptolemy.util.test.junit.TclTests" name="[3] /home/travis/build/icyphy/ptII/ptolemy/actor/lib/test/Bernoulli.tcl (RunTclFile)" time="0.052" />
  <testcase classname="ptolemy.util.test.junit.TclTests" name="[4] /home/travis/build/icyphy/ptII/ptolemy/actor/lib/test/Clock.tcl (RunTclFile)" time="0.139" />
  <testcase classname="ptolemy.util.test.junit.TclTests" name="[5] /home/travis/build/icyphy/ptII/ptolemy/actor/lib/test/Commutator.tcl (RunTclFile)" time="0.167" />
  <testcase classname="ptolemy.util.test.junit.TclTests" name="[6] /home/travis/build/icyphy/ptII/ptolemy/actor/lib/test/Const.tcl (RunTclFile)" time="0.145" />
  <testcase classname="ptolemy.util.test.junit.TclTests" name="[7] /home/travis/build/icyphy/ptII/ptolemy/actor/lib/test/CurrentTime.tcl (RunTclFile)" time="0.05" />
  <testcase classname="ptolemy.util.test.junit.TclTests" name="[8] /home/travis/build/icyphy/ptII/ptolemy/actor/lib/test/DB.tcl (RunTclFile)" time="0.086" />
  <testcase classname="ptolemy.util.test.junit.TclTests" name="[9] /home/travis/build/icyphy/ptII/ptolemy/actor/lib/test/DiscreteRandomSource.tcl (RunTclFile)" time="0.071" />
  <testcase classname="ptolemy.util.test.junit.TclTests" name="[10] /home/travis/build/icyphy/ptII/ptolemy/actor/lib/test/Distributor.tcl (RunTclFile)" time="0.041" />
  <testcase classname="ptolemy.util.test.junit.TclTests" name="[11] /home/travis/build/icyphy/ptII/ptolemy/actor/lib/test/Exit.tcl (RunTclFile)" time="0.147" />
  <testcase classname="ptolemy.util.test.junit.TclTests" name="[12] /home/travis/build/icyphy/ptII/ptolemy/actor/lib/test/Expression.tcl (RunTclFile)" time="0.104" />
  <testcase classname="ptolemy.util.test.junit.TclTests" name="[13] /home/travis/build/icyphy/ptII/ptolemy/actor/lib/test/Gaussian.tcl (RunTclFile)" time="0.087" />
  <testcase classname="ptolemy.util.test.junit.TclTests" name="[14] /home/travis/build/icyphy/ptII/ptolemy/actor/lib/test/IIR.tcl (RunTclFile)" time="0.025" />
  <testcase classname="ptolemy.util.test.junit.TclTests" name="[15] /home/travis/build/icyphy/ptII/ptolemy/actor/lib/test/Interpolator.tcl (RunTclFile)" time="0.061" />
  <testcase classname="ptolemy.util.test.junit.TclTests" name="[16] /home/travis/build/icyphy/ptII/ptolemy/actor/lib/test/MathFunction.tcl (RunTclFile)" time="0.06" />
  <testcase classname="ptolemy.util.test.junit.TclTests" name="[17] /home/travis/build/icyphy/ptII/ptolemy/actor/lib/test/Maximum.tcl (RunTclFile)" time="0.056" />
  <testcase classname="ptolemy.util.test.junit.TclTests" name="[18] /home/travis/build/icyphy/ptII/ptolemy/actor/lib/test/Minimum.tcl (RunTclFile)" time="0.034" />
  <testcase classname="ptolemy.util.test.junit.TclTests" name="[19] /home/travis/build/icyphy/ptII/ptolemy/actor/lib/test/MultiplyDivide.tcl (RunTclFile)" time="0.061" />
  <testcase classname="ptolemy.util.test.junit.TclTests" name="[20] /home/travis/build/icyphy/ptII/ptolemy/actor/lib/test/OrderedMerge.tcl (RunTclFile)" time="0.151" />
  <testcase classname="ptolemy.util.test.junit.TclTests" name="[21] /home/travis/build/icyphy/ptII/ptolemy/actor/lib/test/Publisher.tcl (RunTclFile)" time="0.89" />
  <testcase classname="ptolemy.util.test.junit.TclTests" name="[22] /home/travis/build/icyphy/ptII/ptolemy/actor/lib/test/Pulse.tcl (RunTclFile)" time="0.091" />
  <testcase classname="ptolemy.util.test.junit.TclTests" name="[23] /home/travis/build/icyphy/ptII/ptolemy/actor/lib/test/Ramp.tcl (RunTclFile)" time="2.427" />
  <testcase classname="ptolemy.util.test.junit.TclTests" name="[24] /home/travis/build/icyphy/ptII/ptolemy/actor/lib/test/RampContinuous.tcl (RunTclFile)" time="0.023" />
  <testcase classname="ptolemy.util.test.junit.TclTests" name="[25] /home/travis/build/icyphy/ptII/ptolemy/actor/lib/test/RecordAssembler.tcl (RunTclFile)" time="0.019" />
  <testcase classname="ptolemy.util.test.junit.TclTests" name="[26] /home/travis/build/icyphy/ptII/ptolemy/actor/lib/test/RecordDisassembler.tcl (RunTclFile)" time="0.048" />
  <testcase classname="ptolemy.util.test.junit.TclTests" name="[27] /home/travis/build/icyphy/ptII/ptolemy/actor/lib/test/Scale.tcl (RunTclFile)" time="0.031" />
  <testcase classname="ptolemy.util.test.junit.TclTests" name="[28] /home/travis/build/icyphy/ptII/ptolemy/actor/lib/test/SequentialClock.tcl (RunTclFile)" time="0.018" />
  <testcase classname="ptolemy.util.test.junit.TclTests" name="[29] /home/travis/build/icyphy/ptII/ptolemy/actor/lib/test/SetVariable.tcl (RunTclFile)" time="0.041">
    <failure message="Number of failed tests is has increased. expected:&lt;0&gt; but was:&lt;1&gt;" type="junit.framework.AssertionFailedError">junit.framework.AssertionFailedError: Number of failed tests is has increased. expected:&lt;0&gt; but was:&lt;1&gt;
	at ptolemy.util.test.junit.TclTests.RunTclFile(TclTests.java:286)
	at jdk.internal.reflect.GeneratedMethodAccessor19.invoke(Unknown Source)
	at java.base/jdk.internal.reflect.DelegatingMethodAccessorImpl.invoke(DelegatingMethodAccessorImpl.java:43)
	at junitparams.internal.InvokeParameterisedMethod.evaluate(InvokeParameterisedMethod.java:102)
	at junitparams.internal.ParameterisedTestMethodRunner.runMethodInvoker(ParameterisedTestMethodRunner.java:47)
	at junitparams.internal.ParameterisedTestMethodRunner.runTestMethod(ParameterisedTestMethodRunner.java:41)
	at junitparams.internal.ParameterisedTestClassRunner.runParameterisedTest(ParameterisedTestClassRunner.java:143)
	at junitparams.JUnitParamsRunner.runChild(JUnitParamsRunner.java:237)
	at junitparams.JUnitParamsRunner.runChild(JUnitParamsRunner.java:215)
</failure>
  </testcase>
  <testcase classname="ptolemy.util.test.junit.TclTests" name="[30] /home/travis/build/icyphy/ptII/ptolemy/actor/lib/test/Sinewave.tcl (RunTclFile)" time="0.067" />
  <testcase classname="ptolemy.util.test.junit.TclTests" name="[31] /home/travis/build/icyphy/ptII/ptolemy/actor/lib/test/SubscriptionAggregator.tcl (RunTclFile)" time="2.52" />
  <testcase classname="ptolemy.util.test.junit.TclTests" name="[32] /home/travis/build/icyphy/ptII/ptolemy/actor/lib/test/Test.tcl (RunTclFile)" time="0.115" />
  <testcase classname="ptolemy.util.test.junit.TclTests" name="[33] /home/travis/build/icyphy/ptII/ptolemy/actor/lib/test/TestExceptionHandler.tcl (RunTclFile)" time="0.012" />
  <testcase classname="ptolemy.util.test.junit.TclTests" name="[34] /home/travis/build/icyphy/ptII/ptolemy/actor/lib/test/UnionDisassembler.tcl (RunTclFile)" time="0.074" />
  <testcase classname="ptolemy.util.test.junit.TclTests" name="[35] /home/travis/build/icyphy/ptII/ptolemy/actor/lib/test/VariableClock.tcl (RunTclFile)" time="0.031" />
  <testcase classname="ptolemy.util.test.junit.AutoKnownFailedTests" name="[0] /home/travis/build/icyphy/ptII/ptolemy/actor/lib/test/auto/knownFailedTests/PublisherPortToplevelSubscriber.xml (RunModel)" time="0.03" />
  <testcase classname="ptolemy.util.test.junit.AutoKnownFailedTests" name="[1] /home/travis/build/icyphy/ptII/ptolemy/actor/lib/test/auto/knownFailedTests/PublisherSubscriberPortToplevel.xml (RunModel)" time="0.022" />
  <testcase classname="ptolemy.util.test.junit.AutoKnownFailedTests" name="[2] /home/travis/build/icyphy/ptII/ptolemy/actor/lib/test/auto/knownFailedTests/PublisherSubscriptionAggregatorPort.xml (RunModel)" time="0.125" />
  <testcase classname="ptolemy.util.test.junit.AutoKnownFailedTests" name="[3] /home/travis/build/icyphy/ptII/ptolemy/actor/lib/test/auto/knownFailedTests/sizedarray3.xml (RunModel)" time="0.031" />
  <testcase classname="ptolemy.util.test.junit.AutoNameArchTests" name="[0] ThereAreNoAutoArchTests (RunModel)" time="0.003" />
  <testcase classname="ptolemy.util.test.junit.AutoTests" name="[0] /home/travis/build/icyphy/ptII/ptolemy/actor/lib/test/auto/AbsoluteValue.xml (RunModel)" time="0.112" />
  <testcase classname="ptolemy.util.test.junit.AutoTests" name="[1] /home/travis/build/icyphy/ptII/ptolemy/actor/lib/test/auto/AbsoluteValue2.xml (RunModel)" time="0.045" />
  <testcase classname="ptolemy.util.test.junit.AutoTests" name="[2] /home/travis/build/icyphy/ptII/ptolemy/actor/lib/test/auto/Accumulator.xml (RunModel)" time="0.037" />
  <testcase classname="ptolemy.util.test.junit.AutoTests" name="[3] /home/travis/build/icyphy/ptII/ptolemy/actor/lib/test/auto/Accumulator2.xml (RunModel)" time="0.065" />
  <testcase classname="ptolemy.util.test.junit.AutoTests" name="[4] /home/travis/build/icyphy/ptII/ptolemy/actor/lib/test/auto/Accumulator3.xml (RunModel)" time="0.051" />
  <testcase classname="ptolemy.util.test.junit.AutoTests" name="[5] /home/travis/build/icyphy/ptII/ptolemy/actor/lib/test/auto/ArrayAppend.xml (RunModel)" time="0.045" />
  <testcase classname="ptolemy.util.test.junit.AutoTests" name="[6] /home/travis/build/icyphy/ptII/ptolemy/actor/lib/test/auto/ArrayAppend2.xml (RunModel)" time="0.592" />
  <testcase classname="ptolemy.util.test.junit.AutoTests" name="[7] /home/travis/build/icyphy/ptII/ptolemy/actor/lib/test/auto/ArrayAppend3.xml (RunModel)" time="0.031" />
  <testcase classname="ptolemy.util.test.junit.AutoTests" name="[8] /home/travis/build/icyphy/ptII/ptolemy/actor/lib/test/auto/ArrayAppend4.xml (RunModel)" time="0.018" />
  <testcase classname="ptolemy.util.test.junit.AutoTests" name="[9] /home/travis/build/icyphy/ptII/ptolemy/actor/lib/test/auto/ArrayAppend5.xml (RunModel)" time="0.014" />
  <testcase classname="ptolemy.util.test.junit.AutoTests" name="[10] /home/travis/build/icyphy/ptII/ptolemy/actor/lib/test/auto/ArrayAppend6.xml (RunModel)" time="0.013" />
  <testcase classname="ptolemy.util.test.junit.AutoTests" name="[11] /home/travis/build/icyphy/ptII/ptolemy/actor/lib/test/auto/ArrayAppendPerformanceTest.xml (RunModel)" time="0.043" />
  <testcase classname="ptolemy.util.test.junit.AutoTests" name="[12] /home/travis/build/icyphy/ptII/ptolemy/actor/lib/test/auto/ArrayAppendWithEmptyInput.xml (RunModel)" time="0.034" />
  <testcase classname="ptolemy.util.test.junit.AutoTests" name="[13] /home/travis/build/icyphy/ptII/ptolemy/actor/lib/test/auto/ArrayAverage.xml (RunModel)" time="0.04" />
  <testcase classname="ptolemy.util.test.junit.AutoTests" name="[14] /home/travis/build/icyphy/ptII/ptolemy/actor/lib/test/auto/ArrayContains.xml (RunModel)" time="0.05" />
  <testcase classname="ptolemy.util.test.junit.AutoTests" name="[15] /home/travis/build/icyphy/ptII/ptolemy/actor/lib/test/auto/ArrayElement.xml (RunModel)" time="0.043" />
  <testcase classname="ptolemy.util.test.junit.AutoTests" name="[16] /home/travis/build/icyphy/ptII/ptolemy/actor/lib/test/auto/ArrayElementAsMatrix.xml (RunModel)" time="0.067" />
  <testcase classname="ptolemy.util.test.junit.AutoTests" name="[17] /home/travis/build/icyphy/ptII/ptolemy/actor/lib/test/auto/ArrayElementI.xml (RunModel)" time="0.021" />
  <testcase classname="ptolemy.util.test.junit.AutoTests" name="[18] /home/travis/build/icyphy/ptII/ptolemy/actor/lib/test/auto/ArrayExtract.xml (RunModel)" time="0.024" />
  <testcase classname="ptolemy.util.test.junit.AutoTests" name="[19] /home/travis/build/icyphy/ptII/ptolemy/actor/lib/test/auto/ArrayExtract2.xml (RunModel)" time="0.015" />
  <testcase classname="ptolemy.util.test.junit.AutoTests" name="[20] /home/travis/build/icyphy/ptII/ptolemy/actor/lib/test/auto/ArrayLength.xml (RunModel)" time="0.017" />
  <testcase classname="ptolemy.util.test.junit.AutoTests" name="[21] /home/travis/build/icyphy/ptII/ptolemy/actor/lib/test/auto/ArrayLevelCrossing.xml (RunModel)" time="0.025" />
  <testcase classname="ptolemy.util.test.junit.AutoTests" name="[22] /home/travis/build/icyphy/ptII/ptolemy/actor/lib/test/auto/ArrayLevelCrossing2.xml (RunModel)" time="0.024" />
  <testcase classname="ptolemy.util.test.junit.AutoTests" name="[23] /home/travis/build/icyphy/ptII/ptolemy/actor/lib/test/auto/ArrayPeakSearch.xml (RunModel)" time="0.042" />
  <testcase classname="ptolemy.util.test.junit.AutoTests" name="[24] /home/travis/build/icyphy/ptII/ptolemy/actor/lib/test/auto/ArrayPeakSearch2.xml (RunModel)" time="0.044" />
  <testcase classname="ptolemy.util.test.junit.AutoTests" name="[25] /home/travis/build/icyphy/ptII/ptolemy/actor/lib/test/auto/ArrayPeakSearch3.xml (RunModel)" time="0.038" />
  <testcase classname="ptolemy.util.test.junit.AutoTests" name="[26] /home/travis/build/icyphy/ptII/ptolemy/actor/lib/test/auto/ArrayRemoveElement.xml (RunModel)" time="0.042" />
  <testcase classname="ptolemy.util.test.junit.AutoTests" name="[27] /home/travis/build/icyphy/ptII/ptolemy/actor/lib/test/auto/ArraySort.xml (RunModel)" time="0.037" />
  <testcase classname="ptolemy.util.test.junit.AutoTests" name="[28] /home/travis/build/icyphy/ptII/ptolemy/actor/lib/test/auto/ArraySum.xml (RunModel)" time="0.021" />
  <testcase classname="ptolemy.util.test.junit.AutoTests" name="[29] /home/travis/build/icyphy/ptII/ptolemy/actor/lib/test/auto/ArrayToElements.xml (RunModel)" time="0.022" />
  <testcase classname="ptolemy.util.test.junit.AutoTests" name="[30] /home/travis/build/icyphy/ptII/ptolemy/actor/lib/test/auto/ArrayToMatrix.xml (RunModel)" time="0.058" />
  <testcase classname="ptolemy.util.test.junit.AutoTests" name="[31] /home/travis/build/icyphy/ptII/ptolemy/actor/lib/test/auto/ArrayUpdate1.xml (RunModel)" time="0.019" />
  <testcase classname="ptolemy.util.test.junit.AutoTests" name="[32] /home/travis/build/icyphy/ptII/ptolemy/actor/lib/test/auto/ArrayUpdate2.xml (RunModel)" time="0.044" />
  <testcase classname="ptolemy.util.test.junit.AutoTests" name="[33] /home/travis/build/icyphy/ptII/ptolemy/actor/lib/test/auto/ArrayUpdate3.xml (RunModel)" time="0.024" />
  <testcase classname="ptolemy.util.test.junit.AutoTests" name="[34] /home/travis/build/icyphy/ptII/ptolemy/actor/lib/test/auto/Assert1.xml (RunModel)" time="0.023" />
  <testcase classname="ptolemy.util.test.junit.AutoTests" name="[35] /home/travis/build/icyphy/ptII/ptolemy/actor/lib/test/auto/Assert2.xml (RunModel)" time="0.017" />
  <testcase classname="ptolemy.util.test.junit.AutoTests" name="[36] /home/travis/build/icyphy/ptII/ptolemy/actor/lib/test/auto/BooleanMultiplexor.xml (RunModel)" time="0.02" />
  <testcase classname="ptolemy.util.test.junit.AutoTests" name="[37] /home/travis/build/icyphy/ptII/ptolemy/actor/lib/test/auto/BooleanMultiplexor2.xml (RunModel)" time="0.034" />
  <testcase classname="ptolemy.util.test.junit.AutoTests" name="[38] /home/travis/build/icyphy/ptII/ptolemy/actor/lib/test/auto/BooleanMultiplexor3.xml (RunModel)" time="0.021" />
  <testcase classname="ptolemy.util.test.junit.AutoTests" name="[39] /home/travis/build/icyphy/ptII/ptolemy/actor/lib/test/auto/BooleanSelect.xml (RunModel)" time="0.031" />
  <testcase classname="ptolemy.util.test.junit.AutoTests" name="[40] /home/travis/build/icyphy/ptII/ptolemy/actor/lib/test/auto/BooleanSelect2.xml (RunModel)" time="0.017" />
  <testcase classname="ptolemy.util.test.junit.AutoTests" name="[41] /home/travis/build/icyphy/ptII/ptolemy/actor/lib/test/auto/BooleanSwitch.xml (RunModel)" time="0.026" />
  <testcase classname="ptolemy.util.test.junit.AutoTests" name="[42] /home/travis/build/icyphy/ptII/ptolemy/actor/lib/test/auto/BooleanSwitch2.xml (RunModel)" time="0.017" />
  <testcase classname="ptolemy.util.test.junit.AutoTests" name="[43] /home/travis/build/icyphy/ptII/ptolemy/actor/lib/test/auto/BooleanSwitchCloningBugWithClassRelationGroup.xml (RunModel)" time="0.026" />
  <testcase classname="ptolemy.util.test.junit.AutoTests" name="[44] /home/travis/build/icyphy/ptII/ptolemy/actor/lib/test/auto/BusActors.xml (RunModel)" time="0.038" />
  <testcase classname="ptolemy.util.test.junit.AutoTests" name="[45] /home/travis/build/icyphy/ptII/ptolemy/actor/lib/test/auto/ClassWrapper.xml (RunModel)" time="0.025" />
  <testcase classname="ptolemy.util.test.junit.AutoTests" name="[46] /home/travis/build/icyphy/ptII/ptolemy/actor/lib/test/auto/Clock.xml (RunModel)" time="0.015" />
  <testcase classname="ptolemy.util.test.junit.AutoTests" name="[47] /home/travis/build/icyphy/ptII/ptolemy/actor/lib/test/auto/Clock10.xml (RunModel)" time="0.046" />
  <testcase classname="ptolemy.util.test.junit.AutoTests" name="[48] /home/travis/build/icyphy/ptII/ptolemy/actor/lib/test/auto/Clock11.xml (RunModel)" time="0.022" />
  <testcase classname="ptolemy.util.test.junit.AutoTests" name="[49] /home/travis/build/icyphy/ptII/ptolemy/actor/lib/test/auto/Clock12.xml (RunModel)" time="0.024" />
  <testcase classname="ptolemy.util.test.junit.AutoTests" name="[50] /home/travis/build/icyphy/ptII/ptolemy/actor/lib/test/auto/Clock13.xml (RunModel)" time="0.024" />
  <testcase classname="ptolemy.util.test.junit.AutoTests" name="[51] /home/travis/build/icyphy/ptII/ptolemy/actor/lib/test/auto/Clock14.xml (RunModel)" time="0.023" />
  <testcase classname="ptolemy.util.test.junit.AutoTests" name="[52] /home/travis/build/icyphy/ptII/ptolemy/actor/lib/test/auto/Clock15.xml (RunModel)" time="0.021" />
  <testcase classname="ptolemy.util.test.junit.AutoTests" name="[53] /home/travis/build/icyphy/ptII/ptolemy/actor/lib/test/auto/Clock16.xml (RunModel)" time="0.102" />
  <testcase classname="ptolemy.util.test.junit.AutoTests" name="[54] /home/travis/build/icyphy/ptII/ptolemy/actor/lib/test/auto/Clock17.xml (RunModel)" time="0.047" />
  <testcase classname="ptolemy.util.test.junit.AutoTests" name="[55] /home/travis/build/icyphy/ptII/ptolemy/actor/lib/test/auto/Clock18.xml (RunModel)" time="0.066" />
  <testcase classname="ptolemy.util.test.junit.AutoTests" name="[56] /home/travis/build/icyphy/ptII/ptolemy/actor/lib/test/auto/Clock19.xml (RunModel)" time="0.047" />
  <testcase classname="ptolemy.util.test.junit.AutoTests" name="[57] /home/travis/build/icyphy/ptII/ptolemy/actor/lib/test/auto/Clock2.xml (RunModel)" time="0.011" />
  <testcase classname="ptolemy.util.test.junit.AutoTests" name="[58] /home/travis/build/icyphy/ptII/ptolemy/actor/lib/test/auto/Clock20.xml (RunModel)" time="0.022" />
  <testcase classname="ptolemy.util.test.junit.AutoTests" name="[59] /home/travis/build/icyphy/ptII/ptolemy/actor/lib/test/auto/Clock21.xml (RunModel)" time="0.017" />
  <testcase classname="ptolemy.util.test.junit.AutoTests" name="[60] /home/travis/build/icyphy/ptII/ptolemy/actor/lib/test/auto/Clock22.xml (RunModel)" time="0.018" />
  <testcase classname="ptolemy.util.test.junit.AutoTests" name="[61] /home/travis/build/icyphy/ptII/ptolemy/actor/lib/test/auto/Clock23.xml (RunModel)" time="0.014" />
  <testcase classname="ptolemy.util.test.junit.AutoTests" name="[62] /home/travis/build/icyphy/ptII/ptolemy/actor/lib/test/auto/Clock24.xml (RunModel)" time="0.016" />
  <testcase classname="ptolemy.util.test.junit.AutoTests" name="[63] /home/travis/build/icyphy/ptII/ptolemy/actor/lib/test/auto/Clock4.xml (RunModel)" time="0.014" />
  <testcase classname="ptolemy.util.test.junit.AutoTests" name="[64] /home/travis/build/icyphy/ptII/ptolemy/actor/lib/test/auto/Clock5.xml (RunModel)" time="0.023" />
  <testcase classname="ptolemy.util.test.junit.AutoTests" name="[65] /home/travis/build/icyphy/ptII/ptolemy/actor/lib/test/auto/Clock6.xml (RunModel)" time="0.024" />
  <testcase classname="ptolemy.util.test.junit.AutoTests" name="[66] /home/travis/build/icyphy/ptII/ptolemy/actor/lib/test/auto/Clock7.xml (RunModel)" time="0.011" />
  <testcase classname="ptolemy.util.test.junit.AutoTests" name="[67] /home/travis/build/icyphy/ptII/ptolemy/actor/lib/test/auto/Clock8.xml (RunModel)" time="0.017" />
  <testcase classname="ptolemy.util.test.junit.AutoTests" name="[68] /home/travis/build/icyphy/ptII/ptolemy/actor/lib/test/auto/Clock9.xml (RunModel)" time="0.017" />
  <testcase classname="ptolemy.util.test.junit.AutoTests" name="[69] /home/travis/build/icyphy/ptII/ptolemy/actor/lib/test/auto/CommDistDiscard.xml (RunModel)" time="0.026" />
  <testcase classname="ptolemy.util.test.junit.AutoTests" name="[70] /home/travis/build/icyphy/ptII/ptolemy/actor/lib/test/auto/Commutator.xml (RunModel)" time="0.015" />
  <testcase classname="ptolemy.util.test.junit.AutoTests" name="[71] /home/travis/build/icyphy/ptII/ptolemy/actor/lib/test/auto/Commutator2.xml (RunModel)" time="0.011" />
  <testcase classname="ptolemy.util.test.junit.AutoTests" name="[72] /home/travis/build/icyphy/ptII/ptolemy/actor/lib/test/auto/Commutator3.xml (RunModel)" time="0.013" />
  <testcase classname="ptolemy.util.test.junit.AutoTests" name="[73] /home/travis/build/icyphy/ptII/ptolemy/actor/lib/test/auto/Compare.xml (RunModel)" time="0.02" />
  <testcase classname="ptolemy.util.test.junit.AutoTests" name="[74] /home/travis/build/icyphy/ptII/ptolemy/actor/lib/test/auto/CompareDE.xml (RunModel)" time="0.02" />
  <testcase classname="ptolemy.util.test.junit.AutoTests" name="[75] /home/travis/build/icyphy/ptII/ptolemy/actor/lib/test/auto/ComplexDivide.xml (RunModel)" time="0.012" />
  <testcase classname="ptolemy.util.test.junit.AutoTests" name="[76] /home/travis/build/icyphy/ptII/ptolemy/actor/lib/test/auto/ComputeHistogram.xml (RunModel)" time="0.074" />
  <testcase classname="ptolemy.util.test.junit.AutoTests" name="[77] /home/travis/build/icyphy/ptII/ptolemy/actor/lib/test/auto/ConfigurationSelect.xml (RunModel)" time="0.023" />
  <testcase classname="ptolemy.util.test.junit.AutoTests" name="[78] /home/travis/build/icyphy/ptII/ptolemy/actor/lib/test/auto/ConfigurationSelect2.xml (RunModel)" time="0.019" />
  <testcase classname="ptolemy.util.test.junit.AutoTests" name="[79] /home/travis/build/icyphy/ptII/ptolemy/actor/lib/test/auto/ConfigurationSwitch.xml (RunModel)" time="0.026" />
  <testcase classname="ptolemy.util.test.junit.AutoTests" name="[80] /home/travis/build/icyphy/ptII/ptolemy/actor/lib/test/auto/ConfigurationSwitch2.xml (RunModel)" time="0.027" />
  <testcase classname="ptolemy.util.test.junit.AutoTests" name="[81] /home/travis/build/icyphy/ptII/ptolemy/actor/lib/test/auto/ConfigurationSwitchCloningBugWithClassRelationGroup.xml (RunModel)" time="0.023" />
  <testcase classname="ptolemy.util.test.junit.AutoTests" name="[82] /home/travis/build/icyphy/ptII/ptolemy/actor/lib/test/auto/ConfigurationSwitchSelectSDF.xml (RunModel)" time="0.017" />
  <testcase classname="ptolemy.util.test.junit.AutoTests" name="[83] /home/travis/build/icyphy/ptII/ptolemy/actor/lib/test/auto/ConfigurationSwitchSelectSDF2.xml (RunModel)" time="0.017" />
  <testcase classname="ptolemy.util.test.junit.AutoTests" name="[84] /home/travis/build/icyphy/ptII/ptolemy/actor/lib/test/auto/Const.xml (RunModel)" time="0.007" />
  <testcase classname="ptolemy.util.test.junit.AutoTests" name="[85] /home/travis/build/icyphy/ptII/ptolemy/actor/lib/test/auto/Const2.xml (RunModel)" time="0.011" />
  <testcase classname="ptolemy.util.test.junit.AutoTests" name="[86] /home/travis/build/icyphy/ptII/ptolemy/actor/lib/test/auto/Const3.xml (RunModel)" time="0.012" />
  <testcase classname="ptolemy.util.test.junit.AutoTests" name="[87] /home/travis/build/icyphy/ptII/ptolemy/actor/lib/test/auto/ConstantPublisherPort1.xml (RunModel)" time="0.024" />
  <testcase classname="ptolemy.util.test.junit.AutoTests" name="[88] /home/travis/build/icyphy/ptII/ptolemy/actor/lib/test/auto/ConstantPublisherPort2.xml (RunModel)" time="0.028" />
  <testcase classname="ptolemy.util.test.junit.AutoTests" name="[89] /home/travis/build/icyphy/ptII/ptolemy/actor/lib/test/auto/ConstantPublisherPort3.xml (RunModel)" time="0.022" />
  <testcase classname="ptolemy.util.test.junit.AutoTests" name="[90] /home/travis/build/icyphy/ptII/ptolemy/actor/lib/test/auto/ConstantPublisherPort4.xml (RunModel)" time="0.018" />
  <testcase classname="ptolemy.util.test.junit.AutoTests" name="[91] /home/travis/build/icyphy/ptII/ptolemy/actor/lib/test/auto/ConstantPublisherPort5.xml (RunModel)" time="0.042" />
  <testcase classname="ptolemy.util.test.junit.AutoTests" name="[92] /home/travis/build/icyphy/ptII/ptolemy/actor/lib/test/auto/ConstantPublisherPort6.xml (RunModel)" time="0.031" />
  <testcase classname="ptolemy.util.test.junit.AutoTests" name="[93] /home/travis/build/icyphy/ptII/ptolemy/actor/lib/test/auto/ConstantPublisherPort7.xml (RunModel)" time="0.035" />
  <testcase classname="ptolemy.util.test.junit.AutoTests" name="[94] /home/travis/build/icyphy/ptII/ptolemy/actor/lib/test/auto/ConstraintMonitor1.xml (RunModel)" time="0.042" />
  <testcase classname="ptolemy.util.test.junit.AutoTests" name="[95] /home/travis/build/icyphy/ptII/ptolemy/actor/lib/test/auto/ConstraintMonitor2.xml (RunModel)" time="0.02" />
  <testcase classname="ptolemy.util.test.junit.AutoTests" name="[96] /home/travis/build/icyphy/ptII/ptolemy/actor/lib/test/auto/ConstraintMonitor3.xml (RunModel)" time="0.018" />
  <testcase classname="ptolemy.util.test.junit.AutoTests" name="[97] /home/travis/build/icyphy/ptII/ptolemy/actor/lib/test/auto/ConstraintMonitor4.xml (RunModel)" time="0.015" />
  <testcase classname="ptolemy.util.test.junit.AutoTests" name="[98] /home/travis/build/icyphy/ptII/ptolemy/actor/lib/test/auto/ConstraintMonitor5.xml (RunModel)" time="0.011" />
  <testcase classname="ptolemy.util.test.junit.AutoTests" name="[99] /home/travis/build/icyphy/ptII/ptolemy/actor/lib/test/auto/ConstraintMonitor6.xml (RunModel)" time="0.018" />
  <testcase classname="ptolemy.util.test.junit.AutoTests" name="[100] /home/travis/build/icyphy/ptII/ptolemy/actor/lib/test/auto/ConstraintMonitor7.xml (RunModel)" time="0.021" />
  <testcase classname="ptolemy.util.test.junit.AutoTests" name="[101] /home/travis/build/icyphy/ptII/ptolemy/actor/lib/test/auto/ConstraintMonitor8.xml (RunModel)" time="0.018" />
  <testcase classname="ptolemy.util.test.junit.AutoTests" name="[102] /home/travis/build/icyphy/ptII/ptolemy/actor/lib/test/auto/Counter.xml (RunModel)" time="0.014" />
  <testcase classname="ptolemy.util.test.junit.AutoTests" name="[103] /home/travis/build/icyphy/ptII/ptolemy/actor/lib/test/auto/CurrentTimeSDF.xml (RunModel)" time="0.009" />
  <testcase classname="ptolemy.util.test.junit.AutoTests" name="[104] /home/travis/build/icyphy/ptII/ptolemy/actor/lib/test/auto/DB.xml (RunModel)" time="0.014" />
  <testcase classname="ptolemy.util.test.junit.AutoTests" name="[105] /home/travis/build/icyphy/ptII/ptolemy/actor/lib/test/auto/DBDE.xml (RunModel)" time="0.019" />
  <testcase classname="ptolemy.util.test.junit.AutoTests" name="[106] /home/travis/build/icyphy/ptII/ptolemy/actor/lib/test/auto/DateConstructor.xml (RunModel)" time="0.072" />
  <testcase classname="ptolemy.util.test.junit.AutoTests" name="[107] /home/travis/build/icyphy/ptII/ptolemy/actor/lib/test/auto/DelayTime.xml (RunModel)" time="0.018" />
  <testcase classname="ptolemy.util.test.junit.AutoTests" name="[108] /home/travis/build/icyphy/ptII/ptolemy/actor/lib/test/auto/Dictionary1.xml (RunModel)" time="0.017" />
  <testcase classname="ptolemy.util.test.junit.AutoTests" name="[109] /home/travis/build/icyphy/ptII/ptolemy/actor/lib/test/auto/Dictionary2.xml (RunModel)" time="0.02" />
  <testcase classname="ptolemy.util.test.junit.AutoTests" name="[110] /home/travis/build/icyphy/ptII/ptolemy/actor/lib/test/auto/Dictionary3.xml (RunModel)" time="0.014" />
  <testcase classname="ptolemy.util.test.junit.AutoTests" name="[111] /home/travis/build/icyphy/ptII/ptolemy/actor/lib/test/auto/Dictionary4.xml (RunModel)" time="0.026" />
  <testcase classname="ptolemy.util.test.junit.AutoTests" name="[112] /home/travis/build/icyphy/ptII/ptolemy/actor/lib/test/auto/Differential.xml (RunModel)" time="0.013" />
  <testcase classname="ptolemy.util.test.junit.AutoTests" name="[113] /home/travis/build/icyphy/ptII/ptolemy/actor/lib/test/auto/Director.xml (RunModel)" time="0.01" />
  <testcase classname="ptolemy.util.test.junit.AutoTests" name="[114] /home/travis/build/icyphy/ptII/ptolemy/actor/lib/test/auto/DiscreteClock.xml (RunModel)" time="0.009" />
  <testcase classname="ptolemy.util.test.junit.AutoTests" name="[115] /home/travis/build/icyphy/ptII/ptolemy/actor/lib/test/auto/DiscreteClock10.xml (RunModel)" time="0.013" />
  <testcase classname="ptolemy.util.test.junit.AutoTests" name="[116] /home/travis/build/icyphy/ptII/ptolemy/actor/lib/test/auto/DiscreteClock11.xml (RunModel)" time="0.011" />
  <testcase classname="ptolemy.util.test.junit.AutoTests" name="[117] /home/travis/build/icyphy/ptII/ptolemy/actor/lib/test/auto/DiscreteClock12.xml (RunModel)" time="0.015" />
  <testcase classname="ptolemy.util.test.junit.AutoTests" name="[118] /home/travis/build/icyphy/ptII/ptolemy/actor/lib/test/auto/DiscreteClock13.xml (RunModel)" time="0.016" />
  <testcase classname="ptolemy.util.test.junit.AutoTests" name="[119] /home/travis/build/icyphy/ptII/ptolemy/actor/lib/test/auto/DiscreteClock14.xml (RunModel)" time="0.016" />
  <testcase classname="ptolemy.util.test.junit.AutoTests" name="[120] /home/travis/build/icyphy/ptII/ptolemy/actor/lib/test/auto/DiscreteClock15.xml (RunModel)" time="0.019" />
  <testcase classname="ptolemy.util.test.junit.AutoTests" name="[121] /home/travis/build/icyphy/ptII/ptolemy/actor/lib/test/auto/DiscreteClock16.xml (RunModel)" time="0.048" />
  <testcase classname="ptolemy.util.test.junit.AutoTests" name="[122] /home/travis/build/icyphy/ptII/ptolemy/actor/lib/test/auto/DiscreteClock17.xml (RunModel)" time="0.04" />
  <testcase classname="ptolemy.util.test.junit.AutoTests" name="[123] /home/travis/build/icyphy/ptII/ptolemy/actor/lib/test/auto/DiscreteClock18.xml (RunModel)" time="0.05" />
  <testcase classname="ptolemy.util.test.junit.AutoTests" name="[124] /home/travis/build/icyphy/ptII/ptolemy/actor/lib/test/auto/DiscreteClock19.xml (RunModel)" time="0.05" />
  <testcase classname="ptolemy.util.test.junit.AutoTests" name="[125] /home/travis/build/icyphy/ptII/ptolemy/actor/lib/test/auto/DiscreteClock2.xml (RunModel)" time="0.012" />
  <testcase classname="ptolemy.util.test.junit.AutoTests" name="[126] /home/travis/build/icyphy/ptII/ptolemy/actor/lib/test/auto/DiscreteClock20.xml (RunModel)" time="0.022" />
  <testcase classname="ptolemy.util.test.junit.AutoTests" name="[127] /home/travis/build/icyphy/ptII/ptolemy/actor/lib/test/auto/DiscreteClock21.xml (RunModel)" time="0.02" />
  <testcase classname="ptolemy.util.test.junit.AutoTests" name="[128] /home/travis/build/icyphy/ptII/ptolemy/actor/lib/test/auto/DiscreteClock22.xml (RunModel)" time="0.016" />
  <testcase classname="ptolemy.util.test.junit.AutoTests" name="[129] /home/travis/build/icyphy/ptII/ptolemy/actor/lib/test/auto/DiscreteClock23.xml (RunModel)" time="0.014" />
  <testcase classname="ptolemy.util.test.junit.AutoTests" name="[130] /home/travis/build/icyphy/ptII/ptolemy/actor/lib/test/auto/DiscreteClock24.xml (RunModel)" time="0.015" />
  <testcase classname="ptolemy.util.test.junit.AutoTests" name="[131] /home/travis/build/icyphy/ptII/ptolemy/actor/lib/test/auto/DiscreteClock4.xml (RunModel)" time="0.012" />
  <testcase classname="ptolemy.util.test.junit.AutoTests" name="[132] /home/travis/build/icyphy/ptII/ptolemy/actor/lib/test/auto/DiscreteClock5.xml (RunModel)" time="0.009" />
  <testcase classname="ptolemy.util.test.junit.AutoTests" name="[133] /home/travis/build/icyphy/ptII/ptolemy/actor/lib/test/auto/DiscreteClock6.xml (RunModel)" time="0.011" />
  <testcase classname="ptolemy.util.test.junit.AutoTests" name="[134] /home/travis/build/icyphy/ptII/ptolemy/actor/lib/test/auto/DiscreteClock7.xml (RunModel)" time="0.011" />
  <testcase classname="ptolemy.util.test.junit.AutoTests" name="[135] /home/travis/build/icyphy/ptII/ptolemy/actor/lib/test/auto/DiscreteClock8.xml (RunModel)" time="0.021" />
  <testcase classname="ptolemy.util.test.junit.AutoTests" name="[136] /home/travis/build/icyphy/ptII/ptolemy/actor/lib/test/auto/DiscreteClock9.xml (RunModel)" time="0.015" />
  <testcase classname="ptolemy.util.test.junit.AutoTests" name="[137] /home/travis/build/icyphy/ptII/ptolemy/actor/lib/test/auto/DisplayArray.xml (RunModel)" time="0.011" />
  <testcase classname="ptolemy.util.test.junit.AutoTests" name="[138] /home/travis/build/icyphy/ptII/ptolemy/actor/lib/test/auto/Distributor.xml (RunModel)" time="0.01" />
  <testcase classname="ptolemy.util.test.junit.AutoTests" name="[139] /home/travis/build/icyphy/ptII/ptolemy/actor/lib/test/auto/Distributor2.xml (RunModel)" time="0.012" />
  <testcase classname="ptolemy.util.test.junit.AutoTests" name="[140] /home/travis/build/icyphy/ptII/ptolemy/actor/lib/test/auto/DownSample.xml (RunModel)" time="0.012" />
  <testcase classname="ptolemy.util.test.junit.AutoTests" name="[141] /home/travis/build/icyphy/ptII/ptolemy/actor/lib/test/auto/ElectronicUnitBase1.xml (RunModel)" time="0.063" />
  <testcase classname="ptolemy.util.test.junit.AutoTests" name="[142] /home/travis/build/icyphy/ptII/ptolemy/actor/lib/test/auto/ElementsToArray.xml (RunModel)" time="0.012" />
  <testcase classname="ptolemy.util.test.junit.AutoTests" name="[143] /home/travis/build/icyphy/ptII/ptolemy/actor/lib/test/auto/Equals.xml (RunModel)" time="0.014" />
  <testcase classname="ptolemy.util.test.junit.AutoTests" name="[144] /home/travis/build/icyphy/ptII/ptolemy/actor/lib/test/auto/Exec.xml (RunModel)" time="0.027" />
  <testcase classname="ptolemy.util.test.junit.AutoTests" name="[145] /home/travis/build/icyphy/ptII/ptolemy/actor/lib/test/auto/ExecEnvironment.xml (RunModel)" time="0.037" />
  <testcase classname="ptolemy.util.test.junit.AutoTests" name="[146] /home/travis/build/icyphy/ptII/ptolemy/actor/lib/test/auto/ExecNonZeroReturnOutput.xml (RunModel)" time="0.194" />
  <testcase classname="ptolemy.util.test.junit.AutoTests" name="[147] /home/travis/build/icyphy/ptII/ptolemy/actor/lib/test/auto/ExecRunDemos.xml (RunModel)" time="11.254" />
  <testcase classname="ptolemy.util.test.junit.AutoTests" name="[148] /home/travis/build/icyphy/ptII/ptolemy/actor/lib/test/auto/ExecStop.xml (RunModel)" time="5.041" />
  <testcase classname="ptolemy.util.test.junit.AutoTests" name="[149] /home/travis/build/icyphy/ptII/ptolemy/actor/lib/test/auto/ExecutionTimeSDF.xml (RunModel)" time="6.045">
    <error type="java.lang.reflect.InvocationTargetException">java.lang.reflect.InvocationTargetException
	at jdk.internal.reflect.GeneratedConstructorAccessor36.newInstance(Unknown Source)
	at java.base/jdk.internal.reflect.DelegatingConstructorAccessorImpl.newInstance(DelegatingConstructorAccessorImpl.java:45)
	at java.base/java.lang.reflect.Constructor.newInstance(Constructor.java:490)
	at ptolemy.util.test.junit.AutoTests.RunModel(AutoTests.java:193)
	at jdk.internal.reflect.GeneratedMethodAccessor43.invoke(Unknown Source)
	at java.base/jdk.internal.reflect.DelegatingMethodAccessorImpl.invoke(DelegatingMethodAccessorImpl.java:43)
	at junitparams.internal.InvokeParameterisedMethod.evaluate(InvokeParameterisedMethod.java:102)
Caused by: ptolemy.kernel.util.IllegalActionException: Test fails in iteration 0.
Value was: 6001L. Should have been: 6000L
  in .ExecutionTimeSDF.NonStrictTest
	at ptolemy.actor.lib.NonStrictTest.postfire(NonStrictTest.java:328)
	at ptolemy.actor.AtomicActor.iterate(AtomicActor.java:518)
	at ptolemy.actor.sched.StaticSchedulingDirector.fire(StaticSchedulingDirector.java:216)
	at ptolemy.domains.sdf.kernel.SDFDirector.fire(SDFDirector.java:500)
	at ptolemy.actor.CompositeActor.fire(CompositeActor.java:455)
	at ptolemy.actor.Manager.iterate(Manager.java:851)
	at ptolemy.actor.Manager.execute(Manager.java:369)
	at ptolemy.actor.Manager.run(Manager.java:1263)
	at ptolemy.actor.Manager$PtolemyRunThread.run(Manager.java:1933)
</error>
  </testcase>
  <testcase classname="ptolemy.util.test.junit.AutoTests" name="[150] /home/travis/build/icyphy/ptII/ptolemy/actor/lib/test/auto/Expression1.xml (RunModel)" time="0.009" />
  <testcase classname="ptolemy.util.test.junit.AutoTests" name="[151] /home/travis/build/icyphy/ptII/ptolemy/actor/lib/test/auto/Expression10.xml (RunModel)" time="0.022" />
  <testcase classname="ptolemy.util.test.junit.AutoTests" name="[152] /home/travis/build/icyphy/ptII/ptolemy/actor/lib/test/auto/Expression11.xml (RunModel)" time="0.025" />
  <testcase classname="ptolemy.util.test.junit.AutoTests" name="[153] /home/travis/build/icyphy/ptII/ptolemy/actor/lib/test/auto/Expression12.xml (RunModel)" time="0.016" />
  <testcase classname="ptolemy.util.test.junit.AutoTests" name="[154] /home/travis/build/icyphy/ptII/ptolemy/actor/lib/test/auto/Expression13.xml (RunModel)" time="0.012" />
  <testcase classname="ptolemy.util.test.junit.AutoTests" name="[155] /home/travis/build/icyphy/ptII/ptolemy/actor/lib/test/auto/Expression14.xml (RunModel)" time="0.016" />
  <testcase classname="ptolemy.util.test.junit.AutoTests" name="[156] /home/travis/build/icyphy/ptII/ptolemy/actor/lib/test/auto/Expression15.xml (RunModel)" time="0.008" />
  <testcase classname="ptolemy.util.test.junit.AutoTests" name="[157] /home/travis/build/icyphy/ptII/ptolemy/actor/lib/test/auto/Expression16.xml (RunModel)" time="0.011" />
  <testcase classname="ptolemy.util.test.junit.AutoTests" name="[158] /home/travis/build/icyphy/ptII/ptolemy/actor/lib/test/auto/Expression17.xml (RunModel)" time="0.011" />
  <testcase classname="ptolemy.util.test.junit.AutoTests" name="[159] /home/travis/build/icyphy/ptII/ptolemy/actor/lib/test/auto/Expression18.xml (RunModel)" time="0.013" />
  <testcase classname="ptolemy.util.test.junit.AutoTests" name="[160] /home/travis/build/icyphy/ptII/ptolemy/actor/lib/test/auto/Expression2.xml (RunModel)" time="0.012" />
  <testcase classname="ptolemy.util.test.junit.AutoTests" name="[161] /home/travis/build/icyphy/ptII/ptolemy/actor/lib/test/auto/Expression3.xml (RunModel)" time="0.011" />
  <testcase classname="ptolemy.util.test.junit.AutoTests" name="[162] /home/travis/build/icyphy/ptII/ptolemy/actor/lib/test/auto/Expression4.xml (RunModel)" time="0.017" />
  <testcase classname="ptolemy.util.test.junit.AutoTests" name="[163] /home/travis/build/icyphy/ptII/ptolemy/actor/lib/test/auto/Expression5.xml (RunModel)" time="0.013" />
  <testcase classname="ptolemy.util.test.junit.AutoTests" name="[164] /home/travis/build/icyphy/ptII/ptolemy/actor/lib/test/auto/Expression6.xml (RunModel)" time="0.011" />
  <testcase classname="ptolemy.util.test.junit.AutoTests" name="[165] /home/travis/build/icyphy/ptII/ptolemy/actor/lib/test/auto/Expression7.xml (RunModel)" time="0.016" />
  <testcase classname="ptolemy.util.test.junit.AutoTests" name="[166] /home/travis/build/icyphy/ptII/ptolemy/actor/lib/test/auto/Expression8.xml (RunModel)" time="0.016" />
  <testcase classname="ptolemy.util.test.junit.AutoTests" name="[167] /home/travis/build/icyphy/ptII/ptolemy/actor/lib/test/auto/Expression9.xml (RunModel)" time="0.009" />
  <testcase classname="ptolemy.util.test.junit.AutoTests" name="[168] /home/travis/build/icyphy/ptII/ptolemy/actor/lib/test/auto/ExpressionConcatenateArrayType.xml (RunModel)" time="0.027" />
  <testcase classname="ptolemy.util.test.junit.AutoTests" name="[169] /home/travis/build/icyphy/ptII/ptolemy/actor/lib/test/auto/ExpressionConcatenateArrayType2.xml (RunModel)" time="0.022" />
  <testcase classname="ptolemy.util.test.junit.AutoTests" name="[170] /home/travis/build/icyphy/ptII/ptolemy/actor/lib/test/auto/ExpressionFix.xml (RunModel)" time="0.045" />
  <testcase classname="ptolemy.util.test.junit.AutoTests" name="[171] /home/travis/build/icyphy/ptII/ptolemy/actor/lib/test/auto/ExpressionFix2.xml (RunModel)" time="0.012" />
  <testcase classname="ptolemy.util.test.junit.AutoTests" name="[172] /home/travis/build/icyphy/ptII/ptolemy/actor/lib/test/auto/ExpressionFix3.xml (RunModel)" time="0.014" />
  <testcase classname="ptolemy.util.test.junit.AutoTests" name="[173] /home/travis/build/icyphy/ptII/ptolemy/actor/lib/test/auto/FileWriter1.xml (RunModel)" time="0.009" />
  <testcase classname="ptolemy.util.test.junit.AutoTests" name="[174] /home/travis/build/icyphy/ptII/ptolemy/actor/lib/test/auto/FileWriter2.xml (RunModel)" time="0.015" />
  <testcase classname="ptolemy.util.test.junit.AutoTests" name="[175] /home/travis/build/icyphy/ptII/ptolemy/actor/lib/test/auto/FileWriter3.xml (RunModel)" time="0.011" />
  <testcase classname="ptolemy.util.test.junit.AutoTests" name="[176] /home/travis/build/icyphy/ptII/ptolemy/actor/lib/test/auto/Gaussian.xml (RunModel)" time="0.012" />
  <testcase classname="ptolemy.util.test.junit.AutoTests" name="[177] /home/travis/build/icyphy/ptII/ptolemy/actor/lib/test/auto/Gaussian1.xml (RunModel)" time="0.017" />
  <testcase classname="ptolemy.util.test.junit.AutoTests" name="[178] /home/travis/build/icyphy/ptII/ptolemy/actor/lib/test/auto/Gaussian2.xml (RunModel)" time="0.023" />
  <testcase classname="ptolemy.util.test.junit.AutoTests" name="[179] /home/travis/build/icyphy/ptII/ptolemy/actor/lib/test/auto/GradientAdaptiveLattice.xml (RunModel)" time="0.019" />
  <testcase classname="ptolemy.util.test.junit.AutoTests" name="[180] /home/travis/build/icyphy/ptII/ptolemy/actor/lib/test/auto/IIR.xml (RunModel)" time="0.01" />
  <testcase classname="ptolemy.util.test.junit.AutoTests" name="[181] /home/travis/build/icyphy/ptII/ptolemy/actor/lib/test/auto/InputOutputTransparentPorts.xml (RunModel)" time="0.018" />
  <testcase classname="ptolemy.util.test.junit.AutoTests" name="[182] /home/travis/build/icyphy/ptII/ptolemy/actor/lib/test/auto/Interpolator.xml (RunModel)" time="0.012" />
  <testcase classname="ptolemy.util.test.junit.AutoTests" name="[183] /home/travis/build/icyphy/ptII/ptolemy/actor/lib/test/auto/InterpolatorFiringLimitDE.xml (RunModel)" time="0.013" />
  <testcase classname="ptolemy.util.test.junit.AutoTests" name="[184] /home/travis/build/icyphy/ptII/ptolemy/actor/lib/test/auto/Lattice.xml (RunModel)" time="0.009" />
  <testcase classname="ptolemy.util.test.junit.AutoTests" name="[185] /home/travis/build/icyphy/ptII/ptolemy/actor/lib/test/auto/LazyAOCTestLazy.xml (RunModel)" time="0.048" />
  <testcase classname="ptolemy.util.test.junit.AutoTests" name="[186] /home/travis/build/icyphy/ptII/ptolemy/actor/lib/test/auto/LazyAOCTestNonLazy.xml (RunModel)" time="0.04" />
  <testcase classname="ptolemy.util.test.junit.AutoTests" name="[187] /home/travis/build/icyphy/ptII/ptolemy/actor/lib/test/auto/LazyInnerClass.xml (RunModel)" time="0.056" />
  <testcase classname="ptolemy.util.test.junit.AutoTests" name="[188] /home/travis/build/icyphy/ptII/ptolemy/actor/lib/test/auto/LazyPubSub.xml (RunModel)" time="0.068" />
  <testcase classname="ptolemy.util.test.junit.AutoTests" name="[189] /home/travis/build/icyphy/ptII/ptolemy/actor/lib/test/auto/LazyPubSub2.xml (RunModel)" time="0.053" />
  <testcase classname="ptolemy.util.test.junit.AutoTests" name="[190] /home/travis/build/icyphy/ptII/ptolemy/actor/lib/test/auto/LazyPubSub3.xml (RunModel)" time="0.025" />
  <testcase classname="ptolemy.util.test.junit.AutoTests" name="[191] /home/travis/build/icyphy/ptII/ptolemy/actor/lib/test/auto/LazySubClassModel.xml (RunModel)" time="0.019" />
  <testcase classname="ptolemy.util.test.junit.AutoTests" name="[192] /home/travis/build/icyphy/ptII/ptolemy/actor/lib/test/auto/LevelCrossTest1.xml (RunModel)" time="0.01" />
  <testcase classname="ptolemy.util.test.junit.AutoTests" name="[193] /home/travis/build/icyphy/ptII/ptolemy/actor/lib/test/auto/LevelCrossTest10.xml (RunModel)" time="0.016" />
  <testcase classname="ptolemy.util.test.junit.AutoTests" name="[194] /home/travis/build/icyphy/ptII/ptolemy/actor/lib/test/auto/LevelCrossTest11.xml (RunModel)" time="0.013" />
  <testcase classname="ptolemy.util.test.junit.AutoTests" name="[195] /home/travis/build/icyphy/ptII/ptolemy/actor/lib/test/auto/LevelCrossTest12.xml (RunModel)" time="0.013" />
  <testcase classname="ptolemy.util.test.junit.AutoTests" name="[196] /home/travis/build/icyphy/ptII/ptolemy/actor/lib/test/auto/LevelCrossTest13.xml (RunModel)" time="0.013" />
  <testcase classname="ptolemy.util.test.junit.AutoTests" name="[197] /home/travis/build/icyphy/ptII/ptolemy/actor/lib/test/auto/LevelCrossTest2.xml (RunModel)" time="0.01" />
  <testcase classname="ptolemy.util.test.junit.AutoTests" name="[198] /home/travis/build/icyphy/ptII/ptolemy/actor/lib/test/auto/LevelCrossTest3.xml (RunModel)" time="0.011" />
  <testcase classname="ptolemy.util.test.junit.AutoTests" name="[199] /home/travis/build/icyphy/ptII/ptolemy/actor/lib/test/auto/LevelCrossTest4.xml (RunModel)" time="0.011" />
  <testcase classname="ptolemy.util.test.junit.AutoTests" name="[200] /home/travis/build/icyphy/ptII/ptolemy/actor/lib/test/auto/LevelCrossTest5.xml (RunModel)" time="0.014" />
  <testcase classname="ptolemy.util.test.junit.AutoTests" name="[201] /home/travis/build/icyphy/ptII/ptolemy/actor/lib/test/auto/LevelCrossTest6.xml (RunModel)" time="0.022" />
  <testcase classname="ptolemy.util.test.junit.AutoTests" name="[202] /home/travis/build/icyphy/ptII/ptolemy/actor/lib/test/auto/LevelCrossTest7.xml (RunModel)" time="0.014" />
  <testcase classname="ptolemy.util.test.junit.AutoTests" name="[203] /home/travis/build/icyphy/ptII/ptolemy/actor/lib/test/auto/LevelCrossTest8.xml (RunModel)" time="0.015" />
  <testcase classname="ptolemy.util.test.junit.AutoTests" name="[204] /home/travis/build/icyphy/ptII/ptolemy/actor/lib/test/auto/LevelCrossTest9.xml (RunModel)" time="0.014" />
  <testcase classname="ptolemy.util.test.junit.AutoTests" name="[205] /home/travis/build/icyphy/ptII/ptolemy/actor/lib/test/auto/LevinsonDurbin.xml (RunModel)" time="0.013" />
  <testcase classname="ptolemy.util.test.junit.AutoTests" name="[206] /home/travis/build/icyphy/ptII/ptolemy/actor/lib/test/auto/LevinsonDurbin2.xml (RunModel)" time="0.009" />
  <testcase classname="ptolemy.util.test.junit.AutoTests" name="[207] /home/travis/build/icyphy/ptII/ptolemy/actor/lib/test/auto/LevinsonDurbin3.xml (RunModel)" time="0.011" />
  <testcase classname="ptolemy.util.test.junit.AutoTests" name="[208] /home/travis/build/icyphy/ptII/ptolemy/actor/lib/test/auto/Limiter.xml (RunModel)" time="0.049" />
  <testcase classname="ptolemy.util.test.junit.AutoTests" name="[209] /home/travis/build/icyphy/ptII/ptolemy/actor/lib/test/auto/LinearDifferenceEquationSystem.xml (RunModel)" time="0.028" />
  <testcase classname="ptolemy.util.test.junit.AutoTests" name="[210] /home/travis/build/icyphy/ptII/ptolemy/actor/lib/test/auto/LookupTable.xml (RunModel)" time="0.025" />
  <testcase classname="ptolemy.util.test.junit.AutoTests" name="[211] /home/travis/build/icyphy/ptII/ptolemy/actor/lib/test/auto/MathFunction.xml (RunModel)" time="0.031" />
  <testcase classname="ptolemy.util.test.junit.AutoTests" name="[212] /home/travis/build/icyphy/ptII/ptolemy/actor/lib/test/auto/MathFunction2.xml (RunModel)" time="0.019" />
  <testcase classname="ptolemy.util.test.junit.AutoTests" name="[213] /home/travis/build/icyphy/ptII/ptolemy/actor/lib/test/auto/MathFunction3.xml (RunModel)" time="0.019" />
  <testcase classname="ptolemy.util.test.junit.AutoTests" name="[214] /home/travis/build/icyphy/ptII/ptolemy/actor/lib/test/auto/MatrixCropBoolean.xml (RunModel)" time="0.014" />
  <testcase classname="ptolemy.util.test.junit.AutoTests" name="[215] /home/travis/build/icyphy/ptII/ptolemy/actor/lib/test/auto/MatrixCropComplex.xml (RunModel)" time="0.012" />
  <testcase classname="ptolemy.util.test.junit.AutoTests" name="[216] /home/travis/build/icyphy/ptII/ptolemy/actor/lib/test/auto/MatrixCropDouble.xml (RunModel)" time="0.01" />
  <testcase classname="ptolemy.util.test.junit.AutoTests" name="[217] /home/travis/build/icyphy/ptII/ptolemy/actor/lib/test/auto/MatrixCropFix.xml (RunModel)" time="0.014" />
  <testcase classname="ptolemy.util.test.junit.AutoTests" name="[218] /home/travis/build/icyphy/ptII/ptolemy/actor/lib/test/auto/MatrixCropInt.xml (RunModel)" time="0.01" />
  <testcase classname="ptolemy.util.test.junit.AutoTests" name="[219] /home/travis/build/icyphy/ptII/ptolemy/actor/lib/test/auto/MatrixCropLong.xml (RunModel)" time="0.009" />
  <testcase classname="ptolemy.util.test.junit.AutoTests" name="[220] /home/travis/build/icyphy/ptII/ptolemy/actor/lib/test/auto/MatrixToArray.xml (RunModel)" time="0.043" />
  <testcase classname="ptolemy.util.test.junit.AutoTests" name="[221] /home/travis/build/icyphy/ptII/ptolemy/actor/lib/test/auto/MaxIndex.xml (RunModel)" time="0.016" />
  <testcase classname="ptolemy.util.test.junit.AutoTests" name="[222] /home/travis/build/icyphy/ptII/ptolemy/actor/lib/test/auto/Maximum.xml (RunModel)" time="0.013" />
  <testcase classname="ptolemy.util.test.junit.AutoTests" name="[223] /home/travis/build/icyphy/ptII/ptolemy/actor/lib/test/auto/MaximumComplex.xml (RunModel)" time="0.014" />
  <testcase classname="ptolemy.util.test.junit.AutoTests" name="[224] /home/travis/build/icyphy/ptII/ptolemy/actor/lib/test/auto/MethodCallTest.xml (RunModel)" time="0.018" />
  <testcase classname="ptolemy.util.test.junit.AutoTests" name="[225] /home/travis/build/icyphy/ptII/ptolemy/actor/lib/test/auto/Minimum.xml (RunModel)" time="0.013" />
  <testcase classname="ptolemy.util.test.junit.AutoTests" name="[226] /home/travis/build/icyphy/ptII/ptolemy/actor/lib/test/auto/MinimumComplex.xml (RunModel)" time="0.013" />
  <testcase classname="ptolemy.util.test.junit.AutoTests" name="[227] /home/travis/build/icyphy/ptII/ptolemy/actor/lib/test/auto/MinimumMultiports.xml (RunModel)" time="0.017" />
  <testcase classname="ptolemy.util.test.junit.AutoTests" name="[228] /home/travis/build/icyphy/ptII/ptolemy/actor/lib/test/auto/ModifyDate.xml (RunModel)" time="0.039" />
  <testcase classname="ptolemy.util.test.junit.AutoTests" name="[229] /home/travis/build/icyphy/ptII/ptolemy/actor/lib/test/auto/ModifyDate2.xml (RunModel)" time="0.045" />
  <testcase classname="ptolemy.util.test.junit.AutoTests" name="[230] /home/travis/build/icyphy/ptII/ptolemy/actor/lib/test/auto/MovingAverage.xml (RunModel)" time="0.012" />
  <testcase classname="ptolemy.util.test.junit.AutoTests" name="[231] /home/travis/build/icyphy/ptII/ptolemy/actor/lib/test/auto/MovingMaximum.xml (RunModel)" time="0.021" />
  <testcase classname="ptolemy.util.test.junit.AutoTests" name="[232] /home/travis/build/icyphy/ptII/ptolemy/actor/lib/test/auto/MultipleLinksToSameRelation.xml (RunModel)" time="0.013" />
  <testcase classname="ptolemy.util.test.junit.AutoTests" name="[233] /home/travis/build/icyphy/ptII/ptolemy/actor/lib/test/auto/MultipleLinksToSameRelationDE.xml (RunModel)" time="0.008" />
  <testcase classname="ptolemy.util.test.junit.AutoTests" name="[234] /home/travis/build/icyphy/ptII/ptolemy/actor/lib/test/auto/Multiplexor.xml (RunModel)" time="0.012" />
  <testcase classname="ptolemy.util.test.junit.AutoTests" name="[235] /home/travis/build/icyphy/ptII/ptolemy/actor/lib/test/auto/Multiplexor1.xml (RunModel)" time="0.012" />
  <testcase classname="ptolemy.util.test.junit.AutoTests" name="[236] /home/travis/build/icyphy/ptII/ptolemy/actor/lib/test/auto/Multiplexor2.xml (RunModel)" time="0.012" />
  <testcase classname="ptolemy.util.test.junit.AutoTests" name="[237] /home/travis/build/icyphy/ptII/ptolemy/actor/lib/test/auto/Multiplexor3.xml (RunModel)" time="0.009" />
  <testcase classname="ptolemy.util.test.junit.AutoTests" name="[238] /home/travis/build/icyphy/ptII/ptolemy/actor/lib/test/auto/MultiplexorDE.xml (RunModel)" time="0.018" />
  <testcase classname="ptolemy.util.test.junit.AutoTests" name="[239] /home/travis/build/icyphy/ptII/ptolemy/actor/lib/test/auto/MultiportBroadcastTest.xml (RunModel)" time="0.103" />
  <testcase classname="ptolemy.util.test.junit.AutoTests" name="[240] /home/travis/build/icyphy/ptII/ptolemy/actor/lib/test/auto/MultiportOutHangDuringGetWidth.xml (RunModel)" time="0.041" />
  <testcase classname="ptolemy.util.test.junit.AutoTests" name="[241] /home/travis/build/icyphy/ptII/ptolemy/actor/lib/test/auto/NilToken.xml (RunModel)" time="0.013" />
  <testcase classname="ptolemy.util.test.junit.AutoTests" name="[242] /home/travis/build/icyphy/ptII/ptolemy/actor/lib/test/auto/NilTokenNonStrictTest.xml (RunModel)" time="0.011" />
  <testcase classname="ptolemy.util.test.junit.AutoTests" name="[243] /home/travis/build/icyphy/ptII/ptolemy/actor/lib/test/auto/NilTokenRecord.xml (RunModel)" time="0.021" />
  <testcase classname="ptolemy.util.test.junit.AutoTests" name="[244] /home/travis/build/icyphy/ptII/ptolemy/actor/lib/test/auto/NilTokenTypeTest.xml (RunModel)" time="0.027" />
  <testcase classname="ptolemy.util.test.junit.AutoTests" name="[245] /home/travis/build/icyphy/ptII/ptolemy/actor/lib/test/auto/ObjectToken1.xml (RunModel)" time="0.008" />
  <testcase classname="ptolemy.util.test.junit.AutoTests" name="[246] /home/travis/build/icyphy/ptII/ptolemy/actor/lib/test/auto/OrderedMerge.xml (RunModel)" time="0.021" />
  <testcase classname="ptolemy.util.test.junit.AutoTests" name="[247] /home/travis/build/icyphy/ptII/ptolemy/actor/lib/test/auto/OrderedRecordDisassembler.xml (RunModel)" time="0.02" />
  <testcase classname="ptolemy.util.test.junit.AutoTests" name="[248] /home/travis/build/icyphy/ptII/ptolemy/actor/lib/test/auto/OrderedRecordDisassembler2.xml (RunModel)" time="0.019" />
  <testcase classname="ptolemy.util.test.junit.AutoTests" name="[249] /home/travis/build/icyphy/ptII/ptolemy/actor/lib/test/auto/OrderedRecordUpdater.xml (RunModel)" time="0.011" />
  <testcase classname="ptolemy.util.test.junit.AutoTests" name="[250] /home/travis/build/icyphy/ptII/ptolemy/actor/lib/test/auto/OrderedRecordUpdater2.xml (RunModel)" time="0.02" />
  <testcase classname="ptolemy.util.test.junit.AutoTests" name="[251] /home/travis/build/icyphy/ptII/ptolemy/actor/lib/test/auto/PhaseUnwrap.xml (RunModel)" time="0.013" />
  <testcase classname="ptolemy.util.test.junit.AutoTests" name="[252] /home/travis/build/icyphy/ptII/ptolemy/actor/lib/test/auto/PoissonClock.xml (RunModel)" time="0.01" />
  <testcase classname="ptolemy.util.test.junit.AutoTests" name="[253] /home/travis/build/icyphy/ptII/ptolemy/actor/lib/test/auto/PoissonClock2.xml (RunModel)" time="0.008" />
  <testcase classname="ptolemy.util.test.junit.AutoTests" name="[254] /home/travis/build/icyphy/ptII/ptolemy/actor/lib/test/auto/PoissonClock3.xml (RunModel)" time="0.025" />
  <testcase classname="ptolemy.util.test.junit.AutoTests" name="[255] /home/travis/build/icyphy/ptII/ptolemy/actor/lib/test/auto/PubSubWithInitialTokens.xml (RunModel)" time="0.016" />
  <testcase classname="ptolemy.util.test.junit.AutoTests" name="[256] /home/travis/build/icyphy/ptII/ptolemy/actor/lib/test/auto/PubSubWithInitialTokens2.xml (RunModel)" time="0.016" />
  <testcase classname="ptolemy.util.test.junit.AutoTests" name="[257] /home/travis/build/icyphy/ptII/ptolemy/actor/lib/test/auto/PublisherClassNoParameter.xml (RunModel)" time="0.03" />
  <testcase classname="ptolemy.util.test.junit.AutoTests" name="[258] /home/travis/build/icyphy/ptII/ptolemy/actor/lib/test/auto/PublisherClassParameter.xml (RunModel)" time="0.022" />
  <testcase classname="ptolemy.util.test.junit.AutoTests" name="[259] /home/travis/build/icyphy/ptII/ptolemy/actor/lib/test/auto/PublisherNonStrictTest.xml (RunModel)" time="0.015" />
  <testcase classname="ptolemy.util.test.junit.AutoTests" name="[260] /home/travis/build/icyphy/ptII/ptolemy/actor/lib/test/auto/PublisherPort1.xml (RunModel)" time="0.019" />
  <testcase classname="ptolemy.util.test.junit.AutoTests" name="[261] /home/travis/build/icyphy/ptII/ptolemy/actor/lib/test/auto/PublisherPort2.xml (RunModel)" time="0.015" />
  <testcase classname="ptolemy.util.test.junit.AutoTests" name="[262] /home/travis/build/icyphy/ptII/ptolemy/actor/lib/test/auto/PublisherPort3.xml (RunModel)" time="0.012" />
  <testcase classname="ptolemy.util.test.junit.AutoTests" name="[263] /home/travis/build/icyphy/ptII/ptolemy/actor/lib/test/auto/PublisherPort4.xml (RunModel)" time="0.013" />
  <testcase classname="ptolemy.util.test.junit.AutoTests" name="[264] /home/travis/build/icyphy/ptII/ptolemy/actor/lib/test/auto/PublisherPort5.xml (RunModel)" time="0.014" />
  <testcase classname="ptolemy.util.test.junit.AutoTests" name="[265] /home/travis/build/icyphy/ptII/ptolemy/actor/lib/test/auto/PublisherPort5LookAlike.xml (RunModel)" time="0.019" />
  <testcase classname="ptolemy.util.test.junit.AutoTests" name="[266] /home/travis/build/icyphy/ptII/ptolemy/actor/lib/test/auto/PublisherPort6.xml (RunModel)" time="0.013" />
  <testcase classname="ptolemy.util.test.junit.AutoTests" name="[267] /home/travis/build/icyphy/ptII/ptolemy/actor/lib/test/auto/PublisherPort7.xml (RunModel)" time="0.016" />
  <testcase classname="ptolemy.util.test.junit.AutoTests" name="[268] /home/travis/build/icyphy/ptII/ptolemy/actor/lib/test/auto/PublisherPort8.xml (RunModel)" time="0.016" />
  <testcase classname="ptolemy.util.test.junit.AutoTests" name="[269] /home/travis/build/icyphy/ptII/ptolemy/actor/lib/test/auto/PublisherPortSubscriberChannelVariablesAOC2.xml (RunModel)" time="0.034" />
  <testcase classname="ptolemy.util.test.junit.AutoTests" name="[270] /home/travis/build/icyphy/ptII/ptolemy/actor/lib/test/auto/PublisherPortSubscriberOpaqueWidthInference.xml (RunModel)" time="0.017" />
  <testcase classname="ptolemy.util.test.junit.AutoTests" name="[271] /home/travis/build/icyphy/ptII/ptolemy/actor/lib/test/auto/PublisherPortSubscriberPortAdjacent.xml (RunModel)" time="0.018" />
  <testcase classname="ptolemy.util.test.junit.AutoTests" name="[272] /home/travis/build/icyphy/ptII/ptolemy/actor/lib/test/auto/PublisherPortSubscriberPortExpression.xml (RunModel)" time="0.028" />
  <testcase classname="ptolemy.util.test.junit.AutoTests" name="[273] /home/travis/build/icyphy/ptII/ptolemy/actor/lib/test/auto/PublisherPortSubscriberPortOpaqueD3Reverse.xml (RunModel)" time="0.036" />
  <testcase classname="ptolemy.util.test.junit.AutoTests" name="[274] /home/travis/build/icyphy/ptII/ptolemy/actor/lib/test/auto/PublisherPortSubscriberPortOpaqueWidthInference.xml (RunModel)" time="0.015" />
  <testcase classname="ptolemy.util.test.junit.AutoTests" name="[275] /home/travis/build/icyphy/ptII/ptolemy/actor/lib/test/auto/PublisherPortToplevelSubscriberPortAOC.xml (RunModel)" time="0.012" />
  <testcase classname="ptolemy.util.test.junit.AutoTests" name="[276] /home/travis/build/icyphy/ptII/ptolemy/actor/lib/test/auto/PublisherSubscriber.xml (RunModel)" time="0.013" />
  <testcase classname="ptolemy.util.test.junit.AutoTests" name="[277] /home/travis/build/icyphy/ptII/ptolemy/actor/lib/test/auto/PublisherSubscriber10.xml (RunModel)" time="0.021" />
  <testcase classname="ptolemy.util.test.junit.AutoTests" name="[278] /home/travis/build/icyphy/ptII/ptolemy/actor/lib/test/auto/PublisherSubscriber10InitialOutputs.xml (RunModel)" time="0.029" />
  <testcase classname="ptolemy.util.test.junit.AutoTests" name="[279] /home/travis/build/icyphy/ptII/ptolemy/actor/lib/test/auto/PublisherSubscriber11.xml (RunModel)" time="0.018" />
  <testcase classname="ptolemy.util.test.junit.AutoTests" name="[280] /home/travis/build/icyphy/ptII/ptolemy/actor/lib/test/auto/PublisherSubscriber12.xml (RunModel)" time="0.022" />
  <testcase classname="ptolemy.util.test.junit.AutoTests" name="[281] /home/travis/build/icyphy/ptII/ptolemy/actor/lib/test/auto/PublisherSubscriber13.xml (RunModel)" time="0.01" />
  <testcase classname="ptolemy.util.test.junit.AutoTests" name="[282] /home/travis/build/icyphy/ptII/ptolemy/actor/lib/test/auto/PublisherSubscriber14.xml (RunModel)" time="0.028" />
  <testcase classname="ptolemy.util.test.junit.AutoTests" name="[283] /home/travis/build/icyphy/ptII/ptolemy/actor/lib/test/auto/PublisherSubscriber2.xml (RunModel)" time="0.011" />
  <testcase classname="ptolemy.util.test.junit.AutoTests" name="[284] /home/travis/build/icyphy/ptII/ptolemy/actor/lib/test/auto/PublisherSubscriber3.xml (RunModel)" time="0.01" />
  <testcase classname="ptolemy.util.test.junit.AutoTests" name="[285] /home/travis/build/icyphy/ptII/ptolemy/actor/lib/test/auto/PublisherSubscriber4.xml (RunModel)" time="0.009" />
  <testcase classname="ptolemy.util.test.junit.AutoTests" name="[286] /home/travis/build/icyphy/ptII/ptolemy/actor/lib/test/auto/PublisherSubscriber5.xml (RunModel)" time="0.012" />
  <testcase classname="ptolemy.util.test.junit.AutoTests" name="[287] /home/travis/build/icyphy/ptII/ptolemy/actor/lib/test/auto/PublisherSubscriber6.xml (RunModel)" time="0.016" />
  <testcase classname="ptolemy.util.test.junit.AutoTests" name="[288] /home/travis/build/icyphy/ptII/ptolemy/actor/lib/test/auto/PublisherSubscriber7.xml (RunModel)" time="0.025" />
  <testcase classname="ptolemy.util.test.junit.AutoTests" name="[289] /home/travis/build/icyphy/ptII/ptolemy/actor/lib/test/auto/PublisherSubscriber8.xml (RunModel)" time="0.034" />
  <testcase classname="ptolemy.util.test.junit.AutoTests" name="[290] /home/travis/build/icyphy/ptII/ptolemy/actor/lib/test/auto/PublisherSubscriber9.xml (RunModel)" time="0.018" />
  <testcase classname="ptolemy.util.test.junit.AutoTests" name="[291] /home/travis/build/icyphy/ptII/ptolemy/actor/lib/test/auto/PublisherSubscriberAdjacent.xml (RunModel)" time="0.017" />
  <testcase classname="ptolemy.util.test.junit.AutoTests" name="[292] /home/travis/build/icyphy/ptII/ptolemy/actor/lib/test/auto/PublisherSubscriberChannelVariablesAOC2.xml (RunModel)" time="0.033" />
  <testcase classname="ptolemy.util.test.junit.AutoTests" name="[293] /home/travis/build/icyphy/ptII/ptolemy/actor/lib/test/auto/PublisherSubscriberD3.xml (RunModel)" time="0.013" />
  <testcase classname="ptolemy.util.test.junit.AutoTests" name="[294] /home/travis/build/icyphy/ptII/ptolemy/actor/lib/test/auto/PublisherSubscriberD3Reverse.xml (RunModel)" time="0.011" />
  <testcase classname="ptolemy.util.test.junit.AutoTests" name="[295] /home/travis/build/icyphy/ptII/ptolemy/actor/lib/test/auto/PublisherSubscriberExpression.xml (RunModel)" time="0.019" />
  <testcase classname="ptolemy.util.test.junit.AutoTests" name="[296] /home/travis/build/icyphy/ptII/ptolemy/actor/lib/test/auto/PublisherSubscriberOpaque.xml (RunModel)" time="0.031" />
  <testcase classname="ptolemy.util.test.junit.AutoTests" name="[297] /home/travis/build/icyphy/ptII/ptolemy/actor/lib/test/auto/PublisherSubscriberOpaqueD3.xml (RunModel)" time="0.023" />
  <testcase classname="ptolemy.util.test.junit.AutoTests" name="[298] /home/travis/build/icyphy/ptII/ptolemy/actor/lib/test/auto/PublisherSubscriberOpaqueD3Reverse.xml (RunModel)" time="0.021" />
  <testcase classname="ptolemy.util.test.junit.AutoTests" name="[299] /home/travis/build/icyphy/ptII/ptolemy/actor/lib/test/auto/PublisherSubscriberOpaqueWidthInference.xml (RunModel)" time="0.016" />
  <testcase classname="ptolemy.util.test.junit.AutoTests" name="[300] /home/travis/build/icyphy/ptII/ptolemy/actor/lib/test/auto/PublisherTestSubscriber.xml (RunModel)" time="0.017" />
  <testcase classname="ptolemy.util.test.junit.AutoTests" name="[301] /home/travis/build/icyphy/ptII/ptolemy/actor/lib/test/auto/PublisherToplevelSubscriberPortAOC.xml (RunModel)" time="0.012" />
  <testcase classname="ptolemy.util.test.junit.AutoTests" name="[302] /home/travis/build/icyphy/ptII/ptolemy/actor/lib/test/auto/PulseFiringLimitDE.xml (RunModel)" time="0.015" />
  <testcase classname="ptolemy.util.test.junit.AutoTests" name="[303] /home/travis/build/icyphy/ptII/ptolemy/actor/lib/test/auto/Ramp1.xml (RunModel)" time="0.007" />
  <testcase classname="ptolemy.util.test.junit.AutoTests" name="[304] /home/travis/build/icyphy/ptII/ptolemy/actor/lib/test/auto/RampFiringLimitDE.xml (RunModel)" time="0.01" />
  <testcase classname="ptolemy.util.test.junit.AutoTests" name="[305] /home/travis/build/icyphy/ptII/ptolemy/actor/lib/test/auto/RampFiringLimitSDF.xml (RunModel)" time="0.009" />
  <testcase classname="ptolemy.util.test.junit.AutoTests" name="[306] /home/travis/build/icyphy/ptII/ptolemy/actor/lib/test/auto/RandomInteger.xml (RunModel)" time="0.01" />
  <testcase classname="ptolemy.util.test.junit.AutoTests" name="[307] /home/travis/build/icyphy/ptII/ptolemy/actor/lib/test/auto/ReadFile1.xml (RunModel)" time="0.008" />
  <testcase classname="ptolemy.util.test.junit.AutoTests" name="[308] /home/travis/build/icyphy/ptII/ptolemy/actor/lib/test/auto/ReadFile2.xml (RunModel)" time="0.007" />
  <testcase classname="ptolemy.util.test.junit.AutoTests" name="[309] /home/travis/build/icyphy/ptII/ptolemy/actor/lib/test/auto/Reader.xml (RunModel)" time="0.012" />
  <testcase classname="ptolemy.util.test.junit.AutoTests" name="[310] /home/travis/build/icyphy/ptII/ptolemy/actor/lib/test/auto/RecordAssemblerDisplayNameTest.xml (RunModel)" time="3.641" />
  <testcase classname="ptolemy.util.test.junit.AutoTests" name="[311] /home/travis/build/icyphy/ptII/ptolemy/actor/lib/test/auto/RecordAssemblerTypeError.xml (RunModel)" time="0.046" />
  <testcase classname="ptolemy.util.test.junit.AutoTests" name="[312] /home/travis/build/icyphy/ptII/ptolemy/actor/lib/test/auto/RecordDisassember.xml (RunModel)" time="0.011" />
  <testcase classname="ptolemy.util.test.junit.AutoTests" name="[313] /home/travis/build/icyphy/ptII/ptolemy/actor/lib/test/auto/RecordDisassemberDisplayNameTest.xml (RunModel)" time="0.026" />
  <testcase classname="ptolemy.util.test.junit.AutoTests" name="[314] /home/travis/build/icyphy/ptII/ptolemy/actor/lib/test/auto/RecordDisassembler.xml (RunModel)" time="0.01" />
  <testcase classname="ptolemy.util.test.junit.AutoTests" name="[315] /home/travis/build/icyphy/ptII/ptolemy/actor/lib/test/auto/RecordDisassembler2.xml (RunModel)" time="0.013" />
  <testcase classname="ptolemy.util.test.junit.AutoTests" name="[316] /home/travis/build/icyphy/ptII/ptolemy/actor/lib/test/auto/RecordUpdater.xml (RunModel)" time="0.009" />
  <testcase classname="ptolemy.util.test.junit.AutoTests" name="[317] /home/travis/build/icyphy/ptII/ptolemy/actor/lib/test/auto/RecordUpdater2.xml (RunModel)" time="0.01" />
  <testcase classname="ptolemy.util.test.junit.AutoTests" name="[318] /home/travis/build/icyphy/ptII/ptolemy/actor/lib/test/auto/RecursiveLattice.xml (RunModel)" time="0.012" />
  <testcase classname="ptolemy.util.test.junit.AutoTests" name="[319] /home/travis/build/icyphy/ptII/ptolemy/actor/lib/test/auto/Router.xml (RunModel)" time="3.026" />
  <testcase classname="ptolemy.util.test.junit.AutoTests" name="[320] /home/travis/build/icyphy/ptII/ptolemy/actor/lib/test/auto/Router2.xml (RunModel)" time="3.032" />
  <testcase classname="ptolemy.util.test.junit.AutoTests" name="[321] /home/travis/build/icyphy/ptII/ptolemy/actor/lib/test/auto/RunningMaximum.xml (RunModel)" time="0.028" />
  <testcase classname="ptolemy.util.test.junit.AutoTests" name="[322] /home/travis/build/icyphy/ptII/ptolemy/actor/lib/test/auto/RunningMinimum.xml (RunModel)" time="0.018" />
  <testcase classname="ptolemy.util.test.junit.AutoTests" name="[323] /home/travis/build/icyphy/ptII/ptolemy/actor/lib/test/auto/Scale.xml (RunModel)" time="0.023" />
  <testcase classname="ptolemy.util.test.junit.AutoTests" name="[324] /home/travis/build/icyphy/ptII/ptolemy/actor/lib/test/auto/Scale2.xml (RunModel)" time="0.01" />
  <testcase classname="ptolemy.util.test.junit.AutoTests" name="[325] /home/travis/build/icyphy/ptII/ptolemy/actor/lib/test/auto/Scale3.xml (RunModel)" time="0.018" />
  <testcase classname="ptolemy.util.test.junit.AutoTests" name="[326] /home/travis/build/icyphy/ptII/ptolemy/actor/lib/test/auto/ScaleArray.xml (RunModel)" time="0.008" />
  <testcase classname="ptolemy.util.test.junit.AutoTests" name="[327] /home/travis/build/icyphy/ptII/ptolemy/actor/lib/test/auto/ScaleArray2.xml (RunModel)" time="0.009" />
  <testcase classname="ptolemy.util.test.junit.AutoTests" name="[328] /home/travis/build/icyphy/ptII/ptolemy/actor/lib/test/auto/ScaleMatrix.xml (RunModel)" time="0.189" />
  <testcase classname="ptolemy.util.test.junit.AutoTests" name="[329] /home/travis/build/icyphy/ptII/ptolemy/actor/lib/test/auto/Select.xml (RunModel)" time="0.014" />
  <testcase classname="ptolemy.util.test.junit.AutoTests" name="[330] /home/travis/build/icyphy/ptII/ptolemy/actor/lib/test/auto/Select2.xml (RunModel)" time="0.009" />
  <testcase classname="ptolemy.util.test.junit.AutoTests" name="[331] /home/travis/build/icyphy/ptII/ptolemy/actor/lib/test/auto/SequenceToArray2.xml (RunModel)" time="0.152" />
  <testcase classname="ptolemy.util.test.junit.AutoTests" name="[332] /home/travis/build/icyphy/ptII/ptolemy/actor/lib/test/auto/SequentialClock.xml (RunModel)" time="0.011" />
  <testcase classname="ptolemy.util.test.junit.AutoTests" name="[333] /home/travis/build/icyphy/ptII/ptolemy/actor/lib/test/auto/SetVariable.xml (RunModel)" time="0.01" />
  <testcase classname="ptolemy.util.test.junit.AutoTests" name="[334] /home/travis/build/icyphy/ptII/ptolemy/actor/lib/test/auto/SetVariable2.xml (RunModel)" time="0.009" />
  <testcase classname="ptolemy.util.test.junit.AutoTests" name="[335] /home/travis/build/icyphy/ptII/ptolemy/actor/lib/test/auto/SetVariable3.xml (RunModel)" time="0.015" />
  <testcase classname="ptolemy.util.test.junit.AutoTests" name="[336] /home/travis/build/icyphy/ptII/ptolemy/actor/lib/test/auto/SetVariable4.xml (RunModel)" time="0.026" />
  <testcase classname="ptolemy.util.test.junit.AutoTests" name="[337] /home/travis/build/icyphy/ptII/ptolemy/actor/lib/test/auto/SetVariable5.xml (RunModel)" time="0.042" />
  <testcase classname="ptolemy.util.test.junit.AutoTests" name="[338] /home/travis/build/icyphy/ptII/ptolemy/actor/lib/test/auto/Sinewave.xml (RunModel)" time="0.028" />
  <testcase classname="ptolemy.util.test.junit.AutoTests" name="[339] /home/travis/build/icyphy/ptII/ptolemy/actor/lib/test/auto/Sinewave2.xml (RunModel)" time="0.018" />
  <testcase classname="ptolemy.util.test.junit.AutoTests" name="[340] /home/travis/build/icyphy/ptII/ptolemy/actor/lib/test/auto/Sinewave3.xml (RunModel)" time="0.021" />
  <testcase classname="ptolemy.util.test.junit.AutoTests" name="[341] /home/travis/build/icyphy/ptII/ptolemy/actor/lib/test/auto/SingleEvent.xml (RunModel)" time="0.01" />
  <testcase classname="ptolemy.util.test.junit.AutoTests" name="[342] /home/travis/build/icyphy/ptII/ptolemy/actor/lib/test/auto/Sleep.xml (RunModel)" time="6.032" />
  <testcase classname="ptolemy.util.test.junit.AutoTests" name="[343] /home/travis/build/icyphy/ptII/ptolemy/actor/lib/test/auto/SleepMultipleFire.xml (RunModel)" time="1.022" />
  <testcase classname="ptolemy.util.test.junit.AutoTests" name="[344] /home/travis/build/icyphy/ptII/ptolemy/actor/lib/test/auto/StopDE.xml (RunModel)" time="0.015" />
  <testcase classname="ptolemy.util.test.junit.AutoTests" name="[345] /home/travis/build/icyphy/ptII/ptolemy/actor/lib/test/auto/StopSDF.xml (RunModel)" time="0.012" />
  <testcase classname="ptolemy.util.test.junit.AutoTests" name="[346] /home/travis/build/icyphy/ptII/ptolemy/actor/lib/test/auto/StringConstant.xml (RunModel)" time="0.019" />
  <testcase classname="ptolemy.util.test.junit.AutoTests" name="[347] /home/travis/build/icyphy/ptII/ptolemy/actor/lib/test/auto/SubscriberPortInitialValues1.xml (RunModel)" time="0.018" />
  <testcase classname="ptolemy.util.test.junit.AutoTests" name="[348] /home/travis/build/icyphy/ptII/ptolemy/actor/lib/test/auto/SubscriberPortInitialValues13.xml (RunModel)" time="0.028" />
  <testcase classname="ptolemy.util.test.junit.AutoTests" name="[349] /home/travis/build/icyphy/ptII/ptolemy/actor/lib/test/auto/SubscriberPortInitialValues14.xml (RunModel)" time="0.019" />
  <testcase classname="ptolemy.util.test.junit.AutoTests" name="[350] /home/travis/build/icyphy/ptII/ptolemy/actor/lib/test/auto/SubscriberPortInitialValues2.xml (RunModel)" time="0.019" />
  <testcase classname="ptolemy.util.test.junit.AutoTests" name="[351] /home/travis/build/icyphy/ptII/ptolemy/actor/lib/test/auto/SubscriberPortInitialValues3.xml (RunModel)" time="0.021" />
  <testcase classname="ptolemy.util.test.junit.AutoTests" name="[352] /home/travis/build/icyphy/ptII/ptolemy/actor/lib/test/auto/SubscriptionAggregator.xml (RunModel)" time="0.012" />
  <testcase classname="ptolemy.util.test.junit.AutoTests" name="[353] /home/travis/build/icyphy/ptII/ptolemy/actor/lib/test/auto/SubscriptionAggregator2.xml (RunModel)" time="0.011" />
  <testcase classname="ptolemy.util.test.junit.AutoTests" name="[354] /home/travis/build/icyphy/ptII/ptolemy/actor/lib/test/auto/SubscriptionAggregator3.xml (RunModel)" time="0.02" />
  <testcase classname="ptolemy.util.test.junit.AutoTests" name="[355] /home/travis/build/icyphy/ptII/ptolemy/actor/lib/test/auto/SubscriptionAggregatorMultiply.xml (RunModel)" time="0.014" />
  <testcase classname="ptolemy.util.test.junit.AutoTests" name="[356] /home/travis/build/icyphy/ptII/ptolemy/actor/lib/test/auto/SubscriptionAggregatorPortMultiply1.xml (RunModel)" time="0.014" />
  <testcase classname="ptolemy.util.test.junit.AutoTests" name="[357] /home/travis/build/icyphy/ptII/ptolemy/actor/lib/test/auto/Switch.xml (RunModel)" time="0.02" />
  <testcase classname="ptolemy.util.test.junit.AutoTests" name="[358] /home/travis/build/icyphy/ptII/ptolemy/actor/lib/test/auto/Switch2.xml (RunModel)" time="0.01" />
  <testcase classname="ptolemy.util.test.junit.AutoTests" name="[359] /home/travis/build/icyphy/ptII/ptolemy/actor/lib/test/auto/SwitchDE.xml (RunModel)" time="0.012" />
  <testcase classname="ptolemy.util.test.junit.AutoTests" name="[360] /home/travis/build/icyphy/ptII/ptolemy/actor/lib/test/auto/SynchronizerDE.xml (RunModel)" time="0.022" />
  <testcase classname="ptolemy.util.test.junit.AutoTests" name="[361] /home/travis/build/icyphy/ptII/ptolemy/actor/lib/test/auto/Test.xml (RunModel)" time="0.019" />
  <testcase classname="ptolemy.util.test.junit.AutoTests" name="[362] /home/travis/build/icyphy/ptII/ptolemy/actor/lib/test/auto/TestExceptionAttribute1.xml (RunModel)" time="0.007" />
  <testcase classname="ptolemy.util.test.junit.AutoTests" name="[363] /home/travis/build/icyphy/ptII/ptolemy/actor/lib/test/auto/TestExceptionAttribute2.xml (RunModel)" time="0.007" />
  <testcase classname="ptolemy.util.test.junit.AutoTests" name="[364] /home/travis/build/icyphy/ptII/ptolemy/actor/lib/test/auto/TestExceptionAttribute3.xml (RunModel)" time="0.011" />
  <testcase classname="ptolemy.util.test.junit.AutoTests" name="[365] /home/travis/build/icyphy/ptII/ptolemy/actor/lib/test/auto/TestExceptionAttribute4.xml (RunModel)" time="0.007" />
  <testcase classname="ptolemy.util.test.junit.AutoTests" name="[366] /home/travis/build/icyphy/ptII/ptolemy/actor/lib/test/auto/TestExceptionHandler1.xml (RunModel)" time="0.009" />
  <testcase classname="ptolemy.util.test.junit.AutoTests" name="[367] /home/travis/build/icyphy/ptII/ptolemy/actor/lib/test/auto/TestExceptionHandler2.xml (RunModel)" time="0.01" />
  <testcase classname="ptolemy.util.test.junit.AutoTests" name="[368] /home/travis/build/icyphy/ptII/ptolemy/actor/lib/test/auto/TestExceptionHandler3.xml (RunModel)" time="0.005" />
  <testcase classname="ptolemy.util.test.junit.AutoTests" name="[369] /home/travis/build/icyphy/ptII/ptolemy/actor/lib/test/auto/TestExceptionHandler4.xml (RunModel)" time="0.005" />
  <testcase classname="ptolemy.util.test.junit.AutoTests" name="[370] /home/travis/build/icyphy/ptII/ptolemy/actor/lib/test/auto/TestRequireCorrectOrder.xml (RunModel)" time="0.015" />
  <testcase classname="ptolemy.util.test.junit.AutoTests" name="[371] /home/travis/build/icyphy/ptII/ptolemy/actor/lib/test/auto/TestSimple.xml (RunModel)" time="0.008" />
  <testcase classname="ptolemy.util.test.junit.AutoTests" name="[372] /home/travis/build/icyphy/ptII/ptolemy/actor/lib/test/auto/ThrowModelError.xml (RunModel)" time="0.01" />
  <testcase classname="ptolemy.util.test.junit.AutoTests" name="[373] /home/travis/build/icyphy/ptII/ptolemy/actor/lib/test/auto/TimeDelayMicrosteps.xml (RunModel)" time="0.013" />
  <testcase classname="ptolemy.util.test.junit.AutoTests" name="[374] /home/travis/build/icyphy/ptII/ptolemy/actor/lib/test/auto/TimeDelayMicrosteps2.xml (RunModel)" time="0.015" />
  <testcase classname="ptolemy.util.test.junit.AutoTests" name="[375] /home/travis/build/icyphy/ptII/ptolemy/actor/lib/test/auto/TimeDelayMicrosteps3.xml (RunModel)" time="0.012" />
  <testcase classname="ptolemy.util.test.junit.AutoTests" name="[376] /home/travis/build/icyphy/ptII/ptolemy/actor/lib/test/auto/TimeDelayVariableMicrosteps.xml (RunModel)" time="0.012" />
  <testcase classname="ptolemy.util.test.junit.AutoTests" name="[377] /home/travis/build/icyphy/ptII/ptolemy/actor/lib/test/auto/TimeGap.xml (RunModel)" time="0.017" />
  <testcase classname="ptolemy.util.test.junit.AutoTests" name="[378] /home/travis/build/icyphy/ptII/ptolemy/actor/lib/test/auto/TimeGap2.xml (RunModel)" time="0.011" />
  <testcase classname="ptolemy.util.test.junit.AutoTests" name="[379] /home/travis/build/icyphy/ptII/ptolemy/actor/lib/test/auto/TimedSinewave.xml (RunModel)" time="0.054" />
  <testcase classname="ptolemy.util.test.junit.AutoTests" name="[380] /home/travis/build/icyphy/ptII/ptolemy/actor/lib/test/auto/TimedSinewavePhase.xml (RunModel)" time="0.028" />
  <testcase classname="ptolemy.util.test.junit.AutoTests" name="[381] /home/travis/build/icyphy/ptII/ptolemy/actor/lib/test/auto/Timer.xml (RunModel)" time="0.019" />
  <testcase classname="ptolemy.util.test.junit.AutoTests" name="[382] /home/travis/build/icyphy/ptII/ptolemy/actor/lib/test/auto/TriangularDistTestModel.xml (RunModel)" time="0.019" />
  <testcase classname="ptolemy.util.test.junit.AutoTests" name="[383] /home/travis/build/icyphy/ptII/ptolemy/actor/lib/test/auto/TrigFunction.xml (RunModel)" time="0.008" />
  <testcase classname="ptolemy.util.test.junit.AutoTests" name="[384] /home/travis/build/icyphy/ptII/ptolemy/actor/lib/test/auto/TrigFunctionDE.xml (RunModel)" time="0.011" />
  <testcase classname="ptolemy.util.test.junit.AutoTests" name="[385] /home/travis/build/icyphy/ptII/ptolemy/actor/lib/test/auto/TrigFunctionInverse.xml (RunModel)" time="0.008" />
  <testcase classname="ptolemy.util.test.junit.AutoTests" name="[386] /home/travis/build/icyphy/ptII/ptolemy/actor/lib/test/auto/TrigFunctionTan.xml (RunModel)" time="0.006" />
  <testcase classname="ptolemy.util.test.junit.AutoTests" name="[387] /home/travis/build/icyphy/ptII/ptolemy/actor/lib/test/auto/TriggeredClock.xml (RunModel)" time="0.023" />
  <testcase classname="ptolemy.util.test.junit.AutoTests" name="[388] /home/travis/build/icyphy/ptII/ptolemy/actor/lib/test/auto/URLDirectoryReader.xml (RunModel)" time="0.108" />
  <testcase classname="ptolemy.util.test.junit.AutoTests" name="[389] /home/travis/build/icyphy/ptII/ptolemy/actor/lib/test/auto/URLDirectoryReader3.xml (RunModel)" time="3.99" />
  <testcase classname="ptolemy.util.test.junit.AutoTests" name="[390] /home/travis/build/icyphy/ptII/ptolemy/actor/lib/test/auto/UnaryMathFunction.xml (RunModel)" time="0.025" />
  <testcase classname="ptolemy.util.test.junit.AutoTests" name="[391] /home/travis/build/icyphy/ptII/ptolemy/actor/lib/test/auto/Uniform.xml (RunModel)" time="0.018" />
  <testcase classname="ptolemy.util.test.junit.AutoTests" name="[392] /home/travis/build/icyphy/ptII/ptolemy/actor/lib/test/auto/UnionDisassemblerTest.xml (RunModel)" time="0.024" />
  <testcase classname="ptolemy.util.test.junit.AutoTests" name="[393] /home/travis/build/icyphy/ptII/ptolemy/actor/lib/test/auto/UtilityFunctions.xml (RunModel)" time="0.009" />
  <testcase classname="ptolemy.util.test.junit.AutoTests" name="[394] /home/travis/build/icyphy/ptII/ptolemy/actor/lib/test/auto/VariableSleep.xml (RunModel)" time="0.513" />
  <testcase classname="ptolemy.util.test.junit.AutoTests" name="[395] /home/travis/build/icyphy/ptII/ptolemy/actor/lib/test/auto/VectorAssemblerDisassemblerCT.xml (RunModel)" time="0.127" />
  <testcase classname="ptolemy.util.test.junit.AutoTests" name="[396] /home/travis/build/icyphy/ptII/ptolemy/actor/lib/test/auto/VectorAssemblerDisassemblerDE.xml (RunModel)" time="0.025" />
  <testcase classname="ptolemy.util.test.junit.AutoTests" name="[397] /home/travis/build/icyphy/ptII/ptolemy/actor/lib/test/auto/VectorAssemblerDisassemblerSDF.xml (RunModel)" time="0.017" />
  <testcase classname="ptolemy.util.test.junit.AutoTests" name="[398] /home/travis/build/icyphy/ptII/ptolemy/actor/lib/test/auto/WallClockTime.xml (RunModel)" time="1.013" />
  <testcase classname="ptolemy.util.test.junit.AutoTests" name="[399] /home/travis/build/icyphy/ptII/ptolemy/actor/lib/test/auto/WidthTestWithSubscriberPublisher.xml (RunModel)" time="0.047" />
  <testcase classname="ptolemy.util.test.junit.AutoTests" name="[400] /home/travis/build/icyphy/ptII/ptolemy/actor/lib/test/auto/WidthTestWithSubscriberPublisher2.xml (RunModel)" time="0.015" />
  <testcase classname="ptolemy.util.test.junit.AutoTests" name="[401] /home/travis/build/icyphy/ptII/ptolemy/actor/lib/test/auto/WidthTestWithSubscriberPublisher3.xml (RunModel)" time="0.014" />
  <testcase classname="ptolemy.util.test.junit.AutoTests" name="[402] /home/travis/build/icyphy/ptII/ptolemy/actor/lib/test/auto/Writer.xml (RunModel)" time="0.008" />
  <testcase classname="ptolemy.util.test.junit.AutoTests" name="[403] /home/travis/build/icyphy/ptII/ptolemy/actor/lib/test/auto/array.xml (RunModel)" time="0.008" />
  <testcase classname="ptolemy.util.test.junit.AutoTests" name="[404] /home/travis/build/icyphy/ptII/ptolemy/actor/lib/test/auto/array2.xml (RunModel)" time="0.015" />
  <testcase classname="ptolemy.util.test.junit.AutoTests" name="[405] /home/travis/build/icyphy/ptII/ptolemy/actor/lib/test/auto/arrayType.xml (RunModel)" time="0.011" />
  <testcase classname="ptolemy.util.test.junit.AutoTests" name="[406] /home/travis/build/icyphy/ptII/ptolemy/actor/lib/test/auto/arrayType10.xml (RunModel)" time="0.008" />
  <testcase classname="ptolemy.util.test.junit.AutoTests" name="[407] /home/travis/build/icyphy/ptII/ptolemy/actor/lib/test/auto/arrayType11.xml (RunModel)" time="0.008" />
  <testcase classname="ptolemy.util.test.junit.AutoTests" name="[408] /home/travis/build/icyphy/ptII/ptolemy/actor/lib/test/auto/arrayType12.xml (RunModel)" time="0.01" />
  <testcase classname="ptolemy.util.test.junit.AutoTests" name="[409] /home/travis/build/icyphy/ptII/ptolemy/actor/lib/test/auto/arrayType13.xml (RunModel)" time="0.009" />
  <testcase classname="ptolemy.util.test.junit.AutoTests" name="[410] /home/travis/build/icyphy/ptII/ptolemy/actor/lib/test/auto/arrayType14.xml (RunModel)" time="0.008" />
  <testcase classname="ptolemy.util.test.junit.AutoTests" name="[411] /home/travis/build/icyphy/ptII/ptolemy/actor/lib/test/auto/arrayType15.xml (RunModel)" time="0.009" />
  <testcase classname="ptolemy.util.test.junit.AutoTests" name="[412] /home/travis/build/icyphy/ptII/ptolemy/actor/lib/test/auto/arrayType16.xml (RunModel)" time="0.009" />
  <testcase classname="ptolemy.util.test.junit.AutoTests" name="[413] /home/travis/build/icyphy/ptII/ptolemy/actor/lib/test/auto/arrayType17.xml (RunModel)" time="0.008" />
  <testcase classname="ptolemy.util.test.junit.AutoTests" name="[414] /home/travis/build/icyphy/ptII/ptolemy/actor/lib/test/auto/arrayType18.xml (RunModel)" time="0.008" />
  <testcase classname="ptolemy.util.test.junit.AutoTests" name="[415] /home/travis/build/icyphy/ptII/ptolemy/actor/lib/test/auto/arrayType19.xml (RunModel)" time="0.008" />
  <testcase classname="ptolemy.util.test.junit.AutoTests" name="[416] /home/travis/build/icyphy/ptII/ptolemy/actor/lib/test/auto/arrayType2.xml (RunModel)" time="0.008" />
  <testcase classname="ptolemy.util.test.junit.AutoTests" name="[417] /home/travis/build/icyphy/ptII/ptolemy/actor/lib/test/auto/arrayType20.xml (RunModel)" time="0.008" />
  <testcase classname="ptolemy.util.test.junit.AutoTests" name="[418] /home/travis/build/icyphy/ptII/ptolemy/actor/lib/test/auto/arrayType21.xml (RunModel)" time="0.008" />
  <testcase classname="ptolemy.util.test.junit.AutoTests" name="[419] /home/travis/build/icyphy/ptII/ptolemy/actor/lib/test/auto/arrayType22.xml (RunModel)" time="0.008" />
  <testcase classname="ptolemy.util.test.junit.AutoTests" name="[420] /home/travis/build/icyphy/ptII/ptolemy/actor/lib/test/auto/arrayType23.xml (RunModel)" time="0.009" />
  <testcase classname="ptolemy.util.test.junit.AutoTests" name="[421] /home/travis/build/icyphy/ptII/ptolemy/actor/lib/test/auto/arrayType24.xml (RunModel)" time="0.014" />
  <testcase classname="ptolemy.util.test.junit.AutoTests" name="[422] /home/travis/build/icyphy/ptII/ptolemy/actor/lib/test/auto/arrayType25.xml (RunModel)" time="0.01" />
  <testcase classname="ptolemy.util.test.junit.AutoTests" name="[423] /home/travis/build/icyphy/ptII/ptolemy/actor/lib/test/auto/arrayType26.xml (RunModel)" time="0.009" />
  <testcase classname="ptolemy.util.test.junit.AutoTests" name="[424] /home/travis/build/icyphy/ptII/ptolemy/actor/lib/test/auto/arrayType27.xml (RunModel)" time="0.009" />
  <testcase classname="ptolemy.util.test.junit.AutoTests" name="[425] /home/travis/build/icyphy/ptII/ptolemy/actor/lib/test/auto/arrayType28.xml (RunModel)" time="0.011" />
  <testcase classname="ptolemy.util.test.junit.AutoTests" name="[426] /home/travis/build/icyphy/ptII/ptolemy/actor/lib/test/auto/arrayType3.xml (RunModel)" time="0.01" />
  <testcase classname="ptolemy.util.test.junit.AutoTests" name="[427] /home/travis/build/icyphy/ptII/ptolemy/actor/lib/test/auto/arrayType4.xml (RunModel)" time="0.009" />
  <testcase classname="ptolemy.util.test.junit.AutoTests" name="[428] /home/travis/build/icyphy/ptII/ptolemy/actor/lib/test/auto/arrayType5.xml (RunModel)" time="0.009" />
  <testcase classname="ptolemy.util.test.junit.AutoTests" name="[429] /home/travis/build/icyphy/ptII/ptolemy/actor/lib/test/auto/arrayType6.xml (RunModel)" time="0.008" />
  <testcase classname="ptolemy.util.test.junit.AutoTests" name="[430] /home/travis/build/icyphy/ptII/ptolemy/actor/lib/test/auto/arrayType7.xml (RunModel)" time="0.067" />
  <testcase classname="ptolemy.util.test.junit.AutoTests" name="[431] /home/travis/build/icyphy/ptII/ptolemy/actor/lib/test/auto/arrayType8.xml (RunModel)" time="0.008" />
  <testcase classname="ptolemy.util.test.junit.AutoTests" name="[432] /home/travis/build/icyphy/ptII/ptolemy/actor/lib/test/auto/arrayType9.xml (RunModel)" time="0.01" />
  <testcase classname="ptolemy.util.test.junit.AutoTests" name="[433] /home/travis/build/icyphy/ptII/ptolemy/actor/lib/test/auto/cast.xml (RunModel)" time="0.009" />
  <testcase classname="ptolemy.util.test.junit.AutoTests" name="[434] /home/travis/build/icyphy/ptII/ptolemy/actor/lib/test/auto/compositeMultiPort.xml (RunModel)" time="0.019" />
  <testcase classname="ptolemy.util.test.junit.AutoTests" name="[435] /home/travis/build/icyphy/ptII/ptolemy/actor/lib/test/auto/expressionCastInference.xml (RunModel)" time="0.009" />
  <testcase classname="ptolemy.util.test.junit.AutoTests" name="[436] /home/travis/build/icyphy/ptII/ptolemy/actor/lib/test/auto/expressionCastInference2.xml (RunModel)" time="0.007" />
  <testcase classname="ptolemy.util.test.junit.AutoTests" name="[437] /home/travis/build/icyphy/ptII/ptolemy/actor/lib/test/auto/expressionInference.xml (RunModel)" time="0.007" />
  <testcase classname="ptolemy.util.test.junit.AutoTests" name="[438] /home/travis/build/icyphy/ptII/ptolemy/actor/lib/test/auto/expression_bug.xml (RunModel)" time="0.007" />
  <testcase classname="ptolemy.util.test.junit.AutoTests" name="[439] /home/travis/build/icyphy/ptII/ptolemy/actor/lib/test/auto/factorial.xml (RunModel)" time="0.052" />
  <testcase classname="ptolemy.util.test.junit.AutoTests" name="[440] /home/travis/build/icyphy/ptII/ptolemy/actor/lib/test/auto/filterTest1.xml (RunModel)" time="0.012" />
  <testcase classname="ptolemy.util.test.junit.AutoTests" name="[441] /home/travis/build/icyphy/ptII/ptolemy/actor/lib/test/auto/funcApplyInConst.xml (RunModel)" time="0.007" />
  <testcase classname="ptolemy.util.test.junit.AutoTests" name="[442] /home/travis/build/icyphy/ptII/ptolemy/actor/lib/test/auto/funcApplyInExpr.xml (RunModel)" time="0.006" />
  <testcase classname="ptolemy.util.test.junit.AutoTests" name="[443] /home/travis/build/icyphy/ptII/ptolemy/actor/lib/test/auto/function.xml (RunModel)" time="0.014" />
  <testcase classname="ptolemy.util.test.junit.AutoTests" name="[444] /home/travis/build/icyphy/ptII/ptolemy/actor/lib/test/auto/function2.xml (RunModel)" time="0.012" />
  <testcase classname="ptolemy.util.test.junit.AutoTests" name="[445] /home/travis/build/icyphy/ptII/ptolemy/actor/lib/test/auto/function3.xml (RunModel)" time="0.043" />
  <testcase classname="ptolemy.util.test.junit.AutoTests" name="[446] /home/travis/build/icyphy/ptII/ptolemy/actor/lib/test/auto/functionClosureTest1.xml (RunModel)" time="0.016" />
  <testcase classname="ptolemy.util.test.junit.AutoTests" name="[447] /home/travis/build/icyphy/ptII/ptolemy/actor/lib/test/auto/functionClosureTest2.xml (RunModel)" time="0.032" />
  <testcase classname="ptolemy.util.test.junit.AutoTests" name="[448] /home/travis/build/icyphy/ptII/ptolemy/actor/lib/test/auto/functionClosureTest3.xml (RunModel)" time="0.034" />
  <testcase classname="ptolemy.util.test.junit.AutoTests" name="[449] /home/travis/build/icyphy/ptII/ptolemy/actor/lib/test/auto/functionClosureTest4.xml (RunModel)" time="0.026" />
  <testcase classname="ptolemy.util.test.junit.AutoTests" name="[450] /home/travis/build/icyphy/ptII/ptolemy/actor/lib/test/auto/functionClosureTest5.xml (RunModel)" time="0.012" />
  <testcase classname="ptolemy.util.test.junit.AutoTests" name="[451] /home/travis/build/icyphy/ptII/ptolemy/actor/lib/test/auto/functionClosureTest6.xml (RunModel)" time="0.007" />
  <testcase classname="ptolemy.util.test.junit.AutoTests" name="[452] /home/travis/build/icyphy/ptII/ptolemy/actor/lib/test/auto/functionsOnArcs.xml (RunModel)" time="0.009" />
  <testcase classname="ptolemy.util.test.junit.AutoTests" name="[453] /home/travis/build/icyphy/ptII/ptolemy/actor/lib/test/auto/functionsOnArcsHOF.xml (RunModel)" time="0.012" />
  <testcase classname="ptolemy.util.test.junit.AutoTests" name="[454] /home/travis/build/icyphy/ptII/ptolemy/actor/lib/test/auto/logic.xml (RunModel)" time="0.017" />
  <testcase classname="ptolemy.util.test.junit.AutoTests" name="[455] /home/travis/build/icyphy/ptII/ptolemy/actor/lib/test/auto/matrixType.xml (RunModel)" time="0.008" />
  <testcase classname="ptolemy.util.test.junit.AutoTests" name="[456] /home/travis/build/icyphy/ptII/ptolemy/actor/lib/test/auto/matrixType10.xml (RunModel)" time="0.008" />
  <testcase classname="ptolemy.util.test.junit.AutoTests" name="[457] /home/travis/build/icyphy/ptII/ptolemy/actor/lib/test/auto/matrixType11.xml (RunModel)" time="0.007" />
  <testcase classname="ptolemy.util.test.junit.AutoTests" name="[458] /home/travis/build/icyphy/ptII/ptolemy/actor/lib/test/auto/matrixType12.xml (RunModel)" time="0.01" />
  <testcase classname="ptolemy.util.test.junit.AutoTests" name="[459] /home/travis/build/icyphy/ptII/ptolemy/actor/lib/test/auto/matrixType13.xml (RunModel)" time="0.008" />
  <testcase classname="ptolemy.util.test.junit.AutoTests" name="[460] /home/travis/build/icyphy/ptII/ptolemy/actor/lib/test/auto/matrixType14.xml (RunModel)" time="0.009" />
  <testcase classname="ptolemy.util.test.junit.AutoTests" name="[461] /home/travis/build/icyphy/ptII/ptolemy/actor/lib/test/auto/matrixType2.xml (RunModel)" time="0.008" />
  <testcase classname="ptolemy.util.test.junit.AutoTests" name="[462] /home/travis/build/icyphy/ptII/ptolemy/actor/lib/test/auto/matrixType3.xml (RunModel)" time="0.01" />
  <testcase classname="ptolemy.util.test.junit.AutoTests" name="[463] /home/travis/build/icyphy/ptII/ptolemy/actor/lib/test/auto/matrixType4.xml (RunModel)" time="0.008" />
  <testcase classname="ptolemy.util.test.junit.AutoTests" name="[464] /home/travis/build/icyphy/ptII/ptolemy/actor/lib/test/auto/matrixType5.xml (RunModel)" time="0.007" />
  <testcase classname="ptolemy.util.test.junit.AutoTests" name="[465] /home/travis/build/icyphy/ptII/ptolemy/actor/lib/test/auto/matrixType6.xml (RunModel)" time="0.008" />
  <testcase classname="ptolemy.util.test.junit.AutoTests" name="[466] /home/travis/build/icyphy/ptII/ptolemy/actor/lib/test/auto/matrixType7.xml (RunModel)" time="0.008" />
  <testcase classname="ptolemy.util.test.junit.AutoTests" name="[467] /home/travis/build/icyphy/ptII/ptolemy/actor/lib/test/auto/matrixType8.xml (RunModel)" time="0.008" />
  <testcase classname="ptolemy.util.test.junit.AutoTests" name="[468] /home/travis/build/icyphy/ptII/ptolemy/actor/lib/test/auto/matrixType9.xml (RunModel)" time="0.007" />
  <testcase classname="ptolemy.util.test.junit.AutoTests" name="[469] /home/travis/build/icyphy/ptII/ptolemy/actor/lib/test/auto/paraFunctest.xml (RunModel)" time="0.007" />
  <testcase classname="ptolemy.util.test.junit.AutoTests" name="[470] /home/travis/build/icyphy/ptII/ptolemy/actor/lib/test/auto/paraFunctest2.xml (RunModel)" time="0.012" />
  <testcase classname="ptolemy.util.test.junit.AutoTests" name="[471] /home/travis/build/icyphy/ptII/ptolemy/actor/lib/test/auto/parameterPassing.xml (RunModel)" time="0.009" />
  <testcase classname="ptolemy.util.test.junit.AutoTests" name="[472] /home/travis/build/icyphy/ptII/ptolemy/actor/lib/test/auto/record.xml (RunModel)" time="0.01" />
  <testcase classname="ptolemy.util.test.junit.AutoTests" name="[473] /home/travis/build/icyphy/ptII/ptolemy/actor/lib/test/auto/sizedarray1.xml (RunModel)" time="0.01" />
  <testcase classname="ptolemy.util.test.junit.AutoTests" name="[474] /home/travis/build/icyphy/ptII/ptolemy/actor/lib/test/auto/sizedarray2.xml (RunModel)" time="0.012" />
  <testcase classname="ptolemy.util.test.junit.AutoTests" name="[475] /home/travis/build/icyphy/ptII/ptolemy/actor/lib/test/auto/twoPublishers.xml (RunModel)" time="0.027" />
  <system-out><![CDATA[/home/travis/build/icyphy/ptII/ptolemy/actor/lib/test/AbsoluteValue.tcl
testDefs.tcl: setting time out to 9000 seconds at Sun Dec 15 06:25:28 UTC 2019
140 ms. Memory: 120832K Free: 85955K (71%)
5 ms. Memory: 120832K Free: 84410K (70%)
5 ms. Memory: 120832K Free: 83393K (69%)
5 ms. Memory: 120832K Free: 82883K (69%)
/home/travis/build/icyphy/ptII/ptolemy/actor/lib/test/AddSubtract.tcl
14 ms. Memory: 120832K Free: 80835K (67%)
7 ms. Memory: 120832K Free: 79811K (66%)
6 ms. Memory: 120832K Free: 79297K (66%)
12 ms. Memory: 120832K Free: 78258K (65%)
71 ms. Memory: 120832K Free: 75715K (63%)
6 ms. Memory: 120832K Free: 74691K (62%)
/home/travis/build/icyphy/ptII/ptolemy/actor/lib/test/Average.tcl
25 ms. Memory: 120832K Free: 73138K (61%)
8 ms. Memory: 120832K Free: 71619K (59%)
/home/travis/build/icyphy/ptII/ptolemy/actor/lib/test/Bernoulli.tcl
12 ms. Memory: 120832K Free: 70066K (58%)
3 ms. Memory: 120832K Free: 70066K (58%)
/home/travis/build/icyphy/ptII/ptolemy/actor/lib/test/Clock.tcl
preinitializing
resolving types
initializing
executing number 1
wrapping up
idle
41 ms. Memory: 120832K Free: 67009K (55%)
Completed execution with 5 iterations
preinitializing
resolving types
initializing
executing number 1
wrapping up
idle
5 ms. Memory: 120832K Free: 66499K (55%)
Completed execution with 5 iterations
preinitializing
resolving types
initializing
executing number 1
wrapping up
idle
5 ms. Memory: 120832K Free: 65985K (55%)
Completed execution with 5 iterations
/home/travis/build/icyphy/ptII/ptolemy/actor/lib/test/Commutator.tcl
7 ms. Memory: 120832K Free: 63922K (53%)
7 ms. Memory: 120832K Free: 62913K (52%)
27 ms. Memory: 120832K Free: 57283K (47%)
/home/travis/build/icyphy/ptII/ptolemy/actor/lib/test/Const.tcl
8 ms. Memory: 120832K Free: 55738K (46%)
3 ms. Memory: 120832K Free: 55235K (46%)
4 ms. Memory: 120832K Free: 54721K (45%)
4 ms. Memory: 120832K Free: 54211K (45%)
2 ms. Memory: 120832K Free: 53187K (44%)
15 ms. Memory: 120832K Free: 51649K (43%)
6 ms. Memory: 120832K Free: 50618K (42%)
13 ms. Memory: 120832K Free: 49586K (41%)
/home/travis/build/icyphy/ptII/ptolemy/actor/lib/test/CurrentTime.tcl
preinitializing
resolving types
initializing
executing number 1
wrapping up
idle
18 ms. Memory: 120832K Free: 48067K (40%)
Completed execution with 11 iterations
/home/travis/build/icyphy/ptII/ptolemy/actor/lib/test/DB.tcl
12 ms. Memory: 120832K Free: 46019K (38%)
47 ms. Memory: 120832K Free: 107170K (89%)
2 ms. Memory: 120832K Free: 106675K (88%)
/home/travis/build/icyphy/ptII/ptolemy/actor/lib/test/DiscreteRandomSource.tcl
preinitializing
resolving types
initializing
executing number 1
wrapping up
idle
10 ms. Memory: 120832K Free: 105651K (87%)
Completed execution with 4 iterations
preinitializing
resolving types
initializing
executing number 1
wrapping up
idle
9 ms. Memory: 120832K Free: 105137K (87%)
Completed execution with 4 iterations
preinitializing
resolving types
initializing
executing number 1
wrapping up
idle
4 ms. Memory: 120832K Free: 104627K (87%)
Completed execution with 4 iterations
preinitializing
resolving types
initializing
executing number 1
wrapping up
idle
6 ms. Memory: 120832K Free: 104113K (86%)
Completed execution with 4 iterations
preinitializing
resolving types
initializing
executing number 1
wrapping up
idle
16 ms. Memory: 120832K Free: 103603K (86%)
Completed execution with 4 iterations
/home/travis/build/icyphy/ptII/ptolemy/actor/lib/test/Distributor.tcl
6 ms. Memory: 120832K Free: 102065K (84%)
4 ms. Memory: 120832K Free: 101522K (84%)
StreamChangeRequest.changeExecuted(): <deleteEntity name="rec2"/> succeeded
StreamChangeRequest.changeExecuted(): <deleteRelation name="r2"/> succeeded
StreamChangeRequest.changeExecuted(): Record firings per iteration succeeded
6 ms. Memory: 120832K Free: 98962K (82%)
/home/travis/build/icyphy/ptII/ptolemy/actor/lib/test/Exit.tcl
Exit.tcl: this will print a message about Manager.exitAfterWrapup, which can be ignored.
4 ms. Memory: 120832K Free: 104766K (87%)
/home/travis/build/icyphy/ptII/ptolemy/actor/lib/test/Expression.tcl
19 ms. Memory: 120832K Free: 101686K (84%)
9 ms. Memory: 120832K Free: 101112K (84%)
10 ms. Memory: 120832K Free: 100088K (83%)
preinitializing
resolving types
initializing
executing number 1
wrapping up
idle
6 ms. Memory: 120832K Free: 98566K (82%)
Completed execution with 6 iterations
4 ms. Memory: 120832K Free: 98040K (81%)
3 ms. Memory: 120832K Free: 97016K (80%)
5 ms. Memory: 120832K Free: 96021K (79%)
4 ms. Memory: 120832K Free: 94510K (78%)
4 ms. Memory: 120832K Free: 93462K (77%)
/home/travis/build/icyphy/ptII/ptolemy/actor/lib/test/Gaussian.tcl
5 ms. Memory: 120832K Free: 91896K (76%)
sleeping 1 seconds: ..............................................................................................................................................................................................................................................................................................................................................................................................................................................................................................................................................................................................................................................................................................................................................................................................................................................................................................................................................................................................................................................................................................................................................................................................................................................................................................................................................................................................................................................................................................................................................................................3 ms. Memory: 120832K Free: 84757K (70%)
2 ms. Memory: 120832K Free: 83704K (69%)
2 ms. Memory: 120832K Free: 83238K (69%)
5 ms. Memory: 120832K Free: 106208K (88%)
2 ms. Memory: 120832K Free: 105712K (87%)
/home/travis/build/icyphy/ptII/ptolemy/actor/lib/test/IIR.tcl
/home/travis/build/icyphy/ptII/ptolemy/actor/lib/test/Interpolator.tcl
4 ms. Memory: 120832K Free: 101616K (84%)
2 ms. Memory: 120832K Free: 101096K (84%)
2 ms. Memory: 120832K Free: 100592K (83%)
2 ms. Memory: 120832K Free: 100064K (83%)
2 ms. Memory: 120832K Free: 99040K (82%)
3 ms. Memory: 120832K Free: 98544K (82%)
3 ms. Memory: 120832K Free: 97520K (81%)
2 ms. Memory: 120832K Free: 96496K (80%)
2 ms. Memory: 120832K Free: 95968K (79%)
2 ms. Memory: 120832K Free: 94944K (79%)
/home/travis/build/icyphy/ptII/ptolemy/actor/lib/test/MathFunction.tcl
5 ms. Memory: 120832K Free: 92896K (77%)
3 ms. Memory: 120832K Free: 91880K (76%)
3 ms. Memory: 120832K Free: 90848K (75%)
2 ms. Memory: 120832K Free: 89808K (74%)
5 ms. Memory: 120832K Free: 88304K (73%)
11 ms. Memory: 120832K Free: 86256K (71%)
/home/travis/build/icyphy/ptII/ptolemy/actor/lib/test/Maximum.tcl
5 ms. Memory: 120832K Free: 84208K (70%)
6 ms. Memory: 120832K Free: 83694K (69%)
7 ms. Memory: 120832K Free: 82670K (68%)
7 ms. Memory: 120832K Free: 82160K (68%)
/home/travis/build/icyphy/ptII/ptolemy/actor/lib/test/Minimum.tcl
6 ms. Memory: 120832K Free: 80616K (67%)
4 ms. Memory: 120832K Free: 79584K (66%)
3 ms. Memory: 120832K Free: 79088K (65%)
2 ms. Memory: 120832K Free: 78574K (65%)
/home/travis/build/icyphy/ptII/ptolemy/actor/lib/test/MultiplyDivide.tcl
10 ms. Memory: 120832K Free: 76512K (63%)
11 ms. Memory: 120832K Free: 76016K (63%)
3 ms. Memory: 120832K Free: 74992K (62%)
8 ms. Memory: 120832K Free: 74464K (62%)
8 ms. Memory: 120832K Free: 73454K (61%)
/home/travis/build/icyphy/ptII/ptolemy/actor/lib/test/OrderedMerge.tcl
Connections changed on port: inputA
Connections changed on port: inputB
Connections changed on port: output
Connections changed on port: output
Connections changed on port: output
Connections changed on port: input
.top. Preinitializing ...
Invoking preinitialize():  .top.OrderedMerge
Called preinitialize()
Invoking preinitialize():  .top.Ramp
Called preinitialize()
Invoking preinitialize():  .top.Ramp2
Called preinitialize()
Invoking preinitialize():  .top.Test
Called preinitialize()
Connections changed on port: inputA
Connections changed on port: output
Connections changed on port: output
Connections changed on port: input
Connections changed on port: inputB
Connections changed on port: output
.top. Finished preinitialize().
Called initialize().
Invoking initialize():  .top.OrderedMerge
Initializing actor: .top.OrderedMerge
Adding a thread: .top.OrderedMerge
Invoking initialize():  .top.Ramp
Initializing actor: .top.Ramp
Adding a thread: .top.Ramp
Invoking initialize():  .top.Ramp2
Initializing actor: .top.Ramp2
Adding a thread: .top.Ramp2
Invoking initialize():  .top.Test
Initializing actor: .top.Test
Adding a thread: .top.Test
Called fire().
Checking for deadlock:
-- Starting thread.
Called initialize()
Called prefire()
-- Starting thread.
Called initialize()
-- Starting thread.
Called initialize()
Called fire()
Called prefire()
Called prefire()
Called fire()
Called fire()
There are 0 Blocked actors, 0 Stopped actors, and 4 active threads.
Waiting for actors to stop.
Called postfire()
Called prefire()
Called fire()
-- Starting thread.
Called postfire()
Called initialize()
Called prefire()
Called fire()
Called prefire()
Called fire()
Checking for deadlock:
There are 2 Blocked actors, 0 Stopped actors, and 4 active threads.
Waiting for actors to stop.
Called postfire()
Called prefire()
Called fire()
Checking for deadlock:
There are 3 Blocked actors, 0 Stopped actors, and 4 active threads.
Waiting for actors to stop.
Read input token from inputA with value 0.0
Next port to read input from is inputB
Called postfire()
Called prefire()
Called fire()
Called postfire()
Called prefire()
Called fire()
Checking for deadlock:
There are 3 Blocked actors, 0 Stopped actors, and 4 active threads.
Waiting for actors to stop.
Read input token from inputB with value 0.0
Checking for deadlock:
There are 2 Blocked actors, 0 Stopped actors, and 4 active threads.
Waiting for actors to stop.
Sent output token with value 0.0
Next port to read input from is inputA
Called postfire()
Called prefire()
Called fire()
Read input token from inputA with value 1.0
Sent output token with value 0.0
Next port to read input from is inputB
Called postfire()
-- Read input: 0.0, which is expected to match: 0.0
Called prefire()
Called fire()
Read input token from inputB with value 1.5
Called prefire()
Called fire()
-- Read input: 0.0, which is expected to match: 0.0
Called prefire()
Called fire()
Checking for deadlock:
There are 1 Blocked actors, 0 Stopped actors, and 4 active threads.
Waiting for actors to stop.
Called postfire()
Called prefire()
Called fire()
Checking for deadlock:
There are 2 Blocked actors, 0 Stopped actors, and 4 active threads.
Waiting for actors to stop.
Called postfire()
-- Read input: 1.0, which is expected to match: 1.0
Called prefire()
Called fire()
Called prefire()
Called fire()
Checking for deadlock:
There are 3 Blocked actors, 0 Stopped actors, and 4 active threads.
Waiting for actors to stop.
Sent output token with value 1.0
Next port to read input from is inputA
Called postfire()
Called prefire()
Called fire()
Checking for deadlock:
There are 2 Blocked actors, 0 Stopped actors, and 4 active threads.
Waiting for actors to stop.
Called postfire()
Called prefire()
Called fire()
Checking for deadlock:
There are 3 Blocked actors, 0 Stopped actors, and 4 active threads.
Waiting for actors to stop.
Read input token from inputA with value 2.0
Checking for deadlock:
There are 2 Blocked actors, 0 Stopped actors, and 4 active threads.
Waiting for actors to stop.
Sent output token with value 1.5
-- Read input: 1.5, which is expected to match: 1.5
Next port to read input from is inputB
Called postfire()
Called prefire()
Called prefire()
Called fire()
Called fire()
Checking for deadlock:
There are 2 Blocked actors, 0 Stopped actors, and 4 active threads.
Waiting for actors to stop.
Called postfire()
Called prefire()
Called fire()
Read input token from inputB with value 3.0
Checking for deadlock:
There are 3 Blocked actors, 0 Stopped actors, and 4 active threads.
Waiting for actors to stop.
Checking for deadlock:
There are 2 Blocked actors, 0 Stopped actors, and 4 active threads.
Waiting for actors to stop.
Sent output token with value 2.0
-- Read input: 2.0, which is expected to match: 2.0
Called prefire()
Next port to read input from is inputA
Called postfire()
Called fire()
Called prefire()
Called fire()
Checking for deadlock:
There are 3 Blocked actors, 0 Stopped actors, and 4 active threads.
Waiting for actors to stop.
Checking for deadlock:
There are 2 Blocked actors, 0 Stopped actors, and 4 active threads.
Waiting for actors to stop.
Read input token from inputA with value 3.0
Called postfire()
Called prefire()
Called fire()
Checking for deadlock:
There are 3 Blocked actors, 0 Stopped actors, and 4 active threads.
Waiting for actors to stop.
Checking for deadlock:
There are 2 Blocked actors, 0 Stopped actors, and 4 active threads.
Waiting for actors to stop.
Sent output token with value 3.0
-- Read input: 3.0, which is expected to match: 3.0
Called prefire()
Next port to read input from is inputB
Called postfire()
Called fire()
Called prefire()
Called fire()
Checking for deadlock:
There are 3 Blocked actors, 0 Stopped actors, and 4 active threads.
Waiting for actors to stop.
Checking for deadlock:
There are 2 Blocked actors, 0 Stopped actors, and 4 active threads.
Waiting for actors to stop.
Read input token from inputB with value 4.5
Called postfire()
Called prefire()
Called fire()
Checking for deadlock:
There are 3 Blocked actors, 0 Stopped actors, and 4 active threads.
Waiting for actors to stop.
Checking for deadlock:
There are 2 Blocked actors, 0 Stopped actors, and 4 active threads.
Waiting for actors to stop.
Sent output token with value 3.0
-- Read input: 3.0, which is expected to match: 3.0
Called prefire()
Called fire()
Next port to read input from is inputA
Called postfire()
Called prefire()
Checking for deadlock:
Called fire()
There are 3 Blocked actors, 0 Stopped actors, and 4 active threads.
Waiting for actors to stop.
Checking for deadlock:
There are 2 Blocked actors, 0 Stopped actors, and 4 active threads.
Waiting for actors to stop.
Read input token from inputA with value 4.0
Called postfire()
Called prefire()
Called fire()
Checking for deadlock:
There are 3 Blocked actors, 0 Stopped actors, and 4 active threads.
Waiting for actors to stop.
Checking for deadlock:
There are 2 Blocked actors, 0 Stopped actors, and 4 active threads.
Waiting for actors to stop.
-- Read input: 4.0, which is expected to match: 4.0
Called prefire()
Called fire()
Past the end of training data. Read and discard all inputs.
Checking for deadlock:
There are 3 Blocked actors, 0 Stopped actors, and 4 active threads.
Waiting for actors to stop.
Sent output token with value 4.0
Next port to read input from is inputA
Called postfire()
Called prefire()
Called fire()
Checking for deadlock:
There are 2 Blocked actors, 0 Stopped actors, and 4 active threads.
Waiting for actors to stop.
Called postfire()
Called prefire()
Called fire()
Checking for deadlock:
There are 3 Blocked actors, 0 Stopped actors, and 4 active threads.
Waiting for actors to stop.
Read input token from inputA with value 5.0
Checking for deadlock:
There are 2 Blocked actors, 0 Stopped actors, and 4 active threads.
Waiting for actors to stop.
Called prefire()
Called fire()
Past the end of training data. Read and discard all inputs.
Checking for deadlock:
There are 3 Blocked actors, 0 Stopped actors, and 4 active threads.
Waiting for actors to stop.
Sent output token with value 4.5
Next port to read input from is inputB
Called postfire()
Called prefire()
Called fire()
Checking for deadlock:
There are 2 Blocked actors, 0 Stopped actors, and 4 active threads.
Waiting for actors to stop.
Read input token from inputB with value 6.0
Called postfire()
Called prefire()
Called fire()
Checking for deadlock:
There are 2 Blocked actors, 0 Stopped actors, and 4 active threads.
Waiting for actors to stop.
Called prefire()
Called fire()
Past the end of training data. Read and discard all inputs.
Checking for deadlock:
There are 3 Blocked actors, 0 Stopped actors, and 4 active threads.
Waiting for actors to stop.
Sent output token with value 5.0
Next port to read input from is inputA
Called postfire()
Called prefire()
Called fire()
Called postfire()
Called prefire()
Called fire()
Checking for deadlock:
There are 3 Blocked actors, 0 Stopped actors, and 4 active threads.
Waiting for actors to stop.
Read input token from inputA with value 6.0
Checking for deadlock:
There are 2 Blocked actors, 0 Stopped actors, and 4 active threads.
Waiting for actors to stop.
Called prefire()
Called fire()
Past the end of training data. Read and discard all inputs.
Checking for deadlock:
There are 3 Blocked actors, 0 Stopped actors, and 4 active threads.
Waiting for actors to stop.
Sent output token with value 6.0
Next port to read input from is inputB
Called postfire()
Called prefire()
Called fire()
Checking for deadlock:
There are 2 Blocked actors, 0 Stopped actors, and 4 active threads.
Waiting for actors to stop.
Called postfire()
Called prefire()
Called fire()
Checking for deadlock:
There are 3 Blocked actors, 0 Stopped actors, and 4 active threads.
Waiting for actors to stop.
Read input token from inputB with value 7.5
Checking for deadlock:
Sent output token with value 6.0
There are 2 Blocked actors, 0 Stopped actors, and 4 active threads.
Waiting for actors to stop.
Next port to read input from is inputA
Called postfire()
Called prefire()
Called fire()
Called prefire()
Called fire()
Past the end of training data. Read and discard all inputs.
Checking for deadlock:
There are 2 Blocked actors, 0 Stopped actors, and 4 active threads.
Waiting for actors to stop.
Called postfire()
Called prefire()
Called fire()
Checking for deadlock:
There are 3 Blocked actors, 0 Stopped actors, and 4 active threads.
Waiting for actors to stop.
Read input token from inputA with value 7.0
Checking for deadlock:
There are 2 Blocked actors, 0 Stopped actors, and 4 active threads.
Waiting for actors to stop.
Sent output token with value 7.0
Called prefire()
Next port to read input from is inputA
Called postfire()
Called fire()
Called prefire()
Called fire()
Past the end of training data. Read and discard all inputs.
-- Thread wrapup() called.
Called wrapup()
Thread .top.Ramp is exiting.
-- Thread stopped.
Checking for deadlock:
There are 2 Blocked actors, 0 Stopped actors, and 3 active threads.
Waiting for actors to stop.
Read input token from inputA with value 8.0
Sent output token with value 7.5
Called prefire()
Called fire()
Next port to read input from is inputB
Past the end of training data. Read and discard all inputs.
Called postfire()
Called prefire()
Called fire()
Checking for deadlock:
There are 2 Blocked actors, 0 Stopped actors, and 3 active threads.
Waiting for actors to stop.
Read input token from inputB with value 9.0
Sent output token with value 8.0
Next port to read input from is inputA
Called postfire()
Called prefire()
Called fire()
Read input token from inputA with value 9.0
Called postfire()
Called prefire()
Called fire()
Checking for deadlock:
There are 2 Blocked actors, 0 Stopped actors, and 3 active threads.
Waiting for actors to stop.
Called prefire()
Called fire()
Past the end of training data. Read and discard all inputs.
Sent output token with value 9.0
Next port to read input from is inputB
Called postfire()
Called prefire()
Called fire()
Read input token from inputB with value 10.5
Checking for deadlock:
There are 1 Blocked actors, 0 Stopped actors, and 3 active threads.
Waiting for actors to stop.
Called postfire()
Called prefire()
Called fire()
Called prefire()
Called fire()
Past the end of training data. Read and discard all inputs.
Checking for deadlock:
There are 2 Blocked actors, 0 Stopped actors, and 3 active threads.
Waiting for actors to stop.
Sent output token with value 9.0
Next port to read input from is inputA
Called postfire()
Called prefire()
Called fire()
Checking for deadlock:
There are 2 Blocked actors, 0 Stopped actors, and 3 active threads.
Waiting for actors to stop.
Called prefire()
Called fire()
Past the end of training data. Read and discard all inputs.
Checking for deadlock:
There are 3 Blocked actors, 0 Stopped actors, and 3 active threads.
Actors have stopped.
Checking for deadlock:
There are 3 Blocked actors, 0 Stopped actors, and 3 active threads.
Deadlock detected.
Resolving Deadlock
Checking for deadlock:
There are 3 Blocked actors, 0 Stopped actors, and 3 active threads.
Artificial Deadlock - increasing queue capacity.
increasing the capacity of receiver ptolemy.actor.TypedIOPort {.top.OrderedMerge.inputB} to 2
-- Thread wrapup() called.
Called wrapup()
Thread .top.Ramp2 is exiting.
-- Thread stopped.
Director: Called postfire().
Called postfire().
_stopRequested = false
_stopFireRequested = false
Returning from postfire(): true
Called fire().
Checking for deadlock:
There are 2 Blocked actors, 0 Stopped actors, and 2 active threads.
Actors have stopped.
Checking for deadlock:
There are 2 Blocked actors, 0 Stopped actors, and 2 active threads.
Deadlock detected.
Resolving Deadlock
Checking for deadlock:
There are 2 Blocked actors, 0 Stopped actors, and 2 active threads.
Deadlock detected: no processes blocked on write, but some are blocked on read.
Called postfire().
_stopRequested = false
_stopFireRequested = false
Returning from postfire(): false
Finished deactivating branches.
Called wrapup().
-- Thread wrapup() called.
Called wrapup()
Thread .top.OrderedMerge is exiting.
-- Thread stopped.
-- Blocked Receiver call threw TerminateProcessException.
-- Thread wrapup() called.
Called wrapup()
Thread .top.Test is exiting.
-- Thread stopped.
-- Blocked Receiver call threw TerminateProcessException.
81 ms. Memory: 120832K Free: 103750K (86%)
.top. Preinitializing ...
Invoking preinitialize():  .top.OrderedMerge
Called preinitialize()
Invoking preinitialize():  .top.Ramp
Called preinitialize()
Invoking preinitialize():  .top.Ramp2
Called preinitialize()
Invoking preinitialize():  .top.Test
Called preinitialize()
.top. Finished preinitialize().
Called initialize().
Invoking initialize():  .top.OrderedMerge
Initializing actor: .top.OrderedMerge
Adding a thread: .top.OrderedMerge
Invoking initialize():  .top.Ramp
Initializing actor: .top.Ramp
Adding a thread: .top.Ramp
Invoking initialize():  .top.Ramp2
Initializing actor: .top.Ramp2
Adding a thread: .top.Ramp2
Invoking initialize():  .top.Test
Initializing actor: .top.Test
Adding a thread: .top.Test
-- Starting thread.
Called initialize()
Called prefire()
Called fire()
Called postfire()
Called prefire()
Called fire()
Called fire().
Checking for deadlock:
There are 1 Blocked actors, 0 Stopped actors, and 4 active threads.
Waiting for actors to stop.
-- Starting thread.
Called initialize()
Called prefire()
Called fire()
Checking for deadlock:
There are 0 Blocked actors, 0 Stopped actors, and 4 active threads.
Waiting for actors to stop.
Called postfire()
Called prefire()
Called fire()
Checking for deadlock:
There are 1 Blocked actors, 0 Stopped actors, and 4 active threads.
Waiting for actors to stop.
Read input token from inputA with value 0.0
Next port to read input from is inputB
Called postfire()
Called prefire()
Called fire()
Checking for deadlock:
There are 2 Blocked actors, 0 Stopped actors, and 4 active threads.
Waiting for actors to stop.
-- Starting thread.
Called initialize()
Called prefire()
Called fire()
Called postfire()
Called prefire()
Called fire()
Checking for deadlock:
There are 2 Blocked actors, 0 Stopped actors, and 4 active threads.
Waiting for actors to stop.
Read input token from inputB with value 0.0
Sent output token with value 0.0
Next port to read input from is inputA
Called postfire()
Called prefire()
Called fire()
Read input token from inputA with value 1.0
Checking for deadlock:
There are 1 Blocked actors, 0 Stopped actors, and 4 active threads.
Waiting for actors to stop.
Called postfire()
Called prefire()
Called fire()
Checking for deadlock:
There are 2 Blocked actors, 0 Stopped actors, and 4 active threads.
Waiting for actors to stop.
Called postfire()
Called prefire()
Called fire()
Checking for deadlock:
There are 3 Blocked actors, 0 Stopped actors, and 4 active threads.
Waiting for actors to stop.
-- Starting thread.
Called initialize()
Called prefire()
Called fire()
-- Read input: 0.0, which is expected to match: 0.0
Called prefire()
Called fire()
Checking for deadlock:
There are 3 Blocked actors, 0 Stopped actors, and 4 active threads.
Waiting for actors to stop.
-- Read input: 0.0, which is expected to match: 0.0
Called prefire()
Called fire()
Checking for deadlock:
There are 3 Blocked actors, 0 Stopped actors, and 4 active threads.
Waiting for actors to stop.
Sent output token with value 0.0
Next port to read input from is inputB
Called postfire()
Called prefire()
Called fire()
Read input token from inputB with value 1.5
Sent output token with value 1.0
Next port to read input from is inputA
Called postfire()
Called prefire()
Called fire()
Read input token from inputA with value 2.0
Checking for deadlock:
There are 1 Blocked actors, 0 Stopped actors, and 4 active threads.
Waiting for actors to stop.
Called postfire()
Called prefire()
Called fire()
-- Read input: 1.0, which is expected to match: 1.0
Called prefire()
Called fire()
Checking for deadlock:
There are 2 Blocked actors, 0 Stopped actors, and 4 active threads.
Waiting for actors to stop.
Called postfire()
Called prefire()
Called fire()
Checking for deadlock:
There are 3 Blocked actors, 0 Stopped actors, and 4 active threads.
Waiting for actors to stop.
Sent output token with value 1.5
-- Read input: 1.5, which is expected to match: 1.5
Called prefire()
Called fire()
Checking for deadlock:
There are 3 Blocked actors, 0 Stopped actors, and 4 active threads.
Waiting for actors to stop.
Next port to read input from is inputB
Called postfire()
Called prefire()
Called fire()
Checking for deadlock:
There are 2 Blocked actors, 0 Stopped actors, and 4 active threads.
Waiting for actors to stop.
Called postfire()
Called prefire()
Called fire()
Checking for deadlock:
There are 3 Blocked actors, 0 Stopped actors, and 4 active threads.
Waiting for actors to stop.
Read input token from inputB with value 3.0
Sent output token with value 2.0
Next port to read input from is inputA
Called postfire()
Called prefire()
Called fire()
Checking for deadlock:
There are 2 Blocked actors, 0 Stopped actors, and 4 active threads.
Waiting for actors to stop.
-- Read input: 2.0, which is expected to match: 2.0
Called prefire()
Called fire()
Checking for deadlock:
There are 3 Blocked actors, 0 Stopped actors, and 4 active threads.
Waiting for actors to stop.
Checking for deadlock:
There are 2 Blocked actors, 0 Stopped actors, and 4 active threads.
Waiting for actors to stop.
Called postfire()
Called prefire()
Called fire()
Checking for deadlock:
There are 3 Blocked actors, 0 Stopped actors, and 4 active threads.
Waiting for actors to stop.
Read input token from inputA with value 3.0
Checking for deadlock:
There are 2 Blocked actors, 0 Stopped actors, and 4 active threads.
Waiting for actors to stop.
-- Read input: 3.0, which is expected to match: 3.0
Called prefire()
Called fire()
Checking for deadlock:
There are 3 Blocked actors, 0 Stopped actors, and 4 active threads.
Waiting for actors to stop.
Sent output token with value 3.0
Next port to read input from is inputB
Called postfire()
Called prefire()
Called fire()
Checking for deadlock:
There are 2 Blocked actors, 0 Stopped actors, and 4 active threads.
Waiting for actors to stop.
Called postfire()
Called prefire()
Called fire()
Checking for deadlock:
There are 3 Blocked actors, 0 Stopped actors, and 4 active threads.
Waiting for actors to stop.
Read input token from inputB with value 4.5
Sent output token with value 3.0
Next port to read input from is inputA
Called postfire()
Called prefire()
Called fire()
Read input token from inputA with value 4.0
Checking for deadlock:
There are 2 Blocked actors, 0 Stopped actors, and 4 active threads.
Waiting for actors to stop.
Called postfire()
Called prefire()
Called fire()
-- Read input: 3.0, which is expected to match: 3.0
Called prefire()
Called fire()
Checking for deadlock:
There are 3 Blocked actors, 0 Stopped actors, and 4 active threads.
Waiting for actors to stop.
-- Read input: 4.0, which is expected to match: 4.0
Called prefire()
Called fire()
Past the end of training data. Read and discard all inputs.
Checking for deadlock:
There are 3 Blocked actors, 0 Stopped actors, and 4 active threads.
Waiting for actors to stop.
Sent output token with value 4.0
Next port to read input from is inputA
Called postfire()
Called prefire()
Called fire()
Checking for deadlock:
There are 2 Blocked actors, 0 Stopped actors, and 4 active threads.
Waiting for actors to stop.
Called postfire()
Called prefire()
Called fire()
Checking for deadlock:
There are 3 Blocked actors, 0 Stopped actors, and 4 active threads.
Waiting for actors to stop.
Read input token from inputA with value 5.0
Checking for deadlock:
There are 2 Blocked actors, 0 Stopped actors, and 4 active threads.
Waiting for actors to stop.
Called prefire()
Called fire()
Past the end of training data. Read and discard all inputs.
Checking for deadlock:
There are 3 Blocked actors, 0 Stopped actors, and 4 active threads.
Waiting for actors to stop.
Sent output token with value 4.5
Next port to read input from is inputB
Called postfire()
Called prefire()
Called fire()
Checking for deadlock:
There are 2 Blocked actors, 0 Stopped actors, and 4 active threads.
Waiting for actors to stop.
Called postfire()
Called prefire()
Called fire()
Checking for deadlock:
There are 3 Blocked actors, 0 Stopped actors, and 4 active threads.
Waiting for actors to stop.
Read input token from inputB with value 6.0
Sent output token with value 5.0
Next port to read input from is inputA
Called postfire()
Called prefire()
Called fire()
Read input token from inputA with value 6.0
Checking for deadlock:
There are 2 Blocked actors, 0 Stopped actors, and 4 active threads.
Waiting for actors to stop.
Called postfire()
Called prefire()
Called fire()
Called prefire()
Called fire()
Past the end of training data. Read and discard all inputs.
Checking for deadlock:
There are 3 Blocked actors, 0 Stopped actors, and 4 active threads.
Waiting for actors to stop.
Called prefire()
Called fire()
Past the end of training data. Read and discard all inputs.
Checking for deadlock:
There are 3 Blocked actors, 0 Stopped actors, and 4 active threads.
Waiting for actors to stop.
Sent output token with value 6.0
Next port to read input from is inputB
Called postfire()
Called prefire()
Called fire()
Checking for deadlock:
There are 2 Blocked actors, 0 Stopped actors, and 4 active threads.
Waiting for actors to stop.
Called postfire()
Called prefire()
Called fire()
Checking for deadlock:
There are 3 Blocked actors, 0 Stopped actors, and 4 active threads.
Waiting for actors to stop.
Read input token from inputB with value 7.5
Sent output token with value 6.0
Next port to read input from is inputA
Called postfire()
Called prefire()
Called fire()
Read input token from inputA with value 7.0
Checking for deadlock:
There are 2 Blocked actors, 0 Stopped actors, and 4 active threads.
Waiting for actors to stop.
Called postfire()
Called prefire()
Called fire()
Called prefire()
Called fire()
Past the end of training data. Read and discard all inputs.
Checking for deadlock:
There are 3 Blocked actors, 0 Stopped actors, and 4 active threads.
Waiting for actors to stop.
Called prefire()
Called fire()
Past the end of training data. Read and discard all inputs.
Checking for deadlock:
There are 3 Blocked actors, 0 Stopped actors, and 4 active threads.
Waiting for actors to stop.
Sent output token with value 7.0
Next port to read input from is inputA
Called postfire()
Called prefire()
Called fire()
Checking for deadlock:
There are 2 Blocked actors, 0 Stopped actors, and 4 active threads.
Waiting for actors to stop.
-- Thread wrapup() called.
Called wrapup()
Thread .top.Ramp is exiting.
-- Thread stopped.
Checking for deadlock:
There are 2 Blocked actors, 0 Stopped actors, and 3 active threads.
Waiting for actors to stop.
Read input token from inputA with value 8.0
Called prefire()
Called fire()
Past the end of training data. Read and discard all inputs.
Checking for deadlock:
There are 2 Blocked actors, 0 Stopped actors, and 3 active threads.
Waiting for actors to stop.
Sent output token with value 7.5
Next port to read input from is inputB
Called postfire()
Called prefire()
Called fire()
Checking for deadlock:
There are 1 Blocked actors, 0 Stopped actors, and 3 active threads.
Waiting for actors to stop.
Called postfire()
Called prefire()
Called fire()
Checking for deadlock:
There are 2 Blocked actors, 0 Stopped actors, and 3 active threads.
Waiting for actors to stop.
Read input token from inputB with value 9.0
Sent output token with value 8.0
Next port to read input from is inputA
Called postfire()
Called prefire()
Called fire()
Read input token from inputA with value 9.0
Checking for deadlock:
There are 2 Blocked actors, 0 Stopped actors, and 3 active threads.
Waiting for actors to stop.
Called prefire()
Called fire()
Past the end of training data. Read and discard all inputs.
Checking for deadlock:
There are 2 Blocked actors, 0 Stopped actors, and 3 active threads.
Waiting for actors to stop.
Called prefire()
Called fire()
Past the end of training data. Read and discard all inputs.
Checking for deadlock:
There are 2 Blocked actors, 0 Stopped actors, and 3 active threads.
Waiting for actors to stop.
Sent output token with value 9.0
Next port to read input from is inputB
Called postfire()
Called prefire()
Called fire()
Checking for deadlock:
There are 1 Blocked actors, 0 Stopped actors, and 3 active threads.
Waiting for actors to stop.
Called postfire()
Called prefire()
Called fire()
Checking for deadlock:
There are 2 Blocked actors, 0 Stopped actors, and 3 active threads.
Waiting for actors to stop.
Read input token from inputB with value 10.5
Sent output token with value 9.0
Next port to read input from is inputA
Called postfire()
Called prefire()
Called fire()
Checking for deadlock:
There are 2 Blocked actors, 0 Stopped actors, and 3 active threads.
Waiting for actors to stop.
Called prefire()
Called fire()
Past the end of training data. Read and discard all inputs.
Checking for deadlock:
There are 3 Blocked actors, 0 Stopped actors, and 3 active threads.
Actors have stopped.
Checking for deadlock:
There are 3 Blocked actors, 0 Stopped actors, and 3 active threads.
Deadlock detected.
Resolving Deadlock
Checking for deadlock:
There are 3 Blocked actors, 0 Stopped actors, and 3 active threads.
Artificial Deadlock - increasing queue capacity.
increasing the capacity of receiver ptolemy.actor.TypedIOPort {.top.OrderedMerge.inputB} to 2
Director: Called postfire().
Called postfire().
_stopRequested = false
_stopFireRequested = false
Returning from postfire(): true
Called fire().
Checking for deadlock:
There are 2 Blocked actors, 0 Stopped actors, and 3 active threads.
Waiting for actors to stop.
-- Thread wrapup() called.
Called wrapup()
Thread .top.Ramp2 is exiting.
Checking for deadlock:
There are 2 Blocked actors, 0 Stopped actors, and 2 active threads.
Actors have stopped.
Checking for deadlock:
There are 2 Blocked actors, 0 Stopped actors, and 2 active threads.
Deadlock detected.
Resolving Deadlock
Checking for deadlock:
There are 2 Blocked actors, 0 Stopped actors, and 2 active threads.
Deadlock detected: no processes blocked on write, but some are blocked on read.
Called postfire().
_stopRequested = false
_stopFireRequested = false
Returning from postfire(): false
Finished deactivating branches.
Called wrapup().
-- Thread stopped.
-- Thread wrapup() called.
Called wrapup()
Thread .top.OrderedMerge is exiting.
-- Thread stopped.
-- Blocked Receiver call threw TerminateProcessException.
-- Thread wrapup() called.
Called wrapup()
Thread .top.Test is exiting.
-- Thread stopped.
-- Blocked Receiver call threw TerminateProcessException.
43 ms. Memory: 120832K Free: 102043K (84%)
/home/travis/build/icyphy/ptII/ptolemy/actor/lib/test/Publisher.tcl
7 ms. Memory: 120832K Free: 96038K (79%)
4 ms. Memory: 120832K Free: 90438K (75%)
3 ms. Memory: 120832K Free: 86852K (72%)
4 ms. Memory: 120832K Free: 85814K (71%)
2 ms. Memory: 120832K Free: 85318K (71%)
3 ms. Memory: 120832K Free: 84294K (70%)
2 ms. Memory: 120832K Free: 83766K (69%)
3 ms. Memory: 120832K Free: 82742K (68%)
22 ms. Memory: 145408K Free: 120279K (83%)
7 ms. Memory: 145408K Free: 116183K (80%)
3 ms. Memory: 145408K Free: 115673K (80%)
4 ms. Memory: 145408K Free: 113625K (78%)
16 ms. Memory: 145408K Free: 105943K (73%)
9 ms. Memory: 145408K Free: 96217K (66%)
8 ms. Memory: 145408K Free: 84953K (58%)
/home/travis/build/icyphy/ptII/ptolemy/actor/lib/test/Pulse.tcl
6 ms. Memory: 145408K Free: 95638K (66%)
9 ms. Memory: 145408K Free: 95124K (65%)
1 ms. Memory: 145408K Free: 94614K (65%)
5 ms. Memory: 145408K Free: 94086K (65%)
1 ms. Memory: 145408K Free: 93590K (64%)
5 ms. Memory: 145408K Free: 92566K (64%)
9 ms. Memory: 145408K Free: 91542K (63%)
7 ms. Memory: 145408K Free: 91028K (63%)
3 ms. Memory: 145408K Free: 89974K (62%)
/home/travis/build/icyphy/ptII/ptolemy/actor/lib/test/Ramp.tcl
5 ms. Memory: 145408K Free: 88468K (61%)
4 ms. Memory: 145408K Free: 87446K (60%)
3 ms. Memory: 145408K Free: 86918K (60%)
2 ms. Memory: 145408K Free: 85908K (59%)
6 ms. Memory: 145408K Free: 85398K (59%)
8 ms. Memory: 145408K Free: 84374K (58%)
5 ms. Memory: 145408K Free: 83350K (57%)
5 actors
6000 microseconds per iteration to create
10 ms. Memory: 145408K Free: 80774K (56%)
2 ms. Memory: 145408K Free: 80278K (55%)
2 ms. Memory: 145408K Free: 79254K (55%)
4 ms. Memory: 145408K Free: 78726K (54%)
50 actors
54000 microseconds per iteration to create
37 ms. Memory: 145408K Free: 125604K (86%)
5 ms. Memory: 145408K Free: 124580K (86%)
5 ms. Memory: 145408K Free: 123556K (85%)
5 ms. Memory: 145408K Free: 122022K (84%)
500 actors
1761000 microseconds per iteration to create
305 ms. Memory: 175104K Free: 123495K (71%)
46 ms. Memory: 175104K Free: 117865K (67%)
50 ms. Memory: 175104K Free: 112745K (64%)
64 ms. Memory: 175104K Free: 107625K (61%)
/home/travis/build/icyphy/ptII/ptolemy/actor/lib/test/RampContinuous.tcl
11 ms. Memory: 175104K Free: 106081K (61%)
/home/travis/build/icyphy/ptII/ptolemy/actor/lib/test/RecordAssembler.tcl
7 ms. Memory: 175104K Free: 104553K (60%)
4 ms. Memory: 175104K Free: 103529K (59%)
/home/travis/build/icyphy/ptII/ptolemy/actor/lib/test/RecordDisassembler.tcl
15 ms. Memory: 175104K Free: 101977K (58%)
3 ms. Memory: 175104K Free: 100937K (58%)
18 ms. Memory: 175104K Free: 99913K (57%)
/home/travis/build/icyphy/ptII/ptolemy/actor/lib/test/Scale.tcl
5 ms. Memory: 175104K Free: 97881K (56%)
1 ms. Memory: 175104K Free: 97385K (56%)
2 ms. Memory: 175104K Free: 96361K (55%)
3 ms. Memory: 175104K Free: 95817K (55%)
2 ms. Memory: 175104K Free: 94823K (54%)
/home/travis/build/icyphy/ptII/ptolemy/actor/lib/test/SequentialClock.tcl
preinitializing
resolving types
initializing
executing number 1
wrapping up
idle
4 ms. Memory: 175104K Free: 93785K (54%)
Completed execution with 5 iterations
preinitializing
resolving types
initializing
executing number 1
wrapping up
idle
2 ms. Memory: 175104K Free: 93289K (53%)
Completed execution with 5 iterations
preinitializing
resolving types
initializing
executing number 1
wrapping up
idle
2 ms. Memory: 175104K Free: 92775K (53%)
Completed execution with 5 iterations
/home/travis/build/icyphy/ptII/ptolemy/actor/lib/test/SetVariable.tcl
9 ms. Memory: 175104K Free: 90713K (52%)


==== $PTII/ptolemy/actor/lib/test/SetVariable.tcl: SetVariable-3.1 changeFailed
==== Contents of test case:

    #Uses 2.1 above
    jdkCaptureErr {
        # This test was failing if we ran Exit.tcl and then this test.
        # MessageHandler.error() now actually throws the Exception.
	catch {$setVariable changeFailed [java::null]  [java::new Exception {Test exception for SetVariable.changeFailed()}]} errMsg
    } results
    list [string range $results 0 89] "\n" $errMsg

==== Result was:
{java.lang.Exception: Test exception for SetVariable.changeFailed()
	at java.base/jdk.inter} {
} {java.lang.RuntimeException: java.lang.Exception: Test exception for SetVariable.changeFailed()}
---- Result should have been:
{Failed to set variable.
java.lang.Exception: Test exception for SetVariable.changeFailed()} {
} {java.lang.RuntimeException: java.lang.Exception: Test exception for SetVariable.changeFailed()}
---- SetVariable-3.1 FAILED
/home/travis/build/icyphy/ptII/ptolemy/actor/lib/test/Sinewave.tcl
/home/travis/build/icyphy/ptII/ptolemy/actor/lib/test/SubscriptionAggregator.tcl
8 ms. Memory: 175104K Free: 78439K (45%)
4 ms. Memory: 175104K Free: 77929K (45%)
2 ms. Memory: 175104K Free: 77385K (44%)
1 ms. Memory: 175104K Free: 77385K (44%)
2 ms. Memory: 175104K Free: 73833K (42%)
9 ms. Memory: 175104K Free: 71271K (41%)
...............................................................1222 ms. Memory: 244736K Free: 113162K (46%)
/home/travis/build/icyphy/ptII/ptolemy/actor/lib/test/Test.tcl
 The next command will produce a warning about training mode,
   which may be ignored.
4 ms. Memory: 244736K Free: 111098K (45%)
6 ms. Memory: 244736K Free: 110618K (45%)
2 ms. Memory: 244736K Free: 109594K (45%)
1 ms. Memory: 244736K Free: 109080K (45%)
1 ms. Memory: 244736K Free: 108570K (44%)
3 ms. Memory: 244736K Free: 107546K (44%)
4 ms. Memory: 244736K Free: 105994K (43%)
 The next command will produce a warning about training mode,
   which may be ignored.
12 ms. Memory: 244736K Free: 103450K (42%)
 The next command will produce a warning about training mode,
   which may be ignored.
2 ms. Memory: 244736K Free: 102426K (42%)
3 ms. Memory: 244736K Free: 101898K (42%)
1 ms. Memory: 244736K Free: 101402K (41%)
3 ms. Memory: 244736K Free: 100874K (41%)
8 ms. Memory: 244736K Free: 99864K (41%)
6 ms. Memory: 244736K Free: 96282K (39%)
/home/travis/build/icyphy/ptII/ptolemy/actor/lib/test/TestExceptionHandler.tcl
 The next command will produce a warning about training mode,
   which may be ignored.
3 ms. Memory: 244736K Free: 94730K (39%)
1 ms. Memory: 244736K Free: 94234K (39%)
0 ms. Memory: 244736K Free: 93720K (38%)
/home/travis/build/icyphy/ptII/ptolemy/actor/lib/test/UnionDisassembler.tcl
25 ms. Memory: 244736K Free: 86544K (35%)
/home/travis/build/icyphy/ptII/ptolemy/actor/lib/test/VariableClock.tcl
preinitializing
resolving types
initializing
executing number 1
wrapping up
idle
11 ms. Memory: 244736K Free: 84490K (35%)
Completed execution with 11 iterations
preinitializing
resolving types
initializing
executing number 1
wrapping up
idle
3 ms. Memory: 244736K Free: 83466K (34%)
Completed execution with 10 iterations
12/15/19 06:25:36
Failed: 1  Total Tests: 234  ((Passed: 233, Newly Passed: 0)  Known Failed: 0) /home/travis/build/icyphy/ptII/ptolemy/actor/lib/test
----------------- testing (KnownFailure) /home/travis/build/icyphy/ptII/ptolemy/actor/lib/test/auto/knownFailedTests/PublisherPortToplevelSubscriber.xml
0 ms. Memory: 244736K Free: 79898K (33%)
Known Failure: java.lang.reflect.InvocationTargetException
----------------- testing (KnownFailure) /home/travis/build/icyphy/ptII/ptolemy/actor/lib/test/auto/knownFailedTests/PublisherSubscriberPortToplevel.xml
1 ms. Memory: 244736K Free: 76312K (31%)
Known Failure: java.lang.reflect.InvocationTargetException
----------------- testing (KnownFailure) /home/travis/build/icyphy/ptII/ptolemy/actor/lib/test/auto/knownFailedTests/PublisherSubscriptionAggregatorPort.xml
0 ms. Memory: 244736K Free: 72216K (30%)
Known Failure: java.lang.reflect.InvocationTargetException
----------------- testing (KnownFailure) /home/travis/build/icyphy/ptII/ptolemy/actor/lib/test/auto/knownFailedTests/sizedarray3.xml
5 ms. Memory: 244736K Free: 195446K (80%)
Known Failure: java.lang.reflect.InvocationTargetException
No auto/linux-amd64/*.xml tests in /home/travis/build/icyphy/ptII/ptolemy/actor/lib/test
AutoTests.java: About to close Vertx.
AutoTests.java: Vertx closed.

===========================================================================================
----------------- testing Sun Dec 15 06:25:37 UTC 2019 /home/travis/build/icyphy/ptII/ptolemy/actor/lib/test/auto/AbsoluteValue.xml
----------------- Instantiating /home/travis/build/icyphy/ptII/ptolemy/actor/lib/test/auto/AbsoluteValue.xml
5 ms. Memory: 244736K Free: 173428K (71%)
----------------- Invoking toplevel() on ptolemy.moml.MoMLSimpleApplication@4a20c395
----------------- Done invoking toplevel() on ptolemy.moml.MoMLSimpleApplication@4a20c395
reloadAllAccessors: .AbsoluteValue

===========================================================================================
----------------- testing Sun Dec 15 06:25:37 UTC 2019 /home/travis/build/icyphy/ptII/ptolemy/actor/lib/test/auto/AbsoluteValue2.xml
----------------- Instantiating /home/travis/build/icyphy/ptII/ptolemy/actor/lib/test/auto/AbsoluteValue2.xml
5 ms. Memory: 244736K Free: 166260K (68%)
----------------- Invoking toplevel() on ptolemy.moml.MoMLSimpleApplication@5ffa3ca1
----------------- Done invoking toplevel() on ptolemy.moml.MoMLSimpleApplication@5ffa3ca1
reloadAllAccessors: .AbsoluteValue2

===========================================================================================
----------------- testing Sun Dec 15 06:25:37 UTC 2019 /home/travis/build/icyphy/ptII/ptolemy/actor/lib/test/auto/Accumulator.xml
----------------- Instantiating /home/travis/build/icyphy/ptII/ptolemy/actor/lib/test/auto/Accumulator.xml
5 ms. Memory: 244736K Free: 160116K (65%)
----------------- Invoking toplevel() on ptolemy.moml.MoMLSimpleApplication@24e70aa4
----------------- Done invoking toplevel() on ptolemy.moml.MoMLSimpleApplication@24e70aa4
reloadAllAccessors: .Accumulator

===========================================================================================
----------------- testing Sun Dec 15 06:25:37 UTC 2019 /home/travis/build/icyphy/ptII/ptolemy/actor/lib/test/auto/Accumulator2.xml
----------------- Instantiating /home/travis/build/icyphy/ptII/ptolemy/actor/lib/test/auto/Accumulator2.xml
12 ms. Memory: 244736K Free: 154486K (63%)
----------------- Invoking toplevel() on ptolemy.moml.MoMLSimpleApplication@4c594027
----------------- Done invoking toplevel() on ptolemy.moml.MoMLSimpleApplication@4c594027
reloadAllAccessors: .Accumulator2

===========================================================================================
----------------- testing Sun Dec 15 06:25:37 UTC 2019 /home/travis/build/icyphy/ptII/ptolemy/actor/lib/test/auto/Accumulator3.xml
----------------- Instantiating /home/travis/build/icyphy/ptII/ptolemy/actor/lib/test/auto/Accumulator3.xml
2 ms. Memory: 244736K Free: 150390K (61%)
----------------- Invoking toplevel() on ptolemy.moml.MoMLSimpleApplication@6456bba5
----------------- Done invoking toplevel() on ptolemy.moml.MoMLSimpleApplication@6456bba5
reloadAllAccessors: .Accumulator3

===========================================================================================
----------------- testing Sun Dec 15 06:25:37 UTC 2019 /home/travis/build/icyphy/ptII/ptolemy/actor/lib/test/auto/ArrayAppend.xml
----------------- Instantiating /home/travis/build/icyphy/ptII/ptolemy/actor/lib/test/auto/ArrayAppend.xml
4 ms. Memory: 244736K Free: 144741K (59%)
----------------- Invoking toplevel() on ptolemy.moml.MoMLSimpleApplication@797b757c
----------------- Done invoking toplevel() on ptolemy.moml.MoMLSimpleApplication@797b757c
reloadAllAccessors: .ArrayAppend

===========================================================================================
----------------- testing Sun Dec 15 06:25:37 UTC 2019 /home/travis/build/icyphy/ptII/ptolemy/actor/lib/test/auto/ArrayAppend2.xml
----------------- Instantiating /home/travis/build/icyphy/ptII/ptolemy/actor/lib/test/auto/ArrayAppend2.xml
549 ms. Memory: 244736K Free: 188013K (77%)
----------------- Invoking toplevel() on ptolemy.moml.MoMLSimpleApplication@4230cad9
----------------- Done invoking toplevel() on ptolemy.moml.MoMLSimpleApplication@4230cad9
reloadAllAccessors: .ArrayAppend2

===========================================================================================
----------------- testing Sun Dec 15 06:25:38 UTC 2019 /home/travis/build/icyphy/ptII/ptolemy/actor/lib/test/auto/ArrayAppend3.xml
----------------- Instantiating /home/travis/build/icyphy/ptII/ptolemy/actor/lib/test/auto/ArrayAppend3.xml
3 ms. Memory: 244736K Free: 182379K (75%)
----------------- Invoking toplevel() on ptolemy.moml.MoMLSimpleApplication@4245a56e
----------------- Done invoking toplevel() on ptolemy.moml.MoMLSimpleApplication@4245a56e
reloadAllAccessors: .ArrayAppend3

===========================================================================================
----------------- testing Sun Dec 15 06:25:38 UTC 2019 /home/travis/build/icyphy/ptII/ptolemy/actor/lib/test/auto/ArrayAppend4.xml
----------------- Instantiating /home/travis/build/icyphy/ptII/ptolemy/actor/lib/test/auto/ArrayAppend4.xml
2 ms. Memory: 244736K Free: 176749K (72%)
----------------- Invoking toplevel() on ptolemy.moml.MoMLSimpleApplication@5444c446
----------------- Done invoking toplevel() on ptolemy.moml.MoMLSimpleApplication@5444c446
reloadAllAccessors: .ArrayAppend4

===========================================================================================
----------------- testing Sun Dec 15 06:25:38 UTC 2019 /home/travis/build/icyphy/ptII/ptolemy/actor/lib/test/auto/ArrayAppend5.xml
----------------- Instantiating /home/travis/build/icyphy/ptII/ptolemy/actor/lib/test/auto/ArrayAppend5.xml
2 ms. Memory: 244736K Free: 171629K (70%)
----------------- Invoking toplevel() on ptolemy.moml.MoMLSimpleApplication@2e1e4fb7
----------------- Done invoking toplevel() on ptolemy.moml.MoMLSimpleApplication@2e1e4fb7
reloadAllAccessors: .ArrayAppend5

===========================================================================================
----------------- testing Sun Dec 15 06:25:38 UTC 2019 /home/travis/build/icyphy/ptII/ptolemy/actor/lib/test/auto/ArrayAppend6.xml
----------------- Instantiating /home/travis/build/icyphy/ptII/ptolemy/actor/lib/test/auto/ArrayAppend6.xml
2 ms. Memory: 244736K Free: 165995K (68%)
----------------- Invoking toplevel() on ptolemy.moml.MoMLSimpleApplication@39d2c63d
----------------- Done invoking toplevel() on ptolemy.moml.MoMLSimpleApplication@39d2c63d
reloadAllAccessors: .ArrayAppend6

===========================================================================================
----------------- testing Sun Dec 15 06:25:38 UTC 2019 /home/travis/build/icyphy/ptII/ptolemy/actor/lib/test/auto/ArrayAppendPerformanceTest.xml
----------------- Instantiating /home/travis/build/icyphy/ptII/ptolemy/actor/lib/test/auto/ArrayAppendPerformanceTest.xml
22 ms. Memory: 244736K Free: 154731K (63%)
----------------- Invoking toplevel() on ptolemy.moml.MoMLSimpleApplication@53091a0b
----------------- Done invoking toplevel() on ptolemy.moml.MoMLSimpleApplication@53091a0b
reloadAllAccessors: .ArrayAppendPerformanceTest

===========================================================================================
----------------- testing Sun Dec 15 06:25:38 UTC 2019 /home/travis/build/icyphy/ptII/ptolemy/actor/lib/test/auto/ArrayAppendWithEmptyInput.xml
----------------- Instantiating /home/travis/build/icyphy/ptII/ptolemy/actor/lib/test/auto/ArrayAppendWithEmptyInput.xml
12 ms. Memory: 244736K Free: 146539K (60%)
----------------- Invoking toplevel() on ptolemy.moml.MoMLSimpleApplication@407515a9
----------------- Done invoking toplevel() on ptolemy.moml.MoMLSimpleApplication@407515a9
reloadAllAccessors: .ArrayAppendWithEmptyInput

===========================================================================================
----------------- testing Sun Dec 15 06:25:38 UTC 2019 /home/travis/build/icyphy/ptII/ptolemy/actor/lib/test/auto/ArrayAverage.xml
----------------- Instantiating /home/travis/build/icyphy/ptII/ptolemy/actor/lib/test/auto/ArrayAverage.xml
7 ms. Memory: 244736K Free: 138861K (57%)
----------------- Invoking toplevel() on ptolemy.moml.MoMLSimpleApplication@47d979c4
----------------- Done invoking toplevel() on ptolemy.moml.MoMLSimpleApplication@47d979c4
reloadAllAccessors: .ArrayAverage

===========================================================================================
----------------- testing Sun Dec 15 06:25:38 UTC 2019 /home/travis/build/icyphy/ptII/ptolemy/actor/lib/test/auto/ArrayContains.xml
----------------- Instantiating /home/travis/build/icyphy/ptII/ptolemy/actor/lib/test/auto/ArrayContains.xml
7 ms. Memory: 244736K Free: 132717K (54%)
----------------- Invoking toplevel() on ptolemy.moml.MoMLSimpleApplication@176c112c
----------------- Done invoking toplevel() on ptolemy.moml.MoMLSimpleApplication@176c112c
reloadAllAccessors: .ArrayContains

===========================================================================================
----------------- testing Sun Dec 15 06:25:38 UTC 2019 /home/travis/build/icyphy/ptII/ptolemy/actor/lib/test/auto/ArrayElement.xml
----------------- Instantiating /home/travis/build/icyphy/ptII/ptolemy/actor/lib/test/auto/ArrayElement.xml
9 ms. Memory: 244736K Free: 127083K (52%)
----------------- Invoking toplevel() on ptolemy.moml.MoMLSimpleApplication@420812e4
----------------- Done invoking toplevel() on ptolemy.moml.MoMLSimpleApplication@420812e4
reloadAllAccessors: .ArrayElement

===========================================================================================
----------------- testing Sun Dec 15 06:25:38 UTC 2019 /home/travis/build/icyphy/ptII/ptolemy/actor/lib/test/auto/ArrayElementAsMatrix.xml
----------------- Instantiating /home/travis/build/icyphy/ptII/ptolemy/actor/lib/test/auto/ArrayElementAsMatrix.xml
23 ms. Memory: 244736K Free: 117357K (48%)
----------------- Invoking toplevel() on ptolemy.moml.MoMLSimpleApplication@4c383120
----------------- Done invoking toplevel() on ptolemy.moml.MoMLSimpleApplication@4c383120
reloadAllAccessors: .ArrayElementAsMatrix

===========================================================================================
----------------- testing Sun Dec 15 06:25:38 UTC 2019 /home/travis/build/icyphy/ptII/ptolemy/actor/lib/test/auto/ArrayElementI.xml
----------------- Instantiating /home/travis/build/icyphy/ptII/ptolemy/actor/lib/test/auto/ArrayElementI.xml
3 ms. Memory: 244736K Free: 111723K (46%)
----------------- Invoking toplevel() on ptolemy.moml.MoMLSimpleApplication@27323d
----------------- Done invoking toplevel() on ptolemy.moml.MoMLSimpleApplication@27323d
reloadAllAccessors: .ArrayElementI

===========================================================================================
----------------- testing Sun Dec 15 06:25:38 UTC 2019 /home/travis/build/icyphy/ptII/ptolemy/actor/lib/test/auto/ArrayExtract.xml
----------------- Instantiating /home/travis/build/icyphy/ptII/ptolemy/actor/lib/test/auto/ArrayExtract.xml
5 ms. Memory: 244736K Free: 103531K (42%)
----------------- Invoking toplevel() on ptolemy.moml.MoMLSimpleApplication@76154a03
----------------- Done invoking toplevel() on ptolemy.moml.MoMLSimpleApplication@76154a03
reloadAllAccessors: .ArrayExtract

===========================================================================================
----------------- testing Sun Dec 15 06:25:38 UTC 2019 /home/travis/build/icyphy/ptII/ptolemy/actor/lib/test/auto/ArrayExtract2.xml
----------------- Instantiating /home/travis/build/icyphy/ptII/ptolemy/actor/lib/test/auto/ArrayExtract2.xml
2 ms. Memory: 244736K Free: 97901K (40%)
----------------- Invoking toplevel() on ptolemy.moml.MoMLSimpleApplication@761e8749
----------------- Done invoking toplevel() on ptolemy.moml.MoMLSimpleApplication@761e8749
reloadAllAccessors: .ArrayExtract2

===========================================================================================
----------------- testing Sun Dec 15 06:25:38 UTC 2019 /home/travis/build/icyphy/ptII/ptolemy/actor/lib/test/auto/ArrayLength.xml
----------------- Instantiating /home/travis/build/icyphy/ptII/ptolemy/actor/lib/test/auto/ArrayLength.xml
1 ms. Memory: 244736K Free: 93805K (38%)
----------------- Invoking toplevel() on ptolemy.moml.MoMLSimpleApplication@2280735e
----------------- Done invoking toplevel() on ptolemy.moml.MoMLSimpleApplication@2280735e
reloadAllAccessors: .ArrayLength

===========================================================================================
----------------- testing Sun Dec 15 06:25:38 UTC 2019 /home/travis/build/icyphy/ptII/ptolemy/actor/lib/test/auto/ArrayLevelCrossing.xml
----------------- Instantiating /home/travis/build/icyphy/ptII/ptolemy/actor/lib/test/auto/ArrayLevelCrossing.xml
3 ms. Memory: 244736K Free: 85613K (35%)
----------------- Invoking toplevel() on ptolemy.moml.MoMLSimpleApplication@669febe6
----------------- Done invoking toplevel() on ptolemy.moml.MoMLSimpleApplication@669febe6
reloadAllAccessors: .ArrayLevelCrossing

===========================================================================================
----------------- testing Sun Dec 15 06:25:39 UTC 2019 /home/travis/build/icyphy/ptII/ptolemy/actor/lib/test/auto/ArrayLevelCrossing2.xml
----------------- Instantiating /home/travis/build/icyphy/ptII/ptolemy/actor/lib/test/auto/ArrayLevelCrossing2.xml
3 ms. Memory: 244736K Free: 78445K (32%)
----------------- Invoking toplevel() on ptolemy.moml.MoMLSimpleApplication@653272cd
----------------- Done invoking toplevel() on ptolemy.moml.MoMLSimpleApplication@653272cd
reloadAllAccessors: .ArrayLevelCrossing2

===========================================================================================
----------------- testing Sun Dec 15 06:25:39 UTC 2019 /home/travis/build/icyphy/ptII/ptolemy/actor/lib/test/auto/ArrayPeakSearch.xml
----------------- Instantiating /home/travis/build/icyphy/ptII/ptolemy/actor/lib/test/auto/ArrayPeakSearch.xml
7 ms. Memory: 244736K Free: 69229K (28%)
----------------- Invoking toplevel() on ptolemy.moml.MoMLSimpleApplication@5a2e968c
----------------- Done invoking toplevel() on ptolemy.moml.MoMLSimpleApplication@5a2e968c
reloadAllAccessors: .ArrayPeakSearch

===========================================================================================
----------------- testing Sun Dec 15 06:25:39 UTC 2019 /home/travis/build/icyphy/ptII/ptolemy/actor/lib/test/auto/ArrayPeakSearch2.xml
----------------- Instantiating /home/travis/build/icyphy/ptII/ptolemy/actor/lib/test/auto/ArrayPeakSearch2.xml
8 ms. Memory: 244736K Free: 58989K (24%)
----------------- Invoking toplevel() on ptolemy.moml.MoMLSimpleApplication@64226312
----------------- Done invoking toplevel() on ptolemy.moml.MoMLSimpleApplication@64226312
reloadAllAccessors: .ArrayPeakSearch2

===========================================================================================
----------------- testing Sun Dec 15 06:25:39 UTC 2019 /home/travis/build/icyphy/ptII/ptolemy/actor/lib/test/auto/ArrayPeakSearch3.xml
----------------- Instantiating /home/travis/build/icyphy/ptII/ptolemy/actor/lib/test/auto/ArrayPeakSearch3.xml
6 ms. Memory: 483328K Free: 428224K (89%)
----------------- Invoking toplevel() on ptolemy.moml.MoMLSimpleApplication@6738dbd0
----------------- Done invoking toplevel() on ptolemy.moml.MoMLSimpleApplication@6738dbd0
reloadAllAccessors: .ArrayPeakSearch3

===========================================================================================
----------------- testing Sun Dec 15 06:25:39 UTC 2019 /home/travis/build/icyphy/ptII/ptolemy/actor/lib/test/auto/ArrayRemoveElement.xml
----------------- Instantiating /home/travis/build/icyphy/ptII/ptolemy/actor/lib/test/auto/ArrayRemoveElement.xml
4 ms. Memory: 483328K Free: 420542K (87%)
----------------- Invoking toplevel() on ptolemy.moml.MoMLSimpleApplication@57221466
----------------- Done invoking toplevel() on ptolemy.moml.MoMLSimpleApplication@57221466
reloadAllAccessors: .ArrayRemoveElement

===========================================================================================
----------------- testing Sun Dec 15 06:25:39 UTC 2019 /home/travis/build/icyphy/ptII/ptolemy/actor/lib/test/auto/ArraySort.xml
----------------- Instantiating /home/travis/build/icyphy/ptII/ptolemy/actor/lib/test/auto/ArraySort.xml
6 ms. Memory: 483328K Free: 411326K (85%)
----------------- Invoking toplevel() on ptolemy.moml.MoMLSimpleApplication@252dad94
----------------- Done invoking toplevel() on ptolemy.moml.MoMLSimpleApplication@252dad94
reloadAllAccessors: .ArraySort

===========================================================================================
----------------- testing Sun Dec 15 06:25:39 UTC 2019 /home/travis/build/icyphy/ptII/ptolemy/actor/lib/test/auto/ArraySum.xml
----------------- Instantiating /home/travis/build/icyphy/ptII/ptolemy/actor/lib/test/auto/ArraySum.xml
6 ms. Memory: 483328K Free: 406206K (84%)
----------------- Invoking toplevel() on ptolemy.moml.MoMLSimpleApplication@185e4bab
----------------- Done invoking toplevel() on ptolemy.moml.MoMLSimpleApplication@185e4bab
reloadAllAccessors: .ArraySum

===========================================================================================
----------------- testing Sun Dec 15 06:25:39 UTC 2019 /home/travis/build/icyphy/ptII/ptolemy/actor/lib/test/auto/ArrayToElements.xml
----------------- Instantiating /home/travis/build/icyphy/ptII/ptolemy/actor/lib/test/auto/ArrayToElements.xml
7 ms. Memory: 483328K Free: 400576K (83%)
----------------- Invoking toplevel() on ptolemy.moml.MoMLSimpleApplication@14bbfaa8
----------------- Done invoking toplevel() on ptolemy.moml.MoMLSimpleApplication@14bbfaa8
reloadAllAccessors: .ArrayToElements

===========================================================================================
----------------- testing Sun Dec 15 06:25:39 UTC 2019 /home/travis/build/icyphy/ptII/ptolemy/actor/lib/test/auto/ArrayToMatrix.xml
----------------- Instantiating /home/travis/build/icyphy/ptII/ptolemy/actor/lib/test/auto/ArrayToMatrix.xml
11 ms. Memory: 483328K Free: 386750K (80%)
----------------- Invoking toplevel() on ptolemy.moml.MoMLSimpleApplication@301f3601
----------------- Done invoking toplevel() on ptolemy.moml.MoMLSimpleApplication@301f3601
reloadAllAccessors: .ArrayToMatrix

===========================================================================================
----------------- testing Sun Dec 15 06:25:39 UTC 2019 /home/travis/build/icyphy/ptII/ptolemy/actor/lib/test/auto/ArrayUpdate1.xml
----------------- Instantiating /home/travis/build/icyphy/ptII/ptolemy/actor/lib/test/auto/ArrayUpdate1.xml
6 ms. Memory: 483328K Free: 381630K (79%)
----------------- Invoking toplevel() on ptolemy.moml.MoMLSimpleApplication@1d9ad355
----------------- Done invoking toplevel() on ptolemy.moml.MoMLSimpleApplication@1d9ad355
reloadAllAccessors: .ArrayUpdate1

===========================================================================================
----------------- testing Sun Dec 15 06:25:39 UTC 2019 /home/travis/build/icyphy/ptII/ptolemy/actor/lib/test/auto/ArrayUpdate2.xml
----------------- Instantiating /home/travis/build/icyphy/ptII/ptolemy/actor/lib/test/auto/ArrayUpdate2.xml
20 ms. Memory: 483328K Free: 375472K (78%)
----------------- Invoking toplevel() on ptolemy.moml.MoMLSimpleApplication@20b76acc
----------------- Done invoking toplevel() on ptolemy.moml.MoMLSimpleApplication@20b76acc
reloadAllAccessors: .ArrayUpdate2

===========================================================================================
----------------- testing Sun Dec 15 06:25:39 UTC 2019 /home/travis/build/icyphy/ptII/ptolemy/actor/lib/test/auto/ArrayUpdate3.xml
----------------- Instantiating /home/travis/build/icyphy/ptII/ptolemy/actor/lib/test/auto/ArrayUpdate3.xml
3 ms. Memory: 483328K Free: 370366K (77%)
----------------- Invoking toplevel() on ptolemy.moml.MoMLSimpleApplication@41e35188
----------------- Done invoking toplevel() on ptolemy.moml.MoMLSimpleApplication@41e35188
reloadAllAccessors: .ArrayUpdate3

===========================================================================================
----------------- testing Sun Dec 15 06:25:39 UTC 2019 /home/travis/build/icyphy/ptII/ptolemy/actor/lib/test/auto/Assert1.xml
----------------- Instantiating /home/travis/build/icyphy/ptII/ptolemy/actor/lib/test/auto/Assert1.xml
7 ms. Memory: 483328K Free: 366270K (76%)
----------------- Invoking toplevel() on ptolemy.moml.MoMLSimpleApplication@5db7b46c
----------------- Done invoking toplevel() on ptolemy.moml.MoMLSimpleApplication@5db7b46c
reloadAllAccessors: .Assert1

===========================================================================================
----------------- testing Sun Dec 15 06:25:39 UTC 2019 /home/travis/build/icyphy/ptII/ptolemy/actor/lib/test/auto/Assert2.xml
----------------- Instantiating /home/travis/build/icyphy/ptII/ptolemy/actor/lib/test/auto/Assert2.xml
3 ms. Memory: 483328K Free: 360640K (75%)
----------------- Invoking toplevel() on ptolemy.moml.MoMLSimpleApplication@27ae3dde
----------------- Done invoking toplevel() on ptolemy.moml.MoMLSimpleApplication@27ae3dde
reloadAllAccessors: .Assert2

===========================================================================================
----------------- testing Sun Dec 15 06:25:39 UTC 2019 /home/travis/build/icyphy/ptII/ptolemy/actor/lib/test/auto/BooleanMultiplexor.xml
----------------- Instantiating /home/travis/build/icyphy/ptII/ptolemy/actor/lib/test/auto/BooleanMultiplexor.xml
3 ms. Memory: 483328K Free: 355520K (74%)
----------------- Invoking toplevel() on ptolemy.moml.MoMLSimpleApplication@580aff2b
----------------- Done invoking toplevel() on ptolemy.moml.MoMLSimpleApplication@580aff2b
reloadAllAccessors: .BooleanMultiplexor

===========================================================================================
----------------- testing Sun Dec 15 06:25:39 UTC 2019 /home/travis/build/icyphy/ptII/ptolemy/actor/lib/test/auto/BooleanMultiplexor2.xml
----------------- Instantiating /home/travis/build/icyphy/ptII/ptolemy/actor/lib/test/auto/BooleanMultiplexor2.xml
15 ms. Memory: 483328K Free: 348862K (72%)
----------------- Invoking toplevel() on ptolemy.moml.MoMLSimpleApplication@6cdd7771
----------------- Done invoking toplevel() on ptolemy.moml.MoMLSimpleApplication@6cdd7771
reloadAllAccessors: .BooleanMultiplexor2

===========================================================================================
----------------- testing Sun Dec 15 06:25:39 UTC 2019 /home/travis/build/icyphy/ptII/ptolemy/actor/lib/test/auto/BooleanMultiplexor3.xml
----------------- Instantiating /home/travis/build/icyphy/ptII/ptolemy/actor/lib/test/auto/BooleanMultiplexor3.xml
3 ms. Memory: 483328K Free: 345280K (71%)
----------------- Invoking toplevel() on ptolemy.moml.MoMLSimpleApplication@a79a8a7
----------------- Done invoking toplevel() on ptolemy.moml.MoMLSimpleApplication@a79a8a7
reloadAllAccessors: .BooleanMultiplexor3

===========================================================================================
----------------- testing Sun Dec 15 06:25:39 UTC 2019 /home/travis/build/icyphy/ptII/ptolemy/actor/lib/test/auto/BooleanSelect.xml
----------------- Instantiating /home/travis/build/icyphy/ptII/ptolemy/actor/lib/test/auto/BooleanSelect.xml
13 ms. Memory: 483328K Free: 339136K (70%)
----------------- Invoking toplevel() on ptolemy.moml.MoMLSimpleApplication@3550ada4
----------------- Done invoking toplevel() on ptolemy.moml.MoMLSimpleApplication@3550ada4
reloadAllAccessors: .BooleanSelect

===========================================================================================
----------------- testing Sun Dec 15 06:25:39 UTC 2019 /home/travis/build/icyphy/ptII/ptolemy/actor/lib/test/auto/BooleanSelect2.xml
----------------- Instantiating /home/travis/build/icyphy/ptII/ptolemy/actor/lib/test/auto/BooleanSelect2.xml
1 ms. Memory: 483328K Free: 335040K (69%)
----------------- Invoking toplevel() on ptolemy.moml.MoMLSimpleApplication@cff8698
----------------- Done invoking toplevel() on ptolemy.moml.MoMLSimpleApplication@cff8698
reloadAllAccessors: .BooleanSelect2

===========================================================================================
----------------- testing Sun Dec 15 06:25:39 UTC 2019 /home/travis/build/icyphy/ptII/ptolemy/actor/lib/test/auto/BooleanSwitch.xml
----------------- Instantiating /home/travis/build/icyphy/ptII/ptolemy/actor/lib/test/auto/BooleanSwitch.xml
7 ms. Memory: 483328K Free: 328382K (68%)
----------------- Invoking toplevel() on ptolemy.moml.MoMLSimpleApplication@6e4f718b
----------------- Done invoking toplevel() on ptolemy.moml.MoMLSimpleApplication@6e4f718b
reloadAllAccessors: .BooleanSwitch

===========================================================================================
----------------- testing Sun Dec 15 06:25:39 UTC 2019 /home/travis/build/icyphy/ptII/ptolemy/actor/lib/test/auto/BooleanSwitch2.xml
----------------- Instantiating /home/travis/build/icyphy/ptII/ptolemy/actor/lib/test/auto/BooleanSwitch2.xml
1 ms. Memory: 483328K Free: 324286K (67%)
----------------- Invoking toplevel() on ptolemy.moml.MoMLSimpleApplication@4fa1f1f5
----------------- Done invoking toplevel() on ptolemy.moml.MoMLSimpleApplication@4fa1f1f5
reloadAllAccessors: .BooleanSwitch2

===========================================================================================
----------------- testing Sun Dec 15 06:25:39 UTC 2019 /home/travis/build/icyphy/ptII/ptolemy/actor/lib/test/auto/BooleanSwitchCloningBugWithClassRelationGroup.xml
----------------- Instantiating /home/travis/build/icyphy/ptII/ptolemy/actor/lib/test/auto/BooleanSwitchCloningBugWithClassRelationGroup.xml
2 ms. Memory: 483328K Free: 317632K (66%)
----------------- Invoking toplevel() on ptolemy.moml.MoMLSimpleApplication@5bb49ef1
----------------- Done invoking toplevel() on ptolemy.moml.MoMLSimpleApplication@5bb49ef1
reloadAllAccessors: .BooleanSwitchCloningBugWithClassRelationGroup

===========================================================================================
----------------- testing Sun Dec 15 06:25:39 UTC 2019 /home/travis/build/icyphy/ptII/ptolemy/actor/lib/test/auto/BusActors.xml
----------------- Instantiating /home/travis/build/icyphy/ptII/ptolemy/actor/lib/test/auto/BusActors.xml
4 ms. Memory: 483328K Free: 309950K (64%)
----------------- Invoking toplevel() on ptolemy.moml.MoMLSimpleApplication@47419d0
----------------- Done invoking toplevel() on ptolemy.moml.MoMLSimpleApplication@47419d0
reloadAllAccessors: .BusActors

===========================================================================================
----------------- testing Sun Dec 15 06:25:39 UTC 2019 /home/travis/build/icyphy/ptII/ptolemy/actor/lib/test/auto/ClassWrapper.xml
----------------- Instantiating /home/travis/build/icyphy/ptII/ptolemy/actor/lib/test/auto/ClassWrapper.xml
3 ms. Memory: 483328K Free: 305344K (63%)
----------------- Invoking toplevel() on ptolemy.moml.MoMLSimpleApplication@37ecc7ca
----------------- Done invoking toplevel() on ptolemy.moml.MoMLSimpleApplication@37ecc7ca
reloadAllAccessors: .ClassWrapper

===========================================================================================
----------------- testing Sun Dec 15 06:25:39 UTC 2019 /home/travis/build/icyphy/ptII/ptolemy/actor/lib/test/auto/Clock.xml
----------------- Instantiating /home/travis/build/icyphy/ptII/ptolemy/actor/lib/test/auto/Clock.xml
4 ms. Memory: 483328K Free: 301758K (62%)
----------------- Invoking toplevel() on ptolemy.moml.MoMLSimpleApplication@1e9e6e75
----------------- Done invoking toplevel() on ptolemy.moml.MoMLSimpleApplication@1e9e6e75
reloadAllAccessors: .Clock

===========================================================================================
----------------- testing Sun Dec 15 06:25:39 UTC 2019 /home/travis/build/icyphy/ptII/ptolemy/actor/lib/test/auto/Clock10.xml
----------------- Instantiating /home/travis/build/icyphy/ptII/ptolemy/actor/lib/test/auto/Clock10.xml
3 ms. Memory: 483328K Free: 295614K (61%)
----------------- Invoking toplevel() on ptolemy.moml.MoMLSimpleApplication@268f8499
----------------- Done invoking toplevel() on ptolemy.moml.MoMLSimpleApplication@268f8499
reloadAllAccessors: .Clock10

===========================================================================================
----------------- testing Sun Dec 15 06:25:39 UTC 2019 /home/travis/build/icyphy/ptII/ptolemy/actor/lib/test/auto/Clock11.xml
----------------- Instantiating /home/travis/build/icyphy/ptII/ptolemy/actor/lib/test/auto/Clock11.xml
5 ms. Memory: 483328K Free: 289984K (60%)
----------------- Invoking toplevel() on ptolemy.moml.MoMLSimpleApplication@34565297
----------------- Done invoking toplevel() on ptolemy.moml.MoMLSimpleApplication@34565297
reloadAllAccessors: .Clock11

===========================================================================================
----------------- testing Sun Dec 15 06:25:40 UTC 2019 /home/travis/build/icyphy/ptII/ptolemy/actor/lib/test/auto/Clock12.xml
----------------- Instantiating /home/travis/build/icyphy/ptII/ptolemy/actor/lib/test/auto/Clock12.xml
5 ms. Memory: 483328K Free: 283840K (59%)
----------------- Invoking toplevel() on ptolemy.moml.MoMLSimpleApplication@76b92c6c
----------------- Done invoking toplevel() on ptolemy.moml.MoMLSimpleApplication@76b92c6c
reloadAllAccessors: .Clock12

===========================================================================================
----------------- testing Sun Dec 15 06:25:40 UTC 2019 /home/travis/build/icyphy/ptII/ptolemy/actor/lib/test/auto/Clock13.xml
----------------- Instantiating /home/travis/build/icyphy/ptII/ptolemy/actor/lib/test/auto/Clock13.xml
8 ms. Memory: 483328K Free: 278200K (58%)
----------------- Invoking toplevel() on ptolemy.moml.MoMLSimpleApplication@578ff9a3
----------------- Done invoking toplevel() on ptolemy.moml.MoMLSimpleApplication@578ff9a3
reloadAllAccessors: .Clock13

===========================================================================================
----------------- testing Sun Dec 15 06:25:40 UTC 2019 /home/travis/build/icyphy/ptII/ptolemy/actor/lib/test/auto/Clock14.xml
----------------- Instantiating /home/travis/build/icyphy/ptII/ptolemy/actor/lib/test/auto/Clock14.xml
7 ms. Memory: 483328K Free: 272056K (56%)
----------------- Invoking toplevel() on ptolemy.moml.MoMLSimpleApplication@496544e6
----------------- Done invoking toplevel() on ptolemy.moml.MoMLSimpleApplication@496544e6
reloadAllAccessors: .Clock14

===========================================================================================
----------------- testing Sun Dec 15 06:25:40 UTC 2019 /home/travis/build/icyphy/ptII/ptolemy/actor/lib/test/auto/Clock15.xml
----------------- Instantiating /home/travis/build/icyphy/ptII/ptolemy/actor/lib/test/auto/Clock15.xml
8 ms. Memory: 483328K Free: 265912K (55%)
----------------- Invoking toplevel() on ptolemy.moml.MoMLSimpleApplication@7daae4b9
----------------- Done invoking toplevel() on ptolemy.moml.MoMLSimpleApplication@7daae4b9
reloadAllAccessors: .Clock15

===========================================================================================
----------------- testing Sun Dec 15 06:25:40 UTC 2019 /home/travis/build/icyphy/ptII/ptolemy/actor/lib/test/auto/Clock16.xml
----------------- Instantiating /home/travis/build/icyphy/ptII/ptolemy/actor/lib/test/auto/Clock16.xml
35 ms. Memory: 483328K Free: 252080K (52%)
----------------- Invoking toplevel() on ptolemy.moml.MoMLSimpleApplication@23657c97
----------------- Done invoking toplevel() on ptolemy.moml.MoMLSimpleApplication@23657c97
reloadAllAccessors: .Clock16

===========================================================================================
----------------- testing Sun Dec 15 06:25:40 UTC 2019 /home/travis/build/icyphy/ptII/ptolemy/actor/lib/test/auto/Clock17.xml
----------------- Instantiating /home/travis/build/icyphy/ptII/ptolemy/actor/lib/test/auto/Clock17.xml
15 ms. Memory: 483328K Free: 237760K (49%)
----------------- Invoking toplevel() on ptolemy.moml.MoMLSimpleApplication@3d9bbe71
----------------- Done invoking toplevel() on ptolemy.moml.MoMLSimpleApplication@3d9bbe71
reloadAllAccessors: .Clock17

===========================================================================================
----------------- testing Sun Dec 15 06:25:40 UTC 2019 /home/travis/build/icyphy/ptII/ptolemy/actor/lib/test/auto/Clock18.xml
----------------- Instantiating /home/travis/build/icyphy/ptII/ptolemy/actor/lib/test/auto/Clock18.xml
28 ms. Memory: 483328K Free: 223904K (46%)
----------------- Invoking toplevel() on ptolemy.moml.MoMLSimpleApplication@6c595da1
----------------- Done invoking toplevel() on ptolemy.moml.MoMLSimpleApplication@6c595da1
reloadAllAccessors: .Clock18

===========================================================================================
----------------- testing Sun Dec 15 06:25:40 UTC 2019 /home/travis/build/icyphy/ptII/ptolemy/actor/lib/test/auto/Clock19.xml
----------------- Instantiating /home/travis/build/icyphy/ptII/ptolemy/actor/lib/test/auto/Clock19.xml
18 ms. Memory: 483328K Free: 210618K (44%)
----------------- Invoking toplevel() on ptolemy.moml.MoMLSimpleApplication@25fc7ff2
----------------- Done invoking toplevel() on ptolemy.moml.MoMLSimpleApplication@25fc7ff2
reloadAllAccessors: .Clock19

===========================================================================================
----------------- testing Sun Dec 15 06:25:40 UTC 2019 /home/travis/build/icyphy/ptII/ptolemy/actor/lib/test/auto/Clock2.xml
----------------- Instantiating /home/travis/build/icyphy/ptII/ptolemy/actor/lib/test/auto/Clock2.xml
2 ms. Memory: 483328K Free: 206512K (43%)
----------------- Invoking toplevel() on ptolemy.moml.MoMLSimpleApplication@4455c604
----------------- Done invoking toplevel() on ptolemy.moml.MoMLSimpleApplication@4455c604
reloadAllAccessors: .Clock2

===========================================================================================
----------------- testing Sun Dec 15 06:25:40 UTC 2019 /home/travis/build/icyphy/ptII/ptolemy/actor/lib/test/auto/Clock20.xml
----------------- Instantiating /home/travis/build/icyphy/ptII/ptolemy/actor/lib/test/auto/Clock20.xml
8 ms. Memory: 483328K Free: 200896K (42%)
----------------- Invoking toplevel() on ptolemy.moml.MoMLSimpleApplication@34b2b5b8
----------------- Done invoking toplevel() on ptolemy.moml.MoMLSimpleApplication@34b2b5b8
reloadAllAccessors: .Clock20

===========================================================================================
----------------- testing Sun Dec 15 06:25:40 UTC 2019 /home/travis/build/icyphy/ptII/ptolemy/actor/lib/test/auto/Clock21.xml
----------------- Instantiating /home/travis/build/icyphy/ptII/ptolemy/actor/lib/test/auto/Clock21.xml
5 ms. Memory: 483328K Free: 195262K (40%)
----------------- Invoking toplevel() on ptolemy.moml.MoMLSimpleApplication@361cc032
----------------- Done invoking toplevel() on ptolemy.moml.MoMLSimpleApplication@361cc032
reloadAllAccessors: .Clock21

===========================================================================================
----------------- testing Sun Dec 15 06:25:40 UTC 2019 /home/travis/build/icyphy/ptII/ptolemy/actor/lib/test/auto/Clock22.xml
----------------- Instantiating /home/travis/build/icyphy/ptII/ptolemy/actor/lib/test/auto/Clock22.xml
7 ms. Memory: 483328K Free: 190142K (39%)
----------------- Invoking toplevel() on ptolemy.moml.MoMLSimpleApplication@20c71aa8
----------------- Done invoking toplevel() on ptolemy.moml.MoMLSimpleApplication@20c71aa8
reloadAllAccessors: .Clock22

===========================================================================================
----------------- testing Sun Dec 15 06:25:40 UTC 2019 /home/travis/build/icyphy/ptII/ptolemy/actor/lib/test/auto/Clock23.xml
----------------- Instantiating /home/travis/build/icyphy/ptII/ptolemy/actor/lib/test/auto/Clock23.xml
3 ms. Memory: 483328K Free: 184512K (38%)
----------------- Invoking toplevel() on ptolemy.moml.MoMLSimpleApplication@2e159335
----------------- Done invoking toplevel() on ptolemy.moml.MoMLSimpleApplication@2e159335
reloadAllAccessors: .Clock23

===========================================================================================
----------------- testing Sun Dec 15 06:25:40 UTC 2019 /home/travis/build/icyphy/ptII/ptolemy/actor/lib/test/auto/Clock24.xml
----------------- Instantiating /home/travis/build/icyphy/ptII/ptolemy/actor/lib/test/auto/Clock24.xml
3 ms. Memory: 483328K Free: 179392K (37%)
----------------- Invoking toplevel() on ptolemy.moml.MoMLSimpleApplication@2c61bb5a
----------------- Done invoking toplevel() on ptolemy.moml.MoMLSimpleApplication@2c61bb5a
reloadAllAccessors: .Clock24

===========================================================================================
----------------- testing Sun Dec 15 06:25:40 UTC 2019 /home/travis/build/icyphy/ptII/ptolemy/actor/lib/test/auto/Clock4.xml
----------------- Instantiating /home/travis/build/icyphy/ptII/ptolemy/actor/lib/test/auto/Clock4.xml
1 ms. Memory: 483328K Free: 174272K (36%)
----------------- Invoking toplevel() on ptolemy.moml.MoMLSimpleApplication@2f0770ce
----------------- Done invoking toplevel() on ptolemy.moml.MoMLSimpleApplication@2f0770ce
reloadAllAccessors: .Clock4

===========================================================================================
----------------- testing Sun Dec 15 06:25:40 UTC 2019 /home/travis/build/icyphy/ptII/ptolemy/actor/lib/test/auto/Clock5.xml
----------------- Instantiating /home/travis/build/icyphy/ptII/ptolemy/actor/lib/test/auto/Clock5.xml
2 ms. Memory: 483328K Free: 433466K (90%)
----------------- Invoking toplevel() on ptolemy.moml.MoMLSimpleApplication@698b2600
----------------- Done invoking toplevel() on ptolemy.moml.MoMLSimpleApplication@698b2600
reloadAllAccessors: .Clock5

===========================================================================================
----------------- testing Sun Dec 15 06:25:40 UTC 2019 /home/travis/build/icyphy/ptII/ptolemy/actor/lib/test/auto/Clock6.xml
----------------- Instantiating /home/travis/build/icyphy/ptII/ptolemy/actor/lib/test/auto/Clock6.xml
4 ms. Memory: 483328K Free: 428856K (89%)
----------------- Invoking toplevel() on ptolemy.moml.MoMLSimpleApplication@1d9e7abc
----------------- Done invoking toplevel() on ptolemy.moml.MoMLSimpleApplication@1d9e7abc
reloadAllAccessors: .Clock6

===========================================================================================
----------------- testing Sun Dec 15 06:25:40 UTC 2019 /home/travis/build/icyphy/ptII/ptolemy/actor/lib/test/auto/Clock7.xml
----------------- Instantiating /home/travis/build/icyphy/ptII/ptolemy/actor/lib/test/auto/Clock7.xml
2 ms. Memory: 483328K Free: 423736K (88%)
----------------- Invoking toplevel() on ptolemy.moml.MoMLSimpleApplication@401d4838
----------------- Done invoking toplevel() on ptolemy.moml.MoMLSimpleApplication@401d4838
reloadAllAccessors: .Clock7

===========================================================================================
----------------- testing Sun Dec 15 06:25:40 UTC 2019 /home/travis/build/icyphy/ptII/ptolemy/actor/lib/test/auto/Clock8.xml
----------------- Instantiating /home/travis/build/icyphy/ptII/ptolemy/actor/lib/test/auto/Clock8.xml
7 ms. Memory: 483328K Free: 418586K (87%)
----------------- Invoking toplevel() on ptolemy.moml.MoMLSimpleApplication@2da17402
----------------- Done invoking toplevel() on ptolemy.moml.MoMLSimpleApplication@2da17402
reloadAllAccessors: .Clock8

===========================================================================================
----------------- testing Sun Dec 15 06:25:40 UTC 2019 /home/travis/build/icyphy/ptII/ptolemy/actor/lib/test/auto/Clock9.xml
----------------- Instantiating /home/travis/build/icyphy/ptII/ptolemy/actor/lib/test/auto/Clock9.xml
3 ms. Memory: 483328K Free: 412986K (85%)
----------------- Invoking toplevel() on ptolemy.moml.MoMLSimpleApplication@77cb4023
----------------- Done invoking toplevel() on ptolemy.moml.MoMLSimpleApplication@77cb4023
reloadAllAccessors: .Clock9

===========================================================================================
----------------- testing Sun Dec 15 06:25:40 UTC 2019 /home/travis/build/icyphy/ptII/ptolemy/actor/lib/test/auto/CommDistDiscard.xml
----------------- Instantiating /home/travis/build/icyphy/ptII/ptolemy/actor/lib/test/auto/CommDistDiscard.xml
5 ms. Memory: 483328K Free: 407352K (84%)
----------------- Invoking toplevel() on ptolemy.moml.MoMLSimpleApplication@407acc86
----------------- Done invoking toplevel() on ptolemy.moml.MoMLSimpleApplication@407acc86
reloadAllAccessors: .CommDistDiscard

===========================================================================================
----------------- testing Sun Dec 15 06:25:40 UTC 2019 /home/travis/build/icyphy/ptII/ptolemy/actor/lib/test/auto/Commutator.xml
----------------- Instantiating /home/travis/build/icyphy/ptII/ptolemy/actor/lib/test/auto/Commutator.xml
2 ms. Memory: 483328K Free: 403256K (83%)
----------------- Invoking toplevel() on ptolemy.moml.MoMLSimpleApplication@6c03c954
----------------- Done invoking toplevel() on ptolemy.moml.MoMLSimpleApplication@6c03c954
reloadAllAccessors: .Commutator

===========================================================================================
----------------- testing Sun Dec 15 06:25:40 UTC 2019 /home/travis/build/icyphy/ptII/ptolemy/actor/lib/test/auto/Commutator2.xml
----------------- Instantiating /home/travis/build/icyphy/ptII/ptolemy/actor/lib/test/auto/Commutator2.xml
2 ms. Memory: 483328K Free: 398650K (82%)
----------------- Invoking toplevel() on ptolemy.moml.MoMLSimpleApplication@54356170
----------------- Done invoking toplevel() on ptolemy.moml.MoMLSimpleApplication@54356170
reloadAllAccessors: .Commutator2

===========================================================================================
----------------- testing Sun Dec 15 06:25:40 UTC 2019 /home/travis/build/icyphy/ptII/ptolemy/actor/lib/test/auto/Commutator3.xml
----------------- Instantiating /home/travis/build/icyphy/ptII/ptolemy/actor/lib/test/auto/Commutator3.xml
3 ms. Memory: 483328K Free: 394554K (82%)
----------------- Invoking toplevel() on ptolemy.moml.MoMLSimpleApplication@5f2f0466
----------------- Done invoking toplevel() on ptolemy.moml.MoMLSimpleApplication@5f2f0466
reloadAllAccessors: .Commutator3

===========================================================================================
----------------- testing Sun Dec 15 06:25:40 UTC 2019 /home/travis/build/icyphy/ptII/ptolemy/actor/lib/test/auto/Compare.xml
----------------- Instantiating /home/travis/build/icyphy/ptII/ptolemy/actor/lib/test/auto/Compare.xml
2 ms. Memory: 483328K Free: 387896K (80%)
----------------- Invoking toplevel() on ptolemy.moml.MoMLSimpleApplication@103c4735
----------------- Done invoking toplevel() on ptolemy.moml.MoMLSimpleApplication@103c4735
reloadAllAccessors: .Compare

===========================================================================================
----------------- testing Sun Dec 15 06:25:40 UTC 2019 /home/travis/build/icyphy/ptII/ptolemy/actor/lib/test/auto/CompareDE.xml
----------------- Instantiating /home/travis/build/icyphy/ptII/ptolemy/actor/lib/test/auto/CompareDE.xml
3 ms. Memory: 483328K Free: 380714K (79%)
----------------- Invoking toplevel() on ptolemy.moml.MoMLSimpleApplication@7ce91eb7
----------------- Done invoking toplevel() on ptolemy.moml.MoMLSimpleApplication@7ce91eb7
reloadAllAccessors: .CompareDE

===========================================================================================
----------------- testing Sun Dec 15 06:25:40 UTC 2019 /home/travis/build/icyphy/ptII/ptolemy/actor/lib/test/auto/ComplexDivide.xml
----------------- Instantiating /home/travis/build/icyphy/ptII/ptolemy/actor/lib/test/auto/ComplexDivide.xml
1 ms. Memory: 483328K Free: 377146K (78%)
----------------- Invoking toplevel() on ptolemy.moml.MoMLSimpleApplication@5fc36fa4
----------------- Done invoking toplevel() on ptolemy.moml.MoMLSimpleApplication@5fc36fa4
reloadAllAccessors: .ComplexDivide

===========================================================================================
----------------- testing Sun Dec 15 06:25:40 UTC 2019 /home/travis/build/icyphy/ptII/ptolemy/actor/lib/test/auto/ComputeHistogram.xml
----------------- Instantiating /home/travis/build/icyphy/ptII/ptolemy/actor/lib/test/auto/ComputeHistogram.xml
37 ms. Memory: 483328K Free: 364344K (75%)
----------------- Invoking toplevel() on ptolemy.moml.MoMLSimpleApplication@355a9ec7
----------------- Done invoking toplevel() on ptolemy.moml.MoMLSimpleApplication@355a9ec7
reloadAllAccessors: .ComputeHistogram

===========================================================================================
----------------- testing Sun Dec 15 06:25:40 UTC 2019 /home/travis/build/icyphy/ptII/ptolemy/actor/lib/test/auto/ConfigurationSelect.xml
----------------- Instantiating /home/travis/build/icyphy/ptII/ptolemy/actor/lib/test/auto/ConfigurationSelect.xml
9 ms. Memory: 483328K Free: 359194K (74%)
----------------- Invoking toplevel() on ptolemy.moml.MoMLSimpleApplication@3a56667c
----------------- Done invoking toplevel() on ptolemy.moml.MoMLSimpleApplication@3a56667c
reloadAllAccessors: .ConfigurationSelect

===========================================================================================
----------------- testing Sun Dec 15 06:25:40 UTC 2019 /home/travis/build/icyphy/ptII/ptolemy/actor/lib/test/auto/ConfigurationSelect2.xml
----------------- Instantiating /home/travis/build/icyphy/ptII/ptolemy/actor/lib/test/auto/ConfigurationSelect2.xml
2 ms. Memory: 483328K Free: 354618K (73%)
----------------- Invoking toplevel() on ptolemy.moml.MoMLSimpleApplication@4a1bba0f
----------------- Done invoking toplevel() on ptolemy.moml.MoMLSimpleApplication@4a1bba0f
reloadAllAccessors: .ConfigurationSelect2

===========================================================================================
----------------- testing Sun Dec 15 06:25:40 UTC 2019 /home/travis/build/icyphy/ptII/ptolemy/actor/lib/test/auto/ConfigurationSwitch.xml
----------------- Instantiating /home/travis/build/icyphy/ptII/ptolemy/actor/lib/test/auto/ConfigurationSwitch.xml
2 ms. Memory: 483328K Free: 348984K (72%)
----------------- Invoking toplevel() on ptolemy.moml.MoMLSimpleApplication@593785e9
----------------- Done invoking toplevel() on ptolemy.moml.MoMLSimpleApplication@593785e9
reloadAllAccessors: .ConfigurationSwitch

===========================================================================================
----------------- testing Sun Dec 15 06:25:41 UTC 2019 /home/travis/build/icyphy/ptII/ptolemy/actor/lib/test/auto/ConfigurationSwitch2.xml
----------------- Instantiating /home/travis/build/icyphy/ptII/ptolemy/actor/lib/test/auto/ConfigurationSwitch2.xml
3 ms. Memory: 483328K Free: 343864K (71%)
----------------- Invoking toplevel() on ptolemy.moml.MoMLSimpleApplication@8ddbb31
----------------- Done invoking toplevel() on ptolemy.moml.MoMLSimpleApplication@8ddbb31
reloadAllAccessors: .ConfigurationSwitch2

===========================================================================================
----------------- testing Sun Dec 15 06:25:41 UTC 2019 /home/travis/build/icyphy/ptII/ptolemy/actor/lib/test/auto/ConfigurationSwitchCloningBugWithClassRelationGroup.xml
----------------- Instantiating /home/travis/build/icyphy/ptII/ptolemy/actor/lib/test/auto/ConfigurationSwitchCloningBugWithClassRelationGroup.xml
1 ms. Memory: 483328K Free: 337210K (70%)
----------------- Invoking toplevel() on ptolemy.moml.MoMLSimpleApplication@33597448
----------------- Done invoking toplevel() on ptolemy.moml.MoMLSimpleApplication@33597448
reloadAllAccessors: .ConfigurationSwitchCloningBugWithClassRelationGroup

===========================================================================================
----------------- testing Sun Dec 15 06:25:41 UTC 2019 /home/travis/build/icyphy/ptII/ptolemy/actor/lib/test/auto/ConfigurationSwitchSelectSDF.xml
----------------- Instantiating /home/travis/build/icyphy/ptII/ptolemy/actor/lib/test/auto/ConfigurationSwitchSelectSDF.xml
2 ms. Memory: 483328K Free: 331576K (69%)
----------------- Invoking toplevel() on ptolemy.moml.MoMLSimpleApplication@38b1e351
----------------- Done invoking toplevel() on ptolemy.moml.MoMLSimpleApplication@38b1e351
reloadAllAccessors: .ConfigurationSwitchSelectSDF

===========================================================================================
----------------- testing Sun Dec 15 06:25:41 UTC 2019 /home/travis/build/icyphy/ptII/ptolemy/actor/lib/test/auto/ConfigurationSwitchSelectSDF2.xml
----------------- Instantiating /home/travis/build/icyphy/ptII/ptolemy/actor/lib/test/auto/ConfigurationSwitchSelectSDF2.xml
2 ms. Memory: 483328K Free: 326456K (68%)
----------------- Invoking toplevel() on ptolemy.moml.MoMLSimpleApplication@19c41a8c
----------------- Done invoking toplevel() on ptolemy.moml.MoMLSimpleApplication@19c41a8c
reloadAllAccessors: .ConfigurationSwitchSelectSDF2

===========================================================================================
----------------- testing Sun Dec 15 06:25:41 UTC 2019 /home/travis/build/icyphy/ptII/ptolemy/actor/lib/test/auto/Const.xml
----------------- Instantiating /home/travis/build/icyphy/ptII/ptolemy/actor/lib/test/auto/Const.xml
1 ms. Memory: 483328K Free: 322874K (67%)
----------------- Invoking toplevel() on ptolemy.moml.MoMLSimpleApplication@475d6edf
----------------- Done invoking toplevel() on ptolemy.moml.MoMLSimpleApplication@475d6edf
reloadAllAccessors: .Const

===========================================================================================
----------------- testing Sun Dec 15 06:25:41 UTC 2019 /home/travis/build/icyphy/ptII/ptolemy/actor/lib/test/auto/Const2.xml
----------------- Instantiating /home/travis/build/icyphy/ptII/ptolemy/actor/lib/test/auto/Const2.xml
1 ms. Memory: 483328K Free: 319288K (66%)
----------------- Invoking toplevel() on ptolemy.moml.MoMLSimpleApplication@49051ad8
----------------- Done invoking toplevel() on ptolemy.moml.MoMLSimpleApplication@49051ad8
reloadAllAccessors: .Const2

===========================================================================================
----------------- testing Sun Dec 15 06:25:41 UTC 2019 /home/travis/build/icyphy/ptII/ptolemy/actor/lib/test/auto/Const3.xml
----------------- Instantiating /home/travis/build/icyphy/ptII/ptolemy/actor/lib/test/auto/Const3.xml
1 ms. Memory: 483328K Free: 316216K (65%)
----------------- Invoking toplevel() on ptolemy.moml.MoMLSimpleApplication@2fd83f38
----------------- Done invoking toplevel() on ptolemy.moml.MoMLSimpleApplication@2fd83f38
reloadAllAccessors: .Const3

===========================================================================================
----------------- testing Sun Dec 15 06:25:41 UTC 2019 /home/travis/build/icyphy/ptII/ptolemy/actor/lib/test/auto/ConstantPublisherPort1.xml
----------------- Instantiating /home/travis/build/icyphy/ptII/ptolemy/actor/lib/test/auto/ConstantPublisherPort1.xml
6 ms. Memory: 483328K Free: 307514K (64%)
----------------- Invoking toplevel() on ptolemy.moml.MoMLSimpleApplication@216606a7
----------------- Done invoking toplevel() on ptolemy.moml.MoMLSimpleApplication@216606a7
reloadAllAccessors: .ConstantPublisherPort1

===========================================================================================
----------------- testing Sun Dec 15 06:25:41 UTC 2019 /home/travis/build/icyphy/ptII/ptolemy/actor/lib/test/auto/ConstantPublisherPort2.xml
----------------- Instantiating /home/travis/build/icyphy/ptII/ptolemy/actor/lib/test/auto/ConstantPublisherPort2.xml
11 ms. Memory: 483328K Free: 300346K (62%)
----------------- Invoking toplevel() on ptolemy.moml.MoMLSimpleApplication@7348a8f5
----------------- Done invoking toplevel() on ptolemy.moml.MoMLSimpleApplication@7348a8f5
reloadAllAccessors: .ConstantPublisherPort2

===========================================================================================
----------------- testing Sun Dec 15 06:25:41 UTC 2019 /home/travis/build/icyphy/ptII/ptolemy/actor/lib/test/auto/ConstantPublisherPort3.xml
----------------- Instantiating /home/travis/build/icyphy/ptII/ptolemy/actor/lib/test/auto/ConstantPublisherPort3.xml
6 ms. Memory: 483328K Free: 292664K (61%)
----------------- Invoking toplevel() on ptolemy.moml.MoMLSimpleApplication@2a9c93d5
----------------- Done invoking toplevel() on ptolemy.moml.MoMLSimpleApplication@2a9c93d5
reloadAllAccessors: .ConstantPublisherPort3

===========================================================================================
----------------- testing Sun Dec 15 06:25:41 UTC 2019 /home/travis/build/icyphy/ptII/ptolemy/actor/lib/test/auto/ConstantPublisherPort4.xml
----------------- Instantiating /home/travis/build/icyphy/ptII/ptolemy/actor/lib/test/auto/ConstantPublisherPort4.xml
3 ms. Memory: 483328K Free: 285496K (59%)
----------------- Invoking toplevel() on ptolemy.moml.MoMLSimpleApplication@71ea8058
----------------- Done invoking toplevel() on ptolemy.moml.MoMLSimpleApplication@71ea8058
reloadAllAccessors: .ConstantPublisherPort4

===========================================================================================
----------------- testing Sun Dec 15 06:25:41 UTC 2019 /home/travis/build/icyphy/ptII/ptolemy/actor/lib/test/auto/ConstantPublisherPort5.xml
----------------- Instantiating /home/travis/build/icyphy/ptII/ptolemy/actor/lib/test/auto/ConstantPublisherPort5.xml
26 ms. Memory: 483328K Free: 276280K (57%)
----------------- Invoking toplevel() on ptolemy.moml.MoMLSimpleApplication@de20b62
----------------- Done invoking toplevel() on ptolemy.moml.MoMLSimpleApplication@de20b62
reloadAllAccessors: .ConstantPublisherPort5

===========================================================================================
----------------- testing Sun Dec 15 06:25:41 UTC 2019 /home/travis/build/icyphy/ptII/ptolemy/actor/lib/test/auto/ConstantPublisherPort6.xml
----------------- Instantiating /home/travis/build/icyphy/ptII/ptolemy/actor/lib/test/auto/ConstantPublisherPort6.xml
17 ms. Memory: 483328K Free: 267064K (55%)
----------------- Invoking toplevel() on ptolemy.moml.MoMLSimpleApplication@7d80582
----------------- Done invoking toplevel() on ptolemy.moml.MoMLSimpleApplication@7d80582
reloadAllAccessors: .ConstantPublisherPort6

===========================================================================================
----------------- testing Sun Dec 15 06:25:41 UTC 2019 /home/travis/build/icyphy/ptII/ptolemy/actor/lib/test/auto/ConstantPublisherPort7.xml
----------------- Instantiating /home/travis/build/icyphy/ptII/ptolemy/actor/lib/test/auto/ConstantPublisherPort7.xml
22 ms. Memory: 483328K Free: 257338K (53%)
----------------- Invoking toplevel() on ptolemy.moml.MoMLSimpleApplication@1f8968d6
----------------- Done invoking toplevel() on ptolemy.moml.MoMLSimpleApplication@1f8968d6
reloadAllAccessors: .ConstantPublisherPort7

===========================================================================================
----------------- testing Sun Dec 15 06:25:41 UTC 2019 /home/travis/build/icyphy/ptII/ptolemy/actor/lib/test/auto/ConstraintMonitor1.xml
----------------- Instantiating /home/travis/build/icyphy/ptII/ptolemy/actor/lib/test/auto/ConstraintMonitor1.xml
9 ms. Memory: 483328K Free: 252218K (52%)
----------------- Invoking toplevel() on ptolemy.moml.MoMLSimpleApplication@274aff0a
----------------- Done invoking toplevel() on ptolemy.moml.MoMLSimpleApplication@274aff0a
reloadAllAccessors: .ConstraintMonitor1

===========================================================================================
----------------- testing Sun Dec 15 06:25:41 UTC 2019 /home/travis/build/icyphy/ptII/ptolemy/actor/lib/test/auto/ConstraintMonitor2.xml
----------------- Instantiating /home/travis/build/icyphy/ptII/ptolemy/actor/lib/test/auto/ConstraintMonitor2.xml
9 ms. Memory: 483328K Free: 247098K (51%)
----------------- Invoking toplevel() on ptolemy.moml.MoMLSimpleApplication@5de290e2
----------------- Done invoking toplevel() on ptolemy.moml.MoMLSimpleApplication@5de290e2
reloadAllAccessors: .ConstraintMonitor2

===========================================================================================
----------------- testing Sun Dec 15 06:25:41 UTC 2019 /home/travis/build/icyphy/ptII/ptolemy/actor/lib/test/auto/ConstraintMonitor3.xml
----------------- Instantiating /home/travis/build/icyphy/ptII/ptolemy/actor/lib/test/auto/ConstraintMonitor3.xml
9 ms. Memory: 483328K Free: 242488K (50%)
----------------- Invoking toplevel() on ptolemy.moml.MoMLSimpleApplication@21c01735
----------------- Done invoking toplevel() on ptolemy.moml.MoMLSimpleApplication@21c01735
reloadAllAccessors: .ConstraintMonitor3

===========================================================================================
----------------- testing Sun Dec 15 06:25:41 UTC 2019 /home/travis/build/icyphy/ptII/ptolemy/actor/lib/test/auto/ConstraintMonitor4.xml
----------------- Instantiating /home/travis/build/icyphy/ptII/ptolemy/actor/lib/test/auto/ConstraintMonitor4.xml
4 ms. Memory: 483328K Free: 237882K (49%)
----------------- Invoking toplevel() on ptolemy.moml.MoMLSimpleApplication@6d118aff
----------------- Done invoking toplevel() on ptolemy.moml.MoMLSimpleApplication@6d118aff
reloadAllAccessors: .ConstraintMonitor4

===========================================================================================
----------------- testing Sun Dec 15 06:25:41 UTC 2019 /home/travis/build/icyphy/ptII/ptolemy/actor/lib/test/auto/ConstraintMonitor5.xml
----------------- Instantiating /home/travis/build/icyphy/ptII/ptolemy/actor/lib/test/auto/ConstraintMonitor5.xml
2 ms. Memory: 483328K Free: 232762K (48%)
----------------- Invoking toplevel() on ptolemy.moml.MoMLSimpleApplication@49bd3ed9
----------------- Done invoking toplevel() on ptolemy.moml.MoMLSimpleApplication@49bd3ed9
reloadAllAccessors: .ConstraintMonitor5

===========================================================================================
----------------- testing Sun Dec 15 06:25:41 UTC 2019 /home/travis/build/icyphy/ptII/ptolemy/actor/lib/test/auto/ConstraintMonitor6.xml
----------------- Instantiating /home/travis/build/icyphy/ptII/ptolemy/actor/lib/test/auto/ConstraintMonitor6.xml
6 ms. Memory: 483328K Free: 226618K (47%)
----------------- Invoking toplevel() on ptolemy.moml.MoMLSimpleApplication@7e3eaf17
----------------- Done invoking toplevel() on ptolemy.moml.MoMLSimpleApplication@7e3eaf17
reloadAllAccessors: .ConstraintMonitor6

===========================================================================================
----------------- testing Sun Dec 15 06:25:41 UTC 2019 /home/travis/build/icyphy/ptII/ptolemy/actor/lib/test/auto/ConstraintMonitor7.xml
----------------- Instantiating /home/travis/build/icyphy/ptII/ptolemy/actor/lib/test/auto/ConstraintMonitor7.xml
6 ms. Memory: 483328K Free: 220474K (46%)
----------------- Invoking toplevel() on ptolemy.moml.MoMLSimpleApplication@7c282cc
----------------- Done invoking toplevel() on ptolemy.moml.MoMLSimpleApplication@7c282cc
reloadAllAccessors: .ConstraintMonitor7

===========================================================================================
----------------- testing Sun Dec 15 06:25:41 UTC 2019 /home/travis/build/icyphy/ptII/ptolemy/actor/lib/test/auto/ConstraintMonitor8.xml
----------------- Instantiating /home/travis/build/icyphy/ptII/ptolemy/actor/lib/test/auto/ConstraintMonitor8.xml
3 ms. Memory: 483328K Free: 212282K (44%)
----------------- Invoking toplevel() on ptolemy.moml.MoMLSimpleApplication@781eb369
----------------- Done invoking toplevel() on ptolemy.moml.MoMLSimpleApplication@781eb369
reloadAllAccessors: .ConstraintMonitor8

===========================================================================================
----------------- testing Sun Dec 15 06:25:41 UTC 2019 /home/travis/build/icyphy/ptII/ptolemy/actor/lib/test/auto/Counter.xml
----------------- Instantiating /home/travis/build/icyphy/ptII/ptolemy/actor/lib/test/auto/Counter.xml
3 ms. Memory: 483328K Free: 207162K (43%)
----------------- Invoking toplevel() on ptolemy.moml.MoMLSimpleApplication@4db3b424
----------------- Done invoking toplevel() on ptolemy.moml.MoMLSimpleApplication@4db3b424
reloadAllAccessors: .Counter

===========================================================================================
----------------- testing Sun Dec 15 06:25:41 UTC 2019 /home/travis/build/icyphy/ptII/ptolemy/actor/lib/test/auto/CurrentTimeSDF.xml
----------------- Instantiating /home/travis/build/icyphy/ptII/ptolemy/actor/lib/test/auto/CurrentTimeSDF.xml
1 ms. Memory: 483328K Free: 203576K (42%)
----------------- Invoking toplevel() on ptolemy.moml.MoMLSimpleApplication@5d794c02
----------------- Done invoking toplevel() on ptolemy.moml.MoMLSimpleApplication@5d794c02
reloadAllAccessors: .CurrentTimeSDF

===========================================================================================
----------------- testing Sun Dec 15 06:25:41 UTC 2019 /home/travis/build/icyphy/ptII/ptolemy/actor/lib/test/auto/DB.xml
----------------- Instantiating /home/travis/build/icyphy/ptII/ptolemy/actor/lib/test/auto/DB.xml
2 ms. Memory: 483328K Free: 198456K (41%)
----------------- Invoking toplevel() on ptolemy.moml.MoMLSimpleApplication@7a64a050
----------------- Done invoking toplevel() on ptolemy.moml.MoMLSimpleApplication@7a64a050
reloadAllAccessors: .DB

===========================================================================================
----------------- testing Sun Dec 15 06:25:41 UTC 2019 /home/travis/build/icyphy/ptII/ptolemy/actor/lib/test/auto/DBDE.xml
----------------- Instantiating /home/travis/build/icyphy/ptII/ptolemy/actor/lib/test/auto/DBDE.xml
2 ms. Memory: 483328K Free: 192306K (40%)
----------------- Invoking toplevel() on ptolemy.moml.MoMLSimpleApplication@64a65a6e
----------------- Done invoking toplevel() on ptolemy.moml.MoMLSimpleApplication@64a65a6e
reloadAllAccessors: .DBDE

===========================================================================================
----------------- testing Sun Dec 15 06:25:41 UTC 2019 /home/travis/build/icyphy/ptII/ptolemy/actor/lib/test/auto/DateConstructor.xml
----------------- Instantiating /home/travis/build/icyphy/ptII/ptolemy/actor/lib/test/auto/DateConstructor.xml
24 ms. Memory: 483328K Free: 174394K (36%)
----------------- Invoking toplevel() on ptolemy.moml.MoMLSimpleApplication@761486b0
----------------- Done invoking toplevel() on ptolemy.moml.MoMLSimpleApplication@761486b0
reloadAllAccessors: .DateConstructor

===========================================================================================
----------------- testing Sun Dec 15 06:25:41 UTC 2019 /home/travis/build/icyphy/ptII/ptolemy/actor/lib/test/auto/DelayTime.xml
----------------- Instantiating /home/travis/build/icyphy/ptII/ptolemy/actor/lib/test/auto/DelayTime.xml
8 ms. Memory: 483328K Free: 169784K (35%)
----------------- Invoking toplevel() on ptolemy.moml.MoMLSimpleApplication@2fbad5be
----------------- Done invoking toplevel() on ptolemy.moml.MoMLSimpleApplication@2fbad5be
reloadAllAccessors: .DelayTime

===========================================================================================
----------------- testing Sun Dec 15 06:25:41 UTC 2019 /home/travis/build/icyphy/ptII/ptolemy/actor/lib/test/auto/Dictionary1.xml
----------------- Instantiating /home/travis/build/icyphy/ptII/ptolemy/actor/lib/test/auto/Dictionary1.xml
1 ms. Memory: 483328K Free: 164154K (34%)
----------------- Invoking toplevel() on ptolemy.moml.MoMLSimpleApplication@2bc38d31
----------------- Done invoking toplevel() on ptolemy.moml.MoMLSimpleApplication@2bc38d31
reloadAllAccessors: .Dictionary1

===========================================================================================
----------------- testing Sun Dec 15 06:25:41 UTC 2019 /home/travis/build/icyphy/ptII/ptolemy/actor/lib/test/auto/Dictionary2.xml
----------------- Instantiating /home/travis/build/icyphy/ptII/ptolemy/actor/lib/test/auto/Dictionary2.xml
5 ms. Memory: 483328K Free: 158520K (33%)
----------------- Invoking toplevel() on ptolemy.moml.MoMLSimpleApplication@5c484788
----------------- Done invoking toplevel() on ptolemy.moml.MoMLSimpleApplication@5c484788
reloadAllAccessors: .Dictionary2

===========================================================================================
----------------- testing Sun Dec 15 06:25:41 UTC 2019 /home/travis/build/icyphy/ptII/ptolemy/actor/lib/test/auto/Dictionary3.xml
----------------- Instantiating /home/travis/build/icyphy/ptII/ptolemy/actor/lib/test/auto/Dictionary3.xml
2 ms. Memory: 483328K Free: 153400K (32%)
----------------- Invoking toplevel() on ptolemy.moml.MoMLSimpleApplication@3a597788
----------------- Done invoking toplevel() on ptolemy.moml.MoMLSimpleApplication@3a597788
reloadAllAccessors: .Dictionary3

===========================================================================================
----------------- testing Sun Dec 15 06:25:41 UTC 2019 /home/travis/build/icyphy/ptII/ptolemy/actor/lib/test/auto/Dictionary4.xml
----------------- Instantiating /home/travis/build/icyphy/ptII/ptolemy/actor/lib/test/auto/Dictionary4.xml
5 ms. Memory: 483328K Free: 433545K (90%)
----------------- Invoking toplevel() on ptolemy.moml.MoMLSimpleApplication@44eaea5a
----------------- Done invoking toplevel() on ptolemy.moml.MoMLSimpleApplication@44eaea5a
reloadAllAccessors: .Dictionary4

===========================================================================================
----------------- testing Sun Dec 15 06:25:41 UTC 2019 /home/travis/build/icyphy/ptII/ptolemy/actor/lib/test/auto/Differential.xml
----------------- Instantiating /home/travis/build/icyphy/ptII/ptolemy/actor/lib/test/auto/Differential.xml
3 ms. Memory: 483328K Free: 428953K (89%)
----------------- Invoking toplevel() on ptolemy.moml.MoMLSimpleApplication@3c76cf38
----------------- Done invoking toplevel() on ptolemy.moml.MoMLSimpleApplication@3c76cf38
reloadAllAccessors: .Differential

===========================================================================================
----------------- testing Sun Dec 15 06:25:41 UTC 2019 /home/travis/build/icyphy/ptII/ptolemy/actor/lib/test/auto/Director.xml
----------------- Instantiating /home/travis/build/icyphy/ptII/ptolemy/actor/lib/test/auto/Director.xml
1 ms. Memory: 483328K Free: 425367K (88%)
----------------- Invoking toplevel() on ptolemy.moml.MoMLSimpleApplication@4e4b48d5
----------------- Done invoking toplevel() on ptolemy.moml.MoMLSimpleApplication@4e4b48d5
reloadAllAccessors: .Director

===========================================================================================
----------------- testing Sun Dec 15 06:25:41 UTC 2019 /home/travis/build/icyphy/ptII/ptolemy/actor/lib/test/auto/DiscreteClock.xml
----------------- Instantiating /home/travis/build/icyphy/ptII/ptolemy/actor/lib/test/auto/DiscreteClock.xml
1 ms. Memory: 483328K Free: 421271K (87%)
----------------- Invoking toplevel() on ptolemy.moml.MoMLSimpleApplication@b4a1e01
----------------- Done invoking toplevel() on ptolemy.moml.MoMLSimpleApplication@b4a1e01
reloadAllAccessors: .DiscreteClock

===========================================================================================
----------------- testing Sun Dec 15 06:25:41 UTC 2019 /home/travis/build/icyphy/ptII/ptolemy/actor/lib/test/auto/DiscreteClock10.xml
----------------- Instantiating /home/travis/build/icyphy/ptII/ptolemy/actor/lib/test/auto/DiscreteClock10.xml
4 ms. Memory: 483328K Free: 415641K (86%)
----------------- Invoking toplevel() on ptolemy.moml.MoMLSimpleApplication@254fe63c
----------------- Done invoking toplevel() on ptolemy.moml.MoMLSimpleApplication@254fe63c
reloadAllAccessors: .DiscreteClock10

===========================================================================================
----------------- testing Sun Dec 15 06:25:41 UTC 2019 /home/travis/build/icyphy/ptII/ptolemy/actor/lib/test/auto/DiscreteClock11.xml
----------------- Instantiating /home/travis/build/icyphy/ptII/ptolemy/actor/lib/test/auto/DiscreteClock11.xml
2 ms. Memory: 483328K Free: 409497K (85%)
----------------- Invoking toplevel() on ptolemy.moml.MoMLSimpleApplication@765a7173
----------------- Done invoking toplevel() on ptolemy.moml.MoMLSimpleApplication@765a7173
reloadAllAccessors: .DiscreteClock11

===========================================================================================
----------------- testing Sun Dec 15 06:25:42 UTC 2019 /home/travis/build/icyphy/ptII/ptolemy/actor/lib/test/auto/DiscreteClock12.xml
----------------- Instantiating /home/travis/build/icyphy/ptII/ptolemy/actor/lib/test/auto/DiscreteClock12.xml
3 ms. Memory: 483328K Free: 403353K (83%)
----------------- Invoking toplevel() on ptolemy.moml.MoMLSimpleApplication@6fcfb579
----------------- Done invoking toplevel() on ptolemy.moml.MoMLSimpleApplication@6fcfb579
reloadAllAccessors: .DiscreteClock12

===========================================================================================
----------------- testing Sun Dec 15 06:25:42 UTC 2019 /home/travis/build/icyphy/ptII/ptolemy/actor/lib/test/auto/DiscreteClock13.xml
----------------- Instantiating /home/travis/build/icyphy/ptII/ptolemy/actor/lib/test/auto/DiscreteClock13.xml
5 ms. Memory: 483328K Free: 397209K (82%)
----------------- Invoking toplevel() on ptolemy.moml.MoMLSimpleApplication@18138b7a
----------------- Done invoking toplevel() on ptolemy.moml.MoMLSimpleApplication@18138b7a
reloadAllAccessors: .DiscreteClock13

===========================================================================================
----------------- testing Sun Dec 15 06:25:42 UTC 2019 /home/travis/build/icyphy/ptII/ptolemy/actor/lib/test/auto/DiscreteClock14.xml
----------------- Instantiating /home/travis/build/icyphy/ptII/ptolemy/actor/lib/test/auto/DiscreteClock14.xml
6 ms. Memory: 483328K Free: 391543K (81%)
----------------- Invoking toplevel() on ptolemy.moml.MoMLSimpleApplication@6ced868c
----------------- Done invoking toplevel() on ptolemy.moml.MoMLSimpleApplication@6ced868c
reloadAllAccessors: .DiscreteClock14

===========================================================================================
----------------- testing Sun Dec 15 06:25:42 UTC 2019 /home/travis/build/icyphy/ptII/ptolemy/actor/lib/test/auto/DiscreteClock15.xml
----------------- Instantiating /home/travis/build/icyphy/ptII/ptolemy/actor/lib/test/auto/DiscreteClock15.xml
6 ms. Memory: 483328K Free: 385401K (80%)
----------------- Invoking toplevel() on ptolemy.moml.MoMLSimpleApplication@6ef10598
----------------- Done invoking toplevel() on ptolemy.moml.MoMLSimpleApplication@6ef10598
reloadAllAccessors: .DiscreteClock15

===========================================================================================
----------------- testing Sun Dec 15 06:25:42 UTC 2019 /home/travis/build/icyphy/ptII/ptolemy/actor/lib/test/auto/DiscreteClock16.xml
----------------- Instantiating /home/travis/build/icyphy/ptII/ptolemy/actor/lib/test/auto/DiscreteClock16.xml
19 ms. Memory: 483328K Free: 371609K (77%)
----------------- Invoking toplevel() on ptolemy.moml.MoMLSimpleApplication@54e70f80
----------------- Done invoking toplevel() on ptolemy.moml.MoMLSimpleApplication@54e70f80
reloadAllAccessors: .DiscreteClock16

===========================================================================================
----------------- testing Sun Dec 15 06:25:42 UTC 2019 /home/travis/build/icyphy/ptII/ptolemy/actor/lib/test/auto/DiscreteClock17.xml
----------------- Instantiating /home/travis/build/icyphy/ptII/ptolemy/actor/lib/test/auto/DiscreteClock17.xml
16 ms. Memory: 483328K Free: 356745K (74%)
----------------- Invoking toplevel() on ptolemy.moml.MoMLSimpleApplication@4aedd9e5
----------------- Done invoking toplevel() on ptolemy.moml.MoMLSimpleApplication@4aedd9e5
reloadAllAccessors: .DiscreteClock17

===========================================================================================
----------------- testing Sun Dec 15 06:25:42 UTC 2019 /home/travis/build/icyphy/ptII/ptolemy/actor/lib/test/auto/DiscreteClock18.xml
----------------- Instantiating /home/travis/build/icyphy/ptII/ptolemy/actor/lib/test/auto/DiscreteClock18.xml
28 ms. Memory: 483328K Free: 343447K (71%)
----------------- Invoking toplevel() on ptolemy.moml.MoMLSimpleApplication@7b1a2667
----------------- Done invoking toplevel() on ptolemy.moml.MoMLSimpleApplication@7b1a2667
reloadAllAccessors: .DiscreteClock18

===========================================================================================
----------------- testing Sun Dec 15 06:25:42 UTC 2019 /home/travis/build/icyphy/ptII/ptolemy/actor/lib/test/auto/DiscreteClock19.xml
----------------- Instantiating /home/travis/build/icyphy/ptII/ptolemy/actor/lib/test/auto/DiscreteClock19.xml
20 ms. Memory: 483328K Free: 329625K (68%)
----------------- Invoking toplevel() on ptolemy.moml.MoMLSimpleApplication@1b4fb297
----------------- Done invoking toplevel() on ptolemy.moml.MoMLSimpleApplication@1b4fb297
reloadAllAccessors: .DiscreteClock19

===========================================================================================
----------------- testing Sun Dec 15 06:25:42 UTC 2019 /home/travis/build/icyphy/ptII/ptolemy/actor/lib/test/auto/DiscreteClock2.xml
----------------- Instantiating /home/travis/build/icyphy/ptII/ptolemy/actor/lib/test/auto/DiscreteClock2.xml
4 ms. Memory: 483328K Free: 324505K (67%)
----------------- Invoking toplevel() on ptolemy.moml.MoMLSimpleApplication@1a1d5d87
----------------- Done invoking toplevel() on ptolemy.moml.MoMLSimpleApplication@1a1d5d87
reloadAllAccessors: .DiscreteClock2

===========================================================================================
----------------- testing Sun Dec 15 06:25:42 UTC 2019 /home/travis/build/icyphy/ptII/ptolemy/actor/lib/test/auto/DiscreteClock20.xml
----------------- Instantiating /home/travis/build/icyphy/ptII/ptolemy/actor/lib/test/auto/DiscreteClock20.xml
12 ms. Memory: 483328K Free: 319385K (66%)
----------------- Invoking toplevel() on ptolemy.moml.MoMLSimpleApplication@66fdcba6
----------------- Done invoking toplevel() on ptolemy.moml.MoMLSimpleApplication@66fdcba6
reloadAllAccessors: .DiscreteClock20

===========================================================================================
----------------- testing Sun Dec 15 06:25:42 UTC 2019 /home/travis/build/icyphy/ptII/ptolemy/actor/lib/test/auto/DiscreteClock21.xml
----------------- Instantiating /home/travis/build/icyphy/ptII/ptolemy/actor/lib/test/auto/DiscreteClock21.xml
6 ms. Memory: 483328K Free: 313751K (65%)
----------------- Invoking toplevel() on ptolemy.moml.MoMLSimpleApplication@7820915e
----------------- Done invoking toplevel() on ptolemy.moml.MoMLSimpleApplication@7820915e
reloadAllAccessors: .DiscreteClock21

===========================================================================================
----------------- testing Sun Dec 15 06:25:42 UTC 2019 /home/travis/build/icyphy/ptII/ptolemy/actor/lib/test/auto/DiscreteClock22.xml
----------------- Instantiating /home/travis/build/icyphy/ptII/ptolemy/actor/lib/test/auto/DiscreteClock22.xml
7 ms. Memory: 483328K Free: 308121K (64%)
----------------- Invoking toplevel() on ptolemy.moml.MoMLSimpleApplication@7a5cb890
----------------- Done invoking toplevel() on ptolemy.moml.MoMLSimpleApplication@7a5cb890
reloadAllAccessors: .DiscreteClock22

===========================================================================================
----------------- testing Sun Dec 15 06:25:42 UTC 2019 /home/travis/build/icyphy/ptII/ptolemy/actor/lib/test/auto/DiscreteClock23.xml
----------------- Instantiating /home/travis/build/icyphy/ptII/ptolemy/actor/lib/test/auto/DiscreteClock23.xml
5 ms. Memory: 483328K Free: 302487K (63%)
----------------- Invoking toplevel() on ptolemy.moml.MoMLSimpleApplication@6fc94efd
----------------- Done invoking toplevel() on ptolemy.moml.MoMLSimpleApplication@6fc94efd
reloadAllAccessors: .DiscreteClock23

===========================================================================================
----------------- testing Sun Dec 15 06:25:42 UTC 2019 /home/travis/build/icyphy/ptII/ptolemy/actor/lib/test/auto/DiscreteClock24.xml
----------------- Instantiating /home/travis/build/icyphy/ptII/ptolemy/actor/lib/test/auto/DiscreteClock24.xml
5 ms. Memory: 483328K Free: 297367K (62%)
----------------- Invoking toplevel() on ptolemy.moml.MoMLSimpleApplication@5630020a
----------------- Done invoking toplevel() on ptolemy.moml.MoMLSimpleApplication@5630020a
reloadAllAccessors: .DiscreteClock24

===========================================================================================
----------------- testing Sun Dec 15 06:25:42 UTC 2019 /home/travis/build/icyphy/ptII/ptolemy/actor/lib/test/auto/DiscreteClock4.xml
----------------- Instantiating /home/travis/build/icyphy/ptII/ptolemy/actor/lib/test/auto/DiscreteClock4.xml
4 ms. Memory: 483328K Free: 291737K (60%)
----------------- Invoking toplevel() on ptolemy.moml.MoMLSimpleApplication@320241ec
----------------- Done invoking toplevel() on ptolemy.moml.MoMLSimpleApplication@320241ec
reloadAllAccessors: .DiscreteClock4

===========================================================================================
----------------- testing Sun Dec 15 06:25:42 UTC 2019 /home/travis/build/icyphy/ptII/ptolemy/actor/lib/test/auto/DiscreteClock5.xml
----------------- Instantiating /home/travis/build/icyphy/ptII/ptolemy/actor/lib/test/auto/DiscreteClock5.xml
1 ms. Memory: 483328K Free: 286103K (59%)
----------------- Invoking toplevel() on ptolemy.moml.MoMLSimpleApplication@741dd10a
----------------- Done invoking toplevel() on ptolemy.moml.MoMLSimpleApplication@741dd10a
reloadAllAccessors: .DiscreteClock5

===========================================================================================
----------------- testing Sun Dec 15 06:25:42 UTC 2019 /home/travis/build/icyphy/ptII/ptolemy/actor/lib/test/auto/DiscreteClock6.xml
----------------- Instantiating /home/travis/build/icyphy/ptII/ptolemy/actor/lib/test/auto/DiscreteClock6.xml
1 ms. Memory: 483328K Free: 281993K (58%)
----------------- Invoking toplevel() on ptolemy.moml.MoMLSimpleApplication@2975c7b
----------------- Done invoking toplevel() on ptolemy.moml.MoMLSimpleApplication@2975c7b
reloadAllAccessors: .DiscreteClock6

===========================================================================================
----------------- testing Sun Dec 15 06:25:42 UTC 2019 /home/travis/build/icyphy/ptII/ptolemy/actor/lib/test/auto/DiscreteClock7.xml
----------------- Instantiating /home/travis/build/icyphy/ptII/ptolemy/actor/lib/test/auto/DiscreteClock7.xml
1 ms. Memory: 483328K Free: 277911K (57%)
----------------- Invoking toplevel() on ptolemy.moml.MoMLSimpleApplication@494fee1a
----------------- Done invoking toplevel() on ptolemy.moml.MoMLSimpleApplication@494fee1a
reloadAllAccessors: .DiscreteClock7

===========================================================================================
----------------- testing Sun Dec 15 06:25:42 UTC 2019 /home/travis/build/icyphy/ptII/ptolemy/actor/lib/test/auto/DiscreteClock8.xml
----------------- Instantiating /home/travis/build/icyphy/ptII/ptolemy/actor/lib/test/auto/DiscreteClock8.xml
5 ms. Memory: 483328K Free: 272281K (56%)
----------------- Invoking toplevel() on ptolemy.moml.MoMLSimpleApplication@1c362f02
----------------- Done invoking toplevel() on ptolemy.moml.MoMLSimpleApplication@1c362f02
reloadAllAccessors: .DiscreteClock8

===========================================================================================
----------------- testing Sun Dec 15 06:25:42 UTC 2019 /home/travis/build/icyphy/ptII/ptolemy/actor/lib/test/auto/DiscreteClock9.xml
----------------- Instantiating /home/travis/build/icyphy/ptII/ptolemy/actor/lib/test/auto/DiscreteClock9.xml
5 ms. Memory: 483328K Free: 266137K (55%)
----------------- Invoking toplevel() on ptolemy.moml.MoMLSimpleApplication@597a4d82
----------------- Done invoking toplevel() on ptolemy.moml.MoMLSimpleApplication@597a4d82
reloadAllAccessors: .DiscreteClock9

===========================================================================================
----------------- testing Sun Dec 15 06:25:42 UTC 2019 /home/travis/build/icyphy/ptII/ptolemy/actor/lib/test/auto/DisplayArray.xml
----------------- Instantiating /home/travis/build/icyphy/ptII/ptolemy/actor/lib/test/auto/DisplayArray.xml
1 ms. Memory: 483328K Free: 262551K (54%)
----------------- Invoking toplevel() on ptolemy.moml.MoMLSimpleApplication@6febebe2
----------------- Done invoking toplevel() on ptolemy.moml.MoMLSimpleApplication@6febebe2
reloadAllAccessors: .DisplayArray

===========================================================================================
----------------- testing Sun Dec 15 06:25:42 UTC 2019 /home/travis/build/icyphy/ptII/ptolemy/actor/lib/test/auto/Distributor.xml
----------------- Instantiating /home/travis/build/icyphy/ptII/ptolemy/actor/lib/test/auto/Distributor.xml
1 ms. Memory: 483328K Free: 257945K (53%)
----------------- Invoking toplevel() on ptolemy.moml.MoMLSimpleApplication@722d9ff6
----------------- Done invoking toplevel() on ptolemy.moml.MoMLSimpleApplication@722d9ff6
reloadAllAccessors: .Distributor

===========================================================================================
----------------- testing Sun Dec 15 06:25:42 UTC 2019 /home/travis/build/icyphy/ptII/ptolemy/actor/lib/test/auto/Distributor2.xml
----------------- Instantiating /home/travis/build/icyphy/ptII/ptolemy/actor/lib/test/auto/Distributor2.xml
2 ms. Memory: 483328K Free: 252825K (52%)
----------------- Invoking toplevel() on ptolemy.moml.MoMLSimpleApplication@69d9002b
----------------- Done invoking toplevel() on ptolemy.moml.MoMLSimpleApplication@69d9002b
reloadAllAccessors: .Distributor2

===========================================================================================
----------------- testing Sun Dec 15 06:25:42 UTC 2019 /home/travis/build/icyphy/ptII/ptolemy/actor/lib/test/auto/DownSample.xml
----------------- Instantiating /home/travis/build/icyphy/ptII/ptolemy/actor/lib/test/auto/DownSample.xml
1 ms. Memory: 483328K Free: 248215K (51%)
----------------- Invoking toplevel() on ptolemy.moml.MoMLSimpleApplication@341d2a69
----------------- Done invoking toplevel() on ptolemy.moml.MoMLSimpleApplication@341d2a69
reloadAllAccessors: .DownSample

===========================================================================================
----------------- testing Sun Dec 15 06:25:42 UTC 2019 /home/travis/build/icyphy/ptII/ptolemy/actor/lib/test/auto/ElectronicUnitBase1.xml
----------------- Instantiating /home/travis/build/icyphy/ptII/ptolemy/actor/lib/test/auto/ElectronicUnitBase1.xml
20 ms. Memory: 483328K Free: 232345K (48%)
----------------- Invoking toplevel() on ptolemy.moml.MoMLSimpleApplication@99c9262
----------------- Done invoking toplevel() on ptolemy.moml.MoMLSimpleApplication@99c9262
reloadAllAccessors: .ElectronicUnitBase1

===========================================================================================
----------------- testing Sun Dec 15 06:25:42 UTC 2019 /home/travis/build/icyphy/ptII/ptolemy/actor/lib/test/auto/ElementsToArray.xml
----------------- Instantiating /home/travis/build/icyphy/ptII/ptolemy/actor/lib/test/auto/ElementsToArray.xml
3 ms. Memory: 483328K Free: 227735K (47%)
----------------- Invoking toplevel() on ptolemy.moml.MoMLSimpleApplication@68e2e9dc
----------------- Done invoking toplevel() on ptolemy.moml.MoMLSimpleApplication@68e2e9dc
reloadAllAccessors: .ElementsToArray

===========================================================================================
----------------- testing Sun Dec 15 06:25:42 UTC 2019 /home/travis/build/icyphy/ptII/ptolemy/actor/lib/test/auto/Equals.xml
----------------- Instantiating /home/travis/build/icyphy/ptII/ptolemy/actor/lib/test/auto/Equals.xml
3 ms. Memory: 483328K Free: 223129K (46%)
----------------- Invoking toplevel() on ptolemy.moml.MoMLSimpleApplication@683c71b4
----------------- Done invoking toplevel() on ptolemy.moml.MoMLSimpleApplication@683c71b4
reloadAllAccessors: .Equals

===========================================================================================
----------------- testing Sun Dec 15 06:25:42 UTC 2019 /home/travis/build/icyphy/ptII/ptolemy/actor/lib/test/auto/Exec.xml
----------------- Instantiating /home/travis/build/icyphy/ptII/ptolemy/actor/lib/test/auto/Exec.xml
17 ms. Memory: 483328K Free: 217481K (45%)
----------------- Invoking toplevel() on ptolemy.moml.MoMLSimpleApplication@6ce2fede
----------------- Done invoking toplevel() on ptolemy.moml.MoMLSimpleApplication@6ce2fede
reloadAllAccessors: .Exec

===========================================================================================
----------------- testing Sun Dec 15 06:25:42 UTC 2019 /home/travis/build/icyphy/ptII/ptolemy/actor/lib/test/auto/ExecEnvironment.xml
----------------- Instantiating /home/travis/build/icyphy/ptII/ptolemy/actor/lib/test/auto/ExecEnvironment.xml
21 ms. Memory: 483328K Free: 212361K (44%)
----------------- Invoking toplevel() on ptolemy.moml.MoMLSimpleApplication@9c675b5
----------------- Done invoking toplevel() on ptolemy.moml.MoMLSimpleApplication@9c675b5
reloadAllAccessors: .ExecEnvironment

===========================================================================================
----------------- testing Sun Dec 15 06:25:42 UTC 2019 /home/travis/build/icyphy/ptII/ptolemy/actor/lib/test/auto/ExecNonZeroReturnOutput.xml
----------------- Instantiating /home/travis/build/icyphy/ptII/ptolemy/actor/lib/test/auto/ExecNonZeroReturnOutput.xml
169 ms. Memory: 483328K Free: 201111K (42%)
----------------- Invoking toplevel() on ptolemy.moml.MoMLSimpleApplication@3aa26cd5
----------------- Done invoking toplevel() on ptolemy.moml.MoMLSimpleApplication@3aa26cd5
reloadAllAccessors: .ExecNonZeroReturnOutput

===========================================================================================
----------------- testing Sun Dec 15 06:25:42 UTC 2019 /home/travis/build/icyphy/ptII/ptolemy/actor/lib/test/auto/ExecRunDemos.xml
----------------- Instantiating /home/travis/build/icyphy/ptII/ptolemy/actor/lib/test/auto/ExecRunDemos.xml
Finished: 117 ms. Memory: 120832K Free: 104571K (87%)

Finished: 99 ms. Memory: 120832K Free: 110685K (92%)

Finished: 100 ms. Memory: 120832K Free: 110906K (92%)

Finished: 72 ms. Memory: 120832K Free: 103212K (85%)

Finished: 76 ms. Memory: 120832K Free: 103976K (86%)

11208 ms. Memory: 483328K Free: 181143K (37%)
----------------- Invoking toplevel() on ptolemy.moml.MoMLSimpleApplication@56b2a250
----------------- Done invoking toplevel() on ptolemy.moml.MoMLSimpleApplication@56b2a250
reloadAllAccessors: .ExecRunDemos

===========================================================================================
----------------- testing Sun Dec 15 06:25:54 UTC 2019 /home/travis/build/icyphy/ptII/ptolemy/actor/lib/test/auto/ExecStop.xml
----------------- Instantiating /home/travis/build/icyphy/ptII/ptolemy/actor/lib/test/auto/ExecStop.xml
5021 ms. Memory: 483328K Free: 357675K (74%)
----------------- Invoking toplevel() on ptolemy.moml.MoMLSimpleApplication@474fe3c8
----------------- Done invoking toplevel() on ptolemy.moml.MoMLSimpleApplication@474fe3c8
reloadAllAccessors: .ExecStop

===========================================================================================
----------------- testing Sun Dec 15 06:25:59 UTC 2019 /home/travis/build/icyphy/ptII/ptolemy/actor/lib/test/auto/ExecutionTimeSDF.xml
----------------- Instantiating /home/travis/build/icyphy/ptII/ptolemy/actor/lib/test/auto/ExecutionTimeSDF.xml
Fired ExecutionTime: -2074967296
Fired ExecutionTime: 1043600000
Fired ExecutionTime: -1040967296
6013 ms. Memory: 483328K Free: 344621K (71%)

===========================================================================================
----------------- testing Sun Dec 15 06:26:05 UTC 2019 /home/travis/build/icyphy/ptII/ptolemy/actor/lib/test/auto/Expression1.xml
----------------- Instantiating /home/travis/build/icyphy/ptII/ptolemy/actor/lib/test/auto/Expression1.xml
2 ms. Memory: 483328K Free: 340525K (70%)
----------------- Invoking toplevel() on ptolemy.moml.MoMLSimpleApplication@444aeb38
----------------- Done invoking toplevel() on ptolemy.moml.MoMLSimpleApplication@444aeb38
reloadAllAccessors: .Expression1

===========================================================================================
----------------- testing Sun Dec 15 06:26:05 UTC 2019 /home/travis/build/icyphy/ptII/ptolemy/actor/lib/test/auto/Expression10.xml
----------------- Instantiating /home/travis/build/icyphy/ptII/ptolemy/actor/lib/test/auto/Expression10.xml
11 ms. Memory: 483328K Free: 334891K (69%)
----------------- Invoking toplevel() on ptolemy.moml.MoMLSimpleApplication@67a557db
----------------- Done invoking toplevel() on ptolemy.moml.MoMLSimpleApplication@67a557db
reloadAllAccessors: .Expression10

===========================================================================================
----------------- testing Sun Dec 15 06:26:05 UTC 2019 /home/travis/build/icyphy/ptII/ptolemy/actor/lib/test/auto/Expression11.xml
----------------- Instantiating /home/travis/build/icyphy/ptII/ptolemy/actor/lib/test/auto/Expression11.xml
3 ms. Memory: 483328K Free: 330795K (68%)
----------------- Invoking toplevel() on ptolemy.moml.MoMLSimpleApplication@7f126890
----------------- Done invoking toplevel() on ptolemy.moml.MoMLSimpleApplication@7f126890
reloadAllAccessors: .Expression11

===========================================================================================
----------------- testing Sun Dec 15 06:26:05 UTC 2019 /home/travis/build/icyphy/ptII/ptolemy/actor/lib/test/auto/Expression12.xml
----------------- Instantiating /home/travis/build/icyphy/ptII/ptolemy/actor/lib/test/auto/Expression12.xml
2 ms. Memory: 483328K Free: 325165K (67%)
----------------- Invoking toplevel() on ptolemy.moml.MoMLSimpleApplication@1bf90a13
----------------- Done invoking toplevel() on ptolemy.moml.MoMLSimpleApplication@1bf90a13
reloadAllAccessors: .Expression12

===========================================================================================
----------------- testing Sun Dec 15 06:26:05 UTC 2019 /home/travis/build/icyphy/ptII/ptolemy/actor/lib/test/auto/Expression13.xml
----------------- Instantiating /home/travis/build/icyphy/ptII/ptolemy/actor/lib/test/auto/Expression13.xml
3 ms. Memory: 483328K Free: 320555K (66%)
----------------- Invoking toplevel() on ptolemy.moml.MoMLSimpleApplication@740659c5
----------------- Done invoking toplevel() on ptolemy.moml.MoMLSimpleApplication@740659c5
reloadAllAccessors: .Expression13

===========================================================================================
----------------- testing Sun Dec 15 06:26:05 UTC 2019 /home/travis/build/icyphy/ptII/ptolemy/actor/lib/test/auto/Expression14.xml
----------------- Instantiating /home/travis/build/icyphy/ptII/ptolemy/actor/lib/test/auto/Expression14.xml
4 ms. Memory: 483328K Free: 314411K (65%)
----------------- Invoking toplevel() on ptolemy.moml.MoMLSimpleApplication@61b01e00
----------------- Done invoking toplevel() on ptolemy.moml.MoMLSimpleApplication@61b01e00
reloadAllAccessors: .Expression14

===========================================================================================
----------------- testing Sun Dec 15 06:26:05 UTC 2019 /home/travis/build/icyphy/ptII/ptolemy/actor/lib/test/auto/Expression15.xml
----------------- Instantiating /home/travis/build/icyphy/ptII/ptolemy/actor/lib/test/auto/Expression15.xml
1 ms. Memory: 483328K Free: 310315K (64%)
----------------- Invoking toplevel() on ptolemy.moml.MoMLSimpleApplication@506acead
----------------- Done invoking toplevel() on ptolemy.moml.MoMLSimpleApplication@506acead
reloadAllAccessors: .Expression15

===========================================================================================
----------------- testing Sun Dec 15 06:26:05 UTC 2019 /home/travis/build/icyphy/ptII/ptolemy/actor/lib/test/auto/Expression16.xml
----------------- Instantiating /home/travis/build/icyphy/ptII/ptolemy/actor/lib/test/auto/Expression16.xml
2 ms. Memory: 483328K Free: 305709K (63%)
----------------- Invoking toplevel() on ptolemy.moml.MoMLSimpleApplication@6c6b8ee1
----------------- Done invoking toplevel() on ptolemy.moml.MoMLSimpleApplication@6c6b8ee1
reloadAllAccessors: .Expression16

===========================================================================================
----------------- testing Sun Dec 15 06:26:05 UTC 2019 /home/travis/build/icyphy/ptII/ptolemy/actor/lib/test/auto/Expression17.xml
----------------- Instantiating /home/travis/build/icyphy/ptII/ptolemy/actor/lib/test/auto/Expression17.xml
3 ms. Memory: 483328K Free: 300589K (62%)
----------------- Invoking toplevel() on ptolemy.moml.MoMLSimpleApplication@b32c6f8
----------------- Done invoking toplevel() on ptolemy.moml.MoMLSimpleApplication@b32c6f8
reloadAllAccessors: .Expression17

===========================================================================================
----------------- testing Sun Dec 15 06:26:05 UTC 2019 /home/travis/build/icyphy/ptII/ptolemy/actor/lib/test/auto/Expression18.xml
----------------- Instantiating /home/travis/build/icyphy/ptII/ptolemy/actor/lib/test/auto/Expression18.xml
1 ms. Memory: 483328K Free: 295979K (61%)
----------------- Invoking toplevel() on ptolemy.moml.MoMLSimpleApplication@cff1cc7
----------------- Done invoking toplevel() on ptolemy.moml.MoMLSimpleApplication@cff1cc7
reloadAllAccessors: .Expression18

===========================================================================================
----------------- testing Sun Dec 15 06:26:05 UTC 2019 /home/travis/build/icyphy/ptII/ptolemy/actor/lib/test/auto/Expression2.xml
----------------- Instantiating /home/travis/build/icyphy/ptII/ptolemy/actor/lib/test/auto/Expression2.xml
2 ms. Memory: 483328K Free: 290859K (60%)
----------------- Invoking toplevel() on ptolemy.moml.MoMLSimpleApplication@4388a28d
----------------- Done invoking toplevel() on ptolemy.moml.MoMLSimpleApplication@4388a28d
reloadAllAccessors: .Expression2

===========================================================================================
----------------- testing Sun Dec 15 06:26:05 UTC 2019 /home/travis/build/icyphy/ptII/ptolemy/actor/lib/test/auto/Expression3.xml
----------------- Instantiating /home/travis/build/icyphy/ptII/ptolemy/actor/lib/test/auto/Expression3.xml
2 ms. Memory: 483328K Free: 285739K (59%)
----------------- Invoking toplevel() on ptolemy.moml.MoMLSimpleApplication@12c24119
----------------- Done invoking toplevel() on ptolemy.moml.MoMLSimpleApplication@12c24119
reloadAllAccessors: .Expression3

===========================================================================================
----------------- testing Sun Dec 15 06:26:05 UTC 2019 /home/travis/build/icyphy/ptII/ptolemy/actor/lib/test/auto/Expression4.xml
----------------- Instantiating /home/travis/build/icyphy/ptII/ptolemy/actor/lib/test/auto/Expression4.xml
3 ms. Memory: 483328K Free: 278571K (58%)
----------------- Invoking toplevel() on ptolemy.moml.MoMLSimpleApplication@620d209c
----------------- Done invoking toplevel() on ptolemy.moml.MoMLSimpleApplication@620d209c
reloadAllAccessors: .Expression4

===========================================================================================
----------------- testing Sun Dec 15 06:26:05 UTC 2019 /home/travis/build/icyphy/ptII/ptolemy/actor/lib/test/auto/Expression5.xml
----------------- Instantiating /home/travis/build/icyphy/ptII/ptolemy/actor/lib/test/auto/Expression5.xml
2 ms. Memory: 483328K Free: 273451K (57%)
----------------- Invoking toplevel() on ptolemy.moml.MoMLSimpleApplication@423f0e05
----------------- Done invoking toplevel() on ptolemy.moml.MoMLSimpleApplication@423f0e05
reloadAllAccessors: .Expression5

===========================================================================================
----------------- testing Sun Dec 15 06:26:05 UTC 2019 /home/travis/build/icyphy/ptII/ptolemy/actor/lib/test/auto/Expression6.xml
----------------- Instantiating /home/travis/build/icyphy/ptII/ptolemy/actor/lib/test/auto/Expression6.xml
2 ms. Memory: 483328K Free: 269355K (56%)
----------------- Invoking toplevel() on ptolemy.moml.MoMLSimpleApplication@2731a365
----------------- Done invoking toplevel() on ptolemy.moml.MoMLSimpleApplication@2731a365
reloadAllAccessors: .Expression6

===========================================================================================
----------------- testing Sun Dec 15 06:26:05 UTC 2019 /home/travis/build/icyphy/ptII/ptolemy/actor/lib/test/auto/Expression7.xml
----------------- Instantiating /home/travis/build/icyphy/ptII/ptolemy/actor/lib/test/auto/Expression7.xml
2 ms. Memory: 483328K Free: 264235K (55%)
----------------- Invoking toplevel() on ptolemy.moml.MoMLSimpleApplication@7b5eb175
----------------- Done invoking toplevel() on ptolemy.moml.MoMLSimpleApplication@7b5eb175
reloadAllAccessors: .Expression7

===========================================================================================
----------------- testing Sun Dec 15 06:26:05 UTC 2019 /home/travis/build/icyphy/ptII/ptolemy/actor/lib/test/auto/Expression8.xml
----------------- Instantiating /home/travis/build/icyphy/ptII/ptolemy/actor/lib/test/auto/Expression8.xml
9 ms. Memory: 483328K Free: 259115K (54%)
----------------- Invoking toplevel() on ptolemy.moml.MoMLSimpleApplication@5aed787c
----------------- Done invoking toplevel() on ptolemy.moml.MoMLSimpleApplication@5aed787c
reloadAllAccessors: .Expression8

===========================================================================================
----------------- testing Sun Dec 15 06:26:05 UTC 2019 /home/travis/build/icyphy/ptII/ptolemy/actor/lib/test/auto/Expression9.xml
----------------- Instantiating /home/travis/build/icyphy/ptII/ptolemy/actor/lib/test/auto/Expression9.xml
1 ms. Memory: 483328K Free: 255533K (53%)
----------------- Invoking toplevel() on ptolemy.moml.MoMLSimpleApplication@5f47d93f
----------------- Done invoking toplevel() on ptolemy.moml.MoMLSimpleApplication@5f47d93f
reloadAllAccessors: .Expression9

===========================================================================================
----------------- testing Sun Dec 15 06:26:05 UTC 2019 /home/travis/build/icyphy/ptII/ptolemy/actor/lib/test/auto/ExpressionConcatenateArrayType.xml
----------------- Instantiating /home/travis/build/icyphy/ptII/ptolemy/actor/lib/test/auto/ExpressionConcatenateArrayType.xml
4 ms. Memory: 483328K Free: 248875K (51%)
----------------- Invoking toplevel() on ptolemy.moml.MoMLSimpleApplication@30611def
----------------- Done invoking toplevel() on ptolemy.moml.MoMLSimpleApplication@30611def
reloadAllAccessors: .ExpressionConcatenateArrayType

===========================================================================================
----------------- testing Sun Dec 15 06:26:05 UTC 2019 /home/travis/build/icyphy/ptII/ptolemy/actor/lib/test/auto/ExpressionConcatenateArrayType2.xml
----------------- Instantiating /home/travis/build/icyphy/ptII/ptolemy/actor/lib/test/auto/ExpressionConcatenateArrayType2.xml
2 ms. Memory: 483328K Free: 243755K (50%)
----------------- Invoking toplevel() on ptolemy.moml.MoMLSimpleApplication@2de337e1
----------------- Done invoking toplevel() on ptolemy.moml.MoMLSimpleApplication@2de337e1
reloadAllAccessors: .ExpressionConcatenateArrayType2

===========================================================================================
----------------- testing Sun Dec 15 06:26:05 UTC 2019 /home/travis/build/icyphy/ptII/ptolemy/actor/lib/test/auto/ExpressionFix.xml
----------------- Instantiating /home/travis/build/icyphy/ptII/ptolemy/actor/lib/test/auto/ExpressionFix.xml
22 ms. Memory: 483328K Free: 237101K (49%)
----------------- Invoking toplevel() on ptolemy.moml.MoMLSimpleApplication@51974622
----------------- Done invoking toplevel() on ptolemy.moml.MoMLSimpleApplication@51974622
reloadAllAccessors: .ExpressionFix

===========================================================================================
----------------- testing Sun Dec 15 06:26:05 UTC 2019 /home/travis/build/icyphy/ptII/ptolemy/actor/lib/test/auto/ExpressionFix2.xml
----------------- Instantiating /home/travis/build/icyphy/ptII/ptolemy/actor/lib/test/auto/ExpressionFix2.xml
2 ms. Memory: 483328K Free: 233005K (48%)
----------------- Invoking toplevel() on ptolemy.moml.MoMLSimpleApplication@27d650e5
----------------- Done invoking toplevel() on ptolemy.moml.MoMLSimpleApplication@27d650e5
reloadAllAccessors: .ExpressionFix2

===========================================================================================
----------------- testing Sun Dec 15 06:26:05 UTC 2019 /home/travis/build/icyphy/ptII/ptolemy/actor/lib/test/auto/ExpressionFix3.xml
----------------- Instantiating /home/travis/build/icyphy/ptII/ptolemy/actor/lib/test/auto/ExpressionFix3.xml
2 ms. Memory: 483328K Free: 228909K (47%)
----------------- Invoking toplevel() on ptolemy.moml.MoMLSimpleApplication@476ef411
----------------- Done invoking toplevel() on ptolemy.moml.MoMLSimpleApplication@476ef411
reloadAllAccessors: .ExpressionFix3

===========================================================================================
----------------- testing Sun Dec 15 06:26:05 UTC 2019 /home/travis/build/icyphy/ptII/ptolemy/actor/lib/test/auto/FileWriter1.xml
----------------- Instantiating /home/travis/build/icyphy/ptII/ptolemy/actor/lib/test/auto/FileWriter1.xml
2 ms. Memory: 483328K Free: 224813K (47%)
----------------- Invoking toplevel() on ptolemy.moml.MoMLSimpleApplication@26e1c1bc
----------------- Done invoking toplevel() on ptolemy.moml.MoMLSimpleApplication@26e1c1bc
reloadAllAccessors: .FileWriter1

===========================================================================================
----------------- testing Sun Dec 15 06:26:05 UTC 2019 /home/travis/build/icyphy/ptII/ptolemy/actor/lib/test/auto/FileWriter2.xml
----------------- Instantiating /home/travis/build/icyphy/ptII/ptolemy/actor/lib/test/auto/FileWriter2.xml
4 ms. Memory: 483328K Free: 220189K (46%)
----------------- Invoking toplevel() on ptolemy.moml.MoMLSimpleApplication@3aad3dba
----------------- Done invoking toplevel() on ptolemy.moml.MoMLSimpleApplication@3aad3dba
reloadAllAccessors: .FileWriter2

===========================================================================================
----------------- testing Sun Dec 15 06:26:05 UTC 2019 /home/travis/build/icyphy/ptII/ptolemy/actor/lib/test/auto/FileWriter3.xml
----------------- Instantiating /home/travis/build/icyphy/ptII/ptolemy/actor/lib/test/auto/FileWriter3.xml
2 ms. Memory: 483328K Free: 216621K (45%)
----------------- Invoking toplevel() on ptolemy.moml.MoMLSimpleApplication@15450b41
----------------- Done invoking toplevel() on ptolemy.moml.MoMLSimpleApplication@15450b41
reloadAllAccessors: .FileWriter3

===========================================================================================
----------------- testing Sun Dec 15 06:26:05 UTC 2019 /home/travis/build/icyphy/ptII/ptolemy/actor/lib/test/auto/Gaussian.xml
----------------- Instantiating /home/travis/build/icyphy/ptII/ptolemy/actor/lib/test/auto/Gaussian.xml
4 ms. Memory: 483328K Free: 212011K (44%)
----------------- Invoking toplevel() on ptolemy.moml.MoMLSimpleApplication@35e5caea
----------------- Done invoking toplevel() on ptolemy.moml.MoMLSimpleApplication@35e5caea
reloadAllAccessors: .Gaussian

===========================================================================================
----------------- testing Sun Dec 15 06:26:05 UTC 2019 /home/travis/build/icyphy/ptII/ptolemy/actor/lib/test/auto/Gaussian1.xml
----------------- Instantiating /home/travis/build/icyphy/ptII/ptolemy/actor/lib/test/auto/Gaussian1.xml
6 ms. Memory: 483328K Free: 206381K (43%)
----------------- Invoking toplevel() on ptolemy.moml.MoMLSimpleApplication@27e9e17b
----------------- Done invoking toplevel() on ptolemy.moml.MoMLSimpleApplication@27e9e17b
reloadAllAccessors: .Gaussian1

===========================================================================================
----------------- testing Sun Dec 15 06:26:05 UTC 2019 /home/travis/build/icyphy/ptII/ptolemy/actor/lib/test/auto/Gaussian2.xml
----------------- Instantiating /home/travis/build/icyphy/ptII/ptolemy/actor/lib/test/auto/Gaussian2.xml
2 ms. Memory: 483328K Free: 201261K (42%)
----------------- Invoking toplevel() on ptolemy.moml.MoMLSimpleApplication@34e55785
----------------- Done invoking toplevel() on ptolemy.moml.MoMLSimpleApplication@34e55785
reloadAllAccessors: .Gaussian2

===========================================================================================
----------------- testing Sun Dec 15 06:26:05 UTC 2019 /home/travis/build/icyphy/ptII/ptolemy/actor/lib/test/auto/GradientAdaptiveLattice.xml
----------------- Instantiating /home/travis/build/icyphy/ptII/ptolemy/actor/lib/test/auto/GradientAdaptiveLattice.xml
3 ms. Memory: 483328K Free: 196141K (41%)
----------------- Invoking toplevel() on ptolemy.moml.MoMLSimpleApplication@2239103e
----------------- Done invoking toplevel() on ptolemy.moml.MoMLSimpleApplication@2239103e
reloadAllAccessors: .GradientAdaptiveLattice

===========================================================================================
----------------- testing Sun Dec 15 06:26:05 UTC 2019 /home/travis/build/icyphy/ptII/ptolemy/actor/lib/test/auto/IIR.xml
----------------- Instantiating /home/travis/build/icyphy/ptII/ptolemy/actor/lib/test/auto/IIR.xml
2 ms. Memory: 483328K Free: 191531K (40%)
----------------- Invoking toplevel() on ptolemy.moml.MoMLSimpleApplication@884cb73
----------------- Done invoking toplevel() on ptolemy.moml.MoMLSimpleApplication@884cb73
reloadAllAccessors: .IIR

===========================================================================================
----------------- testing Sun Dec 15 06:26:05 UTC 2019 /home/travis/build/icyphy/ptII/ptolemy/actor/lib/test/auto/InputOutputTransparentPorts.xml
----------------- Instantiating /home/travis/build/icyphy/ptII/ptolemy/actor/lib/test/auto/InputOutputTransparentPorts.xml
2 ms. Memory: 483328K Free: 184363K (38%)
----------------- Invoking toplevel() on ptolemy.moml.MoMLSimpleApplication@4819a2a4
----------------- Done invoking toplevel() on ptolemy.moml.MoMLSimpleApplication@4819a2a4
reloadAllAccessors: .InputOutputTransparentPorts

===========================================================================================
----------------- testing Sun Dec 15 06:26:05 UTC 2019 /home/travis/build/icyphy/ptII/ptolemy/actor/lib/test/auto/Interpolator.xml
----------------- Instantiating /home/travis/build/icyphy/ptII/ptolemy/actor/lib/test/auto/Interpolator.xml
4 ms. Memory: 483328K Free: 180267K (37%)
----------------- Invoking toplevel() on ptolemy.moml.MoMLSimpleApplication@2b8e2a35
----------------- Done invoking toplevel() on ptolemy.moml.MoMLSimpleApplication@2b8e2a35
reloadAllAccessors: .Interpolator

===========================================================================================
----------------- testing Sun Dec 15 06:26:06 UTC 2019 /home/travis/build/icyphy/ptII/ptolemy/actor/lib/test/auto/InterpolatorFiringLimitDE.xml
----------------- Instantiating /home/travis/build/icyphy/ptII/ptolemy/actor/lib/test/auto/InterpolatorFiringLimitDE.xml
2 ms. Memory: 483328K Free: 174637K (36%)
----------------- Invoking toplevel() on ptolemy.moml.MoMLSimpleApplication@7433506b
----------------- Done invoking toplevel() on ptolemy.moml.MoMLSimpleApplication@7433506b
reloadAllAccessors: .InterpolatorFiringLimitDE

===========================================================================================
----------------- testing Sun Dec 15 06:26:06 UTC 2019 /home/travis/build/icyphy/ptII/ptolemy/actor/lib/test/auto/Lattice.xml
----------------- Instantiating /home/travis/build/icyphy/ptII/ptolemy/actor/lib/test/auto/Lattice.xml
1 ms. Memory: 483328K Free: 170541K (35%)
----------------- Invoking toplevel() on ptolemy.moml.MoMLSimpleApplication@7ac0ba3f
----------------- Done invoking toplevel() on ptolemy.moml.MoMLSimpleApplication@7ac0ba3f
reloadAllAccessors: .Lattice

===========================================================================================
----------------- testing Sun Dec 15 06:26:06 UTC 2019 /home/travis/build/icyphy/ptII/ptolemy/actor/lib/test/auto/LazyAOCTestLazy.xml
----------------- Instantiating /home/travis/build/icyphy/ptII/ptolemy/actor/lib/test/auto/LazyAOCTestLazy.xml
15 ms. Memory: 483328K Free: 164397K (34%)
----------------- Invoking toplevel() on ptolemy.moml.MoMLSimpleApplication@1172ab76
----------------- Done invoking toplevel() on ptolemy.moml.MoMLSimpleApplication@1172ab76
reloadAllAccessors: .LazyAOCTestLazy

===========================================================================================
----------------- testing Sun Dec 15 06:26:06 UTC 2019 /home/travis/build/icyphy/ptII/ptolemy/actor/lib/test/auto/LazyAOCTestNonLazy.xml
----------------- Instantiating /home/travis/build/icyphy/ptII/ptolemy/actor/lib/test/auto/LazyAOCTestNonLazy.xml
4 ms. Memory: 483328K Free: 158253K (33%)
----------------- Invoking toplevel() on ptolemy.moml.MoMLSimpleApplication@3ce4c05e
----------------- Done invoking toplevel() on ptolemy.moml.MoMLSimpleApplication@3ce4c05e
reloadAllAccessors: .LazyAOCTestNonLazy

===========================================================================================
----------------- testing Sun Dec 15 06:26:06 UTC 2019 /home/travis/build/icyphy/ptII/ptolemy/actor/lib/test/auto/LazyInnerClass.xml
----------------- Instantiating /home/travis/build/icyphy/ptII/ptolemy/actor/lib/test/auto/LazyInnerClass.xml
29 ms. Memory: 483328K Free: 149533K (31%)
----------------- Invoking toplevel() on ptolemy.moml.MoMLSimpleApplication@7cee3d8d
----------------- Done invoking toplevel() on ptolemy.moml.MoMLSimpleApplication@7cee3d8d
reloadAllAccessors: .LazyInnerClass

===========================================================================================
----------------- testing Sun Dec 15 06:26:06 UTC 2019 /home/travis/build/icyphy/ptII/ptolemy/actor/lib/test/auto/LazyPubSub.xml
----------------- Instantiating /home/travis/build/icyphy/ptII/ptolemy/actor/lib/test/auto/LazyPubSub.xml
35 ms. Memory: 483328K Free: 425728K (88%)
----------------- Invoking toplevel() on ptolemy.moml.MoMLSimpleApplication@131a87b7
----------------- Done invoking toplevel() on ptolemy.moml.MoMLSimpleApplication@131a87b7
reloadAllAccessors: .LazyPubSub

===========================================================================================
----------------- testing Sun Dec 15 06:26:06 UTC 2019 /home/travis/build/icyphy/ptII/ptolemy/actor/lib/test/auto/LazyPubSub2.xml
----------------- Instantiating /home/travis/build/icyphy/ptII/ptolemy/actor/lib/test/auto/LazyPubSub2.xml
15 ms. Memory: 483328K Free: 416002K (86%)
----------------- Invoking toplevel() on ptolemy.moml.MoMLSimpleApplication@5845430e
----------------- Done invoking toplevel() on ptolemy.moml.MoMLSimpleApplication@5845430e
reloadAllAccessors: .LazyPubSub2

===========================================================================================
----------------- testing Sun Dec 15 06:26:06 UTC 2019 /home/travis/build/icyphy/ptII/ptolemy/actor/lib/test/auto/LazyPubSub3.xml
----------------- Instantiating /home/travis/build/icyphy/ptII/ptolemy/actor/lib/test/auto/LazyPubSub3.xml
14 ms. Memory: 483328K Free: 406272K (84%)
----------------- Invoking toplevel() on ptolemy.moml.MoMLSimpleApplication@2e304457
----------------- Done invoking toplevel() on ptolemy.moml.MoMLSimpleApplication@2e304457
reloadAllAccessors: .LazyPubSub3

===========================================================================================
----------------- testing Sun Dec 15 06:26:06 UTC 2019 /home/travis/build/icyphy/ptII/ptolemy/actor/lib/test/auto/LazySubClassModel.xml
----------------- Instantiating /home/travis/build/icyphy/ptII/ptolemy/actor/lib/test/auto/LazySubClassModel.xml
2 ms. Memory: 483328K Free: 397056K (82%)
----------------- Invoking toplevel() on ptolemy.moml.MoMLSimpleApplication@2117699b
----------------- Done invoking toplevel() on ptolemy.moml.MoMLSimpleApplication@2117699b
reloadAllAccessors: .LazySubClassModel

===========================================================================================
----------------- testing Sun Dec 15 06:26:06 UTC 2019 /home/travis/build/icyphy/ptII/ptolemy/actor/lib/test/auto/LevelCrossTest1.xml
----------------- Instantiating /home/travis/build/icyphy/ptII/ptolemy/actor/lib/test/auto/LevelCrossTest1.xml
2 ms. Memory: 483328K Free: 391426K (81%)
----------------- Invoking toplevel() on ptolemy.moml.MoMLSimpleApplication@603f1041
----------------- Done invoking toplevel() on ptolemy.moml.MoMLSimpleApplication@603f1041
reloadAllAccessors: .broken

===========================================================================================
----------------- testing Sun Dec 15 06:26:06 UTC 2019 /home/travis/build/icyphy/ptII/ptolemy/actor/lib/test/auto/LevelCrossTest10.xml
----------------- Instantiating /home/travis/build/icyphy/ptII/ptolemy/actor/lib/test/auto/LevelCrossTest10.xml
1 ms. Memory: 483328K Free: 383234K (79%)
----------------- Invoking toplevel() on ptolemy.moml.MoMLSimpleApplication@61b6f615
----------------- Done invoking toplevel() on ptolemy.moml.MoMLSimpleApplication@61b6f615
reloadAllAccessors: .LevelCrossTest10

===========================================================================================
----------------- testing Sun Dec 15 06:26:06 UTC 2019 /home/travis/build/icyphy/ptII/ptolemy/actor/lib/test/auto/LevelCrossTest11.xml
----------------- Instantiating /home/travis/build/icyphy/ptII/ptolemy/actor/lib/test/auto/LevelCrossTest11.xml
1 ms. Memory: 483328K Free: 376066K (78%)
----------------- Invoking toplevel() on ptolemy.moml.MoMLSimpleApplication@2e001652
----------------- Done invoking toplevel() on ptolemy.moml.MoMLSimpleApplication@2e001652
reloadAllAccessors: .LevelCrossTest11

===========================================================================================
----------------- testing Sun Dec 15 06:26:06 UTC 2019 /home/travis/build/icyphy/ptII/ptolemy/actor/lib/test/auto/LevelCrossTest12.xml
----------------- Instantiating /home/travis/build/icyphy/ptII/ptolemy/actor/lib/test/auto/LevelCrossTest12.xml
2 ms. Memory: 483328K Free: 368898K (76%)
----------------- Invoking toplevel() on ptolemy.moml.MoMLSimpleApplication@47d466c8
----------------- Done invoking toplevel() on ptolemy.moml.MoMLSimpleApplication@47d466c8
reloadAllAccessors: .LevelCrossTest12

===========================================================================================
----------------- testing Sun Dec 15 06:26:06 UTC 2019 /home/travis/build/icyphy/ptII/ptolemy/actor/lib/test/auto/LevelCrossTest13.xml
----------------- Instantiating /home/travis/build/icyphy/ptII/ptolemy/actor/lib/test/auto/LevelCrossTest13.xml
1 ms. Memory: 483328K Free: 362240K (75%)
----------------- Invoking toplevel() on ptolemy.moml.MoMLSimpleApplication@458b121
----------------- Done invoking toplevel() on ptolemy.moml.MoMLSimpleApplication@458b121
reloadAllAccessors: .LevelCrossTest13

===========================================================================================
----------------- testing Sun Dec 15 06:26:06 UTC 2019 /home/travis/build/icyphy/ptII/ptolemy/actor/lib/test/auto/LevelCrossTest2.xml
----------------- Instantiating /home/travis/build/icyphy/ptII/ptolemy/actor/lib/test/auto/LevelCrossTest2.xml
1 ms. Memory: 483328K Free: 356610K (74%)
----------------- Invoking toplevel() on ptolemy.moml.MoMLSimpleApplication@60f93e5f
----------------- Done invoking toplevel() on ptolemy.moml.MoMLSimpleApplication@60f93e5f
reloadAllAccessors: .broken

===========================================================================================
----------------- testing Sun Dec 15 06:26:06 UTC 2019 /home/travis/build/icyphy/ptII/ptolemy/actor/lib/test/auto/LevelCrossTest3.xml
----------------- Instantiating /home/travis/build/icyphy/ptII/ptolemy/actor/lib/test/auto/LevelCrossTest3.xml
1 ms. Memory: 483328K Free: 350466K (73%)
----------------- Invoking toplevel() on ptolemy.moml.MoMLSimpleApplication@35bbc25b
----------------- Done invoking toplevel() on ptolemy.moml.MoMLSimpleApplication@35bbc25b
reloadAllAccessors: .LevelCrossTest3

===========================================================================================
----------------- testing Sun Dec 15 06:26:06 UTC 2019 /home/travis/build/icyphy/ptII/ptolemy/actor/lib/test/auto/LevelCrossTest4.xml
----------------- Instantiating /home/travis/build/icyphy/ptII/ptolemy/actor/lib/test/auto/LevelCrossTest4.xml
2 ms. Memory: 483328K Free: 345346K (71%)
----------------- Invoking toplevel() on ptolemy.moml.MoMLSimpleApplication@3f440251
----------------- Done invoking toplevel() on ptolemy.moml.MoMLSimpleApplication@3f440251
reloadAllAccessors: .broken

===========================================================================================
----------------- testing Sun Dec 15 06:26:06 UTC 2019 /home/travis/build/icyphy/ptII/ptolemy/actor/lib/test/auto/LevelCrossTest5.xml
----------------- Instantiating /home/travis/build/icyphy/ptII/ptolemy/actor/lib/test/auto/LevelCrossTest5.xml
1 ms. Memory: 483328K Free: 338178K (70%)
----------------- Invoking toplevel() on ptolemy.moml.MoMLSimpleApplication@2fcc5516
----------------- Done invoking toplevel() on ptolemy.moml.MoMLSimpleApplication@2fcc5516
reloadAllAccessors: .LevelCrossTest5

===========================================================================================
----------------- testing Sun Dec 15 06:26:06 UTC 2019 /home/travis/build/icyphy/ptII/ptolemy/actor/lib/test/auto/LevelCrossTest6.xml
----------------- Instantiating /home/travis/build/icyphy/ptII/ptolemy/actor/lib/test/auto/LevelCrossTest6.xml
1 ms. Memory: 483328K Free: 331010K (68%)
----------------- Invoking toplevel() on ptolemy.moml.MoMLSimpleApplication@76bcb38a
----------------- Done invoking toplevel() on ptolemy.moml.MoMLSimpleApplication@76bcb38a
reloadAllAccessors: .LevelCrossTest6

===========================================================================================
----------------- testing Sun Dec 15 06:26:06 UTC 2019 /home/travis/build/icyphy/ptII/ptolemy/actor/lib/test/auto/LevelCrossTest7.xml
----------------- Instantiating /home/travis/build/icyphy/ptII/ptolemy/actor/lib/test/auto/LevelCrossTest7.xml
2 ms. Memory: 483328K Free: 324352K (67%)
----------------- Invoking toplevel() on ptolemy.moml.MoMLSimpleApplication@1470db23
----------------- Done invoking toplevel() on ptolemy.moml.MoMLSimpleApplication@1470db23
reloadAllAccessors: .LevelCrossTest7

===========================================================================================
----------------- testing Sun Dec 15 06:26:06 UTC 2019 /home/travis/build/icyphy/ptII/ptolemy/actor/lib/test/auto/LevelCrossTest8.xml
----------------- Instantiating /home/travis/build/icyphy/ptII/ptolemy/actor/lib/test/auto/LevelCrossTest8.xml
1 ms. Memory: 483328K Free: 317698K (66%)
----------------- Invoking toplevel() on ptolemy.moml.MoMLSimpleApplication@fabf76b
----------------- Done invoking toplevel() on ptolemy.moml.MoMLSimpleApplication@fabf76b
reloadAllAccessors: .LevelCrossTest8

===========================================================================================
----------------- testing Sun Dec 15 06:26:06 UTC 2019 /home/travis/build/icyphy/ptII/ptolemy/actor/lib/test/auto/LevelCrossTest9.xml
----------------- Instantiating /home/travis/build/icyphy/ptII/ptolemy/actor/lib/test/auto/LevelCrossTest9.xml
2 ms. Memory: 483328K Free: 311040K (64%)
----------------- Invoking toplevel() on ptolemy.moml.MoMLSimpleApplication@2fa770f0
----------------- Done invoking toplevel() on ptolemy.moml.MoMLSimpleApplication@2fa770f0
reloadAllAccessors: .LevelCrossTest9

===========================================================================================
----------------- testing Sun Dec 15 06:26:06 UTC 2019 /home/travis/build/icyphy/ptII/ptolemy/actor/lib/test/auto/LevinsonDurbin.xml
----------------- Instantiating /home/travis/build/icyphy/ptII/ptolemy/actor/lib/test/auto/LevinsonDurbin.xml
4 ms. Memory: 483328K Free: 306944K (64%)
----------------- Invoking toplevel() on ptolemy.moml.MoMLSimpleApplication@160b1374
----------------- Done invoking toplevel() on ptolemy.moml.MoMLSimpleApplication@160b1374
reloadAllAccessors: .LevinsonDurbin

===========================================================================================
----------------- testing Sun Dec 15 06:26:06 UTC 2019 /home/travis/build/icyphy/ptII/ptolemy/actor/lib/test/auto/LevinsonDurbin2.xml
----------------- Instantiating /home/travis/build/icyphy/ptII/ptolemy/actor/lib/test/auto/LevinsonDurbin2.xml
1 ms. Memory: 483328K Free: 302848K (63%)
----------------- Invoking toplevel() on ptolemy.moml.MoMLSimpleApplication@6df847f1
----------------- Done invoking toplevel() on ptolemy.moml.MoMLSimpleApplication@6df847f1
reloadAllAccessors: .LevinsonDurbin2

===========================================================================================
----------------- testing Sun Dec 15 06:26:06 UTC 2019 /home/travis/build/icyphy/ptII/ptolemy/actor/lib/test/auto/LevinsonDurbin3.xml
----------------- Instantiating /home/travis/build/icyphy/ptII/ptolemy/actor/lib/test/auto/LevinsonDurbin3.xml
3 ms. Memory: 483328K Free: 299266K (62%)
----------------- Invoking toplevel() on ptolemy.moml.MoMLSimpleApplication@4bcf1ed3
----------------- Done invoking toplevel() on ptolemy.moml.MoMLSimpleApplication@4bcf1ed3
reloadAllAccessors: .LevinsonDurbin3

===========================================================================================
----------------- testing Sun Dec 15 06:26:06 UTC 2019 /home/travis/build/icyphy/ptII/ptolemy/actor/lib/test/auto/Limiter.xml
----------------- Instantiating /home/travis/build/icyphy/ptII/ptolemy/actor/lib/test/auto/Limiter.xml
12 ms. Memory: 483328K Free: 290050K (60%)
----------------- Invoking toplevel() on ptolemy.moml.MoMLSimpleApplication@74b3fd7e
----------------- Done invoking toplevel() on ptolemy.moml.MoMLSimpleApplication@74b3fd7e
reloadAllAccessors: .Limiter

===========================================================================================
----------------- testing Sun Dec 15 06:26:06 UTC 2019 /home/travis/build/icyphy/ptII/ptolemy/actor/lib/test/auto/LinearDifferenceEquationSystem.xml
----------------- Instantiating /home/travis/build/icyphy/ptII/ptolemy/actor/lib/test/auto/LinearDifferenceEquationSystem.xml
9 ms. Memory: 483328K Free: 282368K (58%)
----------------- Invoking toplevel() on ptolemy.moml.MoMLSimpleApplication@1d17f1e4
----------------- Done invoking toplevel() on ptolemy.moml.MoMLSimpleApplication@1d17f1e4
reloadAllAccessors: .LinearDifferenceEquationSystem

===========================================================================================
----------------- testing Sun Dec 15 06:26:06 UTC 2019 /home/travis/build/icyphy/ptII/ptolemy/actor/lib/test/auto/LookupTable.xml
----------------- Instantiating /home/travis/build/icyphy/ptII/ptolemy/actor/lib/test/auto/LookupTable.xml
15 ms. Memory: 483328K Free: 278272K (58%)
----------------- Invoking toplevel() on ptolemy.moml.MoMLSimpleApplication@5b769467
----------------- Done invoking toplevel() on ptolemy.moml.MoMLSimpleApplication@5b769467
reloadAllAccessors: .LookupTable

===========================================================================================
----------------- testing Sun Dec 15 06:26:06 UTC 2019 /home/travis/build/icyphy/ptII/ptolemy/actor/lib/test/auto/MathFunction.xml
----------------- Instantiating /home/travis/build/icyphy/ptII/ptolemy/actor/lib/test/auto/MathFunction.xml
2 ms. Memory: 483328K Free: 270080K (56%)
----------------- Invoking toplevel() on ptolemy.moml.MoMLSimpleApplication@120c4e1a
----------------- Done invoking toplevel() on ptolemy.moml.MoMLSimpleApplication@120c4e1a
reloadAllAccessors: .MathFunction

===========================================================================================
----------------- testing Sun Dec 15 06:26:06 UTC 2019 /home/travis/build/icyphy/ptII/ptolemy/actor/lib/test/auto/MathFunction2.xml
----------------- Instantiating /home/travis/build/icyphy/ptII/ptolemy/actor/lib/test/auto/MathFunction2.xml
4 ms. Memory: 483328K Free: 265984K (55%)
----------------- Invoking toplevel() on ptolemy.moml.MoMLSimpleApplication@7ed4e6ae
----------------- Done invoking toplevel() on ptolemy.moml.MoMLSimpleApplication@7ed4e6ae
reloadAllAccessors: .MathFunction2

===========================================================================================
----------------- testing Sun Dec 15 06:26:06 UTC 2019 /home/travis/build/icyphy/ptII/ptolemy/actor/lib/test/auto/MathFunction3.xml
----------------- Instantiating /home/travis/build/icyphy/ptII/ptolemy/actor/lib/test/auto/MathFunction3.xml
2 ms. Memory: 483328K Free: 258816K (54%)
----------------- Invoking toplevel() on ptolemy.moml.MoMLSimpleApplication@20d35ce3
----------------- Done invoking toplevel() on ptolemy.moml.MoMLSimpleApplication@20d35ce3
reloadAllAccessors: .MathFunction3

===========================================================================================
----------------- testing Sun Dec 15 06:26:06 UTC 2019 /home/travis/build/icyphy/ptII/ptolemy/actor/lib/test/auto/MatrixCropBoolean.xml
----------------- Instantiating /home/travis/build/icyphy/ptII/ptolemy/actor/lib/test/auto/MatrixCropBoolean.xml
1 ms. Memory: 483328K Free: 254210K (53%)
----------------- Invoking toplevel() on ptolemy.moml.MoMLSimpleApplication@431e6b70
----------------- Done invoking toplevel() on ptolemy.moml.MoMLSimpleApplication@431e6b70
reloadAllAccessors: .MatrixCropBoolean

===========================================================================================
----------------- testing Sun Dec 15 06:26:06 UTC 2019 /home/travis/build/icyphy/ptII/ptolemy/actor/lib/test/auto/MatrixCropComplex.xml
----------------- Instantiating /home/travis/build/icyphy/ptII/ptolemy/actor/lib/test/auto/MatrixCropComplex.xml
3 ms. Memory: 483328K Free: 249090K (52%)
----------------- Invoking toplevel() on ptolemy.moml.MoMLSimpleApplication@11b3d1fa
----------------- Done invoking toplevel() on ptolemy.moml.MoMLSimpleApplication@11b3d1fa
reloadAllAccessors: .MatrixCropComplex

===========================================================================================
----------------- testing Sun Dec 15 06:26:06 UTC 2019 /home/travis/build/icyphy/ptII/ptolemy/actor/lib/test/auto/MatrixCropDouble.xml
----------------- Instantiating /home/travis/build/icyphy/ptII/ptolemy/actor/lib/test/auto/MatrixCropDouble.xml
2 ms. Memory: 483328K Free: 243970K (50%)
----------------- Invoking toplevel() on ptolemy.moml.MoMLSimpleApplication@4f0e10c9
----------------- Done invoking toplevel() on ptolemy.moml.MoMLSimpleApplication@4f0e10c9
reloadAllAccessors: .MatrixCropDouble

===========================================================================================
----------------- testing Sun Dec 15 06:26:06 UTC 2019 /home/travis/build/icyphy/ptII/ptolemy/actor/lib/test/auto/MatrixCropFix.xml
----------------- Instantiating /home/travis/build/icyphy/ptII/ptolemy/actor/lib/test/auto/MatrixCropFix.xml
2 ms. Memory: 483328K Free: 238850K (49%)
----------------- Invoking toplevel() on ptolemy.moml.MoMLSimpleApplication@3f383d39
----------------- Done invoking toplevel() on ptolemy.moml.MoMLSimpleApplication@3f383d39
reloadAllAccessors: .MatrixCropFix

===========================================================================================
----------------- testing Sun Dec 15 06:26:06 UTC 2019 /home/travis/build/icyphy/ptII/ptolemy/actor/lib/test/auto/MatrixCropInt.xml
----------------- Instantiating /home/travis/build/icyphy/ptII/ptolemy/actor/lib/test/auto/MatrixCropInt.xml
2 ms. Memory: 483328K Free: 234754K (49%)
----------------- Invoking toplevel() on ptolemy.moml.MoMLSimpleApplication@5cfb5a05
----------------- Done invoking toplevel() on ptolemy.moml.MoMLSimpleApplication@5cfb5a05
reloadAllAccessors: .MatrixCropInt

===========================================================================================
----------------- testing Sun Dec 15 06:26:06 UTC 2019 /home/travis/build/icyphy/ptII/ptolemy/actor/lib/test/auto/MatrixCropLong.xml
----------------- Instantiating /home/travis/build/icyphy/ptII/ptolemy/actor/lib/test/auto/MatrixCropLong.xml
2 ms. Memory: 483328K Free: 229634K (48%)
----------------- Invoking toplevel() on ptolemy.moml.MoMLSimpleApplication@1451bffa
----------------- Done invoking toplevel() on ptolemy.moml.MoMLSimpleApplication@1451bffa
reloadAllAccessors: .MatrixCropLong

===========================================================================================
----------------- testing Sun Dec 15 06:26:06 UTC 2019 /home/travis/build/icyphy/ptII/ptolemy/actor/lib/test/auto/MatrixToArray.xml
----------------- Instantiating /home/travis/build/icyphy/ptII/ptolemy/actor/lib/test/auto/MatrixToArray.xml
5 ms. Memory: 483328K Free: 214274K (44%)
----------------- Invoking toplevel() on ptolemy.moml.MoMLSimpleApplication@149badc2
----------------- Done invoking toplevel() on ptolemy.moml.MoMLSimpleApplication@149badc2
reloadAllAccessors: .MatrixToArray

===========================================================================================
----------------- testing Sun Dec 15 06:26:06 UTC 2019 /home/travis/build/icyphy/ptII/ptolemy/actor/lib/test/auto/MaxIndex.xml
----------------- Instantiating /home/travis/build/icyphy/ptII/ptolemy/actor/lib/test/auto/MaxIndex.xml
2 ms. Memory: 483328K Free: 209154K (43%)
----------------- Invoking toplevel() on ptolemy.moml.MoMLSimpleApplication@72fbdfd1
----------------- Done invoking toplevel() on ptolemy.moml.MoMLSimpleApplication@72fbdfd1
reloadAllAccessors: .MaxIndex

===========================================================================================
----------------- testing Sun Dec 15 06:26:07 UTC 2019 /home/travis/build/icyphy/ptII/ptolemy/actor/lib/test/auto/Maximum.xml
----------------- Instantiating /home/travis/build/icyphy/ptII/ptolemy/actor/lib/test/auto/Maximum.xml
3 ms. Memory: 483328K Free: 202466K (42%)
----------------- Invoking toplevel() on ptolemy.moml.MoMLSimpleApplication@40f56104
----------------- Done invoking toplevel() on ptolemy.moml.MoMLSimpleApplication@40f56104
reloadAllAccessors: .Maximum

===========================================================================================
----------------- testing Sun Dec 15 06:26:07 UTC 2019 /home/travis/build/icyphy/ptII/ptolemy/actor/lib/test/auto/MaximumComplex.xml
----------------- Instantiating /home/travis/build/icyphy/ptII/ptolemy/actor/lib/test/auto/MaximumComplex.xml
2 ms. Memory: 483328K Free: 196866K (41%)
----------------- Invoking toplevel() on ptolemy.moml.MoMLSimpleApplication@26a09375
----------------- Done invoking toplevel() on ptolemy.moml.MoMLSimpleApplication@26a09375
reloadAllAccessors: .MaximumComplex

===========================================================================================
----------------- testing Sun Dec 15 06:26:07 UTC 2019 /home/travis/build/icyphy/ptII/ptolemy/actor/lib/test/auto/MethodCallTest.xml
----------------- Instantiating /home/travis/build/icyphy/ptII/ptolemy/actor/lib/test/auto/MethodCallTest.xml
2 ms. Memory: 483328K Free: 190208K (39%)
----------------- Invoking toplevel() on ptolemy.moml.MoMLSimpleApplication@48b6c885
----------------- Done invoking toplevel() on ptolemy.moml.MoMLSimpleApplication@48b6c885
reloadAllAccessors: .MethodCallTest

===========================================================================================
----------------- testing Sun Dec 15 06:26:07 UTC 2019 /home/travis/build/icyphy/ptII/ptolemy/actor/lib/test/auto/Minimum.xml
----------------- Instantiating /home/travis/build/icyphy/ptII/ptolemy/actor/lib/test/auto/Minimum.xml
2 ms. Memory: 483328K Free: 183554K (38%)
----------------- Invoking toplevel() on ptolemy.moml.MoMLSimpleApplication@2dccfed2
----------------- Done invoking toplevel() on ptolemy.moml.MoMLSimpleApplication@2dccfed2
reloadAllAccessors: .Minimum

===========================================================================================
----------------- testing Sun Dec 15 06:26:07 UTC 2019 /home/travis/build/icyphy/ptII/ptolemy/actor/lib/test/auto/MinimumComplex.xml
----------------- Instantiating /home/travis/build/icyphy/ptII/ptolemy/actor/lib/test/auto/MinimumComplex.xml
2 ms. Memory: 483328K Free: 177410K (37%)
----------------- Invoking toplevel() on ptolemy.moml.MoMLSimpleApplication@66fcbe8
----------------- Done invoking toplevel() on ptolemy.moml.MoMLSimpleApplication@66fcbe8
reloadAllAccessors: .MinimumComplex

===========================================================================================
----------------- testing Sun Dec 15 06:26:07 UTC 2019 /home/travis/build/icyphy/ptII/ptolemy/actor/lib/test/auto/MinimumMultiports.xml
----------------- Instantiating /home/travis/build/icyphy/ptII/ptolemy/actor/lib/test/auto/MinimumMultiports.xml
3 ms. Memory: 483328K Free: 169218K (35%)
----------------- Invoking toplevel() on ptolemy.moml.MoMLSimpleApplication@496c475f
----------------- Done invoking toplevel() on ptolemy.moml.MoMLSimpleApplication@496c475f
reloadAllAccessors: .MinimumMultiports

===========================================================================================
----------------- testing Sun Dec 15 06:26:07 UTC 2019 /home/travis/build/icyphy/ptII/ptolemy/actor/lib/test/auto/ModifyDate.xml
----------------- Instantiating /home/travis/build/icyphy/ptII/ptolemy/actor/lib/test/auto/ModifyDate.xml
5 ms. Memory: 483328K Free: 155906K (32%)
----------------- Invoking toplevel() on ptolemy.moml.MoMLSimpleApplication@10af016c
----------------- Done invoking toplevel() on ptolemy.moml.MoMLSimpleApplication@10af016c
reloadAllAccessors: .ModifyDate

===========================================================================================
----------------- testing Sun Dec 15 06:26:07 UTC 2019 /home/travis/build/icyphy/ptII/ptolemy/actor/lib/test/auto/ModifyDate2.xml
----------------- Instantiating /home/travis/build/icyphy/ptII/ptolemy/actor/lib/test/auto/ModifyDate2.xml
4 ms. Memory: 483328K Free: 433771K (90%)
----------------- Invoking toplevel() on ptolemy.moml.MoMLSimpleApplication@1b5d44c5
----------------- Done invoking toplevel() on ptolemy.moml.MoMLSimpleApplication@1b5d44c5
reloadAllAccessors: .ModifyDate2

===========================================================================================
----------------- testing Sun Dec 15 06:26:07 UTC 2019 /home/travis/build/icyphy/ptII/ptolemy/actor/lib/test/auto/MovingAverage.xml
----------------- Instantiating /home/travis/build/icyphy/ptII/ptolemy/actor/lib/test/auto/MovingAverage.xml
1 ms. Memory: 483328K Free: 428651K (89%)
----------------- Invoking toplevel() on ptolemy.moml.MoMLSimpleApplication@7f6d24b1
----------------- Done invoking toplevel() on ptolemy.moml.MoMLSimpleApplication@7f6d24b1
reloadAllAccessors: .MovingAverage

===========================================================================================
----------------- testing Sun Dec 15 06:26:07 UTC 2019 /home/travis/build/icyphy/ptII/ptolemy/actor/lib/test/auto/MovingMaximum.xml
----------------- Instantiating /home/travis/build/icyphy/ptII/ptolemy/actor/lib/test/auto/MovingMaximum.xml
8 ms. Memory: 483328K Free: 424045K (88%)
----------------- Invoking toplevel() on ptolemy.moml.MoMLSimpleApplication@56f9a76a
----------------- Done invoking toplevel() on ptolemy.moml.MoMLSimpleApplication@56f9a76a
reloadAllAccessors: .MovingMaximum

===========================================================================================
----------------- testing Sun Dec 15 06:26:07 UTC 2019 /home/travis/build/icyphy/ptII/ptolemy/actor/lib/test/auto/MultipleLinksToSameRelation.xml
----------------- Instantiating /home/travis/build/icyphy/ptII/ptolemy/actor/lib/test/auto/MultipleLinksToSameRelation.xml
6 ms. Memory: 483328K Free: 419949K (87%)
----------------- Invoking toplevel() on ptolemy.moml.MoMLSimpleApplication@d06751a
----------------- Done invoking toplevel() on ptolemy.moml.MoMLSimpleApplication@d06751a
reloadAllAccessors: .MultipleLinksToSameRelation

===========================================================================================
----------------- testing Sun Dec 15 06:26:07 UTC 2019 /home/travis/build/icyphy/ptII/ptolemy/actor/lib/test/auto/MultipleLinksToSameRelationDE.xml
----------------- Instantiating /home/travis/build/icyphy/ptII/ptolemy/actor/lib/test/auto/MultipleLinksToSameRelationDE.xml
2 ms. Memory: 483328K Free: 415325K (86%)
----------------- Invoking toplevel() on ptolemy.moml.MoMLSimpleApplication@6fdb4349
----------------- Done invoking toplevel() on ptolemy.moml.MoMLSimpleApplication@6fdb4349
reloadAllAccessors: .MultipleLinksToSameRelationDE

===========================================================================================
----------------- testing Sun Dec 15 06:26:07 UTC 2019 /home/travis/build/icyphy/ptII/ptolemy/actor/lib/test/auto/Multiplexor.xml
----------------- Instantiating /home/travis/build/icyphy/ptII/ptolemy/actor/lib/test/auto/Multiplexor.xml
2 ms. Memory: 483328K Free: 409709K (85%)
----------------- Invoking toplevel() on ptolemy.moml.MoMLSimpleApplication@55003047
----------------- Done invoking toplevel() on ptolemy.moml.MoMLSimpleApplication@55003047
reloadAllAccessors: .Multiplexor

===========================================================================================
----------------- testing Sun Dec 15 06:26:07 UTC 2019 /home/travis/build/icyphy/ptII/ptolemy/actor/lib/test/auto/Multiplexor1.xml
----------------- Instantiating /home/travis/build/icyphy/ptII/ptolemy/actor/lib/test/auto/Multiplexor1.xml
2 ms. Memory: 483328K Free: 404589K (84%)
----------------- Invoking toplevel() on ptolemy.moml.MoMLSimpleApplication@2953fbe4
----------------- Done invoking toplevel() on ptolemy.moml.MoMLSimpleApplication@2953fbe4
reloadAllAccessors: .Multiplexor1

===========================================================================================
----------------- testing Sun Dec 15 06:26:07 UTC 2019 /home/travis/build/icyphy/ptII/ptolemy/actor/lib/test/auto/Multiplexor2.xml
----------------- Instantiating /home/travis/build/icyphy/ptII/ptolemy/actor/lib/test/auto/Multiplexor2.xml
2 ms. Memory: 483328K Free: 397931K (82%)
----------------- Invoking toplevel() on ptolemy.moml.MoMLSimpleApplication@6f3197f9
----------------- Done invoking toplevel() on ptolemy.moml.MoMLSimpleApplication@6f3197f9
reloadAllAccessors: .Multiplexor2

===========================================================================================
----------------- testing Sun Dec 15 06:26:07 UTC 2019 /home/travis/build/icyphy/ptII/ptolemy/actor/lib/test/auto/Multiplexor3.xml
----------------- Instantiating /home/travis/build/icyphy/ptII/ptolemy/actor/lib/test/auto/Multiplexor3.xml
2 ms. Memory: 483328K Free: 393835K (81%)
----------------- Invoking toplevel() on ptolemy.moml.MoMLSimpleApplication@2843ac38
----------------- Done invoking toplevel() on ptolemy.moml.MoMLSimpleApplication@2843ac38
reloadAllAccessors: .Multiplexor3

===========================================================================================
----------------- testing Sun Dec 15 06:26:07 UTC 2019 /home/travis/build/icyphy/ptII/ptolemy/actor/lib/test/auto/MultiplexorDE.xml
----------------- Instantiating /home/travis/build/icyphy/ptII/ptolemy/actor/lib/test/auto/MultiplexorDE.xml
3 ms. Memory: 483328K Free: 385613K (80%)
----------------- Invoking toplevel() on ptolemy.moml.MoMLSimpleApplication@4389a641
----------------- Done invoking toplevel() on ptolemy.moml.MoMLSimpleApplication@4389a641
reloadAllAccessors: .MultiplexorDE

===========================================================================================
----------------- testing Sun Dec 15 06:26:07 UTC 2019 /home/travis/build/icyphy/ptII/ptolemy/actor/lib/test/auto/MultiportBroadcastTest.xml
----------------- Instantiating /home/travis/build/icyphy/ptII/ptolemy/actor/lib/test/auto/MultiportBroadcastTest.xml
93 ms. Memory: 483328K Free: 378989K (78%)
----------------- Invoking toplevel() on ptolemy.moml.MoMLSimpleApplication@373496c3
----------------- Done invoking toplevel() on ptolemy.moml.MoMLSimpleApplication@373496c3
reloadAllAccessors: .MultiportBroadcastTest

===========================================================================================
----------------- testing Sun Dec 15 06:26:07 UTC 2019 /home/travis/build/icyphy/ptII/ptolemy/actor/lib/test/auto/MultiportOutHangDuringGetWidth.xml
----------------- Instantiating /home/travis/build/icyphy/ptII/ptolemy/actor/lib/test/auto/MultiportOutHangDuringGetWidth.xml
11 ms. Memory: 483328K Free: 367211K (76%)
----------------- Invoking toplevel() on ptolemy.moml.MoMLSimpleApplication@60b3d331
----------------- Done invoking toplevel() on ptolemy.moml.MoMLSimpleApplication@60b3d331
reloadAllAccessors: .MultiportOutHangDuringGetWidth

===========================================================================================
----------------- testing Sun Dec 15 06:26:07 UTC 2019 /home/travis/build/icyphy/ptII/ptolemy/actor/lib/test/auto/NilToken.xml
----------------- Instantiating /home/travis/build/icyphy/ptII/ptolemy/actor/lib/test/auto/NilToken.xml
2 ms. Memory: 483328K Free: 363115K (75%)
----------------- Invoking toplevel() on ptolemy.moml.MoMLSimpleApplication@2e24e770
----------------- Done invoking toplevel() on ptolemy.moml.MoMLSimpleApplication@2e24e770
reloadAllAccessors: .NilToken

===========================================================================================
----------------- testing Sun Dec 15 06:26:07 UTC 2019 /home/travis/build/icyphy/ptII/ptolemy/actor/lib/test/auto/NilTokenNonStrictTest.xml
----------------- Instantiating /home/travis/build/icyphy/ptII/ptolemy/actor/lib/test/auto/NilTokenNonStrictTest.xml
1 ms. Memory: 483328K Free: 357995K (74%)
----------------- Invoking toplevel() on ptolemy.moml.MoMLSimpleApplication@75132f71
----------------- Done invoking toplevel() on ptolemy.moml.MoMLSimpleApplication@75132f71
reloadAllAccessors: .NilTokenNonStrictTest

===========================================================================================
----------------- testing Sun Dec 15 06:26:07 UTC 2019 /home/travis/build/icyphy/ptII/ptolemy/actor/lib/test/auto/NilTokenRecord.xml
----------------- Instantiating /home/travis/build/icyphy/ptII/ptolemy/actor/lib/test/auto/NilTokenRecord.xml
6 ms. Memory: 483328K Free: 351341K (73%)
----------------- Invoking toplevel() on ptolemy.moml.MoMLSimpleApplication@19ccc63a
----------------- Done invoking toplevel() on ptolemy.moml.MoMLSimpleApplication@19ccc63a
reloadAllAccessors: .NilTokenRecord

===========================================================================================
----------------- testing Sun Dec 15 06:26:07 UTC 2019 /home/travis/build/icyphy/ptII/ptolemy/actor/lib/test/auto/NilTokenTypeTest.xml
----------------- Instantiating /home/travis/build/icyphy/ptII/ptolemy/actor/lib/test/auto/NilTokenTypeTest.xml
7 ms. Memory: 483328K Free: 341611K (71%)
----------------- Invoking toplevel() on ptolemy.moml.MoMLSimpleApplication@6b22fcb0
----------------- Done invoking toplevel() on ptolemy.moml.MoMLSimpleApplication@6b22fcb0
reloadAllAccessors: .NilTokenTypeTest

===========================================================================================
----------------- testing Sun Dec 15 06:26:07 UTC 2019 /home/travis/build/icyphy/ptII/ptolemy/actor/lib/test/auto/ObjectToken1.xml
----------------- Instantiating /home/travis/build/icyphy/ptII/ptolemy/actor/lib/test/auto/ObjectToken1.xml
2 ms. Memory: 483328K Free: 337515K (70%)
----------------- Invoking toplevel() on ptolemy.moml.MoMLSimpleApplication@2c496f0
----------------- Done invoking toplevel() on ptolemy.moml.MoMLSimpleApplication@2c496f0
reloadAllAccessors: .ObjectToken1

===========================================================================================
----------------- testing Sun Dec 15 06:26:07 UTC 2019 /home/travis/build/icyphy/ptII/ptolemy/actor/lib/test/auto/OrderedMerge.xml
----------------- Instantiating /home/travis/build/icyphy/ptII/ptolemy/actor/lib/test/auto/OrderedMerge.xml
13 ms. Memory: 483328K Free: 332395K (69%)
----------------- Invoking toplevel() on ptolemy.moml.MoMLSimpleApplication@2f3902f0
----------------- Done invoking toplevel() on ptolemy.moml.MoMLSimpleApplication@2f3902f0
reloadAllAccessors: .OrderedMerge

===========================================================================================
----------------- testing Sun Dec 15 06:26:07 UTC 2019 /home/travis/build/icyphy/ptII/ptolemy/actor/lib/test/auto/OrderedRecordDisassembler.xml
----------------- Instantiating /home/travis/build/icyphy/ptII/ptolemy/actor/lib/test/auto/OrderedRecordDisassembler.xml
3 ms. Memory: 483328K Free: 327269K (68%)
----------------- Invoking toplevel() on ptolemy.moml.MoMLSimpleApplication@450c3e76
----------------- Done invoking toplevel() on ptolemy.moml.MoMLSimpleApplication@450c3e76
reloadAllAccessors: .OrderedRecordDisassembler

===========================================================================================
----------------- testing Sun Dec 15 06:26:07 UTC 2019 /home/travis/build/icyphy/ptII/ptolemy/actor/lib/test/auto/OrderedRecordDisassembler2.xml
----------------- Instantiating /home/travis/build/icyphy/ptII/ptolemy/actor/lib/test/auto/OrderedRecordDisassembler2.xml
4 ms. Memory: 483328K Free: 319597K (66%)
----------------- Invoking toplevel() on ptolemy.moml.MoMLSimpleApplication@76f269ff
----------------- Done invoking toplevel() on ptolemy.moml.MoMLSimpleApplication@76f269ff
reloadAllAccessors: .OrderedRecordDisassembler2

===========================================================================================
----------------- testing Sun Dec 15 06:26:07 UTC 2019 /home/travis/build/icyphy/ptII/ptolemy/actor/lib/test/auto/OrderedRecordUpdater.xml
----------------- Instantiating /home/travis/build/icyphy/ptII/ptolemy/actor/lib/test/auto/OrderedRecordUpdater.xml
1 ms. Memory: 483328K Free: 314477K (65%)
----------------- Invoking toplevel() on ptolemy.moml.MoMLSimpleApplication@4720989b
----------------- Done invoking toplevel() on ptolemy.moml.MoMLSimpleApplication@4720989b
reloadAllAccessors: .RecordUpdater

===========================================================================================
----------------- testing Sun Dec 15 06:26:07 UTC 2019 /home/travis/build/icyphy/ptII/ptolemy/actor/lib/test/auto/OrderedRecordUpdater2.xml
----------------- Instantiating /home/travis/build/icyphy/ptII/ptolemy/actor/lib/test/auto/OrderedRecordUpdater2.xml
4 ms. Memory: 483328K Free: 309867K (64%)
----------------- Invoking toplevel() on ptolemy.moml.MoMLSimpleApplication@14d91026
----------------- Done invoking toplevel() on ptolemy.moml.MoMLSimpleApplication@14d91026
reloadAllAccessors: .RecordUpdater2

===========================================================================================
----------------- testing Sun Dec 15 06:26:07 UTC 2019 /home/travis/build/icyphy/ptII/ptolemy/actor/lib/test/auto/PhaseUnwrap.xml
----------------- Instantiating /home/travis/build/icyphy/ptII/ptolemy/actor/lib/test/auto/PhaseUnwrap.xml
1 ms. Memory: 483328K Free: 305261K (63%)
----------------- Invoking toplevel() on ptolemy.moml.MoMLSimpleApplication@6b7dc65e
----------------- Done invoking toplevel() on ptolemy.moml.MoMLSimpleApplication@6b7dc65e
reloadAllAccessors: .PhaseUnwrap

===========================================================================================
----------------- testing Sun Dec 15 06:26:07 UTC 2019 /home/travis/build/icyphy/ptII/ptolemy/actor/lib/test/auto/PoissonClock.xml
----------------- Instantiating /home/travis/build/icyphy/ptII/ptolemy/actor/lib/test/auto/PoissonClock.xml
1 ms. Memory: 483328K Free: 301165K (62%)
----------------- Invoking toplevel() on ptolemy.moml.MoMLSimpleApplication@45a7b27
----------------- Done invoking toplevel() on ptolemy.moml.MoMLSimpleApplication@45a7b27
reloadAllAccessors: .PoissonClock

===========================================================================================
----------------- testing Sun Dec 15 06:26:07 UTC 2019 /home/travis/build/icyphy/ptII/ptolemy/actor/lib/test/auto/PoissonClock2.xml
----------------- Instantiating /home/travis/build/icyphy/ptII/ptolemy/actor/lib/test/auto/PoissonClock2.xml
1 ms. Memory: 483328K Free: 297069K (61%)
----------------- Invoking toplevel() on ptolemy.moml.MoMLSimpleApplication@31cd518a
----------------- Done invoking toplevel() on ptolemy.moml.MoMLSimpleApplication@31cd518a
reloadAllAccessors: .PoissonClock2

===========================================================================================
----------------- testing Sun Dec 15 06:26:07 UTC 2019 /home/travis/build/icyphy/ptII/ptolemy/actor/lib/test/auto/PoissonClock3.xml
----------------- Instantiating /home/travis/build/icyphy/ptII/ptolemy/actor/lib/test/auto/PoissonClock3.xml
2 ms. Memory: 483328K Free: 292459K (61%)
----------------- Invoking toplevel() on ptolemy.moml.MoMLSimpleApplication@1e94c98c
----------------- Done invoking toplevel() on ptolemy.moml.MoMLSimpleApplication@1e94c98c
reloadAllAccessors: .PoissonClock3

===========================================================================================
----------------- testing Sun Dec 15 06:26:07 UTC 2019 /home/travis/build/icyphy/ptII/ptolemy/actor/lib/test/auto/PubSubWithInitialTokens.xml
----------------- Instantiating /home/travis/build/icyphy/ptII/ptolemy/actor/lib/test/auto/PubSubWithInitialTokens.xml
2 ms. Memory: 483328K Free: 286829K (59%)
----------------- Invoking toplevel() on ptolemy.moml.MoMLSimpleApplication@21b4363f
----------------- Done invoking toplevel() on ptolemy.moml.MoMLSimpleApplication@21b4363f
reloadAllAccessors: .PubSubWithInitialTokens

===========================================================================================
----------------- testing Sun Dec 15 06:26:07 UTC 2019 /home/travis/build/icyphy/ptII/ptolemy/actor/lib/test/auto/PubSubWithInitialTokens2.xml
----------------- Instantiating /home/travis/build/icyphy/ptII/ptolemy/actor/lib/test/auto/PubSubWithInitialTokens2.xml
3 ms. Memory: 483328K Free: 280685K (58%)
----------------- Invoking toplevel() on ptolemy.moml.MoMLSimpleApplication@1d5f9f22
----------------- Done invoking toplevel() on ptolemy.moml.MoMLSimpleApplication@1d5f9f22
reloadAllAccessors: .PubSubWithInitialTokens2

===========================================================================================
----------------- testing Sun Dec 15 06:26:07 UTC 2019 /home/travis/build/icyphy/ptII/ptolemy/actor/lib/test/auto/PublisherClassNoParameter.xml
----------------- Instantiating /home/travis/build/icyphy/ptII/ptolemy/actor/lib/test/auto/PublisherClassNoParameter.xml
3 ms. Memory: 483328K Free: 270445K (56%)
----------------- Invoking toplevel() on ptolemy.moml.MoMLSimpleApplication@4b107c5e
----------------- Done invoking toplevel() on ptolemy.moml.MoMLSimpleApplication@4b107c5e
reloadAllAccessors: .PublisherClassNoParameter

===========================================================================================
----------------- testing Sun Dec 15 06:26:07 UTC 2019 /home/travis/build/icyphy/ptII/ptolemy/actor/lib/test/auto/PublisherClassParameter.xml
----------------- Instantiating /home/travis/build/icyphy/ptII/ptolemy/actor/lib/test/auto/PublisherClassParameter.xml
2 ms. Memory: 483328K Free: 260205K (54%)
----------------- Invoking toplevel() on ptolemy.moml.MoMLSimpleApplication@112d536a
----------------- Done invoking toplevel() on ptolemy.moml.MoMLSimpleApplication@112d536a
reloadAllAccessors: .PublisherClassParameter

===========================================================================================
----------------- testing Sun Dec 15 06:26:07 UTC 2019 /home/travis/build/icyphy/ptII/ptolemy/actor/lib/test/auto/PublisherNonStrictTest.xml
----------------- Instantiating /home/travis/build/icyphy/ptII/ptolemy/actor/lib/test/auto/PublisherNonStrictTest.xml
3 ms. Memory: 483328K Free: 252013K (52%)
----------------- Invoking toplevel() on ptolemy.moml.MoMLSimpleApplication@5eccdc2c
----------------- Done invoking toplevel() on ptolemy.moml.MoMLSimpleApplication@5eccdc2c
reloadAllAccessors: .PublisherNonStrictTest

===========================================================================================
----------------- testing Sun Dec 15 06:26:07 UTC 2019 /home/travis/build/icyphy/ptII/ptolemy/actor/lib/test/auto/PublisherPort1.xml
----------------- Instantiating /home/travis/build/icyphy/ptII/ptolemy/actor/lib/test/auto/PublisherPort1.xml
10 ms. Memory: 483328K Free: 246349K (51%)
----------------- Invoking toplevel() on ptolemy.moml.MoMLSimpleApplication@63dd9007
----------------- Done invoking toplevel() on ptolemy.moml.MoMLSimpleApplication@63dd9007
reloadAllAccessors: .PublisherPort1

===========================================================================================
----------------- testing Sun Dec 15 06:26:07 UTC 2019 /home/travis/build/icyphy/ptII/ptolemy/actor/lib/test/auto/PublisherPort2.xml
----------------- Instantiating /home/travis/build/icyphy/ptII/ptolemy/actor/lib/test/auto/PublisherPort2.xml
1 ms. Memory: 483328K Free: 241773K (50%)
----------------- Invoking toplevel() on ptolemy.moml.MoMLSimpleApplication@2fce67ee
----------------- Done invoking toplevel() on ptolemy.moml.MoMLSimpleApplication@2fce67ee
reloadAllAccessors: .PublisherPort2

===========================================================================================
----------------- testing Sun Dec 15 06:26:07 UTC 2019 /home/travis/build/icyphy/ptII/ptolemy/actor/lib/test/auto/PublisherPort3.xml
----------------- Instantiating /home/travis/build/icyphy/ptII/ptolemy/actor/lib/test/auto/PublisherPort3.xml
4 ms. Memory: 483328K Free: 235085K (49%)
----------------- Invoking toplevel() on ptolemy.moml.MoMLSimpleApplication@1f7a5b6c
----------------- Done invoking toplevel() on ptolemy.moml.MoMLSimpleApplication@1f7a5b6c
reloadAllAccessors: .PublisherPort3

===========================================================================================
----------------- testing Sun Dec 15 06:26:07 UTC 2019 /home/travis/build/icyphy/ptII/ptolemy/actor/lib/test/auto/PublisherPort4.xml
----------------- Instantiating /home/travis/build/icyphy/ptII/ptolemy/actor/lib/test/auto/PublisherPort4.xml
2 ms. Memory: 483328K Free: 229485K (47%)
----------------- Invoking toplevel() on ptolemy.moml.MoMLSimpleApplication@5de52ae3
----------------- Done invoking toplevel() on ptolemy.moml.MoMLSimpleApplication@5de52ae3
reloadAllAccessors: .PublisherPort4

===========================================================================================
----------------- testing Sun Dec 15 06:26:07 UTC 2019 /home/travis/build/icyphy/ptII/ptolemy/actor/lib/test/auto/PublisherPort5.xml
----------------- Instantiating /home/travis/build/icyphy/ptII/ptolemy/actor/lib/test/auto/PublisherPort5.xml
3 ms. Memory: 483328K Free: 221803K (46%)
----------------- Invoking toplevel() on ptolemy.moml.MoMLSimpleApplication@17e3cbd3
----------------- Done invoking toplevel() on ptolemy.moml.MoMLSimpleApplication@17e3cbd3
reloadAllAccessors: .PublisherPort5

===========================================================================================
----------------- testing Sun Dec 15 06:26:08 UTC 2019 /home/travis/build/icyphy/ptII/ptolemy/actor/lib/test/auto/PublisherPort5LookAlike.xml
----------------- Instantiating /home/travis/build/icyphy/ptII/ptolemy/actor/lib/test/auto/PublisherPort5LookAlike.xml
8 ms. Memory: 483328K Free: 214125K (44%)
----------------- Invoking toplevel() on ptolemy.moml.MoMLSimpleApplication@50249699
----------------- Done invoking toplevel() on ptolemy.moml.MoMLSimpleApplication@50249699
reloadAllAccessors: .PublisherPort5LookAlike

===========================================================================================
----------------- testing Sun Dec 15 06:26:08 UTC 2019 /home/travis/build/icyphy/ptII/ptolemy/actor/lib/test/auto/PublisherPort6.xml
----------------- Instantiating /home/travis/build/icyphy/ptII/ptolemy/actor/lib/test/auto/PublisherPort6.xml
2 ms. Memory: 483328K Free: 207467K (43%)
----------------- Invoking toplevel() on ptolemy.moml.MoMLSimpleApplication@39be30e0
----------------- Done invoking toplevel() on ptolemy.moml.MoMLSimpleApplication@39be30e0
reloadAllAccessors: .PublisherPort6

===========================================================================================
----------------- testing Sun Dec 15 06:26:08 UTC 2019 /home/travis/build/icyphy/ptII/ptolemy/actor/lib/test/auto/PublisherPort7.xml
----------------- Instantiating /home/travis/build/icyphy/ptII/ptolemy/actor/lib/test/auto/PublisherPort7.xml
3 ms. Memory: 483328K Free: 199789K (41%)
----------------- Invoking toplevel() on ptolemy.moml.MoMLSimpleApplication@12e74f4a
----------------- Done invoking toplevel() on ptolemy.moml.MoMLSimpleApplication@12e74f4a
reloadAllAccessors: .PublisherPort7

===========================================================================================
----------------- testing Sun Dec 15 06:26:08 UTC 2019 /home/travis/build/icyphy/ptII/ptolemy/actor/lib/test/auto/PublisherPort8.xml
----------------- Instantiating /home/travis/build/icyphy/ptII/ptolemy/actor/lib/test/auto/PublisherPort8.xml
4 ms. Memory: 483328K Free: 191083K (40%)
----------------- Invoking toplevel() on ptolemy.moml.MoMLSimpleApplication@73450d6a
----------------- Done invoking toplevel() on ptolemy.moml.MoMLSimpleApplication@73450d6a
reloadAllAccessors: .PublisherPort8

===========================================================================================
----------------- testing Sun Dec 15 06:26:08 UTC 2019 /home/travis/build/icyphy/ptII/ptolemy/actor/lib/test/auto/PublisherPortSubscriberChannelVariablesAOC2.xml
----------------- Instantiating /home/travis/build/icyphy/ptII/ptolemy/actor/lib/test/auto/PublisherPortSubscriberChannelVariablesAOC2.xml
3 ms. Memory: 483328K Free: 174189K (36%)
----------------- Invoking toplevel() on ptolemy.moml.MoMLSimpleApplication@63be05ed
----------------- Done invoking toplevel() on ptolemy.moml.MoMLSimpleApplication@63be05ed
reloadAllAccessors: .PublisherPortSubscriberChannelVariablesAOC2

===========================================================================================
----------------- testing Sun Dec 15 06:26:08 UTC 2019 /home/travis/build/icyphy/ptII/ptolemy/actor/lib/test/auto/PublisherPortSubscriberOpaqueWidthInference.xml
----------------- Instantiating /home/travis/build/icyphy/ptII/ptolemy/actor/lib/test/auto/PublisherPortSubscriberOpaqueWidthInference.xml
5 ms. Memory: 483328K Free: 165997K (34%)
----------------- Invoking toplevel() on ptolemy.moml.MoMLSimpleApplication@2dec5806
----------------- Done invoking toplevel() on ptolemy.moml.MoMLSimpleApplication@2dec5806
reloadAllAccessors: .PublisherPortSubscriberOpaqueWidthInference

===========================================================================================
----------------- testing Sun Dec 15 06:26:08 UTC 2019 /home/travis/build/icyphy/ptII/ptolemy/actor/lib/test/auto/PublisherPortSubscriberPortAdjacent.xml
----------------- Instantiating /home/travis/build/icyphy/ptII/ptolemy/actor/lib/test/auto/PublisherPortSubscriberPortAdjacent.xml
1 ms. Memory: 483328K Free: 158315K (33%)
----------------- Invoking toplevel() on ptolemy.moml.MoMLSimpleApplication@79defafa
----------------- Done invoking toplevel() on ptolemy.moml.MoMLSimpleApplication@79defafa
reloadAllAccessors: .PublisherPortSubscriberPortAdjacent

===========================================================================================
----------------- testing Sun Dec 15 06:26:08 UTC 2019 /home/travis/build/icyphy/ptII/ptolemy/actor/lib/test/auto/PublisherPortSubscriberPortExpression.xml
----------------- Instantiating /home/travis/build/icyphy/ptII/ptolemy/actor/lib/test/auto/PublisherPortSubscriberPortExpression.xml
4 ms. Memory: 483328K Free: 150637K (31%)
----------------- Invoking toplevel() on ptolemy.moml.MoMLSimpleApplication@2f7cbcde
----------------- Done invoking toplevel() on ptolemy.moml.MoMLSimpleApplication@2f7cbcde
reloadAllAccessors: .PublisherPortSubscriberPortExpression

===========================================================================================
----------------- testing Sun Dec 15 06:26:08 UTC 2019 /home/travis/build/icyphy/ptII/ptolemy/actor/lib/test/auto/PublisherPortSubscriberPortOpaqueD3Reverse.xml
----------------- Instantiating /home/travis/build/icyphy/ptII/ptolemy/actor/lib/test/auto/PublisherPortSubscriberPortOpaqueD3Reverse.xml
6 ms. Memory: 483328K Free: 427089K (88%)
----------------- Invoking toplevel() on ptolemy.moml.MoMLSimpleApplication@4bf7188
----------------- Done invoking toplevel() on ptolemy.moml.MoMLSimpleApplication@4bf7188
reloadAllAccessors: .PublisherPortSubscriberPortOpaqueD3Reverse

===========================================================================================
----------------- testing Sun Dec 15 06:26:08 UTC 2019 /home/travis/build/icyphy/ptII/ptolemy/actor/lib/test/auto/PublisherPortSubscriberPortOpaqueWidthInference.xml
----------------- Instantiating /home/travis/build/icyphy/ptII/ptolemy/actor/lib/test/auto/PublisherPortSubscriberPortOpaqueWidthInference.xml
3 ms. Memory: 483328K Free: 419425K (87%)
----------------- Invoking toplevel() on ptolemy.moml.MoMLSimpleApplication@1fdd78ad
----------------- Done invoking toplevel() on ptolemy.moml.MoMLSimpleApplication@1fdd78ad
reloadAllAccessors: .PublisherPortSubscriberPortOpaqueWidthInference

===========================================================================================
----------------- testing Sun Dec 15 06:26:08 UTC 2019 /home/travis/build/icyphy/ptII/ptolemy/actor/lib/test/auto/PublisherPortToplevelSubscriberPortAOC.xml
----------------- Instantiating /home/travis/build/icyphy/ptII/ptolemy/actor/lib/test/auto/PublisherPortToplevelSubscriberPortAOC.xml
.PublisherPortToplevelSubscriberPortAOC.TestExceptionAttribute: initialize() was not invoked, but wrapup() was.  This is unusual, but not always a problem.  For example, exporting JNLP will do this.
1 ms. Memory: 483328K Free: 413791K (86%)
----------------- Invoking toplevel() on ptolemy.moml.MoMLSimpleApplication@3fb817f1
----------------- Done invoking toplevel() on ptolemy.moml.MoMLSimpleApplication@3fb817f1
reloadAllAccessors: .PublisherPortToplevelSubscriberPortAOC

===========================================================================================
----------------- testing Sun Dec 15 06:26:08 UTC 2019 /home/travis/build/icyphy/ptII/ptolemy/actor/lib/test/auto/PublisherSubscriber.xml
----------------- Instantiating /home/travis/build/icyphy/ptII/ptolemy/actor/lib/test/auto/PublisherSubscriber.xml
3 ms. Memory: 483328K Free: 406113K (84%)
----------------- Invoking toplevel() on ptolemy.moml.MoMLSimpleApplication@6fdd112f
----------------- Done invoking toplevel() on ptolemy.moml.MoMLSimpleApplication@6fdd112f
reloadAllAccessors: .PublisherSubscriber

===========================================================================================
----------------- testing Sun Dec 15 06:26:08 UTC 2019 /home/travis/build/icyphy/ptII/ptolemy/actor/lib/test/auto/PublisherSubscriber10.xml
----------------- Instantiating /home/travis/build/icyphy/ptII/ptolemy/actor/lib/test/auto/PublisherSubscriber10.xml
7 ms. Memory: 483328K Free: 396383K (82%)
----------------- Invoking toplevel() on ptolemy.moml.MoMLSimpleApplication@64627794
----------------- Done invoking toplevel() on ptolemy.moml.MoMLSimpleApplication@64627794
reloadAllAccessors: .PublisherSubscriber10

===========================================================================================
----------------- testing Sun Dec 15 06:26:08 UTC 2019 /home/travis/build/icyphy/ptII/ptolemy/actor/lib/test/auto/PublisherSubscriber10InitialOutputs.xml
----------------- Instantiating /home/travis/build/icyphy/ptII/ptolemy/actor/lib/test/auto/PublisherSubscriber10InitialOutputs.xml
14 ms. Memory: 483328K Free: 387167K (80%)
----------------- Invoking toplevel() on ptolemy.moml.MoMLSimpleApplication@3cb2334e
----------------- Done invoking toplevel() on ptolemy.moml.MoMLSimpleApplication@3cb2334e
reloadAllAccessors: .PublisherSubscriber10InitialOutputs

===========================================================================================
----------------- testing Sun Dec 15 06:26:08 UTC 2019 /home/travis/build/icyphy/ptII/ptolemy/actor/lib/test/auto/PublisherSubscriber11.xml
----------------- Instantiating /home/travis/build/icyphy/ptII/ptolemy/actor/lib/test/auto/PublisherSubscriber11.xml
3 ms. Memory: 483328K Free: 381009K (79%)
----------------- Invoking toplevel() on ptolemy.moml.MoMLSimpleApplication@fe33523
----------------- Done invoking toplevel() on ptolemy.moml.MoMLSimpleApplication@fe33523
reloadAllAccessors: .PublisherSubscriber11

===========================================================================================
----------------- testing Sun Dec 15 06:26:08 UTC 2019 /home/travis/build/icyphy/ptII/ptolemy/actor/lib/test/auto/PublisherSubscriber12.xml
----------------- Instantiating /home/travis/build/icyphy/ptII/ptolemy/actor/lib/test/auto/PublisherSubscriber12.xml
6 ms. Memory: 483328K Free: 374369K (77%)
----------------- Invoking toplevel() on ptolemy.moml.MoMLSimpleApplication@ef72f22
----------------- Done invoking toplevel() on ptolemy.moml.MoMLSimpleApplication@ef72f22
reloadAllAccessors: .PublisherSubscriber12

===========================================================================================
----------------- testing Sun Dec 15 06:26:08 UTC 2019 /home/travis/build/icyphy/ptII/ptolemy/actor/lib/test/auto/PublisherSubscriber13.xml
----------------- Instantiating /home/travis/build/icyphy/ptII/ptolemy/actor/lib/test/auto/PublisherSubscriber13.xml
2 ms. Memory: 483328K Free: 368705K (76%)
----------------- Invoking toplevel() on ptolemy.moml.MoMLSimpleApplication@67ae5c49
----------------- Done invoking toplevel() on ptolemy.moml.MoMLSimpleApplication@67ae5c49
reloadAllAccessors: .PublisherSubscriber13

===========================================================================================
----------------- testing Sun Dec 15 06:26:08 UTC 2019 /home/travis/build/icyphy/ptII/ptolemy/actor/lib/test/auto/PublisherSubscriber14.xml
----------------- Instantiating /home/travis/build/icyphy/ptII/ptolemy/actor/lib/test/auto/PublisherSubscriber14.xml
2 ms. Memory: 483328K Free: 360529K (75%)
----------------- Invoking toplevel() on ptolemy.moml.MoMLSimpleApplication@4500579
----------------- Done invoking toplevel() on ptolemy.moml.MoMLSimpleApplication@4500579
reloadAllAccessors: .PublisherSubscriber14

===========================================================================================
----------------- testing Sun Dec 15 06:26:08 UTC 2019 /home/travis/build/icyphy/ptII/ptolemy/actor/lib/test/auto/PublisherSubscriber2.xml
----------------- Instantiating /home/travis/build/icyphy/ptII/ptolemy/actor/lib/test/auto/PublisherSubscriber2.xml
3 ms. Memory: 483328K Free: 354913K (73%)
----------------- Invoking toplevel() on ptolemy.moml.MoMLSimpleApplication@78e74d37
----------------- Done invoking toplevel() on ptolemy.moml.MoMLSimpleApplication@78e74d37
reloadAllAccessors: .PublisherSubscriber2

===========================================================================================
----------------- testing Sun Dec 15 06:26:08 UTC 2019 /home/travis/build/icyphy/ptII/ptolemy/actor/lib/test/auto/PublisherSubscriber3.xml
----------------- Instantiating /home/travis/build/icyphy/ptII/ptolemy/actor/lib/test/auto/PublisherSubscriber3.xml
2 ms. Memory: 483328K Free: 349249K (72%)
----------------- Invoking toplevel() on ptolemy.moml.MoMLSimpleApplication@62ea6a17
----------------- Done invoking toplevel() on ptolemy.moml.MoMLSimpleApplication@62ea6a17
reloadAllAccessors: .PublisherSubscriber3

===========================================================================================
----------------- testing Sun Dec 15 06:26:08 UTC 2019 /home/travis/build/icyphy/ptII/ptolemy/actor/lib/test/auto/PublisherSubscriber4.xml
----------------- Instantiating /home/travis/build/icyphy/ptII/ptolemy/actor/lib/test/auto/PublisherSubscriber4.xml
2 ms. Memory: 483328K Free: 344129K (71%)
----------------- Invoking toplevel() on ptolemy.moml.MoMLSimpleApplication@4c76c6f5
----------------- Done invoking toplevel() on ptolemy.moml.MoMLSimpleApplication@4c76c6f5
reloadAllAccessors: .PublisherSubscriber4

===========================================================================================
----------------- testing Sun Dec 15 06:26:08 UTC 2019 /home/travis/build/icyphy/ptII/ptolemy/actor/lib/test/auto/PublisherSubscriber5.xml
----------------- Instantiating /home/travis/build/icyphy/ptII/ptolemy/actor/lib/test/auto/PublisherSubscriber5.xml
2 ms. Memory: 483328K Free: 337505K (70%)
----------------- Invoking toplevel() on ptolemy.moml.MoMLSimpleApplication@193dc59e
----------------- Done invoking toplevel() on ptolemy.moml.MoMLSimpleApplication@193dc59e
reloadAllAccessors: .PublisherSubscriber5

===========================================================================================
----------------- testing Sun Dec 15 06:26:08 UTC 2019 /home/travis/build/icyphy/ptII/ptolemy/actor/lib/test/auto/PublisherSubscriber6.xml
----------------- Instantiating /home/travis/build/icyphy/ptII/ptolemy/actor/lib/test/auto/PublisherSubscriber6.xml
4 ms. Memory: 483328K Free: 330833K (68%)
----------------- Invoking toplevel() on ptolemy.moml.MoMLSimpleApplication@771bfe59
----------------- Done invoking toplevel() on ptolemy.moml.MoMLSimpleApplication@771bfe59
reloadAllAccessors: .PublisherSubscriber6

===========================================================================================
----------------- testing Sun Dec 15 06:26:08 UTC 2019 /home/travis/build/icyphy/ptII/ptolemy/actor/lib/test/auto/PublisherSubscriber7.xml
----------------- Instantiating /home/travis/build/icyphy/ptII/ptolemy/actor/lib/test/auto/PublisherSubscriber7.xml
8 ms. Memory: 483328K Free: 324193K (67%)
----------------- Invoking toplevel() on ptolemy.moml.MoMLSimpleApplication@1da7a124
----------------- Done invoking toplevel() on ptolemy.moml.MoMLSimpleApplication@1da7a124
reloadAllAccessors: .PublisherSubscriber7

===========================================================================================
----------------- testing Sun Dec 15 06:26:08 UTC 2019 /home/travis/build/icyphy/ptII/ptolemy/actor/lib/test/auto/PublisherSubscriber8.xml
----------------- Instantiating /home/travis/build/icyphy/ptII/ptolemy/actor/lib/test/auto/PublisherSubscriber8.xml
20 ms. Memory: 483328K Free: 312415K (65%)
----------------- Invoking toplevel() on ptolemy.moml.MoMLSimpleApplication@1fef2a79
----------------- Done invoking toplevel() on ptolemy.moml.MoMLSimpleApplication@1fef2a79
reloadAllAccessors: .PublisherSubscriber8

===========================================================================================
----------------- testing Sun Dec 15 06:26:08 UTC 2019 /home/travis/build/icyphy/ptII/ptolemy/actor/lib/test/auto/PublisherSubscriber9.xml
----------------- Instantiating /home/travis/build/icyphy/ptII/ptolemy/actor/lib/test/auto/PublisherSubscriber9.xml
3 ms. Memory: 483328K Free: 304737K (63%)
----------------- Invoking toplevel() on ptolemy.moml.MoMLSimpleApplication@2380b72
----------------- Done invoking toplevel() on ptolemy.moml.MoMLSimpleApplication@2380b72
reloadAllAccessors: .PublisherSubscriber9

===========================================================================================
----------------- testing Sun Dec 15 06:26:08 UTC 2019 /home/travis/build/icyphy/ptII/ptolemy/actor/lib/test/auto/PublisherSubscriberAdjacent.xml
----------------- Instantiating /home/travis/build/icyphy/ptII/ptolemy/actor/lib/test/auto/PublisherSubscriberAdjacent.xml
2 ms. Memory: 483328K Free: 296545K (61%)
----------------- Invoking toplevel() on ptolemy.moml.MoMLSimpleApplication@1cd529a8
----------------- Done invoking toplevel() on ptolemy.moml.MoMLSimpleApplication@1cd529a8
reloadAllAccessors: .PublisherSubscriberAdjacent

===========================================================================================
----------------- testing Sun Dec 15 06:26:08 UTC 2019 /home/travis/build/icyphy/ptII/ptolemy/actor/lib/test/auto/PublisherSubscriberChannelVariablesAOC2.xml
----------------- Instantiating /home/travis/build/icyphy/ptII/ptolemy/actor/lib/test/auto/PublisherSubscriberChannelVariablesAOC2.xml
6 ms. Memory: 483328K Free: 281185K (58%)
----------------- Invoking toplevel() on ptolemy.moml.MoMLSimpleApplication@474e0010
----------------- Done invoking toplevel() on ptolemy.moml.MoMLSimpleApplication@474e0010
reloadAllAccessors: .PublisherSubscriberChannelVariablesAOC2

===========================================================================================
----------------- testing Sun Dec 15 06:26:08 UTC 2019 /home/travis/build/icyphy/ptII/ptolemy/actor/lib/test/auto/PublisherSubscriberD3.xml
----------------- Instantiating /home/travis/build/icyphy/ptII/ptolemy/actor/lib/test/auto/PublisherSubscriberD3.xml
1 ms. Memory: 483328K Free: 274017K (57%)
----------------- Invoking toplevel() on ptolemy.moml.MoMLSimpleApplication@5f4181c6
----------------- Done invoking toplevel() on ptolemy.moml.MoMLSimpleApplication@5f4181c6
reloadAllAccessors: .PublisherSubscriberD3

===========================================================================================
----------------- testing Sun Dec 15 06:26:08 UTC 2019 /home/travis/build/icyphy/ptII/ptolemy/actor/lib/test/auto/PublisherSubscriberD3Reverse.xml
----------------- Instantiating /home/travis/build/icyphy/ptII/ptolemy/actor/lib/test/auto/PublisherSubscriberD3Reverse.xml
1 ms. Memory: 483328K Free: 267873K (55%)
----------------- Invoking toplevel() on ptolemy.moml.MoMLSimpleApplication@8ae047c
----------------- Done invoking toplevel() on ptolemy.moml.MoMLSimpleApplication@8ae047c
reloadAllAccessors: .PublisherSubscriberD3Reverse

===========================================================================================
----------------- testing Sun Dec 15 06:26:08 UTC 2019 /home/travis/build/icyphy/ptII/ptolemy/actor/lib/test/auto/PublisherSubscriberExpression.xml
----------------- Instantiating /home/travis/build/icyphy/ptII/ptolemy/actor/lib/test/auto/PublisherSubscriberExpression.xml
4 ms. Memory: 483328K Free: 259137K (54%)
----------------- Invoking toplevel() on ptolemy.moml.MoMLSimpleApplication@3e8b5ab2
----------------- Done invoking toplevel() on ptolemy.moml.MoMLSimpleApplication@3e8b5ab2
reloadAllAccessors: .PublisherSubscriberExpression

===========================================================================================
----------------- testing Sun Dec 15 06:26:08 UTC 2019 /home/travis/build/icyphy/ptII/ptolemy/actor/lib/test/auto/PublisherSubscriberOpaque.xml
----------------- Instantiating /home/travis/build/icyphy/ptII/ptolemy/actor/lib/test/auto/PublisherSubscriberOpaque.xml
3 ms. Memory: 483328K Free: 250975K (52%)
----------------- Invoking toplevel() on ptolemy.moml.MoMLSimpleApplication@f9e2cad
----------------- Done invoking toplevel() on ptolemy.moml.MoMLSimpleApplication@f9e2cad
reloadAllAccessors: .PublisherSubscriberOpaque

===========================================================================================
----------------- testing Sun Dec 15 06:26:08 UTC 2019 /home/travis/build/icyphy/ptII/ptolemy/actor/lib/test/auto/PublisherSubscriberOpaqueD3.xml
----------------- Instantiating /home/travis/build/icyphy/ptII/ptolemy/actor/lib/test/auto/PublisherSubscriberOpaqueD3.xml
4 ms. Memory: 483328K Free: 239201K (49%)
----------------- Invoking toplevel() on ptolemy.moml.MoMLSimpleApplication@3bf0d0c6
----------------- Done invoking toplevel() on ptolemy.moml.MoMLSimpleApplication@3bf0d0c6
reloadAllAccessors: .PublisherSubscriberOpaqueD3

===========================================================================================
----------------- testing Sun Dec 15 06:26:08 UTC 2019 /home/travis/build/icyphy/ptII/ptolemy/actor/lib/test/auto/PublisherSubscriberOpaqueD3Reverse.xml
----------------- Instantiating /home/travis/build/icyphy/ptII/ptolemy/actor/lib/test/auto/PublisherSubscriberOpaqueD3Reverse.xml
7 ms. Memory: 483328K Free: 228447K (47%)
----------------- Invoking toplevel() on ptolemy.moml.MoMLSimpleApplication@2099b05b
----------------- Done invoking toplevel() on ptolemy.moml.MoMLSimpleApplication@2099b05b
reloadAllAccessors: .PublisherSubscriberOpaqueD3Reverse

===========================================================================================
----------------- testing Sun Dec 15 06:26:08 UTC 2019 /home/travis/build/icyphy/ptII/ptolemy/actor/lib/test/auto/PublisherSubscriberOpaqueWidthInference.xml
----------------- Instantiating /home/travis/build/icyphy/ptII/ptolemy/actor/lib/test/auto/PublisherSubscriberOpaqueWidthInference.xml
5 ms. Memory: 483328K Free: 220241K (46%)
----------------- Invoking toplevel() on ptolemy.moml.MoMLSimpleApplication@6c394a6d
----------------- Done invoking toplevel() on ptolemy.moml.MoMLSimpleApplication@6c394a6d
reloadAllAccessors: .PublisherSubscriberOpaqueWidthInference

===========================================================================================
----------------- testing Sun Dec 15 06:26:08 UTC 2019 /home/travis/build/icyphy/ptII/ptolemy/actor/lib/test/auto/PublisherTestSubscriber.xml
----------------- Instantiating /home/travis/build/icyphy/ptII/ptolemy/actor/lib/test/auto/PublisherTestSubscriber.xml
3 ms. Memory: 483328K Free: 212577K (44%)
----------------- Invoking toplevel() on ptolemy.moml.MoMLSimpleApplication@7de82e16
----------------- Done invoking toplevel() on ptolemy.moml.MoMLSimpleApplication@7de82e16
reloadAllAccessors: .PublisherTestSubscriber

===========================================================================================
----------------- testing Sun Dec 15 06:26:08 UTC 2019 /home/travis/build/icyphy/ptII/ptolemy/actor/lib/test/auto/PublisherToplevelSubscriberPortAOC.xml
----------------- Instantiating /home/travis/build/icyphy/ptII/ptolemy/actor/lib/test/auto/PublisherToplevelSubscriberPortAOC.xml
2 ms. Memory: 483328K Free: 205889K (43%)
----------------- Invoking toplevel() on ptolemy.moml.MoMLSimpleApplication@603b26b5
----------------- Done invoking toplevel() on ptolemy.moml.MoMLSimpleApplication@603b26b5
reloadAllAccessors: .PublisherToplevelSubscriberPortAOC

===========================================================================================
----------------- testing Sun Dec 15 06:26:08 UTC 2019 /home/travis/build/icyphy/ptII/ptolemy/actor/lib/test/auto/PulseFiringLimitDE.xml
----------------- Instantiating /home/travis/build/icyphy/ptII/ptolemy/actor/lib/test/auto/PulseFiringLimitDE.xml
2 ms. Memory: 483328K Free: 199265K (41%)
----------------- Invoking toplevel() on ptolemy.moml.MoMLSimpleApplication@7fa2b0d6
----------------- Done invoking toplevel() on ptolemy.moml.MoMLSimpleApplication@7fa2b0d6
reloadAllAccessors: .PulseFiringLimitDE

===========================================================================================
----------------- testing Sun Dec 15 06:26:08 UTC 2019 /home/travis/build/icyphy/ptII/ptolemy/actor/lib/test/auto/Ramp1.xml
----------------- Instantiating /home/travis/build/icyphy/ptII/ptolemy/actor/lib/test/auto/Ramp1.xml
1 ms. Memory: 483328K Free: 195169K (40%)
----------------- Invoking toplevel() on ptolemy.moml.MoMLSimpleApplication@53ac5fdc
----------------- Done invoking toplevel() on ptolemy.moml.MoMLSimpleApplication@53ac5fdc
reloadAllAccessors: .Ramp1

===========================================================================================
----------------- testing Sun Dec 15 06:26:08 UTC 2019 /home/travis/build/icyphy/ptII/ptolemy/actor/lib/test/auto/RampFiringLimitDE.xml
----------------- Instantiating /home/travis/build/icyphy/ptII/ptolemy/actor/lib/test/auto/RampFiringLimitDE.xml
2 ms. Memory: 483328K Free: 189025K (39%)
----------------- Invoking toplevel() on ptolemy.moml.MoMLSimpleApplication@449a6a2a
----------------- Done invoking toplevel() on ptolemy.moml.MoMLSimpleApplication@449a6a2a
reloadAllAccessors: .RampFiringLimitDE

===========================================================================================
----------------- testing Sun Dec 15 06:26:08 UTC 2019 /home/travis/build/icyphy/ptII/ptolemy/actor/lib/test/auto/RampFiringLimitSDF.xml
----------------- Instantiating /home/travis/build/icyphy/ptII/ptolemy/actor/lib/test/auto/RampFiringLimitSDF.xml
2 ms. Memory: 483328K Free: 183905K (38%)
----------------- Invoking toplevel() on ptolemy.moml.MoMLSimpleApplication@e4ee163
----------------- Done invoking toplevel() on ptolemy.moml.MoMLSimpleApplication@e4ee163
reloadAllAccessors: .RampFiringLimitSDF

===========================================================================================
----------------- testing Sun Dec 15 06:26:08 UTC 2019 /home/travis/build/icyphy/ptII/ptolemy/actor/lib/test/auto/RandomInteger.xml
----------------- Instantiating /home/travis/build/icyphy/ptII/ptolemy/actor/lib/test/auto/RandomInteger.xml
1 ms. Memory: 483328K Free: 179809K (37%)
----------------- Invoking toplevel() on ptolemy.moml.MoMLSimpleApplication@535b9ef5
----------------- Done invoking toplevel() on ptolemy.moml.MoMLSimpleApplication@535b9ef5
reloadAllAccessors: .RandomInteger

===========================================================================================
----------------- testing Sun Dec 15 06:26:08 UTC 2019 /home/travis/build/icyphy/ptII/ptolemy/actor/lib/test/auto/ReadFile1.xml
----------------- Instantiating /home/travis/build/icyphy/ptII/ptolemy/actor/lib/test/auto/ReadFile1.xml
1 ms. Memory: 483328K Free: 175193K (36%)
----------------- Invoking toplevel() on ptolemy.moml.MoMLSimpleApplication@5fe46d35
----------------- Done invoking toplevel() on ptolemy.moml.MoMLSimpleApplication@5fe46d35
reloadAllAccessors: .ReadFile1

===========================================================================================
----------------- testing Sun Dec 15 06:26:08 UTC 2019 /home/travis/build/icyphy/ptII/ptolemy/actor/lib/test/auto/ReadFile2.xml
----------------- Instantiating /home/travis/build/icyphy/ptII/ptolemy/actor/lib/test/auto/ReadFile2.xml
1 ms. Memory: 483328K Free: 171103K (35%)
----------------- Invoking toplevel() on ptolemy.moml.MoMLSimpleApplication@28bac987
----------------- Done invoking toplevel() on ptolemy.moml.MoMLSimpleApplication@28bac987
reloadAllAccessors: .ReadFile2

===========================================================================================
----------------- testing Sun Dec 15 06:26:08 UTC 2019 /home/travis/build/icyphy/ptII/ptolemy/actor/lib/test/auto/Reader.xml
----------------- Instantiating /home/travis/build/icyphy/ptII/ptolemy/actor/lib/test/auto/Reader.xml
actor.lib.Reader is obsolete, use actor.lib.io.ExpressionReader instead
4 ms. Memory: 483328K Free: 167007K (35%)
----------------- Invoking toplevel() on ptolemy.moml.MoMLSimpleApplication@657bc980
----------------- Done invoking toplevel() on ptolemy.moml.MoMLSimpleApplication@657bc980
reloadAllAccessors: .Reader

===========================================================================================
----------------- testing Sun Dec 15 06:26:08 UTC 2019 /home/travis/build/icyphy/ptII/ptolemy/actor/lib/test/auto/RecordAssemblerDisplayNameTest.xml
----------------- Instantiating /home/travis/build/icyphy/ptII/ptolemy/actor/lib/test/auto/RecordAssemblerDisplayNameTest.xml
3632 ms. Memory: 483328K Free: 371266K (77%)
----------------- Invoking toplevel() on ptolemy.moml.MoMLSimpleApplication@3a5f6ac2
----------------- Done invoking toplevel() on ptolemy.moml.MoMLSimpleApplication@3a5f6ac2
reloadAllAccessors: .RecordAssemblerDisplayNameTest

===========================================================================================
----------------- testing Sun Dec 15 06:26:12 UTC 2019 /home/travis/build/icyphy/ptII/ptolemy/actor/lib/test/auto/RecordAssemblerTypeError.xml
----------------- Instantiating /home/travis/build/icyphy/ptII/ptolemy/actor/lib/test/auto/RecordAssemblerTypeError.xml
20 ms. Memory: 483328K Free: 361536K (75%)
----------------- Invoking toplevel() on ptolemy.moml.MoMLSimpleApplication@1f57761e
----------------- Done invoking toplevel() on ptolemy.moml.MoMLSimpleApplication@1f57761e
reloadAllAccessors: .RecordAssemblerTypeError

===========================================================================================
----------------- testing Sun Dec 15 06:26:12 UTC 2019 /home/travis/build/icyphy/ptII/ptolemy/actor/lib/test/auto/RecordDisassember.xml
----------------- Instantiating /home/travis/build/icyphy/ptII/ptolemy/actor/lib/test/auto/RecordDisassember.xml
3 ms. Memory: 483328K Free: 356930K (74%)
----------------- Invoking toplevel() on ptolemy.moml.MoMLSimpleApplication@5b693474
----------------- Done invoking toplevel() on ptolemy.moml.MoMLSimpleApplication@5b693474
reloadAllAccessors: .RecordDisassember

===========================================================================================
----------------- testing Sun Dec 15 06:26:12 UTC 2019 /home/travis/build/icyphy/ptII/ptolemy/actor/lib/test/auto/RecordDisassemberDisplayNameTest.xml
----------------- Instantiating /home/travis/build/icyphy/ptII/ptolemy/actor/lib/test/auto/RecordDisassemberDisplayNameTest.xml
10 ms. Memory: 483328K Free: 349248K (72%)
----------------- Invoking toplevel() on ptolemy.moml.MoMLSimpleApplication@6af3693c
----------------- Done invoking toplevel() on ptolemy.moml.MoMLSimpleApplication@6af3693c
reloadAllAccessors: .RecordDisassemberDisplayNameTest

===========================================================================================
----------------- testing Sun Dec 15 06:26:12 UTC 2019 /home/travis/build/icyphy/ptII/ptolemy/actor/lib/test/auto/RecordDisassembler.xml
----------------- Instantiating /home/travis/build/icyphy/ptII/ptolemy/actor/lib/test/auto/RecordDisassembler.xml
3 ms. Memory: 483328K Free: 344122K (71%)
----------------- Invoking toplevel() on ptolemy.moml.MoMLSimpleApplication@3e84dc8c
----------------- Done invoking toplevel() on ptolemy.moml.MoMLSimpleApplication@3e84dc8c
reloadAllAccessors: .RecordDisassembler

===========================================================================================
----------------- testing Sun Dec 15 06:26:12 UTC 2019 /home/travis/build/icyphy/ptII/ptolemy/actor/lib/test/auto/RecordDisassembler2.xml
----------------- Instantiating /home/travis/build/icyphy/ptII/ptolemy/actor/lib/test/auto/RecordDisassembler2.xml
3 ms. Memory: 483328K Free: 338978K (70%)
----------------- Invoking toplevel() on ptolemy.moml.MoMLSimpleApplication@13d27d02
----------------- Done invoking toplevel() on ptolemy.moml.MoMLSimpleApplication@13d27d02
reloadAllAccessors: .RecordDisassembler2

===========================================================================================
----------------- testing Sun Dec 15 06:26:12 UTC 2019 /home/travis/build/icyphy/ptII/ptolemy/actor/lib/test/auto/RecordUpdater.xml
----------------- Instantiating /home/travis/build/icyphy/ptII/ptolemy/actor/lib/test/auto/RecordUpdater.xml
1 ms. Memory: 483328K Free: 334402K (69%)
----------------- Invoking toplevel() on ptolemy.moml.MoMLSimpleApplication@3ef2f766
----------------- Done invoking toplevel() on ptolemy.moml.MoMLSimpleApplication@3ef2f766
reloadAllAccessors: .RecordUpdater

===========================================================================================
----------------- testing Sun Dec 15 06:26:12 UTC 2019 /home/travis/build/icyphy/ptII/ptolemy/actor/lib/test/auto/RecordUpdater2.xml
----------------- Instantiating /home/travis/build/icyphy/ptII/ptolemy/actor/lib/test/auto/RecordUpdater2.xml
3 ms. Memory: 483328K Free: 329792K (68%)
----------------- Invoking toplevel() on ptolemy.moml.MoMLSimpleApplication@74db020a
----------------- Done invoking toplevel() on ptolemy.moml.MoMLSimpleApplication@74db020a
reloadAllAccessors: .RecordUpdater2

===========================================================================================
----------------- testing Sun Dec 15 06:26:12 UTC 2019 /home/travis/build/icyphy/ptII/ptolemy/actor/lib/test/auto/RecursiveLattice.xml
----------------- Instantiating /home/travis/build/icyphy/ptII/ptolemy/actor/lib/test/auto/RecursiveLattice.xml
1 ms. Memory: 483328K Free: 325696K (67%)
----------------- Invoking toplevel() on ptolemy.moml.MoMLSimpleApplication@58c5d98c
----------------- Done invoking toplevel() on ptolemy.moml.MoMLSimpleApplication@58c5d98c
reloadAllAccessors: .RecursiveLattice

===========================================================================================
----------------- testing Sun Dec 15 06:26:12 UTC 2019 /home/travis/build/icyphy/ptII/ptolemy/actor/lib/test/auto/Router.xml
----------------- Instantiating /home/travis/build/icyphy/ptII/ptolemy/actor/lib/test/auto/Router.xml
3005 ms. Memory: 483328K Free: 314946K (65%)
----------------- Invoking toplevel() on ptolemy.moml.MoMLSimpleApplication@6343745b
----------------- Done invoking toplevel() on ptolemy.moml.MoMLSimpleApplication@6343745b
reloadAllAccessors: .Router

===========================================================================================
----------------- testing Sun Dec 15 06:26:15 UTC 2019 /home/travis/build/icyphy/ptII/ptolemy/actor/lib/test/auto/Router2.xml
----------------- Instantiating /home/travis/build/icyphy/ptII/ptolemy/actor/lib/test/auto/Router2.xml
3004 ms. Memory: 483328K Free: 304706K (63%)
----------------- Invoking toplevel() on ptolemy.moml.MoMLSimpleApplication@69800f8b
----------------- Done invoking toplevel() on ptolemy.moml.MoMLSimpleApplication@69800f8b
reloadAllAccessors: .Router2

===========================================================================================
----------------- testing Sun Dec 15 06:26:18 UTC 2019 /home/travis/build/icyphy/ptII/ptolemy/actor/lib/test/auto/RunningMaximum.xml
----------------- Instantiating /home/travis/build/icyphy/ptII/ptolemy/actor/lib/test/auto/RunningMaximum.xml
3 ms. Memory: 483328K Free: 299586K (62%)
----------------- Invoking toplevel() on ptolemy.moml.MoMLSimpleApplication@19c1ff24
----------------- Done invoking toplevel() on ptolemy.moml.MoMLSimpleApplication@19c1ff24
reloadAllAccessors: .RunningMaximum

===========================================================================================
----------------- testing Sun Dec 15 06:26:18 UTC 2019 /home/travis/build/icyphy/ptII/ptolemy/actor/lib/test/auto/RunningMinimum.xml
----------------- Instantiating /home/travis/build/icyphy/ptII/ptolemy/actor/lib/test/auto/RunningMinimum.xml
9 ms. Memory: 483328K Free: 294976K (61%)
----------------- Invoking toplevel() on ptolemy.moml.MoMLSimpleApplication@7537122c
----------------- Done invoking toplevel() on ptolemy.moml.MoMLSimpleApplication@7537122c
reloadAllAccessors: .RunningMinimum

===========================================================================================
----------------- testing Sun Dec 15 06:26:18 UTC 2019 /home/travis/build/icyphy/ptII/ptolemy/actor/lib/test/auto/Scale.xml
----------------- Instantiating /home/travis/build/icyphy/ptII/ptolemy/actor/lib/test/auto/Scale.xml
2 ms. Memory: 483328K Free: 290370K (60%)
----------------- Invoking toplevel() on ptolemy.moml.MoMLSimpleApplication@607e4928
----------------- Done invoking toplevel() on ptolemy.moml.MoMLSimpleApplication@607e4928
reloadAllAccessors: .Scale

===========================================================================================
----------------- testing Sun Dec 15 06:26:18 UTC 2019 /home/travis/build/icyphy/ptII/ptolemy/actor/lib/test/auto/Scale2.xml
----------------- Instantiating /home/travis/build/icyphy/ptII/ptolemy/actor/lib/test/auto/Scale2.xml
2 ms. Memory: 483328K Free: 285760K (59%)
----------------- Invoking toplevel() on ptolemy.moml.MoMLSimpleApplication@73c6cb60
----------------- Done invoking toplevel() on ptolemy.moml.MoMLSimpleApplication@73c6cb60
reloadAllAccessors: .Scale2

===========================================================================================
----------------- testing Sun Dec 15 06:26:18 UTC 2019 /home/travis/build/icyphy/ptII/ptolemy/actor/lib/test/auto/Scale3.xml
----------------- Instantiating /home/travis/build/icyphy/ptII/ptolemy/actor/lib/test/auto/Scale3.xml
7 ms. Memory: 483328K Free: 279616K (58%)
----------------- Invoking toplevel() on ptolemy.moml.MoMLSimpleApplication@3d400e20
----------------- Done invoking toplevel() on ptolemy.moml.MoMLSimpleApplication@3d400e20
reloadAllAccessors: .Scale3

===========================================================================================
----------------- testing Sun Dec 15 06:26:18 UTC 2019 /home/travis/build/icyphy/ptII/ptolemy/actor/lib/test/auto/ScaleArray.xml
----------------- Instantiating /home/travis/build/icyphy/ptII/ptolemy/actor/lib/test/auto/ScaleArray.xml
3 ms. Memory: 483328K Free: 275010K (57%)
----------------- Invoking toplevel() on ptolemy.moml.MoMLSimpleApplication@4c471852
----------------- Done invoking toplevel() on ptolemy.moml.MoMLSimpleApplication@4c471852
reloadAllAccessors: .ScaleArray

===========================================================================================
----------------- testing Sun Dec 15 06:26:18 UTC 2019 /home/travis/build/icyphy/ptII/ptolemy/actor/lib/test/auto/ScaleArray2.xml
----------------- Instantiating /home/travis/build/icyphy/ptII/ptolemy/actor/lib/test/auto/ScaleArray2.xml
2 ms. Memory: 483328K Free: 270400K (56%)
----------------- Invoking toplevel() on ptolemy.moml.MoMLSimpleApplication@7ba8c1c3
----------------- Done invoking toplevel() on ptolemy.moml.MoMLSimpleApplication@7ba8c1c3
reloadAllAccessors: .ScaleArray2

===========================================================================================
----------------- testing Sun Dec 15 06:26:19 UTC 2019 /home/travis/build/icyphy/ptII/ptolemy/actor/lib/test/auto/ScaleMatrix.xml
----------------- Instantiating /home/travis/build/icyphy/ptII/ptolemy/actor/lib/test/auto/ScaleMatrix.xml
181 ms. Memory: 483328K Free: 255554K (53%)
----------------- Invoking toplevel() on ptolemy.moml.MoMLSimpleApplication@1c88e1c4
----------------- Done invoking toplevel() on ptolemy.moml.MoMLSimpleApplication@1c88e1c4
reloadAllAccessors: .ScaleMatrix

===========================================================================================
----------------- testing Sun Dec 15 06:26:19 UTC 2019 /home/travis/build/icyphy/ptII/ptolemy/actor/lib/test/auto/Select.xml
----------------- Instantiating /home/travis/build/icyphy/ptII/ptolemy/actor/lib/test/auto/Select.xml
3 ms. Memory: 483328K Free: 249410K (52%)
----------------- Invoking toplevel() on ptolemy.moml.MoMLSimpleApplication@353b6833
----------------- Done invoking toplevel() on ptolemy.moml.MoMLSimpleApplication@353b6833
reloadAllAccessors: .Select

===========================================================================================
----------------- testing Sun Dec 15 06:26:19 UTC 2019 /home/travis/build/icyphy/ptII/ptolemy/actor/lib/test/auto/Select2.xml
----------------- Instantiating /home/travis/build/icyphy/ptII/ptolemy/actor/lib/test/auto/Select2.xml
1 ms. Memory: 483328K Free: 244800K (51%)
----------------- Invoking toplevel() on ptolemy.moml.MoMLSimpleApplication@1f9212a6
----------------- Done invoking toplevel() on ptolemy.moml.MoMLSimpleApplication@1f9212a6
reloadAllAccessors: .Select2

===========================================================================================
----------------- testing Sun Dec 15 06:26:19 UTC 2019 /home/travis/build/icyphy/ptII/ptolemy/actor/lib/test/auto/SequenceToArray2.xml
----------------- Instantiating /home/travis/build/icyphy/ptII/ptolemy/actor/lib/test/auto/SequenceToArray2.xml
116 ms. Memory: 483328K Free: 220210K (46%)
----------------- Invoking toplevel() on ptolemy.moml.MoMLSimpleApplication@68acd496
----------------- Done invoking toplevel() on ptolemy.moml.MoMLSimpleApplication@68acd496
reloadAllAccessors: .SequenceToArray2

===========================================================================================
----------------- testing Sun Dec 15 06:26:19 UTC 2019 /home/travis/build/icyphy/ptII/ptolemy/actor/lib/test/auto/SequentialClock.xml
----------------- Instantiating /home/travis/build/icyphy/ptII/ptolemy/actor/lib/test/auto/SequentialClock.xml
1 ms. Memory: 483328K Free: 216128K (45%)
----------------- Invoking toplevel() on ptolemy.moml.MoMLSimpleApplication@438b1a59
----------------- Done invoking toplevel() on ptolemy.moml.MoMLSimpleApplication@438b1a59
reloadAllAccessors: .SequentialClock

===========================================================================================
----------------- testing Sun Dec 15 06:26:19 UTC 2019 /home/travis/build/icyphy/ptII/ptolemy/actor/lib/test/auto/SetVariable.xml
----------------- Instantiating /home/travis/build/icyphy/ptII/ptolemy/actor/lib/test/auto/SetVariable.xml
3 ms. Memory: 483328K Free: 211522K (44%)
----------------- Invoking toplevel() on ptolemy.moml.MoMLSimpleApplication@69ab268e
----------------- Done invoking toplevel() on ptolemy.moml.MoMLSimpleApplication@69ab268e
reloadAllAccessors: .SetVariable

===========================================================================================
----------------- testing Sun Dec 15 06:26:19 UTC 2019 /home/travis/build/icyphy/ptII/ptolemy/actor/lib/test/auto/SetVariable2.xml
----------------- Instantiating /home/travis/build/icyphy/ptII/ptolemy/actor/lib/test/auto/SetVariable2.xml
3 ms. Memory: 483328K Free: 206402K (43%)
----------------- Invoking toplevel() on ptolemy.moml.MoMLSimpleApplication@514ce29c
----------------- Done invoking toplevel() on ptolemy.moml.MoMLSimpleApplication@514ce29c
reloadAllAccessors: .SetVariable2

===========================================================================================
----------------- testing Sun Dec 15 06:26:19 UTC 2019 /home/travis/build/icyphy/ptII/ptolemy/actor/lib/test/auto/SetVariable3.xml
----------------- Instantiating /home/travis/build/icyphy/ptII/ptolemy/actor/lib/test/auto/SetVariable3.xml
7 ms. Memory: 483328K Free: 200768K (42%)
----------------- Invoking toplevel() on ptolemy.moml.MoMLSimpleApplication@63881bb9
----------------- Done invoking toplevel() on ptolemy.moml.MoMLSimpleApplication@63881bb9
reloadAllAccessors: .SetVariable3

===========================================================================================
----------------- testing Sun Dec 15 06:26:19 UTC 2019 /home/travis/build/icyphy/ptII/ptolemy/actor/lib/test/auto/SetVariable4.xml
----------------- Instantiating /home/travis/build/icyphy/ptII/ptolemy/actor/lib/test/auto/SetVariable4.xml
16 ms. Memory: 483328K Free: 191552K (40%)
----------------- Invoking toplevel() on ptolemy.moml.MoMLSimpleApplication@4426b28
----------------- Done invoking toplevel() on ptolemy.moml.MoMLSimpleApplication@4426b28
reloadAllAccessors: .SetVariable4

===========================================================================================
----------------- testing Sun Dec 15 06:26:19 UTC 2019 /home/travis/build/icyphy/ptII/ptolemy/actor/lib/test/auto/SetVariable5.xml
----------------- Instantiating /home/travis/build/icyphy/ptII/ptolemy/actor/lib/test/auto/SetVariable5.xml
22 ms. Memory: 483328K Free: 182336K (38%)
----------------- Invoking toplevel() on ptolemy.moml.MoMLSimpleApplication@230d51b7
----------------- Done invoking toplevel() on ptolemy.moml.MoMLSimpleApplication@230d51b7
reloadAllAccessors: .SetVariable5

===========================================================================================
----------------- testing Sun Dec 15 06:26:19 UTC 2019 /home/travis/build/icyphy/ptII/ptolemy/actor/lib/test/auto/Sinewave.xml
----------------- Instantiating /home/travis/build/icyphy/ptII/ptolemy/actor/lib/test/auto/Sinewave.xml
5 ms. Memory: 483328K Free: 172096K (36%)
----------------- Invoking toplevel() on ptolemy.moml.MoMLSimpleApplication@475f9251
----------------- Done invoking toplevel() on ptolemy.moml.MoMLSimpleApplication@475f9251
reloadAllAccessors: .Sinewave

===========================================================================================
----------------- testing Sun Dec 15 06:26:19 UTC 2019 /home/travis/build/icyphy/ptII/ptolemy/actor/lib/test/auto/Sinewave2.xml
----------------- Instantiating /home/travis/build/icyphy/ptII/ptolemy/actor/lib/test/auto/Sinewave2.xml
7 ms. Memory: 483328K Free: 163890K (34%)
----------------- Invoking toplevel() on ptolemy.moml.MoMLSimpleApplication@39d7899a
----------------- Done invoking toplevel() on ptolemy.moml.MoMLSimpleApplication@39d7899a
reloadAllAccessors: .Sinewave2

===========================================================================================
----------------- testing Sun Dec 15 06:26:19 UTC 2019 /home/travis/build/icyphy/ptII/ptolemy/actor/lib/test/auto/Sinewave3.xml
----------------- Instantiating /home/travis/build/icyphy/ptII/ptolemy/actor/lib/test/auto/Sinewave3.xml
8 ms. Memory: 483328K Free: 155682K (32%)
----------------- Invoking toplevel() on ptolemy.moml.MoMLSimpleApplication@6dd76a24
----------------- Done invoking toplevel() on ptolemy.moml.MoMLSimpleApplication@6dd76a24
reloadAllAccessors: .Sinewave3

===========================================================================================
----------------- testing Sun Dec 15 06:26:19 UTC 2019 /home/travis/build/icyphy/ptII/ptolemy/actor/lib/test/auto/SingleEvent.xml
----------------- Instantiating /home/travis/build/icyphy/ptII/ptolemy/actor/lib/test/auto/SingleEvent.xml
2 ms. Memory: 483328K Free: 151616K (31%)
----------------- Invoking toplevel() on ptolemy.moml.MoMLSimpleApplication@4fb8a802
----------------- Done invoking toplevel() on ptolemy.moml.MoMLSimpleApplication@4fb8a802
reloadAllAccessors: .SingleEvent

===========================================================================================
----------------- testing Sun Dec 15 06:26:19 UTC 2019 /home/travis/build/icyphy/ptII/ptolemy/actor/lib/test/auto/Sleep.xml
----------------- Instantiating /home/travis/build/icyphy/ptII/ptolemy/actor/lib/test/auto/Sleep.xml
6003 ms. Memory: 483328K Free: 431422K (89%)
----------------- Invoking toplevel() on ptolemy.moml.MoMLSimpleApplication@2382e05e
----------------- Done invoking toplevel() on ptolemy.moml.MoMLSimpleApplication@2382e05e
reloadAllAccessors: .Sleep

===========================================================================================
----------------- testing Sun Dec 15 06:26:25 UTC 2019 /home/travis/build/icyphy/ptII/ptolemy/actor/lib/test/auto/SleepMultipleFire.xml
----------------- Instantiating /home/travis/build/icyphy/ptII/ptolemy/actor/lib/test/auto/SleepMultipleFire.xml
1004 ms. Memory: 483328K Free: 425278K (88%)
----------------- Invoking toplevel() on ptolemy.moml.MoMLSimpleApplication@7b594976
----------------- Done invoking toplevel() on ptolemy.moml.MoMLSimpleApplication@7b594976
reloadAllAccessors: .SleepMultipleFire

===========================================================================================
----------------- testing Sun Dec 15 06:26:26 UTC 2019 /home/travis/build/icyphy/ptII/ptolemy/actor/lib/test/auto/StopDE.xml
----------------- Instantiating /home/travis/build/icyphy/ptII/ptolemy/actor/lib/test/auto/StopDE.xml
4 ms. Memory: 483328K Free: 419644K (87%)
----------------- Invoking toplevel() on ptolemy.moml.MoMLSimpleApplication@182d02ea
----------------- Done invoking toplevel() on ptolemy.moml.MoMLSimpleApplication@182d02ea
reloadAllAccessors: .StopDE

===========================================================================================
----------------- testing Sun Dec 15 06:26:26 UTC 2019 /home/travis/build/icyphy/ptII/ptolemy/actor/lib/test/auto/StopSDF.xml
----------------- Instantiating /home/travis/build/icyphy/ptII/ptolemy/actor/lib/test/auto/StopSDF.xml
4 ms. Memory: 483328K Free: 414524K (86%)
----------------- Invoking toplevel() on ptolemy.moml.MoMLSimpleApplication@488e7d20
----------------- Done invoking toplevel() on ptolemy.moml.MoMLSimpleApplication@488e7d20
reloadAllAccessors: .StopSDF

===========================================================================================
----------------- testing Sun Dec 15 06:26:26 UTC 2019 /home/travis/build/icyphy/ptII/ptolemy/actor/lib/test/auto/StringConstant.xml
----------------- Instantiating /home/travis/build/icyphy/ptII/ptolemy/actor/lib/test/auto/StringConstant.xml
12 ms. Memory: 483328K Free: 409916K (85%)
----------------- Invoking toplevel() on ptolemy.moml.MoMLSimpleApplication@330f33f3
----------------- Done invoking toplevel() on ptolemy.moml.MoMLSimpleApplication@330f33f3
reloadAllAccessors: .StringConstant

===========================================================================================
----------------- testing Sun Dec 15 06:26:26 UTC 2019 /home/travis/build/icyphy/ptII/ptolemy/actor/lib/test/auto/SubscriberPortInitialValues1.xml
----------------- Instantiating /home/travis/build/icyphy/ptII/ptolemy/actor/lib/test/auto/SubscriberPortInitialValues1.xml
7 ms. Memory: 483328K Free: 401212K (83%)
----------------- Invoking toplevel() on ptolemy.moml.MoMLSimpleApplication@5330cee8
----------------- Done invoking toplevel() on ptolemy.moml.MoMLSimpleApplication@5330cee8
reloadAllAccessors: .SubscriberPortInitialValues1

===========================================================================================
----------------- testing Sun Dec 15 06:26:26 UTC 2019 /home/travis/build/icyphy/ptII/ptolemy/actor/lib/test/auto/SubscriberPortInitialValues13.xml
----------------- Instantiating /home/travis/build/icyphy/ptII/ptolemy/actor/lib/test/auto/SubscriberPortInitialValues13.xml
5 ms. Memory: 483328K Free: 388414K (80%)
----------------- Invoking toplevel() on ptolemy.moml.MoMLSimpleApplication@7d29a8c3
----------------- Done invoking toplevel() on ptolemy.moml.MoMLSimpleApplication@7d29a8c3
reloadAllAccessors: .SubscriberPortInitialValues13

===========================================================================================
----------------- testing Sun Dec 15 06:26:26 UTC 2019 /home/travis/build/icyphy/ptII/ptolemy/actor/lib/test/auto/SubscriberPortInitialValues14.xml
----------------- Instantiating /home/travis/build/icyphy/ptII/ptolemy/actor/lib/test/auto/SubscriberPortInitialValues14.xml
4 ms. Memory: 483328K Free: 380732K (79%)
----------------- Invoking toplevel() on ptolemy.moml.MoMLSimpleApplication@781f0265
----------------- Done invoking toplevel() on ptolemy.moml.MoMLSimpleApplication@781f0265
reloadAllAccessors: .SubscriberPortInitialValues14

===========================================================================================
----------------- testing Sun Dec 15 06:26:26 UTC 2019 /home/travis/build/icyphy/ptII/ptolemy/actor/lib/test/auto/SubscriberPortInitialValues2.xml
----------------- Instantiating /home/travis/build/icyphy/ptII/ptolemy/actor/lib/test/auto/SubscriberPortInitialValues2.xml
4 ms. Memory: 483328K Free: 373054K (77%)
----------------- Invoking toplevel() on ptolemy.moml.MoMLSimpleApplication@364b8e5
----------------- Done invoking toplevel() on ptolemy.moml.MoMLSimpleApplication@364b8e5
reloadAllAccessors: .SubscriberPortInitialValues2

===========================================================================================
----------------- testing Sun Dec 15 06:26:26 UTC 2019 /home/travis/build/icyphy/ptII/ptolemy/actor/lib/test/auto/SubscriberPortInitialValues3.xml
----------------- Instantiating /home/travis/build/icyphy/ptII/ptolemy/actor/lib/test/auto/SubscriberPortInitialValues3.xml
6 ms. Memory: 483328K Free: 361790K (75%)
----------------- Invoking toplevel() on ptolemy.moml.MoMLSimpleApplication@2bde1c4c
----------------- Done invoking toplevel() on ptolemy.moml.MoMLSimpleApplication@2bde1c4c
reloadAllAccessors: .SubscriberPortInitialValues3

===========================================================================================
----------------- testing Sun Dec 15 06:26:26 UTC 2019 /home/travis/build/icyphy/ptII/ptolemy/actor/lib/test/auto/SubscriptionAggregator.xml
----------------- Instantiating /home/travis/build/icyphy/ptII/ptolemy/actor/lib/test/auto/SubscriptionAggregator.xml
3 ms. Memory: 483328K Free: 354622K (73%)
----------------- Invoking toplevel() on ptolemy.moml.MoMLSimpleApplication@7a8ee0cb
----------------- Done invoking toplevel() on ptolemy.moml.MoMLSimpleApplication@7a8ee0cb
reloadAllAccessors: .SubscriptionAggregator

===========================================================================================
----------------- testing Sun Dec 15 06:26:26 UTC 2019 /home/travis/build/icyphy/ptII/ptolemy/actor/lib/test/auto/SubscriptionAggregator2.xml
----------------- Instantiating /home/travis/build/icyphy/ptII/ptolemy/actor/lib/test/auto/SubscriptionAggregator2.xml
3 ms. Memory: 483328K Free: 347454K (72%)
----------------- Invoking toplevel() on ptolemy.moml.MoMLSimpleApplication@1d3a08f
----------------- Done invoking toplevel() on ptolemy.moml.MoMLSimpleApplication@1d3a08f
reloadAllAccessors: .SubscriptionAggregator2

===========================================================================================
----------------- testing Sun Dec 15 06:26:26 UTC 2019 /home/travis/build/icyphy/ptII/ptolemy/actor/lib/test/auto/SubscriptionAggregator3.xml
----------------- Instantiating /home/travis/build/icyphy/ptII/ptolemy/actor/lib/test/auto/SubscriptionAggregator3.xml
5 ms. Memory: 483328K Free: 338742K (70%)
----------------- Invoking toplevel() on ptolemy.moml.MoMLSimpleApplication@2ed94535
----------------- Done invoking toplevel() on ptolemy.moml.MoMLSimpleApplication@2ed94535
reloadAllAccessors: .SubscriptionAggregator3

===========================================================================================
----------------- testing Sun Dec 15 06:26:26 UTC 2019 /home/travis/build/icyphy/ptII/ptolemy/actor/lib/test/auto/SubscriptionAggregatorMultiply.xml
----------------- Instantiating /home/travis/build/icyphy/ptII/ptolemy/actor/lib/test/auto/SubscriptionAggregatorMultiply.xml
3 ms. Memory: 483328K Free: 330046K (68%)
----------------- Invoking toplevel() on ptolemy.moml.MoMLSimpleApplication@735dfdfc
----------------- Done invoking toplevel() on ptolemy.moml.MoMLSimpleApplication@735dfdfc
reloadAllAccessors: .SubscriptionAggregatorMultiply

===========================================================================================
----------------- testing Sun Dec 15 06:26:26 UTC 2019 /home/travis/build/icyphy/ptII/ptolemy/actor/lib/test/auto/SubscriptionAggregatorPortMultiply1.xml
----------------- Instantiating /home/travis/build/icyphy/ptII/ptolemy/actor/lib/test/auto/SubscriptionAggregatorPortMultiply1.xml
4 ms. Memory: 483328K Free: 322364K (67%)
----------------- Invoking toplevel() on ptolemy.moml.MoMLSimpleApplication@9e243b4
----------------- Done invoking toplevel() on ptolemy.moml.MoMLSimpleApplication@9e243b4
reloadAllAccessors: .SubscriptionAggregatorPortMultiply1

===========================================================================================
----------------- testing Sun Dec 15 06:26:26 UTC 2019 /home/travis/build/icyphy/ptII/ptolemy/actor/lib/test/auto/Switch.xml
----------------- Instantiating /home/travis/build/icyphy/ptII/ptolemy/actor/lib/test/auto/Switch.xml
10 ms. Memory: 483328K Free: 314172K (65%)
----------------- Invoking toplevel() on ptolemy.moml.MoMLSimpleApplication@8197841
----------------- Done invoking toplevel() on ptolemy.moml.MoMLSimpleApplication@8197841
reloadAllAccessors: .Switch

===========================================================================================
----------------- testing Sun Dec 15 06:26:26 UTC 2019 /home/travis/build/icyphy/ptII/ptolemy/actor/lib/test/auto/Switch2.xml
----------------- Instantiating /home/travis/build/icyphy/ptII/ptolemy/actor/lib/test/auto/Switch2.xml
1 ms. Memory: 483328K Free: 309566K (64%)
----------------- Invoking toplevel() on ptolemy.moml.MoMLSimpleApplication@2619e882
----------------- Done invoking toplevel() on ptolemy.moml.MoMLSimpleApplication@2619e882
reloadAllAccessors: .Switch2

===========================================================================================
----------------- testing Sun Dec 15 06:26:26 UTC 2019 /home/travis/build/icyphy/ptII/ptolemy/actor/lib/test/auto/SwitchDE.xml
----------------- Instantiating /home/travis/build/icyphy/ptII/ptolemy/actor/lib/test/auto/SwitchDE.xml
3 ms. Memory: 483328K Free: 303422K (63%)
----------------- Invoking toplevel() on ptolemy.moml.MoMLSimpleApplication@755756b8
----------------- Done invoking toplevel() on ptolemy.moml.MoMLSimpleApplication@755756b8
reloadAllAccessors: .SwitchDE

===========================================================================================
----------------- testing Sun Dec 15 06:26:27 UTC 2019 /home/travis/build/icyphy/ptII/ptolemy/actor/lib/test/auto/SynchronizerDE.xml
----------------- Instantiating /home/travis/build/icyphy/ptII/ptolemy/actor/lib/test/auto/SynchronizerDE.xml
7 ms. Memory: 483328K Free: 295230K (61%)
----------------- Invoking toplevel() on ptolemy.moml.MoMLSimpleApplication@9b48888
----------------- Done invoking toplevel() on ptolemy.moml.MoMLSimpleApplication@9b48888
reloadAllAccessors: .SynchronizerDE

===========================================================================================
----------------- testing Sun Dec 15 06:26:27 UTC 2019 /home/travis/build/icyphy/ptII/ptolemy/actor/lib/test/auto/Test.xml
----------------- Instantiating /home/travis/build/icyphy/ptII/ptolemy/actor/lib/test/auto/Test.xml
11 ms. Memory: 483328K Free: 290110K (60%)
----------------- Invoking toplevel() on ptolemy.moml.MoMLSimpleApplication@4f347c3e
----------------- Done invoking toplevel() on ptolemy.moml.MoMLSimpleApplication@4f347c3e
reloadAllAccessors: .Test

===========================================================================================
----------------- testing Sun Dec 15 06:26:27 UTC 2019 /home/travis/build/icyphy/ptII/ptolemy/actor/lib/test/auto/TestExceptionAttribute1.xml
----------------- Instantiating /home/travis/build/icyphy/ptII/ptolemy/actor/lib/test/auto/TestExceptionAttribute1.xml
1 ms. Memory: 483328K Free: 286524K (59%)
----------------- Invoking toplevel() on ptolemy.moml.MoMLSimpleApplication@401a58af
----------------- Done invoking toplevel() on ptolemy.moml.MoMLSimpleApplication@401a58af
reloadAllAccessors: .TestExceptionAttribute1

===========================================================================================
----------------- testing Sun Dec 15 06:26:27 UTC 2019 /home/travis/build/icyphy/ptII/ptolemy/actor/lib/test/auto/TestExceptionAttribute2.xml
----------------- Instantiating /home/travis/build/icyphy/ptII/ptolemy/actor/lib/test/auto/TestExceptionAttribute2.xml
1 ms. Memory: 483328K Free: 282942K (59%)
----------------- Invoking toplevel() on ptolemy.moml.MoMLSimpleApplication@3296ba0f
----------------- Done invoking toplevel() on ptolemy.moml.MoMLSimpleApplication@3296ba0f
reloadAllAccessors: .TestExceptionAttribute2

===========================================================================================
----------------- testing Sun Dec 15 06:26:27 UTC 2019 /home/travis/build/icyphy/ptII/ptolemy/actor/lib/test/auto/TestExceptionAttribute3.xml
----------------- Instantiating /home/travis/build/icyphy/ptII/ptolemy/actor/lib/test/auto/TestExceptionAttribute3.xml
.TestExceptionAttribute3.TestExceptionAttribute: initialize() was not invoked, but wrapup() was.  This is unusual, but not always a problem.  For example, exporting JNLP will do this.
0 ms. Memory: 483328K Free: 279356K (58%)
----------------- Invoking toplevel() on ptolemy.moml.MoMLSimpleApplication@3fdd5a20
----------------- Done invoking toplevel() on ptolemy.moml.MoMLSimpleApplication@3fdd5a20
reloadAllAccessors: .TestExceptionAttribute3

===========================================================================================
----------------- testing Sun Dec 15 06:26:27 UTC 2019 /home/travis/build/icyphy/ptII/ptolemy/actor/lib/test/auto/TestExceptionAttribute4.xml
----------------- Instantiating /home/travis/build/icyphy/ptII/ptolemy/actor/lib/test/auto/TestExceptionAttribute4.xml
.TestExceptionAttribute4.TestExceptionAttribute: initialize() was not invoked, but wrapup() was.  This is unusual, but not always a problem.  For example, exporting JNLP will do this.
.TestExceptionAttribute4.TestExceptionAttribute2: initialize() was not invoked, but wrapup() was.  This is unusual, but not always a problem.  For example, exporting JNLP will do this.
1 ms. Memory: 483328K Free: 274750K (57%)
----------------- Invoking toplevel() on ptolemy.moml.MoMLSimpleApplication@7d5ac7e8
----------------- Done invoking toplevel() on ptolemy.moml.MoMLSimpleApplication@7d5ac7e8
reloadAllAccessors: .TestExceptionAttribute4

===========================================================================================
----------------- testing Sun Dec 15 06:26:27 UTC 2019 /home/travis/build/icyphy/ptII/ptolemy/actor/lib/test/auto/TestExceptionHandler1.xml
----------------- Instantiating /home/travis/build/icyphy/ptII/ptolemy/actor/lib/test/auto/TestExceptionHandler1.xml
1 ms. Memory: 483328K Free: 271164K (56%)
----------------- Invoking toplevel() on ptolemy.moml.MoMLSimpleApplication@7dfa4aff
----------------- Done invoking toplevel() on ptolemy.moml.MoMLSimpleApplication@7dfa4aff
reloadAllAccessors: .TestExceptionHandler1

===========================================================================================
----------------- testing Sun Dec 15 06:26:27 UTC 2019 /home/travis/build/icyphy/ptII/ptolemy/actor/lib/test/auto/TestExceptionHandler2.xml
----------------- Instantiating /home/travis/build/icyphy/ptII/ptolemy/actor/lib/test/auto/TestExceptionHandler2.xml
1 ms. Memory: 483328K Free: 267582K (55%)
----------------- Invoking toplevel() on ptolemy.moml.MoMLSimpleApplication@20e1521c
----------------- Done invoking toplevel() on ptolemy.moml.MoMLSimpleApplication@20e1521c
reloadAllAccessors: .TestExceptionHandler2

===========================================================================================
----------------- testing Sun Dec 15 06:26:27 UTC 2019 /home/travis/build/icyphy/ptII/ptolemy/actor/lib/test/auto/TestExceptionHandler3.xml
----------------- Instantiating /home/travis/build/icyphy/ptII/ptolemy/actor/lib/test/auto/TestExceptionHandler3.xml
1 ms. Memory: 483328K Free: 263996K (55%)
----------------- Invoking toplevel() on ptolemy.moml.MoMLSimpleApplication@10d68937
----------------- Done invoking toplevel() on ptolemy.moml.MoMLSimpleApplication@10d68937
reloadAllAccessors: .TestExceptionHandler3

===========================================================================================
----------------- testing Sun Dec 15 06:26:27 UTC 2019 /home/travis/build/icyphy/ptII/ptolemy/actor/lib/test/auto/TestExceptionHandler4.xml
----------------- Instantiating /home/travis/build/icyphy/ptII/ptolemy/actor/lib/test/auto/TestExceptionHandler4.xml
1 ms. Memory: 483328K Free: 259900K (54%)
----------------- Invoking toplevel() on ptolemy.moml.MoMLSimpleApplication@7c575550
----------------- Done invoking toplevel() on ptolemy.moml.MoMLSimpleApplication@7c575550
reloadAllAccessors: .TestExceptionHandler4

===========================================================================================
----------------- testing Sun Dec 15 06:26:27 UTC 2019 /home/travis/build/icyphy/ptII/ptolemy/actor/lib/test/auto/TestRequireCorrectOrder.xml
----------------- Instantiating /home/travis/build/icyphy/ptII/ptolemy/actor/lib/test/auto/TestRequireCorrectOrder.xml
9 ms. Memory: 483328K Free: 254750K (53%)
----------------- Invoking toplevel() on ptolemy.moml.MoMLSimpleApplication@7de4be2f
----------------- Done invoking toplevel() on ptolemy.moml.MoMLSimpleApplication@7de4be2f
reloadAllAccessors: .TestRequireCorrectOrder

===========================================================================================
----------------- testing Sun Dec 15 06:26:27 UTC 2019 /home/travis/build/icyphy/ptII/ptolemy/actor/lib/test/auto/TestSimple.xml
----------------- Instantiating /home/travis/build/icyphy/ptII/ptolemy/actor/lib/test/auto/TestSimple.xml
2 ms. Memory: 483328K Free: 250684K (52%)
----------------- Invoking toplevel() on ptolemy.moml.MoMLSimpleApplication@2c108104
----------------- Done invoking toplevel() on ptolemy.moml.MoMLSimpleApplication@2c108104
reloadAllAccessors: .TestSimple

===========================================================================================
----------------- testing Sun Dec 15 06:26:27 UTC 2019 /home/travis/build/icyphy/ptII/ptolemy/actor/lib/test/auto/ThrowModelError.xml
----------------- Instantiating /home/travis/build/icyphy/ptII/ptolemy/actor/lib/test/auto/ThrowModelError.xml
1 ms. Memory: 483328K Free: 246078K (51%)
----------------- Invoking toplevel() on ptolemy.moml.MoMLSimpleApplication@6b17b65e
----------------- Done invoking toplevel() on ptolemy.moml.MoMLSimpleApplication@6b17b65e
reloadAllAccessors: .ThrowModelError

===========================================================================================
----------------- testing Sun Dec 15 06:26:27 UTC 2019 /home/travis/build/icyphy/ptII/ptolemy/actor/lib/test/auto/TimeDelayMicrosteps.xml
----------------- Instantiating /home/travis/build/icyphy/ptII/ptolemy/actor/lib/test/auto/TimeDelayMicrosteps.xml
2 ms. Memory: 483328K Free: 238910K (49%)
----------------- Invoking toplevel() on ptolemy.moml.MoMLSimpleApplication@952570e
----------------- Done invoking toplevel() on ptolemy.moml.MoMLSimpleApplication@952570e
reloadAllAccessors: .TimeDelayMicrosteps

===========================================================================================
----------------- testing Sun Dec 15 06:26:27 UTC 2019 /home/travis/build/icyphy/ptII/ptolemy/actor/lib/test/auto/TimeDelayMicrosteps2.xml
----------------- Instantiating /home/travis/build/icyphy/ptII/ptolemy/actor/lib/test/auto/TimeDelayMicrosteps2.xml
4 ms. Memory: 483328K Free: 231742K (48%)
----------------- Invoking toplevel() on ptolemy.moml.MoMLSimpleApplication@4daa8052
----------------- Done invoking toplevel() on ptolemy.moml.MoMLSimpleApplication@4daa8052
reloadAllAccessors: .TimeDelayMicrosteps2

===========================================================================================
----------------- testing Sun Dec 15 06:26:27 UTC 2019 /home/travis/build/icyphy/ptII/ptolemy/actor/lib/test/auto/TimeDelayMicrosteps3.xml
----------------- Instantiating /home/travis/build/icyphy/ptII/ptolemy/actor/lib/test/auto/TimeDelayMicrosteps3.xml
3 ms. Memory: 483328K Free: 225078K (47%)
----------------- Invoking toplevel() on ptolemy.moml.MoMLSimpleApplication@450e59f7
----------------- Done invoking toplevel() on ptolemy.moml.MoMLSimpleApplication@450e59f7
reloadAllAccessors: .TimeDelayMicrosteps3

===========================================================================================
----------------- testing Sun Dec 15 06:26:27 UTC 2019 /home/travis/build/icyphy/ptII/ptolemy/actor/lib/test/auto/TimeDelayVariableMicrosteps.xml
----------------- Instantiating /home/travis/build/icyphy/ptII/ptolemy/actor/lib/test/auto/TimeDelayVariableMicrosteps.xml
2 ms. Memory: 483328K Free: 218430K (45%)
----------------- Invoking toplevel() on ptolemy.moml.MoMLSimpleApplication@37741f43
----------------- Done invoking toplevel() on ptolemy.moml.MoMLSimpleApplication@37741f43
reloadAllAccessors: .TimeDelayVariableMicrosteps

===========================================================================================
----------------- testing Sun Dec 15 06:26:27 UTC 2019 /home/travis/build/icyphy/ptII/ptolemy/actor/lib/test/auto/TimeGap.xml
----------------- Instantiating /home/travis/build/icyphy/ptII/ptolemy/actor/lib/test/auto/TimeGap.xml
3 ms. Memory: 483328K Free: 213310K (44%)
----------------- Invoking toplevel() on ptolemy.moml.MoMLSimpleApplication@2ce2b2ae
----------------- Done invoking toplevel() on ptolemy.moml.MoMLSimpleApplication@2ce2b2ae
reloadAllAccessors: .TimeGap

===========================================================================================
----------------- testing Sun Dec 15 06:26:27 UTC 2019 /home/travis/build/icyphy/ptII/ptolemy/actor/lib/test/auto/TimeGap2.xml
----------------- Instantiating /home/travis/build/icyphy/ptII/ptolemy/actor/lib/test/auto/TimeGap2.xml
2 ms. Memory: 483328K Free: 207646K (43%)
----------------- Invoking toplevel() on ptolemy.moml.MoMLSimpleApplication@15a57a45
----------------- Done invoking toplevel() on ptolemy.moml.MoMLSimpleApplication@15a57a45
reloadAllAccessors: .TimeGap2

===========================================================================================
----------------- testing Sun Dec 15 06:26:27 UTC 2019 /home/travis/build/icyphy/ptII/ptolemy/actor/lib/test/auto/TimedSinewave.xml
----------------- Instantiating /home/travis/build/icyphy/ptII/ptolemy/actor/lib/test/auto/TimedSinewave.xml
23 ms. Memory: 483328K Free: 193854K (40%)
----------------- Invoking toplevel() on ptolemy.moml.MoMLSimpleApplication@4ba33162
----------------- Done invoking toplevel() on ptolemy.moml.MoMLSimpleApplication@4ba33162
reloadAllAccessors: .TimedSinewave

===========================================================================================
----------------- testing Sun Dec 15 06:26:27 UTC 2019 /home/travis/build/icyphy/ptII/ptolemy/actor/lib/test/auto/TimedSinewavePhase.xml
----------------- Instantiating /home/travis/build/icyphy/ptII/ptolemy/actor/lib/test/auto/TimedSinewavePhase.xml
10 ms. Memory: 483328K Free: 183614K (38%)
----------------- Invoking toplevel() on ptolemy.moml.MoMLSimpleApplication@7c3f01d1
----------------- Done invoking toplevel() on ptolemy.moml.MoMLSimpleApplication@7c3f01d1
reloadAllAccessors: .TimedSinewavePhase

===========================================================================================
----------------- testing Sun Dec 15 06:26:27 UTC 2019 /home/travis/build/icyphy/ptII/ptolemy/actor/lib/test/auto/Timer.xml
----------------- Instantiating /home/travis/build/icyphy/ptII/ptolemy/actor/lib/test/auto/Timer.xml
1 ms. Memory: 483328K Free: 177980K (37%)
----------------- Invoking toplevel() on ptolemy.moml.MoMLSimpleApplication@67e7a0b9
----------------- Done invoking toplevel() on ptolemy.moml.MoMLSimpleApplication@67e7a0b9
reloadAllAccessors: .Timer

===========================================================================================
----------------- testing Sun Dec 15 06:26:27 UTC 2019 /home/travis/build/icyphy/ptII/ptolemy/actor/lib/test/auto/TriangularDistTestModel.xml
----------------- Instantiating /home/travis/build/icyphy/ptII/ptolemy/actor/lib/test/auto/TriangularDistTestModel.xml
2 ms. Memory: 483328K Free: 172350K (36%)
----------------- Invoking toplevel() on ptolemy.moml.MoMLSimpleApplication@f73283
----------------- Done invoking toplevel() on ptolemy.moml.MoMLSimpleApplication@f73283
reloadAllAccessors: .TriangularDistTestModel

===========================================================================================
----------------- testing Sun Dec 15 06:26:27 UTC 2019 /home/travis/build/icyphy/ptII/ptolemy/actor/lib/test/auto/TrigFunction.xml
----------------- Instantiating /home/travis/build/icyphy/ptII/ptolemy/actor/lib/test/auto/TrigFunction.xml
1 ms. Memory: 483328K Free: 167740K (35%)
----------------- Invoking toplevel() on ptolemy.moml.MoMLSimpleApplication@2447895c
----------------- Done invoking toplevel() on ptolemy.moml.MoMLSimpleApplication@2447895c
reloadAllAccessors: .TrigFunction

===========================================================================================
----------------- testing Sun Dec 15 06:26:27 UTC 2019 /home/travis/build/icyphy/ptII/ptolemy/actor/lib/test/auto/TrigFunctionDE.xml
----------------- Instantiating /home/travis/build/icyphy/ptII/ptolemy/actor/lib/test/auto/TrigFunctionDE.xml
2 ms. Memory: 483328K Free: 162110K (34%)
----------------- Invoking toplevel() on ptolemy.moml.MoMLSimpleApplication@2c9d048b
----------------- Done invoking toplevel() on ptolemy.moml.MoMLSimpleApplication@2c9d048b
reloadAllAccessors: .TrigFunctionDE

===========================================================================================
----------------- testing Sun Dec 15 06:26:27 UTC 2019 /home/travis/build/icyphy/ptII/ptolemy/actor/lib/test/auto/TrigFunctionInverse.xml
----------------- Instantiating /home/travis/build/icyphy/ptII/ptolemy/actor/lib/test/auto/TrigFunctionInverse.xml
2 ms. Memory: 483328K Free: 156990K (32%)
----------------- Invoking toplevel() on ptolemy.moml.MoMLSimpleApplication@2b8107b0
----------------- Done invoking toplevel() on ptolemy.moml.MoMLSimpleApplication@2b8107b0
reloadAllAccessors: .TrigFunctionInverse

===========================================================================================
----------------- testing Sun Dec 15 06:26:27 UTC 2019 /home/travis/build/icyphy/ptII/ptolemy/actor/lib/test/auto/TrigFunctionTan.xml
----------------- Instantiating /home/travis/build/icyphy/ptII/ptolemy/actor/lib/test/auto/TrigFunctionTan.xml
2 ms. Memory: 483328K Free: 152380K (32%)
----------------- Invoking toplevel() on ptolemy.moml.MoMLSimpleApplication@7665d804
----------------- Done invoking toplevel() on ptolemy.moml.MoMLSimpleApplication@7665d804
reloadAllAccessors: .TrigFunctionTan

===========================================================================================
----------------- testing Sun Dec 15 06:26:27 UTC 2019 /home/travis/build/icyphy/ptII/ptolemy/actor/lib/test/auto/TriggeredClock.xml
----------------- Instantiating /home/travis/build/icyphy/ptII/ptolemy/actor/lib/test/auto/TriggeredClock.xml
1 ms. Memory: 483328K Free: 432859K (90%)
----------------- Invoking toplevel() on ptolemy.moml.MoMLSimpleApplication@65eb468
----------------- Done invoking toplevel() on ptolemy.moml.MoMLSimpleApplication@65eb468
reloadAllAccessors: .TriggeredClock

===========================================================================================
----------------- testing Sun Dec 15 06:26:27 UTC 2019 /home/travis/build/icyphy/ptII/ptolemy/actor/lib/test/auto/URLDirectoryReader.xml
----------------- Instantiating /home/travis/build/icyphy/ptII/ptolemy/actor/lib/test/auto/URLDirectoryReader.xml
35 ms. Memory: 483328K Free: 422633K (87%)
----------------- Invoking toplevel() on ptolemy.moml.MoMLSimpleApplication@63ed1998
----------------- Done invoking toplevel() on ptolemy.moml.MoMLSimpleApplication@63ed1998
reloadAllAccessors: .URLDirectoryReader

===========================================================================================
----------------- testing Sun Dec 15 06:26:27 UTC 2019 /home/travis/build/icyphy/ptII/ptolemy/actor/lib/test/auto/URLDirectoryReader3.xml
----------------- Instantiating /home/travis/build/icyphy/ptII/ptolemy/actor/lib/test/auto/URLDirectoryReader3.xml
3759 ms. Memory: 483328K Free: 425597K (88%)
----------------- Invoking toplevel() on ptolemy.moml.MoMLSimpleApplication@7fc913f9
----------------- Done invoking toplevel() on ptolemy.moml.MoMLSimpleApplication@7fc913f9
reloadAllAccessors: .URLDirectoryReader3

===========================================================================================
----------------- testing Sun Dec 15 06:26:31 UTC 2019 /home/travis/build/icyphy/ptII/ptolemy/actor/lib/test/auto/UnaryMathFunction.xml
----------------- Instantiating /home/travis/build/icyphy/ptII/ptolemy/actor/lib/test/auto/UnaryMathFunction.xml
3 ms. Memory: 483328K Free: 417405K (86%)
----------------- Invoking toplevel() on ptolemy.moml.MoMLSimpleApplication@3305b040
----------------- Done invoking toplevel() on ptolemy.moml.MoMLSimpleApplication@3305b040
reloadAllAccessors: .UnaryMathFunction

===========================================================================================
----------------- testing Sun Dec 15 06:26:31 UTC 2019 /home/travis/build/icyphy/ptII/ptolemy/actor/lib/test/auto/Uniform.xml
----------------- Instantiating /home/travis/build/icyphy/ptII/ptolemy/actor/lib/test/auto/Uniform.xml
5 ms. Memory: 483328K Free: 412795K (85%)
----------------- Invoking toplevel() on ptolemy.moml.MoMLSimpleApplication@3ab8ad6b
----------------- Done invoking toplevel() on ptolemy.moml.MoMLSimpleApplication@3ab8ad6b
reloadAllAccessors: .Uniform

===========================================================================================
----------------- testing Sun Dec 15 06:26:31 UTC 2019 /home/travis/build/icyphy/ptII/ptolemy/actor/lib/test/auto/UnionDisassemblerTest.xml
----------------- Instantiating /home/travis/build/icyphy/ptII/ptolemy/actor/lib/test/auto/UnionDisassemblerTest.xml
23 ms. Memory: 483328K Free: 408699K (85%)
----------------- Invoking toplevel() on ptolemy.moml.MoMLSimpleApplication@d8f8888
----------------- Done invoking toplevel() on ptolemy.moml.MoMLSimpleApplication@d8f8888
reloadAllAccessors: .UnionDisassemblerTest

===========================================================================================
----------------- testing Sun Dec 15 06:26:31 UTC 2019 /home/travis/build/icyphy/ptII/ptolemy/actor/lib/test/auto/UtilityFunctions.xml
----------------- Instantiating /home/travis/build/icyphy/ptII/ptolemy/actor/lib/test/auto/UtilityFunctions.xml
1 ms. Memory: 483328K Free: 404603K (84%)
----------------- Invoking toplevel() on ptolemy.moml.MoMLSimpleApplication@5a5a9b1f
----------------- Done invoking toplevel() on ptolemy.moml.MoMLSimpleApplication@5a5a9b1f
reloadAllAccessors: .UtilityFunctions

===========================================================================================
----------------- testing Sun Dec 15 06:26:31 UTC 2019 /home/travis/build/icyphy/ptII/ptolemy/actor/lib/test/auto/VariableSleep.xml
----------------- Instantiating /home/travis/build/icyphy/ptII/ptolemy/actor/lib/test/auto/VariableSleep.xml
503 ms. Memory: 483328K Free: 399483K (83%)
----------------- Invoking toplevel() on ptolemy.moml.MoMLSimpleApplication@477cd888
----------------- Done invoking toplevel() on ptolemy.moml.MoMLSimpleApplication@477cd888
reloadAllAccessors: .VariableSleep

===========================================================================================
----------------- testing Sun Dec 15 06:26:32 UTC 2019 /home/travis/build/icyphy/ptII/ptolemy/actor/lib/test/auto/VectorAssemblerDisassemblerCT.xml
----------------- Instantiating /home/travis/build/icyphy/ptII/ptolemy/actor/lib/test/auto/VectorAssemblerDisassemblerCT.xml
80 ms. Memory: 483328K Free: 379003K (78%)
----------------- Invoking toplevel() on ptolemy.moml.MoMLSimpleApplication@425515e5
----------------- Done invoking toplevel() on ptolemy.moml.MoMLSimpleApplication@425515e5
reloadAllAccessors: .VectorAssemblerDisassemblerCT

===========================================================================================
----------------- testing Sun Dec 15 06:26:32 UTC 2019 /home/travis/build/icyphy/ptII/ptolemy/actor/lib/test/auto/VectorAssemblerDisassemblerDE.xml
----------------- Instantiating /home/travis/build/icyphy/ptII/ptolemy/actor/lib/test/auto/VectorAssemblerDisassemblerDE.xml
13 ms. Memory: 483328K Free: 371325K (77%)
----------------- Invoking toplevel() on ptolemy.moml.MoMLSimpleApplication@88ed139
----------------- Done invoking toplevel() on ptolemy.moml.MoMLSimpleApplication@88ed139
reloadAllAccessors: .VectorAssemblerDisassemblerDE

===========================================================================================
----------------- testing Sun Dec 15 06:26:32 UTC 2019 /home/travis/build/icyphy/ptII/ptolemy/actor/lib/test/auto/VectorAssemblerDisassemblerSDF.xml
----------------- Instantiating /home/travis/build/icyphy/ptII/ptolemy/actor/lib/test/auto/VectorAssemblerDisassemblerSDF.xml
4 ms. Memory: 483328K Free: 364667K (75%)
----------------- Invoking toplevel() on ptolemy.moml.MoMLSimpleApplication@535c2a99
----------------- Done invoking toplevel() on ptolemy.moml.MoMLSimpleApplication@535c2a99
reloadAllAccessors: .VectorAssemblerDisassemblerSDF

===========================================================================================
----------------- testing Sun Dec 15 06:26:32 UTC 2019 /home/travis/build/icyphy/ptII/ptolemy/actor/lib/test/auto/WallClockTime.xml
----------------- Instantiating /home/travis/build/icyphy/ptII/ptolemy/actor/lib/test/auto/WallClockTime.xml
1005 ms. Memory: 483328K Free: 359109K (74%)
----------------- Invoking toplevel() on ptolemy.moml.MoMLSimpleApplication@20e1e99
----------------- Done invoking toplevel() on ptolemy.moml.MoMLSimpleApplication@20e1e99
reloadAllAccessors: .WallClockTime

===========================================================================================
----------------- testing Sun Dec 15 06:26:33 UTC 2019 /home/travis/build/icyphy/ptII/ptolemy/actor/lib/test/auto/WidthTestWithSubscriberPublisher.xml
----------------- Instantiating /home/travis/build/icyphy/ptII/ptolemy/actor/lib/test/auto/WidthTestWithSubscriberPublisher.xml
8 ms. Memory: 483328K Free: 341115K (71%)
----------------- Invoking toplevel() on ptolemy.moml.MoMLSimpleApplication@6906bdb4
----------------- Done invoking toplevel() on ptolemy.moml.MoMLSimpleApplication@6906bdb4
reloadAllAccessors: .WidthTestWithSubscriberPublisher

===========================================================================================
----------------- testing Sun Dec 15 06:26:33 UTC 2019 /home/travis/build/icyphy/ptII/ptolemy/actor/lib/test/auto/WidthTestWithSubscriberPublisher2.xml
----------------- Instantiating /home/travis/build/icyphy/ptII/ptolemy/actor/lib/test/auto/WidthTestWithSubscriberPublisher2.xml
3 ms. Memory: 483328K Free: 334971K (69%)
----------------- Invoking toplevel() on ptolemy.moml.MoMLSimpleApplication@4ed8f889
----------------- Done invoking toplevel() on ptolemy.moml.MoMLSimpleApplication@4ed8f889
reloadAllAccessors: .WidthTestWithSubscriberPublisher2

===========================================================================================
----------------- testing Sun Dec 15 06:26:33 UTC 2019 /home/travis/build/icyphy/ptII/ptolemy/actor/lib/test/auto/WidthTestWithSubscriberPublisher3.xml
----------------- Instantiating /home/travis/build/icyphy/ptII/ptolemy/actor/lib/test/auto/WidthTestWithSubscriberPublisher3.xml
2 ms. Memory: 483328K Free: 329341K (68%)
----------------- Invoking toplevel() on ptolemy.moml.MoMLSimpleApplication@4af7ccc8
----------------- Done invoking toplevel() on ptolemy.moml.MoMLSimpleApplication@4af7ccc8
reloadAllAccessors: .WidthTestWithSubscriberPublisher3

===========================================================================================
----------------- testing Sun Dec 15 06:26:33 UTC 2019 /home/travis/build/icyphy/ptII/ptolemy/actor/lib/test/auto/Writer.xml
----------------- Instantiating /home/travis/build/icyphy/ptII/ptolemy/actor/lib/test/auto/Writer.xml
0
1
2
3
4
2 ms. Memory: 483328K Free: 324717K (67%)
----------------- Invoking toplevel() on ptolemy.moml.MoMLSimpleApplication@319cd160
----------------- Done invoking toplevel() on ptolemy.moml.MoMLSimpleApplication@319cd160
reloadAllAccessors: .Writer

===========================================================================================
----------------- testing Sun Dec 15 06:26:33 UTC 2019 /home/travis/build/icyphy/ptII/ptolemy/actor/lib/test/auto/array.xml
----------------- Instantiating /home/travis/build/icyphy/ptII/ptolemy/actor/lib/test/auto/array.xml
2 ms. Memory: 483328K Free: 320125K (66%)
----------------- Invoking toplevel() on ptolemy.moml.MoMLSimpleApplication@701bb1e5
----------------- Done invoking toplevel() on ptolemy.moml.MoMLSimpleApplication@701bb1e5
reloadAllAccessors: .array

===========================================================================================
----------------- testing Sun Dec 15 06:26:33 UTC 2019 /home/travis/build/icyphy/ptII/ptolemy/actor/lib/test/auto/array2.xml
----------------- Instantiating /home/travis/build/icyphy/ptII/ptolemy/actor/lib/test/auto/array2.xml
9 ms. Memory: 483328K Free: 315501K (65%)
----------------- Invoking toplevel() on ptolemy.moml.MoMLSimpleApplication@51d45b54
----------------- Done invoking toplevel() on ptolemy.moml.MoMLSimpleApplication@51d45b54
reloadAllAccessors: .array2

===========================================================================================
----------------- testing Sun Dec 15 06:26:33 UTC 2019 /home/travis/build/icyphy/ptII/ptolemy/actor/lib/test/auto/arrayType.xml
----------------- Instantiating /home/travis/build/icyphy/ptII/ptolemy/actor/lib/test/auto/arrayType.xml
2 ms. Memory: 483328K Free: 309885K (64%)
----------------- Invoking toplevel() on ptolemy.moml.MoMLSimpleApplication@646c10df
----------------- Done invoking toplevel() on ptolemy.moml.MoMLSimpleApplication@646c10df
reloadAllAccessors: .arrayType

===========================================================================================
----------------- testing Sun Dec 15 06:26:33 UTC 2019 /home/travis/build/icyphy/ptII/ptolemy/actor/lib/test/auto/arrayType10.xml
----------------- Instantiating /home/travis/build/icyphy/ptII/ptolemy/actor/lib/test/auto/arrayType10.xml
2 ms. Memory: 483328K Free: 305275K (63%)
----------------- Invoking toplevel() on ptolemy.moml.MoMLSimpleApplication@4b60eb81
----------------- Done invoking toplevel() on ptolemy.moml.MoMLSimpleApplication@4b60eb81
reloadAllAccessors: .arrayType10

===========================================================================================
----------------- testing Sun Dec 15 06:26:33 UTC 2019 /home/travis/build/icyphy/ptII/ptolemy/actor/lib/test/auto/arrayType11.xml
----------------- Instantiating /home/travis/build/icyphy/ptII/ptolemy/actor/lib/test/auto/arrayType11.xml
1 ms. Memory: 483328K Free: 300155K (62%)
----------------- Invoking toplevel() on ptolemy.moml.MoMLSimpleApplication@1d5854d
----------------- Done invoking toplevel() on ptolemy.moml.MoMLSimpleApplication@1d5854d
reloadAllAccessors: .arrayType11

===========================================================================================
----------------- testing Sun Dec 15 06:26:33 UTC 2019 /home/travis/build/icyphy/ptII/ptolemy/actor/lib/test/auto/arrayType12.xml
----------------- Instantiating /home/travis/build/icyphy/ptII/ptolemy/actor/lib/test/auto/arrayType12.xml
1 ms. Memory: 483328K Free: 295549K (61%)
----------------- Invoking toplevel() on ptolemy.moml.MoMLSimpleApplication@3b70c582
----------------- Done invoking toplevel() on ptolemy.moml.MoMLSimpleApplication@3b70c582
reloadAllAccessors: .arrayType12

===========================================================================================
----------------- testing Sun Dec 15 06:26:33 UTC 2019 /home/travis/build/icyphy/ptII/ptolemy/actor/lib/test/auto/arrayType13.xml
----------------- Instantiating /home/travis/build/icyphy/ptII/ptolemy/actor/lib/test/auto/arrayType13.xml
1 ms. Memory: 483328K Free: 290429K (60%)
----------------- Invoking toplevel() on ptolemy.moml.MoMLSimpleApplication@699d91b5
----------------- Done invoking toplevel() on ptolemy.moml.MoMLSimpleApplication@699d91b5
reloadAllAccessors: .arrayType13

===========================================================================================
----------------- testing Sun Dec 15 06:26:33 UTC 2019 /home/travis/build/icyphy/ptII/ptolemy/actor/lib/test/auto/arrayType14.xml
----------------- Instantiating /home/travis/build/icyphy/ptII/ptolemy/actor/lib/test/auto/arrayType14.xml
1 ms. Memory: 483328K Free: 285309K (59%)
----------------- Invoking toplevel() on ptolemy.moml.MoMLSimpleApplication@5d2c692c
----------------- Done invoking toplevel() on ptolemy.moml.MoMLSimpleApplication@5d2c692c
reloadAllAccessors: .arrayType14

===========================================================================================
----------------- testing Sun Dec 15 06:26:33 UTC 2019 /home/travis/build/icyphy/ptII/ptolemy/actor/lib/test/auto/arrayType15.xml
----------------- Instantiating /home/travis/build/icyphy/ptII/ptolemy/actor/lib/test/auto/arrayType15.xml
3 ms. Memory: 483328K Free: 279675K (58%)
----------------- Invoking toplevel() on ptolemy.moml.MoMLSimpleApplication@5851408e
----------------- Done invoking toplevel() on ptolemy.moml.MoMLSimpleApplication@5851408e
reloadAllAccessors: .arrayType15

===========================================================================================
----------------- testing Sun Dec 15 06:26:33 UTC 2019 /home/travis/build/icyphy/ptII/ptolemy/actor/lib/test/auto/arrayType16.xml
----------------- Instantiating /home/travis/build/icyphy/ptII/ptolemy/actor/lib/test/auto/arrayType16.xml
2 ms. Memory: 483328K Free: 273531K (57%)
----------------- Invoking toplevel() on ptolemy.moml.MoMLSimpleApplication@4b6ba3cc
----------------- Done invoking toplevel() on ptolemy.moml.MoMLSimpleApplication@4b6ba3cc
reloadAllAccessors: .arrayType16

===========================================================================================
----------------- testing Sun Dec 15 06:26:33 UTC 2019 /home/travis/build/icyphy/ptII/ptolemy/actor/lib/test/auto/arrayType17.xml
----------------- Instantiating /home/travis/build/icyphy/ptII/ptolemy/actor/lib/test/auto/arrayType17.xml
2 ms. Memory: 483328K Free: 268411K (56%)
----------------- Invoking toplevel() on ptolemy.moml.MoMLSimpleApplication@e6aeeea
----------------- Done invoking toplevel() on ptolemy.moml.MoMLSimpleApplication@e6aeeea
reloadAllAccessors: .arrayType17

===========================================================================================
----------------- testing Sun Dec 15 06:26:33 UTC 2019 /home/travis/build/icyphy/ptII/ptolemy/actor/lib/test/auto/arrayType18.xml
----------------- Instantiating /home/travis/build/icyphy/ptII/ptolemy/actor/lib/test/auto/arrayType18.xml
1 ms. Memory: 483328K Free: 263805K (55%)
----------------- Invoking toplevel() on ptolemy.moml.MoMLSimpleApplication@503c574e
----------------- Done invoking toplevel() on ptolemy.moml.MoMLSimpleApplication@503c574e
reloadAllAccessors: .arrayType18

===========================================================================================
----------------- testing Sun Dec 15 06:26:33 UTC 2019 /home/travis/build/icyphy/ptII/ptolemy/actor/lib/test/auto/arrayType19.xml
----------------- Instantiating /home/travis/build/icyphy/ptII/ptolemy/actor/lib/test/auto/arrayType19.xml
1 ms. Memory: 483328K Free: 258685K (54%)
----------------- Invoking toplevel() on ptolemy.moml.MoMLSimpleApplication@ad7323a
----------------- Done invoking toplevel() on ptolemy.moml.MoMLSimpleApplication@ad7323a
reloadAllAccessors: .arrayType19

===========================================================================================
----------------- testing Sun Dec 15 06:26:33 UTC 2019 /home/travis/build/icyphy/ptII/ptolemy/actor/lib/test/auto/arrayType2.xml
----------------- Instantiating /home/travis/build/icyphy/ptII/ptolemy/actor/lib/test/auto/arrayType2.xml
2 ms. Memory: 483328K Free: 253565K (52%)
----------------- Invoking toplevel() on ptolemy.moml.MoMLSimpleApplication@12082da0
----------------- Done invoking toplevel() on ptolemy.moml.MoMLSimpleApplication@12082da0
reloadAllAccessors: .arrayType2

===========================================================================================
----------------- testing Sun Dec 15 06:26:33 UTC 2019 /home/travis/build/icyphy/ptII/ptolemy/actor/lib/test/auto/arrayType20.xml
----------------- Instantiating /home/travis/build/icyphy/ptII/ptolemy/actor/lib/test/auto/arrayType20.xml
1 ms. Memory: 483328K Free: 248955K (52%)
----------------- Invoking toplevel() on ptolemy.moml.MoMLSimpleApplication@2fc7177a
----------------- Done invoking toplevel() on ptolemy.moml.MoMLSimpleApplication@2fc7177a
reloadAllAccessors: .arrayType20

===========================================================================================
----------------- testing Sun Dec 15 06:26:33 UTC 2019 /home/travis/build/icyphy/ptII/ptolemy/actor/lib/test/auto/arrayType21.xml
----------------- Instantiating /home/travis/build/icyphy/ptII/ptolemy/actor/lib/test/auto/arrayType21.xml
2 ms. Memory: 483328K Free: 244349K (51%)
----------------- Invoking toplevel() on ptolemy.moml.MoMLSimpleApplication@269e2a86
----------------- Done invoking toplevel() on ptolemy.moml.MoMLSimpleApplication@269e2a86
reloadAllAccessors: .arrayType21

===========================================================================================
----------------- testing Sun Dec 15 06:26:33 UTC 2019 /home/travis/build/icyphy/ptII/ptolemy/actor/lib/test/auto/arrayType22.xml
----------------- Instantiating /home/travis/build/icyphy/ptII/ptolemy/actor/lib/test/auto/arrayType22.xml
2 ms. Memory: 483328K Free: 239739K (50%)
----------------- Invoking toplevel() on ptolemy.moml.MoMLSimpleApplication@13a83af6
----------------- Done invoking toplevel() on ptolemy.moml.MoMLSimpleApplication@13a83af6
reloadAllAccessors: .arrayType22

===========================================================================================
----------------- testing Sun Dec 15 06:26:33 UTC 2019 /home/travis/build/icyphy/ptII/ptolemy/actor/lib/test/auto/arrayType23.xml
----------------- Instantiating /home/travis/build/icyphy/ptII/ptolemy/actor/lib/test/auto/arrayType23.xml
1 ms. Memory: 483328K Free: 234619K (49%)
----------------- Invoking toplevel() on ptolemy.moml.MoMLSimpleApplication@75fe3dab
----------------- Done invoking toplevel() on ptolemy.moml.MoMLSimpleApplication@75fe3dab
reloadAllAccessors: .arrayType23

===========================================================================================
----------------- testing Sun Dec 15 06:26:33 UTC 2019 /home/travis/build/icyphy/ptII/ptolemy/actor/lib/test/auto/arrayType24.xml
----------------- Instantiating /home/travis/build/icyphy/ptII/ptolemy/actor/lib/test/auto/arrayType24.xml
7 ms. Memory: 483328K Free: 230013K (48%)
----------------- Invoking toplevel() on ptolemy.moml.MoMLSimpleApplication@4e1723a9
----------------- Done invoking toplevel() on ptolemy.moml.MoMLSimpleApplication@4e1723a9
reloadAllAccessors: .arrayType24

===========================================================================================
----------------- testing Sun Dec 15 06:26:33 UTC 2019 /home/travis/build/icyphy/ptII/ptolemy/actor/lib/test/auto/arrayType25.xml
----------------- Instantiating /home/travis/build/icyphy/ptII/ptolemy/actor/lib/test/auto/arrayType25.xml
1 ms. Memory: 483328K Free: 224893K (47%)
----------------- Invoking toplevel() on ptolemy.moml.MoMLSimpleApplication@3ff96297
----------------- Done invoking toplevel() on ptolemy.moml.MoMLSimpleApplication@3ff96297
reloadAllAccessors: .arrayType25

===========================================================================================
----------------- testing Sun Dec 15 06:26:33 UTC 2019 /home/travis/build/icyphy/ptII/ptolemy/actor/lib/test/auto/arrayType26.xml
----------------- Instantiating /home/travis/build/icyphy/ptII/ptolemy/actor/lib/test/auto/arrayType26.xml
1 ms. Memory: 483328K Free: 219259K (45%)
----------------- Invoking toplevel() on ptolemy.moml.MoMLSimpleApplication@62fd0d40
----------------- Done invoking toplevel() on ptolemy.moml.MoMLSimpleApplication@62fd0d40
reloadAllAccessors: .arrayType26

===========================================================================================
----------------- testing Sun Dec 15 06:26:33 UTC 2019 /home/travis/build/icyphy/ptII/ptolemy/actor/lib/test/auto/arrayType27.xml
----------------- Instantiating /home/travis/build/icyphy/ptII/ptolemy/actor/lib/test/auto/arrayType27.xml
1 ms. Memory: 483328K Free: 214139K (44%)
----------------- Invoking toplevel() on ptolemy.moml.MoMLSimpleApplication@5d00adc2
----------------- Done invoking toplevel() on ptolemy.moml.MoMLSimpleApplication@5d00adc2
reloadAllAccessors: .arrayType27

===========================================================================================
----------------- testing Sun Dec 15 06:26:33 UTC 2019 /home/travis/build/icyphy/ptII/ptolemy/actor/lib/test/auto/arrayType28.xml
----------------- Instantiating /home/travis/build/icyphy/ptII/ptolemy/actor/lib/test/auto/arrayType28.xml
3 ms. Memory: 483328K Free: 209019K (43%)
----------------- Invoking toplevel() on ptolemy.moml.MoMLSimpleApplication@6b84f36a
----------------- Done invoking toplevel() on ptolemy.moml.MoMLSimpleApplication@6b84f36a
reloadAllAccessors: .arrayType28

===========================================================================================
----------------- testing Sun Dec 15 06:26:33 UTC 2019 /home/travis/build/icyphy/ptII/ptolemy/actor/lib/test/auto/arrayType3.xml
----------------- Instantiating /home/travis/build/icyphy/ptII/ptolemy/actor/lib/test/auto/arrayType3.xml
3 ms. Memory: 483328K Free: 203899K (42%)
----------------- Invoking toplevel() on ptolemy.moml.MoMLSimpleApplication@1c79fc2
----------------- Done invoking toplevel() on ptolemy.moml.MoMLSimpleApplication@1c79fc2
reloadAllAccessors: .arrayType3

===========================================================================================
----------------- testing Sun Dec 15 06:26:33 UTC 2019 /home/travis/build/icyphy/ptII/ptolemy/actor/lib/test/auto/arrayType4.xml
----------------- Instantiating /home/travis/build/icyphy/ptII/ptolemy/actor/lib/test/auto/arrayType4.xml
1 ms. Memory: 483328K Free: 198269K (41%)
----------------- Invoking toplevel() on ptolemy.moml.MoMLSimpleApplication@476436e6
----------------- Done invoking toplevel() on ptolemy.moml.MoMLSimpleApplication@476436e6
reloadAllAccessors: .arrayType4

===========================================================================================
----------------- testing Sun Dec 15 06:26:33 UTC 2019 /home/travis/build/icyphy/ptII/ptolemy/actor/lib/test/auto/arrayType5.xml
----------------- Instantiating /home/travis/build/icyphy/ptII/ptolemy/actor/lib/test/auto/arrayType5.xml
2 ms. Memory: 483328K Free: 193149K (40%)
----------------- Invoking toplevel() on ptolemy.moml.MoMLSimpleApplication@1ecfe01b
----------------- Done invoking toplevel() on ptolemy.moml.MoMLSimpleApplication@1ecfe01b
reloadAllAccessors: .arrayType5

===========================================================================================
----------------- testing Sun Dec 15 06:26:33 UTC 2019 /home/travis/build/icyphy/ptII/ptolemy/actor/lib/test/auto/arrayType6.xml
----------------- Instantiating /home/travis/build/icyphy/ptII/ptolemy/actor/lib/test/auto/arrayType6.xml
1 ms. Memory: 483328K Free: 188539K (39%)
----------------- Invoking toplevel() on ptolemy.moml.MoMLSimpleApplication@149a0d19
----------------- Done invoking toplevel() on ptolemy.moml.MoMLSimpleApplication@149a0d19
reloadAllAccessors: .arrayType6

===========================================================================================
----------------- testing Sun Dec 15 06:26:33 UTC 2019 /home/travis/build/icyphy/ptII/ptolemy/actor/lib/test/auto/arrayType7.xml
----------------- Instantiating /home/travis/build/icyphy/ptII/ptolemy/actor/lib/test/auto/arrayType7.xml
2 ms. Memory: 483328K Free: 428032K (89%)
----------------- Invoking toplevel() on ptolemy.moml.MoMLSimpleApplication@1e61d590
----------------- Done invoking toplevel() on ptolemy.moml.MoMLSimpleApplication@1e61d590
reloadAllAccessors: .arrayType7

===========================================================================================
----------------- testing Sun Dec 15 06:26:33 UTC 2019 /home/travis/build/icyphy/ptII/ptolemy/actor/lib/test/auto/arrayType8.xml
----------------- Instantiating /home/travis/build/icyphy/ptII/ptolemy/actor/lib/test/auto/arrayType8.xml
2 ms. Memory: 483328K Free: 422912K (88%)
----------------- Invoking toplevel() on ptolemy.moml.MoMLSimpleApplication@10a0e5b
----------------- Done invoking toplevel() on ptolemy.moml.MoMLSimpleApplication@10a0e5b
reloadAllAccessors: .arrayType8

===========================================================================================
----------------- testing Sun Dec 15 06:26:34 UTC 2019 /home/travis/build/icyphy/ptII/ptolemy/actor/lib/test/auto/arrayType9.xml
----------------- Instantiating /home/travis/build/icyphy/ptII/ptolemy/actor/lib/test/auto/arrayType9.xml
1 ms. Memory: 483328K Free: 418302K (87%)
----------------- Invoking toplevel() on ptolemy.moml.MoMLSimpleApplication@7a407be2
----------------- Done invoking toplevel() on ptolemy.moml.MoMLSimpleApplication@7a407be2
reloadAllAccessors: .arrayType9

===========================================================================================
----------------- testing Sun Dec 15 06:26:34 UTC 2019 /home/travis/build/icyphy/ptII/ptolemy/actor/lib/test/auto/cast.xml
----------------- Instantiating /home/travis/build/icyphy/ptII/ptolemy/actor/lib/test/auto/cast.xml
2 ms. Memory: 483328K Free: 413696K (86%)
----------------- Invoking toplevel() on ptolemy.moml.MoMLSimpleApplication@20f6c29f
----------------- Done invoking toplevel() on ptolemy.moml.MoMLSimpleApplication@20f6c29f
reloadAllAccessors: .cast

===========================================================================================
----------------- testing Sun Dec 15 06:26:34 UTC 2019 /home/travis/build/icyphy/ptII/ptolemy/actor/lib/test/auto/compositeMultiPort.xml
----------------- Instantiating /home/travis/build/icyphy/ptII/ptolemy/actor/lib/test/auto/compositeMultiPort.xml
3 ms. Memory: 483328K Free: 404480K (84%)
----------------- Invoking toplevel() on ptolemy.moml.MoMLSimpleApplication@48244980
----------------- Done invoking toplevel() on ptolemy.moml.MoMLSimpleApplication@48244980
reloadAllAccessors: .compositeMultiPort

===========================================================================================
----------------- testing Sun Dec 15 06:26:34 UTC 2019 /home/travis/build/icyphy/ptII/ptolemy/actor/lib/test/auto/expressionCastInference.xml
----------------- Instantiating /home/travis/build/icyphy/ptII/ptolemy/actor/lib/test/auto/expressionCastInference.xml
2 ms. Memory: 483328K Free: 399870K (83%)
----------------- Invoking toplevel() on ptolemy.moml.MoMLSimpleApplication@670f5143
----------------- Done invoking toplevel() on ptolemy.moml.MoMLSimpleApplication@670f5143
reloadAllAccessors: .expressionCastInference

===========================================================================================
----------------- testing Sun Dec 15 06:26:34 UTC 2019 /home/travis/build/icyphy/ptII/ptolemy/actor/lib/test/auto/expressionCastInference2.xml
----------------- Instantiating /home/travis/build/icyphy/ptII/ptolemy/actor/lib/test/auto/expressionCastInference2.xml
2 ms. Memory: 483328K Free: 395264K (82%)
----------------- Invoking toplevel() on ptolemy.moml.MoMLSimpleApplication@1d7742ba
----------------- Done invoking toplevel() on ptolemy.moml.MoMLSimpleApplication@1d7742ba
reloadAllAccessors: .expressionCastInference2

===========================================================================================
----------------- testing Sun Dec 15 06:26:34 UTC 2019 /home/travis/build/icyphy/ptII/ptolemy/actor/lib/test/auto/expressionInference.xml
----------------- Instantiating /home/travis/build/icyphy/ptII/ptolemy/actor/lib/test/auto/expressionInference.xml
1 ms. Memory: 483328K Free: 390654K (81%)
----------------- Invoking toplevel() on ptolemy.moml.MoMLSimpleApplication@734f85a0
----------------- Done invoking toplevel() on ptolemy.moml.MoMLSimpleApplication@734f85a0
reloadAllAccessors: .expressionInference

===========================================================================================
----------------- testing Sun Dec 15 06:26:34 UTC 2019 /home/travis/build/icyphy/ptII/ptolemy/actor/lib/test/auto/expression_bug.xml
----------------- Instantiating /home/travis/build/icyphy/ptII/ptolemy/actor/lib/test/auto/expression_bug.xml
2 ms. Memory: 483328K Free: 386558K (80%)
----------------- Invoking toplevel() on ptolemy.moml.MoMLSimpleApplication@64d194c
----------------- Done invoking toplevel() on ptolemy.moml.MoMLSimpleApplication@64d194c
reloadAllAccessors: .expression_bug

===========================================================================================
----------------- testing Sun Dec 15 06:26:34 UTC 2019 /home/travis/build/icyphy/ptII/ptolemy/actor/lib/test/auto/factorial.xml
----------------- Instantiating /home/travis/build/icyphy/ptII/ptolemy/actor/lib/test/auto/factorial.xml
41 ms. Memory: 483328K Free: 378366K (78%)
----------------- Invoking toplevel() on ptolemy.moml.MoMLSimpleApplication@2201cdc0
----------------- Done invoking toplevel() on ptolemy.moml.MoMLSimpleApplication@2201cdc0
reloadAllAccessors: .factorial

===========================================================================================
----------------- testing Sun Dec 15 06:26:34 UTC 2019 /home/travis/build/icyphy/ptII/ptolemy/actor/lib/test/auto/filterTest1.xml
----------------- Instantiating /home/travis/build/icyphy/ptII/ptolemy/actor/lib/test/auto/filterTest1.xml
3 ms. Memory: 483328K Free: 372736K (77%)
----------------- Invoking toplevel() on ptolemy.moml.MoMLSimpleApplication@49165a61
----------------- Done invoking toplevel() on ptolemy.moml.MoMLSimpleApplication@49165a61
reloadAllAccessors: .filterTest1

===========================================================================================
----------------- testing Sun Dec 15 06:26:34 UTC 2019 /home/travis/build/icyphy/ptII/ptolemy/actor/lib/test/auto/funcApplyInConst.xml
----------------- Instantiating /home/travis/build/icyphy/ptII/ptolemy/actor/lib/test/auto/funcApplyInConst.xml
1 ms. Memory: 483328K Free: 368640K (76%)
----------------- Invoking toplevel() on ptolemy.moml.MoMLSimpleApplication@19b59c68
----------------- Done invoking toplevel() on ptolemy.moml.MoMLSimpleApplication@19b59c68
reloadAllAccessors: .funcApplyInConst

===========================================================================================
----------------- testing Sun Dec 15 06:26:34 UTC 2019 /home/travis/build/icyphy/ptII/ptolemy/actor/lib/test/auto/funcApplyInExpr.xml
----------------- Instantiating /home/travis/build/icyphy/ptII/ptolemy/actor/lib/test/auto/funcApplyInExpr.xml
1 ms. Memory: 483328K Free: 365054K (76%)
----------------- Invoking toplevel() on ptolemy.moml.MoMLSimpleApplication@3e3dc56a
----------------- Done invoking toplevel() on ptolemy.moml.MoMLSimpleApplication@3e3dc56a
reloadAllAccessors: .funcApplyInExpr

===========================================================================================
----------------- testing Sun Dec 15 06:26:34 UTC 2019 /home/travis/build/icyphy/ptII/ptolemy/actor/lib/test/auto/function.xml
----------------- Instantiating /home/travis/build/icyphy/ptII/ptolemy/actor/lib/test/auto/function.xml
2 ms. Memory: 483328K Free: 360448K (75%)
----------------- Invoking toplevel() on ptolemy.moml.MoMLSimpleApplication@256ed685
----------------- Done invoking toplevel() on ptolemy.moml.MoMLSimpleApplication@256ed685
reloadAllAccessors: .function

===========================================================================================
----------------- testing Sun Dec 15 06:26:34 UTC 2019 /home/travis/build/icyphy/ptII/ptolemy/actor/lib/test/auto/function2.xml
----------------- Instantiating /home/travis/build/icyphy/ptII/ptolemy/actor/lib/test/auto/function2.xml
6 ms. Memory: 483328K Free: 355328K (74%)
----------------- Invoking toplevel() on ptolemy.moml.MoMLSimpleApplication@53cc8053
----------------- Done invoking toplevel() on ptolemy.moml.MoMLSimpleApplication@53cc8053
reloadAllAccessors: .function2

===========================================================================================
----------------- testing Sun Dec 15 06:26:34 UTC 2019 /home/travis/build/icyphy/ptII/ptolemy/actor/lib/test/auto/function3.xml
----------------- Instantiating /home/travis/build/icyphy/ptII/ptolemy/actor/lib/test/auto/function3.xml
1 ms. Memory: 483328K Free: 351742K (73%)
----------------- Invoking toplevel() on ptolemy.moml.MoMLSimpleApplication@3702a060
----------------- Done invoking toplevel() on ptolemy.moml.MoMLSimpleApplication@3702a060
reloadAllAccessors: .function3

===========================================================================================
----------------- testing Sun Dec 15 06:26:34 UTC 2019 /home/travis/build/icyphy/ptII/ptolemy/actor/lib/test/auto/functionClosureTest1.xml
----------------- Instantiating /home/travis/build/icyphy/ptII/ptolemy/actor/lib/test/auto/functionClosureTest1.xml
2 ms. Memory: 483328K Free: 346112K (72%)
----------------- Invoking toplevel() on ptolemy.moml.MoMLSimpleApplication@64c2d8f1
----------------- Done invoking toplevel() on ptolemy.moml.MoMLSimpleApplication@64c2d8f1
reloadAllAccessors: .functionClosureTest1

===========================================================================================
----------------- testing Sun Dec 15 06:26:34 UTC 2019 /home/travis/build/icyphy/ptII/ptolemy/actor/lib/test/auto/functionClosureTest2.xml
----------------- Instantiating /home/travis/build/icyphy/ptII/ptolemy/actor/lib/test/auto/functionClosureTest2.xml
2 ms. Memory: 483328K Free: 342016K (71%)
----------------- Invoking toplevel() on ptolemy.moml.MoMLSimpleApplication@5f630124
----------------- Done invoking toplevel() on ptolemy.moml.MoMLSimpleApplication@5f630124
reloadAllAccessors: .functionClosureTest2

===========================================================================================
----------------- testing Sun Dec 15 06:26:34 UTC 2019 /home/travis/build/icyphy/ptII/ptolemy/actor/lib/test/auto/functionClosureTest3.xml
----------------- Instantiating /home/travis/build/icyphy/ptII/ptolemy/actor/lib/test/auto/functionClosureTest3.xml
3 ms. Memory: 483328K Free: 336896K (70%)
----------------- Invoking toplevel() on ptolemy.moml.MoMLSimpleApplication@240cd61b
----------------- Done invoking toplevel() on ptolemy.moml.MoMLSimpleApplication@240cd61b
reloadAllAccessors: .functionClosureTest3

===========================================================================================
----------------- testing Sun Dec 15 06:26:34 UTC 2019 /home/travis/build/icyphy/ptII/ptolemy/actor/lib/test/auto/functionClosureTest4.xml
----------------- Instantiating /home/travis/build/icyphy/ptII/ptolemy/actor/lib/test/auto/functionClosureTest4.xml
4 ms. Memory: 483328K Free: 330752K (68%)
----------------- Invoking toplevel() on ptolemy.moml.MoMLSimpleApplication@bdec7e9
----------------- Done invoking toplevel() on ptolemy.moml.MoMLSimpleApplication@bdec7e9
reloadAllAccessors: .functionClosureTest4

===========================================================================================
----------------- testing Sun Dec 15 06:26:34 UTC 2019 /home/travis/build/icyphy/ptII/ptolemy/actor/lib/test/auto/functionClosureTest5.xml
----------------- Instantiating /home/travis/build/icyphy/ptII/ptolemy/actor/lib/test/auto/functionClosureTest5.xml
3 ms. Memory: 483328K Free: 325111K (67%)
----------------- Invoking toplevel() on ptolemy.moml.MoMLSimpleApplication@6ae261f7
----------------- Done invoking toplevel() on ptolemy.moml.MoMLSimpleApplication@6ae261f7
reloadAllAccessors: .functionClosureTest5

===========================================================================================
----------------- testing Sun Dec 15 06:26:34 UTC 2019 /home/travis/build/icyphy/ptII/ptolemy/actor/lib/test/auto/functionClosureTest6.xml
----------------- Instantiating /home/travis/build/icyphy/ptII/ptolemy/actor/lib/test/auto/functionClosureTest6.xml
2 ms. Memory: 483328K Free: 320512K (66%)
----------------- Invoking toplevel() on ptolemy.moml.MoMLSimpleApplication@7d400efa
----------------- Done invoking toplevel() on ptolemy.moml.MoMLSimpleApplication@7d400efa
reloadAllAccessors: .functionClosureTest6

===========================================================================================
----------------- testing Sun Dec 15 06:26:34 UTC 2019 /home/travis/build/icyphy/ptII/ptolemy/actor/lib/test/auto/functionsOnArcs.xml
----------------- Instantiating /home/travis/build/icyphy/ptII/ptolemy/actor/lib/test/auto/functionsOnArcs.xml
2 ms. Memory: 483328K Free: 315392K (65%)
----------------- Invoking toplevel() on ptolemy.moml.MoMLSimpleApplication@3a301821
----------------- Done invoking toplevel() on ptolemy.moml.MoMLSimpleApplication@3a301821
reloadAllAccessors: .functionsOnArcs

===========================================================================================
----------------- testing Sun Dec 15 06:26:34 UTC 2019 /home/travis/build/icyphy/ptII/ptolemy/actor/lib/test/auto/functionsOnArcsHOF.xml
----------------- Instantiating /home/travis/build/icyphy/ptII/ptolemy/actor/lib/test/auto/functionsOnArcsHOF.xml
3 ms. Memory: 483328K Free: 309248K (64%)
----------------- Invoking toplevel() on ptolemy.moml.MoMLSimpleApplication@48593574
----------------- Done invoking toplevel() on ptolemy.moml.MoMLSimpleApplication@48593574
reloadAllAccessors: .functionsOnArcsHOF

===========================================================================================
----------------- testing Sun Dec 15 06:26:34 UTC 2019 /home/travis/build/icyphy/ptII/ptolemy/actor/lib/test/auto/logic.xml
----------------- Instantiating /home/travis/build/icyphy/ptII/ptolemy/actor/lib/test/auto/logic.xml
1 ms. Memory: 483328K Free: 302080K (63%)
----------------- Invoking toplevel() on ptolemy.moml.MoMLSimpleApplication@d58f3c2
----------------- Done invoking toplevel() on ptolemy.moml.MoMLSimpleApplication@d58f3c2
reloadAllAccessors: .logic

===========================================================================================
----------------- testing Sun Dec 15 06:26:34 UTC 2019 /home/travis/build/icyphy/ptII/ptolemy/actor/lib/test/auto/matrixType.xml
----------------- Instantiating /home/travis/build/icyphy/ptII/ptolemy/actor/lib/test/auto/matrixType.xml
2 ms. Memory: 483328K Free: 297470K (62%)
----------------- Invoking toplevel() on ptolemy.moml.MoMLSimpleApplication@10bb0a80
----------------- Done invoking toplevel() on ptolemy.moml.MoMLSimpleApplication@10bb0a80
reloadAllAccessors: .matrixType

===========================================================================================
----------------- testing Sun Dec 15 06:26:34 UTC 2019 /home/travis/build/icyphy/ptII/ptolemy/actor/lib/test/auto/matrixType10.xml
----------------- Instantiating /home/travis/build/icyphy/ptII/ptolemy/actor/lib/test/auto/matrixType10.xml
2 ms. Memory: 483328K Free: 292350K (60%)
----------------- Invoking toplevel() on ptolemy.moml.MoMLSimpleApplication@5e76710d
----------------- Done invoking toplevel() on ptolemy.moml.MoMLSimpleApplication@5e76710d
reloadAllAccessors: .matrixType10

===========================================================================================
----------------- testing Sun Dec 15 06:26:34 UTC 2019 /home/travis/build/icyphy/ptII/ptolemy/actor/lib/test/auto/matrixType11.xml
----------------- Instantiating /home/travis/build/icyphy/ptII/ptolemy/actor/lib/test/auto/matrixType11.xml
1 ms. Memory: 483328K Free: 287744K (60%)
----------------- Invoking toplevel() on ptolemy.moml.MoMLSimpleApplication@aeb1cea
----------------- Done invoking toplevel() on ptolemy.moml.MoMLSimpleApplication@aeb1cea
reloadAllAccessors: .matrixType11

===========================================================================================
----------------- testing Sun Dec 15 06:26:34 UTC 2019 /home/travis/build/icyphy/ptII/ptolemy/actor/lib/test/auto/matrixType12.xml
----------------- Instantiating /home/travis/build/icyphy/ptII/ptolemy/actor/lib/test/auto/matrixType12.xml
1 ms. Memory: 483328K Free: 283134K (59%)
----------------- Invoking toplevel() on ptolemy.moml.MoMLSimpleApplication@20bea28d
----------------- Done invoking toplevel() on ptolemy.moml.MoMLSimpleApplication@20bea28d
reloadAllAccessors: .matrixType12

===========================================================================================
----------------- testing Sun Dec 15 06:26:34 UTC 2019 /home/travis/build/icyphy/ptII/ptolemy/actor/lib/test/auto/matrixType13.xml
----------------- Instantiating /home/travis/build/icyphy/ptII/ptolemy/actor/lib/test/auto/matrixType13.xml
1 ms. Memory: 483328K Free: 278014K (58%)
----------------- Invoking toplevel() on ptolemy.moml.MoMLSimpleApplication@3af79758
----------------- Done invoking toplevel() on ptolemy.moml.MoMLSimpleApplication@3af79758
reloadAllAccessors: .matrixType13

===========================================================================================
----------------- testing Sun Dec 15 06:26:34 UTC 2019 /home/travis/build/icyphy/ptII/ptolemy/actor/lib/test/auto/matrixType14.xml
----------------- Instantiating /home/travis/build/icyphy/ptII/ptolemy/actor/lib/test/auto/matrixType14.xml
1 ms. Memory: 483328K Free: 272879K (56%)
----------------- Invoking toplevel() on ptolemy.moml.MoMLSimpleApplication@63cbeaa6
----------------- Done invoking toplevel() on ptolemy.moml.MoMLSimpleApplication@63cbeaa6
reloadAllAccessors: .matrixType14

===========================================================================================
----------------- testing Sun Dec 15 06:26:34 UTC 2019 /home/travis/build/icyphy/ptII/ptolemy/actor/lib/test/auto/matrixType2.xml
----------------- Instantiating /home/travis/build/icyphy/ptII/ptolemy/actor/lib/test/auto/matrixType2.xml
1 ms. Memory: 483328K Free: 267774K (55%)
----------------- Invoking toplevel() on ptolemy.moml.MoMLSimpleApplication@4adc37a1
----------------- Done invoking toplevel() on ptolemy.moml.MoMLSimpleApplication@4adc37a1
reloadAllAccessors: .matrixType2

===========================================================================================
----------------- testing Sun Dec 15 06:26:34 UTC 2019 /home/travis/build/icyphy/ptII/ptolemy/actor/lib/test/auto/matrixType3.xml
----------------- Instantiating /home/travis/build/icyphy/ptII/ptolemy/actor/lib/test/auto/matrixType3.xml
4 ms. Memory: 483328K Free: 263168K (54%)
----------------- Invoking toplevel() on ptolemy.moml.MoMLSimpleApplication@7d7e6403
----------------- Done invoking toplevel() on ptolemy.moml.MoMLSimpleApplication@7d7e6403
reloadAllAccessors: .matrixType3

===========================================================================================
----------------- testing Sun Dec 15 06:26:34 UTC 2019 /home/travis/build/icyphy/ptII/ptolemy/actor/lib/test/auto/matrixType4.xml
----------------- Instantiating /home/travis/build/icyphy/ptII/ptolemy/actor/lib/test/auto/matrixType4.xml
1 ms. Memory: 483328K Free: 258558K (53%)
----------------- Invoking toplevel() on ptolemy.moml.MoMLSimpleApplication@680b568b
----------------- Done invoking toplevel() on ptolemy.moml.MoMLSimpleApplication@680b568b
reloadAllAccessors: .matrixType4

===========================================================================================
----------------- testing Sun Dec 15 06:26:34 UTC 2019 /home/travis/build/icyphy/ptII/ptolemy/actor/lib/test/auto/matrixType5.xml
----------------- Instantiating /home/travis/build/icyphy/ptII/ptolemy/actor/lib/test/auto/matrixType5.xml
2 ms. Memory: 483328K Free: 253438K (52%)
----------------- Invoking toplevel() on ptolemy.moml.MoMLSimpleApplication@4e4b015c
----------------- Done invoking toplevel() on ptolemy.moml.MoMLSimpleApplication@4e4b015c
reloadAllAccessors: .matrixType5

===========================================================================================
----------------- testing Sun Dec 15 06:26:34 UTC 2019 /home/travis/build/icyphy/ptII/ptolemy/actor/lib/test/auto/matrixType6.xml
----------------- Instantiating /home/travis/build/icyphy/ptII/ptolemy/actor/lib/test/auto/matrixType6.xml
1 ms. Memory: 483328K Free: 248832K (51%)
----------------- Invoking toplevel() on ptolemy.moml.MoMLSimpleApplication@18bf2740
----------------- Done invoking toplevel() on ptolemy.moml.MoMLSimpleApplication@18bf2740
reloadAllAccessors: .matrixType6

===========================================================================================
----------------- testing Sun Dec 15 06:26:34 UTC 2019 /home/travis/build/icyphy/ptII/ptolemy/actor/lib/test/auto/matrixType7.xml
----------------- Instantiating /home/travis/build/icyphy/ptII/ptolemy/actor/lib/test/auto/matrixType7.xml
1 ms. Memory: 483328K Free: 244222K (51%)
----------------- Invoking toplevel() on ptolemy.moml.MoMLSimpleApplication@2dc6de92
----------------- Done invoking toplevel() on ptolemy.moml.MoMLSimpleApplication@2dc6de92
reloadAllAccessors: .matrixType7

===========================================================================================
----------------- testing Sun Dec 15 06:26:34 UTC 2019 /home/travis/build/icyphy/ptII/ptolemy/actor/lib/test/auto/matrixType8.xml
----------------- Instantiating /home/travis/build/icyphy/ptII/ptolemy/actor/lib/test/auto/matrixType8.xml
2 ms. Memory: 483328K Free: 239102K (49%)
----------------- Invoking toplevel() on ptolemy.moml.MoMLSimpleApplication@135df54c
----------------- Done invoking toplevel() on ptolemy.moml.MoMLSimpleApplication@135df54c
reloadAllAccessors: .matrixType8

===========================================================================================
----------------- testing Sun Dec 15 06:26:34 UTC 2019 /home/travis/build/icyphy/ptII/ptolemy/actor/lib/test/auto/matrixType9.xml
----------------- Instantiating /home/travis/build/icyphy/ptII/ptolemy/actor/lib/test/auto/matrixType9.xml
1 ms. Memory: 483328K Free: 234496K (49%)
----------------- Invoking toplevel() on ptolemy.moml.MoMLSimpleApplication@65281f11
----------------- Done invoking toplevel() on ptolemy.moml.MoMLSimpleApplication@65281f11
reloadAllAccessors: .matrixType9

===========================================================================================
----------------- testing Sun Dec 15 06:26:34 UTC 2019 /home/travis/build/icyphy/ptII/ptolemy/actor/lib/test/auto/paraFunctest.xml
----------------- Instantiating /home/travis/build/icyphy/ptII/ptolemy/actor/lib/test/auto/paraFunctest.xml
2 ms. Memory: 483328K Free: 229886K (48%)
----------------- Invoking toplevel() on ptolemy.moml.MoMLSimpleApplication@3c972807
----------------- Done invoking toplevel() on ptolemy.moml.MoMLSimpleApplication@3c972807
reloadAllAccessors: .paraFunctest

===========================================================================================
----------------- testing Sun Dec 15 06:26:34 UTC 2019 /home/travis/build/icyphy/ptII/ptolemy/actor/lib/test/auto/paraFunctest2.xml
----------------- Instantiating /home/travis/build/icyphy/ptII/ptolemy/actor/lib/test/auto/paraFunctest2.xml
2 ms. Memory: 483328K Free: 225790K (47%)
----------------- Invoking toplevel() on ptolemy.moml.MoMLSimpleApplication@3950555
----------------- Done invoking toplevel() on ptolemy.moml.MoMLSimpleApplication@3950555
reloadAllAccessors: .paraFunctest2

===========================================================================================
----------------- testing Sun Dec 15 06:26:34 UTC 2019 /home/travis/build/icyphy/ptII/ptolemy/actor/lib/test/auto/parameterPassing.xml
----------------- Instantiating /home/travis/build/icyphy/ptII/ptolemy/actor/lib/test/auto/parameterPassing.xml
1 ms. Memory: 483328K Free: 221694K (46%)
----------------- Invoking toplevel() on ptolemy.moml.MoMLSimpleApplication@77d51ba8
----------------- Done invoking toplevel() on ptolemy.moml.MoMLSimpleApplication@77d51ba8
reloadAllAccessors: .parameterPassing

===========================================================================================
----------------- testing Sun Dec 15 06:26:34 UTC 2019 /home/travis/build/icyphy/ptII/ptolemy/actor/lib/test/auto/record.xml
----------------- Instantiating /home/travis/build/icyphy/ptII/ptolemy/actor/lib/test/auto/record.xml
3 ms. Memory: 483328K Free: 216574K (45%)
----------------- Invoking toplevel() on ptolemy.moml.MoMLSimpleApplication@6fcf20e3
----------------- Done invoking toplevel() on ptolemy.moml.MoMLSimpleApplication@6fcf20e3
reloadAllAccessors: .record

===========================================================================================
----------------- testing Sun Dec 15 06:26:34 UTC 2019 /home/travis/build/icyphy/ptII/ptolemy/actor/lib/test/auto/sizedarray1.xml
----------------- Instantiating /home/travis/build/icyphy/ptII/ptolemy/actor/lib/test/auto/sizedarray1.xml
1 ms. Memory: 483328K Free: 211454K (44%)
----------------- Invoking toplevel() on ptolemy.moml.MoMLSimpleApplication@19347c56
----------------- Done invoking toplevel() on ptolemy.moml.MoMLSimpleApplication@19347c56
reloadAllAccessors: .sizedarray1

===========================================================================================
----------------- testing Sun Dec 15 06:26:34 UTC 2019 /home/travis/build/icyphy/ptII/ptolemy/actor/lib/test/auto/sizedarray2.xml
----------------- Instantiating /home/travis/build/icyphy/ptII/ptolemy/actor/lib/test/auto/sizedarray2.xml
4 ms. Memory: 483328K Free: 205824K (43%)
----------------- Invoking toplevel() on ptolemy.moml.MoMLSimpleApplication@103f0175
----------------- Done invoking toplevel() on ptolemy.moml.MoMLSimpleApplication@103f0175
reloadAllAccessors: .sizedarray2

===========================================================================================
----------------- testing Sun Dec 15 06:26:34 UTC 2019 /home/travis/build/icyphy/ptII/ptolemy/actor/lib/test/auto/twoPublishers.xml
----------------- Instantiating /home/travis/build/icyphy/ptII/ptolemy/actor/lib/test/auto/twoPublishers.xml
6 ms. Memory: 483328K Free: 195070K (40%)
----------------- Invoking toplevel() on ptolemy.moml.MoMLSimpleApplication@8b85e52
----------------- Done invoking toplevel() on ptolemy.moml.MoMLSimpleApplication@8b85e52
reloadAllAccessors: .twoPublishers
AutoTests.java: About to close Vertx.
AutoTests.java: Vertx closed.
]]></system-out>
  <system-err><![CDATA[java.lang.RuntimeException: Execution failed
	at ptolemy.moml.MoMLSimpleApplication$UnloadThread.run(MoMLSimpleApplication.java:402)
Caused by: java.lang.RuntimeException: StringUtilities.exit() was called. Normally, we would exit here because Manager.exitAfterWrapup() was called.  However, because the ptolemy.ptII.exitAfterWrapup property is set, we throw this exception instead.
	at ptolemy.util.StringUtilities.exit(StringUtilities.java:365)
	at ptolemy.actor.Manager.wrapup(Manager.java:1549)
	at ptolemy.actor.Manager.execute(Manager.java:407)
	at ptolemy.actor.Manager.run(Manager.java:1263)
	at ptolemy.actor.Manager$PtolemyRunThread.run(Manager.java:1933)
Warning: '.top.test' is in training mode, set the trainingMode parameter to false before checking in
Warning: '.top.test' is in training mode, set the trainingMode parameter to false before checking in
Warning: '.top.test' is in training mode, set the trainingMode parameter to false before checking in
Warning: '.BooleanSwitch_RegressionTest_WrongTrainingValues.Test' is in training mode, set the trainingMode parameter to false before checking in
Warning: '.BooleanSwitch_RegressionTest_WrongTrainingValues.Test2' is in training mode, set the trainingMode parameter to false before checking in
Warning: '.BooleanSwitch_RegressionTest_WrongTrainingValues.Test2' The test produced 0 tokens.
Warning: '.top.testExceptionHandler' is in training mode, set the trainingMode parameter to false before checking in
java.lang.RuntimeException: Execution failed
	at ptolemy.moml.MoMLSimpleApplication$UnloadThread.run(MoMLSimpleApplication.java:402)
Caused by: ptolemy.kernel.util.IllegalActionException: PublisherPorts cannot be used at the top level, use a Publisher actor instead.
  in .PublisherPortToplevelSubscriber.PublisherPort
	at ptolemy.actor.PublisherPort.preinitialize(PublisherPort.java:403)
	at ptolemy.actor.CompositeActor.preinitialize(CompositeActor.java:1769)
	at ptolemy.actor.Manager.preinitializeAndResolveTypes(Manager.java:1040)
	at ptolemy.actor.Manager.initialize(Manager.java:710)
	at ptolemy.actor.Manager.execute(Manager.java:356)
	at ptolemy.actor.Manager.run(Manager.java:1263)
	at ptolemy.actor.Manager$PtolemyRunThread.run(Manager.java:1933)
java.lang.reflect.InvocationTargetException
	at java.base/jdk.internal.reflect.NativeConstructorAccessorImpl.newInstance0(Native Method)
	at java.base/jdk.internal.reflect.NativeConstructorAccessorImpl.newInstance(NativeConstructorAccessorImpl.java:62)
	at java.base/jdk.internal.reflect.DelegatingConstructorAccessorImpl.newInstance(DelegatingConstructorAccessorImpl.java:45)
	at java.base/java.lang.reflect.Constructor.newInstance(Constructor.java:490)
	at ptolemy.util.test.junit.AutoKnownFailedTests.RunModel(AutoKnownFailedTests.java:105)
	at java.base/jdk.internal.reflect.NativeMethodAccessorImpl.invoke0(Native Method)
	at java.base/jdk.internal.reflect.NativeMethodAccessorImpl.invoke(NativeMethodAccessorImpl.java:62)
	at java.base/jdk.internal.reflect.DelegatingMethodAccessorImpl.invoke(DelegatingMethodAccessorImpl.java:43)
	at java.base/java.lang.reflect.Method.invoke(Method.java:566)
	at org.junit.runners.model.FrameworkMethod$1.runReflectiveCall(FrameworkMethod.java:44)
	at org.junit.internal.runners.model.ReflectiveCallable.run(ReflectiveCallable.java:15)
	at org.junit.runners.model.FrameworkMethod.invokeExplosively(FrameworkMethod.java:41)
	at junitparams.internal.InvokeParameterisedMethod.evaluate(InvokeParameterisedMethod.java:102)
	at org.junit.internal.runners.statements.FailOnTimeout$1.run(FailOnTimeout.java:28)
Caused by: ptolemy.kernel.util.IllegalActionException: PublisherPorts cannot be used at the top level, use a Publisher actor instead.
  in .PublisherPortToplevelSubscriber.PublisherPort
	at ptolemy.actor.PublisherPort.preinitialize(PublisherPort.java:403)
	at ptolemy.actor.CompositeActor.preinitialize(CompositeActor.java:1769)
	at ptolemy.actor.Manager.preinitializeAndResolveTypes(Manager.java:1040)
	at ptolemy.actor.Manager.initialize(Manager.java:710)
	at ptolemy.actor.Manager.execute(Manager.java:356)
	at ptolemy.actor.Manager.run(Manager.java:1263)
	at ptolemy.actor.Manager$PtolemyRunThread.run(Manager.java:1933)
java.lang.RuntimeException: Execution failed
	at ptolemy.moml.MoMLSimpleApplication$UnloadThread.run(MoMLSimpleApplication.java:402)
Caused by: ptolemy.kernel.util.IllegalActionException: SubscriberPorts cannot be used at the top level, use a Subscriber actor instead.
  in .PublisherSubscriberPortToplevel.SubscriberPort
	at ptolemy.actor.SubscriberPort.preinitialize(SubscriberPort.java:328)
	at ptolemy.actor.CompositeActor.preinitialize(CompositeActor.java:1769)
	at ptolemy.actor.Manager.preinitializeAndResolveTypes(Manager.java:1040)
	at ptolemy.actor.Manager.initialize(Manager.java:710)
	at ptolemy.actor.Manager.execute(Manager.java:356)
	at ptolemy.actor.Manager.run(Manager.java:1263)
	at ptolemy.actor.Manager$PtolemyRunThread.run(Manager.java:1933)
java.lang.reflect.InvocationTargetException
	at java.base/jdk.internal.reflect.NativeConstructorAccessorImpl.newInstance0(Native Method)
	at java.base/jdk.internal.reflect.NativeConstructorAccessorImpl.newInstance(NativeConstructorAccessorImpl.java:62)
	at java.base/jdk.internal.reflect.DelegatingConstructorAccessorImpl.newInstance(DelegatingConstructorAccessorImpl.java:45)
	at java.base/java.lang.reflect.Constructor.newInstance(Constructor.java:490)
	at ptolemy.util.test.junit.AutoKnownFailedTests.RunModel(AutoKnownFailedTests.java:105)
	at java.base/jdk.internal.reflect.NativeMethodAccessorImpl.invoke0(Native Method)
	at java.base/jdk.internal.reflect.NativeMethodAccessorImpl.invoke(NativeMethodAccessorImpl.java:62)
	at java.base/jdk.internal.reflect.DelegatingMethodAccessorImpl.invoke(DelegatingMethodAccessorImpl.java:43)
	at java.base/java.lang.reflect.Method.invoke(Method.java:566)
	at org.junit.runners.model.FrameworkMethod$1.runReflectiveCall(FrameworkMethod.java:44)
	at org.junit.internal.runners.model.ReflectiveCallable.run(ReflectiveCallable.java:15)
	at org.junit.runners.model.FrameworkMethod.invokeExplosively(FrameworkMethod.java:41)
	at junitparams.internal.InvokeParameterisedMethod.evaluate(InvokeParameterisedMethod.java:102)
	at org.junit.internal.runners.statements.FailOnTimeout$1.run(FailOnTimeout.java:28)
Caused by: ptolemy.kernel.util.IllegalActionException: SubscriberPorts cannot be used at the top level, use a Subscriber actor instead.
  in .PublisherSubscriberPortToplevel.SubscriberPort
	at ptolemy.actor.SubscriberPort.preinitialize(SubscriberPort.java:328)
	at ptolemy.actor.CompositeActor.preinitialize(CompositeActor.java:1769)
	at ptolemy.actor.Manager.preinitializeAndResolveTypes(Manager.java:1040)
	at ptolemy.actor.Manager.initialize(Manager.java:710)
	at ptolemy.actor.Manager.execute(Manager.java:356)
	at ptolemy.actor.Manager.run(Manager.java:1263)
	at ptolemy.actor.Manager$PtolemyRunThread.run(Manager.java:1933)
java.lang.RuntimeException: Execution failed
	at ptolemy.moml.MoMLSimpleApplication$UnloadThread.run(MoMLSimpleApplication.java:402)
Caused by: ptolemy.kernel.util.IllegalActionException: SubscriptionAggregatorPorts cannot be used at the top level, use a SubscriptionAggregator actor instead.
  in .PublisherSubscriptionAggregatorPort.SubscriptionAggregatorPort
	at ptolemy.actor.SubscriptionAggregatorPort.preinitialize(SubscriptionAggregatorPort.java:353)
	at ptolemy.actor.CompositeActor.preinitialize(CompositeActor.java:1769)
	at ptolemy.actor.Manager.preinitializeAndResolveTypes(Manager.java:1040)
	at ptolemy.actor.Manager.initialize(Manager.java:710)
	at ptolemy.actor.Manager.execute(Manager.java:356)
	at ptolemy.actor.Manager.run(Manager.java:1263)
	at ptolemy.actor.Manager$PtolemyRunThread.run(Manager.java:1933)
java.lang.reflect.InvocationTargetException
	at java.base/jdk.internal.reflect.NativeConstructorAccessorImpl.newInstance0(Native Method)
	at java.base/jdk.internal.reflect.NativeConstructorAccessorImpl.newInstance(NativeConstructorAccessorImpl.java:62)
	at java.base/jdk.internal.reflect.DelegatingConstructorAccessorImpl.newInstance(DelegatingConstructorAccessorImpl.java:45)
	at java.base/java.lang.reflect.Constructor.newInstance(Constructor.java:490)
	at ptolemy.util.test.junit.AutoKnownFailedTests.RunModel(AutoKnownFailedTests.java:105)
	at java.base/jdk.internal.reflect.NativeMethodAccessorImpl.invoke0(Native Method)
	at java.base/jdk.internal.reflect.NativeMethodAccessorImpl.invoke(NativeMethodAccessorImpl.java:62)
	at java.base/jdk.internal.reflect.DelegatingMethodAccessorImpl.invoke(DelegatingMethodAccessorImpl.java:43)
	at java.base/java.lang.reflect.Method.invoke(Method.java:566)
	at org.junit.runners.model.FrameworkMethod$1.runReflectiveCall(FrameworkMethod.java:44)
	at org.junit.internal.runners.model.ReflectiveCallable.run(ReflectiveCallable.java:15)
	at org.junit.runners.model.FrameworkMethod.invokeExplosively(FrameworkMethod.java:41)
	at junitparams.internal.InvokeParameterisedMethod.evaluate(InvokeParameterisedMethod.java:102)
	at org.junit.internal.runners.statements.FailOnTimeout$1.run(FailOnTimeout.java:28)
Caused by: ptolemy.kernel.util.IllegalActionException: SubscriptionAggregatorPorts cannot be used at the top level, use a SubscriptionAggregator actor instead.
  in .PublisherSubscriptionAggregatorPort.SubscriptionAggregatorPort
	at ptolemy.actor.SubscriptionAggregatorPort.preinitialize(SubscriptionAggregatorPort.java:353)
	at ptolemy.actor.CompositeActor.preinitialize(CompositeActor.java:1769)
	at ptolemy.actor.Manager.preinitializeAndResolveTypes(Manager.java:1040)
	at ptolemy.actor.Manager.initialize(Manager.java:710)
	at ptolemy.actor.Manager.execute(Manager.java:356)
	at ptolemy.actor.Manager.run(Manager.java:1263)
	at ptolemy.actor.Manager$PtolemyRunThread.run(Manager.java:1933)
java.lang.RuntimeException: Execution failed
	at ptolemy.moml.MoMLSimpleApplication$UnloadThread.run(MoMLSimpleApplication.java:402)
Caused by: ptolemy.kernel.util.IllegalActionException: TypeTest actor has no training data.
  in .sizedarray3.TypeTest
	at ptolemy.actor.lib.TypeTest.initialize(TypeTest.java:250)
	at ptolemy.actor.Director.initialize(Director.java:938)
	at ptolemy.actor.Director.initialize(Director.java:907)
	at ptolemy.actor.sched.StaticSchedulingDirector.initialize(StaticSchedulingDirector.java:159)
	at ptolemy.domains.sdf.kernel.SDFDirector.initialize(SDFDirector.java:544)
	at ptolemy.actor.CompositeActor.initialize(CompositeActor.java:935)
	at ptolemy.actor.Manager.initialize(Manager.java:724)
	at ptolemy.actor.Manager.execute(Manager.java:356)
	at ptolemy.actor.Manager.run(Manager.java:1263)
	at ptolemy.actor.Manager$PtolemyRunThread.run(Manager.java:1933)
java.lang.reflect.InvocationTargetException
	at java.base/jdk.internal.reflect.NativeConstructorAccessorImpl.newInstance0(Native Method)
	at java.base/jdk.internal.reflect.NativeConstructorAccessorImpl.newInstance(NativeConstructorAccessorImpl.java:62)
	at java.base/jdk.internal.reflect.DelegatingConstructorAccessorImpl.newInstance(DelegatingConstructorAccessorImpl.java:45)
	at java.base/java.lang.reflect.Constructor.newInstance(Constructor.java:490)
	at ptolemy.util.test.junit.AutoKnownFailedTests.RunModel(AutoKnownFailedTests.java:105)
	at java.base/jdk.internal.reflect.NativeMethodAccessorImpl.invoke0(Native Method)
	at java.base/jdk.internal.reflect.NativeMethodAccessorImpl.invoke(NativeMethodAccessorImpl.java:62)
	at java.base/jdk.internal.reflect.DelegatingMethodAccessorImpl.invoke(DelegatingMethodAccessorImpl.java:43)
	at java.base/java.lang.reflect.Method.invoke(Method.java:566)
	at org.junit.runners.model.FrameworkMethod$1.runReflectiveCall(FrameworkMethod.java:44)
	at org.junit.internal.runners.model.ReflectiveCallable.run(ReflectiveCallable.java:15)
	at org.junit.runners.model.FrameworkMethod.invokeExplosively(FrameworkMethod.java:41)
	at junitparams.internal.InvokeParameterisedMethod.evaluate(InvokeParameterisedMethod.java:102)
	at org.junit.internal.runners.statements.FailOnTimeout$1.run(FailOnTimeout.java:28)
Caused by: ptolemy.kernel.util.IllegalActionException: TypeTest actor has no training data.
  in .sizedarray3.TypeTest
	at ptolemy.actor.lib.TypeTest.initialize(TypeTest.java:250)
	at ptolemy.actor.Director.initialize(Director.java:938)
	at ptolemy.actor.Director.initialize(Director.java:907)
	at ptolemy.actor.sched.StaticSchedulingDirector.initialize(StaticSchedulingDirector.java:159)
	at ptolemy.domains.sdf.kernel.SDFDirector.initialize(SDFDirector.java:544)
	at ptolemy.actor.CompositeActor.initialize(CompositeActor.java:935)
	at ptolemy.actor.Manager.initialize(Manager.java:724)
	at ptolemy.actor.Manager.execute(Manager.java:356)
	at ptolemy.actor.Manager.run(Manager.java:1263)
	at ptolemy.actor.Manager$PtolemyRunThread.run(Manager.java:1933)
java.lang.RuntimeException: Execution failed
	at ptolemy.moml.MoMLSimpleApplication$UnloadThread.run(MoMLSimpleApplication.java:402)
Caused by: ptolemy.kernel.util.IllegalActionException: Test fails in iteration 0.
Value was: 6001L. Should have been: 6000L
  in .ExecutionTimeSDF.NonStrictTest
	at ptolemy.actor.lib.NonStrictTest.postfire(NonStrictTest.java:328)
	at ptolemy.actor.AtomicActor.iterate(AtomicActor.java:518)
	at ptolemy.actor.sched.StaticSchedulingDirector.fire(StaticSchedulingDirector.java:216)
	at ptolemy.domains.sdf.kernel.SDFDirector.fire(SDFDirector.java:500)
	at ptolemy.actor.CompositeActor.fire(CompositeActor.java:455)
	at ptolemy.actor.Manager.iterate(Manager.java:851)
	at ptolemy.actor.Manager.execute(Manager.java:369)
	at ptolemy.actor.Manager.run(Manager.java:1263)
	at ptolemy.actor.Manager$PtolemyRunThread.run(Manager.java:1933)
]]></system-err>
</testsuite>
