<?xml version="1.0" encoding="UTF-8" ?>
<testsuite errors="0" failures="0" hostname="travis-job-815d3f2b-4c83-4a2d-9833-ef764b653260" name="ptolemy.actor.lib.test.junit.JUnitTclTest" skipped="0" tests="517" time="60.412" timestamp="2019-03-01T21:41:29">
  <properties>
    <property name="npm.executable" value="npm" />
    <property name="file.encoding.pkg" value="sun.io" />
    <property name="env.TRAVIS_ROOT" value="/" />
    <property name="ptII.mk.exists" value="true" />
    <property name="env.TRAVIS_APP_HOST" value="build.travis-ci.org" />
    <property name="env.rvm_bin_path" value="/home/travis/.rvm/bin" />
    <property name="java.home" value="/usr/lib/jvm/java-8-oracle/jre" />
    <property name="env.TRAVIS_JOB_NUMBER" value="1027.8" />
    <property name="env.TRAVIS_HOME" value="/home/travis" />
    <property name="env.DISPLAY" value=":99.0" />
    <property name="java.net.preferIPv4Stack" value="true" />
    <property name="env.TRAVIS_INIT" value="upstart" />
    <property name="env.SSH_TTY" value="/dev/pts/0" />
    <property name="env.RUN_TESTS" value="true" />
    <property name="timeout.short" value="1000000" />
    <property name="env.TRAVIS_JOB_NAME" value="" />
    <property name="env.TRAVIS_STACK_NODE_ATTRIBUTES" value="/.node-attributes.yml" />
    <property name="junit.formatter" value="xml" />
    <property name="java.endorsed.dirs" value="/usr/lib/jvm/java-8-oracle/jre/lib/endorsed" />
    <property name="env.TRAVIS_SUDO" value="true" />
    <property name="env.LOGNAME" value="travis" />
    <property name="env.PT_TRAVIS_TEST_CORE1_XML" value="true" />
    <property name="jsdoc.home" value="node_modules/@terraswarm/jsdoc" />
    <property name="debuglevel" value="source,lines,vars" />
    <property name="checkstyle.formatter" value="xml" />
    <property name="bin.vergil.makeable" value="true" />
    <property name="env._system_version" value="14.04" />
    <property name="sun.os.patch.level" value="unknown" />
    <property name="java.vendor.url" value="http://java.oracle.com/" />
    <property name="env.TRAVIS_BUILD_WEB_URL" value="https://travis-ci.org/icyphy/ptII/builds/500550915" />
    <property name="java.version" value="1.8.0_151" />
    <property name="env.TZ" value="UTC" />
    <property name="env.PT_NO_NET" value="true" />
    <property name="env.TRAVIS_PULL_REQUEST_SHA" value="" />
    <property name="env.TRAVIS_SECURE_ENV_VARS" value="true" />
    <property name="env._system_type" value="Linux" />
    <property name="java.vendor.url.bug" value="http://bugreport.sun.com/bugreport/" />
    <property name="env.SSH_CLIENT" value="10.10.19.227 33502 22" />
    <property name="npmjs-org-is-up" value="true" />
    <property name="env.GEM_HOME" value="/home/travis/.rvm/gems/ruby-2.4.1" />
    <property name="env.HAS_ANTARES_THREE_LITTLE_FRONZIES_BADGE" value="true" />
    <property name="env.PS4" value="+" />
    <property name="ant.project.invoked-targets" value="build,test.core1.xml" />
    <property name="env.TRAVIS_PULL_REQUEST_BRANCH" value="" />
    <property name="env.TRAVIS_REPO_SLUG" value="icyphy/ptII" />
    <property name="env.TRAVIS_APT_PROXY" value="http://build-cache.travisci.net" />
    <property name="node.in.path" value="true" />
    <property name="java.maxmemory" value="1400m" />
    <property name="env.RUBY_VERSION" value="ruby-2.4.1" />
    <property name="user.name" value="travis" />
    <property name="env.LANG" value="en_US.UTF-8" />
    <property name="sun.io.unicode.encoding" value="UnicodeLittle" />
    <property name="sun.jnu.encoding" value="UTF-8" />
    <property name="java.runtime.name" value="Java(TM) SE Runtime Environment" />
    <property name="usefile" value="false" />
    <property name="return.code" value="0" />
    <property name="junit.single.formatter" value="plain" />
    <property name="env.DYLD_LIBRARY_PATH" value="/home/travis/pthla/certi-tools/lib:" />
    <property name="env.DEBIAN_FRONTEND" value="noninteractive" />
    <property name="env.SSH_CONNECTION" value="10.10.19.227 33502 10.20.1.9 22" />
    <property name="env.MYSQL_UNIX_PORT" value="/var/run/mysqld/mysqld.sock" />
    <property name="env.TRAVIS_ALLOW_FAILURE" value="false" />
    <property name="env.LC_ALL" value="en_US.UTF-8" />
    <property name="env.TRAVIS_JOB_WEB_URL" value="https://travis-ci.org/icyphy/ptII/jobs/500550923" />
    <property name="java.specification.name" value="Java Platform API Specification" />
    <property name="node.works" value="true" />
    <property name="user.timezone" value="" />
    <property name="path.separator" value=":" />
    <property name="env.TRAVIS_ENABLE_INFRA_DETECTION" value="true" />
    <property name="env.PYTHON_CFLAGS" value="-g -fstack-protector --param=ssp-buffer-size=4 -Wformat -Werror=format-security" />
    <property name="timeout.long" value="4000000" />
    <property name="env.CERTI_HOME" value="/home/travis/pthla/certi-tools" />
    <property name="file.encoding" value="UTF-8" />
    <property name="ant.file.ptII" value="/home/travis/build/icyphy/ptII/build.xml" />
    <property name="javadoc.packagenames" value="com.*,diva.*,lbnl.*,org.hlacerti.*,org.json.*,org.ptolemy.*,org.terraswarm.*,ptolemy.*,ptserver.*" />
    <property name="env.TRAVIS_PULL_REQUEST_SLUG" value="" />
    <property name="ant.project.default-target" value="build" />
    <property name="env.GIT_ASKPASS" value="echo" />
    <property name="env.HOME" value="/home/travis" />
    <property name="sun.java.command" value="org.apache.tools.ant.taskdefs.optional.junit.JUnitTestRunner ptolemy.actor.lib.test.junit.JUnitTclTest skipNonTests=false filtertrace=true haltOnError=false haltOnFailure=false formatter=org.apache.tools.ant.taskdefs.optional.junit.OutErrSummaryJUnitResultFormatter showoutput=true outputtoformatters=true logfailedtests=true threadid=0 logtestlistenerevents=false formatter=org.apache.tools.ant.taskdefs.optional.junit.XMLJUnitResultFormatter,/home/travis/build/icyphy/ptII/reports/junit/TEST-ptolemy.actor.lib.test.junit.JUnitTclTest.xml crashfile=/home/travis/build/icyphy/ptII/junitvmwatcher5689260033324213024.properties propsfile=/home/travis/build/icyphy/ptII/junit8380883761010981989.properties" />
    <property name="env.MANPATH" value="/home/travis/.nvm/versions/node/v7.10.1/share/man:/home/travis/.kiex/elixirs/elixir-1.4.5/man:/home/travis/.rvm/rubies/ruby-2.4.1/share/man:/usr/local/man:/usr/local/cmake-3.9.2/man:/usr/local/clang-5.0.0/share/man:/usr/local/share/man:/usr/share/man:/home/travis/.rvm/man" />
    <property name="env.COMPOSER_NO_INTERACTION" value="1" />
    <property name="env.JDK_SWITCHER_DEFAULT" value="oraclejdk8" />
    <property name="env.TRAVIS_TIMER_ID" value="0481fc80" />
    <property name="ant.file" value="/home/travis/build/icyphy/ptII/build.xml" />
    <property name="env.TRAVIS_COMMIT_RANGE" value="006db017d47b...289d4c3eedb1" />
    <property name="env._system_name" value="Ubuntu" />
    <property name="timeout" value="2400000" />
    <property name="ptII.classpath.optional.property" value="/home/travis/build/icyphy/ptII/lib/bsh-2.0b4.jar:/home/travis/build/icyphy/ptII/lib/ptCal.jar:/home/travis/build/icyphy/ptII/lib/java_cup.jar:/home/travis/build/icyphy/ptII/lib/saxon8.jar:/home/travis/build/icyphy/ptII/lib/saxon8-dom.jar:/home/travis/build/icyphy/ptII/lib/chic.jar:/home/travis/build/icyphy/ptII/lib/ptcolt.jar:/usr/lib/jvm/java-8-oracle/lib/tools.jar:/home/travis/build/icyphy/ptII/vendors/misc/itext/iText.jar:/home/travis/build/icyphy/ptII/lib/g4ltl.jar:/home/travis/build/icyphy/ptII/lib/StructuralCoder.jar:/home/travis/build/icyphy/ptII/vendors/jai-1_1_2_01/lib/jai_core.jar:/home/travis/build/icyphy/ptII/vendors/jai-1_1_2_01/lib/jai_codec.jar:/home/travis/build/icyphy/ptII/lib/jcerti.jar:/home/travis/build/icyphy/ptII/lib/javax.mail.jar:/home/travis/build/icyphy/ptII/vendors/JMF-2.1.1e/lib/jmf.jar:/home/travis/build/icyphy/ptII/lib/jna-4.0.0-variadic.jar:/home/travis/build/icyphy/ptII/vendors/misc/joystick/Joystick.jar:/home/travis/build/icyphy/ptII/lib/ptjacl.jar:/home/travis/build/icyphy/ptII/lib/jsoup-1.8.2.jar:/home/travis/build/icyphy/ptII/lib/junit-4.8.2.jar:/home/travis/build/icyphy/ptII/lib/JUnitParams-0.4.0.jar:/home/travis/build/icyphy/ptII/ptolemy/actor/lib/excel/jxl.jar:/home/travis/build/icyphy/ptII/lib/jython.jar:/home/travis/build/icyphy/ptII/lib/kieler.jar:/home/travis/build/icyphy/ptII/vendors/opencv/share/OpenCV/java/opencv-341.jar:/home/travis/build/icyphy/ptII/lib/oscP5.jar:/home/travis/build/icyphy/ptII/lib/nrjavaserial-3.11.0.devel.jar:/home/travis/build/icyphy/ptII/vendors/j3d/lib/j3dcore.jar:/home/travis/build/icyphy/ptII/vendors/j3d/lib/j3dutils.jar:/home/travis/build/icyphy/ptII/vendors/j3d/lib/vecmath.jar:/home/travis/build/icyphy/ptII/ptolemy/distributed/jini/jar/jini-core.jar:/home/travis/build/icyphy/ptII/ptolemy/distributed/jini/jar/jini-ext.jar:/home/travis/build/icyphy/ptII/ptolemy/distributed/jini/jar/sun-util.jar:/home/travis/build/icyphy/ptII/lib/protobuf-java-2.4.1.jar:/home/travis/build/icyphy/ptII/lib/org.eclipse.paho.client.mqttv3.jar:/home/travis/build/icyphy/ptII/lib/mapss.jar:/home/travis/build/icyphy/ptII/ptolemy/actor/ptalon/antlr/antlr.jar:/home/travis/build/icyphy/ptII/lib/JRI.jar:/home/travis/build/icyphy/ptII/lib/commons-lang-2.6.jar:/home/travis/build/icyphy/ptII/lib/commons-logging-1.1.1.jar:/home/travis/build/icyphy/ptII/lib/sootclasses.jar:/home/travis/build/icyphy/ptII/ptolemy/actor/lib/database/mysql-connector-java-5.1.6-bin.jar:/home/travis/build/icyphy/ptII/vendors/misc/sphinx4/sphinx4-data-5prealpha.jar:/home/travis/build/icyphy/ptII/vendors/misc/sphinx4/sphinx4-core-5prealpha.jar:/home/travis/build/icyphy/ptII/lib/PDFRenderer.jar:/home/travis/build/icyphy/ptII/lib/svgSalamander.jar:/home/travis/build/icyphy/ptII/lib/rsyntaxtextarea-2.6.0-SNAPSHOT.jar:/home/travis/build/icyphy/ptII/lib/hazelcast-3.8.2.jar:/home/travis/build/icyphy/ptII/lib/jackson-annotations-2.9.0.jar:/home/travis/build/icyphy/ptII/lib/jackson-core-2.9.3.jar:/home/travis/build/icyphy/ptII/lib/jackson-databind-2.9.3.jar:/home/travis/build/icyphy/ptII/lib/netty-buffer-4.1.19.Final.jar:/home/travis/build/icyphy/ptII/lib/netty-codec-4.1.19.Final.jar:/home/travis/build/icyphy/ptII/lib/netty-codec-dns-4.1.19.Final.jar:/home/travis/build/icyphy/ptII/lib/netty-codec-http-4.1.19.Final.jar:/home/travis/build/icyphy/ptII/lib/netty-codec-http2-4.1.19.Final.jar:/home/travis/build/icyphy/ptII/lib/netty-common-4.1.19.Final.jar:/home/travis/build/icyphy/ptII/lib/netty-handler-4.1.19.Final.jar:/home/travis/build/icyphy/ptII/lib/netty-resolver-4.1.19.Final.jar:/home/travis/build/icyphy/ptII/lib/netty-resolver-dns-4.1.19.Final.jar:/home/travis/build/icyphy/ptII/lib/netty-transport-4.1.19.Final.jar:/home/travis/build/icyphy/ptII/lib/vertx-codegen-3.5.1.jar:/home/travis/build/icyphy/ptII/lib/vertx-core-3.5.2-SNAPSHOT.jar:/home/travis/build/icyphy/ptII/lib/vertx-hazelcast-3.5.1.jar:/home/travis/build/icyphy/ptII/lib/vertx-lang-js-3.5.1.jar:/home/travis/build/icyphy/ptII/lib/vertx-service-proxy-3.5.1.jar:/home/travis/build/icyphy/ptII/lib/vertx-web-3.5.1.jar:/home/travis/build/icyphy/ptII/lib/slf4j-api-1.7.13.jar:/home/travis/build/icyphy/ptII/lib/slf4j-simple-1.7.13.jar:/home/travis/build/icyphy/ptII/lib/webcam-capture-0.3.12.jar:/home/travis/build/icyphy/ptII/lib/bridj-0.7.0.jar:/home/travis/build/icyphy/ptII/lib/xbjlib-1.1.0.nrjavaserial.jar" />
    <property name="test.batch" value="**/junit/*.java" />
    <property name="env._" value="/usr/bin/timeout" />
    <property name="java.io.tmpdir" value="/tmp" />
    <property name="env.TRAVIS_INTERNAL_RUBY_REGEX" value="^ruby-(2\.[0-4]\.[0-9]|1\.9\.3)" />
    <property name="user.language" value="en" />
    <property name="env.HISTCONTROL" value="ignoredups:ignorespace" />
    <property name="env.GOROOT" value="/home/travis/.gimme/versions/go1.7.4.linux.amd64" />
    <property name="line.separator" value="&#xa;" />
    <property name="target" value="1.8" />
    <property name="env.TRAVIS_BUILD_DIR" value="/home/travis/build/icyphy/ptII" />
    <property name="env.ANT_OPTS" value="-Xmx2048m" />
    <property name="ant.file.type" value="file" />
    <property name="ptolemy.ptII.batchMode" value="true" />
    <property name="env.HISTSIZE" value="1000" />
    <property name="env.MERB_ENV" value="test" />
    <property name="java.vm.info" value="mixed mode" />
    <property name="source" value="1.8" />
    <property name="java.vm.specification.name" value="Java Virtual Machine Specification" />
    <property name="env.TRAVIS_TEST_RESULT" value="0" />
    <property name="jsdoc.command" value="node_modules/@terraswarm/jsdoc/jsdoc.js" />
    <property name="npm.works" value="true" />
    <property name="cobertura.dir" value="/home/travis/build/icyphy/ptII/vendors/cobertura-2.0.3" />
    <property name="env.rvm_path" value="/home/travis/.rvm" />
    <property name="env.GEM_PATH" value="/home/travis/.rvm/gems/ruby-2.4.1:/home/travis/.rvm/gems/ruby-2.4.1@global" />
    <property name="env.LC_CTYPE" value="en_US.UTF-8" />
    <property name="java.awt.printerjob" value="sun.print.PSPrinterJob" />
    <property name="env.TRAVIS_CMD" value="$PTII/bin/ptIITravisBuild.sh $SECONDS" />
    <property name="env.TRAVIS_STACK_NAME" value="garnet" />
    <property name="env.TRAVIS_TIMER_START_TIME" value="1551476122656435863" />
    <property name="ant.version" value="Apache Ant(TM) version 1.10.1 compiled on February 2 2017" />
    <property name="ptII.reports" value="/home/travis/build/icyphy/ptII/reports" />
    <property name="env.TRAVIS_STACK_TIMESTAMP" value="2017-12-05 19:33:09 UTC" />
    <property name="ant.file.type.ptII" value="file" />
    <property name="env.RBENV_SHELL" value="bash" />
    <property name="os.name" value="Linux" />
    <property name="java.specification.vendor" value="Oracle Corporation" />
    <property name="env.rvm_version" value="1.29.3 (latest)" />
    <property name="env.TRAVIS_INFRA" value="gce" />
    <property name="env.TERM" value="xterm" />
    <property name="java.vm.name" value="Java HotSpot(TM) 64-Bit Server VM" />
    <property name="env.TRAVIS_BUILD_NUMBER" value="1027" />
    <property name="env.CI" value="true" />
    <property name="java.library.path" value="/home/travis/pthla/certi-tools/lib:/usr/lib/jni:/usr/local/share/OpenCV/java/:/usr/share/OpenCV/java::/usr/java/packages/lib/amd64:/usr/lib64:/lib64:/lib:/usr/lib" />
    <property name="env.rvm_prefix" value="/home/travis" />
    <property name="env.PATH" value="/home/travis/pthla/certi-tools/share/scripts:/home/travis/.rvm/gems/ruby-2.4.1/bin:/home/travis/.rvm/gems/ruby-2.4.1@global/bin:/home/travis/.rvm/rubies/ruby-2.4.1/bin:/home/travis/.rvm/bin:/home/travis/.nvm/versions/node/v7.10.1/bin:./node_modules/.bin:/home/travis/build/icyphy/ptII/bin:/home/travis/pthla/certi-tools/bin:/home/travis/bin:/home/travis/.local/bin:/opt/pyenv/shims:/home/travis/.phpenv/shims:/home/travis/perl5/perlbrew/bin:/home/travis/.kiex/elixirs/elixir-1.4.5/bin:/home/travis/.kiex/bin:/home/travis/gopath/bin:/home/travis/.gimme/versions/go1.7.4.linux.amd64/bin:/usr/local/phantomjs/bin:/usr/local/phantomjs:/usr/local/neo4j-3.2.7/bin:/usr/local/maven-3.5.2/bin:/usr/local/cmake-3.9.2/bin:/usr/local/clang-5.0.0/bin:/usr/local/sbin:/usr/local/bin:/usr/sbin:/usr/bin:/sbin:/bin:/home/travis/.phpenv/bin:/opt/pyenv/bin:/home/travis/.yarn/bin" />
    <property name="env.TRAVIS_OS_NAME" value="linux" />
    <property name="ant.java.version" value="1.8" />
    <property name="basedir" value="/home/travis/build/icyphy/ptII" />
    <property name="java.class.version" value="52.0" />
    <property name="env.SHLVL" value="3" />
    <property name="env.LD_LIBRARY_PATH" value="/home/travis/pthla/certi-tools/lib:/usr/lib/jni:/usr/local/share/OpenCV/java/:/usr/share/OpenCV/java:" />
    <property name="env.RACK_ENV" value="test" />
    <property name="ant.home" value="/home/travis/build/icyphy/ptII/ant" />
    <property name="env.PERLBREW_BASHRC_VERSION" value="0.80" />
    <property name="env.NVM_DIR" value="/home/travis/.nvm" />
    <property name="env.TRAVIS_BUILD_ID" value="500550915" />
    <property name="env.CERTI_FOM_PATH" value="/home/travis/pthla/certi-tools/share/federations" />
    <property name="env.PYENV_ROOT" value="/opt/pyenv" />
    <property name="env.TRAVIS_UID" value="2000" />
    <property name="env.rvm_pretty_print_flag" value="auto" />
    <property name="env.NVM_BIN" value="/home/travis/.nvm/versions/node/v7.10.1/bin" />
    <property name="env.TRAVIS_COMMIT" value="289d4c3eedb1689adbd9f328c96616edf11ff89b" />
    <property name="env._system_arch" value="x86_64" />
    <property name="node.executable" value="node" />
    <property name="sun.boot.library.path" value="/usr/lib/jvm/java-8-oracle/jre/lib/amd64" />
    <property name="sun.management.compiler" value="HotSpot 64-Bit Tiered Compilers" />
    <property name="env.GOPATH" value="/home/travis/gopath" />
    <property name="java.awt.graphicsenv" value="sun.awt.X11GraphicsEnvironment" />
    <property name="ptolemy.ptII.dir" value="/home/travis/build/icyphy/ptII" />
    <property name="env.USER" value="travis" />
    <property name="env.HISTFILESIZE" value="2000" />
    <property name="timeout.longest" value="19000000" />
    <property name="env.TRAVIS_STACK_FEATURES" value="basic cassandra chromium couchdb disabled-ipv6 docker docker-compose elasticsearch firefox go-toolchain google-chrome jdk memcached mongodb mysql neo4j nodejs_interpreter perl_interpreter perlbrew phantomjs postgresql python_interpreter rabbitmq redis riak ruby_interpreter sqlite xserver" />
    <property name="env.TRAVIS_PULL_REQUEST" value="false" />
    <property name="env.PYENV_SHELL" value="bash" />
    <property name="ant.project.name" value="ptII" />
    <property name="java.vm.specification.version" value="1.8" />
    <property name="env.ANSI_RESET" value="\033[0m" />
    <property name="env.TRAVIS_DIST" value="trusty" />
    <property name="env.CERTI_VERSION" value="4.0.0" />
    <property name="env.NLSPATH" value="/usr/dt/lib/nls/msg/%L/%N.cat" />
    <property name="awt.toolkit" value="sun.awt.X11.XToolkit" />
    <property name="env.CERTI_HOST" value="localhost" />
    <property name="env.MY_RUBY_HOME" value="/home/travis/.rvm/rubies/ruby-2.4.1" />
    <property name="sun.cpu.isalist" value="" />
    <property name="env.TRAVIS_TMPDIR" value="/tmp/tmp.aNGAaiXvM4" />
    <property name="java.ext.dirs" value="/usr/lib/jvm/java-8-oracle/jre/lib/ext:/usr/java/packages/lib/ext" />
    <property name="os.version" value="4.4.0-101-generic" />
    <property name="user.home" value="/home/travis" />
    <property name="env.MIX_ARCHIVES" value="/home/travis/.kiex/mix/elixir-1.4.5" />
    <property name="java.vm.vendor" value="Oracle Corporation" />
    <property name="env.TRAVIS_TAG" value="nightly" />
    <property name="env.ANSI_YELLOW" value="\033[33;1m" />
    <property name="env.TRAVIS_FILTERED" value="redirect_io" />
    <property name="env.ANSI_GREEN" value="\033[32;1m" />
    <property name="env.JAVA_HOME" value="/usr/lib/jvm/java-8-oracle" />
    <property name="env.PTII" value="/home/travis/build/icyphy/ptII" />
    <property name="javadoc.excludepackagenames" value="adm.cvs2svn.*,build.*,config.*,doc.coding.templates.*,jni.test.jni.meaningOfLife.*,jni.test.jni.testDeux.*,jni.test.jni.testTrois.*,org.terraswarm.accessor.accessors.web.node_modules.*,org.terraswarm.accessor.accessors.web.hosts.cordova.demo.*,org.terraswarm.accessor.accessors.web.hosts.cordova.plugins.*,org.terraswarm.accessor.accessors-svn.*,pt-modules.*,ptolemy.apps.agilent.*,ptolemy.apps.anytimecontrol.*,ptolemy.apps.apes.*,ptolemy.apps.charon.*,ptolemy.apps.crazyboard.*,ptolemy.apps.eclipse.*,ptolemy.apps.etherealSting.*,ptolemy.apps.fullscreen.*,ptolemy.apps.giotto.*,ptolemy.apps.ia.*,ptolemy.apps.interfaces.*,ptolemy.apps.jmf.*,ptolemy.apps.kurt.*,ptolemy.apps.kvm.*,ptolemy.apps.lego.*,ptolemy.apps.lejos.*,ptolemy.apps.midp.*,ptolemy.apps.mobileCoding.*,ptolemy.apps.pendulum.*,ptolemy.apps.rijndael.*,ptolemy.apps.robot.*,ptolemy.apps.security.*,ptolemy.apps.sobel.*,ptolemy.apps.soot.*,ptolemy.apps.throttle.*,ptolemy.apps.tini.*,ptolemy.apps.transmission.*,ptolemy.apps.vergil.*,ptolemy.apps.waba.*,ptolemy.apps.websensor.*,ptolemy.apps.webstart.*,ptolemy.apps.xsl.*,ptolemy.apps.zaurus.*,ptolemy.codegen.c.actor.lib.oldJavaFiles.*,ptolemy.codegen.dsp.lib.*,ptolemy.codegen.kernel.newInterfaces.*,ptolemy.codegen.lib.*,ptolemy.copernicus.kernel.fragment.*,ptolemy.copernicus.shallow.cg.*,ptolemy.domains.giotto.demo.Hierarchy.Hierarchy.*,ptolemy.domains.giotto.demo.Multimode.Multimode.*,ptolemy.domains.giotto.demo.Simple.Simple.*,ptolemy.domains.gr.lib.experimental.*,ptolemy.domains.gro.*,ptolemy.domains.pdf.*,ptolemy.domains.ptinyos.demo.Surge.output.*,ptolemy.moml.test.NoPackageActor.java*,ptolemy.plot.adm.*,ptolemy.plot.servlet.*,reports.*,signed.*,src.*,target.*,vendors.*,ptolemy.apps.eclipse.awt.*,ptolemy.backtrack.*,ptolemy.backtrack.ast.*,ptolemy.cg.adapter.generic.program.procedural.c.mbed*,ptolemy.homer.*,org.ptolemy.scala.*,diva.util.java2d.svg.*,ptolemy.domains.ptinyos.*,ptolemy.actor.lib.fmi.fmipp.*,,org.terraswarm.accessor.accessors.web.node_modules.*,org.terraswarm.accessor.accessors-svn,ptolemy.apps.*,ptolemy.actor.ptalon.demo.ptinyos.SendAndReceiveCnt.output,ptolemy.actor.ptalon.demo.ptinyos.SenseToLeds.output,ptolemy.domains.ptinyos.demo.CntToLedsAndRfm.output,ptolemy.domains.ptinyos.demo.RfmToLeds.output,ptolemy.domains.ptinyos.demo.SendAndReceiveCnt.output,ptolemy.domains.ptinyos.demo.SenseToLeds.output,ptolemy.actor.lib.jjs.modules.udpSocket.*" />
    <property name="env.TRAVIS_COMMIT_MESSAGE" value="Fixing new name in org/hlacerti/test/auto/DuplicatedInstanceName*er.xml so the test works." />
    <property name="keystore" value="ptKeystore" />
    <property name="env.XDG_SESSION_ID" value="2" />
    <property name="junit.output.dir" value="/home/travis/build/icyphy/ptII/reports/junit" />
    <property name="npm.return.code" value="0" />
    <property name="user.dir" value="/home/travis/build/icyphy/ptII/ptolemy/actor/lib/test" />
    <property name="env.TRAVIS_NODE_VERSION" value="7" />
    <property name="env.XFILESEARCHPATH" value="/usr/dt/app-defaults/%L/Dt" />
    <property name="env.TRAVIS_EVENT_TYPE" value="push" />
    <property name="env.MAIL" value="/var/mail/travis" />
    <property name="env.PWD" value="/home/travis/build/icyphy/ptII" />
    <property name="env.PERLBREW_ROOT" value="/home/travis/perl5/perlbrew" />
    <property name="timeout.npm" value="45000" />
    <property name="env.TRAVIS_ARCH" value="amd64" />
    <property name="env.PAGER" value="cat" />
    <property name="sun.cpu.endian" value="little" />
    <property name="env.TRAVIS_BUILD_STAGE_NAME" value="Test" />
    <property name="env.PERLBREW_HOME" value="/home/travis/.perlbrew" />
    <property name="env.RAILS_ENV" value="test" />
    <property name="java.vm.version" value="25.151-b12" />
    <property name="java.class.path" value="/home/travis/.ptolemyII:/home/travis/.ptolemyII/*:/home/travis/build/icyphy/ptII:/home/travis/build/icyphy/ptII/lib/bsh-2.0b4.jar:/home/travis/build/icyphy/ptII/lib/ptCal.jar:/home/travis/build/icyphy/ptII/lib/java_cup.jar:/home/travis/build/icyphy/ptII/lib/saxon8.jar:/home/travis/build/icyphy/ptII/lib/saxon8-dom.jar:/home/travis/build/icyphy/ptII/lib/chic.jar:/home/travis/build/icyphy/ptII/lib/ptcolt.jar:/usr/lib/jvm/java-8-oracle/lib/tools.jar:/home/travis/build/icyphy/ptII/vendors/misc/itext/iText.jar:/home/travis/build/icyphy/ptII/lib/g4ltl.jar:/home/travis/build/icyphy/ptII/lib/StructuralCoder.jar:/home/travis/build/icyphy/ptII/vendors/jai-1_1_2_01/lib/jai_core.jar:/home/travis/build/icyphy/ptII/vendors/jai-1_1_2_01/lib/jai_codec.jar:/home/travis/build/icyphy/ptII/lib/jcerti.jar:/home/travis/build/icyphy/ptII/lib/javax.mail.jar:/home/travis/build/icyphy/ptII/vendors/JMF-2.1.1e/lib/jmf.jar:/home/travis/build/icyphy/ptII/lib/jna-4.0.0-variadic.jar:/home/travis/build/icyphy/ptII/vendors/misc/joystick/Joystick.jar:/home/travis/build/icyphy/ptII/lib/ptjacl.jar:/home/travis/build/icyphy/ptII/lib/jsoup-1.8.2.jar:/home/travis/build/icyphy/ptII/lib/junit-4.8.2.jar:/home/travis/build/icyphy/ptII/lib/JUnitParams-0.4.0.jar:/home/travis/build/icyphy/ptII/ptolemy/actor/lib/excel/jxl.jar:/home/travis/build/icyphy/ptII/lib/jython.jar:/home/travis/build/icyphy/ptII/lib/kieler.jar:/home/travis/build/icyphy/ptII/vendors/opencv/share/OpenCV/java/opencv-341.jar:/home/travis/build/icyphy/ptII/lib/oscP5.jar:/home/travis/build/icyphy/ptII/lib/nrjavaserial-3.11.0.devel.jar:/home/travis/build/icyphy/ptII/vendors/j3d/lib/j3dcore.jar:/home/travis/build/icyphy/ptII/vendors/j3d/lib/j3dutils.jar:/home/travis/build/icyphy/ptII/vendors/j3d/lib/vecmath.jar:/home/travis/build/icyphy/ptII/ptolemy/distributed/jini/jar/jini-core.jar:/home/travis/build/icyphy/ptII/ptolemy/distributed/jini/jar/jini-ext.jar:/home/travis/build/icyphy/ptII/ptolemy/distributed/jini/jar/sun-util.jar:/home/travis/build/icyphy/ptII/lib/protobuf-java-2.4.1.jar:/home/travis/build/icyphy/ptII/lib/org.eclipse.paho.client.mqttv3.jar:/home/travis/build/icyphy/ptII/lib/mapss.jar:/home/travis/build/icyphy/ptII/ptolemy/actor/ptalon/antlr/antlr.jar:/home/travis/build/icyphy/ptII/lib/JRI.jar:/home/travis/build/icyphy/ptII/lib/commons-lang-2.6.jar:/home/travis/build/icyphy/ptII/lib/commons-logging-1.1.1.jar:/home/travis/build/icyphy/ptII/lib/sootclasses.jar:/home/travis/build/icyphy/ptII/ptolemy/actor/lib/database/mysql-connector-java-5.1.6-bin.jar:/home/travis/build/icyphy/ptII/vendors/misc/sphinx4/sphinx4-data-5prealpha.jar:/home/travis/build/icyphy/ptII/vendors/misc/sphinx4/sphinx4-core-5prealpha.jar:/home/travis/build/icyphy/ptII/lib/PDFRenderer.jar:/home/travis/build/icyphy/ptII/lib/svgSalamander.jar:/home/travis/build/icyphy/ptII/lib/rsyntaxtextarea-2.6.0-SNAPSHOT.jar:/home/travis/build/icyphy/ptII/lib/hazelcast-3.8.2.jar:/home/travis/build/icyphy/ptII/lib/jackson-annotations-2.9.0.jar:/home/travis/build/icyphy/ptII/lib/jackson-core-2.9.3.jar:/home/travis/build/icyphy/ptII/lib/jackson-databind-2.9.3.jar:/home/travis/build/icyphy/ptII/lib/netty-buffer-4.1.19.Final.jar:/home/travis/build/icyphy/ptII/lib/netty-codec-4.1.19.Final.jar:/home/travis/build/icyphy/ptII/lib/netty-codec-dns-4.1.19.Final.jar:/home/travis/build/icyphy/ptII/lib/netty-codec-http-4.1.19.Final.jar:/home/travis/build/icyphy/ptII/lib/netty-codec-http2-4.1.19.Final.jar:/home/travis/build/icyphy/ptII/lib/netty-common-4.1.19.Final.jar:/home/travis/build/icyphy/ptII/lib/netty-handler-4.1.19.Final.jar:/home/travis/build/icyphy/ptII/lib/netty-resolver-4.1.19.Final.jar:/home/travis/build/icyphy/ptII/lib/netty-resolver-dns-4.1.19.Final.jar:/home/travis/build/icyphy/ptII/lib/netty-transport-4.1.19.Final.jar:/home/travis/build/icyphy/ptII/lib/vertx-codegen-3.5.1.jar:/home/travis/build/icyphy/ptII/lib/vertx-core-3.5.2-SNAPSHOT.jar:/home/travis/build/icyphy/ptII/lib/vertx-hazelcast-3.5.1.jar:/home/travis/build/icyphy/ptII/lib/vertx-lang-js-3.5.1.jar:/home/travis/build/icyphy/ptII/lib/vertx-service-proxy-3.5.1.jar:/home/travis/build/icyphy/ptII/lib/vertx-web-3.5.1.jar:/home/travis/build/icyphy/ptII/lib/slf4j-api-1.7.13.jar:/home/travis/build/icyphy/ptII/lib/slf4j-simple-1.7.13.jar:/home/travis/build/icyphy/ptII/lib/webcam-capture-0.3.12.jar:/home/travis/build/icyphy/ptII/lib/bridj-0.7.0.jar:/home/travis/build/icyphy/ptII/lib/xbjlib-1.1.0.nrjavaserial.jar:/home/travis/build/icyphy/ptII/ptolemy/moml/test:/home/travis/build/icyphy/ptII/ant/lib/ant-launcher.jar:/home/travis/build/icyphy/ptII/ant/lib/ant.jar:/home/travis/build/icyphy/ptII/ant/lib/ant-junit.jar:/home/travis/build/icyphy/ptII/ant/lib/ant-junit4.jar" />
    <property name="ant.library.dir" value="/home/travis/build/icyphy/ptII/ant/lib" />
    <property name="os.arch" value="amd64" />
    <property name="env.TRAVIS_LANGUAGE" value="node_js" />
    <property name="env.CONTINUOUS_INTEGRATION" value="true" />
    <property name="env.TRAVIS_STACK_LANGUAGES" value="__garnet__ c c++ clojure cplusplus cpp default go groovy java node_js php pure_java python ruby scala" />
    <property name="test.name" value="ptolemy.actor.lib.test.junit.JUnitTclTest" />
    <property name="sun.java.launcher" value="SUN_STANDARD" />
    <property name="env.PYTHON_CONFIGURE_OPTS" value="--enable-unicode=ucs4 --with-wide-unicode --enable-shared --enable-ipv6 --enable-loadable-sqlite-extensions --with-computed-gotos" />
    <property name="ant.core.lib" value="/home/travis/build/icyphy/ptII/ant/lib/ant.jar" />
    <property name="java.vm.specification.vendor" value="Oracle Corporation" />
    <property name="env.BCVTB_HOME" value="/home/travis/build/icyphy/ptII/lbnl" />
    <property name="file.separator" value="/" />
    <property name="spotbugs.home" value="/home/travis/build/icyphy/ptII/vendors/spotbugs-3.1.1" />
    <property name="java.runtime.version" value="1.8.0_151-b12" />
    <property name="sun.boot.class.path" value="/usr/lib/jvm/java-8-oracle/jre/lib/resources.jar:/usr/lib/jvm/java-8-oracle/jre/lib/rt.jar:/usr/lib/jvm/java-8-oracle/jre/lib/sunrsasign.jar:/usr/lib/jvm/java-8-oracle/jre/lib/jsse.jar:/usr/lib/jvm/java-8-oracle/jre/lib/jce.jar:/usr/lib/jvm/java-8-oracle/jre/lib/charsets.jar:/usr/lib/jvm/java-8-oracle/jre/lib/jfr.jar:/usr/lib/jvm/java-8-oracle/jre/classes" />
    <property name="env.ANSI_CLEAR" value="\033[0K" />
    <property name="env.HAS_JOSH_K_SEAL_OF_APPROVAL" value="true" />
    <property name="env.XDG_RUNTIME_DIR" value="/run/user/2000" />
    <property name="env.TRAVIS_OSX_IMAGE" value="" />
    <property name="env.TRAVIS_BRANCH" value="master" />
    <property name="env.TRAVIS_JOB_ID" value="500550923" />
    <property name="user.country" value="US" />
    <property name="env.CERTI_HOME_TRAVIS" value="/home/travis/pthla/certi-tools" />
    <property name="env.SHELL" value="/bin/bash" />
    <property name="java.maxmemory.large" value="5000m" />
    <property name="model" value="" />
    <property name="env.CASHER_DIR" value="/home/travis/.casher" />
    <property name="env.NVM_CD_FLAGS" value="" />
    <property name="jshint.executable" value="/home/travis/node_modules/jshint/bin/jshint" />
    <property name="java.vendor" value="Oracle Corporation" />
    <property name="env.JRUBY_OPTS" value=" --client -J-XX:+TieredCompilation -J-XX:TieredStopAtLevel=1 -J-Xss2m -Xcompile.invokedynamic=false" />
    <property name="env.TRAVIS_PRE_CHEF_BOOTSTRAP_TIME" value="2017-12-05T19:32:55" />
    <property name="env.TRAVIS_STACK_JOB_BOARD_REGISTER" value="/.job-board-register.yml" />
    <property name="env.ELIXIR_VERSION" value="1.4.5" />
    <property name="env.ANSI_RED" value="\033[31;1m" />
    <property name="java.specification.version" value="1.8" />
    <property name="env.TRAVIS" value="true" />
    <property name="env.IRBRC" value="/home/travis/.rvm/rubies/ruby-2.4.1/.irbrc" />
    <property name="sun.arch.data.model" value="64" />
  </properties>
  <testcase classname="ptolemy.util.test.junit.TclTests" name="[0] /home/travis/build/icyphy/ptII/ptolemy/actor/lib/test/AbsoluteValue.tcl (RunTclFile)" time="0.475" />
  <testcase classname="ptolemy.util.test.junit.TclTests" name="[1] /home/travis/build/icyphy/ptII/ptolemy/actor/lib/test/AddSubtract.tcl (RunTclFile)" time="0.097" />
  <testcase classname="ptolemy.util.test.junit.TclTests" name="[2] /home/travis/build/icyphy/ptII/ptolemy/actor/lib/test/Average.tcl (RunTclFile)" time="0.056" />
  <testcase classname="ptolemy.util.test.junit.TclTests" name="[3] /home/travis/build/icyphy/ptII/ptolemy/actor/lib/test/Bernoulli.tcl (RunTclFile)" time="0.018" />
  <testcase classname="ptolemy.util.test.junit.TclTests" name="[4] /home/travis/build/icyphy/ptII/ptolemy/actor/lib/test/Clock.tcl (RunTclFile)" time="0.061" />
  <testcase classname="ptolemy.util.test.junit.TclTests" name="[5] /home/travis/build/icyphy/ptII/ptolemy/actor/lib/test/Commutator.tcl (RunTclFile)" time="0.139" />
  <testcase classname="ptolemy.util.test.junit.TclTests" name="[6] /home/travis/build/icyphy/ptII/ptolemy/actor/lib/test/Const.tcl (RunTclFile)" time="0.12" />
  <testcase classname="ptolemy.util.test.junit.TclTests" name="[7] /home/travis/build/icyphy/ptII/ptolemy/actor/lib/test/CurrentTime.tcl (RunTclFile)" time="0.045" />
  <testcase classname="ptolemy.util.test.junit.TclTests" name="[8] /home/travis/build/icyphy/ptII/ptolemy/actor/lib/test/DB.tcl (RunTclFile)" time="0.042" />
  <testcase classname="ptolemy.util.test.junit.TclTests" name="[9] /home/travis/build/icyphy/ptII/ptolemy/actor/lib/test/DiscreteRandomSource.tcl (RunTclFile)" time="0.035" />
  <testcase classname="ptolemy.util.test.junit.TclTests" name="[10] /home/travis/build/icyphy/ptII/ptolemy/actor/lib/test/Distributor.tcl (RunTclFile)" time="0.069" />
  <testcase classname="ptolemy.util.test.junit.TclTests" name="[11] /home/travis/build/icyphy/ptII/ptolemy/actor/lib/test/Exit.tcl (RunTclFile)" time="0.052" />
  <testcase classname="ptolemy.util.test.junit.TclTests" name="[12] /home/travis/build/icyphy/ptII/ptolemy/actor/lib/test/Expression.tcl (RunTclFile)" time="0.099" />
  <testcase classname="ptolemy.util.test.junit.TclTests" name="[13] /home/travis/build/icyphy/ptII/ptolemy/actor/lib/test/Gaussian.tcl (RunTclFile)" time="0.501" />
  <testcase classname="ptolemy.util.test.junit.TclTests" name="[14] /home/travis/build/icyphy/ptII/ptolemy/actor/lib/test/IIR.tcl (RunTclFile)" time="0.037" />
  <testcase classname="ptolemy.util.test.junit.TclTests" name="[15] /home/travis/build/icyphy/ptII/ptolemy/actor/lib/test/Interpolator.tcl (RunTclFile)" time="0.112" />
  <testcase classname="ptolemy.util.test.junit.TclTests" name="[16] /home/travis/build/icyphy/ptII/ptolemy/actor/lib/test/MathFunction.tcl (RunTclFile)" time="0.066" />
  <testcase classname="ptolemy.util.test.junit.TclTests" name="[17] /home/travis/build/icyphy/ptII/ptolemy/actor/lib/test/Maximum.tcl (RunTclFile)" time="0.044" />
  <testcase classname="ptolemy.util.test.junit.TclTests" name="[18] /home/travis/build/icyphy/ptII/ptolemy/actor/lib/test/Minimum.tcl (RunTclFile)" time="0.035" />
  <testcase classname="ptolemy.util.test.junit.TclTests" name="[19] /home/travis/build/icyphy/ptII/ptolemy/actor/lib/test/MultiplyDivide.tcl (RunTclFile)" time="0.037" />
  <testcase classname="ptolemy.util.test.junit.TclTests" name="[20] /home/travis/build/icyphy/ptII/ptolemy/actor/lib/test/OrderedMerge.tcl (RunTclFile)" time="0.054" />
  <testcase classname="ptolemy.util.test.junit.TclTests" name="[21] /home/travis/build/icyphy/ptII/ptolemy/actor/lib/test/Publisher.tcl (RunTclFile)" time="0.77" />
  <testcase classname="ptolemy.util.test.junit.TclTests" name="[22] /home/travis/build/icyphy/ptII/ptolemy/actor/lib/test/Pulse.tcl (RunTclFile)" time="0.029" />
  <testcase classname="ptolemy.util.test.junit.TclTests" name="[23] /home/travis/build/icyphy/ptII/ptolemy/actor/lib/test/Ramp.tcl (RunTclFile)" time="2.017" />
  <testcase classname="ptolemy.util.test.junit.TclTests" name="[24] /home/travis/build/icyphy/ptII/ptolemy/actor/lib/test/RampContinuous.tcl (RunTclFile)" time="0.019" />
  <testcase classname="ptolemy.util.test.junit.TclTests" name="[25] /home/travis/build/icyphy/ptII/ptolemy/actor/lib/test/RecordAssembler.tcl (RunTclFile)" time="0.018" />
  <testcase classname="ptolemy.util.test.junit.TclTests" name="[26] /home/travis/build/icyphy/ptII/ptolemy/actor/lib/test/RecordDisassembler.tcl (RunTclFile)" time="0.026" />
  <testcase classname="ptolemy.util.test.junit.TclTests" name="[27] /home/travis/build/icyphy/ptII/ptolemy/actor/lib/test/Scale.tcl (RunTclFile)" time="0.026" />
  <testcase classname="ptolemy.util.test.junit.TclTests" name="[28] /home/travis/build/icyphy/ptII/ptolemy/actor/lib/test/SequentialClock.tcl (RunTclFile)" time="0.018" />
  <testcase classname="ptolemy.util.test.junit.TclTests" name="[29] /home/travis/build/icyphy/ptII/ptolemy/actor/lib/test/SetVariable.tcl (RunTclFile)" time="0.014" />
  <testcase classname="ptolemy.util.test.junit.TclTests" name="[30] /home/travis/build/icyphy/ptII/ptolemy/actor/lib/test/Sinewave.tcl (RunTclFile)" time="0.047" />
  <testcase classname="ptolemy.util.test.junit.TclTests" name="[31] /home/travis/build/icyphy/ptII/ptolemy/actor/lib/test/SubscriptionAggregator.tcl (RunTclFile)" time="2.064" />
  <testcase classname="ptolemy.util.test.junit.TclTests" name="[32] /home/travis/build/icyphy/ptII/ptolemy/actor/lib/test/Test.tcl (RunTclFile)" time="0.112" />
  <testcase classname="ptolemy.util.test.junit.TclTests" name="[33] /home/travis/build/icyphy/ptII/ptolemy/actor/lib/test/TestExceptionHandler.tcl (RunTclFile)" time="0.01" />
  <testcase classname="ptolemy.util.test.junit.TclTests" name="[34] /home/travis/build/icyphy/ptII/ptolemy/actor/lib/test/UnionDisassembler.tcl (RunTclFile)" time="0.069" />
  <testcase classname="ptolemy.util.test.junit.TclTests" name="[35] /home/travis/build/icyphy/ptII/ptolemy/actor/lib/test/VariableClock.tcl (RunTclFile)" time="0.032" />
  <testcase classname="ptolemy.util.test.junit.AutoKnownFailedTests" name="[0] /home/travis/build/icyphy/ptII/ptolemy/actor/lib/test/auto/knownFailedTests/PublisherPortToplevelSubscriber.xml (RunModel)" time="0.021" />
  <testcase classname="ptolemy.util.test.junit.AutoKnownFailedTests" name="[1] /home/travis/build/icyphy/ptII/ptolemy/actor/lib/test/auto/knownFailedTests/PublisherSubscriberPortToplevel.xml (RunModel)" time="0.024" />
  <testcase classname="ptolemy.util.test.junit.AutoKnownFailedTests" name="[2] /home/travis/build/icyphy/ptII/ptolemy/actor/lib/test/auto/knownFailedTests/PublisherSubscriptionAggregatorPort.xml (RunModel)" time="0.027" />
  <testcase classname="ptolemy.util.test.junit.AutoKnownFailedTests" name="[3] /home/travis/build/icyphy/ptII/ptolemy/actor/lib/test/auto/knownFailedTests/sizedarray3.xml (RunModel)" time="0.027" />
  <testcase classname="ptolemy.util.test.junit.AutoNameArchTests" name="[0] ThereAreNoAutoArchTests (RunModel)" time="0.002" />
  <testcase classname="ptolemy.util.test.junit.AutoTests" name="[0] /home/travis/build/icyphy/ptII/ptolemy/actor/lib/test/auto/AbsoluteValue.xml (RunModel)" time="0.163" />
  <testcase classname="ptolemy.util.test.junit.AutoTests" name="[1] /home/travis/build/icyphy/ptII/ptolemy/actor/lib/test/auto/AbsoluteValue2.xml (RunModel)" time="0.067" />
  <testcase classname="ptolemy.util.test.junit.AutoTests" name="[2] /home/travis/build/icyphy/ptII/ptolemy/actor/lib/test/auto/Accumulator.xml (RunModel)" time="0.08" />
  <testcase classname="ptolemy.util.test.junit.AutoTests" name="[3] /home/travis/build/icyphy/ptII/ptolemy/actor/lib/test/auto/Accumulator2.xml (RunModel)" time="0.049" />
  <testcase classname="ptolemy.util.test.junit.AutoTests" name="[4] /home/travis/build/icyphy/ptII/ptolemy/actor/lib/test/auto/Accumulator3.xml (RunModel)" time="0.037" />
  <testcase classname="ptolemy.util.test.junit.AutoTests" name="[5] /home/travis/build/icyphy/ptII/ptolemy/actor/lib/test/auto/ArrayAppend.xml (RunModel)" time="0.027" />
  <testcase classname="ptolemy.util.test.junit.AutoTests" name="[6] /home/travis/build/icyphy/ptII/ptolemy/actor/lib/test/auto/ArrayAppend2.xml (RunModel)" time="0.529" />
  <testcase classname="ptolemy.util.test.junit.AutoTests" name="[7] /home/travis/build/icyphy/ptII/ptolemy/actor/lib/test/auto/ArrayAppend3.xml (RunModel)" time="0.036" />
  <testcase classname="ptolemy.util.test.junit.AutoTests" name="[8] /home/travis/build/icyphy/ptII/ptolemy/actor/lib/test/auto/ArrayAppend4.xml (RunModel)" time="0.031" />
  <testcase classname="ptolemy.util.test.junit.AutoTests" name="[9] /home/travis/build/icyphy/ptII/ptolemy/actor/lib/test/auto/ArrayAppend5.xml (RunModel)" time="0.02" />
  <testcase classname="ptolemy.util.test.junit.AutoTests" name="[10] /home/travis/build/icyphy/ptII/ptolemy/actor/lib/test/auto/ArrayAppend6.xml (RunModel)" time="0.028" />
  <testcase classname="ptolemy.util.test.junit.AutoTests" name="[11] /home/travis/build/icyphy/ptII/ptolemy/actor/lib/test/auto/ArrayAppendPerformanceTest.xml (RunModel)" time="0.043" />
  <testcase classname="ptolemy.util.test.junit.AutoTests" name="[12] /home/travis/build/icyphy/ptII/ptolemy/actor/lib/test/auto/ArrayAppendWithEmptyInput.xml (RunModel)" time="0.061" />
  <testcase classname="ptolemy.util.test.junit.AutoTests" name="[13] /home/travis/build/icyphy/ptII/ptolemy/actor/lib/test/auto/ArrayAverage.xml (RunModel)" time="0.055" />
  <testcase classname="ptolemy.util.test.junit.AutoTests" name="[14] /home/travis/build/icyphy/ptII/ptolemy/actor/lib/test/auto/ArrayContains.xml (RunModel)" time="0.028" />
  <testcase classname="ptolemy.util.test.junit.AutoTests" name="[15] /home/travis/build/icyphy/ptII/ptolemy/actor/lib/test/auto/ArrayElement.xml (RunModel)" time="0.041" />
  <testcase classname="ptolemy.util.test.junit.AutoTests" name="[16] /home/travis/build/icyphy/ptII/ptolemy/actor/lib/test/auto/ArrayElementAsMatrix.xml (RunModel)" time="0.053" />
  <testcase classname="ptolemy.util.test.junit.AutoTests" name="[17] /home/travis/build/icyphy/ptII/ptolemy/actor/lib/test/auto/ArrayElementI.xml (RunModel)" time="0.021" />
  <testcase classname="ptolemy.util.test.junit.AutoTests" name="[18] /home/travis/build/icyphy/ptII/ptolemy/actor/lib/test/auto/ArrayExtract.xml (RunModel)" time="0.052" />
  <testcase classname="ptolemy.util.test.junit.AutoTests" name="[19] /home/travis/build/icyphy/ptII/ptolemy/actor/lib/test/auto/ArrayExtract2.xml (RunModel)" time="0.02" />
  <testcase classname="ptolemy.util.test.junit.AutoTests" name="[20] /home/travis/build/icyphy/ptII/ptolemy/actor/lib/test/auto/ArrayLength.xml (RunModel)" time="0.017" />
  <testcase classname="ptolemy.util.test.junit.AutoTests" name="[21] /home/travis/build/icyphy/ptII/ptolemy/actor/lib/test/auto/ArrayLevelCrossing.xml (RunModel)" time="0.029" />
  <testcase classname="ptolemy.util.test.junit.AutoTests" name="[22] /home/travis/build/icyphy/ptII/ptolemy/actor/lib/test/auto/ArrayLevelCrossing2.xml (RunModel)" time="0.027" />
  <testcase classname="ptolemy.util.test.junit.AutoTests" name="[23] /home/travis/build/icyphy/ptII/ptolemy/actor/lib/test/auto/ArrayPeakSearch.xml (RunModel)" time="0.057" />
  <testcase classname="ptolemy.util.test.junit.AutoTests" name="[24] /home/travis/build/icyphy/ptII/ptolemy/actor/lib/test/auto/ArrayPeakSearch2.xml (RunModel)" time="0.037" />
  <testcase classname="ptolemy.util.test.junit.AutoTests" name="[25] /home/travis/build/icyphy/ptII/ptolemy/actor/lib/test/auto/ArrayPeakSearch3.xml (RunModel)" time="0.028" />
  <testcase classname="ptolemy.util.test.junit.AutoTests" name="[26] /home/travis/build/icyphy/ptII/ptolemy/actor/lib/test/auto/ArrayRemoveElement.xml (RunModel)" time="0.03" />
  <testcase classname="ptolemy.util.test.junit.AutoTests" name="[27] /home/travis/build/icyphy/ptII/ptolemy/actor/lib/test/auto/ArraySort.xml (RunModel)" time="0.03" />
  <testcase classname="ptolemy.util.test.junit.AutoTests" name="[28] /home/travis/build/icyphy/ptII/ptolemy/actor/lib/test/auto/ArraySum.xml (RunModel)" time="0.02" />
  <testcase classname="ptolemy.util.test.junit.AutoTests" name="[29] /home/travis/build/icyphy/ptII/ptolemy/actor/lib/test/auto/ArrayToElements.xml (RunModel)" time="0.015" />
  <testcase classname="ptolemy.util.test.junit.AutoTests" name="[30] /home/travis/build/icyphy/ptII/ptolemy/actor/lib/test/auto/ArrayToMatrix.xml (RunModel)" time="0.05" />
  <testcase classname="ptolemy.util.test.junit.AutoTests" name="[31] /home/travis/build/icyphy/ptII/ptolemy/actor/lib/test/auto/ArrayUpdate1.xml (RunModel)" time="0.019" />
  <testcase classname="ptolemy.util.test.junit.AutoTests" name="[32] /home/travis/build/icyphy/ptII/ptolemy/actor/lib/test/auto/ArrayUpdate2.xml (RunModel)" time="0.02" />
  <testcase classname="ptolemy.util.test.junit.AutoTests" name="[33] /home/travis/build/icyphy/ptII/ptolemy/actor/lib/test/auto/ArrayUpdate3.xml (RunModel)" time="0.017" />
  <testcase classname="ptolemy.util.test.junit.AutoTests" name="[34] /home/travis/build/icyphy/ptII/ptolemy/actor/lib/test/auto/Assert1.xml (RunModel)" time="0.028" />
  <testcase classname="ptolemy.util.test.junit.AutoTests" name="[35] /home/travis/build/icyphy/ptII/ptolemy/actor/lib/test/auto/Assert2.xml (RunModel)" time="0.019" />
  <testcase classname="ptolemy.util.test.junit.AutoTests" name="[36] /home/travis/build/icyphy/ptII/ptolemy/actor/lib/test/auto/BooleanMultiplexor.xml (RunModel)" time="0.037" />
  <testcase classname="ptolemy.util.test.junit.AutoTests" name="[37] /home/travis/build/icyphy/ptII/ptolemy/actor/lib/test/auto/BooleanMultiplexor2.xml (RunModel)" time="0.029" />
  <testcase classname="ptolemy.util.test.junit.AutoTests" name="[38] /home/travis/build/icyphy/ptII/ptolemy/actor/lib/test/auto/BooleanMultiplexor3.xml (RunModel)" time="0.026" />
  <testcase classname="ptolemy.util.test.junit.AutoTests" name="[39] /home/travis/build/icyphy/ptII/ptolemy/actor/lib/test/auto/BooleanSelect.xml (RunModel)" time="0.028" />
  <testcase classname="ptolemy.util.test.junit.AutoTests" name="[40] /home/travis/build/icyphy/ptII/ptolemy/actor/lib/test/auto/BooleanSelect2.xml (RunModel)" time="0.015" />
  <testcase classname="ptolemy.util.test.junit.AutoTests" name="[41] /home/travis/build/icyphy/ptII/ptolemy/actor/lib/test/auto/BooleanSwitch.xml (RunModel)" time="0.017" />
  <testcase classname="ptolemy.util.test.junit.AutoTests" name="[42] /home/travis/build/icyphy/ptII/ptolemy/actor/lib/test/auto/BooleanSwitch2.xml (RunModel)" time="0.011" />
  <testcase classname="ptolemy.util.test.junit.AutoTests" name="[43] /home/travis/build/icyphy/ptII/ptolemy/actor/lib/test/auto/BooleanSwitchCloningBugWithClassRelationGroup.xml (RunModel)" time="0.021" />
  <testcase classname="ptolemy.util.test.junit.AutoTests" name="[44] /home/travis/build/icyphy/ptII/ptolemy/actor/lib/test/auto/BusActors.xml (RunModel)" time="0.024" />
  <testcase classname="ptolemy.util.test.junit.AutoTests" name="[45] /home/travis/build/icyphy/ptII/ptolemy/actor/lib/test/auto/ClassWrapper.xml (RunModel)" time="0.01" />
  <testcase classname="ptolemy.util.test.junit.AutoTests" name="[46] /home/travis/build/icyphy/ptII/ptolemy/actor/lib/test/auto/Clock.xml (RunModel)" time="0.011" />
  <testcase classname="ptolemy.util.test.junit.AutoTests" name="[47] /home/travis/build/icyphy/ptII/ptolemy/actor/lib/test/auto/Clock10.xml (RunModel)" time="0.015" />
  <testcase classname="ptolemy.util.test.junit.AutoTests" name="[48] /home/travis/build/icyphy/ptII/ptolemy/actor/lib/test/auto/Clock11.xml (RunModel)" time="0.013" />
  <testcase classname="ptolemy.util.test.junit.AutoTests" name="[49] /home/travis/build/icyphy/ptII/ptolemy/actor/lib/test/auto/Clock12.xml (RunModel)" time="0.013" />
  <testcase classname="ptolemy.util.test.junit.AutoTests" name="[50] /home/travis/build/icyphy/ptII/ptolemy/actor/lib/test/auto/Clock13.xml (RunModel)" time="0.021" />
  <testcase classname="ptolemy.util.test.junit.AutoTests" name="[51] /home/travis/build/icyphy/ptII/ptolemy/actor/lib/test/auto/Clock14.xml (RunModel)" time="0.016" />
  <testcase classname="ptolemy.util.test.junit.AutoTests" name="[52] /home/travis/build/icyphy/ptII/ptolemy/actor/lib/test/auto/Clock15.xml (RunModel)" time="0.011" />
  <testcase classname="ptolemy.util.test.junit.AutoTests" name="[53] /home/travis/build/icyphy/ptII/ptolemy/actor/lib/test/auto/Clock16.xml (RunModel)" time="0.077" />
  <testcase classname="ptolemy.util.test.junit.AutoTests" name="[54] /home/travis/build/icyphy/ptII/ptolemy/actor/lib/test/auto/Clock17.xml (RunModel)" time="0.049" />
  <testcase classname="ptolemy.util.test.junit.AutoTests" name="[55] /home/travis/build/icyphy/ptII/ptolemy/actor/lib/test/auto/Clock18.xml (RunModel)" time="0.046" />
  <testcase classname="ptolemy.util.test.junit.AutoTests" name="[56] /home/travis/build/icyphy/ptII/ptolemy/actor/lib/test/auto/Clock19.xml (RunModel)" time="0.032" />
  <testcase classname="ptolemy.util.test.junit.AutoTests" name="[57] /home/travis/build/icyphy/ptII/ptolemy/actor/lib/test/auto/Clock2.xml (RunModel)" time="0.017" />
  <testcase classname="ptolemy.util.test.junit.AutoTests" name="[58] /home/travis/build/icyphy/ptII/ptolemy/actor/lib/test/auto/Clock20.xml (RunModel)" time="0.017" />
  <testcase classname="ptolemy.util.test.junit.AutoTests" name="[59] /home/travis/build/icyphy/ptII/ptolemy/actor/lib/test/auto/Clock21.xml (RunModel)" time="0.018" />
  <testcase classname="ptolemy.util.test.junit.AutoTests" name="[60] /home/travis/build/icyphy/ptII/ptolemy/actor/lib/test/auto/Clock22.xml (RunModel)" time="0.016" />
  <testcase classname="ptolemy.util.test.junit.AutoTests" name="[61] /home/travis/build/icyphy/ptII/ptolemy/actor/lib/test/auto/Clock23.xml (RunModel)" time="0.015" />
  <testcase classname="ptolemy.util.test.junit.AutoTests" name="[62] /home/travis/build/icyphy/ptII/ptolemy/actor/lib/test/auto/Clock24.xml (RunModel)" time="0.017" />
  <testcase classname="ptolemy.util.test.junit.AutoTests" name="[63] /home/travis/build/icyphy/ptII/ptolemy/actor/lib/test/auto/Clock4.xml (RunModel)" time="0.011" />
  <testcase classname="ptolemy.util.test.junit.AutoTests" name="[64] /home/travis/build/icyphy/ptII/ptolemy/actor/lib/test/auto/Clock5.xml (RunModel)" time="0.011" />
  <testcase classname="ptolemy.util.test.junit.AutoTests" name="[65] /home/travis/build/icyphy/ptII/ptolemy/actor/lib/test/auto/Clock6.xml (RunModel)" time="0.008" />
  <testcase classname="ptolemy.util.test.junit.AutoTests" name="[66] /home/travis/build/icyphy/ptII/ptolemy/actor/lib/test/auto/Clock7.xml (RunModel)" time="0.009" />
  <testcase classname="ptolemy.util.test.junit.AutoTests" name="[67] /home/travis/build/icyphy/ptII/ptolemy/actor/lib/test/auto/Clock8.xml (RunModel)" time="0.012" />
  <testcase classname="ptolemy.util.test.junit.AutoTests" name="[68] /home/travis/build/icyphy/ptII/ptolemy/actor/lib/test/auto/Clock9.xml (RunModel)" time="0.014" />
  <testcase classname="ptolemy.util.test.junit.AutoTests" name="[69] /home/travis/build/icyphy/ptII/ptolemy/actor/lib/test/auto/CommDistDiscard.xml (RunModel)" time="0.017" />
  <testcase classname="ptolemy.util.test.junit.AutoTests" name="[70] /home/travis/build/icyphy/ptII/ptolemy/actor/lib/test/auto/Commutator.xml (RunModel)" time="0.012" />
  <testcase classname="ptolemy.util.test.junit.AutoTests" name="[71] /home/travis/build/icyphy/ptII/ptolemy/actor/lib/test/auto/Commutator2.xml (RunModel)" time="0.01" />
  <testcase classname="ptolemy.util.test.junit.AutoTests" name="[72] /home/travis/build/icyphy/ptII/ptolemy/actor/lib/test/auto/Commutator3.xml (RunModel)" time="0.01" />
  <testcase classname="ptolemy.util.test.junit.AutoTests" name="[73] /home/travis/build/icyphy/ptII/ptolemy/actor/lib/test/auto/Compare.xml (RunModel)" time="0.017" />
  <testcase classname="ptolemy.util.test.junit.AutoTests" name="[74] /home/travis/build/icyphy/ptII/ptolemy/actor/lib/test/auto/CompareDE.xml (RunModel)" time="0.018" />
  <testcase classname="ptolemy.util.test.junit.AutoTests" name="[75] /home/travis/build/icyphy/ptII/ptolemy/actor/lib/test/auto/ComplexDivide.xml (RunModel)" time="0.01" />
  <testcase classname="ptolemy.util.test.junit.AutoTests" name="[76] /home/travis/build/icyphy/ptII/ptolemy/actor/lib/test/auto/ComputeHistogram.xml (RunModel)" time="0.054" />
  <testcase classname="ptolemy.util.test.junit.AutoTests" name="[77] /home/travis/build/icyphy/ptII/ptolemy/actor/lib/test/auto/ConfigurationSelect.xml (RunModel)" time="0.015" />
  <testcase classname="ptolemy.util.test.junit.AutoTests" name="[78] /home/travis/build/icyphy/ptII/ptolemy/actor/lib/test/auto/ConfigurationSelect2.xml (RunModel)" time="0.012" />
  <testcase classname="ptolemy.util.test.junit.AutoTests" name="[79] /home/travis/build/icyphy/ptII/ptolemy/actor/lib/test/auto/ConfigurationSwitch.xml (RunModel)" time="0.019" />
  <testcase classname="ptolemy.util.test.junit.AutoTests" name="[80] /home/travis/build/icyphy/ptII/ptolemy/actor/lib/test/auto/ConfigurationSwitch2.xml (RunModel)" time="0.014" />
  <testcase classname="ptolemy.util.test.junit.AutoTests" name="[81] /home/travis/build/icyphy/ptII/ptolemy/actor/lib/test/auto/ConfigurationSwitchCloningBugWithClassRelationGroup.xml (RunModel)" time="0.018" />
  <testcase classname="ptolemy.util.test.junit.AutoTests" name="[82] /home/travis/build/icyphy/ptII/ptolemy/actor/lib/test/auto/ConfigurationSwitchSelectSDF.xml (RunModel)" time="0.015" />
  <testcase classname="ptolemy.util.test.junit.AutoTests" name="[83] /home/travis/build/icyphy/ptII/ptolemy/actor/lib/test/auto/ConfigurationSwitchSelectSDF2.xml (RunModel)" time="0.015" />
  <testcase classname="ptolemy.util.test.junit.AutoTests" name="[84] /home/travis/build/icyphy/ptII/ptolemy/actor/lib/test/auto/Const.xml (RunModel)" time="0.007" />
  <testcase classname="ptolemy.util.test.junit.AutoTests" name="[85] /home/travis/build/icyphy/ptII/ptolemy/actor/lib/test/auto/Const2.xml (RunModel)" time="0.01" />
  <testcase classname="ptolemy.util.test.junit.AutoTests" name="[86] /home/travis/build/icyphy/ptII/ptolemy/actor/lib/test/auto/Const3.xml (RunModel)" time="0.008" />
  <testcase classname="ptolemy.util.test.junit.AutoTests" name="[87] /home/travis/build/icyphy/ptII/ptolemy/actor/lib/test/auto/ConstantPublisherPort1.xml (RunModel)" time="0.023" />
  <testcase classname="ptolemy.util.test.junit.AutoTests" name="[88] /home/travis/build/icyphy/ptII/ptolemy/actor/lib/test/auto/ConstantPublisherPort2.xml (RunModel)" time="0.02" />
  <testcase classname="ptolemy.util.test.junit.AutoTests" name="[89] /home/travis/build/icyphy/ptII/ptolemy/actor/lib/test/auto/ConstantPublisherPort3.xml (RunModel)" time="0.019" />
  <testcase classname="ptolemy.util.test.junit.AutoTests" name="[90] /home/travis/build/icyphy/ptII/ptolemy/actor/lib/test/auto/ConstantPublisherPort4.xml (RunModel)" time="0.018" />
  <testcase classname="ptolemy.util.test.junit.AutoTests" name="[91] /home/travis/build/icyphy/ptII/ptolemy/actor/lib/test/auto/ConstantPublisherPort5.xml (RunModel)" time="0.034" />
  <testcase classname="ptolemy.util.test.junit.AutoTests" name="[92] /home/travis/build/icyphy/ptII/ptolemy/actor/lib/test/auto/ConstantPublisherPort6.xml (RunModel)" time="0.064" />
  <testcase classname="ptolemy.util.test.junit.AutoTests" name="[93] /home/travis/build/icyphy/ptII/ptolemy/actor/lib/test/auto/ConstantPublisherPort7.xml (RunModel)" time="0.031" />
  <testcase classname="ptolemy.util.test.junit.AutoTests" name="[94] /home/travis/build/icyphy/ptII/ptolemy/actor/lib/test/auto/ConstraintMonitor1.xml (RunModel)" time="0.046" />
  <testcase classname="ptolemy.util.test.junit.AutoTests" name="[95] /home/travis/build/icyphy/ptII/ptolemy/actor/lib/test/auto/ConstraintMonitor2.xml (RunModel)" time="0.02" />
  <testcase classname="ptolemy.util.test.junit.AutoTests" name="[96] /home/travis/build/icyphy/ptII/ptolemy/actor/lib/test/auto/ConstraintMonitor3.xml (RunModel)" time="0.013" />
  <testcase classname="ptolemy.util.test.junit.AutoTests" name="[97] /home/travis/build/icyphy/ptII/ptolemy/actor/lib/test/auto/ConstraintMonitor4.xml (RunModel)" time="0.013" />
  <testcase classname="ptolemy.util.test.junit.AutoTests" name="[98] /home/travis/build/icyphy/ptII/ptolemy/actor/lib/test/auto/ConstraintMonitor5.xml (RunModel)" time="0.012" />
  <testcase classname="ptolemy.util.test.junit.AutoTests" name="[99] /home/travis/build/icyphy/ptII/ptolemy/actor/lib/test/auto/ConstraintMonitor6.xml (RunModel)" time="0.013" />
  <testcase classname="ptolemy.util.test.junit.AutoTests" name="[100] /home/travis/build/icyphy/ptII/ptolemy/actor/lib/test/auto/ConstraintMonitor7.xml (RunModel)" time="0.029" />
  <testcase classname="ptolemy.util.test.junit.AutoTests" name="[101] /home/travis/build/icyphy/ptII/ptolemy/actor/lib/test/auto/ConstraintMonitor8.xml (RunModel)" time="0.023" />
  <testcase classname="ptolemy.util.test.junit.AutoTests" name="[102] /home/travis/build/icyphy/ptII/ptolemy/actor/lib/test/auto/Counter.xml (RunModel)" time="0.013" />
  <testcase classname="ptolemy.util.test.junit.AutoTests" name="[103] /home/travis/build/icyphy/ptII/ptolemy/actor/lib/test/auto/CurrentTimeSDF.xml (RunModel)" time="0.01" />
  <testcase classname="ptolemy.util.test.junit.AutoTests" name="[104] /home/travis/build/icyphy/ptII/ptolemy/actor/lib/test/auto/DB.xml (RunModel)" time="0.015" />
  <testcase classname="ptolemy.util.test.junit.AutoTests" name="[105] /home/travis/build/icyphy/ptII/ptolemy/actor/lib/test/auto/DBDE.xml (RunModel)" time="0.015" />
  <testcase classname="ptolemy.util.test.junit.AutoTests" name="[106] /home/travis/build/icyphy/ptII/ptolemy/actor/lib/test/auto/DateConstructor.xml (RunModel)" time="0.049" />
  <testcase classname="ptolemy.util.test.junit.AutoTests" name="[107] /home/travis/build/icyphy/ptII/ptolemy/actor/lib/test/auto/DelayTime.xml (RunModel)" time="0.015" />
  <testcase classname="ptolemy.util.test.junit.AutoTests" name="[108] /home/travis/build/icyphy/ptII/ptolemy/actor/lib/test/auto/Dictionary1.xml (RunModel)" time="0.021" />
  <testcase classname="ptolemy.util.test.junit.AutoTests" name="[109] /home/travis/build/icyphy/ptII/ptolemy/actor/lib/test/auto/Dictionary2.xml (RunModel)" time="0.014" />
  <testcase classname="ptolemy.util.test.junit.AutoTests" name="[110] /home/travis/build/icyphy/ptII/ptolemy/actor/lib/test/auto/Dictionary3.xml (RunModel)" time="0.014" />
  <testcase classname="ptolemy.util.test.junit.AutoTests" name="[111] /home/travis/build/icyphy/ptII/ptolemy/actor/lib/test/auto/Dictionary4.xml (RunModel)" time="0.016" />
  <testcase classname="ptolemy.util.test.junit.AutoTests" name="[112] /home/travis/build/icyphy/ptII/ptolemy/actor/lib/test/auto/Differential.xml (RunModel)" time="0.011" />
  <testcase classname="ptolemy.util.test.junit.AutoTests" name="[113] /home/travis/build/icyphy/ptII/ptolemy/actor/lib/test/auto/Director.xml (RunModel)" time="0.011" />
  <testcase classname="ptolemy.util.test.junit.AutoTests" name="[114] /home/travis/build/icyphy/ptII/ptolemy/actor/lib/test/auto/DiscreteClock.xml (RunModel)" time="0.009" />
  <testcase classname="ptolemy.util.test.junit.AutoTests" name="[115] /home/travis/build/icyphy/ptII/ptolemy/actor/lib/test/auto/DiscreteClock10.xml (RunModel)" time="0.013" />
  <testcase classname="ptolemy.util.test.junit.AutoTests" name="[116] /home/travis/build/icyphy/ptII/ptolemy/actor/lib/test/auto/DiscreteClock11.xml (RunModel)" time="0.013" />
  <testcase classname="ptolemy.util.test.junit.AutoTests" name="[117] /home/travis/build/icyphy/ptII/ptolemy/actor/lib/test/auto/DiscreteClock12.xml (RunModel)" time="0.014" />
  <testcase classname="ptolemy.util.test.junit.AutoTests" name="[118] /home/travis/build/icyphy/ptII/ptolemy/actor/lib/test/auto/DiscreteClock13.xml (RunModel)" time="0.017" />
  <testcase classname="ptolemy.util.test.junit.AutoTests" name="[119] /home/travis/build/icyphy/ptII/ptolemy/actor/lib/test/auto/DiscreteClock14.xml (RunModel)" time="0.016" />
  <testcase classname="ptolemy.util.test.junit.AutoTests" name="[120] /home/travis/build/icyphy/ptII/ptolemy/actor/lib/test/auto/DiscreteClock15.xml (RunModel)" time="0.017" />
  <testcase classname="ptolemy.util.test.junit.AutoTests" name="[121] /home/travis/build/icyphy/ptII/ptolemy/actor/lib/test/auto/DiscreteClock16.xml (RunModel)" time="0.038" />
  <testcase classname="ptolemy.util.test.junit.AutoTests" name="[122] /home/travis/build/icyphy/ptII/ptolemy/actor/lib/test/auto/DiscreteClock17.xml (RunModel)" time="0.041" />
  <testcase classname="ptolemy.util.test.junit.AutoTests" name="[123] /home/travis/build/icyphy/ptII/ptolemy/actor/lib/test/auto/DiscreteClock18.xml (RunModel)" time="0.035" />
  <testcase classname="ptolemy.util.test.junit.AutoTests" name="[124] /home/travis/build/icyphy/ptII/ptolemy/actor/lib/test/auto/DiscreteClock19.xml (RunModel)" time="0.043" />
  <testcase classname="ptolemy.util.test.junit.AutoTests" name="[125] /home/travis/build/icyphy/ptII/ptolemy/actor/lib/test/auto/DiscreteClock2.xml (RunModel)" time="0.017" />
  <testcase classname="ptolemy.util.test.junit.AutoTests" name="[126] /home/travis/build/icyphy/ptII/ptolemy/actor/lib/test/auto/DiscreteClock20.xml (RunModel)" time="0.016" />
  <testcase classname="ptolemy.util.test.junit.AutoTests" name="[127] /home/travis/build/icyphy/ptII/ptolemy/actor/lib/test/auto/DiscreteClock21.xml (RunModel)" time="0.017" />
  <testcase classname="ptolemy.util.test.junit.AutoTests" name="[128] /home/travis/build/icyphy/ptII/ptolemy/actor/lib/test/auto/DiscreteClock22.xml (RunModel)" time="0.017" />
  <testcase classname="ptolemy.util.test.junit.AutoTests" name="[129] /home/travis/build/icyphy/ptII/ptolemy/actor/lib/test/auto/DiscreteClock23.xml (RunModel)" time="0.017" />
  <testcase classname="ptolemy.util.test.junit.AutoTests" name="[130] /home/travis/build/icyphy/ptII/ptolemy/actor/lib/test/auto/DiscreteClock24.xml (RunModel)" time="0.016" />
  <testcase classname="ptolemy.util.test.junit.AutoTests" name="[131] /home/travis/build/icyphy/ptII/ptolemy/actor/lib/test/auto/DiscreteClock4.xml (RunModel)" time="0.01" />
  <testcase classname="ptolemy.util.test.junit.AutoTests" name="[132] /home/travis/build/icyphy/ptII/ptolemy/actor/lib/test/auto/DiscreteClock5.xml (RunModel)" time="0.011" />
  <testcase classname="ptolemy.util.test.junit.AutoTests" name="[133] /home/travis/build/icyphy/ptII/ptolemy/actor/lib/test/auto/DiscreteClock6.xml (RunModel)" time="0.008" />
  <testcase classname="ptolemy.util.test.junit.AutoTests" name="[134] /home/travis/build/icyphy/ptII/ptolemy/actor/lib/test/auto/DiscreteClock7.xml (RunModel)" time="0.009" />
  <testcase classname="ptolemy.util.test.junit.AutoTests" name="[135] /home/travis/build/icyphy/ptII/ptolemy/actor/lib/test/auto/DiscreteClock8.xml (RunModel)" time="0.015" />
  <testcase classname="ptolemy.util.test.junit.AutoTests" name="[136] /home/travis/build/icyphy/ptII/ptolemy/actor/lib/test/auto/DiscreteClock9.xml (RunModel)" time="0.016" />
  <testcase classname="ptolemy.util.test.junit.AutoTests" name="[137] /home/travis/build/icyphy/ptII/ptolemy/actor/lib/test/auto/DisplayArray.xml (RunModel)" time="0.009" />
  <testcase classname="ptolemy.util.test.junit.AutoTests" name="[138] /home/travis/build/icyphy/ptII/ptolemy/actor/lib/test/auto/Distributor.xml (RunModel)" time="0.01" />
  <testcase classname="ptolemy.util.test.junit.AutoTests" name="[139] /home/travis/build/icyphy/ptII/ptolemy/actor/lib/test/auto/Distributor2.xml (RunModel)" time="0.012" />
  <testcase classname="ptolemy.util.test.junit.AutoTests" name="[140] /home/travis/build/icyphy/ptII/ptolemy/actor/lib/test/auto/DownSample.xml (RunModel)" time="0.571" />
  <testcase classname="ptolemy.util.test.junit.AutoTests" name="[141] /home/travis/build/icyphy/ptII/ptolemy/actor/lib/test/auto/ElectronicUnitBase1.xml (RunModel)" time="0.097" />
  <testcase classname="ptolemy.util.test.junit.AutoTests" name="[142] /home/travis/build/icyphy/ptII/ptolemy/actor/lib/test/auto/ElementsToArray.xml (RunModel)" time="0.013" />
  <testcase classname="ptolemy.util.test.junit.AutoTests" name="[143] /home/travis/build/icyphy/ptII/ptolemy/actor/lib/test/auto/Equals.xml (RunModel)" time="0.012" />
  <testcase classname="ptolemy.util.test.junit.AutoTests" name="[144] /home/travis/build/icyphy/ptII/ptolemy/actor/lib/test/auto/Exec.xml (RunModel)" time="0.029" />
  <testcase classname="ptolemy.util.test.junit.AutoTests" name="[145] /home/travis/build/icyphy/ptII/ptolemy/actor/lib/test/auto/ExecEnvironment.xml (RunModel)" time="0.035" />
  <testcase classname="ptolemy.util.test.junit.AutoTests" name="[146] /home/travis/build/icyphy/ptII/ptolemy/actor/lib/test/auto/ExecNonZeroReturnOutput.xml (RunModel)" time="0.147" />
  <testcase classname="ptolemy.util.test.junit.AutoTests" name="[147] /home/travis/build/icyphy/ptII/ptolemy/actor/lib/test/auto/ExecRunDemos.xml (RunModel)" time="9.28" />
  <testcase classname="ptolemy.util.test.junit.AutoTests" name="[148] /home/travis/build/icyphy/ptII/ptolemy/actor/lib/test/auto/ExecStop.xml (RunModel)" time="5.031" />
  <testcase classname="ptolemy.util.test.junit.AutoTests" name="[149] /home/travis/build/icyphy/ptII/ptolemy/actor/lib/test/auto/ExecutionTimeSDF.xml (RunModel)" time="6.028" />
  <testcase classname="ptolemy.util.test.junit.AutoTests" name="[150] /home/travis/build/icyphy/ptII/ptolemy/actor/lib/test/auto/Expression1.xml (RunModel)" time="0.015" />
  <testcase classname="ptolemy.util.test.junit.AutoTests" name="[151] /home/travis/build/icyphy/ptII/ptolemy/actor/lib/test/auto/Expression10.xml (RunModel)" time="0.023" />
  <testcase classname="ptolemy.util.test.junit.AutoTests" name="[152] /home/travis/build/icyphy/ptII/ptolemy/actor/lib/test/auto/Expression11.xml (RunModel)" time="0.016" />
  <testcase classname="ptolemy.util.test.junit.AutoTests" name="[153] /home/travis/build/icyphy/ptII/ptolemy/actor/lib/test/auto/Expression12.xml (RunModel)" time="0.015" />
  <testcase classname="ptolemy.util.test.junit.AutoTests" name="[154] /home/travis/build/icyphy/ptII/ptolemy/actor/lib/test/auto/Expression13.xml (RunModel)" time="0.014" />
  <testcase classname="ptolemy.util.test.junit.AutoTests" name="[155] /home/travis/build/icyphy/ptII/ptolemy/actor/lib/test/auto/Expression14.xml (RunModel)" time="0.018" />
  <testcase classname="ptolemy.util.test.junit.AutoTests" name="[156] /home/travis/build/icyphy/ptII/ptolemy/actor/lib/test/auto/Expression15.xml (RunModel)" time="0.009" />
  <testcase classname="ptolemy.util.test.junit.AutoTests" name="[157] /home/travis/build/icyphy/ptII/ptolemy/actor/lib/test/auto/Expression16.xml (RunModel)" time="0.014" />
  <testcase classname="ptolemy.util.test.junit.AutoTests" name="[158] /home/travis/build/icyphy/ptII/ptolemy/actor/lib/test/auto/Expression17.xml (RunModel)" time="0.012" />
  <testcase classname="ptolemy.util.test.junit.AutoTests" name="[159] /home/travis/build/icyphy/ptII/ptolemy/actor/lib/test/auto/Expression18.xml (RunModel)" time="0.013" />
  <testcase classname="ptolemy.util.test.junit.AutoTests" name="[160] /home/travis/build/icyphy/ptII/ptolemy/actor/lib/test/auto/Expression2.xml (RunModel)" time="0.012" />
  <testcase classname="ptolemy.util.test.junit.AutoTests" name="[161] /home/travis/build/icyphy/ptII/ptolemy/actor/lib/test/auto/Expression3.xml (RunModel)" time="0.011" />
  <testcase classname="ptolemy.util.test.junit.AutoTests" name="[162] /home/travis/build/icyphy/ptII/ptolemy/actor/lib/test/auto/Expression4.xml (RunModel)" time="0.019" />
  <testcase classname="ptolemy.util.test.junit.AutoTests" name="[163] /home/travis/build/icyphy/ptII/ptolemy/actor/lib/test/auto/Expression5.xml (RunModel)" time="0.014" />
  <testcase classname="ptolemy.util.test.junit.AutoTests" name="[164] /home/travis/build/icyphy/ptII/ptolemy/actor/lib/test/auto/Expression6.xml (RunModel)" time="0.011" />
  <testcase classname="ptolemy.util.test.junit.AutoTests" name="[165] /home/travis/build/icyphy/ptII/ptolemy/actor/lib/test/auto/Expression7.xml (RunModel)" time="0.013" />
  <testcase classname="ptolemy.util.test.junit.AutoTests" name="[166] /home/travis/build/icyphy/ptII/ptolemy/actor/lib/test/auto/Expression8.xml (RunModel)" time="0.015" />
  <testcase classname="ptolemy.util.test.junit.AutoTests" name="[167] /home/travis/build/icyphy/ptII/ptolemy/actor/lib/test/auto/Expression9.xml (RunModel)" time="0.011" />
  <testcase classname="ptolemy.util.test.junit.AutoTests" name="[168] /home/travis/build/icyphy/ptII/ptolemy/actor/lib/test/auto/ExpressionConcatenateArrayType.xml (RunModel)" time="0.024" />
  <testcase classname="ptolemy.util.test.junit.AutoTests" name="[169] /home/travis/build/icyphy/ptII/ptolemy/actor/lib/test/auto/ExpressionConcatenateArrayType2.xml (RunModel)" time="0.017" />
  <testcase classname="ptolemy.util.test.junit.AutoTests" name="[170] /home/travis/build/icyphy/ptII/ptolemy/actor/lib/test/auto/ExpressionFix.xml (RunModel)" time="0.027" />
  <testcase classname="ptolemy.util.test.junit.AutoTests" name="[171] /home/travis/build/icyphy/ptII/ptolemy/actor/lib/test/auto/ExpressionFix2.xml (RunModel)" time="0.011" />
  <testcase classname="ptolemy.util.test.junit.AutoTests" name="[172] /home/travis/build/icyphy/ptII/ptolemy/actor/lib/test/auto/ExpressionFix3.xml (RunModel)" time="0.012" />
  <testcase classname="ptolemy.util.test.junit.AutoTests" name="[173] /home/travis/build/icyphy/ptII/ptolemy/actor/lib/test/auto/FileWriter1.xml (RunModel)" time="0.012" />
  <testcase classname="ptolemy.util.test.junit.AutoTests" name="[174] /home/travis/build/icyphy/ptII/ptolemy/actor/lib/test/auto/FileWriter2.xml (RunModel)" time="0.015" />
  <testcase classname="ptolemy.util.test.junit.AutoTests" name="[175] /home/travis/build/icyphy/ptII/ptolemy/actor/lib/test/auto/FileWriter3.xml (RunModel)" time="0.012" />
  <testcase classname="ptolemy.util.test.junit.AutoTests" name="[176] /home/travis/build/icyphy/ptII/ptolemy/actor/lib/test/auto/Gaussian.xml (RunModel)" time="0.017" />
  <testcase classname="ptolemy.util.test.junit.AutoTests" name="[177] /home/travis/build/icyphy/ptII/ptolemy/actor/lib/test/auto/Gaussian1.xml (RunModel)" time="0.015" />
  <testcase classname="ptolemy.util.test.junit.AutoTests" name="[178] /home/travis/build/icyphy/ptII/ptolemy/actor/lib/test/auto/Gaussian2.xml (RunModel)" time="0.017" />
  <testcase classname="ptolemy.util.test.junit.AutoTests" name="[179] /home/travis/build/icyphy/ptII/ptolemy/actor/lib/test/auto/GradientAdaptiveLattice.xml (RunModel)" time="0.018" />
  <testcase classname="ptolemy.util.test.junit.AutoTests" name="[180] /home/travis/build/icyphy/ptII/ptolemy/actor/lib/test/auto/IIR.xml (RunModel)" time="0.012" />
  <testcase classname="ptolemy.util.test.junit.AutoTests" name="[181] /home/travis/build/icyphy/ptII/ptolemy/actor/lib/test/auto/InputOutputTransparentPorts.xml (RunModel)" time="0.021" />
  <testcase classname="ptolemy.util.test.junit.AutoTests" name="[182] /home/travis/build/icyphy/ptII/ptolemy/actor/lib/test/auto/Interpolator.xml (RunModel)" time="0.013" />
  <testcase classname="ptolemy.util.test.junit.AutoTests" name="[183] /home/travis/build/icyphy/ptII/ptolemy/actor/lib/test/auto/InterpolatorFiringLimitDE.xml (RunModel)" time="0.017" />
  <testcase classname="ptolemy.util.test.junit.AutoTests" name="[184] /home/travis/build/icyphy/ptII/ptolemy/actor/lib/test/auto/Lattice.xml (RunModel)" time="0.01" />
  <testcase classname="ptolemy.util.test.junit.AutoTests" name="[185] /home/travis/build/icyphy/ptII/ptolemy/actor/lib/test/auto/LazyAOCTestLazy.xml (RunModel)" time="0.028" />
  <testcase classname="ptolemy.util.test.junit.AutoTests" name="[186] /home/travis/build/icyphy/ptII/ptolemy/actor/lib/test/auto/LazyAOCTestNonLazy.xml (RunModel)" time="0.017" />
  <testcase classname="ptolemy.util.test.junit.AutoTests" name="[187] /home/travis/build/icyphy/ptII/ptolemy/actor/lib/test/auto/LazyInnerClass.xml (RunModel)" time="0.045" />
  <testcase classname="ptolemy.util.test.junit.AutoTests" name="[188] /home/travis/build/icyphy/ptII/ptolemy/actor/lib/test/auto/LazyPubSub.xml (RunModel)" time="0.074" />
  <testcase classname="ptolemy.util.test.junit.AutoTests" name="[189] /home/travis/build/icyphy/ptII/ptolemy/actor/lib/test/auto/LazyPubSub2.xml (RunModel)" time="0.05" />
  <testcase classname="ptolemy.util.test.junit.AutoTests" name="[190] /home/travis/build/icyphy/ptII/ptolemy/actor/lib/test/auto/LazyPubSub3.xml (RunModel)" time="0.032" />
  <testcase classname="ptolemy.util.test.junit.AutoTests" name="[191] /home/travis/build/icyphy/ptII/ptolemy/actor/lib/test/auto/LazySubClassModel.xml (RunModel)" time="0.024" />
  <testcase classname="ptolemy.util.test.junit.AutoTests" name="[192] /home/travis/build/icyphy/ptII/ptolemy/actor/lib/test/auto/LevelCrossTest1.xml (RunModel)" time="0.013" />
  <testcase classname="ptolemy.util.test.junit.AutoTests" name="[193] /home/travis/build/icyphy/ptII/ptolemy/actor/lib/test/auto/LevelCrossTest10.xml (RunModel)" time="0.025" />
  <testcase classname="ptolemy.util.test.junit.AutoTests" name="[194] /home/travis/build/icyphy/ptII/ptolemy/actor/lib/test/auto/LevelCrossTest11.xml (RunModel)" time="0.015" />
  <testcase classname="ptolemy.util.test.junit.AutoTests" name="[195] /home/travis/build/icyphy/ptII/ptolemy/actor/lib/test/auto/LevelCrossTest12.xml (RunModel)" time="0.022" />
  <testcase classname="ptolemy.util.test.junit.AutoTests" name="[196] /home/travis/build/icyphy/ptII/ptolemy/actor/lib/test/auto/LevelCrossTest13.xml (RunModel)" time="0.016" />
  <testcase classname="ptolemy.util.test.junit.AutoTests" name="[197] /home/travis/build/icyphy/ptII/ptolemy/actor/lib/test/auto/LevelCrossTest2.xml (RunModel)" time="0.013" />
  <testcase classname="ptolemy.util.test.junit.AutoTests" name="[198] /home/travis/build/icyphy/ptII/ptolemy/actor/lib/test/auto/LevelCrossTest3.xml (RunModel)" time="0.013" />
  <testcase classname="ptolemy.util.test.junit.AutoTests" name="[199] /home/travis/build/icyphy/ptII/ptolemy/actor/lib/test/auto/LevelCrossTest4.xml (RunModel)" time="0.012" />
  <testcase classname="ptolemy.util.test.junit.AutoTests" name="[200] /home/travis/build/icyphy/ptII/ptolemy/actor/lib/test/auto/LevelCrossTest5.xml (RunModel)" time="0.016" />
  <testcase classname="ptolemy.util.test.junit.AutoTests" name="[201] /home/travis/build/icyphy/ptII/ptolemy/actor/lib/test/auto/LevelCrossTest6.xml (RunModel)" time="0.017" />
  <testcase classname="ptolemy.util.test.junit.AutoTests" name="[202] /home/travis/build/icyphy/ptII/ptolemy/actor/lib/test/auto/LevelCrossTest7.xml (RunModel)" time="0.014" />
  <testcase classname="ptolemy.util.test.junit.AutoTests" name="[203] /home/travis/build/icyphy/ptII/ptolemy/actor/lib/test/auto/LevelCrossTest8.xml (RunModel)" time="0.013" />
  <testcase classname="ptolemy.util.test.junit.AutoTests" name="[204] /home/travis/build/icyphy/ptII/ptolemy/actor/lib/test/auto/LevelCrossTest9.xml (RunModel)" time="0.014" />
  <testcase classname="ptolemy.util.test.junit.AutoTests" name="[205] /home/travis/build/icyphy/ptII/ptolemy/actor/lib/test/auto/LevinsonDurbin.xml (RunModel)" time="0.009" />
  <testcase classname="ptolemy.util.test.junit.AutoTests" name="[206] /home/travis/build/icyphy/ptII/ptolemy/actor/lib/test/auto/LevinsonDurbin2.xml (RunModel)" time="0.01" />
  <testcase classname="ptolemy.util.test.junit.AutoTests" name="[207] /home/travis/build/icyphy/ptII/ptolemy/actor/lib/test/auto/LevinsonDurbin3.xml (RunModel)" time="0.014" />
  <testcase classname="ptolemy.util.test.junit.AutoTests" name="[208] /home/travis/build/icyphy/ptII/ptolemy/actor/lib/test/auto/Limiter.xml (RunModel)" time="0.036" />
  <testcase classname="ptolemy.util.test.junit.AutoTests" name="[209] /home/travis/build/icyphy/ptII/ptolemy/actor/lib/test/auto/LinearDifferenceEquationSystem.xml (RunModel)" time="0.031" />
  <testcase classname="ptolemy.util.test.junit.AutoTests" name="[210] /home/travis/build/icyphy/ptII/ptolemy/actor/lib/test/auto/LookupTable.xml (RunModel)" time="0.016" />
  <testcase classname="ptolemy.util.test.junit.AutoTests" name="[211] /home/travis/build/icyphy/ptII/ptolemy/actor/lib/test/auto/MathFunction.xml (RunModel)" time="0.02" />
  <testcase classname="ptolemy.util.test.junit.AutoTests" name="[212] /home/travis/build/icyphy/ptII/ptolemy/actor/lib/test/auto/MathFunction2.xml (RunModel)" time="0.009" />
  <testcase classname="ptolemy.util.test.junit.AutoTests" name="[213] /home/travis/build/icyphy/ptII/ptolemy/actor/lib/test/auto/MathFunction3.xml (RunModel)" time="0.017" />
  <testcase classname="ptolemy.util.test.junit.AutoTests" name="[214] /home/travis/build/icyphy/ptII/ptolemy/actor/lib/test/auto/MatrixCropBoolean.xml (RunModel)" time="0.011" />
  <testcase classname="ptolemy.util.test.junit.AutoTests" name="[215] /home/travis/build/icyphy/ptII/ptolemy/actor/lib/test/auto/MatrixCropComplex.xml (RunModel)" time="0.009" />
  <testcase classname="ptolemy.util.test.junit.AutoTests" name="[216] /home/travis/build/icyphy/ptII/ptolemy/actor/lib/test/auto/MatrixCropDouble.xml (RunModel)" time="0.009" />
  <testcase classname="ptolemy.util.test.junit.AutoTests" name="[217] /home/travis/build/icyphy/ptII/ptolemy/actor/lib/test/auto/MatrixCropFix.xml (RunModel)" time="0.01" />
  <testcase classname="ptolemy.util.test.junit.AutoTests" name="[218] /home/travis/build/icyphy/ptII/ptolemy/actor/lib/test/auto/MatrixCropInt.xml (RunModel)" time="0.011" />
  <testcase classname="ptolemy.util.test.junit.AutoTests" name="[219] /home/travis/build/icyphy/ptII/ptolemy/actor/lib/test/auto/MatrixCropLong.xml (RunModel)" time="0.008" />
  <testcase classname="ptolemy.util.test.junit.AutoTests" name="[220] /home/travis/build/icyphy/ptII/ptolemy/actor/lib/test/auto/MatrixToArray.xml (RunModel)" time="0.041" />
  <testcase classname="ptolemy.util.test.junit.AutoTests" name="[221] /home/travis/build/icyphy/ptII/ptolemy/actor/lib/test/auto/MaxIndex.xml (RunModel)" time="0.012" />
  <testcase classname="ptolemy.util.test.junit.AutoTests" name="[222] /home/travis/build/icyphy/ptII/ptolemy/actor/lib/test/auto/Maximum.xml (RunModel)" time="0.013" />
  <testcase classname="ptolemy.util.test.junit.AutoTests" name="[223] /home/travis/build/icyphy/ptII/ptolemy/actor/lib/test/auto/MaximumComplex.xml (RunModel)" time="0.014" />
  <testcase classname="ptolemy.util.test.junit.AutoTests" name="[224] /home/travis/build/icyphy/ptII/ptolemy/actor/lib/test/auto/MethodCallTest.xml (RunModel)" time="0.018" />
  <testcase classname="ptolemy.util.test.junit.AutoTests" name="[225] /home/travis/build/icyphy/ptII/ptolemy/actor/lib/test/auto/Minimum.xml (RunModel)" time="0.014" />
  <testcase classname="ptolemy.util.test.junit.AutoTests" name="[226] /home/travis/build/icyphy/ptII/ptolemy/actor/lib/test/auto/MinimumComplex.xml (RunModel)" time="0.013" />
  <testcase classname="ptolemy.util.test.junit.AutoTests" name="[227] /home/travis/build/icyphy/ptII/ptolemy/actor/lib/test/auto/MinimumMultiports.xml (RunModel)" time="0.018" />
  <testcase classname="ptolemy.util.test.junit.AutoTests" name="[228] /home/travis/build/icyphy/ptII/ptolemy/actor/lib/test/auto/ModifyDate.xml (RunModel)" time="0.042" />
  <testcase classname="ptolemy.util.test.junit.AutoTests" name="[229] /home/travis/build/icyphy/ptII/ptolemy/actor/lib/test/auto/ModifyDate2.xml (RunModel)" time="0.027" />
  <testcase classname="ptolemy.util.test.junit.AutoTests" name="[230] /home/travis/build/icyphy/ptII/ptolemy/actor/lib/test/auto/MovingAverage.xml (RunModel)" time="0.011" />
  <testcase classname="ptolemy.util.test.junit.AutoTests" name="[231] /home/travis/build/icyphy/ptII/ptolemy/actor/lib/test/auto/MovingMaximum.xml (RunModel)" time="0.009" />
  <testcase classname="ptolemy.util.test.junit.AutoTests" name="[232] /home/travis/build/icyphy/ptII/ptolemy/actor/lib/test/auto/MultipleLinksToSameRelation.xml (RunModel)" time="0.007" />
  <testcase classname="ptolemy.util.test.junit.AutoTests" name="[233] /home/travis/build/icyphy/ptII/ptolemy/actor/lib/test/auto/MultipleLinksToSameRelationDE.xml (RunModel)" time="0.008" />
  <testcase classname="ptolemy.util.test.junit.AutoTests" name="[234] /home/travis/build/icyphy/ptII/ptolemy/actor/lib/test/auto/Multiplexor.xml (RunModel)" time="0.016" />
  <testcase classname="ptolemy.util.test.junit.AutoTests" name="[235] /home/travis/build/icyphy/ptII/ptolemy/actor/lib/test/auto/Multiplexor1.xml (RunModel)" time="0.012" />
  <testcase classname="ptolemy.util.test.junit.AutoTests" name="[236] /home/travis/build/icyphy/ptII/ptolemy/actor/lib/test/auto/Multiplexor2.xml (RunModel)" time="0.014" />
  <testcase classname="ptolemy.util.test.junit.AutoTests" name="[237] /home/travis/build/icyphy/ptII/ptolemy/actor/lib/test/auto/Multiplexor3.xml (RunModel)" time="0.009" />
  <testcase classname="ptolemy.util.test.junit.AutoTests" name="[238] /home/travis/build/icyphy/ptII/ptolemy/actor/lib/test/auto/MultiplexorDE.xml (RunModel)" time="0.017" />
  <testcase classname="ptolemy.util.test.junit.AutoTests" name="[239] /home/travis/build/icyphy/ptII/ptolemy/actor/lib/test/auto/MultiportBroadcastTest.xml (RunModel)" time="0.078" />
  <testcase classname="ptolemy.util.test.junit.AutoTests" name="[240] /home/travis/build/icyphy/ptII/ptolemy/actor/lib/test/auto/MultiportOutHangDuringGetWidth.xml (RunModel)" time="0.042" />
  <testcase classname="ptolemy.util.test.junit.AutoTests" name="[241] /home/travis/build/icyphy/ptII/ptolemy/actor/lib/test/auto/NilToken.xml (RunModel)" time="0.015" />
  <testcase classname="ptolemy.util.test.junit.AutoTests" name="[242] /home/travis/build/icyphy/ptII/ptolemy/actor/lib/test/auto/NilTokenNonStrictTest.xml (RunModel)" time="0.013" />
  <testcase classname="ptolemy.util.test.junit.AutoTests" name="[243] /home/travis/build/icyphy/ptII/ptolemy/actor/lib/test/auto/NilTokenRecord.xml (RunModel)" time="0.023" />
  <testcase classname="ptolemy.util.test.junit.AutoTests" name="[244] /home/travis/build/icyphy/ptII/ptolemy/actor/lib/test/auto/NilTokenTypeTest.xml (RunModel)" time="0.027" />
  <testcase classname="ptolemy.util.test.junit.AutoTests" name="[245] /home/travis/build/icyphy/ptII/ptolemy/actor/lib/test/auto/ObjectToken1.xml (RunModel)" time="0.007" />
  <testcase classname="ptolemy.util.test.junit.AutoTests" name="[246] /home/travis/build/icyphy/ptII/ptolemy/actor/lib/test/auto/OrderedMerge.xml (RunModel)" time="0.023" />
  <testcase classname="ptolemy.util.test.junit.AutoTests" name="[247] /home/travis/build/icyphy/ptII/ptolemy/actor/lib/test/auto/OrderedRecordDisassembler.xml (RunModel)" time="0.014" />
  <testcase classname="ptolemy.util.test.junit.AutoTests" name="[248] /home/travis/build/icyphy/ptII/ptolemy/actor/lib/test/auto/OrderedRecordDisassembler2.xml (RunModel)" time="0.02" />
  <testcase classname="ptolemy.util.test.junit.AutoTests" name="[249] /home/travis/build/icyphy/ptII/ptolemy/actor/lib/test/auto/OrderedRecordUpdater.xml (RunModel)" time="0.012" />
  <testcase classname="ptolemy.util.test.junit.AutoTests" name="[250] /home/travis/build/icyphy/ptII/ptolemy/actor/lib/test/auto/OrderedRecordUpdater2.xml (RunModel)" time="0.023" />
  <testcase classname="ptolemy.util.test.junit.AutoTests" name="[251] /home/travis/build/icyphy/ptII/ptolemy/actor/lib/test/auto/PhaseUnwrap.xml (RunModel)" time="0.013" />
  <testcase classname="ptolemy.util.test.junit.AutoTests" name="[252] /home/travis/build/icyphy/ptII/ptolemy/actor/lib/test/auto/PoissonClock.xml (RunModel)" time="0.01" />
  <testcase classname="ptolemy.util.test.junit.AutoTests" name="[253] /home/travis/build/icyphy/ptII/ptolemy/actor/lib/test/auto/PoissonClock2.xml (RunModel)" time="0.009" />
  <testcase classname="ptolemy.util.test.junit.AutoTests" name="[254] /home/travis/build/icyphy/ptII/ptolemy/actor/lib/test/auto/PoissonClock3.xml (RunModel)" time="0.014" />
  <testcase classname="ptolemy.util.test.junit.AutoTests" name="[255] /home/travis/build/icyphy/ptII/ptolemy/actor/lib/test/auto/PubSubWithInitialTokens.xml (RunModel)" time="0.014" />
  <testcase classname="ptolemy.util.test.junit.AutoTests" name="[256] /home/travis/build/icyphy/ptII/ptolemy/actor/lib/test/auto/PubSubWithInitialTokens2.xml (RunModel)" time="0.017" />
  <testcase classname="ptolemy.util.test.junit.AutoTests" name="[257] /home/travis/build/icyphy/ptII/ptolemy/actor/lib/test/auto/PublisherClassNoParameter.xml (RunModel)" time="0.021" />
  <testcase classname="ptolemy.util.test.junit.AutoTests" name="[258] /home/travis/build/icyphy/ptII/ptolemy/actor/lib/test/auto/PublisherClassParameter.xml (RunModel)" time="0.025" />
  <testcase classname="ptolemy.util.test.junit.AutoTests" name="[259] /home/travis/build/icyphy/ptII/ptolemy/actor/lib/test/auto/PublisherNonStrictTest.xml (RunModel)" time="0.014" />
  <testcase classname="ptolemy.util.test.junit.AutoTests" name="[260] /home/travis/build/icyphy/ptII/ptolemy/actor/lib/test/auto/PublisherPort1.xml (RunModel)" time="0.02" />
  <testcase classname="ptolemy.util.test.junit.AutoTests" name="[261] /home/travis/build/icyphy/ptII/ptolemy/actor/lib/test/auto/PublisherPort2.xml (RunModel)" time="0.017" />
  <testcase classname="ptolemy.util.test.junit.AutoTests" name="[262] /home/travis/build/icyphy/ptII/ptolemy/actor/lib/test/auto/PublisherPort3.xml (RunModel)" time="0.012" />
  <testcase classname="ptolemy.util.test.junit.AutoTests" name="[263] /home/travis/build/icyphy/ptII/ptolemy/actor/lib/test/auto/PublisherPort4.xml (RunModel)" time="0.013" />
  <testcase classname="ptolemy.util.test.junit.AutoTests" name="[264] /home/travis/build/icyphy/ptII/ptolemy/actor/lib/test/auto/PublisherPort5.xml (RunModel)" time="0.015" />
  <testcase classname="ptolemy.util.test.junit.AutoTests" name="[265] /home/travis/build/icyphy/ptII/ptolemy/actor/lib/test/auto/PublisherPort5LookAlike.xml (RunModel)" time="0.021" />
  <testcase classname="ptolemy.util.test.junit.AutoTests" name="[266] /home/travis/build/icyphy/ptII/ptolemy/actor/lib/test/auto/PublisherPort6.xml (RunModel)" time="0.013" />
  <testcase classname="ptolemy.util.test.junit.AutoTests" name="[267] /home/travis/build/icyphy/ptII/ptolemy/actor/lib/test/auto/PublisherPort7.xml (RunModel)" time="0.015" />
  <testcase classname="ptolemy.util.test.junit.AutoTests" name="[268] /home/travis/build/icyphy/ptII/ptolemy/actor/lib/test/auto/PublisherPort8.xml (RunModel)" time="0.015" />
  <testcase classname="ptolemy.util.test.junit.AutoTests" name="[269] /home/travis/build/icyphy/ptII/ptolemy/actor/lib/test/auto/PublisherPortSubscriberChannelVariablesAOC2.xml (RunModel)" time="0.032" />
  <testcase classname="ptolemy.util.test.junit.AutoTests" name="[270] /home/travis/build/icyphy/ptII/ptolemy/actor/lib/test/auto/PublisherPortSubscriberOpaqueWidthInference.xml (RunModel)" time="0.015" />
  <testcase classname="ptolemy.util.test.junit.AutoTests" name="[271] /home/travis/build/icyphy/ptII/ptolemy/actor/lib/test/auto/PublisherPortSubscriberPortAdjacent.xml (RunModel)" time="0.018" />
  <testcase classname="ptolemy.util.test.junit.AutoTests" name="[272] /home/travis/build/icyphy/ptII/ptolemy/actor/lib/test/auto/PublisherPortSubscriberPortExpression.xml (RunModel)" time="0.02" />
  <testcase classname="ptolemy.util.test.junit.AutoTests" name="[273] /home/travis/build/icyphy/ptII/ptolemy/actor/lib/test/auto/PublisherPortSubscriberPortOpaqueD3Reverse.xml (RunModel)" time="0.024" />
  <testcase classname="ptolemy.util.test.junit.AutoTests" name="[274] /home/travis/build/icyphy/ptII/ptolemy/actor/lib/test/auto/PublisherPortSubscriberPortOpaqueWidthInference.xml (RunModel)" time="0.024" />
  <testcase classname="ptolemy.util.test.junit.AutoTests" name="[275] /home/travis/build/icyphy/ptII/ptolemy/actor/lib/test/auto/PublisherPortToplevelSubscriberPortAOC.xml (RunModel)" time="0.019" />
  <testcase classname="ptolemy.util.test.junit.AutoTests" name="[276] /home/travis/build/icyphy/ptII/ptolemy/actor/lib/test/auto/PublisherSubscriber.xml (RunModel)" time="0.012" />
  <testcase classname="ptolemy.util.test.junit.AutoTests" name="[277] /home/travis/build/icyphy/ptII/ptolemy/actor/lib/test/auto/PublisherSubscriber10.xml (RunModel)" time="0.02" />
  <testcase classname="ptolemy.util.test.junit.AutoTests" name="[278] /home/travis/build/icyphy/ptII/ptolemy/actor/lib/test/auto/PublisherSubscriber10InitialOutputs.xml (RunModel)" time="0.027" />
  <testcase classname="ptolemy.util.test.junit.AutoTests" name="[279] /home/travis/build/icyphy/ptII/ptolemy/actor/lib/test/auto/PublisherSubscriber11.xml (RunModel)" time="0.016" />
  <testcase classname="ptolemy.util.test.junit.AutoTests" name="[280] /home/travis/build/icyphy/ptII/ptolemy/actor/lib/test/auto/PublisherSubscriber12.xml (RunModel)" time="0.012" />
  <testcase classname="ptolemy.util.test.junit.AutoTests" name="[281] /home/travis/build/icyphy/ptII/ptolemy/actor/lib/test/auto/PublisherSubscriber13.xml (RunModel)" time="0.009" />
  <testcase classname="ptolemy.util.test.junit.AutoTests" name="[282] /home/travis/build/icyphy/ptII/ptolemy/actor/lib/test/auto/PublisherSubscriber14.xml (RunModel)" time="0.023" />
  <testcase classname="ptolemy.util.test.junit.AutoTests" name="[283] /home/travis/build/icyphy/ptII/ptolemy/actor/lib/test/auto/PublisherSubscriber2.xml (RunModel)" time="0.009" />
  <testcase classname="ptolemy.util.test.junit.AutoTests" name="[284] /home/travis/build/icyphy/ptII/ptolemy/actor/lib/test/auto/PublisherSubscriber3.xml (RunModel)" time="0.01" />
  <testcase classname="ptolemy.util.test.junit.AutoTests" name="[285] /home/travis/build/icyphy/ptII/ptolemy/actor/lib/test/auto/PublisherSubscriber4.xml (RunModel)" time="0.009" />
  <testcase classname="ptolemy.util.test.junit.AutoTests" name="[286] /home/travis/build/icyphy/ptII/ptolemy/actor/lib/test/auto/PublisherSubscriber5.xml (RunModel)" time="0.016" />
  <testcase classname="ptolemy.util.test.junit.AutoTests" name="[287] /home/travis/build/icyphy/ptII/ptolemy/actor/lib/test/auto/PublisherSubscriber6.xml (RunModel)" time="0.011" />
  <testcase classname="ptolemy.util.test.junit.AutoTests" name="[288] /home/travis/build/icyphy/ptII/ptolemy/actor/lib/test/auto/PublisherSubscriber7.xml (RunModel)" time="0.013" />
  <testcase classname="ptolemy.util.test.junit.AutoTests" name="[289] /home/travis/build/icyphy/ptII/ptolemy/actor/lib/test/auto/PublisherSubscriber8.xml (RunModel)" time="0.027" />
  <testcase classname="ptolemy.util.test.junit.AutoTests" name="[290] /home/travis/build/icyphy/ptII/ptolemy/actor/lib/test/auto/PublisherSubscriber9.xml (RunModel)" time="0.019" />
  <testcase classname="ptolemy.util.test.junit.AutoTests" name="[291] /home/travis/build/icyphy/ptII/ptolemy/actor/lib/test/auto/PublisherSubscriberAdjacent.xml (RunModel)" time="0.015" />
  <testcase classname="ptolemy.util.test.junit.AutoTests" name="[292] /home/travis/build/icyphy/ptII/ptolemy/actor/lib/test/auto/PublisherSubscriberChannelVariablesAOC2.xml (RunModel)" time="0.028" />
  <testcase classname="ptolemy.util.test.junit.AutoTests" name="[293] /home/travis/build/icyphy/ptII/ptolemy/actor/lib/test/auto/PublisherSubscriberD3.xml (RunModel)" time="0.013" />
  <testcase classname="ptolemy.util.test.junit.AutoTests" name="[294] /home/travis/build/icyphy/ptII/ptolemy/actor/lib/test/auto/PublisherSubscriberD3Reverse.xml (RunModel)" time="0.01" />
  <testcase classname="ptolemy.util.test.junit.AutoTests" name="[295] /home/travis/build/icyphy/ptII/ptolemy/actor/lib/test/auto/PublisherSubscriberExpression.xml (RunModel)" time="0.016" />
  <testcase classname="ptolemy.util.test.junit.AutoTests" name="[296] /home/travis/build/icyphy/ptII/ptolemy/actor/lib/test/auto/PublisherSubscriberOpaque.xml (RunModel)" time="0.016" />
  <testcase classname="ptolemy.util.test.junit.AutoTests" name="[297] /home/travis/build/icyphy/ptII/ptolemy/actor/lib/test/auto/PublisherSubscriberOpaqueD3.xml (RunModel)" time="0.02" />
  <testcase classname="ptolemy.util.test.junit.AutoTests" name="[298] /home/travis/build/icyphy/ptII/ptolemy/actor/lib/test/auto/PublisherSubscriberOpaqueD3Reverse.xml (RunModel)" time="0.018" />
  <testcase classname="ptolemy.util.test.junit.AutoTests" name="[299] /home/travis/build/icyphy/ptII/ptolemy/actor/lib/test/auto/PublisherSubscriberOpaqueWidthInference.xml (RunModel)" time="0.014" />
  <testcase classname="ptolemy.util.test.junit.AutoTests" name="[300] /home/travis/build/icyphy/ptII/ptolemy/actor/lib/test/auto/PublisherTestSubscriber.xml (RunModel)" time="0.014" />
  <testcase classname="ptolemy.util.test.junit.AutoTests" name="[301] /home/travis/build/icyphy/ptII/ptolemy/actor/lib/test/auto/PublisherToplevelSubscriberPortAOC.xml (RunModel)" time="0.013" />
  <testcase classname="ptolemy.util.test.junit.AutoTests" name="[302] /home/travis/build/icyphy/ptII/ptolemy/actor/lib/test/auto/PulseFiringLimitDE.xml (RunModel)" time="0.013" />
  <testcase classname="ptolemy.util.test.junit.AutoTests" name="[303] /home/travis/build/icyphy/ptII/ptolemy/actor/lib/test/auto/Ramp1.xml (RunModel)" time="0.007" />
  <testcase classname="ptolemy.util.test.junit.AutoTests" name="[304] /home/travis/build/icyphy/ptII/ptolemy/actor/lib/test/auto/RampFiringLimitDE.xml (RunModel)" time="0.013" />
  <testcase classname="ptolemy.util.test.junit.AutoTests" name="[305] /home/travis/build/icyphy/ptII/ptolemy/actor/lib/test/auto/RampFiringLimitSDF.xml (RunModel)" time="0.01" />
  <testcase classname="ptolemy.util.test.junit.AutoTests" name="[306] /home/travis/build/icyphy/ptII/ptolemy/actor/lib/test/auto/RandomInteger.xml (RunModel)" time="0.008" />
  <testcase classname="ptolemy.util.test.junit.AutoTests" name="[307] /home/travis/build/icyphy/ptII/ptolemy/actor/lib/test/auto/ReadFile1.xml (RunModel)" time="0.009" />
  <testcase classname="ptolemy.util.test.junit.AutoTests" name="[308] /home/travis/build/icyphy/ptII/ptolemy/actor/lib/test/auto/ReadFile2.xml (RunModel)" time="0.011" />
  <testcase classname="ptolemy.util.test.junit.AutoTests" name="[309] /home/travis/build/icyphy/ptII/ptolemy/actor/lib/test/auto/Reader.xml (RunModel)" time="0.015" />
  <testcase classname="ptolemy.util.test.junit.AutoTests" name="[310] /home/travis/build/icyphy/ptII/ptolemy/actor/lib/test/auto/RecordAssemblerDisplayNameTest.xml (RunModel)" time="2.946" />
  <testcase classname="ptolemy.util.test.junit.AutoTests" name="[311] /home/travis/build/icyphy/ptII/ptolemy/actor/lib/test/auto/RecordAssemblerTypeError.xml (RunModel)" time="0.03" />
  <testcase classname="ptolemy.util.test.junit.AutoTests" name="[312] /home/travis/build/icyphy/ptII/ptolemy/actor/lib/test/auto/RecordDisassember.xml (RunModel)" time="0.014" />
  <testcase classname="ptolemy.util.test.junit.AutoTests" name="[313] /home/travis/build/icyphy/ptII/ptolemy/actor/lib/test/auto/RecordDisassemberDisplayNameTest.xml (RunModel)" time="0.015" />
  <testcase classname="ptolemy.util.test.junit.AutoTests" name="[314] /home/travis/build/icyphy/ptII/ptolemy/actor/lib/test/auto/RecordDisassembler.xml (RunModel)" time="0.015" />
  <testcase classname="ptolemy.util.test.junit.AutoTests" name="[315] /home/travis/build/icyphy/ptII/ptolemy/actor/lib/test/auto/RecordDisassembler2.xml (RunModel)" time="0.01" />
  <testcase classname="ptolemy.util.test.junit.AutoTests" name="[316] /home/travis/build/icyphy/ptII/ptolemy/actor/lib/test/auto/RecordUpdater.xml (RunModel)" time="0.009" />
  <testcase classname="ptolemy.util.test.junit.AutoTests" name="[317] /home/travis/build/icyphy/ptII/ptolemy/actor/lib/test/auto/RecordUpdater2.xml (RunModel)" time="0.008" />
  <testcase classname="ptolemy.util.test.junit.AutoTests" name="[318] /home/travis/build/icyphy/ptII/ptolemy/actor/lib/test/auto/RecursiveLattice.xml (RunModel)" time="0.012" />
  <testcase classname="ptolemy.util.test.junit.AutoTests" name="[319] /home/travis/build/icyphy/ptII/ptolemy/actor/lib/test/auto/Router.xml (RunModel)" time="3.024" />
  <testcase classname="ptolemy.util.test.junit.AutoTests" name="[320] /home/travis/build/icyphy/ptII/ptolemy/actor/lib/test/auto/Router2.xml (RunModel)" time="3.024" />
  <testcase classname="ptolemy.util.test.junit.AutoTests" name="[321] /home/travis/build/icyphy/ptII/ptolemy/actor/lib/test/auto/RunningMaximum.xml (RunModel)" time="0.011" />
  <testcase classname="ptolemy.util.test.junit.AutoTests" name="[322] /home/travis/build/icyphy/ptII/ptolemy/actor/lib/test/auto/RunningMinimum.xml (RunModel)" time="0.01" />
  <testcase classname="ptolemy.util.test.junit.AutoTests" name="[323] /home/travis/build/icyphy/ptII/ptolemy/actor/lib/test/auto/Scale.xml (RunModel)" time="0.009" />
  <testcase classname="ptolemy.util.test.junit.AutoTests" name="[324] /home/travis/build/icyphy/ptII/ptolemy/actor/lib/test/auto/Scale2.xml (RunModel)" time="0.011" />
  <testcase classname="ptolemy.util.test.junit.AutoTests" name="[325] /home/travis/build/icyphy/ptII/ptolemy/actor/lib/test/auto/Scale3.xml (RunModel)" time="0.015" />
  <testcase classname="ptolemy.util.test.junit.AutoTests" name="[326] /home/travis/build/icyphy/ptII/ptolemy/actor/lib/test/auto/ScaleArray.xml (RunModel)" time="0.009" />
  <testcase classname="ptolemy.util.test.junit.AutoTests" name="[327] /home/travis/build/icyphy/ptII/ptolemy/actor/lib/test/auto/ScaleArray2.xml (RunModel)" time="0.008" />
  <testcase classname="ptolemy.util.test.junit.AutoTests" name="[328] /home/travis/build/icyphy/ptII/ptolemy/actor/lib/test/auto/ScaleMatrix.xml (RunModel)" time="0.114" />
  <testcase classname="ptolemy.util.test.junit.AutoTests" name="[329] /home/travis/build/icyphy/ptII/ptolemy/actor/lib/test/auto/Select.xml (RunModel)" time="0.014" />
  <testcase classname="ptolemy.util.test.junit.AutoTests" name="[330] /home/travis/build/icyphy/ptII/ptolemy/actor/lib/test/auto/Select2.xml (RunModel)" time="0.009" />
  <testcase classname="ptolemy.util.test.junit.AutoTests" name="[331] /home/travis/build/icyphy/ptII/ptolemy/actor/lib/test/auto/SequenceToArray2.xml (RunModel)" time="0.107" />
  <testcase classname="ptolemy.util.test.junit.AutoTests" name="[332] /home/travis/build/icyphy/ptII/ptolemy/actor/lib/test/auto/SequentialClock.xml (RunModel)" time="0.022" />
  <testcase classname="ptolemy.util.test.junit.AutoTests" name="[333] /home/travis/build/icyphy/ptII/ptolemy/actor/lib/test/auto/SetVariable.xml (RunModel)" time="0.011" />
  <testcase classname="ptolemy.util.test.junit.AutoTests" name="[334] /home/travis/build/icyphy/ptII/ptolemy/actor/lib/test/auto/SetVariable2.xml (RunModel)" time="0.01" />
  <testcase classname="ptolemy.util.test.junit.AutoTests" name="[335] /home/travis/build/icyphy/ptII/ptolemy/actor/lib/test/auto/SetVariable3.xml (RunModel)" time="0.016" />
  <testcase classname="ptolemy.util.test.junit.AutoTests" name="[336] /home/travis/build/icyphy/ptII/ptolemy/actor/lib/test/auto/SetVariable4.xml (RunModel)" time="0.022" />
  <testcase classname="ptolemy.util.test.junit.AutoTests" name="[337] /home/travis/build/icyphy/ptII/ptolemy/actor/lib/test/auto/SetVariable5.xml (RunModel)" time="0.029" />
  <testcase classname="ptolemy.util.test.junit.AutoTests" name="[338] /home/travis/build/icyphy/ptII/ptolemy/actor/lib/test/auto/Sinewave.xml (RunModel)" time="0.023" />
  <testcase classname="ptolemy.util.test.junit.AutoTests" name="[339] /home/travis/build/icyphy/ptII/ptolemy/actor/lib/test/auto/Sinewave2.xml (RunModel)" time="0.015" />
  <testcase classname="ptolemy.util.test.junit.AutoTests" name="[340] /home/travis/build/icyphy/ptII/ptolemy/actor/lib/test/auto/Sinewave3.xml (RunModel)" time="0.018" />
  <testcase classname="ptolemy.util.test.junit.AutoTests" name="[341] /home/travis/build/icyphy/ptII/ptolemy/actor/lib/test/auto/SingleEvent.xml (RunModel)" time="0.008" />
  <testcase classname="ptolemy.util.test.junit.AutoTests" name="[342] /home/travis/build/icyphy/ptII/ptolemy/actor/lib/test/auto/Sleep.xml (RunModel)" time="6.014" />
  <testcase classname="ptolemy.util.test.junit.AutoTests" name="[343] /home/travis/build/icyphy/ptII/ptolemy/actor/lib/test/auto/SleepMultipleFire.xml (RunModel)" time="1.02" />
  <testcase classname="ptolemy.util.test.junit.AutoTests" name="[344] /home/travis/build/icyphy/ptII/ptolemy/actor/lib/test/auto/StopDE.xml (RunModel)" time="0.03" />
  <testcase classname="ptolemy.util.test.junit.AutoTests" name="[345] /home/travis/build/icyphy/ptII/ptolemy/actor/lib/test/auto/StopSDF.xml (RunModel)" time="0.019" />
  <testcase classname="ptolemy.util.test.junit.AutoTests" name="[346] /home/travis/build/icyphy/ptII/ptolemy/actor/lib/test/auto/StringConstant.xml (RunModel)" time="0.025" />
  <testcase classname="ptolemy.util.test.junit.AutoTests" name="[347] /home/travis/build/icyphy/ptII/ptolemy/actor/lib/test/auto/SubscriberPortInitialValues1.xml (RunModel)" time="0.029" />
  <testcase classname="ptolemy.util.test.junit.AutoTests" name="[348] /home/travis/build/icyphy/ptII/ptolemy/actor/lib/test/auto/SubscriberPortInitialValues13.xml (RunModel)" time="0.029" />
  <testcase classname="ptolemy.util.test.junit.AutoTests" name="[349] /home/travis/build/icyphy/ptII/ptolemy/actor/lib/test/auto/SubscriberPortInitialValues14.xml (RunModel)" time="0.017" />
  <testcase classname="ptolemy.util.test.junit.AutoTests" name="[350] /home/travis/build/icyphy/ptII/ptolemy/actor/lib/test/auto/SubscriberPortInitialValues2.xml (RunModel)" time="0.018" />
  <testcase classname="ptolemy.util.test.junit.AutoTests" name="[351] /home/travis/build/icyphy/ptII/ptolemy/actor/lib/test/auto/SubscriberPortInitialValues3.xml (RunModel)" time="0.02" />
  <testcase classname="ptolemy.util.test.junit.AutoTests" name="[352] /home/travis/build/icyphy/ptII/ptolemy/actor/lib/test/auto/SubscriptionAggregator.xml (RunModel)" time="0.014" />
  <testcase classname="ptolemy.util.test.junit.AutoTests" name="[353] /home/travis/build/icyphy/ptII/ptolemy/actor/lib/test/auto/SubscriptionAggregator2.xml (RunModel)" time="0.013" />
  <testcase classname="ptolemy.util.test.junit.AutoTests" name="[354] /home/travis/build/icyphy/ptII/ptolemy/actor/lib/test/auto/SubscriptionAggregator3.xml (RunModel)" time="0.017" />
  <testcase classname="ptolemy.util.test.junit.AutoTests" name="[355] /home/travis/build/icyphy/ptII/ptolemy/actor/lib/test/auto/SubscriptionAggregatorMultiply.xml (RunModel)" time="0.017" />
  <testcase classname="ptolemy.util.test.junit.AutoTests" name="[356] /home/travis/build/icyphy/ptII/ptolemy/actor/lib/test/auto/SubscriptionAggregatorPortMultiply1.xml (RunModel)" time="0.016" />
  <testcase classname="ptolemy.util.test.junit.AutoTests" name="[357] /home/travis/build/icyphy/ptII/ptolemy/actor/lib/test/auto/Switch.xml (RunModel)" time="0.016" />
  <testcase classname="ptolemy.util.test.junit.AutoTests" name="[358] /home/travis/build/icyphy/ptII/ptolemy/actor/lib/test/auto/Switch2.xml (RunModel)" time="0.01" />
  <testcase classname="ptolemy.util.test.junit.AutoTests" name="[359] /home/travis/build/icyphy/ptII/ptolemy/actor/lib/test/auto/SwitchDE.xml (RunModel)" time="0.013" />
  <testcase classname="ptolemy.util.test.junit.AutoTests" name="[360] /home/travis/build/icyphy/ptII/ptolemy/actor/lib/test/auto/SynchronizerDE.xml (RunModel)" time="0.023" />
  <testcase classname="ptolemy.util.test.junit.AutoTests" name="[361] /home/travis/build/icyphy/ptII/ptolemy/actor/lib/test/auto/Test.xml (RunModel)" time="0.009" />
  <testcase classname="ptolemy.util.test.junit.AutoTests" name="[362] /home/travis/build/icyphy/ptII/ptolemy/actor/lib/test/auto/TestExceptionAttribute1.xml (RunModel)" time="0.012" />
  <testcase classname="ptolemy.util.test.junit.AutoTests" name="[363] /home/travis/build/icyphy/ptII/ptolemy/actor/lib/test/auto/TestExceptionAttribute2.xml (RunModel)" time="0.009" />
  <testcase classname="ptolemy.util.test.junit.AutoTests" name="[364] /home/travis/build/icyphy/ptII/ptolemy/actor/lib/test/auto/TestExceptionAttribute3.xml (RunModel)" time="0.007" />
  <testcase classname="ptolemy.util.test.junit.AutoTests" name="[365] /home/travis/build/icyphy/ptII/ptolemy/actor/lib/test/auto/TestExceptionAttribute4.xml (RunModel)" time="0.008" />
  <testcase classname="ptolemy.util.test.junit.AutoTests" name="[366] /home/travis/build/icyphy/ptII/ptolemy/actor/lib/test/auto/TestExceptionHandler1.xml (RunModel)" time="0.008" />
  <testcase classname="ptolemy.util.test.junit.AutoTests" name="[367] /home/travis/build/icyphy/ptII/ptolemy/actor/lib/test/auto/TestExceptionHandler2.xml (RunModel)" time="0.012" />
  <testcase classname="ptolemy.util.test.junit.AutoTests" name="[368] /home/travis/build/icyphy/ptII/ptolemy/actor/lib/test/auto/TestExceptionHandler3.xml (RunModel)" time="0.007" />
  <testcase classname="ptolemy.util.test.junit.AutoTests" name="[369] /home/travis/build/icyphy/ptII/ptolemy/actor/lib/test/auto/TestExceptionHandler4.xml (RunModel)" time="0.007" />
  <testcase classname="ptolemy.util.test.junit.AutoTests" name="[370] /home/travis/build/icyphy/ptII/ptolemy/actor/lib/test/auto/TestRequireCorrectOrder.xml (RunModel)" time="0.011" />
  <testcase classname="ptolemy.util.test.junit.AutoTests" name="[371] /home/travis/build/icyphy/ptII/ptolemy/actor/lib/test/auto/TestSimple.xml (RunModel)" time="0.009" />
  <testcase classname="ptolemy.util.test.junit.AutoTests" name="[372] /home/travis/build/icyphy/ptII/ptolemy/actor/lib/test/auto/ThrowModelError.xml (RunModel)" time="0.012" />
  <testcase classname="ptolemy.util.test.junit.AutoTests" name="[373] /home/travis/build/icyphy/ptII/ptolemy/actor/lib/test/auto/TimeDelayMicrosteps.xml (RunModel)" time="0.015" />
  <testcase classname="ptolemy.util.test.junit.AutoTests" name="[374] /home/travis/build/icyphy/ptII/ptolemy/actor/lib/test/auto/TimeDelayMicrosteps2.xml (RunModel)" time="0.017" />
  <testcase classname="ptolemy.util.test.junit.AutoTests" name="[375] /home/travis/build/icyphy/ptII/ptolemy/actor/lib/test/auto/TimeDelayMicrosteps3.xml (RunModel)" time="0.014" />
  <testcase classname="ptolemy.util.test.junit.AutoTests" name="[376] /home/travis/build/icyphy/ptII/ptolemy/actor/lib/test/auto/TimeDelayVariableMicrosteps.xml (RunModel)" time="0.014" />
  <testcase classname="ptolemy.util.test.junit.AutoTests" name="[377] /home/travis/build/icyphy/ptII/ptolemy/actor/lib/test/auto/TimeGap.xml (RunModel)" time="0.014" />
  <testcase classname="ptolemy.util.test.junit.AutoTests" name="[378] /home/travis/build/icyphy/ptII/ptolemy/actor/lib/test/auto/TimeGap2.xml (RunModel)" time="0.015" />
  <testcase classname="ptolemy.util.test.junit.AutoTests" name="[379] /home/travis/build/icyphy/ptII/ptolemy/actor/lib/test/auto/TimedSinewave.xml (RunModel)" time="0.043" />
  <testcase classname="ptolemy.util.test.junit.AutoTests" name="[380] /home/travis/build/icyphy/ptII/ptolemy/actor/lib/test/auto/TimedSinewavePhase.xml (RunModel)" time="0.047" />
  <testcase classname="ptolemy.util.test.junit.AutoTests" name="[381] /home/travis/build/icyphy/ptII/ptolemy/actor/lib/test/auto/Timer.xml (RunModel)" time="0.014" />
  <testcase classname="ptolemy.util.test.junit.AutoTests" name="[382] /home/travis/build/icyphy/ptII/ptolemy/actor/lib/test/auto/TriangularDistTestModel.xml (RunModel)" time="0.019" />
  <testcase classname="ptolemy.util.test.junit.AutoTests" name="[383] /home/travis/build/icyphy/ptII/ptolemy/actor/lib/test/auto/TrigFunction.xml (RunModel)" time="0.009" />
  <testcase classname="ptolemy.util.test.junit.AutoTests" name="[384] /home/travis/build/icyphy/ptII/ptolemy/actor/lib/test/auto/TrigFunctionDE.xml (RunModel)" time="0.012" />
  <testcase classname="ptolemy.util.test.junit.AutoTests" name="[385] /home/travis/build/icyphy/ptII/ptolemy/actor/lib/test/auto/TrigFunctionInverse.xml (RunModel)" time="0.011" />
  <testcase classname="ptolemy.util.test.junit.AutoTests" name="[386] /home/travis/build/icyphy/ptII/ptolemy/actor/lib/test/auto/TrigFunctionTan.xml (RunModel)" time="0.007" />
  <testcase classname="ptolemy.util.test.junit.AutoTests" name="[387] /home/travis/build/icyphy/ptII/ptolemy/actor/lib/test/auto/TriggeredClock.xml (RunModel)" time="0.009" />
  <testcase classname="ptolemy.util.test.junit.AutoTests" name="[388] /home/travis/build/icyphy/ptII/ptolemy/actor/lib/test/auto/URLDirectoryReader.xml (RunModel)" time="0.088" />
  <testcase classname="ptolemy.util.test.junit.AutoTests" name="[389] /home/travis/build/icyphy/ptII/ptolemy/actor/lib/test/auto/URLDirectoryReader3.xml (RunModel)" time="1.472" />
  <testcase classname="ptolemy.util.test.junit.AutoTests" name="[390] /home/travis/build/icyphy/ptII/ptolemy/actor/lib/test/auto/UnaryMathFunction.xml (RunModel)" time="0.052" />
  <testcase classname="ptolemy.util.test.junit.AutoTests" name="[391] /home/travis/build/icyphy/ptII/ptolemy/actor/lib/test/auto/Uniform.xml (RunModel)" time="0.046" />
  <testcase classname="ptolemy.util.test.junit.AutoTests" name="[392] /home/travis/build/icyphy/ptII/ptolemy/actor/lib/test/auto/UnionDisassemblerTest.xml (RunModel)" time="0.026" />
  <testcase classname="ptolemy.util.test.junit.AutoTests" name="[393] /home/travis/build/icyphy/ptII/ptolemy/actor/lib/test/auto/UtilityFunctions.xml (RunModel)" time="0.033" />
  <testcase classname="ptolemy.util.test.junit.AutoTests" name="[394] /home/travis/build/icyphy/ptII/ptolemy/actor/lib/test/auto/VariableSleep.xml (RunModel)" time="0.52" />
  <testcase classname="ptolemy.util.test.junit.AutoTests" name="[395] /home/travis/build/icyphy/ptII/ptolemy/actor/lib/test/auto/VectorAssemblerDisassemblerCT.xml (RunModel)" time="0.122" />
  <testcase classname="ptolemy.util.test.junit.AutoTests" name="[396] /home/travis/build/icyphy/ptII/ptolemy/actor/lib/test/auto/VectorAssemblerDisassemblerDE.xml (RunModel)" time="0.016" />
  <testcase classname="ptolemy.util.test.junit.AutoTests" name="[397] /home/travis/build/icyphy/ptII/ptolemy/actor/lib/test/auto/VectorAssemblerDisassemblerSDF.xml (RunModel)" time="0.014" />
  <testcase classname="ptolemy.util.test.junit.AutoTests" name="[398] /home/travis/build/icyphy/ptII/ptolemy/actor/lib/test/auto/WallClockTime.xml (RunModel)" time="1.016" />
  <testcase classname="ptolemy.util.test.junit.AutoTests" name="[399] /home/travis/build/icyphy/ptII/ptolemy/actor/lib/test/auto/WidthTestWithSubscriberPublisher.xml (RunModel)" time="0.067" />
  <testcase classname="ptolemy.util.test.junit.AutoTests" name="[400] /home/travis/build/icyphy/ptII/ptolemy/actor/lib/test/auto/WidthTestWithSubscriberPublisher2.xml (RunModel)" time="0.016" />
  <testcase classname="ptolemy.util.test.junit.AutoTests" name="[401] /home/travis/build/icyphy/ptII/ptolemy/actor/lib/test/auto/WidthTestWithSubscriberPublisher3.xml (RunModel)" time="0.013" />
  <testcase classname="ptolemy.util.test.junit.AutoTests" name="[402] /home/travis/build/icyphy/ptII/ptolemy/actor/lib/test/auto/Writer.xml (RunModel)" time="0.011" />
  <testcase classname="ptolemy.util.test.junit.AutoTests" name="[403] /home/travis/build/icyphy/ptII/ptolemy/actor/lib/test/auto/array.xml (RunModel)" time="0.013" />
  <testcase classname="ptolemy.util.test.junit.AutoTests" name="[404] /home/travis/build/icyphy/ptII/ptolemy/actor/lib/test/auto/array2.xml (RunModel)" time="0.018" />
  <testcase classname="ptolemy.util.test.junit.AutoTests" name="[405] /home/travis/build/icyphy/ptII/ptolemy/actor/lib/test/auto/arrayType.xml (RunModel)" time="0.013" />
  <testcase classname="ptolemy.util.test.junit.AutoTests" name="[406] /home/travis/build/icyphy/ptII/ptolemy/actor/lib/test/auto/arrayType10.xml (RunModel)" time="0.011" />
  <testcase classname="ptolemy.util.test.junit.AutoTests" name="[407] /home/travis/build/icyphy/ptII/ptolemy/actor/lib/test/auto/arrayType11.xml (RunModel)" time="0.033" />
  <testcase classname="ptolemy.util.test.junit.AutoTests" name="[408] /home/travis/build/icyphy/ptII/ptolemy/actor/lib/test/auto/arrayType12.xml (RunModel)" time="0.012" />
  <testcase classname="ptolemy.util.test.junit.AutoTests" name="[409] /home/travis/build/icyphy/ptII/ptolemy/actor/lib/test/auto/arrayType13.xml (RunModel)" time="0.011" />
  <testcase classname="ptolemy.util.test.junit.AutoTests" name="[410] /home/travis/build/icyphy/ptII/ptolemy/actor/lib/test/auto/arrayType14.xml (RunModel)" time="0.01" />
  <testcase classname="ptolemy.util.test.junit.AutoTests" name="[411] /home/travis/build/icyphy/ptII/ptolemy/actor/lib/test/auto/arrayType15.xml (RunModel)" time="0.013" />
  <testcase classname="ptolemy.util.test.junit.AutoTests" name="[412] /home/travis/build/icyphy/ptII/ptolemy/actor/lib/test/auto/arrayType16.xml (RunModel)" time="0.01" />
  <testcase classname="ptolemy.util.test.junit.AutoTests" name="[413] /home/travis/build/icyphy/ptII/ptolemy/actor/lib/test/auto/arrayType17.xml (RunModel)" time="0.01" />
  <testcase classname="ptolemy.util.test.junit.AutoTests" name="[414] /home/travis/build/icyphy/ptII/ptolemy/actor/lib/test/auto/arrayType18.xml (RunModel)" time="0.009" />
  <testcase classname="ptolemy.util.test.junit.AutoTests" name="[415] /home/travis/build/icyphy/ptII/ptolemy/actor/lib/test/auto/arrayType19.xml (RunModel)" time="0.009" />
  <testcase classname="ptolemy.util.test.junit.AutoTests" name="[416] /home/travis/build/icyphy/ptII/ptolemy/actor/lib/test/auto/arrayType2.xml (RunModel)" time="0.016" />
  <testcase classname="ptolemy.util.test.junit.AutoTests" name="[417] /home/travis/build/icyphy/ptII/ptolemy/actor/lib/test/auto/arrayType20.xml (RunModel)" time="0.01" />
  <testcase classname="ptolemy.util.test.junit.AutoTests" name="[418] /home/travis/build/icyphy/ptII/ptolemy/actor/lib/test/auto/arrayType21.xml (RunModel)" time="0.01" />
  <testcase classname="ptolemy.util.test.junit.AutoTests" name="[419] /home/travis/build/icyphy/ptII/ptolemy/actor/lib/test/auto/arrayType22.xml (RunModel)" time="0.01" />
  <testcase classname="ptolemy.util.test.junit.AutoTests" name="[420] /home/travis/build/icyphy/ptII/ptolemy/actor/lib/test/auto/arrayType23.xml (RunModel)" time="0.01" />
  <testcase classname="ptolemy.util.test.junit.AutoTests" name="[421] /home/travis/build/icyphy/ptII/ptolemy/actor/lib/test/auto/arrayType24.xml (RunModel)" time="0.021" />
  <testcase classname="ptolemy.util.test.junit.AutoTests" name="[422] /home/travis/build/icyphy/ptII/ptolemy/actor/lib/test/auto/arrayType25.xml (RunModel)" time="0.011" />
  <testcase classname="ptolemy.util.test.junit.AutoTests" name="[423] /home/travis/build/icyphy/ptII/ptolemy/actor/lib/test/auto/arrayType26.xml (RunModel)" time="0.011" />
  <testcase classname="ptolemy.util.test.junit.AutoTests" name="[424] /home/travis/build/icyphy/ptII/ptolemy/actor/lib/test/auto/arrayType27.xml (RunModel)" time="0.01" />
  <testcase classname="ptolemy.util.test.junit.AutoTests" name="[425] /home/travis/build/icyphy/ptII/ptolemy/actor/lib/test/auto/arrayType28.xml (RunModel)" time="0.011" />
  <testcase classname="ptolemy.util.test.junit.AutoTests" name="[426] /home/travis/build/icyphy/ptII/ptolemy/actor/lib/test/auto/arrayType3.xml (RunModel)" time="0.01" />
  <testcase classname="ptolemy.util.test.junit.AutoTests" name="[427] /home/travis/build/icyphy/ptII/ptolemy/actor/lib/test/auto/arrayType4.xml (RunModel)" time="0.012" />
  <testcase classname="ptolemy.util.test.junit.AutoTests" name="[428] /home/travis/build/icyphy/ptII/ptolemy/actor/lib/test/auto/arrayType5.xml (RunModel)" time="0.012" />
  <testcase classname="ptolemy.util.test.junit.AutoTests" name="[429] /home/travis/build/icyphy/ptII/ptolemy/actor/lib/test/auto/arrayType6.xml (RunModel)" time="0.009" />
  <testcase classname="ptolemy.util.test.junit.AutoTests" name="[430] /home/travis/build/icyphy/ptII/ptolemy/actor/lib/test/auto/arrayType7.xml (RunModel)" time="0.023" />
  <testcase classname="ptolemy.util.test.junit.AutoTests" name="[431] /home/travis/build/icyphy/ptII/ptolemy/actor/lib/test/auto/arrayType8.xml (RunModel)" time="0.01" />
  <testcase classname="ptolemy.util.test.junit.AutoTests" name="[432] /home/travis/build/icyphy/ptII/ptolemy/actor/lib/test/auto/arrayType9.xml (RunModel)" time="0.009" />
  <testcase classname="ptolemy.util.test.junit.AutoTests" name="[433] /home/travis/build/icyphy/ptII/ptolemy/actor/lib/test/auto/cast.xml (RunModel)" time="0.01" />
  <testcase classname="ptolemy.util.test.junit.AutoTests" name="[434] /home/travis/build/icyphy/ptII/ptolemy/actor/lib/test/auto/compositeMultiPort.xml (RunModel)" time="0.021" />
  <testcase classname="ptolemy.util.test.junit.AutoTests" name="[435] /home/travis/build/icyphy/ptII/ptolemy/actor/lib/test/auto/expressionCastInference.xml (RunModel)" time="0.01" />
  <testcase classname="ptolemy.util.test.junit.AutoTests" name="[436] /home/travis/build/icyphy/ptII/ptolemy/actor/lib/test/auto/expressionCastInference2.xml (RunModel)" time="0.01" />
  <testcase classname="ptolemy.util.test.junit.AutoTests" name="[437] /home/travis/build/icyphy/ptII/ptolemy/actor/lib/test/auto/expressionInference.xml (RunModel)" time="0.011" />
  <testcase classname="ptolemy.util.test.junit.AutoTests" name="[438] /home/travis/build/icyphy/ptII/ptolemy/actor/lib/test/auto/expression_bug.xml (RunModel)" time="0.009" />
  <testcase classname="ptolemy.util.test.junit.AutoTests" name="[439] /home/travis/build/icyphy/ptII/ptolemy/actor/lib/test/auto/factorial.xml (RunModel)" time="0.06" />
  <testcase classname="ptolemy.util.test.junit.AutoTests" name="[440] /home/travis/build/icyphy/ptII/ptolemy/actor/lib/test/auto/filterTest1.xml (RunModel)" time="0.015" />
  <testcase classname="ptolemy.util.test.junit.AutoTests" name="[441] /home/travis/build/icyphy/ptII/ptolemy/actor/lib/test/auto/funcApplyInConst.xml (RunModel)" time="0.008" />
  <testcase classname="ptolemy.util.test.junit.AutoTests" name="[442] /home/travis/build/icyphy/ptII/ptolemy/actor/lib/test/auto/funcApplyInExpr.xml (RunModel)" time="0.007" />
  <testcase classname="ptolemy.util.test.junit.AutoTests" name="[443] /home/travis/build/icyphy/ptII/ptolemy/actor/lib/test/auto/function.xml (RunModel)" time="0.011" />
  <testcase classname="ptolemy.util.test.junit.AutoTests" name="[444] /home/travis/build/icyphy/ptII/ptolemy/actor/lib/test/auto/function2.xml (RunModel)" time="0.014" />
  <testcase classname="ptolemy.util.test.junit.AutoTests" name="[445] /home/travis/build/icyphy/ptII/ptolemy/actor/lib/test/auto/function3.xml (RunModel)" time="0.008" />
  <testcase classname="ptolemy.util.test.junit.AutoTests" name="[446] /home/travis/build/icyphy/ptII/ptolemy/actor/lib/test/auto/functionClosureTest1.xml (RunModel)" time="0.012" />
  <testcase classname="ptolemy.util.test.junit.AutoTests" name="[447] /home/travis/build/icyphy/ptII/ptolemy/actor/lib/test/auto/functionClosureTest2.xml (RunModel)" time="0.009" />
  <testcase classname="ptolemy.util.test.junit.AutoTests" name="[448] /home/travis/build/icyphy/ptII/ptolemy/actor/lib/test/auto/functionClosureTest3.xml (RunModel)" time="0.011" />
  <testcase classname="ptolemy.util.test.junit.AutoTests" name="[449] /home/travis/build/icyphy/ptII/ptolemy/actor/lib/test/auto/functionClosureTest4.xml (RunModel)" time="0.017" />
  <testcase classname="ptolemy.util.test.junit.AutoTests" name="[450] /home/travis/build/icyphy/ptII/ptolemy/actor/lib/test/auto/functionClosureTest5.xml (RunModel)" time="0.014" />
  <testcase classname="ptolemy.util.test.junit.AutoTests" name="[451] /home/travis/build/icyphy/ptII/ptolemy/actor/lib/test/auto/functionClosureTest6.xml (RunModel)" time="0.012" />
  <testcase classname="ptolemy.util.test.junit.AutoTests" name="[452] /home/travis/build/icyphy/ptII/ptolemy/actor/lib/test/auto/functionsOnArcs.xml (RunModel)" time="0.011" />
  <testcase classname="ptolemy.util.test.junit.AutoTests" name="[453] /home/travis/build/icyphy/ptII/ptolemy/actor/lib/test/auto/functionsOnArcsHOF.xml (RunModel)" time="0.013" />
  <testcase classname="ptolemy.util.test.junit.AutoTests" name="[454] /home/travis/build/icyphy/ptII/ptolemy/actor/lib/test/auto/logic.xml (RunModel)" time="0.019" />
  <testcase classname="ptolemy.util.test.junit.AutoTests" name="[455] /home/travis/build/icyphy/ptII/ptolemy/actor/lib/test/auto/matrixType.xml (RunModel)" time="0.01" />
  <testcase classname="ptolemy.util.test.junit.AutoTests" name="[456] /home/travis/build/icyphy/ptII/ptolemy/actor/lib/test/auto/matrixType10.xml (RunModel)" time="0.01" />
  <testcase classname="ptolemy.util.test.junit.AutoTests" name="[457] /home/travis/build/icyphy/ptII/ptolemy/actor/lib/test/auto/matrixType11.xml (RunModel)" time="0.009" />
  <testcase classname="ptolemy.util.test.junit.AutoTests" name="[458] /home/travis/build/icyphy/ptII/ptolemy/actor/lib/test/auto/matrixType12.xml (RunModel)" time="0.011" />
  <testcase classname="ptolemy.util.test.junit.AutoTests" name="[459] /home/travis/build/icyphy/ptII/ptolemy/actor/lib/test/auto/matrixType13.xml (RunModel)" time="0.011" />
  <testcase classname="ptolemy.util.test.junit.AutoTests" name="[460] /home/travis/build/icyphy/ptII/ptolemy/actor/lib/test/auto/matrixType14.xml (RunModel)" time="0.012" />
  <testcase classname="ptolemy.util.test.junit.AutoTests" name="[461] /home/travis/build/icyphy/ptII/ptolemy/actor/lib/test/auto/matrixType2.xml (RunModel)" time="0.013" />
  <testcase classname="ptolemy.util.test.junit.AutoTests" name="[462] /home/travis/build/icyphy/ptII/ptolemy/actor/lib/test/auto/matrixType3.xml (RunModel)" time="0.009" />
  <testcase classname="ptolemy.util.test.junit.AutoTests" name="[463] /home/travis/build/icyphy/ptII/ptolemy/actor/lib/test/auto/matrixType4.xml (RunModel)" time="0.01" />
  <testcase classname="ptolemy.util.test.junit.AutoTests" name="[464] /home/travis/build/icyphy/ptII/ptolemy/actor/lib/test/auto/matrixType5.xml (RunModel)" time="0.009" />
  <testcase classname="ptolemy.util.test.junit.AutoTests" name="[465] /home/travis/build/icyphy/ptII/ptolemy/actor/lib/test/auto/matrixType6.xml (RunModel)" time="0.009" />
  <testcase classname="ptolemy.util.test.junit.AutoTests" name="[466] /home/travis/build/icyphy/ptII/ptolemy/actor/lib/test/auto/matrixType7.xml (RunModel)" time="0.01" />
  <testcase classname="ptolemy.util.test.junit.AutoTests" name="[467] /home/travis/build/icyphy/ptII/ptolemy/actor/lib/test/auto/matrixType8.xml (RunModel)" time="0.01" />
  <testcase classname="ptolemy.util.test.junit.AutoTests" name="[468] /home/travis/build/icyphy/ptII/ptolemy/actor/lib/test/auto/matrixType9.xml (RunModel)" time="0.009" />
  <testcase classname="ptolemy.util.test.junit.AutoTests" name="[469] /home/travis/build/icyphy/ptII/ptolemy/actor/lib/test/auto/paraFunctest.xml (RunModel)" time="0.017" />
  <testcase classname="ptolemy.util.test.junit.AutoTests" name="[470] /home/travis/build/icyphy/ptII/ptolemy/actor/lib/test/auto/paraFunctest2.xml (RunModel)" time="0.012" />
  <testcase classname="ptolemy.util.test.junit.AutoTests" name="[471] /home/travis/build/icyphy/ptII/ptolemy/actor/lib/test/auto/parameterPassing.xml (RunModel)" time="0.01" />
  <testcase classname="ptolemy.util.test.junit.AutoTests" name="[472] /home/travis/build/icyphy/ptII/ptolemy/actor/lib/test/auto/record.xml (RunModel)" time="0.011" />
  <testcase classname="ptolemy.util.test.junit.AutoTests" name="[473] /home/travis/build/icyphy/ptII/ptolemy/actor/lib/test/auto/sizedarray1.xml (RunModel)" time="0.01" />
  <testcase classname="ptolemy.util.test.junit.AutoTests" name="[474] /home/travis/build/icyphy/ptII/ptolemy/actor/lib/test/auto/sizedarray2.xml (RunModel)" time="0.01" />
  <testcase classname="ptolemy.util.test.junit.AutoTests" name="[475] /home/travis/build/icyphy/ptII/ptolemy/actor/lib/test/auto/twoPublishers.xml (RunModel)" time="0.021" />
  <system-out><![CDATA[/home/travis/build/icyphy/ptII/ptolemy/actor/lib/test/AbsoluteValue.tcl
testDefs.tcl: setting time out to 9000 seconds at Fri Mar 01 21:41:29 UTC 2019
79 ms. Memory: 116224K Free: 109641K (94%)
4 ms. Memory: 116224K Free: 108447K (93%)
5 ms. Memory: 116224K Free: 107857K (93%)
4 ms. Memory: 116224K Free: 106677K (92%)
/home/travis/build/icyphy/ptII/ptolemy/actor/lib/test/AddSubtract.tcl
7 ms. Memory: 116224K Free: 104877K (90%)
5 ms. Memory: 116224K Free: 104248K (90%)
5 ms. Memory: 116224K Free: 103069K (89%)
13 ms. Memory: 116224K Free: 102464K (88%)
14 ms. Memory: 116224K Free: 101874K (88%)
4 ms. Memory: 116224K Free: 100687K (87%)
/home/travis/build/icyphy/ptII/ptolemy/actor/lib/test/Average.tcl
9 ms. Memory: 116224K Free: 99501K (86%)
13 ms. Memory: 116224K Free: 97693K (84%)
/home/travis/build/icyphy/ptII/ptolemy/actor/lib/test/Bernoulli.tcl
4 ms. Memory: 116224K Free: 96490K (83%)
2 ms. Memory: 116224K Free: 95885K (83%)
/home/travis/build/icyphy/ptII/ptolemy/actor/lib/test/Clock.tcl
preinitializing
resolving types
initializing
executing number 1
wrapping up
idle
11 ms. Memory: 116224K Free: 93479K (80%)
Completed execution with 5 iterations
preinitializing
resolving types
initializing
executing number 1
wrapping up
idle
3 ms. Memory: 116224K Free: 92874K (80%)
Completed execution with 5 iterations
preinitializing
resolving types
initializing
executing number 1
wrapping up
idle
4 ms. Memory: 116224K Free: 92269K (79%)
Completed execution with 5 iterations
/home/travis/build/icyphy/ptII/ptolemy/actor/lib/test/Commutator.tcl
10 ms. Memory: 116224K Free: 90468K (78%)
5 ms. Memory: 116224K Free: 89273K (77%)
9 ms. Memory: 116224K Free: 84919K (73%)
/home/travis/build/icyphy/ptII/ptolemy/actor/lib/test/Const.tcl
4 ms. Memory: 116224K Free: 81916K (70%)
2 ms. Memory: 116224K Free: 81916K (70%)
2 ms. Memory: 116224K Free: 81326K (70%)
12 ms. Memory: 146944K Free: 140391K (96%)
1 ms. Memory: 146944K Free: 139991K (95%)
22 ms. Memory: 146944K Free: 138797K (94%)
9 ms. Memory: 146944K Free: 137620K (94%)
13 ms. Memory: 146944K Free: 136442K (93%)
/home/travis/build/icyphy/ptII/ptolemy/actor/lib/test/CurrentTime.tcl
preinitializing
resolving types
initializing
executing number 1
wrapping up
idle
15 ms. Memory: 146944K Free: 134071K (91%)
Completed execution with 11 iterations
/home/travis/build/icyphy/ptII/ptolemy/actor/lib/test/DB.tcl
9 ms. Memory: 146944K Free: 132893K (90%)
4 ms. Memory: 146944K Free: 131699K (90%)
3 ms. Memory: 146944K Free: 131699K (90%)
/home/travis/build/icyphy/ptII/ptolemy/actor/lib/test/DiscreteRandomSource.tcl
preinitializing
resolving types
initializing
executing number 1
wrapping up
idle
5 ms. Memory: 146944K Free: 130521K (89%)
Completed execution with 4 iterations
preinitializing
resolving types
initializing
executing number 1
wrapping up
idle
6 ms. Memory: 146944K Free: 129336K (88%)
Completed execution with 4 iterations
preinitializing
resolving types
initializing
executing number 1
wrapping up
idle
2 ms. Memory: 146944K Free: 129336K (88%)
Completed execution with 4 iterations
preinitializing
resolving types
initializing
executing number 1
wrapping up
idle
2 ms. Memory: 146944K Free: 128150K (87%)
Completed execution with 4 iterations
preinitializing
resolving types
initializing
executing number 1
wrapping up
idle
3 ms. Memory: 146944K Free: 128150K (87%)
Completed execution with 4 iterations
/home/travis/build/icyphy/ptII/ptolemy/actor/lib/test/Distributor.tcl
11 ms. Memory: 146944K Free: 126970K (86%)
4 ms. Memory: 146944K Free: 125792K (86%)
StreamChangeRequest.changeExecuted(): <deleteEntity name="rec2"/> succeeded
StreamChangeRequest.changeExecuted(): <deleteRelation name="r2"/> succeeded
StreamChangeRequest.changeExecuted(): Record firings per iteration succeeded
4 ms. Memory: 146944K Free: 123437K (84%)
/home/travis/build/icyphy/ptII/ptolemy/actor/lib/test/Exit.tcl
Exit.tcl: this will print a message about Manager.exitAfterWrapup, which can be ignored.
5 ms. Memory: 146944K Free: 120467K (82%)
/home/travis/build/icyphy/ptII/ptolemy/actor/lib/test/Expression.tcl
5 ms. Memory: 146944K Free: 116882K (80%)
3 ms. Memory: 146944K Free: 116882K (80%)
3 ms. Memory: 146944K Free: 115705K (79%)
preinitializing
resolving types
initializing
executing number 1
wrapping up
idle
6 ms. Memory: 146944K Free: 114527K (78%)
Completed execution with 6 iterations
4 ms. Memory: 146944K Free: 113349K (77%)
2 ms. Memory: 146944K Free: 112171K (76%)
17 ms. Memory: 146944K Free: 110994K (76%)
3 ms. Memory: 146944K Free: 109816K (75%)
7 ms. Memory: 146944K Free: 108638K (74%)
/home/travis/build/icyphy/ptII/ptolemy/actor/lib/test/Gaussian.tcl
11 ms. Memory: 146944K Free: 107461K (73%)
sleeping 1 seconds: ..............................................................................................................................................................................................................................................................................................................................................................................................................................................................................................................................................................................................................................................................................................................................................................................................................................................................................................................................................................................................................................................................................................................................................................................................................................................................................................................................................................................................................................................................................................................................................................................................................................................................................................................................................................................................................................................................................................................................................................................................................................................................................................................................................................................................................................................................................................................................................................................................................................................................................................................................................................................................................................................................................................................................................................................................................................................................................................................................................................................................................................................................................................................................................................................................................................................................................................................................................................................................................................................................................................................................................................................................................................................................................................................................................................................................................................................................................................................................................................................................................................................................................................................................................................................................................................................................................................................................................................................................................................................................................................................................................................................................................................................................................................................................................................................................................................................................................................................................................................................................................................................................................................................................................................................................................................................................................................................................................................................................................................................................................................................................................................................................................................................................................................................................................................................................................................................................................................................................................................................................................................................................................................................................................................................................................................................................................................................................................................................................................................................................................................................................................................................................................................................................................................................................................................................................................................................................................................................................................................................................................................................................................................................................................................................................................................................................................................................................................................................................................................................................................................................................................................................................................................................................................................................................................................................................................................................................................................................................................................................................................................................................................................................................................................................................................................................................................................................................................................................................................................................................................................................................................................................................................................................................................................................................................................................................................................................................................................................................................................................................................................................................................................................................................................................................................................................................................................................................................................................................................................................................................................................................................................................................................................................................................................................................................................................................................................................................................................................................................................................................................................................................................................................................................................................................................................................................................................................................................................................................................................................................................................................................................................................................................................................................................................................................................................................................................................................................................................................................................................................................................................................................................................................................................................................................................................................................................................................................................................................................................................................................................................................................................................................................................................................................................................................................................................................................................................................................................................................................................................................................................................................................................................................................................................................................................................................................................................................................................................................................................................................................................................................................................................................................................................................................................................................................................................................................................................................................................................................................................................................................................................................................................................................................................................................................................................................................................................................................................................................................................................................................................................................................................................................................................................................................................................................................................................................................................................................................................................................................................................................................................................................................................................................................................................................................................................................................................................................................................................................................................................................................................................................................................................................................................................................................................................................................................................................................................................................................................................................................................................................................................................................................................................................................................................................................................................................................................................................................................................................................................................................................................................................................................................................................................................................................................................................................................................................................................................................................................................................................................................................................................................................................................................................................................................................................................................................................................................................................................................................................................................................................................................................................................................................................................................................................................................................................................................................................................................................................................................................................................................................................................................................................................................................................................................................................................................................................................................................................................................................................................................................................................................................................................................................................................................................................................................................................................................................................................................................................................................................................................................................................................................................................................................................................................................................................................................................................................................................................................................................................................................................................................................................................................................................................................................................................................................................................................................................................................................................................................................................................................................................................................................................................................................................................................................................................................................................................................................................................................................................................................................................................................................................................................................................................................................................................................................................................................................................................................................................................................................................................................................................................................................................................................................................................................................................................................................................................................................................................................................................................................................................................................................................................................................................................................................................................................................................................................................................................................................................................................................................................................................................................................................................................................................................................................................................................................................................................................................................................................................................................................................................................................................................................................................................................................................................................................................................................................................................................................................................................................................................................................................................................................................................................................................................................................................................................................................................................................................................................................................................................................................................................................................................................................................................................................................................................................................................................................................................................................................................................................................................................................................................................................................................................................................................................................................................................................................................................................................................................................................................................................................................................................................................................................................................................................................................................................................................................................................................................................................................................................................................................................................................................................................................................................................................................................................................................................................................................................................................................................................................................................................................................................................................................................................................................................................................................................................................................................................................................................................................................................................................................................................................................................................................................................................................................................................................................................................................................................................................................................................................................................................................................................................................................................................................................................................................................................................................................................................................................................................................................................................................................................................................................................................................................................................................................................................................................................................................................................................................................................................................................................................................................................................................................................................................................................................................................................................................................................................................................................................................................................................................................................................................................................................................................................................................................................................................................................................................................................................................................................................................................................................................................................................................................................................................................................................5 ms. Memory: 208384K Free: 177138K (85%)
3 ms. Memory: 208384K Free: 177138K (85%)
1 ms. Memory: 208384K Free: 174752K (84%)
5 ms. Memory: 208384K Free: 174232K (84%)
4 ms. Memory: 208384K Free: 174232K (84%)
/home/travis/build/icyphy/ptII/ptolemy/actor/lib/test/IIR.tcl
/home/travis/build/icyphy/ptII/ptolemy/actor/lib/test/Interpolator.tcl
4 ms. Memory: 208384K Free: 169459K (81%)
3 ms. Memory: 208384K Free: 169459K (81%)
5 ms. Memory: 208384K Free: 169459K (81%)
2 ms. Memory: 208384K Free: 167072K (80%)
10 ms. Memory: 208384K Free: 167072K (80%)
4 ms. Memory: 208384K Free: 167072K (80%)
7 ms. Memory: 208384K Free: 164686K (79%)
2 ms. Memory: 208384K Free: 164686K (79%)
2 ms. Memory: 208384K Free: 164686K (79%)
2 ms. Memory: 208384K Free: 162299K (78%)
/home/travis/build/icyphy/ptII/ptolemy/actor/lib/test/MathFunction.tcl
5 ms. Memory: 208384K Free: 159913K (77%)
2 ms. Memory: 208384K Free: 159913K (77%)
4 ms. Memory: 208384K Free: 157526K (76%)
2 ms. Memory: 208384K Free: 157526K (76%)
7 ms. Memory: 208384K Free: 155140K (74%)
6 ms. Memory: 208384K Free: 155140K (74%)
/home/travis/build/icyphy/ptII/ptolemy/actor/lib/test/Maximum.tcl
5 ms. Memory: 208384K Free: 152753K (73%)
7 ms. Memory: 208384K Free: 152753K (73%)
7 ms. Memory: 208384K Free: 150366K (72%)
5 ms. Memory: 208384K Free: 150366K (72%)
/home/travis/build/icyphy/ptII/ptolemy/actor/lib/test/Minimum.tcl
8 ms. Memory: 208384K Free: 147980K (71%)
3 ms. Memory: 208384K Free: 147980K (71%)
6 ms. Memory: 208384K Free: 147980K (71%)
3 ms. Memory: 208384K Free: 145593K (70%)
/home/travis/build/icyphy/ptII/ptolemy/actor/lib/test/MultiplyDivide.tcl
9 ms. Memory: 208384K Free: 145593K (70%)
8 ms. Memory: 208384K Free: 143207K (69%)
3 ms. Memory: 208384K Free: 143207K (69%)
3 ms. Memory: 208384K Free: 143207K (69%)
2 ms. Memory: 208384K Free: 140820K (68%)
/home/travis/build/icyphy/ptII/ptolemy/actor/lib/test/OrderedMerge.tcl
Connections changed on port: inputA
Connections changed on port: inputB
Connections changed on port: output
Connections changed on port: output
Connections changed on port: output
Connections changed on port: input
.top. Preinitializing ...
Invoking preinitialize():  .top.OrderedMerge
Called preinitialize()
Invoking preinitialize():  .top.Ramp
Called preinitialize()
Invoking preinitialize():  .top.Ramp2
Called preinitialize()
Invoking preinitialize():  .top.Test
Called preinitialize()
Connections changed on port: inputA
Connections changed on port: output
Connections changed on port: inputB
Connections changed on port: output
Connections changed on port: output
Connections changed on port: input
.top. Finished preinitialize().
Called initialize().
Invoking initialize():  .top.OrderedMerge
Initializing actor: .top.OrderedMerge
Adding a thread: .top.OrderedMerge
Invoking initialize():  .top.Ramp
Initializing actor: .top.Ramp
Adding a thread: .top.Ramp
Invoking initialize():  .top.Ramp2
Initializing actor: .top.Ramp2
Adding a thread: .top.Ramp2
Invoking initialize():  .top.Test
Initializing actor: .top.Test
Adding a thread: .top.Test
-- Starting thread.
Called initialize()
Called prefire()
Called fire()
-- Starting thread.
Called initialize()
Called prefire()
Called fire()
Called postfire()
Called prefire()
Called fire()
-- Starting thread.
Called initialize()
Called prefire()
Called fire()
Called postfire()
Called prefire()
Called fire()
Called fire().
Checking for deadlock:
There are 3 Blocked actors, 0 Stopped actors, and 4 active threads.
Waiting for actors to stop.
-- Starting thread.
Called initialize()
Called prefire()
Called fire()
Checking for deadlock:
There are 2 Blocked actors, 0 Stopped actors, and 4 active threads.
Waiting for actors to stop.
Called postfire()
Called prefire()
Called fire()
Checking for deadlock:
There are 3 Blocked actors, 0 Stopped actors, and 4 active threads.
Waiting for actors to stop.
Read input token from inputA with value 0.0
Next port to read input from is inputB
Called postfire()
Called prefire()
Called fire()
Checking for deadlock:
There are 2 Blocked actors, 0 Stopped actors, and 4 active threads.
Waiting for actors to stop.
Called postfire()
Called prefire()
Called fire()
Checking for deadlock:
There are 3 Blocked actors, 0 Stopped actors, and 4 active threads.
Waiting for actors to stop.
Read input token from inputB with value 0.0
Checking for deadlock:
There are 2 Blocked actors, 0 Stopped actors, and 4 active threads.
Waiting for actors to stop.
-- Read input: 0.0, which is expected to match: 0.0
Called prefire()
Called fire()
Checking for deadlock:
There are 3 Blocked actors, 0 Stopped actors, and 4 active threads.
Waiting for actors to stop.
Sent output token with value 0.0
Next port to read input from is inputA
Called postfire()
Called prefire()
Called fire()
Checking for deadlock:
There are 2 Blocked actors, 0 Stopped actors, and 4 active threads.
Waiting for actors to stop.
Called postfire()
Called prefire()
Called fire()
Checking for deadlock:
There are 3 Blocked actors, 0 Stopped actors, and 4 active threads.
Waiting for actors to stop.
Read input token from inputA with value 1.0
Checking for deadlock:
There are 2 Blocked actors, 0 Stopped actors, and 4 active threads.
Waiting for actors to stop.
-- Read input: 0.0, which is expected to match: 0.0
Called prefire()
Called fire()
Checking for deadlock:
There are 3 Blocked actors, 0 Stopped actors, and 4 active threads.
Waiting for actors to stop.
Sent output token with value 0.0
Next port to read input from is inputB
Called postfire()
Called prefire()
Called fire()
Checking for deadlock:
There are 2 Blocked actors, 0 Stopped actors, and 4 active threads.
Waiting for actors to stop.
Called postfire()
Called prefire()
Called fire()
Checking for deadlock:
There are 3 Blocked actors, 0 Stopped actors, and 4 active threads.
Waiting for actors to stop.
Read input token from inputB with value 1.5
Checking for deadlock:
There are 2 Blocked actors, 0 Stopped actors, and 4 active threads.
Waiting for actors to stop.
-- Read input: 1.0, which is expected to match: 1.0
Called prefire()
Called fire()
Checking for deadlock:
There are 3 Blocked actors, 0 Stopped actors, and 4 active threads.
Waiting for actors to stop.
Sent output token with value 1.0
Next port to read input from is inputA
Called postfire()
Called prefire()
Called fire()
Checking for deadlock:
There are 2 Blocked actors, 0 Stopped actors, and 4 active threads.
Waiting for actors to stop.
Called postfire()
Called prefire()
Called fire()
Checking for deadlock:
There are 3 Blocked actors, 0 Stopped actors, and 4 active threads.
Waiting for actors to stop.
Read input token from inputA with value 2.0
Checking for deadlock:
There are 2 Blocked actors, 0 Stopped actors, and 4 active threads.
Waiting for actors to stop.
-- Read input: 1.5, which is expected to match: 1.5
Called prefire()
Called fire()
Checking for deadlock:
There are 3 Blocked actors, 0 Stopped actors, and 4 active threads.
Waiting for actors to stop.
Sent output token with value 1.5
Next port to read input from is inputB
Called postfire()
Called prefire()
Called fire()
Checking for deadlock:
There are 2 Blocked actors, 0 Stopped actors, and 4 active threads.
Waiting for actors to stop.
Called postfire()
Called prefire()
Called fire()
Checking for deadlock:
There are 3 Blocked actors, 0 Stopped actors, and 4 active threads.
Waiting for actors to stop.
Read input token from inputB with value 3.0
Checking for deadlock:
There are 2 Blocked actors, 0 Stopped actors, and 4 active threads.
Waiting for actors to stop.
-- Read input: 2.0, which is expected to match: 2.0
Called prefire()
Called fire()
Checking for deadlock:
There are 3 Blocked actors, 0 Stopped actors, and 4 active threads.
Waiting for actors to stop.
Sent output token with value 2.0
Next port to read input from is inputA
Called postfire()
Called prefire()
Called fire()
Checking for deadlock:
There are 2 Blocked actors, 0 Stopped actors, and 4 active threads.
Waiting for actors to stop.
Called postfire()
Called prefire()
Called fire()
Checking for deadlock:
There are 3 Blocked actors, 0 Stopped actors, and 4 active threads.
Waiting for actors to stop.
Read input token from inputA with value 3.0
Checking for deadlock:
There are 2 Blocked actors, 0 Stopped actors, and 4 active threads.
Waiting for actors to stop.
-- Read input: 3.0, which is expected to match: 3.0
Called prefire()
Called fire()
Checking for deadlock:
There are 3 Blocked actors, 0 Stopped actors, and 4 active threads.
Waiting for actors to stop.
Sent output token with value 3.0
Next port to read input from is inputB
Called postfire()
Called prefire()
Called fire()
Checking for deadlock:
There are 2 Blocked actors, 0 Stopped actors, and 4 active threads.
Waiting for actors to stop.
Called postfire()
Called prefire()
Called fire()
Checking for deadlock:
There are 3 Blocked actors, 0 Stopped actors, and 4 active threads.
Waiting for actors to stop.
Read input token from inputB with value 4.5
Checking for deadlock:
There are 2 Blocked actors, 0 Stopped actors, and 4 active threads.
Waiting for actors to stop.
-- Read input: 3.0, which is expected to match: 3.0
Called prefire()
Called fire()
Checking for deadlock:
There are 3 Blocked actors, 0 Stopped actors, and 4 active threads.
Waiting for actors to stop.
Sent output token with value 3.0
Next port to read input from is inputA
Called postfire()
Called prefire()
Called fire()
Checking for deadlock:
There are 2 Blocked actors, 0 Stopped actors, and 4 active threads.
Waiting for actors to stop.
Called postfire()
Called prefire()
Called fire()
Checking for deadlock:
There are 3 Blocked actors, 0 Stopped actors, and 4 active threads.
Waiting for actors to stop.
Read input token from inputA with value 4.0
Checking for deadlock:
There are 2 Blocked actors, 0 Stopped actors, and 4 active threads.
Waiting for actors to stop.
-- Read input: 4.0, which is expected to match: 4.0
Called prefire()
Called fire()
Past the end of training data. Read and discard all inputs.
Checking for deadlock:
There are 3 Blocked actors, 0 Stopped actors, and 4 active threads.
Waiting for actors to stop.
Sent output token with value 4.0
Next port to read input from is inputA
Called postfire()
Called prefire()
Called fire()
Checking for deadlock:
There are 2 Blocked actors, 0 Stopped actors, and 4 active threads.
Waiting for actors to stop.
Called postfire()
Called prefire()
Called fire()
Checking for deadlock:
There are 3 Blocked actors, 0 Stopped actors, and 4 active threads.
Waiting for actors to stop.
Read input token from inputA with value 5.0
Checking for deadlock:
There are 2 Blocked actors, 0 Stopped actors, and 4 active threads.
Waiting for actors to stop.
Called prefire()
Called fire()
Past the end of training data. Read and discard all inputs.
Checking for deadlock:
There are 3 Blocked actors, 0 Stopped actors, and 4 active threads.
Waiting for actors to stop.
Sent output token with value 4.5
Next port to read input from is inputB
Called postfire()
Called prefire()
Called fire()
Checking for deadlock:
There are 2 Blocked actors, 0 Stopped actors, and 4 active threads.
Waiting for actors to stop.
Called postfire()
Called prefire()
Called fire()
Checking for deadlock:
There are 3 Blocked actors, 0 Stopped actors, and 4 active threads.
Waiting for actors to stop.
Read input token from inputB with value 6.0
Checking for deadlock:
There are 2 Blocked actors, 0 Stopped actors, and 4 active threads.
Waiting for actors to stop.
Called prefire()
Called fire()
Past the end of training data. Read and discard all inputs.
Checking for deadlock:
There are 3 Blocked actors, 0 Stopped actors, and 4 active threads.
Waiting for actors to stop.
Sent output token with value 5.0
Next port to read input from is inputA
Called postfire()
Called prefire()
Called fire()
Checking for deadlock:
There are 2 Blocked actors, 0 Stopped actors, and 4 active threads.
Waiting for actors to stop.
Called postfire()
Called prefire()
Called fire()
Checking for deadlock:
There are 3 Blocked actors, 0 Stopped actors, and 4 active threads.
Waiting for actors to stop.
Read input token from inputA with value 6.0
Checking for deadlock:
There are 2 Blocked actors, 0 Stopped actors, and 4 active threads.
Waiting for actors to stop.
Called prefire()
Called fire()
Past the end of training data. Read and discard all inputs.
Checking for deadlock:
There are 3 Blocked actors, 0 Stopped actors, and 4 active threads.
Waiting for actors to stop.
Sent output token with value 6.0
Next port to read input from is inputB
Called postfire()
Called prefire()
Called fire()
Checking for deadlock:
There are 2 Blocked actors, 0 Stopped actors, and 4 active threads.
Waiting for actors to stop.
Called postfire()
Called prefire()
Called fire()
Checking for deadlock:
There are 3 Blocked actors, 0 Stopped actors, and 4 active threads.
Waiting for actors to stop.
Read input token from inputB with value 7.5
Checking for deadlock:
There are 2 Blocked actors, 0 Stopped actors, and 4 active threads.
Waiting for actors to stop.
Called prefire()
Called fire()
Past the end of training data. Read and discard all inputs.
Checking for deadlock:
There are 3 Blocked actors, 0 Stopped actors, and 4 active threads.
Waiting for actors to stop.
Sent output token with value 6.0
Next port to read input from is inputA
Called postfire()
Called prefire()
Called fire()
Checking for deadlock:
There are 2 Blocked actors, 0 Stopped actors, and 4 active threads.
Waiting for actors to stop.
Called postfire()
Called prefire()
Called fire()
Checking for deadlock:
There are 3 Blocked actors, 0 Stopped actors, and 4 active threads.
Waiting for actors to stop.
Read input token from inputA with value 7.0
Checking for deadlock:
There are 2 Blocked actors, 0 Stopped actors, and 4 active threads.
Waiting for actors to stop.
Called prefire()
Called fire()
Past the end of training data. Read and discard all inputs.
Checking for deadlock:
There are 3 Blocked actors, 0 Stopped actors, and 4 active threads.
Waiting for actors to stop.
Sent output token with value 7.0
Next port to read input from is inputA
Called postfire()
Called prefire()
Called fire()
Checking for deadlock:
There are 2 Blocked actors, 0 Stopped actors, and 4 active threads.
Waiting for actors to stop.
-- Thread wrapup() called.
Called wrapup()
Thread .top.Ramp is exiting.
-- Thread stopped.
Checking for deadlock:
There are 2 Blocked actors, 0 Stopped actors, and 3 active threads.
Waiting for actors to stop.
Read input token from inputA with value 8.0
Checking for deadlock:
There are 1 Blocked actors, 0 Stopped actors, and 3 active threads.
Waiting for actors to stop.
Called prefire()
Called fire()
Past the end of training data. Read and discard all inputs.
Checking for deadlock:
There are 2 Blocked actors, 0 Stopped actors, and 3 active threads.
Waiting for actors to stop.
Sent output token with value 7.5
Next port to read input from is inputB
Called postfire()
Called prefire()
Called fire()
Checking for deadlock:
There are 1 Blocked actors, 0 Stopped actors, and 3 active threads.
Waiting for actors to stop.
Called postfire()
Called prefire()
Called fire()
Checking for deadlock:
There are 2 Blocked actors, 0 Stopped actors, and 3 active threads.
Waiting for actors to stop.
Read input token from inputB with value 9.0
Checking for deadlock:
There are 1 Blocked actors, 0 Stopped actors, and 3 active threads.
Waiting for actors to stop.
Called prefire()
Called fire()
Past the end of training data. Read and discard all inputs.
Checking for deadlock:
There are 2 Blocked actors, 0 Stopped actors, and 3 active threads.
Waiting for actors to stop.
Sent output token with value 8.0
Next port to read input from is inputA
Called postfire()
Called prefire()
Called fire()
Read input token from inputA with value 9.0
Checking for deadlock:
There are 1 Blocked actors, 0 Stopped actors, and 3 active threads.
Waiting for actors to stop.
Called prefire()
Called fire()
Past the end of training data. Read and discard all inputs.
Checking for deadlock:
There are 2 Blocked actors, 0 Stopped actors, and 3 active threads.
Waiting for actors to stop.
Sent output token with value 9.0
Next port to read input from is inputB
Called postfire()
Called prefire()
Called fire()
Checking for deadlock:
There are 1 Blocked actors, 0 Stopped actors, and 3 active threads.
Waiting for actors to stop.
Called postfire()
Called prefire()
Called fire()
Checking for deadlock:
There are 2 Blocked actors, 0 Stopped actors, and 3 active threads.
Waiting for actors to stop.
Read input token from inputB with value 10.5
Checking for deadlock:
There are 1 Blocked actors, 0 Stopped actors, and 3 active threads.
Waiting for actors to stop.
Called prefire()
Called fire()
Past the end of training data. Read and discard all inputs.
Checking for deadlock:
There are 2 Blocked actors, 0 Stopped actors, and 3 active threads.
Waiting for actors to stop.
Sent output token with value 9.0
Next port to read input from is inputA
Called postfire()
Called prefire()
Called fire()
Checking for deadlock:
There are 3 Blocked actors, 0 Stopped actors, and 3 active threads.
Actors have stopped.
Checking for deadlock:
There are 3 Blocked actors, 0 Stopped actors, and 3 active threads.
Deadlock detected.
Resolving Deadlock
Checking for deadlock:
There are 3 Blocked actors, 0 Stopped actors, and 3 active threads.
Artificial Deadlock - increasing queue capacity.
increasing the capacity of receiver ptolemy.actor.TypedIOPort {.top.OrderedMerge.inputB} to 2
Director: Called postfire().
Called postfire().
_stopRequested = false
_stopFireRequested = false
Returning from postfire(): true
Called fire().
Checking for deadlock:
There are 2 Blocked actors, 0 Stopped actors, and 3 active threads.
Waiting for actors to stop.
-- Thread wrapup() called.
Called wrapup()
Thread .top.Ramp2 is exiting.
-- Thread stopped.
Checking for deadlock:
There are 2 Blocked actors, 0 Stopped actors, and 2 active threads.
Actors have stopped.
Checking for deadlock:
There are 2 Blocked actors, 0 Stopped actors, and 2 active threads.
Deadlock detected.
Resolving Deadlock
Checking for deadlock:
There are 2 Blocked actors, 0 Stopped actors, and 2 active threads.
Deadlock detected: no processes blocked on write, but some are blocked on read.
Called postfire().
_stopRequested = false
_stopFireRequested = false
Returning from postfire(): false
Finished deactivating branches.
Called wrapup().
-- Thread wrapup() called.
Called wrapup()
Thread .top.Test is exiting.
-- Thread stopped.
-- Blocked Receiver call threw TerminateProcessException.
-- Thread wrapup() called.
Called wrapup()
Thread .top.OrderedMerge is exiting.
22 ms. Memory: 208384K Free: 133518K (64%)
.top. Preinitializing ...
Invoking preinitialize():  .top.OrderedMerge
Called preinitialize()
Invoking preinitialize():  .top.Ramp
Called preinitialize()
Invoking preinitialize():  .top.Ramp2
Called preinitialize()
Invoking preinitialize():  .top.Test
Called preinitialize()
.top. Finished preinitialize().
-- Thread stopped.
-- Blocked Receiver call threw TerminateProcessException.
Called initialize().
Invoking initialize():  .top.OrderedMerge
Initializing actor: .top.OrderedMerge
Adding a thread: .top.OrderedMerge
Invoking initialize():  .top.Ramp
Initializing actor: .top.Ramp
Adding a thread: .top.Ramp
Invoking initialize():  .top.Ramp2
Initializing actor: .top.Ramp2
Adding a thread: .top.Ramp2
Invoking initialize():  .top.Test
Initializing actor: .top.Test
Adding a thread: .top.Test
-- Starting thread.
Called initialize()
Called prefire()
Called fire()
-- Starting thread.
Called initialize()
Called prefire()
Called fire()
Called postfire()
Called prefire()
Called fire()
-- Starting thread.
Called initialize()
Called prefire()
Called fire()
Called postfire()
Called prefire()
Called fire()
Called fire().
Checking for deadlock:
There are 3 Blocked actors, 0 Stopped actors, and 4 active threads.
Waiting for actors to stop.
-- Starting thread.
Called initialize()
Called prefire()
Called fire()
Checking for deadlock:
There are 2 Blocked actors, 0 Stopped actors, and 4 active threads.
Waiting for actors to stop.
Called postfire()
Called prefire()
Called fire()
Checking for deadlock:
There are 3 Blocked actors, 0 Stopped actors, and 4 active threads.
Waiting for actors to stop.
Read input token from inputA with value 0.0
Next port to read input from is inputB
Called postfire()
Called prefire()
Called fire()
Checking for deadlock:
There are 2 Blocked actors, 0 Stopped actors, and 4 active threads.
Waiting for actors to stop.
Called postfire()
Called prefire()
Called fire()
Checking for deadlock:
There are 3 Blocked actors, 0 Stopped actors, and 4 active threads.
Waiting for actors to stop.
Read input token from inputB with value 0.0
Checking for deadlock:
There are 2 Blocked actors, 0 Stopped actors, and 4 active threads.
Waiting for actors to stop.
-- Read input: 0.0, which is expected to match: 0.0
Called prefire()
Called fire()
Checking for deadlock:
There are 3 Blocked actors, 0 Stopped actors, and 4 active threads.
Waiting for actors to stop.
Sent output token with value 0.0
Next port to read input from is inputA
Called postfire()
Called prefire()
Called fire()
Checking for deadlock:
There are 2 Blocked actors, 0 Stopped actors, and 4 active threads.
Waiting for actors to stop.
Called postfire()
Called prefire()
Called fire()
Checking for deadlock:
There are 3 Blocked actors, 0 Stopped actors, and 4 active threads.
Waiting for actors to stop.
Read input token from inputA with value 1.0
Checking for deadlock:
There are 2 Blocked actors, 0 Stopped actors, and 4 active threads.
Waiting for actors to stop.
-- Read input: 0.0, which is expected to match: 0.0
Called prefire()
Called fire()
Checking for deadlock:
There are 3 Blocked actors, 0 Stopped actors, and 4 active threads.
Waiting for actors to stop.
Sent output token with value 0.0
Next port to read input from is inputB
Called postfire()
Called prefire()
Called fire()
Checking for deadlock:
There are 2 Blocked actors, 0 Stopped actors, and 4 active threads.
Waiting for actors to stop.
Called postfire()
Called prefire()
Called fire()
Checking for deadlock:
There are 3 Blocked actors, 0 Stopped actors, and 4 active threads.
Waiting for actors to stop.
Read input token from inputB with value 1.5
Checking for deadlock:
There are 2 Blocked actors, 0 Stopped actors, and 4 active threads.
Waiting for actors to stop.
-- Read input: 1.0, which is expected to match: 1.0
Called prefire()
Called fire()
Checking for deadlock:
There are 3 Blocked actors, 0 Stopped actors, and 4 active threads.
Waiting for actors to stop.
Sent output token with value 1.0
Next port to read input from is inputA
Called postfire()
Called prefire()
Called fire()
Checking for deadlock:
There are 2 Blocked actors, 0 Stopped actors, and 4 active threads.
Waiting for actors to stop.
Called postfire()
Called prefire()
Called fire()
Checking for deadlock:
There are 3 Blocked actors, 0 Stopped actors, and 4 active threads.
Waiting for actors to stop.
Read input token from inputA with value 2.0
Checking for deadlock:
There are 2 Blocked actors, 0 Stopped actors, and 4 active threads.
Waiting for actors to stop.
-- Read input: 1.5, which is expected to match: 1.5
Called prefire()
Called fire()
Checking for deadlock:
There are 3 Blocked actors, 0 Stopped actors, and 4 active threads.
Waiting for actors to stop.
Sent output token with value 1.5
Next port to read input from is inputB
Called postfire()
Called prefire()
Called fire()
Checking for deadlock:
There are 2 Blocked actors, 0 Stopped actors, and 4 active threads.
Waiting for actors to stop.
Called postfire()
Called prefire()
Called fire()
Checking for deadlock:
There are 3 Blocked actors, 0 Stopped actors, and 4 active threads.
Waiting for actors to stop.
Read input token from inputB with value 3.0
Checking for deadlock:
There are 2 Blocked actors, 0 Stopped actors, and 4 active threads.
Waiting for actors to stop.
-- Read input: 2.0, which is expected to match: 2.0
Called prefire()
Called fire()
Checking for deadlock:
There are 3 Blocked actors, 0 Stopped actors, and 4 active threads.
Waiting for actors to stop.
Sent output token with value 2.0
Next port to read input from is inputA
Called postfire()
Called prefire()
Called fire()
Checking for deadlock:
There are 2 Blocked actors, 0 Stopped actors, and 4 active threads.
Waiting for actors to stop.
Called postfire()
Called prefire()
Called fire()
Checking for deadlock:
There are 3 Blocked actors, 0 Stopped actors, and 4 active threads.
Waiting for actors to stop.
Read input token from inputA with value 3.0
Checking for deadlock:
There are 2 Blocked actors, 0 Stopped actors, and 4 active threads.
Waiting for actors to stop.
-- Read input: 3.0, which is expected to match: 3.0
Called prefire()
Called fire()
Checking for deadlock:
There are 3 Blocked actors, 0 Stopped actors, and 4 active threads.
Waiting for actors to stop.
Sent output token with value 3.0
Next port to read input from is inputB
Called postfire()
Called prefire()
Called fire()
Checking for deadlock:
There are 2 Blocked actors, 0 Stopped actors, and 4 active threads.
Waiting for actors to stop.
Called postfire()
Called prefire()
Called fire()
Checking for deadlock:
There are 3 Blocked actors, 0 Stopped actors, and 4 active threads.
Waiting for actors to stop.
Read input token from inputB with value 4.5
Checking for deadlock:
There are 2 Blocked actors, 0 Stopped actors, and 4 active threads.
Waiting for actors to stop.
-- Read input: 3.0, which is expected to match: 3.0
Called prefire()
Called fire()
Checking for deadlock:
There are 3 Blocked actors, 0 Stopped actors, and 4 active threads.
Waiting for actors to stop.
Sent output token with value 3.0
Next port to read input from is inputA
Called postfire()
Called prefire()
Called fire()
Checking for deadlock:
There are 2 Blocked actors, 0 Stopped actors, and 4 active threads.
Waiting for actors to stop.
Called postfire()
Called prefire()
Called fire()
Checking for deadlock:
There are 3 Blocked actors, 0 Stopped actors, and 4 active threads.
Waiting for actors to stop.
Read input token from inputA with value 4.0
Checking for deadlock:
There are 2 Blocked actors, 0 Stopped actors, and 4 active threads.
Waiting for actors to stop.
-- Read input: 4.0, which is expected to match: 4.0
Called prefire()
Called fire()
Past the end of training data. Read and discard all inputs.
Checking for deadlock:
There are 3 Blocked actors, 0 Stopped actors, and 4 active threads.
Waiting for actors to stop.
Sent output token with value 4.0
Next port to read input from is inputA
Called postfire()
Called prefire()
Called fire()
Checking for deadlock:
There are 2 Blocked actors, 0 Stopped actors, and 4 active threads.
Waiting for actors to stop.
Called postfire()
Called prefire()
Called fire()
Checking for deadlock:
There are 3 Blocked actors, 0 Stopped actors, and 4 active threads.
Waiting for actors to stop.
Read input token from inputA with value 5.0
Checking for deadlock:
There are 2 Blocked actors, 0 Stopped actors, and 4 active threads.
Waiting for actors to stop.
Called prefire()
Called fire()
Past the end of training data. Read and discard all inputs.
Checking for deadlock:
There are 3 Blocked actors, 0 Stopped actors, and 4 active threads.
Waiting for actors to stop.
Sent output token with value 4.5
Next port to read input from is inputB
Called postfire()
Called prefire()
Called fire()
Checking for deadlock:
There are 2 Blocked actors, 0 Stopped actors, and 4 active threads.
Waiting for actors to stop.
Called postfire()
Called prefire()
Called fire()
Checking for deadlock:
There are 3 Blocked actors, 0 Stopped actors, and 4 active threads.
Waiting for actors to stop.
Read input token from inputB with value 6.0
Checking for deadlock:
There are 2 Blocked actors, 0 Stopped actors, and 4 active threads.
Waiting for actors to stop.
Called prefire()
Called fire()
Past the end of training data. Read and discard all inputs.
Checking for deadlock:
There are 3 Blocked actors, 0 Stopped actors, and 4 active threads.
Waiting for actors to stop.
Sent output token with value 5.0
Next port to read input from is inputA
Called postfire()
Called prefire()
Called fire()
Checking for deadlock:
There are 2 Blocked actors, 0 Stopped actors, and 4 active threads.
Waiting for actors to stop.
Called postfire()
Called prefire()
Called fire()
Checking for deadlock:
There are 3 Blocked actors, 0 Stopped actors, and 4 active threads.
Waiting for actors to stop.
Read input token from inputA with value 6.0
Checking for deadlock:
There are 2 Blocked actors, 0 Stopped actors, and 4 active threads.
Waiting for actors to stop.
Called prefire()
Called fire()
Past the end of training data. Read and discard all inputs.
Checking for deadlock:
There are 3 Blocked actors, 0 Stopped actors, and 4 active threads.
Waiting for actors to stop.
Sent output token with value 6.0
Next port to read input from is inputB
Called postfire()
Called prefire()
Called fire()
Checking for deadlock:
There are 2 Blocked actors, 0 Stopped actors, and 4 active threads.
Waiting for actors to stop.
Called postfire()
Called prefire()
Called fire()
Checking for deadlock:
There are 3 Blocked actors, 0 Stopped actors, and 4 active threads.
Waiting for actors to stop.
Read input token from inputB with value 7.5
Checking for deadlock:
There are 2 Blocked actors, 0 Stopped actors, and 4 active threads.
Waiting for actors to stop.
Called prefire()
Called fire()
Past the end of training data. Read and discard all inputs.
Checking for deadlock:
There are 3 Blocked actors, 0 Stopped actors, and 4 active threads.
Waiting for actors to stop.
Sent output token with value 6.0
Next port to read input from is inputA
Called postfire()
Called prefire()
Called fire()
Checking for deadlock:
There are 2 Blocked actors, 0 Stopped actors, and 4 active threads.
Waiting for actors to stop.
Called postfire()
Called prefire()
Called fire()
Checking for deadlock:
There are 3 Blocked actors, 0 Stopped actors, and 4 active threads.
Waiting for actors to stop.
Read input token from inputA with value 7.0
Checking for deadlock:
There are 2 Blocked actors, 0 Stopped actors, and 4 active threads.
Waiting for actors to stop.
Called prefire()
Called fire()
Past the end of training data. Read and discard all inputs.
Checking for deadlock:
There are 3 Blocked actors, 0 Stopped actors, and 4 active threads.
Waiting for actors to stop.
Sent output token with value 7.0
Next port to read input from is inputA
Called postfire()
Called prefire()
Called fire()
Checking for deadlock:
There are 2 Blocked actors, 0 Stopped actors, and 4 active threads.
Waiting for actors to stop.
-- Thread wrapup() called.
Called wrapup()
Thread .top.Ramp is exiting.
Checking for deadlock:
There are 2 Blocked actors, 0 Stopped actors, and 3 active threads.
Waiting for actors to stop.
-- Thread stopped.
Read input token from inputA with value 8.0
Checking for deadlock:
There are 1 Blocked actors, 0 Stopped actors, and 3 active threads.
Waiting for actors to stop.
Called prefire()
Called fire()
Past the end of training data. Read and discard all inputs.
Checking for deadlock:
There are 2 Blocked actors, 0 Stopped actors, and 3 active threads.
Waiting for actors to stop.
Sent output token with value 7.5
Next port to read input from is inputB
Called postfire()
Called prefire()
Called fire()
Checking for deadlock:
There are 1 Blocked actors, 0 Stopped actors, and 3 active threads.
Waiting for actors to stop.
Called postfire()
Called prefire()
Called fire()
Checking for deadlock:
There are 2 Blocked actors, 0 Stopped actors, and 3 active threads.
Waiting for actors to stop.
Read input token from inputB with value 9.0
Checking for deadlock:
There are 1 Blocked actors, 0 Stopped actors, and 3 active threads.
Waiting for actors to stop.
Called prefire()
Called fire()
Past the end of training data. Read and discard all inputs.
Checking for deadlock:
There are 2 Blocked actors, 0 Stopped actors, and 3 active threads.
Waiting for actors to stop.
Sent output token with value 8.0
Next port to read input from is inputA
Called postfire()
Called prefire()
Called fire()
Read input token from inputA with value 9.0
Checking for deadlock:
There are 1 Blocked actors, 0 Stopped actors, and 3 active threads.
Waiting for actors to stop.
Called prefire()
Called fire()
Past the end of training data. Read and discard all inputs.
Checking for deadlock:
There are 2 Blocked actors, 0 Stopped actors, and 3 active threads.
Waiting for actors to stop.
Sent output token with value 9.0
Next port to read input from is inputB
Called postfire()
Called prefire()
Called fire()
Checking for deadlock:
There are 1 Blocked actors, 0 Stopped actors, and 3 active threads.
Waiting for actors to stop.
Called postfire()
Called prefire()
Called fire()
Checking for deadlock:
There are 2 Blocked actors, 0 Stopped actors, and 3 active threads.
Waiting for actors to stop.
Read input token from inputB with value 10.5
Checking for deadlock:
There are 1 Blocked actors, 0 Stopped actors, and 3 active threads.
Waiting for actors to stop.
Called prefire()
Called fire()
Past the end of training data. Read and discard all inputs.
Checking for deadlock:
There are 2 Blocked actors, 0 Stopped actors, and 3 active threads.
Waiting for actors to stop.
Sent output token with value 9.0
Next port to read input from is inputA
Called postfire()
Called prefire()
Called fire()
Checking for deadlock:
There are 3 Blocked actors, 0 Stopped actors, and 3 active threads.
Actors have stopped.
Checking for deadlock:
There are 3 Blocked actors, 0 Stopped actors, and 3 active threads.
Deadlock detected.
Resolving Deadlock
Checking for deadlock:
There are 3 Blocked actors, 0 Stopped actors, and 3 active threads.
Artificial Deadlock - increasing queue capacity.
increasing the capacity of receiver ptolemy.actor.TypedIOPort {.top.OrderedMerge.inputB} to 2
Director: Called postfire().
Called postfire().
_stopRequested = false
_stopFireRequested = false
Returning from postfire(): true
Called fire().
Checking for deadlock:
There are 2 Blocked actors, 0 Stopped actors, and 3 active threads.
Waiting for actors to stop.
-- Thread wrapup() called.
Called wrapup()
Thread .top.Ramp2 is exiting.
-- Thread stopped.
Checking for deadlock:
There are 2 Blocked actors, 0 Stopped actors, and 2 active threads.
Actors have stopped.
Checking for deadlock:
There are 2 Blocked actors, 0 Stopped actors, and 2 active threads.
Deadlock detected.
Resolving Deadlock
Checking for deadlock:
There are 2 Blocked actors, 0 Stopped actors, and 2 active threads.
Deadlock detected: no processes blocked on write, but some are blocked on read.
Called postfire().
_stopRequested = false
_stopFireRequested = false
Returning from postfire(): false
Finished deactivating branches.
Called wrapup().
-- Thread wrapup() called.
Called wrapup()
Thread .top.Test is exiting.
-- Thread stopped.
-- Blocked Receiver call threw TerminateProcessException.
-- Thread wrapup() called.
Called wrapup()
Thread .top.OrderedMerge is exiting.
13 ms. Memory: 208384K Free: 128603K (62%)
/home/travis/build/icyphy/ptII/ptolemy/actor/lib/test/Publisher.tcl
-- Thread stopped.
-- Blocked Receiver call threw TerminateProcessException.
24 ms. Memory: 208384K Free: 123798K (59%)
6 ms. Memory: 208384K Free: 116630K (56%)
6 ms. Memory: 208384K Free: 114244K (55%)
6 ms. Memory: 208384K Free: 111857K (54%)
5 ms. Memory: 208384K Free: 111857K (54%)
9 ms. Memory: 208384K Free: 111857K (54%)
3 ms. Memory: 208384K Free: 109455K (53%)
6 ms. Memory: 208384K Free: 109455K (53%)
1 ms. Memory: 208384K Free: 99909K (48%)
4 ms. Memory: 208384K Free: 95136K (46%)
2 ms. Memory: 208384K Free: 95136K (46%)
2 ms. Memory: 208384K Free: 92749K (45%)
6 ms. Memory: 208384K Free: 85589K (41%)
10 ms. Memory: 208384K Free: 196853K (94%)
7 ms. Memory: 208384K Free: 185154K (89%)
/home/travis/build/icyphy/ptII/ptolemy/actor/lib/test/Pulse.tcl
2 ms. Memory: 208384K Free: 142701K (68%)
1 ms. Memory: 208384K Free: 142701K (68%)
1 ms. Memory: 208384K Free: 142701K (68%)
1 ms. Memory: 208384K Free: 142701K (68%)
1 ms. Memory: 208384K Free: 140361K (67%)
2 ms. Memory: 208384K Free: 140361K (67%)
1 ms. Memory: 208384K Free: 140361K (67%)
1 ms. Memory: 208384K Free: 138021K (66%)
1 ms. Memory: 208384K Free: 138021K (66%)
/home/travis/build/icyphy/ptII/ptolemy/actor/lib/test/Ramp.tcl
3 ms. Memory: 208384K Free: 135681K (65%)
2 ms. Memory: 208384K Free: 135681K (65%)
6 ms. Memory: 208384K Free: 133341K (64%)
2 ms. Memory: 208384K Free: 133341K (64%)
3 ms. Memory: 208384K Free: 133341K (64%)
4 ms. Memory: 208384K Free: 131002K (63%)
4 ms. Memory: 208384K Free: 131002K (63%)
5 actors
5000 microseconds per iteration to create
6 ms. Memory: 208384K Free: 128662K (62%)
2 ms. Memory: 208384K Free: 128662K (62%)
2 ms. Memory: 208384K Free: 126322K (61%)
2 ms. Memory: 208384K Free: 126322K (61%)
50 actors
30000 microseconds per iteration to create
27 ms. Memory: 208384K Free: 109944K (53%)
17 ms. Memory: 208384K Free: 109944K (53%)
12 ms. Memory: 208384K Free: 109944K (53%)
5 ms. Memory: 208384K Free: 107604K (52%)
500 actors
1443000 microseconds per iteration to create
264 ms. Memory: 332288K Free: 174995K (53%)
45 ms. Memory: 332288K Free: 170253K (51%)
48 ms. Memory: 332288K Free: 165511K (50%)
59 ms. Memory: 332288K Free: 160769K (48%)
/home/travis/build/icyphy/ptII/ptolemy/actor/lib/test/RampContinuous.tcl
8 ms. Memory: 332288K Free: 160769K (48%)
/home/travis/build/icyphy/ptII/ptolemy/actor/lib/test/RecordAssembler.tcl
7 ms. Memory: 332288K Free: 156011K (47%)
4 ms. Memory: 332288K Free: 156011K (47%)
/home/travis/build/icyphy/ptII/ptolemy/actor/lib/test/RecordDisassembler.tcl
7 ms. Memory: 332288K Free: 156011K (47%)
3 ms. Memory: 332288K Free: 156011K (47%)
4 ms. Memory: 332288K Free: 151260K (46%)
/home/travis/build/icyphy/ptII/ptolemy/actor/lib/test/Scale.tcl
4 ms. Memory: 332288K Free: 151260K (46%)
1 ms. Memory: 332288K Free: 151260K (46%)
1 ms. Memory: 332288K Free: 151260K (46%)
2 ms. Memory: 332288K Free: 146502K (44%)
2 ms. Memory: 332288K Free: 146502K (44%)
/home/travis/build/icyphy/ptII/ptolemy/actor/lib/test/SequentialClock.tcl
preinitializing
resolving types
initializing
executing number 1
wrapping up
idle
4 ms. Memory: 332288K Free: 146502K (44%)
Completed execution with 5 iterations
preinitializing
resolving types
initializing
executing number 1
wrapping up
idle
3 ms. Memory: 332288K Free: 146502K (44%)
Completed execution with 5 iterations
preinitializing
resolving types
initializing
executing number 1
wrapping up
idle
1 ms. Memory: 332288K Free: 146502K (44%)
Completed execution with 5 iterations
/home/travis/build/icyphy/ptII/ptolemy/actor/lib/test/SetVariable.tcl
5 ms. Memory: 332288K Free: 141744K (43%)
/home/travis/build/icyphy/ptII/ptolemy/actor/lib/test/Sinewave.tcl
/home/travis/build/icyphy/ptII/ptolemy/actor/lib/test/SubscriptionAggregator.tcl
13 ms. Memory: 332288K Free: 132236K (40%)
3 ms. Memory: 332288K Free: 127485K (38%)
1 ms. Memory: 332288K Free: 127485K (38%)
0 ms. Memory: 332288K Free: 127485K (38%)
2 ms. Memory: 332288K Free: 122743K (37%)
5 ms. Memory: 332288K Free: 122743K (37%)
...............................................................988 ms. Memory: 578048K Free: 249193K (43%)
/home/travis/build/icyphy/ptII/ptolemy/actor/lib/test/Test.tcl
 The next command will produce a warning about training mode,
   which may be ignored.
8 ms. Memory: 578048K Free: 249193K (43%)
2 ms. Memory: 578048K Free: 249193K (43%)
1 ms. Memory: 578048K Free: 249193K (43%)
3 ms. Memory: 578048K Free: 249193K (43%)
3 ms. Memory: 578048K Free: 249193K (43%)
2 ms. Memory: 578048K Free: 239590K (41%)
3 ms. Memory: 578048K Free: 239590K (41%)
 The next command will produce a warning about training mode,
   which may be ignored.
3 ms. Memory: 578048K Free: 239590K (41%)
 The next command will produce a warning about training mode,
   which may be ignored.
2 ms. Memory: 578048K Free: 239590K (41%)
1 ms. Memory: 578048K Free: 239590K (41%)
1 ms. Memory: 578048K Free: 239590K (41%)
5 ms. Memory: 578048K Free: 239590K (41%)
2 ms. Memory: 578048K Free: 239590K (41%)
5 ms. Memory: 578048K Free: 230003K (40%)
/home/travis/build/icyphy/ptII/ptolemy/actor/lib/test/TestExceptionHandler.tcl
 The next command will produce a warning about training mode,
   which may be ignored.
2 ms. Memory: 578048K Free: 230003K (40%)
1 ms. Memory: 578048K Free: 230003K (40%)
0 ms. Memory: 578048K Free: 230003K (40%)
/home/travis/build/icyphy/ptII/ptolemy/actor/lib/test/UnionDisassembler.tcl
25 ms. Memory: 578048K Free: 220401K (38%)
/home/travis/build/icyphy/ptII/ptolemy/actor/lib/test/VariableClock.tcl
preinitializing
resolving types
initializing
executing number 1
wrapping up
idle
10 ms. Memory: 578048K Free: 220401K (38%)
Completed execution with 11 iterations
preinitializing
resolving types
initializing
executing number 1
wrapping up
idle
6 ms. Memory: 578048K Free: 220401K (38%)
Completed execution with 10 iterations
03/01/19 09:41:36
Failed: 0  Total Tests: 234  ((Passed: 234, Newly Passed: 0)  Known Failed: 0) /home/travis/build/icyphy/ptII/ptolemy/actor/lib/test
----------------- testing (KnownFailure) /home/travis/build/icyphy/ptII/ptolemy/actor/lib/test/auto/knownFailedTests/PublisherPortToplevelSubscriber.xml
1 ms. Memory: 578048K Free: 210672K (36%)
Known Failure: java.lang.reflect.InvocationTargetException
----------------- testing (KnownFailure) /home/travis/build/icyphy/ptII/ptolemy/actor/lib/test/auto/knownFailedTests/PublisherSubscriberPortToplevel.xml
1 ms. Memory: 578048K Free: 191216K (33%)
Known Failure: java.lang.reflect.InvocationTargetException
----------------- testing (KnownFailure) /home/travis/build/icyphy/ptII/ptolemy/actor/lib/test/auto/knownFailedTests/PublisherSubscriptionAggregatorPort.xml
2 ms. Memory: 578048K Free: 171760K (30%)
Known Failure: java.lang.reflect.InvocationTargetException
----------------- testing (KnownFailure) /home/travis/build/icyphy/ptII/ptolemy/actor/lib/test/auto/knownFailedTests/sizedarray3.xml
5 ms. Memory: 578048K Free: 152304K (26%)
Known Failure: java.lang.reflect.InvocationTargetException
No auto/linux-amd64/*.xml tests in /home/travis/build/icyphy/ptII/ptolemy/actor/lib/test
AutoTests.java: About to close Vertx.
AutoTests.java: Vertx closed.

===========================================================================================
----------------- testing Fri Mar 01 21:41:37 UTC 2019 /home/travis/build/icyphy/ptII/ptolemy/actor/lib/test/auto/AbsoluteValue.xml
----------------- Instantiating /home/travis/build/icyphy/ptII/ptolemy/actor/lib/test/auto/AbsoluteValue.xml
75 ms. Memory: 581120K Free: 534908K (92%)
----------------- Invoking toplevel() on ptolemy.moml.MoMLSimpleApplication@73379a5b
----------------- Done invoking toplevel() on ptolemy.moml.MoMLSimpleApplication@73379a5b
reloadAllAccessors: .AbsoluteValue

===========================================================================================
----------------- testing Fri Mar 01 21:41:37 UTC 2019 /home/travis/build/icyphy/ptII/ptolemy/actor/lib/test/auto/AbsoluteValue2.xml
----------------- Instantiating /home/travis/build/icyphy/ptII/ptolemy/actor/lib/test/auto/AbsoluteValue2.xml
5 ms. Memory: 581120K Free: 514033K (88%)
----------------- Invoking toplevel() on ptolemy.moml.MoMLSimpleApplication@574cb2ac
----------------- Done invoking toplevel() on ptolemy.moml.MoMLSimpleApplication@574cb2ac
reloadAllAccessors: .AbsoluteValue2

===========================================================================================
----------------- testing Fri Mar 01 21:41:37 UTC 2019 /home/travis/build/icyphy/ptII/ptolemy/actor/lib/test/auto/Accumulator.xml
----------------- Instantiating /home/travis/build/icyphy/ptII/ptolemy/actor/lib/test/auto/Accumulator.xml
14 ms. Memory: 581120K Free: 504304K (87%)
----------------- Invoking toplevel() on ptolemy.moml.MoMLSimpleApplication@193612f
----------------- Done invoking toplevel() on ptolemy.moml.MoMLSimpleApplication@193612f
reloadAllAccessors: .Accumulator

===========================================================================================
----------------- testing Fri Mar 01 21:41:37 UTC 2019 /home/travis/build/icyphy/ptII/ptolemy/actor/lib/test/auto/Accumulator2.xml
----------------- Instantiating /home/travis/build/icyphy/ptII/ptolemy/actor/lib/test/auto/Accumulator2.xml
4 ms. Memory: 581120K Free: 497819K (86%)
----------------- Invoking toplevel() on ptolemy.moml.MoMLSimpleApplication@9305d4e
----------------- Done invoking toplevel() on ptolemy.moml.MoMLSimpleApplication@9305d4e
reloadAllAccessors: .Accumulator2

===========================================================================================
----------------- testing Fri Mar 01 21:41:37 UTC 2019 /home/travis/build/icyphy/ptII/ptolemy/actor/lib/test/auto/Accumulator3.xml
----------------- Instantiating /home/travis/build/icyphy/ptII/ptolemy/actor/lib/test/auto/Accumulator3.xml
4 ms. Memory: 581120K Free: 491095K (85%)
----------------- Invoking toplevel() on ptolemy.moml.MoMLSimpleApplication@41518a00
----------------- Done invoking toplevel() on ptolemy.moml.MoMLSimpleApplication@41518a00
reloadAllAccessors: .Accumulator3

===========================================================================================
----------------- testing Fri Mar 01 21:41:37 UTC 2019 /home/travis/build/icyphy/ptII/ptolemy/actor/lib/test/auto/ArrayAppend.xml
----------------- Instantiating /home/travis/build/icyphy/ptII/ptolemy/actor/lib/test/auto/ArrayAppend.xml
4 ms. Memory: 581120K Free: 472636K (81%)
----------------- Invoking toplevel() on ptolemy.moml.MoMLSimpleApplication@1eef985a
----------------- Done invoking toplevel() on ptolemy.moml.MoMLSimpleApplication@1eef985a
reloadAllAccessors: .ArrayAppend

===========================================================================================
----------------- testing Fri Mar 01 21:41:37 UTC 2019 /home/travis/build/icyphy/ptII/ptolemy/actor/lib/test/auto/ArrayAppend2.xml
----------------- Instantiating /home/travis/build/icyphy/ptII/ptolemy/actor/lib/test/auto/ArrayAppend2.xml
508 ms. Memory: 581120K Free: 385067K (66%)
----------------- Invoking toplevel() on ptolemy.moml.MoMLSimpleApplication@646b7107
----------------- Done invoking toplevel() on ptolemy.moml.MoMLSimpleApplication@646b7107
reloadAllAccessors: .ArrayAppend2

===========================================================================================
----------------- testing Fri Mar 01 21:41:38 UTC 2019 /home/travis/build/icyphy/ptII/ptolemy/actor/lib/test/auto/ArrayAppend3.xml
----------------- Instantiating /home/travis/build/icyphy/ptII/ptolemy/actor/lib/test/auto/ArrayAppend3.xml
5 ms. Memory: 581120K Free: 378582K (65%)
----------------- Invoking toplevel() on ptolemy.moml.MoMLSimpleApplication@36654fde
----------------- Done invoking toplevel() on ptolemy.moml.MoMLSimpleApplication@36654fde
reloadAllAccessors: .ArrayAppend3

===========================================================================================
----------------- testing Fri Mar 01 21:41:38 UTC 2019 /home/travis/build/icyphy/ptII/ptolemy/actor/lib/test/auto/ArrayAppend4.xml
----------------- Instantiating /home/travis/build/icyphy/ptII/ptolemy/actor/lib/test/auto/ArrayAppend4.xml
11 ms. Memory: 581120K Free: 372096K (64%)
----------------- Invoking toplevel() on ptolemy.moml.MoMLSimpleApplication@7cee864b
----------------- Done invoking toplevel() on ptolemy.moml.MoMLSimpleApplication@7cee864b
reloadAllAccessors: .ArrayAppend4

===========================================================================================
----------------- testing Fri Mar 01 21:41:38 UTC 2019 /home/travis/build/icyphy/ptII/ptolemy/actor/lib/test/auto/ArrayAppend5.xml
----------------- Instantiating /home/travis/build/icyphy/ptII/ptolemy/actor/lib/test/auto/ArrayAppend5.xml
3 ms. Memory: 581120K Free: 356896K (61%)
----------------- Invoking toplevel() on ptolemy.moml.MoMLSimpleApplication@e53990d
----------------- Done invoking toplevel() on ptolemy.moml.MoMLSimpleApplication@e53990d
reloadAllAccessors: .ArrayAppend5

===========================================================================================
----------------- testing Fri Mar 01 21:41:38 UTC 2019 /home/travis/build/icyphy/ptII/ptolemy/actor/lib/test/auto/ArrayAppend6.xml
----------------- Instantiating /home/travis/build/icyphy/ptII/ptolemy/actor/lib/test/auto/ArrayAppend6.xml
2 ms. Memory: 581120K Free: 350410K (60%)
----------------- Invoking toplevel() on ptolemy.moml.MoMLSimpleApplication@1d2e8b1c
----------------- Done invoking toplevel() on ptolemy.moml.MoMLSimpleApplication@1d2e8b1c
reloadAllAccessors: .ArrayAppend6

===========================================================================================
----------------- testing Fri Mar 01 21:41:38 UTC 2019 /home/travis/build/icyphy/ptII/ptolemy/actor/lib/test/auto/ArrayAppendPerformanceTest.xml
----------------- Instantiating /home/travis/build/icyphy/ptII/ptolemy/actor/lib/test/auto/ArrayAppendPerformanceTest.xml
15 ms. Memory: 581120K Free: 337432K (58%)
----------------- Invoking toplevel() on ptolemy.moml.MoMLSimpleApplication@46e32b50
----------------- Done invoking toplevel() on ptolemy.moml.MoMLSimpleApplication@46e32b50
reloadAllAccessors: .ArrayAppendPerformanceTest

===========================================================================================
----------------- testing Fri Mar 01 21:41:38 UTC 2019 /home/travis/build/icyphy/ptII/ptolemy/actor/lib/test/auto/ArrayAppendWithEmptyInput.xml
----------------- Instantiating /home/travis/build/icyphy/ptII/ptolemy/actor/lib/test/auto/ArrayAppendWithEmptyInput.xml
19 ms. Memory: 581120K Free: 318973K (55%)
----------------- Invoking toplevel() on ptolemy.moml.MoMLSimpleApplication@71a574e
----------------- Done invoking toplevel() on ptolemy.moml.MoMLSimpleApplication@71a574e
reloadAllAccessors: .ArrayAppendWithEmptyInput

===========================================================================================
----------------- testing Fri Mar 01 21:41:38 UTC 2019 /home/travis/build/icyphy/ptII/ptolemy/actor/lib/test/auto/ArrayAverage.xml
----------------- Instantiating /home/travis/build/icyphy/ptII/ptolemy/actor/lib/test/auto/ArrayAverage.xml
6 ms. Memory: 581120K Free: 309228K (53%)
----------------- Invoking toplevel() on ptolemy.moml.MoMLSimpleApplication@3f6346d4
----------------- Done invoking toplevel() on ptolemy.moml.MoMLSimpleApplication@3f6346d4
reloadAllAccessors: .ArrayAverage

===========================================================================================
----------------- testing Fri Mar 01 21:41:38 UTC 2019 /home/travis/build/icyphy/ptII/ptolemy/actor/lib/test/auto/ArrayContains.xml
----------------- Instantiating /home/travis/build/icyphy/ptII/ptolemy/actor/lib/test/auto/ArrayContains.xml
2 ms. Memory: 581120K Free: 299484K (52%)
----------------- Invoking toplevel() on ptolemy.moml.MoMLSimpleApplication@759157df
----------------- Done invoking toplevel() on ptolemy.moml.MoMLSimpleApplication@759157df
reloadAllAccessors: .ArrayContains

===========================================================================================
----------------- testing Fri Mar 01 21:41:38 UTC 2019 /home/travis/build/icyphy/ptII/ptolemy/actor/lib/test/auto/ArrayElement.xml
----------------- Instantiating /home/travis/build/icyphy/ptII/ptolemy/actor/lib/test/auto/ArrayElement.xml
13 ms. Memory: 581120K Free: 292999K (50%)
----------------- Invoking toplevel() on ptolemy.moml.MoMLSimpleApplication@4d4da706
----------------- Done invoking toplevel() on ptolemy.moml.MoMLSimpleApplication@4d4da706
reloadAllAccessors: .ArrayElement

===========================================================================================
----------------- testing Fri Mar 01 21:41:38 UTC 2019 /home/travis/build/icyphy/ptII/ptolemy/actor/lib/test/auto/ArrayElementAsMatrix.xml
----------------- Instantiating /home/travis/build/icyphy/ptII/ptolemy/actor/lib/test/auto/ArrayElementAsMatrix.xml
10 ms. Memory: 581120K Free: 274540K (47%)
----------------- Invoking toplevel() on ptolemy.moml.MoMLSimpleApplication@6dc14620
----------------- Done invoking toplevel() on ptolemy.moml.MoMLSimpleApplication@6dc14620
reloadAllAccessors: .ArrayElementAsMatrix

===========================================================================================
----------------- testing Fri Mar 01 21:41:38 UTC 2019 /home/travis/build/icyphy/ptII/ptolemy/actor/lib/test/auto/ArrayElementI.xml
----------------- Instantiating /home/travis/build/icyphy/ptII/ptolemy/actor/lib/test/auto/ArrayElementI.xml
4 ms. Memory: 581120K Free: 268054K (46%)
----------------- Invoking toplevel() on ptolemy.moml.MoMLSimpleApplication@e72ad85
----------------- Done invoking toplevel() on ptolemy.moml.MoMLSimpleApplication@e72ad85
reloadAllAccessors: .ArrayElementI

===========================================================================================
----------------- testing Fri Mar 01 21:41:38 UTC 2019 /home/travis/build/icyphy/ptII/ptolemy/actor/lib/test/auto/ArrayExtract.xml
----------------- Instantiating /home/travis/build/icyphy/ptII/ptolemy/actor/lib/test/auto/ArrayExtract.xml
9 ms. Memory: 581120K Free: 258310K (44%)
----------------- Invoking toplevel() on ptolemy.moml.MoMLSimpleApplication@1d7e58bc
----------------- Done invoking toplevel() on ptolemy.moml.MoMLSimpleApplication@1d7e58bc
reloadAllAccessors: .ArrayExtract

===========================================================================================
----------------- testing Fri Mar 01 21:41:38 UTC 2019 /home/travis/build/icyphy/ptII/ptolemy/actor/lib/test/auto/ArrayExtract2.xml
----------------- Instantiating /home/travis/build/icyphy/ptII/ptolemy/actor/lib/test/auto/ArrayExtract2.xml
2 ms. Memory: 581120K Free: 251825K (43%)
----------------- Invoking toplevel() on ptolemy.moml.MoMLSimpleApplication@12fd111
----------------- Done invoking toplevel() on ptolemy.moml.MoMLSimpleApplication@12fd111
reloadAllAccessors: .ArrayExtract2

===========================================================================================
----------------- testing Fri Mar 01 21:41:38 UTC 2019 /home/travis/build/icyphy/ptII/ptolemy/actor/lib/test/auto/ArrayLength.xml
----------------- Instantiating /home/travis/build/icyphy/ptII/ptolemy/actor/lib/test/auto/ArrayLength.xml
2 ms. Memory: 581120K Free: 236624K (41%)
----------------- Invoking toplevel() on ptolemy.moml.MoMLSimpleApplication@a6fc16d
----------------- Done invoking toplevel() on ptolemy.moml.MoMLSimpleApplication@a6fc16d
reloadAllAccessors: .ArrayLength

===========================================================================================
----------------- testing Fri Mar 01 21:41:38 UTC 2019 /home/travis/build/icyphy/ptII/ptolemy/actor/lib/test/auto/ArrayLevelCrossing.xml
----------------- Instantiating /home/travis/build/icyphy/ptII/ptolemy/actor/lib/test/auto/ArrayLevelCrossing.xml
3 ms. Memory: 581120K Free: 226888K (39%)
----------------- Invoking toplevel() on ptolemy.moml.MoMLSimpleApplication@4f0b51a6
----------------- Done invoking toplevel() on ptolemy.moml.MoMLSimpleApplication@4f0b51a6
reloadAllAccessors: .ArrayLevelCrossing

===========================================================================================
----------------- testing Fri Mar 01 21:41:38 UTC 2019 /home/travis/build/icyphy/ptII/ptolemy/actor/lib/test/auto/ArrayLevelCrossing2.xml
----------------- Instantiating /home/travis/build/icyphy/ptII/ptolemy/actor/lib/test/auto/ArrayLevelCrossing2.xml
2 ms. Memory: 581120K Free: 217144K (37%)
----------------- Invoking toplevel() on ptolemy.moml.MoMLSimpleApplication@71c43144
----------------- Done invoking toplevel() on ptolemy.moml.MoMLSimpleApplication@71c43144
reloadAllAccessors: .ArrayLevelCrossing2

===========================================================================================
----------------- testing Fri Mar 01 21:41:38 UTC 2019 /home/travis/build/icyphy/ptII/ptolemy/actor/lib/test/auto/ArrayPeakSearch.xml
----------------- Instantiating /home/travis/build/icyphy/ptII/ptolemy/actor/lib/test/auto/ArrayPeakSearch.xml
4 ms. Memory: 581120K Free: 199277K (34%)
----------------- Invoking toplevel() on ptolemy.moml.MoMLSimpleApplication@c38fdc7
----------------- Done invoking toplevel() on ptolemy.moml.MoMLSimpleApplication@c38fdc7
reloadAllAccessors: .ArrayPeakSearch

===========================================================================================
----------------- testing Fri Mar 01 21:41:38 UTC 2019 /home/travis/build/icyphy/ptII/ptolemy/actor/lib/test/auto/ArrayPeakSearch2.xml
----------------- Instantiating /home/travis/build/icyphy/ptII/ptolemy/actor/lib/test/auto/ArrayPeakSearch2.xml
9 ms. Memory: 581120K Free: 177583K (31%)
----------------- Invoking toplevel() on ptolemy.moml.MoMLSimpleApplication@343a3ef8
----------------- Done invoking toplevel() on ptolemy.moml.MoMLSimpleApplication@343a3ef8
reloadAllAccessors: .ArrayPeakSearch2

===========================================================================================
----------------- testing Fri Mar 01 21:41:38 UTC 2019 /home/travis/build/icyphy/ptII/ptolemy/actor/lib/test/auto/ArrayPeakSearch3.xml
----------------- Instantiating /home/travis/build/icyphy/ptII/ptolemy/actor/lib/test/auto/ArrayPeakSearch3.xml
6 ms. Memory: 581120K Free: 164604K (28%)
----------------- Invoking toplevel() on ptolemy.moml.MoMLSimpleApplication@3d45df7c
----------------- Done invoking toplevel() on ptolemy.moml.MoMLSimpleApplication@3d45df7c
reloadAllAccessors: .ArrayPeakSearch3

===========================================================================================
----------------- testing Fri Mar 01 21:41:39 UTC 2019 /home/travis/build/icyphy/ptII/ptolemy/actor/lib/test/auto/ArrayRemoveElement.xml
----------------- Instantiating /home/travis/build/icyphy/ptII/ptolemy/actor/lib/test/auto/ArrayRemoveElement.xml
4 ms. Memory: 581120K Free: 154876K (27%)
----------------- Invoking toplevel() on ptolemy.moml.MoMLSimpleApplication@48a7b12
----------------- Done invoking toplevel() on ptolemy.moml.MoMLSimpleApplication@48a7b12
reloadAllAccessors: .ArrayRemoveElement

===========================================================================================
----------------- testing Fri Mar 01 21:41:39 UTC 2019 /home/travis/build/icyphy/ptII/ptolemy/actor/lib/test/auto/ArraySort.xml
----------------- Instantiating /home/travis/build/icyphy/ptII/ptolemy/actor/lib/test/auto/ArraySort.xml
3 ms. Memory: 581120K Free: 141889K (24%)
----------------- Invoking toplevel() on ptolemy.moml.MoMLSimpleApplication@627aa93
----------------- Done invoking toplevel() on ptolemy.moml.MoMLSimpleApplication@627aa93
reloadAllAccessors: .ArraySort

===========================================================================================
----------------- testing Fri Mar 01 21:41:39 UTC 2019 /home/travis/build/icyphy/ptII/ptolemy/actor/lib/test/auto/ArraySum.xml
----------------- Instantiating /home/travis/build/icyphy/ptII/ptolemy/actor/lib/test/auto/ArraySum.xml
6 ms. Memory: 581120K Free: 126688K (22%)
----------------- Invoking toplevel() on ptolemy.moml.MoMLSimpleApplication@2df40854
----------------- Done invoking toplevel() on ptolemy.moml.MoMLSimpleApplication@2df40854
reloadAllAccessors: .ArraySum

===========================================================================================
----------------- testing Fri Mar 01 21:41:39 UTC 2019 /home/travis/build/icyphy/ptII/ptolemy/actor/lib/test/auto/ArrayToElements.xml
----------------- Instantiating /home/travis/build/icyphy/ptII/ptolemy/actor/lib/test/auto/ArrayToElements.xml
3 ms. Memory: 581120K Free: 116952K (20%)
----------------- Invoking toplevel() on ptolemy.moml.MoMLSimpleApplication@32899f51
----------------- Done invoking toplevel() on ptolemy.moml.MoMLSimpleApplication@32899f51
reloadAllAccessors: .ArrayToElements

===========================================================================================
----------------- testing Fri Mar 01 21:41:39 UTC 2019 /home/travis/build/icyphy/ptII/ptolemy/actor/lib/test/auto/ArrayToMatrix.xml
----------------- Instantiating /home/travis/build/icyphy/ptII/ptolemy/actor/lib/test/auto/ArrayToMatrix.xml
6 ms. Memory: 581120K Free: 100722K (17%)
----------------- Invoking toplevel() on ptolemy.moml.MoMLSimpleApplication@1e8899ae
----------------- Done invoking toplevel() on ptolemy.moml.MoMLSimpleApplication@1e8899ae
reloadAllAccessors: .ArrayToMatrix

===========================================================================================
----------------- testing Fri Mar 01 21:41:39 UTC 2019 /home/travis/build/icyphy/ptII/ptolemy/actor/lib/test/auto/ArrayUpdate1.xml
----------------- Instantiating /home/travis/build/icyphy/ptII/ptolemy/actor/lib/test/auto/ArrayUpdate1.xml
3 ms. Memory: 581120K Free: 94237K (16%)
----------------- Invoking toplevel() on ptolemy.moml.MoMLSimpleApplication@668f47c8
----------------- Done invoking toplevel() on ptolemy.moml.MoMLSimpleApplication@668f47c8
reloadAllAccessors: .ArrayUpdate1

===========================================================================================
----------------- testing Fri Mar 01 21:41:39 UTC 2019 /home/travis/build/icyphy/ptII/ptolemy/actor/lib/test/auto/ArrayUpdate2.xml
----------------- Instantiating /home/travis/build/icyphy/ptII/ptolemy/actor/lib/test/auto/ArrayUpdate2.xml
3 ms. Memory: 581120K Free: 75778K (13%)
----------------- Invoking toplevel() on ptolemy.moml.MoMLSimpleApplication@5609d1af
----------------- Done invoking toplevel() on ptolemy.moml.MoMLSimpleApplication@5609d1af
reloadAllAccessors: .ArrayUpdate2

===========================================================================================
----------------- testing Fri Mar 01 21:41:39 UTC 2019 /home/travis/build/icyphy/ptII/ptolemy/actor/lib/test/auto/ArrayUpdate3.xml
----------------- Instantiating /home/travis/build/icyphy/ptII/ptolemy/actor/lib/test/auto/ArrayUpdate3.xml
2 ms. Memory: 581120K Free: 69292K (12%)
----------------- Invoking toplevel() on ptolemy.moml.MoMLSimpleApplication@3e129e51
----------------- Done invoking toplevel() on ptolemy.moml.MoMLSimpleApplication@3e129e51
reloadAllAccessors: .ArrayUpdate3

===========================================================================================
----------------- testing Fri Mar 01 21:41:39 UTC 2019 /home/travis/build/icyphy/ptII/ptolemy/actor/lib/test/auto/Assert1.xml
----------------- Instantiating /home/travis/build/icyphy/ptII/ptolemy/actor/lib/test/auto/Assert1.xml
4 ms. Memory: 581120K Free: 62807K (11%)
----------------- Invoking toplevel() on ptolemy.moml.MoMLSimpleApplication@56c0360a
----------------- Done invoking toplevel() on ptolemy.moml.MoMLSimpleApplication@56c0360a
reloadAllAccessors: .Assert1

===========================================================================================
----------------- testing Fri Mar 01 21:41:39 UTC 2019 /home/travis/build/icyphy/ptII/ptolemy/actor/lib/test/auto/Assert2.xml
----------------- Instantiating /home/travis/build/icyphy/ptII/ptolemy/actor/lib/test/auto/Assert2.xml
6 ms. Memory: 581120K Free: 56322K (10%)
----------------- Invoking toplevel() on ptolemy.moml.MoMLSimpleApplication@186e5c96
----------------- Done invoking toplevel() on ptolemy.moml.MoMLSimpleApplication@186e5c96
reloadAllAccessors: .Assert2

===========================================================================================
----------------- testing Fri Mar 01 21:41:39 UTC 2019 /home/travis/build/icyphy/ptII/ptolemy/actor/lib/test/auto/BooleanMultiplexor.xml
----------------- Instantiating /home/travis/build/icyphy/ptII/ptolemy/actor/lib/test/auto/BooleanMultiplexor.xml
6 ms. Memory: 878592K Free: 818557K (93%)
----------------- Invoking toplevel() on ptolemy.moml.MoMLSimpleApplication@5e2c1dd
----------------- Done invoking toplevel() on ptolemy.moml.MoMLSimpleApplication@5e2c1dd
reloadAllAccessors: .BooleanMultiplexor

===========================================================================================
----------------- testing Fri Mar 01 21:41:39 UTC 2019 /home/travis/build/icyphy/ptII/ptolemy/actor/lib/test/auto/BooleanMultiplexor2.xml
----------------- Instantiating /home/travis/build/icyphy/ptII/ptolemy/actor/lib/test/auto/BooleanMultiplexor2.xml
10 ms. Memory: 878592K Free: 807932K (92%)
----------------- Invoking toplevel() on ptolemy.moml.MoMLSimpleApplication@1e088969
----------------- Done invoking toplevel() on ptolemy.moml.MoMLSimpleApplication@1e088969
reloadAllAccessors: .BooleanMultiplexor2

===========================================================================================
----------------- testing Fri Mar 01 21:41:39 UTC 2019 /home/travis/build/icyphy/ptII/ptolemy/actor/lib/test/auto/BooleanMultiplexor3.xml
----------------- Instantiating /home/travis/build/icyphy/ptII/ptolemy/actor/lib/test/auto/BooleanMultiplexor3.xml
6 ms. Memory: 878592K Free: 797556K (91%)
----------------- Invoking toplevel() on ptolemy.moml.MoMLSimpleApplication@3597de66
----------------- Done invoking toplevel() on ptolemy.moml.MoMLSimpleApplication@3597de66
reloadAllAccessors: .BooleanMultiplexor3

===========================================================================================
----------------- testing Fri Mar 01 21:41:39 UTC 2019 /home/travis/build/icyphy/ptII/ptolemy/actor/lib/test/auto/BooleanSelect.xml
----------------- Instantiating /home/travis/build/icyphy/ptII/ptolemy/actor/lib/test/auto/BooleanSelect.xml
6 ms. Memory: 878592K Free: 787179K (90%)
----------------- Invoking toplevel() on ptolemy.moml.MoMLSimpleApplication@134ed0d9
----------------- Done invoking toplevel() on ptolemy.moml.MoMLSimpleApplication@134ed0d9
reloadAllAccessors: .BooleanSelect

===========================================================================================
----------------- testing Fri Mar 01 21:41:39 UTC 2019 /home/travis/build/icyphy/ptII/ptolemy/actor/lib/test/auto/BooleanSelect2.xml
----------------- Instantiating /home/travis/build/icyphy/ptII/ptolemy/actor/lib/test/auto/BooleanSelect2.xml
2 ms. Memory: 878592K Free: 776803K (88%)
----------------- Invoking toplevel() on ptolemy.moml.MoMLSimpleApplication@74d9a2b8
----------------- Done invoking toplevel() on ptolemy.moml.MoMLSimpleApplication@74d9a2b8
reloadAllAccessors: .BooleanSelect2

===========================================================================================
----------------- testing Fri Mar 01 21:41:39 UTC 2019 /home/travis/build/icyphy/ptII/ptolemy/actor/lib/test/auto/BooleanSwitch.xml
----------------- Instantiating /home/travis/build/icyphy/ptII/ptolemy/actor/lib/test/auto/BooleanSwitch.xml
4 ms. Memory: 878592K Free: 756472K (86%)
----------------- Invoking toplevel() on ptolemy.moml.MoMLSimpleApplication@7684040a
----------------- Done invoking toplevel() on ptolemy.moml.MoMLSimpleApplication@7684040a
reloadAllAccessors: .BooleanSwitch

===========================================================================================
----------------- testing Fri Mar 01 21:41:39 UTC 2019 /home/travis/build/icyphy/ptII/ptolemy/actor/lib/test/auto/BooleanSwitch2.xml
----------------- Instantiating /home/travis/build/icyphy/ptII/ptolemy/actor/lib/test/auto/BooleanSwitch2.xml
2 ms. Memory: 878592K Free: 746095K (85%)
----------------- Invoking toplevel() on ptolemy.moml.MoMLSimpleApplication@6ef018f3
----------------- Done invoking toplevel() on ptolemy.moml.MoMLSimpleApplication@6ef018f3
reloadAllAccessors: .BooleanSwitch2

===========================================================================================
----------------- testing Fri Mar 01 21:41:39 UTC 2019 /home/travis/build/icyphy/ptII/ptolemy/actor/lib/test/auto/BooleanSwitchCloningBugWithClassRelationGroup.xml
----------------- Instantiating /home/travis/build/icyphy/ptII/ptolemy/actor/lib/test/auto/BooleanSwitchCloningBugWithClassRelationGroup.xml
3 ms. Memory: 878592K Free: 735719K (84%)
----------------- Invoking toplevel() on ptolemy.moml.MoMLSimpleApplication@60d0a7a3
----------------- Done invoking toplevel() on ptolemy.moml.MoMLSimpleApplication@60d0a7a3
reloadAllAccessors: .BooleanSwitchCloningBugWithClassRelationGroup

===========================================================================================
----------------- testing Fri Mar 01 21:41:39 UTC 2019 /home/travis/build/icyphy/ptII/ptolemy/actor/lib/test/auto/BusActors.xml
----------------- Instantiating /home/travis/build/icyphy/ptII/ptolemy/actor/lib/test/auto/BusActors.xml
3 ms. Memory: 878592K Free: 720138K (82%)
----------------- Invoking toplevel() on ptolemy.moml.MoMLSimpleApplication@59391418
----------------- Done invoking toplevel() on ptolemy.moml.MoMLSimpleApplication@59391418
reloadAllAccessors: .BusActors

===========================================================================================
----------------- testing Fri Mar 01 21:41:39 UTC 2019 /home/travis/build/icyphy/ptII/ptolemy/actor/lib/test/auto/ClassWrapper.xml
----------------- Instantiating /home/travis/build/icyphy/ptII/ptolemy/actor/lib/test/auto/ClassWrapper.xml
2 ms. Memory: 878592K Free: 699807K (80%)
----------------- Invoking toplevel() on ptolemy.moml.MoMLSimpleApplication@32a45dee
----------------- Done invoking toplevel() on ptolemy.moml.MoMLSimpleApplication@32a45dee
reloadAllAccessors: .ClassWrapper

===========================================================================================
----------------- testing Fri Mar 01 21:41:39 UTC 2019 /home/travis/build/icyphy/ptII/ptolemy/actor/lib/test/auto/Clock.xml
----------------- Instantiating /home/travis/build/icyphy/ptII/ptolemy/actor/lib/test/auto/Clock.xml
2 ms. Memory: 878592K Free: 689431K (78%)
----------------- Invoking toplevel() on ptolemy.moml.MoMLSimpleApplication@6d8d90ca
----------------- Done invoking toplevel() on ptolemy.moml.MoMLSimpleApplication@6d8d90ca
reloadAllAccessors: .Clock

===========================================================================================
----------------- testing Fri Mar 01 21:41:39 UTC 2019 /home/travis/build/icyphy/ptII/ptolemy/actor/lib/test/auto/Clock10.xml
----------------- Instantiating /home/travis/build/icyphy/ptII/ptolemy/actor/lib/test/auto/Clock10.xml
2 ms. Memory: 878592K Free: 679054K (77%)
----------------- Invoking toplevel() on ptolemy.moml.MoMLSimpleApplication@7f4d80b5
----------------- Done invoking toplevel() on ptolemy.moml.MoMLSimpleApplication@7f4d80b5
reloadAllAccessors: .Clock10

===========================================================================================
----------------- testing Fri Mar 01 21:41:39 UTC 2019 /home/travis/build/icyphy/ptII/ptolemy/actor/lib/test/auto/Clock11.xml
----------------- Instantiating /home/travis/build/icyphy/ptII/ptolemy/actor/lib/test/auto/Clock11.xml
3 ms. Memory: 878592K Free: 668678K (76%)
----------------- Invoking toplevel() on ptolemy.moml.MoMLSimpleApplication@65744bed
----------------- Done invoking toplevel() on ptolemy.moml.MoMLSimpleApplication@65744bed
reloadAllAccessors: .Clock11

===========================================================================================
----------------- testing Fri Mar 01 21:41:39 UTC 2019 /home/travis/build/icyphy/ptII/ptolemy/actor/lib/test/auto/Clock12.xml
----------------- Instantiating /home/travis/build/icyphy/ptII/ptolemy/actor/lib/test/auto/Clock12.xml
3 ms. Memory: 878592K Free: 658301K (75%)
----------------- Invoking toplevel() on ptolemy.moml.MoMLSimpleApplication@386d7b5f
----------------- Done invoking toplevel() on ptolemy.moml.MoMLSimpleApplication@386d7b5f
reloadAllAccessors: .Clock12

===========================================================================================
----------------- testing Fri Mar 01 21:41:39 UTC 2019 /home/travis/build/icyphy/ptII/ptolemy/actor/lib/test/auto/Clock13.xml
----------------- Instantiating /home/travis/build/icyphy/ptII/ptolemy/actor/lib/test/auto/Clock13.xml
8 ms. Memory: 878592K Free: 637970K (73%)
----------------- Invoking toplevel() on ptolemy.moml.MoMLSimpleApplication@181dfe60
----------------- Done invoking toplevel() on ptolemy.moml.MoMLSimpleApplication@181dfe60
reloadAllAccessors: .Clock13

===========================================================================================
----------------- testing Fri Mar 01 21:41:39 UTC 2019 /home/travis/build/icyphy/ptII/ptolemy/actor/lib/test/auto/Clock14.xml
----------------- Instantiating /home/travis/build/icyphy/ptII/ptolemy/actor/lib/test/auto/Clock14.xml
7 ms. Memory: 878592K Free: 627594K (71%)
----------------- Invoking toplevel() on ptolemy.moml.MoMLSimpleApplication@67e97d92
----------------- Done invoking toplevel() on ptolemy.moml.MoMLSimpleApplication@67e97d92
reloadAllAccessors: .Clock14

===========================================================================================
----------------- testing Fri Mar 01 21:41:39 UTC 2019 /home/travis/build/icyphy/ptII/ptolemy/actor/lib/test/auto/Clock15.xml
----------------- Instantiating /home/travis/build/icyphy/ptII/ptolemy/actor/lib/test/auto/Clock15.xml
2 ms. Memory: 878592K Free: 617217K (70%)
----------------- Invoking toplevel() on ptolemy.moml.MoMLSimpleApplication@70bfca53
----------------- Done invoking toplevel() on ptolemy.moml.MoMLSimpleApplication@70bfca53
reloadAllAccessors: .Clock15

===========================================================================================
----------------- testing Fri Mar 01 21:41:39 UTC 2019 /home/travis/build/icyphy/ptII/ptolemy/actor/lib/test/auto/Clock16.xml
----------------- Instantiating /home/travis/build/icyphy/ptII/ptolemy/actor/lib/test/auto/Clock16.xml
15 ms. Memory: 878592K Free: 601652K (68%)
----------------- Invoking toplevel() on ptolemy.moml.MoMLSimpleApplication@1550ac9a
----------------- Done invoking toplevel() on ptolemy.moml.MoMLSimpleApplication@1550ac9a
reloadAllAccessors: .Clock16

===========================================================================================
----------------- testing Fri Mar 01 21:41:39 UTC 2019 /home/travis/build/icyphy/ptII/ptolemy/actor/lib/test/auto/Clock17.xml
----------------- Instantiating /home/travis/build/icyphy/ptII/ptolemy/actor/lib/test/auto/Clock17.xml
23 ms. Memory: 878592K Free: 576133K (66%)
----------------- Invoking toplevel() on ptolemy.moml.MoMLSimpleApplication@fa1de4d
----------------- Done invoking toplevel() on ptolemy.moml.MoMLSimpleApplication@fa1de4d
reloadAllAccessors: .Clock17

===========================================================================================
----------------- testing Fri Mar 01 21:41:39 UTC 2019 /home/travis/build/icyphy/ptII/ptolemy/actor/lib/test/auto/Clock18.xml
----------------- Instantiating /home/travis/build/icyphy/ptII/ptolemy/actor/lib/test/auto/Clock18.xml
18 ms. Memory: 878592K Free: 560553K (64%)
----------------- Invoking toplevel() on ptolemy.moml.MoMLSimpleApplication@68a47a8e
----------------- Done invoking toplevel() on ptolemy.moml.MoMLSimpleApplication@68a47a8e
reloadAllAccessors: .Clock18

===========================================================================================
----------------- testing Fri Mar 01 21:41:39 UTC 2019 /home/travis/build/icyphy/ptII/ptolemy/actor/lib/test/auto/Clock19.xml
----------------- Instantiating /home/travis/build/icyphy/ptII/ptolemy/actor/lib/test/auto/Clock19.xml
7 ms. Memory: 878592K Free: 544972K (62%)
----------------- Invoking toplevel() on ptolemy.moml.MoMLSimpleApplication@41ddc980
----------------- Done invoking toplevel() on ptolemy.moml.MoMLSimpleApplication@41ddc980
reloadAllAccessors: .Clock19

===========================================================================================
----------------- testing Fri Mar 01 21:41:40 UTC 2019 /home/travis/build/icyphy/ptII/ptolemy/actor/lib/test/auto/Clock2.xml
----------------- Instantiating /home/travis/build/icyphy/ptII/ptolemy/actor/lib/test/auto/Clock2.xml
6 ms. Memory: 878592K Free: 534595K (61%)
----------------- Invoking toplevel() on ptolemy.moml.MoMLSimpleApplication@70340514
----------------- Done invoking toplevel() on ptolemy.moml.MoMLSimpleApplication@70340514
reloadAllAccessors: .Clock2

===========================================================================================
----------------- testing Fri Mar 01 21:41:40 UTC 2019 /home/travis/build/icyphy/ptII/ptolemy/actor/lib/test/auto/Clock20.xml
----------------- Instantiating /home/travis/build/icyphy/ptII/ptolemy/actor/lib/test/auto/Clock20.xml
6 ms. Memory: 878592K Free: 524219K (60%)
----------------- Invoking toplevel() on ptolemy.moml.MoMLSimpleApplication@1bc164ad
----------------- Done invoking toplevel() on ptolemy.moml.MoMLSimpleApplication@1bc164ad
reloadAllAccessors: .Clock20

===========================================================================================
----------------- testing Fri Mar 01 21:41:40 UTC 2019 /home/travis/build/icyphy/ptII/ptolemy/actor/lib/test/auto/Clock21.xml
----------------- Instantiating /home/travis/build/icyphy/ptII/ptolemy/actor/lib/test/auto/Clock21.xml
7 ms. Memory: 878592K Free: 503888K (57%)
----------------- Invoking toplevel() on ptolemy.moml.MoMLSimpleApplication@7ae93f9d
----------------- Done invoking toplevel() on ptolemy.moml.MoMLSimpleApplication@7ae93f9d
reloadAllAccessors: .Clock21

===========================================================================================
----------------- testing Fri Mar 01 21:41:40 UTC 2019 /home/travis/build/icyphy/ptII/ptolemy/actor/lib/test/auto/Clock22.xml
----------------- Instantiating /home/travis/build/icyphy/ptII/ptolemy/actor/lib/test/auto/Clock22.xml
6 ms. Memory: 878592K Free: 493511K (56%)
----------------- Invoking toplevel() on ptolemy.moml.MoMLSimpleApplication@4ae65a37
----------------- Done invoking toplevel() on ptolemy.moml.MoMLSimpleApplication@4ae65a37
reloadAllAccessors: .Clock22

===========================================================================================
----------------- testing Fri Mar 01 21:41:40 UTC 2019 /home/travis/build/icyphy/ptII/ptolemy/actor/lib/test/auto/Clock23.xml
----------------- Instantiating /home/travis/build/icyphy/ptII/ptolemy/actor/lib/test/auto/Clock23.xml
3 ms. Memory: 878592K Free: 483135K (55%)
----------------- Invoking toplevel() on ptolemy.moml.MoMLSimpleApplication@3454955d
----------------- Done invoking toplevel() on ptolemy.moml.MoMLSimpleApplication@3454955d
reloadAllAccessors: .Clock23

===========================================================================================
----------------- testing Fri Mar 01 21:41:40 UTC 2019 /home/travis/build/icyphy/ptII/ptolemy/actor/lib/test/auto/Clock24.xml
----------------- Instantiating /home/travis/build/icyphy/ptII/ptolemy/actor/lib/test/auto/Clock24.xml
6 ms. Memory: 878592K Free: 472758K (54%)
----------------- Invoking toplevel() on ptolemy.moml.MoMLSimpleApplication@354d8afa
----------------- Done invoking toplevel() on ptolemy.moml.MoMLSimpleApplication@354d8afa
reloadAllAccessors: .Clock24

===========================================================================================
----------------- testing Fri Mar 01 21:41:40 UTC 2019 /home/travis/build/icyphy/ptII/ptolemy/actor/lib/test/auto/Clock4.xml
----------------- Instantiating /home/travis/build/icyphy/ptII/ptolemy/actor/lib/test/auto/Clock4.xml
2 ms. Memory: 878592K Free: 452427K (51%)
----------------- Invoking toplevel() on ptolemy.moml.MoMLSimpleApplication@3e9705df
----------------- Done invoking toplevel() on ptolemy.moml.MoMLSimpleApplication@3e9705df
reloadAllAccessors: .Clock4

===========================================================================================
----------------- testing Fri Mar 01 21:41:40 UTC 2019 /home/travis/build/icyphy/ptII/ptolemy/actor/lib/test/auto/Clock5.xml
----------------- Instantiating /home/travis/build/icyphy/ptII/ptolemy/actor/lib/test/auto/Clock5.xml
1 ms. Memory: 878592K Free: 442051K (50%)
----------------- Invoking toplevel() on ptolemy.moml.MoMLSimpleApplication@cc87537
----------------- Done invoking toplevel() on ptolemy.moml.MoMLSimpleApplication@cc87537
reloadAllAccessors: .Clock5

===========================================================================================
----------------- testing Fri Mar 01 21:41:40 UTC 2019 /home/travis/build/icyphy/ptII/ptolemy/actor/lib/test/auto/Clock6.xml
----------------- Instantiating /home/travis/build/icyphy/ptII/ptolemy/actor/lib/test/auto/Clock6.xml
1 ms. Memory: 878592K Free: 431674K (49%)
----------------- Invoking toplevel() on ptolemy.moml.MoMLSimpleApplication@14c59484
----------------- Done invoking toplevel() on ptolemy.moml.MoMLSimpleApplication@14c59484
reloadAllAccessors: .Clock6

===========================================================================================
----------------- testing Fri Mar 01 21:41:40 UTC 2019 /home/travis/build/icyphy/ptII/ptolemy/actor/lib/test/auto/Clock7.xml
----------------- Instantiating /home/travis/build/icyphy/ptII/ptolemy/actor/lib/test/auto/Clock7.xml
2 ms. Memory: 878592K Free: 421298K (48%)
----------------- Invoking toplevel() on ptolemy.moml.MoMLSimpleApplication@7318b930
----------------- Done invoking toplevel() on ptolemy.moml.MoMLSimpleApplication@7318b930
reloadAllAccessors: .Clock7

===========================================================================================
----------------- testing Fri Mar 01 21:41:40 UTC 2019 /home/travis/build/icyphy/ptII/ptolemy/actor/lib/test/auto/Clock8.xml
----------------- Instantiating /home/travis/build/icyphy/ptII/ptolemy/actor/lib/test/auto/Clock8.xml
2 ms. Memory: 878592K Free: 410921K (47%)
----------------- Invoking toplevel() on ptolemy.moml.MoMLSimpleApplication@3c27c9e0
----------------- Done invoking toplevel() on ptolemy.moml.MoMLSimpleApplication@3c27c9e0
reloadAllAccessors: .Clock8

===========================================================================================
----------------- testing Fri Mar 01 21:41:40 UTC 2019 /home/travis/build/icyphy/ptII/ptolemy/actor/lib/test/auto/Clock9.xml
----------------- Instantiating /home/travis/build/icyphy/ptII/ptolemy/actor/lib/test/auto/Clock9.xml
2 ms. Memory: 878592K Free: 390591K (44%)
----------------- Invoking toplevel() on ptolemy.moml.MoMLSimpleApplication@5fa049fc
----------------- Done invoking toplevel() on ptolemy.moml.MoMLSimpleApplication@5fa049fc
reloadAllAccessors: .Clock9

===========================================================================================
----------------- testing Fri Mar 01 21:41:40 UTC 2019 /home/travis/build/icyphy/ptII/ptolemy/actor/lib/test/auto/CommDistDiscard.xml
----------------- Instantiating /home/travis/build/icyphy/ptII/ptolemy/actor/lib/test/auto/CommDistDiscard.xml
2 ms. Memory: 878592K Free: 380214K (43%)
----------------- Invoking toplevel() on ptolemy.moml.MoMLSimpleApplication@610206df
----------------- Done invoking toplevel() on ptolemy.moml.MoMLSimpleApplication@610206df
reloadAllAccessors: .CommDistDiscard

===========================================================================================
----------------- testing Fri Mar 01 21:41:40 UTC 2019 /home/travis/build/icyphy/ptII/ptolemy/actor/lib/test/auto/Commutator.xml
----------------- Instantiating /home/travis/build/icyphy/ptII/ptolemy/actor/lib/test/auto/Commutator.xml
2 ms. Memory: 878592K Free: 369838K (42%)
----------------- Invoking toplevel() on ptolemy.moml.MoMLSimpleApplication@1712310b
----------------- Done invoking toplevel() on ptolemy.moml.MoMLSimpleApplication@1712310b
reloadAllAccessors: .Commutator

===========================================================================================
----------------- testing Fri Mar 01 21:41:40 UTC 2019 /home/travis/build/icyphy/ptII/ptolemy/actor/lib/test/auto/Commutator2.xml
----------------- Instantiating /home/travis/build/icyphy/ptII/ptolemy/actor/lib/test/auto/Commutator2.xml
2 ms. Memory: 878592K Free: 359461K (41%)
----------------- Invoking toplevel() on ptolemy.moml.MoMLSimpleApplication@76860a78
----------------- Done invoking toplevel() on ptolemy.moml.MoMLSimpleApplication@76860a78
reloadAllAccessors: .Commutator2

===========================================================================================
----------------- testing Fri Mar 01 21:41:40 UTC 2019 /home/travis/build/icyphy/ptII/ptolemy/actor/lib/test/auto/Commutator3.xml
----------------- Instantiating /home/travis/build/icyphy/ptII/ptolemy/actor/lib/test/auto/Commutator3.xml
2 ms. Memory: 878592K Free: 339130K (39%)
----------------- Invoking toplevel() on ptolemy.moml.MoMLSimpleApplication@44e49345
----------------- Done invoking toplevel() on ptolemy.moml.MoMLSimpleApplication@44e49345
reloadAllAccessors: .Commutator3

===========================================================================================
----------------- testing Fri Mar 01 21:41:40 UTC 2019 /home/travis/build/icyphy/ptII/ptolemy/actor/lib/test/auto/Compare.xml
----------------- Instantiating /home/travis/build/icyphy/ptII/ptolemy/actor/lib/test/auto/Compare.xml
2 ms. Memory: 878592K Free: 328754K (37%)
----------------- Invoking toplevel() on ptolemy.moml.MoMLSimpleApplication@1ebd193b
----------------- Done invoking toplevel() on ptolemy.moml.MoMLSimpleApplication@1ebd193b
reloadAllAccessors: .Compare

===========================================================================================
----------------- testing Fri Mar 01 21:41:40 UTC 2019 /home/travis/build/icyphy/ptII/ptolemy/actor/lib/test/auto/CompareDE.xml
----------------- Instantiating /home/travis/build/icyphy/ptII/ptolemy/actor/lib/test/auto/CompareDE.xml
3 ms. Memory: 878592K Free: 318377K (36%)
----------------- Invoking toplevel() on ptolemy.moml.MoMLSimpleApplication@5c10b45a
----------------- Done invoking toplevel() on ptolemy.moml.MoMLSimpleApplication@5c10b45a
reloadAllAccessors: .CompareDE

===========================================================================================
----------------- testing Fri Mar 01 21:41:40 UTC 2019 /home/travis/build/icyphy/ptII/ptolemy/actor/lib/test/auto/ComplexDivide.xml
----------------- Instantiating /home/travis/build/icyphy/ptII/ptolemy/actor/lib/test/auto/ComplexDivide.xml
1 ms. Memory: 878592K Free: 308001K (35%)
----------------- Invoking toplevel() on ptolemy.moml.MoMLSimpleApplication@320b54d6
----------------- Done invoking toplevel() on ptolemy.moml.MoMLSimpleApplication@320b54d6
reloadAllAccessors: .ComplexDivide

===========================================================================================
----------------- testing Fri Mar 01 21:41:40 UTC 2019 /home/travis/build/icyphy/ptII/ptolemy/actor/lib/test/auto/ComputeHistogram.xml
----------------- Instantiating /home/travis/build/icyphy/ptII/ptolemy/actor/lib/test/auto/ComputeHistogram.xml
24 ms. Memory: 878592K Free: 282466K (32%)
----------------- Invoking toplevel() on ptolemy.moml.MoMLSimpleApplication@738ec652
----------------- Done invoking toplevel() on ptolemy.moml.MoMLSimpleApplication@738ec652
reloadAllAccessors: .ComputeHistogram

===========================================================================================
----------------- testing Fri Mar 01 21:41:40 UTC 2019 /home/travis/build/icyphy/ptII/ptolemy/actor/lib/test/auto/ConfigurationSelect.xml
----------------- Instantiating /home/travis/build/icyphy/ptII/ptolemy/actor/lib/test/auto/ConfigurationSelect.xml
3 ms. Memory: 878592K Free: 272089K (31%)
----------------- Invoking toplevel() on ptolemy.moml.MoMLSimpleApplication@5fa3f25e
----------------- Done invoking toplevel() on ptolemy.moml.MoMLSimpleApplication@5fa3f25e
reloadAllAccessors: .ConfigurationSelect

===========================================================================================
----------------- testing Fri Mar 01 21:41:40 UTC 2019 /home/travis/build/icyphy/ptII/ptolemy/actor/lib/test/auto/ConfigurationSelect2.xml
----------------- Instantiating /home/travis/build/icyphy/ptII/ptolemy/actor/lib/test/auto/ConfigurationSelect2.xml
2 ms. Memory: 878592K Free: 261712K (30%)
----------------- Invoking toplevel() on ptolemy.moml.MoMLSimpleApplication@4143ea1f
----------------- Done invoking toplevel() on ptolemy.moml.MoMLSimpleApplication@4143ea1f
reloadAllAccessors: .ConfigurationSelect2

===========================================================================================
----------------- testing Fri Mar 01 21:41:40 UTC 2019 /home/travis/build/icyphy/ptII/ptolemy/actor/lib/test/auto/ConfigurationSwitch.xml
----------------- Instantiating /home/travis/build/icyphy/ptII/ptolemy/actor/lib/test/auto/ConfigurationSwitch.xml
3 ms. Memory: 878592K Free: 251336K (29%)
----------------- Invoking toplevel() on ptolemy.moml.MoMLSimpleApplication@543cf979
----------------- Done invoking toplevel() on ptolemy.moml.MoMLSimpleApplication@543cf979
reloadAllAccessors: .ConfigurationSwitch

===========================================================================================
----------------- testing Fri Mar 01 21:41:40 UTC 2019 /home/travis/build/icyphy/ptII/ptolemy/actor/lib/test/auto/ConfigurationSwitch2.xml
----------------- Instantiating /home/travis/build/icyphy/ptII/ptolemy/actor/lib/test/auto/ConfigurationSwitch2.xml
2 ms. Memory: 878592K Free: 240959K (27%)
----------------- Invoking toplevel() on ptolemy.moml.MoMLSimpleApplication@c107bc5
----------------- Done invoking toplevel() on ptolemy.moml.MoMLSimpleApplication@c107bc5
reloadAllAccessors: .ConfigurationSwitch2

===========================================================================================
----------------- testing Fri Mar 01 21:41:40 UTC 2019 /home/travis/build/icyphy/ptII/ptolemy/actor/lib/test/auto/ConfigurationSwitchCloningBugWithClassRelationGroup.xml
----------------- Instantiating /home/travis/build/icyphy/ptII/ptolemy/actor/lib/test/auto/ConfigurationSwitchCloningBugWithClassRelationGroup.xml
2 ms. Memory: 878592K Free: 220628K (25%)
----------------- Invoking toplevel() on ptolemy.moml.MoMLSimpleApplication@43f95bda
----------------- Done invoking toplevel() on ptolemy.moml.MoMLSimpleApplication@43f95bda
reloadAllAccessors: .ConfigurationSwitchCloningBugWithClassRelationGroup

===========================================================================================
----------------- testing Fri Mar 01 21:41:40 UTC 2019 /home/travis/build/icyphy/ptII/ptolemy/actor/lib/test/auto/ConfigurationSwitchSelectSDF.xml
----------------- Instantiating /home/travis/build/icyphy/ptII/ptolemy/actor/lib/test/auto/ConfigurationSwitchSelectSDF.xml
2 ms. Memory: 878592K Free: 210252K (24%)
----------------- Invoking toplevel() on ptolemy.moml.MoMLSimpleApplication@450ceafa
----------------- Done invoking toplevel() on ptolemy.moml.MoMLSimpleApplication@450ceafa
reloadAllAccessors: .ConfigurationSwitchSelectSDF

===========================================================================================
----------------- testing Fri Mar 01 21:41:40 UTC 2019 /home/travis/build/icyphy/ptII/ptolemy/actor/lib/test/auto/ConfigurationSwitchSelectSDF2.xml
----------------- Instantiating /home/travis/build/icyphy/ptII/ptolemy/actor/lib/test/auto/ConfigurationSwitchSelectSDF2.xml
2 ms. Memory: 878592K Free: 199875K (23%)
----------------- Invoking toplevel() on ptolemy.moml.MoMLSimpleApplication@61bb10bd
----------------- Done invoking toplevel() on ptolemy.moml.MoMLSimpleApplication@61bb10bd
reloadAllAccessors: .ConfigurationSwitchSelectSDF2

===========================================================================================
----------------- testing Fri Mar 01 21:41:40 UTC 2019 /home/travis/build/icyphy/ptII/ptolemy/actor/lib/test/auto/Const.xml
----------------- Instantiating /home/travis/build/icyphy/ptII/ptolemy/actor/lib/test/auto/Const.xml
2 ms. Memory: 878592K Free: 189499K (22%)
----------------- Invoking toplevel() on ptolemy.moml.MoMLSimpleApplication@217bbc4f
----------------- Done invoking toplevel() on ptolemy.moml.MoMLSimpleApplication@217bbc4f
reloadAllAccessors: .Const

===========================================================================================
----------------- testing Fri Mar 01 21:41:40 UTC 2019 /home/travis/build/icyphy/ptII/ptolemy/actor/lib/test/auto/Const2.xml
----------------- Instantiating /home/travis/build/icyphy/ptII/ptolemy/actor/lib/test/auto/Const2.xml
1 ms. Memory: 878592K Free: 169168K (19%)
----------------- Invoking toplevel() on ptolemy.moml.MoMLSimpleApplication@3e5382bd
----------------- Done invoking toplevel() on ptolemy.moml.MoMLSimpleApplication@3e5382bd
reloadAllAccessors: .Const2

===========================================================================================
----------------- testing Fri Mar 01 21:41:40 UTC 2019 /home/travis/build/icyphy/ptII/ptolemy/actor/lib/test/auto/Const3.xml
----------------- Instantiating /home/travis/build/icyphy/ptII/ptolemy/actor/lib/test/auto/Const3.xml
2 ms. Memory: 878592K Free: 158791K (18%)
----------------- Invoking toplevel() on ptolemy.moml.MoMLSimpleApplication@3f7e398e
----------------- Done invoking toplevel() on ptolemy.moml.MoMLSimpleApplication@3f7e398e
reloadAllAccessors: .Const3

===========================================================================================
----------------- testing Fri Mar 01 21:41:40 UTC 2019 /home/travis/build/icyphy/ptII/ptolemy/actor/lib/test/auto/ConstantPublisherPort1.xml
----------------- Instantiating /home/travis/build/icyphy/ptII/ptolemy/actor/lib/test/auto/ConstantPublisherPort1.xml
6 ms. Memory: 878592K Free: 143226K (16%)
----------------- Invoking toplevel() on ptolemy.moml.MoMLSimpleApplication@15962af8
----------------- Done invoking toplevel() on ptolemy.moml.MoMLSimpleApplication@15962af8
reloadAllAccessors: .ConstantPublisherPort1

===========================================================================================
----------------- testing Fri Mar 01 21:41:40 UTC 2019 /home/travis/build/icyphy/ptII/ptolemy/actor/lib/test/auto/ConstantPublisherPort2.xml
----------------- Instantiating /home/travis/build/icyphy/ptII/ptolemy/actor/lib/test/auto/ConstantPublisherPort2.xml
5 ms. Memory: 878592K Free: 132850K (15%)
----------------- Invoking toplevel() on ptolemy.moml.MoMLSimpleApplication@3e5e987
----------------- Done invoking toplevel() on ptolemy.moml.MoMLSimpleApplication@3e5e987
reloadAllAccessors: .ConstantPublisherPort2

===========================================================================================
----------------- testing Fri Mar 01 21:41:40 UTC 2019 /home/travis/build/icyphy/ptII/ptolemy/actor/lib/test/auto/ConstantPublisherPort3.xml
----------------- Instantiating /home/travis/build/icyphy/ptII/ptolemy/actor/lib/test/auto/ConstantPublisherPort3.xml
4 ms. Memory: 878592K Free: 112519K (13%)
----------------- Invoking toplevel() on ptolemy.moml.MoMLSimpleApplication@35abb9b7
----------------- Done invoking toplevel() on ptolemy.moml.MoMLSimpleApplication@35abb9b7
reloadAllAccessors: .ConstantPublisherPort3

===========================================================================================
----------------- testing Fri Mar 01 21:41:40 UTC 2019 /home/travis/build/icyphy/ptII/ptolemy/actor/lib/test/auto/ConstantPublisherPort4.xml
----------------- Instantiating /home/travis/build/icyphy/ptII/ptolemy/actor/lib/test/auto/ConstantPublisherPort4.xml
2 ms. Memory: 878592K Free: 102143K (12%)
----------------- Invoking toplevel() on ptolemy.moml.MoMLSimpleApplication@3acc5fc
----------------- Done invoking toplevel() on ptolemy.moml.MoMLSimpleApplication@3acc5fc
reloadAllAccessors: .ConstantPublisherPort4

===========================================================================================
----------------- testing Fri Mar 01 21:41:40 UTC 2019 /home/travis/build/icyphy/ptII/ptolemy/actor/lib/test/auto/ConstantPublisherPort5.xml
----------------- Instantiating /home/travis/build/icyphy/ptII/ptolemy/actor/lib/test/auto/ConstantPublisherPort5.xml
18 ms. Memory: 878592K Free: 76185K (9%)
----------------- Invoking toplevel() on ptolemy.moml.MoMLSimpleApplication@748a3ffb
----------------- Done invoking toplevel() on ptolemy.moml.MoMLSimpleApplication@748a3ffb
reloadAllAccessors: .ConstantPublisherPort5

===========================================================================================
----------------- testing Fri Mar 01 21:41:40 UTC 2019 /home/travis/build/icyphy/ptII/ptolemy/actor/lib/test/auto/ConstantPublisherPort6.xml
----------------- Instantiating /home/travis/build/icyphy/ptII/ptolemy/actor/lib/test/auto/ConstantPublisherPort6.xml
43 ms. Memory: 879616K Free: 823866K (94%)
----------------- Invoking toplevel() on ptolemy.moml.MoMLSimpleApplication@3a068922
----------------- Done invoking toplevel() on ptolemy.moml.MoMLSimpleApplication@3a068922
reloadAllAccessors: .ConstantPublisherPort6

===========================================================================================
----------------- testing Fri Mar 01 21:41:40 UTC 2019 /home/travis/build/icyphy/ptII/ptolemy/actor/lib/test/auto/ConstantPublisherPort7.xml
----------------- Instantiating /home/travis/build/icyphy/ptII/ptolemy/actor/lib/test/auto/ConstantPublisherPort7.xml
13 ms. Memory: 879616K Free: 790457K (90%)
----------------- Invoking toplevel() on ptolemy.moml.MoMLSimpleApplication@3263cd29
----------------- Done invoking toplevel() on ptolemy.moml.MoMLSimpleApplication@3263cd29
reloadAllAccessors: .ConstantPublisherPort7

===========================================================================================
----------------- testing Fri Mar 01 21:41:40 UTC 2019 /home/travis/build/icyphy/ptII/ptolemy/actor/lib/test/auto/ConstraintMonitor1.xml
----------------- Instantiating /home/travis/build/icyphy/ptII/ptolemy/actor/lib/test/auto/ConstraintMonitor1.xml
8 ms. Memory: 879616K Free: 782675K (89%)
----------------- Invoking toplevel() on ptolemy.moml.MoMLSimpleApplication@78dc13ce
----------------- Done invoking toplevel() on ptolemy.moml.MoMLSimpleApplication@78dc13ce
reloadAllAccessors: .ConstraintMonitor1

===========================================================================================
----------------- testing Fri Mar 01 21:41:40 UTC 2019 /home/travis/build/icyphy/ptII/ptolemy/actor/lib/test/auto/ConstraintMonitor2.xml
----------------- Instantiating /home/travis/build/icyphy/ptII/ptolemy/actor/lib/test/auto/ConstraintMonitor2.xml
3 ms. Memory: 879616K Free: 774892K (88%)
----------------- Invoking toplevel() on ptolemy.moml.MoMLSimpleApplication@35b14a2c
----------------- Done invoking toplevel() on ptolemy.moml.MoMLSimpleApplication@35b14a2c
reloadAllAccessors: .ConstraintMonitor2

===========================================================================================
----------------- testing Fri Mar 01 21:41:40 UTC 2019 /home/travis/build/icyphy/ptII/ptolemy/actor/lib/test/auto/ConstraintMonitor3.xml
----------------- Instantiating /home/travis/build/icyphy/ptII/ptolemy/actor/lib/test/auto/ConstraintMonitor3.xml
2 ms. Memory: 879616K Free: 759804K (86%)
----------------- Invoking toplevel() on ptolemy.moml.MoMLSimpleApplication@5e6557d8
----------------- Done invoking toplevel() on ptolemy.moml.MoMLSimpleApplication@5e6557d8
reloadAllAccessors: .ConstraintMonitor3

===========================================================================================
----------------- testing Fri Mar 01 21:41:40 UTC 2019 /home/travis/build/icyphy/ptII/ptolemy/actor/lib/test/auto/ConstraintMonitor4.xml
----------------- Instantiating /home/travis/build/icyphy/ptII/ptolemy/actor/lib/test/auto/ConstraintMonitor4.xml
1 ms. Memory: 879616K Free: 752021K (85%)
----------------- Invoking toplevel() on ptolemy.moml.MoMLSimpleApplication@239cca7d
----------------- Done invoking toplevel() on ptolemy.moml.MoMLSimpleApplication@239cca7d
reloadAllAccessors: .ConstraintMonitor4

===========================================================================================
----------------- testing Fri Mar 01 21:41:40 UTC 2019 /home/travis/build/icyphy/ptII/ptolemy/actor/lib/test/auto/ConstraintMonitor5.xml
----------------- Instantiating /home/travis/build/icyphy/ptII/ptolemy/actor/lib/test/auto/ConstraintMonitor5.xml
2 ms. Memory: 879616K Free: 744239K (85%)
----------------- Invoking toplevel() on ptolemy.moml.MoMLSimpleApplication@33c0753f
----------------- Done invoking toplevel() on ptolemy.moml.MoMLSimpleApplication@33c0753f
reloadAllAccessors: .ConstraintMonitor5

===========================================================================================
----------------- testing Fri Mar 01 21:41:41 UTC 2019 /home/travis/build/icyphy/ptII/ptolemy/actor/lib/test/auto/ConstraintMonitor6.xml
----------------- Instantiating /home/travis/build/icyphy/ptII/ptolemy/actor/lib/test/auto/ConstraintMonitor6.xml
3 ms. Memory: 879616K Free: 725243K (82%)
----------------- Invoking toplevel() on ptolemy.moml.MoMLSimpleApplication@62f9433a
----------------- Done invoking toplevel() on ptolemy.moml.MoMLSimpleApplication@62f9433a
reloadAllAccessors: .ConstraintMonitor6

===========================================================================================
----------------- testing Fri Mar 01 21:41:41 UTC 2019 /home/travis/build/icyphy/ptII/ptolemy/actor/lib/test/auto/ConstraintMonitor7.xml
----------------- Instantiating /home/travis/build/icyphy/ptII/ptolemy/actor/lib/test/auto/ConstraintMonitor7.xml
8 ms. Memory: 879616K Free: 713561K (81%)
----------------- Invoking toplevel() on ptolemy.moml.MoMLSimpleApplication@15f5aa53
----------------- Done invoking toplevel() on ptolemy.moml.MoMLSimpleApplication@15f5aa53
reloadAllAccessors: .ConstraintMonitor7

===========================================================================================
----------------- testing Fri Mar 01 21:41:41 UTC 2019 /home/travis/build/icyphy/ptII/ptolemy/actor/lib/test/auto/ConstraintMonitor8.xml
----------------- Instantiating /home/travis/build/icyphy/ptII/ptolemy/actor/lib/test/auto/ConstraintMonitor8.xml
8 ms. Memory: 879616K Free: 701887K (80%)
----------------- Invoking toplevel() on ptolemy.moml.MoMLSimpleApplication@18ef4290
----------------- Done invoking toplevel() on ptolemy.moml.MoMLSimpleApplication@18ef4290
reloadAllAccessors: .ConstraintMonitor8

===========================================================================================
----------------- testing Fri Mar 01 21:41:41 UTC 2019 /home/travis/build/icyphy/ptII/ptolemy/actor/lib/test/auto/Counter.xml
----------------- Instantiating /home/travis/build/icyphy/ptII/ptolemy/actor/lib/test/auto/Counter.xml
2 ms. Memory: 879616K Free: 686799K (78%)
----------------- Invoking toplevel() on ptolemy.moml.MoMLSimpleApplication@4144bb34
----------------- Done invoking toplevel() on ptolemy.moml.MoMLSimpleApplication@4144bb34
reloadAllAccessors: .Counter

===========================================================================================
----------------- testing Fri Mar 01 21:41:41 UTC 2019 /home/travis/build/icyphy/ptII/ptolemy/actor/lib/test/auto/CurrentTimeSDF.xml
----------------- Instantiating /home/travis/build/icyphy/ptII/ptolemy/actor/lib/test/auto/CurrentTimeSDF.xml
2 ms. Memory: 879616K Free: 679016K (77%)
----------------- Invoking toplevel() on ptolemy.moml.MoMLSimpleApplication@43d974be
----------------- Done invoking toplevel() on ptolemy.moml.MoMLSimpleApplication@43d974be
reloadAllAccessors: .CurrentTimeSDF

===========================================================================================
----------------- testing Fri Mar 01 21:41:41 UTC 2019 /home/travis/build/icyphy/ptII/ptolemy/actor/lib/test/auto/DB.xml
----------------- Instantiating /home/travis/build/icyphy/ptII/ptolemy/actor/lib/test/auto/DB.xml
3 ms. Memory: 879616K Free: 671234K (76%)
----------------- Invoking toplevel() on ptolemy.moml.MoMLSimpleApplication@c08976a
----------------- Done invoking toplevel() on ptolemy.moml.MoMLSimpleApplication@c08976a
reloadAllAccessors: .DB

===========================================================================================
----------------- testing Fri Mar 01 21:41:41 UTC 2019 /home/travis/build/icyphy/ptII/ptolemy/actor/lib/test/auto/DBDE.xml
----------------- Instantiating /home/travis/build/icyphy/ptII/ptolemy/actor/lib/test/auto/DBDE.xml
3 ms. Memory: 879616K Free: 656145K (75%)
----------------- Invoking toplevel() on ptolemy.moml.MoMLSimpleApplication@144312f
----------------- Done invoking toplevel() on ptolemy.moml.MoMLSimpleApplication@144312f
reloadAllAccessors: .DBDE

===========================================================================================
----------------- testing Fri Mar 01 21:41:41 UTC 2019 /home/travis/build/icyphy/ptII/ptolemy/actor/lib/test/auto/DateConstructor.xml
----------------- Instantiating /home/travis/build/icyphy/ptII/ptolemy/actor/lib/test/auto/DateConstructor.xml
11 ms. Memory: 879616K Free: 636665K (72%)
----------------- Invoking toplevel() on ptolemy.moml.MoMLSimpleApplication@c59641a
----------------- Done invoking toplevel() on ptolemy.moml.MoMLSimpleApplication@c59641a
reloadAllAccessors: .DateConstructor

===========================================================================================
----------------- testing Fri Mar 01 21:41:41 UTC 2019 /home/travis/build/icyphy/ptII/ptolemy/actor/lib/test/auto/DelayTime.xml
----------------- Instantiating /home/travis/build/icyphy/ptII/ptolemy/actor/lib/test/auto/DelayTime.xml
3 ms. Memory: 879616K Free: 628883K (71%)
----------------- Invoking toplevel() on ptolemy.moml.MoMLSimpleApplication@98eb94e
----------------- Done invoking toplevel() on ptolemy.moml.MoMLSimpleApplication@98eb94e
reloadAllAccessors: .DelayTime

===========================================================================================
----------------- testing Fri Mar 01 21:41:41 UTC 2019 /home/travis/build/icyphy/ptII/ptolemy/actor/lib/test/auto/Dictionary1.xml
----------------- Instantiating /home/travis/build/icyphy/ptII/ptolemy/actor/lib/test/auto/Dictionary1.xml
1 ms. Memory: 879616K Free: 613794K (70%)
----------------- Invoking toplevel() on ptolemy.moml.MoMLSimpleApplication@2c240333
----------------- Done invoking toplevel() on ptolemy.moml.MoMLSimpleApplication@2c240333
reloadAllAccessors: .Dictionary1

===========================================================================================
----------------- testing Fri Mar 01 21:41:41 UTC 2019 /home/travis/build/icyphy/ptII/ptolemy/actor/lib/test/auto/Dictionary2.xml
----------------- Instantiating /home/travis/build/icyphy/ptII/ptolemy/actor/lib/test/auto/Dictionary2.xml
2 ms. Memory: 879616K Free: 606011K (69%)
----------------- Invoking toplevel() on ptolemy.moml.MoMLSimpleApplication@c7b0bbe
----------------- Done invoking toplevel() on ptolemy.moml.MoMLSimpleApplication@c7b0bbe
reloadAllAccessors: .Dictionary2

===========================================================================================
----------------- testing Fri Mar 01 21:41:41 UTC 2019 /home/travis/build/icyphy/ptII/ptolemy/actor/lib/test/auto/Dictionary3.xml
----------------- Instantiating /home/travis/build/icyphy/ptII/ptolemy/actor/lib/test/auto/Dictionary3.xml
1 ms. Memory: 879616K Free: 598229K (68%)
----------------- Invoking toplevel() on ptolemy.moml.MoMLSimpleApplication@2d2aa345
----------------- Done invoking toplevel() on ptolemy.moml.MoMLSimpleApplication@2d2aa345
reloadAllAccessors: .Dictionary3

===========================================================================================
----------------- testing Fri Mar 01 21:41:41 UTC 2019 /home/travis/build/icyphy/ptII/ptolemy/actor/lib/test/auto/Dictionary4.xml
----------------- Instantiating /home/travis/build/icyphy/ptII/ptolemy/actor/lib/test/auto/Dictionary4.xml
3 ms. Memory: 879616K Free: 579241K (66%)
----------------- Invoking toplevel() on ptolemy.moml.MoMLSimpleApplication@782478e6
----------------- Done invoking toplevel() on ptolemy.moml.MoMLSimpleApplication@782478e6
reloadAllAccessors: .Dictionary4

===========================================================================================
----------------- testing Fri Mar 01 21:41:41 UTC 2019 /home/travis/build/icyphy/ptII/ptolemy/actor/lib/test/auto/Differential.xml
----------------- Instantiating /home/travis/build/icyphy/ptII/ptolemy/actor/lib/test/auto/Differential.xml
2 ms. Memory: 879616K Free: 571459K (65%)
----------------- Invoking toplevel() on ptolemy.moml.MoMLSimpleApplication@60b8f0d3
----------------- Done invoking toplevel() on ptolemy.moml.MoMLSimpleApplication@60b8f0d3
reloadAllAccessors: .Differential

===========================================================================================
----------------- testing Fri Mar 01 21:41:41 UTC 2019 /home/travis/build/icyphy/ptII/ptolemy/actor/lib/test/auto/Director.xml
----------------- Instantiating /home/travis/build/icyphy/ptII/ptolemy/actor/lib/test/auto/Director.xml
2 ms. Memory: 879616K Free: 563676K (64%)
----------------- Invoking toplevel() on ptolemy.moml.MoMLSimpleApplication@4e8d448d
----------------- Done invoking toplevel() on ptolemy.moml.MoMLSimpleApplication@4e8d448d
reloadAllAccessors: .Director

===========================================================================================
----------------- testing Fri Mar 01 21:41:41 UTC 2019 /home/travis/build/icyphy/ptII/ptolemy/actor/lib/test/auto/DiscreteClock.xml
----------------- Instantiating /home/travis/build/icyphy/ptII/ptolemy/actor/lib/test/auto/DiscreteClock.xml
1 ms. Memory: 879616K Free: 555894K (63%)
----------------- Invoking toplevel() on ptolemy.moml.MoMLSimpleApplication@52e56ab9
----------------- Done invoking toplevel() on ptolemy.moml.MoMLSimpleApplication@52e56ab9
reloadAllAccessors: .DiscreteClock

===========================================================================================
----------------- testing Fri Mar 01 21:41:41 UTC 2019 /home/travis/build/icyphy/ptII/ptolemy/actor/lib/test/auto/DiscreteClock10.xml
----------------- Instantiating /home/travis/build/icyphy/ptII/ptolemy/actor/lib/test/auto/DiscreteClock10.xml
2 ms. Memory: 879616K Free: 540805K (61%)
----------------- Invoking toplevel() on ptolemy.moml.MoMLSimpleApplication@30090ef9
----------------- Done invoking toplevel() on ptolemy.moml.MoMLSimpleApplication@30090ef9
reloadAllAccessors: .DiscreteClock10

===========================================================================================
----------------- testing Fri Mar 01 21:41:41 UTC 2019 /home/travis/build/icyphy/ptII/ptolemy/actor/lib/test/auto/DiscreteClock11.xml
----------------- Instantiating /home/travis/build/icyphy/ptII/ptolemy/actor/lib/test/auto/DiscreteClock11.xml
2 ms. Memory: 879616K Free: 533023K (61%)
----------------- Invoking toplevel() on ptolemy.moml.MoMLSimpleApplication@6b79661c
----------------- Done invoking toplevel() on ptolemy.moml.MoMLSimpleApplication@6b79661c
reloadAllAccessors: .DiscreteClock11

===========================================================================================
----------------- testing Fri Mar 01 21:41:41 UTC 2019 /home/travis/build/icyphy/ptII/ptolemy/actor/lib/test/auto/DiscreteClock12.xml
----------------- Instantiating /home/travis/build/icyphy/ptII/ptolemy/actor/lib/test/auto/DiscreteClock12.xml
2 ms. Memory: 879616K Free: 525240K (60%)
----------------- Invoking toplevel() on ptolemy.moml.MoMLSimpleApplication@6e6dc3ff
----------------- Done invoking toplevel() on ptolemy.moml.MoMLSimpleApplication@6e6dc3ff
reloadAllAccessors: .DiscreteClock12

===========================================================================================
----------------- testing Fri Mar 01 21:41:41 UTC 2019 /home/travis/build/icyphy/ptII/ptolemy/actor/lib/test/auto/DiscreteClock13.xml
----------------- Instantiating /home/travis/build/icyphy/ptII/ptolemy/actor/lib/test/auto/DiscreteClock13.xml
5 ms. Memory: 879616K Free: 510151K (58%)
----------------- Invoking toplevel() on ptolemy.moml.MoMLSimpleApplication@303dd7bb
----------------- Done invoking toplevel() on ptolemy.moml.MoMLSimpleApplication@303dd7bb
reloadAllAccessors: .DiscreteClock13

===========================================================================================
----------------- testing Fri Mar 01 21:41:41 UTC 2019 /home/travis/build/icyphy/ptII/ptolemy/actor/lib/test/auto/DiscreteClock14.xml
----------------- Instantiating /home/travis/build/icyphy/ptII/ptolemy/actor/lib/test/auto/DiscreteClock14.xml
6 ms. Memory: 879616K Free: 502369K (57%)
----------------- Invoking toplevel() on ptolemy.moml.MoMLSimpleApplication@66b47eda
----------------- Done invoking toplevel() on ptolemy.moml.MoMLSimpleApplication@66b47eda
reloadAllAccessors: .DiscreteClock14

===========================================================================================
----------------- testing Fri Mar 01 21:41:41 UTC 2019 /home/travis/build/icyphy/ptII/ptolemy/actor/lib/test/auto/DiscreteClock15.xml
----------------- Instantiating /home/travis/build/icyphy/ptII/ptolemy/actor/lib/test/auto/DiscreteClock15.xml
7 ms. Memory: 879616K Free: 494587K (56%)
----------------- Invoking toplevel() on ptolemy.moml.MoMLSimpleApplication@1ad19e25
----------------- Done invoking toplevel() on ptolemy.moml.MoMLSimpleApplication@1ad19e25
reloadAllAccessors: .DiscreteClock15

===========================================================================================
----------------- testing Fri Mar 01 21:41:41 UTC 2019 /home/travis/build/icyphy/ptII/ptolemy/actor/lib/test/auto/DiscreteClock16.xml
----------------- Instantiating /home/travis/build/icyphy/ptII/ptolemy/actor/lib/test/auto/DiscreteClock16.xml
9 ms. Memory: 879616K Free: 471699K (54%)
----------------- Invoking toplevel() on ptolemy.moml.MoMLSimpleApplication@55146491
----------------- Done invoking toplevel() on ptolemy.moml.MoMLSimpleApplication@55146491
reloadAllAccessors: .DiscreteClock16

===========================================================================================
----------------- testing Fri Mar 01 21:41:41 UTC 2019 /home/travis/build/icyphy/ptII/ptolemy/actor/lib/test/auto/DiscreteClock17.xml
----------------- Instantiating /home/travis/build/icyphy/ptII/ptolemy/actor/lib/test/auto/DiscreteClock17.xml
17 ms. Memory: 879616K Free: 456118K (52%)
----------------- Invoking toplevel() on ptolemy.moml.MoMLSimpleApplication@49f141d1
----------------- Done invoking toplevel() on ptolemy.moml.MoMLSimpleApplication@49f141d1
reloadAllAccessors: .DiscreteClock17

===========================================================================================
----------------- testing Fri Mar 01 21:41:41 UTC 2019 /home/travis/build/icyphy/ptII/ptolemy/actor/lib/test/auto/DiscreteClock18.xml
----------------- Instantiating /home/travis/build/icyphy/ptII/ptolemy/actor/lib/test/auto/DiscreteClock18.xml
11 ms. Memory: 879616K Free: 440530K (50%)
----------------- Invoking toplevel() on ptolemy.moml.MoMLSimpleApplication@21e5e0a2
----------------- Done invoking toplevel() on ptolemy.moml.MoMLSimpleApplication@21e5e0a2
reloadAllAccessors: .DiscreteClock18

===========================================================================================
----------------- testing Fri Mar 01 21:41:41 UTC 2019 /home/travis/build/icyphy/ptII/ptolemy/actor/lib/test/auto/DiscreteClock19.xml
----------------- Instantiating /home/travis/build/icyphy/ptII/ptolemy/actor/lib/test/auto/DiscreteClock19.xml
9 ms. Memory: 879616K Free: 417650K (47%)
----------------- Invoking toplevel() on ptolemy.moml.MoMLSimpleApplication@6e564e92
----------------- Done invoking toplevel() on ptolemy.moml.MoMLSimpleApplication@6e564e92
reloadAllAccessors: .DiscreteClock19

===========================================================================================
----------------- testing Fri Mar 01 21:41:41 UTC 2019 /home/travis/build/icyphy/ptII/ptolemy/actor/lib/test/auto/DiscreteClock2.xml
----------------- Instantiating /home/travis/build/icyphy/ptII/ptolemy/actor/lib/test/auto/DiscreteClock2.xml
6 ms. Memory: 879616K Free: 409868K (47%)
----------------- Invoking toplevel() on ptolemy.moml.MoMLSimpleApplication@25a45817
----------------- Done invoking toplevel() on ptolemy.moml.MoMLSimpleApplication@25a45817
reloadAllAccessors: .DiscreteClock2

===========================================================================================
----------------- testing Fri Mar 01 21:41:41 UTC 2019 /home/travis/build/icyphy/ptII/ptolemy/actor/lib/test/auto/DiscreteClock20.xml
----------------- Instantiating /home/travis/build/icyphy/ptII/ptolemy/actor/lib/test/auto/DiscreteClock20.xml
7 ms. Memory: 879616K Free: 402086K (46%)
----------------- Invoking toplevel() on ptolemy.moml.MoMLSimpleApplication@510cbdf
----------------- Done invoking toplevel() on ptolemy.moml.MoMLSimpleApplication@510cbdf
reloadAllAccessors: .DiscreteClock20

===========================================================================================
----------------- testing Fri Mar 01 21:41:41 UTC 2019 /home/travis/build/icyphy/ptII/ptolemy/actor/lib/test/auto/DiscreteClock21.xml
----------------- Instantiating /home/travis/build/icyphy/ptII/ptolemy/actor/lib/test/auto/DiscreteClock21.xml
6 ms. Memory: 879616K Free: 386997K (44%)
----------------- Invoking toplevel() on ptolemy.moml.MoMLSimpleApplication@22fde4c8
----------------- Done invoking toplevel() on ptolemy.moml.MoMLSimpleApplication@22fde4c8
reloadAllAccessors: .DiscreteClock21

===========================================================================================
----------------- testing Fri Mar 01 21:41:41 UTC 2019 /home/travis/build/icyphy/ptII/ptolemy/actor/lib/test/auto/DiscreteClock22.xml
----------------- Instantiating /home/travis/build/icyphy/ptII/ptolemy/actor/lib/test/auto/DiscreteClock22.xml
6 ms. Memory: 879616K Free: 379214K (43%)
----------------- Invoking toplevel() on ptolemy.moml.MoMLSimpleApplication@70ca8568
----------------- Done invoking toplevel() on ptolemy.moml.MoMLSimpleApplication@70ca8568
reloadAllAccessors: .DiscreteClock22

===========================================================================================
----------------- testing Fri Mar 01 21:41:41 UTC 2019 /home/travis/build/icyphy/ptII/ptolemy/actor/lib/test/auto/DiscreteClock23.xml
----------------- Instantiating /home/travis/build/icyphy/ptII/ptolemy/actor/lib/test/auto/DiscreteClock23.xml
6 ms. Memory: 879616K Free: 371432K (42%)
----------------- Invoking toplevel() on ptolemy.moml.MoMLSimpleApplication@47c9478a
----------------- Done invoking toplevel() on ptolemy.moml.MoMLSimpleApplication@47c9478a
reloadAllAccessors: .DiscreteClock23

===========================================================================================
----------------- testing Fri Mar 01 21:41:41 UTC 2019 /home/travis/build/icyphy/ptII/ptolemy/actor/lib/test/auto/DiscreteClock24.xml
----------------- Instantiating /home/travis/build/icyphy/ptII/ptolemy/actor/lib/test/auto/DiscreteClock24.xml
7 ms. Memory: 879616K Free: 356343K (41%)
----------------- Invoking toplevel() on ptolemy.moml.MoMLSimpleApplication@59807d8
----------------- Done invoking toplevel() on ptolemy.moml.MoMLSimpleApplication@59807d8
reloadAllAccessors: .DiscreteClock24

===========================================================================================
----------------- testing Fri Mar 01 21:41:41 UTC 2019 /home/travis/build/icyphy/ptII/ptolemy/actor/lib/test/auto/DiscreteClock4.xml
----------------- Instantiating /home/travis/build/icyphy/ptII/ptolemy/actor/lib/test/auto/DiscreteClock4.xml
2 ms. Memory: 879616K Free: 348561K (40%)
----------------- Invoking toplevel() on ptolemy.moml.MoMLSimpleApplication@1c176a91
----------------- Done invoking toplevel() on ptolemy.moml.MoMLSimpleApplication@1c176a91
reloadAllAccessors: .DiscreteClock4

===========================================================================================
----------------- testing Fri Mar 01 21:41:41 UTC 2019 /home/travis/build/icyphy/ptII/ptolemy/actor/lib/test/auto/DiscreteClock5.xml
----------------- Instantiating /home/travis/build/icyphy/ptII/ptolemy/actor/lib/test/auto/DiscreteClock5.xml
1 ms. Memory: 879616K Free: 340778K (39%)
----------------- Invoking toplevel() on ptolemy.moml.MoMLSimpleApplication@620aaf99
----------------- Done invoking toplevel() on ptolemy.moml.MoMLSimpleApplication@620aaf99
reloadAllAccessors: .DiscreteClock5

===========================================================================================
----------------- testing Fri Mar 01 21:41:41 UTC 2019 /home/travis/build/icyphy/ptII/ptolemy/actor/lib/test/auto/DiscreteClock6.xml
----------------- Instantiating /home/travis/build/icyphy/ptII/ptolemy/actor/lib/test/auto/DiscreteClock6.xml
1 ms. Memory: 879616K Free: 325690K (37%)
----------------- Invoking toplevel() on ptolemy.moml.MoMLSimpleApplication@5d878d0d
----------------- Done invoking toplevel() on ptolemy.moml.MoMLSimpleApplication@5d878d0d
reloadAllAccessors: .DiscreteClock6

===========================================================================================
----------------- testing Fri Mar 01 21:41:41 UTC 2019 /home/travis/build/icyphy/ptII/ptolemy/actor/lib/test/auto/DiscreteClock7.xml
----------------- Instantiating /home/travis/build/icyphy/ptII/ptolemy/actor/lib/test/auto/DiscreteClock7.xml
2 ms. Memory: 879616K Free: 317907K (36%)
----------------- Invoking toplevel() on ptolemy.moml.MoMLSimpleApplication@75081904
----------------- Done invoking toplevel() on ptolemy.moml.MoMLSimpleApplication@75081904
reloadAllAccessors: .DiscreteClock7

===========================================================================================
----------------- testing Fri Mar 01 21:41:41 UTC 2019 /home/travis/build/icyphy/ptII/ptolemy/actor/lib/test/auto/DiscreteClock8.xml
----------------- Instantiating /home/travis/build/icyphy/ptII/ptolemy/actor/lib/test/auto/DiscreteClock8.xml
6 ms. Memory: 879616K Free: 310125K (35%)
----------------- Invoking toplevel() on ptolemy.moml.MoMLSimpleApplication@3f8d4014
----------------- Done invoking toplevel() on ptolemy.moml.MoMLSimpleApplication@3f8d4014
reloadAllAccessors: .DiscreteClock8

===========================================================================================
----------------- testing Fri Mar 01 21:41:41 UTC 2019 /home/travis/build/icyphy/ptII/ptolemy/actor/lib/test/auto/DiscreteClock9.xml
----------------- Instantiating /home/travis/build/icyphy/ptII/ptolemy/actor/lib/test/auto/DiscreteClock9.xml
6 ms. Memory: 879616K Free: 302343K (34%)
----------------- Invoking toplevel() on ptolemy.moml.MoMLSimpleApplication@5be0c488
----------------- Done invoking toplevel() on ptolemy.moml.MoMLSimpleApplication@5be0c488
reloadAllAccessors: .DiscreteClock9

===========================================================================================
----------------- testing Fri Mar 01 21:41:41 UTC 2019 /home/travis/build/icyphy/ptII/ptolemy/actor/lib/test/auto/DisplayArray.xml
----------------- Instantiating /home/travis/build/icyphy/ptII/ptolemy/actor/lib/test/auto/DisplayArray.xml
1 ms. Memory: 879616K Free: 287254K (33%)
----------------- Invoking toplevel() on ptolemy.moml.MoMLSimpleApplication@2f307378
----------------- Done invoking toplevel() on ptolemy.moml.MoMLSimpleApplication@2f307378
reloadAllAccessors: .DisplayArray

===========================================================================================
----------------- testing Fri Mar 01 21:41:41 UTC 2019 /home/travis/build/icyphy/ptII/ptolemy/actor/lib/test/auto/Distributor.xml
----------------- Instantiating /home/travis/build/icyphy/ptII/ptolemy/actor/lib/test/auto/Distributor.xml
2 ms. Memory: 879616K Free: 279471K (32%)
----------------- Invoking toplevel() on ptolemy.moml.MoMLSimpleApplication@7aa329f4
----------------- Done invoking toplevel() on ptolemy.moml.MoMLSimpleApplication@7aa329f4
reloadAllAccessors: .Distributor

===========================================================================================
----------------- testing Fri Mar 01 21:41:41 UTC 2019 /home/travis/build/icyphy/ptII/ptolemy/actor/lib/test/auto/Distributor2.xml
----------------- Instantiating /home/travis/build/icyphy/ptII/ptolemy/actor/lib/test/auto/Distributor2.xml
2 ms. Memory: 879616K Free: 271689K (31%)
----------------- Invoking toplevel() on ptolemy.moml.MoMLSimpleApplication@724d2e39
----------------- Done invoking toplevel() on ptolemy.moml.MoMLSimpleApplication@724d2e39
reloadAllAccessors: .Distributor2

===========================================================================================
----------------- testing Fri Mar 01 21:41:41 UTC 2019 /home/travis/build/icyphy/ptII/ptolemy/actor/lib/test/auto/DownSample.xml
----------------- Instantiating /home/travis/build/icyphy/ptII/ptolemy/actor/lib/test/auto/DownSample.xml
6 ms. Memory: 1365504K Free: 1310891K (96%)
----------------- Invoking toplevel() on ptolemy.moml.MoMLSimpleApplication@4974f0e5
----------------- Done invoking toplevel() on ptolemy.moml.MoMLSimpleApplication@4974f0e5
reloadAllAccessors: .DownSample

===========================================================================================
----------------- testing Fri Mar 01 21:41:42 UTC 2019 /home/travis/build/icyphy/ptII/ptolemy/actor/lib/test/auto/ElectronicUnitBase1.xml
----------------- Instantiating /home/travis/build/icyphy/ptII/ptolemy/actor/lib/test/auto/ElectronicUnitBase1.xml
17 ms. Memory: 1365504K Free: 1276616K (93%)
----------------- Invoking toplevel() on ptolemy.moml.MoMLSimpleApplication@37ca277
----------------- Done invoking toplevel() on ptolemy.moml.MoMLSimpleApplication@37ca277
reloadAllAccessors: .ElectronicUnitBase1

===========================================================================================
----------------- testing Fri Mar 01 21:41:42 UTC 2019 /home/travis/build/icyphy/ptII/ptolemy/actor/lib/test/auto/ElementsToArray.xml
----------------- Instantiating /home/travis/build/icyphy/ptII/ptolemy/actor/lib/test/auto/ElementsToArray.xml
2 ms. Memory: 1365504K Free: 1264164K (93%)
----------------- Invoking toplevel() on ptolemy.moml.MoMLSimpleApplication@c420c18
----------------- Done invoking toplevel() on ptolemy.moml.MoMLSimpleApplication@c420c18
reloadAllAccessors: .ElementsToArray

===========================================================================================
----------------- testing Fri Mar 01 21:41:42 UTC 2019 /home/travis/build/icyphy/ptII/ptolemy/actor/lib/test/auto/Equals.xml
----------------- Instantiating /home/travis/build/icyphy/ptII/ptolemy/actor/lib/test/auto/Equals.xml
1 ms. Memory: 1365504K Free: 1251712K (92%)
----------------- Invoking toplevel() on ptolemy.moml.MoMLSimpleApplication@175adb67
----------------- Done invoking toplevel() on ptolemy.moml.MoMLSimpleApplication@175adb67
reloadAllAccessors: .Equals

===========================================================================================
----------------- testing Fri Mar 01 21:41:42 UTC 2019 /home/travis/build/icyphy/ptII/ptolemy/actor/lib/test/auto/Exec.xml
----------------- Instantiating /home/travis/build/icyphy/ptII/ptolemy/actor/lib/test/auto/Exec.xml
13 ms. Memory: 1365504K Free: 1211227K (89%)
----------------- Invoking toplevel() on ptolemy.moml.MoMLSimpleApplication@50685911
----------------- Done invoking toplevel() on ptolemy.moml.MoMLSimpleApplication@50685911
reloadAllAccessors: .Exec

===========================================================================================
----------------- testing Fri Mar 01 21:41:42 UTC 2019 /home/travis/build/icyphy/ptII/ptolemy/actor/lib/test/auto/ExecEnvironment.xml
----------------- Instantiating /home/travis/build/icyphy/ptII/ptolemy/actor/lib/test/auto/ExecEnvironment.xml
23 ms. Memory: 1365504K Free: 1198775K (88%)
----------------- Invoking toplevel() on ptolemy.moml.MoMLSimpleApplication@659c1915
----------------- Done invoking toplevel() on ptolemy.moml.MoMLSimpleApplication@659c1915
reloadAllAccessors: .ExecEnvironment

===========================================================================================
----------------- testing Fri Mar 01 21:41:42 UTC 2019 /home/travis/build/icyphy/ptII/ptolemy/actor/lib/test/auto/ExecNonZeroReturnOutput.xml
----------------- Instantiating /home/travis/build/icyphy/ptII/ptolemy/actor/lib/test/auto/ExecNonZeroReturnOutput.xml
126 ms. Memory: 1365504K Free: 1105386K (81%)
----------------- Invoking toplevel() on ptolemy.moml.MoMLSimpleApplication@2d3cacb9
----------------- Done invoking toplevel() on ptolemy.moml.MoMLSimpleApplication@2d3cacb9
reloadAllAccessors: .ExecNonZeroReturnOutput

===========================================================================================
----------------- testing Fri Mar 01 21:41:42 UTC 2019 /home/travis/build/icyphy/ptII/ptolemy/actor/lib/test/auto/ExecRunDemos.xml
----------------- Instantiating /home/travis/build/icyphy/ptII/ptolemy/actor/lib/test/auto/ExecRunDemos.xml
Finished: 35 ms. Memory: 116224K Free: 100560K (87%)

Finished: 45 ms. Memory: 116224K Free: 97676K (84%)

Finished: 69 ms. Memory: 116224K Free: 98219K (85%)

Finished: 38 ms. Memory: 116224K Free: 99544K (86%)

Finished: 42 ms. Memory: 116224K Free: 100576K (87%)

9227 ms. Memory: 1365504K Free: 1018036K (75%)
----------------- Invoking toplevel() on ptolemy.moml.MoMLSimpleApplication@75c9b483
----------------- Done invoking toplevel() on ptolemy.moml.MoMLSimpleApplication@75c9b483
reloadAllAccessors: .ExecRunDemos

===========================================================================================
----------------- testing Fri Mar 01 21:41:52 UTC 2019 /home/travis/build/icyphy/ptII/ptolemy/actor/lib/test/auto/ExecStop.xml
----------------- Instantiating /home/travis/build/icyphy/ptII/ptolemy/actor/lib/test/auto/ExecStop.xml
5014 ms. Memory: 1365504K Free: 809450K (59%)
----------------- Invoking toplevel() on ptolemy.moml.MoMLSimpleApplication@6fbadc2b
----------------- Done invoking toplevel() on ptolemy.moml.MoMLSimpleApplication@6fbadc2b
reloadAllAccessors: .ExecStop

===========================================================================================
----------------- testing Fri Mar 01 21:41:57 UTC 2019 /home/travis/build/icyphy/ptII/ptolemy/actor/lib/test/auto/ExecutionTimeSDF.xml
----------------- Instantiating /home/travis/build/icyphy/ptII/ptolemy/actor/lib/test/auto/ExecutionTimeSDF.xml
Fired ExecutionTime: 1957200000
Fired ExecutionTime: 994800000
Fired ExecutionTime: -1669767296
6004 ms. Memory: 1365504K Free: 790756K (58%)
----------------- Invoking toplevel() on ptolemy.moml.MoMLSimpleApplication@60f1ff2e
----------------- Done invoking toplevel() on ptolemy.moml.MoMLSimpleApplication@60f1ff2e
reloadAllAccessors: .ExecutionTimeSDF

===========================================================================================
----------------- testing Fri Mar 01 21:42:03 UTC 2019 /home/travis/build/icyphy/ptII/ptolemy/actor/lib/test/auto/Expression1.xml
----------------- Instantiating /home/travis/build/icyphy/ptII/ptolemy/actor/lib/test/auto/Expression1.xml
2 ms. Memory: 1365504K Free: 778304K (57%)
----------------- Invoking toplevel() on ptolemy.moml.MoMLSimpleApplication@5776162f
----------------- Done invoking toplevel() on ptolemy.moml.MoMLSimpleApplication@5776162f
reloadAllAccessors: .Expression1

===========================================================================================
----------------- testing Fri Mar 01 21:42:03 UTC 2019 /home/travis/build/icyphy/ptII/ptolemy/actor/lib/test/auto/Expression10.xml
----------------- Instantiating /home/travis/build/icyphy/ptII/ptolemy/actor/lib/test/auto/Expression10.xml
5 ms. Memory: 1365504K Free: 765852K (56%)
----------------- Invoking toplevel() on ptolemy.moml.MoMLSimpleApplication@10114730
----------------- Done invoking toplevel() on ptolemy.moml.MoMLSimpleApplication@10114730
reloadAllAccessors: .Expression10

===========================================================================================
----------------- testing Fri Mar 01 21:42:03 UTC 2019 /home/travis/build/icyphy/ptII/ptolemy/actor/lib/test/auto/Expression11.xml
----------------- Instantiating /home/travis/build/icyphy/ptII/ptolemy/actor/lib/test/auto/Expression11.xml
2 ms. Memory: 1365504K Free: 753401K (55%)
----------------- Invoking toplevel() on ptolemy.moml.MoMLSimpleApplication@57be51eb
----------------- Done invoking toplevel() on ptolemy.moml.MoMLSimpleApplication@57be51eb
reloadAllAccessors: .Expression11

===========================================================================================
----------------- testing Fri Mar 01 21:42:03 UTC 2019 /home/travis/build/icyphy/ptII/ptolemy/actor/lib/test/auto/Expression12.xml
----------------- Instantiating /home/travis/build/icyphy/ptII/ptolemy/actor/lib/test/auto/Expression12.xml
3 ms. Memory: 1365504K Free: 731593K (54%)
----------------- Invoking toplevel() on ptolemy.moml.MoMLSimpleApplication@660b6f01
----------------- Done invoking toplevel() on ptolemy.moml.MoMLSimpleApplication@660b6f01
reloadAllAccessors: .Expression12

===========================================================================================
----------------- testing Fri Mar 01 21:42:03 UTC 2019 /home/travis/build/icyphy/ptII/ptolemy/actor/lib/test/auto/Expression13.xml
----------------- Instantiating /home/travis/build/icyphy/ptII/ptolemy/actor/lib/test/auto/Expression13.xml
3 ms. Memory: 1365504K Free: 719141K (53%)
----------------- Invoking toplevel() on ptolemy.moml.MoMLSimpleApplication@6acbf2e7
----------------- Done invoking toplevel() on ptolemy.moml.MoMLSimpleApplication@6acbf2e7
reloadAllAccessors: .Expression13

===========================================================================================
----------------- testing Fri Mar 01 21:42:03 UTC 2019 /home/travis/build/icyphy/ptII/ptolemy/actor/lib/test/auto/Expression14.xml
----------------- Instantiating /home/travis/build/icyphy/ptII/ptolemy/actor/lib/test/auto/Expression14.xml
4 ms. Memory: 1365504K Free: 706689K (52%)
----------------- Invoking toplevel() on ptolemy.moml.MoMLSimpleApplication@4baa76e8
----------------- Done invoking toplevel() on ptolemy.moml.MoMLSimpleApplication@4baa76e8
reloadAllAccessors: .Expression14

===========================================================================================
----------------- testing Fri Mar 01 21:42:03 UTC 2019 /home/travis/build/icyphy/ptII/ptolemy/actor/lib/test/auto/Expression15.xml
----------------- Instantiating /home/travis/build/icyphy/ptII/ptolemy/actor/lib/test/auto/Expression15.xml
1 ms. Memory: 1365504K Free: 694238K (51%)
----------------- Invoking toplevel() on ptolemy.moml.MoMLSimpleApplication@5bb11562
----------------- Done invoking toplevel() on ptolemy.moml.MoMLSimpleApplication@5bb11562
reloadAllAccessors: .Expression15

===========================================================================================
----------------- testing Fri Mar 01 21:42:03 UTC 2019 /home/travis/build/icyphy/ptII/ptolemy/actor/lib/test/auto/Expression16.xml
----------------- Instantiating /home/travis/build/icyphy/ptII/ptolemy/actor/lib/test/auto/Expression16.xml
2 ms. Memory: 1365504K Free: 672430K (49%)
----------------- Invoking toplevel() on ptolemy.moml.MoMLSimpleApplication@657c7758
----------------- Done invoking toplevel() on ptolemy.moml.MoMLSimpleApplication@657c7758
reloadAllAccessors: .Expression16

===========================================================================================
----------------- testing Fri Mar 01 21:42:03 UTC 2019 /home/travis/build/icyphy/ptII/ptolemy/actor/lib/test/auto/Expression17.xml
----------------- Instantiating /home/travis/build/icyphy/ptII/ptolemy/actor/lib/test/auto/Expression17.xml
4 ms. Memory: 1365504K Free: 659978K (48%)
----------------- Invoking toplevel() on ptolemy.moml.MoMLSimpleApplication@23050dba
----------------- Done invoking toplevel() on ptolemy.moml.MoMLSimpleApplication@23050dba
reloadAllAccessors: .Expression17

===========================================================================================
----------------- testing Fri Mar 01 21:42:03 UTC 2019 /home/travis/build/icyphy/ptII/ptolemy/actor/lib/test/auto/Expression18.xml
----------------- Instantiating /home/travis/build/icyphy/ptII/ptolemy/actor/lib/test/auto/Expression18.xml
1 ms. Memory: 1365504K Free: 647527K (47%)
----------------- Invoking toplevel() on ptolemy.moml.MoMLSimpleApplication@12022b22
----------------- Done invoking toplevel() on ptolemy.moml.MoMLSimpleApplication@12022b22
reloadAllAccessors: .Expression18

===========================================================================================
----------------- testing Fri Mar 01 21:42:03 UTC 2019 /home/travis/build/icyphy/ptII/ptolemy/actor/lib/test/auto/Expression2.xml
----------------- Instantiating /home/travis/build/icyphy/ptII/ptolemy/actor/lib/test/auto/Expression2.xml
3 ms. Memory: 1365504K Free: 635075K (47%)
----------------- Invoking toplevel() on ptolemy.moml.MoMLSimpleApplication@2517c4be
----------------- Done invoking toplevel() on ptolemy.moml.MoMLSimpleApplication@2517c4be
reloadAllAccessors: .Expression2

===========================================================================================
----------------- testing Fri Mar 01 21:42:03 UTC 2019 /home/travis/build/icyphy/ptII/ptolemy/actor/lib/test/auto/Expression3.xml
----------------- Instantiating /home/travis/build/icyphy/ptII/ptolemy/actor/lib/test/auto/Expression3.xml
3 ms. Memory: 1365504K Free: 613268K (45%)
----------------- Invoking toplevel() on ptolemy.moml.MoMLSimpleApplication@7e0494f5
----------------- Done invoking toplevel() on ptolemy.moml.MoMLSimpleApplication@7e0494f5
reloadAllAccessors: .Expression3

===========================================================================================
----------------- testing Fri Mar 01 21:42:03 UTC 2019 /home/travis/build/icyphy/ptII/ptolemy/actor/lib/test/auto/Expression4.xml
----------------- Instantiating /home/travis/build/icyphy/ptII/ptolemy/actor/lib/test/auto/Expression4.xml
3 ms. Memory: 1365504K Free: 600816K (44%)
----------------- Invoking toplevel() on ptolemy.moml.MoMLSimpleApplication@1ba9ca40
----------------- Done invoking toplevel() on ptolemy.moml.MoMLSimpleApplication@1ba9ca40
reloadAllAccessors: .Expression4

===========================================================================================
----------------- testing Fri Mar 01 21:42:03 UTC 2019 /home/travis/build/icyphy/ptII/ptolemy/actor/lib/test/auto/Expression5.xml
----------------- Instantiating /home/travis/build/icyphy/ptII/ptolemy/actor/lib/test/auto/Expression5.xml
5 ms. Memory: 1365504K Free: 588364K (43%)
----------------- Invoking toplevel() on ptolemy.moml.MoMLSimpleApplication@169383ed
----------------- Done invoking toplevel() on ptolemy.moml.MoMLSimpleApplication@169383ed
reloadAllAccessors: .Expression5

===========================================================================================
----------------- testing Fri Mar 01 21:42:03 UTC 2019 /home/travis/build/icyphy/ptII/ptolemy/actor/lib/test/auto/Expression6.xml
----------------- Instantiating /home/travis/build/icyphy/ptII/ptolemy/actor/lib/test/auto/Expression6.xml
2 ms. Memory: 1365504K Free: 575912K (42%)
----------------- Invoking toplevel() on ptolemy.moml.MoMLSimpleApplication@7ef2da61
----------------- Done invoking toplevel() on ptolemy.moml.MoMLSimpleApplication@7ef2da61
reloadAllAccessors: .Expression6

===========================================================================================
----------------- testing Fri Mar 01 21:42:03 UTC 2019 /home/travis/build/icyphy/ptII/ptolemy/actor/lib/test/auto/Expression7.xml
----------------- Instantiating /home/travis/build/icyphy/ptII/ptolemy/actor/lib/test/auto/Expression7.xml
2 ms. Memory: 1365504K Free: 554105K (41%)
----------------- Invoking toplevel() on ptolemy.moml.MoMLSimpleApplication@46f21dc5
----------------- Done invoking toplevel() on ptolemy.moml.MoMLSimpleApplication@46f21dc5
reloadAllAccessors: .Expression7

===========================================================================================
----------------- testing Fri Mar 01 21:42:03 UTC 2019 /home/travis/build/icyphy/ptII/ptolemy/actor/lib/test/auto/Expression8.xml
----------------- Instantiating /home/travis/build/icyphy/ptII/ptolemy/actor/lib/test/auto/Expression8.xml
4 ms. Memory: 1365504K Free: 541653K (40%)
----------------- Invoking toplevel() on ptolemy.moml.MoMLSimpleApplication@23388db5
----------------- Done invoking toplevel() on ptolemy.moml.MoMLSimpleApplication@23388db5
reloadAllAccessors: .Expression8

===========================================================================================
----------------- testing Fri Mar 01 21:42:03 UTC 2019 /home/travis/build/icyphy/ptII/ptolemy/actor/lib/test/auto/Expression9.xml
----------------- Instantiating /home/travis/build/icyphy/ptII/ptolemy/actor/lib/test/auto/Expression9.xml
3 ms. Memory: 1365504K Free: 529201K (39%)
----------------- Invoking toplevel() on ptolemy.moml.MoMLSimpleApplication@41b9fd65
----------------- Done invoking toplevel() on ptolemy.moml.MoMLSimpleApplication@41b9fd65
reloadAllAccessors: .Expression9

===========================================================================================
----------------- testing Fri Mar 01 21:42:03 UTC 2019 /home/travis/build/icyphy/ptII/ptolemy/actor/lib/test/auto/ExpressionConcatenateArrayType.xml
----------------- Instantiating /home/travis/build/icyphy/ptII/ptolemy/actor/lib/test/auto/ExpressionConcatenateArrayType.xml
3 ms. Memory: 1365504K Free: 516749K (38%)
----------------- Invoking toplevel() on ptolemy.moml.MoMLSimpleApplication@75a30e5a
----------------- Done invoking toplevel() on ptolemy.moml.MoMLSimpleApplication@75a30e5a
reloadAllAccessors: .ExpressionConcatenateArrayType

===========================================================================================
----------------- testing Fri Mar 01 21:42:03 UTC 2019 /home/travis/build/icyphy/ptII/ptolemy/actor/lib/test/auto/ExpressionConcatenateArrayType2.xml
----------------- Instantiating /home/travis/build/icyphy/ptII/ptolemy/actor/lib/test/auto/ExpressionConcatenateArrayType2.xml
2 ms. Memory: 1365504K Free: 494942K (36%)
----------------- Invoking toplevel() on ptolemy.moml.MoMLSimpleApplication@6008f1c7
----------------- Done invoking toplevel() on ptolemy.moml.MoMLSimpleApplication@6008f1c7
reloadAllAccessors: .ExpressionConcatenateArrayType2

===========================================================================================
----------------- testing Fri Mar 01 21:42:03 UTC 2019 /home/travis/build/icyphy/ptII/ptolemy/actor/lib/test/auto/ExpressionFix.xml
----------------- Instantiating /home/travis/build/icyphy/ptII/ptolemy/actor/lib/test/auto/ExpressionFix.xml
9 ms. Memory: 1365504K Free: 482490K (35%)
----------------- Invoking toplevel() on ptolemy.moml.MoMLSimpleApplication@2506505e
----------------- Done invoking toplevel() on ptolemy.moml.MoMLSimpleApplication@2506505e
reloadAllAccessors: .ExpressionFix

===========================================================================================
----------------- testing Fri Mar 01 21:42:03 UTC 2019 /home/travis/build/icyphy/ptII/ptolemy/actor/lib/test/auto/ExpressionFix2.xml
----------------- Instantiating /home/travis/build/icyphy/ptII/ptolemy/actor/lib/test/auto/ExpressionFix2.xml
3 ms. Memory: 1365504K Free: 470038K (34%)
----------------- Invoking toplevel() on ptolemy.moml.MoMLSimpleApplication@4678ceeb
----------------- Done invoking toplevel() on ptolemy.moml.MoMLSimpleApplication@4678ceeb
reloadAllAccessors: .ExpressionFix2

===========================================================================================
----------------- testing Fri Mar 01 21:42:03 UTC 2019 /home/travis/build/icyphy/ptII/ptolemy/actor/lib/test/auto/ExpressionFix3.xml
----------------- Instantiating /home/travis/build/icyphy/ptII/ptolemy/actor/lib/test/auto/ExpressionFix3.xml
3 ms. Memory: 1365504K Free: 457586K (34%)
----------------- Invoking toplevel() on ptolemy.moml.MoMLSimpleApplication@46470b7c
----------------- Done invoking toplevel() on ptolemy.moml.MoMLSimpleApplication@46470b7c
reloadAllAccessors: .ExpressionFix3

===========================================================================================
----------------- testing Fri Mar 01 21:42:03 UTC 2019 /home/travis/build/icyphy/ptII/ptolemy/actor/lib/test/auto/FileWriter1.xml
----------------- Instantiating /home/travis/build/icyphy/ptII/ptolemy/actor/lib/test/auto/FileWriter1.xml
3 ms. Memory: 1365504K Free: 435779K (32%)
----------------- Invoking toplevel() on ptolemy.moml.MoMLSimpleApplication@57e0c2a7
----------------- Done invoking toplevel() on ptolemy.moml.MoMLSimpleApplication@57e0c2a7
reloadAllAccessors: .FileWriter1

===========================================================================================
----------------- testing Fri Mar 01 21:42:03 UTC 2019 /home/travis/build/icyphy/ptII/ptolemy/actor/lib/test/auto/FileWriter2.xml
----------------- Instantiating /home/travis/build/icyphy/ptII/ptolemy/actor/lib/test/auto/FileWriter2.xml
3 ms. Memory: 1365504K Free: 423327K (31%)
----------------- Invoking toplevel() on ptolemy.moml.MoMLSimpleApplication@6aa933ee
----------------- Done invoking toplevel() on ptolemy.moml.MoMLSimpleApplication@6aa933ee
reloadAllAccessors: .FileWriter2

===========================================================================================
----------------- testing Fri Mar 01 21:42:03 UTC 2019 /home/travis/build/icyphy/ptII/ptolemy/actor/lib/test/auto/FileWriter3.xml
----------------- Instantiating /home/travis/build/icyphy/ptII/ptolemy/actor/lib/test/auto/FileWriter3.xml
2 ms. Memory: 1365504K Free: 410875K (30%)
----------------- Invoking toplevel() on ptolemy.moml.MoMLSimpleApplication@325ad9c2
----------------- Done invoking toplevel() on ptolemy.moml.MoMLSimpleApplication@325ad9c2
reloadAllAccessors: .FileWriter3

===========================================================================================
----------------- testing Fri Mar 01 21:42:03 UTC 2019 /home/travis/build/icyphy/ptII/ptolemy/actor/lib/test/auto/Gaussian.xml
----------------- Instantiating /home/travis/build/icyphy/ptII/ptolemy/actor/lib/test/auto/Gaussian.xml
3 ms. Memory: 1365504K Free: 398423K (29%)
----------------- Invoking toplevel() on ptolemy.moml.MoMLSimpleApplication@31dc8c6c
----------------- Done invoking toplevel() on ptolemy.moml.MoMLSimpleApplication@31dc8c6c
reloadAllAccessors: .Gaussian

===========================================================================================
----------------- testing Fri Mar 01 21:42:03 UTC 2019 /home/travis/build/icyphy/ptII/ptolemy/actor/lib/test/auto/Gaussian1.xml
----------------- Instantiating /home/travis/build/icyphy/ptII/ptolemy/actor/lib/test/auto/Gaussian1.xml
2 ms. Memory: 1365504K Free: 376616K (28%)
----------------- Invoking toplevel() on ptolemy.moml.MoMLSimpleApplication@7122931b
----------------- Done invoking toplevel() on ptolemy.moml.MoMLSimpleApplication@7122931b
reloadAllAccessors: .Gaussian1

===========================================================================================
----------------- testing Fri Mar 01 21:42:03 UTC 2019 /home/travis/build/icyphy/ptII/ptolemy/actor/lib/test/auto/Gaussian2.xml
----------------- Instantiating /home/travis/build/icyphy/ptII/ptolemy/actor/lib/test/auto/Gaussian2.xml
2 ms. Memory: 1365504K Free: 364164K (27%)
----------------- Invoking toplevel() on ptolemy.moml.MoMLSimpleApplication@4c14ca8e
----------------- Done invoking toplevel() on ptolemy.moml.MoMLSimpleApplication@4c14ca8e
reloadAllAccessors: .Gaussian2

===========================================================================================
----------------- testing Fri Mar 01 21:42:03 UTC 2019 /home/travis/build/icyphy/ptII/ptolemy/actor/lib/test/auto/GradientAdaptiveLattice.xml
----------------- Instantiating /home/travis/build/icyphy/ptII/ptolemy/actor/lib/test/auto/GradientAdaptiveLattice.xml
3 ms. Memory: 1365504K Free: 351713K (26%)
----------------- Invoking toplevel() on ptolemy.moml.MoMLSimpleApplication@22ffb8b7
----------------- Done invoking toplevel() on ptolemy.moml.MoMLSimpleApplication@22ffb8b7
reloadAllAccessors: .GradientAdaptiveLattice

===========================================================================================
----------------- testing Fri Mar 01 21:42:03 UTC 2019 /home/travis/build/icyphy/ptII/ptolemy/actor/lib/test/auto/IIR.xml
----------------- Instantiating /home/travis/build/icyphy/ptII/ptolemy/actor/lib/test/auto/IIR.xml
2 ms. Memory: 1365504K Free: 339261K (25%)
----------------- Invoking toplevel() on ptolemy.moml.MoMLSimpleApplication@15b4b772
----------------- Done invoking toplevel() on ptolemy.moml.MoMLSimpleApplication@15b4b772
reloadAllAccessors: .IIR

===========================================================================================
----------------- testing Fri Mar 01 21:42:03 UTC 2019 /home/travis/build/icyphy/ptII/ptolemy/actor/lib/test/auto/InputOutputTransparentPorts.xml
----------------- Instantiating /home/travis/build/icyphy/ptII/ptolemy/actor/lib/test/auto/InputOutputTransparentPorts.xml
2 ms. Memory: 1365504K Free: 317453K (23%)
----------------- Invoking toplevel() on ptolemy.moml.MoMLSimpleApplication@3ddefab5
----------------- Done invoking toplevel() on ptolemy.moml.MoMLSimpleApplication@3ddefab5
reloadAllAccessors: .InputOutputTransparentPorts

===========================================================================================
----------------- testing Fri Mar 01 21:42:03 UTC 2019 /home/travis/build/icyphy/ptII/ptolemy/actor/lib/test/auto/Interpolator.xml
----------------- Instantiating /home/travis/build/icyphy/ptII/ptolemy/actor/lib/test/auto/Interpolator.xml
4 ms. Memory: 1365504K Free: 305001K (22%)
----------------- Invoking toplevel() on ptolemy.moml.MoMLSimpleApplication@5fbeb361
----------------- Done invoking toplevel() on ptolemy.moml.MoMLSimpleApplication@5fbeb361
reloadAllAccessors: .Interpolator

===========================================================================================
----------------- testing Fri Mar 01 21:42:03 UTC 2019 /home/travis/build/icyphy/ptII/ptolemy/actor/lib/test/auto/InterpolatorFiringLimitDE.xml
----------------- Instantiating /home/travis/build/icyphy/ptII/ptolemy/actor/lib/test/auto/InterpolatorFiringLimitDE.xml
2 ms. Memory: 1365504K Free: 292550K (21%)
----------------- Invoking toplevel() on ptolemy.moml.MoMLSimpleApplication@37ed41d0
----------------- Done invoking toplevel() on ptolemy.moml.MoMLSimpleApplication@37ed41d0
reloadAllAccessors: .InterpolatorFiringLimitDE

===========================================================================================
----------------- testing Fri Mar 01 21:42:03 UTC 2019 /home/travis/build/icyphy/ptII/ptolemy/actor/lib/test/auto/Lattice.xml
----------------- Instantiating /home/travis/build/icyphy/ptII/ptolemy/actor/lib/test/auto/Lattice.xml
2 ms. Memory: 1365504K Free: 280098K (21%)
----------------- Invoking toplevel() on ptolemy.moml.MoMLSimpleApplication@16c8d01c
----------------- Done invoking toplevel() on ptolemy.moml.MoMLSimpleApplication@16c8d01c
reloadAllAccessors: .Lattice

===========================================================================================
----------------- testing Fri Mar 01 21:42:03 UTC 2019 /home/travis/build/icyphy/ptII/ptolemy/actor/lib/test/auto/LazyAOCTestLazy.xml
----------------- Instantiating /home/travis/build/icyphy/ptII/ptolemy/actor/lib/test/auto/LazyAOCTestLazy.xml
11 ms. Memory: 1365504K Free: 258291K (19%)
----------------- Invoking toplevel() on ptolemy.moml.MoMLSimpleApplication@72c69da
----------------- Done invoking toplevel() on ptolemy.moml.MoMLSimpleApplication@72c69da
reloadAllAccessors: .LazyAOCTestLazy

===========================================================================================
----------------- testing Fri Mar 01 21:42:04 UTC 2019 /home/travis/build/icyphy/ptII/ptolemy/actor/lib/test/auto/LazyAOCTestNonLazy.xml
----------------- Instantiating /home/travis/build/icyphy/ptII/ptolemy/actor/lib/test/auto/LazyAOCTestNonLazy.xml
2 ms. Memory: 1365504K Free: 245839K (18%)
----------------- Invoking toplevel() on ptolemy.moml.MoMLSimpleApplication@2cda6eca
----------------- Done invoking toplevel() on ptolemy.moml.MoMLSimpleApplication@2cda6eca
reloadAllAccessors: .LazyAOCTestNonLazy

===========================================================================================
----------------- testing Fri Mar 01 21:42:04 UTC 2019 /home/travis/build/icyphy/ptII/ptolemy/actor/lib/test/auto/LazyInnerClass.xml
----------------- Instantiating /home/travis/build/icyphy/ptII/ptolemy/actor/lib/test/auto/LazyInnerClass.xml
29 ms. Memory: 1365504K Free: 233387K (17%)
----------------- Invoking toplevel() on ptolemy.moml.MoMLSimpleApplication@32e4f315
----------------- Done invoking toplevel() on ptolemy.moml.MoMLSimpleApplication@32e4f315
reloadAllAccessors: .LazyInnerClass

===========================================================================================
----------------- testing Fri Mar 01 21:42:04 UTC 2019 /home/travis/build/icyphy/ptII/ptolemy/actor/lib/test/auto/LazyPubSub.xml
----------------- Instantiating /home/travis/build/icyphy/ptII/ptolemy/actor/lib/test/auto/LazyPubSub.xml
30 ms. Memory: 1365504K Free: 220935K (16%)
----------------- Invoking toplevel() on ptolemy.moml.MoMLSimpleApplication@19ecf56c
----------------- Done invoking toplevel() on ptolemy.moml.MoMLSimpleApplication@19ecf56c
reloadAllAccessors: .LazyPubSub

===========================================================================================
----------------- testing Fri Mar 01 21:42:04 UTC 2019 /home/travis/build/icyphy/ptII/ptolemy/actor/lib/test/auto/LazyPubSub2.xml
----------------- Instantiating /home/travis/build/icyphy/ptII/ptolemy/actor/lib/test/auto/LazyPubSub2.xml
17 ms. Memory: 1365504K Free: 208483K (15%)
----------------- Invoking toplevel() on ptolemy.moml.MoMLSimpleApplication@422827f5
----------------- Done invoking toplevel() on ptolemy.moml.MoMLSimpleApplication@422827f5
reloadAllAccessors: .LazyPubSub2

===========================================================================================
----------------- testing Fri Mar 01 21:42:04 UTC 2019 /home/travis/build/icyphy/ptII/ptolemy/actor/lib/test/auto/LazyPubSub3.xml
----------------- Instantiating /home/travis/build/icyphy/ptII/ptolemy/actor/lib/test/auto/LazyPubSub3.xml
13 ms. Memory: 1365504K Free: 186676K (14%)
----------------- Invoking toplevel() on ptolemy.moml.MoMLSimpleApplication@2a07ab0d
----------------- Done invoking toplevel() on ptolemy.moml.MoMLSimpleApplication@2a07ab0d
reloadAllAccessors: .LazyPubSub3

===========================================================================================
----------------- testing Fri Mar 01 21:42:04 UTC 2019 /home/travis/build/icyphy/ptII/ptolemy/actor/lib/test/auto/LazySubClassModel.xml
----------------- Instantiating /home/travis/build/icyphy/ptII/ptolemy/actor/lib/test/auto/LazySubClassModel.xml
3 ms. Memory: 1365504K Free: 167990K (12%)
----------------- Invoking toplevel() on ptolemy.moml.MoMLSimpleApplication@a038772
----------------- Done invoking toplevel() on ptolemy.moml.MoMLSimpleApplication@a038772
reloadAllAccessors: .LazySubClassModel

===========================================================================================
----------------- testing Fri Mar 01 21:42:04 UTC 2019 /home/travis/build/icyphy/ptII/ptolemy/actor/lib/test/auto/LevelCrossTest1.xml
----------------- Instantiating /home/travis/build/icyphy/ptII/ptolemy/actor/lib/test/auto/LevelCrossTest1.xml
2 ms. Memory: 1365504K Free: 155538K (11%)
----------------- Invoking toplevel() on ptolemy.moml.MoMLSimpleApplication@71ccfaf3
----------------- Done invoking toplevel() on ptolemy.moml.MoMLSimpleApplication@71ccfaf3
reloadAllAccessors: .broken

===========================================================================================
----------------- testing Fri Mar 01 21:42:04 UTC 2019 /home/travis/build/icyphy/ptII/ptolemy/actor/lib/test/auto/LevelCrossTest10.xml
----------------- Instantiating /home/travis/build/icyphy/ptII/ptolemy/actor/lib/test/auto/LevelCrossTest10.xml
4 ms. Memory: 1365504K Free: 143086K (10%)
----------------- Invoking toplevel() on ptolemy.moml.MoMLSimpleApplication@7c7347ee
----------------- Done invoking toplevel() on ptolemy.moml.MoMLSimpleApplication@7c7347ee
reloadAllAccessors: .LevelCrossTest10

===========================================================================================
----------------- testing Fri Mar 01 21:42:04 UTC 2019 /home/travis/build/icyphy/ptII/ptolemy/actor/lib/test/auto/LevelCrossTest11.xml
----------------- Instantiating /home/travis/build/icyphy/ptII/ptolemy/actor/lib/test/auto/LevelCrossTest11.xml
2 ms. Memory: 1365504K Free: 121279K (9%)
----------------- Invoking toplevel() on ptolemy.moml.MoMLSimpleApplication@20a71695
----------------- Done invoking toplevel() on ptolemy.moml.MoMLSimpleApplication@20a71695
reloadAllAccessors: .LevelCrossTest11

===========================================================================================
----------------- testing Fri Mar 01 21:42:04 UTC 2019 /home/travis/build/icyphy/ptII/ptolemy/actor/lib/test/auto/LevelCrossTest12.xml
----------------- Instantiating /home/travis/build/icyphy/ptII/ptolemy/actor/lib/test/auto/LevelCrossTest12.xml
1 ms. Memory: 1365504K Free: 108827K (8%)
----------------- Invoking toplevel() on ptolemy.moml.MoMLSimpleApplication@4699e4ab
----------------- Done invoking toplevel() on ptolemy.moml.MoMLSimpleApplication@4699e4ab
reloadAllAccessors: .LevelCrossTest12

===========================================================================================
----------------- testing Fri Mar 01 21:42:04 UTC 2019 /home/travis/build/icyphy/ptII/ptolemy/actor/lib/test/auto/LevelCrossTest13.xml
----------------- Instantiating /home/travis/build/icyphy/ptII/ptolemy/actor/lib/test/auto/LevelCrossTest13.xml
1 ms. Memory: 1365504K Free: 96375K (7%)
----------------- Invoking toplevel() on ptolemy.moml.MoMLSimpleApplication@4ec331d6
----------------- Done invoking toplevel() on ptolemy.moml.MoMLSimpleApplication@4ec331d6
reloadAllAccessors: .LevelCrossTest13

===========================================================================================
----------------- testing Fri Mar 01 21:42:04 UTC 2019 /home/travis/build/icyphy/ptII/ptolemy/actor/lib/test/auto/LevelCrossTest2.xml
----------------- Instantiating /home/travis/build/icyphy/ptII/ptolemy/actor/lib/test/auto/LevelCrossTest2.xml
2 ms. Memory: 1365504K Free: 83923K (6%)
----------------- Invoking toplevel() on ptolemy.moml.MoMLSimpleApplication@143d5ecf
----------------- Done invoking toplevel() on ptolemy.moml.MoMLSimpleApplication@143d5ecf
reloadAllAccessors: .broken

===========================================================================================
----------------- testing Fri Mar 01 21:42:04 UTC 2019 /home/travis/build/icyphy/ptII/ptolemy/actor/lib/test/auto/LevelCrossTest3.xml
----------------- Instantiating /home/travis/build/icyphy/ptII/ptolemy/actor/lib/test/auto/LevelCrossTest3.xml
1 ms. Memory: 1365504K Free: 1307756K (96%)
----------------- Invoking toplevel() on ptolemy.moml.MoMLSimpleApplication@d04b7af
----------------- Done invoking toplevel() on ptolemy.moml.MoMLSimpleApplication@d04b7af
reloadAllAccessors: .LevelCrossTest3

===========================================================================================
----------------- testing Fri Mar 01 21:42:04 UTC 2019 /home/travis/build/icyphy/ptII/ptolemy/actor/lib/test/auto/LevelCrossTest4.xml
----------------- Instantiating /home/travis/build/icyphy/ptII/ptolemy/actor/lib/test/auto/LevelCrossTest4.xml
1 ms. Memory: 1365504K Free: 1295304K (95%)
----------------- Invoking toplevel() on ptolemy.moml.MoMLSimpleApplication@2f4d0f3a
----------------- Done invoking toplevel() on ptolemy.moml.MoMLSimpleApplication@2f4d0f3a
reloadAllAccessors: .broken

===========================================================================================
----------------- testing Fri Mar 01 21:42:04 UTC 2019 /home/travis/build/icyphy/ptII/ptolemy/actor/lib/test/auto/LevelCrossTest5.xml
----------------- Instantiating /home/travis/build/icyphy/ptII/ptolemy/actor/lib/test/auto/LevelCrossTest5.xml
1 ms. Memory: 1365504K Free: 1282852K (94%)
----------------- Invoking toplevel() on ptolemy.moml.MoMLSimpleApplication@1776bafc
----------------- Done invoking toplevel() on ptolemy.moml.MoMLSimpleApplication@1776bafc
reloadAllAccessors: .LevelCrossTest5

===========================================================================================
----------------- testing Fri Mar 01 21:42:04 UTC 2019 /home/travis/build/icyphy/ptII/ptolemy/actor/lib/test/auto/LevelCrossTest6.xml
----------------- Instantiating /home/travis/build/icyphy/ptII/ptolemy/actor/lib/test/auto/LevelCrossTest6.xml
2 ms. Memory: 1365504K Free: 1263397K (93%)
----------------- Invoking toplevel() on ptolemy.moml.MoMLSimpleApplication@11b066eb
----------------- Done invoking toplevel() on ptolemy.moml.MoMLSimpleApplication@11b066eb
reloadAllAccessors: .LevelCrossTest6

===========================================================================================
----------------- testing Fri Mar 01 21:42:04 UTC 2019 /home/travis/build/icyphy/ptII/ptolemy/actor/lib/test/auto/LevelCrossTest7.xml
----------------- Instantiating /home/travis/build/icyphy/ptII/ptolemy/actor/lib/test/auto/LevelCrossTest7.xml
1 ms. Memory: 1365504K Free: 1244720K (91%)
----------------- Invoking toplevel() on ptolemy.moml.MoMLSimpleApplication@63869c2d
----------------- Done invoking toplevel() on ptolemy.moml.MoMLSimpleApplication@63869c2d
reloadAllAccessors: .LevelCrossTest7

===========================================================================================
----------------- testing Fri Mar 01 21:42:04 UTC 2019 /home/travis/build/icyphy/ptII/ptolemy/actor/lib/test/auto/LevelCrossTest8.xml
----------------- Instantiating /home/travis/build/icyphy/ptII/ptolemy/actor/lib/test/auto/LevelCrossTest8.xml
1 ms. Memory: 1365504K Free: 1232268K (90%)
----------------- Invoking toplevel() on ptolemy.moml.MoMLSimpleApplication@232b8611
----------------- Done invoking toplevel() on ptolemy.moml.MoMLSimpleApplication@232b8611
reloadAllAccessors: .LevelCrossTest8

===========================================================================================
----------------- testing Fri Mar 01 21:42:04 UTC 2019 /home/travis/build/icyphy/ptII/ptolemy/actor/lib/test/auto/LevelCrossTest9.xml
----------------- Instantiating /home/travis/build/icyphy/ptII/ptolemy/actor/lib/test/auto/LevelCrossTest9.xml
1 ms. Memory: 1365504K Free: 1212813K (89%)
----------------- Invoking toplevel() on ptolemy.moml.MoMLSimpleApplication@59f624fb
----------------- Done invoking toplevel() on ptolemy.moml.MoMLSimpleApplication@59f624fb
reloadAllAccessors: .LevelCrossTest9

===========================================================================================
----------------- testing Fri Mar 01 21:42:04 UTC 2019 /home/travis/build/icyphy/ptII/ptolemy/actor/lib/test/auto/LevinsonDurbin.xml
----------------- Instantiating /home/travis/build/icyphy/ptII/ptolemy/actor/lib/test/auto/LevinsonDurbin.xml
1 ms. Memory: 1365504K Free: 1200361K (88%)
----------------- Invoking toplevel() on ptolemy.moml.MoMLSimpleApplication@3fbabfdf
----------------- Done invoking toplevel() on ptolemy.moml.MoMLSimpleApplication@3fbabfdf
reloadAllAccessors: .LevinsonDurbin

===========================================================================================
----------------- testing Fri Mar 01 21:42:04 UTC 2019 /home/travis/build/icyphy/ptII/ptolemy/actor/lib/test/auto/LevinsonDurbin2.xml
----------------- Instantiating /home/travis/build/icyphy/ptII/ptolemy/actor/lib/test/auto/LevinsonDurbin2.xml
1 ms. Memory: 1365504K Free: 1187909K (87%)
----------------- Invoking toplevel() on ptolemy.moml.MoMLSimpleApplication@22553448
----------------- Done invoking toplevel() on ptolemy.moml.MoMLSimpleApplication@22553448
reloadAllAccessors: .LevinsonDurbin2

===========================================================================================
----------------- testing Fri Mar 01 21:42:04 UTC 2019 /home/travis/build/icyphy/ptII/ptolemy/actor/lib/test/auto/LevinsonDurbin3.xml
----------------- Instantiating /home/travis/build/icyphy/ptII/ptolemy/actor/lib/test/auto/LevinsonDurbin3.xml
4 ms. Memory: 1365504K Free: 1168344K (86%)
----------------- Invoking toplevel() on ptolemy.moml.MoMLSimpleApplication@184eeb33
----------------- Done invoking toplevel() on ptolemy.moml.MoMLSimpleApplication@184eeb33
reloadAllAccessors: .LevinsonDurbin3

===========================================================================================
----------------- testing Fri Mar 01 21:42:04 UTC 2019 /home/travis/build/icyphy/ptII/ptolemy/actor/lib/test/auto/Limiter.xml
----------------- Instantiating /home/travis/build/icyphy/ptII/ptolemy/actor/lib/test/auto/Limiter.xml
6 ms. Memory: 1365504K Free: 1155893K (85%)
----------------- Invoking toplevel() on ptolemy.moml.MoMLSimpleApplication@433acfc8
----------------- Done invoking toplevel() on ptolemy.moml.MoMLSimpleApplication@433acfc8
reloadAllAccessors: .Limiter

===========================================================================================
----------------- testing Fri Mar 01 21:42:04 UTC 2019 /home/travis/build/icyphy/ptII/ptolemy/actor/lib/test/auto/LinearDifferenceEquationSystem.xml
----------------- Instantiating /home/travis/build/icyphy/ptII/ptolemy/actor/lib/test/auto/LinearDifferenceEquationSystem.xml
12 ms. Memory: 1365504K Free: 1143441K (84%)
----------------- Invoking toplevel() on ptolemy.moml.MoMLSimpleApplication@6d6d7797
----------------- Done invoking toplevel() on ptolemy.moml.MoMLSimpleApplication@6d6d7797
reloadAllAccessors: .LinearDifferenceEquationSystem

===========================================================================================
----------------- testing Fri Mar 01 21:42:04 UTC 2019 /home/travis/build/icyphy/ptII/ptolemy/actor/lib/test/auto/LookupTable.xml
----------------- Instantiating /home/travis/build/icyphy/ptII/ptolemy/actor/lib/test/auto/LookupTable.xml
2 ms. Memory: 1365504K Free: 1123985K (82%)
----------------- Invoking toplevel() on ptolemy.moml.MoMLSimpleApplication@71216d80
----------------- Done invoking toplevel() on ptolemy.moml.MoMLSimpleApplication@71216d80
reloadAllAccessors: .LookupTable

===========================================================================================
----------------- testing Fri Mar 01 21:42:04 UTC 2019 /home/travis/build/icyphy/ptII/ptolemy/actor/lib/test/auto/MathFunction.xml
----------------- Instantiating /home/travis/build/icyphy/ptII/ptolemy/actor/lib/test/auto/MathFunction.xml
2 ms. Memory: 1365504K Free: 1111534K (81%)
----------------- Invoking toplevel() on ptolemy.moml.MoMLSimpleApplication@3567585b
----------------- Done invoking toplevel() on ptolemy.moml.MoMLSimpleApplication@3567585b
reloadAllAccessors: .MathFunction

===========================================================================================
----------------- testing Fri Mar 01 21:42:04 UTC 2019 /home/travis/build/icyphy/ptII/ptolemy/actor/lib/test/auto/MathFunction2.xml
----------------- Instantiating /home/travis/build/icyphy/ptII/ptolemy/actor/lib/test/auto/MathFunction2.xml
1 ms. Memory: 1365504K Free: 1099082K (80%)
----------------- Invoking toplevel() on ptolemy.moml.MoMLSimpleApplication@2c50034e
----------------- Done invoking toplevel() on ptolemy.moml.MoMLSimpleApplication@2c50034e
reloadAllAccessors: .MathFunction2

===========================================================================================
----------------- testing Fri Mar 01 21:42:04 UTC 2019 /home/travis/build/icyphy/ptII/ptolemy/actor/lib/test/auto/MathFunction3.xml
----------------- Instantiating /home/travis/build/icyphy/ptII/ptolemy/actor/lib/test/auto/MathFunction3.xml
2 ms. Memory: 1365504K Free: 1079626K (79%)
----------------- Invoking toplevel() on ptolemy.moml.MoMLSimpleApplication@7260dd63
----------------- Done invoking toplevel() on ptolemy.moml.MoMLSimpleApplication@7260dd63
reloadAllAccessors: .MathFunction3

===========================================================================================
----------------- testing Fri Mar 01 21:42:04 UTC 2019 /home/travis/build/icyphy/ptII/ptolemy/actor/lib/test/auto/MatrixCropBoolean.xml
----------------- Instantiating /home/travis/build/icyphy/ptII/ptolemy/actor/lib/test/auto/MatrixCropBoolean.xml
2 ms. Memory: 1365504K Free: 1067175K (78%)
----------------- Invoking toplevel() on ptolemy.moml.MoMLSimpleApplication@52a9f87b
----------------- Done invoking toplevel() on ptolemy.moml.MoMLSimpleApplication@52a9f87b
reloadAllAccessors: .MatrixCropBoolean

===========================================================================================
----------------- testing Fri Mar 01 21:42:04 UTC 2019 /home/travis/build/icyphy/ptII/ptolemy/actor/lib/test/auto/MatrixCropComplex.xml
----------------- Instantiating /home/travis/build/icyphy/ptII/ptolemy/actor/lib/test/auto/MatrixCropComplex.xml
2 ms. Memory: 1365504K Free: 1054723K (77%)
----------------- Invoking toplevel() on ptolemy.moml.MoMLSimpleApplication@612c774f
----------------- Done invoking toplevel() on ptolemy.moml.MoMLSimpleApplication@612c774f
reloadAllAccessors: .MatrixCropComplex

===========================================================================================
----------------- testing Fri Mar 01 21:42:04 UTC 2019 /home/travis/build/icyphy/ptII/ptolemy/actor/lib/test/auto/MatrixCropDouble.xml
----------------- Instantiating /home/travis/build/icyphy/ptII/ptolemy/actor/lib/test/auto/MatrixCropDouble.xml
1 ms. Memory: 1365504K Free: 1035268K (76%)
----------------- Invoking toplevel() on ptolemy.moml.MoMLSimpleApplication@13a2b697
----------------- Done invoking toplevel() on ptolemy.moml.MoMLSimpleApplication@13a2b697
reloadAllAccessors: .MatrixCropDouble

===========================================================================================
----------------- testing Fri Mar 01 21:42:04 UTC 2019 /home/travis/build/icyphy/ptII/ptolemy/actor/lib/test/auto/MatrixCropFix.xml
----------------- Instantiating /home/travis/build/icyphy/ptII/ptolemy/actor/lib/test/auto/MatrixCropFix.xml
1 ms. Memory: 1365504K Free: 1022816K (75%)
----------------- Invoking toplevel() on ptolemy.moml.MoMLSimpleApplication@1df241b3
----------------- Done invoking toplevel() on ptolemy.moml.MoMLSimpleApplication@1df241b3
reloadAllAccessors: .MatrixCropFix

===========================================================================================
----------------- testing Fri Mar 01 21:42:04 UTC 2019 /home/travis/build/icyphy/ptII/ptolemy/actor/lib/test/auto/MatrixCropInt.xml
----------------- Instantiating /home/travis/build/icyphy/ptII/ptolemy/actor/lib/test/auto/MatrixCropInt.xml
4 ms. Memory: 1365504K Free: 1010364K (74%)
----------------- Invoking toplevel() on ptolemy.moml.MoMLSimpleApplication@3eec8c6f
----------------- Done invoking toplevel() on ptolemy.moml.MoMLSimpleApplication@3eec8c6f
reloadAllAccessors: .MatrixCropInt

===========================================================================================
----------------- testing Fri Mar 01 21:42:04 UTC 2019 /home/travis/build/icyphy/ptII/ptolemy/actor/lib/test/auto/MatrixCropLong.xml
----------------- Instantiating /home/travis/build/icyphy/ptII/ptolemy/actor/lib/test/auto/MatrixCropLong.xml
2 ms. Memory: 1365504K Free: 990909K (73%)
----------------- Invoking toplevel() on ptolemy.moml.MoMLSimpleApplication@4df3fd5
----------------- Done invoking toplevel() on ptolemy.moml.MoMLSimpleApplication@4df3fd5
reloadAllAccessors: .MatrixCropLong

===========================================================================================
----------------- testing Fri Mar 01 21:42:04 UTC 2019 /home/travis/build/icyphy/ptII/ptolemy/actor/lib/test/auto/MatrixToArray.xml
----------------- Instantiating /home/travis/build/icyphy/ptII/ptolemy/actor/lib/test/auto/MatrixToArray.xml
5 ms. Memory: 1365504K Free: 965981K (71%)
----------------- Invoking toplevel() on ptolemy.moml.MoMLSimpleApplication@240c54e6
----------------- Done invoking toplevel() on ptolemy.moml.MoMLSimpleApplication@240c54e6
reloadAllAccessors: .MatrixToArray

===========================================================================================
----------------- testing Fri Mar 01 21:42:04 UTC 2019 /home/travis/build/icyphy/ptII/ptolemy/actor/lib/test/auto/MaxIndex.xml
----------------- Instantiating /home/travis/build/icyphy/ptII/ptolemy/actor/lib/test/auto/MaxIndex.xml
2 ms. Memory: 1365504K Free: 953529K (70%)
----------------- Invoking toplevel() on ptolemy.moml.MoMLSimpleApplication@5866abaa
----------------- Done invoking toplevel() on ptolemy.moml.MoMLSimpleApplication@5866abaa
reloadAllAccessors: .MaxIndex

===========================================================================================
----------------- testing Fri Mar 01 21:42:04 UTC 2019 /home/travis/build/icyphy/ptII/ptolemy/actor/lib/test/auto/Maximum.xml
----------------- Instantiating /home/travis/build/icyphy/ptII/ptolemy/actor/lib/test/auto/Maximum.xml
2 ms. Memory: 1365504K Free: 934074K (68%)
----------------- Invoking toplevel() on ptolemy.moml.MoMLSimpleApplication@463ceaef
----------------- Done invoking toplevel() on ptolemy.moml.MoMLSimpleApplication@463ceaef
reloadAllAccessors: .Maximum

===========================================================================================
----------------- testing Fri Mar 01 21:42:04 UTC 2019 /home/travis/build/icyphy/ptII/ptolemy/actor/lib/test/auto/MaximumComplex.xml
----------------- Instantiating /home/travis/build/icyphy/ptII/ptolemy/actor/lib/test/auto/MaximumComplex.xml
2 ms. Memory: 1365504K Free: 921622K (67%)
----------------- Invoking toplevel() on ptolemy.moml.MoMLSimpleApplication@265c238b
----------------- Done invoking toplevel() on ptolemy.moml.MoMLSimpleApplication@265c238b
reloadAllAccessors: .MaximumComplex

===========================================================================================
----------------- testing Fri Mar 01 21:42:04 UTC 2019 /home/travis/build/icyphy/ptII/ptolemy/actor/lib/test/auto/MethodCallTest.xml
----------------- Instantiating /home/travis/build/icyphy/ptII/ptolemy/actor/lib/test/auto/MethodCallTest.xml
2 ms. Memory: 1365504K Free: 909170K (67%)
----------------- Invoking toplevel() on ptolemy.moml.MoMLSimpleApplication@73dd92a1
----------------- Done invoking toplevel() on ptolemy.moml.MoMLSimpleApplication@73dd92a1
reloadAllAccessors: .MethodCallTest

===========================================================================================
----------------- testing Fri Mar 01 21:42:04 UTC 2019 /home/travis/build/icyphy/ptII/ptolemy/actor/lib/test/auto/Minimum.xml
----------------- Instantiating /home/travis/build/icyphy/ptII/ptolemy/actor/lib/test/auto/Minimum.xml
2 ms. Memory: 1365504K Free: 889715K (65%)
----------------- Invoking toplevel() on ptolemy.moml.MoMLSimpleApplication@2dfb4f2
----------------- Done invoking toplevel() on ptolemy.moml.MoMLSimpleApplication@2dfb4f2
reloadAllAccessors: .Minimum

===========================================================================================
----------------- testing Fri Mar 01 21:42:04 UTC 2019 /home/travis/build/icyphy/ptII/ptolemy/actor/lib/test/auto/MinimumComplex.xml
----------------- Instantiating /home/travis/build/icyphy/ptII/ptolemy/actor/lib/test/auto/MinimumComplex.xml
2 ms. Memory: 1365504K Free: 877263K (64%)
----------------- Invoking toplevel() on ptolemy.moml.MoMLSimpleApplication@4e508c59
----------------- Done invoking toplevel() on ptolemy.moml.MoMLSimpleApplication@4e508c59
reloadAllAccessors: .MinimumComplex

===========================================================================================
----------------- testing Fri Mar 01 21:42:05 UTC 2019 /home/travis/build/icyphy/ptII/ptolemy/actor/lib/test/auto/MinimumMultiports.xml
----------------- Instantiating /home/travis/build/icyphy/ptII/ptolemy/actor/lib/test/auto/MinimumMultiports.xml
4 ms. Memory: 1365504K Free: 864811K (63%)
----------------- Invoking toplevel() on ptolemy.moml.MoMLSimpleApplication@8e94c5f
----------------- Done invoking toplevel() on ptolemy.moml.MoMLSimpleApplication@8e94c5f
reloadAllAccessors: .MinimumMultiports

===========================================================================================
----------------- testing Fri Mar 01 21:42:05 UTC 2019 /home/travis/build/icyphy/ptII/ptolemy/actor/lib/test/auto/ModifyDate.xml
----------------- Instantiating /home/travis/build/icyphy/ptII/ptolemy/actor/lib/test/auto/ModifyDate.xml
4 ms. Memory: 1365504K Free: 839114K (61%)
----------------- Invoking toplevel() on ptolemy.moml.MoMLSimpleApplication@e4e5813
----------------- Done invoking toplevel() on ptolemy.moml.MoMLSimpleApplication@e4e5813
reloadAllAccessors: .ModifyDate

===========================================================================================
----------------- testing Fri Mar 01 21:42:05 UTC 2019 /home/travis/build/icyphy/ptII/ptolemy/actor/lib/test/auto/ModifyDate2.xml
----------------- Instantiating /home/travis/build/icyphy/ptII/ptolemy/actor/lib/test/auto/ModifyDate2.xml
2 ms. Memory: 1365504K Free: 820421K (60%)
----------------- Invoking toplevel() on ptolemy.moml.MoMLSimpleApplication@189f485b
----------------- Done invoking toplevel() on ptolemy.moml.MoMLSimpleApplication@189f485b
reloadAllAccessors: .ModifyDate2

===========================================================================================
----------------- testing Fri Mar 01 21:42:05 UTC 2019 /home/travis/build/icyphy/ptII/ptolemy/actor/lib/test/auto/MovingAverage.xml
----------------- Instantiating /home/travis/build/icyphy/ptII/ptolemy/actor/lib/test/auto/MovingAverage.xml
2 ms. Memory: 1365504K Free: 807969K (59%)
----------------- Invoking toplevel() on ptolemy.moml.MoMLSimpleApplication@7ebbcd27
----------------- Done invoking toplevel() on ptolemy.moml.MoMLSimpleApplication@7ebbcd27
reloadAllAccessors: .MovingAverage

===========================================================================================
----------------- testing Fri Mar 01 21:42:05 UTC 2019 /home/travis/build/icyphy/ptII/ptolemy/actor/lib/test/auto/MovingMaximum.xml
----------------- Instantiating /home/travis/build/icyphy/ptII/ptolemy/actor/lib/test/auto/MovingMaximum.xml
1 ms. Memory: 1365504K Free: 788513K (58%)
----------------- Invoking toplevel() on ptolemy.moml.MoMLSimpleApplication@1430b838
----------------- Done invoking toplevel() on ptolemy.moml.MoMLSimpleApplication@1430b838
reloadAllAccessors: .MovingMaximum

===========================================================================================
----------------- testing Fri Mar 01 21:42:05 UTC 2019 /home/travis/build/icyphy/ptII/ptolemy/actor/lib/test/auto/MultipleLinksToSameRelation.xml
----------------- Instantiating /home/travis/build/icyphy/ptII/ptolemy/actor/lib/test/auto/MultipleLinksToSameRelation.xml
2 ms. Memory: 1365504K Free: 776062K (57%)
----------------- Invoking toplevel() on ptolemy.moml.MoMLSimpleApplication@6950ea03
----------------- Done invoking toplevel() on ptolemy.moml.MoMLSimpleApplication@6950ea03
reloadAllAccessors: .MultipleLinksToSameRelation

===========================================================================================
----------------- testing Fri Mar 01 21:42:05 UTC 2019 /home/travis/build/icyphy/ptII/ptolemy/actor/lib/test/auto/MultipleLinksToSameRelationDE.xml
----------------- Instantiating /home/travis/build/icyphy/ptII/ptolemy/actor/lib/test/auto/MultipleLinksToSameRelationDE.xml
2 ms. Memory: 1365504K Free: 763610K (56%)
----------------- Invoking toplevel() on ptolemy.moml.MoMLSimpleApplication@18402d5
----------------- Done invoking toplevel() on ptolemy.moml.MoMLSimpleApplication@18402d5
reloadAllAccessors: .MultipleLinksToSameRelationDE

===========================================================================================
----------------- testing Fri Mar 01 21:42:05 UTC 2019 /home/travis/build/icyphy/ptII/ptolemy/actor/lib/test/auto/Multiplexor.xml
----------------- Instantiating /home/travis/build/icyphy/ptII/ptolemy/actor/lib/test/auto/Multiplexor.xml
2 ms. Memory: 1365504K Free: 744154K (54%)
----------------- Invoking toplevel() on ptolemy.moml.MoMLSimpleApplication@6be2b053
----------------- Done invoking toplevel() on ptolemy.moml.MoMLSimpleApplication@6be2b053
reloadAllAccessors: .Multiplexor

===========================================================================================
----------------- testing Fri Mar 01 21:42:05 UTC 2019 /home/travis/build/icyphy/ptII/ptolemy/actor/lib/test/auto/Multiplexor1.xml
----------------- Instantiating /home/travis/build/icyphy/ptII/ptolemy/actor/lib/test/auto/Multiplexor1.xml
2 ms. Memory: 1365504K Free: 731702K (54%)
----------------- Invoking toplevel() on ptolemy.moml.MoMLSimpleApplication@11f82181
----------------- Done invoking toplevel() on ptolemy.moml.MoMLSimpleApplication@11f82181
reloadAllAccessors: .Multiplexor1

===========================================================================================
----------------- testing Fri Mar 01 21:42:05 UTC 2019 /home/travis/build/icyphy/ptII/ptolemy/actor/lib/test/auto/Multiplexor2.xml
----------------- Instantiating /home/travis/build/icyphy/ptII/ptolemy/actor/lib/test/auto/Multiplexor2.xml
3 ms. Memory: 1365504K Free: 719251K (53%)
----------------- Invoking toplevel() on ptolemy.moml.MoMLSimpleApplication@56abebac
----------------- Done invoking toplevel() on ptolemy.moml.MoMLSimpleApplication@56abebac
reloadAllAccessors: .Multiplexor2

===========================================================================================
----------------- testing Fri Mar 01 21:42:05 UTC 2019 /home/travis/build/icyphy/ptII/ptolemy/actor/lib/test/auto/Multiplexor3.xml
----------------- Instantiating /home/travis/build/icyphy/ptII/ptolemy/actor/lib/test/auto/Multiplexor3.xml
1 ms. Memory: 1365504K Free: 699796K (51%)
----------------- Invoking toplevel() on ptolemy.moml.MoMLSimpleApplication@11899136
----------------- Done invoking toplevel() on ptolemy.moml.MoMLSimpleApplication@11899136
reloadAllAccessors: .Multiplexor3

===========================================================================================
----------------- testing Fri Mar 01 21:42:05 UTC 2019 /home/travis/build/icyphy/ptII/ptolemy/actor/lib/test/auto/MultiplexorDE.xml
----------------- Instantiating /home/travis/build/icyphy/ptII/ptolemy/actor/lib/test/auto/MultiplexorDE.xml
2 ms. Memory: 1365504K Free: 687344K (50%)
----------------- Invoking toplevel() on ptolemy.moml.MoMLSimpleApplication@3752cdde
----------------- Done invoking toplevel() on ptolemy.moml.MoMLSimpleApplication@3752cdde
reloadAllAccessors: .MultiplexorDE

===========================================================================================
----------------- testing Fri Mar 01 21:42:05 UTC 2019 /home/travis/build/icyphy/ptII/ptolemy/actor/lib/test/auto/MultiportBroadcastTest.xml
----------------- Instantiating /home/travis/build/icyphy/ptII/ptolemy/actor/lib/test/auto/MultiportBroadcastTest.xml
67 ms. Memory: 1365504K Free: 674892K (49%)
----------------- Invoking toplevel() on ptolemy.moml.MoMLSimpleApplication@e7e88a4
----------------- Done invoking toplevel() on ptolemy.moml.MoMLSimpleApplication@e7e88a4
reloadAllAccessors: .MultiportBroadcastTest

===========================================================================================
----------------- testing Fri Mar 01 21:42:05 UTC 2019 /home/travis/build/icyphy/ptII/ptolemy/actor/lib/test/auto/MultiportOutHangDuringGetWidth.xml
----------------- Instantiating /home/travis/build/icyphy/ptII/ptolemy/actor/lib/test/auto/MultiportOutHangDuringGetWidth.xml
13 ms. Memory: 1365504K Free: 649211K (48%)
----------------- Invoking toplevel() on ptolemy.moml.MoMLSimpleApplication@7c7e6e2c
----------------- Done invoking toplevel() on ptolemy.moml.MoMLSimpleApplication@7c7e6e2c
reloadAllAccessors: .MultiportOutHangDuringGetWidth

===========================================================================================
----------------- testing Fri Mar 01 21:42:05 UTC 2019 /home/travis/build/icyphy/ptII/ptolemy/actor/lib/test/auto/NilToken.xml
----------------- Instantiating /home/travis/build/icyphy/ptII/ptolemy/actor/lib/test/auto/NilToken.xml
2 ms. Memory: 1365504K Free: 636759K (47%)
----------------- Invoking toplevel() on ptolemy.moml.MoMLSimpleApplication@46de3b46
----------------- Done invoking toplevel() on ptolemy.moml.MoMLSimpleApplication@46de3b46
reloadAllAccessors: .NilToken

===========================================================================================
----------------- testing Fri Mar 01 21:42:05 UTC 2019 /home/travis/build/icyphy/ptII/ptolemy/actor/lib/test/auto/NilTokenNonStrictTest.xml
----------------- Instantiating /home/travis/build/icyphy/ptII/ptolemy/actor/lib/test/auto/NilTokenNonStrictTest.xml
2 ms. Memory: 1365504K Free: 624307K (46%)
----------------- Invoking toplevel() on ptolemy.moml.MoMLSimpleApplication@6e946f71
----------------- Done invoking toplevel() on ptolemy.moml.MoMLSimpleApplication@6e946f71
reloadAllAccessors: .NilTokenNonStrictTest

===========================================================================================
----------------- testing Fri Mar 01 21:42:05 UTC 2019 /home/travis/build/icyphy/ptII/ptolemy/actor/lib/test/auto/NilTokenRecord.xml
----------------- Instantiating /home/travis/build/icyphy/ptII/ptolemy/actor/lib/test/auto/NilTokenRecord.xml
6 ms. Memory: 1365504K Free: 604852K (44%)
----------------- Invoking toplevel() on ptolemy.moml.MoMLSimpleApplication@2821c79b
----------------- Done invoking toplevel() on ptolemy.moml.MoMLSimpleApplication@2821c79b
reloadAllAccessors: .NilTokenRecord

===========================================================================================
----------------- testing Fri Mar 01 21:42:05 UTC 2019 /home/travis/build/icyphy/ptII/ptolemy/actor/lib/test/auto/NilTokenTypeTest.xml
----------------- Instantiating /home/travis/build/icyphy/ptII/ptolemy/actor/lib/test/auto/NilTokenTypeTest.xml
3 ms. Memory: 1365504K Free: 586158K (43%)
----------------- Invoking toplevel() on ptolemy.moml.MoMLSimpleApplication@16d199cf
----------------- Done invoking toplevel() on ptolemy.moml.MoMLSimpleApplication@16d199cf
reloadAllAccessors: .NilTokenTypeTest

===========================================================================================
----------------- testing Fri Mar 01 21:42:05 UTC 2019 /home/travis/build/icyphy/ptII/ptolemy/actor/lib/test/auto/ObjectToken1.xml
----------------- Instantiating /home/travis/build/icyphy/ptII/ptolemy/actor/lib/test/auto/ObjectToken1.xml
1 ms. Memory: 1365504K Free: 573706K (42%)
----------------- Invoking toplevel() on ptolemy.moml.MoMLSimpleApplication@74ebbd65
----------------- Done invoking toplevel() on ptolemy.moml.MoMLSimpleApplication@74ebbd65
reloadAllAccessors: .ObjectToken1

===========================================================================================
----------------- testing Fri Mar 01 21:42:05 UTC 2019 /home/travis/build/icyphy/ptII/ptolemy/actor/lib/test/auto/OrderedMerge.xml
----------------- Instantiating /home/travis/build/icyphy/ptII/ptolemy/actor/lib/test/auto/OrderedMerge.xml
12 ms. Memory: 1365504K Free: 529348K (39%)
----------------- Invoking toplevel() on ptolemy.moml.MoMLSimpleApplication@431ad6dd
----------------- Done invoking toplevel() on ptolemy.moml.MoMLSimpleApplication@431ad6dd
reloadAllAccessors: .OrderedMerge

===========================================================================================
----------------- testing Fri Mar 01 21:42:05 UTC 2019 /home/travis/build/icyphy/ptII/ptolemy/actor/lib/test/auto/OrderedRecordDisassembler.xml
----------------- Instantiating /home/travis/build/icyphy/ptII/ptolemy/actor/lib/test/auto/OrderedRecordDisassembler.xml
2 ms. Memory: 1365504K Free: 516896K (38%)
----------------- Invoking toplevel() on ptolemy.moml.MoMLSimpleApplication@5d248a21
----------------- Done invoking toplevel() on ptolemy.moml.MoMLSimpleApplication@5d248a21
reloadAllAccessors: .OrderedRecordDisassembler

===========================================================================================
----------------- testing Fri Mar 01 21:42:05 UTC 2019 /home/travis/build/icyphy/ptII/ptolemy/actor/lib/test/auto/OrderedRecordDisassembler2.xml
----------------- Instantiating /home/travis/build/icyphy/ptII/ptolemy/actor/lib/test/auto/OrderedRecordDisassembler2.xml
4 ms. Memory: 1365504K Free: 504444K (37%)
----------------- Invoking toplevel() on ptolemy.moml.MoMLSimpleApplication@495de91e
----------------- Done invoking toplevel() on ptolemy.moml.MoMLSimpleApplication@495de91e
reloadAllAccessors: .OrderedRecordDisassembler2

===========================================================================================
----------------- testing Fri Mar 01 21:42:05 UTC 2019 /home/travis/build/icyphy/ptII/ptolemy/actor/lib/test/auto/OrderedRecordUpdater.xml
----------------- Instantiating /home/travis/build/icyphy/ptII/ptolemy/actor/lib/test/auto/OrderedRecordUpdater.xml
2 ms. Memory: 1365504K Free: 484989K (36%)
----------------- Invoking toplevel() on ptolemy.moml.MoMLSimpleApplication@6ac8712e
----------------- Done invoking toplevel() on ptolemy.moml.MoMLSimpleApplication@6ac8712e
reloadAllAccessors: .RecordUpdater

===========================================================================================
----------------- testing Fri Mar 01 21:42:05 UTC 2019 /home/travis/build/icyphy/ptII/ptolemy/actor/lib/test/auto/OrderedRecordUpdater2.xml
----------------- Instantiating /home/travis/build/icyphy/ptII/ptolemy/actor/lib/test/auto/OrderedRecordUpdater2.xml
3 ms. Memory: 1365504K Free: 472537K (35%)
----------------- Invoking toplevel() on ptolemy.moml.MoMLSimpleApplication@7a25d186
----------------- Done invoking toplevel() on ptolemy.moml.MoMLSimpleApplication@7a25d186
reloadAllAccessors: .RecordUpdater2

===========================================================================================
----------------- testing Fri Mar 01 21:42:05 UTC 2019 /home/travis/build/icyphy/ptII/ptolemy/actor/lib/test/auto/PhaseUnwrap.xml
----------------- Instantiating /home/travis/build/icyphy/ptII/ptolemy/actor/lib/test/auto/PhaseUnwrap.xml
2 ms. Memory: 1365504K Free: 460085K (34%)
----------------- Invoking toplevel() on ptolemy.moml.MoMLSimpleApplication@5f091d47
----------------- Done invoking toplevel() on ptolemy.moml.MoMLSimpleApplication@5f091d47
reloadAllAccessors: .PhaseUnwrap

===========================================================================================
----------------- testing Fri Mar 01 21:42:05 UTC 2019 /home/travis/build/icyphy/ptII/ptolemy/actor/lib/test/auto/PoissonClock.xml
----------------- Instantiating /home/travis/build/icyphy/ptII/ptolemy/actor/lib/test/auto/PoissonClock.xml
2 ms. Memory: 1365504K Free: 440630K (32%)
----------------- Invoking toplevel() on ptolemy.moml.MoMLSimpleApplication@669341b8
----------------- Done invoking toplevel() on ptolemy.moml.MoMLSimpleApplication@669341b8
reloadAllAccessors: .PoissonClock

===========================================================================================
----------------- testing Fri Mar 01 21:42:05 UTC 2019 /home/travis/build/icyphy/ptII/ptolemy/actor/lib/test/auto/PoissonClock2.xml
----------------- Instantiating /home/travis/build/icyphy/ptII/ptolemy/actor/lib/test/auto/PoissonClock2.xml
1 ms. Memory: 1365504K Free: 428178K (31%)
----------------- Invoking toplevel() on ptolemy.moml.MoMLSimpleApplication@25bd57db
----------------- Done invoking toplevel() on ptolemy.moml.MoMLSimpleApplication@25bd57db
reloadAllAccessors: .PoissonClock2

===========================================================================================
----------------- testing Fri Mar 01 21:42:05 UTC 2019 /home/travis/build/icyphy/ptII/ptolemy/actor/lib/test/auto/PoissonClock3.xml
----------------- Instantiating /home/travis/build/icyphy/ptII/ptolemy/actor/lib/test/auto/PoissonClock3.xml
1 ms. Memory: 1365504K Free: 415726K (30%)
----------------- Invoking toplevel() on ptolemy.moml.MoMLSimpleApplication@506d6050
----------------- Done invoking toplevel() on ptolemy.moml.MoMLSimpleApplication@506d6050
reloadAllAccessors: .PoissonClock3

===========================================================================================
----------------- testing Fri Mar 01 21:42:05 UTC 2019 /home/travis/build/icyphy/ptII/ptolemy/actor/lib/test/auto/PubSubWithInitialTokens.xml
----------------- Instantiating /home/travis/build/icyphy/ptII/ptolemy/actor/lib/test/auto/PubSubWithInitialTokens.xml
2 ms. Memory: 1365504K Free: 396271K (29%)
----------------- Invoking toplevel() on ptolemy.moml.MoMLSimpleApplication@1193dd90
----------------- Done invoking toplevel() on ptolemy.moml.MoMLSimpleApplication@1193dd90
reloadAllAccessors: .PubSubWithInitialTokens

===========================================================================================
----------------- testing Fri Mar 01 21:42:05 UTC 2019 /home/travis/build/icyphy/ptII/ptolemy/actor/lib/test/auto/PubSubWithInitialTokens2.xml
----------------- Instantiating /home/travis/build/icyphy/ptII/ptolemy/actor/lib/test/auto/PubSubWithInitialTokens2.xml
6 ms. Memory: 1365504K Free: 383819K (28%)
----------------- Invoking toplevel() on ptolemy.moml.MoMLSimpleApplication@78fe26d0
----------------- Done invoking toplevel() on ptolemy.moml.MoMLSimpleApplication@78fe26d0
reloadAllAccessors: .PubSubWithInitialTokens2

===========================================================================================
----------------- testing Fri Mar 01 21:42:05 UTC 2019 /home/travis/build/icyphy/ptII/ptolemy/actor/lib/test/auto/PublisherClassNoParameter.xml
----------------- Instantiating /home/travis/build/icyphy/ptII/ptolemy/actor/lib/test/auto/PublisherClassNoParameter.xml
2 ms. Memory: 1365504K Free: 365134K (27%)
----------------- Invoking toplevel() on ptolemy.moml.MoMLSimpleApplication@5b706ec
----------------- Done invoking toplevel() on ptolemy.moml.MoMLSimpleApplication@5b706ec
reloadAllAccessors: .PublisherClassNoParameter

===========================================================================================
----------------- testing Fri Mar 01 21:42:05 UTC 2019 /home/travis/build/icyphy/ptII/ptolemy/actor/lib/test/auto/PublisherClassParameter.xml
----------------- Instantiating /home/travis/build/icyphy/ptII/ptolemy/actor/lib/test/auto/PublisherClassParameter.xml
2 ms. Memory: 1365504K Free: 339453K (25%)
----------------- Invoking toplevel() on ptolemy.moml.MoMLSimpleApplication@628d7852
----------------- Done invoking toplevel() on ptolemy.moml.MoMLSimpleApplication@628d7852
reloadAllAccessors: .PublisherClassParameter

===========================================================================================
----------------- testing Fri Mar 01 21:42:05 UTC 2019 /home/travis/build/icyphy/ptII/ptolemy/actor/lib/test/auto/PublisherNonStrictTest.xml
----------------- Instantiating /home/travis/build/icyphy/ptII/ptolemy/actor/lib/test/auto/PublisherNonStrictTest.xml
3 ms. Memory: 1365504K Free: 327001K (24%)
----------------- Invoking toplevel() on ptolemy.moml.MoMLSimpleApplication@26135c0e
----------------- Done invoking toplevel() on ptolemy.moml.MoMLSimpleApplication@26135c0e
reloadAllAccessors: .PublisherNonStrictTest

===========================================================================================
----------------- testing Fri Mar 01 21:42:05 UTC 2019 /home/travis/build/icyphy/ptII/ptolemy/actor/lib/test/auto/PublisherPort1.xml
----------------- Instantiating /home/travis/build/icyphy/ptII/ptolemy/actor/lib/test/auto/PublisherPort1.xml
9 ms. Memory: 1365504K Free: 314549K (23%)
----------------- Invoking toplevel() on ptolemy.moml.MoMLSimpleApplication@7eea3c7f
----------------- Done invoking toplevel() on ptolemy.moml.MoMLSimpleApplication@7eea3c7f
reloadAllAccessors: .PublisherPort1

===========================================================================================
----------------- testing Fri Mar 01 21:42:05 UTC 2019 /home/travis/build/icyphy/ptII/ptolemy/actor/lib/test/auto/PublisherPort2.xml
----------------- Instantiating /home/travis/build/icyphy/ptII/ptolemy/actor/lib/test/auto/PublisherPort2.xml
2 ms. Memory: 1365504K Free: 295093K (22%)
----------------- Invoking toplevel() on ptolemy.moml.MoMLSimpleApplication@12204a3f
----------------- Done invoking toplevel() on ptolemy.moml.MoMLSimpleApplication@12204a3f
reloadAllAccessors: .PublisherPort2

===========================================================================================
----------------- testing Fri Mar 01 21:42:05 UTC 2019 /home/travis/build/icyphy/ptII/ptolemy/actor/lib/test/auto/PublisherPort3.xml
----------------- Instantiating /home/travis/build/icyphy/ptII/ptolemy/actor/lib/test/auto/PublisherPort3.xml
3 ms. Memory: 1365504K Free: 282642K (21%)
----------------- Invoking toplevel() on ptolemy.moml.MoMLSimpleApplication@1641960b
----------------- Done invoking toplevel() on ptolemy.moml.MoMLSimpleApplication@1641960b
reloadAllAccessors: .PublisherPort3

===========================================================================================
----------------- testing Fri Mar 01 21:42:05 UTC 2019 /home/travis/build/icyphy/ptII/ptolemy/actor/lib/test/auto/PublisherPort4.xml
----------------- Instantiating /home/travis/build/icyphy/ptII/ptolemy/actor/lib/test/auto/PublisherPort4.xml
2 ms. Memory: 1365504K Free: 263186K (19%)
----------------- Invoking toplevel() on ptolemy.moml.MoMLSimpleApplication@710c7cc1
----------------- Done invoking toplevel() on ptolemy.moml.MoMLSimpleApplication@710c7cc1
reloadAllAccessors: .PublisherPort4

===========================================================================================
----------------- testing Fri Mar 01 21:42:05 UTC 2019 /home/travis/build/icyphy/ptII/ptolemy/actor/lib/test/auto/PublisherPort5.xml
----------------- Instantiating /home/travis/build/icyphy/ptII/ptolemy/actor/lib/test/auto/PublisherPort5.xml
3 ms. Memory: 1365504K Free: 250735K (18%)
----------------- Invoking toplevel() on ptolemy.moml.MoMLSimpleApplication@630a71a0
----------------- Done invoking toplevel() on ptolemy.moml.MoMLSimpleApplication@630a71a0
reloadAllAccessors: .PublisherPort5

===========================================================================================
----------------- testing Fri Mar 01 21:42:05 UTC 2019 /home/travis/build/icyphy/ptII/ptolemy/actor/lib/test/auto/PublisherPort5LookAlike.xml
----------------- Instantiating /home/travis/build/icyphy/ptII/ptolemy/actor/lib/test/auto/PublisherPort5LookAlike.xml
7 ms. Memory: 1365504K Free: 238283K (17%)
----------------- Invoking toplevel() on ptolemy.moml.MoMLSimpleApplication@46dda416
----------------- Done invoking toplevel() on ptolemy.moml.MoMLSimpleApplication@46dda416
reloadAllAccessors: .PublisherPort5LookAlike

===========================================================================================
----------------- testing Fri Mar 01 21:42:05 UTC 2019 /home/travis/build/icyphy/ptII/ptolemy/actor/lib/test/auto/PublisherPort6.xml
----------------- Instantiating /home/travis/build/icyphy/ptII/ptolemy/actor/lib/test/auto/PublisherPort6.xml
2 ms. Memory: 1365504K Free: 218828K (16%)
----------------- Invoking toplevel() on ptolemy.moml.MoMLSimpleApplication@526ee5d7
----------------- Done invoking toplevel() on ptolemy.moml.MoMLSimpleApplication@526ee5d7
reloadAllAccessors: .PublisherPort6

===========================================================================================
----------------- testing Fri Mar 01 21:42:05 UTC 2019 /home/travis/build/icyphy/ptII/ptolemy/actor/lib/test/auto/PublisherPort7.xml
----------------- Instantiating /home/travis/build/icyphy/ptII/ptolemy/actor/lib/test/auto/PublisherPort7.xml
3 ms. Memory: 1365504K Free: 206376K (15%)
----------------- Invoking toplevel() on ptolemy.moml.MoMLSimpleApplication@241908c
----------------- Done invoking toplevel() on ptolemy.moml.MoMLSimpleApplication@241908c
reloadAllAccessors: .PublisherPort7

===========================================================================================
----------------- testing Fri Mar 01 21:42:05 UTC 2019 /home/travis/build/icyphy/ptII/ptolemy/actor/lib/test/auto/PublisherPort8.xml
----------------- Instantiating /home/travis/build/icyphy/ptII/ptolemy/actor/lib/test/auto/PublisherPort8.xml
4 ms. Memory: 1365504K Free: 193924K (14%)
----------------- Invoking toplevel() on ptolemy.moml.MoMLSimpleApplication@37e81a12
----------------- Done invoking toplevel() on ptolemy.moml.MoMLSimpleApplication@37e81a12
reloadAllAccessors: .PublisherPort8

===========================================================================================
----------------- testing Fri Mar 01 21:42:05 UTC 2019 /home/travis/build/icyphy/ptII/ptolemy/actor/lib/test/auto/PublisherPortSubscriberChannelVariablesAOC2.xml
----------------- Instantiating /home/travis/build/icyphy/ptII/ptolemy/actor/lib/test/auto/PublisherPortSubscriberChannelVariablesAOC2.xml
3 ms. Memory: 1365504K Free: 162001K (12%)
----------------- Invoking toplevel() on ptolemy.moml.MoMLSimpleApplication@6ef2f0c4
----------------- Done invoking toplevel() on ptolemy.moml.MoMLSimpleApplication@6ef2f0c4
reloadAllAccessors: .PublisherPortSubscriberChannelVariablesAOC2

===========================================================================================
----------------- testing Fri Mar 01 21:42:06 UTC 2019 /home/travis/build/icyphy/ptII/ptolemy/actor/lib/test/auto/PublisherPortSubscriberOpaqueWidthInference.xml
----------------- Instantiating /home/travis/build/icyphy/ptII/ptolemy/actor/lib/test/auto/PublisherPortSubscriberOpaqueWidthInference.xml
3 ms. Memory: 1365504K Free: 149549K (11%)
----------------- Invoking toplevel() on ptolemy.moml.MoMLSimpleApplication@59b3863
----------------- Done invoking toplevel() on ptolemy.moml.MoMLSimpleApplication@59b3863
reloadAllAccessors: .PublisherPortSubscriberOpaqueWidthInference

===========================================================================================
----------------- testing Fri Mar 01 21:42:06 UTC 2019 /home/travis/build/icyphy/ptII/ptolemy/actor/lib/test/auto/PublisherPortSubscriberPortAdjacent.xml
----------------- Instantiating /home/travis/build/icyphy/ptII/ptolemy/actor/lib/test/auto/PublisherPortSubscriberPortAdjacent.xml
2 ms. Memory: 1365504K Free: 137097K (10%)
----------------- Invoking toplevel() on ptolemy.moml.MoMLSimpleApplication@17d35700
----------------- Done invoking toplevel() on ptolemy.moml.MoMLSimpleApplication@17d35700
reloadAllAccessors: .PublisherPortSubscriberPortAdjacent

===========================================================================================
----------------- testing Fri Mar 01 21:42:06 UTC 2019 /home/travis/build/icyphy/ptII/ptolemy/actor/lib/test/auto/PublisherPortSubscriberPortExpression.xml
----------------- Instantiating /home/travis/build/icyphy/ptII/ptolemy/actor/lib/test/auto/PublisherPortSubscriberPortExpression.xml
3 ms. Memory: 1365504K Free: 117642K (9%)
----------------- Invoking toplevel() on ptolemy.moml.MoMLSimpleApplication@4a9c0031
----------------- Done invoking toplevel() on ptolemy.moml.MoMLSimpleApplication@4a9c0031
reloadAllAccessors: .PublisherPortSubscriberPortExpression

===========================================================================================
----------------- testing Fri Mar 01 21:42:06 UTC 2019 /home/travis/build/icyphy/ptII/ptolemy/actor/lib/test/auto/PublisherPortSubscriberPortOpaqueD3Reverse.xml
----------------- Instantiating /home/travis/build/icyphy/ptII/ptolemy/actor/lib/test/auto/PublisherPortSubscriberPortOpaqueD3Reverse.xml
6 ms. Memory: 1365504K Free: 105191K (8%)
----------------- Invoking toplevel() on ptolemy.moml.MoMLSimpleApplication@2977c4f1
----------------- Done invoking toplevel() on ptolemy.moml.MoMLSimpleApplication@2977c4f1
reloadAllAccessors: .PublisherPortSubscriberPortOpaqueD3Reverse

===========================================================================================
----------------- testing Fri Mar 01 21:42:06 UTC 2019 /home/travis/build/icyphy/ptII/ptolemy/actor/lib/test/auto/PublisherPortSubscriberPortOpaqueWidthInference.xml
----------------- Instantiating /home/travis/build/icyphy/ptII/ptolemy/actor/lib/test/auto/PublisherPortSubscriberPortOpaqueWidthInference.xml
5 ms. Memory: 1365504K Free: 92739K (7%)
----------------- Invoking toplevel() on ptolemy.moml.MoMLSimpleApplication@c76fc18
----------------- Done invoking toplevel() on ptolemy.moml.MoMLSimpleApplication@c76fc18
reloadAllAccessors: .PublisherPortSubscriberPortOpaqueWidthInference

===========================================================================================
----------------- testing Fri Mar 01 21:42:06 UTC 2019 /home/travis/build/icyphy/ptII/ptolemy/actor/lib/test/auto/PublisherPortToplevelSubscriberPortAOC.xml
----------------- Instantiating /home/travis/build/icyphy/ptII/ptolemy/actor/lib/test/auto/PublisherPortToplevelSubscriberPortAOC.xml
.PublisherPortToplevelSubscriberPortAOC.TestExceptionAttribute: initialize() was not invoked, but wrapup() was.  This is unusual, but not always a problem.  For example, exporting JNLP will do this.
0 ms. Memory: 1524224K Free: 1472382K (97%)
----------------- Invoking toplevel() on ptolemy.moml.MoMLSimpleApplication@3a8aa9fe
----------------- Done invoking toplevel() on ptolemy.moml.MoMLSimpleApplication@3a8aa9fe
reloadAllAccessors: .PublisherPortToplevelSubscriberPortAOC

===========================================================================================
----------------- testing Fri Mar 01 21:42:06 UTC 2019 /home/travis/build/icyphy/ptII/ptolemy/actor/lib/test/auto/PublisherSubscriber.xml
----------------- Instantiating /home/travis/build/icyphy/ptII/ptolemy/actor/lib/test/auto/PublisherSubscriber.xml
3 ms. Memory: 1524224K Free: 1446753K (95%)
----------------- Invoking toplevel() on ptolemy.moml.MoMLSimpleApplication@6492a117
----------------- Done invoking toplevel() on ptolemy.moml.MoMLSimpleApplication@6492a117
reloadAllAccessors: .PublisherSubscriber

===========================================================================================
----------------- testing Fri Mar 01 21:42:06 UTC 2019 /home/travis/build/icyphy/ptII/ptolemy/actor/lib/test/auto/PublisherSubscriber10.xml
----------------- Instantiating /home/travis/build/icyphy/ptII/ptolemy/actor/lib/test/auto/PublisherSubscriber10.xml
6 ms. Memory: 1524224K Free: 1427782K (94%)
----------------- Invoking toplevel() on ptolemy.moml.MoMLSimpleApplication@2848c7af
----------------- Done invoking toplevel() on ptolemy.moml.MoMLSimpleApplication@2848c7af
reloadAllAccessors: .PublisherSubscriber10

===========================================================================================
----------------- testing Fri Mar 01 21:42:06 UTC 2019 /home/travis/build/icyphy/ptII/ptolemy/actor/lib/test/auto/PublisherSubscriber10InitialOutputs.xml
----------------- Instantiating /home/travis/build/icyphy/ptII/ptolemy/actor/lib/test/auto/PublisherSubscriber10InitialOutputs.xml
13 ms. Memory: 1524224K Free: 1402152K (92%)
----------------- Invoking toplevel() on ptolemy.moml.MoMLSimpleApplication@520a920a
----------------- Done invoking toplevel() on ptolemy.moml.MoMLSimpleApplication@520a920a
reloadAllAccessors: .PublisherSubscriber10InitialOutputs

===========================================================================================
----------------- testing Fri Mar 01 21:42:06 UTC 2019 /home/travis/build/icyphy/ptII/ptolemy/actor/lib/test/auto/PublisherSubscriber11.xml
----------------- Instantiating /home/travis/build/icyphy/ptII/ptolemy/actor/lib/test/auto/PublisherSubscriber11.xml
2 ms. Memory: 1524224K Free: 1383099K (91%)
----------------- Invoking toplevel() on ptolemy.moml.MoMLSimpleApplication@73cbf0bc
----------------- Done invoking toplevel() on ptolemy.moml.MoMLSimpleApplication@73cbf0bc
reloadAllAccessors: .PublisherSubscriber11

===========================================================================================
----------------- testing Fri Mar 01 21:42:06 UTC 2019 /home/travis/build/icyphy/ptII/ptolemy/actor/lib/test/auto/PublisherSubscriber12.xml
----------------- Instantiating /home/travis/build/icyphy/ptII/ptolemy/actor/lib/test/auto/PublisherSubscriber12.xml
2 ms. Memory: 1524224K Free: 1364128K (89%)
----------------- Invoking toplevel() on ptolemy.moml.MoMLSimpleApplication@45045d19
----------------- Done invoking toplevel() on ptolemy.moml.MoMLSimpleApplication@45045d19
reloadAllAccessors: .PublisherSubscriber12

===========================================================================================
----------------- testing Fri Mar 01 21:42:06 UTC 2019 /home/travis/build/icyphy/ptII/ptolemy/actor/lib/test/auto/PublisherSubscriber13.xml
----------------- Instantiating /home/travis/build/icyphy/ptII/ptolemy/actor/lib/test/auto/PublisherSubscriber13.xml
2 ms. Memory: 1524224K Free: 1338499K (88%)
----------------- Invoking toplevel() on ptolemy.moml.MoMLSimpleApplication@6b99815b
----------------- Done invoking toplevel() on ptolemy.moml.MoMLSimpleApplication@6b99815b
reloadAllAccessors: .PublisherSubscriber13

===========================================================================================
----------------- testing Fri Mar 01 21:42:06 UTC 2019 /home/travis/build/icyphy/ptII/ptolemy/actor/lib/test/auto/PublisherSubscriber14.xml
----------------- Instantiating /home/travis/build/icyphy/ptII/ptolemy/actor/lib/test/auto/PublisherSubscriber14.xml
2 ms. Memory: 1524224K Free: 1319527K (87%)
----------------- Invoking toplevel() on ptolemy.moml.MoMLSimpleApplication@39f9f87e
----------------- Done invoking toplevel() on ptolemy.moml.MoMLSimpleApplication@39f9f87e
reloadAllAccessors: .PublisherSubscriber14

===========================================================================================
----------------- testing Fri Mar 01 21:42:06 UTC 2019 /home/travis/build/icyphy/ptII/ptolemy/actor/lib/test/auto/PublisherSubscriber2.xml
----------------- Instantiating /home/travis/build/icyphy/ptII/ptolemy/actor/lib/test/auto/PublisherSubscriber2.xml
2 ms. Memory: 1524224K Free: 1300556K (85%)
----------------- Invoking toplevel() on ptolemy.moml.MoMLSimpleApplication@36e747ef
----------------- Done invoking toplevel() on ptolemy.moml.MoMLSimpleApplication@36e747ef
reloadAllAccessors: .PublisherSubscriber2

===========================================================================================
----------------- testing Fri Mar 01 21:42:06 UTC 2019 /home/travis/build/icyphy/ptII/ptolemy/actor/lib/test/auto/PublisherSubscriber3.xml
----------------- Instantiating /home/travis/build/icyphy/ptII/ptolemy/actor/lib/test/auto/PublisherSubscriber3.xml
2 ms. Memory: 1524224K Free: 1274927K (84%)
----------------- Invoking toplevel() on ptolemy.moml.MoMLSimpleApplication@227f31fb
----------------- Done invoking toplevel() on ptolemy.moml.MoMLSimpleApplication@227f31fb
reloadAllAccessors: .PublisherSubscriber3

===========================================================================================
----------------- testing Fri Mar 01 21:42:06 UTC 2019 /home/travis/build/icyphy/ptII/ptolemy/actor/lib/test/auto/PublisherSubscriber4.xml
----------------- Instantiating /home/travis/build/icyphy/ptII/ptolemy/actor/lib/test/auto/PublisherSubscriber4.xml
1 ms. Memory: 1524224K Free: 1255955K (82%)
----------------- Invoking toplevel() on ptolemy.moml.MoMLSimpleApplication@a27fd36
----------------- Done invoking toplevel() on ptolemy.moml.MoMLSimpleApplication@a27fd36
reloadAllAccessors: .PublisherSubscriber4

===========================================================================================
----------------- testing Fri Mar 01 21:42:06 UTC 2019 /home/travis/build/icyphy/ptII/ptolemy/actor/lib/test/auto/PublisherSubscriber5.xml
----------------- Instantiating /home/travis/build/icyphy/ptII/ptolemy/actor/lib/test/auto/PublisherSubscriber5.xml
1 ms. Memory: 1524224K Free: 1230326K (81%)
----------------- Invoking toplevel() on ptolemy.moml.MoMLSimpleApplication@2b4eaf91
----------------- Done invoking toplevel() on ptolemy.moml.MoMLSimpleApplication@2b4eaf91
reloadAllAccessors: .PublisherSubscriber5

===========================================================================================
----------------- testing Fri Mar 01 21:42:06 UTC 2019 /home/travis/build/icyphy/ptII/ptolemy/actor/lib/test/auto/PublisherSubscriber6.xml
----------------- Instantiating /home/travis/build/icyphy/ptII/ptolemy/actor/lib/test/auto/PublisherSubscriber6.xml
2 ms. Memory: 1524224K Free: 1211354K (79%)
----------------- Invoking toplevel() on ptolemy.moml.MoMLSimpleApplication@1e2bfb02
----------------- Done invoking toplevel() on ptolemy.moml.MoMLSimpleApplication@1e2bfb02
reloadAllAccessors: .PublisherSubscriber6

===========================================================================================
----------------- testing Fri Mar 01 21:42:06 UTC 2019 /home/travis/build/icyphy/ptII/ptolemy/actor/lib/test/auto/PublisherSubscriber7.xml
----------------- Instantiating /home/travis/build/icyphy/ptII/ptolemy/actor/lib/test/auto/PublisherSubscriber7.xml
2 ms. Memory: 1524224K Free: 1192383K (78%)
----------------- Invoking toplevel() on ptolemy.moml.MoMLSimpleApplication@118a919f
----------------- Done invoking toplevel() on ptolemy.moml.MoMLSimpleApplication@118a919f
reloadAllAccessors: .PublisherSubscriber7

===========================================================================================
----------------- testing Fri Mar 01 21:42:06 UTC 2019 /home/travis/build/icyphy/ptII/ptolemy/actor/lib/test/auto/PublisherSubscriber8.xml
----------------- Instantiating /home/travis/build/icyphy/ptII/ptolemy/actor/lib/test/auto/PublisherSubscriber8.xml
12 ms. Memory: 1524224K Free: 1071897K (70%)
----------------- Invoking toplevel() on ptolemy.moml.MoMLSimpleApplication@33154229
----------------- Done invoking toplevel() on ptolemy.moml.MoMLSimpleApplication@33154229
reloadAllAccessors: .PublisherSubscriber8

===========================================================================================
----------------- testing Fri Mar 01 21:42:06 UTC 2019 /home/travis/build/icyphy/ptII/ptolemy/actor/lib/test/auto/PublisherSubscriber9.xml
----------------- Instantiating /home/travis/build/icyphy/ptII/ptolemy/actor/lib/test/auto/PublisherSubscriber9.xml
3 ms. Memory: 1524224K Free: 1052926K (69%)
----------------- Invoking toplevel() on ptolemy.moml.MoMLSimpleApplication@3f20eb3f
----------------- Done invoking toplevel() on ptolemy.moml.MoMLSimpleApplication@3f20eb3f
reloadAllAccessors: .PublisherSubscriber9

===========================================================================================
----------------- testing Fri Mar 01 21:42:06 UTC 2019 /home/travis/build/icyphy/ptII/ptolemy/actor/lib/test/auto/PublisherSubscriberAdjacent.xml
----------------- Instantiating /home/travis/build/icyphy/ptII/ptolemy/actor/lib/test/auto/PublisherSubscriberAdjacent.xml
2 ms. Memory: 1524224K Free: 1033954K (68%)
----------------- Invoking toplevel() on ptolemy.moml.MoMLSimpleApplication@6a8e9228
----------------- Done invoking toplevel() on ptolemy.moml.MoMLSimpleApplication@6a8e9228
reloadAllAccessors: .PublisherSubscriberAdjacent

===========================================================================================
----------------- testing Fri Mar 01 21:42:06 UTC 2019 /home/travis/build/icyphy/ptII/ptolemy/actor/lib/test/auto/PublisherSubscriberChannelVariablesAOC2.xml
----------------- Instantiating /home/travis/build/icyphy/ptII/ptolemy/actor/lib/test/auto/PublisherSubscriberChannelVariablesAOC2.xml
3 ms. Memory: 1524224K Free: 998823K (66%)
----------------- Invoking toplevel() on ptolemy.moml.MoMLSimpleApplication@29a33533
----------------- Done invoking toplevel() on ptolemy.moml.MoMLSimpleApplication@29a33533
reloadAllAccessors: .PublisherSubscriberChannelVariablesAOC2

===========================================================================================
----------------- testing Fri Mar 01 21:42:06 UTC 2019 /home/travis/build/icyphy/ptII/ptolemy/actor/lib/test/auto/PublisherSubscriberD3.xml
----------------- Instantiating /home/travis/build/icyphy/ptII/ptolemy/actor/lib/test/auto/PublisherSubscriberD3.xml
1 ms. Memory: 1524224K Free: 979852K (64%)
----------------- Invoking toplevel() on ptolemy.moml.MoMLSimpleApplication@65bc2568
----------------- Done invoking toplevel() on ptolemy.moml.MoMLSimpleApplication@65bc2568
reloadAllAccessors: .PublisherSubscriberD3

===========================================================================================
----------------- testing Fri Mar 01 21:42:06 UTC 2019 /home/travis/build/icyphy/ptII/ptolemy/actor/lib/test/auto/PublisherSubscriberD3Reverse.xml
----------------- Instantiating /home/travis/build/icyphy/ptII/ptolemy/actor/lib/test/auto/PublisherSubscriberD3Reverse.xml
2 ms. Memory: 1524224K Free: 960880K (63%)
----------------- Invoking toplevel() on ptolemy.moml.MoMLSimpleApplication@7bcfcc5a
----------------- Done invoking toplevel() on ptolemy.moml.MoMLSimpleApplication@7bcfcc5a
reloadAllAccessors: .PublisherSubscriberD3Reverse

===========================================================================================
----------------- testing Fri Mar 01 21:42:06 UTC 2019 /home/travis/build/icyphy/ptII/ptolemy/actor/lib/test/auto/PublisherSubscriberExpression.xml
----------------- Instantiating /home/travis/build/icyphy/ptII/ptolemy/actor/lib/test/auto/PublisherSubscriberExpression.xml
3 ms. Memory: 1524224K Free: 935251K (61%)
----------------- Invoking toplevel() on ptolemy.moml.MoMLSimpleApplication@2c7ebcfe
----------------- Done invoking toplevel() on ptolemy.moml.MoMLSimpleApplication@2c7ebcfe
reloadAllAccessors: .PublisherSubscriberExpression

===========================================================================================
----------------- testing Fri Mar 01 21:42:06 UTC 2019 /home/travis/build/icyphy/ptII/ptolemy/actor/lib/test/auto/PublisherSubscriberOpaque.xml
----------------- Instantiating /home/travis/build/icyphy/ptII/ptolemy/actor/lib/test/auto/PublisherSubscriberOpaque.xml
4 ms. Memory: 1524224K Free: 916280K (60%)
----------------- Invoking toplevel() on ptolemy.moml.MoMLSimpleApplication@670b5e30
----------------- Done invoking toplevel() on ptolemy.moml.MoMLSimpleApplication@670b5e30
reloadAllAccessors: .PublisherSubscriberOpaque

===========================================================================================
----------------- testing Fri Mar 01 21:42:06 UTC 2019 /home/travis/build/icyphy/ptII/ptolemy/actor/lib/test/auto/PublisherSubscriberOpaqueD3.xml
----------------- Instantiating /home/travis/build/icyphy/ptII/ptolemy/actor/lib/test/auto/PublisherSubscriberOpaqueD3.xml
5 ms. Memory: 1524224K Free: 890650K (58%)
----------------- Invoking toplevel() on ptolemy.moml.MoMLSimpleApplication@210a3367
----------------- Done invoking toplevel() on ptolemy.moml.MoMLSimpleApplication@210a3367
reloadAllAccessors: .PublisherSubscriberOpaqueD3

===========================================================================================
----------------- testing Fri Mar 01 21:42:06 UTC 2019 /home/travis/build/icyphy/ptII/ptolemy/actor/lib/test/auto/PublisherSubscriberOpaqueD3Reverse.xml
----------------- Instantiating /home/travis/build/icyphy/ptII/ptolemy/actor/lib/test/auto/PublisherSubscriberOpaqueD3Reverse.xml
4 ms. Memory: 1524224K Free: 871679K (57%)
----------------- Invoking toplevel() on ptolemy.moml.MoMLSimpleApplication@7b39f2c8
----------------- Done invoking toplevel() on ptolemy.moml.MoMLSimpleApplication@7b39f2c8
reloadAllAccessors: .PublisherSubscriberOpaqueD3Reverse

===========================================================================================
----------------- testing Fri Mar 01 21:42:06 UTC 2019 /home/travis/build/icyphy/ptII/ptolemy/actor/lib/test/auto/PublisherSubscriberOpaqueWidthInference.xml
----------------- Instantiating /home/travis/build/icyphy/ptII/ptolemy/actor/lib/test/auto/PublisherSubscriberOpaqueWidthInference.xml
3 ms. Memory: 1524224K Free: 852707K (56%)
----------------- Invoking toplevel() on ptolemy.moml.MoMLSimpleApplication@74c362e3
----------------- Done invoking toplevel() on ptolemy.moml.MoMLSimpleApplication@74c362e3
reloadAllAccessors: .PublisherSubscriberOpaqueWidthInference

===========================================================================================
----------------- testing Fri Mar 01 21:42:06 UTC 2019 /home/travis/build/icyphy/ptII/ptolemy/actor/lib/test/auto/PublisherTestSubscriber.xml
----------------- Instantiating /home/travis/build/icyphy/ptII/ptolemy/actor/lib/test/auto/PublisherTestSubscriber.xml
3 ms. Memory: 1524224K Free: 827078K (54%)
----------------- Invoking toplevel() on ptolemy.moml.MoMLSimpleApplication@4cfed06b
----------------- Done invoking toplevel() on ptolemy.moml.MoMLSimpleApplication@4cfed06b
reloadAllAccessors: .PublisherTestSubscriber

===========================================================================================
----------------- testing Fri Mar 01 21:42:06 UTC 2019 /home/travis/build/icyphy/ptII/ptolemy/actor/lib/test/auto/PublisherToplevelSubscriberPortAOC.xml
----------------- Instantiating /home/travis/build/icyphy/ptII/ptolemy/actor/lib/test/auto/PublisherToplevelSubscriberPortAOC.xml
2 ms. Memory: 1524224K Free: 808107K (53%)
----------------- Invoking toplevel() on ptolemy.moml.MoMLSimpleApplication@524c90a4
----------------- Done invoking toplevel() on ptolemy.moml.MoMLSimpleApplication@524c90a4
reloadAllAccessors: .PublisherToplevelSubscriberPortAOC

===========================================================================================
----------------- testing Fri Mar 01 21:42:06 UTC 2019 /home/travis/build/icyphy/ptII/ptolemy/actor/lib/test/auto/PulseFiringLimitDE.xml
----------------- Instantiating /home/travis/build/icyphy/ptII/ptolemy/actor/lib/test/auto/PulseFiringLimitDE.xml
3 ms. Memory: 1524224K Free: 789135K (52%)
----------------- Invoking toplevel() on ptolemy.moml.MoMLSimpleApplication@63fa6b03
----------------- Done invoking toplevel() on ptolemy.moml.MoMLSimpleApplication@63fa6b03
reloadAllAccessors: .PulseFiringLimitDE

===========================================================================================
----------------- testing Fri Mar 01 21:42:06 UTC 2019 /home/travis/build/icyphy/ptII/ptolemy/actor/lib/test/auto/Ramp1.xml
----------------- Instantiating /home/travis/build/icyphy/ptII/ptolemy/actor/lib/test/auto/Ramp1.xml
1 ms. Memory: 1524224K Free: 763506K (50%)
----------------- Invoking toplevel() on ptolemy.moml.MoMLSimpleApplication@7e88c8bd
----------------- Done invoking toplevel() on ptolemy.moml.MoMLSimpleApplication@7e88c8bd
reloadAllAccessors: .Ramp1

===========================================================================================
----------------- testing Fri Mar 01 21:42:06 UTC 2019 /home/travis/build/icyphy/ptII/ptolemy/actor/lib/test/auto/RampFiringLimitDE.xml
----------------- Instantiating /home/travis/build/icyphy/ptII/ptolemy/actor/lib/test/auto/RampFiringLimitDE.xml
2 ms. Memory: 1524224K Free: 744535K (49%)
----------------- Invoking toplevel() on ptolemy.moml.MoMLSimpleApplication@50d8fa17
----------------- Done invoking toplevel() on ptolemy.moml.MoMLSimpleApplication@50d8fa17
reloadAllAccessors: .RampFiringLimitDE

===========================================================================================
----------------- testing Fri Mar 01 21:42:06 UTC 2019 /home/travis/build/icyphy/ptII/ptolemy/actor/lib/test/auto/RampFiringLimitSDF.xml
----------------- Instantiating /home/travis/build/icyphy/ptII/ptolemy/actor/lib/test/auto/RampFiringLimitSDF.xml
3 ms. Memory: 1524224K Free: 725564K (48%)
----------------- Invoking toplevel() on ptolemy.moml.MoMLSimpleApplication@30a0c030
----------------- Done invoking toplevel() on ptolemy.moml.MoMLSimpleApplication@30a0c030
reloadAllAccessors: .RampFiringLimitSDF

===========================================================================================
----------------- testing Fri Mar 01 21:42:06 UTC 2019 /home/travis/build/icyphy/ptII/ptolemy/actor/lib/test/auto/RandomInteger.xml
----------------- Instantiating /home/travis/build/icyphy/ptII/ptolemy/actor/lib/test/auto/RandomInteger.xml
1 ms. Memory: 1524224K Free: 699934K (46%)
----------------- Invoking toplevel() on ptolemy.moml.MoMLSimpleApplication@15cf241b
----------------- Done invoking toplevel() on ptolemy.moml.MoMLSimpleApplication@15cf241b
reloadAllAccessors: .RandomInteger

===========================================================================================
----------------- testing Fri Mar 01 21:42:06 UTC 2019 /home/travis/build/icyphy/ptII/ptolemy/actor/lib/test/auto/ReadFile1.xml
----------------- Instantiating /home/travis/build/icyphy/ptII/ptolemy/actor/lib/test/auto/ReadFile1.xml
2 ms. Memory: 1524224K Free: 680963K (45%)
----------------- Invoking toplevel() on ptolemy.moml.MoMLSimpleApplication@5275a1b8
----------------- Done invoking toplevel() on ptolemy.moml.MoMLSimpleApplication@5275a1b8
reloadAllAccessors: .ReadFile1

===========================================================================================
----------------- testing Fri Mar 01 21:42:06 UTC 2019 /home/travis/build/icyphy/ptII/ptolemy/actor/lib/test/auto/ReadFile2.xml
----------------- Instantiating /home/travis/build/icyphy/ptII/ptolemy/actor/lib/test/auto/ReadFile2.xml
1 ms. Memory: 1524224K Free: 655333K (43%)
----------------- Invoking toplevel() on ptolemy.moml.MoMLSimpleApplication@53de0a48
----------------- Done invoking toplevel() on ptolemy.moml.MoMLSimpleApplication@53de0a48
reloadAllAccessors: .ReadFile2

===========================================================================================
----------------- testing Fri Mar 01 21:42:06 UTC 2019 /home/travis/build/icyphy/ptII/ptolemy/actor/lib/test/auto/Reader.xml
----------------- Instantiating /home/travis/build/icyphy/ptII/ptolemy/actor/lib/test/auto/Reader.xml
actor.lib.Reader is obsolete, use actor.lib.io.ExpressionReader instead
6 ms. Memory: 1524224K Free: 636362K (42%)
----------------- Invoking toplevel() on ptolemy.moml.MoMLSimpleApplication@5417e9b1
----------------- Done invoking toplevel() on ptolemy.moml.MoMLSimpleApplication@5417e9b1
reloadAllAccessors: .Reader

===========================================================================================
----------------- testing Fri Mar 01 21:42:06 UTC 2019 /home/travis/build/icyphy/ptII/ptolemy/actor/lib/test/auto/RecordAssemblerDisplayNameTest.xml
----------------- Instantiating /home/travis/build/icyphy/ptII/ptolemy/actor/lib/test/auto/RecordAssemblerDisplayNameTest.xml
2936 ms. Memory: 1558016K Free: 815987K (52%)
----------------- Invoking toplevel() on ptolemy.moml.MoMLSimpleApplication@6597922c
----------------- Done invoking toplevel() on ptolemy.moml.MoMLSimpleApplication@6597922c
reloadAllAccessors: .RecordAssemblerDisplayNameTest

===========================================================================================
----------------- testing Fri Mar 01 21:42:09 UTC 2019 /home/travis/build/icyphy/ptII/ptolemy/actor/lib/test/auto/RecordAssemblerTypeError.xml
----------------- Instantiating /home/travis/build/icyphy/ptII/ptolemy/actor/lib/test/auto/RecordAssemblerTypeError.xml
5 ms. Memory: 1558016K Free: 784621K (50%)
----------------- Invoking toplevel() on ptolemy.moml.MoMLSimpleApplication@cc7e14d
----------------- Done invoking toplevel() on ptolemy.moml.MoMLSimpleApplication@cc7e14d
reloadAllAccessors: .RecordAssemblerTypeError

===========================================================================================
----------------- testing Fri Mar 01 21:42:09 UTC 2019 /home/travis/build/icyphy/ptII/ptolemy/actor/lib/test/auto/RecordDisassember.xml
----------------- Instantiating /home/travis/build/icyphy/ptII/ptolemy/actor/lib/test/auto/RecordDisassember.xml
8 ms. Memory: 1558016K Free: 770239K (49%)
----------------- Invoking toplevel() on ptolemy.moml.MoMLSimpleApplication@36f4957a
----------------- Done invoking toplevel() on ptolemy.moml.MoMLSimpleApplication@36f4957a
reloadAllAccessors: .RecordDisassember

===========================================================================================
----------------- testing Fri Mar 01 21:42:09 UTC 2019 /home/travis/build/icyphy/ptII/ptolemy/actor/lib/test/auto/RecordDisassemberDisplayNameTest.xml
----------------- Instantiating /home/travis/build/icyphy/ptII/ptolemy/actor/lib/test/auto/RecordDisassemberDisplayNameTest.xml
3 ms. Memory: 1558016K Free: 750911K (48%)
----------------- Invoking toplevel() on ptolemy.moml.MoMLSimpleApplication@261f4c5c
----------------- Done invoking toplevel() on ptolemy.moml.MoMLSimpleApplication@261f4c5c
reloadAllAccessors: .RecordDisassemberDisplayNameTest

===========================================================================================
----------------- testing Fri Mar 01 21:42:09 UTC 2019 /home/travis/build/icyphy/ptII/ptolemy/actor/lib/test/auto/RecordDisassembler.xml
----------------- Instantiating /home/travis/build/icyphy/ptII/ptolemy/actor/lib/test/auto/RecordDisassembler.xml
2 ms. Memory: 1558016K Free: 736529K (47%)
----------------- Invoking toplevel() on ptolemy.moml.MoMLSimpleApplication@20162bd9
----------------- Done invoking toplevel() on ptolemy.moml.MoMLSimpleApplication@20162bd9
reloadAllAccessors: .RecordDisassembler

===========================================================================================
----------------- testing Fri Mar 01 21:42:09 UTC 2019 /home/travis/build/icyphy/ptII/ptolemy/actor/lib/test/auto/RecordDisassembler2.xml
----------------- Instantiating /home/travis/build/icyphy/ptII/ptolemy/actor/lib/test/auto/RecordDisassembler2.xml
2 ms. Memory: 1558016K Free: 717200K (46%)
----------------- Invoking toplevel() on ptolemy.moml.MoMLSimpleApplication@1a720ca6
----------------- Done invoking toplevel() on ptolemy.moml.MoMLSimpleApplication@1a720ca6
reloadAllAccessors: .RecordDisassembler2

===========================================================================================
----------------- testing Fri Mar 01 21:42:09 UTC 2019 /home/travis/build/icyphy/ptII/ptolemy/actor/lib/test/auto/RecordUpdater.xml
----------------- Instantiating /home/travis/build/icyphy/ptII/ptolemy/actor/lib/test/auto/RecordUpdater.xml
2 ms. Memory: 1558016K Free: 702818K (45%)
----------------- Invoking toplevel() on ptolemy.moml.MoMLSimpleApplication@4859afaf
----------------- Done invoking toplevel() on ptolemy.moml.MoMLSimpleApplication@4859afaf
reloadAllAccessors: .RecordUpdater

===========================================================================================
----------------- testing Fri Mar 01 21:42:09 UTC 2019 /home/travis/build/icyphy/ptII/ptolemy/actor/lib/test/auto/RecordUpdater2.xml
----------------- Instantiating /home/travis/build/icyphy/ptII/ptolemy/actor/lib/test/auto/RecordUpdater2.xml
2 ms. Memory: 1558016K Free: 683490K (44%)
----------------- Invoking toplevel() on ptolemy.moml.MoMLSimpleApplication@18e14d6d
----------------- Done invoking toplevel() on ptolemy.moml.MoMLSimpleApplication@18e14d6d
reloadAllAccessors: .RecordUpdater2

===========================================================================================
----------------- testing Fri Mar 01 21:42:09 UTC 2019 /home/travis/build/icyphy/ptII/ptolemy/actor/lib/test/auto/RecursiveLattice.xml
----------------- Instantiating /home/travis/build/icyphy/ptII/ptolemy/actor/lib/test/auto/RecursiveLattice.xml
1 ms. Memory: 1558016K Free: 669108K (43%)
----------------- Invoking toplevel() on ptolemy.moml.MoMLSimpleApplication@650831da
----------------- Done invoking toplevel() on ptolemy.moml.MoMLSimpleApplication@650831da
reloadAllAccessors: .RecursiveLattice

===========================================================================================
----------------- testing Fri Mar 01 21:42:09 UTC 2019 /home/travis/build/icyphy/ptII/ptolemy/actor/lib/test/auto/Router.xml
----------------- Instantiating /home/travis/build/icyphy/ptII/ptolemy/actor/lib/test/auto/Router.xml
3004 ms. Memory: 1558016K Free: 649780K (42%)
----------------- Invoking toplevel() on ptolemy.moml.MoMLSimpleApplication@217463e3
----------------- Done invoking toplevel() on ptolemy.moml.MoMLSimpleApplication@217463e3
reloadAllAccessors: .Router

===========================================================================================
----------------- testing Fri Mar 01 21:42:12 UTC 2019 /home/travis/build/icyphy/ptII/ptolemy/actor/lib/test/auto/Router2.xml
----------------- Instantiating /home/travis/build/icyphy/ptII/ptolemy/actor/lib/test/auto/Router2.xml
3003 ms. Memory: 1558016K Free: 635398K (41%)
----------------- Invoking toplevel() on ptolemy.moml.MoMLSimpleApplication@4f67398a
----------------- Done invoking toplevel() on ptolemy.moml.MoMLSimpleApplication@4f67398a
reloadAllAccessors: .Router2

===========================================================================================
----------------- testing Fri Mar 01 21:42:15 UTC 2019 /home/travis/build/icyphy/ptII/ptolemy/actor/lib/test/auto/RunningMaximum.xml
----------------- Instantiating /home/travis/build/icyphy/ptII/ptolemy/actor/lib/test/auto/RunningMaximum.xml
2 ms. Memory: 1558016K Free: 616070K (40%)
----------------- Invoking toplevel() on ptolemy.moml.MoMLSimpleApplication@76159b62
----------------- Done invoking toplevel() on ptolemy.moml.MoMLSimpleApplication@76159b62
reloadAllAccessors: .RunningMaximum

===========================================================================================
----------------- testing Fri Mar 01 21:42:16 UTC 2019 /home/travis/build/icyphy/ptII/ptolemy/actor/lib/test/auto/RunningMinimum.xml
----------------- Instantiating /home/travis/build/icyphy/ptII/ptolemy/actor/lib/test/auto/RunningMinimum.xml
1 ms. Memory: 1558016K Free: 601688K (39%)
----------------- Invoking toplevel() on ptolemy.moml.MoMLSimpleApplication@736a838b
----------------- Done invoking toplevel() on ptolemy.moml.MoMLSimpleApplication@736a838b
reloadAllAccessors: .RunningMinimum

===========================================================================================
----------------- testing Fri Mar 01 21:42:16 UTC 2019 /home/travis/build/icyphy/ptII/ptolemy/actor/lib/test/auto/Scale.xml
----------------- Instantiating /home/travis/build/icyphy/ptII/ptolemy/actor/lib/test/auto/Scale.xml
1 ms. Memory: 1558016K Free: 582360K (37%)
----------------- Invoking toplevel() on ptolemy.moml.MoMLSimpleApplication@7cecbd2f
----------------- Done invoking toplevel() on ptolemy.moml.MoMLSimpleApplication@7cecbd2f
reloadAllAccessors: .Scale

===========================================================================================
----------------- testing Fri Mar 01 21:42:16 UTC 2019 /home/travis/build/icyphy/ptII/ptolemy/actor/lib/test/auto/Scale2.xml
----------------- Instantiating /home/travis/build/icyphy/ptII/ptolemy/actor/lib/test/auto/Scale2.xml
2 ms. Memory: 1558016K Free: 567978K (36%)
----------------- Invoking toplevel() on ptolemy.moml.MoMLSimpleApplication@4920bdc2
----------------- Done invoking toplevel() on ptolemy.moml.MoMLSimpleApplication@4920bdc2
reloadAllAccessors: .Scale2

===========================================================================================
----------------- testing Fri Mar 01 21:42:16 UTC 2019 /home/travis/build/icyphy/ptII/ptolemy/actor/lib/test/auto/Scale3.xml
----------------- Instantiating /home/travis/build/icyphy/ptII/ptolemy/actor/lib/test/auto/Scale3.xml
3 ms. Memory: 1558016K Free: 548649K (35%)
----------------- Invoking toplevel() on ptolemy.moml.MoMLSimpleApplication@5bc30841
----------------- Done invoking toplevel() on ptolemy.moml.MoMLSimpleApplication@5bc30841
reloadAllAccessors: .Scale3

===========================================================================================
----------------- testing Fri Mar 01 21:42:16 UTC 2019 /home/travis/build/icyphy/ptII/ptolemy/actor/lib/test/auto/ScaleArray.xml
----------------- Instantiating /home/travis/build/icyphy/ptII/ptolemy/actor/lib/test/auto/ScaleArray.xml
2 ms. Memory: 1558016K Free: 534267K (34%)
----------------- Invoking toplevel() on ptolemy.moml.MoMLSimpleApplication@7e53677e
----------------- Done invoking toplevel() on ptolemy.moml.MoMLSimpleApplication@7e53677e
reloadAllAccessors: .ScaleArray

===========================================================================================
----------------- testing Fri Mar 01 21:42:16 UTC 2019 /home/travis/build/icyphy/ptII/ptolemy/actor/lib/test/auto/ScaleArray2.xml
----------------- Instantiating /home/travis/build/icyphy/ptII/ptolemy/actor/lib/test/auto/ScaleArray2.xml
1 ms. Memory: 1558016K Free: 514939K (33%)
----------------- Invoking toplevel() on ptolemy.moml.MoMLSimpleApplication@44e139f
----------------- Done invoking toplevel() on ptolemy.moml.MoMLSimpleApplication@44e139f
reloadAllAccessors: .ScaleArray2

===========================================================================================
----------------- testing Fri Mar 01 21:42:16 UTC 2019 /home/travis/build/icyphy/ptII/ptolemy/actor/lib/test/auto/ScaleMatrix.xml
----------------- Instantiating /home/travis/build/icyphy/ptII/ptolemy/actor/lib/test/auto/ScaleMatrix.xml
107 ms. Memory: 1558016K Free: 493366K (32%)
----------------- Invoking toplevel() on ptolemy.moml.MoMLSimpleApplication@58d689d7
----------------- Done invoking toplevel() on ptolemy.moml.MoMLSimpleApplication@58d689d7
reloadAllAccessors: .ScaleMatrix

===========================================================================================
----------------- testing Fri Mar 01 21:42:16 UTC 2019 /home/travis/build/icyphy/ptII/ptolemy/actor/lib/test/auto/Select.xml
----------------- Instantiating /home/travis/build/icyphy/ptII/ptolemy/actor/lib/test/auto/Select.xml
2 ms. Memory: 1558016K Free: 474038K (30%)
----------------- Invoking toplevel() on ptolemy.moml.MoMLSimpleApplication@141134e9
----------------- Done invoking toplevel() on ptolemy.moml.MoMLSimpleApplication@141134e9
reloadAllAccessors: .Select

===========================================================================================
----------------- testing Fri Mar 01 21:42:16 UTC 2019 /home/travis/build/icyphy/ptII/ptolemy/actor/lib/test/auto/Select2.xml
----------------- Instantiating /home/travis/build/icyphy/ptII/ptolemy/actor/lib/test/auto/Select2.xml
1 ms. Memory: 1558016K Free: 459656K (30%)
----------------- Invoking toplevel() on ptolemy.moml.MoMLSimpleApplication@263f1cc4
----------------- Done invoking toplevel() on ptolemy.moml.MoMLSimpleApplication@263f1cc4
reloadAllAccessors: .Select2

===========================================================================================
----------------- testing Fri Mar 01 21:42:16 UTC 2019 /home/travis/build/icyphy/ptII/ptolemy/actor/lib/test/auto/SequenceToArray2.xml
----------------- Instantiating /home/travis/build/icyphy/ptII/ptolemy/actor/lib/test/auto/SequenceToArray2.xml
70 ms. Memory: 1558016K Free: 368416K (24%)
----------------- Invoking toplevel() on ptolemy.moml.MoMLSimpleApplication@7b32eb68
----------------- Done invoking toplevel() on ptolemy.moml.MoMLSimpleApplication@7b32eb68
reloadAllAccessors: .SequenceToArray2

===========================================================================================
----------------- testing Fri Mar 01 21:42:16 UTC 2019 /home/travis/build/icyphy/ptII/ptolemy/actor/lib/test/auto/SequentialClock.xml
----------------- Instantiating /home/travis/build/icyphy/ptII/ptolemy/actor/lib/test/auto/SequentialClock.xml
1 ms. Memory: 1558016K Free: 354034K (23%)
----------------- Invoking toplevel() on ptolemy.moml.MoMLSimpleApplication@1453c5a8
----------------- Done invoking toplevel() on ptolemy.moml.MoMLSimpleApplication@1453c5a8
reloadAllAccessors: .SequentialClock

===========================================================================================
----------------- testing Fri Mar 01 21:42:16 UTC 2019 /home/travis/build/icyphy/ptII/ptolemy/actor/lib/test/auto/SetVariable.xml
----------------- Instantiating /home/travis/build/icyphy/ptII/ptolemy/actor/lib/test/auto/SetVariable.xml
2 ms. Memory: 1558016K Free: 334706K (21%)
----------------- Invoking toplevel() on ptolemy.moml.MoMLSimpleApplication@1c4135e8
----------------- Done invoking toplevel() on ptolemy.moml.MoMLSimpleApplication@1c4135e8
reloadAllAccessors: .SetVariable

===========================================================================================
----------------- testing Fri Mar 01 21:42:16 UTC 2019 /home/travis/build/icyphy/ptII/ptolemy/actor/lib/test/auto/SetVariable2.xml
----------------- Instantiating /home/travis/build/icyphy/ptII/ptolemy/actor/lib/test/auto/SetVariable2.xml
2 ms. Memory: 1558016K Free: 320324K (21%)
----------------- Invoking toplevel() on ptolemy.moml.MoMLSimpleApplication@1745dd08
----------------- Done invoking toplevel() on ptolemy.moml.MoMLSimpleApplication@1745dd08
reloadAllAccessors: .SetVariable2

===========================================================================================
----------------- testing Fri Mar 01 21:42:16 UTC 2019 /home/travis/build/icyphy/ptII/ptolemy/actor/lib/test/auto/SetVariable3.xml
----------------- Instantiating /home/travis/build/icyphy/ptII/ptolemy/actor/lib/test/auto/SetVariable3.xml
7 ms. Memory: 1558016K Free: 300996K (19%)
----------------- Invoking toplevel() on ptolemy.moml.MoMLSimpleApplication@7bbf710f
----------------- Done invoking toplevel() on ptolemy.moml.MoMLSimpleApplication@7bbf710f
reloadAllAccessors: .SetVariable3

===========================================================================================
----------------- testing Fri Mar 01 21:42:16 UTC 2019 /home/travis/build/icyphy/ptII/ptolemy/actor/lib/test/auto/SetVariable4.xml
----------------- Instantiating /home/travis/build/icyphy/ptII/ptolemy/actor/lib/test/auto/SetVariable4.xml
11 ms. Memory: 1558016K Free: 236277K (15%)
----------------- Invoking toplevel() on ptolemy.moml.MoMLSimpleApplication@6bad553a
----------------- Done invoking toplevel() on ptolemy.moml.MoMLSimpleApplication@6bad553a
reloadAllAccessors: .SetVariable4

===========================================================================================
----------------- testing Fri Mar 01 21:42:16 UTC 2019 /home/travis/build/icyphy/ptII/ptolemy/actor/lib/test/auto/SetVariable5.xml
----------------- Instantiating /home/travis/build/icyphy/ptII/ptolemy/actor/lib/test/auto/SetVariable5.xml
8 ms. Memory: 1558016K Free: 216949K (14%)
----------------- Invoking toplevel() on ptolemy.moml.MoMLSimpleApplication@651ad470
----------------- Done invoking toplevel() on ptolemy.moml.MoMLSimpleApplication@651ad470
reloadAllAccessors: .SetVariable5

===========================================================================================
----------------- testing Fri Mar 01 21:42:16 UTC 2019 /home/travis/build/icyphy/ptII/ptolemy/actor/lib/test/auto/Sinewave.xml
----------------- Instantiating /home/travis/build/icyphy/ptII/ptolemy/actor/lib/test/auto/Sinewave.xml
4 ms. Memory: 1558016K Free: 195376K (13%)
----------------- Invoking toplevel() on ptolemy.moml.MoMLSimpleApplication@4c89490a
----------------- Done invoking toplevel() on ptolemy.moml.MoMLSimpleApplication@4c89490a
reloadAllAccessors: .Sinewave

===========================================================================================
----------------- testing Fri Mar 01 21:42:16 UTC 2019 /home/travis/build/icyphy/ptII/ptolemy/actor/lib/test/auto/Sinewave2.xml
----------------- Instantiating /home/travis/build/icyphy/ptII/ptolemy/actor/lib/test/auto/Sinewave2.xml
4 ms. Memory: 1558016K Free: 176048K (11%)
----------------- Invoking toplevel() on ptolemy.moml.MoMLSimpleApplication@468669fc
----------------- Done invoking toplevel() on ptolemy.moml.MoMLSimpleApplication@468669fc
reloadAllAccessors: .Sinewave2

===========================================================================================
----------------- testing Fri Mar 01 21:42:16 UTC 2019 /home/travis/build/icyphy/ptII/ptolemy/actor/lib/test/auto/Sinewave3.xml
----------------- Instantiating /home/travis/build/icyphy/ptII/ptolemy/actor/lib/test/auto/Sinewave3.xml
5 ms. Memory: 1558016K Free: 161666K (10%)
----------------- Invoking toplevel() on ptolemy.moml.MoMLSimpleApplication@4ec0abd2
----------------- Done invoking toplevel() on ptolemy.moml.MoMLSimpleApplication@4ec0abd2
reloadAllAccessors: .Sinewave3

===========================================================================================
----------------- testing Fri Mar 01 21:42:16 UTC 2019 /home/travis/build/icyphy/ptII/ptolemy/actor/lib/test/auto/SingleEvent.xml
----------------- Instantiating /home/travis/build/icyphy/ptII/ptolemy/actor/lib/test/auto/SingleEvent.xml
1 ms. Memory: 1558016K Free: 142337K (9%)
----------------- Invoking toplevel() on ptolemy.moml.MoMLSimpleApplication@57f9ba3e
----------------- Done invoking toplevel() on ptolemy.moml.MoMLSimpleApplication@57f9ba3e
reloadAllAccessors: .SingleEvent

===========================================================================================
----------------- testing Fri Mar 01 21:42:16 UTC 2019 /home/travis/build/icyphy/ptII/ptolemy/actor/lib/test/auto/Sleep.xml
----------------- Instantiating /home/travis/build/icyphy/ptII/ptolemy/actor/lib/test/auto/Sleep.xml
6004 ms. Memory: 1558016K Free: 127955K (8%)
----------------- Invoking toplevel() on ptolemy.moml.MoMLSimpleApplication@5c722230
----------------- Done invoking toplevel() on ptolemy.moml.MoMLSimpleApplication@5c722230
reloadAllAccessors: .Sleep

===========================================================================================
----------------- testing Fri Mar 01 21:42:22 UTC 2019 /home/travis/build/icyphy/ptII/ptolemy/actor/lib/test/auto/SleepMultipleFire.xml
----------------- Instantiating /home/travis/build/icyphy/ptII/ptolemy/actor/lib/test/auto/SleepMultipleFire.xml
1006 ms. Memory: 1558016K Free: 108627K (7%)
----------------- Invoking toplevel() on ptolemy.moml.MoMLSimpleApplication@44a0476d
----------------- Done invoking toplevel() on ptolemy.moml.MoMLSimpleApplication@44a0476d
reloadAllAccessors: .SleepMultipleFire

===========================================================================================
----------------- testing Fri Mar 01 21:42:23 UTC 2019 /home/travis/build/icyphy/ptII/ptolemy/actor/lib/test/auto/StopDE.xml
----------------- Instantiating /home/travis/build/icyphy/ptII/ptolemy/actor/lib/test/auto/StopDE.xml
6 ms. Memory: 1558016K Free: 94245K (6%)
----------------- Invoking toplevel() on ptolemy.moml.MoMLSimpleApplication@30210feb
----------------- Done invoking toplevel() on ptolemy.moml.MoMLSimpleApplication@30210feb
reloadAllAccessors: .StopDE

===========================================================================================
----------------- testing Fri Mar 01 21:42:23 UTC 2019 /home/travis/build/icyphy/ptII/ptolemy/actor/lib/test/auto/StopSDF.xml
----------------- Instantiating /home/travis/build/icyphy/ptII/ptolemy/actor/lib/test/auto/StopSDF.xml
5 ms. Memory: 1558016K Free: 81099K (5%)
----------------- Invoking toplevel() on ptolemy.moml.MoMLSimpleApplication@5b74936d
----------------- Done invoking toplevel() on ptolemy.moml.MoMLSimpleApplication@5b74936d
reloadAllAccessors: .StopSDF

===========================================================================================
----------------- testing Fri Mar 01 21:42:23 UTC 2019 /home/travis/build/icyphy/ptII/ptolemy/actor/lib/test/auto/StringConstant.xml
----------------- Instantiating /home/travis/build/icyphy/ptII/ptolemy/actor/lib/test/auto/StringConstant.xml
6 ms. Memory: 1676288K Free: 1622889K (97%)
----------------- Invoking toplevel() on ptolemy.moml.MoMLSimpleApplication@3c83de1e
----------------- Done invoking toplevel() on ptolemy.moml.MoMLSimpleApplication@3c83de1e
reloadAllAccessors: .StringConstant

===========================================================================================
----------------- testing Fri Mar 01 21:42:23 UTC 2019 /home/travis/build/icyphy/ptII/ptolemy/actor/lib/test/auto/SubscriberPortInitialValues1.xml
----------------- Instantiating /home/travis/build/icyphy/ptII/ptolemy/actor/lib/test/auto/SubscriberPortInitialValues1.xml
11 ms. Memory: 1676288K Free: 1597683K (95%)
----------------- Invoking toplevel() on ptolemy.moml.MoMLSimpleApplication@623189f6
----------------- Done invoking toplevel() on ptolemy.moml.MoMLSimpleApplication@623189f6
reloadAllAccessors: .SubscriberPortInitialValues1

===========================================================================================
----------------- testing Fri Mar 01 21:42:23 UTC 2019 /home/travis/build/icyphy/ptII/ptolemy/actor/lib/test/auto/SubscriberPortInitialValues13.xml
----------------- Instantiating /home/travis/build/icyphy/ptII/ptolemy/actor/lib/test/auto/SubscriberPortInitialValues13.xml
5 ms. Memory: 1676288K Free: 1572478K (94%)
----------------- Invoking toplevel() on ptolemy.moml.MoMLSimpleApplication@14825653
----------------- Done invoking toplevel() on ptolemy.moml.MoMLSimpleApplication@14825653
reloadAllAccessors: .SubscriberPortInitialValues13

===========================================================================================
----------------- testing Fri Mar 01 21:42:23 UTC 2019 /home/travis/build/icyphy/ptII/ptolemy/actor/lib/test/auto/SubscriberPortInitialValues14.xml
----------------- Instantiating /home/travis/build/icyphy/ptII/ptolemy/actor/lib/test/auto/SubscriberPortInitialValues14.xml
4 ms. Memory: 1676288K Free: 1551479K (93%)
----------------- Invoking toplevel() on ptolemy.moml.MoMLSimpleApplication@6e925096
----------------- Done invoking toplevel() on ptolemy.moml.MoMLSimpleApplication@6e925096
reloadAllAccessors: .SubscriberPortInitialValues14

===========================================================================================
----------------- testing Fri Mar 01 21:42:23 UTC 2019 /home/travis/build/icyphy/ptII/ptolemy/actor/lib/test/auto/SubscriberPortInitialValues2.xml
----------------- Instantiating /home/travis/build/icyphy/ptII/ptolemy/actor/lib/test/auto/SubscriberPortInitialValues2.xml
5 ms. Memory: 1676288K Free: 1526274K (91%)
----------------- Invoking toplevel() on ptolemy.moml.MoMLSimpleApplication@2b6bc47f
----------------- Done invoking toplevel() on ptolemy.moml.MoMLSimpleApplication@2b6bc47f
reloadAllAccessors: .SubscriberPortInitialValues2

===========================================================================================
----------------- testing Fri Mar 01 21:42:23 UTC 2019 /home/travis/build/icyphy/ptII/ptolemy/actor/lib/test/auto/SubscriberPortInitialValues3.xml
----------------- Instantiating /home/travis/build/icyphy/ptII/ptolemy/actor/lib/test/auto/SubscriberPortInitialValues3.xml
3 ms. Memory: 1676288K Free: 1505275K (90%)
----------------- Invoking toplevel() on ptolemy.moml.MoMLSimpleApplication@634adbe3
----------------- Done invoking toplevel() on ptolemy.moml.MoMLSimpleApplication@634adbe3
reloadAllAccessors: .SubscriberPortInitialValues3

===========================================================================================
----------------- testing Fri Mar 01 21:42:23 UTC 2019 /home/travis/build/icyphy/ptII/ptolemy/actor/lib/test/auto/SubscriptionAggregator.xml
----------------- Instantiating /home/travis/build/icyphy/ptII/ptolemy/actor/lib/test/auto/SubscriptionAggregator.xml
3 ms. Memory: 1676288K Free: 1480070K (88%)
----------------- Invoking toplevel() on ptolemy.moml.MoMLSimpleApplication@43ffc7
----------------- Done invoking toplevel() on ptolemy.moml.MoMLSimpleApplication@43ffc7
reloadAllAccessors: .SubscriptionAggregator

===========================================================================================
----------------- testing Fri Mar 01 21:42:23 UTC 2019 /home/travis/build/icyphy/ptII/ptolemy/actor/lib/test/auto/SubscriptionAggregator2.xml
----------------- Instantiating /home/travis/build/icyphy/ptII/ptolemy/actor/lib/test/auto/SubscriptionAggregator2.xml
3 ms. Memory: 1676288K Free: 1454864K (87%)
----------------- Invoking toplevel() on ptolemy.moml.MoMLSimpleApplication@2b7a1fc7
----------------- Done invoking toplevel() on ptolemy.moml.MoMLSimpleApplication@2b7a1fc7
reloadAllAccessors: .SubscriptionAggregator2

===========================================================================================
----------------- testing Fri Mar 01 21:42:23 UTC 2019 /home/travis/build/icyphy/ptII/ptolemy/actor/lib/test/auto/SubscriptionAggregator3.xml
----------------- Instantiating /home/travis/build/icyphy/ptII/ptolemy/actor/lib/test/auto/SubscriptionAggregator3.xml
3 ms. Memory: 1676288K Free: 1433866K (86%)
----------------- Invoking toplevel() on ptolemy.moml.MoMLSimpleApplication@7ab4a8fc
----------------- Done invoking toplevel() on ptolemy.moml.MoMLSimpleApplication@7ab4a8fc
reloadAllAccessors: .SubscriptionAggregator3

===========================================================================================
----------------- testing Fri Mar 01 21:42:23 UTC 2019 /home/travis/build/icyphy/ptII/ptolemy/actor/lib/test/auto/SubscriptionAggregatorMultiply.xml
----------------- Instantiating /home/travis/build/icyphy/ptII/ptolemy/actor/lib/test/auto/SubscriptionAggregatorMultiply.xml
3 ms. Memory: 1676288K Free: 1408660K (84%)
----------------- Invoking toplevel() on ptolemy.moml.MoMLSimpleApplication@b214c1b
----------------- Done invoking toplevel() on ptolemy.moml.MoMLSimpleApplication@b214c1b
reloadAllAccessors: .SubscriptionAggregatorMultiply

===========================================================================================
----------------- testing Fri Mar 01 21:42:23 UTC 2019 /home/travis/build/icyphy/ptII/ptolemy/actor/lib/test/auto/SubscriptionAggregatorPortMultiply1.xml
----------------- Instantiating /home/travis/build/icyphy/ptII/ptolemy/actor/lib/test/auto/SubscriptionAggregatorPortMultiply1.xml
4 ms. Memory: 1676288K Free: 1387662K (83%)
----------------- Invoking toplevel() on ptolemy.moml.MoMLSimpleApplication@2d4f7773
----------------- Done invoking toplevel() on ptolemy.moml.MoMLSimpleApplication@2d4f7773
reloadAllAccessors: .SubscriptionAggregatorPortMultiply1

===========================================================================================
----------------- testing Fri Mar 01 21:42:23 UTC 2019 /home/travis/build/icyphy/ptII/ptolemy/actor/lib/test/auto/Switch.xml
----------------- Instantiating /home/travis/build/icyphy/ptII/ptolemy/actor/lib/test/auto/Switch.xml
4 ms. Memory: 1676288K Free: 1299422K (78%)
----------------- Invoking toplevel() on ptolemy.moml.MoMLSimpleApplication@32ceaad
----------------- Done invoking toplevel() on ptolemy.moml.MoMLSimpleApplication@32ceaad
reloadAllAccessors: .Switch

===========================================================================================
----------------- testing Fri Mar 01 21:42:23 UTC 2019 /home/travis/build/icyphy/ptII/ptolemy/actor/lib/test/auto/Switch2.xml
----------------- Instantiating /home/travis/build/icyphy/ptII/ptolemy/actor/lib/test/auto/Switch2.xml
1 ms. Memory: 1676288K Free: 1274216K (76%)
----------------- Invoking toplevel() on ptolemy.moml.MoMLSimpleApplication@56c47c11
----------------- Done invoking toplevel() on ptolemy.moml.MoMLSimpleApplication@56c47c11
reloadAllAccessors: .Switch2

===========================================================================================
----------------- testing Fri Mar 01 21:42:23 UTC 2019 /home/travis/build/icyphy/ptII/ptolemy/actor/lib/test/auto/SwitchDE.xml
----------------- Instantiating /home/travis/build/icyphy/ptII/ptolemy/actor/lib/test/auto/SwitchDE.xml
2 ms. Memory: 1676288K Free: 1253217K (75%)
----------------- Invoking toplevel() on ptolemy.moml.MoMLSimpleApplication@c5280db
----------------- Done invoking toplevel() on ptolemy.moml.MoMLSimpleApplication@c5280db
reloadAllAccessors: .SwitchDE

===========================================================================================
----------------- testing Fri Mar 01 21:42:24 UTC 2019 /home/travis/build/icyphy/ptII/ptolemy/actor/lib/test/auto/SynchronizerDE.xml
----------------- Instantiating /home/travis/build/icyphy/ptII/ptolemy/actor/lib/test/auto/SynchronizerDE.xml
6 ms. Memory: 1676288K Free: 1228012K (73%)
----------------- Invoking toplevel() on ptolemy.moml.MoMLSimpleApplication@25cf9262
----------------- Done invoking toplevel() on ptolemy.moml.MoMLSimpleApplication@25cf9262
reloadAllAccessors: .SynchronizerDE

===========================================================================================
----------------- testing Fri Mar 01 21:42:24 UTC 2019 /home/travis/build/icyphy/ptII/ptolemy/actor/lib/test/auto/Test.xml
----------------- Instantiating /home/travis/build/icyphy/ptII/ptolemy/actor/lib/test/auto/Test.xml
2 ms. Memory: 1676288K Free: 1207013K (72%)
----------------- Invoking toplevel() on ptolemy.moml.MoMLSimpleApplication@4d3cd9eb
----------------- Done invoking toplevel() on ptolemy.moml.MoMLSimpleApplication@4d3cd9eb
reloadAllAccessors: .Test

===========================================================================================
----------------- testing Fri Mar 01 21:42:24 UTC 2019 /home/travis/build/icyphy/ptII/ptolemy/actor/lib/test/auto/TestExceptionAttribute1.xml
----------------- Instantiating /home/travis/build/icyphy/ptII/ptolemy/actor/lib/test/auto/TestExceptionAttribute1.xml
2 ms. Memory: 1676288K Free: 1181808K (71%)
----------------- Invoking toplevel() on ptolemy.moml.MoMLSimpleApplication@49ac235
----------------- Done invoking toplevel() on ptolemy.moml.MoMLSimpleApplication@49ac235
reloadAllAccessors: .TestExceptionAttribute1

===========================================================================================
----------------- testing Fri Mar 01 21:42:24 UTC 2019 /home/travis/build/icyphy/ptII/ptolemy/actor/lib/test/auto/TestExceptionAttribute2.xml
----------------- Instantiating /home/travis/build/icyphy/ptII/ptolemy/actor/lib/test/auto/TestExceptionAttribute2.xml
1 ms. Memory: 1676288K Free: 1160809K (69%)
----------------- Invoking toplevel() on ptolemy.moml.MoMLSimpleApplication@33962d1e
----------------- Done invoking toplevel() on ptolemy.moml.MoMLSimpleApplication@33962d1e
reloadAllAccessors: .TestExceptionAttribute2

===========================================================================================
----------------- testing Fri Mar 01 21:42:24 UTC 2019 /home/travis/build/icyphy/ptII/ptolemy/actor/lib/test/auto/TestExceptionAttribute3.xml
----------------- Instantiating /home/travis/build/icyphy/ptII/ptolemy/actor/lib/test/auto/TestExceptionAttribute3.xml
.TestExceptionAttribute3.TestExceptionAttribute: initialize() was not invoked, but wrapup() was.  This is unusual, but not always a problem.  For example, exporting JNLP will do this.
1 ms. Memory: 1676288K Free: 1135604K (68%)
----------------- Invoking toplevel() on ptolemy.moml.MoMLSimpleApplication@6412402e
----------------- Done invoking toplevel() on ptolemy.moml.MoMLSimpleApplication@6412402e
reloadAllAccessors: .TestExceptionAttribute3

===========================================================================================
----------------- testing Fri Mar 01 21:42:24 UTC 2019 /home/travis/build/icyphy/ptII/ptolemy/actor/lib/test/auto/TestExceptionAttribute4.xml
----------------- Instantiating /home/travis/build/icyphy/ptII/ptolemy/actor/lib/test/auto/TestExceptionAttribute4.xml
.TestExceptionAttribute4.TestExceptionAttribute: initialize() was not invoked, but wrapup() was.  This is unusual, but not always a problem.  For example, exporting JNLP will do this.
.TestExceptionAttribute4.TestExceptionAttribute2: initialize() was not invoked, but wrapup() was.  This is unusual, but not always a problem.  For example, exporting JNLP will do this.
1 ms. Memory: 1676288K Free: 1110398K (66%)
----------------- Invoking toplevel() on ptolemy.moml.MoMLSimpleApplication@35910ace
----------------- Done invoking toplevel() on ptolemy.moml.MoMLSimpleApplication@35910ace
reloadAllAccessors: .TestExceptionAttribute4

===========================================================================================
----------------- testing Fri Mar 01 21:42:24 UTC 2019 /home/travis/build/icyphy/ptII/ptolemy/actor/lib/test/auto/TestExceptionHandler1.xml
----------------- Instantiating /home/travis/build/icyphy/ptII/ptolemy/actor/lib/test/auto/TestExceptionHandler1.xml
1 ms. Memory: 1676288K Free: 1089399K (65%)
----------------- Invoking toplevel() on ptolemy.moml.MoMLSimpleApplication@1d1430f4
----------------- Done invoking toplevel() on ptolemy.moml.MoMLSimpleApplication@1d1430f4
reloadAllAccessors: .TestExceptionHandler1

===========================================================================================
----------------- testing Fri Mar 01 21:42:24 UTC 2019 /home/travis/build/icyphy/ptII/ptolemy/actor/lib/test/auto/TestExceptionHandler2.xml
----------------- Instantiating /home/travis/build/icyphy/ptII/ptolemy/actor/lib/test/auto/TestExceptionHandler2.xml
0 ms. Memory: 1676288K Free: 1064194K (63%)
----------------- Invoking toplevel() on ptolemy.moml.MoMLSimpleApplication@3e15d62e
----------------- Done invoking toplevel() on ptolemy.moml.MoMLSimpleApplication@3e15d62e
reloadAllAccessors: .TestExceptionHandler2

===========================================================================================
----------------- testing Fri Mar 01 21:42:24 UTC 2019 /home/travis/build/icyphy/ptII/ptolemy/actor/lib/test/auto/TestExceptionHandler3.xml
----------------- Instantiating /home/travis/build/icyphy/ptII/ptolemy/actor/lib/test/auto/TestExceptionHandler3.xml
0 ms. Memory: 1676288K Free: 1043195K (62%)
----------------- Invoking toplevel() on ptolemy.moml.MoMLSimpleApplication@1a0b502e
----------------- Done invoking toplevel() on ptolemy.moml.MoMLSimpleApplication@1a0b502e
reloadAllAccessors: .TestExceptionHandler3

===========================================================================================
----------------- testing Fri Mar 01 21:42:24 UTC 2019 /home/travis/build/icyphy/ptII/ptolemy/actor/lib/test/auto/TestExceptionHandler4.xml
----------------- Instantiating /home/travis/build/icyphy/ptII/ptolemy/actor/lib/test/auto/TestExceptionHandler4.xml
1 ms. Memory: 1676288K Free: 1017990K (61%)
----------------- Invoking toplevel() on ptolemy.moml.MoMLSimpleApplication@2f564db3
----------------- Done invoking toplevel() on ptolemy.moml.MoMLSimpleApplication@2f564db3
reloadAllAccessors: .TestExceptionHandler4

===========================================================================================
----------------- testing Fri Mar 01 21:42:24 UTC 2019 /home/travis/build/icyphy/ptII/ptolemy/actor/lib/test/auto/TestRequireCorrectOrder.xml
----------------- Instantiating /home/travis/build/icyphy/ptII/ptolemy/actor/lib/test/auto/TestRequireCorrectOrder.xml
2 ms. Memory: 1676288K Free: 992784K (59%)
----------------- Invoking toplevel() on ptolemy.moml.MoMLSimpleApplication@2ba23a9c
----------------- Done invoking toplevel() on ptolemy.moml.MoMLSimpleApplication@2ba23a9c
reloadAllAccessors: .TestRequireCorrectOrder

===========================================================================================
----------------- testing Fri Mar 01 21:42:24 UTC 2019 /home/travis/build/icyphy/ptII/ptolemy/actor/lib/test/auto/TestSimple.xml
----------------- Instantiating /home/travis/build/icyphy/ptII/ptolemy/actor/lib/test/auto/TestSimple.xml
1 ms. Memory: 1676288K Free: 971786K (58%)
----------------- Invoking toplevel() on ptolemy.moml.MoMLSimpleApplication@108e7e28
----------------- Done invoking toplevel() on ptolemy.moml.MoMLSimpleApplication@108e7e28
reloadAllAccessors: .TestSimple

===========================================================================================
----------------- testing Fri Mar 01 21:42:24 UTC 2019 /home/travis/build/icyphy/ptII/ptolemy/actor/lib/test/auto/ThrowModelError.xml
----------------- Instantiating /home/travis/build/icyphy/ptII/ptolemy/actor/lib/test/auto/ThrowModelError.xml
1 ms. Memory: 1676288K Free: 946580K (56%)
----------------- Invoking toplevel() on ptolemy.moml.MoMLSimpleApplication@453c2e05
----------------- Done invoking toplevel() on ptolemy.moml.MoMLSimpleApplication@453c2e05
reloadAllAccessors: .ThrowModelError

===========================================================================================
----------------- testing Fri Mar 01 21:42:24 UTC 2019 /home/travis/build/icyphy/ptII/ptolemy/actor/lib/test/auto/TimeDelayMicrosteps.xml
----------------- Instantiating /home/travis/build/icyphy/ptII/ptolemy/actor/lib/test/auto/TimeDelayMicrosteps.xml
3 ms. Memory: 1676288K Free: 925581K (55%)
----------------- Invoking toplevel() on ptolemy.moml.MoMLSimpleApplication@a335c7
----------------- Done invoking toplevel() on ptolemy.moml.MoMLSimpleApplication@a335c7
reloadAllAccessors: .TimeDelayMicrosteps

===========================================================================================
----------------- testing Fri Mar 01 21:42:24 UTC 2019 /home/travis/build/icyphy/ptII/ptolemy/actor/lib/test/auto/TimeDelayMicrosteps2.xml
----------------- Instantiating /home/travis/build/icyphy/ptII/ptolemy/actor/lib/test/auto/TimeDelayMicrosteps2.xml
3 ms. Memory: 1676288K Free: 900376K (54%)
----------------- Invoking toplevel() on ptolemy.moml.MoMLSimpleApplication@47a982
----------------- Done invoking toplevel() on ptolemy.moml.MoMLSimpleApplication@47a982
reloadAllAccessors: .TimeDelayMicrosteps2

===========================================================================================
----------------- testing Fri Mar 01 21:42:24 UTC 2019 /home/travis/build/icyphy/ptII/ptolemy/actor/lib/test/auto/TimeDelayMicrosteps3.xml
----------------- Instantiating /home/travis/build/icyphy/ptII/ptolemy/actor/lib/test/auto/TimeDelayMicrosteps3.xml
3 ms. Memory: 1676288K Free: 875170K (52%)
----------------- Invoking toplevel() on ptolemy.moml.MoMLSimpleApplication@169f6e3
----------------- Done invoking toplevel() on ptolemy.moml.MoMLSimpleApplication@169f6e3
reloadAllAccessors: .TimeDelayMicrosteps3

===========================================================================================
----------------- testing Fri Mar 01 21:42:24 UTC 2019 /home/travis/build/icyphy/ptII/ptolemy/actor/lib/test/auto/TimeDelayVariableMicrosteps.xml
----------------- Instantiating /home/travis/build/icyphy/ptII/ptolemy/actor/lib/test/auto/TimeDelayVariableMicrosteps.xml
2 ms. Memory: 1676288K Free: 854172K (51%)
----------------- Invoking toplevel() on ptolemy.moml.MoMLSimpleApplication@4096251a
----------------- Done invoking toplevel() on ptolemy.moml.MoMLSimpleApplication@4096251a
reloadAllAccessors: .TimeDelayVariableMicrosteps

===========================================================================================
----------------- testing Fri Mar 01 21:42:24 UTC 2019 /home/travis/build/icyphy/ptII/ptolemy/actor/lib/test/auto/TimeGap.xml
----------------- Instantiating /home/travis/build/icyphy/ptII/ptolemy/actor/lib/test/auto/TimeGap.xml
2 ms. Memory: 1676288K Free: 828966K (49%)
----------------- Invoking toplevel() on ptolemy.moml.MoMLSimpleApplication@783e3f
----------------- Done invoking toplevel() on ptolemy.moml.MoMLSimpleApplication@783e3f
reloadAllAccessors: .TimeGap

===========================================================================================
----------------- testing Fri Mar 01 21:42:24 UTC 2019 /home/travis/build/icyphy/ptII/ptolemy/actor/lib/test/auto/TimeGap2.xml
----------------- Instantiating /home/travis/build/icyphy/ptII/ptolemy/actor/lib/test/auto/TimeGap2.xml
2 ms. Memory: 1676288K Free: 807968K (48%)
----------------- Invoking toplevel() on ptolemy.moml.MoMLSimpleApplication@277ce20d
----------------- Done invoking toplevel() on ptolemy.moml.MoMLSimpleApplication@277ce20d
reloadAllAccessors: .TimeGap2

===========================================================================================
----------------- testing Fri Mar 01 21:42:24 UTC 2019 /home/travis/build/icyphy/ptII/ptolemy/actor/lib/test/auto/TimedSinewave.xml
----------------- Instantiating /home/travis/build/icyphy/ptII/ptolemy/actor/lib/test/auto/TimedSinewave.xml
14 ms. Memory: 1676288K Free: 772247K (46%)
----------------- Invoking toplevel() on ptolemy.moml.MoMLSimpleApplication@f61d3c
----------------- Done invoking toplevel() on ptolemy.moml.MoMLSimpleApplication@f61d3c
reloadAllAccessors: .TimedSinewave

===========================================================================================
----------------- testing Fri Mar 01 21:42:24 UTC 2019 /home/travis/build/icyphy/ptII/ptolemy/actor/lib/test/auto/TimedSinewavePhase.xml
----------------- Instantiating /home/travis/build/icyphy/ptII/ptolemy/actor/lib/test/auto/TimedSinewavePhase.xml
9 ms. Memory: 1676288K Free: 747041K (45%)
----------------- Invoking toplevel() on ptolemy.moml.MoMLSimpleApplication@5e0e6d70
----------------- Done invoking toplevel() on ptolemy.moml.MoMLSimpleApplication@5e0e6d70
reloadAllAccessors: .TimedSinewavePhase

===========================================================================================
----------------- testing Fri Mar 01 21:42:24 UTC 2019 /home/travis/build/icyphy/ptII/ptolemy/actor/lib/test/auto/Timer.xml
----------------- Instantiating /home/travis/build/icyphy/ptII/ptolemy/actor/lib/test/auto/Timer.xml
2 ms. Memory: 1676288K Free: 726042K (43%)
----------------- Invoking toplevel() on ptolemy.moml.MoMLSimpleApplication@16b67229
----------------- Done invoking toplevel() on ptolemy.moml.MoMLSimpleApplication@16b67229
reloadAllAccessors: .Timer

===========================================================================================
----------------- testing Fri Mar 01 21:42:24 UTC 2019 /home/travis/build/icyphy/ptII/ptolemy/actor/lib/test/auto/TriangularDistTestModel.xml
----------------- Instantiating /home/travis/build/icyphy/ptII/ptolemy/actor/lib/test/auto/TriangularDistTestModel.xml
2 ms. Memory: 1676288K Free: 700837K (42%)
----------------- Invoking toplevel() on ptolemy.moml.MoMLSimpleApplication@436963f8
----------------- Done invoking toplevel() on ptolemy.moml.MoMLSimpleApplication@436963f8
reloadAllAccessors: .TriangularDistTestModel

===========================================================================================
----------------- testing Fri Mar 01 21:42:24 UTC 2019 /home/travis/build/icyphy/ptII/ptolemy/actor/lib/test/auto/TrigFunction.xml
----------------- Instantiating /home/travis/build/icyphy/ptII/ptolemy/actor/lib/test/auto/TrigFunction.xml
1 ms. Memory: 1676288K Free: 679838K (41%)
----------------- Invoking toplevel() on ptolemy.moml.MoMLSimpleApplication@1db2e63b
----------------- Done invoking toplevel() on ptolemy.moml.MoMLSimpleApplication@1db2e63b
reloadAllAccessors: .TrigFunction

===========================================================================================
----------------- testing Fri Mar 01 21:42:24 UTC 2019 /home/travis/build/icyphy/ptII/ptolemy/actor/lib/test/auto/TrigFunctionDE.xml
----------------- Instantiating /home/travis/build/icyphy/ptII/ptolemy/actor/lib/test/auto/TrigFunctionDE.xml
2 ms. Memory: 1676288K Free: 654633K (39%)
----------------- Invoking toplevel() on ptolemy.moml.MoMLSimpleApplication@10c57585
----------------- Done invoking toplevel() on ptolemy.moml.MoMLSimpleApplication@10c57585
reloadAllAccessors: .TrigFunctionDE

===========================================================================================
----------------- testing Fri Mar 01 21:42:24 UTC 2019 /home/travis/build/icyphy/ptII/ptolemy/actor/lib/test/auto/TrigFunctionInverse.xml
----------------- Instantiating /home/travis/build/icyphy/ptII/ptolemy/actor/lib/test/auto/TrigFunctionInverse.xml
2 ms. Memory: 1676288K Free: 633634K (38%)
----------------- Invoking toplevel() on ptolemy.moml.MoMLSimpleApplication@179ce151
----------------- Done invoking toplevel() on ptolemy.moml.MoMLSimpleApplication@179ce151
reloadAllAccessors: .TrigFunctionInverse

===========================================================================================
----------------- testing Fri Mar 01 21:42:24 UTC 2019 /home/travis/build/icyphy/ptII/ptolemy/actor/lib/test/auto/TrigFunctionTan.xml
----------------- Instantiating /home/travis/build/icyphy/ptII/ptolemy/actor/lib/test/auto/TrigFunctionTan.xml
2 ms. Memory: 1676288K Free: 608428K (36%)
----------------- Invoking toplevel() on ptolemy.moml.MoMLSimpleApplication@2295d9c9
----------------- Done invoking toplevel() on ptolemy.moml.MoMLSimpleApplication@2295d9c9
reloadAllAccessors: .TrigFunctionTan

===========================================================================================
----------------- testing Fri Mar 01 21:42:24 UTC 2019 /home/travis/build/icyphy/ptII/ptolemy/actor/lib/test/auto/TriggeredClock.xml
----------------- Instantiating /home/travis/build/icyphy/ptII/ptolemy/actor/lib/test/auto/TriggeredClock.xml
2 ms. Memory: 1676288K Free: 583223K (35%)
----------------- Invoking toplevel() on ptolemy.moml.MoMLSimpleApplication@3e2e3f92
----------------- Done invoking toplevel() on ptolemy.moml.MoMLSimpleApplication@3e2e3f92
reloadAllAccessors: .TriggeredClock

===========================================================================================
----------------- testing Fri Mar 01 21:42:24 UTC 2019 /home/travis/build/icyphy/ptII/ptolemy/actor/lib/test/auto/URLDirectoryReader.xml
----------------- Instantiating /home/travis/build/icyphy/ptII/ptolemy/actor/lib/test/auto/URLDirectoryReader.xml
32 ms. Memory: 1676288K Free: 562224K (34%)
----------------- Invoking toplevel() on ptolemy.moml.MoMLSimpleApplication@3c1d6c68
----------------- Done invoking toplevel() on ptolemy.moml.MoMLSimpleApplication@3c1d6c68
reloadAllAccessors: .URLDirectoryReader

===========================================================================================
----------------- testing Fri Mar 01 21:42:24 UTC 2019 /home/travis/build/icyphy/ptII/ptolemy/actor/lib/test/auto/URLDirectoryReader3.xml
----------------- Instantiating /home/travis/build/icyphy/ptII/ptolemy/actor/lib/test/auto/URLDirectoryReader3.xml
1248 ms. Memory: 1676288K Free: 484457K (29%)
----------------- Invoking toplevel() on ptolemy.moml.MoMLSimpleApplication@588758dc
----------------- Done invoking toplevel() on ptolemy.moml.MoMLSimpleApplication@588758dc
reloadAllAccessors: .URLDirectoryReader3

===========================================================================================
----------------- testing Fri Mar 01 21:42:26 UTC 2019 /home/travis/build/icyphy/ptII/ptolemy/actor/lib/test/auto/UnaryMathFunction.xml
----------------- Instantiating /home/travis/build/icyphy/ptII/ptolemy/actor/lib/test/auto/UnaryMathFunction.xml
10 ms. Memory: 1676288K Free: 463459K (28%)
----------------- Invoking toplevel() on ptolemy.moml.MoMLSimpleApplication@79e05254
----------------- Done invoking toplevel() on ptolemy.moml.MoMLSimpleApplication@79e05254
reloadAllAccessors: .UnaryMathFunction

===========================================================================================
----------------- testing Fri Mar 01 21:42:26 UTC 2019 /home/travis/build/icyphy/ptII/ptolemy/actor/lib/test/auto/Uniform.xml
----------------- Instantiating /home/travis/build/icyphy/ptII/ptolemy/actor/lib/test/auto/Uniform.xml
10 ms. Memory: 1676288K Free: 438253K (26%)
----------------- Invoking toplevel() on ptolemy.moml.MoMLSimpleApplication@7c1b02ce
----------------- Done invoking toplevel() on ptolemy.moml.MoMLSimpleApplication@7c1b02ce
reloadAllAccessors: .Uniform

===========================================================================================
----------------- testing Fri Mar 01 21:42:26 UTC 2019 /home/travis/build/icyphy/ptII/ptolemy/actor/lib/test/auto/UnionDisassemblerTest.xml
----------------- Instantiating /home/travis/build/icyphy/ptII/ptolemy/actor/lib/test/auto/UnionDisassemblerTest.xml
7 ms. Memory: 1676288K Free: 413048K (25%)
----------------- Invoking toplevel() on ptolemy.moml.MoMLSimpleApplication@67f14dc5
----------------- Done invoking toplevel() on ptolemy.moml.MoMLSimpleApplication@67f14dc5
reloadAllAccessors: .UnionDisassemblerTest

===========================================================================================
----------------- testing Fri Mar 01 21:42:26 UTC 2019 /home/travis/build/icyphy/ptII/ptolemy/actor/lib/test/auto/UtilityFunctions.xml
----------------- Instantiating /home/travis/build/icyphy/ptII/ptolemy/actor/lib/test/auto/UtilityFunctions.xml
1 ms. Memory: 1676288K Free: 392049K (23%)
----------------- Invoking toplevel() on ptolemy.moml.MoMLSimpleApplication@28d76e5b
----------------- Done invoking toplevel() on ptolemy.moml.MoMLSimpleApplication@28d76e5b
reloadAllAccessors: .UtilityFunctions

===========================================================================================
----------------- testing Fri Mar 01 21:42:26 UTC 2019 /home/travis/build/icyphy/ptII/ptolemy/actor/lib/test/auto/VariableSleep.xml
----------------- Instantiating /home/travis/build/icyphy/ptII/ptolemy/actor/lib/test/auto/VariableSleep.xml
503 ms. Memory: 1676288K Free: 366843K (22%)
----------------- Invoking toplevel() on ptolemy.moml.MoMLSimpleApplication@4060c002
----------------- Done invoking toplevel() on ptolemy.moml.MoMLSimpleApplication@4060c002
reloadAllAccessors: .VariableSleep

===========================================================================================
----------------- testing Fri Mar 01 21:42:26 UTC 2019 /home/travis/build/icyphy/ptII/ptolemy/actor/lib/test/auto/VectorAssemblerDisassemblerCT.xml
----------------- Instantiating /home/travis/build/icyphy/ptII/ptolemy/actor/lib/test/auto/VectorAssemblerDisassemblerCT.xml
72 ms. Memory: 1676288K Free: 335329K (20%)
----------------- Invoking toplevel() on ptolemy.moml.MoMLSimpleApplication@1d242107
----------------- Done invoking toplevel() on ptolemy.moml.MoMLSimpleApplication@1d242107
reloadAllAccessors: .VectorAssemblerDisassemblerCT

===========================================================================================
----------------- testing Fri Mar 01 21:42:26 UTC 2019 /home/travis/build/icyphy/ptII/ptolemy/actor/lib/test/auto/VectorAssemblerDisassemblerDE.xml
----------------- Instantiating /home/travis/build/icyphy/ptII/ptolemy/actor/lib/test/auto/VectorAssemblerDisassemblerDE.xml
2 ms. Memory: 1676288K Free: 310123K (19%)
----------------- Invoking toplevel() on ptolemy.moml.MoMLSimpleApplication@2f4e8603
----------------- Done invoking toplevel() on ptolemy.moml.MoMLSimpleApplication@2f4e8603
reloadAllAccessors: .VectorAssemblerDisassemblerDE

===========================================================================================
----------------- testing Fri Mar 01 21:42:26 UTC 2019 /home/travis/build/icyphy/ptII/ptolemy/actor/lib/test/auto/VectorAssemblerDisassemblerSDF.xml
----------------- Instantiating /home/travis/build/icyphy/ptII/ptolemy/actor/lib/test/auto/VectorAssemblerDisassemblerSDF.xml
2 ms. Memory: 1676288K Free: 284918K (17%)
----------------- Invoking toplevel() on ptolemy.moml.MoMLSimpleApplication@43dc0034
----------------- Done invoking toplevel() on ptolemy.moml.MoMLSimpleApplication@43dc0034
reloadAllAccessors: .VectorAssemblerDisassemblerSDF

===========================================================================================
----------------- testing Fri Mar 01 21:42:27 UTC 2019 /home/travis/build/icyphy/ptII/ptolemy/actor/lib/test/auto/WallClockTime.xml
----------------- Instantiating /home/travis/build/icyphy/ptII/ptolemy/actor/lib/test/auto/WallClockTime.xml
1005 ms. Memory: 1676288K Free: 263919K (16%)
----------------- Invoking toplevel() on ptolemy.moml.MoMLSimpleApplication@3a63a38e
----------------- Done invoking toplevel() on ptolemy.moml.MoMLSimpleApplication@3a63a38e
reloadAllAccessors: .WallClockTime

===========================================================================================
----------------- testing Fri Mar 01 21:42:28 UTC 2019 /home/travis/build/icyphy/ptII/ptolemy/actor/lib/test/auto/WidthTestWithSubscriberPublisher.xml
----------------- Instantiating /home/travis/build/icyphy/ptII/ptolemy/actor/lib/test/auto/WidthTestWithSubscriberPublisher.xml
6 ms. Memory: 1676288K Free: 228214K (14%)
----------------- Invoking toplevel() on ptolemy.moml.MoMLSimpleApplication@61d2fe4c
----------------- Done invoking toplevel() on ptolemy.moml.MoMLSimpleApplication@61d2fe4c
reloadAllAccessors: .WidthTestWithSubscriberPublisher

===========================================================================================
----------------- testing Fri Mar 01 21:42:28 UTC 2019 /home/travis/build/icyphy/ptII/ptolemy/actor/lib/test/auto/WidthTestWithSubscriberPublisher2.xml
----------------- Instantiating /home/travis/build/icyphy/ptII/ptolemy/actor/lib/test/auto/WidthTestWithSubscriberPublisher2.xml
2 ms. Memory: 1676288K Free: 207216K (12%)
----------------- Invoking toplevel() on ptolemy.moml.MoMLSimpleApplication@374b308e
----------------- Done invoking toplevel() on ptolemy.moml.MoMLSimpleApplication@374b308e
reloadAllAccessors: .WidthTestWithSubscriberPublisher2

===========================================================================================
----------------- testing Fri Mar 01 21:42:28 UTC 2019 /home/travis/build/icyphy/ptII/ptolemy/actor/lib/test/auto/WidthTestWithSubscriberPublisher3.xml
----------------- Instantiating /home/travis/build/icyphy/ptII/ptolemy/actor/lib/test/auto/WidthTestWithSubscriberPublisher3.xml
2 ms. Memory: 1676288K Free: 182010K (11%)
----------------- Invoking toplevel() on ptolemy.moml.MoMLSimpleApplication@28d184e
----------------- Done invoking toplevel() on ptolemy.moml.MoMLSimpleApplication@28d184e
reloadAllAccessors: .WidthTestWithSubscriberPublisher3

===========================================================================================
----------------- testing Fri Mar 01 21:42:28 UTC 2019 /home/travis/build/icyphy/ptII/ptolemy/actor/lib/test/auto/Writer.xml
----------------- Instantiating /home/travis/build/icyphy/ptII/ptolemy/actor/lib/test/auto/Writer.xml
0
1
2
3
4
2 ms. Memory: 1676288K Free: 156805K (9%)
----------------- Invoking toplevel() on ptolemy.moml.MoMLSimpleApplication@79a8a239
----------------- Done invoking toplevel() on ptolemy.moml.MoMLSimpleApplication@79a8a239
reloadAllAccessors: .Writer

===========================================================================================
----------------- testing Fri Mar 01 21:42:28 UTC 2019 /home/travis/build/icyphy/ptII/ptolemy/actor/lib/test/auto/array.xml
----------------- Instantiating /home/travis/build/icyphy/ptII/ptolemy/actor/lib/test/auto/array.xml
3 ms. Memory: 1676288K Free: 135806K (8%)
----------------- Invoking toplevel() on ptolemy.moml.MoMLSimpleApplication@1ea9ad7b
----------------- Done invoking toplevel() on ptolemy.moml.MoMLSimpleApplication@1ea9ad7b
reloadAllAccessors: .array

===========================================================================================
----------------- testing Fri Mar 01 21:42:28 UTC 2019 /home/travis/build/icyphy/ptII/ptolemy/actor/lib/test/auto/array2.xml
----------------- Instantiating /home/travis/build/icyphy/ptII/ptolemy/actor/lib/test/auto/array2.xml
7 ms. Memory: 1676288K Free: 110600K (7%)
----------------- Invoking toplevel() on ptolemy.moml.MoMLSimpleApplication@648b49ea
----------------- Done invoking toplevel() on ptolemy.moml.MoMLSimpleApplication@648b49ea
reloadAllAccessors: .array2

===========================================================================================
----------------- testing Fri Mar 01 21:42:28 UTC 2019 /home/travis/build/icyphy/ptII/ptolemy/actor/lib/test/auto/arrayType.xml
----------------- Instantiating /home/travis/build/icyphy/ptII/ptolemy/actor/lib/test/auto/arrayType.xml
2 ms. Memory: 1676288K Free: 89602K (5%)
----------------- Invoking toplevel() on ptolemy.moml.MoMLSimpleApplication@5d34e511
----------------- Done invoking toplevel() on ptolemy.moml.MoMLSimpleApplication@5d34e511
reloadAllAccessors: .arrayType

===========================================================================================
----------------- testing Fri Mar 01 21:42:28 UTC 2019 /home/travis/build/icyphy/ptII/ptolemy/actor/lib/test/auto/arrayType10.xml
----------------- Instantiating /home/travis/build/icyphy/ptII/ptolemy/actor/lib/test/auto/arrayType10.xml
2 ms. Memory: 1676288K Free: 64396K (4%)
----------------- Invoking toplevel() on ptolemy.moml.MoMLSimpleApplication@226ef505
----------------- Done invoking toplevel() on ptolemy.moml.MoMLSimpleApplication@226ef505
reloadAllAccessors: .arrayType10

===========================================================================================
----------------- testing Fri Mar 01 21:42:28 UTC 2019 /home/travis/build/icyphy/ptII/ptolemy/actor/lib/test/auto/arrayType11.xml
----------------- Instantiating /home/travis/build/icyphy/ptII/ptolemy/actor/lib/test/auto/arrayType11.xml
1 ms. Memory: 1694208K Free: 1630627K (96%)
----------------- Invoking toplevel() on ptolemy.moml.MoMLSimpleApplication@663416a2
----------------- Done invoking toplevel() on ptolemy.moml.MoMLSimpleApplication@663416a2
reloadAllAccessors: .arrayType11

===========================================================================================
----------------- testing Fri Mar 01 21:42:28 UTC 2019 /home/travis/build/icyphy/ptII/ptolemy/actor/lib/test/auto/arrayType12.xml
----------------- Instantiating /home/travis/build/icyphy/ptII/ptolemy/actor/lib/test/auto/arrayType12.xml
2 ms. Memory: 1694208K Free: 1611054K (95%)
----------------- Invoking toplevel() on ptolemy.moml.MoMLSimpleApplication@2d05de69
----------------- Done invoking toplevel() on ptolemy.moml.MoMLSimpleApplication@2d05de69
reloadAllAccessors: .arrayType12

===========================================================================================
----------------- testing Fri Mar 01 21:42:28 UTC 2019 /home/travis/build/icyphy/ptII/ptolemy/actor/lib/test/auto/arrayType13.xml
----------------- Instantiating /home/travis/build/icyphy/ptII/ptolemy/actor/lib/test/auto/arrayType13.xml
1 ms. Memory: 1694208K Free: 1591481K (94%)
----------------- Invoking toplevel() on ptolemy.moml.MoMLSimpleApplication@4089529f
----------------- Done invoking toplevel() on ptolemy.moml.MoMLSimpleApplication@4089529f
reloadAllAccessors: .arrayType13

===========================================================================================
----------------- testing Fri Mar 01 21:42:28 UTC 2019 /home/travis/build/icyphy/ptII/ptolemy/actor/lib/test/auto/arrayType14.xml
----------------- Instantiating /home/travis/build/icyphy/ptII/ptolemy/actor/lib/test/auto/arrayType14.xml
2 ms. Memory: 1694208K Free: 1575727K (93%)
----------------- Invoking toplevel() on ptolemy.moml.MoMLSimpleApplication@68eb2de8
----------------- Done invoking toplevel() on ptolemy.moml.MoMLSimpleApplication@68eb2de8
reloadAllAccessors: .arrayType14

===========================================================================================
----------------- testing Fri Mar 01 21:42:28 UTC 2019 /home/travis/build/icyphy/ptII/ptolemy/actor/lib/test/auto/arrayType15.xml
----------------- Instantiating /home/travis/build/icyphy/ptII/ptolemy/actor/lib/test/auto/arrayType15.xml
3 ms. Memory: 1694208K Free: 1556154K (92%)
----------------- Invoking toplevel() on ptolemy.moml.MoMLSimpleApplication@4567479b
----------------- Done invoking toplevel() on ptolemy.moml.MoMLSimpleApplication@4567479b
reloadAllAccessors: .arrayType15

===========================================================================================
----------------- testing Fri Mar 01 21:42:28 UTC 2019 /home/travis/build/icyphy/ptII/ptolemy/actor/lib/test/auto/arrayType16.xml
----------------- Instantiating /home/travis/build/icyphy/ptII/ptolemy/actor/lib/test/auto/arrayType16.xml
2 ms. Memory: 1694208K Free: 1536580K (91%)
----------------- Invoking toplevel() on ptolemy.moml.MoMLSimpleApplication@dbd44b7
----------------- Done invoking toplevel() on ptolemy.moml.MoMLSimpleApplication@dbd44b7
reloadAllAccessors: .arrayType16

===========================================================================================
----------------- testing Fri Mar 01 21:42:28 UTC 2019 /home/travis/build/icyphy/ptII/ptolemy/actor/lib/test/auto/arrayType17.xml
----------------- Instantiating /home/travis/build/icyphy/ptII/ptolemy/actor/lib/test/auto/arrayType17.xml
1 ms. Memory: 1694208K Free: 1520826K (90%)
----------------- Invoking toplevel() on ptolemy.moml.MoMLSimpleApplication@401ff0dc
----------------- Done invoking toplevel() on ptolemy.moml.MoMLSimpleApplication@401ff0dc
reloadAllAccessors: .arrayType17

===========================================================================================
----------------- testing Fri Mar 01 21:42:28 UTC 2019 /home/travis/build/icyphy/ptII/ptolemy/actor/lib/test/auto/arrayType18.xml
----------------- Instantiating /home/travis/build/icyphy/ptII/ptolemy/actor/lib/test/auto/arrayType18.xml
1 ms. Memory: 1694208K Free: 1501253K (89%)
----------------- Invoking toplevel() on ptolemy.moml.MoMLSimpleApplication@1e14bf5
----------------- Done invoking toplevel() on ptolemy.moml.MoMLSimpleApplication@1e14bf5
reloadAllAccessors: .arrayType18

===========================================================================================
----------------- testing Fri Mar 01 21:42:28 UTC 2019 /home/travis/build/icyphy/ptII/ptolemy/actor/lib/test/auto/arrayType19.xml
----------------- Instantiating /home/travis/build/icyphy/ptII/ptolemy/actor/lib/test/auto/arrayType19.xml
1 ms. Memory: 1694208K Free: 1481680K (87%)
----------------- Invoking toplevel() on ptolemy.moml.MoMLSimpleApplication@38fc75f9
----------------- Done invoking toplevel() on ptolemy.moml.MoMLSimpleApplication@38fc75f9
reloadAllAccessors: .arrayType19

===========================================================================================
----------------- testing Fri Mar 01 21:42:28 UTC 2019 /home/travis/build/icyphy/ptII/ptolemy/actor/lib/test/auto/arrayType2.xml
----------------- Instantiating /home/travis/build/icyphy/ptII/ptolemy/actor/lib/test/auto/arrayType2.xml
2 ms. Memory: 1694208K Free: 1465925K (87%)
----------------- Invoking toplevel() on ptolemy.moml.MoMLSimpleApplication@4f7ab8a8
----------------- Done invoking toplevel() on ptolemy.moml.MoMLSimpleApplication@4f7ab8a8
reloadAllAccessors: .arrayType2

===========================================================================================
----------------- testing Fri Mar 01 21:42:28 UTC 2019 /home/travis/build/icyphy/ptII/ptolemy/actor/lib/test/auto/arrayType20.xml
----------------- Instantiating /home/travis/build/icyphy/ptII/ptolemy/actor/lib/test/auto/arrayType20.xml
2 ms. Memory: 1694208K Free: 1446352K (85%)
----------------- Invoking toplevel() on ptolemy.moml.MoMLSimpleApplication@ebd1420
----------------- Done invoking toplevel() on ptolemy.moml.MoMLSimpleApplication@ebd1420
reloadAllAccessors: .arrayType20

===========================================================================================
----------------- testing Fri Mar 01 21:42:28 UTC 2019 /home/travis/build/icyphy/ptII/ptolemy/actor/lib/test/auto/arrayType21.xml
----------------- Instantiating /home/travis/build/icyphy/ptII/ptolemy/actor/lib/test/auto/arrayType21.xml
1 ms. Memory: 1694208K Free: 1426779K (84%)
----------------- Invoking toplevel() on ptolemy.moml.MoMLSimpleApplication@3db93ff1
----------------- Done invoking toplevel() on ptolemy.moml.MoMLSimpleApplication@3db93ff1
reloadAllAccessors: .arrayType21

===========================================================================================
----------------- testing Fri Mar 01 21:42:28 UTC 2019 /home/travis/build/icyphy/ptII/ptolemy/actor/lib/test/auto/arrayType22.xml
----------------- Instantiating /home/travis/build/icyphy/ptII/ptolemy/actor/lib/test/auto/arrayType22.xml
2 ms. Memory: 1694208K Free: 1411025K (83%)
----------------- Invoking toplevel() on ptolemy.moml.MoMLSimpleApplication@75f7deb7
----------------- Done invoking toplevel() on ptolemy.moml.MoMLSimpleApplication@75f7deb7
reloadAllAccessors: .arrayType22

===========================================================================================
----------------- testing Fri Mar 01 21:42:28 UTC 2019 /home/travis/build/icyphy/ptII/ptolemy/actor/lib/test/auto/arrayType23.xml
----------------- Instantiating /home/travis/build/icyphy/ptII/ptolemy/actor/lib/test/auto/arrayType23.xml
2 ms. Memory: 1694208K Free: 1391451K (82%)
----------------- Invoking toplevel() on ptolemy.moml.MoMLSimpleApplication@655690b6
----------------- Done invoking toplevel() on ptolemy.moml.MoMLSimpleApplication@655690b6
reloadAllAccessors: .arrayType23

===========================================================================================
----------------- testing Fri Mar 01 21:42:28 UTC 2019 /home/travis/build/icyphy/ptII/ptolemy/actor/lib/test/auto/arrayType24.xml
----------------- Instantiating /home/travis/build/icyphy/ptII/ptolemy/actor/lib/test/auto/arrayType24.xml
4 ms. Memory: 1694208K Free: 1371878K (81%)
----------------- Invoking toplevel() on ptolemy.moml.MoMLSimpleApplication@3599709a
----------------- Done invoking toplevel() on ptolemy.moml.MoMLSimpleApplication@3599709a
reloadAllAccessors: .arrayType24

===========================================================================================
----------------- testing Fri Mar 01 21:42:28 UTC 2019 /home/travis/build/icyphy/ptII/ptolemy/actor/lib/test/auto/arrayType25.xml
----------------- Instantiating /home/travis/build/icyphy/ptII/ptolemy/actor/lib/test/auto/arrayType25.xml
2 ms. Memory: 1694208K Free: 1356099K (80%)
----------------- Invoking toplevel() on ptolemy.moml.MoMLSimpleApplication@70cd323a
----------------- Done invoking toplevel() on ptolemy.moml.MoMLSimpleApplication@70cd323a
reloadAllAccessors: .arrayType25

===========================================================================================
----------------- testing Fri Mar 01 21:42:28 UTC 2019 /home/travis/build/icyphy/ptII/ptolemy/actor/lib/test/auto/arrayType26.xml
----------------- Instantiating /home/travis/build/icyphy/ptII/ptolemy/actor/lib/test/auto/arrayType26.xml
1 ms. Memory: 1694208K Free: 1336526K (79%)
----------------- Invoking toplevel() on ptolemy.moml.MoMLSimpleApplication@65a42ba8
----------------- Done invoking toplevel() on ptolemy.moml.MoMLSimpleApplication@65a42ba8
reloadAllAccessors: .arrayType26

===========================================================================================
----------------- testing Fri Mar 01 21:42:28 UTC 2019 /home/travis/build/icyphy/ptII/ptolemy/actor/lib/test/auto/arrayType27.xml
----------------- Instantiating /home/travis/build/icyphy/ptII/ptolemy/actor/lib/test/auto/arrayType27.xml
1 ms. Memory: 1694208K Free: 1316952K (78%)
----------------- Invoking toplevel() on ptolemy.moml.MoMLSimpleApplication@57fbbe90
----------------- Done invoking toplevel() on ptolemy.moml.MoMLSimpleApplication@57fbbe90
reloadAllAccessors: .arrayType27

===========================================================================================
----------------- testing Fri Mar 01 21:42:28 UTC 2019 /home/travis/build/icyphy/ptII/ptolemy/actor/lib/test/auto/arrayType28.xml
----------------- Instantiating /home/travis/build/icyphy/ptII/ptolemy/actor/lib/test/auto/arrayType28.xml
1 ms. Memory: 1694208K Free: 1297379K (77%)
----------------- Invoking toplevel() on ptolemy.moml.MoMLSimpleApplication@5ba4a46
----------------- Done invoking toplevel() on ptolemy.moml.MoMLSimpleApplication@5ba4a46
reloadAllAccessors: .arrayType28

===========================================================================================
----------------- testing Fri Mar 01 21:42:28 UTC 2019 /home/travis/build/icyphy/ptII/ptolemy/actor/lib/test/auto/arrayType3.xml
----------------- Instantiating /home/travis/build/icyphy/ptII/ptolemy/actor/lib/test/auto/arrayType3.xml
1 ms. Memory: 1694208K Free: 1281624K (76%)
----------------- Invoking toplevel() on ptolemy.moml.MoMLSimpleApplication@230446ef
----------------- Done invoking toplevel() on ptolemy.moml.MoMLSimpleApplication@230446ef
reloadAllAccessors: .arrayType3

===========================================================================================
----------------- testing Fri Mar 01 21:42:28 UTC 2019 /home/travis/build/icyphy/ptII/ptolemy/actor/lib/test/auto/arrayType4.xml
----------------- Instantiating /home/travis/build/icyphy/ptII/ptolemy/actor/lib/test/auto/arrayType4.xml
2 ms. Memory: 1694208K Free: 1262051K (74%)
----------------- Invoking toplevel() on ptolemy.moml.MoMLSimpleApplication@6f5c6185
----------------- Done invoking toplevel() on ptolemy.moml.MoMLSimpleApplication@6f5c6185
reloadAllAccessors: .arrayType4

===========================================================================================
----------------- testing Fri Mar 01 21:42:28 UTC 2019 /home/travis/build/icyphy/ptII/ptolemy/actor/lib/test/auto/arrayType5.xml
----------------- Instantiating /home/travis/build/icyphy/ptII/ptolemy/actor/lib/test/auto/arrayType5.xml
3 ms. Memory: 1694208K Free: 1242478K (73%)
----------------- Invoking toplevel() on ptolemy.moml.MoMLSimpleApplication@4278122f
----------------- Done invoking toplevel() on ptolemy.moml.MoMLSimpleApplication@4278122f
reloadAllAccessors: .arrayType5

===========================================================================================
----------------- testing Fri Mar 01 21:42:28 UTC 2019 /home/travis/build/icyphy/ptII/ptolemy/actor/lib/test/auto/arrayType6.xml
----------------- Instantiating /home/travis/build/icyphy/ptII/ptolemy/actor/lib/test/auto/arrayType6.xml
1 ms. Memory: 1694208K Free: 1226724K (72%)
----------------- Invoking toplevel() on ptolemy.moml.MoMLSimpleApplication@8320a9f
----------------- Done invoking toplevel() on ptolemy.moml.MoMLSimpleApplication@8320a9f
reloadAllAccessors: .arrayType6

===========================================================================================
----------------- testing Fri Mar 01 21:42:28 UTC 2019 /home/travis/build/icyphy/ptII/ptolemy/actor/lib/test/auto/arrayType7.xml
----------------- Instantiating /home/travis/build/icyphy/ptII/ptolemy/actor/lib/test/auto/arrayType7.xml
2 ms. Memory: 1694208K Free: 1207150K (71%)
----------------- Invoking toplevel() on ptolemy.moml.MoMLSimpleApplication@3ac13590
----------------- Done invoking toplevel() on ptolemy.moml.MoMLSimpleApplication@3ac13590
reloadAllAccessors: .arrayType7

===========================================================================================
----------------- testing Fri Mar 01 21:42:28 UTC 2019 /home/travis/build/icyphy/ptII/ptolemy/actor/lib/test/auto/arrayType8.xml
----------------- Instantiating /home/travis/build/icyphy/ptII/ptolemy/actor/lib/test/auto/arrayType8.xml
1 ms. Memory: 1694208K Free: 1187577K (70%)
----------------- Invoking toplevel() on ptolemy.moml.MoMLSimpleApplication@2416b0de
----------------- Done invoking toplevel() on ptolemy.moml.MoMLSimpleApplication@2416b0de
reloadAllAccessors: .arrayType8

===========================================================================================
----------------- testing Fri Mar 01 21:42:28 UTC 2019 /home/travis/build/icyphy/ptII/ptolemy/actor/lib/test/auto/arrayType9.xml
----------------- Instantiating /home/travis/build/icyphy/ptII/ptolemy/actor/lib/test/auto/arrayType9.xml
1 ms. Memory: 1694208K Free: 1171823K (69%)
----------------- Invoking toplevel() on ptolemy.moml.MoMLSimpleApplication@3f363c3f
----------------- Done invoking toplevel() on ptolemy.moml.MoMLSimpleApplication@3f363c3f
reloadAllAccessors: .arrayType9

===========================================================================================
----------------- testing Fri Mar 01 21:42:28 UTC 2019 /home/travis/build/icyphy/ptII/ptolemy/actor/lib/test/auto/cast.xml
----------------- Instantiating /home/travis/build/icyphy/ptII/ptolemy/actor/lib/test/auto/cast.xml
2 ms. Memory: 1694208K Free: 1152249K (68%)
----------------- Invoking toplevel() on ptolemy.moml.MoMLSimpleApplication@2b5f517b
----------------- Done invoking toplevel() on ptolemy.moml.MoMLSimpleApplication@2b5f517b
reloadAllAccessors: .cast

===========================================================================================
----------------- testing Fri Mar 01 21:42:28 UTC 2019 /home/travis/build/icyphy/ptII/ptolemy/actor/lib/test/auto/compositeMultiPort.xml
----------------- Instantiating /home/travis/build/icyphy/ptII/ptolemy/actor/lib/test/auto/compositeMultiPort.xml
3 ms. Memory: 1694208K Free: 1132676K (67%)
----------------- Invoking toplevel() on ptolemy.moml.MoMLSimpleApplication@48e5451c
----------------- Done invoking toplevel() on ptolemy.moml.MoMLSimpleApplication@48e5451c
reloadAllAccessors: .compositeMultiPort

===========================================================================================
----------------- testing Fri Mar 01 21:42:28 UTC 2019 /home/travis/build/icyphy/ptII/ptolemy/actor/lib/test/auto/expressionCastInference.xml
----------------- Instantiating /home/travis/build/icyphy/ptII/ptolemy/actor/lib/test/auto/expressionCastInference.xml
2 ms. Memory: 1694208K Free: 1116922K (66%)
----------------- Invoking toplevel() on ptolemy.moml.MoMLSimpleApplication@4e479084
----------------- Done invoking toplevel() on ptolemy.moml.MoMLSimpleApplication@4e479084
reloadAllAccessors: .expressionCastInference

===========================================================================================
----------------- testing Fri Mar 01 21:42:28 UTC 2019 /home/travis/build/icyphy/ptII/ptolemy/actor/lib/test/auto/expressionCastInference2.xml
----------------- Instantiating /home/travis/build/icyphy/ptII/ptolemy/actor/lib/test/auto/expressionCastInference2.xml
1 ms. Memory: 1694208K Free: 1097349K (65%)
----------------- Invoking toplevel() on ptolemy.moml.MoMLSimpleApplication@235372ea
----------------- Done invoking toplevel() on ptolemy.moml.MoMLSimpleApplication@235372ea
reloadAllAccessors: .expressionCastInference2

===========================================================================================
----------------- testing Fri Mar 01 21:42:28 UTC 2019 /home/travis/build/icyphy/ptII/ptolemy/actor/lib/test/auto/expressionInference.xml
----------------- Instantiating /home/travis/build/icyphy/ptII/ptolemy/actor/lib/test/auto/expressionInference.xml
1 ms. Memory: 1694208K Free: 1077776K (64%)
----------------- Invoking toplevel() on ptolemy.moml.MoMLSimpleApplication@7524bd81
----------------- Done invoking toplevel() on ptolemy.moml.MoMLSimpleApplication@7524bd81
reloadAllAccessors: .expressionInference

===========================================================================================
----------------- testing Fri Mar 01 21:42:28 UTC 2019 /home/travis/build/icyphy/ptII/ptolemy/actor/lib/test/auto/expression_bug.xml
----------------- Instantiating /home/travis/build/icyphy/ptII/ptolemy/actor/lib/test/auto/expression_bug.xml
1 ms. Memory: 1694208K Free: 1062021K (63%)
----------------- Invoking toplevel() on ptolemy.moml.MoMLSimpleApplication@442c4995
----------------- Done invoking toplevel() on ptolemy.moml.MoMLSimpleApplication@442c4995
reloadAllAccessors: .expression_bug

===========================================================================================
----------------- testing Fri Mar 01 21:42:28 UTC 2019 /home/travis/build/icyphy/ptII/ptolemy/actor/lib/test/auto/factorial.xml
----------------- Instantiating /home/travis/build/icyphy/ptII/ptolemy/actor/lib/test/auto/factorial.xml
44 ms. Memory: 1694208K Free: 1042448K (62%)
----------------- Invoking toplevel() on ptolemy.moml.MoMLSimpleApplication@85b764e
----------------- Done invoking toplevel() on ptolemy.moml.MoMLSimpleApplication@85b764e
reloadAllAccessors: .factorial

===========================================================================================
----------------- testing Fri Mar 01 21:42:28 UTC 2019 /home/travis/build/icyphy/ptII/ptolemy/actor/lib/test/auto/filterTest1.xml
----------------- Instantiating /home/travis/build/icyphy/ptII/ptolemy/actor/lib/test/auto/filterTest1.xml
3 ms. Memory: 1694208K Free: 1022875K (60%)
----------------- Invoking toplevel() on ptolemy.moml.MoMLSimpleApplication@5cc9dc1
----------------- Done invoking toplevel() on ptolemy.moml.MoMLSimpleApplication@5cc9dc1
reloadAllAccessors: .filterTest1

===========================================================================================
----------------- testing Fri Mar 01 21:42:28 UTC 2019 /home/travis/build/icyphy/ptII/ptolemy/actor/lib/test/auto/funcApplyInConst.xml
----------------- Instantiating /home/travis/build/icyphy/ptII/ptolemy/actor/lib/test/auto/funcApplyInConst.xml
1 ms. Memory: 1694208K Free: 1007121K (59%)
----------------- Invoking toplevel() on ptolemy.moml.MoMLSimpleApplication@55c7051b
----------------- Done invoking toplevel() on ptolemy.moml.MoMLSimpleApplication@55c7051b
reloadAllAccessors: .funcApplyInConst

===========================================================================================
----------------- testing Fri Mar 01 21:42:28 UTC 2019 /home/travis/build/icyphy/ptII/ptolemy/actor/lib/test/auto/funcApplyInExpr.xml
----------------- Instantiating /home/travis/build/icyphy/ptII/ptolemy/actor/lib/test/auto/funcApplyInExpr.xml
2 ms. Memory: 1694208K Free: 987548K (58%)
----------------- Invoking toplevel() on ptolemy.moml.MoMLSimpleApplication@657ed9f8
----------------- Done invoking toplevel() on ptolemy.moml.MoMLSimpleApplication@657ed9f8
reloadAllAccessors: .funcApplyInExpr

===========================================================================================
----------------- testing Fri Mar 01 21:42:28 UTC 2019 /home/travis/build/icyphy/ptII/ptolemy/actor/lib/test/auto/function.xml
----------------- Instantiating /home/travis/build/icyphy/ptII/ptolemy/actor/lib/test/auto/function.xml
1 ms. Memory: 1694208K Free: 967974K (57%)
----------------- Invoking toplevel() on ptolemy.moml.MoMLSimpleApplication@6aa2b044
----------------- Done invoking toplevel() on ptolemy.moml.MoMLSimpleApplication@6aa2b044
reloadAllAccessors: .function

===========================================================================================
----------------- testing Fri Mar 01 21:42:28 UTC 2019 /home/travis/build/icyphy/ptII/ptolemy/actor/lib/test/auto/function2.xml
----------------- Instantiating /home/travis/build/icyphy/ptII/ptolemy/actor/lib/test/auto/function2.xml
5 ms. Memory: 1694208K Free: 952220K (56%)
----------------- Invoking toplevel() on ptolemy.moml.MoMLSimpleApplication@571b14f
----------------- Done invoking toplevel() on ptolemy.moml.MoMLSimpleApplication@571b14f
reloadAllAccessors: .function2

===========================================================================================
----------------- testing Fri Mar 01 21:42:28 UTC 2019 /home/travis/build/icyphy/ptII/ptolemy/actor/lib/test/auto/function3.xml
----------------- Instantiating /home/travis/build/icyphy/ptII/ptolemy/actor/lib/test/auto/function3.xml
1 ms. Memory: 1694208K Free: 932647K (55%)
----------------- Invoking toplevel() on ptolemy.moml.MoMLSimpleApplication@5f0158b0
----------------- Done invoking toplevel() on ptolemy.moml.MoMLSimpleApplication@5f0158b0
reloadAllAccessors: .function3

===========================================================================================
----------------- testing Fri Mar 01 21:42:28 UTC 2019 /home/travis/build/icyphy/ptII/ptolemy/actor/lib/test/auto/functionClosureTest1.xml
----------------- Instantiating /home/travis/build/icyphy/ptII/ptolemy/actor/lib/test/auto/functionClosureTest1.xml
2 ms. Memory: 1694208K Free: 913073K (54%)
----------------- Invoking toplevel() on ptolemy.moml.MoMLSimpleApplication@2b3279eb
----------------- Done invoking toplevel() on ptolemy.moml.MoMLSimpleApplication@2b3279eb
reloadAllAccessors: .functionClosureTest1

===========================================================================================
----------------- testing Fri Mar 01 21:42:28 UTC 2019 /home/travis/build/icyphy/ptII/ptolemy/actor/lib/test/auto/functionClosureTest2.xml
----------------- Instantiating /home/travis/build/icyphy/ptII/ptolemy/actor/lib/test/auto/functionClosureTest2.xml
2 ms. Memory: 1694208K Free: 897319K (53%)
----------------- Invoking toplevel() on ptolemy.moml.MoMLSimpleApplication@2e45ed69
----------------- Done invoking toplevel() on ptolemy.moml.MoMLSimpleApplication@2e45ed69
reloadAllAccessors: .functionClosureTest2

===========================================================================================
----------------- testing Fri Mar 01 21:42:28 UTC 2019 /home/travis/build/icyphy/ptII/ptolemy/actor/lib/test/auto/functionClosureTest3.xml
----------------- Instantiating /home/travis/build/icyphy/ptII/ptolemy/actor/lib/test/auto/functionClosureTest3.xml
2 ms. Memory: 1694208K Free: 877746K (52%)
----------------- Invoking toplevel() on ptolemy.moml.MoMLSimpleApplication@4de3ff61
----------------- Done invoking toplevel() on ptolemy.moml.MoMLSimpleApplication@4de3ff61
reloadAllAccessors: .functionClosureTest3

===========================================================================================
----------------- testing Fri Mar 01 21:42:29 UTC 2019 /home/travis/build/icyphy/ptII/ptolemy/actor/lib/test/auto/functionClosureTest4.xml
----------------- Instantiating /home/travis/build/icyphy/ptII/ptolemy/actor/lib/test/auto/functionClosureTest4.xml
3 ms. Memory: 1694208K Free: 858172K (51%)
----------------- Invoking toplevel() on ptolemy.moml.MoMLSimpleApplication@2de3e3b8
----------------- Done invoking toplevel() on ptolemy.moml.MoMLSimpleApplication@2de3e3b8
reloadAllAccessors: .functionClosureTest4

===========================================================================================
----------------- testing Fri Mar 01 21:42:29 UTC 2019 /home/travis/build/icyphy/ptII/ptolemy/actor/lib/test/auto/functionClosureTest5.xml
----------------- Instantiating /home/travis/build/icyphy/ptII/ptolemy/actor/lib/test/auto/functionClosureTest5.xml
5 ms. Memory: 1694208K Free: 842418K (50%)
----------------- Invoking toplevel() on ptolemy.moml.MoMLSimpleApplication@619dbe48
----------------- Done invoking toplevel() on ptolemy.moml.MoMLSimpleApplication@619dbe48
reloadAllAccessors: .functionClosureTest5

===========================================================================================
----------------- testing Fri Mar 01 21:42:29 UTC 2019 /home/travis/build/icyphy/ptII/ptolemy/actor/lib/test/auto/functionClosureTest6.xml
----------------- Instantiating /home/travis/build/icyphy/ptII/ptolemy/actor/lib/test/auto/functionClosureTest6.xml
2 ms. Memory: 1694208K Free: 822845K (49%)
----------------- Invoking toplevel() on ptolemy.moml.MoMLSimpleApplication@41dc2442
----------------- Done invoking toplevel() on ptolemy.moml.MoMLSimpleApplication@41dc2442
reloadAllAccessors: .functionClosureTest6

===========================================================================================
----------------- testing Fri Mar 01 21:42:29 UTC 2019 /home/travis/build/icyphy/ptII/ptolemy/actor/lib/test/auto/functionsOnArcs.xml
----------------- Instantiating /home/travis/build/icyphy/ptII/ptolemy/actor/lib/test/auto/functionsOnArcs.xml
1 ms. Memory: 1694208K Free: 803271K (47%)
----------------- Invoking toplevel() on ptolemy.moml.MoMLSimpleApplication@686dc607
----------------- Done invoking toplevel() on ptolemy.moml.MoMLSimpleApplication@686dc607
reloadAllAccessors: .functionsOnArcs

===========================================================================================
----------------- testing Fri Mar 01 21:42:29 UTC 2019 /home/travis/build/icyphy/ptII/ptolemy/actor/lib/test/auto/functionsOnArcsHOF.xml
----------------- Instantiating /home/travis/build/icyphy/ptII/ptolemy/actor/lib/test/auto/functionsOnArcsHOF.xml
3 ms. Memory: 1694208K Free: 787517K (46%)
----------------- Invoking toplevel() on ptolemy.moml.MoMLSimpleApplication@6083c0bf
----------------- Done invoking toplevel() on ptolemy.moml.MoMLSimpleApplication@6083c0bf
reloadAllAccessors: .functionsOnArcsHOF

===========================================================================================
----------------- testing Fri Mar 01 21:42:29 UTC 2019 /home/travis/build/icyphy/ptII/ptolemy/actor/lib/test/auto/logic.xml
----------------- Instantiating /home/travis/build/icyphy/ptII/ptolemy/actor/lib/test/auto/logic.xml
2 ms. Memory: 1694208K Free: 767944K (45%)
----------------- Invoking toplevel() on ptolemy.moml.MoMLSimpleApplication@7c78d773
----------------- Done invoking toplevel() on ptolemy.moml.MoMLSimpleApplication@7c78d773
reloadAllAccessors: .logic

===========================================================================================
----------------- testing Fri Mar 01 21:42:29 UTC 2019 /home/travis/build/icyphy/ptII/ptolemy/actor/lib/test/auto/matrixType.xml
----------------- Instantiating /home/travis/build/icyphy/ptII/ptolemy/actor/lib/test/auto/matrixType.xml
2 ms. Memory: 1694208K Free: 748371K (44%)
----------------- Invoking toplevel() on ptolemy.moml.MoMLSimpleApplication@3423d83
----------------- Done invoking toplevel() on ptolemy.moml.MoMLSimpleApplication@3423d83
reloadAllAccessors: .matrixType

===========================================================================================
----------------- testing Fri Mar 01 21:42:29 UTC 2019 /home/travis/build/icyphy/ptII/ptolemy/actor/lib/test/auto/matrixType10.xml
----------------- Instantiating /home/travis/build/icyphy/ptII/ptolemy/actor/lib/test/auto/matrixType10.xml
2 ms. Memory: 1694208K Free: 732616K (43%)
----------------- Invoking toplevel() on ptolemy.moml.MoMLSimpleApplication@743ae91d
----------------- Done invoking toplevel() on ptolemy.moml.MoMLSimpleApplication@743ae91d
reloadAllAccessors: .matrixType10

===========================================================================================
----------------- testing Fri Mar 01 21:42:29 UTC 2019 /home/travis/build/icyphy/ptII/ptolemy/actor/lib/test/auto/matrixType11.xml
----------------- Instantiating /home/travis/build/icyphy/ptII/ptolemy/actor/lib/test/auto/matrixType11.xml
1 ms. Memory: 1694208K Free: 713043K (42%)
----------------- Invoking toplevel() on ptolemy.moml.MoMLSimpleApplication@fd930d8
----------------- Done invoking toplevel() on ptolemy.moml.MoMLSimpleApplication@fd930d8
reloadAllAccessors: .matrixType11

===========================================================================================
----------------- testing Fri Mar 01 21:42:29 UTC 2019 /home/travis/build/icyphy/ptII/ptolemy/actor/lib/test/auto/matrixType12.xml
----------------- Instantiating /home/travis/build/icyphy/ptII/ptolemy/actor/lib/test/auto/matrixType12.xml
1 ms. Memory: 1694208K Free: 693470K (41%)
----------------- Invoking toplevel() on ptolemy.moml.MoMLSimpleApplication@16c96a93
----------------- Done invoking toplevel() on ptolemy.moml.MoMLSimpleApplication@16c96a93
reloadAllAccessors: .matrixType12

===========================================================================================
----------------- testing Fri Mar 01 21:42:29 UTC 2019 /home/travis/build/icyphy/ptII/ptolemy/actor/lib/test/auto/matrixType13.xml
----------------- Instantiating /home/travis/build/icyphy/ptII/ptolemy/actor/lib/test/auto/matrixType13.xml
1 ms. Memory: 1694208K Free: 677716K (40%)
----------------- Invoking toplevel() on ptolemy.moml.MoMLSimpleApplication@13ef8a3f
----------------- Done invoking toplevel() on ptolemy.moml.MoMLSimpleApplication@13ef8a3f
reloadAllAccessors: .matrixType13

===========================================================================================
----------------- testing Fri Mar 01 21:42:29 UTC 2019 /home/travis/build/icyphy/ptII/ptolemy/actor/lib/test/auto/matrixType14.xml
----------------- Instantiating /home/travis/build/icyphy/ptII/ptolemy/actor/lib/test/auto/matrixType14.xml
1 ms. Memory: 1694208K Free: 658142K (39%)
----------------- Invoking toplevel() on ptolemy.moml.MoMLSimpleApplication@5cfad715
----------------- Done invoking toplevel() on ptolemy.moml.MoMLSimpleApplication@5cfad715
reloadAllAccessors: .matrixType14

===========================================================================================
----------------- testing Fri Mar 01 21:42:29 UTC 2019 /home/travis/build/icyphy/ptII/ptolemy/actor/lib/test/auto/matrixType2.xml
----------------- Instantiating /home/travis/build/icyphy/ptII/ptolemy/actor/lib/test/auto/matrixType2.xml
4 ms. Memory: 1694208K Free: 638569K (38%)
----------------- Invoking toplevel() on ptolemy.moml.MoMLSimpleApplication@13225f5d
----------------- Done invoking toplevel() on ptolemy.moml.MoMLSimpleApplication@13225f5d
reloadAllAccessors: .matrixType2

===========================================================================================
----------------- testing Fri Mar 01 21:42:29 UTC 2019 /home/travis/build/icyphy/ptII/ptolemy/actor/lib/test/auto/matrixType3.xml
----------------- Instantiating /home/travis/build/icyphy/ptII/ptolemy/actor/lib/test/auto/matrixType3.xml
2 ms. Memory: 1694208K Free: 618996K (37%)
----------------- Invoking toplevel() on ptolemy.moml.MoMLSimpleApplication@3b14cbf8
----------------- Done invoking toplevel() on ptolemy.moml.MoMLSimpleApplication@3b14cbf8
reloadAllAccessors: .matrixType3

===========================================================================================
----------------- testing Fri Mar 01 21:42:29 UTC 2019 /home/travis/build/icyphy/ptII/ptolemy/actor/lib/test/auto/matrixType4.xml
----------------- Instantiating /home/travis/build/icyphy/ptII/ptolemy/actor/lib/test/auto/matrixType4.xml
1 ms. Memory: 1694208K Free: 603241K (36%)
----------------- Invoking toplevel() on ptolemy.moml.MoMLSimpleApplication@5666626c
----------------- Done invoking toplevel() on ptolemy.moml.MoMLSimpleApplication@5666626c
reloadAllAccessors: .matrixType4

===========================================================================================
----------------- testing Fri Mar 01 21:42:29 UTC 2019 /home/travis/build/icyphy/ptII/ptolemy/actor/lib/test/auto/matrixType5.xml
----------------- Instantiating /home/travis/build/icyphy/ptII/ptolemy/actor/lib/test/auto/matrixType5.xml
2 ms. Memory: 1694208K Free: 583668K (34%)
----------------- Invoking toplevel() on ptolemy.moml.MoMLSimpleApplication@51aca1a4
----------------- Done invoking toplevel() on ptolemy.moml.MoMLSimpleApplication@51aca1a4
reloadAllAccessors: .matrixType5

===========================================================================================
----------------- testing Fri Mar 01 21:42:29 UTC 2019 /home/travis/build/icyphy/ptII/ptolemy/actor/lib/test/auto/matrixType6.xml
----------------- Instantiating /home/travis/build/icyphy/ptII/ptolemy/actor/lib/test/auto/matrixType6.xml
1 ms. Memory: 1694208K Free: 564095K (33%)
----------------- Invoking toplevel() on ptolemy.moml.MoMLSimpleApplication@5df0002f
----------------- Done invoking toplevel() on ptolemy.moml.MoMLSimpleApplication@5df0002f
reloadAllAccessors: .matrixType6

===========================================================================================
----------------- testing Fri Mar 01 21:42:29 UTC 2019 /home/travis/build/icyphy/ptII/ptolemy/actor/lib/test/auto/matrixType7.xml
----------------- Instantiating /home/travis/build/icyphy/ptII/ptolemy/actor/lib/test/auto/matrixType7.xml
3 ms. Memory: 1694208K Free: 548340K (32%)
----------------- Invoking toplevel() on ptolemy.moml.MoMLSimpleApplication@56bec880
----------------- Done invoking toplevel() on ptolemy.moml.MoMLSimpleApplication@56bec880
reloadAllAccessors: .matrixType7

===========================================================================================
----------------- testing Fri Mar 01 21:42:29 UTC 2019 /home/travis/build/icyphy/ptII/ptolemy/actor/lib/test/auto/matrixType8.xml
----------------- Instantiating /home/travis/build/icyphy/ptII/ptolemy/actor/lib/test/auto/matrixType8.xml
1 ms. Memory: 1694208K Free: 528767K (31%)
----------------- Invoking toplevel() on ptolemy.moml.MoMLSimpleApplication@4d92dce2
----------------- Done invoking toplevel() on ptolemy.moml.MoMLSimpleApplication@4d92dce2
reloadAllAccessors: .matrixType8

===========================================================================================
----------------- testing Fri Mar 01 21:42:29 UTC 2019 /home/travis/build/icyphy/ptII/ptolemy/actor/lib/test/auto/matrixType9.xml
----------------- Instantiating /home/travis/build/icyphy/ptII/ptolemy/actor/lib/test/auto/matrixType9.xml
1 ms. Memory: 1694208K Free: 509194K (30%)
----------------- Invoking toplevel() on ptolemy.moml.MoMLSimpleApplication@6a955500
----------------- Done invoking toplevel() on ptolemy.moml.MoMLSimpleApplication@6a955500
reloadAllAccessors: .matrixType9

===========================================================================================
----------------- testing Fri Mar 01 21:42:29 UTC 2019 /home/travis/build/icyphy/ptII/ptolemy/actor/lib/test/auto/paraFunctest.xml
----------------- Instantiating /home/travis/build/icyphy/ptII/ptolemy/actor/lib/test/auto/paraFunctest.xml
3 ms. Memory: 1694208K Free: 493440K (29%)
----------------- Invoking toplevel() on ptolemy.moml.MoMLSimpleApplication@7681130a
----------------- Done invoking toplevel() on ptolemy.moml.MoMLSimpleApplication@7681130a
reloadAllAccessors: .paraFunctest

===========================================================================================
----------------- testing Fri Mar 01 21:42:29 UTC 2019 /home/travis/build/icyphy/ptII/ptolemy/actor/lib/test/auto/paraFunctest2.xml
----------------- Instantiating /home/travis/build/icyphy/ptII/ptolemy/actor/lib/test/auto/paraFunctest2.xml
2 ms. Memory: 1694208K Free: 473866K (28%)
----------------- Invoking toplevel() on ptolemy.moml.MoMLSimpleApplication@10b1cf1e
----------------- Done invoking toplevel() on ptolemy.moml.MoMLSimpleApplication@10b1cf1e
reloadAllAccessors: .paraFunctest2

===========================================================================================
----------------- testing Fri Mar 01 21:42:29 UTC 2019 /home/travis/build/icyphy/ptII/ptolemy/actor/lib/test/auto/parameterPassing.xml
----------------- Instantiating /home/travis/build/icyphy/ptII/ptolemy/actor/lib/test/auto/parameterPassing.xml
1 ms. Memory: 1694208K Free: 454293K (27%)
----------------- Invoking toplevel() on ptolemy.moml.MoMLSimpleApplication@75e09dcf
----------------- Done invoking toplevel() on ptolemy.moml.MoMLSimpleApplication@75e09dcf
reloadAllAccessors: .parameterPassing

===========================================================================================
----------------- testing Fri Mar 01 21:42:29 UTC 2019 /home/travis/build/icyphy/ptII/ptolemy/actor/lib/test/auto/record.xml
----------------- Instantiating /home/travis/build/icyphy/ptII/ptolemy/actor/lib/test/auto/record.xml
2 ms. Memory: 1694208K Free: 438539K (26%)
----------------- Invoking toplevel() on ptolemy.moml.MoMLSimpleApplication@5ea714ae
----------------- Done invoking toplevel() on ptolemy.moml.MoMLSimpleApplication@5ea714ae
reloadAllAccessors: .record

===========================================================================================
----------------- testing Fri Mar 01 21:42:29 UTC 2019 /home/travis/build/icyphy/ptII/ptolemy/actor/lib/test/auto/sizedarray1.xml
----------------- Instantiating /home/travis/build/icyphy/ptII/ptolemy/actor/lib/test/auto/sizedarray1.xml
1 ms. Memory: 1694208K Free: 418966K (25%)
----------------- Invoking toplevel() on ptolemy.moml.MoMLSimpleApplication@69b2fd53
----------------- Done invoking toplevel() on ptolemy.moml.MoMLSimpleApplication@69b2fd53
reloadAllAccessors: .sizedarray1

===========================================================================================
----------------- testing Fri Mar 01 21:42:29 UTC 2019 /home/travis/build/icyphy/ptII/ptolemy/actor/lib/test/auto/sizedarray2.xml
----------------- Instantiating /home/travis/build/icyphy/ptII/ptolemy/actor/lib/test/auto/sizedarray2.xml
2 ms. Memory: 1694208K Free: 399392K (24%)
----------------- Invoking toplevel() on ptolemy.moml.MoMLSimpleApplication@542b36f4
----------------- Done invoking toplevel() on ptolemy.moml.MoMLSimpleApplication@542b36f4
reloadAllAccessors: .sizedarray2

===========================================================================================
----------------- testing Fri Mar 01 21:42:29 UTC 2019 /home/travis/build/icyphy/ptII/ptolemy/actor/lib/test/auto/twoPublishers.xml
----------------- Instantiating /home/travis/build/icyphy/ptII/ptolemy/actor/lib/test/auto/twoPublishers.xml
2 ms. Memory: 1694208K Free: 365505K (22%)
----------------- Invoking toplevel() on ptolemy.moml.MoMLSimpleApplication@3f5e5c5
----------------- Done invoking toplevel() on ptolemy.moml.MoMLSimpleApplication@3f5e5c5
reloadAllAccessors: .twoPublishers
AutoTests.java: About to close Vertx.
AutoTests.java: Vertx closed.
]]></system-out>
  <system-err><![CDATA[java.lang.RuntimeException: Execution failed
	at ptolemy.moml.MoMLSimpleApplication$UnloadThread.run(MoMLSimpleApplication.java:402)
Caused by: java.lang.RuntimeException: StringUtilities.exit() was called. Normally, we would exit here because Manager.exitAfterWrapup() was called.  However, because the ptolemy.ptII.exitAfterWrapup property is set, we throw this exception instead.
	at ptolemy.util.StringUtilities.exit(StringUtilities.java:363)
	at ptolemy.actor.Manager.wrapup(Manager.java:1531)
	at ptolemy.actor.Manager.execute(Manager.java:407)
	at ptolemy.actor.Manager.run(Manager.java:1263)
	at ptolemy.actor.Manager$PtolemyRunThread.run(Manager.java:1915)
Warning: '.top.test' is in training mode, set the trainingMode parameter to false before checking in
Warning: '.top.test' is in training mode, set the trainingMode parameter to false before checking in
Warning: '.top.test' is in training mode, set the trainingMode parameter to false before checking in
Warning: '.BooleanSwitch_RegressionTest_WrongTrainingValues.Test' is in training mode, set the trainingMode parameter to false before checking in
Warning: '.BooleanSwitch_RegressionTest_WrongTrainingValues.Test2' is in training mode, set the trainingMode parameter to false before checking in
Warning: '.BooleanSwitch_RegressionTest_WrongTrainingValues.Test2' The test produced 0 tokens.
Warning: '.top.testExceptionHandler' is in training mode, set the trainingMode parameter to false before checking in
java.lang.RuntimeException: Execution failed
	at ptolemy.moml.MoMLSimpleApplication$UnloadThread.run(MoMLSimpleApplication.java:402)
Caused by: ptolemy.kernel.util.IllegalActionException: PublisherPorts cannot be used at the top level, use a Publisher actor instead.
  in .PublisherPortToplevelSubscriber.PublisherPort
	at ptolemy.actor.PublisherPort.preinitialize(PublisherPort.java:403)
	at ptolemy.actor.CompositeActor.preinitialize(CompositeActor.java:1769)
	at ptolemy.actor.Manager.preinitializeAndResolveTypes(Manager.java:1040)
	at ptolemy.actor.Manager.initialize(Manager.java:710)
	at ptolemy.actor.Manager.execute(Manager.java:356)
	at ptolemy.actor.Manager.run(Manager.java:1263)
	at ptolemy.actor.Manager$PtolemyRunThread.run(Manager.java:1915)
java.lang.reflect.InvocationTargetException
	at sun.reflect.NativeConstructorAccessorImpl.newInstance0(Native Method)
	at sun.reflect.NativeConstructorAccessorImpl.newInstance(NativeConstructorAccessorImpl.java:62)
	at sun.reflect.DelegatingConstructorAccessorImpl.newInstance(DelegatingConstructorAccessorImpl.java:45)
	at java.lang.reflect.Constructor.newInstance(Constructor.java:423)
	at ptolemy.util.test.junit.AutoKnownFailedTests.RunModel(AutoKnownFailedTests.java:105)
	at sun.reflect.NativeMethodAccessorImpl.invoke0(Native Method)
	at sun.reflect.NativeMethodAccessorImpl.invoke(NativeMethodAccessorImpl.java:62)
	at sun.reflect.DelegatingMethodAccessorImpl.invoke(DelegatingMethodAccessorImpl.java:43)
	at java.lang.reflect.Method.invoke(Method.java:498)
	at org.junit.runners.model.FrameworkMethod$1.runReflectiveCall(FrameworkMethod.java:44)
	at org.junit.internal.runners.model.ReflectiveCallable.run(ReflectiveCallable.java:15)
	at org.junit.runners.model.FrameworkMethod.invokeExplosively(FrameworkMethod.java:41)
	at junitparams.internal.InvokeParameterisedMethod.evaluate(InvokeParameterisedMethod.java:102)
	at org.junit.internal.runners.statements.FailOnTimeout$1.run(FailOnTimeout.java:28)
Caused by: ptolemy.kernel.util.IllegalActionException: PublisherPorts cannot be used at the top level, use a Publisher actor instead.
  in .PublisherPortToplevelSubscriber.PublisherPort
	at ptolemy.actor.PublisherPort.preinitialize(PublisherPort.java:403)
	at ptolemy.actor.CompositeActor.preinitialize(CompositeActor.java:1769)
	at ptolemy.actor.Manager.preinitializeAndResolveTypes(Manager.java:1040)
	at ptolemy.actor.Manager.initialize(Manager.java:710)
	at ptolemy.actor.Manager.execute(Manager.java:356)
	at ptolemy.actor.Manager.run(Manager.java:1263)
	at ptolemy.actor.Manager$PtolemyRunThread.run(Manager.java:1915)
java.lang.RuntimeException: Execution failed
	at ptolemy.moml.MoMLSimpleApplication$UnloadThread.run(MoMLSimpleApplication.java:402)
Caused by: ptolemy.kernel.util.IllegalActionException: SubscriberPorts cannot be used at the top level, use a Subscriber actor instead.
  in .PublisherSubscriberPortToplevel.SubscriberPort
	at ptolemy.actor.SubscriberPort.preinitialize(SubscriberPort.java:328)
	at ptolemy.actor.CompositeActor.preinitialize(CompositeActor.java:1769)
	at ptolemy.actor.Manager.preinitializeAndResolveTypes(Manager.java:1040)
	at ptolemy.actor.Manager.initialize(Manager.java:710)
	at ptolemy.actor.Manager.execute(Manager.java:356)
	at ptolemy.actor.Manager.run(Manager.java:1263)
	at ptolemy.actor.Manager$PtolemyRunThread.run(Manager.java:1915)
java.lang.reflect.InvocationTargetException
	at sun.reflect.NativeConstructorAccessorImpl.newInstance0(Native Method)
	at sun.reflect.NativeConstructorAccessorImpl.newInstance(NativeConstructorAccessorImpl.java:62)
	at sun.reflect.DelegatingConstructorAccessorImpl.newInstance(DelegatingConstructorAccessorImpl.java:45)
	at java.lang.reflect.Constructor.newInstance(Constructor.java:423)
	at ptolemy.util.test.junit.AutoKnownFailedTests.RunModel(AutoKnownFailedTests.java:105)
	at sun.reflect.NativeMethodAccessorImpl.invoke0(Native Method)
	at sun.reflect.NativeMethodAccessorImpl.invoke(NativeMethodAccessorImpl.java:62)
	at sun.reflect.DelegatingMethodAccessorImpl.invoke(DelegatingMethodAccessorImpl.java:43)
	at java.lang.reflect.Method.invoke(Method.java:498)
	at org.junit.runners.model.FrameworkMethod$1.runReflectiveCall(FrameworkMethod.java:44)
	at org.junit.internal.runners.model.ReflectiveCallable.run(ReflectiveCallable.java:15)
	at org.junit.runners.model.FrameworkMethod.invokeExplosively(FrameworkMethod.java:41)
	at junitparams.internal.InvokeParameterisedMethod.evaluate(InvokeParameterisedMethod.java:102)
	at org.junit.internal.runners.statements.FailOnTimeout$1.run(FailOnTimeout.java:28)
Caused by: ptolemy.kernel.util.IllegalActionException: SubscriberPorts cannot be used at the top level, use a Subscriber actor instead.
  in .PublisherSubscriberPortToplevel.SubscriberPort
	at ptolemy.actor.SubscriberPort.preinitialize(SubscriberPort.java:328)
	at ptolemy.actor.CompositeActor.preinitialize(CompositeActor.java:1769)
	at ptolemy.actor.Manager.preinitializeAndResolveTypes(Manager.java:1040)
	at ptolemy.actor.Manager.initialize(Manager.java:710)
	at ptolemy.actor.Manager.execute(Manager.java:356)
	at ptolemy.actor.Manager.run(Manager.java:1263)
	at ptolemy.actor.Manager$PtolemyRunThread.run(Manager.java:1915)
java.lang.RuntimeException: Execution failed
	at ptolemy.moml.MoMLSimpleApplication$UnloadThread.run(MoMLSimpleApplication.java:402)
Caused by: ptolemy.kernel.util.IllegalActionException: SubscriptionAggregatorPorts cannot be used at the top level, use a SubscriptionAggregator actor instead.
  in .PublisherSubscriptionAggregatorPort.SubscriptionAggregatorPort
	at ptolemy.actor.SubscriptionAggregatorPort.preinitialize(SubscriptionAggregatorPort.java:353)
	at ptolemy.actor.CompositeActor.preinitialize(CompositeActor.java:1769)
	at ptolemy.actor.Manager.preinitializeAndResolveTypes(Manager.java:1040)
	at ptolemy.actor.Manager.initialize(Manager.java:710)
	at ptolemy.actor.Manager.execute(Manager.java:356)
	at ptolemy.actor.Manager.run(Manager.java:1263)
	at ptolemy.actor.Manager$PtolemyRunThread.run(Manager.java:1915)
java.lang.reflect.InvocationTargetException
	at sun.reflect.NativeConstructorAccessorImpl.newInstance0(Native Method)
	at sun.reflect.NativeConstructorAccessorImpl.newInstance(NativeConstructorAccessorImpl.java:62)
	at sun.reflect.DelegatingConstructorAccessorImpl.newInstance(DelegatingConstructorAccessorImpl.java:45)
	at java.lang.reflect.Constructor.newInstance(Constructor.java:423)
	at ptolemy.util.test.junit.AutoKnownFailedTests.RunModel(AutoKnownFailedTests.java:105)
	at sun.reflect.NativeMethodAccessorImpl.invoke0(Native Method)
	at sun.reflect.NativeMethodAccessorImpl.invoke(NativeMethodAccessorImpl.java:62)
	at sun.reflect.DelegatingMethodAccessorImpl.invoke(DelegatingMethodAccessorImpl.java:43)
	at java.lang.reflect.Method.invoke(Method.java:498)
	at org.junit.runners.model.FrameworkMethod$1.runReflectiveCall(FrameworkMethod.java:44)
	at org.junit.internal.runners.model.ReflectiveCallable.run(ReflectiveCallable.java:15)
	at org.junit.runners.model.FrameworkMethod.invokeExplosively(FrameworkMethod.java:41)
	at junitparams.internal.InvokeParameterisedMethod.evaluate(InvokeParameterisedMethod.java:102)
	at org.junit.internal.runners.statements.FailOnTimeout$1.run(FailOnTimeout.java:28)
Caused by: ptolemy.kernel.util.IllegalActionException: SubscriptionAggregatorPorts cannot be used at the top level, use a SubscriptionAggregator actor instead.
  in .PublisherSubscriptionAggregatorPort.SubscriptionAggregatorPort
	at ptolemy.actor.SubscriptionAggregatorPort.preinitialize(SubscriptionAggregatorPort.java:353)
	at ptolemy.actor.CompositeActor.preinitialize(CompositeActor.java:1769)
	at ptolemy.actor.Manager.preinitializeAndResolveTypes(Manager.java:1040)
	at ptolemy.actor.Manager.initialize(Manager.java:710)
	at ptolemy.actor.Manager.execute(Manager.java:356)
	at ptolemy.actor.Manager.run(Manager.java:1263)
	at ptolemy.actor.Manager$PtolemyRunThread.run(Manager.java:1915)
java.lang.RuntimeException: Execution failed
	at ptolemy.moml.MoMLSimpleApplication$UnloadThread.run(MoMLSimpleApplication.java:402)
Caused by: ptolemy.kernel.util.IllegalActionException: TypeTest actor has no training data.
  in .sizedarray3.TypeTest
	at ptolemy.actor.lib.TypeTest.initialize(TypeTest.java:250)
	at ptolemy.actor.Director.initialize(Director.java:938)
	at ptolemy.actor.Director.initialize(Director.java:907)
	at ptolemy.actor.sched.StaticSchedulingDirector.initialize(StaticSchedulingDirector.java:159)
	at ptolemy.domains.sdf.kernel.SDFDirector.initialize(SDFDirector.java:544)
	at ptolemy.actor.CompositeActor.initialize(CompositeActor.java:935)
	at ptolemy.actor.Manager.initialize(Manager.java:724)
	at ptolemy.actor.Manager.execute(Manager.java:356)
	at ptolemy.actor.Manager.run(Manager.java:1263)
	at ptolemy.actor.Manager$PtolemyRunThread.run(Manager.java:1915)
java.lang.reflect.InvocationTargetException
	at sun.reflect.NativeConstructorAccessorImpl.newInstance0(Native Method)
	at sun.reflect.NativeConstructorAccessorImpl.newInstance(NativeConstructorAccessorImpl.java:62)
	at sun.reflect.DelegatingConstructorAccessorImpl.newInstance(DelegatingConstructorAccessorImpl.java:45)
	at java.lang.reflect.Constructor.newInstance(Constructor.java:423)
	at ptolemy.util.test.junit.AutoKnownFailedTests.RunModel(AutoKnownFailedTests.java:105)
	at sun.reflect.NativeMethodAccessorImpl.invoke0(Native Method)
	at sun.reflect.NativeMethodAccessorImpl.invoke(NativeMethodAccessorImpl.java:62)
	at sun.reflect.DelegatingMethodAccessorImpl.invoke(DelegatingMethodAccessorImpl.java:43)
	at java.lang.reflect.Method.invoke(Method.java:498)
	at org.junit.runners.model.FrameworkMethod$1.runReflectiveCall(FrameworkMethod.java:44)
	at org.junit.internal.runners.model.ReflectiveCallable.run(ReflectiveCallable.java:15)
	at org.junit.runners.model.FrameworkMethod.invokeExplosively(FrameworkMethod.java:41)
	at junitparams.internal.InvokeParameterisedMethod.evaluate(InvokeParameterisedMethod.java:102)
	at org.junit.internal.runners.statements.FailOnTimeout$1.run(FailOnTimeout.java:28)
Caused by: ptolemy.kernel.util.IllegalActionException: TypeTest actor has no training data.
  in .sizedarray3.TypeTest
	at ptolemy.actor.lib.TypeTest.initialize(TypeTest.java:250)
	at ptolemy.actor.Director.initialize(Director.java:938)
	at ptolemy.actor.Director.initialize(Director.java:907)
	at ptolemy.actor.sched.StaticSchedulingDirector.initialize(StaticSchedulingDirector.java:159)
	at ptolemy.domains.sdf.kernel.SDFDirector.initialize(SDFDirector.java:544)
	at ptolemy.actor.CompositeActor.initialize(CompositeActor.java:935)
	at ptolemy.actor.Manager.initialize(Manager.java:724)
	at ptolemy.actor.Manager.execute(Manager.java:356)
	at ptolemy.actor.Manager.run(Manager.java:1263)
	at ptolemy.actor.Manager$PtolemyRunThread.run(Manager.java:1915)
]]></system-err>
</testsuite>
