<?xml version="1.0" encoding="UTF-8" ?>
<testsuite errors="0" failures="0" hostname="travis-job-3892a237-a3ea-479d-bf7c-243c34dc0f42" name="ptolemy.domains.de.test.junit.JUnitTclTest" skipped="0" tests="101" time="123.716" timestamp="2020-07-02T14:55:15">
  <properties>
    <property name="npm.executable" value="npm" />
    <property name="env.TRAVIS_ROOT" value="/" />
    <property name="ptII.mk.exists" value="true" />
    <property name="env.TRAVIS_APP_HOST" value="build.travis-ci.org" />
    <property name="env.rvm_bin_path" value="/home/travis/.rvm/bin" />
    <property name="java.home" value="/usr/local/lib/jvm/openjdk11" />
    <property name="env.TRAVIS_JOB_NUMBER" value="1679.9" />
    <property name="env.TRAVIS_HOME" value="/home/travis" />
    <property name="env.DISPLAY" value=":99.0" />
    <property name="env.TRAVIS_INIT" value="systemd" />
    <property name="env.SSH_TTY" value="/dev/pts/0" />
    <property name="java.net.preferIPv4Stack" value="true" />
    <property name="env.RUN_TESTS" value="true" />
    <property name="timeout.short" value="1000000" />
    <property name="junit.formatter" value="xml" />
    <property name="env.TRAVIS_SUDO" value="true" />
    <property name="env.TRAVIS_JOB_NAME" value="" />
    <property name="env.TRAVIS_STACK_NODE_ATTRIBUTES" value="/.node-attributes.yml" />
    <property name="env.LOGNAME" value="travis" />
    <property name="jsdoc.home" value="node_modules/@terraswarm/jsdoc" />
    <property name="debuglevel" value="source,lines,vars" />
    <property name="checkstyle.formatter" value="xml" />
    <property name="env._system_version" value="16.04" />
    <property name="bin.vergil.makeable" value="true" />
    <property name="sun.os.patch.level" value="unknown" />
    <property name="java.vendor.url" value="http://java.oracle.com/" />
    <property name="env.TRAVIS_BUILD_WEB_URL" value="https://travis-ci.org/icyphy/ptII/builds/704346386" />
    <property name="java.version" value="11.0.2" />
    <property name="env.TZ" value="UTC" />
    <property name="env.TRAVIS_PULL_REQUEST_SHA" value="" />
    <property name="env.PT_NO_NET" value="true" />
    <property name="env.TRAVIS_SECURE_ENV_VARS" value="true" />
    <property name="env._system_type" value="Linux" />
    <property name="java.vendor.url.bug" value="http://bugreport.java.com/bugreport/" />
    <property name="npmjs-org-is-up" value="true" />
    <property name="env.LANGUAGE" value="en_US.UTF-8" />
    <property name="env.SSH_CLIENT" value="10.16.2.94 35086 22" />
    <property name="env.GEM_HOME" value="/home/travis/.rvm/gems/ruby-2.5.3" />
    <property name="env.HAS_ANTARES_THREE_LITTLE_FRONZIES_BADGE" value="true" />
    <property name="java.version.date" value="2019-01-15" />
    <property name="env.PS4" value="+" />
    <property name="ant.project.invoked-targets" value="build,test.core2.xml" />
    <property name="env.TRAVIS_PULL_REQUEST_BRANCH" value="" />
    <property name="env.TRAVIS_REPO_SLUG" value="icyphy/ptII" />
    <property name="env.XDG_DATA_DIRS" value="/usr/local/share:/usr/share:/var/lib/snapd/desktop" />
    <property name="jdk.debug" value="release" />
    <property name="env.TRAVIS_APT_PROXY" value="http://build-cache.travisci.net" />
    <property name="env.TRAVIS_CPU_ARCH" value="amd64" />
    <property name="node.in.path" value="true" />
    <property name="user.name" value="travis" />
    <property name="java.maxmemory" value="1400m" />
    <property name="env.RUBY_VERSION" value="ruby-2.5.3" />
    <property name="env.LANG" value="en_US.UTF-8" />
    <property name="sun.io.unicode.encoding" value="UnicodeLittle" />
    <property name="sun.jnu.encoding" value="UTF-8" />
    <property name="java.runtime.name" value="OpenJDK Runtime Environment" />
    <property name="usefile" value="false" />
    <property name="return.code" value="0" />
    <property name="junit.single.formatter" value="plain" />
    <property name="env.DYLD_LIBRARY_PATH" value="/home/travis/pthla/certi-tools/lib:" />
    <property name="env.DEBIAN_FRONTEND" value="noninteractive" />
    <property name="env.SSH_CONNECTION" value="10.16.2.94 35086 10.20.0.243 22" />
    <property name="env.MYSQL_UNIX_PORT" value="/var/run/mysqld/mysqld.sock" />
    <property name="env.LC_ALL" value="en_US.UTF-8" />
    <property name="env.TRAVIS_ALLOW_FAILURE" value="" />
    <property name="env.TRAVIS_JOB_WEB_URL" value="https://travis-ci.org/icyphy/ptII/jobs/704346399" />
    <property name="java.specification.name" value="Java Platform API Specification" />
    <property name="node.works" value="true" />
    <property name="user.timezone" value="" />
    <property name="path.separator" value=":" />
    <property name="env.TRAVIS_ENABLE_INFRA_DETECTION" value="true" />
    <property name="env.PYTHON_CFLAGS" value="-g -fstack-protector --param=ssp-buffer-size=4 -Wformat -Werror=format-security" />
    <property name="timeout.long" value="4000000" />
    <property name="env.CERTI_HOME" value="/home/travis/pthla/certi-tools" />
    <property name="ant.file.ptII" value="/home/travis/build/icyphy/ptII/build.xml" />
    <property name="javadoc.packagenames" value="com.*,diva.*,lbnl.*,org.hlacerti.*,org.json.*,org.ptolemy.*,org.terraswarm.*,ptolemy.*,ptserver.*" />
    <property name="file.encoding" value="UTF-8" />
    <property name="env.TRAVIS_PULL_REQUEST_SLUG" value="" />
    <property name="ant.project.default-target" value="build" />
    <property name="env.GIT_ASKPASS" value="echo" />
    <property name="env.HOME" value="/home/travis" />
    <property name="sun.java.command" value="org.apache.tools.ant.taskdefs.optional.junit.JUnitTestRunner ptolemy.domains.de.test.junit.JUnitTclTest skipNonTests=false filtertrace=true haltOnError=false haltOnFailure=false formatter=org.apache.tools.ant.taskdefs.optional.junit.OutErrSummaryJUnitResultFormatter showoutput=true outputtoformatters=true logfailedtests=true threadid=0 logtestlistenerevents=false formatter=org.apache.tools.ant.taskdefs.optional.junit.XMLJUnitResultFormatter,/home/travis/build/icyphy/ptII/reports/junit/TEST-ptolemy.domains.de.test.junit.JUnitTclTest.xml crashfile=/home/travis/build/icyphy/ptII/junitvmwatcher13291273597963873982.properties propsfile=/home/travis/build/icyphy/ptII/junit6195112175422779846.properties" />
    <property name="env.COMPOSER_NO_INTERACTION" value="1" />
    <property name="env.MANPATH" value="/home/travis/.nvm/versions/node/v7.10.1/share/man:/home/travis/.rvm/rubies/ruby-2.5.3/share/man:/usr/local/cmake-3.12.4/man:/usr/local/clang-7.0.0/share/man:/usr/local/man:/usr/local/share/man:/usr/share/man:/home/travis/.rvm/man" />
    <property name="env.TRAVIS_TIMER_ID" value="007667f4" />
    <property name="ant.file" value="/home/travis/build/icyphy/ptII/build.xml" />
    <property name="env.TRAVIS_COMMIT_RANGE" value="3e950cfe0f3c004454147d0a7dfedd7f8d8e77cc...52bfcaaec950ad6b43d11ffdb9cd3f924b0c1f76" />
    <property name="env._system_name" value="Ubuntu" />
    <property name="ptII.classpath.optional.property" value="/home/travis/build/icyphy/ptII/lib/bsh-2.0b4.jar:/home/travis/build/icyphy/ptII/lib/ptCal.jar:/home/travis/build/icyphy/ptII/lib/java_cup.jar:/home/travis/build/icyphy/ptII/lib/saxon8.jar:/home/travis/build/icyphy/ptII/lib/saxon8-dom.jar:/home/travis/build/icyphy/ptII/lib/chic.jar:/home/travis/build/icyphy/ptII/lib/ptcolt.jar:/home/travis/build/icyphy/ptII/vendors/misc/itext/iText.jar:/home/travis/build/icyphy/ptII/lib/g4ltl.jar:/home/travis/build/icyphy/ptII/lib/StructuralCoder.jar:/home/travis/build/icyphy/ptII/lib/jcerti.jar:/home/travis/build/icyphy/ptII/lib/javax.mail.jar:/home/travis/build/icyphy/ptII/vendors/JMF-2.1.1e/lib/jmf.jar:/home/travis/build/icyphy/ptII/lib/jna-4.0.0-variadic.jar:/home/travis/build/icyphy/ptII/vendors/misc/joystick/Joystick.jar:/home/travis/build/icyphy/ptII/lib/ptjacl.jar:/home/travis/build/icyphy/ptII/lib/jsoup-1.8.2.jar:/home/travis/build/icyphy/ptII/lib/junit-4.8.2.jar:/home/travis/build/icyphy/ptII/lib/JUnitParams-0.4.0.jar:/home/travis/build/icyphy/ptII/ptolemy/actor/lib/excel/jxl.jar:/home/travis/build/icyphy/ptII/lib/jython.jar:/home/travis/build/icyphy/ptII/lib/kieler.jar:/home/travis/build/icyphy/ptII/vendors/opencv/share/OpenCV/java/opencv-341.jar:/home/travis/build/icyphy/ptII/lib/oscP5.jar:/home/travis/build/icyphy/ptII/lib/nrjavaserial-3.11.0.devel.jar:/home/travis/build/icyphy/ptII/vendors/j3d/lib/Linux/j3dcore.jar:/home/travis/build/icyphy/ptII/vendors/j3d/lib/Linux/j3dutils.jar:/home/travis/build/icyphy/ptII/vendors/j3d/lib/Linux/vecmath.jar:/home/travis/build/icyphy/ptII/vendors/jogl/lib/Linux/gluegen-rt-natives-linux-amd64.jar:/home/travis/build/icyphy/ptII/vendors/jogl/lib/Linux/gluegen-rt.jar:/home/travis/build/icyphy/ptII/vendors/jogl/lib/Linux/jogl-all-natives-linux-amd64.jar:/home/travis/build/icyphy/ptII/vendors/jogl/lib/Linux/jogl-all.jar:/home/travis/build/icyphy/ptII/ptolemy/distributed/jini/jar/jini-core.jar:/home/travis/build/icyphy/ptII/ptolemy/distributed/jini/jar/jini-ext.jar:/home/travis/build/icyphy/ptII/ptolemy/distributed/jini/jar/sun-util.jar:/home/travis/build/icyphy/ptII/lib/protobuf-java-2.4.1.jar:/home/travis/build/icyphy/ptII/lib/org.eclipse.paho.client.mqttv3.jar:/home/travis/build/icyphy/ptII/lib/mapss.jar:/home/travis/build/icyphy/ptII/ptolemy/actor/ptalon/antlr/antlr.jar:/home/travis/build/icyphy/ptII/lib/JRI.jar:/home/travis/build/icyphy/ptII/lib/commons-lang-2.6.jar:/home/travis/build/icyphy/ptII/lib/commons-logging-1.1.1.jar:/home/travis/build/icyphy/ptII/lib/sootclasses.jar:/home/travis/build/icyphy/ptII/ptolemy/actor/lib/database/mysql-connector-java-5.1.6-bin.jar:/home/travis/build/icyphy/ptII/vendors/misc/sphinx4/sphinx4-data-5prealpha.jar:/home/travis/build/icyphy/ptII/vendors/misc/sphinx4/sphinx4-core-5prealpha.jar:/home/travis/build/icyphy/ptII/lib/PDFRenderer.jar:/home/travis/build/icyphy/ptII/lib/svgSalamander.jar:/home/travis/build/icyphy/ptII/lib/rsyntaxtextarea-2.6.0-SNAPSHOT.jar:/home/travis/build/icyphy/ptII/lib/hazelcast-3.8.2.jar:/home/travis/build/icyphy/ptII/lib/jackson-annotations-2.9.0.jar:/home/travis/build/icyphy/ptII/lib/jackson-core-2.9.3.jar:/home/travis/build/icyphy/ptII/lib/jackson-databind-2.9.3.jar:/home/travis/build/icyphy/ptII/lib/netty-buffer-4.1.19.Final.jar:/home/travis/build/icyphy/ptII/lib/netty-codec-4.1.19.Final.jar:/home/travis/build/icyphy/ptII/lib/netty-codec-dns-4.1.19.Final.jar:/home/travis/build/icyphy/ptII/lib/netty-codec-http-4.1.19.Final.jar:/home/travis/build/icyphy/ptII/lib/netty-codec-http2-4.1.19.Final.jar:/home/travis/build/icyphy/ptII/lib/netty-common-4.1.19.Final.jar:/home/travis/build/icyphy/ptII/lib/netty-handler-4.1.19.Final.jar:/home/travis/build/icyphy/ptII/lib/netty-resolver-4.1.19.Final.jar:/home/travis/build/icyphy/ptII/lib/netty-resolver-dns-4.1.19.Final.jar:/home/travis/build/icyphy/ptII/lib/netty-transport-4.1.19.Final.jar:/home/travis/build/icyphy/ptII/lib/vertx-codegen-3.5.1.jar:/home/travis/build/icyphy/ptII/lib/vertx-core-3.5.2-SNAPSHOT.jar:/home/travis/build/icyphy/ptII/lib/vertx-hazelcast-3.5.1.jar:/home/travis/build/icyphy/ptII/lib/vertx-lang-js-3.5.1.jar:/home/travis/build/icyphy/ptII/lib/vertx-service-proxy-3.5.1.jar:/home/travis/build/icyphy/ptII/lib/vertx-web-3.5.1.jar:/home/travis/build/icyphy/ptII/lib/slf4j-api-1.7.13.jar:/home/travis/build/icyphy/ptII/lib/slf4j-simple-1.7.13.jar:/home/travis/build/icyphy/ptII/lib/webcam-capture-0.3.12.jar:/home/travis/build/icyphy/ptII/lib/bridj-0.7.0.jar:/home/travis/build/icyphy/ptII/lib/xbjlib-1.1.0.nrjavaserial.jar" />
    <property name="timeout" value="2400000" />
    <property name="test.batch" value="**/junit/*.java" />
    <property name="env._" value="/usr/bin/timeout" />
    <property name="java.io.tmpdir" value="/tmp" />
    <property name="user.language" value="en" />
    <property name="env.TRAVIS_INTERNAL_RUBY_REGEX" value="^ruby-(2\.[0-4]\.[0-9]|1\.9\.3)" />
    <property name="env.HISTCONTROL" value="ignoredups:ignorespace" />
    <property name="env.GOROOT" value="/home/travis/.gimme/versions/go1.11.1.linux.amd64" />
    <property name="line.separator" value="&#xa;" />
    <property name="target" value="11" />
    <property name="env.TRAVIS_BUILD_DIR" value="/home/travis/build/icyphy/ptII" />
    <property name="env.ANT_OPTS" value="-Xmx2048m" />
    <property name="ant.file.type" value="file" />
    <property name="ptolemy.ptII.batchMode" value="true" />
    <property name="env.HISTSIZE" value="1000" />
    <property name="env.MERB_ENV" value="test" />
    <property name="java.vm.info" value="mixed mode" />
    <property name="source" value="11" />
    <property name="java.vm.specification.name" value="Java Virtual Machine Specification" />
    <property name="env.TRAVIS_TEST_RESULT" value="0" />
    <property name="jsdoc.command" value="node_modules/@terraswarm/jsdoc/jsdoc.js" />
    <property name="npm.works" value="true" />
    <property name="cobertura.dir" value="/home/travis/build/icyphy/ptII/vendors/cobertura-2.0.3" />
    <property name="jsdoc.command.exists" value="true" />
    <property name="env.rvm_path" value="/home/travis/.rvm" />
    <property name="env.GEM_PATH" value="/home/travis/.rvm/gems/ruby-2.5.3:/home/travis/.rvm/gems/ruby-2.5.3@global" />
    <property name="env.LC_CTYPE" value="en_US.UTF-8" />
    <property name="env.TRAVIS_CMD" value="$PTII/bin/ptIITravisBuild.sh $SECONDS" />
    <property name="java.awt.printerjob" value="sun.print.PSPrinterJob" />
    <property name="env.TRAVIS_STACK_NAME" value="sardonyx" />
    <property name="env.TRAVIS_TIMER_START_TIME" value="1593701522827631070" />
    <property name="ant.version" value="Apache Ant(TM) version 1.10.1 compiled on February 2 2017" />
    <property name="ptII.reports" value="/home/travis/build/icyphy/ptII/reports" />
    <property name="env.TRAVIS_STACK_TIMESTAMP" value="2019-03-25 16:16:56 UTC" />
    <property name="ant.file.type.ptII" value="file" />
    <property name="env.RBENV_SHELL" value="bash" />
    <property name="os.name" value="Linux" />
    <property name="java.specification.vendor" value="Oracle Corporation" />
    <property name="env.rvm_version" value="1.29.7 (latest)" />
    <property name="env.TRAVIS_INFRA" value="unknown" />
    <property name="env.TERM" value="xterm" />
    <property name="java.vm.name" value="OpenJDK 64-Bit Server VM" />
    <property name="env.TRAVIS_BUILD_NUMBER" value="1679" />
    <property name="env.CI" value="true" />
    <property name="java.library.path" value="/home/travis/pthla/certi-tools/lib:/usr/lib/jni:/usr/local/share/OpenCV/java/:/usr/share/OpenCV/java::/usr/java/packages/lib:/usr/lib64:/lib64:/lib:/usr/lib" />
    <property name="jdk.module.path" value="/home/travis/build/icyphy/ptII/vendors/javafx/javafx-sdk-11.0.2/lib:" />
    <property name="env.rvm_prefix" value="/home/travis" />
    <property name="env.PATH" value="/home/travis/pthla/certi-tools/share/scripts:/home/travis/.rvm/gems/ruby-2.5.3/bin:/home/travis/.rvm/gems/ruby-2.5.3@global/bin:/home/travis/.rvm/rubies/ruby-2.5.3/bin:/home/travis/.rvm/bin:/home/travis/.nvm/versions/node/v7.10.1/bin:./node_modules/.bin:/home/travis/build/icyphy/ptII/bin:/home/travis/pthla/certi-tools/bin:/home/travis/bin:/home/travis/.local/bin:/usr/local/lib/jvm/openjdk11/bin:/opt/pyenv/shims:/home/travis/.phpenv/shims:/home/travis/perl5/perlbrew/bin:/home/travis/gopath/bin:/home/travis/.gimme/versions/go1.11.1.linux.amd64/bin:/usr/local/maven-3.6.0/bin:/usr/local/cmake-3.12.4/bin:/usr/local/clang-7.0.0/bin:/usr/local/sbin:/usr/local/bin:/usr/sbin:/usr/bin:/sbin:/bin:/snap/bin:/home/travis/.phpenv/bin:/opt/pyenv/bin:/home/travis/.yarn/bin" />
    <property name="env.TRAVIS_OS_NAME" value="linux" />
    <property name="ant.java.version" value="9" />
    <property name="basedir" value="/home/travis/build/icyphy/ptII" />
    <property name="java.class.version" value="55.0" />
    <property name="env.SHLVL" value="3" />
    <property name="env.LD_LIBRARY_PATH" value="/home/travis/pthla/certi-tools/lib:/usr/lib/jni:/usr/local/share/OpenCV/java/:/usr/share/OpenCV/java:" />
    <property name="env.RACK_ENV" value="test" />
    <property name="ant.home" value="/home/travis/build/icyphy/ptII/ant" />
    <property name="env.NVM_DIR" value="/home/travis/.nvm" />
    <property name="env.CERTI_FOM_PATH" value="/home/travis/pthla/certi-tools/share/federations" />
    <property name="env.TRAVIS_BUILD_ID" value="704346386" />
    <property name="env.PYENV_ROOT" value="/opt/pyenv" />
    <property name="env.TRAVIS_UID" value="2000" />
    <property name="prism.verbose" value="true" />
    <property name="env.NVM_BIN" value="/home/travis/.nvm/versions/node/v7.10.1/bin" />
    <property name="env.TRAVIS_COMMIT" value="52bfcaaec950ad6b43d11ffdb9cd3f924b0c1f76" />
    <property name="env._system_arch" value="x86_64" />
    <property name="node.executable" value="node" />
    <property name="sun.boot.library.path" value="/usr/local/lib/jvm/openjdk11/lib" />
    <property name="sun.management.compiler" value="HotSpot 64-Bit Tiered Compilers" />
    <property name="java.awt.graphicsenv" value="sun.awt.X11GraphicsEnvironment" />
    <property name="env.GOPATH" value="/home/travis/gopath" />
    <property name="ptolemy.ptII.dir" value="/home/travis/build/icyphy/ptII" />
    <property name="env.USER" value="travis" />
    <property name="env.HISTFILESIZE" value="2000" />
    <property name="env.NVM_INC" value="/home/travis/.nvm/versions/node/v7.10.1/include/node" />
    <property name="timeout.longest" value="19000000" />
    <property name="env.PERLBREW_SHELLRC_VERSION" value="0.86" />
    <property name="env.TRAVIS_STACK_FEATURES" value="basic couchdb disabled-ipv6 docker docker-compose elasticsearch firefox go-toolchain google-chrome jdk memcached mongodb mysql nodejs_interpreter perl_interpreter perlbrew phantomjs postgresql python_interpreter redis ruby_interpreter sqlite xserver" />
    <property name="env.TRAVIS_PULL_REQUEST" value="false" />
    <property name="env.PYENV_SHELL" value="bash" />
    <property name="ant.project.name" value="ptII" />
    <property name="env.ANSI_RESET" value="\033[0m" />
    <property name="java.vm.specification.version" value="11" />
    <property name="env.TRAVIS_DIST" value="xenial" />
    <property name="env.CERTI_VERSION" value="4.0.0" />
    <property name="env.CERTI_HOST" value="localhost" />
    <property name="awt.toolkit" value="sun.awt.X11.XToolkit" />
    <property name="env.MY_RUBY_HOME" value="/home/travis/.rvm/rubies/ruby-2.5.3" />
    <property name="sun.cpu.isalist" value="" />
    <property name="env.TRAVIS_TMPDIR" value="/tmp/tmp.2nzlqJrK7x" />
    <property name="java.vm.compressedOopsMode" value="Zero based" />
    <property name="os.version" value="4.15.0-1028-gcp" />
    <property name="user.home" value="/home/travis" />
    <property name="java.vm.vendor" value="Oracle Corporation" />
    <property name="env.TRAVIS_TAG" value="nightly" />
    <property name="env.ANSI_YELLOW" value="\033[33;1m" />
    <property name="env.TRAVIS_FILTERED" value="redirect_io" />
    <property name="env.ANSI_GREEN" value="\033[32;1m" />
    <property name="env.JAVA_HOME" value="/usr/local/lib/jvm/openjdk11" />
    <property name="javadoc.excludepackagenames" value="adm.cvs2svn.*,build.*,config.*,doc.coding.templates.*,jni.test.jni.meaningOfLife.*,jni.test.jni.testDeux.*,jni.test.jni.testTrois.*,org.terraswarm.accessor.accessors.web.node_modules.*,org.terraswarm.accessor.accessors.web.hosts.cordova.demo.*,org.terraswarm.accessor.accessors.web.hosts.cordova.plugins.*,org.terraswarm.accessor.accessors-svn.*,pt-modules.*,ptolemy.apps.agilent.*,ptolemy.apps.anytimecontrol.*,ptolemy.apps.apes.*,ptolemy.apps.charon.*,ptolemy.apps.crazyboard.*,ptolemy.apps.eclipse.*,ptolemy.apps.etherealSting.*,ptolemy.apps.fullscreen.*,ptolemy.apps.giotto.*,ptolemy.apps.ia.*,ptolemy.apps.interfaces.*,ptolemy.apps.jmf.*,ptolemy.apps.kurt.*,ptolemy.apps.kvm.*,ptolemy.apps.lego.*,ptolemy.apps.lejos.*,ptolemy.apps.midp.*,ptolemy.apps.mobileCoding.*,ptolemy.apps.pendulum.*,ptolemy.apps.rijndael.*,ptolemy.apps.robot.*,ptolemy.apps.security.*,ptolemy.apps.sobel.*,ptolemy.apps.soot.*,ptolemy.apps.throttle.*,ptolemy.apps.tini.*,ptolemy.apps.transmission.*,ptolemy.apps.vergil.*,ptolemy.apps.waba.*,ptolemy.apps.websensor.*,ptolemy.apps.webstart.*,ptolemy.apps.xsl.*,ptolemy.apps.zaurus.*,ptolemy.codegen.c.actor.lib.oldJavaFiles.*,ptolemy.codegen.dsp.lib.*,ptolemy.codegen.kernel.newInterfaces.*,ptolemy.codegen.lib.*,ptolemy.copernicus.kernel.fragment.*,ptolemy.copernicus.shallow.cg.*,ptolemy.domains.giotto.demo.Hierarchy.Hierarchy.*,ptolemy.domains.giotto.demo.Multimode.Multimode.*,ptolemy.domains.giotto.demo.Simple.Simple.*,ptolemy.domains.gr.lib.experimental.*,ptolemy.domains.gro.*,ptolemy.domains.pdf.*,ptolemy.domains.ptinyos.demo.Surge.output.*,ptolemy.moml.test.NoPackageActor.java*,ptolemy.plot.adm.*,ptolemy.plot.servlet.*,reports.*,signed.*,src.*,target.*,vendors.*,ptolemy.copernicus.applet.*,ptolemy.media.viewer.*,ptolemy.actor.corba.*,doc.doclets.*,ptolemy.apps.eclipse.awt.*,ptolemy.backtrack.*,ptolemy.backtrack.ast.*,ptolemy.cg.adapter.generic.program.procedural.c.mbed*,ptolemy.homer.*,ptolemy.actor.lib.jai.*,org.ptolemy.scala.*,diva.util.java2d.svg.*,ptolemy.domains.ptinyos.*,ptolemy.actor.lib.fmi.fmipp.*,,org.terraswarm.accessor.accessors.web.node_modules.*,org.terraswarm.accessor.accessors-svn,ptolemy.apps.*,ptolemy.actor.ptalon.demo.ptinyos.SendAndReceiveCnt.output,ptolemy.actor.ptalon.demo.ptinyos.SenseToLeds.output,ptolemy.domains.ptinyos.demo.CntToLedsAndRfm.output,ptolemy.domains.ptinyos.demo.RfmToLeds.output,ptolemy.domains.ptinyos.demo.SendAndReceiveCnt.output,ptolemy.domains.ptinyos.demo.SenseToLeds.output,ptolemy.actor.lib.jjs.modules.udpSocket.*" />
    <property name="env.PTII" value="/home/travis/build/icyphy/ptII" />
    <property name="env.XDG_SESSION_ID" value="2" />
    <property name="keystore" value="ptKeystore" />
    <property name="env.TRAVIS_COMMIT_MESSAGE" value="Updating models using array data type." />
    <property name="junit.output.dir" value="/home/travis/build/icyphy/ptII/reports/junit" />
    <property name="npm.return.code" value="0" />
    <property name="user.dir" value="/home/travis/build/icyphy/ptII/ptolemy/domains/de/test" />
    <property name="env.TRAVIS_NODE_VERSION" value="7" />
    <property name="env.TRAVIS_EVENT_TYPE" value="cron" />
    <property name="env.MAIL" value="/var/mail/travis" />
    <property name="env.PERLBREW_ROOT" value="/home/travis/perl5/perlbrew" />
    <property name="env.PWD" value="/home/travis/build/icyphy/ptII" />
    <property name="timeout.npm" value="45000" />
    <property name="env.PT_TRAVIS_TEST_CORE2_XML" value="true" />
    <property name="env.TRAVIS_ARCH" value="amd64" />
    <property name="sun.cpu.endian" value="little" />
    <property name="env.PAGER" value="cat" />
    <property name="env.TRAVIS_BUILD_STAGE_NAME" value="test" />
    <property name="env.PERLBREW_HOME" value="/home/travis/.perlbrew" />
    <property name="java.vm.version" value="11.0.2+9" />
    <property name="env.RAILS_ENV" value="test" />
    <property name="java.class.path" value="/home/travis/build/icyphy/ptII:/home/travis/build/icyphy/ptII/lib/bsh-2.0b4.jar:/home/travis/build/icyphy/ptII/lib/ptCal.jar:/home/travis/build/icyphy/ptII/lib/java_cup.jar:/home/travis/build/icyphy/ptII/lib/saxon8.jar:/home/travis/build/icyphy/ptII/lib/saxon8-dom.jar:/home/travis/build/icyphy/ptII/lib/chic.jar:/home/travis/build/icyphy/ptII/lib/ptcolt.jar:/home/travis/build/icyphy/ptII/vendors/misc/itext/iText.jar:/home/travis/build/icyphy/ptII/lib/g4ltl.jar:/home/travis/build/icyphy/ptII/lib/StructuralCoder.jar:/home/travis/build/icyphy/ptII/lib/jcerti.jar:/home/travis/build/icyphy/ptII/lib/javax.mail.jar:/home/travis/build/icyphy/ptII/vendors/JMF-2.1.1e/lib/jmf.jar:/home/travis/build/icyphy/ptII/lib/jna-4.0.0-variadic.jar:/home/travis/build/icyphy/ptII/vendors/misc/joystick/Joystick.jar:/home/travis/build/icyphy/ptII/lib/ptjacl.jar:/home/travis/build/icyphy/ptII/lib/jsoup-1.8.2.jar:/home/travis/build/icyphy/ptII/lib/junit-4.8.2.jar:/home/travis/build/icyphy/ptII/lib/JUnitParams-0.4.0.jar:/home/travis/build/icyphy/ptII/ptolemy/actor/lib/excel/jxl.jar:/home/travis/build/icyphy/ptII/lib/jython.jar:/home/travis/build/icyphy/ptII/lib/kieler.jar:/home/travis/build/icyphy/ptII/vendors/opencv/share/OpenCV/java/opencv-341.jar:/home/travis/build/icyphy/ptII/lib/oscP5.jar:/home/travis/build/icyphy/ptII/lib/nrjavaserial-3.11.0.devel.jar:/home/travis/build/icyphy/ptII/vendors/j3d/lib/Linux/j3dcore.jar:/home/travis/build/icyphy/ptII/vendors/j3d/lib/Linux/j3dutils.jar:/home/travis/build/icyphy/ptII/vendors/j3d/lib/Linux/vecmath.jar:/home/travis/build/icyphy/ptII/vendors/jogl/lib/Linux/gluegen-rt-natives-linux-amd64.jar:/home/travis/build/icyphy/ptII/vendors/jogl/lib/Linux/gluegen-rt.jar:/home/travis/build/icyphy/ptII/vendors/jogl/lib/Linux/jogl-all-natives-linux-amd64.jar:/home/travis/build/icyphy/ptII/vendors/jogl/lib/Linux/jogl-all.jar:/home/travis/build/icyphy/ptII/ptolemy/distributed/jini/jar/jini-core.jar:/home/travis/build/icyphy/ptII/ptolemy/distributed/jini/jar/jini-ext.jar:/home/travis/build/icyphy/ptII/ptolemy/distributed/jini/jar/sun-util.jar:/home/travis/build/icyphy/ptII/lib/protobuf-java-2.4.1.jar:/home/travis/build/icyphy/ptII/lib/org.eclipse.paho.client.mqttv3.jar:/home/travis/build/icyphy/ptII/lib/mapss.jar:/home/travis/build/icyphy/ptII/ptolemy/actor/ptalon/antlr/antlr.jar:/home/travis/build/icyphy/ptII/lib/JRI.jar:/home/travis/build/icyphy/ptII/lib/commons-lang-2.6.jar:/home/travis/build/icyphy/ptII/lib/commons-logging-1.1.1.jar:/home/travis/build/icyphy/ptII/lib/sootclasses.jar:/home/travis/build/icyphy/ptII/ptolemy/actor/lib/database/mysql-connector-java-5.1.6-bin.jar:/home/travis/build/icyphy/ptII/vendors/misc/sphinx4/sphinx4-data-5prealpha.jar:/home/travis/build/icyphy/ptII/vendors/misc/sphinx4/sphinx4-core-5prealpha.jar:/home/travis/build/icyphy/ptII/lib/PDFRenderer.jar:/home/travis/build/icyphy/ptII/lib/svgSalamander.jar:/home/travis/build/icyphy/ptII/lib/rsyntaxtextarea-2.6.0-SNAPSHOT.jar:/home/travis/build/icyphy/ptII/lib/hazelcast-3.8.2.jar:/home/travis/build/icyphy/ptII/lib/jackson-annotations-2.9.0.jar:/home/travis/build/icyphy/ptII/lib/jackson-core-2.9.3.jar:/home/travis/build/icyphy/ptII/lib/jackson-databind-2.9.3.jar:/home/travis/build/icyphy/ptII/lib/netty-buffer-4.1.19.Final.jar:/home/travis/build/icyphy/ptII/lib/netty-codec-4.1.19.Final.jar:/home/travis/build/icyphy/ptII/lib/netty-codec-dns-4.1.19.Final.jar:/home/travis/build/icyphy/ptII/lib/netty-codec-http-4.1.19.Final.jar:/home/travis/build/icyphy/ptII/lib/netty-codec-http2-4.1.19.Final.jar:/home/travis/build/icyphy/ptII/lib/netty-common-4.1.19.Final.jar:/home/travis/build/icyphy/ptII/lib/netty-handler-4.1.19.Final.jar:/home/travis/build/icyphy/ptII/lib/netty-resolver-4.1.19.Final.jar:/home/travis/build/icyphy/ptII/lib/netty-resolver-dns-4.1.19.Final.jar:/home/travis/build/icyphy/ptII/lib/netty-transport-4.1.19.Final.jar:/home/travis/build/icyphy/ptII/lib/vertx-codegen-3.5.1.jar:/home/travis/build/icyphy/ptII/lib/vertx-core-3.5.2-SNAPSHOT.jar:/home/travis/build/icyphy/ptII/lib/vertx-hazelcast-3.5.1.jar:/home/travis/build/icyphy/ptII/lib/vertx-lang-js-3.5.1.jar:/home/travis/build/icyphy/ptII/lib/vertx-service-proxy-3.5.1.jar:/home/travis/build/icyphy/ptII/lib/vertx-web-3.5.1.jar:/home/travis/build/icyphy/ptII/lib/slf4j-api-1.7.13.jar:/home/travis/build/icyphy/ptII/lib/slf4j-simple-1.7.13.jar:/home/travis/build/icyphy/ptII/lib/webcam-capture-0.3.12.jar:/home/travis/build/icyphy/ptII/lib/bridj-0.7.0.jar:/home/travis/build/icyphy/ptII/lib/xbjlib-1.1.0.nrjavaserial.jar:/home/travis/build/icyphy/ptII/ptolemy/moml/test:/home/travis/build/icyphy/ptII/ant/lib/ant-launcher.jar:/home/travis/build/icyphy/ptII/ant/lib/ant.jar:/home/travis/build/icyphy/ptII/ant/lib/ant-junit.jar:/home/travis/build/icyphy/ptII/ant/lib/ant-junit4.jar" />
    <property name="ant.library.dir" value="/home/travis/build/icyphy/ptII/ant/lib" />
    <property name="os.arch" value="amd64" />
    <property name="env.CONTINUOUS_INTEGRATION" value="true" />
    <property name="env.TRAVIS_LANGUAGE" value="node_js" />
    <property name="env.TRAVIS_STACK_LANGUAGES" value="__sardonyx__ c c++ clojure cplusplus cpp default generic go groovy java node_js php pure_java python ruby scala" />
    <property name="test.name" value="ptolemy.actor.lib.test.junit.JUnitTclTest" />
    <property name="env.APT_KEY_DONT_WARN_ON_DANGEROUS_USAGE" value="1" />
    <property name="sun.java.launcher" value="SUN_STANDARD" />
    <property name="env.PYTHON_CONFIGURE_OPTS" value="--enable-unicode=ucs4 --with-wide-unicode --enable-shared --enable-ipv6 --enable-loadable-sqlite-extensions --with-computed-gotos" />
    <property name="ant.core.lib" value="/home/travis/build/icyphy/ptII/ant/lib/ant.jar" />
    <property name="java.vm.specification.vendor" value="Oracle Corporation" />
    <property name="env.BCVTB_HOME" value="/home/travis/build/icyphy/ptII/lbnl" />
    <property name="file.separator" value="/" />
    <property name="spotbugs.home" value="/home/travis/build/icyphy/ptII/vendors/spotbugs-3.1.1" />
    <property name="java.runtime.version" value="11.0.2+9" />
    <property name="env.ANSI_CLEAR" value="\033[0K" />
    <property name="javafx.verbose" value="true" />
    <property name="env.HAS_JOSH_K_SEAL_OF_APPROVAL" value="true" />
    <property name="env.XDG_RUNTIME_DIR" value="/run/user/2000" />
    <property name="env.TRAVIS_OSX_IMAGE" value="" />
    <property name="env.TRAVIS_JOB_ID" value="704346399" />
    <property name="env.TRAVIS_BRANCH" value="master" />
    <property name="user.country" value="US" />
    <property name="env.CERTI_HOME_TRAVIS" value="/home/travis/pthla/certi-tools" />
    <property name="env.SHELL" value="/bin/bash" />
    <property name="java.maxmemory.large" value="3200m" />
    <property name="model" value="" />
    <property name="env.CASHER_DIR" value="/home/travis/.casher" />
    <property name="env.NVM_CD_FLAGS" value="" />
    <property name="java.vendor.version" value="18.9" />
    <property name="jshint.executable" value="/home/travis/node_modules/jshint/bin/jshint" />
    <property name="env.JRUBY_OPTS" value=" --client -J-XX:+TieredCompilation -J-XX:TieredStopAtLevel=1 -J-Xss2m -Xcompile.invokedynamic=false" />
    <property name="java.vendor" value="Oracle Corporation" />
    <property name="env.TRAVIS_PRE_CHEF_BOOTSTRAP_TIME" value="2019-03-25T16:16:42" />
    <property name="env.TRAVIS_STACK_JOB_BOARD_REGISTER" value="/.job-board-register.yml" />
    <property name="env.ANSI_RED" value="\033[31;1m" />
    <property name="java.specification.version" value="11" />
    <property name="env.IRBRC" value="/home/travis/.rvm/rubies/ruby-2.5.3/.irbrc" />
    <property name="env.TRAVIS" value="true" />
    <property name="sun.arch.data.model" value="64" />
  </properties>
  <testcase classname="ptolemy.util.test.junit.TclTests" name="[0] /home/travis/build/icyphy/ptII/ptolemy/domains/de/test/DependencyLoop.tcl (RunTclFile)" time="1.074" />
  <testcase classname="ptolemy.util.test.junit.TclTests" name="[1] /home/travis/build/icyphy/ptII/ptolemy/domains/de/test/RunDETestsAsQSS.tcl (RunTclFile)" time="83.823" />
  <testcase classname="ptolemy.util.test.junit.AutoKnownFailedTests" name="[0] /home/travis/build/icyphy/ptII/ptolemy/domains/de/test/auto/knownFailedTests/DESDFClockTest.xml (RunModel)" time="2.056" />
  <testcase classname="ptolemy.util.test.junit.AutoKnownFailedTests" name="[1] /home/travis/build/icyphy/ptII/ptolemy/domains/de/test/auto/knownFailedTests/DirectFeedback.xml (RunModel)" time="0.03" />
  <testcase classname="ptolemy.util.test.junit.AutoKnownFailedTests" name="[2] /home/travis/build/icyphy/ptII/ptolemy/domains/de/test/auto/knownFailedTests/FSMSource.xml (RunModel)" time="0.042" />
  <testcase classname="ptolemy.util.test.junit.AutoKnownFailedTests" name="[3] /home/travis/build/icyphy/ptII/ptolemy/domains/de/test/auto/knownFailedTests/HierarchicalModel.xml (RunModel)" time="0.055" />
  <testcase classname="ptolemy.util.test.junit.AutoKnownFailedTests" name="[4] /home/travis/build/icyphy/ptII/ptolemy/domains/de/test/auto/knownFailedTests/dependencyLoop.xml (RunModel)" time="0.042" />
  <testcase classname="ptolemy.util.test.junit.AutoKnownFailedTests" name="[5] /home/travis/build/icyphy/ptII/ptolemy/domains/de/test/auto/knownFailedTests/dependencyLoop2.xml (RunModel)" time="0.048" />
  <testcase classname="ptolemy.util.test.junit.AutoNameArchTests" name="[0] ThereAreNoAutoArchTests (RunModel)" time="0.001" />
  <testcase classname="ptolemy.util.test.junit.AutoTests" name="[0] /home/travis/build/icyphy/ptII/ptolemy/domains/de/test/auto/ActorDepthCalculation_actorWithoutPorts.xml (RunModel)" time="0.021" />
  <testcase classname="ptolemy.util.test.junit.AutoTests" name="[1] /home/travis/build/icyphy/ptII/ptolemy/domains/de/test/auto/AssemblyLine.xml (RunModel)" time="0.028" />
  <testcase classname="ptolemy.util.test.junit.AutoTests" name="[2] /home/travis/build/icyphy/ptII/ptolemy/domains/de/test/auto/CQBug1.xml (RunModel)" time="0.013" />
  <testcase classname="ptolemy.util.test.junit.AutoTests" name="[3] /home/travis/build/icyphy/ptII/ptolemy/domains/de/test/auto/CancelFireAt.xml (RunModel)" time="0.015" />
  <testcase classname="ptolemy.util.test.junit.AutoTests" name="[4] /home/travis/build/icyphy/ptII/ptolemy/domains/de/test/auto/CausalityAndComposabilityAnalysis.xml (RunModel)" time="0.013" />
  <testcase classname="ptolemy.util.test.junit.AutoTests" name="[5] /home/travis/build/icyphy/ptII/ptolemy/domains/de/test/auto/CausalityInterface1.xml (RunModel)" time="0.015" />
  <testcase classname="ptolemy.util.test.junit.AutoTests" name="[6] /home/travis/build/icyphy/ptII/ptolemy/domains/de/test/auto/CausalityInterface15.xml (RunModel)" time="0.017" />
  <testcase classname="ptolemy.util.test.junit.AutoTests" name="[7] /home/travis/build/icyphy/ptII/ptolemy/domains/de/test/auto/CausalityInterface2.xml (RunModel)" time="0.013" />
  <testcase classname="ptolemy.util.test.junit.AutoTests" name="[8] /home/travis/build/icyphy/ptII/ptolemy/domains/de/test/auto/CausalityInterface3.xml (RunModel)" time="0.013" />
  <testcase classname="ptolemy.util.test.junit.AutoTests" name="[9] /home/travis/build/icyphy/ptII/ptolemy/domains/de/test/auto/ClockDrift.xml (RunModel)" time="0.044" />
  <testcase classname="ptolemy.util.test.junit.AutoTests" name="[10] /home/travis/build/icyphy/ptII/ptolemy/domains/de/test/auto/ClockDriftAndValueChange.xml (RunModel)" time="0.032" />
  <testcase classname="ptolemy.util.test.junit.AutoTests" name="[11] /home/travis/build/icyphy/ptII/ptolemy/domains/de/test/auto/ClockDriftChange.xml (RunModel)" time="0.037" />
  <testcase classname="ptolemy.util.test.junit.AutoTests" name="[12] /home/travis/build/icyphy/ptII/ptolemy/domains/de/test/auto/ComposableCausalityAnalysis.xml (RunModel)" time="0.015" />
  <testcase classname="ptolemy.util.test.junit.AutoTests" name="[13] /home/travis/build/icyphy/ptII/ptolemy/domains/de/test/auto/DEFixedPointLimitation.xml (RunModel)" time="0.01" />
  <testcase classname="ptolemy.util.test.junit.AutoTests" name="[14] /home/travis/build/icyphy/ptII/ptolemy/domains/de/test/auto/DEScheduleTest.xml (RunModel)" time="0.015" />
  <testcase classname="ptolemy.util.test.junit.AutoTests" name="[15] /home/travis/build/icyphy/ptII/ptolemy/domains/de/test/auto/DEinDEwithStartTimes.xml (RunModel)" time="0.016" />
  <testcase classname="ptolemy.util.test.junit.AutoTests" name="[16] /home/travis/build/icyphy/ptII/ptolemy/domains/de/test/auto/DEinDEwithStartTimes2.xml (RunModel)" time="0.018" />
  <testcase classname="ptolemy.util.test.junit.AutoTests" name="[17] /home/travis/build/icyphy/ptII/ptolemy/domains/de/test/auto/DateDemo.xml (RunModel)" time="0.037" />
  <testcase classname="ptolemy.util.test.junit.AutoTests" name="[18] /home/travis/build/icyphy/ptII/ptolemy/domains/de/test/auto/DateToEvent.xml (RunModel)" time="2.043" />
  <testcase classname="ptolemy.util.test.junit.AutoTests" name="[19] /home/travis/build/icyphy/ptII/ptolemy/domains/de/test/auto/DepthTest1.xml (RunModel)" time="0.008" />
  <testcase classname="ptolemy.util.test.junit.AutoTests" name="[20] /home/travis/build/icyphy/ptII/ptolemy/domains/de/test/auto/DepthTest2.xml (RunModel)" time="0.021" />
  <testcase classname="ptolemy.util.test.junit.AutoTests" name="[21] /home/travis/build/icyphy/ptII/ptolemy/domains/de/test/auto/DepthTest3.xml (RunModel)" time="0.008" />
  <testcase classname="ptolemy.util.test.junit.AutoTests" name="[22] /home/travis/build/icyphy/ptII/ptolemy/domains/de/test/auto/DepthTest4.xml (RunModel)" time="0.013" />
  <testcase classname="ptolemy.util.test.junit.AutoTests" name="[23] /home/travis/build/icyphy/ptII/ptolemy/domains/de/test/auto/DepthTest5.xml (RunModel)" time="0.014" />
  <testcase classname="ptolemy.util.test.junit.AutoTests" name="[24] /home/travis/build/icyphy/ptII/ptolemy/domains/de/test/auto/DepthTest6.xml (RunModel)" time="0.017" />
  <testcase classname="ptolemy.util.test.junit.AutoTests" name="[25] /home/travis/build/icyphy/ptII/ptolemy/domains/de/test/auto/DepthTest7.xml (RunModel)" time="0.014" />
  <testcase classname="ptolemy.util.test.junit.AutoTests" name="[26] /home/travis/build/icyphy/ptII/ptolemy/domains/de/test/auto/EventToDate.xml (RunModel)" time="3.031" />
  <testcase classname="ptolemy.util.test.junit.AutoTests" name="[27] /home/travis/build/icyphy/ptII/ptolemy/domains/de/test/auto/FSM1.xml (RunModel)" time="0.044" />
  <testcase classname="ptolemy.util.test.junit.AutoTests" name="[28] /home/travis/build/icyphy/ptII/ptolemy/domains/de/test/auto/FSM7.xml (RunModel)" time="0.039" />
  <testcase classname="ptolemy.util.test.junit.AutoTests" name="[29] /home/travis/build/icyphy/ptII/ptolemy/domains/de/test/auto/Inspection.xml (RunModel)" time="0.043" />
  <testcase classname="ptolemy.util.test.junit.AutoTests" name="[30] /home/travis/build/icyphy/ptII/ptolemy/domains/de/test/auto/Iteration.xml (RunModel)" time="0.029" />
  <testcase classname="ptolemy.util.test.junit.AutoTests" name="[31] /home/travis/build/icyphy/ptII/ptolemy/domains/de/test/auto/LineFault.xml (RunModel)" time="0.524" />
  <testcase classname="ptolemy.util.test.junit.AutoTests" name="[32] /home/travis/build/icyphy/ptII/ptolemy/domains/de/test/auto/MergeModel1Add.xml (RunModel)" time="0.053" />
  <testcase classname="ptolemy.util.test.junit.AutoTests" name="[33] /home/travis/build/icyphy/ptII/ptolemy/domains/de/test/auto/MergeModel2Add.xml (RunModel)" time="0.034" />
  <testcase classname="ptolemy.util.test.junit.AutoTests" name="[34] /home/travis/build/icyphy/ptII/ptolemy/domains/de/test/auto/MergeModel3Add.xml (RunModel)" time="0.042" />
  <testcase classname="ptolemy.util.test.junit.AutoTests" name="[35] /home/travis/build/icyphy/ptII/ptolemy/domains/de/test/auto/MergeWithoutDiscard.xml (RunModel)" time="0.016" />
  <testcase classname="ptolemy.util.test.junit.AutoTests" name="[36] /home/travis/build/icyphy/ptII/ptolemy/domains/de/test/auto/Modal1.xml (RunModel)" time="0.031" />
  <testcase classname="ptolemy.util.test.junit.AutoTests" name="[37] /home/travis/build/icyphy/ptII/ptolemy/domains/de/test/auto/Modal2.xml (RunModel)" time="0.028" />
  <testcase classname="ptolemy.util.test.junit.AutoTests" name="[38] /home/travis/build/icyphy/ptII/ptolemy/domains/de/test/auto/Modal3.xml (RunModel)" time="0.032" />
  <testcase classname="ptolemy.util.test.junit.AutoTests" name="[39] /home/travis/build/icyphy/ptII/ptolemy/domains/de/test/auto/Modal4.xml (RunModel)" time="0.032" />
  <testcase classname="ptolemy.util.test.junit.AutoTests" name="[40] /home/travis/build/icyphy/ptII/ptolemy/domains/de/test/auto/Modal5.xml (RunModel)" time="0.034" />
  <testcase classname="ptolemy.util.test.junit.AutoTests" name="[41] /home/travis/build/icyphy/ptII/ptolemy/domains/de/test/auto/Modal6.xml (RunModel)" time="0.026" />
  <testcase classname="ptolemy.util.test.junit.AutoTests" name="[42] /home/travis/build/icyphy/ptII/ptolemy/domains/de/test/auto/Modal7.xml (RunModel)" time="0.031" />
  <testcase classname="ptolemy.util.test.junit.AutoTests" name="[43] /home/travis/build/icyphy/ptII/ptolemy/domains/de/test/auto/ModalModel.xml (RunModel)" time="0.172" />
  <testcase classname="ptolemy.util.test.junit.AutoTests" name="[44] /home/travis/build/icyphy/ptII/ptolemy/domains/de/test/auto/ModalSource.xml (RunModel)" time="0.023" />
  <testcase classname="ptolemy.util.test.junit.AutoTests" name="[45] /home/travis/build/icyphy/ptII/ptolemy/domains/de/test/auto/NonInterruptibleTimerZeroDelay.xml (RunModel)" time="0.011" />
  <testcase classname="ptolemy.util.test.junit.AutoTests" name="[46] /home/travis/build/icyphy/ptII/ptolemy/domains/de/test/auto/OpenQueueingNetwork.xml (RunModel)" time="2.362" />
  <testcase classname="ptolemy.util.test.junit.AutoTests" name="[47] /home/travis/build/icyphy/ptII/ptolemy/domains/de/test/auto/OpenQueuingNetwork.xml (RunModel)" time="0.266" />
  <testcase classname="ptolemy.util.test.junit.AutoTests" name="[48] /home/travis/build/icyphy/ptII/ptolemy/domains/de/test/auto/PeriodicSampler.xml (RunModel)" time="0.014" />
  <testcase classname="ptolemy.util.test.junit.AutoTests" name="[49] /home/travis/build/icyphy/ptII/ptolemy/domains/de/test/auto/PersistentIO.xml (RunModel)" time="0.019" />
  <testcase classname="ptolemy.util.test.junit.AutoTests" name="[50] /home/travis/build/icyphy/ptII/ptolemy/domains/de/test/auto/PortParameterResetOnInitialize.xml (RunModel)" time="0.011" />
  <testcase classname="ptolemy.util.test.junit.AutoTests" name="[51] /home/travis/build/icyphy/ptII/ptolemy/domains/de/test/auto/PortParameterUpdates.xml (RunModel)" time="0.013" />
  <testcase classname="ptolemy.util.test.junit.AutoTests" name="[52] /home/travis/build/icyphy/ptII/ptolemy/domains/de/test/auto/QueueAndServer.xml (RunModel)" time="0.019" />
  <testcase classname="ptolemy.util.test.junit.AutoTests" name="[53] /home/travis/build/icyphy/ptII/ptolemy/domains/de/test/auto/Records.xml (RunModel)" time="0.017" />
  <testcase classname="ptolemy.util.test.junit.AutoTests" name="[54] /home/travis/build/icyphy/ptII/ptolemy/domains/de/test/auto/ResetTransitionWithStartTime1.xml (RunModel)" time="0.019" />
  <testcase classname="ptolemy.util.test.junit.AutoTests" name="[55] /home/travis/build/icyphy/ptII/ptolemy/domains/de/test/auto/ResetTransitionWithStartTime2.xml (RunModel)" time="0.024" />
  <testcase classname="ptolemy.util.test.junit.AutoTests" name="[56] /home/travis/build/icyphy/ptII/ptolemy/domains/de/test/auto/ResetTransitionWithStartTime3.xml (RunModel)" time="0.022" />
  <testcase classname="ptolemy.util.test.junit.AutoTests" name="[57] /home/travis/build/icyphy/ptII/ptolemy/domains/de/test/auto/ResetTransitionWithStartTime4.xml (RunModel)" time="0.017" />
  <testcase classname="ptolemy.util.test.junit.AutoTests" name="[58] /home/travis/build/icyphy/ptII/ptolemy/domains/de/test/auto/ResettableTimer1.xml (RunModel)" time="0.01" />
  <testcase classname="ptolemy.util.test.junit.AutoTests" name="[59] /home/travis/build/icyphy/ptII/ptolemy/domains/de/test/auto/ResettableTimer2.xml (RunModel)" time="0.009" />
  <testcase classname="ptolemy.util.test.junit.AutoTests" name="[60] /home/travis/build/icyphy/ptII/ptolemy/domains/de/test/auto/ResettableTimer3.xml (RunModel)" time="0.009" />
  <testcase classname="ptolemy.util.test.junit.AutoTests" name="[61] /home/travis/build/icyphy/ptII/ptolemy/domains/de/test/auto/ResettableTimer4.xml (RunModel)" time="0.01" />
  <testcase classname="ptolemy.util.test.junit.AutoTests" name="[62] /home/travis/build/icyphy/ptII/ptolemy/domains/de/test/auto/ResettableTimer5.xml (RunModel)" time="0.01" />
  <testcase classname="ptolemy.util.test.junit.AutoTests" name="[63] /home/travis/build/icyphy/ptII/ptolemy/domains/de/test/auto/ResettableTimer6.xml (RunModel)" time="0.015" />
  <testcase classname="ptolemy.util.test.junit.AutoTests" name="[64] /home/travis/build/icyphy/ptII/ptolemy/domains/de/test/auto/ServerZeroDelay.xml (RunModel)" time="0.01" />
  <testcase classname="ptolemy.util.test.junit.AutoTests" name="[65] /home/travis/build/icyphy/ptII/ptolemy/domains/de/test/auto/SmartSender.xml (RunModel)" time="3.008" />
  <testcase classname="ptolemy.util.test.junit.AutoTests" name="[66] /home/travis/build/icyphy/ptII/ptolemy/domains/de/test/auto/ThreadedComposite.xml (RunModel)" time="0.108" />
  <testcase classname="ptolemy.util.test.junit.AutoTests" name="[67] /home/travis/build/icyphy/ptII/ptolemy/domains/de/test/auto/Time.xml (RunModel)" time="0.34" />
  <testcase classname="ptolemy.util.test.junit.AutoTests" name="[68] /home/travis/build/icyphy/ptII/ptolemy/domains/de/test/auto/TimeDelayZeroDelay.xml (RunModel)" time="0.014" />
  <testcase classname="ptolemy.util.test.junit.AutoTests" name="[69] /home/travis/build/icyphy/ptII/ptolemy/domains/de/test/auto/TimerZeroDelay.xml (RunModel)" time="0.01" />
  <testcase classname="ptolemy.util.test.junit.AutoTests" name="[70] /home/travis/build/icyphy/ptII/ptolemy/domains/de/test/auto/TimingParadox.xml (RunModel)" time="0.308" />
  <testcase classname="ptolemy.util.test.junit.AutoTests" name="[71] /home/travis/build/icyphy/ptII/ptolemy/domains/de/test/auto/TransferInputs.xml (RunModel)" time="0.012" />
  <testcase classname="ptolemy.util.test.junit.AutoTests" name="[72] /home/travis/build/icyphy/ptII/ptolemy/domains/de/test/auto/TransferOutputs2.xml (RunModel)" time="0.017" />
  <testcase classname="ptolemy.util.test.junit.AutoTests" name="[73] /home/travis/build/icyphy/ptII/ptolemy/domains/de/test/auto/Trilateration.xml (RunModel)" time="10.768" />
  <testcase classname="ptolemy.util.test.junit.AutoTests" name="[74] /home/travis/build/icyphy/ptII/ptolemy/domains/de/test/auto/TwoSigmaDelta.xml (RunModel)" time="1.738" />
  <testcase classname="ptolemy.util.test.junit.AutoTests" name="[75] /home/travis/build/icyphy/ptII/ptolemy/domains/de/test/auto/VariableDelay.xml (RunModel)" time="0.01" />
  <testcase classname="ptolemy.util.test.junit.AutoTests" name="[76] /home/travis/build/icyphy/ptII/ptolemy/domains/de/test/auto/VariableDelay2.xml (RunModel)" time="0.011" />
  <testcase classname="ptolemy.util.test.junit.AutoTests" name="[77] /home/travis/build/icyphy/ptII/ptolemy/domains/de/test/auto/VariableDelayZeroDelay.xml (RunModel)" time="0.016" />
  <testcase classname="ptolemy.util.test.junit.AutoTests" name="[78] /home/travis/build/icyphy/ptII/ptolemy/domains/de/test/auto/VariableDelayZeroDelay2.xml (RunModel)" time="0.009" />
  <testcase classname="ptolemy.util.test.junit.AutoTests" name="[79] /home/travis/build/icyphy/ptII/ptolemy/domains/de/test/auto/deInCt.xml (RunModel)" time="0.015" />
  <testcase classname="ptolemy.util.test.junit.AutoTests" name="[80] /home/travis/build/icyphy/ptII/ptolemy/domains/de/test/auto/deInCt2.xml (RunModel)" time="0.013" />
  <testcase classname="ptolemy.util.test.junit.AutoTests" name="[81] /home/travis/build/icyphy/ptII/ptolemy/domains/de/test/auto/dynamicCausalityInterface1.xml (RunModel)" time="0.017" />
  <testcase classname="ptolemy.util.test.junit.AutoTests" name="[82] /home/travis/build/icyphy/ptII/ptolemy/domains/de/test/auto/fsm_de_test.xml (RunModel)" time="0.019" />
  <testcase classname="ptolemy.util.test.junit.AutoTests" name="[83] /home/travis/build/icyphy/ptII/ptolemy/domains/de/test/auto/functionDependencyReconstruction.xml (RunModel)" time="0.028" />
  <testcase classname="ptolemy.util.test.junit.AutoTests" name="[84] /home/travis/build/icyphy/ptII/ptolemy/domains/de/test/auto/multirate.xml (RunModel)" time="0.016" />
  <testcase classname="ptolemy.util.test.junit.AutoTests" name="[85] /home/travis/build/icyphy/ptII/ptolemy/domains/de/test/auto/multirate2.xml (RunModel)" time="0.022" />
  <testcase classname="ptolemy.util.test.junit.AutoTests" name="[86] /home/travis/build/icyphy/ptII/ptolemy/domains/de/test/auto/realtime.xml (RunModel)" time="10.01" />
  <testcase classname="ptolemy.util.test.junit.AutoTests" name="[87] /home/travis/build/icyphy/ptII/ptolemy/domains/de/test/auto/relationGroup.xml (RunModel)" time="0.015" />
  <testcase classname="ptolemy.util.test.junit.AutoTests" name="[88] /home/travis/build/icyphy/ptII/ptolemy/domains/de/test/auto/relationGroup2.xml (RunModel)" time="0.009" />
  <testcase classname="ptolemy.util.test.junit.AutoTests" name="[89] /home/travis/build/icyphy/ptII/ptolemy/domains/de/test/auto/sortWithOpaquePorts.xml (RunModel)" time="0.01" />
  <testcase classname="ptolemy.util.test.junit.AutoTests" name="[90] /home/travis/build/icyphy/ptII/ptolemy/domains/de/test/auto/transferInputsandOutputs.xml (RunModel)" time="0.021" />
  <testcase classname="ptolemy.util.test.junit.AutoTests" name="[91] /home/travis/build/icyphy/ptII/ptolemy/domains/de/test/auto/triggerType.xml (RunModel)" time="0.008" />
  <system-out><![CDATA[/home/travis/build/icyphy/ptII/ptolemy/domains/de/test/DependencyLoop.tcl
testDefs.tcl: setting time out to 9000 seconds at Thu Jul 02 14:55:16 UTC 2020
74 ms. Memory: 129024K Free: 78791K (61%)
25 ms. Memory: 129024K Free: 61383K (48%)
/home/travis/build/icyphy/ptII/ptolemy/domains/de/test/RunDETestsAsQSS.tcl
Run the DE tests using ptolemy.domains.qss.test.QSSDirectorTest, which extends QSSDirector and prints a message in the constructors.
------------------ testing $PTII/ptolemy/domains/de/test/auto/knownFailedTests/DirectFeedback.xml (Known Failure) 
59 ms. Memory: 129024K Free: 56263K (44%)


==== $PTIIhome/travis/build/icyphy/ptII/ptolemy/domains/de/test/../../../../: Auto Automatic test in file $PTII/ptolemy/domains/de/test/auto/knownFailedTests/DirectFeedback.xml
==== Contents of test case:

	    # FIXME: we should use $relativeFilename here, but it
	    # might have backslashes under Windows, which causes no end
	    # of trouble.
	    createAndExecute $file
	    list {}
	
.... Test generated KNOWN error:
    while executing
ptolemy.kernel.util.IllegalActionException: Test fails in iteration 1.
Value was: 1.0. Should have been: 2.0
  in .DirectFeedback.Test
	at ptolemy.actor.lib.Test.fire(Test.java:268)
	at ptolemy.domains.de.kernel.DEDirector._fire(DEDirector.java:1949)
	at ptolemy.domains.de.kernel.DEDirector.fire(DEDirector.java:502)
	at ptolemy.actor.CompositeActor.fire(CompositeActor.java:455)
	at ptolemy.actor.Manager.iterate(Manager.java:851)
	at ptolemy.actor.Manager.execute(Manager.java:369)
	at ptolemy.actor.Manager.run(Manager.java:1263)
	at ptolemy.actor.Manager$PtolemyRunThread.run(Manager.java:1933)

    while executing
ptolemy.kernel.util.IllegalActionException: Test fails in iteration 1.
Value was: 1.0. Should have been: 2.0
  in .DirectFeedback.Test
    while executing
"java::new ptolemy.moml.MoMLSimpleApplication $file
"
    (procedure "createAndExecute" line 2)
    invoked from within
"createAndExecute $file"
    ("uplevel" body line 5)
    invoked from within
"uplevel $contents_of_test"
------------------ testing $PTII/ptolemy/domains/de/test/auto/knownFailedTests/dependencyLoop.xml (Known Failure) 
17 ms. Memory: 129024K Free: 53191K (41%)


==== $PTIIhome/travis/build/icyphy/ptII/ptolemy/domains/de/test/../../../../: Auto Automatic test in file $PTII/ptolemy/domains/de/test/auto/knownFailedTests/dependencyLoop.xml
==== Contents of test case:

	    # FIXME: we should use $relativeFilename here, but it
	    # might have backslashes under Windows, which causes no end
	    # of trouble.
	    createAndExecute $file
	    list {}
	
.... Test generated KNOWN error:
    while executing
ptolemy.kernel.util.IllegalActionException: Found a zero delay loop containing .dependencyLoop.original
  in .dependencyLoop and .dependencyLoop.original
	at ptolemy.actor.util.CausalityInterfaceForComposites._computeOutputPortDepth(CausalityInterfaceForComposites.java:759)
	at ptolemy.actor.util.CausalityInterfaceForComposites._computeInputDepth(CausalityInterfaceForComposites.java:696)
	at ptolemy.actor.util.CausalityInterfaceForComposites._computeOutputPortDepth(CausalityInterfaceForComposites.java:765)
	at ptolemy.actor.util.CausalityInterfaceForComposites._computeInputDepth(CausalityInterfaceForComposites.java:696)
	at ptolemy.actor.util.CausalityInterfaceForComposites._computeOutputPortDepth(CausalityInterfaceForComposites.java:765)
	at ptolemy.actor.util.CausalityInterfaceForComposites._computeInputDepth(CausalityInterfaceForComposites.java:696)
	at ptolemy.actor.util.CausalityInterfaceForComposites._computeActorDepth(CausalityInterfaceForComposites.java:532)
	at ptolemy.actor.util.CausalityInterfaceForComposites.checkForCycles(CausalityInterfaceForComposites.java:96)
	at ptolemy.domains.de.kernel.DEDirector.preinitialize(DEDirector.java:1338)
	at ptolemy.actor.CompositeActor.preinitialize(CompositeActor.java:1828)
	at ptolemy.actor.Manager.preinitializeAndResolveTypes(Manager.java:1040)
	at ptolemy.actor.Manager.initialize(Manager.java:710)
	at ptolemy.actor.Manager.execute(Manager.java:356)
	at ptolemy.actor.Manager.run(Manager.java:1263)
	at ptolemy.actor.Manager$PtolemyRunThread.run(Manager.java:1933)

    while executing
ptolemy.kernel.util.IllegalActionException: Found a zero delay loop containing .dependencyLoop.original
  in .dependencyLoop and .dependencyLoop.original
    while executing
"java::new ptolemy.moml.MoMLSimpleApplication $file
"
    (procedure "createAndExecute" line 2)
    invoked from within
"createAndExecute $file"
    ("uplevel" body line 5)
    invoked from within
"uplevel $contents_of_test"
------------------ testing $PTII/ptolemy/domains/de/test/auto/knownFailedTests/FSMSource.xml (Known Failure) 
71 ms. Memory: 129024K Free: 111617K (87%)
!!!! Auto was marked as failing, but now passes
------------------ testing $PTII/ptolemy/domains/de/test/auto/knownFailedTests/HierarchicalModel.xml (Known Failure) 
6 ms. Memory: 129024K Free: 94217K (73%)


==== $PTIIhome/travis/build/icyphy/ptII/ptolemy/domains/de/test/../../../../: Auto Automatic test in file $PTII/ptolemy/domains/de/test/auto/knownFailedTests/HierarchicalModel.xml
==== Contents of test case:

	    # FIXME: we should use $relativeFilename here, but it
	    # might have backslashes under Windows, which causes no end
	    # of trouble.
	    createAndExecute $file
	    list {}
	
.... Test generated KNOWN error:
    while executing
ptolemy.kernel.util.IllegalActionException: Found a zero delay loop containing .HierarchicalModel.A
  in .HierarchicalModel and .HierarchicalModel.A
	at ptolemy.actor.util.CausalityInterfaceForComposites._computeOutputPortDepth(CausalityInterfaceForComposites.java:759)
	at ptolemy.actor.util.CausalityInterfaceForComposites._computeInputDepth(CausalityInterfaceForComposites.java:696)
	at ptolemy.actor.util.CausalityInterfaceForComposites._computeOutputPortDepth(CausalityInterfaceForComposites.java:765)
	at ptolemy.actor.util.CausalityInterfaceForComposites._computeInputDepth(CausalityInterfaceForComposites.java:696)
	at ptolemy.actor.util.CausalityInterfaceForComposites._computeOutputPortDepth(CausalityInterfaceForComposites.java:765)
	at ptolemy.actor.util.CausalityInterfaceForComposites._computeInputDepth(CausalityInterfaceForComposites.java:696)
	at ptolemy.actor.util.CausalityInterfaceForComposites._computeActorDepth(CausalityInterfaceForComposites.java:532)
	at ptolemy.actor.util.CausalityInterfaceForComposites.checkForCycles(CausalityInterfaceForComposites.java:96)
	at ptolemy.domains.de.kernel.DEDirector.preinitialize(DEDirector.java:1338)
	at ptolemy.actor.CompositeActor.preinitialize(CompositeActor.java:1828)
	at ptolemy.actor.Manager.preinitializeAndResolveTypes(Manager.java:1040)
	at ptolemy.actor.Manager.initialize(Manager.java:710)
	at ptolemy.actor.Manager.execute(Manager.java:356)
	at ptolemy.actor.Manager.run(Manager.java:1263)
	at ptolemy.actor.Manager$PtolemyRunThread.run(Manager.java:1933)

    while executing
ptolemy.kernel.util.IllegalActionException: Found a zero delay loop containing .HierarchicalModel.A
  in .HierarchicalModel and .HierarchicalModel.A
    while executing
"java::new ptolemy.moml.MoMLSimpleApplication $file
"
    (procedure "createAndExecute" line 2)
    invoked from within
"createAndExecute $file"
    ("uplevel" body line 5)
    invoked from within
"uplevel $contents_of_test"
------------------ testing $PTII/ptolemy/domains/de/test/auto/knownFailedTests/dependencyLoop2.xml (Known Failure) 
4 ms. Memory: 129024K Free: 77831K (60%)


==== $PTIIhome/travis/build/icyphy/ptII/ptolemy/domains/de/test/../../../../: Auto Automatic test in file $PTII/ptolemy/domains/de/test/auto/knownFailedTests/dependencyLoop2.xml
==== Contents of test case:

	    # FIXME: we should use $relativeFilename here, but it
	    # might have backslashes under Windows, which causes no end
	    # of trouble.
	    createAndExecute $file
	    list {}
	
.... Test generated KNOWN error:
    while executing
ptolemy.kernel.util.IllegalActionException: Found a zero delay loop containing .dependencyLoop2.original
  in .dependencyLoop2 and .dependencyLoop2.original
	at ptolemy.actor.util.CausalityInterfaceForComposites._computeOutputPortDepth(CausalityInterfaceForComposites.java:759)
	at ptolemy.actor.util.CausalityInterfaceForComposites._computeInputDepth(CausalityInterfaceForComposites.java:696)
	at ptolemy.actor.util.CausalityInterfaceForComposites._computeOutputPortDepth(CausalityInterfaceForComposites.java:765)
	at ptolemy.actor.util.CausalityInterfaceForComposites._computeInputDepth(CausalityInterfaceForComposites.java:696)
	at ptolemy.actor.util.CausalityInterfaceForComposites._computeOutputPortDepth(CausalityInterfaceForComposites.java:765)
	at ptolemy.actor.util.CausalityInterfaceForComposites._computeInputDepth(CausalityInterfaceForComposites.java:696)
	at ptolemy.actor.util.CausalityInterfaceForComposites._computeActorDepth(CausalityInterfaceForComposites.java:532)
	at ptolemy.actor.util.CausalityInterfaceForComposites.checkForCycles(CausalityInterfaceForComposites.java:96)
	at ptolemy.domains.de.kernel.DEDirector.preinitialize(DEDirector.java:1338)
	at ptolemy.actor.CompositeActor.preinitialize(CompositeActor.java:1828)
	at ptolemy.actor.Manager.preinitializeAndResolveTypes(Manager.java:1040)
	at ptolemy.actor.Manager.initialize(Manager.java:710)
	at ptolemy.actor.Manager.execute(Manager.java:356)
	at ptolemy.actor.Manager.run(Manager.java:1263)
	at ptolemy.actor.Manager$PtolemyRunThread.run(Manager.java:1933)

    while executing
ptolemy.kernel.util.IllegalActionException: Found a zero delay loop containing .dependencyLoop2.original
  in .dependencyLoop2 and .dependencyLoop2.original
    while executing
"java::new ptolemy.moml.MoMLSimpleApplication $file
"
    (procedure "createAndExecute" line 2)
    invoked from within
"createAndExecute $file"
    ("uplevel" body line 5)
    invoked from within
"uplevel $contents_of_test"
------------------ testing $PTII/ptolemy/domains/de/test/auto/knownFailedTests/DESDFClockTest.xml (Known Failure) 
2071 ms. Memory: 129024K Free: 108789K (84%)


==== $PTIIhome/travis/build/icyphy/ptII/ptolemy/domains/de/test/../../../../: Auto Automatic test in file $PTII/ptolemy/domains/de/test/auto/knownFailedTests/DESDFClockTest.xml
==== Contents of test case:

	    # FIXME: we should use $relativeFilename here, but it
	    # might have backslashes under Windows, which causes no end
	    # of trouble.
	    createAndExecute $file
	    list {}
	
.... Test generated KNOWN error:
    while executing
ptolemy.kernel.util.IllegalActionException: Actor is not ready to fire.  Perhaps UpSample.prefire() returned false? Try debugging the actor by selecting "Listen to Actor".  Also, for SDF check moml for tokenConsumptionRate on input.
  in .DESDFClockTest.Play Bell.Copy1:SDF Director and .DESDFClockTest.Play Bell.UpSample
	at ptolemy.actor.sched.StaticSchedulingDirector.fire(StaticSchedulingDirector.java:227)
	at ptolemy.domains.sdf.kernel.SDFDirector.fire(SDFDirector.java:500)
	at ptolemy.actor.CompositeActor.fire(CompositeActor.java:455)
	at ptolemy.domains.de.kernel.DEDirector._fire(DEDirector.java:1949)
	at ptolemy.domains.de.kernel.DEDirector.fire(DEDirector.java:502)
	at ptolemy.actor.CompositeActor.fire(CompositeActor.java:455)
	at ptolemy.actor.Manager.iterate(Manager.java:851)
	at ptolemy.actor.Manager.execute(Manager.java:369)
	at ptolemy.actor.Manager.run(Manager.java:1263)
	at ptolemy.actor.Manager$PtolemyRunThread.run(Manager.java:1933)

    while executing
ptolemy.kernel.util.IllegalActionException: Actor is not ready to fire.  Perhaps UpSample.prefire() returned false? Try debugging the actor by selecting "Listen to Actor".  Also, for SDF check moml for tokenConsumptionRate on input.
  in .DESDFClockTest.Play Bell.Copy1:SDF Director and .DESDFClockTest.Play Bell.UpSample
    while executing
"java::new ptolemy.moml.MoMLSimpleApplication $file
"
    (procedure "createAndExecute" line 2)
    invoked from within
"createAndExecute $file"
    ("uplevel" body line 5)
    invoked from within
"uplevel $contents_of_test"
------------------ testing $PTII/ptolemy/domains/de/test/auto/ActorDepthCalculation_actorWithoutPorts.xml
auto.tcl: Setting watchdog for 200 seconds at Thu Jul 02 14:55:19 UTC 2020
10 ms. Memory: 129024K Free: 101111K (78%)
ptolemy.util.test.WatchDog.cancel(): canceling Thu Jul 02 14:55:19 UTC 2020
auto.tcl: Setting watchdog for 200 seconds at Thu Jul 02 14:55:19 UTC 2020
9 ms. Memory: 129024K Free: 99567K (77%)
ptolemy.util.test.WatchDog.cancel(): canceling Thu Jul 02 14:55:19 UTC 2020
------------------ testing $PTII/ptolemy/domains/de/test/auto/AssemblyLine.xml
auto.tcl: Setting watchdog for 200 seconds at Thu Jul 02 14:55:20 UTC 2020
17 ms. Memory: 51200K Free: 27921K (55%)
ptolemy.util.test.WatchDog.cancel(): canceling Thu Jul 02 14:55:20 UTC 2020
auto.tcl: Setting watchdog for 200 seconds at Thu Jul 02 14:55:20 UTC 2020
7 ms. Memory: 51200K Free: 27268K (53%)
ptolemy.util.test.WatchDog.cancel(): canceling Thu Jul 02 14:55:20 UTC 2020
------------------ testing $PTII/ptolemy/domains/de/test/auto/CQBug1.xml
auto.tcl: Setting watchdog for 200 seconds at Thu Jul 02 14:55:20 UTC 2020
12 ms. Memory: 51200K Free: 33244K (65%)
ptolemy.util.test.WatchDog.cancel(): canceling Thu Jul 02 14:55:20 UTC 2020
auto.tcl: Setting watchdog for 200 seconds at Thu Jul 02 14:55:20 UTC 2020
2 ms. Memory: 51200K Free: 33244K (65%)
ptolemy.util.test.WatchDog.cancel(): canceling Thu Jul 02 14:55:20 UTC 2020
------------------ testing $PTII/ptolemy/domains/de/test/auto/CancelFireAt.xml
auto.tcl: Setting watchdog for 200 seconds at Thu Jul 02 14:55:20 UTC 2020
4 ms. Memory: 51200K Free: 34469K (67%)
ptolemy.util.test.WatchDog.cancel(): canceling Thu Jul 02 14:55:20 UTC 2020
auto.tcl: Setting watchdog for 200 seconds at Thu Jul 02 14:55:20 UTC 2020
2 ms. Memory: 51200K Free: 34001K (66%)
ptolemy.util.test.WatchDog.cancel(): canceling Thu Jul 02 14:55:20 UTC 2020
------------------ testing $PTII/ptolemy/domains/de/test/auto/CausalityAndComposabilityAnalysis.xml
auto.tcl: Setting watchdog for 200 seconds at Thu Jul 02 14:55:20 UTC 2020
10 ms. Memory: 48128K Free: 29379K (61%)
ptolemy.util.test.WatchDog.cancel(): canceling Thu Jul 02 14:55:20 UTC 2020
auto.tcl: Setting watchdog for 200 seconds at Thu Jul 02 14:55:20 UTC 2020
4 ms. Memory: 48128K Free: 28930K (60%)
ptolemy.util.test.WatchDog.cancel(): canceling Thu Jul 02 14:55:20 UTC 2020
------------------ testing $PTII/ptolemy/domains/de/test/auto/CausalityInterface1.xml
auto.tcl: Setting watchdog for 200 seconds at Thu Jul 02 14:55:20 UTC 2020
17 ms. Memory: 48128K Free: 28352K (59%)
ptolemy.util.test.WatchDog.cancel(): canceling Thu Jul 02 14:55:20 UTC 2020
auto.tcl: Setting watchdog for 200 seconds at Thu Jul 02 14:55:20 UTC 2020
7 ms. Memory: 48128K Free: 27370K (57%)
ptolemy.util.test.WatchDog.cancel(): canceling Thu Jul 02 14:55:20 UTC 2020
------------------ testing $PTII/ptolemy/domains/de/test/auto/CausalityInterface15.xml
auto.tcl: Setting watchdog for 200 seconds at Thu Jul 02 14:55:20 UTC 2020
16 ms. Memory: 48128K Free: 28408K (59%)
ptolemy.util.test.WatchDog.cancel(): canceling Thu Jul 02 14:55:21 UTC 2020
auto.tcl: Setting watchdog for 200 seconds at Thu Jul 02 14:55:21 UTC 2020
4 ms. Memory: 48128K Free: 27320K (57%)
ptolemy.util.test.WatchDog.cancel(): canceling Thu Jul 02 14:55:21 UTC 2020
------------------ testing $PTII/ptolemy/domains/de/test/auto/CausalityInterface2.xml
auto.tcl: Setting watchdog for 200 seconds at Thu Jul 02 14:55:21 UTC 2020
6 ms. Memory: 48128K Free: 29083K (60%)
ptolemy.util.test.WatchDog.cancel(): canceling Thu Jul 02 14:55:21 UTC 2020
auto.tcl: Setting watchdog for 200 seconds at Thu Jul 02 14:55:21 UTC 2020
3 ms. Memory: 48128K Free: 28340K (59%)
ptolemy.util.test.WatchDog.cancel(): canceling Thu Jul 02 14:55:21 UTC 2020
------------------ testing $PTII/ptolemy/domains/de/test/auto/CausalityInterface3.xml
auto.tcl: Setting watchdog for 200 seconds at Thu Jul 02 14:55:21 UTC 2020
9 ms. Memory: 48128K Free: 28487K (59%)
ptolemy.util.test.WatchDog.cancel(): canceling Thu Jul 02 14:55:21 UTC 2020
auto.tcl: Setting watchdog for 200 seconds at Thu Jul 02 14:55:21 UTC 2020
3 ms. Memory: 48128K Free: 28055K (58%)
ptolemy.util.test.WatchDog.cancel(): canceling Thu Jul 02 14:55:21 UTC 2020
------------------ testing $PTII/ptolemy/domains/de/test/auto/ClockDrift.xml
auto.tcl: Setting watchdog for 200 seconds at Thu Jul 02 14:55:21 UTC 2020
86 ms. Memory: 48128K Free: 20647K (43%)
ptolemy.util.test.WatchDog.cancel(): canceling Thu Jul 02 14:55:21 UTC 2020
auto.tcl: Setting watchdog for 200 seconds at Thu Jul 02 14:55:21 UTC 2020
61 ms. Memory: 48128K Free: 17687K (37%)
ptolemy.util.test.WatchDog.cancel(): canceling Thu Jul 02 14:55:21 UTC 2020
------------------ testing $PTII/ptolemy/domains/de/test/auto/ClockDriftAndValueChange.xml
auto.tcl: Setting watchdog for 200 seconds at Thu Jul 02 14:55:21 UTC 2020
37 ms. Memory: 48128K Free: 21201K (44%)
ptolemy.util.test.WatchDog.cancel(): canceling Thu Jul 02 14:55:21 UTC 2020
auto.tcl: Setting watchdog for 200 seconds at Thu Jul 02 14:55:21 UTC 2020
26 ms. Memory: 48128K Free: 18366K (38%)
ptolemy.util.test.WatchDog.cancel(): canceling Thu Jul 02 14:55:21 UTC 2020
------------------ testing $PTII/ptolemy/domains/de/test/auto/ClockDriftChange.xml
auto.tcl: Setting watchdog for 200 seconds at Thu Jul 02 14:55:21 UTC 2020
22 ms. Memory: 48128K Free: 23247K (48%)
ptolemy.util.test.WatchDog.cancel(): canceling Thu Jul 02 14:55:21 UTC 2020
auto.tcl: Setting watchdog for 200 seconds at Thu Jul 02 14:55:21 UTC 2020
24 ms. Memory: 48128K Free: 20666K (43%)
ptolemy.util.test.WatchDog.cancel(): canceling Thu Jul 02 14:55:21 UTC 2020
------------------ testing $PTII/ptolemy/domains/de/test/auto/ComposableCausalityAnalysis.xml
auto.tcl: Setting watchdog for 200 seconds at Thu Jul 02 14:55:21 UTC 2020
2 ms. Memory: 48128K Free: 27895K (58%)
ptolemy.util.test.WatchDog.cancel(): canceling Thu Jul 02 14:55:21 UTC 2020
auto.tcl: Setting watchdog for 200 seconds at Thu Jul 02 14:55:21 UTC 2020
4 ms. Memory: 48128K Free: 26848K (56%)
ptolemy.util.test.WatchDog.cancel(): canceling Thu Jul 02 14:55:21 UTC 2020
------------------ testing $PTII/ptolemy/domains/de/test/auto/DEFixedPointLimitation.xml
auto.tcl: Setting watchdog for 200 seconds at Thu Jul 02 14:55:21 UTC 2020
2 ms. Memory: 48128K Free: 29235K (61%)
ptolemy.util.test.WatchDog.cancel(): canceling Thu Jul 02 14:55:21 UTC 2020
auto.tcl: Setting watchdog for 200 seconds at Thu Jul 02 14:55:21 UTC 2020
1 ms. Memory: 48128K Free: 28310K (59%)
ptolemy.util.test.WatchDog.cancel(): canceling Thu Jul 02 14:55:21 UTC 2020
------------------ testing $PTII/ptolemy/domains/de/test/auto/DEScheduleTest.xml
auto.tcl: Setting watchdog for 200 seconds at Thu Jul 02 14:55:21 UTC 2020
7 ms. Memory: 48128K Free: 29544K (61%)
ptolemy.util.test.WatchDog.cancel(): canceling Thu Jul 02 14:55:21 UTC 2020
auto.tcl: Setting watchdog for 200 seconds at Thu Jul 02 14:55:21 UTC 2020
3 ms. Memory: 48128K Free: 28757K (60%)
ptolemy.util.test.WatchDog.cancel(): canceling Thu Jul 02 14:55:21 UTC 2020
------------------ testing $PTII/ptolemy/domains/de/test/auto/DEinDEwithStartTimes.xml
auto.tcl: Setting watchdog for 200 seconds at Thu Jul 02 14:55:21 UTC 2020
6 ms. Memory: 48128K Free: 27684K (58%)
ptolemy.util.test.WatchDog.cancel(): canceling Thu Jul 02 14:55:22 UTC 2020
auto.tcl: Setting watchdog for 200 seconds at Thu Jul 02 14:55:22 UTC 2020
4 ms. Memory: 48128K Free: 26660K (55%)
ptolemy.util.test.WatchDog.cancel(): canceling Thu Jul 02 14:55:22 UTC 2020
------------------ testing $PTII/ptolemy/domains/de/test/auto/DEinDEwithStartTimes2.xml
auto.tcl: Setting watchdog for 200 seconds at Thu Jul 02 14:55:22 UTC 2020
4 ms. Memory: 48128K Free: 26966K (56%)
ptolemy.util.test.WatchDog.cancel(): canceling Thu Jul 02 14:55:22 UTC 2020
auto.tcl: Setting watchdog for 200 seconds at Thu Jul 02 14:55:22 UTC 2020
7 ms. Memory: 48128K Free: 25610K (53%)
ptolemy.util.test.WatchDog.cancel(): canceling Thu Jul 02 14:55:22 UTC 2020
------------------ testing $PTII/ptolemy/domains/de/test/auto/DateDemo.xml
auto.tcl: Setting watchdog for 200 seconds at Thu Jul 02 14:55:22 UTC 2020
16 ms. Memory: 48128K Free: 21252K (44%)
ptolemy.util.test.WatchDog.cancel(): canceling Thu Jul 02 14:55:22 UTC 2020
auto.tcl: Setting watchdog for 200 seconds at Thu Jul 02 14:55:22 UTC 2020
6 ms. Memory: 48128K Free: 19649K (41%)
ptolemy.util.test.WatchDog.cancel(): canceling Thu Jul 02 14:55:22 UTC 2020
------------------ testing $PTII/ptolemy/domains/de/test/auto/DateToEvent.xml
auto.tcl: Setting watchdog for 200 seconds at Thu Jul 02 14:55:22 UTC 2020
2018 ms. Memory: 48128K Free: 17172K (36%)
ptolemy.util.test.WatchDog.cancel(): canceling Thu Jul 02 14:55:24 UTC 2020
auto.tcl: Setting watchdog for 200 seconds at Thu Jul 02 14:55:24 UTC 2020
2005 ms. Memory: 48128K Free: 16433K (34%)
ptolemy.util.test.WatchDog.cancel(): canceling Thu Jul 02 14:55:26 UTC 2020
------------------ testing $PTII/ptolemy/domains/de/test/auto/DepthTest1.xml
auto.tcl: Setting watchdog for 200 seconds at Thu Jul 02 14:55:26 UTC 2020
4 ms. Memory: 48128K Free: 30319K (63%)
ptolemy.util.test.WatchDog.cancel(): canceling Thu Jul 02 14:55:26 UTC 2020
auto.tcl: Setting watchdog for 200 seconds at Thu Jul 02 14:55:26 UTC 2020
2 ms. Memory: 48128K Free: 29898K (62%)
ptolemy.util.test.WatchDog.cancel(): canceling Thu Jul 02 14:55:26 UTC 2020
------------------ testing $PTII/ptolemy/domains/de/test/auto/DepthTest2.xml
auto.tcl: Setting watchdog for 200 seconds at Thu Jul 02 14:55:26 UTC 2020
12 ms. Memory: 48128K Free: 27218K (57%)
ptolemy.util.test.WatchDog.cancel(): canceling Thu Jul 02 14:55:26 UTC 2020
auto.tcl: Setting watchdog for 200 seconds at Thu Jul 02 14:55:26 UTC 2020
2 ms. Memory: 48128K Free: 26814K (56%)
ptolemy.util.test.WatchDog.cancel(): canceling Thu Jul 02 14:55:26 UTC 2020
------------------ testing $PTII/ptolemy/domains/de/test/auto/DepthTest3.xml
auto.tcl: Setting watchdog for 200 seconds at Thu Jul 02 14:55:26 UTC 2020
3 ms. Memory: 48128K Free: 30647K (64%)
ptolemy.util.test.WatchDog.cancel(): canceling Thu Jul 02 14:55:26 UTC 2020
auto.tcl: Setting watchdog for 200 seconds at Thu Jul 02 14:55:26 UTC 2020
2 ms. Memory: 48128K Free: 30226K (63%)
ptolemy.util.test.WatchDog.cancel(): canceling Thu Jul 02 14:55:26 UTC 2020
------------------ testing $PTII/ptolemy/domains/de/test/auto/DepthTest4.xml
auto.tcl: Setting watchdog for 200 seconds at Thu Jul 02 14:55:26 UTC 2020
6 ms. Memory: 48128K Free: 29004K (60%)
ptolemy.util.test.WatchDog.cancel(): canceling Thu Jul 02 14:55:26 UTC 2020
auto.tcl: Setting watchdog for 200 seconds at Thu Jul 02 14:55:26 UTC 2020
5 ms. Memory: 48128K Free: 28268K (59%)
ptolemy.util.test.WatchDog.cancel(): canceling Thu Jul 02 14:55:26 UTC 2020
------------------ testing $PTII/ptolemy/domains/de/test/auto/DepthTest5.xml
auto.tcl: Setting watchdog for 200 seconds at Thu Jul 02 14:55:26 UTC 2020
4 ms. Memory: 48128K Free: 28158K (59%)
ptolemy.util.test.WatchDog.cancel(): canceling Thu Jul 02 14:55:26 UTC 2020
auto.tcl: Setting watchdog for 200 seconds at Thu Jul 02 14:55:26 UTC 2020
2 ms. Memory: 48128K Free: 27755K (58%)
ptolemy.util.test.WatchDog.cancel(): canceling Thu Jul 02 14:55:26 UTC 2020
------------------ testing $PTII/ptolemy/domains/de/test/auto/DepthTest6.xml
auto.tcl: Setting watchdog for 200 seconds at Thu Jul 02 14:55:26 UTC 2020
4 ms. Memory: 48128K Free: 28082K (58%)
ptolemy.util.test.WatchDog.cancel(): canceling Thu Jul 02 14:55:26 UTC 2020
auto.tcl: Setting watchdog for 200 seconds at Thu Jul 02 14:55:26 UTC 2020
3 ms. Memory: 48128K Free: 27661K (57%)
ptolemy.util.test.WatchDog.cancel(): canceling Thu Jul 02 14:55:26 UTC 2020
------------------ testing $PTII/ptolemy/domains/de/test/auto/DepthTest7.xml
auto.tcl: Setting watchdog for 200 seconds at Thu Jul 02 14:55:26 UTC 2020
3 ms. Memory: 48128K Free: 28929K (60%)
ptolemy.util.test.WatchDog.cancel(): canceling Thu Jul 02 14:55:26 UTC 2020
auto.tcl: Setting watchdog for 200 seconds at Thu Jul 02 14:55:26 UTC 2020
3 ms. Memory: 48128K Free: 28179K (59%)
ptolemy.util.test.WatchDog.cancel(): canceling Thu Jul 02 14:55:26 UTC 2020
------------------ testing $PTII/ptolemy/domains/de/test/auto/EventToDate.xml
auto.tcl: Setting watchdog for 200 seconds at Thu Jul 02 14:55:26 UTC 2020
3009 ms. Memory: 48128K Free: 19744K (41%)
ptolemy.util.test.WatchDog.cancel(): canceling Thu Jul 02 14:55:29 UTC 2020
auto.tcl: Setting watchdog for 200 seconds at Thu Jul 02 14:55:29 UTC 2020
3003 ms. Memory: 48128K Free: 19000K (39%)
ptolemy.util.test.WatchDog.cancel(): canceling Thu Jul 02 14:55:32 UTC 2020
------------------ testing $PTII/ptolemy/domains/de/test/auto/FSM1.xml
auto.tcl: Setting watchdog for 200 seconds at Thu Jul 02 14:55:32 UTC 2020
43 ms. Memory: 48128K Free: 20913K (43%)
ptolemy.util.test.WatchDog.cancel(): canceling Thu Jul 02 14:55:33 UTC 2020
auto.tcl: Setting watchdog for 200 seconds at Thu Jul 02 14:55:33 UTC 2020
23 ms. Memory: 48128K Free: 17636K (37%)
ptolemy.util.test.WatchDog.cancel(): canceling Thu Jul 02 14:55:33 UTC 2020
------------------ testing $PTII/ptolemy/domains/de/test/auto/FSM7.xml
auto.tcl: Setting watchdog for 200 seconds at Thu Jul 02 14:55:33 UTC 2020
14 ms. Memory: 48128K Free: 20614K (43%)
ptolemy.util.test.WatchDog.cancel(): canceling Thu Jul 02 14:55:33 UTC 2020
auto.tcl: Setting watchdog for 200 seconds at Thu Jul 02 14:55:33 UTC 2020
22 ms. Memory: 48128K Free: 17506K (36%)
ptolemy.util.test.WatchDog.cancel(): canceling Thu Jul 02 14:55:33 UTC 2020
------------------ testing $PTII/ptolemy/domains/de/test/auto/Inspection.xml
auto.tcl: Setting watchdog for 200 seconds at Thu Jul 02 14:55:33 UTC 2020
38 ms. Memory: 48128K Free: 20662K (43%)
ptolemy.util.test.WatchDog.cancel(): canceling Thu Jul 02 14:55:33 UTC 2020
auto.tcl: Setting watchdog for 200 seconds at Thu Jul 02 14:55:33 UTC 2020
25 ms. Memory: 48128K Free: 18924K (39%)
ptolemy.util.test.WatchDog.cancel(): canceling Thu Jul 02 14:55:33 UTC 2020
------------------ testing $PTII/ptolemy/domains/de/test/auto/Iteration.xml
auto.tcl: Setting watchdog for 200 seconds at Thu Jul 02 14:55:33 UTC 2020
7 ms. Memory: 48128K Free: 26374K (55%)
ptolemy.util.test.WatchDog.cancel(): canceling Thu Jul 02 14:55:33 UTC 2020
auto.tcl: Setting watchdog for 200 seconds at Thu Jul 02 14:55:33 UTC 2020
7 ms. Memory: 48128K Free: 24962K (52%)
ptolemy.util.test.WatchDog.cancel(): canceling Thu Jul 02 14:55:33 UTC 2020
------------------ testing $PTII/ptolemy/domains/de/test/auto/LineFault.xml
auto.tcl: Setting watchdog for 200 seconds at Thu Jul 02 14:55:33 UTC 2020
660 ms. Memory: 48128K Free: 18465K (38%)
ptolemy.util.test.WatchDog.cancel(): canceling Thu Jul 02 14:55:34 UTC 2020
auto.tcl: Setting watchdog for 200 seconds at Thu Jul 02 14:55:34 UTC 2020
481 ms. Memory: 58368K Free: 37065K (64%)
ptolemy.util.test.WatchDog.cancel(): canceling Thu Jul 02 14:55:34 UTC 2020
------------------ testing $PTII/ptolemy/domains/de/test/auto/MergeModel1Add.xml
auto.tcl: Setting watchdog for 200 seconds at Thu Jul 02 14:55:34 UTC 2020
30 ms. Memory: 58368K Free: 22599K (39%)
ptolemy.util.test.WatchDog.cancel(): canceling Thu Jul 02 14:55:35 UTC 2020
auto.tcl: Setting watchdog for 200 seconds at Thu Jul 02 14:55:35 UTC 2020
11 ms. Memory: 58368K Free: 20940K (36%)
ptolemy.util.test.WatchDog.cancel(): canceling Thu Jul 02 14:55:35 UTC 2020
------------------ testing $PTII/ptolemy/domains/de/test/auto/MergeModel2Add.xml
auto.tcl: Setting watchdog for 200 seconds at Thu Jul 02 14:55:35 UTC 2020
9 ms. Memory: 51200K Free: 17268K (34%)
ptolemy.util.test.WatchDog.cancel(): canceling Thu Jul 02 14:55:35 UTC 2020
auto.tcl: Setting watchdog for 200 seconds at Thu Jul 02 14:55:35 UTC 2020
9 ms. Memory: 51200K Free: 15540K (30%)
ptolemy.util.test.WatchDog.cancel(): canceling Thu Jul 02 14:55:35 UTC 2020
------------------ testing $PTII/ptolemy/domains/de/test/auto/MergeModel3Add.xml
auto.tcl: Setting watchdog for 200 seconds at Thu Jul 02 14:55:35 UTC 2020
8 ms. Memory: 51200K Free: 17522K (34%)
ptolemy.util.test.WatchDog.cancel(): canceling Thu Jul 02 14:55:35 UTC 2020
auto.tcl: Setting watchdog for 200 seconds at Thu Jul 02 14:55:35 UTC 2020
10 ms. Memory: 51200K Free: 15969K (31%)
ptolemy.util.test.WatchDog.cancel(): canceling Thu Jul 02 14:55:35 UTC 2020
------------------ testing $PTII/ptolemy/domains/de/test/auto/MergeWithoutDiscard.xml
auto.tcl: Setting watchdog for 200 seconds at Thu Jul 02 14:55:35 UTC 2020
1 ms. Memory: 51200K Free: 31870K (62%)
ptolemy.util.test.WatchDog.cancel(): canceling Thu Jul 02 14:55:35 UTC 2020
auto.tcl: Setting watchdog for 200 seconds at Thu Jul 02 14:55:35 UTC 2020
1 ms. Memory: 51200K Free: 31439K (61%)
ptolemy.util.test.WatchDog.cancel(): canceling Thu Jul 02 14:55:35 UTC 2020
------------------ testing $PTII/ptolemy/domains/de/test/auto/Modal1.xml
auto.tcl: Setting watchdog for 200 seconds at Thu Jul 02 14:55:35 UTC 2020
16 ms. Memory: 51200K Free: 23982K (47%)
ptolemy.util.test.WatchDog.cancel(): canceling Thu Jul 02 14:55:35 UTC 2020
auto.tcl: Setting watchdog for 200 seconds at Thu Jul 02 14:55:35 UTC 2020
22 ms. Memory: 51200K Free: 20534K (40%)
ptolemy.util.test.WatchDog.cancel(): canceling Thu Jul 02 14:55:35 UTC 2020
------------------ testing $PTII/ptolemy/domains/de/test/auto/Modal2.xml
auto.tcl: Setting watchdog for 200 seconds at Thu Jul 02 14:55:35 UTC 2020
18 ms. Memory: 51200K Free: 24109K (47%)
ptolemy.util.test.WatchDog.cancel(): canceling Thu Jul 02 14:55:35 UTC 2020
auto.tcl: Setting watchdog for 200 seconds at Thu Jul 02 14:55:35 UTC 2020
19 ms. Memory: 51200K Free: 20848K (41%)
ptolemy.util.test.WatchDog.cancel(): canceling Thu Jul 02 14:55:35 UTC 2020
------------------ testing $PTII/ptolemy/domains/de/test/auto/Modal3.xml
auto.tcl: Setting watchdog for 200 seconds at Thu Jul 02 14:55:35 UTC 2020
16 ms. Memory: 51200K Free: 23818K (47%)
ptolemy.util.test.WatchDog.cancel(): canceling Thu Jul 02 14:55:35 UTC 2020
auto.tcl: Setting watchdog for 200 seconds at Thu Jul 02 14:55:35 UTC 2020
13 ms. Memory: 51200K Free: 20861K (41%)
ptolemy.util.test.WatchDog.cancel(): canceling Thu Jul 02 14:55:35 UTC 2020
------------------ testing $PTII/ptolemy/domains/de/test/auto/Modal4.xml
auto.tcl: Setting watchdog for 200 seconds at Thu Jul 02 14:55:35 UTC 2020
18 ms. Memory: 51200K Free: 22844K (45%)
ptolemy.util.test.WatchDog.cancel(): canceling Thu Jul 02 14:55:35 UTC 2020
auto.tcl: Setting watchdog for 200 seconds at Thu Jul 02 14:55:35 UTC 2020
15 ms. Memory: 51200K Free: 18813K (37%)
ptolemy.util.test.WatchDog.cancel(): canceling Thu Jul 02 14:55:35 UTC 2020
------------------ testing $PTII/ptolemy/domains/de/test/auto/Modal5.xml
auto.tcl: Setting watchdog for 200 seconds at Thu Jul 02 14:55:35 UTC 2020
15 ms. Memory: 51200K Free: 23037K (45%)
ptolemy.util.test.WatchDog.cancel(): canceling Thu Jul 02 14:55:35 UTC 2020
auto.tcl: Setting watchdog for 200 seconds at Thu Jul 02 14:55:35 UTC 2020
16 ms. Memory: 51200K Free: 19208K (38%)
ptolemy.util.test.WatchDog.cancel(): canceling Thu Jul 02 14:55:35 UTC 2020
------------------ testing $PTII/ptolemy/domains/de/test/auto/Modal6.xml
auto.tcl: Setting watchdog for 200 seconds at Thu Jul 02 14:55:35 UTC 2020
13 ms. Memory: 51200K Free: 23853K (47%)
ptolemy.util.test.WatchDog.cancel(): canceling Thu Jul 02 14:55:35 UTC 2020
auto.tcl: Setting watchdog for 200 seconds at Thu Jul 02 14:55:35 UTC 2020
13 ms. Memory: 51200K Free: 19857K (39%)
ptolemy.util.test.WatchDog.cancel(): canceling Thu Jul 02 14:55:36 UTC 2020
------------------ testing $PTII/ptolemy/domains/de/test/auto/Modal7.xml
auto.tcl: Setting watchdog for 200 seconds at Thu Jul 02 14:55:36 UTC 2020
16 ms. Memory: 51200K Free: 23020K (45%)
ptolemy.util.test.WatchDog.cancel(): canceling Thu Jul 02 14:55:36 UTC 2020
auto.tcl: Setting watchdog for 200 seconds at Thu Jul 02 14:55:36 UTC 2020
11 ms. Memory: 51200K Free: 19511K (38%)
ptolemy.util.test.WatchDog.cancel(): canceling Thu Jul 02 14:55:36 UTC 2020
------------------ testing $PTII/ptolemy/domains/de/test/auto/ModalModel.xml
auto.tcl: Setting watchdog for 200 seconds at Thu Jul 02 14:55:36 UTC 2020
206 ms. Memory: 51200K Free: 13359K (26%)
ptolemy.util.test.WatchDog.cancel(): canceling Thu Jul 02 14:55:36 UTC 2020
auto.tcl: Setting watchdog for 200 seconds at Thu Jul 02 14:55:36 UTC 2020
216 ms. Memory: 61440K Free: 17350K (28%)
ptolemy.util.test.WatchDog.cancel(): canceling Thu Jul 02 14:55:36 UTC 2020
------------------ testing $PTII/ptolemy/domains/de/test/auto/ModalSource.xml
auto.tcl: Setting watchdog for 200 seconds at Thu Jul 02 14:55:36 UTC 2020
11 ms. Memory: 51200K Free: 27883K (54%)
ptolemy.util.test.WatchDog.cancel(): canceling Thu Jul 02 14:55:36 UTC 2020
auto.tcl: Setting watchdog for 200 seconds at Thu Jul 02 14:55:36 UTC 2020
7 ms. Memory: 51200K Free: 25835K (50%)
ptolemy.util.test.WatchDog.cancel(): canceling Thu Jul 02 14:55:36 UTC 2020
------------------ testing $PTII/ptolemy/domains/de/test/auto/NonInterruptibleTimerZeroDelay.xml
auto.tcl: Setting watchdog for 200 seconds at Thu Jul 02 14:55:36 UTC 2020
4 ms. Memory: 51200K Free: 32826K (64%)
ptolemy.util.test.WatchDog.cancel(): canceling Thu Jul 02 14:55:36 UTC 2020
auto.tcl: Setting watchdog for 200 seconds at Thu Jul 02 14:55:36 UTC 2020
2 ms. Memory: 51200K Free: 32167K (63%)
ptolemy.util.test.WatchDog.cancel(): canceling Thu Jul 02 14:55:36 UTC 2020
------------------ testing $PTII/ptolemy/domains/de/test/auto/OpenQueueingNetwork.xml
auto.tcl: Setting watchdog for 200 seconds at Thu Jul 02 14:55:36 UTC 2020
2845 ms. Memory: 110592K Free: 77061K (70%)
ptolemy.util.test.WatchDog.cancel(): canceling Thu Jul 02 14:55:39 UTC 2020
auto.tcl: Setting watchdog for 200 seconds at Thu Jul 02 14:55:39 UTC 2020
2638 ms. Memory: 167936K Free: 127173K (76%)
ptolemy.util.test.WatchDog.cancel(): canceling Thu Jul 02 14:55:42 UTC 2020
------------------ testing $PTII/ptolemy/domains/de/test/auto/OpenQueuingNetwork.xml
auto.tcl: Setting watchdog for 200 seconds at Thu Jul 02 14:55:42 UTC 2020
230 ms. Memory: 55296K Free: 24453K (44%)
ptolemy.util.test.WatchDog.cancel(): canceling Thu Jul 02 14:55:42 UTC 2020
auto.tcl: Setting watchdog for 200 seconds at Thu Jul 02 14:55:42 UTC 2020
238 ms. Memory: 55296K Free: 32890K (59%)
ptolemy.util.test.WatchDog.cancel(): canceling Thu Jul 02 14:55:43 UTC 2020
------------------ testing $PTII/ptolemy/domains/de/test/auto/PeriodicSampler.xml
auto.tcl: Setting watchdog for 200 seconds at Thu Jul 02 14:55:43 UTC 2020
4 ms. Memory: 55296K Free: 36117K (65%)
ptolemy.util.test.WatchDog.cancel(): canceling Thu Jul 02 14:55:43 UTC 2020
auto.tcl: Setting watchdog for 200 seconds at Thu Jul 02 14:55:43 UTC 2020
2 ms. Memory: 55296K Free: 35597K (64%)
ptolemy.util.test.WatchDog.cancel(): canceling Thu Jul 02 14:55:43 UTC 2020
------------------ testing $PTII/ptolemy/domains/de/test/auto/PersistentIO.xml
auto.tcl: Setting watchdog for 200 seconds at Thu Jul 02 14:55:43 UTC 2020
12 ms. Memory: 55296K Free: 31042K (56%)
ptolemy.util.test.WatchDog.cancel(): canceling Thu Jul 02 14:55:43 UTC 2020
auto.tcl: Setting watchdog for 200 seconds at Thu Jul 02 14:55:43 UTC 2020
5 ms. Memory: 55296K Free: 29522K (53%)
ptolemy.util.test.WatchDog.cancel(): canceling Thu Jul 02 14:55:43 UTC 2020
------------------ testing $PTII/ptolemy/domains/de/test/auto/PortParameterResetOnInitialize.xml
auto.tcl: Setting watchdog for 200 seconds at Thu Jul 02 14:55:43 UTC 2020
8 ms. Memory: 51200K Free: 31918K (62%)
ptolemy.util.test.WatchDog.cancel(): canceling Thu Jul 02 14:55:43 UTC 2020
auto.tcl: Setting watchdog for 200 seconds at Thu Jul 02 14:55:43 UTC 2020
2 ms. Memory: 51200K Free: 31433K (61%)
ptolemy.util.test.WatchDog.cancel(): canceling Thu Jul 02 14:55:43 UTC 2020
------------------ testing $PTII/ptolemy/domains/de/test/auto/PortParameterUpdates.xml
auto.tcl: Setting watchdog for 200 seconds at Thu Jul 02 14:55:43 UTC 2020
3 ms. Memory: 51200K Free: 30028K (59%)
ptolemy.util.test.WatchDog.cancel(): canceling Thu Jul 02 14:55:43 UTC 2020
auto.tcl: Setting watchdog for 200 seconds at Thu Jul 02 14:55:43 UTC 2020
6 ms. Memory: 51200K Free: 29011K (57%)
ptolemy.util.test.WatchDog.cancel(): canceling Thu Jul 02 14:55:43 UTC 2020
------------------ testing $PTII/ptolemy/domains/de/test/auto/QueueAndServer.xml
auto.tcl: Setting watchdog for 200 seconds at Thu Jul 02 14:55:43 UTC 2020
5 ms. Memory: 51200K Free: 28906K (56%)
ptolemy.util.test.WatchDog.cancel(): canceling Thu Jul 02 14:55:43 UTC 2020
auto.tcl: Setting watchdog for 200 seconds at Thu Jul 02 14:55:43 UTC 2020
6 ms. Memory: 51200K Free: 27456K (54%)
ptolemy.util.test.WatchDog.cancel(): canceling Thu Jul 02 14:55:43 UTC 2020
------------------ testing $PTII/ptolemy/domains/de/test/auto/Records.xml
auto.tcl: Setting watchdog for 200 seconds at Thu Jul 02 14:55:43 UTC 2020
3 ms. Memory: 51200K Free: 31185K (61%)
ptolemy.util.test.WatchDog.cancel(): canceling Thu Jul 02 14:55:43 UTC 2020
auto.tcl: Setting watchdog for 200 seconds at Thu Jul 02 14:55:43 UTC 2020
3 ms. Memory: 51200K Free: 30679K (60%)
ptolemy.util.test.WatchDog.cancel(): canceling Thu Jul 02 14:55:43 UTC 2020
------------------ testing $PTII/ptolemy/domains/de/test/auto/ResetTransitionWithStartTime1.xml
auto.tcl: Setting watchdog for 200 seconds at Thu Jul 02 14:55:43 UTC 2020
11 ms. Memory: 51200K Free: 28429K (56%)
ptolemy.util.test.WatchDog.cancel(): canceling Thu Jul 02 14:55:43 UTC 2020
auto.tcl: Setting watchdog for 200 seconds at Thu Jul 02 14:55:43 UTC 2020
7 ms. Memory: 51200K Free: 25891K (51%)
ptolemy.util.test.WatchDog.cancel(): canceling Thu Jul 02 14:55:43 UTC 2020
------------------ testing $PTII/ptolemy/domains/de/test/auto/ResetTransitionWithStartTime2.xml
auto.tcl: Setting watchdog for 200 seconds at Thu Jul 02 14:55:43 UTC 2020
7 ms. Memory: 51200K Free: 28385K (55%)
ptolemy.util.test.WatchDog.cancel(): canceling Thu Jul 02 14:55:43 UTC 2020
auto.tcl: Setting watchdog for 200 seconds at Thu Jul 02 14:55:43 UTC 2020
6 ms. Memory: 51200K Free: 26337K (51%)
ptolemy.util.test.WatchDog.cancel(): canceling Thu Jul 02 14:55:43 UTC 2020
------------------ testing $PTII/ptolemy/domains/de/test/auto/ResetTransitionWithStartTime3.xml
auto.tcl: Setting watchdog for 200 seconds at Thu Jul 02 14:55:43 UTC 2020
6 ms. Memory: 51200K Free: 28383K (55%)
ptolemy.util.test.WatchDog.cancel(): canceling Thu Jul 02 14:55:43 UTC 2020
auto.tcl: Setting watchdog for 200 seconds at Thu Jul 02 14:55:43 UTC 2020
6 ms. Memory: 51200K Free: 26335K (51%)
ptolemy.util.test.WatchDog.cancel(): canceling Thu Jul 02 14:55:43 UTC 2020
------------------ testing $PTII/ptolemy/domains/de/test/auto/ResetTransitionWithStartTime4.xml
auto.tcl: Setting watchdog for 200 seconds at Thu Jul 02 14:55:43 UTC 2020
10 ms. Memory: 51200K Free: 28793K (56%)
ptolemy.util.test.WatchDog.cancel(): canceling Thu Jul 02 14:55:43 UTC 2020
auto.tcl: Setting watchdog for 200 seconds at Thu Jul 02 14:55:43 UTC 2020
4 ms. Memory: 51200K Free: 27374K (53%)
ptolemy.util.test.WatchDog.cancel(): canceling Thu Jul 02 14:55:43 UTC 2020
------------------ testing $PTII/ptolemy/domains/de/test/auto/ResettableTimer1.xml
auto.tcl: Setting watchdog for 200 seconds at Thu Jul 02 14:55:43 UTC 2020
3 ms. Memory: 51200K Free: 32460K (63%)
ptolemy.util.test.WatchDog.cancel(): canceling Thu Jul 02 14:55:43 UTC 2020
auto.tcl: Setting watchdog for 200 seconds at Thu Jul 02 14:55:43 UTC 2020
3 ms. Memory: 51200K Free: 31442K (61%)
ptolemy.util.test.WatchDog.cancel(): canceling Thu Jul 02 14:55:43 UTC 2020
------------------ testing $PTII/ptolemy/domains/de/test/auto/ResettableTimer2.xml
auto.tcl: Setting watchdog for 200 seconds at Thu Jul 02 14:55:43 UTC 2020
3 ms. Memory: 51200K Free: 32517K (64%)
ptolemy.util.test.WatchDog.cancel(): canceling Thu Jul 02 14:55:43 UTC 2020
auto.tcl: Setting watchdog for 200 seconds at Thu Jul 02 14:55:43 UTC 2020
2 ms. Memory: 51200K Free: 31523K (62%)
ptolemy.util.test.WatchDog.cancel(): canceling Thu Jul 02 14:55:43 UTC 2020
------------------ testing $PTII/ptolemy/domains/de/test/auto/ResettableTimer3.xml
auto.tcl: Setting watchdog for 200 seconds at Thu Jul 02 14:55:43 UTC 2020
1 ms. Memory: 51200K Free: 32524K (64%)
ptolemy.util.test.WatchDog.cancel(): canceling Thu Jul 02 14:55:43 UTC 2020
auto.tcl: Setting watchdog for 200 seconds at Thu Jul 02 14:55:43 UTC 2020
1 ms. Memory: 51200K Free: 32516K (64%)
ptolemy.util.test.WatchDog.cancel(): canceling Thu Jul 02 14:55:43 UTC 2020
------------------ testing $PTII/ptolemy/domains/de/test/auto/ResettableTimer4.xml
auto.tcl: Setting watchdog for 200 seconds at Thu Jul 02 14:55:44 UTC 2020
2 ms. Memory: 51200K Free: 32537K (64%)
ptolemy.util.test.WatchDog.cancel(): canceling Thu Jul 02 14:55:44 UTC 2020
auto.tcl: Setting watchdog for 200 seconds at Thu Jul 02 14:55:44 UTC 2020
1 ms. Memory: 51200K Free: 32039K (63%)
ptolemy.util.test.WatchDog.cancel(): canceling Thu Jul 02 14:55:44 UTC 2020
------------------ testing $PTII/ptolemy/domains/de/test/auto/ResettableTimer5.xml
auto.tcl: Setting watchdog for 200 seconds at Thu Jul 02 14:55:44 UTC 2020
2 ms. Memory: 51200K Free: 32014K (63%)
ptolemy.util.test.WatchDog.cancel(): canceling Thu Jul 02 14:55:44 UTC 2020
auto.tcl: Setting watchdog for 200 seconds at Thu Jul 02 14:55:44 UTC 2020
1 ms. Memory: 51200K Free: 31526K (62%)
ptolemy.util.test.WatchDog.cancel(): canceling Thu Jul 02 14:55:44 UTC 2020
------------------ testing $PTII/ptolemy/domains/de/test/auto/ResettableTimer6.xml
auto.tcl: Setting watchdog for 200 seconds at Thu Jul 02 14:55:44 UTC 2020
2 ms. Memory: 51200K Free: 31998K (62%)
ptolemy.util.test.WatchDog.cancel(): canceling Thu Jul 02 14:55:44 UTC 2020
auto.tcl: Setting watchdog for 200 seconds at Thu Jul 02 14:55:44 UTC 2020
2 ms. Memory: 51200K Free: 31494K (62%)
ptolemy.util.test.WatchDog.cancel(): canceling Thu Jul 02 14:55:44 UTC 2020
------------------ testing $PTII/ptolemy/domains/de/test/auto/ServerZeroDelay.xml
auto.tcl: Setting watchdog for 200 seconds at Thu Jul 02 14:55:44 UTC 2020
2 ms. Memory: 51200K Free: 32509K (63%)
ptolemy.util.test.WatchDog.cancel(): canceling Thu Jul 02 14:55:44 UTC 2020
auto.tcl: Setting watchdog for 200 seconds at Thu Jul 02 14:55:44 UTC 2020
3 ms. Memory: 51200K Free: 31499K (62%)
ptolemy.util.test.WatchDog.cancel(): canceling Thu Jul 02 14:55:44 UTC 2020
------------------ testing $PTII/ptolemy/domains/de/test/auto/SmartSender.xml
auto.tcl: Setting watchdog for 200 seconds at Thu Jul 02 14:55:44 UTC 2020
3002 ms. Memory: 51200K Free: 32504K (63%)
ptolemy.util.test.WatchDog.cancel(): canceling Thu Jul 02 14:55:47 UTC 2020
auto.tcl: Setting watchdog for 200 seconds at Thu Jul 02 14:55:47 UTC 2020
3001 ms. Memory: 51200K Free: 32014K (63%)
ptolemy.util.test.WatchDog.cancel(): canceling Thu Jul 02 14:55:50 UTC 2020
------------------ testing $PTII/ptolemy/domains/de/test/auto/ThreadedComposite.xml
auto.tcl: Setting watchdog for 200 seconds at Thu Jul 02 14:55:50 UTC 2020
400 ms. Memory: 51200K Free: 10500K (21%)
ptolemy.util.test.WatchDog.cancel(): canceling Thu Jul 02 14:55:50 UTC 2020
auto.tcl: Setting watchdog for 200 seconds at Thu Jul 02 14:55:50 UTC 2020
258 ms. Memory: 51200K Free: 15073K (29%)
ptolemy.util.test.WatchDog.cancel(): canceling Thu Jul 02 14:55:51 UTC 2020
------------------ testing $PTII/ptolemy/domains/de/test/auto/Time.xml
auto.tcl: Setting watchdog for 200 seconds at Thu Jul 02 14:55:51 UTC 2020
429 ms. Memory: 51200K Free: 34705K (68%)
ptolemy.util.test.WatchDog.cancel(): canceling Thu Jul 02 14:55:51 UTC 2020
auto.tcl: Setting watchdog for 200 seconds at Thu Jul 02 14:55:51 UTC 2020
392 ms. Memory: 51200K Free: 9217K (18%)
ptolemy.util.test.WatchDog.cancel(): canceling Thu Jul 02 14:55:51 UTC 2020
------------------ testing $PTII/ptolemy/domains/de/test/auto/TimeDelayZeroDelay.xml
auto.tcl: Setting watchdog for 200 seconds at Thu Jul 02 14:55:51 UTC 2020
3 ms. Memory: 51200K Free: 32433K (63%)
ptolemy.util.test.WatchDog.cancel(): canceling Thu Jul 02 14:55:51 UTC 2020
auto.tcl: Setting watchdog for 200 seconds at Thu Jul 02 14:55:51 UTC 2020
2 ms. Memory: 51200K Free: 31563K (62%)
ptolemy.util.test.WatchDog.cancel(): canceling Thu Jul 02 14:55:51 UTC 2020
------------------ testing $PTII/ptolemy/domains/de/test/auto/TimerZeroDelay.xml
auto.tcl: Setting watchdog for 200 seconds at Thu Jul 02 14:55:51 UTC 2020
3 ms. Memory: 51200K Free: 32863K (64%)
ptolemy.util.test.WatchDog.cancel(): canceling Thu Jul 02 14:55:52 UTC 2020
auto.tcl: Setting watchdog for 200 seconds at Thu Jul 02 14:55:52 UTC 2020
2 ms. Memory: 51200K Free: 32055K (63%)
ptolemy.util.test.WatchDog.cancel(): canceling Thu Jul 02 14:55:52 UTC 2020
------------------ testing $PTII/ptolemy/domains/de/test/auto/TimingParadox.xml
auto.tcl: Setting watchdog for 200 seconds at Thu Jul 02 14:55:52 UTC 2020
312 ms. Memory: 51200K Free: 19577K (38%)
ptolemy.util.test.WatchDog.cancel(): canceling Thu Jul 02 14:55:52 UTC 2020
auto.tcl: Setting watchdog for 200 seconds at Thu Jul 02 14:55:52 UTC 2020
308 ms. Memory: 61440K Free: 45208K (74%)
ptolemy.util.test.WatchDog.cancel(): canceling Thu Jul 02 14:55:52 UTC 2020
------------------ testing $PTII/ptolemy/domains/de/test/auto/TransferInputs.xml
auto.tcl: Setting watchdog for 200 seconds at Thu Jul 02 14:55:52 UTC 2020
2 ms. Memory: 58368K Free: 38109K (65%)
ptolemy.util.test.WatchDog.cancel(): canceling Thu Jul 02 14:55:52 UTC 2020
auto.tcl: Setting watchdog for 200 seconds at Thu Jul 02 14:55:52 UTC 2020
2 ms. Memory: 58368K Free: 37171K (64%)
ptolemy.util.test.WatchDog.cancel(): canceling Thu Jul 02 14:55:52 UTC 2020
------------------ testing $PTII/ptolemy/domains/de/test/auto/TransferOutputs2.xml
auto.tcl: Setting watchdog for 200 seconds at Thu Jul 02 14:55:52 UTC 2020
3 ms. Memory: 55296K Free: 32480K (59%)
ptolemy.util.test.WatchDog.cancel(): canceling Thu Jul 02 14:55:52 UTC 2020
auto.tcl: Setting watchdog for 200 seconds at Thu Jul 02 14:55:52 UTC 2020
2 ms. Memory: 55296K Free: 31028K (56%)
ptolemy.util.test.WatchDog.cancel(): canceling Thu Jul 02 14:55:52 UTC 2020
------------------ testing $PTII/ptolemy/domains/de/test/auto/Trilateration.xml
auto.tcl: Setting watchdog for 200 seconds at Thu Jul 02 14:55:52 UTC 2020
12531 ms. Memory: 489472K Free: 355169K (73%)
ptolemy.util.test.WatchDog.cancel(): canceling Thu Jul 02 14:56:06 UTC 2020
auto.tcl: Setting watchdog for 200 seconds at Thu Jul 02 14:56:06 UTC 2020
9088 ms. Memory: 489472K Free: 350744K (72%)
ptolemy.util.test.WatchDog.cancel(): canceling Thu Jul 02 14:56:15 UTC 2020
------------------ testing $PTII/ptolemy/domains/de/test/auto/TwoSigmaDelta.xml
auto.tcl: Setting watchdog for 200 seconds at Thu Jul 02 14:56:15 UTC 2020
2214 ms. Memory: 92160K Free: 39810K (43%)
ptolemy.util.test.WatchDog.cancel(): canceling Thu Jul 02 14:56:18 UTC 2020
auto.tcl: Setting watchdog for 200 seconds at Thu Jul 02 14:56:18 UTC 2020
1619 ms. Memory: 92160K Free: 46534K (50%)
ptolemy.util.test.WatchDog.cancel(): canceling Thu Jul 02 14:56:19 UTC 2020
------------------ testing $PTII/ptolemy/domains/de/test/auto/VariableDelay.xml
auto.tcl: Setting watchdog for 200 seconds at Thu Jul 02 14:56:19 UTC 2020
3 ms. Memory: 55296K Free: 35525K (64%)
ptolemy.util.test.WatchDog.cancel(): canceling Thu Jul 02 14:56:19 UTC 2020
auto.tcl: Setting watchdog for 200 seconds at Thu Jul 02 14:56:19 UTC 2020
3 ms. Memory: 55296K Free: 34515K (62%)
ptolemy.util.test.WatchDog.cancel(): canceling Thu Jul 02 14:56:19 UTC 2020
------------------ testing $PTII/ptolemy/domains/de/test/auto/VariableDelay2.xml
auto.tcl: Setting watchdog for 200 seconds at Thu Jul 02 14:56:19 UTC 2020
7 ms. Memory: 51200K Free: 32455K (63%)
ptolemy.util.test.WatchDog.cancel(): canceling Thu Jul 02 14:56:19 UTC 2020
auto.tcl: Setting watchdog for 200 seconds at Thu Jul 02 14:56:19 UTC 2020
3 ms. Memory: 51200K Free: 31332K (61%)
ptolemy.util.test.WatchDog.cancel(): canceling Thu Jul 02 14:56:19 UTC 2020
------------------ testing $PTII/ptolemy/domains/de/test/auto/VariableDelayZeroDelay.xml
auto.tcl: Setting watchdog for 200 seconds at Thu Jul 02 14:56:19 UTC 2020
2 ms. Memory: 51200K Free: 32454K (63%)
ptolemy.util.test.WatchDog.cancel(): canceling Thu Jul 02 14:56:19 UTC 2020
auto.tcl: Setting watchdog for 200 seconds at Thu Jul 02 14:56:19 UTC 2020
2 ms. Memory: 51200K Free: 31858K (62%)
ptolemy.util.test.WatchDog.cancel(): canceling Thu Jul 02 14:56:19 UTC 2020
------------------ testing $PTII/ptolemy/domains/de/test/auto/VariableDelayZeroDelay2.xml
auto.tcl: Setting watchdog for 200 seconds at Thu Jul 02 14:56:19 UTC 2020
3 ms. Memory: 51200K Free: 32354K (63%)
ptolemy.util.test.WatchDog.cancel(): canceling Thu Jul 02 14:56:19 UTC 2020
auto.tcl: Setting watchdog for 200 seconds at Thu Jul 02 14:56:19 UTC 2020
2 ms. Memory: 51200K Free: 31363K (61%)
ptolemy.util.test.WatchDog.cancel(): canceling Thu Jul 02 14:56:19 UTC 2020
------------------ testing $PTII/ptolemy/domains/de/test/auto/deInCt.xml
auto.tcl: Setting watchdog for 200 seconds at Thu Jul 02 14:56:20 UTC 2020
0
1
1
1
0
0
0
0
0
0
1
1
1
0
0
0
0
1
1
1
0
0
0
1
1
1
0
0
0
1
1
0
0
0
1
1
1
1
11 ms. Memory: 51200K Free: 31328K (61%)
ptolemy.util.test.WatchDog.cancel(): canceling Thu Jul 02 14:56:20 UTC 2020
auto.tcl: Setting watchdog for 200 seconds at Thu Jul 02 14:56:20 UTC 2020
0
1
1
1
0
0
0
1
1
1
0
0
1
1
1
1
0
0
0
0
0
1
1
0
0
0
0
1
1
1
0
0
0
1
1
0
0
0
1
1
1
1
5 ms. Memory: 51200K Free: 29807K (58%)
ptolemy.util.test.WatchDog.cancel(): canceling Thu Jul 02 14:56:20 UTC 2020
------------------ testing $PTII/ptolemy/domains/de/test/auto/deInCt2.xml
auto.tcl: Setting watchdog for 200 seconds at Thu Jul 02 14:56:20 UTC 2020
0
1
1
1
0
0
1
1
1
0
0
1
1
1
0
0
1
1
1
0
0
1
1
1
0
0
1
1
1
0
0
1
1
1
0
0
1
1
1
0
0
0
6 ms. Memory: 51200K Free: 31406K (61%)
ptolemy.util.test.WatchDog.cancel(): canceling Thu Jul 02 14:56:20 UTC 2020
auto.tcl: Setting watchdog for 200 seconds at Thu Jul 02 14:56:20 UTC 2020
0
1
1
1
0
0
1
1
1
0
0
1
1
1
0
0
1
1
1
0
0
1
1
1
0
0
1
1
1
0
0
1
1
1
0
0
1
1
1
0
0
0
7 ms. Memory: 51200K Free: 29810K (58%)
ptolemy.util.test.WatchDog.cancel(): canceling Thu Jul 02 14:56:20 UTC 2020
------------------ testing $PTII/ptolemy/domains/de/test/auto/dynamicCausalityInterface1.xml
auto.tcl: Setting watchdog for 200 seconds at Thu Jul 02 14:56:20 UTC 2020
1 ms. Memory: 51200K Free: 27229K (53%)
ptolemy.util.test.WatchDog.cancel(): canceling Thu Jul 02 14:56:20 UTC 2020
auto.tcl: Setting watchdog for 200 seconds at Thu Jul 02 14:56:20 UTC 2020
1 ms. Memory: 51200K Free: 26733K (52%)
ptolemy.util.test.WatchDog.cancel(): canceling Thu Jul 02 14:56:20 UTC 2020
------------------ testing $PTII/ptolemy/domains/de/test/auto/fsm_de_test.xml
auto.tcl: Setting watchdog for 200 seconds at Thu Jul 02 14:56:20 UTC 2020
7 ms. Memory: 51200K Free: 27127K (53%)
ptolemy.util.test.WatchDog.cancel(): canceling Thu Jul 02 14:56:20 UTC 2020
auto.tcl: Setting watchdog for 200 seconds at Thu Jul 02 14:56:20 UTC 2020
5 ms. Memory: 51200K Free: 25079K (49%)
ptolemy.util.test.WatchDog.cancel(): canceling Thu Jul 02 14:56:20 UTC 2020
------------------ testing $PTII/ptolemy/domains/de/test/auto/functionDependencyReconstruction.xml
auto.tcl: Setting watchdog for 200 seconds at Thu Jul 02 14:56:20 UTC 2020
9 ms. Memory: 51200K Free: 20972K (41%)
ptolemy.util.test.WatchDog.cancel(): canceling Thu Jul 02 14:56:20 UTC 2020
auto.tcl: Setting watchdog for 200 seconds at Thu Jul 02 14:56:20 UTC 2020
4 ms. Memory: 51200K Free: 18928K (37%)
ptolemy.util.test.WatchDog.cancel(): canceling Thu Jul 02 14:56:20 UTC 2020
------------------ testing $PTII/ptolemy/domains/de/test/auto/multirate.xml
auto.tcl: Setting watchdog for 200 seconds at Thu Jul 02 14:56:20 UTC 2020
3 ms. Memory: 51200K Free: 29760K (58%)
ptolemy.util.test.WatchDog.cancel(): canceling Thu Jul 02 14:56:20 UTC 2020
auto.tcl: Setting watchdog for 200 seconds at Thu Jul 02 14:56:20 UTC 2020
3 ms. Memory: 51200K Free: 28032K (55%)
ptolemy.util.test.WatchDog.cancel(): canceling Thu Jul 02 14:56:20 UTC 2020
------------------ testing $PTII/ptolemy/domains/de/test/auto/multirate2.xml
auto.tcl: Setting watchdog for 200 seconds at Thu Jul 02 14:56:20 UTC 2020
3 ms. Memory: 51200K Free: 29724K (58%)
ptolemy.util.test.WatchDog.cancel(): canceling Thu Jul 02 14:56:20 UTC 2020
auto.tcl: Setting watchdog for 200 seconds at Thu Jul 02 14:56:20 UTC 2020
3 ms. Memory: 51200K Free: 28204K (55%)
ptolemy.util.test.WatchDog.cancel(): canceling Thu Jul 02 14:56:20 UTC 2020
------------------ testing $PTII/ptolemy/domains/de/test/auto/realtime.xml
auto.tcl: Setting watchdog for 200 seconds at Thu Jul 02 14:56:20 UTC 2020
10001 ms. Memory: 51200K Free: 32009K (63%)
ptolemy.util.test.WatchDog.cancel(): canceling Thu Jul 02 14:56:30 UTC 2020
auto.tcl: Setting watchdog for 200 seconds at Thu Jul 02 14:56:30 UTC 2020
10002 ms. Memory: 51200K Free: 31274K (61%)
ptolemy.util.test.WatchDog.cancel(): canceling Thu Jul 02 14:56:40 UTC 2020
------------------ testing $PTII/ptolemy/domains/de/test/auto/relationGroup.xml
auto.tcl: Setting watchdog for 200 seconds at Thu Jul 02 14:56:40 UTC 2020
2 ms. Memory: 51200K Free: 33089K (65%)
ptolemy.util.test.WatchDog.cancel(): canceling Thu Jul 02 14:56:40 UTC 2020
auto.tcl: Setting watchdog for 200 seconds at Thu Jul 02 14:56:40 UTC 2020
2 ms. Memory: 51200K Free: 32354K (63%)
ptolemy.util.test.WatchDog.cancel(): canceling Thu Jul 02 14:56:40 UTC 2020
------------------ testing $PTII/ptolemy/domains/de/test/auto/relationGroup2.xml
auto.tcl: Setting watchdog for 200 seconds at Thu Jul 02 14:56:40 UTC 2020
1 ms. Memory: 51200K Free: 32889K (64%)
ptolemy.util.test.WatchDog.cancel(): canceling Thu Jul 02 14:56:40 UTC 2020
auto.tcl: Setting watchdog for 200 seconds at Thu Jul 02 14:56:40 UTC 2020
2 ms. Memory: 51200K Free: 31886K (62%)
ptolemy.util.test.WatchDog.cancel(): canceling Thu Jul 02 14:56:40 UTC 2020
------------------ testing $PTII/ptolemy/domains/de/test/auto/sortWithOpaquePorts.xml
auto.tcl: Setting watchdog for 200 seconds at Thu Jul 02 14:56:40 UTC 2020
1 ms. Memory: 51200K Free: 31863K (62%)
ptolemy.util.test.WatchDog.cancel(): canceling Thu Jul 02 14:56:40 UTC 2020
auto.tcl: Setting watchdog for 200 seconds at Thu Jul 02 14:56:40 UTC 2020
2 ms. Memory: 51200K Free: 30846K (60%)
ptolemy.util.test.WatchDog.cancel(): canceling Thu Jul 02 14:56:40 UTC 2020
------------------ testing $PTII/ptolemy/domains/de/test/auto/transferInputsandOutputs.xml
auto.tcl: Setting watchdog for 200 seconds at Thu Jul 02 14:56:40 UTC 2020
1 ms. Memory: 51200K Free: 29296K (57%)
ptolemy.util.test.WatchDog.cancel(): canceling Thu Jul 02 14:56:40 UTC 2020
auto.tcl: Setting watchdog for 200 seconds at Thu Jul 02 14:56:40 UTC 2020
2 ms. Memory: 51200K Free: 28311K (55%)
ptolemy.util.test.WatchDog.cancel(): canceling Thu Jul 02 14:56:40 UTC 2020
------------------ testing $PTII/ptolemy/domains/de/test/auto/triggerType.xml
auto.tcl: Setting watchdog for 200 seconds at Thu Jul 02 14:56:40 UTC 2020
1 ms. Memory: 51200K Free: 32321K (63%)
ptolemy.util.test.WatchDog.cancel(): canceling Thu Jul 02 14:56:40 UTC 2020
auto.tcl: Setting watchdog for 200 seconds at Thu Jul 02 14:56:40 UTC 2020
2 ms. Memory: 51200K Free: 31320K (61%)
ptolemy.util.test.WatchDog.cancel(): canceling Thu Jul 02 14:56:40 UTC 2020
07/02/20 02:56:40
Failed: 0  Total Tests: 192  ((Passed: 187, Newly Passed: 1)  Known Failed: 5) /home/travis/build/icyphy/ptII/ptolemy/domains/de/test
07/02/20 02:56:40
Failed: 0  Total Tests: 192  ((Passed: 187, Newly Passed: 1)  Known Failed: 5) /home/travis/build/icyphy/ptII/ptolemy/domains/de/test
----------------- testing (KnownFailure) /home/travis/build/icyphy/ptII/ptolemy/domains/de/test/auto/knownFailedTests/DESDFClockTest.xml
2013 ms. Memory: 51200K Free: 25716K (50%)
Known Failure: java.lang.reflect.InvocationTargetException
----------------- testing (KnownFailure) /home/travis/build/icyphy/ptII/ptolemy/domains/de/test/auto/knownFailedTests/DirectFeedback.xml
2 ms. Memory: 51200K Free: 21620K (42%)
Known Failure: java.lang.reflect.InvocationTargetException
----------------- testing (KnownFailure) /home/travis/build/icyphy/ptII/ptolemy/domains/de/test/auto/knownFailedTests/FSMSource.xml
17 ms. Memory: 51200K Free: 13414K (26%)
----------------- testing (KnownFailure) /home/travis/build/icyphy/ptII/ptolemy/domains/de/test/auto/knownFailedTests/HierarchicalModel.xml
3 ms. Memory: 51200K Free: 26464K (52%)
Known Failure: java.lang.reflect.InvocationTargetException
----------------- testing (KnownFailure) /home/travis/build/icyphy/ptII/ptolemy/domains/de/test/auto/knownFailedTests/dependencyLoop.xml
2 ms. Memory: 51200K Free: 11104K (22%)
Known Failure: java.lang.reflect.InvocationTargetException
----------------- testing (KnownFailure) /home/travis/build/icyphy/ptII/ptolemy/domains/de/test/auto/knownFailedTests/dependencyLoop2.xml
7 ms. Memory: 51200K Free: 24830K (48%)
Known Failure: java.lang.reflect.InvocationTargetException
No auto/linux-amd64/*.xml tests in /home/travis/build/icyphy/ptII/ptolemy/domains/de/test
AutoTests.java: About to close Vertx.
AutoTests.java: Vertx closed.

===========================================================================================
----------------- testing Thu Jul 02 14:56:43 UTC 2020 /home/travis/build/icyphy/ptII/ptolemy/domains/de/test/auto/ActorDepthCalculation_actorWithoutPorts.xml
----------------- Instantiating /home/travis/build/icyphy/ptII/ptolemy/domains/de/test/auto/ActorDepthCalculation_actorWithoutPorts.xml
3 ms. Memory: 51200K Free: 17917K (35%)
----------------- Invoking toplevel() on ptolemy.moml.MoMLSimpleApplication@7e9ec30f
----------------- Done invoking toplevel() on ptolemy.moml.MoMLSimpleApplication@7e9ec30f
reloadAllAccessors: .ActorDepthCalculation_actorWithoutPorts

===========================================================================================
----------------- testing Thu Jul 02 14:56:43 UTC 2020 /home/travis/build/icyphy/ptII/ptolemy/domains/de/test/auto/AssemblyLine.xml
----------------- Instantiating /home/travis/build/icyphy/ptII/ptolemy/domains/de/test/auto/AssemblyLine.xml
3 ms. Memory: 51200K Free: 10781K (21%)
----------------- Invoking toplevel() on ptolemy.moml.MoMLSimpleApplication@718f393e
----------------- Done invoking toplevel() on ptolemy.moml.MoMLSimpleApplication@718f393e
reloadAllAccessors: .AssemblyLine

===========================================================================================
----------------- testing Thu Jul 02 14:56:43 UTC 2020 /home/travis/build/icyphy/ptII/ptolemy/domains/de/test/auto/CQBug1.xml
----------------- Instantiating /home/travis/build/icyphy/ptII/ptolemy/domains/de/test/auto/CQBug1.xml
0 ms. Memory: 51200K Free: 7988K (16%)
----------------- Invoking toplevel() on ptolemy.moml.MoMLSimpleApplication@32a90426
----------------- Done invoking toplevel() on ptolemy.moml.MoMLSimpleApplication@32a90426
reloadAllAccessors: .CQBug1

===========================================================================================
----------------- testing Thu Jul 02 14:56:43 UTC 2020 /home/travis/build/icyphy/ptII/ptolemy/domains/de/test/auto/CancelFireAt.xml
----------------- Instantiating /home/travis/build/icyphy/ptII/ptolemy/domains/de/test/auto/CancelFireAt.xml
1 ms. Memory: 51200K Free: 34425K (67%)
----------------- Invoking toplevel() on ptolemy.moml.MoMLSimpleApplication@75701027
----------------- Done invoking toplevel() on ptolemy.moml.MoMLSimpleApplication@75701027
reloadAllAccessors: .CancelFireAt

===========================================================================================
----------------- testing Thu Jul 02 14:56:43 UTC 2020 /home/travis/build/icyphy/ptII/ptolemy/domains/de/test/auto/CausalityAndComposabilityAnalysis.xml
----------------- Instantiating /home/travis/build/icyphy/ptII/ptolemy/domains/de/test/auto/CausalityAndComposabilityAnalysis.xml
2 ms. Memory: 51200K Free: 30150K (59%)
----------------- Invoking toplevel() on ptolemy.moml.MoMLSimpleApplication@4534517d
----------------- Done invoking toplevel() on ptolemy.moml.MoMLSimpleApplication@4534517d
reloadAllAccessors: .CausalityAndComposabilityAnalysis

===========================================================================================
----------------- testing Thu Jul 02 14:56:43 UTC 2020 /home/travis/build/icyphy/ptII/ptolemy/domains/de/test/auto/CausalityInterface1.xml
----------------- Instantiating /home/travis/build/icyphy/ptII/ptolemy/domains/de/test/auto/CausalityInterface1.xml
5 ms. Memory: 51200K Free: 25006K (49%)
----------------- Invoking toplevel() on ptolemy.moml.MoMLSimpleApplication@282cc7d8
----------------- Done invoking toplevel() on ptolemy.moml.MoMLSimpleApplication@282cc7d8
reloadAllAccessors: .CausalityInterface1

===========================================================================================
----------------- testing Thu Jul 02 14:56:43 UTC 2020 /home/travis/build/icyphy/ptII/ptolemy/domains/de/test/auto/CausalityInterface15.xml
----------------- Instantiating /home/travis/build/icyphy/ptII/ptolemy/domains/de/test/auto/CausalityInterface15.xml
2 ms. Memory: 51200K Free: 19490K (38%)
----------------- Invoking toplevel() on ptolemy.moml.MoMLSimpleApplication@4f4aba6d
----------------- Done invoking toplevel() on ptolemy.moml.MoMLSimpleApplication@4f4aba6d
reloadAllAccessors: .CausalityInterface15

===========================================================================================
----------------- testing Thu Jul 02 14:56:43 UTC 2020 /home/travis/build/icyphy/ptII/ptolemy/domains/de/test/auto/CausalityInterface2.xml
----------------- Instantiating /home/travis/build/icyphy/ptII/ptolemy/domains/de/test/auto/CausalityInterface2.xml
1 ms. Memory: 51200K Free: 14828K (29%)
----------------- Invoking toplevel() on ptolemy.moml.MoMLSimpleApplication@2e78cded
----------------- Done invoking toplevel() on ptolemy.moml.MoMLSimpleApplication@2e78cded
reloadAllAccessors: .CausalityInterface2

===========================================================================================
----------------- testing Thu Jul 02 14:56:43 UTC 2020 /home/travis/build/icyphy/ptII/ptolemy/domains/de/test/auto/CausalityInterface3.xml
----------------- Instantiating /home/travis/build/icyphy/ptII/ptolemy/domains/de/test/auto/CausalityInterface3.xml
2 ms. Memory: 51200K Free: 9957K (19%)
----------------- Invoking toplevel() on ptolemy.moml.MoMLSimpleApplication@5bb4f70a
----------------- Done invoking toplevel() on ptolemy.moml.MoMLSimpleApplication@5bb4f70a
reloadAllAccessors: .CausalityInterface3

===========================================================================================
----------------- testing Thu Jul 02 14:56:43 UTC 2020 /home/travis/build/icyphy/ptII/ptolemy/domains/de/test/auto/ClockDrift.xml
----------------- Instantiating /home/travis/build/icyphy/ptII/ptolemy/domains/de/test/auto/ClockDrift.xml
16 ms. Memory: 51200K Free: 26378K (52%)
----------------- Invoking toplevel() on ptolemy.moml.MoMLSimpleApplication@3285f24
----------------- Done invoking toplevel() on ptolemy.moml.MoMLSimpleApplication@3285f24
reloadAllAccessors: .ClockDrift

===========================================================================================
----------------- testing Thu Jul 02 14:56:43 UTC 2020 /home/travis/build/icyphy/ptII/ptolemy/domains/de/test/auto/ClockDriftAndValueChange.xml
----------------- Instantiating /home/travis/build/icyphy/ptII/ptolemy/domains/de/test/auto/ClockDriftAndValueChange.xml
10 ms. Memory: 51200K Free: 14541K (28%)
----------------- Invoking toplevel() on ptolemy.moml.MoMLSimpleApplication@3c246ced
----------------- Done invoking toplevel() on ptolemy.moml.MoMLSimpleApplication@3c246ced
reloadAllAccessors: .ClockDriftAndValueChange

===========================================================================================
----------------- testing Thu Jul 02 14:56:43 UTC 2020 /home/travis/build/icyphy/ptII/ptolemy/domains/de/test/auto/ClockDriftChange.xml
----------------- Instantiating /home/travis/build/icyphy/ptII/ptolemy/domains/de/test/auto/ClockDriftChange.xml
9 ms. Memory: 51200K Free: 33402K (65%)
----------------- Invoking toplevel() on ptolemy.moml.MoMLSimpleApplication@4bac4956
----------------- Done invoking toplevel() on ptolemy.moml.MoMLSimpleApplication@4bac4956
reloadAllAccessors: .ClockDriftChange

===========================================================================================
----------------- testing Thu Jul 02 14:56:43 UTC 2020 /home/travis/build/icyphy/ptII/ptolemy/domains/de/test/auto/ComposableCausalityAnalysis.xml
----------------- Instantiating /home/travis/build/icyphy/ptII/ptolemy/domains/de/test/auto/ComposableCausalityAnalysis.xml
1 ms. Memory: 51200K Free: 27570K (54%)
----------------- Invoking toplevel() on ptolemy.moml.MoMLSimpleApplication@1f6c8184
----------------- Done invoking toplevel() on ptolemy.moml.MoMLSimpleApplication@1f6c8184
reloadAllAccessors: .ComposableCausalityAnalysis

===========================================================================================
----------------- testing Thu Jul 02 14:56:43 UTC 2020 /home/travis/build/icyphy/ptII/ptolemy/domains/de/test/auto/DEFixedPointLimitation.xml
----------------- Instantiating /home/travis/build/icyphy/ptII/ptolemy/domains/de/test/auto/DEFixedPointLimitation.xml
1 ms. Memory: 51200K Free: 22906K (45%)
----------------- Invoking toplevel() on ptolemy.moml.MoMLSimpleApplication@7f0baffa
----------------- Done invoking toplevel() on ptolemy.moml.MoMLSimpleApplication@7f0baffa
reloadAllAccessors: .DEFixedPointLimitation

===========================================================================================
----------------- testing Thu Jul 02 14:56:43 UTC 2020 /home/travis/build/icyphy/ptII/ptolemy/domains/de/test/auto/DEScheduleTest.xml
----------------- Instantiating /home/travis/build/icyphy/ptII/ptolemy/domains/de/test/auto/DEScheduleTest.xml
2 ms. Memory: 51200K Free: 18675K (36%)
----------------- Invoking toplevel() on ptolemy.moml.MoMLSimpleApplication@6167e81b
----------------- Done invoking toplevel() on ptolemy.moml.MoMLSimpleApplication@6167e81b
reloadAllAccessors: .DEScheduleTest

===========================================================================================
----------------- testing Thu Jul 02 14:56:43 UTC 2020 /home/travis/build/icyphy/ptII/ptolemy/domains/de/test/auto/DEinDEwithStartTimes.xml
----------------- Instantiating /home/travis/build/icyphy/ptII/ptolemy/domains/de/test/auto/DEinDEwithStartTimes.xml
2 ms. Memory: 51200K Free: 12881K (25%)
----------------- Invoking toplevel() on ptolemy.moml.MoMLSimpleApplication@534de020
----------------- Done invoking toplevel() on ptolemy.moml.MoMLSimpleApplication@534de020
reloadAllAccessors: .DEinDEwithStartTimes

===========================================================================================
----------------- testing Thu Jul 02 14:56:43 UTC 2020 /home/travis/build/icyphy/ptII/ptolemy/domains/de/test/auto/DEinDEwithStartTimes2.xml
----------------- Instantiating /home/travis/build/icyphy/ptII/ptolemy/domains/de/test/auto/DEinDEwithStartTimes2.xml
7 ms. Memory: 51200K Free: 35147K (69%)
----------------- Invoking toplevel() on ptolemy.moml.MoMLSimpleApplication@334e85c9
----------------- Done invoking toplevel() on ptolemy.moml.MoMLSimpleApplication@334e85c9
reloadAllAccessors: .DEinDEwithStartTimes2

===========================================================================================
----------------- testing Thu Jul 02 14:56:43 UTC 2020 /home/travis/build/icyphy/ptII/ptolemy/domains/de/test/auto/DateDemo.xml
----------------- Instantiating /home/travis/build/icyphy/ptII/ptolemy/domains/de/test/auto/DateDemo.xml
9 ms. Memory: 51200K Free: 23794K (46%)
----------------- Invoking toplevel() on ptolemy.moml.MoMLSimpleApplication@6586e0d0
----------------- Done invoking toplevel() on ptolemy.moml.MoMLSimpleApplication@6586e0d0
reloadAllAccessors: .DateDemo

===========================================================================================
----------------- testing Thu Jul 02 14:56:43 UTC 2020 /home/travis/build/icyphy/ptII/ptolemy/domains/de/test/auto/DateToEvent.xml
----------------- Instantiating /home/travis/build/icyphy/ptII/ptolemy/domains/de/test/auto/DateToEvent.xml
2011 ms. Memory: 51200K Free: 35591K (70%)
----------------- Invoking toplevel() on ptolemy.moml.MoMLSimpleApplication@406ddd20
----------------- Done invoking toplevel() on ptolemy.moml.MoMLSimpleApplication@406ddd20
reloadAllAccessors: .DateToEvent

===========================================================================================
----------------- testing Thu Jul 02 14:56:45 UTC 2020 /home/travis/build/icyphy/ptII/ptolemy/domains/de/test/auto/DepthTest1.xml
----------------- Instantiating /home/travis/build/icyphy/ptII/ptolemy/domains/de/test/auto/DepthTest1.xml
1 ms. Memory: 51200K Free: 32412K (63%)
----------------- Invoking toplevel() on ptolemy.moml.MoMLSimpleApplication@65371a64
----------------- Done invoking toplevel() on ptolemy.moml.MoMLSimpleApplication@65371a64
reloadAllAccessors: .DepthTest1

===========================================================================================
----------------- testing Thu Jul 02 14:56:45 UTC 2020 /home/travis/build/icyphy/ptII/ptolemy/domains/de/test/auto/DepthTest2.xml
----------------- Instantiating /home/travis/build/icyphy/ptII/ptolemy/domains/de/test/auto/DepthTest2.xml
2 ms. Memory: 51200K Free: 26084K (51%)
----------------- Invoking toplevel() on ptolemy.moml.MoMLSimpleApplication@716a3f7
----------------- Done invoking toplevel() on ptolemy.moml.MoMLSimpleApplication@716a3f7
reloadAllAccessors: .DepthTest2

===========================================================================================
----------------- testing Thu Jul 02 14:56:45 UTC 2020 /home/travis/build/icyphy/ptII/ptolemy/domains/de/test/auto/DepthTest3.xml
----------------- Instantiating /home/travis/build/icyphy/ptII/ptolemy/domains/de/test/auto/DepthTest3.xml
1 ms. Memory: 51200K Free: 22988K (45%)
----------------- Invoking toplevel() on ptolemy.moml.MoMLSimpleApplication@497a19d1
----------------- Done invoking toplevel() on ptolemy.moml.MoMLSimpleApplication@497a19d1
reloadAllAccessors: .DepthTest3

===========================================================================================
----------------- testing Thu Jul 02 14:56:45 UTC 2020 /home/travis/build/icyphy/ptII/ptolemy/domains/de/test/auto/DepthTest4.xml
----------------- Instantiating /home/travis/build/icyphy/ptII/ptolemy/domains/de/test/auto/DepthTest4.xml
2 ms. Memory: 51200K Free: 18084K (35%)
----------------- Invoking toplevel() on ptolemy.moml.MoMLSimpleApplication@3da8d089
----------------- Done invoking toplevel() on ptolemy.moml.MoMLSimpleApplication@3da8d089
reloadAllAccessors: .DepthTest4

===========================================================================================
----------------- testing Thu Jul 02 14:56:45 UTC 2020 /home/travis/build/icyphy/ptII/ptolemy/domains/de/test/auto/DepthTest5.xml
----------------- Instantiating /home/travis/build/icyphy/ptII/ptolemy/domains/de/test/auto/DepthTest5.xml
1 ms. Memory: 51200K Free: 12748K (25%)
----------------- Invoking toplevel() on ptolemy.moml.MoMLSimpleApplication@305b4c2e
----------------- Done invoking toplevel() on ptolemy.moml.MoMLSimpleApplication@305b4c2e
reloadAllAccessors: .DepthTest5

===========================================================================================
----------------- testing Thu Jul 02 14:56:45 UTC 2020 /home/travis/build/icyphy/ptII/ptolemy/domains/de/test/auto/DepthTest6.xml
----------------- Instantiating /home/travis/build/icyphy/ptII/ptolemy/domains/de/test/auto/DepthTest6.xml
6 ms. Memory: 51200K Free: 35414K (69%)
----------------- Invoking toplevel() on ptolemy.moml.MoMLSimpleApplication@3168158
----------------- Done invoking toplevel() on ptolemy.moml.MoMLSimpleApplication@3168158
reloadAllAccessors: .DepthTest6

===========================================================================================
----------------- testing Thu Jul 02 14:56:45 UTC 2020 /home/travis/build/icyphy/ptII/ptolemy/domains/de/test/auto/DepthTest7.xml
----------------- Instantiating /home/travis/build/icyphy/ptII/ptolemy/domains/de/test/auto/DepthTest7.xml
2 ms. Memory: 51200K Free: 30521K (60%)
----------------- Invoking toplevel() on ptolemy.moml.MoMLSimpleApplication@2f7fcdda
----------------- Done invoking toplevel() on ptolemy.moml.MoMLSimpleApplication@2f7fcdda
reloadAllAccessors: .DepthTest7

===========================================================================================
----------------- testing Thu Jul 02 14:56:45 UTC 2020 /home/travis/build/icyphy/ptII/ptolemy/domains/de/test/auto/EventToDate.xml
----------------- Instantiating /home/travis/build/icyphy/ptII/ptolemy/domains/de/test/auto/EventToDate.xml
3004 ms. Memory: 51200K Free: 17261K (34%)
----------------- Invoking toplevel() on ptolemy.moml.MoMLSimpleApplication@7be2417e
----------------- Done invoking toplevel() on ptolemy.moml.MoMLSimpleApplication@7be2417e
reloadAllAccessors: .EventToDate

===========================================================================================
----------------- testing Thu Jul 02 14:56:48 UTC 2020 /home/travis/build/icyphy/ptII/ptolemy/domains/de/test/auto/FSM1.xml
----------------- Instantiating /home/travis/build/icyphy/ptII/ptolemy/domains/de/test/auto/FSM1.xml
22 ms. Memory: 51200K Free: 32735K (64%)
----------------- Invoking toplevel() on ptolemy.moml.MoMLSimpleApplication@7954ba48
----------------- Done invoking toplevel() on ptolemy.moml.MoMLSimpleApplication@7954ba48
reloadAllAccessors: .FSM1

===========================================================================================
----------------- testing Thu Jul 02 14:56:48 UTC 2020 /home/travis/build/icyphy/ptII/ptolemy/domains/de/test/auto/FSM7.xml
----------------- Instantiating /home/travis/build/icyphy/ptII/ptolemy/domains/de/test/auto/FSM7.xml
11 ms. Memory: 51200K Free: 20160K (39%)
----------------- Invoking toplevel() on ptolemy.moml.MoMLSimpleApplication@6bc3be06
----------------- Done invoking toplevel() on ptolemy.moml.MoMLSimpleApplication@6bc3be06
reloadAllAccessors: .FSM7

===========================================================================================
----------------- testing Thu Jul 02 14:56:48 UTC 2020 /home/travis/build/icyphy/ptII/ptolemy/domains/de/test/auto/Inspection.xml
----------------- Instantiating /home/travis/build/icyphy/ptII/ptolemy/domains/de/test/auto/Inspection.xml
19 ms. Memory: 51200K Free: 35418K (69%)
----------------- Invoking toplevel() on ptolemy.moml.MoMLSimpleApplication@43478afa
----------------- Done invoking toplevel() on ptolemy.moml.MoMLSimpleApplication@43478afa
reloadAllAccessors: .Inspection

===========================================================================================
----------------- testing Thu Jul 02 14:56:48 UTC 2020 /home/travis/build/icyphy/ptII/ptolemy/domains/de/test/auto/Iteration.xml
----------------- Instantiating /home/travis/build/icyphy/ptII/ptolemy/domains/de/test/auto/Iteration.xml
11 ms. Memory: 51200K Free: 28485K (56%)
----------------- Invoking toplevel() on ptolemy.moml.MoMLSimpleApplication@3c14b827
----------------- Done invoking toplevel() on ptolemy.moml.MoMLSimpleApplication@3c14b827
reloadAllAccessors: .Iteration

===========================================================================================
----------------- testing Thu Jul 02 14:56:48 UTC 2020 /home/travis/build/icyphy/ptII/ptolemy/domains/de/test/auto/LineFault.xml
----------------- Instantiating /home/travis/build/icyphy/ptII/ptolemy/domains/de/test/auto/LineFault.xml
410 ms. Memory: 51200K Free: 22575K (44%)
----------------- Invoking toplevel() on ptolemy.moml.MoMLSimpleApplication@306374f6
----------------- Done invoking toplevel() on ptolemy.moml.MoMLSimpleApplication@306374f6
reloadAllAccessors: .LineFault

===========================================================================================
----------------- testing Thu Jul 02 14:56:49 UTC 2020 /home/travis/build/icyphy/ptII/ptolemy/domains/de/test/auto/MergeModel1Add.xml
----------------- Instantiating /home/travis/build/icyphy/ptII/ptolemy/domains/de/test/auto/MergeModel1Add.xml
7 ms. Memory: 51200K Free: 29353K (57%)
----------------- Invoking toplevel() on ptolemy.moml.MoMLSimpleApplication@262382f2
----------------- Done invoking toplevel() on ptolemy.moml.MoMLSimpleApplication@262382f2
reloadAllAccessors: .MergeModel1Add

===========================================================================================
----------------- testing Thu Jul 02 14:56:49 UTC 2020 /home/travis/build/icyphy/ptII/ptolemy/domains/de/test/auto/MergeModel2Add.xml
----------------- Instantiating /home/travis/build/icyphy/ptII/ptolemy/domains/de/test/auto/MergeModel2Add.xml
5 ms. Memory: 51200K Free: 11433K (22%)
----------------- Invoking toplevel() on ptolemy.moml.MoMLSimpleApplication@453f5ea4
----------------- Done invoking toplevel() on ptolemy.moml.MoMLSimpleApplication@453f5ea4
reloadAllAccessors: .MergeModel2Add

===========================================================================================
----------------- testing Thu Jul 02 14:56:49 UTC 2020 /home/travis/build/icyphy/ptII/ptolemy/domains/de/test/auto/MergeModel3Add.xml
----------------- Instantiating /home/travis/build/icyphy/ptII/ptolemy/domains/de/test/auto/MergeModel3Add.xml
5 ms. Memory: 51200K Free: 19487K (38%)
----------------- Invoking toplevel() on ptolemy.moml.MoMLSimpleApplication@72e13a3a
----------------- Done invoking toplevel() on ptolemy.moml.MoMLSimpleApplication@72e13a3a
reloadAllAccessors: .MergeModel3Add

===========================================================================================
----------------- testing Thu Jul 02 14:56:49 UTC 2020 /home/travis/build/icyphy/ptII/ptolemy/domains/de/test/auto/MergeWithoutDiscard.xml
----------------- Instantiating /home/travis/build/icyphy/ptII/ptolemy/domains/de/test/auto/MergeWithoutDiscard.xml
1 ms. Memory: 51200K Free: 15337K (30%)
----------------- Invoking toplevel() on ptolemy.moml.MoMLSimpleApplication@1290a2c2
----------------- Done invoking toplevel() on ptolemy.moml.MoMLSimpleApplication@1290a2c2
reloadAllAccessors: .MergeWithoutDiscard

===========================================================================================
----------------- testing Thu Jul 02 14:56:49 UTC 2020 /home/travis/build/icyphy/ptII/ptolemy/domains/de/test/auto/Modal1.xml
----------------- Instantiating /home/travis/build/icyphy/ptII/ptolemy/domains/de/test/auto/Modal1.xml
8 ms. Memory: 51200K Free: 28986K (57%)
----------------- Invoking toplevel() on ptolemy.moml.MoMLSimpleApplication@51e22a4d
----------------- Done invoking toplevel() on ptolemy.moml.MoMLSimpleApplication@51e22a4d
reloadAllAccessors: .Modal1

===========================================================================================
----------------- testing Thu Jul 02 14:56:49 UTC 2020 /home/travis/build/icyphy/ptII/ptolemy/domains/de/test/auto/Modal2.xml
----------------- Instantiating /home/travis/build/icyphy/ptII/ptolemy/domains/de/test/auto/Modal2.xml
9 ms. Memory: 51200K Free: 16688K (33%)
----------------- Invoking toplevel() on ptolemy.moml.MoMLSimpleApplication@6f206347
----------------- Done invoking toplevel() on ptolemy.moml.MoMLSimpleApplication@6f206347
reloadAllAccessors: .Modal2

===========================================================================================
----------------- testing Thu Jul 02 14:56:49 UTC 2020 /home/travis/build/icyphy/ptII/ptolemy/domains/de/test/auto/Modal3.xml
----------------- Instantiating /home/travis/build/icyphy/ptII/ptolemy/domains/de/test/auto/Modal3.xml
8 ms. Memory: 51200K Free: 29973K (59%)
----------------- Invoking toplevel() on ptolemy.moml.MoMLSimpleApplication@5a83433
----------------- Done invoking toplevel() on ptolemy.moml.MoMLSimpleApplication@5a83433
reloadAllAccessors: .Modal3

===========================================================================================
----------------- testing Thu Jul 02 14:56:49 UTC 2020 /home/travis/build/icyphy/ptII/ptolemy/domains/de/test/auto/Modal4.xml
----------------- Instantiating /home/travis/build/icyphy/ptII/ptolemy/domains/de/test/auto/Modal4.xml
10 ms. Memory: 51200K Free: 16974K (33%)
----------------- Invoking toplevel() on ptolemy.moml.MoMLSimpleApplication@592cddc
----------------- Done invoking toplevel() on ptolemy.moml.MoMLSimpleApplication@592cddc
reloadAllAccessors: .Modal4

===========================================================================================
----------------- testing Thu Jul 02 14:56:49 UTC 2020 /home/travis/build/icyphy/ptII/ptolemy/domains/de/test/auto/Modal5.xml
----------------- Instantiating /home/travis/build/icyphy/ptII/ptolemy/domains/de/test/auto/Modal5.xml
11 ms. Memory: 51200K Free: 29532K (58%)
----------------- Invoking toplevel() on ptolemy.moml.MoMLSimpleApplication@5ae90910
----------------- Done invoking toplevel() on ptolemy.moml.MoMLSimpleApplication@5ae90910
reloadAllAccessors: .Modal5

===========================================================================================
----------------- testing Thu Jul 02 14:56:49 UTC 2020 /home/travis/build/icyphy/ptII/ptolemy/domains/de/test/auto/Modal6.xml
----------------- Instantiating /home/travis/build/icyphy/ptII/ptolemy/domains/de/test/auto/Modal6.xml
9 ms. Memory: 51200K Free: 17244K (34%)
----------------- Invoking toplevel() on ptolemy.moml.MoMLSimpleApplication@12c63afc
----------------- Done invoking toplevel() on ptolemy.moml.MoMLSimpleApplication@12c63afc
reloadAllAccessors: .Modal6

===========================================================================================
----------------- testing Thu Jul 02 14:56:49 UTC 2020 /home/travis/build/icyphy/ptII/ptolemy/domains/de/test/auto/Modal7.xml
----------------- Instantiating /home/travis/build/icyphy/ptII/ptolemy/domains/de/test/auto/Modal7.xml
6 ms. Memory: 51200K Free: 29686K (58%)
----------------- Invoking toplevel() on ptolemy.moml.MoMLSimpleApplication@5ba66110
----------------- Done invoking toplevel() on ptolemy.moml.MoMLSimpleApplication@5ba66110
reloadAllAccessors: .Modal7

===========================================================================================
----------------- testing Thu Jul 02 14:56:49 UTC 2020 /home/travis/build/icyphy/ptII/ptolemy/domains/de/test/auto/ModalModel.xml
----------------- Instantiating /home/travis/build/icyphy/ptII/ptolemy/domains/de/test/auto/ModalModel.xml
132 ms. Memory: 51200K Free: 13415K (26%)
----------------- Invoking toplevel() on ptolemy.moml.MoMLSimpleApplication@7f18575d
----------------- Done invoking toplevel() on ptolemy.moml.MoMLSimpleApplication@7f18575d
reloadAllAccessors: .ModalModel

===========================================================================================
----------------- testing Thu Jul 02 14:56:50 UTC 2020 /home/travis/build/icyphy/ptII/ptolemy/domains/de/test/auto/ModalSource.xml
----------------- Instantiating /home/travis/build/icyphy/ptII/ptolemy/domains/de/test/auto/ModalSource.xml
6 ms. Memory: 68608K Free: 48663K (71%)
----------------- Invoking toplevel() on ptolemy.moml.MoMLSimpleApplication@7d7af10b
----------------- Done invoking toplevel() on ptolemy.moml.MoMLSimpleApplication@7d7af10b
reloadAllAccessors: .ModalSource

===========================================================================================
----------------- testing Thu Jul 02 14:56:50 UTC 2020 /home/travis/build/icyphy/ptII/ptolemy/domains/de/test/auto/NonInterruptibleTimerZeroDelay.xml
----------------- Instantiating /home/travis/build/icyphy/ptII/ptolemy/domains/de/test/auto/NonInterruptibleTimerZeroDelay.xml
2 ms. Memory: 68608K Free: 44597K (65%)
----------------- Invoking toplevel() on ptolemy.moml.MoMLSimpleApplication@499e8c06
----------------- Done invoking toplevel() on ptolemy.moml.MoMLSimpleApplication@499e8c06
reloadAllAccessors: .NonInterruptibleTimerZeroDelay

===========================================================================================
----------------- testing Thu Jul 02 14:56:50 UTC 2020 /home/travis/build/icyphy/ptII/ptolemy/domains/de/test/auto/OpenQueueingNetwork.xml
----------------- Instantiating /home/travis/build/icyphy/ptII/ptolemy/domains/de/test/auto/OpenQueueingNetwork.xml
2264 ms. Memory: 167936K Free: 96755K (58%)
----------------- Invoking toplevel() on ptolemy.moml.MoMLSimpleApplication@47d0d2f6
----------------- Done invoking toplevel() on ptolemy.moml.MoMLSimpleApplication@47d0d2f6
reloadAllAccessors: .OpenQueueingNetwork

===========================================================================================
----------------- testing Thu Jul 02 14:56:52 UTC 2020 /home/travis/build/icyphy/ptII/ptolemy/domains/de/test/auto/OpenQueuingNetwork.xml
----------------- Instantiating /home/travis/build/icyphy/ptII/ptolemy/domains/de/test/auto/OpenQueuingNetwork.xml
215 ms. Memory: 167936K Free: 107649K (64%)
----------------- Invoking toplevel() on ptolemy.moml.MoMLSimpleApplication@3808681e
----------------- Done invoking toplevel() on ptolemy.moml.MoMLSimpleApplication@3808681e
reloadAllAccessors: .OpenQueuingNetwork

===========================================================================================
----------------- testing Thu Jul 02 14:56:52 UTC 2020 /home/travis/build/icyphy/ptII/ptolemy/domains/de/test/auto/PeriodicSampler.xml
----------------- Instantiating /home/travis/build/icyphy/ptII/ptolemy/domains/de/test/auto/PeriodicSampler.xml
4 ms. Memory: 167936K Free: 103374K (62%)
----------------- Invoking toplevel() on ptolemy.moml.MoMLSimpleApplication@757ba373
----------------- Done invoking toplevel() on ptolemy.moml.MoMLSimpleApplication@757ba373
reloadAllAccessors: .PeriodicSampler

===========================================================================================
----------------- testing Thu Jul 02 14:56:52 UTC 2020 /home/travis/build/icyphy/ptII/ptolemy/domains/de/test/auto/PersistentIO.xml
----------------- Instantiating /home/travis/build/icyphy/ptII/ptolemy/domains/de/test/auto/PersistentIO.xml
5 ms. Memory: 167936K Free: 93648K (56%)
----------------- Invoking toplevel() on ptolemy.moml.MoMLSimpleApplication@1e7f14d8
----------------- Done invoking toplevel() on ptolemy.moml.MoMLSimpleApplication@1e7f14d8
reloadAllAccessors: .PersistentIO

===========================================================================================
----------------- testing Thu Jul 02 14:56:52 UTC 2020 /home/travis/build/icyphy/ptII/ptolemy/domains/de/test/auto/PortParameterResetOnInitialize.xml
----------------- Instantiating /home/travis/build/icyphy/ptII/ptolemy/domains/de/test/auto/PortParameterResetOnInitialize.xml
2 ms. Memory: 167936K Free: 89031K (53%)
----------------- Invoking toplevel() on ptolemy.moml.MoMLSimpleApplication@6da8cef8
----------------- Done invoking toplevel() on ptolemy.moml.MoMLSimpleApplication@6da8cef8
reloadAllAccessors: .PortParameterResetOnInitialize

===========================================================================================
----------------- testing Thu Jul 02 14:56:52 UTC 2020 /home/travis/build/icyphy/ptII/ptolemy/domains/de/test/auto/PortParameterUpdates.xml
----------------- Instantiating /home/travis/build/icyphy/ptII/ptolemy/domains/de/test/auto/PortParameterUpdates.xml
3 ms. Memory: 167936K Free: 82384K (49%)
----------------- Invoking toplevel() on ptolemy.moml.MoMLSimpleApplication@47d00fa5
----------------- Done invoking toplevel() on ptolemy.moml.MoMLSimpleApplication@47d00fa5
reloadAllAccessors: .PortParameterUpdates

===========================================================================================
----------------- testing Thu Jul 02 14:56:52 UTC 2020 /home/travis/build/icyphy/ptII/ptolemy/domains/de/test/auto/QueueAndServer.xml
----------------- Instantiating /home/travis/build/icyphy/ptII/ptolemy/domains/de/test/auto/QueueAndServer.xml
5 ms. Memory: 167936K Free: 74702K (44%)
----------------- Invoking toplevel() on ptolemy.moml.MoMLSimpleApplication@27cccc70
----------------- Done invoking toplevel() on ptolemy.moml.MoMLSimpleApplication@27cccc70
reloadAllAccessors: .QueueAndServer

===========================================================================================
----------------- testing Thu Jul 02 14:56:52 UTC 2020 /home/travis/build/icyphy/ptII/ptolemy/domains/de/test/auto/Records.xml
----------------- Instantiating /home/travis/build/icyphy/ptII/ptolemy/domains/de/test/auto/Records.xml
6 ms. Memory: 167936K Free: 69072K (41%)
----------------- Invoking toplevel() on ptolemy.moml.MoMLSimpleApplication@43252f27
----------------- Done invoking toplevel() on ptolemy.moml.MoMLSimpleApplication@43252f27
reloadAllAccessors: .Records

===========================================================================================
----------------- testing Thu Jul 02 14:56:52 UTC 2020 /home/travis/build/icyphy/ptII/ptolemy/domains/de/test/auto/ResetTransitionWithStartTime1.xml
----------------- Instantiating /home/travis/build/icyphy/ptII/ptolemy/domains/de/test/auto/ResetTransitionWithStartTime1.xml
5 ms. Memory: 167936K Free: 60880K (36%)
----------------- Invoking toplevel() on ptolemy.moml.MoMLSimpleApplication@2195bba9
----------------- Done invoking toplevel() on ptolemy.moml.MoMLSimpleApplication@2195bba9
reloadAllAccessors: .ResetTransitionWithStartTime1

===========================================================================================
----------------- testing Thu Jul 02 14:56:52 UTC 2020 /home/travis/build/icyphy/ptII/ptolemy/domains/de/test/auto/ResetTransitionWithStartTime2.xml
----------------- Instantiating /home/travis/build/icyphy/ptII/ptolemy/domains/de/test/auto/ResetTransitionWithStartTime2.xml
6 ms. Memory: 167936K Free: 144201K (86%)
----------------- Invoking toplevel() on ptolemy.moml.MoMLSimpleApplication@60ee9d7b
----------------- Done invoking toplevel() on ptolemy.moml.MoMLSimpleApplication@60ee9d7b
reloadAllAccessors: .ResetTransitionWithStartTime2

===========================================================================================
----------------- testing Thu Jul 02 14:56:52 UTC 2020 /home/travis/build/icyphy/ptII/ptolemy/domains/de/test/auto/ResetTransitionWithStartTime3.xml
----------------- Instantiating /home/travis/build/icyphy/ptII/ptolemy/domains/de/test/auto/ResetTransitionWithStartTime3.xml
5 ms. Memory: 167936K Free: 136009K (81%)
----------------- Invoking toplevel() on ptolemy.moml.MoMLSimpleApplication@5aea9a91
----------------- Done invoking toplevel() on ptolemy.moml.MoMLSimpleApplication@5aea9a91
reloadAllAccessors: .ResetTransitionWithStartTime3

===========================================================================================
----------------- testing Thu Jul 02 14:56:52 UTC 2020 /home/travis/build/icyphy/ptII/ptolemy/domains/de/test/auto/ResetTransitionWithStartTime4.xml
----------------- Instantiating /home/travis/build/icyphy/ptII/ptolemy/domains/de/test/auto/ResetTransitionWithStartTime4.xml
4 ms. Memory: 167936K Free: 128321K (76%)
----------------- Invoking toplevel() on ptolemy.moml.MoMLSimpleApplication@69ec886c
----------------- Done invoking toplevel() on ptolemy.moml.MoMLSimpleApplication@69ec886c
reloadAllAccessors: .ResetTransitionWithStartTime4

===========================================================================================
----------------- testing Thu Jul 02 14:56:52 UTC 2020 /home/travis/build/icyphy/ptII/ptolemy/domains/de/test/auto/ResettableTimer1.xml
----------------- Instantiating /home/travis/build/icyphy/ptII/ptolemy/domains/de/test/auto/ResettableTimer1.xml
2 ms. Memory: 167936K Free: 124217K (74%)
----------------- Invoking toplevel() on ptolemy.moml.MoMLSimpleApplication@4c9eeb80
----------------- Done invoking toplevel() on ptolemy.moml.MoMLSimpleApplication@4c9eeb80
reloadAllAccessors: .ResettableTimer1

===========================================================================================
----------------- testing Thu Jul 02 14:56:52 UTC 2020 /home/travis/build/icyphy/ptII/ptolemy/domains/de/test/auto/ResettableTimer2.xml
----------------- Instantiating /home/travis/build/icyphy/ptII/ptolemy/domains/de/test/auto/ResettableTimer2.xml
1 ms. Memory: 167936K Free: 120121K (72%)
----------------- Invoking toplevel() on ptolemy.moml.MoMLSimpleApplication@6f592d71
----------------- Done invoking toplevel() on ptolemy.moml.MoMLSimpleApplication@6f592d71
reloadAllAccessors: .ResettableTimer2

===========================================================================================
----------------- testing Thu Jul 02 14:56:52 UTC 2020 /home/travis/build/icyphy/ptII/ptolemy/domains/de/test/auto/ResettableTimer3.xml
----------------- Instantiating /home/travis/build/icyphy/ptII/ptolemy/domains/de/test/auto/ResettableTimer3.xml
1 ms. Memory: 167936K Free: 116553K (69%)
----------------- Invoking toplevel() on ptolemy.moml.MoMLSimpleApplication@5f52af54
----------------- Done invoking toplevel() on ptolemy.moml.MoMLSimpleApplication@5f52af54
reloadAllAccessors: .ResettableTimer3

===========================================================================================
----------------- testing Thu Jul 02 14:56:52 UTC 2020 /home/travis/build/icyphy/ptII/ptolemy/domains/de/test/auto/ResettableTimer4.xml
----------------- Instantiating /home/travis/build/icyphy/ptII/ptolemy/domains/de/test/auto/ResettableTimer4.xml
2 ms. Memory: 167936K Free: 111943K (67%)
----------------- Invoking toplevel() on ptolemy.moml.MoMLSimpleApplication@6c583e55
----------------- Done invoking toplevel() on ptolemy.moml.MoMLSimpleApplication@6c583e55
reloadAllAccessors: .ResettableTimer4

===========================================================================================
----------------- testing Thu Jul 02 14:56:52 UTC 2020 /home/travis/build/icyphy/ptII/ptolemy/domains/de/test/auto/ResettableTimer5.xml
----------------- Instantiating /home/travis/build/icyphy/ptII/ptolemy/domains/de/test/auto/ResettableTimer5.xml
1 ms. Memory: 167936K Free: 107337K (64%)
----------------- Invoking toplevel() on ptolemy.moml.MoMLSimpleApplication@348cc712
----------------- Done invoking toplevel() on ptolemy.moml.MoMLSimpleApplication@348cc712
reloadAllAccessors: .ResettableTimer5

===========================================================================================
----------------- testing Thu Jul 02 14:56:52 UTC 2020 /home/travis/build/icyphy/ptII/ptolemy/domains/de/test/auto/ResettableTimer6.xml
----------------- Instantiating /home/travis/build/icyphy/ptII/ptolemy/domains/de/test/auto/ResettableTimer6.xml
6 ms. Memory: 167936K Free: 102725K (61%)
----------------- Invoking toplevel() on ptolemy.moml.MoMLSimpleApplication@688d8fae
----------------- Done invoking toplevel() on ptolemy.moml.MoMLSimpleApplication@688d8fae
reloadAllAccessors: .ResettableTimer6

===========================================================================================
----------------- testing Thu Jul 02 14:56:52 UTC 2020 /home/travis/build/icyphy/ptII/ptolemy/domains/de/test/auto/ServerZeroDelay.xml
----------------- Instantiating /home/travis/build/icyphy/ptII/ptolemy/domains/de/test/auto/ServerZeroDelay.xml
1 ms. Memory: 167936K Free: 98625K (59%)
----------------- Invoking toplevel() on ptolemy.moml.MoMLSimpleApplication@68f228fd
----------------- Done invoking toplevel() on ptolemy.moml.MoMLSimpleApplication@68f228fd
reloadAllAccessors: .ServerZeroDelay

===========================================================================================
----------------- testing Thu Jul 02 14:56:53 UTC 2020 /home/travis/build/icyphy/ptII/ptolemy/domains/de/test/auto/SmartSender.xml
----------------- Instantiating /home/travis/build/icyphy/ptII/ptolemy/domains/de/test/auto/SmartSender.xml
3000 ms. Memory: 167936K Free: 94535K (56%)
----------------- Invoking toplevel() on ptolemy.moml.MoMLSimpleApplication@3987ce62
----------------- Done invoking toplevel() on ptolemy.moml.MoMLSimpleApplication@3987ce62
reloadAllAccessors: .SmartSender

===========================================================================================
----------------- testing Thu Jul 02 14:56:56 UTC 2020 /home/travis/build/icyphy/ptII/ptolemy/domains/de/test/auto/ThreadedComposite.xml
----------------- Instantiating /home/travis/build/icyphy/ptII/ptolemy/domains/de/test/auto/ThreadedComposite.xml
85 ms. Memory: 167936K Free: 74055K (44%)
----------------- Invoking toplevel() on ptolemy.moml.MoMLSimpleApplication@24409ed4
----------------- Done invoking toplevel() on ptolemy.moml.MoMLSimpleApplication@24409ed4
reloadAllAccessors: .ThreadedComposite

===========================================================================================
----------------- testing Thu Jul 02 14:56:56 UTC 2020 /home/travis/build/icyphy/ptII/ptolemy/domains/de/test/auto/Time.xml
----------------- Instantiating /home/travis/build/icyphy/ptII/ptolemy/domains/de/test/auto/Time.xml
328 ms. Memory: 167936K Free: 117708K (70%)
----------------- Invoking toplevel() on ptolemy.moml.MoMLSimpleApplication@2ee06206
----------------- Done invoking toplevel() on ptolemy.moml.MoMLSimpleApplication@2ee06206
reloadAllAccessors: .Time

===========================================================================================
----------------- testing Thu Jul 02 14:56:56 UTC 2020 /home/travis/build/icyphy/ptII/ptolemy/domains/de/test/auto/TimeDelayZeroDelay.xml
----------------- Instantiating /home/travis/build/icyphy/ptII/ptolemy/domains/de/test/auto/TimeDelayZeroDelay.xml
2 ms. Memory: 167936K Free: 113068K (67%)
----------------- Invoking toplevel() on ptolemy.moml.MoMLSimpleApplication@2f99f45
----------------- Done invoking toplevel() on ptolemy.moml.MoMLSimpleApplication@2f99f45
reloadAllAccessors: .TimeDelayZeroDelay

===========================================================================================
----------------- testing Thu Jul 02 14:56:56 UTC 2020 /home/travis/build/icyphy/ptII/ptolemy/domains/de/test/auto/TimerZeroDelay.xml
----------------- Instantiating /home/travis/build/icyphy/ptII/ptolemy/domains/de/test/auto/TimerZeroDelay.xml
1 ms. Memory: 167936K Free: 108988K (65%)
----------------- Invoking toplevel() on ptolemy.moml.MoMLSimpleApplication@3e81c6ec
----------------- Done invoking toplevel() on ptolemy.moml.MoMLSimpleApplication@3e81c6ec
reloadAllAccessors: .TimerZeroDelay

===========================================================================================
----------------- testing Thu Jul 02 14:56:56 UTC 2020 /home/travis/build/icyphy/ptII/ptolemy/domains/de/test/auto/TimingParadox.xml
----------------- Instantiating /home/travis/build/icyphy/ptII/ptolemy/domains/de/test/auto/TimingParadox.xml
245 ms. Memory: 167936K Free: 140344K (84%)
----------------- Invoking toplevel() on ptolemy.moml.MoMLSimpleApplication@727e36ba
----------------- Done invoking toplevel() on ptolemy.moml.MoMLSimpleApplication@727e36ba
reloadAllAccessors: .TimingParadox

===========================================================================================
----------------- testing Thu Jul 02 14:56:56 UTC 2020 /home/travis/build/icyphy/ptII/ptolemy/domains/de/test/auto/TransferInputs.xml
----------------- Instantiating /home/travis/build/icyphy/ptII/ptolemy/domains/de/test/auto/TransferInputs.xml
1 ms. Memory: 167936K Free: 135650K (81%)
----------------- Invoking toplevel() on ptolemy.moml.MoMLSimpleApplication@5cffe42b
----------------- Done invoking toplevel() on ptolemy.moml.MoMLSimpleApplication@5cffe42b
reloadAllAccessors: .TransferInputs

===========================================================================================
----------------- testing Thu Jul 02 14:56:56 UTC 2020 /home/travis/build/icyphy/ptII/ptolemy/domains/de/test/auto/TransferOutputs2.xml
----------------- Instantiating /home/travis/build/icyphy/ptII/ptolemy/domains/de/test/auto/TransferOutputs2.xml
5 ms. Memory: 167936K Free: 127472K (76%)
----------------- Invoking toplevel() on ptolemy.moml.MoMLSimpleApplication@5f7e5f56
----------------- Done invoking toplevel() on ptolemy.moml.MoMLSimpleApplication@5f7e5f56
reloadAllAccessors: .TransferOutputs2

===========================================================================================
----------------- testing Thu Jul 02 14:56:56 UTC 2020 /home/travis/build/icyphy/ptII/ptolemy/domains/de/test/auto/Trilateration.xml
----------------- Instantiating /home/travis/build/icyphy/ptII/ptolemy/domains/de/test/auto/Trilateration.xml
10101 ms. Memory: 391168K Free: 155797K (40%)
----------------- Invoking toplevel() on ptolemy.moml.MoMLSimpleApplication@4a48fa17
----------------- Done invoking toplevel() on ptolemy.moml.MoMLSimpleApplication@4a48fa17
reloadAllAccessors: .Trilateration

===========================================================================================
----------------- testing Thu Jul 02 14:57:07 UTC 2020 /home/travis/build/icyphy/ptII/ptolemy/domains/de/test/auto/TwoSigmaDelta.xml
----------------- Instantiating /home/travis/build/icyphy/ptII/ptolemy/domains/de/test/auto/TwoSigmaDelta.xml
1664 ms. Memory: 470016K Free: 265318K (56%)
----------------- Invoking toplevel() on ptolemy.moml.MoMLSimpleApplication@327342be
----------------- Done invoking toplevel() on ptolemy.moml.MoMLSimpleApplication@327342be
reloadAllAccessors: .TwoSigmaDelta

===========================================================================================
----------------- testing Thu Jul 02 14:57:09 UTC 2020 /home/travis/build/icyphy/ptII/ptolemy/domains/de/test/auto/VariableDelay.xml
----------------- Instantiating /home/travis/build/icyphy/ptII/ptolemy/domains/de/test/auto/VariableDelay.xml
1 ms. Memory: 470016K Free: 260571K (55%)
----------------- Invoking toplevel() on ptolemy.moml.MoMLSimpleApplication@5d706815
----------------- Done invoking toplevel() on ptolemy.moml.MoMLSimpleApplication@5d706815
reloadAllAccessors: .VariableDelay

===========================================================================================
----------------- testing Thu Jul 02 14:57:09 UTC 2020 /home/travis/build/icyphy/ptII/ptolemy/domains/de/test/auto/VariableDelay2.xml
----------------- Instantiating /home/travis/build/icyphy/ptII/ptolemy/domains/de/test/auto/VariableDelay2.xml
2 ms. Memory: 470016K Free: 255947K (54%)
----------------- Invoking toplevel() on ptolemy.moml.MoMLSimpleApplication@527823ba
----------------- Done invoking toplevel() on ptolemy.moml.MoMLSimpleApplication@527823ba
reloadAllAccessors: .VariableDelay2

===========================================================================================
----------------- testing Thu Jul 02 14:57:09 UTC 2020 /home/travis/build/icyphy/ptII/ptolemy/domains/de/test/auto/VariableDelayZeroDelay.xml
----------------- Instantiating /home/travis/build/icyphy/ptII/ptolemy/domains/de/test/auto/VariableDelayZeroDelay.xml
4 ms. Memory: 470016K Free: 251865K (54%)
----------------- Invoking toplevel() on ptolemy.moml.MoMLSimpleApplication@ad16e8d
----------------- Done invoking toplevel() on ptolemy.moml.MoMLSimpleApplication@ad16e8d
reloadAllAccessors: .VariableDelayZeroDelay

===========================================================================================
----------------- testing Thu Jul 02 14:57:09 UTC 2020 /home/travis/build/icyphy/ptII/ptolemy/domains/de/test/auto/VariableDelayZeroDelay2.xml
----------------- Instantiating /home/travis/build/icyphy/ptII/ptolemy/domains/de/test/auto/VariableDelayZeroDelay2.xml
1 ms. Memory: 470016K Free: 247769K (53%)
----------------- Invoking toplevel() on ptolemy.moml.MoMLSimpleApplication@3708c51a
----------------- Done invoking toplevel() on ptolemy.moml.MoMLSimpleApplication@3708c51a
reloadAllAccessors: .VariableDelayZeroDelay2

===========================================================================================
----------------- testing Thu Jul 02 14:57:09 UTC 2020 /home/travis/build/icyphy/ptII/ptolemy/domains/de/test/auto/deInCt.xml
----------------- Instantiating /home/travis/build/icyphy/ptII/ptolemy/domains/de/test/auto/deInCt.xml
0
1
1
0
0
0
1
1
1
0
0
0
0
1
1
1
0
0
0
0
1
1
1
0
0
0
1
1
1
0
0
0
0
1
1
1
0
0
0
1
1
1
1
6 ms. Memory: 470016K Free: 242649K (52%)
----------------- Invoking toplevel() on ptolemy.moml.MoMLSimpleApplication@47e6c171
----------------- Done invoking toplevel() on ptolemy.moml.MoMLSimpleApplication@47e6c171
reloadAllAccessors: .deInCt

===========================================================================================
----------------- testing Thu Jul 02 14:57:09 UTC 2020 /home/travis/build/icyphy/ptII/ptolemy/domains/de/test/auto/deInCt2.xml
----------------- Instantiating /home/travis/build/icyphy/ptII/ptolemy/domains/de/test/auto/deInCt2.xml
0
1
1
1
0
0
1
1
1
0
0
1
1
1
0
0
1
1
1
0
0
1
1
1
0
0
1
1
1
0
0
1
1
1
0
0
1
1
1
0
0
0
6 ms. Memory: 470016K Free: 237523K (51%)
----------------- Invoking toplevel() on ptolemy.moml.MoMLSimpleApplication@1f4ae451
----------------- Done invoking toplevel() on ptolemy.moml.MoMLSimpleApplication@1f4ae451
reloadAllAccessors: .deInCt2

===========================================================================================
----------------- testing Thu Jul 02 14:57:09 UTC 2020 /home/travis/build/icyphy/ptII/ptolemy/domains/de/test/auto/dynamicCausalityInterface1.xml
----------------- Instantiating /home/travis/build/icyphy/ptII/ptolemy/domains/de/test/auto/dynamicCausalityInterface1.xml
1 ms. Memory: 470016K Free: 228313K (49%)
----------------- Invoking toplevel() on ptolemy.moml.MoMLSimpleApplication@17cfbe4e
----------------- Done invoking toplevel() on ptolemy.moml.MoMLSimpleApplication@17cfbe4e
reloadAllAccessors: .dynamicCausalityInterface1

===========================================================================================
----------------- testing Thu Jul 02 14:57:09 UTC 2020 /home/travis/build/icyphy/ptII/ptolemy/domains/de/test/auto/fsm_de_test.xml
----------------- Instantiating /home/travis/build/icyphy/ptII/ptolemy/domains/de/test/auto/fsm_de_test.xml
5 ms. Memory: 470016K Free: 219083K (47%)
----------------- Invoking toplevel() on ptolemy.moml.MoMLSimpleApplication@16f8d70d
----------------- Done invoking toplevel() on ptolemy.moml.MoMLSimpleApplication@16f8d70d
reloadAllAccessors: .fsm_de_test

===========================================================================================
----------------- testing Thu Jul 02 14:57:09 UTC 2020 /home/travis/build/icyphy/ptII/ptolemy/domains/de/test/auto/functionDependencyReconstruction.xml
----------------- Instantiating /home/travis/build/icyphy/ptII/ptolemy/domains/de/test/auto/functionDependencyReconstruction.xml
2 ms. Memory: 470016K Free: 204251K (43%)
----------------- Invoking toplevel() on ptolemy.moml.MoMLSimpleApplication@488b8d2c
----------------- Done invoking toplevel() on ptolemy.moml.MoMLSimpleApplication@488b8d2c
reloadAllAccessors: .functionDependencyReconstruction

===========================================================================================
----------------- testing Thu Jul 02 14:57:09 UTC 2020 /home/travis/build/icyphy/ptII/ptolemy/domains/de/test/auto/multirate.xml
----------------- Instantiating /home/travis/build/icyphy/ptII/ptolemy/domains/de/test/auto/multirate.xml
3 ms. Memory: 470016K Free: 197579K (42%)
----------------- Invoking toplevel() on ptolemy.moml.MoMLSimpleApplication@6d12547a
----------------- Done invoking toplevel() on ptolemy.moml.MoMLSimpleApplication@6d12547a
reloadAllAccessors: .multirate

===========================================================================================
----------------- testing Thu Jul 02 14:57:09 UTC 2020 /home/travis/build/icyphy/ptII/ptolemy/domains/de/test/auto/multirate2.xml
----------------- Instantiating /home/travis/build/icyphy/ptII/ptolemy/domains/de/test/auto/multirate2.xml
2 ms. Memory: 470016K Free: 190939K (41%)
----------------- Invoking toplevel() on ptolemy.moml.MoMLSimpleApplication@415c54a0
----------------- Done invoking toplevel() on ptolemy.moml.MoMLSimpleApplication@415c54a0
reloadAllAccessors: .multirate2

===========================================================================================
----------------- testing Thu Jul 02 14:57:09 UTC 2020 /home/travis/build/icyphy/ptII/ptolemy/domains/de/test/auto/realtime.xml
----------------- Instantiating /home/travis/build/icyphy/ptII/ptolemy/domains/de/test/auto/realtime.xml
10001 ms. Memory: 470016K Free: 186329K (40%)
----------------- Invoking toplevel() on ptolemy.moml.MoMLSimpleApplication@5f1e080f
----------------- Done invoking toplevel() on ptolemy.moml.MoMLSimpleApplication@5f1e080f
reloadAllAccessors: .realtime

===========================================================================================
----------------- testing Thu Jul 02 14:57:19 UTC 2020 /home/travis/build/icyphy/ptII/ptolemy/domains/de/test/auto/relationGroup.xml
----------------- Instantiating /home/travis/build/icyphy/ptII/ptolemy/domains/de/test/auto/relationGroup.xml
5 ms. Memory: 470016K Free: 182747K (39%)
----------------- Invoking toplevel() on ptolemy.moml.MoMLSimpleApplication@6b834327
----------------- Done invoking toplevel() on ptolemy.moml.MoMLSimpleApplication@6b834327
reloadAllAccessors: .relationGroup

===========================================================================================
----------------- testing Thu Jul 02 14:57:19 UTC 2020 /home/travis/build/icyphy/ptII/ptolemy/domains/de/test/auto/relationGroup2.xml
----------------- Instantiating /home/travis/build/icyphy/ptII/ptolemy/domains/de/test/auto/relationGroup2.xml
1 ms. Memory: 470016K Free: 179161K (38%)
----------------- Invoking toplevel() on ptolemy.moml.MoMLSimpleApplication@4083d12b
----------------- Done invoking toplevel() on ptolemy.moml.MoMLSimpleApplication@4083d12b
reloadAllAccessors: .relationGroup2

===========================================================================================
----------------- testing Thu Jul 02 14:57:19 UTC 2020 /home/travis/build/icyphy/ptII/ptolemy/domains/de/test/auto/sortWithOpaquePorts.xml
----------------- Instantiating /home/travis/build/icyphy/ptII/ptolemy/domains/de/test/auto/sortWithOpaquePorts.xml
2 ms. Memory: 470016K Free: 174555K (37%)
----------------- Invoking toplevel() on ptolemy.moml.MoMLSimpleApplication@4c894bd1
----------------- Done invoking toplevel() on ptolemy.moml.MoMLSimpleApplication@4c894bd1
reloadAllAccessors: .sortWithOpaquePorts

===========================================================================================
----------------- testing Thu Jul 02 14:57:19 UTC 2020 /home/travis/build/icyphy/ptII/ptolemy/domains/de/test/auto/transferInputsandOutputs.xml
----------------- Instantiating /home/travis/build/icyphy/ptII/ptolemy/domains/de/test/auto/transferInputsandOutputs.xml
2 ms. Memory: 470016K Free: 167387K (36%)
----------------- Invoking toplevel() on ptolemy.moml.MoMLSimpleApplication@34fd7bf
----------------- Done invoking toplevel() on ptolemy.moml.MoMLSimpleApplication@34fd7bf
reloadAllAccessors: .transferInputsandOutputs

===========================================================================================
----------------- testing Thu Jul 02 14:57:19 UTC 2020 /home/travis/build/icyphy/ptII/ptolemy/domains/de/test/auto/triggerType.xml
----------------- Instantiating /home/travis/build/icyphy/ptII/ptolemy/domains/de/test/auto/triggerType.xml
2 ms. Memory: 470016K Free: 163291K (35%)
----------------- Invoking toplevel() on ptolemy.moml.MoMLSimpleApplication@19a89886
----------------- Done invoking toplevel() on ptolemy.moml.MoMLSimpleApplication@19a89886
reloadAllAccessors: .triggerType
AutoTests.java: About to close Vertx.
AutoTests.java: Vertx closed.
]]></system-out>
  <system-err><![CDATA[java.lang.RuntimeException: Execution failed
	at ptolemy.moml.MoMLSimpleApplication$UnloadThread.run(MoMLSimpleApplication.java:402)
Caused by: ptolemy.kernel.util.IllegalActionException: Found a zero delay loop containing .dependencyLoop.original
  in .dependencyLoop and .dependencyLoop.original
	at ptolemy.actor.util.CausalityInterfaceForComposites._computeOutputPortDepth(CausalityInterfaceForComposites.java:759)
	at ptolemy.actor.util.CausalityInterfaceForComposites._computeInputDepth(CausalityInterfaceForComposites.java:696)
	at ptolemy.actor.util.CausalityInterfaceForComposites._computeOutputPortDepth(CausalityInterfaceForComposites.java:765)
	at ptolemy.actor.util.CausalityInterfaceForComposites._computeInputDepth(CausalityInterfaceForComposites.java:696)
	at ptolemy.actor.util.CausalityInterfaceForComposites._computeOutputPortDepth(CausalityInterfaceForComposites.java:765)
	at ptolemy.actor.util.CausalityInterfaceForComposites._computeInputDepth(CausalityInterfaceForComposites.java:696)
	at ptolemy.actor.util.CausalityInterfaceForComposites._computeActorDepth(CausalityInterfaceForComposites.java:532)
	at ptolemy.actor.util.CausalityInterfaceForComposites.checkForCycles(CausalityInterfaceForComposites.java:96)
	at ptolemy.domains.de.kernel.DEDirector.preinitialize(DEDirector.java:1338)
	at ptolemy.actor.CompositeActor.preinitialize(CompositeActor.java:1828)
	at ptolemy.actor.Manager.preinitializeAndResolveTypes(Manager.java:1040)
	at ptolemy.actor.Manager.initialize(Manager.java:710)
	at ptolemy.actor.Manager.execute(Manager.java:356)
	at ptolemy.actor.Manager.run(Manager.java:1263)
	at ptolemy.actor.Manager$PtolemyRunThread.run(Manager.java:1933)
java.lang.RuntimeException: Execution failed
	at ptolemy.moml.MoMLSimpleApplication$UnloadThread.run(MoMLSimpleApplication.java:402)
Caused by: ptolemy.kernel.util.IllegalActionException: Found a zero delay loop containing .dependencyLoop2.original
  in .dependencyLoop2 and .dependencyLoop2.original
	at ptolemy.actor.util.CausalityInterfaceForComposites._computeOutputPortDepth(CausalityInterfaceForComposites.java:759)
	at ptolemy.actor.util.CausalityInterfaceForComposites._computeInputDepth(CausalityInterfaceForComposites.java:696)
	at ptolemy.actor.util.CausalityInterfaceForComposites._computeOutputPortDepth(CausalityInterfaceForComposites.java:765)
	at ptolemy.actor.util.CausalityInterfaceForComposites._computeInputDepth(CausalityInterfaceForComposites.java:696)
	at ptolemy.actor.util.CausalityInterfaceForComposites._computeOutputPortDepth(CausalityInterfaceForComposites.java:765)
	at ptolemy.actor.util.CausalityInterfaceForComposites._computeInputDepth(CausalityInterfaceForComposites.java:696)
	at ptolemy.actor.util.CausalityInterfaceForComposites._computeActorDepth(CausalityInterfaceForComposites.java:532)
	at ptolemy.actor.util.CausalityInterfaceForComposites.checkForCycles(CausalityInterfaceForComposites.java:96)
	at ptolemy.domains.de.kernel.DEDirector.preinitialize(DEDirector.java:1338)
	at ptolemy.actor.CompositeActor.preinitialize(CompositeActor.java:1828)
	at ptolemy.actor.Manager.preinitializeAndResolveTypes(Manager.java:1040)
	at ptolemy.actor.Manager.initialize(Manager.java:710)
	at ptolemy.actor.Manager.execute(Manager.java:356)
	at ptolemy.actor.Manager.run(Manager.java:1263)
	at ptolemy.actor.Manager$PtolemyRunThread.run(Manager.java:1933)
java.lang.RuntimeException: Execution failed
	at ptolemy.moml.MoMLSimpleApplication$UnloadThread.run(MoMLSimpleApplication.java:402)
Caused by: ptolemy.kernel.util.IllegalActionException: Test fails in iteration 1.
Value was: 1.0. Should have been: 2.0
  in .DirectFeedback.Test
	at ptolemy.actor.lib.Test.fire(Test.java:268)
	at ptolemy.domains.de.kernel.DEDirector._fire(DEDirector.java:1949)
	at ptolemy.domains.de.kernel.DEDirector.fire(DEDirector.java:502)
	at ptolemy.actor.CompositeActor.fire(CompositeActor.java:455)
	at ptolemy.actor.Manager.iterate(Manager.java:851)
	at ptolemy.actor.Manager.execute(Manager.java:369)
	at ptolemy.actor.Manager.run(Manager.java:1263)
	at ptolemy.actor.Manager$PtolemyRunThread.run(Manager.java:1933)
java.lang.RuntimeException: Execution failed
	at ptolemy.moml.MoMLSimpleApplication$UnloadThread.run(MoMLSimpleApplication.java:402)
Caused by: ptolemy.kernel.util.IllegalActionException: Found a zero delay loop containing .dependencyLoop.original
  in .dependencyLoop and .dependencyLoop.original
	at ptolemy.actor.util.CausalityInterfaceForComposites._computeOutputPortDepth(CausalityInterfaceForComposites.java:759)
	at ptolemy.actor.util.CausalityInterfaceForComposites._computeInputDepth(CausalityInterfaceForComposites.java:696)
	at ptolemy.actor.util.CausalityInterfaceForComposites._computeOutputPortDepth(CausalityInterfaceForComposites.java:765)
	at ptolemy.actor.util.CausalityInterfaceForComposites._computeInputDepth(CausalityInterfaceForComposites.java:696)
	at ptolemy.actor.util.CausalityInterfaceForComposites._computeOutputPortDepth(CausalityInterfaceForComposites.java:765)
	at ptolemy.actor.util.CausalityInterfaceForComposites._computeInputDepth(CausalityInterfaceForComposites.java:696)
	at ptolemy.actor.util.CausalityInterfaceForComposites._computeActorDepth(CausalityInterfaceForComposites.java:532)
	at ptolemy.actor.util.CausalityInterfaceForComposites.checkForCycles(CausalityInterfaceForComposites.java:96)
	at ptolemy.domains.de.kernel.DEDirector.preinitialize(DEDirector.java:1338)
	at ptolemy.actor.CompositeActor.preinitialize(CompositeActor.java:1828)
	at ptolemy.actor.Manager.preinitializeAndResolveTypes(Manager.java:1040)
	at ptolemy.actor.Manager.initialize(Manager.java:710)
	at ptolemy.actor.Manager.execute(Manager.java:356)
	at ptolemy.actor.Manager.run(Manager.java:1263)
	at ptolemy.actor.Manager$PtolemyRunThread.run(Manager.java:1933)
java.lang.RuntimeException: Execution failed
	at ptolemy.moml.MoMLSimpleApplication$UnloadThread.run(MoMLSimpleApplication.java:402)
Caused by: ptolemy.kernel.util.IllegalActionException: Found a zero delay loop containing .HierarchicalModel.A
  in .HierarchicalModel and .HierarchicalModel.A
	at ptolemy.actor.util.CausalityInterfaceForComposites._computeOutputPortDepth(CausalityInterfaceForComposites.java:759)
	at ptolemy.actor.util.CausalityInterfaceForComposites._computeInputDepth(CausalityInterfaceForComposites.java:696)
	at ptolemy.actor.util.CausalityInterfaceForComposites._computeOutputPortDepth(CausalityInterfaceForComposites.java:765)
	at ptolemy.actor.util.CausalityInterfaceForComposites._computeInputDepth(CausalityInterfaceForComposites.java:696)
	at ptolemy.actor.util.CausalityInterfaceForComposites._computeOutputPortDepth(CausalityInterfaceForComposites.java:765)
	at ptolemy.actor.util.CausalityInterfaceForComposites._computeInputDepth(CausalityInterfaceForComposites.java:696)
	at ptolemy.actor.util.CausalityInterfaceForComposites._computeActorDepth(CausalityInterfaceForComposites.java:532)
	at ptolemy.actor.util.CausalityInterfaceForComposites.checkForCycles(CausalityInterfaceForComposites.java:96)
	at ptolemy.domains.de.kernel.DEDirector.preinitialize(DEDirector.java:1338)
	at ptolemy.actor.CompositeActor.preinitialize(CompositeActor.java:1828)
	at ptolemy.actor.Manager.preinitializeAndResolveTypes(Manager.java:1040)
	at ptolemy.actor.Manager.initialize(Manager.java:710)
	at ptolemy.actor.Manager.execute(Manager.java:356)
	at ptolemy.actor.Manager.run(Manager.java:1263)
	at ptolemy.actor.Manager$PtolemyRunThread.run(Manager.java:1933)
java.lang.RuntimeException: Execution failed
	at ptolemy.moml.MoMLSimpleApplication$UnloadThread.run(MoMLSimpleApplication.java:402)
Caused by: ptolemy.kernel.util.IllegalActionException: Found a zero delay loop containing .dependencyLoop2.original
  in .dependencyLoop2 and .dependencyLoop2.original
	at ptolemy.actor.util.CausalityInterfaceForComposites._computeOutputPortDepth(CausalityInterfaceForComposites.java:759)
	at ptolemy.actor.util.CausalityInterfaceForComposites._computeInputDepth(CausalityInterfaceForComposites.java:696)
	at ptolemy.actor.util.CausalityInterfaceForComposites._computeOutputPortDepth(CausalityInterfaceForComposites.java:765)
	at ptolemy.actor.util.CausalityInterfaceForComposites._computeInputDepth(CausalityInterfaceForComposites.java:696)
	at ptolemy.actor.util.CausalityInterfaceForComposites._computeOutputPortDepth(CausalityInterfaceForComposites.java:765)
	at ptolemy.actor.util.CausalityInterfaceForComposites._computeInputDepth(CausalityInterfaceForComposites.java:696)
	at ptolemy.actor.util.CausalityInterfaceForComposites._computeActorDepth(CausalityInterfaceForComposites.java:532)
	at ptolemy.actor.util.CausalityInterfaceForComposites.checkForCycles(CausalityInterfaceForComposites.java:96)
	at ptolemy.domains.de.kernel.DEDirector.preinitialize(DEDirector.java:1338)
	at ptolemy.actor.CompositeActor.preinitialize(CompositeActor.java:1828)
	at ptolemy.actor.Manager.preinitializeAndResolveTypes(Manager.java:1040)
	at ptolemy.actor.Manager.initialize(Manager.java:710)
	at ptolemy.actor.Manager.execute(Manager.java:356)
	at ptolemy.actor.Manager.run(Manager.java:1263)
	at ptolemy.actor.Manager$PtolemyRunThread.run(Manager.java:1933)
java.lang.RuntimeException: Execution failed
	at ptolemy.moml.MoMLSimpleApplication$UnloadThread.run(MoMLSimpleApplication.java:402)
Caused by: ptolemy.kernel.util.IllegalActionException: Actor is not ready to fire.  Perhaps UpSample.prefire() returned false? Try debugging the actor by selecting "Listen to Actor".  Also, for SDF check moml for tokenConsumptionRate on input.
  in .DESDFClockTest.Play Bell.Copy1:SDF Director and .DESDFClockTest.Play Bell.UpSample
	at ptolemy.actor.sched.StaticSchedulingDirector.fire(StaticSchedulingDirector.java:227)
	at ptolemy.domains.sdf.kernel.SDFDirector.fire(SDFDirector.java:500)
	at ptolemy.actor.CompositeActor.fire(CompositeActor.java:455)
	at ptolemy.domains.de.kernel.DEDirector._fire(DEDirector.java:1949)
	at ptolemy.domains.de.kernel.DEDirector.fire(DEDirector.java:502)
	at ptolemy.actor.CompositeActor.fire(CompositeActor.java:455)
	at ptolemy.actor.Manager.iterate(Manager.java:851)
	at ptolemy.actor.Manager.execute(Manager.java:369)
	at ptolemy.actor.Manager.run(Manager.java:1263)
	at ptolemy.actor.Manager$PtolemyRunThread.run(Manager.java:1933)
java.lang.RuntimeException: Execution failed
	at ptolemy.moml.MoMLSimpleApplication$UnloadThread.run(MoMLSimpleApplication.java:402)
Caused by: ptolemy.kernel.util.IllegalActionException: Actor is not ready to fire.  Perhaps UpSample.prefire() returned false? Try debugging the actor by selecting "Listen to Actor".  Also, for SDF check moml for tokenConsumptionRate on input.
  in .DESDFClockTest.Play Bell.Copy1:SDF Director and .DESDFClockTest.Play Bell.UpSample
	at ptolemy.actor.sched.StaticSchedulingDirector.fire(StaticSchedulingDirector.java:227)
	at ptolemy.domains.sdf.kernel.SDFDirector.fire(SDFDirector.java:500)
	at ptolemy.actor.CompositeActor.fire(CompositeActor.java:455)
	at ptolemy.domains.de.kernel.DEDirector._fire(DEDirector.java:1949)
	at ptolemy.domains.de.kernel.DEDirector.fire(DEDirector.java:502)
	at ptolemy.actor.CompositeActor.fire(CompositeActor.java:455)
	at ptolemy.actor.Manager.iterate(Manager.java:851)
	at ptolemy.actor.Manager.execute(Manager.java:369)
	at ptolemy.actor.Manager.run(Manager.java:1263)
	at ptolemy.actor.Manager$PtolemyRunThread.run(Manager.java:1933)
java.lang.reflect.InvocationTargetException
	at java.base/jdk.internal.reflect.NativeConstructorAccessorImpl.newInstance0(Native Method)
	at java.base/jdk.internal.reflect.NativeConstructorAccessorImpl.newInstance(NativeConstructorAccessorImpl.java:62)
	at java.base/jdk.internal.reflect.DelegatingConstructorAccessorImpl.newInstance(DelegatingConstructorAccessorImpl.java:45)
	at java.base/java.lang.reflect.Constructor.newInstance(Constructor.java:490)
	at ptolemy.util.test.junit.AutoKnownFailedTests.RunModel(AutoKnownFailedTests.java:105)
	at java.base/jdk.internal.reflect.NativeMethodAccessorImpl.invoke0(Native Method)
	at java.base/jdk.internal.reflect.NativeMethodAccessorImpl.invoke(NativeMethodAccessorImpl.java:62)
	at java.base/jdk.internal.reflect.DelegatingMethodAccessorImpl.invoke(DelegatingMethodAccessorImpl.java:43)
	at java.base/java.lang.reflect.Method.invoke(Method.java:566)
	at org.junit.runners.model.FrameworkMethod$1.runReflectiveCall(FrameworkMethod.java:44)
	at org.junit.internal.runners.model.ReflectiveCallable.run(ReflectiveCallable.java:15)
	at org.junit.runners.model.FrameworkMethod.invokeExplosively(FrameworkMethod.java:41)
	at junitparams.internal.InvokeParameterisedMethod.evaluate(InvokeParameterisedMethod.java:102)
	at org.junit.internal.runners.statements.FailOnTimeout$1.run(FailOnTimeout.java:28)
Caused by: ptolemy.kernel.util.IllegalActionException: Actor is not ready to fire.  Perhaps UpSample.prefire() returned false? Try debugging the actor by selecting "Listen to Actor".  Also, for SDF check moml for tokenConsumptionRate on input.
  in .DESDFClockTest.Play Bell.Copy1:SDF Director and .DESDFClockTest.Play Bell.UpSample
	at ptolemy.actor.sched.StaticSchedulingDirector.fire(StaticSchedulingDirector.java:227)
	at ptolemy.domains.sdf.kernel.SDFDirector.fire(SDFDirector.java:500)
	at ptolemy.actor.CompositeActor.fire(CompositeActor.java:455)
	at ptolemy.domains.de.kernel.DEDirector._fire(DEDirector.java:1949)
	at ptolemy.domains.de.kernel.DEDirector.fire(DEDirector.java:502)
	at ptolemy.actor.CompositeActor.fire(CompositeActor.java:455)
	at ptolemy.actor.Manager.iterate(Manager.java:851)
	at ptolemy.actor.Manager.execute(Manager.java:369)
	at ptolemy.actor.Manager.run(Manager.java:1263)
	at ptolemy.actor.Manager$PtolemyRunThread.run(Manager.java:1933)
java.lang.RuntimeException: Execution failed
	at ptolemy.moml.MoMLSimpleApplication$UnloadThread.run(MoMLSimpleApplication.java:402)
Caused by: ptolemy.kernel.util.IllegalActionException: Test fails in iteration 1.
Value was: 1.0. Should have been: 2.0
  in .DirectFeedback.Test
	at ptolemy.actor.lib.Test.fire(Test.java:268)
	at ptolemy.domains.de.kernel.DEDirector._fire(DEDirector.java:1949)
	at ptolemy.domains.de.kernel.DEDirector.fire(DEDirector.java:502)
	at ptolemy.actor.CompositeActor.fire(CompositeActor.java:455)
	at ptolemy.actor.Manager.iterate(Manager.java:851)
	at ptolemy.actor.Manager.execute(Manager.java:369)
	at ptolemy.actor.Manager.run(Manager.java:1263)
	at ptolemy.actor.Manager$PtolemyRunThread.run(Manager.java:1933)
java.lang.reflect.InvocationTargetException
	at java.base/jdk.internal.reflect.NativeConstructorAccessorImpl.newInstance0(Native Method)
	at java.base/jdk.internal.reflect.NativeConstructorAccessorImpl.newInstance(NativeConstructorAccessorImpl.java:62)
	at java.base/jdk.internal.reflect.DelegatingConstructorAccessorImpl.newInstance(DelegatingConstructorAccessorImpl.java:45)
	at java.base/java.lang.reflect.Constructor.newInstance(Constructor.java:490)
	at ptolemy.util.test.junit.AutoKnownFailedTests.RunModel(AutoKnownFailedTests.java:105)
	at java.base/jdk.internal.reflect.NativeMethodAccessorImpl.invoke0(Native Method)
	at java.base/jdk.internal.reflect.NativeMethodAccessorImpl.invoke(NativeMethodAccessorImpl.java:62)
	at java.base/jdk.internal.reflect.DelegatingMethodAccessorImpl.invoke(DelegatingMethodAccessorImpl.java:43)
	at java.base/java.lang.reflect.Method.invoke(Method.java:566)
	at org.junit.runners.model.FrameworkMethod$1.runReflectiveCall(FrameworkMethod.java:44)
	at org.junit.internal.runners.model.ReflectiveCallable.run(ReflectiveCallable.java:15)
	at org.junit.runners.model.FrameworkMethod.invokeExplosively(FrameworkMethod.java:41)
	at junitparams.internal.InvokeParameterisedMethod.evaluate(InvokeParameterisedMethod.java:102)
	at org.junit.internal.runners.statements.FailOnTimeout$1.run(FailOnTimeout.java:28)
Caused by: ptolemy.kernel.util.IllegalActionException: Test fails in iteration 1.
Value was: 1.0. Should have been: 2.0
  in .DirectFeedback.Test
	at ptolemy.actor.lib.Test.fire(Test.java:268)
	at ptolemy.domains.de.kernel.DEDirector._fire(DEDirector.java:1949)
	at ptolemy.domains.de.kernel.DEDirector.fire(DEDirector.java:502)
	at ptolemy.actor.CompositeActor.fire(CompositeActor.java:455)
	at ptolemy.actor.Manager.iterate(Manager.java:851)
	at ptolemy.actor.Manager.execute(Manager.java:369)
	at ptolemy.actor.Manager.run(Manager.java:1263)
	at ptolemy.actor.Manager$PtolemyRunThread.run(Manager.java:1933)
java.lang.RuntimeException: Execution failed
	at ptolemy.moml.MoMLSimpleApplication$UnloadThread.run(MoMLSimpleApplication.java:402)
Caused by: ptolemy.kernel.util.IllegalActionException: Found a zero delay loop containing .HierarchicalModel.A
  in .HierarchicalModel and .HierarchicalModel.A
	at ptolemy.actor.util.CausalityInterfaceForComposites._computeOutputPortDepth(CausalityInterfaceForComposites.java:759)
	at ptolemy.actor.util.CausalityInterfaceForComposites._computeInputDepth(CausalityInterfaceForComposites.java:696)
	at ptolemy.actor.util.CausalityInterfaceForComposites._computeOutputPortDepth(CausalityInterfaceForComposites.java:765)
	at ptolemy.actor.util.CausalityInterfaceForComposites._computeInputDepth(CausalityInterfaceForComposites.java:696)
	at ptolemy.actor.util.CausalityInterfaceForComposites._computeOutputPortDepth(CausalityInterfaceForComposites.java:765)
	at ptolemy.actor.util.CausalityInterfaceForComposites._computeInputDepth(CausalityInterfaceForComposites.java:696)
	at ptolemy.actor.util.CausalityInterfaceForComposites._computeActorDepth(CausalityInterfaceForComposites.java:532)
	at ptolemy.actor.util.CausalityInterfaceForComposites.checkForCycles(CausalityInterfaceForComposites.java:96)
	at ptolemy.domains.de.kernel.DEDirector.preinitialize(DEDirector.java:1338)
	at ptolemy.actor.CompositeActor.preinitialize(CompositeActor.java:1828)
	at ptolemy.actor.Manager.preinitializeAndResolveTypes(Manager.java:1040)
	at ptolemy.actor.Manager.initialize(Manager.java:710)
	at ptolemy.actor.Manager.execute(Manager.java:356)
	at ptolemy.actor.Manager.run(Manager.java:1263)
	at ptolemy.actor.Manager$PtolemyRunThread.run(Manager.java:1933)
java.lang.reflect.InvocationTargetException
	at java.base/jdk.internal.reflect.NativeConstructorAccessorImpl.newInstance0(Native Method)
	at java.base/jdk.internal.reflect.NativeConstructorAccessorImpl.newInstance(NativeConstructorAccessorImpl.java:62)
	at java.base/jdk.internal.reflect.DelegatingConstructorAccessorImpl.newInstance(DelegatingConstructorAccessorImpl.java:45)
	at java.base/java.lang.reflect.Constructor.newInstance(Constructor.java:490)
	at ptolemy.util.test.junit.AutoKnownFailedTests.RunModel(AutoKnownFailedTests.java:105)
	at java.base/jdk.internal.reflect.NativeMethodAccessorImpl.invoke0(Native Method)
	at java.base/jdk.internal.reflect.NativeMethodAccessorImpl.invoke(NativeMethodAccessorImpl.java:62)
	at java.base/jdk.internal.reflect.DelegatingMethodAccessorImpl.invoke(DelegatingMethodAccessorImpl.java:43)
	at java.base/java.lang.reflect.Method.invoke(Method.java:566)
	at org.junit.runners.model.FrameworkMethod$1.runReflectiveCall(FrameworkMethod.java:44)
	at org.junit.internal.runners.model.ReflectiveCallable.run(ReflectiveCallable.java:15)
	at org.junit.runners.model.FrameworkMethod.invokeExplosively(FrameworkMethod.java:41)
	at junitparams.internal.InvokeParameterisedMethod.evaluate(InvokeParameterisedMethod.java:102)
	at org.junit.internal.runners.statements.FailOnTimeout$1.run(FailOnTimeout.java:28)
Caused by: ptolemy.kernel.util.IllegalActionException: Found a zero delay loop containing .HierarchicalModel.A
  in .HierarchicalModel and .HierarchicalModel.A
	at ptolemy.actor.util.CausalityInterfaceForComposites._computeOutputPortDepth(CausalityInterfaceForComposites.java:759)
	at ptolemy.actor.util.CausalityInterfaceForComposites._computeInputDepth(CausalityInterfaceForComposites.java:696)
	at ptolemy.actor.util.CausalityInterfaceForComposites._computeOutputPortDepth(CausalityInterfaceForComposites.java:765)
	at ptolemy.actor.util.CausalityInterfaceForComposites._computeInputDepth(CausalityInterfaceForComposites.java:696)
	at ptolemy.actor.util.CausalityInterfaceForComposites._computeOutputPortDepth(CausalityInterfaceForComposites.java:765)
	at ptolemy.actor.util.CausalityInterfaceForComposites._computeInputDepth(CausalityInterfaceForComposites.java:696)
	at ptolemy.actor.util.CausalityInterfaceForComposites._computeActorDepth(CausalityInterfaceForComposites.java:532)
	at ptolemy.actor.util.CausalityInterfaceForComposites.checkForCycles(CausalityInterfaceForComposites.java:96)
	at ptolemy.domains.de.kernel.DEDirector.preinitialize(DEDirector.java:1338)
	at ptolemy.actor.CompositeActor.preinitialize(CompositeActor.java:1828)
	at ptolemy.actor.Manager.preinitializeAndResolveTypes(Manager.java:1040)
	at ptolemy.actor.Manager.initialize(Manager.java:710)
	at ptolemy.actor.Manager.execute(Manager.java:356)
	at ptolemy.actor.Manager.run(Manager.java:1263)
	at ptolemy.actor.Manager$PtolemyRunThread.run(Manager.java:1933)
java.lang.RuntimeException: Execution failed
	at ptolemy.moml.MoMLSimpleApplication$UnloadThread.run(MoMLSimpleApplication.java:402)
Caused by: ptolemy.kernel.util.IllegalActionException: Found a zero delay loop containing .dependencyLoop.original
  in .dependencyLoop and .dependencyLoop.original
	at ptolemy.actor.util.CausalityInterfaceForComposites._computeOutputPortDepth(CausalityInterfaceForComposites.java:759)
	at ptolemy.actor.util.CausalityInterfaceForComposites._computeInputDepth(CausalityInterfaceForComposites.java:696)
	at ptolemy.actor.util.CausalityInterfaceForComposites._computeOutputPortDepth(CausalityInterfaceForComposites.java:765)
	at ptolemy.actor.util.CausalityInterfaceForComposites._computeInputDepth(CausalityInterfaceForComposites.java:696)
	at ptolemy.actor.util.CausalityInterfaceForComposites._computeOutputPortDepth(CausalityInterfaceForComposites.java:765)
	at ptolemy.actor.util.CausalityInterfaceForComposites._computeInputDepth(CausalityInterfaceForComposites.java:696)
	at ptolemy.actor.util.CausalityInterfaceForComposites._computeActorDepth(CausalityInterfaceForComposites.java:532)
	at ptolemy.actor.util.CausalityInterfaceForComposites.checkForCycles(CausalityInterfaceForComposites.java:96)
	at ptolemy.domains.de.kernel.DEDirector.preinitialize(DEDirector.java:1338)
	at ptolemy.actor.CompositeActor.preinitialize(CompositeActor.java:1828)
	at ptolemy.actor.Manager.preinitializeAndResolveTypes(Manager.java:1040)
	at ptolemy.actor.Manager.initialize(Manager.java:710)
	at ptolemy.actor.Manager.execute(Manager.java:356)
	at ptolemy.actor.Manager.run(Manager.java:1263)
	at ptolemy.actor.Manager$PtolemyRunThread.run(Manager.java:1933)
java.lang.reflect.InvocationTargetException
	at java.base/jdk.internal.reflect.NativeConstructorAccessorImpl.newInstance0(Native Method)
	at java.base/jdk.internal.reflect.NativeConstructorAccessorImpl.newInstance(NativeConstructorAccessorImpl.java:62)
	at java.base/jdk.internal.reflect.DelegatingConstructorAccessorImpl.newInstance(DelegatingConstructorAccessorImpl.java:45)
	at java.base/java.lang.reflect.Constructor.newInstance(Constructor.java:490)
	at ptolemy.util.test.junit.AutoKnownFailedTests.RunModel(AutoKnownFailedTests.java:105)
	at java.base/jdk.internal.reflect.NativeMethodAccessorImpl.invoke0(Native Method)
	at java.base/jdk.internal.reflect.NativeMethodAccessorImpl.invoke(NativeMethodAccessorImpl.java:62)
	at java.base/jdk.internal.reflect.DelegatingMethodAccessorImpl.invoke(DelegatingMethodAccessorImpl.java:43)
	at java.base/java.lang.reflect.Method.invoke(Method.java:566)
	at org.junit.runners.model.FrameworkMethod$1.runReflectiveCall(FrameworkMethod.java:44)
	at org.junit.internal.runners.model.ReflectiveCallable.run(ReflectiveCallable.java:15)
	at org.junit.runners.model.FrameworkMethod.invokeExplosively(FrameworkMethod.java:41)
	at junitparams.internal.InvokeParameterisedMethod.evaluate(InvokeParameterisedMethod.java:102)
	at org.junit.internal.runners.statements.FailOnTimeout$1.run(FailOnTimeout.java:28)
Caused by: ptolemy.kernel.util.IllegalActionException: Found a zero delay loop containing .dependencyLoop.original
  in .dependencyLoop and .dependencyLoop.original
	at ptolemy.actor.util.CausalityInterfaceForComposites._computeOutputPortDepth(CausalityInterfaceForComposites.java:759)
	at ptolemy.actor.util.CausalityInterfaceForComposites._computeInputDepth(CausalityInterfaceForComposites.java:696)
	at ptolemy.actor.util.CausalityInterfaceForComposites._computeOutputPortDepth(CausalityInterfaceForComposites.java:765)
	at ptolemy.actor.util.CausalityInterfaceForComposites._computeInputDepth(CausalityInterfaceForComposites.java:696)
	at ptolemy.actor.util.CausalityInterfaceForComposites._computeOutputPortDepth(CausalityInterfaceForComposites.java:765)
	at ptolemy.actor.util.CausalityInterfaceForComposites._computeInputDepth(CausalityInterfaceForComposites.java:696)
	at ptolemy.actor.util.CausalityInterfaceForComposites._computeActorDepth(CausalityInterfaceForComposites.java:532)
	at ptolemy.actor.util.CausalityInterfaceForComposites.checkForCycles(CausalityInterfaceForComposites.java:96)
	at ptolemy.domains.de.kernel.DEDirector.preinitialize(DEDirector.java:1338)
	at ptolemy.actor.CompositeActor.preinitialize(CompositeActor.java:1828)
	at ptolemy.actor.Manager.preinitializeAndResolveTypes(Manager.java:1040)
	at ptolemy.actor.Manager.initialize(Manager.java:710)
	at ptolemy.actor.Manager.execute(Manager.java:356)
	at ptolemy.actor.Manager.run(Manager.java:1263)
	at ptolemy.actor.Manager$PtolemyRunThread.run(Manager.java:1933)
java.lang.RuntimeException: Execution failed
	at ptolemy.moml.MoMLSimpleApplication$UnloadThread.run(MoMLSimpleApplication.java:402)
Caused by: ptolemy.kernel.util.IllegalActionException: Found a zero delay loop containing .dependencyLoop2.original
  in .dependencyLoop2 and .dependencyLoop2.original
	at ptolemy.actor.util.CausalityInterfaceForComposites._computeOutputPortDepth(CausalityInterfaceForComposites.java:759)
	at ptolemy.actor.util.CausalityInterfaceForComposites._computeInputDepth(CausalityInterfaceForComposites.java:696)
	at ptolemy.actor.util.CausalityInterfaceForComposites._computeOutputPortDepth(CausalityInterfaceForComposites.java:765)
	at ptolemy.actor.util.CausalityInterfaceForComposites._computeInputDepth(CausalityInterfaceForComposites.java:696)
	at ptolemy.actor.util.CausalityInterfaceForComposites._computeOutputPortDepth(CausalityInterfaceForComposites.java:765)
	at ptolemy.actor.util.CausalityInterfaceForComposites._computeInputDepth(CausalityInterfaceForComposites.java:696)
	at ptolemy.actor.util.CausalityInterfaceForComposites._computeActorDepth(CausalityInterfaceForComposites.java:532)
	at ptolemy.actor.util.CausalityInterfaceForComposites.checkForCycles(CausalityInterfaceForComposites.java:96)
	at ptolemy.domains.de.kernel.DEDirector.preinitialize(DEDirector.java:1338)
	at ptolemy.actor.CompositeActor.preinitialize(CompositeActor.java:1828)
	at ptolemy.actor.Manager.preinitializeAndResolveTypes(Manager.java:1040)
	at ptolemy.actor.Manager.initialize(Manager.java:710)
	at ptolemy.actor.Manager.execute(Manager.java:356)
	at ptolemy.actor.Manager.run(Manager.java:1263)
	at ptolemy.actor.Manager$PtolemyRunThread.run(Manager.java:1933)
java.lang.reflect.InvocationTargetException
	at java.base/jdk.internal.reflect.NativeConstructorAccessorImpl.newInstance0(Native Method)
	at java.base/jdk.internal.reflect.NativeConstructorAccessorImpl.newInstance(NativeConstructorAccessorImpl.java:62)
	at java.base/jdk.internal.reflect.DelegatingConstructorAccessorImpl.newInstance(DelegatingConstructorAccessorImpl.java:45)
	at java.base/java.lang.reflect.Constructor.newInstance(Constructor.java:490)
	at ptolemy.util.test.junit.AutoKnownFailedTests.RunModel(AutoKnownFailedTests.java:105)
	at java.base/jdk.internal.reflect.NativeMethodAccessorImpl.invoke0(Native Method)
	at java.base/jdk.internal.reflect.NativeMethodAccessorImpl.invoke(NativeMethodAccessorImpl.java:62)
	at java.base/jdk.internal.reflect.DelegatingMethodAccessorImpl.invoke(DelegatingMethodAccessorImpl.java:43)
	at java.base/java.lang.reflect.Method.invoke(Method.java:566)
	at org.junit.runners.model.FrameworkMethod$1.runReflectiveCall(FrameworkMethod.java:44)
	at org.junit.internal.runners.model.ReflectiveCallable.run(ReflectiveCallable.java:15)
	at org.junit.runners.model.FrameworkMethod.invokeExplosively(FrameworkMethod.java:41)
	at junitparams.internal.InvokeParameterisedMethod.evaluate(InvokeParameterisedMethod.java:102)
	at org.junit.internal.runners.statements.FailOnTimeout$1.run(FailOnTimeout.java:28)
Caused by: ptolemy.kernel.util.IllegalActionException: Found a zero delay loop containing .dependencyLoop2.original
  in .dependencyLoop2 and .dependencyLoop2.original
	at ptolemy.actor.util.CausalityInterfaceForComposites._computeOutputPortDepth(CausalityInterfaceForComposites.java:759)
	at ptolemy.actor.util.CausalityInterfaceForComposites._computeInputDepth(CausalityInterfaceForComposites.java:696)
	at ptolemy.actor.util.CausalityInterfaceForComposites._computeOutputPortDepth(CausalityInterfaceForComposites.java:765)
	at ptolemy.actor.util.CausalityInterfaceForComposites._computeInputDepth(CausalityInterfaceForComposites.java:696)
	at ptolemy.actor.util.CausalityInterfaceForComposites._computeOutputPortDepth(CausalityInterfaceForComposites.java:765)
	at ptolemy.actor.util.CausalityInterfaceForComposites._computeInputDepth(CausalityInterfaceForComposites.java:696)
	at ptolemy.actor.util.CausalityInterfaceForComposites._computeActorDepth(CausalityInterfaceForComposites.java:532)
	at ptolemy.actor.util.CausalityInterfaceForComposites.checkForCycles(CausalityInterfaceForComposites.java:96)
	at ptolemy.domains.de.kernel.DEDirector.preinitialize(DEDirector.java:1338)
	at ptolemy.actor.CompositeActor.preinitialize(CompositeActor.java:1828)
	at ptolemy.actor.Manager.preinitializeAndResolveTypes(Manager.java:1040)
	at ptolemy.actor.Manager.initialize(Manager.java:710)
	at ptolemy.actor.Manager.execute(Manager.java:356)
	at ptolemy.actor.Manager.run(Manager.java:1263)
	at ptolemy.actor.Manager$PtolemyRunThread.run(Manager.java:1933)
]]></system-err>
</testsuite>
