<?xml version="1.0" encoding="UTF-8" ?>
<testsuite errors="1" failures="0" hostname="travis-job-809b2911-01d5-4df3-a092-126e25e97cbc" name="ptolemy.actor.lib.test.junit.JUnitTclTest" skipped="0" tests="517" time="58.916" timestamp="2020-05-09T14:19:49">
  <properties>
    <property name="npm.executable" value="npm" />
    <property name="env.TRAVIS_ROOT" value="/" />
    <property name="ptII.mk.exists" value="true" />
    <property name="env.TRAVIS_APP_HOST" value="build.travis-ci.org" />
    <property name="env.rvm_bin_path" value="/home/travis/.rvm/bin" />
    <property name="java.home" value="/usr/local/lib/jvm/openjdk11" />
    <property name="env.TRAVIS_JOB_NUMBER" value="1626.8" />
    <property name="env.TRAVIS_HOME" value="/home/travis" />
    <property name="env.DISPLAY" value=":99.0" />
    <property name="env.TRAVIS_INIT" value="systemd" />
    <property name="env.SSH_TTY" value="/dev/pts/0" />
    <property name="java.net.preferIPv4Stack" value="true" />
    <property name="env.RUN_TESTS" value="true" />
    <property name="timeout.short" value="1000000" />
    <property name="junit.formatter" value="xml" />
    <property name="env.TRAVIS_SUDO" value="true" />
    <property name="env.TRAVIS_JOB_NAME" value="" />
    <property name="env.TRAVIS_STACK_NODE_ATTRIBUTES" value="/.node-attributes.yml" />
    <property name="env.LOGNAME" value="travis" />
    <property name="env.PT_TRAVIS_TEST_CORE1_XML" value="true" />
    <property name="jsdoc.home" value="node_modules/@terraswarm/jsdoc" />
    <property name="debuglevel" value="source,lines,vars" />
    <property name="checkstyle.formatter" value="xml" />
    <property name="env._system_version" value="16.04" />
    <property name="bin.vergil.makeable" value="true" />
    <property name="sun.os.patch.level" value="unknown" />
    <property name="java.vendor.url" value="http://java.oracle.com/" />
    <property name="env.TRAVIS_BUILD_WEB_URL" value="https://travis-ci.org/icyphy/ptII/builds/685052140" />
    <property name="java.version" value="11.0.2" />
    <property name="env.TZ" value="UTC" />
    <property name="env.TRAVIS_PULL_REQUEST_SHA" value="" />
    <property name="env.PT_NO_NET" value="true" />
    <property name="env.TRAVIS_SECURE_ENV_VARS" value="true" />
    <property name="env._system_type" value="Linux" />
    <property name="java.vendor.url.bug" value="http://bugreport.java.com/bugreport/" />
    <property name="npmjs-org-is-up" value="true" />
    <property name="env.LANGUAGE" value="en_US.UTF-8" />
    <property name="env.SSH_CLIENT" value="10.16.2.78 48716 22" />
    <property name="env.GEM_HOME" value="/home/travis/.rvm/gems/ruby-2.5.3" />
    <property name="env.HAS_ANTARES_THREE_LITTLE_FRONZIES_BADGE" value="true" />
    <property name="java.version.date" value="2019-01-15" />
    <property name="env.PS4" value="+" />
    <property name="ant.project.invoked-targets" value="build,test.core1.xml" />
    <property name="env.TRAVIS_PULL_REQUEST_BRANCH" value="" />
    <property name="env.TRAVIS_REPO_SLUG" value="icyphy/ptII" />
    <property name="env.XDG_DATA_DIRS" value="/usr/local/share:/usr/share:/var/lib/snapd/desktop" />
    <property name="jdk.debug" value="release" />
    <property name="env.TRAVIS_APT_PROXY" value="http://build-cache.travisci.net" />
    <property name="env.TRAVIS_CPU_ARCH" value="amd64" />
    <property name="node.in.path" value="true" />
    <property name="user.name" value="travis" />
    <property name="java.maxmemory" value="1400m" />
    <property name="env.RUBY_VERSION" value="ruby-2.5.3" />
    <property name="env.LANG" value="en_US.UTF-8" />
    <property name="sun.io.unicode.encoding" value="UnicodeLittle" />
    <property name="sun.jnu.encoding" value="UTF-8" />
    <property name="java.runtime.name" value="OpenJDK Runtime Environment" />
    <property name="usefile" value="false" />
    <property name="return.code" value="0" />
    <property name="junit.single.formatter" value="plain" />
    <property name="env.DYLD_LIBRARY_PATH" value="/home/travis/pthla/certi-tools/lib:" />
    <property name="env.DEBIAN_FRONTEND" value="noninteractive" />
    <property name="env.SSH_CONNECTION" value="10.16.2.78 48716 10.20.0.28 22" />
    <property name="env.MYSQL_UNIX_PORT" value="/var/run/mysqld/mysqld.sock" />
    <property name="env.LC_ALL" value="en_US.UTF-8" />
    <property name="env.TRAVIS_ALLOW_FAILURE" value="" />
    <property name="env.TRAVIS_JOB_WEB_URL" value="https://travis-ci.org/icyphy/ptII/jobs/685052151" />
    <property name="java.specification.name" value="Java Platform API Specification" />
    <property name="node.works" value="true" />
    <property name="user.timezone" value="" />
    <property name="path.separator" value=":" />
    <property name="env.TRAVIS_ENABLE_INFRA_DETECTION" value="true" />
    <property name="env.PYTHON_CFLAGS" value="-g -fstack-protector --param=ssp-buffer-size=4 -Wformat -Werror=format-security" />
    <property name="timeout.long" value="4000000" />
    <property name="env.CERTI_HOME" value="/home/travis/pthla/certi-tools" />
    <property name="ant.file.ptII" value="/home/travis/build/icyphy/ptII/build.xml" />
    <property name="javadoc.packagenames" value="com.*,diva.*,lbnl.*,org.hlacerti.*,org.json.*,org.ptolemy.*,org.terraswarm.*,ptolemy.*,ptserver.*" />
    <property name="file.encoding" value="UTF-8" />
    <property name="env.TRAVIS_PULL_REQUEST_SLUG" value="" />
    <property name="ant.project.default-target" value="build" />
    <property name="env.GIT_ASKPASS" value="echo" />
    <property name="env.HOME" value="/home/travis" />
    <property name="sun.java.command" value="org.apache.tools.ant.taskdefs.optional.junit.JUnitTestRunner ptolemy.actor.lib.test.junit.JUnitTclTest skipNonTests=false filtertrace=true haltOnError=false haltOnFailure=false formatter=org.apache.tools.ant.taskdefs.optional.junit.OutErrSummaryJUnitResultFormatter showoutput=true outputtoformatters=true logfailedtests=true threadid=0 logtestlistenerevents=false formatter=org.apache.tools.ant.taskdefs.optional.junit.XMLJUnitResultFormatter,/home/travis/build/icyphy/ptII/reports/junit/TEST-ptolemy.actor.lib.test.junit.JUnitTclTest.xml crashfile=/home/travis/build/icyphy/ptII/junitvmwatcher14915103149963116527.properties propsfile=/home/travis/build/icyphy/ptII/junit16975169473574426584.properties" />
    <property name="env.COMPOSER_NO_INTERACTION" value="1" />
    <property name="env.MANPATH" value="/home/travis/.nvm/versions/node/v7.10.1/share/man:/home/travis/.rvm/rubies/ruby-2.5.3/share/man:/usr/local/cmake-3.12.4/man:/usr/local/clang-7.0.0/share/man:/usr/local/man:/usr/local/share/man:/usr/share/man:/home/travis/.rvm/man" />
    <property name="env.TRAVIS_TIMER_ID" value="05685755" />
    <property name="ant.file" value="/home/travis/build/icyphy/ptII/build.xml" />
    <property name="env.TRAVIS_COMMIT_RANGE" value="3e950cfe0f3c004454147d0a7dfedd7f8d8e77cc...52bfcaaec950ad6b43d11ffdb9cd3f924b0c1f76" />
    <property name="env._system_name" value="Ubuntu" />
    <property name="ptII.classpath.optional.property" value="/home/travis/build/icyphy/ptII/lib/bsh-2.0b4.jar:/home/travis/build/icyphy/ptII/lib/ptCal.jar:/home/travis/build/icyphy/ptII/lib/java_cup.jar:/home/travis/build/icyphy/ptII/lib/saxon8.jar:/home/travis/build/icyphy/ptII/lib/saxon8-dom.jar:/home/travis/build/icyphy/ptII/lib/chic.jar:/home/travis/build/icyphy/ptII/lib/ptcolt.jar:/home/travis/build/icyphy/ptII/vendors/misc/itext/iText.jar:/home/travis/build/icyphy/ptII/lib/g4ltl.jar:/home/travis/build/icyphy/ptII/lib/StructuralCoder.jar:/home/travis/build/icyphy/ptII/lib/jcerti.jar:/home/travis/build/icyphy/ptII/lib/javax.mail.jar:/home/travis/build/icyphy/ptII/vendors/JMF-2.1.1e/lib/jmf.jar:/home/travis/build/icyphy/ptII/lib/jna-4.0.0-variadic.jar:/home/travis/build/icyphy/ptII/vendors/misc/joystick/Joystick.jar:/home/travis/build/icyphy/ptII/lib/ptjacl.jar:/home/travis/build/icyphy/ptII/lib/jsoup-1.8.2.jar:/home/travis/build/icyphy/ptII/lib/junit-4.8.2.jar:/home/travis/build/icyphy/ptII/lib/JUnitParams-0.4.0.jar:/home/travis/build/icyphy/ptII/ptolemy/actor/lib/excel/jxl.jar:/home/travis/build/icyphy/ptII/lib/jython.jar:/home/travis/build/icyphy/ptII/lib/kieler.jar:/home/travis/build/icyphy/ptII/vendors/opencv/share/OpenCV/java/opencv-341.jar:/home/travis/build/icyphy/ptII/lib/oscP5.jar:/home/travis/build/icyphy/ptII/lib/nrjavaserial-3.11.0.devel.jar:/home/travis/build/icyphy/ptII/vendors/j3d/lib/Linux/j3dcore.jar:/home/travis/build/icyphy/ptII/vendors/j3d/lib/Linux/j3dutils.jar:/home/travis/build/icyphy/ptII/vendors/j3d/lib/Linux/vecmath.jar:/home/travis/build/icyphy/ptII/vendors/jogl/lib/Linux/gluegen-rt-natives-linux-amd64.jar:/home/travis/build/icyphy/ptII/vendors/jogl/lib/Linux/gluegen-rt.jar:/home/travis/build/icyphy/ptII/vendors/jogl/lib/Linux/jogl-all-natives-linux-amd64.jar:/home/travis/build/icyphy/ptII/vendors/jogl/lib/Linux/jogl-all.jar:/home/travis/build/icyphy/ptII/ptolemy/distributed/jini/jar/jini-core.jar:/home/travis/build/icyphy/ptII/ptolemy/distributed/jini/jar/jini-ext.jar:/home/travis/build/icyphy/ptII/ptolemy/distributed/jini/jar/sun-util.jar:/home/travis/build/icyphy/ptII/lib/protobuf-java-2.4.1.jar:/home/travis/build/icyphy/ptII/lib/org.eclipse.paho.client.mqttv3.jar:/home/travis/build/icyphy/ptII/lib/mapss.jar:/home/travis/build/icyphy/ptII/ptolemy/actor/ptalon/antlr/antlr.jar:/home/travis/build/icyphy/ptII/lib/JRI.jar:/home/travis/build/icyphy/ptII/lib/commons-lang-2.6.jar:/home/travis/build/icyphy/ptII/lib/commons-logging-1.1.1.jar:/home/travis/build/icyphy/ptII/lib/sootclasses.jar:/home/travis/build/icyphy/ptII/ptolemy/actor/lib/database/mysql-connector-java-5.1.6-bin.jar:/home/travis/build/icyphy/ptII/vendors/misc/sphinx4/sphinx4-data-5prealpha.jar:/home/travis/build/icyphy/ptII/vendors/misc/sphinx4/sphinx4-core-5prealpha.jar:/home/travis/build/icyphy/ptII/lib/PDFRenderer.jar:/home/travis/build/icyphy/ptII/lib/svgSalamander.jar:/home/travis/build/icyphy/ptII/lib/rsyntaxtextarea-2.6.0-SNAPSHOT.jar:/home/travis/build/icyphy/ptII/lib/hazelcast-3.8.2.jar:/home/travis/build/icyphy/ptII/lib/jackson-annotations-2.9.0.jar:/home/travis/build/icyphy/ptII/lib/jackson-core-2.9.3.jar:/home/travis/build/icyphy/ptII/lib/jackson-databind-2.9.3.jar:/home/travis/build/icyphy/ptII/lib/netty-buffer-4.1.19.Final.jar:/home/travis/build/icyphy/ptII/lib/netty-codec-4.1.19.Final.jar:/home/travis/build/icyphy/ptII/lib/netty-codec-dns-4.1.19.Final.jar:/home/travis/build/icyphy/ptII/lib/netty-codec-http-4.1.19.Final.jar:/home/travis/build/icyphy/ptII/lib/netty-codec-http2-4.1.19.Final.jar:/home/travis/build/icyphy/ptII/lib/netty-common-4.1.19.Final.jar:/home/travis/build/icyphy/ptII/lib/netty-handler-4.1.19.Final.jar:/home/travis/build/icyphy/ptII/lib/netty-resolver-4.1.19.Final.jar:/home/travis/build/icyphy/ptII/lib/netty-resolver-dns-4.1.19.Final.jar:/home/travis/build/icyphy/ptII/lib/netty-transport-4.1.19.Final.jar:/home/travis/build/icyphy/ptII/lib/vertx-codegen-3.5.1.jar:/home/travis/build/icyphy/ptII/lib/vertx-core-3.5.2-SNAPSHOT.jar:/home/travis/build/icyphy/ptII/lib/vertx-hazelcast-3.5.1.jar:/home/travis/build/icyphy/ptII/lib/vertx-lang-js-3.5.1.jar:/home/travis/build/icyphy/ptII/lib/vertx-service-proxy-3.5.1.jar:/home/travis/build/icyphy/ptII/lib/vertx-web-3.5.1.jar:/home/travis/build/icyphy/ptII/lib/slf4j-api-1.7.13.jar:/home/travis/build/icyphy/ptII/lib/slf4j-simple-1.7.13.jar:/home/travis/build/icyphy/ptII/lib/webcam-capture-0.3.12.jar:/home/travis/build/icyphy/ptII/lib/bridj-0.7.0.jar:/home/travis/build/icyphy/ptII/lib/xbjlib-1.1.0.nrjavaserial.jar" />
    <property name="timeout" value="2400000" />
    <property name="test.batch" value="**/junit/*.java" />
    <property name="env._" value="/usr/bin/timeout" />
    <property name="java.io.tmpdir" value="/tmp" />
    <property name="user.language" value="en" />
    <property name="env.TRAVIS_INTERNAL_RUBY_REGEX" value="^ruby-(2\.[0-4]\.[0-9]|1\.9\.3)" />
    <property name="env.HISTCONTROL" value="ignoredups:ignorespace" />
    <property name="env.GOROOT" value="/home/travis/.gimme/versions/go1.11.1.linux.amd64" />
    <property name="line.separator" value="&#xa;" />
    <property name="target" value="11" />
    <property name="env.TRAVIS_BUILD_DIR" value="/home/travis/build/icyphy/ptII" />
    <property name="env.ANT_OPTS" value="-Xmx2048m" />
    <property name="ant.file.type" value="file" />
    <property name="ptolemy.ptII.batchMode" value="true" />
    <property name="env.HISTSIZE" value="1000" />
    <property name="env.MERB_ENV" value="test" />
    <property name="java.vm.info" value="mixed mode" />
    <property name="source" value="11" />
    <property name="java.vm.specification.name" value="Java Virtual Machine Specification" />
    <property name="env.TRAVIS_TEST_RESULT" value="0" />
    <property name="jsdoc.command" value="node_modules/@terraswarm/jsdoc/jsdoc.js" />
    <property name="npm.works" value="true" />
    <property name="cobertura.dir" value="/home/travis/build/icyphy/ptII/vendors/cobertura-2.0.3" />
    <property name="jsdoc.command.exists" value="true" />
    <property name="env.rvm_path" value="/home/travis/.rvm" />
    <property name="env.GEM_PATH" value="/home/travis/.rvm/gems/ruby-2.5.3:/home/travis/.rvm/gems/ruby-2.5.3@global" />
    <property name="env.LC_CTYPE" value="en_US.UTF-8" />
    <property name="env.TRAVIS_CMD" value="$PTII/bin/ptIITravisBuild.sh $SECONDS" />
    <property name="java.awt.printerjob" value="sun.print.PSPrinterJob" />
    <property name="env.TRAVIS_STACK_NAME" value="sardonyx" />
    <property name="env.TRAVIS_TIMER_START_TIME" value="1589033418238704402" />
    <property name="ant.version" value="Apache Ant(TM) version 1.10.1 compiled on February 2 2017" />
    <property name="ptII.reports" value="/home/travis/build/icyphy/ptII/reports" />
    <property name="env.TRAVIS_STACK_TIMESTAMP" value="2019-03-25 16:16:56 UTC" />
    <property name="ant.file.type.ptII" value="file" />
    <property name="env.RBENV_SHELL" value="bash" />
    <property name="os.name" value="Linux" />
    <property name="java.specification.vendor" value="Oracle Corporation" />
    <property name="env.rvm_version" value="1.29.7 (latest)" />
    <property name="env.TRAVIS_INFRA" value="unknown" />
    <property name="env.TERM" value="xterm" />
    <property name="java.vm.name" value="OpenJDK 64-Bit Server VM" />
    <property name="env.TRAVIS_BUILD_NUMBER" value="1626" />
    <property name="env.CI" value="true" />
    <property name="java.library.path" value="/home/travis/pthla/certi-tools/lib:/usr/lib/jni:/usr/local/share/OpenCV/java/:/usr/share/OpenCV/java::/usr/java/packages/lib:/usr/lib64:/lib64:/lib:/usr/lib" />
    <property name="jdk.module.path" value="/home/travis/build/icyphy/ptII/vendors/javafx/javafx-sdk-11.0.2/lib:" />
    <property name="env.rvm_prefix" value="/home/travis" />
    <property name="env.PATH" value="/home/travis/pthla/certi-tools/share/scripts:/home/travis/.rvm/gems/ruby-2.5.3/bin:/home/travis/.rvm/gems/ruby-2.5.3@global/bin:/home/travis/.rvm/rubies/ruby-2.5.3/bin:/home/travis/.rvm/bin:/home/travis/.nvm/versions/node/v7.10.1/bin:./node_modules/.bin:/home/travis/build/icyphy/ptII/bin:/home/travis/pthla/certi-tools/bin:/home/travis/bin:/home/travis/.local/bin:/usr/local/lib/jvm/openjdk11/bin:/opt/pyenv/shims:/home/travis/.phpenv/shims:/home/travis/perl5/perlbrew/bin:/home/travis/gopath/bin:/home/travis/.gimme/versions/go1.11.1.linux.amd64/bin:/usr/local/maven-3.6.0/bin:/usr/local/cmake-3.12.4/bin:/usr/local/clang-7.0.0/bin:/usr/local/sbin:/usr/local/bin:/usr/sbin:/usr/bin:/sbin:/bin:/snap/bin:/home/travis/.phpenv/bin:/opt/pyenv/bin:/home/travis/.yarn/bin" />
    <property name="env.TRAVIS_OS_NAME" value="linux" />
    <property name="ant.java.version" value="9" />
    <property name="basedir" value="/home/travis/build/icyphy/ptII" />
    <property name="java.class.version" value="55.0" />
    <property name="env.SHLVL" value="3" />
    <property name="env.LD_LIBRARY_PATH" value="/home/travis/pthla/certi-tools/lib:/usr/lib/jni:/usr/local/share/OpenCV/java/:/usr/share/OpenCV/java:" />
    <property name="env.RACK_ENV" value="test" />
    <property name="ant.home" value="/home/travis/build/icyphy/ptII/ant" />
    <property name="env.NVM_DIR" value="/home/travis/.nvm" />
    <property name="env.CERTI_FOM_PATH" value="/home/travis/pthla/certi-tools/share/federations" />
    <property name="env.TRAVIS_BUILD_ID" value="685052140" />
    <property name="env.PYENV_ROOT" value="/opt/pyenv" />
    <property name="env.TRAVIS_UID" value="2000" />
    <property name="prism.verbose" value="true" />
    <property name="env.NVM_BIN" value="/home/travis/.nvm/versions/node/v7.10.1/bin" />
    <property name="env.TRAVIS_COMMIT" value="52bfcaaec950ad6b43d11ffdb9cd3f924b0c1f76" />
    <property name="env._system_arch" value="x86_64" />
    <property name="node.executable" value="node" />
    <property name="sun.boot.library.path" value="/usr/local/lib/jvm/openjdk11/lib" />
    <property name="sun.management.compiler" value="HotSpot 64-Bit Tiered Compilers" />
    <property name="java.awt.graphicsenv" value="sun.awt.X11GraphicsEnvironment" />
    <property name="env.GOPATH" value="/home/travis/gopath" />
    <property name="ptolemy.ptII.dir" value="/home/travis/build/icyphy/ptII" />
    <property name="env.USER" value="travis" />
    <property name="env.HISTFILESIZE" value="2000" />
    <property name="env.NVM_INC" value="/home/travis/.nvm/versions/node/v7.10.1/include/node" />
    <property name="timeout.longest" value="19000000" />
    <property name="env.PERLBREW_SHELLRC_VERSION" value="0.86" />
    <property name="env.TRAVIS_STACK_FEATURES" value="basic couchdb disabled-ipv6 docker docker-compose elasticsearch firefox go-toolchain google-chrome jdk memcached mongodb mysql nodejs_interpreter perl_interpreter perlbrew phantomjs postgresql python_interpreter redis ruby_interpreter sqlite xserver" />
    <property name="env.TRAVIS_PULL_REQUEST" value="false" />
    <property name="env.PYENV_SHELL" value="bash" />
    <property name="ant.project.name" value="ptII" />
    <property name="env.ANSI_RESET" value="\033[0m" />
    <property name="java.vm.specification.version" value="11" />
    <property name="env.TRAVIS_DIST" value="xenial" />
    <property name="env.CERTI_VERSION" value="4.0.0" />
    <property name="env.CERTI_HOST" value="localhost" />
    <property name="awt.toolkit" value="sun.awt.X11.XToolkit" />
    <property name="env.MY_RUBY_HOME" value="/home/travis/.rvm/rubies/ruby-2.5.3" />
    <property name="sun.cpu.isalist" value="" />
    <property name="env.TRAVIS_TMPDIR" value="/tmp/tmp.oXlsb7xzqx" />
    <property name="java.vm.compressedOopsMode" value="Zero based" />
    <property name="os.version" value="4.15.0-1028-gcp" />
    <property name="user.home" value="/home/travis" />
    <property name="java.vm.vendor" value="Oracle Corporation" />
    <property name="env.TRAVIS_TAG" value="nightly" />
    <property name="env.ANSI_YELLOW" value="\033[33;1m" />
    <property name="env.TRAVIS_FILTERED" value="redirect_io" />
    <property name="env.ANSI_GREEN" value="\033[32;1m" />
    <property name="env.JAVA_HOME" value="/usr/local/lib/jvm/openjdk11" />
    <property name="javadoc.excludepackagenames" value="adm.cvs2svn.*,build.*,config.*,doc.coding.templates.*,jni.test.jni.meaningOfLife.*,jni.test.jni.testDeux.*,jni.test.jni.testTrois.*,org.terraswarm.accessor.accessors.web.node_modules.*,org.terraswarm.accessor.accessors.web.hosts.cordova.demo.*,org.terraswarm.accessor.accessors.web.hosts.cordova.plugins.*,org.terraswarm.accessor.accessors-svn.*,pt-modules.*,ptolemy.apps.agilent.*,ptolemy.apps.anytimecontrol.*,ptolemy.apps.apes.*,ptolemy.apps.charon.*,ptolemy.apps.crazyboard.*,ptolemy.apps.eclipse.*,ptolemy.apps.etherealSting.*,ptolemy.apps.fullscreen.*,ptolemy.apps.giotto.*,ptolemy.apps.ia.*,ptolemy.apps.interfaces.*,ptolemy.apps.jmf.*,ptolemy.apps.kurt.*,ptolemy.apps.kvm.*,ptolemy.apps.lego.*,ptolemy.apps.lejos.*,ptolemy.apps.midp.*,ptolemy.apps.mobileCoding.*,ptolemy.apps.pendulum.*,ptolemy.apps.rijndael.*,ptolemy.apps.robot.*,ptolemy.apps.security.*,ptolemy.apps.sobel.*,ptolemy.apps.soot.*,ptolemy.apps.throttle.*,ptolemy.apps.tini.*,ptolemy.apps.transmission.*,ptolemy.apps.vergil.*,ptolemy.apps.waba.*,ptolemy.apps.websensor.*,ptolemy.apps.webstart.*,ptolemy.apps.xsl.*,ptolemy.apps.zaurus.*,ptolemy.codegen.c.actor.lib.oldJavaFiles.*,ptolemy.codegen.dsp.lib.*,ptolemy.codegen.kernel.newInterfaces.*,ptolemy.codegen.lib.*,ptolemy.copernicus.kernel.fragment.*,ptolemy.copernicus.shallow.cg.*,ptolemy.domains.giotto.demo.Hierarchy.Hierarchy.*,ptolemy.domains.giotto.demo.Multimode.Multimode.*,ptolemy.domains.giotto.demo.Simple.Simple.*,ptolemy.domains.gr.lib.experimental.*,ptolemy.domains.gro.*,ptolemy.domains.pdf.*,ptolemy.domains.ptinyos.demo.Surge.output.*,ptolemy.moml.test.NoPackageActor.java*,ptolemy.plot.adm.*,ptolemy.plot.servlet.*,reports.*,signed.*,src.*,target.*,vendors.*,ptolemy.copernicus.applet.*,ptolemy.media.viewer.*,ptolemy.actor.corba.*,doc.doclets.*,ptolemy.apps.eclipse.awt.*,ptolemy.backtrack.*,ptolemy.backtrack.ast.*,ptolemy.cg.adapter.generic.program.procedural.c.mbed*,ptolemy.homer.*,ptolemy.actor.lib.jai.*,org.ptolemy.scala.*,diva.util.java2d.svg.*,ptolemy.domains.ptinyos.*,ptolemy.actor.lib.fmi.fmipp.*,,org.terraswarm.accessor.accessors.web.node_modules.*,org.terraswarm.accessor.accessors-svn,ptolemy.apps.*,ptolemy.actor.ptalon.demo.ptinyos.SendAndReceiveCnt.output,ptolemy.actor.ptalon.demo.ptinyos.SenseToLeds.output,ptolemy.domains.ptinyos.demo.CntToLedsAndRfm.output,ptolemy.domains.ptinyos.demo.RfmToLeds.output,ptolemy.domains.ptinyos.demo.SendAndReceiveCnt.output,ptolemy.domains.ptinyos.demo.SenseToLeds.output,ptolemy.actor.lib.jjs.modules.udpSocket.*" />
    <property name="env.PTII" value="/home/travis/build/icyphy/ptII" />
    <property name="env.XDG_SESSION_ID" value="2" />
    <property name="keystore" value="ptKeystore" />
    <property name="env.TRAVIS_COMMIT_MESSAGE" value="Updating models using array data type." />
    <property name="junit.output.dir" value="/home/travis/build/icyphy/ptII/reports/junit" />
    <property name="npm.return.code" value="0" />
    <property name="user.dir" value="/home/travis/build/icyphy/ptII/ptolemy/actor/lib/test" />
    <property name="env.TRAVIS_NODE_VERSION" value="7" />
    <property name="env.TRAVIS_EVENT_TYPE" value="cron" />
    <property name="env.MAIL" value="/var/mail/travis" />
    <property name="env.PERLBREW_ROOT" value="/home/travis/perl5/perlbrew" />
    <property name="env.PWD" value="/home/travis/build/icyphy/ptII" />
    <property name="timeout.npm" value="45000" />
    <property name="env.TRAVIS_ARCH" value="amd64" />
    <property name="sun.cpu.endian" value="little" />
    <property name="env.PAGER" value="cat" />
    <property name="env.TRAVIS_BUILD_STAGE_NAME" value="test" />
    <property name="env.PERLBREW_HOME" value="/home/travis/.perlbrew" />
    <property name="java.vm.version" value="11.0.2+9" />
    <property name="env.RAILS_ENV" value="test" />
    <property name="java.class.path" value="/home/travis/.ptolemyII:/home/travis/.ptolemyII/*:/home/travis/build/icyphy/ptII:/home/travis/build/icyphy/ptII/lib/bsh-2.0b4.jar:/home/travis/build/icyphy/ptII/lib/ptCal.jar:/home/travis/build/icyphy/ptII/lib/java_cup.jar:/home/travis/build/icyphy/ptII/lib/saxon8.jar:/home/travis/build/icyphy/ptII/lib/saxon8-dom.jar:/home/travis/build/icyphy/ptII/lib/chic.jar:/home/travis/build/icyphy/ptII/lib/ptcolt.jar:/home/travis/build/icyphy/ptII/vendors/misc/itext/iText.jar:/home/travis/build/icyphy/ptII/lib/g4ltl.jar:/home/travis/build/icyphy/ptII/lib/StructuralCoder.jar:/home/travis/build/icyphy/ptII/lib/jcerti.jar:/home/travis/build/icyphy/ptII/lib/javax.mail.jar:/home/travis/build/icyphy/ptII/vendors/JMF-2.1.1e/lib/jmf.jar:/home/travis/build/icyphy/ptII/lib/jna-4.0.0-variadic.jar:/home/travis/build/icyphy/ptII/vendors/misc/joystick/Joystick.jar:/home/travis/build/icyphy/ptII/lib/ptjacl.jar:/home/travis/build/icyphy/ptII/lib/jsoup-1.8.2.jar:/home/travis/build/icyphy/ptII/lib/junit-4.8.2.jar:/home/travis/build/icyphy/ptII/lib/JUnitParams-0.4.0.jar:/home/travis/build/icyphy/ptII/ptolemy/actor/lib/excel/jxl.jar:/home/travis/build/icyphy/ptII/lib/jython.jar:/home/travis/build/icyphy/ptII/lib/kieler.jar:/home/travis/build/icyphy/ptII/vendors/opencv/share/OpenCV/java/opencv-341.jar:/home/travis/build/icyphy/ptII/lib/oscP5.jar:/home/travis/build/icyphy/ptII/lib/nrjavaserial-3.11.0.devel.jar:/home/travis/build/icyphy/ptII/vendors/j3d/lib/Linux/j3dcore.jar:/home/travis/build/icyphy/ptII/vendors/j3d/lib/Linux/j3dutils.jar:/home/travis/build/icyphy/ptII/vendors/j3d/lib/Linux/vecmath.jar:/home/travis/build/icyphy/ptII/vendors/jogl/lib/Linux/gluegen-rt-natives-linux-amd64.jar:/home/travis/build/icyphy/ptII/vendors/jogl/lib/Linux/gluegen-rt.jar:/home/travis/build/icyphy/ptII/vendors/jogl/lib/Linux/jogl-all-natives-linux-amd64.jar:/home/travis/build/icyphy/ptII/vendors/jogl/lib/Linux/jogl-all.jar:/home/travis/build/icyphy/ptII/ptolemy/distributed/jini/jar/jini-core.jar:/home/travis/build/icyphy/ptII/ptolemy/distributed/jini/jar/jini-ext.jar:/home/travis/build/icyphy/ptII/ptolemy/distributed/jini/jar/sun-util.jar:/home/travis/build/icyphy/ptII/lib/protobuf-java-2.4.1.jar:/home/travis/build/icyphy/ptII/lib/org.eclipse.paho.client.mqttv3.jar:/home/travis/build/icyphy/ptII/lib/mapss.jar:/home/travis/build/icyphy/ptII/ptolemy/actor/ptalon/antlr/antlr.jar:/home/travis/build/icyphy/ptII/lib/JRI.jar:/home/travis/build/icyphy/ptII/lib/commons-lang-2.6.jar:/home/travis/build/icyphy/ptII/lib/commons-logging-1.1.1.jar:/home/travis/build/icyphy/ptII/lib/sootclasses.jar:/home/travis/build/icyphy/ptII/ptolemy/actor/lib/database/mysql-connector-java-5.1.6-bin.jar:/home/travis/build/icyphy/ptII/vendors/misc/sphinx4/sphinx4-data-5prealpha.jar:/home/travis/build/icyphy/ptII/vendors/misc/sphinx4/sphinx4-core-5prealpha.jar:/home/travis/build/icyphy/ptII/lib/PDFRenderer.jar:/home/travis/build/icyphy/ptII/lib/svgSalamander.jar:/home/travis/build/icyphy/ptII/lib/rsyntaxtextarea-2.6.0-SNAPSHOT.jar:/home/travis/build/icyphy/ptII/lib/hazelcast-3.8.2.jar:/home/travis/build/icyphy/ptII/lib/jackson-annotations-2.9.0.jar:/home/travis/build/icyphy/ptII/lib/jackson-core-2.9.3.jar:/home/travis/build/icyphy/ptII/lib/jackson-databind-2.9.3.jar:/home/travis/build/icyphy/ptII/lib/netty-buffer-4.1.19.Final.jar:/home/travis/build/icyphy/ptII/lib/netty-codec-4.1.19.Final.jar:/home/travis/build/icyphy/ptII/lib/netty-codec-dns-4.1.19.Final.jar:/home/travis/build/icyphy/ptII/lib/netty-codec-http-4.1.19.Final.jar:/home/travis/build/icyphy/ptII/lib/netty-codec-http2-4.1.19.Final.jar:/home/travis/build/icyphy/ptII/lib/netty-common-4.1.19.Final.jar:/home/travis/build/icyphy/ptII/lib/netty-handler-4.1.19.Final.jar:/home/travis/build/icyphy/ptII/lib/netty-resolver-4.1.19.Final.jar:/home/travis/build/icyphy/ptII/lib/netty-resolver-dns-4.1.19.Final.jar:/home/travis/build/icyphy/ptII/lib/netty-transport-4.1.19.Final.jar:/home/travis/build/icyphy/ptII/lib/vertx-codegen-3.5.1.jar:/home/travis/build/icyphy/ptII/lib/vertx-core-3.5.2-SNAPSHOT.jar:/home/travis/build/icyphy/ptII/lib/vertx-hazelcast-3.5.1.jar:/home/travis/build/icyphy/ptII/lib/vertx-lang-js-3.5.1.jar:/home/travis/build/icyphy/ptII/lib/vertx-service-proxy-3.5.1.jar:/home/travis/build/icyphy/ptII/lib/vertx-web-3.5.1.jar:/home/travis/build/icyphy/ptII/lib/slf4j-api-1.7.13.jar:/home/travis/build/icyphy/ptII/lib/slf4j-simple-1.7.13.jar:/home/travis/build/icyphy/ptII/lib/webcam-capture-0.3.12.jar:/home/travis/build/icyphy/ptII/lib/bridj-0.7.0.jar:/home/travis/build/icyphy/ptII/lib/xbjlib-1.1.0.nrjavaserial.jar:/home/travis/build/icyphy/ptII/ptolemy/moml/test:/home/travis/build/icyphy/ptII/ant/lib/ant-launcher.jar:/home/travis/build/icyphy/ptII/ant/lib/ant.jar:/home/travis/build/icyphy/ptII/ant/lib/ant-junit.jar:/home/travis/build/icyphy/ptII/ant/lib/ant-junit4.jar" />
    <property name="ant.library.dir" value="/home/travis/build/icyphy/ptII/ant/lib" />
    <property name="os.arch" value="amd64" />
    <property name="env.CONTINUOUS_INTEGRATION" value="true" />
    <property name="env.TRAVIS_LANGUAGE" value="node_js" />
    <property name="env.TRAVIS_STACK_LANGUAGES" value="__sardonyx__ c c++ clojure cplusplus cpp default generic go groovy java node_js php pure_java python ruby scala" />
    <property name="test.name" value="ptolemy.actor.lib.test.junit.JUnitTclTest" />
    <property name="env.APT_KEY_DONT_WARN_ON_DANGEROUS_USAGE" value="1" />
    <property name="sun.java.launcher" value="SUN_STANDARD" />
    <property name="env.PYTHON_CONFIGURE_OPTS" value="--enable-unicode=ucs4 --with-wide-unicode --enable-shared --enable-ipv6 --enable-loadable-sqlite-extensions --with-computed-gotos" />
    <property name="ant.core.lib" value="/home/travis/build/icyphy/ptII/ant/lib/ant.jar" />
    <property name="java.vm.specification.vendor" value="Oracle Corporation" />
    <property name="env.BCVTB_HOME" value="/home/travis/build/icyphy/ptII/lbnl" />
    <property name="file.separator" value="/" />
    <property name="spotbugs.home" value="/home/travis/build/icyphy/ptII/vendors/spotbugs-3.1.1" />
    <property name="java.runtime.version" value="11.0.2+9" />
    <property name="env.ANSI_CLEAR" value="\033[0K" />
    <property name="javafx.verbose" value="true" />
    <property name="env.HAS_JOSH_K_SEAL_OF_APPROVAL" value="true" />
    <property name="env.XDG_RUNTIME_DIR" value="/run/user/2000" />
    <property name="env.TRAVIS_OSX_IMAGE" value="" />
    <property name="env.TRAVIS_JOB_ID" value="685052151" />
    <property name="env.TRAVIS_BRANCH" value="master" />
    <property name="user.country" value="US" />
    <property name="env.CERTI_HOME_TRAVIS" value="/home/travis/pthla/certi-tools" />
    <property name="env.SHELL" value="/bin/bash" />
    <property name="java.maxmemory.large" value="3200m" />
    <property name="model" value="" />
    <property name="env.CASHER_DIR" value="/home/travis/.casher" />
    <property name="env.NVM_CD_FLAGS" value="" />
    <property name="java.vendor.version" value="18.9" />
    <property name="jshint.executable" value="/home/travis/node_modules/jshint/bin/jshint" />
    <property name="env.JRUBY_OPTS" value=" --client -J-XX:+TieredCompilation -J-XX:TieredStopAtLevel=1 -J-Xss2m -Xcompile.invokedynamic=false" />
    <property name="java.vendor" value="Oracle Corporation" />
    <property name="env.TRAVIS_PRE_CHEF_BOOTSTRAP_TIME" value="2019-03-25T16:16:42" />
    <property name="env.TRAVIS_STACK_JOB_BOARD_REGISTER" value="/.job-board-register.yml" />
    <property name="env.ANSI_RED" value="\033[31;1m" />
    <property name="java.specification.version" value="11" />
    <property name="env.IRBRC" value="/home/travis/.rvm/rubies/ruby-2.5.3/.irbrc" />
    <property name="env.TRAVIS" value="true" />
    <property name="sun.arch.data.model" value="64" />
  </properties>
  <testcase classname="ptolemy.util.test.junit.TclTests" name="[0] /home/travis/build/icyphy/ptII/ptolemy/actor/lib/test/AbsoluteValue.tcl (RunTclFile)" time="0.512" />
  <testcase classname="ptolemy.util.test.junit.TclTests" name="[1] /home/travis/build/icyphy/ptII/ptolemy/actor/lib/test/AddSubtract.tcl (RunTclFile)" time="0.176" />
  <testcase classname="ptolemy.util.test.junit.TclTests" name="[2] /home/travis/build/icyphy/ptII/ptolemy/actor/lib/test/Average.tcl (RunTclFile)" time="0.061" />
  <testcase classname="ptolemy.util.test.junit.TclTests" name="[3] /home/travis/build/icyphy/ptII/ptolemy/actor/lib/test/Bernoulli.tcl (RunTclFile)" time="0.033" />
  <testcase classname="ptolemy.util.test.junit.TclTests" name="[4] /home/travis/build/icyphy/ptII/ptolemy/actor/lib/test/Clock.tcl (RunTclFile)" time="0.072" />
  <testcase classname="ptolemy.util.test.junit.TclTests" name="[5] /home/travis/build/icyphy/ptII/ptolemy/actor/lib/test/Commutator.tcl (RunTclFile)" time="0.087" />
  <testcase classname="ptolemy.util.test.junit.TclTests" name="[6] /home/travis/build/icyphy/ptII/ptolemy/actor/lib/test/Const.tcl (RunTclFile)" time="0.061" />
  <testcase classname="ptolemy.util.test.junit.TclTests" name="[7] /home/travis/build/icyphy/ptII/ptolemy/actor/lib/test/CurrentTime.tcl (RunTclFile)" time="0.018" />
  <testcase classname="ptolemy.util.test.junit.TclTests" name="[8] /home/travis/build/icyphy/ptII/ptolemy/actor/lib/test/DB.tcl (RunTclFile)" time="0.019" />
  <testcase classname="ptolemy.util.test.junit.TclTests" name="[9] /home/travis/build/icyphy/ptII/ptolemy/actor/lib/test/DiscreteRandomSource.tcl (RunTclFile)" time="0.022" />
  <testcase classname="ptolemy.util.test.junit.TclTests" name="[10] /home/travis/build/icyphy/ptII/ptolemy/actor/lib/test/Distributor.tcl (RunTclFile)" time="0.089" />
  <testcase classname="ptolemy.util.test.junit.TclTests" name="[11] /home/travis/build/icyphy/ptII/ptolemy/actor/lib/test/Exit.tcl (RunTclFile)" time="0.081" />
  <testcase classname="ptolemy.util.test.junit.TclTests" name="[12] /home/travis/build/icyphy/ptII/ptolemy/actor/lib/test/Expression.tcl (RunTclFile)" time="0.058" />
  <testcase classname="ptolemy.util.test.junit.TclTests" name="[13] /home/travis/build/icyphy/ptII/ptolemy/actor/lib/test/Gaussian.tcl (RunTclFile)" time="0.171" />
  <testcase classname="ptolemy.util.test.junit.TclTests" name="[14] /home/travis/build/icyphy/ptII/ptolemy/actor/lib/test/IIR.tcl (RunTclFile)" time="0.037" />
  <testcase classname="ptolemy.util.test.junit.TclTests" name="[15] /home/travis/build/icyphy/ptII/ptolemy/actor/lib/test/Interpolator.tcl (RunTclFile)" time="0.089" />
  <testcase classname="ptolemy.util.test.junit.TclTests" name="[16] /home/travis/build/icyphy/ptII/ptolemy/actor/lib/test/MathFunction.tcl (RunTclFile)" time="0.037" />
  <testcase classname="ptolemy.util.test.junit.TclTests" name="[17] /home/travis/build/icyphy/ptII/ptolemy/actor/lib/test/Maximum.tcl (RunTclFile)" time="0.026" />
  <testcase classname="ptolemy.util.test.junit.TclTests" name="[18] /home/travis/build/icyphy/ptII/ptolemy/actor/lib/test/Minimum.tcl (RunTclFile)" time="0.035" />
  <testcase classname="ptolemy.util.test.junit.TclTests" name="[19] /home/travis/build/icyphy/ptII/ptolemy/actor/lib/test/MultiplyDivide.tcl (RunTclFile)" time="0.026" />
  <testcase classname="ptolemy.util.test.junit.TclTests" name="[20] /home/travis/build/icyphy/ptII/ptolemy/actor/lib/test/OrderedMerge.tcl (RunTclFile)" time="0.107" />
  <testcase classname="ptolemy.util.test.junit.TclTests" name="[21] /home/travis/build/icyphy/ptII/ptolemy/actor/lib/test/Publisher.tcl (RunTclFile)" time="0.586" />
  <testcase classname="ptolemy.util.test.junit.TclTests" name="[22] /home/travis/build/icyphy/ptII/ptolemy/actor/lib/test/Pulse.tcl (RunTclFile)" time="0.041" />
  <testcase classname="ptolemy.util.test.junit.TclTests" name="[23] /home/travis/build/icyphy/ptII/ptolemy/actor/lib/test/Ramp.tcl (RunTclFile)" time="1.864" />
  <testcase classname="ptolemy.util.test.junit.TclTests" name="[24] /home/travis/build/icyphy/ptII/ptolemy/actor/lib/test/RampContinuous.tcl (RunTclFile)" time="0.017" />
  <testcase classname="ptolemy.util.test.junit.TclTests" name="[25] /home/travis/build/icyphy/ptII/ptolemy/actor/lib/test/RecordAssembler.tcl (RunTclFile)" time="0.015" />
  <testcase classname="ptolemy.util.test.junit.TclTests" name="[26] /home/travis/build/icyphy/ptII/ptolemy/actor/lib/test/RecordDisassembler.tcl (RunTclFile)" time="0.029" />
  <testcase classname="ptolemy.util.test.junit.TclTests" name="[27] /home/travis/build/icyphy/ptII/ptolemy/actor/lib/test/Scale.tcl (RunTclFile)" time="0.038" />
  <testcase classname="ptolemy.util.test.junit.TclTests" name="[28] /home/travis/build/icyphy/ptII/ptolemy/actor/lib/test/SequentialClock.tcl (RunTclFile)" time="0.01" />
  <testcase classname="ptolemy.util.test.junit.TclTests" name="[29] /home/travis/build/icyphy/ptII/ptolemy/actor/lib/test/SetVariable.tcl (RunTclFile)" time="0.008" />
  <testcase classname="ptolemy.util.test.junit.TclTests" name="[30] /home/travis/build/icyphy/ptII/ptolemy/actor/lib/test/Sinewave.tcl (RunTclFile)" time="0.024" />
  <testcase classname="ptolemy.util.test.junit.TclTests" name="[31] /home/travis/build/icyphy/ptII/ptolemy/actor/lib/test/SubscriptionAggregator.tcl (RunTclFile)" time="1.994" />
  <testcase classname="ptolemy.util.test.junit.TclTests" name="[32] /home/travis/build/icyphy/ptII/ptolemy/actor/lib/test/Test.tcl (RunTclFile)" time="0.099" />
  <testcase classname="ptolemy.util.test.junit.TclTests" name="[33] /home/travis/build/icyphy/ptII/ptolemy/actor/lib/test/TestExceptionHandler.tcl (RunTclFile)" time="0.011" />
  <testcase classname="ptolemy.util.test.junit.TclTests" name="[34] /home/travis/build/icyphy/ptII/ptolemy/actor/lib/test/UnionDisassembler.tcl (RunTclFile)" time="0.067" />
  <testcase classname="ptolemy.util.test.junit.TclTests" name="[35] /home/travis/build/icyphy/ptII/ptolemy/actor/lib/test/VariableClock.tcl (RunTclFile)" time="0.015" />
  <testcase classname="ptolemy.util.test.junit.AutoKnownFailedTests" name="[0] /home/travis/build/icyphy/ptII/ptolemy/actor/lib/test/auto/knownFailedTests/PublisherPortToplevelSubscriber.xml (RunModel)" time="0.024" />
  <testcase classname="ptolemy.util.test.junit.AutoKnownFailedTests" name="[1] /home/travis/build/icyphy/ptII/ptolemy/actor/lib/test/auto/knownFailedTests/PublisherSubscriberPortToplevel.xml (RunModel)" time="0.016" />
  <testcase classname="ptolemy.util.test.junit.AutoKnownFailedTests" name="[2] /home/travis/build/icyphy/ptII/ptolemy/actor/lib/test/auto/knownFailedTests/PublisherSubscriptionAggregatorPort.xml (RunModel)" time="0.022" />
  <testcase classname="ptolemy.util.test.junit.AutoKnownFailedTests" name="[3] /home/travis/build/icyphy/ptII/ptolemy/actor/lib/test/auto/knownFailedTests/sizedarray3.xml (RunModel)" time="0.019" />
  <testcase classname="ptolemy.util.test.junit.AutoNameArchTests" name="[0] ThereAreNoAutoArchTests (RunModel)" time="0.003" />
  <testcase classname="ptolemy.util.test.junit.AutoTests" name="[0] /home/travis/build/icyphy/ptII/ptolemy/actor/lib/test/auto/AbsoluteValue.xml (RunModel)" time="0.082" />
  <testcase classname="ptolemy.util.test.junit.AutoTests" name="[1] /home/travis/build/icyphy/ptII/ptolemy/actor/lib/test/auto/AbsoluteValue2.xml (RunModel)" time="0.07" />
  <testcase classname="ptolemy.util.test.junit.AutoTests" name="[2] /home/travis/build/icyphy/ptII/ptolemy/actor/lib/test/auto/Accumulator.xml (RunModel)" time="0.069" />
  <testcase classname="ptolemy.util.test.junit.AutoTests" name="[3] /home/travis/build/icyphy/ptII/ptolemy/actor/lib/test/auto/Accumulator2.xml (RunModel)" time="0.024" />
  <testcase classname="ptolemy.util.test.junit.AutoTests" name="[4] /home/travis/build/icyphy/ptII/ptolemy/actor/lib/test/auto/Accumulator3.xml (RunModel)" time="0.031" />
  <testcase classname="ptolemy.util.test.junit.AutoTests" name="[5] /home/travis/build/icyphy/ptII/ptolemy/actor/lib/test/auto/ArrayAppend.xml (RunModel)" time="0.025" />
  <testcase classname="ptolemy.util.test.junit.AutoTests" name="[6] /home/travis/build/icyphy/ptII/ptolemy/actor/lib/test/auto/ArrayAppend2.xml (RunModel)" time="0.401" />
  <testcase classname="ptolemy.util.test.junit.AutoTests" name="[7] /home/travis/build/icyphy/ptII/ptolemy/actor/lib/test/auto/ArrayAppend3.xml (RunModel)" time="0.041" />
  <testcase classname="ptolemy.util.test.junit.AutoTests" name="[8] /home/travis/build/icyphy/ptII/ptolemy/actor/lib/test/auto/ArrayAppend4.xml (RunModel)" time="0.015" />
  <testcase classname="ptolemy.util.test.junit.AutoTests" name="[9] /home/travis/build/icyphy/ptII/ptolemy/actor/lib/test/auto/ArrayAppend5.xml (RunModel)" time="0.015" />
  <testcase classname="ptolemy.util.test.junit.AutoTests" name="[10] /home/travis/build/icyphy/ptII/ptolemy/actor/lib/test/auto/ArrayAppend6.xml (RunModel)" time="0.011" />
  <testcase classname="ptolemy.util.test.junit.AutoTests" name="[11] /home/travis/build/icyphy/ptII/ptolemy/actor/lib/test/auto/ArrayAppendPerformanceTest.xml (RunModel)" time="0.044" />
  <testcase classname="ptolemy.util.test.junit.AutoTests" name="[12] /home/travis/build/icyphy/ptII/ptolemy/actor/lib/test/auto/ArrayAppendWithEmptyInput.xml (RunModel)" time="0.026" />
  <testcase classname="ptolemy.util.test.junit.AutoTests" name="[13] /home/travis/build/icyphy/ptII/ptolemy/actor/lib/test/auto/ArrayAverage.xml (RunModel)" time="0.055" />
  <testcase classname="ptolemy.util.test.junit.AutoTests" name="[14] /home/travis/build/icyphy/ptII/ptolemy/actor/lib/test/auto/ArrayContains.xml (RunModel)" time="0.031" />
  <testcase classname="ptolemy.util.test.junit.AutoTests" name="[15] /home/travis/build/icyphy/ptII/ptolemy/actor/lib/test/auto/ArrayElement.xml (RunModel)" time="0.026" />
  <testcase classname="ptolemy.util.test.junit.AutoTests" name="[16] /home/travis/build/icyphy/ptII/ptolemy/actor/lib/test/auto/ArrayElementAsMatrix.xml (RunModel)" time="0.145" />
  <testcase classname="ptolemy.util.test.junit.AutoTests" name="[17] /home/travis/build/icyphy/ptII/ptolemy/actor/lib/test/auto/ArrayElementI.xml (RunModel)" time="0.018" />
  <testcase classname="ptolemy.util.test.junit.AutoTests" name="[18] /home/travis/build/icyphy/ptII/ptolemy/actor/lib/test/auto/ArrayExtract.xml (RunModel)" time="0.036" />
  <testcase classname="ptolemy.util.test.junit.AutoTests" name="[19] /home/travis/build/icyphy/ptII/ptolemy/actor/lib/test/auto/ArrayExtract2.xml (RunModel)" time="0.029" />
  <testcase classname="ptolemy.util.test.junit.AutoTests" name="[20] /home/travis/build/icyphy/ptII/ptolemy/actor/lib/test/auto/ArrayLength.xml (RunModel)" time="0.021" />
  <testcase classname="ptolemy.util.test.junit.AutoTests" name="[21] /home/travis/build/icyphy/ptII/ptolemy/actor/lib/test/auto/ArrayLevelCrossing.xml (RunModel)" time="0.027" />
  <testcase classname="ptolemy.util.test.junit.AutoTests" name="[22] /home/travis/build/icyphy/ptII/ptolemy/actor/lib/test/auto/ArrayLevelCrossing2.xml (RunModel)" time="0.019" />
  <testcase classname="ptolemy.util.test.junit.AutoTests" name="[23] /home/travis/build/icyphy/ptII/ptolemy/actor/lib/test/auto/ArrayPeakSearch.xml (RunModel)" time="0.043" />
  <testcase classname="ptolemy.util.test.junit.AutoTests" name="[24] /home/travis/build/icyphy/ptII/ptolemy/actor/lib/test/auto/ArrayPeakSearch2.xml (RunModel)" time="0.041" />
  <testcase classname="ptolemy.util.test.junit.AutoTests" name="[25] /home/travis/build/icyphy/ptII/ptolemy/actor/lib/test/auto/ArrayPeakSearch3.xml (RunModel)" time="0.035" />
  <testcase classname="ptolemy.util.test.junit.AutoTests" name="[26] /home/travis/build/icyphy/ptII/ptolemy/actor/lib/test/auto/ArrayRemoveElement.xml (RunModel)" time="0.027" />
  <testcase classname="ptolemy.util.test.junit.AutoTests" name="[27] /home/travis/build/icyphy/ptII/ptolemy/actor/lib/test/auto/ArraySort.xml (RunModel)" time="0.032" />
  <testcase classname="ptolemy.util.test.junit.AutoTests" name="[28] /home/travis/build/icyphy/ptII/ptolemy/actor/lib/test/auto/ArraySum.xml (RunModel)" time="0.015" />
  <testcase classname="ptolemy.util.test.junit.AutoTests" name="[29] /home/travis/build/icyphy/ptII/ptolemy/actor/lib/test/auto/ArrayToElements.xml (RunModel)" time="0.015" />
  <testcase classname="ptolemy.util.test.junit.AutoTests" name="[30] /home/travis/build/icyphy/ptII/ptolemy/actor/lib/test/auto/ArrayToMatrix.xml (RunModel)" time="0.055" />
  <testcase classname="ptolemy.util.test.junit.AutoTests" name="[31] /home/travis/build/icyphy/ptII/ptolemy/actor/lib/test/auto/ArrayUpdate1.xml (RunModel)" time="0.013" />
  <testcase classname="ptolemy.util.test.junit.AutoTests" name="[32] /home/travis/build/icyphy/ptII/ptolemy/actor/lib/test/auto/ArrayUpdate2.xml (RunModel)" time="0.015" />
  <testcase classname="ptolemy.util.test.junit.AutoTests" name="[33] /home/travis/build/icyphy/ptII/ptolemy/actor/lib/test/auto/ArrayUpdate3.xml (RunModel)" time="0.016" />
  <testcase classname="ptolemy.util.test.junit.AutoTests" name="[34] /home/travis/build/icyphy/ptII/ptolemy/actor/lib/test/auto/Assert1.xml (RunModel)" time="0.017" />
  <testcase classname="ptolemy.util.test.junit.AutoTests" name="[35] /home/travis/build/icyphy/ptII/ptolemy/actor/lib/test/auto/Assert2.xml (RunModel)" time="0.016" />
  <testcase classname="ptolemy.util.test.junit.AutoTests" name="[36] /home/travis/build/icyphy/ptII/ptolemy/actor/lib/test/auto/BooleanMultiplexor.xml (RunModel)" time="0.012" />
  <testcase classname="ptolemy.util.test.junit.AutoTests" name="[37] /home/travis/build/icyphy/ptII/ptolemy/actor/lib/test/auto/BooleanMultiplexor2.xml (RunModel)" time="0.048" />
  <testcase classname="ptolemy.util.test.junit.AutoTests" name="[38] /home/travis/build/icyphy/ptII/ptolemy/actor/lib/test/auto/BooleanMultiplexor3.xml (RunModel)" time="0.023" />
  <testcase classname="ptolemy.util.test.junit.AutoTests" name="[39] /home/travis/build/icyphy/ptII/ptolemy/actor/lib/test/auto/BooleanSelect.xml (RunModel)" time="0.017" />
  <testcase classname="ptolemy.util.test.junit.AutoTests" name="[40] /home/travis/build/icyphy/ptII/ptolemy/actor/lib/test/auto/BooleanSelect2.xml (RunModel)" time="0.012" />
  <testcase classname="ptolemy.util.test.junit.AutoTests" name="[41] /home/travis/build/icyphy/ptII/ptolemy/actor/lib/test/auto/BooleanSwitch.xml (RunModel)" time="0.016" />
  <testcase classname="ptolemy.util.test.junit.AutoTests" name="[42] /home/travis/build/icyphy/ptII/ptolemy/actor/lib/test/auto/BooleanSwitch2.xml (RunModel)" time="0.011" />
  <testcase classname="ptolemy.util.test.junit.AutoTests" name="[43] /home/travis/build/icyphy/ptII/ptolemy/actor/lib/test/auto/BooleanSwitchCloningBugWithClassRelationGroup.xml (RunModel)" time="0.037" />
  <testcase classname="ptolemy.util.test.junit.AutoTests" name="[44] /home/travis/build/icyphy/ptII/ptolemy/actor/lib/test/auto/BusActors.xml (RunModel)" time="0.033" />
  <testcase classname="ptolemy.util.test.junit.AutoTests" name="[45] /home/travis/build/icyphy/ptII/ptolemy/actor/lib/test/auto/ClassWrapper.xml (RunModel)" time="0.022" />
  <testcase classname="ptolemy.util.test.junit.AutoTests" name="[46] /home/travis/build/icyphy/ptII/ptolemy/actor/lib/test/auto/Clock.xml (RunModel)" time="0.011" />
  <testcase classname="ptolemy.util.test.junit.AutoTests" name="[47] /home/travis/build/icyphy/ptII/ptolemy/actor/lib/test/auto/Clock10.xml (RunModel)" time="0.022" />
  <testcase classname="ptolemy.util.test.junit.AutoTests" name="[48] /home/travis/build/icyphy/ptII/ptolemy/actor/lib/test/auto/Clock11.xml (RunModel)" time="0.019" />
  <testcase classname="ptolemy.util.test.junit.AutoTests" name="[49] /home/travis/build/icyphy/ptII/ptolemy/actor/lib/test/auto/Clock12.xml (RunModel)" time="0.018" />
  <testcase classname="ptolemy.util.test.junit.AutoTests" name="[50] /home/travis/build/icyphy/ptII/ptolemy/actor/lib/test/auto/Clock13.xml (RunModel)" time="0.017" />
  <testcase classname="ptolemy.util.test.junit.AutoTests" name="[51] /home/travis/build/icyphy/ptII/ptolemy/actor/lib/test/auto/Clock14.xml (RunModel)" time="0.015" />
  <testcase classname="ptolemy.util.test.junit.AutoTests" name="[52] /home/travis/build/icyphy/ptII/ptolemy/actor/lib/test/auto/Clock15.xml (RunModel)" time="0.013" />
  <testcase classname="ptolemy.util.test.junit.AutoTests" name="[53] /home/travis/build/icyphy/ptII/ptolemy/actor/lib/test/auto/Clock16.xml (RunModel)" time="0.092" />
  <testcase classname="ptolemy.util.test.junit.AutoTests" name="[54] /home/travis/build/icyphy/ptII/ptolemy/actor/lib/test/auto/Clock17.xml (RunModel)" time="0.049" />
  <testcase classname="ptolemy.util.test.junit.AutoTests" name="[55] /home/travis/build/icyphy/ptII/ptolemy/actor/lib/test/auto/Clock18.xml (RunModel)" time="0.035" />
  <testcase classname="ptolemy.util.test.junit.AutoTests" name="[56] /home/travis/build/icyphy/ptII/ptolemy/actor/lib/test/auto/Clock19.xml (RunModel)" time="0.031" />
  <testcase classname="ptolemy.util.test.junit.AutoTests" name="[57] /home/travis/build/icyphy/ptII/ptolemy/actor/lib/test/auto/Clock2.xml (RunModel)" time="0.009" />
  <testcase classname="ptolemy.util.test.junit.AutoTests" name="[58] /home/travis/build/icyphy/ptII/ptolemy/actor/lib/test/auto/Clock20.xml (RunModel)" time="0.053" />
  <testcase classname="ptolemy.util.test.junit.AutoTests" name="[59] /home/travis/build/icyphy/ptII/ptolemy/actor/lib/test/auto/Clock21.xml (RunModel)" time="0.017" />
  <testcase classname="ptolemy.util.test.junit.AutoTests" name="[60] /home/travis/build/icyphy/ptII/ptolemy/actor/lib/test/auto/Clock22.xml (RunModel)" time="0.016" />
  <testcase classname="ptolemy.util.test.junit.AutoTests" name="[61] /home/travis/build/icyphy/ptII/ptolemy/actor/lib/test/auto/Clock23.xml (RunModel)" time="0.017" />
  <testcase classname="ptolemy.util.test.junit.AutoTests" name="[62] /home/travis/build/icyphy/ptII/ptolemy/actor/lib/test/auto/Clock24.xml (RunModel)" time="0.015" />
  <testcase classname="ptolemy.util.test.junit.AutoTests" name="[63] /home/travis/build/icyphy/ptII/ptolemy/actor/lib/test/auto/Clock4.xml (RunModel)" time="0.011" />
  <testcase classname="ptolemy.util.test.junit.AutoTests" name="[64] /home/travis/build/icyphy/ptII/ptolemy/actor/lib/test/auto/Clock5.xml (RunModel)" time="0.012" />
  <testcase classname="ptolemy.util.test.junit.AutoTests" name="[65] /home/travis/build/icyphy/ptII/ptolemy/actor/lib/test/auto/Clock6.xml (RunModel)" time="0.008" />
  <testcase classname="ptolemy.util.test.junit.AutoTests" name="[66] /home/travis/build/icyphy/ptII/ptolemy/actor/lib/test/auto/Clock7.xml (RunModel)" time="0.009" />
  <testcase classname="ptolemy.util.test.junit.AutoTests" name="[67] /home/travis/build/icyphy/ptII/ptolemy/actor/lib/test/auto/Clock8.xml (RunModel)" time="0.012" />
  <testcase classname="ptolemy.util.test.junit.AutoTests" name="[68] /home/travis/build/icyphy/ptII/ptolemy/actor/lib/test/auto/Clock9.xml (RunModel)" time="0.013" />
  <testcase classname="ptolemy.util.test.junit.AutoTests" name="[69] /home/travis/build/icyphy/ptII/ptolemy/actor/lib/test/auto/CommDistDiscard.xml (RunModel)" time="0.024" />
  <testcase classname="ptolemy.util.test.junit.AutoTests" name="[70] /home/travis/build/icyphy/ptII/ptolemy/actor/lib/test/auto/Commutator.xml (RunModel)" time="0.012" />
  <testcase classname="ptolemy.util.test.junit.AutoTests" name="[71] /home/travis/build/icyphy/ptII/ptolemy/actor/lib/test/auto/Commutator2.xml (RunModel)" time="0.011" />
  <testcase classname="ptolemy.util.test.junit.AutoTests" name="[72] /home/travis/build/icyphy/ptII/ptolemy/actor/lib/test/auto/Commutator3.xml (RunModel)" time="0.009" />
  <testcase classname="ptolemy.util.test.junit.AutoTests" name="[73] /home/travis/build/icyphy/ptII/ptolemy/actor/lib/test/auto/Compare.xml (RunModel)" time="0.016" />
  <testcase classname="ptolemy.util.test.junit.AutoTests" name="[74] /home/travis/build/icyphy/ptII/ptolemy/actor/lib/test/auto/CompareDE.xml (RunModel)" time="0.016" />
  <testcase classname="ptolemy.util.test.junit.AutoTests" name="[75] /home/travis/build/icyphy/ptII/ptolemy/actor/lib/test/auto/ComplexDivide.xml (RunModel)" time="0.008" />
  <testcase classname="ptolemy.util.test.junit.AutoTests" name="[76] /home/travis/build/icyphy/ptII/ptolemy/actor/lib/test/auto/ComputeHistogram.xml (RunModel)" time="0.048" />
  <testcase classname="ptolemy.util.test.junit.AutoTests" name="[77] /home/travis/build/icyphy/ptII/ptolemy/actor/lib/test/auto/ConfigurationSelect.xml (RunModel)" time="0.023" />
  <testcase classname="ptolemy.util.test.junit.AutoTests" name="[78] /home/travis/build/icyphy/ptII/ptolemy/actor/lib/test/auto/ConfigurationSelect2.xml (RunModel)" time="0.011" />
  <testcase classname="ptolemy.util.test.junit.AutoTests" name="[79] /home/travis/build/icyphy/ptII/ptolemy/actor/lib/test/auto/ConfigurationSwitch.xml (RunModel)" time="0.023" />
  <testcase classname="ptolemy.util.test.junit.AutoTests" name="[80] /home/travis/build/icyphy/ptII/ptolemy/actor/lib/test/auto/ConfigurationSwitch2.xml (RunModel)" time="0.019" />
  <testcase classname="ptolemy.util.test.junit.AutoTests" name="[81] /home/travis/build/icyphy/ptII/ptolemy/actor/lib/test/auto/ConfigurationSwitchCloningBugWithClassRelationGroup.xml (RunModel)" time="0.021" />
  <testcase classname="ptolemy.util.test.junit.AutoTests" name="[82] /home/travis/build/icyphy/ptII/ptolemy/actor/lib/test/auto/ConfigurationSwitchSelectSDF.xml (RunModel)" time="0.012" />
  <testcase classname="ptolemy.util.test.junit.AutoTests" name="[83] /home/travis/build/icyphy/ptII/ptolemy/actor/lib/test/auto/ConfigurationSwitchSelectSDF2.xml (RunModel)" time="0.013" />
  <testcase classname="ptolemy.util.test.junit.AutoTests" name="[84] /home/travis/build/icyphy/ptII/ptolemy/actor/lib/test/auto/Const.xml (RunModel)" time="0.006" />
  <testcase classname="ptolemy.util.test.junit.AutoTests" name="[85] /home/travis/build/icyphy/ptII/ptolemy/actor/lib/test/auto/Const2.xml (RunModel)" time="0.007" />
  <testcase classname="ptolemy.util.test.junit.AutoTests" name="[86] /home/travis/build/icyphy/ptII/ptolemy/actor/lib/test/auto/Const3.xml (RunModel)" time="0.005" />
  <testcase classname="ptolemy.util.test.junit.AutoTests" name="[87] /home/travis/build/icyphy/ptII/ptolemy/actor/lib/test/auto/ConstantPublisherPort1.xml (RunModel)" time="0.019" />
  <testcase classname="ptolemy.util.test.junit.AutoTests" name="[88] /home/travis/build/icyphy/ptII/ptolemy/actor/lib/test/auto/ConstantPublisherPort2.xml (RunModel)" time="0.016" />
  <testcase classname="ptolemy.util.test.junit.AutoTests" name="[89] /home/travis/build/icyphy/ptII/ptolemy/actor/lib/test/auto/ConstantPublisherPort3.xml (RunModel)" time="0.017" />
  <testcase classname="ptolemy.util.test.junit.AutoTests" name="[90] /home/travis/build/icyphy/ptII/ptolemy/actor/lib/test/auto/ConstantPublisherPort4.xml (RunModel)" time="0.015" />
  <testcase classname="ptolemy.util.test.junit.AutoTests" name="[91] /home/travis/build/icyphy/ptII/ptolemy/actor/lib/test/auto/ConstantPublisherPort5.xml (RunModel)" time="0.036" />
  <testcase classname="ptolemy.util.test.junit.AutoTests" name="[92] /home/travis/build/icyphy/ptII/ptolemy/actor/lib/test/auto/ConstantPublisherPort6.xml (RunModel)" time="0.026" />
  <testcase classname="ptolemy.util.test.junit.AutoTests" name="[93] /home/travis/build/icyphy/ptII/ptolemy/actor/lib/test/auto/ConstantPublisherPort7.xml (RunModel)" time="0.032" />
  <testcase classname="ptolemy.util.test.junit.AutoTests" name="[94] /home/travis/build/icyphy/ptII/ptolemy/actor/lib/test/auto/ConstraintMonitor1.xml (RunModel)" time="0.033" />
  <testcase classname="ptolemy.util.test.junit.AutoTests" name="[95] /home/travis/build/icyphy/ptII/ptolemy/actor/lib/test/auto/ConstraintMonitor2.xml (RunModel)" time="0.017" />
  <testcase classname="ptolemy.util.test.junit.AutoTests" name="[96] /home/travis/build/icyphy/ptII/ptolemy/actor/lib/test/auto/ConstraintMonitor3.xml (RunModel)" time="0.015" />
  <testcase classname="ptolemy.util.test.junit.AutoTests" name="[97] /home/travis/build/icyphy/ptII/ptolemy/actor/lib/test/auto/ConstraintMonitor4.xml (RunModel)" time="0.011" />
  <testcase classname="ptolemy.util.test.junit.AutoTests" name="[98] /home/travis/build/icyphy/ptII/ptolemy/actor/lib/test/auto/ConstraintMonitor5.xml (RunModel)" time="0.012" />
  <testcase classname="ptolemy.util.test.junit.AutoTests" name="[99] /home/travis/build/icyphy/ptII/ptolemy/actor/lib/test/auto/ConstraintMonitor6.xml (RunModel)" time="0.013" />
  <testcase classname="ptolemy.util.test.junit.AutoTests" name="[100] /home/travis/build/icyphy/ptII/ptolemy/actor/lib/test/auto/ConstraintMonitor7.xml (RunModel)" time="0.02" />
  <testcase classname="ptolemy.util.test.junit.AutoTests" name="[101] /home/travis/build/icyphy/ptII/ptolemy/actor/lib/test/auto/ConstraintMonitor8.xml (RunModel)" time="0.02" />
  <testcase classname="ptolemy.util.test.junit.AutoTests" name="[102] /home/travis/build/icyphy/ptII/ptolemy/actor/lib/test/auto/Counter.xml (RunModel)" time="0.01" />
  <testcase classname="ptolemy.util.test.junit.AutoTests" name="[103] /home/travis/build/icyphy/ptII/ptolemy/actor/lib/test/auto/CurrentTimeSDF.xml (RunModel)" time="0.007" />
  <testcase classname="ptolemy.util.test.junit.AutoTests" name="[104] /home/travis/build/icyphy/ptII/ptolemy/actor/lib/test/auto/DB.xml (RunModel)" time="0.009" />
  <testcase classname="ptolemy.util.test.junit.AutoTests" name="[105] /home/travis/build/icyphy/ptII/ptolemy/actor/lib/test/auto/DBDE.xml (RunModel)" time="0.047" />
  <testcase classname="ptolemy.util.test.junit.AutoTests" name="[106] /home/travis/build/icyphy/ptII/ptolemy/actor/lib/test/auto/DateConstructor.xml (RunModel)" time="0.059" />
  <testcase classname="ptolemy.util.test.junit.AutoTests" name="[107] /home/travis/build/icyphy/ptII/ptolemy/actor/lib/test/auto/DelayTime.xml (RunModel)" time="0.014" />
  <testcase classname="ptolemy.util.test.junit.AutoTests" name="[108] /home/travis/build/icyphy/ptII/ptolemy/actor/lib/test/auto/Dictionary1.xml (RunModel)" time="0.013" />
  <testcase classname="ptolemy.util.test.junit.AutoTests" name="[109] /home/travis/build/icyphy/ptII/ptolemy/actor/lib/test/auto/Dictionary2.xml (RunModel)" time="0.01" />
  <testcase classname="ptolemy.util.test.junit.AutoTests" name="[110] /home/travis/build/icyphy/ptII/ptolemy/actor/lib/test/auto/Dictionary3.xml (RunModel)" time="0.01" />
  <testcase classname="ptolemy.util.test.junit.AutoTests" name="[111] /home/travis/build/icyphy/ptII/ptolemy/actor/lib/test/auto/Dictionary4.xml (RunModel)" time="0.014" />
  <testcase classname="ptolemy.util.test.junit.AutoTests" name="[112] /home/travis/build/icyphy/ptII/ptolemy/actor/lib/test/auto/Differential.xml (RunModel)" time="0.011" />
  <testcase classname="ptolemy.util.test.junit.AutoTests" name="[113] /home/travis/build/icyphy/ptII/ptolemy/actor/lib/test/auto/Director.xml (RunModel)" time="0.008" />
  <testcase classname="ptolemy.util.test.junit.AutoTests" name="[114] /home/travis/build/icyphy/ptII/ptolemy/actor/lib/test/auto/DiscreteClock.xml (RunModel)" time="0.007" />
  <testcase classname="ptolemy.util.test.junit.AutoTests" name="[115] /home/travis/build/icyphy/ptII/ptolemy/actor/lib/test/auto/DiscreteClock10.xml (RunModel)" time="0.01" />
  <testcase classname="ptolemy.util.test.junit.AutoTests" name="[116] /home/travis/build/icyphy/ptII/ptolemy/actor/lib/test/auto/DiscreteClock11.xml (RunModel)" time="0.011" />
  <testcase classname="ptolemy.util.test.junit.AutoTests" name="[117] /home/travis/build/icyphy/ptII/ptolemy/actor/lib/test/auto/DiscreteClock12.xml (RunModel)" time="0.013" />
  <testcase classname="ptolemy.util.test.junit.AutoTests" name="[118] /home/travis/build/icyphy/ptII/ptolemy/actor/lib/test/auto/DiscreteClock13.xml (RunModel)" time="0.014" />
  <testcase classname="ptolemy.util.test.junit.AutoTests" name="[119] /home/travis/build/icyphy/ptII/ptolemy/actor/lib/test/auto/DiscreteClock14.xml (RunModel)" time="0.014" />
  <testcase classname="ptolemy.util.test.junit.AutoTests" name="[120] /home/travis/build/icyphy/ptII/ptolemy/actor/lib/test/auto/DiscreteClock15.xml (RunModel)" time="0.012" />
  <testcase classname="ptolemy.util.test.junit.AutoTests" name="[121] /home/travis/build/icyphy/ptII/ptolemy/actor/lib/test/auto/DiscreteClock16.xml (RunModel)" time="0.042" />
  <testcase classname="ptolemy.util.test.junit.AutoTests" name="[122] /home/travis/build/icyphy/ptII/ptolemy/actor/lib/test/auto/DiscreteClock17.xml (RunModel)" time="0.034" />
  <testcase classname="ptolemy.util.test.junit.AutoTests" name="[123] /home/travis/build/icyphy/ptII/ptolemy/actor/lib/test/auto/DiscreteClock18.xml (RunModel)" time="0.037" />
  <testcase classname="ptolemy.util.test.junit.AutoTests" name="[124] /home/travis/build/icyphy/ptII/ptolemy/actor/lib/test/auto/DiscreteClock19.xml (RunModel)" time="0.041" />
  <testcase classname="ptolemy.util.test.junit.AutoTests" name="[125] /home/travis/build/icyphy/ptII/ptolemy/actor/lib/test/auto/DiscreteClock2.xml (RunModel)" time="0.009" />
  <testcase classname="ptolemy.util.test.junit.AutoTests" name="[126] /home/travis/build/icyphy/ptII/ptolemy/actor/lib/test/auto/DiscreteClock20.xml (RunModel)" time="0.015" />
  <testcase classname="ptolemy.util.test.junit.AutoTests" name="[127] /home/travis/build/icyphy/ptII/ptolemy/actor/lib/test/auto/DiscreteClock21.xml (RunModel)" time="0.015" />
  <testcase classname="ptolemy.util.test.junit.AutoTests" name="[128] /home/travis/build/icyphy/ptII/ptolemy/actor/lib/test/auto/DiscreteClock22.xml (RunModel)" time="0.012" />
  <testcase classname="ptolemy.util.test.junit.AutoTests" name="[129] /home/travis/build/icyphy/ptII/ptolemy/actor/lib/test/auto/DiscreteClock23.xml (RunModel)" time="0.016" />
  <testcase classname="ptolemy.util.test.junit.AutoTests" name="[130] /home/travis/build/icyphy/ptII/ptolemy/actor/lib/test/auto/DiscreteClock24.xml (RunModel)" time="0.01" />
  <testcase classname="ptolemy.util.test.junit.AutoTests" name="[131] /home/travis/build/icyphy/ptII/ptolemy/actor/lib/test/auto/DiscreteClock4.xml (RunModel)" time="0.016" />
  <testcase classname="ptolemy.util.test.junit.AutoTests" name="[132] /home/travis/build/icyphy/ptII/ptolemy/actor/lib/test/auto/DiscreteClock5.xml (RunModel)" time="0.009" />
  <testcase classname="ptolemy.util.test.junit.AutoTests" name="[133] /home/travis/build/icyphy/ptII/ptolemy/actor/lib/test/auto/DiscreteClock6.xml (RunModel)" time="0.007" />
  <testcase classname="ptolemy.util.test.junit.AutoTests" name="[134] /home/travis/build/icyphy/ptII/ptolemy/actor/lib/test/auto/DiscreteClock7.xml (RunModel)" time="0.01" />
  <testcase classname="ptolemy.util.test.junit.AutoTests" name="[135] /home/travis/build/icyphy/ptII/ptolemy/actor/lib/test/auto/DiscreteClock8.xml (RunModel)" time="0.024" />
  <testcase classname="ptolemy.util.test.junit.AutoTests" name="[136] /home/travis/build/icyphy/ptII/ptolemy/actor/lib/test/auto/DiscreteClock9.xml (RunModel)" time="0.012" />
  <testcase classname="ptolemy.util.test.junit.AutoTests" name="[137] /home/travis/build/icyphy/ptII/ptolemy/actor/lib/test/auto/DisplayArray.xml (RunModel)" time="0.006" />
  <testcase classname="ptolemy.util.test.junit.AutoTests" name="[138] /home/travis/build/icyphy/ptII/ptolemy/actor/lib/test/auto/Distributor.xml (RunModel)" time="0.007" />
  <testcase classname="ptolemy.util.test.junit.AutoTests" name="[139] /home/travis/build/icyphy/ptII/ptolemy/actor/lib/test/auto/Distributor2.xml (RunModel)" time="0.009" />
  <testcase classname="ptolemy.util.test.junit.AutoTests" name="[140] /home/travis/build/icyphy/ptII/ptolemy/actor/lib/test/auto/DownSample.xml (RunModel)" time="0.021" />
  <testcase classname="ptolemy.util.test.junit.AutoTests" name="[141] /home/travis/build/icyphy/ptII/ptolemy/actor/lib/test/auto/ElectronicUnitBase1.xml (RunModel)" time="0.052" />
  <testcase classname="ptolemy.util.test.junit.AutoTests" name="[142] /home/travis/build/icyphy/ptII/ptolemy/actor/lib/test/auto/ElementsToArray.xml (RunModel)" time="0.009" />
  <testcase classname="ptolemy.util.test.junit.AutoTests" name="[143] /home/travis/build/icyphy/ptII/ptolemy/actor/lib/test/auto/Equals.xml (RunModel)" time="0.012" />
  <testcase classname="ptolemy.util.test.junit.AutoTests" name="[144] /home/travis/build/icyphy/ptII/ptolemy/actor/lib/test/auto/Exec.xml (RunModel)" time="0.027" />
  <testcase classname="ptolemy.util.test.junit.AutoTests" name="[145] /home/travis/build/icyphy/ptII/ptolemy/actor/lib/test/auto/ExecEnvironment.xml (RunModel)" time="0.031" />
  <testcase classname="ptolemy.util.test.junit.AutoTests" name="[146] /home/travis/build/icyphy/ptII/ptolemy/actor/lib/test/auto/ExecNonZeroReturnOutput.xml (RunModel)" time="0.148" />
  <testcase classname="ptolemy.util.test.junit.AutoTests" name="[147] /home/travis/build/icyphy/ptII/ptolemy/actor/lib/test/auto/ExecRunDemos.xml (RunModel)" time="9.989" />
  <testcase classname="ptolemy.util.test.junit.AutoTests" name="[148] /home/travis/build/icyphy/ptII/ptolemy/actor/lib/test/auto/ExecStop.xml (RunModel)" time="5.035" />
  <testcase classname="ptolemy.util.test.junit.AutoTests" name="[149] /home/travis/build/icyphy/ptII/ptolemy/actor/lib/test/auto/ExecutionTimeSDF.xml (RunModel)" time="6.039">
    <error type="java.lang.reflect.InvocationTargetException">java.lang.reflect.InvocationTargetException
	at jdk.internal.reflect.GeneratedConstructorAccessor36.newInstance(Unknown Source)
	at java.base/jdk.internal.reflect.DelegatingConstructorAccessorImpl.newInstance(DelegatingConstructorAccessorImpl.java:45)
	at java.base/java.lang.reflect.Constructor.newInstance(Constructor.java:490)
	at ptolemy.util.test.junit.AutoTests.RunModel(AutoTests.java:193)
	at jdk.internal.reflect.GeneratedMethodAccessor43.invoke(Unknown Source)
	at java.base/jdk.internal.reflect.DelegatingMethodAccessorImpl.invoke(DelegatingMethodAccessorImpl.java:43)
	at junitparams.internal.InvokeParameterisedMethod.evaluate(InvokeParameterisedMethod.java:102)
Caused by: ptolemy.kernel.util.IllegalActionException: Test fails in iteration 0.
Value was: 6002L. Should have been: 6000L
  in .ExecutionTimeSDF.NonStrictTest
	at ptolemy.actor.lib.NonStrictTest.postfire(NonStrictTest.java:328)
	at ptolemy.actor.AtomicActor.iterate(AtomicActor.java:518)
	at ptolemy.actor.sched.StaticSchedulingDirector.fire(StaticSchedulingDirector.java:216)
	at ptolemy.domains.sdf.kernel.SDFDirector.fire(SDFDirector.java:500)
	at ptolemy.actor.CompositeActor.fire(CompositeActor.java:455)
	at ptolemy.actor.Manager.iterate(Manager.java:851)
	at ptolemy.actor.Manager.execute(Manager.java:369)
	at ptolemy.actor.Manager.run(Manager.java:1263)
	at ptolemy.actor.Manager$PtolemyRunThread.run(Manager.java:1933)
</error>
  </testcase>
  <testcase classname="ptolemy.util.test.junit.AutoTests" name="[150] /home/travis/build/icyphy/ptII/ptolemy/actor/lib/test/auto/Expression1.xml (RunModel)" time="0.011" />
  <testcase classname="ptolemy.util.test.junit.AutoTests" name="[151] /home/travis/build/icyphy/ptII/ptolemy/actor/lib/test/auto/Expression10.xml (RunModel)" time="0.023" />
  <testcase classname="ptolemy.util.test.junit.AutoTests" name="[152] /home/travis/build/icyphy/ptII/ptolemy/actor/lib/test/auto/Expression11.xml (RunModel)" time="0.012" />
  <testcase classname="ptolemy.util.test.junit.AutoTests" name="[153] /home/travis/build/icyphy/ptII/ptolemy/actor/lib/test/auto/Expression12.xml (RunModel)" time="0.015" />
  <testcase classname="ptolemy.util.test.junit.AutoTests" name="[154] /home/travis/build/icyphy/ptII/ptolemy/actor/lib/test/auto/Expression13.xml (RunModel)" time="0.012" />
  <testcase classname="ptolemy.util.test.junit.AutoTests" name="[155] /home/travis/build/icyphy/ptII/ptolemy/actor/lib/test/auto/Expression14.xml (RunModel)" time="0.018" />
  <testcase classname="ptolemy.util.test.junit.AutoTests" name="[156] /home/travis/build/icyphy/ptII/ptolemy/actor/lib/test/auto/Expression15.xml (RunModel)" time="0.007" />
  <testcase classname="ptolemy.util.test.junit.AutoTests" name="[157] /home/travis/build/icyphy/ptII/ptolemy/actor/lib/test/auto/Expression16.xml (RunModel)" time="0.012" />
  <testcase classname="ptolemy.util.test.junit.AutoTests" name="[158] /home/travis/build/icyphy/ptII/ptolemy/actor/lib/test/auto/Expression17.xml (RunModel)" time="0.01" />
  <testcase classname="ptolemy.util.test.junit.AutoTests" name="[159] /home/travis/build/icyphy/ptII/ptolemy/actor/lib/test/auto/Expression18.xml (RunModel)" time="0.012" />
  <testcase classname="ptolemy.util.test.junit.AutoTests" name="[160] /home/travis/build/icyphy/ptII/ptolemy/actor/lib/test/auto/Expression2.xml (RunModel)" time="0.011" />
  <testcase classname="ptolemy.util.test.junit.AutoTests" name="[161] /home/travis/build/icyphy/ptII/ptolemy/actor/lib/test/auto/Expression3.xml (RunModel)" time="0.012" />
  <testcase classname="ptolemy.util.test.junit.AutoTests" name="[162] /home/travis/build/icyphy/ptII/ptolemy/actor/lib/test/auto/Expression4.xml (RunModel)" time="0.019" />
  <testcase classname="ptolemy.util.test.junit.AutoTests" name="[163] /home/travis/build/icyphy/ptII/ptolemy/actor/lib/test/auto/Expression5.xml (RunModel)" time="0.011" />
  <testcase classname="ptolemy.util.test.junit.AutoTests" name="[164] /home/travis/build/icyphy/ptII/ptolemy/actor/lib/test/auto/Expression6.xml (RunModel)" time="0.008" />
  <testcase classname="ptolemy.util.test.junit.AutoTests" name="[165] /home/travis/build/icyphy/ptII/ptolemy/actor/lib/test/auto/Expression7.xml (RunModel)" time="0.011" />
  <testcase classname="ptolemy.util.test.junit.AutoTests" name="[166] /home/travis/build/icyphy/ptII/ptolemy/actor/lib/test/auto/Expression8.xml (RunModel)" time="0.015" />
  <testcase classname="ptolemy.util.test.junit.AutoTests" name="[167] /home/travis/build/icyphy/ptII/ptolemy/actor/lib/test/auto/Expression9.xml (RunModel)" time="0.008" />
  <testcase classname="ptolemy.util.test.junit.AutoTests" name="[168] /home/travis/build/icyphy/ptII/ptolemy/actor/lib/test/auto/ExpressionConcatenateArrayType.xml (RunModel)" time="0.024" />
  <testcase classname="ptolemy.util.test.junit.AutoTests" name="[169] /home/travis/build/icyphy/ptII/ptolemy/actor/lib/test/auto/ExpressionConcatenateArrayType2.xml (RunModel)" time="0.02" />
  <testcase classname="ptolemy.util.test.junit.AutoTests" name="[170] /home/travis/build/icyphy/ptII/ptolemy/actor/lib/test/auto/ExpressionFix.xml (RunModel)" time="0.042" />
  <testcase classname="ptolemy.util.test.junit.AutoTests" name="[171] /home/travis/build/icyphy/ptII/ptolemy/actor/lib/test/auto/ExpressionFix2.xml (RunModel)" time="0.014" />
  <testcase classname="ptolemy.util.test.junit.AutoTests" name="[172] /home/travis/build/icyphy/ptII/ptolemy/actor/lib/test/auto/ExpressionFix3.xml (RunModel)" time="0.011" />
  <testcase classname="ptolemy.util.test.junit.AutoTests" name="[173] /home/travis/build/icyphy/ptII/ptolemy/actor/lib/test/auto/FileWriter1.xml (RunModel)" time="0.007" />
  <testcase classname="ptolemy.util.test.junit.AutoTests" name="[174] /home/travis/build/icyphy/ptII/ptolemy/actor/lib/test/auto/FileWriter2.xml (RunModel)" time="0.013" />
  <testcase classname="ptolemy.util.test.junit.AutoTests" name="[175] /home/travis/build/icyphy/ptII/ptolemy/actor/lib/test/auto/FileWriter3.xml (RunModel)" time="0.011" />
  <testcase classname="ptolemy.util.test.junit.AutoTests" name="[176] /home/travis/build/icyphy/ptII/ptolemy/actor/lib/test/auto/Gaussian.xml (RunModel)" time="0.013" />
  <testcase classname="ptolemy.util.test.junit.AutoTests" name="[177] /home/travis/build/icyphy/ptII/ptolemy/actor/lib/test/auto/Gaussian1.xml (RunModel)" time="0.019" />
  <testcase classname="ptolemy.util.test.junit.AutoTests" name="[178] /home/travis/build/icyphy/ptII/ptolemy/actor/lib/test/auto/Gaussian2.xml (RunModel)" time="0.019" />
  <testcase classname="ptolemy.util.test.junit.AutoTests" name="[179] /home/travis/build/icyphy/ptII/ptolemy/actor/lib/test/auto/GradientAdaptiveLattice.xml (RunModel)" time="0.069" />
  <testcase classname="ptolemy.util.test.junit.AutoTests" name="[180] /home/travis/build/icyphy/ptII/ptolemy/actor/lib/test/auto/IIR.xml (RunModel)" time="0.01" />
  <testcase classname="ptolemy.util.test.junit.AutoTests" name="[181] /home/travis/build/icyphy/ptII/ptolemy/actor/lib/test/auto/InputOutputTransparentPorts.xml (RunModel)" time="0.018" />
  <testcase classname="ptolemy.util.test.junit.AutoTests" name="[182] /home/travis/build/icyphy/ptII/ptolemy/actor/lib/test/auto/Interpolator.xml (RunModel)" time="0.012" />
  <testcase classname="ptolemy.util.test.junit.AutoTests" name="[183] /home/travis/build/icyphy/ptII/ptolemy/actor/lib/test/auto/InterpolatorFiringLimitDE.xml (RunModel)" time="0.013" />
  <testcase classname="ptolemy.util.test.junit.AutoTests" name="[184] /home/travis/build/icyphy/ptII/ptolemy/actor/lib/test/auto/Lattice.xml (RunModel)" time="0.024" />
  <testcase classname="ptolemy.util.test.junit.AutoTests" name="[185] /home/travis/build/icyphy/ptII/ptolemy/actor/lib/test/auto/LazyAOCTestLazy.xml (RunModel)" time="0.02" />
  <testcase classname="ptolemy.util.test.junit.AutoTests" name="[186] /home/travis/build/icyphy/ptII/ptolemy/actor/lib/test/auto/LazyAOCTestNonLazy.xml (RunModel)" time="0.034" />
  <testcase classname="ptolemy.util.test.junit.AutoTests" name="[187] /home/travis/build/icyphy/ptII/ptolemy/actor/lib/test/auto/LazyInnerClass.xml (RunModel)" time="0.038" />
  <testcase classname="ptolemy.util.test.junit.AutoTests" name="[188] /home/travis/build/icyphy/ptII/ptolemy/actor/lib/test/auto/LazyPubSub.xml (RunModel)" time="0.042" />
  <testcase classname="ptolemy.util.test.junit.AutoTests" name="[189] /home/travis/build/icyphy/ptII/ptolemy/actor/lib/test/auto/LazyPubSub2.xml (RunModel)" time="0.05" />
  <testcase classname="ptolemy.util.test.junit.AutoTests" name="[190] /home/travis/build/icyphy/ptII/ptolemy/actor/lib/test/auto/LazyPubSub3.xml (RunModel)" time="0.033" />
  <testcase classname="ptolemy.util.test.junit.AutoTests" name="[191] /home/travis/build/icyphy/ptII/ptolemy/actor/lib/test/auto/LazySubClassModel.xml (RunModel)" time="0.023" />
  <testcase classname="ptolemy.util.test.junit.AutoTests" name="[192] /home/travis/build/icyphy/ptII/ptolemy/actor/lib/test/auto/LevelCrossTest1.xml (RunModel)" time="0.008" />
  <testcase classname="ptolemy.util.test.junit.AutoTests" name="[193] /home/travis/build/icyphy/ptII/ptolemy/actor/lib/test/auto/LevelCrossTest10.xml (RunModel)" time="0.014" />
  <testcase classname="ptolemy.util.test.junit.AutoTests" name="[194] /home/travis/build/icyphy/ptII/ptolemy/actor/lib/test/auto/LevelCrossTest11.xml (RunModel)" time="0.013" />
  <testcase classname="ptolemy.util.test.junit.AutoTests" name="[195] /home/travis/build/icyphy/ptII/ptolemy/actor/lib/test/auto/LevelCrossTest12.xml (RunModel)" time="0.016" />
  <testcase classname="ptolemy.util.test.junit.AutoTests" name="[196] /home/travis/build/icyphy/ptII/ptolemy/actor/lib/test/auto/LevelCrossTest13.xml (RunModel)" time="0.014" />
  <testcase classname="ptolemy.util.test.junit.AutoTests" name="[197] /home/travis/build/icyphy/ptII/ptolemy/actor/lib/test/auto/LevelCrossTest2.xml (RunModel)" time="0.01" />
  <testcase classname="ptolemy.util.test.junit.AutoTests" name="[198] /home/travis/build/icyphy/ptII/ptolemy/actor/lib/test/auto/LevelCrossTest3.xml (RunModel)" time="0.011" />
  <testcase classname="ptolemy.util.test.junit.AutoTests" name="[199] /home/travis/build/icyphy/ptII/ptolemy/actor/lib/test/auto/LevelCrossTest4.xml (RunModel)" time="0.011" />
  <testcase classname="ptolemy.util.test.junit.AutoTests" name="[200] /home/travis/build/icyphy/ptII/ptolemy/actor/lib/test/auto/LevelCrossTest5.xml (RunModel)" time="0.013" />
  <testcase classname="ptolemy.util.test.junit.AutoTests" name="[201] /home/travis/build/icyphy/ptII/ptolemy/actor/lib/test/auto/LevelCrossTest6.xml (RunModel)" time="0.013" />
  <testcase classname="ptolemy.util.test.junit.AutoTests" name="[202] /home/travis/build/icyphy/ptII/ptolemy/actor/lib/test/auto/LevelCrossTest7.xml (RunModel)" time="0.02" />
  <testcase classname="ptolemy.util.test.junit.AutoTests" name="[203] /home/travis/build/icyphy/ptII/ptolemy/actor/lib/test/auto/LevelCrossTest8.xml (RunModel)" time="0.013" />
  <testcase classname="ptolemy.util.test.junit.AutoTests" name="[204] /home/travis/build/icyphy/ptII/ptolemy/actor/lib/test/auto/LevelCrossTest9.xml (RunModel)" time="0.019" />
  <testcase classname="ptolemy.util.test.junit.AutoTests" name="[205] /home/travis/build/icyphy/ptII/ptolemy/actor/lib/test/auto/LevinsonDurbin.xml (RunModel)" time="0.016" />
  <testcase classname="ptolemy.util.test.junit.AutoTests" name="[206] /home/travis/build/icyphy/ptII/ptolemy/actor/lib/test/auto/LevinsonDurbin2.xml (RunModel)" time="0.008" />
  <testcase classname="ptolemy.util.test.junit.AutoTests" name="[207] /home/travis/build/icyphy/ptII/ptolemy/actor/lib/test/auto/LevinsonDurbin3.xml (RunModel)" time="0.011" />
  <testcase classname="ptolemy.util.test.junit.AutoTests" name="[208] /home/travis/build/icyphy/ptII/ptolemy/actor/lib/test/auto/Limiter.xml (RunModel)" time="0.041" />
  <testcase classname="ptolemy.util.test.junit.AutoTests" name="[209] /home/travis/build/icyphy/ptII/ptolemy/actor/lib/test/auto/LinearDifferenceEquationSystem.xml (RunModel)" time="0.021" />
  <testcase classname="ptolemy.util.test.junit.AutoTests" name="[210] /home/travis/build/icyphy/ptII/ptolemy/actor/lib/test/auto/LookupTable.xml (RunModel)" time="0.01" />
  <testcase classname="ptolemy.util.test.junit.AutoTests" name="[211] /home/travis/build/icyphy/ptII/ptolemy/actor/lib/test/auto/MathFunction.xml (RunModel)" time="0.02" />
  <testcase classname="ptolemy.util.test.junit.AutoTests" name="[212] /home/travis/build/icyphy/ptII/ptolemy/actor/lib/test/auto/MathFunction2.xml (RunModel)" time="0.02" />
  <testcase classname="ptolemy.util.test.junit.AutoTests" name="[213] /home/travis/build/icyphy/ptII/ptolemy/actor/lib/test/auto/MathFunction3.xml (RunModel)" time="0.027" />
  <testcase classname="ptolemy.util.test.junit.AutoTests" name="[214] /home/travis/build/icyphy/ptII/ptolemy/actor/lib/test/auto/MatrixCropBoolean.xml (RunModel)" time="0.014" />
  <testcase classname="ptolemy.util.test.junit.AutoTests" name="[215] /home/travis/build/icyphy/ptII/ptolemy/actor/lib/test/auto/MatrixCropComplex.xml (RunModel)" time="0.008" />
  <testcase classname="ptolemy.util.test.junit.AutoTests" name="[216] /home/travis/build/icyphy/ptII/ptolemy/actor/lib/test/auto/MatrixCropDouble.xml (RunModel)" time="0.008" />
  <testcase classname="ptolemy.util.test.junit.AutoTests" name="[217] /home/travis/build/icyphy/ptII/ptolemy/actor/lib/test/auto/MatrixCropFix.xml (RunModel)" time="0.013" />
  <testcase classname="ptolemy.util.test.junit.AutoTests" name="[218] /home/travis/build/icyphy/ptII/ptolemy/actor/lib/test/auto/MatrixCropInt.xml (RunModel)" time="0.009" />
  <testcase classname="ptolemy.util.test.junit.AutoTests" name="[219] /home/travis/build/icyphy/ptII/ptolemy/actor/lib/test/auto/MatrixCropLong.xml (RunModel)" time="0.009" />
  <testcase classname="ptolemy.util.test.junit.AutoTests" name="[220] /home/travis/build/icyphy/ptII/ptolemy/actor/lib/test/auto/MatrixToArray.xml (RunModel)" time="0.053" />
  <testcase classname="ptolemy.util.test.junit.AutoTests" name="[221] /home/travis/build/icyphy/ptII/ptolemy/actor/lib/test/auto/MaxIndex.xml (RunModel)" time="0.02" />
  <testcase classname="ptolemy.util.test.junit.AutoTests" name="[222] /home/travis/build/icyphy/ptII/ptolemy/actor/lib/test/auto/Maximum.xml (RunModel)" time="0.023" />
  <testcase classname="ptolemy.util.test.junit.AutoTests" name="[223] /home/travis/build/icyphy/ptII/ptolemy/actor/lib/test/auto/MaximumComplex.xml (RunModel)" time="0.017" />
  <testcase classname="ptolemy.util.test.junit.AutoTests" name="[224] /home/travis/build/icyphy/ptII/ptolemy/actor/lib/test/auto/MethodCallTest.xml (RunModel)" time="0.079" />
  <testcase classname="ptolemy.util.test.junit.AutoTests" name="[225] /home/travis/build/icyphy/ptII/ptolemy/actor/lib/test/auto/Minimum.xml (RunModel)" time="0.015" />
  <testcase classname="ptolemy.util.test.junit.AutoTests" name="[226] /home/travis/build/icyphy/ptII/ptolemy/actor/lib/test/auto/MinimumComplex.xml (RunModel)" time="0.022" />
  <testcase classname="ptolemy.util.test.junit.AutoTests" name="[227] /home/travis/build/icyphy/ptII/ptolemy/actor/lib/test/auto/MinimumMultiports.xml (RunModel)" time="0.018" />
  <testcase classname="ptolemy.util.test.junit.AutoTests" name="[228] /home/travis/build/icyphy/ptII/ptolemy/actor/lib/test/auto/ModifyDate.xml (RunModel)" time="0.035" />
  <testcase classname="ptolemy.util.test.junit.AutoTests" name="[229] /home/travis/build/icyphy/ptII/ptolemy/actor/lib/test/auto/ModifyDate2.xml (RunModel)" time="0.026" />
  <testcase classname="ptolemy.util.test.junit.AutoTests" name="[230] /home/travis/build/icyphy/ptII/ptolemy/actor/lib/test/auto/MovingAverage.xml (RunModel)" time="0.009" />
  <testcase classname="ptolemy.util.test.junit.AutoTests" name="[231] /home/travis/build/icyphy/ptII/ptolemy/actor/lib/test/auto/MovingMaximum.xml (RunModel)" time="0.011" />
  <testcase classname="ptolemy.util.test.junit.AutoTests" name="[232] /home/travis/build/icyphy/ptII/ptolemy/actor/lib/test/auto/MultipleLinksToSameRelation.xml (RunModel)" time="0.006" />
  <testcase classname="ptolemy.util.test.junit.AutoTests" name="[233] /home/travis/build/icyphy/ptII/ptolemy/actor/lib/test/auto/MultipleLinksToSameRelationDE.xml (RunModel)" time="0.008" />
  <testcase classname="ptolemy.util.test.junit.AutoTests" name="[234] /home/travis/build/icyphy/ptII/ptolemy/actor/lib/test/auto/Multiplexor.xml (RunModel)" time="0.01" />
  <testcase classname="ptolemy.util.test.junit.AutoTests" name="[235] /home/travis/build/icyphy/ptII/ptolemy/actor/lib/test/auto/Multiplexor1.xml (RunModel)" time="0.009" />
  <testcase classname="ptolemy.util.test.junit.AutoTests" name="[236] /home/travis/build/icyphy/ptII/ptolemy/actor/lib/test/auto/Multiplexor2.xml (RunModel)" time="0.014" />
  <testcase classname="ptolemy.util.test.junit.AutoTests" name="[237] /home/travis/build/icyphy/ptII/ptolemy/actor/lib/test/auto/Multiplexor3.xml (RunModel)" time="0.008" />
  <testcase classname="ptolemy.util.test.junit.AutoTests" name="[238] /home/travis/build/icyphy/ptII/ptolemy/actor/lib/test/auto/MultiplexorDE.xml (RunModel)" time="0.017" />
  <testcase classname="ptolemy.util.test.junit.AutoTests" name="[239] /home/travis/build/icyphy/ptII/ptolemy/actor/lib/test/auto/MultiportBroadcastTest.xml (RunModel)" time="0.089" />
  <testcase classname="ptolemy.util.test.junit.AutoTests" name="[240] /home/travis/build/icyphy/ptII/ptolemy/actor/lib/test/auto/MultiportOutHangDuringGetWidth.xml (RunModel)" time="0.032" />
  <testcase classname="ptolemy.util.test.junit.AutoTests" name="[241] /home/travis/build/icyphy/ptII/ptolemy/actor/lib/test/auto/NilToken.xml (RunModel)" time="0.009" />
  <testcase classname="ptolemy.util.test.junit.AutoTests" name="[242] /home/travis/build/icyphy/ptII/ptolemy/actor/lib/test/auto/NilTokenNonStrictTest.xml (RunModel)" time="0.009" />
  <testcase classname="ptolemy.util.test.junit.AutoTests" name="[243] /home/travis/build/icyphy/ptII/ptolemy/actor/lib/test/auto/NilTokenRecord.xml (RunModel)" time="0.02" />
  <testcase classname="ptolemy.util.test.junit.AutoTests" name="[244] /home/travis/build/icyphy/ptII/ptolemy/actor/lib/test/auto/NilTokenTypeTest.xml (RunModel)" time="0.029" />
  <testcase classname="ptolemy.util.test.junit.AutoTests" name="[245] /home/travis/build/icyphy/ptII/ptolemy/actor/lib/test/auto/ObjectToken1.xml (RunModel)" time="0.006" />
  <testcase classname="ptolemy.util.test.junit.AutoTests" name="[246] /home/travis/build/icyphy/ptII/ptolemy/actor/lib/test/auto/OrderedMerge.xml (RunModel)" time="0.025" />
  <testcase classname="ptolemy.util.test.junit.AutoTests" name="[247] /home/travis/build/icyphy/ptII/ptolemy/actor/lib/test/auto/OrderedRecordDisassembler.xml (RunModel)" time="0.015" />
  <testcase classname="ptolemy.util.test.junit.AutoTests" name="[248] /home/travis/build/icyphy/ptII/ptolemy/actor/lib/test/auto/OrderedRecordDisassembler2.xml (RunModel)" time="0.015" />
  <testcase classname="ptolemy.util.test.junit.AutoTests" name="[249] /home/travis/build/icyphy/ptII/ptolemy/actor/lib/test/auto/OrderedRecordUpdater.xml (RunModel)" time="0.015" />
  <testcase classname="ptolemy.util.test.junit.AutoTests" name="[250] /home/travis/build/icyphy/ptII/ptolemy/actor/lib/test/auto/OrderedRecordUpdater2.xml (RunModel)" time="0.015" />
  <testcase classname="ptolemy.util.test.junit.AutoTests" name="[251] /home/travis/build/icyphy/ptII/ptolemy/actor/lib/test/auto/PhaseUnwrap.xml (RunModel)" time="0.01" />
  <testcase classname="ptolemy.util.test.junit.AutoTests" name="[252] /home/travis/build/icyphy/ptII/ptolemy/actor/lib/test/auto/PoissonClock.xml (RunModel)" time="0.009" />
  <testcase classname="ptolemy.util.test.junit.AutoTests" name="[253] /home/travis/build/icyphy/ptII/ptolemy/actor/lib/test/auto/PoissonClock2.xml (RunModel)" time="0.006" />
  <testcase classname="ptolemy.util.test.junit.AutoTests" name="[254] /home/travis/build/icyphy/ptII/ptolemy/actor/lib/test/auto/PoissonClock3.xml (RunModel)" time="0.021" />
  <testcase classname="ptolemy.util.test.junit.AutoTests" name="[255] /home/travis/build/icyphy/ptII/ptolemy/actor/lib/test/auto/PubSubWithInitialTokens.xml (RunModel)" time="0.01" />
  <testcase classname="ptolemy.util.test.junit.AutoTests" name="[256] /home/travis/build/icyphy/ptII/ptolemy/actor/lib/test/auto/PubSubWithInitialTokens2.xml (RunModel)" time="0.014" />
  <testcase classname="ptolemy.util.test.junit.AutoTests" name="[257] /home/travis/build/icyphy/ptII/ptolemy/actor/lib/test/auto/PublisherClassNoParameter.xml (RunModel)" time="0.023" />
  <testcase classname="ptolemy.util.test.junit.AutoTests" name="[258] /home/travis/build/icyphy/ptII/ptolemy/actor/lib/test/auto/PublisherClassParameter.xml (RunModel)" time="0.018" />
  <testcase classname="ptolemy.util.test.junit.AutoTests" name="[259] /home/travis/build/icyphy/ptII/ptolemy/actor/lib/test/auto/PublisherNonStrictTest.xml (RunModel)" time="0.017" />
  <testcase classname="ptolemy.util.test.junit.AutoTests" name="[260] /home/travis/build/icyphy/ptII/ptolemy/actor/lib/test/auto/PublisherPort1.xml (RunModel)" time="0.008" />
  <testcase classname="ptolemy.util.test.junit.AutoTests" name="[261] /home/travis/build/icyphy/ptII/ptolemy/actor/lib/test/auto/PublisherPort2.xml (RunModel)" time="0.012" />
  <testcase classname="ptolemy.util.test.junit.AutoTests" name="[262] /home/travis/build/icyphy/ptII/ptolemy/actor/lib/test/auto/PublisherPort3.xml (RunModel)" time="0.018" />
  <testcase classname="ptolemy.util.test.junit.AutoTests" name="[263] /home/travis/build/icyphy/ptII/ptolemy/actor/lib/test/auto/PublisherPort4.xml (RunModel)" time="0.011" />
  <testcase classname="ptolemy.util.test.junit.AutoTests" name="[264] /home/travis/build/icyphy/ptII/ptolemy/actor/lib/test/auto/PublisherPort5.xml (RunModel)" time="0.012" />
  <testcase classname="ptolemy.util.test.junit.AutoTests" name="[265] /home/travis/build/icyphy/ptII/ptolemy/actor/lib/test/auto/PublisherPort5LookAlike.xml (RunModel)" time="0.014" />
  <testcase classname="ptolemy.util.test.junit.AutoTests" name="[266] /home/travis/build/icyphy/ptII/ptolemy/actor/lib/test/auto/PublisherPort6.xml (RunModel)" time="0.009" />
  <testcase classname="ptolemy.util.test.junit.AutoTests" name="[267] /home/travis/build/icyphy/ptII/ptolemy/actor/lib/test/auto/PublisherPort7.xml (RunModel)" time="0.012" />
  <testcase classname="ptolemy.util.test.junit.AutoTests" name="[268] /home/travis/build/icyphy/ptII/ptolemy/actor/lib/test/auto/PublisherPort8.xml (RunModel)" time="0.019" />
  <testcase classname="ptolemy.util.test.junit.AutoTests" name="[269] /home/travis/build/icyphy/ptII/ptolemy/actor/lib/test/auto/PublisherPortSubscriberChannelVariablesAOC2.xml (RunModel)" time="0.058" />
  <testcase classname="ptolemy.util.test.junit.AutoTests" name="[270] /home/travis/build/icyphy/ptII/ptolemy/actor/lib/test/auto/PublisherPortSubscriberOpaqueWidthInference.xml (RunModel)" time="0.012" />
  <testcase classname="ptolemy.util.test.junit.AutoTests" name="[271] /home/travis/build/icyphy/ptII/ptolemy/actor/lib/test/auto/PublisherPortSubscriberPortAdjacent.xml (RunModel)" time="0.014" />
  <testcase classname="ptolemy.util.test.junit.AutoTests" name="[272] /home/travis/build/icyphy/ptII/ptolemy/actor/lib/test/auto/PublisherPortSubscriberPortExpression.xml (RunModel)" time="0.013" />
  <testcase classname="ptolemy.util.test.junit.AutoTests" name="[273] /home/travis/build/icyphy/ptII/ptolemy/actor/lib/test/auto/PublisherPortSubscriberPortOpaqueD3Reverse.xml (RunModel)" time="0.029" />
  <testcase classname="ptolemy.util.test.junit.AutoTests" name="[274] /home/travis/build/icyphy/ptII/ptolemy/actor/lib/test/auto/PublisherPortSubscriberPortOpaqueWidthInference.xml (RunModel)" time="0.012" />
  <testcase classname="ptolemy.util.test.junit.AutoTests" name="[275] /home/travis/build/icyphy/ptII/ptolemy/actor/lib/test/auto/PublisherPortToplevelSubscriberPortAOC.xml (RunModel)" time="0.009" />
  <testcase classname="ptolemy.util.test.junit.AutoTests" name="[276] /home/travis/build/icyphy/ptII/ptolemy/actor/lib/test/auto/PublisherSubscriber.xml (RunModel)" time="0.014" />
  <testcase classname="ptolemy.util.test.junit.AutoTests" name="[277] /home/travis/build/icyphy/ptII/ptolemy/actor/lib/test/auto/PublisherSubscriber10.xml (RunModel)" time="0.024" />
  <testcase classname="ptolemy.util.test.junit.AutoTests" name="[278] /home/travis/build/icyphy/ptII/ptolemy/actor/lib/test/auto/PublisherSubscriber10InitialOutputs.xml (RunModel)" time="0.025" />
  <testcase classname="ptolemy.util.test.junit.AutoTests" name="[279] /home/travis/build/icyphy/ptII/ptolemy/actor/lib/test/auto/PublisherSubscriber11.xml (RunModel)" time="0.009" />
  <testcase classname="ptolemy.util.test.junit.AutoTests" name="[280] /home/travis/build/icyphy/ptII/ptolemy/actor/lib/test/auto/PublisherSubscriber12.xml (RunModel)" time="0.011" />
  <testcase classname="ptolemy.util.test.junit.AutoTests" name="[281] /home/travis/build/icyphy/ptII/ptolemy/actor/lib/test/auto/PublisherSubscriber13.xml (RunModel)" time="0.008" />
  <testcase classname="ptolemy.util.test.junit.AutoTests" name="[282] /home/travis/build/icyphy/ptII/ptolemy/actor/lib/test/auto/PublisherSubscriber14.xml (RunModel)" time="0.015" />
  <testcase classname="ptolemy.util.test.junit.AutoTests" name="[283] /home/travis/build/icyphy/ptII/ptolemy/actor/lib/test/auto/PublisherSubscriber2.xml (RunModel)" time="0.008" />
  <testcase classname="ptolemy.util.test.junit.AutoTests" name="[284] /home/travis/build/icyphy/ptII/ptolemy/actor/lib/test/auto/PublisherSubscriber3.xml (RunModel)" time="0.007" />
  <testcase classname="ptolemy.util.test.junit.AutoTests" name="[285] /home/travis/build/icyphy/ptII/ptolemy/actor/lib/test/auto/PublisherSubscriber4.xml (RunModel)" time="0.008" />
  <testcase classname="ptolemy.util.test.junit.AutoTests" name="[286] /home/travis/build/icyphy/ptII/ptolemy/actor/lib/test/auto/PublisherSubscriber5.xml (RunModel)" time="0.01" />
  <testcase classname="ptolemy.util.test.junit.AutoTests" name="[287] /home/travis/build/icyphy/ptII/ptolemy/actor/lib/test/auto/PublisherSubscriber6.xml (RunModel)" time="0.012" />
  <testcase classname="ptolemy.util.test.junit.AutoTests" name="[288] /home/travis/build/icyphy/ptII/ptolemy/actor/lib/test/auto/PublisherSubscriber7.xml (RunModel)" time="0.015" />
  <testcase classname="ptolemy.util.test.junit.AutoTests" name="[289] /home/travis/build/icyphy/ptII/ptolemy/actor/lib/test/auto/PublisherSubscriber8.xml (RunModel)" time="0.025" />
  <testcase classname="ptolemy.util.test.junit.AutoTests" name="[290] /home/travis/build/icyphy/ptII/ptolemy/actor/lib/test/auto/PublisherSubscriber9.xml (RunModel)" time="0.013" />
  <testcase classname="ptolemy.util.test.junit.AutoTests" name="[291] /home/travis/build/icyphy/ptII/ptolemy/actor/lib/test/auto/PublisherSubscriberAdjacent.xml (RunModel)" time="0.014" />
  <testcase classname="ptolemy.util.test.junit.AutoTests" name="[292] /home/travis/build/icyphy/ptII/ptolemy/actor/lib/test/auto/PublisherSubscriberChannelVariablesAOC2.xml (RunModel)" time="0.021" />
  <testcase classname="ptolemy.util.test.junit.AutoTests" name="[293] /home/travis/build/icyphy/ptII/ptolemy/actor/lib/test/auto/PublisherSubscriberD3.xml (RunModel)" time="0.01" />
  <testcase classname="ptolemy.util.test.junit.AutoTests" name="[294] /home/travis/build/icyphy/ptII/ptolemy/actor/lib/test/auto/PublisherSubscriberD3Reverse.xml (RunModel)" time="0.008" />
  <testcase classname="ptolemy.util.test.junit.AutoTests" name="[295] /home/travis/build/icyphy/ptII/ptolemy/actor/lib/test/auto/PublisherSubscriberExpression.xml (RunModel)" time="0.013" />
  <testcase classname="ptolemy.util.test.junit.AutoTests" name="[296] /home/travis/build/icyphy/ptII/ptolemy/actor/lib/test/auto/PublisherSubscriberOpaque.xml (RunModel)" time="0.011" />
  <testcase classname="ptolemy.util.test.junit.AutoTests" name="[297] /home/travis/build/icyphy/ptII/ptolemy/actor/lib/test/auto/PublisherSubscriberOpaqueD3.xml (RunModel)" time="0.02" />
  <testcase classname="ptolemy.util.test.junit.AutoTests" name="[298] /home/travis/build/icyphy/ptII/ptolemy/actor/lib/test/auto/PublisherSubscriberOpaqueD3Reverse.xml (RunModel)" time="0.019" />
  <testcase classname="ptolemy.util.test.junit.AutoTests" name="[299] /home/travis/build/icyphy/ptII/ptolemy/actor/lib/test/auto/PublisherSubscriberOpaqueWidthInference.xml (RunModel)" time="0.016" />
  <testcase classname="ptolemy.util.test.junit.AutoTests" name="[300] /home/travis/build/icyphy/ptII/ptolemy/actor/lib/test/auto/PublisherTestSubscriber.xml (RunModel)" time="0.013" />
  <testcase classname="ptolemy.util.test.junit.AutoTests" name="[301] /home/travis/build/icyphy/ptII/ptolemy/actor/lib/test/auto/PublisherToplevelSubscriberPortAOC.xml (RunModel)" time="0.008" />
  <testcase classname="ptolemy.util.test.junit.AutoTests" name="[302] /home/travis/build/icyphy/ptII/ptolemy/actor/lib/test/auto/PulseFiringLimitDE.xml (RunModel)" time="0.012" />
  <testcase classname="ptolemy.util.test.junit.AutoTests" name="[303] /home/travis/build/icyphy/ptII/ptolemy/actor/lib/test/auto/Ramp1.xml (RunModel)" time="0.005" />
  <testcase classname="ptolemy.util.test.junit.AutoTests" name="[304] /home/travis/build/icyphy/ptII/ptolemy/actor/lib/test/auto/RampFiringLimitDE.xml (RunModel)" time="0.008" />
  <testcase classname="ptolemy.util.test.junit.AutoTests" name="[305] /home/travis/build/icyphy/ptII/ptolemy/actor/lib/test/auto/RampFiringLimitSDF.xml (RunModel)" time="0.008" />
  <testcase classname="ptolemy.util.test.junit.AutoTests" name="[306] /home/travis/build/icyphy/ptII/ptolemy/actor/lib/test/auto/RandomInteger.xml (RunModel)" time="0.006" />
  <testcase classname="ptolemy.util.test.junit.AutoTests" name="[307] /home/travis/build/icyphy/ptII/ptolemy/actor/lib/test/auto/ReadFile1.xml (RunModel)" time="0.006" />
  <testcase classname="ptolemy.util.test.junit.AutoTests" name="[308] /home/travis/build/icyphy/ptII/ptolemy/actor/lib/test/auto/ReadFile2.xml (RunModel)" time="0.005" />
  <testcase classname="ptolemy.util.test.junit.AutoTests" name="[309] /home/travis/build/icyphy/ptII/ptolemy/actor/lib/test/auto/Reader.xml (RunModel)" time="0.051" />
  <testcase classname="ptolemy.util.test.junit.AutoTests" name="[310] /home/travis/build/icyphy/ptII/ptolemy/actor/lib/test/auto/RecordAssemblerDisplayNameTest.xml (RunModel)" time="3.452" />
  <testcase classname="ptolemy.util.test.junit.AutoTests" name="[311] /home/travis/build/icyphy/ptII/ptolemy/actor/lib/test/auto/RecordAssemblerTypeError.xml (RunModel)" time="0.034" />
  <testcase classname="ptolemy.util.test.junit.AutoTests" name="[312] /home/travis/build/icyphy/ptII/ptolemy/actor/lib/test/auto/RecordDisassember.xml (RunModel)" time="0.009" />
  <testcase classname="ptolemy.util.test.junit.AutoTests" name="[313] /home/travis/build/icyphy/ptII/ptolemy/actor/lib/test/auto/RecordDisassemberDisplayNameTest.xml (RunModel)" time="0.016" />
  <testcase classname="ptolemy.util.test.junit.AutoTests" name="[314] /home/travis/build/icyphy/ptII/ptolemy/actor/lib/test/auto/RecordDisassembler.xml (RunModel)" time="0.009" />
  <testcase classname="ptolemy.util.test.junit.AutoTests" name="[315] /home/travis/build/icyphy/ptII/ptolemy/actor/lib/test/auto/RecordDisassembler2.xml (RunModel)" time="0.008" />
  <testcase classname="ptolemy.util.test.junit.AutoTests" name="[316] /home/travis/build/icyphy/ptII/ptolemy/actor/lib/test/auto/RecordUpdater.xml (RunModel)" time="0.008" />
  <testcase classname="ptolemy.util.test.junit.AutoTests" name="[317] /home/travis/build/icyphy/ptII/ptolemy/actor/lib/test/auto/RecordUpdater2.xml (RunModel)" time="0.006" />
  <testcase classname="ptolemy.util.test.junit.AutoTests" name="[318] /home/travis/build/icyphy/ptII/ptolemy/actor/lib/test/auto/RecursiveLattice.xml (RunModel)" time="0.006" />
  <testcase classname="ptolemy.util.test.junit.AutoTests" name="[319] /home/travis/build/icyphy/ptII/ptolemy/actor/lib/test/auto/Router.xml (RunModel)" time="3.019" />
  <testcase classname="ptolemy.util.test.junit.AutoTests" name="[320] /home/travis/build/icyphy/ptII/ptolemy/actor/lib/test/auto/Router2.xml (RunModel)" time="3.025" />
  <testcase classname="ptolemy.util.test.junit.AutoTests" name="[321] /home/travis/build/icyphy/ptII/ptolemy/actor/lib/test/auto/RunningMaximum.xml (RunModel)" time="0.019" />
  <testcase classname="ptolemy.util.test.junit.AutoTests" name="[322] /home/travis/build/icyphy/ptII/ptolemy/actor/lib/test/auto/RunningMinimum.xml (RunModel)" time="0.015" />
  <testcase classname="ptolemy.util.test.junit.AutoTests" name="[323] /home/travis/build/icyphy/ptII/ptolemy/actor/lib/test/auto/Scale.xml (RunModel)" time="0.008" />
  <testcase classname="ptolemy.util.test.junit.AutoTests" name="[324] /home/travis/build/icyphy/ptII/ptolemy/actor/lib/test/auto/Scale2.xml (RunModel)" time="0.008" />
  <testcase classname="ptolemy.util.test.junit.AutoTests" name="[325] /home/travis/build/icyphy/ptII/ptolemy/actor/lib/test/auto/Scale3.xml (RunModel)" time="0.012" />
  <testcase classname="ptolemy.util.test.junit.AutoTests" name="[326] /home/travis/build/icyphy/ptII/ptolemy/actor/lib/test/auto/ScaleArray.xml (RunModel)" time="0.006" />
  <testcase classname="ptolemy.util.test.junit.AutoTests" name="[327] /home/travis/build/icyphy/ptII/ptolemy/actor/lib/test/auto/ScaleArray2.xml (RunModel)" time="0.006" />
  <testcase classname="ptolemy.util.test.junit.AutoTests" name="[328] /home/travis/build/icyphy/ptII/ptolemy/actor/lib/test/auto/ScaleMatrix.xml (RunModel)" time="0.146" />
  <testcase classname="ptolemy.util.test.junit.AutoTests" name="[329] /home/travis/build/icyphy/ptII/ptolemy/actor/lib/test/auto/Select.xml (RunModel)" time="0.012" />
  <testcase classname="ptolemy.util.test.junit.AutoTests" name="[330] /home/travis/build/icyphy/ptII/ptolemy/actor/lib/test/auto/Select2.xml (RunModel)" time="0.007" />
  <testcase classname="ptolemy.util.test.junit.AutoTests" name="[331] /home/travis/build/icyphy/ptII/ptolemy/actor/lib/test/auto/SequenceToArray2.xml (RunModel)" time="0.116" />
  <testcase classname="ptolemy.util.test.junit.AutoTests" name="[332] /home/travis/build/icyphy/ptII/ptolemy/actor/lib/test/auto/SequentialClock.xml (RunModel)" time="0.009" />
  <testcase classname="ptolemy.util.test.junit.AutoTests" name="[333] /home/travis/build/icyphy/ptII/ptolemy/actor/lib/test/auto/SetVariable.xml (RunModel)" time="0.008" />
  <testcase classname="ptolemy.util.test.junit.AutoTests" name="[334] /home/travis/build/icyphy/ptII/ptolemy/actor/lib/test/auto/SetVariable2.xml (RunModel)" time="0.007" />
  <testcase classname="ptolemy.util.test.junit.AutoTests" name="[335] /home/travis/build/icyphy/ptII/ptolemy/actor/lib/test/auto/SetVariable3.xml (RunModel)" time="0.014" />
  <testcase classname="ptolemy.util.test.junit.AutoTests" name="[336] /home/travis/build/icyphy/ptII/ptolemy/actor/lib/test/auto/SetVariable4.xml (RunModel)" time="0.027" />
  <testcase classname="ptolemy.util.test.junit.AutoTests" name="[337] /home/travis/build/icyphy/ptII/ptolemy/actor/lib/test/auto/SetVariable5.xml (RunModel)" time="0.032" />
  <testcase classname="ptolemy.util.test.junit.AutoTests" name="[338] /home/travis/build/icyphy/ptII/ptolemy/actor/lib/test/auto/Sinewave.xml (RunModel)" time="0.024" />
  <testcase classname="ptolemy.util.test.junit.AutoTests" name="[339] /home/travis/build/icyphy/ptII/ptolemy/actor/lib/test/auto/Sinewave2.xml (RunModel)" time="0.015" />
  <testcase classname="ptolemy.util.test.junit.AutoTests" name="[340] /home/travis/build/icyphy/ptII/ptolemy/actor/lib/test/auto/Sinewave3.xml (RunModel)" time="0.016" />
  <testcase classname="ptolemy.util.test.junit.AutoTests" name="[341] /home/travis/build/icyphy/ptII/ptolemy/actor/lib/test/auto/SingleEvent.xml (RunModel)" time="0.005" />
  <testcase classname="ptolemy.util.test.junit.AutoTests" name="[342] /home/travis/build/icyphy/ptII/ptolemy/actor/lib/test/auto/Sleep.xml (RunModel)" time="6.015" />
  <testcase classname="ptolemy.util.test.junit.AutoTests" name="[343] /home/travis/build/icyphy/ptII/ptolemy/actor/lib/test/auto/SleepMultipleFire.xml (RunModel)" time="1.028" />
  <testcase classname="ptolemy.util.test.junit.AutoTests" name="[344] /home/travis/build/icyphy/ptII/ptolemy/actor/lib/test/auto/StopDE.xml (RunModel)" time="0.018" />
  <testcase classname="ptolemy.util.test.junit.AutoTests" name="[345] /home/travis/build/icyphy/ptII/ptolemy/actor/lib/test/auto/StopSDF.xml (RunModel)" time="0.01" />
  <testcase classname="ptolemy.util.test.junit.AutoTests" name="[346] /home/travis/build/icyphy/ptII/ptolemy/actor/lib/test/auto/StringConstant.xml (RunModel)" time="0.013" />
  <testcase classname="ptolemy.util.test.junit.AutoTests" name="[347] /home/travis/build/icyphy/ptII/ptolemy/actor/lib/test/auto/SubscriberPortInitialValues1.xml (RunModel)" time="0.02" />
  <testcase classname="ptolemy.util.test.junit.AutoTests" name="[348] /home/travis/build/icyphy/ptII/ptolemy/actor/lib/test/auto/SubscriberPortInitialValues13.xml (RunModel)" time="0.025" />
  <testcase classname="ptolemy.util.test.junit.AutoTests" name="[349] /home/travis/build/icyphy/ptII/ptolemy/actor/lib/test/auto/SubscriberPortInitialValues14.xml (RunModel)" time="0.041" />
  <testcase classname="ptolemy.util.test.junit.AutoTests" name="[350] /home/travis/build/icyphy/ptII/ptolemy/actor/lib/test/auto/SubscriberPortInitialValues2.xml (RunModel)" time="0.018" />
  <testcase classname="ptolemy.util.test.junit.AutoTests" name="[351] /home/travis/build/icyphy/ptII/ptolemy/actor/lib/test/auto/SubscriberPortInitialValues3.xml (RunModel)" time="0.022" />
  <testcase classname="ptolemy.util.test.junit.AutoTests" name="[352] /home/travis/build/icyphy/ptII/ptolemy/actor/lib/test/auto/SubscriptionAggregator.xml (RunModel)" time="0.009" />
  <testcase classname="ptolemy.util.test.junit.AutoTests" name="[353] /home/travis/build/icyphy/ptII/ptolemy/actor/lib/test/auto/SubscriptionAggregator2.xml (RunModel)" time="0.009" />
  <testcase classname="ptolemy.util.test.junit.AutoTests" name="[354] /home/travis/build/icyphy/ptII/ptolemy/actor/lib/test/auto/SubscriptionAggregator3.xml (RunModel)" time="0.012" />
  <testcase classname="ptolemy.util.test.junit.AutoTests" name="[355] /home/travis/build/icyphy/ptII/ptolemy/actor/lib/test/auto/SubscriptionAggregatorMultiply.xml (RunModel)" time="0.02" />
  <testcase classname="ptolemy.util.test.junit.AutoTests" name="[356] /home/travis/build/icyphy/ptII/ptolemy/actor/lib/test/auto/SubscriptionAggregatorPortMultiply1.xml (RunModel)" time="0.01" />
  <testcase classname="ptolemy.util.test.junit.AutoTests" name="[357] /home/travis/build/icyphy/ptII/ptolemy/actor/lib/test/auto/Switch.xml (RunModel)" time="0.017" />
  <testcase classname="ptolemy.util.test.junit.AutoTests" name="[358] /home/travis/build/icyphy/ptII/ptolemy/actor/lib/test/auto/Switch2.xml (RunModel)" time="0.008" />
  <testcase classname="ptolemy.util.test.junit.AutoTests" name="[359] /home/travis/build/icyphy/ptII/ptolemy/actor/lib/test/auto/SwitchDE.xml (RunModel)" time="0.013" />
  <testcase classname="ptolemy.util.test.junit.AutoTests" name="[360] /home/travis/build/icyphy/ptII/ptolemy/actor/lib/test/auto/SynchronizerDE.xml (RunModel)" time="0.016" />
  <testcase classname="ptolemy.util.test.junit.AutoTests" name="[361] /home/travis/build/icyphy/ptII/ptolemy/actor/lib/test/auto/Test.xml (RunModel)" time="0.013" />
  <testcase classname="ptolemy.util.test.junit.AutoTests" name="[362] /home/travis/build/icyphy/ptII/ptolemy/actor/lib/test/auto/TestExceptionAttribute1.xml (RunModel)" time="0.005" />
  <testcase classname="ptolemy.util.test.junit.AutoTests" name="[363] /home/travis/build/icyphy/ptII/ptolemy/actor/lib/test/auto/TestExceptionAttribute2.xml (RunModel)" time="0.005" />
  <testcase classname="ptolemy.util.test.junit.AutoTests" name="[364] /home/travis/build/icyphy/ptII/ptolemy/actor/lib/test/auto/TestExceptionAttribute3.xml (RunModel)" time="0.008" />
  <testcase classname="ptolemy.util.test.junit.AutoTests" name="[365] /home/travis/build/icyphy/ptII/ptolemy/actor/lib/test/auto/TestExceptionAttribute4.xml (RunModel)" time="0.006" />
  <testcase classname="ptolemy.util.test.junit.AutoTests" name="[366] /home/travis/build/icyphy/ptII/ptolemy/actor/lib/test/auto/TestExceptionHandler1.xml (RunModel)" time="0.007" />
  <testcase classname="ptolemy.util.test.junit.AutoTests" name="[367] /home/travis/build/icyphy/ptII/ptolemy/actor/lib/test/auto/TestExceptionHandler2.xml (RunModel)" time="0.008" />
  <testcase classname="ptolemy.util.test.junit.AutoTests" name="[368] /home/travis/build/icyphy/ptII/ptolemy/actor/lib/test/auto/TestExceptionHandler3.xml (RunModel)" time="0.004" />
  <testcase classname="ptolemy.util.test.junit.AutoTests" name="[369] /home/travis/build/icyphy/ptII/ptolemy/actor/lib/test/auto/TestExceptionHandler4.xml (RunModel)" time="0.004" />
  <testcase classname="ptolemy.util.test.junit.AutoTests" name="[370] /home/travis/build/icyphy/ptII/ptolemy/actor/lib/test/auto/TestRequireCorrectOrder.xml (RunModel)" time="0.01" />
  <testcase classname="ptolemy.util.test.junit.AutoTests" name="[371] /home/travis/build/icyphy/ptII/ptolemy/actor/lib/test/auto/TestSimple.xml (RunModel)" time="0.005" />
  <testcase classname="ptolemy.util.test.junit.AutoTests" name="[372] /home/travis/build/icyphy/ptII/ptolemy/actor/lib/test/auto/ThrowModelError.xml (RunModel)" time="0.009" />
  <testcase classname="ptolemy.util.test.junit.AutoTests" name="[373] /home/travis/build/icyphy/ptII/ptolemy/actor/lib/test/auto/TimeDelayMicrosteps.xml (RunModel)" time="0.012" />
  <testcase classname="ptolemy.util.test.junit.AutoTests" name="[374] /home/travis/build/icyphy/ptII/ptolemy/actor/lib/test/auto/TimeDelayMicrosteps2.xml (RunModel)" time="0.012" />
  <testcase classname="ptolemy.util.test.junit.AutoTests" name="[375] /home/travis/build/icyphy/ptII/ptolemy/actor/lib/test/auto/TimeDelayMicrosteps3.xml (RunModel)" time="0.009" />
  <testcase classname="ptolemy.util.test.junit.AutoTests" name="[376] /home/travis/build/icyphy/ptII/ptolemy/actor/lib/test/auto/TimeDelayVariableMicrosteps.xml (RunModel)" time="0.009" />
  <testcase classname="ptolemy.util.test.junit.AutoTests" name="[377] /home/travis/build/icyphy/ptII/ptolemy/actor/lib/test/auto/TimeGap.xml (RunModel)" time="0.013" />
  <testcase classname="ptolemy.util.test.junit.AutoTests" name="[378] /home/travis/build/icyphy/ptII/ptolemy/actor/lib/test/auto/TimeGap2.xml (RunModel)" time="0.008" />
  <testcase classname="ptolemy.util.test.junit.AutoTests" name="[379] /home/travis/build/icyphy/ptII/ptolemy/actor/lib/test/auto/TimedSinewave.xml (RunModel)" time="0.04" />
  <testcase classname="ptolemy.util.test.junit.AutoTests" name="[380] /home/travis/build/icyphy/ptII/ptolemy/actor/lib/test/auto/TimedSinewavePhase.xml (RunModel)" time="0.03" />
  <testcase classname="ptolemy.util.test.junit.AutoTests" name="[381] /home/travis/build/icyphy/ptII/ptolemy/actor/lib/test/auto/Timer.xml (RunModel)" time="0.014" />
  <testcase classname="ptolemy.util.test.junit.AutoTests" name="[382] /home/travis/build/icyphy/ptII/ptolemy/actor/lib/test/auto/TriangularDistTestModel.xml (RunModel)" time="0.016" />
  <testcase classname="ptolemy.util.test.junit.AutoTests" name="[383] /home/travis/build/icyphy/ptII/ptolemy/actor/lib/test/auto/TrigFunction.xml (RunModel)" time="0.007" />
  <testcase classname="ptolemy.util.test.junit.AutoTests" name="[384] /home/travis/build/icyphy/ptII/ptolemy/actor/lib/test/auto/TrigFunctionDE.xml (RunModel)" time="0.008" />
  <testcase classname="ptolemy.util.test.junit.AutoTests" name="[385] /home/travis/build/icyphy/ptII/ptolemy/actor/lib/test/auto/TrigFunctionInverse.xml (RunModel)" time="0.007" />
  <testcase classname="ptolemy.util.test.junit.AutoTests" name="[386] /home/travis/build/icyphy/ptII/ptolemy/actor/lib/test/auto/TrigFunctionTan.xml (RunModel)" time="0.005" />
  <testcase classname="ptolemy.util.test.junit.AutoTests" name="[387] /home/travis/build/icyphy/ptII/ptolemy/actor/lib/test/auto/TriggeredClock.xml (RunModel)" time="0.006" />
  <testcase classname="ptolemy.util.test.junit.AutoTests" name="[388] /home/travis/build/icyphy/ptII/ptolemy/actor/lib/test/auto/URLDirectoryReader.xml (RunModel)" time="0.113" />
  <testcase classname="ptolemy.util.test.junit.AutoTests" name="[389] /home/travis/build/icyphy/ptII/ptolemy/actor/lib/test/auto/URLDirectoryReader3.xml (RunModel)" time="1.755" />
  <testcase classname="ptolemy.util.test.junit.AutoTests" name="[390] /home/travis/build/icyphy/ptII/ptolemy/actor/lib/test/auto/UnaryMathFunction.xml (RunModel)" time="0.027" />
  <testcase classname="ptolemy.util.test.junit.AutoTests" name="[391] /home/travis/build/icyphy/ptII/ptolemy/actor/lib/test/auto/Uniform.xml (RunModel)" time="0.013" />
  <testcase classname="ptolemy.util.test.junit.AutoTests" name="[392] /home/travis/build/icyphy/ptII/ptolemy/actor/lib/test/auto/UnionDisassemblerTest.xml (RunModel)" time="0.016" />
  <testcase classname="ptolemy.util.test.junit.AutoTests" name="[393] /home/travis/build/icyphy/ptII/ptolemy/actor/lib/test/auto/UtilityFunctions.xml (RunModel)" time="0.011" />
  <testcase classname="ptolemy.util.test.junit.AutoTests" name="[394] /home/travis/build/icyphy/ptII/ptolemy/actor/lib/test/auto/VariableSleep.xml (RunModel)" time="0.509" />
  <testcase classname="ptolemy.util.test.junit.AutoTests" name="[395] /home/travis/build/icyphy/ptII/ptolemy/actor/lib/test/auto/VectorAssemblerDisassemblerCT.xml (RunModel)" time="0.142" />
  <testcase classname="ptolemy.util.test.junit.AutoTests" name="[396] /home/travis/build/icyphy/ptII/ptolemy/actor/lib/test/auto/VectorAssemblerDisassemblerDE.xml (RunModel)" time="0.014" />
  <testcase classname="ptolemy.util.test.junit.AutoTests" name="[397] /home/travis/build/icyphy/ptII/ptolemy/actor/lib/test/auto/VectorAssemblerDisassemblerSDF.xml (RunModel)" time="0.01" />
  <testcase classname="ptolemy.util.test.junit.AutoTests" name="[398] /home/travis/build/icyphy/ptII/ptolemy/actor/lib/test/auto/WallClockTime.xml (RunModel)" time="1.011" />
  <testcase classname="ptolemy.util.test.junit.AutoTests" name="[399] /home/travis/build/icyphy/ptII/ptolemy/actor/lib/test/auto/WidthTestWithSubscriberPublisher.xml (RunModel)" time="0.035" />
  <testcase classname="ptolemy.util.test.junit.AutoTests" name="[400] /home/travis/build/icyphy/ptII/ptolemy/actor/lib/test/auto/WidthTestWithSubscriberPublisher2.xml (RunModel)" time="0.015" />
  <testcase classname="ptolemy.util.test.junit.AutoTests" name="[401] /home/travis/build/icyphy/ptII/ptolemy/actor/lib/test/auto/WidthTestWithSubscriberPublisher3.xml (RunModel)" time="0.008" />
  <testcase classname="ptolemy.util.test.junit.AutoTests" name="[402] /home/travis/build/icyphy/ptII/ptolemy/actor/lib/test/auto/Writer.xml (RunModel)" time="0.006" />
  <testcase classname="ptolemy.util.test.junit.AutoTests" name="[403] /home/travis/build/icyphy/ptII/ptolemy/actor/lib/test/auto/array.xml (RunModel)" time="0.008" />
  <testcase classname="ptolemy.util.test.junit.AutoTests" name="[404] /home/travis/build/icyphy/ptII/ptolemy/actor/lib/test/auto/array2.xml (RunModel)" time="0.025" />
  <testcase classname="ptolemy.util.test.junit.AutoTests" name="[405] /home/travis/build/icyphy/ptII/ptolemy/actor/lib/test/auto/arrayType.xml (RunModel)" time="0.019" />
  <testcase classname="ptolemy.util.test.junit.AutoTests" name="[406] /home/travis/build/icyphy/ptII/ptolemy/actor/lib/test/auto/arrayType10.xml (RunModel)" time="0.007" />
  <testcase classname="ptolemy.util.test.junit.AutoTests" name="[407] /home/travis/build/icyphy/ptII/ptolemy/actor/lib/test/auto/arrayType11.xml (RunModel)" time="0.006" />
  <testcase classname="ptolemy.util.test.junit.AutoTests" name="[408] /home/travis/build/icyphy/ptII/ptolemy/actor/lib/test/auto/arrayType12.xml (RunModel)" time="0.006" />
  <testcase classname="ptolemy.util.test.junit.AutoTests" name="[409] /home/travis/build/icyphy/ptII/ptolemy/actor/lib/test/auto/arrayType13.xml (RunModel)" time="0.006" />
  <testcase classname="ptolemy.util.test.junit.AutoTests" name="[410] /home/travis/build/icyphy/ptII/ptolemy/actor/lib/test/auto/arrayType14.xml (RunModel)" time="0.006" />
  <testcase classname="ptolemy.util.test.junit.AutoTests" name="[411] /home/travis/build/icyphy/ptII/ptolemy/actor/lib/test/auto/arrayType15.xml (RunModel)" time="0.007" />
  <testcase classname="ptolemy.util.test.junit.AutoTests" name="[412] /home/travis/build/icyphy/ptII/ptolemy/actor/lib/test/auto/arrayType16.xml (RunModel)" time="0.006" />
  <testcase classname="ptolemy.util.test.junit.AutoTests" name="[413] /home/travis/build/icyphy/ptII/ptolemy/actor/lib/test/auto/arrayType17.xml (RunModel)" time="0.006" />
  <testcase classname="ptolemy.util.test.junit.AutoTests" name="[414] /home/travis/build/icyphy/ptII/ptolemy/actor/lib/test/auto/arrayType18.xml (RunModel)" time="0.006" />
  <testcase classname="ptolemy.util.test.junit.AutoTests" name="[415] /home/travis/build/icyphy/ptII/ptolemy/actor/lib/test/auto/arrayType19.xml (RunModel)" time="0.006" />
  <testcase classname="ptolemy.util.test.junit.AutoTests" name="[416] /home/travis/build/icyphy/ptII/ptolemy/actor/lib/test/auto/arrayType2.xml (RunModel)" time="0.006" />
  <testcase classname="ptolemy.util.test.junit.AutoTests" name="[417] /home/travis/build/icyphy/ptII/ptolemy/actor/lib/test/auto/arrayType20.xml (RunModel)" time="0.006" />
  <testcase classname="ptolemy.util.test.junit.AutoTests" name="[418] /home/travis/build/icyphy/ptII/ptolemy/actor/lib/test/auto/arrayType21.xml (RunModel)" time="0.006" />
  <testcase classname="ptolemy.util.test.junit.AutoTests" name="[419] /home/travis/build/icyphy/ptII/ptolemy/actor/lib/test/auto/arrayType22.xml (RunModel)" time="0.007" />
  <testcase classname="ptolemy.util.test.junit.AutoTests" name="[420] /home/travis/build/icyphy/ptII/ptolemy/actor/lib/test/auto/arrayType23.xml (RunModel)" time="0.006" />
  <testcase classname="ptolemy.util.test.junit.AutoTests" name="[421] /home/travis/build/icyphy/ptII/ptolemy/actor/lib/test/auto/arrayType24.xml (RunModel)" time="0.01" />
  <testcase classname="ptolemy.util.test.junit.AutoTests" name="[422] /home/travis/build/icyphy/ptII/ptolemy/actor/lib/test/auto/arrayType25.xml (RunModel)" time="0.006" />
  <testcase classname="ptolemy.util.test.junit.AutoTests" name="[423] /home/travis/build/icyphy/ptII/ptolemy/actor/lib/test/auto/arrayType26.xml (RunModel)" time="0.006" />
  <testcase classname="ptolemy.util.test.junit.AutoTests" name="[424] /home/travis/build/icyphy/ptII/ptolemy/actor/lib/test/auto/arrayType27.xml (RunModel)" time="0.008" />
  <testcase classname="ptolemy.util.test.junit.AutoTests" name="[425] /home/travis/build/icyphy/ptII/ptolemy/actor/lib/test/auto/arrayType28.xml (RunModel)" time="0.007" />
  <testcase classname="ptolemy.util.test.junit.AutoTests" name="[426] /home/travis/build/icyphy/ptII/ptolemy/actor/lib/test/auto/arrayType3.xml (RunModel)" time="0.011" />
  <testcase classname="ptolemy.util.test.junit.AutoTests" name="[427] /home/travis/build/icyphy/ptII/ptolemy/actor/lib/test/auto/arrayType4.xml (RunModel)" time="0.006" />
  <testcase classname="ptolemy.util.test.junit.AutoTests" name="[428] /home/travis/build/icyphy/ptII/ptolemy/actor/lib/test/auto/arrayType5.xml (RunModel)" time="0.007" />
  <testcase classname="ptolemy.util.test.junit.AutoTests" name="[429] /home/travis/build/icyphy/ptII/ptolemy/actor/lib/test/auto/arrayType6.xml (RunModel)" time="0.009" />
  <testcase classname="ptolemy.util.test.junit.AutoTests" name="[430] /home/travis/build/icyphy/ptII/ptolemy/actor/lib/test/auto/arrayType7.xml (RunModel)" time="0.013" />
  <testcase classname="ptolemy.util.test.junit.AutoTests" name="[431] /home/travis/build/icyphy/ptII/ptolemy/actor/lib/test/auto/arrayType8.xml (RunModel)" time="0.018" />
  <testcase classname="ptolemy.util.test.junit.AutoTests" name="[432] /home/travis/build/icyphy/ptII/ptolemy/actor/lib/test/auto/arrayType9.xml (RunModel)" time="0.007" />
  <testcase classname="ptolemy.util.test.junit.AutoTests" name="[433] /home/travis/build/icyphy/ptII/ptolemy/actor/lib/test/auto/cast.xml (RunModel)" time="0.006" />
  <testcase classname="ptolemy.util.test.junit.AutoTests" name="[434] /home/travis/build/icyphy/ptII/ptolemy/actor/lib/test/auto/compositeMultiPort.xml (RunModel)" time="0.015" />
  <testcase classname="ptolemy.util.test.junit.AutoTests" name="[435] /home/travis/build/icyphy/ptII/ptolemy/actor/lib/test/auto/expressionCastInference.xml (RunModel)" time="0.006" />
  <testcase classname="ptolemy.util.test.junit.AutoTests" name="[436] /home/travis/build/icyphy/ptII/ptolemy/actor/lib/test/auto/expressionCastInference2.xml (RunModel)" time="0.006" />
  <testcase classname="ptolemy.util.test.junit.AutoTests" name="[437] /home/travis/build/icyphy/ptII/ptolemy/actor/lib/test/auto/expressionInference.xml (RunModel)" time="0.005" />
  <testcase classname="ptolemy.util.test.junit.AutoTests" name="[438] /home/travis/build/icyphy/ptII/ptolemy/actor/lib/test/auto/expression_bug.xml (RunModel)" time="0.006" />
  <testcase classname="ptolemy.util.test.junit.AutoTests" name="[439] /home/travis/build/icyphy/ptII/ptolemy/actor/lib/test/auto/factorial.xml (RunModel)" time="0.043" />
  <testcase classname="ptolemy.util.test.junit.AutoTests" name="[440] /home/travis/build/icyphy/ptII/ptolemy/actor/lib/test/auto/filterTest1.xml (RunModel)" time="0.011" />
  <testcase classname="ptolemy.util.test.junit.AutoTests" name="[441] /home/travis/build/icyphy/ptII/ptolemy/actor/lib/test/auto/funcApplyInConst.xml (RunModel)" time="0.009" />
  <testcase classname="ptolemy.util.test.junit.AutoTests" name="[442] /home/travis/build/icyphy/ptII/ptolemy/actor/lib/test/auto/funcApplyInExpr.xml (RunModel)" time="0.004" />
  <testcase classname="ptolemy.util.test.junit.AutoTests" name="[443] /home/travis/build/icyphy/ptII/ptolemy/actor/lib/test/auto/function.xml (RunModel)" time="0.008" />
  <testcase classname="ptolemy.util.test.junit.AutoTests" name="[444] /home/travis/build/icyphy/ptII/ptolemy/actor/lib/test/auto/function2.xml (RunModel)" time="0.007" />
  <testcase classname="ptolemy.util.test.junit.AutoTests" name="[445] /home/travis/build/icyphy/ptII/ptolemy/actor/lib/test/auto/function3.xml (RunModel)" time="0.005" />
  <testcase classname="ptolemy.util.test.junit.AutoTests" name="[446] /home/travis/build/icyphy/ptII/ptolemy/actor/lib/test/auto/functionClosureTest1.xml (RunModel)" time="0.008" />
  <testcase classname="ptolemy.util.test.junit.AutoTests" name="[447] /home/travis/build/icyphy/ptII/ptolemy/actor/lib/test/auto/functionClosureTest2.xml (RunModel)" time="0.005" />
  <testcase classname="ptolemy.util.test.junit.AutoTests" name="[448] /home/travis/build/icyphy/ptII/ptolemy/actor/lib/test/auto/functionClosureTest3.xml (RunModel)" time="0.009" />
  <testcase classname="ptolemy.util.test.junit.AutoTests" name="[449] /home/travis/build/icyphy/ptII/ptolemy/actor/lib/test/auto/functionClosureTest4.xml (RunModel)" time="0.012" />
  <testcase classname="ptolemy.util.test.junit.AutoTests" name="[450] /home/travis/build/icyphy/ptII/ptolemy/actor/lib/test/auto/functionClosureTest5.xml (RunModel)" time="0.009" />
  <testcase classname="ptolemy.util.test.junit.AutoTests" name="[451] /home/travis/build/icyphy/ptII/ptolemy/actor/lib/test/auto/functionClosureTest6.xml (RunModel)" time="0.006" />
  <testcase classname="ptolemy.util.test.junit.AutoTests" name="[452] /home/travis/build/icyphy/ptII/ptolemy/actor/lib/test/auto/functionsOnArcs.xml (RunModel)" time="0.007" />
  <testcase classname="ptolemy.util.test.junit.AutoTests" name="[453] /home/travis/build/icyphy/ptII/ptolemy/actor/lib/test/auto/functionsOnArcsHOF.xml (RunModel)" time="0.01" />
  <testcase classname="ptolemy.util.test.junit.AutoTests" name="[454] /home/travis/build/icyphy/ptII/ptolemy/actor/lib/test/auto/logic.xml (RunModel)" time="0.013" />
  <testcase classname="ptolemy.util.test.junit.AutoTests" name="[455] /home/travis/build/icyphy/ptII/ptolemy/actor/lib/test/auto/matrixType.xml (RunModel)" time="0.006" />
  <testcase classname="ptolemy.util.test.junit.AutoTests" name="[456] /home/travis/build/icyphy/ptII/ptolemy/actor/lib/test/auto/matrixType10.xml (RunModel)" time="0.006" />
  <testcase classname="ptolemy.util.test.junit.AutoTests" name="[457] /home/travis/build/icyphy/ptII/ptolemy/actor/lib/test/auto/matrixType11.xml (RunModel)" time="0.006" />
  <testcase classname="ptolemy.util.test.junit.AutoTests" name="[458] /home/travis/build/icyphy/ptII/ptolemy/actor/lib/test/auto/matrixType12.xml (RunModel)" time="0.008" />
  <testcase classname="ptolemy.util.test.junit.AutoTests" name="[459] /home/travis/build/icyphy/ptII/ptolemy/actor/lib/test/auto/matrixType13.xml (RunModel)" time="0.006" />
  <testcase classname="ptolemy.util.test.junit.AutoTests" name="[460] /home/travis/build/icyphy/ptII/ptolemy/actor/lib/test/auto/matrixType14.xml (RunModel)" time="0.007" />
  <testcase classname="ptolemy.util.test.junit.AutoTests" name="[461] /home/travis/build/icyphy/ptII/ptolemy/actor/lib/test/auto/matrixType2.xml (RunModel)" time="0.006" />
  <testcase classname="ptolemy.util.test.junit.AutoTests" name="[462] /home/travis/build/icyphy/ptII/ptolemy/actor/lib/test/auto/matrixType3.xml (RunModel)" time="0.008" />
  <testcase classname="ptolemy.util.test.junit.AutoTests" name="[463] /home/travis/build/icyphy/ptII/ptolemy/actor/lib/test/auto/matrixType4.xml (RunModel)" time="0.006" />
  <testcase classname="ptolemy.util.test.junit.AutoTests" name="[464] /home/travis/build/icyphy/ptII/ptolemy/actor/lib/test/auto/matrixType5.xml (RunModel)" time="0.005" />
  <testcase classname="ptolemy.util.test.junit.AutoTests" name="[465] /home/travis/build/icyphy/ptII/ptolemy/actor/lib/test/auto/matrixType6.xml (RunModel)" time="0.006" />
  <testcase classname="ptolemy.util.test.junit.AutoTests" name="[466] /home/travis/build/icyphy/ptII/ptolemy/actor/lib/test/auto/matrixType7.xml (RunModel)" time="0.007" />
  <testcase classname="ptolemy.util.test.junit.AutoTests" name="[467] /home/travis/build/icyphy/ptII/ptolemy/actor/lib/test/auto/matrixType8.xml (RunModel)" time="0.007" />
  <testcase classname="ptolemy.util.test.junit.AutoTests" name="[468] /home/travis/build/icyphy/ptII/ptolemy/actor/lib/test/auto/matrixType9.xml (RunModel)" time="0.005" />
  <testcase classname="ptolemy.util.test.junit.AutoTests" name="[469] /home/travis/build/icyphy/ptII/ptolemy/actor/lib/test/auto/paraFunctest.xml (RunModel)" time="0.005" />
  <testcase classname="ptolemy.util.test.junit.AutoTests" name="[470] /home/travis/build/icyphy/ptII/ptolemy/actor/lib/test/auto/paraFunctest2.xml (RunModel)" time="0.009" />
  <testcase classname="ptolemy.util.test.junit.AutoTests" name="[471] /home/travis/build/icyphy/ptII/ptolemy/actor/lib/test/auto/parameterPassing.xml (RunModel)" time="0.006" />
  <testcase classname="ptolemy.util.test.junit.AutoTests" name="[472] /home/travis/build/icyphy/ptII/ptolemy/actor/lib/test/auto/record.xml (RunModel)" time="0.008" />
  <testcase classname="ptolemy.util.test.junit.AutoTests" name="[473] /home/travis/build/icyphy/ptII/ptolemy/actor/lib/test/auto/sizedarray1.xml (RunModel)" time="0.008" />
  <testcase classname="ptolemy.util.test.junit.AutoTests" name="[474] /home/travis/build/icyphy/ptII/ptolemy/actor/lib/test/auto/sizedarray2.xml (RunModel)" time="0.008" />
  <testcase classname="ptolemy.util.test.junit.AutoTests" name="[475] /home/travis/build/icyphy/ptII/ptolemy/actor/lib/test/auto/twoPublishers.xml (RunModel)" time="0.019" />
  <system-out><![CDATA[/home/travis/build/icyphy/ptII/ptolemy/actor/lib/test/AbsoluteValue.tcl
testDefs.tcl: setting time out to 9000 seconds at Sat May 09 14:19:49 UTC 2020
98 ms. Memory: 129024K Free: 92595K (72%)
5 ms. Memory: 129024K Free: 90531K (70%)
5 ms. Memory: 129024K Free: 90050K (70%)
4 ms. Memory: 129024K Free: 89028K (69%)
/home/travis/build/icyphy/ptII/ptolemy/actor/lib/test/AddSubtract.tcl
9 ms. Memory: 129024K Free: 86980K (67%)
13 ms. Memory: 129024K Free: 86435K (67%)
15 ms. Memory: 129024K Free: 85442K (66%)
16 ms. Memory: 129024K Free: 84932K (66%)
81 ms. Memory: 129024K Free: 81860K (63%)
11 ms. Memory: 129024K Free: 80836K (63%)
/home/travis/build/icyphy/ptII/ptolemy/actor/lib/test/Average.tcl
8 ms. Memory: 129024K Free: 79298K (61%)
8 ms. Memory: 129024K Free: 78274K (61%)
/home/travis/build/icyphy/ptII/ptolemy/actor/lib/test/Bernoulli.tcl
9 ms. Memory: 129024K Free: 76740K (59%)
5 ms. Memory: 129024K Free: 76211K (59%)
/home/travis/build/icyphy/ptII/ptolemy/actor/lib/test/Clock.tcl
preinitializing
resolving types
initializing
executing number 1
wrapping up
idle
22 ms. Memory: 129024K Free: 73668K (57%)
Completed execution with 5 iterations
preinitializing
resolving types
initializing
executing number 1
wrapping up
idle
3 ms. Memory: 129024K Free: 72644K (56%)
Completed execution with 5 iterations
preinitializing
resolving types
initializing
executing number 1
wrapping up
idle
3 ms. Memory: 129024K Free: 72115K (56%)
Completed execution with 5 iterations
/home/travis/build/icyphy/ptII/ptolemy/actor/lib/test/Commutator.tcl
5 ms. Memory: 129024K Free: 70051K (54%)
6 ms. Memory: 129024K Free: 69027K (53%)
8 ms. Memory: 129024K Free: 63428K (49%)
/home/travis/build/icyphy/ptII/ptolemy/actor/lib/test/Const.tcl
3 ms. Memory: 129024K Free: 61875K (48%)
2 ms. Memory: 129024K Free: 61380K (48%)
2 ms. Memory: 129024K Free: 60851K (47%)
2 ms. Memory: 129024K Free: 60356K (47%)
2 ms. Memory: 129024K Free: 59842K (46%)
10 ms. Memory: 129024K Free: 57794K (45%)
4 ms. Memory: 129024K Free: 56755K (44%)
3 ms. Memory: 129024K Free: 56260K (44%)
/home/travis/build/icyphy/ptII/ptolemy/actor/lib/test/CurrentTime.tcl
preinitializing
resolving types
initializing
executing number 1
wrapping up
idle
7 ms. Memory: 129024K Free: 54212K (42%)
Completed execution with 11 iterations
/home/travis/build/icyphy/ptII/ptolemy/actor/lib/test/DB.tcl
3 ms. Memory: 129024K Free: 52659K (41%)
2 ms. Memory: 129024K Free: 52164K (40%)
1 ms. Memory: 129024K Free: 51650K (40%)
/home/travis/build/icyphy/ptII/ptolemy/actor/lib/test/DiscreteRandomSource.tcl
preinitializing
resolving types
initializing
executing number 1
wrapping up
idle
4 ms. Memory: 129024K Free: 50116K (39%)
Completed execution with 4 iterations
preinitializing
resolving types
initializing
executing number 1
wrapping up
idle
3 ms. Memory: 129024K Free: 49595K (38%)
Completed execution with 4 iterations
preinitializing
resolving types
initializing
executing number 1
wrapping up
idle
3 ms. Memory: 129024K Free: 49092K (38%)
Completed execution with 4 iterations
preinitializing
resolving types
initializing
executing number 1
wrapping up
idle
2 ms. Memory: 129024K Free: 48563K (38%)
Completed execution with 4 iterations
preinitializing
resolving types
initializing
executing number 1
wrapping up
idle
3 ms. Memory: 129024K Free: 48068K (37%)
Completed execution with 4 iterations
/home/travis/build/icyphy/ptII/ptolemy/actor/lib/test/Distributor.tcl
8 ms. Memory: 129024K Free: 113319K (88%)
18 ms. Memory: 129024K Free: 112265K (87%)
StreamChangeRequest.changeExecuted(): <deleteEntity name="rec2"/> succeeded
StreamChangeRequest.changeExecuted(): <deleteRelation name="r2"/> succeeded
StreamChangeRequest.changeExecuted(): Record firings per iteration succeeded
5 ms. Memory: 129024K Free: 110233K (85%)
/home/travis/build/icyphy/ptII/ptolemy/actor/lib/test/Exit.tcl
Exit.tcl: this will print a message about Manager.exitAfterWrapup, which can be ignored.
6 ms. Memory: 129024K Free: 107255K (83%)
/home/travis/build/icyphy/ptII/ptolemy/actor/lib/test/Expression.tcl
11 ms. Memory: 129024K Free: 103616K (80%)
2 ms. Memory: 129024K Free: 103065K (80%)
3 ms. Memory: 129024K Free: 102041K (79%)
preinitializing
resolving types
initializing
executing number 1
wrapping up
idle
4 ms. Memory: 129024K Free: 100553K (78%)
Completed execution with 6 iterations
3 ms. Memory: 129024K Free: 99977K (77%)
2 ms. Memory: 129024K Free: 98953K (77%)
4 ms. Memory: 129024K Free: 97945K (76%)
3 ms. Memory: 129024K Free: 96913K (75%)
3 ms. Memory: 129024K Free: 95425K (74%)
/home/travis/build/icyphy/ptII/ptolemy/actor/lib/test/Gaussian.tcl
9 ms. Memory: 129024K Free: 93863K (73%)
sleeping 1 seconds: .................................................................................................................................................................................................................................................................................................................................................................................................................................................................................................................................................................................................................................................................................................................................................................................................................................................................................................................................................................................................................................................................................................................................................................................................................................................................................................................................................................................................................................................................................................................................................................................................................................................................................................................................................................................................................................................................................................................................................................................................................................................................................................................................................................................................................................................................................................................................................................................................................................................................................................................................................................................................................................................................................................................................................................................................................................................................................................................................................................................................................................................................................................................................................................................................................................................................................................................................................................................................................................................................................................................................................................................................................................................................................................................................................................................................................................................................................................................................................................................................................................................................................................................................................................................................................................................................2 ms. Memory: 129024K Free: 97562K (76%)
2 ms. Memory: 129024K Free: 96538K (75%)
2 ms. Memory: 129024K Free: 96010K (74%)
2 ms. Memory: 129024K Free: 95514K (74%)
2 ms. Memory: 129024K Free: 94970K (74%)
/home/travis/build/icyphy/ptII/ptolemy/actor/lib/test/IIR.tcl
/home/travis/build/icyphy/ptII/ptolemy/actor/lib/test/Interpolator.tcl
5 ms. Memory: 129024K Free: 90904K (70%)
4 ms. Memory: 129024K Free: 90394K (70%)
1 ms. Memory: 129024K Free: 89866K (70%)
2 ms. Memory: 129024K Free: 89370K (69%)
2 ms. Memory: 129024K Free: 88346K (68%)
10 ms. Memory: 129024K Free: 87818K (68%)
4 ms. Memory: 129024K Free: 86794K (67%)
2 ms. Memory: 129024K Free: 85778K (66%)
2 ms. Memory: 129024K Free: 84760K (66%)
2 ms. Memory: 129024K Free: 84250K (65%)
/home/travis/build/icyphy/ptII/ptolemy/actor/lib/test/MathFunction.tcl
3 ms. Memory: 129024K Free: 82202K (64%)
1 ms. Memory: 129024K Free: 80634K (62%)
1 ms. Memory: 129024K Free: 79640K (62%)
2 ms. Memory: 129024K Free: 79130K (61%)
3 ms. Memory: 129024K Free: 77592K (60%)
5 ms. Memory: 129024K Free: 75544K (59%)
/home/travis/build/icyphy/ptII/ptolemy/actor/lib/test/Maximum.tcl
3 ms. Memory: 129024K Free: 74010K (57%)
2 ms. Memory: 129024K Free: 72986K (57%)
2 ms. Memory: 129024K Free: 72466K (56%)
2 ms. Memory: 129024K Free: 71962K (56%)
/home/travis/build/icyphy/ptII/ptolemy/actor/lib/test/Minimum.tcl
6 ms. Memory: 129024K Free: 111526K (86%)
2 ms. Memory: 129024K Free: 111012K (86%)
1 ms. Memory: 129024K Free: 110502K (86%)
1 ms. Memory: 129024K Free: 109974K (85%)
/home/travis/build/icyphy/ptII/ptolemy/actor/lib/test/MultiplyDivide.tcl
5 ms. Memory: 129024K Free: 107910K (84%)
2 ms. Memory: 129024K Free: 106902K (83%)
7 ms. Memory: 129024K Free: 106406K (82%)
3 ms. Memory: 129024K Free: 105878K (82%)
2 ms. Memory: 129024K Free: 104868K (81%)
/home/travis/build/icyphy/ptII/ptolemy/actor/lib/test/OrderedMerge.tcl
Connections changed on port: inputA
Connections changed on port: inputB
Connections changed on port: output
Connections changed on port: output
Connections changed on port: output
Connections changed on port: input
.top. Preinitializing ...
Invoking preinitialize():  .top.OrderedMerge
Called preinitialize()
Invoking preinitialize():  .top.Ramp
Called preinitialize()
Invoking preinitialize():  .top.Ramp2
Called preinitialize()
Invoking preinitialize():  .top.Test
Called preinitialize()
Connections changed on port: inputA
Connections changed on port: output
Connections changed on port: output
Connections changed on port: input
Connections changed on port: inputB
Connections changed on port: output
.top. Finished preinitialize().
Called initialize().
Invoking initialize():  .top.OrderedMerge
Initializing actor: .top.OrderedMerge
Adding a thread: .top.OrderedMerge
Invoking initialize():  .top.Ramp
Initializing actor: .top.Ramp
Adding a thread: .top.Ramp
Invoking initialize():  .top.Ramp2
Initializing actor: .top.Ramp2
Adding a thread: .top.Ramp2
Invoking initialize():  .top.Test
Initializing actor: .top.Test
Adding a thread: .top.Test
-- Starting thread.
Called fire().
Called initialize()
Checking for deadlock:
Called prefire()
Called fire()
-- Starting thread.
Called initialize()
-- Starting thread.
Called initialize()
Called prefire()
Called prefire()
Called fire()
Called fire()
There are 0 Blocked actors, 0 Stopped actors, and 4 active threads.
Waiting for actors to stop.
Called postfire()
Called prefire()
Checking for deadlock:
-- Starting thread.
Called fire()
Called initialize()
Called prefire()
Called fire()
Called postfire()
Called prefire()
Called fire()
There are 1 Blocked actors, 0 Stopped actors, and 4 active threads.
Waiting for actors to stop.
Called postfire()
Called prefire()
Called fire()
Checking for deadlock:
There are 3 Blocked actors, 0 Stopped actors, and 4 active threads.
Waiting for actors to stop.
Read input token from inputA with value 0.0
Next port to read input from is inputB
Called postfire()
Called prefire()
Called fire()
Read input token from inputB with value 0.0
Sent output token with value 0.0
Next port to read input from is inputA
Called postfire()
Called prefire()
Called fire()
Read input token from inputA with value 1.0
Called postfire()
Called prefire()
Called fire()
-- Read input: 0.0, which is expected to match: 0.0
Called prefire()
Called fire()
Checking for deadlock:
There are 2 Blocked actors, 0 Stopped actors, and 4 active threads.
Waiting for actors to stop.
Called postfire()
Called prefire()
Called fire()
Sent output token with value 0.0
Next port to read input from is inputB
Called postfire()
Called prefire()
Called fire()
Read input token from inputB with value 1.5
Checking for deadlock:
There are 2 Blocked actors, 0 Stopped actors, and 4 active threads.
Waiting for actors to stop.
Called postfire()
Called prefire()
Called fire()
-- Read input: 0.0, which is expected to match: 0.0
Called prefire()
Called fire()
Checking for deadlock:
There are 3 Blocked actors, 0 Stopped actors, and 4 active threads.
Waiting for actors to stop.
-- Read input: 1.0, which is expected to match: 1.0
Called prefire()
Called fire()
Checking for deadlock:
There are 3 Blocked actors, 0 Stopped actors, and 4 active threads.
Waiting for actors to stop.
Sent output token with value 1.0
Next port to read input from is inputA
Called postfire()
Called prefire()
Called fire()
Read input token from inputA with value 2.0
Sent output token with value 1.5
Next port to read input from is inputB
Called postfire()
Called prefire()
Called fire()
Read input token from inputB with value 3.0
Called postfire()
Called postfire()
Called prefire()
Called prefire()
Called fire()
Called fire()
Checking for deadlock:
There are 3 Blocked actors, 0 Stopped actors, and 4 active threads.
Waiting for actors to stop.
-- Read input: 1.5, which is expected to match: 1.5
Called prefire()
Called fire()
Checking for deadlock:
There are 3 Blocked actors, 0 Stopped actors, and 4 active threads.
Waiting for actors to stop.
-- Read input: 2.0, which is expected to match: 2.0
Called prefire()
Called fire()
Checking for deadlock:
There are 3 Blocked actors, 0 Stopped actors, and 4 active threads.
Waiting for actors to stop.
Sent output token with value 2.0
Next port to read input from is inputA
Called postfire()
Called prefire()
Called fire()
Read input token from inputA with value 3.0
Sent output token with value 3.0
Next port to read input from is inputB
Called postfire()
Called prefire()
Called fire()
Read input token from inputB with value 4.5
Checking for deadlock:
There are 1 Blocked actors, 0 Stopped actors, and 4 active threads.
Waiting for actors to stop.
-- Read input: 3.0, which is expected to match: 3.0
Called postfire()
Called prefire()
Called fire()
Called prefire()
Called fire()
Called postfire()
Checking for deadlock:
Called prefire()
Called fire()
There are 2 Blocked actors, 0 Stopped actors, and 4 active threads.
Waiting for actors to stop.
Checking for deadlock:
There are 2 Blocked actors, 0 Stopped actors, and 4 active threads.
Waiting for actors to stop.
-- Read input: 3.0, which is expected to match: 3.0
Called prefire()
Called fire()
Sent output token with value 3.0
Next port to read input from is inputA
Called postfire()
Called prefire()
Called fire()
Read input token from inputA with value 4.0
Sent output token with value 4.0
Next port to read input from is inputA
Called postfire()
Called prefire()
Called fire()
Checking for deadlock:
There are 2 Blocked actors, 0 Stopped actors, and 4 active threads.
Waiting for actors to stop.
Called postfire()
Called prefire()
Called fire()
-- Read input: 4.0, which is expected to match: 4.0
Called prefire()
Called fire()
Past the end of training data. Read and discard all inputs.
Checking for deadlock:
There are 3 Blocked actors, 0 Stopped actors, and 4 active threads.
Waiting for actors to stop.
Checking for deadlock:
There are 2 Blocked actors, 0 Stopped actors, and 4 active threads.
Waiting for actors to stop.
Called postfire()
Called prefire()
Called fire()
Checking for deadlock:
There are 3 Blocked actors, 0 Stopped actors, and 4 active threads.
Waiting for actors to stop.
Read input token from inputA with value 5.0
Called prefire()
Called fire()
Past the end of training data. Read and discard all inputs.
Checking for deadlock:
There are 3 Blocked actors, 0 Stopped actors, and 4 active threads.
Waiting for actors to stop.
Sent output token with value 4.5
Next port to read input from is inputB
Called postfire()
Called prefire()
Called fire()
Checking for deadlock:
Called postfire()
There are 2 Blocked actors, 0 Stopped actors, and 4 active threads.
Called prefire()
Waiting for actors to stop.
Called fire()
Checking for deadlock:
There are 3 Blocked actors, 0 Stopped actors, and 4 active threads.
Waiting for actors to stop.
Read input token from inputB with value 6.0
Checking for deadlock:
There are 2 Blocked actors, 0 Stopped actors, and 4 active threads.
Waiting for actors to stop.
Called prefire()
Called fire()
Past the end of training data. Read and discard all inputs.
Checking for deadlock:
There are 3 Blocked actors, 0 Stopped actors, and 4 active threads.
Waiting for actors to stop.
Sent output token with value 5.0
Next port to read input from is inputA
Called postfire()
Called prefire()
Called fire()
Called postfire()
Called prefire()
Called fire()
Checking for deadlock:
There are 3 Blocked actors, 0 Stopped actors, and 4 active threads.
Waiting for actors to stop.
Read input token from inputA with value 6.0
Called prefire()
Called fire()
Past the end of training data. Read and discard all inputs.
Checking for deadlock:
There are 3 Blocked actors, 0 Stopped actors, and 4 active threads.
Waiting for actors to stop.
Sent output token with value 6.0
Next port to read input from is inputB
Called postfire()
Called prefire()
Called fire()
Checking for deadlock:
There are 2 Blocked actors, 0 Stopped actors, and 4 active threads.
Waiting for actors to stop.
Called postfire()
Called prefire()
Read input token from inputB with value 7.5
Called fire()
Called prefire()
Called fire()
Past the end of training data. Read and discard all inputs.
Checking for deadlock:
There are 3 Blocked actors, 0 Stopped actors, and 4 active threads.
Waiting for actors to stop.
Sent output token with value 6.0
Next port to read input from is inputA
Called postfire()
Called prefire()
Called fire()
Called postfire()
Called prefire()
Called fire()
Checking for deadlock:
There are 3 Blocked actors, 0 Stopped actors, and 4 active threads.
Waiting for actors to stop.
Read input token from inputA with value 7.0
Called prefire()
Called fire()
Past the end of training data. Read and discard all inputs.
Checking for deadlock:
There are 3 Blocked actors, 0 Stopped actors, and 4 active threads.
Waiting for actors to stop.
Sent output token with value 7.0
Next port to read input from is inputA
Called postfire()
Called prefire()
Called fire()
-- Thread wrapup() called.
Called wrapup()
Thread .top.Ramp is exiting.
-- Thread stopped.
Checking for deadlock:
There are 2 Blocked actors, 0 Stopped actors, and 3 active threads.
Waiting for actors to stop.
Read input token from inputA with value 8.0
Checking for deadlock:
There are 1 Blocked actors, 0 Stopped actors, and 3 active threads.
Waiting for actors to stop.
Called prefire()
Called fire()
Past the end of training data. Read and discard all inputs.
Checking for deadlock:
There are 2 Blocked actors, 0 Stopped actors, and 3 active threads.
Waiting for actors to stop.
Sent output token with value 7.5
Next port to read input from is inputB
Called postfire()
Called prefire()
Called fire()
Checking for deadlock:
There are 1 Blocked actors, 0 Stopped actors, and 3 active threads.
Waiting for actors to stop.
Called postfire()
Read input token from inputB with value 9.0
Called prefire()
Called fire()
Called prefire()
Called fire()
Past the end of training data. Read and discard all inputs.
Checking for deadlock:
There are 2 Blocked actors, 0 Stopped actors, and 3 active threads.
Waiting for actors to stop.
Sent output token with value 8.0
Next port to read input from is inputA
Called postfire()
Called prefire()
Called fire()
Read input token from inputA with value 9.0
Called prefire()
Called fire()
Past the end of training data. Read and discard all inputs.
Checking for deadlock:
There are 2 Blocked actors, 0 Stopped actors, and 3 active threads.
Waiting for actors to stop.
Sent output token with value 9.0
Next port to read input from is inputB
Called postfire()
Called prefire()
Called fire()
Checking for deadlock:
There are 1 Blocked actors, 0 Stopped actors, and 3 active threads.
Waiting for actors to stop.
Called postfire()
Called prefire()
Read input token from inputB with value 10.5
Called fire()
Called prefire()
Called fire()
Past the end of training data. Read and discard all inputs.
Checking for deadlock:
There are 2 Blocked actors, 0 Stopped actors, and 3 active threads.
Waiting for actors to stop.
Sent output token with value 9.0
Next port to read input from is inputA
Called postfire()
Called prefire()
Called fire()
Checking for deadlock:
There are 3 Blocked actors, 0 Stopped actors, and 3 active threads.
Actors have stopped.
Checking for deadlock:
There are 3 Blocked actors, 0 Stopped actors, and 3 active threads.
Deadlock detected.
Resolving Deadlock
Checking for deadlock:
There are 3 Blocked actors, 0 Stopped actors, and 3 active threads.
Artificial Deadlock - increasing queue capacity.
increasing the capacity of receiver ptolemy.actor.TypedIOPort {.top.OrderedMerge.inputB} to 2
Director: Called postfire().
Called postfire().
_stopRequested = false
_stopFireRequested = false
Returning from postfire(): true
Called fire().
Checking for deadlock:
There are 2 Blocked actors, 0 Stopped actors, and 3 active threads.
Waiting for actors to stop.
-- Thread wrapup() called.
Called wrapup()
Thread .top.Ramp2 is exiting.
-- Thread stopped.
Checking for deadlock:
There are 2 Blocked actors, 0 Stopped actors, and 2 active threads.
Actors have stopped.
Checking for deadlock:
There are 2 Blocked actors, 0 Stopped actors, and 2 active threads.
Deadlock detected.
Resolving Deadlock
Checking for deadlock:
There are 2 Blocked actors, 0 Stopped actors, and 2 active threads.
Deadlock detected: no processes blocked on write, but some are blocked on read.
Called postfire().
_stopRequested = false
_stopFireRequested = false
Returning from postfire(): false
Finished deactivating branches.
Called wrapup().
-- Thread wrapup() called.
Called wrapup()
Thread .top.OrderedMerge is exiting.
-- Thread stopped.
-- Blocked Receiver call threw TerminateProcessException.
-- Thread wrapup() called.
Called wrapup()
Thread .top.Test is exiting.
-- Thread stopped.
-- Blocked Receiver call threw TerminateProcessException.
52 ms. Memory: 129024K Free: 99748K (77%)
.top. Preinitializing ...
Invoking preinitialize():  .top.OrderedMerge
Called preinitialize()
Invoking preinitialize():  .top.Ramp
Called preinitialize()
Invoking preinitialize():  .top.Ramp2
Called preinitialize()
Invoking preinitialize():  .top.Test
Called preinitialize()
.top. Finished preinitialize().
Called initialize().
Invoking initialize():  .top.OrderedMerge
Initializing actor: .top.OrderedMerge
Adding a thread: .top.OrderedMerge
Invoking initialize():  .top.Ramp
Initializing actor: .top.Ramp
Adding a thread: .top.Ramp
Invoking initialize():  .top.Ramp2
Initializing actor: .top.Ramp2
Adding a thread: .top.Ramp2
Invoking initialize():  .top.Test
Initializing actor: .top.Test
Adding a thread: .top.Test
-- Starting thread.
Called initialize()
Called prefire()
Called fire()
-- Starting thread.
Called initialize()
Called prefire()
Called fire()
Called postfire()
Called prefire()
Called fire()
-- Starting thread.
Called initialize()
Called prefire()
Called fire()
Called postfire()
Called prefire()
Called fire()
Called fire().
Checking for deadlock:
There are 3 Blocked actors, 0 Stopped actors, and 4 active threads.
Waiting for actors to stop.
-- Starting thread.
Called initialize()
Called prefire()
Called fire()
Checking for deadlock:
There are 2 Blocked actors, 0 Stopped actors, and 4 active threads.
Waiting for actors to stop.
Called postfire()
Called prefire()
Called fire()
Checking for deadlock:
There are 3 Blocked actors, 0 Stopped actors, and 4 active threads.
Waiting for actors to stop.
Read input token from inputA with value 0.0
Next port to read input from is inputB
Called postfire()
Called prefire()
Called fire()
Called postfire()
Called prefire()
Called fire()
Checking for deadlock:
There are 3 Blocked actors, 0 Stopped actors, and 4 active threads.
Waiting for actors to stop.
Read input token from inputB with value 0.0
Checking for deadlock:
There are 2 Blocked actors, 0 Stopped actors, and 4 active threads.
Waiting for actors to stop.
-- Read input: 0.0, which is expected to match: 0.0
Called prefire()
Called fire()
Checking for deadlock:
There are 3 Blocked actors, 0 Stopped actors, and 4 active threads.
Waiting for actors to stop.
Sent output token with value 0.0
Next port to read input from is inputA
Called postfire()
Called prefire()
Called fire()
Checking for deadlock:
There are 2 Blocked actors, 0 Stopped actors, and 4 active threads.
Waiting for actors to stop.
Called postfire()
Called prefire()
Called fire()
Checking for deadlock:
There are 3 Blocked actors, 0 Stopped actors, and 4 active threads.
Waiting for actors to stop.
Read input token from inputA with value 1.0
Checking for deadlock:
There are 2 Blocked actors, 0 Stopped actors, and 4 active threads.
Waiting for actors to stop.
-- Read input: 0.0, which is expected to match: 0.0
Called prefire()
Called fire()
Checking for deadlock:
There are 3 Blocked actors, 0 Stopped actors, and 4 active threads.
Waiting for actors to stop.
Sent output token with value 0.0
Next port to read input from is inputB
Called postfire()
Called prefire()
Called fire()
Called postfire()
Called prefire()
Called fire()
Checking for deadlock:
There are 3 Blocked actors, 0 Stopped actors, and 4 active threads.
Waiting for actors to stop.
Read input token from inputB with value 1.5
-- Read input: 1.0, which is expected to match: 1.0
Called prefire()
Called fire()
Checking for deadlock:
There are 3 Blocked actors, 0 Stopped actors, and 4 active threads.
Waiting for actors to stop.
Sent output token with value 1.0
Next port to read input from is inputA
Called postfire()
Called prefire()
Called fire()
Called postfire()
Called prefire()
Called fire()
Checking for deadlock:
There are 3 Blocked actors, 0 Stopped actors, and 4 active threads.
Waiting for actors to stop.
Read input token from inputA with value 2.0
-- Read input: 1.5, which is expected to match: 1.5
Called prefire()
Called fire()
Checking for deadlock:
There are 3 Blocked actors, 0 Stopped actors, and 4 active threads.
Waiting for actors to stop.
Sent output token with value 1.5
Next port to read input from is inputB
Called postfire()
Called prefire()
Called fire()
Called postfire()
Called prefire()
Called fire()
Checking for deadlock:
There are 3 Blocked actors, 0 Stopped actors, and 4 active threads.
Waiting for actors to stop.
Read input token from inputB with value 3.0
-- Read input: 2.0, which is expected to match: 2.0
Called prefire()
Called fire()
Checking for deadlock:
There are 3 Blocked actors, 0 Stopped actors, and 4 active threads.
Waiting for actors to stop.
Sent output token with value 2.0
Next port to read input from is inputA
Called postfire()
Called prefire()
Called fire()
Called postfire()
Called prefire()
Called fire()
Checking for deadlock:
There are 3 Blocked actors, 0 Stopped actors, and 4 active threads.
Waiting for actors to stop.
Read input token from inputA with value 3.0
-- Read input: 3.0, which is expected to match: 3.0
Called prefire()
Called fire()
Checking for deadlock:
There are 3 Blocked actors, 0 Stopped actors, and 4 active threads.
Waiting for actors to stop.
Sent output token with value 3.0
Next port to read input from is inputB
Called postfire()
Called prefire()
Called fire()
Called postfire()
Called prefire()
Called fire()
Checking for deadlock:
There are 3 Blocked actors, 0 Stopped actors, and 4 active threads.
Waiting for actors to stop.
Read input token from inputB with value 4.5
-- Read input: 3.0, which is expected to match: 3.0
Called prefire()
Called fire()
Checking for deadlock:
There are 3 Blocked actors, 0 Stopped actors, and 4 active threads.
Waiting for actors to stop.
Sent output token with value 3.0
Next port to read input from is inputA
Called postfire()
Called prefire()
Called fire()
Called postfire()
Called prefire()
Called fire()
Checking for deadlock:
There are 3 Blocked actors, 0 Stopped actors, and 4 active threads.
Waiting for actors to stop.
Read input token from inputA with value 4.0
-- Read input: 4.0, which is expected to match: 4.0
Called prefire()
Called fire()
Past the end of training data. Read and discard all inputs.
Checking for deadlock:
There are 3 Blocked actors, 0 Stopped actors, and 4 active threads.
Waiting for actors to stop.
Sent output token with value 4.0
Next port to read input from is inputA
Called postfire()
Called prefire()
Called fire()
Called postfire()
Called prefire()
Called fire()
Checking for deadlock:
There are 3 Blocked actors, 0 Stopped actors, and 4 active threads.
Waiting for actors to stop.
Read input token from inputA with value 5.0
Called prefire()
Called fire()
Past the end of training data. Read and discard all inputs.
Checking for deadlock:
There are 3 Blocked actors, 0 Stopped actors, and 4 active threads.
Waiting for actors to stop.
Sent output token with value 4.5
Next port to read input from is inputB
Called postfire()
Called prefire()
Called fire()
Called postfire()
Called prefire()
Called fire()
Checking for deadlock:
There are 3 Blocked actors, 0 Stopped actors, and 4 active threads.
Waiting for actors to stop.
Read input token from inputB with value 6.0
Called prefire()
Called fire()
Checking for deadlock:
Past the end of training data. Read and discard all inputs.
There are 2 Blocked actors, 0 Stopped actors, and 4 active threads.
Waiting for actors to stop.
Checking for deadlock:
There are 3 Blocked actors, 0 Stopped actors, and 4 active threads.
Waiting for actors to stop.
Sent output token with value 5.0
Next port to read input from is inputA
Called postfire()
Called prefire()
Called fire()
Checking for deadlock:
There are 2 Blocked actors, 0 Stopped actors, and 4 active threads.
Waiting for actors to stop.
Called postfire()
Called prefire()
Called fire()
Checking for deadlock:
There are 3 Blocked actors, 0 Stopped actors, and 4 active threads.
Waiting for actors to stop.
Read input token from inputA with value 6.0
Checking for deadlock:
There are 2 Blocked actors, 0 Stopped actors, and 4 active threads.
Waiting for actors to stop.
Called prefire()
Called fire()
Past the end of training data. Read and discard all inputs.
Sent output token with value 6.0
Checking for deadlock:
There are 3 Blocked actors, 0 Stopped actors, and 4 active threads.
Next port to read input from is inputB
Called postfire()
Waiting for actors to stop.
Called prefire()
Called fire()
Checking for deadlock:
There are 2 Blocked actors, 0 Stopped actors, and 4 active threads.
Waiting for actors to stop.
Called postfire()
Called prefire()
Called fire()
Checking for deadlock:
Read input token from inputB with value 7.5
There are 3 Blocked actors, 0 Stopped actors, and 4 active threads.
Waiting for actors to stop.
Checking for deadlock:
Called prefire()
There are 2 Blocked actors, 0 Stopped actors, and 4 active threads.
Waiting for actors to stop.
Called fire()
Past the end of training data. Read and discard all inputs.
Checking for deadlock:
There are 3 Blocked actors, 0 Stopped actors, and 4 active threads.
Waiting for actors to stop.
Sent output token with value 6.0
Next port to read input from is inputA
Called postfire()
Called prefire()
Called fire()
Called postfire()
Called prefire()
Called fire()
Checking for deadlock:
There are 3 Blocked actors, 0 Stopped actors, and 4 active threads.
Waiting for actors to stop.
Read input token from inputA with value 7.0
Called prefire()
Called fire()
Past the end of training data. Read and discard all inputs.
Checking for deadlock:
There are 3 Blocked actors, 0 Stopped actors, and 4 active threads.
Waiting for actors to stop.
Sent output token with value 7.0
Next port to read input from is inputA
Called postfire()
Called prefire()
Called fire()
-- Thread wrapup() called.
Called wrapup()
Thread .top.Ramp is exiting.
-- Thread stopped.
Checking for deadlock:
There are 2 Blocked actors, 0 Stopped actors, and 3 active threads.
Waiting for actors to stop.
Read input token from inputA with value 8.0
Checking for deadlock:
There are 1 Blocked actors, 0 Stopped actors, and 3 active threads.
Sent output token with value 7.5
Waiting for actors to stop.
Called prefire()
Called fire()
Past the end of training data. Read and discard all inputs.
Checking for deadlock:
There are 2 Blocked actors, 0 Stopped actors, and 3 active threads.
Waiting for actors to stop.
Next port to read input from is inputB
Called postfire()
Called prefire()
Called fire()
Checking for deadlock:
Called postfire()
There are 1 Blocked actors, 0 Stopped actors, and 3 active threads.
Called prefire()
Called fire()
Waiting for actors to stop.
Checking for deadlock:
There are 2 Blocked actors, 0 Stopped actors, and 3 active threads.
Waiting for actors to stop.
Read input token from inputB with value 9.0
Checking for deadlock:
There are 1 Blocked actors, 0 Stopped actors, and 3 active threads.
Waiting for actors to stop.
Sent output token with value 8.0
Called prefire()
Called fire()
Past the end of training data. Read and discard all inputs.
Checking for deadlock:
There are 2 Blocked actors, 0 Stopped actors, and 3 active threads.
Waiting for actors to stop.
Next port to read input from is inputA
Called postfire()
Called prefire()
Called fire()
Read input token from inputA with value 9.0
Called prefire()
Called fire()
Past the end of training data. Read and discard all inputs.
Checking for deadlock:
There are 2 Blocked actors, 0 Stopped actors, and 3 active threads.
Sent output token with value 9.0
Waiting for actors to stop.
Next port to read input from is inputB
Called postfire()
Called prefire()
Called fire()
Checking for deadlock:
There are 1 Blocked actors, 0 Stopped actors, and 3 active threads.
Waiting for actors to stop.
Called postfire()
Called prefire()
Called fire()
Checking for deadlock:
Read input token from inputB with value 10.5
There are 2 Blocked actors, 0 Stopped actors, and 3 active threads.
Waiting for actors to stop.
Checking for deadlock:
There are 1 Blocked actors, 0 Stopped actors, and 3 active threads.
Waiting for actors to stop.
Called prefire()
Called fire()
Past the end of training data. Read and discard all inputs.
Checking for deadlock:
Sent output token with value 9.0
There are 2 Blocked actors, 0 Stopped actors, and 3 active threads.
Waiting for actors to stop.
Next port to read input from is inputA
Called postfire()
Called prefire()
Called fire()
Checking for deadlock:
There are 3 Blocked actors, 0 Stopped actors, and 3 active threads.
Actors have stopped.
Checking for deadlock:
There are 3 Blocked actors, 0 Stopped actors, and 3 active threads.
Deadlock detected.
Resolving Deadlock
Checking for deadlock:
There are 3 Blocked actors, 0 Stopped actors, and 3 active threads.
Artificial Deadlock - increasing queue capacity.
increasing the capacity of receiver ptolemy.actor.TypedIOPort {.top.OrderedMerge.inputB} to 2
Director: Called postfire().
Called postfire().
-- Thread wrapup() called.
_stopRequested = false
_stopFireRequested = false
Returning from postfire(): true
Called wrapup()
Thread .top.Ramp2 is exiting.
-- Thread stopped.
Called fire().
Checking for deadlock:
There are 2 Blocked actors, 0 Stopped actors, and 2 active threads.
Actors have stopped.
Checking for deadlock:
There are 2 Blocked actors, 0 Stopped actors, and 2 active threads.
Deadlock detected.
Resolving Deadlock
Checking for deadlock:
There are 2 Blocked actors, 0 Stopped actors, and 2 active threads.
Deadlock detected: no processes blocked on write, but some are blocked on read.
Called postfire().
_stopRequested = false
_stopFireRequested = false
Returning from postfire(): false
Finished deactivating branches.
Called wrapup().
-- Thread wrapup() called.
Called wrapup()
Thread .top.Test is exiting.
-- Thread stopped.
-- Blocked Receiver call threw TerminateProcessException.
-- Thread wrapup() called.
Called wrapup()
Thread .top.OrderedMerge is exiting.
-- Thread stopped.
-- Blocked Receiver call threw TerminateProcessException.
37 ms. Memory: 129024K Free: 97700K (76%)
/home/travis/build/icyphy/ptII/ptolemy/actor/lib/test/Publisher.tcl
4 ms. Memory: 129024K Free: 91046K (71%)
3 ms. Memory: 129024K Free: 85926K (67%)
2 ms. Memory: 129024K Free: 82340K (64%)
3 ms. Memory: 129024K Free: 81302K (63%)
2 ms. Memory: 129024K Free: 80292K (62%)
3 ms. Memory: 129024K Free: 79782K (62%)
2 ms. Memory: 129024K Free: 78758K (61%)
3 ms. Memory: 129024K Free: 77734K (60%)
24 ms. Memory: 129024K Free: 111906K (87%)
7 ms. Memory: 129024K Free: 107810K (84%)
4 ms. Memory: 129024K Free: 107266K (83%)
3 ms. Memory: 129024K Free: 105234K (82%)
5 ms. Memory: 129024K Free: 97570K (76%)
8 ms. Memory: 129024K Free: 87840K (68%)
13 ms. Memory: 129024K Free: 76576K (59%)
/home/travis/build/icyphy/ptII/ptolemy/actor/lib/test/Pulse.tcl
2 ms. Memory: 157696K Free: 130330K (83%)
1 ms. Memory: 157696K Free: 129306K (82%)
1 ms. Memory: 157696K Free: 128778K (82%)
2 ms. Memory: 157696K Free: 128282K (81%)
1 ms. Memory: 157696K Free: 127738K (81%)
5 ms. Memory: 157696K Free: 126744K (80%)
2 ms. Memory: 157696K Free: 125720K (80%)
1 ms. Memory: 157696K Free: 124696K (79%)
2 ms. Memory: 157696K Free: 124186K (79%)
/home/travis/build/icyphy/ptII/ptolemy/actor/lib/test/Ramp.tcl
3 ms. Memory: 157696K Free: 122138K (77%)
2 ms. Memory: 157696K Free: 121610K (77%)
2 ms. Memory: 157696K Free: 120586K (76%)
2 ms. Memory: 157696K Free: 120090K (76%)
4 ms. Memory: 157696K Free: 119066K (76%)
4 ms. Memory: 157696K Free: 118552K (75%)
5 ms. Memory: 157696K Free: 117522K (75%)
5 actors
4000 microseconds per iteration to create
6 ms. Memory: 157696K Free: 114970K (73%)
1 ms. Memory: 157696K Free: 113946K (72%)
2 ms. Memory: 157696K Free: 113432K (72%)
2 ms. Memory: 157696K Free: 112922K (72%)
50 actors
38000 microseconds per iteration to create
42 ms. Memory: 157696K Free: 97562K (62%)
15 ms. Memory: 157696K Free: 96024K (61%)
11 ms. Memory: 157696K Free: 95000K (60%)
4 ms. Memory: 157696K Free: 93962K (60%)
500 actors
1382000 microseconds per iteration to create
205 ms. Memory: 157696K Free: 80752K (51%)
42 ms. Memory: 157696K Free: 75122K (48%)
34 ms. Memory: 157696K Free: 70002K (44%)
30 ms. Memory: 157696K Free: 64882K (41%)
/home/travis/build/icyphy/ptII/ptolemy/actor/lib/test/RampContinuous.tcl
9 ms. Memory: 157696K Free: 63344K (40%)
/home/travis/build/icyphy/ptII/ptolemy/actor/lib/test/RecordAssembler.tcl
4 ms. Memory: 157696K Free: 61810K (39%)
3 ms. Memory: 157696K Free: 60786K (39%)
/home/travis/build/icyphy/ptII/ptolemy/actor/lib/test/RecordDisassembler.tcl
13 ms. Memory: 157696K Free: 59234K (38%)
4 ms. Memory: 157696K Free: 58224K (37%)
3 ms. Memory: 157696K Free: 57200K (36%)
/home/travis/build/icyphy/ptII/ptolemy/actor/lib/test/Scale.tcl
2 ms. Memory: 157696K Free: 55152K (35%)
2 ms. Memory: 157696K Free: 54642K (35%)
1 ms. Memory: 157696K Free: 134116K (85%)
2 ms. Memory: 157696K Free: 133602K (85%)
2 ms. Memory: 157696K Free: 132578K (84%)
/home/travis/build/icyphy/ptII/ptolemy/actor/lib/test/SequentialClock.tcl
preinitializing
resolving types
initializing
executing number 1
wrapping up
idle
1 ms. Memory: 157696K Free: 131539K (83%)
Completed execution with 5 iterations
preinitializing
resolving types
initializing
executing number 1
wrapping up
idle
1 ms. Memory: 157696K Free: 130530K (83%)
Completed execution with 5 iterations
preinitializing
resolving types
initializing
executing number 1
wrapping up
idle
1 ms. Memory: 157696K Free: 130020K (82%)
Completed execution with 5 iterations
/home/travis/build/icyphy/ptII/ptolemy/actor/lib/test/SetVariable.tcl
3 ms. Memory: 157696K Free: 128467K (81%)
/home/travis/build/icyphy/ptII/ptolemy/actor/lib/test/Sinewave.tcl
/home/travis/build/icyphy/ptII/ptolemy/actor/lib/test/SubscriptionAggregator.tcl
3 ms. Memory: 157696K Free: 116708K (74%)
2 ms. Memory: 157696K Free: 116194K (74%)
1 ms. Memory: 157696K Free: 115684K (73%)
0 ms. Memory: 157696K Free: 115155K (73%)
2 ms. Memory: 157696K Free: 111588K (71%)
7 ms. Memory: 157696K Free: 109540K (69%)
...............................................................869 ms. Memory: 265216K Free: 177677K (67%)
/home/travis/build/icyphy/ptII/ptolemy/actor/lib/test/Test.tcl
 The next command will produce a warning about training mode,
   which may be ignored.
6 ms. Memory: 265216K Free: 175638K (66%)
3 ms. Memory: 265216K Free: 174583K (66%)
1 ms. Memory: 265216K Free: 174104K (66%)
2 ms. Memory: 265216K Free: 173575K (65%)
2 ms. Memory: 265216K Free: 172551K (65%)
3 ms. Memory: 265216K Free: 171527K (65%)
3 ms. Memory: 265216K Free: 170503K (64%)
 The next command will produce a warning about training mode,
   which may be ignored.
4 ms. Memory: 265216K Free: 167960K (63%)
 The next command will produce a warning about training mode,
   which may be ignored.
2 ms. Memory: 265216K Free: 166936K (63%)
1 ms. Memory: 265216K Free: 166391K (63%)
1 ms. Memory: 265216K Free: 165912K (63%)
2 ms. Memory: 265216K Free: 165367K (62%)
6 ms. Memory: 265216K Free: 164374K (62%)
6 ms. Memory: 265216K Free: 160271K (60%)
/home/travis/build/icyphy/ptII/ptolemy/actor/lib/test/TestExceptionHandler.tcl
 The next command will produce a warning about training mode,
   which may be ignored.
2 ms. Memory: 265216K Free: 159247K (60%)
0 ms. Memory: 265216K Free: 158744K (60%)
1 ms. Memory: 265216K Free: 158223K (60%)
/home/travis/build/icyphy/ptII/ptolemy/actor/lib/test/UnionDisassembler.tcl
15 ms. Memory: 265216K Free: 151055K (57%)
/home/travis/build/icyphy/ptII/ptolemy/actor/lib/test/VariableClock.tcl
preinitializing
resolving types
initializing
executing number 1
wrapping up
idle
3 ms. Memory: 265216K Free: 149007K (56%)
Completed execution with 11 iterations
preinitializing
resolving types
initializing
executing number 1
wrapping up
idle
4 ms. Memory: 265216K Free: 146951K (55%)
Completed execution with 10 iterations
05/09/20 02:19:56
Failed: 0  Total Tests: 233  ((Passed: 233, Newly Passed: 0)  Known Failed: 0) /home/travis/build/icyphy/ptII/ptolemy/actor/lib/test
----------------- testing (KnownFailure) /home/travis/build/icyphy/ptII/ptolemy/actor/lib/test/auto/knownFailedTests/PublisherPortToplevelSubscriber.xml
0 ms. Memory: 265216K Free: 143384K (54%)
Known Failure: java.lang.reflect.InvocationTargetException
----------------- testing (KnownFailure) /home/travis/build/icyphy/ptII/ptolemy/actor/lib/test/auto/knownFailedTests/PublisherSubscriberPortToplevel.xml
1 ms. Memory: 265216K Free: 139798K (53%)
Known Failure: java.lang.reflect.InvocationTargetException
----------------- testing (KnownFailure) /home/travis/build/icyphy/ptII/ptolemy/actor/lib/test/auto/knownFailedTests/PublisherSubscriptionAggregatorPort.xml
1 ms. Memory: 265216K Free: 135702K (51%)
Known Failure: java.lang.reflect.InvocationTargetException
----------------- testing (KnownFailure) /home/travis/build/icyphy/ptII/ptolemy/actor/lib/test/auto/knownFailedTests/sizedarray3.xml
3 ms. Memory: 265216K Free: 131606K (50%)
Known Failure: java.lang.reflect.InvocationTargetException
No auto/linux-amd64/*.xml tests in /home/travis/build/icyphy/ptII/ptolemy/actor/lib/test
AutoTests.java: About to close Vertx.
AutoTests.java: Vertx closed.

===========================================================================================
----------------- testing Sat May 09 14:19:56 UTC 2020 /home/travis/build/icyphy/ptII/ptolemy/actor/lib/test/auto/AbsoluteValue.xml
----------------- Instantiating /home/travis/build/icyphy/ptII/ptolemy/actor/lib/test/auto/AbsoluteValue.xml
23 ms. Memory: 265216K Free: 108568K (41%)
----------------- Invoking toplevel() on ptolemy.moml.MoMLSimpleApplication@4828ef43
----------------- Done invoking toplevel() on ptolemy.moml.MoMLSimpleApplication@4828ef43
reloadAllAccessors: .AbsoluteValue

===========================================================================================
----------------- testing Sat May 09 14:19:56 UTC 2020 /home/travis/build/icyphy/ptII/ptolemy/actor/lib/test/auto/AbsoluteValue2.xml
----------------- Instantiating /home/travis/build/icyphy/ptII/ptolemy/actor/lib/test/auto/AbsoluteValue2.xml
4 ms. Memory: 265216K Free: 101400K (38%)
----------------- Invoking toplevel() on ptolemy.moml.MoMLSimpleApplication@7189e877
----------------- Done invoking toplevel() on ptolemy.moml.MoMLSimpleApplication@7189e877
reloadAllAccessors: .AbsoluteValue2

===========================================================================================
----------------- testing Sat May 09 14:19:56 UTC 2020 /home/travis/build/icyphy/ptII/ptolemy/actor/lib/test/auto/Accumulator.xml
----------------- Instantiating /home/travis/build/icyphy/ptII/ptolemy/actor/lib/test/auto/Accumulator.xml
7 ms. Memory: 265216K Free: 95256K (36%)
----------------- Invoking toplevel() on ptolemy.moml.MoMLSimpleApplication@389f9054
----------------- Done invoking toplevel() on ptolemy.moml.MoMLSimpleApplication@389f9054
reloadAllAccessors: .Accumulator

===========================================================================================
----------------- testing Sat May 09 14:19:56 UTC 2020 /home/travis/build/icyphy/ptII/ptolemy/actor/lib/test/auto/Accumulator2.xml
----------------- Instantiating /home/travis/build/icyphy/ptII/ptolemy/actor/lib/test/auto/Accumulator2.xml
3 ms. Memory: 265216K Free: 90136K (34%)
----------------- Invoking toplevel() on ptolemy.moml.MoMLSimpleApplication@4d155e60
----------------- Done invoking toplevel() on ptolemy.moml.MoMLSimpleApplication@4d155e60
reloadAllAccessors: .Accumulator2

===========================================================================================
----------------- testing Sat May 09 14:19:56 UTC 2020 /home/travis/build/icyphy/ptII/ptolemy/actor/lib/test/auto/Accumulator3.xml
----------------- Instantiating /home/travis/build/icyphy/ptII/ptolemy/actor/lib/test/auto/Accumulator3.xml
3 ms. Memory: 265216K Free: 85526K (32%)
----------------- Invoking toplevel() on ptolemy.moml.MoMLSimpleApplication@6e0ea8b3
----------------- Done invoking toplevel() on ptolemy.moml.MoMLSimpleApplication@6e0ea8b3
reloadAllAccessors: .Accumulator3

===========================================================================================
----------------- testing Sat May 09 14:19:56 UTC 2020 /home/travis/build/icyphy/ptII/ptolemy/actor/lib/test/auto/ArrayAppend.xml
----------------- Instantiating /home/travis/build/icyphy/ptII/ptolemy/actor/lib/test/auto/ArrayAppend.xml
4 ms. Memory: 265216K Free: 79896K (30%)
----------------- Invoking toplevel() on ptolemy.moml.MoMLSimpleApplication@4d36836c
----------------- Done invoking toplevel() on ptolemy.moml.MoMLSimpleApplication@4d36836c
reloadAllAccessors: .ArrayAppend

===========================================================================================
----------------- testing Sat May 09 14:19:56 UTC 2020 /home/travis/build/icyphy/ptII/ptolemy/actor/lib/test/auto/ArrayAppend2.xml
----------------- Instantiating /home/travis/build/icyphy/ptII/ptolemy/actor/lib/test/auto/ArrayAppend2.xml
320 ms. Memory: 265216K Free: 135445K (51%)
----------------- Invoking toplevel() on ptolemy.moml.MoMLSimpleApplication@30137968
----------------- Done invoking toplevel() on ptolemy.moml.MoMLSimpleApplication@30137968
reloadAllAccessors: .ArrayAppend2

===========================================================================================
----------------- testing Sat May 09 14:19:57 UTC 2020 /home/travis/build/icyphy/ptII/ptolemy/actor/lib/test/auto/ArrayAppend3.xml
----------------- Instantiating /home/travis/build/icyphy/ptII/ptolemy/actor/lib/test/auto/ArrayAppend3.xml
5 ms. Memory: 265216K Free: 129815K (49%)
----------------- Invoking toplevel() on ptolemy.moml.MoMLSimpleApplication@5bbbe095
----------------- Done invoking toplevel() on ptolemy.moml.MoMLSimpleApplication@5bbbe095
reloadAllAccessors: .ArrayAppend3

===========================================================================================
----------------- testing Sat May 09 14:19:57 UTC 2020 /home/travis/build/icyphy/ptII/ptolemy/actor/lib/test/auto/ArrayAppend4.xml
----------------- Instantiating /home/travis/build/icyphy/ptII/ptolemy/actor/lib/test/auto/ArrayAppend4.xml
2 ms. Memory: 265216K Free: 124695K (47%)
----------------- Invoking toplevel() on ptolemy.moml.MoMLSimpleApplication@1cbb1d61
----------------- Done invoking toplevel() on ptolemy.moml.MoMLSimpleApplication@1cbb1d61
reloadAllAccessors: .ArrayAppend4

===========================================================================================
----------------- testing Sat May 09 14:19:57 UTC 2020 /home/travis/build/icyphy/ptII/ptolemy/actor/lib/test/auto/ArrayAppend5.xml
----------------- Instantiating /home/travis/build/icyphy/ptII/ptolemy/actor/lib/test/auto/ArrayAppend5.xml
2 ms. Memory: 265216K Free: 119061K (45%)
----------------- Invoking toplevel() on ptolemy.moml.MoMLSimpleApplication@42bfb87e
----------------- Done invoking toplevel() on ptolemy.moml.MoMLSimpleApplication@42bfb87e
reloadAllAccessors: .ArrayAppend5

===========================================================================================
----------------- testing Sat May 09 14:19:57 UTC 2020 /home/travis/build/icyphy/ptII/ptolemy/actor/lib/test/auto/ArrayAppend6.xml
----------------- Instantiating /home/travis/build/icyphy/ptII/ptolemy/actor/lib/test/auto/ArrayAppend6.xml
1 ms. Memory: 265216K Free: 113941K (43%)
----------------- Invoking toplevel() on ptolemy.moml.MoMLSimpleApplication@202699a3
----------------- Done invoking toplevel() on ptolemy.moml.MoMLSimpleApplication@202699a3
reloadAllAccessors: .ArrayAppend6

===========================================================================================
----------------- testing Sat May 09 14:19:57 UTC 2020 /home/travis/build/icyphy/ptII/ptolemy/actor/lib/test/auto/ArrayAppendPerformanceTest.xml
----------------- Instantiating /home/travis/build/icyphy/ptII/ptolemy/actor/lib/test/auto/ArrayAppendPerformanceTest.xml
27 ms. Memory: 265216K Free: 102662K (39%)
----------------- Invoking toplevel() on ptolemy.moml.MoMLSimpleApplication@3c8073fe
----------------- Done invoking toplevel() on ptolemy.moml.MoMLSimpleApplication@3c8073fe
reloadAllAccessors: .ArrayAppendPerformanceTest

===========================================================================================
----------------- testing Sat May 09 14:19:57 UTC 2020 /home/travis/build/icyphy/ptII/ptolemy/actor/lib/test/auto/ArrayAppendWithEmptyInput.xml
----------------- Instantiating /home/travis/build/icyphy/ptII/ptolemy/actor/lib/test/auto/ArrayAppendWithEmptyInput.xml
7 ms. Memory: 265216K Free: 94999K (36%)
----------------- Invoking toplevel() on ptolemy.moml.MoMLSimpleApplication@2b8ae56e
----------------- Done invoking toplevel() on ptolemy.moml.MoMLSimpleApplication@2b8ae56e
reloadAllAccessors: .ArrayAppendWithEmptyInput

===========================================================================================
----------------- testing Sat May 09 14:19:57 UTC 2020 /home/travis/build/icyphy/ptII/ptolemy/actor/lib/test/auto/ArrayAverage.xml
----------------- Instantiating /home/travis/build/icyphy/ptII/ptolemy/actor/lib/test/auto/ArrayAverage.xml
4 ms. Memory: 265216K Free: 86807K (33%)
----------------- Invoking toplevel() on ptolemy.moml.MoMLSimpleApplication@15c2307e
----------------- Done invoking toplevel() on ptolemy.moml.MoMLSimpleApplication@15c2307e
reloadAllAccessors: .ArrayAverage

===========================================================================================
----------------- testing Sat May 09 14:19:57 UTC 2020 /home/travis/build/icyphy/ptII/ptolemy/actor/lib/test/auto/ArrayContains.xml
----------------- Instantiating /home/travis/build/icyphy/ptII/ptolemy/actor/lib/test/auto/ArrayContains.xml
8 ms. Memory: 265216K Free: 81173K (31%)
----------------- Invoking toplevel() on ptolemy.moml.MoMLSimpleApplication@64a50ec7
----------------- Done invoking toplevel() on ptolemy.moml.MoMLSimpleApplication@64a50ec7
reloadAllAccessors: .ArrayContains

===========================================================================================
----------------- testing Sat May 09 14:19:57 UTC 2020 /home/travis/build/icyphy/ptII/ptolemy/actor/lib/test/auto/ArrayElement.xml
----------------- Instantiating /home/travis/build/icyphy/ptII/ptolemy/actor/lib/test/auto/ArrayElement.xml
7 ms. Memory: 265216K Free: 75543K (28%)
----------------- Invoking toplevel() on ptolemy.moml.MoMLSimpleApplication@648a70f3
----------------- Done invoking toplevel() on ptolemy.moml.MoMLSimpleApplication@648a70f3
reloadAllAccessors: .ArrayElement

===========================================================================================
----------------- testing Sat May 09 14:19:57 UTC 2020 /home/travis/build/icyphy/ptII/ptolemy/actor/lib/test/auto/ArrayElementAsMatrix.xml
----------------- Instantiating /home/travis/build/icyphy/ptII/ptolemy/actor/lib/test/auto/ArrayElementAsMatrix.xml
18 ms. Memory: 265216K Free: 208657K (79%)
----------------- Invoking toplevel() on ptolemy.moml.MoMLSimpleApplication@3ecef441
----------------- Done invoking toplevel() on ptolemy.moml.MoMLSimpleApplication@3ecef441
reloadAllAccessors: .ArrayElementAsMatrix

===========================================================================================
----------------- testing Sat May 09 14:19:57 UTC 2020 /home/travis/build/icyphy/ptII/ptolemy/actor/lib/test/auto/ArrayElementI.xml
----------------- Instantiating /home/travis/build/icyphy/ptII/ptolemy/actor/lib/test/auto/ArrayElementI.xml
3 ms. Memory: 265216K Free: 203552K (77%)
----------------- Invoking toplevel() on ptolemy.moml.MoMLSimpleApplication@6c2d3bf8
----------------- Done invoking toplevel() on ptolemy.moml.MoMLSimpleApplication@6c2d3bf8
reloadAllAccessors: .ArrayElementI

===========================================================================================
----------------- testing Sat May 09 14:19:57 UTC 2020 /home/travis/build/icyphy/ptII/ptolemy/actor/lib/test/auto/ArrayExtract.xml
----------------- Instantiating /home/travis/build/icyphy/ptII/ptolemy/actor/lib/test/auto/ArrayExtract.xml
4 ms. Memory: 265216K Free: 195360K (74%)
----------------- Invoking toplevel() on ptolemy.moml.MoMLSimpleApplication@7f51aa46
----------------- Done invoking toplevel() on ptolemy.moml.MoMLSimpleApplication@7f51aa46
reloadAllAccessors: .ArrayExtract

===========================================================================================
----------------- testing Sat May 09 14:19:57 UTC 2020 /home/travis/build/icyphy/ptII/ptolemy/actor/lib/test/auto/ArrayExtract2.xml
----------------- Instantiating /home/travis/build/icyphy/ptII/ptolemy/actor/lib/test/auto/ArrayExtract2.xml
2 ms. Memory: 265216K Free: 189730K (72%)
----------------- Invoking toplevel() on ptolemy.moml.MoMLSimpleApplication@4b336742
----------------- Done invoking toplevel() on ptolemy.moml.MoMLSimpleApplication@4b336742
reloadAllAccessors: .ArrayExtract2

===========================================================================================
----------------- testing Sat May 09 14:19:57 UTC 2020 /home/travis/build/icyphy/ptII/ptolemy/actor/lib/test/auto/ArrayLength.xml
----------------- Instantiating /home/travis/build/icyphy/ptII/ptolemy/actor/lib/test/auto/ArrayLength.xml
4 ms. Memory: 265216K Free: 186144K (70%)
----------------- Invoking toplevel() on ptolemy.moml.MoMLSimpleApplication@4bad9eb1
----------------- Done invoking toplevel() on ptolemy.moml.MoMLSimpleApplication@4bad9eb1
reloadAllAccessors: .ArrayLength

===========================================================================================
----------------- testing Sat May 09 14:19:57 UTC 2020 /home/travis/build/icyphy/ptII/ptolemy/actor/lib/test/auto/ArrayLevelCrossing.xml
----------------- Instantiating /home/travis/build/icyphy/ptII/ptolemy/actor/lib/test/auto/ArrayLevelCrossing.xml
5 ms. Memory: 265216K Free: 177952K (67%)
----------------- Invoking toplevel() on ptolemy.moml.MoMLSimpleApplication@4a690292
----------------- Done invoking toplevel() on ptolemy.moml.MoMLSimpleApplication@4a690292
reloadAllAccessors: .ArrayLevelCrossing

===========================================================================================
----------------- testing Sat May 09 14:19:57 UTC 2020 /home/travis/build/icyphy/ptII/ptolemy/actor/lib/test/auto/ArrayLevelCrossing2.xml
----------------- Instantiating /home/travis/build/icyphy/ptII/ptolemy/actor/lib/test/auto/ArrayLevelCrossing2.xml
2 ms. Memory: 265216K Free: 171298K (65%)
----------------- Invoking toplevel() on ptolemy.moml.MoMLSimpleApplication@f99a81a
----------------- Done invoking toplevel() on ptolemy.moml.MoMLSimpleApplication@f99a81a
reloadAllAccessors: .ArrayLevelCrossing2

===========================================================================================
----------------- testing Sat May 09 14:19:57 UTC 2020 /home/travis/build/icyphy/ptII/ptolemy/actor/lib/test/auto/ArrayPeakSearch.xml
----------------- Instantiating /home/travis/build/icyphy/ptII/ptolemy/actor/lib/test/auto/ArrayPeakSearch.xml
11 ms. Memory: 265216K Free: 162082K (61%)
----------------- Invoking toplevel() on ptolemy.moml.MoMLSimpleApplication@2fb442ce
----------------- Done invoking toplevel() on ptolemy.moml.MoMLSimpleApplication@2fb442ce
reloadAllAccessors: .ArrayPeakSearch

===========================================================================================
----------------- testing Sat May 09 14:19:58 UTC 2020 /home/travis/build/icyphy/ptII/ptolemy/actor/lib/test/auto/ArrayPeakSearch2.xml
----------------- Instantiating /home/travis/build/icyphy/ptII/ptolemy/actor/lib/test/auto/ArrayPeakSearch2.xml
6 ms. Memory: 265216K Free: 151842K (57%)
----------------- Invoking toplevel() on ptolemy.moml.MoMLSimpleApplication@3b25848c
----------------- Done invoking toplevel() on ptolemy.moml.MoMLSimpleApplication@3b25848c
reloadAllAccessors: .ArrayPeakSearch2

===========================================================================================
----------------- testing Sat May 09 14:19:58 UTC 2020 /home/travis/build/icyphy/ptII/ptolemy/actor/lib/test/auto/ArrayPeakSearch3.xml
----------------- Instantiating /home/travis/build/icyphy/ptII/ptolemy/actor/lib/test/auto/ArrayPeakSearch3.xml
5 ms. Memory: 265216K Free: 142626K (54%)
----------------- Invoking toplevel() on ptolemy.moml.MoMLSimpleApplication@40d6166
----------------- Done invoking toplevel() on ptolemy.moml.MoMLSimpleApplication@40d6166
reloadAllAccessors: .ArrayPeakSearch3

===========================================================================================
----------------- testing Sat May 09 14:19:58 UTC 2020 /home/travis/build/icyphy/ptII/ptolemy/actor/lib/test/auto/ArrayRemoveElement.xml
----------------- Instantiating /home/travis/build/icyphy/ptII/ptolemy/actor/lib/test/auto/ArrayRemoveElement.xml
5 ms. Memory: 265216K Free: 134944K (51%)
----------------- Invoking toplevel() on ptolemy.moml.MoMLSimpleApplication@299659b4
----------------- Done invoking toplevel() on ptolemy.moml.MoMLSimpleApplication@299659b4
reloadAllAccessors: .ArrayRemoveElement

===========================================================================================
----------------- testing Sat May 09 14:19:58 UTC 2020 /home/travis/build/icyphy/ptII/ptolemy/actor/lib/test/auto/ArraySort.xml
----------------- Instantiating /home/travis/build/icyphy/ptII/ptolemy/actor/lib/test/auto/ArraySort.xml
8 ms. Memory: 265216K Free: 125728K (47%)
----------------- Invoking toplevel() on ptolemy.moml.MoMLSimpleApplication@777db3cd
----------------- Done invoking toplevel() on ptolemy.moml.MoMLSimpleApplication@777db3cd
reloadAllAccessors: .ArraySort

===========================================================================================
----------------- testing Sat May 09 14:19:58 UTC 2020 /home/travis/build/icyphy/ptII/ptolemy/actor/lib/test/auto/ArraySum.xml
----------------- Instantiating /home/travis/build/icyphy/ptII/ptolemy/actor/lib/test/auto/ArraySum.xml
4 ms. Memory: 265216K Free: 120608K (45%)
----------------- Invoking toplevel() on ptolemy.moml.MoMLSimpleApplication@47bc6a9f
----------------- Done invoking toplevel() on ptolemy.moml.MoMLSimpleApplication@47bc6a9f
reloadAllAccessors: .ArraySum

===========================================================================================
----------------- testing Sat May 09 14:19:58 UTC 2020 /home/travis/build/icyphy/ptII/ptolemy/actor/lib/test/auto/ArrayToElements.xml
----------------- Instantiating /home/travis/build/icyphy/ptII/ptolemy/actor/lib/test/auto/ArrayToElements.xml
5 ms. Memory: 265216K Free: 114978K (43%)
----------------- Invoking toplevel() on ptolemy.moml.MoMLSimpleApplication@383caf49
----------------- Done invoking toplevel() on ptolemy.moml.MoMLSimpleApplication@383caf49
reloadAllAccessors: .ArrayToElements

===========================================================================================
----------------- testing Sat May 09 14:19:58 UTC 2020 /home/travis/build/icyphy/ptII/ptolemy/actor/lib/test/auto/ArrayToMatrix.xml
----------------- Instantiating /home/travis/build/icyphy/ptII/ptolemy/actor/lib/test/auto/ArrayToMatrix.xml
8 ms. Memory: 265216K Free: 101152K (38%)
----------------- Invoking toplevel() on ptolemy.moml.MoMLSimpleApplication@10cb96cd
----------------- Done invoking toplevel() on ptolemy.moml.MoMLSimpleApplication@10cb96cd
reloadAllAccessors: .ArrayToMatrix

===========================================================================================
----------------- testing Sat May 09 14:19:58 UTC 2020 /home/travis/build/icyphy/ptII/ptolemy/actor/lib/test/auto/ArrayUpdate1.xml
----------------- Instantiating /home/travis/build/icyphy/ptII/ptolemy/actor/lib/test/auto/ArrayUpdate1.xml
4 ms. Memory: 265216K Free: 96032K (36%)
----------------- Invoking toplevel() on ptolemy.moml.MoMLSimpleApplication@50092662
----------------- Done invoking toplevel() on ptolemy.moml.MoMLSimpleApplication@50092662
reloadAllAccessors: .ArrayUpdate1

===========================================================================================
----------------- testing Sat May 09 14:19:58 UTC 2020 /home/travis/build/icyphy/ptII/ptolemy/actor/lib/test/auto/ArrayUpdate2.xml
----------------- Instantiating /home/travis/build/icyphy/ptII/ptolemy/actor/lib/test/auto/ArrayUpdate2.xml
5 ms. Memory: 265216K Free: 89888K (34%)
----------------- Invoking toplevel() on ptolemy.moml.MoMLSimpleApplication@4228f938
----------------- Done invoking toplevel() on ptolemy.moml.MoMLSimpleApplication@4228f938
reloadAllAccessors: .ArrayUpdate2

===========================================================================================
----------------- testing Sat May 09 14:19:58 UTC 2020 /home/travis/build/icyphy/ptII/ptolemy/actor/lib/test/auto/ArrayUpdate3.xml
----------------- Instantiating /home/travis/build/icyphy/ptII/ptolemy/actor/lib/test/auto/ArrayUpdate3.xml
6 ms. Memory: 265216K Free: 84768K (32%)
----------------- Invoking toplevel() on ptolemy.moml.MoMLSimpleApplication@3b30e367
----------------- Done invoking toplevel() on ptolemy.moml.MoMLSimpleApplication@3b30e367
reloadAllAccessors: .ArrayUpdate3

===========================================================================================
----------------- testing Sat May 09 14:19:58 UTC 2020 /home/travis/build/icyphy/ptII/ptolemy/actor/lib/test/auto/Assert1.xml
----------------- Instantiating /home/travis/build/icyphy/ptII/ptolemy/actor/lib/test/auto/Assert1.xml
4 ms. Memory: 265216K Free: 80672K (30%)
----------------- Invoking toplevel() on ptolemy.moml.MoMLSimpleApplication@2ea54ddb
----------------- Done invoking toplevel() on ptolemy.moml.MoMLSimpleApplication@2ea54ddb
reloadAllAccessors: .Assert1

===========================================================================================
----------------- testing Sat May 09 14:19:58 UTC 2020 /home/travis/build/icyphy/ptII/ptolemy/actor/lib/test/auto/Assert2.xml
----------------- Instantiating /home/travis/build/icyphy/ptII/ptolemy/actor/lib/test/auto/Assert2.xml
1 ms. Memory: 265216K Free: 75552K (28%)
----------------- Invoking toplevel() on ptolemy.moml.MoMLSimpleApplication@73371492
----------------- Done invoking toplevel() on ptolemy.moml.MoMLSimpleApplication@73371492
reloadAllAccessors: .Assert2

===========================================================================================
----------------- testing Sat May 09 14:19:58 UTC 2020 /home/travis/build/icyphy/ptII/ptolemy/actor/lib/test/auto/BooleanMultiplexor.xml
----------------- Instantiating /home/travis/build/icyphy/ptII/ptolemy/actor/lib/test/auto/BooleanMultiplexor.xml
2 ms. Memory: 265216K Free: 70401K (27%)
----------------- Invoking toplevel() on ptolemy.moml.MoMLSimpleApplication@32e60790
----------------- Done invoking toplevel() on ptolemy.moml.MoMLSimpleApplication@32e60790
reloadAllAccessors: .BooleanMultiplexor

===========================================================================================
----------------- testing Sat May 09 14:19:58 UTC 2020 /home/travis/build/icyphy/ptII/ptolemy/actor/lib/test/auto/BooleanMultiplexor2.xml
----------------- Instantiating /home/travis/build/icyphy/ptII/ptolemy/actor/lib/test/auto/BooleanMultiplexor2.xml
3 ms. Memory: 265216K Free: 212770K (80%)
----------------- Invoking toplevel() on ptolemy.moml.MoMLSimpleApplication@571fc566
----------------- Done invoking toplevel() on ptolemy.moml.MoMLSimpleApplication@571fc566
reloadAllAccessors: .BooleanMultiplexor2

===========================================================================================
----------------- testing Sat May 09 14:19:58 UTC 2020 /home/travis/build/icyphy/ptII/ptolemy/actor/lib/test/auto/BooleanMultiplexor3.xml
----------------- Instantiating /home/travis/build/icyphy/ptII/ptolemy/actor/lib/test/auto/BooleanMultiplexor3.xml
4 ms. Memory: 265216K Free: 208674K (79%)
----------------- Invoking toplevel() on ptolemy.moml.MoMLSimpleApplication@e64552f
----------------- Done invoking toplevel() on ptolemy.moml.MoMLSimpleApplication@e64552f
reloadAllAccessors: .BooleanMultiplexor3

===========================================================================================
----------------- testing Sat May 09 14:19:58 UTC 2020 /home/travis/build/icyphy/ptII/ptolemy/actor/lib/test/auto/BooleanSelect.xml
----------------- Instantiating /home/travis/build/icyphy/ptII/ptolemy/actor/lib/test/auto/BooleanSelect.xml
5 ms. Memory: 265216K Free: 202530K (76%)
----------------- Invoking toplevel() on ptolemy.moml.MoMLSimpleApplication@6da57aa6
----------------- Done invoking toplevel() on ptolemy.moml.MoMLSimpleApplication@6da57aa6
reloadAllAccessors: .BooleanSelect

===========================================================================================
----------------- testing Sat May 09 14:19:58 UTC 2020 /home/travis/build/icyphy/ptII/ptolemy/actor/lib/test/auto/BooleanSelect2.xml
----------------- Instantiating /home/travis/build/icyphy/ptII/ptolemy/actor/lib/test/auto/BooleanSelect2.xml
2 ms. Memory: 265216K Free: 198434K (75%)
----------------- Invoking toplevel() on ptolemy.moml.MoMLSimpleApplication@58d84747
----------------- Done invoking toplevel() on ptolemy.moml.MoMLSimpleApplication@58d84747
reloadAllAccessors: .BooleanSelect2

===========================================================================================
----------------- testing Sat May 09 14:19:58 UTC 2020 /home/travis/build/icyphy/ptII/ptolemy/actor/lib/test/auto/BooleanSwitch.xml
----------------- Instantiating /home/travis/build/icyphy/ptII/ptolemy/actor/lib/test/auto/BooleanSwitch.xml
6 ms. Memory: 265216K Free: 192290K (73%)
----------------- Invoking toplevel() on ptolemy.moml.MoMLSimpleApplication@2bac1dea
----------------- Done invoking toplevel() on ptolemy.moml.MoMLSimpleApplication@2bac1dea
reloadAllAccessors: .BooleanSwitch

===========================================================================================
----------------- testing Sat May 09 14:19:58 UTC 2020 /home/travis/build/icyphy/ptII/ptolemy/actor/lib/test/auto/BooleanSwitch2.xml
----------------- Instantiating /home/travis/build/icyphy/ptII/ptolemy/actor/lib/test/auto/BooleanSwitch2.xml
1 ms. Memory: 265216K Free: 188194K (71%)
----------------- Invoking toplevel() on ptolemy.moml.MoMLSimpleApplication@7d53ad26
----------------- Done invoking toplevel() on ptolemy.moml.MoMLSimpleApplication@7d53ad26
reloadAllAccessors: .BooleanSwitch2

===========================================================================================
----------------- testing Sat May 09 14:19:58 UTC 2020 /home/travis/build/icyphy/ptII/ptolemy/actor/lib/test/auto/BooleanSwitchCloningBugWithClassRelationGroup.xml
----------------- Instantiating /home/travis/build/icyphy/ptII/ptolemy/actor/lib/test/auto/BooleanSwitchCloningBugWithClassRelationGroup.xml
2 ms. Memory: 265216K Free: 181536K (68%)
----------------- Invoking toplevel() on ptolemy.moml.MoMLSimpleApplication@34db365a
----------------- Done invoking toplevel() on ptolemy.moml.MoMLSimpleApplication@34db365a
reloadAllAccessors: .BooleanSwitchCloningBugWithClassRelationGroup

===========================================================================================
----------------- testing Sat May 09 14:19:58 UTC 2020 /home/travis/build/icyphy/ptII/ptolemy/actor/lib/test/auto/BusActors.xml
----------------- Instantiating /home/travis/build/icyphy/ptII/ptolemy/actor/lib/test/auto/BusActors.xml
4 ms. Memory: 265216K Free: 173858K (66%)
----------------- Invoking toplevel() on ptolemy.moml.MoMLSimpleApplication@27bd6f8f
----------------- Done invoking toplevel() on ptolemy.moml.MoMLSimpleApplication@27bd6f8f
reloadAllAccessors: .BusActors

===========================================================================================
----------------- testing Sat May 09 14:19:58 UTC 2020 /home/travis/build/icyphy/ptII/ptolemy/actor/lib/test/auto/ClassWrapper.xml
----------------- Instantiating /home/travis/build/icyphy/ptII/ptolemy/actor/lib/test/auto/ClassWrapper.xml
2 ms. Memory: 265216K Free: 169248K (64%)
----------------- Invoking toplevel() on ptolemy.moml.MoMLSimpleApplication@6ce91117
----------------- Done invoking toplevel() on ptolemy.moml.MoMLSimpleApplication@6ce91117
reloadAllAccessors: .ClassWrapper

===========================================================================================
----------------- testing Sat May 09 14:19:58 UTC 2020 /home/travis/build/icyphy/ptII/ptolemy/actor/lib/test/auto/Clock.xml
----------------- Instantiating /home/travis/build/icyphy/ptII/ptolemy/actor/lib/test/auto/Clock.xml
2 ms. Memory: 265216K Free: 165666K (62%)
----------------- Invoking toplevel() on ptolemy.moml.MoMLSimpleApplication@17675c82
----------------- Done invoking toplevel() on ptolemy.moml.MoMLSimpleApplication@17675c82
reloadAllAccessors: .Clock

===========================================================================================
----------------- testing Sat May 09 14:19:58 UTC 2020 /home/travis/build/icyphy/ptII/ptolemy/actor/lib/test/auto/Clock10.xml
----------------- Instantiating /home/travis/build/icyphy/ptII/ptolemy/actor/lib/test/auto/Clock10.xml
11 ms. Memory: 265216K Free: 159520K (60%)
----------------- Invoking toplevel() on ptolemy.moml.MoMLSimpleApplication@49967ae6
----------------- Done invoking toplevel() on ptolemy.moml.MoMLSimpleApplication@49967ae6
reloadAllAccessors: .Clock10

===========================================================================================
----------------- testing Sat May 09 14:19:58 UTC 2020 /home/travis/build/icyphy/ptII/ptolemy/actor/lib/test/auto/Clock11.xml
----------------- Instantiating /home/travis/build/icyphy/ptII/ptolemy/actor/lib/test/auto/Clock11.xml
7 ms. Memory: 265216K Free: 153888K (58%)
----------------- Invoking toplevel() on ptolemy.moml.MoMLSimpleApplication@51b8e97d
----------------- Done invoking toplevel() on ptolemy.moml.MoMLSimpleApplication@51b8e97d
reloadAllAccessors: .Clock11

===========================================================================================
----------------- testing Sat May 09 14:19:58 UTC 2020 /home/travis/build/icyphy/ptII/ptolemy/actor/lib/test/auto/Clock12.xml
----------------- Instantiating /home/travis/build/icyphy/ptII/ptolemy/actor/lib/test/auto/Clock12.xml
6 ms. Memory: 265216K Free: 147744K (56%)
----------------- Invoking toplevel() on ptolemy.moml.MoMLSimpleApplication@74ddc36a
----------------- Done invoking toplevel() on ptolemy.moml.MoMLSimpleApplication@74ddc36a
reloadAllAccessors: .Clock12

===========================================================================================
----------------- testing Sat May 09 14:19:58 UTC 2020 /home/travis/build/icyphy/ptII/ptolemy/actor/lib/test/auto/Clock13.xml
----------------- Instantiating /home/travis/build/icyphy/ptII/ptolemy/actor/lib/test/auto/Clock13.xml
8 ms. Memory: 265216K Free: 142114K (54%)
----------------- Invoking toplevel() on ptolemy.moml.MoMLSimpleApplication@7ee80423
----------------- Done invoking toplevel() on ptolemy.moml.MoMLSimpleApplication@7ee80423
reloadAllAccessors: .Clock13

===========================================================================================
----------------- testing Sat May 09 14:19:58 UTC 2020 /home/travis/build/icyphy/ptII/ptolemy/actor/lib/test/auto/Clock14.xml
----------------- Instantiating /home/travis/build/icyphy/ptII/ptolemy/actor/lib/test/auto/Clock14.xml
5 ms. Memory: 265216K Free: 135970K (51%)
----------------- Invoking toplevel() on ptolemy.moml.MoMLSimpleApplication@2aeb596
----------------- Done invoking toplevel() on ptolemy.moml.MoMLSimpleApplication@2aeb596
reloadAllAccessors: .Clock14

===========================================================================================
----------------- testing Sat May 09 14:19:58 UTC 2020 /home/travis/build/icyphy/ptII/ptolemy/actor/lib/test/auto/Clock15.xml
----------------- Instantiating /home/travis/build/icyphy/ptII/ptolemy/actor/lib/test/auto/Clock15.xml
4 ms. Memory: 265216K Free: 130329K (49%)
----------------- Invoking toplevel() on ptolemy.moml.MoMLSimpleApplication@77368a47
----------------- Done invoking toplevel() on ptolemy.moml.MoMLSimpleApplication@77368a47
reloadAllAccessors: .Clock15

===========================================================================================
----------------- testing Sat May 09 14:19:58 UTC 2020 /home/travis/build/icyphy/ptII/ptolemy/actor/lib/test/auto/Clock16.xml
----------------- Instantiating /home/travis/build/icyphy/ptII/ptolemy/actor/lib/test/auto/Clock16.xml
34 ms. Memory: 265216K Free: 115490K (44%)
----------------- Invoking toplevel() on ptolemy.moml.MoMLSimpleApplication@72a4e2c7
----------------- Done invoking toplevel() on ptolemy.moml.MoMLSimpleApplication@72a4e2c7
reloadAllAccessors: .Clock16

===========================================================================================
----------------- testing Sat May 09 14:19:58 UTC 2020 /home/travis/build/icyphy/ptII/ptolemy/actor/lib/test/auto/Clock17.xml
----------------- Instantiating /home/travis/build/icyphy/ptII/ptolemy/actor/lib/test/auto/Clock17.xml
24 ms. Memory: 265216K Free: 101154K (38%)
----------------- Invoking toplevel() on ptolemy.moml.MoMLSimpleApplication@74ed0248
----------------- Done invoking toplevel() on ptolemy.moml.MoMLSimpleApplication@74ed0248
reloadAllAccessors: .Clock17

===========================================================================================
----------------- testing Sat May 09 14:19:58 UTC 2020 /home/travis/build/icyphy/ptII/ptolemy/actor/lib/test/auto/Clock18.xml
----------------- Instantiating /home/travis/build/icyphy/ptII/ptolemy/actor/lib/test/auto/Clock18.xml
15 ms. Memory: 265216K Free: 88337K (33%)
----------------- Invoking toplevel() on ptolemy.moml.MoMLSimpleApplication@7f1684e4
----------------- Done invoking toplevel() on ptolemy.moml.MoMLSimpleApplication@7f1684e4
reloadAllAccessors: .Clock18

===========================================================================================
----------------- testing Sat May 09 14:19:58 UTC 2020 /home/travis/build/icyphy/ptII/ptolemy/actor/lib/test/auto/Clock19.xml
----------------- Instantiating /home/travis/build/icyphy/ptII/ptolemy/actor/lib/test/auto/Clock19.xml
11 ms. Memory: 265216K Free: 75023K (28%)
----------------- Invoking toplevel() on ptolemy.moml.MoMLSimpleApplication@237434bd
----------------- Done invoking toplevel() on ptolemy.moml.MoMLSimpleApplication@237434bd
reloadAllAccessors: .Clock19

===========================================================================================
----------------- testing Sat May 09 14:19:59 UTC 2020 /home/travis/build/icyphy/ptII/ptolemy/actor/lib/test/auto/Clock2.xml
----------------- Instantiating /home/travis/build/icyphy/ptII/ptolemy/actor/lib/test/auto/Clock2.xml
4 ms. Memory: 265216K Free: 70937K (27%)
----------------- Invoking toplevel() on ptolemy.moml.MoMLSimpleApplication@71f93e86
----------------- Done invoking toplevel() on ptolemy.moml.MoMLSimpleApplication@71f93e86
reloadAllAccessors: .Clock2

===========================================================================================
----------------- testing Sat May 09 14:19:59 UTC 2020 /home/travis/build/icyphy/ptII/ptolemy/actor/lib/test/auto/Clock20.xml
----------------- Instantiating /home/travis/build/icyphy/ptII/ptolemy/actor/lib/test/auto/Clock20.xml
7 ms. Memory: 520192K Free: 469277K (90%)
----------------- Invoking toplevel() on ptolemy.moml.MoMLSimpleApplication@13a6108c
----------------- Done invoking toplevel() on ptolemy.moml.MoMLSimpleApplication@13a6108c
reloadAllAccessors: .Clock20

===========================================================================================
----------------- testing Sat May 09 14:19:59 UTC 2020 /home/travis/build/icyphy/ptII/ptolemy/actor/lib/test/auto/Clock21.xml
----------------- Instantiating /home/travis/build/icyphy/ptII/ptolemy/actor/lib/test/auto/Clock21.xml
6 ms. Memory: 520192K Free: 463650K (89%)
----------------- Invoking toplevel() on ptolemy.moml.MoMLSimpleApplication@6c256527
----------------- Done invoking toplevel() on ptolemy.moml.MoMLSimpleApplication@6c256527
reloadAllAccessors: .Clock21

===========================================================================================
----------------- testing Sat May 09 14:19:59 UTC 2020 /home/travis/build/icyphy/ptII/ptolemy/actor/lib/test/auto/Clock22.xml
----------------- Instantiating /home/travis/build/icyphy/ptII/ptolemy/actor/lib/test/auto/Clock22.xml
6 ms. Memory: 520192K Free: 458016K (88%)
----------------- Invoking toplevel() on ptolemy.moml.MoMLSimpleApplication@d7a4169
----------------- Done invoking toplevel() on ptolemy.moml.MoMLSimpleApplication@d7a4169
reloadAllAccessors: .Clock22

===========================================================================================
----------------- testing Sat May 09 14:19:59 UTC 2020 /home/travis/build/icyphy/ptII/ptolemy/actor/lib/test/auto/Clock23.xml
----------------- Instantiating /home/travis/build/icyphy/ptII/ptolemy/actor/lib/test/auto/Clock23.xml
5 ms. Memory: 520192K Free: 452896K (87%)
----------------- Invoking toplevel() on ptolemy.moml.MoMLSimpleApplication@41302970
----------------- Done invoking toplevel() on ptolemy.moml.MoMLSimpleApplication@41302970
reloadAllAccessors: .Clock23

===========================================================================================
----------------- testing Sat May 09 14:19:59 UTC 2020 /home/travis/build/icyphy/ptII/ptolemy/actor/lib/test/auto/Clock24.xml
----------------- Instantiating /home/travis/build/icyphy/ptII/ptolemy/actor/lib/test/auto/Clock24.xml
4 ms. Memory: 520192K Free: 447266K (86%)
----------------- Invoking toplevel() on ptolemy.moml.MoMLSimpleApplication@334be2d4
----------------- Done invoking toplevel() on ptolemy.moml.MoMLSimpleApplication@334be2d4
reloadAllAccessors: .Clock24

===========================================================================================
----------------- testing Sat May 09 14:19:59 UTC 2020 /home/travis/build/icyphy/ptII/ptolemy/actor/lib/test/auto/Clock4.xml
----------------- Instantiating /home/travis/build/icyphy/ptII/ptolemy/actor/lib/test/auto/Clock4.xml
2 ms. Memory: 520192K Free: 442625K (85%)
----------------- Invoking toplevel() on ptolemy.moml.MoMLSimpleApplication@4c7e8b23
----------------- Done invoking toplevel() on ptolemy.moml.MoMLSimpleApplication@4c7e8b23
reloadAllAccessors: .Clock4

===========================================================================================
----------------- testing Sat May 09 14:19:59 UTC 2020 /home/travis/build/icyphy/ptII/ptolemy/actor/lib/test/auto/Clock5.xml
----------------- Instantiating /home/travis/build/icyphy/ptII/ptolemy/actor/lib/test/auto/Clock5.xml
1 ms. Memory: 520192K Free: 437026K (84%)
----------------- Invoking toplevel() on ptolemy.moml.MoMLSimpleApplication@7ceab5cf
----------------- Done invoking toplevel() on ptolemy.moml.MoMLSimpleApplication@7ceab5cf
reloadAllAccessors: .Clock5

===========================================================================================
----------------- testing Sat May 09 14:19:59 UTC 2020 /home/travis/build/icyphy/ptII/ptolemy/actor/lib/test/auto/Clock6.xml
----------------- Instantiating /home/travis/build/icyphy/ptII/ptolemy/actor/lib/test/auto/Clock6.xml
1 ms. Memory: 520192K Free: 432416K (83%)
----------------- Invoking toplevel() on ptolemy.moml.MoMLSimpleApplication@43adf98f
----------------- Done invoking toplevel() on ptolemy.moml.MoMLSimpleApplication@43adf98f
reloadAllAccessors: .Clock6

===========================================================================================
----------------- testing Sat May 09 14:19:59 UTC 2020 /home/travis/build/icyphy/ptII/ptolemy/actor/lib/test/auto/Clock7.xml
----------------- Instantiating /home/travis/build/icyphy/ptII/ptolemy/actor/lib/test/auto/Clock7.xml
2 ms. Memory: 520192K Free: 428320K (82%)
----------------- Invoking toplevel() on ptolemy.moml.MoMLSimpleApplication@6fb94bc
----------------- Done invoking toplevel() on ptolemy.moml.MoMLSimpleApplication@6fb94bc
reloadAllAccessors: .Clock7

===========================================================================================
----------------- testing Sat May 09 14:19:59 UTC 2020 /home/travis/build/icyphy/ptII/ptolemy/actor/lib/test/auto/Clock8.xml
----------------- Instantiating /home/travis/build/icyphy/ptII/ptolemy/actor/lib/test/auto/Clock8.xml
3 ms. Memory: 520192K Free: 422690K (81%)
----------------- Invoking toplevel() on ptolemy.moml.MoMLSimpleApplication@33b8b2bc
----------------- Done invoking toplevel() on ptolemy.moml.MoMLSimpleApplication@33b8b2bc
reloadAllAccessors: .Clock8

===========================================================================================
----------------- testing Sat May 09 14:19:59 UTC 2020 /home/travis/build/icyphy/ptII/ptolemy/actor/lib/test/auto/Clock9.xml
----------------- Instantiating /home/travis/build/icyphy/ptII/ptolemy/actor/lib/test/auto/Clock9.xml
4 ms. Memory: 520192K Free: 417570K (80%)
----------------- Invoking toplevel() on ptolemy.moml.MoMLSimpleApplication@256a2b9e
----------------- Done invoking toplevel() on ptolemy.moml.MoMLSimpleApplication@256a2b9e
reloadAllAccessors: .Clock9

===========================================================================================
----------------- testing Sat May 09 14:19:59 UTC 2020 /home/travis/build/icyphy/ptII/ptolemy/actor/lib/test/auto/CommDistDiscard.xml
----------------- Instantiating /home/travis/build/icyphy/ptII/ptolemy/actor/lib/test/auto/CommDistDiscard.xml
4 ms. Memory: 520192K Free: 411936K (79%)
----------------- Invoking toplevel() on ptolemy.moml.MoMLSimpleApplication@50f84183
----------------- Done invoking toplevel() on ptolemy.moml.MoMLSimpleApplication@50f84183
reloadAllAccessors: .CommDistDiscard

===========================================================================================
----------------- testing Sat May 09 14:19:59 UTC 2020 /home/travis/build/icyphy/ptII/ptolemy/actor/lib/test/auto/Commutator.xml
----------------- Instantiating /home/travis/build/icyphy/ptII/ptolemy/actor/lib/test/auto/Commutator.xml
2 ms. Memory: 520192K Free: 407330K (78%)
----------------- Invoking toplevel() on ptolemy.moml.MoMLSimpleApplication@570afeaa
----------------- Done invoking toplevel() on ptolemy.moml.MoMLSimpleApplication@570afeaa
reloadAllAccessors: .Commutator

===========================================================================================
----------------- testing Sat May 09 14:19:59 UTC 2020 /home/travis/build/icyphy/ptII/ptolemy/actor/lib/test/auto/Commutator2.xml
----------------- Instantiating /home/travis/build/icyphy/ptII/ptolemy/actor/lib/test/auto/Commutator2.xml
1 ms. Memory: 520192K Free: 403234K (78%)
----------------- Invoking toplevel() on ptolemy.moml.MoMLSimpleApplication@778a44a
----------------- Done invoking toplevel() on ptolemy.moml.MoMLSimpleApplication@778a44a
reloadAllAccessors: .Commutator2

===========================================================================================
----------------- testing Sat May 09 14:19:59 UTC 2020 /home/travis/build/icyphy/ptII/ptolemy/actor/lib/test/auto/Commutator3.xml
----------------- Instantiating /home/travis/build/icyphy/ptII/ptolemy/actor/lib/test/auto/Commutator3.xml
2 ms. Memory: 520192K Free: 398624K (77%)
----------------- Invoking toplevel() on ptolemy.moml.MoMLSimpleApplication@16baa8a2
----------------- Done invoking toplevel() on ptolemy.moml.MoMLSimpleApplication@16baa8a2
reloadAllAccessors: .Commutator3

===========================================================================================
----------------- testing Sat May 09 14:19:59 UTC 2020 /home/travis/build/icyphy/ptII/ptolemy/actor/lib/test/auto/Compare.xml
----------------- Instantiating /home/travis/build/icyphy/ptII/ptolemy/actor/lib/test/auto/Compare.xml
2 ms. Memory: 520192K Free: 392480K (75%)
----------------- Invoking toplevel() on ptolemy.moml.MoMLSimpleApplication@18f255c5
----------------- Done invoking toplevel() on ptolemy.moml.MoMLSimpleApplication@18f255c5
reloadAllAccessors: .Compare

===========================================================================================
----------------- testing Sat May 09 14:19:59 UTC 2020 /home/travis/build/icyphy/ptII/ptolemy/actor/lib/test/auto/CompareDE.xml
----------------- Instantiating /home/travis/build/icyphy/ptII/ptolemy/actor/lib/test/auto/CompareDE.xml
4 ms. Memory: 520192K Free: 385297K (74%)
----------------- Invoking toplevel() on ptolemy.moml.MoMLSimpleApplication@33971f67
----------------- Done invoking toplevel() on ptolemy.moml.MoMLSimpleApplication@33971f67
reloadAllAccessors: .CompareDE

===========================================================================================
----------------- testing Sat May 09 14:19:59 UTC 2020 /home/travis/build/icyphy/ptII/ptolemy/actor/lib/test/auto/ComplexDivide.xml
----------------- Instantiating /home/travis/build/icyphy/ptII/ptolemy/actor/lib/test/auto/ComplexDivide.xml
1 ms. Memory: 520192K Free: 381216K (73%)
----------------- Invoking toplevel() on ptolemy.moml.MoMLSimpleApplication@183d1a1f
----------------- Done invoking toplevel() on ptolemy.moml.MoMLSimpleApplication@183d1a1f
reloadAllAccessors: .ComplexDivide

===========================================================================================
----------------- testing Sat May 09 14:19:59 UTC 2020 /home/travis/build/icyphy/ptII/ptolemy/actor/lib/test/auto/ComputeHistogram.xml
----------------- Instantiating /home/travis/build/icyphy/ptII/ptolemy/actor/lib/test/auto/ComputeHistogram.xml
22 ms. Memory: 520192K Free: 368928K (71%)
----------------- Invoking toplevel() on ptolemy.moml.MoMLSimpleApplication@1ec0efe4
----------------- Done invoking toplevel() on ptolemy.moml.MoMLSimpleApplication@1ec0efe4
reloadAllAccessors: .ComputeHistogram

===========================================================================================
----------------- testing Sat May 09 14:19:59 UTC 2020 /home/travis/build/icyphy/ptII/ptolemy/actor/lib/test/auto/ConfigurationSelect.xml
----------------- Instantiating /home/travis/build/icyphy/ptII/ptolemy/actor/lib/test/auto/ConfigurationSelect.xml
11 ms. Memory: 520192K Free: 363298K (70%)
----------------- Invoking toplevel() on ptolemy.moml.MoMLSimpleApplication@2f595571
----------------- Done invoking toplevel() on ptolemy.moml.MoMLSimpleApplication@2f595571
reloadAllAccessors: .ConfigurationSelect

===========================================================================================
----------------- testing Sat May 09 14:19:59 UTC 2020 /home/travis/build/icyphy/ptII/ptolemy/actor/lib/test/auto/ConfigurationSelect2.xml
----------------- Instantiating /home/travis/build/icyphy/ptII/ptolemy/actor/lib/test/auto/ConfigurationSelect2.xml
1 ms. Memory: 520192K Free: 359202K (69%)
----------------- Invoking toplevel() on ptolemy.moml.MoMLSimpleApplication@2c145535
----------------- Done invoking toplevel() on ptolemy.moml.MoMLSimpleApplication@2c145535
reloadAllAccessors: .ConfigurationSelect2

===========================================================================================
----------------- testing Sat May 09 14:19:59 UTC 2020 /home/travis/build/icyphy/ptII/ptolemy/actor/lib/test/auto/ConfigurationSwitch.xml
----------------- Instantiating /home/travis/build/icyphy/ptII/ptolemy/actor/lib/test/auto/ConfigurationSwitch.xml
2 ms. Memory: 520192K Free: 353568K (68%)
----------------- Invoking toplevel() on ptolemy.moml.MoMLSimpleApplication@5d07fe9d
----------------- Done invoking toplevel() on ptolemy.moml.MoMLSimpleApplication@5d07fe9d
reloadAllAccessors: .ConfigurationSwitch

===========================================================================================
----------------- testing Sat May 09 14:19:59 UTC 2020 /home/travis/build/icyphy/ptII/ptolemy/actor/lib/test/auto/ConfigurationSwitch2.xml
----------------- Instantiating /home/travis/build/icyphy/ptII/ptolemy/actor/lib/test/auto/ConfigurationSwitch2.xml
3 ms. Memory: 520192K Free: 347938K (67%)
----------------- Invoking toplevel() on ptolemy.moml.MoMLSimpleApplication@5dcb2426
----------------- Done invoking toplevel() on ptolemy.moml.MoMLSimpleApplication@5dcb2426
reloadAllAccessors: .ConfigurationSwitch2

===========================================================================================
----------------- testing Sat May 09 14:19:59 UTC 2020 /home/travis/build/icyphy/ptII/ptolemy/actor/lib/test/auto/ConfigurationSwitchCloningBugWithClassRelationGroup.xml
----------------- Instantiating /home/travis/build/icyphy/ptII/ptolemy/actor/lib/test/auto/ConfigurationSwitchCloningBugWithClassRelationGroup.xml
1 ms. Memory: 520192K Free: 341794K (66%)
----------------- Invoking toplevel() on ptolemy.moml.MoMLSimpleApplication@3f0775c
----------------- Done invoking toplevel() on ptolemy.moml.MoMLSimpleApplication@3f0775c
reloadAllAccessors: .ConfigurationSwitchCloningBugWithClassRelationGroup

===========================================================================================
----------------- testing Sat May 09 14:19:59 UTC 2020 /home/travis/build/icyphy/ptII/ptolemy/actor/lib/test/auto/ConfigurationSwitchSelectSDF.xml
----------------- Instantiating /home/travis/build/icyphy/ptII/ptolemy/actor/lib/test/auto/ConfigurationSwitchSelectSDF.xml
3 ms. Memory: 520192K Free: 335650K (65%)
----------------- Invoking toplevel() on ptolemy.moml.MoMLSimpleApplication@27c74daa
----------------- Done invoking toplevel() on ptolemy.moml.MoMLSimpleApplication@27c74daa
reloadAllAccessors: .ConfigurationSwitchSelectSDF

===========================================================================================
----------------- testing Sat May 09 14:19:59 UTC 2020 /home/travis/build/icyphy/ptII/ptolemy/actor/lib/test/auto/ConfigurationSwitchSelectSDF2.xml
----------------- Instantiating /home/travis/build/icyphy/ptII/ptolemy/actor/lib/test/auto/ConfigurationSwitchSelectSDF2.xml
2 ms. Memory: 520192K Free: 330530K (64%)
----------------- Invoking toplevel() on ptolemy.moml.MoMLSimpleApplication@1acaea48
----------------- Done invoking toplevel() on ptolemy.moml.MoMLSimpleApplication@1acaea48
reloadAllAccessors: .ConfigurationSwitchSelectSDF2

===========================================================================================
----------------- testing Sat May 09 14:19:59 UTC 2020 /home/travis/build/icyphy/ptII/ptolemy/actor/lib/test/auto/Const.xml
----------------- Instantiating /home/travis/build/icyphy/ptII/ptolemy/actor/lib/test/auto/Const.xml
1 ms. Memory: 520192K Free: 326944K (63%)
----------------- Invoking toplevel() on ptolemy.moml.MoMLSimpleApplication@5c614648
----------------- Done invoking toplevel() on ptolemy.moml.MoMLSimpleApplication@5c614648
reloadAllAccessors: .Const

===========================================================================================
----------------- testing Sat May 09 14:19:59 UTC 2020 /home/travis/build/icyphy/ptII/ptolemy/actor/lib/test/auto/Const2.xml
----------------- Instantiating /home/travis/build/icyphy/ptII/ptolemy/actor/lib/test/auto/Const2.xml
1 ms. Memory: 520192K Free: 323362K (62%)
----------------- Invoking toplevel() on ptolemy.moml.MoMLSimpleApplication@5343919a
----------------- Done invoking toplevel() on ptolemy.moml.MoMLSimpleApplication@5343919a
reloadAllAccessors: .Const2

===========================================================================================
----------------- testing Sat May 09 14:19:59 UTC 2020 /home/travis/build/icyphy/ptII/ptolemy/actor/lib/test/auto/Const3.xml
----------------- Instantiating /home/travis/build/icyphy/ptII/ptolemy/actor/lib/test/auto/Const3.xml
1 ms. Memory: 520192K Free: 320290K (62%)
----------------- Invoking toplevel() on ptolemy.moml.MoMLSimpleApplication@5388b35a
----------------- Done invoking toplevel() on ptolemy.moml.MoMLSimpleApplication@5388b35a
reloadAllAccessors: .Const3

===========================================================================================
----------------- testing Sat May 09 14:19:59 UTC 2020 /home/travis/build/icyphy/ptII/ptolemy/actor/lib/test/auto/ConstantPublisherPort1.xml
----------------- Instantiating /home/travis/build/icyphy/ptII/ptolemy/actor/lib/test/auto/ConstantPublisherPort1.xml
5 ms. Memory: 520192K Free: 311584K (60%)
----------------- Invoking toplevel() on ptolemy.moml.MoMLSimpleApplication@7e4b7787
----------------- Done invoking toplevel() on ptolemy.moml.MoMLSimpleApplication@7e4b7787
reloadAllAccessors: .ConstantPublisherPort1

===========================================================================================
----------------- testing Sat May 09 14:19:59 UTC 2020 /home/travis/build/icyphy/ptII/ptolemy/actor/lib/test/auto/ConstantPublisherPort2.xml
----------------- Instantiating /home/travis/build/icyphy/ptII/ptolemy/actor/lib/test/auto/ConstantPublisherPort2.xml
4 ms. Memory: 520192K Free: 303906K (58%)
----------------- Invoking toplevel() on ptolemy.moml.MoMLSimpleApplication@2b6728ff
----------------- Done invoking toplevel() on ptolemy.moml.MoMLSimpleApplication@2b6728ff
reloadAllAccessors: .ConstantPublisherPort2

===========================================================================================
----------------- testing Sat May 09 14:19:59 UTC 2020 /home/travis/build/icyphy/ptII/ptolemy/actor/lib/test/auto/ConstantPublisherPort3.xml
----------------- Instantiating /home/travis/build/icyphy/ptII/ptolemy/actor/lib/test/auto/ConstantPublisherPort3.xml
5 ms. Memory: 520192K Free: 295714K (57%)
----------------- Invoking toplevel() on ptolemy.moml.MoMLSimpleApplication@615f6b2c
----------------- Done invoking toplevel() on ptolemy.moml.MoMLSimpleApplication@615f6b2c
reloadAllAccessors: .ConstantPublisherPort3

===========================================================================================
----------------- testing Sat May 09 14:19:59 UTC 2020 /home/travis/build/icyphy/ptII/ptolemy/actor/lib/test/auto/ConstantPublisherPort4.xml
----------------- Instantiating /home/travis/build/icyphy/ptII/ptolemy/actor/lib/test/auto/ConstantPublisherPort4.xml
2 ms. Memory: 520192K Free: 289056K (56%)
----------------- Invoking toplevel() on ptolemy.moml.MoMLSimpleApplication@16834503
----------------- Done invoking toplevel() on ptolemy.moml.MoMLSimpleApplication@16834503
reloadAllAccessors: .ConstantPublisherPort4

===========================================================================================
----------------- testing Sat May 09 14:19:59 UTC 2020 /home/travis/build/icyphy/ptII/ptolemy/actor/lib/test/auto/ConstantPublisherPort5.xml
----------------- Instantiating /home/travis/build/icyphy/ptII/ptolemy/actor/lib/test/auto/ConstantPublisherPort5.xml
22 ms. Memory: 520192K Free: 279840K (54%)
----------------- Invoking toplevel() on ptolemy.moml.MoMLSimpleApplication@55260927
----------------- Done invoking toplevel() on ptolemy.moml.MoMLSimpleApplication@55260927
reloadAllAccessors: .ConstantPublisherPort5

===========================================================================================
----------------- testing Sat May 09 14:19:59 UTC 2020 /home/travis/build/icyphy/ptII/ptolemy/actor/lib/test/auto/ConstantPublisherPort6.xml
----------------- Instantiating /home/travis/build/icyphy/ptII/ptolemy/actor/lib/test/auto/ConstantPublisherPort6.xml
14 ms. Memory: 520192K Free: 270624K (52%)
----------------- Invoking toplevel() on ptolemy.moml.MoMLSimpleApplication@38d000d0
----------------- Done invoking toplevel() on ptolemy.moml.MoMLSimpleApplication@38d000d0
reloadAllAccessors: .ConstantPublisherPort6

===========================================================================================
----------------- testing Sat May 09 14:19:59 UTC 2020 /home/travis/build/icyphy/ptII/ptolemy/actor/lib/test/auto/ConstantPublisherPort7.xml
----------------- Instantiating /home/travis/build/icyphy/ptII/ptolemy/actor/lib/test/auto/ConstantPublisherPort7.xml
19 ms. Memory: 520192K Free: 261408K (50%)
----------------- Invoking toplevel() on ptolemy.moml.MoMLSimpleApplication@7785105b
----------------- Done invoking toplevel() on ptolemy.moml.MoMLSimpleApplication@7785105b
reloadAllAccessors: .ConstantPublisherPort7

===========================================================================================
----------------- testing Sat May 09 14:19:59 UTC 2020 /home/travis/build/icyphy/ptII/ptolemy/actor/lib/test/auto/ConstraintMonitor1.xml
----------------- Instantiating /home/travis/build/icyphy/ptII/ptolemy/actor/lib/test/auto/ConstraintMonitor1.xml
5 ms. Memory: 520192K Free: 255776K (49%)
----------------- Invoking toplevel() on ptolemy.moml.MoMLSimpleApplication@2a49288e
----------------- Done invoking toplevel() on ptolemy.moml.MoMLSimpleApplication@2a49288e
reloadAllAccessors: .ConstraintMonitor1

===========================================================================================
----------------- testing Sat May 09 14:19:59 UTC 2020 /home/travis/build/icyphy/ptII/ptolemy/actor/lib/test/auto/ConstraintMonitor2.xml
----------------- Instantiating /home/travis/build/icyphy/ptII/ptolemy/actor/lib/test/auto/ConstraintMonitor2.xml
4 ms. Memory: 520192K Free: 251168K (48%)
----------------- Invoking toplevel() on ptolemy.moml.MoMLSimpleApplication@5e1fedcc
----------------- Done invoking toplevel() on ptolemy.moml.MoMLSimpleApplication@5e1fedcc
reloadAllAccessors: .ConstraintMonitor2

===========================================================================================
----------------- testing Sat May 09 14:19:59 UTC 2020 /home/travis/build/icyphy/ptII/ptolemy/actor/lib/test/auto/ConstraintMonitor3.xml
----------------- Instantiating /home/travis/build/icyphy/ptII/ptolemy/actor/lib/test/auto/ConstraintMonitor3.xml
4 ms. Memory: 520192K Free: 247072K (47%)
----------------- Invoking toplevel() on ptolemy.moml.MoMLSimpleApplication@3dfc9b83
----------------- Done invoking toplevel() on ptolemy.moml.MoMLSimpleApplication@3dfc9b83
reloadAllAccessors: .ConstraintMonitor3

===========================================================================================
----------------- testing Sat May 09 14:19:59 UTC 2020 /home/travis/build/icyphy/ptII/ptolemy/actor/lib/test/auto/ConstraintMonitor4.xml
----------------- Instantiating /home/travis/build/icyphy/ptII/ptolemy/actor/lib/test/auto/ConstraintMonitor4.xml
4 ms. Memory: 520192K Free: 241952K (47%)
----------------- Invoking toplevel() on ptolemy.moml.MoMLSimpleApplication@5945110
----------------- Done invoking toplevel() on ptolemy.moml.MoMLSimpleApplication@5945110
reloadAllAccessors: .ConstraintMonitor4

===========================================================================================
----------------- testing Sat May 09 14:19:59 UTC 2020 /home/travis/build/icyphy/ptII/ptolemy/actor/lib/test/auto/ConstraintMonitor5.xml
----------------- Instantiating /home/travis/build/icyphy/ptII/ptolemy/actor/lib/test/auto/ConstraintMonitor5.xml
3 ms. Memory: 520192K Free: 237346K (46%)
----------------- Invoking toplevel() on ptolemy.moml.MoMLSimpleApplication@62bbef5d
----------------- Done invoking toplevel() on ptolemy.moml.MoMLSimpleApplication@62bbef5d
reloadAllAccessors: .ConstraintMonitor5

===========================================================================================
----------------- testing Sat May 09 14:19:59 UTC 2020 /home/travis/build/icyphy/ptII/ptolemy/actor/lib/test/auto/ConstraintMonitor6.xml
----------------- Instantiating /home/travis/build/icyphy/ptII/ptolemy/actor/lib/test/auto/ConstraintMonitor6.xml
3 ms. Memory: 520192K Free: 231202K (44%)
----------------- Invoking toplevel() on ptolemy.moml.MoMLSimpleApplication@445c61fa
----------------- Done invoking toplevel() on ptolemy.moml.MoMLSimpleApplication@445c61fa
reloadAllAccessors: .ConstraintMonitor6

===========================================================================================
----------------- testing Sat May 09 14:19:59 UTC 2020 /home/travis/build/icyphy/ptII/ptolemy/actor/lib/test/auto/ConstraintMonitor7.xml
----------------- Instantiating /home/travis/build/icyphy/ptII/ptolemy/actor/lib/test/auto/ConstraintMonitor7.xml
5 ms. Memory: 520192K Free: 224529K (43%)
----------------- Invoking toplevel() on ptolemy.moml.MoMLSimpleApplication@1101310
----------------- Done invoking toplevel() on ptolemy.moml.MoMLSimpleApplication@1101310
reloadAllAccessors: .ConstraintMonitor7

===========================================================================================
----------------- testing Sat May 09 14:19:59 UTC 2020 /home/travis/build/icyphy/ptII/ptolemy/actor/lib/test/auto/ConstraintMonitor8.xml
----------------- Instantiating /home/travis/build/icyphy/ptII/ptolemy/actor/lib/test/auto/ConstraintMonitor8.xml
5 ms. Memory: 520192K Free: 217376K (42%)
----------------- Invoking toplevel() on ptolemy.moml.MoMLSimpleApplication@440d224e
----------------- Done invoking toplevel() on ptolemy.moml.MoMLSimpleApplication@440d224e
reloadAllAccessors: .ConstraintMonitor8

===========================================================================================
----------------- testing Sat May 09 14:20:00 UTC 2020 /home/travis/build/icyphy/ptII/ptolemy/actor/lib/test/auto/Counter.xml
----------------- Instantiating /home/travis/build/icyphy/ptII/ptolemy/actor/lib/test/auto/Counter.xml
1 ms. Memory: 520192K Free: 212256K (41%)
----------------- Invoking toplevel() on ptolemy.moml.MoMLSimpleApplication@5e6cd949
----------------- Done invoking toplevel() on ptolemy.moml.MoMLSimpleApplication@5e6cd949
reloadAllAccessors: .Counter

===========================================================================================
----------------- testing Sat May 09 14:20:00 UTC 2020 /home/travis/build/icyphy/ptII/ptolemy/actor/lib/test/auto/CurrentTimeSDF.xml
----------------- Instantiating /home/travis/build/icyphy/ptII/ptolemy/actor/lib/test/auto/CurrentTimeSDF.xml
1 ms. Memory: 520192K Free: 208160K (40%)
----------------- Invoking toplevel() on ptolemy.moml.MoMLSimpleApplication@2edf4da5
----------------- Done invoking toplevel() on ptolemy.moml.MoMLSimpleApplication@2edf4da5
reloadAllAccessors: .CurrentTimeSDF

===========================================================================================
----------------- testing Sat May 09 14:20:00 UTC 2020 /home/travis/build/icyphy/ptII/ptolemy/actor/lib/test/auto/DB.xml
----------------- Instantiating /home/travis/build/icyphy/ptII/ptolemy/actor/lib/test/auto/DB.xml
1 ms. Memory: 520192K Free: 203554K (39%)
----------------- Invoking toplevel() on ptolemy.moml.MoMLSimpleApplication@bb4328a
----------------- Done invoking toplevel() on ptolemy.moml.MoMLSimpleApplication@bb4328a
reloadAllAccessors: .DB

===========================================================================================
----------------- testing Sat May 09 14:20:00 UTC 2020 /home/travis/build/icyphy/ptII/ptolemy/actor/lib/test/auto/DBDE.xml
----------------- Instantiating /home/travis/build/icyphy/ptII/ptolemy/actor/lib/test/auto/DBDE.xml
2 ms. Memory: 520192K Free: 466210K (90%)
----------------- Invoking toplevel() on ptolemy.moml.MoMLSimpleApplication@5b454b4c
----------------- Done invoking toplevel() on ptolemy.moml.MoMLSimpleApplication@5b454b4c
reloadAllAccessors: .DBDE

===========================================================================================
----------------- testing Sat May 09 14:20:00 UTC 2020 /home/travis/build/icyphy/ptII/ptolemy/actor/lib/test/auto/DateConstructor.xml
----------------- Instantiating /home/travis/build/icyphy/ptII/ptolemy/actor/lib/test/auto/DateConstructor.xml
29 ms. Memory: 520192K Free: 448288K (86%)
----------------- Invoking toplevel() on ptolemy.moml.MoMLSimpleApplication@7c55e2c5
----------------- Done invoking toplevel() on ptolemy.moml.MoMLSimpleApplication@7c55e2c5
reloadAllAccessors: .DateConstructor

===========================================================================================
----------------- testing Sat May 09 14:20:00 UTC 2020 /home/travis/build/icyphy/ptII/ptolemy/actor/lib/test/auto/DelayTime.xml
----------------- Instantiating /home/travis/build/icyphy/ptII/ptolemy/actor/lib/test/auto/DelayTime.xml
5 ms. Memory: 520192K Free: 443168K (85%)
----------------- Invoking toplevel() on ptolemy.moml.MoMLSimpleApplication@69aeff0c
----------------- Done invoking toplevel() on ptolemy.moml.MoMLSimpleApplication@69aeff0c
reloadAllAccessors: .DelayTime

===========================================================================================
----------------- testing Sat May 09 14:20:00 UTC 2020 /home/travis/build/icyphy/ptII/ptolemy/actor/lib/test/auto/Dictionary1.xml
----------------- Instantiating /home/travis/build/icyphy/ptII/ptolemy/actor/lib/test/auto/Dictionary1.xml
1 ms. Memory: 520192K Free: 437538K (84%)
----------------- Invoking toplevel() on ptolemy.moml.MoMLSimpleApplication@51bc58ad
----------------- Done invoking toplevel() on ptolemy.moml.MoMLSimpleApplication@51bc58ad
reloadAllAccessors: .Dictionary1

===========================================================================================
----------------- testing Sat May 09 14:20:00 UTC 2020 /home/travis/build/icyphy/ptII/ptolemy/actor/lib/test/auto/Dictionary2.xml
----------------- Instantiating /home/travis/build/icyphy/ptII/ptolemy/actor/lib/test/auto/Dictionary2.xml
1 ms. Memory: 520192K Free: 432418K (83%)
----------------- Invoking toplevel() on ptolemy.moml.MoMLSimpleApplication@3d253547
----------------- Done invoking toplevel() on ptolemy.moml.MoMLSimpleApplication@3d253547
reloadAllAccessors: .Dictionary2

===========================================================================================
----------------- testing Sat May 09 14:20:00 UTC 2020 /home/travis/build/icyphy/ptII/ptolemy/actor/lib/test/auto/Dictionary3.xml
----------------- Instantiating /home/travis/build/icyphy/ptII/ptolemy/actor/lib/test/auto/Dictionary3.xml
1 ms. Memory: 520192K Free: 426784K (82%)
----------------- Invoking toplevel() on ptolemy.moml.MoMLSimpleApplication@7b726e18
----------------- Done invoking toplevel() on ptolemy.moml.MoMLSimpleApplication@7b726e18
reloadAllAccessors: .Dictionary3

===========================================================================================
----------------- testing Sat May 09 14:20:00 UTC 2020 /home/travis/build/icyphy/ptII/ptolemy/actor/lib/test/auto/Dictionary4.xml
----------------- Instantiating /home/travis/build/icyphy/ptII/ptolemy/actor/lib/test/auto/Dictionary4.xml
2 ms. Memory: 520192K Free: 419616K (81%)
----------------- Invoking toplevel() on ptolemy.moml.MoMLSimpleApplication@2515c325
----------------- Done invoking toplevel() on ptolemy.moml.MoMLSimpleApplication@2515c325
reloadAllAccessors: .Dictionary4

===========================================================================================
----------------- testing Sat May 09 14:20:00 UTC 2020 /home/travis/build/icyphy/ptII/ptolemy/actor/lib/test/auto/Differential.xml
----------------- Instantiating /home/travis/build/icyphy/ptII/ptolemy/actor/lib/test/auto/Differential.xml
2 ms. Memory: 520192K Free: 415520K (80%)
----------------- Invoking toplevel() on ptolemy.moml.MoMLSimpleApplication@146eeeb1
----------------- Done invoking toplevel() on ptolemy.moml.MoMLSimpleApplication@146eeeb1
reloadAllAccessors: .Differential

===========================================================================================
----------------- testing Sat May 09 14:20:00 UTC 2020 /home/travis/build/icyphy/ptII/ptolemy/actor/lib/test/auto/Director.xml
----------------- Instantiating /home/travis/build/icyphy/ptII/ptolemy/actor/lib/test/auto/Director.xml
2 ms. Memory: 520192K Free: 411938K (79%)
----------------- Invoking toplevel() on ptolemy.moml.MoMLSimpleApplication@4b38b02b
----------------- Done invoking toplevel() on ptolemy.moml.MoMLSimpleApplication@4b38b02b
reloadAllAccessors: .Director

===========================================================================================
----------------- testing Sat May 09 14:20:00 UTC 2020 /home/travis/build/icyphy/ptII/ptolemy/actor/lib/test/auto/DiscreteClock.xml
----------------- Instantiating /home/travis/build/icyphy/ptII/ptolemy/actor/lib/test/auto/DiscreteClock.xml
1 ms. Memory: 520192K Free: 407842K (78%)
----------------- Invoking toplevel() on ptolemy.moml.MoMLSimpleApplication@14aca44f
----------------- Done invoking toplevel() on ptolemy.moml.MoMLSimpleApplication@14aca44f
reloadAllAccessors: .DiscreteClock

===========================================================================================
----------------- testing Sat May 09 14:20:00 UTC 2020 /home/travis/build/icyphy/ptII/ptolemy/actor/lib/test/auto/DiscreteClock10.xml
----------------- Instantiating /home/travis/build/icyphy/ptII/ptolemy/actor/lib/test/auto/DiscreteClock10.xml
2 ms. Memory: 520192K Free: 401698K (77%)
----------------- Invoking toplevel() on ptolemy.moml.MoMLSimpleApplication@141562ff
----------------- Done invoking toplevel() on ptolemy.moml.MoMLSimpleApplication@141562ff
reloadAllAccessors: .DiscreteClock10

===========================================================================================
----------------- testing Sat May 09 14:20:00 UTC 2020 /home/travis/build/icyphy/ptII/ptolemy/actor/lib/test/auto/DiscreteClock11.xml
----------------- Instantiating /home/travis/build/icyphy/ptII/ptolemy/actor/lib/test/auto/DiscreteClock11.xml
2 ms. Memory: 520192K Free: 396064K (76%)
----------------- Invoking toplevel() on ptolemy.moml.MoMLSimpleApplication@7626bc1d
----------------- Done invoking toplevel() on ptolemy.moml.MoMLSimpleApplication@7626bc1d
reloadAllAccessors: .DiscreteClock11

===========================================================================================
----------------- testing Sat May 09 14:20:00 UTC 2020 /home/travis/build/icyphy/ptII/ptolemy/actor/lib/test/auto/DiscreteClock12.xml
----------------- Instantiating /home/travis/build/icyphy/ptII/ptolemy/actor/lib/test/auto/DiscreteClock12.xml
3 ms. Memory: 520192K Free: 389920K (75%)
----------------- Invoking toplevel() on ptolemy.moml.MoMLSimpleApplication@588c2cbb
----------------- Done invoking toplevel() on ptolemy.moml.MoMLSimpleApplication@588c2cbb
reloadAllAccessors: .DiscreteClock12

===========================================================================================
----------------- testing Sat May 09 14:20:00 UTC 2020 /home/travis/build/icyphy/ptII/ptolemy/actor/lib/test/auto/DiscreteClock13.xml
----------------- Instantiating /home/travis/build/icyphy/ptII/ptolemy/actor/lib/test/auto/DiscreteClock13.xml
3 ms. Memory: 520192K Free: 383769K (74%)
----------------- Invoking toplevel() on ptolemy.moml.MoMLSimpleApplication@36f8d330
----------------- Done invoking toplevel() on ptolemy.moml.MoMLSimpleApplication@36f8d330
reloadAllAccessors: .DiscreteClock13

===========================================================================================
----------------- testing Sat May 09 14:20:00 UTC 2020 /home/travis/build/icyphy/ptII/ptolemy/actor/lib/test/auto/DiscreteClock14.xml
----------------- Instantiating /home/travis/build/icyphy/ptII/ptolemy/actor/lib/test/auto/DiscreteClock14.xml
6 ms. Memory: 520192K Free: 378146K (73%)
----------------- Invoking toplevel() on ptolemy.moml.MoMLSimpleApplication@599151fa
----------------- Done invoking toplevel() on ptolemy.moml.MoMLSimpleApplication@599151fa
reloadAllAccessors: .DiscreteClock14

===========================================================================================
----------------- testing Sat May 09 14:20:00 UTC 2020 /home/travis/build/icyphy/ptII/ptolemy/actor/lib/test/auto/DiscreteClock15.xml
----------------- Instantiating /home/travis/build/icyphy/ptII/ptolemy/actor/lib/test/auto/DiscreteClock15.xml
4 ms. Memory: 520192K Free: 372002K (72%)
----------------- Invoking toplevel() on ptolemy.moml.MoMLSimpleApplication@412d6543
----------------- Done invoking toplevel() on ptolemy.moml.MoMLSimpleApplication@412d6543
reloadAllAccessors: .DiscreteClock15

===========================================================================================
----------------- testing Sat May 09 14:20:00 UTC 2020 /home/travis/build/icyphy/ptII/ptolemy/actor/lib/test/auto/DiscreteClock16.xml
----------------- Instantiating /home/travis/build/icyphy/ptII/ptolemy/actor/lib/test/auto/DiscreteClock16.xml
16 ms. Memory: 520192K Free: 358161K (69%)
----------------- Invoking toplevel() on ptolemy.moml.MoMLSimpleApplication@1f4e958c
----------------- Done invoking toplevel() on ptolemy.moml.MoMLSimpleApplication@1f4e958c
reloadAllAccessors: .DiscreteClock16

===========================================================================================
----------------- testing Sat May 09 14:20:00 UTC 2020 /home/travis/build/icyphy/ptII/ptolemy/actor/lib/test/auto/DiscreteClock17.xml
----------------- Instantiating /home/travis/build/icyphy/ptII/ptolemy/actor/lib/test/auto/DiscreteClock17.xml
15 ms. Memory: 520192K Free: 343825K (66%)
----------------- Invoking toplevel() on ptolemy.moml.MoMLSimpleApplication@419c1942
----------------- Done invoking toplevel() on ptolemy.moml.MoMLSimpleApplication@419c1942
reloadAllAccessors: .DiscreteClock17

===========================================================================================
----------------- testing Sat May 09 14:20:00 UTC 2020 /home/travis/build/icyphy/ptII/ptolemy/actor/lib/test/auto/DiscreteClock18.xml
----------------- Instantiating /home/travis/build/icyphy/ptII/ptolemy/actor/lib/test/auto/DiscreteClock18.xml
20 ms. Memory: 520192K Free: 330018K (63%)
----------------- Invoking toplevel() on ptolemy.moml.MoMLSimpleApplication@243902e8
----------------- Done invoking toplevel() on ptolemy.moml.MoMLSimpleApplication@243902e8
reloadAllAccessors: .DiscreteClock18

===========================================================================================
----------------- testing Sat May 09 14:20:00 UTC 2020 /home/travis/build/icyphy/ptII/ptolemy/actor/lib/test/auto/DiscreteClock19.xml
----------------- Instantiating /home/travis/build/icyphy/ptII/ptolemy/actor/lib/test/auto/DiscreteClock19.xml
18 ms. Memory: 520192K Free: 316706K (61%)
----------------- Invoking toplevel() on ptolemy.moml.MoMLSimpleApplication@28863141
----------------- Done invoking toplevel() on ptolemy.moml.MoMLSimpleApplication@28863141
reloadAllAccessors: .DiscreteClock19

===========================================================================================
----------------- testing Sat May 09 14:20:00 UTC 2020 /home/travis/build/icyphy/ptII/ptolemy/actor/lib/test/auto/DiscreteClock2.xml
----------------- Instantiating /home/travis/build/icyphy/ptII/ptolemy/actor/lib/test/auto/DiscreteClock2.xml
3 ms. Memory: 520192K Free: 311586K (60%)
----------------- Invoking toplevel() on ptolemy.moml.MoMLSimpleApplication@58449172
----------------- Done invoking toplevel() on ptolemy.moml.MoMLSimpleApplication@58449172
reloadAllAccessors: .DiscreteClock2

===========================================================================================
----------------- testing Sat May 09 14:20:00 UTC 2020 /home/travis/build/icyphy/ptII/ptolemy/actor/lib/test/auto/DiscreteClock20.xml
----------------- Instantiating /home/travis/build/icyphy/ptII/ptolemy/actor/lib/test/auto/DiscreteClock20.xml
6 ms. Memory: 520192K Free: 305952K (59%)
----------------- Invoking toplevel() on ptolemy.moml.MoMLSimpleApplication@2545a046
----------------- Done invoking toplevel() on ptolemy.moml.MoMLSimpleApplication@2545a046
reloadAllAccessors: .DiscreteClock20

===========================================================================================
----------------- testing Sat May 09 14:20:00 UTC 2020 /home/travis/build/icyphy/ptII/ptolemy/actor/lib/test/auto/DiscreteClock21.xml
----------------- Instantiating /home/travis/build/icyphy/ptII/ptolemy/actor/lib/test/auto/DiscreteClock21.xml
5 ms. Memory: 520192K Free: 300322K (58%)
----------------- Invoking toplevel() on ptolemy.moml.MoMLSimpleApplication@2c2a1ef8
----------------- Done invoking toplevel() on ptolemy.moml.MoMLSimpleApplication@2c2a1ef8
reloadAllAccessors: .DiscreteClock21

===========================================================================================
----------------- testing Sat May 09 14:20:00 UTC 2020 /home/travis/build/icyphy/ptII/ptolemy/actor/lib/test/auto/DiscreteClock22.xml
----------------- Instantiating /home/travis/build/icyphy/ptII/ptolemy/actor/lib/test/auto/DiscreteClock22.xml
5 ms. Memory: 520192K Free: 295202K (57%)
----------------- Invoking toplevel() on ptolemy.moml.MoMLSimpleApplication@2a7a641b
----------------- Done invoking toplevel() on ptolemy.moml.MoMLSimpleApplication@2a7a641b
reloadAllAccessors: .DiscreteClock22

===========================================================================================
----------------- testing Sat May 09 14:20:00 UTC 2020 /home/travis/build/icyphy/ptII/ptolemy/actor/lib/test/auto/DiscreteClock23.xml
----------------- Instantiating /home/travis/build/icyphy/ptII/ptolemy/actor/lib/test/auto/DiscreteClock23.xml
8 ms. Memory: 520192K Free: 289568K (56%)
----------------- Invoking toplevel() on ptolemy.moml.MoMLSimpleApplication@4fe38d8c
----------------- Done invoking toplevel() on ptolemy.moml.MoMLSimpleApplication@4fe38d8c
reloadAllAccessors: .DiscreteClock23

===========================================================================================
----------------- testing Sat May 09 14:20:00 UTC 2020 /home/travis/build/icyphy/ptII/ptolemy/actor/lib/test/auto/DiscreteClock24.xml
----------------- Instantiating /home/travis/build/icyphy/ptII/ptolemy/actor/lib/test/auto/DiscreteClock24.xml
3 ms. Memory: 520192K Free: 283938K (55%)
----------------- Invoking toplevel() on ptolemy.moml.MoMLSimpleApplication@25007d76
----------------- Done invoking toplevel() on ptolemy.moml.MoMLSimpleApplication@25007d76
reloadAllAccessors: .DiscreteClock24

===========================================================================================
----------------- testing Sat May 09 14:20:00 UTC 2020 /home/travis/build/icyphy/ptII/ptolemy/actor/lib/test/auto/DiscreteClock4.xml
----------------- Instantiating /home/travis/build/icyphy/ptII/ptolemy/actor/lib/test/auto/DiscreteClock4.xml
3 ms. Memory: 520192K Free: 278304K (54%)
----------------- Invoking toplevel() on ptolemy.moml.MoMLSimpleApplication@593831f4
----------------- Done invoking toplevel() on ptolemy.moml.MoMLSimpleApplication@593831f4
reloadAllAccessors: .DiscreteClock4

===========================================================================================
----------------- testing Sat May 09 14:20:00 UTC 2020 /home/travis/build/icyphy/ptII/ptolemy/actor/lib/test/auto/DiscreteClock5.xml
----------------- Instantiating /home/travis/build/icyphy/ptII/ptolemy/actor/lib/test/auto/DiscreteClock5.xml
1 ms. Memory: 520192K Free: 273184K (53%)
----------------- Invoking toplevel() on ptolemy.moml.MoMLSimpleApplication@719ff233
----------------- Done invoking toplevel() on ptolemy.moml.MoMLSimpleApplication@719ff233
reloadAllAccessors: .DiscreteClock5

===========================================================================================
----------------- testing Sat May 09 14:20:00 UTC 2020 /home/travis/build/icyphy/ptII/ptolemy/actor/lib/test/auto/DiscreteClock6.xml
----------------- Instantiating /home/travis/build/icyphy/ptII/ptolemy/actor/lib/test/auto/DiscreteClock6.xml
1 ms. Memory: 520192K Free: 269073K (52%)
----------------- Invoking toplevel() on ptolemy.moml.MoMLSimpleApplication@2a94b975
----------------- Done invoking toplevel() on ptolemy.moml.MoMLSimpleApplication@2a94b975
reloadAllAccessors: .DiscreteClock6

===========================================================================================
----------------- testing Sat May 09 14:20:00 UTC 2020 /home/travis/build/icyphy/ptII/ptolemy/actor/lib/test/auto/DiscreteClock7.xml
----------------- Instantiating /home/travis/build/icyphy/ptII/ptolemy/actor/lib/test/auto/DiscreteClock7.xml
1 ms. Memory: 520192K Free: 263968K (51%)
----------------- Invoking toplevel() on ptolemy.moml.MoMLSimpleApplication@6f4ee805
----------------- Done invoking toplevel() on ptolemy.moml.MoMLSimpleApplication@6f4ee805
reloadAllAccessors: .DiscreteClock7

===========================================================================================
----------------- testing Sat May 09 14:20:00 UTC 2020 /home/travis/build/icyphy/ptII/ptolemy/actor/lib/test/auto/DiscreteClock8.xml
----------------- Instantiating /home/travis/build/icyphy/ptII/ptolemy/actor/lib/test/auto/DiscreteClock8.xml
1 ms. Memory: 520192K Free: 258338K (50%)
----------------- Invoking toplevel() on ptolemy.moml.MoMLSimpleApplication@7088aa98
----------------- Done invoking toplevel() on ptolemy.moml.MoMLSimpleApplication@7088aa98
reloadAllAccessors: .DiscreteClock8

===========================================================================================
----------------- testing Sat May 09 14:20:00 UTC 2020 /home/travis/build/icyphy/ptII/ptolemy/actor/lib/test/auto/DiscreteClock9.xml
----------------- Instantiating /home/travis/build/icyphy/ptII/ptolemy/actor/lib/test/auto/DiscreteClock9.xml
4 ms. Memory: 520192K Free: 252673K (49%)
----------------- Invoking toplevel() on ptolemy.moml.MoMLSimpleApplication@337da8c0
----------------- Done invoking toplevel() on ptolemy.moml.MoMLSimpleApplication@337da8c0
reloadAllAccessors: .DiscreteClock9

===========================================================================================
----------------- testing Sat May 09 14:20:00 UTC 2020 /home/travis/build/icyphy/ptII/ptolemy/actor/lib/test/auto/DisplayArray.xml
----------------- Instantiating /home/travis/build/icyphy/ptII/ptolemy/actor/lib/test/auto/DisplayArray.xml
1 ms. Memory: 520192K Free: 249122K (48%)
----------------- Invoking toplevel() on ptolemy.moml.MoMLSimpleApplication@9d8424d
----------------- Done invoking toplevel() on ptolemy.moml.MoMLSimpleApplication@9d8424d
reloadAllAccessors: .DisplayArray

===========================================================================================
----------------- testing Sat May 09 14:20:00 UTC 2020 /home/travis/build/icyphy/ptII/ptolemy/actor/lib/test/auto/Distributor.xml
----------------- Instantiating /home/travis/build/icyphy/ptII/ptolemy/actor/lib/test/auto/Distributor.xml
1 ms. Memory: 520192K Free: 244002K (47%)
----------------- Invoking toplevel() on ptolemy.moml.MoMLSimpleApplication@6302dad5
----------------- Done invoking toplevel() on ptolemy.moml.MoMLSimpleApplication@6302dad5
reloadAllAccessors: .Distributor

===========================================================================================
----------------- testing Sat May 09 14:20:00 UTC 2020 /home/travis/build/icyphy/ptII/ptolemy/actor/lib/test/auto/Distributor2.xml
----------------- Instantiating /home/travis/build/icyphy/ptII/ptolemy/actor/lib/test/auto/Distributor2.xml
1 ms. Memory: 520192K Free: 238882K (46%)
----------------- Invoking toplevel() on ptolemy.moml.MoMLSimpleApplication@f85d7c1
----------------- Done invoking toplevel() on ptolemy.moml.MoMLSimpleApplication@f85d7c1
reloadAllAccessors: .Distributor2

===========================================================================================
----------------- testing Sat May 09 14:20:00 UTC 2020 /home/travis/build/icyphy/ptII/ptolemy/actor/lib/test/auto/DownSample.xml
----------------- Instantiating /home/travis/build/icyphy/ptII/ptolemy/actor/lib/test/auto/DownSample.xml
1 ms. Memory: 520192K Free: 234272K (45%)
----------------- Invoking toplevel() on ptolemy.moml.MoMLSimpleApplication@37185764
----------------- Done invoking toplevel() on ptolemy.moml.MoMLSimpleApplication@37185764
reloadAllAccessors: .DownSample

===========================================================================================
----------------- testing Sat May 09 14:20:00 UTC 2020 /home/travis/build/icyphy/ptII/ptolemy/actor/lib/test/auto/ElectronicUnitBase1.xml
----------------- Instantiating /home/travis/build/icyphy/ptII/ptolemy/actor/lib/test/auto/ElectronicUnitBase1.xml
13 ms. Memory: 520192K Free: 218402K (42%)
----------------- Invoking toplevel() on ptolemy.moml.MoMLSimpleApplication@275ca988
----------------- Done invoking toplevel() on ptolemy.moml.MoMLSimpleApplication@275ca988
reloadAllAccessors: .ElectronicUnitBase1

===========================================================================================
----------------- testing Sat May 09 14:20:00 UTC 2020 /home/travis/build/icyphy/ptII/ptolemy/actor/lib/test/auto/ElementsToArray.xml
----------------- Instantiating /home/travis/build/icyphy/ptII/ptolemy/actor/lib/test/auto/ElementsToArray.xml
2 ms. Memory: 520192K Free: 213282K (41%)
----------------- Invoking toplevel() on ptolemy.moml.MoMLSimpleApplication@77550fe5
----------------- Done invoking toplevel() on ptolemy.moml.MoMLSimpleApplication@77550fe5
reloadAllAccessors: .ElementsToArray

===========================================================================================
----------------- testing Sat May 09 14:20:00 UTC 2020 /home/travis/build/icyphy/ptII/ptolemy/actor/lib/test/auto/Equals.xml
----------------- Instantiating /home/travis/build/icyphy/ptII/ptolemy/actor/lib/test/auto/Equals.xml
3 ms. Memory: 520192K Free: 208672K (40%)
----------------- Invoking toplevel() on ptolemy.moml.MoMLSimpleApplication@3dfdc65e
----------------- Done invoking toplevel() on ptolemy.moml.MoMLSimpleApplication@3dfdc65e
reloadAllAccessors: .Equals

===========================================================================================
----------------- testing Sat May 09 14:20:00 UTC 2020 /home/travis/build/icyphy/ptII/ptolemy/actor/lib/test/auto/Exec.xml
----------------- Instantiating /home/travis/build/icyphy/ptII/ptolemy/actor/lib/test/auto/Exec.xml
19 ms. Memory: 520192K Free: 202513K (39%)
----------------- Invoking toplevel() on ptolemy.moml.MoMLSimpleApplication@38e6d009
----------------- Done invoking toplevel() on ptolemy.moml.MoMLSimpleApplication@38e6d009
reloadAllAccessors: .Exec

===========================================================================================
----------------- testing Sat May 09 14:20:01 UTC 2020 /home/travis/build/icyphy/ptII/ptolemy/actor/lib/test/auto/ExecEnvironment.xml
----------------- Instantiating /home/travis/build/icyphy/ptII/ptolemy/actor/lib/test/auto/ExecEnvironment.xml
20 ms. Memory: 520192K Free: 196898K (38%)
----------------- Invoking toplevel() on ptolemy.moml.MoMLSimpleApplication@73b8cd00
----------------- Done invoking toplevel() on ptolemy.moml.MoMLSimpleApplication@73b8cd00
reloadAllAccessors: .ExecEnvironment

===========================================================================================
----------------- testing Sat May 09 14:20:01 UTC 2020 /home/travis/build/icyphy/ptII/ptolemy/actor/lib/test/auto/ExecNonZeroReturnOutput.xml
----------------- Instantiating /home/travis/build/icyphy/ptII/ptolemy/actor/lib/test/auto/ExecNonZeroReturnOutput.xml
128 ms. Memory: 520192K Free: 185634K (36%)
----------------- Invoking toplevel() on ptolemy.moml.MoMLSimpleApplication@37201f72
----------------- Done invoking toplevel() on ptolemy.moml.MoMLSimpleApplication@37201f72
reloadAllAccessors: .ExecNonZeroReturnOutput

===========================================================================================
----------------- testing Sat May 09 14:20:01 UTC 2020 /home/travis/build/icyphy/ptII/ptolemy/actor/lib/test/auto/ExecRunDemos.xml
----------------- Instantiating /home/travis/build/icyphy/ptII/ptolemy/actor/lib/test/auto/ExecRunDemos.xml
Finished: 57 ms. Memory: 129024K Free: 112295K (87%)

Finished: 84 ms. Memory: 129024K Free: 109569K (85%)

Finished: 70 ms. Memory: 129024K Free: 109452K (85%)

Finished: 75 ms. Memory: 129024K Free: 111249K (86%)

Finished: 52 ms. Memory: 129024K Free: 112046K (87%)

9955 ms. Memory: 520192K Free: 466924K (90%)
----------------- Invoking toplevel() on ptolemy.moml.MoMLSimpleApplication@48e32098
----------------- Done invoking toplevel() on ptolemy.moml.MoMLSimpleApplication@48e32098
reloadAllAccessors: .ExecRunDemos

===========================================================================================
----------------- testing Sat May 09 14:20:11 UTC 2020 /home/travis/build/icyphy/ptII/ptolemy/actor/lib/test/auto/ExecStop.xml
----------------- Instantiating /home/travis/build/icyphy/ptII/ptolemy/actor/lib/test/auto/ExecStop.xml
5017 ms. Memory: 520192K Free: 331552K (64%)
----------------- Invoking toplevel() on ptolemy.moml.MoMLSimpleApplication@6992bc68
----------------- Done invoking toplevel() on ptolemy.moml.MoMLSimpleApplication@6992bc68
reloadAllAccessors: .ExecStop

===========================================================================================
----------------- testing Sat May 09 14:20:16 UTC 2020 /home/travis/build/icyphy/ptII/ptolemy/actor/lib/test/auto/ExecutionTimeSDF.xml
----------------- Instantiating /home/travis/build/icyphy/ptII/ptolemy/actor/lib/test/auto/ExecutionTimeSDF.xml
Fired ExecutionTime: -495767296
Fired ExecutionTime: 1520000000
Fired ExecutionTime: 1543600000
6007 ms. Memory: 520192K Free: 318754K (61%)

===========================================================================================
----------------- testing Sat May 09 14:20:22 UTC 2020 /home/travis/build/icyphy/ptII/ptolemy/actor/lib/test/auto/Expression1.xml
----------------- Instantiating /home/travis/build/icyphy/ptII/ptolemy/actor/lib/test/auto/Expression1.xml
3 ms. Memory: 520192K Free: 314658K (60%)
----------------- Invoking toplevel() on ptolemy.moml.MoMLSimpleApplication@3444f65
----------------- Done invoking toplevel() on ptolemy.moml.MoMLSimpleApplication@3444f65
reloadAllAccessors: .Expression1

===========================================================================================
----------------- testing Sat May 09 14:20:22 UTC 2020 /home/travis/build/icyphy/ptII/ptolemy/actor/lib/test/auto/Expression10.xml
----------------- Instantiating /home/travis/build/icyphy/ptII/ptolemy/actor/lib/test/auto/Expression10.xml
10 ms. Memory: 520192K Free: 309024K (59%)
----------------- Invoking toplevel() on ptolemy.moml.MoMLSimpleApplication@638e0613
----------------- Done invoking toplevel() on ptolemy.moml.MoMLSimpleApplication@638e0613
reloadAllAccessors: .Expression10

===========================================================================================
----------------- testing Sat May 09 14:20:22 UTC 2020 /home/travis/build/icyphy/ptII/ptolemy/actor/lib/test/auto/Expression11.xml
----------------- Instantiating /home/travis/build/icyphy/ptII/ptolemy/actor/lib/test/auto/Expression11.xml
2 ms. Memory: 520192K Free: 303904K (58%)
----------------- Invoking toplevel() on ptolemy.moml.MoMLSimpleApplication@375db4a1
----------------- Done invoking toplevel() on ptolemy.moml.MoMLSimpleApplication@375db4a1
reloadAllAccessors: .Expression11

===========================================================================================
----------------- testing Sat May 09 14:20:22 UTC 2020 /home/travis/build/icyphy/ptII/ptolemy/actor/lib/test/auto/Expression12.xml
----------------- Instantiating /home/travis/build/icyphy/ptII/ptolemy/actor/lib/test/auto/Expression12.xml
5 ms. Memory: 520192K Free: 298274K (57%)
----------------- Invoking toplevel() on ptolemy.moml.MoMLSimpleApplication@22c19013
----------------- Done invoking toplevel() on ptolemy.moml.MoMLSimpleApplication@22c19013
reloadAllAccessors: .Expression12

===========================================================================================
----------------- testing Sat May 09 14:20:22 UTC 2020 /home/travis/build/icyphy/ptII/ptolemy/actor/lib/test/auto/Expression13.xml
----------------- Instantiating /home/travis/build/icyphy/ptII/ptolemy/actor/lib/test/auto/Expression13.xml
4 ms. Memory: 520192K Free: 293154K (56%)
----------------- Invoking toplevel() on ptolemy.moml.MoMLSimpleApplication@7e7292fc
----------------- Done invoking toplevel() on ptolemy.moml.MoMLSimpleApplication@7e7292fc
reloadAllAccessors: .Expression13

===========================================================================================
----------------- testing Sat May 09 14:20:22 UTC 2020 /home/travis/build/icyphy/ptII/ptolemy/actor/lib/test/auto/Expression14.xml
----------------- Instantiating /home/travis/build/icyphy/ptII/ptolemy/actor/lib/test/auto/Expression14.xml
7 ms. Memory: 520192K Free: 287520K (55%)
----------------- Invoking toplevel() on ptolemy.moml.MoMLSimpleApplication@3d311f8c
----------------- Done invoking toplevel() on ptolemy.moml.MoMLSimpleApplication@3d311f8c
reloadAllAccessors: .Expression14

===========================================================================================
----------------- testing Sat May 09 14:20:22 UTC 2020 /home/travis/build/icyphy/ptII/ptolemy/actor/lib/test/auto/Expression15.xml
----------------- Instantiating /home/travis/build/icyphy/ptII/ptolemy/actor/lib/test/auto/Expression15.xml
1 ms. Memory: 520192K Free: 283424K (54%)
----------------- Invoking toplevel() on ptolemy.moml.MoMLSimpleApplication@6b5557c3
----------------- Done invoking toplevel() on ptolemy.moml.MoMLSimpleApplication@6b5557c3
reloadAllAccessors: .Expression15

===========================================================================================
----------------- testing Sat May 09 14:20:22 UTC 2020 /home/travis/build/icyphy/ptII/ptolemy/actor/lib/test/auto/Expression16.xml
----------------- Instantiating /home/travis/build/icyphy/ptII/ptolemy/actor/lib/test/auto/Expression16.xml
3 ms. Memory: 520192K Free: 278304K (54%)
----------------- Invoking toplevel() on ptolemy.moml.MoMLSimpleApplication@61a52711
----------------- Done invoking toplevel() on ptolemy.moml.MoMLSimpleApplication@61a52711
reloadAllAccessors: .Expression16

===========================================================================================
----------------- testing Sat May 09 14:20:22 UTC 2020 /home/travis/build/icyphy/ptII/ptolemy/actor/lib/test/auto/Expression17.xml
----------------- Instantiating /home/travis/build/icyphy/ptII/ptolemy/actor/lib/test/auto/Expression17.xml
3 ms. Memory: 520192K Free: 273184K (53%)
----------------- Invoking toplevel() on ptolemy.moml.MoMLSimpleApplication@1eaf582c
----------------- Done invoking toplevel() on ptolemy.moml.MoMLSimpleApplication@1eaf582c
reloadAllAccessors: .Expression17

===========================================================================================
----------------- testing Sat May 09 14:20:22 UTC 2020 /home/travis/build/icyphy/ptII/ptolemy/actor/lib/test/auto/Expression18.xml
----------------- Instantiating /home/travis/build/icyphy/ptII/ptolemy/actor/lib/test/auto/Expression18.xml
2 ms. Memory: 520192K Free: 267554K (51%)
----------------- Invoking toplevel() on ptolemy.moml.MoMLSimpleApplication@74aae03b
----------------- Done invoking toplevel() on ptolemy.moml.MoMLSimpleApplication@74aae03b
reloadAllAccessors: .Expression18

===========================================================================================
----------------- testing Sat May 09 14:20:22 UTC 2020 /home/travis/build/icyphy/ptII/ptolemy/actor/lib/test/auto/Expression2.xml
----------------- Instantiating /home/travis/build/icyphy/ptII/ptolemy/actor/lib/test/auto/Expression2.xml
3 ms. Memory: 520192K Free: 262434K (50%)
----------------- Invoking toplevel() on ptolemy.moml.MoMLSimpleApplication@110baa97
----------------- Done invoking toplevel() on ptolemy.moml.MoMLSimpleApplication@110baa97
reloadAllAccessors: .Expression2

===========================================================================================
----------------- testing Sat May 09 14:20:22 UTC 2020 /home/travis/build/icyphy/ptII/ptolemy/actor/lib/test/auto/Expression3.xml
----------------- Instantiating /home/travis/build/icyphy/ptII/ptolemy/actor/lib/test/auto/Expression3.xml
5 ms. Memory: 520192K Free: 257824K (50%)
----------------- Invoking toplevel() on ptolemy.moml.MoMLSimpleApplication@70d7f17d
----------------- Done invoking toplevel() on ptolemy.moml.MoMLSimpleApplication@70d7f17d
reloadAllAccessors: .Expression3

===========================================================================================
----------------- testing Sat May 09 14:20:22 UTC 2020 /home/travis/build/icyphy/ptII/ptolemy/actor/lib/test/auto/Expression4.xml
----------------- Instantiating /home/travis/build/icyphy/ptII/ptolemy/actor/lib/test/auto/Expression4.xml
5 ms. Memory: 520192K Free: 250146K (48%)
----------------- Invoking toplevel() on ptolemy.moml.MoMLSimpleApplication@4bd06bc5
----------------- Done invoking toplevel() on ptolemy.moml.MoMLSimpleApplication@4bd06bc5
reloadAllAccessors: .Expression4

===========================================================================================
----------------- testing Sat May 09 14:20:22 UTC 2020 /home/travis/build/icyphy/ptII/ptolemy/actor/lib/test/auto/Expression5.xml
----------------- Instantiating /home/travis/build/icyphy/ptII/ptolemy/actor/lib/test/auto/Expression5.xml
4 ms. Memory: 520192K Free: 245026K (47%)
----------------- Invoking toplevel() on ptolemy.moml.MoMLSimpleApplication@2344a0f6
----------------- Done invoking toplevel() on ptolemy.moml.MoMLSimpleApplication@2344a0f6
reloadAllAccessors: .Expression5

===========================================================================================
----------------- testing Sat May 09 14:20:22 UTC 2020 /home/travis/build/icyphy/ptII/ptolemy/actor/lib/test/auto/Expression6.xml
----------------- Instantiating /home/travis/build/icyphy/ptII/ptolemy/actor/lib/test/auto/Expression6.xml
1 ms. Memory: 520192K Free: 240416K (46%)
----------------- Invoking toplevel() on ptolemy.moml.MoMLSimpleApplication@437ae79a
----------------- Done invoking toplevel() on ptolemy.moml.MoMLSimpleApplication@437ae79a
reloadAllAccessors: .Expression6

===========================================================================================
----------------- testing Sat May 09 14:20:22 UTC 2020 /home/travis/build/icyphy/ptII/ptolemy/actor/lib/test/auto/Expression7.xml
----------------- Instantiating /home/travis/build/icyphy/ptII/ptolemy/actor/lib/test/auto/Expression7.xml
2 ms. Memory: 520192K Free: 235296K (45%)
----------------- Invoking toplevel() on ptolemy.moml.MoMLSimpleApplication@5b8d309a
----------------- Done invoking toplevel() on ptolemy.moml.MoMLSimpleApplication@5b8d309a
reloadAllAccessors: .Expression7

===========================================================================================
----------------- testing Sat May 09 14:20:22 UTC 2020 /home/travis/build/icyphy/ptII/ptolemy/actor/lib/test/auto/Expression8.xml
----------------- Instantiating /home/travis/build/icyphy/ptII/ptolemy/actor/lib/test/auto/Expression8.xml
8 ms. Memory: 520192K Free: 230176K (44%)
----------------- Invoking toplevel() on ptolemy.moml.MoMLSimpleApplication@2b1bd229
----------------- Done invoking toplevel() on ptolemy.moml.MoMLSimpleApplication@2b1bd229
reloadAllAccessors: .Expression8

===========================================================================================
----------------- testing Sat May 09 14:20:22 UTC 2020 /home/travis/build/icyphy/ptII/ptolemy/actor/lib/test/auto/Expression9.xml
----------------- Instantiating /home/travis/build/icyphy/ptII/ptolemy/actor/lib/test/auto/Expression9.xml
1 ms. Memory: 520192K Free: 226594K (44%)
----------------- Invoking toplevel() on ptolemy.moml.MoMLSimpleApplication@d116824
----------------- Done invoking toplevel() on ptolemy.moml.MoMLSimpleApplication@d116824
reloadAllAccessors: .Expression9

===========================================================================================
----------------- testing Sat May 09 14:20:22 UTC 2020 /home/travis/build/icyphy/ptII/ptolemy/actor/lib/test/auto/ExpressionConcatenateArrayType.xml
----------------- Instantiating /home/travis/build/icyphy/ptII/ptolemy/actor/lib/test/auto/ExpressionConcatenateArrayType.xml
3 ms. Memory: 520192K Free: 219936K (42%)
----------------- Invoking toplevel() on ptolemy.moml.MoMLSimpleApplication@35591816
----------------- Done invoking toplevel() on ptolemy.moml.MoMLSimpleApplication@35591816
reloadAllAccessors: .ExpressionConcatenateArrayType

===========================================================================================
----------------- testing Sat May 09 14:20:22 UTC 2020 /home/travis/build/icyphy/ptII/ptolemy/actor/lib/test/auto/ExpressionConcatenateArrayType2.xml
----------------- Instantiating /home/travis/build/icyphy/ptII/ptolemy/actor/lib/test/auto/ExpressionConcatenateArrayType2.xml
2 ms. Memory: 520192K Free: 213792K (41%)
----------------- Invoking toplevel() on ptolemy.moml.MoMLSimpleApplication@2943f0e9
----------------- Done invoking toplevel() on ptolemy.moml.MoMLSimpleApplication@2943f0e9
reloadAllAccessors: .ExpressionConcatenateArrayType2

===========================================================================================
----------------- testing Sat May 09 14:20:22 UTC 2020 /home/travis/build/icyphy/ptII/ptolemy/actor/lib/test/auto/ExpressionFix.xml
----------------- Instantiating /home/travis/build/icyphy/ptII/ptolemy/actor/lib/test/auto/ExpressionFix.xml
21 ms. Memory: 520192K Free: 207138K (40%)
----------------- Invoking toplevel() on ptolemy.moml.MoMLSimpleApplication@426b7c28
----------------- Done invoking toplevel() on ptolemy.moml.MoMLSimpleApplication@426b7c28
reloadAllAccessors: .ExpressionFix

===========================================================================================
----------------- testing Sat May 09 14:20:22 UTC 2020 /home/travis/build/icyphy/ptII/ptolemy/actor/lib/test/auto/ExpressionFix2.xml
----------------- Instantiating /home/travis/build/icyphy/ptII/ptolemy/actor/lib/test/auto/ExpressionFix2.xml
3 ms. Memory: 520192K Free: 203042K (39%)
----------------- Invoking toplevel() on ptolemy.moml.MoMLSimpleApplication@6c6b5d09
----------------- Done invoking toplevel() on ptolemy.moml.MoMLSimpleApplication@6c6b5d09
reloadAllAccessors: .ExpressionFix2

===========================================================================================
----------------- testing Sat May 09 14:20:22 UTC 2020 /home/travis/build/icyphy/ptII/ptolemy/actor/lib/test/auto/ExpressionFix3.xml
----------------- Instantiating /home/travis/build/icyphy/ptII/ptolemy/actor/lib/test/auto/ExpressionFix3.xml
3 ms. Memory: 520192K Free: 198432K (38%)
----------------- Invoking toplevel() on ptolemy.moml.MoMLSimpleApplication@324b7d1
----------------- Done invoking toplevel() on ptolemy.moml.MoMLSimpleApplication@324b7d1
reloadAllAccessors: .ExpressionFix3

===========================================================================================
----------------- testing Sat May 09 14:20:22 UTC 2020 /home/travis/build/icyphy/ptII/ptolemy/actor/lib/test/auto/FileWriter1.xml
----------------- Instantiating /home/travis/build/icyphy/ptII/ptolemy/actor/lib/test/auto/FileWriter1.xml
2 ms. Memory: 520192K Free: 194850K (37%)
----------------- Invoking toplevel() on ptolemy.moml.MoMLSimpleApplication@6849da91
----------------- Done invoking toplevel() on ptolemy.moml.MoMLSimpleApplication@6849da91
reloadAllAccessors: .FileWriter1

===========================================================================================
----------------- testing Sat May 09 14:20:22 UTC 2020 /home/travis/build/icyphy/ptII/ptolemy/actor/lib/test/auto/FileWriter2.xml
----------------- Instantiating /home/travis/build/icyphy/ptII/ptolemy/actor/lib/test/auto/FileWriter2.xml
2 ms. Memory: 520192K Free: 190240K (37%)
----------------- Invoking toplevel() on ptolemy.moml.MoMLSimpleApplication@2bab523a
----------------- Done invoking toplevel() on ptolemy.moml.MoMLSimpleApplication@2bab523a
reloadAllAccessors: .FileWriter2

===========================================================================================
----------------- testing Sat May 09 14:20:22 UTC 2020 /home/travis/build/icyphy/ptII/ptolemy/actor/lib/test/auto/FileWriter3.xml
----------------- Instantiating /home/travis/build/icyphy/ptII/ptolemy/actor/lib/test/auto/FileWriter3.xml
4 ms. Memory: 520192K Free: 186144K (36%)
----------------- Invoking toplevel() on ptolemy.moml.MoMLSimpleApplication@3c96cd18
----------------- Done invoking toplevel() on ptolemy.moml.MoMLSimpleApplication@3c96cd18
reloadAllAccessors: .FileWriter3

===========================================================================================
----------------- testing Sat May 09 14:20:22 UTC 2020 /home/travis/build/icyphy/ptII/ptolemy/actor/lib/test/auto/Gaussian.xml
----------------- Instantiating /home/travis/build/icyphy/ptII/ptolemy/actor/lib/test/auto/Gaussian.xml
3 ms. Memory: 520192K Free: 181538K (35%)
----------------- Invoking toplevel() on ptolemy.moml.MoMLSimpleApplication@877704f
----------------- Done invoking toplevel() on ptolemy.moml.MoMLSimpleApplication@877704f
reloadAllAccessors: .Gaussian

===========================================================================================
----------------- testing Sat May 09 14:20:22 UTC 2020 /home/travis/build/icyphy/ptII/ptolemy/actor/lib/test/auto/Gaussian1.xml
----------------- Instantiating /home/travis/build/icyphy/ptII/ptolemy/actor/lib/test/auto/Gaussian1.xml
8 ms. Memory: 520192K Free: 175889K (34%)
----------------- Invoking toplevel() on ptolemy.moml.MoMLSimpleApplication@73cd61a
----------------- Done invoking toplevel() on ptolemy.moml.MoMLSimpleApplication@73cd61a
reloadAllAccessors: .Gaussian1

===========================================================================================
----------------- testing Sat May 09 14:20:22 UTC 2020 /home/travis/build/icyphy/ptII/ptolemy/actor/lib/test/auto/Gaussian2.xml
----------------- Instantiating /home/travis/build/icyphy/ptII/ptolemy/actor/lib/test/auto/Gaussian2.xml
2 ms. Memory: 520192K Free: 170274K (33%)
----------------- Invoking toplevel() on ptolemy.moml.MoMLSimpleApplication@7bd5eec0
----------------- Done invoking toplevel() on ptolemy.moml.MoMLSimpleApplication@7bd5eec0
reloadAllAccessors: .Gaussian2

===========================================================================================
----------------- testing Sat May 09 14:20:22 UTC 2020 /home/travis/build/icyphy/ptII/ptolemy/actor/lib/test/auto/GradientAdaptiveLattice.xml
----------------- Instantiating /home/travis/build/icyphy/ptII/ptolemy/actor/lib/test/auto/GradientAdaptiveLattice.xml
4 ms. Memory: 520192K Free: 466722K (90%)
----------------- Invoking toplevel() on ptolemy.moml.MoMLSimpleApplication@6de716d2
----------------- Done invoking toplevel() on ptolemy.moml.MoMLSimpleApplication@6de716d2
reloadAllAccessors: .GradientAdaptiveLattice

===========================================================================================
----------------- testing Sat May 09 14:20:22 UTC 2020 /home/travis/build/icyphy/ptII/ptolemy/actor/lib/test/auto/IIR.xml
----------------- Instantiating /home/travis/build/icyphy/ptII/ptolemy/actor/lib/test/auto/IIR.xml
2 ms. Memory: 520192K Free: 462112K (89%)
----------------- Invoking toplevel() on ptolemy.moml.MoMLSimpleApplication@481c73a1
----------------- Done invoking toplevel() on ptolemy.moml.MoMLSimpleApplication@481c73a1
reloadAllAccessors: .IIR

===========================================================================================
----------------- testing Sat May 09 14:20:22 UTC 2020 /home/travis/build/icyphy/ptII/ptolemy/actor/lib/test/auto/InputOutputTransparentPorts.xml
----------------- Instantiating /home/travis/build/icyphy/ptII/ptolemy/actor/lib/test/auto/InputOutputTransparentPorts.xml
1 ms. Memory: 520192K Free: 454944K (87%)
----------------- Invoking toplevel() on ptolemy.moml.MoMLSimpleApplication@23b74438
----------------- Done invoking toplevel() on ptolemy.moml.MoMLSimpleApplication@23b74438
reloadAllAccessors: .InputOutputTransparentPorts

===========================================================================================
----------------- testing Sat May 09 14:20:22 UTC 2020 /home/travis/build/icyphy/ptII/ptolemy/actor/lib/test/auto/Interpolator.xml
----------------- Instantiating /home/travis/build/icyphy/ptII/ptolemy/actor/lib/test/auto/Interpolator.xml
5 ms. Memory: 520192K Free: 450848K (87%)
----------------- Invoking toplevel() on ptolemy.moml.MoMLSimpleApplication@c3e6380
----------------- Done invoking toplevel() on ptolemy.moml.MoMLSimpleApplication@c3e6380
reloadAllAccessors: .Interpolator

===========================================================================================
----------------- testing Sat May 09 14:20:22 UTC 2020 /home/travis/build/icyphy/ptII/ptolemy/actor/lib/test/auto/InterpolatorFiringLimitDE.xml
----------------- Instantiating /home/travis/build/icyphy/ptII/ptolemy/actor/lib/test/auto/InterpolatorFiringLimitDE.xml
2 ms. Memory: 520192K Free: 444704K (85%)
----------------- Invoking toplevel() on ptolemy.moml.MoMLSimpleApplication@4963b719
----------------- Done invoking toplevel() on ptolemy.moml.MoMLSimpleApplication@4963b719
reloadAllAccessors: .InterpolatorFiringLimitDE

===========================================================================================
----------------- testing Sat May 09 14:20:22 UTC 2020 /home/travis/build/icyphy/ptII/ptolemy/actor/lib/test/auto/Lattice.xml
----------------- Instantiating /home/travis/build/icyphy/ptII/ptolemy/actor/lib/test/auto/Lattice.xml
2 ms. Memory: 520192K Free: 440608K (85%)
----------------- Invoking toplevel() on ptolemy.moml.MoMLSimpleApplication@60a99db4
----------------- Done invoking toplevel() on ptolemy.moml.MoMLSimpleApplication@60a99db4
reloadAllAccessors: .Lattice

===========================================================================================
----------------- testing Sat May 09 14:20:22 UTC 2020 /home/travis/build/icyphy/ptII/ptolemy/actor/lib/test/auto/LazyAOCTestLazy.xml
----------------- Instantiating /home/travis/build/icyphy/ptII/ptolemy/actor/lib/test/auto/LazyAOCTestLazy.xml
7 ms. Memory: 520192K Free: 434464K (84%)
----------------- Invoking toplevel() on ptolemy.moml.MoMLSimpleApplication@3a47983c
----------------- Done invoking toplevel() on ptolemy.moml.MoMLSimpleApplication@3a47983c
reloadAllAccessors: .LazyAOCTestLazy

===========================================================================================
----------------- testing Sat May 09 14:20:23 UTC 2020 /home/travis/build/icyphy/ptII/ptolemy/actor/lib/test/auto/LazyAOCTestNonLazy.xml
----------------- Instantiating /home/travis/build/icyphy/ptII/ptolemy/actor/lib/test/auto/LazyAOCTestNonLazy.xml
2 ms. Memory: 520192K Free: 427810K (82%)
----------------- Invoking toplevel() on ptolemy.moml.MoMLSimpleApplication@7c784075
----------------- Done invoking toplevel() on ptolemy.moml.MoMLSimpleApplication@7c784075
reloadAllAccessors: .LazyAOCTestNonLazy

===========================================================================================
----------------- testing Sat May 09 14:20:23 UTC 2020 /home/travis/build/icyphy/ptII/ptolemy/actor/lib/test/auto/LazyInnerClass.xml
----------------- Instantiating /home/travis/build/icyphy/ptII/ptolemy/actor/lib/test/auto/LazyInnerClass.xml
9 ms. Memory: 520192K Free: 419104K (81%)
----------------- Invoking toplevel() on ptolemy.moml.MoMLSimpleApplication@5839b34a
----------------- Done invoking toplevel() on ptolemy.moml.MoMLSimpleApplication@5839b34a
reloadAllAccessors: .LazyInnerClass

===========================================================================================
----------------- testing Sat May 09 14:20:23 UTC 2020 /home/travis/build/icyphy/ptII/ptolemy/actor/lib/test/auto/LazyPubSub.xml
----------------- Instantiating /home/travis/build/icyphy/ptII/ptolemy/actor/lib/test/auto/LazyPubSub.xml
13 ms. Memory: 520192K Free: 409378K (79%)
----------------- Invoking toplevel() on ptolemy.moml.MoMLSimpleApplication@46b8fb7a
----------------- Done invoking toplevel() on ptolemy.moml.MoMLSimpleApplication@46b8fb7a
reloadAllAccessors: .LazyPubSub

===========================================================================================
----------------- testing Sat May 09 14:20:23 UTC 2020 /home/travis/build/icyphy/ptII/ptolemy/actor/lib/test/auto/LazyPubSub2.xml
----------------- Instantiating /home/travis/build/icyphy/ptII/ptolemy/actor/lib/test/auto/LazyPubSub2.xml
10 ms. Memory: 520192K Free: 399648K (77%)
----------------- Invoking toplevel() on ptolemy.moml.MoMLSimpleApplication@3d2f4e9a
----------------- Done invoking toplevel() on ptolemy.moml.MoMLSimpleApplication@3d2f4e9a
reloadAllAccessors: .LazyPubSub2

===========================================================================================
----------------- testing Sat May 09 14:20:23 UTC 2020 /home/travis/build/icyphy/ptII/ptolemy/actor/lib/test/auto/LazyPubSub3.xml
----------------- Instantiating /home/travis/build/icyphy/ptII/ptolemy/actor/lib/test/auto/LazyPubSub3.xml
15 ms. Memory: 520192K Free: 389408K (75%)
----------------- Invoking toplevel() on ptolemy.moml.MoMLSimpleApplication@430c7cfa
----------------- Done invoking toplevel() on ptolemy.moml.MoMLSimpleApplication@430c7cfa
reloadAllAccessors: .LazyPubSub3

===========================================================================================
----------------- testing Sat May 09 14:20:23 UTC 2020 /home/travis/build/icyphy/ptII/ptolemy/actor/lib/test/auto/LazySubClassModel.xml
----------------- Instantiating /home/travis/build/icyphy/ptII/ptolemy/actor/lib/test/auto/LazySubClassModel.xml
3 ms. Memory: 520192K Free: 380192K (73%)
----------------- Invoking toplevel() on ptolemy.moml.MoMLSimpleApplication@55b665b8
----------------- Done invoking toplevel() on ptolemy.moml.MoMLSimpleApplication@55b665b8
reloadAllAccessors: .LazySubClassModel

===========================================================================================
----------------- testing Sat May 09 14:20:23 UTC 2020 /home/travis/build/icyphy/ptII/ptolemy/actor/lib/test/auto/LevelCrossTest1.xml
----------------- Instantiating /home/travis/build/icyphy/ptII/ptolemy/actor/lib/test/auto/LevelCrossTest1.xml
1 ms. Memory: 520192K Free: 374048K (72%)
----------------- Invoking toplevel() on ptolemy.moml.MoMLSimpleApplication@f788245
----------------- Done invoking toplevel() on ptolemy.moml.MoMLSimpleApplication@f788245
reloadAllAccessors: .broken

===========================================================================================
----------------- testing Sat May 09 14:20:23 UTC 2020 /home/travis/build/icyphy/ptII/ptolemy/actor/lib/test/auto/LevelCrossTest10.xml
----------------- Instantiating /home/travis/build/icyphy/ptII/ptolemy/actor/lib/test/auto/LevelCrossTest10.xml
1 ms. Memory: 520192K Free: 365856K (70%)
----------------- Invoking toplevel() on ptolemy.moml.MoMLSimpleApplication@614b4e78
----------------- Done invoking toplevel() on ptolemy.moml.MoMLSimpleApplication@614b4e78
reloadAllAccessors: .LevelCrossTest10

===========================================================================================
----------------- testing Sat May 09 14:20:23 UTC 2020 /home/travis/build/icyphy/ptII/ptolemy/actor/lib/test/auto/LevelCrossTest11.xml
----------------- Instantiating /home/travis/build/icyphy/ptII/ptolemy/actor/lib/test/auto/LevelCrossTest11.xml
1 ms. Memory: 520192K Free: 358688K (69%)
----------------- Invoking toplevel() on ptolemy.moml.MoMLSimpleApplication@3531f79a
----------------- Done invoking toplevel() on ptolemy.moml.MoMLSimpleApplication@3531f79a
reloadAllAccessors: .LevelCrossTest11

===========================================================================================
----------------- testing Sat May 09 14:20:23 UTC 2020 /home/travis/build/icyphy/ptII/ptolemy/actor/lib/test/auto/LevelCrossTest12.xml
----------------- Instantiating /home/travis/build/icyphy/ptII/ptolemy/actor/lib/test/auto/LevelCrossTest12.xml
1 ms. Memory: 520192K Free: 351010K (67%)
----------------- Invoking toplevel() on ptolemy.moml.MoMLSimpleApplication@44787d7d
----------------- Done invoking toplevel() on ptolemy.moml.MoMLSimpleApplication@44787d7d
reloadAllAccessors: .LevelCrossTest12

===========================================================================================
----------------- testing Sat May 09 14:20:23 UTC 2020 /home/travis/build/icyphy/ptII/ptolemy/actor/lib/test/auto/LevelCrossTest13.xml
----------------- Instantiating /home/travis/build/icyphy/ptII/ptolemy/actor/lib/test/auto/LevelCrossTest13.xml
1 ms. Memory: 520192K Free: 343328K (66%)
----------------- Invoking toplevel() on ptolemy.moml.MoMLSimpleApplication@3a401da1
----------------- Done invoking toplevel() on ptolemy.moml.MoMLSimpleApplication@3a401da1
reloadAllAccessors: .LevelCrossTest13

===========================================================================================
----------------- testing Sat May 09 14:20:23 UTC 2020 /home/travis/build/icyphy/ptII/ptolemy/actor/lib/test/auto/LevelCrossTest2.xml
----------------- Instantiating /home/travis/build/icyphy/ptII/ptolemy/actor/lib/test/auto/LevelCrossTest2.xml
1 ms. Memory: 520192K Free: 337698K (65%)
----------------- Invoking toplevel() on ptolemy.moml.MoMLSimpleApplication@26f7da3e
----------------- Done invoking toplevel() on ptolemy.moml.MoMLSimpleApplication@26f7da3e
reloadAllAccessors: .broken

===========================================================================================
----------------- testing Sat May 09 14:20:23 UTC 2020 /home/travis/build/icyphy/ptII/ptolemy/actor/lib/test/auto/LevelCrossTest3.xml
----------------- Instantiating /home/travis/build/icyphy/ptII/ptolemy/actor/lib/test/auto/LevelCrossTest3.xml
2 ms. Memory: 520192K Free: 331040K (64%)
----------------- Invoking toplevel() on ptolemy.moml.MoMLSimpleApplication@5eaf0b29
----------------- Done invoking toplevel() on ptolemy.moml.MoMLSimpleApplication@5eaf0b29
reloadAllAccessors: .LevelCrossTest3

===========================================================================================
----------------- testing Sat May 09 14:20:23 UTC 2020 /home/travis/build/icyphy/ptII/ptolemy/actor/lib/test/auto/LevelCrossTest4.xml
----------------- Instantiating /home/travis/build/icyphy/ptII/ptolemy/actor/lib/test/auto/LevelCrossTest4.xml
1 ms. Memory: 520192K Free: 325410K (63%)
----------------- Invoking toplevel() on ptolemy.moml.MoMLSimpleApplication@726c171c
----------------- Done invoking toplevel() on ptolemy.moml.MoMLSimpleApplication@726c171c
reloadAllAccessors: .broken

===========================================================================================
----------------- testing Sat May 09 14:20:23 UTC 2020 /home/travis/build/icyphy/ptII/ptolemy/actor/lib/test/auto/LevelCrossTest5.xml
----------------- Instantiating /home/travis/build/icyphy/ptII/ptolemy/actor/lib/test/auto/LevelCrossTest5.xml
4 ms. Memory: 520192K Free: 319266K (61%)
----------------- Invoking toplevel() on ptolemy.moml.MoMLSimpleApplication@3112b7a2
----------------- Done invoking toplevel() on ptolemy.moml.MoMLSimpleApplication@3112b7a2
reloadAllAccessors: .LevelCrossTest5

===========================================================================================
----------------- testing Sat May 09 14:20:23 UTC 2020 /home/travis/build/icyphy/ptII/ptolemy/actor/lib/test/auto/LevelCrossTest6.xml
----------------- Instantiating /home/travis/build/icyphy/ptII/ptolemy/actor/lib/test/auto/LevelCrossTest6.xml
1 ms. Memory: 520192K Free: 311584K (60%)
----------------- Invoking toplevel() on ptolemy.moml.MoMLSimpleApplication@472adc48
----------------- Done invoking toplevel() on ptolemy.moml.MoMLSimpleApplication@472adc48
reloadAllAccessors: .LevelCrossTest6

===========================================================================================
----------------- testing Sat May 09 14:20:23 UTC 2020 /home/travis/build/icyphy/ptII/ptolemy/actor/lib/test/auto/LevelCrossTest7.xml
----------------- Instantiating /home/travis/build/icyphy/ptII/ptolemy/actor/lib/test/auto/LevelCrossTest7.xml
1 ms. Memory: 520192K Free: 303906K (58%)
----------------- Invoking toplevel() on ptolemy.moml.MoMLSimpleApplication@5b82868c
----------------- Done invoking toplevel() on ptolemy.moml.MoMLSimpleApplication@5b82868c
reloadAllAccessors: .LevelCrossTest7

===========================================================================================
----------------- testing Sat May 09 14:20:23 UTC 2020 /home/travis/build/icyphy/ptII/ptolemy/actor/lib/test/auto/LevelCrossTest8.xml
----------------- Instantiating /home/travis/build/icyphy/ptII/ptolemy/actor/lib/test/auto/LevelCrossTest8.xml
1 ms. Memory: 520192K Free: 296224K (57%)
----------------- Invoking toplevel() on ptolemy.moml.MoMLSimpleApplication@10257efc
----------------- Done invoking toplevel() on ptolemy.moml.MoMLSimpleApplication@10257efc
reloadAllAccessors: .LevelCrossTest8

===========================================================================================
----------------- testing Sat May 09 14:20:23 UTC 2020 /home/travis/build/icyphy/ptII/ptolemy/actor/lib/test/auto/LevelCrossTest9.xml
----------------- Instantiating /home/travis/build/icyphy/ptII/ptolemy/actor/lib/test/auto/LevelCrossTest9.xml
6 ms. Memory: 520192K Free: 289056K (56%)
----------------- Invoking toplevel() on ptolemy.moml.MoMLSimpleApplication@7b389d72
----------------- Done invoking toplevel() on ptolemy.moml.MoMLSimpleApplication@7b389d72
reloadAllAccessors: .LevelCrossTest9

===========================================================================================
----------------- testing Sat May 09 14:20:23 UTC 2020 /home/travis/build/icyphy/ptII/ptolemy/actor/lib/test/auto/LevinsonDurbin.xml
----------------- Instantiating /home/travis/build/icyphy/ptII/ptolemy/actor/lib/test/auto/LevinsonDurbin.xml
9 ms. Memory: 520192K Free: 284960K (55%)
----------------- Invoking toplevel() on ptolemy.moml.MoMLSimpleApplication@1e1db735
----------------- Done invoking toplevel() on ptolemy.moml.MoMLSimpleApplication@1e1db735
reloadAllAccessors: .LevinsonDurbin

===========================================================================================
----------------- testing Sat May 09 14:20:23 UTC 2020 /home/travis/build/icyphy/ptII/ptolemy/actor/lib/test/auto/LevinsonDurbin2.xml
----------------- Instantiating /home/travis/build/icyphy/ptII/ptolemy/actor/lib/test/auto/LevinsonDurbin2.xml
1 ms. Memory: 520192K Free: 280864K (54%)
----------------- Invoking toplevel() on ptolemy.moml.MoMLSimpleApplication@46c5b456
----------------- Done invoking toplevel() on ptolemy.moml.MoMLSimpleApplication@46c5b456
reloadAllAccessors: .LevinsonDurbin2

===========================================================================================
----------------- testing Sat May 09 14:20:23 UTC 2020 /home/travis/build/icyphy/ptII/ptolemy/actor/lib/test/auto/LevinsonDurbin3.xml
----------------- Instantiating /home/travis/build/icyphy/ptII/ptolemy/actor/lib/test/auto/LevinsonDurbin3.xml
2 ms. Memory: 520192K Free: 276768K (53%)
----------------- Invoking toplevel() on ptolemy.moml.MoMLSimpleApplication@40bb223f
----------------- Done invoking toplevel() on ptolemy.moml.MoMLSimpleApplication@40bb223f
reloadAllAccessors: .LevinsonDurbin3

===========================================================================================
----------------- testing Sat May 09 14:20:23 UTC 2020 /home/travis/build/icyphy/ptII/ptolemy/actor/lib/test/auto/Limiter.xml
----------------- Instantiating /home/travis/build/icyphy/ptII/ptolemy/actor/lib/test/auto/Limiter.xml
4 ms. Memory: 520192K Free: 267537K (51%)
----------------- Invoking toplevel() on ptolemy.moml.MoMLSimpleApplication@c40cef
----------------- Done invoking toplevel() on ptolemy.moml.MoMLSimpleApplication@c40cef
reloadAllAccessors: .Limiter

===========================================================================================
----------------- testing Sat May 09 14:20:23 UTC 2020 /home/travis/build/icyphy/ptII/ptolemy/actor/lib/test/auto/LinearDifferenceEquationSystem.xml
----------------- Instantiating /home/travis/build/icyphy/ptII/ptolemy/actor/lib/test/auto/LinearDifferenceEquationSystem.xml
4 ms. Memory: 520192K Free: 260384K (50%)
----------------- Invoking toplevel() on ptolemy.moml.MoMLSimpleApplication@63ce16ee
----------------- Done invoking toplevel() on ptolemy.moml.MoMLSimpleApplication@63ce16ee
reloadAllAccessors: .LinearDifferenceEquationSystem

===========================================================================================
----------------- testing Sat May 09 14:20:23 UTC 2020 /home/travis/build/icyphy/ptII/ptolemy/actor/lib/test/auto/LookupTable.xml
----------------- Instantiating /home/travis/build/icyphy/ptII/ptolemy/actor/lib/test/auto/LookupTable.xml
2 ms. Memory: 520192K Free: 255778K (49%)
----------------- Invoking toplevel() on ptolemy.moml.MoMLSimpleApplication@38439654
----------------- Done invoking toplevel() on ptolemy.moml.MoMLSimpleApplication@38439654
reloadAllAccessors: .LookupTable

===========================================================================================
----------------- testing Sat May 09 14:20:23 UTC 2020 /home/travis/build/icyphy/ptII/ptolemy/actor/lib/test/auto/MathFunction.xml
----------------- Instantiating /home/travis/build/icyphy/ptII/ptolemy/actor/lib/test/auto/MathFunction.xml
2 ms. Memory: 520192K Free: 247586K (48%)
----------------- Invoking toplevel() on ptolemy.moml.MoMLSimpleApplication@585f55d2
----------------- Done invoking toplevel() on ptolemy.moml.MoMLSimpleApplication@585f55d2
reloadAllAccessors: .MathFunction

===========================================================================================
----------------- testing Sat May 09 14:20:23 UTC 2020 /home/travis/build/icyphy/ptII/ptolemy/actor/lib/test/auto/MathFunction2.xml
----------------- Instantiating /home/travis/build/icyphy/ptII/ptolemy/actor/lib/test/auto/MathFunction2.xml
12 ms. Memory: 520192K Free: 243490K (47%)
----------------- Invoking toplevel() on ptolemy.moml.MoMLSimpleApplication@2e77e728
----------------- Done invoking toplevel() on ptolemy.moml.MoMLSimpleApplication@2e77e728
reloadAllAccessors: .MathFunction2

===========================================================================================
----------------- testing Sat May 09 14:20:23 UTC 2020 /home/travis/build/icyphy/ptII/ptolemy/actor/lib/test/auto/MathFunction3.xml
----------------- Instantiating /home/travis/build/icyphy/ptII/ptolemy/actor/lib/test/auto/MathFunction3.xml
2 ms. Memory: 520192K Free: 236322K (45%)
----------------- Invoking toplevel() on ptolemy.moml.MoMLSimpleApplication@c528a87
----------------- Done invoking toplevel() on ptolemy.moml.MoMLSimpleApplication@c528a87
reloadAllAccessors: .MathFunction3

===========================================================================================
----------------- testing Sat May 09 14:20:23 UTC 2020 /home/travis/build/icyphy/ptII/ptolemy/actor/lib/test/auto/MatrixCropBoolean.xml
----------------- Instantiating /home/travis/build/icyphy/ptII/ptolemy/actor/lib/test/auto/MatrixCropBoolean.xml
2 ms. Memory: 520192K Free: 231202K (44%)
----------------- Invoking toplevel() on ptolemy.moml.MoMLSimpleApplication@3b9e67fa
----------------- Done invoking toplevel() on ptolemy.moml.MoMLSimpleApplication@3b9e67fa
reloadAllAccessors: .MatrixCropBoolean

===========================================================================================
----------------- testing Sat May 09 14:20:23 UTC 2020 /home/travis/build/icyphy/ptII/ptolemy/actor/lib/test/auto/MatrixCropComplex.xml
----------------- Instantiating /home/travis/build/icyphy/ptII/ptolemy/actor/lib/test/auto/MatrixCropComplex.xml
1 ms. Memory: 520192K Free: 226082K (43%)
----------------- Invoking toplevel() on ptolemy.moml.MoMLSimpleApplication@7708d5bd
----------------- Done invoking toplevel() on ptolemy.moml.MoMLSimpleApplication@7708d5bd
reloadAllAccessors: .MatrixCropComplex

===========================================================================================
----------------- testing Sat May 09 14:20:23 UTC 2020 /home/travis/build/icyphy/ptII/ptolemy/actor/lib/test/auto/MatrixCropDouble.xml
----------------- Instantiating /home/travis/build/icyphy/ptII/ptolemy/actor/lib/test/auto/MatrixCropDouble.xml
2 ms. Memory: 520192K Free: 221465K (43%)
----------------- Invoking toplevel() on ptolemy.moml.MoMLSimpleApplication@56b55c68
----------------- Done invoking toplevel() on ptolemy.moml.MoMLSimpleApplication@56b55c68
reloadAllAccessors: .MatrixCropDouble

===========================================================================================
----------------- testing Sat May 09 14:20:23 UTC 2020 /home/travis/build/icyphy/ptII/ptolemy/actor/lib/test/auto/MatrixCropFix.xml
----------------- Instantiating /home/travis/build/icyphy/ptII/ptolemy/actor/lib/test/auto/MatrixCropFix.xml
2 ms. Memory: 520192K Free: 216337K (42%)
----------------- Invoking toplevel() on ptolemy.moml.MoMLSimpleApplication@72cde625
----------------- Done invoking toplevel() on ptolemy.moml.MoMLSimpleApplication@72cde625
reloadAllAccessors: .MatrixCropFix

===========================================================================================
----------------- testing Sat May 09 14:20:23 UTC 2020 /home/travis/build/icyphy/ptII/ptolemy/actor/lib/test/auto/MatrixCropInt.xml
----------------- Instantiating /home/travis/build/icyphy/ptII/ptolemy/actor/lib/test/auto/MatrixCropInt.xml
2 ms. Memory: 520192K Free: 211201K (41%)
----------------- Invoking toplevel() on ptolemy.moml.MoMLSimpleApplication@11b3d1fa
----------------- Done invoking toplevel() on ptolemy.moml.MoMLSimpleApplication@11b3d1fa
reloadAllAccessors: .MatrixCropInt

===========================================================================================
----------------- testing Sat May 09 14:20:23 UTC 2020 /home/travis/build/icyphy/ptII/ptolemy/actor/lib/test/auto/MatrixCropLong.xml
----------------- Instantiating /home/travis/build/icyphy/ptII/ptolemy/actor/lib/test/auto/MatrixCropLong.xml
2 ms. Memory: 520192K Free: 206081K (40%)
----------------- Invoking toplevel() on ptolemy.moml.MoMLSimpleApplication@4f0e10c9
----------------- Done invoking toplevel() on ptolemy.moml.MoMLSimpleApplication@4f0e10c9
reloadAllAccessors: .MatrixCropLong

===========================================================================================
----------------- testing Sat May 09 14:20:23 UTC 2020 /home/travis/build/icyphy/ptII/ptolemy/actor/lib/test/auto/MatrixToArray.xml
----------------- Instantiating /home/travis/build/icyphy/ptII/ptolemy/actor/lib/test/auto/MatrixToArray.xml
10 ms. Memory: 520192K Free: 191266K (37%)
----------------- Invoking toplevel() on ptolemy.moml.MoMLSimpleApplication@7a222b39
----------------- Done invoking toplevel() on ptolemy.moml.MoMLSimpleApplication@7a222b39
reloadAllAccessors: .MatrixToArray

===========================================================================================
----------------- testing Sat May 09 14:20:23 UTC 2020 /home/travis/build/icyphy/ptII/ptolemy/actor/lib/test/auto/MaxIndex.xml
----------------- Instantiating /home/travis/build/icyphy/ptII/ptolemy/actor/lib/test/auto/MaxIndex.xml
8 ms. Memory: 520192K Free: 186146K (36%)
----------------- Invoking toplevel() on ptolemy.moml.MoMLSimpleApplication@2b8a5a66
----------------- Done invoking toplevel() on ptolemy.moml.MoMLSimpleApplication@2b8a5a66
reloadAllAccessors: .MaxIndex

===========================================================================================
----------------- testing Sat May 09 14:20:23 UTC 2020 /home/travis/build/icyphy/ptII/ptolemy/actor/lib/test/auto/Maximum.xml
----------------- Instantiating /home/travis/build/icyphy/ptII/ptolemy/actor/lib/test/auto/Maximum.xml
3 ms. Memory: 520192K Free: 179457K (34%)
----------------- Invoking toplevel() on ptolemy.moml.MoMLSimpleApplication@721edbba
----------------- Done invoking toplevel() on ptolemy.moml.MoMLSimpleApplication@721edbba
reloadAllAccessors: .Maximum

===========================================================================================
----------------- testing Sat May 09 14:20:23 UTC 2020 /home/travis/build/icyphy/ptII/ptolemy/actor/lib/test/auto/MaximumComplex.xml
----------------- Instantiating /home/travis/build/icyphy/ptII/ptolemy/actor/lib/test/auto/MaximumComplex.xml
5 ms. Memory: 520192K Free: 173344K (33%)
----------------- Invoking toplevel() on ptolemy.moml.MoMLSimpleApplication@f2bba8d
----------------- Done invoking toplevel() on ptolemy.moml.MoMLSimpleApplication@f2bba8d
reloadAllAccessors: .MaximumComplex

===========================================================================================
----------------- testing Sat May 09 14:20:23 UTC 2020 /home/travis/build/icyphy/ptII/ptolemy/actor/lib/test/auto/MethodCallTest.xml
----------------- Instantiating /home/travis/build/icyphy/ptII/ptolemy/actor/lib/test/auto/MethodCallTest.xml
2 ms. Memory: 520192K Free: 467746K (90%)
----------------- Invoking toplevel() on ptolemy.moml.MoMLSimpleApplication@31f5fa62
----------------- Done invoking toplevel() on ptolemy.moml.MoMLSimpleApplication@31f5fa62
reloadAllAccessors: .MethodCallTest

===========================================================================================
----------------- testing Sat May 09 14:20:23 UTC 2020 /home/travis/build/icyphy/ptII/ptolemy/actor/lib/test/auto/Minimum.xml
----------------- Instantiating /home/travis/build/icyphy/ptII/ptolemy/actor/lib/test/auto/Minimum.xml
3 ms. Memory: 520192K Free: 461073K (89%)
----------------- Invoking toplevel() on ptolemy.moml.MoMLSimpleApplication@4fc8ed25
----------------- Done invoking toplevel() on ptolemy.moml.MoMLSimpleApplication@4fc8ed25
reloadAllAccessors: .Minimum

===========================================================================================
----------------- testing Sat May 09 14:20:24 UTC 2020 /home/travis/build/icyphy/ptII/ptolemy/actor/lib/test/auto/MinimumComplex.xml
----------------- Instantiating /home/travis/build/icyphy/ptII/ptolemy/actor/lib/test/auto/MinimumComplex.xml
4 ms. Memory: 520192K Free: 454434K (87%)
----------------- Invoking toplevel() on ptolemy.moml.MoMLSimpleApplication@26a09375
----------------- Done invoking toplevel() on ptolemy.moml.MoMLSimpleApplication@26a09375
reloadAllAccessors: .MinimumComplex

===========================================================================================
----------------- testing Sat May 09 14:20:24 UTC 2020 /home/travis/build/icyphy/ptII/ptolemy/actor/lib/test/auto/MinimumMultiports.xml
----------------- Instantiating /home/travis/build/icyphy/ptII/ptolemy/actor/lib/test/auto/MinimumMultiports.xml
4 ms. Memory: 520192K Free: 445713K (86%)
----------------- Invoking toplevel() on ptolemy.moml.MoMLSimpleApplication@5f6bce5a
----------------- Done invoking toplevel() on ptolemy.moml.MoMLSimpleApplication@5f6bce5a
reloadAllAccessors: .MinimumMultiports

===========================================================================================
----------------- testing Sat May 09 14:20:24 UTC 2020 /home/travis/build/icyphy/ptII/ptolemy/actor/lib/test/auto/ModifyDate.xml
----------------- Instantiating /home/travis/build/icyphy/ptII/ptolemy/actor/lib/test/auto/ModifyDate.xml
6 ms. Memory: 520192K Free: 432930K (83%)
----------------- Invoking toplevel() on ptolemy.moml.MoMLSimpleApplication@3caa391e
----------------- Done invoking toplevel() on ptolemy.moml.MoMLSimpleApplication@3caa391e
reloadAllAccessors: .ModifyDate

===========================================================================================
----------------- testing Sat May 09 14:20:24 UTC 2020 /home/travis/build/icyphy/ptII/ptolemy/actor/lib/test/auto/ModifyDate2.xml
----------------- Instantiating /home/travis/build/icyphy/ptII/ptolemy/actor/lib/test/auto/ModifyDate2.xml
4 ms. Memory: 520192K Free: 424224K (82%)
----------------- Invoking toplevel() on ptolemy.moml.MoMLSimpleApplication@648bb025
----------------- Done invoking toplevel() on ptolemy.moml.MoMLSimpleApplication@648bb025
reloadAllAccessors: .ModifyDate2

===========================================================================================
----------------- testing Sat May 09 14:20:24 UTC 2020 /home/travis/build/icyphy/ptII/ptolemy/actor/lib/test/auto/MovingAverage.xml
----------------- Instantiating /home/travis/build/icyphy/ptII/ptolemy/actor/lib/test/auto/MovingAverage.xml
2 ms. Memory: 520192K Free: 419104K (81%)
----------------- Invoking toplevel() on ptolemy.moml.MoMLSimpleApplication@4e6280e7
----------------- Done invoking toplevel() on ptolemy.moml.MoMLSimpleApplication@4e6280e7
reloadAllAccessors: .MovingAverage

===========================================================================================
----------------- testing Sat May 09 14:20:24 UTC 2020 /home/travis/build/icyphy/ptII/ptolemy/actor/lib/test/auto/MovingMaximum.xml
----------------- Instantiating /home/travis/build/icyphy/ptII/ptolemy/actor/lib/test/auto/MovingMaximum.xml
1 ms. Memory: 520192K Free: 414498K (80%)
----------------- Invoking toplevel() on ptolemy.moml.MoMLSimpleApplication@4b2e41cc
----------------- Done invoking toplevel() on ptolemy.moml.MoMLSimpleApplication@4b2e41cc
reloadAllAccessors: .MovingMaximum

===========================================================================================
----------------- testing Sat May 09 14:20:24 UTC 2020 /home/travis/build/icyphy/ptII/ptolemy/actor/lib/test/auto/MultipleLinksToSameRelation.xml
----------------- Instantiating /home/travis/build/icyphy/ptII/ptolemy/actor/lib/test/auto/MultipleLinksToSameRelation.xml
2 ms. Memory: 520192K Free: 410402K (79%)
----------------- Invoking toplevel() on ptolemy.moml.MoMLSimpleApplication@2926ab1d
----------------- Done invoking toplevel() on ptolemy.moml.MoMLSimpleApplication@2926ab1d
reloadAllAccessors: .MultipleLinksToSameRelation

===========================================================================================
----------------- testing Sat May 09 14:20:24 UTC 2020 /home/travis/build/icyphy/ptII/ptolemy/actor/lib/test/auto/MultipleLinksToSameRelationDE.xml
----------------- Instantiating /home/travis/build/icyphy/ptII/ptolemy/actor/lib/test/auto/MultipleLinksToSameRelationDE.xml
3 ms. Memory: 520192K Free: 405777K (78%)
----------------- Invoking toplevel() on ptolemy.moml.MoMLSimpleApplication@452b2260
----------------- Done invoking toplevel() on ptolemy.moml.MoMLSimpleApplication@452b2260
reloadAllAccessors: .MultipleLinksToSameRelationDE

===========================================================================================
----------------- testing Sat May 09 14:20:24 UTC 2020 /home/travis/build/icyphy/ptII/ptolemy/actor/lib/test/auto/Multiplexor.xml
----------------- Instantiating /home/travis/build/icyphy/ptII/ptolemy/actor/lib/test/auto/Multiplexor.xml
1 ms. Memory: 520192K Free: 400162K (77%)
----------------- Invoking toplevel() on ptolemy.moml.MoMLSimpleApplication@2157c37a
----------------- Done invoking toplevel() on ptolemy.moml.MoMLSimpleApplication@2157c37a
reloadAllAccessors: .Multiplexor

===========================================================================================
----------------- testing Sat May 09 14:20:24 UTC 2020 /home/travis/build/icyphy/ptII/ptolemy/actor/lib/test/auto/Multiplexor1.xml
----------------- Instantiating /home/travis/build/icyphy/ptII/ptolemy/actor/lib/test/auto/Multiplexor1.xml
1 ms. Memory: 520192K Free: 394513K (76%)
----------------- Invoking toplevel() on ptolemy.moml.MoMLSimpleApplication@5a9be117
----------------- Done invoking toplevel() on ptolemy.moml.MoMLSimpleApplication@5a9be117
reloadAllAccessors: .Multiplexor1

===========================================================================================
----------------- testing Sat May 09 14:20:24 UTC 2020 /home/travis/build/icyphy/ptII/ptolemy/actor/lib/test/auto/Multiplexor2.xml
----------------- Instantiating /home/travis/build/icyphy/ptII/ptolemy/actor/lib/test/auto/Multiplexor2.xml
6 ms. Memory: 520192K Free: 387874K (75%)
----------------- Invoking toplevel() on ptolemy.moml.MoMLSimpleApplication@64ef77ca
----------------- Done invoking toplevel() on ptolemy.moml.MoMLSimpleApplication@64ef77ca
reloadAllAccessors: .Multiplexor2

===========================================================================================
----------------- testing Sat May 09 14:20:24 UTC 2020 /home/travis/build/icyphy/ptII/ptolemy/actor/lib/test/auto/Multiplexor3.xml
----------------- Instantiating /home/travis/build/icyphy/ptII/ptolemy/actor/lib/test/auto/Multiplexor3.xml
2 ms. Memory: 520192K Free: 383778K (74%)
----------------- Invoking toplevel() on ptolemy.moml.MoMLSimpleApplication@5f9dad2b
----------------- Done invoking toplevel() on ptolemy.moml.MoMLSimpleApplication@5f9dad2b
reloadAllAccessors: .Multiplexor3

===========================================================================================
----------------- testing Sat May 09 14:20:24 UTC 2020 /home/travis/build/icyphy/ptII/ptolemy/actor/lib/test/auto/MultiplexorDE.xml
----------------- Instantiating /home/travis/build/icyphy/ptII/ptolemy/actor/lib/test/auto/MultiplexorDE.xml
3 ms. Memory: 520192K Free: 376065K (72%)
----------------- Invoking toplevel() on ptolemy.moml.MoMLSimpleApplication@59b96040
----------------- Done invoking toplevel() on ptolemy.moml.MoMLSimpleApplication@59b96040
reloadAllAccessors: .MultiplexorDE

===========================================================================================
----------------- testing Sat May 09 14:20:24 UTC 2020 /home/travis/build/icyphy/ptII/ptolemy/actor/lib/test/auto/MultiportBroadcastTest.xml
----------------- Instantiating /home/travis/build/icyphy/ptII/ptolemy/actor/lib/test/auto/MultiportBroadcastTest.xml
81 ms. Memory: 520192K Free: 369442K (71%)
----------------- Invoking toplevel() on ptolemy.moml.MoMLSimpleApplication@6efaab97
----------------- Done invoking toplevel() on ptolemy.moml.MoMLSimpleApplication@6efaab97
reloadAllAccessors: .MultiportBroadcastTest

===========================================================================================
----------------- testing Sat May 09 14:20:24 UTC 2020 /home/travis/build/icyphy/ptII/ptolemy/actor/lib/test/auto/MultiportOutHangDuringGetWidth.xml
----------------- Instantiating /home/travis/build/icyphy/ptII/ptolemy/actor/lib/test/auto/MultiportOutHangDuringGetWidth.xml
4 ms. Memory: 520192K Free: 357649K (69%)
----------------- Invoking toplevel() on ptolemy.moml.MoMLSimpleApplication@99c7300
----------------- Done invoking toplevel() on ptolemy.moml.MoMLSimpleApplication@99c7300
reloadAllAccessors: .MultiportOutHangDuringGetWidth

===========================================================================================
----------------- testing Sat May 09 14:20:24 UTC 2020 /home/travis/build/icyphy/ptII/ptolemy/actor/lib/test/auto/NilToken.xml
----------------- Instantiating /home/travis/build/icyphy/ptII/ptolemy/actor/lib/test/auto/NilToken.xml
1 ms. Memory: 520192K Free: 353568K (68%)
----------------- Invoking toplevel() on ptolemy.moml.MoMLSimpleApplication@69621874
----------------- Done invoking toplevel() on ptolemy.moml.MoMLSimpleApplication@69621874
reloadAllAccessors: .NilToken

===========================================================================================
----------------- testing Sat May 09 14:20:24 UTC 2020 /home/travis/build/icyphy/ptII/ptolemy/actor/lib/test/auto/NilTokenNonStrictTest.xml
----------------- Instantiating /home/travis/build/icyphy/ptII/ptolemy/actor/lib/test/auto/NilTokenNonStrictTest.xml
2 ms. Memory: 520192K Free: 348448K (67%)
----------------- Invoking toplevel() on ptolemy.moml.MoMLSimpleApplication@7e8a7f60
----------------- Done invoking toplevel() on ptolemy.moml.MoMLSimpleApplication@7e8a7f60
reloadAllAccessors: .NilTokenNonStrictTest

===========================================================================================
----------------- testing Sat May 09 14:20:24 UTC 2020 /home/travis/build/icyphy/ptII/ptolemy/actor/lib/test/auto/NilTokenRecord.xml
----------------- Instantiating /home/travis/build/icyphy/ptII/ptolemy/actor/lib/test/auto/NilTokenRecord.xml
5 ms. Memory: 520192K Free: 341794K (66%)
----------------- Invoking toplevel() on ptolemy.moml.MoMLSimpleApplication@12a8ecda
----------------- Done invoking toplevel() on ptolemy.moml.MoMLSimpleApplication@12a8ecda
reloadAllAccessors: .NilTokenRecord

===========================================================================================
----------------- testing Sat May 09 14:20:24 UTC 2020 /home/travis/build/icyphy/ptII/ptolemy/actor/lib/test/auto/NilTokenTypeTest.xml
----------------- Instantiating /home/travis/build/icyphy/ptII/ptolemy/actor/lib/test/auto/NilTokenTypeTest.xml
11 ms. Memory: 520192K Free: 332064K (64%)
----------------- Invoking toplevel() on ptolemy.moml.MoMLSimpleApplication@3a4bdf49
----------------- Done invoking toplevel() on ptolemy.moml.MoMLSimpleApplication@3a4bdf49
reloadAllAccessors: .NilTokenTypeTest

===========================================================================================
----------------- testing Sat May 09 14:20:24 UTC 2020 /home/travis/build/icyphy/ptII/ptolemy/actor/lib/test/auto/ObjectToken1.xml
----------------- Instantiating /home/travis/build/icyphy/ptII/ptolemy/actor/lib/test/auto/ObjectToken1.xml
2 ms. Memory: 520192K Free: 327968K (63%)
----------------- Invoking toplevel() on ptolemy.moml.MoMLSimpleApplication@4e8fc5d6
----------------- Done invoking toplevel() on ptolemy.moml.MoMLSimpleApplication@4e8fc5d6
reloadAllAccessors: .ObjectToken1

===========================================================================================
----------------- testing Sat May 09 14:20:24 UTC 2020 /home/travis/build/icyphy/ptII/ptolemy/actor/lib/test/auto/OrderedMerge.xml
----------------- Instantiating /home/travis/build/icyphy/ptII/ptolemy/actor/lib/test/auto/OrderedMerge.xml
14 ms. Memory: 520192K Free: 322338K (62%)
----------------- Invoking toplevel() on ptolemy.moml.MoMLSimpleApplication@7e3418fe
----------------- Done invoking toplevel() on ptolemy.moml.MoMLSimpleApplication@7e3418fe
reloadAllAccessors: .OrderedMerge

===========================================================================================
----------------- testing Sat May 09 14:20:24 UTC 2020 /home/travis/build/icyphy/ptII/ptolemy/actor/lib/test/auto/OrderedRecordDisassembler.xml
----------------- Instantiating /home/travis/build/icyphy/ptII/ptolemy/actor/lib/test/auto/OrderedRecordDisassembler.xml
2 ms. Memory: 520192K Free: 317218K (61%)
----------------- Invoking toplevel() on ptolemy.moml.MoMLSimpleApplication@4b01ff96
----------------- Done invoking toplevel() on ptolemy.moml.MoMLSimpleApplication@4b01ff96
reloadAllAccessors: .OrderedRecordDisassembler

===========================================================================================
----------------- testing Sat May 09 14:20:24 UTC 2020 /home/travis/build/icyphy/ptII/ptolemy/actor/lib/test/auto/OrderedRecordDisassembler2.xml
----------------- Instantiating /home/travis/build/icyphy/ptII/ptolemy/actor/lib/test/auto/OrderedRecordDisassembler2.xml
3 ms. Memory: 520192K Free: 309505K (59%)
----------------- Invoking toplevel() on ptolemy.moml.MoMLSimpleApplication@16d89f67
----------------- Done invoking toplevel() on ptolemy.moml.MoMLSimpleApplication@16d89f67
reloadAllAccessors: .OrderedRecordDisassembler2

===========================================================================================
----------------- testing Sat May 09 14:20:24 UTC 2020 /home/travis/build/icyphy/ptII/ptolemy/actor/lib/test/auto/OrderedRecordUpdater.xml
----------------- Instantiating /home/travis/build/icyphy/ptII/ptolemy/actor/lib/test/auto/OrderedRecordUpdater.xml
1 ms. Memory: 520192K Free: 304416K (59%)
----------------- Invoking toplevel() on ptolemy.moml.MoMLSimpleApplication@35f03f20
----------------- Done invoking toplevel() on ptolemy.moml.MoMLSimpleApplication@35f03f20
reloadAllAccessors: .RecordUpdater

===========================================================================================
----------------- testing Sat May 09 14:20:24 UTC 2020 /home/travis/build/icyphy/ptII/ptolemy/actor/lib/test/auto/OrderedRecordUpdater2.xml
----------------- Instantiating /home/travis/build/icyphy/ptII/ptolemy/actor/lib/test/auto/OrderedRecordUpdater2.xml
2 ms. Memory: 520192K Free: 299296K (58%)
----------------- Invoking toplevel() on ptolemy.moml.MoMLSimpleApplication@6bea40d8
----------------- Done invoking toplevel() on ptolemy.moml.MoMLSimpleApplication@6bea40d8
reloadAllAccessors: .RecordUpdater2

===========================================================================================
----------------- testing Sat May 09 14:20:24 UTC 2020 /home/travis/build/icyphy/ptII/ptolemy/actor/lib/test/auto/PhaseUnwrap.xml
----------------- Instantiating /home/travis/build/icyphy/ptII/ptolemy/actor/lib/test/auto/PhaseUnwrap.xml
1 ms. Memory: 520192K Free: 294690K (57%)
----------------- Invoking toplevel() on ptolemy.moml.MoMLSimpleApplication@6d572da1
----------------- Done invoking toplevel() on ptolemy.moml.MoMLSimpleApplication@6d572da1
reloadAllAccessors: .PhaseUnwrap

===========================================================================================
----------------- testing Sat May 09 14:20:24 UTC 2020 /home/travis/build/icyphy/ptII/ptolemy/actor/lib/test/auto/PoissonClock.xml
----------------- Instantiating /home/travis/build/icyphy/ptII/ptolemy/actor/lib/test/auto/PoissonClock.xml
1 ms. Memory: 520192K Free: 290594K (56%)
----------------- Invoking toplevel() on ptolemy.moml.MoMLSimpleApplication@1d4a306d
----------------- Done invoking toplevel() on ptolemy.moml.MoMLSimpleApplication@1d4a306d
reloadAllAccessors: .PoissonClock

===========================================================================================
----------------- testing Sat May 09 14:20:24 UTC 2020 /home/travis/build/icyphy/ptII/ptolemy/actor/lib/test/auto/PoissonClock2.xml
----------------- Instantiating /home/travis/build/icyphy/ptII/ptolemy/actor/lib/test/auto/PoissonClock2.xml
1 ms. Memory: 520192K Free: 285984K (55%)
----------------- Invoking toplevel() on ptolemy.moml.MoMLSimpleApplication@166b136d
----------------- Done invoking toplevel() on ptolemy.moml.MoMLSimpleApplication@166b136d
reloadAllAccessors: .PoissonClock2

===========================================================================================
----------------- testing Sat May 09 14:20:24 UTC 2020 /home/travis/build/icyphy/ptII/ptolemy/actor/lib/test/auto/PoissonClock3.xml
----------------- Instantiating /home/travis/build/icyphy/ptII/ptolemy/actor/lib/test/auto/PoissonClock3.xml
1 ms. Memory: 520192K Free: 281378K (54%)
----------------- Invoking toplevel() on ptolemy.moml.MoMLSimpleApplication@2ea19674
----------------- Done invoking toplevel() on ptolemy.moml.MoMLSimpleApplication@2ea19674
reloadAllAccessors: .PoissonClock3

===========================================================================================
----------------- testing Sat May 09 14:20:24 UTC 2020 /home/travis/build/icyphy/ptII/ptolemy/actor/lib/test/auto/PubSubWithInitialTokens.xml
----------------- Instantiating /home/travis/build/icyphy/ptII/ptolemy/actor/lib/test/auto/PubSubWithInitialTokens.xml
2 ms. Memory: 520192K Free: 275737K (53%)
----------------- Invoking toplevel() on ptolemy.moml.MoMLSimpleApplication@65e1b991
----------------- Done invoking toplevel() on ptolemy.moml.MoMLSimpleApplication@65e1b991
reloadAllAccessors: .PubSubWithInitialTokens

===========================================================================================
----------------- testing Sat May 09 14:20:24 UTC 2020 /home/travis/build/icyphy/ptII/ptolemy/actor/lib/test/auto/PubSubWithInitialTokens2.xml
----------------- Instantiating /home/travis/build/icyphy/ptII/ptolemy/actor/lib/test/auto/PubSubWithInitialTokens2.xml
4 ms. Memory: 520192K Free: 269593K (52%)
----------------- Invoking toplevel() on ptolemy.moml.MoMLSimpleApplication@50f5d004
----------------- Done invoking toplevel() on ptolemy.moml.MoMLSimpleApplication@50f5d004
reloadAllAccessors: .PubSubWithInitialTokens2

===========================================================================================
----------------- testing Sat May 09 14:20:24 UTC 2020 /home/travis/build/icyphy/ptII/ptolemy/actor/lib/test/auto/PublisherClassNoParameter.xml
----------------- Instantiating /home/travis/build/icyphy/ptII/ptolemy/actor/lib/test/auto/PublisherClassNoParameter.xml
3 ms. Memory: 520192K Free: 259874K (50%)
----------------- Invoking toplevel() on ptolemy.moml.MoMLSimpleApplication@62088466
----------------- Done invoking toplevel() on ptolemy.moml.MoMLSimpleApplication@62088466
reloadAllAccessors: .PublisherClassNoParameter

===========================================================================================
----------------- testing Sat May 09 14:20:24 UTC 2020 /home/travis/build/icyphy/ptII/ptolemy/actor/lib/test/auto/PublisherClassParameter.xml
----------------- Instantiating /home/travis/build/icyphy/ptII/ptolemy/actor/lib/test/auto/PublisherClassParameter.xml
2 ms. Memory: 520192K Free: 249634K (48%)
----------------- Invoking toplevel() on ptolemy.moml.MoMLSimpleApplication@7043f4f2
----------------- Done invoking toplevel() on ptolemy.moml.MoMLSimpleApplication@7043f4f2
reloadAllAccessors: .PublisherClassParameter

===========================================================================================
----------------- testing Sat May 09 14:20:24 UTC 2020 /home/travis/build/icyphy/ptII/ptolemy/actor/lib/test/auto/PublisherNonStrictTest.xml
----------------- Instantiating /home/travis/build/icyphy/ptII/ptolemy/actor/lib/test/auto/PublisherNonStrictTest.xml
3 ms. Memory: 520192K Free: 241945K (47%)
----------------- Invoking toplevel() on ptolemy.moml.MoMLSimpleApplication@56b46549
----------------- Done invoking toplevel() on ptolemy.moml.MoMLSimpleApplication@56b46549
reloadAllAccessors: .PublisherNonStrictTest

===========================================================================================
----------------- testing Sat May 09 14:20:24 UTC 2020 /home/travis/build/icyphy/ptII/ptolemy/actor/lib/test/auto/PublisherPort1.xml
----------------- Instantiating /home/travis/build/icyphy/ptII/ptolemy/actor/lib/test/auto/PublisherPort1.xml
2 ms. Memory: 520192K Free: 235777K (45%)
----------------- Invoking toplevel() on ptolemy.moml.MoMLSimpleApplication@36ec41d9
----------------- Done invoking toplevel() on ptolemy.moml.MoMLSimpleApplication@36ec41d9
reloadAllAccessors: .PublisherPort1

===========================================================================================
----------------- testing Sat May 09 14:20:24 UTC 2020 /home/travis/build/icyphy/ptII/ptolemy/actor/lib/test/auto/PublisherPort2.xml
----------------- Instantiating /home/travis/build/icyphy/ptII/ptolemy/actor/lib/test/auto/PublisherPort2.xml
1 ms. Memory: 520192K Free: 230688K (44%)
----------------- Invoking toplevel() on ptolemy.moml.MoMLSimpleApplication@631c8fa8
----------------- Done invoking toplevel() on ptolemy.moml.MoMLSimpleApplication@631c8fa8
reloadAllAccessors: .PublisherPort2

===========================================================================================
----------------- testing Sat May 09 14:20:24 UTC 2020 /home/travis/build/icyphy/ptII/ptolemy/actor/lib/test/auto/PublisherPort3.xml
----------------- Instantiating /home/travis/build/icyphy/ptII/ptolemy/actor/lib/test/auto/PublisherPort3.xml
11 ms. Memory: 520192K Free: 224034K (43%)
----------------- Invoking toplevel() on ptolemy.moml.MoMLSimpleApplication@4cf1e724
----------------- Done invoking toplevel() on ptolemy.moml.MoMLSimpleApplication@4cf1e724
reloadAllAccessors: .PublisherPort3

===========================================================================================
----------------- testing Sat May 09 14:20:24 UTC 2020 /home/travis/build/icyphy/ptII/ptolemy/actor/lib/test/auto/PublisherPort4.xml
----------------- Instantiating /home/travis/build/icyphy/ptII/ptolemy/actor/lib/test/auto/PublisherPort4.xml
4 ms. Memory: 520192K Free: 218385K (42%)
----------------- Invoking toplevel() on ptolemy.moml.MoMLSimpleApplication@7115c4a9
----------------- Done invoking toplevel() on ptolemy.moml.MoMLSimpleApplication@7115c4a9
reloadAllAccessors: .PublisherPort4

===========================================================================================
----------------- testing Sat May 09 14:20:24 UTC 2020 /home/travis/build/icyphy/ptII/ptolemy/actor/lib/test/auto/PublisherPort5.xml
----------------- Instantiating /home/travis/build/icyphy/ptII/ptolemy/actor/lib/test/auto/PublisherPort5.xml
3 ms. Memory: 520192K Free: 210722K (41%)
----------------- Invoking toplevel() on ptolemy.moml.MoMLSimpleApplication@9dd40b2
----------------- Done invoking toplevel() on ptolemy.moml.MoMLSimpleApplication@9dd40b2
reloadAllAccessors: .PublisherPort5

===========================================================================================
----------------- testing Sat May 09 14:20:24 UTC 2020 /home/travis/build/icyphy/ptII/ptolemy/actor/lib/test/auto/PublisherPort5LookAlike.xml
----------------- Instantiating /home/travis/build/icyphy/ptII/ptolemy/actor/lib/test/auto/PublisherPort5LookAlike.xml
6 ms. Memory: 520192K Free: 203040K (39%)
----------------- Invoking toplevel() on ptolemy.moml.MoMLSimpleApplication@31e589f9
----------------- Done invoking toplevel() on ptolemy.moml.MoMLSimpleApplication@31e589f9
reloadAllAccessors: .PublisherPort5LookAlike

===========================================================================================
----------------- testing Sat May 09 14:20:24 UTC 2020 /home/travis/build/icyphy/ptII/ptolemy/actor/lib/test/auto/PublisherPort6.xml
----------------- Instantiating /home/travis/build/icyphy/ptII/ptolemy/actor/lib/test/auto/PublisherPort6.xml
2 ms. Memory: 520192K Free: 196386K (38%)
----------------- Invoking toplevel() on ptolemy.moml.MoMLSimpleApplication@42b92c3d
----------------- Done invoking toplevel() on ptolemy.moml.MoMLSimpleApplication@42b92c3d
reloadAllAccessors: .PublisherPort6

===========================================================================================
----------------- testing Sat May 09 14:20:24 UTC 2020 /home/travis/build/icyphy/ptII/ptolemy/actor/lib/test/auto/PublisherPort7.xml
----------------- Instantiating /home/travis/build/icyphy/ptII/ptolemy/actor/lib/test/auto/PublisherPort7.xml
2 ms. Memory: 520192K Free: 188704K (36%)
----------------- Invoking toplevel() on ptolemy.moml.MoMLSimpleApplication@7d77924a
----------------- Done invoking toplevel() on ptolemy.moml.MoMLSimpleApplication@7d77924a
reloadAllAccessors: .PublisherPort7

===========================================================================================
----------------- testing Sat May 09 14:20:24 UTC 2020 /home/travis/build/icyphy/ptII/ptolemy/actor/lib/test/auto/PublisherPort8.xml
----------------- Instantiating /home/travis/build/icyphy/ptII/ptolemy/actor/lib/test/auto/PublisherPort8.xml
3 ms. Memory: 520192K Free: 179488K (35%)
----------------- Invoking toplevel() on ptolemy.moml.MoMLSimpleApplication@6a793ac2
----------------- Done invoking toplevel() on ptolemy.moml.MoMLSimpleApplication@6a793ac2
reloadAllAccessors: .PublisherPort8

===========================================================================================
----------------- testing Sat May 09 14:20:24 UTC 2020 /home/travis/build/icyphy/ptII/ptolemy/actor/lib/test/auto/PublisherPortSubscriberChannelVariablesAOC2.xml
----------------- Instantiating /home/travis/build/icyphy/ptII/ptolemy/actor/lib/test/auto/PublisherPortSubscriberChannelVariablesAOC2.xml
2 ms. Memory: 520192K Free: 463138K (89%)
----------------- Invoking toplevel() on ptolemy.moml.MoMLSimpleApplication@25ecbea7
----------------- Done invoking toplevel() on ptolemy.moml.MoMLSimpleApplication@25ecbea7
reloadAllAccessors: .PublisherPortSubscriberChannelVariablesAOC2

===========================================================================================
----------------- testing Sat May 09 14:20:24 UTC 2020 /home/travis/build/icyphy/ptII/ptolemy/actor/lib/test/auto/PublisherPortSubscriberOpaqueWidthInference.xml
----------------- Instantiating /home/travis/build/icyphy/ptII/ptolemy/actor/lib/test/auto/PublisherPortSubscriberOpaqueWidthInference.xml
2 ms. Memory: 520192K Free: 454946K (87%)
----------------- Invoking toplevel() on ptolemy.moml.MoMLSimpleApplication@6fbb93fe
----------------- Done invoking toplevel() on ptolemy.moml.MoMLSimpleApplication@6fbb93fe
reloadAllAccessors: .PublisherPortSubscriberOpaqueWidthInference

===========================================================================================
----------------- testing Sat May 09 14:20:24 UTC 2020 /home/travis/build/icyphy/ptII/ptolemy/actor/lib/test/auto/PublisherPortSubscriberPortAdjacent.xml
----------------- Instantiating /home/travis/build/icyphy/ptII/ptolemy/actor/lib/test/auto/PublisherPortSubscriberPortAdjacent.xml
1 ms. Memory: 520192K Free: 446754K (86%)
----------------- Invoking toplevel() on ptolemy.moml.MoMLSimpleApplication@fc94f15
----------------- Done invoking toplevel() on ptolemy.moml.MoMLSimpleApplication@fc94f15
reloadAllAccessors: .PublisherPortSubscriberPortAdjacent

===========================================================================================
----------------- testing Sat May 09 14:20:24 UTC 2020 /home/travis/build/icyphy/ptII/ptolemy/actor/lib/test/auto/PublisherPortSubscriberPortExpression.xml
----------------- Instantiating /home/travis/build/icyphy/ptII/ptolemy/actor/lib/test/auto/PublisherPortSubscriberPortExpression.xml
2 ms. Memory: 520192K Free: 438562K (84%)
----------------- Invoking toplevel() on ptolemy.moml.MoMLSimpleApplication@18d49d8d
----------------- Done invoking toplevel() on ptolemy.moml.MoMLSimpleApplication@18d49d8d
reloadAllAccessors: .PublisherPortSubscriberPortExpression

===========================================================================================
----------------- testing Sat May 09 14:20:24 UTC 2020 /home/travis/build/icyphy/ptII/ptolemy/actor/lib/test/auto/PublisherPortSubscriberPortOpaqueD3Reverse.xml
----------------- Instantiating /home/travis/build/icyphy/ptII/ptolemy/actor/lib/test/auto/PublisherPortSubscriberPortOpaqueD3Reverse.xml
5 ms. Memory: 520192K Free: 428322K (82%)
----------------- Invoking toplevel() on ptolemy.moml.MoMLSimpleApplication@48d9cbda
----------------- Done invoking toplevel() on ptolemy.moml.MoMLSimpleApplication@48d9cbda
reloadAllAccessors: .PublisherPortSubscriberPortOpaqueD3Reverse

===========================================================================================
----------------- testing Sat May 09 14:20:25 UTC 2020 /home/travis/build/icyphy/ptII/ptolemy/actor/lib/test/auto/PublisherPortSubscriberPortOpaqueWidthInference.xml
----------------- Instantiating /home/travis/build/icyphy/ptII/ptolemy/actor/lib/test/auto/PublisherPortSubscriberPortOpaqueWidthInference.xml
3 ms. Memory: 520192K Free: 420625K (81%)
----------------- Invoking toplevel() on ptolemy.moml.MoMLSimpleApplication@1d729138
----------------- Done invoking toplevel() on ptolemy.moml.MoMLSimpleApplication@1d729138
reloadAllAccessors: .PublisherPortSubscriberPortOpaqueWidthInference

===========================================================================================
----------------- testing Sat May 09 14:20:25 UTC 2020 /home/travis/build/icyphy/ptII/ptolemy/actor/lib/test/auto/PublisherPortToplevelSubscriberPortAOC.xml
----------------- Instantiating /home/travis/build/icyphy/ptII/ptolemy/actor/lib/test/auto/PublisherPortToplevelSubscriberPortAOC.xml
.PublisherPortToplevelSubscriberPortAOC.TestExceptionAttribute: initialize() was not invoked, but wrapup() was.  This is unusual, but not always a problem.  For example, exporting JNLP will do this.
1 ms. Memory: 520192K Free: 414496K (80%)
----------------- Invoking toplevel() on ptolemy.moml.MoMLSimpleApplication@1371020d
----------------- Done invoking toplevel() on ptolemy.moml.MoMLSimpleApplication@1371020d
reloadAllAccessors: .PublisherPortToplevelSubscriberPortAOC

===========================================================================================
----------------- testing Sat May 09 14:20:25 UTC 2020 /home/travis/build/icyphy/ptII/ptolemy/actor/lib/test/auto/PublisherSubscriber.xml
----------------- Instantiating /home/travis/build/icyphy/ptII/ptolemy/actor/lib/test/auto/PublisherSubscriber.xml
5 ms. Memory: 520192K Free: 407297K (78%)
----------------- Invoking toplevel() on ptolemy.moml.MoMLSimpleApplication@11a808b5
----------------- Done invoking toplevel() on ptolemy.moml.MoMLSimpleApplication@11a808b5
reloadAllAccessors: .PublisherSubscriber

===========================================================================================
----------------- testing Sat May 09 14:20:25 UTC 2020 /home/travis/build/icyphy/ptII/ptolemy/actor/lib/test/auto/PublisherSubscriber10.xml
----------------- Instantiating /home/travis/build/icyphy/ptII/ptolemy/actor/lib/test/auto/PublisherSubscriber10.xml
5 ms. Memory: 520192K Free: 397602K (76%)
----------------- Invoking toplevel() on ptolemy.moml.MoMLSimpleApplication@c938e98
----------------- Done invoking toplevel() on ptolemy.moml.MoMLSimpleApplication@c938e98
reloadAllAccessors: .PublisherSubscriber10

===========================================================================================
----------------- testing Sat May 09 14:20:25 UTC 2020 /home/travis/build/icyphy/ptII/ptolemy/actor/lib/test/auto/PublisherSubscriber10InitialOutputs.xml
----------------- Instantiating /home/travis/build/icyphy/ptII/ptolemy/actor/lib/test/auto/PublisherSubscriber10InitialOutputs.xml
10 ms. Memory: 520192K Free: 388386K (75%)
----------------- Invoking toplevel() on ptolemy.moml.MoMLSimpleApplication@4c399b69
----------------- Done invoking toplevel() on ptolemy.moml.MoMLSimpleApplication@4c399b69
reloadAllAccessors: .PublisherSubscriber10InitialOutputs

===========================================================================================
----------------- testing Sat May 09 14:20:25 UTC 2020 /home/travis/build/icyphy/ptII/ptolemy/actor/lib/test/auto/PublisherSubscriber11.xml
----------------- Instantiating /home/travis/build/icyphy/ptII/ptolemy/actor/lib/test/auto/PublisherSubscriber11.xml
2 ms. Memory: 520192K Free: 382242K (73%)
----------------- Invoking toplevel() on ptolemy.moml.MoMLSimpleApplication@483b6103
----------------- Done invoking toplevel() on ptolemy.moml.MoMLSimpleApplication@483b6103
reloadAllAccessors: .PublisherSubscriber11

===========================================================================================
----------------- testing Sat May 09 14:20:25 UTC 2020 /home/travis/build/icyphy/ptII/ptolemy/actor/lib/test/auto/PublisherSubscriber12.xml
----------------- Instantiating /home/travis/build/icyphy/ptII/ptolemy/actor/lib/test/auto/PublisherSubscriber12.xml
4 ms. Memory: 520192K Free: 375074K (72%)
----------------- Invoking toplevel() on ptolemy.moml.MoMLSimpleApplication@2743fc8f
----------------- Done invoking toplevel() on ptolemy.moml.MoMLSimpleApplication@2743fc8f
reloadAllAccessors: .PublisherSubscriber12

===========================================================================================
----------------- testing Sat May 09 14:20:25 UTC 2020 /home/travis/build/icyphy/ptII/ptolemy/actor/lib/test/auto/PublisherSubscriber13.xml
----------------- Instantiating /home/travis/build/icyphy/ptII/ptolemy/actor/lib/test/auto/PublisherSubscriber13.xml
1 ms. Memory: 520192K Free: 369409K (71%)
----------------- Invoking toplevel() on ptolemy.moml.MoMLSimpleApplication@4c4a68cf
----------------- Done invoking toplevel() on ptolemy.moml.MoMLSimpleApplication@4c4a68cf
reloadAllAccessors: .PublisherSubscriber13

===========================================================================================
----------------- testing Sat May 09 14:20:25 UTC 2020 /home/travis/build/icyphy/ptII/ptolemy/actor/lib/test/auto/PublisherSubscriber14.xml
----------------- Instantiating /home/travis/build/icyphy/ptII/ptolemy/actor/lib/test/auto/PublisherSubscriber14.xml
2 ms. Memory: 520192K Free: 360738K (69%)
----------------- Invoking toplevel() on ptolemy.moml.MoMLSimpleApplication@277a9316
----------------- Done invoking toplevel() on ptolemy.moml.MoMLSimpleApplication@277a9316
reloadAllAccessors: .PublisherSubscriber14

===========================================================================================
----------------- testing Sat May 09 14:20:25 UTC 2020 /home/travis/build/icyphy/ptII/ptolemy/actor/lib/test/auto/PublisherSubscriber2.xml
----------------- Instantiating /home/travis/build/icyphy/ptII/ptolemy/actor/lib/test/auto/PublisherSubscriber2.xml
2 ms. Memory: 520192K Free: 355104K (68%)
----------------- Invoking toplevel() on ptolemy.moml.MoMLSimpleApplication@7859e584
----------------- Done invoking toplevel() on ptolemy.moml.MoMLSimpleApplication@7859e584
reloadAllAccessors: .PublisherSubscriber2

===========================================================================================
----------------- testing Sat May 09 14:20:25 UTC 2020 /home/travis/build/icyphy/ptII/ptolemy/actor/lib/test/auto/PublisherSubscriber3.xml
----------------- Instantiating /home/travis/build/icyphy/ptII/ptolemy/actor/lib/test/auto/PublisherSubscriber3.xml
2 ms. Memory: 520192K Free: 349474K (67%)
----------------- Invoking toplevel() on ptolemy.moml.MoMLSimpleApplication@24730abf
----------------- Done invoking toplevel() on ptolemy.moml.MoMLSimpleApplication@24730abf
reloadAllAccessors: .PublisherSubscriber3

===========================================================================================
----------------- testing Sat May 09 14:20:25 UTC 2020 /home/travis/build/icyphy/ptII/ptolemy/actor/lib/test/auto/PublisherSubscriber4.xml
----------------- Instantiating /home/travis/build/icyphy/ptII/ptolemy/actor/lib/test/auto/PublisherSubscriber4.xml
2 ms. Memory: 520192K Free: 343825K (66%)
----------------- Invoking toplevel() on ptolemy.moml.MoMLSimpleApplication@7d659441
----------------- Done invoking toplevel() on ptolemy.moml.MoMLSimpleApplication@7d659441
reloadAllAccessors: .PublisherSubscriber4

===========================================================================================
----------------- testing Sat May 09 14:20:25 UTC 2020 /home/travis/build/icyphy/ptII/ptolemy/actor/lib/test/auto/PublisherSubscriber5.xml
----------------- Instantiating /home/travis/build/icyphy/ptII/ptolemy/actor/lib/test/auto/PublisherSubscriber5.xml
2 ms. Memory: 520192K Free: 337186K (65%)
----------------- Invoking toplevel() on ptolemy.moml.MoMLSimpleApplication@27b68132
----------------- Done invoking toplevel() on ptolemy.moml.MoMLSimpleApplication@27b68132
reloadAllAccessors: .PublisherSubscriber5

===========================================================================================
----------------- testing Sat May 09 14:20:25 UTC 2020 /home/travis/build/icyphy/ptII/ptolemy/actor/lib/test/auto/PublisherSubscriber6.xml
----------------- Instantiating /home/travis/build/icyphy/ptII/ptolemy/actor/lib/test/auto/PublisherSubscriber6.xml
3 ms. Memory: 520192K Free: 330513K (64%)
----------------- Invoking toplevel() on ptolemy.moml.MoMLSimpleApplication@62428063
----------------- Done invoking toplevel() on ptolemy.moml.MoMLSimpleApplication@62428063
reloadAllAccessors: .PublisherSubscriber6

===========================================================================================
----------------- testing Sat May 09 14:20:25 UTC 2020 /home/travis/build/icyphy/ptII/ptolemy/actor/lib/test/auto/PublisherSubscriber7.xml
----------------- Instantiating /home/travis/build/icyphy/ptII/ptolemy/actor/lib/test/auto/PublisherSubscriber7.xml
6 ms. Memory: 520192K Free: 323874K (62%)
----------------- Invoking toplevel() on ptolemy.moml.MoMLSimpleApplication@2256aa47
----------------- Done invoking toplevel() on ptolemy.moml.MoMLSimpleApplication@2256aa47
reloadAllAccessors: .PublisherSubscriber7

===========================================================================================
----------------- testing Sat May 09 14:20:25 UTC 2020 /home/travis/build/icyphy/ptII/ptolemy/actor/lib/test/auto/PublisherSubscriber8.xml
----------------- Instantiating /home/travis/build/icyphy/ptII/ptolemy/actor/lib/test/auto/PublisherSubscriber8.xml
11 ms. Memory: 520192K Free: 312096K (60%)
----------------- Invoking toplevel() on ptolemy.moml.MoMLSimpleApplication@1ee3d662
----------------- Done invoking toplevel() on ptolemy.moml.MoMLSimpleApplication@1ee3d662
reloadAllAccessors: .PublisherSubscriber8

===========================================================================================
----------------- testing Sat May 09 14:20:25 UTC 2020 /home/travis/build/icyphy/ptII/ptolemy/actor/lib/test/auto/PublisherSubscriber9.xml
----------------- Instantiating /home/travis/build/icyphy/ptII/ptolemy/actor/lib/test/auto/PublisherSubscriber9.xml
2 ms. Memory: 520192K Free: 304418K (59%)
----------------- Invoking toplevel() on ptolemy.moml.MoMLSimpleApplication@313f2de2
----------------- Done invoking toplevel() on ptolemy.moml.MoMLSimpleApplication@313f2de2
reloadAllAccessors: .PublisherSubscriber9

===========================================================================================
----------------- testing Sat May 09 14:20:25 UTC 2020 /home/travis/build/icyphy/ptII/ptolemy/actor/lib/test/auto/PublisherSubscriberAdjacent.xml
----------------- Instantiating /home/travis/build/icyphy/ptII/ptolemy/actor/lib/test/auto/PublisherSubscriberAdjacent.xml
1 ms. Memory: 520192K Free: 296226K (57%)
----------------- Invoking toplevel() on ptolemy.moml.MoMLSimpleApplication@10827b79
----------------- Done invoking toplevel() on ptolemy.moml.MoMLSimpleApplication@10827b79
reloadAllAccessors: .PublisherSubscriberAdjacent

===========================================================================================
----------------- testing Sat May 09 14:20:25 UTC 2020 /home/travis/build/icyphy/ptII/ptolemy/actor/lib/test/auto/PublisherSubscriberChannelVariablesAOC2.xml
----------------- Instantiating /home/travis/build/icyphy/ptII/ptolemy/actor/lib/test/auto/PublisherSubscriberChannelVariablesAOC2.xml
3 ms. Memory: 520192K Free: 281361K (54%)
----------------- Invoking toplevel() on ptolemy.moml.MoMLSimpleApplication@306b73e0
----------------- Done invoking toplevel() on ptolemy.moml.MoMLSimpleApplication@306b73e0
reloadAllAccessors: .PublisherSubscriberChannelVariablesAOC2

===========================================================================================
----------------- testing Sat May 09 14:20:25 UTC 2020 /home/travis/build/icyphy/ptII/ptolemy/actor/lib/test/auto/PublisherSubscriberD3.xml
----------------- Instantiating /home/travis/build/icyphy/ptII/ptolemy/actor/lib/test/auto/PublisherSubscriberD3.xml
1 ms. Memory: 520192K Free: 274208K (53%)
----------------- Invoking toplevel() on ptolemy.moml.MoMLSimpleApplication@386a7e88
----------------- Done invoking toplevel() on ptolemy.moml.MoMLSimpleApplication@386a7e88
reloadAllAccessors: .PublisherSubscriberD3

===========================================================================================
----------------- testing Sat May 09 14:20:25 UTC 2020 /home/travis/build/icyphy/ptII/ptolemy/actor/lib/test/auto/PublisherSubscriberD3Reverse.xml
----------------- Instantiating /home/travis/build/icyphy/ptII/ptolemy/actor/lib/test/auto/PublisherSubscriberD3Reverse.xml
1 ms. Memory: 520192K Free: 268064K (52%)
----------------- Invoking toplevel() on ptolemy.moml.MoMLSimpleApplication@78736500
----------------- Done invoking toplevel() on ptolemy.moml.MoMLSimpleApplication@78736500
reloadAllAccessors: .PublisherSubscriberD3Reverse

===========================================================================================
----------------- testing Sat May 09 14:20:25 UTC 2020 /home/travis/build/icyphy/ptII/ptolemy/actor/lib/test/auto/PublisherSubscriberExpression.xml
----------------- Instantiating /home/travis/build/icyphy/ptII/ptolemy/actor/lib/test/auto/PublisherSubscriberExpression.xml
3 ms. Memory: 520192K Free: 259362K (50%)
----------------- Invoking toplevel() on ptolemy.moml.MoMLSimpleApplication@574d0d14
----------------- Done invoking toplevel() on ptolemy.moml.MoMLSimpleApplication@574d0d14
reloadAllAccessors: .PublisherSubscriberExpression

===========================================================================================
----------------- testing Sat May 09 14:20:25 UTC 2020 /home/travis/build/icyphy/ptII/ptolemy/actor/lib/test/auto/PublisherSubscriberOpaque.xml
----------------- Instantiating /home/travis/build/icyphy/ptII/ptolemy/actor/lib/test/auto/PublisherSubscriberOpaque.xml
3 ms. Memory: 520192K Free: 251170K (48%)
----------------- Invoking toplevel() on ptolemy.moml.MoMLSimpleApplication@da41fef
----------------- Done invoking toplevel() on ptolemy.moml.MoMLSimpleApplication@da41fef
reloadAllAccessors: .PublisherSubscriberOpaque

===========================================================================================
----------------- testing Sat May 09 14:20:25 UTC 2020 /home/travis/build/icyphy/ptII/ptolemy/actor/lib/test/auto/PublisherSubscriberOpaqueD3.xml
----------------- Instantiating /home/travis/build/icyphy/ptII/ptolemy/actor/lib/test/auto/PublisherSubscriberOpaqueD3.xml
6 ms. Memory: 520192K Free: 239906K (46%)
----------------- Invoking toplevel() on ptolemy.moml.MoMLSimpleApplication@2b1be3f7
----------------- Done invoking toplevel() on ptolemy.moml.MoMLSimpleApplication@2b1be3f7
reloadAllAccessors: .PublisherSubscriberOpaqueD3

===========================================================================================
----------------- testing Sat May 09 14:20:25 UTC 2020 /home/travis/build/icyphy/ptII/ptolemy/actor/lib/test/auto/PublisherSubscriberOpaqueD3Reverse.xml
----------------- Instantiating /home/travis/build/icyphy/ptII/ptolemy/actor/lib/test/auto/PublisherSubscriberOpaqueD3Reverse.xml
6 ms. Memory: 520192K Free: 229152K (44%)
----------------- Invoking toplevel() on ptolemy.moml.MoMLSimpleApplication@220135b8
----------------- Done invoking toplevel() on ptolemy.moml.MoMLSimpleApplication@220135b8
reloadAllAccessors: .PublisherSubscriberOpaqueD3Reverse

===========================================================================================
----------------- testing Sat May 09 14:20:25 UTC 2020 /home/travis/build/icyphy/ptII/ptolemy/actor/lib/test/auto/PublisherSubscriberOpaqueWidthInference.xml
----------------- Instantiating /home/travis/build/icyphy/ptII/ptolemy/actor/lib/test/auto/PublisherSubscriberOpaqueWidthInference.xml
4 ms. Memory: 520192K Free: 220450K (42%)
----------------- Invoking toplevel() on ptolemy.moml.MoMLSimpleApplication@425b1252
----------------- Done invoking toplevel() on ptolemy.moml.MoMLSimpleApplication@425b1252
reloadAllAccessors: .PublisherSubscriberOpaqueWidthInference

===========================================================================================
----------------- testing Sat May 09 14:20:25 UTC 2020 /home/travis/build/icyphy/ptII/ptolemy/actor/lib/test/auto/PublisherTestSubscriber.xml
----------------- Instantiating /home/travis/build/icyphy/ptII/ptolemy/actor/lib/test/auto/PublisherTestSubscriber.xml
3 ms. Memory: 520192K Free: 212761K (41%)
----------------- Invoking toplevel() on ptolemy.moml.MoMLSimpleApplication@1d5d3030
----------------- Done invoking toplevel() on ptolemy.moml.MoMLSimpleApplication@1d5d3030
reloadAllAccessors: .PublisherTestSubscriber

===========================================================================================
----------------- testing Sat May 09 14:20:25 UTC 2020 /home/travis/build/icyphy/ptII/ptolemy/actor/lib/test/auto/PublisherToplevelSubscriberPortAOC.xml
----------------- Instantiating /home/travis/build/icyphy/ptII/ptolemy/actor/lib/test/auto/PublisherToplevelSubscriberPortAOC.xml
2 ms. Memory: 520192K Free: 206114K (40%)
----------------- Invoking toplevel() on ptolemy.moml.MoMLSimpleApplication@4a9ffaf2
----------------- Done invoking toplevel() on ptolemy.moml.MoMLSimpleApplication@4a9ffaf2
reloadAllAccessors: .PublisherToplevelSubscriberPortAOC

===========================================================================================
----------------- testing Sat May 09 14:20:25 UTC 2020 /home/travis/build/icyphy/ptII/ptolemy/actor/lib/test/auto/PulseFiringLimitDE.xml
----------------- Instantiating /home/travis/build/icyphy/ptII/ptolemy/actor/lib/test/auto/PulseFiringLimitDE.xml
2 ms. Memory: 520192K Free: 199970K (38%)
----------------- Invoking toplevel() on ptolemy.moml.MoMLSimpleApplication@1f51539b
----------------- Done invoking toplevel() on ptolemy.moml.MoMLSimpleApplication@1f51539b
reloadAllAccessors: .PulseFiringLimitDE

===========================================================================================
----------------- testing Sat May 09 14:20:25 UTC 2020 /home/travis/build/icyphy/ptII/ptolemy/actor/lib/test/auto/Ramp1.xml
----------------- Instantiating /home/travis/build/icyphy/ptII/ptolemy/actor/lib/test/auto/Ramp1.xml
1 ms. Memory: 520192K Free: 195345K (38%)
----------------- Invoking toplevel() on ptolemy.moml.MoMLSimpleApplication@7d263131
----------------- Done invoking toplevel() on ptolemy.moml.MoMLSimpleApplication@7d263131
reloadAllAccessors: .Ramp1

===========================================================================================
----------------- testing Sat May 09 14:20:25 UTC 2020 /home/travis/build/icyphy/ptII/ptolemy/actor/lib/test/auto/RampFiringLimitDE.xml
----------------- Instantiating /home/travis/build/icyphy/ptII/ptolemy/actor/lib/test/auto/RampFiringLimitDE.xml
2 ms. Memory: 520192K Free: 189201K (36%)
----------------- Invoking toplevel() on ptolemy.moml.MoMLSimpleApplication@28b48e23
----------------- Done invoking toplevel() on ptolemy.moml.MoMLSimpleApplication@28b48e23
reloadAllAccessors: .RampFiringLimitDE

===========================================================================================
----------------- testing Sat May 09 14:20:25 UTC 2020 /home/travis/build/icyphy/ptII/ptolemy/actor/lib/test/auto/RampFiringLimitSDF.xml
----------------- Instantiating /home/travis/build/icyphy/ptII/ptolemy/actor/lib/test/auto/RampFiringLimitSDF.xml
1 ms. Memory: 520192K Free: 184081K (35%)
----------------- Invoking toplevel() on ptolemy.moml.MoMLSimpleApplication@14482073
----------------- Done invoking toplevel() on ptolemy.moml.MoMLSimpleApplication@14482073
reloadAllAccessors: .RampFiringLimitSDF

===========================================================================================
----------------- testing Sat May 09 14:20:25 UTC 2020 /home/travis/build/icyphy/ptII/ptolemy/actor/lib/test/auto/RandomInteger.xml
----------------- Instantiating /home/travis/build/icyphy/ptII/ptolemy/actor/lib/test/auto/RandomInteger.xml
1 ms. Memory: 520192K Free: 180000K (35%)
----------------- Invoking toplevel() on ptolemy.moml.MoMLSimpleApplication@47953faa
----------------- Done invoking toplevel() on ptolemy.moml.MoMLSimpleApplication@47953faa
reloadAllAccessors: .RandomInteger

===========================================================================================
----------------- testing Sat May 09 14:20:25 UTC 2020 /home/travis/build/icyphy/ptII/ptolemy/actor/lib/test/auto/ReadFile1.xml
----------------- Instantiating /home/travis/build/icyphy/ptII/ptolemy/actor/lib/test/auto/ReadFile1.xml
1 ms. Memory: 520192K Free: 174880K (34%)
----------------- Invoking toplevel() on ptolemy.moml.MoMLSimpleApplication@76fb960f
----------------- Done invoking toplevel() on ptolemy.moml.MoMLSimpleApplication@76fb960f
reloadAllAccessors: .ReadFile1

===========================================================================================
----------------- testing Sat May 09 14:20:25 UTC 2020 /home/travis/build/icyphy/ptII/ptolemy/actor/lib/test/auto/ReadFile2.xml
----------------- Instantiating /home/travis/build/icyphy/ptII/ptolemy/actor/lib/test/auto/ReadFile2.xml
1 ms. Memory: 520192K Free: 170784K (33%)
----------------- Invoking toplevel() on ptolemy.moml.MoMLSimpleApplication@54bd91ed
----------------- Done invoking toplevel() on ptolemy.moml.MoMLSimpleApplication@54bd91ed
reloadAllAccessors: .ReadFile2

===========================================================================================
----------------- testing Sat May 09 14:20:25 UTC 2020 /home/travis/build/icyphy/ptII/ptolemy/actor/lib/test/auto/Reader.xml
----------------- Instantiating /home/travis/build/icyphy/ptII/ptolemy/actor/lib/test/auto/Reader.xml
actor.lib.Reader is obsolete, use actor.lib.io.ExpressionReader instead
3 ms. Memory: 520192K Free: 467737K (90%)
----------------- Invoking toplevel() on ptolemy.moml.MoMLSimpleApplication@2a4f559d
----------------- Done invoking toplevel() on ptolemy.moml.MoMLSimpleApplication@2a4f559d
reloadAllAccessors: .Reader

===========================================================================================
----------------- testing Sat May 09 14:20:25 UTC 2020 /home/travis/build/icyphy/ptII/ptolemy/actor/lib/test/auto/RecordAssemblerDisplayNameTest.xml
----------------- Instantiating /home/travis/build/icyphy/ptII/ptolemy/actor/lib/test/auto/RecordAssemblerDisplayNameTest.xml
3443 ms. Memory: 520192K Free: 445216K (86%)
----------------- Invoking toplevel() on ptolemy.moml.MoMLSimpleApplication@24d1ba66
----------------- Done invoking toplevel() on ptolemy.moml.MoMLSimpleApplication@24d1ba66
reloadAllAccessors: .RecordAssemblerDisplayNameTest

===========================================================================================
----------------- testing Sat May 09 14:20:29 UTC 2020 /home/travis/build/icyphy/ptII/ptolemy/actor/lib/test/auto/RecordAssemblerTypeError.xml
----------------- Instantiating /home/travis/build/icyphy/ptII/ptolemy/actor/lib/test/auto/RecordAssemblerTypeError.xml
13 ms. Memory: 520192K Free: 435490K (84%)
----------------- Invoking toplevel() on ptolemy.moml.MoMLSimpleApplication@1f97c978
----------------- Done invoking toplevel() on ptolemy.moml.MoMLSimpleApplication@1f97c978
reloadAllAccessors: .RecordAssemblerTypeError

===========================================================================================
----------------- testing Sat May 09 14:20:29 UTC 2020 /home/travis/build/icyphy/ptII/ptolemy/actor/lib/test/auto/RecordDisassember.xml
----------------- Instantiating /home/travis/build/icyphy/ptII/ptolemy/actor/lib/test/auto/RecordDisassember.xml
4 ms. Memory: 520192K Free: 430849K (83%)
----------------- Invoking toplevel() on ptolemy.moml.MoMLSimpleApplication@441198bd
----------------- Done invoking toplevel() on ptolemy.moml.MoMLSimpleApplication@441198bd
reloadAllAccessors: .RecordDisassember

===========================================================================================
----------------- testing Sat May 09 14:20:29 UTC 2020 /home/travis/build/icyphy/ptII/ptolemy/actor/lib/test/auto/RecordDisassemberDisplayNameTest.xml
----------------- Instantiating /home/travis/build/icyphy/ptII/ptolemy/actor/lib/test/auto/RecordDisassemberDisplayNameTest.xml
5 ms. Memory: 520192K Free: 423202K (81%)
----------------- Invoking toplevel() on ptolemy.moml.MoMLSimpleApplication@5ee05be0
----------------- Done invoking toplevel() on ptolemy.moml.MoMLSimpleApplication@5ee05be0
reloadAllAccessors: .RecordDisassemberDisplayNameTest

===========================================================================================
----------------- testing Sat May 09 14:20:29 UTC 2020 /home/travis/build/icyphy/ptII/ptolemy/actor/lib/test/auto/RecordDisassembler.xml
----------------- Instantiating /home/travis/build/icyphy/ptII/ptolemy/actor/lib/test/auto/RecordDisassembler.xml
2 ms. Memory: 520192K Free: 418082K (80%)
----------------- Invoking toplevel() on ptolemy.moml.MoMLSimpleApplication@6069f13e
----------------- Done invoking toplevel() on ptolemy.moml.MoMLSimpleApplication@6069f13e
reloadAllAccessors: .RecordDisassembler

===========================================================================================
----------------- testing Sat May 09 14:20:29 UTC 2020 /home/travis/build/icyphy/ptII/ptolemy/actor/lib/test/auto/RecordDisassembler2.xml
----------------- Instantiating /home/travis/build/icyphy/ptII/ptolemy/actor/lib/test/auto/RecordDisassembler2.xml
3 ms. Memory: 520192K Free: 412417K (79%)
----------------- Invoking toplevel() on ptolemy.moml.MoMLSimpleApplication@72dce546
----------------- Done invoking toplevel() on ptolemy.moml.MoMLSimpleApplication@72dce546
reloadAllAccessors: .RecordDisassembler2

===========================================================================================
----------------- testing Sat May 09 14:20:29 UTC 2020 /home/travis/build/icyphy/ptII/ptolemy/actor/lib/test/auto/RecordUpdater.xml
----------------- Instantiating /home/travis/build/icyphy/ptII/ptolemy/actor/lib/test/auto/RecordUpdater.xml
2 ms. Memory: 520192K Free: 407328K (78%)
----------------- Invoking toplevel() on ptolemy.moml.MoMLSimpleApplication@6a4b607b
----------------- Done invoking toplevel() on ptolemy.moml.MoMLSimpleApplication@6a4b607b
reloadAllAccessors: .RecordUpdater

===========================================================================================
----------------- testing Sat May 09 14:20:29 UTC 2020 /home/travis/build/icyphy/ptII/ptolemy/actor/lib/test/auto/RecordUpdater2.xml
----------------- Instantiating /home/travis/build/icyphy/ptII/ptolemy/actor/lib/test/auto/RecordUpdater2.xml
1 ms. Memory: 520192K Free: 402208K (77%)
----------------- Invoking toplevel() on ptolemy.moml.MoMLSimpleApplication@2753bce6
----------------- Done invoking toplevel() on ptolemy.moml.MoMLSimpleApplication@2753bce6
reloadAllAccessors: .RecordUpdater2

===========================================================================================
----------------- testing Sat May 09 14:20:29 UTC 2020 /home/travis/build/icyphy/ptII/ptolemy/actor/lib/test/auto/RecursiveLattice.xml
----------------- Instantiating /home/travis/build/icyphy/ptII/ptolemy/actor/lib/test/auto/RecursiveLattice.xml
1 ms. Memory: 520192K Free: 398081K (77%)
----------------- Invoking toplevel() on ptolemy.moml.MoMLSimpleApplication@5112acf8
----------------- Done invoking toplevel() on ptolemy.moml.MoMLSimpleApplication@5112acf8
reloadAllAccessors: .RecursiveLattice

===========================================================================================
----------------- testing Sat May 09 14:20:29 UTC 2020 /home/travis/build/icyphy/ptII/ptolemy/actor/lib/test/auto/Router.xml
----------------- Instantiating /home/travis/build/icyphy/ptII/ptolemy/actor/lib/test/auto/Router.xml
3003 ms. Memory: 520192K Free: 387362K (74%)
----------------- Invoking toplevel() on ptolemy.moml.MoMLSimpleApplication@5e6a52c0
----------------- Done invoking toplevel() on ptolemy.moml.MoMLSimpleApplication@5e6a52c0
reloadAllAccessors: .Router

===========================================================================================
----------------- testing Sat May 09 14:20:32 UTC 2020 /home/travis/build/icyphy/ptII/ptolemy/actor/lib/test/auto/Router2.xml
----------------- Instantiating /home/travis/build/icyphy/ptII/ptolemy/actor/lib/test/auto/Router2.xml
3003 ms. Memory: 520192K Free: 377122K (72%)
----------------- Invoking toplevel() on ptolemy.moml.MoMLSimpleApplication@786cc72f
----------------- Done invoking toplevel() on ptolemy.moml.MoMLSimpleApplication@786cc72f
reloadAllAccessors: .Router2

===========================================================================================
----------------- testing Sat May 09 14:20:35 UTC 2020 /home/travis/build/icyphy/ptII/ptolemy/actor/lib/test/auto/RunningMaximum.xml
----------------- Instantiating /home/travis/build/icyphy/ptII/ptolemy/actor/lib/test/auto/RunningMaximum.xml
2 ms. Memory: 520192K Free: 372512K (72%)
----------------- Invoking toplevel() on ptolemy.moml.MoMLSimpleApplication@269b9448
----------------- Done invoking toplevel() on ptolemy.moml.MoMLSimpleApplication@269b9448
reloadAllAccessors: .RunningMaximum

===========================================================================================
----------------- testing Sat May 09 14:20:35 UTC 2020 /home/travis/build/icyphy/ptII/ptolemy/actor/lib/test/auto/RunningMinimum.xml
----------------- Instantiating /home/travis/build/icyphy/ptII/ptolemy/actor/lib/test/auto/RunningMinimum.xml
7 ms. Memory: 520192K Free: 367906K (71%)
----------------- Invoking toplevel() on ptolemy.moml.MoMLSimpleApplication@716a8482
----------------- Done invoking toplevel() on ptolemy.moml.MoMLSimpleApplication@716a8482
reloadAllAccessors: .RunningMinimum

===========================================================================================
----------------- testing Sat May 09 14:20:35 UTC 2020 /home/travis/build/icyphy/ptII/ptolemy/actor/lib/test/auto/Scale.xml
----------------- Instantiating /home/travis/build/icyphy/ptII/ptolemy/actor/lib/test/auto/Scale.xml
1 ms. Memory: 520192K Free: 362786K (70%)
----------------- Invoking toplevel() on ptolemy.moml.MoMLSimpleApplication@2075f875
----------------- Done invoking toplevel() on ptolemy.moml.MoMLSimpleApplication@2075f875
reloadAllAccessors: .Scale

===========================================================================================
----------------- testing Sat May 09 14:20:35 UTC 2020 /home/travis/build/icyphy/ptII/ptolemy/actor/lib/test/auto/Scale2.xml
----------------- Instantiating /home/travis/build/icyphy/ptII/ptolemy/actor/lib/test/auto/Scale2.xml
2 ms. Memory: 520192K Free: 358176K (69%)
----------------- Invoking toplevel() on ptolemy.moml.MoMLSimpleApplication@19a33384
----------------- Done invoking toplevel() on ptolemy.moml.MoMLSimpleApplication@19a33384
reloadAllAccessors: .Scale2

===========================================================================================
----------------- testing Sat May 09 14:20:35 UTC 2020 /home/travis/build/icyphy/ptII/ptolemy/actor/lib/test/auto/Scale3.xml
----------------- Instantiating /home/travis/build/icyphy/ptII/ptolemy/actor/lib/test/auto/Scale3.xml
2 ms. Memory: 520192K Free: 351522K (68%)
----------------- Invoking toplevel() on ptolemy.moml.MoMLSimpleApplication@38e0c251
----------------- Done invoking toplevel() on ptolemy.moml.MoMLSimpleApplication@38e0c251
reloadAllAccessors: .Scale3

===========================================================================================
----------------- testing Sat May 09 14:20:35 UTC 2020 /home/travis/build/icyphy/ptII/ptolemy/actor/lib/test/auto/ScaleArray.xml
----------------- Instantiating /home/travis/build/icyphy/ptII/ptolemy/actor/lib/test/auto/ScaleArray.xml
1 ms. Memory: 520192K Free: 346912K (67%)
----------------- Invoking toplevel() on ptolemy.moml.MoMLSimpleApplication@f49256c
----------------- Done invoking toplevel() on ptolemy.moml.MoMLSimpleApplication@f49256c
reloadAllAccessors: .ScaleArray

===========================================================================================
----------------- testing Sat May 09 14:20:35 UTC 2020 /home/travis/build/icyphy/ptII/ptolemy/actor/lib/test/auto/ScaleArray2.xml
----------------- Instantiating /home/travis/build/icyphy/ptII/ptolemy/actor/lib/test/auto/ScaleArray2.xml
1 ms. Memory: 520192K Free: 342306K (66%)
----------------- Invoking toplevel() on ptolemy.moml.MoMLSimpleApplication@1763a994
----------------- Done invoking toplevel() on ptolemy.moml.MoMLSimpleApplication@1763a994
reloadAllAccessors: .ScaleArray2

===========================================================================================
----------------- testing Sat May 09 14:20:35 UTC 2020 /home/travis/build/icyphy/ptII/ptolemy/actor/lib/test/auto/ScaleMatrix.xml
----------------- Instantiating /home/travis/build/icyphy/ptII/ptolemy/actor/lib/test/auto/ScaleMatrix.xml
141 ms. Memory: 520192K Free: 326946K (63%)
----------------- Invoking toplevel() on ptolemy.moml.MoMLSimpleApplication@5dafae64
----------------- Done invoking toplevel() on ptolemy.moml.MoMLSimpleApplication@5dafae64
reloadAllAccessors: .ScaleMatrix

===========================================================================================
----------------- testing Sat May 09 14:20:35 UTC 2020 /home/travis/build/icyphy/ptII/ptolemy/actor/lib/test/auto/Select.xml
----------------- Instantiating /home/travis/build/icyphy/ptII/ptolemy/actor/lib/test/auto/Select.xml
2 ms. Memory: 520192K Free: 320802K (62%)
----------------- Invoking toplevel() on ptolemy.moml.MoMLSimpleApplication@3ef44e0e
----------------- Done invoking toplevel() on ptolemy.moml.MoMLSimpleApplication@3ef44e0e
reloadAllAccessors: .Select

===========================================================================================
----------------- testing Sat May 09 14:20:35 UTC 2020 /home/travis/build/icyphy/ptII/ptolemy/actor/lib/test/auto/Select2.xml
----------------- Instantiating /home/travis/build/icyphy/ptII/ptolemy/actor/lib/test/auto/Select2.xml
1 ms. Memory: 520192K Free: 316192K (61%)
----------------- Invoking toplevel() on ptolemy.moml.MoMLSimpleApplication@1c20bab3
----------------- Done invoking toplevel() on ptolemy.moml.MoMLSimpleApplication@1c20bab3
reloadAllAccessors: .Select2

===========================================================================================
----------------- testing Sat May 09 14:20:35 UTC 2020 /home/travis/build/icyphy/ptII/ptolemy/actor/lib/test/auto/SequenceToArray2.xml
----------------- Instantiating /home/travis/build/icyphy/ptII/ptolemy/actor/lib/test/auto/SequenceToArray2.xml
85 ms. Memory: 520192K Free: 291601K (56%)
----------------- Invoking toplevel() on ptolemy.moml.MoMLSimpleApplication@4ff5a74
----------------- Done invoking toplevel() on ptolemy.moml.MoMLSimpleApplication@4ff5a74
reloadAllAccessors: .SequenceToArray2

===========================================================================================
----------------- testing Sat May 09 14:20:35 UTC 2020 /home/travis/build/icyphy/ptII/ptolemy/actor/lib/test/auto/SequentialClock.xml
----------------- Instantiating /home/travis/build/icyphy/ptII/ptolemy/actor/lib/test/auto/SequentialClock.xml
1 ms. Memory: 520192K Free: 287520K (55%)
----------------- Invoking toplevel() on ptolemy.moml.MoMLSimpleApplication@4fcd5b6
----------------- Done invoking toplevel() on ptolemy.moml.MoMLSimpleApplication@4fcd5b6
reloadAllAccessors: .SequentialClock

===========================================================================================
----------------- testing Sat May 09 14:20:35 UTC 2020 /home/travis/build/icyphy/ptII/ptolemy/actor/lib/test/auto/SetVariable.xml
----------------- Instantiating /home/travis/build/icyphy/ptII/ptolemy/actor/lib/test/auto/SetVariable.xml
3 ms. Memory: 520192K Free: 282914K (54%)
----------------- Invoking toplevel() on ptolemy.moml.MoMLSimpleApplication@5aee658
----------------- Done invoking toplevel() on ptolemy.moml.MoMLSimpleApplication@5aee658
reloadAllAccessors: .SetVariable

===========================================================================================
----------------- testing Sat May 09 14:20:35 UTC 2020 /home/travis/build/icyphy/ptII/ptolemy/actor/lib/test/auto/SetVariable2.xml
----------------- Instantiating /home/travis/build/icyphy/ptII/ptolemy/actor/lib/test/auto/SetVariable2.xml
2 ms. Memory: 520192K Free: 277794K (53%)
----------------- Invoking toplevel() on ptolemy.moml.MoMLSimpleApplication@1be3da34
----------------- Done invoking toplevel() on ptolemy.moml.MoMLSimpleApplication@1be3da34
reloadAllAccessors: .SetVariable2

===========================================================================================
----------------- testing Sat May 09 14:20:35 UTC 2020 /home/travis/build/icyphy/ptII/ptolemy/actor/lib/test/auto/SetVariable3.xml
----------------- Instantiating /home/travis/build/icyphy/ptII/ptolemy/actor/lib/test/auto/SetVariable3.xml
7 ms. Memory: 520192K Free: 272674K (52%)
----------------- Invoking toplevel() on ptolemy.moml.MoMLSimpleApplication@25e12ede
----------------- Done invoking toplevel() on ptolemy.moml.MoMLSimpleApplication@25e12ede
reloadAllAccessors: .SetVariable3

===========================================================================================
----------------- testing Sat May 09 14:20:35 UTC 2020 /home/travis/build/icyphy/ptII/ptolemy/actor/lib/test/auto/SetVariable4.xml
----------------- Instantiating /home/travis/build/icyphy/ptII/ptolemy/actor/lib/test/auto/SetVariable4.xml
17 ms. Memory: 520192K Free: 263456K (51%)
----------------- Invoking toplevel() on ptolemy.moml.MoMLSimpleApplication@7dd88550
----------------- Done invoking toplevel() on ptolemy.moml.MoMLSimpleApplication@7dd88550
reloadAllAccessors: .SetVariable4

===========================================================================================
----------------- testing Sat May 09 14:20:35 UTC 2020 /home/travis/build/icyphy/ptII/ptolemy/actor/lib/test/auto/SetVariable5.xml
----------------- Instantiating /home/travis/build/icyphy/ptII/ptolemy/actor/lib/test/auto/SetVariable5.xml
16 ms. Memory: 520192K Free: 253728K (49%)
----------------- Invoking toplevel() on ptolemy.moml.MoMLSimpleApplication@6b9b6bd9
----------------- Done invoking toplevel() on ptolemy.moml.MoMLSimpleApplication@6b9b6bd9
reloadAllAccessors: .SetVariable5

===========================================================================================
----------------- testing Sat May 09 14:20:35 UTC 2020 /home/travis/build/icyphy/ptII/ptolemy/actor/lib/test/auto/Sinewave.xml
----------------- Instantiating /home/travis/build/icyphy/ptII/ptolemy/actor/lib/test/auto/Sinewave.xml
4 ms. Memory: 520192K Free: 242978K (47%)
----------------- Invoking toplevel() on ptolemy.moml.MoMLSimpleApplication@1b144ccc
----------------- Done invoking toplevel() on ptolemy.moml.MoMLSimpleApplication@1b144ccc
reloadAllAccessors: .Sinewave

===========================================================================================
----------------- testing Sat May 09 14:20:35 UTC 2020 /home/travis/build/icyphy/ptII/ptolemy/actor/lib/test/auto/Sinewave2.xml
----------------- Instantiating /home/travis/build/icyphy/ptII/ptolemy/actor/lib/test/auto/Sinewave2.xml
6 ms. Memory: 520192K Free: 234786K (45%)
----------------- Invoking toplevel() on ptolemy.moml.MoMLSimpleApplication@3f3762a8
----------------- Done invoking toplevel() on ptolemy.moml.MoMLSimpleApplication@3f3762a8
reloadAllAccessors: .Sinewave2

===========================================================================================
----------------- testing Sat May 09 14:20:35 UTC 2020 /home/travis/build/icyphy/ptII/ptolemy/actor/lib/test/auto/Sinewave3.xml
----------------- Instantiating /home/travis/build/icyphy/ptII/ptolemy/actor/lib/test/auto/Sinewave3.xml
6 ms. Memory: 520192K Free: 226594K (44%)
----------------- Invoking toplevel() on ptolemy.moml.MoMLSimpleApplication@12fa7772
----------------- Done invoking toplevel() on ptolemy.moml.MoMLSimpleApplication@12fa7772
reloadAllAccessors: .Sinewave3

===========================================================================================
----------------- testing Sat May 09 14:20:35 UTC 2020 /home/travis/build/icyphy/ptII/ptolemy/actor/lib/test/auto/SingleEvent.xml
----------------- Instantiating /home/travis/build/icyphy/ptII/ptolemy/actor/lib/test/auto/SingleEvent.xml
0 ms. Memory: 520192K Free: 222498K (43%)
----------------- Invoking toplevel() on ptolemy.moml.MoMLSimpleApplication@311d51e9
----------------- Done invoking toplevel() on ptolemy.moml.MoMLSimpleApplication@311d51e9
reloadAllAccessors: .SingleEvent

===========================================================================================
----------------- testing Sat May 09 14:20:35 UTC 2020 /home/travis/build/icyphy/ptII/ptolemy/actor/lib/test/auto/Sleep.xml
----------------- Instantiating /home/travis/build/icyphy/ptII/ptolemy/actor/lib/test/auto/Sleep.xml
6003 ms. Memory: 520192K Free: 216833K (42%)
----------------- Invoking toplevel() on ptolemy.moml.MoMLSimpleApplication@85f6453
----------------- Done invoking toplevel() on ptolemy.moml.MoMLSimpleApplication@85f6453
reloadAllAccessors: .Sleep

===========================================================================================
----------------- testing Sat May 09 14:20:41 UTC 2020 /home/travis/build/icyphy/ptII/ptolemy/actor/lib/test/auto/SleepMultipleFire.xml
----------------- Instantiating /home/travis/build/icyphy/ptII/ptolemy/actor/lib/test/auto/SleepMultipleFire.xml
1005 ms. Memory: 520192K Free: 210720K (41%)
----------------- Invoking toplevel() on ptolemy.moml.MoMLSimpleApplication@2b8eaf16
----------------- Done invoking toplevel() on ptolemy.moml.MoMLSimpleApplication@2b8eaf16
reloadAllAccessors: .SleepMultipleFire

===========================================================================================
----------------- testing Sat May 09 14:20:42 UTC 2020 /home/travis/build/icyphy/ptII/ptolemy/actor/lib/test/auto/StopDE.xml
----------------- Instantiating /home/travis/build/icyphy/ptII/ptolemy/actor/lib/test/auto/StopDE.xml
3 ms. Memory: 520192K Free: 205090K (39%)
----------------- Invoking toplevel() on ptolemy.moml.MoMLSimpleApplication@1c572344
----------------- Done invoking toplevel() on ptolemy.moml.MoMLSimpleApplication@1c572344
reloadAllAccessors: .StopDE

===========================================================================================
----------------- testing Sat May 09 14:20:42 UTC 2020 /home/travis/build/icyphy/ptII/ptolemy/actor/lib/test/auto/StopSDF.xml
----------------- Instantiating /home/travis/build/icyphy/ptII/ptolemy/actor/lib/test/auto/StopSDF.xml
3 ms. Memory: 520192K Free: 199970K (38%)
----------------- Invoking toplevel() on ptolemy.moml.MoMLSimpleApplication@44699eff
----------------- Done invoking toplevel() on ptolemy.moml.MoMLSimpleApplication@44699eff
reloadAllAccessors: .StopSDF

===========================================================================================
----------------- testing Sat May 09 14:20:42 UTC 2020 /home/travis/build/icyphy/ptII/ptolemy/actor/lib/test/auto/StringConstant.xml
----------------- Instantiating /home/travis/build/icyphy/ptII/ptolemy/actor/lib/test/auto/StringConstant.xml
8 ms. Memory: 520192K Free: 195874K (38%)
----------------- Invoking toplevel() on ptolemy.moml.MoMLSimpleApplication@34790b45
----------------- Done invoking toplevel() on ptolemy.moml.MoMLSimpleApplication@34790b45
reloadAllAccessors: .StringConstant

===========================================================================================
----------------- testing Sat May 09 14:20:42 UTC 2020 /home/travis/build/icyphy/ptII/ptolemy/actor/lib/test/auto/SubscriberPortInitialValues1.xml
----------------- Instantiating /home/travis/build/icyphy/ptII/ptolemy/actor/lib/test/auto/SubscriberPortInitialValues1.xml
10 ms. Memory: 520192K Free: 187168K (36%)
----------------- Invoking toplevel() on ptolemy.moml.MoMLSimpleApplication@4a7ecff
----------------- Done invoking toplevel() on ptolemy.moml.MoMLSimpleApplication@4a7ecff
reloadAllAccessors: .SubscriberPortInitialValues1

===========================================================================================
----------------- testing Sat May 09 14:20:42 UTC 2020 /home/travis/build/icyphy/ptII/ptolemy/actor/lib/test/auto/SubscriberPortInitialValues13.xml
----------------- Instantiating /home/travis/build/icyphy/ptII/ptolemy/actor/lib/test/auto/SubscriberPortInitialValues13.xml
5 ms. Memory: 520192K Free: 173856K (33%)
----------------- Invoking toplevel() on ptolemy.moml.MoMLSimpleApplication@71a647e7
----------------- Done invoking toplevel() on ptolemy.moml.MoMLSimpleApplication@71a647e7
reloadAllAccessors: .SubscriberPortInitialValues13

===========================================================================================
----------------- testing Sat May 09 14:20:42 UTC 2020 /home/travis/build/icyphy/ptII/ptolemy/actor/lib/test/auto/SubscriberPortInitialValues14.xml
----------------- Instantiating /home/travis/build/icyphy/ptII/ptolemy/actor/lib/test/auto/SubscriberPortInitialValues14.xml
4 ms. Memory: 520192K Free: 466722K (90%)
----------------- Invoking toplevel() on ptolemy.moml.MoMLSimpleApplication@465330ae
----------------- Done invoking toplevel() on ptolemy.moml.MoMLSimpleApplication@465330ae
reloadAllAccessors: .SubscriberPortInitialValues14

===========================================================================================
----------------- testing Sat May 09 14:20:43 UTC 2020 /home/travis/build/icyphy/ptII/ptolemy/actor/lib/test/auto/SubscriberPortInitialValues2.xml
----------------- Instantiating /home/travis/build/icyphy/ptII/ptolemy/actor/lib/test/auto/SubscriberPortInitialValues2.xml
6 ms. Memory: 520192K Free: 458530K (88%)
----------------- Invoking toplevel() on ptolemy.moml.MoMLSimpleApplication@12f3355a
----------------- Done invoking toplevel() on ptolemy.moml.MoMLSimpleApplication@12f3355a
reloadAllAccessors: .SubscriberPortInitialValues2

===========================================================================================
----------------- testing Sat May 09 14:20:43 UTC 2020 /home/travis/build/icyphy/ptII/ptolemy/actor/lib/test/auto/SubscriberPortInitialValues3.xml
----------------- Instantiating /home/travis/build/icyphy/ptII/ptolemy/actor/lib/test/auto/SubscriberPortInitialValues3.xml
4 ms. Memory: 520192K Free: 447776K (86%)
----------------- Invoking toplevel() on ptolemy.moml.MoMLSimpleApplication@642664d0
----------------- Done invoking toplevel() on ptolemy.moml.MoMLSimpleApplication@642664d0
reloadAllAccessors: .SubscriberPortInitialValues3

===========================================================================================
----------------- testing Sat May 09 14:20:43 UTC 2020 /home/travis/build/icyphy/ptII/ptolemy/actor/lib/test/auto/SubscriptionAggregator.xml
----------------- Instantiating /home/travis/build/icyphy/ptII/ptolemy/actor/lib/test/auto/SubscriptionAggregator.xml
3 ms. Memory: 520192K Free: 441122K (85%)
----------------- Invoking toplevel() on ptolemy.moml.MoMLSimpleApplication@7eaf222e
----------------- Done invoking toplevel() on ptolemy.moml.MoMLSimpleApplication@7eaf222e
reloadAllAccessors: .SubscriptionAggregator

===========================================================================================
----------------- testing Sat May 09 14:20:43 UTC 2020 /home/travis/build/icyphy/ptII/ptolemy/actor/lib/test/auto/SubscriptionAggregator2.xml
----------------- Instantiating /home/travis/build/icyphy/ptII/ptolemy/actor/lib/test/auto/SubscriptionAggregator2.xml
2 ms. Memory: 520192K Free: 434457K (84%)
----------------- Invoking toplevel() on ptolemy.moml.MoMLSimpleApplication@52f87825
----------------- Done invoking toplevel() on ptolemy.moml.MoMLSimpleApplication@52f87825
reloadAllAccessors: .SubscriptionAggregator2

===========================================================================================
----------------- testing Sat May 09 14:20:43 UTC 2020 /home/travis/build/icyphy/ptII/ptolemy/actor/lib/test/auto/SubscriptionAggregator3.xml
----------------- Instantiating /home/travis/build/icyphy/ptII/ptolemy/actor/lib/test/auto/SubscriptionAggregator3.xml
3 ms. Memory: 520192K Free: 425241K (82%)
----------------- Invoking toplevel() on ptolemy.moml.MoMLSimpleApplication@2b384230
----------------- Done invoking toplevel() on ptolemy.moml.MoMLSimpleApplication@2b384230
reloadAllAccessors: .SubscriptionAggregator3

===========================================================================================
----------------- testing Sat May 09 14:20:43 UTC 2020 /home/travis/build/icyphy/ptII/ptolemy/actor/lib/test/auto/SubscriptionAggregatorMultiply.xml
----------------- Instantiating /home/travis/build/icyphy/ptII/ptolemy/actor/lib/test/auto/SubscriptionAggregatorMultiply.xml
12 ms. Memory: 520192K Free: 416546K (80%)
----------------- Invoking toplevel() on ptolemy.moml.MoMLSimpleApplication@44fab63e
----------------- Done invoking toplevel() on ptolemy.moml.MoMLSimpleApplication@44fab63e
reloadAllAccessors: .SubscriptionAggregatorMultiply

===========================================================================================
----------------- testing Sat May 09 14:20:43 UTC 2020 /home/travis/build/icyphy/ptII/ptolemy/actor/lib/test/auto/SubscriptionAggregatorPortMultiply1.xml
----------------- Instantiating /home/travis/build/icyphy/ptII/ptolemy/actor/lib/test/auto/SubscriptionAggregatorPortMultiply1.xml
3 ms. Memory: 520192K Free: 408864K (79%)
----------------- Invoking toplevel() on ptolemy.moml.MoMLSimpleApplication@cd76434
----------------- Done invoking toplevel() on ptolemy.moml.MoMLSimpleApplication@cd76434
reloadAllAccessors: .SubscriptionAggregatorPortMultiply1

===========================================================================================
----------------- testing Sat May 09 14:20:43 UTC 2020 /home/travis/build/icyphy/ptII/ptolemy/actor/lib/test/auto/Switch.xml
----------------- Instantiating /home/travis/build/icyphy/ptII/ptolemy/actor/lib/test/auto/Switch.xml
9 ms. Memory: 520192K Free: 400672K (77%)
----------------- Invoking toplevel() on ptolemy.moml.MoMLSimpleApplication@760e9bfa
----------------- Done invoking toplevel() on ptolemy.moml.MoMLSimpleApplication@760e9bfa
reloadAllAccessors: .Switch

===========================================================================================
----------------- testing Sat May 09 14:20:43 UTC 2020 /home/travis/build/icyphy/ptII/ptolemy/actor/lib/test/auto/Switch2.xml
----------------- Instantiating /home/travis/build/icyphy/ptII/ptolemy/actor/lib/test/auto/Switch2.xml
1 ms. Memory: 520192K Free: 396066K (76%)
----------------- Invoking toplevel() on ptolemy.moml.MoMLSimpleApplication@3b02942d
----------------- Done invoking toplevel() on ptolemy.moml.MoMLSimpleApplication@3b02942d
reloadAllAccessors: .Switch2

===========================================================================================
----------------- testing Sat May 09 14:20:43 UTC 2020 /home/travis/build/icyphy/ptII/ptolemy/actor/lib/test/auto/SwitchDE.xml
----------------- Instantiating /home/travis/build/icyphy/ptII/ptolemy/actor/lib/test/auto/SwitchDE.xml
4 ms. Memory: 520192K Free: 389377K (75%)
----------------- Invoking toplevel() on ptolemy.moml.MoMLSimpleApplication@2325895c
----------------- Done invoking toplevel() on ptolemy.moml.MoMLSimpleApplication@2325895c
reloadAllAccessors: .SwitchDE

===========================================================================================
----------------- testing Sat May 09 14:20:43 UTC 2020 /home/travis/build/icyphy/ptII/ptolemy/actor/lib/test/auto/SynchronizerDE.xml
----------------- Instantiating /home/travis/build/icyphy/ptII/ptolemy/actor/lib/test/auto/SynchronizerDE.xml
5 ms. Memory: 520192K Free: 381185K (73%)
----------------- Invoking toplevel() on ptolemy.moml.MoMLSimpleApplication@782f56b2
----------------- Done invoking toplevel() on ptolemy.moml.MoMLSimpleApplication@782f56b2
reloadAllAccessors: .SynchronizerDE

===========================================================================================
----------------- testing Sat May 09 14:20:43 UTC 2020 /home/travis/build/icyphy/ptII/ptolemy/actor/lib/test/auto/Test.xml
----------------- Instantiating /home/travis/build/icyphy/ptII/ptolemy/actor/lib/test/auto/Test.xml
8 ms. Memory: 520192K Free: 376065K (72%)
----------------- Invoking toplevel() on ptolemy.moml.MoMLSimpleApplication@9128665
----------------- Done invoking toplevel() on ptolemy.moml.MoMLSimpleApplication@9128665
reloadAllAccessors: .Test

===========================================================================================
----------------- testing Sat May 09 14:20:43 UTC 2020 /home/travis/build/icyphy/ptII/ptolemy/actor/lib/test/auto/TestExceptionAttribute1.xml
----------------- Instantiating /home/travis/build/icyphy/ptII/ptolemy/actor/lib/test/auto/TestExceptionAttribute1.xml
0 ms. Memory: 520192K Free: 372514K (72%)
----------------- Invoking toplevel() on ptolemy.moml.MoMLSimpleApplication@2816c301
----------------- Done invoking toplevel() on ptolemy.moml.MoMLSimpleApplication@2816c301
reloadAllAccessors: .TestExceptionAttribute1

===========================================================================================
----------------- testing Sat May 09 14:20:43 UTC 2020 /home/travis/build/icyphy/ptII/ptolemy/actor/lib/test/auto/TestExceptionAttribute2.xml
----------------- Instantiating /home/travis/build/icyphy/ptII/ptolemy/actor/lib/test/auto/TestExceptionAttribute2.xml
1 ms. Memory: 520192K Free: 368418K (71%)
----------------- Invoking toplevel() on ptolemy.moml.MoMLSimpleApplication@14397e2d
----------------- Done invoking toplevel() on ptolemy.moml.MoMLSimpleApplication@14397e2d
reloadAllAccessors: .TestExceptionAttribute2

===========================================================================================
----------------- testing Sat May 09 14:20:43 UTC 2020 /home/travis/build/icyphy/ptII/ptolemy/actor/lib/test/auto/TestExceptionAttribute3.xml
----------------- Instantiating /home/travis/build/icyphy/ptII/ptolemy/actor/lib/test/auto/TestExceptionAttribute3.xml
.TestExceptionAttribute3.TestExceptionAttribute: initialize() was not invoked, but wrapup() was.  This is unusual, but not always a problem.  For example, exporting JNLP will do this.
0 ms. Memory: 520192K Free: 364832K (70%)
----------------- Invoking toplevel() on ptolemy.moml.MoMLSimpleApplication@a0bb073
----------------- Done invoking toplevel() on ptolemy.moml.MoMLSimpleApplication@a0bb073
reloadAllAccessors: .TestExceptionAttribute3

===========================================================================================
----------------- testing Sat May 09 14:20:43 UTC 2020 /home/travis/build/icyphy/ptII/ptolemy/actor/lib/test/auto/TestExceptionAttribute4.xml
----------------- Instantiating /home/travis/build/icyphy/ptII/ptolemy/actor/lib/test/auto/TestExceptionAttribute4.xml
.TestExceptionAttribute4.TestExceptionAttribute: initialize() was not invoked, but wrapup() was.  This is unusual, but not always a problem.  For example, exporting JNLP will do this.
.TestExceptionAttribute4.TestExceptionAttribute2: initialize() was not invoked, but wrapup() was.  This is unusual, but not always a problem.  For example, exporting JNLP will do this.
1 ms. Memory: 520192K Free: 360736K (69%)
----------------- Invoking toplevel() on ptolemy.moml.MoMLSimpleApplication@113a3a1b
----------------- Done invoking toplevel() on ptolemy.moml.MoMLSimpleApplication@113a3a1b
reloadAllAccessors: .TestExceptionAttribute4

===========================================================================================
----------------- testing Sat May 09 14:20:43 UTC 2020 /home/travis/build/icyphy/ptII/ptolemy/actor/lib/test/auto/TestExceptionHandler1.xml
----------------- Instantiating /home/travis/build/icyphy/ptII/ptolemy/actor/lib/test/auto/TestExceptionHandler1.xml
0 ms. Memory: 520192K Free: 357154K (69%)
----------------- Invoking toplevel() on ptolemy.moml.MoMLSimpleApplication@1b9161b8
----------------- Done invoking toplevel() on ptolemy.moml.MoMLSimpleApplication@1b9161b8
reloadAllAccessors: .TestExceptionHandler1

===========================================================================================
----------------- testing Sat May 09 14:20:43 UTC 2020 /home/travis/build/icyphy/ptII/ptolemy/actor/lib/test/auto/TestExceptionHandler2.xml
----------------- Instantiating /home/travis/build/icyphy/ptII/ptolemy/actor/lib/test/auto/TestExceptionHandler2.xml
1 ms. Memory: 520192K Free: 353058K (68%)
----------------- Invoking toplevel() on ptolemy.moml.MoMLSimpleApplication@266c27aa
----------------- Done invoking toplevel() on ptolemy.moml.MoMLSimpleApplication@266c27aa
reloadAllAccessors: .TestExceptionHandler2

===========================================================================================
----------------- testing Sat May 09 14:20:43 UTC 2020 /home/travis/build/icyphy/ptII/ptolemy/actor/lib/test/auto/TestExceptionHandler3.xml
----------------- Instantiating /home/travis/build/icyphy/ptII/ptolemy/actor/lib/test/auto/TestExceptionHandler3.xml
0 ms. Memory: 520192K Free: 349472K (67%)
----------------- Invoking toplevel() on ptolemy.moml.MoMLSimpleApplication@185fd358
----------------- Done invoking toplevel() on ptolemy.moml.MoMLSimpleApplication@185fd358
reloadAllAccessors: .TestExceptionHandler3

===========================================================================================
----------------- testing Sat May 09 14:20:43 UTC 2020 /home/travis/build/icyphy/ptII/ptolemy/actor/lib/test/auto/TestExceptionHandler4.xml
----------------- Instantiating /home/travis/build/icyphy/ptII/ptolemy/actor/lib/test/auto/TestExceptionHandler4.xml
1 ms. Memory: 520192K Free: 345376K (66%)
----------------- Invoking toplevel() on ptolemy.moml.MoMLSimpleApplication@ee70da0
----------------- Done invoking toplevel() on ptolemy.moml.MoMLSimpleApplication@ee70da0
reloadAllAccessors: .TestExceptionHandler4

===========================================================================================
----------------- testing Sat May 09 14:20:43 UTC 2020 /home/travis/build/icyphy/ptII/ptolemy/actor/lib/test/auto/TestRequireCorrectOrder.xml
----------------- Instantiating /home/travis/build/icyphy/ptII/ptolemy/actor/lib/test/auto/TestRequireCorrectOrder.xml
5 ms. Memory: 520192K Free: 340225K (65%)
----------------- Invoking toplevel() on ptolemy.moml.MoMLSimpleApplication@1f3a086b
----------------- Done invoking toplevel() on ptolemy.moml.MoMLSimpleApplication@1f3a086b
reloadAllAccessors: .TestRequireCorrectOrder

===========================================================================================
----------------- testing Sat May 09 14:20:43 UTC 2020 /home/travis/build/icyphy/ptII/ptolemy/actor/lib/test/auto/TestSimple.xml
----------------- Instantiating /home/travis/build/icyphy/ptII/ptolemy/actor/lib/test/auto/TestSimple.xml
1 ms. Memory: 520192K Free: 335650K (65%)
----------------- Invoking toplevel() on ptolemy.moml.MoMLSimpleApplication@28d81ab2
----------------- Done invoking toplevel() on ptolemy.moml.MoMLSimpleApplication@28d81ab2
reloadAllAccessors: .TestSimple

===========================================================================================
----------------- testing Sat May 09 14:20:43 UTC 2020 /home/travis/build/icyphy/ptII/ptolemy/actor/lib/test/auto/ThrowModelError.xml
----------------- Instantiating /home/travis/build/icyphy/ptII/ptolemy/actor/lib/test/auto/ThrowModelError.xml
1 ms. Memory: 520192K Free: 331040K (64%)
----------------- Invoking toplevel() on ptolemy.moml.MoMLSimpleApplication@441f47fe
----------------- Done invoking toplevel() on ptolemy.moml.MoMLSimpleApplication@441f47fe
reloadAllAccessors: .ThrowModelError

===========================================================================================
----------------- testing Sat May 09 14:20:43 UTC 2020 /home/travis/build/icyphy/ptII/ptolemy/actor/lib/test/auto/TimeDelayMicrosteps.xml
----------------- Instantiating /home/travis/build/icyphy/ptII/ptolemy/actor/lib/test/auto/TimeDelayMicrosteps.xml
4 ms. Memory: 520192K Free: 324386K (62%)
----------------- Invoking toplevel() on ptolemy.moml.MoMLSimpleApplication@14793b9a
----------------- Done invoking toplevel() on ptolemy.moml.MoMLSimpleApplication@14793b9a
reloadAllAccessors: .TimeDelayMicrosteps

===========================================================================================
----------------- testing Sat May 09 14:20:43 UTC 2020 /home/travis/build/icyphy/ptII/ptolemy/actor/lib/test/auto/TimeDelayMicrosteps2.xml
----------------- Instantiating /home/travis/build/icyphy/ptII/ptolemy/actor/lib/test/auto/TimeDelayMicrosteps2.xml
2 ms. Memory: 520192K Free: 316673K (61%)
----------------- Invoking toplevel() on ptolemy.moml.MoMLSimpleApplication@4ac98617
----------------- Done invoking toplevel() on ptolemy.moml.MoMLSimpleApplication@4ac98617
reloadAllAccessors: .TimeDelayMicrosteps2

===========================================================================================
----------------- testing Sat May 09 14:20:43 UTC 2020 /home/travis/build/icyphy/ptII/ptolemy/actor/lib/test/auto/TimeDelayMicrosteps3.xml
----------------- Instantiating /home/travis/build/icyphy/ptII/ptolemy/actor/lib/test/auto/TimeDelayMicrosteps3.xml
2 ms. Memory: 520192K Free: 310050K (60%)
----------------- Invoking toplevel() on ptolemy.moml.MoMLSimpleApplication@7f075575
----------------- Done invoking toplevel() on ptolemy.moml.MoMLSimpleApplication@7f075575
reloadAllAccessors: .TimeDelayMicrosteps3

===========================================================================================
----------------- testing Sat May 09 14:20:43 UTC 2020 /home/travis/build/icyphy/ptII/ptolemy/actor/lib/test/auto/TimeDelayVariableMicrosteps.xml
----------------- Instantiating /home/travis/build/icyphy/ptII/ptolemy/actor/lib/test/auto/TimeDelayVariableMicrosteps.xml
3 ms. Memory: 520192K Free: 303392K (58%)
----------------- Invoking toplevel() on ptolemy.moml.MoMLSimpleApplication@3f80efef
----------------- Done invoking toplevel() on ptolemy.moml.MoMLSimpleApplication@3f80efef
reloadAllAccessors: .TimeDelayVariableMicrosteps

===========================================================================================
----------------- testing Sat May 09 14:20:43 UTC 2020 /home/travis/build/icyphy/ptII/ptolemy/actor/lib/test/auto/TimeGap.xml
----------------- Instantiating /home/travis/build/icyphy/ptII/ptolemy/actor/lib/test/auto/TimeGap.xml
3 ms. Memory: 520192K Free: 298265K (57%)
----------------- Invoking toplevel() on ptolemy.moml.MoMLSimpleApplication@2e7e2865
----------------- Done invoking toplevel() on ptolemy.moml.MoMLSimpleApplication@2e7e2865
reloadAllAccessors: .TimeGap

===========================================================================================
----------------- testing Sat May 09 14:20:43 UTC 2020 /home/travis/build/icyphy/ptII/ptolemy/actor/lib/test/auto/TimeGap2.xml
----------------- Instantiating /home/travis/build/icyphy/ptII/ptolemy/actor/lib/test/auto/TimeGap2.xml
1 ms. Memory: 520192K Free: 292097K (56%)
----------------- Invoking toplevel() on ptolemy.moml.MoMLSimpleApplication@5bb3ecf9
----------------- Done invoking toplevel() on ptolemy.moml.MoMLSimpleApplication@5bb3ecf9
reloadAllAccessors: .TimeGap2

===========================================================================================
----------------- testing Sat May 09 14:20:43 UTC 2020 /home/travis/build/icyphy/ptII/ptolemy/actor/lib/test/auto/TimedSinewave.xml
----------------- Instantiating /home/travis/build/icyphy/ptII/ptolemy/actor/lib/test/auto/TimedSinewave.xml
18 ms. Memory: 520192K Free: 278306K (54%)
----------------- Invoking toplevel() on ptolemy.moml.MoMLSimpleApplication@688efc60
----------------- Done invoking toplevel() on ptolemy.moml.MoMLSimpleApplication@688efc60
reloadAllAccessors: .TimedSinewave

===========================================================================================
----------------- testing Sat May 09 14:20:43 UTC 2020 /home/travis/build/icyphy/ptII/ptolemy/actor/lib/test/auto/TimedSinewavePhase.xml
----------------- Instantiating /home/travis/build/icyphy/ptII/ptolemy/actor/lib/test/auto/TimedSinewavePhase.xml
8 ms. Memory: 520192K Free: 268576K (52%)
----------------- Invoking toplevel() on ptolemy.moml.MoMLSimpleApplication@48c07c16
----------------- Done invoking toplevel() on ptolemy.moml.MoMLSimpleApplication@48c07c16
reloadAllAccessors: .TimedSinewavePhase

===========================================================================================
----------------- testing Sat May 09 14:20:43 UTC 2020 /home/travis/build/icyphy/ptII/ptolemy/actor/lib/test/auto/Timer.xml
----------------- Instantiating /home/travis/build/icyphy/ptII/ptolemy/actor/lib/test/auto/Timer.xml
2 ms. Memory: 520192K Free: 262401K (50%)
----------------- Invoking toplevel() on ptolemy.moml.MoMLSimpleApplication@7e018ee6
----------------- Done invoking toplevel() on ptolemy.moml.MoMLSimpleApplication@7e018ee6
reloadAllAccessors: .Timer

===========================================================================================
----------------- testing Sat May 09 14:20:43 UTC 2020 /home/travis/build/icyphy/ptII/ptolemy/actor/lib/test/auto/TriangularDistTestModel.xml
----------------- Instantiating /home/travis/build/icyphy/ptII/ptolemy/actor/lib/test/auto/TriangularDistTestModel.xml
2 ms. Memory: 520192K Free: 256802K (49%)
----------------- Invoking toplevel() on ptolemy.moml.MoMLSimpleApplication@4a02be69
----------------- Done invoking toplevel() on ptolemy.moml.MoMLSimpleApplication@4a02be69
reloadAllAccessors: .TriangularDistTestModel

===========================================================================================
----------------- testing Sat May 09 14:20:43 UTC 2020 /home/travis/build/icyphy/ptII/ptolemy/actor/lib/test/auto/TrigFunction.xml
----------------- Instantiating /home/travis/build/icyphy/ptII/ptolemy/actor/lib/test/auto/TrigFunction.xml
1 ms. Memory: 520192K Free: 252192K (48%)
----------------- Invoking toplevel() on ptolemy.moml.MoMLSimpleApplication@239ba6b
----------------- Done invoking toplevel() on ptolemy.moml.MoMLSimpleApplication@239ba6b
reloadAllAccessors: .TrigFunction

===========================================================================================
----------------- testing Sat May 09 14:20:43 UTC 2020 /home/travis/build/icyphy/ptII/ptolemy/actor/lib/test/auto/TrigFunctionDE.xml
----------------- Instantiating /home/travis/build/icyphy/ptII/ptolemy/actor/lib/test/auto/TrigFunctionDE.xml
1 ms. Memory: 520192K Free: 246048K (47%)
----------------- Invoking toplevel() on ptolemy.moml.MoMLSimpleApplication@704658b6
----------------- Done invoking toplevel() on ptolemy.moml.MoMLSimpleApplication@704658b6
reloadAllAccessors: .TrigFunctionDE

===========================================================================================
----------------- testing Sat May 09 14:20:43 UTC 2020 /home/travis/build/icyphy/ptII/ptolemy/actor/lib/test/auto/TrigFunctionInverse.xml
----------------- Instantiating /home/travis/build/icyphy/ptII/ptolemy/actor/lib/test/auto/TrigFunctionInverse.xml
2 ms. Memory: 520192K Free: 240928K (46%)
----------------- Invoking toplevel() on ptolemy.moml.MoMLSimpleApplication@7d4dffae
----------------- Done invoking toplevel() on ptolemy.moml.MoMLSimpleApplication@7d4dffae
reloadAllAccessors: .TrigFunctionInverse

===========================================================================================
----------------- testing Sat May 09 14:20:43 UTC 2020 /home/travis/build/icyphy/ptII/ptolemy/actor/lib/test/auto/TrigFunctionTan.xml
----------------- Instantiating /home/travis/build/icyphy/ptII/ptolemy/actor/lib/test/auto/TrigFunctionTan.xml
1 ms. Memory: 520192K Free: 236832K (46%)
----------------- Invoking toplevel() on ptolemy.moml.MoMLSimpleApplication@693df382
----------------- Done invoking toplevel() on ptolemy.moml.MoMLSimpleApplication@693df382
reloadAllAccessors: .TrigFunctionTan

===========================================================================================
----------------- testing Sat May 09 14:20:43 UTC 2020 /home/travis/build/icyphy/ptII/ptolemy/actor/lib/test/auto/TriggeredClock.xml
----------------- Instantiating /home/travis/build/icyphy/ptII/ptolemy/actor/lib/test/auto/TriggeredClock.xml
1 ms. Memory: 520192K Free: 231705K (45%)
----------------- Invoking toplevel() on ptolemy.moml.MoMLSimpleApplication@72cb8256
----------------- Done invoking toplevel() on ptolemy.moml.MoMLSimpleApplication@72cb8256
reloadAllAccessors: .TriggeredClock

===========================================================================================
----------------- testing Sat May 09 14:20:43 UTC 2020 /home/travis/build/icyphy/ptII/ptolemy/actor/lib/test/auto/URLDirectoryReader.xml
----------------- Instantiating /home/travis/build/icyphy/ptII/ptolemy/actor/lib/test/auto/URLDirectoryReader.xml
38 ms. Memory: 520192K Free: 222496K (43%)
----------------- Invoking toplevel() on ptolemy.moml.MoMLSimpleApplication@2696f338
----------------- Done invoking toplevel() on ptolemy.moml.MoMLSimpleApplication@2696f338
reloadAllAccessors: .URLDirectoryReader

===========================================================================================
----------------- testing Sat May 09 14:20:43 UTC 2020 /home/travis/build/icyphy/ptII/ptolemy/actor/lib/test/auto/URLDirectoryReader3.xml
----------------- Instantiating /home/travis/build/icyphy/ptII/ptolemy/actor/lib/test/auto/URLDirectoryReader3.xml
1352 ms. Memory: 520192K Free: 460177K (88%)
----------------- Invoking toplevel() on ptolemy.moml.MoMLSimpleApplication@6d24cf3a
----------------- Done invoking toplevel() on ptolemy.moml.MoMLSimpleApplication@6d24cf3a
reloadAllAccessors: .URLDirectoryReader3

===========================================================================================
----------------- testing Sat May 09 14:20:45 UTC 2020 /home/travis/build/icyphy/ptII/ptolemy/actor/lib/test/auto/UnaryMathFunction.xml
----------------- Instantiating /home/travis/build/icyphy/ptII/ptolemy/actor/lib/test/auto/UnaryMathFunction.xml
2 ms. Memory: 520192K Free: 452361K (87%)
----------------- Invoking toplevel() on ptolemy.moml.MoMLSimpleApplication@6cf46bf
----------------- Done invoking toplevel() on ptolemy.moml.MoMLSimpleApplication@6cf46bf
reloadAllAccessors: .UnaryMathFunction

===========================================================================================
----------------- testing Sat May 09 14:20:45 UTC 2020 /home/travis/build/icyphy/ptII/ptolemy/actor/lib/test/auto/Uniform.xml
----------------- Instantiating /home/travis/build/icyphy/ptII/ptolemy/actor/lib/test/auto/Uniform.xml
4 ms. Memory: 520192K Free: 447751K (86%)
----------------- Invoking toplevel() on ptolemy.moml.MoMLSimpleApplication@1084160
----------------- Done invoking toplevel() on ptolemy.moml.MoMLSimpleApplication@1084160
reloadAllAccessors: .Uniform

===========================================================================================
----------------- testing Sat May 09 14:20:45 UTC 2020 /home/travis/build/icyphy/ptII/ptolemy/actor/lib/test/auto/UnionDisassemblerTest.xml
----------------- Instantiating /home/travis/build/icyphy/ptII/ptolemy/actor/lib/test/auto/UnionDisassemblerTest.xml
15 ms. Memory: 520192K Free: 443625K (85%)
----------------- Invoking toplevel() on ptolemy.moml.MoMLSimpleApplication@4fbb1040
----------------- Done invoking toplevel() on ptolemy.moml.MoMLSimpleApplication@4fbb1040
reloadAllAccessors: .UnionDisassemblerTest

===========================================================================================
----------------- testing Sat May 09 14:20:45 UTC 2020 /home/travis/build/icyphy/ptII/ptolemy/actor/lib/test/auto/UtilityFunctions.xml
----------------- Instantiating /home/travis/build/icyphy/ptII/ptolemy/actor/lib/test/auto/UtilityFunctions.xml
1 ms. Memory: 520192K Free: 439559K (84%)
----------------- Invoking toplevel() on ptolemy.moml.MoMLSimpleApplication@7dd49bd1
----------------- Done invoking toplevel() on ptolemy.moml.MoMLSimpleApplication@7dd49bd1
reloadAllAccessors: .UtilityFunctions

===========================================================================================
----------------- testing Sat May 09 14:20:45 UTC 2020 /home/travis/build/icyphy/ptII/ptolemy/actor/lib/test/auto/VariableSleep.xml
----------------- Instantiating /home/travis/build/icyphy/ptII/ptolemy/actor/lib/test/auto/VariableSleep.xml
503 ms. Memory: 520192K Free: 434439K (84%)
----------------- Invoking toplevel() on ptolemy.moml.MoMLSimpleApplication@414bfc0b
----------------- Done invoking toplevel() on ptolemy.moml.MoMLSimpleApplication@414bfc0b
reloadAllAccessors: .VariableSleep

===========================================================================================
----------------- testing Sat May 09 14:20:46 UTC 2020 /home/travis/build/icyphy/ptII/ptolemy/actor/lib/test/auto/VectorAssemblerDisassemblerCT.xml
----------------- Instantiating /home/travis/build/icyphy/ptII/ptolemy/actor/lib/test/auto/VectorAssemblerDisassemblerCT.xml
108 ms. Memory: 520192K Free: 413959K (80%)
----------------- Invoking toplevel() on ptolemy.moml.MoMLSimpleApplication@7884ae9a
----------------- Done invoking toplevel() on ptolemy.moml.MoMLSimpleApplication@7884ae9a
reloadAllAccessors: .VectorAssemblerDisassemblerCT

===========================================================================================
----------------- testing Sat May 09 14:20:46 UTC 2020 /home/travis/build/icyphy/ptII/ptolemy/actor/lib/test/auto/VectorAssemblerDisassemblerDE.xml
----------------- Instantiating /home/travis/build/icyphy/ptII/ptolemy/actor/lib/test/auto/VectorAssemblerDisassemblerDE.xml
4 ms. Memory: 520192K Free: 406791K (78%)
----------------- Invoking toplevel() on ptolemy.moml.MoMLSimpleApplication@72a637f5
----------------- Done invoking toplevel() on ptolemy.moml.MoMLSimpleApplication@72a637f5
reloadAllAccessors: .VectorAssemblerDisassemblerDE

===========================================================================================
----------------- testing Sat May 09 14:20:46 UTC 2020 /home/travis/build/icyphy/ptII/ptolemy/actor/lib/test/auto/VectorAssemblerDisassemblerSDF.xml
----------------- Instantiating /home/travis/build/icyphy/ptII/ptolemy/actor/lib/test/auto/VectorAssemblerDisassemblerSDF.xml
3 ms. Memory: 520192K Free: 400647K (77%)
----------------- Invoking toplevel() on ptolemy.moml.MoMLSimpleApplication@44c0c5f4
----------------- Done invoking toplevel() on ptolemy.moml.MoMLSimpleApplication@44c0c5f4
reloadAllAccessors: .VectorAssemblerDisassemblerSDF

===========================================================================================
----------------- testing Sat May 09 14:20:46 UTC 2020 /home/travis/build/icyphy/ptII/ptolemy/actor/lib/test/auto/WallClockTime.xml
----------------- Instantiating /home/travis/build/icyphy/ptII/ptolemy/actor/lib/test/auto/WallClockTime.xml
1005 ms. Memory: 520192K Free: 395017K (76%)
----------------- Invoking toplevel() on ptolemy.moml.MoMLSimpleApplication@14a3c213
----------------- Done invoking toplevel() on ptolemy.moml.MoMLSimpleApplication@14a3c213
reloadAllAccessors: .WallClockTime

===========================================================================================
----------------- testing Sat May 09 14:20:47 UTC 2020 /home/travis/build/icyphy/ptII/ptolemy/actor/lib/test/auto/WidthTestWithSubscriberPublisher.xml
----------------- Instantiating /home/travis/build/icyphy/ptII/ptolemy/actor/lib/test/auto/WidthTestWithSubscriberPublisher.xml
7 ms. Memory: 520192K Free: 377095K (72%)
----------------- Invoking toplevel() on ptolemy.moml.MoMLSimpleApplication@7c88317e
----------------- Done invoking toplevel() on ptolemy.moml.MoMLSimpleApplication@7c88317e
reloadAllAccessors: .WidthTestWithSubscriberPublisher

===========================================================================================
----------------- testing Sat May 09 14:20:47 UTC 2020 /home/travis/build/icyphy/ptII/ptolemy/actor/lib/test/auto/WidthTestWithSubscriberPublisher2.xml
----------------- Instantiating /home/travis/build/icyphy/ptII/ptolemy/actor/lib/test/auto/WidthTestWithSubscriberPublisher2.xml
2 ms. Memory: 520192K Free: 370951K (71%)
----------------- Invoking toplevel() on ptolemy.moml.MoMLSimpleApplication@24e1076
----------------- Done invoking toplevel() on ptolemy.moml.MoMLSimpleApplication@24e1076
reloadAllAccessors: .WidthTestWithSubscriberPublisher2

===========================================================================================
----------------- testing Sat May 09 14:20:47 UTC 2020 /home/travis/build/icyphy/ptII/ptolemy/actor/lib/test/auto/WidthTestWithSubscriberPublisher3.xml
----------------- Instantiating /home/travis/build/icyphy/ptII/ptolemy/actor/lib/test/auto/WidthTestWithSubscriberPublisher3.xml
2 ms. Memory: 520192K Free: 364807K (70%)
----------------- Invoking toplevel() on ptolemy.moml.MoMLSimpleApplication@66dbb7d8
----------------- Done invoking toplevel() on ptolemy.moml.MoMLSimpleApplication@66dbb7d8
reloadAllAccessors: .WidthTestWithSubscriberPublisher3

===========================================================================================
----------------- testing Sat May 09 14:20:47 UTC 2020 /home/travis/build/icyphy/ptII/ptolemy/actor/lib/test/auto/Writer.xml
----------------- Instantiating /home/travis/build/icyphy/ptII/ptolemy/actor/lib/test/auto/Writer.xml
0
1
2
3
4
1 ms. Memory: 520192K Free: 360697K (69%)
----------------- Invoking toplevel() on ptolemy.moml.MoMLSimpleApplication@125e2b4f
----------------- Done invoking toplevel() on ptolemy.moml.MoMLSimpleApplication@125e2b4f
reloadAllAccessors: .Writer

===========================================================================================
----------------- testing Sat May 09 14:20:47 UTC 2020 /home/travis/build/icyphy/ptII/ptolemy/actor/lib/test/auto/array.xml
----------------- Instantiating /home/travis/build/icyphy/ptII/ptolemy/actor/lib/test/auto/array.xml
1 ms. Memory: 520192K Free: 356105K (68%)
----------------- Invoking toplevel() on ptolemy.moml.MoMLSimpleApplication@3571bbc9
----------------- Done invoking toplevel() on ptolemy.moml.MoMLSimpleApplication@3571bbc9
reloadAllAccessors: .array

===========================================================================================
----------------- testing Sat May 09 14:20:47 UTC 2020 /home/travis/build/icyphy/ptII/ptolemy/actor/lib/test/auto/array2.xml
----------------- Instantiating /home/travis/build/icyphy/ptII/ptolemy/actor/lib/test/auto/array2.xml
4 ms. Memory: 520192K Free: 350985K (67%)
----------------- Invoking toplevel() on ptolemy.moml.MoMLSimpleApplication@550459b9
----------------- Done invoking toplevel() on ptolemy.moml.MoMLSimpleApplication@550459b9
reloadAllAccessors: .array2

===========================================================================================
----------------- testing Sat May 09 14:20:47 UTC 2020 /home/travis/build/icyphy/ptII/ptolemy/actor/lib/test/auto/arrayType.xml
----------------- Instantiating /home/travis/build/icyphy/ptII/ptolemy/actor/lib/test/auto/arrayType.xml
5 ms. Memory: 520192K Free: 345865K (66%)
----------------- Invoking toplevel() on ptolemy.moml.MoMLSimpleApplication@6a5061d4
----------------- Done invoking toplevel() on ptolemy.moml.MoMLSimpleApplication@6a5061d4
reloadAllAccessors: .arrayType

===========================================================================================
----------------- testing Sat May 09 14:20:47 UTC 2020 /home/travis/build/icyphy/ptII/ptolemy/actor/lib/test/auto/arrayType10.xml
----------------- Instantiating /home/travis/build/icyphy/ptII/ptolemy/actor/lib/test/auto/arrayType10.xml
1 ms. Memory: 520192K Free: 340745K (66%)
----------------- Invoking toplevel() on ptolemy.moml.MoMLSimpleApplication@2261e
----------------- Done invoking toplevel() on ptolemy.moml.MoMLSimpleApplication@2261e
reloadAllAccessors: .arrayType10

===========================================================================================
----------------- testing Sat May 09 14:20:47 UTC 2020 /home/travis/build/icyphy/ptII/ptolemy/actor/lib/test/auto/arrayType11.xml
----------------- Instantiating /home/travis/build/icyphy/ptII/ptolemy/actor/lib/test/auto/arrayType11.xml
1 ms. Memory: 520192K Free: 336135K (65%)
----------------- Invoking toplevel() on ptolemy.moml.MoMLSimpleApplication@22b38875
----------------- Done invoking toplevel() on ptolemy.moml.MoMLSimpleApplication@22b38875
reloadAllAccessors: .arrayType11

===========================================================================================
----------------- testing Sat May 09 14:20:47 UTC 2020 /home/travis/build/icyphy/ptII/ptolemy/actor/lib/test/auto/arrayType12.xml
----------------- Instantiating /home/travis/build/icyphy/ptII/ptolemy/actor/lib/test/auto/arrayType12.xml
1 ms. Memory: 520192K Free: 331529K (64%)
----------------- Invoking toplevel() on ptolemy.moml.MoMLSimpleApplication@5505dedf
----------------- Done invoking toplevel() on ptolemy.moml.MoMLSimpleApplication@5505dedf
reloadAllAccessors: .arrayType12

===========================================================================================
----------------- testing Sat May 09 14:20:47 UTC 2020 /home/travis/build/icyphy/ptII/ptolemy/actor/lib/test/auto/arrayType13.xml
----------------- Instantiating /home/travis/build/icyphy/ptII/ptolemy/actor/lib/test/auto/arrayType13.xml
1 ms. Memory: 520192K Free: 325895K (63%)
----------------- Invoking toplevel() on ptolemy.moml.MoMLSimpleApplication@6dcf627d
----------------- Done invoking toplevel() on ptolemy.moml.MoMLSimpleApplication@6dcf627d
reloadAllAccessors: .arrayType13

===========================================================================================
----------------- testing Sat May 09 14:20:47 UTC 2020 /home/travis/build/icyphy/ptII/ptolemy/actor/lib/test/auto/arrayType14.xml
----------------- Instantiating /home/travis/build/icyphy/ptII/ptolemy/actor/lib/test/auto/arrayType14.xml
1 ms. Memory: 520192K Free: 320775K (62%)
----------------- Invoking toplevel() on ptolemy.moml.MoMLSimpleApplication@6070bebe
----------------- Done invoking toplevel() on ptolemy.moml.MoMLSimpleApplication@6070bebe
reloadAllAccessors: .arrayType14

===========================================================================================
----------------- testing Sat May 09 14:20:47 UTC 2020 /home/travis/build/icyphy/ptII/ptolemy/actor/lib/test/auto/arrayType15.xml
----------------- Instantiating /home/travis/build/icyphy/ptII/ptolemy/actor/lib/test/auto/arrayType15.xml
2 ms. Memory: 520192K Free: 315655K (61%)
----------------- Invoking toplevel() on ptolemy.moml.MoMLSimpleApplication@721f42c4
----------------- Done invoking toplevel() on ptolemy.moml.MoMLSimpleApplication@721f42c4
reloadAllAccessors: .arrayType15

===========================================================================================
----------------- testing Sat May 09 14:20:47 UTC 2020 /home/travis/build/icyphy/ptII/ptolemy/actor/lib/test/auto/arrayType16.xml
----------------- Instantiating /home/travis/build/icyphy/ptII/ptolemy/actor/lib/test/auto/arrayType16.xml
1 ms. Memory: 520192K Free: 310025K (60%)
----------------- Invoking toplevel() on ptolemy.moml.MoMLSimpleApplication@4836575d
----------------- Done invoking toplevel() on ptolemy.moml.MoMLSimpleApplication@4836575d
reloadAllAccessors: .arrayType16

===========================================================================================
----------------- testing Sat May 09 14:20:47 UTC 2020 /home/travis/build/icyphy/ptII/ptolemy/actor/lib/test/auto/arrayType17.xml
----------------- Instantiating /home/travis/build/icyphy/ptII/ptolemy/actor/lib/test/auto/arrayType17.xml
1 ms. Memory: 520192K Free: 303881K (58%)
----------------- Invoking toplevel() on ptolemy.moml.MoMLSimpleApplication@4798b1e3
----------------- Done invoking toplevel() on ptolemy.moml.MoMLSimpleApplication@4798b1e3
reloadAllAccessors: .arrayType17

===========================================================================================
----------------- testing Sat May 09 14:20:47 UTC 2020 /home/travis/build/icyphy/ptII/ptolemy/actor/lib/test/auto/arrayType18.xml
----------------- Instantiating /home/travis/build/icyphy/ptII/ptolemy/actor/lib/test/auto/arrayType18.xml
1 ms. Memory: 520192K Free: 299271K (58%)
----------------- Invoking toplevel() on ptolemy.moml.MoMLSimpleApplication@4b0a26fd
----------------- Done invoking toplevel() on ptolemy.moml.MoMLSimpleApplication@4b0a26fd
reloadAllAccessors: .arrayType18

===========================================================================================
----------------- testing Sat May 09 14:20:47 UTC 2020 /home/travis/build/icyphy/ptII/ptolemy/actor/lib/test/auto/arrayType19.xml
----------------- Instantiating /home/travis/build/icyphy/ptII/ptolemy/actor/lib/test/auto/arrayType19.xml
1 ms. Memory: 520192K Free: 294151K (57%)
----------------- Invoking toplevel() on ptolemy.moml.MoMLSimpleApplication@701bb1e5
----------------- Done invoking toplevel() on ptolemy.moml.MoMLSimpleApplication@701bb1e5
reloadAllAccessors: .arrayType19

===========================================================================================
----------------- testing Sat May 09 14:20:47 UTC 2020 /home/travis/build/icyphy/ptII/ptolemy/actor/lib/test/auto/arrayType2.xml
----------------- Instantiating /home/travis/build/icyphy/ptII/ptolemy/actor/lib/test/auto/arrayType2.xml
1 ms. Memory: 520192K Free: 289031K (56%)
----------------- Invoking toplevel() on ptolemy.moml.MoMLSimpleApplication@29057000
----------------- Done invoking toplevel() on ptolemy.moml.MoMLSimpleApplication@29057000
reloadAllAccessors: .arrayType2

===========================================================================================
----------------- testing Sat May 09 14:20:47 UTC 2020 /home/travis/build/icyphy/ptII/ptolemy/actor/lib/test/auto/arrayType20.xml
----------------- Instantiating /home/travis/build/icyphy/ptII/ptolemy/actor/lib/test/auto/arrayType20.xml
1 ms. Memory: 520192K Free: 283911K (55%)
----------------- Invoking toplevel() on ptolemy.moml.MoMLSimpleApplication@2fb46b02
----------------- Done invoking toplevel() on ptolemy.moml.MoMLSimpleApplication@2fb46b02
reloadAllAccessors: .arrayType20

===========================================================================================
----------------- testing Sat May 09 14:20:47 UTC 2020 /home/travis/build/icyphy/ptII/ptolemy/actor/lib/test/auto/arrayType21.xml
----------------- Instantiating /home/travis/build/icyphy/ptII/ptolemy/actor/lib/test/auto/arrayType21.xml
1 ms. Memory: 520192K Free: 279305K (54%)
----------------- Invoking toplevel() on ptolemy.moml.MoMLSimpleApplication@49735db8
----------------- Done invoking toplevel() on ptolemy.moml.MoMLSimpleApplication@49735db8
reloadAllAccessors: .arrayType21

===========================================================================================
----------------- testing Sat May 09 14:20:47 UTC 2020 /home/travis/build/icyphy/ptII/ptolemy/actor/lib/test/auto/arrayType22.xml
----------------- Instantiating /home/travis/build/icyphy/ptII/ptolemy/actor/lib/test/auto/arrayType22.xml
1 ms. Memory: 520192K Free: 274695K (53%)
----------------- Invoking toplevel() on ptolemy.moml.MoMLSimpleApplication@494d4841
----------------- Done invoking toplevel() on ptolemy.moml.MoMLSimpleApplication@494d4841
reloadAllAccessors: .arrayType22

===========================================================================================
----------------- testing Sat May 09 14:20:47 UTC 2020 /home/travis/build/icyphy/ptII/ptolemy/actor/lib/test/auto/arrayType23.xml
----------------- Instantiating /home/travis/build/icyphy/ptII/ptolemy/actor/lib/test/auto/arrayType23.xml
1 ms. Memory: 520192K Free: 269575K (52%)
----------------- Invoking toplevel() on ptolemy.moml.MoMLSimpleApplication@15d23b2c
----------------- Done invoking toplevel() on ptolemy.moml.MoMLSimpleApplication@15d23b2c
reloadAllAccessors: .arrayType23

===========================================================================================
----------------- testing Sat May 09 14:20:47 UTC 2020 /home/travis/build/icyphy/ptII/ptolemy/actor/lib/test/auto/arrayType24.xml
----------------- Instantiating /home/travis/build/icyphy/ptII/ptolemy/actor/lib/test/auto/arrayType24.xml
4 ms. Memory: 520192K Free: 264969K (51%)
----------------- Invoking toplevel() on ptolemy.moml.MoMLSimpleApplication@17e06213
----------------- Done invoking toplevel() on ptolemy.moml.MoMLSimpleApplication@17e06213
reloadAllAccessors: .arrayType24

===========================================================================================
----------------- testing Sat May 09 14:20:47 UTC 2020 /home/travis/build/icyphy/ptII/ptolemy/actor/lib/test/auto/arrayType25.xml
----------------- Instantiating /home/travis/build/icyphy/ptII/ptolemy/actor/lib/test/auto/arrayType25.xml
1 ms. Memory: 520192K Free: 259335K (50%)
----------------- Invoking toplevel() on ptolemy.moml.MoMLSimpleApplication@5d2c692c
----------------- Done invoking toplevel() on ptolemy.moml.MoMLSimpleApplication@5d2c692c
reloadAllAccessors: .arrayType25

===========================================================================================
----------------- testing Sat May 09 14:20:47 UTC 2020 /home/travis/build/icyphy/ptII/ptolemy/actor/lib/test/auto/arrayType26.xml
----------------- Instantiating /home/travis/build/icyphy/ptII/ptolemy/actor/lib/test/auto/arrayType26.xml
1 ms. Memory: 520192K Free: 254215K (49%)
----------------- Invoking toplevel() on ptolemy.moml.MoMLSimpleApplication@5851408e
----------------- Done invoking toplevel() on ptolemy.moml.MoMLSimpleApplication@5851408e
reloadAllAccessors: .arrayType26

===========================================================================================
----------------- testing Sat May 09 14:20:47 UTC 2020 /home/travis/build/icyphy/ptII/ptolemy/actor/lib/test/auto/arrayType27.xml
----------------- Instantiating /home/travis/build/icyphy/ptII/ptolemy/actor/lib/test/auto/arrayType27.xml
3 ms. Memory: 520192K Free: 249095K (48%)
----------------- Invoking toplevel() on ptolemy.moml.MoMLSimpleApplication@70b5b2dd
----------------- Done invoking toplevel() on ptolemy.moml.MoMLSimpleApplication@70b5b2dd
reloadAllAccessors: .arrayType27

===========================================================================================
----------------- testing Sat May 09 14:20:47 UTC 2020 /home/travis/build/icyphy/ptII/ptolemy/actor/lib/test/auto/arrayType28.xml
----------------- Instantiating /home/travis/build/icyphy/ptII/ptolemy/actor/lib/test/auto/arrayType28.xml
1 ms. Memory: 520192K Free: 243465K (47%)
----------------- Invoking toplevel() on ptolemy.moml.MoMLSimpleApplication@7b0de886
----------------- Done invoking toplevel() on ptolemy.moml.MoMLSimpleApplication@7b0de886
reloadAllAccessors: .arrayType28

===========================================================================================
----------------- testing Sat May 09 14:20:47 UTC 2020 /home/travis/build/icyphy/ptII/ptolemy/actor/lib/test/auto/arrayType3.xml
----------------- Instantiating /home/travis/build/icyphy/ptII/ptolemy/actor/lib/test/auto/arrayType3.xml
6 ms. Memory: 520192K Free: 238345K (46%)
----------------- Invoking toplevel() on ptolemy.moml.MoMLSimpleApplication@5a291996
----------------- Done invoking toplevel() on ptolemy.moml.MoMLSimpleApplication@5a291996
reloadAllAccessors: .arrayType3

===========================================================================================
----------------- testing Sat May 09 14:20:47 UTC 2020 /home/travis/build/icyphy/ptII/ptolemy/actor/lib/test/auto/arrayType4.xml
----------------- Instantiating /home/travis/build/icyphy/ptII/ptolemy/actor/lib/test/auto/arrayType4.xml
1 ms. Memory: 520192K Free: 232711K (45%)
----------------- Invoking toplevel() on ptolemy.moml.MoMLSimpleApplication@21a82fce
----------------- Done invoking toplevel() on ptolemy.moml.MoMLSimpleApplication@21a82fce
reloadAllAccessors: .arrayType4

===========================================================================================
----------------- testing Sat May 09 14:20:47 UTC 2020 /home/travis/build/icyphy/ptII/ptolemy/actor/lib/test/auto/arrayType5.xml
----------------- Instantiating /home/travis/build/icyphy/ptII/ptolemy/actor/lib/test/auto/arrayType5.xml
1 ms. Memory: 520192K Free: 227591K (44%)
----------------- Invoking toplevel() on ptolemy.moml.MoMLSimpleApplication@6d145af0
----------------- Done invoking toplevel() on ptolemy.moml.MoMLSimpleApplication@6d145af0
reloadAllAccessors: .arrayType5

===========================================================================================
----------------- testing Sat May 09 14:20:47 UTC 2020 /home/travis/build/icyphy/ptII/ptolemy/actor/lib/test/auto/arrayType6.xml
----------------- Instantiating /home/travis/build/icyphy/ptII/ptolemy/actor/lib/test/auto/arrayType6.xml
1 ms. Memory: 520192K Free: 222985K (43%)
----------------- Invoking toplevel() on ptolemy.moml.MoMLSimpleApplication@5421fff8
----------------- Done invoking toplevel() on ptolemy.moml.MoMLSimpleApplication@5421fff8
reloadAllAccessors: .arrayType6

===========================================================================================
----------------- testing Sat May 09 14:20:47 UTC 2020 /home/travis/build/icyphy/ptII/ptolemy/actor/lib/test/auto/arrayType7.xml
----------------- Instantiating /home/travis/build/icyphy/ptII/ptolemy/actor/lib/test/auto/arrayType7.xml
1 ms. Memory: 520192K Free: 217865K (42%)
----------------- Invoking toplevel() on ptolemy.moml.MoMLSimpleApplication@576cc691
----------------- Done invoking toplevel() on ptolemy.moml.MoMLSimpleApplication@576cc691
reloadAllAccessors: .arrayType7

===========================================================================================
----------------- testing Sat May 09 14:20:47 UTC 2020 /home/travis/build/icyphy/ptII/ptolemy/actor/lib/test/auto/arrayType8.xml
----------------- Instantiating /home/travis/build/icyphy/ptII/ptolemy/actor/lib/test/auto/arrayType8.xml
1 ms. Memory: 520192K Free: 213255K (41%)
----------------- Invoking toplevel() on ptolemy.moml.MoMLSimpleApplication@4adc88fd
----------------- Done invoking toplevel() on ptolemy.moml.MoMLSimpleApplication@4adc88fd
reloadAllAccessors: .arrayType8

===========================================================================================
----------------- testing Sat May 09 14:20:47 UTC 2020 /home/travis/build/icyphy/ptII/ptolemy/actor/lib/test/auto/arrayType9.xml
----------------- Instantiating /home/travis/build/icyphy/ptII/ptolemy/actor/lib/test/auto/arrayType9.xml
1 ms. Memory: 520192K Free: 208135K (40%)
----------------- Invoking toplevel() on ptolemy.moml.MoMLSimpleApplication@6c4b17e8
----------------- Done invoking toplevel() on ptolemy.moml.MoMLSimpleApplication@6c4b17e8
reloadAllAccessors: .arrayType9

===========================================================================================
----------------- testing Sat May 09 14:20:47 UTC 2020 /home/travis/build/icyphy/ptII/ptolemy/actor/lib/test/auto/cast.xml
----------------- Instantiating /home/travis/build/icyphy/ptII/ptolemy/actor/lib/test/auto/cast.xml
2 ms. Memory: 520192K Free: 203529K (39%)
----------------- Invoking toplevel() on ptolemy.moml.MoMLSimpleApplication@7c2e19a4
----------------- Done invoking toplevel() on ptolemy.moml.MoMLSimpleApplication@7c2e19a4
reloadAllAccessors: .cast

===========================================================================================
----------------- testing Sat May 09 14:20:47 UTC 2020 /home/travis/build/icyphy/ptII/ptolemy/actor/lib/test/auto/compositeMultiPort.xml
----------------- Instantiating /home/travis/build/icyphy/ptII/ptolemy/actor/lib/test/auto/compositeMultiPort.xml
3 ms. Memory: 520192K Free: 194313K (37%)
----------------- Invoking toplevel() on ptolemy.moml.MoMLSimpleApplication@332ddff2
----------------- Done invoking toplevel() on ptolemy.moml.MoMLSimpleApplication@332ddff2
reloadAllAccessors: .compositeMultiPort

===========================================================================================
----------------- testing Sat May 09 14:20:47 UTC 2020 /home/travis/build/icyphy/ptII/ptolemy/actor/lib/test/auto/expressionCastInference.xml
----------------- Instantiating /home/travis/build/icyphy/ptII/ptolemy/actor/lib/test/auto/expressionCastInference.xml
2 ms. Memory: 520192K Free: 189703K (36%)
----------------- Invoking toplevel() on ptolemy.moml.MoMLSimpleApplication@10e68572
----------------- Done invoking toplevel() on ptolemy.moml.MoMLSimpleApplication@10e68572
reloadAllAccessors: .expressionCastInference

===========================================================================================
----------------- testing Sat May 09 14:20:47 UTC 2020 /home/travis/build/icyphy/ptII/ptolemy/actor/lib/test/auto/expressionCastInference2.xml
----------------- Instantiating /home/travis/build/icyphy/ptII/ptolemy/actor/lib/test/auto/expressionCastInference2.xml
2 ms. Memory: 520192K Free: 185097K (36%)
----------------- Invoking toplevel() on ptolemy.moml.MoMLSimpleApplication@318bf22c
----------------- Done invoking toplevel() on ptolemy.moml.MoMLSimpleApplication@318bf22c
reloadAllAccessors: .expressionCastInference2

===========================================================================================
----------------- testing Sat May 09 14:20:47 UTC 2020 /home/travis/build/icyphy/ptII/ptolemy/actor/lib/test/auto/expressionInference.xml
----------------- Instantiating /home/travis/build/icyphy/ptII/ptolemy/actor/lib/test/auto/expressionInference.xml
1 ms. Memory: 520192K Free: 180487K (35%)
----------------- Invoking toplevel() on ptolemy.moml.MoMLSimpleApplication@40b4438f
----------------- Done invoking toplevel() on ptolemy.moml.MoMLSimpleApplication@40b4438f
reloadAllAccessors: .expressionInference

===========================================================================================
----------------- testing Sat May 09 14:20:47 UTC 2020 /home/travis/build/icyphy/ptII/ptolemy/actor/lib/test/auto/expression_bug.xml
----------------- Instantiating /home/travis/build/icyphy/ptII/ptolemy/actor/lib/test/auto/expression_bug.xml
1 ms. Memory: 520192K Free: 176391K (34%)
----------------- Invoking toplevel() on ptolemy.moml.MoMLSimpleApplication@678e68c9
----------------- Done invoking toplevel() on ptolemy.moml.MoMLSimpleApplication@678e68c9
reloadAllAccessors: .expression_bug

===========================================================================================
----------------- testing Sat May 09 14:20:47 UTC 2020 /home/travis/build/icyphy/ptII/ptolemy/actor/lib/test/auto/factorial.xml
----------------- Instantiating /home/travis/build/icyphy/ptII/ptolemy/actor/lib/test/auto/factorial.xml
32 ms. Memory: 520192K Free: 167689K (32%)
----------------- Invoking toplevel() on ptolemy.moml.MoMLSimpleApplication@6b1a957c
----------------- Done invoking toplevel() on ptolemy.moml.MoMLSimpleApplication@6b1a957c
reloadAllAccessors: .factorial

===========================================================================================
----------------- testing Sat May 09 14:20:47 UTC 2020 /home/travis/build/icyphy/ptII/ptolemy/actor/lib/test/auto/filterTest1.xml
----------------- Instantiating /home/travis/build/icyphy/ptII/ptolemy/actor/lib/test/auto/filterTest1.xml
2 ms. Memory: 520192K Free: 162041K (31%)
----------------- Invoking toplevel() on ptolemy.moml.MoMLSimpleApplication@e6376e4
----------------- Done invoking toplevel() on ptolemy.moml.MoMLSimpleApplication@e6376e4
reloadAllAccessors: .filterTest1

===========================================================================================
----------------- testing Sat May 09 14:20:47 UTC 2020 /home/travis/build/icyphy/ptII/ptolemy/actor/lib/test/auto/funcApplyInConst.xml
----------------- Instantiating /home/travis/build/icyphy/ptII/ptolemy/actor/lib/test/auto/funcApplyInConst.xml
1 ms. Memory: 520192K Free: 462334K (89%)
----------------- Invoking toplevel() on ptolemy.moml.MoMLSimpleApplication@7b4e3bfb
----------------- Done invoking toplevel() on ptolemy.moml.MoMLSimpleApplication@7b4e3bfb
reloadAllAccessors: .funcApplyInConst

===========================================================================================
----------------- testing Sat May 09 14:20:47 UTC 2020 /home/travis/build/icyphy/ptII/ptolemy/actor/lib/test/auto/funcApplyInExpr.xml
----------------- Instantiating /home/travis/build/icyphy/ptII/ptolemy/actor/lib/test/auto/funcApplyInExpr.xml
1 ms. Memory: 520192K Free: 458752K (88%)
----------------- Invoking toplevel() on ptolemy.moml.MoMLSimpleApplication@2c12d7fe
----------------- Done invoking toplevel() on ptolemy.moml.MoMLSimpleApplication@2c12d7fe
reloadAllAccessors: .funcApplyInExpr

===========================================================================================
----------------- testing Sat May 09 14:20:47 UTC 2020 /home/travis/build/icyphy/ptII/ptolemy/actor/lib/test/auto/function.xml
----------------- Instantiating /home/travis/build/icyphy/ptII/ptolemy/actor/lib/test/auto/function.xml
1 ms. Memory: 520192K Free: 453632K (87%)
----------------- Invoking toplevel() on ptolemy.moml.MoMLSimpleApplication@566b3c22
----------------- Done invoking toplevel() on ptolemy.moml.MoMLSimpleApplication@566b3c22
reloadAllAccessors: .function

===========================================================================================
----------------- testing Sat May 09 14:20:47 UTC 2020 /home/travis/build/icyphy/ptII/ptolemy/actor/lib/test/auto/function2.xml
----------------- Instantiating /home/travis/build/icyphy/ptII/ptolemy/actor/lib/test/auto/function2.xml
2 ms. Memory: 520192K Free: 449022K (86%)
----------------- Invoking toplevel() on ptolemy.moml.MoMLSimpleApplication@1c891512
----------------- Done invoking toplevel() on ptolemy.moml.MoMLSimpleApplication@1c891512
reloadAllAccessors: .function2

===========================================================================================
----------------- testing Sat May 09 14:20:47 UTC 2020 /home/travis/build/icyphy/ptII/ptolemy/actor/lib/test/auto/function3.xml
----------------- Instantiating /home/travis/build/icyphy/ptII/ptolemy/actor/lib/test/auto/function3.xml
1 ms. Memory: 520192K Free: 445440K (86%)
----------------- Invoking toplevel() on ptolemy.moml.MoMLSimpleApplication@240cba6
----------------- Done invoking toplevel() on ptolemy.moml.MoMLSimpleApplication@240cba6
reloadAllAccessors: .function3

===========================================================================================
----------------- testing Sat May 09 14:20:47 UTC 2020 /home/travis/build/icyphy/ptII/ptolemy/actor/lib/test/auto/functionClosureTest1.xml
----------------- Instantiating /home/travis/build/icyphy/ptII/ptolemy/actor/lib/test/auto/functionClosureTest1.xml
1 ms. Memory: 520192K Free: 439296K (84%)
----------------- Invoking toplevel() on ptolemy.moml.MoMLSimpleApplication@6b20037d
----------------- Done invoking toplevel() on ptolemy.moml.MoMLSimpleApplication@6b20037d
reloadAllAccessors: .functionClosureTest1

===========================================================================================
----------------- testing Sat May 09 14:20:47 UTC 2020 /home/travis/build/icyphy/ptII/ptolemy/actor/lib/test/auto/functionClosureTest2.xml
----------------- Instantiating /home/travis/build/icyphy/ptII/ptolemy/actor/lib/test/auto/functionClosureTest2.xml
1 ms. Memory: 520192K Free: 435710K (84%)
----------------- Invoking toplevel() on ptolemy.moml.MoMLSimpleApplication@c4d6f5f
----------------- Done invoking toplevel() on ptolemy.moml.MoMLSimpleApplication@c4d6f5f
reloadAllAccessors: .functionClosureTest2

===========================================================================================
----------------- testing Sat May 09 14:20:47 UTC 2020 /home/travis/build/icyphy/ptII/ptolemy/actor/lib/test/auto/functionClosureTest3.xml
----------------- Instantiating /home/travis/build/icyphy/ptII/ptolemy/actor/lib/test/auto/functionClosureTest3.xml
4 ms. Memory: 520192K Free: 430080K (83%)
----------------- Invoking toplevel() on ptolemy.moml.MoMLSimpleApplication@1c5c4623
----------------- Done invoking toplevel() on ptolemy.moml.MoMLSimpleApplication@1c5c4623
reloadAllAccessors: .functionClosureTest3

===========================================================================================
----------------- testing Sat May 09 14:20:47 UTC 2020 /home/travis/build/icyphy/ptII/ptolemy/actor/lib/test/auto/functionClosureTest4.xml
----------------- Instantiating /home/travis/build/icyphy/ptII/ptolemy/actor/lib/test/auto/functionClosureTest4.xml
3 ms. Memory: 520192K Free: 423936K (81%)
----------------- Invoking toplevel() on ptolemy.moml.MoMLSimpleApplication@a212e03
----------------- Done invoking toplevel() on ptolemy.moml.MoMLSimpleApplication@a212e03
reloadAllAccessors: .functionClosureTest4

===========================================================================================
----------------- testing Sat May 09 14:20:47 UTC 2020 /home/travis/build/icyphy/ptII/ptolemy/actor/lib/test/auto/functionClosureTest5.xml
----------------- Instantiating /home/travis/build/icyphy/ptII/ptolemy/actor/lib/test/auto/functionClosureTest5.xml
3 ms. Memory: 520192K Free: 418287K (80%)
----------------- Invoking toplevel() on ptolemy.moml.MoMLSimpleApplication@32bfde0b
----------------- Done invoking toplevel() on ptolemy.moml.MoMLSimpleApplication@32bfde0b
reloadAllAccessors: .functionClosureTest5

===========================================================================================
----------------- testing Sat May 09 14:20:47 UTC 2020 /home/travis/build/icyphy/ptII/ptolemy/actor/lib/test/auto/functionClosureTest6.xml
----------------- Instantiating /home/travis/build/icyphy/ptII/ptolemy/actor/lib/test/auto/functionClosureTest6.xml
2 ms. Memory: 520192K Free: 413696K (80%)
----------------- Invoking toplevel() on ptolemy.moml.MoMLSimpleApplication@6e6296eb
----------------- Done invoking toplevel() on ptolemy.moml.MoMLSimpleApplication@6e6296eb
reloadAllAccessors: .functionClosureTest6

===========================================================================================
----------------- testing Sat May 09 14:20:47 UTC 2020 /home/travis/build/icyphy/ptII/ptolemy/actor/lib/test/auto/functionsOnArcs.xml
----------------- Instantiating /home/travis/build/icyphy/ptII/ptolemy/actor/lib/test/auto/functionsOnArcs.xml
2 ms. Memory: 520192K Free: 408062K (78%)
----------------- Invoking toplevel() on ptolemy.moml.MoMLSimpleApplication@124677b6
----------------- Done invoking toplevel() on ptolemy.moml.MoMLSimpleApplication@124677b6
reloadAllAccessors: .functionsOnArcs

===========================================================================================
----------------- testing Sat May 09 14:20:48 UTC 2020 /home/travis/build/icyphy/ptII/ptolemy/actor/lib/test/auto/functionsOnArcsHOF.xml
----------------- Instantiating /home/travis/build/icyphy/ptII/ptolemy/actor/lib/test/auto/functionsOnArcsHOF.xml
2 ms. Memory: 520192K Free: 402432K (77%)
----------------- Invoking toplevel() on ptolemy.moml.MoMLSimpleApplication@405edb86
----------------- Done invoking toplevel() on ptolemy.moml.MoMLSimpleApplication@405edb86
reloadAllAccessors: .functionsOnArcsHOF

===========================================================================================
----------------- testing Sat May 09 14:20:48 UTC 2020 /home/travis/build/icyphy/ptII/ptolemy/actor/lib/test/auto/logic.xml
----------------- Instantiating /home/travis/build/icyphy/ptII/ptolemy/actor/lib/test/auto/logic.xml
2 ms. Memory: 520192K Free: 394750K (76%)
----------------- Invoking toplevel() on ptolemy.moml.MoMLSimpleApplication@25bceda5
----------------- Done invoking toplevel() on ptolemy.moml.MoMLSimpleApplication@25bceda5
reloadAllAccessors: .logic

===========================================================================================
----------------- testing Sat May 09 14:20:48 UTC 2020 /home/travis/build/icyphy/ptII/ptolemy/actor/lib/test/auto/matrixType.xml
----------------- Instantiating /home/travis/build/icyphy/ptII/ptolemy/actor/lib/test/auto/matrixType.xml
2 ms. Memory: 520192K Free: 389630K (75%)
----------------- Invoking toplevel() on ptolemy.moml.MoMLSimpleApplication@5c540481
----------------- Done invoking toplevel() on ptolemy.moml.MoMLSimpleApplication@5c540481
reloadAllAccessors: .matrixType

===========================================================================================
----------------- testing Sat May 09 14:20:48 UTC 2020 /home/travis/build/icyphy/ptII/ptolemy/actor/lib/test/auto/matrixType10.xml
----------------- Instantiating /home/travis/build/icyphy/ptII/ptolemy/actor/lib/test/auto/matrixType10.xml
1 ms. Memory: 520192K Free: 384510K (74%)
----------------- Invoking toplevel() on ptolemy.moml.MoMLSimpleApplication@3efa37b5
----------------- Done invoking toplevel() on ptolemy.moml.MoMLSimpleApplication@3efa37b5
reloadAllAccessors: .matrixType10

===========================================================================================
----------------- testing Sat May 09 14:20:48 UTC 2020 /home/travis/build/icyphy/ptII/ptolemy/actor/lib/test/auto/matrixType11.xml
----------------- Instantiating /home/travis/build/icyphy/ptII/ptolemy/actor/lib/test/auto/matrixType11.xml
0 ms. Memory: 520192K Free: 379904K (73%)
----------------- Invoking toplevel() on ptolemy.moml.MoMLSimpleApplication@6dcdc4ae
----------------- Done invoking toplevel() on ptolemy.moml.MoMLSimpleApplication@6dcdc4ae
reloadAllAccessors: .matrixType11

===========================================================================================
----------------- testing Sat May 09 14:20:48 UTC 2020 /home/travis/build/icyphy/ptII/ptolemy/actor/lib/test/auto/matrixType12.xml
----------------- Instantiating /home/travis/build/icyphy/ptII/ptolemy/actor/lib/test/auto/matrixType12.xml
1 ms. Memory: 520192K Free: 374784K (72%)
----------------- Invoking toplevel() on ptolemy.moml.MoMLSimpleApplication@28fee452
----------------- Done invoking toplevel() on ptolemy.moml.MoMLSimpleApplication@28fee452
reloadAllAccessors: .matrixType12

===========================================================================================
----------------- testing Sat May 09 14:20:48 UTC 2020 /home/travis/build/icyphy/ptII/ptolemy/actor/lib/test/auto/matrixType13.xml
----------------- Instantiating /home/travis/build/icyphy/ptII/ptolemy/actor/lib/test/auto/matrixType13.xml
1 ms. Memory: 520192K Free: 370174K (71%)
----------------- Invoking toplevel() on ptolemy.moml.MoMLSimpleApplication@234f674e
----------------- Done invoking toplevel() on ptolemy.moml.MoMLSimpleApplication@234f674e
reloadAllAccessors: .matrixType13

===========================================================================================
----------------- testing Sat May 09 14:20:48 UTC 2020 /home/travis/build/icyphy/ptII/ptolemy/actor/lib/test/auto/matrixType14.xml
----------------- Instantiating /home/travis/build/icyphy/ptII/ptolemy/actor/lib/test/auto/matrixType14.xml
1 ms. Memory: 520192K Free: 365054K (70%)
----------------- Invoking toplevel() on ptolemy.moml.MoMLSimpleApplication@7c08c69d
----------------- Done invoking toplevel() on ptolemy.moml.MoMLSimpleApplication@7c08c69d
reloadAllAccessors: .matrixType14

===========================================================================================
----------------- testing Sat May 09 14:20:48 UTC 2020 /home/travis/build/icyphy/ptII/ptolemy/actor/lib/test/auto/matrixType2.xml
----------------- Instantiating /home/travis/build/icyphy/ptII/ptolemy/actor/lib/test/auto/matrixType2.xml
1 ms. Memory: 520192K Free: 359934K (69%)
----------------- Invoking toplevel() on ptolemy.moml.MoMLSimpleApplication@15738f67
----------------- Done invoking toplevel() on ptolemy.moml.MoMLSimpleApplication@15738f67
reloadAllAccessors: .matrixType2

===========================================================================================
----------------- testing Sat May 09 14:20:48 UTC 2020 /home/travis/build/icyphy/ptII/ptolemy/actor/lib/test/auto/matrixType3.xml
----------------- Instantiating /home/travis/build/icyphy/ptII/ptolemy/actor/lib/test/auto/matrixType3.xml
2 ms. Memory: 520192K Free: 354814K (68%)
----------------- Invoking toplevel() on ptolemy.moml.MoMLSimpleApplication@4ad31177
----------------- Done invoking toplevel() on ptolemy.moml.MoMLSimpleApplication@4ad31177
reloadAllAccessors: .matrixType3

===========================================================================================
----------------- testing Sat May 09 14:20:48 UTC 2020 /home/travis/build/icyphy/ptII/ptolemy/actor/lib/test/auto/matrixType4.xml
----------------- Instantiating /home/travis/build/icyphy/ptII/ptolemy/actor/lib/test/auto/matrixType4.xml
1 ms. Memory: 520192K Free: 350208K (67%)
----------------- Invoking toplevel() on ptolemy.moml.MoMLSimpleApplication@7c1fefd3
----------------- Done invoking toplevel() on ptolemy.moml.MoMLSimpleApplication@7c1fefd3
reloadAllAccessors: .matrixType4

===========================================================================================
----------------- testing Sat May 09 14:20:48 UTC 2020 /home/travis/build/icyphy/ptII/ptolemy/actor/lib/test/auto/matrixType5.xml
----------------- Instantiating /home/travis/build/icyphy/ptII/ptolemy/actor/lib/test/auto/matrixType5.xml
1 ms. Memory: 520192K Free: 345088K (66%)
----------------- Invoking toplevel() on ptolemy.moml.MoMLSimpleApplication@2f5c4e0d
----------------- Done invoking toplevel() on ptolemy.moml.MoMLSimpleApplication@2f5c4e0d
reloadAllAccessors: .matrixType5

===========================================================================================
----------------- testing Sat May 09 14:20:48 UTC 2020 /home/travis/build/icyphy/ptII/ptolemy/actor/lib/test/auto/matrixType6.xml
----------------- Instantiating /home/travis/build/icyphy/ptII/ptolemy/actor/lib/test/auto/matrixType6.xml
1 ms. Memory: 520192K Free: 340478K (65%)
----------------- Invoking toplevel() on ptolemy.moml.MoMLSimpleApplication@5820c3c1
----------------- Done invoking toplevel() on ptolemy.moml.MoMLSimpleApplication@5820c3c1
reloadAllAccessors: .matrixType6

===========================================================================================
----------------- testing Sat May 09 14:20:48 UTC 2020 /home/travis/build/icyphy/ptII/ptolemy/actor/lib/test/auto/matrixType7.xml
----------------- Instantiating /home/travis/build/icyphy/ptII/ptolemy/actor/lib/test/auto/matrixType7.xml
1 ms. Memory: 520192K Free: 335358K (64%)
----------------- Invoking toplevel() on ptolemy.moml.MoMLSimpleApplication@6e4cea39
----------------- Done invoking toplevel() on ptolemy.moml.MoMLSimpleApplication@6e4cea39
reloadAllAccessors: .matrixType7

===========================================================================================
----------------- testing Sat May 09 14:20:48 UTC 2020 /home/travis/build/icyphy/ptII/ptolemy/actor/lib/test/auto/matrixType8.xml
----------------- Instantiating /home/travis/build/icyphy/ptII/ptolemy/actor/lib/test/auto/matrixType8.xml
1 ms. Memory: 520192K Free: 330752K (64%)
----------------- Invoking toplevel() on ptolemy.moml.MoMLSimpleApplication@31e07922
----------------- Done invoking toplevel() on ptolemy.moml.MoMLSimpleApplication@31e07922
reloadAllAccessors: .matrixType8

===========================================================================================
----------------- testing Sat May 09 14:20:48 UTC 2020 /home/travis/build/icyphy/ptII/ptolemy/actor/lib/test/auto/matrixType9.xml
----------------- Instantiating /home/travis/build/icyphy/ptII/ptolemy/actor/lib/test/auto/matrixType9.xml
1 ms. Memory: 520192K Free: 325632K (63%)
----------------- Invoking toplevel() on ptolemy.moml.MoMLSimpleApplication@57c2d794
----------------- Done invoking toplevel() on ptolemy.moml.MoMLSimpleApplication@57c2d794
reloadAllAccessors: .matrixType9

===========================================================================================
----------------- testing Sat May 09 14:20:48 UTC 2020 /home/travis/build/icyphy/ptII/ptolemy/actor/lib/test/auto/paraFunctest.xml
----------------- Instantiating /home/travis/build/icyphy/ptII/ptolemy/actor/lib/test/auto/paraFunctest.xml
1 ms. Memory: 520192K Free: 321536K (62%)
----------------- Invoking toplevel() on ptolemy.moml.MoMLSimpleApplication@1cc165ec
----------------- Done invoking toplevel() on ptolemy.moml.MoMLSimpleApplication@1cc165ec
reloadAllAccessors: .paraFunctest

===========================================================================================
----------------- testing Sat May 09 14:20:48 UTC 2020 /home/travis/build/icyphy/ptII/ptolemy/actor/lib/test/auto/paraFunctest2.xml
----------------- Instantiating /home/travis/build/icyphy/ptII/ptolemy/actor/lib/test/auto/paraFunctest2.xml
1 ms. Memory: 520192K Free: 317440K (61%)
----------------- Invoking toplevel() on ptolemy.moml.MoMLSimpleApplication@39fca9b6
----------------- Done invoking toplevel() on ptolemy.moml.MoMLSimpleApplication@39fca9b6
reloadAllAccessors: .paraFunctest2

===========================================================================================
----------------- testing Sat May 09 14:20:48 UTC 2020 /home/travis/build/icyphy/ptII/ptolemy/actor/lib/test/auto/parameterPassing.xml
----------------- Instantiating /home/travis/build/icyphy/ptII/ptolemy/actor/lib/test/auto/parameterPassing.xml
1 ms. Memory: 520192K Free: 313344K (60%)
----------------- Invoking toplevel() on ptolemy.moml.MoMLSimpleApplication@3e86c5cb
----------------- Done invoking toplevel() on ptolemy.moml.MoMLSimpleApplication@3e86c5cb
reloadAllAccessors: .parameterPassing

===========================================================================================
----------------- testing Sat May 09 14:20:48 UTC 2020 /home/travis/build/icyphy/ptII/ptolemy/actor/lib/test/auto/record.xml
----------------- Instantiating /home/travis/build/icyphy/ptII/ptolemy/actor/lib/test/auto/record.xml
2 ms. Memory: 520192K Free: 308224K (59%)
----------------- Invoking toplevel() on ptolemy.moml.MoMLSimpleApplication@19e1ba8d
----------------- Done invoking toplevel() on ptolemy.moml.MoMLSimpleApplication@19e1ba8d
reloadAllAccessors: .record

===========================================================================================
----------------- testing Sat May 09 14:20:48 UTC 2020 /home/travis/build/icyphy/ptII/ptolemy/actor/lib/test/auto/sizedarray1.xml
----------------- Instantiating /home/travis/build/icyphy/ptII/ptolemy/actor/lib/test/auto/sizedarray1.xml
1 ms. Memory: 520192K Free: 302590K (58%)
----------------- Invoking toplevel() on ptolemy.moml.MoMLSimpleApplication@2e9a132f
----------------- Done invoking toplevel() on ptolemy.moml.MoMLSimpleApplication@2e9a132f
reloadAllAccessors: .sizedarray1

===========================================================================================
----------------- testing Sat May 09 14:20:48 UTC 2020 /home/travis/build/icyphy/ptII/ptolemy/actor/lib/test/auto/sizedarray2.xml
----------------- Instantiating /home/travis/build/icyphy/ptII/ptolemy/actor/lib/test/auto/sizedarray2.xml
2 ms. Memory: 520192K Free: 297470K (57%)
----------------- Invoking toplevel() on ptolemy.moml.MoMLSimpleApplication@5b68a267
----------------- Done invoking toplevel() on ptolemy.moml.MoMLSimpleApplication@5b68a267
reloadAllAccessors: .sizedarray2

===========================================================================================
----------------- testing Sat May 09 14:20:48 UTC 2020 /home/travis/build/icyphy/ptII/ptolemy/actor/lib/test/auto/twoPublishers.xml
----------------- Instantiating /home/travis/build/icyphy/ptII/ptolemy/actor/lib/test/auto/twoPublishers.xml
6 ms. Memory: 520192K Free: 286720K (55%)
----------------- Invoking toplevel() on ptolemy.moml.MoMLSimpleApplication@9209f5c
----------------- Done invoking toplevel() on ptolemy.moml.MoMLSimpleApplication@9209f5c
reloadAllAccessors: .twoPublishers
AutoTests.java: About to close Vertx.
AutoTests.java: Vertx closed.
]]></system-out>
  <system-err><![CDATA[java.lang.RuntimeException: Execution failed
	at ptolemy.moml.MoMLSimpleApplication$UnloadThread.run(MoMLSimpleApplication.java:402)
Caused by: java.lang.RuntimeException: StringUtilities.exit() was called. Normally, we would exit here because Manager.exitAfterWrapup() was called.  However, because the ptolemy.ptII.exitAfterWrapup property is set, we throw this exception instead.
	at ptolemy.util.StringUtilities.exit(StringUtilities.java:365)
	at ptolemy.actor.Manager.wrapup(Manager.java:1549)
	at ptolemy.actor.Manager.execute(Manager.java:407)
	at ptolemy.actor.Manager.run(Manager.java:1263)
	at ptolemy.actor.Manager$PtolemyRunThread.run(Manager.java:1933)
Warning: '.top.test' is in training mode, set the trainingMode parameter to false before checking in
Warning: '.top.test' is in training mode, set the trainingMode parameter to false before checking in
Warning: '.top.test' is in training mode, set the trainingMode parameter to false before checking in
Warning: '.BooleanSwitch_RegressionTest_WrongTrainingValues.Test' is in training mode, set the trainingMode parameter to false before checking in
Warning: '.BooleanSwitch_RegressionTest_WrongTrainingValues.Test2' is in training mode, set the trainingMode parameter to false before checking in
Warning: '.BooleanSwitch_RegressionTest_WrongTrainingValues.Test2' The test produced 0 tokens.
Warning: '.top.testExceptionHandler' is in training mode, set the trainingMode parameter to false before checking in
java.lang.RuntimeException: Execution failed
	at ptolemy.moml.MoMLSimpleApplication$UnloadThread.run(MoMLSimpleApplication.java:402)
Caused by: ptolemy.kernel.util.IllegalActionException: PublisherPorts cannot be used at the top level, use a Publisher actor instead.
  in .PublisherPortToplevelSubscriber.PublisherPort
	at ptolemy.actor.PublisherPort.preinitialize(PublisherPort.java:403)
	at ptolemy.actor.CompositeActor.preinitialize(CompositeActor.java:1769)
	at ptolemy.actor.Manager.preinitializeAndResolveTypes(Manager.java:1040)
	at ptolemy.actor.Manager.initialize(Manager.java:710)
	at ptolemy.actor.Manager.execute(Manager.java:356)
	at ptolemy.actor.Manager.run(Manager.java:1263)
	at ptolemy.actor.Manager$PtolemyRunThread.run(Manager.java:1933)
java.lang.reflect.InvocationTargetException
	at java.base/jdk.internal.reflect.NativeConstructorAccessorImpl.newInstance0(Native Method)
	at java.base/jdk.internal.reflect.NativeConstructorAccessorImpl.newInstance(NativeConstructorAccessorImpl.java:62)
	at java.base/jdk.internal.reflect.DelegatingConstructorAccessorImpl.newInstance(DelegatingConstructorAccessorImpl.java:45)
	at java.base/java.lang.reflect.Constructor.newInstance(Constructor.java:490)
	at ptolemy.util.test.junit.AutoKnownFailedTests.RunModel(AutoKnownFailedTests.java:105)
	at java.base/jdk.internal.reflect.NativeMethodAccessorImpl.invoke0(Native Method)
	at java.base/jdk.internal.reflect.NativeMethodAccessorImpl.invoke(NativeMethodAccessorImpl.java:62)
	at java.base/jdk.internal.reflect.DelegatingMethodAccessorImpl.invoke(DelegatingMethodAccessorImpl.java:43)
	at java.base/java.lang.reflect.Method.invoke(Method.java:566)
	at org.junit.runners.model.FrameworkMethod$1.runReflectiveCall(FrameworkMethod.java:44)
	at org.junit.internal.runners.model.ReflectiveCallable.run(ReflectiveCallable.java:15)
	at org.junit.runners.model.FrameworkMethod.invokeExplosively(FrameworkMethod.java:41)
	at junitparams.internal.InvokeParameterisedMethod.evaluate(InvokeParameterisedMethod.java:102)
	at org.junit.internal.runners.statements.FailOnTimeout$1.run(FailOnTimeout.java:28)
Caused by: ptolemy.kernel.util.IllegalActionException: PublisherPorts cannot be used at the top level, use a Publisher actor instead.
  in .PublisherPortToplevelSubscriber.PublisherPort
	at ptolemy.actor.PublisherPort.preinitialize(PublisherPort.java:403)
	at ptolemy.actor.CompositeActor.preinitialize(CompositeActor.java:1769)
	at ptolemy.actor.Manager.preinitializeAndResolveTypes(Manager.java:1040)
	at ptolemy.actor.Manager.initialize(Manager.java:710)
	at ptolemy.actor.Manager.execute(Manager.java:356)
	at ptolemy.actor.Manager.run(Manager.java:1263)
	at ptolemy.actor.Manager$PtolemyRunThread.run(Manager.java:1933)
java.lang.RuntimeException: Execution failed
	at ptolemy.moml.MoMLSimpleApplication$UnloadThread.run(MoMLSimpleApplication.java:402)
Caused by: ptolemy.kernel.util.IllegalActionException: SubscriberPorts cannot be used at the top level, use a Subscriber actor instead.
  in .PublisherSubscriberPortToplevel.SubscriberPort
	at ptolemy.actor.SubscriberPort.preinitialize(SubscriberPort.java:328)
	at ptolemy.actor.CompositeActor.preinitialize(CompositeActor.java:1769)
	at ptolemy.actor.Manager.preinitializeAndResolveTypes(Manager.java:1040)
	at ptolemy.actor.Manager.initialize(Manager.java:710)
	at ptolemy.actor.Manager.execute(Manager.java:356)
	at ptolemy.actor.Manager.run(Manager.java:1263)
	at ptolemy.actor.Manager$PtolemyRunThread.run(Manager.java:1933)
java.lang.reflect.InvocationTargetException
	at java.base/jdk.internal.reflect.NativeConstructorAccessorImpl.newInstance0(Native Method)
	at java.base/jdk.internal.reflect.NativeConstructorAccessorImpl.newInstance(NativeConstructorAccessorImpl.java:62)
	at java.base/jdk.internal.reflect.DelegatingConstructorAccessorImpl.newInstance(DelegatingConstructorAccessorImpl.java:45)
	at java.base/java.lang.reflect.Constructor.newInstance(Constructor.java:490)
	at ptolemy.util.test.junit.AutoKnownFailedTests.RunModel(AutoKnownFailedTests.java:105)
	at java.base/jdk.internal.reflect.NativeMethodAccessorImpl.invoke0(Native Method)
	at java.base/jdk.internal.reflect.NativeMethodAccessorImpl.invoke(NativeMethodAccessorImpl.java:62)
	at java.base/jdk.internal.reflect.DelegatingMethodAccessorImpl.invoke(DelegatingMethodAccessorImpl.java:43)
	at java.base/java.lang.reflect.Method.invoke(Method.java:566)
	at org.junit.runners.model.FrameworkMethod$1.runReflectiveCall(FrameworkMethod.java:44)
	at org.junit.internal.runners.model.ReflectiveCallable.run(ReflectiveCallable.java:15)
	at org.junit.runners.model.FrameworkMethod.invokeExplosively(FrameworkMethod.java:41)
	at junitparams.internal.InvokeParameterisedMethod.evaluate(InvokeParameterisedMethod.java:102)
	at org.junit.internal.runners.statements.FailOnTimeout$1.run(FailOnTimeout.java:28)
Caused by: ptolemy.kernel.util.IllegalActionException: SubscriberPorts cannot be used at the top level, use a Subscriber actor instead.
  in .PublisherSubscriberPortToplevel.SubscriberPort
	at ptolemy.actor.SubscriberPort.preinitialize(SubscriberPort.java:328)
	at ptolemy.actor.CompositeActor.preinitialize(CompositeActor.java:1769)
	at ptolemy.actor.Manager.preinitializeAndResolveTypes(Manager.java:1040)
	at ptolemy.actor.Manager.initialize(Manager.java:710)
	at ptolemy.actor.Manager.execute(Manager.java:356)
	at ptolemy.actor.Manager.run(Manager.java:1263)
	at ptolemy.actor.Manager$PtolemyRunThread.run(Manager.java:1933)
java.lang.RuntimeException: Execution failed
	at ptolemy.moml.MoMLSimpleApplication$UnloadThread.run(MoMLSimpleApplication.java:402)
Caused by: ptolemy.kernel.util.IllegalActionException: SubscriptionAggregatorPorts cannot be used at the top level, use a SubscriptionAggregator actor instead.
  in .PublisherSubscriptionAggregatorPort.SubscriptionAggregatorPort
	at ptolemy.actor.SubscriptionAggregatorPort.preinitialize(SubscriptionAggregatorPort.java:353)
	at ptolemy.actor.CompositeActor.preinitialize(CompositeActor.java:1769)
	at ptolemy.actor.Manager.preinitializeAndResolveTypes(Manager.java:1040)
	at ptolemy.actor.Manager.initialize(Manager.java:710)
	at ptolemy.actor.Manager.execute(Manager.java:356)
	at ptolemy.actor.Manager.run(Manager.java:1263)
	at ptolemy.actor.Manager$PtolemyRunThread.run(Manager.java:1933)
java.lang.reflect.InvocationTargetException
	at java.base/jdk.internal.reflect.NativeConstructorAccessorImpl.newInstance0(Native Method)
	at java.base/jdk.internal.reflect.NativeConstructorAccessorImpl.newInstance(NativeConstructorAccessorImpl.java:62)
	at java.base/jdk.internal.reflect.DelegatingConstructorAccessorImpl.newInstance(DelegatingConstructorAccessorImpl.java:45)
	at java.base/java.lang.reflect.Constructor.newInstance(Constructor.java:490)
	at ptolemy.util.test.junit.AutoKnownFailedTests.RunModel(AutoKnownFailedTests.java:105)
	at java.base/jdk.internal.reflect.NativeMethodAccessorImpl.invoke0(Native Method)
	at java.base/jdk.internal.reflect.NativeMethodAccessorImpl.invoke(NativeMethodAccessorImpl.java:62)
	at java.base/jdk.internal.reflect.DelegatingMethodAccessorImpl.invoke(DelegatingMethodAccessorImpl.java:43)
	at java.base/java.lang.reflect.Method.invoke(Method.java:566)
	at org.junit.runners.model.FrameworkMethod$1.runReflectiveCall(FrameworkMethod.java:44)
	at org.junit.internal.runners.model.ReflectiveCallable.run(ReflectiveCallable.java:15)
	at org.junit.runners.model.FrameworkMethod.invokeExplosively(FrameworkMethod.java:41)
	at junitparams.internal.InvokeParameterisedMethod.evaluate(InvokeParameterisedMethod.java:102)
	at org.junit.internal.runners.statements.FailOnTimeout$1.run(FailOnTimeout.java:28)
Caused by: ptolemy.kernel.util.IllegalActionException: SubscriptionAggregatorPorts cannot be used at the top level, use a SubscriptionAggregator actor instead.
  in .PublisherSubscriptionAggregatorPort.SubscriptionAggregatorPort
	at ptolemy.actor.SubscriptionAggregatorPort.preinitialize(SubscriptionAggregatorPort.java:353)
	at ptolemy.actor.CompositeActor.preinitialize(CompositeActor.java:1769)
	at ptolemy.actor.Manager.preinitializeAndResolveTypes(Manager.java:1040)
	at ptolemy.actor.Manager.initialize(Manager.java:710)
	at ptolemy.actor.Manager.execute(Manager.java:356)
	at ptolemy.actor.Manager.run(Manager.java:1263)
	at ptolemy.actor.Manager$PtolemyRunThread.run(Manager.java:1933)
java.lang.RuntimeException: Execution failed
	at ptolemy.moml.MoMLSimpleApplication$UnloadThread.run(MoMLSimpleApplication.java:402)
Caused by: ptolemy.kernel.util.IllegalActionException: TypeTest actor has no training data.
  in .sizedarray3.TypeTest
	at ptolemy.actor.lib.TypeTest.initialize(TypeTest.java:250)
	at ptolemy.actor.Director.initialize(Director.java:938)
	at ptolemy.actor.Director.initialize(Director.java:907)
	at ptolemy.actor.sched.StaticSchedulingDirector.initialize(StaticSchedulingDirector.java:159)
	at ptolemy.domains.sdf.kernel.SDFDirector.initialize(SDFDirector.java:544)
	at ptolemy.actor.CompositeActor.initialize(CompositeActor.java:935)
	at ptolemy.actor.Manager.initialize(Manager.java:724)
	at ptolemy.actor.Manager.execute(Manager.java:356)
	at ptolemy.actor.Manager.run(Manager.java:1263)
	at ptolemy.actor.Manager$PtolemyRunThread.run(Manager.java:1933)
java.lang.reflect.InvocationTargetException
	at java.base/jdk.internal.reflect.NativeConstructorAccessorImpl.newInstance0(Native Method)
	at java.base/jdk.internal.reflect.NativeConstructorAccessorImpl.newInstance(NativeConstructorAccessorImpl.java:62)
	at java.base/jdk.internal.reflect.DelegatingConstructorAccessorImpl.newInstance(DelegatingConstructorAccessorImpl.java:45)
	at java.base/java.lang.reflect.Constructor.newInstance(Constructor.java:490)
	at ptolemy.util.test.junit.AutoKnownFailedTests.RunModel(AutoKnownFailedTests.java:105)
	at java.base/jdk.internal.reflect.NativeMethodAccessorImpl.invoke0(Native Method)
	at java.base/jdk.internal.reflect.NativeMethodAccessorImpl.invoke(NativeMethodAccessorImpl.java:62)
	at java.base/jdk.internal.reflect.DelegatingMethodAccessorImpl.invoke(DelegatingMethodAccessorImpl.java:43)
	at java.base/java.lang.reflect.Method.invoke(Method.java:566)
	at org.junit.runners.model.FrameworkMethod$1.runReflectiveCall(FrameworkMethod.java:44)
	at org.junit.internal.runners.model.ReflectiveCallable.run(ReflectiveCallable.java:15)
	at org.junit.runners.model.FrameworkMethod.invokeExplosively(FrameworkMethod.java:41)
	at junitparams.internal.InvokeParameterisedMethod.evaluate(InvokeParameterisedMethod.java:102)
	at org.junit.internal.runners.statements.FailOnTimeout$1.run(FailOnTimeout.java:28)
Caused by: ptolemy.kernel.util.IllegalActionException: TypeTest actor has no training data.
  in .sizedarray3.TypeTest
	at ptolemy.actor.lib.TypeTest.initialize(TypeTest.java:250)
	at ptolemy.actor.Director.initialize(Director.java:938)
	at ptolemy.actor.Director.initialize(Director.java:907)
	at ptolemy.actor.sched.StaticSchedulingDirector.initialize(StaticSchedulingDirector.java:159)
	at ptolemy.domains.sdf.kernel.SDFDirector.initialize(SDFDirector.java:544)
	at ptolemy.actor.CompositeActor.initialize(CompositeActor.java:935)
	at ptolemy.actor.Manager.initialize(Manager.java:724)
	at ptolemy.actor.Manager.execute(Manager.java:356)
	at ptolemy.actor.Manager.run(Manager.java:1263)
	at ptolemy.actor.Manager$PtolemyRunThread.run(Manager.java:1933)
java.lang.RuntimeException: Execution failed
	at ptolemy.moml.MoMLSimpleApplication$UnloadThread.run(MoMLSimpleApplication.java:402)
Caused by: ptolemy.kernel.util.IllegalActionException: Test fails in iteration 0.
Value was: 6002L. Should have been: 6000L
  in .ExecutionTimeSDF.NonStrictTest
	at ptolemy.actor.lib.NonStrictTest.postfire(NonStrictTest.java:328)
	at ptolemy.actor.AtomicActor.iterate(AtomicActor.java:518)
	at ptolemy.actor.sched.StaticSchedulingDirector.fire(StaticSchedulingDirector.java:216)
	at ptolemy.domains.sdf.kernel.SDFDirector.fire(SDFDirector.java:500)
	at ptolemy.actor.CompositeActor.fire(CompositeActor.java:455)
	at ptolemy.actor.Manager.iterate(Manager.java:851)
	at ptolemy.actor.Manager.execute(Manager.java:369)
	at ptolemy.actor.Manager.run(Manager.java:1263)
	at ptolemy.actor.Manager$PtolemyRunThread.run(Manager.java:1933)
]]></system-err>
</testsuite>
