<?xml version="1.0" encoding="UTF-8" ?>
<testsuite errors="0" failures="0" hostname="travis-job-092d6cdc-3c08-4c58-81c1-ed5747ab8f85" name="ptolemy.domains.de.test.junit.JUnitTclTest" skipped="0" tests="101" time="122.526" timestamp="2020-02-16T11:28:47">
  <properties>
    <property name="npm.executable" value="npm" />
    <property name="env.TRAVIS_ROOT" value="/" />
    <property name="ptII.mk.exists" value="true" />
    <property name="env.TRAVIS_APP_HOST" value="build.travis-ci.org" />
    <property name="env.rvm_bin_path" value="/home/travis/.rvm/bin" />
    <property name="java.home" value="/usr/local/lib/jvm/openjdk11" />
    <property name="env.TRAVIS_JOB_NUMBER" value="1514.9" />
    <property name="env.TRAVIS_HOME" value="/home/travis" />
    <property name="env.DISPLAY" value=":99.0" />
    <property name="env.TRAVIS_INIT" value="systemd" />
    <property name="env.SSH_TTY" value="/dev/pts/0" />
    <property name="java.net.preferIPv4Stack" value="true" />
    <property name="env.RUN_TESTS" value="true" />
    <property name="timeout.short" value="1000000" />
    <property name="junit.formatter" value="xml" />
    <property name="env.TRAVIS_SUDO" value="true" />
    <property name="env.TRAVIS_JOB_NAME" value="" />
    <property name="env.TRAVIS_STACK_NODE_ATTRIBUTES" value="/.node-attributes.yml" />
    <property name="env.LOGNAME" value="travis" />
    <property name="jsdoc.home" value="node_modules/@terraswarm/jsdoc" />
    <property name="debuglevel" value="source,lines,vars" />
    <property name="checkstyle.formatter" value="xml" />
    <property name="env._system_version" value="16.04" />
    <property name="bin.vergil.makeable" value="true" />
    <property name="sun.os.patch.level" value="unknown" />
    <property name="java.vendor.url" value="http://java.oracle.com/" />
    <property name="env.TRAVIS_BUILD_WEB_URL" value="https://travis-ci.org/icyphy/ptII/builds/651072143" />
    <property name="java.version" value="11.0.2" />
    <property name="env.TZ" value="UTC" />
    <property name="env.TRAVIS_PULL_REQUEST_SHA" value="" />
    <property name="env.PT_NO_NET" value="true" />
    <property name="env.TRAVIS_SECURE_ENV_VARS" value="true" />
    <property name="env._system_type" value="Linux" />
    <property name="java.vendor.url.bug" value="http://bugreport.java.com/bugreport/" />
    <property name="npmjs-org-is-up" value="true" />
    <property name="env.LANGUAGE" value="en_US.UTF-8" />
    <property name="env.SSH_CLIENT" value="10.24.3.72 45280 22" />
    <property name="env.GEM_HOME" value="/home/travis/.rvm/gems/ruby-2.5.3" />
    <property name="env.HAS_ANTARES_THREE_LITTLE_FRONZIES_BADGE" value="true" />
    <property name="java.version.date" value="2019-01-15" />
    <property name="env.PS4" value="+" />
    <property name="ant.project.invoked-targets" value="build,test.core2.xml" />
    <property name="env.TRAVIS_PULL_REQUEST_BRANCH" value="" />
    <property name="env.TRAVIS_REPO_SLUG" value="icyphy/ptII" />
    <property name="env.XDG_DATA_DIRS" value="/usr/local/share:/usr/share:/var/lib/snapd/desktop" />
    <property name="jdk.debug" value="release" />
    <property name="env.TRAVIS_APT_PROXY" value="http://build-cache.travisci.net" />
    <property name="env.TRAVIS_CPU_ARCH" value="amd64" />
    <property name="node.in.path" value="true" />
    <property name="user.name" value="travis" />
    <property name="java.maxmemory" value="1400m" />
    <property name="env.RUBY_VERSION" value="ruby-2.5.3" />
    <property name="env.LANG" value="en_US.UTF-8" />
    <property name="sun.io.unicode.encoding" value="UnicodeLittle" />
    <property name="sun.jnu.encoding" value="UTF-8" />
    <property name="java.runtime.name" value="OpenJDK Runtime Environment" />
    <property name="usefile" value="false" />
    <property name="return.code" value="0" />
    <property name="junit.single.formatter" value="plain" />
    <property name="env.DYLD_LIBRARY_PATH" value="/home/travis/pthla/certi-tools/lib:" />
    <property name="env.DEBIAN_FRONTEND" value="noninteractive" />
    <property name="env.SSH_CONNECTION" value="10.24.3.72 45280 10.20.0.62 22" />
    <property name="env.MYSQL_UNIX_PORT" value="/var/run/mysqld/mysqld.sock" />
    <property name="env.LC_ALL" value="en_US.UTF-8" />
    <property name="env.TRAVIS_ALLOW_FAILURE" value="false" />
    <property name="env.TRAVIS_JOB_WEB_URL" value="https://travis-ci.org/icyphy/ptII/jobs/651072152" />
    <property name="java.specification.name" value="Java Platform API Specification" />
    <property name="node.works" value="true" />
    <property name="user.timezone" value="" />
    <property name="path.separator" value=":" />
    <property name="env.TRAVIS_ENABLE_INFRA_DETECTION" value="true" />
    <property name="env.PYTHON_CFLAGS" value="-g -fstack-protector --param=ssp-buffer-size=4 -Wformat -Werror=format-security" />
    <property name="timeout.long" value="4000000" />
    <property name="env.CERTI_HOME" value="/home/travis/pthla/certi-tools" />
    <property name="ant.file.ptII" value="/home/travis/build/icyphy/ptII/build.xml" />
    <property name="javadoc.packagenames" value="com.*,diva.*,lbnl.*,org.hlacerti.*,org.json.*,org.ptolemy.*,org.terraswarm.*,ptolemy.*,ptserver.*" />
    <property name="file.encoding" value="UTF-8" />
    <property name="env.TRAVIS_PULL_REQUEST_SLUG" value="" />
    <property name="ant.project.default-target" value="build" />
    <property name="env.GIT_ASKPASS" value="echo" />
    <property name="env.HOME" value="/home/travis" />
    <property name="sun.java.command" value="org.apache.tools.ant.taskdefs.optional.junit.JUnitTestRunner ptolemy.domains.de.test.junit.JUnitTclTest skipNonTests=false filtertrace=true haltOnError=false haltOnFailure=false formatter=org.apache.tools.ant.taskdefs.optional.junit.OutErrSummaryJUnitResultFormatter showoutput=true outputtoformatters=true logfailedtests=true threadid=0 logtestlistenerevents=false formatter=org.apache.tools.ant.taskdefs.optional.junit.XMLJUnitResultFormatter,/home/travis/build/icyphy/ptII/reports/junit/TEST-ptolemy.domains.de.test.junit.JUnitTclTest.xml crashfile=/home/travis/build/icyphy/ptII/junitvmwatcher13611555712272671429.properties propsfile=/home/travis/build/icyphy/ptII/junit154283033250438313.properties" />
    <property name="env.COMPOSER_NO_INTERACTION" value="1" />
    <property name="env.MANPATH" value="/home/travis/.nvm/versions/node/v7.10.1/share/man:/home/travis/.rvm/rubies/ruby-2.5.3/share/man:/usr/local/cmake-3.12.4/man:/usr/local/clang-7.0.0/share/man:/usr/local/man:/usr/local/share/man:/usr/share/man:/home/travis/.rvm/man" />
    <property name="env.TRAVIS_TIMER_ID" value="03cafad4" />
    <property name="ant.file" value="/home/travis/build/icyphy/ptII/build.xml" />
    <property name="env.TRAVIS_COMMIT_RANGE" value="a6491ed7f226...55ca8de4462f" />
    <property name="env._system_name" value="Ubuntu" />
    <property name="ptII.classpath.optional.property" value="/home/travis/build/icyphy/ptII/lib/bsh-2.0b4.jar:/home/travis/build/icyphy/ptII/lib/ptCal.jar:/home/travis/build/icyphy/ptII/lib/java_cup.jar:/home/travis/build/icyphy/ptII/lib/saxon8.jar:/home/travis/build/icyphy/ptII/lib/saxon8-dom.jar:/home/travis/build/icyphy/ptII/lib/chic.jar:/home/travis/build/icyphy/ptII/lib/ptcolt.jar:/home/travis/build/icyphy/ptII/vendors/misc/itext/iText.jar:/home/travis/build/icyphy/ptII/lib/g4ltl.jar:/home/travis/build/icyphy/ptII/lib/StructuralCoder.jar:/home/travis/build/icyphy/ptII/lib/jcerti.jar:/home/travis/build/icyphy/ptII/lib/javax.mail.jar:/home/travis/build/icyphy/ptII/vendors/JMF-2.1.1e/lib/jmf.jar:/home/travis/build/icyphy/ptII/lib/jna-4.0.0-variadic.jar:/home/travis/build/icyphy/ptII/vendors/misc/joystick/Joystick.jar:/home/travis/build/icyphy/ptII/lib/ptjacl.jar:/home/travis/build/icyphy/ptII/lib/jsoup-1.8.2.jar:/home/travis/build/icyphy/ptII/lib/junit-4.8.2.jar:/home/travis/build/icyphy/ptII/lib/JUnitParams-0.4.0.jar:/home/travis/build/icyphy/ptII/ptolemy/actor/lib/excel/jxl.jar:/home/travis/build/icyphy/ptII/lib/jython.jar:/home/travis/build/icyphy/ptII/lib/kieler.jar:/home/travis/build/icyphy/ptII/vendors/opencv/share/OpenCV/java/opencv-341.jar:/home/travis/build/icyphy/ptII/lib/oscP5.jar:/home/travis/build/icyphy/ptII/lib/nrjavaserial-3.11.0.devel.jar:/home/travis/build/icyphy/ptII/vendors/j3d/lib/Linux/j3dcore.jar:/home/travis/build/icyphy/ptII/vendors/j3d/lib/Linux/j3dutils.jar:/home/travis/build/icyphy/ptII/vendors/j3d/lib/Linux/vecmath.jar:/home/travis/build/icyphy/ptII/vendors/jogl/lib/Linux/gluegen-rt-natives-linux-amd64.jar:/home/travis/build/icyphy/ptII/vendors/jogl/lib/Linux/gluegen-rt.jar:/home/travis/build/icyphy/ptII/vendors/jogl/lib/Linux/jogl-all-natives-linux-amd64.jar:/home/travis/build/icyphy/ptII/vendors/jogl/lib/Linux/jogl-all.jar:/home/travis/build/icyphy/ptII/ptolemy/distributed/jini/jar/jini-core.jar:/home/travis/build/icyphy/ptII/ptolemy/distributed/jini/jar/jini-ext.jar:/home/travis/build/icyphy/ptII/ptolemy/distributed/jini/jar/sun-util.jar:/home/travis/build/icyphy/ptII/lib/protobuf-java-2.4.1.jar:/home/travis/build/icyphy/ptII/lib/org.eclipse.paho.client.mqttv3.jar:/home/travis/build/icyphy/ptII/lib/mapss.jar:/home/travis/build/icyphy/ptII/ptolemy/actor/ptalon/antlr/antlr.jar:/home/travis/build/icyphy/ptII/lib/JRI.jar:/home/travis/build/icyphy/ptII/lib/commons-lang-2.6.jar:/home/travis/build/icyphy/ptII/lib/commons-logging-1.1.1.jar:/home/travis/build/icyphy/ptII/lib/sootclasses.jar:/home/travis/build/icyphy/ptII/ptolemy/actor/lib/database/mysql-connector-java-5.1.6-bin.jar:/home/travis/build/icyphy/ptII/vendors/misc/sphinx4/sphinx4-data-5prealpha.jar:/home/travis/build/icyphy/ptII/vendors/misc/sphinx4/sphinx4-core-5prealpha.jar:/home/travis/build/icyphy/ptII/lib/PDFRenderer.jar:/home/travis/build/icyphy/ptII/lib/svgSalamander.jar:/home/travis/build/icyphy/ptII/lib/rsyntaxtextarea-2.6.0-SNAPSHOT.jar:/home/travis/build/icyphy/ptII/lib/hazelcast-3.8.2.jar:/home/travis/build/icyphy/ptII/lib/jackson-annotations-2.9.0.jar:/home/travis/build/icyphy/ptII/lib/jackson-core-2.9.3.jar:/home/travis/build/icyphy/ptII/lib/jackson-databind-2.9.3.jar:/home/travis/build/icyphy/ptII/lib/netty-buffer-4.1.19.Final.jar:/home/travis/build/icyphy/ptII/lib/netty-codec-4.1.19.Final.jar:/home/travis/build/icyphy/ptII/lib/netty-codec-dns-4.1.19.Final.jar:/home/travis/build/icyphy/ptII/lib/netty-codec-http-4.1.19.Final.jar:/home/travis/build/icyphy/ptII/lib/netty-codec-http2-4.1.19.Final.jar:/home/travis/build/icyphy/ptII/lib/netty-common-4.1.19.Final.jar:/home/travis/build/icyphy/ptII/lib/netty-handler-4.1.19.Final.jar:/home/travis/build/icyphy/ptII/lib/netty-resolver-4.1.19.Final.jar:/home/travis/build/icyphy/ptII/lib/netty-resolver-dns-4.1.19.Final.jar:/home/travis/build/icyphy/ptII/lib/netty-transport-4.1.19.Final.jar:/home/travis/build/icyphy/ptII/lib/vertx-codegen-3.5.1.jar:/home/travis/build/icyphy/ptII/lib/vertx-core-3.5.2-SNAPSHOT.jar:/home/travis/build/icyphy/ptII/lib/vertx-hazelcast-3.5.1.jar:/home/travis/build/icyphy/ptII/lib/vertx-lang-js-3.5.1.jar:/home/travis/build/icyphy/ptII/lib/vertx-service-proxy-3.5.1.jar:/home/travis/build/icyphy/ptII/lib/vertx-web-3.5.1.jar:/home/travis/build/icyphy/ptII/lib/slf4j-api-1.7.13.jar:/home/travis/build/icyphy/ptII/lib/slf4j-simple-1.7.13.jar:/home/travis/build/icyphy/ptII/lib/webcam-capture-0.3.12.jar:/home/travis/build/icyphy/ptII/lib/bridj-0.7.0.jar:/home/travis/build/icyphy/ptII/lib/xbjlib-1.1.0.nrjavaserial.jar" />
    <property name="timeout" value="2400000" />
    <property name="test.batch" value="**/junit/*.java" />
    <property name="env._" value="/usr/bin/timeout" />
    <property name="java.io.tmpdir" value="/tmp" />
    <property name="user.language" value="en" />
    <property name="env.TRAVIS_INTERNAL_RUBY_REGEX" value="^ruby-(2\.[0-4]\.[0-9]|1\.9\.3)" />
    <property name="env.HISTCONTROL" value="ignoredups:ignorespace" />
    <property name="env.GOROOT" value="/home/travis/.gimme/versions/go1.11.1.linux.amd64" />
    <property name="line.separator" value="&#xa;" />
    <property name="target" value="11" />
    <property name="env.TRAVIS_BUILD_DIR" value="/home/travis/build/icyphy/ptII" />
    <property name="env.ANT_OPTS" value="-Xmx2048m" />
    <property name="ant.file.type" value="file" />
    <property name="ptolemy.ptII.batchMode" value="true" />
    <property name="env.HISTSIZE" value="1000" />
    <property name="env.MERB_ENV" value="test" />
    <property name="java.vm.info" value="mixed mode" />
    <property name="source" value="11" />
    <property name="java.vm.specification.name" value="Java Virtual Machine Specification" />
    <property name="env.TRAVIS_TEST_RESULT" value="0" />
    <property name="jsdoc.command" value="node_modules/@terraswarm/jsdoc/jsdoc.js" />
    <property name="npm.works" value="true" />
    <property name="cobertura.dir" value="/home/travis/build/icyphy/ptII/vendors/cobertura-2.0.3" />
    <property name="jsdoc.command.exists" value="true" />
    <property name="env.rvm_path" value="/home/travis/.rvm" />
    <property name="env.GEM_PATH" value="/home/travis/.rvm/gems/ruby-2.5.3:/home/travis/.rvm/gems/ruby-2.5.3@global" />
    <property name="env.LC_CTYPE" value="en_US.UTF-8" />
    <property name="env.TRAVIS_CMD" value="$PTII/bin/ptIITravisBuild.sh $SECONDS" />
    <property name="java.awt.printerjob" value="sun.print.PSPrinterJob" />
    <property name="env.TRAVIS_STACK_NAME" value="sardonyx" />
    <property name="env.TRAVIS_TIMER_START_TIME" value="1581852329517707972" />
    <property name="ant.version" value="Apache Ant(TM) version 1.10.1 compiled on February 2 2017" />
    <property name="ptII.reports" value="/home/travis/build/icyphy/ptII/reports" />
    <property name="env.TRAVIS_STACK_TIMESTAMP" value="2019-03-25 16:16:56 UTC" />
    <property name="ant.file.type.ptII" value="file" />
    <property name="env.RBENV_SHELL" value="bash" />
    <property name="os.name" value="Linux" />
    <property name="java.specification.vendor" value="Oracle Corporation" />
    <property name="env.rvm_version" value="1.29.7 (latest)" />
    <property name="env.TRAVIS_INFRA" value="gce" />
    <property name="env.TERM" value="xterm" />
    <property name="java.vm.name" value="OpenJDK 64-Bit Server VM" />
    <property name="env.TRAVIS_BUILD_NUMBER" value="1514" />
    <property name="env.CI" value="true" />
    <property name="java.library.path" value="/home/travis/pthla/certi-tools/lib:/usr/lib/jni:/usr/local/share/OpenCV/java/:/usr/share/OpenCV/java::/usr/java/packages/lib:/usr/lib64:/lib64:/lib:/usr/lib" />
    <property name="jdk.module.path" value="/home/travis/build/icyphy/ptII/vendors/javafx/javafx-sdk-11.0.2/lib:" />
    <property name="env.rvm_prefix" value="/home/travis" />
    <property name="env.PATH" value="/home/travis/pthla/certi-tools/share/scripts:/home/travis/.rvm/gems/ruby-2.5.3/bin:/home/travis/.rvm/gems/ruby-2.5.3@global/bin:/home/travis/.rvm/rubies/ruby-2.5.3/bin:/home/travis/.rvm/bin:/home/travis/.nvm/versions/node/v7.10.1/bin:./node_modules/.bin:/home/travis/build/icyphy/ptII/bin:/home/travis/pthla/certi-tools/bin:/home/travis/bin:/home/travis/.local/bin:/usr/local/lib/jvm/openjdk11/bin:/opt/pyenv/shims:/home/travis/.phpenv/shims:/home/travis/perl5/perlbrew/bin:/home/travis/gopath/bin:/home/travis/.gimme/versions/go1.11.1.linux.amd64/bin:/usr/local/maven-3.6.0/bin:/usr/local/cmake-3.12.4/bin:/usr/local/clang-7.0.0/bin:/usr/local/sbin:/usr/local/bin:/usr/sbin:/usr/bin:/sbin:/bin:/snap/bin:/home/travis/.phpenv/bin:/opt/pyenv/bin:/home/travis/.yarn/bin" />
    <property name="env.TRAVIS_OS_NAME" value="linux" />
    <property name="ant.java.version" value="9" />
    <property name="basedir" value="/home/travis/build/icyphy/ptII" />
    <property name="java.class.version" value="55.0" />
    <property name="env.SHLVL" value="3" />
    <property name="env.LD_LIBRARY_PATH" value="/home/travis/pthla/certi-tools/lib:/usr/lib/jni:/usr/local/share/OpenCV/java/:/usr/share/OpenCV/java:" />
    <property name="env.RACK_ENV" value="test" />
    <property name="ant.home" value="/home/travis/build/icyphy/ptII/ant" />
    <property name="env.NVM_DIR" value="/home/travis/.nvm" />
    <property name="env.CERTI_FOM_PATH" value="/home/travis/pthla/certi-tools/share/federations" />
    <property name="env.TRAVIS_BUILD_ID" value="651072143" />
    <property name="env.PYENV_ROOT" value="/opt/pyenv" />
    <property name="env.TRAVIS_UID" value="2000" />
    <property name="prism.verbose" value="true" />
    <property name="env.NVM_BIN" value="/home/travis/.nvm/versions/node/v7.10.1/bin" />
    <property name="env.TRAVIS_COMMIT" value="55ca8de4462fb04093c7e3635ce756bd55c38854" />
    <property name="env._system_arch" value="x86_64" />
    <property name="node.executable" value="node" />
    <property name="sun.boot.library.path" value="/usr/local/lib/jvm/openjdk11/lib" />
    <property name="sun.management.compiler" value="HotSpot 64-Bit Tiered Compilers" />
    <property name="java.awt.graphicsenv" value="sun.awt.X11GraphicsEnvironment" />
    <property name="env.GOPATH" value="/home/travis/gopath" />
    <property name="ptolemy.ptII.dir" value="/home/travis/build/icyphy/ptII" />
    <property name="env.USER" value="travis" />
    <property name="env.HISTFILESIZE" value="2000" />
    <property name="timeout.longest" value="19000000" />
    <property name="env.PERLBREW_SHELLRC_VERSION" value="0.86" />
    <property name="env.TRAVIS_STACK_FEATURES" value="basic couchdb disabled-ipv6 docker docker-compose elasticsearch firefox go-toolchain google-chrome jdk memcached mongodb mysql nodejs_interpreter perl_interpreter perlbrew phantomjs postgresql python_interpreter redis ruby_interpreter sqlite xserver" />
    <property name="env.TRAVIS_PULL_REQUEST" value="false" />
    <property name="env.PYENV_SHELL" value="bash" />
    <property name="ant.project.name" value="ptII" />
    <property name="env.ANSI_RESET" value="\033[0m" />
    <property name="java.vm.specification.version" value="11" />
    <property name="env.TRAVIS_DIST" value="xenial" />
    <property name="env.CERTI_VERSION" value="4.0.0" />
    <property name="env.CERTI_HOST" value="localhost" />
    <property name="awt.toolkit" value="sun.awt.X11.XToolkit" />
    <property name="env.MY_RUBY_HOME" value="/home/travis/.rvm/rubies/ruby-2.5.3" />
    <property name="sun.cpu.isalist" value="" />
    <property name="env.TRAVIS_TMPDIR" value="/tmp/tmp.hn0rxt5z5O" />
    <property name="java.vm.compressedOopsMode" value="Zero based" />
    <property name="os.version" value="4.15.0-1028-gcp" />
    <property name="user.home" value="/home/travis" />
    <property name="java.vm.vendor" value="Oracle Corporation" />
    <property name="env.TRAVIS_TAG" value="nightly" />
    <property name="env.ANSI_YELLOW" value="\033[33;1m" />
    <property name="env.TRAVIS_FILTERED" value="redirect_io" />
    <property name="env.ANSI_GREEN" value="\033[32;1m" />
    <property name="env.JAVA_HOME" value="/usr/local/lib/jvm/openjdk11" />
    <property name="javadoc.excludepackagenames" value="adm.cvs2svn.*,build.*,config.*,doc.coding.templates.*,jni.test.jni.meaningOfLife.*,jni.test.jni.testDeux.*,jni.test.jni.testTrois.*,org.terraswarm.accessor.accessors.web.node_modules.*,org.terraswarm.accessor.accessors.web.hosts.cordova.demo.*,org.terraswarm.accessor.accessors.web.hosts.cordova.plugins.*,org.terraswarm.accessor.accessors-svn.*,pt-modules.*,ptolemy.apps.agilent.*,ptolemy.apps.anytimecontrol.*,ptolemy.apps.apes.*,ptolemy.apps.charon.*,ptolemy.apps.crazyboard.*,ptolemy.apps.eclipse.*,ptolemy.apps.etherealSting.*,ptolemy.apps.fullscreen.*,ptolemy.apps.giotto.*,ptolemy.apps.ia.*,ptolemy.apps.interfaces.*,ptolemy.apps.jmf.*,ptolemy.apps.kurt.*,ptolemy.apps.kvm.*,ptolemy.apps.lego.*,ptolemy.apps.lejos.*,ptolemy.apps.midp.*,ptolemy.apps.mobileCoding.*,ptolemy.apps.pendulum.*,ptolemy.apps.rijndael.*,ptolemy.apps.robot.*,ptolemy.apps.security.*,ptolemy.apps.sobel.*,ptolemy.apps.soot.*,ptolemy.apps.throttle.*,ptolemy.apps.tini.*,ptolemy.apps.transmission.*,ptolemy.apps.vergil.*,ptolemy.apps.waba.*,ptolemy.apps.websensor.*,ptolemy.apps.webstart.*,ptolemy.apps.xsl.*,ptolemy.apps.zaurus.*,ptolemy.codegen.c.actor.lib.oldJavaFiles.*,ptolemy.codegen.dsp.lib.*,ptolemy.codegen.kernel.newInterfaces.*,ptolemy.codegen.lib.*,ptolemy.copernicus.kernel.fragment.*,ptolemy.copernicus.shallow.cg.*,ptolemy.domains.giotto.demo.Hierarchy.Hierarchy.*,ptolemy.domains.giotto.demo.Multimode.Multimode.*,ptolemy.domains.giotto.demo.Simple.Simple.*,ptolemy.domains.gr.lib.experimental.*,ptolemy.domains.gro.*,ptolemy.domains.pdf.*,ptolemy.domains.ptinyos.demo.Surge.output.*,ptolemy.moml.test.NoPackageActor.java*,ptolemy.plot.adm.*,ptolemy.plot.servlet.*,reports.*,signed.*,src.*,target.*,vendors.*,ptolemy.copernicus.applet.*,ptolemy.media.viewer.*,ptolemy.actor.corba.*,doc.doclets.*,ptolemy.apps.eclipse.awt.*,ptolemy.backtrack.*,ptolemy.backtrack.ast.*,ptolemy.cg.adapter.generic.program.procedural.c.mbed*,ptolemy.homer.*,ptolemy.actor.lib.jai.*,org.ptolemy.scala.*,diva.util.java2d.svg.*,ptolemy.domains.ptinyos.*,ptolemy.actor.lib.fmi.fmipp.*,,org.terraswarm.accessor.accessors.web.node_modules.*,org.terraswarm.accessor.accessors-svn,ptolemy.apps.*,ptolemy.actor.ptalon.demo.ptinyos.SendAndReceiveCnt.output,ptolemy.actor.ptalon.demo.ptinyos.SenseToLeds.output,ptolemy.domains.ptinyos.demo.CntToLedsAndRfm.output,ptolemy.domains.ptinyos.demo.RfmToLeds.output,ptolemy.domains.ptinyos.demo.SendAndReceiveCnt.output,ptolemy.domains.ptinyos.demo.SenseToLeds.output,ptolemy.actor.lib.jjs.modules.udpSocket.*" />
    <property name="env.PTII" value="/home/travis/build/icyphy/ptII" />
    <property name="env.XDG_SESSION_ID" value="2" />
    <property name="keystore" value="ptKeystore" />
    <property name="env.TRAVIS_COMMIT_MESSAGE" value="Changed evokeMultipleCallbacks to evokeCallback" />
    <property name="junit.output.dir" value="/home/travis/build/icyphy/ptII/reports/junit" />
    <property name="npm.return.code" value="0" />
    <property name="user.dir" value="/home/travis/build/icyphy/ptII/ptolemy/domains/de/test" />
    <property name="env.TRAVIS_NODE_VERSION" value="7" />
    <property name="env.TRAVIS_EVENT_TYPE" value="push" />
    <property name="env.MAIL" value="/var/mail/travis" />
    <property name="env.PERLBREW_ROOT" value="/home/travis/perl5/perlbrew" />
    <property name="env.PWD" value="/home/travis/build/icyphy/ptII" />
    <property name="timeout.npm" value="45000" />
    <property name="env.PT_TRAVIS_TEST_CORE2_XML" value="true" />
    <property name="env.TRAVIS_ARCH" value="amd64" />
    <property name="sun.cpu.endian" value="little" />
    <property name="env.PAGER" value="cat" />
    <property name="env.TRAVIS_BUILD_STAGE_NAME" value="Test" />
    <property name="env.PERLBREW_HOME" value="/home/travis/.perlbrew" />
    <property name="java.vm.version" value="11.0.2+9" />
    <property name="env.RAILS_ENV" value="test" />
    <property name="java.class.path" value="/home/travis/build/icyphy/ptII:/home/travis/build/icyphy/ptII/lib/bsh-2.0b4.jar:/home/travis/build/icyphy/ptII/lib/ptCal.jar:/home/travis/build/icyphy/ptII/lib/java_cup.jar:/home/travis/build/icyphy/ptII/lib/saxon8.jar:/home/travis/build/icyphy/ptII/lib/saxon8-dom.jar:/home/travis/build/icyphy/ptII/lib/chic.jar:/home/travis/build/icyphy/ptII/lib/ptcolt.jar:/home/travis/build/icyphy/ptII/vendors/misc/itext/iText.jar:/home/travis/build/icyphy/ptII/lib/g4ltl.jar:/home/travis/build/icyphy/ptII/lib/StructuralCoder.jar:/home/travis/build/icyphy/ptII/lib/jcerti.jar:/home/travis/build/icyphy/ptII/lib/javax.mail.jar:/home/travis/build/icyphy/ptII/vendors/JMF-2.1.1e/lib/jmf.jar:/home/travis/build/icyphy/ptII/lib/jna-4.0.0-variadic.jar:/home/travis/build/icyphy/ptII/vendors/misc/joystick/Joystick.jar:/home/travis/build/icyphy/ptII/lib/ptjacl.jar:/home/travis/build/icyphy/ptII/lib/jsoup-1.8.2.jar:/home/travis/build/icyphy/ptII/lib/junit-4.8.2.jar:/home/travis/build/icyphy/ptII/lib/JUnitParams-0.4.0.jar:/home/travis/build/icyphy/ptII/ptolemy/actor/lib/excel/jxl.jar:/home/travis/build/icyphy/ptII/lib/jython.jar:/home/travis/build/icyphy/ptII/lib/kieler.jar:/home/travis/build/icyphy/ptII/vendors/opencv/share/OpenCV/java/opencv-341.jar:/home/travis/build/icyphy/ptII/lib/oscP5.jar:/home/travis/build/icyphy/ptII/lib/nrjavaserial-3.11.0.devel.jar:/home/travis/build/icyphy/ptII/vendors/j3d/lib/Linux/j3dcore.jar:/home/travis/build/icyphy/ptII/vendors/j3d/lib/Linux/j3dutils.jar:/home/travis/build/icyphy/ptII/vendors/j3d/lib/Linux/vecmath.jar:/home/travis/build/icyphy/ptII/vendors/jogl/lib/Linux/gluegen-rt-natives-linux-amd64.jar:/home/travis/build/icyphy/ptII/vendors/jogl/lib/Linux/gluegen-rt.jar:/home/travis/build/icyphy/ptII/vendors/jogl/lib/Linux/jogl-all-natives-linux-amd64.jar:/home/travis/build/icyphy/ptII/vendors/jogl/lib/Linux/jogl-all.jar:/home/travis/build/icyphy/ptII/ptolemy/distributed/jini/jar/jini-core.jar:/home/travis/build/icyphy/ptII/ptolemy/distributed/jini/jar/jini-ext.jar:/home/travis/build/icyphy/ptII/ptolemy/distributed/jini/jar/sun-util.jar:/home/travis/build/icyphy/ptII/lib/protobuf-java-2.4.1.jar:/home/travis/build/icyphy/ptII/lib/org.eclipse.paho.client.mqttv3.jar:/home/travis/build/icyphy/ptII/lib/mapss.jar:/home/travis/build/icyphy/ptII/ptolemy/actor/ptalon/antlr/antlr.jar:/home/travis/build/icyphy/ptII/lib/JRI.jar:/home/travis/build/icyphy/ptII/lib/commons-lang-2.6.jar:/home/travis/build/icyphy/ptII/lib/commons-logging-1.1.1.jar:/home/travis/build/icyphy/ptII/lib/sootclasses.jar:/home/travis/build/icyphy/ptII/ptolemy/actor/lib/database/mysql-connector-java-5.1.6-bin.jar:/home/travis/build/icyphy/ptII/vendors/misc/sphinx4/sphinx4-data-5prealpha.jar:/home/travis/build/icyphy/ptII/vendors/misc/sphinx4/sphinx4-core-5prealpha.jar:/home/travis/build/icyphy/ptII/lib/PDFRenderer.jar:/home/travis/build/icyphy/ptII/lib/svgSalamander.jar:/home/travis/build/icyphy/ptII/lib/rsyntaxtextarea-2.6.0-SNAPSHOT.jar:/home/travis/build/icyphy/ptII/lib/hazelcast-3.8.2.jar:/home/travis/build/icyphy/ptII/lib/jackson-annotations-2.9.0.jar:/home/travis/build/icyphy/ptII/lib/jackson-core-2.9.3.jar:/home/travis/build/icyphy/ptII/lib/jackson-databind-2.9.3.jar:/home/travis/build/icyphy/ptII/lib/netty-buffer-4.1.19.Final.jar:/home/travis/build/icyphy/ptII/lib/netty-codec-4.1.19.Final.jar:/home/travis/build/icyphy/ptII/lib/netty-codec-dns-4.1.19.Final.jar:/home/travis/build/icyphy/ptII/lib/netty-codec-http-4.1.19.Final.jar:/home/travis/build/icyphy/ptII/lib/netty-codec-http2-4.1.19.Final.jar:/home/travis/build/icyphy/ptII/lib/netty-common-4.1.19.Final.jar:/home/travis/build/icyphy/ptII/lib/netty-handler-4.1.19.Final.jar:/home/travis/build/icyphy/ptII/lib/netty-resolver-4.1.19.Final.jar:/home/travis/build/icyphy/ptII/lib/netty-resolver-dns-4.1.19.Final.jar:/home/travis/build/icyphy/ptII/lib/netty-transport-4.1.19.Final.jar:/home/travis/build/icyphy/ptII/lib/vertx-codegen-3.5.1.jar:/home/travis/build/icyphy/ptII/lib/vertx-core-3.5.2-SNAPSHOT.jar:/home/travis/build/icyphy/ptII/lib/vertx-hazelcast-3.5.1.jar:/home/travis/build/icyphy/ptII/lib/vertx-lang-js-3.5.1.jar:/home/travis/build/icyphy/ptII/lib/vertx-service-proxy-3.5.1.jar:/home/travis/build/icyphy/ptII/lib/vertx-web-3.5.1.jar:/home/travis/build/icyphy/ptII/lib/slf4j-api-1.7.13.jar:/home/travis/build/icyphy/ptII/lib/slf4j-simple-1.7.13.jar:/home/travis/build/icyphy/ptII/lib/webcam-capture-0.3.12.jar:/home/travis/build/icyphy/ptII/lib/bridj-0.7.0.jar:/home/travis/build/icyphy/ptII/lib/xbjlib-1.1.0.nrjavaserial.jar:/home/travis/build/icyphy/ptII/ptolemy/moml/test:/home/travis/build/icyphy/ptII/ant/lib/ant-launcher.jar:/home/travis/build/icyphy/ptII/ant/lib/ant.jar:/home/travis/build/icyphy/ptII/ant/lib/ant-junit.jar:/home/travis/build/icyphy/ptII/ant/lib/ant-junit4.jar" />
    <property name="ant.library.dir" value="/home/travis/build/icyphy/ptII/ant/lib" />
    <property name="os.arch" value="amd64" />
    <property name="env.CONTINUOUS_INTEGRATION" value="true" />
    <property name="env.TRAVIS_LANGUAGE" value="node_js" />
    <property name="env.TRAVIS_STACK_LANGUAGES" value="__sardonyx__ c c++ clojure cplusplus cpp default generic go groovy java node_js php pure_java python ruby scala" />
    <property name="test.name" value="ptolemy.actor.lib.test.junit.JUnitTclTest" />
    <property name="env.APT_KEY_DONT_WARN_ON_DANGEROUS_USAGE" value="1" />
    <property name="sun.java.launcher" value="SUN_STANDARD" />
    <property name="env.PYTHON_CONFIGURE_OPTS" value="--enable-unicode=ucs4 --with-wide-unicode --enable-shared --enable-ipv6 --enable-loadable-sqlite-extensions --with-computed-gotos" />
    <property name="ant.core.lib" value="/home/travis/build/icyphy/ptII/ant/lib/ant.jar" />
    <property name="java.vm.specification.vendor" value="Oracle Corporation" />
    <property name="env.BCVTB_HOME" value="/home/travis/build/icyphy/ptII/lbnl" />
    <property name="file.separator" value="/" />
    <property name="spotbugs.home" value="/home/travis/build/icyphy/ptII/vendors/spotbugs-3.1.1" />
    <property name="java.runtime.version" value="11.0.2+9" />
    <property name="env.ANSI_CLEAR" value="\033[0K" />
    <property name="javafx.verbose" value="true" />
    <property name="env.HAS_JOSH_K_SEAL_OF_APPROVAL" value="true" />
    <property name="env.XDG_RUNTIME_DIR" value="/run/user/2000" />
    <property name="env.TRAVIS_OSX_IMAGE" value="" />
    <property name="env.TRAVIS_JOB_ID" value="651072152" />
    <property name="env.TRAVIS_BRANCH" value="master" />
    <property name="user.country" value="US" />
    <property name="env.CERTI_HOME_TRAVIS" value="/home/travis/pthla/certi-tools" />
    <property name="env.SHELL" value="/bin/bash" />
    <property name="java.maxmemory.large" value="3200m" />
    <property name="model" value="" />
    <property name="env.CASHER_DIR" value="/home/travis/.casher" />
    <property name="env.NVM_CD_FLAGS" value="" />
    <property name="java.vendor.version" value="18.9" />
    <property name="jshint.executable" value="/home/travis/node_modules/jshint/bin/jshint" />
    <property name="env.JRUBY_OPTS" value=" --client -J-XX:+TieredCompilation -J-XX:TieredStopAtLevel=1 -J-Xss2m -Xcompile.invokedynamic=false" />
    <property name="java.vendor" value="Oracle Corporation" />
    <property name="env.TRAVIS_PRE_CHEF_BOOTSTRAP_TIME" value="2019-03-25T16:16:42" />
    <property name="env.TRAVIS_STACK_JOB_BOARD_REGISTER" value="/.job-board-register.yml" />
    <property name="env.ANSI_RED" value="\033[31;1m" />
    <property name="java.specification.version" value="11" />
    <property name="env.IRBRC" value="/home/travis/.rvm/rubies/ruby-2.5.3/.irbrc" />
    <property name="env.TRAVIS" value="true" />
    <property name="sun.arch.data.model" value="64" />
  </properties>
  <testcase classname="ptolemy.util.test.junit.TclTests" name="[0] /home/travis/build/icyphy/ptII/ptolemy/domains/de/test/DependencyLoop.tcl (RunTclFile)" time="0.95" />
  <testcase classname="ptolemy.util.test.junit.TclTests" name="[1] /home/travis/build/icyphy/ptII/ptolemy/domains/de/test/RunDETestsAsQSS.tcl (RunTclFile)" time="83.422" />
  <testcase classname="ptolemy.util.test.junit.AutoKnownFailedTests" name="[0] /home/travis/build/icyphy/ptII/ptolemy/domains/de/test/auto/knownFailedTests/DESDFClockTest.xml (RunModel)" time="2.065" />
  <testcase classname="ptolemy.util.test.junit.AutoKnownFailedTests" name="[1] /home/travis/build/icyphy/ptII/ptolemy/domains/de/test/auto/knownFailedTests/DirectFeedback.xml (RunModel)" time="0.016" />
  <testcase classname="ptolemy.util.test.junit.AutoKnownFailedTests" name="[2] /home/travis/build/icyphy/ptII/ptolemy/domains/de/test/auto/knownFailedTests/FSMSource.xml (RunModel)" time="0.041" />
  <testcase classname="ptolemy.util.test.junit.AutoKnownFailedTests" name="[3] /home/travis/build/icyphy/ptII/ptolemy/domains/de/test/auto/knownFailedTests/HierarchicalModel.xml (RunModel)" time="0.049" />
  <testcase classname="ptolemy.util.test.junit.AutoKnownFailedTests" name="[4] /home/travis/build/icyphy/ptII/ptolemy/domains/de/test/auto/knownFailedTests/dependencyLoop.xml (RunModel)" time="0.049" />
  <testcase classname="ptolemy.util.test.junit.AutoKnownFailedTests" name="[5] /home/travis/build/icyphy/ptII/ptolemy/domains/de/test/auto/knownFailedTests/dependencyLoop2.xml (RunModel)" time="0.045" />
  <testcase classname="ptolemy.util.test.junit.AutoNameArchTests" name="[0] ThereAreNoAutoArchTests (RunModel)" time="0.001" />
  <testcase classname="ptolemy.util.test.junit.AutoTests" name="[0] /home/travis/build/icyphy/ptII/ptolemy/domains/de/test/auto/ActorDepthCalculation_actorWithoutPorts.xml (RunModel)" time="0.023" />
  <testcase classname="ptolemy.util.test.junit.AutoTests" name="[1] /home/travis/build/icyphy/ptII/ptolemy/domains/de/test/auto/AssemblyLine.xml (RunModel)" time="0.021" />
  <testcase classname="ptolemy.util.test.junit.AutoTests" name="[2] /home/travis/build/icyphy/ptII/ptolemy/domains/de/test/auto/CQBug1.xml (RunModel)" time="0.016" />
  <testcase classname="ptolemy.util.test.junit.AutoTests" name="[3] /home/travis/build/icyphy/ptII/ptolemy/domains/de/test/auto/CancelFireAt.xml (RunModel)" time="0.024" />
  <testcase classname="ptolemy.util.test.junit.AutoTests" name="[4] /home/travis/build/icyphy/ptII/ptolemy/domains/de/test/auto/CausalityAndComposabilityAnalysis.xml (RunModel)" time="0.022" />
  <testcase classname="ptolemy.util.test.junit.AutoTests" name="[5] /home/travis/build/icyphy/ptII/ptolemy/domains/de/test/auto/CausalityInterface1.xml (RunModel)" time="0.018" />
  <testcase classname="ptolemy.util.test.junit.AutoTests" name="[6] /home/travis/build/icyphy/ptII/ptolemy/domains/de/test/auto/CausalityInterface15.xml (RunModel)" time="0.023" />
  <testcase classname="ptolemy.util.test.junit.AutoTests" name="[7] /home/travis/build/icyphy/ptII/ptolemy/domains/de/test/auto/CausalityInterface2.xml (RunModel)" time="0.015" />
  <testcase classname="ptolemy.util.test.junit.AutoTests" name="[8] /home/travis/build/icyphy/ptII/ptolemy/domains/de/test/auto/CausalityInterface3.xml (RunModel)" time="0.016" />
  <testcase classname="ptolemy.util.test.junit.AutoTests" name="[9] /home/travis/build/icyphy/ptII/ptolemy/domains/de/test/auto/ClockDrift.xml (RunModel)" time="0.04" />
  <testcase classname="ptolemy.util.test.junit.AutoTests" name="[10] /home/travis/build/icyphy/ptII/ptolemy/domains/de/test/auto/ClockDriftAndValueChange.xml (RunModel)" time="0.037" />
  <testcase classname="ptolemy.util.test.junit.AutoTests" name="[11] /home/travis/build/icyphy/ptII/ptolemy/domains/de/test/auto/ClockDriftChange.xml (RunModel)" time="0.038" />
  <testcase classname="ptolemy.util.test.junit.AutoTests" name="[12] /home/travis/build/icyphy/ptII/ptolemy/domains/de/test/auto/ComposableCausalityAnalysis.xml (RunModel)" time="0.018" />
  <testcase classname="ptolemy.util.test.junit.AutoTests" name="[13] /home/travis/build/icyphy/ptII/ptolemy/domains/de/test/auto/DEFixedPointLimitation.xml (RunModel)" time="0.011" />
  <testcase classname="ptolemy.util.test.junit.AutoTests" name="[14] /home/travis/build/icyphy/ptII/ptolemy/domains/de/test/auto/DEScheduleTest.xml (RunModel)" time="0.024" />
  <testcase classname="ptolemy.util.test.junit.AutoTests" name="[15] /home/travis/build/icyphy/ptII/ptolemy/domains/de/test/auto/DEinDEwithStartTimes.xml (RunModel)" time="0.019" />
  <testcase classname="ptolemy.util.test.junit.AutoTests" name="[16] /home/travis/build/icyphy/ptII/ptolemy/domains/de/test/auto/DEinDEwithStartTimes2.xml (RunModel)" time="0.026" />
  <testcase classname="ptolemy.util.test.junit.AutoTests" name="[17] /home/travis/build/icyphy/ptII/ptolemy/domains/de/test/auto/DateDemo.xml (RunModel)" time="0.033" />
  <testcase classname="ptolemy.util.test.junit.AutoTests" name="[18] /home/travis/build/icyphy/ptII/ptolemy/domains/de/test/auto/DateToEvent.xml (RunModel)" time="2.047" />
  <testcase classname="ptolemy.util.test.junit.AutoTests" name="[19] /home/travis/build/icyphy/ptII/ptolemy/domains/de/test/auto/DepthTest1.xml (RunModel)" time="0.01" />
  <testcase classname="ptolemy.util.test.junit.AutoTests" name="[20] /home/travis/build/icyphy/ptII/ptolemy/domains/de/test/auto/DepthTest2.xml (RunModel)" time="0.022" />
  <testcase classname="ptolemy.util.test.junit.AutoTests" name="[21] /home/travis/build/icyphy/ptII/ptolemy/domains/de/test/auto/DepthTest3.xml (RunModel)" time="0.013" />
  <testcase classname="ptolemy.util.test.junit.AutoTests" name="[22] /home/travis/build/icyphy/ptII/ptolemy/domains/de/test/auto/DepthTest4.xml (RunModel)" time="0.021" />
  <testcase classname="ptolemy.util.test.junit.AutoTests" name="[23] /home/travis/build/icyphy/ptII/ptolemy/domains/de/test/auto/DepthTest5.xml (RunModel)" time="0.021" />
  <testcase classname="ptolemy.util.test.junit.AutoTests" name="[24] /home/travis/build/icyphy/ptII/ptolemy/domains/de/test/auto/DepthTest6.xml (RunModel)" time="0.014" />
  <testcase classname="ptolemy.util.test.junit.AutoTests" name="[25] /home/travis/build/icyphy/ptII/ptolemy/domains/de/test/auto/DepthTest7.xml (RunModel)" time="0.012" />
  <testcase classname="ptolemy.util.test.junit.AutoTests" name="[26] /home/travis/build/icyphy/ptII/ptolemy/domains/de/test/auto/EventToDate.xml (RunModel)" time="3.032" />
  <testcase classname="ptolemy.util.test.junit.AutoTests" name="[27] /home/travis/build/icyphy/ptII/ptolemy/domains/de/test/auto/FSM1.xml (RunModel)" time="0.057" />
  <testcase classname="ptolemy.util.test.junit.AutoTests" name="[28] /home/travis/build/icyphy/ptII/ptolemy/domains/de/test/auto/FSM7.xml (RunModel)" time="0.032" />
  <testcase classname="ptolemy.util.test.junit.AutoTests" name="[29] /home/travis/build/icyphy/ptII/ptolemy/domains/de/test/auto/Inspection.xml (RunModel)" time="0.039" />
  <testcase classname="ptolemy.util.test.junit.AutoTests" name="[30] /home/travis/build/icyphy/ptII/ptolemy/domains/de/test/auto/Iteration.xml (RunModel)" time="0.023" />
  <testcase classname="ptolemy.util.test.junit.AutoTests" name="[31] /home/travis/build/icyphy/ptII/ptolemy/domains/de/test/auto/LineFault.xml (RunModel)" time="0.516" />
  <testcase classname="ptolemy.util.test.junit.AutoTests" name="[32] /home/travis/build/icyphy/ptII/ptolemy/domains/de/test/auto/MergeModel1Add.xml (RunModel)" time="0.045" />
  <testcase classname="ptolemy.util.test.junit.AutoTests" name="[33] /home/travis/build/icyphy/ptII/ptolemy/domains/de/test/auto/MergeModel2Add.xml (RunModel)" time="0.037" />
  <testcase classname="ptolemy.util.test.junit.AutoTests" name="[34] /home/travis/build/icyphy/ptII/ptolemy/domains/de/test/auto/MergeModel3Add.xml (RunModel)" time="0.059" />
  <testcase classname="ptolemy.util.test.junit.AutoTests" name="[35] /home/travis/build/icyphy/ptII/ptolemy/domains/de/test/auto/MergeWithoutDiscard.xml (RunModel)" time="0.011" />
  <testcase classname="ptolemy.util.test.junit.AutoTests" name="[36] /home/travis/build/icyphy/ptII/ptolemy/domains/de/test/auto/Modal1.xml (RunModel)" time="0.027" />
  <testcase classname="ptolemy.util.test.junit.AutoTests" name="[37] /home/travis/build/icyphy/ptII/ptolemy/domains/de/test/auto/Modal2.xml (RunModel)" time="0.026" />
  <testcase classname="ptolemy.util.test.junit.AutoTests" name="[38] /home/travis/build/icyphy/ptII/ptolemy/domains/de/test/auto/Modal3.xml (RunModel)" time="0.025" />
  <testcase classname="ptolemy.util.test.junit.AutoTests" name="[39] /home/travis/build/icyphy/ptII/ptolemy/domains/de/test/auto/Modal4.xml (RunModel)" time="0.034" />
  <testcase classname="ptolemy.util.test.junit.AutoTests" name="[40] /home/travis/build/icyphy/ptII/ptolemy/domains/de/test/auto/Modal5.xml (RunModel)" time="0.028" />
  <testcase classname="ptolemy.util.test.junit.AutoTests" name="[41] /home/travis/build/icyphy/ptII/ptolemy/domains/de/test/auto/Modal6.xml (RunModel)" time="0.034" />
  <testcase classname="ptolemy.util.test.junit.AutoTests" name="[42] /home/travis/build/icyphy/ptII/ptolemy/domains/de/test/auto/Modal7.xml (RunModel)" time="0.034" />
  <testcase classname="ptolemy.util.test.junit.AutoTests" name="[43] /home/travis/build/icyphy/ptII/ptolemy/domains/de/test/auto/ModalModel.xml (RunModel)" time="0.174" />
  <testcase classname="ptolemy.util.test.junit.AutoTests" name="[44] /home/travis/build/icyphy/ptII/ptolemy/domains/de/test/auto/ModalSource.xml (RunModel)" time="0.018" />
  <testcase classname="ptolemy.util.test.junit.AutoTests" name="[45] /home/travis/build/icyphy/ptII/ptolemy/domains/de/test/auto/NonInterruptibleTimerZeroDelay.xml (RunModel)" time="0.011" />
  <testcase classname="ptolemy.util.test.junit.AutoTests" name="[46] /home/travis/build/icyphy/ptII/ptolemy/domains/de/test/auto/OpenQueueingNetwork.xml (RunModel)" time="2.024" />
  <testcase classname="ptolemy.util.test.junit.AutoTests" name="[47] /home/travis/build/icyphy/ptII/ptolemy/domains/de/test/auto/OpenQueuingNetwork.xml (RunModel)" time="0.262" />
  <testcase classname="ptolemy.util.test.junit.AutoTests" name="[48] /home/travis/build/icyphy/ptII/ptolemy/domains/de/test/auto/PeriodicSampler.xml (RunModel)" time="0.01" />
  <testcase classname="ptolemy.util.test.junit.AutoTests" name="[49] /home/travis/build/icyphy/ptII/ptolemy/domains/de/test/auto/PersistentIO.xml (RunModel)" time="0.019" />
  <testcase classname="ptolemy.util.test.junit.AutoTests" name="[50] /home/travis/build/icyphy/ptII/ptolemy/domains/de/test/auto/PortParameterResetOnInitialize.xml (RunModel)" time="0.009" />
  <testcase classname="ptolemy.util.test.junit.AutoTests" name="[51] /home/travis/build/icyphy/ptII/ptolemy/domains/de/test/auto/PortParameterUpdates.xml (RunModel)" time="0.012" />
  <testcase classname="ptolemy.util.test.junit.AutoTests" name="[52] /home/travis/build/icyphy/ptII/ptolemy/domains/de/test/auto/QueueAndServer.xml (RunModel)" time="0.018" />
  <testcase classname="ptolemy.util.test.junit.AutoTests" name="[53] /home/travis/build/icyphy/ptII/ptolemy/domains/de/test/auto/Records.xml (RunModel)" time="0.014" />
  <testcase classname="ptolemy.util.test.junit.AutoTests" name="[54] /home/travis/build/icyphy/ptII/ptolemy/domains/de/test/auto/ResetTransitionWithStartTime1.xml (RunModel)" time="0.021" />
  <testcase classname="ptolemy.util.test.junit.AutoTests" name="[55] /home/travis/build/icyphy/ptII/ptolemy/domains/de/test/auto/ResetTransitionWithStartTime2.xml (RunModel)" time="0.019" />
  <testcase classname="ptolemy.util.test.junit.AutoTests" name="[56] /home/travis/build/icyphy/ptII/ptolemy/domains/de/test/auto/ResetTransitionWithStartTime3.xml (RunModel)" time="0.023" />
  <testcase classname="ptolemy.util.test.junit.AutoTests" name="[57] /home/travis/build/icyphy/ptII/ptolemy/domains/de/test/auto/ResetTransitionWithStartTime4.xml (RunModel)" time="0.024" />
  <testcase classname="ptolemy.util.test.junit.AutoTests" name="[58] /home/travis/build/icyphy/ptII/ptolemy/domains/de/test/auto/ResettableTimer1.xml (RunModel)" time="0.011" />
  <testcase classname="ptolemy.util.test.junit.AutoTests" name="[59] /home/travis/build/icyphy/ptII/ptolemy/domains/de/test/auto/ResettableTimer2.xml (RunModel)" time="0.01" />
  <testcase classname="ptolemy.util.test.junit.AutoTests" name="[60] /home/travis/build/icyphy/ptII/ptolemy/domains/de/test/auto/ResettableTimer3.xml (RunModel)" time="0.01" />
  <testcase classname="ptolemy.util.test.junit.AutoTests" name="[61] /home/travis/build/icyphy/ptII/ptolemy/domains/de/test/auto/ResettableTimer4.xml (RunModel)" time="0.011" />
  <testcase classname="ptolemy.util.test.junit.AutoTests" name="[62] /home/travis/build/icyphy/ptII/ptolemy/domains/de/test/auto/ResettableTimer5.xml (RunModel)" time="0.011" />
  <testcase classname="ptolemy.util.test.junit.AutoTests" name="[63] /home/travis/build/icyphy/ptII/ptolemy/domains/de/test/auto/ResettableTimer6.xml (RunModel)" time="0.015" />
  <testcase classname="ptolemy.util.test.junit.AutoTests" name="[64] /home/travis/build/icyphy/ptII/ptolemy/domains/de/test/auto/ServerZeroDelay.xml (RunModel)" time="0.009" />
  <testcase classname="ptolemy.util.test.junit.AutoTests" name="[65] /home/travis/build/icyphy/ptII/ptolemy/domains/de/test/auto/SmartSender.xml (RunModel)" time="3.01" />
  <testcase classname="ptolemy.util.test.junit.AutoTests" name="[66] /home/travis/build/icyphy/ptII/ptolemy/domains/de/test/auto/ThreadedComposite.xml (RunModel)" time="0.14" />
  <testcase classname="ptolemy.util.test.junit.AutoTests" name="[67] /home/travis/build/icyphy/ptII/ptolemy/domains/de/test/auto/Time.xml (RunModel)" time="0.343" />
  <testcase classname="ptolemy.util.test.junit.AutoTests" name="[68] /home/travis/build/icyphy/ptII/ptolemy/domains/de/test/auto/TimeDelayZeroDelay.xml (RunModel)" time="0.02" />
  <testcase classname="ptolemy.util.test.junit.AutoTests" name="[69] /home/travis/build/icyphy/ptII/ptolemy/domains/de/test/auto/TimerZeroDelay.xml (RunModel)" time="0.015" />
  <testcase classname="ptolemy.util.test.junit.AutoTests" name="[70] /home/travis/build/icyphy/ptII/ptolemy/domains/de/test/auto/TimingParadox.xml (RunModel)" time="0.321" />
  <testcase classname="ptolemy.util.test.junit.AutoTests" name="[71] /home/travis/build/icyphy/ptII/ptolemy/domains/de/test/auto/TransferInputs.xml (RunModel)" time="0.01" />
  <testcase classname="ptolemy.util.test.junit.AutoTests" name="[72] /home/travis/build/icyphy/ptII/ptolemy/domains/de/test/auto/TransferOutputs2.xml (RunModel)" time="0.015" />
  <testcase classname="ptolemy.util.test.junit.AutoTests" name="[73] /home/travis/build/icyphy/ptII/ptolemy/domains/de/test/auto/Trilateration.xml (RunModel)" time="10.127" />
  <testcase classname="ptolemy.util.test.junit.AutoTests" name="[74] /home/travis/build/icyphy/ptII/ptolemy/domains/de/test/auto/TwoSigmaDelta.xml (RunModel)" time="1.904" />
  <testcase classname="ptolemy.util.test.junit.AutoTests" name="[75] /home/travis/build/icyphy/ptII/ptolemy/domains/de/test/auto/VariableDelay.xml (RunModel)" time="0.011" />
  <testcase classname="ptolemy.util.test.junit.AutoTests" name="[76] /home/travis/build/icyphy/ptII/ptolemy/domains/de/test/auto/VariableDelay2.xml (RunModel)" time="0.008" />
  <testcase classname="ptolemy.util.test.junit.AutoTests" name="[77] /home/travis/build/icyphy/ptII/ptolemy/domains/de/test/auto/VariableDelayZeroDelay.xml (RunModel)" time="0.01" />
  <testcase classname="ptolemy.util.test.junit.AutoTests" name="[78] /home/travis/build/icyphy/ptII/ptolemy/domains/de/test/auto/VariableDelayZeroDelay2.xml (RunModel)" time="0.008" />
  <testcase classname="ptolemy.util.test.junit.AutoTests" name="[79] /home/travis/build/icyphy/ptII/ptolemy/domains/de/test/auto/deInCt.xml (RunModel)" time="0.014" />
  <testcase classname="ptolemy.util.test.junit.AutoTests" name="[80] /home/travis/build/icyphy/ptII/ptolemy/domains/de/test/auto/deInCt2.xml (RunModel)" time="0.013" />
  <testcase classname="ptolemy.util.test.junit.AutoTests" name="[81] /home/travis/build/icyphy/ptII/ptolemy/domains/de/test/auto/dynamicCausalityInterface1.xml (RunModel)" time="0.015" />
  <testcase classname="ptolemy.util.test.junit.AutoTests" name="[82] /home/travis/build/icyphy/ptII/ptolemy/domains/de/test/auto/fsm_de_test.xml (RunModel)" time="0.018" />
  <testcase classname="ptolemy.util.test.junit.AutoTests" name="[83] /home/travis/build/icyphy/ptII/ptolemy/domains/de/test/auto/functionDependencyReconstruction.xml (RunModel)" time="0.027" />
  <testcase classname="ptolemy.util.test.junit.AutoTests" name="[84] /home/travis/build/icyphy/ptII/ptolemy/domains/de/test/auto/multirate.xml (RunModel)" time="0.012" />
  <testcase classname="ptolemy.util.test.junit.AutoTests" name="[85] /home/travis/build/icyphy/ptII/ptolemy/domains/de/test/auto/multirate2.xml (RunModel)" time="0.012" />
  <testcase classname="ptolemy.util.test.junit.AutoTests" name="[86] /home/travis/build/icyphy/ptII/ptolemy/domains/de/test/auto/realtime.xml (RunModel)" time="10.007" />
  <testcase classname="ptolemy.util.test.junit.AutoTests" name="[87] /home/travis/build/icyphy/ptII/ptolemy/domains/de/test/auto/relationGroup.xml (RunModel)" time="0.012" />
  <testcase classname="ptolemy.util.test.junit.AutoTests" name="[88] /home/travis/build/icyphy/ptII/ptolemy/domains/de/test/auto/relationGroup2.xml (RunModel)" time="0.028" />
  <testcase classname="ptolemy.util.test.junit.AutoTests" name="[89] /home/travis/build/icyphy/ptII/ptolemy/domains/de/test/auto/sortWithOpaquePorts.xml (RunModel)" time="0.02" />
  <testcase classname="ptolemy.util.test.junit.AutoTests" name="[90] /home/travis/build/icyphy/ptII/ptolemy/domains/de/test/auto/transferInputsandOutputs.xml (RunModel)" time="0.021" />
  <testcase classname="ptolemy.util.test.junit.AutoTests" name="[91] /home/travis/build/icyphy/ptII/ptolemy/domains/de/test/auto/triggerType.xml (RunModel)" time="0.01" />
  <system-out><![CDATA[/home/travis/build/icyphy/ptII/ptolemy/domains/de/test/DependencyLoop.tcl
testDefs.tcl: setting time out to 9000 seconds at Sun Feb 16 11:28:47 UTC 2020
99 ms. Memory: 129024K Free: 78278K (61%)
15 ms. Memory: 129024K Free: 60839K (47%)
/home/travis/build/icyphy/ptII/ptolemy/domains/de/test/RunDETestsAsQSS.tcl
Run the DE tests using ptolemy.domains.qss.test.QSSDirectorTest, which extends QSSDirector and prints a message in the constructors.
------------------ testing $PTII/ptolemy/domains/de/test/auto/knownFailedTests/DirectFeedback.xml (Known Failure) 
60 ms. Memory: 129024K Free: 55240K (43%)


==== $PTIIhome/travis/build/icyphy/ptII/ptolemy/domains/de/test/../../../../: Auto Automatic test in file $PTII/ptolemy/domains/de/test/auto/knownFailedTests/DirectFeedback.xml
==== Contents of test case:

	    # FIXME: we should use $relativeFilename here, but it
	    # might have backslashes under Windows, which causes no end
	    # of trouble.
	    createAndExecute $file
	    list {}
	
.... Test generated KNOWN error:
    while executing
ptolemy.kernel.util.IllegalActionException: Test fails in iteration 1.
Value was: 1.0. Should have been: 2.0
  in .DirectFeedback.Test
	at ptolemy.actor.lib.Test.fire(Test.java:268)
	at ptolemy.domains.de.kernel.DEDirector._fire(DEDirector.java:1949)
	at ptolemy.domains.de.kernel.DEDirector.fire(DEDirector.java:502)
	at ptolemy.actor.CompositeActor.fire(CompositeActor.java:455)
	at ptolemy.actor.Manager.iterate(Manager.java:851)
	at ptolemy.actor.Manager.execute(Manager.java:369)
	at ptolemy.actor.Manager.run(Manager.java:1263)
	at ptolemy.actor.Manager$PtolemyRunThread.run(Manager.java:1933)

    while executing
ptolemy.kernel.util.IllegalActionException: Test fails in iteration 1.
Value was: 1.0. Should have been: 2.0
  in .DirectFeedback.Test
    while executing
"java::new ptolemy.moml.MoMLSimpleApplication $file
"
    (procedure "createAndExecute" line 2)
    invoked from within
"createAndExecute $file"
    ("uplevel" body line 5)
    invoked from within
"uplevel $contents_of_test"
------------------ testing $PTII/ptolemy/domains/de/test/auto/knownFailedTests/dependencyLoop.xml (Known Failure) 
10 ms. Memory: 129024K Free: 52168K (40%)


==== $PTIIhome/travis/build/icyphy/ptII/ptolemy/domains/de/test/../../../../: Auto Automatic test in file $PTII/ptolemy/domains/de/test/auto/knownFailedTests/dependencyLoop.xml
==== Contents of test case:

	    # FIXME: we should use $relativeFilename here, but it
	    # might have backslashes under Windows, which causes no end
	    # of trouble.
	    createAndExecute $file
	    list {}
	
.... Test generated KNOWN error:
    while executing
ptolemy.kernel.util.IllegalActionException: Found a zero delay loop containing .dependencyLoop.original
  in .dependencyLoop and .dependencyLoop.original
	at ptolemy.actor.util.CausalityInterfaceForComposites._computeOutputPortDepth(CausalityInterfaceForComposites.java:759)
	at ptolemy.actor.util.CausalityInterfaceForComposites._computeInputDepth(CausalityInterfaceForComposites.java:696)
	at ptolemy.actor.util.CausalityInterfaceForComposites._computeOutputPortDepth(CausalityInterfaceForComposites.java:765)
	at ptolemy.actor.util.CausalityInterfaceForComposites._computeInputDepth(CausalityInterfaceForComposites.java:696)
	at ptolemy.actor.util.CausalityInterfaceForComposites._computeOutputPortDepth(CausalityInterfaceForComposites.java:765)
	at ptolemy.actor.util.CausalityInterfaceForComposites._computeInputDepth(CausalityInterfaceForComposites.java:696)
	at ptolemy.actor.util.CausalityInterfaceForComposites._computeActorDepth(CausalityInterfaceForComposites.java:532)
	at ptolemy.actor.util.CausalityInterfaceForComposites.checkForCycles(CausalityInterfaceForComposites.java:96)
	at ptolemy.domains.de.kernel.DEDirector.preinitialize(DEDirector.java:1338)
	at ptolemy.actor.CompositeActor.preinitialize(CompositeActor.java:1828)
	at ptolemy.actor.Manager.preinitializeAndResolveTypes(Manager.java:1040)
	at ptolemy.actor.Manager.initialize(Manager.java:710)
	at ptolemy.actor.Manager.execute(Manager.java:356)
	at ptolemy.actor.Manager.run(Manager.java:1263)
	at ptolemy.actor.Manager$PtolemyRunThread.run(Manager.java:1933)

    while executing
ptolemy.kernel.util.IllegalActionException: Found a zero delay loop containing .dependencyLoop.original
  in .dependencyLoop and .dependencyLoop.original
    while executing
"java::new ptolemy.moml.MoMLSimpleApplication $file
"
    (procedure "createAndExecute" line 2)
    invoked from within
"createAndExecute $file"
    ("uplevel" body line 5)
    invoked from within
"uplevel $contents_of_test"
------------------ testing $PTII/ptolemy/domains/de/test/auto/knownFailedTests/FSMSource.xml (Known Failure) 
67 ms. Memory: 129024K Free: 110856K (86%)
!!!! Auto was marked as failing, but now passes
------------------ testing $PTII/ptolemy/domains/de/test/auto/knownFailedTests/HierarchicalModel.xml (Known Failure) 
6 ms. Memory: 129024K Free: 93765K (73%)


==== $PTIIhome/travis/build/icyphy/ptII/ptolemy/domains/de/test/../../../../: Auto Automatic test in file $PTII/ptolemy/domains/de/test/auto/knownFailedTests/HierarchicalModel.xml
==== Contents of test case:

	    # FIXME: we should use $relativeFilename here, but it
	    # might have backslashes under Windows, which causes no end
	    # of trouble.
	    createAndExecute $file
	    list {}
	
.... Test generated KNOWN error:
    while executing
ptolemy.kernel.util.IllegalActionException: Found a zero delay loop containing .HierarchicalModel.A
  in .HierarchicalModel and .HierarchicalModel.A
	at ptolemy.actor.util.CausalityInterfaceForComposites._computeOutputPortDepth(CausalityInterfaceForComposites.java:759)
	at ptolemy.actor.util.CausalityInterfaceForComposites._computeInputDepth(CausalityInterfaceForComposites.java:696)
	at ptolemy.actor.util.CausalityInterfaceForComposites._computeOutputPortDepth(CausalityInterfaceForComposites.java:765)
	at ptolemy.actor.util.CausalityInterfaceForComposites._computeInputDepth(CausalityInterfaceForComposites.java:696)
	at ptolemy.actor.util.CausalityInterfaceForComposites._computeOutputPortDepth(CausalityInterfaceForComposites.java:765)
	at ptolemy.actor.util.CausalityInterfaceForComposites._computeInputDepth(CausalityInterfaceForComposites.java:696)
	at ptolemy.actor.util.CausalityInterfaceForComposites._computeActorDepth(CausalityInterfaceForComposites.java:532)
	at ptolemy.actor.util.CausalityInterfaceForComposites.checkForCycles(CausalityInterfaceForComposites.java:96)
	at ptolemy.domains.de.kernel.DEDirector.preinitialize(DEDirector.java:1338)
	at ptolemy.actor.CompositeActor.preinitialize(CompositeActor.java:1828)
	at ptolemy.actor.Manager.preinitializeAndResolveTypes(Manager.java:1040)
	at ptolemy.actor.Manager.initialize(Manager.java:710)
	at ptolemy.actor.Manager.execute(Manager.java:356)
	at ptolemy.actor.Manager.run(Manager.java:1263)
	at ptolemy.actor.Manager$PtolemyRunThread.run(Manager.java:1933)

    while executing
ptolemy.kernel.util.IllegalActionException: Found a zero delay loop containing .HierarchicalModel.A
  in .HierarchicalModel and .HierarchicalModel.A
    while executing
"java::new ptolemy.moml.MoMLSimpleApplication $file
"
    (procedure "createAndExecute" line 2)
    invoked from within
"createAndExecute $file"
    ("uplevel" body line 5)
    invoked from within
"uplevel $contents_of_test"
------------------ testing $PTII/ptolemy/domains/de/test/auto/knownFailedTests/dependencyLoop2.xml (Known Failure) 
10 ms. Memory: 129024K Free: 77343K (60%)


==== $PTIIhome/travis/build/icyphy/ptII/ptolemy/domains/de/test/../../../../: Auto Automatic test in file $PTII/ptolemy/domains/de/test/auto/knownFailedTests/dependencyLoop2.xml
==== Contents of test case:

	    # FIXME: we should use $relativeFilename here, but it
	    # might have backslashes under Windows, which causes no end
	    # of trouble.
	    createAndExecute $file
	    list {}
	
.... Test generated KNOWN error:
    while executing
ptolemy.kernel.util.IllegalActionException: Found a zero delay loop containing .dependencyLoop2.original
  in .dependencyLoop2 and .dependencyLoop2.original
	at ptolemy.actor.util.CausalityInterfaceForComposites._computeOutputPortDepth(CausalityInterfaceForComposites.java:759)
	at ptolemy.actor.util.CausalityInterfaceForComposites._computeInputDepth(CausalityInterfaceForComposites.java:696)
	at ptolemy.actor.util.CausalityInterfaceForComposites._computeOutputPortDepth(CausalityInterfaceForComposites.java:765)
	at ptolemy.actor.util.CausalityInterfaceForComposites._computeInputDepth(CausalityInterfaceForComposites.java:696)
	at ptolemy.actor.util.CausalityInterfaceForComposites._computeOutputPortDepth(CausalityInterfaceForComposites.java:765)
	at ptolemy.actor.util.CausalityInterfaceForComposites._computeInputDepth(CausalityInterfaceForComposites.java:696)
	at ptolemy.actor.util.CausalityInterfaceForComposites._computeActorDepth(CausalityInterfaceForComposites.java:532)
	at ptolemy.actor.util.CausalityInterfaceForComposites.checkForCycles(CausalityInterfaceForComposites.java:96)
	at ptolemy.domains.de.kernel.DEDirector.preinitialize(DEDirector.java:1338)
	at ptolemy.actor.CompositeActor.preinitialize(CompositeActor.java:1828)
	at ptolemy.actor.Manager.preinitializeAndResolveTypes(Manager.java:1040)
	at ptolemy.actor.Manager.initialize(Manager.java:710)
	at ptolemy.actor.Manager.execute(Manager.java:356)
	at ptolemy.actor.Manager.run(Manager.java:1263)
	at ptolemy.actor.Manager$PtolemyRunThread.run(Manager.java:1933)

    while executing
ptolemy.kernel.util.IllegalActionException: Found a zero delay loop containing .dependencyLoop2.original
  in .dependencyLoop2 and .dependencyLoop2.original
    while executing
"java::new ptolemy.moml.MoMLSimpleApplication $file
"
    (procedure "createAndExecute" line 2)
    invoked from within
"createAndExecute $file"
    ("uplevel" body line 5)
    invoked from within
"uplevel $contents_of_test"
------------------ testing $PTII/ptolemy/domains/de/test/auto/knownFailedTests/DESDFClockTest.xml (Known Failure) 
2057 ms. Memory: 129024K Free: 108440K (84%)


==== $PTIIhome/travis/build/icyphy/ptII/ptolemy/domains/de/test/../../../../: Auto Automatic test in file $PTII/ptolemy/domains/de/test/auto/knownFailedTests/DESDFClockTest.xml
==== Contents of test case:

	    # FIXME: we should use $relativeFilename here, but it
	    # might have backslashes under Windows, which causes no end
	    # of trouble.
	    createAndExecute $file
	    list {}
	
.... Test generated KNOWN error:
    while executing
ptolemy.kernel.util.IllegalActionException: Actor is not ready to fire.  Perhaps UpSample.prefire() returned false? Try debugging the actor by selecting "Listen to Actor".  Also, for SDF check moml for tokenConsumptionRate on input.
  in .DESDFClockTest.Play Bell.Copy1:SDF Director and .DESDFClockTest.Play Bell.UpSample
	at ptolemy.actor.sched.StaticSchedulingDirector.fire(StaticSchedulingDirector.java:227)
	at ptolemy.domains.sdf.kernel.SDFDirector.fire(SDFDirector.java:500)
	at ptolemy.actor.CompositeActor.fire(CompositeActor.java:455)
	at ptolemy.domains.de.kernel.DEDirector._fire(DEDirector.java:1949)
	at ptolemy.domains.de.kernel.DEDirector.fire(DEDirector.java:502)
	at ptolemy.actor.CompositeActor.fire(CompositeActor.java:455)
	at ptolemy.actor.Manager.iterate(Manager.java:851)
	at ptolemy.actor.Manager.execute(Manager.java:369)
	at ptolemy.actor.Manager.run(Manager.java:1263)
	at ptolemy.actor.Manager$PtolemyRunThread.run(Manager.java:1933)

    while executing
ptolemy.kernel.util.IllegalActionException: Actor is not ready to fire.  Perhaps UpSample.prefire() returned false? Try debugging the actor by selecting "Listen to Actor".  Also, for SDF check moml for tokenConsumptionRate on input.
  in .DESDFClockTest.Play Bell.Copy1:SDF Director and .DESDFClockTest.Play Bell.UpSample
    while executing
"java::new ptolemy.moml.MoMLSimpleApplication $file
"
    (procedure "createAndExecute" line 2)
    invoked from within
"createAndExecute $file"
    ("uplevel" body line 5)
    invoked from within
"uplevel $contents_of_test"
------------------ testing $PTII/ptolemy/domains/de/test/auto/ActorDepthCalculation_actorWithoutPorts.xml
auto.tcl: Setting watchdog for 200 seconds at Sun Feb 16 11:28:51 UTC 2020
4 ms. Memory: 129024K Free: 100762K (78%)
ptolemy.util.test.WatchDog.cancel(): canceling Sun Feb 16 11:28:51 UTC 2020
auto.tcl: Setting watchdog for 200 seconds at Sun Feb 16 11:28:51 UTC 2020
6 ms. Memory: 129024K Free: 99738K (77%)
ptolemy.util.test.WatchDog.cancel(): canceling Sun Feb 16 11:28:51 UTC 2020
------------------ testing $PTII/ptolemy/domains/de/test/auto/AssemblyLine.xml
auto.tcl: Setting watchdog for 200 seconds at Sun Feb 16 11:28:51 UTC 2020
16 ms. Memory: 51200K Free: 27924K (55%)
ptolemy.util.test.WatchDog.cancel(): canceling Sun Feb 16 11:28:52 UTC 2020
auto.tcl: Setting watchdog for 200 seconds at Sun Feb 16 11:28:52 UTC 2020
7 ms. Memory: 51200K Free: 27272K (53%)
ptolemy.util.test.WatchDog.cancel(): canceling Sun Feb 16 11:28:52 UTC 2020
------------------ testing $PTII/ptolemy/domains/de/test/auto/CQBug1.xml
auto.tcl: Setting watchdog for 200 seconds at Sun Feb 16 11:28:52 UTC 2020
2 ms. Memory: 51200K Free: 33828K (66%)
ptolemy.util.test.WatchDog.cancel(): canceling Sun Feb 16 11:28:52 UTC 2020
auto.tcl: Setting watchdog for 200 seconds at Sun Feb 16 11:28:52 UTC 2020
2 ms. Memory: 51200K Free: 33358K (65%)
ptolemy.util.test.WatchDog.cancel(): canceling Sun Feb 16 11:28:52 UTC 2020
------------------ testing $PTII/ptolemy/domains/de/test/auto/CancelFireAt.xml
auto.tcl: Setting watchdog for 200 seconds at Sun Feb 16 11:28:52 UTC 2020
2 ms. Memory: 51200K Free: 34738K (68%)
ptolemy.util.test.WatchDog.cancel(): canceling Sun Feb 16 11:28:52 UTC 2020
auto.tcl: Setting watchdog for 200 seconds at Sun Feb 16 11:28:52 UTC 2020
2 ms. Memory: 51200K Free: 34254K (67%)
ptolemy.util.test.WatchDog.cancel(): canceling Sun Feb 16 11:28:52 UTC 2020
------------------ testing $PTII/ptolemy/domains/de/test/auto/CausalityAndComposabilityAnalysis.xml
auto.tcl: Setting watchdog for 200 seconds at Sun Feb 16 11:28:52 UTC 2020
13 ms. Memory: 51200K Free: 32720K (64%)
ptolemy.util.test.WatchDog.cancel(): canceling Sun Feb 16 11:28:52 UTC 2020
auto.tcl: Setting watchdog for 200 seconds at Sun Feb 16 11:28:52 UTC 2020
7 ms. Memory: 51200K Free: 31964K (62%)
ptolemy.util.test.WatchDog.cancel(): canceling Sun Feb 16 11:28:52 UTC 2020
------------------ testing $PTII/ptolemy/domains/de/test/auto/CausalityInterface1.xml
auto.tcl: Setting watchdog for 200 seconds at Sun Feb 16 11:28:52 UTC 2020
32 ms. Memory: 51200K Free: 31368K (61%)
ptolemy.util.test.WatchDog.cancel(): canceling Sun Feb 16 11:28:52 UTC 2020
auto.tcl: Setting watchdog for 200 seconds at Sun Feb 16 11:28:52 UTC 2020
2 ms. Memory: 51200K Free: 30394K (59%)
ptolemy.util.test.WatchDog.cancel(): canceling Sun Feb 16 11:28:52 UTC 2020
------------------ testing $PTII/ptolemy/domains/de/test/auto/CausalityInterface15.xml
auto.tcl: Setting watchdog for 200 seconds at Sun Feb 16 11:28:52 UTC 2020
4 ms. Memory: 51200K Free: 31286K (61%)
ptolemy.util.test.WatchDog.cancel(): canceling Sun Feb 16 11:28:52 UTC 2020
auto.tcl: Setting watchdog for 200 seconds at Sun Feb 16 11:28:52 UTC 2020
6 ms. Memory: 51200K Free: 30343K (59%)
ptolemy.util.test.WatchDog.cancel(): canceling Sun Feb 16 11:28:52 UTC 2020
------------------ testing $PTII/ptolemy/domains/de/test/auto/CausalityInterface2.xml
auto.tcl: Setting watchdog for 200 seconds at Sun Feb 16 11:28:52 UTC 2020
3 ms. Memory: 51200K Free: 31899K (62%)
ptolemy.util.test.WatchDog.cancel(): canceling Sun Feb 16 11:28:52 UTC 2020
auto.tcl: Setting watchdog for 200 seconds at Sun Feb 16 11:28:52 UTC 2020
3 ms. Memory: 51200K Free: 31245K (61%)
ptolemy.util.test.WatchDog.cancel(): canceling Sun Feb 16 11:28:52 UTC 2020
------------------ testing $PTII/ptolemy/domains/de/test/auto/CausalityInterface3.xml
auto.tcl: Setting watchdog for 200 seconds at Sun Feb 16 11:28:52 UTC 2020
3 ms. Memory: 51200K Free: 31450K (61%)
ptolemy.util.test.WatchDog.cancel(): canceling Sun Feb 16 11:28:52 UTC 2020
auto.tcl: Setting watchdog for 200 seconds at Sun Feb 16 11:28:52 UTC 2020
3 ms. Memory: 51200K Free: 30966K (60%)
ptolemy.util.test.WatchDog.cancel(): canceling Sun Feb 16 11:28:52 UTC 2020
------------------ testing $PTII/ptolemy/domains/de/test/auto/ClockDrift.xml
auto.tcl: Setting watchdog for 200 seconds at Sun Feb 16 11:28:52 UTC 2020
81 ms. Memory: 51200K Free: 23767K (46%)
ptolemy.util.test.WatchDog.cancel(): canceling Sun Feb 16 11:28:52 UTC 2020
auto.tcl: Setting watchdog for 200 seconds at Sun Feb 16 11:28:52 UTC 2020
32 ms. Memory: 51200K Free: 20557K (40%)
ptolemy.util.test.WatchDog.cancel(): canceling Sun Feb 16 11:28:52 UTC 2020
------------------ testing $PTII/ptolemy/domains/de/test/auto/ClockDriftAndValueChange.xml
auto.tcl: Setting watchdog for 200 seconds at Sun Feb 16 11:28:52 UTC 2020
39 ms. Memory: 51200K Free: 24142K (47%)
ptolemy.util.test.WatchDog.cancel(): canceling Sun Feb 16 11:28:53 UTC 2020
auto.tcl: Setting watchdog for 200 seconds at Sun Feb 16 11:28:53 UTC 2020
29 ms. Memory: 51200K Free: 20887K (41%)
ptolemy.util.test.WatchDog.cancel(): canceling Sun Feb 16 11:28:53 UTC 2020
------------------ testing $PTII/ptolemy/domains/de/test/auto/ClockDriftChange.xml
auto.tcl: Setting watchdog for 200 seconds at Sun Feb 16 11:28:53 UTC 2020
21 ms. Memory: 51200K Free: 25942K (51%)
ptolemy.util.test.WatchDog.cancel(): canceling Sun Feb 16 11:28:53 UTC 2020
auto.tcl: Setting watchdog for 200 seconds at Sun Feb 16 11:28:53 UTC 2020
22 ms. Memory: 51200K Free: 23576K (46%)
ptolemy.util.test.WatchDog.cancel(): canceling Sun Feb 16 11:28:53 UTC 2020
------------------ testing $PTII/ptolemy/domains/de/test/auto/ComposableCausalityAnalysis.xml
auto.tcl: Setting watchdog for 200 seconds at Sun Feb 16 11:28:53 UTC 2020
2 ms. Memory: 51200K Free: 30709K (60%)
ptolemy.util.test.WatchDog.cancel(): canceling Sun Feb 16 11:28:53 UTC 2020
auto.tcl: Setting watchdog for 200 seconds at Sun Feb 16 11:28:53 UTC 2020
4 ms. Memory: 51200K Free: 29697K (58%)
ptolemy.util.test.WatchDog.cancel(): canceling Sun Feb 16 11:28:53 UTC 2020
------------------ testing $PTII/ptolemy/domains/de/test/auto/DEFixedPointLimitation.xml
auto.tcl: Setting watchdog for 200 seconds at Sun Feb 16 11:28:53 UTC 2020
1 ms. Memory: 51200K Free: 32159K (63%)
ptolemy.util.test.WatchDog.cancel(): canceling Sun Feb 16 11:28:53 UTC 2020
auto.tcl: Setting watchdog for 200 seconds at Sun Feb 16 11:28:53 UTC 2020
2 ms. Memory: 51200K Free: 31243K (61%)
ptolemy.util.test.WatchDog.cancel(): canceling Sun Feb 16 11:28:53 UTC 2020
------------------ testing $PTII/ptolemy/domains/de/test/auto/DEScheduleTest.xml
auto.tcl: Setting watchdog for 200 seconds at Sun Feb 16 11:28:53 UTC 2020
4 ms. Memory: 51200K Free: 32482K (63%)
ptolemy.util.test.WatchDog.cancel(): canceling Sun Feb 16 11:28:53 UTC 2020
auto.tcl: Setting watchdog for 200 seconds at Sun Feb 16 11:28:53 UTC 2020
3 ms. Memory: 51200K Free: 31726K (62%)
ptolemy.util.test.WatchDog.cancel(): canceling Sun Feb 16 11:28:53 UTC 2020
------------------ testing $PTII/ptolemy/domains/de/test/auto/DEinDEwithStartTimes.xml
auto.tcl: Setting watchdog for 200 seconds at Sun Feb 16 11:28:53 UTC 2020
5 ms. Memory: 51200K Free: 30652K (60%)
ptolemy.util.test.WatchDog.cancel(): canceling Sun Feb 16 11:28:53 UTC 2020
auto.tcl: Setting watchdog for 200 seconds at Sun Feb 16 11:28:53 UTC 2020
3 ms. Memory: 51200K Free: 29777K (58%)
ptolemy.util.test.WatchDog.cancel(): canceling Sun Feb 16 11:28:53 UTC 2020
------------------ testing $PTII/ptolemy/domains/de/test/auto/DEinDEwithStartTimes2.xml
auto.tcl: Setting watchdog for 200 seconds at Sun Feb 16 11:28:53 UTC 2020
4 ms. Memory: 51200K Free: 29782K (58%)
ptolemy.util.test.WatchDog.cancel(): canceling Sun Feb 16 11:28:53 UTC 2020
auto.tcl: Setting watchdog for 200 seconds at Sun Feb 16 11:28:53 UTC 2020
4 ms. Memory: 51200K Free: 28716K (56%)
ptolemy.util.test.WatchDog.cancel(): canceling Sun Feb 16 11:28:53 UTC 2020
------------------ testing $PTII/ptolemy/domains/de/test/auto/DateDemo.xml
auto.tcl: Setting watchdog for 200 seconds at Sun Feb 16 11:28:53 UTC 2020
13 ms. Memory: 51200K Free: 23928K (47%)
ptolemy.util.test.WatchDog.cancel(): canceling Sun Feb 16 11:28:53 UTC 2020
auto.tcl: Setting watchdog for 200 seconds at Sun Feb 16 11:28:53 UTC 2020
7 ms. Memory: 51200K Free: 22578K (44%)
ptolemy.util.test.WatchDog.cancel(): canceling Sun Feb 16 11:28:53 UTC 2020
------------------ testing $PTII/ptolemy/domains/de/test/auto/DateToEvent.xml
auto.tcl: Setting watchdog for 200 seconds at Sun Feb 16 11:28:53 UTC 2020
2017 ms. Memory: 51200K Free: 20143K (39%)
ptolemy.util.test.WatchDog.cancel(): canceling Sun Feb 16 11:28:55 UTC 2020
auto.tcl: Setting watchdog for 200 seconds at Sun Feb 16 11:28:55 UTC 2020
2005 ms. Memory: 51200K Free: 19289K (38%)
ptolemy.util.test.WatchDog.cancel(): canceling Sun Feb 16 11:28:57 UTC 2020
------------------ testing $PTII/ptolemy/domains/de/test/auto/DepthTest1.xml
auto.tcl: Setting watchdog for 200 seconds at Sun Feb 16 11:28:57 UTC 2020
3 ms. Memory: 51200K Free: 33310K (65%)
ptolemy.util.test.WatchDog.cancel(): canceling Sun Feb 16 11:28:57 UTC 2020
auto.tcl: Setting watchdog for 200 seconds at Sun Feb 16 11:28:57 UTC 2020
2 ms. Memory: 51200K Free: 32820K (64%)
ptolemy.util.test.WatchDog.cancel(): canceling Sun Feb 16 11:28:57 UTC 2020
------------------ testing $PTII/ptolemy/domains/de/test/auto/DepthTest2.xml
auto.tcl: Setting watchdog for 200 seconds at Sun Feb 16 11:28:57 UTC 2020
10 ms. Memory: 51200K Free: 30035K (59%)
ptolemy.util.test.WatchDog.cancel(): canceling Sun Feb 16 11:28:57 UTC 2020
auto.tcl: Setting watchdog for 200 seconds at Sun Feb 16 11:28:57 UTC 2020
2 ms. Memory: 51200K Free: 29620K (58%)
ptolemy.util.test.WatchDog.cancel(): canceling Sun Feb 16 11:28:57 UTC 2020
------------------ testing $PTII/ptolemy/domains/de/test/auto/DepthTest3.xml
auto.tcl: Setting watchdog for 200 seconds at Sun Feb 16 11:28:57 UTC 2020
2 ms. Memory: 51200K Free: 33639K (66%)
ptolemy.util.test.WatchDog.cancel(): canceling Sun Feb 16 11:28:58 UTC 2020
auto.tcl: Setting watchdog for 200 seconds at Sun Feb 16 11:28:58 UTC 2020
2 ms. Memory: 51200K Free: 33142K (65%)
ptolemy.util.test.WatchDog.cancel(): canceling Sun Feb 16 11:28:58 UTC 2020
------------------ testing $PTII/ptolemy/domains/de/test/auto/DepthTest4.xml
auto.tcl: Setting watchdog for 200 seconds at Sun Feb 16 11:28:58 UTC 2020
5 ms. Memory: 51200K Free: 31866K (62%)
ptolemy.util.test.WatchDog.cancel(): canceling Sun Feb 16 11:28:58 UTC 2020
auto.tcl: Setting watchdog for 200 seconds at Sun Feb 16 11:28:58 UTC 2020
2 ms. Memory: 51200K Free: 31161K (61%)
ptolemy.util.test.WatchDog.cancel(): canceling Sun Feb 16 11:28:58 UTC 2020
------------------ testing $PTII/ptolemy/domains/de/test/auto/DepthTest5.xml
auto.tcl: Setting watchdog for 200 seconds at Sun Feb 16 11:28:58 UTC 2020
5 ms. Memory: 51200K Free: 31325K (61%)
ptolemy.util.test.WatchDog.cancel(): canceling Sun Feb 16 11:28:58 UTC 2020
auto.tcl: Setting watchdog for 200 seconds at Sun Feb 16 11:28:58 UTC 2020
3 ms. Memory: 51200K Free: 30584K (60%)
ptolemy.util.test.WatchDog.cancel(): canceling Sun Feb 16 11:28:58 UTC 2020
------------------ testing $PTII/ptolemy/domains/de/test/auto/DepthTest6.xml
auto.tcl: Setting watchdog for 200 seconds at Sun Feb 16 11:28:58 UTC 2020
4 ms. Memory: 51200K Free: 31005K (61%)
ptolemy.util.test.WatchDog.cancel(): canceling Sun Feb 16 11:28:58 UTC 2020
auto.tcl: Setting watchdog for 200 seconds at Sun Feb 16 11:28:58 UTC 2020
2 ms. Memory: 51200K Free: 30562K (60%)
ptolemy.util.test.WatchDog.cancel(): canceling Sun Feb 16 11:28:58 UTC 2020
------------------ testing $PTII/ptolemy/domains/de/test/auto/DepthTest7.xml
auto.tcl: Setting watchdog for 200 seconds at Sun Feb 16 11:28:58 UTC 2020
2 ms. Memory: 51200K Free: 32010K (63%)
ptolemy.util.test.WatchDog.cancel(): canceling Sun Feb 16 11:28:58 UTC 2020
auto.tcl: Setting watchdog for 200 seconds at Sun Feb 16 11:28:58 UTC 2020
1 ms. Memory: 51200K Free: 31093K (61%)
ptolemy.util.test.WatchDog.cancel(): canceling Sun Feb 16 11:28:58 UTC 2020
------------------ testing $PTII/ptolemy/domains/de/test/auto/EventToDate.xml
auto.tcl: Setting watchdog for 200 seconds at Sun Feb 16 11:28:58 UTC 2020
3009 ms. Memory: 51200K Free: 22386K (44%)
ptolemy.util.test.WatchDog.cancel(): canceling Sun Feb 16 11:29:01 UTC 2020
auto.tcl: Setting watchdog for 200 seconds at Sun Feb 16 11:29:01 UTC 2020
3004 ms. Memory: 51200K Free: 21926K (43%)
ptolemy.util.test.WatchDog.cancel(): canceling Sun Feb 16 11:29:04 UTC 2020
------------------ testing $PTII/ptolemy/domains/de/test/auto/FSM1.xml
auto.tcl: Setting watchdog for 200 seconds at Sun Feb 16 11:29:04 UTC 2020
21 ms. Memory: 51200K Free: 23869K (47%)
ptolemy.util.test.WatchDog.cancel(): canceling Sun Feb 16 11:29:04 UTC 2020
auto.tcl: Setting watchdog for 200 seconds at Sun Feb 16 11:29:04 UTC 2020
32 ms. Memory: 51200K Free: 20604K (40%)
ptolemy.util.test.WatchDog.cancel(): canceling Sun Feb 16 11:29:04 UTC 2020
------------------ testing $PTII/ptolemy/domains/de/test/auto/FSM7.xml
auto.tcl: Setting watchdog for 200 seconds at Sun Feb 16 11:29:04 UTC 2020
28 ms. Memory: 51200K Free: 23749K (46%)
ptolemy.util.test.WatchDog.cancel(): canceling Sun Feb 16 11:29:04 UTC 2020
auto.tcl: Setting watchdog for 200 seconds at Sun Feb 16 11:29:04 UTC 2020
27 ms. Memory: 51200K Free: 20336K (40%)
ptolemy.util.test.WatchDog.cancel(): canceling Sun Feb 16 11:29:04 UTC 2020
------------------ testing $PTII/ptolemy/domains/de/test/auto/Inspection.xml
auto.tcl: Setting watchdog for 200 seconds at Sun Feb 16 11:29:04 UTC 2020
20 ms. Memory: 51200K Free: 23546K (46%)
ptolemy.util.test.WatchDog.cancel(): canceling Sun Feb 16 11:29:04 UTC 2020
auto.tcl: Setting watchdog for 200 seconds at Sun Feb 16 11:29:04 UTC 2020
20 ms. Memory: 51200K Free: 21849K (43%)
ptolemy.util.test.WatchDog.cancel(): canceling Sun Feb 16 11:29:04 UTC 2020
------------------ testing $PTII/ptolemy/domains/de/test/auto/Iteration.xml
auto.tcl: Setting watchdog for 200 seconds at Sun Feb 16 11:29:04 UTC 2020
7 ms. Memory: 51200K Free: 29093K (57%)
ptolemy.util.test.WatchDog.cancel(): canceling Sun Feb 16 11:29:04 UTC 2020
auto.tcl: Setting watchdog for 200 seconds at Sun Feb 16 11:29:04 UTC 2020
4 ms. Memory: 51200K Free: 27908K (55%)
ptolemy.util.test.WatchDog.cancel(): canceling Sun Feb 16 11:29:04 UTC 2020
------------------ testing $PTII/ptolemy/domains/de/test/auto/LineFault.xml
auto.tcl: Setting watchdog for 200 seconds at Sun Feb 16 11:29:04 UTC 2020
506 ms. Memory: 51200K Free: 13481K (26%)
ptolemy.util.test.WatchDog.cancel(): canceling Sun Feb 16 11:29:05 UTC 2020
auto.tcl: Setting watchdog for 200 seconds at Sun Feb 16 11:29:05 UTC 2020
508 ms. Memory: 61440K Free: 41337K (67%)
ptolemy.util.test.WatchDog.cancel(): canceling Sun Feb 16 11:29:06 UTC 2020
------------------ testing $PTII/ptolemy/domains/de/test/auto/MergeModel1Add.xml
auto.tcl: Setting watchdog for 200 seconds at Sun Feb 16 11:29:06 UTC 2020
36 ms. Memory: 55296K Free: 19423K (35%)
ptolemy.util.test.WatchDog.cancel(): canceling Sun Feb 16 11:29:06 UTC 2020
auto.tcl: Setting watchdog for 200 seconds at Sun Feb 16 11:29:06 UTC 2020
11 ms. Memory: 55296K Free: 17817K (32%)
ptolemy.util.test.WatchDog.cancel(): canceling Sun Feb 16 11:29:06 UTC 2020
------------------ testing $PTII/ptolemy/domains/de/test/auto/MergeModel2Add.xml
auto.tcl: Setting watchdog for 200 seconds at Sun Feb 16 11:29:06 UTC 2020
9 ms. Memory: 51200K Free: 17344K (34%)
ptolemy.util.test.WatchDog.cancel(): canceling Sun Feb 16 11:29:06 UTC 2020
auto.tcl: Setting watchdog for 200 seconds at Sun Feb 16 11:29:06 UTC 2020
8 ms. Memory: 51200K Free: 15435K (30%)
ptolemy.util.test.WatchDog.cancel(): canceling Sun Feb 16 11:29:06 UTC 2020
------------------ testing $PTII/ptolemy/domains/de/test/auto/MergeModel3Add.xml
auto.tcl: Setting watchdog for 200 seconds at Sun Feb 16 11:29:06 UTC 2020
10 ms. Memory: 51200K Free: 17406K (34%)
ptolemy.util.test.WatchDog.cancel(): canceling Sun Feb 16 11:29:06 UTC 2020
auto.tcl: Setting watchdog for 200 seconds at Sun Feb 16 11:29:06 UTC 2020
9 ms. Memory: 51200K Free: 15874K (31%)
ptolemy.util.test.WatchDog.cancel(): canceling Sun Feb 16 11:29:06 UTC 2020
------------------ testing $PTII/ptolemy/domains/de/test/auto/MergeWithoutDiscard.xml
auto.tcl: Setting watchdog for 200 seconds at Sun Feb 16 11:29:06 UTC 2020
1 ms. Memory: 51200K Free: 31970K (62%)
ptolemy.util.test.WatchDog.cancel(): canceling Sun Feb 16 11:29:06 UTC 2020
auto.tcl: Setting watchdog for 200 seconds at Sun Feb 16 11:29:06 UTC 2020
2 ms. Memory: 51200K Free: 31548K (62%)
ptolemy.util.test.WatchDog.cancel(): canceling Sun Feb 16 11:29:06 UTC 2020
------------------ testing $PTII/ptolemy/domains/de/test/auto/Modal1.xml
auto.tcl: Setting watchdog for 200 seconds at Sun Feb 16 11:29:06 UTC 2020
28 ms. Memory: 51200K Free: 24373K (48%)
ptolemy.util.test.WatchDog.cancel(): canceling Sun Feb 16 11:29:06 UTC 2020
auto.tcl: Setting watchdog for 200 seconds at Sun Feb 16 11:29:06 UTC 2020
15 ms. Memory: 51200K Free: 20859K (41%)
ptolemy.util.test.WatchDog.cancel(): canceling Sun Feb 16 11:29:06 UTC 2020
------------------ testing $PTII/ptolemy/domains/de/test/auto/Modal2.xml
auto.tcl: Setting watchdog for 200 seconds at Sun Feb 16 11:29:06 UTC 2020
15 ms. Memory: 51200K Free: 24251K (47%)
ptolemy.util.test.WatchDog.cancel(): canceling Sun Feb 16 11:29:06 UTC 2020
auto.tcl: Setting watchdog for 200 seconds at Sun Feb 16 11:29:06 UTC 2020
23 ms. Memory: 51200K Free: 20773K (41%)
ptolemy.util.test.WatchDog.cancel(): canceling Sun Feb 16 11:29:06 UTC 2020
------------------ testing $PTII/ptolemy/domains/de/test/auto/Modal3.xml
auto.tcl: Setting watchdog for 200 seconds at Sun Feb 16 11:29:06 UTC 2020
16 ms. Memory: 51200K Free: 23988K (47%)
ptolemy.util.test.WatchDog.cancel(): canceling Sun Feb 16 11:29:07 UTC 2020
auto.tcl: Setting watchdog for 200 seconds at Sun Feb 16 11:29:07 UTC 2020
15 ms. Memory: 51200K Free: 20754K (41%)
ptolemy.util.test.WatchDog.cancel(): canceling Sun Feb 16 11:29:07 UTC 2020
------------------ testing $PTII/ptolemy/domains/de/test/auto/Modal4.xml
auto.tcl: Setting watchdog for 200 seconds at Sun Feb 16 11:29:07 UTC 2020
23 ms. Memory: 51200K Free: 22934K (45%)
ptolemy.util.test.WatchDog.cancel(): canceling Sun Feb 16 11:29:07 UTC 2020
auto.tcl: Setting watchdog for 200 seconds at Sun Feb 16 11:29:07 UTC 2020
15 ms. Memory: 51200K Free: 19126K (37%)
ptolemy.util.test.WatchDog.cancel(): canceling Sun Feb 16 11:29:07 UTC 2020
------------------ testing $PTII/ptolemy/domains/de/test/auto/Modal5.xml
auto.tcl: Setting watchdog for 200 seconds at Sun Feb 16 11:29:07 UTC 2020
16 ms. Memory: 51200K Free: 22931K (45%)
ptolemy.util.test.WatchDog.cancel(): canceling Sun Feb 16 11:29:07 UTC 2020
auto.tcl: Setting watchdog for 200 seconds at Sun Feb 16 11:29:07 UTC 2020
15 ms. Memory: 51200K Free: 19322K (38%)
ptolemy.util.test.WatchDog.cancel(): canceling Sun Feb 16 11:29:07 UTC 2020
------------------ testing $PTII/ptolemy/domains/de/test/auto/Modal6.xml
auto.tcl: Setting watchdog for 200 seconds at Sun Feb 16 11:29:07 UTC 2020
19 ms. Memory: 51200K Free: 23492K (46%)
ptolemy.util.test.WatchDog.cancel(): canceling Sun Feb 16 11:29:07 UTC 2020
auto.tcl: Setting watchdog for 200 seconds at Sun Feb 16 11:29:07 UTC 2020
17 ms. Memory: 51200K Free: 19737K (39%)
ptolemy.util.test.WatchDog.cancel(): canceling Sun Feb 16 11:29:07 UTC 2020
------------------ testing $PTII/ptolemy/domains/de/test/auto/Modal7.xml
auto.tcl: Setting watchdog for 200 seconds at Sun Feb 16 11:29:07 UTC 2020
16 ms. Memory: 51200K Free: 22688K (44%)
ptolemy.util.test.WatchDog.cancel(): canceling Sun Feb 16 11:29:07 UTC 2020
auto.tcl: Setting watchdog for 200 seconds at Sun Feb 16 11:29:07 UTC 2020
12 ms. Memory: 51200K Free: 19361K (38%)
ptolemy.util.test.WatchDog.cancel(): canceling Sun Feb 16 11:29:07 UTC 2020
------------------ testing $PTII/ptolemy/domains/de/test/auto/ModalModel.xml
auto.tcl: Setting watchdog for 200 seconds at Sun Feb 16 11:29:07 UTC 2020
218 ms. Memory: 51200K Free: 16172K (32%)
ptolemy.util.test.WatchDog.cancel(): canceling Sun Feb 16 11:29:07 UTC 2020
auto.tcl: Setting watchdog for 200 seconds at Sun Feb 16 11:29:07 UTC 2020
211 ms. Memory: 66560K Free: 29448K (44%)
ptolemy.util.test.WatchDog.cancel(): canceling Sun Feb 16 11:29:08 UTC 2020
------------------ testing $PTII/ptolemy/domains/de/test/auto/ModalSource.xml
auto.tcl: Setting watchdog for 200 seconds at Sun Feb 16 11:29:08 UTC 2020
6 ms. Memory: 55296K Free: 31882K (58%)
ptolemy.util.test.WatchDog.cancel(): canceling Sun Feb 16 11:29:08 UTC 2020
auto.tcl: Setting watchdog for 200 seconds at Sun Feb 16 11:29:08 UTC 2020
6 ms. Memory: 55296K Free: 29834K (54%)
ptolemy.util.test.WatchDog.cancel(): canceling Sun Feb 16 11:29:08 UTC 2020
------------------ testing $PTII/ptolemy/domains/de/test/auto/NonInterruptibleTimerZeroDelay.xml
auto.tcl: Setting watchdog for 200 seconds at Sun Feb 16 11:29:08 UTC 2020
3 ms. Memory: 51200K Free: 32939K (64%)
ptolemy.util.test.WatchDog.cancel(): canceling Sun Feb 16 11:29:08 UTC 2020
auto.tcl: Setting watchdog for 200 seconds at Sun Feb 16 11:29:08 UTC 2020
3 ms. Memory: 51200K Free: 32078K (63%)
ptolemy.util.test.WatchDog.cancel(): canceling Sun Feb 16 11:29:08 UTC 2020
------------------ testing $PTII/ptolemy/domains/de/test/auto/OpenQueueingNetwork.xml
auto.tcl: Setting watchdog for 200 seconds at Sun Feb 16 11:29:08 UTC 2020
2906 ms. Memory: 115712K Free: 57379K (50%)
ptolemy.util.test.WatchDog.cancel(): canceling Sun Feb 16 11:29:11 UTC 2020
auto.tcl: Setting watchdog for 200 seconds at Sun Feb 16 11:29:11 UTC 2020
2836 ms. Memory: 139264K Free: 41963K (30%)
ptolemy.util.test.WatchDog.cancel(): canceling Sun Feb 16 11:29:14 UTC 2020
------------------ testing $PTII/ptolemy/domains/de/test/auto/OpenQueuingNetwork.xml
auto.tcl: Setting watchdog for 200 seconds at Sun Feb 16 11:29:14 UTC 2020
241 ms. Memory: 55296K Free: 25407K (46%)
ptolemy.util.test.WatchDog.cancel(): canceling Sun Feb 16 11:29:14 UTC 2020
auto.tcl: Setting watchdog for 200 seconds at Sun Feb 16 11:29:14 UTC 2020
223 ms. Memory: 55296K Free: 34825K (63%)
ptolemy.util.test.WatchDog.cancel(): canceling Sun Feb 16 11:29:14 UTC 2020
------------------ testing $PTII/ptolemy/domains/de/test/auto/PeriodicSampler.xml
auto.tcl: Setting watchdog for 200 seconds at Sun Feb 16 11:29:14 UTC 2020
2 ms. Memory: 55296K Free: 36015K (65%)
ptolemy.util.test.WatchDog.cancel(): canceling Sun Feb 16 11:29:14 UTC 2020
auto.tcl: Setting watchdog for 200 seconds at Sun Feb 16 11:29:14 UTC 2020
2 ms. Memory: 55296K Free: 35473K (64%)
ptolemy.util.test.WatchDog.cancel(): canceling Sun Feb 16 11:29:14 UTC 2020
------------------ testing $PTII/ptolemy/domains/de/test/auto/PersistentIO.xml
auto.tcl: Setting watchdog for 200 seconds at Sun Feb 16 11:29:14 UTC 2020
4 ms. Memory: 51200K Free: 26844K (52%)
ptolemy.util.test.WatchDog.cancel(): canceling Sun Feb 16 11:29:14 UTC 2020
auto.tcl: Setting watchdog for 200 seconds at Sun Feb 16 11:29:14 UTC 2020
4 ms. Memory: 51200K Free: 25330K (49%)
ptolemy.util.test.WatchDog.cancel(): canceling Sun Feb 16 11:29:14 UTC 2020
------------------ testing $PTII/ptolemy/domains/de/test/auto/PortParameterResetOnInitialize.xml
auto.tcl: Setting watchdog for 200 seconds at Sun Feb 16 11:29:14 UTC 2020
2 ms. Memory: 51200K Free: 31828K (62%)
ptolemy.util.test.WatchDog.cancel(): canceling Sun Feb 16 11:29:14 UTC 2020
auto.tcl: Setting watchdog for 200 seconds at Sun Feb 16 11:29:14 UTC 2020
2 ms. Memory: 51200K Free: 31332K (61%)
ptolemy.util.test.WatchDog.cancel(): canceling Sun Feb 16 11:29:14 UTC 2020
------------------ testing $PTII/ptolemy/domains/de/test/auto/PortParameterUpdates.xml
auto.tcl: Setting watchdog for 200 seconds at Sun Feb 16 11:29:15 UTC 2020
5 ms. Memory: 51200K Free: 29912K (58%)
ptolemy.util.test.WatchDog.cancel(): canceling Sun Feb 16 11:29:15 UTC 2020
auto.tcl: Setting watchdog for 200 seconds at Sun Feb 16 11:29:15 UTC 2020
5 ms. Memory: 51200K Free: 28891K (56%)
ptolemy.util.test.WatchDog.cancel(): canceling Sun Feb 16 11:29:15 UTC 2020
------------------ testing $PTII/ptolemy/domains/de/test/auto/QueueAndServer.xml
auto.tcl: Setting watchdog for 200 seconds at Sun Feb 16 11:29:15 UTC 2020
13 ms. Memory: 51200K Free: 28804K (56%)
ptolemy.util.test.WatchDog.cancel(): canceling Sun Feb 16 11:29:15 UTC 2020
auto.tcl: Setting watchdog for 200 seconds at Sun Feb 16 11:29:15 UTC 2020
7 ms. Memory: 51200K Free: 27352K (53%)
ptolemy.util.test.WatchDog.cancel(): canceling Sun Feb 16 11:29:15 UTC 2020
------------------ testing $PTII/ptolemy/domains/de/test/auto/Records.xml
auto.tcl: Setting watchdog for 200 seconds at Sun Feb 16 11:29:15 UTC 2020
3 ms. Memory: 51200K Free: 31080K (61%)
ptolemy.util.test.WatchDog.cancel(): canceling Sun Feb 16 11:29:15 UTC 2020
auto.tcl: Setting watchdog for 200 seconds at Sun Feb 16 11:29:15 UTC 2020
2 ms. Memory: 51200K Free: 30585K (60%)
ptolemy.util.test.WatchDog.cancel(): canceling Sun Feb 16 11:29:15 UTC 2020
------------------ testing $PTII/ptolemy/domains/de/test/auto/ResetTransitionWithStartTime1.xml
auto.tcl: Setting watchdog for 200 seconds at Sun Feb 16 11:29:15 UTC 2020
8 ms. Memory: 51200K Free: 28326K (55%)
ptolemy.util.test.WatchDog.cancel(): canceling Sun Feb 16 11:29:15 UTC 2020
auto.tcl: Setting watchdog for 200 seconds at Sun Feb 16 11:29:15 UTC 2020
5 ms. Memory: 51200K Free: 26292K (51%)
ptolemy.util.test.WatchDog.cancel(): canceling Sun Feb 16 11:29:15 UTC 2020
------------------ testing $PTII/ptolemy/domains/de/test/auto/ResetTransitionWithStartTime2.xml
auto.tcl: Setting watchdog for 200 seconds at Sun Feb 16 11:29:15 UTC 2020
6 ms. Memory: 51200K Free: 28280K (55%)
ptolemy.util.test.WatchDog.cancel(): canceling Sun Feb 16 11:29:15 UTC 2020
auto.tcl: Setting watchdog for 200 seconds at Sun Feb 16 11:29:15 UTC 2020
6 ms. Memory: 51200K Free: 26254K (51%)
ptolemy.util.test.WatchDog.cancel(): canceling Sun Feb 16 11:29:15 UTC 2020
------------------ testing $PTII/ptolemy/domains/de/test/auto/ResetTransitionWithStartTime3.xml
auto.tcl: Setting watchdog for 200 seconds at Sun Feb 16 11:29:15 UTC 2020
7 ms. Memory: 51200K Free: 28280K (55%)
ptolemy.util.test.WatchDog.cancel(): canceling Sun Feb 16 11:29:15 UTC 2020
auto.tcl: Setting watchdog for 200 seconds at Sun Feb 16 11:29:15 UTC 2020
6 ms. Memory: 51200K Free: 26246K (51%)
ptolemy.util.test.WatchDog.cancel(): canceling Sun Feb 16 11:29:15 UTC 2020
------------------ testing $PTII/ptolemy/domains/de/test/auto/ResetTransitionWithStartTime4.xml
auto.tcl: Setting watchdog for 200 seconds at Sun Feb 16 11:29:15 UTC 2020
8 ms. Memory: 51200K Free: 28723K (56%)
ptolemy.util.test.WatchDog.cancel(): canceling Sun Feb 16 11:29:15 UTC 2020
auto.tcl: Setting watchdog for 200 seconds at Sun Feb 16 11:29:15 UTC 2020
3 ms. Memory: 51200K Free: 27254K (53%)
ptolemy.util.test.WatchDog.cancel(): canceling Sun Feb 16 11:29:15 UTC 2020
------------------ testing $PTII/ptolemy/domains/de/test/auto/ResettableTimer1.xml
auto.tcl: Setting watchdog for 200 seconds at Sun Feb 16 11:29:15 UTC 2020
3 ms. Memory: 51200K Free: 32448K (63%)
ptolemy.util.test.WatchDog.cancel(): canceling Sun Feb 16 11:29:15 UTC 2020
auto.tcl: Setting watchdog for 200 seconds at Sun Feb 16 11:29:15 UTC 2020
2 ms. Memory: 51200K Free: 31847K (62%)
ptolemy.util.test.WatchDog.cancel(): canceling Sun Feb 16 11:29:15 UTC 2020
------------------ testing $PTII/ptolemy/domains/de/test/auto/ResettableTimer2.xml
auto.tcl: Setting watchdog for 200 seconds at Sun Feb 16 11:29:15 UTC 2020
3 ms. Memory: 51200K Free: 32550K (64%)
ptolemy.util.test.WatchDog.cancel(): canceling Sun Feb 16 11:29:15 UTC 2020
auto.tcl: Setting watchdog for 200 seconds at Sun Feb 16 11:29:15 UTC 2020
3 ms. Memory: 51200K Free: 31896K (62%)
ptolemy.util.test.WatchDog.cancel(): canceling Sun Feb 16 11:29:15 UTC 2020
------------------ testing $PTII/ptolemy/domains/de/test/auto/ResettableTimer3.xml
auto.tcl: Setting watchdog for 200 seconds at Sun Feb 16 11:29:15 UTC 2020
2 ms. Memory: 51200K Free: 32853K (64%)
ptolemy.util.test.WatchDog.cancel(): canceling Sun Feb 16 11:29:15 UTC 2020
auto.tcl: Setting watchdog for 200 seconds at Sun Feb 16 11:29:15 UTC 2020
2 ms. Memory: 51200K Free: 31917K (62%)
ptolemy.util.test.WatchDog.cancel(): canceling Sun Feb 16 11:29:15 UTC 2020
------------------ testing $PTII/ptolemy/domains/de/test/auto/ResettableTimer4.xml
auto.tcl: Setting watchdog for 200 seconds at Sun Feb 16 11:29:15 UTC 2020
1 ms. Memory: 51200K Free: 32443K (63%)
ptolemy.util.test.WatchDog.cancel(): canceling Sun Feb 16 11:29:15 UTC 2020
auto.tcl: Setting watchdog for 200 seconds at Sun Feb 16 11:29:15 UTC 2020
2 ms. Memory: 51200K Free: 31931K (62%)
ptolemy.util.test.WatchDog.cancel(): canceling Sun Feb 16 11:29:15 UTC 2020
------------------ testing $PTII/ptolemy/domains/de/test/auto/ResettableTimer5.xml
auto.tcl: Setting watchdog for 200 seconds at Sun Feb 16 11:29:15 UTC 2020
1 ms. Memory: 51200K Free: 31910K (62%)
ptolemy.util.test.WatchDog.cancel(): canceling Sun Feb 16 11:29:15 UTC 2020
auto.tcl: Setting watchdog for 200 seconds at Sun Feb 16 11:29:15 UTC 2020
1 ms. Memory: 51200K Free: 31417K (61%)
ptolemy.util.test.WatchDog.cancel(): canceling Sun Feb 16 11:29:15 UTC 2020
------------------ testing $PTII/ptolemy/domains/de/test/auto/ResettableTimer6.xml
auto.tcl: Setting watchdog for 200 seconds at Sun Feb 16 11:29:15 UTC 2020
3 ms. Memory: 51200K Free: 31886K (62%)
ptolemy.util.test.WatchDog.cancel(): canceling Sun Feb 16 11:29:15 UTC 2020
auto.tcl: Setting watchdog for 200 seconds at Sun Feb 16 11:29:15 UTC 2020
1 ms. Memory: 51200K Free: 31390K (61%)
ptolemy.util.test.WatchDog.cancel(): canceling Sun Feb 16 11:29:15 UTC 2020
------------------ testing $PTII/ptolemy/domains/de/test/auto/ServerZeroDelay.xml
auto.tcl: Setting watchdog for 200 seconds at Sun Feb 16 11:29:15 UTC 2020
2 ms. Memory: 51200K Free: 32405K (63%)
ptolemy.util.test.WatchDog.cancel(): canceling Sun Feb 16 11:29:15 UTC 2020
auto.tcl: Setting watchdog for 200 seconds at Sun Feb 16 11:29:15 UTC 2020
2 ms. Memory: 51200K Free: 31381K (61%)
ptolemy.util.test.WatchDog.cancel(): canceling Sun Feb 16 11:29:15 UTC 2020
------------------ testing $PTII/ptolemy/domains/de/test/auto/SmartSender.xml
auto.tcl: Setting watchdog for 200 seconds at Sun Feb 16 11:29:15 UTC 2020
3001 ms. Memory: 51200K Free: 32400K (63%)
ptolemy.util.test.WatchDog.cancel(): canceling Sun Feb 16 11:29:18 UTC 2020
auto.tcl: Setting watchdog for 200 seconds at Sun Feb 16 11:29:18 UTC 2020
3001 ms. Memory: 51200K Free: 31883K (62%)
ptolemy.util.test.WatchDog.cancel(): canceling Sun Feb 16 11:29:21 UTC 2020
------------------ testing $PTII/ptolemy/domains/de/test/auto/ThreadedComposite.xml
auto.tcl: Setting watchdog for 200 seconds at Sun Feb 16 11:29:21 UTC 2020
185 ms. Memory: 51200K Free: 13468K (26%)
ptolemy.util.test.WatchDog.cancel(): canceling Sun Feb 16 11:29:22 UTC 2020
auto.tcl: Setting watchdog for 200 seconds at Sun Feb 16 11:29:22 UTC 2020
120 ms. Memory: 51200K Free: 28657K (56%)
ptolemy.util.test.WatchDog.cancel(): canceling Sun Feb 16 11:29:22 UTC 2020
------------------ testing $PTII/ptolemy/domains/de/test/auto/Time.xml
auto.tcl: Setting watchdog for 200 seconds at Sun Feb 16 11:29:22 UTC 2020
492 ms. Memory: 51200K Free: 34184K (67%)
ptolemy.util.test.WatchDog.cancel(): canceling Sun Feb 16 11:29:22 UTC 2020
auto.tcl: Setting watchdog for 200 seconds at Sun Feb 16 11:29:22 UTC 2020
491 ms. Memory: 68608K Free: 24844K (36%)
ptolemy.util.test.WatchDog.cancel(): canceling Sun Feb 16 11:29:23 UTC 2020
------------------ testing $PTII/ptolemy/domains/de/test/auto/TimeDelayZeroDelay.xml
auto.tcl: Setting watchdog for 200 seconds at Sun Feb 16 11:29:23 UTC 2020
2 ms. Memory: 51200K Free: 32330K (63%)
ptolemy.util.test.WatchDog.cancel(): canceling Sun Feb 16 11:29:23 UTC 2020
auto.tcl: Setting watchdog for 200 seconds at Sun Feb 16 11:29:23 UTC 2020
2 ms. Memory: 51200K Free: 31865K (62%)
ptolemy.util.test.WatchDog.cancel(): canceling Sun Feb 16 11:29:23 UTC 2020
------------------ testing $PTII/ptolemy/domains/de/test/auto/TimerZeroDelay.xml
auto.tcl: Setting watchdog for 200 seconds at Sun Feb 16 11:29:23 UTC 2020
4 ms. Memory: 51200K Free: 32807K (64%)
ptolemy.util.test.WatchDog.cancel(): canceling Sun Feb 16 11:29:23 UTC 2020
auto.tcl: Setting watchdog for 200 seconds at Sun Feb 16 11:29:23 UTC 2020
3 ms. Memory: 51200K Free: 32373K (63%)
ptolemy.util.test.WatchDog.cancel(): canceling Sun Feb 16 11:29:23 UTC 2020
------------------ testing $PTII/ptolemy/domains/de/test/auto/TimingParadox.xml
auto.tcl: Setting watchdog for 200 seconds at Sun Feb 16 11:29:23 UTC 2020
337 ms. Memory: 51200K Free: 18367K (36%)
ptolemy.util.test.WatchDog.cancel(): canceling Sun Feb 16 11:29:24 UTC 2020
auto.tcl: Setting watchdog for 200 seconds at Sun Feb 16 11:29:24 UTC 2020
315 ms. Memory: 51200K Free: 34312K (67%)
ptolemy.util.test.WatchDog.cancel(): canceling Sun Feb 16 11:29:24 UTC 2020
------------------ testing $PTII/ptolemy/domains/de/test/auto/TransferInputs.xml
auto.tcl: Setting watchdog for 200 seconds at Sun Feb 16 11:29:24 UTC 2020
2 ms. Memory: 51200K Free: 30855K (60%)
ptolemy.util.test.WatchDog.cancel(): canceling Sun Feb 16 11:29:24 UTC 2020
auto.tcl: Setting watchdog for 200 seconds at Sun Feb 16 11:29:24 UTC 2020
2 ms. Memory: 51200K Free: 29945K (58%)
ptolemy.util.test.WatchDog.cancel(): canceling Sun Feb 16 11:29:24 UTC 2020
------------------ testing $PTII/ptolemy/domains/de/test/auto/TransferOutputs2.xml
auto.tcl: Setting watchdog for 200 seconds at Sun Feb 16 11:29:24 UTC 2020
3 ms. Memory: 51200K Free: 28284K (55%)
ptolemy.util.test.WatchDog.cancel(): canceling Sun Feb 16 11:29:24 UTC 2020
auto.tcl: Setting watchdog for 200 seconds at Sun Feb 16 11:29:24 UTC 2020
3 ms. Memory: 51200K Free: 26860K (52%)
ptolemy.util.test.WatchDog.cancel(): canceling Sun Feb 16 11:29:24 UTC 2020
------------------ testing $PTII/ptolemy/domains/de/test/auto/Trilateration.xml
auto.tcl: Setting watchdog for 200 seconds at Sun Feb 16 11:29:24 UTC 2020
12065 ms. Memory: 464896K Free: 215869K (46%)
ptolemy.util.test.WatchDog.cancel(): canceling Sun Feb 16 11:29:37 UTC 2020
auto.tcl: Setting watchdog for 200 seconds at Sun Feb 16 11:29:37 UTC 2020
8880 ms. Memory: 464896K Free: 275744K (59%)
ptolemy.util.test.WatchDog.cancel(): canceling Sun Feb 16 11:29:46 UTC 2020
------------------ testing $PTII/ptolemy/domains/de/test/auto/TwoSigmaDelta.xml
auto.tcl: Setting watchdog for 200 seconds at Sun Feb 16 11:29:46 UTC 2020
2295 ms. Memory: 89088K Free: 22859K (26%)
ptolemy.util.test.WatchDog.cancel(): canceling Sun Feb 16 11:29:49 UTC 2020
auto.tcl: Setting watchdog for 200 seconds at Sun Feb 16 11:29:49 UTC 2020
1870 ms. Memory: 89088K Free: 15673K (18%)
ptolemy.util.test.WatchDog.cancel(): canceling Sun Feb 16 11:29:50 UTC 2020
------------------ testing $PTII/ptolemy/domains/de/test/auto/VariableDelay.xml
auto.tcl: Setting watchdog for 200 seconds at Sun Feb 16 11:29:50 UTC 2020
2 ms. Memory: 55296K Free: 35430K (64%)
ptolemy.util.test.WatchDog.cancel(): canceling Sun Feb 16 11:29:50 UTC 2020
auto.tcl: Setting watchdog for 200 seconds at Sun Feb 16 11:29:50 UTC 2020
1 ms. Memory: 55296K Free: 34390K (62%)
ptolemy.util.test.WatchDog.cancel(): canceling Sun Feb 16 11:29:50 UTC 2020
------------------ testing $PTII/ptolemy/domains/de/test/auto/VariableDelay2.xml
auto.tcl: Setting watchdog for 200 seconds at Sun Feb 16 11:29:51 UTC 2020
2 ms. Memory: 55296K Free: 36015K (65%)
ptolemy.util.test.WatchDog.cancel(): canceling Sun Feb 16 11:29:51 UTC 2020
auto.tcl: Setting watchdog for 200 seconds at Sun Feb 16 11:29:51 UTC 2020
1 ms. Memory: 55296K Free: 35503K (64%)
ptolemy.util.test.WatchDog.cancel(): canceling Sun Feb 16 11:29:51 UTC 2020
------------------ testing $PTII/ptolemy/domains/de/test/auto/VariableDelayZeroDelay.xml
auto.tcl: Setting watchdog for 200 seconds at Sun Feb 16 11:29:51 UTC 2020
2 ms. Memory: 55296K Free: 36356K (66%)
ptolemy.util.test.WatchDog.cancel(): canceling Sun Feb 16 11:29:51 UTC 2020
auto.tcl: Setting watchdog for 200 seconds at Sun Feb 16 11:29:51 UTC 2020
2 ms. Memory: 55296K Free: 35842K (65%)
ptolemy.util.test.WatchDog.cancel(): canceling Sun Feb 16 11:29:51 UTC 2020
------------------ testing $PTII/ptolemy/domains/de/test/auto/VariableDelayZeroDelay2.xml
auto.tcl: Setting watchdog for 200 seconds at Sun Feb 16 11:29:51 UTC 2020
2 ms. Memory: 51200K Free: 32258K (63%)
ptolemy.util.test.WatchDog.cancel(): canceling Sun Feb 16 11:29:51 UTC 2020
auto.tcl: Setting watchdog for 200 seconds at Sun Feb 16 11:29:51 UTC 2020
2 ms. Memory: 51200K Free: 31234K (61%)
ptolemy.util.test.WatchDog.cancel(): canceling Sun Feb 16 11:29:51 UTC 2020
------------------ testing $PTII/ptolemy/domains/de/test/auto/deInCt.xml
auto.tcl: Setting watchdog for 200 seconds at Sun Feb 16 11:29:51 UTC 2020
0
1
1
1
0
0
0
1
1
1
0
0
0
0
1
1
1
0
0
0
1
1
1
1
1
0
0
0
1
1
0
0
0
1
1
1
0
0
0
0
0
0
13 ms. Memory: 51200K Free: 31232K (61%)
ptolemy.util.test.WatchDog.cancel(): canceling Sun Feb 16 11:29:51 UTC 2020
auto.tcl: Setting watchdog for 200 seconds at Sun Feb 16 11:29:51 UTC 2020
0
1
1
1
0
0
0
1
1
1
0
0
0
1
1
0
0
0
1
1
1
1
0
0
0
0
1
1
1
0
0
0
1
1
1
1
0
0
0
1
1
1
0
0
0
1
1
1
1
15 ms. Memory: 51200K Free: 29703K (58%)
ptolemy.util.test.WatchDog.cancel(): canceling Sun Feb 16 11:29:51 UTC 2020
------------------ testing $PTII/ptolemy/domains/de/test/auto/deInCt2.xml
auto.tcl: Setting watchdog for 200 seconds at Sun Feb 16 11:29:51 UTC 2020
0
1
1
1
0
0
1
1
1
0
0
1
1
1
0
0
1
1
1
0
0
1
1
1
0
0
1
1
1
0
0
1
1
1
0
0
1
1
1
0
0
0
10 ms. Memory: 51200K Free: 31233K (61%)
ptolemy.util.test.WatchDog.cancel(): canceling Sun Feb 16 11:29:51 UTC 2020
auto.tcl: Setting watchdog for 200 seconds at Sun Feb 16 11:29:51 UTC 2020
0
1
1
1
0
0
1
1
1
0
0
1
1
1
0
0
1
1
1
0
0
1
1
1
0
0
1
1
1
0
0
1
1
1
0
0
1
1
1
0
0
0
7 ms. Memory: 51200K Free: 29695K (58%)
ptolemy.util.test.WatchDog.cancel(): canceling Sun Feb 16 11:29:51 UTC 2020
------------------ testing $PTII/ptolemy/domains/de/test/auto/dynamicCausalityInterface1.xml
auto.tcl: Setting watchdog for 200 seconds at Sun Feb 16 11:29:51 UTC 2020
2 ms. Memory: 51200K Free: 27131K (53%)
ptolemy.util.test.WatchDog.cancel(): canceling Sun Feb 16 11:29:51 UTC 2020
auto.tcl: Setting watchdog for 200 seconds at Sun Feb 16 11:29:51 UTC 2020
1 ms. Memory: 51200K Free: 26617K (52%)
ptolemy.util.test.WatchDog.cancel(): canceling Sun Feb 16 11:29:51 UTC 2020
------------------ testing $PTII/ptolemy/domains/de/test/auto/fsm_de_test.xml
auto.tcl: Setting watchdog for 200 seconds at Sun Feb 16 11:29:51 UTC 2020
6 ms. Memory: 51200K Free: 27030K (53%)
ptolemy.util.test.WatchDog.cancel(): canceling Sun Feb 16 11:29:51 UTC 2020
auto.tcl: Setting watchdog for 200 seconds at Sun Feb 16 11:29:51 UTC 2020
6 ms. Memory: 51200K Free: 24982K (49%)
ptolemy.util.test.WatchDog.cancel(): canceling Sun Feb 16 11:29:51 UTC 2020
------------------ testing $PTII/ptolemy/domains/de/test/auto/functionDependencyReconstruction.xml
auto.tcl: Setting watchdog for 200 seconds at Sun Feb 16 11:29:51 UTC 2020
3 ms. Memory: 51200K Free: 20875K (41%)
ptolemy.util.test.WatchDog.cancel(): canceling Sun Feb 16 11:29:51 UTC 2020
auto.tcl: Setting watchdog for 200 seconds at Sun Feb 16 11:29:51 UTC 2020
3 ms. Memory: 51200K Free: 18827K (37%)
ptolemy.util.test.WatchDog.cancel(): canceling Sun Feb 16 11:29:51 UTC 2020
------------------ testing $PTII/ptolemy/domains/de/test/auto/multirate.xml
auto.tcl: Setting watchdog for 200 seconds at Sun Feb 16 11:29:51 UTC 2020
4 ms. Memory: 51200K Free: 29670K (58%)
ptolemy.util.test.WatchDog.cancel(): canceling Sun Feb 16 11:29:51 UTC 2020
auto.tcl: Setting watchdog for 200 seconds at Sun Feb 16 11:29:51 UTC 2020
3 ms. Memory: 51200K Free: 27926K (55%)
ptolemy.util.test.WatchDog.cancel(): canceling Sun Feb 16 11:29:51 UTC 2020
------------------ testing $PTII/ptolemy/domains/de/test/auto/multirate2.xml
auto.tcl: Setting watchdog for 200 seconds at Sun Feb 16 11:29:51 UTC 2020
6 ms. Memory: 51200K Free: 29825K (58%)
ptolemy.util.test.WatchDog.cancel(): canceling Sun Feb 16 11:29:51 UTC 2020
auto.tcl: Setting watchdog for 200 seconds at Sun Feb 16 11:29:51 UTC 2020
2 ms. Memory: 51200K Free: 28106K (55%)
ptolemy.util.test.WatchDog.cancel(): canceling Sun Feb 16 11:29:51 UTC 2020
------------------ testing $PTII/ptolemy/domains/de/test/auto/realtime.xml
auto.tcl: Setting watchdog for 200 seconds at Sun Feb 16 11:29:51 UTC 2020
10001 ms. Memory: 51200K Free: 31912K (62%)
ptolemy.util.test.WatchDog.cancel(): canceling Sun Feb 16 11:30:01 UTC 2020
auto.tcl: Setting watchdog for 200 seconds at Sun Feb 16 11:30:01 UTC 2020
10002 ms. Memory: 51200K Free: 31177K (61%)
ptolemy.util.test.WatchDog.cancel(): canceling Sun Feb 16 11:30:11 UTC 2020
------------------ testing $PTII/ptolemy/domains/de/test/auto/relationGroup.xml
auto.tcl: Setting watchdog for 200 seconds at Sun Feb 16 11:30:11 UTC 2020
2 ms. Memory: 51200K Free: 32952K (64%)
ptolemy.util.test.WatchDog.cancel(): canceling Sun Feb 16 11:30:11 UTC 2020
auto.tcl: Setting watchdog for 200 seconds at Sun Feb 16 11:30:11 UTC 2020
2 ms. Memory: 51200K Free: 32440K (63%)
ptolemy.util.test.WatchDog.cancel(): canceling Sun Feb 16 11:30:11 UTC 2020
------------------ testing $PTII/ptolemy/domains/de/test/auto/relationGroup2.xml
auto.tcl: Setting watchdog for 200 seconds at Sun Feb 16 11:30:11 UTC 2020
1 ms. Memory: 51200K Free: 33008K (64%)
ptolemy.util.test.WatchDog.cancel(): canceling Sun Feb 16 11:30:11 UTC 2020
auto.tcl: Setting watchdog for 200 seconds at Sun Feb 16 11:30:11 UTC 2020
2 ms. Memory: 51200K Free: 32496K (63%)
ptolemy.util.test.WatchDog.cancel(): canceling Sun Feb 16 11:30:11 UTC 2020
------------------ testing $PTII/ptolemy/domains/de/test/auto/sortWithOpaquePorts.xml
auto.tcl: Setting watchdog for 200 seconds at Sun Feb 16 11:30:11 UTC 2020
2 ms. Memory: 51200K Free: 32284K (63%)
ptolemy.util.test.WatchDog.cancel(): canceling Sun Feb 16 11:30:12 UTC 2020
auto.tcl: Setting watchdog for 200 seconds at Sun Feb 16 11:30:12 UTC 2020
2 ms. Memory: 51200K Free: 30755K (60%)
ptolemy.util.test.WatchDog.cancel(): canceling Sun Feb 16 11:30:12 UTC 2020
------------------ testing $PTII/ptolemy/domains/de/test/auto/transferInputsandOutputs.xml
auto.tcl: Setting watchdog for 200 seconds at Sun Feb 16 11:30:12 UTC 2020
2 ms. Memory: 51200K Free: 29199K (57%)
ptolemy.util.test.WatchDog.cancel(): canceling Sun Feb 16 11:30:12 UTC 2020
auto.tcl: Setting watchdog for 200 seconds at Sun Feb 16 11:30:12 UTC 2020
3 ms. Memory: 51200K Free: 28175K (55%)
ptolemy.util.test.WatchDog.cancel(): canceling Sun Feb 16 11:30:12 UTC 2020
------------------ testing $PTII/ptolemy/domains/de/test/auto/triggerType.xml
auto.tcl: Setting watchdog for 200 seconds at Sun Feb 16 11:30:12 UTC 2020
2 ms. Memory: 51200K Free: 32224K (63%)
ptolemy.util.test.WatchDog.cancel(): canceling Sun Feb 16 11:30:12 UTC 2020
auto.tcl: Setting watchdog for 200 seconds at Sun Feb 16 11:30:12 UTC 2020
2 ms. Memory: 51200K Free: 31206K (61%)
ptolemy.util.test.WatchDog.cancel(): canceling Sun Feb 16 11:30:12 UTC 2020
02/16/20 11:30:12
Failed: 0  Total Tests: 192  ((Passed: 187, Newly Passed: 1)  Known Failed: 5) /home/travis/build/icyphy/ptII/ptolemy/domains/de/test
02/16/20 11:30:12
Failed: 0  Total Tests: 192  ((Passed: 187, Newly Passed: 1)  Known Failed: 5) /home/travis/build/icyphy/ptII/ptolemy/domains/de/test
----------------- testing (KnownFailure) /home/travis/build/icyphy/ptII/ptolemy/domains/de/test/auto/knownFailedTests/DESDFClockTest.xml
2011 ms. Memory: 51200K Free: 25109K (49%)
Known Failure: java.lang.reflect.InvocationTargetException
----------------- testing (KnownFailure) /home/travis/build/icyphy/ptII/ptolemy/domains/de/test/auto/knownFailedTests/DirectFeedback.xml
2 ms. Memory: 51200K Free: 21523K (42%)
Known Failure: java.lang.reflect.InvocationTargetException
----------------- testing (KnownFailure) /home/travis/build/icyphy/ptII/ptolemy/domains/de/test/auto/knownFailedTests/FSMSource.xml
15 ms. Memory: 51200K Free: 13845K (27%)
----------------- testing (KnownFailure) /home/travis/build/icyphy/ptII/ptolemy/domains/de/test/auto/knownFailedTests/HierarchicalModel.xml
3 ms. Memory: 51200K Free: 26053K (51%)
Known Failure: java.lang.reflect.InvocationTargetException
----------------- testing (KnownFailure) /home/travis/build/icyphy/ptII/ptolemy/domains/de/test/auto/knownFailedTests/dependencyLoop.xml
2 ms. Memory: 51200K Free: 11001K (21%)
Known Failure: java.lang.reflect.InvocationTargetException
----------------- testing (KnownFailure) /home/travis/build/icyphy/ptII/ptolemy/domains/de/test/auto/knownFailedTests/dependencyLoop2.xml
10 ms. Memory: 51200K Free: 23765K (46%)
Known Failure: java.lang.reflect.InvocationTargetException
No auto/linux-amd64/*.xml tests in /home/travis/build/icyphy/ptII/ptolemy/domains/de/test
AutoTests.java: About to close Vertx.
AutoTests.java: Vertx closed.

===========================================================================================
----------------- testing Sun Feb 16 11:30:14 UTC 2020 /home/travis/build/icyphy/ptII/ptolemy/domains/de/test/auto/ActorDepthCalculation_actorWithoutPorts.xml
----------------- Instantiating /home/travis/build/icyphy/ptII/ptolemy/domains/de/test/auto/ActorDepthCalculation_actorWithoutPorts.xml
3 ms. Memory: 51200K Free: 17152K (34%)
----------------- Invoking toplevel() on ptolemy.moml.MoMLSimpleApplication@447088c4
----------------- Done invoking toplevel() on ptolemy.moml.MoMLSimpleApplication@447088c4
reloadAllAccessors: .ActorDepthCalculation_actorWithoutPorts

===========================================================================================
----------------- testing Sun Feb 16 11:30:14 UTC 2020 /home/travis/build/icyphy/ptII/ptolemy/domains/de/test/auto/AssemblyLine.xml
----------------- Instantiating /home/travis/build/icyphy/ptII/ptolemy/domains/de/test/auto/AssemblyLine.xml
3 ms. Memory: 51200K Free: 10014K (20%)
----------------- Invoking toplevel() on ptolemy.moml.MoMLSimpleApplication@63d0a5b0
----------------- Done invoking toplevel() on ptolemy.moml.MoMLSimpleApplication@63d0a5b0
reloadAllAccessors: .AssemblyLine

===========================================================================================
----------------- testing Sun Feb 16 11:30:14 UTC 2020 /home/travis/build/icyphy/ptII/ptolemy/domains/de/test/auto/CQBug1.xml
----------------- Instantiating /home/travis/build/icyphy/ptII/ptolemy/domains/de/test/auto/CQBug1.xml
2 ms. Memory: 51200K Free: 35033K (68%)
----------------- Invoking toplevel() on ptolemy.moml.MoMLSimpleApplication@3c92a7ad
----------------- Done invoking toplevel() on ptolemy.moml.MoMLSimpleApplication@3c92a7ad
reloadAllAccessors: .CQBug1

===========================================================================================
----------------- testing Sun Feb 16 11:30:14 UTC 2020 /home/travis/build/icyphy/ptII/ptolemy/domains/de/test/auto/CancelFireAt.xml
----------------- Instantiating /home/travis/build/icyphy/ptII/ptolemy/domains/de/test/auto/CancelFireAt.xml
10 ms. Memory: 51200K Free: 32684K (64%)
----------------- Invoking toplevel() on ptolemy.moml.MoMLSimpleApplication@38021bd0
----------------- Done invoking toplevel() on ptolemy.moml.MoMLSimpleApplication@38021bd0
reloadAllAccessors: .CancelFireAt

===========================================================================================
----------------- testing Sun Feb 16 11:30:14 UTC 2020 /home/travis/build/icyphy/ptII/ptolemy/domains/de/test/auto/CausalityAndComposabilityAnalysis.xml
----------------- Instantiating /home/travis/build/icyphy/ptII/ptolemy/domains/de/test/auto/CausalityAndComposabilityAnalysis.xml
3 ms. Memory: 51200K Free: 28288K (55%)
----------------- Invoking toplevel() on ptolemy.moml.MoMLSimpleApplication@33402c0f
----------------- Done invoking toplevel() on ptolemy.moml.MoMLSimpleApplication@33402c0f
reloadAllAccessors: .CausalityAndComposabilityAnalysis

===========================================================================================
----------------- testing Sun Feb 16 11:30:14 UTC 2020 /home/travis/build/icyphy/ptII/ptolemy/domains/de/test/auto/CausalityInterface1.xml
----------------- Instantiating /home/travis/build/icyphy/ptII/ptolemy/domains/de/test/auto/CausalityInterface1.xml
6 ms. Memory: 51200K Free: 23200K (45%)
----------------- Invoking toplevel() on ptolemy.moml.MoMLSimpleApplication@532b8c64
----------------- Done invoking toplevel() on ptolemy.moml.MoMLSimpleApplication@532b8c64
reloadAllAccessors: .CausalityInterface1

===========================================================================================
----------------- testing Sun Feb 16 11:30:14 UTC 2020 /home/travis/build/icyphy/ptII/ptolemy/domains/de/test/auto/CausalityInterface15.xml
----------------- Instantiating /home/travis/build/icyphy/ptII/ptolemy/domains/de/test/auto/CausalityInterface15.xml
2 ms. Memory: 51200K Free: 17739K (35%)
----------------- Invoking toplevel() on ptolemy.moml.MoMLSimpleApplication@fbe660b
----------------- Done invoking toplevel() on ptolemy.moml.MoMLSimpleApplication@fbe660b
reloadAllAccessors: .CausalityInterface15

===========================================================================================
----------------- testing Sun Feb 16 11:30:14 UTC 2020 /home/travis/build/icyphy/ptII/ptolemy/domains/de/test/auto/CausalityInterface2.xml
----------------- Instantiating /home/travis/build/icyphy/ptII/ptolemy/domains/de/test/auto/CausalityInterface2.xml
2 ms. Memory: 51200K Free: 13196K (26%)
----------------- Invoking toplevel() on ptolemy.moml.MoMLSimpleApplication@20f55328
----------------- Done invoking toplevel() on ptolemy.moml.MoMLSimpleApplication@20f55328
reloadAllAccessors: .CausalityInterface2

===========================================================================================
----------------- testing Sun Feb 16 11:30:14 UTC 2020 /home/travis/build/icyphy/ptII/ptolemy/domains/de/test/auto/CausalityInterface3.xml
----------------- Instantiating /home/travis/build/icyphy/ptII/ptolemy/domains/de/test/auto/CausalityInterface3.xml
2 ms. Memory: 51200K Free: 8409K (16%)
----------------- Invoking toplevel() on ptolemy.moml.MoMLSimpleApplication@3531fdcf
----------------- Done invoking toplevel() on ptolemy.moml.MoMLSimpleApplication@3531fdcf
reloadAllAccessors: .CausalityInterface3

===========================================================================================
----------------- testing Sun Feb 16 11:30:14 UTC 2020 /home/travis/build/icyphy/ptII/ptolemy/domains/de/test/auto/ClockDrift.xml
----------------- Instantiating /home/travis/build/icyphy/ptII/ptolemy/domains/de/test/auto/ClockDrift.xml
15 ms. Memory: 51200K Free: 24305K (47%)
----------------- Invoking toplevel() on ptolemy.moml.MoMLSimpleApplication@28ce0864
----------------- Done invoking toplevel() on ptolemy.moml.MoMLSimpleApplication@28ce0864
reloadAllAccessors: .ClockDrift

===========================================================================================
----------------- testing Sun Feb 16 11:30:14 UTC 2020 /home/travis/build/icyphy/ptII/ptolemy/domains/de/test/auto/ClockDriftAndValueChange.xml
----------------- Instantiating /home/travis/build/icyphy/ptII/ptolemy/domains/de/test/auto/ClockDriftAndValueChange.xml
10 ms. Memory: 51200K Free: 12764K (25%)
----------------- Invoking toplevel() on ptolemy.moml.MoMLSimpleApplication@150fee47
----------------- Done invoking toplevel() on ptolemy.moml.MoMLSimpleApplication@150fee47
reloadAllAccessors: .ClockDriftAndValueChange

===========================================================================================
----------------- testing Sun Feb 16 11:30:14 UTC 2020 /home/travis/build/icyphy/ptII/ptolemy/domains/de/test/auto/ClockDriftChange.xml
----------------- Instantiating /home/travis/build/icyphy/ptII/ptolemy/domains/de/test/auto/ClockDriftChange.xml
9 ms. Memory: 51200K Free: 30079K (59%)
----------------- Invoking toplevel() on ptolemy.moml.MoMLSimpleApplication@5dffe56
----------------- Done invoking toplevel() on ptolemy.moml.MoMLSimpleApplication@5dffe56
reloadAllAccessors: .ClockDriftChange

===========================================================================================
----------------- testing Sun Feb 16 11:30:14 UTC 2020 /home/travis/build/icyphy/ptII/ptolemy/domains/de/test/auto/ComposableCausalityAnalysis.xml
----------------- Instantiating /home/travis/build/icyphy/ptII/ptolemy/domains/de/test/auto/ComposableCausalityAnalysis.xml
1 ms. Memory: 51200K Free: 24258K (47%)
----------------- Invoking toplevel() on ptolemy.moml.MoMLSimpleApplication@7f3b9689
----------------- Done invoking toplevel() on ptolemy.moml.MoMLSimpleApplication@7f3b9689
reloadAllAccessors: .ComposableCausalityAnalysis

===========================================================================================
----------------- testing Sun Feb 16 11:30:14 UTC 2020 /home/travis/build/icyphy/ptII/ptolemy/domains/de/test/auto/DEFixedPointLimitation.xml
----------------- Instantiating /home/travis/build/icyphy/ptII/ptolemy/domains/de/test/auto/DEFixedPointLimitation.xml
1 ms. Memory: 51200K Free: 19767K (39%)
----------------- Invoking toplevel() on ptolemy.moml.MoMLSimpleApplication@5dccb724
----------------- Done invoking toplevel() on ptolemy.moml.MoMLSimpleApplication@5dccb724
reloadAllAccessors: .DEFixedPointLimitation

===========================================================================================
----------------- testing Sun Feb 16 11:30:14 UTC 2020 /home/travis/build/icyphy/ptII/ptolemy/domains/de/test/auto/DEScheduleTest.xml
----------------- Instantiating /home/travis/build/icyphy/ptII/ptolemy/domains/de/test/auto/DEScheduleTest.xml
3 ms. Memory: 51200K Free: 15607K (30%)
----------------- Invoking toplevel() on ptolemy.moml.MoMLSimpleApplication@6aad4ace
----------------- Done invoking toplevel() on ptolemy.moml.MoMLSimpleApplication@6aad4ace
reloadAllAccessors: .DEScheduleTest

===========================================================================================
----------------- testing Sun Feb 16 11:30:14 UTC 2020 /home/travis/build/icyphy/ptII/ptolemy/domains/de/test/auto/DEinDEwithStartTimes.xml
----------------- Instantiating /home/travis/build/icyphy/ptII/ptolemy/domains/de/test/auto/DEinDEwithStartTimes.xml
2 ms. Memory: 51200K Free: 9698K (19%)
----------------- Invoking toplevel() on ptolemy.moml.MoMLSimpleApplication@484e27bd
----------------- Done invoking toplevel() on ptolemy.moml.MoMLSimpleApplication@484e27bd
reloadAllAccessors: .DEinDEwithStartTimes

===========================================================================================
----------------- testing Sun Feb 16 11:30:14 UTC 2020 /home/travis/build/icyphy/ptII/ptolemy/domains/de/test/auto/DEinDEwithStartTimes2.xml
----------------- Instantiating /home/travis/build/icyphy/ptII/ptolemy/domains/de/test/auto/DEinDEwithStartTimes2.xml
3 ms. Memory: 51200K Free: 31087K (61%)
----------------- Invoking toplevel() on ptolemy.moml.MoMLSimpleApplication@3d88ddab
----------------- Done invoking toplevel() on ptolemy.moml.MoMLSimpleApplication@3d88ddab
reloadAllAccessors: .DEinDEwithStartTimes2

===========================================================================================
----------------- testing Sun Feb 16 11:30:14 UTC 2020 /home/travis/build/icyphy/ptII/ptolemy/domains/de/test/auto/DateDemo.xml
----------------- Instantiating /home/travis/build/icyphy/ptII/ptolemy/domains/de/test/auto/DateDemo.xml
7 ms. Memory: 51200K Free: 20073K (39%)
----------------- Invoking toplevel() on ptolemy.moml.MoMLSimpleApplication@43a93eee
----------------- Done invoking toplevel() on ptolemy.moml.MoMLSimpleApplication@43a93eee
reloadAllAccessors: .DateDemo

===========================================================================================
----------------- testing Sun Feb 16 11:30:14 UTC 2020 /home/travis/build/icyphy/ptII/ptolemy/domains/de/test/auto/DateToEvent.xml
----------------- Instantiating /home/travis/build/icyphy/ptII/ptolemy/domains/de/test/auto/DateToEvent.xml
2005 ms. Memory: 51200K Free: 30935K (60%)
----------------- Invoking toplevel() on ptolemy.moml.MoMLSimpleApplication@d60c3a
----------------- Done invoking toplevel() on ptolemy.moml.MoMLSimpleApplication@d60c3a
reloadAllAccessors: .DateToEvent

===========================================================================================
----------------- testing Sun Feb 16 11:30:16 UTC 2020 /home/travis/build/icyphy/ptII/ptolemy/domains/de/test/auto/DepthTest1.xml
----------------- Instantiating /home/travis/build/icyphy/ptII/ptolemy/domains/de/test/auto/DepthTest1.xml
1 ms. Memory: 51200K Free: 28116K (55%)
----------------- Invoking toplevel() on ptolemy.moml.MoMLSimpleApplication@566e340a
----------------- Done invoking toplevel() on ptolemy.moml.MoMLSimpleApplication@566e340a
reloadAllAccessors: .DepthTest1

===========================================================================================
----------------- testing Sun Feb 16 11:30:16 UTC 2020 /home/travis/build/icyphy/ptII/ptolemy/domains/de/test/auto/DepthTest2.xml
----------------- Instantiating /home/travis/build/icyphy/ptII/ptolemy/domains/de/test/auto/DepthTest2.xml
2 ms. Memory: 51200K Free: 21689K (42%)
----------------- Invoking toplevel() on ptolemy.moml.MoMLSimpleApplication@54949393
----------------- Done invoking toplevel() on ptolemy.moml.MoMLSimpleApplication@54949393
reloadAllAccessors: .DepthTest2

===========================================================================================
----------------- testing Sun Feb 16 11:30:17 UTC 2020 /home/travis/build/icyphy/ptII/ptolemy/domains/de/test/auto/DepthTest3.xml
----------------- Instantiating /home/travis/build/icyphy/ptII/ptolemy/domains/de/test/auto/DepthTest3.xml
1 ms. Memory: 51200K Free: 18836K (37%)
----------------- Invoking toplevel() on ptolemy.moml.MoMLSimpleApplication@55461429
----------------- Done invoking toplevel() on ptolemy.moml.MoMLSimpleApplication@55461429
reloadAllAccessors: .DepthTest3

===========================================================================================
----------------- testing Sun Feb 16 11:30:17 UTC 2020 /home/travis/build/icyphy/ptII/ptolemy/domains/de/test/auto/DepthTest4.xml
----------------- Instantiating /home/travis/build/icyphy/ptII/ptolemy/domains/de/test/auto/DepthTest4.xml
1 ms. Memory: 51200K Free: 14062K (27%)
----------------- Invoking toplevel() on ptolemy.moml.MoMLSimpleApplication@565aa8d
----------------- Done invoking toplevel() on ptolemy.moml.MoMLSimpleApplication@565aa8d
reloadAllAccessors: .DepthTest4

===========================================================================================
----------------- testing Sun Feb 16 11:30:17 UTC 2020 /home/travis/build/icyphy/ptII/ptolemy/domains/de/test/auto/DepthTest5.xml
----------------- Instantiating /home/travis/build/icyphy/ptII/ptolemy/domains/de/test/auto/DepthTest5.xml
7 ms. Memory: 51200K Free: 35671K (70%)
----------------- Invoking toplevel() on ptolemy.moml.MoMLSimpleApplication@3a64f849
----------------- Done invoking toplevel() on ptolemy.moml.MoMLSimpleApplication@3a64f849
reloadAllAccessors: .DepthTest5

===========================================================================================
----------------- testing Sun Feb 16 11:30:17 UTC 2020 /home/travis/build/icyphy/ptII/ptolemy/domains/de/test/auto/DepthTest6.xml
----------------- Instantiating /home/travis/build/icyphy/ptII/ptolemy/domains/de/test/auto/DepthTest6.xml
2 ms. Memory: 51200K Free: 30215K (59%)
----------------- Invoking toplevel() on ptolemy.moml.MoMLSimpleApplication@45ca0623
----------------- Done invoking toplevel() on ptolemy.moml.MoMLSimpleApplication@45ca0623
reloadAllAccessors: .DepthTest6

===========================================================================================
----------------- testing Sun Feb 16 11:30:17 UTC 2020 /home/travis/build/icyphy/ptII/ptolemy/domains/de/test/auto/DepthTest7.xml
----------------- Instantiating /home/travis/build/icyphy/ptII/ptolemy/domains/de/test/auto/DepthTest7.xml
1 ms. Memory: 51200K Free: 25359K (50%)
----------------- Invoking toplevel() on ptolemy.moml.MoMLSimpleApplication@6790d8ef
----------------- Done invoking toplevel() on ptolemy.moml.MoMLSimpleApplication@6790d8ef
reloadAllAccessors: .DepthTest7

===========================================================================================
----------------- testing Sun Feb 16 11:30:17 UTC 2020 /home/travis/build/icyphy/ptII/ptolemy/domains/de/test/auto/EventToDate.xml
----------------- Instantiating /home/travis/build/icyphy/ptII/ptolemy/domains/de/test/auto/EventToDate.xml
3003 ms. Memory: 51200K Free: 12039K (24%)
----------------- Invoking toplevel() on ptolemy.moml.MoMLSimpleApplication@2f0896eb
----------------- Done invoking toplevel() on ptolemy.moml.MoMLSimpleApplication@2f0896eb
reloadAllAccessors: .EventToDate

===========================================================================================
----------------- testing Sun Feb 16 11:30:20 UTC 2020 /home/travis/build/icyphy/ptII/ptolemy/domains/de/test/auto/FSM1.xml
----------------- Instantiating /home/travis/build/icyphy/ptII/ptolemy/domains/de/test/auto/FSM1.xml
22 ms. Memory: 51200K Free: 26633K (52%)
----------------- Invoking toplevel() on ptolemy.moml.MoMLSimpleApplication@9c5e80
----------------- Done invoking toplevel() on ptolemy.moml.MoMLSimpleApplication@9c5e80
reloadAllAccessors: .FSM1

===========================================================================================
----------------- testing Sun Feb 16 11:30:20 UTC 2020 /home/travis/build/icyphy/ptII/ptolemy/domains/de/test/auto/FSM7.xml
----------------- Instantiating /home/travis/build/icyphy/ptII/ptolemy/domains/de/test/auto/FSM7.xml
9 ms. Memory: 51200K Free: 14340K (28%)
----------------- Invoking toplevel() on ptolemy.moml.MoMLSimpleApplication@3d6c9256
----------------- Done invoking toplevel() on ptolemy.moml.MoMLSimpleApplication@3d6c9256
reloadAllAccessors: .FSM7

===========================================================================================
----------------- testing Sun Feb 16 11:30:20 UTC 2020 /home/travis/build/icyphy/ptII/ptolemy/domains/de/test/auto/Inspection.xml
----------------- Instantiating /home/travis/build/icyphy/ptII/ptolemy/domains/de/test/auto/Inspection.xml
13 ms. Memory: 51200K Free: 28876K (56%)
----------------- Invoking toplevel() on ptolemy.moml.MoMLSimpleApplication@598495e2
----------------- Done invoking toplevel() on ptolemy.moml.MoMLSimpleApplication@598495e2
reloadAllAccessors: .Inspection

===========================================================================================
----------------- testing Sun Feb 16 11:30:20 UTC 2020 /home/travis/build/icyphy/ptII/ptolemy/domains/de/test/auto/Iteration.xml
----------------- Instantiating /home/travis/build/icyphy/ptII/ptolemy/domains/de/test/auto/Iteration.xml
10 ms. Memory: 51200K Free: 22055K (43%)
----------------- Invoking toplevel() on ptolemy.moml.MoMLSimpleApplication@1d104504
----------------- Done invoking toplevel() on ptolemy.moml.MoMLSimpleApplication@1d104504
reloadAllAccessors: .Iteration

===========================================================================================
----------------- testing Sun Feb 16 11:30:20 UTC 2020 /home/travis/build/icyphy/ptII/ptolemy/domains/de/test/auto/LineFault.xml
----------------- Instantiating /home/travis/build/icyphy/ptII/ptolemy/domains/de/test/auto/LineFault.xml
397 ms. Memory: 51200K Free: 33742K (66%)
----------------- Invoking toplevel() on ptolemy.moml.MoMLSimpleApplication@68b44e62
----------------- Done invoking toplevel() on ptolemy.moml.MoMLSimpleApplication@68b44e62
reloadAllAccessors: .LineFault

===========================================================================================
----------------- testing Sun Feb 16 11:30:20 UTC 2020 /home/travis/build/icyphy/ptII/ptolemy/domains/de/test/auto/MergeModel1Add.xml
----------------- Instantiating /home/travis/build/icyphy/ptII/ptolemy/domains/de/test/auto/MergeModel1Add.xml
6 ms. Memory: 51200K Free: 14161K (28%)
----------------- Invoking toplevel() on ptolemy.moml.MoMLSimpleApplication@77045f52
----------------- Done invoking toplevel() on ptolemy.moml.MoMLSimpleApplication@77045f52
reloadAllAccessors: .MergeModel1Add

===========================================================================================
----------------- testing Sun Feb 16 11:30:20 UTC 2020 /home/travis/build/icyphy/ptII/ptolemy/domains/de/test/auto/MergeModel2Add.xml
----------------- Instantiating /home/travis/build/icyphy/ptII/ptolemy/domains/de/test/auto/MergeModel2Add.xml
6 ms. Memory: 51200K Free: 21865K (43%)
----------------- Invoking toplevel() on ptolemy.moml.MoMLSimpleApplication@50362967
----------------- Done invoking toplevel() on ptolemy.moml.MoMLSimpleApplication@50362967
reloadAllAccessors: .MergeModel2Add

===========================================================================================
----------------- testing Sun Feb 16 11:30:20 UTC 2020 /home/travis/build/icyphy/ptII/ptolemy/domains/de/test/auto/MergeModel3Add.xml
----------------- Instantiating /home/travis/build/icyphy/ptII/ptolemy/domains/de/test/auto/MergeModel3Add.xml
5 ms. Memory: 51200K Free: 28250K (55%)
----------------- Invoking toplevel() on ptolemy.moml.MoMLSimpleApplication@10a1516a
----------------- Done invoking toplevel() on ptolemy.moml.MoMLSimpleApplication@10a1516a
reloadAllAccessors: .MergeModel3Add

===========================================================================================
----------------- testing Sun Feb 16 11:30:20 UTC 2020 /home/travis/build/icyphy/ptII/ptolemy/domains/de/test/auto/MergeWithoutDiscard.xml
----------------- Instantiating /home/travis/build/icyphy/ptII/ptolemy/domains/de/test/auto/MergeWithoutDiscard.xml
1 ms. Memory: 51200K Free: 24154K (47%)
----------------- Invoking toplevel() on ptolemy.moml.MoMLSimpleApplication@5b27f201
----------------- Done invoking toplevel() on ptolemy.moml.MoMLSimpleApplication@5b27f201
reloadAllAccessors: .MergeWithoutDiscard

===========================================================================================
----------------- testing Sun Feb 16 11:30:20 UTC 2020 /home/travis/build/icyphy/ptII/ptolemy/domains/de/test/auto/Modal1.xml
----------------- Instantiating /home/travis/build/icyphy/ptII/ptolemy/domains/de/test/auto/Modal1.xml
9 ms. Memory: 51200K Free: 12097K (24%)
----------------- Invoking toplevel() on ptolemy.moml.MoMLSimpleApplication@3ebb15c4
----------------- Done invoking toplevel() on ptolemy.moml.MoMLSimpleApplication@3ebb15c4
reloadAllAccessors: .Modal1

===========================================================================================
----------------- testing Sun Feb 16 11:30:20 UTC 2020 /home/travis/build/icyphy/ptII/ptolemy/domains/de/test/auto/Modal2.xml
----------------- Instantiating /home/travis/build/icyphy/ptII/ptolemy/domains/de/test/auto/Modal2.xml
7 ms. Memory: 51200K Free: 24907K (49%)
----------------- Invoking toplevel() on ptolemy.moml.MoMLSimpleApplication@6dee1175
----------------- Done invoking toplevel() on ptolemy.moml.MoMLSimpleApplication@6dee1175
reloadAllAccessors: .Modal2

===========================================================================================
----------------- testing Sun Feb 16 11:30:21 UTC 2020 /home/travis/build/icyphy/ptII/ptolemy/domains/de/test/auto/Modal3.xml
----------------- Instantiating /home/travis/build/icyphy/ptII/ptolemy/domains/de/test/auto/Modal3.xml
8 ms. Memory: 51200K Free: 12581K (25%)
----------------- Invoking toplevel() on ptolemy.moml.MoMLSimpleApplication@27f5bd40
----------------- Done invoking toplevel() on ptolemy.moml.MoMLSimpleApplication@27f5bd40
reloadAllAccessors: .Modal3

===========================================================================================
----------------- testing Sun Feb 16 11:30:21 UTC 2020 /home/travis/build/icyphy/ptII/ptolemy/domains/de/test/auto/Modal4.xml
----------------- Instantiating /home/travis/build/icyphy/ptII/ptolemy/domains/de/test/auto/Modal4.xml
11 ms. Memory: 51200K Free: 24384K (48%)
----------------- Invoking toplevel() on ptolemy.moml.MoMLSimpleApplication@6c7f56c7
----------------- Done invoking toplevel() on ptolemy.moml.MoMLSimpleApplication@6c7f56c7
reloadAllAccessors: .Modal4

===========================================================================================
----------------- testing Sun Feb 16 11:30:21 UTC 2020 /home/travis/build/icyphy/ptII/ptolemy/domains/de/test/auto/Modal5.xml
----------------- Instantiating /home/travis/build/icyphy/ptII/ptolemy/domains/de/test/auto/Modal5.xml
7 ms. Memory: 51200K Free: 11594K (23%)
----------------- Invoking toplevel() on ptolemy.moml.MoMLSimpleApplication@2213938f
----------------- Done invoking toplevel() on ptolemy.moml.MoMLSimpleApplication@2213938f
reloadAllAccessors: .Modal5

===========================================================================================
----------------- testing Sun Feb 16 11:30:21 UTC 2020 /home/travis/build/icyphy/ptII/ptolemy/domains/de/test/auto/Modal6.xml
----------------- Instantiating /home/travis/build/icyphy/ptII/ptolemy/domains/de/test/auto/Modal6.xml
10 ms. Memory: 51200K Free: 24206K (47%)
----------------- Invoking toplevel() on ptolemy.moml.MoMLSimpleApplication@3c4dca91
----------------- Done invoking toplevel() on ptolemy.moml.MoMLSimpleApplication@3c4dca91
reloadAllAccessors: .Modal6

===========================================================================================
----------------- testing Sun Feb 16 11:30:21 UTC 2020 /home/travis/build/icyphy/ptII/ptolemy/domains/de/test/auto/Modal7.xml
----------------- Instantiating /home/travis/build/icyphy/ptII/ptolemy/domains/de/test/auto/Modal7.xml
7 ms. Memory: 51200K Free: 11179K (22%)
----------------- Invoking toplevel() on ptolemy.moml.MoMLSimpleApplication@11f8ae0c
----------------- Done invoking toplevel() on ptolemy.moml.MoMLSimpleApplication@11f8ae0c
reloadAllAccessors: .Modal7

===========================================================================================
----------------- testing Sun Feb 16 11:30:21 UTC 2020 /home/travis/build/icyphy/ptII/ptolemy/domains/de/test/auto/ModalModel.xml
----------------- Instantiating /home/travis/build/icyphy/ptII/ptolemy/domains/de/test/auto/ModalModel.xml
132 ms. Memory: 63488K Free: 28983K (46%)
----------------- Invoking toplevel() on ptolemy.moml.MoMLSimpleApplication@50c7ea79
----------------- Done invoking toplevel() on ptolemy.moml.MoMLSimpleApplication@50c7ea79
reloadAllAccessors: .ModalModel

===========================================================================================
----------------- testing Sun Feb 16 11:30:21 UTC 2020 /home/travis/build/icyphy/ptII/ptolemy/domains/de/test/auto/ModalSource.xml
----------------- Instantiating /home/travis/build/icyphy/ptII/ptolemy/domains/de/test/auto/ModalSource.xml
5 ms. Memory: 63488K Free: 20884K (33%)
----------------- Invoking toplevel() on ptolemy.moml.MoMLSimpleApplication@d545c22
----------------- Done invoking toplevel() on ptolemy.moml.MoMLSimpleApplication@d545c22
reloadAllAccessors: .ModalSource

===========================================================================================
----------------- testing Sun Feb 16 11:30:21 UTC 2020 /home/travis/build/icyphy/ptII/ptolemy/domains/de/test/auto/NonInterruptibleTimerZeroDelay.xml
----------------- Instantiating /home/travis/build/icyphy/ptII/ptolemy/domains/de/test/auto/NonInterruptibleTimerZeroDelay.xml
1 ms. Memory: 63488K Free: 46595K (73%)
----------------- Invoking toplevel() on ptolemy.moml.MoMLSimpleApplication@235fc520
----------------- Done invoking toplevel() on ptolemy.moml.MoMLSimpleApplication@235fc520
reloadAllAccessors: .NonInterruptibleTimerZeroDelay

===========================================================================================
----------------- testing Sun Feb 16 11:30:21 UTC 2020 /home/travis/build/icyphy/ptII/ptolemy/domains/de/test/auto/OpenQueueingNetwork.xml
----------------- Instantiating /home/travis/build/icyphy/ptII/ptolemy/domains/de/test/auto/OpenQueueingNetwork.xml
1931 ms. Memory: 157696K Free: 102160K (65%)
----------------- Invoking toplevel() on ptolemy.moml.MoMLSimpleApplication@266cebf3
----------------- Done invoking toplevel() on ptolemy.moml.MoMLSimpleApplication@266cebf3
reloadAllAccessors: .OpenQueueingNetwork

===========================================================================================
----------------- testing Sun Feb 16 11:30:23 UTC 2020 /home/travis/build/icyphy/ptII/ptolemy/domains/de/test/auto/OpenQueuingNetwork.xml
----------------- Instantiating /home/travis/build/icyphy/ptII/ptolemy/domains/de/test/auto/OpenQueuingNetwork.xml
216 ms. Memory: 157696K Free: 111917K (71%)
----------------- Invoking toplevel() on ptolemy.moml.MoMLSimpleApplication@f35b82b
----------------- Done invoking toplevel() on ptolemy.moml.MoMLSimpleApplication@f35b82b
reloadAllAccessors: .OpenQueuingNetwork

===========================================================================================
----------------- testing Sun Feb 16 11:30:23 UTC 2020 /home/travis/build/icyphy/ptII/ptolemy/domains/de/test/auto/PeriodicSampler.xml
----------------- Instantiating /home/travis/build/icyphy/ptII/ptolemy/domains/de/test/auto/PeriodicSampler.xml
4 ms. Memory: 157696K Free: 107785K (68%)
----------------- Invoking toplevel() on ptolemy.moml.MoMLSimpleApplication@5e5df91f
----------------- Done invoking toplevel() on ptolemy.moml.MoMLSimpleApplication@5e5df91f
reloadAllAccessors: .PeriodicSampler

===========================================================================================
----------------- testing Sun Feb 16 11:30:23 UTC 2020 /home/travis/build/icyphy/ptII/ptolemy/domains/de/test/auto/PersistentIO.xml
----------------- Instantiating /home/travis/build/icyphy/ptII/ptolemy/domains/de/test/auto/PersistentIO.xml
4 ms. Memory: 157696K Free: 98025K (62%)
----------------- Invoking toplevel() on ptolemy.moml.MoMLSimpleApplication@741ca78a
----------------- Done invoking toplevel() on ptolemy.moml.MoMLSimpleApplication@741ca78a
reloadAllAccessors: .PersistentIO

===========================================================================================
----------------- testing Sun Feb 16 11:30:23 UTC 2020 /home/travis/build/icyphy/ptII/ptolemy/domains/de/test/auto/PortParameterResetOnInitialize.xml
----------------- Instantiating /home/travis/build/icyphy/ptII/ptolemy/domains/de/test/auto/PortParameterResetOnInitialize.xml
2 ms. Memory: 157696K Free: 93449K (59%)
----------------- Invoking toplevel() on ptolemy.moml.MoMLSimpleApplication@40aade4
----------------- Done invoking toplevel() on ptolemy.moml.MoMLSimpleApplication@40aade4
reloadAllAccessors: .PortParameterResetOnInitialize

===========================================================================================
----------------- testing Sun Feb 16 11:30:23 UTC 2020 /home/travis/build/icyphy/ptII/ptolemy/domains/de/test/auto/PortParameterUpdates.xml
----------------- Instantiating /home/travis/build/icyphy/ptII/ptolemy/domains/de/test/auto/PortParameterUpdates.xml
3 ms. Memory: 157696K Free: 87305K (55%)
----------------- Invoking toplevel() on ptolemy.moml.MoMLSimpleApplication@5c64f23e
----------------- Done invoking toplevel() on ptolemy.moml.MoMLSimpleApplication@5c64f23e
reloadAllAccessors: .PortParameterUpdates

===========================================================================================
----------------- testing Sun Feb 16 11:30:23 UTC 2020 /home/travis/build/icyphy/ptII/ptolemy/domains/de/test/auto/QueueAndServer.xml
----------------- Instantiating /home/travis/build/icyphy/ptII/ptolemy/domains/de/test/auto/QueueAndServer.xml
4 ms. Memory: 157696K Free: 79623K (50%)
----------------- Invoking toplevel() on ptolemy.moml.MoMLSimpleApplication@7f1fecd2
----------------- Done invoking toplevel() on ptolemy.moml.MoMLSimpleApplication@7f1fecd2
reloadAllAccessors: .QueueAndServer

===========================================================================================
----------------- testing Sun Feb 16 11:30:23 UTC 2020 /home/travis/build/icyphy/ptII/ptolemy/domains/de/test/auto/Records.xml
----------------- Instantiating /home/travis/build/icyphy/ptII/ptolemy/domains/de/test/auto/Records.xml
4 ms. Memory: 157696K Free: 73993K (47%)
----------------- Invoking toplevel() on ptolemy.moml.MoMLSimpleApplication@17b5ad86
----------------- Done invoking toplevel() on ptolemy.moml.MoMLSimpleApplication@17b5ad86
reloadAllAccessors: .Records

===========================================================================================
----------------- testing Sun Feb 16 11:30:23 UTC 2020 /home/travis/build/icyphy/ptII/ptolemy/domains/de/test/auto/ResetTransitionWithStartTime1.xml
----------------- Instantiating /home/travis/build/icyphy/ptII/ptolemy/domains/de/test/auto/ResetTransitionWithStartTime1.xml
10 ms. Memory: 157696K Free: 65801K (42%)
----------------- Invoking toplevel() on ptolemy.moml.MoMLSimpleApplication@145a8ed5
----------------- Done invoking toplevel() on ptolemy.moml.MoMLSimpleApplication@145a8ed5
reloadAllAccessors: .ResetTransitionWithStartTime1

===========================================================================================
----------------- testing Sun Feb 16 11:30:23 UTC 2020 /home/travis/build/icyphy/ptII/ptolemy/domains/de/test/auto/ResetTransitionWithStartTime2.xml
----------------- Instantiating /home/travis/build/icyphy/ptII/ptolemy/domains/de/test/auto/ResetTransitionWithStartTime2.xml
5 ms. Memory: 157696K Free: 57609K (37%)
----------------- Invoking toplevel() on ptolemy.moml.MoMLSimpleApplication@33cbffee
----------------- Done invoking toplevel() on ptolemy.moml.MoMLSimpleApplication@33cbffee
reloadAllAccessors: .ResetTransitionWithStartTime2

===========================================================================================
----------------- testing Sun Feb 16 11:30:23 UTC 2020 /home/travis/build/icyphy/ptII/ptolemy/domains/de/test/auto/ResetTransitionWithStartTime3.xml
----------------- Instantiating /home/travis/build/icyphy/ptII/ptolemy/domains/de/test/auto/ResetTransitionWithStartTime3.xml
7 ms. Memory: 189440K Free: 170718K (90%)
----------------- Invoking toplevel() on ptolemy.moml.MoMLSimpleApplication@6ff7f752
----------------- Done invoking toplevel() on ptolemy.moml.MoMLSimpleApplication@6ff7f752
reloadAllAccessors: .ResetTransitionWithStartTime3

===========================================================================================
----------------- testing Sun Feb 16 11:30:23 UTC 2020 /home/travis/build/icyphy/ptII/ptolemy/domains/de/test/auto/ResetTransitionWithStartTime4.xml
----------------- Instantiating /home/travis/build/icyphy/ptII/ptolemy/domains/de/test/auto/ResetTransitionWithStartTime4.xml
4 ms. Memory: 189440K Free: 163030K (86%)
----------------- Invoking toplevel() on ptolemy.moml.MoMLSimpleApplication@36c86daf
----------------- Done invoking toplevel() on ptolemy.moml.MoMLSimpleApplication@36c86daf
reloadAllAccessors: .ResetTransitionWithStartTime4

===========================================================================================
----------------- testing Sun Feb 16 11:30:23 UTC 2020 /home/travis/build/icyphy/ptII/ptolemy/domains/de/test/auto/ResettableTimer1.xml
----------------- Instantiating /home/travis/build/icyphy/ptII/ptolemy/domains/de/test/auto/ResettableTimer1.xml
2 ms. Memory: 189440K Free: 158926K (84%)
----------------- Invoking toplevel() on ptolemy.moml.MoMLSimpleApplication@252232d
----------------- Done invoking toplevel() on ptolemy.moml.MoMLSimpleApplication@252232d
reloadAllAccessors: .ResettableTimer1

===========================================================================================
----------------- testing Sun Feb 16 11:30:23 UTC 2020 /home/travis/build/icyphy/ptII/ptolemy/domains/de/test/auto/ResettableTimer2.xml
----------------- Instantiating /home/travis/build/icyphy/ptII/ptolemy/domains/de/test/auto/ResettableTimer2.xml
2 ms. Memory: 189440K Free: 154830K (82%)
----------------- Invoking toplevel() on ptolemy.moml.MoMLSimpleApplication@32819521
----------------- Done invoking toplevel() on ptolemy.moml.MoMLSimpleApplication@32819521
reloadAllAccessors: .ResettableTimer2

===========================================================================================
----------------- testing Sun Feb 16 11:30:23 UTC 2020 /home/travis/build/icyphy/ptII/ptolemy/domains/de/test/auto/ResettableTimer3.xml
----------------- Instantiating /home/travis/build/icyphy/ptII/ptolemy/domains/de/test/auto/ResettableTimer3.xml
2 ms. Memory: 189440K Free: 150748K (80%)
----------------- Invoking toplevel() on ptolemy.moml.MoMLSimpleApplication@3fbf7201
----------------- Done invoking toplevel() on ptolemy.moml.MoMLSimpleApplication@3fbf7201
reloadAllAccessors: .ResettableTimer3

===========================================================================================
----------------- testing Sun Feb 16 11:30:23 UTC 2020 /home/travis/build/icyphy/ptII/ptolemy/domains/de/test/auto/ResettableTimer4.xml
----------------- Instantiating /home/travis/build/icyphy/ptII/ptolemy/domains/de/test/auto/ResettableTimer4.xml
1 ms. Memory: 189440K Free: 146652K (77%)
----------------- Invoking toplevel() on ptolemy.moml.MoMLSimpleApplication@7dc7bbe4
----------------- Done invoking toplevel() on ptolemy.moml.MoMLSimpleApplication@7dc7bbe4
reloadAllAccessors: .ResettableTimer4

===========================================================================================
----------------- testing Sun Feb 16 11:30:23 UTC 2020 /home/travis/build/icyphy/ptII/ptolemy/domains/de/test/auto/ResettableTimer5.xml
----------------- Instantiating /home/travis/build/icyphy/ptII/ptolemy/domains/de/test/auto/ResettableTimer5.xml
1 ms. Memory: 189440K Free: 142556K (75%)
----------------- Invoking toplevel() on ptolemy.moml.MoMLSimpleApplication@272e51c4
----------------- Done invoking toplevel() on ptolemy.moml.MoMLSimpleApplication@272e51c4
reloadAllAccessors: .ResettableTimer5

===========================================================================================
----------------- testing Sun Feb 16 11:30:23 UTC 2020 /home/travis/build/icyphy/ptII/ptolemy/domains/de/test/auto/ResettableTimer6.xml
----------------- Instantiating /home/travis/build/icyphy/ptII/ptolemy/domains/de/test/auto/ResettableTimer6.xml
7 ms. Memory: 189440K Free: 137948K (73%)
----------------- Invoking toplevel() on ptolemy.moml.MoMLSimpleApplication@697fb09f
----------------- Done invoking toplevel() on ptolemy.moml.MoMLSimpleApplication@697fb09f
reloadAllAccessors: .ResettableTimer6

===========================================================================================
----------------- testing Sun Feb 16 11:30:23 UTC 2020 /home/travis/build/icyphy/ptII/ptolemy/domains/de/test/auto/ServerZeroDelay.xml
----------------- Instantiating /home/travis/build/icyphy/ptII/ptolemy/domains/de/test/auto/ServerZeroDelay.xml
1 ms. Memory: 189440K Free: 133854K (71%)
----------------- Invoking toplevel() on ptolemy.moml.MoMLSimpleApplication@4fc16995
----------------- Done invoking toplevel() on ptolemy.moml.MoMLSimpleApplication@4fc16995
reloadAllAccessors: .ServerZeroDelay

===========================================================================================
----------------- testing Sun Feb 16 11:30:23 UTC 2020 /home/travis/build/icyphy/ptII/ptolemy/domains/de/test/auto/SmartSender.xml
----------------- Instantiating /home/travis/build/icyphy/ptII/ptolemy/domains/de/test/auto/SmartSender.xml
3002 ms. Memory: 189440K Free: 129244K (68%)
----------------- Invoking toplevel() on ptolemy.moml.MoMLSimpleApplication@48f8d092
----------------- Done invoking toplevel() on ptolemy.moml.MoMLSimpleApplication@48f8d092
reloadAllAccessors: .SmartSender

===========================================================================================
----------------- testing Sun Feb 16 11:30:26 UTC 2020 /home/travis/build/icyphy/ptII/ptolemy/domains/de/test/auto/ThreadedComposite.xml
----------------- Instantiating /home/travis/build/icyphy/ptII/ptolemy/domains/de/test/auto/ThreadedComposite.xml
119 ms. Memory: 189440K Free: 107230K (57%)
----------------- Invoking toplevel() on ptolemy.moml.MoMLSimpleApplication@181ca39d
----------------- Done invoking toplevel() on ptolemy.moml.MoMLSimpleApplication@181ca39d
reloadAllAccessors: .ThreadedComposite

===========================================================================================
----------------- testing Sun Feb 16 11:30:27 UTC 2020 /home/travis/build/icyphy/ptII/ptolemy/domains/de/test/auto/Time.xml
----------------- Instantiating /home/travis/build/icyphy/ptII/ptolemy/domains/de/test/auto/Time.xml
332 ms. Memory: 189440K Free: 161088K (85%)
----------------- Invoking toplevel() on ptolemy.moml.MoMLSimpleApplication@63aab252
----------------- Done invoking toplevel() on ptolemy.moml.MoMLSimpleApplication@63aab252
reloadAllAccessors: .Time

===========================================================================================
----------------- testing Sun Feb 16 11:30:27 UTC 2020 /home/travis/build/icyphy/ptII/ptolemy/domains/de/test/auto/TimeDelayZeroDelay.xml
----------------- Instantiating /home/travis/build/icyphy/ptII/ptolemy/domains/de/test/auto/TimeDelayZeroDelay.xml
1 ms. Memory: 189440K Free: 156992K (83%)
----------------- Invoking toplevel() on ptolemy.moml.MoMLSimpleApplication@3167838f
----------------- Done invoking toplevel() on ptolemy.moml.MoMLSimpleApplication@3167838f
reloadAllAccessors: .TimeDelayZeroDelay

===========================================================================================
----------------- testing Sun Feb 16 11:30:27 UTC 2020 /home/travis/build/icyphy/ptII/ptolemy/domains/de/test/auto/TimerZeroDelay.xml
----------------- Instantiating /home/travis/build/icyphy/ptII/ptolemy/domains/de/test/auto/TimerZeroDelay.xml
2 ms. Memory: 189440K Free: 152866K (81%)
----------------- Invoking toplevel() on ptolemy.moml.MoMLSimpleApplication@4312a7f2
----------------- Done invoking toplevel() on ptolemy.moml.MoMLSimpleApplication@4312a7f2
reloadAllAccessors: .TimerZeroDelay

===========================================================================================
----------------- testing Sun Feb 16 11:30:27 UTC 2020 /home/travis/build/icyphy/ptII/ptolemy/domains/de/test/auto/TimingParadox.xml
----------------- Instantiating /home/travis/build/icyphy/ptII/ptolemy/domains/de/test/auto/TimingParadox.xml
247 ms. Memory: 189440K Free: 84288K (44%)
----------------- Invoking toplevel() on ptolemy.moml.MoMLSimpleApplication@4efd8e7
----------------- Done invoking toplevel() on ptolemy.moml.MoMLSimpleApplication@4efd8e7
reloadAllAccessors: .TimingParadox

===========================================================================================
----------------- testing Sun Feb 16 11:30:27 UTC 2020 /home/travis/build/icyphy/ptII/ptolemy/domains/de/test/auto/TransferInputs.xml
----------------- Instantiating /home/travis/build/icyphy/ptII/ptolemy/domains/de/test/auto/TransferInputs.xml
2 ms. Memory: 189440K Free: 79682K (42%)
----------------- Invoking toplevel() on ptolemy.moml.MoMLSimpleApplication@1434deec
----------------- Done invoking toplevel() on ptolemy.moml.MoMLSimpleApplication@1434deec
reloadAllAccessors: .TransferInputs

===========================================================================================
----------------- testing Sun Feb 16 11:30:27 UTC 2020 /home/travis/build/icyphy/ptII/ptolemy/domains/de/test/auto/TransferOutputs2.xml
----------------- Instantiating /home/travis/build/icyphy/ptII/ptolemy/domains/de/test/auto/TransferOutputs2.xml
3 ms. Memory: 189440K Free: 72000K (38%)
----------------- Invoking toplevel() on ptolemy.moml.MoMLSimpleApplication@4c3d53ad
----------------- Done invoking toplevel() on ptolemy.moml.MoMLSimpleApplication@4c3d53ad
reloadAllAccessors: .TransferOutputs2

===========================================================================================
----------------- testing Sun Feb 16 11:30:27 UTC 2020 /home/travis/build/icyphy/ptII/ptolemy/domains/de/test/auto/Trilateration.xml
----------------- Instantiating /home/travis/build/icyphy/ptII/ptolemy/domains/de/test/auto/Trilateration.xml
9460 ms. Memory: 410624K Free: 256311K (62%)
----------------- Invoking toplevel() on ptolemy.moml.MoMLSimpleApplication@216aa964
----------------- Done invoking toplevel() on ptolemy.moml.MoMLSimpleApplication@216aa964
reloadAllAccessors: .Trilateration

===========================================================================================
----------------- testing Sun Feb 16 11:30:37 UTC 2020 /home/travis/build/icyphy/ptII/ptolemy/domains/de/test/auto/TwoSigmaDelta.xml
----------------- Instantiating /home/travis/build/icyphy/ptII/ptolemy/domains/de/test/auto/TwoSigmaDelta.xml
1859 ms. Memory: 410624K Free: 294208K (72%)
----------------- Invoking toplevel() on ptolemy.moml.MoMLSimpleApplication@33c7b35f
----------------- Done invoking toplevel() on ptolemy.moml.MoMLSimpleApplication@33c7b35f
reloadAllAccessors: .TwoSigmaDelta

===========================================================================================
----------------- testing Sun Feb 16 11:30:39 UTC 2020 /home/travis/build/icyphy/ptII/ptolemy/domains/de/test/auto/VariableDelay.xml
----------------- Instantiating /home/travis/build/icyphy/ptII/ptolemy/domains/de/test/auto/VariableDelay.xml
2 ms. Memory: 410624K Free: 289058K (70%)
----------------- Invoking toplevel() on ptolemy.moml.MoMLSimpleApplication@5544e99d
----------------- Done invoking toplevel() on ptolemy.moml.MoMLSimpleApplication@5544e99d
reloadAllAccessors: .VariableDelay

===========================================================================================
----------------- testing Sun Feb 16 11:30:39 UTC 2020 /home/travis/build/icyphy/ptII/ptolemy/domains/de/test/auto/VariableDelay2.xml
----------------- Instantiating /home/travis/build/icyphy/ptII/ptolemy/domains/de/test/auto/VariableDelay2.xml
1 ms. Memory: 410624K Free: 284482K (69%)
----------------- Invoking toplevel() on ptolemy.moml.MoMLSimpleApplication@6ad29a73
----------------- Done invoking toplevel() on ptolemy.moml.MoMLSimpleApplication@6ad29a73
reloadAllAccessors: .VariableDelay2

===========================================================================================
----------------- testing Sun Feb 16 11:30:39 UTC 2020 /home/travis/build/icyphy/ptII/ptolemy/domains/de/test/auto/VariableDelayZeroDelay.xml
----------------- Instantiating /home/travis/build/icyphy/ptII/ptolemy/domains/de/test/auto/VariableDelayZeroDelay.xml
3 ms. Memory: 410624K Free: 280386K (68%)
----------------- Invoking toplevel() on ptolemy.moml.MoMLSimpleApplication@73834a9f
----------------- Done invoking toplevel() on ptolemy.moml.MoMLSimpleApplication@73834a9f
reloadAllAccessors: .VariableDelayZeroDelay

===========================================================================================
----------------- testing Sun Feb 16 11:30:39 UTC 2020 /home/travis/build/icyphy/ptII/ptolemy/domains/de/test/auto/VariableDelayZeroDelay2.xml
----------------- Instantiating /home/travis/build/icyphy/ptII/ptolemy/domains/de/test/auto/VariableDelayZeroDelay2.xml
1 ms. Memory: 410624K Free: 275776K (67%)
----------------- Invoking toplevel() on ptolemy.moml.MoMLSimpleApplication@4c397ff7
----------------- Done invoking toplevel() on ptolemy.moml.MoMLSimpleApplication@4c397ff7
reloadAllAccessors: .VariableDelayZeroDelay2

===========================================================================================
----------------- testing Sun Feb 16 11:30:39 UTC 2020 /home/travis/build/icyphy/ptII/ptolemy/domains/de/test/auto/deInCt.xml
----------------- Instantiating /home/travis/build/icyphy/ptII/ptolemy/domains/de/test/auto/deInCt.xml
0
1
1
1
0
0
0
1
1
0
0
0
0
0
0
1
1
1
1
0
0
0
0
1
1
0
0
0
1
1
1
0
0
0
1
1
1
1
5 ms. Memory: 410624K Free: 270656K (66%)
----------------- Invoking toplevel() on ptolemy.moml.MoMLSimpleApplication@7a4fba91
----------------- Done invoking toplevel() on ptolemy.moml.MoMLSimpleApplication@7a4fba91
reloadAllAccessors: .deInCt

===========================================================================================
----------------- testing Sun Feb 16 11:30:39 UTC 2020 /home/travis/build/icyphy/ptII/ptolemy/domains/de/test/auto/deInCt2.xml
----------------- Instantiating /home/travis/build/icyphy/ptII/ptolemy/domains/de/test/auto/deInCt2.xml
0
1
1
1
0
0
1
1
1
0
0
1
1
1
0
0
1
1
1
0
0
1
1
1
0
0
1
1
1
0
0
1
1
1
0
0
1
1
1
0
0
0
7 ms. Memory: 410624K Free: 265530K (65%)
----------------- Invoking toplevel() on ptolemy.moml.MoMLSimpleApplication@12602b54
----------------- Done invoking toplevel() on ptolemy.moml.MoMLSimpleApplication@12602b54
reloadAllAccessors: .deInCt2

===========================================================================================
----------------- testing Sun Feb 16 11:30:39 UTC 2020 /home/travis/build/icyphy/ptII/ptolemy/domains/de/test/auto/dynamicCausalityInterface1.xml
----------------- Instantiating /home/travis/build/icyphy/ptII/ptolemy/domains/de/test/auto/dynamicCausalityInterface1.xml
1 ms. Memory: 410624K Free: 256320K (62%)
----------------- Invoking toplevel() on ptolemy.moml.MoMLSimpleApplication@4d7c147f
----------------- Done invoking toplevel() on ptolemy.moml.MoMLSimpleApplication@4d7c147f
reloadAllAccessors: .dynamicCausalityInterface1

===========================================================================================
----------------- testing Sun Feb 16 11:30:39 UTC 2020 /home/travis/build/icyphy/ptII/ptolemy/domains/de/test/auto/fsm_de_test.xml
----------------- Instantiating /home/travis/build/icyphy/ptII/ptolemy/domains/de/test/auto/fsm_de_test.xml
5 ms. Memory: 410624K Free: 247090K (60%)
----------------- Invoking toplevel() on ptolemy.moml.MoMLSimpleApplication@2f03dedf
----------------- Done invoking toplevel() on ptolemy.moml.MoMLSimpleApplication@2f03dedf
reloadAllAccessors: .fsm_de_test

===========================================================================================
----------------- testing Sun Feb 16 11:30:39 UTC 2020 /home/travis/build/icyphy/ptII/ptolemy/domains/de/test/auto/functionDependencyReconstruction.xml
----------------- Instantiating /home/travis/build/icyphy/ptII/ptolemy/domains/de/test/auto/functionDependencyReconstruction.xml
2 ms. Memory: 410624K Free: 232258K (57%)
----------------- Invoking toplevel() on ptolemy.moml.MoMLSimpleApplication@a98b56e
----------------- Done invoking toplevel() on ptolemy.moml.MoMLSimpleApplication@a98b56e
reloadAllAccessors: .functionDependencyReconstruction

===========================================================================================
----------------- testing Sun Feb 16 11:30:40 UTC 2020 /home/travis/build/icyphy/ptII/ptolemy/domains/de/test/auto/multirate.xml
----------------- Instantiating /home/travis/build/icyphy/ptII/ptolemy/domains/de/test/auto/multirate.xml
2 ms. Memory: 410624K Free: 225586K (55%)
----------------- Invoking toplevel() on ptolemy.moml.MoMLSimpleApplication@3de8d256
----------------- Done invoking toplevel() on ptolemy.moml.MoMLSimpleApplication@3de8d256
reloadAllAccessors: .multirate

===========================================================================================
----------------- testing Sun Feb 16 11:30:40 UTC 2020 /home/travis/build/icyphy/ptII/ptolemy/domains/de/test/auto/multirate2.xml
----------------- Instantiating /home/travis/build/icyphy/ptII/ptolemy/domains/de/test/auto/multirate2.xml
2 ms. Memory: 410624K Free: 218946K (53%)
----------------- Invoking toplevel() on ptolemy.moml.MoMLSimpleApplication@2a71e8ec
----------------- Done invoking toplevel() on ptolemy.moml.MoMLSimpleApplication@2a71e8ec
reloadAllAccessors: .multirate2

===========================================================================================
----------------- testing Sun Feb 16 11:30:40 UTC 2020 /home/travis/build/icyphy/ptII/ptolemy/domains/de/test/auto/realtime.xml
----------------- Instantiating /home/travis/build/icyphy/ptII/ptolemy/domains/de/test/auto/realtime.xml
10001 ms. Memory: 410624K Free: 214336K (52%)
----------------- Invoking toplevel() on ptolemy.moml.MoMLSimpleApplication@7fcf4057
----------------- Done invoking toplevel() on ptolemy.moml.MoMLSimpleApplication@7fcf4057
reloadAllAccessors: .realtime

===========================================================================================
----------------- testing Sun Feb 16 11:30:50 UTC 2020 /home/travis/build/icyphy/ptII/ptolemy/domains/de/test/auto/relationGroup.xml
----------------- Instantiating /home/travis/build/icyphy/ptII/ptolemy/domains/de/test/auto/relationGroup.xml
2 ms. Memory: 410624K Free: 210754K (51%)
----------------- Invoking toplevel() on ptolemy.moml.MoMLSimpleApplication@3798a4cc
----------------- Done invoking toplevel() on ptolemy.moml.MoMLSimpleApplication@3798a4cc
reloadAllAccessors: .relationGroup

===========================================================================================
----------------- testing Sun Feb 16 11:30:50 UTC 2020 /home/travis/build/icyphy/ptII/ptolemy/domains/de/test/auto/relationGroup2.xml
----------------- Instantiating /home/travis/build/icyphy/ptII/ptolemy/domains/de/test/auto/relationGroup2.xml
2 ms. Memory: 410624K Free: 207168K (50%)
----------------- Invoking toplevel() on ptolemy.moml.MoMLSimpleApplication@638d00aa
----------------- Done invoking toplevel() on ptolemy.moml.MoMLSimpleApplication@638d00aa
reloadAllAccessors: .relationGroup2

===========================================================================================
----------------- testing Sun Feb 16 11:30:50 UTC 2020 /home/travis/build/icyphy/ptII/ptolemy/domains/de/test/auto/sortWithOpaquePorts.xml
----------------- Instantiating /home/travis/build/icyphy/ptII/ptolemy/domains/de/test/auto/sortWithOpaquePorts.xml
7 ms. Memory: 410624K Free: 202562K (49%)
----------------- Invoking toplevel() on ptolemy.moml.MoMLSimpleApplication@46c0632e
----------------- Done invoking toplevel() on ptolemy.moml.MoMLSimpleApplication@46c0632e
reloadAllAccessors: .sortWithOpaquePorts

===========================================================================================
----------------- testing Sun Feb 16 11:30:50 UTC 2020 /home/travis/build/icyphy/ptII/ptolemy/domains/de/test/auto/transferInputsandOutputs.xml
----------------- Instantiating /home/travis/build/icyphy/ptII/ptolemy/domains/de/test/auto/transferInputsandOutputs.xml
2 ms. Memory: 410624K Free: 195904K (48%)
----------------- Invoking toplevel() on ptolemy.moml.MoMLSimpleApplication@4abacbfd
----------------- Done invoking toplevel() on ptolemy.moml.MoMLSimpleApplication@4abacbfd
reloadAllAccessors: .transferInputsandOutputs

===========================================================================================
----------------- testing Sun Feb 16 11:30:50 UTC 2020 /home/travis/build/icyphy/ptII/ptolemy/domains/de/test/auto/triggerType.xml
----------------- Instantiating /home/travis/build/icyphy/ptII/ptolemy/domains/de/test/auto/triggerType.xml
1 ms. Memory: 410624K Free: 191298K (47%)
----------------- Invoking toplevel() on ptolemy.moml.MoMLSimpleApplication@21b94cf3
----------------- Done invoking toplevel() on ptolemy.moml.MoMLSimpleApplication@21b94cf3
reloadAllAccessors: .triggerType
AutoTests.java: About to close Vertx.
AutoTests.java: Vertx closed.
]]></system-out>
  <system-err><![CDATA[java.lang.RuntimeException: Execution failed
	at ptolemy.moml.MoMLSimpleApplication$UnloadThread.run(MoMLSimpleApplication.java:402)
Caused by: ptolemy.kernel.util.IllegalActionException: Found a zero delay loop containing .dependencyLoop.original
  in .dependencyLoop and .dependencyLoop.original
	at ptolemy.actor.util.CausalityInterfaceForComposites._computeOutputPortDepth(CausalityInterfaceForComposites.java:759)
	at ptolemy.actor.util.CausalityInterfaceForComposites._computeInputDepth(CausalityInterfaceForComposites.java:696)
	at ptolemy.actor.util.CausalityInterfaceForComposites._computeOutputPortDepth(CausalityInterfaceForComposites.java:765)
	at ptolemy.actor.util.CausalityInterfaceForComposites._computeInputDepth(CausalityInterfaceForComposites.java:696)
	at ptolemy.actor.util.CausalityInterfaceForComposites._computeOutputPortDepth(CausalityInterfaceForComposites.java:765)
	at ptolemy.actor.util.CausalityInterfaceForComposites._computeInputDepth(CausalityInterfaceForComposites.java:696)
	at ptolemy.actor.util.CausalityInterfaceForComposites._computeActorDepth(CausalityInterfaceForComposites.java:532)
	at ptolemy.actor.util.CausalityInterfaceForComposites.checkForCycles(CausalityInterfaceForComposites.java:96)
	at ptolemy.domains.de.kernel.DEDirector.preinitialize(DEDirector.java:1338)
	at ptolemy.actor.CompositeActor.preinitialize(CompositeActor.java:1828)
	at ptolemy.actor.Manager.preinitializeAndResolveTypes(Manager.java:1040)
	at ptolemy.actor.Manager.initialize(Manager.java:710)
	at ptolemy.actor.Manager.execute(Manager.java:356)
	at ptolemy.actor.Manager.run(Manager.java:1263)
	at ptolemy.actor.Manager$PtolemyRunThread.run(Manager.java:1933)
java.lang.RuntimeException: Execution failed
	at ptolemy.moml.MoMLSimpleApplication$UnloadThread.run(MoMLSimpleApplication.java:402)
Caused by: ptolemy.kernel.util.IllegalActionException: Found a zero delay loop containing .dependencyLoop2.original
  in .dependencyLoop2 and .dependencyLoop2.original
	at ptolemy.actor.util.CausalityInterfaceForComposites._computeOutputPortDepth(CausalityInterfaceForComposites.java:759)
	at ptolemy.actor.util.CausalityInterfaceForComposites._computeInputDepth(CausalityInterfaceForComposites.java:696)
	at ptolemy.actor.util.CausalityInterfaceForComposites._computeOutputPortDepth(CausalityInterfaceForComposites.java:765)
	at ptolemy.actor.util.CausalityInterfaceForComposites._computeInputDepth(CausalityInterfaceForComposites.java:696)
	at ptolemy.actor.util.CausalityInterfaceForComposites._computeOutputPortDepth(CausalityInterfaceForComposites.java:765)
	at ptolemy.actor.util.CausalityInterfaceForComposites._computeInputDepth(CausalityInterfaceForComposites.java:696)
	at ptolemy.actor.util.CausalityInterfaceForComposites._computeActorDepth(CausalityInterfaceForComposites.java:532)
	at ptolemy.actor.util.CausalityInterfaceForComposites.checkForCycles(CausalityInterfaceForComposites.java:96)
	at ptolemy.domains.de.kernel.DEDirector.preinitialize(DEDirector.java:1338)
	at ptolemy.actor.CompositeActor.preinitialize(CompositeActor.java:1828)
	at ptolemy.actor.Manager.preinitializeAndResolveTypes(Manager.java:1040)
	at ptolemy.actor.Manager.initialize(Manager.java:710)
	at ptolemy.actor.Manager.execute(Manager.java:356)
	at ptolemy.actor.Manager.run(Manager.java:1263)
	at ptolemy.actor.Manager$PtolemyRunThread.run(Manager.java:1933)
java.lang.RuntimeException: Execution failed
	at ptolemy.moml.MoMLSimpleApplication$UnloadThread.run(MoMLSimpleApplication.java:402)
Caused by: ptolemy.kernel.util.IllegalActionException: Test fails in iteration 1.
Value was: 1.0. Should have been: 2.0
  in .DirectFeedback.Test
	at ptolemy.actor.lib.Test.fire(Test.java:268)
	at ptolemy.domains.de.kernel.DEDirector._fire(DEDirector.java:1949)
	at ptolemy.domains.de.kernel.DEDirector.fire(DEDirector.java:502)
	at ptolemy.actor.CompositeActor.fire(CompositeActor.java:455)
	at ptolemy.actor.Manager.iterate(Manager.java:851)
	at ptolemy.actor.Manager.execute(Manager.java:369)
	at ptolemy.actor.Manager.run(Manager.java:1263)
	at ptolemy.actor.Manager$PtolemyRunThread.run(Manager.java:1933)
java.lang.RuntimeException: Execution failed
	at ptolemy.moml.MoMLSimpleApplication$UnloadThread.run(MoMLSimpleApplication.java:402)
Caused by: ptolemy.kernel.util.IllegalActionException: Found a zero delay loop containing .dependencyLoop.original
  in .dependencyLoop and .dependencyLoop.original
	at ptolemy.actor.util.CausalityInterfaceForComposites._computeOutputPortDepth(CausalityInterfaceForComposites.java:759)
	at ptolemy.actor.util.CausalityInterfaceForComposites._computeInputDepth(CausalityInterfaceForComposites.java:696)
	at ptolemy.actor.util.CausalityInterfaceForComposites._computeOutputPortDepth(CausalityInterfaceForComposites.java:765)
	at ptolemy.actor.util.CausalityInterfaceForComposites._computeInputDepth(CausalityInterfaceForComposites.java:696)
	at ptolemy.actor.util.CausalityInterfaceForComposites._computeOutputPortDepth(CausalityInterfaceForComposites.java:765)
	at ptolemy.actor.util.CausalityInterfaceForComposites._computeInputDepth(CausalityInterfaceForComposites.java:696)
	at ptolemy.actor.util.CausalityInterfaceForComposites._computeActorDepth(CausalityInterfaceForComposites.java:532)
	at ptolemy.actor.util.CausalityInterfaceForComposites.checkForCycles(CausalityInterfaceForComposites.java:96)
	at ptolemy.domains.de.kernel.DEDirector.preinitialize(DEDirector.java:1338)
	at ptolemy.actor.CompositeActor.preinitialize(CompositeActor.java:1828)
	at ptolemy.actor.Manager.preinitializeAndResolveTypes(Manager.java:1040)
	at ptolemy.actor.Manager.initialize(Manager.java:710)
	at ptolemy.actor.Manager.execute(Manager.java:356)
	at ptolemy.actor.Manager.run(Manager.java:1263)
	at ptolemy.actor.Manager$PtolemyRunThread.run(Manager.java:1933)
java.lang.RuntimeException: Execution failed
	at ptolemy.moml.MoMLSimpleApplication$UnloadThread.run(MoMLSimpleApplication.java:402)
Caused by: ptolemy.kernel.util.IllegalActionException: Found a zero delay loop containing .HierarchicalModel.A
  in .HierarchicalModel and .HierarchicalModel.A
	at ptolemy.actor.util.CausalityInterfaceForComposites._computeOutputPortDepth(CausalityInterfaceForComposites.java:759)
	at ptolemy.actor.util.CausalityInterfaceForComposites._computeInputDepth(CausalityInterfaceForComposites.java:696)
	at ptolemy.actor.util.CausalityInterfaceForComposites._computeOutputPortDepth(CausalityInterfaceForComposites.java:765)
	at ptolemy.actor.util.CausalityInterfaceForComposites._computeInputDepth(CausalityInterfaceForComposites.java:696)
	at ptolemy.actor.util.CausalityInterfaceForComposites._computeOutputPortDepth(CausalityInterfaceForComposites.java:765)
	at ptolemy.actor.util.CausalityInterfaceForComposites._computeInputDepth(CausalityInterfaceForComposites.java:696)
	at ptolemy.actor.util.CausalityInterfaceForComposites._computeActorDepth(CausalityInterfaceForComposites.java:532)
	at ptolemy.actor.util.CausalityInterfaceForComposites.checkForCycles(CausalityInterfaceForComposites.java:96)
	at ptolemy.domains.de.kernel.DEDirector.preinitialize(DEDirector.java:1338)
	at ptolemy.actor.CompositeActor.preinitialize(CompositeActor.java:1828)
	at ptolemy.actor.Manager.preinitializeAndResolveTypes(Manager.java:1040)
	at ptolemy.actor.Manager.initialize(Manager.java:710)
	at ptolemy.actor.Manager.execute(Manager.java:356)
	at ptolemy.actor.Manager.run(Manager.java:1263)
	at ptolemy.actor.Manager$PtolemyRunThread.run(Manager.java:1933)
java.lang.RuntimeException: Execution failed
	at ptolemy.moml.MoMLSimpleApplication$UnloadThread.run(MoMLSimpleApplication.java:402)
Caused by: ptolemy.kernel.util.IllegalActionException: Found a zero delay loop containing .dependencyLoop2.original
  in .dependencyLoop2 and .dependencyLoop2.original
	at ptolemy.actor.util.CausalityInterfaceForComposites._computeOutputPortDepth(CausalityInterfaceForComposites.java:759)
	at ptolemy.actor.util.CausalityInterfaceForComposites._computeInputDepth(CausalityInterfaceForComposites.java:696)
	at ptolemy.actor.util.CausalityInterfaceForComposites._computeOutputPortDepth(CausalityInterfaceForComposites.java:765)
	at ptolemy.actor.util.CausalityInterfaceForComposites._computeInputDepth(CausalityInterfaceForComposites.java:696)
	at ptolemy.actor.util.CausalityInterfaceForComposites._computeOutputPortDepth(CausalityInterfaceForComposites.java:765)
	at ptolemy.actor.util.CausalityInterfaceForComposites._computeInputDepth(CausalityInterfaceForComposites.java:696)
	at ptolemy.actor.util.CausalityInterfaceForComposites._computeActorDepth(CausalityInterfaceForComposites.java:532)
	at ptolemy.actor.util.CausalityInterfaceForComposites.checkForCycles(CausalityInterfaceForComposites.java:96)
	at ptolemy.domains.de.kernel.DEDirector.preinitialize(DEDirector.java:1338)
	at ptolemy.actor.CompositeActor.preinitialize(CompositeActor.java:1828)
	at ptolemy.actor.Manager.preinitializeAndResolveTypes(Manager.java:1040)
	at ptolemy.actor.Manager.initialize(Manager.java:710)
	at ptolemy.actor.Manager.execute(Manager.java:356)
	at ptolemy.actor.Manager.run(Manager.java:1263)
	at ptolemy.actor.Manager$PtolemyRunThread.run(Manager.java:1933)
java.lang.RuntimeException: Execution failed
	at ptolemy.moml.MoMLSimpleApplication$UnloadThread.run(MoMLSimpleApplication.java:402)
Caused by: ptolemy.kernel.util.IllegalActionException: Actor is not ready to fire.  Perhaps UpSample.prefire() returned false? Try debugging the actor by selecting "Listen to Actor".  Also, for SDF check moml for tokenConsumptionRate on input.
  in .DESDFClockTest.Play Bell.Copy1:SDF Director and .DESDFClockTest.Play Bell.UpSample
	at ptolemy.actor.sched.StaticSchedulingDirector.fire(StaticSchedulingDirector.java:227)
	at ptolemy.domains.sdf.kernel.SDFDirector.fire(SDFDirector.java:500)
	at ptolemy.actor.CompositeActor.fire(CompositeActor.java:455)
	at ptolemy.domains.de.kernel.DEDirector._fire(DEDirector.java:1949)
	at ptolemy.domains.de.kernel.DEDirector.fire(DEDirector.java:502)
	at ptolemy.actor.CompositeActor.fire(CompositeActor.java:455)
	at ptolemy.actor.Manager.iterate(Manager.java:851)
	at ptolemy.actor.Manager.execute(Manager.java:369)
	at ptolemy.actor.Manager.run(Manager.java:1263)
	at ptolemy.actor.Manager$PtolemyRunThread.run(Manager.java:1933)
java.lang.RuntimeException: Execution failed
	at ptolemy.moml.MoMLSimpleApplication$UnloadThread.run(MoMLSimpleApplication.java:402)
Caused by: ptolemy.kernel.util.IllegalActionException: Actor is not ready to fire.  Perhaps UpSample.prefire() returned false? Try debugging the actor by selecting "Listen to Actor".  Also, for SDF check moml for tokenConsumptionRate on input.
  in .DESDFClockTest.Play Bell.Copy1:SDF Director and .DESDFClockTest.Play Bell.UpSample
	at ptolemy.actor.sched.StaticSchedulingDirector.fire(StaticSchedulingDirector.java:227)
	at ptolemy.domains.sdf.kernel.SDFDirector.fire(SDFDirector.java:500)
	at ptolemy.actor.CompositeActor.fire(CompositeActor.java:455)
	at ptolemy.domains.de.kernel.DEDirector._fire(DEDirector.java:1949)
	at ptolemy.domains.de.kernel.DEDirector.fire(DEDirector.java:502)
	at ptolemy.actor.CompositeActor.fire(CompositeActor.java:455)
	at ptolemy.actor.Manager.iterate(Manager.java:851)
	at ptolemy.actor.Manager.execute(Manager.java:369)
	at ptolemy.actor.Manager.run(Manager.java:1263)
	at ptolemy.actor.Manager$PtolemyRunThread.run(Manager.java:1933)
java.lang.reflect.InvocationTargetException
	at java.base/jdk.internal.reflect.NativeConstructorAccessorImpl.newInstance0(Native Method)
	at java.base/jdk.internal.reflect.NativeConstructorAccessorImpl.newInstance(NativeConstructorAccessorImpl.java:62)
	at java.base/jdk.internal.reflect.DelegatingConstructorAccessorImpl.newInstance(DelegatingConstructorAccessorImpl.java:45)
	at java.base/java.lang.reflect.Constructor.newInstance(Constructor.java:490)
	at ptolemy.util.test.junit.AutoKnownFailedTests.RunModel(AutoKnownFailedTests.java:105)
	at java.base/jdk.internal.reflect.NativeMethodAccessorImpl.invoke0(Native Method)
	at java.base/jdk.internal.reflect.NativeMethodAccessorImpl.invoke(NativeMethodAccessorImpl.java:62)
	at java.base/jdk.internal.reflect.DelegatingMethodAccessorImpl.invoke(DelegatingMethodAccessorImpl.java:43)
	at java.base/java.lang.reflect.Method.invoke(Method.java:566)
	at org.junit.runners.model.FrameworkMethod$1.runReflectiveCall(FrameworkMethod.java:44)
	at org.junit.internal.runners.model.ReflectiveCallable.run(ReflectiveCallable.java:15)
	at org.junit.runners.model.FrameworkMethod.invokeExplosively(FrameworkMethod.java:41)
	at junitparams.internal.InvokeParameterisedMethod.evaluate(InvokeParameterisedMethod.java:102)
	at org.junit.internal.runners.statements.FailOnTimeout$1.run(FailOnTimeout.java:28)
Caused by: ptolemy.kernel.util.IllegalActionException: Actor is not ready to fire.  Perhaps UpSample.prefire() returned false? Try debugging the actor by selecting "Listen to Actor".  Also, for SDF check moml for tokenConsumptionRate on input.
  in .DESDFClockTest.Play Bell.Copy1:SDF Director and .DESDFClockTest.Play Bell.UpSample
	at ptolemy.actor.sched.StaticSchedulingDirector.fire(StaticSchedulingDirector.java:227)
	at ptolemy.domains.sdf.kernel.SDFDirector.fire(SDFDirector.java:500)
	at ptolemy.actor.CompositeActor.fire(CompositeActor.java:455)
	at ptolemy.domains.de.kernel.DEDirector._fire(DEDirector.java:1949)
	at ptolemy.domains.de.kernel.DEDirector.fire(DEDirector.java:502)
	at ptolemy.actor.CompositeActor.fire(CompositeActor.java:455)
	at ptolemy.actor.Manager.iterate(Manager.java:851)
	at ptolemy.actor.Manager.execute(Manager.java:369)
	at ptolemy.actor.Manager.run(Manager.java:1263)
	at ptolemy.actor.Manager$PtolemyRunThread.run(Manager.java:1933)
java.lang.RuntimeException: Execution failed
	at ptolemy.moml.MoMLSimpleApplication$UnloadThread.run(MoMLSimpleApplication.java:402)
Caused by: ptolemy.kernel.util.IllegalActionException: Test fails in iteration 1.
Value was: 1.0. Should have been: 2.0
  in .DirectFeedback.Test
	at ptolemy.actor.lib.Test.fire(Test.java:268)
	at ptolemy.domains.de.kernel.DEDirector._fire(DEDirector.java:1949)
	at ptolemy.domains.de.kernel.DEDirector.fire(DEDirector.java:502)
	at ptolemy.actor.CompositeActor.fire(CompositeActor.java:455)
	at ptolemy.actor.Manager.iterate(Manager.java:851)
	at ptolemy.actor.Manager.execute(Manager.java:369)
	at ptolemy.actor.Manager.run(Manager.java:1263)
	at ptolemy.actor.Manager$PtolemyRunThread.run(Manager.java:1933)
java.lang.reflect.InvocationTargetException
	at java.base/jdk.internal.reflect.NativeConstructorAccessorImpl.newInstance0(Native Method)
	at java.base/jdk.internal.reflect.NativeConstructorAccessorImpl.newInstance(NativeConstructorAccessorImpl.java:62)
	at java.base/jdk.internal.reflect.DelegatingConstructorAccessorImpl.newInstance(DelegatingConstructorAccessorImpl.java:45)
	at java.base/java.lang.reflect.Constructor.newInstance(Constructor.java:490)
	at ptolemy.util.test.junit.AutoKnownFailedTests.RunModel(AutoKnownFailedTests.java:105)
	at java.base/jdk.internal.reflect.NativeMethodAccessorImpl.invoke0(Native Method)
	at java.base/jdk.internal.reflect.NativeMethodAccessorImpl.invoke(NativeMethodAccessorImpl.java:62)
	at java.base/jdk.internal.reflect.DelegatingMethodAccessorImpl.invoke(DelegatingMethodAccessorImpl.java:43)
	at java.base/java.lang.reflect.Method.invoke(Method.java:566)
	at org.junit.runners.model.FrameworkMethod$1.runReflectiveCall(FrameworkMethod.java:44)
	at org.junit.internal.runners.model.ReflectiveCallable.run(ReflectiveCallable.java:15)
	at org.junit.runners.model.FrameworkMethod.invokeExplosively(FrameworkMethod.java:41)
	at junitparams.internal.InvokeParameterisedMethod.evaluate(InvokeParameterisedMethod.java:102)
	at org.junit.internal.runners.statements.FailOnTimeout$1.run(FailOnTimeout.java:28)
Caused by: ptolemy.kernel.util.IllegalActionException: Test fails in iteration 1.
Value was: 1.0. Should have been: 2.0
  in .DirectFeedback.Test
	at ptolemy.actor.lib.Test.fire(Test.java:268)
	at ptolemy.domains.de.kernel.DEDirector._fire(DEDirector.java:1949)
	at ptolemy.domains.de.kernel.DEDirector.fire(DEDirector.java:502)
	at ptolemy.actor.CompositeActor.fire(CompositeActor.java:455)
	at ptolemy.actor.Manager.iterate(Manager.java:851)
	at ptolemy.actor.Manager.execute(Manager.java:369)
	at ptolemy.actor.Manager.run(Manager.java:1263)
	at ptolemy.actor.Manager$PtolemyRunThread.run(Manager.java:1933)
java.lang.RuntimeException: Execution failed
	at ptolemy.moml.MoMLSimpleApplication$UnloadThread.run(MoMLSimpleApplication.java:402)
Caused by: ptolemy.kernel.util.IllegalActionException: Found a zero delay loop containing .HierarchicalModel.A
  in .HierarchicalModel and .HierarchicalModel.A
	at ptolemy.actor.util.CausalityInterfaceForComposites._computeOutputPortDepth(CausalityInterfaceForComposites.java:759)
	at ptolemy.actor.util.CausalityInterfaceForComposites._computeInputDepth(CausalityInterfaceForComposites.java:696)
	at ptolemy.actor.util.CausalityInterfaceForComposites._computeOutputPortDepth(CausalityInterfaceForComposites.java:765)
	at ptolemy.actor.util.CausalityInterfaceForComposites._computeInputDepth(CausalityInterfaceForComposites.java:696)
	at ptolemy.actor.util.CausalityInterfaceForComposites._computeOutputPortDepth(CausalityInterfaceForComposites.java:765)
	at ptolemy.actor.util.CausalityInterfaceForComposites._computeInputDepth(CausalityInterfaceForComposites.java:696)
	at ptolemy.actor.util.CausalityInterfaceForComposites._computeActorDepth(CausalityInterfaceForComposites.java:532)
	at ptolemy.actor.util.CausalityInterfaceForComposites.checkForCycles(CausalityInterfaceForComposites.java:96)
	at ptolemy.domains.de.kernel.DEDirector.preinitialize(DEDirector.java:1338)
	at ptolemy.actor.CompositeActor.preinitialize(CompositeActor.java:1828)
	at ptolemy.actor.Manager.preinitializeAndResolveTypes(Manager.java:1040)
	at ptolemy.actor.Manager.initialize(Manager.java:710)
	at ptolemy.actor.Manager.execute(Manager.java:356)
	at ptolemy.actor.Manager.run(Manager.java:1263)
	at ptolemy.actor.Manager$PtolemyRunThread.run(Manager.java:1933)
java.lang.reflect.InvocationTargetException
	at java.base/jdk.internal.reflect.NativeConstructorAccessorImpl.newInstance0(Native Method)
	at java.base/jdk.internal.reflect.NativeConstructorAccessorImpl.newInstance(NativeConstructorAccessorImpl.java:62)
	at java.base/jdk.internal.reflect.DelegatingConstructorAccessorImpl.newInstance(DelegatingConstructorAccessorImpl.java:45)
	at java.base/java.lang.reflect.Constructor.newInstance(Constructor.java:490)
	at ptolemy.util.test.junit.AutoKnownFailedTests.RunModel(AutoKnownFailedTests.java:105)
	at java.base/jdk.internal.reflect.NativeMethodAccessorImpl.invoke0(Native Method)
	at java.base/jdk.internal.reflect.NativeMethodAccessorImpl.invoke(NativeMethodAccessorImpl.java:62)
	at java.base/jdk.internal.reflect.DelegatingMethodAccessorImpl.invoke(DelegatingMethodAccessorImpl.java:43)
	at java.base/java.lang.reflect.Method.invoke(Method.java:566)
	at org.junit.runners.model.FrameworkMethod$1.runReflectiveCall(FrameworkMethod.java:44)
	at org.junit.internal.runners.model.ReflectiveCallable.run(ReflectiveCallable.java:15)
	at org.junit.runners.model.FrameworkMethod.invokeExplosively(FrameworkMethod.java:41)
	at junitparams.internal.InvokeParameterisedMethod.evaluate(InvokeParameterisedMethod.java:102)
	at org.junit.internal.runners.statements.FailOnTimeout$1.run(FailOnTimeout.java:28)
Caused by: ptolemy.kernel.util.IllegalActionException: Found a zero delay loop containing .HierarchicalModel.A
  in .HierarchicalModel and .HierarchicalModel.A
	at ptolemy.actor.util.CausalityInterfaceForComposites._computeOutputPortDepth(CausalityInterfaceForComposites.java:759)
	at ptolemy.actor.util.CausalityInterfaceForComposites._computeInputDepth(CausalityInterfaceForComposites.java:696)
	at ptolemy.actor.util.CausalityInterfaceForComposites._computeOutputPortDepth(CausalityInterfaceForComposites.java:765)
	at ptolemy.actor.util.CausalityInterfaceForComposites._computeInputDepth(CausalityInterfaceForComposites.java:696)
	at ptolemy.actor.util.CausalityInterfaceForComposites._computeOutputPortDepth(CausalityInterfaceForComposites.java:765)
	at ptolemy.actor.util.CausalityInterfaceForComposites._computeInputDepth(CausalityInterfaceForComposites.java:696)
	at ptolemy.actor.util.CausalityInterfaceForComposites._computeActorDepth(CausalityInterfaceForComposites.java:532)
	at ptolemy.actor.util.CausalityInterfaceForComposites.checkForCycles(CausalityInterfaceForComposites.java:96)
	at ptolemy.domains.de.kernel.DEDirector.preinitialize(DEDirector.java:1338)
	at ptolemy.actor.CompositeActor.preinitialize(CompositeActor.java:1828)
	at ptolemy.actor.Manager.preinitializeAndResolveTypes(Manager.java:1040)
	at ptolemy.actor.Manager.initialize(Manager.java:710)
	at ptolemy.actor.Manager.execute(Manager.java:356)
	at ptolemy.actor.Manager.run(Manager.java:1263)
	at ptolemy.actor.Manager$PtolemyRunThread.run(Manager.java:1933)
java.lang.RuntimeException: Execution failed
	at ptolemy.moml.MoMLSimpleApplication$UnloadThread.run(MoMLSimpleApplication.java:402)
Caused by: ptolemy.kernel.util.IllegalActionException: Found a zero delay loop containing .dependencyLoop.original
  in .dependencyLoop and .dependencyLoop.original
	at ptolemy.actor.util.CausalityInterfaceForComposites._computeOutputPortDepth(CausalityInterfaceForComposites.java:759)
	at ptolemy.actor.util.CausalityInterfaceForComposites._computeInputDepth(CausalityInterfaceForComposites.java:696)
	at ptolemy.actor.util.CausalityInterfaceForComposites._computeOutputPortDepth(CausalityInterfaceForComposites.java:765)
	at ptolemy.actor.util.CausalityInterfaceForComposites._computeInputDepth(CausalityInterfaceForComposites.java:696)
	at ptolemy.actor.util.CausalityInterfaceForComposites._computeOutputPortDepth(CausalityInterfaceForComposites.java:765)
	at ptolemy.actor.util.CausalityInterfaceForComposites._computeInputDepth(CausalityInterfaceForComposites.java:696)
	at ptolemy.actor.util.CausalityInterfaceForComposites._computeActorDepth(CausalityInterfaceForComposites.java:532)
	at ptolemy.actor.util.CausalityInterfaceForComposites.checkForCycles(CausalityInterfaceForComposites.java:96)
	at ptolemy.domains.de.kernel.DEDirector.preinitialize(DEDirector.java:1338)
	at ptolemy.actor.CompositeActor.preinitialize(CompositeActor.java:1828)
	at ptolemy.actor.Manager.preinitializeAndResolveTypes(Manager.java:1040)
	at ptolemy.actor.Manager.initialize(Manager.java:710)
	at ptolemy.actor.Manager.execute(Manager.java:356)
	at ptolemy.actor.Manager.run(Manager.java:1263)
	at ptolemy.actor.Manager$PtolemyRunThread.run(Manager.java:1933)
java.lang.reflect.InvocationTargetException
	at java.base/jdk.internal.reflect.NativeConstructorAccessorImpl.newInstance0(Native Method)
	at java.base/jdk.internal.reflect.NativeConstructorAccessorImpl.newInstance(NativeConstructorAccessorImpl.java:62)
	at java.base/jdk.internal.reflect.DelegatingConstructorAccessorImpl.newInstance(DelegatingConstructorAccessorImpl.java:45)
	at java.base/java.lang.reflect.Constructor.newInstance(Constructor.java:490)
	at ptolemy.util.test.junit.AutoKnownFailedTests.RunModel(AutoKnownFailedTests.java:105)
	at java.base/jdk.internal.reflect.NativeMethodAccessorImpl.invoke0(Native Method)
	at java.base/jdk.internal.reflect.NativeMethodAccessorImpl.invoke(NativeMethodAccessorImpl.java:62)
	at java.base/jdk.internal.reflect.DelegatingMethodAccessorImpl.invoke(DelegatingMethodAccessorImpl.java:43)
	at java.base/java.lang.reflect.Method.invoke(Method.java:566)
	at org.junit.runners.model.FrameworkMethod$1.runReflectiveCall(FrameworkMethod.java:44)
	at org.junit.internal.runners.model.ReflectiveCallable.run(ReflectiveCallable.java:15)
	at org.junit.runners.model.FrameworkMethod.invokeExplosively(FrameworkMethod.java:41)
	at junitparams.internal.InvokeParameterisedMethod.evaluate(InvokeParameterisedMethod.java:102)
	at org.junit.internal.runners.statements.FailOnTimeout$1.run(FailOnTimeout.java:28)
Caused by: ptolemy.kernel.util.IllegalActionException: Found a zero delay loop containing .dependencyLoop.original
  in .dependencyLoop and .dependencyLoop.original
	at ptolemy.actor.util.CausalityInterfaceForComposites._computeOutputPortDepth(CausalityInterfaceForComposites.java:759)
	at ptolemy.actor.util.CausalityInterfaceForComposites._computeInputDepth(CausalityInterfaceForComposites.java:696)
	at ptolemy.actor.util.CausalityInterfaceForComposites._computeOutputPortDepth(CausalityInterfaceForComposites.java:765)
	at ptolemy.actor.util.CausalityInterfaceForComposites._computeInputDepth(CausalityInterfaceForComposites.java:696)
	at ptolemy.actor.util.CausalityInterfaceForComposites._computeOutputPortDepth(CausalityInterfaceForComposites.java:765)
	at ptolemy.actor.util.CausalityInterfaceForComposites._computeInputDepth(CausalityInterfaceForComposites.java:696)
	at ptolemy.actor.util.CausalityInterfaceForComposites._computeActorDepth(CausalityInterfaceForComposites.java:532)
	at ptolemy.actor.util.CausalityInterfaceForComposites.checkForCycles(CausalityInterfaceForComposites.java:96)
	at ptolemy.domains.de.kernel.DEDirector.preinitialize(DEDirector.java:1338)
	at ptolemy.actor.CompositeActor.preinitialize(CompositeActor.java:1828)
	at ptolemy.actor.Manager.preinitializeAndResolveTypes(Manager.java:1040)
	at ptolemy.actor.Manager.initialize(Manager.java:710)
	at ptolemy.actor.Manager.execute(Manager.java:356)
	at ptolemy.actor.Manager.run(Manager.java:1263)
	at ptolemy.actor.Manager$PtolemyRunThread.run(Manager.java:1933)
java.lang.RuntimeException: Execution failed
	at ptolemy.moml.MoMLSimpleApplication$UnloadThread.run(MoMLSimpleApplication.java:402)
Caused by: ptolemy.kernel.util.IllegalActionException: Found a zero delay loop containing .dependencyLoop2.original
  in .dependencyLoop2 and .dependencyLoop2.original
	at ptolemy.actor.util.CausalityInterfaceForComposites._computeOutputPortDepth(CausalityInterfaceForComposites.java:759)
	at ptolemy.actor.util.CausalityInterfaceForComposites._computeInputDepth(CausalityInterfaceForComposites.java:696)
	at ptolemy.actor.util.CausalityInterfaceForComposites._computeOutputPortDepth(CausalityInterfaceForComposites.java:765)
	at ptolemy.actor.util.CausalityInterfaceForComposites._computeInputDepth(CausalityInterfaceForComposites.java:696)
	at ptolemy.actor.util.CausalityInterfaceForComposites._computeOutputPortDepth(CausalityInterfaceForComposites.java:765)
	at ptolemy.actor.util.CausalityInterfaceForComposites._computeInputDepth(CausalityInterfaceForComposites.java:696)
	at ptolemy.actor.util.CausalityInterfaceForComposites._computeActorDepth(CausalityInterfaceForComposites.java:532)
	at ptolemy.actor.util.CausalityInterfaceForComposites.checkForCycles(CausalityInterfaceForComposites.java:96)
	at ptolemy.domains.de.kernel.DEDirector.preinitialize(DEDirector.java:1338)
	at ptolemy.actor.CompositeActor.preinitialize(CompositeActor.java:1828)
	at ptolemy.actor.Manager.preinitializeAndResolveTypes(Manager.java:1040)
	at ptolemy.actor.Manager.initialize(Manager.java:710)
	at ptolemy.actor.Manager.execute(Manager.java:356)
	at ptolemy.actor.Manager.run(Manager.java:1263)
	at ptolemy.actor.Manager$PtolemyRunThread.run(Manager.java:1933)
java.lang.reflect.InvocationTargetException
	at java.base/jdk.internal.reflect.NativeConstructorAccessorImpl.newInstance0(Native Method)
	at java.base/jdk.internal.reflect.NativeConstructorAccessorImpl.newInstance(NativeConstructorAccessorImpl.java:62)
	at java.base/jdk.internal.reflect.DelegatingConstructorAccessorImpl.newInstance(DelegatingConstructorAccessorImpl.java:45)
	at java.base/java.lang.reflect.Constructor.newInstance(Constructor.java:490)
	at ptolemy.util.test.junit.AutoKnownFailedTests.RunModel(AutoKnownFailedTests.java:105)
	at java.base/jdk.internal.reflect.NativeMethodAccessorImpl.invoke0(Native Method)
	at java.base/jdk.internal.reflect.NativeMethodAccessorImpl.invoke(NativeMethodAccessorImpl.java:62)
	at java.base/jdk.internal.reflect.DelegatingMethodAccessorImpl.invoke(DelegatingMethodAccessorImpl.java:43)
	at java.base/java.lang.reflect.Method.invoke(Method.java:566)
	at org.junit.runners.model.FrameworkMethod$1.runReflectiveCall(FrameworkMethod.java:44)
	at org.junit.internal.runners.model.ReflectiveCallable.run(ReflectiveCallable.java:15)
	at org.junit.runners.model.FrameworkMethod.invokeExplosively(FrameworkMethod.java:41)
	at junitparams.internal.InvokeParameterisedMethod.evaluate(InvokeParameterisedMethod.java:102)
	at org.junit.internal.runners.statements.FailOnTimeout$1.run(FailOnTimeout.java:28)
Caused by: ptolemy.kernel.util.IllegalActionException: Found a zero delay loop containing .dependencyLoop2.original
  in .dependencyLoop2 and .dependencyLoop2.original
	at ptolemy.actor.util.CausalityInterfaceForComposites._computeOutputPortDepth(CausalityInterfaceForComposites.java:759)
	at ptolemy.actor.util.CausalityInterfaceForComposites._computeInputDepth(CausalityInterfaceForComposites.java:696)
	at ptolemy.actor.util.CausalityInterfaceForComposites._computeOutputPortDepth(CausalityInterfaceForComposites.java:765)
	at ptolemy.actor.util.CausalityInterfaceForComposites._computeInputDepth(CausalityInterfaceForComposites.java:696)
	at ptolemy.actor.util.CausalityInterfaceForComposites._computeOutputPortDepth(CausalityInterfaceForComposites.java:765)
	at ptolemy.actor.util.CausalityInterfaceForComposites._computeInputDepth(CausalityInterfaceForComposites.java:696)
	at ptolemy.actor.util.CausalityInterfaceForComposites._computeActorDepth(CausalityInterfaceForComposites.java:532)
	at ptolemy.actor.util.CausalityInterfaceForComposites.checkForCycles(CausalityInterfaceForComposites.java:96)
	at ptolemy.domains.de.kernel.DEDirector.preinitialize(DEDirector.java:1338)
	at ptolemy.actor.CompositeActor.preinitialize(CompositeActor.java:1828)
	at ptolemy.actor.Manager.preinitializeAndResolveTypes(Manager.java:1040)
	at ptolemy.actor.Manager.initialize(Manager.java:710)
	at ptolemy.actor.Manager.execute(Manager.java:356)
	at ptolemy.actor.Manager.run(Manager.java:1263)
	at ptolemy.actor.Manager$PtolemyRunThread.run(Manager.java:1933)
]]></system-err>
</testsuite>
