<?xml version="1.0" encoding="UTF-8" ?>
<testsuite errors="0" failures="0" hostname="travis-job-3f1e747c-ca31-4b5b-a197-74f061d34ee3" name="ptolemy.actor.lib.test.junit.JUnitTclTest" skipped="0" tests="517" time="60.678" timestamp="2018-09-26T02:43:20">
  <properties>
    <property name="npm.executable" value="npm" />
    <property name="file.encoding.pkg" value="sun.io" />
    <property name="env.TRAVIS_ROOT" value="/" />
    <property name="ptII.mk.exists" value="true" />
    <property name="env.TRAVIS_APP_HOST" value="build.travis-ci.org" />
    <property name="env.rvm_bin_path" value="/home/travis/.rvm/bin" />
    <property name="java.home" value="/usr/lib/jvm/java-8-oracle/jre" />
    <property name="env.TRAVIS_JOB_NUMBER" value="745.8" />
    <property name="env.TRAVIS_HOME" value="/home/travis" />
    <property name="env.DISPLAY" value=":99.0" />
    <property name="java.net.preferIPv4Stack" value="true" />
    <property name="env.TRAVIS_INIT" value="upstart" />
    <property name="env.SSH_TTY" value="/dev/pts/0" />
    <property name="env.RUN_TESTS" value="false" />
    <property name="timeout.short" value="1000000" />
    <property name="env.TRAVIS_STACK_NODE_ATTRIBUTES" value="/.node-attributes.yml" />
    <property name="junit.formatter" value="xml" />
    <property name="java.endorsed.dirs" value="/usr/lib/jvm/java-8-oracle/jre/lib/endorsed" />
    <property name="env.TRAVIS_SUDO" value="true" />
    <property name="env.LOGNAME" value="travis" />
    <property name="env.PT_TRAVIS_TEST_CORE1_XML" value="true" />
    <property name="jsdoc.home" value="node_modules/@terraswarm/jsdoc" />
    <property name="debuglevel" value="source,lines,vars" />
    <property name="checkstyle.formatter" value="xml" />
    <property name="bin.vergil.makeable" value="true" />
    <property name="env._system_version" value="14.04" />
    <property name="sun.os.patch.level" value="unknown" />
    <property name="java.vendor.url" value="http://java.oracle.com/" />
    <property name="java.version" value="1.8.0_151" />
    <property name="env.TZ" value="UTC" />
    <property name="env.PT_NO_NET" value="true" />
    <property name="env.TRAVIS_PULL_REQUEST_SHA" value="" />
    <property name="env.TRAVIS_SECURE_ENV_VARS" value="true" />
    <property name="env._system_type" value="Linux" />
    <property name="java.vendor.url.bug" value="http://bugreport.sun.com/bugreport/" />
    <property name="env.SSH_CLIENT" value="10.10.16.15 34936 22" />
    <property name="npmjs-org-is-up" value="true" />
    <property name="env.GEM_HOME" value="/home/travis/.rvm/gems/ruby-2.4.1" />
    <property name="env.HAS_ANTARES_THREE_LITTLE_FRONZIES_BADGE" value="true" />
    <property name="env.PS4" value="+" />
    <property name="ant.project.invoked-targets" value="build,test.core1.xml" />
    <property name="env.TRAVIS_PULL_REQUEST_BRANCH" value="" />
    <property name="env.TRAVIS_REPO_SLUG" value="icyphy/ptII" />
    <property name="node.in.path" value="true" />
    <property name="java.maxmemory" value="1400m" />
    <property name="env.RUBY_VERSION" value="ruby-2.4.1" />
    <property name="user.name" value="travis" />
    <property name="env.LANG" value="en_US.UTF-8" />
    <property name="sun.io.unicode.encoding" value="UnicodeLittle" />
    <property name="sun.jnu.encoding" value="UTF-8" />
    <property name="java.runtime.name" value="Java(TM) SE Runtime Environment" />
    <property name="usefile" value="false" />
    <property name="return.code" value="0" />
    <property name="junit.single.formatter" value="plain" />
    <property name="env.DYLD_LIBRARY_PATH" value="/home/travis/pthla/certi-tools/lib:" />
    <property name="env.DEBIAN_FRONTEND" value="noninteractive" />
    <property name="env.SSH_CONNECTION" value="10.10.16.15 34936 10.20.0.29 22" />
    <property name="env.MYSQL_UNIX_PORT" value="/var/run/mysqld/mysqld.sock" />
    <property name="env.TRAVIS_ALLOW_FAILURE" value="false" />
    <property name="env.LC_ALL" value="en_US.UTF-8" />
    <property name="java.specification.name" value="Java Platform API Specification" />
    <property name="node.works" value="true" />
    <property name="user.timezone" value="" />
    <property name="path.separator" value=":" />
    <property name="env.TRAVIS_ENABLE_INFRA_DETECTION" value="true" />
    <property name="env.PYTHON_CFLAGS" value="-g -fstack-protector --param=ssp-buffer-size=4 -Wformat -Werror=format-security" />
    <property name="timeout.long" value="4000000" />
    <property name="env.CERTI_HOME" value="/home/travis/pthla/certi-tools" />
    <property name="file.encoding" value="UTF-8" />
    <property name="ant.file.ptII" value="/home/travis/build/icyphy/ptII/build.xml" />
    <property name="javadoc.packagenames" value="com.*,diva.*,lbnl.*,org.hlacerti.*,org.json.*,org.ptolemy.*,org.terraswarm.*,ptolemy.*,ptserver.*" />
    <property name="env.TRAVIS_PULL_REQUEST_SLUG" value="" />
    <property name="ant.project.default-target" value="build" />
    <property name="env.GIT_ASKPASS" value="echo" />
    <property name="env.HOME" value="/home/travis" />
    <property name="sun.java.command" value="org.apache.tools.ant.taskdefs.optional.junit.JUnitTestRunner ptolemy.actor.lib.test.junit.JUnitTclTest skipNonTests=false filtertrace=true haltOnError=false haltOnFailure=false formatter=org.apache.tools.ant.taskdefs.optional.junit.OutErrSummaryJUnitResultFormatter showoutput=true outputtoformatters=true logfailedtests=true threadid=0 logtestlistenerevents=false formatter=org.apache.tools.ant.taskdefs.optional.junit.XMLJUnitResultFormatter,/home/travis/build/icyphy/ptII/reports/junit/TEST-ptolemy.actor.lib.test.junit.JUnitTclTest.xml crashfile=/home/travis/build/icyphy/ptII/junitvmwatcher312351064441511904.properties propsfile=/home/travis/build/icyphy/ptII/junit3024582107498101815.properties" />
    <property name="env.MANPATH" value="/home/travis/.nvm/versions/node/v7.10.1/share/man:/home/travis/.kiex/elixirs/elixir-1.4.5/man:/home/travis/.rvm/rubies/ruby-2.4.1/share/man:/usr/local/man:/usr/local/cmake-3.9.2/man:/usr/local/clang-5.0.0/share/man:/usr/local/share/man:/usr/share/man:/home/travis/.rvm/man" />
    <property name="env.COMPOSER_NO_INTERACTION" value="1" />
    <property name="env.JDK_SWITCHER_DEFAULT" value="oraclejdk8" />
    <property name="env.TRAVIS_TIMER_ID" value="0ae91b3c" />
    <property name="ant.file" value="/home/travis/build/icyphy/ptII/build.xml" />
    <property name="env.TRAVIS_COMMIT_RANGE" value="ab5a483121630457101c46c7dcc802c3be52adf0...ad4912705a6f3f46abff20bbdb57318e646fa589" />
    <property name="env._system_name" value="Ubuntu" />
    <property name="timeout" value="2400000" />
    <property name="ptII.classpath.optional.property" value="/home/travis/build/icyphy/ptII/lib/bsh-2.0b4.jar:/home/travis/build/icyphy/ptII/lib/ptCal.jar:/home/travis/build/icyphy/ptII/lib/java_cup.jar:/home/travis/build/icyphy/ptII/lib/saxon8.jar:/home/travis/build/icyphy/ptII/lib/saxon8-dom.jar:/home/travis/build/icyphy/ptII/lib/chic.jar:/home/travis/build/icyphy/ptII/lib/ptcolt.jar:/usr/lib/jvm/java-8-oracle/lib/tools.jar:/usr/lib/eclipse/plugins/org.eclipse.jdt.core_3.8.2.dist.jar:/usr/lib/eclipse/plugins/org.eclipse.core.runtime_3.8.0.dist.jar:/usr/lib/eclipse/plugins/org.eclipse.osgi_3.8.1.dist.jar:/usr/lib/eclipse/plugins/org.eclipse.core.resources_3.8.1.dist.jar:/usr/lib/eclipse/plugins/org.eclipse.equinox.common_3.6.100.dist.jar:/usr/lib/eclipse/plugins/org.eclipse.core.jobs_3.5.200.dist.jar:/usr/lib/eclipse/plugins/org.eclipse.core.contenttype_3.4.200.dist.jar:/usr/lib/eclipse/plugins/org.eclipse.equinox.preferences_3.5.0.dist.jar:/usr/lib/eclipse/plugins/org.eclipse.text_3.5.200.dist.jar:/usr/lib/eclipse/plugins/org.eclipse.ui.workbench_3.8.1.dist.jar:/usr/lib/eclipse/plugins/org.eclipse.jface_3.8.0.dist.jar:/usr/lib/eclipse/plugins/org.eclipse.swt_3.8.2.jar:/usr/lib/eclipse/plugins/org.eclipse.jface.text_3.8.1.dist.jar:/usr/lib/eclipse/plugins/org.eclipse.ui.workbench.texteditor_3.8.0.dist.jar:/usr/lib/eclipse/plugins/org.eclipse.ui.editors_3.8.0.dist.jar:/usr/lib/eclipse/plugins/org.eclipse.core.commands_3.6.1.dist.jar:/usr/lib/eclipse/plugins/org.eclipse.equinox.registry_3.5.200.dist.jar:/usr/lib/eclipse/plugins/org.eclipse.ui.console_3.5.100.dist.jar:/usr/lib/eclipse/plugins/org.eclipse.ui.forms_3.5.200.dist.jar:/usr/lib/eclipse/plugins/org.eclipse.ui.ide_3.8.1.dist.jar:/home/travis/build/icyphy/ptII/vendors/oracle/dbxml.jar:/home/travis/build/icyphy/ptII/vendors/oracle/db.jar:/home/travis/build/icyphy/ptII/vendors/misc/itext/iText.jar:/home/travis/build/icyphy/ptII/lib/g4ltl.jar:/home/travis/build/icyphy/ptII/lib/StructuralCoder.jar:/home/travis/build/icyphy/ptII/lib/org-openide-util.jar:/home/travis/build/icyphy/ptII/lib/org-openide-util-lookup.jar:/home/travis/build/icyphy/ptII/lib/org-netbeans-api-visual.jar:/home/travis/build/icyphy/ptII/vendors/jai-1_1_2_01/lib/jai_core.jar:/home/travis/build/icyphy/ptII/vendors/jai-1_1_2_01/lib/jai_codec.jar:/home/travis/build/icyphy/ptII/lib/jcerti.jar:/home/travis/build/icyphy/ptII/lib/smack.jar:/home/travis/build/icyphy/ptII/lib/smackx.jar:/home/travis/build/icyphy/ptII/lib/jetty-all-8.1.5-v20120716.jar:/home/travis/build/icyphy/ptII/lib/javax.servlet-api-3.0.1.jar:/home/travis/build/icyphy/ptII/lib/javax.mail.jar:/home/travis/build/icyphy/ptII/vendors/JMF-2.1.1e/lib/jmf.jar:/home/travis/build/icyphy/ptII/lib/jna-4.0.0-variadic.jar:/home/travis/build/icyphy/ptII/vendors/misc/joystick/Joystick.jar:/home/travis/build/icyphy/ptII/lib/ptjacl.jar:/home/travis/build/icyphy/ptII/lib/jsoup-1.8.2.jar:/home/travis/build/icyphy/ptII/lib/junit-4.8.2.jar:/home/travis/build/icyphy/ptII/lib/JUnitParams-0.4.0.jar:/home/travis/build/icyphy/ptII/ptolemy/actor/lib/excel/jxl.jar:/home/travis/build/icyphy/ptII/lib/jython.jar:/home/travis/build/icyphy/ptII/lib/kieler.jar:/home/travis/build/icyphy/ptII/vendors/opencv/share/OpenCV/java/opencv-341.jar:/home/travis/build/icyphy/ptII/lib/oscP5.jar:/home/travis/build/icyphy/ptII/lib/nrjavaserial-3.11.0.devel.jar:/home/travis/build/icyphy/ptII/vendors/j3d/lib/j3dcore.jar:/home/travis/build/icyphy/ptII/vendors/j3d/lib/j3dutils.jar:/home/travis/build/icyphy/ptII/vendors/j3d/lib/vecmath.jar:/home/travis/build/icyphy/ptII/ptolemy/distributed/jini/jar/jini-core.jar:/home/travis/build/icyphy/ptII/ptolemy/distributed/jini/jar/jini-ext.jar:/home/travis/build/icyphy/ptII/ptolemy/distributed/jini/jar/sun-util.jar:/home/travis/build/icyphy/ptII/lib/protobuf-java-2.4.1.jar:/home/travis/build/icyphy/ptII/lib/org.eclipse.paho.client.mqttv3.jar:/home/travis/build/icyphy/ptII/ptserver/lib/hessian-4.0.7.jar:/home/travis/build/icyphy/ptII/ptserver/lib/wmqtt.jar:/home/travis/build/icyphy/ptII/lib/mapss.jar:/home/travis/build/icyphy/ptII/ptolemy/actor/ptalon/antlr/antlr.jar:/home/travis/build/icyphy/ptII/lib/JRI.jar:/home/travis/build/icyphy/ptII/lib/commons-lang-2.6.jar:/home/travis/build/icyphy/ptII/lib/commons-logging-1.1.1.jar:/home/travis/build/icyphy/ptII/lib/sootclasses.jar:/home/travis/build/icyphy/ptII/ptolemy/actor/lib/database/mysql-connector-java-5.1.6-bin.jar:/home/travis/build/icyphy/ptII/vendors/misc/sphinx4/sphinx4-data-5prealpha.jar:/home/travis/build/icyphy/ptII/vendors/misc/sphinx4/sphinx4-core-5prealpha.jar:/home/travis/build/icyphy/ptII/lib/PDFRenderer.jar:/home/travis/build/icyphy/ptII/lib/svgSalamander.jar:/home/travis/build/icyphy/ptII/lib/rsyntaxtextarea-2.6.0-SNAPSHOT.jar:/home/travis/build/icyphy/ptII/lib/hazelcast-3.8.2.jar:/home/travis/build/icyphy/ptII/lib/jackson-annotations-2.9.0.jar:/home/travis/build/icyphy/ptII/lib/jackson-core-2.9.3.jar:/home/travis/build/icyphy/ptII/lib/jackson-databind-2.9.3.jar:/home/travis/build/icyphy/ptII/lib/netty-buffer-4.1.19.Final.jar:/home/travis/build/icyphy/ptII/lib/netty-codec-4.1.19.Final.jar:/home/travis/build/icyphy/ptII/lib/netty-codec-dns-4.1.19.Final.jar:/home/travis/build/icyphy/ptII/lib/netty-codec-http-4.1.19.Final.jar:/home/travis/build/icyphy/ptII/lib/netty-codec-http2-4.1.19.Final.jar:/home/travis/build/icyphy/ptII/lib/netty-common-4.1.19.Final.jar:/home/travis/build/icyphy/ptII/lib/netty-handler-4.1.19.Final.jar:/home/travis/build/icyphy/ptII/lib/netty-resolver-4.1.19.Final.jar:/home/travis/build/icyphy/ptII/lib/netty-resolver-dns-4.1.19.Final.jar:/home/travis/build/icyphy/ptII/lib/netty-transport-4.1.19.Final.jar:/home/travis/build/icyphy/ptII/lib/vertx-codegen-3.5.1.jar:/home/travis/build/icyphy/ptII/lib/vertx-core-3.5.2-SNAPSHOT.jar:/home/travis/build/icyphy/ptII/lib/vertx-hazelcast-3.5.1.jar:/home/travis/build/icyphy/ptII/lib/vertx-lang-js-3.5.1.jar:/home/travis/build/icyphy/ptII/lib/vertx-service-proxy-3.5.1.jar:/home/travis/build/icyphy/ptII/lib/vertx-web-3.5.1.jar:/home/travis/build/icyphy/ptII/lib/slf4j-api-1.7.13.jar:/home/travis/build/icyphy/ptII/lib/slf4j-simple-1.7.13.jar:/home/travis/build/icyphy/ptII/lib/webcam-capture-0.3.12.jar:/home/travis/build/icyphy/ptII/lib/bridj-0.7.0.jar:/home/travis/build/icyphy/ptII/lib/xbjlib-1.1.0.nrjavaserial.jar" />
    <property name="test.batch" value="**/junit/*.java" />
    <property name="env._" value="/usr/bin/timeout" />
    <property name="java.io.tmpdir" value="/tmp" />
    <property name="env.TRAVIS_INTERNAL_RUBY_REGEX" value="^ruby-(2\.[0-2]\.[0-9]|1\.9\.3)" />
    <property name="user.language" value="en" />
    <property name="env.HISTCONTROL" value="ignoredups:ignorespace" />
    <property name="env.GOROOT" value="/home/travis/.gimme/versions/go1.7.4.linux.amd64" />
    <property name="line.separator" value="&#xa;" />
    <property name="target" value="1.8" />
    <property name="env.TRAVIS_BUILD_DIR" value="/home/travis/build/icyphy/ptII" />
    <property name="env.ANT_OPTS" value="-Xmx2048m" />
    <property name="ant.file.type" value="file" />
    <property name="ptolemy.ptII.batchMode" value="true" />
    <property name="env.HISTSIZE" value="1000" />
    <property name="env.MERB_ENV" value="test" />
    <property name="java.vm.info" value="mixed mode" />
    <property name="source" value="1.8" />
    <property name="java.vm.specification.name" value="Java Virtual Machine Specification" />
    <property name="env.TRAVIS_TEST_RESULT" value="0" />
    <property name="jsdoc.command" value="node_modules/@terraswarm/jsdoc/jsdoc.js" />
    <property name="npm.works" value="true" />
    <property name="cobertura.dir" value="/home/travis/build/icyphy/ptII/vendors/cobertura-2.0.3" />
    <property name="env.rvm_path" value="/home/travis/.rvm" />
    <property name="env.GEM_PATH" value="/home/travis/.rvm/gems/ruby-2.4.1:/home/travis/.rvm/gems/ruby-2.4.1@global" />
    <property name="env.LC_CTYPE" value="en_US.UTF-8" />
    <property name="java.awt.printerjob" value="sun.print.PSPrinterJob" />
    <property name="env.TRAVIS_CMD" value="$PTII/bin/ptIITravisBuild.sh $SECONDS" />
    <property name="env.TRAVIS_STACK_NAME" value="garnet" />
    <property name="env.TRAVIS_TIMER_START_TIME" value="1537929421678190638" />
    <property name="ant.version" value="Apache Ant(TM) version 1.10.1 compiled on February 2 2017" />
    <property name="ptII.reports" value="/home/travis/build/icyphy/ptII/reports" />
    <property name="env.TRAVIS_STACK_TIMESTAMP" value="2017-12-05 19:33:09 UTC" />
    <property name="ant.file.type.ptII" value="file" />
    <property name="env.RBENV_SHELL" value="bash" />
    <property name="os.name" value="Linux" />
    <property name="java.specification.vendor" value="Oracle Corporation" />
    <property name="env.rvm_version" value="1.29.3 (latest)" />
    <property name="env.TRAVIS_INFRA" value="gce" />
    <property name="env.TERM" value="xterm" />
    <property name="java.vm.name" value="Java HotSpot(TM) 64-Bit Server VM" />
    <property name="env.TRAVIS_BUILD_NUMBER" value="745" />
    <property name="env.CI" value="true" />
    <property name="java.library.path" value="/home/travis/pthla/certi-tools/lib:/usr/lib/jni:/usr/local/share/OpenCV/java/:/usr/share/OpenCV/java::/usr/java/packages/lib/amd64:/usr/lib64:/lib64:/lib:/usr/lib" />
    <property name="env.rvm_prefix" value="/home/travis" />
    <property name="env.PATH" value="/home/travis/pthla/certi-tools/share/scripts:/home/travis/.rvm/gems/ruby-2.4.1/bin:/home/travis/.rvm/gems/ruby-2.4.1@global/bin:/home/travis/.rvm/rubies/ruby-2.4.1/bin:/home/travis/.rvm/bin:/home/travis/.nvm/versions/node/v7.10.1/bin:./node_modules/.bin:/home/travis/build/icyphy/ptII/bin:/home/travis/pthla/certi-tools/bin:/home/travis/bin:/home/travis/.local/bin:/opt/pyenv/shims:/home/travis/.phpenv/shims:/home/travis/perl5/perlbrew/bin:/home/travis/.kiex/elixirs/elixir-1.4.5/bin:/home/travis/.kiex/bin:/home/travis/gopath/bin:/home/travis/.gimme/versions/go1.7.4.linux.amd64/bin:/usr/local/phantomjs/bin:/usr/local/phantomjs:/usr/local/neo4j-3.2.7/bin:/usr/local/maven-3.5.2/bin:/usr/local/cmake-3.9.2/bin:/usr/local/clang-5.0.0/bin:/usr/local/sbin:/usr/local/bin:/usr/sbin:/usr/bin:/sbin:/bin:/home/travis/.phpenv/bin:/opt/pyenv/bin:/home/travis/.yarn/bin" />
    <property name="env.TRAVIS_OS_NAME" value="linux" />
    <property name="ant.java.version" value="1.8" />
    <property name="basedir" value="/home/travis/build/icyphy/ptII" />
    <property name="java.class.version" value="52.0" />
    <property name="env.SHLVL" value="3" />
    <property name="env.LD_LIBRARY_PATH" value="/home/travis/pthla/certi-tools/lib:/usr/lib/jni:/usr/local/share/OpenCV/java/:/usr/share/OpenCV/java:" />
    <property name="env.RACK_ENV" value="test" />
    <property name="ant.home" value="/home/travis/build/icyphy/ptII/ant" />
    <property name="env.NVM_DIR" value="/home/travis/.nvm" />
    <property name="env.PERLBREW_BASHRC_VERSION" value="0.80" />
    <property name="env.CERTI_FOM_PATH" value="/home/travis/pthla/certi-tools/share/federations" />
    <property name="env.TRAVIS_BUILD_ID" value="433241657" />
    <property name="env.PYENV_ROOT" value="/opt/pyenv" />
    <property name="env.TRAVIS_UID" value="2000" />
    <property name="env.rvm_pretty_print_flag" value="auto" />
    <property name="env.NVM_BIN" value="/home/travis/.nvm/versions/node/v7.10.1/bin" />
    <property name="env.TRAVIS_COMMIT" value="ad4912705a6f3f46abff20bbdb57318e646fa589" />
    <property name="env._system_arch" value="x86_64" />
    <property name="node.executable" value="node" />
    <property name="sun.boot.library.path" value="/usr/lib/jvm/java-8-oracle/jre/lib/amd64" />
    <property name="sun.management.compiler" value="HotSpot 64-Bit Tiered Compilers" />
    <property name="env.GOPATH" value="/home/travis/gopath" />
    <property name="java.awt.graphicsenv" value="sun.awt.X11GraphicsEnvironment" />
    <property name="ptolemy.ptII.dir" value="/home/travis/build/icyphy/ptII" />
    <property name="env.USER" value="travis" />
    <property name="env.HISTFILESIZE" value="2000" />
    <property name="timeout.longest" value="19000000" />
    <property name="env.TRAVIS_STACK_FEATURES" value="basic cassandra chromium couchdb disabled-ipv6 docker docker-compose elasticsearch firefox go-toolchain google-chrome jdk memcached mongodb mysql neo4j nodejs_interpreter perl_interpreter perlbrew phantomjs postgresql python_interpreter rabbitmq redis riak ruby_interpreter sqlite xserver" />
    <property name="env.TRAVIS_PULL_REQUEST" value="false" />
    <property name="env.PYENV_SHELL" value="bash" />
    <property name="ant.project.name" value="ptII" />
    <property name="env.ANSI_RESET" value="\033[0m" />
    <property name="java.vm.specification.version" value="1.8" />
    <property name="env.TRAVIS_DIST" value="trusty" />
    <property name="env.CERTI_VERSION" value="4.0.0" />
    <property name="env.NLSPATH" value="/usr/dt/lib/nls/msg/%L/%N.cat" />
    <property name="env.CERTI_HOST" value="localhost" />
    <property name="awt.toolkit" value="sun.awt.X11.XToolkit" />
    <property name="env.MY_RUBY_HOME" value="/home/travis/.rvm/rubies/ruby-2.4.1" />
    <property name="sun.cpu.isalist" value="" />
    <property name="env.TRAVIS_TMPDIR" value="/tmp/tmp.JjqrW93864" />
    <property name="java.ext.dirs" value="/usr/lib/jvm/java-8-oracle/jre/lib/ext:/usr/java/packages/lib/ext" />
    <property name="os.version" value="4.4.0-101-generic" />
    <property name="user.home" value="/home/travis" />
    <property name="env.MIX_ARCHIVES" value="/home/travis/.kiex/mix/elixir-1.4.5" />
    <property name="java.vm.vendor" value="Oracle Corporation" />
    <property name="env.TRAVIS_TAG" value="nightly" />
    <property name="env.ANSI_YELLOW" value="\033[33;1m" />
    <property name="env.TRAVIS_FILTERED" value="redirect_io" />
    <property name="env.ANSI_GREEN" value="\033[32;1m" />
    <property name="env.PTII" value="/home/travis/build/icyphy/ptII" />
    <property name="env.JAVA_HOME" value="/usr/lib/jvm/java-8-oracle" />
    <property name="javadoc.excludepackagenames" value="adm.cvs2svn.*,build.*,config.*,doc.coding.templates.*,jni.test.jni.meaningOfLife.*,jni.test.jni.testDeux.*,jni.test.jni.testTrois.*,org.terraswarm.accessor.accessors.web.node_modules.*,org.terraswarm.accessor.accessors.web.hosts.cordova.demo.*,org.terraswarm.accessor.accessors.web.hosts.cordova.plugins.*,org.terraswarm.accessor.accessors-svn.*,pt-modules.*,ptolemy.apps.agilent.*,ptolemy.apps.anytimecontrol.*,ptolemy.apps.apes.*,ptolemy.apps.charon.*,ptolemy.apps.crazyboard.*,ptolemy.apps.eclipse.*,ptolemy.apps.etherealSting.*,ptolemy.apps.fullscreen.*,ptolemy.apps.giotto.*,ptolemy.apps.ia.*,ptolemy.apps.interfaces.*,ptolemy.apps.jmf.*,ptolemy.apps.kurt.*,ptolemy.apps.kvm.*,ptolemy.apps.lego.*,ptolemy.apps.lejos.*,ptolemy.apps.midp.*,ptolemy.apps.mobileCoding.*,ptolemy.apps.pendulum.*,ptolemy.apps.rijndael.*,ptolemy.apps.robot.*,ptolemy.apps.security.*,ptolemy.apps.sobel.*,ptolemy.apps.soot.*,ptolemy.apps.throttle.*,ptolemy.apps.tini.*,ptolemy.apps.transmission.*,ptolemy.apps.vergil.*,ptolemy.apps.waba.*,ptolemy.apps.websensor.*,ptolemy.apps.webstart.*,ptolemy.apps.xsl.*,ptolemy.apps.zaurus.*,ptolemy.backtrack.eclipse.plugin.*,ptolemy.backtrack.test.*,ptolemy.codegen.c.actor.lib.oldJavaFiles.*,ptolemy.codegen.dsp.lib.*,ptolemy.codegen.kernel.newInterfaces.*,ptolemy.codegen.lib.*,ptolemy.copernicus.kernel.fragment.*,ptolemy.copernicus.shallow.cg.*,ptolemy.domains.giotto.demo.Hierarchy.Hierarchy.*,ptolemy.domains.giotto.demo.Multimode.Multimode.*,ptolemy.domains.giotto.demo.Simple.Simple.*,ptolemy.domains.gr.lib.experimental.*,ptolemy.domains.gro.*,ptolemy.domains.pdf.*,ptolemy.domains.ptinyos.demo.Surge.output.*,ptolemy.moml.test.NoPackageActor.java*,ptolemy.plot.adm.*,ptolemy.plot.servlet.*,reports.*,signed.*,src.*,target.*,vendors.*,ptolemy.cg.adapter.generic.program.procedural.c.mbed*,ptolemy.actor.lib.fmi.fmus.omc*,ptolemy.domains.openmodelica*,ptdb.kernel.bl.save.test.*,ptdb.kernel.bl.load.test.*,ptdb.kernel.bl.search.test.*,ptdb.kernel.bl.migration.test.*,ptdb.kernel.database.test.*,ptdb.test.*,ptdb.gui.test.*,org.ptolemy.scala.*,diva.util.java2d.svg.*,ptolemy.domains.ptinyos.*,ptolemy.actor.lib.fmi.fmipp.*,,org.terraswarm.accessor.accessors.web.node_modules.*,org.terraswarm.accessor.accessors-svn,ptolemy.apps.*,ptolemy.actor.ptalon.demo.ptinyos.SendAndReceiveCnt.output,ptolemy.actor.ptalon.demo.ptinyos.SenseToLeds.output,ptolemy.domains.ptinyos.demo.CntToLedsAndRfm.output,ptolemy.domains.ptinyos.demo.RfmToLeds.output,ptolemy.domains.ptinyos.demo.SendAndReceiveCnt.output,ptolemy.domains.ptinyos.demo.SenseToLeds.output,ptolemy.actor.lib.jjs.modules.udpSocket.*" />
    <property name="env.TRAVIS_COMMIT_MESSAGE" value="Merge branch &apos;master&apos; of https://github.com/icyphy/ptII" />
    <property name="keystore" value="ptKeystore" />
    <property name="env.XDG_SESSION_ID" value="2" />
    <property name="junit.output.dir" value="/home/travis/build/icyphy/ptII/reports/junit" />
    <property name="npm.return.code" value="0" />
    <property name="user.dir" value="/home/travis/build/icyphy/ptII/ptolemy/actor/lib/test" />
    <property name="env.TRAVIS_NODE_VERSION" value="7" />
    <property name="env.XFILESEARCHPATH" value="/usr/dt/app-defaults/%L/Dt" />
    <property name="env.TRAVIS_EVENT_TYPE" value="cron" />
    <property name="env.MAIL" value="/var/mail/travis" />
    <property name="env.PWD" value="/home/travis/build/icyphy/ptII" />
    <property name="env.PERLBREW_ROOT" value="/home/travis/perl5/perlbrew" />
    <property name="timeout.npm" value="45000" />
    <property name="env.TRAVIS_ARCH" value="amd64" />
    <property name="env.PAGER" value="cat" />
    <property name="sun.cpu.endian" value="little" />
    <property name="env.TRAVIS_BUILD_STAGE_NAME" value="Test" />
    <property name="env.PERLBREW_HOME" value="/home/travis/.perlbrew" />
    <property name="java.vm.version" value="25.151-b12" />
    <property name="env.RAILS_ENV" value="test" />
    <property name="java.class.path" value="/home/travis/.ptolemyII:/home/travis/.ptolemyII/*:/home/travis/build/icyphy/ptII:/home/travis/build/icyphy/ptII/lib/bsh-2.0b4.jar:/home/travis/build/icyphy/ptII/lib/ptCal.jar:/home/travis/build/icyphy/ptII/lib/java_cup.jar:/home/travis/build/icyphy/ptII/lib/saxon8.jar:/home/travis/build/icyphy/ptII/lib/saxon8-dom.jar:/home/travis/build/icyphy/ptII/lib/chic.jar:/home/travis/build/icyphy/ptII/lib/ptcolt.jar:/usr/lib/jvm/java-8-oracle/lib/tools.jar:/usr/lib/eclipse/plugins/org.eclipse.jdt.core_3.8.2.dist.jar:/usr/lib/eclipse/plugins/org.eclipse.core.runtime_3.8.0.dist.jar:/usr/lib/eclipse/plugins/org.eclipse.osgi_3.8.1.dist.jar:/usr/lib/eclipse/plugins/org.eclipse.core.resources_3.8.1.dist.jar:/usr/lib/eclipse/plugins/org.eclipse.equinox.common_3.6.100.dist.jar:/usr/lib/eclipse/plugins/org.eclipse.core.jobs_3.5.200.dist.jar:/usr/lib/eclipse/plugins/org.eclipse.core.contenttype_3.4.200.dist.jar:/usr/lib/eclipse/plugins/org.eclipse.equinox.preferences_3.5.0.dist.jar:/usr/lib/eclipse/plugins/org.eclipse.text_3.5.200.dist.jar:/usr/lib/eclipse/plugins/org.eclipse.ui.workbench_3.8.1.dist.jar:/usr/lib/eclipse/plugins/org.eclipse.jface_3.8.0.dist.jar:/usr/lib/eclipse/plugins/org.eclipse.swt_3.8.2.jar:/usr/lib/eclipse/plugins/org.eclipse.jface.text_3.8.1.dist.jar:/usr/lib/eclipse/plugins/org.eclipse.ui.workbench.texteditor_3.8.0.dist.jar:/usr/lib/eclipse/plugins/org.eclipse.ui.editors_3.8.0.dist.jar:/usr/lib/eclipse/plugins/org.eclipse.core.commands_3.6.1.dist.jar:/usr/lib/eclipse/plugins/org.eclipse.equinox.registry_3.5.200.dist.jar:/usr/lib/eclipse/plugins/org.eclipse.ui.console_3.5.100.dist.jar:/usr/lib/eclipse/plugins/org.eclipse.ui.forms_3.5.200.dist.jar:/usr/lib/eclipse/plugins/org.eclipse.ui.ide_3.8.1.dist.jar:/home/travis/build/icyphy/ptII/vendors/oracle/dbxml.jar:/home/travis/build/icyphy/ptII/vendors/oracle/db.jar:/home/travis/build/icyphy/ptII/vendors/misc/itext/iText.jar:/home/travis/build/icyphy/ptII/lib/g4ltl.jar:/home/travis/build/icyphy/ptII/lib/StructuralCoder.jar:/home/travis/build/icyphy/ptII/lib/org-openide-util.jar:/home/travis/build/icyphy/ptII/lib/org-openide-util-lookup.jar:/home/travis/build/icyphy/ptII/lib/org-netbeans-api-visual.jar:/home/travis/build/icyphy/ptII/vendors/jai-1_1_2_01/lib/jai_core.jar:/home/travis/build/icyphy/ptII/vendors/jai-1_1_2_01/lib/jai_codec.jar:/home/travis/build/icyphy/ptII/lib/jcerti.jar:/home/travis/build/icyphy/ptII/lib/smack.jar:/home/travis/build/icyphy/ptII/lib/smackx.jar:/home/travis/build/icyphy/ptII/lib/jetty-all-8.1.5-v20120716.jar:/home/travis/build/icyphy/ptII/lib/javax.servlet-api-3.0.1.jar:/home/travis/build/icyphy/ptII/lib/javax.mail.jar:/home/travis/build/icyphy/ptII/vendors/JMF-2.1.1e/lib/jmf.jar:/home/travis/build/icyphy/ptII/lib/jna-4.0.0-variadic.jar:/home/travis/build/icyphy/ptII/vendors/misc/joystick/Joystick.jar:/home/travis/build/icyphy/ptII/lib/ptjacl.jar:/home/travis/build/icyphy/ptII/lib/jsoup-1.8.2.jar:/home/travis/build/icyphy/ptII/lib/junit-4.8.2.jar:/home/travis/build/icyphy/ptII/lib/JUnitParams-0.4.0.jar:/home/travis/build/icyphy/ptII/ptolemy/actor/lib/excel/jxl.jar:/home/travis/build/icyphy/ptII/lib/jython.jar:/home/travis/build/icyphy/ptII/lib/kieler.jar:/home/travis/build/icyphy/ptII/vendors/opencv/share/OpenCV/java/opencv-341.jar:/home/travis/build/icyphy/ptII/lib/oscP5.jar:/home/travis/build/icyphy/ptII/lib/nrjavaserial-3.11.0.devel.jar:/home/travis/build/icyphy/ptII/vendors/j3d/lib/j3dcore.jar:/home/travis/build/icyphy/ptII/vendors/j3d/lib/j3dutils.jar:/home/travis/build/icyphy/ptII/vendors/j3d/lib/vecmath.jar:/home/travis/build/icyphy/ptII/ptolemy/distributed/jini/jar/jini-core.jar:/home/travis/build/icyphy/ptII/ptolemy/distributed/jini/jar/jini-ext.jar:/home/travis/build/icyphy/ptII/ptolemy/distributed/jini/jar/sun-util.jar:/home/travis/build/icyphy/ptII/lib/protobuf-java-2.4.1.jar:/home/travis/build/icyphy/ptII/lib/org.eclipse.paho.client.mqttv3.jar:/home/travis/build/icyphy/ptII/ptserver/lib/hessian-4.0.7.jar:/home/travis/build/icyphy/ptII/ptserver/lib/wmqtt.jar:/home/travis/build/icyphy/ptII/lib/mapss.jar:/home/travis/build/icyphy/ptII/ptolemy/actor/ptalon/antlr/antlr.jar:/home/travis/build/icyphy/ptII/lib/JRI.jar:/home/travis/build/icyphy/ptII/lib/commons-lang-2.6.jar:/home/travis/build/icyphy/ptII/lib/commons-logging-1.1.1.jar:/home/travis/build/icyphy/ptII/lib/sootclasses.jar:/home/travis/build/icyphy/ptII/ptolemy/actor/lib/database/mysql-connector-java-5.1.6-bin.jar:/home/travis/build/icyphy/ptII/vendors/misc/sphinx4/sphinx4-data-5prealpha.jar:/home/travis/build/icyphy/ptII/vendors/misc/sphinx4/sphinx4-core-5prealpha.jar:/home/travis/build/icyphy/ptII/lib/PDFRenderer.jar:/home/travis/build/icyphy/ptII/lib/svgSalamander.jar:/home/travis/build/icyphy/ptII/lib/rsyntaxtextarea-2.6.0-SNAPSHOT.jar:/home/travis/build/icyphy/ptII/lib/hazelcast-3.8.2.jar:/home/travis/build/icyphy/ptII/lib/jackson-annotations-2.9.0.jar:/home/travis/build/icyphy/ptII/lib/jackson-core-2.9.3.jar:/home/travis/build/icyphy/ptII/lib/jackson-databind-2.9.3.jar:/home/travis/build/icyphy/ptII/lib/netty-buffer-4.1.19.Final.jar:/home/travis/build/icyphy/ptII/lib/netty-codec-4.1.19.Final.jar:/home/travis/build/icyphy/ptII/lib/netty-codec-dns-4.1.19.Final.jar:/home/travis/build/icyphy/ptII/lib/netty-codec-http-4.1.19.Final.jar:/home/travis/build/icyphy/ptII/lib/netty-codec-http2-4.1.19.Final.jar:/home/travis/build/icyphy/ptII/lib/netty-common-4.1.19.Final.jar:/home/travis/build/icyphy/ptII/lib/netty-handler-4.1.19.Final.jar:/home/travis/build/icyphy/ptII/lib/netty-resolver-4.1.19.Final.jar:/home/travis/build/icyphy/ptII/lib/netty-resolver-dns-4.1.19.Final.jar:/home/travis/build/icyphy/ptII/lib/netty-transport-4.1.19.Final.jar:/home/travis/build/icyphy/ptII/lib/vertx-codegen-3.5.1.jar:/home/travis/build/icyphy/ptII/lib/vertx-core-3.5.2-SNAPSHOT.jar:/home/travis/build/icyphy/ptII/lib/vertx-hazelcast-3.5.1.jar:/home/travis/build/icyphy/ptII/lib/vertx-lang-js-3.5.1.jar:/home/travis/build/icyphy/ptII/lib/vertx-service-proxy-3.5.1.jar:/home/travis/build/icyphy/ptII/lib/vertx-web-3.5.1.jar:/home/travis/build/icyphy/ptII/lib/slf4j-api-1.7.13.jar:/home/travis/build/icyphy/ptII/lib/slf4j-simple-1.7.13.jar:/home/travis/build/icyphy/ptII/lib/webcam-capture-0.3.12.jar:/home/travis/build/icyphy/ptII/lib/bridj-0.7.0.jar:/home/travis/build/icyphy/ptII/lib/xbjlib-1.1.0.nrjavaserial.jar:/home/travis/build/icyphy/ptII/ptolemy/moml/test:/home/travis/build/icyphy/ptII/ant/lib/ant-launcher.jar:/home/travis/build/icyphy/ptII/ant/lib/ant.jar:/home/travis/build/icyphy/ptII/ant/lib/ant-junit.jar:/home/travis/build/icyphy/ptII/ant/lib/ant-junit4.jar" />
    <property name="ant.library.dir" value="/home/travis/build/icyphy/ptII/ant/lib" />
    <property name="os.arch" value="amd64" />
    <property name="env.TRAVIS_LANGUAGE" value="node_js" />
    <property name="env.CONTINUOUS_INTEGRATION" value="true" />
    <property name="env.TRAVIS_STACK_LANGUAGES" value="__garnet__ c c++ clojure cplusplus cpp default go groovy java node_js php pure_java python ruby scala" />
    <property name="test.name" value="ptolemy.actor.lib.test.junit.JUnitTclTest" />
    <property name="sun.java.launcher" value="SUN_STANDARD" />
    <property name="env.PYTHON_CONFIGURE_OPTS" value="--enable-unicode=ucs4 --with-wide-unicode --enable-shared --enable-ipv6 --enable-loadable-sqlite-extensions --with-computed-gotos" />
    <property name="ant.core.lib" value="/home/travis/build/icyphy/ptII/ant/lib/ant.jar" />
    <property name="java.vm.specification.vendor" value="Oracle Corporation" />
    <property name="env.BCVTB_HOME" value="/home/travis/build/icyphy/ptII/lbnl" />
    <property name="file.separator" value="/" />
    <property name="java.runtime.version" value="1.8.0_151-b12" />
    <property name="spotbugs.home" value="/home/travis/build/icyphy/ptII/vendors/spotbugs-3.1.1" />
    <property name="sun.boot.class.path" value="/usr/lib/jvm/java-8-oracle/jre/lib/resources.jar:/usr/lib/jvm/java-8-oracle/jre/lib/rt.jar:/usr/lib/jvm/java-8-oracle/jre/lib/sunrsasign.jar:/usr/lib/jvm/java-8-oracle/jre/lib/jsse.jar:/usr/lib/jvm/java-8-oracle/jre/lib/jce.jar:/usr/lib/jvm/java-8-oracle/jre/lib/charsets.jar:/usr/lib/jvm/java-8-oracle/jre/lib/jfr.jar:/usr/lib/jvm/java-8-oracle/jre/classes" />
    <property name="env.ANSI_CLEAR" value="\033[0K" />
    <property name="env.HAS_JOSH_K_SEAL_OF_APPROVAL" value="true" />
    <property name="env.TRAVIS_OSX_IMAGE" value="" />
    <property name="env.XDG_RUNTIME_DIR" value="/run/user/2000" />
    <property name="env.TRAVIS_JOB_ID" value="433241665" />
    <property name="env.TRAVIS_BRANCH" value="master" />
    <property name="user.country" value="US" />
    <property name="env.CERTI_HOME_TRAVIS" value="/home/travis/pthla/certi-tools" />
    <property name="env.SHELL" value="/bin/bash" />
    <property name="model" value="" />
    <property name="java.maxmemory.large" value="5000m" />
    <property name="env.CASHER_DIR" value="/home/travis/.casher" />
    <property name="env.NVM_CD_FLAGS" value="" />
    <property name="jshint.executable" value="/home/travis/node_modules/jshint/bin/jshint" />
    <property name="env.JRUBY_OPTS" value=" --client -J-XX:+TieredCompilation -J-XX:TieredStopAtLevel=1 -J-Xss2m -Xcompile.invokedynamic=false" />
    <property name="java.vendor" value="Oracle Corporation" />
    <property name="env.TRAVIS_PRE_CHEF_BOOTSTRAP_TIME" value="2017-12-05T19:32:55" />
    <property name="env.TRAVIS_STACK_JOB_BOARD_REGISTER" value="/.job-board-register.yml" />
    <property name="env.ELIXIR_VERSION" value="1.4.5" />
    <property name="env.ANSI_RED" value="\033[31;1m" />
    <property name="java.specification.version" value="1.8" />
    <property name="env.TRAVIS" value="true" />
    <property name="env.IRBRC" value="/home/travis/.rvm/rubies/ruby-2.4.1/.irbrc" />
    <property name="sun.arch.data.model" value="64" />
  </properties>
  <testcase classname="ptolemy.util.test.junit.TclTests" name="[0] /home/travis/build/icyphy/ptII/ptolemy/actor/lib/test/AbsoluteValue.tcl (RunTclFile)" time="0.471" />
  <testcase classname="ptolemy.util.test.junit.TclTests" name="[1] /home/travis/build/icyphy/ptII/ptolemy/actor/lib/test/AddSubtract.tcl (RunTclFile)" time="0.116" />
  <testcase classname="ptolemy.util.test.junit.TclTests" name="[2] /home/travis/build/icyphy/ptII/ptolemy/actor/lib/test/Average.tcl (RunTclFile)" time="0.048" />
  <testcase classname="ptolemy.util.test.junit.TclTests" name="[3] /home/travis/build/icyphy/ptII/ptolemy/actor/lib/test/Bernoulli.tcl (RunTclFile)" time="0.034" />
  <testcase classname="ptolemy.util.test.junit.TclTests" name="[4] /home/travis/build/icyphy/ptII/ptolemy/actor/lib/test/Clock.tcl (RunTclFile)" time="0.059" />
  <testcase classname="ptolemy.util.test.junit.TclTests" name="[5] /home/travis/build/icyphy/ptII/ptolemy/actor/lib/test/Commutator.tcl (RunTclFile)" time="0.078" />
  <testcase classname="ptolemy.util.test.junit.TclTests" name="[6] /home/travis/build/icyphy/ptII/ptolemy/actor/lib/test/Const.tcl (RunTclFile)" time="0.132" />
  <testcase classname="ptolemy.util.test.junit.TclTests" name="[7] /home/travis/build/icyphy/ptII/ptolemy/actor/lib/test/CurrentTime.tcl (RunTclFile)" time="0.044" />
  <testcase classname="ptolemy.util.test.junit.TclTests" name="[8] /home/travis/build/icyphy/ptII/ptolemy/actor/lib/test/DB.tcl (RunTclFile)" time="0.036" />
  <testcase classname="ptolemy.util.test.junit.TclTests" name="[9] /home/travis/build/icyphy/ptII/ptolemy/actor/lib/test/DiscreteRandomSource.tcl (RunTclFile)" time="0.056" />
  <testcase classname="ptolemy.util.test.junit.TclTests" name="[10] /home/travis/build/icyphy/ptII/ptolemy/actor/lib/test/Distributor.tcl (RunTclFile)" time="0.044" />
  <testcase classname="ptolemy.util.test.junit.TclTests" name="[11] /home/travis/build/icyphy/ptII/ptolemy/actor/lib/test/Exit.tcl (RunTclFile)" time="0.076" />
  <testcase classname="ptolemy.util.test.junit.TclTests" name="[12] /home/travis/build/icyphy/ptII/ptolemy/actor/lib/test/Expression.tcl (RunTclFile)" time="0.084" />
  <testcase classname="ptolemy.util.test.junit.TclTests" name="[13] /home/travis/build/icyphy/ptII/ptolemy/actor/lib/test/Gaussian.tcl (RunTclFile)" time="0.085" />
  <testcase classname="ptolemy.util.test.junit.TclTests" name="[14] /home/travis/build/icyphy/ptII/ptolemy/actor/lib/test/IIR.tcl (RunTclFile)" time="0.045" />
  <testcase classname="ptolemy.util.test.junit.TclTests" name="[15] /home/travis/build/icyphy/ptII/ptolemy/actor/lib/test/Interpolator.tcl (RunTclFile)" time="0.131" />
  <testcase classname="ptolemy.util.test.junit.TclTests" name="[16] /home/travis/build/icyphy/ptII/ptolemy/actor/lib/test/MathFunction.tcl (RunTclFile)" time="0.084" />
  <testcase classname="ptolemy.util.test.junit.TclTests" name="[17] /home/travis/build/icyphy/ptII/ptolemy/actor/lib/test/Maximum.tcl (RunTclFile)" time="0.045" />
  <testcase classname="ptolemy.util.test.junit.TclTests" name="[18] /home/travis/build/icyphy/ptII/ptolemy/actor/lib/test/Minimum.tcl (RunTclFile)" time="0.027" />
  <testcase classname="ptolemy.util.test.junit.TclTests" name="[19] /home/travis/build/icyphy/ptII/ptolemy/actor/lib/test/MultiplyDivide.tcl (RunTclFile)" time="0.061" />
  <testcase classname="ptolemy.util.test.junit.TclTests" name="[20] /home/travis/build/icyphy/ptII/ptolemy/actor/lib/test/OrderedMerge.tcl (RunTclFile)" time="0.1" />
  <testcase classname="ptolemy.util.test.junit.TclTests" name="[21] /home/travis/build/icyphy/ptII/ptolemy/actor/lib/test/Publisher.tcl (RunTclFile)" time="0.716" />
  <testcase classname="ptolemy.util.test.junit.TclTests" name="[22] /home/travis/build/icyphy/ptII/ptolemy/actor/lib/test/Pulse.tcl (RunTclFile)" time="0.055" />
  <testcase classname="ptolemy.util.test.junit.TclTests" name="[23] /home/travis/build/icyphy/ptII/ptolemy/actor/lib/test/Ramp.tcl (RunTclFile)" time="1.916" />
  <testcase classname="ptolemy.util.test.junit.TclTests" name="[24] /home/travis/build/icyphy/ptII/ptolemy/actor/lib/test/RampContinuous.tcl (RunTclFile)" time="0.018" />
  <testcase classname="ptolemy.util.test.junit.TclTests" name="[25] /home/travis/build/icyphy/ptII/ptolemy/actor/lib/test/RecordAssembler.tcl (RunTclFile)" time="0.019" />
  <testcase classname="ptolemy.util.test.junit.TclTests" name="[26] /home/travis/build/icyphy/ptII/ptolemy/actor/lib/test/RecordDisassembler.tcl (RunTclFile)" time="0.026" />
  <testcase classname="ptolemy.util.test.junit.TclTests" name="[27] /home/travis/build/icyphy/ptII/ptolemy/actor/lib/test/Scale.tcl (RunTclFile)" time="0.03" />
  <testcase classname="ptolemy.util.test.junit.TclTests" name="[28] /home/travis/build/icyphy/ptII/ptolemy/actor/lib/test/SequentialClock.tcl (RunTclFile)" time="0.022" />
  <testcase classname="ptolemy.util.test.junit.TclTests" name="[29] /home/travis/build/icyphy/ptII/ptolemy/actor/lib/test/SetVariable.tcl (RunTclFile)" time="0.017" />
  <testcase classname="ptolemy.util.test.junit.TclTests" name="[30] /home/travis/build/icyphy/ptII/ptolemy/actor/lib/test/Sinewave.tcl (RunTclFile)" time="0.053" />
  <testcase classname="ptolemy.util.test.junit.TclTests" name="[31] /home/travis/build/icyphy/ptII/ptolemy/actor/lib/test/SubscriptionAggregator.tcl (RunTclFile)" time="1.954" />
  <testcase classname="ptolemy.util.test.junit.TclTests" name="[32] /home/travis/build/icyphy/ptII/ptolemy/actor/lib/test/Test.tcl (RunTclFile)" time="0.108" />
  <testcase classname="ptolemy.util.test.junit.TclTests" name="[33] /home/travis/build/icyphy/ptII/ptolemy/actor/lib/test/TestExceptionHandler.tcl (RunTclFile)" time="0.012" />
  <testcase classname="ptolemy.util.test.junit.TclTests" name="[34] /home/travis/build/icyphy/ptII/ptolemy/actor/lib/test/UnionDisassembler.tcl (RunTclFile)" time="0.069" />
  <testcase classname="ptolemy.util.test.junit.TclTests" name="[35] /home/travis/build/icyphy/ptII/ptolemy/actor/lib/test/VariableClock.tcl (RunTclFile)" time="0.026" />
  <testcase classname="ptolemy.util.test.junit.AutoKnownFailedTests" name="[0] /home/travis/build/icyphy/ptII/ptolemy/actor/lib/test/auto/knownFailedTests/PublisherPortToplevelSubscriber.xml (RunModel)" time="0.016" />
  <testcase classname="ptolemy.util.test.junit.AutoKnownFailedTests" name="[1] /home/travis/build/icyphy/ptII/ptolemy/actor/lib/test/auto/knownFailedTests/PublisherSubscriberPortToplevel.xml (RunModel)" time="0.019" />
  <testcase classname="ptolemy.util.test.junit.AutoKnownFailedTests" name="[2] /home/travis/build/icyphy/ptII/ptolemy/actor/lib/test/auto/knownFailedTests/PublisherSubscriptionAggregatorPort.xml (RunModel)" time="0.024" />
  <testcase classname="ptolemy.util.test.junit.AutoKnownFailedTests" name="[3] /home/travis/build/icyphy/ptII/ptolemy/actor/lib/test/auto/knownFailedTests/sizedarray3.xml (RunModel)" time="0.034" />
  <testcase classname="ptolemy.util.test.junit.AutoNameArchTests" name="[0] ThereAreNoAutoArchTests (RunModel)" time="0.001" />
  <testcase classname="ptolemy.util.test.junit.AutoTests" name="[0] /home/travis/build/icyphy/ptII/ptolemy/actor/lib/test/auto/AbsoluteValue.xml (RunModel)" time="0.101" />
  <testcase classname="ptolemy.util.test.junit.AutoTests" name="[1] /home/travis/build/icyphy/ptII/ptolemy/actor/lib/test/auto/AbsoluteValue2.xml (RunModel)" time="0.08" />
  <testcase classname="ptolemy.util.test.junit.AutoTests" name="[2] /home/travis/build/icyphy/ptII/ptolemy/actor/lib/test/auto/Accumulator.xml (RunModel)" time="0.084" />
  <testcase classname="ptolemy.util.test.junit.AutoTests" name="[3] /home/travis/build/icyphy/ptII/ptolemy/actor/lib/test/auto/Accumulator2.xml (RunModel)" time="0.056" />
  <testcase classname="ptolemy.util.test.junit.AutoTests" name="[4] /home/travis/build/icyphy/ptII/ptolemy/actor/lib/test/auto/Accumulator3.xml (RunModel)" time="0.033" />
  <testcase classname="ptolemy.util.test.junit.AutoTests" name="[5] /home/travis/build/icyphy/ptII/ptolemy/actor/lib/test/auto/ArrayAppend.xml (RunModel)" time="0.029" />
  <testcase classname="ptolemy.util.test.junit.AutoTests" name="[6] /home/travis/build/icyphy/ptII/ptolemy/actor/lib/test/auto/ArrayAppend2.xml (RunModel)" time="0.809" />
  <testcase classname="ptolemy.util.test.junit.AutoTests" name="[7] /home/travis/build/icyphy/ptII/ptolemy/actor/lib/test/auto/ArrayAppend3.xml (RunModel)" time="0.036" />
  <testcase classname="ptolemy.util.test.junit.AutoTests" name="[8] /home/travis/build/icyphy/ptII/ptolemy/actor/lib/test/auto/ArrayAppend4.xml (RunModel)" time="0.046" />
  <testcase classname="ptolemy.util.test.junit.AutoTests" name="[9] /home/travis/build/icyphy/ptII/ptolemy/actor/lib/test/auto/ArrayAppend5.xml (RunModel)" time="0.028" />
  <testcase classname="ptolemy.util.test.junit.AutoTests" name="[10] /home/travis/build/icyphy/ptII/ptolemy/actor/lib/test/auto/ArrayAppend6.xml (RunModel)" time="0.031" />
  <testcase classname="ptolemy.util.test.junit.AutoTests" name="[11] /home/travis/build/icyphy/ptII/ptolemy/actor/lib/test/auto/ArrayAppendPerformanceTest.xml (RunModel)" time="0.062" />
  <testcase classname="ptolemy.util.test.junit.AutoTests" name="[12] /home/travis/build/icyphy/ptII/ptolemy/actor/lib/test/auto/ArrayAppendWithEmptyInput.xml (RunModel)" time="0.066" />
  <testcase classname="ptolemy.util.test.junit.AutoTests" name="[13] /home/travis/build/icyphy/ptII/ptolemy/actor/lib/test/auto/ArrayAverage.xml (RunModel)" time="0.05" />
  <testcase classname="ptolemy.util.test.junit.AutoTests" name="[14] /home/travis/build/icyphy/ptII/ptolemy/actor/lib/test/auto/ArrayContains.xml (RunModel)" time="0.022" />
  <testcase classname="ptolemy.util.test.junit.AutoTests" name="[15] /home/travis/build/icyphy/ptII/ptolemy/actor/lib/test/auto/ArrayElement.xml (RunModel)" time="0.039" />
  <testcase classname="ptolemy.util.test.junit.AutoTests" name="[16] /home/travis/build/icyphy/ptII/ptolemy/actor/lib/test/auto/ArrayElementAsMatrix.xml (RunModel)" time="0.087" />
  <testcase classname="ptolemy.util.test.junit.AutoTests" name="[17] /home/travis/build/icyphy/ptII/ptolemy/actor/lib/test/auto/ArrayElementI.xml (RunModel)" time="0.019" />
  <testcase classname="ptolemy.util.test.junit.AutoTests" name="[18] /home/travis/build/icyphy/ptII/ptolemy/actor/lib/test/auto/ArrayExtract.xml (RunModel)" time="0.054" />
  <testcase classname="ptolemy.util.test.junit.AutoTests" name="[19] /home/travis/build/icyphy/ptII/ptolemy/actor/lib/test/auto/ArrayExtract2.xml (RunModel)" time="0.022" />
  <testcase classname="ptolemy.util.test.junit.AutoTests" name="[20] /home/travis/build/icyphy/ptII/ptolemy/actor/lib/test/auto/ArrayLength.xml (RunModel)" time="0.021" />
  <testcase classname="ptolemy.util.test.junit.AutoTests" name="[21] /home/travis/build/icyphy/ptII/ptolemy/actor/lib/test/auto/ArrayLevelCrossing.xml (RunModel)" time="0.032" />
  <testcase classname="ptolemy.util.test.junit.AutoTests" name="[22] /home/travis/build/icyphy/ptII/ptolemy/actor/lib/test/auto/ArrayLevelCrossing2.xml (RunModel)" time="0.033" />
  <testcase classname="ptolemy.util.test.junit.AutoTests" name="[23] /home/travis/build/icyphy/ptII/ptolemy/actor/lib/test/auto/ArrayPeakSearch.xml (RunModel)" time="0.049" />
  <testcase classname="ptolemy.util.test.junit.AutoTests" name="[24] /home/travis/build/icyphy/ptII/ptolemy/actor/lib/test/auto/ArrayPeakSearch2.xml (RunModel)" time="0.04" />
  <testcase classname="ptolemy.util.test.junit.AutoTests" name="[25] /home/travis/build/icyphy/ptII/ptolemy/actor/lib/test/auto/ArrayPeakSearch3.xml (RunModel)" time="0.042" />
  <testcase classname="ptolemy.util.test.junit.AutoTests" name="[26] /home/travis/build/icyphy/ptII/ptolemy/actor/lib/test/auto/ArrayRemoveElement.xml (RunModel)" time="0.035" />
  <testcase classname="ptolemy.util.test.junit.AutoTests" name="[27] /home/travis/build/icyphy/ptII/ptolemy/actor/lib/test/auto/ArraySort.xml (RunModel)" time="0.046" />
  <testcase classname="ptolemy.util.test.junit.AutoTests" name="[28] /home/travis/build/icyphy/ptII/ptolemy/actor/lib/test/auto/ArraySum.xml (RunModel)" time="0.022" />
  <testcase classname="ptolemy.util.test.junit.AutoTests" name="[29] /home/travis/build/icyphy/ptII/ptolemy/actor/lib/test/auto/ArrayToElements.xml (RunModel)" time="0.024" />
  <testcase classname="ptolemy.util.test.junit.AutoTests" name="[30] /home/travis/build/icyphy/ptII/ptolemy/actor/lib/test/auto/ArrayToMatrix.xml (RunModel)" time="0.054" />
  <testcase classname="ptolemy.util.test.junit.AutoTests" name="[31] /home/travis/build/icyphy/ptII/ptolemy/actor/lib/test/auto/ArrayUpdate1.xml (RunModel)" time="0.014" />
  <testcase classname="ptolemy.util.test.junit.AutoTests" name="[32] /home/travis/build/icyphy/ptII/ptolemy/actor/lib/test/auto/ArrayUpdate2.xml (RunModel)" time="0.036" />
  <testcase classname="ptolemy.util.test.junit.AutoTests" name="[33] /home/travis/build/icyphy/ptII/ptolemy/actor/lib/test/auto/ArrayUpdate3.xml (RunModel)" time="0.029" />
  <testcase classname="ptolemy.util.test.junit.AutoTests" name="[34] /home/travis/build/icyphy/ptII/ptolemy/actor/lib/test/auto/Assert1.xml (RunModel)" time="0.029" />
  <testcase classname="ptolemy.util.test.junit.AutoTests" name="[35] /home/travis/build/icyphy/ptII/ptolemy/actor/lib/test/auto/Assert2.xml (RunModel)" time="0.017" />
  <testcase classname="ptolemy.util.test.junit.AutoTests" name="[36] /home/travis/build/icyphy/ptII/ptolemy/actor/lib/test/auto/BooleanMultiplexor.xml (RunModel)" time="0.019" />
  <testcase classname="ptolemy.util.test.junit.AutoTests" name="[37] /home/travis/build/icyphy/ptII/ptolemy/actor/lib/test/auto/BooleanMultiplexor2.xml (RunModel)" time="0.03" />
  <testcase classname="ptolemy.util.test.junit.AutoTests" name="[38] /home/travis/build/icyphy/ptII/ptolemy/actor/lib/test/auto/BooleanMultiplexor3.xml (RunModel)" time="0.023" />
  <testcase classname="ptolemy.util.test.junit.AutoTests" name="[39] /home/travis/build/icyphy/ptII/ptolemy/actor/lib/test/auto/BooleanSelect.xml (RunModel)" time="0.018" />
  <testcase classname="ptolemy.util.test.junit.AutoTests" name="[40] /home/travis/build/icyphy/ptII/ptolemy/actor/lib/test/auto/BooleanSelect2.xml (RunModel)" time="0.015" />
  <testcase classname="ptolemy.util.test.junit.AutoTests" name="[41] /home/travis/build/icyphy/ptII/ptolemy/actor/lib/test/auto/BooleanSwitch.xml (RunModel)" time="0.016" />
  <testcase classname="ptolemy.util.test.junit.AutoTests" name="[42] /home/travis/build/icyphy/ptII/ptolemy/actor/lib/test/auto/BooleanSwitch2.xml (RunModel)" time="0.013" />
  <testcase classname="ptolemy.util.test.junit.AutoTests" name="[43] /home/travis/build/icyphy/ptII/ptolemy/actor/lib/test/auto/BooleanSwitchCloningBugWithClassRelationGroup.xml (RunModel)" time="0.023" />
  <testcase classname="ptolemy.util.test.junit.AutoTests" name="[44] /home/travis/build/icyphy/ptII/ptolemy/actor/lib/test/auto/BusActors.xml (RunModel)" time="0.084" />
  <testcase classname="ptolemy.util.test.junit.AutoTests" name="[45] /home/travis/build/icyphy/ptII/ptolemy/actor/lib/test/auto/ClassWrapper.xml (RunModel)" time="0.01" />
  <testcase classname="ptolemy.util.test.junit.AutoTests" name="[46] /home/travis/build/icyphy/ptII/ptolemy/actor/lib/test/auto/Clock.xml (RunModel)" time="0.014" />
  <testcase classname="ptolemy.util.test.junit.AutoTests" name="[47] /home/travis/build/icyphy/ptII/ptolemy/actor/lib/test/auto/Clock10.xml (RunModel)" time="0.02" />
  <testcase classname="ptolemy.util.test.junit.AutoTests" name="[48] /home/travis/build/icyphy/ptII/ptolemy/actor/lib/test/auto/Clock11.xml (RunModel)" time="0.023" />
  <testcase classname="ptolemy.util.test.junit.AutoTests" name="[49] /home/travis/build/icyphy/ptII/ptolemy/actor/lib/test/auto/Clock12.xml (RunModel)" time="0.031" />
  <testcase classname="ptolemy.util.test.junit.AutoTests" name="[50] /home/travis/build/icyphy/ptII/ptolemy/actor/lib/test/auto/Clock13.xml (RunModel)" time="0.023" />
  <testcase classname="ptolemy.util.test.junit.AutoTests" name="[51] /home/travis/build/icyphy/ptII/ptolemy/actor/lib/test/auto/Clock14.xml (RunModel)" time="0.021" />
  <testcase classname="ptolemy.util.test.junit.AutoTests" name="[52] /home/travis/build/icyphy/ptII/ptolemy/actor/lib/test/auto/Clock15.xml (RunModel)" time="0.016" />
  <testcase classname="ptolemy.util.test.junit.AutoTests" name="[53] /home/travis/build/icyphy/ptII/ptolemy/actor/lib/test/auto/Clock16.xml (RunModel)" time="0.091" />
  <testcase classname="ptolemy.util.test.junit.AutoTests" name="[54] /home/travis/build/icyphy/ptII/ptolemy/actor/lib/test/auto/Clock17.xml (RunModel)" time="0.08" />
  <testcase classname="ptolemy.util.test.junit.AutoTests" name="[55] /home/travis/build/icyphy/ptII/ptolemy/actor/lib/test/auto/Clock18.xml (RunModel)" time="0.055" />
  <testcase classname="ptolemy.util.test.junit.AutoTests" name="[56] /home/travis/build/icyphy/ptII/ptolemy/actor/lib/test/auto/Clock19.xml (RunModel)" time="0.036" />
  <testcase classname="ptolemy.util.test.junit.AutoTests" name="[57] /home/travis/build/icyphy/ptII/ptolemy/actor/lib/test/auto/Clock2.xml (RunModel)" time="0.015" />
  <testcase classname="ptolemy.util.test.junit.AutoTests" name="[58] /home/travis/build/icyphy/ptII/ptolemy/actor/lib/test/auto/Clock20.xml (RunModel)" time="0.024" />
  <testcase classname="ptolemy.util.test.junit.AutoTests" name="[59] /home/travis/build/icyphy/ptII/ptolemy/actor/lib/test/auto/Clock21.xml (RunModel)" time="0.019" />
  <testcase classname="ptolemy.util.test.junit.AutoTests" name="[60] /home/travis/build/icyphy/ptII/ptolemy/actor/lib/test/auto/Clock22.xml (RunModel)" time="0.018" />
  <testcase classname="ptolemy.util.test.junit.AutoTests" name="[61] /home/travis/build/icyphy/ptII/ptolemy/actor/lib/test/auto/Clock23.xml (RunModel)" time="0.026" />
  <testcase classname="ptolemy.util.test.junit.AutoTests" name="[62] /home/travis/build/icyphy/ptII/ptolemy/actor/lib/test/auto/Clock24.xml (RunModel)" time="0.019" />
  <testcase classname="ptolemy.util.test.junit.AutoTests" name="[63] /home/travis/build/icyphy/ptII/ptolemy/actor/lib/test/auto/Clock4.xml (RunModel)" time="0.018" />
  <testcase classname="ptolemy.util.test.junit.AutoTests" name="[64] /home/travis/build/icyphy/ptII/ptolemy/actor/lib/test/auto/Clock5.xml (RunModel)" time="0.023" />
  <testcase classname="ptolemy.util.test.junit.AutoTests" name="[65] /home/travis/build/icyphy/ptII/ptolemy/actor/lib/test/auto/Clock6.xml (RunModel)" time="0.01" />
  <testcase classname="ptolemy.util.test.junit.AutoTests" name="[66] /home/travis/build/icyphy/ptII/ptolemy/actor/lib/test/auto/Clock7.xml (RunModel)" time="0.01" />
  <testcase classname="ptolemy.util.test.junit.AutoTests" name="[67] /home/travis/build/icyphy/ptII/ptolemy/actor/lib/test/auto/Clock8.xml (RunModel)" time="0.023" />
  <testcase classname="ptolemy.util.test.junit.AutoTests" name="[68] /home/travis/build/icyphy/ptII/ptolemy/actor/lib/test/auto/Clock9.xml (RunModel)" time="0.015" />
  <testcase classname="ptolemy.util.test.junit.AutoTests" name="[69] /home/travis/build/icyphy/ptII/ptolemy/actor/lib/test/auto/CommDistDiscard.xml (RunModel)" time="0.018" />
  <testcase classname="ptolemy.util.test.junit.AutoTests" name="[70] /home/travis/build/icyphy/ptII/ptolemy/actor/lib/test/auto/Commutator.xml (RunModel)" time="0.013" />
  <testcase classname="ptolemy.util.test.junit.AutoTests" name="[71] /home/travis/build/icyphy/ptII/ptolemy/actor/lib/test/auto/Commutator2.xml (RunModel)" time="0.011" />
  <testcase classname="ptolemy.util.test.junit.AutoTests" name="[72] /home/travis/build/icyphy/ptII/ptolemy/actor/lib/test/auto/Commutator3.xml (RunModel)" time="0.013" />
  <testcase classname="ptolemy.util.test.junit.AutoTests" name="[73] /home/travis/build/icyphy/ptII/ptolemy/actor/lib/test/auto/Compare.xml (RunModel)" time="0.021" />
  <testcase classname="ptolemy.util.test.junit.AutoTests" name="[74] /home/travis/build/icyphy/ptII/ptolemy/actor/lib/test/auto/CompareDE.xml (RunModel)" time="0.02" />
  <testcase classname="ptolemy.util.test.junit.AutoTests" name="[75] /home/travis/build/icyphy/ptII/ptolemy/actor/lib/test/auto/ComplexDivide.xml (RunModel)" time="0.014" />
  <testcase classname="ptolemy.util.test.junit.AutoTests" name="[76] /home/travis/build/icyphy/ptII/ptolemy/actor/lib/test/auto/ComputeHistogram.xml (RunModel)" time="0.059" />
  <testcase classname="ptolemy.util.test.junit.AutoTests" name="[77] /home/travis/build/icyphy/ptII/ptolemy/actor/lib/test/auto/ConfigurationSelect.xml (RunModel)" time="0.016" />
  <testcase classname="ptolemy.util.test.junit.AutoTests" name="[78] /home/travis/build/icyphy/ptII/ptolemy/actor/lib/test/auto/ConfigurationSelect2.xml (RunModel)" time="0.013" />
  <testcase classname="ptolemy.util.test.junit.AutoTests" name="[79] /home/travis/build/icyphy/ptII/ptolemy/actor/lib/test/auto/ConfigurationSwitch.xml (RunModel)" time="0.028" />
  <testcase classname="ptolemy.util.test.junit.AutoTests" name="[80] /home/travis/build/icyphy/ptII/ptolemy/actor/lib/test/auto/ConfigurationSwitch2.xml (RunModel)" time="0.014" />
  <testcase classname="ptolemy.util.test.junit.AutoTests" name="[81] /home/travis/build/icyphy/ptII/ptolemy/actor/lib/test/auto/ConfigurationSwitchCloningBugWithClassRelationGroup.xml (RunModel)" time="0.022" />
  <testcase classname="ptolemy.util.test.junit.AutoTests" name="[82] /home/travis/build/icyphy/ptII/ptolemy/actor/lib/test/auto/ConfigurationSwitchSelectSDF.xml (RunModel)" time="0.015" />
  <testcase classname="ptolemy.util.test.junit.AutoTests" name="[83] /home/travis/build/icyphy/ptII/ptolemy/actor/lib/test/auto/ConfigurationSwitchSelectSDF2.xml (RunModel)" time="0.013" />
  <testcase classname="ptolemy.util.test.junit.AutoTests" name="[84] /home/travis/build/icyphy/ptII/ptolemy/actor/lib/test/auto/Const.xml (RunModel)" time="0.007" />
  <testcase classname="ptolemy.util.test.junit.AutoTests" name="[85] /home/travis/build/icyphy/ptII/ptolemy/actor/lib/test/auto/Const2.xml (RunModel)" time="0.009" />
  <testcase classname="ptolemy.util.test.junit.AutoTests" name="[86] /home/travis/build/icyphy/ptII/ptolemy/actor/lib/test/auto/Const3.xml (RunModel)" time="0.006" />
  <testcase classname="ptolemy.util.test.junit.AutoTests" name="[87] /home/travis/build/icyphy/ptII/ptolemy/actor/lib/test/auto/ConstantPublisherPort1.xml (RunModel)" time="0.021" />
  <testcase classname="ptolemy.util.test.junit.AutoTests" name="[88] /home/travis/build/icyphy/ptII/ptolemy/actor/lib/test/auto/ConstantPublisherPort2.xml (RunModel)" time="0.017" />
  <testcase classname="ptolemy.util.test.junit.AutoTests" name="[89] /home/travis/build/icyphy/ptII/ptolemy/actor/lib/test/auto/ConstantPublisherPort3.xml (RunModel)" time="0.02" />
  <testcase classname="ptolemy.util.test.junit.AutoTests" name="[90] /home/travis/build/icyphy/ptII/ptolemy/actor/lib/test/auto/ConstantPublisherPort4.xml (RunModel)" time="0.018" />
  <testcase classname="ptolemy.util.test.junit.AutoTests" name="[91] /home/travis/build/icyphy/ptII/ptolemy/actor/lib/test/auto/ConstantPublisherPort5.xml (RunModel)" time="0.036" />
  <testcase classname="ptolemy.util.test.junit.AutoTests" name="[92] /home/travis/build/icyphy/ptII/ptolemy/actor/lib/test/auto/ConstantPublisherPort6.xml (RunModel)" time="0.03" />
  <testcase classname="ptolemy.util.test.junit.AutoTests" name="[93] /home/travis/build/icyphy/ptII/ptolemy/actor/lib/test/auto/ConstantPublisherPort7.xml (RunModel)" time="0.034" />
  <testcase classname="ptolemy.util.test.junit.AutoTests" name="[94] /home/travis/build/icyphy/ptII/ptolemy/actor/lib/test/auto/ConstraintMonitor1.xml (RunModel)" time="0.037" />
  <testcase classname="ptolemy.util.test.junit.AutoTests" name="[95] /home/travis/build/icyphy/ptII/ptolemy/actor/lib/test/auto/ConstraintMonitor2.xml (RunModel)" time="0.012" />
  <testcase classname="ptolemy.util.test.junit.AutoTests" name="[96] /home/travis/build/icyphy/ptII/ptolemy/actor/lib/test/auto/ConstraintMonitor3.xml (RunModel)" time="0.022" />
  <testcase classname="ptolemy.util.test.junit.AutoTests" name="[97] /home/travis/build/icyphy/ptII/ptolemy/actor/lib/test/auto/ConstraintMonitor4.xml (RunModel)" time="0.023" />
  <testcase classname="ptolemy.util.test.junit.AutoTests" name="[98] /home/travis/build/icyphy/ptII/ptolemy/actor/lib/test/auto/ConstraintMonitor5.xml (RunModel)" time="0.019" />
  <testcase classname="ptolemy.util.test.junit.AutoTests" name="[99] /home/travis/build/icyphy/ptII/ptolemy/actor/lib/test/auto/ConstraintMonitor6.xml (RunModel)" time="0.017" />
  <testcase classname="ptolemy.util.test.junit.AutoTests" name="[100] /home/travis/build/icyphy/ptII/ptolemy/actor/lib/test/auto/ConstraintMonitor7.xml (RunModel)" time="0.025" />
  <testcase classname="ptolemy.util.test.junit.AutoTests" name="[101] /home/travis/build/icyphy/ptII/ptolemy/actor/lib/test/auto/ConstraintMonitor8.xml (RunModel)" time="0.025" />
  <testcase classname="ptolemy.util.test.junit.AutoTests" name="[102] /home/travis/build/icyphy/ptII/ptolemy/actor/lib/test/auto/Counter.xml (RunModel)" time="0.015" />
  <testcase classname="ptolemy.util.test.junit.AutoTests" name="[103] /home/travis/build/icyphy/ptII/ptolemy/actor/lib/test/auto/CurrentTimeSDF.xml (RunModel)" time="0.014" />
  <testcase classname="ptolemy.util.test.junit.AutoTests" name="[104] /home/travis/build/icyphy/ptII/ptolemy/actor/lib/test/auto/DB.xml (RunModel)" time="0.017" />
  <testcase classname="ptolemy.util.test.junit.AutoTests" name="[105] /home/travis/build/icyphy/ptII/ptolemy/actor/lib/test/auto/DBDE.xml (RunModel)" time="0.017" />
  <testcase classname="ptolemy.util.test.junit.AutoTests" name="[106] /home/travis/build/icyphy/ptII/ptolemy/actor/lib/test/auto/DateConstructor.xml (RunModel)" time="0.073" />
  <testcase classname="ptolemy.util.test.junit.AutoTests" name="[107] /home/travis/build/icyphy/ptII/ptolemy/actor/lib/test/auto/DelayTime.xml (RunModel)" time="0.058" />
  <testcase classname="ptolemy.util.test.junit.AutoTests" name="[108] /home/travis/build/icyphy/ptII/ptolemy/actor/lib/test/auto/Dictionary1.xml (RunModel)" time="0.021" />
  <testcase classname="ptolemy.util.test.junit.AutoTests" name="[109] /home/travis/build/icyphy/ptII/ptolemy/actor/lib/test/auto/Dictionary2.xml (RunModel)" time="0.018" />
  <testcase classname="ptolemy.util.test.junit.AutoTests" name="[110] /home/travis/build/icyphy/ptII/ptolemy/actor/lib/test/auto/Dictionary3.xml (RunModel)" time="0.015" />
  <testcase classname="ptolemy.util.test.junit.AutoTests" name="[111] /home/travis/build/icyphy/ptII/ptolemy/actor/lib/test/auto/Dictionary4.xml (RunModel)" time="0.021" />
  <testcase classname="ptolemy.util.test.junit.AutoTests" name="[112] /home/travis/build/icyphy/ptII/ptolemy/actor/lib/test/auto/Differential.xml (RunModel)" time="0.015" />
  <testcase classname="ptolemy.util.test.junit.AutoTests" name="[113] /home/travis/build/icyphy/ptII/ptolemy/actor/lib/test/auto/Director.xml (RunModel)" time="0.012" />
  <testcase classname="ptolemy.util.test.junit.AutoTests" name="[114] /home/travis/build/icyphy/ptII/ptolemy/actor/lib/test/auto/DiscreteClock.xml (RunModel)" time="0.013" />
  <testcase classname="ptolemy.util.test.junit.AutoTests" name="[115] /home/travis/build/icyphy/ptII/ptolemy/actor/lib/test/auto/DiscreteClock10.xml (RunModel)" time="0.016" />
  <testcase classname="ptolemy.util.test.junit.AutoTests" name="[116] /home/travis/build/icyphy/ptII/ptolemy/actor/lib/test/auto/DiscreteClock11.xml (RunModel)" time="0.018" />
  <testcase classname="ptolemy.util.test.junit.AutoTests" name="[117] /home/travis/build/icyphy/ptII/ptolemy/actor/lib/test/auto/DiscreteClock12.xml (RunModel)" time="0.015" />
  <testcase classname="ptolemy.util.test.junit.AutoTests" name="[118] /home/travis/build/icyphy/ptII/ptolemy/actor/lib/test/auto/DiscreteClock13.xml (RunModel)" time="0.018" />
  <testcase classname="ptolemy.util.test.junit.AutoTests" name="[119] /home/travis/build/icyphy/ptII/ptolemy/actor/lib/test/auto/DiscreteClock14.xml (RunModel)" time="0.017" />
  <testcase classname="ptolemy.util.test.junit.AutoTests" name="[120] /home/travis/build/icyphy/ptII/ptolemy/actor/lib/test/auto/DiscreteClock15.xml (RunModel)" time="0.017" />
  <testcase classname="ptolemy.util.test.junit.AutoTests" name="[121] /home/travis/build/icyphy/ptII/ptolemy/actor/lib/test/auto/DiscreteClock16.xml (RunModel)" time="0.048" />
  <testcase classname="ptolemy.util.test.junit.AutoTests" name="[122] /home/travis/build/icyphy/ptII/ptolemy/actor/lib/test/auto/DiscreteClock17.xml (RunModel)" time="0.047" />
  <testcase classname="ptolemy.util.test.junit.AutoTests" name="[123] /home/travis/build/icyphy/ptII/ptolemy/actor/lib/test/auto/DiscreteClock18.xml (RunModel)" time="0.663" />
  <testcase classname="ptolemy.util.test.junit.AutoTests" name="[124] /home/travis/build/icyphy/ptII/ptolemy/actor/lib/test/auto/DiscreteClock19.xml (RunModel)" time="0.035" />
  <testcase classname="ptolemy.util.test.junit.AutoTests" name="[125] /home/travis/build/icyphy/ptII/ptolemy/actor/lib/test/auto/DiscreteClock2.xml (RunModel)" time="0.011" />
  <testcase classname="ptolemy.util.test.junit.AutoTests" name="[126] /home/travis/build/icyphy/ptII/ptolemy/actor/lib/test/auto/DiscreteClock20.xml (RunModel)" time="0.022" />
  <testcase classname="ptolemy.util.test.junit.AutoTests" name="[127] /home/travis/build/icyphy/ptII/ptolemy/actor/lib/test/auto/DiscreteClock21.xml (RunModel)" time="0.018" />
  <testcase classname="ptolemy.util.test.junit.AutoTests" name="[128] /home/travis/build/icyphy/ptII/ptolemy/actor/lib/test/auto/DiscreteClock22.xml (RunModel)" time="0.011" />
  <testcase classname="ptolemy.util.test.junit.AutoTests" name="[129] /home/travis/build/icyphy/ptII/ptolemy/actor/lib/test/auto/DiscreteClock23.xml (RunModel)" time="0.015" />
  <testcase classname="ptolemy.util.test.junit.AutoTests" name="[130] /home/travis/build/icyphy/ptII/ptolemy/actor/lib/test/auto/DiscreteClock24.xml (RunModel)" time="0.014" />
  <testcase classname="ptolemy.util.test.junit.AutoTests" name="[131] /home/travis/build/icyphy/ptII/ptolemy/actor/lib/test/auto/DiscreteClock4.xml (RunModel)" time="0.01" />
  <testcase classname="ptolemy.util.test.junit.AutoTests" name="[132] /home/travis/build/icyphy/ptII/ptolemy/actor/lib/test/auto/DiscreteClock5.xml (RunModel)" time="0.011" />
  <testcase classname="ptolemy.util.test.junit.AutoTests" name="[133] /home/travis/build/icyphy/ptII/ptolemy/actor/lib/test/auto/DiscreteClock6.xml (RunModel)" time="0.012" />
  <testcase classname="ptolemy.util.test.junit.AutoTests" name="[134] /home/travis/build/icyphy/ptII/ptolemy/actor/lib/test/auto/DiscreteClock7.xml (RunModel)" time="0.008" />
  <testcase classname="ptolemy.util.test.junit.AutoTests" name="[135] /home/travis/build/icyphy/ptII/ptolemy/actor/lib/test/auto/DiscreteClock8.xml (RunModel)" time="0.015" />
  <testcase classname="ptolemy.util.test.junit.AutoTests" name="[136] /home/travis/build/icyphy/ptII/ptolemy/actor/lib/test/auto/DiscreteClock9.xml (RunModel)" time="0.015" />
  <testcase classname="ptolemy.util.test.junit.AutoTests" name="[137] /home/travis/build/icyphy/ptII/ptolemy/actor/lib/test/auto/DisplayArray.xml (RunModel)" time="0.008" />
  <testcase classname="ptolemy.util.test.junit.AutoTests" name="[138] /home/travis/build/icyphy/ptII/ptolemy/actor/lib/test/auto/Distributor.xml (RunModel)" time="0.009" />
  <testcase classname="ptolemy.util.test.junit.AutoTests" name="[139] /home/travis/build/icyphy/ptII/ptolemy/actor/lib/test/auto/Distributor2.xml (RunModel)" time="0.011" />
  <testcase classname="ptolemy.util.test.junit.AutoTests" name="[140] /home/travis/build/icyphy/ptII/ptolemy/actor/lib/test/auto/DownSample.xml (RunModel)" time="0.01" />
  <testcase classname="ptolemy.util.test.junit.AutoTests" name="[141] /home/travis/build/icyphy/ptII/ptolemy/actor/lib/test/auto/ElectronicUnitBase1.xml (RunModel)" time="0.067" />
  <testcase classname="ptolemy.util.test.junit.AutoTests" name="[142] /home/travis/build/icyphy/ptII/ptolemy/actor/lib/test/auto/ElementsToArray.xml (RunModel)" time="0.012" />
  <testcase classname="ptolemy.util.test.junit.AutoTests" name="[143] /home/travis/build/icyphy/ptII/ptolemy/actor/lib/test/auto/Equals.xml (RunModel)" time="0.015" />
  <testcase classname="ptolemy.util.test.junit.AutoTests" name="[144] /home/travis/build/icyphy/ptII/ptolemy/actor/lib/test/auto/Exec.xml (RunModel)" time="0.02" />
  <testcase classname="ptolemy.util.test.junit.AutoTests" name="[145] /home/travis/build/icyphy/ptII/ptolemy/actor/lib/test/auto/ExecEnvironment.xml (RunModel)" time="0.031" />
  <testcase classname="ptolemy.util.test.junit.AutoTests" name="[146] /home/travis/build/icyphy/ptII/ptolemy/actor/lib/test/auto/ExecNonZeroReturnOutput.xml (RunModel)" time="0.144" />
  <testcase classname="ptolemy.util.test.junit.AutoTests" name="[147] /home/travis/build/icyphy/ptII/ptolemy/actor/lib/test/auto/ExecRunDemos.xml (RunModel)" time="9.705" />
  <testcase classname="ptolemy.util.test.junit.AutoTests" name="[148] /home/travis/build/icyphy/ptII/ptolemy/actor/lib/test/auto/ExecStop.xml (RunModel)" time="5.029" />
  <testcase classname="ptolemy.util.test.junit.AutoTests" name="[149] /home/travis/build/icyphy/ptII/ptolemy/actor/lib/test/auto/ExecutionTimeSDF.xml (RunModel)" time="6.036" />
  <testcase classname="ptolemy.util.test.junit.AutoTests" name="[150] /home/travis/build/icyphy/ptII/ptolemy/actor/lib/test/auto/Expression1.xml (RunModel)" time="0.011" />
  <testcase classname="ptolemy.util.test.junit.AutoTests" name="[151] /home/travis/build/icyphy/ptII/ptolemy/actor/lib/test/auto/Expression10.xml (RunModel)" time="0.019" />
  <testcase classname="ptolemy.util.test.junit.AutoTests" name="[152] /home/travis/build/icyphy/ptII/ptolemy/actor/lib/test/auto/Expression11.xml (RunModel)" time="0.015" />
  <testcase classname="ptolemy.util.test.junit.AutoTests" name="[153] /home/travis/build/icyphy/ptII/ptolemy/actor/lib/test/auto/Expression12.xml (RunModel)" time="0.016" />
  <testcase classname="ptolemy.util.test.junit.AutoTests" name="[154] /home/travis/build/icyphy/ptII/ptolemy/actor/lib/test/auto/Expression13.xml (RunModel)" time="0.018" />
  <testcase classname="ptolemy.util.test.junit.AutoTests" name="[155] /home/travis/build/icyphy/ptII/ptolemy/actor/lib/test/auto/Expression14.xml (RunModel)" time="0.023" />
  <testcase classname="ptolemy.util.test.junit.AutoTests" name="[156] /home/travis/build/icyphy/ptII/ptolemy/actor/lib/test/auto/Expression15.xml (RunModel)" time="0.012" />
  <testcase classname="ptolemy.util.test.junit.AutoTests" name="[157] /home/travis/build/icyphy/ptII/ptolemy/actor/lib/test/auto/Expression16.xml (RunModel)" time="0.017" />
  <testcase classname="ptolemy.util.test.junit.AutoTests" name="[158] /home/travis/build/icyphy/ptII/ptolemy/actor/lib/test/auto/Expression17.xml (RunModel)" time="0.017" />
  <testcase classname="ptolemy.util.test.junit.AutoTests" name="[159] /home/travis/build/icyphy/ptII/ptolemy/actor/lib/test/auto/Expression18.xml (RunModel)" time="0.022" />
  <testcase classname="ptolemy.util.test.junit.AutoTests" name="[160] /home/travis/build/icyphy/ptII/ptolemy/actor/lib/test/auto/Expression2.xml (RunModel)" time="0.012" />
  <testcase classname="ptolemy.util.test.junit.AutoTests" name="[161] /home/travis/build/icyphy/ptII/ptolemy/actor/lib/test/auto/Expression3.xml (RunModel)" time="0.016" />
  <testcase classname="ptolemy.util.test.junit.AutoTests" name="[162] /home/travis/build/icyphy/ptII/ptolemy/actor/lib/test/auto/Expression4.xml (RunModel)" time="0.022" />
  <testcase classname="ptolemy.util.test.junit.AutoTests" name="[163] /home/travis/build/icyphy/ptII/ptolemy/actor/lib/test/auto/Expression5.xml (RunModel)" time="0.017" />
  <testcase classname="ptolemy.util.test.junit.AutoTests" name="[164] /home/travis/build/icyphy/ptII/ptolemy/actor/lib/test/auto/Expression6.xml (RunModel)" time="0.012" />
  <testcase classname="ptolemy.util.test.junit.AutoTests" name="[165] /home/travis/build/icyphy/ptII/ptolemy/actor/lib/test/auto/Expression7.xml (RunModel)" time="0.016" />
  <testcase classname="ptolemy.util.test.junit.AutoTests" name="[166] /home/travis/build/icyphy/ptII/ptolemy/actor/lib/test/auto/Expression8.xml (RunModel)" time="0.018" />
  <testcase classname="ptolemy.util.test.junit.AutoTests" name="[167] /home/travis/build/icyphy/ptII/ptolemy/actor/lib/test/auto/Expression9.xml (RunModel)" time="0.012" />
  <testcase classname="ptolemy.util.test.junit.AutoTests" name="[168] /home/travis/build/icyphy/ptII/ptolemy/actor/lib/test/auto/ExpressionConcatenateArrayType.xml (RunModel)" time="0.027" />
  <testcase classname="ptolemy.util.test.junit.AutoTests" name="[169] /home/travis/build/icyphy/ptII/ptolemy/actor/lib/test/auto/ExpressionConcatenateArrayType2.xml (RunModel)" time="0.024" />
  <testcase classname="ptolemy.util.test.junit.AutoTests" name="[170] /home/travis/build/icyphy/ptII/ptolemy/actor/lib/test/auto/ExpressionFix.xml (RunModel)" time="0.046" />
  <testcase classname="ptolemy.util.test.junit.AutoTests" name="[171] /home/travis/build/icyphy/ptII/ptolemy/actor/lib/test/auto/ExpressionFix2.xml (RunModel)" time="0.021" />
  <testcase classname="ptolemy.util.test.junit.AutoTests" name="[172] /home/travis/build/icyphy/ptII/ptolemy/actor/lib/test/auto/ExpressionFix3.xml (RunModel)" time="0.015" />
  <testcase classname="ptolemy.util.test.junit.AutoTests" name="[173] /home/travis/build/icyphy/ptII/ptolemy/actor/lib/test/auto/FileWriter1.xml (RunModel)" time="0.01" />
  <testcase classname="ptolemy.util.test.junit.AutoTests" name="[174] /home/travis/build/icyphy/ptII/ptolemy/actor/lib/test/auto/FileWriter2.xml (RunModel)" time="0.018" />
  <testcase classname="ptolemy.util.test.junit.AutoTests" name="[175] /home/travis/build/icyphy/ptII/ptolemy/actor/lib/test/auto/FileWriter3.xml (RunModel)" time="0.017" />
  <testcase classname="ptolemy.util.test.junit.AutoTests" name="[176] /home/travis/build/icyphy/ptII/ptolemy/actor/lib/test/auto/Gaussian.xml (RunModel)" time="0.013" />
  <testcase classname="ptolemy.util.test.junit.AutoTests" name="[177] /home/travis/build/icyphy/ptII/ptolemy/actor/lib/test/auto/Gaussian1.xml (RunModel)" time="0.018" />
  <testcase classname="ptolemy.util.test.junit.AutoTests" name="[178] /home/travis/build/icyphy/ptII/ptolemy/actor/lib/test/auto/Gaussian2.xml (RunModel)" time="0.017" />
  <testcase classname="ptolemy.util.test.junit.AutoTests" name="[179] /home/travis/build/icyphy/ptII/ptolemy/actor/lib/test/auto/GradientAdaptiveLattice.xml (RunModel)" time="0.022" />
  <testcase classname="ptolemy.util.test.junit.AutoTests" name="[180] /home/travis/build/icyphy/ptII/ptolemy/actor/lib/test/auto/IIR.xml (RunModel)" time="0.012" />
  <testcase classname="ptolemy.util.test.junit.AutoTests" name="[181] /home/travis/build/icyphy/ptII/ptolemy/actor/lib/test/auto/InputOutputTransparentPorts.xml (RunModel)" time="0.019" />
  <testcase classname="ptolemy.util.test.junit.AutoTests" name="[182] /home/travis/build/icyphy/ptII/ptolemy/actor/lib/test/auto/Interpolator.xml (RunModel)" time="0.011" />
  <testcase classname="ptolemy.util.test.junit.AutoTests" name="[183] /home/travis/build/icyphy/ptII/ptolemy/actor/lib/test/auto/InterpolatorFiringLimitDE.xml (RunModel)" time="0.012" />
  <testcase classname="ptolemy.util.test.junit.AutoTests" name="[184] /home/travis/build/icyphy/ptII/ptolemy/actor/lib/test/auto/Lattice.xml (RunModel)" time="0.009" />
  <testcase classname="ptolemy.util.test.junit.AutoTests" name="[185] /home/travis/build/icyphy/ptII/ptolemy/actor/lib/test/auto/LazyAOCTestLazy.xml (RunModel)" time="0.02" />
  <testcase classname="ptolemy.util.test.junit.AutoTests" name="[186] /home/travis/build/icyphy/ptII/ptolemy/actor/lib/test/auto/LazyAOCTestNonLazy.xml (RunModel)" time="0.02" />
  <testcase classname="ptolemy.util.test.junit.AutoTests" name="[187] /home/travis/build/icyphy/ptII/ptolemy/actor/lib/test/auto/LazyInnerClass.xml (RunModel)" time="0.021" />
  <testcase classname="ptolemy.util.test.junit.AutoTests" name="[188] /home/travis/build/icyphy/ptII/ptolemy/actor/lib/test/auto/LazyPubSub.xml (RunModel)" time="0.033" />
  <testcase classname="ptolemy.util.test.junit.AutoTests" name="[189] /home/travis/build/icyphy/ptII/ptolemy/actor/lib/test/auto/LazyPubSub2.xml (RunModel)" time="0.064" />
  <testcase classname="ptolemy.util.test.junit.AutoTests" name="[190] /home/travis/build/icyphy/ptII/ptolemy/actor/lib/test/auto/LazyPubSub3.xml (RunModel)" time="0.058" />
  <testcase classname="ptolemy.util.test.junit.AutoTests" name="[191] /home/travis/build/icyphy/ptII/ptolemy/actor/lib/test/auto/LazySubClassModel.xml (RunModel)" time="0.046" />
  <testcase classname="ptolemy.util.test.junit.AutoTests" name="[192] /home/travis/build/icyphy/ptII/ptolemy/actor/lib/test/auto/LevelCrossTest1.xml (RunModel)" time="0.015" />
  <testcase classname="ptolemy.util.test.junit.AutoTests" name="[193] /home/travis/build/icyphy/ptII/ptolemy/actor/lib/test/auto/LevelCrossTest10.xml (RunModel)" time="0.022" />
  <testcase classname="ptolemy.util.test.junit.AutoTests" name="[194] /home/travis/build/icyphy/ptII/ptolemy/actor/lib/test/auto/LevelCrossTest11.xml (RunModel)" time="0.013" />
  <testcase classname="ptolemy.util.test.junit.AutoTests" name="[195] /home/travis/build/icyphy/ptII/ptolemy/actor/lib/test/auto/LevelCrossTest12.xml (RunModel)" time="0.017" />
  <testcase classname="ptolemy.util.test.junit.AutoTests" name="[196] /home/travis/build/icyphy/ptII/ptolemy/actor/lib/test/auto/LevelCrossTest13.xml (RunModel)" time="0.017" />
  <testcase classname="ptolemy.util.test.junit.AutoTests" name="[197] /home/travis/build/icyphy/ptII/ptolemy/actor/lib/test/auto/LevelCrossTest2.xml (RunModel)" time="0.012" />
  <testcase classname="ptolemy.util.test.junit.AutoTests" name="[198] /home/travis/build/icyphy/ptII/ptolemy/actor/lib/test/auto/LevelCrossTest3.xml (RunModel)" time="0.014" />
  <testcase classname="ptolemy.util.test.junit.AutoTests" name="[199] /home/travis/build/icyphy/ptII/ptolemy/actor/lib/test/auto/LevelCrossTest4.xml (RunModel)" time="0.012" />
  <testcase classname="ptolemy.util.test.junit.AutoTests" name="[200] /home/travis/build/icyphy/ptII/ptolemy/actor/lib/test/auto/LevelCrossTest5.xml (RunModel)" time="0.015" />
  <testcase classname="ptolemy.util.test.junit.AutoTests" name="[201] /home/travis/build/icyphy/ptII/ptolemy/actor/lib/test/auto/LevelCrossTest6.xml (RunModel)" time="0.013" />
  <testcase classname="ptolemy.util.test.junit.AutoTests" name="[202] /home/travis/build/icyphy/ptII/ptolemy/actor/lib/test/auto/LevelCrossTest7.xml (RunModel)" time="0.023" />
  <testcase classname="ptolemy.util.test.junit.AutoTests" name="[203] /home/travis/build/icyphy/ptII/ptolemy/actor/lib/test/auto/LevelCrossTest8.xml (RunModel)" time="0.016" />
  <testcase classname="ptolemy.util.test.junit.AutoTests" name="[204] /home/travis/build/icyphy/ptII/ptolemy/actor/lib/test/auto/LevelCrossTest9.xml (RunModel)" time="0.015" />
  <testcase classname="ptolemy.util.test.junit.AutoTests" name="[205] /home/travis/build/icyphy/ptII/ptolemy/actor/lib/test/auto/LevinsonDurbin.xml (RunModel)" time="0.015" />
  <testcase classname="ptolemy.util.test.junit.AutoTests" name="[206] /home/travis/build/icyphy/ptII/ptolemy/actor/lib/test/auto/LevinsonDurbin2.xml (RunModel)" time="0.009" />
  <testcase classname="ptolemy.util.test.junit.AutoTests" name="[207] /home/travis/build/icyphy/ptII/ptolemy/actor/lib/test/auto/LevinsonDurbin3.xml (RunModel)" time="0.012" />
  <testcase classname="ptolemy.util.test.junit.AutoTests" name="[208] /home/travis/build/icyphy/ptII/ptolemy/actor/lib/test/auto/Limiter.xml (RunModel)" time="0.036" />
  <testcase classname="ptolemy.util.test.junit.AutoTests" name="[209] /home/travis/build/icyphy/ptII/ptolemy/actor/lib/test/auto/LinearDifferenceEquationSystem.xml (RunModel)" time="0.021" />
  <testcase classname="ptolemy.util.test.junit.AutoTests" name="[210] /home/travis/build/icyphy/ptII/ptolemy/actor/lib/test/auto/LookupTable.xml (RunModel)" time="0.01" />
  <testcase classname="ptolemy.util.test.junit.AutoTests" name="[211] /home/travis/build/icyphy/ptII/ptolemy/actor/lib/test/auto/MathFunction.xml (RunModel)" time="0.032" />
  <testcase classname="ptolemy.util.test.junit.AutoTests" name="[212] /home/travis/build/icyphy/ptII/ptolemy/actor/lib/test/auto/MathFunction2.xml (RunModel)" time="0.02" />
  <testcase classname="ptolemy.util.test.junit.AutoTests" name="[213] /home/travis/build/icyphy/ptII/ptolemy/actor/lib/test/auto/MathFunction3.xml (RunModel)" time="0.021" />
  <testcase classname="ptolemy.util.test.junit.AutoTests" name="[214] /home/travis/build/icyphy/ptII/ptolemy/actor/lib/test/auto/MatrixCropBoolean.xml (RunModel)" time="0.011" />
  <testcase classname="ptolemy.util.test.junit.AutoTests" name="[215] /home/travis/build/icyphy/ptII/ptolemy/actor/lib/test/auto/MatrixCropComplex.xml (RunModel)" time="0.01" />
  <testcase classname="ptolemy.util.test.junit.AutoTests" name="[216] /home/travis/build/icyphy/ptII/ptolemy/actor/lib/test/auto/MatrixCropDouble.xml (RunModel)" time="0.011" />
  <testcase classname="ptolemy.util.test.junit.AutoTests" name="[217] /home/travis/build/icyphy/ptII/ptolemy/actor/lib/test/auto/MatrixCropFix.xml (RunModel)" time="0.012" />
  <testcase classname="ptolemy.util.test.junit.AutoTests" name="[218] /home/travis/build/icyphy/ptII/ptolemy/actor/lib/test/auto/MatrixCropInt.xml (RunModel)" time="0.01" />
  <testcase classname="ptolemy.util.test.junit.AutoTests" name="[219] /home/travis/build/icyphy/ptII/ptolemy/actor/lib/test/auto/MatrixCropLong.xml (RunModel)" time="0.012" />
  <testcase classname="ptolemy.util.test.junit.AutoTests" name="[220] /home/travis/build/icyphy/ptII/ptolemy/actor/lib/test/auto/MatrixToArray.xml (RunModel)" time="0.057" />
  <testcase classname="ptolemy.util.test.junit.AutoTests" name="[221] /home/travis/build/icyphy/ptII/ptolemy/actor/lib/test/auto/MaxIndex.xml (RunModel)" time="0.017" />
  <testcase classname="ptolemy.util.test.junit.AutoTests" name="[222] /home/travis/build/icyphy/ptII/ptolemy/actor/lib/test/auto/Maximum.xml (RunModel)" time="0.015" />
  <testcase classname="ptolemy.util.test.junit.AutoTests" name="[223] /home/travis/build/icyphy/ptII/ptolemy/actor/lib/test/auto/MaximumComplex.xml (RunModel)" time="0.017" />
  <testcase classname="ptolemy.util.test.junit.AutoTests" name="[224] /home/travis/build/icyphy/ptII/ptolemy/actor/lib/test/auto/MethodCallTest.xml (RunModel)" time="0.024" />
  <testcase classname="ptolemy.util.test.junit.AutoTests" name="[225] /home/travis/build/icyphy/ptII/ptolemy/actor/lib/test/auto/Minimum.xml (RunModel)" time="0.014" />
  <testcase classname="ptolemy.util.test.junit.AutoTests" name="[226] /home/travis/build/icyphy/ptII/ptolemy/actor/lib/test/auto/MinimumComplex.xml (RunModel)" time="0.013" />
  <testcase classname="ptolemy.util.test.junit.AutoTests" name="[227] /home/travis/build/icyphy/ptII/ptolemy/actor/lib/test/auto/MinimumMultiports.xml (RunModel)" time="0.024" />
  <testcase classname="ptolemy.util.test.junit.AutoTests" name="[228] /home/travis/build/icyphy/ptII/ptolemy/actor/lib/test/auto/ModifyDate.xml (RunModel)" time="0.041" />
  <testcase classname="ptolemy.util.test.junit.AutoTests" name="[229] /home/travis/build/icyphy/ptII/ptolemy/actor/lib/test/auto/ModifyDate2.xml (RunModel)" time="0.049" />
  <testcase classname="ptolemy.util.test.junit.AutoTests" name="[230] /home/travis/build/icyphy/ptII/ptolemy/actor/lib/test/auto/MovingAverage.xml (RunModel)" time="0.011" />
  <testcase classname="ptolemy.util.test.junit.AutoTests" name="[231] /home/travis/build/icyphy/ptII/ptolemy/actor/lib/test/auto/MovingMaximum.xml (RunModel)" time="0.012" />
  <testcase classname="ptolemy.util.test.junit.AutoTests" name="[232] /home/travis/build/icyphy/ptII/ptolemy/actor/lib/test/auto/MultipleLinksToSameRelation.xml (RunModel)" time="0.012" />
  <testcase classname="ptolemy.util.test.junit.AutoTests" name="[233] /home/travis/build/icyphy/ptII/ptolemy/actor/lib/test/auto/MultipleLinksToSameRelationDE.xml (RunModel)" time="0.01" />
  <testcase classname="ptolemy.util.test.junit.AutoTests" name="[234] /home/travis/build/icyphy/ptII/ptolemy/actor/lib/test/auto/Multiplexor.xml (RunModel)" time="0.013" />
  <testcase classname="ptolemy.util.test.junit.AutoTests" name="[235] /home/travis/build/icyphy/ptII/ptolemy/actor/lib/test/auto/Multiplexor1.xml (RunModel)" time="0.011" />
  <testcase classname="ptolemy.util.test.junit.AutoTests" name="[236] /home/travis/build/icyphy/ptII/ptolemy/actor/lib/test/auto/Multiplexor2.xml (RunModel)" time="0.017" />
  <testcase classname="ptolemy.util.test.junit.AutoTests" name="[237] /home/travis/build/icyphy/ptII/ptolemy/actor/lib/test/auto/Multiplexor3.xml (RunModel)" time="0.013" />
  <testcase classname="ptolemy.util.test.junit.AutoTests" name="[238] /home/travis/build/icyphy/ptII/ptolemy/actor/lib/test/auto/MultiplexorDE.xml (RunModel)" time="0.021" />
  <testcase classname="ptolemy.util.test.junit.AutoTests" name="[239] /home/travis/build/icyphy/ptII/ptolemy/actor/lib/test/auto/MultiportBroadcastTest.xml (RunModel)" time="0.098" />
  <testcase classname="ptolemy.util.test.junit.AutoTests" name="[240] /home/travis/build/icyphy/ptII/ptolemy/actor/lib/test/auto/MultiportOutHangDuringGetWidth.xml (RunModel)" time="0.033" />
  <testcase classname="ptolemy.util.test.junit.AutoTests" name="[241] /home/travis/build/icyphy/ptII/ptolemy/actor/lib/test/auto/NilToken.xml (RunModel)" time="0.015" />
  <testcase classname="ptolemy.util.test.junit.AutoTests" name="[242] /home/travis/build/icyphy/ptII/ptolemy/actor/lib/test/auto/NilTokenNonStrictTest.xml (RunModel)" time="0.013" />
  <testcase classname="ptolemy.util.test.junit.AutoTests" name="[243] /home/travis/build/icyphy/ptII/ptolemy/actor/lib/test/auto/NilTokenRecord.xml (RunModel)" time="0.024" />
  <testcase classname="ptolemy.util.test.junit.AutoTests" name="[244] /home/travis/build/icyphy/ptII/ptolemy/actor/lib/test/auto/NilTokenTypeTest.xml (RunModel)" time="0.037" />
  <testcase classname="ptolemy.util.test.junit.AutoTests" name="[245] /home/travis/build/icyphy/ptII/ptolemy/actor/lib/test/auto/ObjectToken1.xml (RunModel)" time="0.014" />
  <testcase classname="ptolemy.util.test.junit.AutoTests" name="[246] /home/travis/build/icyphy/ptII/ptolemy/actor/lib/test/auto/OrderedMerge.xml (RunModel)" time="0.018" />
  <testcase classname="ptolemy.util.test.junit.AutoTests" name="[247] /home/travis/build/icyphy/ptII/ptolemy/actor/lib/test/auto/OrderedRecordDisassembler.xml (RunModel)" time="0.015" />
  <testcase classname="ptolemy.util.test.junit.AutoTests" name="[248] /home/travis/build/icyphy/ptII/ptolemy/actor/lib/test/auto/OrderedRecordDisassembler2.xml (RunModel)" time="0.018" />
  <testcase classname="ptolemy.util.test.junit.AutoTests" name="[249] /home/travis/build/icyphy/ptII/ptolemy/actor/lib/test/auto/OrderedRecordUpdater.xml (RunModel)" time="0.012" />
  <testcase classname="ptolemy.util.test.junit.AutoTests" name="[250] /home/travis/build/icyphy/ptII/ptolemy/actor/lib/test/auto/OrderedRecordUpdater2.xml (RunModel)" time="0.02" />
  <testcase classname="ptolemy.util.test.junit.AutoTests" name="[251] /home/travis/build/icyphy/ptII/ptolemy/actor/lib/test/auto/PhaseUnwrap.xml (RunModel)" time="0.015" />
  <testcase classname="ptolemy.util.test.junit.AutoTests" name="[252] /home/travis/build/icyphy/ptII/ptolemy/actor/lib/test/auto/PoissonClock.xml (RunModel)" time="0.013" />
  <testcase classname="ptolemy.util.test.junit.AutoTests" name="[253] /home/travis/build/icyphy/ptII/ptolemy/actor/lib/test/auto/PoissonClock2.xml (RunModel)" time="0.009" />
  <testcase classname="ptolemy.util.test.junit.AutoTests" name="[254] /home/travis/build/icyphy/ptII/ptolemy/actor/lib/test/auto/PoissonClock3.xml (RunModel)" time="0.015" />
  <testcase classname="ptolemy.util.test.junit.AutoTests" name="[255] /home/travis/build/icyphy/ptII/ptolemy/actor/lib/test/auto/PubSubWithInitialTokens.xml (RunModel)" time="0.018" />
  <testcase classname="ptolemy.util.test.junit.AutoTests" name="[256] /home/travis/build/icyphy/ptII/ptolemy/actor/lib/test/auto/PubSubWithInitialTokens2.xml (RunModel)" time="0.019" />
  <testcase classname="ptolemy.util.test.junit.AutoTests" name="[257] /home/travis/build/icyphy/ptII/ptolemy/actor/lib/test/auto/PublisherClassNoParameter.xml (RunModel)" time="0.03" />
  <testcase classname="ptolemy.util.test.junit.AutoTests" name="[258] /home/travis/build/icyphy/ptII/ptolemy/actor/lib/test/auto/PublisherClassParameter.xml (RunModel)" time="0.02" />
  <testcase classname="ptolemy.util.test.junit.AutoTests" name="[259] /home/travis/build/icyphy/ptII/ptolemy/actor/lib/test/auto/PublisherNonStrictTest.xml (RunModel)" time="0.016" />
  <testcase classname="ptolemy.util.test.junit.AutoTests" name="[260] /home/travis/build/icyphy/ptII/ptolemy/actor/lib/test/auto/PublisherPort1.xml (RunModel)" time="0.01" />
  <testcase classname="ptolemy.util.test.junit.AutoTests" name="[261] /home/travis/build/icyphy/ptII/ptolemy/actor/lib/test/auto/PublisherPort2.xml (RunModel)" time="0.01" />
  <testcase classname="ptolemy.util.test.junit.AutoTests" name="[262] /home/travis/build/icyphy/ptII/ptolemy/actor/lib/test/auto/PublisherPort3.xml (RunModel)" time="0.011" />
  <testcase classname="ptolemy.util.test.junit.AutoTests" name="[263] /home/travis/build/icyphy/ptII/ptolemy/actor/lib/test/auto/PublisherPort4.xml (RunModel)" time="0.013" />
  <testcase classname="ptolemy.util.test.junit.AutoTests" name="[264] /home/travis/build/icyphy/ptII/ptolemy/actor/lib/test/auto/PublisherPort5.xml (RunModel)" time="0.016" />
  <testcase classname="ptolemy.util.test.junit.AutoTests" name="[265] /home/travis/build/icyphy/ptII/ptolemy/actor/lib/test/auto/PublisherPort5LookAlike.xml (RunModel)" time="0.019" />
  <testcase classname="ptolemy.util.test.junit.AutoTests" name="[266] /home/travis/build/icyphy/ptII/ptolemy/actor/lib/test/auto/PublisherPort6.xml (RunModel)" time="0.012" />
  <testcase classname="ptolemy.util.test.junit.AutoTests" name="[267] /home/travis/build/icyphy/ptII/ptolemy/actor/lib/test/auto/PublisherPort7.xml (RunModel)" time="0.017" />
  <testcase classname="ptolemy.util.test.junit.AutoTests" name="[268] /home/travis/build/icyphy/ptII/ptolemy/actor/lib/test/auto/PublisherPort8.xml (RunModel)" time="0.017" />
  <testcase classname="ptolemy.util.test.junit.AutoTests" name="[269] /home/travis/build/icyphy/ptII/ptolemy/actor/lib/test/auto/PublisherPortSubscriberChannelVariablesAOC2.xml (RunModel)" time="0.034" />
  <testcase classname="ptolemy.util.test.junit.AutoTests" name="[270] /home/travis/build/icyphy/ptII/ptolemy/actor/lib/test/auto/PublisherPortSubscriberOpaqueWidthInference.xml (RunModel)" time="0.017" />
  <testcase classname="ptolemy.util.test.junit.AutoTests" name="[271] /home/travis/build/icyphy/ptII/ptolemy/actor/lib/test/auto/PublisherPortSubscriberPortAdjacent.xml (RunModel)" time="0.017" />
  <testcase classname="ptolemy.util.test.junit.AutoTests" name="[272] /home/travis/build/icyphy/ptII/ptolemy/actor/lib/test/auto/PublisherPortSubscriberPortExpression.xml (RunModel)" time="0.016" />
  <testcase classname="ptolemy.util.test.junit.AutoTests" name="[273] /home/travis/build/icyphy/ptII/ptolemy/actor/lib/test/auto/PublisherPortSubscriberPortOpaqueD3Reverse.xml (RunModel)" time="0.034" />
  <testcase classname="ptolemy.util.test.junit.AutoTests" name="[274] /home/travis/build/icyphy/ptII/ptolemy/actor/lib/test/auto/PublisherPortSubscriberPortOpaqueWidthInference.xml (RunModel)" time="0.015" />
  <testcase classname="ptolemy.util.test.junit.AutoTests" name="[275] /home/travis/build/icyphy/ptII/ptolemy/actor/lib/test/auto/PublisherPortToplevelSubscriberPortAOC.xml (RunModel)" time="0.011" />
  <testcase classname="ptolemy.util.test.junit.AutoTests" name="[276] /home/travis/build/icyphy/ptII/ptolemy/actor/lib/test/auto/PublisherSubscriber.xml (RunModel)" time="0.013" />
  <testcase classname="ptolemy.util.test.junit.AutoTests" name="[277] /home/travis/build/icyphy/ptII/ptolemy/actor/lib/test/auto/PublisherSubscriber10.xml (RunModel)" time="0.02" />
  <testcase classname="ptolemy.util.test.junit.AutoTests" name="[278] /home/travis/build/icyphy/ptII/ptolemy/actor/lib/test/auto/PublisherSubscriber10InitialOutputs.xml (RunModel)" time="0.026" />
  <testcase classname="ptolemy.util.test.junit.AutoTests" name="[279] /home/travis/build/icyphy/ptII/ptolemy/actor/lib/test/auto/PublisherSubscriber11.xml (RunModel)" time="0.017" />
  <testcase classname="ptolemy.util.test.junit.AutoTests" name="[280] /home/travis/build/icyphy/ptII/ptolemy/actor/lib/test/auto/PublisherSubscriber12.xml (RunModel)" time="0.012" />
  <testcase classname="ptolemy.util.test.junit.AutoTests" name="[281] /home/travis/build/icyphy/ptII/ptolemy/actor/lib/test/auto/PublisherSubscriber13.xml (RunModel)" time="0.01" />
  <testcase classname="ptolemy.util.test.junit.AutoTests" name="[282] /home/travis/build/icyphy/ptII/ptolemy/actor/lib/test/auto/PublisherSubscriber14.xml (RunModel)" time="0.017" />
  <testcase classname="ptolemy.util.test.junit.AutoTests" name="[283] /home/travis/build/icyphy/ptII/ptolemy/actor/lib/test/auto/PublisherSubscriber2.xml (RunModel)" time="0.01" />
  <testcase classname="ptolemy.util.test.junit.AutoTests" name="[284] /home/travis/build/icyphy/ptII/ptolemy/actor/lib/test/auto/PublisherSubscriber3.xml (RunModel)" time="0.009" />
  <testcase classname="ptolemy.util.test.junit.AutoTests" name="[285] /home/travis/build/icyphy/ptII/ptolemy/actor/lib/test/auto/PublisherSubscriber4.xml (RunModel)" time="0.008" />
  <testcase classname="ptolemy.util.test.junit.AutoTests" name="[286] /home/travis/build/icyphy/ptII/ptolemy/actor/lib/test/auto/PublisherSubscriber5.xml (RunModel)" time="0.011" />
  <testcase classname="ptolemy.util.test.junit.AutoTests" name="[287] /home/travis/build/icyphy/ptII/ptolemy/actor/lib/test/auto/PublisherSubscriber6.xml (RunModel)" time="0.012" />
  <testcase classname="ptolemy.util.test.junit.AutoTests" name="[288] /home/travis/build/icyphy/ptII/ptolemy/actor/lib/test/auto/PublisherSubscriber7.xml (RunModel)" time="0.016" />
  <testcase classname="ptolemy.util.test.junit.AutoTests" name="[289] /home/travis/build/icyphy/ptII/ptolemy/actor/lib/test/auto/PublisherSubscriber8.xml (RunModel)" time="0.026" />
  <testcase classname="ptolemy.util.test.junit.AutoTests" name="[290] /home/travis/build/icyphy/ptII/ptolemy/actor/lib/test/auto/PublisherSubscriber9.xml (RunModel)" time="0.025" />
  <testcase classname="ptolemy.util.test.junit.AutoTests" name="[291] /home/travis/build/icyphy/ptII/ptolemy/actor/lib/test/auto/PublisherSubscriberAdjacent.xml (RunModel)" time="0.015" />
  <testcase classname="ptolemy.util.test.junit.AutoTests" name="[292] /home/travis/build/icyphy/ptII/ptolemy/actor/lib/test/auto/PublisherSubscriberChannelVariablesAOC2.xml (RunModel)" time="0.028" />
  <testcase classname="ptolemy.util.test.junit.AutoTests" name="[293] /home/travis/build/icyphy/ptII/ptolemy/actor/lib/test/auto/PublisherSubscriberD3.xml (RunModel)" time="0.014" />
  <testcase classname="ptolemy.util.test.junit.AutoTests" name="[294] /home/travis/build/icyphy/ptII/ptolemy/actor/lib/test/auto/PublisherSubscriberD3Reverse.xml (RunModel)" time="0.011" />
  <testcase classname="ptolemy.util.test.junit.AutoTests" name="[295] /home/travis/build/icyphy/ptII/ptolemy/actor/lib/test/auto/PublisherSubscriberExpression.xml (RunModel)" time="0.019" />
  <testcase classname="ptolemy.util.test.junit.AutoTests" name="[296] /home/travis/build/icyphy/ptII/ptolemy/actor/lib/test/auto/PublisherSubscriberOpaque.xml (RunModel)" time="0.016" />
  <testcase classname="ptolemy.util.test.junit.AutoTests" name="[297] /home/travis/build/icyphy/ptII/ptolemy/actor/lib/test/auto/PublisherSubscriberOpaqueD3.xml (RunModel)" time="0.023" />
  <testcase classname="ptolemy.util.test.junit.AutoTests" name="[298] /home/travis/build/icyphy/ptII/ptolemy/actor/lib/test/auto/PublisherSubscriberOpaqueD3Reverse.xml (RunModel)" time="0.019" />
  <testcase classname="ptolemy.util.test.junit.AutoTests" name="[299] /home/travis/build/icyphy/ptII/ptolemy/actor/lib/test/auto/PublisherSubscriberOpaqueWidthInference.xml (RunModel)" time="0.018" />
  <testcase classname="ptolemy.util.test.junit.AutoTests" name="[300] /home/travis/build/icyphy/ptII/ptolemy/actor/lib/test/auto/PublisherTestSubscriber.xml (RunModel)" time="0.016" />
  <testcase classname="ptolemy.util.test.junit.AutoTests" name="[301] /home/travis/build/icyphy/ptII/ptolemy/actor/lib/test/auto/PublisherToplevelSubscriberPortAOC.xml (RunModel)" time="0.012" />
  <testcase classname="ptolemy.util.test.junit.AutoTests" name="[302] /home/travis/build/icyphy/ptII/ptolemy/actor/lib/test/auto/PulseFiringLimitDE.xml (RunModel)" time="0.013" />
  <testcase classname="ptolemy.util.test.junit.AutoTests" name="[303] /home/travis/build/icyphy/ptII/ptolemy/actor/lib/test/auto/Ramp1.xml (RunModel)" time="0.008" />
  <testcase classname="ptolemy.util.test.junit.AutoTests" name="[304] /home/travis/build/icyphy/ptII/ptolemy/actor/lib/test/auto/RampFiringLimitDE.xml (RunModel)" time="0.012" />
  <testcase classname="ptolemy.util.test.junit.AutoTests" name="[305] /home/travis/build/icyphy/ptII/ptolemy/actor/lib/test/auto/RampFiringLimitSDF.xml (RunModel)" time="0.012" />
  <testcase classname="ptolemy.util.test.junit.AutoTests" name="[306] /home/travis/build/icyphy/ptII/ptolemy/actor/lib/test/auto/RandomInteger.xml (RunModel)" time="0.008" />
  <testcase classname="ptolemy.util.test.junit.AutoTests" name="[307] /home/travis/build/icyphy/ptII/ptolemy/actor/lib/test/auto/ReadFile1.xml (RunModel)" time="0.009" />
  <testcase classname="ptolemy.util.test.junit.AutoTests" name="[308] /home/travis/build/icyphy/ptII/ptolemy/actor/lib/test/auto/ReadFile2.xml (RunModel)" time="0.008" />
  <testcase classname="ptolemy.util.test.junit.AutoTests" name="[309] /home/travis/build/icyphy/ptII/ptolemy/actor/lib/test/auto/Reader.xml (RunModel)" time="0.01" />
  <testcase classname="ptolemy.util.test.junit.AutoTests" name="[310] /home/travis/build/icyphy/ptII/ptolemy/actor/lib/test/auto/RecordAssemblerDisplayNameTest.xml (RunModel)" time="2.963" />
  <testcase classname="ptolemy.util.test.junit.AutoTests" name="[311] /home/travis/build/icyphy/ptII/ptolemy/actor/lib/test/auto/RecordAssemblerTypeError.xml (RunModel)" time="0.031" />
  <testcase classname="ptolemy.util.test.junit.AutoTests" name="[312] /home/travis/build/icyphy/ptII/ptolemy/actor/lib/test/auto/RecordDisassember.xml (RunModel)" time="0.01" />
  <testcase classname="ptolemy.util.test.junit.AutoTests" name="[313] /home/travis/build/icyphy/ptII/ptolemy/actor/lib/test/auto/RecordDisassemberDisplayNameTest.xml (RunModel)" time="0.019" />
  <testcase classname="ptolemy.util.test.junit.AutoTests" name="[314] /home/travis/build/icyphy/ptII/ptolemy/actor/lib/test/auto/RecordDisassembler.xml (RunModel)" time="0.01" />
  <testcase classname="ptolemy.util.test.junit.AutoTests" name="[315] /home/travis/build/icyphy/ptII/ptolemy/actor/lib/test/auto/RecordDisassembler2.xml (RunModel)" time="0.01" />
  <testcase classname="ptolemy.util.test.junit.AutoTests" name="[316] /home/travis/build/icyphy/ptII/ptolemy/actor/lib/test/auto/RecordUpdater.xml (RunModel)" time="0.009" />
  <testcase classname="ptolemy.util.test.junit.AutoTests" name="[317] /home/travis/build/icyphy/ptII/ptolemy/actor/lib/test/auto/RecordUpdater2.xml (RunModel)" time="0.009" />
  <testcase classname="ptolemy.util.test.junit.AutoTests" name="[318] /home/travis/build/icyphy/ptII/ptolemy/actor/lib/test/auto/RecursiveLattice.xml (RunModel)" time="0.009" />
  <testcase classname="ptolemy.util.test.junit.AutoTests" name="[319] /home/travis/build/icyphy/ptII/ptolemy/actor/lib/test/auto/Router.xml (RunModel)" time="3.022" />
  <testcase classname="ptolemy.util.test.junit.AutoTests" name="[320] /home/travis/build/icyphy/ptII/ptolemy/actor/lib/test/auto/Router2.xml (RunModel)" time="3.034" />
  <testcase classname="ptolemy.util.test.junit.AutoTests" name="[321] /home/travis/build/icyphy/ptII/ptolemy/actor/lib/test/auto/RunningMaximum.xml (RunModel)" time="0.023" />
  <testcase classname="ptolemy.util.test.junit.AutoTests" name="[322] /home/travis/build/icyphy/ptII/ptolemy/actor/lib/test/auto/RunningMinimum.xml (RunModel)" time="0.011" />
  <testcase classname="ptolemy.util.test.junit.AutoTests" name="[323] /home/travis/build/icyphy/ptII/ptolemy/actor/lib/test/auto/Scale.xml (RunModel)" time="0.007" />
  <testcase classname="ptolemy.util.test.junit.AutoTests" name="[324] /home/travis/build/icyphy/ptII/ptolemy/actor/lib/test/auto/Scale2.xml (RunModel)" time="0.009" />
  <testcase classname="ptolemy.util.test.junit.AutoTests" name="[325] /home/travis/build/icyphy/ptII/ptolemy/actor/lib/test/auto/Scale3.xml (RunModel)" time="0.013" />
  <testcase classname="ptolemy.util.test.junit.AutoTests" name="[326] /home/travis/build/icyphy/ptII/ptolemy/actor/lib/test/auto/ScaleArray.xml (RunModel)" time="0.007" />
  <testcase classname="ptolemy.util.test.junit.AutoTests" name="[327] /home/travis/build/icyphy/ptII/ptolemy/actor/lib/test/auto/ScaleArray2.xml (RunModel)" time="0.008" />
  <testcase classname="ptolemy.util.test.junit.AutoTests" name="[328] /home/travis/build/icyphy/ptII/ptolemy/actor/lib/test/auto/ScaleMatrix.xml (RunModel)" time="0.106" />
  <testcase classname="ptolemy.util.test.junit.AutoTests" name="[329] /home/travis/build/icyphy/ptII/ptolemy/actor/lib/test/auto/Select.xml (RunModel)" time="0.013" />
  <testcase classname="ptolemy.util.test.junit.AutoTests" name="[330] /home/travis/build/icyphy/ptII/ptolemy/actor/lib/test/auto/Select2.xml (RunModel)" time="0.008" />
  <testcase classname="ptolemy.util.test.junit.AutoTests" name="[331] /home/travis/build/icyphy/ptII/ptolemy/actor/lib/test/auto/SequenceToArray2.xml (RunModel)" time="0.135" />
  <testcase classname="ptolemy.util.test.junit.AutoTests" name="[332] /home/travis/build/icyphy/ptII/ptolemy/actor/lib/test/auto/SequentialClock.xml (RunModel)" time="0.008" />
  <testcase classname="ptolemy.util.test.junit.AutoTests" name="[333] /home/travis/build/icyphy/ptII/ptolemy/actor/lib/test/auto/SetVariable.xml (RunModel)" time="0.01" />
  <testcase classname="ptolemy.util.test.junit.AutoTests" name="[334] /home/travis/build/icyphy/ptII/ptolemy/actor/lib/test/auto/SetVariable2.xml (RunModel)" time="0.009" />
  <testcase classname="ptolemy.util.test.junit.AutoTests" name="[335] /home/travis/build/icyphy/ptII/ptolemy/actor/lib/test/auto/SetVariable3.xml (RunModel)" time="0.011" />
  <testcase classname="ptolemy.util.test.junit.AutoTests" name="[336] /home/travis/build/icyphy/ptII/ptolemy/actor/lib/test/auto/SetVariable4.xml (RunModel)" time="0.027" />
  <testcase classname="ptolemy.util.test.junit.AutoTests" name="[337] /home/travis/build/icyphy/ptII/ptolemy/actor/lib/test/auto/SetVariable5.xml (RunModel)" time="0.029" />
  <testcase classname="ptolemy.util.test.junit.AutoTests" name="[338] /home/travis/build/icyphy/ptII/ptolemy/actor/lib/test/auto/Sinewave.xml (RunModel)" time="0.027" />
  <testcase classname="ptolemy.util.test.junit.AutoTests" name="[339] /home/travis/build/icyphy/ptII/ptolemy/actor/lib/test/auto/Sinewave2.xml (RunModel)" time="0.017" />
  <testcase classname="ptolemy.util.test.junit.AutoTests" name="[340] /home/travis/build/icyphy/ptII/ptolemy/actor/lib/test/auto/Sinewave3.xml (RunModel)" time="0.026" />
  <testcase classname="ptolemy.util.test.junit.AutoTests" name="[341] /home/travis/build/icyphy/ptII/ptolemy/actor/lib/test/auto/SingleEvent.xml (RunModel)" time="0.006" />
  <testcase classname="ptolemy.util.test.junit.AutoTests" name="[342] /home/travis/build/icyphy/ptII/ptolemy/actor/lib/test/auto/Sleep.xml (RunModel)" time="6.016" />
  <testcase classname="ptolemy.util.test.junit.AutoTests" name="[343] /home/travis/build/icyphy/ptII/ptolemy/actor/lib/test/auto/SleepMultipleFire.xml (RunModel)" time="1.018" />
  <testcase classname="ptolemy.util.test.junit.AutoTests" name="[344] /home/travis/build/icyphy/ptII/ptolemy/actor/lib/test/auto/StopDE.xml (RunModel)" time="0.012" />
  <testcase classname="ptolemy.util.test.junit.AutoTests" name="[345] /home/travis/build/icyphy/ptII/ptolemy/actor/lib/test/auto/StopSDF.xml (RunModel)" time="0.011" />
  <testcase classname="ptolemy.util.test.junit.AutoTests" name="[346] /home/travis/build/icyphy/ptII/ptolemy/actor/lib/test/auto/StringConstant.xml (RunModel)" time="0.009" />
  <testcase classname="ptolemy.util.test.junit.AutoTests" name="[347] /home/travis/build/icyphy/ptII/ptolemy/actor/lib/test/auto/SubscriberPortInitialValues1.xml (RunModel)" time="0.017" />
  <testcase classname="ptolemy.util.test.junit.AutoTests" name="[348] /home/travis/build/icyphy/ptII/ptolemy/actor/lib/test/auto/SubscriberPortInitialValues13.xml (RunModel)" time="0.022" />
  <testcase classname="ptolemy.util.test.junit.AutoTests" name="[349] /home/travis/build/icyphy/ptII/ptolemy/actor/lib/test/auto/SubscriberPortInitialValues14.xml (RunModel)" time="0.014" />
  <testcase classname="ptolemy.util.test.junit.AutoTests" name="[350] /home/travis/build/icyphy/ptII/ptolemy/actor/lib/test/auto/SubscriberPortInitialValues2.xml (RunModel)" time="0.014" />
  <testcase classname="ptolemy.util.test.junit.AutoTests" name="[351] /home/travis/build/icyphy/ptII/ptolemy/actor/lib/test/auto/SubscriberPortInitialValues3.xml (RunModel)" time="0.019" />
  <testcase classname="ptolemy.util.test.junit.AutoTests" name="[352] /home/travis/build/icyphy/ptII/ptolemy/actor/lib/test/auto/SubscriptionAggregator.xml (RunModel)" time="0.011" />
  <testcase classname="ptolemy.util.test.junit.AutoTests" name="[353] /home/travis/build/icyphy/ptII/ptolemy/actor/lib/test/auto/SubscriptionAggregator2.xml (RunModel)" time="0.012" />
  <testcase classname="ptolemy.util.test.junit.AutoTests" name="[354] /home/travis/build/icyphy/ptII/ptolemy/actor/lib/test/auto/SubscriptionAggregator3.xml (RunModel)" time="0.015" />
  <testcase classname="ptolemy.util.test.junit.AutoTests" name="[355] /home/travis/build/icyphy/ptII/ptolemy/actor/lib/test/auto/SubscriptionAggregatorMultiply.xml (RunModel)" time="0.013" />
  <testcase classname="ptolemy.util.test.junit.AutoTests" name="[356] /home/travis/build/icyphy/ptII/ptolemy/actor/lib/test/auto/SubscriptionAggregatorPortMultiply1.xml (RunModel)" time="0.012" />
  <testcase classname="ptolemy.util.test.junit.AutoTests" name="[357] /home/travis/build/icyphy/ptII/ptolemy/actor/lib/test/auto/Switch.xml (RunModel)" time="0.012" />
  <testcase classname="ptolemy.util.test.junit.AutoTests" name="[358] /home/travis/build/icyphy/ptII/ptolemy/actor/lib/test/auto/Switch2.xml (RunModel)" time="0.013" />
  <testcase classname="ptolemy.util.test.junit.AutoTests" name="[359] /home/travis/build/icyphy/ptII/ptolemy/actor/lib/test/auto/SwitchDE.xml (RunModel)" time="0.012" />
  <testcase classname="ptolemy.util.test.junit.AutoTests" name="[360] /home/travis/build/icyphy/ptII/ptolemy/actor/lib/test/auto/SynchronizerDE.xml (RunModel)" time="0.019" />
  <testcase classname="ptolemy.util.test.junit.AutoTests" name="[361] /home/travis/build/icyphy/ptII/ptolemy/actor/lib/test/auto/Test.xml (RunModel)" time="0.01" />
  <testcase classname="ptolemy.util.test.junit.AutoTests" name="[362] /home/travis/build/icyphy/ptII/ptolemy/actor/lib/test/auto/TestExceptionAttribute1.xml (RunModel)" time="0.005" />
  <testcase classname="ptolemy.util.test.junit.AutoTests" name="[363] /home/travis/build/icyphy/ptII/ptolemy/actor/lib/test/auto/TestExceptionAttribute2.xml (RunModel)" time="0.006" />
  <testcase classname="ptolemy.util.test.junit.AutoTests" name="[364] /home/travis/build/icyphy/ptII/ptolemy/actor/lib/test/auto/TestExceptionAttribute3.xml (RunModel)" time="0.006" />
  <testcase classname="ptolemy.util.test.junit.AutoTests" name="[365] /home/travis/build/icyphy/ptII/ptolemy/actor/lib/test/auto/TestExceptionAttribute4.xml (RunModel)" time="0.006" />
  <testcase classname="ptolemy.util.test.junit.AutoTests" name="[366] /home/travis/build/icyphy/ptII/ptolemy/actor/lib/test/auto/TestExceptionHandler1.xml (RunModel)" time="0.007" />
  <testcase classname="ptolemy.util.test.junit.AutoTests" name="[367] /home/travis/build/icyphy/ptII/ptolemy/actor/lib/test/auto/TestExceptionHandler2.xml (RunModel)" time="0.006" />
  <testcase classname="ptolemy.util.test.junit.AutoTests" name="[368] /home/travis/build/icyphy/ptII/ptolemy/actor/lib/test/auto/TestExceptionHandler3.xml (RunModel)" time="0.006" />
  <testcase classname="ptolemy.util.test.junit.AutoTests" name="[369] /home/travis/build/icyphy/ptII/ptolemy/actor/lib/test/auto/TestExceptionHandler4.xml (RunModel)" time="0.006" />
  <testcase classname="ptolemy.util.test.junit.AutoTests" name="[370] /home/travis/build/icyphy/ptII/ptolemy/actor/lib/test/auto/TestRequireCorrectOrder.xml (RunModel)" time="0.009" />
  <testcase classname="ptolemy.util.test.junit.AutoTests" name="[371] /home/travis/build/icyphy/ptII/ptolemy/actor/lib/test/auto/TestSimple.xml (RunModel)" time="0.006" />
  <testcase classname="ptolemy.util.test.junit.AutoTests" name="[372] /home/travis/build/icyphy/ptII/ptolemy/actor/lib/test/auto/ThrowModelError.xml (RunModel)" time="0.01" />
  <testcase classname="ptolemy.util.test.junit.AutoTests" name="[373] /home/travis/build/icyphy/ptII/ptolemy/actor/lib/test/auto/TimeDelayMicrosteps.xml (RunModel)" time="0.012" />
  <testcase classname="ptolemy.util.test.junit.AutoTests" name="[374] /home/travis/build/icyphy/ptII/ptolemy/actor/lib/test/auto/TimeDelayMicrosteps2.xml (RunModel)" time="0.013" />
  <testcase classname="ptolemy.util.test.junit.AutoTests" name="[375] /home/travis/build/icyphy/ptII/ptolemy/actor/lib/test/auto/TimeDelayMicrosteps3.xml (RunModel)" time="0.011" />
  <testcase classname="ptolemy.util.test.junit.AutoTests" name="[376] /home/travis/build/icyphy/ptII/ptolemy/actor/lib/test/auto/TimeDelayVariableMicrosteps.xml (RunModel)" time="0.011" />
  <testcase classname="ptolemy.util.test.junit.AutoTests" name="[377] /home/travis/build/icyphy/ptII/ptolemy/actor/lib/test/auto/TimeGap.xml (RunModel)" time="0.011" />
  <testcase classname="ptolemy.util.test.junit.AutoTests" name="[378] /home/travis/build/icyphy/ptII/ptolemy/actor/lib/test/auto/TimeGap2.xml (RunModel)" time="0.01" />
  <testcase classname="ptolemy.util.test.junit.AutoTests" name="[379] /home/travis/build/icyphy/ptII/ptolemy/actor/lib/test/auto/TimedSinewave.xml (RunModel)" time="0.038" />
  <testcase classname="ptolemy.util.test.junit.AutoTests" name="[380] /home/travis/build/icyphy/ptII/ptolemy/actor/lib/test/auto/TimedSinewavePhase.xml (RunModel)" time="0.039" />
  <testcase classname="ptolemy.util.test.junit.AutoTests" name="[381] /home/travis/build/icyphy/ptII/ptolemy/actor/lib/test/auto/Timer.xml (RunModel)" time="0.017" />
  <testcase classname="ptolemy.util.test.junit.AutoTests" name="[382] /home/travis/build/icyphy/ptII/ptolemy/actor/lib/test/auto/TriangularDistTestModel.xml (RunModel)" time="0.018" />
  <testcase classname="ptolemy.util.test.junit.AutoTests" name="[383] /home/travis/build/icyphy/ptII/ptolemy/actor/lib/test/auto/TrigFunction.xml (RunModel)" time="0.008" />
  <testcase classname="ptolemy.util.test.junit.AutoTests" name="[384] /home/travis/build/icyphy/ptII/ptolemy/actor/lib/test/auto/TrigFunctionDE.xml (RunModel)" time="0.011" />
  <testcase classname="ptolemy.util.test.junit.AutoTests" name="[385] /home/travis/build/icyphy/ptII/ptolemy/actor/lib/test/auto/TrigFunctionInverse.xml (RunModel)" time="0.011" />
  <testcase classname="ptolemy.util.test.junit.AutoTests" name="[386] /home/travis/build/icyphy/ptII/ptolemy/actor/lib/test/auto/TrigFunctionTan.xml (RunModel)" time="0.006" />
  <testcase classname="ptolemy.util.test.junit.AutoTests" name="[387] /home/travis/build/icyphy/ptII/ptolemy/actor/lib/test/auto/TriggeredClock.xml (RunModel)" time="0.009" />
  <testcase classname="ptolemy.util.test.junit.AutoTests" name="[388] /home/travis/build/icyphy/ptII/ptolemy/actor/lib/test/auto/URLDirectoryReader.xml (RunModel)" time="0.127" />
  <testcase classname="ptolemy.util.test.junit.AutoTests" name="[389] /home/travis/build/icyphy/ptII/ptolemy/actor/lib/test/auto/URLDirectoryReader3.xml (RunModel)" time="1.258" />
  <testcase classname="ptolemy.util.test.junit.AutoTests" name="[390] /home/travis/build/icyphy/ptII/ptolemy/actor/lib/test/auto/UnaryMathFunction.xml (RunModel)" time="0.055" />
  <testcase classname="ptolemy.util.test.junit.AutoTests" name="[391] /home/travis/build/icyphy/ptII/ptolemy/actor/lib/test/auto/Uniform.xml (RunModel)" time="0.034" />
  <testcase classname="ptolemy.util.test.junit.AutoTests" name="[392] /home/travis/build/icyphy/ptII/ptolemy/actor/lib/test/auto/UnionDisassemblerTest.xml (RunModel)" time="0.031" />
  <testcase classname="ptolemy.util.test.junit.AutoTests" name="[393] /home/travis/build/icyphy/ptII/ptolemy/actor/lib/test/auto/UtilityFunctions.xml (RunModel)" time="0.03" />
  <testcase classname="ptolemy.util.test.junit.AutoTests" name="[394] /home/travis/build/icyphy/ptII/ptolemy/actor/lib/test/auto/VariableSleep.xml (RunModel)" time="0.539" />
  <testcase classname="ptolemy.util.test.junit.AutoTests" name="[395] /home/travis/build/icyphy/ptII/ptolemy/actor/lib/test/auto/VectorAssemblerDisassemblerCT.xml (RunModel)" time="0.116" />
  <testcase classname="ptolemy.util.test.junit.AutoTests" name="[396] /home/travis/build/icyphy/ptII/ptolemy/actor/lib/test/auto/VectorAssemblerDisassemblerDE.xml (RunModel)" time="0.015" />
  <testcase classname="ptolemy.util.test.junit.AutoTests" name="[397] /home/travis/build/icyphy/ptII/ptolemy/actor/lib/test/auto/VectorAssemblerDisassemblerSDF.xml (RunModel)" time="0.012" />
  <testcase classname="ptolemy.util.test.junit.AutoTests" name="[398] /home/travis/build/icyphy/ptII/ptolemy/actor/lib/test/auto/WallClockTime.xml (RunModel)" time="1.014" />
  <testcase classname="ptolemy.util.test.junit.AutoTests" name="[399] /home/travis/build/icyphy/ptII/ptolemy/actor/lib/test/auto/WidthTestWithSubscriberPublisher.xml (RunModel)" time="0.043" />
  <testcase classname="ptolemy.util.test.junit.AutoTests" name="[400] /home/travis/build/icyphy/ptII/ptolemy/actor/lib/test/auto/WidthTestWithSubscriberPublisher2.xml (RunModel)" time="0.016" />
  <testcase classname="ptolemy.util.test.junit.AutoTests" name="[401] /home/travis/build/icyphy/ptII/ptolemy/actor/lib/test/auto/WidthTestWithSubscriberPublisher3.xml (RunModel)" time="0.026" />
  <testcase classname="ptolemy.util.test.junit.AutoTests" name="[402] /home/travis/build/icyphy/ptII/ptolemy/actor/lib/test/auto/Writer.xml (RunModel)" time="0.008" />
  <testcase classname="ptolemy.util.test.junit.AutoTests" name="[403] /home/travis/build/icyphy/ptII/ptolemy/actor/lib/test/auto/array.xml (RunModel)" time="0.009" />
  <testcase classname="ptolemy.util.test.junit.AutoTests" name="[404] /home/travis/build/icyphy/ptII/ptolemy/actor/lib/test/auto/array2.xml (RunModel)" time="0.012" />
  <testcase classname="ptolemy.util.test.junit.AutoTests" name="[405] /home/travis/build/icyphy/ptII/ptolemy/actor/lib/test/auto/arrayType.xml (RunModel)" time="0.01" />
  <testcase classname="ptolemy.util.test.junit.AutoTests" name="[406] /home/travis/build/icyphy/ptII/ptolemy/actor/lib/test/auto/arrayType10.xml (RunModel)" time="0.008" />
  <testcase classname="ptolemy.util.test.junit.AutoTests" name="[407] /home/travis/build/icyphy/ptII/ptolemy/actor/lib/test/auto/arrayType11.xml (RunModel)" time="0.008" />
  <testcase classname="ptolemy.util.test.junit.AutoTests" name="[408] /home/travis/build/icyphy/ptII/ptolemy/actor/lib/test/auto/arrayType12.xml (RunModel)" time="0.009" />
  <testcase classname="ptolemy.util.test.junit.AutoTests" name="[409] /home/travis/build/icyphy/ptII/ptolemy/actor/lib/test/auto/arrayType13.xml (RunModel)" time="0.01" />
  <testcase classname="ptolemy.util.test.junit.AutoTests" name="[410] /home/travis/build/icyphy/ptII/ptolemy/actor/lib/test/auto/arrayType14.xml (RunModel)" time="0.01" />
  <testcase classname="ptolemy.util.test.junit.AutoTests" name="[411] /home/travis/build/icyphy/ptII/ptolemy/actor/lib/test/auto/arrayType15.xml (RunModel)" time="0.01" />
  <testcase classname="ptolemy.util.test.junit.AutoTests" name="[412] /home/travis/build/icyphy/ptII/ptolemy/actor/lib/test/auto/arrayType16.xml (RunModel)" time="0.011" />
  <testcase classname="ptolemy.util.test.junit.AutoTests" name="[413] /home/travis/build/icyphy/ptII/ptolemy/actor/lib/test/auto/arrayType17.xml (RunModel)" time="0.009" />
  <testcase classname="ptolemy.util.test.junit.AutoTests" name="[414] /home/travis/build/icyphy/ptII/ptolemy/actor/lib/test/auto/arrayType18.xml (RunModel)" time="0.009" />
  <testcase classname="ptolemy.util.test.junit.AutoTests" name="[415] /home/travis/build/icyphy/ptII/ptolemy/actor/lib/test/auto/arrayType19.xml (RunModel)" time="0.01" />
  <testcase classname="ptolemy.util.test.junit.AutoTests" name="[416] /home/travis/build/icyphy/ptII/ptolemy/actor/lib/test/auto/arrayType2.xml (RunModel)" time="0.014" />
  <testcase classname="ptolemy.util.test.junit.AutoTests" name="[417] /home/travis/build/icyphy/ptII/ptolemy/actor/lib/test/auto/arrayType20.xml (RunModel)" time="0.01" />
  <testcase classname="ptolemy.util.test.junit.AutoTests" name="[418] /home/travis/build/icyphy/ptII/ptolemy/actor/lib/test/auto/arrayType21.xml (RunModel)" time="0.011" />
  <testcase classname="ptolemy.util.test.junit.AutoTests" name="[419] /home/travis/build/icyphy/ptII/ptolemy/actor/lib/test/auto/arrayType22.xml (RunModel)" time="0.01" />
  <testcase classname="ptolemy.util.test.junit.AutoTests" name="[420] /home/travis/build/icyphy/ptII/ptolemy/actor/lib/test/auto/arrayType23.xml (RunModel)" time="0.037" />
  <testcase classname="ptolemy.util.test.junit.AutoTests" name="[421] /home/travis/build/icyphy/ptII/ptolemy/actor/lib/test/auto/arrayType24.xml (RunModel)" time="0.009" />
  <testcase classname="ptolemy.util.test.junit.AutoTests" name="[422] /home/travis/build/icyphy/ptII/ptolemy/actor/lib/test/auto/arrayType25.xml (RunModel)" time="0.008" />
  <testcase classname="ptolemy.util.test.junit.AutoTests" name="[423] /home/travis/build/icyphy/ptII/ptolemy/actor/lib/test/auto/arrayType26.xml (RunModel)" time="0.008" />
  <testcase classname="ptolemy.util.test.junit.AutoTests" name="[424] /home/travis/build/icyphy/ptII/ptolemy/actor/lib/test/auto/arrayType27.xml (RunModel)" time="0.011" />
  <testcase classname="ptolemy.util.test.junit.AutoTests" name="[425] /home/travis/build/icyphy/ptII/ptolemy/actor/lib/test/auto/arrayType28.xml (RunModel)" time="0.018" />
  <testcase classname="ptolemy.util.test.junit.AutoTests" name="[426] /home/travis/build/icyphy/ptII/ptolemy/actor/lib/test/auto/arrayType3.xml (RunModel)" time="0.008" />
  <testcase classname="ptolemy.util.test.junit.AutoTests" name="[427] /home/travis/build/icyphy/ptII/ptolemy/actor/lib/test/auto/arrayType4.xml (RunModel)" time="0.01" />
  <testcase classname="ptolemy.util.test.junit.AutoTests" name="[428] /home/travis/build/icyphy/ptII/ptolemy/actor/lib/test/auto/arrayType5.xml (RunModel)" time="0.009" />
  <testcase classname="ptolemy.util.test.junit.AutoTests" name="[429] /home/travis/build/icyphy/ptII/ptolemy/actor/lib/test/auto/arrayType6.xml (RunModel)" time="0.008" />
  <testcase classname="ptolemy.util.test.junit.AutoTests" name="[430] /home/travis/build/icyphy/ptII/ptolemy/actor/lib/test/auto/arrayType7.xml (RunModel)" time="0.009" />
  <testcase classname="ptolemy.util.test.junit.AutoTests" name="[431] /home/travis/build/icyphy/ptII/ptolemy/actor/lib/test/auto/arrayType8.xml (RunModel)" time="0.02" />
  <testcase classname="ptolemy.util.test.junit.AutoTests" name="[432] /home/travis/build/icyphy/ptII/ptolemy/actor/lib/test/auto/arrayType9.xml (RunModel)" time="0.008" />
  <testcase classname="ptolemy.util.test.junit.AutoTests" name="[433] /home/travis/build/icyphy/ptII/ptolemy/actor/lib/test/auto/cast.xml (RunModel)" time="0.009" />
  <testcase classname="ptolemy.util.test.junit.AutoTests" name="[434] /home/travis/build/icyphy/ptII/ptolemy/actor/lib/test/auto/compositeMultiPort.xml (RunModel)" time="0.015" />
  <testcase classname="ptolemy.util.test.junit.AutoTests" name="[435] /home/travis/build/icyphy/ptII/ptolemy/actor/lib/test/auto/expressionCastInference.xml (RunModel)" time="0.007" />
  <testcase classname="ptolemy.util.test.junit.AutoTests" name="[436] /home/travis/build/icyphy/ptII/ptolemy/actor/lib/test/auto/expressionCastInference2.xml (RunModel)" time="0.008" />
  <testcase classname="ptolemy.util.test.junit.AutoTests" name="[437] /home/travis/build/icyphy/ptII/ptolemy/actor/lib/test/auto/expressionInference.xml (RunModel)" time="0.006" />
  <testcase classname="ptolemy.util.test.junit.AutoTests" name="[438] /home/travis/build/icyphy/ptII/ptolemy/actor/lib/test/auto/expression_bug.xml (RunModel)" time="0.006" />
  <testcase classname="ptolemy.util.test.junit.AutoTests" name="[439] /home/travis/build/icyphy/ptII/ptolemy/actor/lib/test/auto/factorial.xml (RunModel)" time="0.056" />
  <testcase classname="ptolemy.util.test.junit.AutoTests" name="[440] /home/travis/build/icyphy/ptII/ptolemy/actor/lib/test/auto/filterTest1.xml (RunModel)" time="0.013" />
  <testcase classname="ptolemy.util.test.junit.AutoTests" name="[441] /home/travis/build/icyphy/ptII/ptolemy/actor/lib/test/auto/funcApplyInConst.xml (RunModel)" time="0.007" />
  <testcase classname="ptolemy.util.test.junit.AutoTests" name="[442] /home/travis/build/icyphy/ptII/ptolemy/actor/lib/test/auto/funcApplyInExpr.xml (RunModel)" time="0.007" />
  <testcase classname="ptolemy.util.test.junit.AutoTests" name="[443] /home/travis/build/icyphy/ptII/ptolemy/actor/lib/test/auto/function.xml (RunModel)" time="0.01" />
  <testcase classname="ptolemy.util.test.junit.AutoTests" name="[444] /home/travis/build/icyphy/ptII/ptolemy/actor/lib/test/auto/function2.xml (RunModel)" time="0.008" />
  <testcase classname="ptolemy.util.test.junit.AutoTests" name="[445] /home/travis/build/icyphy/ptII/ptolemy/actor/lib/test/auto/function3.xml (RunModel)" time="0.007" />
  <testcase classname="ptolemy.util.test.junit.AutoTests" name="[446] /home/travis/build/icyphy/ptII/ptolemy/actor/lib/test/auto/functionClosureTest1.xml (RunModel)" time="0.01" />
  <testcase classname="ptolemy.util.test.junit.AutoTests" name="[447] /home/travis/build/icyphy/ptII/ptolemy/actor/lib/test/auto/functionClosureTest2.xml (RunModel)" time="0.007" />
  <testcase classname="ptolemy.util.test.junit.AutoTests" name="[448] /home/travis/build/icyphy/ptII/ptolemy/actor/lib/test/auto/functionClosureTest3.xml (RunModel)" time="0.008" />
  <testcase classname="ptolemy.util.test.junit.AutoTests" name="[449] /home/travis/build/icyphy/ptII/ptolemy/actor/lib/test/auto/functionClosureTest4.xml (RunModel)" time="0.015" />
  <testcase classname="ptolemy.util.test.junit.AutoTests" name="[450] /home/travis/build/icyphy/ptII/ptolemy/actor/lib/test/auto/functionClosureTest5.xml (RunModel)" time="0.011" />
  <testcase classname="ptolemy.util.test.junit.AutoTests" name="[451] /home/travis/build/icyphy/ptII/ptolemy/actor/lib/test/auto/functionClosureTest6.xml (RunModel)" time="0.01" />
  <testcase classname="ptolemy.util.test.junit.AutoTests" name="[452] /home/travis/build/icyphy/ptII/ptolemy/actor/lib/test/auto/functionsOnArcs.xml (RunModel)" time="0.012" />
  <testcase classname="ptolemy.util.test.junit.AutoTests" name="[453] /home/travis/build/icyphy/ptII/ptolemy/actor/lib/test/auto/functionsOnArcsHOF.xml (RunModel)" time="0.016" />
  <testcase classname="ptolemy.util.test.junit.AutoTests" name="[454] /home/travis/build/icyphy/ptII/ptolemy/actor/lib/test/auto/logic.xml (RunModel)" time="0.016" />
  <testcase classname="ptolemy.util.test.junit.AutoTests" name="[455] /home/travis/build/icyphy/ptII/ptolemy/actor/lib/test/auto/matrixType.xml (RunModel)" time="0.009" />
  <testcase classname="ptolemy.util.test.junit.AutoTests" name="[456] /home/travis/build/icyphy/ptII/ptolemy/actor/lib/test/auto/matrixType10.xml (RunModel)" time="0.009" />
  <testcase classname="ptolemy.util.test.junit.AutoTests" name="[457] /home/travis/build/icyphy/ptII/ptolemy/actor/lib/test/auto/matrixType11.xml (RunModel)" time="0.009" />
  <testcase classname="ptolemy.util.test.junit.AutoTests" name="[458] /home/travis/build/icyphy/ptII/ptolemy/actor/lib/test/auto/matrixType12.xml (RunModel)" time="0.011" />
  <testcase classname="ptolemy.util.test.junit.AutoTests" name="[459] /home/travis/build/icyphy/ptII/ptolemy/actor/lib/test/auto/matrixType13.xml (RunModel)" time="0.008" />
  <testcase classname="ptolemy.util.test.junit.AutoTests" name="[460] /home/travis/build/icyphy/ptII/ptolemy/actor/lib/test/auto/matrixType14.xml (RunModel)" time="0.01" />
  <testcase classname="ptolemy.util.test.junit.AutoTests" name="[461] /home/travis/build/icyphy/ptII/ptolemy/actor/lib/test/auto/matrixType2.xml (RunModel)" time="0.009" />
  <testcase classname="ptolemy.util.test.junit.AutoTests" name="[462] /home/travis/build/icyphy/ptII/ptolemy/actor/lib/test/auto/matrixType3.xml (RunModel)" time="0.01" />
  <testcase classname="ptolemy.util.test.junit.AutoTests" name="[463] /home/travis/build/icyphy/ptII/ptolemy/actor/lib/test/auto/matrixType4.xml (RunModel)" time="0.008" />
  <testcase classname="ptolemy.util.test.junit.AutoTests" name="[464] /home/travis/build/icyphy/ptII/ptolemy/actor/lib/test/auto/matrixType5.xml (RunModel)" time="0.008" />
  <testcase classname="ptolemy.util.test.junit.AutoTests" name="[465] /home/travis/build/icyphy/ptII/ptolemy/actor/lib/test/auto/matrixType6.xml (RunModel)" time="0.008" />
  <testcase classname="ptolemy.util.test.junit.AutoTests" name="[466] /home/travis/build/icyphy/ptII/ptolemy/actor/lib/test/auto/matrixType7.xml (RunModel)" time="0.008" />
  <testcase classname="ptolemy.util.test.junit.AutoTests" name="[467] /home/travis/build/icyphy/ptII/ptolemy/actor/lib/test/auto/matrixType8.xml (RunModel)" time="0.009" />
  <testcase classname="ptolemy.util.test.junit.AutoTests" name="[468] /home/travis/build/icyphy/ptII/ptolemy/actor/lib/test/auto/matrixType9.xml (RunModel)" time="0.008" />
  <testcase classname="ptolemy.util.test.junit.AutoTests" name="[469] /home/travis/build/icyphy/ptII/ptolemy/actor/lib/test/auto/paraFunctest.xml (RunModel)" time="0.007" />
  <testcase classname="ptolemy.util.test.junit.AutoTests" name="[470] /home/travis/build/icyphy/ptII/ptolemy/actor/lib/test/auto/paraFunctest2.xml (RunModel)" time="0.009" />
  <testcase classname="ptolemy.util.test.junit.AutoTests" name="[471] /home/travis/build/icyphy/ptII/ptolemy/actor/lib/test/auto/parameterPassing.xml (RunModel)" time="0.008" />
  <testcase classname="ptolemy.util.test.junit.AutoTests" name="[472] /home/travis/build/icyphy/ptII/ptolemy/actor/lib/test/auto/record.xml (RunModel)" time="0.009" />
  <testcase classname="ptolemy.util.test.junit.AutoTests" name="[473] /home/travis/build/icyphy/ptII/ptolemy/actor/lib/test/auto/sizedarray1.xml (RunModel)" time="0.011" />
  <testcase classname="ptolemy.util.test.junit.AutoTests" name="[474] /home/travis/build/icyphy/ptII/ptolemy/actor/lib/test/auto/sizedarray2.xml (RunModel)" time="0.01" />
  <testcase classname="ptolemy.util.test.junit.AutoTests" name="[475] /home/travis/build/icyphy/ptII/ptolemy/actor/lib/test/auto/twoPublishers.xml (RunModel)" time="0.021" />
  <system-out><![CDATA[/home/travis/build/icyphy/ptII/ptolemy/actor/lib/test/AbsoluteValue.tcl
testDefs.tcl: setting time out to 9000 seconds at Wed Sep 26 02:43:20 UTC 2018
73 ms. Memory: 116224K Free: 106738K (92%)
4 ms. Memory: 116224K Free: 105524K (91%)
4 ms. Memory: 116224K Free: 104929K (90%)
4 ms. Memory: 116224K Free: 103740K (89%)
/home/travis/build/icyphy/ptII/ptolemy/actor/lib/test/AddSubtract.tcl
14 ms. Memory: 116224K Free: 101939K (88%)
9 ms. Memory: 116224K Free: 100725K (87%)
7 ms. Memory: 116224K Free: 100130K (86%)
13 ms. Memory: 116224K Free: 99527K (86%)
14 ms. Memory: 116224K Free: 98908K (85%)
10 ms. Memory: 116224K Free: 98273K (85%)
/home/travis/build/icyphy/ptII/ptolemy/actor/lib/test/Average.tcl
7 ms. Memory: 116224K Free: 96455K (83%)
5 ms. Memory: 116224K Free: 95249K (82%)
/home/travis/build/icyphy/ptII/ptolemy/actor/lib/test/Bernoulli.tcl
9 ms. Memory: 116224K Free: 93424K (80%)
2 ms. Memory: 116224K Free: 92821K (80%)
/home/travis/build/icyphy/ptII/ptolemy/actor/lib/test/Clock.tcl
preinitializing
resolving types
initializing
executing number 1
wrapping up
idle
10 ms. Memory: 116224K Free: 90425K (78%)
Completed execution with 5 iterations
preinitializing
resolving types
initializing
executing number 1
wrapping up
idle
3 ms. Memory: 116224K Free: 89814K (77%)
Completed execution with 5 iterations
preinitializing
resolving types
initializing
executing number 1
wrapping up
idle
3 ms. Memory: 116224K Free: 89179K (77%)
Completed execution with 5 iterations
/home/travis/build/icyphy/ptII/ptolemy/actor/lib/test/Commutator.tcl
5 ms. Memory: 116224K Free: 87362K (75%)
5 ms. Memory: 116224K Free: 86156K (74%)
8 ms. Memory: 116224K Free: 81871K (70%)
/home/travis/build/icyphy/ptII/ptolemy/actor/lib/test/Const.tcl
8 ms. Memory: 146944K Free: 139989K (95%)
3 ms. Memory: 146944K Free: 138785K (94%)
5 ms. Memory: 146944K Free: 138785K (94%)
2 ms. Memory: 146944K Free: 137581K (94%)
9 ms. Memory: 146944K Free: 137581K (94%)
18 ms. Memory: 146944K Free: 135174K (92%)
4 ms. Memory: 146944K Free: 135174K (92%)
3 ms. Memory: 146944K Free: 133970K (91%)
/home/travis/build/icyphy/ptII/ptolemy/actor/lib/test/CurrentTime.tcl
preinitializing
resolving types
initializing
executing number 1
wrapping up
idle
19 ms. Memory: 146944K Free: 131546K (90%)
Completed execution with 11 iterations
/home/travis/build/icyphy/ptII/ptolemy/actor/lib/test/DB.tcl
5 ms. Memory: 146944K Free: 130341K (89%)
4 ms. Memory: 146944K Free: 129138K (88%)
2 ms. Memory: 146944K Free: 129138K (88%)
/home/travis/build/icyphy/ptII/ptolemy/actor/lib/test/DiscreteRandomSource.tcl
preinitializing
resolving types
initializing
executing number 1
wrapping up
idle
10 ms. Memory: 146944K Free: 127934K (87%)
Completed execution with 4 iterations
preinitializing
resolving types
initializing
executing number 1
wrapping up
idle
3 ms. Memory: 146944K Free: 125502K (85%)
Completed execution with 4 iterations
preinitializing
resolving types
initializing
executing number 1
wrapping up
idle
3 ms. Memory: 146944K Free: 125502K (85%)
Completed execution with 4 iterations
preinitializing
resolving types
initializing
executing number 1
wrapping up
idle
8 ms. Memory: 146944K Free: 124298K (85%)
Completed execution with 4 iterations
preinitializing
resolving types
initializing
executing number 1
wrapping up
idle
5 ms. Memory: 146944K Free: 124298K (85%)
Completed execution with 4 iterations
/home/travis/build/icyphy/ptII/ptolemy/actor/lib/test/Distributor.tcl
5 ms. Memory: 146944K Free: 123095K (84%)
4 ms. Memory: 146944K Free: 121891K (83%)
StreamChangeRequest.changeExecuted(): <deleteEntity name="rec2"/> succeeded
StreamChangeRequest.changeExecuted(): <deleteRelation name="r2"/> succeeded
StreamChangeRequest.changeExecuted(): Record firings per iteration succeeded
9 ms. Memory: 146944K Free: 119484K (81%)
/home/travis/build/icyphy/ptII/ptolemy/actor/lib/test/Exit.tcl
Exit.tcl: this will print a message about Manager.exitAfterWrapup, which can be ignored.
8 ms. Memory: 146944K Free: 116463K (79%)
/home/travis/build/icyphy/ptII/ptolemy/actor/lib/test/Expression.tcl
10 ms. Memory: 146944K Free: 112827K (77%)
4 ms. Memory: 146944K Free: 112827K (77%)
3 ms. Memory: 146944K Free: 111623K (76%)
preinitializing
resolving types
initializing
executing number 1
wrapping up
idle
6 ms. Memory: 146944K Free: 110420K (75%)
Completed execution with 6 iterations
4 ms. Memory: 146944K Free: 109216K (74%)
3 ms. Memory: 146944K Free: 109216K (74%)
7 ms. Memory: 146944K Free: 108013K (74%)
4 ms. Memory: 146944K Free: 105605K (72%)
5 ms. Memory: 146944K Free: 104402K (71%)
/home/travis/build/icyphy/ptII/ptolemy/actor/lib/test/Gaussian.tcl
9 ms. Memory: 146944K Free: 103198K (70%)
sleeping 1 seconds: ..............................................................................................................................................................................................................................................................................2 ms. Memory: 146944K Free: 101995K (69%)
3 ms. Memory: 146944K Free: 100791K (69%)
2 ms. Memory: 146944K Free: 99588K (68%)
10 ms. Memory: 146944K Free: 99588K (68%)
3 ms. Memory: 146944K Free: 98384K (67%)
/home/travis/build/icyphy/ptII/ptolemy/actor/lib/test/IIR.tcl
/home/travis/build/icyphy/ptII/ptolemy/actor/lib/test/Interpolator.tcl
13 ms. Memory: 146944K Free: 94769K (64%)
4 ms. Memory: 146944K Free: 94769K (64%)
2 ms. Memory: 146944K Free: 93566K (64%)
11 ms. Memory: 146944K Free: 93566K (64%)
13 ms. Memory: 146944K Free: 92362K (63%)
6 ms. Memory: 146944K Free: 91159K (62%)
11 ms. Memory: 146944K Free: 91159K (62%)
2 ms. Memory: 146944K Free: 89955K (61%)
5 ms. Memory: 146944K Free: 88752K (60%)
3 ms. Memory: 146944K Free: 87548K (60%)
/home/travis/build/icyphy/ptII/ptolemy/actor/lib/test/MathFunction.tcl
5 ms. Memory: 146944K Free: 86344K (59%)
3 ms. Memory: 146944K Free: 85141K (58%)
2 ms. Memory: 146944K Free: 83932K (57%)
3 ms. Memory: 146944K Free: 82729K (56%)
4 ms. Memory: 146944K Free: 81525K (55%)
21 ms. Memory: 146944K Free: 139104K (95%)
/home/travis/build/icyphy/ptII/ptolemy/actor/lib/test/Maximum.tcl
4 ms. Memory: 146944K Free: 137657K (94%)
6 ms. Memory: 146944K Free: 136470K (93%)
5 ms. Memory: 146944K Free: 136470K (93%)
2 ms. Memory: 146944K Free: 135282K (92%)
/home/travis/build/icyphy/ptII/ptolemy/actor/lib/test/Minimum.tcl
3 ms. Memory: 146944K Free: 134095K (91%)
3 ms. Memory: 146944K Free: 132906K (90%)
4 ms. Memory: 146944K Free: 131718K (90%)
3 ms. Memory: 146944K Free: 131718K (90%)
/home/travis/build/icyphy/ptII/ptolemy/actor/lib/test/MultiplyDivide.tcl
11 ms. Memory: 146944K Free: 129343K (88%)
13 ms. Memory: 146944K Free: 129343K (88%)
5 ms. Memory: 146944K Free: 128156K (87%)
10 ms. Memory: 146944K Free: 126968K (86%)
4 ms. Memory: 146944K Free: 126968K (86%)
/home/travis/build/icyphy/ptII/ptolemy/actor/lib/test/OrderedMerge.tcl
Connections changed on port: inputA
Connections changed on port: inputB
Connections changed on port: output
Connections changed on port: output
Connections changed on port: output
Connections changed on port: input
.top. Preinitializing ...
Invoking preinitialize():  .top.OrderedMerge
Called preinitialize()
Invoking preinitialize():  .top.Ramp
Called preinitialize()
Invoking preinitialize():  .top.Ramp2
Called preinitialize()
Invoking preinitialize():  .top.Test
Called preinitialize()
Connections changed on port: inputA
Connections changed on port: output
Connections changed on port: inputB
Connections changed on port: output
Connections changed on port: output
Connections changed on port: input
.top. Finished preinitialize().
Called initialize().
Invoking initialize():  .top.OrderedMerge
Initializing actor: .top.OrderedMerge
Adding a thread: .top.OrderedMerge
Invoking initialize():  .top.Ramp
Initializing actor: .top.Ramp
Adding a thread: .top.Ramp
Invoking initialize():  .top.Ramp2
Initializing actor: .top.Ramp2
Adding a thread: .top.Ramp2
Invoking initialize():  .top.Test
Initializing actor: .top.Test
Adding a thread: .top.Test
-- Starting thread.
Called initialize()
Called prefire()
Called fire()
-- Starting thread.
Called initialize()
Called prefire()
Called fire()
Called postfire()
Called prefire()
Called fire()
-- Starting thread.
Called initialize()
Called prefire()
Called fire()
Called postfire()
Called prefire()
Called fire()
Called fire().
Checking for deadlock:
There are 3 Blocked actors, 0 Stopped actors, and 4 active threads.
Waiting for actors to stop.
-- Starting thread.
Called initialize()
Called prefire()
Called fire()
Checking for deadlock:
There are 2 Blocked actors, 0 Stopped actors, and 4 active threads.
Waiting for actors to stop.
Called postfire()
Called prefire()
Called fire()
Checking for deadlock:
There are 3 Blocked actors, 0 Stopped actors, and 4 active threads.
Waiting for actors to stop.
Read input token from inputA with value 0.0
Next port to read input from is inputB
Called postfire()
Called prefire()
Called fire()
Checking for deadlock:
There are 2 Blocked actors, 0 Stopped actors, and 4 active threads.
Waiting for actors to stop.
Called postfire()
Called prefire()
Called fire()
Checking for deadlock:
There are 3 Blocked actors, 0 Stopped actors, and 4 active threads.
Waiting for actors to stop.
Read input token from inputB with value 0.0
Checking for deadlock:
There are 2 Blocked actors, 0 Stopped actors, and 4 active threads.
Waiting for actors to stop.
-- Read input: 0.0, which is expected to match: 0.0
Called prefire()
Called fire()
Checking for deadlock:
There are 3 Blocked actors, 0 Stopped actors, and 4 active threads.
Waiting for actors to stop.
Sent output token with value 0.0
Next port to read input from is inputA
Called postfire()
Called prefire()
Called fire()
Checking for deadlock:
There are 2 Blocked actors, 0 Stopped actors, and 4 active threads.
Waiting for actors to stop.
Called postfire()
Called prefire()
Called fire()
Checking for deadlock:
There are 3 Blocked actors, 0 Stopped actors, and 4 active threads.
Waiting for actors to stop.
Read input token from inputA with value 1.0
Checking for deadlock:
There are 2 Blocked actors, 0 Stopped actors, and 4 active threads.
Waiting for actors to stop.
-- Read input: 0.0, which is expected to match: 0.0
Called prefire()
Called fire()
Checking for deadlock:
There are 3 Blocked actors, 0 Stopped actors, and 4 active threads.
Waiting for actors to stop.
Sent output token with value 0.0
Next port to read input from is inputB
Called postfire()
Called prefire()
Called fire()
Checking for deadlock:
There are 2 Blocked actors, 0 Stopped actors, and 4 active threads.
Waiting for actors to stop.
Called postfire()
Called prefire()
Called fire()
Checking for deadlock:
There are 3 Blocked actors, 0 Stopped actors, and 4 active threads.
Waiting for actors to stop.
Read input token from inputB with value 1.5
Checking for deadlock:
There are 2 Blocked actors, 0 Stopped actors, and 4 active threads.
Waiting for actors to stop.
-- Read input: 1.0, which is expected to match: 1.0
Called prefire()
Called fire()
Checking for deadlock:
There are 3 Blocked actors, 0 Stopped actors, and 4 active threads.
Waiting for actors to stop.
Sent output token with value 1.0
Next port to read input from is inputA
Called postfire()
Called prefire()
Called fire()
Checking for deadlock:
There are 2 Blocked actors, 0 Stopped actors, and 4 active threads.
Waiting for actors to stop.
Called postfire()
Called prefire()
Called fire()
Checking for deadlock:
There are 3 Blocked actors, 0 Stopped actors, and 4 active threads.
Waiting for actors to stop.
Read input token from inputA with value 2.0
Checking for deadlock:
There are 2 Blocked actors, 0 Stopped actors, and 4 active threads.
Waiting for actors to stop.
-- Read input: 1.5, which is expected to match: 1.5
Called prefire()
Called fire()
Checking for deadlock:
There are 3 Blocked actors, 0 Stopped actors, and 4 active threads.
Waiting for actors to stop.
Sent output token with value 1.5
Next port to read input from is inputB
Called postfire()
Called prefire()
Called fire()
Checking for deadlock:
There are 2 Blocked actors, 0 Stopped actors, and 4 active threads.
Waiting for actors to stop.
Called postfire()
Called prefire()
Called fire()
Checking for deadlock:
There are 3 Blocked actors, 0 Stopped actors, and 4 active threads.
Waiting for actors to stop.
Read input token from inputB with value 3.0
Checking for deadlock:
There are 2 Blocked actors, 0 Stopped actors, and 4 active threads.
Waiting for actors to stop.
-- Read input: 2.0, which is expected to match: 2.0
Called prefire()
Called fire()
Checking for deadlock:
There are 3 Blocked actors, 0 Stopped actors, and 4 active threads.
Waiting for actors to stop.
Sent output token with value 2.0
Next port to read input from is inputA
Called postfire()
Called prefire()
Called fire()
Checking for deadlock:
There are 2 Blocked actors, 0 Stopped actors, and 4 active threads.
Waiting for actors to stop.
Called postfire()
Called prefire()
Called fire()
Checking for deadlock:
There are 3 Blocked actors, 0 Stopped actors, and 4 active threads.
Waiting for actors to stop.
Read input token from inputA with value 3.0
Checking for deadlock:
There are 2 Blocked actors, 0 Stopped actors, and 4 active threads.
Waiting for actors to stop.
-- Read input: 3.0, which is expected to match: 3.0
Called prefire()
Called fire()
Checking for deadlock:
There are 3 Blocked actors, 0 Stopped actors, and 4 active threads.
Waiting for actors to stop.
Sent output token with value 3.0
Next port to read input from is inputB
Called postfire()
Called prefire()
Called fire()
Checking for deadlock:
There are 2 Blocked actors, 0 Stopped actors, and 4 active threads.
Waiting for actors to stop.
Called postfire()
Called prefire()
Called fire()
Checking for deadlock:
There are 3 Blocked actors, 0 Stopped actors, and 4 active threads.
Waiting for actors to stop.
Read input token from inputB with value 4.5
Checking for deadlock:
There are 2 Blocked actors, 0 Stopped actors, and 4 active threads.
Waiting for actors to stop.
-- Read input: 3.0, which is expected to match: 3.0
Called prefire()
Called fire()
Checking for deadlock:
There are 3 Blocked actors, 0 Stopped actors, and 4 active threads.
Waiting for actors to stop.
Sent output token with value 3.0
Next port to read input from is inputA
Called postfire()
Called prefire()
Called fire()
Checking for deadlock:
There are 2 Blocked actors, 0 Stopped actors, and 4 active threads.
Waiting for actors to stop.
Called postfire()
Called prefire()
Called fire()
Checking for deadlock:
There are 3 Blocked actors, 0 Stopped actors, and 4 active threads.
Waiting for actors to stop.
Read input token from inputA with value 4.0
Checking for deadlock:
There are 2 Blocked actors, 0 Stopped actors, and 4 active threads.
Waiting for actors to stop.
-- Read input: 4.0, which is expected to match: 4.0
Called prefire()
Called fire()
Past the end of training data. Read and discard all inputs.
Checking for deadlock:
There are 3 Blocked actors, 0 Stopped actors, and 4 active threads.
Waiting for actors to stop.
Sent output token with value 4.0
Next port to read input from is inputA
Called postfire()
Called prefire()
Called fire()
Checking for deadlock:
There are 2 Blocked actors, 0 Stopped actors, and 4 active threads.
Waiting for actors to stop.
Called postfire()
Called prefire()
Called fire()
Checking for deadlock:
There are 3 Blocked actors, 0 Stopped actors, and 4 active threads.
Waiting for actors to stop.
Read input token from inputA with value 5.0
Checking for deadlock:
There are 2 Blocked actors, 0 Stopped actors, and 4 active threads.
Waiting for actors to stop.
Called prefire()
Called fire()
Past the end of training data. Read and discard all inputs.
Checking for deadlock:
There are 3 Blocked actors, 0 Stopped actors, and 4 active threads.
Waiting for actors to stop.
Sent output token with value 4.5
Next port to read input from is inputB
Called postfire()
Called prefire()
Called fire()
Checking for deadlock:
There are 2 Blocked actors, 0 Stopped actors, and 4 active threads.
Waiting for actors to stop.
Called postfire()
Called prefire()
Called fire()
Checking for deadlock:
There are 3 Blocked actors, 0 Stopped actors, and 4 active threads.
Waiting for actors to stop.
Read input token from inputB with value 6.0
Checking for deadlock:
There are 2 Blocked actors, 0 Stopped actors, and 4 active threads.
Waiting for actors to stop.
Called prefire()
Called fire()
Past the end of training data. Read and discard all inputs.
Checking for deadlock:
There are 3 Blocked actors, 0 Stopped actors, and 4 active threads.
Waiting for actors to stop.
Sent output token with value 5.0
Next port to read input from is inputA
Called postfire()
Called prefire()
Called fire()
Checking for deadlock:
There are 2 Blocked actors, 0 Stopped actors, and 4 active threads.
Waiting for actors to stop.
Called postfire()
Called prefire()
Called fire()
Checking for deadlock:
There are 3 Blocked actors, 0 Stopped actors, and 4 active threads.
Waiting for actors to stop.
Read input token from inputA with value 6.0
Checking for deadlock:
There are 2 Blocked actors, 0 Stopped actors, and 4 active threads.
Waiting for actors to stop.
Called prefire()
Called fire()
Past the end of training data. Read and discard all inputs.
Checking for deadlock:
There are 3 Blocked actors, 0 Stopped actors, and 4 active threads.
Waiting for actors to stop.
Sent output token with value 6.0
Next port to read input from is inputB
Called postfire()
Called prefire()
Called fire()
Checking for deadlock:
There are 2 Blocked actors, 0 Stopped actors, and 4 active threads.
Waiting for actors to stop.
Called postfire()
Called prefire()
Called fire()
Checking for deadlock:
There are 3 Blocked actors, 0 Stopped actors, and 4 active threads.
Waiting for actors to stop.
Read input token from inputB with value 7.5
Checking for deadlock:
There are 2 Blocked actors, 0 Stopped actors, and 4 active threads.
Waiting for actors to stop.
Called prefire()
Called fire()
Past the end of training data. Read and discard all inputs.
Checking for deadlock:
There are 3 Blocked actors, 0 Stopped actors, and 4 active threads.
Waiting for actors to stop.
Sent output token with value 6.0
Next port to read input from is inputA
Called postfire()
Called prefire()
Called fire()
Checking for deadlock:
There are 2 Blocked actors, 0 Stopped actors, and 4 active threads.
Waiting for actors to stop.
Called postfire()
Called prefire()
Called fire()
Checking for deadlock:
There are 3 Blocked actors, 0 Stopped actors, and 4 active threads.
Waiting for actors to stop.
Read input token from inputA with value 7.0
Checking for deadlock:
There are 2 Blocked actors, 0 Stopped actors, and 4 active threads.
Waiting for actors to stop.
Called prefire()
Called fire()
Past the end of training data. Read and discard all inputs.
Checking for deadlock:
There are 3 Blocked actors, 0 Stopped actors, and 4 active threads.
Waiting for actors to stop.
Sent output token with value 7.0
Next port to read input from is inputA
Called postfire()
Called prefire()
Called fire()
Checking for deadlock:
There are 2 Blocked actors, 0 Stopped actors, and 4 active threads.
Waiting for actors to stop.
-- Thread wrapup() called.
Called wrapup()
Thread .top.Ramp is exiting.
-- Thread stopped.
Checking for deadlock:
There are 2 Blocked actors, 0 Stopped actors, and 3 active threads.
Waiting for actors to stop.
Read input token from inputA with value 8.0
Checking for deadlock:
There are 1 Blocked actors, 0 Stopped actors, and 3 active threads.
Waiting for actors to stop.
Called prefire()
Called fire()
Past the end of training data. Read and discard all inputs.
Checking for deadlock:
There are 2 Blocked actors, 0 Stopped actors, and 3 active threads.
Waiting for actors to stop.
Sent output token with value 7.5
Next port to read input from is inputB
Called postfire()
Called prefire()
Called fire()
Checking for deadlock:
There are 1 Blocked actors, 0 Stopped actors, and 3 active threads.
Waiting for actors to stop.
Called postfire()
Called prefire()
Called fire()
Checking for deadlock:
There are 2 Blocked actors, 0 Stopped actors, and 3 active threads.
Waiting for actors to stop.
Read input token from inputB with value 9.0
Checking for deadlock:
There are 1 Blocked actors, 0 Stopped actors, and 3 active threads.
Waiting for actors to stop.
Called prefire()
Called fire()
Past the end of training data. Read and discard all inputs.
Checking for deadlock:
There are 2 Blocked actors, 0 Stopped actors, and 3 active threads.
Waiting for actors to stop.
Sent output token with value 8.0
Next port to read input from is inputA
Called postfire()
Called prefire()
Called fire()
Read input token from inputA with value 9.0
Checking for deadlock:
There are 1 Blocked actors, 0 Stopped actors, and 3 active threads.
Waiting for actors to stop.
Called prefire()
Called fire()
Past the end of training data. Read and discard all inputs.
Checking for deadlock:
There are 2 Blocked actors, 0 Stopped actors, and 3 active threads.
Waiting for actors to stop.
Sent output token with value 9.0
Next port to read input from is inputB
Called postfire()
Called prefire()
Called fire()
Checking for deadlock:
There are 1 Blocked actors, 0 Stopped actors, and 3 active threads.
Waiting for actors to stop.
Called postfire()
Called prefire()
Called fire()
Checking for deadlock:
There are 2 Blocked actors, 0 Stopped actors, and 3 active threads.
Waiting for actors to stop.
Read input token from inputB with value 10.5
Checking for deadlock:
There are 1 Blocked actors, 0 Stopped actors, and 3 active threads.
Waiting for actors to stop.
Called prefire()
Called fire()
Past the end of training data. Read and discard all inputs.
Checking for deadlock:
There are 2 Blocked actors, 0 Stopped actors, and 3 active threads.
Waiting for actors to stop.
Sent output token with value 9.0
Next port to read input from is inputA
Called postfire()
Called prefire()
Called fire()
Checking for deadlock:
There are 3 Blocked actors, 0 Stopped actors, and 3 active threads.
Actors have stopped.
Checking for deadlock:
There are 3 Blocked actors, 0 Stopped actors, and 3 active threads.
Deadlock detected.
Resolving Deadlock
Checking for deadlock:
There are 3 Blocked actors, 0 Stopped actors, and 3 active threads.
Artificial Deadlock - increasing queue capacity.
increasing the capacity of receiver ptolemy.actor.TypedIOPort {.top.OrderedMerge.inputB} to 2
Director: Called postfire().
Called postfire().
_stopRequested = false
_stopFireRequested = false
Returning from postfire(): true
Called fire().
Checking for deadlock:
There are 2 Blocked actors, 0 Stopped actors, and 3 active threads.
Waiting for actors to stop.
-- Thread wrapup() called.
Called wrapup()
Thread .top.Ramp2 is exiting.
-- Thread stopped.
Checking for deadlock:
There are 2 Blocked actors, 0 Stopped actors, and 2 active threads.
Actors have stopped.
Checking for deadlock:
There are 2 Blocked actors, 0 Stopped actors, and 2 active threads.
Deadlock detected.
Resolving Deadlock
Checking for deadlock:
There are 2 Blocked actors, 0 Stopped actors, and 2 active threads.
Deadlock detected: no processes blocked on write, but some are blocked on read.
Called postfire().
_stopRequested = false
_stopFireRequested = false
Returning from postfire(): false
Finished deactivating branches.
Called wrapup().
-- Thread wrapup() called.
Called wrapup()
Thread .top.Test is exiting.
-- Thread stopped.
-- Blocked Receiver call threw TerminateProcessException.
-- Thread wrapup() called.
Called wrapup()
Thread .top.OrderedMerge is exiting.
34 ms. Memory: 146944K Free: 122955K (84%)
.top. Preinitializing ...
Invoking preinitialize():  .top.OrderedMerge
Called preinitialize()
Invoking preinitialize():  .top.Ramp
Called preinitialize()
Invoking preinitialize():  .top.Ramp2
Called preinitialize()
Invoking preinitialize():  .top.Test
Called preinitialize()
.top. Finished preinitialize().
Called initialize().
Invoking initialize():  .top.OrderedMerge
Initializing actor: .top.OrderedMerge
Adding a thread: .top.OrderedMerge
Invoking initialize():  .top.Ramp
Initializing actor: .top.Ramp
Adding a thread: .top.Ramp
Invoking initialize():  .top.Ramp2
Initializing actor: .top.Ramp2
Adding a thread: .top.Ramp2
Invoking initialize():  .top.Test
Initializing actor: .top.Test
Adding a thread: .top.Test
-- Thread stopped.
-- Blocked Receiver call threw TerminateProcessException.
-- Starting thread.
Called initialize()
Called prefire()
Called fire()
-- Starting thread.
Called initialize()
Called prefire()
Called fire()
Called postfire()
Called prefire()
Called fire()
-- Starting thread.
Called initialize()
Called prefire()
Called fire()
Called postfire()
Called prefire()
Called fire()
Called fire().
Checking for deadlock:
There are 3 Blocked actors, 0 Stopped actors, and 4 active threads.
Waiting for actors to stop.
-- Starting thread.
Called initialize()
Called prefire()
Called fire()
Checking for deadlock:
There are 2 Blocked actors, 0 Stopped actors, and 4 active threads.
Waiting for actors to stop.
Called postfire()
Called prefire()
Called fire()
Checking for deadlock:
There are 3 Blocked actors, 0 Stopped actors, and 4 active threads.
Waiting for actors to stop.
Read input token from inputA with value 0.0
Next port to read input from is inputB
Called postfire()
Called prefire()
Called fire()
Checking for deadlock:
There are 2 Blocked actors, 0 Stopped actors, and 4 active threads.
Waiting for actors to stop.
Called postfire()
Called prefire()
Called fire()
Checking for deadlock:
There are 3 Blocked actors, 0 Stopped actors, and 4 active threads.
Waiting for actors to stop.
Read input token from inputB with value 0.0
Checking for deadlock:
There are 2 Blocked actors, 0 Stopped actors, and 4 active threads.
Waiting for actors to stop.
-- Read input: 0.0, which is expected to match: 0.0
Called prefire()
Called fire()
Checking for deadlock:
There are 3 Blocked actors, 0 Stopped actors, and 4 active threads.
Waiting for actors to stop.
Sent output token with value 0.0
Next port to read input from is inputA
Called postfire()
Called prefire()
Called fire()
Checking for deadlock:
There are 2 Blocked actors, 0 Stopped actors, and 4 active threads.
Waiting for actors to stop.
Called postfire()
Called prefire()
Called fire()
Checking for deadlock:
There are 3 Blocked actors, 0 Stopped actors, and 4 active threads.
Waiting for actors to stop.
Read input token from inputA with value 1.0
Checking for deadlock:
There are 2 Blocked actors, 0 Stopped actors, and 4 active threads.
Waiting for actors to stop.
-- Read input: 0.0, which is expected to match: 0.0
Called prefire()
Called fire()
Checking for deadlock:
There are 3 Blocked actors, 0 Stopped actors, and 4 active threads.
Waiting for actors to stop.
Sent output token with value 0.0
Next port to read input from is inputB
Called postfire()
Called prefire()
Called fire()
Checking for deadlock:
There are 2 Blocked actors, 0 Stopped actors, and 4 active threads.
Waiting for actors to stop.
Called postfire()
Called prefire()
Called fire()
Checking for deadlock:
There are 3 Blocked actors, 0 Stopped actors, and 4 active threads.
Waiting for actors to stop.
Read input token from inputB with value 1.5
Checking for deadlock:
There are 2 Blocked actors, 0 Stopped actors, and 4 active threads.
Waiting for actors to stop.
-- Read input: 1.0, which is expected to match: 1.0
Called prefire()
Called fire()
Checking for deadlock:
There are 3 Blocked actors, 0 Stopped actors, and 4 active threads.
Waiting for actors to stop.
Sent output token with value 1.0
Next port to read input from is inputA
Called postfire()
Called prefire()
Called fire()
Checking for deadlock:
There are 2 Blocked actors, 0 Stopped actors, and 4 active threads.
Waiting for actors to stop.
Called postfire()
Called prefire()
Called fire()
Checking for deadlock:
There are 3 Blocked actors, 0 Stopped actors, and 4 active threads.
Waiting for actors to stop.
Read input token from inputA with value 2.0
Checking for deadlock:
There are 2 Blocked actors, 0 Stopped actors, and 4 active threads.
Waiting for actors to stop.
-- Read input: 1.5, which is expected to match: 1.5
Called prefire()
Called fire()
Checking for deadlock:
There are 3 Blocked actors, 0 Stopped actors, and 4 active threads.
Waiting for actors to stop.
Sent output token with value 1.5
Next port to read input from is inputB
Called postfire()
Called prefire()
Called fire()
Checking for deadlock:
There are 2 Blocked actors, 0 Stopped actors, and 4 active threads.
Waiting for actors to stop.
Called postfire()
Called prefire()
Called fire()
Checking for deadlock:
There are 3 Blocked actors, 0 Stopped actors, and 4 active threads.
Waiting for actors to stop.
Read input token from inputB with value 3.0
Checking for deadlock:
There are 2 Blocked actors, 0 Stopped actors, and 4 active threads.
Waiting for actors to stop.
-- Read input: 2.0, which is expected to match: 2.0
Called prefire()
Called fire()
Checking for deadlock:
There are 3 Blocked actors, 0 Stopped actors, and 4 active threads.
Waiting for actors to stop.
Sent output token with value 2.0
Next port to read input from is inputA
Called postfire()
Called prefire()
Called fire()
Checking for deadlock:
There are 2 Blocked actors, 0 Stopped actors, and 4 active threads.
Waiting for actors to stop.
Called postfire()
Called prefire()
Called fire()
Checking for deadlock:
There are 3 Blocked actors, 0 Stopped actors, and 4 active threads.
Waiting for actors to stop.
Read input token from inputA with value 3.0
Checking for deadlock:
There are 2 Blocked actors, 0 Stopped actors, and 4 active threads.
Waiting for actors to stop.
-- Read input: 3.0, which is expected to match: 3.0
Called prefire()
Called fire()
Checking for deadlock:
There are 3 Blocked actors, 0 Stopped actors, and 4 active threads.
Waiting for actors to stop.
Sent output token with value 3.0
Next port to read input from is inputB
Called postfire()
Called prefire()
Called fire()
Checking for deadlock:
There are 2 Blocked actors, 0 Stopped actors, and 4 active threads.
Waiting for actors to stop.
Called postfire()
Called prefire()
Called fire()
Checking for deadlock:
There are 3 Blocked actors, 0 Stopped actors, and 4 active threads.
Waiting for actors to stop.
Read input token from inputB with value 4.5
Checking for deadlock:
There are 2 Blocked actors, 0 Stopped actors, and 4 active threads.
Waiting for actors to stop.
-- Read input: 3.0, which is expected to match: 3.0
Called prefire()
Called fire()
Checking for deadlock:
There are 3 Blocked actors, 0 Stopped actors, and 4 active threads.
Waiting for actors to stop.
Sent output token with value 3.0
Next port to read input from is inputA
Called postfire()
Called prefire()
Called fire()
Checking for deadlock:
There are 2 Blocked actors, 0 Stopped actors, and 4 active threads.
Waiting for actors to stop.
Called postfire()
Called prefire()
Called fire()
Checking for deadlock:
There are 3 Blocked actors, 0 Stopped actors, and 4 active threads.
Waiting for actors to stop.
Read input token from inputA with value 4.0
Checking for deadlock:
There are 2 Blocked actors, 0 Stopped actors, and 4 active threads.
Waiting for actors to stop.
-- Read input: 4.0, which is expected to match: 4.0
Called prefire()
Called fire()
Past the end of training data. Read and discard all inputs.
Checking for deadlock:
There are 3 Blocked actors, 0 Stopped actors, and 4 active threads.
Waiting for actors to stop.
Sent output token with value 4.0
Next port to read input from is inputA
Called postfire()
Called prefire()
Called fire()
Checking for deadlock:
There are 2 Blocked actors, 0 Stopped actors, and 4 active threads.
Waiting for actors to stop.
Called postfire()
Called prefire()
Called fire()
Checking for deadlock:
There are 3 Blocked actors, 0 Stopped actors, and 4 active threads.
Waiting for actors to stop.
Read input token from inputA with value 5.0
Checking for deadlock:
There are 2 Blocked actors, 0 Stopped actors, and 4 active threads.
Waiting for actors to stop.
Called prefire()
Called fire()
Past the end of training data. Read and discard all inputs.
Checking for deadlock:
There are 3 Blocked actors, 0 Stopped actors, and 4 active threads.
Waiting for actors to stop.
Sent output token with value 4.5
Next port to read input from is inputB
Called postfire()
Called prefire()
Called fire()
Checking for deadlock:
There are 2 Blocked actors, 0 Stopped actors, and 4 active threads.
Waiting for actors to stop.
Called postfire()
Called prefire()
Called fire()
Checking for deadlock:
There are 3 Blocked actors, 0 Stopped actors, and 4 active threads.
Waiting for actors to stop.
Read input token from inputB with value 6.0
Checking for deadlock:
There are 2 Blocked actors, 0 Stopped actors, and 4 active threads.
Waiting for actors to stop.
Called prefire()
Called fire()
Past the end of training data. Read and discard all inputs.
Checking for deadlock:
There are 3 Blocked actors, 0 Stopped actors, and 4 active threads.
Waiting for actors to stop.
Sent output token with value 5.0
Next port to read input from is inputA
Called postfire()
Called prefire()
Called fire()
Called postfire()
Called prefire()
Called fire()
Checking for deadlock:
There are 3 Blocked actors, 0 Stopped actors, and 4 active threads.
Waiting for actors to stop.
Read input token from inputA with value 6.0
Called prefire()
Called fire()
Past the end of training data. Read and discard all inputs.
Checking for deadlock:
There are 3 Blocked actors, 0 Stopped actors, and 4 active threads.
Waiting for actors to stop.
Sent output token with value 6.0
Next port to read input from is inputB
Called postfire()
Called prefire()
Called fire()
Checking for deadlock:
There are 2 Blocked actors, 0 Stopped actors, and 4 active threads.
Waiting for actors to stop.
Called postfire()
Called prefire()
Called fire()
Checking for deadlock:
There are 3 Blocked actors, 0 Stopped actors, and 4 active threads.
Waiting for actors to stop.
Read input token from inputB with value 7.5
Checking for deadlock:
There are 2 Blocked actors, 0 Stopped actors, and 4 active threads.
Waiting for actors to stop.
Called prefire()
Called fire()
Past the end of training data. Read and discard all inputs.
Checking for deadlock:
There are 3 Blocked actors, 0 Stopped actors, and 4 active threads.
Waiting for actors to stop.
Sent output token with value 6.0
Next port to read input from is inputA
Called postfire()
Called prefire()
Called fire()
Called postfire()
Called prefire()
Called fire()
Checking for deadlock:
There are 3 Blocked actors, 0 Stopped actors, and 4 active threads.
Waiting for actors to stop.
Read input token from inputA with value 7.0
Called prefire()
Called fire()
Past the end of training data. Read and discard all inputs.
Checking for deadlock:
There are 3 Blocked actors, 0 Stopped actors, and 4 active threads.
Waiting for actors to stop.
Sent output token with value 7.0
Next port to read input from is inputA
Called postfire()
Called prefire()
Called fire()
-- Thread wrapup() called.
Called wrapup()
Thread .top.Ramp is exiting.
-- Thread stopped.
Checking for deadlock:
There are 2 Blocked actors, 0 Stopped actors, and 3 active threads.
Waiting for actors to stop.
Read input token from inputA with value 8.0
Called prefire()
Called fire()
Past the end of training data. Read and discard all inputs.
Checking for deadlock:
There are 2 Blocked actors, 0 Stopped actors, and 3 active threads.
Waiting for actors to stop.
Sent output token with value 7.5
Next port to read input from is inputB
Called postfire()
Called prefire()
Called fire()
Checking for deadlock:
There are 1 Blocked actors, 0 Stopped actors, and 3 active threads.
Waiting for actors to stop.
Called postfire()
Called prefire()
Called fire()
Checking for deadlock:
There are 2 Blocked actors, 0 Stopped actors, and 3 active threads.
Waiting for actors to stop.
Read input token from inputB with value 9.0
Checking for deadlock:
There are 1 Blocked actors, 0 Stopped actors, and 3 active threads.
Waiting for actors to stop.
Called prefire()
Called fire()
Past the end of training data. Read and discard all inputs.
Checking for deadlock:
There are 2 Blocked actors, 0 Stopped actors, and 3 active threads.
Waiting for actors to stop.
Sent output token with value 8.0
Next port to read input from is inputA
Called postfire()
Called prefire()
Called fire()
Read input token from inputA with value 9.0
Checking for deadlock:
There are 1 Blocked actors, 0 Stopped actors, and 3 active threads.
Waiting for actors to stop.
Called prefire()
Called fire()
Past the end of training data. Read and discard all inputs.
Checking for deadlock:
There are 2 Blocked actors, 0 Stopped actors, and 3 active threads.
Waiting for actors to stop.
Sent output token with value 9.0
Next port to read input from is inputB
Called postfire()
Called prefire()
Called fire()
Checking for deadlock:
There are 1 Blocked actors, 0 Stopped actors, and 3 active threads.
Waiting for actors to stop.
Called postfire()
Called prefire()
Called fire()
Checking for deadlock:
There are 2 Blocked actors, 0 Stopped actors, and 3 active threads.
Waiting for actors to stop.
Read input token from inputB with value 10.5
Checking for deadlock:
There are 1 Blocked actors, 0 Stopped actors, and 3 active threads.
Waiting for actors to stop.
Called prefire()
Called fire()
Past the end of training data. Read and discard all inputs.
Checking for deadlock:
There are 2 Blocked actors, 0 Stopped actors, and 3 active threads.
Waiting for actors to stop.
Sent output token with value 9.0
Next port to read input from is inputA
Called postfire()
Called prefire()
Called fire()
Checking for deadlock:
There are 3 Blocked actors, 0 Stopped actors, and 3 active threads.
Actors have stopped.
Checking for deadlock:
There are 3 Blocked actors, 0 Stopped actors, and 3 active threads.
Deadlock detected.
Resolving Deadlock
Checking for deadlock:
There are 3 Blocked actors, 0 Stopped actors, and 3 active threads.
Artificial Deadlock - increasing queue capacity.
increasing the capacity of receiver ptolemy.actor.TypedIOPort {.top.OrderedMerge.inputB} to 2
Director: Called postfire().
Called postfire().
_stopRequested = false
_stopFireRequested = false
Returning from postfire(): true
Called fire().
Checking for deadlock:
There are 2 Blocked actors, 0 Stopped actors, and 3 active threads.
Waiting for actors to stop.
-- Thread wrapup() called.
Called wrapup()
Thread .top.Ramp2 is exiting.
-- Thread stopped.
Checking for deadlock:
There are 2 Blocked actors, 0 Stopped actors, and 2 active threads.
Actors have stopped.
Checking for deadlock:
There are 2 Blocked actors, 0 Stopped actors, and 2 active threads.
Deadlock detected.
Resolving Deadlock
Checking for deadlock:
There are 2 Blocked actors, 0 Stopped actors, and 2 active threads.
Deadlock detected: no processes blocked on write, but some are blocked on read.
Called postfire().
_stopRequested = false
_stopFireRequested = false
Returning from postfire(): false
Finished deactivating branches.
Called wrapup().
-- Thread wrapup() called.
Called wrapup()
Thread .top.Test is exiting.
-- Thread stopped.
-- Blocked Receiver call threw TerminateProcessException.
-- Thread wrapup() called.
Called wrapup()
Thread .top.OrderedMerge is exiting.
20 ms. Memory: 146944K Free: 121316K (83%)
/home/travis/build/icyphy/ptII/ptolemy/actor/lib/test/Publisher.tcl
-- Thread stopped.
-- Blocked Receiver call threw TerminateProcessException.
6 ms. Memory: 146944K Free: 114191K (78%)
5 ms. Memory: 146944K Free: 108253K (74%)
3 ms. Memory: 146944K Free: 104690K (71%)
4 ms. Memory: 146944K Free: 103503K (70%)
3 ms. Memory: 146944K Free: 102315K (70%)
3 ms. Memory: 146944K Free: 102315K (70%)
2 ms. Memory: 146944K Free: 101128K (69%)
8 ms. Memory: 146944K Free: 99940K (68%)
1 ms. Memory: 146944K Free: 91611K (62%)
3 ms. Memory: 146944K Free: 86861K (59%)
2 ms. Memory: 146944K Free: 86861K (59%)
1 ms. Memory: 146944K Free: 84483K (57%)
6 ms. Memory: 208384K Free: 196591K (94%)
10 ms. Memory: 208384K Free: 187071K (90%)
5 ms. Memory: 208384K Free: 175168K (84%)
/home/travis/build/icyphy/ptII/ptolemy/actor/lib/test/Pulse.tcl
6 ms. Memory: 208384K Free: 132328K (64%)
2 ms. Memory: 208384K Free: 132328K (64%)
2 ms. Memory: 208384K Free: 129948K (62%)
1 ms. Memory: 208384K Free: 129948K (62%)
1 ms. Memory: 208384K Free: 129948K (62%)
7 ms. Memory: 208384K Free: 129948K (62%)
10 ms. Memory: 208384K Free: 127568K (61%)
2 ms. Memory: 208384K Free: 127568K (61%)
1 ms. Memory: 208384K Free: 127568K (61%)
/home/travis/build/icyphy/ptII/ptolemy/actor/lib/test/Ramp.tcl
2 ms. Memory: 208384K Free: 125188K (60%)
2 ms. Memory: 208384K Free: 122808K (59%)
2 ms. Memory: 208384K Free: 122808K (59%)
1 ms. Memory: 208384K Free: 122808K (59%)
3 ms. Memory: 208384K Free: 122808K (59%)
6 ms. Memory: 208384K Free: 120428K (58%)
7 ms. Memory: 208384K Free: 120428K (58%)
5 actors
18000 microseconds per iteration to create
5 ms. Memory: 208384K Free: 118048K (57%)
2 ms. Memory: 208384K Free: 115652K (55%)
6 ms. Memory: 208384K Free: 115652K (55%)
4 ms. Memory: 208384K Free: 115652K (55%)
50 actors
36000 microseconds per iteration to create
27 ms. Memory: 208384K Free: 98936K (47%)
6 ms. Memory: 208384K Free: 98936K (47%)
5 ms. Memory: 208384K Free: 96556K (46%)
6 ms. Memory: 208384K Free: 96556K (46%)
500 actors
1307000 microseconds per iteration to create
288 ms. Memory: 333312K Free: 286967K (86%)
52 ms. Memory: 333312K Free: 282142K (85%)
60 ms. Memory: 333312K Free: 277317K (83%)
38 ms. Memory: 333312K Free: 272492K (82%)
/home/travis/build/icyphy/ptII/ptolemy/actor/lib/test/RampContinuous.tcl
6 ms. Memory: 333312K Free: 272492K (82%)
/home/travis/build/icyphy/ptII/ptolemy/actor/lib/test/RecordAssembler.tcl
5 ms. Memory: 333312K Free: 267659K (80%)
6 ms. Memory: 333312K Free: 267659K (80%)
/home/travis/build/icyphy/ptII/ptolemy/actor/lib/test/RecordDisassembler.tcl
5 ms. Memory: 333312K Free: 267659K (80%)
4 ms. Memory: 333312K Free: 267659K (80%)
6 ms. Memory: 333312K Free: 262818K (79%)
/home/travis/build/icyphy/ptII/ptolemy/actor/lib/test/Scale.tcl
2 ms. Memory: 333312K Free: 262818K (79%)
2 ms. Memory: 333312K Free: 262818K (79%)
1 ms. Memory: 333312K Free: 262818K (79%)
2 ms. Memory: 333312K Free: 257977K (77%)
4 ms. Memory: 333312K Free: 257977K (77%)
/home/travis/build/icyphy/ptII/ptolemy/actor/lib/test/SequentialClock.tcl
preinitializing
resolving types
initializing
executing number 1
wrapping up
idle
4 ms. Memory: 333312K Free: 257977K (77%)
Completed execution with 5 iterations
preinitializing
resolving types
initializing
executing number 1
wrapping up
idle
3 ms. Memory: 333312K Free: 257977K (77%)
Completed execution with 5 iterations
preinitializing
resolving types
initializing
executing number 1
wrapping up
idle
2 ms. Memory: 333312K Free: 257977K (77%)
Completed execution with 5 iterations
/home/travis/build/icyphy/ptII/ptolemy/actor/lib/test/SetVariable.tcl
4 ms. Memory: 333312K Free: 253152K (76%)
/home/travis/build/icyphy/ptII/ptolemy/actor/lib/test/Sinewave.tcl
/home/travis/build/icyphy/ptII/ptolemy/actor/lib/test/SubscriptionAggregator.tcl
5 ms. Memory: 333312K Free: 243478K (73%)
3 ms. Memory: 333312K Free: 238637K (72%)
1 ms. Memory: 333312K Free: 238637K (72%)
0 ms. Memory: 333312K Free: 238637K (72%)
1 ms. Memory: 333312K Free: 233796K (70%)
3 ms. Memory: 333312K Free: 233796K (70%)
...............................................................946 ms. Memory: 583168K Free: 365404K (63%)
/home/travis/build/icyphy/ptII/ptolemy/actor/lib/test/Test.tcl
 The next command will produce a warning about training mode,
   which may be ignored.
3 ms. Memory: 583168K Free: 365404K (63%)
2 ms. Memory: 583168K Free: 365404K (63%)
1 ms. Memory: 583168K Free: 365404K (63%)
1 ms. Memory: 583168K Free: 365404K (63%)
3 ms. Memory: 583168K Free: 365404K (63%)
2 ms. Memory: 583168K Free: 355678K (61%)
4 ms. Memory: 583168K Free: 355678K (61%)
 The next command will produce a warning about training mode,
   which may be ignored.
6 ms. Memory: 583168K Free: 355678K (61%)
 The next command will produce a warning about training mode,
   which may be ignored.
3 ms. Memory: 583168K Free: 355678K (61%)
1 ms. Memory: 583168K Free: 355678K (61%)
1 ms. Memory: 583168K Free: 355678K (61%)
4 ms. Memory: 583168K Free: 355678K (61%)
5 ms. Memory: 583168K Free: 355678K (61%)
4 ms. Memory: 583168K Free: 345969K (59%)
/home/travis/build/icyphy/ptII/ptolemy/actor/lib/test/TestExceptionHandler.tcl
 The next command will produce a warning about training mode,
   which may be ignored.
2 ms. Memory: 583168K Free: 345969K (59%)
1 ms. Memory: 583168K Free: 345969K (59%)
0 ms. Memory: 583168K Free: 345969K (59%)
/home/travis/build/icyphy/ptII/ptolemy/actor/lib/test/UnionDisassembler.tcl
25 ms. Memory: 583168K Free: 336243K (58%)
/home/travis/build/icyphy/ptII/ptolemy/actor/lib/test/VariableClock.tcl
preinitializing
resolving types
initializing
executing number 1
wrapping up
idle
8 ms. Memory: 583168K Free: 336243K (58%)
Completed execution with 11 iterations
preinitializing
resolving types
initializing
executing number 1
wrapping up
idle
6 ms. Memory: 583168K Free: 336243K (58%)
Completed execution with 10 iterations
09/26/18 02:43:27
Failed: 0  Total Tests: 234  ((Passed: 234, Newly Passed: 0)  Known Failed: 0) /home/travis/build/icyphy/ptII/ptolemy/actor/lib/test
----------------- testing (KnownFailure) /home/travis/build/icyphy/ptII/ptolemy/actor/lib/test/auto/knownFailedTests/PublisherPortToplevelSubscriber.xml
1 ms. Memory: 583168K Free: 326464K (56%)
Known Failure: java.lang.reflect.InvocationTargetException
----------------- testing (KnownFailure) /home/travis/build/icyphy/ptII/ptolemy/actor/lib/test/auto/knownFailedTests/PublisherSubscriberPortToplevel.xml
0 ms. Memory: 583168K Free: 306906K (53%)
Known Failure: java.lang.reflect.InvocationTargetException
----------------- testing (KnownFailure) /home/travis/build/icyphy/ptII/ptolemy/actor/lib/test/auto/knownFailedTests/PublisherSubscriptionAggregatorPort.xml
3 ms. Memory: 583168K Free: 287347K (49%)
Known Failure: java.lang.reflect.InvocationTargetException
----------------- testing (KnownFailure) /home/travis/build/icyphy/ptII/ptolemy/actor/lib/test/auto/knownFailedTests/sizedarray3.xml
4 ms. Memory: 583168K Free: 267788K (46%)
Known Failure: java.lang.reflect.InvocationTargetException
No auto/linux-amd64/*.xml tests in /home/travis/build/icyphy/ptII/ptolemy/actor/lib/test
AutoTests.java: About to close Vertx.
AutoTests.java: Vertx closed.

===========================================================================================
----------------- testing Wed Sep 26 02:43:28 UTC 2018 /home/travis/build/icyphy/ptII/ptolemy/actor/lib/test/auto/AbsoluteValue.xml
----------------- Instantiating /home/travis/build/icyphy/ptII/ptolemy/actor/lib/test/auto/AbsoluteValue.xml
16 ms. Memory: 583168K Free: 179984K (31%)
----------------- Invoking toplevel() on ptolemy.moml.MoMLSimpleApplication@58d639b5
----------------- Done invoking toplevel() on ptolemy.moml.MoMLSimpleApplication@58d639b5
reloadAllAccessors: .AbsoluteValue

===========================================================================================
----------------- testing Wed Sep 26 02:43:28 UTC 2018 /home/travis/build/icyphy/ptII/ptolemy/actor/lib/test/auto/AbsoluteValue2.xml
----------------- Instantiating /home/travis/build/icyphy/ptII/ptolemy/actor/lib/test/auto/AbsoluteValue2.xml
5 ms. Memory: 583168K Free: 165299K (28%)
----------------- Invoking toplevel() on ptolemy.moml.MoMLSimpleApplication@386e5112
----------------- Done invoking toplevel() on ptolemy.moml.MoMLSimpleApplication@386e5112
reloadAllAccessors: .AbsoluteValue2

===========================================================================================
----------------- testing Wed Sep 26 02:43:28 UTC 2018 /home/travis/build/icyphy/ptII/ptolemy/actor/lib/test/auto/Accumulator.xml
----------------- Instantiating /home/travis/build/icyphy/ptII/ptolemy/actor/lib/test/auto/Accumulator.xml
21 ms. Memory: 583168K Free: 155520K (27%)
----------------- Invoking toplevel() on ptolemy.moml.MoMLSimpleApplication@7fa7f465
----------------- Done invoking toplevel() on ptolemy.moml.MoMLSimpleApplication@7fa7f465
reloadAllAccessors: .Accumulator

===========================================================================================
----------------- testing Wed Sep 26 02:43:28 UTC 2018 /home/travis/build/icyphy/ptII/ptolemy/actor/lib/test/auto/Accumulator2.xml
----------------- Instantiating /home/travis/build/icyphy/ptII/ptolemy/actor/lib/test/auto/Accumulator2.xml
4 ms. Memory: 583168K Free: 136031K (23%)
----------------- Invoking toplevel() on ptolemy.moml.MoMLSimpleApplication@5c48e157
----------------- Done invoking toplevel() on ptolemy.moml.MoMLSimpleApplication@5c48e157
reloadAllAccessors: .Accumulator2

===========================================================================================
----------------- testing Wed Sep 26 02:43:28 UTC 2018 /home/travis/build/icyphy/ptII/ptolemy/actor/lib/test/auto/Accumulator3.xml
----------------- Instantiating /home/travis/build/icyphy/ptII/ptolemy/actor/lib/test/auto/Accumulator3.xml
10 ms. Memory: 583168K Free: 126252K (22%)
----------------- Invoking toplevel() on ptolemy.moml.MoMLSimpleApplication@7a3a7dd8
----------------- Done invoking toplevel() on ptolemy.moml.MoMLSimpleApplication@7a3a7dd8
reloadAllAccessors: .Accumulator3

===========================================================================================
----------------- testing Wed Sep 26 02:43:28 UTC 2018 /home/travis/build/icyphy/ptII/ptolemy/actor/lib/test/auto/ArrayAppend.xml
----------------- Instantiating /home/travis/build/icyphy/ptII/ptolemy/actor/lib/test/auto/ArrayAppend.xml
4 ms. Memory: 583168K Free: 116472K (20%)
----------------- Invoking toplevel() on ptolemy.moml.MoMLSimpleApplication@4ac20e9d
----------------- Done invoking toplevel() on ptolemy.moml.MoMLSimpleApplication@4ac20e9d
reloadAllAccessors: .ArrayAppend

===========================================================================================
----------------- testing Wed Sep 26 02:43:28 UTC 2018 /home/travis/build/icyphy/ptII/ptolemy/actor/lib/test/auto/ArrayAppend2.xml
----------------- Instantiating /home/travis/build/icyphy/ptII/ptolemy/actor/lib/test/auto/ArrayAppend2.xml
776 ms. Memory: 583680K Free: 499734K (86%)
----------------- Invoking toplevel() on ptolemy.moml.MoMLSimpleApplication@739202e
----------------- Done invoking toplevel() on ptolemy.moml.MoMLSimpleApplication@739202e
reloadAllAccessors: .ArrayAppend2

===========================================================================================
----------------- testing Wed Sep 26 02:43:29 UTC 2018 /home/travis/build/icyphy/ptII/ptolemy/actor/lib/test/auto/ArrayAppend3.xml
----------------- Instantiating /home/travis/build/icyphy/ptII/ptolemy/actor/lib/test/auto/ArrayAppend3.xml
4 ms. Memory: 583680K Free: 482322K (83%)
----------------- Invoking toplevel() on ptolemy.moml.MoMLSimpleApplication@33aa0c07
----------------- Done invoking toplevel() on ptolemy.moml.MoMLSimpleApplication@33aa0c07
reloadAllAccessors: .ArrayAppend3

===========================================================================================
----------------- testing Wed Sep 26 02:43:29 UTC 2018 /home/travis/build/icyphy/ptII/ptolemy/actor/lib/test/auto/ArrayAppend4.xml
----------------- Instantiating /home/travis/build/icyphy/ptII/ptolemy/actor/lib/test/auto/ArrayAppend4.xml
3 ms. Memory: 583680K Free: 475802K (82%)
----------------- Invoking toplevel() on ptolemy.moml.MoMLSimpleApplication@4e90ad36
----------------- Done invoking toplevel() on ptolemy.moml.MoMLSimpleApplication@4e90ad36
reloadAllAccessors: .ArrayAppend4

===========================================================================================
----------------- testing Wed Sep 26 02:43:29 UTC 2018 /home/travis/build/icyphy/ptII/ptolemy/actor/lib/test/auto/ArrayAppend5.xml
----------------- Instantiating /home/travis/build/icyphy/ptII/ptolemy/actor/lib/test/auto/ArrayAppend5.xml
1 ms. Memory: 583680K Free: 469283K (80%)
----------------- Invoking toplevel() on ptolemy.moml.MoMLSimpleApplication@5576a211
----------------- Done invoking toplevel() on ptolemy.moml.MoMLSimpleApplication@5576a211
reloadAllAccessors: .ArrayAppend5

===========================================================================================
----------------- testing Wed Sep 26 02:43:29 UTC 2018 /home/travis/build/icyphy/ptII/ptolemy/actor/lib/test/auto/ArrayAppend6.xml
----------------- Instantiating /home/travis/build/icyphy/ptII/ptolemy/actor/lib/test/auto/ArrayAppend6.xml
4 ms. Memory: 583680K Free: 454685K (78%)
----------------- Invoking toplevel() on ptolemy.moml.MoMLSimpleApplication@27e31ae5
----------------- Done invoking toplevel() on ptolemy.moml.MoMLSimpleApplication@27e31ae5
reloadAllAccessors: .ArrayAppend6

===========================================================================================
----------------- testing Wed Sep 26 02:43:29 UTC 2018 /home/travis/build/icyphy/ptII/ptolemy/actor/lib/test/auto/ArrayAppendPerformanceTest.xml
----------------- Instantiating /home/travis/build/icyphy/ptII/ptolemy/actor/lib/test/auto/ArrayAppendPerformanceTest.xml
28 ms. Memory: 583680K Free: 441630K (76%)
----------------- Invoking toplevel() on ptolemy.moml.MoMLSimpleApplication@446cea02
----------------- Done invoking toplevel() on ptolemy.moml.MoMLSimpleApplication@446cea02
reloadAllAccessors: .ArrayAppendPerformanceTest

===========================================================================================
----------------- testing Wed Sep 26 02:43:29 UTC 2018 /home/travis/build/icyphy/ptII/ptolemy/actor/lib/test/auto/ArrayAppendWithEmptyInput.xml
----------------- Instantiating /home/travis/build/icyphy/ptII/ptolemy/actor/lib/test/auto/ArrayAppendWithEmptyInput.xml
21 ms. Memory: 583680K Free: 431834K (74%)
----------------- Invoking toplevel() on ptolemy.moml.MoMLSimpleApplication@3fe2b5d7
----------------- Done invoking toplevel() on ptolemy.moml.MoMLSimpleApplication@3fe2b5d7
reloadAllAccessors: .ArrayAppendWithEmptyInput

===========================================================================================
----------------- testing Wed Sep 26 02:43:29 UTC 2018 /home/travis/build/icyphy/ptII/ptolemy/actor/lib/test/auto/ArrayAverage.xml
----------------- Instantiating /home/travis/build/icyphy/ptII/ptolemy/actor/lib/test/auto/ArrayAverage.xml
8 ms. Memory: 583680K Free: 422047K (72%)
----------------- Invoking toplevel() on ptolemy.moml.MoMLSimpleApplication@2ed36cb4
----------------- Done invoking toplevel() on ptolemy.moml.MoMLSimpleApplication@2ed36cb4
reloadAllAccessors: .ArrayAverage

===========================================================================================
----------------- testing Wed Sep 26 02:43:29 UTC 2018 /home/travis/build/icyphy/ptII/ptolemy/actor/lib/test/auto/ArrayContains.xml
----------------- Instantiating /home/travis/build/icyphy/ptII/ptolemy/actor/lib/test/auto/ArrayContains.xml
3 ms. Memory: 583680K Free: 404173K (69%)
----------------- Invoking toplevel() on ptolemy.moml.MoMLSimpleApplication@79c467af
----------------- Done invoking toplevel() on ptolemy.moml.MoMLSimpleApplication@79c467af
reloadAllAccessors: .ArrayContains

===========================================================================================
----------------- testing Wed Sep 26 02:43:29 UTC 2018 /home/travis/build/icyphy/ptII/ptolemy/actor/lib/test/auto/ArrayElement.xml
----------------- Instantiating /home/travis/build/icyphy/ptII/ptolemy/actor/lib/test/auto/ArrayElement.xml
8 ms. Memory: 583680K Free: 392764K (67%)
----------------- Invoking toplevel() on ptolemy.moml.MoMLSimpleApplication@1c5551df
----------------- Done invoking toplevel() on ptolemy.moml.MoMLSimpleApplication@1c5551df
reloadAllAccessors: .ArrayElement

===========================================================================================
----------------- testing Wed Sep 26 02:43:29 UTC 2018 /home/travis/build/icyphy/ptII/ptolemy/actor/lib/test/auto/ArrayElementAsMatrix.xml
----------------- Instantiating /home/travis/build/icyphy/ptII/ptolemy/actor/lib/test/auto/ArrayElementAsMatrix.xml
15 ms. Memory: 583680K Free: 379701K (65%)
----------------- Invoking toplevel() on ptolemy.moml.MoMLSimpleApplication@c2b0a5e
----------------- Done invoking toplevel() on ptolemy.moml.MoMLSimpleApplication@c2b0a5e
reloadAllAccessors: .ArrayElementAsMatrix

===========================================================================================
----------------- testing Wed Sep 26 02:43:29 UTC 2018 /home/travis/build/icyphy/ptII/ptolemy/actor/lib/test/auto/ArrayElementI.xml
----------------- Instantiating /home/travis/build/icyphy/ptII/ptolemy/actor/lib/test/auto/ArrayElementI.xml
4 ms. Memory: 583680K Free: 373182K (64%)
----------------- Invoking toplevel() on ptolemy.moml.MoMLSimpleApplication@344574c
----------------- Done invoking toplevel() on ptolemy.moml.MoMLSimpleApplication@344574c
reloadAllAccessors: .ArrayElementI

===========================================================================================
----------------- testing Wed Sep 26 02:43:29 UTC 2018 /home/travis/build/icyphy/ptII/ptolemy/actor/lib/test/auto/ArrayExtract.xml
----------------- Instantiating /home/travis/build/icyphy/ptII/ptolemy/actor/lib/test/auto/ArrayExtract.xml
7 ms. Memory: 583680K Free: 355308K (61%)
----------------- Invoking toplevel() on ptolemy.moml.MoMLSimpleApplication@6abca9ab
----------------- Done invoking toplevel() on ptolemy.moml.MoMLSimpleApplication@6abca9ab
reloadAllAccessors: .ArrayExtract

===========================================================================================
----------------- testing Wed Sep 26 02:43:29 UTC 2018 /home/travis/build/icyphy/ptII/ptolemy/actor/lib/test/auto/ArrayExtract2.xml
----------------- Instantiating /home/travis/build/icyphy/ptII/ptolemy/actor/lib/test/auto/ArrayExtract2.xml
3 ms. Memory: 583680K Free: 348789K (60%)
----------------- Invoking toplevel() on ptolemy.moml.MoMLSimpleApplication@1ba40705
----------------- Done invoking toplevel() on ptolemy.moml.MoMLSimpleApplication@1ba40705
reloadAllAccessors: .ArrayExtract2

===========================================================================================
----------------- testing Wed Sep 26 02:43:29 UTC 2018 /home/travis/build/icyphy/ptII/ptolemy/actor/lib/test/auto/ArrayLength.xml
----------------- Instantiating /home/travis/build/icyphy/ptII/ptolemy/actor/lib/test/auto/ArrayLength.xml
2 ms. Memory: 583680K Free: 342269K (59%)
----------------- Invoking toplevel() on ptolemy.moml.MoMLSimpleApplication@6e633680
----------------- Done invoking toplevel() on ptolemy.moml.MoMLSimpleApplication@6e633680
reloadAllAccessors: .ArrayLength

===========================================================================================
----------------- testing Wed Sep 26 02:43:29 UTC 2018 /home/travis/build/icyphy/ptII/ptolemy/actor/lib/test/auto/ArrayLevelCrossing.xml
----------------- Instantiating /home/travis/build/icyphy/ptII/ptolemy/actor/lib/test/auto/ArrayLevelCrossing.xml
2 ms. Memory: 583680K Free: 324395K (56%)
----------------- Invoking toplevel() on ptolemy.moml.MoMLSimpleApplication@778dec7e
----------------- Done invoking toplevel() on ptolemy.moml.MoMLSimpleApplication@778dec7e
reloadAllAccessors: .ArrayLevelCrossing

===========================================================================================
----------------- testing Wed Sep 26 02:43:30 UTC 2018 /home/travis/build/icyphy/ptII/ptolemy/actor/lib/test/auto/ArrayLevelCrossing2.xml
----------------- Instantiating /home/travis/build/icyphy/ptII/ptolemy/actor/lib/test/auto/ArrayLevelCrossing2.xml
7 ms. Memory: 583680K Free: 314600K (54%)
----------------- Invoking toplevel() on ptolemy.moml.MoMLSimpleApplication@5d9a703c
----------------- Done invoking toplevel() on ptolemy.moml.MoMLSimpleApplication@5d9a703c
reloadAllAccessors: .ArrayLevelCrossing2

===========================================================================================
----------------- testing Wed Sep 26 02:43:30 UTC 2018 /home/travis/build/icyphy/ptII/ptolemy/actor/lib/test/auto/ArrayPeakSearch.xml
----------------- Instantiating /home/travis/build/icyphy/ptII/ptolemy/actor/lib/test/auto/ArrayPeakSearch.xml
6 ms. Memory: 583680K Free: 301545K (52%)
----------------- Invoking toplevel() on ptolemy.moml.MoMLSimpleApplication@2237e07c
----------------- Done invoking toplevel() on ptolemy.moml.MoMLSimpleApplication@2237e07c
reloadAllAccessors: .ArrayPeakSearch

===========================================================================================
----------------- testing Wed Sep 26 02:43:30 UTC 2018 /home/travis/build/icyphy/ptII/ptolemy/actor/lib/test/auto/ArrayPeakSearch2.xml
----------------- Instantiating /home/travis/build/icyphy/ptII/ptolemy/actor/lib/test/auto/ArrayPeakSearch2.xml
5 ms. Memory: 583680K Free: 288490K (49%)
----------------- Invoking toplevel() on ptolemy.moml.MoMLSimpleApplication@25bd49f4
----------------- Done invoking toplevel() on ptolemy.moml.MoMLSimpleApplication@25bd49f4
reloadAllAccessors: .ArrayPeakSearch2

===========================================================================================
----------------- testing Wed Sep 26 02:43:30 UTC 2018 /home/travis/build/icyphy/ptII/ptolemy/actor/lib/test/auto/ArrayPeakSearch3.xml
----------------- Instantiating /home/travis/build/icyphy/ptII/ptolemy/actor/lib/test/auto/ArrayPeakSearch3.xml
8 ms. Memory: 583680K Free: 267356K (46%)
----------------- Invoking toplevel() on ptolemy.moml.MoMLSimpleApplication@1931922d
----------------- Done invoking toplevel() on ptolemy.moml.MoMLSimpleApplication@1931922d
reloadAllAccessors: .ArrayPeakSearch3

===========================================================================================
----------------- testing Wed Sep 26 02:43:30 UTC 2018 /home/travis/build/icyphy/ptII/ptolemy/actor/lib/test/auto/ArrayRemoveElement.xml
----------------- Instantiating /home/travis/build/icyphy/ptII/ptolemy/actor/lib/test/auto/ArrayRemoveElement.xml
3 ms. Memory: 583680K Free: 257577K (44%)
----------------- Invoking toplevel() on ptolemy.moml.MoMLSimpleApplication@db146a1
----------------- Done invoking toplevel() on ptolemy.moml.MoMLSimpleApplication@db146a1
reloadAllAccessors: .ArrayRemoveElement

===========================================================================================
----------------- testing Wed Sep 26 02:43:30 UTC 2018 /home/travis/build/icyphy/ptII/ptolemy/actor/lib/test/auto/ArraySort.xml
----------------- Instantiating /home/travis/build/icyphy/ptII/ptolemy/actor/lib/test/auto/ArraySort.xml
4 ms. Memory: 583680K Free: 244490K (42%)
----------------- Invoking toplevel() on ptolemy.moml.MoMLSimpleApplication@10ce1516
----------------- Done invoking toplevel() on ptolemy.moml.MoMLSimpleApplication@10ce1516
reloadAllAccessors: .ArraySort

===========================================================================================
----------------- testing Wed Sep 26 02:43:30 UTC 2018 /home/travis/build/icyphy/ptII/ptolemy/actor/lib/test/auto/ArraySum.xml
----------------- Instantiating /home/travis/build/icyphy/ptII/ptolemy/actor/lib/test/auto/ArraySum.xml
4 ms. Memory: 583680K Free: 234703K (40%)
----------------- Invoking toplevel() on ptolemy.moml.MoMLSimpleApplication@fb407e8
----------------- Done invoking toplevel() on ptolemy.moml.MoMLSimpleApplication@fb407e8
reloadAllAccessors: .ArraySum

===========================================================================================
----------------- testing Wed Sep 26 02:43:30 UTC 2018 /home/travis/build/icyphy/ptII/ptolemy/actor/lib/test/auto/ArrayToElements.xml
----------------- Instantiating /home/travis/build/icyphy/ptII/ptolemy/actor/lib/test/auto/ArrayToElements.xml
4 ms. Memory: 583680K Free: 216829K (37%)
----------------- Invoking toplevel() on ptolemy.moml.MoMLSimpleApplication@3a3c9864
----------------- Done invoking toplevel() on ptolemy.moml.MoMLSimpleApplication@3a3c9864
reloadAllAccessors: .ArrayToElements

===========================================================================================
----------------- testing Wed Sep 26 02:43:30 UTC 2018 /home/travis/build/icyphy/ptII/ptolemy/actor/lib/test/auto/ArrayToMatrix.xml
----------------- Instantiating /home/travis/build/icyphy/ptII/ptolemy/actor/lib/test/auto/ArrayToMatrix.xml
12 ms. Memory: 583680K Free: 197223K (34%)
----------------- Invoking toplevel() on ptolemy.moml.MoMLSimpleApplication@296a627d
----------------- Done invoking toplevel() on ptolemy.moml.MoMLSimpleApplication@296a627d
reloadAllAccessors: .ArrayToMatrix

===========================================================================================
----------------- testing Wed Sep 26 02:43:30 UTC 2018 /home/travis/build/icyphy/ptII/ptolemy/actor/lib/test/auto/ArrayUpdate1.xml
----------------- Instantiating /home/travis/build/icyphy/ptII/ptolemy/actor/lib/test/auto/ArrayUpdate1.xml
3 ms. Memory: 583680K Free: 190703K (33%)
----------------- Invoking toplevel() on ptolemy.moml.MoMLSimpleApplication@276c44a5
----------------- Done invoking toplevel() on ptolemy.moml.MoMLSimpleApplication@276c44a5
reloadAllAccessors: .ArrayUpdate1

===========================================================================================
----------------- testing Wed Sep 26 02:43:30 UTC 2018 /home/travis/build/icyphy/ptII/ptolemy/actor/lib/test/auto/ArrayUpdate2.xml
----------------- Instantiating /home/travis/build/icyphy/ptII/ptolemy/actor/lib/test/auto/ArrayUpdate2.xml
6 ms. Memory: 583680K Free: 172829K (30%)
----------------- Invoking toplevel() on ptolemy.moml.MoMLSimpleApplication@27624ee5
----------------- Done invoking toplevel() on ptolemy.moml.MoMLSimpleApplication@27624ee5
reloadAllAccessors: .ArrayUpdate2

===========================================================================================
----------------- testing Wed Sep 26 02:43:30 UTC 2018 /home/travis/build/icyphy/ptII/ptolemy/actor/lib/test/auto/ArrayUpdate3.xml
----------------- Instantiating /home/travis/build/icyphy/ptII/ptolemy/actor/lib/test/auto/ArrayUpdate3.xml
3 ms. Memory: 583680K Free: 166310K (28%)
----------------- Invoking toplevel() on ptolemy.moml.MoMLSimpleApplication@5b0d420b
----------------- Done invoking toplevel() on ptolemy.moml.MoMLSimpleApplication@5b0d420b
reloadAllAccessors: .ArrayUpdate3

===========================================================================================
----------------- testing Wed Sep 26 02:43:30 UTC 2018 /home/travis/build/icyphy/ptII/ptolemy/actor/lib/test/auto/Assert1.xml
----------------- Instantiating /home/travis/build/icyphy/ptII/ptolemy/actor/lib/test/auto/Assert1.xml
3 ms. Memory: 583680K Free: 159790K (27%)
----------------- Invoking toplevel() on ptolemy.moml.MoMLSimpleApplication@7842f8ad
----------------- Done invoking toplevel() on ptolemy.moml.MoMLSimpleApplication@7842f8ad
reloadAllAccessors: .Assert1

===========================================================================================
----------------- testing Wed Sep 26 02:43:30 UTC 2018 /home/travis/build/icyphy/ptII/ptolemy/actor/lib/test/auto/Assert2.xml
----------------- Instantiating /home/travis/build/icyphy/ptII/ptolemy/actor/lib/test/auto/Assert2.xml
5 ms. Memory: 583680K Free: 153271K (26%)
----------------- Invoking toplevel() on ptolemy.moml.MoMLSimpleApplication@373246e7
----------------- Done invoking toplevel() on ptolemy.moml.MoMLSimpleApplication@373246e7
reloadAllAccessors: .Assert2

===========================================================================================
----------------- testing Wed Sep 26 02:43:30 UTC 2018 /home/travis/build/icyphy/ptII/ptolemy/actor/lib/test/auto/BooleanMultiplexor.xml
----------------- Instantiating /home/travis/build/icyphy/ptII/ptolemy/actor/lib/test/auto/BooleanMultiplexor.xml
3 ms. Memory: 583680K Free: 135397K (23%)
----------------- Invoking toplevel() on ptolemy.moml.MoMLSimpleApplication@4444bc94
----------------- Done invoking toplevel() on ptolemy.moml.MoMLSimpleApplication@4444bc94
reloadAllAccessors: .BooleanMultiplexor

===========================================================================================
----------------- testing Wed Sep 26 02:43:30 UTC 2018 /home/travis/build/icyphy/ptII/ptolemy/actor/lib/test/auto/BooleanMultiplexor2.xml
----------------- Instantiating /home/travis/build/icyphy/ptII/ptolemy/actor/lib/test/auto/BooleanMultiplexor2.xml
13 ms. Memory: 583680K Free: 125618K (22%)
----------------- Invoking toplevel() on ptolemy.moml.MoMLSimpleApplication@2cc923aa
----------------- Done invoking toplevel() on ptolemy.moml.MoMLSimpleApplication@2cc923aa
reloadAllAccessors: .BooleanMultiplexor2

===========================================================================================
----------------- testing Wed Sep 26 02:43:30 UTC 2018 /home/travis/build/icyphy/ptII/ptolemy/actor/lib/test/auto/BooleanMultiplexor3.xml
----------------- Instantiating /home/travis/build/icyphy/ptII/ptolemy/actor/lib/test/auto/BooleanMultiplexor3.xml
1 ms. Memory: 583680K Free: 119098K (20%)
----------------- Invoking toplevel() on ptolemy.moml.MoMLSimpleApplication@3480370b
----------------- Done invoking toplevel() on ptolemy.moml.MoMLSimpleApplication@3480370b
reloadAllAccessors: .BooleanMultiplexor3

===========================================================================================
----------------- testing Wed Sep 26 02:43:30 UTC 2018 /home/travis/build/icyphy/ptII/ptolemy/actor/lib/test/auto/BooleanSelect.xml
----------------- Instantiating /home/travis/build/icyphy/ptII/ptolemy/actor/lib/test/auto/BooleanSelect.xml
4 ms. Memory: 583680K Free: 109303K (19%)
----------------- Invoking toplevel() on ptolemy.moml.MoMLSimpleApplication@57827da7
----------------- Done invoking toplevel() on ptolemy.moml.MoMLSimpleApplication@57827da7
reloadAllAccessors: .BooleanSelect

===========================================================================================
----------------- testing Wed Sep 26 02:43:30 UTC 2018 /home/travis/build/icyphy/ptII/ptolemy/actor/lib/test/auto/BooleanSelect2.xml
----------------- Instantiating /home/travis/build/icyphy/ptII/ptolemy/actor/lib/test/auto/BooleanSelect2.xml
1 ms. Memory: 583680K Free: 94705K (16%)
----------------- Invoking toplevel() on ptolemy.moml.MoMLSimpleApplication@253d16ae
----------------- Done invoking toplevel() on ptolemy.moml.MoMLSimpleApplication@253d16ae
reloadAllAccessors: .BooleanSelect2

===========================================================================================
----------------- testing Wed Sep 26 02:43:30 UTC 2018 /home/travis/build/icyphy/ptII/ptolemy/actor/lib/test/auto/BooleanSwitch.xml
----------------- Instantiating /home/travis/build/icyphy/ptII/ptolemy/actor/lib/test/auto/BooleanSwitch.xml
2 ms. Memory: 583680K Free: 84910K (15%)
----------------- Invoking toplevel() on ptolemy.moml.MoMLSimpleApplication@24b8cfd2
----------------- Done invoking toplevel() on ptolemy.moml.MoMLSimpleApplication@24b8cfd2
reloadAllAccessors: .BooleanSwitch

===========================================================================================
----------------- testing Wed Sep 26 02:43:30 UTC 2018 /home/travis/build/icyphy/ptII/ptolemy/actor/lib/test/auto/BooleanSwitch2.xml
----------------- Instantiating /home/travis/build/icyphy/ptII/ptolemy/actor/lib/test/auto/BooleanSwitch2.xml
2 ms. Memory: 583680K Free: 78390K (13%)
----------------- Invoking toplevel() on ptolemy.moml.MoMLSimpleApplication@39c084b2
----------------- Done invoking toplevel() on ptolemy.moml.MoMLSimpleApplication@39c084b2
reloadAllAccessors: .BooleanSwitch2

===========================================================================================
----------------- testing Wed Sep 26 02:43:30 UTC 2018 /home/travis/build/icyphy/ptII/ptolemy/actor/lib/test/auto/BooleanSwitchCloningBugWithClassRelationGroup.xml
----------------- Instantiating /home/travis/build/icyphy/ptII/ptolemy/actor/lib/test/auto/BooleanSwitchCloningBugWithClassRelationGroup.xml
2 ms. Memory: 583680K Free: 60517K (10%)
----------------- Invoking toplevel() on ptolemy.moml.MoMLSimpleApplication@512d7ec2
----------------- Done invoking toplevel() on ptolemy.moml.MoMLSimpleApplication@512d7ec2
reloadAllAccessors: .BooleanSwitchCloningBugWithClassRelationGroup

===========================================================================================
----------------- testing Wed Sep 26 02:43:30 UTC 2018 /home/travis/build/icyphy/ptII/ptolemy/actor/lib/test/auto/BusActors.xml
----------------- Instantiating /home/travis/build/icyphy/ptII/ptolemy/actor/lib/test/auto/BusActors.xml
8 ms. Memory: 881152K Free: 834347K (95%)
----------------- Invoking toplevel() on ptolemy.moml.MoMLSimpleApplication@37eb59ef
----------------- Done invoking toplevel() on ptolemy.moml.MoMLSimpleApplication@37eb59ef
reloadAllAccessors: .BusActors

===========================================================================================
----------------- testing Wed Sep 26 02:43:30 UTC 2018 /home/travis/build/icyphy/ptII/ptolemy/actor/lib/test/auto/ClassWrapper.xml
----------------- Instantiating /home/travis/build/icyphy/ptII/ptolemy/actor/lib/test/auto/ClassWrapper.xml
3 ms. Memory: 881152K Free: 816747K (93%)
----------------- Invoking toplevel() on ptolemy.moml.MoMLSimpleApplication@5daf818c
----------------- Done invoking toplevel() on ptolemy.moml.MoMLSimpleApplication@5daf818c
reloadAllAccessors: .ClassWrapper

===========================================================================================
----------------- testing Wed Sep 26 02:43:30 UTC 2018 /home/travis/build/icyphy/ptII/ptolemy/actor/lib/test/auto/Clock.xml
----------------- Instantiating /home/travis/build/icyphy/ptII/ptolemy/actor/lib/test/auto/Clock.xml
4 ms. Memory: 881152K Free: 808924K (92%)
----------------- Invoking toplevel() on ptolemy.moml.MoMLSimpleApplication@1ec4469c
----------------- Done invoking toplevel() on ptolemy.moml.MoMLSimpleApplication@1ec4469c
reloadAllAccessors: .Clock

===========================================================================================
----------------- testing Wed Sep 26 02:43:30 UTC 2018 /home/travis/build/icyphy/ptII/ptolemy/actor/lib/test/auto/Clock10.xml
----------------- Instantiating /home/travis/build/icyphy/ptII/ptolemy/actor/lib/test/auto/Clock10.xml
7 ms. Memory: 881152K Free: 801101K (91%)
----------------- Invoking toplevel() on ptolemy.moml.MoMLSimpleApplication@69cbfc33
----------------- Done invoking toplevel() on ptolemy.moml.MoMLSimpleApplication@69cbfc33
reloadAllAccessors: .Clock10

===========================================================================================
----------------- testing Wed Sep 26 02:43:30 UTC 2018 /home/travis/build/icyphy/ptII/ptolemy/actor/lib/test/auto/Clock11.xml
----------------- Instantiating /home/travis/build/icyphy/ptII/ptolemy/actor/lib/test/auto/Clock11.xml
6 ms. Memory: 881152K Free: 793277K (90%)
----------------- Invoking toplevel() on ptolemy.moml.MoMLSimpleApplication@747852a4
----------------- Done invoking toplevel() on ptolemy.moml.MoMLSimpleApplication@747852a4
reloadAllAccessors: .Clock11

===========================================================================================
----------------- testing Wed Sep 26 02:43:30 UTC 2018 /home/travis/build/icyphy/ptII/ptolemy/actor/lib/test/auto/Clock12.xml
----------------- Instantiating /home/travis/build/icyphy/ptII/ptolemy/actor/lib/test/auto/Clock12.xml
4 ms. Memory: 881152K Free: 776061K (88%)
----------------- Invoking toplevel() on ptolemy.moml.MoMLSimpleApplication@10b48285
----------------- Done invoking toplevel() on ptolemy.moml.MoMLSimpleApplication@10b48285
reloadAllAccessors: .Clock12

===========================================================================================
----------------- testing Wed Sep 26 02:43:30 UTC 2018 /home/travis/build/icyphy/ptII/ptolemy/actor/lib/test/auto/Clock13.xml
----------------- Instantiating /home/travis/build/icyphy/ptII/ptolemy/actor/lib/test/auto/Clock13.xml
10 ms. Memory: 881152K Free: 768238K (87%)
----------------- Invoking toplevel() on ptolemy.moml.MoMLSimpleApplication@3fbdb9c5
----------------- Done invoking toplevel() on ptolemy.moml.MoMLSimpleApplication@3fbdb9c5
reloadAllAccessors: .Clock13

===========================================================================================
----------------- testing Wed Sep 26 02:43:31 UTC 2018 /home/travis/build/icyphy/ptII/ptolemy/actor/lib/test/auto/Clock14.xml
----------------- Instantiating /home/travis/build/icyphy/ptII/ptolemy/actor/lib/test/auto/Clock14.xml
7 ms. Memory: 881152K Free: 760414K (86%)
----------------- Invoking toplevel() on ptolemy.moml.MoMLSimpleApplication@352adadf
----------------- Done invoking toplevel() on ptolemy.moml.MoMLSimpleApplication@352adadf
reloadAllAccessors: .Clock14

===========================================================================================
----------------- testing Wed Sep 26 02:43:31 UTC 2018 /home/travis/build/icyphy/ptII/ptolemy/actor/lib/test/auto/Clock15.xml
----------------- Instantiating /home/travis/build/icyphy/ptII/ptolemy/actor/lib/test/auto/Clock15.xml
6 ms. Memory: 881152K Free: 752591K (85%)
----------------- Invoking toplevel() on ptolemy.moml.MoMLSimpleApplication@65929f2f
----------------- Done invoking toplevel() on ptolemy.moml.MoMLSimpleApplication@65929f2f
reloadAllAccessors: .Clock15

===========================================================================================
----------------- testing Wed Sep 26 02:43:31 UTC 2018 /home/travis/build/icyphy/ptII/ptolemy/actor/lib/test/auto/Clock16.xml
----------------- Instantiating /home/travis/build/icyphy/ptII/ptolemy/actor/lib/test/auto/Clock16.xml
28 ms. Memory: 881152K Free: 727552K (83%)
----------------- Invoking toplevel() on ptolemy.moml.MoMLSimpleApplication@3c7a3a25
----------------- Done invoking toplevel() on ptolemy.moml.MoMLSimpleApplication@3c7a3a25
reloadAllAccessors: .Clock16

===========================================================================================
----------------- testing Wed Sep 26 02:43:31 UTC 2018 /home/travis/build/icyphy/ptII/ptolemy/actor/lib/test/auto/Clock17.xml
----------------- Instantiating /home/travis/build/icyphy/ptII/ptolemy/actor/lib/test/auto/Clock17.xml
24 ms. Memory: 881152K Free: 711889K (81%)
----------------- Invoking toplevel() on ptolemy.moml.MoMLSimpleApplication@580e6f9b
----------------- Done invoking toplevel() on ptolemy.moml.MoMLSimpleApplication@580e6f9b
reloadAllAccessors: .Clock17

===========================================================================================
----------------- testing Wed Sep 26 02:43:31 UTC 2018 /home/travis/build/icyphy/ptII/ptolemy/actor/lib/test/auto/Clock18.xml
----------------- Instantiating /home/travis/build/icyphy/ptII/ptolemy/actor/lib/test/auto/Clock18.xml
22 ms. Memory: 881152K Free: 696226K (79%)
----------------- Invoking toplevel() on ptolemy.moml.MoMLSimpleApplication@50bef6fd
----------------- Done invoking toplevel() on ptolemy.moml.MoMLSimpleApplication@50bef6fd
reloadAllAccessors: .Clock18

===========================================================================================
----------------- testing Wed Sep 26 02:43:31 UTC 2018 /home/travis/build/icyphy/ptII/ptolemy/actor/lib/test/auto/Clock19.xml
----------------- Instantiating /home/travis/build/icyphy/ptII/ptolemy/actor/lib/test/auto/Clock19.xml
9 ms. Memory: 881152K Free: 680563K (77%)
----------------- Invoking toplevel() on ptolemy.moml.MoMLSimpleApplication@487860d1
----------------- Done invoking toplevel() on ptolemy.moml.MoMLSimpleApplication@487860d1
reloadAllAccessors: .Clock19

===========================================================================================
----------------- testing Wed Sep 26 02:43:31 UTC 2018 /home/travis/build/icyphy/ptII/ptolemy/actor/lib/test/auto/Clock2.xml
----------------- Instantiating /home/travis/build/icyphy/ptII/ptolemy/actor/lib/test/auto/Clock2.xml
8 ms. Memory: 881152K Free: 663347K (75%)
----------------- Invoking toplevel() on ptolemy.moml.MoMLSimpleApplication@1845a240
----------------- Done invoking toplevel() on ptolemy.moml.MoMLSimpleApplication@1845a240
reloadAllAccessors: .Clock2

===========================================================================================
----------------- testing Wed Sep 26 02:43:31 UTC 2018 /home/travis/build/icyphy/ptII/ptolemy/actor/lib/test/auto/Clock20.xml
----------------- Instantiating /home/travis/build/icyphy/ptII/ptolemy/actor/lib/test/auto/Clock20.xml
7 ms. Memory: 881152K Free: 655523K (74%)
----------------- Invoking toplevel() on ptolemy.moml.MoMLSimpleApplication@da5799f
----------------- Done invoking toplevel() on ptolemy.moml.MoMLSimpleApplication@da5799f
reloadAllAccessors: .Clock20

===========================================================================================
----------------- testing Wed Sep 26 02:43:31 UTC 2018 /home/travis/build/icyphy/ptII/ptolemy/actor/lib/test/auto/Clock21.xml
----------------- Instantiating /home/travis/build/icyphy/ptII/ptolemy/actor/lib/test/auto/Clock21.xml
8 ms. Memory: 881152K Free: 647700K (74%)
----------------- Invoking toplevel() on ptolemy.moml.MoMLSimpleApplication@6bfd7bd4
----------------- Done invoking toplevel() on ptolemy.moml.MoMLSimpleApplication@6bfd7bd4
reloadAllAccessors: .Clock21

===========================================================================================
----------------- testing Wed Sep 26 02:43:31 UTC 2018 /home/travis/build/icyphy/ptII/ptolemy/actor/lib/test/auto/Clock22.xml
----------------- Instantiating /home/travis/build/icyphy/ptII/ptolemy/actor/lib/test/auto/Clock22.xml
6 ms. Memory: 881152K Free: 639877K (73%)
----------------- Invoking toplevel() on ptolemy.moml.MoMLSimpleApplication@458929e3
----------------- Done invoking toplevel() on ptolemy.moml.MoMLSimpleApplication@458929e3
reloadAllAccessors: .Clock22

===========================================================================================
----------------- testing Wed Sep 26 02:43:31 UTC 2018 /home/travis/build/icyphy/ptII/ptolemy/actor/lib/test/auto/Clock23.xml
----------------- Instantiating /home/travis/build/icyphy/ptII/ptolemy/actor/lib/test/auto/Clock23.xml
12 ms. Memory: 881152K Free: 622660K (71%)
----------------- Invoking toplevel() on ptolemy.moml.MoMLSimpleApplication@72673c4d
----------------- Done invoking toplevel() on ptolemy.moml.MoMLSimpleApplication@72673c4d
reloadAllAccessors: .Clock23

===========================================================================================
----------------- testing Wed Sep 26 02:43:31 UTC 2018 /home/travis/build/icyphy/ptII/ptolemy/actor/lib/test/auto/Clock24.xml
----------------- Instantiating /home/travis/build/icyphy/ptII/ptolemy/actor/lib/test/auto/Clock24.xml
7 ms. Memory: 881152K Free: 614837K (70%)
----------------- Invoking toplevel() on ptolemy.moml.MoMLSimpleApplication@18326478
----------------- Done invoking toplevel() on ptolemy.moml.MoMLSimpleApplication@18326478
reloadAllAccessors: .Clock24

===========================================================================================
----------------- testing Wed Sep 26 02:43:31 UTC 2018 /home/travis/build/icyphy/ptII/ptolemy/actor/lib/test/auto/Clock4.xml
----------------- Instantiating /home/travis/build/icyphy/ptII/ptolemy/actor/lib/test/auto/Clock4.xml
6 ms. Memory: 881152K Free: 607014K (69%)
----------------- Invoking toplevel() on ptolemy.moml.MoMLSimpleApplication@155639ca
----------------- Done invoking toplevel() on ptolemy.moml.MoMLSimpleApplication@155639ca
reloadAllAccessors: .Clock4

===========================================================================================
----------------- testing Wed Sep 26 02:43:31 UTC 2018 /home/travis/build/icyphy/ptII/ptolemy/actor/lib/test/auto/Clock5.xml
----------------- Instantiating /home/travis/build/icyphy/ptII/ptolemy/actor/lib/test/auto/Clock5.xml
2 ms. Memory: 881152K Free: 599190K (68%)
----------------- Invoking toplevel() on ptolemy.moml.MoMLSimpleApplication@2b309640
----------------- Done invoking toplevel() on ptolemy.moml.MoMLSimpleApplication@2b309640
reloadAllAccessors: .Clock5

===========================================================================================
----------------- testing Wed Sep 26 02:43:31 UTC 2018 /home/travis/build/icyphy/ptII/ptolemy/actor/lib/test/auto/Clock6.xml
----------------- Instantiating /home/travis/build/icyphy/ptII/ptolemy/actor/lib/test/auto/Clock6.xml
3 ms. Memory: 881152K Free: 581974K (66%)
----------------- Invoking toplevel() on ptolemy.moml.MoMLSimpleApplication@75ae8e5
----------------- Done invoking toplevel() on ptolemy.moml.MoMLSimpleApplication@75ae8e5
reloadAllAccessors: .Clock6

===========================================================================================
----------------- testing Wed Sep 26 02:43:31 UTC 2018 /home/travis/build/icyphy/ptII/ptolemy/actor/lib/test/auto/Clock7.xml
----------------- Instantiating /home/travis/build/icyphy/ptII/ptolemy/actor/lib/test/auto/Clock7.xml
2 ms. Memory: 881152K Free: 574151K (65%)
----------------- Invoking toplevel() on ptolemy.moml.MoMLSimpleApplication@7a7b02d
----------------- Done invoking toplevel() on ptolemy.moml.MoMLSimpleApplication@7a7b02d
reloadAllAccessors: .Clock7

===========================================================================================
----------------- testing Wed Sep 26 02:43:31 UTC 2018 /home/travis/build/icyphy/ptII/ptolemy/actor/lib/test/auto/Clock8.xml
----------------- Instantiating /home/travis/build/icyphy/ptII/ptolemy/actor/lib/test/auto/Clock8.xml
12 ms. Memory: 881152K Free: 566327K (64%)
----------------- Invoking toplevel() on ptolemy.moml.MoMLSimpleApplication@455b4b12
----------------- Done invoking toplevel() on ptolemy.moml.MoMLSimpleApplication@455b4b12
reloadAllAccessors: .Clock8

===========================================================================================
----------------- testing Wed Sep 26 02:43:31 UTC 2018 /home/travis/build/icyphy/ptII/ptolemy/actor/lib/test/auto/Clock9.xml
----------------- Instantiating /home/travis/build/icyphy/ptII/ptolemy/actor/lib/test/auto/Clock9.xml
6 ms. Memory: 881152K Free: 558504K (63%)
----------------- Invoking toplevel() on ptolemy.moml.MoMLSimpleApplication@50b28ff9
----------------- Done invoking toplevel() on ptolemy.moml.MoMLSimpleApplication@50b28ff9
reloadAllAccessors: .Clock9

===========================================================================================
----------------- testing Wed Sep 26 02:43:31 UTC 2018 /home/travis/build/icyphy/ptII/ptolemy/actor/lib/test/auto/CommDistDiscard.xml
----------------- Instantiating /home/travis/build/icyphy/ptII/ptolemy/actor/lib/test/auto/CommDistDiscard.xml
2 ms. Memory: 881152K Free: 550681K (62%)
----------------- Invoking toplevel() on ptolemy.moml.MoMLSimpleApplication@62b528da
----------------- Done invoking toplevel() on ptolemy.moml.MoMLSimpleApplication@62b528da
reloadAllAccessors: .CommDistDiscard

===========================================================================================
----------------- testing Wed Sep 26 02:43:31 UTC 2018 /home/travis/build/icyphy/ptII/ptolemy/actor/lib/test/auto/Commutator.xml
----------------- Instantiating /home/travis/build/icyphy/ptII/ptolemy/actor/lib/test/auto/Commutator.xml
2 ms. Memory: 881152K Free: 533465K (61%)
----------------- Invoking toplevel() on ptolemy.moml.MoMLSimpleApplication@406aa76e
----------------- Done invoking toplevel() on ptolemy.moml.MoMLSimpleApplication@406aa76e
reloadAllAccessors: .Commutator

===========================================================================================
----------------- testing Wed Sep 26 02:43:31 UTC 2018 /home/travis/build/icyphy/ptII/ptolemy/actor/lib/test/auto/Commutator2.xml
----------------- Instantiating /home/travis/build/icyphy/ptII/ptolemy/actor/lib/test/auto/Commutator2.xml
1 ms. Memory: 881152K Free: 525642K (60%)
----------------- Invoking toplevel() on ptolemy.moml.MoMLSimpleApplication@78198baa
----------------- Done invoking toplevel() on ptolemy.moml.MoMLSimpleApplication@78198baa
reloadAllAccessors: .Commutator2

===========================================================================================
----------------- testing Wed Sep 26 02:43:31 UTC 2018 /home/travis/build/icyphy/ptII/ptolemy/actor/lib/test/auto/Commutator3.xml
----------------- Instantiating /home/travis/build/icyphy/ptII/ptolemy/actor/lib/test/auto/Commutator3.xml
2 ms. Memory: 881152K Free: 517818K (59%)
----------------- Invoking toplevel() on ptolemy.moml.MoMLSimpleApplication@ed24004
----------------- Done invoking toplevel() on ptolemy.moml.MoMLSimpleApplication@ed24004
reloadAllAccessors: .Commutator3

===========================================================================================
----------------- testing Wed Sep 26 02:43:31 UTC 2018 /home/travis/build/icyphy/ptII/ptolemy/actor/lib/test/auto/Compare.xml
----------------- Instantiating /home/travis/build/icyphy/ptII/ptolemy/actor/lib/test/auto/Compare.xml
2 ms. Memory: 881152K Free: 506075K (57%)
----------------- Invoking toplevel() on ptolemy.moml.MoMLSimpleApplication@5f971e84
----------------- Done invoking toplevel() on ptolemy.moml.MoMLSimpleApplication@5f971e84
reloadAllAccessors: .Compare

===========================================================================================
----------------- testing Wed Sep 26 02:43:31 UTC 2018 /home/travis/build/icyphy/ptII/ptolemy/actor/lib/test/auto/CompareDE.xml
----------------- Instantiating /home/travis/build/icyphy/ptII/ptolemy/actor/lib/test/auto/CompareDE.xml
3 ms. Memory: 881152K Free: 484931K (55%)
----------------- Invoking toplevel() on ptolemy.moml.MoMLSimpleApplication@5eeb9cd3
----------------- Done invoking toplevel() on ptolemy.moml.MoMLSimpleApplication@5eeb9cd3
reloadAllAccessors: .CompareDE

===========================================================================================
----------------- testing Wed Sep 26 02:43:31 UTC 2018 /home/travis/build/icyphy/ptII/ptolemy/actor/lib/test/auto/ComplexDivide.xml
----------------- Instantiating /home/travis/build/icyphy/ptII/ptolemy/actor/lib/test/auto/ComplexDivide.xml
2 ms. Memory: 881152K Free: 477108K (54%)
----------------- Invoking toplevel() on ptolemy.moml.MoMLSimpleApplication@6fd56e48
----------------- Done invoking toplevel() on ptolemy.moml.MoMLSimpleApplication@6fd56e48
reloadAllAccessors: .ComplexDivide

===========================================================================================
----------------- testing Wed Sep 26 02:43:31 UTC 2018 /home/travis/build/icyphy/ptII/ptolemy/actor/lib/test/auto/ComputeHistogram.xml
----------------- Instantiating /home/travis/build/icyphy/ptII/ptolemy/actor/lib/test/auto/ComputeHistogram.xml
24 ms. Memory: 881152K Free: 461437K (52%)
----------------- Invoking toplevel() on ptolemy.moml.MoMLSimpleApplication@596c6121
----------------- Done invoking toplevel() on ptolemy.moml.MoMLSimpleApplication@596c6121
reloadAllAccessors: .ComputeHistogram

===========================================================================================
----------------- testing Wed Sep 26 02:43:31 UTC 2018 /home/travis/build/icyphy/ptII/ptolemy/actor/lib/test/auto/ConfigurationSelect.xml
----------------- Instantiating /home/travis/build/icyphy/ptII/ptolemy/actor/lib/test/auto/ConfigurationSelect.xml
2 ms. Memory: 881152K Free: 453614K (51%)
----------------- Invoking toplevel() on ptolemy.moml.MoMLSimpleApplication@3db355e6
----------------- Done invoking toplevel() on ptolemy.moml.MoMLSimpleApplication@3db355e6
reloadAllAccessors: .ConfigurationSelect

===========================================================================================
----------------- testing Wed Sep 26 02:43:31 UTC 2018 /home/travis/build/icyphy/ptII/ptolemy/actor/lib/test/auto/ConfigurationSelect2.xml
----------------- Instantiating /home/travis/build/icyphy/ptII/ptolemy/actor/lib/test/auto/ConfigurationSelect2.xml
1 ms. Memory: 881152K Free: 436398K (50%)
----------------- Invoking toplevel() on ptolemy.moml.MoMLSimpleApplication@55a67b88
----------------- Done invoking toplevel() on ptolemy.moml.MoMLSimpleApplication@55a67b88
reloadAllAccessors: .ConfigurationSelect2

===========================================================================================
----------------- testing Wed Sep 26 02:43:31 UTC 2018 /home/travis/build/icyphy/ptII/ptolemy/actor/lib/test/auto/ConfigurationSwitch.xml
----------------- Instantiating /home/travis/build/icyphy/ptII/ptolemy/actor/lib/test/auto/ConfigurationSwitch.xml
6 ms. Memory: 881152K Free: 428574K (49%)
----------------- Invoking toplevel() on ptolemy.moml.MoMLSimpleApplication@6127324c
----------------- Done invoking toplevel() on ptolemy.moml.MoMLSimpleApplication@6127324c
reloadAllAccessors: .ConfigurationSwitch

===========================================================================================
----------------- testing Wed Sep 26 02:43:31 UTC 2018 /home/travis/build/icyphy/ptII/ptolemy/actor/lib/test/auto/ConfigurationSwitch2.xml
----------------- Instantiating /home/travis/build/icyphy/ptII/ptolemy/actor/lib/test/auto/ConfigurationSwitch2.xml
2 ms. Memory: 881152K Free: 420751K (48%)
----------------- Invoking toplevel() on ptolemy.moml.MoMLSimpleApplication@38cd07f6
----------------- Done invoking toplevel() on ptolemy.moml.MoMLSimpleApplication@38cd07f6
reloadAllAccessors: .ConfigurationSwitch2

===========================================================================================
----------------- testing Wed Sep 26 02:43:31 UTC 2018 /home/travis/build/icyphy/ptII/ptolemy/actor/lib/test/auto/ConfigurationSwitchCloningBugWithClassRelationGroup.xml
----------------- Instantiating /home/travis/build/icyphy/ptII/ptolemy/actor/lib/test/auto/ConfigurationSwitchCloningBugWithClassRelationGroup.xml
2 ms. Memory: 881152K Free: 409008K (46%)
----------------- Invoking toplevel() on ptolemy.moml.MoMLSimpleApplication@fb88bbc
----------------- Done invoking toplevel() on ptolemy.moml.MoMLSimpleApplication@fb88bbc
reloadAllAccessors: .ConfigurationSwitchCloningBugWithClassRelationGroup

===========================================================================================
----------------- testing Wed Sep 26 02:43:31 UTC 2018 /home/travis/build/icyphy/ptII/ptolemy/actor/lib/test/auto/ConfigurationSwitchSelectSDF.xml
----------------- Instantiating /home/travis/build/icyphy/ptII/ptolemy/actor/lib/test/auto/ConfigurationSwitchSelectSDF.xml
2 ms. Memory: 881152K Free: 391792K (44%)
----------------- Invoking toplevel() on ptolemy.moml.MoMLSimpleApplication@71b48fba
----------------- Done invoking toplevel() on ptolemy.moml.MoMLSimpleApplication@71b48fba
reloadAllAccessors: .ConfigurationSwitchSelectSDF

===========================================================================================
----------------- testing Wed Sep 26 02:43:32 UTC 2018 /home/travis/build/icyphy/ptII/ptolemy/actor/lib/test/auto/ConfigurationSwitchSelectSDF2.xml
----------------- Instantiating /home/travis/build/icyphy/ptII/ptolemy/actor/lib/test/auto/ConfigurationSwitchSelectSDF2.xml
2 ms. Memory: 881152K Free: 383968K (44%)
----------------- Invoking toplevel() on ptolemy.moml.MoMLSimpleApplication@dbd2163
----------------- Done invoking toplevel() on ptolemy.moml.MoMLSimpleApplication@dbd2163
reloadAllAccessors: .ConfigurationSwitchSelectSDF2

===========================================================================================
----------------- testing Wed Sep 26 02:43:32 UTC 2018 /home/travis/build/icyphy/ptII/ptolemy/actor/lib/test/auto/Const.xml
----------------- Instantiating /home/travis/build/icyphy/ptII/ptolemy/actor/lib/test/auto/Const.xml
1 ms. Memory: 881152K Free: 376145K (43%)
----------------- Invoking toplevel() on ptolemy.moml.MoMLSimpleApplication@76d8b25f
----------------- Done invoking toplevel() on ptolemy.moml.MoMLSimpleApplication@76d8b25f
reloadAllAccessors: .Const

===========================================================================================
----------------- testing Wed Sep 26 02:43:32 UTC 2018 /home/travis/build/icyphy/ptII/ptolemy/actor/lib/test/auto/Const2.xml
----------------- Instantiating /home/travis/build/icyphy/ptII/ptolemy/actor/lib/test/auto/Const2.xml
1 ms. Memory: 881152K Free: 368322K (42%)
----------------- Invoking toplevel() on ptolemy.moml.MoMLSimpleApplication@409cc788
----------------- Done invoking toplevel() on ptolemy.moml.MoMLSimpleApplication@409cc788
reloadAllAccessors: .Const2

===========================================================================================
----------------- testing Wed Sep 26 02:43:32 UTC 2018 /home/travis/build/icyphy/ptII/ptolemy/actor/lib/test/auto/Const3.xml
----------------- Instantiating /home/travis/build/icyphy/ptII/ptolemy/actor/lib/test/auto/Const3.xml
1 ms. Memory: 881152K Free: 351105K (40%)
----------------- Invoking toplevel() on ptolemy.moml.MoMLSimpleApplication@46ffccf8
----------------- Done invoking toplevel() on ptolemy.moml.MoMLSimpleApplication@46ffccf8
reloadAllAccessors: .Const3

===========================================================================================
----------------- testing Wed Sep 26 02:43:32 UTC 2018 /home/travis/build/icyphy/ptII/ptolemy/actor/lib/test/auto/ConstantPublisherPort1.xml
----------------- Instantiating /home/travis/build/icyphy/ptII/ptolemy/actor/lib/test/auto/ConstantPublisherPort1.xml
5 ms. Memory: 881152K Free: 339362K (39%)
----------------- Invoking toplevel() on ptolemy.moml.MoMLSimpleApplication@6dcc5f46
----------------- Done invoking toplevel() on ptolemy.moml.MoMLSimpleApplication@6dcc5f46
reloadAllAccessors: .ConstantPublisherPort1

===========================================================================================
----------------- testing Wed Sep 26 02:43:32 UTC 2018 /home/travis/build/icyphy/ptII/ptolemy/actor/lib/test/auto/ConstantPublisherPort2.xml
----------------- Instantiating /home/travis/build/icyphy/ptII/ptolemy/actor/lib/test/auto/ConstantPublisherPort2.xml
4 ms. Memory: 881152K Free: 327611K (37%)
----------------- Invoking toplevel() on ptolemy.moml.MoMLSimpleApplication@1e0c0b88
----------------- Done invoking toplevel() on ptolemy.moml.MoMLSimpleApplication@1e0c0b88
reloadAllAccessors: .ConstantPublisherPort2

===========================================================================================
----------------- testing Wed Sep 26 02:43:32 UTC 2018 /home/travis/build/icyphy/ptII/ptolemy/actor/lib/test/auto/ConstantPublisherPort3.xml
----------------- Instantiating /home/travis/build/icyphy/ptII/ptolemy/actor/lib/test/auto/ConstantPublisherPort3.xml
4 ms. Memory: 881152K Free: 315860K (36%)
----------------- Invoking toplevel() on ptolemy.moml.MoMLSimpleApplication@6a4dd7a0
----------------- Done invoking toplevel() on ptolemy.moml.MoMLSimpleApplication@6a4dd7a0
reloadAllAccessors: .ConstantPublisherPort3

===========================================================================================
----------------- testing Wed Sep 26 02:43:32 UTC 2018 /home/travis/build/icyphy/ptII/ptolemy/actor/lib/test/auto/ConstantPublisherPort4.xml
----------------- Instantiating /home/travis/build/icyphy/ptII/ptolemy/actor/lib/test/auto/ConstantPublisherPort4.xml
3 ms. Memory: 881152K Free: 294716K (33%)
----------------- Invoking toplevel() on ptolemy.moml.MoMLSimpleApplication@7822f929
----------------- Done invoking toplevel() on ptolemy.moml.MoMLSimpleApplication@7822f929
reloadAllAccessors: .ConstantPublisherPort4

===========================================================================================
----------------- testing Wed Sep 26 02:43:32 UTC 2018 /home/travis/build/icyphy/ptII/ptolemy/actor/lib/test/auto/ConstantPublisherPort5.xml
----------------- Instantiating /home/travis/build/icyphy/ptII/ptolemy/actor/lib/test/auto/ConstantPublisherPort5.xml
18 ms. Memory: 881152K Free: 275142K (31%)
----------------- Invoking toplevel() on ptolemy.moml.MoMLSimpleApplication@4247ae02
----------------- Done invoking toplevel() on ptolemy.moml.MoMLSimpleApplication@4247ae02
reloadAllAccessors: .ConstantPublisherPort5

===========================================================================================
----------------- testing Wed Sep 26 02:43:32 UTC 2018 /home/travis/build/icyphy/ptII/ptolemy/actor/lib/test/auto/ConstantPublisherPort6.xml
----------------- Instantiating /home/travis/build/icyphy/ptII/ptolemy/actor/lib/test/auto/ConstantPublisherPort6.xml
15 ms. Memory: 881152K Free: 251663K (29%)
----------------- Invoking toplevel() on ptolemy.moml.MoMLSimpleApplication@55f89911
----------------- Done invoking toplevel() on ptolemy.moml.MoMLSimpleApplication@55f89911
reloadAllAccessors: .ConstantPublisherPort6

===========================================================================================
----------------- testing Wed Sep 26 02:43:32 UTC 2018 /home/travis/build/icyphy/ptII/ptolemy/actor/lib/test/auto/ConstantPublisherPort7.xml
----------------- Instantiating /home/travis/build/icyphy/ptII/ptolemy/actor/lib/test/auto/ConstantPublisherPort7.xml
15 ms. Memory: 881152K Free: 228177K (26%)
----------------- Invoking toplevel() on ptolemy.moml.MoMLSimpleApplication@4fde3697
----------------- Done invoking toplevel() on ptolemy.moml.MoMLSimpleApplication@4fde3697
reloadAllAccessors: .ConstantPublisherPort7

===========================================================================================
----------------- testing Wed Sep 26 02:43:32 UTC 2018 /home/travis/build/icyphy/ptII/ptolemy/actor/lib/test/auto/ConstraintMonitor1.xml
----------------- Instantiating /home/travis/build/icyphy/ptII/ptolemy/actor/lib/test/auto/ConstraintMonitor1.xml
4 ms. Memory: 881152K Free: 210961K (24%)
----------------- Invoking toplevel() on ptolemy.moml.MoMLSimpleApplication@5638cabd
----------------- Done invoking toplevel() on ptolemy.moml.MoMLSimpleApplication@5638cabd
reloadAllAccessors: .ConstraintMonitor1

===========================================================================================
----------------- testing Wed Sep 26 02:43:32 UTC 2018 /home/travis/build/icyphy/ptII/ptolemy/actor/lib/test/auto/ConstraintMonitor2.xml
----------------- Instantiating /home/travis/build/icyphy/ptII/ptolemy/actor/lib/test/auto/ConstraintMonitor2.xml
2 ms. Memory: 881152K Free: 203138K (23%)
----------------- Invoking toplevel() on ptolemy.moml.MoMLSimpleApplication@785deb80
----------------- Done invoking toplevel() on ptolemy.moml.MoMLSimpleApplication@785deb80
reloadAllAccessors: .ConstraintMonitor2

===========================================================================================
----------------- testing Wed Sep 26 02:43:32 UTC 2018 /home/travis/build/icyphy/ptII/ptolemy/actor/lib/test/auto/ConstraintMonitor3.xml
----------------- Instantiating /home/travis/build/icyphy/ptII/ptolemy/actor/lib/test/auto/ConstraintMonitor3.xml
4 ms. Memory: 881152K Free: 195315K (22%)
----------------- Invoking toplevel() on ptolemy.moml.MoMLSimpleApplication@c4ce6a4
----------------- Done invoking toplevel() on ptolemy.moml.MoMLSimpleApplication@c4ce6a4
reloadAllAccessors: .ConstraintMonitor3

===========================================================================================
----------------- testing Wed Sep 26 02:43:32 UTC 2018 /home/travis/build/icyphy/ptII/ptolemy/actor/lib/test/auto/ConstraintMonitor4.xml
----------------- Instantiating /home/travis/build/icyphy/ptII/ptolemy/actor/lib/test/auto/ConstraintMonitor4.xml
7 ms. Memory: 881152K Free: 187491K (21%)
----------------- Invoking toplevel() on ptolemy.moml.MoMLSimpleApplication@6b8ce5e6
----------------- Done invoking toplevel() on ptolemy.moml.MoMLSimpleApplication@6b8ce5e6
reloadAllAccessors: .ConstraintMonitor4

===========================================================================================
----------------- testing Wed Sep 26 02:43:32 UTC 2018 /home/travis/build/icyphy/ptII/ptolemy/actor/lib/test/auto/ConstraintMonitor5.xml
----------------- Instantiating /home/travis/build/icyphy/ptII/ptolemy/actor/lib/test/auto/ConstraintMonitor5.xml
4 ms. Memory: 881152K Free: 170275K (19%)
----------------- Invoking toplevel() on ptolemy.moml.MoMLSimpleApplication@e506537
----------------- Done invoking toplevel() on ptolemy.moml.MoMLSimpleApplication@e506537
reloadAllAccessors: .ConstraintMonitor5

===========================================================================================
----------------- testing Wed Sep 26 02:43:32 UTC 2018 /home/travis/build/icyphy/ptII/ptolemy/actor/lib/test/auto/ConstraintMonitor6.xml
----------------- Instantiating /home/travis/build/icyphy/ptII/ptolemy/actor/lib/test/auto/ConstraintMonitor6.xml
2 ms. Memory: 881152K Free: 158524K (18%)
----------------- Invoking toplevel() on ptolemy.moml.MoMLSimpleApplication@2d172d77
----------------- Done invoking toplevel() on ptolemy.moml.MoMLSimpleApplication@2d172d77
reloadAllAccessors: .ConstraintMonitor6

===========================================================================================
----------------- testing Wed Sep 26 02:43:32 UTC 2018 /home/travis/build/icyphy/ptII/ptolemy/actor/lib/test/auto/ConstraintMonitor7.xml
----------------- Instantiating /home/travis/build/icyphy/ptII/ptolemy/actor/lib/test/auto/ConstraintMonitor7.xml
8 ms. Memory: 881152K Free: 146773K (17%)
----------------- Invoking toplevel() on ptolemy.moml.MoMLSimpleApplication@4defa00b
----------------- Done invoking toplevel() on ptolemy.moml.MoMLSimpleApplication@4defa00b
reloadAllAccessors: .ConstraintMonitor7

===========================================================================================
----------------- testing Wed Sep 26 02:43:32 UTC 2018 /home/travis/build/icyphy/ptII/ptolemy/actor/lib/test/auto/ConstraintMonitor8.xml
----------------- Instantiating /home/travis/build/icyphy/ptII/ptolemy/actor/lib/test/auto/ConstraintMonitor8.xml
9 ms. Memory: 881152K Free: 135022K (15%)
----------------- Invoking toplevel() on ptolemy.moml.MoMLSimpleApplication@493cb26
----------------- Done invoking toplevel() on ptolemy.moml.MoMLSimpleApplication@493cb26
reloadAllAccessors: .ConstraintMonitor8

===========================================================================================
----------------- testing Wed Sep 26 02:43:32 UTC 2018 /home/travis/build/icyphy/ptII/ptolemy/actor/lib/test/auto/Counter.xml
----------------- Instantiating /home/travis/build/icyphy/ptII/ptolemy/actor/lib/test/auto/Counter.xml
3 ms. Memory: 881152K Free: 117806K (13%)
----------------- Invoking toplevel() on ptolemy.moml.MoMLSimpleApplication@40409c08
----------------- Done invoking toplevel() on ptolemy.moml.MoMLSimpleApplication@40409c08
reloadAllAccessors: .Counter

===========================================================================================
----------------- testing Wed Sep 26 02:43:32 UTC 2018 /home/travis/build/icyphy/ptII/ptolemy/actor/lib/test/auto/CurrentTimeSDF.xml
----------------- Instantiating /home/travis/build/icyphy/ptII/ptolemy/actor/lib/test/auto/CurrentTimeSDF.xml
3 ms. Memory: 881152K Free: 109983K (12%)
----------------- Invoking toplevel() on ptolemy.moml.MoMLSimpleApplication@386cddf9
----------------- Done invoking toplevel() on ptolemy.moml.MoMLSimpleApplication@386cddf9
reloadAllAccessors: .CurrentTimeSDF

===========================================================================================
----------------- testing Wed Sep 26 02:43:32 UTC 2018 /home/travis/build/icyphy/ptII/ptolemy/actor/lib/test/auto/DB.xml
----------------- Instantiating /home/travis/build/icyphy/ptII/ptolemy/actor/lib/test/auto/DB.xml
1 ms. Memory: 881152K Free: 102159K (12%)
----------------- Invoking toplevel() on ptolemy.moml.MoMLSimpleApplication@323ad0a2
----------------- Done invoking toplevel() on ptolemy.moml.MoMLSimpleApplication@323ad0a2
reloadAllAccessors: .DB

===========================================================================================
----------------- testing Wed Sep 26 02:43:32 UTC 2018 /home/travis/build/icyphy/ptII/ptolemy/actor/lib/test/auto/DBDE.xml
----------------- Instantiating /home/travis/build/icyphy/ptII/ptolemy/actor/lib/test/auto/DBDE.xml
2 ms. Memory: 881152K Free: 90408K (10%)
----------------- Invoking toplevel() on ptolemy.moml.MoMLSimpleApplication@3c9f4d46
----------------- Done invoking toplevel() on ptolemy.moml.MoMLSimpleApplication@3c9f4d46
reloadAllAccessors: .DBDE

===========================================================================================
----------------- testing Wed Sep 26 02:43:32 UTC 2018 /home/travis/build/icyphy/ptII/ptolemy/actor/lib/test/auto/DateConstructor.xml
----------------- Instantiating /home/travis/build/icyphy/ptII/ptolemy/actor/lib/test/auto/DateConstructor.xml
16 ms. Memory: 881152K Free: 70802K (8%)
----------------- Invoking toplevel() on ptolemy.moml.MoMLSimpleApplication@4179c36b
----------------- Done invoking toplevel() on ptolemy.moml.MoMLSimpleApplication@4179c36b
reloadAllAccessors: .DateConstructor

===========================================================================================
----------------- testing Wed Sep 26 02:43:32 UTC 2018 /home/travis/build/icyphy/ptII/ptolemy/actor/lib/test/auto/DelayTime.xml
----------------- Instantiating /home/travis/build/icyphy/ptII/ptolemy/actor/lib/test/auto/DelayTime.xml
8 ms. Memory: 882688K Free: 829656K (94%)
----------------- Invoking toplevel() on ptolemy.moml.MoMLSimpleApplication@50454a36
----------------- Done invoking toplevel() on ptolemy.moml.MoMLSimpleApplication@50454a36
reloadAllAccessors: .DelayTime

===========================================================================================
----------------- testing Wed Sep 26 02:43:32 UTC 2018 /home/travis/build/icyphy/ptII/ptolemy/actor/lib/test/auto/Dictionary1.xml
----------------- Instantiating /home/travis/build/icyphy/ptII/ptolemy/actor/lib/test/auto/Dictionary1.xml
1 ms. Memory: 882688K Free: 812112K (92%)
----------------- Invoking toplevel() on ptolemy.moml.MoMLSimpleApplication@52818694
----------------- Done invoking toplevel() on ptolemy.moml.MoMLSimpleApplication@52818694
reloadAllAccessors: .Dictionary1

===========================================================================================
----------------- testing Wed Sep 26 02:43:32 UTC 2018 /home/travis/build/icyphy/ptII/ptolemy/actor/lib/test/auto/Dictionary2.xml
----------------- Instantiating /home/travis/build/icyphy/ptII/ptolemy/actor/lib/test/auto/Dictionary2.xml
4 ms. Memory: 882688K Free: 801681K (91%)
----------------- Invoking toplevel() on ptolemy.moml.MoMLSimpleApplication@5b370732
----------------- Done invoking toplevel() on ptolemy.moml.MoMLSimpleApplication@5b370732
reloadAllAccessors: .Dictionary2

===========================================================================================
----------------- testing Wed Sep 26 02:43:32 UTC 2018 /home/travis/build/icyphy/ptII/ptolemy/actor/lib/test/auto/Dictionary3.xml
----------------- Instantiating /home/travis/build/icyphy/ptII/ptolemy/actor/lib/test/auto/Dictionary3.xml
1 ms. Memory: 882688K Free: 791249K (90%)
----------------- Invoking toplevel() on ptolemy.moml.MoMLSimpleApplication@70659ba9
----------------- Done invoking toplevel() on ptolemy.moml.MoMLSimpleApplication@70659ba9
reloadAllAccessors: .Dictionary3

===========================================================================================
----------------- testing Wed Sep 26 02:43:32 UTC 2018 /home/travis/build/icyphy/ptII/ptolemy/actor/lib/test/auto/Dictionary4.xml
----------------- Instantiating /home/travis/build/icyphy/ptII/ptolemy/actor/lib/test/auto/Dictionary4.xml
5 ms. Memory: 882688K Free: 773706K (88%)
----------------- Invoking toplevel() on ptolemy.moml.MoMLSimpleApplication@64088a4f
----------------- Done invoking toplevel() on ptolemy.moml.MoMLSimpleApplication@64088a4f
reloadAllAccessors: .Dictionary4

===========================================================================================
----------------- testing Wed Sep 26 02:43:32 UTC 2018 /home/travis/build/icyphy/ptII/ptolemy/actor/lib/test/auto/Differential.xml
----------------- Instantiating /home/travis/build/icyphy/ptII/ptolemy/actor/lib/test/auto/Differential.xml
3 ms. Memory: 882688K Free: 763274K (86%)
----------------- Invoking toplevel() on ptolemy.moml.MoMLSimpleApplication@5b5c9ebd
----------------- Done invoking toplevel() on ptolemy.moml.MoMLSimpleApplication@5b5c9ebd
reloadAllAccessors: .Differential

===========================================================================================
----------------- testing Wed Sep 26 02:43:32 UTC 2018 /home/travis/build/icyphy/ptII/ptolemy/actor/lib/test/auto/Director.xml
----------------- Instantiating /home/travis/build/icyphy/ptII/ptolemy/actor/lib/test/auto/Director.xml
2 ms. Memory: 882688K Free: 752843K (85%)
----------------- Invoking toplevel() on ptolemy.moml.MoMLSimpleApplication@5b22bef4
----------------- Done invoking toplevel() on ptolemy.moml.MoMLSimpleApplication@5b22bef4
reloadAllAccessors: .Director

===========================================================================================
----------------- testing Wed Sep 26 02:43:32 UTC 2018 /home/travis/build/icyphy/ptII/ptolemy/actor/lib/test/auto/DiscreteClock.xml
----------------- Instantiating /home/travis/build/icyphy/ptII/ptolemy/actor/lib/test/auto/DiscreteClock.xml
2 ms. Memory: 882688K Free: 735050K (83%)
----------------- Invoking toplevel() on ptolemy.moml.MoMLSimpleApplication@482744f0
----------------- Done invoking toplevel() on ptolemy.moml.MoMLSimpleApplication@482744f0
reloadAllAccessors: .DiscreteClock

===========================================================================================
----------------- testing Wed Sep 26 02:43:32 UTC 2018 /home/travis/build/icyphy/ptII/ptolemy/actor/lib/test/auto/DiscreteClock10.xml
----------------- Instantiating /home/travis/build/icyphy/ptII/ptolemy/actor/lib/test/auto/DiscreteClock10.xml
4 ms. Memory: 882688K Free: 724619K (82%)
----------------- Invoking toplevel() on ptolemy.moml.MoMLSimpleApplication@7b30ea00
----------------- Done invoking toplevel() on ptolemy.moml.MoMLSimpleApplication@7b30ea00
reloadAllAccessors: .DiscreteClock10

===========================================================================================
----------------- testing Wed Sep 26 02:43:32 UTC 2018 /home/travis/build/icyphy/ptII/ptolemy/actor/lib/test/auto/DiscreteClock11.xml
----------------- Instantiating /home/travis/build/icyphy/ptII/ptolemy/actor/lib/test/auto/DiscreteClock11.xml
2 ms. Memory: 882688K Free: 714187K (81%)
----------------- Invoking toplevel() on ptolemy.moml.MoMLSimpleApplication@743d1d5d
----------------- Done invoking toplevel() on ptolemy.moml.MoMLSimpleApplication@743d1d5d
reloadAllAccessors: .DiscreteClock11

===========================================================================================
----------------- testing Wed Sep 26 02:43:32 UTC 2018 /home/travis/build/icyphy/ptII/ptolemy/actor/lib/test/auto/DiscreteClock12.xml
----------------- Instantiating /home/travis/build/icyphy/ptII/ptolemy/actor/lib/test/auto/DiscreteClock12.xml
3 ms. Memory: 882688K Free: 696643K (79%)
----------------- Invoking toplevel() on ptolemy.moml.MoMLSimpleApplication@6d634dad
----------------- Done invoking toplevel() on ptolemy.moml.MoMLSimpleApplication@6d634dad
reloadAllAccessors: .DiscreteClock12

===========================================================================================
----------------- testing Wed Sep 26 02:43:32 UTC 2018 /home/travis/build/icyphy/ptII/ptolemy/actor/lib/test/auto/DiscreteClock13.xml
----------------- Instantiating /home/travis/build/icyphy/ptII/ptolemy/actor/lib/test/auto/DiscreteClock13.xml
7 ms. Memory: 882688K Free: 686212K (78%)
----------------- Invoking toplevel() on ptolemy.moml.MoMLSimpleApplication@7963b6f7
----------------- Done invoking toplevel() on ptolemy.moml.MoMLSimpleApplication@7963b6f7
reloadAllAccessors: .DiscreteClock13

===========================================================================================
----------------- testing Wed Sep 26 02:43:33 UTC 2018 /home/travis/build/icyphy/ptII/ptolemy/actor/lib/test/auto/DiscreteClock14.xml
----------------- Instantiating /home/travis/build/icyphy/ptII/ptolemy/actor/lib/test/auto/DiscreteClock14.xml
7 ms. Memory: 882688K Free: 675781K (77%)
----------------- Invoking toplevel() on ptolemy.moml.MoMLSimpleApplication@111d72d
----------------- Done invoking toplevel() on ptolemy.moml.MoMLSimpleApplication@111d72d
reloadAllAccessors: .DiscreteClock14

===========================================================================================
----------------- testing Wed Sep 26 02:43:33 UTC 2018 /home/travis/build/icyphy/ptII/ptolemy/actor/lib/test/auto/DiscreteClock15.xml
----------------- Instantiating /home/travis/build/icyphy/ptII/ptolemy/actor/lib/test/auto/DiscreteClock15.xml
6 ms. Memory: 882688K Free: 658237K (75%)
----------------- Invoking toplevel() on ptolemy.moml.MoMLSimpleApplication@707939a4
----------------- Done invoking toplevel() on ptolemy.moml.MoMLSimpleApplication@707939a4
reloadAllAccessors: .DiscreteClock15

===========================================================================================
----------------- testing Wed Sep 26 02:43:33 UTC 2018 /home/travis/build/icyphy/ptII/ptolemy/actor/lib/test/auto/DiscreteClock16.xml
----------------- Instantiating /home/travis/build/icyphy/ptII/ptolemy/actor/lib/test/auto/DiscreteClock16.xml
20 ms. Memory: 882688K Free: 642574K (73%)
----------------- Invoking toplevel() on ptolemy.moml.MoMLSimpleApplication@73b9c6b4
----------------- Done invoking toplevel() on ptolemy.moml.MoMLSimpleApplication@73b9c6b4
reloadAllAccessors: .DiscreteClock16

===========================================================================================
----------------- testing Wed Sep 26 02:43:33 UTC 2018 /home/travis/build/icyphy/ptII/ptolemy/actor/lib/test/auto/DiscreteClock17.xml
----------------- Instantiating /home/travis/build/icyphy/ptII/ptolemy/actor/lib/test/auto/DiscreteClock17.xml
17 ms. Memory: 882688K Free: 626912K (71%)
----------------- Invoking toplevel() on ptolemy.moml.MoMLSimpleApplication@720d4154
----------------- Done invoking toplevel() on ptolemy.moml.MoMLSimpleApplication@720d4154
reloadAllAccessors: .DiscreteClock17

===========================================================================================
----------------- testing Wed Sep 26 02:43:33 UTC 2018 /home/travis/build/icyphy/ptII/ptolemy/actor/lib/test/auto/DiscreteClock18.xml
----------------- Instantiating /home/travis/build/icyphy/ptII/ptolemy/actor/lib/test/auto/DiscreteClock18.xml
636 ms. Memory: 1369088K Free: 1323245K (97%)
----------------- Invoking toplevel() on ptolemy.moml.MoMLSimpleApplication@2aa10c2f
----------------- Done invoking toplevel() on ptolemy.moml.MoMLSimpleApplication@2aa10c2f
reloadAllAccessors: .DiscreteClock18

===========================================================================================
----------------- testing Wed Sep 26 02:43:33 UTC 2018 /home/travis/build/icyphy/ptII/ptolemy/actor/lib/test/auto/DiscreteClock19.xml
----------------- Instantiating /home/travis/build/icyphy/ptII/ptolemy/actor/lib/test/auto/DiscreteClock19.xml
9 ms. Memory: 1369088K Free: 1284740K (94%)
----------------- Invoking toplevel() on ptolemy.moml.MoMLSimpleApplication@39f5332d
----------------- Done invoking toplevel() on ptolemy.moml.MoMLSimpleApplication@39f5332d
reloadAllAccessors: .DiscreteClock19

===========================================================================================
----------------- testing Wed Sep 26 02:43:33 UTC 2018 /home/travis/build/icyphy/ptII/ptolemy/actor/lib/test/auto/DiscreteClock2.xml
----------------- Instantiating /home/travis/build/icyphy/ptII/ptolemy/actor/lib/test/auto/DiscreteClock2.xml
3 ms. Memory: 1369088K Free: 1272227K (93%)
----------------- Invoking toplevel() on ptolemy.moml.MoMLSimpleApplication@76942385
----------------- Done invoking toplevel() on ptolemy.moml.MoMLSimpleApplication@76942385
reloadAllAccessors: .DiscreteClock2

===========================================================================================
----------------- testing Wed Sep 26 02:43:33 UTC 2018 /home/travis/build/icyphy/ptII/ptolemy/actor/lib/test/auto/DiscreteClock20.xml
----------------- Instantiating /home/travis/build/icyphy/ptII/ptolemy/actor/lib/test/auto/DiscreteClock20.xml
3 ms. Memory: 1369088K Free: 1259713K (92%)
----------------- Invoking toplevel() on ptolemy.moml.MoMLSimpleApplication@5e1576e
----------------- Done invoking toplevel() on ptolemy.moml.MoMLSimpleApplication@5e1576e
reloadAllAccessors: .DiscreteClock20

===========================================================================================
----------------- testing Wed Sep 26 02:43:33 UTC 2018 /home/travis/build/icyphy/ptII/ptolemy/actor/lib/test/auto/DiscreteClock21.xml
----------------- Instantiating /home/travis/build/icyphy/ptII/ptolemy/actor/lib/test/auto/DiscreteClock21.xml
2 ms. Memory: 1369088K Free: 1247200K (91%)
----------------- Invoking toplevel() on ptolemy.moml.MoMLSimpleApplication@7c2182c2
----------------- Done invoking toplevel() on ptolemy.moml.MoMLSimpleApplication@7c2182c2
reloadAllAccessors: .DiscreteClock21

===========================================================================================
----------------- testing Wed Sep 26 02:43:33 UTC 2018 /home/travis/build/icyphy/ptII/ptolemy/actor/lib/test/auto/DiscreteClock22.xml
----------------- Instantiating /home/travis/build/icyphy/ptII/ptolemy/actor/lib/test/auto/DiscreteClock22.xml
2 ms. Memory: 1369088K Free: 1223310K (89%)
----------------- Invoking toplevel() on ptolemy.moml.MoMLSimpleApplication@78888b73
----------------- Done invoking toplevel() on ptolemy.moml.MoMLSimpleApplication@78888b73
reloadAllAccessors: .DiscreteClock22

===========================================================================================
----------------- testing Wed Sep 26 02:43:33 UTC 2018 /home/travis/build/icyphy/ptII/ptolemy/actor/lib/test/auto/DiscreteClock23.xml
----------------- Instantiating /home/travis/build/icyphy/ptII/ptolemy/actor/lib/test/auto/DiscreteClock23.xml
6 ms. Memory: 1369088K Free: 1210797K (88%)
----------------- Invoking toplevel() on ptolemy.moml.MoMLSimpleApplication@44d68ff2
----------------- Done invoking toplevel() on ptolemy.moml.MoMLSimpleApplication@44d68ff2
reloadAllAccessors: .DiscreteClock23

===========================================================================================
----------------- testing Wed Sep 26 02:43:33 UTC 2018 /home/travis/build/icyphy/ptII/ptolemy/actor/lib/test/auto/DiscreteClock24.xml
----------------- Instantiating /home/travis/build/icyphy/ptII/ptolemy/actor/lib/test/auto/DiscreteClock24.xml
4 ms. Memory: 1369088K Free: 1198284K (88%)
----------------- Invoking toplevel() on ptolemy.moml.MoMLSimpleApplication@1bb13fa8
----------------- Done invoking toplevel() on ptolemy.moml.MoMLSimpleApplication@1bb13fa8
reloadAllAccessors: .DiscreteClock24

===========================================================================================
----------------- testing Wed Sep 26 02:43:34 UTC 2018 /home/travis/build/icyphy/ptII/ptolemy/actor/lib/test/auto/DiscreteClock4.xml
----------------- Instantiating /home/travis/build/icyphy/ptII/ptolemy/actor/lib/test/auto/DiscreteClock4.xml
1 ms. Memory: 1369088K Free: 1185770K (87%)
----------------- Invoking toplevel() on ptolemy.moml.MoMLSimpleApplication@37d6f2a9
----------------- Done invoking toplevel() on ptolemy.moml.MoMLSimpleApplication@37d6f2a9
reloadAllAccessors: .DiscreteClock4

===========================================================================================
----------------- testing Wed Sep 26 02:43:34 UTC 2018 /home/travis/build/icyphy/ptII/ptolemy/actor/lib/test/auto/DiscreteClock5.xml
----------------- Instantiating /home/travis/build/icyphy/ptII/ptolemy/actor/lib/test/auto/DiscreteClock5.xml
3 ms. Memory: 1369088K Free: 1173257K (86%)
----------------- Invoking toplevel() on ptolemy.moml.MoMLSimpleApplication@20e583b4
----------------- Done invoking toplevel() on ptolemy.moml.MoMLSimpleApplication@20e583b4
reloadAllAccessors: .DiscreteClock5

===========================================================================================
----------------- testing Wed Sep 26 02:43:34 UTC 2018 /home/travis/build/icyphy/ptII/ptolemy/actor/lib/test/auto/DiscreteClock6.xml
----------------- Instantiating /home/travis/build/icyphy/ptII/ptolemy/actor/lib/test/auto/DiscreteClock6.xml
2 ms. Memory: 1369088K Free: 1149367K (84%)
----------------- Invoking toplevel() on ptolemy.moml.MoMLSimpleApplication@2c0819a8
----------------- Done invoking toplevel() on ptolemy.moml.MoMLSimpleApplication@2c0819a8
reloadAllAccessors: .DiscreteClock6

===========================================================================================
----------------- testing Wed Sep 26 02:43:34 UTC 2018 /home/travis/build/icyphy/ptII/ptolemy/actor/lib/test/auto/DiscreteClock7.xml
----------------- Instantiating /home/travis/build/icyphy/ptII/ptolemy/actor/lib/test/auto/DiscreteClock7.xml
2 ms. Memory: 1369088K Free: 1136854K (83%)
----------------- Invoking toplevel() on ptolemy.moml.MoMLSimpleApplication@5384b816
----------------- Done invoking toplevel() on ptolemy.moml.MoMLSimpleApplication@5384b816
reloadAllAccessors: .DiscreteClock7

===========================================================================================
----------------- testing Wed Sep 26 02:43:34 UTC 2018 /home/travis/build/icyphy/ptII/ptolemy/actor/lib/test/auto/DiscreteClock8.xml
----------------- Instantiating /home/travis/build/icyphy/ptII/ptolemy/actor/lib/test/auto/DiscreteClock8.xml
6 ms. Memory: 1369088K Free: 1124341K (82%)
----------------- Invoking toplevel() on ptolemy.moml.MoMLSimpleApplication@716b9ad9
----------------- Done invoking toplevel() on ptolemy.moml.MoMLSimpleApplication@716b9ad9
reloadAllAccessors: .DiscreteClock8

===========================================================================================
----------------- testing Wed Sep 26 02:43:34 UTC 2018 /home/travis/build/icyphy/ptII/ptolemy/actor/lib/test/auto/DiscreteClock9.xml
----------------- Instantiating /home/travis/build/icyphy/ptII/ptolemy/actor/lib/test/auto/DiscreteClock9.xml
6 ms. Memory: 1369088K Free: 1111827K (81%)
----------------- Invoking toplevel() on ptolemy.moml.MoMLSimpleApplication@6dff4cdb
----------------- Done invoking toplevel() on ptolemy.moml.MoMLSimpleApplication@6dff4cdb
reloadAllAccessors: .DiscreteClock9

===========================================================================================
----------------- testing Wed Sep 26 02:43:34 UTC 2018 /home/travis/build/icyphy/ptII/ptolemy/actor/lib/test/auto/DisplayArray.xml
----------------- Instantiating /home/travis/build/icyphy/ptII/ptolemy/actor/lib/test/auto/DisplayArray.xml
1 ms. Memory: 1369088K Free: 1099314K (80%)
----------------- Invoking toplevel() on ptolemy.moml.MoMLSimpleApplication@2615661c
----------------- Done invoking toplevel() on ptolemy.moml.MoMLSimpleApplication@2615661c
reloadAllAccessors: .DisplayArray

===========================================================================================
----------------- testing Wed Sep 26 02:43:34 UTC 2018 /home/travis/build/icyphy/ptII/ptolemy/actor/lib/test/auto/Distributor.xml
----------------- Instantiating /home/travis/build/icyphy/ptII/ptolemy/actor/lib/test/auto/Distributor.xml
2 ms. Memory: 1369088K Free: 1075424K (79%)
----------------- Invoking toplevel() on ptolemy.moml.MoMLSimpleApplication@13947358
----------------- Done invoking toplevel() on ptolemy.moml.MoMLSimpleApplication@13947358
reloadAllAccessors: .Distributor

===========================================================================================
----------------- testing Wed Sep 26 02:43:34 UTC 2018 /home/travis/build/icyphy/ptII/ptolemy/actor/lib/test/auto/Distributor2.xml
----------------- Instantiating /home/travis/build/icyphy/ptII/ptolemy/actor/lib/test/auto/Distributor2.xml
2 ms. Memory: 1369088K Free: 1062911K (78%)
----------------- Invoking toplevel() on ptolemy.moml.MoMLSimpleApplication@81b14b6
----------------- Done invoking toplevel() on ptolemy.moml.MoMLSimpleApplication@81b14b6
reloadAllAccessors: .Distributor2

===========================================================================================
----------------- testing Wed Sep 26 02:43:34 UTC 2018 /home/travis/build/icyphy/ptII/ptolemy/actor/lib/test/auto/DownSample.xml
----------------- Instantiating /home/travis/build/icyphy/ptII/ptolemy/actor/lib/test/auto/DownSample.xml
2 ms. Memory: 1369088K Free: 1050398K (77%)
----------------- Invoking toplevel() on ptolemy.moml.MoMLSimpleApplication@48b04fcc
----------------- Done invoking toplevel() on ptolemy.moml.MoMLSimpleApplication@48b04fcc
reloadAllAccessors: .DownSample

===========================================================================================
----------------- testing Wed Sep 26 02:43:34 UTC 2018 /home/travis/build/icyphy/ptII/ptolemy/actor/lib/test/auto/ElectronicUnitBase1.xml
----------------- Instantiating /home/travis/build/icyphy/ptII/ptolemy/actor/lib/test/auto/ElectronicUnitBase1.xml
20 ms. Memory: 1369088K Free: 1025355K (75%)
----------------- Invoking toplevel() on ptolemy.moml.MoMLSimpleApplication@39f68608
----------------- Done invoking toplevel() on ptolemy.moml.MoMLSimpleApplication@39f68608
reloadAllAccessors: .ElectronicUnitBase1

===========================================================================================
----------------- testing Wed Sep 26 02:43:34 UTC 2018 /home/travis/build/icyphy/ptII/ptolemy/actor/lib/test/auto/ElementsToArray.xml
----------------- Instantiating /home/travis/build/icyphy/ptII/ptolemy/actor/lib/test/auto/ElementsToArray.xml
3 ms. Memory: 1369088K Free: 1012842K (74%)
----------------- Invoking toplevel() on ptolemy.moml.MoMLSimpleApplication@778049ea
----------------- Done invoking toplevel() on ptolemy.moml.MoMLSimpleApplication@778049ea
reloadAllAccessors: .ElementsToArray

===========================================================================================
----------------- testing Wed Sep 26 02:43:34 UTC 2018 /home/travis/build/icyphy/ptII/ptolemy/actor/lib/test/auto/Equals.xml
----------------- Instantiating /home/travis/build/icyphy/ptII/ptolemy/actor/lib/test/auto/Equals.xml
3 ms. Memory: 1369088K Free: 988952K (72%)
----------------- Invoking toplevel() on ptolemy.moml.MoMLSimpleApplication@752e763f
----------------- Done invoking toplevel() on ptolemy.moml.MoMLSimpleApplication@752e763f
reloadAllAccessors: .Equals

===========================================================================================
----------------- testing Wed Sep 26 02:43:34 UTC 2018 /home/travis/build/icyphy/ptII/ptolemy/actor/lib/test/auto/Exec.xml
----------------- Instantiating /home/travis/build/icyphy/ptII/ptolemy/actor/lib/test/auto/Exec.xml
11 ms. Memory: 1369088K Free: 963925K (70%)
----------------- Invoking toplevel() on ptolemy.moml.MoMLSimpleApplication@4e3d6214
----------------- Done invoking toplevel() on ptolemy.moml.MoMLSimpleApplication@4e3d6214
reloadAllAccessors: .Exec

===========================================================================================
----------------- testing Wed Sep 26 02:43:34 UTC 2018 /home/travis/build/icyphy/ptII/ptolemy/actor/lib/test/auto/ExecEnvironment.xml
----------------- Instantiating /home/travis/build/icyphy/ptII/ptolemy/actor/lib/test/auto/ExecEnvironment.xml
21 ms. Memory: 1369088K Free: 926385K (68%)
----------------- Invoking toplevel() on ptolemy.moml.MoMLSimpleApplication@15f542bc
----------------- Done invoking toplevel() on ptolemy.moml.MoMLSimpleApplication@15f542bc
reloadAllAccessors: .ExecEnvironment

===========================================================================================
----------------- testing Wed Sep 26 02:43:34 UTC 2018 /home/travis/build/icyphy/ptII/ptolemy/actor/lib/test/auto/ExecNonZeroReturnOutput.xml
----------------- Instantiating /home/travis/build/icyphy/ptII/ptolemy/actor/lib/test/auto/ExecNonZeroReturnOutput.xml
121 ms. Memory: 1369088K Free: 832534K (61%)
----------------- Invoking toplevel() on ptolemy.moml.MoMLSimpleApplication@3ccd906e
----------------- Done invoking toplevel() on ptolemy.moml.MoMLSimpleApplication@3ccd906e
reloadAllAccessors: .ExecNonZeroReturnOutput

===========================================================================================
----------------- testing Wed Sep 26 02:43:34 UTC 2018 /home/travis/build/icyphy/ptII/ptolemy/actor/lib/test/auto/ExecRunDemos.xml
----------------- Instantiating /home/travis/build/icyphy/ptII/ptolemy/actor/lib/test/auto/ExecRunDemos.xml
Finished: 68 ms. Memory: 116224K Free: 100103K (86%)

Finished: 38 ms. Memory: 116224K Free: 96348K (83%)

Finished: 75 ms. Memory: 116224K Free: 96957K (83%)

Finished: 52 ms. Memory: 116224K Free: 98219K (85%)

Finished: 39 ms. Memory: 116224K Free: 99505K (86%)

9660 ms. Memory: 1369088K Free: 744926K (54%)
----------------- Invoking toplevel() on ptolemy.moml.MoMLSimpleApplication@316e8848
----------------- Done invoking toplevel() on ptolemy.moml.MoMLSimpleApplication@316e8848
reloadAllAccessors: .ExecRunDemos

===========================================================================================
----------------- testing Wed Sep 26 02:43:44 UTC 2018 /home/travis/build/icyphy/ptII/ptolemy/actor/lib/test/auto/ExecStop.xml
----------------- Instantiating /home/travis/build/icyphy/ptII/ptolemy/actor/lib/test/auto/ExecStop.xml
5010 ms. Memory: 1369088K Free: 533336K (39%)
----------------- Invoking toplevel() on ptolemy.moml.MoMLSimpleApplication@1736bbcf
----------------- Done invoking toplevel() on ptolemy.moml.MoMLSimpleApplication@1736bbcf
reloadAllAccessors: .ExecStop

===========================================================================================
----------------- testing Wed Sep 26 02:43:49 UTC 2018 /home/travis/build/icyphy/ptII/ptolemy/actor/lib/test/auto/ExecutionTimeSDF.xml
----------------- Instantiating /home/travis/build/icyphy/ptII/ptolemy/actor/lib/test/auto/ExecutionTimeSDF.xml
Fired ExecutionTime: -518167296
Fired ExecutionTime: 958000000
Fired ExecutionTime: 991200000
6004 ms. Memory: 1369088K Free: 514558K (38%)
----------------- Invoking toplevel() on ptolemy.moml.MoMLSimpleApplication@40d65e4e
----------------- Done invoking toplevel() on ptolemy.moml.MoMLSimpleApplication@40d65e4e
reloadAllAccessors: .ExecutionTimeSDF

===========================================================================================
----------------- testing Wed Sep 26 02:43:55 UTC 2018 /home/travis/build/icyphy/ptII/ptolemy/actor/lib/test/auto/Expression1.xml
----------------- Instantiating /home/travis/build/icyphy/ptII/ptolemy/actor/lib/test/auto/Expression1.xml
2 ms. Memory: 1369088K Free: 502045K (37%)
----------------- Invoking toplevel() on ptolemy.moml.MoMLSimpleApplication@24f0d17
----------------- Done invoking toplevel() on ptolemy.moml.MoMLSimpleApplication@24f0d17
reloadAllAccessors: .Expression1

===========================================================================================
----------------- testing Wed Sep 26 02:43:55 UTC 2018 /home/travis/build/icyphy/ptII/ptolemy/actor/lib/test/auto/Expression10.xml
----------------- Instantiating /home/travis/build/icyphy/ptII/ptolemy/actor/lib/test/auto/Expression10.xml
7 ms. Memory: 1369088K Free: 489531K (36%)
----------------- Invoking toplevel() on ptolemy.moml.MoMLSimpleApplication@7207b12
----------------- Done invoking toplevel() on ptolemy.moml.MoMLSimpleApplication@7207b12
reloadAllAccessors: .Expression10

===========================================================================================
----------------- testing Wed Sep 26 02:43:55 UTC 2018 /home/travis/build/icyphy/ptII/ptolemy/actor/lib/test/auto/Expression11.xml
----------------- Instantiating /home/travis/build/icyphy/ptII/ptolemy/actor/lib/test/auto/Expression11.xml
5 ms. Memory: 1369088K Free: 477018K (35%)
----------------- Invoking toplevel() on ptolemy.moml.MoMLSimpleApplication@1bcf2af
----------------- Done invoking toplevel() on ptolemy.moml.MoMLSimpleApplication@1bcf2af
reloadAllAccessors: .Expression11

===========================================================================================
----------------- testing Wed Sep 26 02:43:55 UTC 2018 /home/travis/build/icyphy/ptII/ptolemy/actor/lib/test/auto/Expression12.xml
----------------- Instantiating /home/travis/build/icyphy/ptII/ptolemy/actor/lib/test/auto/Expression12.xml
5 ms. Memory: 1369088K Free: 453128K (33%)
----------------- Invoking toplevel() on ptolemy.moml.MoMLSimpleApplication@1e055788
----------------- Done invoking toplevel() on ptolemy.moml.MoMLSimpleApplication@1e055788
reloadAllAccessors: .Expression12

===========================================================================================
----------------- testing Wed Sep 26 02:43:55 UTC 2018 /home/travis/build/icyphy/ptII/ptolemy/actor/lib/test/auto/Expression13.xml
----------------- Instantiating /home/travis/build/icyphy/ptII/ptolemy/actor/lib/test/auto/Expression13.xml
4 ms. Memory: 1369088K Free: 440615K (32%)
----------------- Invoking toplevel() on ptolemy.moml.MoMLSimpleApplication@1b10f39d
----------------- Done invoking toplevel() on ptolemy.moml.MoMLSimpleApplication@1b10f39d
reloadAllAccessors: .Expression13

===========================================================================================
----------------- testing Wed Sep 26 02:43:55 UTC 2018 /home/travis/build/icyphy/ptII/ptolemy/actor/lib/test/auto/Expression14.xml
----------------- Instantiating /home/travis/build/icyphy/ptII/ptolemy/actor/lib/test/auto/Expression14.xml
7 ms. Memory: 1369088K Free: 428101K (31%)
----------------- Invoking toplevel() on ptolemy.moml.MoMLSimpleApplication@60cf3edd
----------------- Done invoking toplevel() on ptolemy.moml.MoMLSimpleApplication@60cf3edd
reloadAllAccessors: .Expression14

===========================================================================================
----------------- testing Wed Sep 26 02:43:55 UTC 2018 /home/travis/build/icyphy/ptII/ptolemy/actor/lib/test/auto/Expression15.xml
----------------- Instantiating /home/travis/build/icyphy/ptII/ptolemy/actor/lib/test/auto/Expression15.xml
4 ms. Memory: 1369088K Free: 415588K (30%)
----------------- Invoking toplevel() on ptolemy.moml.MoMLSimpleApplication@56e64d5c
----------------- Done invoking toplevel() on ptolemy.moml.MoMLSimpleApplication@56e64d5c
reloadAllAccessors: .Expression15

===========================================================================================
----------------- testing Wed Sep 26 02:43:55 UTC 2018 /home/travis/build/icyphy/ptII/ptolemy/actor/lib/test/auto/Expression16.xml
----------------- Instantiating /home/travis/build/icyphy/ptII/ptolemy/actor/lib/test/auto/Expression16.xml
3 ms. Memory: 1369088K Free: 403075K (29%)
----------------- Invoking toplevel() on ptolemy.moml.MoMLSimpleApplication@7934fab9
----------------- Done invoking toplevel() on ptolemy.moml.MoMLSimpleApplication@7934fab9
reloadAllAccessors: .Expression16

===========================================================================================
----------------- testing Wed Sep 26 02:43:55 UTC 2018 /home/travis/build/icyphy/ptII/ptolemy/actor/lib/test/auto/Expression17.xml
----------------- Instantiating /home/travis/build/icyphy/ptII/ptolemy/actor/lib/test/auto/Expression17.xml
4 ms. Memory: 1369088K Free: 379185K (28%)
----------------- Invoking toplevel() on ptolemy.moml.MoMLSimpleApplication@2ee792b2
----------------- Done invoking toplevel() on ptolemy.moml.MoMLSimpleApplication@2ee792b2
reloadAllAccessors: .Expression17

===========================================================================================
----------------- testing Wed Sep 26 02:43:55 UTC 2018 /home/travis/build/icyphy/ptII/ptolemy/actor/lib/test/auto/Expression18.xml
----------------- Instantiating /home/travis/build/icyphy/ptII/ptolemy/actor/lib/test/auto/Expression18.xml
5 ms. Memory: 1369088K Free: 366672K (27%)
----------------- Invoking toplevel() on ptolemy.moml.MoMLSimpleApplication@27a29959
----------------- Done invoking toplevel() on ptolemy.moml.MoMLSimpleApplication@27a29959
reloadAllAccessors: .Expression18

===========================================================================================
----------------- testing Wed Sep 26 02:43:55 UTC 2018 /home/travis/build/icyphy/ptII/ptolemy/actor/lib/test/auto/Expression2.xml
----------------- Instantiating /home/travis/build/icyphy/ptII/ptolemy/actor/lib/test/auto/Expression2.xml
3 ms. Memory: 1369088K Free: 354158K (26%)
----------------- Invoking toplevel() on ptolemy.moml.MoMLSimpleApplication@5ccfbadd
----------------- Done invoking toplevel() on ptolemy.moml.MoMLSimpleApplication@5ccfbadd
reloadAllAccessors: .Expression2

===========================================================================================
----------------- testing Wed Sep 26 02:43:55 UTC 2018 /home/travis/build/icyphy/ptII/ptolemy/actor/lib/test/auto/Expression3.xml
----------------- Instantiating /home/travis/build/icyphy/ptII/ptolemy/actor/lib/test/auto/Expression3.xml
5 ms. Memory: 1369088K Free: 341645K (25%)
----------------- Invoking toplevel() on ptolemy.moml.MoMLSimpleApplication@7d742a1d
----------------- Done invoking toplevel() on ptolemy.moml.MoMLSimpleApplication@7d742a1d
reloadAllAccessors: .Expression3

===========================================================================================
----------------- testing Wed Sep 26 02:43:55 UTC 2018 /home/travis/build/icyphy/ptII/ptolemy/actor/lib/test/auto/Expression4.xml
----------------- Instantiating /home/travis/build/icyphy/ptII/ptolemy/actor/lib/test/auto/Expression4.xml
4 ms. Memory: 1369088K Free: 329132K (24%)
----------------- Invoking toplevel() on ptolemy.moml.MoMLSimpleApplication@21deca59
----------------- Done invoking toplevel() on ptolemy.moml.MoMLSimpleApplication@21deca59
reloadAllAccessors: .Expression4

===========================================================================================
----------------- testing Wed Sep 26 02:43:55 UTC 2018 /home/travis/build/icyphy/ptII/ptolemy/actor/lib/test/auto/Expression5.xml
----------------- Instantiating /home/travis/build/icyphy/ptII/ptolemy/actor/lib/test/auto/Expression5.xml
6 ms. Memory: 1369088K Free: 297108K (22%)
----------------- Invoking toplevel() on ptolemy.moml.MoMLSimpleApplication@303607f4
----------------- Done invoking toplevel() on ptolemy.moml.MoMLSimpleApplication@303607f4
reloadAllAccessors: .Expression5

===========================================================================================
----------------- testing Wed Sep 26 02:43:55 UTC 2018 /home/travis/build/icyphy/ptII/ptolemy/actor/lib/test/auto/Expression6.xml
----------------- Instantiating /home/travis/build/icyphy/ptII/ptolemy/actor/lib/test/auto/Expression6.xml
3 ms. Memory: 1369088K Free: 284595K (21%)
----------------- Invoking toplevel() on ptolemy.moml.MoMLSimpleApplication@71e1d63e
----------------- Done invoking toplevel() on ptolemy.moml.MoMLSimpleApplication@71e1d63e
reloadAllAccessors: .Expression6

===========================================================================================
----------------- testing Wed Sep 26 02:43:55 UTC 2018 /home/travis/build/icyphy/ptII/ptolemy/actor/lib/test/auto/Expression7.xml
----------------- Instantiating /home/travis/build/icyphy/ptII/ptolemy/actor/lib/test/auto/Expression7.xml
3 ms. Memory: 1369088K Free: 272082K (20%)
----------------- Invoking toplevel() on ptolemy.moml.MoMLSimpleApplication@57e44579
----------------- Done invoking toplevel() on ptolemy.moml.MoMLSimpleApplication@57e44579
reloadAllAccessors: .Expression7

===========================================================================================
----------------- testing Wed Sep 26 02:43:55 UTC 2018 /home/travis/build/icyphy/ptII/ptolemy/actor/lib/test/auto/Expression8.xml
----------------- Instantiating /home/travis/build/icyphy/ptII/ptolemy/actor/lib/test/auto/Expression8.xml
8 ms. Memory: 1369088K Free: 259568K (19%)
----------------- Invoking toplevel() on ptolemy.moml.MoMLSimpleApplication@368c5485
----------------- Done invoking toplevel() on ptolemy.moml.MoMLSimpleApplication@368c5485
reloadAllAccessors: .Expression8

===========================================================================================
----------------- testing Wed Sep 26 02:43:55 UTC 2018 /home/travis/build/icyphy/ptII/ptolemy/actor/lib/test/auto/Expression9.xml
----------------- Instantiating /home/travis/build/icyphy/ptII/ptolemy/actor/lib/test/auto/Expression9.xml
1 ms. Memory: 1369088K Free: 247055K (18%)
----------------- Invoking toplevel() on ptolemy.moml.MoMLSimpleApplication@74efb9fe
----------------- Done invoking toplevel() on ptolemy.moml.MoMLSimpleApplication@74efb9fe
reloadAllAccessors: .Expression9

===========================================================================================
----------------- testing Wed Sep 26 02:43:55 UTC 2018 /home/travis/build/icyphy/ptII/ptolemy/actor/lib/test/auto/ExpressionConcatenateArrayType.xml
----------------- Instantiating /home/travis/build/icyphy/ptII/ptolemy/actor/lib/test/auto/ExpressionConcatenateArrayType.xml
2 ms. Memory: 1369088K Free: 223165K (16%)
----------------- Invoking toplevel() on ptolemy.moml.MoMLSimpleApplication@7218a40b
----------------- Done invoking toplevel() on ptolemy.moml.MoMLSimpleApplication@7218a40b
reloadAllAccessors: .ExpressionConcatenateArrayType

===========================================================================================
----------------- testing Wed Sep 26 02:43:55 UTC 2018 /home/travis/build/icyphy/ptII/ptolemy/actor/lib/test/auto/ExpressionConcatenateArrayType2.xml
----------------- Instantiating /home/travis/build/icyphy/ptII/ptolemy/actor/lib/test/auto/ExpressionConcatenateArrayType2.xml
3 ms. Memory: 1369088K Free: 210652K (15%)
----------------- Invoking toplevel() on ptolemy.moml.MoMLSimpleApplication@55ee4006
----------------- Done invoking toplevel() on ptolemy.moml.MoMLSimpleApplication@55ee4006
reloadAllAccessors: .ExpressionConcatenateArrayType2

===========================================================================================
----------------- testing Wed Sep 26 02:43:55 UTC 2018 /home/travis/build/icyphy/ptII/ptolemy/actor/lib/test/auto/ExpressionFix.xml
----------------- Instantiating /home/travis/build/icyphy/ptII/ptolemy/actor/lib/test/auto/ExpressionFix.xml
22 ms. Memory: 1369088K Free: 198138K (14%)
----------------- Invoking toplevel() on ptolemy.moml.MoMLSimpleApplication@70179a
----------------- Done invoking toplevel() on ptolemy.moml.MoMLSimpleApplication@70179a
reloadAllAccessors: .ExpressionFix

===========================================================================================
----------------- testing Wed Sep 26 02:43:55 UTC 2018 /home/travis/build/icyphy/ptII/ptolemy/actor/lib/test/auto/ExpressionFix2.xml
----------------- Instantiating /home/travis/build/icyphy/ptII/ptolemy/actor/lib/test/auto/ExpressionFix2.xml
6 ms. Memory: 1369088K Free: 185625K (14%)
----------------- Invoking toplevel() on ptolemy.moml.MoMLSimpleApplication@4fbf26a1
----------------- Done invoking toplevel() on ptolemy.moml.MoMLSimpleApplication@4fbf26a1
reloadAllAccessors: .ExpressionFix2

===========================================================================================
----------------- testing Wed Sep 26 02:43:55 UTC 2018 /home/travis/build/icyphy/ptII/ptolemy/actor/lib/test/auto/ExpressionFix3.xml
----------------- Instantiating /home/travis/build/icyphy/ptII/ptolemy/actor/lib/test/auto/ExpressionFix3.xml
3 ms. Memory: 1369088K Free: 173112K (13%)
----------------- Invoking toplevel() on ptolemy.moml.MoMLSimpleApplication@6e85efd9
----------------- Done invoking toplevel() on ptolemy.moml.MoMLSimpleApplication@6e85efd9
reloadAllAccessors: .ExpressionFix3

===========================================================================================
----------------- testing Wed Sep 26 02:43:55 UTC 2018 /home/travis/build/icyphy/ptII/ptolemy/actor/lib/test/auto/FileWriter1.xml
----------------- Instantiating /home/travis/build/icyphy/ptII/ptolemy/actor/lib/test/auto/FileWriter1.xml
3 ms. Memory: 1369088K Free: 149222K (11%)
----------------- Invoking toplevel() on ptolemy.moml.MoMLSimpleApplication@36b23718
----------------- Done invoking toplevel() on ptolemy.moml.MoMLSimpleApplication@36b23718
reloadAllAccessors: .FileWriter1

===========================================================================================
----------------- testing Wed Sep 26 02:43:55 UTC 2018 /home/travis/build/icyphy/ptII/ptolemy/actor/lib/test/auto/FileWriter2.xml
----------------- Instantiating /home/travis/build/icyphy/ptII/ptolemy/actor/lib/test/auto/FileWriter2.xml
6 ms. Memory: 1369088K Free: 136709K (10%)
----------------- Invoking toplevel() on ptolemy.moml.MoMLSimpleApplication@616e16a3
----------------- Done invoking toplevel() on ptolemy.moml.MoMLSimpleApplication@616e16a3
reloadAllAccessors: .FileWriter2

===========================================================================================
----------------- testing Wed Sep 26 02:43:55 UTC 2018 /home/travis/build/icyphy/ptII/ptolemy/actor/lib/test/auto/FileWriter3.xml
----------------- Instantiating /home/travis/build/icyphy/ptII/ptolemy/actor/lib/test/auto/FileWriter3.xml
6 ms. Memory: 1369088K Free: 124195K (9%)
----------------- Invoking toplevel() on ptolemy.moml.MoMLSimpleApplication@324a7483
----------------- Done invoking toplevel() on ptolemy.moml.MoMLSimpleApplication@324a7483
reloadAllAccessors: .FileWriter3

===========================================================================================
----------------- testing Wed Sep 26 02:43:55 UTC 2018 /home/travis/build/icyphy/ptII/ptolemy/actor/lib/test/auto/Gaussian.xml
----------------- Instantiating /home/travis/build/icyphy/ptII/ptolemy/actor/lib/test/auto/Gaussian.xml
2 ms. Memory: 1369088K Free: 111682K (8%)
----------------- Invoking toplevel() on ptolemy.moml.MoMLSimpleApplication@5fa3db66
----------------- Done invoking toplevel() on ptolemy.moml.MoMLSimpleApplication@5fa3db66
reloadAllAccessors: .Gaussian

===========================================================================================
----------------- testing Wed Sep 26 02:43:55 UTC 2018 /home/travis/build/icyphy/ptII/ptolemy/actor/lib/test/auto/Gaussian1.xml
----------------- Instantiating /home/travis/build/icyphy/ptII/ptolemy/actor/lib/test/auto/Gaussian1.xml
5 ms. Memory: 1369088K Free: 99169K (7%)
----------------- Invoking toplevel() on ptolemy.moml.MoMLSimpleApplication@1ea34ddf
----------------- Done invoking toplevel() on ptolemy.moml.MoMLSimpleApplication@1ea34ddf
reloadAllAccessors: .Gaussian1

===========================================================================================
----------------- testing Wed Sep 26 02:43:55 UTC 2018 /home/travis/build/icyphy/ptII/ptolemy/actor/lib/test/auto/Gaussian2.xml
----------------- Instantiating /home/travis/build/icyphy/ptII/ptolemy/actor/lib/test/auto/Gaussian2.xml
2 ms. Memory: 1369088K Free: 80658K (6%)
----------------- Invoking toplevel() on ptolemy.moml.MoMLSimpleApplication@23132dcc
----------------- Done invoking toplevel() on ptolemy.moml.MoMLSimpleApplication@23132dcc
reloadAllAccessors: .Gaussian2

===========================================================================================
----------------- testing Wed Sep 26 02:43:55 UTC 2018 /home/travis/build/icyphy/ptII/ptolemy/actor/lib/test/auto/GradientAdaptiveLattice.xml
----------------- Instantiating /home/travis/build/icyphy/ptII/ptolemy/actor/lib/test/auto/GradientAdaptiveLattice.xml
2 ms. Memory: 1369600K Free: 1318893K (96%)
----------------- Invoking toplevel() on ptolemy.moml.MoMLSimpleApplication@4b7ea5ba
----------------- Done invoking toplevel() on ptolemy.moml.MoMLSimpleApplication@4b7ea5ba
reloadAllAccessors: .GradientAdaptiveLattice

===========================================================================================
----------------- testing Wed Sep 26 02:43:55 UTC 2018 /home/travis/build/icyphy/ptII/ptolemy/actor/lib/test/auto/IIR.xml
----------------- Instantiating /home/travis/build/icyphy/ptII/ptolemy/actor/lib/test/auto/IIR.xml
2 ms. Memory: 1369600K Free: 1298109K (95%)
----------------- Invoking toplevel() on ptolemy.moml.MoMLSimpleApplication@1c3dc5fe
----------------- Done invoking toplevel() on ptolemy.moml.MoMLSimpleApplication@1c3dc5fe
reloadAllAccessors: .IIR

===========================================================================================
----------------- testing Wed Sep 26 02:43:55 UTC 2018 /home/travis/build/icyphy/ptII/ptolemy/actor/lib/test/auto/InputOutputTransparentPorts.xml
----------------- Instantiating /home/travis/build/icyphy/ptII/ptolemy/actor/lib/test/auto/InputOutputTransparentPorts.xml
2 ms. Memory: 1369600K Free: 1285596K (94%)
----------------- Invoking toplevel() on ptolemy.moml.MoMLSimpleApplication@45277544
----------------- Done invoking toplevel() on ptolemy.moml.MoMLSimpleApplication@45277544
reloadAllAccessors: .InputOutputTransparentPorts

===========================================================================================
----------------- testing Wed Sep 26 02:43:56 UTC 2018 /home/travis/build/icyphy/ptII/ptolemy/actor/lib/test/auto/Interpolator.xml
----------------- Instantiating /home/travis/build/icyphy/ptII/ptolemy/actor/lib/test/auto/Interpolator.xml
3 ms. Memory: 1369600K Free: 1273082K (93%)
----------------- Invoking toplevel() on ptolemy.moml.MoMLSimpleApplication@41f083f8
----------------- Done invoking toplevel() on ptolemy.moml.MoMLSimpleApplication@41f083f8
reloadAllAccessors: .Interpolator

===========================================================================================
----------------- testing Wed Sep 26 02:43:56 UTC 2018 /home/travis/build/icyphy/ptII/ptolemy/actor/lib/test/auto/InterpolatorFiringLimitDE.xml
----------------- Instantiating /home/travis/build/icyphy/ptII/ptolemy/actor/lib/test/auto/InterpolatorFiringLimitDE.xml
2 ms. Memory: 1369600K Free: 1252298K (91%)
----------------- Invoking toplevel() on ptolemy.moml.MoMLSimpleApplication@4aa99431
----------------- Done invoking toplevel() on ptolemy.moml.MoMLSimpleApplication@4aa99431
reloadAllAccessors: .InterpolatorFiringLimitDE

===========================================================================================
----------------- testing Wed Sep 26 02:43:56 UTC 2018 /home/travis/build/icyphy/ptII/ptolemy/actor/lib/test/auto/Lattice.xml
----------------- Instantiating /home/travis/build/icyphy/ptII/ptolemy/actor/lib/test/auto/Lattice.xml
1 ms. Memory: 1369600K Free: 1239785K (91%)
----------------- Invoking toplevel() on ptolemy.moml.MoMLSimpleApplication@5e667dd2
----------------- Done invoking toplevel() on ptolemy.moml.MoMLSimpleApplication@5e667dd2
reloadAllAccessors: .Lattice

===========================================================================================
----------------- testing Wed Sep 26 02:43:56 UTC 2018 /home/travis/build/icyphy/ptII/ptolemy/actor/lib/test/auto/LazyAOCTestLazy.xml
----------------- Instantiating /home/travis/build/icyphy/ptII/ptolemy/actor/lib/test/auto/LazyAOCTestLazy.xml
7 ms. Memory: 1369600K Free: 1227272K (90%)
----------------- Invoking toplevel() on ptolemy.moml.MoMLSimpleApplication@39e5adf
----------------- Done invoking toplevel() on ptolemy.moml.MoMLSimpleApplication@39e5adf
reloadAllAccessors: .LazyAOCTestLazy

===========================================================================================
----------------- testing Wed Sep 26 02:43:56 UTC 2018 /home/travis/build/icyphy/ptII/ptolemy/actor/lib/test/auto/LazyAOCTestNonLazy.xml
----------------- Instantiating /home/travis/build/icyphy/ptII/ptolemy/actor/lib/test/auto/LazyAOCTestNonLazy.xml
2 ms. Memory: 1369600K Free: 1214758K (89%)
----------------- Invoking toplevel() on ptolemy.moml.MoMLSimpleApplication@def2194
----------------- Done invoking toplevel() on ptolemy.moml.MoMLSimpleApplication@def2194
reloadAllAccessors: .LazyAOCTestNonLazy

===========================================================================================
----------------- testing Wed Sep 26 02:43:56 UTC 2018 /home/travis/build/icyphy/ptII/ptolemy/actor/lib/test/auto/LazyInnerClass.xml
----------------- Instantiating /home/travis/build/icyphy/ptII/ptolemy/actor/lib/test/auto/LazyInnerClass.xml
10 ms. Memory: 1369600K Free: 1193974K (87%)
----------------- Invoking toplevel() on ptolemy.moml.MoMLSimpleApplication@1b59907
----------------- Done invoking toplevel() on ptolemy.moml.MoMLSimpleApplication@1b59907
reloadAllAccessors: .LazyInnerClass

===========================================================================================
----------------- testing Wed Sep 26 02:43:56 UTC 2018 /home/travis/build/icyphy/ptII/ptolemy/actor/lib/test/auto/LazyPubSub.xml
----------------- Instantiating /home/travis/build/icyphy/ptII/ptolemy/actor/lib/test/auto/LazyPubSub.xml
19 ms. Memory: 1369600K Free: 1181461K (86%)
----------------- Invoking toplevel() on ptolemy.moml.MoMLSimpleApplication@2059dcdb
----------------- Done invoking toplevel() on ptolemy.moml.MoMLSimpleApplication@2059dcdb
reloadAllAccessors: .LazyPubSub

===========================================================================================
----------------- testing Wed Sep 26 02:43:56 UTC 2018 /home/travis/build/icyphy/ptII/ptolemy/actor/lib/test/auto/LazyPubSub2.xml
----------------- Instantiating /home/travis/build/icyphy/ptII/ptolemy/actor/lib/test/auto/LazyPubSub2.xml
25 ms. Memory: 1369600K Free: 1168947K (85%)
----------------- Invoking toplevel() on ptolemy.moml.MoMLSimpleApplication@4095498e
----------------- Done invoking toplevel() on ptolemy.moml.MoMLSimpleApplication@4095498e
reloadAllAccessors: .LazyPubSub2

===========================================================================================
----------------- testing Wed Sep 26 02:43:56 UTC 2018 /home/travis/build/icyphy/ptII/ptolemy/actor/lib/test/auto/LazyPubSub3.xml
----------------- Instantiating /home/travis/build/icyphy/ptII/ptolemy/actor/lib/test/auto/LazyPubSub3.xml
19 ms. Memory: 1369600K Free: 1148163K (84%)
----------------- Invoking toplevel() on ptolemy.moml.MoMLSimpleApplication@3922da78
----------------- Done invoking toplevel() on ptolemy.moml.MoMLSimpleApplication@3922da78
reloadAllAccessors: .LazyPubSub3

===========================================================================================
----------------- testing Wed Sep 26 02:43:56 UTC 2018 /home/travis/build/icyphy/ptII/ptolemy/actor/lib/test/auto/LazySubClassModel.xml
----------------- Instantiating /home/travis/build/icyphy/ptII/ptolemy/actor/lib/test/auto/LazySubClassModel.xml
6 ms. Memory: 1369600K Free: 1129134K (82%)
----------------- Invoking toplevel() on ptolemy.moml.MoMLSimpleApplication@754ecabf
----------------- Done invoking toplevel() on ptolemy.moml.MoMLSimpleApplication@754ecabf
reloadAllAccessors: .LazySubClassModel

===========================================================================================
----------------- testing Wed Sep 26 02:43:56 UTC 2018 /home/travis/build/icyphy/ptII/ptolemy/actor/lib/test/auto/LevelCrossTest1.xml
----------------- Instantiating /home/travis/build/icyphy/ptII/ptolemy/actor/lib/test/auto/LevelCrossTest1.xml
1 ms. Memory: 1369600K Free: 1116620K (82%)
----------------- Invoking toplevel() on ptolemy.moml.MoMLSimpleApplication@cf4920e
----------------- Done invoking toplevel() on ptolemy.moml.MoMLSimpleApplication@cf4920e
reloadAllAccessors: .broken

===========================================================================================
----------------- testing Wed Sep 26 02:43:56 UTC 2018 /home/travis/build/icyphy/ptII/ptolemy/actor/lib/test/auto/LevelCrossTest10.xml
----------------- Instantiating /home/travis/build/icyphy/ptII/ptolemy/actor/lib/test/auto/LevelCrossTest10.xml
1 ms. Memory: 1369600K Free: 1104107K (81%)
----------------- Invoking toplevel() on ptolemy.moml.MoMLSimpleApplication@6c74cce
----------------- Done invoking toplevel() on ptolemy.moml.MoMLSimpleApplication@6c74cce
reloadAllAccessors: .LevelCrossTest10

===========================================================================================
----------------- testing Wed Sep 26 02:43:56 UTC 2018 /home/travis/build/icyphy/ptII/ptolemy/actor/lib/test/auto/LevelCrossTest11.xml
----------------- Instantiating /home/travis/build/icyphy/ptII/ptolemy/actor/lib/test/auto/LevelCrossTest11.xml
1 ms. Memory: 1369600K Free: 1083323K (79%)
----------------- Invoking toplevel() on ptolemy.moml.MoMLSimpleApplication@1d38162d
----------------- Done invoking toplevel() on ptolemy.moml.MoMLSimpleApplication@1d38162d
reloadAllAccessors: .LevelCrossTest11

===========================================================================================
----------------- testing Wed Sep 26 02:43:56 UTC 2018 /home/travis/build/icyphy/ptII/ptolemy/actor/lib/test/auto/LevelCrossTest12.xml
----------------- Instantiating /home/travis/build/icyphy/ptII/ptolemy/actor/lib/test/auto/LevelCrossTest12.xml
1 ms. Memory: 1369600K Free: 1070810K (78%)
----------------- Invoking toplevel() on ptolemy.moml.MoMLSimpleApplication@47462ead
----------------- Done invoking toplevel() on ptolemy.moml.MoMLSimpleApplication@47462ead
reloadAllAccessors: .LevelCrossTest12

===========================================================================================
----------------- testing Wed Sep 26 02:43:56 UTC 2018 /home/travis/build/icyphy/ptII/ptolemy/actor/lib/test/auto/LevelCrossTest13.xml
----------------- Instantiating /home/travis/build/icyphy/ptII/ptolemy/actor/lib/test/auto/LevelCrossTest13.xml
3 ms. Memory: 1369600K Free: 1052024K (77%)
----------------- Invoking toplevel() on ptolemy.moml.MoMLSimpleApplication@5a58c4a3
----------------- Done invoking toplevel() on ptolemy.moml.MoMLSimpleApplication@5a58c4a3
reloadAllAccessors: .LevelCrossTest13

===========================================================================================
----------------- testing Wed Sep 26 02:43:56 UTC 2018 /home/travis/build/icyphy/ptII/ptolemy/actor/lib/test/auto/LevelCrossTest2.xml
----------------- Instantiating /home/travis/build/icyphy/ptII/ptolemy/actor/lib/test/auto/LevelCrossTest2.xml
1 ms. Memory: 1369600K Free: 1039511K (76%)
----------------- Invoking toplevel() on ptolemy.moml.MoMLSimpleApplication@3110b879
----------------- Done invoking toplevel() on ptolemy.moml.MoMLSimpleApplication@3110b879
reloadAllAccessors: .broken

===========================================================================================
----------------- testing Wed Sep 26 02:43:56 UTC 2018 /home/travis/build/icyphy/ptII/ptolemy/actor/lib/test/auto/LevelCrossTest3.xml
----------------- Instantiating /home/travis/build/icyphy/ptII/ptolemy/actor/lib/test/auto/LevelCrossTest3.xml
2 ms. Memory: 1369600K Free: 1018726K (74%)
----------------- Invoking toplevel() on ptolemy.moml.MoMLSimpleApplication@326e3e71
----------------- Done invoking toplevel() on ptolemy.moml.MoMLSimpleApplication@326e3e71
reloadAllAccessors: .LevelCrossTest3

===========================================================================================
----------------- testing Wed Sep 26 02:43:56 UTC 2018 /home/travis/build/icyphy/ptII/ptolemy/actor/lib/test/auto/LevelCrossTest4.xml
----------------- Instantiating /home/travis/build/icyphy/ptII/ptolemy/actor/lib/test/auto/LevelCrossTest4.xml
1 ms. Memory: 1369600K Free: 1006213K (73%)
----------------- Invoking toplevel() on ptolemy.moml.MoMLSimpleApplication@427e5c2b
----------------- Done invoking toplevel() on ptolemy.moml.MoMLSimpleApplication@427e5c2b
reloadAllAccessors: .broken

===========================================================================================
----------------- testing Wed Sep 26 02:43:56 UTC 2018 /home/travis/build/icyphy/ptII/ptolemy/actor/lib/test/auto/LevelCrossTest5.xml
----------------- Instantiating /home/travis/build/icyphy/ptII/ptolemy/actor/lib/test/auto/LevelCrossTest5.xml
1 ms. Memory: 1369600K Free: 993700K (73%)
----------------- Invoking toplevel() on ptolemy.moml.MoMLSimpleApplication@318bec83
----------------- Done invoking toplevel() on ptolemy.moml.MoMLSimpleApplication@318bec83
reloadAllAccessors: .LevelCrossTest5

===========================================================================================
----------------- testing Wed Sep 26 02:43:56 UTC 2018 /home/travis/build/icyphy/ptII/ptolemy/actor/lib/test/auto/LevelCrossTest6.xml
----------------- Instantiating /home/travis/build/icyphy/ptII/ptolemy/actor/lib/test/auto/LevelCrossTest6.xml
1 ms. Memory: 1369600K Free: 972916K (71%)
----------------- Invoking toplevel() on ptolemy.moml.MoMLSimpleApplication@1a658a68
----------------- Done invoking toplevel() on ptolemy.moml.MoMLSimpleApplication@1a658a68
reloadAllAccessors: .LevelCrossTest6

===========================================================================================
----------------- testing Wed Sep 26 02:43:56 UTC 2018 /home/travis/build/icyphy/ptII/ptolemy/actor/lib/test/auto/LevelCrossTest7.xml
----------------- Instantiating /home/travis/build/icyphy/ptII/ptolemy/actor/lib/test/auto/LevelCrossTest7.xml
1 ms. Memory: 1369600K Free: 960402K (70%)
----------------- Invoking toplevel() on ptolemy.moml.MoMLSimpleApplication@a880c93
----------------- Done invoking toplevel() on ptolemy.moml.MoMLSimpleApplication@a880c93
reloadAllAccessors: .LevelCrossTest7

===========================================================================================
----------------- testing Wed Sep 26 02:43:56 UTC 2018 /home/travis/build/icyphy/ptII/ptolemy/actor/lib/test/auto/LevelCrossTest8.xml
----------------- Instantiating /home/travis/build/icyphy/ptII/ptolemy/actor/lib/test/auto/LevelCrossTest8.xml
1 ms. Memory: 1369600K Free: 947889K (69%)
----------------- Invoking toplevel() on ptolemy.moml.MoMLSimpleApplication@43fb2edf
----------------- Done invoking toplevel() on ptolemy.moml.MoMLSimpleApplication@43fb2edf
reloadAllAccessors: .LevelCrossTest8

===========================================================================================
----------------- testing Wed Sep 26 02:43:56 UTC 2018 /home/travis/build/icyphy/ptII/ptolemy/actor/lib/test/auto/LevelCrossTest9.xml
----------------- Instantiating /home/travis/build/icyphy/ptII/ptolemy/actor/lib/test/auto/LevelCrossTest9.xml
1 ms. Memory: 1369600K Free: 935376K (68%)
----------------- Invoking toplevel() on ptolemy.moml.MoMLSimpleApplication@52ba602b
----------------- Done invoking toplevel() on ptolemy.moml.MoMLSimpleApplication@52ba602b
reloadAllAccessors: .LevelCrossTest9

===========================================================================================
----------------- testing Wed Sep 26 02:43:56 UTC 2018 /home/travis/build/icyphy/ptII/ptolemy/actor/lib/test/auto/LevinsonDurbin.xml
----------------- Instantiating /home/travis/build/icyphy/ptII/ptolemy/actor/lib/test/auto/LevinsonDurbin.xml
5 ms. Memory: 1369600K Free: 914592K (67%)
----------------- Invoking toplevel() on ptolemy.moml.MoMLSimpleApplication@79a3bfd9
----------------- Done invoking toplevel() on ptolemy.moml.MoMLSimpleApplication@79a3bfd9
reloadAllAccessors: .LevinsonDurbin

===========================================================================================
----------------- testing Wed Sep 26 02:43:56 UTC 2018 /home/travis/build/icyphy/ptII/ptolemy/actor/lib/test/auto/LevinsonDurbin2.xml
----------------- Instantiating /home/travis/build/icyphy/ptII/ptolemy/actor/lib/test/auto/LevinsonDurbin2.xml
1 ms. Memory: 1369600K Free: 902078K (66%)
----------------- Invoking toplevel() on ptolemy.moml.MoMLSimpleApplication@2d87dd48
----------------- Done invoking toplevel() on ptolemy.moml.MoMLSimpleApplication@2d87dd48
reloadAllAccessors: .LevinsonDurbin2

===========================================================================================
----------------- testing Wed Sep 26 02:43:56 UTC 2018 /home/travis/build/icyphy/ptII/ptolemy/actor/lib/test/auto/LevinsonDurbin3.xml
----------------- Instantiating /home/travis/build/icyphy/ptII/ptolemy/actor/lib/test/auto/LevinsonDurbin3.xml
1 ms. Memory: 1369600K Free: 889565K (65%)
----------------- Invoking toplevel() on ptolemy.moml.MoMLSimpleApplication@4018f475
----------------- Done invoking toplevel() on ptolemy.moml.MoMLSimpleApplication@4018f475
reloadAllAccessors: .LevinsonDurbin3

===========================================================================================
----------------- testing Wed Sep 26 02:43:56 UTC 2018 /home/travis/build/icyphy/ptII/ptolemy/actor/lib/test/auto/Limiter.xml
----------------- Instantiating /home/travis/build/icyphy/ptII/ptolemy/actor/lib/test/auto/Limiter.xml
6 ms. Memory: 1369600K Free: 862508K (63%)
----------------- Invoking toplevel() on ptolemy.moml.MoMLSimpleApplication@3d730120
----------------- Done invoking toplevel() on ptolemy.moml.MoMLSimpleApplication@3d730120
reloadAllAccessors: .Limiter

===========================================================================================
----------------- testing Wed Sep 26 02:43:56 UTC 2018 /home/travis/build/icyphy/ptII/ptolemy/actor/lib/test/auto/LinearDifferenceEquationSystem.xml
----------------- Instantiating /home/travis/build/icyphy/ptII/ptolemy/actor/lib/test/auto/LinearDifferenceEquationSystem.xml
3 ms. Memory: 1369600K Free: 849995K (62%)
----------------- Invoking toplevel() on ptolemy.moml.MoMLSimpleApplication@26a1e448
----------------- Done invoking toplevel() on ptolemy.moml.MoMLSimpleApplication@26a1e448
reloadAllAccessors: .LinearDifferenceEquationSystem

===========================================================================================
----------------- testing Wed Sep 26 02:43:56 UTC 2018 /home/travis/build/icyphy/ptII/ptolemy/actor/lib/test/auto/LookupTable.xml
----------------- Instantiating /home/travis/build/icyphy/ptII/ptolemy/actor/lib/test/auto/LookupTable.xml
1 ms. Memory: 1369600K Free: 837482K (61%)
----------------- Invoking toplevel() on ptolemy.moml.MoMLSimpleApplication@1845361
----------------- Done invoking toplevel() on ptolemy.moml.MoMLSimpleApplication@1845361
reloadAllAccessors: .LookupTable

===========================================================================================
----------------- testing Wed Sep 26 02:43:56 UTC 2018 /home/travis/build/icyphy/ptII/ptolemy/actor/lib/test/auto/MathFunction.xml
----------------- Instantiating /home/travis/build/icyphy/ptII/ptolemy/actor/lib/test/auto/MathFunction.xml
10 ms. Memory: 1369600K Free: 824969K (60%)
----------------- Invoking toplevel() on ptolemy.moml.MoMLSimpleApplication@49f48f7d
----------------- Done invoking toplevel() on ptolemy.moml.MoMLSimpleApplication@49f48f7d
reloadAllAccessors: .MathFunction

===========================================================================================
----------------- testing Wed Sep 26 02:43:56 UTC 2018 /home/travis/build/icyphy/ptII/ptolemy/actor/lib/test/auto/MathFunction2.xml
----------------- Instantiating /home/travis/build/icyphy/ptII/ptolemy/actor/lib/test/auto/MathFunction2.xml
1 ms. Memory: 1369600K Free: 804184K (59%)
----------------- Invoking toplevel() on ptolemy.moml.MoMLSimpleApplication@103b07c1
----------------- Done invoking toplevel() on ptolemy.moml.MoMLSimpleApplication@103b07c1
reloadAllAccessors: .MathFunction2

===========================================================================================
----------------- testing Wed Sep 26 02:43:56 UTC 2018 /home/travis/build/icyphy/ptII/ptolemy/actor/lib/test/auto/MathFunction3.xml
----------------- Instantiating /home/travis/build/icyphy/ptII/ptolemy/actor/lib/test/auto/MathFunction3.xml
6 ms. Memory: 1369600K Free: 791671K (58%)
----------------- Invoking toplevel() on ptolemy.moml.MoMLSimpleApplication@47744c86
----------------- Done invoking toplevel() on ptolemy.moml.MoMLSimpleApplication@47744c86
reloadAllAccessors: .MathFunction3

===========================================================================================
----------------- testing Wed Sep 26 02:43:56 UTC 2018 /home/travis/build/icyphy/ptII/ptolemy/actor/lib/test/auto/MatrixCropBoolean.xml
----------------- Instantiating /home/travis/build/icyphy/ptII/ptolemy/actor/lib/test/auto/MatrixCropBoolean.xml
2 ms. Memory: 1369600K Free: 779158K (57%)
----------------- Invoking toplevel() on ptolemy.moml.MoMLSimpleApplication@bf89bad
----------------- Done invoking toplevel() on ptolemy.moml.MoMLSimpleApplication@bf89bad
reloadAllAccessors: .MatrixCropBoolean

===========================================================================================
----------------- testing Wed Sep 26 02:43:56 UTC 2018 /home/travis/build/icyphy/ptII/ptolemy/actor/lib/test/auto/MatrixCropComplex.xml
----------------- Instantiating /home/travis/build/icyphy/ptII/ptolemy/actor/lib/test/auto/MatrixCropComplex.xml
2 ms. Memory: 1369600K Free: 758374K (55%)
----------------- Invoking toplevel() on ptolemy.moml.MoMLSimpleApplication@665e4cbe
----------------- Done invoking toplevel() on ptolemy.moml.MoMLSimpleApplication@665e4cbe
reloadAllAccessors: .MatrixCropComplex

===========================================================================================
----------------- testing Wed Sep 26 02:43:56 UTC 2018 /home/travis/build/icyphy/ptII/ptolemy/actor/lib/test/auto/MatrixCropDouble.xml
----------------- Instantiating /home/travis/build/icyphy/ptII/ptolemy/actor/lib/test/auto/MatrixCropDouble.xml
2 ms. Memory: 1369600K Free: 745860K (54%)
----------------- Invoking toplevel() on ptolemy.moml.MoMLSimpleApplication@f475c13
----------------- Done invoking toplevel() on ptolemy.moml.MoMLSimpleApplication@f475c13
reloadAllAccessors: .MatrixCropDouble

===========================================================================================
----------------- testing Wed Sep 26 02:43:56 UTC 2018 /home/travis/build/icyphy/ptII/ptolemy/actor/lib/test/auto/MatrixCropFix.xml
----------------- Instantiating /home/travis/build/icyphy/ptII/ptolemy/actor/lib/test/auto/MatrixCropFix.xml
1 ms. Memory: 1369600K Free: 733347K (54%)
----------------- Invoking toplevel() on ptolemy.moml.MoMLSimpleApplication@66807809
----------------- Done invoking toplevel() on ptolemy.moml.MoMLSimpleApplication@66807809
reloadAllAccessors: .MatrixCropFix

===========================================================================================
----------------- testing Wed Sep 26 02:43:56 UTC 2018 /home/travis/build/icyphy/ptII/ptolemy/actor/lib/test/auto/MatrixCropInt.xml
----------------- Instantiating /home/travis/build/icyphy/ptII/ptolemy/actor/lib/test/auto/MatrixCropInt.xml
2 ms. Memory: 1369600K Free: 720834K (53%)
----------------- Invoking toplevel() on ptolemy.moml.MoMLSimpleApplication@da0d74b
----------------- Done invoking toplevel() on ptolemy.moml.MoMLSimpleApplication@da0d74b
reloadAllAccessors: .MatrixCropInt

===========================================================================================
----------------- testing Wed Sep 26 02:43:56 UTC 2018 /home/travis/build/icyphy/ptII/ptolemy/actor/lib/test/auto/MatrixCropLong.xml
----------------- Instantiating /home/travis/build/icyphy/ptII/ptolemy/actor/lib/test/auto/MatrixCropLong.xml
4 ms. Memory: 1369600K Free: 700050K (51%)
----------------- Invoking toplevel() on ptolemy.moml.MoMLSimpleApplication@412445b9
----------------- Done invoking toplevel() on ptolemy.moml.MoMLSimpleApplication@412445b9
reloadAllAccessors: .MatrixCropLong

===========================================================================================
----------------- testing Wed Sep 26 02:43:56 UTC 2018 /home/travis/build/icyphy/ptII/ptolemy/actor/lib/test/auto/MatrixToArray.xml
----------------- Instantiating /home/travis/build/icyphy/ptII/ptolemy/actor/lib/test/auto/MatrixToArray.xml
10 ms. Memory: 1369600K Free: 675007K (49%)
----------------- Invoking toplevel() on ptolemy.moml.MoMLSimpleApplication@345c16b5
----------------- Done invoking toplevel() on ptolemy.moml.MoMLSimpleApplication@345c16b5
reloadAllAccessors: .MatrixToArray

===========================================================================================
----------------- testing Wed Sep 26 02:43:56 UTC 2018 /home/travis/build/icyphy/ptII/ptolemy/actor/lib/test/auto/MaxIndex.xml
----------------- Instantiating /home/travis/build/icyphy/ptII/ptolemy/actor/lib/test/auto/MaxIndex.xml
4 ms. Memory: 1369600K Free: 662494K (48%)
----------------- Invoking toplevel() on ptolemy.moml.MoMLSimpleApplication@a0b551f
----------------- Done invoking toplevel() on ptolemy.moml.MoMLSimpleApplication@a0b551f
reloadAllAccessors: .MaxIndex

===========================================================================================
----------------- testing Wed Sep 26 02:43:57 UTC 2018 /home/travis/build/icyphy/ptII/ptolemy/actor/lib/test/auto/Maximum.xml
----------------- Instantiating /home/travis/build/icyphy/ptII/ptolemy/actor/lib/test/auto/Maximum.xml
3 ms. Memory: 1369600K Free: 641710K (47%)
----------------- Invoking toplevel() on ptolemy.moml.MoMLSimpleApplication@183a1225
----------------- Done invoking toplevel() on ptolemy.moml.MoMLSimpleApplication@183a1225
reloadAllAccessors: .Maximum

===========================================================================================
----------------- testing Wed Sep 26 02:43:57 UTC 2018 /home/travis/build/icyphy/ptII/ptolemy/actor/lib/test/auto/MaximumComplex.xml
----------------- Instantiating /home/travis/build/icyphy/ptII/ptolemy/actor/lib/test/auto/MaximumComplex.xml
4 ms. Memory: 1369600K Free: 629196K (46%)
----------------- Invoking toplevel() on ptolemy.moml.MoMLSimpleApplication@4cd7a7b6
----------------- Done invoking toplevel() on ptolemy.moml.MoMLSimpleApplication@4cd7a7b6
reloadAllAccessors: .MaximumComplex

===========================================================================================
----------------- testing Wed Sep 26 02:43:57 UTC 2018 /home/travis/build/icyphy/ptII/ptolemy/actor/lib/test/auto/MethodCallTest.xml
----------------- Instantiating /home/travis/build/icyphy/ptII/ptolemy/actor/lib/test/auto/MethodCallTest.xml
2 ms. Memory: 1369600K Free: 616683K (45%)
----------------- Invoking toplevel() on ptolemy.moml.MoMLSimpleApplication@351b8003
----------------- Done invoking toplevel() on ptolemy.moml.MoMLSimpleApplication@351b8003
reloadAllAccessors: .MethodCallTest

===========================================================================================
----------------- testing Wed Sep 26 02:43:57 UTC 2018 /home/travis/build/icyphy/ptII/ptolemy/actor/lib/test/auto/Minimum.xml
----------------- Instantiating /home/travis/build/icyphy/ptII/ptolemy/actor/lib/test/auto/Minimum.xml
2 ms. Memory: 1369600K Free: 604170K (44%)
----------------- Invoking toplevel() on ptolemy.moml.MoMLSimpleApplication@7167cee1
----------------- Done invoking toplevel() on ptolemy.moml.MoMLSimpleApplication@7167cee1
reloadAllAccessors: .Minimum

===========================================================================================
----------------- testing Wed Sep 26 02:43:57 UTC 2018 /home/travis/build/icyphy/ptII/ptolemy/actor/lib/test/auto/MinimumComplex.xml
----------------- Instantiating /home/travis/build/icyphy/ptII/ptolemy/actor/lib/test/auto/MinimumComplex.xml
2 ms. Memory: 1369600K Free: 583386K (43%)
----------------- Invoking toplevel() on ptolemy.moml.MoMLSimpleApplication@511a0cdb
----------------- Done invoking toplevel() on ptolemy.moml.MoMLSimpleApplication@511a0cdb
reloadAllAccessors: .MinimumComplex

===========================================================================================
----------------- testing Wed Sep 26 02:43:57 UTC 2018 /home/travis/build/icyphy/ptII/ptolemy/actor/lib/test/auto/MinimumMultiports.xml
----------------- Instantiating /home/travis/build/icyphy/ptII/ptolemy/actor/lib/test/auto/MinimumMultiports.xml
4 ms. Memory: 1369600K Free: 570873K (42%)
----------------- Invoking toplevel() on ptolemy.moml.MoMLSimpleApplication@4cb7ced8
----------------- Done invoking toplevel() on ptolemy.moml.MoMLSimpleApplication@4cb7ced8
reloadAllAccessors: .MinimumMultiports

===========================================================================================
----------------- testing Wed Sep 26 02:43:57 UTC 2018 /home/travis/build/icyphy/ptII/ptolemy/actor/lib/test/auto/ModifyDate.xml
----------------- Instantiating /home/travis/build/icyphy/ptII/ptolemy/actor/lib/test/auto/ModifyDate.xml
7 ms. Memory: 1369600K Free: 552087K (40%)
----------------- Invoking toplevel() on ptolemy.moml.MoMLSimpleApplication@13b7f435
----------------- Done invoking toplevel() on ptolemy.moml.MoMLSimpleApplication@13b7f435
reloadAllAccessors: .ModifyDate

===========================================================================================
----------------- testing Wed Sep 26 02:43:57 UTC 2018 /home/travis/build/icyphy/ptII/ptolemy/actor/lib/test/auto/ModifyDate2.xml
----------------- Instantiating /home/travis/build/icyphy/ptII/ptolemy/actor/lib/test/auto/ModifyDate2.xml
10 ms. Memory: 1369600K Free: 525046K (38%)
----------------- Invoking toplevel() on ptolemy.moml.MoMLSimpleApplication@10ee61cf
----------------- Done invoking toplevel() on ptolemy.moml.MoMLSimpleApplication@10ee61cf
reloadAllAccessors: .ModifyDate2

===========================================================================================
----------------- testing Wed Sep 26 02:43:57 UTC 2018 /home/travis/build/icyphy/ptII/ptolemy/actor/lib/test/auto/MovingAverage.xml
----------------- Instantiating /home/travis/build/icyphy/ptII/ptolemy/actor/lib/test/auto/MovingAverage.xml
2 ms. Memory: 1369600K Free: 512533K (37%)
----------------- Invoking toplevel() on ptolemy.moml.MoMLSimpleApplication@6faa786f
----------------- Done invoking toplevel() on ptolemy.moml.MoMLSimpleApplication@6faa786f
reloadAllAccessors: .MovingAverage

===========================================================================================
----------------- testing Wed Sep 26 02:43:57 UTC 2018 /home/travis/build/icyphy/ptII/ptolemy/actor/lib/test/auto/MovingMaximum.xml
----------------- Instantiating /home/travis/build/icyphy/ptII/ptolemy/actor/lib/test/auto/MovingMaximum.xml
1 ms. Memory: 1369600K Free: 500019K (37%)
----------------- Invoking toplevel() on ptolemy.moml.MoMLSimpleApplication@13d4be31
----------------- Done invoking toplevel() on ptolemy.moml.MoMLSimpleApplication@13d4be31
reloadAllAccessors: .MovingMaximum

===========================================================================================
----------------- testing Wed Sep 26 02:43:57 UTC 2018 /home/travis/build/icyphy/ptII/ptolemy/actor/lib/test/auto/MultipleLinksToSameRelation.xml
----------------- Instantiating /home/travis/build/icyphy/ptII/ptolemy/actor/lib/test/auto/MultipleLinksToSameRelation.xml
6 ms. Memory: 1369600K Free: 487506K (36%)
----------------- Invoking toplevel() on ptolemy.moml.MoMLSimpleApplication@1ba5abfe
----------------- Done invoking toplevel() on ptolemy.moml.MoMLSimpleApplication@1ba5abfe
reloadAllAccessors: .MultipleLinksToSameRelation

===========================================================================================
----------------- testing Wed Sep 26 02:43:57 UTC 2018 /home/travis/build/icyphy/ptII/ptolemy/actor/lib/test/auto/MultipleLinksToSameRelationDE.xml
----------------- Instantiating /home/travis/build/icyphy/ptII/ptolemy/actor/lib/test/auto/MultipleLinksToSameRelationDE.xml
1 ms. Memory: 1369600K Free: 466722K (34%)
----------------- Invoking toplevel() on ptolemy.moml.MoMLSimpleApplication@4bcf6709
----------------- Done invoking toplevel() on ptolemy.moml.MoMLSimpleApplication@4bcf6709
reloadAllAccessors: .MultipleLinksToSameRelationDE

===========================================================================================
----------------- testing Wed Sep 26 02:43:57 UTC 2018 /home/travis/build/icyphy/ptII/ptolemy/actor/lib/test/auto/Multiplexor.xml
----------------- Instantiating /home/travis/build/icyphy/ptII/ptolemy/actor/lib/test/auto/Multiplexor.xml
1 ms. Memory: 1369600K Free: 454209K (33%)
----------------- Invoking toplevel() on ptolemy.moml.MoMLSimpleApplication@19977eab
----------------- Done invoking toplevel() on ptolemy.moml.MoMLSimpleApplication@19977eab
reloadAllAccessors: .Multiplexor

===========================================================================================
----------------- testing Wed Sep 26 02:43:57 UTC 2018 /home/travis/build/icyphy/ptII/ptolemy/actor/lib/test/auto/Multiplexor1.xml
----------------- Instantiating /home/travis/build/icyphy/ptII/ptolemy/actor/lib/test/auto/Multiplexor1.xml
1 ms. Memory: 1369600K Free: 441696K (32%)
----------------- Invoking toplevel() on ptolemy.moml.MoMLSimpleApplication@69cd8ba0
----------------- Done invoking toplevel() on ptolemy.moml.MoMLSimpleApplication@69cd8ba0
reloadAllAccessors: .Multiplexor1

===========================================================================================
----------------- testing Wed Sep 26 02:43:57 UTC 2018 /home/travis/build/icyphy/ptII/ptolemy/actor/lib/test/auto/Multiplexor2.xml
----------------- Instantiating /home/travis/build/icyphy/ptII/ptolemy/actor/lib/test/auto/Multiplexor2.xml
6 ms. Memory: 1369600K Free: 420911K (31%)
----------------- Invoking toplevel() on ptolemy.moml.MoMLSimpleApplication@24119560
----------------- Done invoking toplevel() on ptolemy.moml.MoMLSimpleApplication@24119560
reloadAllAccessors: .Multiplexor2

===========================================================================================
----------------- testing Wed Sep 26 02:43:57 UTC 2018 /home/travis/build/icyphy/ptII/ptolemy/actor/lib/test/auto/Multiplexor3.xml
----------------- Instantiating /home/travis/build/icyphy/ptII/ptolemy/actor/lib/test/auto/Multiplexor3.xml
3 ms. Memory: 1369600K Free: 408398K (30%)
----------------- Invoking toplevel() on ptolemy.moml.MoMLSimpleApplication@1cb9be8d
----------------- Done invoking toplevel() on ptolemy.moml.MoMLSimpleApplication@1cb9be8d
reloadAllAccessors: .Multiplexor3

===========================================================================================
----------------- testing Wed Sep 26 02:43:57 UTC 2018 /home/travis/build/icyphy/ptII/ptolemy/actor/lib/test/auto/MultiplexorDE.xml
----------------- Instantiating /home/travis/build/icyphy/ptII/ptolemy/actor/lib/test/auto/MultiplexorDE.xml
1 ms. Memory: 1369600K Free: 395885K (29%)
----------------- Invoking toplevel() on ptolemy.moml.MoMLSimpleApplication@302a8503
----------------- Done invoking toplevel() on ptolemy.moml.MoMLSimpleApplication@302a8503
reloadAllAccessors: .MultiplexorDE

===========================================================================================
----------------- testing Wed Sep 26 02:43:57 UTC 2018 /home/travis/build/icyphy/ptII/ptolemy/actor/lib/test/auto/MultiportBroadcastTest.xml
----------------- Instantiating /home/travis/build/icyphy/ptII/ptolemy/actor/lib/test/auto/MultiportBroadcastTest.xml
89 ms. Memory: 1369600K Free: 383372K (28%)
----------------- Invoking toplevel() on ptolemy.moml.MoMLSimpleApplication@7036686e
----------------- Done invoking toplevel() on ptolemy.moml.MoMLSimpleApplication@7036686e
reloadAllAccessors: .MultiportBroadcastTest

===========================================================================================
----------------- testing Wed Sep 26 02:43:57 UTC 2018 /home/travis/build/icyphy/ptII/ptolemy/actor/lib/test/auto/MultiportOutHangDuringGetWidth.xml
----------------- Instantiating /home/travis/build/icyphy/ptII/ptolemy/actor/lib/test/auto/MultiportOutHangDuringGetWidth.xml
5 ms. Memory: 1369600K Free: 356331K (26%)
----------------- Invoking toplevel() on ptolemy.moml.MoMLSimpleApplication@36829ed3
----------------- Done invoking toplevel() on ptolemy.moml.MoMLSimpleApplication@36829ed3
reloadAllAccessors: .MultiportOutHangDuringGetWidth

===========================================================================================
----------------- testing Wed Sep 26 02:43:57 UTC 2018 /home/travis/build/icyphy/ptII/ptolemy/actor/lib/test/auto/NilToken.xml
----------------- Instantiating /home/travis/build/icyphy/ptII/ptolemy/actor/lib/test/auto/NilToken.xml
1 ms. Memory: 1369600K Free: 343818K (25%)
----------------- Invoking toplevel() on ptolemy.moml.MoMLSimpleApplication@2cb0f215
----------------- Done invoking toplevel() on ptolemy.moml.MoMLSimpleApplication@2cb0f215
reloadAllAccessors: .NilToken

===========================================================================================
----------------- testing Wed Sep 26 02:43:57 UTC 2018 /home/travis/build/icyphy/ptII/ptolemy/actor/lib/test/auto/NilTokenNonStrictTest.xml
----------------- Instantiating /home/travis/build/icyphy/ptII/ptolemy/actor/lib/test/auto/NilTokenNonStrictTest.xml
2 ms. Memory: 1369600K Free: 331304K (24%)
----------------- Invoking toplevel() on ptolemy.moml.MoMLSimpleApplication@50cc3d30
----------------- Done invoking toplevel() on ptolemy.moml.MoMLSimpleApplication@50cc3d30
reloadAllAccessors: .NilTokenNonStrictTest

===========================================================================================
----------------- testing Wed Sep 26 02:43:57 UTC 2018 /home/travis/build/icyphy/ptII/ptolemy/actor/lib/test/auto/NilTokenRecord.xml
----------------- Instantiating /home/travis/build/icyphy/ptII/ptolemy/actor/lib/test/auto/NilTokenRecord.xml
6 ms. Memory: 1369600K Free: 310520K (23%)
----------------- Invoking toplevel() on ptolemy.moml.MoMLSimpleApplication@3f0265fc
----------------- Done invoking toplevel() on ptolemy.moml.MoMLSimpleApplication@3f0265fc
reloadAllAccessors: .NilTokenRecord

===========================================================================================
----------------- testing Wed Sep 26 02:43:57 UTC 2018 /home/travis/build/icyphy/ptII/ptolemy/actor/lib/test/auto/NilTokenTypeTest.xml
----------------- Instantiating /home/travis/build/icyphy/ptII/ptolemy/actor/lib/test/auto/NilTokenTypeTest.xml
10 ms. Memory: 1369600K Free: 291734K (21%)
----------------- Invoking toplevel() on ptolemy.moml.MoMLSimpleApplication@4bcf0203
----------------- Done invoking toplevel() on ptolemy.moml.MoMLSimpleApplication@4bcf0203
reloadAllAccessors: .NilTokenTypeTest

===========================================================================================
----------------- testing Wed Sep 26 02:43:57 UTC 2018 /home/travis/build/icyphy/ptII/ptolemy/actor/lib/test/auto/ObjectToken1.xml
----------------- Instantiating /home/travis/build/icyphy/ptII/ptolemy/actor/lib/test/auto/ObjectToken1.xml
2 ms. Memory: 1369600K Free: 279221K (20%)
----------------- Invoking toplevel() on ptolemy.moml.MoMLSimpleApplication@2a16ede1
----------------- Done invoking toplevel() on ptolemy.moml.MoMLSimpleApplication@2a16ede1
reloadAllAccessors: .ObjectToken1

===========================================================================================
----------------- testing Wed Sep 26 02:43:57 UTC 2018 /home/travis/build/icyphy/ptII/ptolemy/actor/lib/test/auto/OrderedMerge.xml
----------------- Instantiating /home/travis/build/icyphy/ptII/ptolemy/actor/lib/test/auto/OrderedMerge.xml
9 ms. Memory: 1369600K Free: 241681K (18%)
----------------- Invoking toplevel() on ptolemy.moml.MoMLSimpleApplication@462be89b
----------------- Done invoking toplevel() on ptolemy.moml.MoMLSimpleApplication@462be89b
reloadAllAccessors: .OrderedMerge

===========================================================================================
----------------- testing Wed Sep 26 02:43:57 UTC 2018 /home/travis/build/icyphy/ptII/ptolemy/actor/lib/test/auto/OrderedRecordDisassembler.xml
----------------- Instantiating /home/travis/build/icyphy/ptII/ptolemy/actor/lib/test/auto/OrderedRecordDisassembler.xml
3 ms. Memory: 1369600K Free: 220897K (16%)
----------------- Invoking toplevel() on ptolemy.moml.MoMLSimpleApplication@1acee832
----------------- Done invoking toplevel() on ptolemy.moml.MoMLSimpleApplication@1acee832
reloadAllAccessors: .OrderedRecordDisassembler

===========================================================================================
----------------- testing Wed Sep 26 02:43:57 UTC 2018 /home/travis/build/icyphy/ptII/ptolemy/actor/lib/test/auto/OrderedRecordDisassembler2.xml
----------------- Instantiating /home/travis/build/icyphy/ptII/ptolemy/actor/lib/test/auto/OrderedRecordDisassembler2.xml
4 ms. Memory: 1369600K Free: 208384K (15%)
----------------- Invoking toplevel() on ptolemy.moml.MoMLSimpleApplication@500c47f1
----------------- Done invoking toplevel() on ptolemy.moml.MoMLSimpleApplication@500c47f1
reloadAllAccessors: .OrderedRecordDisassembler2

===========================================================================================
----------------- testing Wed Sep 26 02:43:57 UTC 2018 /home/travis/build/icyphy/ptII/ptolemy/actor/lib/test/auto/OrderedRecordUpdater.xml
----------------- Instantiating /home/travis/build/icyphy/ptII/ptolemy/actor/lib/test/auto/OrderedRecordUpdater.xml
2 ms. Memory: 1369600K Free: 195870K (14%)
----------------- Invoking toplevel() on ptolemy.moml.MoMLSimpleApplication@71c163d2
----------------- Done invoking toplevel() on ptolemy.moml.MoMLSimpleApplication@71c163d2
reloadAllAccessors: .RecordUpdater

===========================================================================================
----------------- testing Wed Sep 26 02:43:57 UTC 2018 /home/travis/build/icyphy/ptII/ptolemy/actor/lib/test/auto/OrderedRecordUpdater2.xml
----------------- Instantiating /home/travis/build/icyphy/ptII/ptolemy/actor/lib/test/auto/OrderedRecordUpdater2.xml
3 ms. Memory: 1369600K Free: 175087K (13%)
----------------- Invoking toplevel() on ptolemy.moml.MoMLSimpleApplication@1b19ba5a
----------------- Done invoking toplevel() on ptolemy.moml.MoMLSimpleApplication@1b19ba5a
reloadAllAccessors: .RecordUpdater2

===========================================================================================
----------------- testing Wed Sep 26 02:43:57 UTC 2018 /home/travis/build/icyphy/ptII/ptolemy/actor/lib/test/auto/PhaseUnwrap.xml
----------------- Instantiating /home/travis/build/icyphy/ptII/ptolemy/actor/lib/test/auto/PhaseUnwrap.xml
2 ms. Memory: 1369600K Free: 162573K (12%)
----------------- Invoking toplevel() on ptolemy.moml.MoMLSimpleApplication@7b3a3c32
----------------- Done invoking toplevel() on ptolemy.moml.MoMLSimpleApplication@7b3a3c32
reloadAllAccessors: .PhaseUnwrap

===========================================================================================
----------------- testing Wed Sep 26 02:43:57 UTC 2018 /home/travis/build/icyphy/ptII/ptolemy/actor/lib/test/auto/PoissonClock.xml
----------------- Instantiating /home/travis/build/icyphy/ptII/ptolemy/actor/lib/test/auto/PoissonClock.xml
2 ms. Memory: 1369600K Free: 150060K (11%)
----------------- Invoking toplevel() on ptolemy.moml.MoMLSimpleApplication@6eb0509b
----------------- Done invoking toplevel() on ptolemy.moml.MoMLSimpleApplication@6eb0509b
reloadAllAccessors: .PoissonClock

===========================================================================================
----------------- testing Wed Sep 26 02:43:57 UTC 2018 /home/travis/build/icyphy/ptII/ptolemy/actor/lib/test/auto/PoissonClock2.xml
----------------- Instantiating /home/travis/build/icyphy/ptII/ptolemy/actor/lib/test/auto/PoissonClock2.xml
2 ms. Memory: 1369600K Free: 137547K (10%)
----------------- Invoking toplevel() on ptolemy.moml.MoMLSimpleApplication@66270742
----------------- Done invoking toplevel() on ptolemy.moml.MoMLSimpleApplication@66270742
reloadAllAccessors: .PoissonClock2

===========================================================================================
----------------- testing Wed Sep 26 02:43:57 UTC 2018 /home/travis/build/icyphy/ptII/ptolemy/actor/lib/test/auto/PoissonClock3.xml
----------------- Instantiating /home/travis/build/icyphy/ptII/ptolemy/actor/lib/test/auto/PoissonClock3.xml
1 ms. Memory: 1369600K Free: 116763K (9%)
----------------- Invoking toplevel() on ptolemy.moml.MoMLSimpleApplication@6b923171
----------------- Done invoking toplevel() on ptolemy.moml.MoMLSimpleApplication@6b923171
reloadAllAccessors: .PoissonClock3

===========================================================================================
----------------- testing Wed Sep 26 02:43:57 UTC 2018 /home/travis/build/icyphy/ptII/ptolemy/actor/lib/test/auto/PubSubWithInitialTokens.xml
----------------- Instantiating /home/travis/build/icyphy/ptII/ptolemy/actor/lib/test/auto/PubSubWithInitialTokens.xml
2 ms. Memory: 1369600K Free: 104249K (8%)
----------------- Invoking toplevel() on ptolemy.moml.MoMLSimpleApplication@3808cc86
----------------- Done invoking toplevel() on ptolemy.moml.MoMLSimpleApplication@3808cc86
reloadAllAccessors: .PubSubWithInitialTokens

===========================================================================================
----------------- testing Wed Sep 26 02:43:57 UTC 2018 /home/travis/build/icyphy/ptII/ptolemy/actor/lib/test/auto/PubSubWithInitialTokens2.xml
----------------- Instantiating /home/travis/build/icyphy/ptII/ptolemy/actor/lib/test/auto/PubSubWithInitialTokens2.xml
5 ms. Memory: 1369600K Free: 91736K (7%)
----------------- Invoking toplevel() on ptolemy.moml.MoMLSimpleApplication@394cbf44
----------------- Done invoking toplevel() on ptolemy.moml.MoMLSimpleApplication@394cbf44
reloadAllAccessors: .PubSubWithInitialTokens2

===========================================================================================
----------------- testing Wed Sep 26 02:43:57 UTC 2018 /home/travis/build/icyphy/ptII/ptolemy/actor/lib/test/auto/PublisherClassNoParameter.xml
----------------- Instantiating /home/travis/build/icyphy/ptII/ptolemy/actor/lib/test/auto/PublisherClassNoParameter.xml
2 ms. Memory: 1557504K Free: 1503887K (97%)
----------------- Invoking toplevel() on ptolemy.moml.MoMLSimpleApplication@5826b817
----------------- Done invoking toplevel() on ptolemy.moml.MoMLSimpleApplication@5826b817
reloadAllAccessors: .PublisherClassNoParameter

===========================================================================================
----------------- testing Wed Sep 26 02:43:57 UTC 2018 /home/travis/build/icyphy/ptII/ptolemy/actor/lib/test/auto/PublisherClassParameter.xml
----------------- Instantiating /home/travis/build/icyphy/ptII/ptolemy/actor/lib/test/auto/PublisherClassParameter.xml
1 ms. Memory: 1557504K Free: 1474235K (95%)
----------------- Invoking toplevel() on ptolemy.moml.MoMLSimpleApplication@ae65ef
----------------- Done invoking toplevel() on ptolemy.moml.MoMLSimpleApplication@ae65ef
reloadAllAccessors: .PublisherClassParameter

===========================================================================================
----------------- testing Wed Sep 26 02:43:57 UTC 2018 /home/travis/build/icyphy/ptII/ptolemy/actor/lib/test/auto/PublisherNonStrictTest.xml
----------------- Instantiating /home/travis/build/icyphy/ptII/ptolemy/actor/lib/test/auto/PublisherNonStrictTest.xml
3 ms. Memory: 1557504K Free: 1459658K (94%)
----------------- Invoking toplevel() on ptolemy.moml.MoMLSimpleApplication@1091af9d
----------------- Done invoking toplevel() on ptolemy.moml.MoMLSimpleApplication@1091af9d
reloadAllAccessors: .PublisherNonStrictTest

===========================================================================================
----------------- testing Wed Sep 26 02:43:57 UTC 2018 /home/travis/build/icyphy/ptII/ptolemy/actor/lib/test/auto/PublisherPort1.xml
----------------- Instantiating /home/travis/build/icyphy/ptII/ptolemy/actor/lib/test/auto/PublisherPort1.xml
2 ms. Memory: 1557504K Free: 1445082K (93%)
----------------- Invoking toplevel() on ptolemy.moml.MoMLSimpleApplication@19eae2a4
----------------- Done invoking toplevel() on ptolemy.moml.MoMLSimpleApplication@19eae2a4
reloadAllAccessors: .PublisherPort1

===========================================================================================
----------------- testing Wed Sep 26 02:43:57 UTC 2018 /home/travis/build/icyphy/ptII/ptolemy/actor/lib/test/auto/PublisherPort2.xml
----------------- Instantiating /home/travis/build/icyphy/ptII/ptolemy/actor/lib/test/auto/PublisherPort2.xml
2 ms. Memory: 1557504K Free: 1422727K (91%)
----------------- Invoking toplevel() on ptolemy.moml.MoMLSimpleApplication@68cfc000
----------------- Done invoking toplevel() on ptolemy.moml.MoMLSimpleApplication@68cfc000
reloadAllAccessors: .PublisherPort2

===========================================================================================
----------------- testing Wed Sep 26 02:43:58 UTC 2018 /home/travis/build/icyphy/ptII/ptolemy/actor/lib/test/auto/PublisherPort3.xml
----------------- Instantiating /home/travis/build/icyphy/ptII/ptolemy/actor/lib/test/auto/PublisherPort3.xml
3 ms. Memory: 1557504K Free: 1408150K (90%)
----------------- Invoking toplevel() on ptolemy.moml.MoMLSimpleApplication@2211cc09
----------------- Done invoking toplevel() on ptolemy.moml.MoMLSimpleApplication@2211cc09
reloadAllAccessors: .PublisherPort3

===========================================================================================
----------------- testing Wed Sep 26 02:43:58 UTC 2018 /home/travis/build/icyphy/ptII/ptolemy/actor/lib/test/auto/PublisherPort4.xml
----------------- Instantiating /home/travis/build/icyphy/ptII/ptolemy/actor/lib/test/auto/PublisherPort4.xml
2 ms. Memory: 1557504K Free: 1393573K (89%)
----------------- Invoking toplevel() on ptolemy.moml.MoMLSimpleApplication@46e0f38e
----------------- Done invoking toplevel() on ptolemy.moml.MoMLSimpleApplication@46e0f38e
reloadAllAccessors: .PublisherPort4

===========================================================================================
----------------- testing Wed Sep 26 02:43:58 UTC 2018 /home/travis/build/icyphy/ptII/ptolemy/actor/lib/test/auto/PublisherPort5.xml
----------------- Instantiating /home/travis/build/icyphy/ptII/ptolemy/actor/lib/test/auto/PublisherPort5.xml
3 ms. Memory: 1557504K Free: 1371218K (88%)
----------------- Invoking toplevel() on ptolemy.moml.MoMLSimpleApplication@360946f3
----------------- Done invoking toplevel() on ptolemy.moml.MoMLSimpleApplication@360946f3
reloadAllAccessors: .PublisherPort5

===========================================================================================
----------------- testing Wed Sep 26 02:43:58 UTC 2018 /home/travis/build/icyphy/ptII/ptolemy/actor/lib/test/auto/PublisherPort5LookAlike.xml
----------------- Instantiating /home/travis/build/icyphy/ptII/ptolemy/actor/lib/test/auto/PublisherPort5LookAlike.xml
7 ms. Memory: 1557504K Free: 1356445K (87%)
----------------- Invoking toplevel() on ptolemy.moml.MoMLSimpleApplication@68233ee4
----------------- Done invoking toplevel() on ptolemy.moml.MoMLSimpleApplication@68233ee4
reloadAllAccessors: .PublisherPort5LookAlike

===========================================================================================
----------------- testing Wed Sep 26 02:43:58 UTC 2018 /home/travis/build/icyphy/ptII/ptolemy/actor/lib/test/auto/PublisherPort6.xml
----------------- Instantiating /home/travis/build/icyphy/ptII/ptolemy/actor/lib/test/auto/PublisherPort6.xml
1 ms. Memory: 1557504K Free: 1341868K (86%)
----------------- Invoking toplevel() on ptolemy.moml.MoMLSimpleApplication@561f34b7
----------------- Done invoking toplevel() on ptolemy.moml.MoMLSimpleApplication@561f34b7
reloadAllAccessors: .PublisherPort6

===========================================================================================
----------------- testing Wed Sep 26 02:43:58 UTC 2018 /home/travis/build/icyphy/ptII/ptolemy/actor/lib/test/auto/PublisherPort7.xml
----------------- Instantiating /home/travis/build/icyphy/ptII/ptolemy/actor/lib/test/auto/PublisherPort7.xml
4 ms. Memory: 1557504K Free: 1319513K (85%)
----------------- Invoking toplevel() on ptolemy.moml.MoMLSimpleApplication@5b5caf0d
----------------- Done invoking toplevel() on ptolemy.moml.MoMLSimpleApplication@5b5caf0d
reloadAllAccessors: .PublisherPort7

===========================================================================================
----------------- testing Wed Sep 26 02:43:58 UTC 2018 /home/travis/build/icyphy/ptII/ptolemy/actor/lib/test/auto/PublisherPort8.xml
----------------- Instantiating /home/travis/build/icyphy/ptII/ptolemy/actor/lib/test/auto/PublisherPort8.xml
4 ms. Memory: 1557504K Free: 1304937K (84%)
----------------- Invoking toplevel() on ptolemy.moml.MoMLSimpleApplication@6bf9989c
----------------- Done invoking toplevel() on ptolemy.moml.MoMLSimpleApplication@6bf9989c
reloadAllAccessors: .PublisherPort8

===========================================================================================
----------------- testing Wed Sep 26 02:43:58 UTC 2018 /home/travis/build/icyphy/ptII/ptolemy/actor/lib/test/auto/PublisherPortSubscriberChannelVariablesAOC2.xml
----------------- Instantiating /home/travis/build/icyphy/ptII/ptolemy/actor/lib/test/auto/PublisherPortSubscriberChannelVariablesAOC2.xml
3 ms. Memory: 1557504K Free: 1275751K (82%)
----------------- Invoking toplevel() on ptolemy.moml.MoMLSimpleApplication@1d28ded4
----------------- Done invoking toplevel() on ptolemy.moml.MoMLSimpleApplication@1d28ded4
reloadAllAccessors: .PublisherPortSubscriberChannelVariablesAOC2

===========================================================================================
----------------- testing Wed Sep 26 02:43:58 UTC 2018 /home/travis/build/icyphy/ptII/ptolemy/actor/lib/test/auto/PublisherPortSubscriberOpaqueWidthInference.xml
----------------- Instantiating /home/travis/build/icyphy/ptII/ptolemy/actor/lib/test/auto/PublisherPortSubscriberOpaqueWidthInference.xml
3 ms. Memory: 1557504K Free: 1253396K (80%)
----------------- Invoking toplevel() on ptolemy.moml.MoMLSimpleApplication@485ee939
----------------- Done invoking toplevel() on ptolemy.moml.MoMLSimpleApplication@485ee939
reloadAllAccessors: .PublisherPortSubscriberOpaqueWidthInference

===========================================================================================
----------------- testing Wed Sep 26 02:43:58 UTC 2018 /home/travis/build/icyphy/ptII/ptolemy/actor/lib/test/auto/PublisherPortSubscriberPortAdjacent.xml
----------------- Instantiating /home/travis/build/icyphy/ptII/ptolemy/actor/lib/test/auto/PublisherPortSubscriberPortAdjacent.xml
1 ms. Memory: 1557504K Free: 1238819K (80%)
----------------- Invoking toplevel() on ptolemy.moml.MoMLSimpleApplication@17be6779
----------------- Done invoking toplevel() on ptolemy.moml.MoMLSimpleApplication@17be6779
reloadAllAccessors: .PublisherPortSubscriberPortAdjacent

===========================================================================================
----------------- testing Wed Sep 26 02:43:58 UTC 2018 /home/travis/build/icyphy/ptII/ptolemy/actor/lib/test/auto/PublisherPortSubscriberPortExpression.xml
----------------- Instantiating /home/travis/build/icyphy/ptII/ptolemy/actor/lib/test/auto/PublisherPortSubscriberPortExpression.xml
4 ms. Memory: 1557504K Free: 1224243K (79%)
----------------- Invoking toplevel() on ptolemy.moml.MoMLSimpleApplication@76e03a63
----------------- Done invoking toplevel() on ptolemy.moml.MoMLSimpleApplication@76e03a63
reloadAllAccessors: .PublisherPortSubscriberPortExpression

===========================================================================================
----------------- testing Wed Sep 26 02:43:58 UTC 2018 /home/travis/build/icyphy/ptII/ptolemy/actor/lib/test/auto/PublisherPortSubscriberPortOpaqueD3Reverse.xml
----------------- Instantiating /home/travis/build/icyphy/ptII/ptolemy/actor/lib/test/auto/PublisherPortSubscriberPortOpaqueD3Reverse.xml
6 ms. Memory: 1557504K Free: 1209666K (78%)
----------------- Invoking toplevel() on ptolemy.moml.MoMLSimpleApplication@60c13e53
----------------- Done invoking toplevel() on ptolemy.moml.MoMLSimpleApplication@60c13e53
reloadAllAccessors: .PublisherPortSubscriberPortOpaqueD3Reverse

===========================================================================================
----------------- testing Wed Sep 26 02:43:58 UTC 2018 /home/travis/build/icyphy/ptII/ptolemy/actor/lib/test/auto/PublisherPortSubscriberPortOpaqueWidthInference.xml
----------------- Instantiating /home/travis/build/icyphy/ptII/ptolemy/actor/lib/test/auto/PublisherPortSubscriberPortOpaqueWidthInference.xml
3 ms. Memory: 1557504K Free: 1187311K (76%)
----------------- Invoking toplevel() on ptolemy.moml.MoMLSimpleApplication@1b84545f
----------------- Done invoking toplevel() on ptolemy.moml.MoMLSimpleApplication@1b84545f
reloadAllAccessors: .PublisherPortSubscriberPortOpaqueWidthInference

===========================================================================================
----------------- testing Wed Sep 26 02:43:58 UTC 2018 /home/travis/build/icyphy/ptII/ptolemy/actor/lib/test/auto/PublisherPortToplevelSubscriberPortAOC.xml
----------------- Instantiating /home/travis/build/icyphy/ptII/ptolemy/actor/lib/test/auto/PublisherPortToplevelSubscriberPortAOC.xml
.PublisherPortToplevelSubscriberPortAOC.TestExceptionAttribute: initialize() was not invoked, but wrapup() was.  This is unusual, but not always a problem.  For example, exporting JNLP will do this.
0 ms. Memory: 1557504K Free: 1172734K (75%)
----------------- Invoking toplevel() on ptolemy.moml.MoMLSimpleApplication@202bc40c
----------------- Done invoking toplevel() on ptolemy.moml.MoMLSimpleApplication@202bc40c
reloadAllAccessors: .PublisherPortToplevelSubscriberPortAOC

===========================================================================================
----------------- testing Wed Sep 26 02:43:58 UTC 2018 /home/travis/build/icyphy/ptII/ptolemy/actor/lib/test/auto/PublisherSubscriber.xml
----------------- Instantiating /home/travis/build/icyphy/ptII/ptolemy/actor/lib/test/auto/PublisherSubscriber.xml
3 ms. Memory: 1557504K Free: 1158157K (74%)
----------------- Invoking toplevel() on ptolemy.moml.MoMLSimpleApplication@5fbf9180
----------------- Done invoking toplevel() on ptolemy.moml.MoMLSimpleApplication@5fbf9180
reloadAllAccessors: .PublisherSubscriber

===========================================================================================
----------------- testing Wed Sep 26 02:43:58 UTC 2018 /home/travis/build/icyphy/ptII/ptolemy/actor/lib/test/auto/PublisherSubscriber10.xml
----------------- Instantiating /home/travis/build/icyphy/ptII/ptolemy/actor/lib/test/auto/PublisherSubscriber10.xml
6 ms. Memory: 1557504K Free: 1135802K (73%)
----------------- Invoking toplevel() on ptolemy.moml.MoMLSimpleApplication@e091580
----------------- Done invoking toplevel() on ptolemy.moml.MoMLSimpleApplication@e091580
reloadAllAccessors: .PublisherSubscriber10

===========================================================================================
----------------- testing Wed Sep 26 02:43:58 UTC 2018 /home/travis/build/icyphy/ptII/ptolemy/actor/lib/test/auto/PublisherSubscriber10InitialOutputs.xml
----------------- Instantiating /home/travis/build/icyphy/ptII/ptolemy/actor/lib/test/auto/PublisherSubscriber10InitialOutputs.xml
11 ms. Memory: 1557504K Free: 1121226K (72%)
----------------- Invoking toplevel() on ptolemy.moml.MoMLSimpleApplication@4d1215d0
----------------- Done invoking toplevel() on ptolemy.moml.MoMLSimpleApplication@4d1215d0
reloadAllAccessors: .PublisherSubscriber10InitialOutputs

===========================================================================================
----------------- testing Wed Sep 26 02:43:58 UTC 2018 /home/travis/build/icyphy/ptII/ptolemy/actor/lib/test/auto/PublisherSubscriber11.xml
----------------- Instantiating /home/travis/build/icyphy/ptII/ptolemy/actor/lib/test/auto/PublisherSubscriber11.xml
2 ms. Memory: 1557504K Free: 1106649K (71%)
----------------- Invoking toplevel() on ptolemy.moml.MoMLSimpleApplication@2f4b1f1b
----------------- Done invoking toplevel() on ptolemy.moml.MoMLSimpleApplication@2f4b1f1b
reloadAllAccessors: .PublisherSubscriber11

===========================================================================================
----------------- testing Wed Sep 26 02:43:58 UTC 2018 /home/travis/build/icyphy/ptII/ptolemy/actor/lib/test/auto/PublisherSubscriber12.xml
----------------- Instantiating /home/travis/build/icyphy/ptII/ptolemy/actor/lib/test/auto/PublisherSubscriber12.xml
2 ms. Memory: 1557504K Free: 1084294K (70%)
----------------- Invoking toplevel() on ptolemy.moml.MoMLSimpleApplication@44437f5d
----------------- Done invoking toplevel() on ptolemy.moml.MoMLSimpleApplication@44437f5d
reloadAllAccessors: .PublisherSubscriber12

===========================================================================================
----------------- testing Wed Sep 26 02:43:58 UTC 2018 /home/travis/build/icyphy/ptII/ptolemy/actor/lib/test/auto/PublisherSubscriber13.xml
----------------- Instantiating /home/travis/build/icyphy/ptII/ptolemy/actor/lib/test/auto/PublisherSubscriber13.xml
2 ms. Memory: 1557504K Free: 1069717K (69%)
----------------- Invoking toplevel() on ptolemy.moml.MoMLSimpleApplication@1e2eab7b
----------------- Done invoking toplevel() on ptolemy.moml.MoMLSimpleApplication@1e2eab7b
reloadAllAccessors: .PublisherSubscriber13

===========================================================================================
----------------- testing Wed Sep 26 02:43:58 UTC 2018 /home/travis/build/icyphy/ptII/ptolemy/actor/lib/test/auto/PublisherSubscriber14.xml
----------------- Instantiating /home/travis/build/icyphy/ptII/ptolemy/actor/lib/test/auto/PublisherSubscriber14.xml
2 ms. Memory: 1557504K Free: 1055141K (68%)
----------------- Invoking toplevel() on ptolemy.moml.MoMLSimpleApplication@1d6c2246
----------------- Done invoking toplevel() on ptolemy.moml.MoMLSimpleApplication@1d6c2246
reloadAllAccessors: .PublisherSubscriber14

===========================================================================================
----------------- testing Wed Sep 26 02:43:58 UTC 2018 /home/travis/build/icyphy/ptII/ptolemy/actor/lib/test/auto/PublisherSubscriber2.xml
----------------- Instantiating /home/travis/build/icyphy/ptII/ptolemy/actor/lib/test/auto/PublisherSubscriber2.xml
1 ms. Memory: 1557504K Free: 1032785K (66%)
----------------- Invoking toplevel() on ptolemy.moml.MoMLSimpleApplication@4d5845df
----------------- Done invoking toplevel() on ptolemy.moml.MoMLSimpleApplication@4d5845df
reloadAllAccessors: .PublisherSubscriber2

===========================================================================================
----------------- testing Wed Sep 26 02:43:58 UTC 2018 /home/travis/build/icyphy/ptII/ptolemy/actor/lib/test/auto/PublisherSubscriber3.xml
----------------- Instantiating /home/travis/build/icyphy/ptII/ptolemy/actor/lib/test/auto/PublisherSubscriber3.xml
2 ms. Memory: 1557504K Free: 1018209K (65%)
----------------- Invoking toplevel() on ptolemy.moml.MoMLSimpleApplication@250a73f9
----------------- Done invoking toplevel() on ptolemy.moml.MoMLSimpleApplication@250a73f9
reloadAllAccessors: .PublisherSubscriber3

===========================================================================================
----------------- testing Wed Sep 26 02:43:58 UTC 2018 /home/travis/build/icyphy/ptII/ptolemy/actor/lib/test/auto/PublisherSubscriber4.xml
----------------- Instantiating /home/travis/build/icyphy/ptII/ptolemy/actor/lib/test/auto/PublisherSubscriber4.xml
1 ms. Memory: 1557504K Free: 1003632K (64%)
----------------- Invoking toplevel() on ptolemy.moml.MoMLSimpleApplication@1a89017f
----------------- Done invoking toplevel() on ptolemy.moml.MoMLSimpleApplication@1a89017f
reloadAllAccessors: .PublisherSubscriber4

===========================================================================================
----------------- testing Wed Sep 26 02:43:58 UTC 2018 /home/travis/build/icyphy/ptII/ptolemy/actor/lib/test/auto/PublisherSubscriber5.xml
----------------- Instantiating /home/travis/build/icyphy/ptII/ptolemy/actor/lib/test/auto/PublisherSubscriber5.xml
2 ms. Memory: 1557504K Free: 989055K (64%)
----------------- Invoking toplevel() on ptolemy.moml.MoMLSimpleApplication@63e532f9
----------------- Done invoking toplevel() on ptolemy.moml.MoMLSimpleApplication@63e532f9
reloadAllAccessors: .PublisherSubscriber5

===========================================================================================
----------------- testing Wed Sep 26 02:43:58 UTC 2018 /home/travis/build/icyphy/ptII/ptolemy/actor/lib/test/auto/PublisherSubscriber6.xml
----------------- Instantiating /home/travis/build/icyphy/ptII/ptolemy/actor/lib/test/auto/PublisherSubscriber6.xml
2 ms. Memory: 1557504K Free: 966700K (62%)
----------------- Invoking toplevel() on ptolemy.moml.MoMLSimpleApplication@5e87ca8f
----------------- Done invoking toplevel() on ptolemy.moml.MoMLSimpleApplication@5e87ca8f
reloadAllAccessors: .PublisherSubscriber6

===========================================================================================
----------------- testing Wed Sep 26 02:43:58 UTC 2018 /home/travis/build/icyphy/ptII/ptolemy/actor/lib/test/auto/PublisherSubscriber7.xml
----------------- Instantiating /home/travis/build/icyphy/ptII/ptolemy/actor/lib/test/auto/PublisherSubscriber7.xml
2 ms. Memory: 1557504K Free: 952123K (61%)
----------------- Invoking toplevel() on ptolemy.moml.MoMLSimpleApplication@59764309
----------------- Done invoking toplevel() on ptolemy.moml.MoMLSimpleApplication@59764309
reloadAllAccessors: .PublisherSubscriber7

===========================================================================================
----------------- testing Wed Sep 26 02:43:58 UTC 2018 /home/travis/build/icyphy/ptII/ptolemy/actor/lib/test/auto/PublisherSubscriber8.xml
----------------- Instantiating /home/travis/build/icyphy/ptII/ptolemy/actor/lib/test/auto/PublisherSubscriber8.xml
13 ms. Memory: 1557504K Free: 864663K (56%)
----------------- Invoking toplevel() on ptolemy.moml.MoMLSimpleApplication@2c2df488
----------------- Done invoking toplevel() on ptolemy.moml.MoMLSimpleApplication@2c2df488
reloadAllAccessors: .PublisherSubscriber8

===========================================================================================
----------------- testing Wed Sep 26 02:43:58 UTC 2018 /home/travis/build/icyphy/ptII/ptolemy/actor/lib/test/auto/PublisherSubscriber9.xml
----------------- Instantiating /home/travis/build/icyphy/ptII/ptolemy/actor/lib/test/auto/PublisherSubscriber9.xml
3 ms. Memory: 1557504K Free: 842308K (54%)
----------------- Invoking toplevel() on ptolemy.moml.MoMLSimpleApplication@1d5c8715
----------------- Done invoking toplevel() on ptolemy.moml.MoMLSimpleApplication@1d5c8715
reloadAllAccessors: .PublisherSubscriber9

===========================================================================================
----------------- testing Wed Sep 26 02:43:58 UTC 2018 /home/travis/build/icyphy/ptII/ptolemy/actor/lib/test/auto/PublisherSubscriberAdjacent.xml
----------------- Instantiating /home/travis/build/icyphy/ptII/ptolemy/actor/lib/test/auto/PublisherSubscriberAdjacent.xml
2 ms. Memory: 1557504K Free: 827731K (53%)
----------------- Invoking toplevel() on ptolemy.moml.MoMLSimpleApplication@3a567402
----------------- Done invoking toplevel() on ptolemy.moml.MoMLSimpleApplication@3a567402
reloadAllAccessors: .PublisherSubscriberAdjacent

===========================================================================================
----------------- testing Wed Sep 26 02:43:58 UTC 2018 /home/travis/build/icyphy/ptII/ptolemy/actor/lib/test/auto/PublisherSubscriberChannelVariablesAOC2.xml
----------------- Instantiating /home/travis/build/icyphy/ptII/ptolemy/actor/lib/test/auto/PublisherSubscriberChannelVariablesAOC2.xml
3 ms. Memory: 1557504K Free: 805858K (52%)
----------------- Invoking toplevel() on ptolemy.moml.MoMLSimpleApplication@612e3150
----------------- Done invoking toplevel() on ptolemy.moml.MoMLSimpleApplication@612e3150
reloadAllAccessors: .PublisherSubscriberChannelVariablesAOC2

===========================================================================================
----------------- testing Wed Sep 26 02:43:58 UTC 2018 /home/travis/build/icyphy/ptII/ptolemy/actor/lib/test/auto/PublisherSubscriberD3.xml
----------------- Instantiating /home/travis/build/icyphy/ptII/ptolemy/actor/lib/test/auto/PublisherSubscriberD3.xml
1 ms. Memory: 1557504K Free: 783503K (50%)
----------------- Invoking toplevel() on ptolemy.moml.MoMLSimpleApplication@63746c68
----------------- Done invoking toplevel() on ptolemy.moml.MoMLSimpleApplication@63746c68
reloadAllAccessors: .PublisherSubscriberD3

===========================================================================================
----------------- testing Wed Sep 26 02:43:58 UTC 2018 /home/travis/build/icyphy/ptII/ptolemy/actor/lib/test/auto/PublisherSubscriberD3Reverse.xml
----------------- Instantiating /home/travis/build/icyphy/ptII/ptolemy/actor/lib/test/auto/PublisherSubscriberD3Reverse.xml
1 ms. Memory: 1557504K Free: 768927K (49%)
----------------- Invoking toplevel() on ptolemy.moml.MoMLSimpleApplication@237925f4
----------------- Done invoking toplevel() on ptolemy.moml.MoMLSimpleApplication@237925f4
reloadAllAccessors: .PublisherSubscriberD3Reverse

===========================================================================================
----------------- testing Wed Sep 26 02:43:58 UTC 2018 /home/travis/build/icyphy/ptII/ptolemy/actor/lib/test/auto/PublisherSubscriberExpression.xml
----------------- Instantiating /home/travis/build/icyphy/ptII/ptolemy/actor/lib/test/auto/PublisherSubscriberExpression.xml
3 ms. Memory: 1557504K Free: 754350K (48%)
----------------- Invoking toplevel() on ptolemy.moml.MoMLSimpleApplication@117c204e
----------------- Done invoking toplevel() on ptolemy.moml.MoMLSimpleApplication@117c204e
reloadAllAccessors: .PublisherSubscriberExpression

===========================================================================================
----------------- testing Wed Sep 26 02:43:58 UTC 2018 /home/travis/build/icyphy/ptII/ptolemy/actor/lib/test/auto/PublisherSubscriberOpaque.xml
----------------- Instantiating /home/travis/build/icyphy/ptII/ptolemy/actor/lib/test/auto/PublisherSubscriberOpaque.xml
3 ms. Memory: 1557504K Free: 731995K (47%)
----------------- Invoking toplevel() on ptolemy.moml.MoMLSimpleApplication@63fb4c29
----------------- Done invoking toplevel() on ptolemy.moml.MoMLSimpleApplication@63fb4c29
reloadAllAccessors: .PublisherSubscriberOpaque

===========================================================================================
----------------- testing Wed Sep 26 02:43:58 UTC 2018 /home/travis/build/icyphy/ptII/ptolemy/actor/lib/test/auto/PublisherSubscriberOpaqueD3.xml
----------------- Instantiating /home/travis/build/icyphy/ptII/ptolemy/actor/lib/test/auto/PublisherSubscriberOpaqueD3.xml
5 ms. Memory: 1557504K Free: 710114K (46%)
----------------- Invoking toplevel() on ptolemy.moml.MoMLSimpleApplication@57c0ebb9
----------------- Done invoking toplevel() on ptolemy.moml.MoMLSimpleApplication@57c0ebb9
reloadAllAccessors: .PublisherSubscriberOpaqueD3

===========================================================================================
----------------- testing Wed Sep 26 02:43:58 UTC 2018 /home/travis/build/icyphy/ptII/ptolemy/actor/lib/test/auto/PublisherSubscriberOpaqueD3Reverse.xml
----------------- Instantiating /home/travis/build/icyphy/ptII/ptolemy/actor/lib/test/auto/PublisherSubscriberOpaqueD3Reverse.xml
5 ms. Memory: 1557504K Free: 695537K (45%)
----------------- Invoking toplevel() on ptolemy.moml.MoMLSimpleApplication@4ec0025
----------------- Done invoking toplevel() on ptolemy.moml.MoMLSimpleApplication@4ec0025
reloadAllAccessors: .PublisherSubscriberOpaqueD3Reverse

===========================================================================================
----------------- testing Wed Sep 26 02:43:58 UTC 2018 /home/travis/build/icyphy/ptII/ptolemy/actor/lib/test/auto/PublisherSubscriberOpaqueWidthInference.xml
----------------- Instantiating /home/travis/build/icyphy/ptII/ptolemy/actor/lib/test/auto/PublisherSubscriberOpaqueWidthInference.xml
4 ms. Memory: 1557504K Free: 673182K (43%)
----------------- Invoking toplevel() on ptolemy.moml.MoMLSimpleApplication@52dd7b54
----------------- Done invoking toplevel() on ptolemy.moml.MoMLSimpleApplication@52dd7b54
reloadAllAccessors: .PublisherSubscriberOpaqueWidthInference

===========================================================================================
----------------- testing Wed Sep 26 02:43:58 UTC 2018 /home/travis/build/icyphy/ptII/ptolemy/actor/lib/test/auto/PublisherTestSubscriber.xml
----------------- Instantiating /home/travis/build/icyphy/ptII/ptolemy/actor/lib/test/auto/PublisherTestSubscriber.xml
3 ms. Memory: 1557504K Free: 658605K (42%)
----------------- Invoking toplevel() on ptolemy.moml.MoMLSimpleApplication@66b3c2f5
----------------- Done invoking toplevel() on ptolemy.moml.MoMLSimpleApplication@66b3c2f5
reloadAllAccessors: .PublisherTestSubscriber

===========================================================================================
----------------- testing Wed Sep 26 02:43:58 UTC 2018 /home/travis/build/icyphy/ptII/ptolemy/actor/lib/test/auto/PublisherToplevelSubscriberPortAOC.xml
----------------- Instantiating /home/travis/build/icyphy/ptII/ptolemy/actor/lib/test/auto/PublisherToplevelSubscriberPortAOC.xml
1 ms. Memory: 1557504K Free: 644029K (41%)
----------------- Invoking toplevel() on ptolemy.moml.MoMLSimpleApplication@3c9e1248
----------------- Done invoking toplevel() on ptolemy.moml.MoMLSimpleApplication@3c9e1248
reloadAllAccessors: .PublisherToplevelSubscriberPortAOC

===========================================================================================
----------------- testing Wed Sep 26 02:43:58 UTC 2018 /home/travis/build/icyphy/ptII/ptolemy/actor/lib/test/auto/PulseFiringLimitDE.xml
----------------- Instantiating /home/travis/build/icyphy/ptII/ptolemy/actor/lib/test/auto/PulseFiringLimitDE.xml
2 ms. Memory: 1557504K Free: 621674K (40%)
----------------- Invoking toplevel() on ptolemy.moml.MoMLSimpleApplication@3b3f44d6
----------------- Done invoking toplevel() on ptolemy.moml.MoMLSimpleApplication@3b3f44d6
reloadAllAccessors: .PulseFiringLimitDE

===========================================================================================
----------------- testing Wed Sep 26 02:43:58 UTC 2018 /home/travis/build/icyphy/ptII/ptolemy/actor/lib/test/auto/Ramp1.xml
----------------- Instantiating /home/travis/build/icyphy/ptII/ptolemy/actor/lib/test/auto/Ramp1.xml
1 ms. Memory: 1557504K Free: 607097K (39%)
----------------- Invoking toplevel() on ptolemy.moml.MoMLSimpleApplication@6f4254a9
----------------- Done invoking toplevel() on ptolemy.moml.MoMLSimpleApplication@6f4254a9
reloadAllAccessors: .Ramp1

===========================================================================================
----------------- testing Wed Sep 26 02:43:58 UTC 2018 /home/travis/build/icyphy/ptII/ptolemy/actor/lib/test/auto/RampFiringLimitDE.xml
----------------- Instantiating /home/travis/build/icyphy/ptII/ptolemy/actor/lib/test/auto/RampFiringLimitDE.xml
2 ms. Memory: 1557504K Free: 592520K (38%)
----------------- Invoking toplevel() on ptolemy.moml.MoMLSimpleApplication@719b03e6
----------------- Done invoking toplevel() on ptolemy.moml.MoMLSimpleApplication@719b03e6
reloadAllAccessors: .RampFiringLimitDE

===========================================================================================
----------------- testing Wed Sep 26 02:43:58 UTC 2018 /home/travis/build/icyphy/ptII/ptolemy/actor/lib/test/auto/RampFiringLimitSDF.xml
----------------- Instantiating /home/travis/build/icyphy/ptII/ptolemy/actor/lib/test/auto/RampFiringLimitSDF.xml
2 ms. Memory: 1557504K Free: 577944K (37%)
----------------- Invoking toplevel() on ptolemy.moml.MoMLSimpleApplication@17d3852
----------------- Done invoking toplevel() on ptolemy.moml.MoMLSimpleApplication@17d3852
reloadAllAccessors: .RampFiringLimitSDF

===========================================================================================
----------------- testing Wed Sep 26 02:43:58 UTC 2018 /home/travis/build/icyphy/ptII/ptolemy/actor/lib/test/auto/RandomInteger.xml
----------------- Instantiating /home/travis/build/icyphy/ptII/ptolemy/actor/lib/test/auto/RandomInteger.xml
1 ms. Memory: 1557504K Free: 555588K (36%)
----------------- Invoking toplevel() on ptolemy.moml.MoMLSimpleApplication@7ca5d76f
----------------- Done invoking toplevel() on ptolemy.moml.MoMLSimpleApplication@7ca5d76f
reloadAllAccessors: .RandomInteger

===========================================================================================
----------------- testing Wed Sep 26 02:43:58 UTC 2018 /home/travis/build/icyphy/ptII/ptolemy/actor/lib/test/auto/ReadFile1.xml
----------------- Instantiating /home/travis/build/icyphy/ptII/ptolemy/actor/lib/test/auto/ReadFile1.xml
1 ms. Memory: 1557504K Free: 541012K (35%)
----------------- Invoking toplevel() on ptolemy.moml.MoMLSimpleApplication@3bca3283
----------------- Done invoking toplevel() on ptolemy.moml.MoMLSimpleApplication@3bca3283
reloadAllAccessors: .ReadFile1

===========================================================================================
----------------- testing Wed Sep 26 02:43:58 UTC 2018 /home/travis/build/icyphy/ptII/ptolemy/actor/lib/test/auto/ReadFile2.xml
----------------- Instantiating /home/travis/build/icyphy/ptII/ptolemy/actor/lib/test/auto/ReadFile2.xml
1 ms. Memory: 1557504K Free: 526435K (34%)
----------------- Invoking toplevel() on ptolemy.moml.MoMLSimpleApplication@6bf0044a
----------------- Done invoking toplevel() on ptolemy.moml.MoMLSimpleApplication@6bf0044a
reloadAllAccessors: .ReadFile2

===========================================================================================
----------------- testing Wed Sep 26 02:43:58 UTC 2018 /home/travis/build/icyphy/ptII/ptolemy/actor/lib/test/auto/Reader.xml
----------------- Instantiating /home/travis/build/icyphy/ptII/ptolemy/actor/lib/test/auto/Reader.xml
actor.lib.Reader is obsolete, use actor.lib.io.ExpressionReader instead
2 ms. Memory: 1557504K Free: 504080K (32%)
----------------- Invoking toplevel() on ptolemy.moml.MoMLSimpleApplication@2bff3320
----------------- Done invoking toplevel() on ptolemy.moml.MoMLSimpleApplication@2bff3320
reloadAllAccessors: .Reader

===========================================================================================
----------------- testing Wed Sep 26 02:43:58 UTC 2018 /home/travis/build/icyphy/ptII/ptolemy/actor/lib/test/auto/RecordAssemblerDisplayNameTest.xml
----------------- Instantiating /home/travis/build/icyphy/ptII/ptolemy/actor/lib/test/auto/RecordAssemblerDisplayNameTest.xml
2953 ms. Memory: 1592320K Free: 737620K (46%)
----------------- Invoking toplevel() on ptolemy.moml.MoMLSimpleApplication@7d93e886
----------------- Done invoking toplevel() on ptolemy.moml.MoMLSimpleApplication@7d93e886
reloadAllAccessors: .RecordAssemblerDisplayNameTest

===========================================================================================
----------------- testing Wed Sep 26 02:44:01 UTC 2018 /home/travis/build/icyphy/ptII/ptolemy/actor/lib/test/auto/RecordAssemblerTypeError.xml
----------------- Instantiating /home/travis/build/icyphy/ptII/ptolemy/actor/lib/test/auto/RecordAssemblerTypeError.xml
6 ms. Memory: 1592320K Free: 705817K (44%)
----------------- Invoking toplevel() on ptolemy.moml.MoMLSimpleApplication@2e3aa1e
----------------- Done invoking toplevel() on ptolemy.moml.MoMLSimpleApplication@2e3aa1e
reloadAllAccessors: .RecordAssemblerTypeError

===========================================================================================
----------------- testing Wed Sep 26 02:44:02 UTC 2018 /home/travis/build/icyphy/ptII/ptolemy/actor/lib/test/auto/RecordDisassember.xml
----------------- Instantiating /home/travis/build/icyphy/ptII/ptolemy/actor/lib/test/auto/RecordDisassember.xml
3 ms. Memory: 1592320K Free: 690942K (43%)
----------------- Invoking toplevel() on ptolemy.moml.MoMLSimpleApplication@7ed8d50c
----------------- Done invoking toplevel() on ptolemy.moml.MoMLSimpleApplication@7ed8d50c
reloadAllAccessors: .RecordDisassember

===========================================================================================
----------------- testing Wed Sep 26 02:44:02 UTC 2018 /home/travis/build/icyphy/ptII/ptolemy/actor/lib/test/auto/RecordDisassemberDisplayNameTest.xml
----------------- Instantiating /home/travis/build/icyphy/ptII/ptolemy/actor/lib/test/auto/RecordDisassemberDisplayNameTest.xml
4 ms. Memory: 1592320K Free: 670199K (42%)
----------------- Invoking toplevel() on ptolemy.moml.MoMLSimpleApplication@8f0cf86
----------------- Done invoking toplevel() on ptolemy.moml.MoMLSimpleApplication@8f0cf86
reloadAllAccessors: .RecordDisassemberDisplayNameTest

===========================================================================================
----------------- testing Wed Sep 26 02:44:02 UTC 2018 /home/travis/build/icyphy/ptII/ptolemy/actor/lib/test/auto/RecordDisassembler.xml
----------------- Instantiating /home/travis/build/icyphy/ptII/ptolemy/actor/lib/test/auto/RecordDisassembler.xml
2 ms. Memory: 1592320K Free: 655453K (41%)
----------------- Invoking toplevel() on ptolemy.moml.MoMLSimpleApplication@4f7d3226
----------------- Done invoking toplevel() on ptolemy.moml.MoMLSimpleApplication@4f7d3226
reloadAllAccessors: .RecordDisassembler

===========================================================================================
----------------- testing Wed Sep 26 02:44:02 UTC 2018 /home/travis/build/icyphy/ptII/ptolemy/actor/lib/test/auto/RecordDisassembler2.xml
----------------- Instantiating /home/travis/build/icyphy/ptII/ptolemy/actor/lib/test/auto/RecordDisassembler2.xml
2 ms. Memory: 1592320K Free: 634709K (40%)
----------------- Invoking toplevel() on ptolemy.moml.MoMLSimpleApplication@28835ffd
----------------- Done invoking toplevel() on ptolemy.moml.MoMLSimpleApplication@28835ffd
reloadAllAccessors: .RecordDisassembler2

===========================================================================================
----------------- testing Wed Sep 26 02:44:02 UTC 2018 /home/travis/build/icyphy/ptII/ptolemy/actor/lib/test/auto/RecordUpdater.xml
----------------- Instantiating /home/travis/build/icyphy/ptII/ptolemy/actor/lib/test/auto/RecordUpdater.xml
1 ms. Memory: 1592320K Free: 619964K (39%)
----------------- Invoking toplevel() on ptolemy.moml.MoMLSimpleApplication@39b2a4f3
----------------- Done invoking toplevel() on ptolemy.moml.MoMLSimpleApplication@39b2a4f3
reloadAllAccessors: .RecordUpdater

===========================================================================================
----------------- testing Wed Sep 26 02:44:02 UTC 2018 /home/travis/build/icyphy/ptII/ptolemy/actor/lib/test/auto/RecordUpdater2.xml
----------------- Instantiating /home/travis/build/icyphy/ptII/ptolemy/actor/lib/test/auto/RecordUpdater2.xml
2 ms. Memory: 1592320K Free: 605218K (38%)
----------------- Invoking toplevel() on ptolemy.moml.MoMLSimpleApplication@6d1b04fa
----------------- Done invoking toplevel() on ptolemy.moml.MoMLSimpleApplication@6d1b04fa
reloadAllAccessors: .RecordUpdater2

===========================================================================================
----------------- testing Wed Sep 26 02:44:02 UTC 2018 /home/travis/build/icyphy/ptII/ptolemy/actor/lib/test/auto/RecursiveLattice.xml
----------------- Instantiating /home/travis/build/icyphy/ptII/ptolemy/actor/lib/test/auto/RecursiveLattice.xml
2 ms. Memory: 1592320K Free: 584475K (37%)
----------------- Invoking toplevel() on ptolemy.moml.MoMLSimpleApplication@174577a8
----------------- Done invoking toplevel() on ptolemy.moml.MoMLSimpleApplication@174577a8
reloadAllAccessors: .RecursiveLattice

===========================================================================================
----------------- testing Wed Sep 26 02:44:02 UTC 2018 /home/travis/build/icyphy/ptII/ptolemy/actor/lib/test/auto/Router.xml
----------------- Instantiating /home/travis/build/icyphy/ptII/ptolemy/actor/lib/test/auto/Router.xml
3003 ms. Memory: 1592320K Free: 569729K (36%)
----------------- Invoking toplevel() on ptolemy.moml.MoMLSimpleApplication@5c44c58b
----------------- Done invoking toplevel() on ptolemy.moml.MoMLSimpleApplication@5c44c58b
reloadAllAccessors: .Router

===========================================================================================
----------------- testing Wed Sep 26 02:44:05 UTC 2018 /home/travis/build/icyphy/ptII/ptolemy/actor/lib/test/auto/Router2.xml
----------------- Instantiating /home/travis/build/icyphy/ptII/ptolemy/actor/lib/test/auto/Router2.xml
3002 ms. Memory: 1592320K Free: 548985K (34%)
----------------- Invoking toplevel() on ptolemy.moml.MoMLSimpleApplication@4e8ea8d4
----------------- Done invoking toplevel() on ptolemy.moml.MoMLSimpleApplication@4e8ea8d4
reloadAllAccessors: .Router2

===========================================================================================
----------------- testing Wed Sep 26 02:44:08 UTC 2018 /home/travis/build/icyphy/ptII/ptolemy/actor/lib/test/auto/RunningMaximum.xml
----------------- Instantiating /home/travis/build/icyphy/ptII/ptolemy/actor/lib/test/auto/RunningMaximum.xml
2 ms. Memory: 1592320K Free: 534240K (34%)
----------------- Invoking toplevel() on ptolemy.moml.MoMLSimpleApplication@2c49f0a8
----------------- Done invoking toplevel() on ptolemy.moml.MoMLSimpleApplication@2c49f0a8
reloadAllAccessors: .RunningMaximum

===========================================================================================
----------------- testing Wed Sep 26 02:44:08 UTC 2018 /home/travis/build/icyphy/ptII/ptolemy/actor/lib/test/auto/RunningMinimum.xml
----------------- Instantiating /home/travis/build/icyphy/ptII/ptolemy/actor/lib/test/auto/RunningMinimum.xml
1 ms. Memory: 1592320K Free: 519494K (33%)
----------------- Invoking toplevel() on ptolemy.moml.MoMLSimpleApplication@3dfe572
----------------- Done invoking toplevel() on ptolemy.moml.MoMLSimpleApplication@3dfe572
reloadAllAccessors: .RunningMinimum

===========================================================================================
----------------- testing Wed Sep 26 02:44:08 UTC 2018 /home/travis/build/icyphy/ptII/ptolemy/actor/lib/test/auto/Scale.xml
----------------- Instantiating /home/travis/build/icyphy/ptII/ptolemy/actor/lib/test/auto/Scale.xml
2 ms. Memory: 1592320K Free: 498750K (31%)
----------------- Invoking toplevel() on ptolemy.moml.MoMLSimpleApplication@653cd62d
----------------- Done invoking toplevel() on ptolemy.moml.MoMLSimpleApplication@653cd62d
reloadAllAccessors: .Scale

===========================================================================================
----------------- testing Wed Sep 26 02:44:08 UTC 2018 /home/travis/build/icyphy/ptII/ptolemy/actor/lib/test/auto/Scale2.xml
----------------- Instantiating /home/travis/build/icyphy/ptII/ptolemy/actor/lib/test/auto/Scale2.xml
2 ms. Memory: 1592320K Free: 484005K (30%)
----------------- Invoking toplevel() on ptolemy.moml.MoMLSimpleApplication@748ff96c
----------------- Done invoking toplevel() on ptolemy.moml.MoMLSimpleApplication@748ff96c
reloadAllAccessors: .Scale2

===========================================================================================
----------------- testing Wed Sep 26 02:44:08 UTC 2018 /home/travis/build/icyphy/ptII/ptolemy/actor/lib/test/auto/Scale3.xml
----------------- Instantiating /home/travis/build/icyphy/ptII/ptolemy/actor/lib/test/auto/Scale3.xml
3 ms. Memory: 1592320K Free: 463261K (29%)
----------------- Invoking toplevel() on ptolemy.moml.MoMLSimpleApplication@7d28e62e
----------------- Done invoking toplevel() on ptolemy.moml.MoMLSimpleApplication@7d28e62e
reloadAllAccessors: .Scale3

===========================================================================================
----------------- testing Wed Sep 26 02:44:08 UTC 2018 /home/travis/build/icyphy/ptII/ptolemy/actor/lib/test/auto/ScaleArray.xml
----------------- Instantiating /home/travis/build/icyphy/ptII/ptolemy/actor/lib/test/auto/ScaleArray.xml
2 ms. Memory: 1592320K Free: 448515K (28%)
----------------- Invoking toplevel() on ptolemy.moml.MoMLSimpleApplication@b4d7356
----------------- Done invoking toplevel() on ptolemy.moml.MoMLSimpleApplication@b4d7356
reloadAllAccessors: .ScaleArray

===========================================================================================
----------------- testing Wed Sep 26 02:44:08 UTC 2018 /home/travis/build/icyphy/ptII/ptolemy/actor/lib/test/auto/ScaleArray2.xml
----------------- Instantiating /home/travis/build/icyphy/ptII/ptolemy/actor/lib/test/auto/ScaleArray2.xml
1 ms. Memory: 1592320K Free: 427772K (27%)
----------------- Invoking toplevel() on ptolemy.moml.MoMLSimpleApplication@2c0f417b
----------------- Done invoking toplevel() on ptolemy.moml.MoMLSimpleApplication@2c0f417b
reloadAllAccessors: .ScaleArray2

===========================================================================================
----------------- testing Wed Sep 26 02:44:08 UTC 2018 /home/travis/build/icyphy/ptII/ptolemy/actor/lib/test/auto/ScaleMatrix.xml
----------------- Instantiating /home/travis/build/icyphy/ptII/ptolemy/actor/lib/test/auto/ScaleMatrix.xml
98 ms. Memory: 1592320K Free: 405653K (25%)
----------------- Invoking toplevel() on ptolemy.moml.MoMLSimpleApplication@4b16af5b
----------------- Done invoking toplevel() on ptolemy.moml.MoMLSimpleApplication@4b16af5b
reloadAllAccessors: .ScaleMatrix

===========================================================================================
----------------- testing Wed Sep 26 02:44:08 UTC 2018 /home/travis/build/icyphy/ptII/ptolemy/actor/lib/test/auto/Select.xml
----------------- Instantiating /home/travis/build/icyphy/ptII/ptolemy/actor/lib/test/auto/Select.xml
2 ms. Memory: 1592320K Free: 390908K (25%)
----------------- Invoking toplevel() on ptolemy.moml.MoMLSimpleApplication@55bf98dd
----------------- Done invoking toplevel() on ptolemy.moml.MoMLSimpleApplication@55bf98dd
reloadAllAccessors: .Select

===========================================================================================
----------------- testing Wed Sep 26 02:44:08 UTC 2018 /home/travis/build/icyphy/ptII/ptolemy/actor/lib/test/auto/Select2.xml
----------------- Instantiating /home/travis/build/icyphy/ptII/ptolemy/actor/lib/test/auto/Select2.xml
1 ms. Memory: 1592320K Free: 370164K (23%)
----------------- Invoking toplevel() on ptolemy.moml.MoMLSimpleApplication@44f6f983
----------------- Done invoking toplevel() on ptolemy.moml.MoMLSimpleApplication@44f6f983
reloadAllAccessors: .Select2

===========================================================================================
----------------- testing Wed Sep 26 02:44:08 UTC 2018 /home/travis/build/icyphy/ptII/ptolemy/actor/lib/test/auto/SequenceToArray2.xml
----------------- Instantiating /home/travis/build/icyphy/ptII/ptolemy/actor/lib/test/auto/SequenceToArray2.xml
94 ms. Memory: 1592320K Free: 281690K (18%)
----------------- Invoking toplevel() on ptolemy.moml.MoMLSimpleApplication@11236f69
----------------- Done invoking toplevel() on ptolemy.moml.MoMLSimpleApplication@11236f69
reloadAllAccessors: .SequenceToArray2

===========================================================================================
----------------- testing Wed Sep 26 02:44:08 UTC 2018 /home/travis/build/icyphy/ptII/ptolemy/actor/lib/test/auto/SequentialClock.xml
----------------- Instantiating /home/travis/build/icyphy/ptII/ptolemy/actor/lib/test/auto/SequentialClock.xml
1 ms. Memory: 1592320K Free: 260946K (16%)
----------------- Invoking toplevel() on ptolemy.moml.MoMLSimpleApplication@702fc538
----------------- Done invoking toplevel() on ptolemy.moml.MoMLSimpleApplication@702fc538
reloadAllAccessors: .SequentialClock

===========================================================================================
----------------- testing Wed Sep 26 02:44:08 UTC 2018 /home/travis/build/icyphy/ptII/ptolemy/actor/lib/test/auto/SetVariable.xml
----------------- Instantiating /home/travis/build/icyphy/ptII/ptolemy/actor/lib/test/auto/SetVariable.xml
3 ms. Memory: 1592320K Free: 246200K (15%)
----------------- Invoking toplevel() on ptolemy.moml.MoMLSimpleApplication@6f3827a5
----------------- Done invoking toplevel() on ptolemy.moml.MoMLSimpleApplication@6f3827a5
reloadAllAccessors: .SetVariable

===========================================================================================
----------------- testing Wed Sep 26 02:44:08 UTC 2018 /home/travis/build/icyphy/ptII/ptolemy/actor/lib/test/auto/SetVariable2.xml
----------------- Instantiating /home/travis/build/icyphy/ptII/ptolemy/actor/lib/test/auto/SetVariable2.xml
2 ms. Memory: 1592320K Free: 231455K (15%)
----------------- Invoking toplevel() on ptolemy.moml.MoMLSimpleApplication@72c812dd
----------------- Done invoking toplevel() on ptolemy.moml.MoMLSimpleApplication@72c812dd
reloadAllAccessors: .SetVariable2

===========================================================================================
----------------- testing Wed Sep 26 02:44:08 UTC 2018 /home/travis/build/icyphy/ptII/ptolemy/actor/lib/test/auto/SetVariable3.xml
----------------- Instantiating /home/travis/build/icyphy/ptII/ptolemy/actor/lib/test/auto/SetVariable3.xml
2 ms. Memory: 1592320K Free: 210711K (13%)
----------------- Invoking toplevel() on ptolemy.moml.MoMLSimpleApplication@7b514658
----------------- Done invoking toplevel() on ptolemy.moml.MoMLSimpleApplication@7b514658
reloadAllAccessors: .SetVariable3

===========================================================================================
----------------- testing Wed Sep 26 02:44:08 UTC 2018 /home/travis/build/icyphy/ptII/ptolemy/actor/lib/test/auto/SetVariable4.xml
----------------- Instantiating /home/travis/build/icyphy/ptII/ptolemy/actor/lib/test/auto/SetVariable4.xml
15 ms. Memory: 1592320K Free: 144356K (9%)
----------------- Invoking toplevel() on ptolemy.moml.MoMLSimpleApplication@19ba428b
----------------- Done invoking toplevel() on ptolemy.moml.MoMLSimpleApplication@19ba428b
reloadAllAccessors: .SetVariable4

===========================================================================================
----------------- testing Wed Sep 26 02:44:08 UTC 2018 /home/travis/build/icyphy/ptII/ptolemy/actor/lib/test/auto/SetVariable5.xml
----------------- Instantiating /home/travis/build/icyphy/ptII/ptolemy/actor/lib/test/auto/SetVariable5.xml
8 ms. Memory: 1592320K Free: 123612K (8%)
----------------- Invoking toplevel() on ptolemy.moml.MoMLSimpleApplication@17a755ef
----------------- Done invoking toplevel() on ptolemy.moml.MoMLSimpleApplication@17a755ef
reloadAllAccessors: .SetVariable5

===========================================================================================
----------------- testing Wed Sep 26 02:44:08 UTC 2018 /home/travis/build/icyphy/ptII/ptolemy/actor/lib/test/auto/Sinewave.xml
----------------- Instantiating /home/travis/build/icyphy/ptII/ptolemy/actor/lib/test/auto/Sinewave.xml
4 ms. Memory: 1592320K Free: 101478K (6%)
----------------- Invoking toplevel() on ptolemy.moml.MoMLSimpleApplication@50f617b3
----------------- Done invoking toplevel() on ptolemy.moml.MoMLSimpleApplication@50f617b3
reloadAllAccessors: .Sinewave

===========================================================================================
----------------- testing Wed Sep 26 02:44:08 UTC 2018 /home/travis/build/icyphy/ptII/ptolemy/actor/lib/test/auto/Sinewave2.xml
----------------- Instantiating /home/travis/build/icyphy/ptII/ptolemy/actor/lib/test/auto/Sinewave2.xml
6 ms. Memory: 1592320K Free: 86732K (5%)
----------------- Invoking toplevel() on ptolemy.moml.MoMLSimpleApplication@154215eb
----------------- Done invoking toplevel() on ptolemy.moml.MoMLSimpleApplication@154215eb
reloadAllAccessors: .Sinewave2

===========================================================================================
----------------- testing Wed Sep 26 02:44:08 UTC 2018 /home/travis/build/icyphy/ptII/ptolemy/actor/lib/test/auto/Sinewave3.xml
----------------- Instantiating /home/travis/build/icyphy/ptII/ptolemy/actor/lib/test/auto/Sinewave3.xml
4 ms. Memory: 1739776K Free: 1687812K (97%)
----------------- Invoking toplevel() on ptolemy.moml.MoMLSimpleApplication@757e5554
----------------- Done invoking toplevel() on ptolemy.moml.MoMLSimpleApplication@757e5554
reloadAllAccessors: .Sinewave3

===========================================================================================
----------------- testing Wed Sep 26 02:44:08 UTC 2018 /home/travis/build/icyphy/ptII/ptolemy/actor/lib/test/auto/SingleEvent.xml
----------------- Instantiating /home/travis/build/icyphy/ptII/ptolemy/actor/lib/test/auto/SingleEvent.xml
1 ms. Memory: 1739776K Free: 1666491K (96%)
----------------- Invoking toplevel() on ptolemy.moml.MoMLSimpleApplication@a680a46
----------------- Done invoking toplevel() on ptolemy.moml.MoMLSimpleApplication@a680a46
reloadAllAccessors: .SingleEvent

===========================================================================================
----------------- testing Wed Sep 26 02:44:08 UTC 2018 /home/travis/build/icyphy/ptII/ptolemy/actor/lib/test/auto/Sleep.xml
----------------- Instantiating /home/travis/build/icyphy/ptII/ptolemy/actor/lib/test/auto/Sleep.xml
6003 ms. Memory: 1739776K Free: 1645170K (95%)
----------------- Invoking toplevel() on ptolemy.moml.MoMLSimpleApplication@6bc5fbc1
----------------- Done invoking toplevel() on ptolemy.moml.MoMLSimpleApplication@6bc5fbc1
reloadAllAccessors: .Sleep

===========================================================================================
----------------- testing Wed Sep 26 02:44:14 UTC 2018 /home/travis/build/icyphy/ptII/ptolemy/actor/lib/test/auto/SleepMultipleFire.xml
----------------- Instantiating /home/travis/build/icyphy/ptII/ptolemy/actor/lib/test/auto/SleepMultipleFire.xml
1005 ms. Memory: 1739776K Free: 1628776K (94%)
----------------- Invoking toplevel() on ptolemy.moml.MoMLSimpleApplication@467c73b9
----------------- Done invoking toplevel() on ptolemy.moml.MoMLSimpleApplication@467c73b9
reloadAllAccessors: .SleepMultipleFire

===========================================================================================
----------------- testing Wed Sep 26 02:44:15 UTC 2018 /home/travis/build/icyphy/ptII/ptolemy/actor/lib/test/auto/StopDE.xml
----------------- Instantiating /home/travis/build/icyphy/ptII/ptolemy/actor/lib/test/auto/StopDE.xml
2 ms. Memory: 1739776K Free: 1607455K (92%)
----------------- Invoking toplevel() on ptolemy.moml.MoMLSimpleApplication@6df2944e
----------------- Done invoking toplevel() on ptolemy.moml.MoMLSimpleApplication@6df2944e
reloadAllAccessors: .StopDE

===========================================================================================
----------------- testing Wed Sep 26 02:44:15 UTC 2018 /home/travis/build/icyphy/ptII/ptolemy/actor/lib/test/auto/StopSDF.xml
----------------- Instantiating /home/travis/build/icyphy/ptII/ptolemy/actor/lib/test/auto/StopSDF.xml
2 ms. Memory: 1739776K Free: 1591060K (91%)
----------------- Invoking toplevel() on ptolemy.moml.MoMLSimpleApplication@379c3036
----------------- Done invoking toplevel() on ptolemy.moml.MoMLSimpleApplication@379c3036
reloadAllAccessors: .StopSDF

===========================================================================================
----------------- testing Wed Sep 26 02:44:15 UTC 2018 /home/travis/build/icyphy/ptII/ptolemy/actor/lib/test/auto/StringConstant.xml
----------------- Instantiating /home/travis/build/icyphy/ptII/ptolemy/actor/lib/test/auto/StringConstant.xml
1 ms. Memory: 1739776K Free: 1569739K (90%)
----------------- Invoking toplevel() on ptolemy.moml.MoMLSimpleApplication@54839a69
----------------- Done invoking toplevel() on ptolemy.moml.MoMLSimpleApplication@54839a69
reloadAllAccessors: .StringConstant

===========================================================================================
----------------- testing Wed Sep 26 02:44:15 UTC 2018 /home/travis/build/icyphy/ptII/ptolemy/actor/lib/test/auto/SubscriberPortInitialValues1.xml
----------------- Instantiating /home/travis/build/icyphy/ptII/ptolemy/actor/lib/test/auto/SubscriberPortInitialValues1.xml
5 ms. Memory: 1739776K Free: 1553345K (89%)
----------------- Invoking toplevel() on ptolemy.moml.MoMLSimpleApplication@7114fa82
----------------- Done invoking toplevel() on ptolemy.moml.MoMLSimpleApplication@7114fa82
reloadAllAccessors: .SubscriberPortInitialValues1

===========================================================================================
----------------- testing Wed Sep 26 02:44:15 UTC 2018 /home/travis/build/icyphy/ptII/ptolemy/actor/lib/test/auto/SubscriberPortInitialValues13.xml
----------------- Instantiating /home/travis/build/icyphy/ptII/ptolemy/actor/lib/test/auto/SubscriberPortInitialValues13.xml
4 ms. Memory: 1739776K Free: 1523827K (88%)
----------------- Invoking toplevel() on ptolemy.moml.MoMLSimpleApplication@3b38ecdc
----------------- Done invoking toplevel() on ptolemy.moml.MoMLSimpleApplication@3b38ecdc
reloadAllAccessors: .SubscriberPortInitialValues13

===========================================================================================
----------------- testing Wed Sep 26 02:44:15 UTC 2018 /home/travis/build/icyphy/ptII/ptolemy/actor/lib/test/auto/SubscriberPortInitialValues14.xml
----------------- Instantiating /home/travis/build/icyphy/ptII/ptolemy/actor/lib/test/auto/SubscriberPortInitialValues14.xml
4 ms. Memory: 1739776K Free: 1507433K (87%)
----------------- Invoking toplevel() on ptolemy.moml.MoMLSimpleApplication@16b9b86c
----------------- Done invoking toplevel() on ptolemy.moml.MoMLSimpleApplication@16b9b86c
reloadAllAccessors: .SubscriberPortInitialValues14

===========================================================================================
----------------- testing Wed Sep 26 02:44:15 UTC 2018 /home/travis/build/icyphy/ptII/ptolemy/actor/lib/test/auto/SubscriberPortInitialValues2.xml
----------------- Instantiating /home/travis/build/icyphy/ptII/ptolemy/actor/lib/test/auto/SubscriberPortInitialValues2.xml
3 ms. Memory: 1739776K Free: 1486112K (85%)
----------------- Invoking toplevel() on ptolemy.moml.MoMLSimpleApplication@72bdf921
----------------- Done invoking toplevel() on ptolemy.moml.MoMLSimpleApplication@72bdf921
reloadAllAccessors: .SubscriberPortInitialValues2

===========================================================================================
----------------- testing Wed Sep 26 02:44:15 UTC 2018 /home/travis/build/icyphy/ptII/ptolemy/actor/lib/test/auto/SubscriberPortInitialValues3.xml
----------------- Instantiating /home/travis/build/icyphy/ptII/ptolemy/actor/lib/test/auto/SubscriberPortInitialValues3.xml
3 ms. Memory: 1739776K Free: 1469717K (84%)
----------------- Invoking toplevel() on ptolemy.moml.MoMLSimpleApplication@4c66d84b
----------------- Done invoking toplevel() on ptolemy.moml.MoMLSimpleApplication@4c66d84b
reloadAllAccessors: .SubscriberPortInitialValues3

===========================================================================================
----------------- testing Wed Sep 26 02:44:15 UTC 2018 /home/travis/build/icyphy/ptII/ptolemy/actor/lib/test/auto/SubscriptionAggregator.xml
----------------- Instantiating /home/travis/build/icyphy/ptII/ptolemy/actor/lib/test/auto/SubscriptionAggregator.xml
2 ms. Memory: 1739776K Free: 1448397K (83%)
----------------- Invoking toplevel() on ptolemy.moml.MoMLSimpleApplication@6570ae6d
----------------- Done invoking toplevel() on ptolemy.moml.MoMLSimpleApplication@6570ae6d
reloadAllAccessors: .SubscriptionAggregator

===========================================================================================
----------------- testing Wed Sep 26 02:44:16 UTC 2018 /home/travis/build/icyphy/ptII/ptolemy/actor/lib/test/auto/SubscriptionAggregator2.xml
----------------- Instantiating /home/travis/build/icyphy/ptII/ptolemy/actor/lib/test/auto/SubscriptionAggregator2.xml
3 ms. Memory: 1739776K Free: 1432002K (82%)
----------------- Invoking toplevel() on ptolemy.moml.MoMLSimpleApplication@2a1fdde0
----------------- Done invoking toplevel() on ptolemy.moml.MoMLSimpleApplication@2a1fdde0
reloadAllAccessors: .SubscriptionAggregator2

===========================================================================================
----------------- testing Wed Sep 26 02:44:16 UTC 2018 /home/travis/build/icyphy/ptII/ptolemy/actor/lib/test/auto/SubscriptionAggregator3.xml
----------------- Instantiating /home/travis/build/icyphy/ptII/ptolemy/actor/lib/test/auto/SubscriptionAggregator3.xml
2 ms. Memory: 1739776K Free: 1410681K (81%)
----------------- Invoking toplevel() on ptolemy.moml.MoMLSimpleApplication@23482c70
----------------- Done invoking toplevel() on ptolemy.moml.MoMLSimpleApplication@23482c70
reloadAllAccessors: .SubscriptionAggregator3

===========================================================================================
----------------- testing Wed Sep 26 02:44:16 UTC 2018 /home/travis/build/icyphy/ptII/ptolemy/actor/lib/test/auto/SubscriptionAggregatorMultiply.xml
----------------- Instantiating /home/travis/build/icyphy/ptII/ptolemy/actor/lib/test/auto/SubscriptionAggregatorMultiply.xml
3 ms. Memory: 1739776K Free: 1394287K (80%)
----------------- Invoking toplevel() on ptolemy.moml.MoMLSimpleApplication@3d6845b2
----------------- Done invoking toplevel() on ptolemy.moml.MoMLSimpleApplication@3d6845b2
reloadAllAccessors: .SubscriptionAggregatorMultiply

===========================================================================================
----------------- testing Wed Sep 26 02:44:16 UTC 2018 /home/travis/build/icyphy/ptII/ptolemy/actor/lib/test/auto/SubscriptionAggregatorPortMultiply1.xml
----------------- Instantiating /home/travis/build/icyphy/ptII/ptolemy/actor/lib/test/auto/SubscriptionAggregatorPortMultiply1.xml
3 ms. Memory: 1739776K Free: 1372966K (79%)
----------------- Invoking toplevel() on ptolemy.moml.MoMLSimpleApplication@10dd242b
----------------- Done invoking toplevel() on ptolemy.moml.MoMLSimpleApplication@10dd242b
reloadAllAccessors: .SubscriptionAggregatorPortMultiply1

===========================================================================================
----------------- testing Wed Sep 26 02:44:16 UTC 2018 /home/travis/build/icyphy/ptII/ptolemy/actor/lib/test/auto/Switch.xml
----------------- Instantiating /home/travis/build/icyphy/ptII/ptolemy/actor/lib/test/auto/Switch.xml
3 ms. Memory: 1739776K Free: 1307295K (75%)
----------------- Invoking toplevel() on ptolemy.moml.MoMLSimpleApplication@6b72552b
----------------- Done invoking toplevel() on ptolemy.moml.MoMLSimpleApplication@6b72552b
reloadAllAccessors: .Switch

===========================================================================================
----------------- testing Wed Sep 26 02:44:16 UTC 2018 /home/travis/build/icyphy/ptII/ptolemy/actor/lib/test/auto/Switch2.xml
----------------- Instantiating /home/travis/build/icyphy/ptII/ptolemy/actor/lib/test/auto/Switch2.xml
1 ms. Memory: 1739776K Free: 1285974K (74%)
----------------- Invoking toplevel() on ptolemy.moml.MoMLSimpleApplication@163ee914
----------------- Done invoking toplevel() on ptolemy.moml.MoMLSimpleApplication@163ee914
reloadAllAccessors: .Switch2

===========================================================================================
----------------- testing Wed Sep 26 02:44:16 UTC 2018 /home/travis/build/icyphy/ptII/ptolemy/actor/lib/test/auto/SwitchDE.xml
----------------- Instantiating /home/travis/build/icyphy/ptII/ptolemy/actor/lib/test/auto/SwitchDE.xml
1 ms. Memory: 1739776K Free: 1269579K (73%)
----------------- Invoking toplevel() on ptolemy.moml.MoMLSimpleApplication@3c904fc6
----------------- Done invoking toplevel() on ptolemy.moml.MoMLSimpleApplication@3c904fc6
reloadAllAccessors: .SwitchDE

===========================================================================================
----------------- testing Wed Sep 26 02:44:16 UTC 2018 /home/travis/build/icyphy/ptII/ptolemy/actor/lib/test/auto/SynchronizerDE.xml
----------------- Instantiating /home/travis/build/icyphy/ptII/ptolemy/actor/lib/test/auto/SynchronizerDE.xml
4 ms. Memory: 1739776K Free: 1248259K (72%)
----------------- Invoking toplevel() on ptolemy.moml.MoMLSimpleApplication@485cefdc
----------------- Done invoking toplevel() on ptolemy.moml.MoMLSimpleApplication@485cefdc
reloadAllAccessors: .SynchronizerDE

===========================================================================================
----------------- testing Wed Sep 26 02:44:16 UTC 2018 /home/travis/build/icyphy/ptII/ptolemy/actor/lib/test/auto/Test.xml
----------------- Instantiating /home/travis/build/icyphy/ptII/ptolemy/actor/lib/test/auto/Test.xml
1 ms. Memory: 1739776K Free: 1231864K (71%)
----------------- Invoking toplevel() on ptolemy.moml.MoMLSimpleApplication@15340e5f
----------------- Done invoking toplevel() on ptolemy.moml.MoMLSimpleApplication@15340e5f
reloadAllAccessors: .Test

===========================================================================================
----------------- testing Wed Sep 26 02:44:16 UTC 2018 /home/travis/build/icyphy/ptII/ptolemy/actor/lib/test/auto/TestExceptionAttribute1.xml
----------------- Instantiating /home/travis/build/icyphy/ptII/ptolemy/actor/lib/test/auto/TestExceptionAttribute1.xml
1 ms. Memory: 1739776K Free: 1210543K (70%)
----------------- Invoking toplevel() on ptolemy.moml.MoMLSimpleApplication@7b7c3859
----------------- Done invoking toplevel() on ptolemy.moml.MoMLSimpleApplication@7b7c3859
reloadAllAccessors: .TestExceptionAttribute1

===========================================================================================
----------------- testing Wed Sep 26 02:44:16 UTC 2018 /home/travis/build/icyphy/ptII/ptolemy/actor/lib/test/auto/TestExceptionAttribute2.xml
----------------- Instantiating /home/travis/build/icyphy/ptII/ptolemy/actor/lib/test/auto/TestExceptionAttribute2.xml
1 ms. Memory: 1739776K Free: 1194149K (69%)
----------------- Invoking toplevel() on ptolemy.moml.MoMLSimpleApplication@598f76e
----------------- Done invoking toplevel() on ptolemy.moml.MoMLSimpleApplication@598f76e
reloadAllAccessors: .TestExceptionAttribute2

===========================================================================================
----------------- testing Wed Sep 26 02:44:16 UTC 2018 /home/travis/build/icyphy/ptII/ptolemy/actor/lib/test/auto/TestExceptionAttribute3.xml
----------------- Instantiating /home/travis/build/icyphy/ptII/ptolemy/actor/lib/test/auto/TestExceptionAttribute3.xml
.TestExceptionAttribute3.TestExceptionAttribute: initialize() was not invoked, but wrapup() was.  This is unusual, but not always a problem.  For example, exporting JNLP will do this.
0 ms. Memory: 1739776K Free: 1172828K (67%)
----------------- Invoking toplevel() on ptolemy.moml.MoMLSimpleApplication@7aed76c8
----------------- Done invoking toplevel() on ptolemy.moml.MoMLSimpleApplication@7aed76c8
reloadAllAccessors: .TestExceptionAttribute3

===========================================================================================
----------------- testing Wed Sep 26 02:44:16 UTC 2018 /home/travis/build/icyphy/ptII/ptolemy/actor/lib/test/auto/TestExceptionAttribute4.xml
----------------- Instantiating /home/travis/build/icyphy/ptII/ptolemy/actor/lib/test/auto/TestExceptionAttribute4.xml
.TestExceptionAttribute4.TestExceptionAttribute: initialize() was not invoked, but wrapup() was.  This is unusual, but not always a problem.  For example, exporting JNLP will do this.
.TestExceptionAttribute4.TestExceptionAttribute2: initialize() was not invoked, but wrapup() was.  This is unusual, but not always a problem.  For example, exporting JNLP will do this.
1 ms. Memory: 1739776K Free: 1156434K (66%)
----------------- Invoking toplevel() on ptolemy.moml.MoMLSimpleApplication@430cb79a
----------------- Done invoking toplevel() on ptolemy.moml.MoMLSimpleApplication@430cb79a
reloadAllAccessors: .TestExceptionAttribute4

===========================================================================================
----------------- testing Wed Sep 26 02:44:16 UTC 2018 /home/travis/build/icyphy/ptII/ptolemy/actor/lib/test/auto/TestExceptionHandler1.xml
----------------- Instantiating /home/travis/build/icyphy/ptII/ptolemy/actor/lib/test/auto/TestExceptionHandler1.xml
1 ms. Memory: 1739776K Free: 1135113K (65%)
----------------- Invoking toplevel() on ptolemy.moml.MoMLSimpleApplication@66768b2c
----------------- Done invoking toplevel() on ptolemy.moml.MoMLSimpleApplication@66768b2c
reloadAllAccessors: .TestExceptionHandler1

===========================================================================================
----------------- testing Wed Sep 26 02:44:16 UTC 2018 /home/travis/build/icyphy/ptII/ptolemy/actor/lib/test/auto/TestExceptionHandler2.xml
----------------- Instantiating /home/travis/build/icyphy/ptII/ptolemy/actor/lib/test/auto/TestExceptionHandler2.xml
1 ms. Memory: 1739776K Free: 1118718K (64%)
----------------- Invoking toplevel() on ptolemy.moml.MoMLSimpleApplication@4bd1be6c
----------------- Done invoking toplevel() on ptolemy.moml.MoMLSimpleApplication@4bd1be6c
reloadAllAccessors: .TestExceptionHandler2

===========================================================================================
----------------- testing Wed Sep 26 02:44:16 UTC 2018 /home/travis/build/icyphy/ptII/ptolemy/actor/lib/test/auto/TestExceptionHandler3.xml
----------------- Instantiating /home/travis/build/icyphy/ptII/ptolemy/actor/lib/test/auto/TestExceptionHandler3.xml
1 ms. Memory: 1739776K Free: 1097398K (63%)
----------------- Invoking toplevel() on ptolemy.moml.MoMLSimpleApplication@737b86e5
----------------- Done invoking toplevel() on ptolemy.moml.MoMLSimpleApplication@737b86e5
reloadAllAccessors: .TestExceptionHandler3

===========================================================================================
----------------- testing Wed Sep 26 02:44:16 UTC 2018 /home/travis/build/icyphy/ptII/ptolemy/actor/lib/test/auto/TestExceptionHandler4.xml
----------------- Instantiating /home/travis/build/icyphy/ptII/ptolemy/actor/lib/test/auto/TestExceptionHandler4.xml
0 ms. Memory: 1739776K Free: 1081003K (62%)
----------------- Invoking toplevel() on ptolemy.moml.MoMLSimpleApplication@78c11481
----------------- Done invoking toplevel() on ptolemy.moml.MoMLSimpleApplication@78c11481
reloadAllAccessors: .TestExceptionHandler4

===========================================================================================
----------------- testing Wed Sep 26 02:44:16 UTC 2018 /home/travis/build/icyphy/ptII/ptolemy/actor/lib/test/auto/TestRequireCorrectOrder.xml
----------------- Instantiating /home/travis/build/icyphy/ptII/ptolemy/actor/lib/test/auto/TestRequireCorrectOrder.xml
2 ms. Memory: 1739776K Free: 1059682K (61%)
----------------- Invoking toplevel() on ptolemy.moml.MoMLSimpleApplication@7f89be05
----------------- Done invoking toplevel() on ptolemy.moml.MoMLSimpleApplication@7f89be05
reloadAllAccessors: .TestRequireCorrectOrder

===========================================================================================
----------------- testing Wed Sep 26 02:44:16 UTC 2018 /home/travis/build/icyphy/ptII/ptolemy/actor/lib/test/auto/TestSimple.xml
----------------- Instantiating /home/travis/build/icyphy/ptII/ptolemy/actor/lib/test/auto/TestSimple.xml
1 ms. Memory: 1739776K Free: 1043288K (60%)
----------------- Invoking toplevel() on ptolemy.moml.MoMLSimpleApplication@38df4637
----------------- Done invoking toplevel() on ptolemy.moml.MoMLSimpleApplication@38df4637
reloadAllAccessors: .TestSimple

===========================================================================================
----------------- testing Wed Sep 26 02:44:16 UTC 2018 /home/travis/build/icyphy/ptII/ptolemy/actor/lib/test/auto/ThrowModelError.xml
----------------- Instantiating /home/travis/build/icyphy/ptII/ptolemy/actor/lib/test/auto/ThrowModelError.xml
1 ms. Memory: 1739776K Free: 1021967K (59%)
----------------- Invoking toplevel() on ptolemy.moml.MoMLSimpleApplication@5c7f6597
----------------- Done invoking toplevel() on ptolemy.moml.MoMLSimpleApplication@5c7f6597
reloadAllAccessors: .ThrowModelError

===========================================================================================
----------------- testing Wed Sep 26 02:44:16 UTC 2018 /home/travis/build/icyphy/ptII/ptolemy/actor/lib/test/auto/TimeDelayMicrosteps.xml
----------------- Instantiating /home/travis/build/icyphy/ptII/ptolemy/actor/lib/test/auto/TimeDelayMicrosteps.xml
2 ms. Memory: 1739776K Free: 1005573K (58%)
----------------- Invoking toplevel() on ptolemy.moml.MoMLSimpleApplication@4334021c
----------------- Done invoking toplevel() on ptolemy.moml.MoMLSimpleApplication@4334021c
reloadAllAccessors: .TimeDelayMicrosteps

===========================================================================================
----------------- testing Wed Sep 26 02:44:16 UTC 2018 /home/travis/build/icyphy/ptII/ptolemy/actor/lib/test/auto/TimeDelayMicrosteps2.xml
----------------- Instantiating /home/travis/build/icyphy/ptII/ptolemy/actor/lib/test/auto/TimeDelayMicrosteps2.xml
2 ms. Memory: 1739776K Free: 984252K (57%)
----------------- Invoking toplevel() on ptolemy.moml.MoMLSimpleApplication@2a28b8bd
----------------- Done invoking toplevel() on ptolemy.moml.MoMLSimpleApplication@2a28b8bd
reloadAllAccessors: .TimeDelayMicrosteps2

===========================================================================================
----------------- testing Wed Sep 26 02:44:16 UTC 2018 /home/travis/build/icyphy/ptII/ptolemy/actor/lib/test/auto/TimeDelayMicrosteps3.xml
----------------- Instantiating /home/travis/build/icyphy/ptII/ptolemy/actor/lib/test/auto/TimeDelayMicrosteps3.xml
2 ms. Memory: 1739776K Free: 967858K (56%)
----------------- Invoking toplevel() on ptolemy.moml.MoMLSimpleApplication@209368d7
----------------- Done invoking toplevel() on ptolemy.moml.MoMLSimpleApplication@209368d7
reloadAllAccessors: .TimeDelayMicrosteps3

===========================================================================================
----------------- testing Wed Sep 26 02:44:16 UTC 2018 /home/travis/build/icyphy/ptII/ptolemy/actor/lib/test/auto/TimeDelayVariableMicrosteps.xml
----------------- Instantiating /home/travis/build/icyphy/ptII/ptolemy/actor/lib/test/auto/TimeDelayVariableMicrosteps.xml
2 ms. Memory: 1739776K Free: 946537K (54%)
----------------- Invoking toplevel() on ptolemy.moml.MoMLSimpleApplication@f6df031
----------------- Done invoking toplevel() on ptolemy.moml.MoMLSimpleApplication@f6df031
reloadAllAccessors: .TimeDelayVariableMicrosteps

===========================================================================================
----------------- testing Wed Sep 26 02:44:16 UTC 2018 /home/travis/build/icyphy/ptII/ptolemy/actor/lib/test/auto/TimeGap.xml
----------------- Instantiating /home/travis/build/icyphy/ptII/ptolemy/actor/lib/test/auto/TimeGap.xml
2 ms. Memory: 1739776K Free: 930142K (53%)
----------------- Invoking toplevel() on ptolemy.moml.MoMLSimpleApplication@59af12b9
----------------- Done invoking toplevel() on ptolemy.moml.MoMLSimpleApplication@59af12b9
reloadAllAccessors: .TimeGap

===========================================================================================
----------------- testing Wed Sep 26 02:44:16 UTC 2018 /home/travis/build/icyphy/ptII/ptolemy/actor/lib/test/auto/TimeGap2.xml
----------------- Instantiating /home/travis/build/icyphy/ptII/ptolemy/actor/lib/test/auto/TimeGap2.xml
1 ms. Memory: 1739776K Free: 908821K (52%)
----------------- Invoking toplevel() on ptolemy.moml.MoMLSimpleApplication@43b420e3
----------------- Done invoking toplevel() on ptolemy.moml.MoMLSimpleApplication@43b420e3
reloadAllAccessors: .TimeGap2

===========================================================================================
----------------- testing Wed Sep 26 02:44:16 UTC 2018 /home/travis/build/icyphy/ptII/ptolemy/actor/lib/test/auto/TimedSinewave.xml
----------------- Instantiating /home/travis/build/icyphy/ptII/ptolemy/actor/lib/test/auto/TimedSinewave.xml
11 ms. Memory: 1739776K Free: 884214K (51%)
----------------- Invoking toplevel() on ptolemy.moml.MoMLSimpleApplication@7ff56501
----------------- Done invoking toplevel() on ptolemy.moml.MoMLSimpleApplication@7ff56501
reloadAllAccessors: .TimedSinewave

===========================================================================================
----------------- testing Wed Sep 26 02:44:16 UTC 2018 /home/travis/build/icyphy/ptII/ptolemy/actor/lib/test/auto/TimedSinewavePhase.xml
----------------- Instantiating /home/travis/build/icyphy/ptII/ptolemy/actor/lib/test/auto/TimedSinewavePhase.xml
9 ms. Memory: 1739776K Free: 862893K (50%)
----------------- Invoking toplevel() on ptolemy.moml.MoMLSimpleApplication@2fe7fca4
----------------- Done invoking toplevel() on ptolemy.moml.MoMLSimpleApplication@2fe7fca4
reloadAllAccessors: .TimedSinewavePhase

===========================================================================================
----------------- testing Wed Sep 26 02:44:16 UTC 2018 /home/travis/build/icyphy/ptII/ptolemy/actor/lib/test/auto/Timer.xml
----------------- Instantiating /home/travis/build/icyphy/ptII/ptolemy/actor/lib/test/auto/Timer.xml
2 ms. Memory: 1739776K Free: 846499K (49%)
----------------- Invoking toplevel() on ptolemy.moml.MoMLSimpleApplication@2a079e98
----------------- Done invoking toplevel() on ptolemy.moml.MoMLSimpleApplication@2a079e98
reloadAllAccessors: .Timer

===========================================================================================
----------------- testing Wed Sep 26 02:44:16 UTC 2018 /home/travis/build/icyphy/ptII/ptolemy/actor/lib/test/auto/TriangularDistTestModel.xml
----------------- Instantiating /home/travis/build/icyphy/ptII/ptolemy/actor/lib/test/auto/TriangularDistTestModel.xml
2 ms. Memory: 1739776K Free: 825178K (47%)
----------------- Invoking toplevel() on ptolemy.moml.MoMLSimpleApplication@75fe8c6e
----------------- Done invoking toplevel() on ptolemy.moml.MoMLSimpleApplication@75fe8c6e
reloadAllAccessors: .TriangularDistTestModel

===========================================================================================
----------------- testing Wed Sep 26 02:44:16 UTC 2018 /home/travis/build/icyphy/ptII/ptolemy/actor/lib/test/auto/TrigFunction.xml
----------------- Instantiating /home/travis/build/icyphy/ptII/ptolemy/actor/lib/test/auto/TrigFunction.xml
1 ms. Memory: 1739776K Free: 808784K (46%)
----------------- Invoking toplevel() on ptolemy.moml.MoMLSimpleApplication@65653b97
----------------- Done invoking toplevel() on ptolemy.moml.MoMLSimpleApplication@65653b97
reloadAllAccessors: .TrigFunction

===========================================================================================
----------------- testing Wed Sep 26 02:44:16 UTC 2018 /home/travis/build/icyphy/ptII/ptolemy/actor/lib/test/auto/TrigFunctionDE.xml
----------------- Instantiating /home/travis/build/icyphy/ptII/ptolemy/actor/lib/test/auto/TrigFunctionDE.xml
1 ms. Memory: 1739776K Free: 787463K (45%)
----------------- Invoking toplevel() on ptolemy.moml.MoMLSimpleApplication@e781f24
----------------- Done invoking toplevel() on ptolemy.moml.MoMLSimpleApplication@e781f24
reloadAllAccessors: .TrigFunctionDE

===========================================================================================
----------------- testing Wed Sep 26 02:44:16 UTC 2018 /home/travis/build/icyphy/ptII/ptolemy/actor/lib/test/auto/TrigFunctionInverse.xml
----------------- Instantiating /home/travis/build/icyphy/ptII/ptolemy/actor/lib/test/auto/TrigFunctionInverse.xml
3 ms. Memory: 1739776K Free: 771069K (44%)
----------------- Invoking toplevel() on ptolemy.moml.MoMLSimpleApplication@2a08cb2d
----------------- Done invoking toplevel() on ptolemy.moml.MoMLSimpleApplication@2a08cb2d
reloadAllAccessors: .TrigFunctionInverse

===========================================================================================
----------------- testing Wed Sep 26 02:44:16 UTC 2018 /home/travis/build/icyphy/ptII/ptolemy/actor/lib/test/auto/TrigFunctionTan.xml
----------------- Instantiating /home/travis/build/icyphy/ptII/ptolemy/actor/lib/test/auto/TrigFunctionTan.xml
1 ms. Memory: 1739776K Free: 749748K (43%)
----------------- Invoking toplevel() on ptolemy.moml.MoMLSimpleApplication@592c083a
----------------- Done invoking toplevel() on ptolemy.moml.MoMLSimpleApplication@592c083a
reloadAllAccessors: .TrigFunctionTan

===========================================================================================
----------------- testing Wed Sep 26 02:44:16 UTC 2018 /home/travis/build/icyphy/ptII/ptolemy/actor/lib/test/auto/TriggeredClock.xml
----------------- Instantiating /home/travis/build/icyphy/ptII/ptolemy/actor/lib/test/auto/TriggeredClock.xml
1 ms. Memory: 1739776K Free: 733353K (42%)
----------------- Invoking toplevel() on ptolemy.moml.MoMLSimpleApplication@7bae4222
----------------- Done invoking toplevel() on ptolemy.moml.MoMLSimpleApplication@7bae4222
reloadAllAccessors: .TriggeredClock

===========================================================================================
----------------- testing Wed Sep 26 02:44:16 UTC 2018 /home/travis/build/icyphy/ptII/ptolemy/actor/lib/test/auto/URLDirectoryReader.xml
----------------- Instantiating /home/travis/build/icyphy/ptII/ptolemy/actor/lib/test/auto/URLDirectoryReader.xml
42 ms. Memory: 1739776K Free: 712032K (41%)
----------------- Invoking toplevel() on ptolemy.moml.MoMLSimpleApplication@257e133f
----------------- Done invoking toplevel() on ptolemy.moml.MoMLSimpleApplication@257e133f
reloadAllAccessors: .URLDirectoryReader

===========================================================================================
----------------- testing Wed Sep 26 02:44:16 UTC 2018 /home/travis/build/icyphy/ptII/ptolemy/actor/lib/test/auto/URLDirectoryReader3.xml
----------------- Instantiating /home/travis/build/icyphy/ptII/ptolemy/actor/lib/test/auto/URLDirectoryReader3.xml
1047 ms. Memory: 1739776K Free: 654652K (38%)
----------------- Invoking toplevel() on ptolemy.moml.MoMLSimpleApplication@3c27d1e6
----------------- Done invoking toplevel() on ptolemy.moml.MoMLSimpleApplication@3c27d1e6
reloadAllAccessors: .URLDirectoryReader3

===========================================================================================
----------------- testing Wed Sep 26 02:44:18 UTC 2018 /home/travis/build/icyphy/ptII/ptolemy/actor/lib/test/auto/UnaryMathFunction.xml
----------------- Instantiating /home/travis/build/icyphy/ptII/ptolemy/actor/lib/test/auto/UnaryMathFunction.xml
10 ms. Memory: 1739776K Free: 633331K (36%)
----------------- Invoking toplevel() on ptolemy.moml.MoMLSimpleApplication@7bf009cc
----------------- Done invoking toplevel() on ptolemy.moml.MoMLSimpleApplication@7bf009cc
reloadAllAccessors: .UnaryMathFunction

===========================================================================================
----------------- testing Wed Sep 26 02:44:18 UTC 2018 /home/travis/build/icyphy/ptII/ptolemy/actor/lib/test/auto/Uniform.xml
----------------- Instantiating /home/travis/build/icyphy/ptII/ptolemy/actor/lib/test/auto/Uniform.xml
6 ms. Memory: 1739776K Free: 616937K (35%)
----------------- Invoking toplevel() on ptolemy.moml.MoMLSimpleApplication@32b3471d
----------------- Done invoking toplevel() on ptolemy.moml.MoMLSimpleApplication@32b3471d
reloadAllAccessors: .Uniform

===========================================================================================
----------------- testing Wed Sep 26 02:44:18 UTC 2018 /home/travis/build/icyphy/ptII/ptolemy/actor/lib/test/auto/UnionDisassemblerTest.xml
----------------- Instantiating /home/travis/build/icyphy/ptII/ptolemy/actor/lib/test/auto/UnionDisassemblerTest.xml
18 ms. Memory: 1739776K Free: 595616K (34%)
----------------- Invoking toplevel() on ptolemy.moml.MoMLSimpleApplication@6e4b3f78
----------------- Done invoking toplevel() on ptolemy.moml.MoMLSimpleApplication@6e4b3f78
reloadAllAccessors: .UnionDisassemblerTest

===========================================================================================
----------------- testing Wed Sep 26 02:44:18 UTC 2018 /home/travis/build/icyphy/ptII/ptolemy/actor/lib/test/auto/UtilityFunctions.xml
----------------- Instantiating /home/travis/build/icyphy/ptII/ptolemy/actor/lib/test/auto/UtilityFunctions.xml
5 ms. Memory: 1739776K Free: 579222K (33%)
----------------- Invoking toplevel() on ptolemy.moml.MoMLSimpleApplication@17368dea
----------------- Done invoking toplevel() on ptolemy.moml.MoMLSimpleApplication@17368dea
reloadAllAccessors: .UtilityFunctions

===========================================================================================
----------------- testing Wed Sep 26 02:44:18 UTC 2018 /home/travis/build/icyphy/ptII/ptolemy/actor/lib/test/auto/VariableSleep.xml
----------------- Instantiating /home/travis/build/icyphy/ptII/ptolemy/actor/lib/test/auto/VariableSleep.xml
511 ms. Memory: 1739776K Free: 557901K (32%)
----------------- Invoking toplevel() on ptolemy.moml.MoMLSimpleApplication@f094870
----------------- Done invoking toplevel() on ptolemy.moml.MoMLSimpleApplication@f094870
reloadAllAccessors: .VariableSleep

===========================================================================================
----------------- testing Wed Sep 26 02:44:18 UTC 2018 /home/travis/build/icyphy/ptII/ptolemy/actor/lib/test/auto/VectorAssemblerDisassemblerCT.xml
----------------- Instantiating /home/travis/build/icyphy/ptII/ptolemy/actor/lib/test/auto/VectorAssemblerDisassemblerCT.xml
69 ms. Memory: 1739776K Free: 525088K (30%)
----------------- Invoking toplevel() on ptolemy.moml.MoMLSimpleApplication@11a6e888
----------------- Done invoking toplevel() on ptolemy.moml.MoMLSimpleApplication@11a6e888
reloadAllAccessors: .VectorAssemblerDisassemblerCT

===========================================================================================
----------------- testing Wed Sep 26 02:44:18 UTC 2018 /home/travis/build/icyphy/ptII/ptolemy/actor/lib/test/auto/VectorAssemblerDisassemblerDE.xml
----------------- Instantiating /home/travis/build/icyphy/ptII/ptolemy/actor/lib/test/auto/VectorAssemblerDisassemblerDE.xml
2 ms. Memory: 1739776K Free: 503767K (29%)
----------------- Invoking toplevel() on ptolemy.moml.MoMLSimpleApplication@53e4076e
----------------- Done invoking toplevel() on ptolemy.moml.MoMLSimpleApplication@53e4076e
reloadAllAccessors: .VectorAssemblerDisassemblerDE

===========================================================================================
----------------- testing Wed Sep 26 02:44:18 UTC 2018 /home/travis/build/icyphy/ptII/ptolemy/actor/lib/test/auto/VectorAssemblerDisassemblerSDF.xml
----------------- Instantiating /home/travis/build/icyphy/ptII/ptolemy/actor/lib/test/auto/VectorAssemblerDisassemblerSDF.xml
3 ms. Memory: 1739776K Free: 487373K (28%)
----------------- Invoking toplevel() on ptolemy.moml.MoMLSimpleApplication@5546ed56
----------------- Done invoking toplevel() on ptolemy.moml.MoMLSimpleApplication@5546ed56
reloadAllAccessors: .VectorAssemblerDisassemblerSDF

===========================================================================================
----------------- testing Wed Sep 26 02:44:18 UTC 2018 /home/travis/build/icyphy/ptII/ptolemy/actor/lib/test/auto/WallClockTime.xml
----------------- Instantiating /home/travis/build/icyphy/ptII/ptolemy/actor/lib/test/auto/WallClockTime.xml
1005 ms. Memory: 1739776K Free: 466052K (27%)
----------------- Invoking toplevel() on ptolemy.moml.MoMLSimpleApplication@1ff7bad8
----------------- Done invoking toplevel() on ptolemy.moml.MoMLSimpleApplication@1ff7bad8
reloadAllAccessors: .WallClockTime

===========================================================================================
----------------- testing Wed Sep 26 02:44:19 UTC 2018 /home/travis/build/icyphy/ptII/ptolemy/actor/lib/test/auto/WidthTestWithSubscriberPublisher.xml
----------------- Instantiating /home/travis/build/icyphy/ptII/ptolemy/actor/lib/test/auto/WidthTestWithSubscriberPublisher.xml
8 ms. Memory: 1739776K Free: 441445K (25%)
----------------- Invoking toplevel() on ptolemy.moml.MoMLSimpleApplication@58f9e269
----------------- Done invoking toplevel() on ptolemy.moml.MoMLSimpleApplication@58f9e269
reloadAllAccessors: .WidthTestWithSubscriberPublisher

===========================================================================================
----------------- testing Wed Sep 26 02:44:19 UTC 2018 /home/travis/build/icyphy/ptII/ptolemy/actor/lib/test/auto/WidthTestWithSubscriberPublisher2.xml
----------------- Instantiating /home/travis/build/icyphy/ptII/ptolemy/actor/lib/test/auto/WidthTestWithSubscriberPublisher2.xml
2 ms. Memory: 1739776K Free: 420124K (24%)
----------------- Invoking toplevel() on ptolemy.moml.MoMLSimpleApplication@ca6acdd
----------------- Done invoking toplevel() on ptolemy.moml.MoMLSimpleApplication@ca6acdd
reloadAllAccessors: .WidthTestWithSubscriberPublisher2

===========================================================================================
----------------- testing Wed Sep 26 02:44:19 UTC 2018 /home/travis/build/icyphy/ptII/ptolemy/actor/lib/test/auto/WidthTestWithSubscriberPublisher3.xml
----------------- Instantiating /home/travis/build/icyphy/ptII/ptolemy/actor/lib/test/auto/WidthTestWithSubscriberPublisher3.xml
1 ms. Memory: 1739776K Free: 398803K (23%)
----------------- Invoking toplevel() on ptolemy.moml.MoMLSimpleApplication@3a16ba8f
----------------- Done invoking toplevel() on ptolemy.moml.MoMLSimpleApplication@3a16ba8f
reloadAllAccessors: .WidthTestWithSubscriberPublisher3

===========================================================================================
----------------- testing Wed Sep 26 02:44:20 UTC 2018 /home/travis/build/icyphy/ptII/ptolemy/actor/lib/test/auto/Writer.xml
----------------- Instantiating /home/travis/build/icyphy/ptII/ptolemy/actor/lib/test/auto/Writer.xml
0
1
2
3
4
2 ms. Memory: 1739776K Free: 382409K (22%)
----------------- Invoking toplevel() on ptolemy.moml.MoMLSimpleApplication@1da3b017
----------------- Done invoking toplevel() on ptolemy.moml.MoMLSimpleApplication@1da3b017
reloadAllAccessors: .Writer

===========================================================================================
----------------- testing Wed Sep 26 02:44:20 UTC 2018 /home/travis/build/icyphy/ptII/ptolemy/actor/lib/test/auto/array.xml
----------------- Instantiating /home/travis/build/icyphy/ptII/ptolemy/actor/lib/test/auto/array.xml
2 ms. Memory: 1739776K Free: 361088K (21%)
----------------- Invoking toplevel() on ptolemy.moml.MoMLSimpleApplication@41b0b869
----------------- Done invoking toplevel() on ptolemy.moml.MoMLSimpleApplication@41b0b869
reloadAllAccessors: .array

===========================================================================================
----------------- testing Wed Sep 26 02:44:20 UTC 2018 /home/travis/build/icyphy/ptII/ptolemy/actor/lib/test/auto/array2.xml
----------------- Instantiating /home/travis/build/icyphy/ptII/ptolemy/actor/lib/test/auto/array2.xml
3 ms. Memory: 1739776K Free: 344693K (20%)
----------------- Invoking toplevel() on ptolemy.moml.MoMLSimpleApplication@15f47d6b
----------------- Done invoking toplevel() on ptolemy.moml.MoMLSimpleApplication@15f47d6b
reloadAllAccessors: .array2

===========================================================================================
----------------- testing Wed Sep 26 02:44:20 UTC 2018 /home/travis/build/icyphy/ptII/ptolemy/actor/lib/test/auto/arrayType.xml
----------------- Instantiating /home/travis/build/icyphy/ptII/ptolemy/actor/lib/test/auto/arrayType.xml
1 ms. Memory: 1739776K Free: 323373K (19%)
----------------- Invoking toplevel() on ptolemy.moml.MoMLSimpleApplication@7667626e
----------------- Done invoking toplevel() on ptolemy.moml.MoMLSimpleApplication@7667626e
reloadAllAccessors: .arrayType

===========================================================================================
----------------- testing Wed Sep 26 02:44:20 UTC 2018 /home/travis/build/icyphy/ptII/ptolemy/actor/lib/test/auto/arrayType10.xml
----------------- Instantiating /home/travis/build/icyphy/ptII/ptolemy/actor/lib/test/auto/arrayType10.xml
1 ms. Memory: 1739776K Free: 306978K (18%)
----------------- Invoking toplevel() on ptolemy.moml.MoMLSimpleApplication@de6097e
----------------- Done invoking toplevel() on ptolemy.moml.MoMLSimpleApplication@de6097e
reloadAllAccessors: .arrayType10

===========================================================================================
----------------- testing Wed Sep 26 02:44:20 UTC 2018 /home/travis/build/icyphy/ptII/ptolemy/actor/lib/test/auto/arrayType11.xml
----------------- Instantiating /home/travis/build/icyphy/ptII/ptolemy/actor/lib/test/auto/arrayType11.xml
2 ms. Memory: 1739776K Free: 285657K (16%)
----------------- Invoking toplevel() on ptolemy.moml.MoMLSimpleApplication@16be1dfa
----------------- Done invoking toplevel() on ptolemy.moml.MoMLSimpleApplication@16be1dfa
reloadAllAccessors: .arrayType11

===========================================================================================
----------------- testing Wed Sep 26 02:44:20 UTC 2018 /home/travis/build/icyphy/ptII/ptolemy/actor/lib/test/auto/arrayType12.xml
----------------- Instantiating /home/travis/build/icyphy/ptII/ptolemy/actor/lib/test/auto/arrayType12.xml
2 ms. Memory: 1739776K Free: 269263K (15%)
----------------- Invoking toplevel() on ptolemy.moml.MoMLSimpleApplication@75411
----------------- Done invoking toplevel() on ptolemy.moml.MoMLSimpleApplication@75411
reloadAllAccessors: .arrayType12

===========================================================================================
----------------- testing Wed Sep 26 02:44:20 UTC 2018 /home/travis/build/icyphy/ptII/ptolemy/actor/lib/test/auto/arrayType13.xml
----------------- Instantiating /home/travis/build/icyphy/ptII/ptolemy/actor/lib/test/auto/arrayType13.xml
2 ms. Memory: 1739776K Free: 247942K (14%)
----------------- Invoking toplevel() on ptolemy.moml.MoMLSimpleApplication@437af1cb
----------------- Done invoking toplevel() on ptolemy.moml.MoMLSimpleApplication@437af1cb
reloadAllAccessors: .arrayType13

===========================================================================================
----------------- testing Wed Sep 26 02:44:20 UTC 2018 /home/travis/build/icyphy/ptII/ptolemy/actor/lib/test/auto/arrayType14.xml
----------------- Instantiating /home/travis/build/icyphy/ptII/ptolemy/actor/lib/test/auto/arrayType14.xml
2 ms. Memory: 1739776K Free: 231548K (13%)
----------------- Invoking toplevel() on ptolemy.moml.MoMLSimpleApplication@382bec11
----------------- Done invoking toplevel() on ptolemy.moml.MoMLSimpleApplication@382bec11
reloadAllAccessors: .arrayType14

===========================================================================================
----------------- testing Wed Sep 26 02:44:20 UTC 2018 /home/travis/build/icyphy/ptII/ptolemy/actor/lib/test/auto/arrayType15.xml
----------------- Instantiating /home/travis/build/icyphy/ptII/ptolemy/actor/lib/test/auto/arrayType15.xml
3 ms. Memory: 1739776K Free: 210227K (12%)
----------------- Invoking toplevel() on ptolemy.moml.MoMLSimpleApplication@5c7780bc
----------------- Done invoking toplevel() on ptolemy.moml.MoMLSimpleApplication@5c7780bc
reloadAllAccessors: .arrayType15

===========================================================================================
----------------- testing Wed Sep 26 02:44:20 UTC 2018 /home/travis/build/icyphy/ptII/ptolemy/actor/lib/test/auto/arrayType16.xml
----------------- Instantiating /home/travis/build/icyphy/ptII/ptolemy/actor/lib/test/auto/arrayType16.xml
2 ms. Memory: 1739776K Free: 193833K (11%)
----------------- Invoking toplevel() on ptolemy.moml.MoMLSimpleApplication@345974cc
----------------- Done invoking toplevel() on ptolemy.moml.MoMLSimpleApplication@345974cc
reloadAllAccessors: .arrayType16

===========================================================================================
----------------- testing Wed Sep 26 02:44:20 UTC 2018 /home/travis/build/icyphy/ptII/ptolemy/actor/lib/test/auto/arrayType17.xml
----------------- Instantiating /home/travis/build/icyphy/ptII/ptolemy/actor/lib/test/auto/arrayType17.xml
2 ms. Memory: 1739776K Free: 172512K (10%)
----------------- Invoking toplevel() on ptolemy.moml.MoMLSimpleApplication@7f2e186c
----------------- Done invoking toplevel() on ptolemy.moml.MoMLSimpleApplication@7f2e186c
reloadAllAccessors: .arrayType17

===========================================================================================
----------------- testing Wed Sep 26 02:44:20 UTC 2018 /home/travis/build/icyphy/ptII/ptolemy/actor/lib/test/auto/arrayType18.xml
----------------- Instantiating /home/travis/build/icyphy/ptII/ptolemy/actor/lib/test/auto/arrayType18.xml
1 ms. Memory: 1739776K Free: 156118K (9%)
----------------- Invoking toplevel() on ptolemy.moml.MoMLSimpleApplication@55f94cc0
----------------- Done invoking toplevel() on ptolemy.moml.MoMLSimpleApplication@55f94cc0
reloadAllAccessors: .arrayType18

===========================================================================================
----------------- testing Wed Sep 26 02:44:20 UTC 2018 /home/travis/build/icyphy/ptII/ptolemy/actor/lib/test/auto/arrayType19.xml
----------------- Instantiating /home/travis/build/icyphy/ptII/ptolemy/actor/lib/test/auto/arrayType19.xml
1 ms. Memory: 1739776K Free: 134797K (8%)
----------------- Invoking toplevel() on ptolemy.moml.MoMLSimpleApplication@5a7a21a0
----------------- Done invoking toplevel() on ptolemy.moml.MoMLSimpleApplication@5a7a21a0
reloadAllAccessors: .arrayType19

===========================================================================================
----------------- testing Wed Sep 26 02:44:20 UTC 2018 /home/travis/build/icyphy/ptII/ptolemy/actor/lib/test/auto/arrayType2.xml
----------------- Instantiating /home/travis/build/icyphy/ptII/ptolemy/actor/lib/test/auto/arrayType2.xml
3 ms. Memory: 1739776K Free: 118402K (7%)
----------------- Invoking toplevel() on ptolemy.moml.MoMLSimpleApplication@2233fa2c
----------------- Done invoking toplevel() on ptolemy.moml.MoMLSimpleApplication@2233fa2c
reloadAllAccessors: .arrayType2

===========================================================================================
----------------- testing Wed Sep 26 02:44:20 UTC 2018 /home/travis/build/icyphy/ptII/ptolemy/actor/lib/test/auto/arrayType20.xml
----------------- Instantiating /home/travis/build/icyphy/ptII/ptolemy/actor/lib/test/auto/arrayType20.xml
2 ms. Memory: 1739776K Free: 97082K (6%)
----------------- Invoking toplevel() on ptolemy.moml.MoMLSimpleApplication@73652b05
----------------- Done invoking toplevel() on ptolemy.moml.MoMLSimpleApplication@73652b05
reloadAllAccessors: .arrayType20

===========================================================================================
----------------- testing Wed Sep 26 02:44:20 UTC 2018 /home/travis/build/icyphy/ptII/ptolemy/actor/lib/test/auto/arrayType21.xml
----------------- Instantiating /home/travis/build/icyphy/ptII/ptolemy/actor/lib/test/auto/arrayType21.xml
2 ms. Memory: 1739776K Free: 80687K (5%)
----------------- Invoking toplevel() on ptolemy.moml.MoMLSimpleApplication@6d045df2
----------------- Done invoking toplevel() on ptolemy.moml.MoMLSimpleApplication@6d045df2
reloadAllAccessors: .arrayType21

===========================================================================================
----------------- testing Wed Sep 26 02:44:20 UTC 2018 /home/travis/build/icyphy/ptII/ptolemy/actor/lib/test/auto/arrayType22.xml
----------------- Instantiating /home/travis/build/icyphy/ptII/ptolemy/actor/lib/test/auto/arrayType22.xml
2 ms. Memory: 1739776K Free: 60728K (3%)
----------------- Invoking toplevel() on ptolemy.moml.MoMLSimpleApplication@39233b3b
----------------- Done invoking toplevel() on ptolemy.moml.MoMLSimpleApplication@39233b3b
reloadAllAccessors: .arrayType22

===========================================================================================
----------------- testing Wed Sep 26 02:44:20 UTC 2018 /home/travis/build/icyphy/ptII/ptolemy/actor/lib/test/auto/arrayType23.xml
----------------- Instantiating /home/travis/build/icyphy/ptII/ptolemy/actor/lib/test/auto/arrayType23.xml
6 ms. Memory: 1758720K Free: 1692054K (96%)
----------------- Invoking toplevel() on ptolemy.moml.MoMLSimpleApplication@72601d57
----------------- Done invoking toplevel() on ptolemy.moml.MoMLSimpleApplication@72601d57
reloadAllAccessors: .arrayType23

===========================================================================================
----------------- testing Wed Sep 26 02:44:20 UTC 2018 /home/travis/build/icyphy/ptII/ptolemy/actor/lib/test/auto/arrayType24.xml
----------------- Instantiating /home/travis/build/icyphy/ptII/ptolemy/actor/lib/test/auto/arrayType24.xml
1 ms. Memory: 1758720K Free: 1671028K (95%)
----------------- Invoking toplevel() on ptolemy.moml.MoMLSimpleApplication@38b67061
----------------- Done invoking toplevel() on ptolemy.moml.MoMLSimpleApplication@38b67061
reloadAllAccessors: .arrayType24

===========================================================================================
----------------- testing Wed Sep 26 02:44:20 UTC 2018 /home/travis/build/icyphy/ptII/ptolemy/actor/lib/test/auto/arrayType25.xml
----------------- Instantiating /home/travis/build/icyphy/ptII/ptolemy/actor/lib/test/auto/arrayType25.xml
1 ms. Memory: 1758720K Free: 1650002K (94%)
----------------- Invoking toplevel() on ptolemy.moml.MoMLSimpleApplication@27b4186a
----------------- Done invoking toplevel() on ptolemy.moml.MoMLSimpleApplication@27b4186a
reloadAllAccessors: .arrayType25

===========================================================================================
----------------- testing Wed Sep 26 02:44:20 UTC 2018 /home/travis/build/icyphy/ptII/ptolemy/actor/lib/test/auto/arrayType26.xml
----------------- Instantiating /home/travis/build/icyphy/ptII/ptolemy/actor/lib/test/auto/arrayType26.xml
1 ms. Memory: 1758720K Free: 1633582K (93%)
----------------- Invoking toplevel() on ptolemy.moml.MoMLSimpleApplication@5d13fe41
----------------- Done invoking toplevel() on ptolemy.moml.MoMLSimpleApplication@5d13fe41
reloadAllAccessors: .arrayType26

===========================================================================================
----------------- testing Wed Sep 26 02:44:20 UTC 2018 /home/travis/build/icyphy/ptII/ptolemy/actor/lib/test/auto/arrayType27.xml
----------------- Instantiating /home/travis/build/icyphy/ptII/ptolemy/actor/lib/test/auto/arrayType27.xml
3 ms. Memory: 1758720K Free: 1612495K (92%)
----------------- Invoking toplevel() on ptolemy.moml.MoMLSimpleApplication@37f911b1
----------------- Done invoking toplevel() on ptolemy.moml.MoMLSimpleApplication@37f911b1
reloadAllAccessors: .arrayType27

===========================================================================================
----------------- testing Wed Sep 26 02:44:20 UTC 2018 /home/travis/build/icyphy/ptII/ptolemy/actor/lib/test/auto/arrayType28.xml
----------------- Instantiating /home/travis/build/icyphy/ptII/ptolemy/actor/lib/test/auto/arrayType28.xml
6 ms. Memory: 1758720K Free: 1596075K (91%)
----------------- Invoking toplevel() on ptolemy.moml.MoMLSimpleApplication@53e7567b
----------------- Done invoking toplevel() on ptolemy.moml.MoMLSimpleApplication@53e7567b
reloadAllAccessors: .arrayType28

===========================================================================================
----------------- testing Wed Sep 26 02:44:20 UTC 2018 /home/travis/build/icyphy/ptII/ptolemy/actor/lib/test/auto/arrayType3.xml
----------------- Instantiating /home/travis/build/icyphy/ptII/ptolemy/actor/lib/test/auto/arrayType3.xml
2 ms. Memory: 1758720K Free: 1575049K (90%)
----------------- Invoking toplevel() on ptolemy.moml.MoMLSimpleApplication@4e749624
----------------- Done invoking toplevel() on ptolemy.moml.MoMLSimpleApplication@4e749624
reloadAllAccessors: .arrayType3

===========================================================================================
----------------- testing Wed Sep 26 02:44:20 UTC 2018 /home/travis/build/icyphy/ptII/ptolemy/actor/lib/test/auto/arrayType4.xml
----------------- Instantiating /home/travis/build/icyphy/ptII/ptolemy/actor/lib/test/auto/arrayType4.xml
1 ms. Memory: 1758720K Free: 1558630K (89%)
----------------- Invoking toplevel() on ptolemy.moml.MoMLSimpleApplication@ea4fa8
----------------- Done invoking toplevel() on ptolemy.moml.MoMLSimpleApplication@ea4fa8
reloadAllAccessors: .arrayType4

===========================================================================================
----------------- testing Wed Sep 26 02:44:20 UTC 2018 /home/travis/build/icyphy/ptII/ptolemy/actor/lib/test/auto/arrayType5.xml
----------------- Instantiating /home/travis/build/icyphy/ptII/ptolemy/actor/lib/test/auto/arrayType5.xml
1 ms. Memory: 1758720K Free: 1537604K (87%)
----------------- Invoking toplevel() on ptolemy.moml.MoMLSimpleApplication@f741cc
----------------- Done invoking toplevel() on ptolemy.moml.MoMLSimpleApplication@f741cc
reloadAllAccessors: .arrayType5

===========================================================================================
----------------- testing Wed Sep 26 02:44:20 UTC 2018 /home/travis/build/icyphy/ptII/ptolemy/actor/lib/test/auto/arrayType6.xml
----------------- Instantiating /home/travis/build/icyphy/ptII/ptolemy/actor/lib/test/auto/arrayType6.xml
1 ms. Memory: 1758720K Free: 1516578K (86%)
----------------- Invoking toplevel() on ptolemy.moml.MoMLSimpleApplication@5ed4857f
----------------- Done invoking toplevel() on ptolemy.moml.MoMLSimpleApplication@5ed4857f
reloadAllAccessors: .arrayType6

===========================================================================================
----------------- testing Wed Sep 26 02:44:20 UTC 2018 /home/travis/build/icyphy/ptII/ptolemy/actor/lib/test/auto/arrayType7.xml
----------------- Instantiating /home/travis/build/icyphy/ptII/ptolemy/actor/lib/test/auto/arrayType7.xml
3 ms. Memory: 1758720K Free: 1500158K (85%)
----------------- Invoking toplevel() on ptolemy.moml.MoMLSimpleApplication@147ddcba
----------------- Done invoking toplevel() on ptolemy.moml.MoMLSimpleApplication@147ddcba
reloadAllAccessors: .arrayType7

===========================================================================================
----------------- testing Wed Sep 26 02:44:20 UTC 2018 /home/travis/build/icyphy/ptII/ptolemy/actor/lib/test/auto/arrayType8.xml
----------------- Instantiating /home/travis/build/icyphy/ptII/ptolemy/actor/lib/test/auto/arrayType8.xml
1 ms. Memory: 1758720K Free: 1479132K (84%)
----------------- Invoking toplevel() on ptolemy.moml.MoMLSimpleApplication@74f650b
----------------- Done invoking toplevel() on ptolemy.moml.MoMLSimpleApplication@74f650b
reloadAllAccessors: .arrayType8

===========================================================================================
----------------- testing Wed Sep 26 02:44:20 UTC 2018 /home/travis/build/icyphy/ptII/ptolemy/actor/lib/test/auto/arrayType9.xml
----------------- Instantiating /home/travis/build/icyphy/ptII/ptolemy/actor/lib/test/auto/arrayType9.xml
1 ms. Memory: 1758720K Free: 1462712K (83%)
----------------- Invoking toplevel() on ptolemy.moml.MoMLSimpleApplication@6dea30aa
----------------- Done invoking toplevel() on ptolemy.moml.MoMLSimpleApplication@6dea30aa
reloadAllAccessors: .arrayType9

===========================================================================================
----------------- testing Wed Sep 26 02:44:20 UTC 2018 /home/travis/build/icyphy/ptII/ptolemy/actor/lib/test/auto/cast.xml
----------------- Instantiating /home/travis/build/icyphy/ptII/ptolemy/actor/lib/test/auto/cast.xml
1 ms. Memory: 1758720K Free: 1441686K (82%)
----------------- Invoking toplevel() on ptolemy.moml.MoMLSimpleApplication@44707596
----------------- Done invoking toplevel() on ptolemy.moml.MoMLSimpleApplication@44707596
reloadAllAccessors: .cast

===========================================================================================
----------------- testing Wed Sep 26 02:44:20 UTC 2018 /home/travis/build/icyphy/ptII/ptolemy/actor/lib/test/auto/compositeMultiPort.xml
----------------- Instantiating /home/travis/build/icyphy/ptII/ptolemy/actor/lib/test/auto/compositeMultiPort.xml
3 ms. Memory: 1758720K Free: 1425266K (81%)
----------------- Invoking toplevel() on ptolemy.moml.MoMLSimpleApplication@3df6da1f
----------------- Done invoking toplevel() on ptolemy.moml.MoMLSimpleApplication@3df6da1f
reloadAllAccessors: .compositeMultiPort

===========================================================================================
----------------- testing Wed Sep 26 02:44:20 UTC 2018 /home/travis/build/icyphy/ptII/ptolemy/actor/lib/test/auto/expressionCastInference.xml
----------------- Instantiating /home/travis/build/icyphy/ptII/ptolemy/actor/lib/test/auto/expressionCastInference.xml
2 ms. Memory: 1758720K Free: 1404241K (80%)
----------------- Invoking toplevel() on ptolemy.moml.MoMLSimpleApplication@67622c6
----------------- Done invoking toplevel() on ptolemy.moml.MoMLSimpleApplication@67622c6
reloadAllAccessors: .expressionCastInference

===========================================================================================
----------------- testing Wed Sep 26 02:44:20 UTC 2018 /home/travis/build/icyphy/ptII/ptolemy/actor/lib/test/auto/expressionCastInference2.xml
----------------- Instantiating /home/travis/build/icyphy/ptII/ptolemy/actor/lib/test/auto/expressionCastInference2.xml
2 ms. Memory: 1758720K Free: 1387821K (79%)
----------------- Invoking toplevel() on ptolemy.moml.MoMLSimpleApplication@4e808db8
----------------- Done invoking toplevel() on ptolemy.moml.MoMLSimpleApplication@4e808db8
reloadAllAccessors: .expressionCastInference2

===========================================================================================
----------------- testing Wed Sep 26 02:44:20 UTC 2018 /home/travis/build/icyphy/ptII/ptolemy/actor/lib/test/auto/expressionInference.xml
----------------- Instantiating /home/travis/build/icyphy/ptII/ptolemy/actor/lib/test/auto/expressionInference.xml
1 ms. Memory: 1758720K Free: 1366795K (78%)
----------------- Invoking toplevel() on ptolemy.moml.MoMLSimpleApplication@2cfd85d5
----------------- Done invoking toplevel() on ptolemy.moml.MoMLSimpleApplication@2cfd85d5
reloadAllAccessors: .expressionInference

===========================================================================================
----------------- testing Wed Sep 26 02:44:20 UTC 2018 /home/travis/build/icyphy/ptII/ptolemy/actor/lib/test/auto/expression_bug.xml
----------------- Instantiating /home/travis/build/icyphy/ptII/ptolemy/actor/lib/test/auto/expression_bug.xml
1 ms. Memory: 1758720K Free: 1345769K (77%)
----------------- Invoking toplevel() on ptolemy.moml.MoMLSimpleApplication@3298de53
----------------- Done invoking toplevel() on ptolemy.moml.MoMLSimpleApplication@3298de53
reloadAllAccessors: .expression_bug

===========================================================================================
----------------- testing Wed Sep 26 02:44:20 UTC 2018 /home/travis/build/icyphy/ptII/ptolemy/actor/lib/test/auto/factorial.xml
----------------- Instantiating /home/travis/build/icyphy/ptII/ptolemy/actor/lib/test/auto/factorial.xml
44 ms. Memory: 1758720K Free: 1329349K (76%)
----------------- Invoking toplevel() on ptolemy.moml.MoMLSimpleApplication@414dfcbc
----------------- Done invoking toplevel() on ptolemy.moml.MoMLSimpleApplication@414dfcbc
reloadAllAccessors: .factorial

===========================================================================================
----------------- testing Wed Sep 26 02:44:20 UTC 2018 /home/travis/build/icyphy/ptII/ptolemy/actor/lib/test/auto/filterTest1.xml
----------------- Instantiating /home/travis/build/icyphy/ptII/ptolemy/actor/lib/test/auto/filterTest1.xml
3 ms. Memory: 1758720K Free: 1308323K (74%)
----------------- Invoking toplevel() on ptolemy.moml.MoMLSimpleApplication@61d34675
----------------- Done invoking toplevel() on ptolemy.moml.MoMLSimpleApplication@61d34675
reloadAllAccessors: .filterTest1

===========================================================================================
----------------- testing Wed Sep 26 02:44:20 UTC 2018 /home/travis/build/icyphy/ptII/ptolemy/actor/lib/test/auto/funcApplyInConst.xml
----------------- Instantiating /home/travis/build/icyphy/ptII/ptolemy/actor/lib/test/auto/funcApplyInConst.xml
1 ms. Memory: 1758720K Free: 1291903K (73%)
----------------- Invoking toplevel() on ptolemy.moml.MoMLSimpleApplication@37b2eed4
----------------- Done invoking toplevel() on ptolemy.moml.MoMLSimpleApplication@37b2eed4
reloadAllAccessors: .funcApplyInConst

===========================================================================================
----------------- testing Wed Sep 26 02:44:20 UTC 2018 /home/travis/build/icyphy/ptII/ptolemy/actor/lib/test/auto/funcApplyInExpr.xml
----------------- Instantiating /home/travis/build/icyphy/ptII/ptolemy/actor/lib/test/auto/funcApplyInExpr.xml
2 ms. Memory: 1758720K Free: 1270877K (72%)
----------------- Invoking toplevel() on ptolemy.moml.MoMLSimpleApplication@440f464a
----------------- Done invoking toplevel() on ptolemy.moml.MoMLSimpleApplication@440f464a
reloadAllAccessors: .funcApplyInExpr

===========================================================================================
----------------- testing Wed Sep 26 02:44:20 UTC 2018 /home/travis/build/icyphy/ptII/ptolemy/actor/lib/test/auto/function.xml
----------------- Instantiating /home/travis/build/icyphy/ptII/ptolemy/actor/lib/test/auto/function.xml
1 ms. Memory: 1758720K Free: 1254457K (71%)
----------------- Invoking toplevel() on ptolemy.moml.MoMLSimpleApplication@78c7d3af
----------------- Done invoking toplevel() on ptolemy.moml.MoMLSimpleApplication@78c7d3af
reloadAllAccessors: .function

===========================================================================================
----------------- testing Wed Sep 26 02:44:20 UTC 2018 /home/travis/build/icyphy/ptII/ptolemy/actor/lib/test/auto/function2.xml
----------------- Instantiating /home/travis/build/icyphy/ptII/ptolemy/actor/lib/test/auto/function2.xml
2 ms. Memory: 1758720K Free: 1233431K (70%)
----------------- Invoking toplevel() on ptolemy.moml.MoMLSimpleApplication@2e01e6bc
----------------- Done invoking toplevel() on ptolemy.moml.MoMLSimpleApplication@2e01e6bc
reloadAllAccessors: .function2

===========================================================================================
----------------- testing Wed Sep 26 02:44:20 UTC 2018 /home/travis/build/icyphy/ptII/ptolemy/actor/lib/test/auto/function3.xml
----------------- Instantiating /home/travis/build/icyphy/ptII/ptolemy/actor/lib/test/auto/function3.xml
1 ms. Memory: 1758720K Free: 1212405K (69%)
----------------- Invoking toplevel() on ptolemy.moml.MoMLSimpleApplication@135cf3f6
----------------- Done invoking toplevel() on ptolemy.moml.MoMLSimpleApplication@135cf3f6
reloadAllAccessors: .function3

===========================================================================================
----------------- testing Wed Sep 26 02:44:20 UTC 2018 /home/travis/build/icyphy/ptII/ptolemy/actor/lib/test/auto/functionClosureTest1.xml
----------------- Instantiating /home/travis/build/icyphy/ptII/ptolemy/actor/lib/test/auto/functionClosureTest1.xml
2 ms. Memory: 1758720K Free: 1195986K (68%)
----------------- Invoking toplevel() on ptolemy.moml.MoMLSimpleApplication@4648359b
----------------- Done invoking toplevel() on ptolemy.moml.MoMLSimpleApplication@4648359b
reloadAllAccessors: .functionClosureTest1

===========================================================================================
----------------- testing Wed Sep 26 02:44:20 UTC 2018 /home/travis/build/icyphy/ptII/ptolemy/actor/lib/test/auto/functionClosureTest2.xml
----------------- Instantiating /home/travis/build/icyphy/ptII/ptolemy/actor/lib/test/auto/functionClosureTest2.xml
1 ms. Memory: 1758720K Free: 1174960K (67%)
----------------- Invoking toplevel() on ptolemy.moml.MoMLSimpleApplication@74fee8e2
----------------- Done invoking toplevel() on ptolemy.moml.MoMLSimpleApplication@74fee8e2
reloadAllAccessors: .functionClosureTest2

===========================================================================================
----------------- testing Wed Sep 26 02:44:20 UTC 2018 /home/travis/build/icyphy/ptII/ptolemy/actor/lib/test/auto/functionClosureTest3.xml
----------------- Instantiating /home/travis/build/icyphy/ptII/ptolemy/actor/lib/test/auto/functionClosureTest3.xml
2 ms. Memory: 1758720K Free: 1158540K (66%)
----------------- Invoking toplevel() on ptolemy.moml.MoMLSimpleApplication@7ef9c864
----------------- Done invoking toplevel() on ptolemy.moml.MoMLSimpleApplication@7ef9c864
reloadAllAccessors: .functionClosureTest3

===========================================================================================
----------------- testing Wed Sep 26 02:44:20 UTC 2018 /home/travis/build/icyphy/ptII/ptolemy/actor/lib/test/auto/functionClosureTest4.xml
----------------- Instantiating /home/travis/build/icyphy/ptII/ptolemy/actor/lib/test/auto/functionClosureTest4.xml
3 ms. Memory: 1758720K Free: 1137514K (65%)
----------------- Invoking toplevel() on ptolemy.moml.MoMLSimpleApplication@5da82218
----------------- Done invoking toplevel() on ptolemy.moml.MoMLSimpleApplication@5da82218
reloadAllAccessors: .functionClosureTest4

===========================================================================================
----------------- testing Wed Sep 26 02:44:20 UTC 2018 /home/travis/build/icyphy/ptII/ptolemy/actor/lib/test/auto/functionClosureTest5.xml
----------------- Instantiating /home/travis/build/icyphy/ptII/ptolemy/actor/lib/test/auto/functionClosureTest5.xml
4 ms. Memory: 1758720K Free: 1121094K (64%)
----------------- Invoking toplevel() on ptolemy.moml.MoMLSimpleApplication@2392f351
----------------- Done invoking toplevel() on ptolemy.moml.MoMLSimpleApplication@2392f351
reloadAllAccessors: .functionClosureTest5

===========================================================================================
----------------- testing Wed Sep 26 02:44:20 UTC 2018 /home/travis/build/icyphy/ptII/ptolemy/actor/lib/test/auto/functionClosureTest6.xml
----------------- Instantiating /home/travis/build/icyphy/ptII/ptolemy/actor/lib/test/auto/functionClosureTest6.xml
3 ms. Memory: 1758720K Free: 1100068K (63%)
----------------- Invoking toplevel() on ptolemy.moml.MoMLSimpleApplication@241dbf41
----------------- Done invoking toplevel() on ptolemy.moml.MoMLSimpleApplication@241dbf41
reloadAllAccessors: .functionClosureTest6

===========================================================================================
----------------- testing Wed Sep 26 02:44:20 UTC 2018 /home/travis/build/icyphy/ptII/ptolemy/actor/lib/test/auto/functionsOnArcs.xml
----------------- Instantiating /home/travis/build/icyphy/ptII/ptolemy/actor/lib/test/auto/functionsOnArcs.xml
1 ms. Memory: 1758720K Free: 1083648K (62%)
----------------- Invoking toplevel() on ptolemy.moml.MoMLSimpleApplication@1d5f28d0
----------------- Done invoking toplevel() on ptolemy.moml.MoMLSimpleApplication@1d5f28d0
reloadAllAccessors: .functionsOnArcs

===========================================================================================
----------------- testing Wed Sep 26 02:44:20 UTC 2018 /home/travis/build/icyphy/ptII/ptolemy/actor/lib/test/auto/functionsOnArcsHOF.xml
----------------- Instantiating /home/travis/build/icyphy/ptII/ptolemy/actor/lib/test/auto/functionsOnArcsHOF.xml
6 ms. Memory: 1758720K Free: 1062622K (60%)
----------------- Invoking toplevel() on ptolemy.moml.MoMLSimpleApplication@4b5ad98f
----------------- Done invoking toplevel() on ptolemy.moml.MoMLSimpleApplication@4b5ad98f
reloadAllAccessors: .functionsOnArcsHOF

===========================================================================================
----------------- testing Wed Sep 26 02:44:20 UTC 2018 /home/travis/build/icyphy/ptII/ptolemy/actor/lib/test/auto/logic.xml
----------------- Instantiating /home/travis/build/icyphy/ptII/ptolemy/actor/lib/test/auto/logic.xml
2 ms. Memory: 1758720K Free: 1041596K (59%)
----------------- Invoking toplevel() on ptolemy.moml.MoMLSimpleApplication@4c308bd1
----------------- Done invoking toplevel() on ptolemy.moml.MoMLSimpleApplication@4c308bd1
reloadAllAccessors: .logic

===========================================================================================
----------------- testing Wed Sep 26 02:44:20 UTC 2018 /home/travis/build/icyphy/ptII/ptolemy/actor/lib/test/auto/matrixType.xml
----------------- Instantiating /home/travis/build/icyphy/ptII/ptolemy/actor/lib/test/auto/matrixType.xml
2 ms. Memory: 1758720K Free: 1025176K (58%)
----------------- Invoking toplevel() on ptolemy.moml.MoMLSimpleApplication@29831be
----------------- Done invoking toplevel() on ptolemy.moml.MoMLSimpleApplication@29831be
reloadAllAccessors: .matrixType

===========================================================================================
----------------- testing Wed Sep 26 02:44:20 UTC 2018 /home/travis/build/icyphy/ptII/ptolemy/actor/lib/test/auto/matrixType10.xml
----------------- Instantiating /home/travis/build/icyphy/ptII/ptolemy/actor/lib/test/auto/matrixType10.xml
1 ms. Memory: 1758720K Free: 1004150K (57%)
----------------- Invoking toplevel() on ptolemy.moml.MoMLSimpleApplication@35d8f7d8
----------------- Done invoking toplevel() on ptolemy.moml.MoMLSimpleApplication@35d8f7d8
reloadAllAccessors: .matrixType10

===========================================================================================
----------------- testing Wed Sep 26 02:44:20 UTC 2018 /home/travis/build/icyphy/ptII/ptolemy/actor/lib/test/auto/matrixType11.xml
----------------- Instantiating /home/travis/build/icyphy/ptII/ptolemy/actor/lib/test/auto/matrixType11.xml
2 ms. Memory: 1758720K Free: 987730K (56%)
----------------- Invoking toplevel() on ptolemy.moml.MoMLSimpleApplication@3b6e8c5e
----------------- Done invoking toplevel() on ptolemy.moml.MoMLSimpleApplication@3b6e8c5e
reloadAllAccessors: .matrixType11

===========================================================================================
----------------- testing Wed Sep 26 02:44:20 UTC 2018 /home/travis/build/icyphy/ptII/ptolemy/actor/lib/test/auto/matrixType12.xml
----------------- Instantiating /home/travis/build/icyphy/ptII/ptolemy/actor/lib/test/auto/matrixType12.xml
1 ms. Memory: 1758720K Free: 966704K (55%)
----------------- Invoking toplevel() on ptolemy.moml.MoMLSimpleApplication@63cee197
----------------- Done invoking toplevel() on ptolemy.moml.MoMLSimpleApplication@63cee197
reloadAllAccessors: .matrixType12

===========================================================================================
----------------- testing Wed Sep 26 02:44:20 UTC 2018 /home/travis/build/icyphy/ptII/ptolemy/actor/lib/test/auto/matrixType13.xml
----------------- Instantiating /home/travis/build/icyphy/ptII/ptolemy/actor/lib/test/auto/matrixType13.xml
2 ms. Memory: 1758720K Free: 950284K (54%)
----------------- Invoking toplevel() on ptolemy.moml.MoMLSimpleApplication@6b05dfd4
----------------- Done invoking toplevel() on ptolemy.moml.MoMLSimpleApplication@6b05dfd4
reloadAllAccessors: .matrixType13

===========================================================================================
----------------- testing Wed Sep 26 02:44:20 UTC 2018 /home/travis/build/icyphy/ptII/ptolemy/actor/lib/test/auto/matrixType14.xml
----------------- Instantiating /home/travis/build/icyphy/ptII/ptolemy/actor/lib/test/auto/matrixType14.xml
2 ms. Memory: 1758720K Free: 929258K (53%)
----------------- Invoking toplevel() on ptolemy.moml.MoMLSimpleApplication@6e3a1c1d
----------------- Done invoking toplevel() on ptolemy.moml.MoMLSimpleApplication@6e3a1c1d
reloadAllAccessors: .matrixType14

===========================================================================================
----------------- testing Wed Sep 26 02:44:20 UTC 2018 /home/travis/build/icyphy/ptII/ptolemy/actor/lib/test/auto/matrixType2.xml
----------------- Instantiating /home/travis/build/icyphy/ptII/ptolemy/actor/lib/test/auto/matrixType2.xml
1 ms. Memory: 1758720K Free: 908233K (52%)
----------------- Invoking toplevel() on ptolemy.moml.MoMLSimpleApplication@42e85128
----------------- Done invoking toplevel() on ptolemy.moml.MoMLSimpleApplication@42e85128
reloadAllAccessors: .matrixType2

===========================================================================================
----------------- testing Wed Sep 26 02:44:20 UTC 2018 /home/travis/build/icyphy/ptII/ptolemy/actor/lib/test/auto/matrixType3.xml
----------------- Instantiating /home/travis/build/icyphy/ptII/ptolemy/actor/lib/test/auto/matrixType3.xml
4 ms. Memory: 1758720K Free: 891813K (51%)
----------------- Invoking toplevel() on ptolemy.moml.MoMLSimpleApplication@74d07f08
----------------- Done invoking toplevel() on ptolemy.moml.MoMLSimpleApplication@74d07f08
reloadAllAccessors: .matrixType3

===========================================================================================
----------------- testing Wed Sep 26 02:44:21 UTC 2018 /home/travis/build/icyphy/ptII/ptolemy/actor/lib/test/auto/matrixType4.xml
----------------- Instantiating /home/travis/build/icyphy/ptII/ptolemy/actor/lib/test/auto/matrixType4.xml
1 ms. Memory: 1758720K Free: 870787K (50%)
----------------- Invoking toplevel() on ptolemy.moml.MoMLSimpleApplication@5fe8f174
----------------- Done invoking toplevel() on ptolemy.moml.MoMLSimpleApplication@5fe8f174
reloadAllAccessors: .matrixType4

===========================================================================================
----------------- testing Wed Sep 26 02:44:21 UTC 2018 /home/travis/build/icyphy/ptII/ptolemy/actor/lib/test/auto/matrixType5.xml
----------------- Instantiating /home/travis/build/icyphy/ptII/ptolemy/actor/lib/test/auto/matrixType5.xml
1 ms. Memory: 1758720K Free: 854367K (49%)
----------------- Invoking toplevel() on ptolemy.moml.MoMLSimpleApplication@2ac54fba
----------------- Done invoking toplevel() on ptolemy.moml.MoMLSimpleApplication@2ac54fba
reloadAllAccessors: .matrixType5

===========================================================================================
----------------- testing Wed Sep 26 02:44:21 UTC 2018 /home/travis/build/icyphy/ptII/ptolemy/actor/lib/test/auto/matrixType6.xml
----------------- Instantiating /home/travis/build/icyphy/ptII/ptolemy/actor/lib/test/auto/matrixType6.xml
1 ms. Memory: 1758720K Free: 833341K (47%)
----------------- Invoking toplevel() on ptolemy.moml.MoMLSimpleApplication@4cf26ed8
----------------- Done invoking toplevel() on ptolemy.moml.MoMLSimpleApplication@4cf26ed8
reloadAllAccessors: .matrixType6

===========================================================================================
----------------- testing Wed Sep 26 02:44:21 UTC 2018 /home/travis/build/icyphy/ptII/ptolemy/actor/lib/test/auto/matrixType7.xml
----------------- Instantiating /home/travis/build/icyphy/ptII/ptolemy/actor/lib/test/auto/matrixType7.xml
2 ms. Memory: 1758720K Free: 816921K (46%)
----------------- Invoking toplevel() on ptolemy.moml.MoMLSimpleApplication@395db308
----------------- Done invoking toplevel() on ptolemy.moml.MoMLSimpleApplication@395db308
reloadAllAccessors: .matrixType7

===========================================================================================
----------------- testing Wed Sep 26 02:44:21 UTC 2018 /home/travis/build/icyphy/ptII/ptolemy/actor/lib/test/auto/matrixType8.xml
----------------- Instantiating /home/travis/build/icyphy/ptII/ptolemy/actor/lib/test/auto/matrixType8.xml
1 ms. Memory: 1758720K Free: 795895K (45%)
----------------- Invoking toplevel() on ptolemy.moml.MoMLSimpleApplication@728df56e
----------------- Done invoking toplevel() on ptolemy.moml.MoMLSimpleApplication@728df56e
reloadAllAccessors: .matrixType8

===========================================================================================
----------------- testing Wed Sep 26 02:44:21 UTC 2018 /home/travis/build/icyphy/ptII/ptolemy/actor/lib/test/auto/matrixType9.xml
----------------- Instantiating /home/travis/build/icyphy/ptII/ptolemy/actor/lib/test/auto/matrixType9.xml
1 ms. Memory: 1758720K Free: 774869K (44%)
----------------- Invoking toplevel() on ptolemy.moml.MoMLSimpleApplication@4819ae6f
----------------- Done invoking toplevel() on ptolemy.moml.MoMLSimpleApplication@4819ae6f
reloadAllAccessors: .matrixType9

===========================================================================================
----------------- testing Wed Sep 26 02:44:21 UTC 2018 /home/travis/build/icyphy/ptII/ptolemy/actor/lib/test/auto/paraFunctest.xml
----------------- Instantiating /home/travis/build/icyphy/ptII/ptolemy/actor/lib/test/auto/paraFunctest.xml
1 ms. Memory: 1758720K Free: 758449K (43%)
----------------- Invoking toplevel() on ptolemy.moml.MoMLSimpleApplication@671e91a3
----------------- Done invoking toplevel() on ptolemy.moml.MoMLSimpleApplication@671e91a3
reloadAllAccessors: .paraFunctest

===========================================================================================
----------------- testing Wed Sep 26 02:44:21 UTC 2018 /home/travis/build/icyphy/ptII/ptolemy/actor/lib/test/auto/paraFunctest2.xml
----------------- Instantiating /home/travis/build/icyphy/ptII/ptolemy/actor/lib/test/auto/paraFunctest2.xml
2 ms. Memory: 1758720K Free: 737423K (42%)
----------------- Invoking toplevel() on ptolemy.moml.MoMLSimpleApplication@2ffdca90
----------------- Done invoking toplevel() on ptolemy.moml.MoMLSimpleApplication@2ffdca90
reloadAllAccessors: .paraFunctest2

===========================================================================================
----------------- testing Wed Sep 26 02:44:21 UTC 2018 /home/travis/build/icyphy/ptII/ptolemy/actor/lib/test/auto/parameterPassing.xml
----------------- Instantiating /home/travis/build/icyphy/ptII/ptolemy/actor/lib/test/auto/parameterPassing.xml
1 ms. Memory: 1758720K Free: 721003K (41%)
----------------- Invoking toplevel() on ptolemy.moml.MoMLSimpleApplication@cde30a9
----------------- Done invoking toplevel() on ptolemy.moml.MoMLSimpleApplication@cde30a9
reloadAllAccessors: .parameterPassing

===========================================================================================
----------------- testing Wed Sep 26 02:44:21 UTC 2018 /home/travis/build/icyphy/ptII/ptolemy/actor/lib/test/auto/record.xml
----------------- Instantiating /home/travis/build/icyphy/ptII/ptolemy/actor/lib/test/auto/record.xml
2 ms. Memory: 1758720K Free: 699977K (40%)
----------------- Invoking toplevel() on ptolemy.moml.MoMLSimpleApplication@101f397f
----------------- Done invoking toplevel() on ptolemy.moml.MoMLSimpleApplication@101f397f
reloadAllAccessors: .record

===========================================================================================
----------------- testing Wed Sep 26 02:44:21 UTC 2018 /home/travis/build/icyphy/ptII/ptolemy/actor/lib/test/auto/sizedarray1.xml
----------------- Instantiating /home/travis/build/icyphy/ptII/ptolemy/actor/lib/test/auto/sizedarray1.xml
2 ms. Memory: 1758720K Free: 683557K (39%)
----------------- Invoking toplevel() on ptolemy.moml.MoMLSimpleApplication@6ea51f55
----------------- Done invoking toplevel() on ptolemy.moml.MoMLSimpleApplication@6ea51f55
reloadAllAccessors: .sizedarray1

===========================================================================================
----------------- testing Wed Sep 26 02:44:21 UTC 2018 /home/travis/build/icyphy/ptII/ptolemy/actor/lib/test/auto/sizedarray2.xml
----------------- Instantiating /home/travis/build/icyphy/ptII/ptolemy/actor/lib/test/auto/sizedarray2.xml
2 ms. Memory: 1758720K Free: 662531K (38%)
----------------- Invoking toplevel() on ptolemy.moml.MoMLSimpleApplication@4247f265
----------------- Done invoking toplevel() on ptolemy.moml.MoMLSimpleApplication@4247f265
reloadAllAccessors: .sizedarray2

===========================================================================================
----------------- testing Wed Sep 26 02:44:21 UTC 2018 /home/travis/build/icyphy/ptII/ptolemy/actor/lib/test/auto/twoPublishers.xml
----------------- Instantiating /home/travis/build/icyphy/ptII/ptolemy/actor/lib/test/auto/twoPublishers.xml
4 ms. Memory: 1758720K Free: 633279K (36%)
----------------- Invoking toplevel() on ptolemy.moml.MoMLSimpleApplication@697f0805
----------------- Done invoking toplevel() on ptolemy.moml.MoMLSimpleApplication@697f0805
reloadAllAccessors: .twoPublishers
AutoTests.java: About to close Vertx.
AutoTests.java: Vertx closed.
]]></system-out>
  <system-err><![CDATA[java.lang.RuntimeException: Execution failed
	at ptolemy.moml.MoMLSimpleApplication$UnloadThread.run(MoMLSimpleApplication.java:402)
Caused by: java.lang.RuntimeException: Normally, we would exit here because Manager.exitAfterWrapup() was called.  However, because the ptolemy.ptII.exitAfterWrapup property is set, we throw this exception instead.
	at ptolemy.util.StringUtilities.exit(StringUtilities.java:363)
	at ptolemy.actor.Manager.wrapup(Manager.java:1531)
	at ptolemy.actor.Manager.execute(Manager.java:407)
	at ptolemy.actor.Manager.run(Manager.java:1263)
	at ptolemy.actor.Manager$PtolemyRunThread.run(Manager.java:1915)
Warning: '.top.test' is in training mode, set the trainingMode parameter to false before checking in
Warning: '.top.test' is in training mode, set the trainingMode parameter to false before checking in
Warning: '.top.test' is in training mode, set the trainingMode parameter to false before checking in
Warning: '.BooleanSwitch_RegressionTest_WrongTrainingValues.Test' is in training mode, set the trainingMode parameter to false before checking in
Warning: '.BooleanSwitch_RegressionTest_WrongTrainingValues.Test2' is in training mode, set the trainingMode parameter to false before checking in
Warning: '.BooleanSwitch_RegressionTest_WrongTrainingValues.Test2' The test produced 0 tokens.
Warning: '.top.testExceptionHandler' is in training mode, set the trainingMode parameter to false before checking in
java.lang.RuntimeException: Execution failed
	at ptolemy.moml.MoMLSimpleApplication$UnloadThread.run(MoMLSimpleApplication.java:402)
Caused by: ptolemy.kernel.util.IllegalActionException: PublisherPorts cannot be used at the top level, use a Publisher actor instead.
  in .PublisherPortToplevelSubscriber.PublisherPort
	at ptolemy.actor.PublisherPort.preinitialize(PublisherPort.java:403)
	at ptolemy.actor.CompositeActor.preinitialize(CompositeActor.java:1769)
	at ptolemy.actor.Manager.preinitializeAndResolveTypes(Manager.java:1040)
	at ptolemy.actor.Manager.initialize(Manager.java:710)
	at ptolemy.actor.Manager.execute(Manager.java:356)
	at ptolemy.actor.Manager.run(Manager.java:1263)
	at ptolemy.actor.Manager$PtolemyRunThread.run(Manager.java:1915)
java.lang.reflect.InvocationTargetException
	at sun.reflect.NativeConstructorAccessorImpl.newInstance0(Native Method)
	at sun.reflect.NativeConstructorAccessorImpl.newInstance(NativeConstructorAccessorImpl.java:62)
	at sun.reflect.DelegatingConstructorAccessorImpl.newInstance(DelegatingConstructorAccessorImpl.java:45)
	at java.lang.reflect.Constructor.newInstance(Constructor.java:423)
	at ptolemy.util.test.junit.AutoKnownFailedTests.RunModel(AutoKnownFailedTests.java:107)
	at sun.reflect.NativeMethodAccessorImpl.invoke0(Native Method)
	at sun.reflect.NativeMethodAccessorImpl.invoke(NativeMethodAccessorImpl.java:62)
	at sun.reflect.DelegatingMethodAccessorImpl.invoke(DelegatingMethodAccessorImpl.java:43)
	at java.lang.reflect.Method.invoke(Method.java:498)
	at org.junit.runners.model.FrameworkMethod$1.runReflectiveCall(FrameworkMethod.java:44)
	at org.junit.internal.runners.model.ReflectiveCallable.run(ReflectiveCallable.java:15)
	at org.junit.runners.model.FrameworkMethod.invokeExplosively(FrameworkMethod.java:41)
	at junitparams.internal.InvokeParameterisedMethod.evaluate(InvokeParameterisedMethod.java:102)
	at org.junit.internal.runners.statements.FailOnTimeout$1.run(FailOnTimeout.java:28)
Caused by: ptolemy.kernel.util.IllegalActionException: PublisherPorts cannot be used at the top level, use a Publisher actor instead.
  in .PublisherPortToplevelSubscriber.PublisherPort
	at ptolemy.actor.PublisherPort.preinitialize(PublisherPort.java:403)
	at ptolemy.actor.CompositeActor.preinitialize(CompositeActor.java:1769)
	at ptolemy.actor.Manager.preinitializeAndResolveTypes(Manager.java:1040)
	at ptolemy.actor.Manager.initialize(Manager.java:710)
	at ptolemy.actor.Manager.execute(Manager.java:356)
	at ptolemy.actor.Manager.run(Manager.java:1263)
	at ptolemy.actor.Manager$PtolemyRunThread.run(Manager.java:1915)
java.lang.RuntimeException: Execution failed
	at ptolemy.moml.MoMLSimpleApplication$UnloadThread.run(MoMLSimpleApplication.java:402)
Caused by: ptolemy.kernel.util.IllegalActionException: SubscriberPorts cannot be used at the top level, use a Subscriber actor instead.
  in .PublisherSubscriberPortToplevel.SubscriberPort
	at ptolemy.actor.SubscriberPort.preinitialize(SubscriberPort.java:328)
	at ptolemy.actor.CompositeActor.preinitialize(CompositeActor.java:1769)
	at ptolemy.actor.Manager.preinitializeAndResolveTypes(Manager.java:1040)
	at ptolemy.actor.Manager.initialize(Manager.java:710)
	at ptolemy.actor.Manager.execute(Manager.java:356)
	at ptolemy.actor.Manager.run(Manager.java:1263)
	at ptolemy.actor.Manager$PtolemyRunThread.run(Manager.java:1915)
java.lang.reflect.InvocationTargetException
	at sun.reflect.NativeConstructorAccessorImpl.newInstance0(Native Method)
	at sun.reflect.NativeConstructorAccessorImpl.newInstance(NativeConstructorAccessorImpl.java:62)
	at sun.reflect.DelegatingConstructorAccessorImpl.newInstance(DelegatingConstructorAccessorImpl.java:45)
	at java.lang.reflect.Constructor.newInstance(Constructor.java:423)
	at ptolemy.util.test.junit.AutoKnownFailedTests.RunModel(AutoKnownFailedTests.java:107)
	at sun.reflect.NativeMethodAccessorImpl.invoke0(Native Method)
	at sun.reflect.NativeMethodAccessorImpl.invoke(NativeMethodAccessorImpl.java:62)
	at sun.reflect.DelegatingMethodAccessorImpl.invoke(DelegatingMethodAccessorImpl.java:43)
	at java.lang.reflect.Method.invoke(Method.java:498)
	at org.junit.runners.model.FrameworkMethod$1.runReflectiveCall(FrameworkMethod.java:44)
	at org.junit.internal.runners.model.ReflectiveCallable.run(ReflectiveCallable.java:15)
	at org.junit.runners.model.FrameworkMethod.invokeExplosively(FrameworkMethod.java:41)
	at junitparams.internal.InvokeParameterisedMethod.evaluate(InvokeParameterisedMethod.java:102)
	at org.junit.internal.runners.statements.FailOnTimeout$1.run(FailOnTimeout.java:28)
Caused by: ptolemy.kernel.util.IllegalActionException: SubscriberPorts cannot be used at the top level, use a Subscriber actor instead.
  in .PublisherSubscriberPortToplevel.SubscriberPort
	at ptolemy.actor.SubscriberPort.preinitialize(SubscriberPort.java:328)
	at ptolemy.actor.CompositeActor.preinitialize(CompositeActor.java:1769)
	at ptolemy.actor.Manager.preinitializeAndResolveTypes(Manager.java:1040)
	at ptolemy.actor.Manager.initialize(Manager.java:710)
	at ptolemy.actor.Manager.execute(Manager.java:356)
	at ptolemy.actor.Manager.run(Manager.java:1263)
	at ptolemy.actor.Manager$PtolemyRunThread.run(Manager.java:1915)
java.lang.RuntimeException: Execution failed
	at ptolemy.moml.MoMLSimpleApplication$UnloadThread.run(MoMLSimpleApplication.java:402)
Caused by: ptolemy.kernel.util.IllegalActionException: SubscriptionAggregatorPorts cannot be used at the top level, use a SubscriptionAggregator actor instead.
  in .PublisherSubscriptionAggregatorPort.SubscriptionAggregatorPort
	at ptolemy.actor.SubscriptionAggregatorPort.preinitialize(SubscriptionAggregatorPort.java:353)
	at ptolemy.actor.CompositeActor.preinitialize(CompositeActor.java:1769)
	at ptolemy.actor.Manager.preinitializeAndResolveTypes(Manager.java:1040)
	at ptolemy.actor.Manager.initialize(Manager.java:710)
	at ptolemy.actor.Manager.execute(Manager.java:356)
	at ptolemy.actor.Manager.run(Manager.java:1263)
	at ptolemy.actor.Manager$PtolemyRunThread.run(Manager.java:1915)
java.lang.reflect.InvocationTargetException
	at sun.reflect.NativeConstructorAccessorImpl.newInstance0(Native Method)
	at sun.reflect.NativeConstructorAccessorImpl.newInstance(NativeConstructorAccessorImpl.java:62)
	at sun.reflect.DelegatingConstructorAccessorImpl.newInstance(DelegatingConstructorAccessorImpl.java:45)
	at java.lang.reflect.Constructor.newInstance(Constructor.java:423)
	at ptolemy.util.test.junit.AutoKnownFailedTests.RunModel(AutoKnownFailedTests.java:107)
	at sun.reflect.NativeMethodAccessorImpl.invoke0(Native Method)
	at sun.reflect.NativeMethodAccessorImpl.invoke(NativeMethodAccessorImpl.java:62)
	at sun.reflect.DelegatingMethodAccessorImpl.invoke(DelegatingMethodAccessorImpl.java:43)
	at java.lang.reflect.Method.invoke(Method.java:498)
	at org.junit.runners.model.FrameworkMethod$1.runReflectiveCall(FrameworkMethod.java:44)
	at org.junit.internal.runners.model.ReflectiveCallable.run(ReflectiveCallable.java:15)
	at org.junit.runners.model.FrameworkMethod.invokeExplosively(FrameworkMethod.java:41)
	at junitparams.internal.InvokeParameterisedMethod.evaluate(InvokeParameterisedMethod.java:102)
	at org.junit.internal.runners.statements.FailOnTimeout$1.run(FailOnTimeout.java:28)
Caused by: ptolemy.kernel.util.IllegalActionException: SubscriptionAggregatorPorts cannot be used at the top level, use a SubscriptionAggregator actor instead.
  in .PublisherSubscriptionAggregatorPort.SubscriptionAggregatorPort
	at ptolemy.actor.SubscriptionAggregatorPort.preinitialize(SubscriptionAggregatorPort.java:353)
	at ptolemy.actor.CompositeActor.preinitialize(CompositeActor.java:1769)
	at ptolemy.actor.Manager.preinitializeAndResolveTypes(Manager.java:1040)
	at ptolemy.actor.Manager.initialize(Manager.java:710)
	at ptolemy.actor.Manager.execute(Manager.java:356)
	at ptolemy.actor.Manager.run(Manager.java:1263)
	at ptolemy.actor.Manager$PtolemyRunThread.run(Manager.java:1915)
java.lang.RuntimeException: Execution failed
	at ptolemy.moml.MoMLSimpleApplication$UnloadThread.run(MoMLSimpleApplication.java:402)
Caused by: ptolemy.kernel.util.IllegalActionException: TypeTest actor has no training data.
  in .sizedarray3.TypeTest
	at ptolemy.actor.lib.TypeTest.initialize(TypeTest.java:250)
	at ptolemy.actor.Director.initialize(Director.java:938)
	at ptolemy.actor.Director.initialize(Director.java:907)
	at ptolemy.actor.sched.StaticSchedulingDirector.initialize(StaticSchedulingDirector.java:159)
	at ptolemy.domains.sdf.kernel.SDFDirector.initialize(SDFDirector.java:544)
	at ptolemy.actor.CompositeActor.initialize(CompositeActor.java:935)
	at ptolemy.actor.Manager.initialize(Manager.java:724)
	at ptolemy.actor.Manager.execute(Manager.java:356)
	at ptolemy.actor.Manager.run(Manager.java:1263)
	at ptolemy.actor.Manager$PtolemyRunThread.run(Manager.java:1915)
java.lang.reflect.InvocationTargetException
	at sun.reflect.NativeConstructorAccessorImpl.newInstance0(Native Method)
	at sun.reflect.NativeConstructorAccessorImpl.newInstance(NativeConstructorAccessorImpl.java:62)
	at sun.reflect.DelegatingConstructorAccessorImpl.newInstance(DelegatingConstructorAccessorImpl.java:45)
	at java.lang.reflect.Constructor.newInstance(Constructor.java:423)
	at ptolemy.util.test.junit.AutoKnownFailedTests.RunModel(AutoKnownFailedTests.java:107)
	at sun.reflect.NativeMethodAccessorImpl.invoke0(Native Method)
	at sun.reflect.NativeMethodAccessorImpl.invoke(NativeMethodAccessorImpl.java:62)
	at sun.reflect.DelegatingMethodAccessorImpl.invoke(DelegatingMethodAccessorImpl.java:43)
	at java.lang.reflect.Method.invoke(Method.java:498)
	at org.junit.runners.model.FrameworkMethod$1.runReflectiveCall(FrameworkMethod.java:44)
	at org.junit.internal.runners.model.ReflectiveCallable.run(ReflectiveCallable.java:15)
	at org.junit.runners.model.FrameworkMethod.invokeExplosively(FrameworkMethod.java:41)
	at junitparams.internal.InvokeParameterisedMethod.evaluate(InvokeParameterisedMethod.java:102)
	at org.junit.internal.runners.statements.FailOnTimeout$1.run(FailOnTimeout.java:28)
Caused by: ptolemy.kernel.util.IllegalActionException: TypeTest actor has no training data.
  in .sizedarray3.TypeTest
	at ptolemy.actor.lib.TypeTest.initialize(TypeTest.java:250)
	at ptolemy.actor.Director.initialize(Director.java:938)
	at ptolemy.actor.Director.initialize(Director.java:907)
	at ptolemy.actor.sched.StaticSchedulingDirector.initialize(StaticSchedulingDirector.java:159)
	at ptolemy.domains.sdf.kernel.SDFDirector.initialize(SDFDirector.java:544)
	at ptolemy.actor.CompositeActor.initialize(CompositeActor.java:935)
	at ptolemy.actor.Manager.initialize(Manager.java:724)
	at ptolemy.actor.Manager.execute(Manager.java:356)
	at ptolemy.actor.Manager.run(Manager.java:1263)
	at ptolemy.actor.Manager$PtolemyRunThread.run(Manager.java:1915)
ptolemy.kernel.util.InternalErrorException: Exec Stdout Gobbler-4: Failed while reading from java.lang.UNIXProcess$ProcessPipeInputStream@565c22b5. To avoid this, try setting the ignoreIOExceptionReadErrors parameter to true.null
  in .ExecEnvironment.Exec
Because:
Stream closed
	at ptolemy.actor.lib.Exec$_StreamReaderThread._read(Exec.java:762)
	at ptolemy.actor.lib.Exec$_StreamReaderThread.run(Exec.java:706)
Caused by: java.io.IOException: Stream closed
	at sun.nio.cs.StreamDecoder.ensureOpen(StreamDecoder.java:46)
	at sun.nio.cs.StreamDecoder.read(StreamDecoder.java:148)
	at java.io.InputStreamReader.read(InputStreamReader.java:184)
	at ptolemy.actor.lib.Exec$_StreamReaderThread._read(Exec.java:724)
	... 1 more
Caused by: java.io.IOException: Stream closed
	at sun.nio.cs.StreamDecoder.ensureOpen(StreamDecoder.java:46)
	at sun.nio.cs.StreamDecoder.read(StreamDecoder.java:148)
	at java.io.InputStreamReader.read(InputStreamReader.java:184)
	at ptolemy.actor.lib.Exec$_StreamReaderThread._read(Exec.java:724)
	at ptolemy.actor.lib.Exec$_StreamReaderThread.run(Exec.java:706)
ptolemy.kernel.util.InternalErrorException: Exec Stdout Gobbler-6: Failed while reading from java.lang.UNIXProcess$ProcessPipeInputStream@4d257e08. To avoid this, try setting the ignoreIOExceptionReadErrors parameter to true.null
  in .ExecEnvironment.Exec
Because:
Stream closed
	at ptolemy.actor.lib.Exec$_StreamReaderThread._read(Exec.java:762)
	at ptolemy.actor.lib.Exec$_StreamReaderThread.run(Exec.java:706)
Caused by: java.io.IOException: Stream closed
	at sun.nio.cs.StreamDecoder.ensureOpen(StreamDecoder.java:46)
	at sun.nio.cs.StreamDecoder.read(StreamDecoder.java:148)
	at java.io.InputStreamReader.read(InputStreamReader.java:184)
	at ptolemy.actor.lib.Exec$_StreamReaderThread._read(Exec.java:724)
	... 1 more
Caused by: java.io.IOException: Stream closed
	at sun.nio.cs.StreamDecoder.ensureOpen(StreamDecoder.java:46)
	at sun.nio.cs.StreamDecoder.read(StreamDecoder.java:148)
	at java.io.InputStreamReader.read(InputStreamReader.java:184)
	at ptolemy.actor.lib.Exec$_StreamReaderThread._read(Exec.java:724)
	at ptolemy.actor.lib.Exec$_StreamReaderThread.run(Exec.java:706)
]]></system-err>
</testsuite>
