<?xml version="1.0" encoding="UTF-8" ?>
<testsuite errors="0" failures="1" hostname="travis-job-a32c4a5c-db9d-45e2-a604-ddd4c79273de" name="ptolemy.actor.lib.test.junit.JUnitTclTest" skipped="0" tests="517" time="63.398" timestamp="2019-10-20T06:04:24">
  <properties>
    <property name="npm.executable" value="npm" />
    <property name="env.TRAVIS_ROOT" value="/" />
    <property name="ptII.mk.exists" value="true" />
    <property name="env.TRAVIS_APP_HOST" value="build.travis-ci.org" />
    <property name="env.rvm_bin_path" value="/home/travis/.rvm/bin" />
    <property name="java.home" value="/usr/local/lib/jvm/openjdk11" />
    <property name="env.TRAVIS_JOB_NUMBER" value="1369.8" />
    <property name="env.TRAVIS_HOME" value="/home/travis" />
    <property name="env.DISPLAY" value=":99.0" />
    <property name="env.TRAVIS_INIT" value="systemd" />
    <property name="env.SSH_TTY" value="/dev/pts/0" />
    <property name="java.net.preferIPv4Stack" value="true" />
    <property name="env.RUN_TESTS" value="true" />
    <property name="timeout.short" value="1000000" />
    <property name="junit.formatter" value="xml" />
    <property name="env.TRAVIS_SUDO" value="true" />
    <property name="env.TRAVIS_JOB_NAME" value="" />
    <property name="env.TRAVIS_STACK_NODE_ATTRIBUTES" value="/.node-attributes.yml" />
    <property name="env.LOGNAME" value="travis" />
    <property name="env.PT_TRAVIS_TEST_CORE1_XML" value="true" />
    <property name="jsdoc.home" value="node_modules/@terraswarm/jsdoc" />
    <property name="debuglevel" value="source,lines,vars" />
    <property name="checkstyle.formatter" value="xml" />
    <property name="env._system_version" value="16.04" />
    <property name="bin.vergil.makeable" value="true" />
    <property name="sun.os.patch.level" value="unknown" />
    <property name="java.vendor.url" value="http://java.oracle.com/" />
    <property name="env.TRAVIS_BUILD_WEB_URL" value="https://travis-ci.org/icyphy/ptII/builds/600237986" />
    <property name="java.version" value="11.0.2" />
    <property name="env.TZ" value="UTC" />
    <property name="env.TRAVIS_PULL_REQUEST_SHA" value="" />
    <property name="env.PT_NO_NET" value="true" />
    <property name="env.TRAVIS_SECURE_ENV_VARS" value="true" />
    <property name="env._system_type" value="Linux" />
    <property name="java.vendor.url.bug" value="http://bugreport.java.com/bugreport/" />
    <property name="npmjs-org-is-up" value="true" />
    <property name="env.LANGUAGE" value="en_US.UTF-8" />
    <property name="env.SSH_CLIENT" value="10.16.7.12 55392 22" />
    <property name="env.GEM_HOME" value="/home/travis/.rvm/gems/ruby-2.5.3" />
    <property name="env.HAS_ANTARES_THREE_LITTLE_FRONZIES_BADGE" value="true" />
    <property name="java.version.date" value="2019-01-15" />
    <property name="env.PS4" value="+" />
    <property name="ant.project.invoked-targets" value="build,test.core1.xml" />
    <property name="env.TRAVIS_PULL_REQUEST_BRANCH" value="" />
    <property name="env.TRAVIS_REPO_SLUG" value="icyphy/ptII" />
    <property name="env.XDG_DATA_DIRS" value="/usr/local/share:/usr/share:/var/lib/snapd/desktop" />
    <property name="jdk.debug" value="release" />
    <property name="env.TRAVIS_APT_PROXY" value="http://apt.cache.travis-ci.com" />
    <property name="node.in.path" value="true" />
    <property name="user.name" value="travis" />
    <property name="java.maxmemory" value="1400m" />
    <property name="env.RUBY_VERSION" value="ruby-2.5.3" />
    <property name="env.LANG" value="en_US.UTF-8" />
    <property name="sun.io.unicode.encoding" value="UnicodeLittle" />
    <property name="sun.jnu.encoding" value="UTF-8" />
    <property name="java.runtime.name" value="OpenJDK Runtime Environment" />
    <property name="usefile" value="false" />
    <property name="return.code" value="0" />
    <property name="junit.single.formatter" value="plain" />
    <property name="env.DYLD_LIBRARY_PATH" value="/home/travis/pthla/certi-tools/lib:" />
    <property name="env.DEBIAN_FRONTEND" value="noninteractive" />
    <property name="env.SSH_CONNECTION" value="10.16.7.12 55392 10.20.0.247 22" />
    <property name="env.MYSQL_UNIX_PORT" value="/var/run/mysqld/mysqld.sock" />
    <property name="env.LC_ALL" value="en_US.UTF-8" />
    <property name="env.TRAVIS_ALLOW_FAILURE" value="false" />
    <property name="env.TRAVIS_JOB_WEB_URL" value="https://travis-ci.org/icyphy/ptII/jobs/600237994" />
    <property name="java.specification.name" value="Java Platform API Specification" />
    <property name="node.works" value="true" />
    <property name="user.timezone" value="" />
    <property name="path.separator" value=":" />
    <property name="env.TRAVIS_ENABLE_INFRA_DETECTION" value="true" />
    <property name="env.PYTHON_CFLAGS" value="-g -fstack-protector --param=ssp-buffer-size=4 -Wformat -Werror=format-security" />
    <property name="timeout.long" value="4000000" />
    <property name="env.CERTI_HOME" value="/home/travis/pthla/certi-tools" />
    <property name="ant.file.ptII" value="/home/travis/build/icyphy/ptII/build.xml" />
    <property name="javadoc.packagenames" value="com.*,diva.*,lbnl.*,org.hlacerti.*,org.json.*,org.ptolemy.*,org.terraswarm.*,ptolemy.*,ptserver.*" />
    <property name="file.encoding" value="UTF-8" />
    <property name="env.TRAVIS_PULL_REQUEST_SLUG" value="" />
    <property name="ant.project.default-target" value="build" />
    <property name="env.GIT_ASKPASS" value="echo" />
    <property name="env.HOME" value="/home/travis" />
    <property name="sun.java.command" value="org.apache.tools.ant.taskdefs.optional.junit.JUnitTestRunner ptolemy.actor.lib.test.junit.JUnitTclTest skipNonTests=false filtertrace=true haltOnError=false haltOnFailure=false formatter=org.apache.tools.ant.taskdefs.optional.junit.OutErrSummaryJUnitResultFormatter showoutput=true outputtoformatters=true logfailedtests=true threadid=0 logtestlistenerevents=false formatter=org.apache.tools.ant.taskdefs.optional.junit.XMLJUnitResultFormatter,/home/travis/build/icyphy/ptII/reports/junit/TEST-ptolemy.actor.lib.test.junit.JUnitTclTest.xml crashfile=/home/travis/build/icyphy/ptII/junitvmwatcher4988808559635554063.properties propsfile=/home/travis/build/icyphy/ptII/junit2954499258115271550.properties" />
    <property name="env.COMPOSER_NO_INTERACTION" value="1" />
    <property name="env.MANPATH" value="/home/travis/.nvm/versions/node/v7.10.1/share/man:/home/travis/.rvm/rubies/ruby-2.5.3/share/man:/usr/local/cmake-3.12.4/man:/usr/local/clang-7.0.0/share/man:/usr/local/man:/usr/local/share/man:/usr/share/man:/home/travis/.rvm/man" />
    <property name="env.TRAVIS_TIMER_ID" value="04c066d4" />
    <property name="ant.file" value="/home/travis/build/icyphy/ptII/build.xml" />
    <property name="env.TRAVIS_COMMIT_RANGE" value="88f03a27763bfaa83d68e8c126d7dc69b4b351f6...948bf656f66248ff65af09b7e6cc9885ef1f544d" />
    <property name="env._system_name" value="Ubuntu" />
    <property name="ptII.classpath.optional.property" value="/home/travis/build/icyphy/ptII/lib/bsh-2.0b4.jar:/home/travis/build/icyphy/ptII/lib/ptCal.jar:/home/travis/build/icyphy/ptII/lib/java_cup.jar:/home/travis/build/icyphy/ptII/lib/saxon8.jar:/home/travis/build/icyphy/ptII/lib/saxon8-dom.jar:/home/travis/build/icyphy/ptII/lib/chic.jar:/home/travis/build/icyphy/ptII/lib/ptcolt.jar:/home/travis/build/icyphy/ptII/vendors/misc/itext/iText.jar:/home/travis/build/icyphy/ptII/lib/g4ltl.jar:/home/travis/build/icyphy/ptII/lib/StructuralCoder.jar:/home/travis/build/icyphy/ptII/lib/jcerti.jar:/home/travis/build/icyphy/ptII/lib/javax.mail.jar:/home/travis/build/icyphy/ptII/vendors/JMF-2.1.1e/lib/jmf.jar:/home/travis/build/icyphy/ptII/lib/jna-4.0.0-variadic.jar:/home/travis/build/icyphy/ptII/vendors/misc/joystick/Joystick.jar:/home/travis/build/icyphy/ptII/lib/ptjacl.jar:/home/travis/build/icyphy/ptII/lib/jsoup-1.8.2.jar:/home/travis/build/icyphy/ptII/lib/junit-4.8.2.jar:/home/travis/build/icyphy/ptII/lib/JUnitParams-0.4.0.jar:/home/travis/build/icyphy/ptII/ptolemy/actor/lib/excel/jxl.jar:/home/travis/build/icyphy/ptII/lib/jython.jar:/home/travis/build/icyphy/ptII/lib/kieler.jar:/home/travis/build/icyphy/ptII/vendors/opencv/share/OpenCV/java/opencv-341.jar:/home/travis/build/icyphy/ptII/lib/oscP5.jar:/home/travis/build/icyphy/ptII/lib/nrjavaserial-3.11.0.devel.jar:/home/travis/build/icyphy/ptII/vendors/j3d/lib/Linux/j3dcore.jar:/home/travis/build/icyphy/ptII/vendors/j3d/lib/Linux/j3dutils.jar:/home/travis/build/icyphy/ptII/vendors/j3d/lib/Linux/vecmath.jar:/home/travis/build/icyphy/ptII/vendors/jogl/lib/Linux/gluegen-rt-natives-linux-amd64.jar:/home/travis/build/icyphy/ptII/vendors/jogl/lib/Linux/gluegen-rt.jar:/home/travis/build/icyphy/ptII/vendors/jogl/lib/Linux/jogl-all-natives-linux-amd64.jar:/home/travis/build/icyphy/ptII/vendors/jogl/lib/Linux/jogl-all.jar:/home/travis/build/icyphy/ptII/ptolemy/distributed/jini/jar/jini-core.jar:/home/travis/build/icyphy/ptII/ptolemy/distributed/jini/jar/jini-ext.jar:/home/travis/build/icyphy/ptII/ptolemy/distributed/jini/jar/sun-util.jar:/home/travis/build/icyphy/ptII/lib/protobuf-java-2.4.1.jar:/home/travis/build/icyphy/ptII/lib/org.eclipse.paho.client.mqttv3.jar:/home/travis/build/icyphy/ptII/lib/mapss.jar:/home/travis/build/icyphy/ptII/ptolemy/actor/ptalon/antlr/antlr.jar:/home/travis/build/icyphy/ptII/lib/JRI.jar:/home/travis/build/icyphy/ptII/lib/commons-lang-2.6.jar:/home/travis/build/icyphy/ptII/lib/commons-logging-1.1.1.jar:/home/travis/build/icyphy/ptII/lib/sootclasses.jar:/home/travis/build/icyphy/ptII/ptolemy/actor/lib/database/mysql-connector-java-5.1.6-bin.jar:/home/travis/build/icyphy/ptII/vendors/misc/sphinx4/sphinx4-data-5prealpha.jar:/home/travis/build/icyphy/ptII/vendors/misc/sphinx4/sphinx4-core-5prealpha.jar:/home/travis/build/icyphy/ptII/lib/PDFRenderer.jar:/home/travis/build/icyphy/ptII/lib/svgSalamander.jar:/home/travis/build/icyphy/ptII/lib/rsyntaxtextarea-2.6.0-SNAPSHOT.jar:/home/travis/build/icyphy/ptII/lib/hazelcast-3.8.2.jar:/home/travis/build/icyphy/ptII/lib/jackson-annotations-2.9.0.jar:/home/travis/build/icyphy/ptII/lib/jackson-core-2.9.3.jar:/home/travis/build/icyphy/ptII/lib/jackson-databind-2.9.3.jar:/home/travis/build/icyphy/ptII/lib/netty-buffer-4.1.19.Final.jar:/home/travis/build/icyphy/ptII/lib/netty-codec-4.1.19.Final.jar:/home/travis/build/icyphy/ptII/lib/netty-codec-dns-4.1.19.Final.jar:/home/travis/build/icyphy/ptII/lib/netty-codec-http-4.1.19.Final.jar:/home/travis/build/icyphy/ptII/lib/netty-codec-http2-4.1.19.Final.jar:/home/travis/build/icyphy/ptII/lib/netty-common-4.1.19.Final.jar:/home/travis/build/icyphy/ptII/lib/netty-handler-4.1.19.Final.jar:/home/travis/build/icyphy/ptII/lib/netty-resolver-4.1.19.Final.jar:/home/travis/build/icyphy/ptII/lib/netty-resolver-dns-4.1.19.Final.jar:/home/travis/build/icyphy/ptII/lib/netty-transport-4.1.19.Final.jar:/home/travis/build/icyphy/ptII/lib/vertx-codegen-3.5.1.jar:/home/travis/build/icyphy/ptII/lib/vertx-core-3.5.2-SNAPSHOT.jar:/home/travis/build/icyphy/ptII/lib/vertx-hazelcast-3.5.1.jar:/home/travis/build/icyphy/ptII/lib/vertx-lang-js-3.5.1.jar:/home/travis/build/icyphy/ptII/lib/vertx-service-proxy-3.5.1.jar:/home/travis/build/icyphy/ptII/lib/vertx-web-3.5.1.jar:/home/travis/build/icyphy/ptII/lib/slf4j-api-1.7.13.jar:/home/travis/build/icyphy/ptII/lib/slf4j-simple-1.7.13.jar:/home/travis/build/icyphy/ptII/lib/webcam-capture-0.3.12.jar:/home/travis/build/icyphy/ptII/lib/bridj-0.7.0.jar:/home/travis/build/icyphy/ptII/lib/xbjlib-1.1.0.nrjavaserial.jar" />
    <property name="timeout" value="2400000" />
    <property name="test.batch" value="**/junit/*.java" />
    <property name="env._" value="/usr/bin/timeout" />
    <property name="java.io.tmpdir" value="/tmp" />
    <property name="user.language" value="en" />
    <property name="env.TRAVIS_INTERNAL_RUBY_REGEX" value="^ruby-(2\.[0-4]\.[0-9]|1\.9\.3)" />
    <property name="env.HISTCONTROL" value="ignoredups:ignorespace" />
    <property name="env.GOROOT" value="/home/travis/.gimme/versions/go1.11.1.linux.amd64" />
    <property name="line.separator" value="&#xa;" />
    <property name="target" value="11" />
    <property name="env.TRAVIS_BUILD_DIR" value="/home/travis/build/icyphy/ptII" />
    <property name="env.ANT_OPTS" value="-Xmx2048m" />
    <property name="ant.file.type" value="file" />
    <property name="ptolemy.ptII.batchMode" value="true" />
    <property name="env.HISTSIZE" value="1000" />
    <property name="env.MERB_ENV" value="test" />
    <property name="java.vm.info" value="mixed mode" />
    <property name="source" value="11" />
    <property name="java.vm.specification.name" value="Java Virtual Machine Specification" />
    <property name="env.TRAVIS_TEST_RESULT" value="0" />
    <property name="jsdoc.command" value="node_modules/@terraswarm/jsdoc/jsdoc.js" />
    <property name="npm.works" value="true" />
    <property name="cobertura.dir" value="/home/travis/build/icyphy/ptII/vendors/cobertura-2.0.3" />
    <property name="jsdoc.command.exists" value="true" />
    <property name="env.rvm_path" value="/home/travis/.rvm" />
    <property name="env.GEM_PATH" value="/home/travis/.rvm/gems/ruby-2.5.3:/home/travis/.rvm/gems/ruby-2.5.3@global" />
    <property name="env.LC_CTYPE" value="en_US.UTF-8" />
    <property name="env.TRAVIS_CMD" value="$PTII/bin/ptIITravisBuild.sh $SECONDS" />
    <property name="java.awt.printerjob" value="sun.print.PSPrinterJob" />
    <property name="env.TRAVIS_STACK_NAME" value="sardonyx" />
    <property name="env.TRAVIS_TIMER_START_TIME" value="1571550816021410677" />
    <property name="ant.version" value="Apache Ant(TM) version 1.10.1 compiled on February 2 2017" />
    <property name="ptII.reports" value="/home/travis/build/icyphy/ptII/reports" />
    <property name="env.TRAVIS_STACK_TIMESTAMP" value="2019-03-25 16:16:56 UTC" />
    <property name="ant.file.type.ptII" value="file" />
    <property name="env.RBENV_SHELL" value="bash" />
    <property name="os.name" value="Linux" />
    <property name="java.specification.vendor" value="Oracle Corporation" />
    <property name="env.rvm_version" value="1.29.7 (latest)" />
    <property name="env.TRAVIS_INFRA" value="gce" />
    <property name="env.TERM" value="xterm" />
    <property name="java.vm.name" value="OpenJDK 64-Bit Server VM" />
    <property name="env.TRAVIS_BUILD_NUMBER" value="1369" />
    <property name="env.CI" value="true" />
    <property name="java.library.path" value="/home/travis/pthla/certi-tools/lib:/usr/lib/jni:/usr/local/share/OpenCV/java/:/usr/share/OpenCV/java::/usr/java/packages/lib:/usr/lib64:/lib64:/lib:/usr/lib" />
    <property name="jdk.module.path" value="/home/travis/build/icyphy/ptII/vendors/javafx/javafx-sdk-11.0.2/lib:" />
    <property name="env.rvm_prefix" value="/home/travis" />
    <property name="env.PATH" value="/home/travis/pthla/certi-tools/share/scripts:/home/travis/.rvm/gems/ruby-2.5.3/bin:/home/travis/.rvm/gems/ruby-2.5.3@global/bin:/home/travis/.rvm/rubies/ruby-2.5.3/bin:/home/travis/.rvm/bin:/home/travis/.nvm/versions/node/v7.10.1/bin:./node_modules/.bin:/home/travis/build/icyphy/ptII/bin:/home/travis/pthla/certi-tools/bin:/home/travis/bin:/home/travis/.local/bin:/usr/local/lib/jvm/openjdk11/bin:/opt/pyenv/shims:/home/travis/.phpenv/shims:/home/travis/perl5/perlbrew/bin:/home/travis/gopath/bin:/home/travis/.gimme/versions/go1.11.1.linux.amd64/bin:/usr/local/maven-3.6.0/bin:/usr/local/cmake-3.12.4/bin:/usr/local/clang-7.0.0/bin:/usr/local/sbin:/usr/local/bin:/usr/sbin:/usr/bin:/sbin:/bin:/snap/bin:/home/travis/.phpenv/bin:/opt/pyenv/bin:/home/travis/.yarn/bin" />
    <property name="env.TRAVIS_OS_NAME" value="linux" />
    <property name="ant.java.version" value="9" />
    <property name="basedir" value="/home/travis/build/icyphy/ptII" />
    <property name="java.class.version" value="55.0" />
    <property name="env.SHLVL" value="3" />
    <property name="env.LD_LIBRARY_PATH" value="/home/travis/pthla/certi-tools/lib:/usr/lib/jni:/usr/local/share/OpenCV/java/:/usr/share/OpenCV/java:" />
    <property name="env.RACK_ENV" value="test" />
    <property name="ant.home" value="/home/travis/build/icyphy/ptII/ant" />
    <property name="env.NVM_DIR" value="/home/travis/.nvm" />
    <property name="env.CERTI_FOM_PATH" value="/home/travis/pthla/certi-tools/share/federations" />
    <property name="env.TRAVIS_BUILD_ID" value="600237986" />
    <property name="env.PYENV_ROOT" value="/opt/pyenv" />
    <property name="env.TRAVIS_UID" value="2000" />
    <property name="prism.verbose" value="true" />
    <property name="env.NVM_BIN" value="/home/travis/.nvm/versions/node/v7.10.1/bin" />
    <property name="env.TRAVIS_COMMIT" value="948bf656f66248ff65af09b7e6cc9885ef1f544d" />
    <property name="env._system_arch" value="x86_64" />
    <property name="node.executable" value="node" />
    <property name="sun.boot.library.path" value="/usr/local/lib/jvm/openjdk11/lib" />
    <property name="sun.management.compiler" value="HotSpot 64-Bit Tiered Compilers" />
    <property name="java.awt.graphicsenv" value="sun.awt.X11GraphicsEnvironment" />
    <property name="env.GOPATH" value="/home/travis/gopath" />
    <property name="ptolemy.ptII.dir" value="/home/travis/build/icyphy/ptII" />
    <property name="env.USER" value="travis" />
    <property name="env.HISTFILESIZE" value="2000" />
    <property name="timeout.longest" value="19000000" />
    <property name="env.PERLBREW_SHELLRC_VERSION" value="0.86" />
    <property name="env.TRAVIS_STACK_FEATURES" value="basic couchdb disabled-ipv6 docker docker-compose elasticsearch firefox go-toolchain google-chrome jdk memcached mongodb mysql nodejs_interpreter perl_interpreter perlbrew phantomjs postgresql python_interpreter redis ruby_interpreter sqlite xserver" />
    <property name="env.TRAVIS_PULL_REQUEST" value="false" />
    <property name="env.PYENV_SHELL" value="bash" />
    <property name="ant.project.name" value="ptII" />
    <property name="env.ANSI_RESET" value="\033[0m" />
    <property name="java.vm.specification.version" value="11" />
    <property name="env.TRAVIS_DIST" value="xenial" />
    <property name="env.CERTI_VERSION" value="4.0.0" />
    <property name="env.CERTI_HOST" value="localhost" />
    <property name="awt.toolkit" value="sun.awt.X11.XToolkit" />
    <property name="env.MY_RUBY_HOME" value="/home/travis/.rvm/rubies/ruby-2.5.3" />
    <property name="sun.cpu.isalist" value="" />
    <property name="env.TRAVIS_TMPDIR" value="/tmp/tmp.IfZFf279gJ" />
    <property name="java.vm.compressedOopsMode" value="Zero based" />
    <property name="os.version" value="4.15.0-1028-gcp" />
    <property name="user.home" value="/home/travis" />
    <property name="java.vm.vendor" value="Oracle Corporation" />
    <property name="env.TRAVIS_TAG" value="nightly" />
    <property name="env.ANSI_YELLOW" value="\033[33;1m" />
    <property name="env.TRAVIS_FILTERED" value="redirect_io" />
    <property name="env.ANSI_GREEN" value="\033[32;1m" />
    <property name="env.JAVA_HOME" value="/usr/local/lib/jvm/openjdk11" />
    <property name="javadoc.excludepackagenames" value="adm.cvs2svn.*,build.*,config.*,doc.coding.templates.*,jni.test.jni.meaningOfLife.*,jni.test.jni.testDeux.*,jni.test.jni.testTrois.*,org.terraswarm.accessor.accessors.web.node_modules.*,org.terraswarm.accessor.accessors.web.hosts.cordova.demo.*,org.terraswarm.accessor.accessors.web.hosts.cordova.plugins.*,org.terraswarm.accessor.accessors-svn.*,pt-modules.*,ptolemy.apps.agilent.*,ptolemy.apps.anytimecontrol.*,ptolemy.apps.apes.*,ptolemy.apps.charon.*,ptolemy.apps.crazyboard.*,ptolemy.apps.eclipse.*,ptolemy.apps.etherealSting.*,ptolemy.apps.fullscreen.*,ptolemy.apps.giotto.*,ptolemy.apps.ia.*,ptolemy.apps.interfaces.*,ptolemy.apps.jmf.*,ptolemy.apps.kurt.*,ptolemy.apps.kvm.*,ptolemy.apps.lego.*,ptolemy.apps.lejos.*,ptolemy.apps.midp.*,ptolemy.apps.mobileCoding.*,ptolemy.apps.pendulum.*,ptolemy.apps.rijndael.*,ptolemy.apps.robot.*,ptolemy.apps.security.*,ptolemy.apps.sobel.*,ptolemy.apps.soot.*,ptolemy.apps.throttle.*,ptolemy.apps.tini.*,ptolemy.apps.transmission.*,ptolemy.apps.vergil.*,ptolemy.apps.waba.*,ptolemy.apps.websensor.*,ptolemy.apps.webstart.*,ptolemy.apps.xsl.*,ptolemy.apps.zaurus.*,ptolemy.codegen.c.actor.lib.oldJavaFiles.*,ptolemy.codegen.dsp.lib.*,ptolemy.codegen.kernel.newInterfaces.*,ptolemy.codegen.lib.*,ptolemy.copernicus.kernel.fragment.*,ptolemy.copernicus.shallow.cg.*,ptolemy.domains.giotto.demo.Hierarchy.Hierarchy.*,ptolemy.domains.giotto.demo.Multimode.Multimode.*,ptolemy.domains.giotto.demo.Simple.Simple.*,ptolemy.domains.gr.lib.experimental.*,ptolemy.domains.gro.*,ptolemy.domains.pdf.*,ptolemy.domains.ptinyos.demo.Surge.output.*,ptolemy.moml.test.NoPackageActor.java*,ptolemy.plot.adm.*,ptolemy.plot.servlet.*,reports.*,signed.*,src.*,target.*,vendors.*,ptolemy.copernicus.applet.*,ptolemy.media.viewer.*,ptolemy.actor.corba.*,doc.doclets.*,ptolemy.apps.eclipse.awt.*,ptolemy.backtrack.*,ptolemy.backtrack.ast.*,ptolemy.cg.adapter.generic.program.procedural.c.mbed*,ptolemy.homer.*,ptolemy.actor.lib.jai.*,org.ptolemy.scala.*,diva.util.java2d.svg.*,ptolemy.domains.ptinyos.*,ptolemy.actor.lib.fmi.fmipp.*,,org.terraswarm.accessor.accessors.web.node_modules.*,org.terraswarm.accessor.accessors-svn,ptolemy.apps.*,ptolemy.actor.ptalon.demo.ptinyos.SendAndReceiveCnt.output,ptolemy.actor.ptalon.demo.ptinyos.SenseToLeds.output,ptolemy.domains.ptinyos.demo.CntToLedsAndRfm.output,ptolemy.domains.ptinyos.demo.RfmToLeds.output,ptolemy.domains.ptinyos.demo.SendAndReceiveCnt.output,ptolemy.domains.ptinyos.demo.SenseToLeds.output,ptolemy.actor.lib.jjs.modules.udpSocket.*" />
    <property name="env.PTII" value="/home/travis/build/icyphy/ptII" />
    <property name="env.XDG_SESSION_ID" value="2" />
    <property name="keystore" value="ptKeystore" />
    <property name="env.TRAVIS_COMMIT_MESSAGE" value="Updating org.hlacerti.models.StaticMultiInstanceJoker." />
    <property name="junit.output.dir" value="/home/travis/build/icyphy/ptII/reports/junit" />
    <property name="npm.return.code" value="0" />
    <property name="user.dir" value="/home/travis/build/icyphy/ptII/ptolemy/actor/lib/test" />
    <property name="env.TRAVIS_NODE_VERSION" value="7" />
    <property name="env.TRAVIS_EVENT_TYPE" value="cron" />
    <property name="env.MAIL" value="/var/mail/travis" />
    <property name="env.PERLBREW_ROOT" value="/home/travis/perl5/perlbrew" />
    <property name="env.PWD" value="/home/travis/build/icyphy/ptII" />
    <property name="timeout.npm" value="45000" />
    <property name="env.TRAVIS_ARCH" value="amd64" />
    <property name="sun.cpu.endian" value="little" />
    <property name="env.PAGER" value="cat" />
    <property name="env.TRAVIS_BUILD_STAGE_NAME" value="Test" />
    <property name="env.PERLBREW_HOME" value="/home/travis/.perlbrew" />
    <property name="java.vm.version" value="11.0.2+9" />
    <property name="env.RAILS_ENV" value="test" />
    <property name="java.class.path" value="/home/travis/.ptolemyII:/home/travis/.ptolemyII/*:/home/travis/build/icyphy/ptII:/home/travis/build/icyphy/ptII/lib/bsh-2.0b4.jar:/home/travis/build/icyphy/ptII/lib/ptCal.jar:/home/travis/build/icyphy/ptII/lib/java_cup.jar:/home/travis/build/icyphy/ptII/lib/saxon8.jar:/home/travis/build/icyphy/ptII/lib/saxon8-dom.jar:/home/travis/build/icyphy/ptII/lib/chic.jar:/home/travis/build/icyphy/ptII/lib/ptcolt.jar:/home/travis/build/icyphy/ptII/vendors/misc/itext/iText.jar:/home/travis/build/icyphy/ptII/lib/g4ltl.jar:/home/travis/build/icyphy/ptII/lib/StructuralCoder.jar:/home/travis/build/icyphy/ptII/lib/jcerti.jar:/home/travis/build/icyphy/ptII/lib/javax.mail.jar:/home/travis/build/icyphy/ptII/vendors/JMF-2.1.1e/lib/jmf.jar:/home/travis/build/icyphy/ptII/lib/jna-4.0.0-variadic.jar:/home/travis/build/icyphy/ptII/vendors/misc/joystick/Joystick.jar:/home/travis/build/icyphy/ptII/lib/ptjacl.jar:/home/travis/build/icyphy/ptII/lib/jsoup-1.8.2.jar:/home/travis/build/icyphy/ptII/lib/junit-4.8.2.jar:/home/travis/build/icyphy/ptII/lib/JUnitParams-0.4.0.jar:/home/travis/build/icyphy/ptII/ptolemy/actor/lib/excel/jxl.jar:/home/travis/build/icyphy/ptII/lib/jython.jar:/home/travis/build/icyphy/ptII/lib/kieler.jar:/home/travis/build/icyphy/ptII/vendors/opencv/share/OpenCV/java/opencv-341.jar:/home/travis/build/icyphy/ptII/lib/oscP5.jar:/home/travis/build/icyphy/ptII/lib/nrjavaserial-3.11.0.devel.jar:/home/travis/build/icyphy/ptII/vendors/j3d/lib/Linux/j3dcore.jar:/home/travis/build/icyphy/ptII/vendors/j3d/lib/Linux/j3dutils.jar:/home/travis/build/icyphy/ptII/vendors/j3d/lib/Linux/vecmath.jar:/home/travis/build/icyphy/ptII/vendors/jogl/lib/Linux/gluegen-rt-natives-linux-amd64.jar:/home/travis/build/icyphy/ptII/vendors/jogl/lib/Linux/gluegen-rt.jar:/home/travis/build/icyphy/ptII/vendors/jogl/lib/Linux/jogl-all-natives-linux-amd64.jar:/home/travis/build/icyphy/ptII/vendors/jogl/lib/Linux/jogl-all.jar:/home/travis/build/icyphy/ptII/ptolemy/distributed/jini/jar/jini-core.jar:/home/travis/build/icyphy/ptII/ptolemy/distributed/jini/jar/jini-ext.jar:/home/travis/build/icyphy/ptII/ptolemy/distributed/jini/jar/sun-util.jar:/home/travis/build/icyphy/ptII/lib/protobuf-java-2.4.1.jar:/home/travis/build/icyphy/ptII/lib/org.eclipse.paho.client.mqttv3.jar:/home/travis/build/icyphy/ptII/lib/mapss.jar:/home/travis/build/icyphy/ptII/ptolemy/actor/ptalon/antlr/antlr.jar:/home/travis/build/icyphy/ptII/lib/JRI.jar:/home/travis/build/icyphy/ptII/lib/commons-lang-2.6.jar:/home/travis/build/icyphy/ptII/lib/commons-logging-1.1.1.jar:/home/travis/build/icyphy/ptII/lib/sootclasses.jar:/home/travis/build/icyphy/ptII/ptolemy/actor/lib/database/mysql-connector-java-5.1.6-bin.jar:/home/travis/build/icyphy/ptII/vendors/misc/sphinx4/sphinx4-data-5prealpha.jar:/home/travis/build/icyphy/ptII/vendors/misc/sphinx4/sphinx4-core-5prealpha.jar:/home/travis/build/icyphy/ptII/lib/PDFRenderer.jar:/home/travis/build/icyphy/ptII/lib/svgSalamander.jar:/home/travis/build/icyphy/ptII/lib/rsyntaxtextarea-2.6.0-SNAPSHOT.jar:/home/travis/build/icyphy/ptII/lib/hazelcast-3.8.2.jar:/home/travis/build/icyphy/ptII/lib/jackson-annotations-2.9.0.jar:/home/travis/build/icyphy/ptII/lib/jackson-core-2.9.3.jar:/home/travis/build/icyphy/ptII/lib/jackson-databind-2.9.3.jar:/home/travis/build/icyphy/ptII/lib/netty-buffer-4.1.19.Final.jar:/home/travis/build/icyphy/ptII/lib/netty-codec-4.1.19.Final.jar:/home/travis/build/icyphy/ptII/lib/netty-codec-dns-4.1.19.Final.jar:/home/travis/build/icyphy/ptII/lib/netty-codec-http-4.1.19.Final.jar:/home/travis/build/icyphy/ptII/lib/netty-codec-http2-4.1.19.Final.jar:/home/travis/build/icyphy/ptII/lib/netty-common-4.1.19.Final.jar:/home/travis/build/icyphy/ptII/lib/netty-handler-4.1.19.Final.jar:/home/travis/build/icyphy/ptII/lib/netty-resolver-4.1.19.Final.jar:/home/travis/build/icyphy/ptII/lib/netty-resolver-dns-4.1.19.Final.jar:/home/travis/build/icyphy/ptII/lib/netty-transport-4.1.19.Final.jar:/home/travis/build/icyphy/ptII/lib/vertx-codegen-3.5.1.jar:/home/travis/build/icyphy/ptII/lib/vertx-core-3.5.2-SNAPSHOT.jar:/home/travis/build/icyphy/ptII/lib/vertx-hazelcast-3.5.1.jar:/home/travis/build/icyphy/ptII/lib/vertx-lang-js-3.5.1.jar:/home/travis/build/icyphy/ptII/lib/vertx-service-proxy-3.5.1.jar:/home/travis/build/icyphy/ptII/lib/vertx-web-3.5.1.jar:/home/travis/build/icyphy/ptII/lib/slf4j-api-1.7.13.jar:/home/travis/build/icyphy/ptII/lib/slf4j-simple-1.7.13.jar:/home/travis/build/icyphy/ptII/lib/webcam-capture-0.3.12.jar:/home/travis/build/icyphy/ptII/lib/bridj-0.7.0.jar:/home/travis/build/icyphy/ptII/lib/xbjlib-1.1.0.nrjavaserial.jar:/home/travis/build/icyphy/ptII/ptolemy/moml/test:/home/travis/build/icyphy/ptII/ant/lib/ant-launcher.jar:/home/travis/build/icyphy/ptII/ant/lib/ant.jar:/home/travis/build/icyphy/ptII/ant/lib/ant-junit.jar:/home/travis/build/icyphy/ptII/ant/lib/ant-junit4.jar" />
    <property name="ant.library.dir" value="/home/travis/build/icyphy/ptII/ant/lib" />
    <property name="os.arch" value="amd64" />
    <property name="env.CONTINUOUS_INTEGRATION" value="true" />
    <property name="env.TRAVIS_LANGUAGE" value="node_js" />
    <property name="env.TRAVIS_STACK_LANGUAGES" value="__sardonyx__ c c++ clojure cplusplus cpp default generic go groovy java node_js php pure_java python ruby scala" />
    <property name="test.name" value="ptolemy.actor.lib.test.junit.JUnitTclTest" />
    <property name="env.APT_KEY_DONT_WARN_ON_DANGEROUS_USAGE" value="1" />
    <property name="sun.java.launcher" value="SUN_STANDARD" />
    <property name="env.PYTHON_CONFIGURE_OPTS" value="--enable-unicode=ucs4 --with-wide-unicode --enable-shared --enable-ipv6 --enable-loadable-sqlite-extensions --with-computed-gotos" />
    <property name="ant.core.lib" value="/home/travis/build/icyphy/ptII/ant/lib/ant.jar" />
    <property name="java.vm.specification.vendor" value="Oracle Corporation" />
    <property name="env.BCVTB_HOME" value="/home/travis/build/icyphy/ptII/lbnl" />
    <property name="file.separator" value="/" />
    <property name="spotbugs.home" value="/home/travis/build/icyphy/ptII/vendors/spotbugs-3.1.1" />
    <property name="java.runtime.version" value="11.0.2+9" />
    <property name="env.ANSI_CLEAR" value="\033[0K" />
    <property name="javafx.verbose" value="true" />
    <property name="env.HAS_JOSH_K_SEAL_OF_APPROVAL" value="true" />
    <property name="env.XDG_RUNTIME_DIR" value="/run/user/2000" />
    <property name="env.TRAVIS_OSX_IMAGE" value="" />
    <property name="env.TRAVIS_JOB_ID" value="600237994" />
    <property name="env.TRAVIS_BRANCH" value="master" />
    <property name="user.country" value="US" />
    <property name="env.CERTI_HOME_TRAVIS" value="/home/travis/pthla/certi-tools" />
    <property name="env.SHELL" value="/bin/bash" />
    <property name="java.maxmemory.large" value="3200m" />
    <property name="model" value="" />
    <property name="env.CASHER_DIR" value="/home/travis/.casher" />
    <property name="env.NVM_CD_FLAGS" value="" />
    <property name="java.vendor.version" value="18.9" />
    <property name="jshint.executable" value="/home/travis/node_modules/jshint/bin/jshint" />
    <property name="env.JRUBY_OPTS" value=" --client -J-XX:+TieredCompilation -J-XX:TieredStopAtLevel=1 -J-Xss2m -Xcompile.invokedynamic=false" />
    <property name="java.vendor" value="Oracle Corporation" />
    <property name="env.TRAVIS_PRE_CHEF_BOOTSTRAP_TIME" value="2019-03-25T16:16:42" />
    <property name="env.TRAVIS_STACK_JOB_BOARD_REGISTER" value="/.job-board-register.yml" />
    <property name="env.ANSI_RED" value="\033[31;1m" />
    <property name="java.specification.version" value="11" />
    <property name="env.IRBRC" value="/home/travis/.rvm/rubies/ruby-2.5.3/.irbrc" />
    <property name="env.TRAVIS" value="true" />
    <property name="sun.arch.data.model" value="64" />
  </properties>
  <testcase classname="ptolemy.util.test.junit.TclTests" name="[0] /home/travis/build/icyphy/ptII/ptolemy/actor/lib/test/AbsoluteValue.tcl (RunTclFile)" time="0.572" />
  <testcase classname="ptolemy.util.test.junit.TclTests" name="[1] /home/travis/build/icyphy/ptII/ptolemy/actor/lib/test/AddSubtract.tcl (RunTclFile)" time="0.134" />
  <testcase classname="ptolemy.util.test.junit.TclTests" name="[2] /home/travis/build/icyphy/ptII/ptolemy/actor/lib/test/Average.tcl (RunTclFile)" time="0.068" />
  <testcase classname="ptolemy.util.test.junit.TclTests" name="[3] /home/travis/build/icyphy/ptII/ptolemy/actor/lib/test/Bernoulli.tcl (RunTclFile)" time="0.03" />
  <testcase classname="ptolemy.util.test.junit.TclTests" name="[4] /home/travis/build/icyphy/ptII/ptolemy/actor/lib/test/Clock.tcl (RunTclFile)" time="0.139" />
  <testcase classname="ptolemy.util.test.junit.TclTests" name="[5] /home/travis/build/icyphy/ptII/ptolemy/actor/lib/test/Commutator.tcl (RunTclFile)" time="0.166" />
  <testcase classname="ptolemy.util.test.junit.TclTests" name="[6] /home/travis/build/icyphy/ptII/ptolemy/actor/lib/test/Const.tcl (RunTclFile)" time="0.147" />
  <testcase classname="ptolemy.util.test.junit.TclTests" name="[7] /home/travis/build/icyphy/ptII/ptolemy/actor/lib/test/CurrentTime.tcl (RunTclFile)" time="0.059" />
  <testcase classname="ptolemy.util.test.junit.TclTests" name="[8] /home/travis/build/icyphy/ptII/ptolemy/actor/lib/test/DB.tcl (RunTclFile)" time="0.069" />
  <testcase classname="ptolemy.util.test.junit.TclTests" name="[9] /home/travis/build/icyphy/ptII/ptolemy/actor/lib/test/DiscreteRandomSource.tcl (RunTclFile)" time="0.064" />
  <testcase classname="ptolemy.util.test.junit.TclTests" name="[10] /home/travis/build/icyphy/ptII/ptolemy/actor/lib/test/Distributor.tcl (RunTclFile)" time="0.072" />
  <testcase classname="ptolemy.util.test.junit.TclTests" name="[11] /home/travis/build/icyphy/ptII/ptolemy/actor/lib/test/Exit.tcl (RunTclFile)" time="0.106" />
  <testcase classname="ptolemy.util.test.junit.TclTests" name="[12] /home/travis/build/icyphy/ptII/ptolemy/actor/lib/test/Expression.tcl (RunTclFile)" time="0.156" />
  <testcase classname="ptolemy.util.test.junit.TclTests" name="[13] /home/travis/build/icyphy/ptII/ptolemy/actor/lib/test/Gaussian.tcl (RunTclFile)" time="0.927" />
  <testcase classname="ptolemy.util.test.junit.TclTests" name="[14] /home/travis/build/icyphy/ptII/ptolemy/actor/lib/test/IIR.tcl (RunTclFile)" time="0.024" />
  <testcase classname="ptolemy.util.test.junit.TclTests" name="[15] /home/travis/build/icyphy/ptII/ptolemy/actor/lib/test/Interpolator.tcl (RunTclFile)" time="0.089" />
  <testcase classname="ptolemy.util.test.junit.TclTests" name="[16] /home/travis/build/icyphy/ptII/ptolemy/actor/lib/test/MathFunction.tcl (RunTclFile)" time="0.076" />
  <testcase classname="ptolemy.util.test.junit.TclTests" name="[17] /home/travis/build/icyphy/ptII/ptolemy/actor/lib/test/Maximum.tcl (RunTclFile)" time="0.028" />
  <testcase classname="ptolemy.util.test.junit.TclTests" name="[18] /home/travis/build/icyphy/ptII/ptolemy/actor/lib/test/Minimum.tcl (RunTclFile)" time="0.038" />
  <testcase classname="ptolemy.util.test.junit.TclTests" name="[19] /home/travis/build/icyphy/ptII/ptolemy/actor/lib/test/MultiplyDivide.tcl (RunTclFile)" time="0.038" />
  <testcase classname="ptolemy.util.test.junit.TclTests" name="[20] /home/travis/build/icyphy/ptII/ptolemy/actor/lib/test/OrderedMerge.tcl (RunTclFile)" time="0.111" />
  <testcase classname="ptolemy.util.test.junit.TclTests" name="[21] /home/travis/build/icyphy/ptII/ptolemy/actor/lib/test/Publisher.tcl (RunTclFile)" time="0.976" />
  <testcase classname="ptolemy.util.test.junit.TclTests" name="[22] /home/travis/build/icyphy/ptII/ptolemy/actor/lib/test/Pulse.tcl (RunTclFile)" time="0.089" />
  <testcase classname="ptolemy.util.test.junit.TclTests" name="[23] /home/travis/build/icyphy/ptII/ptolemy/actor/lib/test/Ramp.tcl (RunTclFile)" time="2.339" />
  <testcase classname="ptolemy.util.test.junit.TclTests" name="[24] /home/travis/build/icyphy/ptII/ptolemy/actor/lib/test/RampContinuous.tcl (RunTclFile)" time="0.017" />
  <testcase classname="ptolemy.util.test.junit.TclTests" name="[25] /home/travis/build/icyphy/ptII/ptolemy/actor/lib/test/RecordAssembler.tcl (RunTclFile)" time="0.042" />
  <testcase classname="ptolemy.util.test.junit.TclTests" name="[26] /home/travis/build/icyphy/ptII/ptolemy/actor/lib/test/RecordDisassembler.tcl (RunTclFile)" time="0.018" />
  <testcase classname="ptolemy.util.test.junit.TclTests" name="[27] /home/travis/build/icyphy/ptII/ptolemy/actor/lib/test/Scale.tcl (RunTclFile)" time="0.016" />
  <testcase classname="ptolemy.util.test.junit.TclTests" name="[28] /home/travis/build/icyphy/ptII/ptolemy/actor/lib/test/SequentialClock.tcl (RunTclFile)" time="0.011" />
  <testcase classname="ptolemy.util.test.junit.TclTests" name="[29] /home/travis/build/icyphy/ptII/ptolemy/actor/lib/test/SetVariable.tcl (RunTclFile)" time="0.022">
    <failure message="Number of failed tests is has increased. expected:&lt;0&gt; but was:&lt;1&gt;" type="junit.framework.AssertionFailedError">junit.framework.AssertionFailedError: Number of failed tests is has increased. expected:&lt;0&gt; but was:&lt;1&gt;
	at ptolemy.util.test.junit.TclTests.RunTclFile(TclTests.java:286)
	at jdk.internal.reflect.GeneratedMethodAccessor19.invoke(Unknown Source)
	at java.base/jdk.internal.reflect.DelegatingMethodAccessorImpl.invoke(DelegatingMethodAccessorImpl.java:43)
	at junitparams.internal.InvokeParameterisedMethod.evaluate(InvokeParameterisedMethod.java:102)
	at junitparams.internal.ParameterisedTestMethodRunner.runMethodInvoker(ParameterisedTestMethodRunner.java:47)
	at junitparams.internal.ParameterisedTestMethodRunner.runTestMethod(ParameterisedTestMethodRunner.java:41)
	at junitparams.internal.ParameterisedTestClassRunner.runParameterisedTest(ParameterisedTestClassRunner.java:143)
	at junitparams.JUnitParamsRunner.runChild(JUnitParamsRunner.java:237)
	at junitparams.JUnitParamsRunner.runChild(JUnitParamsRunner.java:215)
</failure>
  </testcase>
  <testcase classname="ptolemy.util.test.junit.TclTests" name="[30] /home/travis/build/icyphy/ptII/ptolemy/actor/lib/test/Sinewave.tcl (RunTclFile)" time="0.062" />
  <testcase classname="ptolemy.util.test.junit.TclTests" name="[31] /home/travis/build/icyphy/ptII/ptolemy/actor/lib/test/SubscriptionAggregator.tcl (RunTclFile)" time="2.149" />
  <testcase classname="ptolemy.util.test.junit.TclTests" name="[32] /home/travis/build/icyphy/ptII/ptolemy/actor/lib/test/Test.tcl (RunTclFile)" time="0.087" />
  <testcase classname="ptolemy.util.test.junit.TclTests" name="[33] /home/travis/build/icyphy/ptII/ptolemy/actor/lib/test/TestExceptionHandler.tcl (RunTclFile)" time="0.013" />
  <testcase classname="ptolemy.util.test.junit.TclTests" name="[34] /home/travis/build/icyphy/ptII/ptolemy/actor/lib/test/UnionDisassembler.tcl (RunTclFile)" time="0.072" />
  <testcase classname="ptolemy.util.test.junit.TclTests" name="[35] /home/travis/build/icyphy/ptII/ptolemy/actor/lib/test/VariableClock.tcl (RunTclFile)" time="0.025" />
  <testcase classname="ptolemy.util.test.junit.AutoKnownFailedTests" name="[0] /home/travis/build/icyphy/ptII/ptolemy/actor/lib/test/auto/knownFailedTests/PublisherPortToplevelSubscriber.xml (RunModel)" time="0.055" />
  <testcase classname="ptolemy.util.test.junit.AutoKnownFailedTests" name="[1] /home/travis/build/icyphy/ptII/ptolemy/actor/lib/test/auto/knownFailedTests/PublisherSubscriberPortToplevel.xml (RunModel)" time="0.03" />
  <testcase classname="ptolemy.util.test.junit.AutoKnownFailedTests" name="[2] /home/travis/build/icyphy/ptII/ptolemy/actor/lib/test/auto/knownFailedTests/PublisherSubscriptionAggregatorPort.xml (RunModel)" time="0.09" />
  <testcase classname="ptolemy.util.test.junit.AutoKnownFailedTests" name="[3] /home/travis/build/icyphy/ptII/ptolemy/actor/lib/test/auto/knownFailedTests/sizedarray3.xml (RunModel)" time="0.032" />
  <testcase classname="ptolemy.util.test.junit.AutoNameArchTests" name="[0] ThereAreNoAutoArchTests (RunModel)" time="0.006" />
  <testcase classname="ptolemy.util.test.junit.AutoTests" name="[0] /home/travis/build/icyphy/ptII/ptolemy/actor/lib/test/auto/AbsoluteValue.xml (RunModel)" time="0.078" />
  <testcase classname="ptolemy.util.test.junit.AutoTests" name="[1] /home/travis/build/icyphy/ptII/ptolemy/actor/lib/test/auto/AbsoluteValue2.xml (RunModel)" time="0.043" />
  <testcase classname="ptolemy.util.test.junit.AutoTests" name="[2] /home/travis/build/icyphy/ptII/ptolemy/actor/lib/test/auto/Accumulator.xml (RunModel)" time="0.07" />
  <testcase classname="ptolemy.util.test.junit.AutoTests" name="[3] /home/travis/build/icyphy/ptII/ptolemy/actor/lib/test/auto/Accumulator2.xml (RunModel)" time="0.065" />
  <testcase classname="ptolemy.util.test.junit.AutoTests" name="[4] /home/travis/build/icyphy/ptII/ptolemy/actor/lib/test/auto/Accumulator3.xml (RunModel)" time="0.044" />
  <testcase classname="ptolemy.util.test.junit.AutoTests" name="[5] /home/travis/build/icyphy/ptII/ptolemy/actor/lib/test/auto/ArrayAppend.xml (RunModel)" time="0.065" />
  <testcase classname="ptolemy.util.test.junit.AutoTests" name="[6] /home/travis/build/icyphy/ptII/ptolemy/actor/lib/test/auto/ArrayAppend2.xml (RunModel)" time="0.475" />
  <testcase classname="ptolemy.util.test.junit.AutoTests" name="[7] /home/travis/build/icyphy/ptII/ptolemy/actor/lib/test/auto/ArrayAppend3.xml (RunModel)" time="0.02" />
  <testcase classname="ptolemy.util.test.junit.AutoTests" name="[8] /home/travis/build/icyphy/ptII/ptolemy/actor/lib/test/auto/ArrayAppend4.xml (RunModel)" time="0.022" />
  <testcase classname="ptolemy.util.test.junit.AutoTests" name="[9] /home/travis/build/icyphy/ptII/ptolemy/actor/lib/test/auto/ArrayAppend5.xml (RunModel)" time="0.013" />
  <testcase classname="ptolemy.util.test.junit.AutoTests" name="[10] /home/travis/build/icyphy/ptII/ptolemy/actor/lib/test/auto/ArrayAppend6.xml (RunModel)" time="0.015" />
  <testcase classname="ptolemy.util.test.junit.AutoTests" name="[11] /home/travis/build/icyphy/ptII/ptolemy/actor/lib/test/auto/ArrayAppendPerformanceTest.xml (RunModel)" time="0.059" />
  <testcase classname="ptolemy.util.test.junit.AutoTests" name="[12] /home/travis/build/icyphy/ptII/ptolemy/actor/lib/test/auto/ArrayAppendWithEmptyInput.xml (RunModel)" time="0.051" />
  <testcase classname="ptolemy.util.test.junit.AutoTests" name="[13] /home/travis/build/icyphy/ptII/ptolemy/actor/lib/test/auto/ArrayAverage.xml (RunModel)" time="0.056" />
  <testcase classname="ptolemy.util.test.junit.AutoTests" name="[14] /home/travis/build/icyphy/ptII/ptolemy/actor/lib/test/auto/ArrayContains.xml (RunModel)" time="0.038" />
  <testcase classname="ptolemy.util.test.junit.AutoTests" name="[15] /home/travis/build/icyphy/ptII/ptolemy/actor/lib/test/auto/ArrayElement.xml (RunModel)" time="0.031" />
  <testcase classname="ptolemy.util.test.junit.AutoTests" name="[16] /home/travis/build/icyphy/ptII/ptolemy/actor/lib/test/auto/ArrayElementAsMatrix.xml (RunModel)" time="0.044" />
  <testcase classname="ptolemy.util.test.junit.AutoTests" name="[17] /home/travis/build/icyphy/ptII/ptolemy/actor/lib/test/auto/ArrayElementI.xml (RunModel)" time="0.03" />
  <testcase classname="ptolemy.util.test.junit.AutoTests" name="[18] /home/travis/build/icyphy/ptII/ptolemy/actor/lib/test/auto/ArrayExtract.xml (RunModel)" time="0.035" />
  <testcase classname="ptolemy.util.test.junit.AutoTests" name="[19] /home/travis/build/icyphy/ptII/ptolemy/actor/lib/test/auto/ArrayExtract2.xml (RunModel)" time="0.017" />
  <testcase classname="ptolemy.util.test.junit.AutoTests" name="[20] /home/travis/build/icyphy/ptII/ptolemy/actor/lib/test/auto/ArrayLength.xml (RunModel)" time="0.03" />
  <testcase classname="ptolemy.util.test.junit.AutoTests" name="[21] /home/travis/build/icyphy/ptII/ptolemy/actor/lib/test/auto/ArrayLevelCrossing.xml (RunModel)" time="0.034" />
  <testcase classname="ptolemy.util.test.junit.AutoTests" name="[22] /home/travis/build/icyphy/ptII/ptolemy/actor/lib/test/auto/ArrayLevelCrossing2.xml (RunModel)" time="0.025" />
  <testcase classname="ptolemy.util.test.junit.AutoTests" name="[23] /home/travis/build/icyphy/ptII/ptolemy/actor/lib/test/auto/ArrayPeakSearch.xml (RunModel)" time="0.044" />
  <testcase classname="ptolemy.util.test.junit.AutoTests" name="[24] /home/travis/build/icyphy/ptII/ptolemy/actor/lib/test/auto/ArrayPeakSearch2.xml (RunModel)" time="0.038" />
  <testcase classname="ptolemy.util.test.junit.AutoTests" name="[25] /home/travis/build/icyphy/ptII/ptolemy/actor/lib/test/auto/ArrayPeakSearch3.xml (RunModel)" time="0.036" />
  <testcase classname="ptolemy.util.test.junit.AutoTests" name="[26] /home/travis/build/icyphy/ptII/ptolemy/actor/lib/test/auto/ArrayRemoveElement.xml (RunModel)" time="0.033" />
  <testcase classname="ptolemy.util.test.junit.AutoTests" name="[27] /home/travis/build/icyphy/ptII/ptolemy/actor/lib/test/auto/ArraySort.xml (RunModel)" time="0.037" />
  <testcase classname="ptolemy.util.test.junit.AutoTests" name="[28] /home/travis/build/icyphy/ptII/ptolemy/actor/lib/test/auto/ArraySum.xml (RunModel)" time="0.02" />
  <testcase classname="ptolemy.util.test.junit.AutoTests" name="[29] /home/travis/build/icyphy/ptII/ptolemy/actor/lib/test/auto/ArrayToElements.xml (RunModel)" time="0.026" />
  <testcase classname="ptolemy.util.test.junit.AutoTests" name="[30] /home/travis/build/icyphy/ptII/ptolemy/actor/lib/test/auto/ArrayToMatrix.xml (RunModel)" time="0.059" />
  <testcase classname="ptolemy.util.test.junit.AutoTests" name="[31] /home/travis/build/icyphy/ptII/ptolemy/actor/lib/test/auto/ArrayUpdate1.xml (RunModel)" time="0.039" />
  <testcase classname="ptolemy.util.test.junit.AutoTests" name="[32] /home/travis/build/icyphy/ptII/ptolemy/actor/lib/test/auto/ArrayUpdate2.xml (RunModel)" time="0.023" />
  <testcase classname="ptolemy.util.test.junit.AutoTests" name="[33] /home/travis/build/icyphy/ptII/ptolemy/actor/lib/test/auto/ArrayUpdate3.xml (RunModel)" time="0.015" />
  <testcase classname="ptolemy.util.test.junit.AutoTests" name="[34] /home/travis/build/icyphy/ptII/ptolemy/actor/lib/test/auto/Assert1.xml (RunModel)" time="0.023" />
  <testcase classname="ptolemy.util.test.junit.AutoTests" name="[35] /home/travis/build/icyphy/ptII/ptolemy/actor/lib/test/auto/Assert2.xml (RunModel)" time="0.013" />
  <testcase classname="ptolemy.util.test.junit.AutoTests" name="[36] /home/travis/build/icyphy/ptII/ptolemy/actor/lib/test/auto/BooleanMultiplexor.xml (RunModel)" time="0.015" />
  <testcase classname="ptolemy.util.test.junit.AutoTests" name="[37] /home/travis/build/icyphy/ptII/ptolemy/actor/lib/test/auto/BooleanMultiplexor2.xml (RunModel)" time="0.029" />
  <testcase classname="ptolemy.util.test.junit.AutoTests" name="[38] /home/travis/build/icyphy/ptII/ptolemy/actor/lib/test/auto/BooleanMultiplexor3.xml (RunModel)" time="0.028" />
  <testcase classname="ptolemy.util.test.junit.AutoTests" name="[39] /home/travis/build/icyphy/ptII/ptolemy/actor/lib/test/auto/BooleanSelect.xml (RunModel)" time="0.024" />
  <testcase classname="ptolemy.util.test.junit.AutoTests" name="[40] /home/travis/build/icyphy/ptII/ptolemy/actor/lib/test/auto/BooleanSelect2.xml (RunModel)" time="0.014" />
  <testcase classname="ptolemy.util.test.junit.AutoTests" name="[41] /home/travis/build/icyphy/ptII/ptolemy/actor/lib/test/auto/BooleanSwitch.xml (RunModel)" time="0.024" />
  <testcase classname="ptolemy.util.test.junit.AutoTests" name="[42] /home/travis/build/icyphy/ptII/ptolemy/actor/lib/test/auto/BooleanSwitch2.xml (RunModel)" time="0.015" />
  <testcase classname="ptolemy.util.test.junit.AutoTests" name="[43] /home/travis/build/icyphy/ptII/ptolemy/actor/lib/test/auto/BooleanSwitchCloningBugWithClassRelationGroup.xml (RunModel)" time="0.029" />
  <testcase classname="ptolemy.util.test.junit.AutoTests" name="[44] /home/travis/build/icyphy/ptII/ptolemy/actor/lib/test/auto/BusActors.xml (RunModel)" time="0.035" />
  <testcase classname="ptolemy.util.test.junit.AutoTests" name="[45] /home/travis/build/icyphy/ptII/ptolemy/actor/lib/test/auto/ClassWrapper.xml (RunModel)" time="0.027" />
  <testcase classname="ptolemy.util.test.junit.AutoTests" name="[46] /home/travis/build/icyphy/ptII/ptolemy/actor/lib/test/auto/Clock.xml (RunModel)" time="0.011" />
  <testcase classname="ptolemy.util.test.junit.AutoTests" name="[47] /home/travis/build/icyphy/ptII/ptolemy/actor/lib/test/auto/Clock10.xml (RunModel)" time="0.02" />
  <testcase classname="ptolemy.util.test.junit.AutoTests" name="[48] /home/travis/build/icyphy/ptII/ptolemy/actor/lib/test/auto/Clock11.xml (RunModel)" time="0.016" />
  <testcase classname="ptolemy.util.test.junit.AutoTests" name="[49] /home/travis/build/icyphy/ptII/ptolemy/actor/lib/test/auto/Clock12.xml (RunModel)" time="0.02" />
  <testcase classname="ptolemy.util.test.junit.AutoTests" name="[50] /home/travis/build/icyphy/ptII/ptolemy/actor/lib/test/auto/Clock13.xml (RunModel)" time="0.021" />
  <testcase classname="ptolemy.util.test.junit.AutoTests" name="[51] /home/travis/build/icyphy/ptII/ptolemy/actor/lib/test/auto/Clock14.xml (RunModel)" time="0.019" />
  <testcase classname="ptolemy.util.test.junit.AutoTests" name="[52] /home/travis/build/icyphy/ptII/ptolemy/actor/lib/test/auto/Clock15.xml (RunModel)" time="0.014" />
  <testcase classname="ptolemy.util.test.junit.AutoTests" name="[53] /home/travis/build/icyphy/ptII/ptolemy/actor/lib/test/auto/Clock16.xml (RunModel)" time="0.104" />
  <testcase classname="ptolemy.util.test.junit.AutoTests" name="[54] /home/travis/build/icyphy/ptII/ptolemy/actor/lib/test/auto/Clock17.xml (RunModel)" time="0.067" />
  <testcase classname="ptolemy.util.test.junit.AutoTests" name="[55] /home/travis/build/icyphy/ptII/ptolemy/actor/lib/test/auto/Clock18.xml (RunModel)" time="0.042" />
  <testcase classname="ptolemy.util.test.junit.AutoTests" name="[56] /home/travis/build/icyphy/ptII/ptolemy/actor/lib/test/auto/Clock19.xml (RunModel)" time="0.033" />
  <testcase classname="ptolemy.util.test.junit.AutoTests" name="[57] /home/travis/build/icyphy/ptII/ptolemy/actor/lib/test/auto/Clock2.xml (RunModel)" time="0.012" />
  <testcase classname="ptolemy.util.test.junit.AutoTests" name="[58] /home/travis/build/icyphy/ptII/ptolemy/actor/lib/test/auto/Clock20.xml (RunModel)" time="0.017" />
  <testcase classname="ptolemy.util.test.junit.AutoTests" name="[59] /home/travis/build/icyphy/ptII/ptolemy/actor/lib/test/auto/Clock21.xml (RunModel)" time="0.014" />
  <testcase classname="ptolemy.util.test.junit.AutoTests" name="[60] /home/travis/build/icyphy/ptII/ptolemy/actor/lib/test/auto/Clock22.xml (RunModel)" time="0.011" />
  <testcase classname="ptolemy.util.test.junit.AutoTests" name="[61] /home/travis/build/icyphy/ptII/ptolemy/actor/lib/test/auto/Clock23.xml (RunModel)" time="0.014" />
  <testcase classname="ptolemy.util.test.junit.AutoTests" name="[62] /home/travis/build/icyphy/ptII/ptolemy/actor/lib/test/auto/Clock24.xml (RunModel)" time="0.016" />
  <testcase classname="ptolemy.util.test.junit.AutoTests" name="[63] /home/travis/build/icyphy/ptII/ptolemy/actor/lib/test/auto/Clock4.xml (RunModel)" time="0.023" />
  <testcase classname="ptolemy.util.test.junit.AutoTests" name="[64] /home/travis/build/icyphy/ptII/ptolemy/actor/lib/test/auto/Clock5.xml (RunModel)" time="0.011" />
  <testcase classname="ptolemy.util.test.junit.AutoTests" name="[65] /home/travis/build/icyphy/ptII/ptolemy/actor/lib/test/auto/Clock6.xml (RunModel)" time="0.008" />
  <testcase classname="ptolemy.util.test.junit.AutoTests" name="[66] /home/travis/build/icyphy/ptII/ptolemy/actor/lib/test/auto/Clock7.xml (RunModel)" time="0.008" />
  <testcase classname="ptolemy.util.test.junit.AutoTests" name="[67] /home/travis/build/icyphy/ptII/ptolemy/actor/lib/test/auto/Clock8.xml (RunModel)" time="0.013" />
  <testcase classname="ptolemy.util.test.junit.AutoTests" name="[68] /home/travis/build/icyphy/ptII/ptolemy/actor/lib/test/auto/Clock9.xml (RunModel)" time="0.013" />
  <testcase classname="ptolemy.util.test.junit.AutoTests" name="[69] /home/travis/build/icyphy/ptII/ptolemy/actor/lib/test/auto/CommDistDiscard.xml (RunModel)" time="0.018" />
  <testcase classname="ptolemy.util.test.junit.AutoTests" name="[70] /home/travis/build/icyphy/ptII/ptolemy/actor/lib/test/auto/Commutator.xml (RunModel)" time="0.016" />
  <testcase classname="ptolemy.util.test.junit.AutoTests" name="[71] /home/travis/build/icyphy/ptII/ptolemy/actor/lib/test/auto/Commutator2.xml (RunModel)" time="0.01" />
  <testcase classname="ptolemy.util.test.junit.AutoTests" name="[72] /home/travis/build/icyphy/ptII/ptolemy/actor/lib/test/auto/Commutator3.xml (RunModel)" time="0.01" />
  <testcase classname="ptolemy.util.test.junit.AutoTests" name="[73] /home/travis/build/icyphy/ptII/ptolemy/actor/lib/test/auto/Compare.xml (RunModel)" time="0.017" />
  <testcase classname="ptolemy.util.test.junit.AutoTests" name="[74] /home/travis/build/icyphy/ptII/ptolemy/actor/lib/test/auto/CompareDE.xml (RunModel)" time="0.019" />
  <testcase classname="ptolemy.util.test.junit.AutoTests" name="[75] /home/travis/build/icyphy/ptII/ptolemy/actor/lib/test/auto/ComplexDivide.xml (RunModel)" time="0.012" />
  <testcase classname="ptolemy.util.test.junit.AutoTests" name="[76] /home/travis/build/icyphy/ptII/ptolemy/actor/lib/test/auto/ComputeHistogram.xml (RunModel)" time="0.052" />
  <testcase classname="ptolemy.util.test.junit.AutoTests" name="[77] /home/travis/build/icyphy/ptII/ptolemy/actor/lib/test/auto/ConfigurationSelect.xml (RunModel)" time="0.02" />
  <testcase classname="ptolemy.util.test.junit.AutoTests" name="[78] /home/travis/build/icyphy/ptII/ptolemy/actor/lib/test/auto/ConfigurationSelect2.xml (RunModel)" time="0.013" />
  <testcase classname="ptolemy.util.test.junit.AutoTests" name="[79] /home/travis/build/icyphy/ptII/ptolemy/actor/lib/test/auto/ConfigurationSwitch.xml (RunModel)" time="0.029" />
  <testcase classname="ptolemy.util.test.junit.AutoTests" name="[80] /home/travis/build/icyphy/ptII/ptolemy/actor/lib/test/auto/ConfigurationSwitch2.xml (RunModel)" time="0.022" />
  <testcase classname="ptolemy.util.test.junit.AutoTests" name="[81] /home/travis/build/icyphy/ptII/ptolemy/actor/lib/test/auto/ConfigurationSwitchCloningBugWithClassRelationGroup.xml (RunModel)" time="0.018" />
  <testcase classname="ptolemy.util.test.junit.AutoTests" name="[82] /home/travis/build/icyphy/ptII/ptolemy/actor/lib/test/auto/ConfigurationSwitchSelectSDF.xml (RunModel)" time="0.013" />
  <testcase classname="ptolemy.util.test.junit.AutoTests" name="[83] /home/travis/build/icyphy/ptII/ptolemy/actor/lib/test/auto/ConfigurationSwitchSelectSDF2.xml (RunModel)" time="0.012" />
  <testcase classname="ptolemy.util.test.junit.AutoTests" name="[84] /home/travis/build/icyphy/ptII/ptolemy/actor/lib/test/auto/Const.xml (RunModel)" time="0.007" />
  <testcase classname="ptolemy.util.test.junit.AutoTests" name="[85] /home/travis/build/icyphy/ptII/ptolemy/actor/lib/test/auto/Const2.xml (RunModel)" time="0.009" />
  <testcase classname="ptolemy.util.test.junit.AutoTests" name="[86] /home/travis/build/icyphy/ptII/ptolemy/actor/lib/test/auto/Const3.xml (RunModel)" time="0.006" />
  <testcase classname="ptolemy.util.test.junit.AutoTests" name="[87] /home/travis/build/icyphy/ptII/ptolemy/actor/lib/test/auto/ConstantPublisherPort1.xml (RunModel)" time="0.018" />
  <testcase classname="ptolemy.util.test.junit.AutoTests" name="[88] /home/travis/build/icyphy/ptII/ptolemy/actor/lib/test/auto/ConstantPublisherPort2.xml (RunModel)" time="0.016" />
  <testcase classname="ptolemy.util.test.junit.AutoTests" name="[89] /home/travis/build/icyphy/ptII/ptolemy/actor/lib/test/auto/ConstantPublisherPort3.xml (RunModel)" time="0.016" />
  <testcase classname="ptolemy.util.test.junit.AutoTests" name="[90] /home/travis/build/icyphy/ptII/ptolemy/actor/lib/test/auto/ConstantPublisherPort4.xml (RunModel)" time="0.015" />
  <testcase classname="ptolemy.util.test.junit.AutoTests" name="[91] /home/travis/build/icyphy/ptII/ptolemy/actor/lib/test/auto/ConstantPublisherPort5.xml (RunModel)" time="0.041" />
  <testcase classname="ptolemy.util.test.junit.AutoTests" name="[92] /home/travis/build/icyphy/ptII/ptolemy/actor/lib/test/auto/ConstantPublisherPort6.xml (RunModel)" time="0.024" />
  <testcase classname="ptolemy.util.test.junit.AutoTests" name="[93] /home/travis/build/icyphy/ptII/ptolemy/actor/lib/test/auto/ConstantPublisherPort7.xml (RunModel)" time="0.032" />
  <testcase classname="ptolemy.util.test.junit.AutoTests" name="[94] /home/travis/build/icyphy/ptII/ptolemy/actor/lib/test/auto/ConstraintMonitor1.xml (RunModel)" time="0.04" />
  <testcase classname="ptolemy.util.test.junit.AutoTests" name="[95] /home/travis/build/icyphy/ptII/ptolemy/actor/lib/test/auto/ConstraintMonitor2.xml (RunModel)" time="0.019" />
  <testcase classname="ptolemy.util.test.junit.AutoTests" name="[96] /home/travis/build/icyphy/ptII/ptolemy/actor/lib/test/auto/ConstraintMonitor3.xml (RunModel)" time="0.018" />
  <testcase classname="ptolemy.util.test.junit.AutoTests" name="[97] /home/travis/build/icyphy/ptII/ptolemy/actor/lib/test/auto/ConstraintMonitor4.xml (RunModel)" time="0.015" />
  <testcase classname="ptolemy.util.test.junit.AutoTests" name="[98] /home/travis/build/icyphy/ptII/ptolemy/actor/lib/test/auto/ConstraintMonitor5.xml (RunModel)" time="0.019" />
  <testcase classname="ptolemy.util.test.junit.AutoTests" name="[99] /home/travis/build/icyphy/ptII/ptolemy/actor/lib/test/auto/ConstraintMonitor6.xml (RunModel)" time="0.016" />
  <testcase classname="ptolemy.util.test.junit.AutoTests" name="[100] /home/travis/build/icyphy/ptII/ptolemy/actor/lib/test/auto/ConstraintMonitor7.xml (RunModel)" time="0.018" />
  <testcase classname="ptolemy.util.test.junit.AutoTests" name="[101] /home/travis/build/icyphy/ptII/ptolemy/actor/lib/test/auto/ConstraintMonitor8.xml (RunModel)" time="0.021" />
  <testcase classname="ptolemy.util.test.junit.AutoTests" name="[102] /home/travis/build/icyphy/ptII/ptolemy/actor/lib/test/auto/Counter.xml (RunModel)" time="0.015" />
  <testcase classname="ptolemy.util.test.junit.AutoTests" name="[103] /home/travis/build/icyphy/ptII/ptolemy/actor/lib/test/auto/CurrentTimeSDF.xml (RunModel)" time="0.01" />
  <testcase classname="ptolemy.util.test.junit.AutoTests" name="[104] /home/travis/build/icyphy/ptII/ptolemy/actor/lib/test/auto/DB.xml (RunModel)" time="0.013" />
  <testcase classname="ptolemy.util.test.junit.AutoTests" name="[105] /home/travis/build/icyphy/ptII/ptolemy/actor/lib/test/auto/DBDE.xml (RunModel)" time="0.014" />
  <testcase classname="ptolemy.util.test.junit.AutoTests" name="[106] /home/travis/build/icyphy/ptII/ptolemy/actor/lib/test/auto/DateConstructor.xml (RunModel)" time="0.075" />
  <testcase classname="ptolemy.util.test.junit.AutoTests" name="[107] /home/travis/build/icyphy/ptII/ptolemy/actor/lib/test/auto/DelayTime.xml (RunModel)" time="0.015" />
  <testcase classname="ptolemy.util.test.junit.AutoTests" name="[108] /home/travis/build/icyphy/ptII/ptolemy/actor/lib/test/auto/Dictionary1.xml (RunModel)" time="0.017" />
  <testcase classname="ptolemy.util.test.junit.AutoTests" name="[109] /home/travis/build/icyphy/ptII/ptolemy/actor/lib/test/auto/Dictionary2.xml (RunModel)" time="0.013" />
  <testcase classname="ptolemy.util.test.junit.AutoTests" name="[110] /home/travis/build/icyphy/ptII/ptolemy/actor/lib/test/auto/Dictionary3.xml (RunModel)" time="0.012" />
  <testcase classname="ptolemy.util.test.junit.AutoTests" name="[111] /home/travis/build/icyphy/ptII/ptolemy/actor/lib/test/auto/Dictionary4.xml (RunModel)" time="0.016" />
  <testcase classname="ptolemy.util.test.junit.AutoTests" name="[112] /home/travis/build/icyphy/ptII/ptolemy/actor/lib/test/auto/Differential.xml (RunModel)" time="0.012" />
  <testcase classname="ptolemy.util.test.junit.AutoTests" name="[113] /home/travis/build/icyphy/ptII/ptolemy/actor/lib/test/auto/Director.xml (RunModel)" time="0.016" />
  <testcase classname="ptolemy.util.test.junit.AutoTests" name="[114] /home/travis/build/icyphy/ptII/ptolemy/actor/lib/test/auto/DiscreteClock.xml (RunModel)" time="0.009" />
  <testcase classname="ptolemy.util.test.junit.AutoTests" name="[115] /home/travis/build/icyphy/ptII/ptolemy/actor/lib/test/auto/DiscreteClock10.xml (RunModel)" time="0.014" />
  <testcase classname="ptolemy.util.test.junit.AutoTests" name="[116] /home/travis/build/icyphy/ptII/ptolemy/actor/lib/test/auto/DiscreteClock11.xml (RunModel)" time="0.011" />
  <testcase classname="ptolemy.util.test.junit.AutoTests" name="[117] /home/travis/build/icyphy/ptII/ptolemy/actor/lib/test/auto/DiscreteClock12.xml (RunModel)" time="0.014" />
  <testcase classname="ptolemy.util.test.junit.AutoTests" name="[118] /home/travis/build/icyphy/ptII/ptolemy/actor/lib/test/auto/DiscreteClock13.xml (RunModel)" time="0.015" />
  <testcase classname="ptolemy.util.test.junit.AutoTests" name="[119] /home/travis/build/icyphy/ptII/ptolemy/actor/lib/test/auto/DiscreteClock14.xml (RunModel)" time="0.014" />
  <testcase classname="ptolemy.util.test.junit.AutoTests" name="[120] /home/travis/build/icyphy/ptII/ptolemy/actor/lib/test/auto/DiscreteClock15.xml (RunModel)" time="0.014" />
  <testcase classname="ptolemy.util.test.junit.AutoTests" name="[121] /home/travis/build/icyphy/ptII/ptolemy/actor/lib/test/auto/DiscreteClock16.xml (RunModel)" time="0.043" />
  <testcase classname="ptolemy.util.test.junit.AutoTests" name="[122] /home/travis/build/icyphy/ptII/ptolemy/actor/lib/test/auto/DiscreteClock17.xml (RunModel)" time="0.038" />
  <testcase classname="ptolemy.util.test.junit.AutoTests" name="[123] /home/travis/build/icyphy/ptII/ptolemy/actor/lib/test/auto/DiscreteClock18.xml (RunModel)" time="0.046" />
  <testcase classname="ptolemy.util.test.junit.AutoTests" name="[124] /home/travis/build/icyphy/ptII/ptolemy/actor/lib/test/auto/DiscreteClock19.xml (RunModel)" time="0.036" />
  <testcase classname="ptolemy.util.test.junit.AutoTests" name="[125] /home/travis/build/icyphy/ptII/ptolemy/actor/lib/test/auto/DiscreteClock2.xml (RunModel)" time="0.008" />
  <testcase classname="ptolemy.util.test.junit.AutoTests" name="[126] /home/travis/build/icyphy/ptII/ptolemy/actor/lib/test/auto/DiscreteClock20.xml (RunModel)" time="0.015" />
  <testcase classname="ptolemy.util.test.junit.AutoTests" name="[127] /home/travis/build/icyphy/ptII/ptolemy/actor/lib/test/auto/DiscreteClock21.xml (RunModel)" time="0.022" />
  <testcase classname="ptolemy.util.test.junit.AutoTests" name="[128] /home/travis/build/icyphy/ptII/ptolemy/actor/lib/test/auto/DiscreteClock22.xml (RunModel)" time="0.016" />
  <testcase classname="ptolemy.util.test.junit.AutoTests" name="[129] /home/travis/build/icyphy/ptII/ptolemy/actor/lib/test/auto/DiscreteClock23.xml (RunModel)" time="0.018" />
  <testcase classname="ptolemy.util.test.junit.AutoTests" name="[130] /home/travis/build/icyphy/ptII/ptolemy/actor/lib/test/auto/DiscreteClock24.xml (RunModel)" time="0.016" />
  <testcase classname="ptolemy.util.test.junit.AutoTests" name="[131] /home/travis/build/icyphy/ptII/ptolemy/actor/lib/test/auto/DiscreteClock4.xml (RunModel)" time="0.012" />
  <testcase classname="ptolemy.util.test.junit.AutoTests" name="[132] /home/travis/build/icyphy/ptII/ptolemy/actor/lib/test/auto/DiscreteClock5.xml (RunModel)" time="0.009" />
  <testcase classname="ptolemy.util.test.junit.AutoTests" name="[133] /home/travis/build/icyphy/ptII/ptolemy/actor/lib/test/auto/DiscreteClock6.xml (RunModel)" time="0.009" />
  <testcase classname="ptolemy.util.test.junit.AutoTests" name="[134] /home/travis/build/icyphy/ptII/ptolemy/actor/lib/test/auto/DiscreteClock7.xml (RunModel)" time="0.012" />
  <testcase classname="ptolemy.util.test.junit.AutoTests" name="[135] /home/travis/build/icyphy/ptII/ptolemy/actor/lib/test/auto/DiscreteClock8.xml (RunModel)" time="0.022" />
  <testcase classname="ptolemy.util.test.junit.AutoTests" name="[136] /home/travis/build/icyphy/ptII/ptolemy/actor/lib/test/auto/DiscreteClock9.xml (RunModel)" time="0.013" />
  <testcase classname="ptolemy.util.test.junit.AutoTests" name="[137] /home/travis/build/icyphy/ptII/ptolemy/actor/lib/test/auto/DisplayArray.xml (RunModel)" time="0.01" />
  <testcase classname="ptolemy.util.test.junit.AutoTests" name="[138] /home/travis/build/icyphy/ptII/ptolemy/actor/lib/test/auto/Distributor.xml (RunModel)" time="0.01" />
  <testcase classname="ptolemy.util.test.junit.AutoTests" name="[139] /home/travis/build/icyphy/ptII/ptolemy/actor/lib/test/auto/Distributor2.xml (RunModel)" time="0.012" />
  <testcase classname="ptolemy.util.test.junit.AutoTests" name="[140] /home/travis/build/icyphy/ptII/ptolemy/actor/lib/test/auto/DownSample.xml (RunModel)" time="0.012" />
  <testcase classname="ptolemy.util.test.junit.AutoTests" name="[141] /home/travis/build/icyphy/ptII/ptolemy/actor/lib/test/auto/ElectronicUnitBase1.xml (RunModel)" time="0.065" />
  <testcase classname="ptolemy.util.test.junit.AutoTests" name="[142] /home/travis/build/icyphy/ptII/ptolemy/actor/lib/test/auto/ElementsToArray.xml (RunModel)" time="0.013" />
  <testcase classname="ptolemy.util.test.junit.AutoTests" name="[143] /home/travis/build/icyphy/ptII/ptolemy/actor/lib/test/auto/Equals.xml (RunModel)" time="0.015" />
  <testcase classname="ptolemy.util.test.junit.AutoTests" name="[144] /home/travis/build/icyphy/ptII/ptolemy/actor/lib/test/auto/Exec.xml (RunModel)" time="0.028" />
  <testcase classname="ptolemy.util.test.junit.AutoTests" name="[145] /home/travis/build/icyphy/ptII/ptolemy/actor/lib/test/auto/ExecEnvironment.xml (RunModel)" time="0.055" />
  <testcase classname="ptolemy.util.test.junit.AutoTests" name="[146] /home/travis/build/icyphy/ptII/ptolemy/actor/lib/test/auto/ExecNonZeroReturnOutput.xml (RunModel)" time="0.198" />
  <testcase classname="ptolemy.util.test.junit.AutoTests" name="[147] /home/travis/build/icyphy/ptII/ptolemy/actor/lib/test/auto/ExecRunDemos.xml (RunModel)" time="11.092" />
  <testcase classname="ptolemy.util.test.junit.AutoTests" name="[148] /home/travis/build/icyphy/ptII/ptolemy/actor/lib/test/auto/ExecStop.xml (RunModel)" time="5.031" />
  <testcase classname="ptolemy.util.test.junit.AutoTests" name="[149] /home/travis/build/icyphy/ptII/ptolemy/actor/lib/test/auto/ExecutionTimeSDF.xml (RunModel)" time="6.037" />
  <testcase classname="ptolemy.util.test.junit.AutoTests" name="[150] /home/travis/build/icyphy/ptII/ptolemy/actor/lib/test/auto/Expression1.xml (RunModel)" time="0.007" />
  <testcase classname="ptolemy.util.test.junit.AutoTests" name="[151] /home/travis/build/icyphy/ptII/ptolemy/actor/lib/test/auto/Expression10.xml (RunModel)" time="0.013" />
  <testcase classname="ptolemy.util.test.junit.AutoTests" name="[152] /home/travis/build/icyphy/ptII/ptolemy/actor/lib/test/auto/Expression11.xml (RunModel)" time="0.024" />
  <testcase classname="ptolemy.util.test.junit.AutoTests" name="[153] /home/travis/build/icyphy/ptII/ptolemy/actor/lib/test/auto/Expression12.xml (RunModel)" time="0.016" />
  <testcase classname="ptolemy.util.test.junit.AutoTests" name="[154] /home/travis/build/icyphy/ptII/ptolemy/actor/lib/test/auto/Expression13.xml (RunModel)" time="0.012" />
  <testcase classname="ptolemy.util.test.junit.AutoTests" name="[155] /home/travis/build/icyphy/ptII/ptolemy/actor/lib/test/auto/Expression14.xml (RunModel)" time="0.017" />
  <testcase classname="ptolemy.util.test.junit.AutoTests" name="[156] /home/travis/build/icyphy/ptII/ptolemy/actor/lib/test/auto/Expression15.xml (RunModel)" time="0.007" />
  <testcase classname="ptolemy.util.test.junit.AutoTests" name="[157] /home/travis/build/icyphy/ptII/ptolemy/actor/lib/test/auto/Expression16.xml (RunModel)" time="0.012" />
  <testcase classname="ptolemy.util.test.junit.AutoTests" name="[158] /home/travis/build/icyphy/ptII/ptolemy/actor/lib/test/auto/Expression17.xml (RunModel)" time="0.01" />
  <testcase classname="ptolemy.util.test.junit.AutoTests" name="[159] /home/travis/build/icyphy/ptII/ptolemy/actor/lib/test/auto/Expression18.xml (RunModel)" time="0.015" />
  <testcase classname="ptolemy.util.test.junit.AutoTests" name="[160] /home/travis/build/icyphy/ptII/ptolemy/actor/lib/test/auto/Expression2.xml (RunModel)" time="0.015" />
  <testcase classname="ptolemy.util.test.junit.AutoTests" name="[161] /home/travis/build/icyphy/ptII/ptolemy/actor/lib/test/auto/Expression3.xml (RunModel)" time="0.013" />
  <testcase classname="ptolemy.util.test.junit.AutoTests" name="[162] /home/travis/build/icyphy/ptII/ptolemy/actor/lib/test/auto/Expression4.xml (RunModel)" time="0.018" />
  <testcase classname="ptolemy.util.test.junit.AutoTests" name="[163] /home/travis/build/icyphy/ptII/ptolemy/actor/lib/test/auto/Expression5.xml (RunModel)" time="0.012" />
  <testcase classname="ptolemy.util.test.junit.AutoTests" name="[164] /home/travis/build/icyphy/ptII/ptolemy/actor/lib/test/auto/Expression6.xml (RunModel)" time="0.009" />
  <testcase classname="ptolemy.util.test.junit.AutoTests" name="[165] /home/travis/build/icyphy/ptII/ptolemy/actor/lib/test/auto/Expression7.xml (RunModel)" time="0.01" />
  <testcase classname="ptolemy.util.test.junit.AutoTests" name="[166] /home/travis/build/icyphy/ptII/ptolemy/actor/lib/test/auto/Expression8.xml (RunModel)" time="0.015" />
  <testcase classname="ptolemy.util.test.junit.AutoTests" name="[167] /home/travis/build/icyphy/ptII/ptolemy/actor/lib/test/auto/Expression9.xml (RunModel)" time="0.019" />
  <testcase classname="ptolemy.util.test.junit.AutoTests" name="[168] /home/travis/build/icyphy/ptII/ptolemy/actor/lib/test/auto/ExpressionConcatenateArrayType.xml (RunModel)" time="0.028" />
  <testcase classname="ptolemy.util.test.junit.AutoTests" name="[169] /home/travis/build/icyphy/ptII/ptolemy/actor/lib/test/auto/ExpressionConcatenateArrayType2.xml (RunModel)" time="0.022" />
  <testcase classname="ptolemy.util.test.junit.AutoTests" name="[170] /home/travis/build/icyphy/ptII/ptolemy/actor/lib/test/auto/ExpressionFix.xml (RunModel)" time="0.046" />
  <testcase classname="ptolemy.util.test.junit.AutoTests" name="[171] /home/travis/build/icyphy/ptII/ptolemy/actor/lib/test/auto/ExpressionFix2.xml (RunModel)" time="0.016" />
  <testcase classname="ptolemy.util.test.junit.AutoTests" name="[172] /home/travis/build/icyphy/ptII/ptolemy/actor/lib/test/auto/ExpressionFix3.xml (RunModel)" time="0.016" />
  <testcase classname="ptolemy.util.test.junit.AutoTests" name="[173] /home/travis/build/icyphy/ptII/ptolemy/actor/lib/test/auto/FileWriter1.xml (RunModel)" time="0.01" />
  <testcase classname="ptolemy.util.test.junit.AutoTests" name="[174] /home/travis/build/icyphy/ptII/ptolemy/actor/lib/test/auto/FileWriter2.xml (RunModel)" time="0.014" />
  <testcase classname="ptolemy.util.test.junit.AutoTests" name="[175] /home/travis/build/icyphy/ptII/ptolemy/actor/lib/test/auto/FileWriter3.xml (RunModel)" time="0.014" />
  <testcase classname="ptolemy.util.test.junit.AutoTests" name="[176] /home/travis/build/icyphy/ptII/ptolemy/actor/lib/test/auto/Gaussian.xml (RunModel)" time="0.011" />
  <testcase classname="ptolemy.util.test.junit.AutoTests" name="[177] /home/travis/build/icyphy/ptII/ptolemy/actor/lib/test/auto/Gaussian1.xml (RunModel)" time="0.016" />
  <testcase classname="ptolemy.util.test.junit.AutoTests" name="[178] /home/travis/build/icyphy/ptII/ptolemy/actor/lib/test/auto/Gaussian2.xml (RunModel)" time="0.026" />
  <testcase classname="ptolemy.util.test.junit.AutoTests" name="[179] /home/travis/build/icyphy/ptII/ptolemy/actor/lib/test/auto/GradientAdaptiveLattice.xml (RunModel)" time="0.021" />
  <testcase classname="ptolemy.util.test.junit.AutoTests" name="[180] /home/travis/build/icyphy/ptII/ptolemy/actor/lib/test/auto/IIR.xml (RunModel)" time="0.011" />
  <testcase classname="ptolemy.util.test.junit.AutoTests" name="[181] /home/travis/build/icyphy/ptII/ptolemy/actor/lib/test/auto/InputOutputTransparentPorts.xml (RunModel)" time="0.017" />
  <testcase classname="ptolemy.util.test.junit.AutoTests" name="[182] /home/travis/build/icyphy/ptII/ptolemy/actor/lib/test/auto/Interpolator.xml (RunModel)" time="0.012" />
  <testcase classname="ptolemy.util.test.junit.AutoTests" name="[183] /home/travis/build/icyphy/ptII/ptolemy/actor/lib/test/auto/InterpolatorFiringLimitDE.xml (RunModel)" time="0.013" />
  <testcase classname="ptolemy.util.test.junit.AutoTests" name="[184] /home/travis/build/icyphy/ptII/ptolemy/actor/lib/test/auto/Lattice.xml (RunModel)" time="0.008" />
  <testcase classname="ptolemy.util.test.junit.AutoTests" name="[185] /home/travis/build/icyphy/ptII/ptolemy/actor/lib/test/auto/LazyAOCTestLazy.xml (RunModel)" time="0.035" />
  <testcase classname="ptolemy.util.test.junit.AutoTests" name="[186] /home/travis/build/icyphy/ptII/ptolemy/actor/lib/test/auto/LazyAOCTestNonLazy.xml (RunModel)" time="0.042" />
  <testcase classname="ptolemy.util.test.junit.AutoTests" name="[187] /home/travis/build/icyphy/ptII/ptolemy/actor/lib/test/auto/LazyInnerClass.xml (RunModel)" time="0.056" />
  <testcase classname="ptolemy.util.test.junit.AutoTests" name="[188] /home/travis/build/icyphy/ptII/ptolemy/actor/lib/test/auto/LazyPubSub.xml (RunModel)" time="0.07" />
  <testcase classname="ptolemy.util.test.junit.AutoTests" name="[189] /home/travis/build/icyphy/ptII/ptolemy/actor/lib/test/auto/LazyPubSub2.xml (RunModel)" time="0.03" />
  <testcase classname="ptolemy.util.test.junit.AutoTests" name="[190] /home/travis/build/icyphy/ptII/ptolemy/actor/lib/test/auto/LazyPubSub3.xml (RunModel)" time="0.026" />
  <testcase classname="ptolemy.util.test.junit.AutoTests" name="[191] /home/travis/build/icyphy/ptII/ptolemy/actor/lib/test/auto/LazySubClassModel.xml (RunModel)" time="0.026" />
  <testcase classname="ptolemy.util.test.junit.AutoTests" name="[192] /home/travis/build/icyphy/ptII/ptolemy/actor/lib/test/auto/LevelCrossTest1.xml (RunModel)" time="0.011" />
  <testcase classname="ptolemy.util.test.junit.AutoTests" name="[193] /home/travis/build/icyphy/ptII/ptolemy/actor/lib/test/auto/LevelCrossTest10.xml (RunModel)" time="0.017" />
  <testcase classname="ptolemy.util.test.junit.AutoTests" name="[194] /home/travis/build/icyphy/ptII/ptolemy/actor/lib/test/auto/LevelCrossTest11.xml (RunModel)" time="0.021" />
  <testcase classname="ptolemy.util.test.junit.AutoTests" name="[195] /home/travis/build/icyphy/ptII/ptolemy/actor/lib/test/auto/LevelCrossTest12.xml (RunModel)" time="0.016" />
  <testcase classname="ptolemy.util.test.junit.AutoTests" name="[196] /home/travis/build/icyphy/ptII/ptolemy/actor/lib/test/auto/LevelCrossTest13.xml (RunModel)" time="0.015" />
  <testcase classname="ptolemy.util.test.junit.AutoTests" name="[197] /home/travis/build/icyphy/ptII/ptolemy/actor/lib/test/auto/LevelCrossTest2.xml (RunModel)" time="0.011" />
  <testcase classname="ptolemy.util.test.junit.AutoTests" name="[198] /home/travis/build/icyphy/ptII/ptolemy/actor/lib/test/auto/LevelCrossTest3.xml (RunModel)" time="0.014" />
  <testcase classname="ptolemy.util.test.junit.AutoTests" name="[199] /home/travis/build/icyphy/ptII/ptolemy/actor/lib/test/auto/LevelCrossTest4.xml (RunModel)" time="0.011" />
  <testcase classname="ptolemy.util.test.junit.AutoTests" name="[200] /home/travis/build/icyphy/ptII/ptolemy/actor/lib/test/auto/LevelCrossTest5.xml (RunModel)" time="0.023" />
  <testcase classname="ptolemy.util.test.junit.AutoTests" name="[201] /home/travis/build/icyphy/ptII/ptolemy/actor/lib/test/auto/LevelCrossTest6.xml (RunModel)" time="0.025" />
  <testcase classname="ptolemy.util.test.junit.AutoTests" name="[202] /home/travis/build/icyphy/ptII/ptolemy/actor/lib/test/auto/LevelCrossTest7.xml (RunModel)" time="0.021" />
  <testcase classname="ptolemy.util.test.junit.AutoTests" name="[203] /home/travis/build/icyphy/ptII/ptolemy/actor/lib/test/auto/LevelCrossTest8.xml (RunModel)" time="0.013" />
  <testcase classname="ptolemy.util.test.junit.AutoTests" name="[204] /home/travis/build/icyphy/ptII/ptolemy/actor/lib/test/auto/LevelCrossTest9.xml (RunModel)" time="0.014" />
  <testcase classname="ptolemy.util.test.junit.AutoTests" name="[205] /home/travis/build/icyphy/ptII/ptolemy/actor/lib/test/auto/LevinsonDurbin.xml (RunModel)" time="0.008" />
  <testcase classname="ptolemy.util.test.junit.AutoTests" name="[206] /home/travis/build/icyphy/ptII/ptolemy/actor/lib/test/auto/LevinsonDurbin2.xml (RunModel)" time="0.015" />
  <testcase classname="ptolemy.util.test.junit.AutoTests" name="[207] /home/travis/build/icyphy/ptII/ptolemy/actor/lib/test/auto/LevinsonDurbin3.xml (RunModel)" time="0.01" />
  <testcase classname="ptolemy.util.test.junit.AutoTests" name="[208] /home/travis/build/icyphy/ptII/ptolemy/actor/lib/test/auto/Limiter.xml (RunModel)" time="0.031" />
  <testcase classname="ptolemy.util.test.junit.AutoTests" name="[209] /home/travis/build/icyphy/ptII/ptolemy/actor/lib/test/auto/LinearDifferenceEquationSystem.xml (RunModel)" time="0.021" />
  <testcase classname="ptolemy.util.test.junit.AutoTests" name="[210] /home/travis/build/icyphy/ptII/ptolemy/actor/lib/test/auto/LookupTable.xml (RunModel)" time="0.012" />
  <testcase classname="ptolemy.util.test.junit.AutoTests" name="[211] /home/travis/build/icyphy/ptII/ptolemy/actor/lib/test/auto/MathFunction.xml (RunModel)" time="0.019" />
  <testcase classname="ptolemy.util.test.junit.AutoTests" name="[212] /home/travis/build/icyphy/ptII/ptolemy/actor/lib/test/auto/MathFunction2.xml (RunModel)" time="0.01" />
  <testcase classname="ptolemy.util.test.junit.AutoTests" name="[213] /home/travis/build/icyphy/ptII/ptolemy/actor/lib/test/auto/MathFunction3.xml (RunModel)" time="0.016" />
  <testcase classname="ptolemy.util.test.junit.AutoTests" name="[214] /home/travis/build/icyphy/ptII/ptolemy/actor/lib/test/auto/MatrixCropBoolean.xml (RunModel)" time="0.015" />
  <testcase classname="ptolemy.util.test.junit.AutoTests" name="[215] /home/travis/build/icyphy/ptII/ptolemy/actor/lib/test/auto/MatrixCropComplex.xml (RunModel)" time="0.012" />
  <testcase classname="ptolemy.util.test.junit.AutoTests" name="[216] /home/travis/build/icyphy/ptII/ptolemy/actor/lib/test/auto/MatrixCropDouble.xml (RunModel)" time="0.011" />
  <testcase classname="ptolemy.util.test.junit.AutoTests" name="[217] /home/travis/build/icyphy/ptII/ptolemy/actor/lib/test/auto/MatrixCropFix.xml (RunModel)" time="0.013" />
  <testcase classname="ptolemy.util.test.junit.AutoTests" name="[218] /home/travis/build/icyphy/ptII/ptolemy/actor/lib/test/auto/MatrixCropInt.xml (RunModel)" time="0.009" />
  <testcase classname="ptolemy.util.test.junit.AutoTests" name="[219] /home/travis/build/icyphy/ptII/ptolemy/actor/lib/test/auto/MatrixCropLong.xml (RunModel)" time="0.008" />
  <testcase classname="ptolemy.util.test.junit.AutoTests" name="[220] /home/travis/build/icyphy/ptII/ptolemy/actor/lib/test/auto/MatrixToArray.xml (RunModel)" time="0.055" />
  <testcase classname="ptolemy.util.test.junit.AutoTests" name="[221] /home/travis/build/icyphy/ptII/ptolemy/actor/lib/test/auto/MaxIndex.xml (RunModel)" time="0.012" />
  <testcase classname="ptolemy.util.test.junit.AutoTests" name="[222] /home/travis/build/icyphy/ptII/ptolemy/actor/lib/test/auto/Maximum.xml (RunModel)" time="0.016" />
  <testcase classname="ptolemy.util.test.junit.AutoTests" name="[223] /home/travis/build/icyphy/ptII/ptolemy/actor/lib/test/auto/MaximumComplex.xml (RunModel)" time="0.013" />
  <testcase classname="ptolemy.util.test.junit.AutoTests" name="[224] /home/travis/build/icyphy/ptII/ptolemy/actor/lib/test/auto/MethodCallTest.xml (RunModel)" time="0.022" />
  <testcase classname="ptolemy.util.test.junit.AutoTests" name="[225] /home/travis/build/icyphy/ptII/ptolemy/actor/lib/test/auto/Minimum.xml (RunModel)" time="0.015" />
  <testcase classname="ptolemy.util.test.junit.AutoTests" name="[226] /home/travis/build/icyphy/ptII/ptolemy/actor/lib/test/auto/MinimumComplex.xml (RunModel)" time="0.027" />
  <testcase classname="ptolemy.util.test.junit.AutoTests" name="[227] /home/travis/build/icyphy/ptII/ptolemy/actor/lib/test/auto/MinimumMultiports.xml (RunModel)" time="0.017" />
  <testcase classname="ptolemy.util.test.junit.AutoTests" name="[228] /home/travis/build/icyphy/ptII/ptolemy/actor/lib/test/auto/ModifyDate.xml (RunModel)" time="0.042" />
  <testcase classname="ptolemy.util.test.junit.AutoTests" name="[229] /home/travis/build/icyphy/ptII/ptolemy/actor/lib/test/auto/ModifyDate2.xml (RunModel)" time="0.029" />
  <testcase classname="ptolemy.util.test.junit.AutoTests" name="[230] /home/travis/build/icyphy/ptII/ptolemy/actor/lib/test/auto/MovingAverage.xml (RunModel)" time="0.022" />
  <testcase classname="ptolemy.util.test.junit.AutoTests" name="[231] /home/travis/build/icyphy/ptII/ptolemy/actor/lib/test/auto/MovingMaximum.xml (RunModel)" time="0.012" />
  <testcase classname="ptolemy.util.test.junit.AutoTests" name="[232] /home/travis/build/icyphy/ptII/ptolemy/actor/lib/test/auto/MultipleLinksToSameRelation.xml (RunModel)" time="0.009" />
  <testcase classname="ptolemy.util.test.junit.AutoTests" name="[233] /home/travis/build/icyphy/ptII/ptolemy/actor/lib/test/auto/MultipleLinksToSameRelationDE.xml (RunModel)" time="0.008" />
  <testcase classname="ptolemy.util.test.junit.AutoTests" name="[234] /home/travis/build/icyphy/ptII/ptolemy/actor/lib/test/auto/Multiplexor.xml (RunModel)" time="0.011" />
  <testcase classname="ptolemy.util.test.junit.AutoTests" name="[235] /home/travis/build/icyphy/ptII/ptolemy/actor/lib/test/auto/Multiplexor1.xml (RunModel)" time="0.012" />
  <testcase classname="ptolemy.util.test.junit.AutoTests" name="[236] /home/travis/build/icyphy/ptII/ptolemy/actor/lib/test/auto/Multiplexor2.xml (RunModel)" time="0.016" />
  <testcase classname="ptolemy.util.test.junit.AutoTests" name="[237] /home/travis/build/icyphy/ptII/ptolemy/actor/lib/test/auto/Multiplexor3.xml (RunModel)" time="0.01" />
  <testcase classname="ptolemy.util.test.junit.AutoTests" name="[238] /home/travis/build/icyphy/ptII/ptolemy/actor/lib/test/auto/MultiplexorDE.xml (RunModel)" time="0.017" />
  <testcase classname="ptolemy.util.test.junit.AutoTests" name="[239] /home/travis/build/icyphy/ptII/ptolemy/actor/lib/test/auto/MultiportBroadcastTest.xml (RunModel)" time="0.1" />
  <testcase classname="ptolemy.util.test.junit.AutoTests" name="[240] /home/travis/build/icyphy/ptII/ptolemy/actor/lib/test/auto/MultiportOutHangDuringGetWidth.xml (RunModel)" time="0.043" />
  <testcase classname="ptolemy.util.test.junit.AutoTests" name="[241] /home/travis/build/icyphy/ptII/ptolemy/actor/lib/test/auto/NilToken.xml (RunModel)" time="0.011" />
  <testcase classname="ptolemy.util.test.junit.AutoTests" name="[242] /home/travis/build/icyphy/ptII/ptolemy/actor/lib/test/auto/NilTokenNonStrictTest.xml (RunModel)" time="0.011" />
  <testcase classname="ptolemy.util.test.junit.AutoTests" name="[243] /home/travis/build/icyphy/ptII/ptolemy/actor/lib/test/auto/NilTokenRecord.xml (RunModel)" time="0.021" />
  <testcase classname="ptolemy.util.test.junit.AutoTests" name="[244] /home/travis/build/icyphy/ptII/ptolemy/actor/lib/test/auto/NilTokenTypeTest.xml (RunModel)" time="0.029" />
  <testcase classname="ptolemy.util.test.junit.AutoTests" name="[245] /home/travis/build/icyphy/ptII/ptolemy/actor/lib/test/auto/ObjectToken1.xml (RunModel)" time="0.007" />
  <testcase classname="ptolemy.util.test.junit.AutoTests" name="[246] /home/travis/build/icyphy/ptII/ptolemy/actor/lib/test/auto/OrderedMerge.xml (RunModel)" time="0.015" />
  <testcase classname="ptolemy.util.test.junit.AutoTests" name="[247] /home/travis/build/icyphy/ptII/ptolemy/actor/lib/test/auto/OrderedRecordDisassembler.xml (RunModel)" time="0.014" />
  <testcase classname="ptolemy.util.test.junit.AutoTests" name="[248] /home/travis/build/icyphy/ptII/ptolemy/actor/lib/test/auto/OrderedRecordDisassembler2.xml (RunModel)" time="0.018" />
  <testcase classname="ptolemy.util.test.junit.AutoTests" name="[249] /home/travis/build/icyphy/ptII/ptolemy/actor/lib/test/auto/OrderedRecordUpdater.xml (RunModel)" time="0.011" />
  <testcase classname="ptolemy.util.test.junit.AutoTests" name="[250] /home/travis/build/icyphy/ptII/ptolemy/actor/lib/test/auto/OrderedRecordUpdater2.xml (RunModel)" time="0.018" />
  <testcase classname="ptolemy.util.test.junit.AutoTests" name="[251] /home/travis/build/icyphy/ptII/ptolemy/actor/lib/test/auto/PhaseUnwrap.xml (RunModel)" time="0.013" />
  <testcase classname="ptolemy.util.test.junit.AutoTests" name="[252] /home/travis/build/icyphy/ptII/ptolemy/actor/lib/test/auto/PoissonClock.xml (RunModel)" time="0.011" />
  <testcase classname="ptolemy.util.test.junit.AutoTests" name="[253] /home/travis/build/icyphy/ptII/ptolemy/actor/lib/test/auto/PoissonClock2.xml (RunModel)" time="0.008" />
  <testcase classname="ptolemy.util.test.junit.AutoTests" name="[254] /home/travis/build/icyphy/ptII/ptolemy/actor/lib/test/auto/PoissonClock3.xml (RunModel)" time="0.028" />
  <testcase classname="ptolemy.util.test.junit.AutoTests" name="[255] /home/travis/build/icyphy/ptII/ptolemy/actor/lib/test/auto/PubSubWithInitialTokens.xml (RunModel)" time="0.017" />
  <testcase classname="ptolemy.util.test.junit.AutoTests" name="[256] /home/travis/build/icyphy/ptII/ptolemy/actor/lib/test/auto/PubSubWithInitialTokens2.xml (RunModel)" time="0.015" />
  <testcase classname="ptolemy.util.test.junit.AutoTests" name="[257] /home/travis/build/icyphy/ptII/ptolemy/actor/lib/test/auto/PublisherClassNoParameter.xml (RunModel)" time="0.025" />
  <testcase classname="ptolemy.util.test.junit.AutoTests" name="[258] /home/travis/build/icyphy/ptII/ptolemy/actor/lib/test/auto/PublisherClassParameter.xml (RunModel)" time="0.022" />
  <testcase classname="ptolemy.util.test.junit.AutoTests" name="[259] /home/travis/build/icyphy/ptII/ptolemy/actor/lib/test/auto/PublisherNonStrictTest.xml (RunModel)" time="0.015" />
  <testcase classname="ptolemy.util.test.junit.AutoTests" name="[260] /home/travis/build/icyphy/ptII/ptolemy/actor/lib/test/auto/PublisherPort1.xml (RunModel)" time="0.022" />
  <testcase classname="ptolemy.util.test.junit.AutoTests" name="[261] /home/travis/build/icyphy/ptII/ptolemy/actor/lib/test/auto/PublisherPort2.xml (RunModel)" time="0.021" />
  <testcase classname="ptolemy.util.test.junit.AutoTests" name="[262] /home/travis/build/icyphy/ptII/ptolemy/actor/lib/test/auto/PublisherPort3.xml (RunModel)" time="0.011" />
  <testcase classname="ptolemy.util.test.junit.AutoTests" name="[263] /home/travis/build/icyphy/ptII/ptolemy/actor/lib/test/auto/PublisherPort4.xml (RunModel)" time="0.014" />
  <testcase classname="ptolemy.util.test.junit.AutoTests" name="[264] /home/travis/build/icyphy/ptII/ptolemy/actor/lib/test/auto/PublisherPort5.xml (RunModel)" time="0.014" />
  <testcase classname="ptolemy.util.test.junit.AutoTests" name="[265] /home/travis/build/icyphy/ptII/ptolemy/actor/lib/test/auto/PublisherPort5LookAlike.xml (RunModel)" time="0.018" />
  <testcase classname="ptolemy.util.test.junit.AutoTests" name="[266] /home/travis/build/icyphy/ptII/ptolemy/actor/lib/test/auto/PublisherPort6.xml (RunModel)" time="0.014" />
  <testcase classname="ptolemy.util.test.junit.AutoTests" name="[267] /home/travis/build/icyphy/ptII/ptolemy/actor/lib/test/auto/PublisherPort7.xml (RunModel)" time="0.016" />
  <testcase classname="ptolemy.util.test.junit.AutoTests" name="[268] /home/travis/build/icyphy/ptII/ptolemy/actor/lib/test/auto/PublisherPort8.xml (RunModel)" time="0.016" />
  <testcase classname="ptolemy.util.test.junit.AutoTests" name="[269] /home/travis/build/icyphy/ptII/ptolemy/actor/lib/test/auto/PublisherPortSubscriberChannelVariablesAOC2.xml (RunModel)" time="0.047" />
  <testcase classname="ptolemy.util.test.junit.AutoTests" name="[270] /home/travis/build/icyphy/ptII/ptolemy/actor/lib/test/auto/PublisherPortSubscriberOpaqueWidthInference.xml (RunModel)" time="0.016" />
  <testcase classname="ptolemy.util.test.junit.AutoTests" name="[271] /home/travis/build/icyphy/ptII/ptolemy/actor/lib/test/auto/PublisherPortSubscriberPortAdjacent.xml (RunModel)" time="0.021" />
  <testcase classname="ptolemy.util.test.junit.AutoTests" name="[272] /home/travis/build/icyphy/ptII/ptolemy/actor/lib/test/auto/PublisherPortSubscriberPortExpression.xml (RunModel)" time="0.017" />
  <testcase classname="ptolemy.util.test.junit.AutoTests" name="[273] /home/travis/build/icyphy/ptII/ptolemy/actor/lib/test/auto/PublisherPortSubscriberPortOpaqueD3Reverse.xml (RunModel)" time="0.019" />
  <testcase classname="ptolemy.util.test.junit.AutoTests" name="[274] /home/travis/build/icyphy/ptII/ptolemy/actor/lib/test/auto/PublisherPortSubscriberPortOpaqueWidthInference.xml (RunModel)" time="0.014" />
  <testcase classname="ptolemy.util.test.junit.AutoTests" name="[275] /home/travis/build/icyphy/ptII/ptolemy/actor/lib/test/auto/PublisherPortToplevelSubscriberPortAOC.xml (RunModel)" time="0.01" />
  <testcase classname="ptolemy.util.test.junit.AutoTests" name="[276] /home/travis/build/icyphy/ptII/ptolemy/actor/lib/test/auto/PublisherSubscriber.xml (RunModel)" time="0.011" />
  <testcase classname="ptolemy.util.test.junit.AutoTests" name="[277] /home/travis/build/icyphy/ptII/ptolemy/actor/lib/test/auto/PublisherSubscriber10.xml (RunModel)" time="0.019" />
  <testcase classname="ptolemy.util.test.junit.AutoTests" name="[278] /home/travis/build/icyphy/ptII/ptolemy/actor/lib/test/auto/PublisherSubscriber10InitialOutputs.xml (RunModel)" time="0.026" />
  <testcase classname="ptolemy.util.test.junit.AutoTests" name="[279] /home/travis/build/icyphy/ptII/ptolemy/actor/lib/test/auto/PublisherSubscriber11.xml (RunModel)" time="0.02" />
  <testcase classname="ptolemy.util.test.junit.AutoTests" name="[280] /home/travis/build/icyphy/ptII/ptolemy/actor/lib/test/auto/PublisherSubscriber12.xml (RunModel)" time="0.021" />
  <testcase classname="ptolemy.util.test.junit.AutoTests" name="[281] /home/travis/build/icyphy/ptII/ptolemy/actor/lib/test/auto/PublisherSubscriber13.xml (RunModel)" time="0.012" />
  <testcase classname="ptolemy.util.test.junit.AutoTests" name="[282] /home/travis/build/icyphy/ptII/ptolemy/actor/lib/test/auto/PublisherSubscriber14.xml (RunModel)" time="0.018" />
  <testcase classname="ptolemy.util.test.junit.AutoTests" name="[283] /home/travis/build/icyphy/ptII/ptolemy/actor/lib/test/auto/PublisherSubscriber2.xml (RunModel)" time="0.011" />
  <testcase classname="ptolemy.util.test.junit.AutoTests" name="[284] /home/travis/build/icyphy/ptII/ptolemy/actor/lib/test/auto/PublisherSubscriber3.xml (RunModel)" time="0.01" />
  <testcase classname="ptolemy.util.test.junit.AutoTests" name="[285] /home/travis/build/icyphy/ptII/ptolemy/actor/lib/test/auto/PublisherSubscriber4.xml (RunModel)" time="0.008" />
  <testcase classname="ptolemy.util.test.junit.AutoTests" name="[286] /home/travis/build/icyphy/ptII/ptolemy/actor/lib/test/auto/PublisherSubscriber5.xml (RunModel)" time="0.011" />
  <testcase classname="ptolemy.util.test.junit.AutoTests" name="[287] /home/travis/build/icyphy/ptII/ptolemy/actor/lib/test/auto/PublisherSubscriber6.xml (RunModel)" time="0.014" />
  <testcase classname="ptolemy.util.test.junit.AutoTests" name="[288] /home/travis/build/icyphy/ptII/ptolemy/actor/lib/test/auto/PublisherSubscriber7.xml (RunModel)" time="0.017" />
  <testcase classname="ptolemy.util.test.junit.AutoTests" name="[289] /home/travis/build/icyphy/ptII/ptolemy/actor/lib/test/auto/PublisherSubscriber8.xml (RunModel)" time="0.031" />
  <testcase classname="ptolemy.util.test.junit.AutoTests" name="[290] /home/travis/build/icyphy/ptII/ptolemy/actor/lib/test/auto/PublisherSubscriber9.xml (RunModel)" time="0.014" />
  <testcase classname="ptolemy.util.test.junit.AutoTests" name="[291] /home/travis/build/icyphy/ptII/ptolemy/actor/lib/test/auto/PublisherSubscriberAdjacent.xml (RunModel)" time="0.014" />
  <testcase classname="ptolemy.util.test.junit.AutoTests" name="[292] /home/travis/build/icyphy/ptII/ptolemy/actor/lib/test/auto/PublisherSubscriberChannelVariablesAOC2.xml (RunModel)" time="0.03" />
  <testcase classname="ptolemy.util.test.junit.AutoTests" name="[293] /home/travis/build/icyphy/ptII/ptolemy/actor/lib/test/auto/PublisherSubscriberD3.xml (RunModel)" time="0.012" />
  <testcase classname="ptolemy.util.test.junit.AutoTests" name="[294] /home/travis/build/icyphy/ptII/ptolemy/actor/lib/test/auto/PublisherSubscriberD3Reverse.xml (RunModel)" time="0.012" />
  <testcase classname="ptolemy.util.test.junit.AutoTests" name="[295] /home/travis/build/icyphy/ptII/ptolemy/actor/lib/test/auto/PublisherSubscriberExpression.xml (RunModel)" time="0.03" />
  <testcase classname="ptolemy.util.test.junit.AutoTests" name="[296] /home/travis/build/icyphy/ptII/ptolemy/actor/lib/test/auto/PublisherSubscriberOpaque.xml (RunModel)" time="0.019" />
  <testcase classname="ptolemy.util.test.junit.AutoTests" name="[297] /home/travis/build/icyphy/ptII/ptolemy/actor/lib/test/auto/PublisherSubscriberOpaqueD3.xml (RunModel)" time="0.021" />
  <testcase classname="ptolemy.util.test.junit.AutoTests" name="[298] /home/travis/build/icyphy/ptII/ptolemy/actor/lib/test/auto/PublisherSubscriberOpaqueD3Reverse.xml (RunModel)" time="0.021" />
  <testcase classname="ptolemy.util.test.junit.AutoTests" name="[299] /home/travis/build/icyphy/ptII/ptolemy/actor/lib/test/auto/PublisherSubscriberOpaqueWidthInference.xml (RunModel)" time="0.015" />
  <testcase classname="ptolemy.util.test.junit.AutoTests" name="[300] /home/travis/build/icyphy/ptII/ptolemy/actor/lib/test/auto/PublisherTestSubscriber.xml (RunModel)" time="0.015" />
  <testcase classname="ptolemy.util.test.junit.AutoTests" name="[301] /home/travis/build/icyphy/ptII/ptolemy/actor/lib/test/auto/PublisherToplevelSubscriberPortAOC.xml (RunModel)" time="0.009" />
  <testcase classname="ptolemy.util.test.junit.AutoTests" name="[302] /home/travis/build/icyphy/ptII/ptolemy/actor/lib/test/auto/PulseFiringLimitDE.xml (RunModel)" time="0.013" />
  <testcase classname="ptolemy.util.test.junit.AutoTests" name="[303] /home/travis/build/icyphy/ptII/ptolemy/actor/lib/test/auto/Ramp1.xml (RunModel)" time="0.006" />
  <testcase classname="ptolemy.util.test.junit.AutoTests" name="[304] /home/travis/build/icyphy/ptII/ptolemy/actor/lib/test/auto/RampFiringLimitDE.xml (RunModel)" time="0.009" />
  <testcase classname="ptolemy.util.test.junit.AutoTests" name="[305] /home/travis/build/icyphy/ptII/ptolemy/actor/lib/test/auto/RampFiringLimitSDF.xml (RunModel)" time="0.009" />
  <testcase classname="ptolemy.util.test.junit.AutoTests" name="[306] /home/travis/build/icyphy/ptII/ptolemy/actor/lib/test/auto/RandomInteger.xml (RunModel)" time="0.007" />
  <testcase classname="ptolemy.util.test.junit.AutoTests" name="[307] /home/travis/build/icyphy/ptII/ptolemy/actor/lib/test/auto/ReadFile1.xml (RunModel)" time="0.007" />
  <testcase classname="ptolemy.util.test.junit.AutoTests" name="[308] /home/travis/build/icyphy/ptII/ptolemy/actor/lib/test/auto/ReadFile2.xml (RunModel)" time="0.01" />
  <testcase classname="ptolemy.util.test.junit.AutoTests" name="[309] /home/travis/build/icyphy/ptII/ptolemy/actor/lib/test/auto/Reader.xml (RunModel)" time="0.013" />
  <testcase classname="ptolemy.util.test.junit.AutoTests" name="[310] /home/travis/build/icyphy/ptII/ptolemy/actor/lib/test/auto/RecordAssemblerDisplayNameTest.xml (RunModel)" time="3.651" />
  <testcase classname="ptolemy.util.test.junit.AutoTests" name="[311] /home/travis/build/icyphy/ptII/ptolemy/actor/lib/test/auto/RecordAssemblerTypeError.xml (RunModel)" time="0.039" />
  <testcase classname="ptolemy.util.test.junit.AutoTests" name="[312] /home/travis/build/icyphy/ptII/ptolemy/actor/lib/test/auto/RecordDisassember.xml (RunModel)" time="0.037" />
  <testcase classname="ptolemy.util.test.junit.AutoTests" name="[313] /home/travis/build/icyphy/ptII/ptolemy/actor/lib/test/auto/RecordDisassemberDisplayNameTest.xml (RunModel)" time="0.022" />
  <testcase classname="ptolemy.util.test.junit.AutoTests" name="[314] /home/travis/build/icyphy/ptII/ptolemy/actor/lib/test/auto/RecordDisassembler.xml (RunModel)" time="0.008" />
  <testcase classname="ptolemy.util.test.junit.AutoTests" name="[315] /home/travis/build/icyphy/ptII/ptolemy/actor/lib/test/auto/RecordDisassembler2.xml (RunModel)" time="0.009" />
  <testcase classname="ptolemy.util.test.junit.AutoTests" name="[316] /home/travis/build/icyphy/ptII/ptolemy/actor/lib/test/auto/RecordUpdater.xml (RunModel)" time="0.009" />
  <testcase classname="ptolemy.util.test.junit.AutoTests" name="[317] /home/travis/build/icyphy/ptII/ptolemy/actor/lib/test/auto/RecordUpdater2.xml (RunModel)" time="0.007" />
  <testcase classname="ptolemy.util.test.junit.AutoTests" name="[318] /home/travis/build/icyphy/ptII/ptolemy/actor/lib/test/auto/RecursiveLattice.xml (RunModel)" time="0.007" />
  <testcase classname="ptolemy.util.test.junit.AutoTests" name="[319] /home/travis/build/icyphy/ptII/ptolemy/actor/lib/test/auto/Router.xml (RunModel)" time="3.027" />
  <testcase classname="ptolemy.util.test.junit.AutoTests" name="[320] /home/travis/build/icyphy/ptII/ptolemy/actor/lib/test/auto/Router2.xml (RunModel)" time="3.021" />
  <testcase classname="ptolemy.util.test.junit.AutoTests" name="[321] /home/travis/build/icyphy/ptII/ptolemy/actor/lib/test/auto/RunningMaximum.xml (RunModel)" time="0.024" />
  <testcase classname="ptolemy.util.test.junit.AutoTests" name="[322] /home/travis/build/icyphy/ptII/ptolemy/actor/lib/test/auto/RunningMinimum.xml (RunModel)" time="0.011" />
  <testcase classname="ptolemy.util.test.junit.AutoTests" name="[323] /home/travis/build/icyphy/ptII/ptolemy/actor/lib/test/auto/Scale.xml (RunModel)" time="0.007" />
  <testcase classname="ptolemy.util.test.junit.AutoTests" name="[324] /home/travis/build/icyphy/ptII/ptolemy/actor/lib/test/auto/Scale2.xml (RunModel)" time="0.008" />
  <testcase classname="ptolemy.util.test.junit.AutoTests" name="[325] /home/travis/build/icyphy/ptII/ptolemy/actor/lib/test/auto/Scale3.xml (RunModel)" time="0.013" />
  <testcase classname="ptolemy.util.test.junit.AutoTests" name="[326] /home/travis/build/icyphy/ptII/ptolemy/actor/lib/test/auto/ScaleArray.xml (RunModel)" time="0.007" />
  <testcase classname="ptolemy.util.test.junit.AutoTests" name="[327] /home/travis/build/icyphy/ptII/ptolemy/actor/lib/test/auto/ScaleArray2.xml (RunModel)" time="0.008" />
  <testcase classname="ptolemy.util.test.junit.AutoTests" name="[328] /home/travis/build/icyphy/ptII/ptolemy/actor/lib/test/auto/ScaleMatrix.xml (RunModel)" time="0.143" />
  <testcase classname="ptolemy.util.test.junit.AutoTests" name="[329] /home/travis/build/icyphy/ptII/ptolemy/actor/lib/test/auto/Select.xml (RunModel)" time="0.012" />
  <testcase classname="ptolemy.util.test.junit.AutoTests" name="[330] /home/travis/build/icyphy/ptII/ptolemy/actor/lib/test/auto/Select2.xml (RunModel)" time="0.008" />
  <testcase classname="ptolemy.util.test.junit.AutoTests" name="[331] /home/travis/build/icyphy/ptII/ptolemy/actor/lib/test/auto/SequenceToArray2.xml (RunModel)" time="0.104" />
  <testcase classname="ptolemy.util.test.junit.AutoTests" name="[332] /home/travis/build/icyphy/ptII/ptolemy/actor/lib/test/auto/SequentialClock.xml (RunModel)" time="0.009" />
  <testcase classname="ptolemy.util.test.junit.AutoTests" name="[333] /home/travis/build/icyphy/ptII/ptolemy/actor/lib/test/auto/SetVariable.xml (RunModel)" time="0.01" />
  <testcase classname="ptolemy.util.test.junit.AutoTests" name="[334] /home/travis/build/icyphy/ptII/ptolemy/actor/lib/test/auto/SetVariable2.xml (RunModel)" time="0.018" />
  <testcase classname="ptolemy.util.test.junit.AutoTests" name="[335] /home/travis/build/icyphy/ptII/ptolemy/actor/lib/test/auto/SetVariable3.xml (RunModel)" time="0.016" />
  <testcase classname="ptolemy.util.test.junit.AutoTests" name="[336] /home/travis/build/icyphy/ptII/ptolemy/actor/lib/test/auto/SetVariable4.xml (RunModel)" time="0.032" />
  <testcase classname="ptolemy.util.test.junit.AutoTests" name="[337] /home/travis/build/icyphy/ptII/ptolemy/actor/lib/test/auto/SetVariable5.xml (RunModel)" time="0.034" />
  <testcase classname="ptolemy.util.test.junit.AutoTests" name="[338] /home/travis/build/icyphy/ptII/ptolemy/actor/lib/test/auto/Sinewave.xml (RunModel)" time="0.028" />
  <testcase classname="ptolemy.util.test.junit.AutoTests" name="[339] /home/travis/build/icyphy/ptII/ptolemy/actor/lib/test/auto/Sinewave2.xml (RunModel)" time="0.017" />
  <testcase classname="ptolemy.util.test.junit.AutoTests" name="[340] /home/travis/build/icyphy/ptII/ptolemy/actor/lib/test/auto/Sinewave3.xml (RunModel)" time="0.019" />
  <testcase classname="ptolemy.util.test.junit.AutoTests" name="[341] /home/travis/build/icyphy/ptII/ptolemy/actor/lib/test/auto/SingleEvent.xml (RunModel)" time="0.01" />
  <testcase classname="ptolemy.util.test.junit.AutoTests" name="[342] /home/travis/build/icyphy/ptII/ptolemy/actor/lib/test/auto/Sleep.xml (RunModel)" time="6.024" />
  <testcase classname="ptolemy.util.test.junit.AutoTests" name="[343] /home/travis/build/icyphy/ptII/ptolemy/actor/lib/test/auto/SleepMultipleFire.xml (RunModel)" time="1.023" />
  <testcase classname="ptolemy.util.test.junit.AutoTests" name="[344] /home/travis/build/icyphy/ptII/ptolemy/actor/lib/test/auto/StopDE.xml (RunModel)" time="0.017" />
  <testcase classname="ptolemy.util.test.junit.AutoTests" name="[345] /home/travis/build/icyphy/ptII/ptolemy/actor/lib/test/auto/StopSDF.xml (RunModel)" time="0.02" />
  <testcase classname="ptolemy.util.test.junit.AutoTests" name="[346] /home/travis/build/icyphy/ptII/ptolemy/actor/lib/test/auto/StringConstant.xml (RunModel)" time="0.018" />
  <testcase classname="ptolemy.util.test.junit.AutoTests" name="[347] /home/travis/build/icyphy/ptII/ptolemy/actor/lib/test/auto/SubscriberPortInitialValues1.xml (RunModel)" time="0.029" />
  <testcase classname="ptolemy.util.test.junit.AutoTests" name="[348] /home/travis/build/icyphy/ptII/ptolemy/actor/lib/test/auto/SubscriberPortInitialValues13.xml (RunModel)" time="0.025" />
  <testcase classname="ptolemy.util.test.junit.AutoTests" name="[349] /home/travis/build/icyphy/ptII/ptolemy/actor/lib/test/auto/SubscriberPortInitialValues14.xml (RunModel)" time="0.014" />
  <testcase classname="ptolemy.util.test.junit.AutoTests" name="[350] /home/travis/build/icyphy/ptII/ptolemy/actor/lib/test/auto/SubscriberPortInitialValues2.xml (RunModel)" time="0.014" />
  <testcase classname="ptolemy.util.test.junit.AutoTests" name="[351] /home/travis/build/icyphy/ptII/ptolemy/actor/lib/test/auto/SubscriberPortInitialValues3.xml (RunModel)" time="0.017" />
  <testcase classname="ptolemy.util.test.junit.AutoTests" name="[352] /home/travis/build/icyphy/ptII/ptolemy/actor/lib/test/auto/SubscriptionAggregator.xml (RunModel)" time="0.011" />
  <testcase classname="ptolemy.util.test.junit.AutoTests" name="[353] /home/travis/build/icyphy/ptII/ptolemy/actor/lib/test/auto/SubscriptionAggregator2.xml (RunModel)" time="0.011" />
  <testcase classname="ptolemy.util.test.junit.AutoTests" name="[354] /home/travis/build/icyphy/ptII/ptolemy/actor/lib/test/auto/SubscriptionAggregator3.xml (RunModel)" time="0.015" />
  <testcase classname="ptolemy.util.test.junit.AutoTests" name="[355] /home/travis/build/icyphy/ptII/ptolemy/actor/lib/test/auto/SubscriptionAggregatorMultiply.xml (RunModel)" time="0.026" />
  <testcase classname="ptolemy.util.test.junit.AutoTests" name="[356] /home/travis/build/icyphy/ptII/ptolemy/actor/lib/test/auto/SubscriptionAggregatorPortMultiply1.xml (RunModel)" time="0.023" />
  <testcase classname="ptolemy.util.test.junit.AutoTests" name="[357] /home/travis/build/icyphy/ptII/ptolemy/actor/lib/test/auto/Switch.xml (RunModel)" time="0.016" />
  <testcase classname="ptolemy.util.test.junit.AutoTests" name="[358] /home/travis/build/icyphy/ptII/ptolemy/actor/lib/test/auto/Switch2.xml (RunModel)" time="0.012" />
  <testcase classname="ptolemy.util.test.junit.AutoTests" name="[359] /home/travis/build/icyphy/ptII/ptolemy/actor/lib/test/auto/SwitchDE.xml (RunModel)" time="0.013" />
  <testcase classname="ptolemy.util.test.junit.AutoTests" name="[360] /home/travis/build/icyphy/ptII/ptolemy/actor/lib/test/auto/SynchronizerDE.xml (RunModel)" time="0.02" />
  <testcase classname="ptolemy.util.test.junit.AutoTests" name="[361] /home/travis/build/icyphy/ptII/ptolemy/actor/lib/test/auto/Test.xml (RunModel)" time="0.009" />
  <testcase classname="ptolemy.util.test.junit.AutoTests" name="[362] /home/travis/build/icyphy/ptII/ptolemy/actor/lib/test/auto/TestExceptionAttribute1.xml (RunModel)" time="0.006" />
  <testcase classname="ptolemy.util.test.junit.AutoTests" name="[363] /home/travis/build/icyphy/ptII/ptolemy/actor/lib/test/auto/TestExceptionAttribute2.xml (RunModel)" time="0.011" />
  <testcase classname="ptolemy.util.test.junit.AutoTests" name="[364] /home/travis/build/icyphy/ptII/ptolemy/actor/lib/test/auto/TestExceptionAttribute3.xml (RunModel)" time="0.01" />
  <testcase classname="ptolemy.util.test.junit.AutoTests" name="[365] /home/travis/build/icyphy/ptII/ptolemy/actor/lib/test/auto/TestExceptionAttribute4.xml (RunModel)" time="0.008" />
  <testcase classname="ptolemy.util.test.junit.AutoTests" name="[366] /home/travis/build/icyphy/ptII/ptolemy/actor/lib/test/auto/TestExceptionHandler1.xml (RunModel)" time="0.006" />
  <testcase classname="ptolemy.util.test.junit.AutoTests" name="[367] /home/travis/build/icyphy/ptII/ptolemy/actor/lib/test/auto/TestExceptionHandler2.xml (RunModel)" time="0.012" />
  <testcase classname="ptolemy.util.test.junit.AutoTests" name="[368] /home/travis/build/icyphy/ptII/ptolemy/actor/lib/test/auto/TestExceptionHandler3.xml (RunModel)" time="0.006" />
  <testcase classname="ptolemy.util.test.junit.AutoTests" name="[369] /home/travis/build/icyphy/ptII/ptolemy/actor/lib/test/auto/TestExceptionHandler4.xml (RunModel)" time="0.006" />
  <testcase classname="ptolemy.util.test.junit.AutoTests" name="[370] /home/travis/build/icyphy/ptII/ptolemy/actor/lib/test/auto/TestRequireCorrectOrder.xml (RunModel)" time="0.017" />
  <testcase classname="ptolemy.util.test.junit.AutoTests" name="[371] /home/travis/build/icyphy/ptII/ptolemy/actor/lib/test/auto/TestSimple.xml (RunModel)" time="0.008" />
  <testcase classname="ptolemy.util.test.junit.AutoTests" name="[372] /home/travis/build/icyphy/ptII/ptolemy/actor/lib/test/auto/ThrowModelError.xml (RunModel)" time="0.01" />
  <testcase classname="ptolemy.util.test.junit.AutoTests" name="[373] /home/travis/build/icyphy/ptII/ptolemy/actor/lib/test/auto/TimeDelayMicrosteps.xml (RunModel)" time="0.012" />
  <testcase classname="ptolemy.util.test.junit.AutoTests" name="[374] /home/travis/build/icyphy/ptII/ptolemy/actor/lib/test/auto/TimeDelayMicrosteps2.xml (RunModel)" time="0.013" />
  <testcase classname="ptolemy.util.test.junit.AutoTests" name="[375] /home/travis/build/icyphy/ptII/ptolemy/actor/lib/test/auto/TimeDelayMicrosteps3.xml (RunModel)" time="0.011" />
  <testcase classname="ptolemy.util.test.junit.AutoTests" name="[376] /home/travis/build/icyphy/ptII/ptolemy/actor/lib/test/auto/TimeDelayVariableMicrosteps.xml (RunModel)" time="0.012" />
  <testcase classname="ptolemy.util.test.junit.AutoTests" name="[377] /home/travis/build/icyphy/ptII/ptolemy/actor/lib/test/auto/TimeGap.xml (RunModel)" time="0.013" />
  <testcase classname="ptolemy.util.test.junit.AutoTests" name="[378] /home/travis/build/icyphy/ptII/ptolemy/actor/lib/test/auto/TimeGap2.xml (RunModel)" time="0.01" />
  <testcase classname="ptolemy.util.test.junit.AutoTests" name="[379] /home/travis/build/icyphy/ptII/ptolemy/actor/lib/test/auto/TimedSinewave.xml (RunModel)" time="0.051" />
  <testcase classname="ptolemy.util.test.junit.AutoTests" name="[380] /home/travis/build/icyphy/ptII/ptolemy/actor/lib/test/auto/TimedSinewavePhase.xml (RunModel)" time="0.022" />
  <testcase classname="ptolemy.util.test.junit.AutoTests" name="[381] /home/travis/build/icyphy/ptII/ptolemy/actor/lib/test/auto/Timer.xml (RunModel)" time="0.02" />
  <testcase classname="ptolemy.util.test.junit.AutoTests" name="[382] /home/travis/build/icyphy/ptII/ptolemy/actor/lib/test/auto/TriangularDistTestModel.xml (RunModel)" time="0.017" />
  <testcase classname="ptolemy.util.test.junit.AutoTests" name="[383] /home/travis/build/icyphy/ptII/ptolemy/actor/lib/test/auto/TrigFunction.xml (RunModel)" time="0.008" />
  <testcase classname="ptolemy.util.test.junit.AutoTests" name="[384] /home/travis/build/icyphy/ptII/ptolemy/actor/lib/test/auto/TrigFunctionDE.xml (RunModel)" time="0.011" />
  <testcase classname="ptolemy.util.test.junit.AutoTests" name="[385] /home/travis/build/icyphy/ptII/ptolemy/actor/lib/test/auto/TrigFunctionInverse.xml (RunModel)" time="0.009" />
  <testcase classname="ptolemy.util.test.junit.AutoTests" name="[386] /home/travis/build/icyphy/ptII/ptolemy/actor/lib/test/auto/TrigFunctionTan.xml (RunModel)" time="0.006" />
  <testcase classname="ptolemy.util.test.junit.AutoTests" name="[387] /home/travis/build/icyphy/ptII/ptolemy/actor/lib/test/auto/TriggeredClock.xml (RunModel)" time="0.008" />
  <testcase classname="ptolemy.util.test.junit.AutoTests" name="[388] /home/travis/build/icyphy/ptII/ptolemy/actor/lib/test/auto/URLDirectoryReader.xml (RunModel)" time="0.084" />
  <testcase classname="ptolemy.util.test.junit.AutoTests" name="[389] /home/travis/build/icyphy/ptII/ptolemy/actor/lib/test/auto/URLDirectoryReader3.xml (RunModel)" time="1.292" />
  <testcase classname="ptolemy.util.test.junit.AutoTests" name="[390] /home/travis/build/icyphy/ptII/ptolemy/actor/lib/test/auto/UnaryMathFunction.xml (RunModel)" time="0.038" />
  <testcase classname="ptolemy.util.test.junit.AutoTests" name="[391] /home/travis/build/icyphy/ptII/ptolemy/actor/lib/test/auto/Uniform.xml (RunModel)" time="0.012" />
  <testcase classname="ptolemy.util.test.junit.AutoTests" name="[392] /home/travis/build/icyphy/ptII/ptolemy/actor/lib/test/auto/UnionDisassemblerTest.xml (RunModel)" time="0.012" />
  <testcase classname="ptolemy.util.test.junit.AutoTests" name="[393] /home/travis/build/icyphy/ptII/ptolemy/actor/lib/test/auto/UtilityFunctions.xml (RunModel)" time="0.006" />
  <testcase classname="ptolemy.util.test.junit.AutoTests" name="[394] /home/travis/build/icyphy/ptII/ptolemy/actor/lib/test/auto/VariableSleep.xml (RunModel)" time="0.511" />
  <testcase classname="ptolemy.util.test.junit.AutoTests" name="[395] /home/travis/build/icyphy/ptII/ptolemy/actor/lib/test/auto/VectorAssemblerDisassemblerCT.xml (RunModel)" time="0.091" />
  <testcase classname="ptolemy.util.test.junit.AutoTests" name="[396] /home/travis/build/icyphy/ptII/ptolemy/actor/lib/test/auto/VectorAssemblerDisassemblerDE.xml (RunModel)" time="0.017" />
  <testcase classname="ptolemy.util.test.junit.AutoTests" name="[397] /home/travis/build/icyphy/ptII/ptolemy/actor/lib/test/auto/VectorAssemblerDisassemblerSDF.xml (RunModel)" time="0.011" />
  <testcase classname="ptolemy.util.test.junit.AutoTests" name="[398] /home/travis/build/icyphy/ptII/ptolemy/actor/lib/test/auto/WallClockTime.xml (RunModel)" time="1.012" />
  <testcase classname="ptolemy.util.test.junit.AutoTests" name="[399] /home/travis/build/icyphy/ptII/ptolemy/actor/lib/test/auto/WidthTestWithSubscriberPublisher.xml (RunModel)" time="0.041" />
  <testcase classname="ptolemy.util.test.junit.AutoTests" name="[400] /home/travis/build/icyphy/ptII/ptolemy/actor/lib/test/auto/WidthTestWithSubscriberPublisher2.xml (RunModel)" time="0.013" />
  <testcase classname="ptolemy.util.test.junit.AutoTests" name="[401] /home/travis/build/icyphy/ptII/ptolemy/actor/lib/test/auto/WidthTestWithSubscriberPublisher3.xml (RunModel)" time="0.011" />
  <testcase classname="ptolemy.util.test.junit.AutoTests" name="[402] /home/travis/build/icyphy/ptII/ptolemy/actor/lib/test/auto/Writer.xml (RunModel)" time="0.006" />
  <testcase classname="ptolemy.util.test.junit.AutoTests" name="[403] /home/travis/build/icyphy/ptII/ptolemy/actor/lib/test/auto/array.xml (RunModel)" time="0.008" />
  <testcase classname="ptolemy.util.test.junit.AutoTests" name="[404] /home/travis/build/icyphy/ptII/ptolemy/actor/lib/test/auto/array2.xml (RunModel)" time="0.01" />
  <testcase classname="ptolemy.util.test.junit.AutoTests" name="[405] /home/travis/build/icyphy/ptII/ptolemy/actor/lib/test/auto/arrayType.xml (RunModel)" time="0.01" />
  <testcase classname="ptolemy.util.test.junit.AutoTests" name="[406] /home/travis/build/icyphy/ptII/ptolemy/actor/lib/test/auto/arrayType10.xml (RunModel)" time="0.007" />
  <testcase classname="ptolemy.util.test.junit.AutoTests" name="[407] /home/travis/build/icyphy/ptII/ptolemy/actor/lib/test/auto/arrayType11.xml (RunModel)" time="0.007" />
  <testcase classname="ptolemy.util.test.junit.AutoTests" name="[408] /home/travis/build/icyphy/ptII/ptolemy/actor/lib/test/auto/arrayType12.xml (RunModel)" time="0.009" />
  <testcase classname="ptolemy.util.test.junit.AutoTests" name="[409] /home/travis/build/icyphy/ptII/ptolemy/actor/lib/test/auto/arrayType13.xml (RunModel)" time="0.008" />
  <testcase classname="ptolemy.util.test.junit.AutoTests" name="[410] /home/travis/build/icyphy/ptII/ptolemy/actor/lib/test/auto/arrayType14.xml (RunModel)" time="0.008" />
  <testcase classname="ptolemy.util.test.junit.AutoTests" name="[411] /home/travis/build/icyphy/ptII/ptolemy/actor/lib/test/auto/arrayType15.xml (RunModel)" time="0.009" />
  <testcase classname="ptolemy.util.test.junit.AutoTests" name="[412] /home/travis/build/icyphy/ptII/ptolemy/actor/lib/test/auto/arrayType16.xml (RunModel)" time="0.008" />
  <testcase classname="ptolemy.util.test.junit.AutoTests" name="[413] /home/travis/build/icyphy/ptII/ptolemy/actor/lib/test/auto/arrayType17.xml (RunModel)" time="0.008" />
  <testcase classname="ptolemy.util.test.junit.AutoTests" name="[414] /home/travis/build/icyphy/ptII/ptolemy/actor/lib/test/auto/arrayType18.xml (RunModel)" time="0.007" />
  <testcase classname="ptolemy.util.test.junit.AutoTests" name="[415] /home/travis/build/icyphy/ptII/ptolemy/actor/lib/test/auto/arrayType19.xml (RunModel)" time="0.007" />
  <testcase classname="ptolemy.util.test.junit.AutoTests" name="[416] /home/travis/build/icyphy/ptII/ptolemy/actor/lib/test/auto/arrayType2.xml (RunModel)" time="0.007" />
  <testcase classname="ptolemy.util.test.junit.AutoTests" name="[417] /home/travis/build/icyphy/ptII/ptolemy/actor/lib/test/auto/arrayType20.xml (RunModel)" time="0.008" />
  <testcase classname="ptolemy.util.test.junit.AutoTests" name="[418] /home/travis/build/icyphy/ptII/ptolemy/actor/lib/test/auto/arrayType21.xml (RunModel)" time="0.007" />
  <testcase classname="ptolemy.util.test.junit.AutoTests" name="[419] /home/travis/build/icyphy/ptII/ptolemy/actor/lib/test/auto/arrayType22.xml (RunModel)" time="0.007" />
  <testcase classname="ptolemy.util.test.junit.AutoTests" name="[420] /home/travis/build/icyphy/ptII/ptolemy/actor/lib/test/auto/arrayType23.xml (RunModel)" time="0.008" />
  <testcase classname="ptolemy.util.test.junit.AutoTests" name="[421] /home/travis/build/icyphy/ptII/ptolemy/actor/lib/test/auto/arrayType24.xml (RunModel)" time="0.007" />
  <testcase classname="ptolemy.util.test.junit.AutoTests" name="[422] /home/travis/build/icyphy/ptII/ptolemy/actor/lib/test/auto/arrayType25.xml (RunModel)" time="0.029" />
  <testcase classname="ptolemy.util.test.junit.AutoTests" name="[423] /home/travis/build/icyphy/ptII/ptolemy/actor/lib/test/auto/arrayType26.xml (RunModel)" time="0.033" />
  <testcase classname="ptolemy.util.test.junit.AutoTests" name="[424] /home/travis/build/icyphy/ptII/ptolemy/actor/lib/test/auto/arrayType27.xml (RunModel)" time="0.037" />
  <testcase classname="ptolemy.util.test.junit.AutoTests" name="[425] /home/travis/build/icyphy/ptII/ptolemy/actor/lib/test/auto/arrayType28.xml (RunModel)" time="0.032" />
  <testcase classname="ptolemy.util.test.junit.AutoTests" name="[426] /home/travis/build/icyphy/ptII/ptolemy/actor/lib/test/auto/arrayType3.xml (RunModel)" time="0.061" />
  <testcase classname="ptolemy.util.test.junit.AutoTests" name="[427] /home/travis/build/icyphy/ptII/ptolemy/actor/lib/test/auto/arrayType4.xml (RunModel)" time="0.03" />
  <testcase classname="ptolemy.util.test.junit.AutoTests" name="[428] /home/travis/build/icyphy/ptII/ptolemy/actor/lib/test/auto/arrayType5.xml (RunModel)" time="0.036" />
  <testcase classname="ptolemy.util.test.junit.AutoTests" name="[429] /home/travis/build/icyphy/ptII/ptolemy/actor/lib/test/auto/arrayType6.xml (RunModel)" time="0.03" />
  <testcase classname="ptolemy.util.test.junit.AutoTests" name="[430] /home/travis/build/icyphy/ptII/ptolemy/actor/lib/test/auto/arrayType7.xml (RunModel)" time="0.007" />
  <testcase classname="ptolemy.util.test.junit.AutoTests" name="[431] /home/travis/build/icyphy/ptII/ptolemy/actor/lib/test/auto/arrayType8.xml (RunModel)" time="0.008" />
  <testcase classname="ptolemy.util.test.junit.AutoTests" name="[432] /home/travis/build/icyphy/ptII/ptolemy/actor/lib/test/auto/arrayType9.xml (RunModel)" time="0.013" />
  <testcase classname="ptolemy.util.test.junit.AutoTests" name="[433] /home/travis/build/icyphy/ptII/ptolemy/actor/lib/test/auto/cast.xml (RunModel)" time="0.011" />
  <testcase classname="ptolemy.util.test.junit.AutoTests" name="[434] /home/travis/build/icyphy/ptII/ptolemy/actor/lib/test/auto/compositeMultiPort.xml (RunModel)" time="0.017" />
  <testcase classname="ptolemy.util.test.junit.AutoTests" name="[435] /home/travis/build/icyphy/ptII/ptolemy/actor/lib/test/auto/expressionCastInference.xml (RunModel)" time="0.007" />
  <testcase classname="ptolemy.util.test.junit.AutoTests" name="[436] /home/travis/build/icyphy/ptII/ptolemy/actor/lib/test/auto/expressionCastInference2.xml (RunModel)" time="0.007" />
  <testcase classname="ptolemy.util.test.junit.AutoTests" name="[437] /home/travis/build/icyphy/ptII/ptolemy/actor/lib/test/auto/expressionInference.xml (RunModel)" time="0.006" />
  <testcase classname="ptolemy.util.test.junit.AutoTests" name="[438] /home/travis/build/icyphy/ptII/ptolemy/actor/lib/test/auto/expression_bug.xml (RunModel)" time="0.006" />
  <testcase classname="ptolemy.util.test.junit.AutoTests" name="[439] /home/travis/build/icyphy/ptII/ptolemy/actor/lib/test/auto/factorial.xml (RunModel)" time="0.055" />
  <testcase classname="ptolemy.util.test.junit.AutoTests" name="[440] /home/travis/build/icyphy/ptII/ptolemy/actor/lib/test/auto/filterTest1.xml (RunModel)" time="0.012" />
  <testcase classname="ptolemy.util.test.junit.AutoTests" name="[441] /home/travis/build/icyphy/ptII/ptolemy/actor/lib/test/auto/funcApplyInConst.xml (RunModel)" time="0.005" />
  <testcase classname="ptolemy.util.test.junit.AutoTests" name="[442] /home/travis/build/icyphy/ptII/ptolemy/actor/lib/test/auto/funcApplyInExpr.xml (RunModel)" time="0.005" />
  <testcase classname="ptolemy.util.test.junit.AutoTests" name="[443] /home/travis/build/icyphy/ptII/ptolemy/actor/lib/test/auto/function.xml (RunModel)" time="0.009" />
  <testcase classname="ptolemy.util.test.junit.AutoTests" name="[444] /home/travis/build/icyphy/ptII/ptolemy/actor/lib/test/auto/function2.xml (RunModel)" time="0.009" />
  <testcase classname="ptolemy.util.test.junit.AutoTests" name="[445] /home/travis/build/icyphy/ptII/ptolemy/actor/lib/test/auto/function3.xml (RunModel)" time="0.006" />
  <testcase classname="ptolemy.util.test.junit.AutoTests" name="[446] /home/travis/build/icyphy/ptII/ptolemy/actor/lib/test/auto/functionClosureTest1.xml (RunModel)" time="0.01" />
  <testcase classname="ptolemy.util.test.junit.AutoTests" name="[447] /home/travis/build/icyphy/ptII/ptolemy/actor/lib/test/auto/functionClosureTest2.xml (RunModel)" time="0.007" />
  <testcase classname="ptolemy.util.test.junit.AutoTests" name="[448] /home/travis/build/icyphy/ptII/ptolemy/actor/lib/test/auto/functionClosureTest3.xml (RunModel)" time="0.009" />
  <testcase classname="ptolemy.util.test.junit.AutoTests" name="[449] /home/travis/build/icyphy/ptII/ptolemy/actor/lib/test/auto/functionClosureTest4.xml (RunModel)" time="0.014" />
  <testcase classname="ptolemy.util.test.junit.AutoTests" name="[450] /home/travis/build/icyphy/ptII/ptolemy/actor/lib/test/auto/functionClosureTest5.xml (RunModel)" time="0.01" />
  <testcase classname="ptolemy.util.test.junit.AutoTests" name="[451] /home/travis/build/icyphy/ptII/ptolemy/actor/lib/test/auto/functionClosureTest6.xml (RunModel)" time="0.008" />
  <testcase classname="ptolemy.util.test.junit.AutoTests" name="[452] /home/travis/build/icyphy/ptII/ptolemy/actor/lib/test/auto/functionsOnArcs.xml (RunModel)" time="0.008" />
  <testcase classname="ptolemy.util.test.junit.AutoTests" name="[453] /home/travis/build/icyphy/ptII/ptolemy/actor/lib/test/auto/functionsOnArcsHOF.xml (RunModel)" time="0.013" />
  <testcase classname="ptolemy.util.test.junit.AutoTests" name="[454] /home/travis/build/icyphy/ptII/ptolemy/actor/lib/test/auto/logic.xml (RunModel)" time="0.019" />
  <testcase classname="ptolemy.util.test.junit.AutoTests" name="[455] /home/travis/build/icyphy/ptII/ptolemy/actor/lib/test/auto/matrixType.xml (RunModel)" time="0.012" />
  <testcase classname="ptolemy.util.test.junit.AutoTests" name="[456] /home/travis/build/icyphy/ptII/ptolemy/actor/lib/test/auto/matrixType10.xml (RunModel)" time="0.009" />
  <testcase classname="ptolemy.util.test.junit.AutoTests" name="[457] /home/travis/build/icyphy/ptII/ptolemy/actor/lib/test/auto/matrixType11.xml (RunModel)" time="0.008" />
  <testcase classname="ptolemy.util.test.junit.AutoTests" name="[458] /home/travis/build/icyphy/ptII/ptolemy/actor/lib/test/auto/matrixType12.xml (RunModel)" time="0.01" />
  <testcase classname="ptolemy.util.test.junit.AutoTests" name="[459] /home/travis/build/icyphy/ptII/ptolemy/actor/lib/test/auto/matrixType13.xml (RunModel)" time="0.007" />
  <testcase classname="ptolemy.util.test.junit.AutoTests" name="[460] /home/travis/build/icyphy/ptII/ptolemy/actor/lib/test/auto/matrixType14.xml (RunModel)" time="0.008" />
  <testcase classname="ptolemy.util.test.junit.AutoTests" name="[461] /home/travis/build/icyphy/ptII/ptolemy/actor/lib/test/auto/matrixType2.xml (RunModel)" time="0.028" />
  <testcase classname="ptolemy.util.test.junit.AutoTests" name="[462] /home/travis/build/icyphy/ptII/ptolemy/actor/lib/test/auto/matrixType3.xml (RunModel)" time="0.009" />
  <testcase classname="ptolemy.util.test.junit.AutoTests" name="[463] /home/travis/build/icyphy/ptII/ptolemy/actor/lib/test/auto/matrixType4.xml (RunModel)" time="0.007" />
  <testcase classname="ptolemy.util.test.junit.AutoTests" name="[464] /home/travis/build/icyphy/ptII/ptolemy/actor/lib/test/auto/matrixType5.xml (RunModel)" time="0.007" />
  <testcase classname="ptolemy.util.test.junit.AutoTests" name="[465] /home/travis/build/icyphy/ptII/ptolemy/actor/lib/test/auto/matrixType6.xml (RunModel)" time="0.007" />
  <testcase classname="ptolemy.util.test.junit.AutoTests" name="[466] /home/travis/build/icyphy/ptII/ptolemy/actor/lib/test/auto/matrixType7.xml (RunModel)" time="0.008" />
  <testcase classname="ptolemy.util.test.junit.AutoTests" name="[467] /home/travis/build/icyphy/ptII/ptolemy/actor/lib/test/auto/matrixType8.xml (RunModel)" time="0.007" />
  <testcase classname="ptolemy.util.test.junit.AutoTests" name="[468] /home/travis/build/icyphy/ptII/ptolemy/actor/lib/test/auto/matrixType9.xml (RunModel)" time="0.007" />
  <testcase classname="ptolemy.util.test.junit.AutoTests" name="[469] /home/travis/build/icyphy/ptII/ptolemy/actor/lib/test/auto/paraFunctest.xml (RunModel)" time="0.006" />
  <testcase classname="ptolemy.util.test.junit.AutoTests" name="[470] /home/travis/build/icyphy/ptII/ptolemy/actor/lib/test/auto/paraFunctest2.xml (RunModel)" time="0.01" />
  <testcase classname="ptolemy.util.test.junit.AutoTests" name="[471] /home/travis/build/icyphy/ptII/ptolemy/actor/lib/test/auto/parameterPassing.xml (RunModel)" time="0.007" />
  <testcase classname="ptolemy.util.test.junit.AutoTests" name="[472] /home/travis/build/icyphy/ptII/ptolemy/actor/lib/test/auto/record.xml (RunModel)" time="0.008" />
  <testcase classname="ptolemy.util.test.junit.AutoTests" name="[473] /home/travis/build/icyphy/ptII/ptolemy/actor/lib/test/auto/sizedarray1.xml (RunModel)" time="0.009" />
  <testcase classname="ptolemy.util.test.junit.AutoTests" name="[474] /home/travis/build/icyphy/ptII/ptolemy/actor/lib/test/auto/sizedarray2.xml (RunModel)" time="0.008" />
  <testcase classname="ptolemy.util.test.junit.AutoTests" name="[475] /home/travis/build/icyphy/ptII/ptolemy/actor/lib/test/auto/twoPublishers.xml (RunModel)" time="0.027" />
  <system-out><![CDATA[/home/travis/build/icyphy/ptII/ptolemy/actor/lib/test/AbsoluteValue.tcl
testDefs.tcl: setting time out to 9000 seconds at Sun Oct 20 06:04:24 UTC 2019
99 ms. Memory: 120832K Free: 85956K (71%)
5 ms. Memory: 120832K Free: 84411K (70%)
5 ms. Memory: 120832K Free: 83394K (69%)
5 ms. Memory: 120832K Free: 82884K (69%)
/home/travis/build/icyphy/ptII/ptolemy/actor/lib/test/AddSubtract.tcl
20 ms. Memory: 120832K Free: 80836K (67%)
6 ms. Memory: 120832K Free: 79812K (66%)
6 ms. Memory: 120832K Free: 79283K (66%)
9 ms. Memory: 120832K Free: 78267K (65%)
55 ms. Memory: 120832K Free: 75716K (63%)
11 ms. Memory: 120832K Free: 74692K (62%)
/home/travis/build/icyphy/ptII/ptolemy/actor/lib/test/Average.tcl
24 ms. Memory: 120832K Free: 73139K (61%)
21 ms. Memory: 120832K Free: 72099K (60%)
/home/travis/build/icyphy/ptII/ptolemy/actor/lib/test/Bernoulli.tcl
13 ms. Memory: 120832K Free: 70051K (58%)
2 ms. Memory: 120832K Free: 70051K (58%)
/home/travis/build/icyphy/ptII/ptolemy/actor/lib/test/Clock.tcl
preinitializing
resolving types
initializing
executing number 1
wrapping up
idle
34 ms. Memory: 120832K Free: 67010K (55%)
Completed execution with 5 iterations
preinitializing
resolving types
initializing
executing number 1
wrapping up
idle
13 ms. Memory: 120832K Free: 66500K (55%)
Completed execution with 5 iterations
preinitializing
resolving types
initializing
executing number 1
wrapping up
idle
12 ms. Memory: 120832K Free: 65986K (55%)
Completed execution with 5 iterations
/home/travis/build/icyphy/ptII/ptolemy/actor/lib/test/Commutator.tcl
7 ms. Memory: 120832K Free: 63923K (53%)
6 ms. Memory: 120832K Free: 62914K (52%)
21 ms. Memory: 120832K Free: 57284K (47%)
/home/travis/build/icyphy/ptII/ptolemy/actor/lib/test/Const.tcl
13 ms. Memory: 120832K Free: 55739K (46%)
3 ms. Memory: 120832K Free: 55236K (46%)
3 ms. Memory: 120832K Free: 54722K (45%)
4 ms. Memory: 120832K Free: 54212K (45%)
3 ms. Memory: 120832K Free: 53188K (44%)
23 ms. Memory: 120832K Free: 51650K (43%)
12 ms. Memory: 120832K Free: 50619K (42%)
4 ms. Memory: 120832K Free: 49587K (41%)
/home/travis/build/icyphy/ptII/ptolemy/actor/lib/test/CurrentTime.tcl
preinitializing
resolving types
initializing
executing number 1
wrapping up
idle
21 ms. Memory: 120832K Free: 48068K (40%)
Completed execution with 11 iterations
/home/travis/build/icyphy/ptII/ptolemy/actor/lib/test/DB.tcl
8 ms. Memory: 120832K Free: 46020K (38%)
33 ms. Memory: 120832K Free: 107241K (89%)
1 ms. Memory: 120832K Free: 106746K (88%)
/home/travis/build/icyphy/ptII/ptolemy/actor/lib/test/DiscreteRandomSource.tcl
preinitializing
resolving types
initializing
executing number 1
wrapping up
idle
10 ms. Memory: 120832K Free: 105722K (87%)
Completed execution with 4 iterations
preinitializing
resolving types
initializing
executing number 1
wrapping up
idle
3 ms. Memory: 120832K Free: 105208K (87%)
Completed execution with 4 iterations
preinitializing
resolving types
initializing
executing number 1
wrapping up
idle
8 ms. Memory: 120832K Free: 104698K (87%)
Completed execution with 4 iterations
preinitializing
resolving types
initializing
executing number 1
wrapping up
idle
6 ms. Memory: 120832K Free: 104184K (86%)
Completed execution with 4 iterations
preinitializing
resolving types
initializing
executing number 1
wrapping up
idle
12 ms. Memory: 120832K Free: 103674K (86%)
Completed execution with 4 iterations
/home/travis/build/icyphy/ptII/ptolemy/actor/lib/test/Distributor.tcl
8 ms. Memory: 120832K Free: 102136K (85%)
11 ms. Memory: 120832K Free: 101593K (84%)
StreamChangeRequest.changeExecuted(): <deleteEntity name="rec2"/> succeeded
StreamChangeRequest.changeExecuted(): <deleteRelation name="r2"/> succeeded
StreamChangeRequest.changeExecuted(): Record firings per iteration succeeded
12 ms. Memory: 120832K Free: 99033K (82%)
/home/travis/build/icyphy/ptII/ptolemy/actor/lib/test/Exit.tcl
Exit.tcl: this will print a message about Manager.exitAfterWrapup, which can be ignored.
7 ms. Memory: 120832K Free: 96103K (80%)
/home/travis/build/icyphy/ptII/ptolemy/actor/lib/test/Expression.tcl
24 ms. Memory: 120832K Free: 92410K (76%)
6 ms. Memory: 120832K Free: 91386K (76%)
32 ms. Memory: 120832K Free: 106157K (88%)
preinitializing
resolving types
initializing
executing number 1
wrapping up
idle
16 ms. Memory: 120832K Free: 104635K (87%)
Completed execution with 6 iterations
8 ms. Memory: 120832K Free: 104091K (86%)
6 ms. Memory: 120832K Free: 103085K (85%)
13 ms. Memory: 120832K Free: 102075K (84%)
4 ms. Memory: 120832K Free: 100541K (83%)
8 ms. Memory: 120832K Free: 99517K (82%)
/home/travis/build/icyphy/ptII/ptolemy/actor/lib/test/Gaussian.tcl
5 ms. Memory: 120832K Free: 97949K (81%)
sleeping 1 seconds: ............................................................................................................................................................................................................................................................................................................................................................................................................................................................................................................................................................................................................................................................................................................................................................................................................................................................................................................................................................................................................................................................................................................................................................................................................................................................................................................................................................................................................................................................................................................................................................................................................................................................................................................................................................................................................................................................................................................................................................................................................................................................................................................................................................................................................................................................................................................................................................................................................................................................................................................................................................................................................................................................................................................................................................................................................................................................................................................................................................................................................................................................................................................................................................................................................................................................................................................................................................................................................................................................................................................................................................................................................................................................................................................................................................................................................................................................................................................................................................................................................................................................................................................................................................................................................................................................................................................................................................................................................................................................................................................................................................................................................................................................................................................................................................................................................................................................................................................................................................................................................................................................................................................................................................................................................................................................................................................................................................................................................................................................................................................................................................................................................................................................................................................................................................................................................................................................................................................................................................................................................................................................................................................................................................................................................................................................................................................................................................................................................................................................................................................................................................................................................................................................................................................................................................................................................................................................................................................................................................................................................................................................................................................................................................................................................................................................................................................................................................................................................................................................................................................................................................................................................................................................................................................................................................................................................................................................................................................................................................................................................................................................................................................................................................................................................................................................................................................................................................................................................................................................................................................................................................................................................................................................................................................................................................................................................................................................................................................................................................................................................................................................................................................................................................................................................................................................................................................................................................................................................................................................................................................................................................................................................................................................................................................................................................................................................................................................................................................................................................................................................................................................................................................................................................................................................................................................................................................................................................................................................................................................................................................................................................................................................................................................................................................................................................................................................................................................................................................................................................................................................................................................................................................................................................................................................................................................................................................................................................................................................................................................................................................................................................................................................................................................................................................................................................................................................................................................................................................................................................................................................................................................................................................................................................................................................................................................................................................................................................................................................................................................................................................................................................................................................................................................................................................................................................................................................................................................................................................................................................................................................................................................................................................................................................................................................................................................................................................................................................................................................................................................................................................................................................................................................................................................................................................................................................................................................................................................................................................................................................................................................................................................................................................................................................................................................................................................................................................................................................................................................................................................................................................................................................................................................................................................................................................................................................................................................................................................................................................................................................................................................................................................................................................................................................................................................................................................................................................................................................................................................................................................................................................................................................................................................................................................................................................................................................................................................................................................................................................................................................................................................................................................................................................................................................................................................................................................................................................................................................................................................................................................................................................................................................................................................................................................................................................................................................................................................................................................................................................................................................................................................................................................................................................................................................................................................................................................................................................................................................................................................................................................................................................................................................................................................................................................................................................................................................................................................................................................................................................................................................................................................................................................................................................................................................................................................................................................................................................................................................................................................................................................................................................................................................................................................................................................................................................................................................................................................................................................................................................................................................................................................................................................................................................................................................................................................................................................................................................................................................................................................................................................................................................................................................................................................................................................................................................................................................................................................................................................................................................................................................................................................................................................................................................................................................................................................................................................................................................................................................................................................................................................................................................................................................................................................................................................................................................................................................................................................................................................................................................................................................................................................................................................................................................................................................................................................................................................................................................................................................................................................................................................................................................................................................................................................................................................................................................................................................................................................................................................................................................................................................................................................................................................................................................................................................................................................................................................................................................................................................................................................................................................................................................................................................................................................................................................................................................................................................................................................................................................................................................................................................................................................................................................................................................................................................................................................................................................................................................................................................................................................................................................................................................................................................................................................................................................................................................................................................................................................................................................................................................................................................................................................................................................................................................................................................................................................................................................................................................................................................................................................................................................................................................................................................................................................................................................................................................................................................................................................................................................................................................................................................................................................................................................................................................................................................................................................................................................................................................................................................................................................................................................................................................................................................................................................................................................................................................................................................................................................................................................................................................................................................................................................................................................................................................................................................................................................................................................................................................................................................................................................................................................................................................................................................................................................................................................................................................................................................................................................................................................................................................................................................................................................................................................................................................................................................................................................................................................................................................................................................................................................................................................................................................................................................................................................................................................................................................................................................................................................................................................................................................................................................................................................................................................................................................................................................................................................................................................................................................................................................................................................................................................................................................................................................................................................................................................................................................................................................................................................................................................................................................................................................................................................................................................................................................................................................................................................................................................................................................................................................................................................................................................................................................................................................................................................................................................................................................................................................................................................................................................................................................................................................................................................................................................................................................................................................................................................................................................................................................................................................................................................................................................................................................................................................................................................................................................................................................................................................................................................................................................................................................................................................................................................................................................................................................................................................................................................................................................................................................................................................................................................................................................................................................................................................................................................................................................................................................................................................................................................................................................................................................................................................................................................................................................................................................................................................................................................................................................................................................................................................................................................................................................................................................................................................................................................................................................................................................................................................................................................................................................................................................................................................................................................................................................................................................................................................................................................................................................................................................................................................................................................................................................................................................................................................................................................................................................................................................................................................................................................................................................................................................................................................................................................................................................................................................................................................................................................................................................................................................................................................................................................................................................................................................................................................................................................................................................................................................................................................................................................................................................................................................................................................................................................................................................................................................................................................................................................................................................................................................................................................................................................................................................................................................................................................................................................................................................................................................................................................................................................................................................................................................................................................................................................................................................................................................................................................................................................................................................................................................................................................................................................................................................................................................................................................................................................................................................................................................................................................................................................................................................................................................................................................................................................................................................................................................................................................................................................................................................................................................................................................................................................................................................................................................................................................................................................................................................................................................................................................................................................................................................................................................................................................................................................................................................................................................................................................................................................................................................................................................................................................................................................................................................................................................................................................................................................................................................................................................................................................................................................................................................................................................................................................................................................................................................................................................................................................................................................................................................................................................................................................................................................................................................................................................................................................................................................................................................................................................................................................................................................................................................................................................................................................................................................................................................................................................................................................................................................................................................................................................................................................................................................................................................................................................................................................................................................................................................................................................................................................................................................................................................................................................................................................................................................................................................................................................................................................................................................................................................................................................................................................................................................................................................................................................................................................................................................................................................................................................................................................................................................................................................................................................................................................................................................................................................................................................................................................................................................................................................................................................................................................................................................................................................................................................................................................................................................................................................................................................................................................................................................................................................................................................................................................................................................................................................................................................................................................................................................................................................................................................................................................................................................................................................................................................................................................................................................................................................................................................................................................................................................................................................................................................................................................................................................................................................................................................................................................................................................................................................................................................................................................................................................................................................................................................................................................................................................................................................................................................................................................................................................................................................................................................................................................................................................................................................................................................................................................................................................................................................................................................................................................................................................................................................................................................................................................................................................................................................................................................................................................................................................................................................................................................................................................................................................................................................................................................................................................................................................................................................................................................................................................................................................................................................................................................................................................................................................................................................................................................................................................................................................................................................................................................................................................................................................................................................................................................................................................................................................................................................................................................................................................................................................................................................................................................................................................................................................................................................................................................................................................................................................................................................................................................................................................................................................................................................................................................................................................................................................................................................................................................................................................................................................................................................................................................................................................................................................................................................................................................................................................................................................................................................................................................................................................................................................................................................................................................................................................................................................................................................................................................................................................................................................................................................................................................................................................................................................................................................................................................................................................................................................................................................................................................................................................................................................................................................................................................................................................................................................................................................................................................................................................................................................................................................................................................................................................................................................................................................................................................................................................................................................................................................................................................................................................................................................................................................................................................................................................................................................................................................................................................................................................................................................................................................................................................................................................................................................................................................................................................................................................................................................................................................................................................................................................................................................................................................................................................................................................................................................................................................................................................................................................................................................................................................................................................................................................................................................................................................................................................................................................................................................................................................................................................................................................................................................................................................................................................................................................................................................................................................................................................................................................................................................................................................................................................................................................................................................................................................................................................................................................................................................................................................................................................................................................................................................................................................................................................................................................................................................................................................................................................................................................................................................................................................................................................................................................................................................................................................................................................................................................................................................................................................................................................................................................................................................................................................................................................................................................................................................................................................................................................................................................................................................................................................................................................................................................................................................................................................................................................................................................................................................................................................................................................................................................................................................................................................................................................................................................................................................................................................................................................................................................................................................................................................................................................................................................................................................................................................................................................................................................................................................................................................................................................................................................................................................................................................................................................................................................................................................................................................................................................................................................................................................................................................................................................................................................................................................................................................................................................................................................................................................................................................................................................................................................................................................................................................................................................................................................................................................................................................................................................................................................................................................................................................................................................................................................................................................................................................................................................................................................................................................................................................................................................................................................................................................................................................................................................................................................................................................................................................................................................................................................................................................................................................................................................................................................................................................................................................................................................................................................................................................................................................................................................................................................................................................................................................................................................................................................................................................................................................................................................................................................................................................................................................................................................................................................................................................................................................................................................................................................................................................................................................................................................................................................................................................................................................................................................................................................................................................................................................................................................................................................................................................................................................................................................................................................................................................................................................................................................................................................................................................................................................................................................................................................................................................................................................................................................................................................................................................................................................................................................................................................................................................................................................................................................................................................................................................................................................................................................................................................................................................................................................................................................................................................................................................................................................................................................................................................................................................................................................................................................................................................................................................................................................................................................................................................................................................................................................................................................................................................................................................................................................................................................................................................................................................................................................................................................................................................................................................................................................................................................................................................................................................................................................................................................................................................................................................................................................................2 ms. Memory: 151552K Free: 116483K (77%)
2 ms. Memory: 151552K Free: 115473K (76%)
1 ms. Memory: 151552K Free: 114963K (76%)
2 ms. Memory: 151552K Free: 114435K (76%)
2 ms. Memory: 151552K Free: 113939K (75%)
/home/travis/build/icyphy/ptII/ptolemy/actor/lib/test/IIR.tcl
/home/travis/build/icyphy/ptII/ptolemy/actor/lib/test/Interpolator.tcl
3 ms. Memory: 151552K Free: 109843K (72%)
2 ms. Memory: 151552K Free: 109329K (72%)
1 ms. Memory: 151552K Free: 108819K (72%)
1 ms. Memory: 151552K Free: 108305K (71%)
2 ms. Memory: 151552K Free: 107281K (71%)
2 ms. Memory: 151552K Free: 106771K (70%)
2 ms. Memory: 151552K Free: 105747K (70%)
11 ms. Memory: 151552K Free: 104723K (69%)
7 ms. Memory: 151552K Free: 103699K (68%)
7 ms. Memory: 151552K Free: 103185K (68%)
/home/travis/build/icyphy/ptII/ptolemy/actor/lib/test/MathFunction.tcl
9 ms. Memory: 151552K Free: 101123K (67%)
2 ms. Memory: 151552K Free: 99603K (66%)
2 ms. Memory: 151552K Free: 98579K (65%)
2 ms. Memory: 151552K Free: 98051K (65%)
5 ms. Memory: 151552K Free: 96531K (64%)
7 ms. Memory: 151552K Free: 94483K (62%)
/home/travis/build/icyphy/ptII/ptolemy/actor/lib/test/Maximum.tcl
3 ms. Memory: 151552K Free: 92939K (61%)
1 ms. Memory: 151552K Free: 91907K (61%)
2 ms. Memory: 151552K Free: 91411K (60%)
2 ms. Memory: 151552K Free: 90883K (60%)
/home/travis/build/icyphy/ptII/ptolemy/actor/lib/test/Minimum.tcl
9 ms. Memory: 151552K Free: 88849K (59%)
4 ms. Memory: 151552K Free: 88339K (58%)
2 ms. Memory: 151552K Free: 87811K (58%)
3 ms. Memory: 151552K Free: 87315K (58%)
/home/travis/build/icyphy/ptII/ptolemy/actor/lib/test/MultiplyDivide.tcl
5 ms. Memory: 151552K Free: 85267K (56%)
6 ms. Memory: 151552K Free: 84243K (56%)
3 ms. Memory: 151552K Free: 83699K (55%)
3 ms. Memory: 151552K Free: 83217K (55%)
4 ms. Memory: 151552K Free: 82195K (54%)
/home/travis/build/icyphy/ptII/ptolemy/actor/lib/test/OrderedMerge.tcl
Connections changed on port: inputA
Connections changed on port: inputB
Connections changed on port: output
Connections changed on port: output
Connections changed on port: output
Connections changed on port: input
.top. Preinitializing ...
Invoking preinitialize():  .top.OrderedMerge
Called preinitialize()
Invoking preinitialize():  .top.Ramp
Called preinitialize()
Invoking preinitialize():  .top.Ramp2
Called preinitialize()
Invoking preinitialize():  .top.Test
Called preinitialize()
Connections changed on port: inputA
Connections changed on port: output
Connections changed on port: output
Connections changed on port: input
Connections changed on port: inputB
Connections changed on port: output
.top. Finished preinitialize().
Called initialize().
Invoking initialize():  .top.OrderedMerge
Initializing actor: .top.OrderedMerge
Adding a thread: .top.OrderedMerge
Invoking initialize():  .top.Ramp
Initializing actor: .top.Ramp
Adding a thread: .top.Ramp
Invoking initialize():  .top.Ramp2
Initializing actor: .top.Ramp2
Adding a thread: .top.Ramp2
Invoking initialize():  .top.Test
Initializing actor: .top.Test
Adding a thread: .top.Test
Called fire().
Checking for deadlock:
-- Starting thread.
Called initialize()
Called prefire()
Called fire()
-- Starting thread.
Called initialize()
Called prefire()
Called fire()
-- Starting thread.
Called initialize()
Called prefire()
-- Starting thread.
Called initialize()
Called prefire()
Called fire()
There are 0 Blocked actors, 0 Stopped actors, and 4 active threads.
Called fire()
Waiting for actors to stop.
Called postfire()
Called prefire()
Called fire()
Checking for deadlock:
There are 3 Blocked actors, 0 Stopped actors, and 4 active threads.
Waiting for actors to stop.
Checking for deadlock:
There are 2 Blocked actors, 0 Stopped actors, and 4 active threads.
Waiting for actors to stop.
Called postfire()
Called prefire()
Called fire()
Called postfire()
Called prefire()
Called fire()
Checking for deadlock:
There are 3 Blocked actors, 0 Stopped actors, and 4 active threads.
Waiting for actors to stop.
Read input token from inputA with value 0.0
Next port to read input from is inputB
Called postfire()
Called prefire()
Called fire()
Read input token from inputB with value 0.0
Sent output token with value 0.0
Next port to read input from is inputA
Called postfire()
Called prefire()
Called fire()
Read input token from inputA with value 1.0
Checking for deadlock:
There are 1 Blocked actors, 0 Stopped actors, and 4 active threads.
Waiting for actors to stop.
Called postfire()
Called prefire()
Called fire()
Sent output token with value 0.0
Next port to read input from is inputB
Called postfire()
Called prefire()
Called fire()
Read input token from inputB with value 1.5
Checking for deadlock:
There are 1 Blocked actors, 0 Stopped actors, and 4 active threads.
Waiting for actors to stop.
Called postfire()
Called prefire()
Called fire()
-- Read input: 0.0, which is expected to match: 0.0
Checking for deadlock:
There are 2 Blocked actors, 0 Stopped actors, and 4 active threads.
Waiting for actors to stop.
Called prefire()
Called fire()
-- Read input: 0.0, which is expected to match: 0.0
Called prefire()
Checking for deadlock:
Called fire()
Called postfire()
Called prefire()
Called fire()
There are 1 Blocked actors, 0 Stopped actors, and 4 active threads.
Waiting for actors to stop.
Sent output token with value 1.0
Next port to read input from is inputA
Called postfire()
Called prefire()
Called fire()
Read input token from inputA with value 2.0
Called postfire()
Called prefire()
Called fire()
-- Read input: 1.0, which is expected to match: 1.0
Called prefire()
Called fire()
Sent output token with value 1.5
Next port to read input from is inputB
Called postfire()
Called prefire()
Called fire()
Read input token from inputB with value 3.0
Checking for deadlock:
There are 2 Blocked actors, 0 Stopped actors, and 4 active threads.
Waiting for actors to stop.
Called postfire()
Called prefire()
Called fire()
-- Read input: 1.5, which is expected to match: 1.5
Called prefire()
Called fire()
Checking for deadlock:
There are 3 Blocked actors, 0 Stopped actors, and 4 active threads.
Waiting for actors to stop.
-- Read input: 2.0, which is expected to match: 2.0
Called prefire()
Called fire()
Sent output token with value 2.0
Next port to read input from is inputA
Called postfire()
Called prefire()
Called fire()
Read input token from inputA with value 3.0
Sent output token with value 3.0
Next port to read input from is inputB
Called postfire()
Called prefire()
Called fire()
Read input token from inputB with value 4.5
Checking for deadlock:
There are 1 Blocked actors, 0 Stopped actors, and 4 active threads.
Waiting for actors to stop.
Called postfire()
Called prefire()
Called fire()
Called postfire()
-- Read input: 3.0, which is expected to match: 3.0
Called prefire()
Called fire()
Called prefire()
Called fire()
Checking for deadlock:
There are 3 Blocked actors, 0 Stopped actors, and 4 active threads.
Waiting for actors to stop.
Sent output token with value 3.0
Next port to read input from is inputA
Called postfire()
Called prefire()
Called fire()
Read input token from inputA with value 4.0
Checking for deadlock:
There are 2 Blocked actors, 0 Stopped actors, and 4 active threads.
Waiting for actors to stop.
Called postfire()
-- Read input: 3.0, which is expected to match: 3.0
Called prefire()
Called fire()
Called prefire()
Called fire()
Checking for deadlock:
There are 3 Blocked actors, 0 Stopped actors, and 4 active threads.
Waiting for actors to stop.
-- Read input: 4.0, which is expected to match: 4.0
Called prefire()
Called fire()
Past the end of training data. Read and discard all inputs.
Checking for deadlock:
There are 3 Blocked actors, 0 Stopped actors, and 4 active threads.
Waiting for actors to stop.
Sent output token with value 4.0
Next port to read input from is inputA
Called postfire()
Called prefire()
Called fire()
Checking for deadlock:
There are 2 Blocked actors, 0 Stopped actors, and 4 active threads.
Waiting for actors to stop.
Called postfire()
Called prefire()
Called fire()
Read input token from inputA with value 5.0
Checking for deadlock:
There are 3 Blocked actors, 0 Stopped actors, and 4 active threads.
Waiting for actors to stop.
Sent output token with value 4.5
Next port to read input from is inputB
Called postfire()
Called prefire()
Called fire()
Read input token from inputB with value 6.0
Checking for deadlock:
There are 2 Blocked actors, 0 Stopped actors, and 4 active threads.
Waiting for actors to stop.
Called postfire()
Called prefire()
Called fire()
Called prefire()
Called fire()
Past the end of training data. Read and discard all inputs.
Checking for deadlock:
There are 3 Blocked actors, 0 Stopped actors, and 4 active threads.
Waiting for actors to stop.
Checking for deadlock:
There are 2 Blocked actors, 0 Stopped actors, and 4 active threads.
Waiting for actors to stop.
Called prefire()
Called fire()
Past the end of training data. Read and discard all inputs.
Checking for deadlock:
There are 3 Blocked actors, 0 Stopped actors, and 4 active threads.
Waiting for actors to stop.
Sent output token with value 5.0
Next port to read input from is inputA
Called postfire()
Called prefire()
Called fire()
Checking for deadlock:
Called postfire()
Called prefire()
Called fire()
Read input token from inputA with value 6.0
There are 2 Blocked actors, 0 Stopped actors, and 4 active threads.
Waiting for actors to stop.
Sent output token with value 6.0
Next port to read input from is inputB
Called postfire()
Called prefire()
Called fire()
Read input token from inputB with value 7.5
Checking for deadlock:
There are 2 Blocked actors, 0 Stopped actors, and 4 active threads.
Waiting for actors to stop.
Called postfire()
Called prefire()
Called fire()
Called prefire()
Called fire()
Past the end of training data. Read and discard all inputs.
Checking for deadlock:
There are 3 Blocked actors, 0 Stopped actors, and 4 active threads.
Waiting for actors to stop.
Checking for deadlock:
There are 2 Blocked actors, 0 Stopped actors, and 4 active threads.
Waiting for actors to stop.
Called prefire()
Called fire()
Past the end of training data. Read and discard all inputs.
Checking for deadlock:
There are 3 Blocked actors, 0 Stopped actors, and 4 active threads.
Waiting for actors to stop.
Sent output token with value 6.0
Next port to read input from is inputA
Called postfire()
Called prefire()
Called fire()
Checking for deadlock:
There are 2 Blocked actors, 0 Stopped actors, and 4 active threads.
Called postfire()
Waiting for actors to stop.
Called prefire()
Called fire()
Read input token from inputA with value 7.0
Checking for deadlock:
There are 3 Blocked actors, 0 Stopped actors, and 4 active threads.
Waiting for actors to stop.
Checking for deadlock:
There are 2 Blocked actors, 0 Stopped actors, and 4 active threads.
Waiting for actors to stop.
Called prefire()
Called fire()
Past the end of training data. Read and discard all inputs.
Checking for deadlock:
There are 3 Blocked actors, 0 Stopped actors, and 4 active threads.
Waiting for actors to stop.
Sent output token with value 7.0
Next port to read input from is inputA
Called postfire()
Called prefire()
Called fire()
Read input token from inputA with value 8.0
-- Thread wrapup() called.
Called wrapup()
Sent output token with value 7.5
Next port to read input from is inputB
Called postfire()
Called prefire()
Called fire()
Thread .top.Ramp is exiting.
-- Thread stopped.
Checking for deadlock:
There are 1 Blocked actors, 0 Stopped actors, and 3 active threads.
Waiting for actors to stop.
Called prefire()
Called fire()
Past the end of training data. Read and discard all inputs.
Called postfire()
Called prefire()
Called fire()
Checking for deadlock:
There are 2 Blocked actors, 0 Stopped actors, and 3 active threads.
Waiting for actors to stop.
Read input token from inputB with value 9.0
Called prefire()
Called fire()
Past the end of training data. Read and discard all inputs.
Checking for deadlock:
There are 2 Blocked actors, 0 Stopped actors, and 3 active threads.
Waiting for actors to stop.
Sent output token with value 8.0
Next port to read input from is inputA
Called postfire()
Called prefire()
Called fire()
Read input token from inputA with value 9.0
Called prefire()
Called fire()
Past the end of training data. Read and discard all inputs.
Checking for deadlock:
There are 2 Blocked actors, 0 Stopped actors, and 3 active threads.
Waiting for actors to stop.
Sent output token with value 9.0
Next port to read input from is inputB
Called postfire()
Called prefire()
Called fire()
Checking for deadlock:
There are 1 Blocked actors, 0 Stopped actors, and 3 active threads.
Waiting for actors to stop.
Called postfire()
Called prefire()
Called fire()
Checking for deadlock:
There are 2 Blocked actors, 0 Stopped actors, and 3 active threads.
Waiting for actors to stop.
Read input token from inputB with value 10.5
Checking for deadlock:
There are 1 Blocked actors, 0 Stopped actors, and 3 active threads.
Waiting for actors to stop.
Called prefire()
Called fire()
Past the end of training data. Read and discard all inputs.
Checking for deadlock:
There are 2 Blocked actors, 0 Stopped actors, and 3 active threads.
Waiting for actors to stop.
Sent output token with value 9.0
Next port to read input from is inputA
Called postfire()
Called prefire()
Called fire()
Checking for deadlock:
There are 3 Blocked actors, 0 Stopped actors, and 3 active threads.
Actors have stopped.
Checking for deadlock:
There are 3 Blocked actors, 0 Stopped actors, and 3 active threads.
Deadlock detected.
Resolving Deadlock
Checking for deadlock:
There are 3 Blocked actors, 0 Stopped actors, and 3 active threads.
Artificial Deadlock - increasing queue capacity.
increasing the capacity of receiver ptolemy.actor.TypedIOPort {.top.OrderedMerge.inputB} to 2
-- Thread wrapup() called.
Called wrapup()
Thread .top.Ramp2 is exiting.
-- Thread stopped.
Director: Called postfire().
Called postfire().
_stopRequested = false
_stopFireRequested = false
Returning from postfire(): true
Called fire().
Checking for deadlock:
There are 2 Blocked actors, 0 Stopped actors, and 2 active threads.
Actors have stopped.
Checking for deadlock:
There are 2 Blocked actors, 0 Stopped actors, and 2 active threads.
Deadlock detected.
Resolving Deadlock
Checking for deadlock:
There are 2 Blocked actors, 0 Stopped actors, and 2 active threads.
Deadlock detected: no processes blocked on write, but some are blocked on read.
Called postfire().
_stopRequested = false
_stopFireRequested = false
Returning from postfire(): false
Finished deactivating branches.
Called wrapup().
-- Thread wrapup() called.
Called wrapup()
Thread .top.Test is exiting.
-- Thread stopped.
-- Blocked Receiver call threw TerminateProcessException.
-- Thread wrapup() called.
Called wrapup()
Thread .top.OrderedMerge is exiting.
-- Thread stopped.
-- Blocked Receiver call threw TerminateProcessException.
46 ms. Memory: 151552K Free: 77075K (51%)
.top. Preinitializing ...
Invoking preinitialize():  .top.OrderedMerge
Called preinitialize()
Invoking preinitialize():  .top.Ramp
Called preinitialize()
Invoking preinitialize():  .top.Ramp2
Called preinitialize()
Invoking preinitialize():  .top.Test
Called preinitialize()
.top. Finished preinitialize().
Called initialize().
Invoking initialize():  .top.OrderedMerge
Initializing actor: .top.OrderedMerge
Adding a thread: .top.OrderedMerge
Invoking initialize():  .top.Ramp
Initializing actor: .top.Ramp
Adding a thread: .top.Ramp
Invoking initialize():  .top.Ramp2
Initializing actor: .top.Ramp2
Adding a thread: .top.Ramp2
Invoking initialize():  .top.Test
Initializing actor: .top.Test
Adding a thread: .top.Test
-- Starting thread.
Called initialize()
Called prefire()
Called fire()
-- Starting thread.
Called initialize()
Called prefire()
Called fire()
Called postfire()
Called prefire()
Called fire()
-- Starting thread.
Called initialize()
Called prefire()
Called fire()
Called postfire()
Called prefire()
Called fire()
Called fire().
Checking for deadlock:
There are 3 Blocked actors, 0 Stopped actors, and 4 active threads.
Waiting for actors to stop.
-- Starting thread.
Called initialize()
Called prefire()
Called fire()
Checking for deadlock:
There are 2 Blocked actors, 0 Stopped actors, and 4 active threads.
Waiting for actors to stop.
Called postfire()
Called prefire()
Called fire()
Checking for deadlock:
There are 3 Blocked actors, 0 Stopped actors, and 4 active threads.
Waiting for actors to stop.
Read input token from inputA with value 0.0
Next port to read input from is inputB
Called postfire()
Called prefire()
Called fire()
Called postfire()
Called prefire()
Called fire()
Checking for deadlock:
There are 3 Blocked actors, 0 Stopped actors, and 4 active threads.
Waiting for actors to stop.
Read input token from inputB with value 0.0
Checking for deadlock:
There are 2 Blocked actors, 0 Stopped actors, and 4 active threads.
Waiting for actors to stop.
-- Read input: 0.0, which is expected to match: 0.0
Called prefire()
Called fire()
Checking for deadlock:
There are 3 Blocked actors, 0 Stopped actors, and 4 active threads.
Waiting for actors to stop.
Sent output token with value 0.0
Next port to read input from is inputA
Called postfire()
Called prefire()
Called fire()
Checking for deadlock:
There are 2 Blocked actors, 0 Stopped actors, and 4 active threads.
Waiting for actors to stop.
Called postfire()
Called prefire()
Called fire()
Checking for deadlock:
There are 3 Blocked actors, 0 Stopped actors, and 4 active threads.
Waiting for actors to stop.
Read input token from inputA with value 1.0
Checking for deadlock:
There are 2 Blocked actors, 0 Stopped actors, and 4 active threads.
Waiting for actors to stop.
-- Read input: 0.0, which is expected to match: 0.0
Called prefire()
Called fire()
Checking for deadlock:
There are 3 Blocked actors, 0 Stopped actors, and 4 active threads.
Waiting for actors to stop.
Sent output token with value 0.0
Next port to read input from is inputB
Called postfire()
Called prefire()
Called fire()
Called postfire()
Called prefire()
Called fire()
Checking for deadlock:
There are 3 Blocked actors, 0 Stopped actors, and 4 active threads.
Waiting for actors to stop.
Read input token from inputB with value 1.5
-- Read input: 1.0, which is expected to match: 1.0
Called prefire()
Called fire()
Checking for deadlock:
There are 3 Blocked actors, 0 Stopped actors, and 4 active threads.
Waiting for actors to stop.
Sent output token with value 1.0
Next port to read input from is inputA
Called postfire()
Called prefire()
Called fire()
Checking for deadlock:
There are 2 Blocked actors, 0 Stopped actors, and 4 active threads.
Waiting for actors to stop.
Called postfire()
Called prefire()
Called fire()
Checking for deadlock:
There are 3 Blocked actors, 0 Stopped actors, and 4 active threads.
Waiting for actors to stop.
Read input token from inputA with value 2.0
Checking for deadlock:
There are 2 Blocked actors, 0 Stopped actors, and 4 active threads.
Waiting for actors to stop.
-- Read input: 1.5, which is expected to match: 1.5
Called prefire()
Called fire()
Checking for deadlock:
There are 3 Blocked actors, 0 Stopped actors, and 4 active threads.
Waiting for actors to stop.
Sent output token with value 1.5
Next port to read input from is inputB
Called postfire()
Called prefire()
Called fire()
Checking for deadlock:
There are 2 Blocked actors, 0 Stopped actors, and 4 active threads.
Waiting for actors to stop.
Called postfire()
Called prefire()
Called fire()
Checking for deadlock:
There are 3 Blocked actors, 0 Stopped actors, and 4 active threads.
Waiting for actors to stop.
Read input token from inputB with value 3.0
Checking for deadlock:
There are 2 Blocked actors, 0 Stopped actors, and 4 active threads.
Waiting for actors to stop.
-- Read input: 2.0, which is expected to match: 2.0
Called prefire()
Called fire()
Checking for deadlock:
There are 3 Blocked actors, 0 Stopped actors, and 4 active threads.
Waiting for actors to stop.
Sent output token with value 2.0
Next port to read input from is inputA
Called postfire()
Called prefire()
Called fire()
Checking for deadlock:
There are 2 Blocked actors, 0 Stopped actors, and 4 active threads.
Waiting for actors to stop.
Called postfire()
Called prefire()
Called fire()
Checking for deadlock:
There are 3 Blocked actors, 0 Stopped actors, and 4 active threads.
Waiting for actors to stop.
Read input token from inputA with value 3.0
Checking for deadlock:
There are 2 Blocked actors, 0 Stopped actors, and 4 active threads.
Waiting for actors to stop.
-- Read input: 3.0, which is expected to match: 3.0
Called prefire()
Called fire()
Checking for deadlock:
There are 3 Blocked actors, 0 Stopped actors, and 4 active threads.
Waiting for actors to stop.
Sent output token with value 3.0
Next port to read input from is inputB
Called postfire()
Called prefire()
Called fire()
Called postfire()
Called prefire()
Called fire()
Checking for deadlock:
There are 3 Blocked actors, 0 Stopped actors, and 4 active threads.
Waiting for actors to stop.
Read input token from inputB with value 4.5
-- Read input: 3.0, which is expected to match: 3.0
Called prefire()
Called fire()
Checking for deadlock:
There are 3 Blocked actors, 0 Stopped actors, and 4 active threads.
Waiting for actors to stop.
Sent output token with value 3.0
Next port to read input from is inputA
Called postfire()
Called prefire()
Called fire()
Checking for deadlock:
There are 2 Blocked actors, 0 Stopped actors, and 4 active threads.
Waiting for actors to stop.
Called postfire()
Called prefire()
Called fire()
Checking for deadlock:
There are 3 Blocked actors, 0 Stopped actors, and 4 active threads.
Waiting for actors to stop.
Read input token from inputA with value 4.0
Checking for deadlock:
There are 2 Blocked actors, 0 Stopped actors, and 4 active threads.
Waiting for actors to stop.
-- Read input: 4.0, which is expected to match: 4.0
Called prefire()
Called fire()
Past the end of training data. Read and discard all inputs.
Checking for deadlock:
There are 3 Blocked actors, 0 Stopped actors, and 4 active threads.
Waiting for actors to stop.
Sent output token with value 4.0
Next port to read input from is inputA
Called postfire()
Called prefire()
Called fire()
Checking for deadlock:
There are 2 Blocked actors, 0 Stopped actors, and 4 active threads.
Waiting for actors to stop.
Called postfire()
Called prefire()
Called fire()
Checking for deadlock:
There are 3 Blocked actors, 0 Stopped actors, and 4 active threads.
Waiting for actors to stop.
Read input token from inputA with value 5.0
Checking for deadlock:
There are 2 Blocked actors, 0 Stopped actors, and 4 active threads.
Waiting for actors to stop.
Called prefire()
Called fire()
Past the end of training data. Read and discard all inputs.
Checking for deadlock:
There are 3 Blocked actors, 0 Stopped actors, and 4 active threads.
Waiting for actors to stop.
Sent output token with value 4.5
Next port to read input from is inputB
Called postfire()
Called prefire()
Called fire()
Called postfire()
Called prefire()
Called fire()
Checking for deadlock:
There are 3 Blocked actors, 0 Stopped actors, and 4 active threads.
Waiting for actors to stop.
Read input token from inputB with value 6.0
Called prefire()
Called fire()
Past the end of training data. Read and discard all inputs.
Checking for deadlock:
There are 3 Blocked actors, 0 Stopped actors, and 4 active threads.
Waiting for actors to stop.
Sent output token with value 5.0
Next port to read input from is inputA
Called postfire()
Called prefire()
Called fire()
Checking for deadlock:
There are 2 Blocked actors, 0 Stopped actors, and 4 active threads.
Waiting for actors to stop.
Called postfire()
Called prefire()
Called fire()
Checking for deadlock:
There are 3 Blocked actors, 0 Stopped actors, and 4 active threads.
Waiting for actors to stop.
Read input token from inputA with value 6.0
Checking for deadlock:
There are 2 Blocked actors, 0 Stopped actors, and 4 active threads.
Waiting for actors to stop.
Called prefire()
Called fire()
Past the end of training data. Read and discard all inputs.
Checking for deadlock:
There are 3 Blocked actors, 0 Stopped actors, and 4 active threads.
Waiting for actors to stop.
Sent output token with value 6.0
Next port to read input from is inputB
Called postfire()
Called prefire()
Called fire()
Checking for deadlock:
There are 2 Blocked actors, 0 Stopped actors, and 4 active threads.
Waiting for actors to stop.
Called postfire()
Called prefire()
Called fire()
Checking for deadlock:
There are 3 Blocked actors, 0 Stopped actors, and 4 active threads.
Waiting for actors to stop.
Read input token from inputB with value 7.5
Checking for deadlock:
There are 2 Blocked actors, 0 Stopped actors, and 4 active threads.
Waiting for actors to stop.
Called prefire()
Called fire()
Past the end of training data. Read and discard all inputs.
Checking for deadlock:
There are 3 Blocked actors, 0 Stopped actors, and 4 active threads.
Waiting for actors to stop.
Sent output token with value 6.0
Next port to read input from is inputA
Called postfire()
Called prefire()
Called fire()
Called postfire()
Called prefire()
Called fire()
Checking for deadlock:
There are 3 Blocked actors, 0 Stopped actors, and 4 active threads.
Waiting for actors to stop.
Read input token from inputA with value 7.0
Called prefire()
Called fire()
Past the end of training data. Read and discard all inputs.
Checking for deadlock:
There are 3 Blocked actors, 0 Stopped actors, and 4 active threads.
Waiting for actors to stop.
Sent output token with value 7.0
Next port to read input from is inputA
Called postfire()
Called prefire()
Called fire()
-- Thread wrapup() called.
Called wrapup()
Thread .top.Ramp is exiting.
-- Thread stopped.
Checking for deadlock:
There are 2 Blocked actors, 0 Stopped actors, and 3 active threads.
Waiting for actors to stop.
Read input token from inputA with value 8.0
Checking for deadlock:
There are 1 Blocked actors, 0 Stopped actors, and 3 active threads.
Waiting for actors to stop.
Called prefire()
Called fire()
Past the end of training data. Read and discard all inputs.
Checking for deadlock:
There are 2 Blocked actors, 0 Stopped actors, and 3 active threads.
Waiting for actors to stop.
Sent output token with value 7.5
Next port to read input from is inputB
Called postfire()
Called prefire()
Called fire()
Checking for deadlock:
There are 1 Blocked actors, 0 Stopped actors, and 3 active threads.
Waiting for actors to stop.
Called postfire()
Called prefire()
Called fire()
Checking for deadlock:
There are 2 Blocked actors, 0 Stopped actors, and 3 active threads.
Waiting for actors to stop.
Read input token from inputB with value 9.0
Checking for deadlock:
There are 1 Blocked actors, 0 Stopped actors, and 3 active threads.
Waiting for actors to stop.
Called prefire()
Called fire()
Past the end of training data. Read and discard all inputs.
Checking for deadlock:
There are 2 Blocked actors, 0 Stopped actors, and 3 active threads.
Waiting for actors to stop.
Sent output token with value 8.0
Next port to read input from is inputA
Called postfire()
Called prefire()
Called fire()
Read input token from inputA with value 9.0
Called prefire()
Called fire()
Past the end of training data. Read and discard all inputs.
Checking for deadlock:
There are 2 Blocked actors, 0 Stopped actors, and 3 active threads.
Waiting for actors to stop.
Sent output token with value 9.0
Next port to read input from is inputB
Called postfire()
Called prefire()
Called fire()
Called postfire()
Called prefire()
Called fire()
Checking for deadlock:
There are 2 Blocked actors, 0 Stopped actors, and 3 active threads.
Waiting for actors to stop.
Read input token from inputB with value 10.5
Called prefire()
Called fire()
Past the end of training data. Read and discard all inputs.
Checking for deadlock:
There are 2 Blocked actors, 0 Stopped actors, and 3 active threads.
Waiting for actors to stop.
Sent output token with value 9.0
Next port to read input from is inputA
Called postfire()
Called prefire()
Called fire()
Checking for deadlock:
There are 3 Blocked actors, 0 Stopped actors, and 3 active threads.
Actors have stopped.
Checking for deadlock:
There are 3 Blocked actors, 0 Stopped actors, and 3 active threads.
Deadlock detected.
Resolving Deadlock
Checking for deadlock:
There are 3 Blocked actors, 0 Stopped actors, and 3 active threads.
Artificial Deadlock - increasing queue capacity.
increasing the capacity of receiver ptolemy.actor.TypedIOPort {.top.OrderedMerge.inputB} to 2
Director: Called postfire().
Called postfire().
_stopRequested = false
_stopFireRequested = false
Returning from postfire(): true
Called fire().
Checking for deadlock:
There are 2 Blocked actors, 0 Stopped actors, and 3 active threads.
Waiting for actors to stop.
-- Thread wrapup() called.
Called wrapup()
Thread .top.Ramp2 is exiting.
-- Thread stopped.
Checking for deadlock:
There are 2 Blocked actors, 0 Stopped actors, and 2 active threads.
Actors have stopped.
Checking for deadlock:
There are 2 Blocked actors, 0 Stopped actors, and 2 active threads.
Deadlock detected.
Resolving Deadlock
Checking for deadlock:
There are 2 Blocked actors, 0 Stopped actors, and 2 active threads.
Deadlock detected: no processes blocked on write, but some are blocked on read.
Called postfire().
_stopRequested = false
_stopFireRequested = false
Returning from postfire(): false
Finished deactivating branches.
Called wrapup().
-- Thread wrapup() called.
Called wrapup()
-- Thread wrapup() called.
Called wrapup()
Thread .top.Test is exiting.
-- Thread stopped.
-- Blocked Receiver call threw TerminateProcessException.
Thread .top.OrderedMerge is exiting.
-- Thread stopped.
-- Blocked Receiver call threw TerminateProcessException.
43 ms. Memory: 151552K Free: 75027K (50%)
/home/travis/build/icyphy/ptII/ptolemy/actor/lib/test/Publisher.tcl
26 ms. Memory: 151552K Free: 68883K (45%)
4 ms. Memory: 151552K Free: 134610K (89%)
3 ms. Memory: 151552K Free: 131028K (86%)
13 ms. Memory: 151552K Free: 130004K (86%)
5 ms. Memory: 151552K Free: 129476K (85%)
8 ms. Memory: 151552K Free: 128466K (85%)
11 ms. Memory: 151552K Free: 127428K (84%)
10 ms. Memory: 182272K Free: 166341K (91%)
25 ms. Memory: 182272K Free: 156613K (86%)
5 ms. Memory: 182272K Free: 152517K (84%)
4 ms. Memory: 182272K Free: 151989K (83%)
4 ms. Memory: 182272K Free: 149925K (82%)
13 ms. Memory: 182272K Free: 142277K (78%)
14 ms. Memory: 182272K Free: 132541K (73%)
6 ms. Memory: 182272K Free: 121797K (67%)
/home/travis/build/icyphy/ptII/ptolemy/actor/lib/test/Pulse.tcl
4 ms. Memory: 182272K Free: 83909K (46%)
8 ms. Memory: 182272K Free: 83381K (46%)
1 ms. Memory: 182272K Free: 82885K (45%)
1 ms. Memory: 182272K Free: 82357K (45%)
9 ms. Memory: 182272K Free: 81861K (45%)
14 ms. Memory: 182272K Free: 80837K (44%)
8 ms. Memory: 182272K Free: 164609K (90%)
2 ms. Memory: 182272K Free: 163587K (90%)
1 ms. Memory: 182272K Free: 163059K (89%)
/home/travis/build/icyphy/ptII/ptolemy/actor/lib/test/Ramp.tcl
6 ms. Memory: 182272K Free: 160995K (88%)
3 ms. Memory: 182272K Free: 160515K (88%)
3 ms. Memory: 182272K Free: 159491K (88%)
2 ms. Memory: 182272K Free: 158963K (87%)
5 ms. Memory: 182272K Free: 157923K (87%)
8 ms. Memory: 182272K Free: 156929K (86%)
5 ms. Memory: 182272K Free: 156419K (86%)
5 actors
10000 microseconds per iteration to create
11 ms. Memory: 182272K Free: 153347K (84%)
3 ms. Memory: 182272K Free: 152833K (84%)
4 ms. Memory: 182272K Free: 152323K (84%)
2 ms. Memory: 182272K Free: 151795K (83%)
50 actors
51000 microseconds per iteration to create
40 ms. Memory: 182272K Free: 135939K (75%)
13 ms. Memory: 182272K Free: 134915K (74%)
13 ms. Memory: 182272K Free: 133891K (73%)
8 ms. Memory: 182272K Free: 132867K (73%)
500 actors
1778000 microseconds per iteration to create
229 ms. Memory: 182272K Free: 77964K (43%)
38 ms. Memory: 182272K Free: 72330K (40%)
38 ms. Memory: 182272K Free: 67210K (37%)
39 ms. Memory: 182272K Free: 62090K (34%)
/home/travis/build/icyphy/ptII/ptolemy/actor/lib/test/RampContinuous.tcl
6 ms. Memory: 182272K Free: 60556K (33%)
/home/travis/build/icyphy/ptII/ptolemy/actor/lib/test/RecordAssembler.tcl
5 ms. Memory: 182272K Free: 158831K (87%)
3 ms. Memory: 182272K Free: 157807K (87%)
/home/travis/build/icyphy/ptII/ptolemy/actor/lib/test/RecordDisassembler.tcl
5 ms. Memory: 182272K Free: 155759K (85%)
2 ms. Memory: 182272K Free: 155249K (85%)
3 ms. Memory: 182272K Free: 154225K (85%)
/home/travis/build/icyphy/ptII/ptolemy/actor/lib/test/Scale.tcl
3 ms. Memory: 182272K Free: 152177K (83%)
2 ms. Memory: 182272K Free: 151663K (83%)
1 ms. Memory: 182272K Free: 150624K (83%)
2 ms. Memory: 182272K Free: 149615K (82%)
2 ms. Memory: 182272K Free: 149105K (82%)
/home/travis/build/icyphy/ptII/ptolemy/actor/lib/test/SequentialClock.tcl
preinitializing
resolving types
initializing
executing number 1
wrapping up
idle
2 ms. Memory: 182272K Free: 147552K (81%)
Completed execution with 5 iterations
preinitializing
resolving types
initializing
executing number 1
wrapping up
idle
1 ms. Memory: 182272K Free: 147057K (81%)
Completed execution with 5 iterations
preinitializing
resolving types
initializing
executing number 1
wrapping up
idle
1 ms. Memory: 182272K Free: 146528K (80%)
Completed execution with 5 iterations
/home/travis/build/icyphy/ptII/ptolemy/actor/lib/test/SetVariable.tcl
4 ms. Memory: 182272K Free: 145009K (80%)


==== $PTII/ptolemy/actor/lib/test/SetVariable.tcl: SetVariable-3.1 changeFailed
==== Contents of test case:

    #Uses 2.1 above
    jdkCaptureErr {
        # This test was failing if we ran Exit.tcl and then this test.
        # MessageHandler.error() now actually throws the Exception.
	catch {$setVariable changeFailed [java::null]  [java::new Exception {Test exception for SetVariable.changeFailed()}]} errMsg
    } results
    list [string range $results 0 89] "\n" $errMsg

==== Result was:
{java.lang.Exception: Test exception for SetVariable.changeFailed()
	at java.base/jdk.inter} {
} {java.lang.RuntimeException: java.lang.Exception: Test exception for SetVariable.changeFailed()}
---- Result should have been:
{Failed to set variable.
java.lang.Exception: Test exception for SetVariable.changeFailed()} {
} {java.lang.RuntimeException: java.lang.Exception: Test exception for SetVariable.changeFailed()}
---- SetVariable-3.1 FAILED
/home/travis/build/icyphy/ptII/ptolemy/actor/lib/test/Sinewave.tcl
/home/travis/build/icyphy/ptII/ptolemy/actor/lib/test/SubscriptionAggregator.tcl
5 ms. Memory: 182272K Free: 132721K (73%)
12 ms. Memory: 182272K Free: 132207K (73%)
1 ms. Memory: 182272K Free: 131697K (72%)
1 ms. Memory: 182272K Free: 131183K (72%)
4 ms. Memory: 182272K Free: 128111K (70%)
9 ms. Memory: 182272K Free: 125553K (69%)
...............................................................962 ms. Memory: 226304K Free: 107006K (47%)
/home/travis/build/icyphy/ptII/ptolemy/actor/lib/test/Test.tcl
 The next command will produce a warning about training mode,
   which may be ignored.
4 ms. Memory: 226304K Free: 104960K (46%)
3 ms. Memory: 226304K Free: 104431K (46%)
1 ms. Memory: 226304K Free: 103422K (46%)
1 ms. Memory: 226304K Free: 102912K (45%)
2 ms. Memory: 226304K Free: 102383K (45%)
2 ms. Memory: 226304K Free: 100864K (45%)
2 ms. Memory: 226304K Free: 99840K (44%)
 The next command will produce a warning about training mode,
   which may be ignored.
3 ms. Memory: 226304K Free: 97263K (43%)
 The next command will produce a warning about training mode,
   which may be ignored.
2 ms. Memory: 226304K Free: 96239K (43%)
1 ms. Memory: 226304K Free: 95744K (42%)
1 ms. Memory: 226304K Free: 95223K (42%)
1 ms. Memory: 226304K Free: 94720K (42%)
5 ms. Memory: 226304K Free: 93696K (41%)
6 ms. Memory: 226304K Free: 90103K (40%)
/home/travis/build/icyphy/ptII/ptolemy/actor/lib/test/TestExceptionHandler.tcl
 The next command will produce a warning about training mode,
   which may be ignored.
3 ms. Memory: 226304K Free: 88576K (39%)
0 ms. Memory: 226304K Free: 88055K (39%)
1 ms. Memory: 226304K Free: 87552K (39%)
/home/travis/build/icyphy/ptII/ptolemy/actor/lib/test/UnionDisassembler.tcl
26 ms. Memory: 226304K Free: 80384K (36%)
/home/travis/build/icyphy/ptII/ptolemy/actor/lib/test/VariableClock.tcl
preinitializing
resolving types
initializing
executing number 1
wrapping up
idle
10 ms. Memory: 226304K Free: 78336K (35%)
Completed execution with 11 iterations
preinitializing
resolving types
initializing
executing number 1
wrapping up
idle
3 ms. Memory: 226304K Free: 77312K (34%)
Completed execution with 10 iterations
10/20/19 06:04:33
Failed: 1  Total Tests: 234  ((Passed: 233, Newly Passed: 0)  Known Failed: 0) /home/travis/build/icyphy/ptII/ptolemy/actor/lib/test
----------------- testing (KnownFailure) /home/travis/build/icyphy/ptII/ptolemy/actor/lib/test/auto/knownFailedTests/PublisherPortToplevelSubscriber.xml
1 ms. Memory: 226304K Free: 73726K (33%)
Known Failure: java.lang.reflect.InvocationTargetException
----------------- testing (KnownFailure) /home/travis/build/icyphy/ptII/ptolemy/actor/lib/test/auto/knownFailedTests/PublisherSubscriberPortToplevel.xml
0 ms. Memory: 226304K Free: 69630K (31%)
Known Failure: java.lang.reflect.InvocationTargetException
----------------- testing (KnownFailure) /home/travis/build/icyphy/ptII/ptolemy/actor/lib/test/auto/knownFailedTests/PublisherSubscriptionAggregatorPort.xml
71 ms. Memory: 350208K Free: 303739K (87%)
Known Failure: java.lang.reflect.InvocationTargetException
----------------- testing (KnownFailure) /home/travis/build/icyphy/ptII/ptolemy/actor/lib/test/auto/knownFailedTests/sizedarray3.xml
3 ms. Memory: 350208K Free: 299133K (85%)
Known Failure: java.lang.reflect.InvocationTargetException
No auto/linux-amd64/*.xml tests in /home/travis/build/icyphy/ptII/ptolemy/actor/lib/test
AutoTests.java: About to close Vertx.
AutoTests.java: Vertx closed.

===========================================================================================
----------------- testing Sun Oct 20 06:04:33 UTC 2019 /home/travis/build/icyphy/ptII/ptolemy/actor/lib/test/auto/AbsoluteValue.xml
----------------- Instantiating /home/travis/build/icyphy/ptII/ptolemy/actor/lib/test/auto/AbsoluteValue.xml
5 ms. Memory: 350208K Free: 276091K (79%)
----------------- Invoking toplevel() on ptolemy.moml.MoMLSimpleApplication@3bb12a95
----------------- Done invoking toplevel() on ptolemy.moml.MoMLSimpleApplication@3bb12a95
reloadAllAccessors: .AbsoluteValue

===========================================================================================
----------------- testing Sun Oct 20 06:04:34 UTC 2019 /home/travis/build/icyphy/ptII/ptolemy/actor/lib/test/auto/AbsoluteValue2.xml
----------------- Instantiating /home/travis/build/icyphy/ptII/ptolemy/actor/lib/test/auto/AbsoluteValue2.xml
6 ms. Memory: 350208K Free: 269437K (77%)
----------------- Invoking toplevel() on ptolemy.moml.MoMLSimpleApplication@3bec33a0
----------------- Done invoking toplevel() on ptolemy.moml.MoMLSimpleApplication@3bec33a0
reloadAllAccessors: .AbsoluteValue2

===========================================================================================
----------------- testing Sun Oct 20 06:04:34 UTC 2019 /home/travis/build/icyphy/ptII/ptolemy/actor/lib/test/auto/Accumulator.xml
----------------- Instantiating /home/travis/build/icyphy/ptII/ptolemy/actor/lib/test/auto/Accumulator.xml
6 ms. Memory: 350208K Free: 262779K (75%)
----------------- Invoking toplevel() on ptolemy.moml.MoMLSimpleApplication@6b2c3ef6
----------------- Done invoking toplevel() on ptolemy.moml.MoMLSimpleApplication@6b2c3ef6
reloadAllAccessors: .Accumulator

===========================================================================================
----------------- testing Sun Oct 20 06:04:34 UTC 2019 /home/travis/build/icyphy/ptII/ptolemy/actor/lib/test/auto/Accumulator2.xml
----------------- Instantiating /home/travis/build/icyphy/ptII/ptolemy/actor/lib/test/auto/Accumulator2.xml
4 ms. Memory: 350208K Free: 257659K (74%)
----------------- Invoking toplevel() on ptolemy.moml.MoMLSimpleApplication@23640a46
----------------- Done invoking toplevel() on ptolemy.moml.MoMLSimpleApplication@23640a46
reloadAllAccessors: .Accumulator2

===========================================================================================
----------------- testing Sun Oct 20 06:04:34 UTC 2019 /home/travis/build/icyphy/ptII/ptolemy/actor/lib/test/auto/Accumulator3.xml
----------------- Instantiating /home/travis/build/icyphy/ptII/ptolemy/actor/lib/test/auto/Accumulator3.xml
3 ms. Memory: 350208K Free: 253563K (72%)
----------------- Invoking toplevel() on ptolemy.moml.MoMLSimpleApplication@6aeb442b
----------------- Done invoking toplevel() on ptolemy.moml.MoMLSimpleApplication@6aeb442b
reloadAllAccessors: .Accumulator3

===========================================================================================
----------------- testing Sun Oct 20 06:04:34 UTC 2019 /home/travis/build/icyphy/ptII/ptolemy/actor/lib/test/auto/ArrayAppend.xml
----------------- Instantiating /home/travis/build/icyphy/ptII/ptolemy/actor/lib/test/auto/ArrayAppend.xml
12 ms. Memory: 350208K Free: 247405K (71%)
----------------- Invoking toplevel() on ptolemy.moml.MoMLSimpleApplication@1aeb5616
----------------- Done invoking toplevel() on ptolemy.moml.MoMLSimpleApplication@1aeb5616
reloadAllAccessors: .ArrayAppend

===========================================================================================
----------------- testing Sun Oct 20 06:04:34 UTC 2019 /home/travis/build/icyphy/ptII/ptolemy/actor/lib/test/auto/ArrayAppend2.xml
----------------- Instantiating /home/travis/build/icyphy/ptII/ptolemy/actor/lib/test/auto/ArrayAppend2.xml
448 ms. Memory: 350208K Free: 298706K (85%)
----------------- Invoking toplevel() on ptolemy.moml.MoMLSimpleApplication@9f1f532
----------------- Done invoking toplevel() on ptolemy.moml.MoMLSimpleApplication@9f1f532
reloadAllAccessors: .ArrayAppend2

===========================================================================================
----------------- testing Sun Oct 20 06:04:34 UTC 2019 /home/travis/build/icyphy/ptII/ptolemy/actor/lib/test/auto/ArrayAppend3.xml
----------------- Instantiating /home/travis/build/icyphy/ptII/ptolemy/actor/lib/test/auto/ArrayAppend3.xml
3 ms. Memory: 350208K Free: 292562K (84%)
----------------- Invoking toplevel() on ptolemy.moml.MoMLSimpleApplication@59a76fb8
----------------- Done invoking toplevel() on ptolemy.moml.MoMLSimpleApplication@59a76fb8
reloadAllAccessors: .ArrayAppend3

===========================================================================================
----------------- testing Sun Oct 20 06:04:34 UTC 2019 /home/travis/build/icyphy/ptII/ptolemy/actor/lib/test/auto/ArrayAppend4.xml
----------------- Instantiating /home/travis/build/icyphy/ptII/ptolemy/actor/lib/test/auto/ArrayAppend4.xml
2 ms. Memory: 350208K Free: 287442K (82%)
----------------- Invoking toplevel() on ptolemy.moml.MoMLSimpleApplication@5485b7cf
----------------- Done invoking toplevel() on ptolemy.moml.MoMLSimpleApplication@5485b7cf
reloadAllAccessors: .ArrayAppend4

===========================================================================================
----------------- testing Sun Oct 20 06:04:34 UTC 2019 /home/travis/build/icyphy/ptII/ptolemy/actor/lib/test/auto/ArrayAppend5.xml
----------------- Instantiating /home/travis/build/icyphy/ptII/ptolemy/actor/lib/test/auto/ArrayAppend5.xml
1 ms. Memory: 350208K Free: 282322K (81%)
----------------- Invoking toplevel() on ptolemy.moml.MoMLSimpleApplication@38c36b77
----------------- Done invoking toplevel() on ptolemy.moml.MoMLSimpleApplication@38c36b77
reloadAllAccessors: .ArrayAppend5

===========================================================================================
----------------- testing Sun Oct 20 06:04:34 UTC 2019 /home/travis/build/icyphy/ptII/ptolemy/actor/lib/test/auto/ArrayAppend6.xml
----------------- Instantiating /home/travis/build/icyphy/ptII/ptolemy/actor/lib/test/auto/ArrayAppend6.xml
2 ms. Memory: 350208K Free: 277202K (79%)
----------------- Invoking toplevel() on ptolemy.moml.MoMLSimpleApplication@180d80d6
----------------- Done invoking toplevel() on ptolemy.moml.MoMLSimpleApplication@180d80d6
reloadAllAccessors: .ArrayAppend6

===========================================================================================
----------------- testing Sun Oct 20 06:04:34 UTC 2019 /home/travis/build/icyphy/ptII/ptolemy/actor/lib/test/auto/ArrayAppendPerformanceTest.xml
----------------- Instantiating /home/travis/build/icyphy/ptII/ptolemy/actor/lib/test/auto/ArrayAppendPerformanceTest.xml
31 ms. Memory: 350208K Free: 266962K (76%)
----------------- Invoking toplevel() on ptolemy.moml.MoMLSimpleApplication@6bf89d44
----------------- Done invoking toplevel() on ptolemy.moml.MoMLSimpleApplication@6bf89d44
reloadAllAccessors: .ArrayAppendPerformanceTest

===========================================================================================
----------------- testing Sun Oct 20 06:04:34 UTC 2019 /home/travis/build/icyphy/ptII/ptolemy/actor/lib/test/auto/ArrayAppendWithEmptyInput.xml
----------------- Instantiating /home/travis/build/icyphy/ptII/ptolemy/actor/lib/test/auto/ArrayAppendWithEmptyInput.xml
13 ms. Memory: 350208K Free: 258770K (74%)
----------------- Invoking toplevel() on ptolemy.moml.MoMLSimpleApplication@76ade721
----------------- Done invoking toplevel() on ptolemy.moml.MoMLSimpleApplication@76ade721
reloadAllAccessors: .ArrayAppendWithEmptyInput

===========================================================================================
----------------- testing Sun Oct 20 06:04:35 UTC 2019 /home/travis/build/icyphy/ptII/ptolemy/actor/lib/test/auto/ArrayAverage.xml
----------------- Instantiating /home/travis/build/icyphy/ptII/ptolemy/actor/lib/test/auto/ArrayAverage.xml
8 ms. Memory: 350208K Free: 250578K (72%)
----------------- Invoking toplevel() on ptolemy.moml.MoMLSimpleApplication@7e32ef40
----------------- Done invoking toplevel() on ptolemy.moml.MoMLSimpleApplication@7e32ef40
reloadAllAccessors: .ArrayAverage

===========================================================================================
----------------- testing Sun Oct 20 06:04:35 UTC 2019 /home/travis/build/icyphy/ptII/ptolemy/actor/lib/test/auto/ArrayContains.xml
----------------- Instantiating /home/travis/build/icyphy/ptII/ptolemy/actor/lib/test/auto/ArrayContains.xml
3 ms. Memory: 350208K Free: 244434K (70%)
----------------- Invoking toplevel() on ptolemy.moml.MoMLSimpleApplication@2ce49001
----------------- Done invoking toplevel() on ptolemy.moml.MoMLSimpleApplication@2ce49001
reloadAllAccessors: .ArrayContains

===========================================================================================
----------------- testing Sun Oct 20 06:04:35 UTC 2019 /home/travis/build/icyphy/ptII/ptolemy/actor/lib/test/auto/ArrayElement.xml
----------------- Instantiating /home/travis/build/icyphy/ptII/ptolemy/actor/lib/test/auto/ArrayElement.xml
8 ms. Memory: 350208K Free: 239283K (68%)
----------------- Invoking toplevel() on ptolemy.moml.MoMLSimpleApplication@76fda14d
----------------- Done invoking toplevel() on ptolemy.moml.MoMLSimpleApplication@76fda14d
reloadAllAccessors: .ArrayElement

===========================================================================================
----------------- testing Sun Oct 20 06:04:35 UTC 2019 /home/travis/build/icyphy/ptII/ptolemy/actor/lib/test/auto/ArrayElementAsMatrix.xml
----------------- Instantiating /home/travis/build/icyphy/ptII/ptolemy/actor/lib/test/auto/ArrayElementAsMatrix.xml
16 ms. Memory: 350208K Free: 229074K (65%)
----------------- Invoking toplevel() on ptolemy.moml.MoMLSimpleApplication@3048c4fe
----------------- Done invoking toplevel() on ptolemy.moml.MoMLSimpleApplication@3048c4fe
reloadAllAccessors: .ArrayElementAsMatrix

===========================================================================================
----------------- testing Sun Oct 20 06:04:35 UTC 2019 /home/travis/build/icyphy/ptII/ptolemy/actor/lib/test/auto/ArrayElementI.xml
----------------- Instantiating /home/travis/build/icyphy/ptII/ptolemy/actor/lib/test/auto/ArrayElementI.xml
3 ms. Memory: 350208K Free: 224468K (64%)
----------------- Invoking toplevel() on ptolemy.moml.MoMLSimpleApplication@760acd3
----------------- Done invoking toplevel() on ptolemy.moml.MoMLSimpleApplication@760acd3
reloadAllAccessors: .ArrayElementI

===========================================================================================
----------------- testing Sun Oct 20 06:04:35 UTC 2019 /home/travis/build/icyphy/ptII/ptolemy/actor/lib/test/auto/ArrayExtract.xml
----------------- Instantiating /home/travis/build/icyphy/ptII/ptolemy/actor/lib/test/auto/ArrayExtract.xml
5 ms. Memory: 350208K Free: 215762K (62%)
----------------- Invoking toplevel() on ptolemy.moml.MoMLSimpleApplication@6ad6fb5c
----------------- Done invoking toplevel() on ptolemy.moml.MoMLSimpleApplication@6ad6fb5c
reloadAllAccessors: .ArrayExtract

===========================================================================================
----------------- testing Sun Oct 20 06:04:35 UTC 2019 /home/travis/build/icyphy/ptII/ptolemy/actor/lib/test/auto/ArrayExtract2.xml
----------------- Instantiating /home/travis/build/icyphy/ptII/ptolemy/actor/lib/test/auto/ArrayExtract2.xml
2 ms. Memory: 350208K Free: 210627K (60%)
----------------- Invoking toplevel() on ptolemy.moml.MoMLSimpleApplication@5106f65f
----------------- Done invoking toplevel() on ptolemy.moml.MoMLSimpleApplication@5106f65f
reloadAllAccessors: .ArrayExtract2

===========================================================================================
----------------- testing Sun Oct 20 06:04:35 UTC 2019 /home/travis/build/icyphy/ptII/ptolemy/actor/lib/test/auto/ArrayLength.xml
----------------- Instantiating /home/travis/build/icyphy/ptII/ptolemy/actor/lib/test/auto/ArrayLength.xml
7 ms. Memory: 350208K Free: 206036K (59%)
----------------- Invoking toplevel() on ptolemy.moml.MoMLSimpleApplication@56bd15fa
----------------- Done invoking toplevel() on ptolemy.moml.MoMLSimpleApplication@56bd15fa
reloadAllAccessors: .ArrayLength

===========================================================================================
----------------- testing Sun Oct 20 06:04:35 UTC 2019 /home/travis/build/icyphy/ptII/ptolemy/actor/lib/test/auto/ArrayLevelCrossing.xml
----------------- Instantiating /home/travis/build/icyphy/ptII/ptolemy/actor/lib/test/auto/ArrayLevelCrossing.xml
4 ms. Memory: 350208K Free: 198354K (57%)
----------------- Invoking toplevel() on ptolemy.moml.MoMLSimpleApplication@6d32bd1d
----------------- Done invoking toplevel() on ptolemy.moml.MoMLSimpleApplication@6d32bd1d
reloadAllAccessors: .ArrayLevelCrossing

===========================================================================================
----------------- testing Sun Oct 20 06:04:35 UTC 2019 /home/travis/build/icyphy/ptII/ptolemy/actor/lib/test/auto/ArrayLevelCrossing2.xml
----------------- Instantiating /home/travis/build/icyphy/ptII/ptolemy/actor/lib/test/auto/ArrayLevelCrossing2.xml
3 ms. Memory: 350208K Free: 191700K (55%)
----------------- Invoking toplevel() on ptolemy.moml.MoMLSimpleApplication@26463f6f
----------------- Done invoking toplevel() on ptolemy.moml.MoMLSimpleApplication@26463f6f
reloadAllAccessors: .ArrayLevelCrossing2

===========================================================================================
----------------- testing Sun Oct 20 06:04:35 UTC 2019 /home/travis/build/icyphy/ptII/ptolemy/actor/lib/test/auto/ArrayPeakSearch.xml
----------------- Instantiating /home/travis/build/icyphy/ptII/ptolemy/actor/lib/test/auto/ArrayPeakSearch.xml
7 ms. Memory: 350208K Free: 182484K (52%)
----------------- Invoking toplevel() on ptolemy.moml.MoMLSimpleApplication@3a359556
----------------- Done invoking toplevel() on ptolemy.moml.MoMLSimpleApplication@3a359556
reloadAllAccessors: .ArrayPeakSearch

===========================================================================================
----------------- testing Sun Oct 20 06:04:35 UTC 2019 /home/travis/build/icyphy/ptII/ptolemy/actor/lib/test/auto/ArrayPeakSearch2.xml
----------------- Instantiating /home/travis/build/icyphy/ptII/ptolemy/actor/lib/test/auto/ArrayPeakSearch2.xml
4 ms. Memory: 350208K Free: 172244K (49%)
----------------- Invoking toplevel() on ptolemy.moml.MoMLSimpleApplication@775f8d22
----------------- Done invoking toplevel() on ptolemy.moml.MoMLSimpleApplication@775f8d22
reloadAllAccessors: .ArrayPeakSearch2

===========================================================================================
----------------- testing Sun Oct 20 06:04:35 UTC 2019 /home/travis/build/icyphy/ptII/ptolemy/actor/lib/test/auto/ArrayPeakSearch3.xml
----------------- Instantiating /home/travis/build/icyphy/ptII/ptolemy/actor/lib/test/auto/ArrayPeakSearch3.xml
5 ms. Memory: 350208K Free: 163028K (47%)
----------------- Invoking toplevel() on ptolemy.moml.MoMLSimpleApplication@2ae0126
----------------- Done invoking toplevel() on ptolemy.moml.MoMLSimpleApplication@2ae0126
reloadAllAccessors: .ArrayPeakSearch3

===========================================================================================
----------------- testing Sun Oct 20 06:04:35 UTC 2019 /home/travis/build/icyphy/ptII/ptolemy/actor/lib/test/auto/ArrayRemoveElement.xml
----------------- Instantiating /home/travis/build/icyphy/ptII/ptolemy/actor/lib/test/auto/ArrayRemoveElement.xml
3 ms. Memory: 350208K Free: 155346K (44%)
----------------- Invoking toplevel() on ptolemy.moml.MoMLSimpleApplication@7eb6a042
----------------- Done invoking toplevel() on ptolemy.moml.MoMLSimpleApplication@7eb6a042
reloadAllAccessors: .ArrayRemoveElement

===========================================================================================
----------------- testing Sun Oct 20 06:04:35 UTC 2019 /home/travis/build/icyphy/ptII/ptolemy/actor/lib/test/auto/ArraySort.xml
----------------- Instantiating /home/travis/build/icyphy/ptII/ptolemy/actor/lib/test/auto/ArraySort.xml
10 ms. Memory: 350208K Free: 146130K (42%)
----------------- Invoking toplevel() on ptolemy.moml.MoMLSimpleApplication@4aa283e0
----------------- Done invoking toplevel() on ptolemy.moml.MoMLSimpleApplication@4aa283e0
reloadAllAccessors: .ArraySort

===========================================================================================
----------------- testing Sun Oct 20 06:04:35 UTC 2019 /home/travis/build/icyphy/ptII/ptolemy/actor/lib/test/auto/ArraySum.xml
----------------- Instantiating /home/travis/build/icyphy/ptII/ptolemy/actor/lib/test/auto/ArraySum.xml
2 ms. Memory: 350208K Free: 141010K (40%)
----------------- Invoking toplevel() on ptolemy.moml.MoMLSimpleApplication@572d2232
----------------- Done invoking toplevel() on ptolemy.moml.MoMLSimpleApplication@572d2232
reloadAllAccessors: .ArraySum

===========================================================================================
----------------- testing Sun Oct 20 06:04:35 UTC 2019 /home/travis/build/icyphy/ptII/ptolemy/actor/lib/test/auto/ArrayToElements.xml
----------------- Instantiating /home/travis/build/icyphy/ptII/ptolemy/actor/lib/test/auto/ArrayToElements.xml
7 ms. Memory: 350208K Free: 135380K (39%)
----------------- Invoking toplevel() on ptolemy.moml.MoMLSimpleApplication@15d04bf4
----------------- Done invoking toplevel() on ptolemy.moml.MoMLSimpleApplication@15d04bf4
reloadAllAccessors: .ArrayToElements

===========================================================================================
----------------- testing Sun Oct 20 06:04:35 UTC 2019 /home/travis/build/icyphy/ptII/ptolemy/actor/lib/test/auto/ArrayToMatrix.xml
----------------- Instantiating /home/travis/build/icyphy/ptII/ptolemy/actor/lib/test/auto/ArrayToMatrix.xml
17 ms. Memory: 350208K Free: 121554K (35%)
----------------- Invoking toplevel() on ptolemy.moml.MoMLSimpleApplication@35a3db57
----------------- Done invoking toplevel() on ptolemy.moml.MoMLSimpleApplication@35a3db57
reloadAllAccessors: .ArrayToMatrix

===========================================================================================
----------------- testing Sun Oct 20 06:04:35 UTC 2019 /home/travis/build/icyphy/ptII/ptolemy/actor/lib/test/auto/ArrayUpdate1.xml
----------------- Instantiating /home/travis/build/icyphy/ptII/ptolemy/actor/lib/test/auto/ArrayUpdate1.xml
2 ms. Memory: 350208K Free: 298821K (85%)
----------------- Invoking toplevel() on ptolemy.moml.MoMLSimpleApplication@7a0d1270
----------------- Done invoking toplevel() on ptolemy.moml.MoMLSimpleApplication@7a0d1270
reloadAllAccessors: .ArrayUpdate1

===========================================================================================
----------------- testing Sun Oct 20 06:04:35 UTC 2019 /home/travis/build/icyphy/ptII/ptolemy/actor/lib/test/auto/ArrayUpdate2.xml
----------------- Instantiating /home/travis/build/icyphy/ptII/ptolemy/actor/lib/test/auto/ArrayUpdate2.xml
4 ms. Memory: 350208K Free: 292167K (83%)
----------------- Invoking toplevel() on ptolemy.moml.MoMLSimpleApplication@51f875ad
----------------- Done invoking toplevel() on ptolemy.moml.MoMLSimpleApplication@51f875ad
reloadAllAccessors: .ArrayUpdate2

===========================================================================================
----------------- testing Sun Oct 20 06:04:35 UTC 2019 /home/travis/build/icyphy/ptII/ptolemy/actor/lib/test/auto/ArrayUpdate3.xml
----------------- Instantiating /home/travis/build/icyphy/ptII/ptolemy/actor/lib/test/auto/ArrayUpdate3.xml
2 ms. Memory: 350208K Free: 287557K (82%)
----------------- Invoking toplevel() on ptolemy.moml.MoMLSimpleApplication@4684ebc1
----------------- Done invoking toplevel() on ptolemy.moml.MoMLSimpleApplication@4684ebc1
reloadAllAccessors: .ArrayUpdate3

===========================================================================================
----------------- testing Sun Oct 20 06:04:35 UTC 2019 /home/travis/build/icyphy/ptII/ptolemy/actor/lib/test/auto/Assert1.xml
----------------- Instantiating /home/travis/build/icyphy/ptII/ptolemy/actor/lib/test/auto/Assert1.xml
3 ms. Memory: 350208K Free: 282951K (81%)
----------------- Invoking toplevel() on ptolemy.moml.MoMLSimpleApplication@fc9594d
----------------- Done invoking toplevel() on ptolemy.moml.MoMLSimpleApplication@fc9594d
reloadAllAccessors: .Assert1

===========================================================================================
----------------- testing Sun Oct 20 06:04:35 UTC 2019 /home/travis/build/icyphy/ptII/ptolemy/actor/lib/test/auto/Assert2.xml
----------------- Instantiating /home/travis/build/icyphy/ptII/ptolemy/actor/lib/test/auto/Assert2.xml
2 ms. Memory: 350208K Free: 278341K (79%)
----------------- Invoking toplevel() on ptolemy.moml.MoMLSimpleApplication@b35db7f
----------------- Done invoking toplevel() on ptolemy.moml.MoMLSimpleApplication@b35db7f
reloadAllAccessors: .Assert2

===========================================================================================
----------------- testing Sun Oct 20 06:04:35 UTC 2019 /home/travis/build/icyphy/ptII/ptolemy/actor/lib/test/auto/BooleanMultiplexor.xml
----------------- Instantiating /home/travis/build/icyphy/ptII/ptolemy/actor/lib/test/auto/BooleanMultiplexor.xml
2 ms. Memory: 350208K Free: 272711K (78%)
----------------- Invoking toplevel() on ptolemy.moml.MoMLSimpleApplication@6577188b
----------------- Done invoking toplevel() on ptolemy.moml.MoMLSimpleApplication@6577188b
reloadAllAccessors: .BooleanMultiplexor

===========================================================================================
----------------- testing Sun Oct 20 06:04:35 UTC 2019 /home/travis/build/icyphy/ptII/ptolemy/actor/lib/test/auto/BooleanMultiplexor2.xml
----------------- Instantiating /home/travis/build/icyphy/ptII/ptolemy/actor/lib/test/auto/BooleanMultiplexor2.xml
17 ms. Memory: 350208K Free: 266053K (76%)
----------------- Invoking toplevel() on ptolemy.moml.MoMLSimpleApplication@448eaf69
----------------- Done invoking toplevel() on ptolemy.moml.MoMLSimpleApplication@448eaf69
reloadAllAccessors: .BooleanMultiplexor2

===========================================================================================
----------------- testing Sun Oct 20 06:04:35 UTC 2019 /home/travis/build/icyphy/ptII/ptolemy/actor/lib/test/auto/BooleanMultiplexor3.xml
----------------- Instantiating /home/travis/build/icyphy/ptII/ptolemy/actor/lib/test/auto/BooleanMultiplexor3.xml
3 ms. Memory: 350208K Free: 262471K (75%)
----------------- Invoking toplevel() on ptolemy.moml.MoMLSimpleApplication@6115f3da
----------------- Done invoking toplevel() on ptolemy.moml.MoMLSimpleApplication@6115f3da
reloadAllAccessors: .BooleanMultiplexor3

===========================================================================================
----------------- testing Sun Oct 20 06:04:35 UTC 2019 /home/travis/build/icyphy/ptII/ptolemy/actor/lib/test/auto/BooleanSelect.xml
----------------- Instantiating /home/travis/build/icyphy/ptII/ptolemy/actor/lib/test/auto/BooleanSelect.xml
6 ms. Memory: 350208K Free: 256327K (73%)
----------------- Invoking toplevel() on ptolemy.moml.MoMLSimpleApplication@19f250d
----------------- Done invoking toplevel() on ptolemy.moml.MoMLSimpleApplication@19f250d
reloadAllAccessors: .BooleanSelect

===========================================================================================
----------------- testing Sun Oct 20 06:04:36 UTC 2019 /home/travis/build/icyphy/ptII/ptolemy/actor/lib/test/auto/BooleanSelect2.xml
----------------- Instantiating /home/travis/build/icyphy/ptII/ptolemy/actor/lib/test/auto/BooleanSelect2.xml
2 ms. Memory: 350208K Free: 252231K (72%)
----------------- Invoking toplevel() on ptolemy.moml.MoMLSimpleApplication@504601f4
----------------- Done invoking toplevel() on ptolemy.moml.MoMLSimpleApplication@504601f4
reloadAllAccessors: .BooleanSelect2

===========================================================================================
----------------- testing Sun Oct 20 06:04:36 UTC 2019 /home/travis/build/icyphy/ptII/ptolemy/actor/lib/test/auto/BooleanSwitch.xml
----------------- Instantiating /home/travis/build/icyphy/ptII/ptolemy/actor/lib/test/auto/BooleanSwitch.xml
10 ms. Memory: 350208K Free: 245573K (70%)
----------------- Invoking toplevel() on ptolemy.moml.MoMLSimpleApplication@110b4db6
----------------- Done invoking toplevel() on ptolemy.moml.MoMLSimpleApplication@110b4db6
reloadAllAccessors: .BooleanSwitch

===========================================================================================
----------------- testing Sun Oct 20 06:04:36 UTC 2019 /home/travis/build/icyphy/ptII/ptolemy/actor/lib/test/auto/BooleanSwitch2.xml
----------------- Instantiating /home/travis/build/icyphy/ptII/ptolemy/actor/lib/test/auto/BooleanSwitch2.xml
1 ms. Memory: 350208K Free: 241477K (69%)
----------------- Invoking toplevel() on ptolemy.moml.MoMLSimpleApplication@19ee2d7
----------------- Done invoking toplevel() on ptolemy.moml.MoMLSimpleApplication@19ee2d7
reloadAllAccessors: .BooleanSwitch2

===========================================================================================
----------------- testing Sun Oct 20 06:04:36 UTC 2019 /home/travis/build/icyphy/ptII/ptolemy/actor/lib/test/auto/BooleanSwitchCloningBugWithClassRelationGroup.xml
----------------- Instantiating /home/travis/build/icyphy/ptII/ptolemy/actor/lib/test/auto/BooleanSwitchCloningBugWithClassRelationGroup.xml
5 ms. Memory: 350208K Free: 234823K (67%)
----------------- Invoking toplevel() on ptolemy.moml.MoMLSimpleApplication@1ae8530e
----------------- Done invoking toplevel() on ptolemy.moml.MoMLSimpleApplication@1ae8530e
reloadAllAccessors: .BooleanSwitchCloningBugWithClassRelationGroup

===========================================================================================
----------------- testing Sun Oct 20 06:04:36 UTC 2019 /home/travis/build/icyphy/ptII/ptolemy/actor/lib/test/auto/BusActors.xml
----------------- Instantiating /home/travis/build/icyphy/ptII/ptolemy/actor/lib/test/auto/BusActors.xml
10 ms. Memory: 350208K Free: 227141K (65%)
----------------- Invoking toplevel() on ptolemy.moml.MoMLSimpleApplication@100acfa7
----------------- Done invoking toplevel() on ptolemy.moml.MoMLSimpleApplication@100acfa7
reloadAllAccessors: .BusActors

===========================================================================================
----------------- testing Sun Oct 20 06:04:36 UTC 2019 /home/travis/build/icyphy/ptII/ptolemy/actor/lib/test/auto/ClassWrapper.xml
----------------- Instantiating /home/travis/build/icyphy/ptII/ptolemy/actor/lib/test/auto/ClassWrapper.xml
3 ms. Memory: 350208K Free: 222535K (64%)
----------------- Invoking toplevel() on ptolemy.moml.MoMLSimpleApplication@49b84e35
----------------- Done invoking toplevel() on ptolemy.moml.MoMLSimpleApplication@49b84e35
reloadAllAccessors: .ClassWrapper

===========================================================================================
----------------- testing Sun Oct 20 06:04:36 UTC 2019 /home/travis/build/icyphy/ptII/ptolemy/actor/lib/test/auto/Clock.xml
----------------- Instantiating /home/travis/build/icyphy/ptII/ptolemy/actor/lib/test/auto/Clock.xml
3 ms. Memory: 350208K Free: 218949K (63%)
----------------- Invoking toplevel() on ptolemy.moml.MoMLSimpleApplication@12e9e312
----------------- Done invoking toplevel() on ptolemy.moml.MoMLSimpleApplication@12e9e312
reloadAllAccessors: .Clock

===========================================================================================
----------------- testing Sun Oct 20 06:04:36 UTC 2019 /home/travis/build/icyphy/ptII/ptolemy/actor/lib/test/auto/Clock10.xml
----------------- Instantiating /home/travis/build/icyphy/ptII/ptolemy/actor/lib/test/auto/Clock10.xml
5 ms. Memory: 350208K Free: 212805K (61%)
----------------- Invoking toplevel() on ptolemy.moml.MoMLSimpleApplication@40f9834e
----------------- Done invoking toplevel() on ptolemy.moml.MoMLSimpleApplication@40f9834e
reloadAllAccessors: .Clock10

===========================================================================================
----------------- testing Sun Oct 20 06:04:36 UTC 2019 /home/travis/build/icyphy/ptII/ptolemy/actor/lib/test/auto/Clock11.xml
----------------- Instantiating /home/travis/build/icyphy/ptII/ptolemy/actor/lib/test/auto/Clock11.xml
4 ms. Memory: 350208K Free: 207173K (59%)
----------------- Invoking toplevel() on ptolemy.moml.MoMLSimpleApplication@5df42bb
----------------- Done invoking toplevel() on ptolemy.moml.MoMLSimpleApplication@5df42bb
reloadAllAccessors: .Clock11

===========================================================================================
----------------- testing Sun Oct 20 06:04:36 UTC 2019 /home/travis/build/icyphy/ptII/ptolemy/actor/lib/test/auto/Clock12.xml
----------------- Instantiating /home/travis/build/icyphy/ptII/ptolemy/actor/lib/test/auto/Clock12.xml
4 ms. Memory: 350208K Free: 201031K (57%)
----------------- Invoking toplevel() on ptolemy.moml.MoMLSimpleApplication@7a0ab1b2
----------------- Done invoking toplevel() on ptolemy.moml.MoMLSimpleApplication@7a0ab1b2
reloadAllAccessors: .Clock12

===========================================================================================
----------------- testing Sun Oct 20 06:04:36 UTC 2019 /home/travis/build/icyphy/ptII/ptolemy/actor/lib/test/auto/Clock13.xml
----------------- Instantiating /home/travis/build/icyphy/ptII/ptolemy/actor/lib/test/auto/Clock13.xml
6 ms. Memory: 350208K Free: 195391K (56%)
----------------- Invoking toplevel() on ptolemy.moml.MoMLSimpleApplication@12c6722e
----------------- Done invoking toplevel() on ptolemy.moml.MoMLSimpleApplication@12c6722e
reloadAllAccessors: .Clock13

===========================================================================================
----------------- testing Sun Oct 20 06:04:36 UTC 2019 /home/travis/build/icyphy/ptII/ptolemy/actor/lib/test/auto/Clock14.xml
----------------- Instantiating /home/travis/build/icyphy/ptII/ptolemy/actor/lib/test/auto/Clock14.xml
6 ms. Memory: 350208K Free: 189247K (54%)
----------------- Invoking toplevel() on ptolemy.moml.MoMLSimpleApplication@5419e41f
----------------- Done invoking toplevel() on ptolemy.moml.MoMLSimpleApplication@5419e41f
reloadAllAccessors: .Clock14

===========================================================================================
----------------- testing Sun Oct 20 06:04:36 UTC 2019 /home/travis/build/icyphy/ptII/ptolemy/actor/lib/test/auto/Clock15.xml
----------------- Instantiating /home/travis/build/icyphy/ptII/ptolemy/actor/lib/test/auto/Clock15.xml
4 ms. Memory: 350208K Free: 183623K (52%)
----------------- Invoking toplevel() on ptolemy.moml.MoMLSimpleApplication@3905edb0
----------------- Done invoking toplevel() on ptolemy.moml.MoMLSimpleApplication@3905edb0
reloadAllAccessors: .Clock15

===========================================================================================
----------------- testing Sun Oct 20 06:04:36 UTC 2019 /home/travis/build/icyphy/ptII/ptolemy/actor/lib/test/auto/Clock16.xml
----------------- Instantiating /home/travis/build/icyphy/ptII/ptolemy/actor/lib/test/auto/Clock16.xml
36 ms. Memory: 350208K Free: 168767K (48%)
----------------- Invoking toplevel() on ptolemy.moml.MoMLSimpleApplication@2ccbb8b0
----------------- Done invoking toplevel() on ptolemy.moml.MoMLSimpleApplication@2ccbb8b0
reloadAllAccessors: .Clock16

===========================================================================================
----------------- testing Sun Oct 20 06:04:36 UTC 2019 /home/travis/build/icyphy/ptII/ptolemy/actor/lib/test/auto/Clock17.xml
----------------- Instantiating /home/travis/build/icyphy/ptII/ptolemy/actor/lib/test/auto/Clock17.xml
23 ms. Memory: 350208K Free: 154951K (44%)
----------------- Invoking toplevel() on ptolemy.moml.MoMLSimpleApplication@4e5d7bcf
----------------- Done invoking toplevel() on ptolemy.moml.MoMLSimpleApplication@4e5d7bcf
reloadAllAccessors: .Clock17

===========================================================================================
----------------- testing Sun Oct 20 06:04:36 UTC 2019 /home/travis/build/icyphy/ptII/ptolemy/actor/lib/test/auto/Clock18.xml
----------------- Instantiating /home/travis/build/icyphy/ptII/ptolemy/actor/lib/test/auto/Clock18.xml
14 ms. Memory: 350208K Free: 141111K (40%)
----------------- Invoking toplevel() on ptolemy.moml.MoMLSimpleApplication@46df7347
----------------- Done invoking toplevel() on ptolemy.moml.MoMLSimpleApplication@46df7347
reloadAllAccessors: .Clock18

===========================================================================================
----------------- testing Sun Oct 20 06:04:36 UTC 2019 /home/travis/build/icyphy/ptII/ptolemy/actor/lib/test/auto/Clock19.xml
----------------- Instantiating /home/travis/build/icyphy/ptII/ptolemy/actor/lib/test/auto/Clock19.xml
10 ms. Memory: 350208K Free: 127799K (36%)
----------------- Invoking toplevel() on ptolemy.moml.MoMLSimpleApplication@3616a988
----------------- Done invoking toplevel() on ptolemy.moml.MoMLSimpleApplication@3616a988
reloadAllAccessors: .Clock19

===========================================================================================
----------------- testing Sun Oct 20 06:04:36 UTC 2019 /home/travis/build/icyphy/ptII/ptolemy/actor/lib/test/auto/Clock2.xml
----------------- Instantiating /home/travis/build/icyphy/ptII/ptolemy/actor/lib/test/auto/Clock2.xml
5 ms. Memory: 350208K Free: 123207K (35%)
----------------- Invoking toplevel() on ptolemy.moml.MoMLSimpleApplication@4566f564
----------------- Done invoking toplevel() on ptolemy.moml.MoMLSimpleApplication@4566f564
reloadAllAccessors: .Clock2

===========================================================================================
----------------- testing Sun Oct 20 06:04:36 UTC 2019 /home/travis/build/icyphy/ptII/ptolemy/actor/lib/test/auto/Clock20.xml
----------------- Instantiating /home/travis/build/icyphy/ptII/ptolemy/actor/lib/test/auto/Clock20.xml
6 ms. Memory: 350208K Free: 117573K (34%)
----------------- Invoking toplevel() on ptolemy.moml.MoMLSimpleApplication@217c98d0
----------------- Done invoking toplevel() on ptolemy.moml.MoMLSimpleApplication@217c98d0
reloadAllAccessors: .Clock20

===========================================================================================
----------------- testing Sun Oct 20 06:04:36 UTC 2019 /home/travis/build/icyphy/ptII/ptolemy/actor/lib/test/auto/Clock21.xml
----------------- Instantiating /home/travis/build/icyphy/ptII/ptolemy/actor/lib/test/auto/Clock21.xml
3 ms. Memory: 350208K Free: 112453K (32%)
----------------- Invoking toplevel() on ptolemy.moml.MoMLSimpleApplication@b74c45b
----------------- Done invoking toplevel() on ptolemy.moml.MoMLSimpleApplication@b74c45b
reloadAllAccessors: .Clock21

===========================================================================================
----------------- testing Sun Oct 20 06:04:36 UTC 2019 /home/travis/build/icyphy/ptII/ptolemy/actor/lib/test/auto/Clock22.xml
----------------- Instantiating /home/travis/build/icyphy/ptII/ptolemy/actor/lib/test/auto/Clock22.xml
2 ms. Memory: 350208K Free: 106823K (31%)
----------------- Invoking toplevel() on ptolemy.moml.MoMLSimpleApplication@68a8fd9d
----------------- Done invoking toplevel() on ptolemy.moml.MoMLSimpleApplication@68a8fd9d
reloadAllAccessors: .Clock22

===========================================================================================
----------------- testing Sun Oct 20 06:04:36 UTC 2019 /home/travis/build/icyphy/ptII/ptolemy/actor/lib/test/auto/Clock23.xml
----------------- Instantiating /home/travis/build/icyphy/ptII/ptolemy/actor/lib/test/auto/Clock23.xml
2 ms. Memory: 350208K Free: 101189K (29%)
----------------- Invoking toplevel() on ptolemy.moml.MoMLSimpleApplication@38003d9f
----------------- Done invoking toplevel() on ptolemy.moml.MoMLSimpleApplication@38003d9f
reloadAllAccessors: .Clock23

===========================================================================================
----------------- testing Sun Oct 20 06:04:36 UTC 2019 /home/travis/build/icyphy/ptII/ptolemy/actor/lib/test/auto/Clock24.xml
----------------- Instantiating /home/travis/build/icyphy/ptII/ptolemy/actor/lib/test/auto/Clock24.xml
2 ms. Memory: 350208K Free: 96069K (27%)
----------------- Invoking toplevel() on ptolemy.moml.MoMLSimpleApplication@420ec8b5
----------------- Done invoking toplevel() on ptolemy.moml.MoMLSimpleApplication@420ec8b5
reloadAllAccessors: .Clock24

===========================================================================================
----------------- testing Sun Oct 20 06:04:36 UTC 2019 /home/travis/build/icyphy/ptII/ptolemy/actor/lib/test/auto/Clock4.xml
----------------- Instantiating /home/travis/build/icyphy/ptII/ptolemy/actor/lib/test/auto/Clock4.xml
1 ms. Memory: 350208K Free: 299062K (85%)
----------------- Invoking toplevel() on ptolemy.moml.MoMLSimpleApplication@591e1e24
----------------- Done invoking toplevel() on ptolemy.moml.MoMLSimpleApplication@591e1e24
reloadAllAccessors: .Clock4

===========================================================================================
----------------- testing Sun Oct 20 06:04:36 UTC 2019 /home/travis/build/icyphy/ptII/ptolemy/actor/lib/test/auto/Clock5.xml
----------------- Instantiating /home/travis/build/icyphy/ptII/ptolemy/actor/lib/test/auto/Clock5.xml
1 ms. Memory: 350208K Free: 293462K (84%)
----------------- Invoking toplevel() on ptolemy.moml.MoMLSimpleApplication@25e16eb3
----------------- Done invoking toplevel() on ptolemy.moml.MoMLSimpleApplication@25e16eb3
reloadAllAccessors: .Clock5

===========================================================================================
----------------- testing Sun Oct 20 06:04:36 UTC 2019 /home/travis/build/icyphy/ptII/ptolemy/actor/lib/test/auto/Clock6.xml
----------------- Instantiating /home/travis/build/icyphy/ptII/ptolemy/actor/lib/test/auto/Clock6.xml
1 ms. Memory: 350208K Free: 288852K (82%)
----------------- Invoking toplevel() on ptolemy.moml.MoMLSimpleApplication@2467b5e8
----------------- Done invoking toplevel() on ptolemy.moml.MoMLSimpleApplication@2467b5e8
reloadAllAccessors: .Clock6

===========================================================================================
----------------- testing Sun Oct 20 06:04:36 UTC 2019 /home/travis/build/icyphy/ptII/ptolemy/actor/lib/test/auto/Clock7.xml
----------------- Instantiating /home/travis/build/icyphy/ptII/ptolemy/actor/lib/test/auto/Clock7.xml
2 ms. Memory: 350208K Free: 284756K (81%)
----------------- Invoking toplevel() on ptolemy.moml.MoMLSimpleApplication@73f2cf63
----------------- Done invoking toplevel() on ptolemy.moml.MoMLSimpleApplication@73f2cf63
reloadAllAccessors: .Clock7

===========================================================================================
----------------- testing Sun Oct 20 06:04:36 UTC 2019 /home/travis/build/icyphy/ptII/ptolemy/actor/lib/test/auto/Clock8.xml
----------------- Instantiating /home/travis/build/icyphy/ptII/ptolemy/actor/lib/test/auto/Clock8.xml
5 ms. Memory: 350208K Free: 279126K (80%)
----------------- Invoking toplevel() on ptolemy.moml.MoMLSimpleApplication@771b5b68
----------------- Done invoking toplevel() on ptolemy.moml.MoMLSimpleApplication@771b5b68
reloadAllAccessors: .Clock8

===========================================================================================
----------------- testing Sun Oct 20 06:04:36 UTC 2019 /home/travis/build/icyphy/ptII/ptolemy/actor/lib/test/auto/Clock9.xml
----------------- Instantiating /home/travis/build/icyphy/ptII/ptolemy/actor/lib/test/auto/Clock9.xml
4 ms. Memory: 350208K Free: 274006K (78%)
----------------- Invoking toplevel() on ptolemy.moml.MoMLSimpleApplication@544deb1
----------------- Done invoking toplevel() on ptolemy.moml.MoMLSimpleApplication@544deb1
reloadAllAccessors: .Clock9

===========================================================================================
----------------- testing Sun Oct 20 06:04:36 UTC 2019 /home/travis/build/icyphy/ptII/ptolemy/actor/lib/test/auto/CommDistDiscard.xml
----------------- Instantiating /home/travis/build/icyphy/ptII/ptolemy/actor/lib/test/auto/CommDistDiscard.xml
2 ms. Memory: 350208K Free: 268372K (77%)
----------------- Invoking toplevel() on ptolemy.moml.MoMLSimpleApplication@70821657
----------------- Done invoking toplevel() on ptolemy.moml.MoMLSimpleApplication@70821657
reloadAllAccessors: .CommDistDiscard

===========================================================================================
----------------- testing Sun Oct 20 06:04:36 UTC 2019 /home/travis/build/icyphy/ptII/ptolemy/actor/lib/test/auto/Commutator.xml
----------------- Instantiating /home/travis/build/icyphy/ptII/ptolemy/actor/lib/test/auto/Commutator.xml
2 ms. Memory: 350208K Free: 263766K (75%)
----------------- Invoking toplevel() on ptolemy.moml.MoMLSimpleApplication@109cfd8f
----------------- Done invoking toplevel() on ptolemy.moml.MoMLSimpleApplication@109cfd8f
reloadAllAccessors: .Commutator

===========================================================================================
----------------- testing Sun Oct 20 06:04:36 UTC 2019 /home/travis/build/icyphy/ptII/ptolemy/actor/lib/test/auto/Commutator2.xml
----------------- Instantiating /home/travis/build/icyphy/ptII/ptolemy/actor/lib/test/auto/Commutator2.xml
1 ms. Memory: 350208K Free: 259156K (74%)
----------------- Invoking toplevel() on ptolemy.moml.MoMLSimpleApplication@15273b3
----------------- Done invoking toplevel() on ptolemy.moml.MoMLSimpleApplication@15273b3
reloadAllAccessors: .Commutator2

===========================================================================================
----------------- testing Sun Oct 20 06:04:36 UTC 2019 /home/travis/build/icyphy/ptII/ptolemy/actor/lib/test/auto/Commutator3.xml
----------------- Instantiating /home/travis/build/icyphy/ptII/ptolemy/actor/lib/test/auto/Commutator3.xml
2 ms. Memory: 350208K Free: 255060K (73%)
----------------- Invoking toplevel() on ptolemy.moml.MoMLSimpleApplication@247cad2a
----------------- Done invoking toplevel() on ptolemy.moml.MoMLSimpleApplication@247cad2a
reloadAllAccessors: .Commutator3

===========================================================================================
----------------- testing Sun Oct 20 06:04:36 UTC 2019 /home/travis/build/icyphy/ptII/ptolemy/actor/lib/test/auto/Compare.xml
----------------- Instantiating /home/travis/build/icyphy/ptII/ptolemy/actor/lib/test/auto/Compare.xml
1 ms. Memory: 350208K Free: 248406K (71%)
----------------- Invoking toplevel() on ptolemy.moml.MoMLSimpleApplication@71f6bcca
----------------- Done invoking toplevel() on ptolemy.moml.MoMLSimpleApplication@71f6bcca
reloadAllAccessors: .Compare

===========================================================================================
----------------- testing Sun Oct 20 06:04:36 UTC 2019 /home/travis/build/icyphy/ptII/ptolemy/actor/lib/test/auto/CompareDE.xml
----------------- Instantiating /home/travis/build/icyphy/ptII/ptolemy/actor/lib/test/auto/CompareDE.xml
5 ms. Memory: 350208K Free: 241238K (69%)
----------------- Invoking toplevel() on ptolemy.moml.MoMLSimpleApplication@eed5fed
----------------- Done invoking toplevel() on ptolemy.moml.MoMLSimpleApplication@eed5fed
reloadAllAccessors: .CompareDE

===========================================================================================
----------------- testing Sun Oct 20 06:04:36 UTC 2019 /home/travis/build/icyphy/ptII/ptolemy/actor/lib/test/auto/ComplexDivide.xml
----------------- Instantiating /home/travis/build/icyphy/ptII/ptolemy/actor/lib/test/auto/ComplexDivide.xml
1 ms. Memory: 350208K Free: 237652K (68%)
----------------- Invoking toplevel() on ptolemy.moml.MoMLSimpleApplication@9ef3b4d
----------------- Done invoking toplevel() on ptolemy.moml.MoMLSimpleApplication@9ef3b4d
reloadAllAccessors: .ComplexDivide

===========================================================================================
----------------- testing Sun Oct 20 06:04:36 UTC 2019 /home/travis/build/icyphy/ptII/ptolemy/actor/lib/test/auto/ComputeHistogram.xml
----------------- Instantiating /home/travis/build/icyphy/ptII/ptolemy/actor/lib/test/auto/ComputeHistogram.xml
26 ms. Memory: 350208K Free: 224854K (64%)
----------------- Invoking toplevel() on ptolemy.moml.MoMLSimpleApplication@51c05a29
----------------- Done invoking toplevel() on ptolemy.moml.MoMLSimpleApplication@51c05a29
reloadAllAccessors: .ComputeHistogram

===========================================================================================
----------------- testing Sun Oct 20 06:04:37 UTC 2019 /home/travis/build/icyphy/ptII/ptolemy/actor/lib/test/auto/ConfigurationSelect.xml
----------------- Instantiating /home/travis/build/icyphy/ptII/ptolemy/actor/lib/test/auto/ConfigurationSelect.xml
3 ms. Memory: 350208K Free: 219734K (63%)
----------------- Invoking toplevel() on ptolemy.moml.MoMLSimpleApplication@2125fdc2
----------------- Done invoking toplevel() on ptolemy.moml.MoMLSimpleApplication@2125fdc2
reloadAllAccessors: .ConfigurationSelect

===========================================================================================
----------------- testing Sun Oct 20 06:04:37 UTC 2019 /home/travis/build/icyphy/ptII/ptolemy/actor/lib/test/auto/ConfigurationSelect2.xml
----------------- Instantiating /home/travis/build/icyphy/ptII/ptolemy/actor/lib/test/auto/ConfigurationSelect2.xml
2 ms. Memory: 350208K Free: 215124K (61%)
----------------- Invoking toplevel() on ptolemy.moml.MoMLSimpleApplication@3ec381f8
----------------- Done invoking toplevel() on ptolemy.moml.MoMLSimpleApplication@3ec381f8
reloadAllAccessors: .ConfigurationSelect2

===========================================================================================
----------------- testing Sun Oct 20 06:04:37 UTC 2019 /home/travis/build/icyphy/ptII/ptolemy/actor/lib/test/auto/ConfigurationSwitch.xml
----------------- Instantiating /home/travis/build/icyphy/ptII/ptolemy/actor/lib/test/auto/ConfigurationSwitch.xml
10 ms. Memory: 350208K Free: 209494K (60%)
----------------- Invoking toplevel() on ptolemy.moml.MoMLSimpleApplication@3daa2a41
----------------- Done invoking toplevel() on ptolemy.moml.MoMLSimpleApplication@3daa2a41
reloadAllAccessors: .ConfigurationSwitch

===========================================================================================
----------------- testing Sun Oct 20 06:04:37 UTC 2019 /home/travis/build/icyphy/ptII/ptolemy/actor/lib/test/auto/ConfigurationSwitch2.xml
----------------- Instantiating /home/travis/build/icyphy/ptII/ptolemy/actor/lib/test/auto/ConfigurationSwitch2.xml
4 ms. Memory: 350208K Free: 204374K (58%)
----------------- Invoking toplevel() on ptolemy.moml.MoMLSimpleApplication@6af425ac
----------------- Done invoking toplevel() on ptolemy.moml.MoMLSimpleApplication@6af425ac
reloadAllAccessors: .ConfigurationSwitch2

===========================================================================================
----------------- testing Sun Oct 20 06:04:37 UTC 2019 /home/travis/build/icyphy/ptII/ptolemy/actor/lib/test/auto/ConfigurationSwitchCloningBugWithClassRelationGroup.xml
----------------- Instantiating /home/travis/build/icyphy/ptII/ptolemy/actor/lib/test/auto/ConfigurationSwitchCloningBugWithClassRelationGroup.xml
1 ms. Memory: 350208K Free: 197716K (56%)
----------------- Invoking toplevel() on ptolemy.moml.MoMLSimpleApplication@5926d94d
----------------- Done invoking toplevel() on ptolemy.moml.MoMLSimpleApplication@5926d94d
reloadAllAccessors: .ConfigurationSwitchCloningBugWithClassRelationGroup

===========================================================================================
----------------- testing Sun Oct 20 06:04:37 UTC 2019 /home/travis/build/icyphy/ptII/ptolemy/actor/lib/test/auto/ConfigurationSwitchSelectSDF.xml
----------------- Instantiating /home/travis/build/icyphy/ptII/ptolemy/actor/lib/test/auto/ConfigurationSwitchSelectSDF.xml
3 ms. Memory: 350208K Free: 192086K (55%)
----------------- Invoking toplevel() on ptolemy.moml.MoMLSimpleApplication@1deb3bd8
----------------- Done invoking toplevel() on ptolemy.moml.MoMLSimpleApplication@1deb3bd8
reloadAllAccessors: .ConfigurationSwitchSelectSDF

===========================================================================================
----------------- testing Sun Oct 20 06:04:37 UTC 2019 /home/travis/build/icyphy/ptII/ptolemy/actor/lib/test/auto/ConfigurationSwitchSelectSDF2.xml
----------------- Instantiating /home/travis/build/icyphy/ptII/ptolemy/actor/lib/test/auto/ConfigurationSwitchSelectSDF2.xml
2 ms. Memory: 350208K Free: 186452K (53%)
----------------- Invoking toplevel() on ptolemy.moml.MoMLSimpleApplication@2f8db883
----------------- Done invoking toplevel() on ptolemy.moml.MoMLSimpleApplication@2f8db883
reloadAllAccessors: .ConfigurationSwitchSelectSDF2

===========================================================================================
----------------- testing Sun Oct 20 06:04:37 UTC 2019 /home/travis/build/icyphy/ptII/ptolemy/actor/lib/test/auto/Const.xml
----------------- Instantiating /home/travis/build/icyphy/ptII/ptolemy/actor/lib/test/auto/Const.xml
1 ms. Memory: 350208K Free: 182870K (52%)
----------------- Invoking toplevel() on ptolemy.moml.MoMLSimpleApplication@665bcbbd
----------------- Done invoking toplevel() on ptolemy.moml.MoMLSimpleApplication@665bcbbd
reloadAllAccessors: .Const

===========================================================================================
----------------- testing Sun Oct 20 06:04:37 UTC 2019 /home/travis/build/icyphy/ptII/ptolemy/actor/lib/test/auto/Const2.xml
----------------- Instantiating /home/travis/build/icyphy/ptII/ptolemy/actor/lib/test/auto/Const2.xml
1 ms. Memory: 350208K Free: 178774K (51%)
----------------- Invoking toplevel() on ptolemy.moml.MoMLSimpleApplication@b7be533
----------------- Done invoking toplevel() on ptolemy.moml.MoMLSimpleApplication@b7be533
reloadAllAccessors: .Const2

===========================================================================================
----------------- testing Sun Oct 20 06:04:37 UTC 2019 /home/travis/build/icyphy/ptII/ptolemy/actor/lib/test/auto/Const3.xml
----------------- Instantiating /home/travis/build/icyphy/ptII/ptolemy/actor/lib/test/auto/Const3.xml
1 ms. Memory: 350208K Free: 176212K (50%)
----------------- Invoking toplevel() on ptolemy.moml.MoMLSimpleApplication@6370670f
----------------- Done invoking toplevel() on ptolemy.moml.MoMLSimpleApplication@6370670f
reloadAllAccessors: .Const3

===========================================================================================
----------------- testing Sun Oct 20 06:04:37 UTC 2019 /home/travis/build/icyphy/ptII/ptolemy/actor/lib/test/auto/ConstantPublisherPort1.xml
----------------- Instantiating /home/travis/build/icyphy/ptII/ptolemy/actor/lib/test/auto/ConstantPublisherPort1.xml
6 ms. Memory: 350208K Free: 167510K (48%)
----------------- Invoking toplevel() on ptolemy.moml.MoMLSimpleApplication@3ca87f12
----------------- Done invoking toplevel() on ptolemy.moml.MoMLSimpleApplication@3ca87f12
reloadAllAccessors: .ConstantPublisherPort1

===========================================================================================
----------------- testing Sun Oct 20 06:04:37 UTC 2019 /home/travis/build/icyphy/ptII/ptolemy/actor/lib/test/auto/ConstantPublisherPort2.xml
----------------- Instantiating /home/travis/build/icyphy/ptII/ptolemy/actor/lib/test/auto/ConstantPublisherPort2.xml
4 ms. Memory: 350208K Free: 160342K (46%)
----------------- Invoking toplevel() on ptolemy.moml.MoMLSimpleApplication@4b60b538
----------------- Done invoking toplevel() on ptolemy.moml.MoMLSimpleApplication@4b60b538
reloadAllAccessors: .ConstantPublisherPort2

===========================================================================================
----------------- testing Sun Oct 20 06:04:37 UTC 2019 /home/travis/build/icyphy/ptII/ptolemy/actor/lib/test/auto/ConstantPublisherPort3.xml
----------------- Instantiating /home/travis/build/icyphy/ptII/ptolemy/actor/lib/test/auto/ConstantPublisherPort3.xml
4 ms. Memory: 350208K Free: 152660K (44%)
----------------- Invoking toplevel() on ptolemy.moml.MoMLSimpleApplication@11e3f987
----------------- Done invoking toplevel() on ptolemy.moml.MoMLSimpleApplication@11e3f987
reloadAllAccessors: .ConstantPublisherPort3

===========================================================================================
----------------- testing Sun Oct 20 06:04:37 UTC 2019 /home/travis/build/icyphy/ptII/ptolemy/actor/lib/test/auto/ConstantPublisherPort4.xml
----------------- Instantiating /home/travis/build/icyphy/ptII/ptolemy/actor/lib/test/auto/ConstantPublisherPort4.xml
2 ms. Memory: 350208K Free: 145492K (42%)
----------------- Invoking toplevel() on ptolemy.moml.MoMLSimpleApplication@2379c39b
----------------- Done invoking toplevel() on ptolemy.moml.MoMLSimpleApplication@2379c39b
reloadAllAccessors: .ConstantPublisherPort4

===========================================================================================
----------------- testing Sun Oct 20 06:04:37 UTC 2019 /home/travis/build/icyphy/ptII/ptolemy/actor/lib/test/auto/ConstantPublisherPort5.xml
----------------- Instantiating /home/travis/build/icyphy/ptII/ptolemy/actor/lib/test/auto/ConstantPublisherPort5.xml
27 ms. Memory: 350208K Free: 136790K (39%)
----------------- Invoking toplevel() on ptolemy.moml.MoMLSimpleApplication@1153900d
----------------- Done invoking toplevel() on ptolemy.moml.MoMLSimpleApplication@1153900d
reloadAllAccessors: .ConstantPublisherPort5

===========================================================================================
----------------- testing Sun Oct 20 06:04:37 UTC 2019 /home/travis/build/icyphy/ptII/ptolemy/actor/lib/test/auto/ConstantPublisherPort6.xml
----------------- Instantiating /home/travis/build/icyphy/ptII/ptolemy/actor/lib/test/auto/ConstantPublisherPort6.xml
11 ms. Memory: 350208K Free: 127574K (36%)
----------------- Invoking toplevel() on ptolemy.moml.MoMLSimpleApplication@64a25ba3
----------------- Done invoking toplevel() on ptolemy.moml.MoMLSimpleApplication@64a25ba3
reloadAllAccessors: .ConstantPublisherPort6

===========================================================================================
----------------- testing Sun Oct 20 06:04:37 UTC 2019 /home/travis/build/icyphy/ptII/ptolemy/actor/lib/test/auto/ConstantPublisherPort7.xml
----------------- Instantiating /home/travis/build/icyphy/ptII/ptolemy/actor/lib/test/auto/ConstantPublisherPort7.xml
18 ms. Memory: 350208K Free: 118358K (34%)
----------------- Invoking toplevel() on ptolemy.moml.MoMLSimpleApplication@133bdb3e
----------------- Done invoking toplevel() on ptolemy.moml.MoMLSimpleApplication@133bdb3e
reloadAllAccessors: .ConstantPublisherPort7

===========================================================================================
----------------- testing Sun Oct 20 06:04:37 UTC 2019 /home/travis/build/icyphy/ptII/ptolemy/actor/lib/test/auto/ConstraintMonitor1.xml
----------------- Instantiating /home/travis/build/icyphy/ptII/ptolemy/actor/lib/test/auto/ConstraintMonitor1.xml
8 ms. Memory: 350208K Free: 113238K (32%)
----------------- Invoking toplevel() on ptolemy.moml.MoMLSimpleApplication@768b54ad
----------------- Done invoking toplevel() on ptolemy.moml.MoMLSimpleApplication@768b54ad
reloadAllAccessors: .ConstraintMonitor1

===========================================================================================
----------------- testing Sun Oct 20 06:04:37 UTC 2019 /home/travis/build/icyphy/ptII/ptolemy/actor/lib/test/auto/ConstraintMonitor2.xml
----------------- Instantiating /home/travis/build/icyphy/ptII/ptolemy/actor/lib/test/auto/ConstraintMonitor2.xml
5 ms. Memory: 350208K Free: 108628K (31%)
----------------- Invoking toplevel() on ptolemy.moml.MoMLSimpleApplication@957ecd7
----------------- Done invoking toplevel() on ptolemy.moml.MoMLSimpleApplication@957ecd7
reloadAllAccessors: .ConstraintMonitor2

===========================================================================================
----------------- testing Sun Oct 20 06:04:37 UTC 2019 /home/travis/build/icyphy/ptII/ptolemy/actor/lib/test/auto/ConstraintMonitor3.xml
----------------- Instantiating /home/travis/build/icyphy/ptII/ptolemy/actor/lib/test/auto/ConstraintMonitor3.xml
4 ms. Memory: 350208K Free: 104022K (30%)
----------------- Invoking toplevel() on ptolemy.moml.MoMLSimpleApplication@5cb315d7
----------------- Done invoking toplevel() on ptolemy.moml.MoMLSimpleApplication@5cb315d7
reloadAllAccessors: .ConstraintMonitor3

===========================================================================================
----------------- testing Sun Oct 20 06:04:37 UTC 2019 /home/travis/build/icyphy/ptII/ptolemy/actor/lib/test/auto/ConstraintMonitor4.xml
----------------- Instantiating /home/travis/build/icyphy/ptII/ptolemy/actor/lib/test/auto/ConstraintMonitor4.xml
6 ms. Memory: 350208K Free: 99412K (28%)
----------------- Invoking toplevel() on ptolemy.moml.MoMLSimpleApplication@3da78c33
----------------- Done invoking toplevel() on ptolemy.moml.MoMLSimpleApplication@3da78c33
reloadAllAccessors: .ConstraintMonitor4

===========================================================================================
----------------- testing Sun Oct 20 06:04:37 UTC 2019 /home/travis/build/icyphy/ptII/ptolemy/actor/lib/test/auto/ConstraintMonitor5.xml
----------------- Instantiating /home/travis/build/icyphy/ptII/ptolemy/actor/lib/test/auto/ConstraintMonitor5.xml
10 ms. Memory: 350208K Free: 301614K (86%)
----------------- Invoking toplevel() on ptolemy.moml.MoMLSimpleApplication@e1ee999
----------------- Done invoking toplevel() on ptolemy.moml.MoMLSimpleApplication@e1ee999
reloadAllAccessors: .ConstraintMonitor5

===========================================================================================
----------------- testing Sun Oct 20 06:04:37 UTC 2019 /home/travis/build/icyphy/ptII/ptolemy/actor/lib/test/auto/ConstraintMonitor6.xml
----------------- Instantiating /home/travis/build/icyphy/ptII/ptolemy/actor/lib/test/auto/ConstraintMonitor6.xml
3 ms. Memory: 350208K Free: 294437K (84%)
----------------- Invoking toplevel() on ptolemy.moml.MoMLSimpleApplication@4db3b424
----------------- Done invoking toplevel() on ptolemy.moml.MoMLSimpleApplication@4db3b424
reloadAllAccessors: .ConstraintMonitor6

===========================================================================================
----------------- testing Sun Oct 20 06:04:37 UTC 2019 /home/travis/build/icyphy/ptII/ptolemy/actor/lib/test/auto/ConstraintMonitor7.xml
----------------- Instantiating /home/travis/build/icyphy/ptII/ptolemy/actor/lib/test/auto/ConstraintMonitor7.xml
3 ms. Memory: 350208K Free: 288285K (82%)
----------------- Invoking toplevel() on ptolemy.moml.MoMLSimpleApplication@211096cc
----------------- Done invoking toplevel() on ptolemy.moml.MoMLSimpleApplication@211096cc
reloadAllAccessors: .ConstraintMonitor7

===========================================================================================
----------------- testing Sun Oct 20 06:04:37 UTC 2019 /home/travis/build/icyphy/ptII/ptolemy/actor/lib/test/auto/ConstraintMonitor8.xml
----------------- Instantiating /home/travis/build/icyphy/ptII/ptolemy/actor/lib/test/auto/ConstraintMonitor8.xml
10 ms. Memory: 350208K Free: 280621K (80%)
----------------- Invoking toplevel() on ptolemy.moml.MoMLSimpleApplication@56d8e3ee
----------------- Done invoking toplevel() on ptolemy.moml.MoMLSimpleApplication@56d8e3ee
reloadAllAccessors: .ConstraintMonitor8

===========================================================================================
----------------- testing Sun Oct 20 06:04:37 UTC 2019 /home/travis/build/icyphy/ptII/ptolemy/actor/lib/test/auto/Counter.xml
----------------- Instantiating /home/travis/build/icyphy/ptII/ptolemy/actor/lib/test/auto/Counter.xml
3 ms. Memory: 350208K Free: 275501K (79%)
----------------- Invoking toplevel() on ptolemy.moml.MoMLSimpleApplication@4ed4033b
----------------- Done invoking toplevel() on ptolemy.moml.MoMLSimpleApplication@4ed4033b
reloadAllAccessors: .Counter

===========================================================================================
----------------- testing Sun Oct 20 06:04:37 UTC 2019 /home/travis/build/icyphy/ptII/ptolemy/actor/lib/test/auto/CurrentTimeSDF.xml
----------------- Instantiating /home/travis/build/icyphy/ptII/ptolemy/actor/lib/test/auto/CurrentTimeSDF.xml
2 ms. Memory: 350208K Free: 271405K (77%)
----------------- Invoking toplevel() on ptolemy.moml.MoMLSimpleApplication@2c1a2936
----------------- Done invoking toplevel() on ptolemy.moml.MoMLSimpleApplication@2c1a2936
reloadAllAccessors: .CurrentTimeSDF

===========================================================================================
----------------- testing Sun Oct 20 06:04:37 UTC 2019 /home/travis/build/icyphy/ptII/ptolemy/actor/lib/test/auto/DB.xml
----------------- Instantiating /home/travis/build/icyphy/ptII/ptolemy/actor/lib/test/auto/DB.xml
2 ms. Memory: 350208K Free: 266795K (76%)
----------------- Invoking toplevel() on ptolemy.moml.MoMLSimpleApplication@3ba751ae
----------------- Done invoking toplevel() on ptolemy.moml.MoMLSimpleApplication@3ba751ae
reloadAllAccessors: .DB

===========================================================================================
----------------- testing Sun Oct 20 06:04:37 UTC 2019 /home/travis/build/icyphy/ptII/ptolemy/actor/lib/test/auto/DBDE.xml
----------------- Instantiating /home/travis/build/icyphy/ptII/ptolemy/actor/lib/test/auto/DBDE.xml
3 ms. Memory: 350208K Free: 260141K (74%)
----------------- Invoking toplevel() on ptolemy.moml.MoMLSimpleApplication@f0fe43b
----------------- Done invoking toplevel() on ptolemy.moml.MoMLSimpleApplication@f0fe43b
reloadAllAccessors: .DBDE

===========================================================================================
----------------- testing Sun Oct 20 06:04:37 UTC 2019 /home/travis/build/icyphy/ptII/ptolemy/actor/lib/test/auto/DateConstructor.xml
----------------- Instantiating /home/travis/build/icyphy/ptII/ptolemy/actor/lib/test/auto/DateConstructor.xml
25 ms. Memory: 350208K Free: 242219K (69%)
----------------- Invoking toplevel() on ptolemy.moml.MoMLSimpleApplication@402d4a4d
----------------- Done invoking toplevel() on ptolemy.moml.MoMLSimpleApplication@402d4a4d
reloadAllAccessors: .DateConstructor

===========================================================================================
----------------- testing Sun Oct 20 06:04:37 UTC 2019 /home/travis/build/icyphy/ptII/ptolemy/actor/lib/test/auto/DelayTime.xml
----------------- Instantiating /home/travis/build/icyphy/ptII/ptolemy/actor/lib/test/auto/DelayTime.xml
5 ms. Memory: 350208K Free: 237613K (68%)
----------------- Invoking toplevel() on ptolemy.moml.MoMLSimpleApplication@23ad0834
----------------- Done invoking toplevel() on ptolemy.moml.MoMLSimpleApplication@23ad0834
reloadAllAccessors: .DelayTime

===========================================================================================
----------------- testing Sun Oct 20 06:04:37 UTC 2019 /home/travis/build/icyphy/ptII/ptolemy/actor/lib/test/auto/Dictionary1.xml
----------------- Instantiating /home/travis/build/icyphy/ptII/ptolemy/actor/lib/test/auto/Dictionary1.xml
1 ms. Memory: 350208K Free: 231979K (66%)
----------------- Invoking toplevel() on ptolemy.moml.MoMLSimpleApplication@2cb6d482
----------------- Done invoking toplevel() on ptolemy.moml.MoMLSimpleApplication@2cb6d482
reloadAllAccessors: .Dictionary1

===========================================================================================
----------------- testing Sun Oct 20 06:04:37 UTC 2019 /home/travis/build/icyphy/ptII/ptolemy/actor/lib/test/auto/Dictionary2.xml
----------------- Instantiating /home/travis/build/icyphy/ptII/ptolemy/actor/lib/test/auto/Dictionary2.xml
1 ms. Memory: 350208K Free: 226349K (65%)
----------------- Invoking toplevel() on ptolemy.moml.MoMLSimpleApplication@1a6228d3
----------------- Done invoking toplevel() on ptolemy.moml.MoMLSimpleApplication@1a6228d3
reloadAllAccessors: .Dictionary2

===========================================================================================
----------------- testing Sun Oct 20 06:04:37 UTC 2019 /home/travis/build/icyphy/ptII/ptolemy/actor/lib/test/auto/Dictionary3.xml
----------------- Instantiating /home/travis/build/icyphy/ptII/ptolemy/actor/lib/test/auto/Dictionary3.xml
2 ms. Memory: 350208K Free: 221229K (63%)
----------------- Invoking toplevel() on ptolemy.moml.MoMLSimpleApplication@11d2bcda
----------------- Done invoking toplevel() on ptolemy.moml.MoMLSimpleApplication@11d2bcda
reloadAllAccessors: .Dictionary3

===========================================================================================
----------------- testing Sun Oct 20 06:04:37 UTC 2019 /home/travis/build/icyphy/ptII/ptolemy/actor/lib/test/auto/Dictionary4.xml
----------------- Instantiating /home/travis/build/icyphy/ptII/ptolemy/actor/lib/test/auto/Dictionary4.xml
3 ms. Memory: 350208K Free: 214061K (61%)
----------------- Invoking toplevel() on ptolemy.moml.MoMLSimpleApplication@2f25d30a
----------------- Done invoking toplevel() on ptolemy.moml.MoMLSimpleApplication@2f25d30a
reloadAllAccessors: .Dictionary4

===========================================================================================
----------------- testing Sun Oct 20 06:04:37 UTC 2019 /home/travis/build/icyphy/ptII/ptolemy/actor/lib/test/auto/Differential.xml
----------------- Instantiating /home/travis/build/icyphy/ptII/ptolemy/actor/lib/test/auto/Differential.xml
2 ms. Memory: 350208K Free: 209451K (60%)
----------------- Invoking toplevel() on ptolemy.moml.MoMLSimpleApplication@58536049
----------------- Done invoking toplevel() on ptolemy.moml.MoMLSimpleApplication@58536049
reloadAllAccessors: .Differential

===========================================================================================
----------------- testing Sun Oct 20 06:04:37 UTC 2019 /home/travis/build/icyphy/ptII/ptolemy/actor/lib/test/auto/Director.xml
----------------- Instantiating /home/travis/build/icyphy/ptII/ptolemy/actor/lib/test/auto/Director.xml
4 ms. Memory: 350208K Free: 205869K (59%)
----------------- Invoking toplevel() on ptolemy.moml.MoMLSimpleApplication@d6a9346
----------------- Done invoking toplevel() on ptolemy.moml.MoMLSimpleApplication@d6a9346
reloadAllAccessors: .Director

===========================================================================================
----------------- testing Sun Oct 20 06:04:37 UTC 2019 /home/travis/build/icyphy/ptII/ptolemy/actor/lib/test/auto/DiscreteClock.xml
----------------- Instantiating /home/travis/build/icyphy/ptII/ptolemy/actor/lib/test/auto/DiscreteClock.xml
1 ms. Memory: 350208K Free: 202283K (58%)
----------------- Invoking toplevel() on ptolemy.moml.MoMLSimpleApplication@287c4216
----------------- Done invoking toplevel() on ptolemy.moml.MoMLSimpleApplication@287c4216
reloadAllAccessors: .DiscreteClock

===========================================================================================
----------------- testing Sun Oct 20 06:04:37 UTC 2019 /home/travis/build/icyphy/ptII/ptolemy/actor/lib/test/auto/DiscreteClock10.xml
----------------- Instantiating /home/travis/build/icyphy/ptII/ptolemy/actor/lib/test/auto/DiscreteClock10.xml
4 ms. Memory: 350208K Free: 196139K (56%)
----------------- Invoking toplevel() on ptolemy.moml.MoMLSimpleApplication@de03a9
----------------- Done invoking toplevel() on ptolemy.moml.MoMLSimpleApplication@de03a9
reloadAllAccessors: .DiscreteClock10

===========================================================================================
----------------- testing Sun Oct 20 06:04:37 UTC 2019 /home/travis/build/icyphy/ptII/ptolemy/actor/lib/test/auto/DiscreteClock11.xml
----------------- Instantiating /home/travis/build/icyphy/ptII/ptolemy/actor/lib/test/auto/DiscreteClock11.xml
2 ms. Memory: 350208K Free: 189995K (54%)
----------------- Invoking toplevel() on ptolemy.moml.MoMLSimpleApplication@17aa0412
----------------- Done invoking toplevel() on ptolemy.moml.MoMLSimpleApplication@17aa0412
reloadAllAccessors: .DiscreteClock11

===========================================================================================
----------------- testing Sun Oct 20 06:04:37 UTC 2019 /home/travis/build/icyphy/ptII/ptolemy/actor/lib/test/auto/DiscreteClock12.xml
----------------- Instantiating /home/travis/build/icyphy/ptII/ptolemy/actor/lib/test/auto/DiscreteClock12.xml
2 ms. Memory: 350208K Free: 184365K (53%)
----------------- Invoking toplevel() on ptolemy.moml.MoMLSimpleApplication@5f58f6b3
----------------- Done invoking toplevel() on ptolemy.moml.MoMLSimpleApplication@5f58f6b3
reloadAllAccessors: .DiscreteClock12

===========================================================================================
----------------- testing Sun Oct 20 06:04:38 UTC 2019 /home/travis/build/icyphy/ptII/ptolemy/actor/lib/test/auto/DiscreteClock13.xml
----------------- Instantiating /home/travis/build/icyphy/ptII/ptolemy/actor/lib/test/auto/DiscreteClock13.xml
5 ms. Memory: 350208K Free: 178221K (51%)
----------------- Invoking toplevel() on ptolemy.moml.MoMLSimpleApplication@4f7ffded
----------------- Done invoking toplevel() on ptolemy.moml.MoMLSimpleApplication@4f7ffded
reloadAllAccessors: .DiscreteClock13

===========================================================================================
----------------- testing Sun Oct 20 06:04:38 UTC 2019 /home/travis/build/icyphy/ptII/ptolemy/actor/lib/test/auto/DiscreteClock14.xml
----------------- Instantiating /home/travis/build/icyphy/ptII/ptolemy/actor/lib/test/auto/DiscreteClock14.xml
5 ms. Memory: 350208K Free: 172077K (49%)
----------------- Invoking toplevel() on ptolemy.moml.MoMLSimpleApplication@6feef171
----------------- Done invoking toplevel() on ptolemy.moml.MoMLSimpleApplication@6feef171
reloadAllAccessors: .DiscreteClock14

===========================================================================================
----------------- testing Sun Oct 20 06:04:38 UTC 2019 /home/travis/build/icyphy/ptII/ptolemy/actor/lib/test/auto/DiscreteClock15.xml
----------------- Instantiating /home/travis/build/icyphy/ptII/ptolemy/actor/lib/test/auto/DiscreteClock15.xml
5 ms. Memory: 350208K Free: 165933K (47%)
----------------- Invoking toplevel() on ptolemy.moml.MoMLSimpleApplication@6f99c66
----------------- Done invoking toplevel() on ptolemy.moml.MoMLSimpleApplication@6f99c66
reloadAllAccessors: .DiscreteClock15

===========================================================================================
----------------- testing Sun Oct 20 06:04:38 UTC 2019 /home/travis/build/icyphy/ptII/ptolemy/actor/lib/test/auto/DiscreteClock16.xml
----------------- Instantiating /home/travis/build/icyphy/ptII/ptolemy/actor/lib/test/auto/DiscreteClock16.xml
18 ms. Memory: 350208K Free: 152621K (44%)
----------------- Invoking toplevel() on ptolemy.moml.MoMLSimpleApplication@10359097
----------------- Done invoking toplevel() on ptolemy.moml.MoMLSimpleApplication@10359097
reloadAllAccessors: .DiscreteClock16

===========================================================================================
----------------- testing Sun Oct 20 06:04:38 UTC 2019 /home/travis/build/icyphy/ptII/ptolemy/actor/lib/test/auto/DiscreteClock17.xml
----------------- Instantiating /home/travis/build/icyphy/ptII/ptolemy/actor/lib/test/auto/DiscreteClock17.xml
16 ms. Memory: 350208K Free: 138285K (39%)
----------------- Invoking toplevel() on ptolemy.moml.MoMLSimpleApplication@389605ac
----------------- Done invoking toplevel() on ptolemy.moml.MoMLSimpleApplication@389605ac
reloadAllAccessors: .DiscreteClock17

===========================================================================================
----------------- testing Sun Oct 20 06:04:38 UTC 2019 /home/travis/build/icyphy/ptII/ptolemy/actor/lib/test/auto/DiscreteClock18.xml
----------------- Instantiating /home/travis/build/icyphy/ptII/ptolemy/actor/lib/test/auto/DiscreteClock18.xml
23 ms. Memory: 350208K Free: 124453K (36%)
----------------- Invoking toplevel() on ptolemy.moml.MoMLSimpleApplication@4b6cf835
----------------- Done invoking toplevel() on ptolemy.moml.MoMLSimpleApplication@4b6cf835
reloadAllAccessors: .DiscreteClock18

===========================================================================================
----------------- testing Sun Oct 20 06:04:38 UTC 2019 /home/travis/build/icyphy/ptII/ptolemy/actor/lib/test/auto/DiscreteClock19.xml
----------------- Instantiating /home/travis/build/icyphy/ptII/ptolemy/actor/lib/test/auto/DiscreteClock19.xml
10 ms. Memory: 350208K Free: 110635K (32%)
----------------- Invoking toplevel() on ptolemy.moml.MoMLSimpleApplication@28bc59f2
----------------- Done invoking toplevel() on ptolemy.moml.MoMLSimpleApplication@28bc59f2
reloadAllAccessors: .DiscreteClock19

===========================================================================================
----------------- testing Sun Oct 20 06:04:38 UTC 2019 /home/travis/build/icyphy/ptII/ptolemy/actor/lib/test/auto/DiscreteClock2.xml
----------------- Instantiating /home/travis/build/icyphy/ptII/ptolemy/actor/lib/test/auto/DiscreteClock2.xml
1 ms. Memory: 350208K Free: 106013K (30%)
----------------- Invoking toplevel() on ptolemy.moml.MoMLSimpleApplication@551b5a01
----------------- Done invoking toplevel() on ptolemy.moml.MoMLSimpleApplication@551b5a01
reloadAllAccessors: .DiscreteClock2

===========================================================================================
----------------- testing Sun Oct 20 06:04:38 UTC 2019 /home/travis/build/icyphy/ptII/ptolemy/actor/lib/test/auto/DiscreteClock20.xml
----------------- Instantiating /home/travis/build/icyphy/ptII/ptolemy/actor/lib/test/auto/DiscreteClock20.xml
6 ms. Memory: 350208K Free: 100397K (29%)
----------------- Invoking toplevel() on ptolemy.moml.MoMLSimpleApplication@599326b6
----------------- Done invoking toplevel() on ptolemy.moml.MoMLSimpleApplication@599326b6
reloadAllAccessors: .DiscreteClock20

===========================================================================================
----------------- testing Sun Oct 20 06:04:38 UTC 2019 /home/travis/build/icyphy/ptII/ptolemy/actor/lib/test/auto/DiscreteClock21.xml
----------------- Instantiating /home/travis/build/icyphy/ptII/ptolemy/actor/lib/test/auto/DiscreteClock21.xml
11 ms. Memory: 350208K Free: 301569K (86%)
----------------- Invoking toplevel() on ptolemy.moml.MoMLSimpleApplication@130fdadf
----------------- Done invoking toplevel() on ptolemy.moml.MoMLSimpleApplication@130fdadf
reloadAllAccessors: .DiscreteClock21

===========================================================================================
----------------- testing Sun Oct 20 06:04:38 UTC 2019 /home/travis/build/icyphy/ptII/ptolemy/actor/lib/test/auto/DiscreteClock22.xml
----------------- Instantiating /home/travis/build/icyphy/ptII/ptolemy/actor/lib/test/auto/DiscreteClock22.xml
3 ms. Memory: 350208K Free: 295688K (84%)
----------------- Invoking toplevel() on ptolemy.moml.MoMLSimpleApplication@713d3eba
----------------- Done invoking toplevel() on ptolemy.moml.MoMLSimpleApplication@713d3eba
reloadAllAccessors: .DiscreteClock22

===========================================================================================
----------------- testing Sun Oct 20 06:04:38 UTC 2019 /home/travis/build/icyphy/ptII/ptolemy/actor/lib/test/auto/DiscreteClock23.xml
----------------- Instantiating /home/travis/build/icyphy/ptII/ptolemy/actor/lib/test/auto/DiscreteClock23.xml
8 ms. Memory: 350208K Free: 290054K (83%)
----------------- Invoking toplevel() on ptolemy.moml.MoMLSimpleApplication@748242bb
----------------- Done invoking toplevel() on ptolemy.moml.MoMLSimpleApplication@748242bb
reloadAllAccessors: .DiscreteClock23

===========================================================================================
----------------- testing Sun Oct 20 06:04:38 UTC 2019 /home/travis/build/icyphy/ptII/ptolemy/actor/lib/test/auto/DiscreteClock24.xml
----------------- Instantiating /home/travis/build/icyphy/ptII/ptolemy/actor/lib/test/auto/DiscreteClock24.xml
3 ms. Memory: 350208K Free: 284424K (81%)
----------------- Invoking toplevel() on ptolemy.moml.MoMLSimpleApplication@3087fe3b
----------------- Done invoking toplevel() on ptolemy.moml.MoMLSimpleApplication@3087fe3b
reloadAllAccessors: .DiscreteClock24

===========================================================================================
----------------- testing Sun Oct 20 06:04:38 UTC 2019 /home/travis/build/icyphy/ptII/ptolemy/actor/lib/test/auto/DiscreteClock4.xml
----------------- Instantiating /home/travis/build/icyphy/ptII/ptolemy/actor/lib/test/auto/DiscreteClock4.xml
4 ms. Memory: 350208K Free: 278776K (80%)
----------------- Invoking toplevel() on ptolemy.moml.MoMLSimpleApplication@eb986de
----------------- Done invoking toplevel() on ptolemy.moml.MoMLSimpleApplication@eb986de
reloadAllAccessors: .DiscreteClock4

===========================================================================================
----------------- testing Sun Oct 20 06:04:38 UTC 2019 /home/travis/build/icyphy/ptII/ptolemy/actor/lib/test/auto/DiscreteClock5.xml
----------------- Instantiating /home/travis/build/icyphy/ptII/ptolemy/actor/lib/test/auto/DiscreteClock5.xml
1 ms. Memory: 350208K Free: 273656K (78%)
----------------- Invoking toplevel() on ptolemy.moml.MoMLSimpleApplication@9a43e15
----------------- Done invoking toplevel() on ptolemy.moml.MoMLSimpleApplication@9a43e15
reloadAllAccessors: .DiscreteClock5

===========================================================================================
----------------- testing Sun Oct 20 06:04:38 UTC 2019 /home/travis/build/icyphy/ptII/ptolemy/actor/lib/test/auto/DiscreteClock6.xml
----------------- Instantiating /home/travis/build/icyphy/ptII/ptolemy/actor/lib/test/auto/DiscreteClock6.xml
1 ms. Memory: 350208K Free: 269064K (77%)
----------------- Invoking toplevel() on ptolemy.moml.MoMLSimpleApplication@50007e5d
----------------- Done invoking toplevel() on ptolemy.moml.MoMLSimpleApplication@50007e5d
reloadAllAccessors: .DiscreteClock6

===========================================================================================
----------------- testing Sun Oct 20 06:04:38 UTC 2019 /home/travis/build/icyphy/ptII/ptolemy/actor/lib/test/auto/DiscreteClock7.xml
----------------- Instantiating /home/travis/build/icyphy/ptII/ptolemy/actor/lib/test/auto/DiscreteClock7.xml
1 ms. Memory: 350208K Free: 264454K (76%)
----------------- Invoking toplevel() on ptolemy.moml.MoMLSimpleApplication@16b04974
----------------- Done invoking toplevel() on ptolemy.moml.MoMLSimpleApplication@16b04974
reloadAllAccessors: .DiscreteClock7

===========================================================================================
----------------- testing Sun Oct 20 06:04:38 UTC 2019 /home/travis/build/icyphy/ptII/ptolemy/actor/lib/test/auto/DiscreteClock8.xml
----------------- Instantiating /home/travis/build/icyphy/ptII/ptolemy/actor/lib/test/auto/DiscreteClock8.xml
2 ms. Memory: 350208K Free: 258824K (74%)
----------------- Invoking toplevel() on ptolemy.moml.MoMLSimpleApplication@1e32ab4a
----------------- Done invoking toplevel() on ptolemy.moml.MoMLSimpleApplication@1e32ab4a
reloadAllAccessors: .DiscreteClock8

===========================================================================================
----------------- testing Sun Oct 20 06:04:38 UTC 2019 /home/travis/build/icyphy/ptII/ptolemy/actor/lib/test/auto/DiscreteClock9.xml
----------------- Instantiating /home/travis/build/icyphy/ptII/ptolemy/actor/lib/test/auto/DiscreteClock9.xml
5 ms. Memory: 350208K Free: 252680K (72%)
----------------- Invoking toplevel() on ptolemy.moml.MoMLSimpleApplication@7e5f600a
----------------- Done invoking toplevel() on ptolemy.moml.MoMLSimpleApplication@7e5f600a
reloadAllAccessors: .DiscreteClock9

===========================================================================================
----------------- testing Sun Oct 20 06:04:38 UTC 2019 /home/travis/build/icyphy/ptII/ptolemy/actor/lib/test/auto/DisplayArray.xml
----------------- Instantiating /home/travis/build/icyphy/ptII/ptolemy/actor/lib/test/auto/DisplayArray.xml
1 ms. Memory: 350208K Free: 249608K (71%)
----------------- Invoking toplevel() on ptolemy.moml.MoMLSimpleApplication@7ff1e460
----------------- Done invoking toplevel() on ptolemy.moml.MoMLSimpleApplication@7ff1e460
reloadAllAccessors: .DisplayArray

===========================================================================================
----------------- testing Sun Oct 20 06:04:38 UTC 2019 /home/travis/build/icyphy/ptII/ptolemy/actor/lib/test/auto/Distributor.xml
----------------- Instantiating /home/travis/build/icyphy/ptII/ptolemy/actor/lib/test/auto/Distributor.xml
2 ms. Memory: 350208K Free: 244488K (70%)
----------------- Invoking toplevel() on ptolemy.moml.MoMLSimpleApplication@36d9eddb
----------------- Done invoking toplevel() on ptolemy.moml.MoMLSimpleApplication@36d9eddb
reloadAllAccessors: .Distributor

===========================================================================================
----------------- testing Sun Oct 20 06:04:38 UTC 2019 /home/travis/build/icyphy/ptII/ptolemy/actor/lib/test/auto/Distributor2.xml
----------------- Instantiating /home/travis/build/icyphy/ptII/ptolemy/actor/lib/test/auto/Distributor2.xml
2 ms. Memory: 350208K Free: 239368K (68%)
----------------- Invoking toplevel() on ptolemy.moml.MoMLSimpleApplication@46aa2976
----------------- Done invoking toplevel() on ptolemy.moml.MoMLSimpleApplication@46aa2976
reloadAllAccessors: .Distributor2

===========================================================================================
----------------- testing Sun Oct 20 06:04:38 UTC 2019 /home/travis/build/icyphy/ptII/ptolemy/actor/lib/test/auto/DownSample.xml
----------------- Instantiating /home/travis/build/icyphy/ptII/ptolemy/actor/lib/test/auto/DownSample.xml
1 ms. Memory: 350208K Free: 234758K (67%)
----------------- Invoking toplevel() on ptolemy.moml.MoMLSimpleApplication@7b9f31c4
----------------- Done invoking toplevel() on ptolemy.moml.MoMLSimpleApplication@7b9f31c4
reloadAllAccessors: .DownSample

===========================================================================================
----------------- testing Sun Oct 20 06:04:38 UTC 2019 /home/travis/build/icyphy/ptII/ptolemy/actor/lib/test/auto/ElectronicUnitBase1.xml
----------------- Instantiating /home/travis/build/icyphy/ptII/ptolemy/actor/lib/test/auto/ElectronicUnitBase1.xml
20 ms. Memory: 350208K Free: 219398K (63%)
----------------- Invoking toplevel() on ptolemy.moml.MoMLSimpleApplication@5bbb11c3
----------------- Done invoking toplevel() on ptolemy.moml.MoMLSimpleApplication@5bbb11c3
reloadAllAccessors: .ElectronicUnitBase1

===========================================================================================
----------------- testing Sun Oct 20 06:04:38 UTC 2019 /home/travis/build/icyphy/ptII/ptolemy/actor/lib/test/auto/ElementsToArray.xml
----------------- Instantiating /home/travis/build/icyphy/ptII/ptolemy/actor/lib/test/auto/ElementsToArray.xml
3 ms. Memory: 350208K Free: 214278K (61%)
----------------- Invoking toplevel() on ptolemy.moml.MoMLSimpleApplication@1fcab122
----------------- Done invoking toplevel() on ptolemy.moml.MoMLSimpleApplication@1fcab122
reloadAllAccessors: .ElementsToArray

===========================================================================================
----------------- testing Sun Oct 20 06:04:38 UTC 2019 /home/travis/build/icyphy/ptII/ptolemy/actor/lib/test/auto/Equals.xml
----------------- Instantiating /home/travis/build/icyphy/ptII/ptolemy/actor/lib/test/auto/Equals.xml
3 ms. Memory: 350208K Free: 209672K (60%)
----------------- Invoking toplevel() on ptolemy.moml.MoMLSimpleApplication@615388a6
----------------- Done invoking toplevel() on ptolemy.moml.MoMLSimpleApplication@615388a6
reloadAllAccessors: .Equals

===========================================================================================
----------------- testing Sun Oct 20 06:04:38 UTC 2019 /home/travis/build/icyphy/ptII/ptolemy/actor/lib/test/auto/Exec.xml
----------------- Instantiating /home/travis/build/icyphy/ptII/ptolemy/actor/lib/test/auto/Exec.xml
19 ms. Memory: 350208K Free: 203528K (58%)
----------------- Invoking toplevel() on ptolemy.moml.MoMLSimpleApplication@72d3d65a
----------------- Done invoking toplevel() on ptolemy.moml.MoMLSimpleApplication@72d3d65a
reloadAllAccessors: .Exec

===========================================================================================
----------------- testing Sun Oct 20 06:04:38 UTC 2019 /home/travis/build/icyphy/ptII/ptolemy/actor/lib/test/auto/ExecEnvironment.xml
----------------- Instantiating /home/travis/build/icyphy/ptII/ptolemy/actor/lib/test/auto/ExecEnvironment.xml
45 ms. Memory: 350208K Free: 197382K (56%)
----------------- Invoking toplevel() on ptolemy.moml.MoMLSimpleApplication@4f43cf11
----------------- Done invoking toplevel() on ptolemy.moml.MoMLSimpleApplication@4f43cf11
reloadAllAccessors: .ExecEnvironment

===========================================================================================
----------------- testing Sun Oct 20 06:04:38 UTC 2019 /home/travis/build/icyphy/ptII/ptolemy/actor/lib/test/auto/ExecNonZeroReturnOutput.xml
----------------- Instantiating /home/travis/build/icyphy/ptII/ptolemy/actor/lib/test/auto/ExecNonZeroReturnOutput.xml
174 ms. Memory: 350208K Free: 186628K (53%)
----------------- Invoking toplevel() on ptolemy.moml.MoMLSimpleApplication@16cdf5fc
----------------- Done invoking toplevel() on ptolemy.moml.MoMLSimpleApplication@16cdf5fc
reloadAllAccessors: .ExecNonZeroReturnOutput

===========================================================================================
----------------- testing Sun Oct 20 06:04:38 UTC 2019 /home/travis/build/icyphy/ptII/ptolemy/actor/lib/test/auto/ExecRunDemos.xml
----------------- Instantiating /home/travis/build/icyphy/ptII/ptolemy/actor/lib/test/auto/ExecRunDemos.xml
Finished: 135 ms. Memory: 120832K Free: 104347K (86%)

Finished: 70 ms. Memory: 120832K Free: 110729K (92%)

Finished: 83 ms. Memory: 120832K Free: 110826K (92%)

Finished: 97 ms. Memory: 120832K Free: 111458K (92%)

Finished: 64 ms. Memory: 120832K Free: 104198K (86%)

11054 ms. Memory: 350208K Free: 165638K (47%)
----------------- Invoking toplevel() on ptolemy.moml.MoMLSimpleApplication@4484dfb5
----------------- Done invoking toplevel() on ptolemy.moml.MoMLSimpleApplication@4484dfb5
reloadAllAccessors: .ExecRunDemos

===========================================================================================
----------------- testing Sun Oct 20 06:04:50 UTC 2019 /home/travis/build/icyphy/ptII/ptolemy/actor/lib/test/auto/ExecStop.xml
----------------- Instantiating /home/travis/build/icyphy/ptII/ptolemy/actor/lib/test/auto/ExecStop.xml
5008 ms. Memory: 350208K Free: 242245K (69%)
----------------- Invoking toplevel() on ptolemy.moml.MoMLSimpleApplication@13c3f13
----------------- Done invoking toplevel() on ptolemy.moml.MoMLSimpleApplication@13c3f13
reloadAllAccessors: .ExecStop

===========================================================================================
----------------- testing Sun Oct 20 06:04:55 UTC 2019 /home/travis/build/icyphy/ptII/ptolemy/actor/lib/test/auto/ExecutionTimeSDF.xml
----------------- Instantiating /home/travis/build/icyphy/ptII/ptolemy/actor/lib/test/auto/ExecutionTimeSDF.xml
Fired ExecutionTime: 2132400000
Fired ExecutionTime: 1067600000
Fired ExecutionTime: -1077767296
6007 ms. Memory: 350208K Free: 229945K (66%)
----------------- Invoking toplevel() on ptolemy.moml.MoMLSimpleApplication@78a2ed0c
----------------- Done invoking toplevel() on ptolemy.moml.MoMLSimpleApplication@78a2ed0c
reloadAllAccessors: .ExecutionTimeSDF

===========================================================================================
----------------- testing Sun Oct 20 06:05:01 UTC 2019 /home/travis/build/icyphy/ptII/ptolemy/actor/lib/test/auto/Expression1.xml
----------------- Instantiating /home/travis/build/icyphy/ptII/ptolemy/actor/lib/test/auto/Expression1.xml
2 ms. Memory: 350208K Free: 226359K (65%)
----------------- Invoking toplevel() on ptolemy.moml.MoMLSimpleApplication@2f7d9bde
----------------- Done invoking toplevel() on ptolemy.moml.MoMLSimpleApplication@2f7d9bde
reloadAllAccessors: .Expression1

===========================================================================================
----------------- testing Sun Oct 20 06:05:01 UTC 2019 /home/travis/build/icyphy/ptII/ptolemy/actor/lib/test/auto/Expression10.xml
----------------- Instantiating /home/travis/build/icyphy/ptII/ptolemy/actor/lib/test/auto/Expression10.xml
5 ms. Memory: 350208K Free: 220729K (63%)
----------------- Invoking toplevel() on ptolemy.moml.MoMLSimpleApplication@2de660af
----------------- Done invoking toplevel() on ptolemy.moml.MoMLSimpleApplication@2de660af
reloadAllAccessors: .Expression10

===========================================================================================
----------------- testing Sun Oct 20 06:05:01 UTC 2019 /home/travis/build/icyphy/ptII/ptolemy/actor/lib/test/auto/Expression11.xml
----------------- Instantiating /home/travis/build/icyphy/ptII/ptolemy/actor/lib/test/auto/Expression11.xml
2 ms. Memory: 350208K Free: 216119K (62%)
----------------- Invoking toplevel() on ptolemy.moml.MoMLSimpleApplication@13e2719
----------------- Done invoking toplevel() on ptolemy.moml.MoMLSimpleApplication@13e2719
reloadAllAccessors: .Expression11

===========================================================================================
----------------- testing Sun Oct 20 06:05:01 UTC 2019 /home/travis/build/icyphy/ptII/ptolemy/actor/lib/test/auto/Expression12.xml
----------------- Instantiating /home/travis/build/icyphy/ptII/ptolemy/actor/lib/test/auto/Expression12.xml
4 ms. Memory: 350208K Free: 210489K (60%)
----------------- Invoking toplevel() on ptolemy.moml.MoMLSimpleApplication@2d7f6bd2
----------------- Done invoking toplevel() on ptolemy.moml.MoMLSimpleApplication@2d7f6bd2
reloadAllAccessors: .Expression12

===========================================================================================
----------------- testing Sun Oct 20 06:05:01 UTC 2019 /home/travis/build/icyphy/ptII/ptolemy/actor/lib/test/auto/Expression13.xml
----------------- Instantiating /home/travis/build/icyphy/ptII/ptolemy/actor/lib/test/auto/Expression13.xml
3 ms. Memory: 350208K Free: 205879K (59%)
----------------- Invoking toplevel() on ptolemy.moml.MoMLSimpleApplication@7b2488c8
----------------- Done invoking toplevel() on ptolemy.moml.MoMLSimpleApplication@7b2488c8
reloadAllAccessors: .Expression13

===========================================================================================
----------------- testing Sun Oct 20 06:05:01 UTC 2019 /home/travis/build/icyphy/ptII/ptolemy/actor/lib/test/auto/Expression14.xml
----------------- Instantiating /home/travis/build/icyphy/ptII/ptolemy/actor/lib/test/auto/Expression14.xml
7 ms. Memory: 350208K Free: 199735K (57%)
----------------- Invoking toplevel() on ptolemy.moml.MoMLSimpleApplication@3685c6ed
----------------- Done invoking toplevel() on ptolemy.moml.MoMLSimpleApplication@3685c6ed
reloadAllAccessors: .Expression14

===========================================================================================
----------------- testing Sun Oct 20 06:05:01 UTC 2019 /home/travis/build/icyphy/ptII/ptolemy/actor/lib/test/auto/Expression15.xml
----------------- Instantiating /home/travis/build/icyphy/ptII/ptolemy/actor/lib/test/auto/Expression15.xml
1 ms. Memory: 350208K Free: 196153K (56%)
----------------- Invoking toplevel() on ptolemy.moml.MoMLSimpleApplication@a6cc5b3
----------------- Done invoking toplevel() on ptolemy.moml.MoMLSimpleApplication@a6cc5b3
reloadAllAccessors: .Expression15

===========================================================================================
----------------- testing Sun Oct 20 06:05:01 UTC 2019 /home/travis/build/icyphy/ptII/ptolemy/actor/lib/test/auto/Expression16.xml
----------------- Instantiating /home/travis/build/icyphy/ptII/ptolemy/actor/lib/test/auto/Expression16.xml
4 ms. Memory: 350208K Free: 191033K (55%)
----------------- Invoking toplevel() on ptolemy.moml.MoMLSimpleApplication@173c76d2
----------------- Done invoking toplevel() on ptolemy.moml.MoMLSimpleApplication@173c76d2
reloadAllAccessors: .Expression16

===========================================================================================
----------------- testing Sun Oct 20 06:05:01 UTC 2019 /home/travis/build/icyphy/ptII/ptolemy/actor/lib/test/auto/Expression17.xml
----------------- Instantiating /home/travis/build/icyphy/ptII/ptolemy/actor/lib/test/auto/Expression17.xml
2 ms. Memory: 350208K Free: 185913K (53%)
----------------- Invoking toplevel() on ptolemy.moml.MoMLSimpleApplication@25d1c7b1
----------------- Done invoking toplevel() on ptolemy.moml.MoMLSimpleApplication@25d1c7b1
reloadAllAccessors: .Expression17

===========================================================================================
----------------- testing Sun Oct 20 06:05:01 UTC 2019 /home/travis/build/icyphy/ptII/ptolemy/actor/lib/test/auto/Expression18.xml
----------------- Instantiating /home/travis/build/icyphy/ptII/ptolemy/actor/lib/test/auto/Expression18.xml
2 ms. Memory: 350208K Free: 180791K (52%)
----------------- Invoking toplevel() on ptolemy.moml.MoMLSimpleApplication@8e7cf5f
----------------- Done invoking toplevel() on ptolemy.moml.MoMLSimpleApplication@8e7cf5f
reloadAllAccessors: .Expression18

===========================================================================================
----------------- testing Sun Oct 20 06:05:01 UTC 2019 /home/travis/build/icyphy/ptII/ptolemy/actor/lib/test/auto/Expression2.xml
----------------- Instantiating /home/travis/build/icyphy/ptII/ptolemy/actor/lib/test/auto/Expression2.xml
3 ms. Memory: 350208K Free: 175673K (50%)
----------------- Invoking toplevel() on ptolemy.moml.MoMLSimpleApplication@23206310
----------------- Done invoking toplevel() on ptolemy.moml.MoMLSimpleApplication@23206310
reloadAllAccessors: .Expression2

===========================================================================================
----------------- testing Sun Oct 20 06:05:01 UTC 2019 /home/travis/build/icyphy/ptII/ptolemy/actor/lib/test/auto/Expression3.xml
----------------- Instantiating /home/travis/build/icyphy/ptII/ptolemy/actor/lib/test/auto/Expression3.xml
6 ms. Memory: 350208K Free: 170553K (49%)
----------------- Invoking toplevel() on ptolemy.moml.MoMLSimpleApplication@cc99236
----------------- Done invoking toplevel() on ptolemy.moml.MoMLSimpleApplication@cc99236
reloadAllAccessors: .Expression3

===========================================================================================
----------------- testing Sun Oct 20 06:05:01 UTC 2019 /home/travis/build/icyphy/ptII/ptolemy/actor/lib/test/auto/Expression4.xml
----------------- Instantiating /home/travis/build/icyphy/ptII/ptolemy/actor/lib/test/auto/Expression4.xml
5 ms. Memory: 350208K Free: 162857K (47%)
----------------- Invoking toplevel() on ptolemy.moml.MoMLSimpleApplication@2a1613f0
----------------- Done invoking toplevel() on ptolemy.moml.MoMLSimpleApplication@2a1613f0
reloadAllAccessors: .Expression4

===========================================================================================
----------------- testing Sun Oct 20 06:05:01 UTC 2019 /home/travis/build/icyphy/ptII/ptolemy/actor/lib/test/auto/Expression5.xml
----------------- Instantiating /home/travis/build/icyphy/ptII/ptolemy/actor/lib/test/auto/Expression5.xml
5 ms. Memory: 350208K Free: 157751K (45%)
----------------- Invoking toplevel() on ptolemy.moml.MoMLSimpleApplication@4b2fccf0
----------------- Done invoking toplevel() on ptolemy.moml.MoMLSimpleApplication@4b2fccf0
reloadAllAccessors: .Expression5

===========================================================================================
----------------- testing Sun Oct 20 06:05:01 UTC 2019 /home/travis/build/icyphy/ptII/ptolemy/actor/lib/test/auto/Expression6.xml
----------------- Instantiating /home/travis/build/icyphy/ptII/ptolemy/actor/lib/test/auto/Expression6.xml
2 ms. Memory: 350208K Free: 153145K (44%)
----------------- Invoking toplevel() on ptolemy.moml.MoMLSimpleApplication@73337883
----------------- Done invoking toplevel() on ptolemy.moml.MoMLSimpleApplication@73337883
reloadAllAccessors: .Expression6

===========================================================================================
----------------- testing Sun Oct 20 06:05:01 UTC 2019 /home/travis/build/icyphy/ptII/ptolemy/actor/lib/test/auto/Expression7.xml
----------------- Instantiating /home/travis/build/icyphy/ptII/ptolemy/actor/lib/test/auto/Expression7.xml
2 ms. Memory: 350208K Free: 148025K (42%)
----------------- Invoking toplevel() on ptolemy.moml.MoMLSimpleApplication@2d62acab
----------------- Done invoking toplevel() on ptolemy.moml.MoMLSimpleApplication@2d62acab
reloadAllAccessors: .Expression7

===========================================================================================
----------------- testing Sun Oct 20 06:05:01 UTC 2019 /home/travis/build/icyphy/ptII/ptolemy/actor/lib/test/auto/Expression8.xml
----------------- Instantiating /home/travis/build/icyphy/ptII/ptolemy/actor/lib/test/auto/Expression8.xml
9 ms. Memory: 350208K Free: 142905K (41%)
----------------- Invoking toplevel() on ptolemy.moml.MoMLSimpleApplication@4f556600
----------------- Done invoking toplevel() on ptolemy.moml.MoMLSimpleApplication@4f556600
reloadAllAccessors: .Expression8

===========================================================================================
----------------- testing Sun Oct 20 06:05:01 UTC 2019 /home/travis/build/icyphy/ptII/ptolemy/actor/lib/test/auto/Expression9.xml
----------------- Instantiating /home/travis/build/icyphy/ptII/ptolemy/actor/lib/test/auto/Expression9.xml
2 ms. Memory: 350208K Free: 138809K (40%)
----------------- Invoking toplevel() on ptolemy.moml.MoMLSimpleApplication@7e7ec2ab
----------------- Done invoking toplevel() on ptolemy.moml.MoMLSimpleApplication@7e7ec2ab
reloadAllAccessors: .Expression9

===========================================================================================
----------------- testing Sun Oct 20 06:05:01 UTC 2019 /home/travis/build/icyphy/ptII/ptolemy/actor/lib/test/auto/ExpressionConcatenateArrayType.xml
----------------- Instantiating /home/travis/build/icyphy/ptII/ptolemy/actor/lib/test/auto/ExpressionConcatenateArrayType.xml
2 ms. Memory: 350208K Free: 132665K (38%)
----------------- Invoking toplevel() on ptolemy.moml.MoMLSimpleApplication@1fecf197
----------------- Done invoking toplevel() on ptolemy.moml.MoMLSimpleApplication@1fecf197
reloadAllAccessors: .ExpressionConcatenateArrayType

===========================================================================================
----------------- testing Sun Oct 20 06:05:01 UTC 2019 /home/travis/build/icyphy/ptII/ptolemy/actor/lib/test/auto/ExpressionConcatenateArrayType2.xml
----------------- Instantiating /home/travis/build/icyphy/ptII/ptolemy/actor/lib/test/auto/ExpressionConcatenateArrayType2.xml
2 ms. Memory: 350208K Free: 127031K (36%)
----------------- Invoking toplevel() on ptolemy.moml.MoMLSimpleApplication@2a8f11b3
----------------- Done invoking toplevel() on ptolemy.moml.MoMLSimpleApplication@2a8f11b3
reloadAllAccessors: .ExpressionConcatenateArrayType2

===========================================================================================
----------------- testing Sun Oct 20 06:05:01 UTC 2019 /home/travis/build/icyphy/ptII/ptolemy/actor/lib/test/auto/ExpressionFix.xml
----------------- Instantiating /home/travis/build/icyphy/ptII/ptolemy/actor/lib/test/auto/ExpressionFix.xml
22 ms. Memory: 350208K Free: 120375K (34%)
----------------- Invoking toplevel() on ptolemy.moml.MoMLSimpleApplication@368a39a4
----------------- Done invoking toplevel() on ptolemy.moml.MoMLSimpleApplication@368a39a4
reloadAllAccessors: .ExpressionFix

===========================================================================================
----------------- testing Sun Oct 20 06:05:01 UTC 2019 /home/travis/build/icyphy/ptII/ptolemy/actor/lib/test/auto/ExpressionFix2.xml
----------------- Instantiating /home/travis/build/icyphy/ptII/ptolemy/actor/lib/test/auto/ExpressionFix2.xml
3 ms. Memory: 350208K Free: 116281K (33%)
----------------- Invoking toplevel() on ptolemy.moml.MoMLSimpleApplication@65fbf4e4
----------------- Done invoking toplevel() on ptolemy.moml.MoMLSimpleApplication@65fbf4e4
reloadAllAccessors: .ExpressionFix2

===========================================================================================
----------------- testing Sun Oct 20 06:05:01 UTC 2019 /home/travis/build/icyphy/ptII/ptolemy/actor/lib/test/auto/ExpressionFix3.xml
----------------- Instantiating /home/travis/build/icyphy/ptII/ptolemy/actor/lib/test/auto/ExpressionFix3.xml
3 ms. Memory: 350208K Free: 111671K (32%)
----------------- Invoking toplevel() on ptolemy.moml.MoMLSimpleApplication@3eb36652
----------------- Done invoking toplevel() on ptolemy.moml.MoMLSimpleApplication@3eb36652
reloadAllAccessors: .ExpressionFix3

===========================================================================================
----------------- testing Sun Oct 20 06:05:01 UTC 2019 /home/travis/build/icyphy/ptII/ptolemy/actor/lib/test/auto/FileWriter1.xml
----------------- Instantiating /home/travis/build/icyphy/ptII/ptolemy/actor/lib/test/auto/FileWriter1.xml
3 ms. Memory: 350208K Free: 107575K (31%)
----------------- Invoking toplevel() on ptolemy.moml.MoMLSimpleApplication@f64765c
----------------- Done invoking toplevel() on ptolemy.moml.MoMLSimpleApplication@f64765c
reloadAllAccessors: .FileWriter1

===========================================================================================
----------------- testing Sun Oct 20 06:05:01 UTC 2019 /home/travis/build/icyphy/ptII/ptolemy/actor/lib/test/auto/FileWriter2.xml
----------------- Instantiating /home/travis/build/icyphy/ptII/ptolemy/actor/lib/test/auto/FileWriter2.xml
6 ms. Memory: 350208K Free: 103465K (30%)
----------------- Invoking toplevel() on ptolemy.moml.MoMLSimpleApplication@36366984
----------------- Done invoking toplevel() on ptolemy.moml.MoMLSimpleApplication@36366984
reloadAllAccessors: .FileWriter2

===========================================================================================
----------------- testing Sun Oct 20 06:05:01 UTC 2019 /home/travis/build/icyphy/ptII/ptolemy/actor/lib/test/auto/FileWriter3.xml
----------------- Instantiating /home/travis/build/icyphy/ptII/ptolemy/actor/lib/test/auto/FileWriter3.xml
4 ms. Memory: 350208K Free: 99383K (28%)
----------------- Invoking toplevel() on ptolemy.moml.MoMLSimpleApplication@fab8da6
----------------- Done invoking toplevel() on ptolemy.moml.MoMLSimpleApplication@fab8da6
reloadAllAccessors: .FileWriter3

===========================================================================================
----------------- testing Sun Oct 20 06:05:01 UTC 2019 /home/travis/build/icyphy/ptII/ptolemy/actor/lib/test/auto/Gaussian.xml
----------------- Instantiating /home/travis/build/icyphy/ptII/ptolemy/actor/lib/test/auto/Gaussian.xml
2 ms. Memory: 350208K Free: 95287K (27%)
----------------- Invoking toplevel() on ptolemy.moml.MoMLSimpleApplication@77cacd23
----------------- Done invoking toplevel() on ptolemy.moml.MoMLSimpleApplication@77cacd23
reloadAllAccessors: .Gaussian

===========================================================================================
----------------- testing Sun Oct 20 06:05:01 UTC 2019 /home/travis/build/icyphy/ptII/ptolemy/actor/lib/test/auto/Gaussian1.xml
----------------- Instantiating /home/travis/build/icyphy/ptII/ptolemy/actor/lib/test/auto/Gaussian1.xml
2 ms. Memory: 350208K Free: 297153K (85%)
----------------- Invoking toplevel() on ptolemy.moml.MoMLSimpleApplication@2120ff5c
----------------- Done invoking toplevel() on ptolemy.moml.MoMLSimpleApplication@2120ff5c
reloadAllAccessors: .Gaussian1

===========================================================================================
----------------- testing Sun Oct 20 06:05:01 UTC 2019 /home/travis/build/icyphy/ptII/ptolemy/actor/lib/test/auto/Gaussian2.xml
----------------- Instantiating /home/travis/build/icyphy/ptII/ptolemy/actor/lib/test/auto/Gaussian2.xml
12 ms. Memory: 350208K Free: 291553K (83%)
----------------- Invoking toplevel() on ptolemy.moml.MoMLSimpleApplication@64a08d34
----------------- Done invoking toplevel() on ptolemy.moml.MoMLSimpleApplication@64a08d34
reloadAllAccessors: .Gaussian2

===========================================================================================
----------------- testing Sun Oct 20 06:05:01 UTC 2019 /home/travis/build/icyphy/ptII/ptolemy/actor/lib/test/auto/GradientAdaptiveLattice.xml
----------------- Instantiating /home/travis/build/icyphy/ptII/ptolemy/actor/lib/test/auto/GradientAdaptiveLattice.xml
3 ms. Memory: 350208K Free: 286433K (82%)
----------------- Invoking toplevel() on ptolemy.moml.MoMLSimpleApplication@624c928d
----------------- Done invoking toplevel() on ptolemy.moml.MoMLSimpleApplication@624c928d
reloadAllAccessors: .GradientAdaptiveLattice

===========================================================================================
----------------- testing Sun Oct 20 06:05:01 UTC 2019 /home/travis/build/icyphy/ptII/ptolemy/actor/lib/test/auto/IIR.xml
----------------- Instantiating /home/travis/build/icyphy/ptII/ptolemy/actor/lib/test/auto/IIR.xml
2 ms. Memory: 350208K Free: 281823K (80%)
----------------- Invoking toplevel() on ptolemy.moml.MoMLSimpleApplication@4b4d836d
----------------- Done invoking toplevel() on ptolemy.moml.MoMLSimpleApplication@4b4d836d
reloadAllAccessors: .IIR

===========================================================================================
----------------- testing Sun Oct 20 06:05:01 UTC 2019 /home/travis/build/icyphy/ptII/ptolemy/actor/lib/test/auto/InputOutputTransparentPorts.xml
----------------- Instantiating /home/travis/build/icyphy/ptII/ptolemy/actor/lib/test/auto/InputOutputTransparentPorts.xml
2 ms. Memory: 350208K Free: 274655K (78%)
----------------- Invoking toplevel() on ptolemy.moml.MoMLSimpleApplication@2a491ddd
----------------- Done invoking toplevel() on ptolemy.moml.MoMLSimpleApplication@2a491ddd
reloadAllAccessors: .InputOutputTransparentPorts

===========================================================================================
----------------- testing Sun Oct 20 06:05:01 UTC 2019 /home/travis/build/icyphy/ptII/ptolemy/actor/lib/test/auto/Interpolator.xml
----------------- Instantiating /home/travis/build/icyphy/ptII/ptolemy/actor/lib/test/auto/Interpolator.xml
4 ms. Memory: 350208K Free: 270047K (77%)
----------------- Invoking toplevel() on ptolemy.moml.MoMLSimpleApplication@2354e7d3
----------------- Done invoking toplevel() on ptolemy.moml.MoMLSimpleApplication@2354e7d3
reloadAllAccessors: .Interpolator

===========================================================================================
----------------- testing Sun Oct 20 06:05:01 UTC 2019 /home/travis/build/icyphy/ptII/ptolemy/actor/lib/test/auto/InterpolatorFiringLimitDE.xml
----------------- Instantiating /home/travis/build/icyphy/ptII/ptolemy/actor/lib/test/auto/InterpolatorFiringLimitDE.xml
1 ms. Memory: 350208K Free: 263905K (75%)
----------------- Invoking toplevel() on ptolemy.moml.MoMLSimpleApplication@70eb94e8
----------------- Done invoking toplevel() on ptolemy.moml.MoMLSimpleApplication@70eb94e8
reloadAllAccessors: .InterpolatorFiringLimitDE

===========================================================================================
----------------- testing Sun Oct 20 06:05:01 UTC 2019 /home/travis/build/icyphy/ptII/ptolemy/actor/lib/test/auto/Lattice.xml
----------------- Instantiating /home/travis/build/icyphy/ptII/ptolemy/actor/lib/test/auto/Lattice.xml
1 ms. Memory: 350208K Free: 259809K (74%)
----------------- Invoking toplevel() on ptolemy.moml.MoMLSimpleApplication@55af3c23
----------------- Done invoking toplevel() on ptolemy.moml.MoMLSimpleApplication@55af3c23
reloadAllAccessors: .Lattice

===========================================================================================
----------------- testing Sun Oct 20 06:05:01 UTC 2019 /home/travis/build/icyphy/ptII/ptolemy/actor/lib/test/auto/LazyAOCTestLazy.xml
----------------- Instantiating /home/travis/build/icyphy/ptII/ptolemy/actor/lib/test/auto/LazyAOCTestLazy.xml
20 ms. Memory: 350208K Free: 253665K (72%)
----------------- Invoking toplevel() on ptolemy.moml.MoMLSimpleApplication@48120c94
----------------- Done invoking toplevel() on ptolemy.moml.MoMLSimpleApplication@48120c94
reloadAllAccessors: .LazyAOCTestLazy

===========================================================================================
----------------- testing Sun Oct 20 06:05:01 UTC 2019 /home/travis/build/icyphy/ptII/ptolemy/actor/lib/test/auto/LazyAOCTestNonLazy.xml
----------------- Instantiating /home/travis/build/icyphy/ptII/ptolemy/actor/lib/test/auto/LazyAOCTestNonLazy.xml
2 ms. Memory: 350208K Free: 247007K (71%)
----------------- Invoking toplevel() on ptolemy.moml.MoMLSimpleApplication@67541f98
----------------- Done invoking toplevel() on ptolemy.moml.MoMLSimpleApplication@67541f98
reloadAllAccessors: .LazyAOCTestNonLazy

===========================================================================================
----------------- testing Sun Oct 20 06:05:01 UTC 2019 /home/travis/build/icyphy/ptII/ptolemy/actor/lib/test/auto/LazyInnerClass.xml
----------------- Instantiating /home/travis/build/icyphy/ptII/ptolemy/actor/lib/test/auto/LazyInnerClass.xml
19 ms. Memory: 350208K Free: 237761K (68%)
----------------- Invoking toplevel() on ptolemy.moml.MoMLSimpleApplication@170a0dfd
----------------- Done invoking toplevel() on ptolemy.moml.MoMLSimpleApplication@170a0dfd
reloadAllAccessors: .LazyInnerClass

===========================================================================================
----------------- testing Sun Oct 20 06:05:01 UTC 2019 /home/travis/build/icyphy/ptII/ptolemy/actor/lib/test/auto/LazyPubSub.xml
----------------- Instantiating /home/travis/build/icyphy/ptII/ptolemy/actor/lib/test/auto/LazyPubSub.xml
21 ms. Memory: 350208K Free: 227551K (65%)
----------------- Invoking toplevel() on ptolemy.moml.MoMLSimpleApplication@22113b87
----------------- Done invoking toplevel() on ptolemy.moml.MoMLSimpleApplication@22113b87
reloadAllAccessors: .LazyPubSub

===========================================================================================
----------------- testing Sun Oct 20 06:05:02 UTC 2019 /home/travis/build/icyphy/ptII/ptolemy/actor/lib/test/auto/LazyPubSub2.xml
----------------- Instantiating /home/travis/build/icyphy/ptII/ptolemy/actor/lib/test/auto/LazyPubSub2.xml
13 ms. Memory: 350208K Free: 217311K (62%)
----------------- Invoking toplevel() on ptolemy.moml.MoMLSimpleApplication@7794562f
----------------- Done invoking toplevel() on ptolemy.moml.MoMLSimpleApplication@7794562f
reloadAllAccessors: .LazyPubSub2

===========================================================================================
----------------- testing Sun Oct 20 06:05:02 UTC 2019 /home/travis/build/icyphy/ptII/ptolemy/actor/lib/test/auto/LazyPubSub3.xml
----------------- Instantiating /home/travis/build/icyphy/ptII/ptolemy/actor/lib/test/auto/LazyPubSub3.xml
12 ms. Memory: 350208K Free: 207071K (59%)
----------------- Invoking toplevel() on ptolemy.moml.MoMLSimpleApplication@6cf60c91
----------------- Done invoking toplevel() on ptolemy.moml.MoMLSimpleApplication@6cf60c91
reloadAllAccessors: .LazyPubSub3

===========================================================================================
----------------- testing Sun Oct 20 06:05:02 UTC 2019 /home/travis/build/icyphy/ptII/ptolemy/actor/lib/test/auto/LazySubClassModel.xml
----------------- Instantiating /home/travis/build/icyphy/ptII/ptolemy/actor/lib/test/auto/LazySubClassModel.xml
4 ms. Memory: 350208K Free: 197855K (56%)
----------------- Invoking toplevel() on ptolemy.moml.MoMLSimpleApplication@2c54ada7
----------------- Done invoking toplevel() on ptolemy.moml.MoMLSimpleApplication@2c54ada7
reloadAllAccessors: .LazySubClassModel

===========================================================================================
----------------- testing Sun Oct 20 06:05:02 UTC 2019 /home/travis/build/icyphy/ptII/ptolemy/actor/lib/test/auto/LevelCrossTest1.xml
----------------- Instantiating /home/travis/build/icyphy/ptII/ptolemy/actor/lib/test/auto/LevelCrossTest1.xml
2 ms. Memory: 350208K Free: 192225K (55%)
----------------- Invoking toplevel() on ptolemy.moml.MoMLSimpleApplication@47fe6b2c
----------------- Done invoking toplevel() on ptolemy.moml.MoMLSimpleApplication@47fe6b2c
reloadAllAccessors: .broken

===========================================================================================
----------------- testing Sun Oct 20 06:05:02 UTC 2019 /home/travis/build/icyphy/ptII/ptolemy/actor/lib/test/auto/LevelCrossTest10.xml
----------------- Instantiating /home/travis/build/icyphy/ptII/ptolemy/actor/lib/test/auto/LevelCrossTest10.xml
2 ms. Memory: 350208K Free: 184033K (53%)
----------------- Invoking toplevel() on ptolemy.moml.MoMLSimpleApplication@3468cfb4
----------------- Done invoking toplevel() on ptolemy.moml.MoMLSimpleApplication@3468cfb4
reloadAllAccessors: .LevelCrossTest10

===========================================================================================
----------------- testing Sun Oct 20 06:05:02 UTC 2019 /home/travis/build/icyphy/ptII/ptolemy/actor/lib/test/auto/LevelCrossTest11.xml
----------------- Instantiating /home/travis/build/icyphy/ptII/ptolemy/actor/lib/test/auto/LevelCrossTest11.xml
4 ms. Memory: 350208K Free: 176351K (50%)
----------------- Invoking toplevel() on ptolemy.moml.MoMLSimpleApplication@568060c3
----------------- Done invoking toplevel() on ptolemy.moml.MoMLSimpleApplication@568060c3
reloadAllAccessors: .LevelCrossTest11

===========================================================================================
----------------- testing Sun Oct 20 06:05:02 UTC 2019 /home/travis/build/icyphy/ptII/ptolemy/actor/lib/test/auto/LevelCrossTest12.xml
----------------- Instantiating /home/travis/build/icyphy/ptII/ptolemy/actor/lib/test/auto/LevelCrossTest12.xml
2 ms. Memory: 350208K Free: 169183K (48%)
----------------- Invoking toplevel() on ptolemy.moml.MoMLSimpleApplication@5a8fbaf3
----------------- Done invoking toplevel() on ptolemy.moml.MoMLSimpleApplication@5a8fbaf3
reloadAllAccessors: .LevelCrossTest12

===========================================================================================
----------------- testing Sun Oct 20 06:05:02 UTC 2019 /home/travis/build/icyphy/ptII/ptolemy/actor/lib/test/auto/LevelCrossTest13.xml
----------------- Instantiating /home/travis/build/icyphy/ptII/ptolemy/actor/lib/test/auto/LevelCrossTest13.xml
2 ms. Memory: 350208K Free: 160991K (46%)
----------------- Invoking toplevel() on ptolemy.moml.MoMLSimpleApplication@350faba6
----------------- Done invoking toplevel() on ptolemy.moml.MoMLSimpleApplication@350faba6
reloadAllAccessors: .LevelCrossTest13

===========================================================================================
----------------- testing Sun Oct 20 06:05:02 UTC 2019 /home/travis/build/icyphy/ptII/ptolemy/actor/lib/test/auto/LevelCrossTest2.xml
----------------- Instantiating /home/travis/build/icyphy/ptII/ptolemy/actor/lib/test/auto/LevelCrossTest2.xml
1 ms. Memory: 350208K Free: 154847K (44%)
----------------- Invoking toplevel() on ptolemy.moml.MoMLSimpleApplication@153fca23
----------------- Done invoking toplevel() on ptolemy.moml.MoMLSimpleApplication@153fca23
reloadAllAccessors: .broken

===========================================================================================
----------------- testing Sun Oct 20 06:05:02 UTC 2019 /home/travis/build/icyphy/ptII/ptolemy/actor/lib/test/auto/LevelCrossTest3.xml
----------------- Instantiating /home/travis/build/icyphy/ptII/ptolemy/actor/lib/test/auto/LevelCrossTest3.xml
2 ms. Memory: 350208K Free: 148703K (42%)
----------------- Invoking toplevel() on ptolemy.moml.MoMLSimpleApplication@3119fc40
----------------- Done invoking toplevel() on ptolemy.moml.MoMLSimpleApplication@3119fc40
reloadAllAccessors: .LevelCrossTest3

===========================================================================================
----------------- testing Sun Oct 20 06:05:02 UTC 2019 /home/travis/build/icyphy/ptII/ptolemy/actor/lib/test/auto/LevelCrossTest4.xml
----------------- Instantiating /home/travis/build/icyphy/ptII/ptolemy/actor/lib/test/auto/LevelCrossTest4.xml
1 ms. Memory: 350208K Free: 143073K (41%)
----------------- Invoking toplevel() on ptolemy.moml.MoMLSimpleApplication@7befffe
----------------- Done invoking toplevel() on ptolemy.moml.MoMLSimpleApplication@7befffe
reloadAllAccessors: .broken

===========================================================================================
----------------- testing Sun Oct 20 06:05:02 UTC 2019 /home/travis/build/icyphy/ptII/ptolemy/actor/lib/test/auto/LevelCrossTest5.xml
----------------- Instantiating /home/travis/build/icyphy/ptII/ptolemy/actor/lib/test/auto/LevelCrossTest5.xml
7 ms. Memory: 350208K Free: 136415K (39%)
----------------- Invoking toplevel() on ptolemy.moml.MoMLSimpleApplication@3367162f
----------------- Done invoking toplevel() on ptolemy.moml.MoMLSimpleApplication@3367162f
reloadAllAccessors: .LevelCrossTest5

===========================================================================================
----------------- testing Sun Oct 20 06:05:02 UTC 2019 /home/travis/build/icyphy/ptII/ptolemy/actor/lib/test/auto/LevelCrossTest6.xml
----------------- Instantiating /home/travis/build/icyphy/ptII/ptolemy/actor/lib/test/auto/LevelCrossTest6.xml
1 ms. Memory: 350208K Free: 129247K (37%)
----------------- Invoking toplevel() on ptolemy.moml.MoMLSimpleApplication@78de0a27
----------------- Done invoking toplevel() on ptolemy.moml.MoMLSimpleApplication@78de0a27
reloadAllAccessors: .LevelCrossTest6

===========================================================================================
----------------- testing Sun Oct 20 06:05:02 UTC 2019 /home/travis/build/icyphy/ptII/ptolemy/actor/lib/test/auto/LevelCrossTest7.xml
----------------- Instantiating /home/travis/build/icyphy/ptII/ptolemy/actor/lib/test/auto/LevelCrossTest7.xml
2 ms. Memory: 350208K Free: 121569K (35%)
----------------- Invoking toplevel() on ptolemy.moml.MoMLSimpleApplication@6401b73e
----------------- Done invoking toplevel() on ptolemy.moml.MoMLSimpleApplication@6401b73e
reloadAllAccessors: .LevelCrossTest7

===========================================================================================
----------------- testing Sun Oct 20 06:05:02 UTC 2019 /home/travis/build/icyphy/ptII/ptolemy/actor/lib/test/auto/LevelCrossTest8.xml
----------------- Instantiating /home/travis/build/icyphy/ptII/ptolemy/actor/lib/test/auto/LevelCrossTest8.xml
1 ms. Memory: 350208K Free: 114911K (33%)
----------------- Invoking toplevel() on ptolemy.moml.MoMLSimpleApplication@1761d407
----------------- Done invoking toplevel() on ptolemy.moml.MoMLSimpleApplication@1761d407
reloadAllAccessors: .LevelCrossTest8

===========================================================================================
----------------- testing Sun Oct 20 06:05:02 UTC 2019 /home/travis/build/icyphy/ptII/ptolemy/actor/lib/test/auto/LevelCrossTest9.xml
----------------- Instantiating /home/travis/build/icyphy/ptII/ptolemy/actor/lib/test/auto/LevelCrossTest9.xml
1 ms. Memory: 350208K Free: 107743K (31%)
----------------- Invoking toplevel() on ptolemy.moml.MoMLSimpleApplication@1972d5da
----------------- Done invoking toplevel() on ptolemy.moml.MoMLSimpleApplication@1972d5da
reloadAllAccessors: .LevelCrossTest9

===========================================================================================
----------------- testing Sun Oct 20 06:05:02 UTC 2019 /home/travis/build/icyphy/ptII/ptolemy/actor/lib/test/auto/LevinsonDurbin.xml
----------------- Instantiating /home/travis/build/icyphy/ptII/ptolemy/actor/lib/test/auto/LevinsonDurbin.xml
1 ms. Memory: 350208K Free: 103647K (30%)
----------------- Invoking toplevel() on ptolemy.moml.MoMLSimpleApplication@3a1defc3
----------------- Done invoking toplevel() on ptolemy.moml.MoMLSimpleApplication@3a1defc3
reloadAllAccessors: .LevinsonDurbin

===========================================================================================
----------------- testing Sun Oct 20 06:05:02 UTC 2019 /home/travis/build/icyphy/ptII/ptolemy/actor/lib/test/auto/LevinsonDurbin2.xml
----------------- Instantiating /home/travis/build/icyphy/ptII/ptolemy/actor/lib/test/auto/LevinsonDurbin2.xml
3 ms. Memory: 350208K Free: 99551K (28%)
----------------- Invoking toplevel() on ptolemy.moml.MoMLSimpleApplication@6203866d
----------------- Done invoking toplevel() on ptolemy.moml.MoMLSimpleApplication@6203866d
reloadAllAccessors: .LevinsonDurbin2

===========================================================================================
----------------- testing Sun Oct 20 06:05:02 UTC 2019 /home/travis/build/icyphy/ptII/ptolemy/actor/lib/test/auto/LevinsonDurbin3.xml
----------------- Instantiating /home/travis/build/icyphy/ptII/ptolemy/actor/lib/test/auto/LevinsonDurbin3.xml
2 ms. Memory: 350208K Free: 95455K (27%)
----------------- Invoking toplevel() on ptolemy.moml.MoMLSimpleApplication@44f70000
----------------- Done invoking toplevel() on ptolemy.moml.MoMLSimpleApplication@44f70000
reloadAllAccessors: .LevinsonDurbin3

===========================================================================================
----------------- testing Sun Oct 20 06:05:02 UTC 2019 /home/travis/build/icyphy/ptII/ptolemy/actor/lib/test/auto/Limiter.xml
----------------- Instantiating /home/travis/build/icyphy/ptII/ptolemy/actor/lib/test/auto/Limiter.xml
4 ms. Memory: 350208K Free: 293072K (84%)
----------------- Invoking toplevel() on ptolemy.moml.MoMLSimpleApplication@402f3a23
----------------- Done invoking toplevel() on ptolemy.moml.MoMLSimpleApplication@402f3a23
reloadAllAccessors: .Limiter

===========================================================================================
----------------- testing Sun Oct 20 06:05:02 UTC 2019 /home/travis/build/icyphy/ptII/ptolemy/actor/lib/test/auto/LinearDifferenceEquationSystem.xml
----------------- Instantiating /home/travis/build/icyphy/ptII/ptolemy/actor/lib/test/auto/LinearDifferenceEquationSystem.xml
4 ms. Memory: 350208K Free: 285408K (81%)
----------------- Invoking toplevel() on ptolemy.moml.MoMLSimpleApplication@675adcb9
----------------- Done invoking toplevel() on ptolemy.moml.MoMLSimpleApplication@675adcb9
reloadAllAccessors: .LinearDifferenceEquationSystem

===========================================================================================
----------------- testing Sun Oct 20 06:05:02 UTC 2019 /home/travis/build/icyphy/ptII/ptolemy/actor/lib/test/auto/LookupTable.xml
----------------- Instantiating /home/travis/build/icyphy/ptII/ptolemy/actor/lib/test/auto/LookupTable.xml
2 ms. Memory: 350208K Free: 280798K (80%)
----------------- Invoking toplevel() on ptolemy.moml.MoMLSimpleApplication@3555223e
----------------- Done invoking toplevel() on ptolemy.moml.MoMLSimpleApplication@3555223e
reloadAllAccessors: .LookupTable

===========================================================================================
----------------- testing Sun Oct 20 06:05:02 UTC 2019 /home/travis/build/icyphy/ptII/ptolemy/actor/lib/test/auto/MathFunction.xml
----------------- Instantiating /home/travis/build/icyphy/ptII/ptolemy/actor/lib/test/auto/MathFunction.xml
2 ms. Memory: 350208K Free: 272606K (78%)
----------------- Invoking toplevel() on ptolemy.moml.MoMLSimpleApplication@3af83610
----------------- Done invoking toplevel() on ptolemy.moml.MoMLSimpleApplication@3af83610
reloadAllAccessors: .MathFunction

===========================================================================================
----------------- testing Sun Oct 20 06:05:02 UTC 2019 /home/travis/build/icyphy/ptII/ptolemy/actor/lib/test/auto/MathFunction2.xml
----------------- Instantiating /home/travis/build/icyphy/ptII/ptolemy/actor/lib/test/auto/MathFunction2.xml
1 ms. Memory: 350208K Free: 268510K (77%)
----------------- Invoking toplevel() on ptolemy.moml.MoMLSimpleApplication@35b71d21
----------------- Done invoking toplevel() on ptolemy.moml.MoMLSimpleApplication@35b71d21
reloadAllAccessors: .MathFunction2

===========================================================================================
----------------- testing Sun Oct 20 06:05:02 UTC 2019 /home/travis/build/icyphy/ptII/ptolemy/actor/lib/test/auto/MathFunction3.xml
----------------- Instantiating /home/travis/build/icyphy/ptII/ptolemy/actor/lib/test/auto/MathFunction3.xml
2 ms. Memory: 350208K Free: 261342K (75%)
----------------- Invoking toplevel() on ptolemy.moml.MoMLSimpleApplication@3e57c43a
----------------- Done invoking toplevel() on ptolemy.moml.MoMLSimpleApplication@3e57c43a
reloadAllAccessors: .MathFunction3

===========================================================================================
----------------- testing Sun Oct 20 06:05:02 UTC 2019 /home/travis/build/icyphy/ptII/ptolemy/actor/lib/test/auto/MatrixCropBoolean.xml
----------------- Instantiating /home/travis/build/icyphy/ptII/ptolemy/actor/lib/test/auto/MatrixCropBoolean.xml
2 ms. Memory: 350208K Free: 256192K (73%)
----------------- Invoking toplevel() on ptolemy.moml.MoMLSimpleApplication@332f3ddf
----------------- Done invoking toplevel() on ptolemy.moml.MoMLSimpleApplication@332f3ddf
reloadAllAccessors: .MatrixCropBoolean

===========================================================================================
----------------- testing Sun Oct 20 06:05:02 UTC 2019 /home/travis/build/icyphy/ptII/ptolemy/actor/lib/test/auto/MatrixCropComplex.xml
----------------- Instantiating /home/travis/build/icyphy/ptII/ptolemy/actor/lib/test/auto/MatrixCropComplex.xml
2 ms. Memory: 350208K Free: 251616K (72%)
----------------- Invoking toplevel() on ptolemy.moml.MoMLSimpleApplication@2e1ccca5
----------------- Done invoking toplevel() on ptolemy.moml.MoMLSimpleApplication@2e1ccca5
reloadAllAccessors: .MatrixCropComplex

===========================================================================================
----------------- testing Sun Oct 20 06:05:02 UTC 2019 /home/travis/build/icyphy/ptII/ptolemy/actor/lib/test/auto/MatrixCropDouble.xml
----------------- Instantiating /home/travis/build/icyphy/ptII/ptolemy/actor/lib/test/auto/MatrixCropDouble.xml
3 ms. Memory: 350208K Free: 247000K (71%)
----------------- Invoking toplevel() on ptolemy.moml.MoMLSimpleApplication@35f8fd5
----------------- Done invoking toplevel() on ptolemy.moml.MoMLSimpleApplication@35f8fd5
reloadAllAccessors: .MatrixCropDouble

===========================================================================================
----------------- testing Sun Oct 20 06:05:02 UTC 2019 /home/travis/build/icyphy/ptII/ptolemy/actor/lib/test/auto/MatrixCropFix.xml
----------------- Instantiating /home/travis/build/icyphy/ptII/ptolemy/actor/lib/test/auto/MatrixCropFix.xml
2 ms. Memory: 350208K Free: 241880K (69%)
----------------- Invoking toplevel() on ptolemy.moml.MoMLSimpleApplication@727294af
----------------- Done invoking toplevel() on ptolemy.moml.MoMLSimpleApplication@727294af
reloadAllAccessors: .MatrixCropFix

===========================================================================================
----------------- testing Sun Oct 20 06:05:02 UTC 2019 /home/travis/build/icyphy/ptII/ptolemy/actor/lib/test/auto/MatrixCropInt.xml
----------------- Instantiating /home/travis/build/icyphy/ptII/ptolemy/actor/lib/test/auto/MatrixCropInt.xml
2 ms. Memory: 350208K Free: 236736K (68%)
----------------- Invoking toplevel() on ptolemy.moml.MoMLSimpleApplication@453148c0
----------------- Done invoking toplevel() on ptolemy.moml.MoMLSimpleApplication@453148c0
reloadAllAccessors: .MatrixCropInt

===========================================================================================
----------------- testing Sun Oct 20 06:05:02 UTC 2019 /home/travis/build/icyphy/ptII/ptolemy/actor/lib/test/auto/MatrixCropLong.xml
----------------- Instantiating /home/travis/build/icyphy/ptII/ptolemy/actor/lib/test/auto/MatrixCropLong.xml
2 ms. Memory: 350208K Free: 231616K (66%)
----------------- Invoking toplevel() on ptolemy.moml.MoMLSimpleApplication@4d6fb66a
----------------- Done invoking toplevel() on ptolemy.moml.MoMLSimpleApplication@4d6fb66a
reloadAllAccessors: .MatrixCropLong

===========================================================================================
----------------- testing Sun Oct 20 06:05:02 UTC 2019 /home/travis/build/icyphy/ptII/ptolemy/actor/lib/test/auto/MatrixToArray.xml
----------------- Instantiating /home/travis/build/icyphy/ptII/ptolemy/actor/lib/test/auto/MatrixToArray.xml
6 ms. Memory: 350208K Free: 216286K (62%)
----------------- Invoking toplevel() on ptolemy.moml.MoMLSimpleApplication@594b22f4
----------------- Done invoking toplevel() on ptolemy.moml.MoMLSimpleApplication@594b22f4
reloadAllAccessors: .MatrixToArray

===========================================================================================
----------------- testing Sun Oct 20 06:05:02 UTC 2019 /home/travis/build/icyphy/ptII/ptolemy/actor/lib/test/auto/MaxIndex.xml
----------------- Instantiating /home/travis/build/icyphy/ptII/ptolemy/actor/lib/test/auto/MaxIndex.xml
1 ms. Memory: 350208K Free: 211166K (60%)
----------------- Invoking toplevel() on ptolemy.moml.MoMLSimpleApplication@3358f685
----------------- Done invoking toplevel() on ptolemy.moml.MoMLSimpleApplication@3358f685
reloadAllAccessors: .MaxIndex

===========================================================================================
----------------- testing Sun Oct 20 06:05:02 UTC 2019 /home/travis/build/icyphy/ptII/ptolemy/actor/lib/test/auto/Maximum.xml
----------------- Instantiating /home/travis/build/icyphy/ptII/ptolemy/actor/lib/test/auto/Maximum.xml
6 ms. Memory: 350208K Free: 204512K (58%)
----------------- Invoking toplevel() on ptolemy.moml.MoMLSimpleApplication@130c1ee7
----------------- Done invoking toplevel() on ptolemy.moml.MoMLSimpleApplication@130c1ee7
reloadAllAccessors: .Maximum

===========================================================================================
----------------- testing Sun Oct 20 06:05:02 UTC 2019 /home/travis/build/icyphy/ptII/ptolemy/actor/lib/test/auto/MaximumComplex.xml
----------------- Instantiating /home/travis/build/icyphy/ptII/ptolemy/actor/lib/test/auto/MaximumComplex.xml
4 ms. Memory: 350208K Free: 198368K (57%)
----------------- Invoking toplevel() on ptolemy.moml.MoMLSimpleApplication@217907f5
----------------- Done invoking toplevel() on ptolemy.moml.MoMLSimpleApplication@217907f5
reloadAllAccessors: .MaximumComplex

===========================================================================================
----------------- testing Sun Oct 20 06:05:02 UTC 2019 /home/travis/build/icyphy/ptII/ptolemy/actor/lib/test/auto/MethodCallTest.xml
----------------- Instantiating /home/travis/build/icyphy/ptII/ptolemy/actor/lib/test/auto/MethodCallTest.xml
3 ms. Memory: 350208K Free: 191710K (55%)
----------------- Invoking toplevel() on ptolemy.moml.MoMLSimpleApplication@71300f08
----------------- Done invoking toplevel() on ptolemy.moml.MoMLSimpleApplication@71300f08
reloadAllAccessors: .MethodCallTest

===========================================================================================
----------------- testing Sun Oct 20 06:05:02 UTC 2019 /home/travis/build/icyphy/ptII/ptolemy/actor/lib/test/auto/Minimum.xml
----------------- Instantiating /home/travis/build/icyphy/ptII/ptolemy/actor/lib/test/auto/Minimum.xml
4 ms. Memory: 350208K Free: 185056K (53%)
----------------- Invoking toplevel() on ptolemy.moml.MoMLSimpleApplication@2e5b8df3
----------------- Done invoking toplevel() on ptolemy.moml.MoMLSimpleApplication@2e5b8df3
reloadAllAccessors: .Minimum

===========================================================================================
----------------- testing Sun Oct 20 06:05:02 UTC 2019 /home/travis/build/icyphy/ptII/ptolemy/actor/lib/test/auto/MinimumComplex.xml
----------------- Instantiating /home/travis/build/icyphy/ptII/ptolemy/actor/lib/test/auto/MinimumComplex.xml
3 ms. Memory: 350208K Free: 178912K (51%)
----------------- Invoking toplevel() on ptolemy.moml.MoMLSimpleApplication@210d8e17
----------------- Done invoking toplevel() on ptolemy.moml.MoMLSimpleApplication@210d8e17
reloadAllAccessors: .MinimumComplex

===========================================================================================
----------------- testing Sun Oct 20 06:05:02 UTC 2019 /home/travis/build/icyphy/ptII/ptolemy/actor/lib/test/auto/MinimumMultiports.xml
----------------- Instantiating /home/travis/build/icyphy/ptII/ptolemy/actor/lib/test/auto/MinimumMultiports.xml
3 ms. Memory: 350208K Free: 170176K (49%)
----------------- Invoking toplevel() on ptolemy.moml.MoMLSimpleApplication@3965876b
----------------- Done invoking toplevel() on ptolemy.moml.MoMLSimpleApplication@3965876b
reloadAllAccessors: .MinimumMultiports

===========================================================================================
----------------- testing Sun Oct 20 06:05:02 UTC 2019 /home/travis/build/icyphy/ptII/ptolemy/actor/lib/test/auto/ModifyDate.xml
----------------- Instantiating /home/travis/build/icyphy/ptII/ptolemy/actor/lib/test/auto/ModifyDate.xml
7 ms. Memory: 350208K Free: 157408K (45%)
----------------- Invoking toplevel() on ptolemy.moml.MoMLSimpleApplication@5a2695fa
----------------- Done invoking toplevel() on ptolemy.moml.MoMLSimpleApplication@5a2695fa
reloadAllAccessors: .ModifyDate

===========================================================================================
----------------- testing Sun Oct 20 06:05:02 UTC 2019 /home/travis/build/icyphy/ptII/ptolemy/actor/lib/test/auto/ModifyDate2.xml
----------------- Instantiating /home/travis/build/icyphy/ptII/ptolemy/actor/lib/test/auto/ModifyDate2.xml
7 ms. Memory: 350208K Free: 148702K (42%)
----------------- Invoking toplevel() on ptolemy.moml.MoMLSimpleApplication@9d797ae
----------------- Done invoking toplevel() on ptolemy.moml.MoMLSimpleApplication@9d797ae
reloadAllAccessors: .ModifyDate2

===========================================================================================
----------------- testing Sun Oct 20 06:05:02 UTC 2019 /home/travis/build/icyphy/ptII/ptolemy/actor/lib/test/auto/MovingAverage.xml
----------------- Instantiating /home/travis/build/icyphy/ptII/ptolemy/actor/lib/test/auto/MovingAverage.xml
11 ms. Memory: 350208K Free: 143582K (41%)
----------------- Invoking toplevel() on ptolemy.moml.MoMLSimpleApplication@7cb26b1b
----------------- Done invoking toplevel() on ptolemy.moml.MoMLSimpleApplication@7cb26b1b
reloadAllAccessors: .MovingAverage

===========================================================================================
----------------- testing Sun Oct 20 06:05:02 UTC 2019 /home/travis/build/icyphy/ptII/ptolemy/actor/lib/test/auto/MovingMaximum.xml
----------------- Instantiating /home/travis/build/icyphy/ptII/ptolemy/actor/lib/test/auto/MovingMaximum.xml
1 ms. Memory: 350208K Free: 138976K (40%)
----------------- Invoking toplevel() on ptolemy.moml.MoMLSimpleApplication@3e64fd31
----------------- Done invoking toplevel() on ptolemy.moml.MoMLSimpleApplication@3e64fd31
reloadAllAccessors: .MovingMaximum

===========================================================================================
----------------- testing Sun Oct 20 06:05:02 UTC 2019 /home/travis/build/icyphy/ptII/ptolemy/actor/lib/test/auto/MultipleLinksToSameRelation.xml
----------------- Instantiating /home/travis/build/icyphy/ptII/ptolemy/actor/lib/test/auto/MultipleLinksToSameRelation.xml
3 ms. Memory: 350208K Free: 134880K (39%)
----------------- Invoking toplevel() on ptolemy.moml.MoMLSimpleApplication@42b6db57
----------------- Done invoking toplevel() on ptolemy.moml.MoMLSimpleApplication@42b6db57
reloadAllAccessors: .MultipleLinksToSameRelation

===========================================================================================
----------------- testing Sun Oct 20 06:05:02 UTC 2019 /home/travis/build/icyphy/ptII/ptolemy/actor/lib/test/auto/MultipleLinksToSameRelationDE.xml
----------------- Instantiating /home/travis/build/icyphy/ptII/ptolemy/actor/lib/test/auto/MultipleLinksToSameRelationDE.xml
2 ms. Memory: 350208K Free: 130256K (37%)
----------------- Invoking toplevel() on ptolemy.moml.MoMLSimpleApplication@23d4657d
----------------- Done invoking toplevel() on ptolemy.moml.MoMLSimpleApplication@23d4657d
reloadAllAccessors: .MultipleLinksToSameRelationDE

===========================================================================================
----------------- testing Sun Oct 20 06:05:03 UTC 2019 /home/travis/build/icyphy/ptII/ptolemy/actor/lib/test/auto/Multiplexor.xml
----------------- Instantiating /home/travis/build/icyphy/ptII/ptolemy/actor/lib/test/auto/Multiplexor.xml
2 ms. Memory: 350208K Free: 124126K (35%)
----------------- Invoking toplevel() on ptolemy.moml.MoMLSimpleApplication@515f04ba
----------------- Done invoking toplevel() on ptolemy.moml.MoMLSimpleApplication@515f04ba
reloadAllAccessors: .Multiplexor

===========================================================================================
----------------- testing Sun Oct 20 06:05:03 UTC 2019 /home/travis/build/icyphy/ptII/ptolemy/actor/lib/test/auto/Multiplexor1.xml
----------------- Instantiating /home/travis/build/icyphy/ptII/ptolemy/actor/lib/test/auto/Multiplexor1.xml
2 ms. Memory: 350208K Free: 118496K (34%)
----------------- Invoking toplevel() on ptolemy.moml.MoMLSimpleApplication@657b31cc
----------------- Done invoking toplevel() on ptolemy.moml.MoMLSimpleApplication@657b31cc
reloadAllAccessors: .Multiplexor1

===========================================================================================
----------------- testing Sun Oct 20 06:05:03 UTC 2019 /home/travis/build/icyphy/ptII/ptolemy/actor/lib/test/auto/Multiplexor2.xml
----------------- Instantiating /home/travis/build/icyphy/ptII/ptolemy/actor/lib/test/auto/Multiplexor2.xml
5 ms. Memory: 350208K Free: 111838K (32%)
----------------- Invoking toplevel() on ptolemy.moml.MoMLSimpleApplication@be5dab3
----------------- Done invoking toplevel() on ptolemy.moml.MoMLSimpleApplication@be5dab3
reloadAllAccessors: .Multiplexor2

===========================================================================================
----------------- testing Sun Oct 20 06:05:03 UTC 2019 /home/travis/build/icyphy/ptII/ptolemy/actor/lib/test/auto/Multiplexor3.xml
----------------- Instantiating /home/travis/build/icyphy/ptII/ptolemy/actor/lib/test/auto/Multiplexor3.xml
2 ms. Memory: 350208K Free: 107742K (31%)
----------------- Invoking toplevel() on ptolemy.moml.MoMLSimpleApplication@64151b7
----------------- Done invoking toplevel() on ptolemy.moml.MoMLSimpleApplication@64151b7
reloadAllAccessors: .Multiplexor3

===========================================================================================
----------------- testing Sun Oct 20 06:05:03 UTC 2019 /home/travis/build/icyphy/ptII/ptolemy/actor/lib/test/auto/MultiplexorDE.xml
----------------- Instantiating /home/travis/build/icyphy/ptII/ptolemy/actor/lib/test/auto/MultiplexorDE.xml
2 ms. Memory: 350208K Free: 100064K (29%)
----------------- Invoking toplevel() on ptolemy.moml.MoMLSimpleApplication@2250da39
----------------- Done invoking toplevel() on ptolemy.moml.MoMLSimpleApplication@2250da39
reloadAllAccessors: .MultiplexorDE

===========================================================================================
----------------- testing Sun Oct 20 06:05:03 UTC 2019 /home/travis/build/icyphy/ptII/ptolemy/actor/lib/test/auto/MultiportBroadcastTest.xml
----------------- Instantiating /home/travis/build/icyphy/ptII/ptolemy/actor/lib/test/auto/MultiportBroadcastTest.xml
91 ms. Memory: 350208K Free: 300318K (86%)
----------------- Invoking toplevel() on ptolemy.moml.MoMLSimpleApplication@2609cb5a
----------------- Done invoking toplevel() on ptolemy.moml.MoMLSimpleApplication@2609cb5a
reloadAllAccessors: .MultiportBroadcastTest

===========================================================================================
----------------- testing Sun Oct 20 06:05:03 UTC 2019 /home/travis/build/icyphy/ptII/ptolemy/actor/lib/test/auto/MultiportOutHangDuringGetWidth.xml
----------------- Instantiating /home/travis/build/icyphy/ptII/ptolemy/actor/lib/test/auto/MultiportOutHangDuringGetWidth.xml
11 ms. Memory: 350208K Free: 287502K (82%)
----------------- Invoking toplevel() on ptolemy.moml.MoMLSimpleApplication@4bf8e4aa
----------------- Done invoking toplevel() on ptolemy.moml.MoMLSimpleApplication@4bf8e4aa
reloadAllAccessors: .MultiportOutHangDuringGetWidth

===========================================================================================
----------------- testing Sun Oct 20 06:05:03 UTC 2019 /home/travis/build/icyphy/ptII/ptolemy/actor/lib/test/auto/NilToken.xml
----------------- Instantiating /home/travis/build/icyphy/ptII/ptolemy/actor/lib/test/auto/NilToken.xml
2 ms. Memory: 350208K Free: 283420K (81%)
----------------- Invoking toplevel() on ptolemy.moml.MoMLSimpleApplication@6c510baf
----------------- Done invoking toplevel() on ptolemy.moml.MoMLSimpleApplication@6c510baf
reloadAllAccessors: .NilToken

===========================================================================================
----------------- testing Sun Oct 20 06:05:03 UTC 2019 /home/travis/build/icyphy/ptII/ptolemy/actor/lib/test/auto/NilTokenNonStrictTest.xml
----------------- Instantiating /home/travis/build/icyphy/ptII/ptolemy/actor/lib/test/auto/NilTokenNonStrictTest.xml
2 ms. Memory: 350208K Free: 278300K (79%)
----------------- Invoking toplevel() on ptolemy.moml.MoMLSimpleApplication@13721448
----------------- Done invoking toplevel() on ptolemy.moml.MoMLSimpleApplication@13721448
reloadAllAccessors: .NilTokenNonStrictTest

===========================================================================================
----------------- testing Sun Oct 20 06:05:03 UTC 2019 /home/travis/build/icyphy/ptII/ptolemy/actor/lib/test/auto/NilTokenRecord.xml
----------------- Instantiating /home/travis/build/icyphy/ptII/ptolemy/actor/lib/test/auto/NilTokenRecord.xml
6 ms. Memory: 350208K Free: 271646K (78%)
----------------- Invoking toplevel() on ptolemy.moml.MoMLSimpleApplication@5b624ce1
----------------- Done invoking toplevel() on ptolemy.moml.MoMLSimpleApplication@5b624ce1
reloadAllAccessors: .NilTokenRecord

===========================================================================================
----------------- testing Sun Oct 20 06:05:03 UTC 2019 /home/travis/build/icyphy/ptII/ptolemy/actor/lib/test/auto/NilTokenTypeTest.xml
----------------- Instantiating /home/travis/build/icyphy/ptII/ptolemy/actor/lib/test/auto/NilTokenTypeTest.xml
7 ms. Memory: 350208K Free: 261916K (75%)
----------------- Invoking toplevel() on ptolemy.moml.MoMLSimpleApplication@1cb1823b
----------------- Done invoking toplevel() on ptolemy.moml.MoMLSimpleApplication@1cb1823b
reloadAllAccessors: .NilTokenTypeTest

===========================================================================================
----------------- testing Sun Oct 20 06:05:03 UTC 2019 /home/travis/build/icyphy/ptII/ptolemy/actor/lib/test/auto/ObjectToken1.xml
----------------- Instantiating /home/travis/build/icyphy/ptII/ptolemy/actor/lib/test/auto/ObjectToken1.xml
3 ms. Memory: 350208K Free: 257310K (73%)
----------------- Invoking toplevel() on ptolemy.moml.MoMLSimpleApplication@34f1caf4
----------------- Done invoking toplevel() on ptolemy.moml.MoMLSimpleApplication@34f1caf4
reloadAllAccessors: .ObjectToken1

===========================================================================================
----------------- testing Sun Oct 20 06:05:03 UTC 2019 /home/travis/build/icyphy/ptII/ptolemy/actor/lib/test/auto/OrderedMerge.xml
----------------- Instantiating /home/travis/build/icyphy/ptII/ptolemy/actor/lib/test/auto/OrderedMerge.xml
8 ms. Memory: 350208K Free: 251676K (72%)
----------------- Invoking toplevel() on ptolemy.moml.MoMLSimpleApplication@4aa224d3
----------------- Done invoking toplevel() on ptolemy.moml.MoMLSimpleApplication@4aa224d3
reloadAllAccessors: .OrderedMerge

===========================================================================================
----------------- testing Sun Oct 20 06:05:03 UTC 2019 /home/travis/build/icyphy/ptII/ptolemy/actor/lib/test/auto/OrderedRecordDisassembler.xml
----------------- Instantiating /home/travis/build/icyphy/ptII/ptolemy/actor/lib/test/auto/OrderedRecordDisassembler.xml
3 ms. Memory: 350208K Free: 246526K (70%)
----------------- Invoking toplevel() on ptolemy.moml.MoMLSimpleApplication@6f9cbb3b
----------------- Done invoking toplevel() on ptolemy.moml.MoMLSimpleApplication@6f9cbb3b
reloadAllAccessors: .OrderedRecordDisassembler

===========================================================================================
----------------- testing Sun Oct 20 06:05:03 UTC 2019 /home/travis/build/icyphy/ptII/ptolemy/actor/lib/test/auto/OrderedRecordDisassembler2.xml
----------------- Instantiating /home/travis/build/icyphy/ptII/ptolemy/actor/lib/test/auto/OrderedRecordDisassembler2.xml
4 ms. Memory: 350208K Free: 238878K (68%)
----------------- Invoking toplevel() on ptolemy.moml.MoMLSimpleApplication@23fe10f1
----------------- Done invoking toplevel() on ptolemy.moml.MoMLSimpleApplication@23fe10f1
reloadAllAccessors: .OrderedRecordDisassembler2

===========================================================================================
----------------- testing Sun Oct 20 06:05:03 UTC 2019 /home/travis/build/icyphy/ptII/ptolemy/actor/lib/test/auto/OrderedRecordUpdater.xml
----------------- Instantiating /home/travis/build/icyphy/ptII/ptolemy/actor/lib/test/auto/OrderedRecordUpdater.xml
1 ms. Memory: 350208K Free: 233758K (67%)
----------------- Invoking toplevel() on ptolemy.moml.MoMLSimpleApplication@4fe5fd0e
----------------- Done invoking toplevel() on ptolemy.moml.MoMLSimpleApplication@4fe5fd0e
reloadAllAccessors: .RecordUpdater

===========================================================================================
----------------- testing Sun Oct 20 06:05:03 UTC 2019 /home/travis/build/icyphy/ptII/ptolemy/actor/lib/test/auto/OrderedRecordUpdater2.xml
----------------- Instantiating /home/travis/build/icyphy/ptII/ptolemy/actor/lib/test/auto/OrderedRecordUpdater2.xml
3 ms. Memory: 350208K Free: 229148K (65%)
----------------- Invoking toplevel() on ptolemy.moml.MoMLSimpleApplication@2e594af3
----------------- Done invoking toplevel() on ptolemy.moml.MoMLSimpleApplication@2e594af3
reloadAllAccessors: .RecordUpdater2

===========================================================================================
----------------- testing Sun Oct 20 06:05:03 UTC 2019 /home/travis/build/icyphy/ptII/ptolemy/actor/lib/test/auto/PhaseUnwrap.xml
----------------- Instantiating /home/travis/build/icyphy/ptII/ptolemy/actor/lib/test/auto/PhaseUnwrap.xml
2 ms. Memory: 350208K Free: 224542K (64%)
----------------- Invoking toplevel() on ptolemy.moml.MoMLSimpleApplication@1f2c6615
----------------- Done invoking toplevel() on ptolemy.moml.MoMLSimpleApplication@1f2c6615
reloadAllAccessors: .PhaseUnwrap

===========================================================================================
----------------- testing Sun Oct 20 06:05:03 UTC 2019 /home/travis/build/icyphy/ptII/ptolemy/actor/lib/test/auto/PoissonClock.xml
----------------- Instantiating /home/travis/build/icyphy/ptII/ptolemy/actor/lib/test/auto/PoissonClock.xml
1 ms. Memory: 350208K Free: 220446K (63%)
----------------- Invoking toplevel() on ptolemy.moml.MoMLSimpleApplication@28f5ec0d
----------------- Done invoking toplevel() on ptolemy.moml.MoMLSimpleApplication@28f5ec0d
reloadAllAccessors: .PoissonClock

===========================================================================================
----------------- testing Sun Oct 20 06:05:03 UTC 2019 /home/travis/build/icyphy/ptII/ptolemy/actor/lib/test/auto/PoissonClock2.xml
----------------- Instantiating /home/travis/build/icyphy/ptII/ptolemy/actor/lib/test/auto/PoissonClock2.xml
1 ms. Memory: 350208K Free: 215836K (62%)
----------------- Invoking toplevel() on ptolemy.moml.MoMLSimpleApplication@4774c612
----------------- Done invoking toplevel() on ptolemy.moml.MoMLSimpleApplication@4774c612
reloadAllAccessors: .PoissonClock2

===========================================================================================
----------------- testing Sun Oct 20 06:05:03 UTC 2019 /home/travis/build/icyphy/ptII/ptolemy/actor/lib/test/auto/PoissonClock3.xml
----------------- Instantiating /home/travis/build/icyphy/ptII/ptolemy/actor/lib/test/auto/PoissonClock3.xml
3 ms. Memory: 350208K Free: 211230K (60%)
----------------- Invoking toplevel() on ptolemy.moml.MoMLSimpleApplication@4b5fe798
----------------- Done invoking toplevel() on ptolemy.moml.MoMLSimpleApplication@4b5fe798
reloadAllAccessors: .PoissonClock3

===========================================================================================
----------------- testing Sun Oct 20 06:05:03 UTC 2019 /home/travis/build/icyphy/ptII/ptolemy/actor/lib/test/auto/PubSubWithInitialTokens.xml
----------------- Instantiating /home/travis/build/icyphy/ptII/ptolemy/actor/lib/test/auto/PubSubWithInitialTokens.xml
3 ms. Memory: 350208K Free: 205086K (59%)
----------------- Invoking toplevel() on ptolemy.moml.MoMLSimpleApplication@40bc3b88
----------------- Done invoking toplevel() on ptolemy.moml.MoMLSimpleApplication@40bc3b88
reloadAllAccessors: .PubSubWithInitialTokens

===========================================================================================
----------------- testing Sun Oct 20 06:05:03 UTC 2019 /home/travis/build/icyphy/ptII/ptolemy/actor/lib/test/auto/PubSubWithInitialTokens2.xml
----------------- Instantiating /home/travis/build/icyphy/ptII/ptolemy/actor/lib/test/auto/PubSubWithInitialTokens2.xml
5 ms. Memory: 350208K Free: 198942K (57%)
----------------- Invoking toplevel() on ptolemy.moml.MoMLSimpleApplication@3be93c4b
----------------- Done invoking toplevel() on ptolemy.moml.MoMLSimpleApplication@3be93c4b
reloadAllAccessors: .PubSubWithInitialTokens2

===========================================================================================
----------------- testing Sun Oct 20 06:05:03 UTC 2019 /home/travis/build/icyphy/ptII/ptolemy/actor/lib/test/auto/PublisherClassNoParameter.xml
----------------- Instantiating /home/travis/build/icyphy/ptII/ptolemy/actor/lib/test/auto/PublisherClassNoParameter.xml
2 ms. Memory: 350208K Free: 188702K (54%)
----------------- Invoking toplevel() on ptolemy.moml.MoMLSimpleApplication@25fbc00c
----------------- Done invoking toplevel() on ptolemy.moml.MoMLSimpleApplication@25fbc00c
reloadAllAccessors: .PublisherClassNoParameter

===========================================================================================
----------------- testing Sun Oct 20 06:05:03 UTC 2019 /home/travis/build/icyphy/ptII/ptolemy/actor/lib/test/auto/PublisherClassParameter.xml
----------------- Instantiating /home/travis/build/icyphy/ptII/ptolemy/actor/lib/test/auto/PublisherClassParameter.xml
2 ms. Memory: 350208K Free: 177934K (51%)
----------------- Invoking toplevel() on ptolemy.moml.MoMLSimpleApplication@4c0e05dd
----------------- Done invoking toplevel() on ptolemy.moml.MoMLSimpleApplication@4c0e05dd
reloadAllAccessors: .PublisherClassParameter

===========================================================================================
----------------- testing Sun Oct 20 06:05:03 UTC 2019 /home/travis/build/icyphy/ptII/ptolemy/actor/lib/test/auto/PublisherNonStrictTest.xml
----------------- Instantiating /home/travis/build/icyphy/ptII/ptolemy/actor/lib/test/auto/PublisherNonStrictTest.xml
3 ms. Memory: 350208K Free: 170270K (49%)
----------------- Invoking toplevel() on ptolemy.moml.MoMLSimpleApplication@63a45416
----------------- Done invoking toplevel() on ptolemy.moml.MoMLSimpleApplication@63a45416
reloadAllAccessors: .PublisherNonStrictTest

===========================================================================================
----------------- testing Sun Oct 20 06:05:03 UTC 2019 /home/travis/build/icyphy/ptII/ptolemy/actor/lib/test/auto/PublisherPort1.xml
----------------- Instantiating /home/travis/build/icyphy/ptII/ptolemy/actor/lib/test/auto/PublisherPort1.xml
14 ms. Memory: 350208K Free: 164622K (47%)
----------------- Invoking toplevel() on ptolemy.moml.MoMLSimpleApplication@56697fa6
----------------- Done invoking toplevel() on ptolemy.moml.MoMLSimpleApplication@56697fa6
reloadAllAccessors: .PublisherPort1

===========================================================================================
----------------- testing Sun Oct 20 06:05:03 UTC 2019 /home/travis/build/icyphy/ptII/ptolemy/actor/lib/test/auto/PublisherPort2.xml
----------------- Instantiating /home/travis/build/icyphy/ptII/ptolemy/actor/lib/test/auto/PublisherPort2.xml
2 ms. Memory: 350208K Free: 159516K (46%)
----------------- Invoking toplevel() on ptolemy.moml.MoMLSimpleApplication@f48084e
----------------- Done invoking toplevel() on ptolemy.moml.MoMLSimpleApplication@f48084e
reloadAllAccessors: .PublisherPort2

===========================================================================================
----------------- testing Sun Oct 20 06:05:03 UTC 2019 /home/travis/build/icyphy/ptII/ptolemy/actor/lib/test/auto/PublisherPort3.xml
----------------- Instantiating /home/travis/build/icyphy/ptII/ptolemy/actor/lib/test/auto/PublisherPort3.xml
3 ms. Memory: 350208K Free: 152318K (43%)
----------------- Invoking toplevel() on ptolemy.moml.MoMLSimpleApplication@68502e32
----------------- Done invoking toplevel() on ptolemy.moml.MoMLSimpleApplication@68502e32
reloadAllAccessors: .PublisherPort3

===========================================================================================
----------------- testing Sun Oct 20 06:05:03 UTC 2019 /home/travis/build/icyphy/ptII/ptolemy/actor/lib/test/auto/PublisherPort4.xml
----------------- Instantiating /home/travis/build/icyphy/ptII/ptolemy/actor/lib/test/auto/PublisherPort4.xml
5 ms. Memory: 350208K Free: 146718K (42%)
----------------- Invoking toplevel() on ptolemy.moml.MoMLSimpleApplication@4c0b708b
----------------- Done invoking toplevel() on ptolemy.moml.MoMLSimpleApplication@4c0b708b
reloadAllAccessors: .PublisherPort4

===========================================================================================
----------------- testing Sun Oct 20 06:05:03 UTC 2019 /home/travis/build/icyphy/ptII/ptolemy/actor/lib/test/auto/PublisherPort5.xml
----------------- Instantiating /home/travis/build/icyphy/ptII/ptolemy/actor/lib/test/auto/PublisherPort5.xml
3 ms. Memory: 350208K Free: 139036K (40%)
----------------- Invoking toplevel() on ptolemy.moml.MoMLSimpleApplication@2fbabd4f
----------------- Done invoking toplevel() on ptolemy.moml.MoMLSimpleApplication@2fbabd4f
reloadAllAccessors: .PublisherPort5

===========================================================================================
----------------- testing Sun Oct 20 06:05:03 UTC 2019 /home/travis/build/icyphy/ptII/ptolemy/actor/lib/test/auto/PublisherPort5LookAlike.xml
----------------- Instantiating /home/travis/build/icyphy/ptII/ptolemy/actor/lib/test/auto/PublisherPort5LookAlike.xml
8 ms. Memory: 350208K Free: 131358K (38%)
----------------- Invoking toplevel() on ptolemy.moml.MoMLSimpleApplication@3ede5d0a
----------------- Done invoking toplevel() on ptolemy.moml.MoMLSimpleApplication@3ede5d0a
reloadAllAccessors: .PublisherPort5LookAlike

===========================================================================================
----------------- testing Sun Oct 20 06:05:03 UTC 2019 /home/travis/build/icyphy/ptII/ptolemy/actor/lib/test/auto/PublisherPort6.xml
----------------- Instantiating /home/travis/build/icyphy/ptII/ptolemy/actor/lib/test/auto/PublisherPort6.xml
2 ms. Memory: 350208K Free: 124700K (36%)
----------------- Invoking toplevel() on ptolemy.moml.MoMLSimpleApplication@604f833e
----------------- Done invoking toplevel() on ptolemy.moml.MoMLSimpleApplication@604f833e
reloadAllAccessors: .PublisherPort6

===========================================================================================
----------------- testing Sun Oct 20 06:05:03 UTC 2019 /home/travis/build/icyphy/ptII/ptolemy/actor/lib/test/auto/PublisherPort7.xml
----------------- Instantiating /home/travis/build/icyphy/ptII/ptolemy/actor/lib/test/auto/PublisherPort7.xml
4 ms. Memory: 350208K Free: 117022K (33%)
----------------- Invoking toplevel() on ptolemy.moml.MoMLSimpleApplication@42080040
----------------- Done invoking toplevel() on ptolemy.moml.MoMLSimpleApplication@42080040
reloadAllAccessors: .PublisherPort7

===========================================================================================
----------------- testing Sun Oct 20 06:05:03 UTC 2019 /home/travis/build/icyphy/ptII/ptolemy/actor/lib/test/auto/PublisherPort8.xml
----------------- Instantiating /home/travis/build/icyphy/ptII/ptolemy/actor/lib/test/auto/PublisherPort8.xml
4 ms. Memory: 350208K Free: 108316K (31%)
----------------- Invoking toplevel() on ptolemy.moml.MoMLSimpleApplication@1c270b44
----------------- Done invoking toplevel() on ptolemy.moml.MoMLSimpleApplication@1c270b44
reloadAllAccessors: .PublisherPort8

===========================================================================================
----------------- testing Sun Oct 20 06:05:03 UTC 2019 /home/travis/build/icyphy/ptII/ptolemy/actor/lib/test/auto/PublisherPortSubscriberChannelVariablesAOC2.xml
----------------- Instantiating /home/travis/build/icyphy/ptII/ptolemy/actor/lib/test/auto/PublisherPortSubscriberChannelVariablesAOC2.xml
3 ms. Memory: 350208K Free: 296887K (85%)
----------------- Invoking toplevel() on ptolemy.moml.MoMLSimpleApplication@25700036
----------------- Done invoking toplevel() on ptolemy.moml.MoMLSimpleApplication@25700036
reloadAllAccessors: .PublisherPortSubscriberChannelVariablesAOC2

===========================================================================================
----------------- testing Sun Oct 20 06:05:03 UTC 2019 /home/travis/build/icyphy/ptII/ptolemy/actor/lib/test/auto/PublisherPortSubscriberOpaqueWidthInference.xml
----------------- Instantiating /home/travis/build/icyphy/ptII/ptolemy/actor/lib/test/auto/PublisherPortSubscriberOpaqueWidthInference.xml
4 ms. Memory: 350208K Free: 288695K (82%)
----------------- Invoking toplevel() on ptolemy.moml.MoMLSimpleApplication@1276f4a9
----------------- Done invoking toplevel() on ptolemy.moml.MoMLSimpleApplication@1276f4a9
reloadAllAccessors: .PublisherPortSubscriberOpaqueWidthInference

===========================================================================================
----------------- testing Sun Oct 20 06:05:03 UTC 2019 /home/travis/build/icyphy/ptII/ptolemy/actor/lib/test/auto/PublisherPortSubscriberPortAdjacent.xml
----------------- Instantiating /home/travis/build/icyphy/ptII/ptolemy/actor/lib/test/auto/PublisherPortSubscriberPortAdjacent.xml
1 ms. Memory: 350208K Free: 280503K (80%)
----------------- Invoking toplevel() on ptolemy.moml.MoMLSimpleApplication@5af047a4
----------------- Done invoking toplevel() on ptolemy.moml.MoMLSimpleApplication@5af047a4
reloadAllAccessors: .PublisherPortSubscriberPortAdjacent

===========================================================================================
----------------- testing Sun Oct 20 06:05:03 UTC 2019 /home/travis/build/icyphy/ptII/ptolemy/actor/lib/test/auto/PublisherPortSubscriberPortExpression.xml
----------------- Instantiating /home/travis/build/icyphy/ptII/ptolemy/actor/lib/test/auto/PublisherPortSubscriberPortExpression.xml
3 ms. Memory: 350208K Free: 272311K (78%)
----------------- Invoking toplevel() on ptolemy.moml.MoMLSimpleApplication@2f5bf301
----------------- Done invoking toplevel() on ptolemy.moml.MoMLSimpleApplication@2f5bf301
reloadAllAccessors: .PublisherPortSubscriberPortExpression

===========================================================================================
----------------- testing Sun Oct 20 06:05:03 UTC 2019 /home/travis/build/icyphy/ptII/ptolemy/actor/lib/test/auto/PublisherPortSubscriberPortOpaqueD3Reverse.xml
----------------- Instantiating /home/travis/build/icyphy/ptII/ptolemy/actor/lib/test/auto/PublisherPortSubscriberPortOpaqueD3Reverse.xml
6 ms. Memory: 350208K Free: 262071K (75%)
----------------- Invoking toplevel() on ptolemy.moml.MoMLSimpleApplication@29b903ae
----------------- Done invoking toplevel() on ptolemy.moml.MoMLSimpleApplication@29b903ae
reloadAllAccessors: .PublisherPortSubscriberPortOpaqueD3Reverse

===========================================================================================
----------------- testing Sun Oct 20 06:05:03 UTC 2019 /home/travis/build/icyphy/ptII/ptolemy/actor/lib/test/auto/PublisherPortSubscriberPortOpaqueWidthInference.xml
----------------- Instantiating /home/travis/build/icyphy/ptII/ptolemy/actor/lib/test/auto/PublisherPortSubscriberPortOpaqueWidthInference.xml
4 ms. Memory: 350208K Free: 254375K (73%)
----------------- Invoking toplevel() on ptolemy.moml.MoMLSimpleApplication@75fbb3d
----------------- Done invoking toplevel() on ptolemy.moml.MoMLSimpleApplication@75fbb3d
reloadAllAccessors: .PublisherPortSubscriberPortOpaqueWidthInference

===========================================================================================
----------------- testing Sun Oct 20 06:05:03 UTC 2019 /home/travis/build/icyphy/ptII/ptolemy/actor/lib/test/auto/PublisherPortToplevelSubscriberPortAOC.xml
----------------- Instantiating /home/travis/build/icyphy/ptII/ptolemy/actor/lib/test/auto/PublisherPortToplevelSubscriberPortAOC.xml
.PublisherPortToplevelSubscriberPortAOC.TestExceptionAttribute: initialize() was not invoked, but wrapup() was.  This is unusual, but not always a problem.  For example, exporting JNLP will do this.
1 ms. Memory: 350208K Free: 248245K (71%)
----------------- Invoking toplevel() on ptolemy.moml.MoMLSimpleApplication@4e5bcce2
----------------- Done invoking toplevel() on ptolemy.moml.MoMLSimpleApplication@4e5bcce2
reloadAllAccessors: .PublisherPortToplevelSubscriberPortAOC

===========================================================================================
----------------- testing Sun Oct 20 06:05:03 UTC 2019 /home/travis/build/icyphy/ptII/ptolemy/actor/lib/test/auto/PublisherSubscriber.xml
----------------- Instantiating /home/travis/build/icyphy/ptII/ptolemy/actor/lib/test/auto/PublisherSubscriber.xml
3 ms. Memory: 350208K Free: 240567K (69%)
----------------- Invoking toplevel() on ptolemy.moml.MoMLSimpleApplication@4ebb2bac
----------------- Done invoking toplevel() on ptolemy.moml.MoMLSimpleApplication@4ebb2bac
reloadAllAccessors: .PublisherSubscriber

===========================================================================================
----------------- testing Sun Oct 20 06:05:03 UTC 2019 /home/travis/build/icyphy/ptII/ptolemy/actor/lib/test/auto/PublisherSubscriber10.xml
----------------- Instantiating /home/travis/build/icyphy/ptII/ptolemy/actor/lib/test/auto/PublisherSubscriber10.xml
7 ms. Memory: 350208K Free: 231351K (66%)
----------------- Invoking toplevel() on ptolemy.moml.MoMLSimpleApplication@2bfc3624
----------------- Done invoking toplevel() on ptolemy.moml.MoMLSimpleApplication@2bfc3624
reloadAllAccessors: .PublisherSubscriber10

===========================================================================================
----------------- testing Sun Oct 20 06:05:04 UTC 2019 /home/travis/build/icyphy/ptII/ptolemy/actor/lib/test/auto/PublisherSubscriber10InitialOutputs.xml
----------------- Instantiating /home/travis/build/icyphy/ptII/ptolemy/actor/lib/test/auto/PublisherSubscriber10InitialOutputs.xml
13 ms. Memory: 350208K Free: 221621K (63%)
----------------- Invoking toplevel() on ptolemy.moml.MoMLSimpleApplication@33a54bdc
----------------- Done invoking toplevel() on ptolemy.moml.MoMLSimpleApplication@33a54bdc
reloadAllAccessors: .PublisherSubscriber10InitialOutputs

===========================================================================================
----------------- testing Sun Oct 20 06:05:04 UTC 2019 /home/travis/build/icyphy/ptII/ptolemy/actor/lib/test/auto/PublisherSubscriber11.xml
----------------- Instantiating /home/travis/build/icyphy/ptII/ptolemy/actor/lib/test/auto/PublisherSubscriber11.xml
3 ms. Memory: 350208K Free: 214967K (61%)
----------------- Invoking toplevel() on ptolemy.moml.MoMLSimpleApplication@12837436
----------------- Done invoking toplevel() on ptolemy.moml.MoMLSimpleApplication@12837436
reloadAllAccessors: .PublisherSubscriber11

===========================================================================================
----------------- testing Sun Oct 20 06:05:04 UTC 2019 /home/travis/build/icyphy/ptII/ptolemy/actor/lib/test/auto/PublisherSubscriber12.xml
----------------- Instantiating /home/travis/build/icyphy/ptII/ptolemy/actor/lib/test/auto/PublisherSubscriber12.xml
5 ms. Memory: 350208K Free: 207799K (59%)
----------------- Invoking toplevel() on ptolemy.moml.MoMLSimpleApplication@5e365396
----------------- Done invoking toplevel() on ptolemy.moml.MoMLSimpleApplication@5e365396
reloadAllAccessors: .PublisherSubscriber12

===========================================================================================
----------------- testing Sun Oct 20 06:05:04 UTC 2019 /home/travis/build/icyphy/ptII/ptolemy/actor/lib/test/auto/PublisherSubscriber13.xml
----------------- Instantiating /home/travis/build/icyphy/ptII/ptolemy/actor/lib/test/auto/PublisherSubscriber13.xml
2 ms. Memory: 350208K Free: 201655K (58%)
----------------- Invoking toplevel() on ptolemy.moml.MoMLSimpleApplication@96872df
----------------- Done invoking toplevel() on ptolemy.moml.MoMLSimpleApplication@96872df
reloadAllAccessors: .PublisherSubscriber13

===========================================================================================
----------------- testing Sun Oct 20 06:05:04 UTC 2019 /home/travis/build/icyphy/ptII/ptolemy/actor/lib/test/auto/PublisherSubscriber14.xml
----------------- Instantiating /home/travis/build/icyphy/ptII/ptolemy/actor/lib/test/auto/PublisherSubscriber14.xml
2 ms. Memory: 350208K Free: 192949K (55%)
----------------- Invoking toplevel() on ptolemy.moml.MoMLSimpleApplication@2b7fccc3
----------------- Done invoking toplevel() on ptolemy.moml.MoMLSimpleApplication@2b7fccc3
reloadAllAccessors: .PublisherSubscriber14

===========================================================================================
----------------- testing Sun Oct 20 06:05:04 UTC 2019 /home/travis/build/icyphy/ptII/ptolemy/actor/lib/test/auto/PublisherSubscriber2.xml
----------------- Instantiating /home/travis/build/icyphy/ptII/ptolemy/actor/lib/test/auto/PublisherSubscriber2.xml
3 ms. Memory: 350208K Free: 187319K (53%)
----------------- Invoking toplevel() on ptolemy.moml.MoMLSimpleApplication@44b25e3b
----------------- Done invoking toplevel() on ptolemy.moml.MoMLSimpleApplication@44b25e3b
reloadAllAccessors: .PublisherSubscriber2

===========================================================================================
----------------- testing Sun Oct 20 06:05:04 UTC 2019 /home/travis/build/icyphy/ptII/ptolemy/actor/lib/test/auto/PublisherSubscriber3.xml
----------------- Instantiating /home/travis/build/icyphy/ptII/ptolemy/actor/lib/test/auto/PublisherSubscriber3.xml
2 ms. Memory: 350208K Free: 181655K (52%)
----------------- Invoking toplevel() on ptolemy.moml.MoMLSimpleApplication@2ffb559e
----------------- Done invoking toplevel() on ptolemy.moml.MoMLSimpleApplication@2ffb559e
reloadAllAccessors: .PublisherSubscriber3

===========================================================================================
----------------- testing Sun Oct 20 06:05:04 UTC 2019 /home/travis/build/icyphy/ptII/ptolemy/actor/lib/test/auto/PublisherSubscriber4.xml
----------------- Instantiating /home/travis/build/icyphy/ptII/ptolemy/actor/lib/test/auto/PublisherSubscriber4.xml
2 ms. Memory: 350208K Free: 176535K (50%)
----------------- Invoking toplevel() on ptolemy.moml.MoMLSimpleApplication@3b0ea677
----------------- Done invoking toplevel() on ptolemy.moml.MoMLSimpleApplication@3b0ea677
reloadAllAccessors: .PublisherSubscriber4

===========================================================================================
----------------- testing Sun Oct 20 06:05:04 UTC 2019 /home/travis/build/icyphy/ptII/ptolemy/actor/lib/test/auto/PublisherSubscriber5.xml
----------------- Instantiating /home/travis/build/icyphy/ptII/ptolemy/actor/lib/test/auto/PublisherSubscriber5.xml
2 ms. Memory: 350208K Free: 169383K (48%)
----------------- Invoking toplevel() on ptolemy.moml.MoMLSimpleApplication@732cbf59
----------------- Done invoking toplevel() on ptolemy.moml.MoMLSimpleApplication@732cbf59
reloadAllAccessors: .PublisherSubscriber5

===========================================================================================
----------------- testing Sun Oct 20 06:05:04 UTC 2019 /home/travis/build/icyphy/ptII/ptolemy/actor/lib/test/auto/PublisherSubscriber6.xml
----------------- Instantiating /home/travis/build/icyphy/ptII/ptolemy/actor/lib/test/auto/PublisherSubscriber6.xml
3 ms. Memory: 350208K Free: 162743K (46%)
----------------- Invoking toplevel() on ptolemy.moml.MoMLSimpleApplication@39a28bf0
----------------- Done invoking toplevel() on ptolemy.moml.MoMLSimpleApplication@39a28bf0
reloadAllAccessors: .PublisherSubscriber6

===========================================================================================
----------------- testing Sun Oct 20 06:05:04 UTC 2019 /home/travis/build/icyphy/ptII/ptolemy/actor/lib/test/auto/PublisherSubscriber7.xml
----------------- Instantiating /home/travis/build/icyphy/ptII/ptolemy/actor/lib/test/auto/PublisherSubscriber7.xml
8 ms. Memory: 350208K Free: 155575K (44%)
----------------- Invoking toplevel() on ptolemy.moml.MoMLSimpleApplication@7d2342a5
----------------- Done invoking toplevel() on ptolemy.moml.MoMLSimpleApplication@7d2342a5
reloadAllAccessors: .PublisherSubscriber7

===========================================================================================
----------------- testing Sun Oct 20 06:05:04 UTC 2019 /home/travis/build/icyphy/ptII/ptolemy/actor/lib/test/auto/PublisherSubscriber8.xml
----------------- Instantiating /home/travis/build/icyphy/ptII/ptolemy/actor/lib/test/auto/PublisherSubscriber8.xml
19 ms. Memory: 350208K Free: 143797K (41%)
----------------- Invoking toplevel() on ptolemy.moml.MoMLSimpleApplication@554b2e99
----------------- Done invoking toplevel() on ptolemy.moml.MoMLSimpleApplication@554b2e99
reloadAllAccessors: .PublisherSubscriber8

===========================================================================================
----------------- testing Sun Oct 20 06:05:04 UTC 2019 /home/travis/build/icyphy/ptII/ptolemy/actor/lib/test/auto/PublisherSubscriber9.xml
----------------- Instantiating /home/travis/build/icyphy/ptII/ptolemy/actor/lib/test/auto/PublisherSubscriber9.xml
2 ms. Memory: 350208K Free: 136119K (39%)
----------------- Invoking toplevel() on ptolemy.moml.MoMLSimpleApplication@1645c6e8
----------------- Done invoking toplevel() on ptolemy.moml.MoMLSimpleApplication@1645c6e8
reloadAllAccessors: .PublisherSubscriber9

===========================================================================================
----------------- testing Sun Oct 20 06:05:04 UTC 2019 /home/travis/build/icyphy/ptII/ptolemy/actor/lib/test/auto/PublisherSubscriberAdjacent.xml
----------------- Instantiating /home/travis/build/icyphy/ptII/ptolemy/actor/lib/test/auto/PublisherSubscriberAdjacent.xml
1 ms. Memory: 350208K Free: 127927K (37%)
----------------- Invoking toplevel() on ptolemy.moml.MoMLSimpleApplication@5d5ef81e
----------------- Done invoking toplevel() on ptolemy.moml.MoMLSimpleApplication@5d5ef81e
reloadAllAccessors: .PublisherSubscriberAdjacent

===========================================================================================
----------------- testing Sun Oct 20 06:05:04 UTC 2019 /home/travis/build/icyphy/ptII/ptolemy/actor/lib/test/auto/PublisherSubscriberChannelVariablesAOC2.xml
----------------- Instantiating /home/travis/build/icyphy/ptII/ptolemy/actor/lib/test/auto/PublisherSubscriberChannelVariablesAOC2.xml
7 ms. Memory: 350208K Free: 112567K (32%)
----------------- Invoking toplevel() on ptolemy.moml.MoMLSimpleApplication@5cfd4b7a
----------------- Done invoking toplevel() on ptolemy.moml.MoMLSimpleApplication@5cfd4b7a
reloadAllAccessors: .PublisherSubscriberChannelVariablesAOC2

===========================================================================================
----------------- testing Sun Oct 20 06:05:04 UTC 2019 /home/travis/build/icyphy/ptII/ptolemy/actor/lib/test/auto/PublisherSubscriberD3.xml
----------------- Instantiating /home/travis/build/icyphy/ptII/ptolemy/actor/lib/test/auto/PublisherSubscriberD3.xml
2 ms. Memory: 350208K Free: 105399K (30%)
----------------- Invoking toplevel() on ptolemy.moml.MoMLSimpleApplication@38017078
----------------- Done invoking toplevel() on ptolemy.moml.MoMLSimpleApplication@38017078
reloadAllAccessors: .PublisherSubscriberD3

===========================================================================================
----------------- testing Sun Oct 20 06:05:04 UTC 2019 /home/travis/build/icyphy/ptII/ptolemy/actor/lib/test/auto/PublisherSubscriberD3Reverse.xml
----------------- Instantiating /home/travis/build/icyphy/ptII/ptolemy/actor/lib/test/auto/PublisherSubscriberD3Reverse.xml
2 ms. Memory: 350208K Free: 99255K (28%)
----------------- Invoking toplevel() on ptolemy.moml.MoMLSimpleApplication@ce0dd0b
----------------- Done invoking toplevel() on ptolemy.moml.MoMLSimpleApplication@ce0dd0b
reloadAllAccessors: .PublisherSubscriberD3Reverse

===========================================================================================
----------------- testing Sun Oct 20 06:05:04 UTC 2019 /home/travis/build/icyphy/ptII/ptolemy/actor/lib/test/auto/PublisherSubscriberExpression.xml
----------------- Instantiating /home/travis/build/icyphy/ptII/ptolemy/actor/lib/test/auto/PublisherSubscriberExpression.xml
4 ms. Memory: 350208K Free: 296080K (85%)
----------------- Invoking toplevel() on ptolemy.moml.MoMLSimpleApplication@54e3bd32
----------------- Done invoking toplevel() on ptolemy.moml.MoMLSimpleApplication@54e3bd32
reloadAllAccessors: .PublisherSubscriberExpression

===========================================================================================
----------------- testing Sun Oct 20 06:05:04 UTC 2019 /home/travis/build/icyphy/ptII/ptolemy/actor/lib/test/auto/PublisherSubscriberOpaque.xml
----------------- Instantiating /home/travis/build/icyphy/ptII/ptolemy/actor/lib/test/auto/PublisherSubscriberOpaque.xml
4 ms. Memory: 350208K Free: 287392K (82%)
----------------- Invoking toplevel() on ptolemy.moml.MoMLSimpleApplication@58a6735c
----------------- Done invoking toplevel() on ptolemy.moml.MoMLSimpleApplication@58a6735c
reloadAllAccessors: .PublisherSubscriberOpaque

===========================================================================================
----------------- testing Sun Oct 20 06:05:04 UTC 2019 /home/travis/build/icyphy/ptII/ptolemy/actor/lib/test/auto/PublisherSubscriberOpaqueD3.xml
----------------- Instantiating /home/travis/build/icyphy/ptII/ptolemy/actor/lib/test/auto/PublisherSubscriberOpaqueD3.xml
5 ms. Memory: 350208K Free: 276128K (79%)
----------------- Invoking toplevel() on ptolemy.moml.MoMLSimpleApplication@60d9b0d4
----------------- Done invoking toplevel() on ptolemy.moml.MoMLSimpleApplication@60d9b0d4
reloadAllAccessors: .PublisherSubscriberOpaqueD3

===========================================================================================
----------------- testing Sun Oct 20 06:05:04 UTC 2019 /home/travis/build/icyphy/ptII/ptolemy/actor/lib/test/auto/PublisherSubscriberOpaqueD3Reverse.xml
----------------- Instantiating /home/travis/build/icyphy/ptII/ptolemy/actor/lib/test/auto/PublisherSubscriberOpaqueD3Reverse.xml
8 ms. Memory: 350208K Free: 265374K (76%)
----------------- Invoking toplevel() on ptolemy.moml.MoMLSimpleApplication@462bb5a9
----------------- Done invoking toplevel() on ptolemy.moml.MoMLSimpleApplication@462bb5a9
reloadAllAccessors: .PublisherSubscriberOpaqueD3Reverse

===========================================================================================
----------------- testing Sun Oct 20 06:05:04 UTC 2019 /home/travis/build/icyphy/ptII/ptolemy/actor/lib/test/auto/PublisherSubscriberOpaqueWidthInference.xml
----------------- Instantiating /home/travis/build/icyphy/ptII/ptolemy/actor/lib/test/auto/PublisherSubscriberOpaqueWidthInference.xml
4 ms. Memory: 350208K Free: 257168K (73%)
----------------- Invoking toplevel() on ptolemy.moml.MoMLSimpleApplication@32b50502
----------------- Done invoking toplevel() on ptolemy.moml.MoMLSimpleApplication@32b50502
reloadAllAccessors: .PublisherSubscriberOpaqueWidthInference

===========================================================================================
----------------- testing Sun Oct 20 06:05:04 UTC 2019 /home/travis/build/icyphy/ptII/ptolemy/actor/lib/test/auto/PublisherTestSubscriber.xml
----------------- Instantiating /home/travis/build/icyphy/ptII/ptolemy/actor/lib/test/auto/PublisherTestSubscriber.xml
3 ms. Memory: 350208K Free: 248984K (71%)
----------------- Invoking toplevel() on ptolemy.moml.MoMLSimpleApplication@68dcdf18
----------------- Done invoking toplevel() on ptolemy.moml.MoMLSimpleApplication@68dcdf18
reloadAllAccessors: .PublisherTestSubscriber

===========================================================================================
----------------- testing Sun Oct 20 06:05:04 UTC 2019 /home/travis/build/icyphy/ptII/ptolemy/actor/lib/test/auto/PublisherToplevelSubscriberPortAOC.xml
----------------- Instantiating /home/travis/build/icyphy/ptII/ptolemy/actor/lib/test/auto/PublisherToplevelSubscriberPortAOC.xml
2 ms. Memory: 350208K Free: 242336K (69%)
----------------- Invoking toplevel() on ptolemy.moml.MoMLSimpleApplication@18094473
----------------- Done invoking toplevel() on ptolemy.moml.MoMLSimpleApplication@18094473
reloadAllAccessors: .PublisherToplevelSubscriberPortAOC

===========================================================================================
----------------- testing Sun Oct 20 06:05:04 UTC 2019 /home/travis/build/icyphy/ptII/ptolemy/actor/lib/test/auto/PulseFiringLimitDE.xml
----------------- Instantiating /home/travis/build/icyphy/ptII/ptolemy/actor/lib/test/auto/PulseFiringLimitDE.xml
2 ms. Memory: 350208K Free: 236192K (67%)
----------------- Invoking toplevel() on ptolemy.moml.MoMLSimpleApplication@7585cab2
----------------- Done invoking toplevel() on ptolemy.moml.MoMLSimpleApplication@7585cab2
reloadAllAccessors: .PulseFiringLimitDE

===========================================================================================
----------------- testing Sun Oct 20 06:05:04 UTC 2019 /home/travis/build/icyphy/ptII/ptolemy/actor/lib/test/auto/Ramp1.xml
----------------- Instantiating /home/travis/build/icyphy/ptII/ptolemy/actor/lib/test/auto/Ramp1.xml
1 ms. Memory: 350208K Free: 232096K (66%)
----------------- Invoking toplevel() on ptolemy.moml.MoMLSimpleApplication@1d29d1ff
----------------- Done invoking toplevel() on ptolemy.moml.MoMLSimpleApplication@1d29d1ff
reloadAllAccessors: .Ramp1

===========================================================================================
----------------- testing Sun Oct 20 06:05:04 UTC 2019 /home/travis/build/icyphy/ptII/ptolemy/actor/lib/test/auto/RampFiringLimitDE.xml
----------------- Instantiating /home/travis/build/icyphy/ptII/ptolemy/actor/lib/test/auto/RampFiringLimitDE.xml
2 ms. Memory: 350208K Free: 225424K (64%)
----------------- Invoking toplevel() on ptolemy.moml.MoMLSimpleApplication@2e25dcbe
----------------- Done invoking toplevel() on ptolemy.moml.MoMLSimpleApplication@2e25dcbe
reloadAllAccessors: .RampFiringLimitDE

===========================================================================================
----------------- testing Sun Oct 20 06:05:04 UTC 2019 /home/travis/build/icyphy/ptII/ptolemy/actor/lib/test/auto/RampFiringLimitSDF.xml
----------------- Instantiating /home/travis/build/icyphy/ptII/ptolemy/actor/lib/test/auto/RampFiringLimitSDF.xml
2 ms. Memory: 350208K Free: 220304K (63%)
----------------- Invoking toplevel() on ptolemy.moml.MoMLSimpleApplication@13976bdc
----------------- Done invoking toplevel() on ptolemy.moml.MoMLSimpleApplication@13976bdc
reloadAllAccessors: .RampFiringLimitSDF

===========================================================================================
----------------- testing Sun Oct 20 06:05:04 UTC 2019 /home/travis/build/icyphy/ptII/ptolemy/actor/lib/test/auto/RandomInteger.xml
----------------- Instantiating /home/travis/build/icyphy/ptII/ptolemy/actor/lib/test/auto/RandomInteger.xml
2 ms. Memory: 350208K Free: 216222K (62%)
----------------- Invoking toplevel() on ptolemy.moml.MoMLSimpleApplication@19ac65a6
----------------- Done invoking toplevel() on ptolemy.moml.MoMLSimpleApplication@19ac65a6
reloadAllAccessors: .RandomInteger

===========================================================================================
----------------- testing Sun Oct 20 06:05:04 UTC 2019 /home/travis/build/icyphy/ptII/ptolemy/actor/lib/test/auto/ReadFile1.xml
----------------- Instantiating /home/travis/build/icyphy/ptII/ptolemy/actor/lib/test/auto/ReadFile1.xml
1 ms. Memory: 350208K Free: 211096K (60%)
----------------- Invoking toplevel() on ptolemy.moml.MoMLSimpleApplication@677bcad3
----------------- Done invoking toplevel() on ptolemy.moml.MoMLSimpleApplication@677bcad3
reloadAllAccessors: .ReadFile1

===========================================================================================
----------------- testing Sun Oct 20 06:05:04 UTC 2019 /home/travis/build/icyphy/ptII/ptolemy/actor/lib/test/auto/ReadFile2.xml
----------------- Instantiating /home/travis/build/icyphy/ptII/ptolemy/actor/lib/test/auto/ReadFile2.xml
1 ms. Memory: 350208K Free: 207006K (59%)
----------------- Invoking toplevel() on ptolemy.moml.MoMLSimpleApplication@6f61a953
----------------- Done invoking toplevel() on ptolemy.moml.MoMLSimpleApplication@6f61a953
reloadAllAccessors: .ReadFile2

===========================================================================================
----------------- testing Sun Oct 20 06:05:04 UTC 2019 /home/travis/build/icyphy/ptII/ptolemy/actor/lib/test/auto/Reader.xml
----------------- Instantiating /home/travis/build/icyphy/ptII/ptolemy/actor/lib/test/auto/Reader.xml
actor.lib.Reader is obsolete, use actor.lib.io.ExpressionReader instead
4 ms. Memory: 350208K Free: 202910K (58%)
----------------- Invoking toplevel() on ptolemy.moml.MoMLSimpleApplication@9b19dd3
----------------- Done invoking toplevel() on ptolemy.moml.MoMLSimpleApplication@9b19dd3
reloadAllAccessors: .Reader

===========================================================================================
----------------- testing Sun Oct 20 06:05:04 UTC 2019 /home/travis/build/icyphy/ptII/ptolemy/actor/lib/test/auto/RecordAssemblerDisplayNameTest.xml
----------------- Instantiating /home/travis/build/icyphy/ptII/ptolemy/actor/lib/test/auto/RecordAssemblerDisplayNameTest.xml
3642 ms. Memory: 350208K Free: 225589K (64%)
----------------- Invoking toplevel() on ptolemy.moml.MoMLSimpleApplication@12c1241a
----------------- Done invoking toplevel() on ptolemy.moml.MoMLSimpleApplication@12c1241a
reloadAllAccessors: .RecordAssemblerDisplayNameTest

===========================================================================================
----------------- testing Sun Oct 20 06:05:08 UTC 2019 /home/travis/build/icyphy/ptII/ptolemy/actor/lib/test/auto/RecordAssemblerTypeError.xml
----------------- Instantiating /home/travis/build/icyphy/ptII/ptolemy/actor/lib/test/auto/RecordAssemblerTypeError.xml
16 ms. Memory: 350208K Free: 215863K (62%)
----------------- Invoking toplevel() on ptolemy.moml.MoMLSimpleApplication@2b6889e1
----------------- Done invoking toplevel() on ptolemy.moml.MoMLSimpleApplication@2b6889e1
reloadAllAccessors: .RecordAssemblerTypeError

===========================================================================================
----------------- testing Sun Oct 20 06:05:08 UTC 2019 /home/travis/build/icyphy/ptII/ptolemy/actor/lib/test/auto/RecordDisassember.xml
----------------- Instantiating /home/travis/build/icyphy/ptII/ptolemy/actor/lib/test/auto/RecordDisassember.xml
9 ms. Memory: 350208K Free: 209719K (60%)
----------------- Invoking toplevel() on ptolemy.moml.MoMLSimpleApplication@63da5af0
----------------- Done invoking toplevel() on ptolemy.moml.MoMLSimpleApplication@63da5af0
reloadAllAccessors: .RecordDisassember

===========================================================================================
----------------- testing Sun Oct 20 06:05:08 UTC 2019 /home/travis/build/icyphy/ptII/ptolemy/actor/lib/test/auto/RecordDisassemberDisplayNameTest.xml
----------------- Instantiating /home/travis/build/icyphy/ptII/ptolemy/actor/lib/test/auto/RecordDisassemberDisplayNameTest.xml
5 ms. Memory: 350208K Free: 201527K (58%)
----------------- Invoking toplevel() on ptolemy.moml.MoMLSimpleApplication@5733305e
----------------- Done invoking toplevel() on ptolemy.moml.MoMLSimpleApplication@5733305e
reloadAllAccessors: .RecordDisassemberDisplayNameTest

===========================================================================================
----------------- testing Sun Oct 20 06:05:08 UTC 2019 /home/travis/build/icyphy/ptII/ptolemy/actor/lib/test/auto/RecordDisassembler.xml
----------------- Instantiating /home/travis/build/icyphy/ptII/ptolemy/actor/lib/test/auto/RecordDisassembler.xml
3 ms. Memory: 350208K Free: 196407K (56%)
----------------- Invoking toplevel() on ptolemy.moml.MoMLSimpleApplication@343253f0
----------------- Done invoking toplevel() on ptolemy.moml.MoMLSimpleApplication@343253f0
reloadAllAccessors: .RecordDisassembler

===========================================================================================
----------------- testing Sun Oct 20 06:05:08 UTC 2019 /home/travis/build/icyphy/ptII/ptolemy/actor/lib/test/auto/RecordDisassembler2.xml
----------------- Instantiating /home/travis/build/icyphy/ptII/ptolemy/actor/lib/test/auto/RecordDisassembler2.xml
2 ms. Memory: 350208K Free: 191287K (55%)
----------------- Invoking toplevel() on ptolemy.moml.MoMLSimpleApplication@1698038b
----------------- Done invoking toplevel() on ptolemy.moml.MoMLSimpleApplication@1698038b
reloadAllAccessors: .RecordDisassembler2

===========================================================================================
----------------- testing Sun Oct 20 06:05:08 UTC 2019 /home/travis/build/icyphy/ptII/ptolemy/actor/lib/test/auto/RecordUpdater.xml
----------------- Instantiating /home/travis/build/icyphy/ptII/ptolemy/actor/lib/test/auto/RecordUpdater.xml
3 ms. Memory: 350208K Free: 186165K (53%)
----------------- Invoking toplevel() on ptolemy.moml.MoMLSimpleApplication@7edc286b
----------------- Done invoking toplevel() on ptolemy.moml.MoMLSimpleApplication@7edc286b
reloadAllAccessors: .RecordUpdater

===========================================================================================
----------------- testing Sun Oct 20 06:05:08 UTC 2019 /home/travis/build/icyphy/ptII/ptolemy/actor/lib/test/auto/RecordUpdater2.xml
----------------- Instantiating /home/travis/build/icyphy/ptII/ptolemy/actor/lib/test/auto/RecordUpdater2.xml
2 ms. Memory: 350208K Free: 180533K (52%)
----------------- Invoking toplevel() on ptolemy.moml.MoMLSimpleApplication@38592973
----------------- Done invoking toplevel() on ptolemy.moml.MoMLSimpleApplication@38592973
reloadAllAccessors: .RecordUpdater2

===========================================================================================
----------------- testing Sun Oct 20 06:05:08 UTC 2019 /home/travis/build/icyphy/ptII/ptolemy/actor/lib/test/auto/RecursiveLattice.xml
----------------- Instantiating /home/travis/build/icyphy/ptII/ptolemy/actor/lib/test/auto/RecursiveLattice.xml
1 ms. Memory: 350208K Free: 175927K (50%)
----------------- Invoking toplevel() on ptolemy.moml.MoMLSimpleApplication@28c520d
----------------- Done invoking toplevel() on ptolemy.moml.MoMLSimpleApplication@28c520d
reloadAllAccessors: .RecursiveLattice

===========================================================================================
----------------- testing Sun Oct 20 06:05:08 UTC 2019 /home/travis/build/icyphy/ptII/ptolemy/actor/lib/test/auto/Router.xml
----------------- Instantiating /home/travis/build/icyphy/ptII/ptolemy/actor/lib/test/auto/Router.xml
3007 ms. Memory: 350208K Free: 164149K (47%)
----------------- Invoking toplevel() on ptolemy.moml.MoMLSimpleApplication@253a4316
----------------- Done invoking toplevel() on ptolemy.moml.MoMLSimpleApplication@253a4316
reloadAllAccessors: .Router

===========================================================================================
----------------- testing Sun Oct 20 06:05:11 UTC 2019 /home/travis/build/icyphy/ptII/ptolemy/actor/lib/test/auto/Router2.xml
----------------- Instantiating /home/travis/build/icyphy/ptII/ptolemy/actor/lib/test/auto/Router2.xml
3003 ms. Memory: 350208K Free: 153909K (44%)
----------------- Invoking toplevel() on ptolemy.moml.MoMLSimpleApplication@4c9fd0ac
----------------- Done invoking toplevel() on ptolemy.moml.MoMLSimpleApplication@4c9fd0ac
reloadAllAccessors: .Router2

===========================================================================================
----------------- testing Sun Oct 20 06:05:14 UTC 2019 /home/travis/build/icyphy/ptII/ptolemy/actor/lib/test/auto/RunningMaximum.xml
----------------- Instantiating /home/travis/build/icyphy/ptII/ptolemy/actor/lib/test/auto/RunningMaximum.xml
5 ms. Memory: 350208K Free: 149303K (43%)
----------------- Invoking toplevel() on ptolemy.moml.MoMLSimpleApplication@789d440d
----------------- Done invoking toplevel() on ptolemy.moml.MoMLSimpleApplication@789d440d
reloadAllAccessors: .RunningMaximum

===========================================================================================
----------------- testing Sun Oct 20 06:05:14 UTC 2019 /home/travis/build/icyphy/ptII/ptolemy/actor/lib/test/auto/RunningMinimum.xml
----------------- Instantiating /home/travis/build/icyphy/ptII/ptolemy/actor/lib/test/auto/RunningMinimum.xml
1 ms. Memory: 350208K Free: 144693K (41%)
----------------- Invoking toplevel() on ptolemy.moml.MoMLSimpleApplication@3c637805
----------------- Done invoking toplevel() on ptolemy.moml.MoMLSimpleApplication@3c637805
reloadAllAccessors: .RunningMinimum

===========================================================================================
----------------- testing Sun Oct 20 06:05:14 UTC 2019 /home/travis/build/icyphy/ptII/ptolemy/actor/lib/test/auto/Scale.xml
----------------- Instantiating /home/travis/build/icyphy/ptII/ptolemy/actor/lib/test/auto/Scale.xml
1 ms. Memory: 350208K Free: 139573K (40%)
----------------- Invoking toplevel() on ptolemy.moml.MoMLSimpleApplication@4d116ad1
----------------- Done invoking toplevel() on ptolemy.moml.MoMLSimpleApplication@4d116ad1
reloadAllAccessors: .Scale

===========================================================================================
----------------- testing Sun Oct 20 06:05:14 UTC 2019 /home/travis/build/icyphy/ptII/ptolemy/actor/lib/test/auto/Scale2.xml
----------------- Instantiating /home/travis/build/icyphy/ptII/ptolemy/actor/lib/test/auto/Scale2.xml
2 ms. Memory: 350208K Free: 134967K (39%)
----------------- Invoking toplevel() on ptolemy.moml.MoMLSimpleApplication@103aa8c9
----------------- Done invoking toplevel() on ptolemy.moml.MoMLSimpleApplication@103aa8c9
reloadAllAccessors: .Scale2

===========================================================================================
----------------- testing Sun Oct 20 06:05:14 UTC 2019 /home/travis/build/icyphy/ptII/ptolemy/actor/lib/test/auto/Scale3.xml
----------------- Instantiating /home/travis/build/icyphy/ptII/ptolemy/actor/lib/test/auto/Scale3.xml
2 ms. Memory: 350208K Free: 128309K (37%)
----------------- Invoking toplevel() on ptolemy.moml.MoMLSimpleApplication@dd325ea
----------------- Done invoking toplevel() on ptolemy.moml.MoMLSimpleApplication@dd325ea
reloadAllAccessors: .Scale3

===========================================================================================
----------------- testing Sun Oct 20 06:05:14 UTC 2019 /home/travis/build/icyphy/ptII/ptolemy/actor/lib/test/auto/ScaleArray.xml
----------------- Instantiating /home/travis/build/icyphy/ptII/ptolemy/actor/lib/test/auto/ScaleArray.xml
1 ms. Memory: 350208K Free: 123189K (35%)
----------------- Invoking toplevel() on ptolemy.moml.MoMLSimpleApplication@6f4ba9b6
----------------- Done invoking toplevel() on ptolemy.moml.MoMLSimpleApplication@6f4ba9b6
reloadAllAccessors: .ScaleArray

===========================================================================================
----------------- testing Sun Oct 20 06:05:14 UTC 2019 /home/travis/build/icyphy/ptII/ptolemy/actor/lib/test/auto/ScaleArray2.xml
----------------- Instantiating /home/travis/build/icyphy/ptII/ptolemy/actor/lib/test/auto/ScaleArray2.xml
1 ms. Memory: 350208K Free: 118583K (34%)
----------------- Invoking toplevel() on ptolemy.moml.MoMLSimpleApplication@6117c2a9
----------------- Done invoking toplevel() on ptolemy.moml.MoMLSimpleApplication@6117c2a9
reloadAllAccessors: .ScaleArray2

===========================================================================================
----------------- testing Sun Oct 20 06:05:14 UTC 2019 /home/travis/build/icyphy/ptII/ptolemy/actor/lib/test/auto/ScaleMatrix.xml
----------------- Instantiating /home/travis/build/icyphy/ptII/ptolemy/actor/lib/test/auto/ScaleMatrix.xml
136 ms. Memory: 350208K Free: 104247K (30%)
----------------- Invoking toplevel() on ptolemy.moml.MoMLSimpleApplication@43a6470a
----------------- Done invoking toplevel() on ptolemy.moml.MoMLSimpleApplication@43a6470a
reloadAllAccessors: .ScaleMatrix

===========================================================================================
----------------- testing Sun Oct 20 06:05:14 UTC 2019 /home/travis/build/icyphy/ptII/ptolemy/actor/lib/test/auto/Select.xml
----------------- Instantiating /home/travis/build/icyphy/ptII/ptolemy/actor/lib/test/auto/Select.xml
2 ms. Memory: 350208K Free: 97575K (28%)
----------------- Invoking toplevel() on ptolemy.moml.MoMLSimpleApplication@5f49eae2
----------------- Done invoking toplevel() on ptolemy.moml.MoMLSimpleApplication@5f49eae2
reloadAllAccessors: .Select

===========================================================================================
----------------- testing Sun Oct 20 06:05:14 UTC 2019 /home/travis/build/icyphy/ptII/ptolemy/actor/lib/test/auto/Select2.xml
----------------- Instantiating /home/travis/build/icyphy/ptII/ptolemy/actor/lib/test/auto/Select2.xml
1 ms. Memory: 350208K Free: 92983K (27%)
----------------- Invoking toplevel() on ptolemy.moml.MoMLSimpleApplication@4b56316a
----------------- Done invoking toplevel() on ptolemy.moml.MoMLSimpleApplication@4b56316a
reloadAllAccessors: .Select2

===========================================================================================
----------------- testing Sun Oct 20 06:05:14 UTC 2019 /home/travis/build/icyphy/ptII/ptolemy/actor/lib/test/auto/SequenceToArray2.xml
----------------- Instantiating /home/travis/build/icyphy/ptII/ptolemy/actor/lib/test/auto/SequenceToArray2.xml
73 ms. Memory: 350208K Free: 276765K (79%)
----------------- Invoking toplevel() on ptolemy.moml.MoMLSimpleApplication@623c5557
----------------- Done invoking toplevel() on ptolemy.moml.MoMLSimpleApplication@623c5557
reloadAllAccessors: .SequenceToArray2

===========================================================================================
----------------- testing Sun Oct 20 06:05:14 UTC 2019 /home/travis/build/icyphy/ptII/ptolemy/actor/lib/test/auto/SequentialClock.xml
----------------- Instantiating /home/travis/build/icyphy/ptII/ptolemy/actor/lib/test/auto/SequentialClock.xml
1 ms. Memory: 350208K Free: 272157K (78%)
----------------- Invoking toplevel() on ptolemy.moml.MoMLSimpleApplication@d457399
----------------- Done invoking toplevel() on ptolemy.moml.MoMLSimpleApplication@d457399
reloadAllAccessors: .SequentialClock

===========================================================================================
----------------- testing Sun Oct 20 06:05:14 UTC 2019 /home/travis/build/icyphy/ptII/ptolemy/actor/lib/test/auto/SetVariable.xml
----------------- Instantiating /home/travis/build/icyphy/ptII/ptolemy/actor/lib/test/auto/SetVariable.xml
3 ms. Memory: 350208K Free: 267037K (76%)
----------------- Invoking toplevel() on ptolemy.moml.MoMLSimpleApplication@3b144a6d
----------------- Done invoking toplevel() on ptolemy.moml.MoMLSimpleApplication@3b144a6d
reloadAllAccessors: .SetVariable

===========================================================================================
----------------- testing Sun Oct 20 06:05:14 UTC 2019 /home/travis/build/icyphy/ptII/ptolemy/actor/lib/test/auto/SetVariable2.xml
----------------- Instantiating /home/travis/build/icyphy/ptII/ptolemy/actor/lib/test/auto/SetVariable2.xml
11 ms. Memory: 350208K Free: 261917K (75%)
----------------- Invoking toplevel() on ptolemy.moml.MoMLSimpleApplication@3c948965
----------------- Done invoking toplevel() on ptolemy.moml.MoMLSimpleApplication@3c948965
reloadAllAccessors: .SetVariable2

===========================================================================================
----------------- testing Sun Oct 20 06:05:14 UTC 2019 /home/travis/build/icyphy/ptII/ptolemy/actor/lib/test/auto/SetVariable3.xml
----------------- Instantiating /home/travis/build/icyphy/ptII/ptolemy/actor/lib/test/auto/SetVariable3.xml
4 ms. Memory: 350208K Free: 256287K (73%)
----------------- Invoking toplevel() on ptolemy.moml.MoMLSimpleApplication@3965d4b8
----------------- Done invoking toplevel() on ptolemy.moml.MoMLSimpleApplication@3965d4b8
reloadAllAccessors: .SetVariable3

===========================================================================================
----------------- testing Sun Oct 20 06:05:14 UTC 2019 /home/travis/build/icyphy/ptII/ptolemy/actor/lib/test/auto/SetVariable4.xml
----------------- Instantiating /home/travis/build/icyphy/ptII/ptolemy/actor/lib/test/auto/SetVariable4.xml
21 ms. Memory: 350208K Free: 247069K (71%)
----------------- Invoking toplevel() on ptolemy.moml.MoMLSimpleApplication@15b086fe
----------------- Done invoking toplevel() on ptolemy.moml.MoMLSimpleApplication@15b086fe
reloadAllAccessors: .SetVariable4

===========================================================================================
----------------- testing Sun Oct 20 06:05:15 UTC 2019 /home/travis/build/icyphy/ptII/ptolemy/actor/lib/test/auto/SetVariable5.xml
----------------- Instantiating /home/travis/build/icyphy/ptII/ptolemy/actor/lib/test/auto/SetVariable5.xml
17 ms. Memory: 350208K Free: 237855K (68%)
----------------- Invoking toplevel() on ptolemy.moml.MoMLSimpleApplication@7e9a3fd8
----------------- Done invoking toplevel() on ptolemy.moml.MoMLSimpleApplication@7e9a3fd8
reloadAllAccessors: .SetVariable5

===========================================================================================
----------------- testing Sun Oct 20 06:05:15 UTC 2019 /home/travis/build/icyphy/ptII/ptolemy/actor/lib/test/auto/Sinewave.xml
----------------- Instantiating /home/travis/build/icyphy/ptII/ptolemy/actor/lib/test/auto/Sinewave.xml
4 ms. Memory: 350208K Free: 226591K (65%)
----------------- Invoking toplevel() on ptolemy.moml.MoMLSimpleApplication@d5ed2f9
----------------- Done invoking toplevel() on ptolemy.moml.MoMLSimpleApplication@d5ed2f9
reloadAllAccessors: .Sinewave

===========================================================================================
----------------- testing Sun Oct 20 06:05:15 UTC 2019 /home/travis/build/icyphy/ptII/ptolemy/actor/lib/test/auto/Sinewave2.xml
----------------- Instantiating /home/travis/build/icyphy/ptII/ptolemy/actor/lib/test/auto/Sinewave2.xml
6 ms. Memory: 350208K Free: 218399K (62%)
----------------- Invoking toplevel() on ptolemy.moml.MoMLSimpleApplication@1a6f726e
----------------- Done invoking toplevel() on ptolemy.moml.MoMLSimpleApplication@1a6f726e
reloadAllAccessors: .Sinewave2

===========================================================================================
----------------- testing Sun Oct 20 06:05:15 UTC 2019 /home/travis/build/icyphy/ptII/ptolemy/actor/lib/test/auto/Sinewave3.xml
----------------- Instantiating /home/travis/build/icyphy/ptII/ptolemy/actor/lib/test/auto/Sinewave3.xml
7 ms. Memory: 350208K Free: 210207K (60%)
----------------- Invoking toplevel() on ptolemy.moml.MoMLSimpleApplication@4812aa3c
----------------- Done invoking toplevel() on ptolemy.moml.MoMLSimpleApplication@4812aa3c
reloadAllAccessors: .Sinewave3

===========================================================================================
----------------- testing Sun Oct 20 06:05:15 UTC 2019 /home/travis/build/icyphy/ptII/ptolemy/actor/lib/test/auto/SingleEvent.xml
----------------- Instantiating /home/travis/build/icyphy/ptII/ptolemy/actor/lib/test/auto/SingleEvent.xml
4 ms. Memory: 350208K Free: 205597K (59%)
----------------- Invoking toplevel() on ptolemy.moml.MoMLSimpleApplication@1babd8e
----------------- Done invoking toplevel() on ptolemy.moml.MoMLSimpleApplication@1babd8e
reloadAllAccessors: .SingleEvent

===========================================================================================
----------------- testing Sun Oct 20 06:05:15 UTC 2019 /home/travis/build/icyphy/ptII/ptolemy/actor/lib/test/auto/Sleep.xml
----------------- Instantiating /home/travis/build/icyphy/ptII/ptolemy/actor/lib/test/auto/Sleep.xml
6004 ms. Memory: 350208K Free: 200447K (57%)
----------------- Invoking toplevel() on ptolemy.moml.MoMLSimpleApplication@7b85a2fe
----------------- Done invoking toplevel() on ptolemy.moml.MoMLSimpleApplication@7b85a2fe
reloadAllAccessors: .Sleep

===========================================================================================
----------------- testing Sun Oct 20 06:05:21 UTC 2019 /home/travis/build/icyphy/ptII/ptolemy/actor/lib/test/auto/SleepMultipleFire.xml
----------------- Instantiating /home/travis/build/icyphy/ptII/ptolemy/actor/lib/test/auto/SleepMultipleFire.xml
1006 ms. Memory: 350208K Free: 194333K (55%)
----------------- Invoking toplevel() on ptolemy.moml.MoMLSimpleApplication@64a146ca
----------------- Done invoking toplevel() on ptolemy.moml.MoMLSimpleApplication@64a146ca
reloadAllAccessors: .SleepMultipleFire

===========================================================================================
----------------- testing Sun Oct 20 06:05:22 UTC 2019 /home/travis/build/icyphy/ptII/ptolemy/actor/lib/test/auto/StopDE.xml
----------------- Instantiating /home/travis/build/icyphy/ptII/ptolemy/actor/lib/test/auto/StopDE.xml
7 ms. Memory: 350208K Free: 188703K (54%)
----------------- Invoking toplevel() on ptolemy.moml.MoMLSimpleApplication@7b7be026
----------------- Done invoking toplevel() on ptolemy.moml.MoMLSimpleApplication@7b7be026
reloadAllAccessors: .StopDE

===========================================================================================
----------------- testing Sun Oct 20 06:05:22 UTC 2019 /home/travis/build/icyphy/ptII/ptolemy/actor/lib/test/auto/StopSDF.xml
----------------- Instantiating /home/travis/build/icyphy/ptII/ptolemy/actor/lib/test/auto/StopSDF.xml
8 ms. Memory: 350208K Free: 183583K (52%)
----------------- Invoking toplevel() on ptolemy.moml.MoMLSimpleApplication@216fbdad
----------------- Done invoking toplevel() on ptolemy.moml.MoMLSimpleApplication@216fbdad
reloadAllAccessors: .StopSDF

===========================================================================================
----------------- testing Sun Oct 20 06:05:22 UTC 2019 /home/travis/build/icyphy/ptII/ptolemy/actor/lib/test/auto/StringConstant.xml
----------------- Instantiating /home/travis/build/icyphy/ptII/ptolemy/actor/lib/test/auto/StringConstant.xml
11 ms. Memory: 350208K Free: 179487K (51%)
----------------- Invoking toplevel() on ptolemy.moml.MoMLSimpleApplication@2267047b
----------------- Done invoking toplevel() on ptolemy.moml.MoMLSimpleApplication@2267047b
reloadAllAccessors: .StringConstant

===========================================================================================
----------------- testing Sun Oct 20 06:05:22 UTC 2019 /home/travis/build/icyphy/ptII/ptolemy/actor/lib/test/auto/SubscriberPortInitialValues1.xml
----------------- Instantiating /home/travis/build/icyphy/ptII/ptolemy/actor/lib/test/auto/SubscriberPortInitialValues1.xml
6 ms. Memory: 350208K Free: 170271K (49%)
----------------- Invoking toplevel() on ptolemy.moml.MoMLSimpleApplication@64a0ad86
----------------- Done invoking toplevel() on ptolemy.moml.MoMLSimpleApplication@64a0ad86
reloadAllAccessors: .SubscriberPortInitialValues1

===========================================================================================
----------------- testing Sun Oct 20 06:05:22 UTC 2019 /home/travis/build/icyphy/ptII/ptolemy/actor/lib/test/auto/SubscriberPortInitialValues13.xml
----------------- Instantiating /home/travis/build/icyphy/ptII/ptolemy/actor/lib/test/auto/SubscriberPortInitialValues13.xml
7 ms. Memory: 350208K Free: 157469K (45%)
----------------- Invoking toplevel() on ptolemy.moml.MoMLSimpleApplication@7a40e5c4
----------------- Done invoking toplevel() on ptolemy.moml.MoMLSimpleApplication@7a40e5c4
reloadAllAccessors: .SubscriberPortInitialValues13

===========================================================================================
----------------- testing Sun Oct 20 06:05:22 UTC 2019 /home/travis/build/icyphy/ptII/ptolemy/actor/lib/test/auto/SubscriberPortInitialValues14.xml
----------------- Instantiating /home/travis/build/icyphy/ptII/ptolemy/actor/lib/test/auto/SubscriberPortInitialValues14.xml
4 ms. Memory: 350208K Free: 149791K (43%)
----------------- Invoking toplevel() on ptolemy.moml.MoMLSimpleApplication@296b4e57
----------------- Done invoking toplevel() on ptolemy.moml.MoMLSimpleApplication@296b4e57
reloadAllAccessors: .SubscriberPortInitialValues14

===========================================================================================
----------------- testing Sun Oct 20 06:05:22 UTC 2019 /home/travis/build/icyphy/ptII/ptolemy/actor/lib/test/auto/SubscriberPortInitialValues2.xml
----------------- Instantiating /home/travis/build/icyphy/ptII/ptolemy/actor/lib/test/auto/SubscriberPortInitialValues2.xml
4 ms. Memory: 350208K Free: 141599K (40%)
----------------- Invoking toplevel() on ptolemy.moml.MoMLSimpleApplication@53937fdb
----------------- Done invoking toplevel() on ptolemy.moml.MoMLSimpleApplication@53937fdb
reloadAllAccessors: .SubscriberPortInitialValues2

===========================================================================================
----------------- testing Sun Oct 20 06:05:22 UTC 2019 /home/travis/build/icyphy/ptII/ptolemy/actor/lib/test/auto/SubscriberPortInitialValues3.xml
----------------- Instantiating /home/travis/build/icyphy/ptII/ptolemy/actor/lib/test/auto/SubscriberPortInitialValues3.xml
4 ms. Memory: 350208K Free: 130845K (37%)
----------------- Invoking toplevel() on ptolemy.moml.MoMLSimpleApplication@6fef69f7
----------------- Done invoking toplevel() on ptolemy.moml.MoMLSimpleApplication@6fef69f7
reloadAllAccessors: .SubscriberPortInitialValues3

===========================================================================================
----------------- testing Sun Oct 20 06:05:22 UTC 2019 /home/travis/build/icyphy/ptII/ptolemy/actor/lib/test/auto/SubscriptionAggregator.xml
----------------- Instantiating /home/travis/build/icyphy/ptII/ptolemy/actor/lib/test/auto/SubscriptionAggregator.xml
2 ms. Memory: 350208K Free: 124191K (35%)
----------------- Invoking toplevel() on ptolemy.moml.MoMLSimpleApplication@279ba5ce
----------------- Done invoking toplevel() on ptolemy.moml.MoMLSimpleApplication@279ba5ce
reloadAllAccessors: .SubscriptionAggregator

===========================================================================================
----------------- testing Sun Oct 20 06:05:22 UTC 2019 /home/travis/build/icyphy/ptII/ptolemy/actor/lib/test/auto/SubscriptionAggregator2.xml
----------------- Instantiating /home/travis/build/icyphy/ptII/ptolemy/actor/lib/test/auto/SubscriptionAggregator2.xml
4 ms. Memory: 350208K Free: 117023K (33%)
----------------- Invoking toplevel() on ptolemy.moml.MoMLSimpleApplication@15dd5c0e
----------------- Done invoking toplevel() on ptolemy.moml.MoMLSimpleApplication@15dd5c0e
reloadAllAccessors: .SubscriptionAggregator2

===========================================================================================
----------------- testing Sun Oct 20 06:05:22 UTC 2019 /home/travis/build/icyphy/ptII/ptolemy/actor/lib/test/auto/SubscriptionAggregator3.xml
----------------- Instantiating /home/travis/build/icyphy/ptII/ptolemy/actor/lib/test/auto/SubscriptionAggregator3.xml
3 ms. Memory: 350208K Free: 107807K (31%)
----------------- Invoking toplevel() on ptolemy.moml.MoMLSimpleApplication@56e29d1d
----------------- Done invoking toplevel() on ptolemy.moml.MoMLSimpleApplication@56e29d1d
reloadAllAccessors: .SubscriptionAggregator3

===========================================================================================
----------------- testing Sun Oct 20 06:05:22 UTC 2019 /home/travis/build/icyphy/ptII/ptolemy/actor/lib/test/auto/SubscriptionAggregatorMultiply.xml
----------------- Instantiating /home/travis/build/icyphy/ptII/ptolemy/actor/lib/test/auto/SubscriptionAggregatorMultiply.xml
15 ms. Memory: 350208K Free: 99615K (28%)
----------------- Invoking toplevel() on ptolemy.moml.MoMLSimpleApplication@2c33ff21
----------------- Done invoking toplevel() on ptolemy.moml.MoMLSimpleApplication@2c33ff21
reloadAllAccessors: .SubscriptionAggregatorMultiply

===========================================================================================
----------------- testing Sun Oct 20 06:05:22 UTC 2019 /home/travis/build/icyphy/ptII/ptolemy/actor/lib/test/auto/SubscriptionAggregatorPortMultiply1.xml
----------------- Instantiating /home/travis/build/icyphy/ptII/ptolemy/actor/lib/test/auto/SubscriptionAggregatorPortMultiply1.xml
14 ms. Memory: 350208K Free: 299112K (85%)
----------------- Invoking toplevel() on ptolemy.moml.MoMLSimpleApplication@1b64f700
----------------- Done invoking toplevel() on ptolemy.moml.MoMLSimpleApplication@1b64f700
reloadAllAccessors: .SubscriptionAggregatorPortMultiply1

===========================================================================================
----------------- testing Sun Oct 20 06:05:22 UTC 2019 /home/travis/build/icyphy/ptII/ptolemy/actor/lib/test/auto/Switch.xml
----------------- Instantiating /home/travis/build/icyphy/ptII/ptolemy/actor/lib/test/auto/Switch.xml
6 ms. Memory: 350208K Free: 290198K (83%)
----------------- Invoking toplevel() on ptolemy.moml.MoMLSimpleApplication@19b0278b
----------------- Done invoking toplevel() on ptolemy.moml.MoMLSimpleApplication@19b0278b
reloadAllAccessors: .Switch

===========================================================================================
----------------- testing Sun Oct 20 06:05:22 UTC 2019 /home/travis/build/icyphy/ptII/ptolemy/actor/lib/test/auto/Switch2.xml
----------------- Instantiating /home/travis/build/icyphy/ptII/ptolemy/actor/lib/test/auto/Switch2.xml
2 ms. Memory: 350208K Free: 285592K (82%)
----------------- Invoking toplevel() on ptolemy.moml.MoMLSimpleApplication@67ce598e
----------------- Done invoking toplevel() on ptolemy.moml.MoMLSimpleApplication@67ce598e
reloadAllAccessors: .Switch2

===========================================================================================
----------------- testing Sun Oct 20 06:05:22 UTC 2019 /home/travis/build/icyphy/ptII/ptolemy/actor/lib/test/auto/SwitchDE.xml
----------------- Instantiating /home/travis/build/icyphy/ptII/ptolemy/actor/lib/test/auto/SwitchDE.xml
2 ms. Memory: 350208K Free: 279448K (80%)
----------------- Invoking toplevel() on ptolemy.moml.MoMLSimpleApplication@7a277095
----------------- Done invoking toplevel() on ptolemy.moml.MoMLSimpleApplication@7a277095
reloadAllAccessors: .SwitchDE

===========================================================================================
----------------- testing Sun Oct 20 06:05:22 UTC 2019 /home/travis/build/icyphy/ptII/ptolemy/actor/lib/test/auto/SynchronizerDE.xml
----------------- Instantiating /home/travis/build/icyphy/ptII/ptolemy/actor/lib/test/auto/SynchronizerDE.xml
7 ms. Memory: 350208K Free: 270712K (77%)
----------------- Invoking toplevel() on ptolemy.moml.MoMLSimpleApplication@28a2ee94
----------------- Done invoking toplevel() on ptolemy.moml.MoMLSimpleApplication@28a2ee94
reloadAllAccessors: .SynchronizerDE

===========================================================================================
----------------- testing Sun Oct 20 06:05:22 UTC 2019 /home/travis/build/icyphy/ptII/ptolemy/actor/lib/test/auto/Test.xml
----------------- Instantiating /home/travis/build/icyphy/ptII/ptolemy/actor/lib/test/auto/Test.xml
2 ms. Memory: 350208K Free: 265608K (76%)
----------------- Invoking toplevel() on ptolemy.moml.MoMLSimpleApplication@6ecf0728
----------------- Done invoking toplevel() on ptolemy.moml.MoMLSimpleApplication@6ecf0728
reloadAllAccessors: .Test

===========================================================================================
----------------- testing Sun Oct 20 06:05:22 UTC 2019 /home/travis/build/icyphy/ptII/ptolemy/actor/lib/test/auto/TestExceptionAttribute1.xml
----------------- Instantiating /home/travis/build/icyphy/ptII/ptolemy/actor/lib/test/auto/TestExceptionAttribute1.xml
1 ms. Memory: 350208K Free: 261526K (75%)
----------------- Invoking toplevel() on ptolemy.moml.MoMLSimpleApplication@13ee1e42
----------------- Done invoking toplevel() on ptolemy.moml.MoMLSimpleApplication@13ee1e42
reloadAllAccessors: .TestExceptionAttribute1

===========================================================================================
----------------- testing Sun Oct 20 06:05:22 UTC 2019 /home/travis/build/icyphy/ptII/ptolemy/actor/lib/test/auto/TestExceptionAttribute2.xml
----------------- Instantiating /home/travis/build/icyphy/ptII/ptolemy/actor/lib/test/auto/TestExceptionAttribute2.xml
1 ms. Memory: 350208K Free: 257944K (74%)
----------------- Invoking toplevel() on ptolemy.moml.MoMLSimpleApplication@2f59027
----------------- Done invoking toplevel() on ptolemy.moml.MoMLSimpleApplication@2f59027
reloadAllAccessors: .TestExceptionAttribute2

===========================================================================================
----------------- testing Sun Oct 20 06:05:22 UTC 2019 /home/travis/build/icyphy/ptII/ptolemy/actor/lib/test/auto/TestExceptionAttribute3.xml
----------------- Instantiating /home/travis/build/icyphy/ptII/ptolemy/actor/lib/test/auto/TestExceptionAttribute3.xml
.TestExceptionAttribute3.TestExceptionAttribute: initialize() was not invoked, but wrapup() was.  This is unusual, but not always a problem.  For example, exporting JNLP will do this.
0 ms. Memory: 350208K Free: 254358K (73%)
----------------- Invoking toplevel() on ptolemy.moml.MoMLSimpleApplication@4bf2fc62
----------------- Done invoking toplevel() on ptolemy.moml.MoMLSimpleApplication@4bf2fc62
reloadAllAccessors: .TestExceptionAttribute3

===========================================================================================
----------------- testing Sun Oct 20 06:05:22 UTC 2019 /home/travis/build/icyphy/ptII/ptolemy/actor/lib/test/auto/TestExceptionAttribute4.xml
----------------- Instantiating /home/travis/build/icyphy/ptII/ptolemy/actor/lib/test/auto/TestExceptionAttribute4.xml
.TestExceptionAttribute4.TestExceptionAttribute: initialize() was not invoked, but wrapup() was.  This is unusual, but not always a problem.  For example, exporting JNLP will do this.
.TestExceptionAttribute4.TestExceptionAttribute2: initialize() was not invoked, but wrapup() was.  This is unusual, but not always a problem.  For example, exporting JNLP will do this.
0 ms. Memory: 350208K Free: 249752K (71%)
----------------- Invoking toplevel() on ptolemy.moml.MoMLSimpleApplication@11df65f8
----------------- Done invoking toplevel() on ptolemy.moml.MoMLSimpleApplication@11df65f8
reloadAllAccessors: .TestExceptionAttribute4

===========================================================================================
----------------- testing Sun Oct 20 06:05:22 UTC 2019 /home/travis/build/icyphy/ptII/ptolemy/actor/lib/test/auto/TestExceptionHandler1.xml
----------------- Instantiating /home/travis/build/icyphy/ptII/ptolemy/actor/lib/test/auto/TestExceptionHandler1.xml
1 ms. Memory: 350208K Free: 246166K (70%)
----------------- Invoking toplevel() on ptolemy.moml.MoMLSimpleApplication@45fa19dd
----------------- Done invoking toplevel() on ptolemy.moml.MoMLSimpleApplication@45fa19dd
reloadAllAccessors: .TestExceptionHandler1

===========================================================================================
----------------- testing Sun Oct 20 06:05:22 UTC 2019 /home/travis/build/icyphy/ptII/ptolemy/actor/lib/test/auto/TestExceptionHandler2.xml
----------------- Instantiating /home/travis/build/icyphy/ptII/ptolemy/actor/lib/test/auto/TestExceptionHandler2.xml
1 ms. Memory: 350208K Free: 242584K (69%)
----------------- Invoking toplevel() on ptolemy.moml.MoMLSimpleApplication@44ffd4e0
----------------- Done invoking toplevel() on ptolemy.moml.MoMLSimpleApplication@44ffd4e0
reloadAllAccessors: .TestExceptionHandler2

===========================================================================================
----------------- testing Sun Oct 20 06:05:22 UTC 2019 /home/travis/build/icyphy/ptII/ptolemy/actor/lib/test/auto/TestExceptionHandler3.xml
----------------- Instantiating /home/travis/build/icyphy/ptII/ptolemy/actor/lib/test/auto/TestExceptionHandler3.xml
1 ms. Memory: 350208K Free: 238488K (68%)
----------------- Invoking toplevel() on ptolemy.moml.MoMLSimpleApplication@2fd93890
----------------- Done invoking toplevel() on ptolemy.moml.MoMLSimpleApplication@2fd93890
reloadAllAccessors: .TestExceptionHandler3

===========================================================================================
----------------- testing Sun Oct 20 06:05:22 UTC 2019 /home/travis/build/icyphy/ptII/ptolemy/actor/lib/test/auto/TestExceptionHandler4.xml
----------------- Instantiating /home/travis/build/icyphy/ptII/ptolemy/actor/lib/test/auto/TestExceptionHandler4.xml
0 ms. Memory: 350208K Free: 234392K (67%)
----------------- Invoking toplevel() on ptolemy.moml.MoMLSimpleApplication@b704ce9
----------------- Done invoking toplevel() on ptolemy.moml.MoMLSimpleApplication@b704ce9
reloadAllAccessors: .TestExceptionHandler4

===========================================================================================
----------------- testing Sun Oct 20 06:05:22 UTC 2019 /home/travis/build/icyphy/ptII/ptolemy/actor/lib/test/auto/TestRequireCorrectOrder.xml
----------------- Instantiating /home/travis/build/icyphy/ptII/ptolemy/actor/lib/test/auto/TestRequireCorrectOrder.xml
11 ms. Memory: 350208K Free: 229272K (65%)
----------------- Invoking toplevel() on ptolemy.moml.MoMLSimpleApplication@2c57c19
----------------- Done invoking toplevel() on ptolemy.moml.MoMLSimpleApplication@2c57c19
reloadAllAccessors: .TestRequireCorrectOrder

===========================================================================================
----------------- testing Sun Oct 20 06:05:22 UTC 2019 /home/travis/build/icyphy/ptII/ptolemy/actor/lib/test/auto/TestSimple.xml
----------------- Instantiating /home/travis/build/icyphy/ptII/ptolemy/actor/lib/test/auto/TestSimple.xml
1 ms. Memory: 350208K Free: 224662K (64%)
----------------- Invoking toplevel() on ptolemy.moml.MoMLSimpleApplication@36ac17ae
----------------- Done invoking toplevel() on ptolemy.moml.MoMLSimpleApplication@36ac17ae
reloadAllAccessors: .TestSimple

===========================================================================================
----------------- testing Sun Oct 20 06:05:22 UTC 2019 /home/travis/build/icyphy/ptII/ptolemy/actor/lib/test/auto/ThrowModelError.xml
----------------- Instantiating /home/travis/build/icyphy/ptII/ptolemy/actor/lib/test/auto/ThrowModelError.xml
1 ms. Memory: 350208K Free: 220056K (63%)
----------------- Invoking toplevel() on ptolemy.moml.MoMLSimpleApplication@66bcb562
----------------- Done invoking toplevel() on ptolemy.moml.MoMLSimpleApplication@66bcb562
reloadAllAccessors: .ThrowModelError

===========================================================================================
----------------- testing Sun Oct 20 06:05:22 UTC 2019 /home/travis/build/icyphy/ptII/ptolemy/actor/lib/test/auto/TimeDelayMicrosteps.xml
----------------- Instantiating /home/travis/build/icyphy/ptII/ptolemy/actor/lib/test/auto/TimeDelayMicrosteps.xml
2 ms. Memory: 350208K Free: 213384K (61%)
----------------- Invoking toplevel() on ptolemy.moml.MoMLSimpleApplication@2105ad5b
----------------- Done invoking toplevel() on ptolemy.moml.MoMLSimpleApplication@2105ad5b
reloadAllAccessors: .TimeDelayMicrosteps

===========================================================================================
----------------- testing Sun Oct 20 06:05:22 UTC 2019 /home/travis/build/icyphy/ptII/ptolemy/actor/lib/test/auto/TimeDelayMicrosteps2.xml
----------------- Instantiating /home/travis/build/icyphy/ptII/ptolemy/actor/lib/test/auto/TimeDelayMicrosteps2.xml
3 ms. Memory: 350208K Free: 205720K (59%)
----------------- Invoking toplevel() on ptolemy.moml.MoMLSimpleApplication@74374f63
----------------- Done invoking toplevel() on ptolemy.moml.MoMLSimpleApplication@74374f63
reloadAllAccessors: .TimeDelayMicrosteps2

===========================================================================================
----------------- testing Sun Oct 20 06:05:22 UTC 2019 /home/travis/build/icyphy/ptII/ptolemy/actor/lib/test/auto/TimeDelayMicrosteps3.xml
----------------- Instantiating /home/travis/build/icyphy/ptII/ptolemy/actor/lib/test/auto/TimeDelayMicrosteps3.xml
3 ms. Memory: 350208K Free: 199032K (57%)
----------------- Invoking toplevel() on ptolemy.moml.MoMLSimpleApplication@7d9a7fbf
----------------- Done invoking toplevel() on ptolemy.moml.MoMLSimpleApplication@7d9a7fbf
reloadAllAccessors: .TimeDelayMicrosteps3

===========================================================================================
----------------- testing Sun Oct 20 06:05:22 UTC 2019 /home/travis/build/icyphy/ptII/ptolemy/actor/lib/test/auto/TimeDelayVariableMicrosteps.xml
----------------- Instantiating /home/travis/build/icyphy/ptII/ptolemy/actor/lib/test/auto/TimeDelayVariableMicrosteps.xml
3 ms. Memory: 350208K Free: 191894K (55%)
----------------- Invoking toplevel() on ptolemy.moml.MoMLSimpleApplication@3777ac32
----------------- Done invoking toplevel() on ptolemy.moml.MoMLSimpleApplication@3777ac32
reloadAllAccessors: .TimeDelayVariableMicrosteps

===========================================================================================
----------------- testing Sun Oct 20 06:05:22 UTC 2019 /home/travis/build/icyphy/ptII/ptolemy/actor/lib/test/auto/TimeGap.xml
----------------- Instantiating /home/travis/build/icyphy/ptII/ptolemy/actor/lib/test/auto/TimeGap.xml
3 ms. Memory: 350208K Free: 186744K (53%)
----------------- Invoking toplevel() on ptolemy.moml.MoMLSimpleApplication@725b70d8
----------------- Done invoking toplevel() on ptolemy.moml.MoMLSimpleApplication@725b70d8
reloadAllAccessors: .TimeGap

===========================================================================================
----------------- testing Sun Oct 20 06:05:22 UTC 2019 /home/travis/build/icyphy/ptII/ptolemy/actor/lib/test/auto/TimeGap2.xml
----------------- Instantiating /home/travis/build/icyphy/ptII/ptolemy/actor/lib/test/auto/TimeGap2.xml
2 ms. Memory: 350208K Free: 181144K (52%)
----------------- Invoking toplevel() on ptolemy.moml.MoMLSimpleApplication@594198
----------------- Done invoking toplevel() on ptolemy.moml.MoMLSimpleApplication@594198
reloadAllAccessors: .TimeGap2

===========================================================================================
----------------- testing Sun Oct 20 06:05:22 UTC 2019 /home/travis/build/icyphy/ptII/ptolemy/actor/lib/test/auto/TimedSinewave.xml
----------------- Instantiating /home/travis/build/icyphy/ptII/ptolemy/actor/lib/test/auto/TimedSinewave.xml
25 ms. Memory: 350208K Free: 166294K (47%)
----------------- Invoking toplevel() on ptolemy.moml.MoMLSimpleApplication@5b45facd
----------------- Done invoking toplevel() on ptolemy.moml.MoMLSimpleApplication@5b45facd
reloadAllAccessors: .TimedSinewave

===========================================================================================
----------------- testing Sun Oct 20 06:05:22 UTC 2019 /home/travis/build/icyphy/ptII/ptolemy/actor/lib/test/auto/TimedSinewavePhase.xml
----------------- Instantiating /home/travis/build/icyphy/ptII/ptolemy/actor/lib/test/auto/TimedSinewavePhase.xml
9 ms. Memory: 350208K Free: 156568K (45%)
----------------- Invoking toplevel() on ptolemy.moml.MoMLSimpleApplication@5e85c1b3
----------------- Done invoking toplevel() on ptolemy.moml.MoMLSimpleApplication@5e85c1b3
reloadAllAccessors: .TimedSinewavePhase

===========================================================================================
----------------- testing Sun Oct 20 06:05:22 UTC 2019 /home/travis/build/icyphy/ptII/ptolemy/actor/lib/test/auto/Timer.xml
----------------- Instantiating /home/travis/build/icyphy/ptII/ptolemy/actor/lib/test/auto/Timer.xml
1 ms. Memory: 350208K Free: 150424K (43%)
----------------- Invoking toplevel() on ptolemy.moml.MoMLSimpleApplication@78a87bde
----------------- Done invoking toplevel() on ptolemy.moml.MoMLSimpleApplication@78a87bde
reloadAllAccessors: .Timer

===========================================================================================
----------------- testing Sun Oct 20 06:05:22 UTC 2019 /home/travis/build/icyphy/ptII/ptolemy/actor/lib/test/auto/TriangularDistTestModel.xml
----------------- Instantiating /home/travis/build/icyphy/ptII/ptolemy/actor/lib/test/auto/TriangularDistTestModel.xml
2 ms. Memory: 350208K Free: 144776K (41%)
----------------- Invoking toplevel() on ptolemy.moml.MoMLSimpleApplication@4817565
----------------- Done invoking toplevel() on ptolemy.moml.MoMLSimpleApplication@4817565
reloadAllAccessors: .TriangularDistTestModel

===========================================================================================
----------------- testing Sun Oct 20 06:05:22 UTC 2019 /home/travis/build/icyphy/ptII/ptolemy/actor/lib/test/auto/TrigFunction.xml
----------------- Instantiating /home/travis/build/icyphy/ptII/ptolemy/actor/lib/test/auto/TrigFunction.xml
1 ms. Memory: 350208K Free: 140184K (40%)
----------------- Invoking toplevel() on ptolemy.moml.MoMLSimpleApplication@4309fc7c
----------------- Done invoking toplevel() on ptolemy.moml.MoMLSimpleApplication@4309fc7c
reloadAllAccessors: .TrigFunction

===========================================================================================
----------------- testing Sun Oct 20 06:05:22 UTC 2019 /home/travis/build/icyphy/ptII/ptolemy/actor/lib/test/auto/TrigFunctionDE.xml
----------------- Instantiating /home/travis/build/icyphy/ptII/ptolemy/actor/lib/test/auto/TrigFunctionDE.xml
2 ms. Memory: 350208K Free: 134040K (38%)
----------------- Invoking toplevel() on ptolemy.moml.MoMLSimpleApplication@4f9245be
----------------- Done invoking toplevel() on ptolemy.moml.MoMLSimpleApplication@4f9245be
reloadAllAccessors: .TrigFunctionDE

===========================================================================================
----------------- testing Sun Oct 20 06:05:22 UTC 2019 /home/travis/build/icyphy/ptII/ptolemy/actor/lib/test/auto/TrigFunctionInverse.xml
----------------- Instantiating /home/travis/build/icyphy/ptII/ptolemy/actor/lib/test/auto/TrigFunctionInverse.xml
2 ms. Memory: 350208K Free: 128920K (37%)
----------------- Invoking toplevel() on ptolemy.moml.MoMLSimpleApplication@2d349a75
----------------- Done invoking toplevel() on ptolemy.moml.MoMLSimpleApplication@2d349a75
reloadAllAccessors: .TrigFunctionInverse

===========================================================================================
----------------- testing Sun Oct 20 06:05:22 UTC 2019 /home/travis/build/icyphy/ptII/ptolemy/actor/lib/test/auto/TrigFunctionTan.xml
----------------- Instantiating /home/travis/build/icyphy/ptII/ptolemy/actor/lib/test/auto/TrigFunctionTan.xml
2 ms. Memory: 350208K Free: 124310K (35%)
----------------- Invoking toplevel() on ptolemy.moml.MoMLSimpleApplication@69b8e41
----------------- Done invoking toplevel() on ptolemy.moml.MoMLSimpleApplication@69b8e41
reloadAllAccessors: .TrigFunctionTan

===========================================================================================
----------------- testing Sun Oct 20 06:05:22 UTC 2019 /home/travis/build/icyphy/ptII/ptolemy/actor/lib/test/auto/TriggeredClock.xml
----------------- Instantiating /home/travis/build/icyphy/ptII/ptolemy/actor/lib/test/auto/TriggeredClock.xml
1 ms. Memory: 350208K Free: 119672K (34%)
----------------- Invoking toplevel() on ptolemy.moml.MoMLSimpleApplication@5d6d44a3
----------------- Done invoking toplevel() on ptolemy.moml.MoMLSimpleApplication@5d6d44a3
reloadAllAccessors: .TriggeredClock

===========================================================================================
----------------- testing Sun Oct 20 06:05:22 UTC 2019 /home/travis/build/icyphy/ptII/ptolemy/actor/lib/test/auto/URLDirectoryReader.xml
----------------- Instantiating /home/travis/build/icyphy/ptII/ptolemy/actor/lib/test/auto/URLDirectoryReader.xml
31 ms. Memory: 350208K Free: 110488K (32%)
----------------- Invoking toplevel() on ptolemy.moml.MoMLSimpleApplication@419d27b8
----------------- Done invoking toplevel() on ptolemy.moml.MoMLSimpleApplication@419d27b8
reloadAllAccessors: .URLDirectoryReader

===========================================================================================
----------------- testing Sun Oct 20 06:05:23 UTC 2019 /home/travis/build/icyphy/ptII/ptolemy/actor/lib/test/auto/URLDirectoryReader3.xml
----------------- Instantiating /home/travis/build/icyphy/ptII/ptolemy/actor/lib/test/auto/URLDirectoryReader3.xml
1073 ms. Memory: 350208K Free: 291377K (83%)
----------------- Invoking toplevel() on ptolemy.moml.MoMLSimpleApplication@48d07259
----------------- Done invoking toplevel() on ptolemy.moml.MoMLSimpleApplication@48d07259
reloadAllAccessors: .URLDirectoryReader3

===========================================================================================
----------------- testing Sun Oct 20 06:05:24 UTC 2019 /home/travis/build/icyphy/ptII/ptolemy/actor/lib/test/auto/UnaryMathFunction.xml
----------------- Instantiating /home/travis/build/icyphy/ptII/ptolemy/actor/lib/test/auto/UnaryMathFunction.xml
4 ms. Memory: 350208K Free: 283549K (81%)
----------------- Invoking toplevel() on ptolemy.moml.MoMLSimpleApplication@70b24007
----------------- Done invoking toplevel() on ptolemy.moml.MoMLSimpleApplication@70b24007
reloadAllAccessors: .UnaryMathFunction

===========================================================================================
----------------- testing Sun Oct 20 06:05:24 UTC 2019 /home/travis/build/icyphy/ptII/ptolemy/actor/lib/test/auto/Uniform.xml
----------------- Instantiating /home/travis/build/icyphy/ptII/ptolemy/actor/lib/test/auto/Uniform.xml
4 ms. Memory: 350208K Free: 278429K (80%)
----------------- Invoking toplevel() on ptolemy.moml.MoMLSimpleApplication@52d4c0e2
----------------- Done invoking toplevel() on ptolemy.moml.MoMLSimpleApplication@52d4c0e2
reloadAllAccessors: .Uniform

===========================================================================================
----------------- testing Sun Oct 20 06:05:24 UTC 2019 /home/travis/build/icyphy/ptII/ptolemy/actor/lib/test/auto/UnionDisassemblerTest.xml
----------------- Instantiating /home/travis/build/icyphy/ptII/ptolemy/actor/lib/test/auto/UnionDisassemblerTest.xml
12 ms. Memory: 350208K Free: 274829K (78%)
----------------- Invoking toplevel() on ptolemy.moml.MoMLSimpleApplication@17446375
----------------- Done invoking toplevel() on ptolemy.moml.MoMLSimpleApplication@17446375
reloadAllAccessors: .UnionDisassemblerTest

===========================================================================================
----------------- testing Sun Oct 20 06:05:24 UTC 2019 /home/travis/build/icyphy/ptII/ptolemy/actor/lib/test/auto/UtilityFunctions.xml
----------------- Instantiating /home/travis/build/icyphy/ptII/ptolemy/actor/lib/test/auto/UtilityFunctions.xml
1 ms. Memory: 350208K Free: 271261K (77%)
----------------- Invoking toplevel() on ptolemy.moml.MoMLSimpleApplication@3e7025e
----------------- Done invoking toplevel() on ptolemy.moml.MoMLSimpleApplication@3e7025e
reloadAllAccessors: .UtilityFunctions

===========================================================================================
----------------- testing Sun Oct 20 06:05:24 UTC 2019 /home/travis/build/icyphy/ptII/ptolemy/actor/lib/test/auto/VariableSleep.xml
----------------- Instantiating /home/travis/build/icyphy/ptII/ptolemy/actor/lib/test/auto/VariableSleep.xml
503 ms. Memory: 350208K Free: 265627K (76%)
----------------- Invoking toplevel() on ptolemy.moml.MoMLSimpleApplication@5bd426d5
----------------- Done invoking toplevel() on ptolemy.moml.MoMLSimpleApplication@5bd426d5
reloadAllAccessors: .VariableSleep

===========================================================================================
----------------- testing Sun Oct 20 06:05:24 UTC 2019 /home/travis/build/icyphy/ptII/ptolemy/actor/lib/test/auto/VectorAssemblerDisassemblerCT.xml
----------------- Instantiating /home/travis/build/icyphy/ptII/ptolemy/actor/lib/test/auto/VectorAssemblerDisassemblerCT.xml
54 ms. Memory: 350208K Free: 245661K (70%)
----------------- Invoking toplevel() on ptolemy.moml.MoMLSimpleApplication@b4f6c12
----------------- Done invoking toplevel() on ptolemy.moml.MoMLSimpleApplication@b4f6c12
reloadAllAccessors: .VectorAssemblerDisassemblerCT

===========================================================================================
----------------- testing Sun Oct 20 06:05:25 UTC 2019 /home/travis/build/icyphy/ptII/ptolemy/actor/lib/test/auto/VectorAssemblerDisassemblerDE.xml
----------------- Instantiating /home/travis/build/icyphy/ptII/ptolemy/actor/lib/test/auto/VectorAssemblerDisassemblerDE.xml
3 ms. Memory: 350208K Free: 237979K (68%)
----------------- Invoking toplevel() on ptolemy.moml.MoMLSimpleApplication@353564ad
----------------- Done invoking toplevel() on ptolemy.moml.MoMLSimpleApplication@353564ad
reloadAllAccessors: .VectorAssemblerDisassemblerDE

===========================================================================================
----------------- testing Sun Oct 20 06:05:25 UTC 2019 /home/travis/build/icyphy/ptII/ptolemy/actor/lib/test/auto/VectorAssemblerDisassemblerSDF.xml
----------------- Instantiating /home/travis/build/icyphy/ptII/ptolemy/actor/lib/test/auto/VectorAssemblerDisassemblerSDF.xml
2 ms. Memory: 350208K Free: 231325K (66%)
----------------- Invoking toplevel() on ptolemy.moml.MoMLSimpleApplication@374dfef1
----------------- Done invoking toplevel() on ptolemy.moml.MoMLSimpleApplication@374dfef1
reloadAllAccessors: .VectorAssemblerDisassemblerSDF

===========================================================================================
----------------- testing Sun Oct 20 06:05:25 UTC 2019 /home/travis/build/icyphy/ptII/ptolemy/actor/lib/test/auto/WallClockTime.xml
----------------- Instantiating /home/travis/build/icyphy/ptII/ptolemy/actor/lib/test/auto/WallClockTime.xml
1005 ms. Memory: 350208K Free: 226205K (65%)
----------------- Invoking toplevel() on ptolemy.moml.MoMLSimpleApplication@2e548030
----------------- Done invoking toplevel() on ptolemy.moml.MoMLSimpleApplication@2e548030
reloadAllAccessors: .WallClockTime

===========================================================================================
----------------- testing Sun Oct 20 06:05:26 UTC 2019 /home/travis/build/icyphy/ptII/ptolemy/actor/lib/test/auto/WidthTestWithSubscriberPublisher.xml
----------------- Instantiating /home/travis/build/icyphy/ptII/ptolemy/actor/lib/test/auto/WidthTestWithSubscriberPublisher.xml
8 ms. Memory: 350208K Free: 207773K (59%)
----------------- Invoking toplevel() on ptolemy.moml.MoMLSimpleApplication@29c09319
----------------- Done invoking toplevel() on ptolemy.moml.MoMLSimpleApplication@29c09319
reloadAllAccessors: .WidthTestWithSubscriberPublisher

===========================================================================================
----------------- testing Sun Oct 20 06:05:26 UTC 2019 /home/travis/build/icyphy/ptII/ptolemy/actor/lib/test/auto/WidthTestWithSubscriberPublisher2.xml
----------------- Instantiating /home/travis/build/icyphy/ptII/ptolemy/actor/lib/test/auto/WidthTestWithSubscriberPublisher2.xml
2 ms. Memory: 350208K Free: 201629K (58%)
----------------- Invoking toplevel() on ptolemy.moml.MoMLSimpleApplication@30225e9c
----------------- Done invoking toplevel() on ptolemy.moml.MoMLSimpleApplication@30225e9c
reloadAllAccessors: .WidthTestWithSubscriberPublisher2

===========================================================================================
----------------- testing Sun Oct 20 06:05:26 UTC 2019 /home/travis/build/icyphy/ptII/ptolemy/actor/lib/test/auto/WidthTestWithSubscriberPublisher3.xml
----------------- Instantiating /home/travis/build/icyphy/ptII/ptolemy/actor/lib/test/auto/WidthTestWithSubscriberPublisher3.xml
1 ms. Memory: 350208K Free: 195995K (56%)
----------------- Invoking toplevel() on ptolemy.moml.MoMLSimpleApplication@772b7220
----------------- Done invoking toplevel() on ptolemy.moml.MoMLSimpleApplication@772b7220
reloadAllAccessors: .WidthTestWithSubscriberPublisher3

===========================================================================================
----------------- testing Sun Oct 20 06:05:26 UTC 2019 /home/travis/build/icyphy/ptII/ptolemy/actor/lib/test/auto/Writer.xml
----------------- Instantiating /home/travis/build/icyphy/ptII/ptolemy/actor/lib/test/auto/Writer.xml
0
1
2
3
4
1 ms. Memory: 350208K Free: 191389K (55%)
----------------- Invoking toplevel() on ptolemy.moml.MoMLSimpleApplication@58d96974
----------------- Done invoking toplevel() on ptolemy.moml.MoMLSimpleApplication@58d96974
reloadAllAccessors: .Writer

===========================================================================================
----------------- testing Sun Oct 20 06:05:26 UTC 2019 /home/travis/build/icyphy/ptII/ptolemy/actor/lib/test/auto/array.xml
----------------- Instantiating /home/travis/build/icyphy/ptII/ptolemy/actor/lib/test/auto/array.xml
1 ms. Memory: 350208K Free: 186779K (53%)
----------------- Invoking toplevel() on ptolemy.moml.MoMLSimpleApplication@6b7f7ba1
----------------- Done invoking toplevel() on ptolemy.moml.MoMLSimpleApplication@6b7f7ba1
reloadAllAccessors: .array

===========================================================================================
----------------- testing Sun Oct 20 06:05:26 UTC 2019 /home/travis/build/icyphy/ptII/ptolemy/actor/lib/test/auto/array2.xml
----------------- Instantiating /home/travis/build/icyphy/ptII/ptolemy/actor/lib/test/auto/array2.xml
5 ms. Memory: 350208K Free: 181645K (52%)
----------------- Invoking toplevel() on ptolemy.moml.MoMLSimpleApplication@1ede2857
----------------- Done invoking toplevel() on ptolemy.moml.MoMLSimpleApplication@1ede2857
reloadAllAccessors: .array2

===========================================================================================
----------------- testing Sun Oct 20 06:05:26 UTC 2019 /home/travis/build/icyphy/ptII/ptolemy/actor/lib/test/auto/arrayType.xml
----------------- Instantiating /home/travis/build/icyphy/ptII/ptolemy/actor/lib/test/auto/arrayType.xml
1 ms. Memory: 350208K Free: 176029K (50%)
----------------- Invoking toplevel() on ptolemy.moml.MoMLSimpleApplication@548d87a
----------------- Done invoking toplevel() on ptolemy.moml.MoMLSimpleApplication@548d87a
reloadAllAccessors: .arrayType

===========================================================================================
----------------- testing Sun Oct 20 06:05:26 UTC 2019 /home/travis/build/icyphy/ptII/ptolemy/actor/lib/test/auto/arrayType10.xml
----------------- Instantiating /home/travis/build/icyphy/ptII/ptolemy/actor/lib/test/auto/arrayType10.xml
2 ms. Memory: 350208K Free: 171419K (49%)
----------------- Invoking toplevel() on ptolemy.moml.MoMLSimpleApplication@253d6879
----------------- Done invoking toplevel() on ptolemy.moml.MoMLSimpleApplication@253d6879
reloadAllAccessors: .arrayType10

===========================================================================================
----------------- testing Sun Oct 20 06:05:26 UTC 2019 /home/travis/build/icyphy/ptII/ptolemy/actor/lib/test/auto/arrayType11.xml
----------------- Instantiating /home/travis/build/icyphy/ptII/ptolemy/actor/lib/test/auto/arrayType11.xml
1 ms. Memory: 350208K Free: 166299K (47%)
----------------- Invoking toplevel() on ptolemy.moml.MoMLSimpleApplication@1fa059f9
----------------- Done invoking toplevel() on ptolemy.moml.MoMLSimpleApplication@1fa059f9
reloadAllAccessors: .arrayType11

===========================================================================================
----------------- testing Sun Oct 20 06:05:26 UTC 2019 /home/travis/build/icyphy/ptII/ptolemy/actor/lib/test/auto/arrayType12.xml
----------------- Instantiating /home/travis/build/icyphy/ptII/ptolemy/actor/lib/test/auto/arrayType12.xml
3 ms. Memory: 350208K Free: 161693K (46%)
----------------- Invoking toplevel() on ptolemy.moml.MoMLSimpleApplication@30b5916b
----------------- Done invoking toplevel() on ptolemy.moml.MoMLSimpleApplication@30b5916b
reloadAllAccessors: .arrayType12

===========================================================================================
----------------- testing Sun Oct 20 06:05:26 UTC 2019 /home/travis/build/icyphy/ptII/ptolemy/actor/lib/test/auto/arrayType13.xml
----------------- Instantiating /home/travis/build/icyphy/ptII/ptolemy/actor/lib/test/auto/arrayType13.xml
1 ms. Memory: 350208K Free: 156573K (45%)
----------------- Invoking toplevel() on ptolemy.moml.MoMLSimpleApplication@da0ad8b
----------------- Done invoking toplevel() on ptolemy.moml.MoMLSimpleApplication@da0ad8b
reloadAllAccessors: .arrayType13

===========================================================================================
----------------- testing Sun Oct 20 06:05:26 UTC 2019 /home/travis/build/icyphy/ptII/ptolemy/actor/lib/test/auto/arrayType14.xml
----------------- Instantiating /home/travis/build/icyphy/ptII/ptolemy/actor/lib/test/auto/arrayType14.xml
2 ms. Memory: 350208K Free: 150939K (43%)
----------------- Invoking toplevel() on ptolemy.moml.MoMLSimpleApplication@5d4c87c0
----------------- Done invoking toplevel() on ptolemy.moml.MoMLSimpleApplication@5d4c87c0
reloadAllAccessors: .arrayType14

===========================================================================================
----------------- testing Sun Oct 20 06:05:26 UTC 2019 /home/travis/build/icyphy/ptII/ptolemy/actor/lib/test/auto/arrayType15.xml
----------------- Instantiating /home/travis/build/icyphy/ptII/ptolemy/actor/lib/test/auto/arrayType15.xml
3 ms. Memory: 350208K Free: 145819K (42%)
----------------- Invoking toplevel() on ptolemy.moml.MoMLSimpleApplication@2504cf5a
----------------- Done invoking toplevel() on ptolemy.moml.MoMLSimpleApplication@2504cf5a
reloadAllAccessors: .arrayType15

===========================================================================================
----------------- testing Sun Oct 20 06:05:26 UTC 2019 /home/travis/build/icyphy/ptII/ptolemy/actor/lib/test/auto/arrayType16.xml
----------------- Instantiating /home/travis/build/icyphy/ptII/ptolemy/actor/lib/test/auto/arrayType16.xml
2 ms. Memory: 350208K Free: 140189K (40%)
----------------- Invoking toplevel() on ptolemy.moml.MoMLSimpleApplication@42fe3009
----------------- Done invoking toplevel() on ptolemy.moml.MoMLSimpleApplication@42fe3009
reloadAllAccessors: .arrayType16

===========================================================================================
----------------- testing Sun Oct 20 06:05:26 UTC 2019 /home/travis/build/icyphy/ptII/ptolemy/actor/lib/test/auto/arrayType17.xml
----------------- Instantiating /home/travis/build/icyphy/ptII/ptolemy/actor/lib/test/auto/arrayType17.xml
1 ms. Memory: 350208K Free: 135069K (39%)
----------------- Invoking toplevel() on ptolemy.moml.MoMLSimpleApplication@258e1237
----------------- Done invoking toplevel() on ptolemy.moml.MoMLSimpleApplication@258e1237
reloadAllAccessors: .arrayType17

===========================================================================================
----------------- testing Sun Oct 20 06:05:26 UTC 2019 /home/travis/build/icyphy/ptII/ptolemy/actor/lib/test/auto/arrayType18.xml
----------------- Instantiating /home/travis/build/icyphy/ptII/ptolemy/actor/lib/test/auto/arrayType18.xml
1 ms. Memory: 350208K Free: 130459K (37%)
----------------- Invoking toplevel() on ptolemy.moml.MoMLSimpleApplication@946a7f7
----------------- Done invoking toplevel() on ptolemy.moml.MoMLSimpleApplication@946a7f7
reloadAllAccessors: .arrayType18

===========================================================================================
----------------- testing Sun Oct 20 06:05:26 UTC 2019 /home/travis/build/icyphy/ptII/ptolemy/actor/lib/test/auto/arrayType19.xml
----------------- Instantiating /home/travis/build/icyphy/ptII/ptolemy/actor/lib/test/auto/arrayType19.xml
1 ms. Memory: 350208K Free: 125339K (36%)
----------------- Invoking toplevel() on ptolemy.moml.MoMLSimpleApplication@56eaac0b
----------------- Done invoking toplevel() on ptolemy.moml.MoMLSimpleApplication@56eaac0b
reloadAllAccessors: .arrayType19

===========================================================================================
----------------- testing Sun Oct 20 06:05:26 UTC 2019 /home/travis/build/icyphy/ptII/ptolemy/actor/lib/test/auto/arrayType2.xml
----------------- Instantiating /home/travis/build/icyphy/ptII/ptolemy/actor/lib/test/auto/arrayType2.xml
1 ms. Memory: 350208K Free: 120219K (34%)
----------------- Invoking toplevel() on ptolemy.moml.MoMLSimpleApplication@9fc368b
----------------- Done invoking toplevel() on ptolemy.moml.MoMLSimpleApplication@9fc368b
reloadAllAccessors: .arrayType2

===========================================================================================
----------------- testing Sun Oct 20 06:05:26 UTC 2019 /home/travis/build/icyphy/ptII/ptolemy/actor/lib/test/auto/arrayType20.xml
----------------- Instantiating /home/travis/build/icyphy/ptII/ptolemy/actor/lib/test/auto/arrayType20.xml
2 ms. Memory: 350208K Free: 115099K (33%)
----------------- Invoking toplevel() on ptolemy.moml.MoMLSimpleApplication@40b3c7ff
----------------- Done invoking toplevel() on ptolemy.moml.MoMLSimpleApplication@40b3c7ff
reloadAllAccessors: .arrayType20

===========================================================================================
----------------- testing Sun Oct 20 06:05:26 UTC 2019 /home/travis/build/icyphy/ptII/ptolemy/actor/lib/test/auto/arrayType21.xml
----------------- Instantiating /home/travis/build/icyphy/ptII/ptolemy/actor/lib/test/auto/arrayType21.xml
1 ms. Memory: 350208K Free: 110493K (32%)
----------------- Invoking toplevel() on ptolemy.moml.MoMLSimpleApplication@64fe6ede
----------------- Done invoking toplevel() on ptolemy.moml.MoMLSimpleApplication@64fe6ede
reloadAllAccessors: .arrayType21

===========================================================================================
----------------- testing Sun Oct 20 06:05:26 UTC 2019 /home/travis/build/icyphy/ptII/ptolemy/actor/lib/test/auto/arrayType22.xml
----------------- Instantiating /home/travis/build/icyphy/ptII/ptolemy/actor/lib/test/auto/arrayType22.xml
1 ms. Memory: 350208K Free: 105883K (30%)
----------------- Invoking toplevel() on ptolemy.moml.MoMLSimpleApplication@79f09b3
----------------- Done invoking toplevel() on ptolemy.moml.MoMLSimpleApplication@79f09b3
reloadAllAccessors: .arrayType22

===========================================================================================
----------------- testing Sun Oct 20 06:05:26 UTC 2019 /home/travis/build/icyphy/ptII/ptolemy/actor/lib/test/auto/arrayType23.xml
----------------- Instantiating /home/travis/build/icyphy/ptII/ptolemy/actor/lib/test/auto/arrayType23.xml
1 ms. Memory: 350208K Free: 100763K (29%)
----------------- Invoking toplevel() on ptolemy.moml.MoMLSimpleApplication@5eb0b7d4
----------------- Done invoking toplevel() on ptolemy.moml.MoMLSimpleApplication@5eb0b7d4
reloadAllAccessors: .arrayType23

===========================================================================================
----------------- testing Sun Oct 20 06:05:26 UTC 2019 /home/travis/build/icyphy/ptII/ptolemy/actor/lib/test/auto/arrayType24.xml
----------------- Instantiating /home/travis/build/icyphy/ptII/ptolemy/actor/lib/test/auto/arrayType24.xml
2 ms. Memory: 350208K Free: 96157K (27%)
----------------- Invoking toplevel() on ptolemy.moml.MoMLSimpleApplication@6c25d3a0
----------------- Done invoking toplevel() on ptolemy.moml.MoMLSimpleApplication@6c25d3a0
reloadAllAccessors: .arrayType24

===========================================================================================
----------------- testing Sun Oct 20 06:05:26 UTC 2019 /home/travis/build/icyphy/ptII/ptolemy/actor/lib/test/auto/arrayType25.xml
----------------- Instantiating /home/travis/build/icyphy/ptII/ptolemy/actor/lib/test/auto/arrayType25.xml
2 ms. Memory: 350208K Free: 295388K (84%)
----------------- Invoking toplevel() on ptolemy.moml.MoMLSimpleApplication@212af82f
----------------- Done invoking toplevel() on ptolemy.moml.MoMLSimpleApplication@212af82f
reloadAllAccessors: .arrayType25

===========================================================================================
----------------- testing Sun Oct 20 06:05:26 UTC 2019 /home/travis/build/icyphy/ptII/ptolemy/actor/lib/test/auto/arrayType26.xml
----------------- Instantiating /home/travis/build/icyphy/ptII/ptolemy/actor/lib/test/auto/arrayType26.xml
2 ms. Memory: 350208K Free: 289244K (83%)
----------------- Invoking toplevel() on ptolemy.moml.MoMLSimpleApplication@6deac4e0
----------------- Done invoking toplevel() on ptolemy.moml.MoMLSimpleApplication@6deac4e0
reloadAllAccessors: .arrayType26

===========================================================================================
----------------- testing Sun Oct 20 06:05:26 UTC 2019 /home/travis/build/icyphy/ptII/ptolemy/actor/lib/test/auto/arrayType27.xml
----------------- Instantiating /home/travis/build/icyphy/ptII/ptolemy/actor/lib/test/auto/arrayType27.xml
1 ms. Memory: 350208K Free: 284124K (81%)
----------------- Invoking toplevel() on ptolemy.moml.MoMLSimpleApplication@43bc3b8c
----------------- Done invoking toplevel() on ptolemy.moml.MoMLSimpleApplication@43bc3b8c
reloadAllAccessors: .arrayType27

===========================================================================================
----------------- testing Sun Oct 20 06:05:26 UTC 2019 /home/travis/build/icyphy/ptII/ptolemy/actor/lib/test/auto/arrayType28.xml
----------------- Instantiating /home/travis/build/icyphy/ptII/ptolemy/actor/lib/test/auto/arrayType28.xml
1 ms. Memory: 350208K Free: 278494K (80%)
----------------- Invoking toplevel() on ptolemy.moml.MoMLSimpleApplication@20a953fd
----------------- Done invoking toplevel() on ptolemy.moml.MoMLSimpleApplication@20a953fd
reloadAllAccessors: .arrayType28

===========================================================================================
----------------- testing Sun Oct 20 06:05:26 UTC 2019 /home/travis/build/icyphy/ptII/ptolemy/actor/lib/test/auto/arrayType3.xml
----------------- Instantiating /home/travis/build/icyphy/ptII/ptolemy/actor/lib/test/auto/arrayType3.xml
29 ms. Memory: 350208K Free: 273374K (78%)
----------------- Invoking toplevel() on ptolemy.moml.MoMLSimpleApplication@6f965556
----------------- Done invoking toplevel() on ptolemy.moml.MoMLSimpleApplication@6f965556
reloadAllAccessors: .arrayType3

===========================================================================================
----------------- testing Sun Oct 20 06:05:26 UTC 2019 /home/travis/build/icyphy/ptII/ptolemy/actor/lib/test/auto/arrayType4.xml
----------------- Instantiating /home/travis/build/icyphy/ptII/ptolemy/actor/lib/test/auto/arrayType4.xml
2 ms. Memory: 350208K Free: 267740K (76%)
----------------- Invoking toplevel() on ptolemy.moml.MoMLSimpleApplication@d4dbec1
----------------- Done invoking toplevel() on ptolemy.moml.MoMLSimpleApplication@d4dbec1
reloadAllAccessors: .arrayType4

===========================================================================================
----------------- testing Sun Oct 20 06:05:26 UTC 2019 /home/travis/build/icyphy/ptII/ptolemy/actor/lib/test/auto/arrayType5.xml
----------------- Instantiating /home/travis/build/icyphy/ptII/ptolemy/actor/lib/test/auto/arrayType5.xml
1 ms. Memory: 350208K Free: 262620K (75%)
----------------- Invoking toplevel() on ptolemy.moml.MoMLSimpleApplication@78ec74a6
----------------- Done invoking toplevel() on ptolemy.moml.MoMLSimpleApplication@78ec74a6
reloadAllAccessors: .arrayType5

===========================================================================================
----------------- testing Sun Oct 20 06:05:26 UTC 2019 /home/travis/build/icyphy/ptII/ptolemy/actor/lib/test/auto/arrayType6.xml
----------------- Instantiating /home/travis/build/icyphy/ptII/ptolemy/actor/lib/test/auto/arrayType6.xml
4 ms. Memory: 350208K Free: 257500K (74%)
----------------- Invoking toplevel() on ptolemy.moml.MoMLSimpleApplication@53cc8053
----------------- Done invoking toplevel() on ptolemy.moml.MoMLSimpleApplication@53cc8053
reloadAllAccessors: .arrayType6

===========================================================================================
----------------- testing Sun Oct 20 06:05:26 UTC 2019 /home/travis/build/icyphy/ptII/ptolemy/actor/lib/test/auto/arrayType7.xml
----------------- Instantiating /home/travis/build/icyphy/ptII/ptolemy/actor/lib/test/auto/arrayType7.xml
1 ms. Memory: 350208K Free: 252894K (72%)
----------------- Invoking toplevel() on ptolemy.moml.MoMLSimpleApplication@2a0ab595
----------------- Done invoking toplevel() on ptolemy.moml.MoMLSimpleApplication@2a0ab595
reloadAllAccessors: .arrayType7

===========================================================================================
----------------- testing Sun Oct 20 06:05:26 UTC 2019 /home/travis/build/icyphy/ptII/ptolemy/actor/lib/test/auto/arrayType8.xml
----------------- Instantiating /home/travis/build/icyphy/ptII/ptolemy/actor/lib/test/auto/arrayType8.xml
2 ms. Memory: 350208K Free: 248284K (71%)
----------------- Invoking toplevel() on ptolemy.moml.MoMLSimpleApplication@594c1c1c
----------------- Done invoking toplevel() on ptolemy.moml.MoMLSimpleApplication@594c1c1c
reloadAllAccessors: .arrayType8

===========================================================================================
----------------- testing Sun Oct 20 06:05:26 UTC 2019 /home/travis/build/icyphy/ptII/ptolemy/actor/lib/test/auto/arrayType9.xml
----------------- Instantiating /home/travis/build/icyphy/ptII/ptolemy/actor/lib/test/auto/arrayType9.xml
8 ms. Memory: 350208K Free: 243164K (69%)
----------------- Invoking toplevel() on ptolemy.moml.MoMLSimpleApplication@4d5e6bf5
----------------- Done invoking toplevel() on ptolemy.moml.MoMLSimpleApplication@4d5e6bf5
reloadAllAccessors: .arrayType9

===========================================================================================
----------------- testing Sun Oct 20 06:05:26 UTC 2019 /home/travis/build/icyphy/ptII/ptolemy/actor/lib/test/auto/cast.xml
----------------- Instantiating /home/travis/build/icyphy/ptII/ptolemy/actor/lib/test/auto/cast.xml
2 ms. Memory: 350208K Free: 238558K (68%)
----------------- Invoking toplevel() on ptolemy.moml.MoMLSimpleApplication@24a11f78
----------------- Done invoking toplevel() on ptolemy.moml.MoMLSimpleApplication@24a11f78
reloadAllAccessors: .cast

===========================================================================================
----------------- testing Sun Oct 20 06:05:26 UTC 2019 /home/travis/build/icyphy/ptII/ptolemy/actor/lib/test/auto/compositeMultiPort.xml
----------------- Instantiating /home/travis/build/icyphy/ptII/ptolemy/actor/lib/test/auto/compositeMultiPort.xml
3 ms. Memory: 350208K Free: 229342K (65%)
----------------- Invoking toplevel() on ptolemy.moml.MoMLSimpleApplication@6c76a153
----------------- Done invoking toplevel() on ptolemy.moml.MoMLSimpleApplication@6c76a153
reloadAllAccessors: .compositeMultiPort

===========================================================================================
----------------- testing Sun Oct 20 06:05:26 UTC 2019 /home/travis/build/icyphy/ptII/ptolemy/actor/lib/test/auto/expressionCastInference.xml
----------------- Instantiating /home/travis/build/icyphy/ptII/ptolemy/actor/lib/test/auto/expressionCastInference.xml
2 ms. Memory: 350208K Free: 224732K (64%)
----------------- Invoking toplevel() on ptolemy.moml.MoMLSimpleApplication@69d9e2ed
----------------- Done invoking toplevel() on ptolemy.moml.MoMLSimpleApplication@69d9e2ed
reloadAllAccessors: .expressionCastInference

===========================================================================================
----------------- testing Sun Oct 20 06:05:26 UTC 2019 /home/travis/build/icyphy/ptII/ptolemy/actor/lib/test/auto/expressionCastInference2.xml
----------------- Instantiating /home/travis/build/icyphy/ptII/ptolemy/actor/lib/test/auto/expressionCastInference2.xml
2 ms. Memory: 350208K Free: 219612K (63%)
----------------- Invoking toplevel() on ptolemy.moml.MoMLSimpleApplication@1249e52c
----------------- Done invoking toplevel() on ptolemy.moml.MoMLSimpleApplication@1249e52c
reloadAllAccessors: .expressionCastInference2

===========================================================================================
----------------- testing Sun Oct 20 06:05:26 UTC 2019 /home/travis/build/icyphy/ptII/ptolemy/actor/lib/test/auto/expressionInference.xml
----------------- Instantiating /home/travis/build/icyphy/ptII/ptolemy/actor/lib/test/auto/expressionInference.xml
1 ms. Memory: 350208K Free: 215516K (62%)
----------------- Invoking toplevel() on ptolemy.moml.MoMLSimpleApplication@40864023
----------------- Done invoking toplevel() on ptolemy.moml.MoMLSimpleApplication@40864023
reloadAllAccessors: .expressionInference

===========================================================================================
----------------- testing Sun Oct 20 06:05:26 UTC 2019 /home/travis/build/icyphy/ptII/ptolemy/actor/lib/test/auto/expression_bug.xml
----------------- Instantiating /home/travis/build/icyphy/ptII/ptolemy/actor/lib/test/auto/expression_bug.xml
2 ms. Memory: 350208K Free: 210910K (60%)
----------------- Invoking toplevel() on ptolemy.moml.MoMLSimpleApplication@11e63a
----------------- Done invoking toplevel() on ptolemy.moml.MoMLSimpleApplication@11e63a
reloadAllAccessors: .expression_bug

===========================================================================================
----------------- testing Sun Oct 20 06:05:26 UTC 2019 /home/travis/build/icyphy/ptII/ptolemy/actor/lib/test/auto/factorial.xml
----------------- Instantiating /home/travis/build/icyphy/ptII/ptolemy/actor/lib/test/auto/factorial.xml
41 ms. Memory: 350208K Free: 202718K (58%)
----------------- Invoking toplevel() on ptolemy.moml.MoMLSimpleApplication@2c8e48ac
----------------- Done invoking toplevel() on ptolemy.moml.MoMLSimpleApplication@2c8e48ac
reloadAllAccessors: .factorial

===========================================================================================
----------------- testing Sun Oct 20 06:05:26 UTC 2019 /home/travis/build/icyphy/ptII/ptolemy/actor/lib/test/auto/filterTest1.xml
----------------- Instantiating /home/travis/build/icyphy/ptII/ptolemy/actor/lib/test/auto/filterTest1.xml
3 ms. Memory: 350208K Free: 196574K (56%)
----------------- Invoking toplevel() on ptolemy.moml.MoMLSimpleApplication@614d2634
----------------- Done invoking toplevel() on ptolemy.moml.MoMLSimpleApplication@614d2634
reloadAllAccessors: .filterTest1

===========================================================================================
----------------- testing Sun Oct 20 06:05:26 UTC 2019 /home/travis/build/icyphy/ptII/ptolemy/actor/lib/test/auto/funcApplyInConst.xml
----------------- Instantiating /home/travis/build/icyphy/ptII/ptolemy/actor/lib/test/auto/funcApplyInConst.xml
1 ms. Memory: 350208K Free: 192988K (55%)
----------------- Invoking toplevel() on ptolemy.moml.MoMLSimpleApplication@3b78f5c2
----------------- Done invoking toplevel() on ptolemy.moml.MoMLSimpleApplication@3b78f5c2
reloadAllAccessors: .funcApplyInConst

===========================================================================================
----------------- testing Sun Oct 20 06:05:26 UTC 2019 /home/travis/build/icyphy/ptII/ptolemy/actor/lib/test/auto/funcApplyInExpr.xml
----------------- Instantiating /home/travis/build/icyphy/ptII/ptolemy/actor/lib/test/auto/funcApplyInExpr.xml
1 ms. Memory: 350208K Free: 188892K (54%)
----------------- Invoking toplevel() on ptolemy.moml.MoMLSimpleApplication@29cf82e2
----------------- Done invoking toplevel() on ptolemy.moml.MoMLSimpleApplication@29cf82e2
reloadAllAccessors: .funcApplyInExpr

===========================================================================================
----------------- testing Sun Oct 20 06:05:26 UTC 2019 /home/travis/build/icyphy/ptII/ptolemy/actor/lib/test/auto/function.xml
----------------- Instantiating /home/travis/build/icyphy/ptII/ptolemy/actor/lib/test/auto/function.xml
2 ms. Memory: 350208K Free: 184286K (53%)
----------------- Invoking toplevel() on ptolemy.moml.MoMLSimpleApplication@2ed20d96
----------------- Done invoking toplevel() on ptolemy.moml.MoMLSimpleApplication@2ed20d96
reloadAllAccessors: .function

===========================================================================================
----------------- testing Sun Oct 20 06:05:27 UTC 2019 /home/travis/build/icyphy/ptII/ptolemy/actor/lib/test/auto/function2.xml
----------------- Instantiating /home/travis/build/icyphy/ptII/ptolemy/actor/lib/test/auto/function2.xml
3 ms. Memory: 350208K Free: 179166K (51%)
----------------- Invoking toplevel() on ptolemy.moml.MoMLSimpleApplication@7debdfc9
----------------- Done invoking toplevel() on ptolemy.moml.MoMLSimpleApplication@7debdfc9
reloadAllAccessors: .function2

===========================================================================================
----------------- testing Sun Oct 20 06:05:27 UTC 2019 /home/travis/build/icyphy/ptII/ptolemy/actor/lib/test/auto/function3.xml
----------------- Instantiating /home/travis/build/icyphy/ptII/ptolemy/actor/lib/test/auto/function3.xml
1 ms. Memory: 350208K Free: 175580K (50%)
----------------- Invoking toplevel() on ptolemy.moml.MoMLSimpleApplication@181eedd
----------------- Done invoking toplevel() on ptolemy.moml.MoMLSimpleApplication@181eedd
reloadAllAccessors: .function3

===========================================================================================
----------------- testing Sun Oct 20 06:05:27 UTC 2019 /home/travis/build/icyphy/ptII/ptolemy/actor/lib/test/auto/functionClosureTest1.xml
----------------- Instantiating /home/travis/build/icyphy/ptII/ptolemy/actor/lib/test/auto/functionClosureTest1.xml
2 ms. Memory: 350208K Free: 169436K (48%)
----------------- Invoking toplevel() on ptolemy.moml.MoMLSimpleApplication@64f58fd2
----------------- Done invoking toplevel() on ptolemy.moml.MoMLSimpleApplication@64f58fd2
reloadAllAccessors: .functionClosureTest1

===========================================================================================
----------------- testing Sun Oct 20 06:05:27 UTC 2019 /home/travis/build/icyphy/ptII/ptolemy/actor/lib/test/auto/functionClosureTest2.xml
----------------- Instantiating /home/travis/build/icyphy/ptII/ptolemy/actor/lib/test/auto/functionClosureTest2.xml
2 ms. Memory: 350208K Free: 165854K (47%)
----------------- Invoking toplevel() on ptolemy.moml.MoMLSimpleApplication@6a90a2ac
----------------- Done invoking toplevel() on ptolemy.moml.MoMLSimpleApplication@6a90a2ac
reloadAllAccessors: .functionClosureTest2

===========================================================================================
----------------- testing Sun Oct 20 06:05:27 UTC 2019 /home/travis/build/icyphy/ptII/ptolemy/actor/lib/test/auto/functionClosureTest3.xml
----------------- Instantiating /home/travis/build/icyphy/ptII/ptolemy/actor/lib/test/auto/functionClosureTest3.xml
2 ms. Memory: 350208K Free: 160220K (46%)
----------------- Invoking toplevel() on ptolemy.moml.MoMLSimpleApplication@69794f20
----------------- Done invoking toplevel() on ptolemy.moml.MoMLSimpleApplication@69794f20
reloadAllAccessors: .functionClosureTest3

===========================================================================================
----------------- testing Sun Oct 20 06:05:27 UTC 2019 /home/travis/build/icyphy/ptII/ptolemy/actor/lib/test/auto/functionClosureTest4.xml
----------------- Instantiating /home/travis/build/icyphy/ptII/ptolemy/actor/lib/test/auto/functionClosureTest4.xml
3 ms. Memory: 350208K Free: 154076K (44%)
----------------- Invoking toplevel() on ptolemy.moml.MoMLSimpleApplication@26071d74
----------------- Done invoking toplevel() on ptolemy.moml.MoMLSimpleApplication@26071d74
reloadAllAccessors: .functionClosureTest4

===========================================================================================
----------------- testing Sun Oct 20 06:05:27 UTC 2019 /home/travis/build/icyphy/ptII/ptolemy/actor/lib/test/auto/functionClosureTest5.xml
----------------- Instantiating /home/travis/build/icyphy/ptII/ptolemy/actor/lib/test/auto/functionClosureTest5.xml
3 ms. Memory: 350208K Free: 148446K (42%)
----------------- Invoking toplevel() on ptolemy.moml.MoMLSimpleApplication@27f05be
----------------- Done invoking toplevel() on ptolemy.moml.MoMLSimpleApplication@27f05be
reloadAllAccessors: .functionClosureTest5

===========================================================================================
----------------- testing Sun Oct 20 06:05:27 UTC 2019 /home/travis/build/icyphy/ptII/ptolemy/actor/lib/test/auto/functionClosureTest6.xml
----------------- Instantiating /home/travis/build/icyphy/ptII/ptolemy/actor/lib/test/auto/functionClosureTest6.xml
2 ms. Memory: 350208K Free: 143836K (41%)
----------------- Invoking toplevel() on ptolemy.moml.MoMLSimpleApplication@1408ae2d
----------------- Done invoking toplevel() on ptolemy.moml.MoMLSimpleApplication@1408ae2d
reloadAllAccessors: .functionClosureTest6

===========================================================================================
----------------- testing Sun Oct 20 06:05:27 UTC 2019 /home/travis/build/icyphy/ptII/ptolemy/actor/lib/test/auto/functionsOnArcs.xml
----------------- Instantiating /home/travis/build/icyphy/ptII/ptolemy/actor/lib/test/auto/functionsOnArcs.xml
1 ms. Memory: 350208K Free: 138206K (39%)
----------------- Invoking toplevel() on ptolemy.moml.MoMLSimpleApplication@d71ef89
----------------- Done invoking toplevel() on ptolemy.moml.MoMLSimpleApplication@d71ef89
reloadAllAccessors: .functionsOnArcs

===========================================================================================
----------------- testing Sun Oct 20 06:05:27 UTC 2019 /home/travis/build/icyphy/ptII/ptolemy/actor/lib/test/auto/functionsOnArcsHOF.xml
----------------- Instantiating /home/travis/build/icyphy/ptII/ptolemy/actor/lib/test/auto/functionsOnArcsHOF.xml
6 ms. Memory: 350208K Free: 132572K (38%)
----------------- Invoking toplevel() on ptolemy.moml.MoMLSimpleApplication@188e4ba
----------------- Done invoking toplevel() on ptolemy.moml.MoMLSimpleApplication@188e4ba
reloadAllAccessors: .functionsOnArcsHOF

===========================================================================================
----------------- testing Sun Oct 20 06:05:27 UTC 2019 /home/travis/build/icyphy/ptII/ptolemy/actor/lib/test/auto/logic.xml
----------------- Instantiating /home/travis/build/icyphy/ptII/ptolemy/actor/lib/test/auto/logic.xml
5 ms. Memory: 350208K Free: 124894K (36%)
----------------- Invoking toplevel() on ptolemy.moml.MoMLSimpleApplication@72f124f4
----------------- Done invoking toplevel() on ptolemy.moml.MoMLSimpleApplication@72f124f4
reloadAllAccessors: .logic

===========================================================================================
----------------- testing Sun Oct 20 06:05:27 UTC 2019 /home/travis/build/icyphy/ptII/ptolemy/actor/lib/test/auto/matrixType.xml
----------------- Instantiating /home/travis/build/icyphy/ptII/ptolemy/actor/lib/test/auto/matrixType.xml
1 ms. Memory: 350208K Free: 120284K (34%)
----------------- Invoking toplevel() on ptolemy.moml.MoMLSimpleApplication@48217dcb
----------------- Done invoking toplevel() on ptolemy.moml.MoMLSimpleApplication@48217dcb
reloadAllAccessors: .matrixType

===========================================================================================
----------------- testing Sun Oct 20 06:05:27 UTC 2019 /home/travis/build/icyphy/ptII/ptolemy/actor/lib/test/auto/matrixType10.xml
----------------- Instantiating /home/travis/build/icyphy/ptII/ptolemy/actor/lib/test/auto/matrixType10.xml
2 ms. Memory: 350208K Free: 115164K (33%)
----------------- Invoking toplevel() on ptolemy.moml.MoMLSimpleApplication@74eb9132
----------------- Done invoking toplevel() on ptolemy.moml.MoMLSimpleApplication@74eb9132
reloadAllAccessors: .matrixType10

===========================================================================================
----------------- testing Sun Oct 20 06:05:27 UTC 2019 /home/travis/build/icyphy/ptII/ptolemy/actor/lib/test/auto/matrixType11.xml
----------------- Instantiating /home/travis/build/icyphy/ptII/ptolemy/actor/lib/test/auto/matrixType11.xml
1 ms. Memory: 350208K Free: 110558K (32%)
----------------- Invoking toplevel() on ptolemy.moml.MoMLSimpleApplication@32f431c4
----------------- Done invoking toplevel() on ptolemy.moml.MoMLSimpleApplication@32f431c4
reloadAllAccessors: .matrixType11

===========================================================================================
----------------- testing Sun Oct 20 06:05:27 UTC 2019 /home/travis/build/icyphy/ptII/ptolemy/actor/lib/test/auto/matrixType12.xml
----------------- Instantiating /home/travis/build/icyphy/ptII/ptolemy/actor/lib/test/auto/matrixType12.xml
1 ms. Memory: 350208K Free: 105438K (30%)
----------------- Invoking toplevel() on ptolemy.moml.MoMLSimpleApplication@3277d2d7
----------------- Done invoking toplevel() on ptolemy.moml.MoMLSimpleApplication@3277d2d7
reloadAllAccessors: .matrixType12

===========================================================================================
----------------- testing Sun Oct 20 06:05:27 UTC 2019 /home/travis/build/icyphy/ptII/ptolemy/actor/lib/test/auto/matrixType13.xml
----------------- Instantiating /home/travis/build/icyphy/ptII/ptolemy/actor/lib/test/auto/matrixType13.xml
1 ms. Memory: 350208K Free: 100828K (29%)
----------------- Invoking toplevel() on ptolemy.moml.MoMLSimpleApplication@48bdc57a
----------------- Done invoking toplevel() on ptolemy.moml.MoMLSimpleApplication@48bdc57a
reloadAllAccessors: .matrixType13

===========================================================================================
----------------- testing Sun Oct 20 06:05:27 UTC 2019 /home/travis/build/icyphy/ptII/ptolemy/actor/lib/test/auto/matrixType14.xml
----------------- Instantiating /home/travis/build/icyphy/ptII/ptolemy/actor/lib/test/auto/matrixType14.xml
1 ms. Memory: 350208K Free: 95708K (27%)
----------------- Invoking toplevel() on ptolemy.moml.MoMLSimpleApplication@61b5a883
----------------- Done invoking toplevel() on ptolemy.moml.MoMLSimpleApplication@61b5a883
reloadAllAccessors: .matrixType14

===========================================================================================
----------------- testing Sun Oct 20 06:05:27 UTC 2019 /home/travis/build/icyphy/ptII/ptolemy/actor/lib/test/auto/matrixType2.xml
----------------- Instantiating /home/travis/build/icyphy/ptII/ptolemy/actor/lib/test/auto/matrixType2.xml
1 ms. Memory: 350208K Free: 295531K (84%)
----------------- Invoking toplevel() on ptolemy.moml.MoMLSimpleApplication@754a5b80
----------------- Done invoking toplevel() on ptolemy.moml.MoMLSimpleApplication@754a5b80
reloadAllAccessors: .matrixType2

===========================================================================================
----------------- testing Sun Oct 20 06:05:27 UTC 2019 /home/travis/build/icyphy/ptII/ptolemy/actor/lib/test/auto/matrixType3.xml
----------------- Instantiating /home/travis/build/icyphy/ptII/ptolemy/actor/lib/test/auto/matrixType3.xml
4 ms. Memory: 350208K Free: 290411K (83%)
----------------- Invoking toplevel() on ptolemy.moml.MoMLSimpleApplication@263c73c7
----------------- Done invoking toplevel() on ptolemy.moml.MoMLSimpleApplication@263c73c7
reloadAllAccessors: .matrixType3

===========================================================================================
----------------- testing Sun Oct 20 06:05:27 UTC 2019 /home/travis/build/icyphy/ptII/ptolemy/actor/lib/test/auto/matrixType4.xml
----------------- Instantiating /home/travis/build/icyphy/ptII/ptolemy/actor/lib/test/auto/matrixType4.xml
1 ms. Memory: 350208K Free: 285291K (81%)
----------------- Invoking toplevel() on ptolemy.moml.MoMLSimpleApplication@34a43316
----------------- Done invoking toplevel() on ptolemy.moml.MoMLSimpleApplication@34a43316
reloadAllAccessors: .matrixType4

===========================================================================================
----------------- testing Sun Oct 20 06:05:27 UTC 2019 /home/travis/build/icyphy/ptII/ptolemy/actor/lib/test/auto/matrixType5.xml
----------------- Instantiating /home/travis/build/icyphy/ptII/ptolemy/actor/lib/test/auto/matrixType5.xml
1 ms. Memory: 350208K Free: 280685K (80%)
----------------- Invoking toplevel() on ptolemy.moml.MoMLSimpleApplication@2ecb25b3
----------------- Done invoking toplevel() on ptolemy.moml.MoMLSimpleApplication@2ecb25b3
reloadAllAccessors: .matrixType5

===========================================================================================
----------------- testing Sun Oct 20 06:05:27 UTC 2019 /home/travis/build/icyphy/ptII/ptolemy/actor/lib/test/auto/matrixType6.xml
----------------- Instantiating /home/travis/build/icyphy/ptII/ptolemy/actor/lib/test/auto/matrixType6.xml
1 ms. Memory: 350208K Free: 275565K (79%)
----------------- Invoking toplevel() on ptolemy.moml.MoMLSimpleApplication@1e8cc010
----------------- Done invoking toplevel() on ptolemy.moml.MoMLSimpleApplication@1e8cc010
reloadAllAccessors: .matrixType6

===========================================================================================
----------------- testing Sun Oct 20 06:05:27 UTC 2019 /home/travis/build/icyphy/ptII/ptolemy/actor/lib/test/auto/matrixType7.xml
----------------- Instantiating /home/travis/build/icyphy/ptII/ptolemy/actor/lib/test/auto/matrixType7.xml
1 ms. Memory: 350208K Free: 270955K (77%)
----------------- Invoking toplevel() on ptolemy.moml.MoMLSimpleApplication@626040b6
----------------- Done invoking toplevel() on ptolemy.moml.MoMLSimpleApplication@626040b6
reloadAllAccessors: .matrixType7

===========================================================================================
----------------- testing Sun Oct 20 06:05:27 UTC 2019 /home/travis/build/icyphy/ptII/ptolemy/actor/lib/test/auto/matrixType8.xml
----------------- Instantiating /home/travis/build/icyphy/ptII/ptolemy/actor/lib/test/auto/matrixType8.xml
1 ms. Memory: 350208K Free: 265835K (76%)
----------------- Invoking toplevel() on ptolemy.moml.MoMLSimpleApplication@5403bd9e
----------------- Done invoking toplevel() on ptolemy.moml.MoMLSimpleApplication@5403bd9e
reloadAllAccessors: .matrixType8

===========================================================================================
----------------- testing Sun Oct 20 06:05:27 UTC 2019 /home/travis/build/icyphy/ptII/ptolemy/actor/lib/test/auto/matrixType9.xml
----------------- Instantiating /home/travis/build/icyphy/ptII/ptolemy/actor/lib/test/auto/matrixType9.xml
1 ms. Memory: 350208K Free: 261229K (75%)
----------------- Invoking toplevel() on ptolemy.moml.MoMLSimpleApplication@2a402507
----------------- Done invoking toplevel() on ptolemy.moml.MoMLSimpleApplication@2a402507
reloadAllAccessors: .matrixType9

===========================================================================================
----------------- testing Sun Oct 20 06:05:27 UTC 2019 /home/travis/build/icyphy/ptII/ptolemy/actor/lib/test/auto/paraFunctest.xml
----------------- Instantiating /home/travis/build/icyphy/ptII/ptolemy/actor/lib/test/auto/paraFunctest.xml
1 ms. Memory: 350208K Free: 256619K (73%)
----------------- Invoking toplevel() on ptolemy.moml.MoMLSimpleApplication@29f72e29
----------------- Done invoking toplevel() on ptolemy.moml.MoMLSimpleApplication@29f72e29
reloadAllAccessors: .paraFunctest

===========================================================================================
----------------- testing Sun Oct 20 06:05:27 UTC 2019 /home/travis/build/icyphy/ptII/ptolemy/actor/lib/test/auto/paraFunctest2.xml
----------------- Instantiating /home/travis/build/icyphy/ptII/ptolemy/actor/lib/test/auto/paraFunctest2.xml
2 ms. Memory: 350208K Free: 252523K (72%)
----------------- Invoking toplevel() on ptolemy.moml.MoMLSimpleApplication@1fd157c9
----------------- Done invoking toplevel() on ptolemy.moml.MoMLSimpleApplication@1fd157c9
reloadAllAccessors: .paraFunctest2

===========================================================================================
----------------- testing Sun Oct 20 06:05:27 UTC 2019 /home/travis/build/icyphy/ptII/ptolemy/actor/lib/test/auto/parameterPassing.xml
----------------- Instantiating /home/travis/build/icyphy/ptII/ptolemy/actor/lib/test/auto/parameterPassing.xml
1 ms. Memory: 350208K Free: 247917K (71%)
----------------- Invoking toplevel() on ptolemy.moml.MoMLSimpleApplication@6de90864
----------------- Done invoking toplevel() on ptolemy.moml.MoMLSimpleApplication@6de90864
reloadAllAccessors: .parameterPassing

===========================================================================================
----------------- testing Sun Oct 20 06:05:27 UTC 2019 /home/travis/build/icyphy/ptII/ptolemy/actor/lib/test/auto/record.xml
----------------- Instantiating /home/travis/build/icyphy/ptII/ptolemy/actor/lib/test/auto/record.xml
2 ms. Memory: 350208K Free: 242797K (69%)
----------------- Invoking toplevel() on ptolemy.moml.MoMLSimpleApplication@1e4841bd
----------------- Done invoking toplevel() on ptolemy.moml.MoMLSimpleApplication@1e4841bd
reloadAllAccessors: .record

===========================================================================================
----------------- testing Sun Oct 20 06:05:27 UTC 2019 /home/travis/build/icyphy/ptII/ptolemy/actor/lib/test/auto/sizedarray1.xml
----------------- Instantiating /home/travis/build/icyphy/ptII/ptolemy/actor/lib/test/auto/sizedarray1.xml
1 ms. Memory: 350208K Free: 237677K (68%)
----------------- Invoking toplevel() on ptolemy.moml.MoMLSimpleApplication@1c01a015
----------------- Done invoking toplevel() on ptolemy.moml.MoMLSimpleApplication@1c01a015
reloadAllAccessors: .sizedarray1

===========================================================================================
----------------- testing Sun Oct 20 06:05:27 UTC 2019 /home/travis/build/icyphy/ptII/ptolemy/actor/lib/test/auto/sizedarray2.xml
----------------- Instantiating /home/travis/build/icyphy/ptII/ptolemy/actor/lib/test/auto/sizedarray2.xml
2 ms. Memory: 350208K Free: 232043K (66%)
----------------- Invoking toplevel() on ptolemy.moml.MoMLSimpleApplication@5a151b32
----------------- Done invoking toplevel() on ptolemy.moml.MoMLSimpleApplication@5a151b32
reloadAllAccessors: .sizedarray2

===========================================================================================
----------------- testing Sun Oct 20 06:05:27 UTC 2019 /home/travis/build/icyphy/ptII/ptolemy/actor/lib/test/auto/twoPublishers.xml
----------------- Instantiating /home/travis/build/icyphy/ptII/ptolemy/actor/lib/test/auto/twoPublishers.xml
6 ms. Memory: 350208K Free: 221293K (63%)
----------------- Invoking toplevel() on ptolemy.moml.MoMLSimpleApplication@1a5ddf20
----------------- Done invoking toplevel() on ptolemy.moml.MoMLSimpleApplication@1a5ddf20
reloadAllAccessors: .twoPublishers
AutoTests.java: About to close Vertx.
AutoTests.java: Vertx closed.
]]></system-out>
  <system-err><![CDATA[java.lang.RuntimeException: Execution failed
	at ptolemy.moml.MoMLSimpleApplication$UnloadThread.run(MoMLSimpleApplication.java:402)
Caused by: java.lang.RuntimeException: StringUtilities.exit() was called. Normally, we would exit here because Manager.exitAfterWrapup() was called.  However, because the ptolemy.ptII.exitAfterWrapup property is set, we throw this exception instead.
	at ptolemy.util.StringUtilities.exit(StringUtilities.java:365)
	at ptolemy.actor.Manager.wrapup(Manager.java:1549)
	at ptolemy.actor.Manager.execute(Manager.java:407)
	at ptolemy.actor.Manager.run(Manager.java:1263)
	at ptolemy.actor.Manager$PtolemyRunThread.run(Manager.java:1933)
Warning: '.top.test' is in training mode, set the trainingMode parameter to false before checking in
Warning: '.top.test' is in training mode, set the trainingMode parameter to false before checking in
Warning: '.top.test' is in training mode, set the trainingMode parameter to false before checking in
Warning: '.BooleanSwitch_RegressionTest_WrongTrainingValues.Test' is in training mode, set the trainingMode parameter to false before checking in
Warning: '.BooleanSwitch_RegressionTest_WrongTrainingValues.Test2' is in training mode, set the trainingMode parameter to false before checking in
Warning: '.BooleanSwitch_RegressionTest_WrongTrainingValues.Test2' The test produced 0 tokens.
Warning: '.top.testExceptionHandler' is in training mode, set the trainingMode parameter to false before checking in
java.lang.RuntimeException: Execution failed
	at ptolemy.moml.MoMLSimpleApplication$UnloadThread.run(MoMLSimpleApplication.java:402)
Caused by: ptolemy.kernel.util.IllegalActionException: PublisherPorts cannot be used at the top level, use a Publisher actor instead.
  in .PublisherPortToplevelSubscriber.PublisherPort
	at ptolemy.actor.PublisherPort.preinitialize(PublisherPort.java:403)
	at ptolemy.actor.CompositeActor.preinitialize(CompositeActor.java:1769)
	at ptolemy.actor.Manager.preinitializeAndResolveTypes(Manager.java:1040)
	at ptolemy.actor.Manager.initialize(Manager.java:710)
	at ptolemy.actor.Manager.execute(Manager.java:356)
	at ptolemy.actor.Manager.run(Manager.java:1263)
	at ptolemy.actor.Manager$PtolemyRunThread.run(Manager.java:1933)
java.lang.reflect.InvocationTargetException
	at java.base/jdk.internal.reflect.NativeConstructorAccessorImpl.newInstance0(Native Method)
	at java.base/jdk.internal.reflect.NativeConstructorAccessorImpl.newInstance(NativeConstructorAccessorImpl.java:62)
	at java.base/jdk.internal.reflect.DelegatingConstructorAccessorImpl.newInstance(DelegatingConstructorAccessorImpl.java:45)
	at java.base/java.lang.reflect.Constructor.newInstance(Constructor.java:490)
	at ptolemy.util.test.junit.AutoKnownFailedTests.RunModel(AutoKnownFailedTests.java:105)
	at java.base/jdk.internal.reflect.NativeMethodAccessorImpl.invoke0(Native Method)
	at java.base/jdk.internal.reflect.NativeMethodAccessorImpl.invoke(NativeMethodAccessorImpl.java:62)
	at java.base/jdk.internal.reflect.DelegatingMethodAccessorImpl.invoke(DelegatingMethodAccessorImpl.java:43)
	at java.base/java.lang.reflect.Method.invoke(Method.java:566)
	at org.junit.runners.model.FrameworkMethod$1.runReflectiveCall(FrameworkMethod.java:44)
	at org.junit.internal.runners.model.ReflectiveCallable.run(ReflectiveCallable.java:15)
	at org.junit.runners.model.FrameworkMethod.invokeExplosively(FrameworkMethod.java:41)
	at junitparams.internal.InvokeParameterisedMethod.evaluate(InvokeParameterisedMethod.java:102)
	at org.junit.internal.runners.statements.FailOnTimeout$1.run(FailOnTimeout.java:28)
Caused by: ptolemy.kernel.util.IllegalActionException: PublisherPorts cannot be used at the top level, use a Publisher actor instead.
  in .PublisherPortToplevelSubscriber.PublisherPort
	at ptolemy.actor.PublisherPort.preinitialize(PublisherPort.java:403)
	at ptolemy.actor.CompositeActor.preinitialize(CompositeActor.java:1769)
	at ptolemy.actor.Manager.preinitializeAndResolveTypes(Manager.java:1040)
	at ptolemy.actor.Manager.initialize(Manager.java:710)
	at ptolemy.actor.Manager.execute(Manager.java:356)
	at ptolemy.actor.Manager.run(Manager.java:1263)
	at ptolemy.actor.Manager$PtolemyRunThread.run(Manager.java:1933)
java.lang.RuntimeException: Execution failed
	at ptolemy.moml.MoMLSimpleApplication$UnloadThread.run(MoMLSimpleApplication.java:402)
Caused by: ptolemy.kernel.util.IllegalActionException: SubscriberPorts cannot be used at the top level, use a Subscriber actor instead.
  in .PublisherSubscriberPortToplevel.SubscriberPort
	at ptolemy.actor.SubscriberPort.preinitialize(SubscriberPort.java:328)
	at ptolemy.actor.CompositeActor.preinitialize(CompositeActor.java:1769)
	at ptolemy.actor.Manager.preinitializeAndResolveTypes(Manager.java:1040)
	at ptolemy.actor.Manager.initialize(Manager.java:710)
	at ptolemy.actor.Manager.execute(Manager.java:356)
	at ptolemy.actor.Manager.run(Manager.java:1263)
	at ptolemy.actor.Manager$PtolemyRunThread.run(Manager.java:1933)
java.lang.reflect.InvocationTargetException
	at java.base/jdk.internal.reflect.NativeConstructorAccessorImpl.newInstance0(Native Method)
	at java.base/jdk.internal.reflect.NativeConstructorAccessorImpl.newInstance(NativeConstructorAccessorImpl.java:62)
	at java.base/jdk.internal.reflect.DelegatingConstructorAccessorImpl.newInstance(DelegatingConstructorAccessorImpl.java:45)
	at java.base/java.lang.reflect.Constructor.newInstance(Constructor.java:490)
	at ptolemy.util.test.junit.AutoKnownFailedTests.RunModel(AutoKnownFailedTests.java:105)
	at java.base/jdk.internal.reflect.NativeMethodAccessorImpl.invoke0(Native Method)
	at java.base/jdk.internal.reflect.NativeMethodAccessorImpl.invoke(NativeMethodAccessorImpl.java:62)
	at java.base/jdk.internal.reflect.DelegatingMethodAccessorImpl.invoke(DelegatingMethodAccessorImpl.java:43)
	at java.base/java.lang.reflect.Method.invoke(Method.java:566)
	at org.junit.runners.model.FrameworkMethod$1.runReflectiveCall(FrameworkMethod.java:44)
	at org.junit.internal.runners.model.ReflectiveCallable.run(ReflectiveCallable.java:15)
	at org.junit.runners.model.FrameworkMethod.invokeExplosively(FrameworkMethod.java:41)
	at junitparams.internal.InvokeParameterisedMethod.evaluate(InvokeParameterisedMethod.java:102)
	at org.junit.internal.runners.statements.FailOnTimeout$1.run(FailOnTimeout.java:28)
Caused by: ptolemy.kernel.util.IllegalActionException: SubscriberPorts cannot be used at the top level, use a Subscriber actor instead.
  in .PublisherSubscriberPortToplevel.SubscriberPort
	at ptolemy.actor.SubscriberPort.preinitialize(SubscriberPort.java:328)
	at ptolemy.actor.CompositeActor.preinitialize(CompositeActor.java:1769)
	at ptolemy.actor.Manager.preinitializeAndResolveTypes(Manager.java:1040)
	at ptolemy.actor.Manager.initialize(Manager.java:710)
	at ptolemy.actor.Manager.execute(Manager.java:356)
	at ptolemy.actor.Manager.run(Manager.java:1263)
	at ptolemy.actor.Manager$PtolemyRunThread.run(Manager.java:1933)
java.lang.RuntimeException: Execution failed
	at ptolemy.moml.MoMLSimpleApplication$UnloadThread.run(MoMLSimpleApplication.java:402)
Caused by: ptolemy.kernel.util.IllegalActionException: SubscriptionAggregatorPorts cannot be used at the top level, use a SubscriptionAggregator actor instead.
  in .PublisherSubscriptionAggregatorPort.SubscriptionAggregatorPort
	at ptolemy.actor.SubscriptionAggregatorPort.preinitialize(SubscriptionAggregatorPort.java:353)
	at ptolemy.actor.CompositeActor.preinitialize(CompositeActor.java:1769)
	at ptolemy.actor.Manager.preinitializeAndResolveTypes(Manager.java:1040)
	at ptolemy.actor.Manager.initialize(Manager.java:710)
	at ptolemy.actor.Manager.execute(Manager.java:356)
	at ptolemy.actor.Manager.run(Manager.java:1263)
	at ptolemy.actor.Manager$PtolemyRunThread.run(Manager.java:1933)
java.lang.reflect.InvocationTargetException
	at java.base/jdk.internal.reflect.NativeConstructorAccessorImpl.newInstance0(Native Method)
	at java.base/jdk.internal.reflect.NativeConstructorAccessorImpl.newInstance(NativeConstructorAccessorImpl.java:62)
	at java.base/jdk.internal.reflect.DelegatingConstructorAccessorImpl.newInstance(DelegatingConstructorAccessorImpl.java:45)
	at java.base/java.lang.reflect.Constructor.newInstance(Constructor.java:490)
	at ptolemy.util.test.junit.AutoKnownFailedTests.RunModel(AutoKnownFailedTests.java:105)
	at java.base/jdk.internal.reflect.NativeMethodAccessorImpl.invoke0(Native Method)
	at java.base/jdk.internal.reflect.NativeMethodAccessorImpl.invoke(NativeMethodAccessorImpl.java:62)
	at java.base/jdk.internal.reflect.DelegatingMethodAccessorImpl.invoke(DelegatingMethodAccessorImpl.java:43)
	at java.base/java.lang.reflect.Method.invoke(Method.java:566)
	at org.junit.runners.model.FrameworkMethod$1.runReflectiveCall(FrameworkMethod.java:44)
	at org.junit.internal.runners.model.ReflectiveCallable.run(ReflectiveCallable.java:15)
	at org.junit.runners.model.FrameworkMethod.invokeExplosively(FrameworkMethod.java:41)
	at junitparams.internal.InvokeParameterisedMethod.evaluate(InvokeParameterisedMethod.java:102)
	at org.junit.internal.runners.statements.FailOnTimeout$1.run(FailOnTimeout.java:28)
Caused by: ptolemy.kernel.util.IllegalActionException: SubscriptionAggregatorPorts cannot be used at the top level, use a SubscriptionAggregator actor instead.
  in .PublisherSubscriptionAggregatorPort.SubscriptionAggregatorPort
	at ptolemy.actor.SubscriptionAggregatorPort.preinitialize(SubscriptionAggregatorPort.java:353)
	at ptolemy.actor.CompositeActor.preinitialize(CompositeActor.java:1769)
	at ptolemy.actor.Manager.preinitializeAndResolveTypes(Manager.java:1040)
	at ptolemy.actor.Manager.initialize(Manager.java:710)
	at ptolemy.actor.Manager.execute(Manager.java:356)
	at ptolemy.actor.Manager.run(Manager.java:1263)
	at ptolemy.actor.Manager$PtolemyRunThread.run(Manager.java:1933)
java.lang.RuntimeException: Execution failed
	at ptolemy.moml.MoMLSimpleApplication$UnloadThread.run(MoMLSimpleApplication.java:402)
Caused by: ptolemy.kernel.util.IllegalActionException: TypeTest actor has no training data.
  in .sizedarray3.TypeTest
	at ptolemy.actor.lib.TypeTest.initialize(TypeTest.java:250)
	at ptolemy.actor.Director.initialize(Director.java:938)
	at ptolemy.actor.Director.initialize(Director.java:907)
	at ptolemy.actor.sched.StaticSchedulingDirector.initialize(StaticSchedulingDirector.java:159)
	at ptolemy.domains.sdf.kernel.SDFDirector.initialize(SDFDirector.java:544)
	at ptolemy.actor.CompositeActor.initialize(CompositeActor.java:935)
	at ptolemy.actor.Manager.initialize(Manager.java:724)
	at ptolemy.actor.Manager.execute(Manager.java:356)
	at ptolemy.actor.Manager.run(Manager.java:1263)
	at ptolemy.actor.Manager$PtolemyRunThread.run(Manager.java:1933)
java.lang.reflect.InvocationTargetException
	at java.base/jdk.internal.reflect.NativeConstructorAccessorImpl.newInstance0(Native Method)
	at java.base/jdk.internal.reflect.NativeConstructorAccessorImpl.newInstance(NativeConstructorAccessorImpl.java:62)
	at java.base/jdk.internal.reflect.DelegatingConstructorAccessorImpl.newInstance(DelegatingConstructorAccessorImpl.java:45)
	at java.base/java.lang.reflect.Constructor.newInstance(Constructor.java:490)
	at ptolemy.util.test.junit.AutoKnownFailedTests.RunModel(AutoKnownFailedTests.java:105)
	at java.base/jdk.internal.reflect.NativeMethodAccessorImpl.invoke0(Native Method)
	at java.base/jdk.internal.reflect.NativeMethodAccessorImpl.invoke(NativeMethodAccessorImpl.java:62)
	at java.base/jdk.internal.reflect.DelegatingMethodAccessorImpl.invoke(DelegatingMethodAccessorImpl.java:43)
	at java.base/java.lang.reflect.Method.invoke(Method.java:566)
	at org.junit.runners.model.FrameworkMethod$1.runReflectiveCall(FrameworkMethod.java:44)
	at org.junit.internal.runners.model.ReflectiveCallable.run(ReflectiveCallable.java:15)
	at org.junit.runners.model.FrameworkMethod.invokeExplosively(FrameworkMethod.java:41)
	at junitparams.internal.InvokeParameterisedMethod.evaluate(InvokeParameterisedMethod.java:102)
	at org.junit.internal.runners.statements.FailOnTimeout$1.run(FailOnTimeout.java:28)
Caused by: ptolemy.kernel.util.IllegalActionException: TypeTest actor has no training data.
  in .sizedarray3.TypeTest
	at ptolemy.actor.lib.TypeTest.initialize(TypeTest.java:250)
	at ptolemy.actor.Director.initialize(Director.java:938)
	at ptolemy.actor.Director.initialize(Director.java:907)
	at ptolemy.actor.sched.StaticSchedulingDirector.initialize(StaticSchedulingDirector.java:159)
	at ptolemy.domains.sdf.kernel.SDFDirector.initialize(SDFDirector.java:544)
	at ptolemy.actor.CompositeActor.initialize(CompositeActor.java:935)
	at ptolemy.actor.Manager.initialize(Manager.java:724)
	at ptolemy.actor.Manager.execute(Manager.java:356)
	at ptolemy.actor.Manager.run(Manager.java:1263)
	at ptolemy.actor.Manager$PtolemyRunThread.run(Manager.java:1933)
ptolemy.kernel.util.InternalErrorException: Exec Stdout Gobbler-4: Failed while reading from java.lang.ProcessImpl$ProcessPipeInputStream@74d8c46. To avoid this, try setting the ignoreIOExceptionReadErrors parameter to true.null
  in .ExecEnvironment.Exec
Because:
Stream closed
	at ptolemy.actor.lib.Exec$_StreamReaderThread._read(Exec.java:762)
	at ptolemy.actor.lib.Exec$_StreamReaderThread.run(Exec.java:706)
Caused by: java.io.IOException: Stream closed
	at java.base/sun.nio.cs.StreamDecoder.ensureOpen(StreamDecoder.java:46)
	at java.base/sun.nio.cs.StreamDecoder.read(StreamDecoder.java:148)
	at java.base/java.io.InputStreamReader.read(InputStreamReader.java:185)
	at ptolemy.actor.lib.Exec$_StreamReaderThread._read(Exec.java:724)
	... 1 more
Caused by: java.io.IOException: Stream closed
	at java.base/sun.nio.cs.StreamDecoder.ensureOpen(StreamDecoder.java:46)
	at java.base/sun.nio.cs.StreamDecoder.read(StreamDecoder.java:148)
	at java.base/java.io.InputStreamReader.read(InputStreamReader.java:185)
	at ptolemy.actor.lib.Exec$_StreamReaderThread._read(Exec.java:724)
	at ptolemy.actor.lib.Exec$_StreamReaderThread.run(Exec.java:706)
]]></system-err>
</testsuite>
