<?xml version="1.0" encoding="UTF-8" ?>
<testsuite errors="1" failures="0" hostname="travis-job-eb3f0a47-5b94-47d9-b738-2a685d5bc36b" name="ptolemy.actor.lib.test.junit.JUnitTclTest" skipped="0" tests="517" time="60.129" timestamp="2020-06-07T14:38:02">
  <properties>
    <property name="npm.executable" value="npm" />
    <property name="env.TRAVIS_ROOT" value="/" />
    <property name="ptII.mk.exists" value="true" />
    <property name="env.TRAVIS_APP_HOST" value="build.travis-ci.org" />
    <property name="env.rvm_bin_path" value="/home/travis/.rvm/bin" />
    <property name="java.home" value="/usr/local/lib/jvm/openjdk11" />
    <property name="env.TRAVIS_JOB_NUMBER" value="1655.8" />
    <property name="env.TRAVIS_HOME" value="/home/travis" />
    <property name="env.DISPLAY" value=":99.0" />
    <property name="env.TRAVIS_INIT" value="systemd" />
    <property name="env.SSH_TTY" value="/dev/pts/0" />
    <property name="java.net.preferIPv4Stack" value="true" />
    <property name="env.RUN_TESTS" value="true" />
    <property name="timeout.short" value="1000000" />
    <property name="junit.formatter" value="xml" />
    <property name="env.TRAVIS_SUDO" value="true" />
    <property name="env.TRAVIS_JOB_NAME" value="" />
    <property name="env.TRAVIS_STACK_NODE_ATTRIBUTES" value="/.node-attributes.yml" />
    <property name="env.LOGNAME" value="travis" />
    <property name="env.PT_TRAVIS_TEST_CORE1_XML" value="true" />
    <property name="jsdoc.home" value="node_modules/@terraswarm/jsdoc" />
    <property name="debuglevel" value="source,lines,vars" />
    <property name="checkstyle.formatter" value="xml" />
    <property name="env._system_version" value="16.04" />
    <property name="bin.vergil.makeable" value="true" />
    <property name="sun.os.patch.level" value="unknown" />
    <property name="java.vendor.url" value="http://java.oracle.com/" />
    <property name="env.TRAVIS_BUILD_WEB_URL" value="https://travis-ci.org/icyphy/ptII/builds/695683459" />
    <property name="java.version" value="11.0.2" />
    <property name="env.TZ" value="UTC" />
    <property name="env.TRAVIS_PULL_REQUEST_SHA" value="" />
    <property name="env.PT_NO_NET" value="true" />
    <property name="env.TRAVIS_SECURE_ENV_VARS" value="true" />
    <property name="env._system_type" value="Linux" />
    <property name="java.vendor.url.bug" value="http://bugreport.java.com/bugreport/" />
    <property name="npmjs-org-is-up" value="true" />
    <property name="env.LANGUAGE" value="en_US.UTF-8" />
    <property name="env.SSH_CLIENT" value="10.44.2.85 41448 22" />
    <property name="env.GEM_HOME" value="/home/travis/.rvm/gems/ruby-2.5.3" />
    <property name="env.HAS_ANTARES_THREE_LITTLE_FRONZIES_BADGE" value="true" />
    <property name="java.version.date" value="2019-01-15" />
    <property name="env.PS4" value="+" />
    <property name="ant.project.invoked-targets" value="build,test.core1.xml" />
    <property name="env.TRAVIS_PULL_REQUEST_BRANCH" value="" />
    <property name="env.TRAVIS_REPO_SLUG" value="icyphy/ptII" />
    <property name="env.XDG_DATA_DIRS" value="/usr/local/share:/usr/share:/var/lib/snapd/desktop" />
    <property name="jdk.debug" value="release" />
    <property name="env.TRAVIS_APT_PROXY" value="http://build-cache.travisci.net" />
    <property name="env.TRAVIS_CPU_ARCH" value="amd64" />
    <property name="node.in.path" value="true" />
    <property name="user.name" value="travis" />
    <property name="java.maxmemory" value="1400m" />
    <property name="env.RUBY_VERSION" value="ruby-2.5.3" />
    <property name="env.LANG" value="en_US.UTF-8" />
    <property name="sun.io.unicode.encoding" value="UnicodeLittle" />
    <property name="sun.jnu.encoding" value="UTF-8" />
    <property name="java.runtime.name" value="OpenJDK Runtime Environment" />
    <property name="usefile" value="false" />
    <property name="return.code" value="0" />
    <property name="junit.single.formatter" value="plain" />
    <property name="env.DYLD_LIBRARY_PATH" value="/home/travis/pthla/certi-tools/lib:" />
    <property name="env.DEBIAN_FRONTEND" value="noninteractive" />
    <property name="env.SSH_CONNECTION" value="10.44.2.85 41448 10.20.0.69 22" />
    <property name="env.MYSQL_UNIX_PORT" value="/var/run/mysqld/mysqld.sock" />
    <property name="env.LC_ALL" value="en_US.UTF-8" />
    <property name="env.TRAVIS_ALLOW_FAILURE" value="" />
    <property name="env.TRAVIS_JOB_WEB_URL" value="https://travis-ci.org/icyphy/ptII/jobs/695683478" />
    <property name="java.specification.name" value="Java Platform API Specification" />
    <property name="node.works" value="true" />
    <property name="user.timezone" value="" />
    <property name="path.separator" value=":" />
    <property name="env.TRAVIS_ENABLE_INFRA_DETECTION" value="true" />
    <property name="env.PYTHON_CFLAGS" value="-g -fstack-protector --param=ssp-buffer-size=4 -Wformat -Werror=format-security" />
    <property name="timeout.long" value="4000000" />
    <property name="env.CERTI_HOME" value="/home/travis/pthla/certi-tools" />
    <property name="ant.file.ptII" value="/home/travis/build/icyphy/ptII/build.xml" />
    <property name="javadoc.packagenames" value="com.*,diva.*,lbnl.*,org.hlacerti.*,org.json.*,org.ptolemy.*,org.terraswarm.*,ptolemy.*,ptserver.*" />
    <property name="file.encoding" value="UTF-8" />
    <property name="env.TRAVIS_PULL_REQUEST_SLUG" value="" />
    <property name="ant.project.default-target" value="build" />
    <property name="env.GIT_ASKPASS" value="echo" />
    <property name="env.HOME" value="/home/travis" />
    <property name="sun.java.command" value="org.apache.tools.ant.taskdefs.optional.junit.JUnitTestRunner ptolemy.actor.lib.test.junit.JUnitTclTest skipNonTests=false filtertrace=true haltOnError=false haltOnFailure=false formatter=org.apache.tools.ant.taskdefs.optional.junit.OutErrSummaryJUnitResultFormatter showoutput=true outputtoformatters=true logfailedtests=true threadid=0 logtestlistenerevents=false formatter=org.apache.tools.ant.taskdefs.optional.junit.XMLJUnitResultFormatter,/home/travis/build/icyphy/ptII/reports/junit/TEST-ptolemy.actor.lib.test.junit.JUnitTclTest.xml crashfile=/home/travis/build/icyphy/ptII/junitvmwatcher11542423317363903369.properties propsfile=/home/travis/build/icyphy/ptII/junit13818567569100079026.properties" />
    <property name="env.COMPOSER_NO_INTERACTION" value="1" />
    <property name="env.MANPATH" value="/home/travis/.nvm/versions/node/v7.10.1/share/man:/home/travis/.rvm/rubies/ruby-2.5.3/share/man:/usr/local/cmake-3.12.4/man:/usr/local/clang-7.0.0/share/man:/usr/local/man:/usr/local/share/man:/usr/share/man:/home/travis/.rvm/man" />
    <property name="env.TRAVIS_TIMER_ID" value="14613bb0" />
    <property name="ant.file" value="/home/travis/build/icyphy/ptII/build.xml" />
    <property name="env.TRAVIS_COMMIT_RANGE" value="3e950cfe0f3c004454147d0a7dfedd7f8d8e77cc...52bfcaaec950ad6b43d11ffdb9cd3f924b0c1f76" />
    <property name="env._system_name" value="Ubuntu" />
    <property name="ptII.classpath.optional.property" value="/home/travis/build/icyphy/ptII/lib/bsh-2.0b4.jar:/home/travis/build/icyphy/ptII/lib/ptCal.jar:/home/travis/build/icyphy/ptII/lib/java_cup.jar:/home/travis/build/icyphy/ptII/lib/saxon8.jar:/home/travis/build/icyphy/ptII/lib/saxon8-dom.jar:/home/travis/build/icyphy/ptII/lib/chic.jar:/home/travis/build/icyphy/ptII/lib/ptcolt.jar:/home/travis/build/icyphy/ptII/vendors/misc/itext/iText.jar:/home/travis/build/icyphy/ptII/lib/g4ltl.jar:/home/travis/build/icyphy/ptII/lib/StructuralCoder.jar:/home/travis/build/icyphy/ptII/lib/jcerti.jar:/home/travis/build/icyphy/ptII/lib/javax.mail.jar:/home/travis/build/icyphy/ptII/vendors/JMF-2.1.1e/lib/jmf.jar:/home/travis/build/icyphy/ptII/lib/jna-4.0.0-variadic.jar:/home/travis/build/icyphy/ptII/vendors/misc/joystick/Joystick.jar:/home/travis/build/icyphy/ptII/lib/ptjacl.jar:/home/travis/build/icyphy/ptII/lib/jsoup-1.8.2.jar:/home/travis/build/icyphy/ptII/lib/junit-4.8.2.jar:/home/travis/build/icyphy/ptII/lib/JUnitParams-0.4.0.jar:/home/travis/build/icyphy/ptII/ptolemy/actor/lib/excel/jxl.jar:/home/travis/build/icyphy/ptII/lib/jython.jar:/home/travis/build/icyphy/ptII/lib/kieler.jar:/home/travis/build/icyphy/ptII/vendors/opencv/share/OpenCV/java/opencv-341.jar:/home/travis/build/icyphy/ptII/lib/oscP5.jar:/home/travis/build/icyphy/ptII/lib/nrjavaserial-3.11.0.devel.jar:/home/travis/build/icyphy/ptII/vendors/j3d/lib/Linux/j3dcore.jar:/home/travis/build/icyphy/ptII/vendors/j3d/lib/Linux/j3dutils.jar:/home/travis/build/icyphy/ptII/vendors/j3d/lib/Linux/vecmath.jar:/home/travis/build/icyphy/ptII/vendors/jogl/lib/Linux/gluegen-rt-natives-linux-amd64.jar:/home/travis/build/icyphy/ptII/vendors/jogl/lib/Linux/gluegen-rt.jar:/home/travis/build/icyphy/ptII/vendors/jogl/lib/Linux/jogl-all-natives-linux-amd64.jar:/home/travis/build/icyphy/ptII/vendors/jogl/lib/Linux/jogl-all.jar:/home/travis/build/icyphy/ptII/ptolemy/distributed/jini/jar/jini-core.jar:/home/travis/build/icyphy/ptII/ptolemy/distributed/jini/jar/jini-ext.jar:/home/travis/build/icyphy/ptII/ptolemy/distributed/jini/jar/sun-util.jar:/home/travis/build/icyphy/ptII/lib/protobuf-java-2.4.1.jar:/home/travis/build/icyphy/ptII/lib/org.eclipse.paho.client.mqttv3.jar:/home/travis/build/icyphy/ptII/lib/mapss.jar:/home/travis/build/icyphy/ptII/ptolemy/actor/ptalon/antlr/antlr.jar:/home/travis/build/icyphy/ptII/lib/JRI.jar:/home/travis/build/icyphy/ptII/lib/commons-lang-2.6.jar:/home/travis/build/icyphy/ptII/lib/commons-logging-1.1.1.jar:/home/travis/build/icyphy/ptII/lib/sootclasses.jar:/home/travis/build/icyphy/ptII/ptolemy/actor/lib/database/mysql-connector-java-5.1.6-bin.jar:/home/travis/build/icyphy/ptII/vendors/misc/sphinx4/sphinx4-data-5prealpha.jar:/home/travis/build/icyphy/ptII/vendors/misc/sphinx4/sphinx4-core-5prealpha.jar:/home/travis/build/icyphy/ptII/lib/PDFRenderer.jar:/home/travis/build/icyphy/ptII/lib/svgSalamander.jar:/home/travis/build/icyphy/ptII/lib/rsyntaxtextarea-2.6.0-SNAPSHOT.jar:/home/travis/build/icyphy/ptII/lib/hazelcast-3.8.2.jar:/home/travis/build/icyphy/ptII/lib/jackson-annotations-2.9.0.jar:/home/travis/build/icyphy/ptII/lib/jackson-core-2.9.3.jar:/home/travis/build/icyphy/ptII/lib/jackson-databind-2.9.3.jar:/home/travis/build/icyphy/ptII/lib/netty-buffer-4.1.19.Final.jar:/home/travis/build/icyphy/ptII/lib/netty-codec-4.1.19.Final.jar:/home/travis/build/icyphy/ptII/lib/netty-codec-dns-4.1.19.Final.jar:/home/travis/build/icyphy/ptII/lib/netty-codec-http-4.1.19.Final.jar:/home/travis/build/icyphy/ptII/lib/netty-codec-http2-4.1.19.Final.jar:/home/travis/build/icyphy/ptII/lib/netty-common-4.1.19.Final.jar:/home/travis/build/icyphy/ptII/lib/netty-handler-4.1.19.Final.jar:/home/travis/build/icyphy/ptII/lib/netty-resolver-4.1.19.Final.jar:/home/travis/build/icyphy/ptII/lib/netty-resolver-dns-4.1.19.Final.jar:/home/travis/build/icyphy/ptII/lib/netty-transport-4.1.19.Final.jar:/home/travis/build/icyphy/ptII/lib/vertx-codegen-3.5.1.jar:/home/travis/build/icyphy/ptII/lib/vertx-core-3.5.2-SNAPSHOT.jar:/home/travis/build/icyphy/ptII/lib/vertx-hazelcast-3.5.1.jar:/home/travis/build/icyphy/ptII/lib/vertx-lang-js-3.5.1.jar:/home/travis/build/icyphy/ptII/lib/vertx-service-proxy-3.5.1.jar:/home/travis/build/icyphy/ptII/lib/vertx-web-3.5.1.jar:/home/travis/build/icyphy/ptII/lib/slf4j-api-1.7.13.jar:/home/travis/build/icyphy/ptII/lib/slf4j-simple-1.7.13.jar:/home/travis/build/icyphy/ptII/lib/webcam-capture-0.3.12.jar:/home/travis/build/icyphy/ptII/lib/bridj-0.7.0.jar:/home/travis/build/icyphy/ptII/lib/xbjlib-1.1.0.nrjavaserial.jar" />
    <property name="timeout" value="2400000" />
    <property name="test.batch" value="**/junit/*.java" />
    <property name="env._" value="/usr/bin/timeout" />
    <property name="java.io.tmpdir" value="/tmp" />
    <property name="user.language" value="en" />
    <property name="env.TRAVIS_INTERNAL_RUBY_REGEX" value="^ruby-(2\.[0-4]\.[0-9]|1\.9\.3)" />
    <property name="env.HISTCONTROL" value="ignoredups:ignorespace" />
    <property name="env.GOROOT" value="/home/travis/.gimme/versions/go1.11.1.linux.amd64" />
    <property name="line.separator" value="&#xa;" />
    <property name="target" value="11" />
    <property name="env.TRAVIS_BUILD_DIR" value="/home/travis/build/icyphy/ptII" />
    <property name="env.ANT_OPTS" value="-Xmx2048m" />
    <property name="ant.file.type" value="file" />
    <property name="ptolemy.ptII.batchMode" value="true" />
    <property name="env.HISTSIZE" value="1000" />
    <property name="env.MERB_ENV" value="test" />
    <property name="java.vm.info" value="mixed mode" />
    <property name="source" value="11" />
    <property name="java.vm.specification.name" value="Java Virtual Machine Specification" />
    <property name="env.TRAVIS_TEST_RESULT" value="0" />
    <property name="jsdoc.command" value="node_modules/@terraswarm/jsdoc/jsdoc.js" />
    <property name="npm.works" value="true" />
    <property name="cobertura.dir" value="/home/travis/build/icyphy/ptII/vendors/cobertura-2.0.3" />
    <property name="jsdoc.command.exists" value="true" />
    <property name="env.rvm_path" value="/home/travis/.rvm" />
    <property name="env.GEM_PATH" value="/home/travis/.rvm/gems/ruby-2.5.3:/home/travis/.rvm/gems/ruby-2.5.3@global" />
    <property name="env.LC_CTYPE" value="en_US.UTF-8" />
    <property name="env.TRAVIS_CMD" value="$PTII/bin/ptIITravisBuild.sh $SECONDS" />
    <property name="java.awt.printerjob" value="sun.print.PSPrinterJob" />
    <property name="env.TRAVIS_STACK_NAME" value="sardonyx" />
    <property name="env.TRAVIS_TIMER_START_TIME" value="1591540115149924804" />
    <property name="ant.version" value="Apache Ant(TM) version 1.10.1 compiled on February 2 2017" />
    <property name="ptII.reports" value="/home/travis/build/icyphy/ptII/reports" />
    <property name="env.TRAVIS_STACK_TIMESTAMP" value="2019-03-25 16:16:56 UTC" />
    <property name="ant.file.type.ptII" value="file" />
    <property name="env.RBENV_SHELL" value="bash" />
    <property name="os.name" value="Linux" />
    <property name="java.specification.vendor" value="Oracle Corporation" />
    <property name="env.rvm_version" value="1.29.7 (latest)" />
    <property name="env.TRAVIS_INFRA" value="unknown" />
    <property name="env.TERM" value="xterm" />
    <property name="java.vm.name" value="OpenJDK 64-Bit Server VM" />
    <property name="env.TRAVIS_BUILD_NUMBER" value="1655" />
    <property name="env.CI" value="true" />
    <property name="java.library.path" value="/home/travis/pthla/certi-tools/lib:/usr/lib/jni:/usr/local/share/OpenCV/java/:/usr/share/OpenCV/java::/usr/java/packages/lib:/usr/lib64:/lib64:/lib:/usr/lib" />
    <property name="jdk.module.path" value="/home/travis/build/icyphy/ptII/vendors/javafx/javafx-sdk-11.0.2/lib:" />
    <property name="env.rvm_prefix" value="/home/travis" />
    <property name="env.PATH" value="/home/travis/pthla/certi-tools/share/scripts:/home/travis/.rvm/gems/ruby-2.5.3/bin:/home/travis/.rvm/gems/ruby-2.5.3@global/bin:/home/travis/.rvm/rubies/ruby-2.5.3/bin:/home/travis/.rvm/bin:/home/travis/.nvm/versions/node/v7.10.1/bin:./node_modules/.bin:/home/travis/build/icyphy/ptII/bin:/home/travis/pthla/certi-tools/bin:/home/travis/bin:/home/travis/.local/bin:/usr/local/lib/jvm/openjdk11/bin:/opt/pyenv/shims:/home/travis/.phpenv/shims:/home/travis/perl5/perlbrew/bin:/home/travis/gopath/bin:/home/travis/.gimme/versions/go1.11.1.linux.amd64/bin:/usr/local/maven-3.6.0/bin:/usr/local/cmake-3.12.4/bin:/usr/local/clang-7.0.0/bin:/usr/local/sbin:/usr/local/bin:/usr/sbin:/usr/bin:/sbin:/bin:/snap/bin:/home/travis/.phpenv/bin:/opt/pyenv/bin:/home/travis/.yarn/bin" />
    <property name="env.TRAVIS_OS_NAME" value="linux" />
    <property name="ant.java.version" value="9" />
    <property name="basedir" value="/home/travis/build/icyphy/ptII" />
    <property name="java.class.version" value="55.0" />
    <property name="env.SHLVL" value="3" />
    <property name="env.LD_LIBRARY_PATH" value="/home/travis/pthla/certi-tools/lib:/usr/lib/jni:/usr/local/share/OpenCV/java/:/usr/share/OpenCV/java:" />
    <property name="env.RACK_ENV" value="test" />
    <property name="ant.home" value="/home/travis/build/icyphy/ptII/ant" />
    <property name="env.NVM_DIR" value="/home/travis/.nvm" />
    <property name="env.CERTI_FOM_PATH" value="/home/travis/pthla/certi-tools/share/federations" />
    <property name="env.TRAVIS_BUILD_ID" value="695683459" />
    <property name="env.PYENV_ROOT" value="/opt/pyenv" />
    <property name="env.TRAVIS_UID" value="2000" />
    <property name="prism.verbose" value="true" />
    <property name="env.NVM_BIN" value="/home/travis/.nvm/versions/node/v7.10.1/bin" />
    <property name="env.TRAVIS_COMMIT" value="52bfcaaec950ad6b43d11ffdb9cd3f924b0c1f76" />
    <property name="env._system_arch" value="x86_64" />
    <property name="node.executable" value="node" />
    <property name="sun.boot.library.path" value="/usr/local/lib/jvm/openjdk11/lib" />
    <property name="sun.management.compiler" value="HotSpot 64-Bit Tiered Compilers" />
    <property name="java.awt.graphicsenv" value="sun.awt.X11GraphicsEnvironment" />
    <property name="env.GOPATH" value="/home/travis/gopath" />
    <property name="ptolemy.ptII.dir" value="/home/travis/build/icyphy/ptII" />
    <property name="env.USER" value="travis" />
    <property name="env.HISTFILESIZE" value="2000" />
    <property name="env.NVM_INC" value="/home/travis/.nvm/versions/node/v7.10.1/include/node" />
    <property name="timeout.longest" value="19000000" />
    <property name="env.PERLBREW_SHELLRC_VERSION" value="0.86" />
    <property name="env.TRAVIS_STACK_FEATURES" value="basic couchdb disabled-ipv6 docker docker-compose elasticsearch firefox go-toolchain google-chrome jdk memcached mongodb mysql nodejs_interpreter perl_interpreter perlbrew phantomjs postgresql python_interpreter redis ruby_interpreter sqlite xserver" />
    <property name="env.TRAVIS_PULL_REQUEST" value="false" />
    <property name="env.PYENV_SHELL" value="bash" />
    <property name="ant.project.name" value="ptII" />
    <property name="env.ANSI_RESET" value="\033[0m" />
    <property name="java.vm.specification.version" value="11" />
    <property name="env.TRAVIS_DIST" value="xenial" />
    <property name="env.CERTI_VERSION" value="4.0.0" />
    <property name="env.CERTI_HOST" value="localhost" />
    <property name="awt.toolkit" value="sun.awt.X11.XToolkit" />
    <property name="env.MY_RUBY_HOME" value="/home/travis/.rvm/rubies/ruby-2.5.3" />
    <property name="sun.cpu.isalist" value="" />
    <property name="env.TRAVIS_TMPDIR" value="/tmp/tmp.MqREc8YFoq" />
    <property name="java.vm.compressedOopsMode" value="Zero based" />
    <property name="os.version" value="4.15.0-1028-gcp" />
    <property name="user.home" value="/home/travis" />
    <property name="java.vm.vendor" value="Oracle Corporation" />
    <property name="env.TRAVIS_TAG" value="nightly" />
    <property name="env.ANSI_YELLOW" value="\033[33;1m" />
    <property name="env.TRAVIS_FILTERED" value="redirect_io" />
    <property name="env.ANSI_GREEN" value="\033[32;1m" />
    <property name="env.JAVA_HOME" value="/usr/local/lib/jvm/openjdk11" />
    <property name="javadoc.excludepackagenames" value="adm.cvs2svn.*,build.*,config.*,doc.coding.templates.*,jni.test.jni.meaningOfLife.*,jni.test.jni.testDeux.*,jni.test.jni.testTrois.*,org.terraswarm.accessor.accessors.web.node_modules.*,org.terraswarm.accessor.accessors.web.hosts.cordova.demo.*,org.terraswarm.accessor.accessors.web.hosts.cordova.plugins.*,org.terraswarm.accessor.accessors-svn.*,pt-modules.*,ptolemy.apps.agilent.*,ptolemy.apps.anytimecontrol.*,ptolemy.apps.apes.*,ptolemy.apps.charon.*,ptolemy.apps.crazyboard.*,ptolemy.apps.eclipse.*,ptolemy.apps.etherealSting.*,ptolemy.apps.fullscreen.*,ptolemy.apps.giotto.*,ptolemy.apps.ia.*,ptolemy.apps.interfaces.*,ptolemy.apps.jmf.*,ptolemy.apps.kurt.*,ptolemy.apps.kvm.*,ptolemy.apps.lego.*,ptolemy.apps.lejos.*,ptolemy.apps.midp.*,ptolemy.apps.mobileCoding.*,ptolemy.apps.pendulum.*,ptolemy.apps.rijndael.*,ptolemy.apps.robot.*,ptolemy.apps.security.*,ptolemy.apps.sobel.*,ptolemy.apps.soot.*,ptolemy.apps.throttle.*,ptolemy.apps.tini.*,ptolemy.apps.transmission.*,ptolemy.apps.vergil.*,ptolemy.apps.waba.*,ptolemy.apps.websensor.*,ptolemy.apps.webstart.*,ptolemy.apps.xsl.*,ptolemy.apps.zaurus.*,ptolemy.codegen.c.actor.lib.oldJavaFiles.*,ptolemy.codegen.dsp.lib.*,ptolemy.codegen.kernel.newInterfaces.*,ptolemy.codegen.lib.*,ptolemy.copernicus.kernel.fragment.*,ptolemy.copernicus.shallow.cg.*,ptolemy.domains.giotto.demo.Hierarchy.Hierarchy.*,ptolemy.domains.giotto.demo.Multimode.Multimode.*,ptolemy.domains.giotto.demo.Simple.Simple.*,ptolemy.domains.gr.lib.experimental.*,ptolemy.domains.gro.*,ptolemy.domains.pdf.*,ptolemy.domains.ptinyos.demo.Surge.output.*,ptolemy.moml.test.NoPackageActor.java*,ptolemy.plot.adm.*,ptolemy.plot.servlet.*,reports.*,signed.*,src.*,target.*,vendors.*,ptolemy.copernicus.applet.*,ptolemy.media.viewer.*,ptolemy.actor.corba.*,doc.doclets.*,ptolemy.apps.eclipse.awt.*,ptolemy.backtrack.*,ptolemy.backtrack.ast.*,ptolemy.cg.adapter.generic.program.procedural.c.mbed*,ptolemy.homer.*,ptolemy.actor.lib.jai.*,org.ptolemy.scala.*,diva.util.java2d.svg.*,ptolemy.domains.ptinyos.*,ptolemy.actor.lib.fmi.fmipp.*,,org.terraswarm.accessor.accessors.web.node_modules.*,org.terraswarm.accessor.accessors-svn,ptolemy.apps.*,ptolemy.actor.ptalon.demo.ptinyos.SendAndReceiveCnt.output,ptolemy.actor.ptalon.demo.ptinyos.SenseToLeds.output,ptolemy.domains.ptinyos.demo.CntToLedsAndRfm.output,ptolemy.domains.ptinyos.demo.RfmToLeds.output,ptolemy.domains.ptinyos.demo.SendAndReceiveCnt.output,ptolemy.domains.ptinyos.demo.SenseToLeds.output,ptolemy.actor.lib.jjs.modules.udpSocket.*" />
    <property name="env.PTII" value="/home/travis/build/icyphy/ptII" />
    <property name="env.XDG_SESSION_ID" value="2" />
    <property name="keystore" value="ptKeystore" />
    <property name="env.TRAVIS_COMMIT_MESSAGE" value="Updating models using array data type." />
    <property name="junit.output.dir" value="/home/travis/build/icyphy/ptII/reports/junit" />
    <property name="npm.return.code" value="0" />
    <property name="user.dir" value="/home/travis/build/icyphy/ptII/ptolemy/actor/lib/test" />
    <property name="env.TRAVIS_NODE_VERSION" value="7" />
    <property name="env.TRAVIS_EVENT_TYPE" value="cron" />
    <property name="env.MAIL" value="/var/mail/travis" />
    <property name="env.PERLBREW_ROOT" value="/home/travis/perl5/perlbrew" />
    <property name="env.PWD" value="/home/travis/build/icyphy/ptII" />
    <property name="timeout.npm" value="45000" />
    <property name="env.TRAVIS_ARCH" value="amd64" />
    <property name="sun.cpu.endian" value="little" />
    <property name="env.PAGER" value="cat" />
    <property name="env.TRAVIS_BUILD_STAGE_NAME" value="test" />
    <property name="env.PERLBREW_HOME" value="/home/travis/.perlbrew" />
    <property name="java.vm.version" value="11.0.2+9" />
    <property name="env.RAILS_ENV" value="test" />
    <property name="java.class.path" value="/home/travis/.ptolemyII:/home/travis/.ptolemyII/*:/home/travis/build/icyphy/ptII:/home/travis/build/icyphy/ptII/lib/bsh-2.0b4.jar:/home/travis/build/icyphy/ptII/lib/ptCal.jar:/home/travis/build/icyphy/ptII/lib/java_cup.jar:/home/travis/build/icyphy/ptII/lib/saxon8.jar:/home/travis/build/icyphy/ptII/lib/saxon8-dom.jar:/home/travis/build/icyphy/ptII/lib/chic.jar:/home/travis/build/icyphy/ptII/lib/ptcolt.jar:/home/travis/build/icyphy/ptII/vendors/misc/itext/iText.jar:/home/travis/build/icyphy/ptII/lib/g4ltl.jar:/home/travis/build/icyphy/ptII/lib/StructuralCoder.jar:/home/travis/build/icyphy/ptII/lib/jcerti.jar:/home/travis/build/icyphy/ptII/lib/javax.mail.jar:/home/travis/build/icyphy/ptII/vendors/JMF-2.1.1e/lib/jmf.jar:/home/travis/build/icyphy/ptII/lib/jna-4.0.0-variadic.jar:/home/travis/build/icyphy/ptII/vendors/misc/joystick/Joystick.jar:/home/travis/build/icyphy/ptII/lib/ptjacl.jar:/home/travis/build/icyphy/ptII/lib/jsoup-1.8.2.jar:/home/travis/build/icyphy/ptII/lib/junit-4.8.2.jar:/home/travis/build/icyphy/ptII/lib/JUnitParams-0.4.0.jar:/home/travis/build/icyphy/ptII/ptolemy/actor/lib/excel/jxl.jar:/home/travis/build/icyphy/ptII/lib/jython.jar:/home/travis/build/icyphy/ptII/lib/kieler.jar:/home/travis/build/icyphy/ptII/vendors/opencv/share/OpenCV/java/opencv-341.jar:/home/travis/build/icyphy/ptII/lib/oscP5.jar:/home/travis/build/icyphy/ptII/lib/nrjavaserial-3.11.0.devel.jar:/home/travis/build/icyphy/ptII/vendors/j3d/lib/Linux/j3dcore.jar:/home/travis/build/icyphy/ptII/vendors/j3d/lib/Linux/j3dutils.jar:/home/travis/build/icyphy/ptII/vendors/j3d/lib/Linux/vecmath.jar:/home/travis/build/icyphy/ptII/vendors/jogl/lib/Linux/gluegen-rt-natives-linux-amd64.jar:/home/travis/build/icyphy/ptII/vendors/jogl/lib/Linux/gluegen-rt.jar:/home/travis/build/icyphy/ptII/vendors/jogl/lib/Linux/jogl-all-natives-linux-amd64.jar:/home/travis/build/icyphy/ptII/vendors/jogl/lib/Linux/jogl-all.jar:/home/travis/build/icyphy/ptII/ptolemy/distributed/jini/jar/jini-core.jar:/home/travis/build/icyphy/ptII/ptolemy/distributed/jini/jar/jini-ext.jar:/home/travis/build/icyphy/ptII/ptolemy/distributed/jini/jar/sun-util.jar:/home/travis/build/icyphy/ptII/lib/protobuf-java-2.4.1.jar:/home/travis/build/icyphy/ptII/lib/org.eclipse.paho.client.mqttv3.jar:/home/travis/build/icyphy/ptII/lib/mapss.jar:/home/travis/build/icyphy/ptII/ptolemy/actor/ptalon/antlr/antlr.jar:/home/travis/build/icyphy/ptII/lib/JRI.jar:/home/travis/build/icyphy/ptII/lib/commons-lang-2.6.jar:/home/travis/build/icyphy/ptII/lib/commons-logging-1.1.1.jar:/home/travis/build/icyphy/ptII/lib/sootclasses.jar:/home/travis/build/icyphy/ptII/ptolemy/actor/lib/database/mysql-connector-java-5.1.6-bin.jar:/home/travis/build/icyphy/ptII/vendors/misc/sphinx4/sphinx4-data-5prealpha.jar:/home/travis/build/icyphy/ptII/vendors/misc/sphinx4/sphinx4-core-5prealpha.jar:/home/travis/build/icyphy/ptII/lib/PDFRenderer.jar:/home/travis/build/icyphy/ptII/lib/svgSalamander.jar:/home/travis/build/icyphy/ptII/lib/rsyntaxtextarea-2.6.0-SNAPSHOT.jar:/home/travis/build/icyphy/ptII/lib/hazelcast-3.8.2.jar:/home/travis/build/icyphy/ptII/lib/jackson-annotations-2.9.0.jar:/home/travis/build/icyphy/ptII/lib/jackson-core-2.9.3.jar:/home/travis/build/icyphy/ptII/lib/jackson-databind-2.9.3.jar:/home/travis/build/icyphy/ptII/lib/netty-buffer-4.1.19.Final.jar:/home/travis/build/icyphy/ptII/lib/netty-codec-4.1.19.Final.jar:/home/travis/build/icyphy/ptII/lib/netty-codec-dns-4.1.19.Final.jar:/home/travis/build/icyphy/ptII/lib/netty-codec-http-4.1.19.Final.jar:/home/travis/build/icyphy/ptII/lib/netty-codec-http2-4.1.19.Final.jar:/home/travis/build/icyphy/ptII/lib/netty-common-4.1.19.Final.jar:/home/travis/build/icyphy/ptII/lib/netty-handler-4.1.19.Final.jar:/home/travis/build/icyphy/ptII/lib/netty-resolver-4.1.19.Final.jar:/home/travis/build/icyphy/ptII/lib/netty-resolver-dns-4.1.19.Final.jar:/home/travis/build/icyphy/ptII/lib/netty-transport-4.1.19.Final.jar:/home/travis/build/icyphy/ptII/lib/vertx-codegen-3.5.1.jar:/home/travis/build/icyphy/ptII/lib/vertx-core-3.5.2-SNAPSHOT.jar:/home/travis/build/icyphy/ptII/lib/vertx-hazelcast-3.5.1.jar:/home/travis/build/icyphy/ptII/lib/vertx-lang-js-3.5.1.jar:/home/travis/build/icyphy/ptII/lib/vertx-service-proxy-3.5.1.jar:/home/travis/build/icyphy/ptII/lib/vertx-web-3.5.1.jar:/home/travis/build/icyphy/ptII/lib/slf4j-api-1.7.13.jar:/home/travis/build/icyphy/ptII/lib/slf4j-simple-1.7.13.jar:/home/travis/build/icyphy/ptII/lib/webcam-capture-0.3.12.jar:/home/travis/build/icyphy/ptII/lib/bridj-0.7.0.jar:/home/travis/build/icyphy/ptII/lib/xbjlib-1.1.0.nrjavaserial.jar:/home/travis/build/icyphy/ptII/ptolemy/moml/test:/home/travis/build/icyphy/ptII/ant/lib/ant-launcher.jar:/home/travis/build/icyphy/ptII/ant/lib/ant.jar:/home/travis/build/icyphy/ptII/ant/lib/ant-junit.jar:/home/travis/build/icyphy/ptII/ant/lib/ant-junit4.jar" />
    <property name="ant.library.dir" value="/home/travis/build/icyphy/ptII/ant/lib" />
    <property name="os.arch" value="amd64" />
    <property name="env.CONTINUOUS_INTEGRATION" value="true" />
    <property name="env.TRAVIS_LANGUAGE" value="node_js" />
    <property name="env.TRAVIS_STACK_LANGUAGES" value="__sardonyx__ c c++ clojure cplusplus cpp default generic go groovy java node_js php pure_java python ruby scala" />
    <property name="test.name" value="ptolemy.actor.lib.test.junit.JUnitTclTest" />
    <property name="env.APT_KEY_DONT_WARN_ON_DANGEROUS_USAGE" value="1" />
    <property name="sun.java.launcher" value="SUN_STANDARD" />
    <property name="env.PYTHON_CONFIGURE_OPTS" value="--enable-unicode=ucs4 --with-wide-unicode --enable-shared --enable-ipv6 --enable-loadable-sqlite-extensions --with-computed-gotos" />
    <property name="ant.core.lib" value="/home/travis/build/icyphy/ptII/ant/lib/ant.jar" />
    <property name="java.vm.specification.vendor" value="Oracle Corporation" />
    <property name="env.BCVTB_HOME" value="/home/travis/build/icyphy/ptII/lbnl" />
    <property name="file.separator" value="/" />
    <property name="spotbugs.home" value="/home/travis/build/icyphy/ptII/vendors/spotbugs-3.1.1" />
    <property name="java.runtime.version" value="11.0.2+9" />
    <property name="env.ANSI_CLEAR" value="\033[0K" />
    <property name="javafx.verbose" value="true" />
    <property name="env.HAS_JOSH_K_SEAL_OF_APPROVAL" value="true" />
    <property name="env.XDG_RUNTIME_DIR" value="/run/user/2000" />
    <property name="env.TRAVIS_OSX_IMAGE" value="" />
    <property name="env.TRAVIS_JOB_ID" value="695683478" />
    <property name="env.TRAVIS_BRANCH" value="master" />
    <property name="user.country" value="US" />
    <property name="env.CERTI_HOME_TRAVIS" value="/home/travis/pthla/certi-tools" />
    <property name="env.SHELL" value="/bin/bash" />
    <property name="java.maxmemory.large" value="3200m" />
    <property name="model" value="" />
    <property name="env.CASHER_DIR" value="/home/travis/.casher" />
    <property name="env.NVM_CD_FLAGS" value="" />
    <property name="java.vendor.version" value="18.9" />
    <property name="jshint.executable" value="/home/travis/node_modules/jshint/bin/jshint" />
    <property name="env.JRUBY_OPTS" value=" --client -J-XX:+TieredCompilation -J-XX:TieredStopAtLevel=1 -J-Xss2m -Xcompile.invokedynamic=false" />
    <property name="java.vendor" value="Oracle Corporation" />
    <property name="env.TRAVIS_PRE_CHEF_BOOTSTRAP_TIME" value="2019-03-25T16:16:42" />
    <property name="env.TRAVIS_STACK_JOB_BOARD_REGISTER" value="/.job-board-register.yml" />
    <property name="env.ANSI_RED" value="\033[31;1m" />
    <property name="java.specification.version" value="11" />
    <property name="env.IRBRC" value="/home/travis/.rvm/rubies/ruby-2.5.3/.irbrc" />
    <property name="env.TRAVIS" value="true" />
    <property name="sun.arch.data.model" value="64" />
  </properties>
  <testcase classname="ptolemy.util.test.junit.TclTests" name="[0] /home/travis/build/icyphy/ptII/ptolemy/actor/lib/test/AbsoluteValue.tcl (RunTclFile)" time="0.562" />
  <testcase classname="ptolemy.util.test.junit.TclTests" name="[1] /home/travis/build/icyphy/ptII/ptolemy/actor/lib/test/AddSubtract.tcl (RunTclFile)" time="0.155" />
  <testcase classname="ptolemy.util.test.junit.TclTests" name="[2] /home/travis/build/icyphy/ptII/ptolemy/actor/lib/test/Average.tcl (RunTclFile)" time="0.06" />
  <testcase classname="ptolemy.util.test.junit.TclTests" name="[3] /home/travis/build/icyphy/ptII/ptolemy/actor/lib/test/Bernoulli.tcl (RunTclFile)" time="0.025" />
  <testcase classname="ptolemy.util.test.junit.TclTests" name="[4] /home/travis/build/icyphy/ptII/ptolemy/actor/lib/test/Clock.tcl (RunTclFile)" time="0.098" />
  <testcase classname="ptolemy.util.test.junit.TclTests" name="[5] /home/travis/build/icyphy/ptII/ptolemy/actor/lib/test/Commutator.tcl (RunTclFile)" time="0.165" />
  <testcase classname="ptolemy.util.test.junit.TclTests" name="[6] /home/travis/build/icyphy/ptII/ptolemy/actor/lib/test/Const.tcl (RunTclFile)" time="0.105" />
  <testcase classname="ptolemy.util.test.junit.TclTests" name="[7] /home/travis/build/icyphy/ptII/ptolemy/actor/lib/test/CurrentTime.tcl (RunTclFile)" time="0.032" />
  <testcase classname="ptolemy.util.test.junit.TclTests" name="[8] /home/travis/build/icyphy/ptII/ptolemy/actor/lib/test/DB.tcl (RunTclFile)" time="0.039" />
  <testcase classname="ptolemy.util.test.junit.TclTests" name="[9] /home/travis/build/icyphy/ptII/ptolemy/actor/lib/test/DiscreteRandomSource.tcl (RunTclFile)" time="0.037" />
  <testcase classname="ptolemy.util.test.junit.TclTests" name="[10] /home/travis/build/icyphy/ptII/ptolemy/actor/lib/test/Distributor.tcl (RunTclFile)" time="0.06" />
  <testcase classname="ptolemy.util.test.junit.TclTests" name="[11] /home/travis/build/icyphy/ptII/ptolemy/actor/lib/test/Exit.tcl (RunTclFile)" time="0.07" />
  <testcase classname="ptolemy.util.test.junit.TclTests" name="[12] /home/travis/build/icyphy/ptII/ptolemy/actor/lib/test/Expression.tcl (RunTclFile)" time="0.092" />
  <testcase classname="ptolemy.util.test.junit.TclTests" name="[13] /home/travis/build/icyphy/ptII/ptolemy/actor/lib/test/Gaussian.tcl (RunTclFile)" time="0.951" />
  <testcase classname="ptolemy.util.test.junit.TclTests" name="[14] /home/travis/build/icyphy/ptII/ptolemy/actor/lib/test/IIR.tcl (RunTclFile)" time="0.04" />
  <testcase classname="ptolemy.util.test.junit.TclTests" name="[15] /home/travis/build/icyphy/ptII/ptolemy/actor/lib/test/Interpolator.tcl (RunTclFile)" time="0.093" />
  <testcase classname="ptolemy.util.test.junit.TclTests" name="[16] /home/travis/build/icyphy/ptII/ptolemy/actor/lib/test/MathFunction.tcl (RunTclFile)" time="0.072" />
  <testcase classname="ptolemy.util.test.junit.TclTests" name="[17] /home/travis/build/icyphy/ptII/ptolemy/actor/lib/test/Maximum.tcl (RunTclFile)" time="0.036" />
  <testcase classname="ptolemy.util.test.junit.TclTests" name="[18] /home/travis/build/icyphy/ptII/ptolemy/actor/lib/test/Minimum.tcl (RunTclFile)" time="0.026" />
  <testcase classname="ptolemy.util.test.junit.TclTests" name="[19] /home/travis/build/icyphy/ptII/ptolemy/actor/lib/test/MultiplyDivide.tcl (RunTclFile)" time="0.04" />
  <testcase classname="ptolemy.util.test.junit.TclTests" name="[20] /home/travis/build/icyphy/ptII/ptolemy/actor/lib/test/OrderedMerge.tcl (RunTclFile)" time="0.129" />
  <testcase classname="ptolemy.util.test.junit.TclTests" name="[21] /home/travis/build/icyphy/ptII/ptolemy/actor/lib/test/Publisher.tcl (RunTclFile)" time="0.747" />
  <testcase classname="ptolemy.util.test.junit.TclTests" name="[22] /home/travis/build/icyphy/ptII/ptolemy/actor/lib/test/Pulse.tcl (RunTclFile)" time="0.042" />
  <testcase classname="ptolemy.util.test.junit.TclTests" name="[23] /home/travis/build/icyphy/ptII/ptolemy/actor/lib/test/Ramp.tcl (RunTclFile)" time="1.952" />
  <testcase classname="ptolemy.util.test.junit.TclTests" name="[24] /home/travis/build/icyphy/ptII/ptolemy/actor/lib/test/RampContinuous.tcl (RunTclFile)" time="0.015" />
  <testcase classname="ptolemy.util.test.junit.TclTests" name="[25] /home/travis/build/icyphy/ptII/ptolemy/actor/lib/test/RecordAssembler.tcl (RunTclFile)" time="0.017" />
  <testcase classname="ptolemy.util.test.junit.TclTests" name="[26] /home/travis/build/icyphy/ptII/ptolemy/actor/lib/test/RecordDisassembler.tcl (RunTclFile)" time="0.03" />
  <testcase classname="ptolemy.util.test.junit.TclTests" name="[27] /home/travis/build/icyphy/ptII/ptolemy/actor/lib/test/Scale.tcl (RunTclFile)" time="0.022" />
  <testcase classname="ptolemy.util.test.junit.TclTests" name="[28] /home/travis/build/icyphy/ptII/ptolemy/actor/lib/test/SequentialClock.tcl (RunTclFile)" time="0.014" />
  <testcase classname="ptolemy.util.test.junit.TclTests" name="[29] /home/travis/build/icyphy/ptII/ptolemy/actor/lib/test/SetVariable.tcl (RunTclFile)" time="0.009" />
  <testcase classname="ptolemy.util.test.junit.TclTests" name="[30] /home/travis/build/icyphy/ptII/ptolemy/actor/lib/test/Sinewave.tcl (RunTclFile)" time="0.06" />
  <testcase classname="ptolemy.util.test.junit.TclTests" name="[31] /home/travis/build/icyphy/ptII/ptolemy/actor/lib/test/SubscriptionAggregator.tcl (RunTclFile)" time="2.18" />
  <testcase classname="ptolemy.util.test.junit.TclTests" name="[32] /home/travis/build/icyphy/ptII/ptolemy/actor/lib/test/Test.tcl (RunTclFile)" time="0.115" />
  <testcase classname="ptolemy.util.test.junit.TclTests" name="[33] /home/travis/build/icyphy/ptII/ptolemy/actor/lib/test/TestExceptionHandler.tcl (RunTclFile)" time="0.011" />
  <testcase classname="ptolemy.util.test.junit.TclTests" name="[34] /home/travis/build/icyphy/ptII/ptolemy/actor/lib/test/UnionDisassembler.tcl (RunTclFile)" time="0.079" />
  <testcase classname="ptolemy.util.test.junit.TclTests" name="[35] /home/travis/build/icyphy/ptII/ptolemy/actor/lib/test/VariableClock.tcl (RunTclFile)" time="0.039" />
  <testcase classname="ptolemy.util.test.junit.AutoKnownFailedTests" name="[0] /home/travis/build/icyphy/ptII/ptolemy/actor/lib/test/auto/knownFailedTests/PublisherPortToplevelSubscriber.xml (RunModel)" time="0.027" />
  <testcase classname="ptolemy.util.test.junit.AutoKnownFailedTests" name="[1] /home/travis/build/icyphy/ptII/ptolemy/actor/lib/test/auto/knownFailedTests/PublisherSubscriberPortToplevel.xml (RunModel)" time="0.015" />
  <testcase classname="ptolemy.util.test.junit.AutoKnownFailedTests" name="[2] /home/travis/build/icyphy/ptII/ptolemy/actor/lib/test/auto/knownFailedTests/PublisherSubscriptionAggregatorPort.xml (RunModel)" time="0.019" />
  <testcase classname="ptolemy.util.test.junit.AutoKnownFailedTests" name="[3] /home/travis/build/icyphy/ptII/ptolemy/actor/lib/test/auto/knownFailedTests/sizedarray3.xml (RunModel)" time="0.023" />
  <testcase classname="ptolemy.util.test.junit.AutoNameArchTests" name="[0] ThereAreNoAutoArchTests (RunModel)" time="0.003" />
  <testcase classname="ptolemy.util.test.junit.AutoTests" name="[0] /home/travis/build/icyphy/ptII/ptolemy/actor/lib/test/auto/AbsoluteValue.xml (RunModel)" time="0.081" />
  <testcase classname="ptolemy.util.test.junit.AutoTests" name="[1] /home/travis/build/icyphy/ptII/ptolemy/actor/lib/test/auto/AbsoluteValue2.xml (RunModel)" time="0.081" />
  <testcase classname="ptolemy.util.test.junit.AutoTests" name="[2] /home/travis/build/icyphy/ptII/ptolemy/actor/lib/test/auto/Accumulator.xml (RunModel)" time="0.061" />
  <testcase classname="ptolemy.util.test.junit.AutoTests" name="[3] /home/travis/build/icyphy/ptII/ptolemy/actor/lib/test/auto/Accumulator2.xml (RunModel)" time="0.046" />
  <testcase classname="ptolemy.util.test.junit.AutoTests" name="[4] /home/travis/build/icyphy/ptII/ptolemy/actor/lib/test/auto/Accumulator3.xml (RunModel)" time="0.033" />
  <testcase classname="ptolemy.util.test.junit.AutoTests" name="[5] /home/travis/build/icyphy/ptII/ptolemy/actor/lib/test/auto/ArrayAppend.xml (RunModel)" time="0.033" />
  <testcase classname="ptolemy.util.test.junit.AutoTests" name="[6] /home/travis/build/icyphy/ptII/ptolemy/actor/lib/test/auto/ArrayAppend2.xml (RunModel)" time="0.481" />
  <testcase classname="ptolemy.util.test.junit.AutoTests" name="[7] /home/travis/build/icyphy/ptII/ptolemy/actor/lib/test/auto/ArrayAppend3.xml (RunModel)" time="0.017" />
  <testcase classname="ptolemy.util.test.junit.AutoTests" name="[8] /home/travis/build/icyphy/ptII/ptolemy/actor/lib/test/auto/ArrayAppend4.xml (RunModel)" time="0.019" />
  <testcase classname="ptolemy.util.test.junit.AutoTests" name="[9] /home/travis/build/icyphy/ptII/ptolemy/actor/lib/test/auto/ArrayAppend5.xml (RunModel)" time="0.017" />
  <testcase classname="ptolemy.util.test.junit.AutoTests" name="[10] /home/travis/build/icyphy/ptII/ptolemy/actor/lib/test/auto/ArrayAppend6.xml (RunModel)" time="0.016" />
  <testcase classname="ptolemy.util.test.junit.AutoTests" name="[11] /home/travis/build/icyphy/ptII/ptolemy/actor/lib/test/auto/ArrayAppendPerformanceTest.xml (RunModel)" time="0.056" />
  <testcase classname="ptolemy.util.test.junit.AutoTests" name="[12] /home/travis/build/icyphy/ptII/ptolemy/actor/lib/test/auto/ArrayAppendWithEmptyInput.xml (RunModel)" time="0.055" />
  <testcase classname="ptolemy.util.test.junit.AutoTests" name="[13] /home/travis/build/icyphy/ptII/ptolemy/actor/lib/test/auto/ArrayAverage.xml (RunModel)" time="0.028" />
  <testcase classname="ptolemy.util.test.junit.AutoTests" name="[14] /home/travis/build/icyphy/ptII/ptolemy/actor/lib/test/auto/ArrayContains.xml (RunModel)" time="0.027" />
  <testcase classname="ptolemy.util.test.junit.AutoTests" name="[15] /home/travis/build/icyphy/ptII/ptolemy/actor/lib/test/auto/ArrayElement.xml (RunModel)" time="0.02" />
  <testcase classname="ptolemy.util.test.junit.AutoTests" name="[16] /home/travis/build/icyphy/ptII/ptolemy/actor/lib/test/auto/ArrayElementAsMatrix.xml (RunModel)" time="0.051" />
  <testcase classname="ptolemy.util.test.junit.AutoTests" name="[17] /home/travis/build/icyphy/ptII/ptolemy/actor/lib/test/auto/ArrayElementI.xml (RunModel)" time="0.019" />
  <testcase classname="ptolemy.util.test.junit.AutoTests" name="[18] /home/travis/build/icyphy/ptII/ptolemy/actor/lib/test/auto/ArrayExtract.xml (RunModel)" time="0.031" />
  <testcase classname="ptolemy.util.test.junit.AutoTests" name="[19] /home/travis/build/icyphy/ptII/ptolemy/actor/lib/test/auto/ArrayExtract2.xml (RunModel)" time="0.013" />
  <testcase classname="ptolemy.util.test.junit.AutoTests" name="[20] /home/travis/build/icyphy/ptII/ptolemy/actor/lib/test/auto/ArrayLength.xml (RunModel)" time="0.015" />
  <testcase classname="ptolemy.util.test.junit.AutoTests" name="[21] /home/travis/build/icyphy/ptII/ptolemy/actor/lib/test/auto/ArrayLevelCrossing.xml (RunModel)" time="0.044" />
  <testcase classname="ptolemy.util.test.junit.AutoTests" name="[22] /home/travis/build/icyphy/ptII/ptolemy/actor/lib/test/auto/ArrayLevelCrossing2.xml (RunModel)" time="0.024" />
  <testcase classname="ptolemy.util.test.junit.AutoTests" name="[23] /home/travis/build/icyphy/ptII/ptolemy/actor/lib/test/auto/ArrayPeakSearch.xml (RunModel)" time="0.027" />
  <testcase classname="ptolemy.util.test.junit.AutoTests" name="[24] /home/travis/build/icyphy/ptII/ptolemy/actor/lib/test/auto/ArrayPeakSearch2.xml (RunModel)" time="0.037" />
  <testcase classname="ptolemy.util.test.junit.AutoTests" name="[25] /home/travis/build/icyphy/ptII/ptolemy/actor/lib/test/auto/ArrayPeakSearch3.xml (RunModel)" time="0.029" />
  <testcase classname="ptolemy.util.test.junit.AutoTests" name="[26] /home/travis/build/icyphy/ptII/ptolemy/actor/lib/test/auto/ArrayRemoveElement.xml (RunModel)" time="0.026" />
  <testcase classname="ptolemy.util.test.junit.AutoTests" name="[27] /home/travis/build/icyphy/ptII/ptolemy/actor/lib/test/auto/ArraySort.xml (RunModel)" time="0.028" />
  <testcase classname="ptolemy.util.test.junit.AutoTests" name="[28] /home/travis/build/icyphy/ptII/ptolemy/actor/lib/test/auto/ArraySum.xml (RunModel)" time="0.019" />
  <testcase classname="ptolemy.util.test.junit.AutoTests" name="[29] /home/travis/build/icyphy/ptII/ptolemy/actor/lib/test/auto/ArrayToElements.xml (RunModel)" time="0.022" />
  <testcase classname="ptolemy.util.test.junit.AutoTests" name="[30] /home/travis/build/icyphy/ptII/ptolemy/actor/lib/test/auto/ArrayToMatrix.xml (RunModel)" time="0.055" />
  <testcase classname="ptolemy.util.test.junit.AutoTests" name="[31] /home/travis/build/icyphy/ptII/ptolemy/actor/lib/test/auto/ArrayUpdate1.xml (RunModel)" time="0.013" />
  <testcase classname="ptolemy.util.test.junit.AutoTests" name="[32] /home/travis/build/icyphy/ptII/ptolemy/actor/lib/test/auto/ArrayUpdate2.xml (RunModel)" time="0.018" />
  <testcase classname="ptolemy.util.test.junit.AutoTests" name="[33] /home/travis/build/icyphy/ptII/ptolemy/actor/lib/test/auto/ArrayUpdate3.xml (RunModel)" time="0.012" />
  <testcase classname="ptolemy.util.test.junit.AutoTests" name="[34] /home/travis/build/icyphy/ptII/ptolemy/actor/lib/test/auto/Assert1.xml (RunModel)" time="0.023" />
  <testcase classname="ptolemy.util.test.junit.AutoTests" name="[35] /home/travis/build/icyphy/ptII/ptolemy/actor/lib/test/auto/Assert2.xml (RunModel)" time="0.02" />
  <testcase classname="ptolemy.util.test.junit.AutoTests" name="[36] /home/travis/build/icyphy/ptII/ptolemy/actor/lib/test/auto/BooleanMultiplexor.xml (RunModel)" time="0.02" />
  <testcase classname="ptolemy.util.test.junit.AutoTests" name="[37] /home/travis/build/icyphy/ptII/ptolemy/actor/lib/test/auto/BooleanMultiplexor2.xml (RunModel)" time="0.025" />
  <testcase classname="ptolemy.util.test.junit.AutoTests" name="[38] /home/travis/build/icyphy/ptII/ptolemy/actor/lib/test/auto/BooleanMultiplexor3.xml (RunModel)" time="0.023" />
  <testcase classname="ptolemy.util.test.junit.AutoTests" name="[39] /home/travis/build/icyphy/ptII/ptolemy/actor/lib/test/auto/BooleanSelect.xml (RunModel)" time="0.022" />
  <testcase classname="ptolemy.util.test.junit.AutoTests" name="[40] /home/travis/build/icyphy/ptII/ptolemy/actor/lib/test/auto/BooleanSelect2.xml (RunModel)" time="0.013" />
  <testcase classname="ptolemy.util.test.junit.AutoTests" name="[41] /home/travis/build/icyphy/ptII/ptolemy/actor/lib/test/auto/BooleanSwitch.xml (RunModel)" time="0.018" />
  <testcase classname="ptolemy.util.test.junit.AutoTests" name="[42] /home/travis/build/icyphy/ptII/ptolemy/actor/lib/test/auto/BooleanSwitch2.xml (RunModel)" time="0.01" />
  <testcase classname="ptolemy.util.test.junit.AutoTests" name="[43] /home/travis/build/icyphy/ptII/ptolemy/actor/lib/test/auto/BooleanSwitchCloningBugWithClassRelationGroup.xml (RunModel)" time="0.028" />
  <testcase classname="ptolemy.util.test.junit.AutoTests" name="[44] /home/travis/build/icyphy/ptII/ptolemy/actor/lib/test/auto/BusActors.xml (RunModel)" time="0.031" />
  <testcase classname="ptolemy.util.test.junit.AutoTests" name="[45] /home/travis/build/icyphy/ptII/ptolemy/actor/lib/test/auto/ClassWrapper.xml (RunModel)" time="0.02" />
  <testcase classname="ptolemy.util.test.junit.AutoTests" name="[46] /home/travis/build/icyphy/ptII/ptolemy/actor/lib/test/auto/Clock.xml (RunModel)" time="0.007" />
  <testcase classname="ptolemy.util.test.junit.AutoTests" name="[47] /home/travis/build/icyphy/ptII/ptolemy/actor/lib/test/auto/Clock10.xml (RunModel)" time="0.057" />
  <testcase classname="ptolemy.util.test.junit.AutoTests" name="[48] /home/travis/build/icyphy/ptII/ptolemy/actor/lib/test/auto/Clock11.xml (RunModel)" time="0.016" />
  <testcase classname="ptolemy.util.test.junit.AutoTests" name="[49] /home/travis/build/icyphy/ptII/ptolemy/actor/lib/test/auto/Clock12.xml (RunModel)" time="0.019" />
  <testcase classname="ptolemy.util.test.junit.AutoTests" name="[50] /home/travis/build/icyphy/ptII/ptolemy/actor/lib/test/auto/Clock13.xml (RunModel)" time="0.014" />
  <testcase classname="ptolemy.util.test.junit.AutoTests" name="[51] /home/travis/build/icyphy/ptII/ptolemy/actor/lib/test/auto/Clock14.xml (RunModel)" time="0.019" />
  <testcase classname="ptolemy.util.test.junit.AutoTests" name="[52] /home/travis/build/icyphy/ptII/ptolemy/actor/lib/test/auto/Clock15.xml (RunModel)" time="0.011" />
  <testcase classname="ptolemy.util.test.junit.AutoTests" name="[53] /home/travis/build/icyphy/ptII/ptolemy/actor/lib/test/auto/Clock16.xml (RunModel)" time="0.085" />
  <testcase classname="ptolemy.util.test.junit.AutoTests" name="[54] /home/travis/build/icyphy/ptII/ptolemy/actor/lib/test/auto/Clock17.xml (RunModel)" time="0.049" />
  <testcase classname="ptolemy.util.test.junit.AutoTests" name="[55] /home/travis/build/icyphy/ptII/ptolemy/actor/lib/test/auto/Clock18.xml (RunModel)" time="0.05" />
  <testcase classname="ptolemy.util.test.junit.AutoTests" name="[56] /home/travis/build/icyphy/ptII/ptolemy/actor/lib/test/auto/Clock19.xml (RunModel)" time="0.041" />
  <testcase classname="ptolemy.util.test.junit.AutoTests" name="[57] /home/travis/build/icyphy/ptII/ptolemy/actor/lib/test/auto/Clock2.xml (RunModel)" time="0.014" />
  <testcase classname="ptolemy.util.test.junit.AutoTests" name="[58] /home/travis/build/icyphy/ptII/ptolemy/actor/lib/test/auto/Clock20.xml (RunModel)" time="0.02" />
  <testcase classname="ptolemy.util.test.junit.AutoTests" name="[59] /home/travis/build/icyphy/ptII/ptolemy/actor/lib/test/auto/Clock21.xml (RunModel)" time="0.014" />
  <testcase classname="ptolemy.util.test.junit.AutoTests" name="[60] /home/travis/build/icyphy/ptII/ptolemy/actor/lib/test/auto/Clock22.xml (RunModel)" time="0.014" />
  <testcase classname="ptolemy.util.test.junit.AutoTests" name="[61] /home/travis/build/icyphy/ptII/ptolemy/actor/lib/test/auto/Clock23.xml (RunModel)" time="0.016" />
  <testcase classname="ptolemy.util.test.junit.AutoTests" name="[62] /home/travis/build/icyphy/ptII/ptolemy/actor/lib/test/auto/Clock24.xml (RunModel)" time="0.014" />
  <testcase classname="ptolemy.util.test.junit.AutoTests" name="[63] /home/travis/build/icyphy/ptII/ptolemy/actor/lib/test/auto/Clock4.xml (RunModel)" time="0.013" />
  <testcase classname="ptolemy.util.test.junit.AutoTests" name="[64] /home/travis/build/icyphy/ptII/ptolemy/actor/lib/test/auto/Clock5.xml (RunModel)" time="0.016" />
  <testcase classname="ptolemy.util.test.junit.AutoTests" name="[65] /home/travis/build/icyphy/ptII/ptolemy/actor/lib/test/auto/Clock6.xml (RunModel)" time="0.009" />
  <testcase classname="ptolemy.util.test.junit.AutoTests" name="[66] /home/travis/build/icyphy/ptII/ptolemy/actor/lib/test/auto/Clock7.xml (RunModel)" time="0.01" />
  <testcase classname="ptolemy.util.test.junit.AutoTests" name="[67] /home/travis/build/icyphy/ptII/ptolemy/actor/lib/test/auto/Clock8.xml (RunModel)" time="0.015" />
  <testcase classname="ptolemy.util.test.junit.AutoTests" name="[68] /home/travis/build/icyphy/ptII/ptolemy/actor/lib/test/auto/Clock9.xml (RunModel)" time="0.016" />
  <testcase classname="ptolemy.util.test.junit.AutoTests" name="[69] /home/travis/build/icyphy/ptII/ptolemy/actor/lib/test/auto/CommDistDiscard.xml (RunModel)" time="0.021" />
  <testcase classname="ptolemy.util.test.junit.AutoTests" name="[70] /home/travis/build/icyphy/ptII/ptolemy/actor/lib/test/auto/Commutator.xml (RunModel)" time="0.013" />
  <testcase classname="ptolemy.util.test.junit.AutoTests" name="[71] /home/travis/build/icyphy/ptII/ptolemy/actor/lib/test/auto/Commutator2.xml (RunModel)" time="0.01" />
  <testcase classname="ptolemy.util.test.junit.AutoTests" name="[72] /home/travis/build/icyphy/ptII/ptolemy/actor/lib/test/auto/Commutator3.xml (RunModel)" time="0.013" />
  <testcase classname="ptolemy.util.test.junit.AutoTests" name="[73] /home/travis/build/icyphy/ptII/ptolemy/actor/lib/test/auto/Compare.xml (RunModel)" time="0.021" />
  <testcase classname="ptolemy.util.test.junit.AutoTests" name="[74] /home/travis/build/icyphy/ptII/ptolemy/actor/lib/test/auto/CompareDE.xml (RunModel)" time="0.023" />
  <testcase classname="ptolemy.util.test.junit.AutoTests" name="[75] /home/travis/build/icyphy/ptII/ptolemy/actor/lib/test/auto/ComplexDivide.xml (RunModel)" time="0.009" />
  <testcase classname="ptolemy.util.test.junit.AutoTests" name="[76] /home/travis/build/icyphy/ptII/ptolemy/actor/lib/test/auto/ComputeHistogram.xml (RunModel)" time="0.063" />
  <testcase classname="ptolemy.util.test.junit.AutoTests" name="[77] /home/travis/build/icyphy/ptII/ptolemy/actor/lib/test/auto/ConfigurationSelect.xml (RunModel)" time="0.02" />
  <testcase classname="ptolemy.util.test.junit.AutoTests" name="[78] /home/travis/build/icyphy/ptII/ptolemy/actor/lib/test/auto/ConfigurationSelect2.xml (RunModel)" time="0.014" />
  <testcase classname="ptolemy.util.test.junit.AutoTests" name="[79] /home/travis/build/icyphy/ptII/ptolemy/actor/lib/test/auto/ConfigurationSwitch.xml (RunModel)" time="0.027" />
  <testcase classname="ptolemy.util.test.junit.AutoTests" name="[80] /home/travis/build/icyphy/ptII/ptolemy/actor/lib/test/auto/ConfigurationSwitch2.xml (RunModel)" time="0.014" />
  <testcase classname="ptolemy.util.test.junit.AutoTests" name="[81] /home/travis/build/icyphy/ptII/ptolemy/actor/lib/test/auto/ConfigurationSwitchCloningBugWithClassRelationGroup.xml (RunModel)" time="0.014" />
  <testcase classname="ptolemy.util.test.junit.AutoTests" name="[82] /home/travis/build/icyphy/ptII/ptolemy/actor/lib/test/auto/ConfigurationSwitchSelectSDF.xml (RunModel)" time="0.012" />
  <testcase classname="ptolemy.util.test.junit.AutoTests" name="[83] /home/travis/build/icyphy/ptII/ptolemy/actor/lib/test/auto/ConfigurationSwitchSelectSDF2.xml (RunModel)" time="0.011" />
  <testcase classname="ptolemy.util.test.junit.AutoTests" name="[84] /home/travis/build/icyphy/ptII/ptolemy/actor/lib/test/auto/Const.xml (RunModel)" time="0.006" />
  <testcase classname="ptolemy.util.test.junit.AutoTests" name="[85] /home/travis/build/icyphy/ptII/ptolemy/actor/lib/test/auto/Const2.xml (RunModel)" time="0.007" />
  <testcase classname="ptolemy.util.test.junit.AutoTests" name="[86] /home/travis/build/icyphy/ptII/ptolemy/actor/lib/test/auto/Const3.xml (RunModel)" time="0.005" />
  <testcase classname="ptolemy.util.test.junit.AutoTests" name="[87] /home/travis/build/icyphy/ptII/ptolemy/actor/lib/test/auto/ConstantPublisherPort1.xml (RunModel)" time="0.016" />
  <testcase classname="ptolemy.util.test.junit.AutoTests" name="[88] /home/travis/build/icyphy/ptII/ptolemy/actor/lib/test/auto/ConstantPublisherPort2.xml (RunModel)" time="0.019" />
  <testcase classname="ptolemy.util.test.junit.AutoTests" name="[89] /home/travis/build/icyphy/ptII/ptolemy/actor/lib/test/auto/ConstantPublisherPort3.xml (RunModel)" time="0.022" />
  <testcase classname="ptolemy.util.test.junit.AutoTests" name="[90] /home/travis/build/icyphy/ptII/ptolemy/actor/lib/test/auto/ConstantPublisherPort4.xml (RunModel)" time="0.014" />
  <testcase classname="ptolemy.util.test.junit.AutoTests" name="[91] /home/travis/build/icyphy/ptII/ptolemy/actor/lib/test/auto/ConstantPublisherPort5.xml (RunModel)" time="0.038" />
  <testcase classname="ptolemy.util.test.junit.AutoTests" name="[92] /home/travis/build/icyphy/ptII/ptolemy/actor/lib/test/auto/ConstantPublisherPort6.xml (RunModel)" time="0.026" />
  <testcase classname="ptolemy.util.test.junit.AutoTests" name="[93] /home/travis/build/icyphy/ptII/ptolemy/actor/lib/test/auto/ConstantPublisherPort7.xml (RunModel)" time="0.031" />
  <testcase classname="ptolemy.util.test.junit.AutoTests" name="[94] /home/travis/build/icyphy/ptII/ptolemy/actor/lib/test/auto/ConstraintMonitor1.xml (RunModel)" time="0.033" />
  <testcase classname="ptolemy.util.test.junit.AutoTests" name="[95] /home/travis/build/icyphy/ptII/ptolemy/actor/lib/test/auto/ConstraintMonitor2.xml (RunModel)" time="0.018" />
  <testcase classname="ptolemy.util.test.junit.AutoTests" name="[96] /home/travis/build/icyphy/ptII/ptolemy/actor/lib/test/auto/ConstraintMonitor3.xml (RunModel)" time="0.015" />
  <testcase classname="ptolemy.util.test.junit.AutoTests" name="[97] /home/travis/build/icyphy/ptII/ptolemy/actor/lib/test/auto/ConstraintMonitor4.xml (RunModel)" time="0.012" />
  <testcase classname="ptolemy.util.test.junit.AutoTests" name="[98] /home/travis/build/icyphy/ptII/ptolemy/actor/lib/test/auto/ConstraintMonitor5.xml (RunModel)" time="0.009" />
  <testcase classname="ptolemy.util.test.junit.AutoTests" name="[99] /home/travis/build/icyphy/ptII/ptolemy/actor/lib/test/auto/ConstraintMonitor6.xml (RunModel)" time="0.012" />
  <testcase classname="ptolemy.util.test.junit.AutoTests" name="[100] /home/travis/build/icyphy/ptII/ptolemy/actor/lib/test/auto/ConstraintMonitor7.xml (RunModel)" time="0.021" />
  <testcase classname="ptolemy.util.test.junit.AutoTests" name="[101] /home/travis/build/icyphy/ptII/ptolemy/actor/lib/test/auto/ConstraintMonitor8.xml (RunModel)" time="0.016" />
  <testcase classname="ptolemy.util.test.junit.AutoTests" name="[102] /home/travis/build/icyphy/ptII/ptolemy/actor/lib/test/auto/Counter.xml (RunModel)" time="0.019" />
  <testcase classname="ptolemy.util.test.junit.AutoTests" name="[103] /home/travis/build/icyphy/ptII/ptolemy/actor/lib/test/auto/CurrentTimeSDF.xml (RunModel)" time="0.007" />
  <testcase classname="ptolemy.util.test.junit.AutoTests" name="[104] /home/travis/build/icyphy/ptII/ptolemy/actor/lib/test/auto/DB.xml (RunModel)" time="0.014" />
  <testcase classname="ptolemy.util.test.junit.AutoTests" name="[105] /home/travis/build/icyphy/ptII/ptolemy/actor/lib/test/auto/DBDE.xml (RunModel)" time="0.011" />
  <testcase classname="ptolemy.util.test.junit.AutoTests" name="[106] /home/travis/build/icyphy/ptII/ptolemy/actor/lib/test/auto/DateConstructor.xml (RunModel)" time="0.061" />
  <testcase classname="ptolemy.util.test.junit.AutoTests" name="[107] /home/travis/build/icyphy/ptII/ptolemy/actor/lib/test/auto/DelayTime.xml (RunModel)" time="0.014" />
  <testcase classname="ptolemy.util.test.junit.AutoTests" name="[108] /home/travis/build/icyphy/ptII/ptolemy/actor/lib/test/auto/Dictionary1.xml (RunModel)" time="0.017" />
  <testcase classname="ptolemy.util.test.junit.AutoTests" name="[109] /home/travis/build/icyphy/ptII/ptolemy/actor/lib/test/auto/Dictionary2.xml (RunModel)" time="0.013" />
  <testcase classname="ptolemy.util.test.junit.AutoTests" name="[110] /home/travis/build/icyphy/ptII/ptolemy/actor/lib/test/auto/Dictionary3.xml (RunModel)" time="0.012" />
  <testcase classname="ptolemy.util.test.junit.AutoTests" name="[111] /home/travis/build/icyphy/ptII/ptolemy/actor/lib/test/auto/Dictionary4.xml (RunModel)" time="0.017" />
  <testcase classname="ptolemy.util.test.junit.AutoTests" name="[112] /home/travis/build/icyphy/ptII/ptolemy/actor/lib/test/auto/Differential.xml (RunModel)" time="0.01" />
  <testcase classname="ptolemy.util.test.junit.AutoTests" name="[113] /home/travis/build/icyphy/ptII/ptolemy/actor/lib/test/auto/Director.xml (RunModel)" time="0.008" />
  <testcase classname="ptolemy.util.test.junit.AutoTests" name="[114] /home/travis/build/icyphy/ptII/ptolemy/actor/lib/test/auto/DiscreteClock.xml (RunModel)" time="0.007" />
  <testcase classname="ptolemy.util.test.junit.AutoTests" name="[115] /home/travis/build/icyphy/ptII/ptolemy/actor/lib/test/auto/DiscreteClock10.xml (RunModel)" time="0.012" />
  <testcase classname="ptolemy.util.test.junit.AutoTests" name="[116] /home/travis/build/icyphy/ptII/ptolemy/actor/lib/test/auto/DiscreteClock11.xml (RunModel)" time="0.013" />
  <testcase classname="ptolemy.util.test.junit.AutoTests" name="[117] /home/travis/build/icyphy/ptII/ptolemy/actor/lib/test/auto/DiscreteClock12.xml (RunModel)" time="0.015" />
  <testcase classname="ptolemy.util.test.junit.AutoTests" name="[118] /home/travis/build/icyphy/ptII/ptolemy/actor/lib/test/auto/DiscreteClock13.xml (RunModel)" time="0.017" />
  <testcase classname="ptolemy.util.test.junit.AutoTests" name="[119] /home/travis/build/icyphy/ptII/ptolemy/actor/lib/test/auto/DiscreteClock14.xml (RunModel)" time="0.011" />
  <testcase classname="ptolemy.util.test.junit.AutoTests" name="[120] /home/travis/build/icyphy/ptII/ptolemy/actor/lib/test/auto/DiscreteClock15.xml (RunModel)" time="0.013" />
  <testcase classname="ptolemy.util.test.junit.AutoTests" name="[121] /home/travis/build/icyphy/ptII/ptolemy/actor/lib/test/auto/DiscreteClock16.xml (RunModel)" time="0.036" />
  <testcase classname="ptolemy.util.test.junit.AutoTests" name="[122] /home/travis/build/icyphy/ptII/ptolemy/actor/lib/test/auto/DiscreteClock17.xml (RunModel)" time="0.032" />
  <testcase classname="ptolemy.util.test.junit.AutoTests" name="[123] /home/travis/build/icyphy/ptII/ptolemy/actor/lib/test/auto/DiscreteClock18.xml (RunModel)" time="0.038" />
  <testcase classname="ptolemy.util.test.junit.AutoTests" name="[124] /home/travis/build/icyphy/ptII/ptolemy/actor/lib/test/auto/DiscreteClock19.xml (RunModel)" time="0.041" />
  <testcase classname="ptolemy.util.test.junit.AutoTests" name="[125] /home/travis/build/icyphy/ptII/ptolemy/actor/lib/test/auto/DiscreteClock2.xml (RunModel)" time="0.04" />
  <testcase classname="ptolemy.util.test.junit.AutoTests" name="[126] /home/travis/build/icyphy/ptII/ptolemy/actor/lib/test/auto/DiscreteClock20.xml (RunModel)" time="0.016" />
  <testcase classname="ptolemy.util.test.junit.AutoTests" name="[127] /home/travis/build/icyphy/ptII/ptolemy/actor/lib/test/auto/DiscreteClock21.xml (RunModel)" time="0.013" />
  <testcase classname="ptolemy.util.test.junit.AutoTests" name="[128] /home/travis/build/icyphy/ptII/ptolemy/actor/lib/test/auto/DiscreteClock22.xml (RunModel)" time="0.01" />
  <testcase classname="ptolemy.util.test.junit.AutoTests" name="[129] /home/travis/build/icyphy/ptII/ptolemy/actor/lib/test/auto/DiscreteClock23.xml (RunModel)" time="0.011" />
  <testcase classname="ptolemy.util.test.junit.AutoTests" name="[130] /home/travis/build/icyphy/ptII/ptolemy/actor/lib/test/auto/DiscreteClock24.xml (RunModel)" time="0.012" />
  <testcase classname="ptolemy.util.test.junit.AutoTests" name="[131] /home/travis/build/icyphy/ptII/ptolemy/actor/lib/test/auto/DiscreteClock4.xml (RunModel)" time="0.012" />
  <testcase classname="ptolemy.util.test.junit.AutoTests" name="[132] /home/travis/build/icyphy/ptII/ptolemy/actor/lib/test/auto/DiscreteClock5.xml (RunModel)" time="0.007" />
  <testcase classname="ptolemy.util.test.junit.AutoTests" name="[133] /home/travis/build/icyphy/ptII/ptolemy/actor/lib/test/auto/DiscreteClock6.xml (RunModel)" time="0.008" />
  <testcase classname="ptolemy.util.test.junit.AutoTests" name="[134] /home/travis/build/icyphy/ptII/ptolemy/actor/lib/test/auto/DiscreteClock7.xml (RunModel)" time="0.008" />
  <testcase classname="ptolemy.util.test.junit.AutoTests" name="[135] /home/travis/build/icyphy/ptII/ptolemy/actor/lib/test/auto/DiscreteClock8.xml (RunModel)" time="0.014" />
  <testcase classname="ptolemy.util.test.junit.AutoTests" name="[136] /home/travis/build/icyphy/ptII/ptolemy/actor/lib/test/auto/DiscreteClock9.xml (RunModel)" time="0.012" />
  <testcase classname="ptolemy.util.test.junit.AutoTests" name="[137] /home/travis/build/icyphy/ptII/ptolemy/actor/lib/test/auto/DisplayArray.xml (RunModel)" time="0.009" />
  <testcase classname="ptolemy.util.test.junit.AutoTests" name="[138] /home/travis/build/icyphy/ptII/ptolemy/actor/lib/test/auto/Distributor.xml (RunModel)" time="0.008" />
  <testcase classname="ptolemy.util.test.junit.AutoTests" name="[139] /home/travis/build/icyphy/ptII/ptolemy/actor/lib/test/auto/Distributor2.xml (RunModel)" time="0.01" />
  <testcase classname="ptolemy.util.test.junit.AutoTests" name="[140] /home/travis/build/icyphy/ptII/ptolemy/actor/lib/test/auto/DownSample.xml (RunModel)" time="0.007" />
  <testcase classname="ptolemy.util.test.junit.AutoTests" name="[141] /home/travis/build/icyphy/ptII/ptolemy/actor/lib/test/auto/ElectronicUnitBase1.xml (RunModel)" time="0.054" />
  <testcase classname="ptolemy.util.test.junit.AutoTests" name="[142] /home/travis/build/icyphy/ptII/ptolemy/actor/lib/test/auto/ElementsToArray.xml (RunModel)" time="0.01" />
  <testcase classname="ptolemy.util.test.junit.AutoTests" name="[143] /home/travis/build/icyphy/ptII/ptolemy/actor/lib/test/auto/Equals.xml (RunModel)" time="0.016" />
  <testcase classname="ptolemy.util.test.junit.AutoTests" name="[144] /home/travis/build/icyphy/ptII/ptolemy/actor/lib/test/auto/Exec.xml (RunModel)" time="0.028" />
  <testcase classname="ptolemy.util.test.junit.AutoTests" name="[145] /home/travis/build/icyphy/ptII/ptolemy/actor/lib/test/auto/ExecEnvironment.xml (RunModel)" time="0.029" />
  <testcase classname="ptolemy.util.test.junit.AutoTests" name="[146] /home/travis/build/icyphy/ptII/ptolemy/actor/lib/test/auto/ExecNonZeroReturnOutput.xml (RunModel)" time="0.179" />
  <testcase classname="ptolemy.util.test.junit.AutoTests" name="[147] /home/travis/build/icyphy/ptII/ptolemy/actor/lib/test/auto/ExecRunDemos.xml (RunModel)" time="10.266" />
  <testcase classname="ptolemy.util.test.junit.AutoTests" name="[148] /home/travis/build/icyphy/ptII/ptolemy/actor/lib/test/auto/ExecStop.xml (RunModel)" time="5.026" />
  <testcase classname="ptolemy.util.test.junit.AutoTests" name="[149] /home/travis/build/icyphy/ptII/ptolemy/actor/lib/test/auto/ExecutionTimeSDF.xml (RunModel)" time="6.064">
    <error type="java.lang.reflect.InvocationTargetException">java.lang.reflect.InvocationTargetException
	at jdk.internal.reflect.GeneratedConstructorAccessor36.newInstance(Unknown Source)
	at java.base/jdk.internal.reflect.DelegatingConstructorAccessorImpl.newInstance(DelegatingConstructorAccessorImpl.java:45)
	at java.base/java.lang.reflect.Constructor.newInstance(Constructor.java:490)
	at ptolemy.util.test.junit.AutoTests.RunModel(AutoTests.java:193)
	at jdk.internal.reflect.GeneratedMethodAccessor43.invoke(Unknown Source)
	at java.base/jdk.internal.reflect.DelegatingMethodAccessorImpl.invoke(DelegatingMethodAccessorImpl.java:43)
	at junitparams.internal.InvokeParameterisedMethod.evaluate(InvokeParameterisedMethod.java:102)
Caused by: ptolemy.kernel.util.IllegalActionException: Test fails in iteration 0.
Value was: 6001L. Should have been: 6000L
  in .ExecutionTimeSDF.NonStrictTest
	at ptolemy.actor.lib.NonStrictTest.postfire(NonStrictTest.java:328)
	at ptolemy.actor.AtomicActor.iterate(AtomicActor.java:518)
	at ptolemy.actor.sched.StaticSchedulingDirector.fire(StaticSchedulingDirector.java:216)
	at ptolemy.domains.sdf.kernel.SDFDirector.fire(SDFDirector.java:500)
	at ptolemy.actor.CompositeActor.fire(CompositeActor.java:455)
	at ptolemy.actor.Manager.iterate(Manager.java:851)
	at ptolemy.actor.Manager.execute(Manager.java:369)
	at ptolemy.actor.Manager.run(Manager.java:1263)
	at ptolemy.actor.Manager$PtolemyRunThread.run(Manager.java:1933)
</error>
  </testcase>
  <testcase classname="ptolemy.util.test.junit.AutoTests" name="[150] /home/travis/build/icyphy/ptII/ptolemy/actor/lib/test/auto/Expression1.xml (RunModel)" time="0.015" />
  <testcase classname="ptolemy.util.test.junit.AutoTests" name="[151] /home/travis/build/icyphy/ptII/ptolemy/actor/lib/test/auto/Expression10.xml (RunModel)" time="0.018" />
  <testcase classname="ptolemy.util.test.junit.AutoTests" name="[152] /home/travis/build/icyphy/ptII/ptolemy/actor/lib/test/auto/Expression11.xml (RunModel)" time="0.022" />
  <testcase classname="ptolemy.util.test.junit.AutoTests" name="[153] /home/travis/build/icyphy/ptII/ptolemy/actor/lib/test/auto/Expression12.xml (RunModel)" time="0.025" />
  <testcase classname="ptolemy.util.test.junit.AutoTests" name="[154] /home/travis/build/icyphy/ptII/ptolemy/actor/lib/test/auto/Expression13.xml (RunModel)" time="0.011" />
  <testcase classname="ptolemy.util.test.junit.AutoTests" name="[155] /home/travis/build/icyphy/ptII/ptolemy/actor/lib/test/auto/Expression14.xml (RunModel)" time="0.014" />
  <testcase classname="ptolemy.util.test.junit.AutoTests" name="[156] /home/travis/build/icyphy/ptII/ptolemy/actor/lib/test/auto/Expression15.xml (RunModel)" time="0.01" />
  <testcase classname="ptolemy.util.test.junit.AutoTests" name="[157] /home/travis/build/icyphy/ptII/ptolemy/actor/lib/test/auto/Expression16.xml (RunModel)" time="0.011" />
  <testcase classname="ptolemy.util.test.junit.AutoTests" name="[158] /home/travis/build/icyphy/ptII/ptolemy/actor/lib/test/auto/Expression17.xml (RunModel)" time="0.01" />
  <testcase classname="ptolemy.util.test.junit.AutoTests" name="[159] /home/travis/build/icyphy/ptII/ptolemy/actor/lib/test/auto/Expression18.xml (RunModel)" time="0.011" />
  <testcase classname="ptolemy.util.test.junit.AutoTests" name="[160] /home/travis/build/icyphy/ptII/ptolemy/actor/lib/test/auto/Expression2.xml (RunModel)" time="0.012" />
  <testcase classname="ptolemy.util.test.junit.AutoTests" name="[161] /home/travis/build/icyphy/ptII/ptolemy/actor/lib/test/auto/Expression3.xml (RunModel)" time="0.012" />
  <testcase classname="ptolemy.util.test.junit.AutoTests" name="[162] /home/travis/build/icyphy/ptII/ptolemy/actor/lib/test/auto/Expression4.xml (RunModel)" time="0.023" />
  <testcase classname="ptolemy.util.test.junit.AutoTests" name="[163] /home/travis/build/icyphy/ptII/ptolemy/actor/lib/test/auto/Expression5.xml (RunModel)" time="0.011" />
  <testcase classname="ptolemy.util.test.junit.AutoTests" name="[164] /home/travis/build/icyphy/ptII/ptolemy/actor/lib/test/auto/Expression6.xml (RunModel)" time="0.007" />
  <testcase classname="ptolemy.util.test.junit.AutoTests" name="[165] /home/travis/build/icyphy/ptII/ptolemy/actor/lib/test/auto/Expression7.xml (RunModel)" time="0.01" />
  <testcase classname="ptolemy.util.test.junit.AutoTests" name="[166] /home/travis/build/icyphy/ptII/ptolemy/actor/lib/test/auto/Expression8.xml (RunModel)" time="0.014" />
  <testcase classname="ptolemy.util.test.junit.AutoTests" name="[167] /home/travis/build/icyphy/ptII/ptolemy/actor/lib/test/auto/Expression9.xml (RunModel)" time="0.007" />
  <testcase classname="ptolemy.util.test.junit.AutoTests" name="[168] /home/travis/build/icyphy/ptII/ptolemy/actor/lib/test/auto/ExpressionConcatenateArrayType.xml (RunModel)" time="0.023" />
  <testcase classname="ptolemy.util.test.junit.AutoTests" name="[169] /home/travis/build/icyphy/ptII/ptolemy/actor/lib/test/auto/ExpressionConcatenateArrayType2.xml (RunModel)" time="0.019" />
  <testcase classname="ptolemy.util.test.junit.AutoTests" name="[170] /home/travis/build/icyphy/ptII/ptolemy/actor/lib/test/auto/ExpressionFix.xml (RunModel)" time="0.043" />
  <testcase classname="ptolemy.util.test.junit.AutoTests" name="[171] /home/travis/build/icyphy/ptII/ptolemy/actor/lib/test/auto/ExpressionFix2.xml (RunModel)" time="0.01" />
  <testcase classname="ptolemy.util.test.junit.AutoTests" name="[172] /home/travis/build/icyphy/ptII/ptolemy/actor/lib/test/auto/ExpressionFix3.xml (RunModel)" time="0.009" />
  <testcase classname="ptolemy.util.test.junit.AutoTests" name="[173] /home/travis/build/icyphy/ptII/ptolemy/actor/lib/test/auto/FileWriter1.xml (RunModel)" time="0.013" />
  <testcase classname="ptolemy.util.test.junit.AutoTests" name="[174] /home/travis/build/icyphy/ptII/ptolemy/actor/lib/test/auto/FileWriter2.xml (RunModel)" time="0.012" />
  <testcase classname="ptolemy.util.test.junit.AutoTests" name="[175] /home/travis/build/icyphy/ptII/ptolemy/actor/lib/test/auto/FileWriter3.xml (RunModel)" time="0.008" />
  <testcase classname="ptolemy.util.test.junit.AutoTests" name="[176] /home/travis/build/icyphy/ptII/ptolemy/actor/lib/test/auto/Gaussian.xml (RunModel)" time="0.01" />
  <testcase classname="ptolemy.util.test.junit.AutoTests" name="[177] /home/travis/build/icyphy/ptII/ptolemy/actor/lib/test/auto/Gaussian1.xml (RunModel)" time="0.01" />
  <testcase classname="ptolemy.util.test.junit.AutoTests" name="[178] /home/travis/build/icyphy/ptII/ptolemy/actor/lib/test/auto/Gaussian2.xml (RunModel)" time="0.014" />
  <testcase classname="ptolemy.util.test.junit.AutoTests" name="[179] /home/travis/build/icyphy/ptII/ptolemy/actor/lib/test/auto/GradientAdaptiveLattice.xml (RunModel)" time="0.012" />
  <testcase classname="ptolemy.util.test.junit.AutoTests" name="[180] /home/travis/build/icyphy/ptII/ptolemy/actor/lib/test/auto/IIR.xml (RunModel)" time="0.008" />
  <testcase classname="ptolemy.util.test.junit.AutoTests" name="[181] /home/travis/build/icyphy/ptII/ptolemy/actor/lib/test/auto/InputOutputTransparentPorts.xml (RunModel)" time="0.016" />
  <testcase classname="ptolemy.util.test.junit.AutoTests" name="[182] /home/travis/build/icyphy/ptII/ptolemy/actor/lib/test/auto/Interpolator.xml (RunModel)" time="0.01" />
  <testcase classname="ptolemy.util.test.junit.AutoTests" name="[183] /home/travis/build/icyphy/ptII/ptolemy/actor/lib/test/auto/InterpolatorFiringLimitDE.xml (RunModel)" time="0.011" />
  <testcase classname="ptolemy.util.test.junit.AutoTests" name="[184] /home/travis/build/icyphy/ptII/ptolemy/actor/lib/test/auto/Lattice.xml (RunModel)" time="0.009" />
  <testcase classname="ptolemy.util.test.junit.AutoTests" name="[185] /home/travis/build/icyphy/ptII/ptolemy/actor/lib/test/auto/LazyAOCTestLazy.xml (RunModel)" time="0.024" />
  <testcase classname="ptolemy.util.test.junit.AutoTests" name="[186] /home/travis/build/icyphy/ptII/ptolemy/actor/lib/test/auto/LazyAOCTestNonLazy.xml (RunModel)" time="0.044" />
  <testcase classname="ptolemy.util.test.junit.AutoTests" name="[187] /home/travis/build/icyphy/ptII/ptolemy/actor/lib/test/auto/LazyInnerClass.xml (RunModel)" time="0.043" />
  <testcase classname="ptolemy.util.test.junit.AutoTests" name="[188] /home/travis/build/icyphy/ptII/ptolemy/actor/lib/test/auto/LazyPubSub.xml (RunModel)" time="0.047" />
  <testcase classname="ptolemy.util.test.junit.AutoTests" name="[189] /home/travis/build/icyphy/ptII/ptolemy/actor/lib/test/auto/LazyPubSub2.xml (RunModel)" time="0.019" />
  <testcase classname="ptolemy.util.test.junit.AutoTests" name="[190] /home/travis/build/icyphy/ptII/ptolemy/actor/lib/test/auto/LazyPubSub3.xml (RunModel)" time="0.02" />
  <testcase classname="ptolemy.util.test.junit.AutoTests" name="[191] /home/travis/build/icyphy/ptII/ptolemy/actor/lib/test/auto/LazySubClassModel.xml (RunModel)" time="0.023" />
  <testcase classname="ptolemy.util.test.junit.AutoTests" name="[192] /home/travis/build/icyphy/ptII/ptolemy/actor/lib/test/auto/LevelCrossTest1.xml (RunModel)" time="0.008" />
  <testcase classname="ptolemy.util.test.junit.AutoTests" name="[193] /home/travis/build/icyphy/ptII/ptolemy/actor/lib/test/auto/LevelCrossTest10.xml (RunModel)" time="0.014" />
  <testcase classname="ptolemy.util.test.junit.AutoTests" name="[194] /home/travis/build/icyphy/ptII/ptolemy/actor/lib/test/auto/LevelCrossTest11.xml (RunModel)" time="0.013" />
  <testcase classname="ptolemy.util.test.junit.AutoTests" name="[195] /home/travis/build/icyphy/ptII/ptolemy/actor/lib/test/auto/LevelCrossTest12.xml (RunModel)" time="0.014" />
  <testcase classname="ptolemy.util.test.junit.AutoTests" name="[196] /home/travis/build/icyphy/ptII/ptolemy/actor/lib/test/auto/LevelCrossTest13.xml (RunModel)" time="0.012" />
  <testcase classname="ptolemy.util.test.junit.AutoTests" name="[197] /home/travis/build/icyphy/ptII/ptolemy/actor/lib/test/auto/LevelCrossTest2.xml (RunModel)" time="0.008" />
  <testcase classname="ptolemy.util.test.junit.AutoTests" name="[198] /home/travis/build/icyphy/ptII/ptolemy/actor/lib/test/auto/LevelCrossTest3.xml (RunModel)" time="0.009" />
  <testcase classname="ptolemy.util.test.junit.AutoTests" name="[199] /home/travis/build/icyphy/ptII/ptolemy/actor/lib/test/auto/LevelCrossTest4.xml (RunModel)" time="0.009" />
  <testcase classname="ptolemy.util.test.junit.AutoTests" name="[200] /home/travis/build/icyphy/ptII/ptolemy/actor/lib/test/auto/LevelCrossTest5.xml (RunModel)" time="0.013" />
  <testcase classname="ptolemy.util.test.junit.AutoTests" name="[201] /home/travis/build/icyphy/ptII/ptolemy/actor/lib/test/auto/LevelCrossTest6.xml (RunModel)" time="0.011" />
  <testcase classname="ptolemy.util.test.junit.AutoTests" name="[202] /home/travis/build/icyphy/ptII/ptolemy/actor/lib/test/auto/LevelCrossTest7.xml (RunModel)" time="0.045" />
  <testcase classname="ptolemy.util.test.junit.AutoTests" name="[203] /home/travis/build/icyphy/ptII/ptolemy/actor/lib/test/auto/LevelCrossTest8.xml (RunModel)" time="0.012" />
  <testcase classname="ptolemy.util.test.junit.AutoTests" name="[204] /home/travis/build/icyphy/ptII/ptolemy/actor/lib/test/auto/LevelCrossTest9.xml (RunModel)" time="0.011" />
  <testcase classname="ptolemy.util.test.junit.AutoTests" name="[205] /home/travis/build/icyphy/ptII/ptolemy/actor/lib/test/auto/LevinsonDurbin.xml (RunModel)" time="0.013" />
  <testcase classname="ptolemy.util.test.junit.AutoTests" name="[206] /home/travis/build/icyphy/ptII/ptolemy/actor/lib/test/auto/LevinsonDurbin2.xml (RunModel)" time="0.008" />
  <testcase classname="ptolemy.util.test.junit.AutoTests" name="[207] /home/travis/build/icyphy/ptII/ptolemy/actor/lib/test/auto/LevinsonDurbin3.xml (RunModel)" time="0.008" />
  <testcase classname="ptolemy.util.test.junit.AutoTests" name="[208] /home/travis/build/icyphy/ptII/ptolemy/actor/lib/test/auto/Limiter.xml (RunModel)" time="0.033" />
  <testcase classname="ptolemy.util.test.junit.AutoTests" name="[209] /home/travis/build/icyphy/ptII/ptolemy/actor/lib/test/auto/LinearDifferenceEquationSystem.xml (RunModel)" time="0.018" />
  <testcase classname="ptolemy.util.test.junit.AutoTests" name="[210] /home/travis/build/icyphy/ptII/ptolemy/actor/lib/test/auto/LookupTable.xml (RunModel)" time="0.013" />
  <testcase classname="ptolemy.util.test.junit.AutoTests" name="[211] /home/travis/build/icyphy/ptII/ptolemy/actor/lib/test/auto/MathFunction.xml (RunModel)" time="0.029" />
  <testcase classname="ptolemy.util.test.junit.AutoTests" name="[212] /home/travis/build/icyphy/ptII/ptolemy/actor/lib/test/auto/MathFunction2.xml (RunModel)" time="0.015" />
  <testcase classname="ptolemy.util.test.junit.AutoTests" name="[213] /home/travis/build/icyphy/ptII/ptolemy/actor/lib/test/auto/MathFunction3.xml (RunModel)" time="0.018" />
  <testcase classname="ptolemy.util.test.junit.AutoTests" name="[214] /home/travis/build/icyphy/ptII/ptolemy/actor/lib/test/auto/MatrixCropBoolean.xml (RunModel)" time="0.015" />
  <testcase classname="ptolemy.util.test.junit.AutoTests" name="[215] /home/travis/build/icyphy/ptII/ptolemy/actor/lib/test/auto/MatrixCropComplex.xml (RunModel)" time="0.008" />
  <testcase classname="ptolemy.util.test.junit.AutoTests" name="[216] /home/travis/build/icyphy/ptII/ptolemy/actor/lib/test/auto/MatrixCropDouble.xml (RunModel)" time="0.008" />
  <testcase classname="ptolemy.util.test.junit.AutoTests" name="[217] /home/travis/build/icyphy/ptII/ptolemy/actor/lib/test/auto/MatrixCropFix.xml (RunModel)" time="0.012" />
  <testcase classname="ptolemy.util.test.junit.AutoTests" name="[218] /home/travis/build/icyphy/ptII/ptolemy/actor/lib/test/auto/MatrixCropInt.xml (RunModel)" time="0.007" />
  <testcase classname="ptolemy.util.test.junit.AutoTests" name="[219] /home/travis/build/icyphy/ptII/ptolemy/actor/lib/test/auto/MatrixCropLong.xml (RunModel)" time="0.007" />
  <testcase classname="ptolemy.util.test.junit.AutoTests" name="[220] /home/travis/build/icyphy/ptII/ptolemy/actor/lib/test/auto/MatrixToArray.xml (RunModel)" time="0.048" />
  <testcase classname="ptolemy.util.test.junit.AutoTests" name="[221] /home/travis/build/icyphy/ptII/ptolemy/actor/lib/test/auto/MaxIndex.xml (RunModel)" time="0.011" />
  <testcase classname="ptolemy.util.test.junit.AutoTests" name="[222] /home/travis/build/icyphy/ptII/ptolemy/actor/lib/test/auto/Maximum.xml (RunModel)" time="0.011" />
  <testcase classname="ptolemy.util.test.junit.AutoTests" name="[223] /home/travis/build/icyphy/ptII/ptolemy/actor/lib/test/auto/MaximumComplex.xml (RunModel)" time="0.013" />
  <testcase classname="ptolemy.util.test.junit.AutoTests" name="[224] /home/travis/build/icyphy/ptII/ptolemy/actor/lib/test/auto/MethodCallTest.xml (RunModel)" time="0.018" />
  <testcase classname="ptolemy.util.test.junit.AutoTests" name="[225] /home/travis/build/icyphy/ptII/ptolemy/actor/lib/test/auto/Minimum.xml (RunModel)" time="0.012" />
  <testcase classname="ptolemy.util.test.junit.AutoTests" name="[226] /home/travis/build/icyphy/ptII/ptolemy/actor/lib/test/auto/MinimumComplex.xml (RunModel)" time="0.022" />
  <testcase classname="ptolemy.util.test.junit.AutoTests" name="[227] /home/travis/build/icyphy/ptII/ptolemy/actor/lib/test/auto/MinimumMultiports.xml (RunModel)" time="0.014" />
  <testcase classname="ptolemy.util.test.junit.AutoTests" name="[228] /home/travis/build/icyphy/ptII/ptolemy/actor/lib/test/auto/ModifyDate.xml (RunModel)" time="0.035" />
  <testcase classname="ptolemy.util.test.junit.AutoTests" name="[229] /home/travis/build/icyphy/ptII/ptolemy/actor/lib/test/auto/ModifyDate2.xml (RunModel)" time="0.02" />
  <testcase classname="ptolemy.util.test.junit.AutoTests" name="[230] /home/travis/build/icyphy/ptII/ptolemy/actor/lib/test/auto/MovingAverage.xml (RunModel)" time="0.009" />
  <testcase classname="ptolemy.util.test.junit.AutoTests" name="[231] /home/travis/build/icyphy/ptII/ptolemy/actor/lib/test/auto/MovingMaximum.xml (RunModel)" time="0.01" />
  <testcase classname="ptolemy.util.test.junit.AutoTests" name="[232] /home/travis/build/icyphy/ptII/ptolemy/actor/lib/test/auto/MultipleLinksToSameRelation.xml (RunModel)" time="0.009" />
  <testcase classname="ptolemy.util.test.junit.AutoTests" name="[233] /home/travis/build/icyphy/ptII/ptolemy/actor/lib/test/auto/MultipleLinksToSameRelationDE.xml (RunModel)" time="0.007" />
  <testcase classname="ptolemy.util.test.junit.AutoTests" name="[234] /home/travis/build/icyphy/ptII/ptolemy/actor/lib/test/auto/Multiplexor.xml (RunModel)" time="0.009" />
  <testcase classname="ptolemy.util.test.junit.AutoTests" name="[235] /home/travis/build/icyphy/ptII/ptolemy/actor/lib/test/auto/Multiplexor1.xml (RunModel)" time="0.009" />
  <testcase classname="ptolemy.util.test.junit.AutoTests" name="[236] /home/travis/build/icyphy/ptII/ptolemy/actor/lib/test/auto/Multiplexor2.xml (RunModel)" time="0.016" />
  <testcase classname="ptolemy.util.test.junit.AutoTests" name="[237] /home/travis/build/icyphy/ptII/ptolemy/actor/lib/test/auto/Multiplexor3.xml (RunModel)" time="0.008" />
  <testcase classname="ptolemy.util.test.junit.AutoTests" name="[238] /home/travis/build/icyphy/ptII/ptolemy/actor/lib/test/auto/MultiplexorDE.xml (RunModel)" time="0.014" />
  <testcase classname="ptolemy.util.test.junit.AutoTests" name="[239] /home/travis/build/icyphy/ptII/ptolemy/actor/lib/test/auto/MultiportBroadcastTest.xml (RunModel)" time="0.087" />
  <testcase classname="ptolemy.util.test.junit.AutoTests" name="[240] /home/travis/build/icyphy/ptII/ptolemy/actor/lib/test/auto/MultiportOutHangDuringGetWidth.xml (RunModel)" time="0.034" />
  <testcase classname="ptolemy.util.test.junit.AutoTests" name="[241] /home/travis/build/icyphy/ptII/ptolemy/actor/lib/test/auto/NilToken.xml (RunModel)" time="0.01" />
  <testcase classname="ptolemy.util.test.junit.AutoTests" name="[242] /home/travis/build/icyphy/ptII/ptolemy/actor/lib/test/auto/NilTokenNonStrictTest.xml (RunModel)" time="0.01" />
  <testcase classname="ptolemy.util.test.junit.AutoTests" name="[243] /home/travis/build/icyphy/ptII/ptolemy/actor/lib/test/auto/NilTokenRecord.xml (RunModel)" time="0.021" />
  <testcase classname="ptolemy.util.test.junit.AutoTests" name="[244] /home/travis/build/icyphy/ptII/ptolemy/actor/lib/test/auto/NilTokenTypeTest.xml (RunModel)" time="0.024" />
  <testcase classname="ptolemy.util.test.junit.AutoTests" name="[245] /home/travis/build/icyphy/ptII/ptolemy/actor/lib/test/auto/ObjectToken1.xml (RunModel)" time="0.011" />
  <testcase classname="ptolemy.util.test.junit.AutoTests" name="[246] /home/travis/build/icyphy/ptII/ptolemy/actor/lib/test/auto/OrderedMerge.xml (RunModel)" time="0.02" />
  <testcase classname="ptolemy.util.test.junit.AutoTests" name="[247] /home/travis/build/icyphy/ptII/ptolemy/actor/lib/test/auto/OrderedRecordDisassembler.xml (RunModel)" time="0.019" />
  <testcase classname="ptolemy.util.test.junit.AutoTests" name="[248] /home/travis/build/icyphy/ptII/ptolemy/actor/lib/test/auto/OrderedRecordDisassembler2.xml (RunModel)" time="0.016" />
  <testcase classname="ptolemy.util.test.junit.AutoTests" name="[249] /home/travis/build/icyphy/ptII/ptolemy/actor/lib/test/auto/OrderedRecordUpdater.xml (RunModel)" time="0.009" />
  <testcase classname="ptolemy.util.test.junit.AutoTests" name="[250] /home/travis/build/icyphy/ptII/ptolemy/actor/lib/test/auto/OrderedRecordUpdater2.xml (RunModel)" time="0.016" />
  <testcase classname="ptolemy.util.test.junit.AutoTests" name="[251] /home/travis/build/icyphy/ptII/ptolemy/actor/lib/test/auto/PhaseUnwrap.xml (RunModel)" time="0.011" />
  <testcase classname="ptolemy.util.test.junit.AutoTests" name="[252] /home/travis/build/icyphy/ptII/ptolemy/actor/lib/test/auto/PoissonClock.xml (RunModel)" time="0.008" />
  <testcase classname="ptolemy.util.test.junit.AutoTests" name="[253] /home/travis/build/icyphy/ptII/ptolemy/actor/lib/test/auto/PoissonClock2.xml (RunModel)" time="0.006" />
  <testcase classname="ptolemy.util.test.junit.AutoTests" name="[254] /home/travis/build/icyphy/ptII/ptolemy/actor/lib/test/auto/PoissonClock3.xml (RunModel)" time="0.019" />
  <testcase classname="ptolemy.util.test.junit.AutoTests" name="[255] /home/travis/build/icyphy/ptII/ptolemy/actor/lib/test/auto/PubSubWithInitialTokens.xml (RunModel)" time="0.012" />
  <testcase classname="ptolemy.util.test.junit.AutoTests" name="[256] /home/travis/build/icyphy/ptII/ptolemy/actor/lib/test/auto/PubSubWithInitialTokens2.xml (RunModel)" time="0.011" />
  <testcase classname="ptolemy.util.test.junit.AutoTests" name="[257] /home/travis/build/icyphy/ptII/ptolemy/actor/lib/test/auto/PublisherClassNoParameter.xml (RunModel)" time="0.02" />
  <testcase classname="ptolemy.util.test.junit.AutoTests" name="[258] /home/travis/build/icyphy/ptII/ptolemy/actor/lib/test/auto/PublisherClassParameter.xml (RunModel)" time="0.017" />
  <testcase classname="ptolemy.util.test.junit.AutoTests" name="[259] /home/travis/build/icyphy/ptII/ptolemy/actor/lib/test/auto/PublisherNonStrictTest.xml (RunModel)" time="0.012" />
  <testcase classname="ptolemy.util.test.junit.AutoTests" name="[260] /home/travis/build/icyphy/ptII/ptolemy/actor/lib/test/auto/PublisherPort1.xml (RunModel)" time="0.008" />
  <testcase classname="ptolemy.util.test.junit.AutoTests" name="[261] /home/travis/build/icyphy/ptII/ptolemy/actor/lib/test/auto/PublisherPort2.xml (RunModel)" time="0.007" />
  <testcase classname="ptolemy.util.test.junit.AutoTests" name="[262] /home/travis/build/icyphy/ptII/ptolemy/actor/lib/test/auto/PublisherPort3.xml (RunModel)" time="0.02" />
  <testcase classname="ptolemy.util.test.junit.AutoTests" name="[263] /home/travis/build/icyphy/ptII/ptolemy/actor/lib/test/auto/PublisherPort4.xml (RunModel)" time="0.011" />
  <testcase classname="ptolemy.util.test.junit.AutoTests" name="[264] /home/travis/build/icyphy/ptII/ptolemy/actor/lib/test/auto/PublisherPort5.xml (RunModel)" time="0.012" />
  <testcase classname="ptolemy.util.test.junit.AutoTests" name="[265] /home/travis/build/icyphy/ptII/ptolemy/actor/lib/test/auto/PublisherPort5LookAlike.xml (RunModel)" time="0.015" />
  <testcase classname="ptolemy.util.test.junit.AutoTests" name="[266] /home/travis/build/icyphy/ptII/ptolemy/actor/lib/test/auto/PublisherPort6.xml (RunModel)" time="0.009" />
  <testcase classname="ptolemy.util.test.junit.AutoTests" name="[267] /home/travis/build/icyphy/ptII/ptolemy/actor/lib/test/auto/PublisherPort7.xml (RunModel)" time="0.012" />
  <testcase classname="ptolemy.util.test.junit.AutoTests" name="[268] /home/travis/build/icyphy/ptII/ptolemy/actor/lib/test/auto/PublisherPort8.xml (RunModel)" time="0.013" />
  <testcase classname="ptolemy.util.test.junit.AutoTests" name="[269] /home/travis/build/icyphy/ptII/ptolemy/actor/lib/test/auto/PublisherPortSubscriberChannelVariablesAOC2.xml (RunModel)" time="0.032" />
  <testcase classname="ptolemy.util.test.junit.AutoTests" name="[270] /home/travis/build/icyphy/ptII/ptolemy/actor/lib/test/auto/PublisherPortSubscriberOpaqueWidthInference.xml (RunModel)" time="0.012" />
  <testcase classname="ptolemy.util.test.junit.AutoTests" name="[271] /home/travis/build/icyphy/ptII/ptolemy/actor/lib/test/auto/PublisherPortSubscriberPortAdjacent.xml (RunModel)" time="0.015" />
  <testcase classname="ptolemy.util.test.junit.AutoTests" name="[272] /home/travis/build/icyphy/ptII/ptolemy/actor/lib/test/auto/PublisherPortSubscriberPortExpression.xml (RunModel)" time="0.013" />
  <testcase classname="ptolemy.util.test.junit.AutoTests" name="[273] /home/travis/build/icyphy/ptII/ptolemy/actor/lib/test/auto/PublisherPortSubscriberPortOpaqueD3Reverse.xml (RunModel)" time="0.015" />
  <testcase classname="ptolemy.util.test.junit.AutoTests" name="[274] /home/travis/build/icyphy/ptII/ptolemy/actor/lib/test/auto/PublisherPortSubscriberPortOpaqueWidthInference.xml (RunModel)" time="0.012" />
  <testcase classname="ptolemy.util.test.junit.AutoTests" name="[275] /home/travis/build/icyphy/ptII/ptolemy/actor/lib/test/auto/PublisherPortToplevelSubscriberPortAOC.xml (RunModel)" time="0.008" />
  <testcase classname="ptolemy.util.test.junit.AutoTests" name="[276] /home/travis/build/icyphy/ptII/ptolemy/actor/lib/test/auto/PublisherSubscriber.xml (RunModel)" time="0.011" />
  <testcase classname="ptolemy.util.test.junit.AutoTests" name="[277] /home/travis/build/icyphy/ptII/ptolemy/actor/lib/test/auto/PublisherSubscriber10.xml (RunModel)" time="0.017" />
  <testcase classname="ptolemy.util.test.junit.AutoTests" name="[278] /home/travis/build/icyphy/ptII/ptolemy/actor/lib/test/auto/PublisherSubscriber10InitialOutputs.xml (RunModel)" time="0.03" />
  <testcase classname="ptolemy.util.test.junit.AutoTests" name="[279] /home/travis/build/icyphy/ptII/ptolemy/actor/lib/test/auto/PublisherSubscriber11.xml (RunModel)" time="0.01" />
  <testcase classname="ptolemy.util.test.junit.AutoTests" name="[280] /home/travis/build/icyphy/ptII/ptolemy/actor/lib/test/auto/PublisherSubscriber12.xml (RunModel)" time="0.018" />
  <testcase classname="ptolemy.util.test.junit.AutoTests" name="[281] /home/travis/build/icyphy/ptII/ptolemy/actor/lib/test/auto/PublisherSubscriber13.xml (RunModel)" time="0.008" />
  <testcase classname="ptolemy.util.test.junit.AutoTests" name="[282] /home/travis/build/icyphy/ptII/ptolemy/actor/lib/test/auto/PublisherSubscriber14.xml (RunModel)" time="0.018" />
  <testcase classname="ptolemy.util.test.junit.AutoTests" name="[283] /home/travis/build/icyphy/ptII/ptolemy/actor/lib/test/auto/PublisherSubscriber2.xml (RunModel)" time="0.009" />
  <testcase classname="ptolemy.util.test.junit.AutoTests" name="[284] /home/travis/build/icyphy/ptII/ptolemy/actor/lib/test/auto/PublisherSubscriber3.xml (RunModel)" time="0.008" />
  <testcase classname="ptolemy.util.test.junit.AutoTests" name="[285] /home/travis/build/icyphy/ptII/ptolemy/actor/lib/test/auto/PublisherSubscriber4.xml (RunModel)" time="0.007" />
  <testcase classname="ptolemy.util.test.junit.AutoTests" name="[286] /home/travis/build/icyphy/ptII/ptolemy/actor/lib/test/auto/PublisherSubscriber5.xml (RunModel)" time="0.009" />
  <testcase classname="ptolemy.util.test.junit.AutoTests" name="[287] /home/travis/build/icyphy/ptII/ptolemy/actor/lib/test/auto/PublisherSubscriber6.xml (RunModel)" time="0.012" />
  <testcase classname="ptolemy.util.test.junit.AutoTests" name="[288] /home/travis/build/icyphy/ptII/ptolemy/actor/lib/test/auto/PublisherSubscriber7.xml (RunModel)" time="0.017" />
  <testcase classname="ptolemy.util.test.junit.AutoTests" name="[289] /home/travis/build/icyphy/ptII/ptolemy/actor/lib/test/auto/PublisherSubscriber8.xml (RunModel)" time="0.03" />
  <testcase classname="ptolemy.util.test.junit.AutoTests" name="[290] /home/travis/build/icyphy/ptII/ptolemy/actor/lib/test/auto/PublisherSubscriber9.xml (RunModel)" time="0.015" />
  <testcase classname="ptolemy.util.test.junit.AutoTests" name="[291] /home/travis/build/icyphy/ptII/ptolemy/actor/lib/test/auto/PublisherSubscriberAdjacent.xml (RunModel)" time="0.014" />
  <testcase classname="ptolemy.util.test.junit.AutoTests" name="[292] /home/travis/build/icyphy/ptII/ptolemy/actor/lib/test/auto/PublisherSubscriberChannelVariablesAOC2.xml (RunModel)" time="0.023" />
  <testcase classname="ptolemy.util.test.junit.AutoTests" name="[293] /home/travis/build/icyphy/ptII/ptolemy/actor/lib/test/auto/PublisherSubscriberD3.xml (RunModel)" time="0.057" />
  <testcase classname="ptolemy.util.test.junit.AutoTests" name="[294] /home/travis/build/icyphy/ptII/ptolemy/actor/lib/test/auto/PublisherSubscriberD3Reverse.xml (RunModel)" time="0.009" />
  <testcase classname="ptolemy.util.test.junit.AutoTests" name="[295] /home/travis/build/icyphy/ptII/ptolemy/actor/lib/test/auto/PublisherSubscriberExpression.xml (RunModel)" time="0.014" />
  <testcase classname="ptolemy.util.test.junit.AutoTests" name="[296] /home/travis/build/icyphy/ptII/ptolemy/actor/lib/test/auto/PublisherSubscriberOpaque.xml (RunModel)" time="0.012" />
  <testcase classname="ptolemy.util.test.junit.AutoTests" name="[297] /home/travis/build/icyphy/ptII/ptolemy/actor/lib/test/auto/PublisherSubscriberOpaqueD3.xml (RunModel)" time="0.019" />
  <testcase classname="ptolemy.util.test.junit.AutoTests" name="[298] /home/travis/build/icyphy/ptII/ptolemy/actor/lib/test/auto/PublisherSubscriberOpaqueD3Reverse.xml (RunModel)" time="0.018" />
  <testcase classname="ptolemy.util.test.junit.AutoTests" name="[299] /home/travis/build/icyphy/ptII/ptolemy/actor/lib/test/auto/PublisherSubscriberOpaqueWidthInference.xml (RunModel)" time="0.014" />
  <testcase classname="ptolemy.util.test.junit.AutoTests" name="[300] /home/travis/build/icyphy/ptII/ptolemy/actor/lib/test/auto/PublisherTestSubscriber.xml (RunModel)" time="0.012" />
  <testcase classname="ptolemy.util.test.junit.AutoTests" name="[301] /home/travis/build/icyphy/ptII/ptolemy/actor/lib/test/auto/PublisherToplevelSubscriberPortAOC.xml (RunModel)" time="0.008" />
  <testcase classname="ptolemy.util.test.junit.AutoTests" name="[302] /home/travis/build/icyphy/ptII/ptolemy/actor/lib/test/auto/PulseFiringLimitDE.xml (RunModel)" time="0.011" />
  <testcase classname="ptolemy.util.test.junit.AutoTests" name="[303] /home/travis/build/icyphy/ptII/ptolemy/actor/lib/test/auto/Ramp1.xml (RunModel)" time="0.006" />
  <testcase classname="ptolemy.util.test.junit.AutoTests" name="[304] /home/travis/build/icyphy/ptII/ptolemy/actor/lib/test/auto/RampFiringLimitDE.xml (RunModel)" time="0.009" />
  <testcase classname="ptolemy.util.test.junit.AutoTests" name="[305] /home/travis/build/icyphy/ptII/ptolemy/actor/lib/test/auto/RampFiringLimitSDF.xml (RunModel)" time="0.009" />
  <testcase classname="ptolemy.util.test.junit.AutoTests" name="[306] /home/travis/build/icyphy/ptII/ptolemy/actor/lib/test/auto/RandomInteger.xml (RunModel)" time="0.007" />
  <testcase classname="ptolemy.util.test.junit.AutoTests" name="[307] /home/travis/build/icyphy/ptII/ptolemy/actor/lib/test/auto/ReadFile1.xml (RunModel)" time="0.006" />
  <testcase classname="ptolemy.util.test.junit.AutoTests" name="[308] /home/travis/build/icyphy/ptII/ptolemy/actor/lib/test/auto/ReadFile2.xml (RunModel)" time="0.005" />
  <testcase classname="ptolemy.util.test.junit.AutoTests" name="[309] /home/travis/build/icyphy/ptII/ptolemy/actor/lib/test/auto/Reader.xml (RunModel)" time="0.01" />
  <testcase classname="ptolemy.util.test.junit.AutoTests" name="[310] /home/travis/build/icyphy/ptII/ptolemy/actor/lib/test/auto/RecordAssemblerDisplayNameTest.xml (RunModel)" time="3.147" />
  <testcase classname="ptolemy.util.test.junit.AutoTests" name="[311] /home/travis/build/icyphy/ptII/ptolemy/actor/lib/test/auto/RecordAssemblerTypeError.xml (RunModel)" time="0.04" />
  <testcase classname="ptolemy.util.test.junit.AutoTests" name="[312] /home/travis/build/icyphy/ptII/ptolemy/actor/lib/test/auto/RecordDisassember.xml (RunModel)" time="0.01" />
  <testcase classname="ptolemy.util.test.junit.AutoTests" name="[313] /home/travis/build/icyphy/ptII/ptolemy/actor/lib/test/auto/RecordDisassemberDisplayNameTest.xml (RunModel)" time="0.018" />
  <testcase classname="ptolemy.util.test.junit.AutoTests" name="[314] /home/travis/build/icyphy/ptII/ptolemy/actor/lib/test/auto/RecordDisassembler.xml (RunModel)" time="0.007" />
  <testcase classname="ptolemy.util.test.junit.AutoTests" name="[315] /home/travis/build/icyphy/ptII/ptolemy/actor/lib/test/auto/RecordDisassembler2.xml (RunModel)" time="0.008" />
  <testcase classname="ptolemy.util.test.junit.AutoTests" name="[316] /home/travis/build/icyphy/ptII/ptolemy/actor/lib/test/auto/RecordUpdater.xml (RunModel)" time="0.007" />
  <testcase classname="ptolemy.util.test.junit.AutoTests" name="[317] /home/travis/build/icyphy/ptII/ptolemy/actor/lib/test/auto/RecordUpdater2.xml (RunModel)" time="0.007" />
  <testcase classname="ptolemy.util.test.junit.AutoTests" name="[318] /home/travis/build/icyphy/ptII/ptolemy/actor/lib/test/auto/RecursiveLattice.xml (RunModel)" time="0.008" />
  <testcase classname="ptolemy.util.test.junit.AutoTests" name="[319] /home/travis/build/icyphy/ptII/ptolemy/actor/lib/test/auto/Router.xml (RunModel)" time="3.023" />
  <testcase classname="ptolemy.util.test.junit.AutoTests" name="[320] /home/travis/build/icyphy/ptII/ptolemy/actor/lib/test/auto/Router2.xml (RunModel)" time="3.022" />
  <testcase classname="ptolemy.util.test.junit.AutoTests" name="[321] /home/travis/build/icyphy/ptII/ptolemy/actor/lib/test/auto/RunningMaximum.xml (RunModel)" time="0.014" />
  <testcase classname="ptolemy.util.test.junit.AutoTests" name="[322] /home/travis/build/icyphy/ptII/ptolemy/actor/lib/test/auto/RunningMinimum.xml (RunModel)" time="0.008" />
  <testcase classname="ptolemy.util.test.junit.AutoTests" name="[323] /home/travis/build/icyphy/ptII/ptolemy/actor/lib/test/auto/Scale.xml (RunModel)" time="0.008" />
  <testcase classname="ptolemy.util.test.junit.AutoTests" name="[324] /home/travis/build/icyphy/ptII/ptolemy/actor/lib/test/auto/Scale2.xml (RunModel)" time="0.007" />
  <testcase classname="ptolemy.util.test.junit.AutoTests" name="[325] /home/travis/build/icyphy/ptII/ptolemy/actor/lib/test/auto/Scale3.xml (RunModel)" time="0.012" />
  <testcase classname="ptolemy.util.test.junit.AutoTests" name="[326] /home/travis/build/icyphy/ptII/ptolemy/actor/lib/test/auto/ScaleArray.xml (RunModel)" time="0.006" />
  <testcase classname="ptolemy.util.test.junit.AutoTests" name="[327] /home/travis/build/icyphy/ptII/ptolemy/actor/lib/test/auto/ScaleArray2.xml (RunModel)" time="0.006" />
  <testcase classname="ptolemy.util.test.junit.AutoTests" name="[328] /home/travis/build/icyphy/ptII/ptolemy/actor/lib/test/auto/ScaleMatrix.xml (RunModel)" time="0.092" />
  <testcase classname="ptolemy.util.test.junit.AutoTests" name="[329] /home/travis/build/icyphy/ptII/ptolemy/actor/lib/test/auto/Select.xml (RunModel)" time="0.027" />
  <testcase classname="ptolemy.util.test.junit.AutoTests" name="[330] /home/travis/build/icyphy/ptII/ptolemy/actor/lib/test/auto/Select2.xml (RunModel)" time="0.007" />
  <testcase classname="ptolemy.util.test.junit.AutoTests" name="[331] /home/travis/build/icyphy/ptII/ptolemy/actor/lib/test/auto/SequenceToArray2.xml (RunModel)" time="0.093" />
  <testcase classname="ptolemy.util.test.junit.AutoTests" name="[332] /home/travis/build/icyphy/ptII/ptolemy/actor/lib/test/auto/SequentialClock.xml (RunModel)" time="0.009" />
  <testcase classname="ptolemy.util.test.junit.AutoTests" name="[333] /home/travis/build/icyphy/ptII/ptolemy/actor/lib/test/auto/SetVariable.xml (RunModel)" time="0.007" />
  <testcase classname="ptolemy.util.test.junit.AutoTests" name="[334] /home/travis/build/icyphy/ptII/ptolemy/actor/lib/test/auto/SetVariable2.xml (RunModel)" time="0.009" />
  <testcase classname="ptolemy.util.test.junit.AutoTests" name="[335] /home/travis/build/icyphy/ptII/ptolemy/actor/lib/test/auto/SetVariable3.xml (RunModel)" time="0.011" />
  <testcase classname="ptolemy.util.test.junit.AutoTests" name="[336] /home/travis/build/icyphy/ptII/ptolemy/actor/lib/test/auto/SetVariable4.xml (RunModel)" time="0.024" />
  <testcase classname="ptolemy.util.test.junit.AutoTests" name="[337] /home/travis/build/icyphy/ptII/ptolemy/actor/lib/test/auto/SetVariable5.xml (RunModel)" time="0.034" />
  <testcase classname="ptolemy.util.test.junit.AutoTests" name="[338] /home/travis/build/icyphy/ptII/ptolemy/actor/lib/test/auto/Sinewave.xml (RunModel)" time="0.023" />
  <testcase classname="ptolemy.util.test.junit.AutoTests" name="[339] /home/travis/build/icyphy/ptII/ptolemy/actor/lib/test/auto/Sinewave2.xml (RunModel)" time="0.014" />
  <testcase classname="ptolemy.util.test.junit.AutoTests" name="[340] /home/travis/build/icyphy/ptII/ptolemy/actor/lib/test/auto/Sinewave3.xml (RunModel)" time="0.016" />
  <testcase classname="ptolemy.util.test.junit.AutoTests" name="[341] /home/travis/build/icyphy/ptII/ptolemy/actor/lib/test/auto/SingleEvent.xml (RunModel)" time="0.007" />
  <testcase classname="ptolemy.util.test.junit.AutoTests" name="[342] /home/travis/build/icyphy/ptII/ptolemy/actor/lib/test/auto/Sleep.xml (RunModel)" time="6.02" />
  <testcase classname="ptolemy.util.test.junit.AutoTests" name="[343] /home/travis/build/icyphy/ptII/ptolemy/actor/lib/test/auto/SleepMultipleFire.xml (RunModel)" time="1.02" />
  <testcase classname="ptolemy.util.test.junit.AutoTests" name="[344] /home/travis/build/icyphy/ptII/ptolemy/actor/lib/test/auto/StopDE.xml (RunModel)" time="0.022" />
  <testcase classname="ptolemy.util.test.junit.AutoTests" name="[345] /home/travis/build/icyphy/ptII/ptolemy/actor/lib/test/auto/StopSDF.xml (RunModel)" time="0.01" />
  <testcase classname="ptolemy.util.test.junit.AutoTests" name="[346] /home/travis/build/icyphy/ptII/ptolemy/actor/lib/test/auto/StringConstant.xml (RunModel)" time="0.013" />
  <testcase classname="ptolemy.util.test.junit.AutoTests" name="[347] /home/travis/build/icyphy/ptII/ptolemy/actor/lib/test/auto/SubscriberPortInitialValues1.xml (RunModel)" time="0.018" />
  <testcase classname="ptolemy.util.test.junit.AutoTests" name="[348] /home/travis/build/icyphy/ptII/ptolemy/actor/lib/test/auto/SubscriberPortInitialValues13.xml (RunModel)" time="0.023" />
  <testcase classname="ptolemy.util.test.junit.AutoTests" name="[349] /home/travis/build/icyphy/ptII/ptolemy/actor/lib/test/auto/SubscriberPortInitialValues14.xml (RunModel)" time="0.016" />
  <testcase classname="ptolemy.util.test.junit.AutoTests" name="[350] /home/travis/build/icyphy/ptII/ptolemy/actor/lib/test/auto/SubscriberPortInitialValues2.xml (RunModel)" time="0.013" />
  <testcase classname="ptolemy.util.test.junit.AutoTests" name="[351] /home/travis/build/icyphy/ptII/ptolemy/actor/lib/test/auto/SubscriberPortInitialValues3.xml (RunModel)" time="0.016" />
  <testcase classname="ptolemy.util.test.junit.AutoTests" name="[352] /home/travis/build/icyphy/ptII/ptolemy/actor/lib/test/auto/SubscriptionAggregator.xml (RunModel)" time="0.009" />
  <testcase classname="ptolemy.util.test.junit.AutoTests" name="[353] /home/travis/build/icyphy/ptII/ptolemy/actor/lib/test/auto/SubscriptionAggregator2.xml (RunModel)" time="0.009" />
  <testcase classname="ptolemy.util.test.junit.AutoTests" name="[354] /home/travis/build/icyphy/ptII/ptolemy/actor/lib/test/auto/SubscriptionAggregator3.xml (RunModel)" time="0.012" />
  <testcase classname="ptolemy.util.test.junit.AutoTests" name="[355] /home/travis/build/icyphy/ptII/ptolemy/actor/lib/test/auto/SubscriptionAggregatorMultiply.xml (RunModel)" time="0.018" />
  <testcase classname="ptolemy.util.test.junit.AutoTests" name="[356] /home/travis/build/icyphy/ptII/ptolemy/actor/lib/test/auto/SubscriptionAggregatorPortMultiply1.xml (RunModel)" time="0.015" />
  <testcase classname="ptolemy.util.test.junit.AutoTests" name="[357] /home/travis/build/icyphy/ptII/ptolemy/actor/lib/test/auto/Switch.xml (RunModel)" time="0.018" />
  <testcase classname="ptolemy.util.test.junit.AutoTests" name="[358] /home/travis/build/icyphy/ptII/ptolemy/actor/lib/test/auto/Switch2.xml (RunModel)" time="0.01" />
  <testcase classname="ptolemy.util.test.junit.AutoTests" name="[359] /home/travis/build/icyphy/ptII/ptolemy/actor/lib/test/auto/SwitchDE.xml (RunModel)" time="0.011" />
  <testcase classname="ptolemy.util.test.junit.AutoTests" name="[360] /home/travis/build/icyphy/ptII/ptolemy/actor/lib/test/auto/SynchronizerDE.xml (RunModel)" time="0.018" />
  <testcase classname="ptolemy.util.test.junit.AutoTests" name="[361] /home/travis/build/icyphy/ptII/ptolemy/actor/lib/test/auto/Test.xml (RunModel)" time="0.013" />
  <testcase classname="ptolemy.util.test.junit.AutoTests" name="[362] /home/travis/build/icyphy/ptII/ptolemy/actor/lib/test/auto/TestExceptionAttribute1.xml (RunModel)" time="0.005" />
  <testcase classname="ptolemy.util.test.junit.AutoTests" name="[363] /home/travis/build/icyphy/ptII/ptolemy/actor/lib/test/auto/TestExceptionAttribute2.xml (RunModel)" time="0.008" />
  <testcase classname="ptolemy.util.test.junit.AutoTests" name="[364] /home/travis/build/icyphy/ptII/ptolemy/actor/lib/test/auto/TestExceptionAttribute3.xml (RunModel)" time="0.008" />
  <testcase classname="ptolemy.util.test.junit.AutoTests" name="[365] /home/travis/build/icyphy/ptII/ptolemy/actor/lib/test/auto/TestExceptionAttribute4.xml (RunModel)" time="0.006" />
  <testcase classname="ptolemy.util.test.junit.AutoTests" name="[366] /home/travis/build/icyphy/ptII/ptolemy/actor/lib/test/auto/TestExceptionHandler1.xml (RunModel)" time="0.005" />
  <testcase classname="ptolemy.util.test.junit.AutoTests" name="[367] /home/travis/build/icyphy/ptII/ptolemy/actor/lib/test/auto/TestExceptionHandler2.xml (RunModel)" time="0.008" />
  <testcase classname="ptolemy.util.test.junit.AutoTests" name="[368] /home/travis/build/icyphy/ptII/ptolemy/actor/lib/test/auto/TestExceptionHandler3.xml (RunModel)" time="0.005" />
  <testcase classname="ptolemy.util.test.junit.AutoTests" name="[369] /home/travis/build/icyphy/ptII/ptolemy/actor/lib/test/auto/TestExceptionHandler4.xml (RunModel)" time="0.004" />
  <testcase classname="ptolemy.util.test.junit.AutoTests" name="[370] /home/travis/build/icyphy/ptII/ptolemy/actor/lib/test/auto/TestRequireCorrectOrder.xml (RunModel)" time="0.012" />
  <testcase classname="ptolemy.util.test.junit.AutoTests" name="[371] /home/travis/build/icyphy/ptII/ptolemy/actor/lib/test/auto/TestSimple.xml (RunModel)" time="0.005" />
  <testcase classname="ptolemy.util.test.junit.AutoTests" name="[372] /home/travis/build/icyphy/ptII/ptolemy/actor/lib/test/auto/ThrowModelError.xml (RunModel)" time="0.008" />
  <testcase classname="ptolemy.util.test.junit.AutoTests" name="[373] /home/travis/build/icyphy/ptII/ptolemy/actor/lib/test/auto/TimeDelayMicrosteps.xml (RunModel)" time="0.01" />
  <testcase classname="ptolemy.util.test.junit.AutoTests" name="[374] /home/travis/build/icyphy/ptII/ptolemy/actor/lib/test/auto/TimeDelayMicrosteps2.xml (RunModel)" time="0.024" />
  <testcase classname="ptolemy.util.test.junit.AutoTests" name="[375] /home/travis/build/icyphy/ptII/ptolemy/actor/lib/test/auto/TimeDelayMicrosteps3.xml (RunModel)" time="0.011" />
  <testcase classname="ptolemy.util.test.junit.AutoTests" name="[376] /home/travis/build/icyphy/ptII/ptolemy/actor/lib/test/auto/TimeDelayVariableMicrosteps.xml (RunModel)" time="0.009" />
  <testcase classname="ptolemy.util.test.junit.AutoTests" name="[377] /home/travis/build/icyphy/ptII/ptolemy/actor/lib/test/auto/TimeGap.xml (RunModel)" time="0.012" />
  <testcase classname="ptolemy.util.test.junit.AutoTests" name="[378] /home/travis/build/icyphy/ptII/ptolemy/actor/lib/test/auto/TimeGap2.xml (RunModel)" time="0.009" />
  <testcase classname="ptolemy.util.test.junit.AutoTests" name="[379] /home/travis/build/icyphy/ptII/ptolemy/actor/lib/test/auto/TimedSinewave.xml (RunModel)" time="0.045" />
  <testcase classname="ptolemy.util.test.junit.AutoTests" name="[380] /home/travis/build/icyphy/ptII/ptolemy/actor/lib/test/auto/TimedSinewavePhase.xml (RunModel)" time="0.033" />
  <testcase classname="ptolemy.util.test.junit.AutoTests" name="[381] /home/travis/build/icyphy/ptII/ptolemy/actor/lib/test/auto/Timer.xml (RunModel)" time="0.01" />
  <testcase classname="ptolemy.util.test.junit.AutoTests" name="[382] /home/travis/build/icyphy/ptII/ptolemy/actor/lib/test/auto/TriangularDistTestModel.xml (RunModel)" time="0.013" />
  <testcase classname="ptolemy.util.test.junit.AutoTests" name="[383] /home/travis/build/icyphy/ptII/ptolemy/actor/lib/test/auto/TrigFunction.xml (RunModel)" time="0.007" />
  <testcase classname="ptolemy.util.test.junit.AutoTests" name="[384] /home/travis/build/icyphy/ptII/ptolemy/actor/lib/test/auto/TrigFunctionDE.xml (RunModel)" time="0.009" />
  <testcase classname="ptolemy.util.test.junit.AutoTests" name="[385] /home/travis/build/icyphy/ptII/ptolemy/actor/lib/test/auto/TrigFunctionInverse.xml (RunModel)" time="0.007" />
  <testcase classname="ptolemy.util.test.junit.AutoTests" name="[386] /home/travis/build/icyphy/ptII/ptolemy/actor/lib/test/auto/TrigFunctionTan.xml (RunModel)" time="0.007" />
  <testcase classname="ptolemy.util.test.junit.AutoTests" name="[387] /home/travis/build/icyphy/ptII/ptolemy/actor/lib/test/auto/TriggeredClock.xml (RunModel)" time="0.006" />
  <testcase classname="ptolemy.util.test.junit.AutoTests" name="[388] /home/travis/build/icyphy/ptII/ptolemy/actor/lib/test/auto/URLDirectoryReader.xml (RunModel)" time="0.093" />
  <testcase classname="ptolemy.util.test.junit.AutoTests" name="[389] /home/travis/build/icyphy/ptII/ptolemy/actor/lib/test/auto/URLDirectoryReader3.xml (RunModel)" time="1.601" />
  <testcase classname="ptolemy.util.test.junit.AutoTests" name="[390] /home/travis/build/icyphy/ptII/ptolemy/actor/lib/test/auto/UnaryMathFunction.xml (RunModel)" time="0.039" />
  <testcase classname="ptolemy.util.test.junit.AutoTests" name="[391] /home/travis/build/icyphy/ptII/ptolemy/actor/lib/test/auto/Uniform.xml (RunModel)" time="0.008" />
  <testcase classname="ptolemy.util.test.junit.AutoTests" name="[392] /home/travis/build/icyphy/ptII/ptolemy/actor/lib/test/auto/UnionDisassemblerTest.xml (RunModel)" time="0.016" />
  <testcase classname="ptolemy.util.test.junit.AutoTests" name="[393] /home/travis/build/icyphy/ptII/ptolemy/actor/lib/test/auto/UtilityFunctions.xml (RunModel)" time="0.006" />
  <testcase classname="ptolemy.util.test.junit.AutoTests" name="[394] /home/travis/build/icyphy/ptII/ptolemy/actor/lib/test/auto/VariableSleep.xml (RunModel)" time="0.509" />
  <testcase classname="ptolemy.util.test.junit.AutoTests" name="[395] /home/travis/build/icyphy/ptII/ptolemy/actor/lib/test/auto/VectorAssemblerDisassemblerCT.xml (RunModel)" time="0.111" />
  <testcase classname="ptolemy.util.test.junit.AutoTests" name="[396] /home/travis/build/icyphy/ptII/ptolemy/actor/lib/test/auto/VectorAssemblerDisassemblerDE.xml (RunModel)" time="0.011" />
  <testcase classname="ptolemy.util.test.junit.AutoTests" name="[397] /home/travis/build/icyphy/ptII/ptolemy/actor/lib/test/auto/VectorAssemblerDisassemblerSDF.xml (RunModel)" time="0.015" />
  <testcase classname="ptolemy.util.test.junit.AutoTests" name="[398] /home/travis/build/icyphy/ptII/ptolemy/actor/lib/test/auto/WallClockTime.xml (RunModel)" time="1.011" />
  <testcase classname="ptolemy.util.test.junit.AutoTests" name="[399] /home/travis/build/icyphy/ptII/ptolemy/actor/lib/test/auto/WidthTestWithSubscriberPublisher.xml (RunModel)" time="0.035" />
  <testcase classname="ptolemy.util.test.junit.AutoTests" name="[400] /home/travis/build/icyphy/ptII/ptolemy/actor/lib/test/auto/WidthTestWithSubscriberPublisher2.xml (RunModel)" time="0.011" />
  <testcase classname="ptolemy.util.test.junit.AutoTests" name="[401] /home/travis/build/icyphy/ptII/ptolemy/actor/lib/test/auto/WidthTestWithSubscriberPublisher3.xml (RunModel)" time="0.009" />
  <testcase classname="ptolemy.util.test.junit.AutoTests" name="[402] /home/travis/build/icyphy/ptII/ptolemy/actor/lib/test/auto/Writer.xml (RunModel)" time="0.006" />
  <testcase classname="ptolemy.util.test.junit.AutoTests" name="[403] /home/travis/build/icyphy/ptII/ptolemy/actor/lib/test/auto/array.xml (RunModel)" time="0.006" />
  <testcase classname="ptolemy.util.test.junit.AutoTests" name="[404] /home/travis/build/icyphy/ptII/ptolemy/actor/lib/test/auto/array2.xml (RunModel)" time="0.009" />
  <testcase classname="ptolemy.util.test.junit.AutoTests" name="[405] /home/travis/build/icyphy/ptII/ptolemy/actor/lib/test/auto/arrayType.xml (RunModel)" time="0.007" />
  <testcase classname="ptolemy.util.test.junit.AutoTests" name="[406] /home/travis/build/icyphy/ptII/ptolemy/actor/lib/test/auto/arrayType10.xml (RunModel)" time="0.006" />
  <testcase classname="ptolemy.util.test.junit.AutoTests" name="[407] /home/travis/build/icyphy/ptII/ptolemy/actor/lib/test/auto/arrayType11.xml (RunModel)" time="0.007" />
  <testcase classname="ptolemy.util.test.junit.AutoTests" name="[408] /home/travis/build/icyphy/ptII/ptolemy/actor/lib/test/auto/arrayType12.xml (RunModel)" time="0.007" />
  <testcase classname="ptolemy.util.test.junit.AutoTests" name="[409] /home/travis/build/icyphy/ptII/ptolemy/actor/lib/test/auto/arrayType13.xml (RunModel)" time="0.007" />
  <testcase classname="ptolemy.util.test.junit.AutoTests" name="[410] /home/travis/build/icyphy/ptII/ptolemy/actor/lib/test/auto/arrayType14.xml (RunModel)" time="0.008" />
  <testcase classname="ptolemy.util.test.junit.AutoTests" name="[411] /home/travis/build/icyphy/ptII/ptolemy/actor/lib/test/auto/arrayType15.xml (RunModel)" time="0.01" />
  <testcase classname="ptolemy.util.test.junit.AutoTests" name="[412] /home/travis/build/icyphy/ptII/ptolemy/actor/lib/test/auto/arrayType16.xml (RunModel)" time="0.008" />
  <testcase classname="ptolemy.util.test.junit.AutoTests" name="[413] /home/travis/build/icyphy/ptII/ptolemy/actor/lib/test/auto/arrayType17.xml (RunModel)" time="0.007" />
  <testcase classname="ptolemy.util.test.junit.AutoTests" name="[414] /home/travis/build/icyphy/ptII/ptolemy/actor/lib/test/auto/arrayType18.xml (RunModel)" time="0.007" />
  <testcase classname="ptolemy.util.test.junit.AutoTests" name="[415] /home/travis/build/icyphy/ptII/ptolemy/actor/lib/test/auto/arrayType19.xml (RunModel)" time="0.006" />
  <testcase classname="ptolemy.util.test.junit.AutoTests" name="[416] /home/travis/build/icyphy/ptII/ptolemy/actor/lib/test/auto/arrayType2.xml (RunModel)" time="0.007" />
  <testcase classname="ptolemy.util.test.junit.AutoTests" name="[417] /home/travis/build/icyphy/ptII/ptolemy/actor/lib/test/auto/arrayType20.xml (RunModel)" time="0.006" />
  <testcase classname="ptolemy.util.test.junit.AutoTests" name="[418] /home/travis/build/icyphy/ptII/ptolemy/actor/lib/test/auto/arrayType21.xml (RunModel)" time="0.007" />
  <testcase classname="ptolemy.util.test.junit.AutoTests" name="[419] /home/travis/build/icyphy/ptII/ptolemy/actor/lib/test/auto/arrayType22.xml (RunModel)" time="0.006" />
  <testcase classname="ptolemy.util.test.junit.AutoTests" name="[420] /home/travis/build/icyphy/ptII/ptolemy/actor/lib/test/auto/arrayType23.xml (RunModel)" time="0.006" />
  <testcase classname="ptolemy.util.test.junit.AutoTests" name="[421] /home/travis/build/icyphy/ptII/ptolemy/actor/lib/test/auto/arrayType24.xml (RunModel)" time="0.007" />
  <testcase classname="ptolemy.util.test.junit.AutoTests" name="[422] /home/travis/build/icyphy/ptII/ptolemy/actor/lib/test/auto/arrayType25.xml (RunModel)" time="0.007" />
  <testcase classname="ptolemy.util.test.junit.AutoTests" name="[423] /home/travis/build/icyphy/ptII/ptolemy/actor/lib/test/auto/arrayType26.xml (RunModel)" time="0.007" />
  <testcase classname="ptolemy.util.test.junit.AutoTests" name="[424] /home/travis/build/icyphy/ptII/ptolemy/actor/lib/test/auto/arrayType27.xml (RunModel)" time="0.006" />
  <testcase classname="ptolemy.util.test.junit.AutoTests" name="[425] /home/travis/build/icyphy/ptII/ptolemy/actor/lib/test/auto/arrayType28.xml (RunModel)" time="0.009" />
  <testcase classname="ptolemy.util.test.junit.AutoTests" name="[426] /home/travis/build/icyphy/ptII/ptolemy/actor/lib/test/auto/arrayType3.xml (RunModel)" time="0.011" />
  <testcase classname="ptolemy.util.test.junit.AutoTests" name="[427] /home/travis/build/icyphy/ptII/ptolemy/actor/lib/test/auto/arrayType4.xml (RunModel)" time="0.006" />
  <testcase classname="ptolemy.util.test.junit.AutoTests" name="[428] /home/travis/build/icyphy/ptII/ptolemy/actor/lib/test/auto/arrayType5.xml (RunModel)" time="0.006" />
  <testcase classname="ptolemy.util.test.junit.AutoTests" name="[429] /home/travis/build/icyphy/ptII/ptolemy/actor/lib/test/auto/arrayType6.xml (RunModel)" time="0.007" />
  <testcase classname="ptolemy.util.test.junit.AutoTests" name="[430] /home/travis/build/icyphy/ptII/ptolemy/actor/lib/test/auto/arrayType7.xml (RunModel)" time="0.006" />
  <testcase classname="ptolemy.util.test.junit.AutoTests" name="[431] /home/travis/build/icyphy/ptII/ptolemy/actor/lib/test/auto/arrayType8.xml (RunModel)" time="0.017" />
  <testcase classname="ptolemy.util.test.junit.AutoTests" name="[432] /home/travis/build/icyphy/ptII/ptolemy/actor/lib/test/auto/arrayType9.xml (RunModel)" time="0.007" />
  <testcase classname="ptolemy.util.test.junit.AutoTests" name="[433] /home/travis/build/icyphy/ptII/ptolemy/actor/lib/test/auto/cast.xml (RunModel)" time="0.007" />
  <testcase classname="ptolemy.util.test.junit.AutoTests" name="[434] /home/travis/build/icyphy/ptII/ptolemy/actor/lib/test/auto/compositeMultiPort.xml (RunModel)" time="0.013" />
  <testcase classname="ptolemy.util.test.junit.AutoTests" name="[435] /home/travis/build/icyphy/ptII/ptolemy/actor/lib/test/auto/expressionCastInference.xml (RunModel)" time="0.006" />
  <testcase classname="ptolemy.util.test.junit.AutoTests" name="[436] /home/travis/build/icyphy/ptII/ptolemy/actor/lib/test/auto/expressionCastInference2.xml (RunModel)" time="0.006" />
  <testcase classname="ptolemy.util.test.junit.AutoTests" name="[437] /home/travis/build/icyphy/ptII/ptolemy/actor/lib/test/auto/expressionInference.xml (RunModel)" time="0.005" />
  <testcase classname="ptolemy.util.test.junit.AutoTests" name="[438] /home/travis/build/icyphy/ptII/ptolemy/actor/lib/test/auto/expression_bug.xml (RunModel)" time="0.006" />
  <testcase classname="ptolemy.util.test.junit.AutoTests" name="[439] /home/travis/build/icyphy/ptII/ptolemy/actor/lib/test/auto/factorial.xml (RunModel)" time="0.043" />
  <testcase classname="ptolemy.util.test.junit.AutoTests" name="[440] /home/travis/build/icyphy/ptII/ptolemy/actor/lib/test/auto/filterTest1.xml (RunModel)" time="0.011" />
  <testcase classname="ptolemy.util.test.junit.AutoTests" name="[441] /home/travis/build/icyphy/ptII/ptolemy/actor/lib/test/auto/funcApplyInConst.xml (RunModel)" time="0.005" />
  <testcase classname="ptolemy.util.test.junit.AutoTests" name="[442] /home/travis/build/icyphy/ptII/ptolemy/actor/lib/test/auto/funcApplyInExpr.xml (RunModel)" time="0.054" />
  <testcase classname="ptolemy.util.test.junit.AutoTests" name="[443] /home/travis/build/icyphy/ptII/ptolemy/actor/lib/test/auto/function.xml (RunModel)" time="0.034" />
  <testcase classname="ptolemy.util.test.junit.AutoTests" name="[444] /home/travis/build/icyphy/ptII/ptolemy/actor/lib/test/auto/function2.xml (RunModel)" time="0.032" />
  <testcase classname="ptolemy.util.test.junit.AutoTests" name="[445] /home/travis/build/icyphy/ptII/ptolemy/actor/lib/test/auto/function3.xml (RunModel)" time="0.036" />
  <testcase classname="ptolemy.util.test.junit.AutoTests" name="[446] /home/travis/build/icyphy/ptII/ptolemy/actor/lib/test/auto/functionClosureTest1.xml (RunModel)" time="0.056" />
  <testcase classname="ptolemy.util.test.junit.AutoTests" name="[447] /home/travis/build/icyphy/ptII/ptolemy/actor/lib/test/auto/functionClosureTest2.xml (RunModel)" time="0.028" />
  <testcase classname="ptolemy.util.test.junit.AutoTests" name="[448] /home/travis/build/icyphy/ptII/ptolemy/actor/lib/test/auto/functionClosureTest3.xml (RunModel)" time="0.024" />
  <testcase classname="ptolemy.util.test.junit.AutoTests" name="[449] /home/travis/build/icyphy/ptII/ptolemy/actor/lib/test/auto/functionClosureTest4.xml (RunModel)" time="0.033" />
  <testcase classname="ptolemy.util.test.junit.AutoTests" name="[450] /home/travis/build/icyphy/ptII/ptolemy/actor/lib/test/auto/functionClosureTest5.xml (RunModel)" time="0.011" />
  <testcase classname="ptolemy.util.test.junit.AutoTests" name="[451] /home/travis/build/icyphy/ptII/ptolemy/actor/lib/test/auto/functionClosureTest6.xml (RunModel)" time="0.011" />
  <testcase classname="ptolemy.util.test.junit.AutoTests" name="[452] /home/travis/build/icyphy/ptII/ptolemy/actor/lib/test/auto/functionsOnArcs.xml (RunModel)" time="0.008" />
  <testcase classname="ptolemy.util.test.junit.AutoTests" name="[453] /home/travis/build/icyphy/ptII/ptolemy/actor/lib/test/auto/functionsOnArcsHOF.xml (RunModel)" time="0.01" />
  <testcase classname="ptolemy.util.test.junit.AutoTests" name="[454] /home/travis/build/icyphy/ptII/ptolemy/actor/lib/test/auto/logic.xml (RunModel)" time="0.015" />
  <testcase classname="ptolemy.util.test.junit.AutoTests" name="[455] /home/travis/build/icyphy/ptII/ptolemy/actor/lib/test/auto/matrixType.xml (RunModel)" time="0.007" />
  <testcase classname="ptolemy.util.test.junit.AutoTests" name="[456] /home/travis/build/icyphy/ptII/ptolemy/actor/lib/test/auto/matrixType10.xml (RunModel)" time="0.006" />
  <testcase classname="ptolemy.util.test.junit.AutoTests" name="[457] /home/travis/build/icyphy/ptII/ptolemy/actor/lib/test/auto/matrixType11.xml (RunModel)" time="0.006" />
  <testcase classname="ptolemy.util.test.junit.AutoTests" name="[458] /home/travis/build/icyphy/ptII/ptolemy/actor/lib/test/auto/matrixType12.xml (RunModel)" time="0.008" />
  <testcase classname="ptolemy.util.test.junit.AutoTests" name="[459] /home/travis/build/icyphy/ptII/ptolemy/actor/lib/test/auto/matrixType13.xml (RunModel)" time="0.006" />
  <testcase classname="ptolemy.util.test.junit.AutoTests" name="[460] /home/travis/build/icyphy/ptII/ptolemy/actor/lib/test/auto/matrixType14.xml (RunModel)" time="0.007" />
  <testcase classname="ptolemy.util.test.junit.AutoTests" name="[461] /home/travis/build/icyphy/ptII/ptolemy/actor/lib/test/auto/matrixType2.xml (RunModel)" time="0.008" />
  <testcase classname="ptolemy.util.test.junit.AutoTests" name="[462] /home/travis/build/icyphy/ptII/ptolemy/actor/lib/test/auto/matrixType3.xml (RunModel)" time="0.01" />
  <testcase classname="ptolemy.util.test.junit.AutoTests" name="[463] /home/travis/build/icyphy/ptII/ptolemy/actor/lib/test/auto/matrixType4.xml (RunModel)" time="0.006" />
  <testcase classname="ptolemy.util.test.junit.AutoTests" name="[464] /home/travis/build/icyphy/ptII/ptolemy/actor/lib/test/auto/matrixType5.xml (RunModel)" time="0.006" />
  <testcase classname="ptolemy.util.test.junit.AutoTests" name="[465] /home/travis/build/icyphy/ptII/ptolemy/actor/lib/test/auto/matrixType6.xml (RunModel)" time="0.008" />
  <testcase classname="ptolemy.util.test.junit.AutoTests" name="[466] /home/travis/build/icyphy/ptII/ptolemy/actor/lib/test/auto/matrixType7.xml (RunModel)" time="0.007" />
  <testcase classname="ptolemy.util.test.junit.AutoTests" name="[467] /home/travis/build/icyphy/ptII/ptolemy/actor/lib/test/auto/matrixType8.xml (RunModel)" time="0.007" />
  <testcase classname="ptolemy.util.test.junit.AutoTests" name="[468] /home/travis/build/icyphy/ptII/ptolemy/actor/lib/test/auto/matrixType9.xml (RunModel)" time="0.006" />
  <testcase classname="ptolemy.util.test.junit.AutoTests" name="[469] /home/travis/build/icyphy/ptII/ptolemy/actor/lib/test/auto/paraFunctest.xml (RunModel)" time="0.005" />
  <testcase classname="ptolemy.util.test.junit.AutoTests" name="[470] /home/travis/build/icyphy/ptII/ptolemy/actor/lib/test/auto/paraFunctest2.xml (RunModel)" time="0.007" />
  <testcase classname="ptolemy.util.test.junit.AutoTests" name="[471] /home/travis/build/icyphy/ptII/ptolemy/actor/lib/test/auto/parameterPassing.xml (RunModel)" time="0.006" />
  <testcase classname="ptolemy.util.test.junit.AutoTests" name="[472] /home/travis/build/icyphy/ptII/ptolemy/actor/lib/test/auto/record.xml (RunModel)" time="0.008" />
  <testcase classname="ptolemy.util.test.junit.AutoTests" name="[473] /home/travis/build/icyphy/ptII/ptolemy/actor/lib/test/auto/sizedarray1.xml (RunModel)" time="0.006" />
  <testcase classname="ptolemy.util.test.junit.AutoTests" name="[474] /home/travis/build/icyphy/ptII/ptolemy/actor/lib/test/auto/sizedarray2.xml (RunModel)" time="0.008" />
  <testcase classname="ptolemy.util.test.junit.AutoTests" name="[475] /home/travis/build/icyphy/ptII/ptolemy/actor/lib/test/auto/twoPublishers.xml (RunModel)" time="0.021" />
  <system-out><![CDATA[/home/travis/build/icyphy/ptII/ptolemy/actor/lib/test/AbsoluteValue.tcl
testDefs.tcl: setting time out to 9000 seconds at Sun Jun 07 14:38:02 UTC 2020
102 ms. Memory: 129024K Free: 93127K (72%)
12 ms. Memory: 129024K Free: 91079K (71%)
4 ms. Memory: 129024K Free: 90559K (70%)
9 ms. Memory: 129024K Free: 89527K (69%)
/home/travis/build/icyphy/ptII/ptolemy/actor/lib/test/AddSubtract.tcl
15 ms. Memory: 129024K Free: 87487K (68%)
9 ms. Memory: 129024K Free: 86983K (67%)
3 ms. Memory: 129024K Free: 85959K (67%)
21 ms. Memory: 129024K Free: 85445K (66%)
70 ms. Memory: 129024K Free: 82373K (64%)
9 ms. Memory: 129024K Free: 81349K (63%)
/home/travis/build/icyphy/ptII/ptolemy/actor/lib/test/Average.tcl
14 ms. Memory: 129024K Free: 79815K (62%)
6 ms. Memory: 129024K Free: 78791K (61%)
/home/travis/build/icyphy/ptII/ptolemy/actor/lib/test/Bernoulli.tcl
4 ms. Memory: 129024K Free: 77239K (60%)
2 ms. Memory: 129024K Free: 76743K (59%)
/home/travis/build/icyphy/ptII/ptolemy/actor/lib/test/Clock.tcl
preinitializing
resolving types
initializing
executing number 1
wrapping up
idle
31 ms. Memory: 129024K Free: 74181K (57%)
Completed execution with 5 iterations
preinitializing
resolving types
initializing
executing number 1
wrapping up
idle
8 ms. Memory: 129024K Free: 73127K (57%)
Completed execution with 5 iterations
preinitializing
resolving types
initializing
executing number 1
wrapping up
idle
3 ms. Memory: 129024K Free: 72647K (56%)
Completed execution with 5 iterations
/home/travis/build/icyphy/ptII/ptolemy/actor/lib/test/Commutator.tcl
17 ms. Memory: 129024K Free: 70599K (55%)
16 ms. Memory: 129024K Free: 69575K (54%)
21 ms. Memory: 129024K Free: 63927K (50%)
/home/travis/build/icyphy/ptII/ptolemy/actor/lib/test/Const.tcl
3 ms. Memory: 129024K Free: 62407K (48%)
1 ms. Memory: 129024K Free: 61887K (48%)
3 ms. Memory: 129024K Free: 61383K (48%)
2 ms. Memory: 129024K Free: 60869K (47%)
2 ms. Memory: 129024K Free: 60359K (47%)
20 ms. Memory: 129024K Free: 58821K (46%)
15 ms. Memory: 129024K Free: 57287K (44%)
6 ms. Memory: 129024K Free: 56773K (44%)
/home/travis/build/icyphy/ptII/ptolemy/actor/lib/test/CurrentTime.tcl
preinitializing
resolving types
initializing
executing number 1
wrapping up
idle
12 ms. Memory: 129024K Free: 54695K (42%)
Completed execution with 11 iterations
/home/travis/build/icyphy/ptII/ptolemy/actor/lib/test/DB.tcl
5 ms. Memory: 129024K Free: 53191K (41%)
3 ms. Memory: 129024K Free: 52677K (41%)
2 ms. Memory: 129024K Free: 52167K (40%)
/home/travis/build/icyphy/ptII/ptolemy/actor/lib/test/DiscreteRandomSource.tcl
preinitializing
resolving types
initializing
executing number 1
wrapping up
idle
6 ms. Memory: 129024K Free: 50615K (39%)
Completed execution with 4 iterations
preinitializing
resolving types
initializing
executing number 1
wrapping up
idle
4 ms. Memory: 129024K Free: 50119K (39%)
Completed execution with 4 iterations
preinitializing
resolving types
initializing
executing number 1
wrapping up
idle
4 ms. Memory: 129024K Free: 49605K (38%)
Completed execution with 4 iterations
preinitializing
resolving types
initializing
executing number 1
wrapping up
idle
8 ms. Memory: 129024K Free: 49095K (38%)
Completed execution with 4 iterations
preinitializing
resolving types
initializing
executing number 1
wrapping up
idle
4 ms. Memory: 129024K Free: 48581K (38%)
Completed execution with 4 iterations
/home/travis/build/icyphy/ptII/ptolemy/actor/lib/test/Distributor.tcl
24 ms. Memory: 129024K Free: 113431K (88%)
4 ms. Memory: 129024K Free: 112883K (87%)
StreamChangeRequest.changeExecuted(): <deleteEntity name="rec2"/> succeeded
StreamChangeRequest.changeExecuted(): <deleteRelation name="r2"/> succeeded
StreamChangeRequest.changeExecuted(): Record firings per iteration succeeded
4 ms. Memory: 129024K Free: 110381K (86%)
/home/travis/build/icyphy/ptII/ptolemy/actor/lib/test/Exit.tcl
Exit.tcl: this will print a message about Manager.exitAfterWrapup, which can be ignored.
3 ms. Memory: 129024K Free: 107272K (83%)
/home/travis/build/icyphy/ptII/ptolemy/actor/lib/test/Expression.tcl
15 ms. Memory: 129024K Free: 103683K (80%)
6 ms. Memory: 129024K Free: 103168K (80%)
3 ms. Memory: 129024K Free: 102651K (80%)
preinitializing
resolving types
initializing
executing number 1
wrapping up
idle
7 ms. Memory: 129024K Free: 101159K (78%)
Completed execution with 6 iterations
5 ms. Memory: 129024K Free: 100132K (78%)
3 ms. Memory: 129024K Free: 99579K (77%)
7 ms. Memory: 129024K Free: 98077K (76%)
3 ms. Memory: 129024K Free: 97039K (75%)
3 ms. Memory: 129024K Free: 95513K (74%)
/home/travis/build/icyphy/ptII/ptolemy/actor/lib/test/Gaussian.tcl
12 ms. Memory: 129024K Free: 93975K (73%)
sleeping 1 seconds: ...............................................................................................................................................................................................................................................................................................................................................................................................................................................................................................................................................................................................................................................................................................................................................................................................................................................................................................................................................................................................................................................................................................................................................................................................................................................................................................................................................................................................................................................................................................................................................................................................................................................................................................................................................................................................................................................................................................................................................................................................................................................................................................................................................................................................................................................................................................................................................................................................................................................................................................................................................................................................................................................................................................................................................................................................................................................................................................................................................................................................................................................................................................................................................................................................................................................................................................................................................................................................................................................................................................................................................................................................................................................................................................................................................................................................................................................................................................................................................................................................................................................................................................................................................................................................................................................................................................................................................................................................................................................................................................................................................................................................................................................................................................................................................................................................................................................................................................................................................................................................................................................................................................................................................................................................................................................................................................................................................................................................................................................................................................................................................................................................................................................................................................................................................................................................................................................................................................................................................................................................................................................................................................................................................................................................................................................................................................................................................................................................................................................................................................................................................................................................................................................................................................................................................................................................................................................................................................................................................................................................................................................................................................................................................................................................................................................................................................................................................................................................................................................................................................................................................................................................................................................................................................................................................................................................................................................................................................................................................................................................................................................................................................................................................................................................................................................................................................................................................................................................................................................................................................................................................................................................................................................................................................................................................................................................................................................................................................................................................................................................................................................................................................................................................................................................................................................................................................................................................................................................................................................................................................................................................................................................................................................................................................................................................................................................................................................................................................................................................................................................................................................................................................................................................................................................................................................................................................................................................................................................................................................................................................................................................................................................................................................................................................................................................................................................................................................................................................................................................................................................................................................................................................................................................................................................................................................................................................................................................................................................................................................................................................................................................................................................................................................................................................................................................................................................................................................................................................................................................................................................................................................................................................................................................................................................................................................................................................................................................................................................................................................................................................................................................................................................................................................................................................................................................................................................................................................................................................................................................................................................................................................................................................................................................................................................................................................................................................................................................................................................................................................................................................................................................................................................................................................................................................................................................................................................................................................................................................................................................................................................................................................................................................................................................................................................................................................................................................................................................................................................................................................................................................................................................................................................................................................................................................................................................................................................................................................................................................................................................................................................................................................................................................................................................................................................................................................................................................................................................................................................................................................................................................................................................................................................................................................................................................................................................................................................................................................................................................................................................................................................................................................................................................................................................................................................................................................................................................................................................................................................................................................................................................................................................................................................................................................................................................................................................................................................................................................................................................................................................................................................................................................................................................................................................................................................................................................................................................................................................................................................................................................................................................................................................................................................................................................................................................................................................................................................................................................................................................................................................................................................................................................................................................................................................................................................................................................................................................................................................................................................................................................................................................................................................................................................................................................................................................................................................................................................................................................................................................................................................................................................................................................................................................................................................................................................................................................................................................................................................................................................................................................................................................................................................................................................................................................................................................................................................................................................................................................................................................................................................................................................................................................................................................................................................................................................................................................................................................................................................................................................................................................................................................................................................................................................................................................................................................................................................................................................................................................................................................................................................................................................................................................................................................................................................................................................................................................................................................................................................................................................................................................................................................................................................................................................................................................................................................................................................................................................................................................................................................................................................................................................................................................................................................................................................................................................................................................................................................................................................................................................................................................................................................................................................................................................................................................................................................................................................................................................................................................................................................................................................................................................................................................................................................................................................................................................................................................................................................................................................................................................................................................................................................................................................................................................................................................................................................................................................................................................................................................................................................................................................................................................................................................................................................................................................................................................................................................................................................................................................................................................................................................................................................................................................................................................................................................................................................................................................................................................................................................................................................................................................................................................................................................................................................................................................................................................................................................................................................................................................................................................................................................................................................................................................................................................................................................................................................................................................................................................................................................................................................................................................................................................................................................................................................................................................................................................................................................................................................................................................................................................................................................................................................................................................................................................................................................................................................................................................................................................................................................................................................................................................................................................................................................................................................................................................................................................................................................................................................................................................................................................................................................................................................................................................................................................................................................................................................................................................................................................................................................................................................................................................................................................................................................................................................................................................................................................................................................................................................................................................................................................................................................................................................................................................................................................................................................................................................................................................................................................................................................................................................................................................................................................................................................................................................................................................................................................................................................................................................................................................................................................................................................................................................................................................................................................................................................................................................................................................................................................................................................................................................................................................................................................................................................................................................................................................................................................................................................................................................................................................................................................................................................................................................................................................................................................................................................................................................................................................................................................................................................................................................................................................................................................................................................................................................................................................................................................................................................................................................................................................................................................................................................................................................................................................................................................................................................................................................................................................................................................................................................................................................................................................................................................................................................................................................................................................................................................................................................................................................................................................................................................................................................................................................................................................................................................................................................................................................................................................................................................................................................................................................................................................................................................................................................................................................................................................................................................................................................................................................................................................................................................................................................................................................................................................................................................................................................................................................................................................................................................................................................................................................................................................................................................................................................................................................................................................................................................................................................................................................................................................................................................................................................................................................................................................................................................................................................................................................................................................................................................................................................................................................................................................................................................................................................................................................................................................................................................................................................................................................................................................................................................................................................................................................................................................................................................................................................................................................................................................................................................................................................................................................................................................................................................................................................................................................................................................................................................................................................................................................................................................................................................................................................................................................................................................................................................................................................................................................................................................................................................................................................................................................................................................................................................................................................................................................................................................................................................................................................................................................................................................................................................................................................................................................................................................................................................................................................................................................................................................................................................................................................................................................................................................................................................................................................................................................................................................................................................................................................................................................................................................................................................................................................................................................................................................................................................................................................................................................................................................................................................................................................................................................................................................................................................................................................................................................................................................................................................................................................................................................................................................................................................................................................................................................................................................................................................................................................................................................................................................................................................................................................................................................................................................................................................................................................................................................................................................................................................................................................................................................................................................................................................................................................................................................................................................................................................................................................................................................................................................................................................................................................................................................................................................................................................................................................................................................................................................................................................................................................................................................................................................................................................................................................................................................................................................................................................................................................................................................................................................................................................................................................................................................................................................................................................................................................................................................................................................................................................................................................................................................................................................................................................................................................................................................................................................................................................................................................................................................................................................................................................................................................................................................................................................................................................................................................................................................................................................................................................................................................................................................................................................................................................................................................................................................................................................................................................................................................................................................................................................................................................................................................................................................................................................................................................................................................................................................................................................................................................................................................................................................................................................................................................................................................................................................................................................................................................................................................................................................................................................................................................................................................................................................................................................................................................................................................................................................................................................................................................................................................................................................................................................................................................................................................................................................................................................................................................................................................................................................................................................................................................................................................................................................................................................................................................................................................................................................................................................................................................................................................................................................................................................................................................................................................................................................................................................................................................................................................................................................................................................................................................................................................................................................................................................................................................................................................................................................................................................................................................................................................................................................................................................................................................................................................................................................................................................................................................................................................................................................................................................................................................................................................................................................................................................................................................................................................................................................................................................................................................................................................................................................................................................................................................................................................................................................................................................................................................................................................................................................................................................................................................................................................................................................................................................................................................................................................................................................................................................................................................................................................................................................................................................................................................................................................................................................................................................................................................................................................................................................................................................................................................................................................................................................................................................................................................................................................................................................................................................................................................................................................................................................................................................................................................................................................................................................................................................................................................................................................................................................................................................................................................................................................................................................................................................................................................................................................................................................................................................................................................................................................................................................................................................................................................................................................................................................................................................................................................................................................................................................................................................................................................................................................................................................................................................................................................................................................................................................................................................................................................................................................................................................................................................................................................................................................................................................................................................................................................................................................................................................................................................................................................................................................................................................................................................................................................................................................................................................................................................................................................................................................................................................................................................................................................................................................................................................................................................................................................................................................................................................................................................................................................................................................................................................................................................................................................................................................................................................................................................................................................................................................................................................................................................................................................................................................................................................................................................................................................................................................................................................................................................................................................................................................................................................................................................................................................................................................................................................................................................................................................................................................................................................................................................................................................................................................................................................................................................................................................................................................................................................................................................................................................................................................................................................................................................................................................................................................................................................................................................................................................................................................................................................................................................................................................................................................................................................................................................................................................................................................................................................................................................................................................................................................................................................................................................................................................................................................................................................................................................................................................................................................................................................................................................................................................................................................................................................................................................................................................................................................................................................................................................................................................................................................................................................................................................................................................................................................................................................................................................................................................................................................................................................................................................................................................................................................................................................................................................................................................................................................................................................................................................................................................................................................................................................................................................................................................................................................................................................................................................................................................................................................................................................................................................................................................................................................................................................................................................................................................................................................................................................................................................................................................................................................................................................................................................................................................................................................................................................................................................................................................................................................................................................................................................................................................................................................................................................................................................................................................................................................................................................................................................................................................................................................................................................................................................................................................................................................................................................................................................................................................................................................................................................................................................................................................................................................................................................................................................................................................................................................................................................................................................................................................................................................................................................................................................................................................................................................................................................................................................................................................................................................................................................................................................................................................................................................................................................................................................................................................................................................................................................................................................................................................................................................................................................................................................................................................................................................................................................................................................................................................................................................................................................................................................................................................................................................................................................................................................................................................................................................................................................................................................................................................................................................................................................................................................................................................................................................................................................................................................................................................................................................................................................................................................................................................................................................................................................................................................................................................................................................................................................................................................................................................................................................................................................................................................................................................................................................................................................................................................................................................................................................................................................................................................................................................................................................................................................................................................................................................................................................................................................................................................................................................................................................................................................................................................................................................................................................................................................................................................................................................................................................................................................................................................................................................................................................................................................................................................................................................................................................................................................................................................................................................................................................................................................................................................................................................................................................................................................................................................................................................................................................................................................................................................................................................................................................................................................................................................................................................................................................................................................................................................................................................................................................................................................................................5 ms. Memory: 129024K Free: 112422K (87%)
3 ms. Memory: 129024K Free: 111912K (87%)
2 ms. Memory: 129024K Free: 111384K (86%)
2 ms. Memory: 129024K Free: 110374K (86%)
6 ms. Memory: 129024K Free: 109864K (85%)
/home/travis/build/icyphy/ptII/ptolemy/actor/lib/test/IIR.tcl
/home/travis/build/icyphy/ptII/ptolemy/actor/lib/test/Interpolator.tcl
4 ms. Memory: 129024K Free: 106278K (82%)
2 ms. Memory: 129024K Free: 105768K (82%)
2 ms. Memory: 129024K Free: 105254K (82%)
1 ms. Memory: 129024K Free: 104230K (81%)
2 ms. Memory: 129024K Free: 103720K (80%)
5 ms. Memory: 129024K Free: 102696K (80%)
2 ms. Memory: 129024K Free: 102182K (79%)
1 ms. Memory: 129024K Free: 101144K (78%)
2 ms. Memory: 129024K Free: 100120K (78%)
4 ms. Memory: 129024K Free: 99096K (77%)
/home/travis/build/icyphy/ptII/ptolemy/actor/lib/test/MathFunction.tcl
5 ms. Memory: 129024K Free: 97056K (75%)
2 ms. Memory: 129024K Free: 96032K (74%)
2 ms. Memory: 129024K Free: 95014K (74%)
1 ms. Memory: 129024K Free: 93990K (73%)
12 ms. Memory: 129024K Free: 92952K (72%)
5 ms. Memory: 129024K Free: 90918K (70%)
/home/travis/build/icyphy/ptII/ptolemy/actor/lib/test/Maximum.tcl
10 ms. Memory: 129024K Free: 88856K (69%)
1 ms. Memory: 129024K Free: 88360K (68%)
7 ms. Memory: 129024K Free: 87840K (68%)
3 ms. Memory: 129024K Free: 86822K (67%)
/home/travis/build/icyphy/ptII/ptolemy/actor/lib/test/Minimum.tcl
5 ms. Memory: 129024K Free: 85288K (66%)
4 ms. Memory: 129024K Free: 84774K (66%)
3 ms. Memory: 129024K Free: 83750K (65%)
2 ms. Memory: 129024K Free: 83240K (65%)
/home/travis/build/icyphy/ptII/ptolemy/actor/lib/test/MultiplyDivide.tcl
9 ms. Memory: 129024K Free: 81192K (63%)
6 ms. Memory: 129024K Free: 80672K (63%)
2 ms. Memory: 129024K Free: 80168K (62%)
2 ms. Memory: 129024K Free: 79144K (61%)
9 ms. Memory: 129024K Free: 78630K (61%)
/home/travis/build/icyphy/ptII/ptolemy/actor/lib/test/OrderedMerge.tcl
Connections changed on port: inputA
Connections changed on port: inputB
Connections changed on port: output
Connections changed on port: output
Connections changed on port: output
Connections changed on port: input
.top. Preinitializing ...
Invoking preinitialize():  .top.OrderedMerge
Called preinitialize()
Invoking preinitialize():  .top.Ramp
Called preinitialize()
Invoking preinitialize():  .top.Ramp2
Called preinitialize()
Invoking preinitialize():  .top.Test
Called preinitialize()
Connections changed on port: inputA
Connections changed on port: output
Connections changed on port: inputB
Connections changed on port: output
Connections changed on port: output
Connections changed on port: input
.top. Finished preinitialize().
Called initialize().
Invoking initialize():  .top.OrderedMerge
Initializing actor: .top.OrderedMerge
Adding a thread: .top.OrderedMerge
Invoking initialize():  .top.Ramp
Initializing actor: .top.Ramp
Adding a thread: .top.Ramp
Invoking initialize():  .top.Ramp2
Initializing actor: .top.Ramp2
Adding a thread: .top.Ramp2
Invoking initialize():  .top.Test
Initializing actor: .top.Test
Adding a thread: .top.Test
Called fire().
Checking for deadlock:
-- Starting thread.
Called initialize()
Called prefire()
Called fire()
-- Starting thread.
-- Starting thread.
Called initialize()
Called initialize()
Called prefire()
Called fire()
Called prefire()
Called fire()
There are 0 Blocked actors, 0 Stopped actors, and 4 active threads.
Waiting for actors to stop.
-- Starting thread.
Called postfire()
Checking for deadlock:
Called postfire()
Called prefire()
Called prefire()
Called fire()
There are 1 Blocked actors, 0 Stopped actors, and 4 active threads.
Waiting for actors to stop.
Called initialize()
Called fire()
Called prefire()
Called fire()
Checking for deadlock:
There are 2 Blocked actors, 0 Stopped actors, and 4 active threads.
Waiting for actors to stop.
Called postfire()
Called prefire()
Called fire()
Read input token from inputA with value 0.0
Next port to read input from is inputB
Called postfire()
Called prefire()
Called fire()
Checking for deadlock:
There are 3 Blocked actors, 0 Stopped actors, and 4 active threads.
Waiting for actors to stop.
Called postfire()
Read input token from inputB with value 0.0
Called prefire()
Called fire()
Checking for deadlock:
There are 3 Blocked actors, 0 Stopped actors, and 4 active threads.
Waiting for actors to stop.
Checking for deadlock:
There are 2 Blocked actors, 0 Stopped actors, and 4 active threads.
Waiting for actors to stop.
-- Read input: 0.0, which is expected to match: 0.0
Called prefire()
Called fire()
Checking for deadlock:
There are 3 Blocked actors, 0 Stopped actors, and 4 active threads.
Waiting for actors to stop.
Sent output token with value 0.0
Next port to read input from is inputA
Called postfire()
Called prefire()
Called fire()
Called postfire()
Called prefire()
Called fire()
Checking for deadlock:
There are 3 Blocked actors, 0 Stopped actors, and 4 active threads.
Waiting for actors to stop.
Read input token from inputA with value 1.0
-- Read input: 0.0, which is expected to match: 0.0
Called prefire()
Called fire()
Checking for deadlock:
There are 3 Blocked actors, 0 Stopped actors, and 4 active threads.
Waiting for actors to stop.
Sent output token with value 0.0
Next port to read input from is inputB
Called postfire()
Called prefire()
Called fire()
Read input token from inputB with value 1.5
Sent output token with value 1.0
Next port to read input from is inputA
Called postfire()
Called prefire()
Called fire()
Read input token from inputA with value 2.0
Checking for deadlock:
There are 1 Blocked actors, 0 Stopped actors, and 4 active threads.
Waiting for actors to stop.
-- Read input: 1.0, which is expected to match: 1.0
Called prefire()
Called fire()
Called postfire()
Called prefire()
Called fire()
Called postfire()
Called prefire()
Called fire()
Checking for deadlock:
There are 3 Blocked actors, 0 Stopped actors, and 4 active threads.
Waiting for actors to stop.
-- Read input: 1.5, which is expected to match: 1.5
Called prefire()
Called fire()
Checking for deadlock:
There are 3 Blocked actors, 0 Stopped actors, and 4 active threads.
Waiting for actors to stop.
Sent output token with value 1.5
Next port to read input from is inputB
Called postfire()
Called prefire()
Called fire()
Checking for deadlock:
Called postfire()
There are 2 Blocked actors, 0 Stopped actors, and 4 active threads.
Called prefire()
Waiting for actors to stop.
Called fire()
Read input token from inputB with value 3.0
Checking for deadlock:
There are 3 Blocked actors, 0 Stopped actors, and 4 active threads.
Waiting for actors to stop.
Checking for deadlock:
There are 2 Blocked actors, 0 Stopped actors, and 4 active threads.
Waiting for actors to stop.
-- Read input: 2.0, which is expected to match: 2.0
Called prefire()
Called fire()
Sent output token with value 2.0
Next port to read input from is inputA
Called postfire()
Called prefire()
Called fire()
Read input token from inputA with value 3.0
Sent output token with value 3.0
Next port to read input from is inputB
Called postfire()
Called prefire()
Called fire()
Read input token from inputB with value 4.5
Checking for deadlock:
There are 0 Blocked actors, 0 Stopped actors, and 4 active threads.
Waiting for actors to stop.
Called postfire()
Called prefire()
Called fire()
Checking for deadlock:
There are 1 Blocked actors, 0 Stopped actors, and 4 active threads.
Waiting for actors to stop.
Called postfire()
Called prefire()
Called fire()
-- Read input: 3.0, which is expected to match: 3.0
Called prefire()
Called fire()
Checking for deadlock:
There are 3 Blocked actors, 0 Stopped actors, and 4 active threads.
Waiting for actors to stop.
-- Read input: 3.0, which is expected to match: 3.0
Called prefire()
Called fire()
Checking for deadlock:
There are 3 Blocked actors, 0 Stopped actors, and 4 active threads.
Waiting for actors to stop.
Sent output token with value 3.0
Next port to read input from is inputA
Called postfire()
Called prefire()
Called fire()
Read input token from inputA with value 4.0
Sent output token with value 4.0
Next port to read input from is inputA
Called postfire()
Called prefire()
Called fire()
Checking for deadlock:
There are 2 Blocked actors, 0 Stopped actors, and 4 active threads.
Waiting for actors to stop.
Called postfire()
Called prefire()
Called fire()
-- Read input: 4.0, which is expected to match: 4.0
Called prefire()
Called fire()
Past the end of training data. Read and discard all inputs.
Checking for deadlock:
There are 3 Blocked actors, 0 Stopped actors, and 4 active threads.
Waiting for actors to stop.
Called postfire()
Called prefire()
Called fire()
Checking for deadlock:
There are 3 Blocked actors, 0 Stopped actors, and 4 active threads.
Waiting for actors to stop.
Read input token from inputA with value 5.0
Called prefire()
Called fire()
Past the end of training data. Read and discard all inputs.
Checking for deadlock:
There are 3 Blocked actors, 0 Stopped actors, and 4 active threads.
Waiting for actors to stop.
Sent output token with value 4.5
Next port to read input from is inputB
Called postfire()
Called prefire()
Called fire()
Read input token from inputB with value 6.0
Sent output token with value 5.0
Next port to read input from is inputA
Called postfire()
Called prefire()
Called fire()
Read input token from inputA with value 6.0
Called postfire()
Called prefire()
Called postfire()
Called fire()
Called prefire()
Called fire()
Checking for deadlock:
There are 3 Blocked actors, 0 Stopped actors, and 4 active threads.
Waiting for actors to stop.
Called prefire()
Called fire()
Past the end of training data. Read and discard all inputs.
Checking for deadlock:
There are 3 Blocked actors, 0 Stopped actors, and 4 active threads.
Waiting for actors to stop.
Called prefire()
Called fire()
Past the end of training data. Read and discard all inputs.
Sent output token with value 6.0
Next port to read input from is inputB
Called postfire()
Called prefire()
Called fire()
Read input token from inputB with value 7.5
Sent output token with value 6.0
Next port to read input from is inputA
Called postfire()
Called prefire()
Called fire()
Read input token from inputA with value 7.0
Checking for deadlock:
There are 1 Blocked actors, 0 Stopped actors, and 4 active threads.
Waiting for actors to stop.
Called postfire()
Called postfire()
Called prefire()
Called prefire()
Called fire()
Called fire()
Called prefire()
Called fire()
Past the end of training data. Read and discard all inputs.
Checking for deadlock:
There are 3 Blocked actors, 0 Stopped actors, and 4 active threads.
Waiting for actors to stop.
Sent output token with value 7.0
Next port to read input from is inputA
Called postfire()
Called prefire()
Called fire()
Read input token from inputA with value 8.0
-- Thread wrapup() called.
Called wrapup()
Thread .top.Ramp is exiting.
-- Thread stopped.
Checking for deadlock:
There are 2 Blocked actors, 0 Stopped actors, and 3 active threads.
Waiting for actors to stop.
Called prefire()
Called fire()
Past the end of training data. Read and discard all inputs.
Checking for deadlock:
There are 2 Blocked actors, 0 Stopped actors, and 3 active threads.
Waiting for actors to stop.
Called prefire()
Called fire()
Past the end of training data. Read and discard all inputs.
Checking for deadlock:
There are 2 Blocked actors, 0 Stopped actors, and 3 active threads.
Waiting for actors to stop.
Sent output token with value 7.5
Next port to read input from is inputB
Called postfire()
Called prefire()
Called fire()
Checking for deadlock:
There are 1 Blocked actors, 0 Stopped actors, and 3 active threads.
Waiting for actors to stop.
Called postfire()
Called prefire()
Read input token from inputB with value 9.0
Called fire()
Called prefire()
Called fire()
Past the end of training data. Read and discard all inputs.
Checking for deadlock:
There are 2 Blocked actors, 0 Stopped actors, and 3 active threads.
Waiting for actors to stop.
Sent output token with value 8.0
Next port to read input from is inputA
Called postfire()
Called prefire()
Called fire()
Read input token from inputA with value 9.0
Called prefire()
Called fire()
Past the end of training data. Read and discard all inputs.
Checking for deadlock:
There are 2 Blocked actors, 0 Stopped actors, and 3 active threads.
Waiting for actors to stop.
Sent output token with value 9.0
Next port to read input from is inputB
Called postfire()
Called prefire()
Called fire()
Checking for deadlock:
There are 1 Blocked actors, 0 Stopped actors, and 3 active threads.
Waiting for actors to stop.
Called postfire()
Called prefire()
Read input token from inputB with value 10.5
Called fire()
Called prefire()
Called fire()
Past the end of training data. Read and discard all inputs.
Checking for deadlock:
There are 2 Blocked actors, 0 Stopped actors, and 3 active threads.
Waiting for actors to stop.
Sent output token with value 9.0
Next port to read input from is inputA
Called postfire()
Called prefire()
Called fire()
Checking for deadlock:
There are 3 Blocked actors, 0 Stopped actors, and 3 active threads.
Actors have stopped.
Checking for deadlock:
There are 3 Blocked actors, 0 Stopped actors, and 3 active threads.
Deadlock detected.
Resolving Deadlock
Checking for deadlock:
There are 3 Blocked actors, 0 Stopped actors, and 3 active threads.
Artificial Deadlock - increasing queue capacity.
increasing the capacity of receiver ptolemy.actor.TypedIOPort {.top.OrderedMerge.inputB} to 2
Director: Called postfire().
Called postfire().
_stopRequested = false
_stopFireRequested = false
Returning from postfire(): true
Called fire().
Checking for deadlock:
There are 2 Blocked actors, 0 Stopped actors, and 3 active threads.
Waiting for actors to stop.
-- Thread wrapup() called.
Called wrapup()
Thread .top.Ramp2 is exiting.
-- Thread stopped.
Checking for deadlock:
There are 2 Blocked actors, 0 Stopped actors, and 2 active threads.
Actors have stopped.
Checking for deadlock:
There are 2 Blocked actors, 0 Stopped actors, and 2 active threads.
Deadlock detected.
Resolving Deadlock
Checking for deadlock:
There are 2 Blocked actors, 0 Stopped actors, and 2 active threads.
Deadlock detected: no processes blocked on write, but some are blocked on read.
Called postfire().
_stopRequested = false
_stopFireRequested = false
Returning from postfire(): false
Finished deactivating branches.
Called wrapup().
-- Thread wrapup() called.
Called wrapup()
Thread .top.OrderedMerge is exiting.
-- Thread stopped.
-- Blocked Receiver call threw TerminateProcessException.
-- Thread wrapup() called.
Called wrapup()
Thread .top.Test is exiting.
-- Thread stopped.
-- Blocked Receiver call threw TerminateProcessException.
69 ms. Memory: 129024K Free: 73510K (57%)
.top. Preinitializing ...
Invoking preinitialize():  .top.OrderedMerge
Called preinitialize()
Invoking preinitialize():  .top.Ramp
Called preinitialize()
Invoking preinitialize():  .top.Ramp2
Called preinitialize()
Invoking preinitialize():  .top.Test
Called preinitialize()
.top. Finished preinitialize().
Called initialize().
Invoking initialize():  .top.OrderedMerge
Initializing actor: .top.OrderedMerge
Adding a thread: .top.OrderedMerge
Invoking initialize():  .top.Ramp
Initializing actor: .top.Ramp
Adding a thread: .top.Ramp
Invoking initialize():  .top.Ramp2
Initializing actor: .top.Ramp2
Adding a thread: .top.Ramp2
Invoking initialize():  .top.Test
Initializing actor: .top.Test
Adding a thread: .top.Test
-- Starting thread.
Called initialize()
Called prefire()
Called fire()
-- Starting thread.
Called initialize()
-- Starting thread.
Called fire().
Checking for deadlock:
There are 1 Blocked actors, 0 Stopped actors, and 4 active threads.
Waiting for actors to stop.
-- Starting thread.
Called initialize()
Called prefire()
Called fire()
Checking for deadlock:
There are 2 Blocked actors, 0 Stopped actors, and 4 active threads.
Waiting for actors to stop.
Called prefire()
Called fire()
Called postfire()
Called prefire()
Called fire()
Called initialize()
Called prefire()
Called fire()
Called postfire()
Called prefire()
Called fire()
Checking for deadlock:
There are 2 Blocked actors, 0 Stopped actors, and 4 active threads.
Waiting for actors to stop.
Read input token from inputA with value 0.0
Called postfire()
Called prefire()
Called fire()
Next port to read input from is inputB
Called postfire()
Called prefire()
Called fire()
Checking for deadlock:
Called postfire()
There are 2 Blocked actors, 0 Stopped actors, and 4 active threads.
Called prefire()
Waiting for actors to stop.
Called fire()
Checking for deadlock:
There are 3 Blocked actors, 0 Stopped actors, and 4 active threads.
Waiting for actors to stop.
Read input token from inputB with value 0.0
Sent output token with value 0.0
Next port to read input from is inputA
Called postfire()
Called prefire()
Called fire()
Read input token from inputA with value 1.0
Checking for deadlock:
There are 2 Blocked actors, 0 Stopped actors, and 4 active threads.
Waiting for actors to stop.
-- Read input: 0.0, which is expected to match: 0.0
Called prefire()
Called fire()
Called postfire()
Called prefire()
Called fire()
Checking for deadlock:
There are 3 Blocked actors, 0 Stopped actors, and 4 active threads.
Waiting for actors to stop.
Sent output token with value 0.0
Next port to read input from is inputB
Called postfire()
Called prefire()
Called fire()
Read input token from inputB with value 1.5
Checking for deadlock:
There are 2 Blocked actors, 0 Stopped actors, and 4 active threads.
Waiting for actors to stop.
-- Read input: 0.0, which is expected to match: 0.0
Called prefire()
Called fire()
Called postfire()
Called prefire()
Called fire()
Checking for deadlock:
There are 2 Blocked actors, 0 Stopped actors, and 4 active threads.
Waiting for actors to stop.
Checking for deadlock:
There are 3 Blocked actors, 0 Stopped actors, and 4 active threads.
Waiting for actors to stop.
Checking for deadlock:
There are 2 Blocked actors, 0 Stopped actors, and 4 active threads.
Waiting for actors to stop.
-- Read input: 1.0, which is expected to match: 1.0
Called prefire()
Called fire()
Checking for deadlock:
There are 3 Blocked actors, 0 Stopped actors, and 4 active threads.
Sent output token with value 1.0
Waiting for actors to stop.
Next port to read input from is inputA
Called postfire()
Called prefire()
Called fire()
Checking for deadlock:
Read input token from inputA with value 2.0
There are 2 Blocked actors, 0 Stopped actors, and 4 active threads.
Waiting for actors to stop.
Called postfire()
Called prefire()
Called fire()
Sent output token with value 1.5
Checking for deadlock:
There are 2 Blocked actors, 0 Stopped actors, and 4 active threads.
Waiting for actors to stop.
Next port to read input from is inputB
Called postfire()
Called prefire()
Called fire()
Read input token from inputB with value 3.0
-- Read input: 1.5, which is expected to match: 1.5
Called prefire()
Called fire()
Sent output token with value 2.0
Next port to read input from is inputA
Called postfire()
Called prefire()
-- Read input: 2.0, which is expected to match: 2.0
Called prefire()
Called fire()
Checking for deadlock:
Called postfire()
There are 2 Blocked actors, 0 Stopped actors, and 4 active threads.
Called prefire()
Waiting for actors to stop.
Called fire()
Called fire()
Checking for deadlock:
There are 2 Blocked actors, 0 Stopped actors, and 4 active threads.
Waiting for actors to stop.
Read input token from inputA with value 3.0
Called postfire()
Called prefire()
Called fire()
Sent output token with value 3.0
Next port to read input from is inputB
-- Read input: 3.0, which is expected to match: 3.0
Called prefire()
Called fire()
Checking for deadlock:
There are 3 Blocked actors, 0 Stopped actors, and 4 active threads.
Waiting for actors to stop.
Called postfire()
Called prefire()
Called fire()
Checking for deadlock:
Called postfire()
There are 2 Blocked actors, 0 Stopped actors, and 4 active threads.
Called prefire()
Called fire()
Waiting for actors to stop.
Checking for deadlock:
There are 3 Blocked actors, 0 Stopped actors, and 4 active threads.
Waiting for actors to stop.
Read input token from inputB with value 4.5
Checking for deadlock:
Sent output token with value 3.0
There are 2 Blocked actors, 0 Stopped actors, and 4 active threads.
Waiting for actors to stop.
Next port to read input from is inputA
Called postfire()
Called prefire()
Called fire()
-- Read input: 3.0, which is expected to match: 3.0
Called prefire()
Called fire()
Read input token from inputA with value 4.0
Checking for deadlock:
There are 2 Blocked actors, 0 Stopped actors, and 4 active threads.
Waiting for actors to stop.
Called postfire()
Called prefire()
Called fire()
Checking for deadlock:
There are 2 Blocked actors, 0 Stopped actors, and 4 active threads.
Waiting for actors to stop.
Sent output token with value 4.0
Next port to read input from is inputA
Called postfire()
Called prefire()
Called fire()
-- Read input: 4.0, which is expected to match: 4.0
Called prefire()
Called fire()
Read input token from inputA with value 5.0
Past the end of training data. Read and discard all inputs.
Sent output token with value 4.5
Called postfire()
Called prefire()
Called fire()
Next port to read input from is inputB
Called postfire()
Called prefire()
Called prefire()
Checking for deadlock:
There are 2 Blocked actors, 0 Stopped actors, and 4 active threads.
Waiting for actors to stop.
Called fire()
Past the end of training data. Read and discard all inputs.
Called fire()
Checking for deadlock:
There are 2 Blocked actors, 0 Stopped actors, and 4 active threads.
Waiting for actors to stop.
Called postfire()
Called prefire()
Called fire()
Read input token from inputB with value 6.0
Checking for deadlock:
There are 3 Blocked actors, 0 Stopped actors, and 4 active threads.
Waiting for actors to stop.
Called prefire()
Called fire()
Past the end of training data. Read and discard all inputs.
Sent output token with value 5.0
Checking for deadlock:
There are 3 Blocked actors, 0 Stopped actors, and 4 active threads.
Waiting for actors to stop.
Next port to read input from is inputA
Called postfire()
Called prefire()
Called fire()
Called postfire()
Called prefire()
Called fire()
Read input token from inputA with value 6.0
Checking for deadlock:
There are 3 Blocked actors, 0 Stopped actors, and 4 active threads.
Waiting for actors to stop.
Called prefire()
Called fire()
Past the end of training data. Read and discard all inputs.
Sent output token with value 6.0
Checking for deadlock:
There are 3 Blocked actors, 0 Stopped actors, and 4 active threads.
Waiting for actors to stop.
Next port to read input from is inputB
Called postfire()
Called prefire()
Called fire()
Called postfire()
Called prefire()
Checking for deadlock:
Called fire()
There are 2 Blocked actors, 0 Stopped actors, and 4 active threads.
Waiting for actors to stop.
Read input token from inputB with value 7.5
Checking for deadlock:
There are 3 Blocked actors, 0 Stopped actors, and 4 active threads.
Waiting for actors to stop.
Sent output token with value 6.0
Next port to read input from is inputA
Called postfire()
Called prefire()
Called fire()
Read input token from inputA with value 7.0
Called postfire()
Called prefire()
Called fire()
Checking for deadlock:
There are 3 Blocked actors, 0 Stopped actors, and 4 active threads.
Waiting for actors to stop.
Called prefire()
Called fire()
Past the end of training data. Read and discard all inputs.
Called prefire()
Called fire()
Sent output token with value 7.0
Checking for deadlock:
Next port to read input from is inputA
Called postfire()
Past the end of training data. Read and discard all inputs.
Called prefire()
There are 2 Blocked actors, 0 Stopped actors, and 4 active threads.
Waiting for actors to stop.
Called fire()
Checking for deadlock:
There are 3 Blocked actors, 0 Stopped actors, and 4 active threads.
Waiting for actors to stop.
Checking for deadlock:
There are 2 Blocked actors, 0 Stopped actors, and 4 active threads.
Read input token from inputA with value 8.0
Waiting for actors to stop.
Sent output token with value 7.5
Next port to read input from is inputB
Called postfire()
Called prefire()
Called fire()
Read input token from inputB with value 9.0
Called postfire()
Called prefire()
Called fire()
-- Thread wrapup() called.
Called wrapup()
Thread .top.Ramp is exiting.
-- Thread stopped.
Checking for deadlock:
There are 2 Blocked actors, 0 Stopped actors, and 3 active threads.
Waiting for actors to stop.
Called prefire()
Called fire()
Past the end of training data. Read and discard all inputs.
Called prefire()
Called fire()
Past the end of training data. Read and discard all inputs.
Sent output token with value 8.0
Checking for deadlock:
There are 2 Blocked actors, 0 Stopped actors, and 3 active threads.
Waiting for actors to stop.
Next port to read input from is inputA
Called postfire()
Called prefire()
Called fire()
Read input token from inputA with value 9.0
Called prefire()
Called fire()
Sent output token with value 9.0
Past the end of training data. Read and discard all inputs.
Next port to read input from is inputB
Called postfire()
Called prefire()
Checking for deadlock:
Called fire()
There are 2 Blocked actors, 0 Stopped actors, and 3 active threads.
Waiting for actors to stop.
Checking for deadlock:
There are 1 Blocked actors, 0 Stopped actors, and 3 active threads.
Waiting for actors to stop.
Read input token from inputB with value 10.5
Called postfire()
Called prefire()
Called fire()
Sent output token with value 9.0
Called prefire()
Called fire()
Past the end of training data. Read and discard all inputs.
Next port to read input from is inputA
Called postfire()
Checking for deadlock:
Called prefire()
There are 2 Blocked actors, 0 Stopped actors, and 3 active threads.
Waiting for actors to stop.
Called fire()
Checking for deadlock:
There are 3 Blocked actors, 0 Stopped actors, and 3 active threads.
Actors have stopped.
Checking for deadlock:
There are 3 Blocked actors, 0 Stopped actors, and 3 active threads.
Deadlock detected.
Resolving Deadlock
Checking for deadlock:
There are 3 Blocked actors, 0 Stopped actors, and 3 active threads.
Artificial Deadlock - increasing queue capacity.
increasing the capacity of receiver ptolemy.actor.TypedIOPort {.top.OrderedMerge.inputB} to 2
Director: Called postfire().
Called postfire().
_stopRequested = false
_stopFireRequested = false
Returning from postfire(): true
Called fire().
Checking for deadlock:
There are 2 Blocked actors, 0 Stopped actors, and 3 active threads.
Waiting for actors to stop.
-- Thread wrapup() called.
Called wrapup()
Thread .top.Ramp2 is exiting.
-- Thread stopped.
Checking for deadlock:
There are 2 Blocked actors, 0 Stopped actors, and 2 active threads.
Actors have stopped.
Checking for deadlock:
There are 2 Blocked actors, 0 Stopped actors, and 2 active threads.
Deadlock detected.
Resolving Deadlock
Checking for deadlock:
There are 2 Blocked actors, 0 Stopped actors, and 2 active threads.
Deadlock detected: no processes blocked on write, but some are blocked on read.
Called postfire().
_stopRequested = false
_stopFireRequested = false
Returning from postfire(): false
Finished deactivating branches.
Called wrapup().
-- Thread wrapup() called.
-- Thread wrapup() called.
Called wrapup()
Called wrapup()
Thread .top.OrderedMerge is exiting.
-- Thread stopped.
-- Blocked Receiver call threw TerminateProcessException.
Thread .top.Test is exiting.
-- Thread stopped.
-- Blocked Receiver call threw TerminateProcessException.
47 ms. Memory: 129024K Free: 70952K (55%)
/home/travis/build/icyphy/ptII/ptolemy/actor/lib/test/Publisher.tcl
17 ms. Memory: 129024K Free: 64808K (50%)
3 ms. Memory: 129024K Free: 59160K (46%)
2 ms. Memory: 129024K Free: 55592K (43%)
3 ms. Memory: 129024K Free: 54568K (42%)
2 ms. Memory: 129024K Free: 53544K (41%)
3 ms. Memory: 129024K Free: 53000K (41%)
1 ms. Memory: 129024K Free: 51992K (40%)
3 ms. Memory: 129024K Free: 50968K (40%)
31 ms. Memory: 155648K Free: 134851K (87%)
7 ms. Memory: 155648K Free: 131265K (84%)
2 ms. Memory: 155648K Free: 130241K (84%)
3 ms. Memory: 155648K Free: 128179K (82%)
15 ms. Memory: 155648K Free: 121025K (78%)
12 ms. Memory: 155648K Free: 111299K (72%)
5 ms. Memory: 155648K Free: 100035K (64%)
/home/travis/build/icyphy/ptII/ptolemy/actor/lib/test/Pulse.tcl
1 ms. Memory: 155648K Free: 62643K (40%)
1 ms. Memory: 155648K Free: 62147K (40%)
1 ms. Memory: 155648K Free: 61627K (40%)
1 ms. Memory: 155648K Free: 61123K (39%)
1 ms. Memory: 155648K Free: 60609K (39%)
5 ms. Memory: 155648K Free: 59075K (38%)
2 ms. Memory: 155648K Free: 58547K (38%)
9 ms. Memory: 155648K Free: 137526K (88%)
1 ms. Memory: 155648K Free: 137030K (88%)
/home/travis/build/icyphy/ptII/ptolemy/actor/lib/test/Ramp.tcl
9 ms. Memory: 155648K Free: 134982K (87%)
3 ms. Memory: 155648K Free: 133958K (86%)
2 ms. Memory: 155648K Free: 133430K (86%)
2 ms. Memory: 155648K Free: 132406K (85%)
4 ms. Memory: 155648K Free: 131910K (85%)
8 ms. Memory: 155648K Free: 130886K (84%)
9 ms. Memory: 155648K Free: 129862K (83%)
5 actors
7000 microseconds per iteration to create
9 ms. Memory: 155648K Free: 127300K (82%)
6 ms. Memory: 155648K Free: 126790K (81%)
2 ms. Memory: 155648K Free: 126262K (81%)
2 ms. Memory: 155648K Free: 125252K (80%)
50 actors
51000 microseconds per iteration to create
26 ms. Memory: 155648K Free: 109892K (71%)
5 ms. Memory: 155648K Free: 108868K (70%)
4 ms. Memory: 155648K Free: 107844K (69%)
4 ms. Memory: 155648K Free: 106820K (69%)
500 actors
1458000 microseconds per iteration to create
222 ms. Memory: 187392K Free: 151965K (81%)
34 ms. Memory: 187392K Free: 146335K (78%)
32 ms. Memory: 187392K Free: 141215K (75%)
30 ms. Memory: 187392K Free: 136095K (73%)
/home/travis/build/icyphy/ptII/ptolemy/actor/lib/test/RampContinuous.tcl
6 ms. Memory: 187392K Free: 134557K (72%)
/home/travis/build/icyphy/ptII/ptolemy/actor/lib/test/RecordAssembler.tcl
4 ms. Memory: 187392K Free: 133023K (71%)
5 ms. Memory: 187392K Free: 131999K (70%)
/home/travis/build/icyphy/ptII/ptolemy/actor/lib/test/RecordDisassembler.tcl
9 ms. Memory: 187392K Free: 130461K (70%)
4 ms. Memory: 187392K Free: 129437K (69%)
7 ms. Memory: 187392K Free: 128413K (69%)
/home/travis/build/icyphy/ptII/ptolemy/actor/lib/test/Scale.tcl
2 ms. Memory: 187392K Free: 126359K (67%)
1 ms. Memory: 187392K Free: 125855K (67%)
1 ms. Memory: 187392K Free: 124831K (67%)
2 ms. Memory: 187392K Free: 124287K (66%)
3 ms. Memory: 187392K Free: 123279K (66%)
/home/travis/build/icyphy/ptII/ptolemy/actor/lib/test/SequentialClock.tcl
preinitializing
resolving types
initializing
executing number 1
wrapping up
idle
4 ms. Memory: 187392K Free: 122255K (65%)
Completed execution with 5 iterations
preinitializing
resolving types
initializing
executing number 1
wrapping up
idle
1 ms. Memory: 187392K Free: 121245K (65%)
Completed execution with 5 iterations
preinitializing
resolving types
initializing
executing number 1
wrapping up
idle
1 ms. Memory: 187392K Free: 120735K (64%)
Completed execution with 5 iterations
/home/travis/build/icyphy/ptII/ptolemy/actor/lib/test/SetVariable.tcl
4 ms. Memory: 187392K Free: 119183K (64%)
/home/travis/build/icyphy/ptII/ptolemy/actor/lib/test/Sinewave.tcl
/home/travis/build/icyphy/ptII/ptolemy/actor/lib/test/SubscriptionAggregator.tcl
7 ms. Memory: 187392K Free: 107423K (57%)
2 ms. Memory: 187392K Free: 106909K (57%)
0 ms. Memory: 187392K Free: 106399K (57%)
1 ms. Memory: 187392K Free: 105885K (57%)
2 ms. Memory: 187392K Free: 102303K (55%)
8 ms. Memory: 187392K Free: 100255K (54%)
...............................................................1019 ms. Memory: 287744K Free: 209920K (73%)
/home/travis/build/icyphy/ptII/ptolemy/actor/lib/test/Test.tcl
 The next command will produce a warning about training mode,
   which may be ignored.
4 ms. Memory: 287744K Free: 207872K (72%)
2 ms. Memory: 287744K Free: 207358K (72%)
4 ms. Memory: 287744K Free: 206848K (72%)
1 ms. Memory: 287744K Free: 206303K (72%)
3 ms. Memory: 287744K Free: 205310K (71%)
12 ms. Memory: 287744K Free: 204279K (71%)
2 ms. Memory: 287744K Free: 202752K (70%)
 The next command will produce a warning about training mode,
   which may be ignored.
4 ms. Memory: 287744K Free: 200704K (70%)
 The next command will produce a warning about training mode,
   which may be ignored.
2 ms. Memory: 287744K Free: 199151K (69%)
1 ms. Memory: 287744K Free: 199151K (69%)
1 ms. Memory: 287744K Free: 198656K (69%)
3 ms. Memory: 287744K Free: 198135K (69%)
8 ms. Memory: 287744K Free: 197103K (68%)
3 ms. Memory: 287744K Free: 193022K (67%)
/home/travis/build/icyphy/ptII/ptolemy/actor/lib/test/TestExceptionHandler.tcl
 The next command will produce a warning about training mode,
   which may be ignored.
2 ms. Memory: 287744K Free: 191983K (67%)
1 ms. Memory: 287744K Free: 191488K (67%)
1 ms. Memory: 287744K Free: 190974K (66%)
/home/travis/build/icyphy/ptII/ptolemy/actor/lib/test/UnionDisassembler.tcl
31 ms. Memory: 287744K Free: 183296K (64%)
/home/travis/build/icyphy/ptII/ptolemy/actor/lib/test/VariableClock.tcl
preinitializing
resolving types
initializing
executing number 1
wrapping up
idle
9 ms. Memory: 287744K Free: 181758K (63%)
Completed execution with 11 iterations
preinitializing
resolving types
initializing
executing number 1
wrapping up
idle
9 ms. Memory: 287744K Free: 180224K (63%)
Completed execution with 10 iterations
06/07/20 02:38:10
Failed: 0  Total Tests: 233  ((Passed: 233, Newly Passed: 0)  Known Failed: 0) /home/travis/build/icyphy/ptII/ptolemy/actor/lib/test
----------------- testing (KnownFailure) /home/travis/build/icyphy/ptII/ptolemy/actor/lib/test/auto/knownFailedTests/PublisherPortToplevelSubscriber.xml
0 ms. Memory: 287744K Free: 176638K (61%)
Known Failure: java.lang.reflect.InvocationTargetException
----------------- testing (KnownFailure) /home/travis/build/icyphy/ptII/ptolemy/actor/lib/test/auto/knownFailedTests/PublisherSubscriberPortToplevel.xml
0 ms. Memory: 287744K Free: 172542K (60%)
Known Failure: java.lang.reflect.InvocationTargetException
----------------- testing (KnownFailure) /home/travis/build/icyphy/ptII/ptolemy/actor/lib/test/auto/knownFailedTests/PublisherSubscriptionAggregatorPort.xml
7 ms. Memory: 287744K Free: 168446K (59%)
Known Failure: java.lang.reflect.InvocationTargetException
----------------- testing (KnownFailure) /home/travis/build/icyphy/ptII/ptolemy/actor/lib/test/auto/knownFailedTests/sizedarray3.xml
6 ms. Memory: 287744K Free: 163840K (57%)
Known Failure: java.lang.reflect.InvocationTargetException
No auto/linux-amd64/*.xml tests in /home/travis/build/icyphy/ptII/ptolemy/actor/lib/test
AutoTests.java: About to close Vertx.
AutoTests.java: Vertx closed.

===========================================================================================
----------------- testing Sun Jun 07 14:38:11 UTC 2020 /home/travis/build/icyphy/ptII/ptolemy/actor/lib/test/auto/AbsoluteValue.xml
----------------- Instantiating /home/travis/build/icyphy/ptII/ptolemy/actor/lib/test/auto/AbsoluteValue.xml
4 ms. Memory: 287744K Free: 141312K (49%)
----------------- Invoking toplevel() on ptolemy.moml.MoMLSimpleApplication@3df25243
----------------- Done invoking toplevel() on ptolemy.moml.MoMLSimpleApplication@3df25243
reloadAllAccessors: .AbsoluteValue

===========================================================================================
----------------- testing Sun Jun 07 14:38:11 UTC 2020 /home/travis/build/icyphy/ptII/ptolemy/actor/lib/test/auto/AbsoluteValue2.xml
----------------- Instantiating /home/travis/build/icyphy/ptII/ptolemy/actor/lib/test/auto/AbsoluteValue2.xml
5 ms. Memory: 287744K Free: 134144K (47%)
----------------- Invoking toplevel() on ptolemy.moml.MoMLSimpleApplication@649cfa0
----------------- Done invoking toplevel() on ptolemy.moml.MoMLSimpleApplication@649cfa0
reloadAllAccessors: .AbsoluteValue2

===========================================================================================
----------------- testing Sun Jun 07 14:38:11 UTC 2020 /home/travis/build/icyphy/ptII/ptolemy/actor/lib/test/auto/Accumulator.xml
----------------- Instantiating /home/travis/build/icyphy/ptII/ptolemy/actor/lib/test/auto/Accumulator.xml
4 ms. Memory: 287744K Free: 128000K (44%)
----------------- Invoking toplevel() on ptolemy.moml.MoMLSimpleApplication@5d9e74a7
----------------- Done invoking toplevel() on ptolemy.moml.MoMLSimpleApplication@5d9e74a7
reloadAllAccessors: .Accumulator

===========================================================================================
----------------- testing Sun Jun 07 14:38:11 UTC 2020 /home/travis/build/icyphy/ptII/ptolemy/actor/lib/test/auto/Accumulator2.xml
----------------- Instantiating /home/travis/build/icyphy/ptII/ptolemy/actor/lib/test/auto/Accumulator2.xml
4 ms. Memory: 287744K Free: 122366K (43%)
----------------- Invoking toplevel() on ptolemy.moml.MoMLSimpleApplication@372923fa
----------------- Done invoking toplevel() on ptolemy.moml.MoMLSimpleApplication@372923fa
reloadAllAccessors: .Accumulator2

===========================================================================================
----------------- testing Sun Jun 07 14:38:11 UTC 2020 /home/travis/build/icyphy/ptII/ptolemy/actor/lib/test/auto/Accumulator3.xml
----------------- Instantiating /home/travis/build/icyphy/ptII/ptolemy/actor/lib/test/auto/Accumulator3.xml
4 ms. Memory: 287744K Free: 118270K (41%)
----------------- Invoking toplevel() on ptolemy.moml.MoMLSimpleApplication@664b98db
----------------- Done invoking toplevel() on ptolemy.moml.MoMLSimpleApplication@664b98db
reloadAllAccessors: .Accumulator3

===========================================================================================
----------------- testing Sun Jun 07 14:38:11 UTC 2020 /home/travis/build/icyphy/ptII/ptolemy/actor/lib/test/auto/ArrayAppend.xml
----------------- Instantiating /home/travis/build/icyphy/ptII/ptolemy/actor/lib/test/auto/ArrayAppend.xml
6 ms. Memory: 287744K Free: 112640K (39%)
----------------- Invoking toplevel() on ptolemy.moml.MoMLSimpleApplication@3571673c
----------------- Done invoking toplevel() on ptolemy.moml.MoMLSimpleApplication@3571673c
reloadAllAccessors: .ArrayAppend

===========================================================================================
----------------- testing Sun Jun 07 14:38:11 UTC 2020 /home/travis/build/icyphy/ptII/ptolemy/actor/lib/test/auto/ArrayAppend2.xml
----------------- Instantiating /home/travis/build/icyphy/ptII/ptolemy/actor/lib/test/auto/ArrayAppend2.xml
458 ms. Memory: 287744K Free: 179676K (62%)
----------------- Invoking toplevel() on ptolemy.moml.MoMLSimpleApplication@32fa9552
----------------- Done invoking toplevel() on ptolemy.moml.MoMLSimpleApplication@32fa9552
reloadAllAccessors: .ArrayAppend2

===========================================================================================
----------------- testing Sun Jun 07 14:38:12 UTC 2020 /home/travis/build/icyphy/ptII/ptolemy/actor/lib/test/auto/ArrayAppend3.xml
----------------- Instantiating /home/travis/build/icyphy/ptII/ptolemy/actor/lib/test/auto/ArrayAppend3.xml
5 ms. Memory: 287744K Free: 173899K (60%)
----------------- Invoking toplevel() on ptolemy.moml.MoMLSimpleApplication@3e634aef
----------------- Done invoking toplevel() on ptolemy.moml.MoMLSimpleApplication@3e634aef
reloadAllAccessors: .ArrayAppend3

===========================================================================================
----------------- testing Sun Jun 07 14:38:12 UTC 2020 /home/travis/build/icyphy/ptII/ptolemy/actor/lib/test/auto/ArrayAppend4.xml
----------------- Instantiating /home/travis/build/icyphy/ptII/ptolemy/actor/lib/test/auto/ArrayAppend4.xml
2 ms. Memory: 287744K Free: 168779K (59%)
----------------- Invoking toplevel() on ptolemy.moml.MoMLSimpleApplication@7fa5777c
----------------- Done invoking toplevel() on ptolemy.moml.MoMLSimpleApplication@7fa5777c
reloadAllAccessors: .ArrayAppend4

===========================================================================================
----------------- testing Sun Jun 07 14:38:12 UTC 2020 /home/travis/build/icyphy/ptII/ptolemy/actor/lib/test/auto/ArrayAppend5.xml
----------------- Instantiating /home/travis/build/icyphy/ptII/ptolemy/actor/lib/test/auto/ArrayAppend5.xml
2 ms. Memory: 287744K Free: 163149K (57%)
----------------- Invoking toplevel() on ptolemy.moml.MoMLSimpleApplication@7c313b50
----------------- Done invoking toplevel() on ptolemy.moml.MoMLSimpleApplication@7c313b50
reloadAllAccessors: .ArrayAppend5

===========================================================================================
----------------- testing Sun Jun 07 14:38:12 UTC 2020 /home/travis/build/icyphy/ptII/ptolemy/actor/lib/test/auto/ArrayAppend6.xml
----------------- Instantiating /home/travis/build/icyphy/ptII/ptolemy/actor/lib/test/auto/ArrayAppend6.xml
1 ms. Memory: 287744K Free: 158539K (55%)
----------------- Invoking toplevel() on ptolemy.moml.MoMLSimpleApplication@1c34ad7e
----------------- Done invoking toplevel() on ptolemy.moml.MoMLSimpleApplication@1c34ad7e
reloadAllAccessors: .ArrayAppend6

===========================================================================================
----------------- testing Sun Jun 07 14:38:12 UTC 2020 /home/travis/build/icyphy/ptII/ptolemy/actor/lib/test/auto/ArrayAppendPerformanceTest.xml
----------------- Instantiating /home/travis/build/icyphy/ptII/ptolemy/actor/lib/test/auto/ArrayAppendPerformanceTest.xml
30 ms. Memory: 287744K Free: 147275K (51%)
----------------- Invoking toplevel() on ptolemy.moml.MoMLSimpleApplication@6fc3e595
----------------- Done invoking toplevel() on ptolemy.moml.MoMLSimpleApplication@6fc3e595
reloadAllAccessors: .ArrayAppendPerformanceTest

===========================================================================================
----------------- testing Sun Jun 07 14:38:12 UTC 2020 /home/travis/build/icyphy/ptII/ptolemy/actor/lib/test/auto/ArrayAppendWithEmptyInput.xml
----------------- Instantiating /home/travis/build/icyphy/ptII/ptolemy/actor/lib/test/auto/ArrayAppendWithEmptyInput.xml
17 ms. Memory: 287744K Free: 139597K (49%)
----------------- Invoking toplevel() on ptolemy.moml.MoMLSimpleApplication@2b8ae56e
----------------- Done invoking toplevel() on ptolemy.moml.MoMLSimpleApplication@2b8ae56e
reloadAllAccessors: .ArrayAppendWithEmptyInput

===========================================================================================
----------------- testing Sun Jun 07 14:38:12 UTC 2020 /home/travis/build/icyphy/ptII/ptolemy/actor/lib/test/auto/ArrayAverage.xml
----------------- Instantiating /home/travis/build/icyphy/ptII/ptolemy/actor/lib/test/auto/ArrayAverage.xml
4 ms. Memory: 287744K Free: 131915K (46%)
----------------- Invoking toplevel() on ptolemy.moml.MoMLSimpleApplication@45272fac
----------------- Done invoking toplevel() on ptolemy.moml.MoMLSimpleApplication@45272fac
reloadAllAccessors: .ArrayAverage

===========================================================================================
----------------- testing Sun Jun 07 14:38:12 UTC 2020 /home/travis/build/icyphy/ptII/ptolemy/actor/lib/test/auto/ArrayContains.xml
----------------- Instantiating /home/travis/build/icyphy/ptII/ptolemy/actor/lib/test/auto/ArrayContains.xml
2 ms. Memory: 287744K Free: 126285K (44%)
----------------- Invoking toplevel() on ptolemy.moml.MoMLSimpleApplication@2f45b85d
----------------- Done invoking toplevel() on ptolemy.moml.MoMLSimpleApplication@2f45b85d
reloadAllAccessors: .ArrayContains

===========================================================================================
----------------- testing Sun Jun 07 14:38:12 UTC 2020 /home/travis/build/icyphy/ptII/ptolemy/actor/lib/test/auto/ArrayElement.xml
----------------- Instantiating /home/travis/build/icyphy/ptII/ptolemy/actor/lib/test/auto/ArrayElement.xml
4 ms. Memory: 287744K Free: 120651K (42%)
----------------- Invoking toplevel() on ptolemy.moml.MoMLSimpleApplication@3f70468f
----------------- Done invoking toplevel() on ptolemy.moml.MoMLSimpleApplication@3f70468f
reloadAllAccessors: .ArrayElement

===========================================================================================
----------------- testing Sun Jun 07 14:38:12 UTC 2020 /home/travis/build/icyphy/ptII/ptolemy/actor/lib/test/auto/ArrayElementAsMatrix.xml
----------------- Instantiating /home/travis/build/icyphy/ptII/ptolemy/actor/lib/test/auto/ArrayElementAsMatrix.xml
18 ms. Memory: 287744K Free: 110411K (38%)
----------------- Invoking toplevel() on ptolemy.moml.MoMLSimpleApplication@3b039dbc
----------------- Done invoking toplevel() on ptolemy.moml.MoMLSimpleApplication@3b039dbc
reloadAllAccessors: .ArrayElementAsMatrix

===========================================================================================
----------------- testing Sun Jun 07 14:38:12 UTC 2020 /home/travis/build/icyphy/ptII/ptolemy/actor/lib/test/auto/ArrayElementI.xml
----------------- Instantiating /home/travis/build/icyphy/ptII/ptolemy/actor/lib/test/auto/ArrayElementI.xml
3 ms. Memory: 287744K Free: 105277K (37%)
----------------- Invoking toplevel() on ptolemy.moml.MoMLSimpleApplication@6c2d3bf8
----------------- Done invoking toplevel() on ptolemy.moml.MoMLSimpleApplication@6c2d3bf8
reloadAllAccessors: .ArrayElementI

===========================================================================================
----------------- testing Sun Jun 07 14:38:12 UTC 2020 /home/travis/build/icyphy/ptII/ptolemy/actor/lib/test/auto/ArrayExtract.xml
----------------- Instantiating /home/travis/build/icyphy/ptII/ptolemy/actor/lib/test/auto/ArrayExtract.xml
4 ms. Memory: 287744K Free: 96589K (34%)
----------------- Invoking toplevel() on ptolemy.moml.MoMLSimpleApplication@27706d7e
----------------- Done invoking toplevel() on ptolemy.moml.MoMLSimpleApplication@27706d7e
reloadAllAccessors: .ArrayExtract

===========================================================================================
----------------- testing Sun Jun 07 14:38:12 UTC 2020 /home/travis/build/icyphy/ptII/ptolemy/actor/lib/test/auto/ArrayExtract2.xml
----------------- Instantiating /home/travis/build/icyphy/ptII/ptolemy/actor/lib/test/auto/ArrayExtract2.xml
2 ms. Memory: 287744K Free: 91469K (32%)
----------------- Invoking toplevel() on ptolemy.moml.MoMLSimpleApplication@1166350b
----------------- Done invoking toplevel() on ptolemy.moml.MoMLSimpleApplication@1166350b
reloadAllAccessors: .ArrayExtract2

===========================================================================================
----------------- testing Sun Jun 07 14:38:12 UTC 2020 /home/travis/build/icyphy/ptII/ptolemy/actor/lib/test/auto/ArrayLength.xml
----------------- Instantiating /home/travis/build/icyphy/ptII/ptolemy/actor/lib/test/auto/ArrayLength.xml
1 ms. Memory: 287744K Free: 87373K (30%)
----------------- Invoking toplevel() on ptolemy.moml.MoMLSimpleApplication@2463d9a
----------------- Done invoking toplevel() on ptolemy.moml.MoMLSimpleApplication@2463d9a
reloadAllAccessors: .ArrayLength

===========================================================================================
----------------- testing Sun Jun 07 14:38:12 UTC 2020 /home/travis/build/icyphy/ptII/ptolemy/actor/lib/test/auto/ArrayLevelCrossing.xml
----------------- Instantiating /home/travis/build/icyphy/ptII/ptolemy/actor/lib/test/auto/ArrayLevelCrossing.xml
23 ms. Memory: 287744K Free: 238411K (83%)
----------------- Invoking toplevel() on ptolemy.moml.MoMLSimpleApplication@6ccbffec
----------------- Done invoking toplevel() on ptolemy.moml.MoMLSimpleApplication@6ccbffec
reloadAllAccessors: .ArrayLevelCrossing

===========================================================================================
----------------- testing Sun Jun 07 14:38:12 UTC 2020 /home/travis/build/icyphy/ptII/ptolemy/actor/lib/test/auto/ArrayLevelCrossing2.xml
----------------- Instantiating /home/travis/build/icyphy/ptII/ptolemy/actor/lib/test/auto/ArrayLevelCrossing2.xml
6 ms. Memory: 287744K Free: 230733K (80%)
----------------- Invoking toplevel() on ptolemy.moml.MoMLSimpleApplication@7424c9
----------------- Done invoking toplevel() on ptolemy.moml.MoMLSimpleApplication@7424c9
reloadAllAccessors: .ArrayLevelCrossing2

===========================================================================================
----------------- testing Sun Jun 07 14:38:12 UTC 2020 /home/travis/build/icyphy/ptII/ptolemy/actor/lib/test/auto/ArrayPeakSearch.xml
----------------- Instantiating /home/travis/build/icyphy/ptII/ptolemy/actor/lib/test/auto/ArrayPeakSearch.xml
4 ms. Memory: 287744K Free: 222027K (77%)
----------------- Invoking toplevel() on ptolemy.moml.MoMLSimpleApplication@7ed78617
----------------- Done invoking toplevel() on ptolemy.moml.MoMLSimpleApplication@7ed78617
reloadAllAccessors: .ArrayPeakSearch

===========================================================================================
----------------- testing Sun Jun 07 14:38:12 UTC 2020 /home/travis/build/icyphy/ptII/ptolemy/actor/lib/test/auto/ArrayPeakSearch2.xml
----------------- Instantiating /home/travis/build/icyphy/ptII/ptolemy/actor/lib/test/auto/ArrayPeakSearch2.xml
4 ms. Memory: 287744K Free: 211277K (73%)
----------------- Invoking toplevel() on ptolemy.moml.MoMLSimpleApplication@4b5a2ed6
----------------- Done invoking toplevel() on ptolemy.moml.MoMLSimpleApplication@4b5a2ed6
reloadAllAccessors: .ArrayPeakSearch2

===========================================================================================
----------------- testing Sun Jun 07 14:38:12 UTC 2020 /home/travis/build/icyphy/ptII/ptolemy/actor/lib/test/auto/ArrayPeakSearch3.xml
----------------- Instantiating /home/travis/build/icyphy/ptII/ptolemy/actor/lib/test/auto/ArrayPeakSearch3.xml
3 ms. Memory: 287744K Free: 202571K (70%)
----------------- Invoking toplevel() on ptolemy.moml.MoMLSimpleApplication@a6dcded
----------------- Done invoking toplevel() on ptolemy.moml.MoMLSimpleApplication@a6dcded
reloadAllAccessors: .ArrayPeakSearch3

===========================================================================================
----------------- testing Sun Jun 07 14:38:12 UTC 2020 /home/travis/build/icyphy/ptII/ptolemy/actor/lib/test/auto/ArrayRemoveElement.xml
----------------- Instantiating /home/travis/build/icyphy/ptII/ptolemy/actor/lib/test/auto/ArrayRemoveElement.xml
3 ms. Memory: 287744K Free: 194893K (68%)
----------------- Invoking toplevel() on ptolemy.moml.MoMLSimpleApplication@654325f3
----------------- Done invoking toplevel() on ptolemy.moml.MoMLSimpleApplication@654325f3
reloadAllAccessors: .ArrayRemoveElement

===========================================================================================
----------------- testing Sun Jun 07 14:38:12 UTC 2020 /home/travis/build/icyphy/ptII/ptolemy/actor/lib/test/auto/ArraySort.xml
----------------- Instantiating /home/travis/build/icyphy/ptII/ptolemy/actor/lib/test/auto/ArraySort.xml
7 ms. Memory: 287744K Free: 185677K (65%)
----------------- Invoking toplevel() on ptolemy.moml.MoMLSimpleApplication@42182190
----------------- Done invoking toplevel() on ptolemy.moml.MoMLSimpleApplication@42182190
reloadAllAccessors: .ArraySort

===========================================================================================
----------------- testing Sun Jun 07 14:38:12 UTC 2020 /home/travis/build/icyphy/ptII/ptolemy/actor/lib/test/auto/ArraySum.xml
----------------- Instantiating /home/travis/build/icyphy/ptII/ptolemy/actor/lib/test/auto/ArraySum.xml
8 ms. Memory: 287744K Free: 180557K (63%)
----------------- Invoking toplevel() on ptolemy.moml.MoMLSimpleApplication@39102efa
----------------- Done invoking toplevel() on ptolemy.moml.MoMLSimpleApplication@39102efa
reloadAllAccessors: .ArraySum

===========================================================================================
----------------- testing Sun Jun 07 14:38:12 UTC 2020 /home/travis/build/icyphy/ptII/ptolemy/actor/lib/test/auto/ArrayToElements.xml
----------------- Instantiating /home/travis/build/icyphy/ptII/ptolemy/actor/lib/test/auto/ArrayToElements.xml
3 ms. Memory: 287744K Free: 174923K (61%)
----------------- Invoking toplevel() on ptolemy.moml.MoMLSimpleApplication@25eca342
----------------- Done invoking toplevel() on ptolemy.moml.MoMLSimpleApplication@25eca342
reloadAllAccessors: .ArrayToElements

===========================================================================================
----------------- testing Sun Jun 07 14:38:12 UTC 2020 /home/travis/build/icyphy/ptII/ptolemy/actor/lib/test/auto/ArrayToMatrix.xml
----------------- Instantiating /home/travis/build/icyphy/ptII/ptolemy/actor/lib/test/auto/ArrayToMatrix.xml
16 ms. Memory: 287744K Free: 161101K (56%)
----------------- Invoking toplevel() on ptolemy.moml.MoMLSimpleApplication@13121639
----------------- Done invoking toplevel() on ptolemy.moml.MoMLSimpleApplication@13121639
reloadAllAccessors: .ArrayToMatrix

===========================================================================================
----------------- testing Sun Jun 07 14:38:12 UTC 2020 /home/travis/build/icyphy/ptII/ptolemy/actor/lib/test/auto/ArrayUpdate1.xml
----------------- Instantiating /home/travis/build/icyphy/ptII/ptolemy/actor/lib/test/auto/ArrayUpdate1.xml
3 ms. Memory: 287744K Free: 155981K (54%)
----------------- Invoking toplevel() on ptolemy.moml.MoMLSimpleApplication@310aa627
----------------- Done invoking toplevel() on ptolemy.moml.MoMLSimpleApplication@310aa627
reloadAllAccessors: .ArrayUpdate1

===========================================================================================
----------------- testing Sun Jun 07 14:38:12 UTC 2020 /home/travis/build/icyphy/ptII/ptolemy/actor/lib/test/auto/ArrayUpdate2.xml
----------------- Instantiating /home/travis/build/icyphy/ptII/ptolemy/actor/lib/test/auto/ArrayUpdate2.xml
6 ms. Memory: 287744K Free: 149837K (52%)
----------------- Invoking toplevel() on ptolemy.moml.MoMLSimpleApplication@afe71c6
----------------- Done invoking toplevel() on ptolemy.moml.MoMLSimpleApplication@afe71c6
reloadAllAccessors: .ArrayUpdate2

===========================================================================================
----------------- testing Sun Jun 07 14:38:12 UTC 2020 /home/travis/build/icyphy/ptII/ptolemy/actor/lib/test/auto/ArrayUpdate3.xml
----------------- Instantiating /home/travis/build/icyphy/ptII/ptolemy/actor/lib/test/auto/ArrayUpdate3.xml
3 ms. Memory: 287744K Free: 144717K (50%)
----------------- Invoking toplevel() on ptolemy.moml.MoMLSimpleApplication@54412179
----------------- Done invoking toplevel() on ptolemy.moml.MoMLSimpleApplication@54412179
reloadAllAccessors: .ArrayUpdate3

===========================================================================================
----------------- testing Sun Jun 07 14:38:12 UTC 2020 /home/travis/build/icyphy/ptII/ptolemy/actor/lib/test/auto/Assert1.xml
----------------- Instantiating /home/travis/build/icyphy/ptII/ptolemy/actor/lib/test/auto/Assert1.xml
10 ms. Memory: 287744K Free: 140621K (49%)
----------------- Invoking toplevel() on ptolemy.moml.MoMLSimpleApplication@788c5887
----------------- Done invoking toplevel() on ptolemy.moml.MoMLSimpleApplication@788c5887
reloadAllAccessors: .Assert1

===========================================================================================
----------------- testing Sun Jun 07 14:38:12 UTC 2020 /home/travis/build/icyphy/ptII/ptolemy/actor/lib/test/auto/Assert2.xml
----------------- Instantiating /home/travis/build/icyphy/ptII/ptolemy/actor/lib/test/auto/Assert2.xml
9 ms. Memory: 287744K Free: 135499K (47%)
----------------- Invoking toplevel() on ptolemy.moml.MoMLSimpleApplication@5af15a05
----------------- Done invoking toplevel() on ptolemy.moml.MoMLSimpleApplication@5af15a05
reloadAllAccessors: .Assert2

===========================================================================================
----------------- testing Sun Jun 07 14:38:12 UTC 2020 /home/travis/build/icyphy/ptII/ptolemy/actor/lib/test/auto/BooleanMultiplexor.xml
----------------- Instantiating /home/travis/build/icyphy/ptII/ptolemy/actor/lib/test/auto/BooleanMultiplexor.xml
2 ms. Memory: 287744K Free: 129837K (45%)
----------------- Invoking toplevel() on ptolemy.moml.MoMLSimpleApplication@5730189f
----------------- Done invoking toplevel() on ptolemy.moml.MoMLSimpleApplication@5730189f
reloadAllAccessors: .BooleanMultiplexor

===========================================================================================
----------------- testing Sun Jun 07 14:38:12 UTC 2020 /home/travis/build/icyphy/ptII/ptolemy/actor/lib/test/auto/BooleanMultiplexor2.xml
----------------- Instantiating /home/travis/build/icyphy/ptII/ptolemy/actor/lib/test/auto/BooleanMultiplexor2.xml
11 ms. Memory: 287744K Free: 123213K (43%)
----------------- Invoking toplevel() on ptolemy.moml.MoMLSimpleApplication@5514403a
----------------- Done invoking toplevel() on ptolemy.moml.MoMLSimpleApplication@5514403a
reloadAllAccessors: .BooleanMultiplexor2

===========================================================================================
----------------- testing Sun Jun 07 14:38:12 UTC 2020 /home/travis/build/icyphy/ptII/ptolemy/actor/lib/test/auto/BooleanMultiplexor3.xml
----------------- Instantiating /home/travis/build/icyphy/ptII/ptolemy/actor/lib/test/auto/BooleanMultiplexor3.xml
6 ms. Memory: 287744K Free: 119627K (42%)
----------------- Invoking toplevel() on ptolemy.moml.MoMLSimpleApplication@2da52c92
----------------- Done invoking toplevel() on ptolemy.moml.MoMLSimpleApplication@2da52c92
reloadAllAccessors: .BooleanMultiplexor3

===========================================================================================
----------------- testing Sun Jun 07 14:38:12 UTC 2020 /home/travis/build/icyphy/ptII/ptolemy/actor/lib/test/auto/BooleanSelect.xml
----------------- Instantiating /home/travis/build/icyphy/ptII/ptolemy/actor/lib/test/auto/BooleanSelect.xml
8 ms. Memory: 287744K Free: 113469K (39%)
----------------- Invoking toplevel() on ptolemy.moml.MoMLSimpleApplication@e3c8bd4
----------------- Done invoking toplevel() on ptolemy.moml.MoMLSimpleApplication@e3c8bd4
reloadAllAccessors: .BooleanSelect

===========================================================================================
----------------- testing Sun Jun 07 14:38:13 UTC 2020 /home/travis/build/icyphy/ptII/ptolemy/actor/lib/test/auto/BooleanSelect2.xml
----------------- Instantiating /home/travis/build/icyphy/ptII/ptolemy/actor/lib/test/auto/BooleanSelect2.xml
1 ms. Memory: 287744K Free: 109387K (38%)
----------------- Invoking toplevel() on ptolemy.moml.MoMLSimpleApplication@53da6301
----------------- Done invoking toplevel() on ptolemy.moml.MoMLSimpleApplication@53da6301
reloadAllAccessors: .BooleanSelect2

===========================================================================================
----------------- testing Sun Jun 07 14:38:13 UTC 2020 /home/travis/build/icyphy/ptII/ptolemy/actor/lib/test/auto/BooleanSwitch.xml
----------------- Instantiating /home/travis/build/icyphy/ptII/ptolemy/actor/lib/test/auto/BooleanSwitch.xml
6 ms. Memory: 287744K Free: 103243K (36%)
----------------- Invoking toplevel() on ptolemy.moml.MoMLSimpleApplication@534c4b7b
----------------- Done invoking toplevel() on ptolemy.moml.MoMLSimpleApplication@534c4b7b
reloadAllAccessors: .BooleanSwitch

===========================================================================================
----------------- testing Sun Jun 07 14:38:13 UTC 2020 /home/travis/build/icyphy/ptII/ptolemy/actor/lib/test/auto/BooleanSwitch2.xml
----------------- Instantiating /home/travis/build/icyphy/ptII/ptolemy/actor/lib/test/auto/BooleanSwitch2.xml
2 ms. Memory: 287744K Free: 98637K (34%)
----------------- Invoking toplevel() on ptolemy.moml.MoMLSimpleApplication@7592bc51
----------------- Done invoking toplevel() on ptolemy.moml.MoMLSimpleApplication@7592bc51
reloadAllAccessors: .BooleanSwitch2

===========================================================================================
----------------- testing Sun Jun 07 14:38:13 UTC 2020 /home/travis/build/icyphy/ptII/ptolemy/actor/lib/test/auto/BooleanSwitchCloningBugWithClassRelationGroup.xml
----------------- Instantiating /home/travis/build/icyphy/ptII/ptolemy/actor/lib/test/auto/BooleanSwitchCloningBugWithClassRelationGroup.xml
5 ms. Memory: 287744K Free: 92493K (32%)
----------------- Invoking toplevel() on ptolemy.moml.MoMLSimpleApplication@1e38b829
----------------- Done invoking toplevel() on ptolemy.moml.MoMLSimpleApplication@1e38b829
reloadAllAccessors: .BooleanSwitchCloningBugWithClassRelationGroup

===========================================================================================
----------------- testing Sun Jun 07 14:38:13 UTC 2020 /home/travis/build/icyphy/ptII/ptolemy/actor/lib/test/auto/BusActors.xml
----------------- Instantiating /home/travis/build/icyphy/ptII/ptolemy/actor/lib/test/auto/BusActors.xml
3 ms. Memory: 287744K Free: 84301K (29%)
----------------- Invoking toplevel() on ptolemy.moml.MoMLSimpleApplication@5060a762
----------------- Done invoking toplevel() on ptolemy.moml.MoMLSimpleApplication@5060a762
reloadAllAccessors: .BusActors

===========================================================================================
----------------- testing Sun Jun 07 14:38:13 UTC 2020 /home/travis/build/icyphy/ptII/ptolemy/actor/lib/test/auto/ClassWrapper.xml
----------------- Instantiating /home/travis/build/icyphy/ptII/ptolemy/actor/lib/test/auto/ClassWrapper.xml
2 ms. Memory: 287744K Free: 80205K (28%)
----------------- Invoking toplevel() on ptolemy.moml.MoMLSimpleApplication@585fdc71
----------------- Done invoking toplevel() on ptolemy.moml.MoMLSimpleApplication@585fdc71
reloadAllAccessors: .ClassWrapper

===========================================================================================
----------------- testing Sun Jun 07 14:38:13 UTC 2020 /home/travis/build/icyphy/ptII/ptolemy/actor/lib/test/auto/Clock.xml
----------------- Instantiating /home/travis/build/icyphy/ptII/ptolemy/actor/lib/test/auto/Clock.xml
1 ms. Memory: 287744K Free: 76109K (26%)
----------------- Invoking toplevel() on ptolemy.moml.MoMLSimpleApplication@534efb88
----------------- Done invoking toplevel() on ptolemy.moml.MoMLSimpleApplication@534efb88
reloadAllAccessors: .Clock

===========================================================================================
----------------- testing Sun Jun 07 14:38:13 UTC 2020 /home/travis/build/icyphy/ptII/ptolemy/actor/lib/test/auto/Clock10.xml
----------------- Instantiating /home/travis/build/icyphy/ptII/ptolemy/actor/lib/test/auto/Clock10.xml
4 ms. Memory: 533504K Free: 481581K (90%)
----------------- Invoking toplevel() on ptolemy.moml.MoMLSimpleApplication@7e52afad
----------------- Done invoking toplevel() on ptolemy.moml.MoMLSimpleApplication@7e52afad
reloadAllAccessors: .Clock10

===========================================================================================
----------------- testing Sun Jun 07 14:38:13 UTC 2020 /home/travis/build/icyphy/ptII/ptolemy/actor/lib/test/auto/Clock11.xml
----------------- Instantiating /home/travis/build/icyphy/ptII/ptolemy/actor/lib/test/auto/Clock11.xml
4 ms. Memory: 533504K Free: 475467K (89%)
----------------- Invoking toplevel() on ptolemy.moml.MoMLSimpleApplication@4cd740f8
----------------- Done invoking toplevel() on ptolemy.moml.MoMLSimpleApplication@4cd740f8
reloadAllAccessors: .Clock11

===========================================================================================
----------------- testing Sun Jun 07 14:38:13 UTC 2020 /home/travis/build/icyphy/ptII/ptolemy/actor/lib/test/auto/Clock12.xml
----------------- Instantiating /home/travis/build/icyphy/ptII/ptolemy/actor/lib/test/auto/Clock12.xml
4 ms. Memory: 533504K Free: 469323K (88%)
----------------- Invoking toplevel() on ptolemy.moml.MoMLSimpleApplication@616fac64
----------------- Done invoking toplevel() on ptolemy.moml.MoMLSimpleApplication@616fac64
reloadAllAccessors: .Clock12

===========================================================================================
----------------- testing Sun Jun 07 14:38:13 UTC 2020 /home/travis/build/icyphy/ptII/ptolemy/actor/lib/test/auto/Clock13.xml
----------------- Instantiating /home/travis/build/icyphy/ptII/ptolemy/actor/lib/test/auto/Clock13.xml
3 ms. Memory: 533504K Free: 463693K (87%)
----------------- Invoking toplevel() on ptolemy.moml.MoMLSimpleApplication@2aeb596
----------------- Done invoking toplevel() on ptolemy.moml.MoMLSimpleApplication@2aeb596
reloadAllAccessors: .Clock13

===========================================================================================
----------------- testing Sun Jun 07 14:38:13 UTC 2020 /home/travis/build/icyphy/ptII/ptolemy/actor/lib/test/auto/Clock14.xml
----------------- Instantiating /home/travis/build/icyphy/ptII/ptolemy/actor/lib/test/auto/Clock14.xml
2 ms. Memory: 533504K Free: 457549K (86%)
----------------- Invoking toplevel() on ptolemy.moml.MoMLSimpleApplication@77368a47
----------------- Done invoking toplevel() on ptolemy.moml.MoMLSimpleApplication@77368a47
reloadAllAccessors: .Clock14

===========================================================================================
----------------- testing Sun Jun 07 14:38:13 UTC 2020 /home/travis/build/icyphy/ptII/ptolemy/actor/lib/test/auto/Clock15.xml
----------------- Instantiating /home/travis/build/icyphy/ptII/ptolemy/actor/lib/test/auto/Clock15.xml
3 ms. Memory: 533504K Free: 451909K (85%)
----------------- Invoking toplevel() on ptolemy.moml.MoMLSimpleApplication@6ce8e075
----------------- Done invoking toplevel() on ptolemy.moml.MoMLSimpleApplication@6ce8e075
reloadAllAccessors: .Clock15

===========================================================================================
----------------- testing Sun Jun 07 14:38:13 UTC 2020 /home/travis/build/icyphy/ptII/ptolemy/actor/lib/test/auto/Clock16.xml
----------------- Instantiating /home/travis/build/icyphy/ptII/ptolemy/actor/lib/test/auto/Clock16.xml
35 ms. Memory: 533504K Free: 437067K (82%)
----------------- Invoking toplevel() on ptolemy.moml.MoMLSimpleApplication@53cf6e19
----------------- Done invoking toplevel() on ptolemy.moml.MoMLSimpleApplication@53cf6e19
reloadAllAccessors: .Clock16

===========================================================================================
----------------- testing Sun Jun 07 14:38:13 UTC 2020 /home/travis/build/icyphy/ptII/ptolemy/actor/lib/test/auto/Clock17.xml
----------------- Instantiating /home/travis/build/icyphy/ptII/ptolemy/actor/lib/test/auto/Clock17.xml
17 ms. Memory: 533504K Free: 423229K (79%)
----------------- Invoking toplevel() on ptolemy.moml.MoMLSimpleApplication@1af37c0d
----------------- Done invoking toplevel() on ptolemy.moml.MoMLSimpleApplication@1af37c0d
reloadAllAccessors: .Clock17

===========================================================================================
----------------- testing Sun Jun 07 14:38:13 UTC 2020 /home/travis/build/icyphy/ptII/ptolemy/actor/lib/test/auto/Clock18.xml
----------------- Instantiating /home/travis/build/icyphy/ptII/ptolemy/actor/lib/test/auto/Clock18.xml
22 ms. Memory: 533504K Free: 409917K (77%)
----------------- Invoking toplevel() on ptolemy.moml.MoMLSimpleApplication@45371869
----------------- Done invoking toplevel() on ptolemy.moml.MoMLSimpleApplication@45371869
reloadAllAccessors: .Clock18

===========================================================================================
----------------- testing Sun Jun 07 14:38:13 UTC 2020 /home/travis/build/icyphy/ptII/ptolemy/actor/lib/test/auto/Clock19.xml
----------------- Instantiating /home/travis/build/icyphy/ptII/ptolemy/actor/lib/test/auto/Clock19.xml
13 ms. Memory: 533504K Free: 396619K (74%)
----------------- Invoking toplevel() on ptolemy.moml.MoMLSimpleApplication@6e88adcc
----------------- Done invoking toplevel() on ptolemy.moml.MoMLSimpleApplication@6e88adcc
reloadAllAccessors: .Clock19

===========================================================================================
----------------- testing Sun Jun 07 14:38:13 UTC 2020 /home/travis/build/icyphy/ptII/ptolemy/actor/lib/test/auto/Clock2.xml
----------------- Instantiating /home/travis/build/icyphy/ptII/ptolemy/actor/lib/test/auto/Clock2.xml
7 ms. Memory: 533504K Free: 392517K (74%)
----------------- Invoking toplevel() on ptolemy.moml.MoMLSimpleApplication@49c9c1da
----------------- Done invoking toplevel() on ptolemy.moml.MoMLSimpleApplication@49c9c1da
reloadAllAccessors: .Clock2

===========================================================================================
----------------- testing Sun Jun 07 14:38:13 UTC 2020 /home/travis/build/icyphy/ptII/ptolemy/actor/lib/test/auto/Clock20.xml
----------------- Instantiating /home/travis/build/icyphy/ptII/ptolemy/actor/lib/test/auto/Clock20.xml
7 ms. Memory: 533504K Free: 386893K (73%)
----------------- Invoking toplevel() on ptolemy.moml.MoMLSimpleApplication@c686b76
----------------- Done invoking toplevel() on ptolemy.moml.MoMLSimpleApplication@c686b76
reloadAllAccessors: .Clock20

===========================================================================================
----------------- testing Sun Jun 07 14:38:13 UTC 2020 /home/travis/build/icyphy/ptII/ptolemy/actor/lib/test/auto/Clock21.xml
----------------- Instantiating /home/travis/build/icyphy/ptII/ptolemy/actor/lib/test/auto/Clock21.xml
5 ms. Memory: 533504K Free: 381773K (72%)
----------------- Invoking toplevel() on ptolemy.moml.MoMLSimpleApplication@4370446b
----------------- Done invoking toplevel() on ptolemy.moml.MoMLSimpleApplication@4370446b
reloadAllAccessors: .Clock21

===========================================================================================
----------------- testing Sun Jun 07 14:38:13 UTC 2020 /home/travis/build/icyphy/ptII/ptolemy/actor/lib/test/auto/Clock22.xml
----------------- Instantiating /home/travis/build/icyphy/ptII/ptolemy/actor/lib/test/auto/Clock22.xml
4 ms. Memory: 533504K Free: 376139K (71%)
----------------- Invoking toplevel() on ptolemy.moml.MoMLSimpleApplication@132bb06f
----------------- Done invoking toplevel() on ptolemy.moml.MoMLSimpleApplication@132bb06f
reloadAllAccessors: .Clock22

===========================================================================================
----------------- testing Sun Jun 07 14:38:13 UTC 2020 /home/travis/build/icyphy/ptII/ptolemy/actor/lib/test/auto/Clock23.xml
----------------- Instantiating /home/travis/build/icyphy/ptII/ptolemy/actor/lib/test/auto/Clock23.xml
5 ms. Memory: 533504K Free: 371019K (70%)
----------------- Invoking toplevel() on ptolemy.moml.MoMLSimpleApplication@7f65cd72
----------------- Done invoking toplevel() on ptolemy.moml.MoMLSimpleApplication@7f65cd72
reloadAllAccessors: .Clock23

===========================================================================================
----------------- testing Sun Jun 07 14:38:13 UTC 2020 /home/travis/build/icyphy/ptII/ptolemy/actor/lib/test/auto/Clock24.xml
----------------- Instantiating /home/travis/build/icyphy/ptII/ptolemy/actor/lib/test/auto/Clock24.xml
4 ms. Memory: 533504K Free: 365389K (68%)
----------------- Invoking toplevel() on ptolemy.moml.MoMLSimpleApplication@574ba3c3
----------------- Done invoking toplevel() on ptolemy.moml.MoMLSimpleApplication@574ba3c3
reloadAllAccessors: .Clock24

===========================================================================================
----------------- testing Sun Jun 07 14:38:13 UTC 2020 /home/travis/build/icyphy/ptII/ptolemy/actor/lib/test/auto/Clock4.xml
----------------- Instantiating /home/travis/build/icyphy/ptII/ptolemy/actor/lib/test/auto/Clock4.xml
2 ms. Memory: 533504K Free: 360269K (68%)
----------------- Invoking toplevel() on ptolemy.moml.MoMLSimpleApplication@3d78cfe8
----------------- Done invoking toplevel() on ptolemy.moml.MoMLSimpleApplication@3d78cfe8
reloadAllAccessors: .Clock4

===========================================================================================
----------------- testing Sun Jun 07 14:38:13 UTC 2020 /home/travis/build/icyphy/ptII/ptolemy/actor/lib/test/auto/Clock5.xml
----------------- Instantiating /home/travis/build/icyphy/ptII/ptolemy/actor/lib/test/auto/Clock5.xml
1 ms. Memory: 533504K Free: 355149K (67%)
----------------- Invoking toplevel() on ptolemy.moml.MoMLSimpleApplication@523ae0d6
----------------- Done invoking toplevel() on ptolemy.moml.MoMLSimpleApplication@523ae0d6
reloadAllAccessors: .Clock5

===========================================================================================
----------------- testing Sun Jun 07 14:38:13 UTC 2020 /home/travis/build/icyphy/ptII/ptolemy/actor/lib/test/auto/Clock6.xml
----------------- Instantiating /home/travis/build/icyphy/ptII/ptolemy/actor/lib/test/auto/Clock6.xml
3 ms. Memory: 533504K Free: 350509K (66%)
----------------- Invoking toplevel() on ptolemy.moml.MoMLSimpleApplication@544945b0
----------------- Done invoking toplevel() on ptolemy.moml.MoMLSimpleApplication@544945b0
reloadAllAccessors: .Clock6

===========================================================================================
----------------- testing Sun Jun 07 14:38:13 UTC 2020 /home/travis/build/icyphy/ptII/ptolemy/actor/lib/test/auto/Clock7.xml
----------------- Instantiating /home/travis/build/icyphy/ptII/ptolemy/actor/lib/test/auto/Clock7.xml
3 ms. Memory: 533504K Free: 346443K (65%)
----------------- Invoking toplevel() on ptolemy.moml.MoMLSimpleApplication@47a7185f
----------------- Done invoking toplevel() on ptolemy.moml.MoMLSimpleApplication@47a7185f
reloadAllAccessors: .Clock7

===========================================================================================
----------------- testing Sun Jun 07 14:38:13 UTC 2020 /home/travis/build/icyphy/ptII/ptolemy/actor/lib/test/auto/Clock8.xml
----------------- Instantiating /home/travis/build/icyphy/ptII/ptolemy/actor/lib/test/auto/Clock8.xml
5 ms. Memory: 533504K Free: 340813K (64%)
----------------- Invoking toplevel() on ptolemy.moml.MoMLSimpleApplication@256a2b9e
----------------- Done invoking toplevel() on ptolemy.moml.MoMLSimpleApplication@256a2b9e
reloadAllAccessors: .Clock8

===========================================================================================
----------------- testing Sun Jun 07 14:38:13 UTC 2020 /home/travis/build/icyphy/ptII/ptolemy/actor/lib/test/auto/Clock9.xml
----------------- Instantiating /home/travis/build/icyphy/ptII/ptolemy/actor/lib/test/auto/Clock9.xml
6 ms. Memory: 533504K Free: 335173K (63%)
----------------- Invoking toplevel() on ptolemy.moml.MoMLSimpleApplication@79fb7499
----------------- Done invoking toplevel() on ptolemy.moml.MoMLSimpleApplication@79fb7499
reloadAllAccessors: .Clock9

===========================================================================================
----------------- testing Sun Jun 07 14:38:13 UTC 2020 /home/travis/build/icyphy/ptII/ptolemy/actor/lib/test/auto/CommDistDiscard.xml
----------------- Instantiating /home/travis/build/icyphy/ptII/ptolemy/actor/lib/test/auto/CommDistDiscard.xml
3 ms. Memory: 533504K Free: 330059K (62%)
----------------- Invoking toplevel() on ptolemy.moml.MoMLSimpleApplication@27f0c330
----------------- Done invoking toplevel() on ptolemy.moml.MoMLSimpleApplication@27f0c330
reloadAllAccessors: .CommDistDiscard

===========================================================================================
----------------- testing Sun Jun 07 14:38:13 UTC 2020 /home/travis/build/icyphy/ptII/ptolemy/actor/lib/test/auto/Commutator.xml
----------------- Instantiating /home/travis/build/icyphy/ptII/ptolemy/actor/lib/test/auto/Commutator.xml
2 ms. Memory: 533504K Free: 324939K (61%)
----------------- Invoking toplevel() on ptolemy.moml.MoMLSimpleApplication@239179bb
----------------- Done invoking toplevel() on ptolemy.moml.MoMLSimpleApplication@239179bb
reloadAllAccessors: .Commutator

===========================================================================================
----------------- testing Sun Jun 07 14:38:13 UTC 2020 /home/travis/build/icyphy/ptII/ptolemy/actor/lib/test/auto/Commutator2.xml
----------------- Instantiating /home/travis/build/icyphy/ptII/ptolemy/actor/lib/test/auto/Commutator2.xml
1 ms. Memory: 533504K Free: 320843K (60%)
----------------- Invoking toplevel() on ptolemy.moml.MoMLSimpleApplication@411ea878
----------------- Done invoking toplevel() on ptolemy.moml.MoMLSimpleApplication@411ea878
reloadAllAccessors: .Commutator2

===========================================================================================
----------------- testing Sun Jun 07 14:38:13 UTC 2020 /home/travis/build/icyphy/ptII/ptolemy/actor/lib/test/auto/Commutator3.xml
----------------- Instantiating /home/travis/build/icyphy/ptII/ptolemy/actor/lib/test/auto/Commutator3.xml
2 ms. Memory: 533504K Free: 316237K (59%)
----------------- Invoking toplevel() on ptolemy.moml.MoMLSimpleApplication@6d9aec49
----------------- Done invoking toplevel() on ptolemy.moml.MoMLSimpleApplication@6d9aec49
reloadAllAccessors: .Commutator3

===========================================================================================
----------------- testing Sun Jun 07 14:38:13 UTC 2020 /home/travis/build/icyphy/ptII/ptolemy/actor/lib/test/auto/Compare.xml
----------------- Instantiating /home/travis/build/icyphy/ptII/ptolemy/actor/lib/test/auto/Compare.xml
2 ms. Memory: 533504K Free: 309579K (58%)
----------------- Invoking toplevel() on ptolemy.moml.MoMLSimpleApplication@7ebea010
----------------- Done invoking toplevel() on ptolemy.moml.MoMLSimpleApplication@7ebea010
reloadAllAccessors: .Compare

===========================================================================================
----------------- testing Sun Jun 07 14:38:13 UTC 2020 /home/travis/build/icyphy/ptII/ptolemy/actor/lib/test/auto/CompareDE.xml
----------------- Instantiating /home/travis/build/icyphy/ptII/ptolemy/actor/lib/test/auto/CompareDE.xml
5 ms. Memory: 533504K Free: 302925K (57%)
----------------- Invoking toplevel() on ptolemy.moml.MoMLSimpleApplication@7b84a851
----------------- Done invoking toplevel() on ptolemy.moml.MoMLSimpleApplication@7b84a851
reloadAllAccessors: .CompareDE

===========================================================================================
----------------- testing Sun Jun 07 14:38:13 UTC 2020 /home/travis/build/icyphy/ptII/ptolemy/actor/lib/test/auto/ComplexDivide.xml
----------------- Instantiating /home/travis/build/icyphy/ptII/ptolemy/actor/lib/test/auto/ComplexDivide.xml
1 ms. Memory: 533504K Free: 298829K (56%)
----------------- Invoking toplevel() on ptolemy.moml.MoMLSimpleApplication@711045f2
----------------- Done invoking toplevel() on ptolemy.moml.MoMLSimpleApplication@711045f2
reloadAllAccessors: .ComplexDivide

===========================================================================================
----------------- testing Sun Jun 07 14:38:13 UTC 2020 /home/travis/build/icyphy/ptII/ptolemy/actor/lib/test/auto/ComputeHistogram.xml
----------------- Instantiating /home/travis/build/icyphy/ptII/ptolemy/actor/lib/test/auto/ComputeHistogram.xml
31 ms. Memory: 533504K Free: 286541K (54%)
----------------- Invoking toplevel() on ptolemy.moml.MoMLSimpleApplication@38aa83e7
----------------- Done invoking toplevel() on ptolemy.moml.MoMLSimpleApplication@38aa83e7
reloadAllAccessors: .ComputeHistogram

===========================================================================================
----------------- testing Sun Jun 07 14:38:14 UTC 2020 /home/travis/build/icyphy/ptII/ptolemy/actor/lib/test/auto/ConfigurationSelect.xml
----------------- Instantiating /home/travis/build/icyphy/ptII/ptolemy/actor/lib/test/auto/ConfigurationSelect.xml
7 ms. Memory: 533504K Free: 280877K (53%)
----------------- Invoking toplevel() on ptolemy.moml.MoMLSimpleApplication@10a35339
----------------- Done invoking toplevel() on ptolemy.moml.MoMLSimpleApplication@10a35339
reloadAllAccessors: .ConfigurationSelect

===========================================================================================
----------------- testing Sun Jun 07 14:38:14 UTC 2020 /home/travis/build/icyphy/ptII/ptolemy/actor/lib/test/auto/ConfigurationSelect2.xml
----------------- Instantiating /home/travis/build/icyphy/ptII/ptolemy/actor/lib/test/auto/ConfigurationSelect2.xml
2 ms. Memory: 533504K Free: 276301K (52%)
----------------- Invoking toplevel() on ptolemy.moml.MoMLSimpleApplication@537ce519
----------------- Done invoking toplevel() on ptolemy.moml.MoMLSimpleApplication@537ce519
reloadAllAccessors: .ConfigurationSelect2

===========================================================================================
----------------- testing Sun Jun 07 14:38:14 UTC 2020 /home/travis/build/icyphy/ptII/ptolemy/actor/lib/test/auto/ConfigurationSwitch.xml
----------------- Instantiating /home/travis/build/icyphy/ptII/ptolemy/actor/lib/test/auto/ConfigurationSwitch.xml
2 ms. Memory: 533504K Free: 271181K (51%)
----------------- Invoking toplevel() on ptolemy.moml.MoMLSimpleApplication@587e388f
----------------- Done invoking toplevel() on ptolemy.moml.MoMLSimpleApplication@587e388f
reloadAllAccessors: .ConfigurationSwitch

===========================================================================================
----------------- testing Sun Jun 07 14:38:14 UTC 2020 /home/travis/build/icyphy/ptII/ptolemy/actor/lib/test/auto/ConfigurationSwitch2.xml
----------------- Instantiating /home/travis/build/icyphy/ptII/ptolemy/actor/lib/test/auto/ConfigurationSwitch2.xml
2 ms. Memory: 533504K Free: 479051K (90%)
----------------- Invoking toplevel() on ptolemy.moml.MoMLSimpleApplication@79c43a1f
----------------- Done invoking toplevel() on ptolemy.moml.MoMLSimpleApplication@79c43a1f
reloadAllAccessors: .ConfigurationSwitch2

===========================================================================================
----------------- testing Sun Jun 07 14:38:14 UTC 2020 /home/travis/build/icyphy/ptII/ptolemy/actor/lib/test/auto/ConfigurationSwitchCloningBugWithClassRelationGroup.xml
----------------- Instantiating /home/travis/build/icyphy/ptII/ptolemy/actor/lib/test/auto/ConfigurationSwitchCloningBugWithClassRelationGroup.xml
1 ms. Memory: 533504K Free: 472397K (89%)
----------------- Invoking toplevel() on ptolemy.moml.MoMLSimpleApplication@3b1b15bd
----------------- Done invoking toplevel() on ptolemy.moml.MoMLSimpleApplication@3b1b15bd
reloadAllAccessors: .ConfigurationSwitchCloningBugWithClassRelationGroup

===========================================================================================
----------------- testing Sun Jun 07 14:38:14 UTC 2020 /home/travis/build/icyphy/ptII/ptolemy/actor/lib/test/auto/ConfigurationSwitchSelectSDF.xml
----------------- Instantiating /home/travis/build/icyphy/ptII/ptolemy/actor/lib/test/auto/ConfigurationSwitchSelectSDF.xml
2 ms. Memory: 533504K Free: 467275K (88%)
----------------- Invoking toplevel() on ptolemy.moml.MoMLSimpleApplication@1a7b903d
----------------- Done invoking toplevel() on ptolemy.moml.MoMLSimpleApplication@1a7b903d
reloadAllAccessors: .ConfigurationSwitchSelectSDF

===========================================================================================
----------------- testing Sun Jun 07 14:38:14 UTC 2020 /home/travis/build/icyphy/ptII/ptolemy/actor/lib/test/auto/ConfigurationSwitchSelectSDF2.xml
----------------- Instantiating /home/travis/build/icyphy/ptII/ptolemy/actor/lib/test/auto/ConfigurationSwitchSelectSDF2.xml
2 ms. Memory: 533504K Free: 461133K (86%)
----------------- Invoking toplevel() on ptolemy.moml.MoMLSimpleApplication@7f87af9e
----------------- Done invoking toplevel() on ptolemy.moml.MoMLSimpleApplication@7f87af9e
reloadAllAccessors: .ConfigurationSwitchSelectSDF2

===========================================================================================
----------------- testing Sun Jun 07 14:38:14 UTC 2020 /home/travis/build/icyphy/ptII/ptolemy/actor/lib/test/auto/Const.xml
----------------- Instantiating /home/travis/build/icyphy/ptII/ptolemy/actor/lib/test/auto/Const.xml
1 ms. Memory: 533504K Free: 458061K (86%)
----------------- Invoking toplevel() on ptolemy.moml.MoMLSimpleApplication@eaed208
----------------- Done invoking toplevel() on ptolemy.moml.MoMLSimpleApplication@eaed208
reloadAllAccessors: .Const

===========================================================================================
----------------- testing Sun Jun 07 14:38:14 UTC 2020 /home/travis/build/icyphy/ptII/ptolemy/actor/lib/test/auto/Const2.xml
----------------- Instantiating /home/travis/build/icyphy/ptII/ptolemy/actor/lib/test/auto/Const2.xml
1 ms. Memory: 533504K Free: 453965K (85%)
----------------- Invoking toplevel() on ptolemy.moml.MoMLSimpleApplication@302be6c8
----------------- Done invoking toplevel() on ptolemy.moml.MoMLSimpleApplication@302be6c8
reloadAllAccessors: .Const2

===========================================================================================
----------------- testing Sun Jun 07 14:38:14 UTC 2020 /home/travis/build/icyphy/ptII/ptolemy/actor/lib/test/auto/Const3.xml
----------------- Instantiating /home/travis/build/icyphy/ptII/ptolemy/actor/lib/test/auto/Const3.xml
1 ms. Memory: 533504K Free: 450893K (85%)
----------------- Invoking toplevel() on ptolemy.moml.MoMLSimpleApplication@3ddb3b88
----------------- Done invoking toplevel() on ptolemy.moml.MoMLSimpleApplication@3ddb3b88
reloadAllAccessors: .Const3

===========================================================================================
----------------- testing Sun Jun 07 14:38:14 UTC 2020 /home/travis/build/icyphy/ptII/ptolemy/actor/lib/test/auto/ConstantPublisherPort1.xml
----------------- Instantiating /home/travis/build/icyphy/ptII/ptolemy/actor/lib/test/auto/ConstantPublisherPort1.xml
5 ms. Memory: 533504K Free: 442701K (83%)
----------------- Invoking toplevel() on ptolemy.moml.MoMLSimpleApplication@198a5021
----------------- Done invoking toplevel() on ptolemy.moml.MoMLSimpleApplication@198a5021
reloadAllAccessors: .ConstantPublisherPort1

===========================================================================================
----------------- testing Sun Jun 07 14:38:14 UTC 2020 /home/travis/build/icyphy/ptII/ptolemy/actor/lib/test/auto/ConstantPublisherPort2.xml
----------------- Instantiating /home/travis/build/icyphy/ptII/ptolemy/actor/lib/test/auto/ConstantPublisherPort2.xml
3 ms. Memory: 533504K Free: 435019K (82%)
----------------- Invoking toplevel() on ptolemy.moml.MoMLSimpleApplication@27b84b25
----------------- Done invoking toplevel() on ptolemy.moml.MoMLSimpleApplication@27b84b25
reloadAllAccessors: .ConstantPublisherPort2

===========================================================================================
----------------- testing Sun Jun 07 14:38:14 UTC 2020 /home/travis/build/icyphy/ptII/ptolemy/actor/lib/test/auto/ConstantPublisherPort3.xml
----------------- Instantiating /home/travis/build/icyphy/ptII/ptolemy/actor/lib/test/auto/ConstantPublisherPort3.xml
6 ms. Memory: 533504K Free: 427341K (80%)
----------------- Invoking toplevel() on ptolemy.moml.MoMLSimpleApplication@478e3efd
----------------- Done invoking toplevel() on ptolemy.moml.MoMLSimpleApplication@478e3efd
reloadAllAccessors: .ConstantPublisherPort3

===========================================================================================
----------------- testing Sun Jun 07 14:38:14 UTC 2020 /home/travis/build/icyphy/ptII/ptolemy/actor/lib/test/auto/ConstantPublisherPort4.xml
----------------- Instantiating /home/travis/build/icyphy/ptII/ptolemy/actor/lib/test/auto/ConstantPublisherPort4.xml
2 ms. Memory: 533504K Free: 420683K (79%)
----------------- Invoking toplevel() on ptolemy.moml.MoMLSimpleApplication@3b457792
----------------- Done invoking toplevel() on ptolemy.moml.MoMLSimpleApplication@3b457792
reloadAllAccessors: .ConstantPublisherPort4

===========================================================================================
----------------- testing Sun Jun 07 14:38:14 UTC 2020 /home/travis/build/icyphy/ptII/ptolemy/actor/lib/test/auto/ConstantPublisherPort5.xml
----------------- Instantiating /home/travis/build/icyphy/ptII/ptolemy/actor/lib/test/auto/ConstantPublisherPort5.xml
26 ms. Memory: 533504K Free: 410957K (77%)
----------------- Invoking toplevel() on ptolemy.moml.MoMLSimpleApplication@151ddf91
----------------- Done invoking toplevel() on ptolemy.moml.MoMLSimpleApplication@151ddf91
reloadAllAccessors: .ConstantPublisherPort5

===========================================================================================
----------------- testing Sun Jun 07 14:38:14 UTC 2020 /home/travis/build/icyphy/ptII/ptolemy/actor/lib/test/auto/ConstantPublisherPort6.xml
----------------- Instantiating /home/travis/build/icyphy/ptII/ptolemy/actor/lib/test/auto/ConstantPublisherPort6.xml
15 ms. Memory: 533504K Free: 401741K (75%)
----------------- Invoking toplevel() on ptolemy.moml.MoMLSimpleApplication@1579e9b8
----------------- Done invoking toplevel() on ptolemy.moml.MoMLSimpleApplication@1579e9b8
reloadAllAccessors: .ConstantPublisherPort6

===========================================================================================
----------------- testing Sun Jun 07 14:38:14 UTC 2020 /home/travis/build/icyphy/ptII/ptolemy/actor/lib/test/auto/ConstantPublisherPort7.xml
----------------- Instantiating /home/travis/build/icyphy/ptII/ptolemy/actor/lib/test/auto/ConstantPublisherPort7.xml
17 ms. Memory: 533504K Free: 393035K (74%)
----------------- Invoking toplevel() on ptolemy.moml.MoMLSimpleApplication@73340b00
----------------- Done invoking toplevel() on ptolemy.moml.MoMLSimpleApplication@73340b00
reloadAllAccessors: .ConstantPublisherPort7

===========================================================================================
----------------- testing Sun Jun 07 14:38:14 UTC 2020 /home/travis/build/icyphy/ptII/ptolemy/actor/lib/test/auto/ConstraintMonitor1.xml
----------------- Instantiating /home/travis/build/icyphy/ptII/ptolemy/actor/lib/test/auto/ConstraintMonitor1.xml
4 ms. Memory: 533504K Free: 387405K (73%)
----------------- Invoking toplevel() on ptolemy.moml.MoMLSimpleApplication@7ed31be0
----------------- Done invoking toplevel() on ptolemy.moml.MoMLSimpleApplication@7ed31be0
reloadAllAccessors: .ConstraintMonitor1

===========================================================================================
----------------- testing Sun Jun 07 14:38:14 UTC 2020 /home/travis/build/icyphy/ptII/ptolemy/actor/lib/test/auto/ConstraintMonitor2.xml
----------------- Instantiating /home/travis/build/icyphy/ptII/ptolemy/actor/lib/test/auto/ConstraintMonitor2.xml
4 ms. Memory: 533504K Free: 382795K (72%)
----------------- Invoking toplevel() on ptolemy.moml.MoMLSimpleApplication@47bafa39
----------------- Done invoking toplevel() on ptolemy.moml.MoMLSimpleApplication@47bafa39
reloadAllAccessors: .ConstraintMonitor2

===========================================================================================
----------------- testing Sun Jun 07 14:38:14 UTC 2020 /home/travis/build/icyphy/ptII/ptolemy/actor/lib/test/auto/ConstraintMonitor3.xml
----------------- Instantiating /home/travis/build/icyphy/ptII/ptolemy/actor/lib/test/auto/ConstraintMonitor3.xml
4 ms. Memory: 533504K Free: 378189K (71%)
----------------- Invoking toplevel() on ptolemy.moml.MoMLSimpleApplication@51101e7f
----------------- Done invoking toplevel() on ptolemy.moml.MoMLSimpleApplication@51101e7f
reloadAllAccessors: .ConstraintMonitor3

===========================================================================================
----------------- testing Sun Jun 07 14:38:14 UTC 2020 /home/travis/build/icyphy/ptII/ptolemy/actor/lib/test/auto/ConstraintMonitor4.xml
----------------- Instantiating /home/travis/build/icyphy/ptII/ptolemy/actor/lib/test/auto/ConstraintMonitor4.xml
4 ms. Memory: 533504K Free: 373069K (70%)
----------------- Invoking toplevel() on ptolemy.moml.MoMLSimpleApplication@79a83b8d
----------------- Done invoking toplevel() on ptolemy.moml.MoMLSimpleApplication@79a83b8d
reloadAllAccessors: .ConstraintMonitor4

===========================================================================================
----------------- testing Sun Jun 07 14:38:14 UTC 2020 /home/travis/build/icyphy/ptII/ptolemy/actor/lib/test/auto/ConstraintMonitor5.xml
----------------- Instantiating /home/travis/build/icyphy/ptII/ptolemy/actor/lib/test/auto/ConstraintMonitor5.xml
2 ms. Memory: 533504K Free: 367949K (69%)
----------------- Invoking toplevel() on ptolemy.moml.MoMLSimpleApplication@32f0b54f
----------------- Done invoking toplevel() on ptolemy.moml.MoMLSimpleApplication@32f0b54f
reloadAllAccessors: .ConstraintMonitor5

===========================================================================================
----------------- testing Sun Jun 07 14:38:14 UTC 2020 /home/travis/build/icyphy/ptII/ptolemy/actor/lib/test/auto/ConstraintMonitor6.xml
----------------- Instantiating /home/travis/build/icyphy/ptII/ptolemy/actor/lib/test/auto/ConstraintMonitor6.xml
2 ms. Memory: 533504K Free: 362301K (68%)
----------------- Invoking toplevel() on ptolemy.moml.MoMLSimpleApplication@445c61fa
----------------- Done invoking toplevel() on ptolemy.moml.MoMLSimpleApplication@445c61fa
reloadAllAccessors: .ConstraintMonitor6

===========================================================================================
----------------- testing Sun Jun 07 14:38:14 UTC 2020 /home/travis/build/icyphy/ptII/ptolemy/actor/lib/test/auto/ConstraintMonitor7.xml
----------------- Instantiating /home/travis/build/icyphy/ptII/ptolemy/actor/lib/test/auto/ConstraintMonitor7.xml
4 ms. Memory: 533504K Free: 356141K (67%)
----------------- Invoking toplevel() on ptolemy.moml.MoMLSimpleApplication@12555929
----------------- Done invoking toplevel() on ptolemy.moml.MoMLSimpleApplication@12555929
reloadAllAccessors: .ConstraintMonitor7

===========================================================================================
----------------- testing Sun Jun 07 14:38:14 UTC 2020 /home/travis/build/icyphy/ptII/ptolemy/actor/lib/test/auto/ConstraintMonitor8.xml
----------------- Instantiating /home/travis/build/icyphy/ptII/ptolemy/actor/lib/test/auto/ConstraintMonitor8.xml
6 ms. Memory: 533504K Free: 348493K (65%)
----------------- Invoking toplevel() on ptolemy.moml.MoMLSimpleApplication@1d82d85a
----------------- Done invoking toplevel() on ptolemy.moml.MoMLSimpleApplication@1d82d85a
reloadAllAccessors: .ConstraintMonitor8

===========================================================================================
----------------- testing Sun Jun 07 14:38:14 UTC 2020 /home/travis/build/icyphy/ptII/ptolemy/actor/lib/test/auto/Counter.xml
----------------- Instantiating /home/travis/build/icyphy/ptII/ptolemy/actor/lib/test/auto/Counter.xml
2 ms. Memory: 533504K Free: 343883K (64%)
----------------- Invoking toplevel() on ptolemy.moml.MoMLSimpleApplication@27a6ad
----------------- Done invoking toplevel() on ptolemy.moml.MoMLSimpleApplication@27a6ad
reloadAllAccessors: .Counter

===========================================================================================
----------------- testing Sun Jun 07 14:38:14 UTC 2020 /home/travis/build/icyphy/ptII/ptolemy/actor/lib/test/auto/CurrentTimeSDF.xml
----------------- Instantiating /home/travis/build/icyphy/ptII/ptolemy/actor/lib/test/auto/CurrentTimeSDF.xml
1 ms. Memory: 533504K Free: 339787K (64%)
----------------- Invoking toplevel() on ptolemy.moml.MoMLSimpleApplication@11c79aad
----------------- Done invoking toplevel() on ptolemy.moml.MoMLSimpleApplication@11c79aad
reloadAllAccessors: .CurrentTimeSDF

===========================================================================================
----------------- testing Sun Jun 07 14:38:14 UTC 2020 /home/travis/build/icyphy/ptII/ptolemy/actor/lib/test/auto/DB.xml
----------------- Instantiating /home/travis/build/icyphy/ptII/ptolemy/actor/lib/test/auto/DB.xml
3 ms. Memory: 533504K Free: 334667K (63%)
----------------- Invoking toplevel() on ptolemy.moml.MoMLSimpleApplication@1a7b36f5
----------------- Done invoking toplevel() on ptolemy.moml.MoMLSimpleApplication@1a7b36f5
reloadAllAccessors: .DB

===========================================================================================
----------------- testing Sun Jun 07 14:38:14 UTC 2020 /home/travis/build/icyphy/ptII/ptolemy/actor/lib/test/auto/DBDE.xml
----------------- Instantiating /home/travis/build/icyphy/ptII/ptolemy/actor/lib/test/auto/DBDE.xml
1 ms. Memory: 533504K Free: 328493K (62%)
----------------- Invoking toplevel() on ptolemy.moml.MoMLSimpleApplication@64b73fa5
----------------- Done invoking toplevel() on ptolemy.moml.MoMLSimpleApplication@64b73fa5
reloadAllAccessors: .DBDE

===========================================================================================
----------------- testing Sun Jun 07 14:38:14 UTC 2020 /home/travis/build/icyphy/ptII/ptolemy/actor/lib/test/auto/DateConstructor.xml
----------------- Instantiating /home/travis/build/icyphy/ptII/ptolemy/actor/lib/test/auto/DateConstructor.xml
23 ms. Memory: 533504K Free: 311115K (58%)
----------------- Invoking toplevel() on ptolemy.moml.MoMLSimpleApplication@54ed324b
----------------- Done invoking toplevel() on ptolemy.moml.MoMLSimpleApplication@54ed324b
reloadAllAccessors: .DateConstructor

===========================================================================================
----------------- testing Sun Jun 07 14:38:14 UTC 2020 /home/travis/build/icyphy/ptII/ptolemy/actor/lib/test/auto/DelayTime.xml
----------------- Instantiating /home/travis/build/icyphy/ptII/ptolemy/actor/lib/test/auto/DelayTime.xml
5 ms. Memory: 533504K Free: 305995K (57%)
----------------- Invoking toplevel() on ptolemy.moml.MoMLSimpleApplication@d061b99
----------------- Done invoking toplevel() on ptolemy.moml.MoMLSimpleApplication@d061b99
reloadAllAccessors: .DelayTime

===========================================================================================
----------------- testing Sun Jun 07 14:38:14 UTC 2020 /home/travis/build/icyphy/ptII/ptolemy/actor/lib/test/auto/Dictionary1.xml
----------------- Instantiating /home/travis/build/icyphy/ptII/ptolemy/actor/lib/test/auto/Dictionary1.xml
1 ms. Memory: 533504K Free: 300365K (56%)
----------------- Invoking toplevel() on ptolemy.moml.MoMLSimpleApplication@6bee382d
----------------- Done invoking toplevel() on ptolemy.moml.MoMLSimpleApplication@6bee382d
reloadAllAccessors: .Dictionary1

===========================================================================================
----------------- testing Sun Jun 07 14:38:14 UTC 2020 /home/travis/build/icyphy/ptII/ptolemy/actor/lib/test/auto/Dictionary2.xml
----------------- Instantiating /home/travis/build/icyphy/ptII/ptolemy/actor/lib/test/auto/Dictionary2.xml
3 ms. Memory: 533504K Free: 295245K (55%)
----------------- Invoking toplevel() on ptolemy.moml.MoMLSimpleApplication@596ae855
----------------- Done invoking toplevel() on ptolemy.moml.MoMLSimpleApplication@596ae855
reloadAllAccessors: .Dictionary2

===========================================================================================
----------------- testing Sun Jun 07 14:38:14 UTC 2020 /home/travis/build/icyphy/ptII/ptolemy/actor/lib/test/auto/Dictionary3.xml
----------------- Instantiating /home/travis/build/icyphy/ptII/ptolemy/actor/lib/test/auto/Dictionary3.xml
1 ms. Memory: 533504K Free: 289611K (54%)
----------------- Invoking toplevel() on ptolemy.moml.MoMLSimpleApplication@1403e4c1
----------------- Done invoking toplevel() on ptolemy.moml.MoMLSimpleApplication@1403e4c1
reloadAllAccessors: .Dictionary3

===========================================================================================
----------------- testing Sun Jun 07 14:38:14 UTC 2020 /home/travis/build/icyphy/ptII/ptolemy/actor/lib/test/auto/Dictionary4.xml
----------------- Instantiating /home/travis/build/icyphy/ptII/ptolemy/actor/lib/test/auto/Dictionary4.xml
4 ms. Memory: 533504K Free: 282443K (53%)
----------------- Invoking toplevel() on ptolemy.moml.MoMLSimpleApplication@2515c325
----------------- Done invoking toplevel() on ptolemy.moml.MoMLSimpleApplication@2515c325
reloadAllAccessors: .Dictionary4

===========================================================================================
----------------- testing Sun Jun 07 14:38:14 UTC 2020 /home/travis/build/icyphy/ptII/ptolemy/actor/lib/test/auto/Differential.xml
----------------- Instantiating /home/travis/build/icyphy/ptII/ptolemy/actor/lib/test/auto/Differential.xml
3 ms. Memory: 533504K Free: 277837K (52%)
----------------- Invoking toplevel() on ptolemy.moml.MoMLSimpleApplication@3d5f2375
----------------- Done invoking toplevel() on ptolemy.moml.MoMLSimpleApplication@3d5f2375
reloadAllAccessors: .Differential

===========================================================================================
----------------- testing Sun Jun 07 14:38:14 UTC 2020 /home/travis/build/icyphy/ptII/ptolemy/actor/lib/test/auto/Director.xml
----------------- Instantiating /home/travis/build/icyphy/ptII/ptolemy/actor/lib/test/auto/Director.xml
2 ms. Memory: 533504K Free: 274765K (52%)
----------------- Invoking toplevel() on ptolemy.moml.MoMLSimpleApplication@53e8c422
----------------- Done invoking toplevel() on ptolemy.moml.MoMLSimpleApplication@53e8c422
reloadAllAccessors: .Director

===========================================================================================
----------------- testing Sun Jun 07 14:38:14 UTC 2020 /home/travis/build/icyphy/ptII/ptolemy/actor/lib/test/auto/DiscreteClock.xml
----------------- Instantiating /home/travis/build/icyphy/ptII/ptolemy/actor/lib/test/auto/DiscreteClock.xml
1 ms. Memory: 533504K Free: 270669K (51%)
----------------- Invoking toplevel() on ptolemy.moml.MoMLSimpleApplication@33a67e08
----------------- Done invoking toplevel() on ptolemy.moml.MoMLSimpleApplication@33a67e08
reloadAllAccessors: .DiscreteClock

===========================================================================================
----------------- testing Sun Jun 07 14:38:14 UTC 2020 /home/travis/build/icyphy/ptII/ptolemy/actor/lib/test/auto/DiscreteClock10.xml
----------------- Instantiating /home/travis/build/icyphy/ptII/ptolemy/actor/lib/test/auto/DiscreteClock10.xml
2 ms. Memory: 533504K Free: 264525K (50%)
----------------- Invoking toplevel() on ptolemy.moml.MoMLSimpleApplication@10e89a59
----------------- Done invoking toplevel() on ptolemy.moml.MoMLSimpleApplication@10e89a59
reloadAllAccessors: .DiscreteClock10

===========================================================================================
----------------- testing Sun Jun 07 14:38:14 UTC 2020 /home/travis/build/icyphy/ptII/ptolemy/actor/lib/test/auto/DiscreteClock11.xml
----------------- Instantiating /home/travis/build/icyphy/ptII/ptolemy/actor/lib/test/auto/DiscreteClock11.xml
3 ms. Memory: 533504K Free: 258891K (49%)
----------------- Invoking toplevel() on ptolemy.moml.MoMLSimpleApplication@4858b816
----------------- Done invoking toplevel() on ptolemy.moml.MoMLSimpleApplication@4858b816
reloadAllAccessors: .DiscreteClock11

===========================================================================================
----------------- testing Sun Jun 07 14:38:14 UTC 2020 /home/travis/build/icyphy/ptII/ptolemy/actor/lib/test/auto/DiscreteClock12.xml
----------------- Instantiating /home/travis/build/icyphy/ptII/ptolemy/actor/lib/test/auto/DiscreteClock12.xml
3 ms. Memory: 533504K Free: 252747K (47%)
----------------- Invoking toplevel() on ptolemy.moml.MoMLSimpleApplication@408ff7ae
----------------- Done invoking toplevel() on ptolemy.moml.MoMLSimpleApplication@408ff7ae
reloadAllAccessors: .DiscreteClock12

===========================================================================================
----------------- testing Sun Jun 07 14:38:14 UTC 2020 /home/travis/build/icyphy/ptII/ptolemy/actor/lib/test/auto/DiscreteClock13.xml
----------------- Instantiating /home/travis/build/icyphy/ptII/ptolemy/actor/lib/test/auto/DiscreteClock13.xml
7 ms. Memory: 533504K Free: 246573K (46%)
----------------- Invoking toplevel() on ptolemy.moml.MoMLSimpleApplication@5852a3af
----------------- Done invoking toplevel() on ptolemy.moml.MoMLSimpleApplication@5852a3af
reloadAllAccessors: .DiscreteClock13

===========================================================================================
----------------- testing Sun Jun 07 14:38:14 UTC 2020 /home/travis/build/icyphy/ptII/ptolemy/actor/lib/test/auto/DiscreteClock14.xml
----------------- Instantiating /home/travis/build/icyphy/ptII/ptolemy/actor/lib/test/auto/DiscreteClock14.xml
4 ms. Memory: 533504K Free: 240973K (45%)
----------------- Invoking toplevel() on ptolemy.moml.MoMLSimpleApplication@1e67483c
----------------- Done invoking toplevel() on ptolemy.moml.MoMLSimpleApplication@1e67483c
reloadAllAccessors: .DiscreteClock14

===========================================================================================
----------------- testing Sun Jun 07 14:38:14 UTC 2020 /home/travis/build/icyphy/ptII/ptolemy/actor/lib/test/auto/DiscreteClock15.xml
----------------- Instantiating /home/travis/build/icyphy/ptII/ptolemy/actor/lib/test/auto/DiscreteClock15.xml
4 ms. Memory: 533504K Free: 234829K (44%)
----------------- Invoking toplevel() on ptolemy.moml.MoMLSimpleApplication@57fe0b4f
----------------- Done invoking toplevel() on ptolemy.moml.MoMLSimpleApplication@57fe0b4f
reloadAllAccessors: .DiscreteClock15

===========================================================================================
----------------- testing Sun Jun 07 14:38:15 UTC 2020 /home/travis/build/icyphy/ptII/ptolemy/actor/lib/test/auto/DiscreteClock16.xml
----------------- Instantiating /home/travis/build/icyphy/ptII/ptolemy/actor/lib/test/auto/DiscreteClock16.xml
15 ms. Memory: 533504K Free: 221003K (41%)
----------------- Invoking toplevel() on ptolemy.moml.MoMLSimpleApplication@eaf5838
----------------- Done invoking toplevel() on ptolemy.moml.MoMLSimpleApplication@eaf5838
reloadAllAccessors: .DiscreteClock16

===========================================================================================
----------------- testing Sun Jun 07 14:38:15 UTC 2020 /home/travis/build/icyphy/ptII/ptolemy/actor/lib/test/auto/DiscreteClock17.xml
----------------- Instantiating /home/travis/build/icyphy/ptII/ptolemy/actor/lib/test/auto/DiscreteClock17.xml
14 ms. Memory: 533504K Free: 207181K (39%)
----------------- Invoking toplevel() on ptolemy.moml.MoMLSimpleApplication@31df2455
----------------- Done invoking toplevel() on ptolemy.moml.MoMLSimpleApplication@31df2455
reloadAllAccessors: .DiscreteClock17

===========================================================================================
----------------- testing Sun Jun 07 14:38:15 UTC 2020 /home/travis/build/icyphy/ptII/ptolemy/actor/lib/test/auto/DiscreteClock18.xml
----------------- Instantiating /home/travis/build/icyphy/ptII/ptolemy/actor/lib/test/auto/DiscreteClock18.xml
20 ms. Memory: 533504K Free: 193355K (36%)
----------------- Invoking toplevel() on ptolemy.moml.MoMLSimpleApplication@5af0ec99
----------------- Done invoking toplevel() on ptolemy.moml.MoMLSimpleApplication@5af0ec99
reloadAllAccessors: .DiscreteClock18

===========================================================================================
----------------- testing Sun Jun 07 14:38:15 UTC 2020 /home/travis/build/icyphy/ptII/ptolemy/actor/lib/test/auto/DiscreteClock19.xml
----------------- Instantiating /home/travis/build/icyphy/ptII/ptolemy/actor/lib/test/auto/DiscreteClock19.xml
18 ms. Memory: 533504K Free: 179533K (34%)
----------------- Invoking toplevel() on ptolemy.moml.MoMLSimpleApplication@73c78b83
----------------- Done invoking toplevel() on ptolemy.moml.MoMLSimpleApplication@73c78b83
reloadAllAccessors: .DiscreteClock19

===========================================================================================
----------------- testing Sun Jun 07 14:38:15 UTC 2020 /home/travis/build/icyphy/ptII/ptolemy/actor/lib/test/auto/DiscreteClock2.xml
----------------- Instantiating /home/travis/build/icyphy/ptII/ptolemy/actor/lib/test/auto/DiscreteClock2.xml
31 ms. Memory: 533504K Free: 483883K (91%)
----------------- Invoking toplevel() on ptolemy.moml.MoMLSimpleApplication@64f5e8bd
----------------- Done invoking toplevel() on ptolemy.moml.MoMLSimpleApplication@64f5e8bd
reloadAllAccessors: .DiscreteClock2

===========================================================================================
----------------- testing Sun Jun 07 14:38:15 UTC 2020 /home/travis/build/icyphy/ptII/ptolemy/actor/lib/test/auto/DiscreteClock20.xml
----------------- Instantiating /home/travis/build/icyphy/ptII/ptolemy/actor/lib/test/auto/DiscreteClock20.xml
2 ms. Memory: 533504K Free: 478029K (90%)
----------------- Invoking toplevel() on ptolemy.moml.MoMLSimpleApplication@690a0da
----------------- Done invoking toplevel() on ptolemy.moml.MoMLSimpleApplication@690a0da
reloadAllAccessors: .DiscreteClock20

===========================================================================================
----------------- testing Sun Jun 07 14:38:15 UTC 2020 /home/travis/build/icyphy/ptII/ptolemy/actor/lib/test/auto/DiscreteClock21.xml
----------------- Instantiating /home/travis/build/icyphy/ptII/ptolemy/actor/lib/test/auto/DiscreteClock21.xml
2 ms. Memory: 533504K Free: 472395K (89%)
----------------- Invoking toplevel() on ptolemy.moml.MoMLSimpleApplication@1285fc63
----------------- Done invoking toplevel() on ptolemy.moml.MoMLSimpleApplication@1285fc63
reloadAllAccessors: .DiscreteClock21

===========================================================================================
----------------- testing Sun Jun 07 14:38:15 UTC 2020 /home/travis/build/icyphy/ptII/ptolemy/actor/lib/test/auto/DiscreteClock22.xml
----------------- Instantiating /home/travis/build/icyphy/ptII/ptolemy/actor/lib/test/auto/DiscreteClock22.xml
2 ms. Memory: 533504K Free: 466765K (87%)
----------------- Invoking toplevel() on ptolemy.moml.MoMLSimpleApplication@285eb0bb
----------------- Done invoking toplevel() on ptolemy.moml.MoMLSimpleApplication@285eb0bb
reloadAllAccessors: .DiscreteClock22

===========================================================================================
----------------- testing Sun Jun 07 14:38:15 UTC 2020 /home/travis/build/icyphy/ptII/ptolemy/actor/lib/test/auto/DiscreteClock23.xml
----------------- Instantiating /home/travis/build/icyphy/ptII/ptolemy/actor/lib/test/auto/DiscreteClock23.xml
1 ms. Memory: 533504K Free: 461645K (87%)
----------------- Invoking toplevel() on ptolemy.moml.MoMLSimpleApplication@2f63c5ea
----------------- Done invoking toplevel() on ptolemy.moml.MoMLSimpleApplication@2f63c5ea
reloadAllAccessors: .DiscreteClock23

===========================================================================================
----------------- testing Sun Jun 07 14:38:15 UTC 2020 /home/travis/build/icyphy/ptII/ptolemy/actor/lib/test/auto/DiscreteClock24.xml
----------------- Instantiating /home/travis/build/icyphy/ptII/ptolemy/actor/lib/test/auto/DiscreteClock24.xml
5 ms. Memory: 533504K Free: 456011K (85%)
----------------- Invoking toplevel() on ptolemy.moml.MoMLSimpleApplication@25007d76
----------------- Done invoking toplevel() on ptolemy.moml.MoMLSimpleApplication@25007d76
reloadAllAccessors: .DiscreteClock24

===========================================================================================
----------------- testing Sun Jun 07 14:38:15 UTC 2020 /home/travis/build/icyphy/ptII/ptolemy/actor/lib/test/auto/DiscreteClock4.xml
----------------- Instantiating /home/travis/build/icyphy/ptII/ptolemy/actor/lib/test/auto/DiscreteClock4.xml
5 ms. Memory: 533504K Free: 450381K (84%)
----------------- Invoking toplevel() on ptolemy.moml.MoMLSimpleApplication@593831f4
----------------- Done invoking toplevel() on ptolemy.moml.MoMLSimpleApplication@593831f4
reloadAllAccessors: .DiscreteClock4

===========================================================================================
----------------- testing Sun Jun 07 14:38:15 UTC 2020 /home/travis/build/icyphy/ptII/ptolemy/actor/lib/test/auto/DiscreteClock5.xml
----------------- Instantiating /home/travis/build/icyphy/ptII/ptolemy/actor/lib/test/auto/DiscreteClock5.xml
1 ms. Memory: 533504K Free: 444747K (83%)
----------------- Invoking toplevel() on ptolemy.moml.MoMLSimpleApplication@719ff233
----------------- Done invoking toplevel() on ptolemy.moml.MoMLSimpleApplication@719ff233
reloadAllAccessors: .DiscreteClock5

===========================================================================================
----------------- testing Sun Jun 07 14:38:15 UTC 2020 /home/travis/build/icyphy/ptII/ptolemy/actor/lib/test/auto/DiscreteClock6.xml
----------------- Instantiating /home/travis/build/icyphy/ptII/ptolemy/actor/lib/test/auto/DiscreteClock6.xml
1 ms. Memory: 533504K Free: 441165K (83%)
----------------- Invoking toplevel() on ptolemy.moml.MoMLSimpleApplication@3b365f31
----------------- Done invoking toplevel() on ptolemy.moml.MoMLSimpleApplication@3b365f31
reloadAllAccessors: .DiscreteClock6

===========================================================================================
----------------- testing Sun Jun 07 14:38:15 UTC 2020 /home/travis/build/icyphy/ptII/ptolemy/actor/lib/test/auto/DiscreteClock7.xml
----------------- Instantiating /home/travis/build/icyphy/ptII/ptolemy/actor/lib/test/auto/DiscreteClock7.xml
1 ms. Memory: 533504K Free: 436555K (82%)
----------------- Invoking toplevel() on ptolemy.moml.MoMLSimpleApplication@4a2e3397
----------------- Done invoking toplevel() on ptolemy.moml.MoMLSimpleApplication@4a2e3397
reloadAllAccessors: .DiscreteClock7

===========================================================================================
----------------- testing Sun Jun 07 14:38:15 UTC 2020 /home/travis/build/icyphy/ptII/ptolemy/actor/lib/test/auto/DiscreteClock8.xml
----------------- Instantiating /home/travis/build/icyphy/ptII/ptolemy/actor/lib/test/auto/DiscreteClock8.xml
2 ms. Memory: 533504K Free: 430925K (81%)
----------------- Invoking toplevel() on ptolemy.moml.MoMLSimpleApplication@7088aa98
----------------- Done invoking toplevel() on ptolemy.moml.MoMLSimpleApplication@7088aa98
reloadAllAccessors: .DiscreteClock8

===========================================================================================
----------------- testing Sun Jun 07 14:38:15 UTC 2020 /home/travis/build/icyphy/ptII/ptolemy/actor/lib/test/auto/DiscreteClock9.xml
----------------- Instantiating /home/travis/build/icyphy/ptII/ptolemy/actor/lib/test/auto/DiscreteClock9.xml
1 ms. Memory: 533504K Free: 425805K (80%)
----------------- Invoking toplevel() on ptolemy.moml.MoMLSimpleApplication@6e04568b
----------------- Done invoking toplevel() on ptolemy.moml.MoMLSimpleApplication@6e04568b
reloadAllAccessors: .DiscreteClock9

===========================================================================================
----------------- testing Sun Jun 07 14:38:15 UTC 2020 /home/travis/build/icyphy/ptII/ptolemy/actor/lib/test/auto/DisplayArray.xml
----------------- Instantiating /home/travis/build/icyphy/ptII/ptolemy/actor/lib/test/auto/DisplayArray.xml
2 ms. Memory: 533504K Free: 422219K (79%)
----------------- Invoking toplevel() on ptolemy.moml.MoMLSimpleApplication@def8bca
----------------- Done invoking toplevel() on ptolemy.moml.MoMLSimpleApplication@def8bca
reloadAllAccessors: .DisplayArray

===========================================================================================
----------------- testing Sun Jun 07 14:38:15 UTC 2020 /home/travis/build/icyphy/ptII/ptolemy/actor/lib/test/auto/Distributor.xml
----------------- Instantiating /home/travis/build/icyphy/ptII/ptolemy/actor/lib/test/auto/Distributor.xml
2 ms. Memory: 533504K Free: 417099K (78%)
----------------- Invoking toplevel() on ptolemy.moml.MoMLSimpleApplication@c72e59e
----------------- Done invoking toplevel() on ptolemy.moml.MoMLSimpleApplication@c72e59e
reloadAllAccessors: .Distributor

===========================================================================================
----------------- testing Sun Jun 07 14:38:15 UTC 2020 /home/travis/build/icyphy/ptII/ptolemy/actor/lib/test/auto/Distributor2.xml
----------------- Instantiating /home/travis/build/icyphy/ptII/ptolemy/actor/lib/test/auto/Distributor2.xml
1 ms. Memory: 533504K Free: 411979K (77%)
----------------- Invoking toplevel() on ptolemy.moml.MoMLSimpleApplication@52f20e41
----------------- Done invoking toplevel() on ptolemy.moml.MoMLSimpleApplication@52f20e41
reloadAllAccessors: .Distributor2

===========================================================================================
----------------- testing Sun Jun 07 14:38:15 UTC 2020 /home/travis/build/icyphy/ptII/ptolemy/actor/lib/test/auto/DownSample.xml
----------------- Instantiating /home/travis/build/icyphy/ptII/ptolemy/actor/lib/test/auto/DownSample.xml
1 ms. Memory: 533504K Free: 407883K (76%)
----------------- Invoking toplevel() on ptolemy.moml.MoMLSimpleApplication@48056d7b
----------------- Done invoking toplevel() on ptolemy.moml.MoMLSimpleApplication@48056d7b
reloadAllAccessors: .DownSample

===========================================================================================
----------------- testing Sun Jun 07 14:38:15 UTC 2020 /home/travis/build/icyphy/ptII/ptolemy/actor/lib/test/auto/ElectronicUnitBase1.xml
----------------- Instantiating /home/travis/build/icyphy/ptII/ptolemy/actor/lib/test/auto/ElectronicUnitBase1.xml
15 ms. Memory: 533504K Free: 392013K (73%)
----------------- Invoking toplevel() on ptolemy.moml.MoMLSimpleApplication@629b5644
----------------- Done invoking toplevel() on ptolemy.moml.MoMLSimpleApplication@629b5644
reloadAllAccessors: .ElectronicUnitBase1

===========================================================================================
----------------- testing Sun Jun 07 14:38:15 UTC 2020 /home/travis/build/icyphy/ptII/ptolemy/actor/lib/test/auto/ElementsToArray.xml
----------------- Instantiating /home/travis/build/icyphy/ptII/ptolemy/actor/lib/test/auto/ElementsToArray.xml
2 ms. Memory: 533504K Free: 386379K (72%)
----------------- Invoking toplevel() on ptolemy.moml.MoMLSimpleApplication@61743b7c
----------------- Done invoking toplevel() on ptolemy.moml.MoMLSimpleApplication@61743b7c
reloadAllAccessors: .ElementsToArray

===========================================================================================
----------------- testing Sun Jun 07 14:38:15 UTC 2020 /home/travis/build/icyphy/ptII/ptolemy/actor/lib/test/auto/Equals.xml
----------------- Instantiating /home/travis/build/icyphy/ptII/ptolemy/actor/lib/test/auto/Equals.xml
3 ms. Memory: 533504K Free: 381773K (72%)
----------------- Invoking toplevel() on ptolemy.moml.MoMLSimpleApplication@7ff44817
----------------- Done invoking toplevel() on ptolemy.moml.MoMLSimpleApplication@7ff44817
reloadAllAccessors: .Equals

===========================================================================================
----------------- testing Sun Jun 07 14:38:15 UTC 2020 /home/travis/build/icyphy/ptII/ptolemy/actor/lib/test/auto/Exec.xml
----------------- Instantiating /home/travis/build/icyphy/ptII/ptolemy/actor/lib/test/auto/Exec.xml
15 ms. Memory: 533504K Free: 377163K (71%)
----------------- Invoking toplevel() on ptolemy.moml.MoMLSimpleApplication@bd96510
----------------- Done invoking toplevel() on ptolemy.moml.MoMLSimpleApplication@bd96510
reloadAllAccessors: .Exec

===========================================================================================
----------------- testing Sun Jun 07 14:38:15 UTC 2020 /home/travis/build/icyphy/ptII/ptolemy/actor/lib/test/auto/ExecEnvironment.xml
----------------- Instantiating /home/travis/build/icyphy/ptII/ptolemy/actor/lib/test/auto/ExecEnvironment.xml
16 ms. Memory: 533504K Free: 371533K (70%)
----------------- Invoking toplevel() on ptolemy.moml.MoMLSimpleApplication@5f3b7a2d
----------------- Done invoking toplevel() on ptolemy.moml.MoMLSimpleApplication@5f3b7a2d
reloadAllAccessors: .ExecEnvironment

===========================================================================================
----------------- testing Sun Jun 07 14:38:15 UTC 2020 /home/travis/build/icyphy/ptII/ptolemy/actor/lib/test/auto/ExecNonZeroReturnOutput.xml
----------------- Instantiating /home/travis/build/icyphy/ptII/ptolemy/actor/lib/test/auto/ExecNonZeroReturnOutput.xml
161 ms. Memory: 533504K Free: 360269K (68%)
----------------- Invoking toplevel() on ptolemy.moml.MoMLSimpleApplication@f257105
----------------- Done invoking toplevel() on ptolemy.moml.MoMLSimpleApplication@f257105
reloadAllAccessors: .ExecNonZeroReturnOutput

===========================================================================================
----------------- testing Sun Jun 07 14:38:15 UTC 2020 /home/travis/build/icyphy/ptII/ptolemy/actor/lib/test/auto/ExecRunDemos.xml
----------------- Instantiating /home/travis/build/icyphy/ptII/ptolemy/actor/lib/test/auto/ExecRunDemos.xml
Finished: 59 ms. Memory: 129024K Free: 112184K (87%)

Finished: 63 ms. Memory: 129024K Free: 109402K (85%)

Finished: 79 ms. Memory: 129024K Free: 109612K (85%)

Finished: 62 ms. Memory: 129024K Free: 111045K (86%)

Finished: 86 ms. Memory: 129024K Free: 111949K (87%)

10227 ms. Memory: 533504K Free: 338763K (63%)
----------------- Invoking toplevel() on ptolemy.moml.MoMLSimpleApplication@40953e96
----------------- Done invoking toplevel() on ptolemy.moml.MoMLSimpleApplication@40953e96
reloadAllAccessors: .ExecRunDemos

===========================================================================================
----------------- testing Sun Jun 07 14:38:26 UTC 2020 /home/travis/build/icyphy/ptII/ptolemy/actor/lib/test/auto/ExecStop.xml
----------------- Instantiating /home/travis/build/icyphy/ptII/ptolemy/actor/lib/test/auto/ExecStop.xml
5014 ms. Memory: 533504K Free: 177483K (33%)
----------------- Invoking toplevel() on ptolemy.moml.MoMLSimpleApplication@1b4e1890
----------------- Done invoking toplevel() on ptolemy.moml.MoMLSimpleApplication@1b4e1890
reloadAllAccessors: .ExecStop

===========================================================================================
----------------- testing Sun Jun 07 14:38:31 UTC 2020 /home/travis/build/icyphy/ptII/ptolemy/actor/lib/test/auto/ExecutionTimeSDF.xml
----------------- Instantiating /home/travis/build/icyphy/ptII/ptolemy/actor/lib/test/auto/ExecutionTimeSDF.xml
Fired ExecutionTime: -898167296
Fired ExecutionTime: 1334800000
Fired ExecutionTime: -190967296
6005 ms. Memory: 533504K Free: 476493K (89%)

===========================================================================================
----------------- testing Sun Jun 07 14:38:37 UTC 2020 /home/travis/build/icyphy/ptII/ptolemy/actor/lib/test/auto/Expression1.xml
----------------- Instantiating /home/travis/build/icyphy/ptII/ptolemy/actor/lib/test/auto/Expression1.xml
1 ms. Memory: 533504K Free: 472397K (89%)
----------------- Invoking toplevel() on ptolemy.moml.MoMLSimpleApplication@306a041
----------------- Done invoking toplevel() on ptolemy.moml.MoMLSimpleApplication@306a041
reloadAllAccessors: .Expression1

===========================================================================================
----------------- testing Sun Jun 07 14:38:37 UTC 2020 /home/travis/build/icyphy/ptII/ptolemy/actor/lib/test/auto/Expression10.xml
----------------- Instantiating /home/travis/build/icyphy/ptII/ptolemy/actor/lib/test/auto/Expression10.xml
6 ms. Memory: 533504K Free: 466763K (87%)
----------------- Invoking toplevel() on ptolemy.moml.MoMLSimpleApplication@310b8130
----------------- Done invoking toplevel() on ptolemy.moml.MoMLSimpleApplication@310b8130
reloadAllAccessors: .Expression10

===========================================================================================
----------------- testing Sun Jun 07 14:38:37 UTC 2020 /home/travis/build/icyphy/ptII/ptolemy/actor/lib/test/auto/Expression11.xml
----------------- Instantiating /home/travis/build/icyphy/ptII/ptolemy/actor/lib/test/auto/Expression11.xml
2 ms. Memory: 533504K Free: 462157K (87%)
----------------- Invoking toplevel() on ptolemy.moml.MoMLSimpleApplication@24798c43
----------------- Done invoking toplevel() on ptolemy.moml.MoMLSimpleApplication@24798c43
reloadAllAccessors: .Expression11

===========================================================================================
----------------- testing Sun Jun 07 14:38:37 UTC 2020 /home/travis/build/icyphy/ptII/ptolemy/actor/lib/test/auto/Expression12.xml
----------------- Instantiating /home/travis/build/icyphy/ptII/ptolemy/actor/lib/test/auto/Expression12.xml
2 ms. Memory: 533504K Free: 457037K (86%)
----------------- Invoking toplevel() on ptolemy.moml.MoMLSimpleApplication@479e963f
----------------- Done invoking toplevel() on ptolemy.moml.MoMLSimpleApplication@479e963f
reloadAllAccessors: .Expression12

===========================================================================================
----------------- testing Sun Jun 07 14:38:37 UTC 2020 /home/travis/build/icyphy/ptII/ptolemy/actor/lib/test/auto/Expression13.xml
----------------- Instantiating /home/travis/build/icyphy/ptII/ptolemy/actor/lib/test/auto/Expression13.xml
3 ms. Memory: 533504K Free: 451917K (85%)
----------------- Invoking toplevel() on ptolemy.moml.MoMLSimpleApplication@62b8a43c
----------------- Done invoking toplevel() on ptolemy.moml.MoMLSimpleApplication@62b8a43c
reloadAllAccessors: .Expression13

===========================================================================================
----------------- testing Sun Jun 07 14:38:37 UTC 2020 /home/travis/build/icyphy/ptII/ptolemy/actor/lib/test/auto/Expression14.xml
----------------- Instantiating /home/travis/build/icyphy/ptII/ptolemy/actor/lib/test/auto/Expression14.xml
3 ms. Memory: 533504K Free: 445773K (84%)
----------------- Invoking toplevel() on ptolemy.moml.MoMLSimpleApplication@3c32cd54
----------------- Done invoking toplevel() on ptolemy.moml.MoMLSimpleApplication@3c32cd54
reloadAllAccessors: .Expression14

===========================================================================================
----------------- testing Sun Jun 07 14:38:37 UTC 2020 /home/travis/build/icyphy/ptII/ptolemy/actor/lib/test/auto/Expression15.xml
----------------- Instantiating /home/travis/build/icyphy/ptII/ptolemy/actor/lib/test/auto/Expression15.xml
1 ms. Memory: 533504K Free: 442187K (83%)
----------------- Invoking toplevel() on ptolemy.moml.MoMLSimpleApplication@623230ee
----------------- Done invoking toplevel() on ptolemy.moml.MoMLSimpleApplication@623230ee
reloadAllAccessors: .Expression15

===========================================================================================
----------------- testing Sun Jun 07 14:38:37 UTC 2020 /home/travis/build/icyphy/ptII/ptolemy/actor/lib/test/auto/Expression16.xml
----------------- Instantiating /home/travis/build/icyphy/ptII/ptolemy/actor/lib/test/auto/Expression16.xml
3 ms. Memory: 533504K Free: 437067K (82%)
----------------- Invoking toplevel() on ptolemy.moml.MoMLSimpleApplication@2e927125
----------------- Done invoking toplevel() on ptolemy.moml.MoMLSimpleApplication@2e927125
reloadAllAccessors: .Expression16

===========================================================================================
----------------- testing Sun Jun 07 14:38:37 UTC 2020 /home/travis/build/icyphy/ptII/ptolemy/actor/lib/test/auto/Expression17.xml
----------------- Instantiating /home/travis/build/icyphy/ptII/ptolemy/actor/lib/test/auto/Expression17.xml
3 ms. Memory: 533504K Free: 431947K (81%)
----------------- Invoking toplevel() on ptolemy.moml.MoMLSimpleApplication@4eb0f02e
----------------- Done invoking toplevel() on ptolemy.moml.MoMLSimpleApplication@4eb0f02e
reloadAllAccessors: .Expression17

===========================================================================================
----------------- testing Sun Jun 07 14:38:37 UTC 2020 /home/travis/build/icyphy/ptII/ptolemy/actor/lib/test/auto/Expression18.xml
----------------- Instantiating /home/travis/build/icyphy/ptII/ptolemy/actor/lib/test/auto/Expression18.xml
2 ms. Memory: 533504K Free: 426827K (80%)
----------------- Invoking toplevel() on ptolemy.moml.MoMLSimpleApplication@2e983d3a
----------------- Done invoking toplevel() on ptolemy.moml.MoMLSimpleApplication@2e983d3a
reloadAllAccessors: .Expression18

===========================================================================================
----------------- testing Sun Jun 07 14:38:37 UTC 2020 /home/travis/build/icyphy/ptII/ptolemy/actor/lib/test/auto/Expression2.xml
----------------- Instantiating /home/travis/build/icyphy/ptII/ptolemy/actor/lib/test/auto/Expression2.xml
3 ms. Memory: 533504K Free: 421707K (79%)
----------------- Invoking toplevel() on ptolemy.moml.MoMLSimpleApplication@720b55a
----------------- Done invoking toplevel() on ptolemy.moml.MoMLSimpleApplication@720b55a
reloadAllAccessors: .Expression2

===========================================================================================
----------------- testing Sun Jun 07 14:38:37 UTC 2020 /home/travis/build/icyphy/ptII/ptolemy/actor/lib/test/auto/Expression3.xml
----------------- Instantiating /home/travis/build/icyphy/ptII/ptolemy/actor/lib/test/auto/Expression3.xml
5 ms. Memory: 533504K Free: 416587K (78%)
----------------- Invoking toplevel() on ptolemy.moml.MoMLSimpleApplication@13ac166f
----------------- Done invoking toplevel() on ptolemy.moml.MoMLSimpleApplication@13ac166f
reloadAllAccessors: .Expression3

===========================================================================================
----------------- testing Sun Jun 07 14:38:37 UTC 2020 /home/travis/build/icyphy/ptII/ptolemy/actor/lib/test/auto/Expression4.xml
----------------- Instantiating /home/travis/build/icyphy/ptII/ptolemy/actor/lib/test/auto/Expression4.xml
11 ms. Memory: 533504K Free: 409416K (77%)
----------------- Invoking toplevel() on ptolemy.moml.MoMLSimpleApplication@48ae68aa
----------------- Done invoking toplevel() on ptolemy.moml.MoMLSimpleApplication@48ae68aa
reloadAllAccessors: .Expression4

===========================================================================================
----------------- testing Sun Jun 07 14:38:37 UTC 2020 /home/travis/build/icyphy/ptII/ptolemy/actor/lib/test/auto/Expression5.xml
----------------- Instantiating /home/travis/build/icyphy/ptII/ptolemy/actor/lib/test/auto/Expression5.xml
3 ms. Memory: 533504K Free: 404299K (76%)
----------------- Invoking toplevel() on ptolemy.moml.MoMLSimpleApplication@6ccf4397
----------------- Done invoking toplevel() on ptolemy.moml.MoMLSimpleApplication@6ccf4397
reloadAllAccessors: .Expression5

===========================================================================================
----------------- testing Sun Jun 07 14:38:37 UTC 2020 /home/travis/build/icyphy/ptII/ptolemy/actor/lib/test/auto/Expression6.xml
----------------- Instantiating /home/travis/build/icyphy/ptII/ptolemy/actor/lib/test/auto/Expression6.xml
2 ms. Memory: 533504K Free: 399693K (75%)
----------------- Invoking toplevel() on ptolemy.moml.MoMLSimpleApplication@910a43f
----------------- Done invoking toplevel() on ptolemy.moml.MoMLSimpleApplication@910a43f
reloadAllAccessors: .Expression6

===========================================================================================
----------------- testing Sun Jun 07 14:38:37 UTC 2020 /home/travis/build/icyphy/ptII/ptolemy/actor/lib/test/auto/Expression7.xml
----------------- Instantiating /home/travis/build/icyphy/ptII/ptolemy/actor/lib/test/auto/Expression7.xml
2 ms. Memory: 533504K Free: 395083K (74%)
----------------- Invoking toplevel() on ptolemy.moml.MoMLSimpleApplication@294a560b
----------------- Done invoking toplevel() on ptolemy.moml.MoMLSimpleApplication@294a560b
reloadAllAccessors: .Expression7

===========================================================================================
----------------- testing Sun Jun 07 14:38:37 UTC 2020 /home/travis/build/icyphy/ptII/ptolemy/actor/lib/test/auto/Expression8.xml
----------------- Instantiating /home/travis/build/icyphy/ptII/ptolemy/actor/lib/test/auto/Expression8.xml
7 ms. Memory: 533504K Free: 389963K (73%)
----------------- Invoking toplevel() on ptolemy.moml.MoMLSimpleApplication@3dfd6924
----------------- Done invoking toplevel() on ptolemy.moml.MoMLSimpleApplication@3dfd6924
reloadAllAccessors: .Expression8

===========================================================================================
----------------- testing Sun Jun 07 14:38:37 UTC 2020 /home/travis/build/icyphy/ptII/ptolemy/actor/lib/test/auto/Expression9.xml
----------------- Instantiating /home/travis/build/icyphy/ptII/ptolemy/actor/lib/test/auto/Expression9.xml
1 ms. Memory: 533504K Free: 385867K (72%)
----------------- Invoking toplevel() on ptolemy.moml.MoMLSimpleApplication@398cca72
----------------- Done invoking toplevel() on ptolemy.moml.MoMLSimpleApplication@398cca72
reloadAllAccessors: .Expression9

===========================================================================================
----------------- testing Sun Jun 07 14:38:37 UTC 2020 /home/travis/build/icyphy/ptII/ptolemy/actor/lib/test/auto/ExpressionConcatenateArrayType.xml
----------------- Instantiating /home/travis/build/icyphy/ptII/ptolemy/actor/lib/test/auto/ExpressionConcatenateArrayType.xml
4 ms. Memory: 533504K Free: 379723K (71%)
----------------- Invoking toplevel() on ptolemy.moml.MoMLSimpleApplication@23fcbec3
----------------- Done invoking toplevel() on ptolemy.moml.MoMLSimpleApplication@23fcbec3
reloadAllAccessors: .ExpressionConcatenateArrayType

===========================================================================================
----------------- testing Sun Jun 07 14:38:37 UTC 2020 /home/travis/build/icyphy/ptII/ptolemy/actor/lib/test/auto/ExpressionConcatenateArrayType2.xml
----------------- Instantiating /home/travis/build/icyphy/ptII/ptolemy/actor/lib/test/auto/ExpressionConcatenateArrayType2.xml
2 ms. Memory: 533504K Free: 374093K (70%)
----------------- Invoking toplevel() on ptolemy.moml.MoMLSimpleApplication@10a53a07
----------------- Done invoking toplevel() on ptolemy.moml.MoMLSimpleApplication@10a53a07
reloadAllAccessors: .ExpressionConcatenateArrayType2

===========================================================================================
----------------- testing Sun Jun 07 14:38:37 UTC 2020 /home/travis/build/icyphy/ptII/ptolemy/actor/lib/test/auto/ExpressionFix.xml
----------------- Instantiating /home/travis/build/icyphy/ptII/ptolemy/actor/lib/test/auto/ExpressionFix.xml
20 ms. Memory: 533504K Free: 367435K (69%)
----------------- Invoking toplevel() on ptolemy.moml.MoMLSimpleApplication@7571fc7c
----------------- Done invoking toplevel() on ptolemy.moml.MoMLSimpleApplication@7571fc7c
reloadAllAccessors: .ExpressionFix

===========================================================================================
----------------- testing Sun Jun 07 14:38:37 UTC 2020 /home/travis/build/icyphy/ptII/ptolemy/actor/lib/test/auto/ExpressionFix2.xml
----------------- Instantiating /home/travis/build/icyphy/ptII/ptolemy/actor/lib/test/auto/ExpressionFix2.xml
4 ms. Memory: 533504K Free: 363853K (68%)
----------------- Invoking toplevel() on ptolemy.moml.MoMLSimpleApplication@4bcfd40a
----------------- Done invoking toplevel() on ptolemy.moml.MoMLSimpleApplication@4bcfd40a
reloadAllAccessors: .ExpressionFix2

===========================================================================================
----------------- testing Sun Jun 07 14:38:37 UTC 2020 /home/travis/build/icyphy/ptII/ptolemy/actor/lib/test/auto/ExpressionFix3.xml
----------------- Instantiating /home/travis/build/icyphy/ptII/ptolemy/actor/lib/test/auto/ExpressionFix3.xml
2 ms. Memory: 533504K Free: 359243K (67%)
----------------- Invoking toplevel() on ptolemy.moml.MoMLSimpleApplication@494085ea
----------------- Done invoking toplevel() on ptolemy.moml.MoMLSimpleApplication@494085ea
reloadAllAccessors: .ExpressionFix3

===========================================================================================
----------------- testing Sun Jun 07 14:38:37 UTC 2020 /home/travis/build/icyphy/ptII/ptolemy/actor/lib/test/auto/FileWriter1.xml
----------------- Instantiating /home/travis/build/icyphy/ptII/ptolemy/actor/lib/test/auto/FileWriter1.xml
8 ms. Memory: 533504K Free: 355147K (67%)
----------------- Invoking toplevel() on ptolemy.moml.MoMLSimpleApplication@231dbce5
----------------- Done invoking toplevel() on ptolemy.moml.MoMLSimpleApplication@231dbce5
reloadAllAccessors: .FileWriter1

===========================================================================================
----------------- testing Sun Jun 07 14:38:37 UTC 2020 /home/travis/build/icyphy/ptII/ptolemy/actor/lib/test/auto/FileWriter2.xml
----------------- Instantiating /home/travis/build/icyphy/ptII/ptolemy/actor/lib/test/auto/FileWriter2.xml
5 ms. Memory: 533504K Free: 351051K (66%)
----------------- Invoking toplevel() on ptolemy.moml.MoMLSimpleApplication@2182f437
----------------- Done invoking toplevel() on ptolemy.moml.MoMLSimpleApplication@2182f437
reloadAllAccessors: .FileWriter2

===========================================================================================
----------------- testing Sun Jun 07 14:38:37 UTC 2020 /home/travis/build/icyphy/ptII/ptolemy/actor/lib/test/auto/FileWriter3.xml
----------------- Instantiating /home/travis/build/icyphy/ptII/ptolemy/actor/lib/test/auto/FileWriter3.xml
1 ms. Memory: 533504K Free: 346955K (65%)
----------------- Invoking toplevel() on ptolemy.moml.MoMLSimpleApplication@72925526
----------------- Done invoking toplevel() on ptolemy.moml.MoMLSimpleApplication@72925526
reloadAllAccessors: .FileWriter3

===========================================================================================
----------------- testing Sun Jun 07 14:38:37 UTC 2020 /home/travis/build/icyphy/ptII/ptolemy/actor/lib/test/auto/Gaussian.xml
----------------- Instantiating /home/travis/build/icyphy/ptII/ptolemy/actor/lib/test/auto/Gaussian.xml
1 ms. Memory: 533504K Free: 342349K (64%)
----------------- Invoking toplevel() on ptolemy.moml.MoMLSimpleApplication@5c6fcc89
----------------- Done invoking toplevel() on ptolemy.moml.MoMLSimpleApplication@5c6fcc89
reloadAllAccessors: .Gaussian

===========================================================================================
----------------- testing Sun Jun 07 14:38:37 UTC 2020 /home/travis/build/icyphy/ptII/ptolemy/actor/lib/test/auto/Gaussian1.xml
----------------- Instantiating /home/travis/build/icyphy/ptII/ptolemy/actor/lib/test/auto/Gaussian1.xml
2 ms. Memory: 533504K Free: 337229K (63%)
----------------- Invoking toplevel() on ptolemy.moml.MoMLSimpleApplication@2f4f5f08
----------------- Done invoking toplevel() on ptolemy.moml.MoMLSimpleApplication@2f4f5f08
reloadAllAccessors: .Gaussian1

===========================================================================================
----------------- testing Sun Jun 07 14:38:37 UTC 2020 /home/travis/build/icyphy/ptII/ptolemy/actor/lib/test/auto/Gaussian2.xml
----------------- Instantiating /home/travis/build/icyphy/ptII/ptolemy/actor/lib/test/auto/Gaussian2.xml
1 ms. Memory: 533504K Free: 331581K (62%)
----------------- Invoking toplevel() on ptolemy.moml.MoMLSimpleApplication@7e645366
----------------- Done invoking toplevel() on ptolemy.moml.MoMLSimpleApplication@7e645366
reloadAllAccessors: .Gaussian2

===========================================================================================
----------------- testing Sun Jun 07 14:38:37 UTC 2020 /home/travis/build/icyphy/ptII/ptolemy/actor/lib/test/auto/GradientAdaptiveLattice.xml
----------------- Instantiating /home/travis/build/icyphy/ptII/ptolemy/actor/lib/test/auto/GradientAdaptiveLattice.xml
2 ms. Memory: 533504K Free: 326475K (61%)
----------------- Invoking toplevel() on ptolemy.moml.MoMLSimpleApplication@35d4f851
----------------- Done invoking toplevel() on ptolemy.moml.MoMLSimpleApplication@35d4f851
reloadAllAccessors: .GradientAdaptiveLattice

===========================================================================================
----------------- testing Sun Jun 07 14:38:37 UTC 2020 /home/travis/build/icyphy/ptII/ptolemy/actor/lib/test/auto/IIR.xml
----------------- Instantiating /home/travis/build/icyphy/ptII/ptolemy/actor/lib/test/auto/IIR.xml
1 ms. Memory: 533504K Free: 321869K (60%)
----------------- Invoking toplevel() on ptolemy.moml.MoMLSimpleApplication@52ab9667
----------------- Done invoking toplevel() on ptolemy.moml.MoMLSimpleApplication@52ab9667
reloadAllAccessors: .IIR

===========================================================================================
----------------- testing Sun Jun 07 14:38:37 UTC 2020 /home/travis/build/icyphy/ptII/ptolemy/actor/lib/test/auto/InputOutputTransparentPorts.xml
----------------- Instantiating /home/travis/build/icyphy/ptII/ptolemy/actor/lib/test/auto/InputOutputTransparentPorts.xml
2 ms. Memory: 533504K Free: 315211K (59%)
----------------- Invoking toplevel() on ptolemy.moml.MoMLSimpleApplication@1c72156c
----------------- Done invoking toplevel() on ptolemy.moml.MoMLSimpleApplication@1c72156c
reloadAllAccessors: .InputOutputTransparentPorts

===========================================================================================
----------------- testing Sun Jun 07 14:38:37 UTC 2020 /home/travis/build/icyphy/ptII/ptolemy/actor/lib/test/auto/Interpolator.xml
----------------- Instantiating /home/travis/build/icyphy/ptII/ptolemy/actor/lib/test/auto/Interpolator.xml
3 ms. Memory: 533504K Free: 310091K (58%)
----------------- Invoking toplevel() on ptolemy.moml.MoMLSimpleApplication@4b6adbfe
----------------- Done invoking toplevel() on ptolemy.moml.MoMLSimpleApplication@4b6adbfe
reloadAllAccessors: .Interpolator

===========================================================================================
----------------- testing Sun Jun 07 14:38:37 UTC 2020 /home/travis/build/icyphy/ptII/ptolemy/actor/lib/test/auto/InterpolatorFiringLimitDE.xml
----------------- Instantiating /home/travis/build/icyphy/ptII/ptolemy/actor/lib/test/auto/InterpolatorFiringLimitDE.xml
2 ms. Memory: 533504K Free: 303947K (57%)
----------------- Invoking toplevel() on ptolemy.moml.MoMLSimpleApplication@57869c42
----------------- Done invoking toplevel() on ptolemy.moml.MoMLSimpleApplication@57869c42
reloadAllAccessors: .InterpolatorFiringLimitDE

===========================================================================================
----------------- testing Sun Jun 07 14:38:37 UTC 2020 /home/travis/build/icyphy/ptII/ptolemy/actor/lib/test/auto/Lattice.xml
----------------- Instantiating /home/travis/build/icyphy/ptII/ptolemy/actor/lib/test/auto/Lattice.xml
1 ms. Memory: 533504K Free: 299851K (56%)
----------------- Invoking toplevel() on ptolemy.moml.MoMLSimpleApplication@260322c0
----------------- Done invoking toplevel() on ptolemy.moml.MoMLSimpleApplication@260322c0
reloadAllAccessors: .Lattice

===========================================================================================
----------------- testing Sun Jun 07 14:38:37 UTC 2020 /home/travis/build/icyphy/ptII/ptolemy/actor/lib/test/auto/LazyAOCTestLazy.xml
----------------- Instantiating /home/travis/build/icyphy/ptII/ptolemy/actor/lib/test/auto/LazyAOCTestLazy.xml
13 ms. Memory: 533504K Free: 294221K (55%)
----------------- Invoking toplevel() on ptolemy.moml.MoMLSimpleApplication@d299603
----------------- Done invoking toplevel() on ptolemy.moml.MoMLSimpleApplication@d299603
reloadAllAccessors: .LazyAOCTestLazy

===========================================================================================
----------------- testing Sun Jun 07 14:38:37 UTC 2020 /home/travis/build/icyphy/ptII/ptolemy/actor/lib/test/auto/LazyAOCTestNonLazy.xml
----------------- Instantiating /home/travis/build/icyphy/ptII/ptolemy/actor/lib/test/auto/LazyAOCTestNonLazy.xml
2 ms. Memory: 533504K Free: 287563K (54%)
----------------- Invoking toplevel() on ptolemy.moml.MoMLSimpleApplication@6aedb331
----------------- Done invoking toplevel() on ptolemy.moml.MoMLSimpleApplication@6aedb331
reloadAllAccessors: .LazyAOCTestNonLazy

===========================================================================================
----------------- testing Sun Jun 07 14:38:37 UTC 2020 /home/travis/build/icyphy/ptII/ptolemy/actor/lib/test/auto/LazyInnerClass.xml
----------------- Instantiating /home/travis/build/icyphy/ptII/ptolemy/actor/lib/test/auto/LazyInnerClass.xml
15 ms. Memory: 533504K Free: 278861K (52%)
----------------- Invoking toplevel() on ptolemy.moml.MoMLSimpleApplication@7b43919a
----------------- Done invoking toplevel() on ptolemy.moml.MoMLSimpleApplication@7b43919a
reloadAllAccessors: .LazyInnerClass

===========================================================================================
----------------- testing Sun Jun 07 14:38:37 UTC 2020 /home/travis/build/icyphy/ptII/ptolemy/actor/lib/test/auto/LazyPubSub.xml
----------------- Instantiating /home/travis/build/icyphy/ptII/ptolemy/actor/lib/test/auto/LazyPubSub.xml
20 ms. Memory: 533504K Free: 269131K (50%)
----------------- Invoking toplevel() on ptolemy.moml.MoMLSimpleApplication@44a76fb8
----------------- Done invoking toplevel() on ptolemy.moml.MoMLSimpleApplication@44a76fb8
reloadAllAccessors: .LazyPubSub

===========================================================================================
----------------- testing Sun Jun 07 14:38:37 UTC 2020 /home/travis/build/icyphy/ptII/ptolemy/actor/lib/test/auto/LazyPubSub2.xml
----------------- Instantiating /home/travis/build/icyphy/ptII/ptolemy/actor/lib/test/auto/LazyPubSub2.xml
9 ms. Memory: 533504K Free: 258891K (49%)
----------------- Invoking toplevel() on ptolemy.moml.MoMLSimpleApplication@59867017
----------------- Done invoking toplevel() on ptolemy.moml.MoMLSimpleApplication@59867017
reloadAllAccessors: .LazyPubSub2

===========================================================================================
----------------- testing Sun Jun 07 14:38:37 UTC 2020 /home/travis/build/icyphy/ptII/ptolemy/actor/lib/test/auto/LazyPubSub3.xml
----------------- Instantiating /home/travis/build/icyphy/ptII/ptolemy/actor/lib/test/auto/LazyPubSub3.xml
11 ms. Memory: 533504K Free: 248651K (47%)
----------------- Invoking toplevel() on ptolemy.moml.MoMLSimpleApplication@44140b01
----------------- Done invoking toplevel() on ptolemy.moml.MoMLSimpleApplication@44140b01
reloadAllAccessors: .LazyPubSub3

===========================================================================================
----------------- testing Sun Jun 07 14:38:37 UTC 2020 /home/travis/build/icyphy/ptII/ptolemy/actor/lib/test/auto/LazySubClassModel.xml
----------------- Instantiating /home/travis/build/icyphy/ptII/ptolemy/actor/lib/test/auto/LazySubClassModel.xml
2 ms. Memory: 533504K Free: 239435K (45%)
----------------- Invoking toplevel() on ptolemy.moml.MoMLSimpleApplication@6b53e896
----------------- Done invoking toplevel() on ptolemy.moml.MoMLSimpleApplication@6b53e896
reloadAllAccessors: .LazySubClassModel

===========================================================================================
----------------- testing Sun Jun 07 14:38:37 UTC 2020 /home/travis/build/icyphy/ptII/ptolemy/actor/lib/test/auto/LevelCrossTest1.xml
----------------- Instantiating /home/travis/build/icyphy/ptII/ptolemy/actor/lib/test/auto/LevelCrossTest1.xml
1 ms. Memory: 533504K Free: 234315K (44%)
----------------- Invoking toplevel() on ptolemy.moml.MoMLSimpleApplication@522a987d
----------------- Done invoking toplevel() on ptolemy.moml.MoMLSimpleApplication@522a987d
reloadAllAccessors: .broken

===========================================================================================
----------------- testing Sun Jun 07 14:38:38 UTC 2020 /home/travis/build/icyphy/ptII/ptolemy/actor/lib/test/auto/LevelCrossTest10.xml
----------------- Instantiating /home/travis/build/icyphy/ptII/ptolemy/actor/lib/test/auto/LevelCrossTest10.xml
1 ms. Memory: 533504K Free: 226637K (42%)
----------------- Invoking toplevel() on ptolemy.moml.MoMLSimpleApplication@1fdc656f
----------------- Done invoking toplevel() on ptolemy.moml.MoMLSimpleApplication@1fdc656f
reloadAllAccessors: .LevelCrossTest10

===========================================================================================
----------------- testing Sun Jun 07 14:38:38 UTC 2020 /home/travis/build/icyphy/ptII/ptolemy/actor/lib/test/auto/LevelCrossTest11.xml
----------------- Instantiating /home/travis/build/icyphy/ptII/ptolemy/actor/lib/test/auto/LevelCrossTest11.xml
1 ms. Memory: 533504K Free: 219469K (41%)
----------------- Invoking toplevel() on ptolemy.moml.MoMLSimpleApplication@291aa9f
----------------- Done invoking toplevel() on ptolemy.moml.MoMLSimpleApplication@291aa9f
reloadAllAccessors: .LevelCrossTest11

===========================================================================================
----------------- testing Sun Jun 07 14:38:38 UTC 2020 /home/travis/build/icyphy/ptII/ptolemy/actor/lib/test/auto/LevelCrossTest12.xml
----------------- Instantiating /home/travis/build/icyphy/ptII/ptolemy/actor/lib/test/auto/LevelCrossTest12.xml
1 ms. Memory: 533504K Free: 212811K (40%)
----------------- Invoking toplevel() on ptolemy.moml.MoMLSimpleApplication@6b5cbdd7
----------------- Done invoking toplevel() on ptolemy.moml.MoMLSimpleApplication@6b5cbdd7
reloadAllAccessors: .LevelCrossTest12

===========================================================================================
----------------- testing Sun Jun 07 14:38:38 UTC 2020 /home/travis/build/icyphy/ptII/ptolemy/actor/lib/test/auto/LevelCrossTest13.xml
----------------- Instantiating /home/travis/build/icyphy/ptII/ptolemy/actor/lib/test/auto/LevelCrossTest13.xml
1 ms. Memory: 533504K Free: 205643K (39%)
----------------- Invoking toplevel() on ptolemy.moml.MoMLSimpleApplication@9e7033e
----------------- Done invoking toplevel() on ptolemy.moml.MoMLSimpleApplication@9e7033e
reloadAllAccessors: .LevelCrossTest13

===========================================================================================
----------------- testing Sun Jun 07 14:38:38 UTC 2020 /home/travis/build/icyphy/ptII/ptolemy/actor/lib/test/auto/LevelCrossTest2.xml
----------------- Instantiating /home/travis/build/icyphy/ptII/ptolemy/actor/lib/test/auto/LevelCrossTest2.xml
1 ms. Memory: 533504K Free: 200013K (37%)
----------------- Invoking toplevel() on ptolemy.moml.MoMLSimpleApplication@4b9fa4b5
----------------- Done invoking toplevel() on ptolemy.moml.MoMLSimpleApplication@4b9fa4b5
reloadAllAccessors: .broken

===========================================================================================
----------------- testing Sun Jun 07 14:38:38 UTC 2020 /home/travis/build/icyphy/ptII/ptolemy/actor/lib/test/auto/LevelCrossTest3.xml
----------------- Instantiating /home/travis/build/icyphy/ptII/ptolemy/actor/lib/test/auto/LevelCrossTest3.xml
1 ms. Memory: 533504K Free: 193355K (36%)
----------------- Invoking toplevel() on ptolemy.moml.MoMLSimpleApplication@1063defb
----------------- Done invoking toplevel() on ptolemy.moml.MoMLSimpleApplication@1063defb
reloadAllAccessors: .LevelCrossTest3

===========================================================================================
----------------- testing Sun Jun 07 14:38:38 UTC 2020 /home/travis/build/icyphy/ptII/ptolemy/actor/lib/test/auto/LevelCrossTest4.xml
----------------- Instantiating /home/travis/build/icyphy/ptII/ptolemy/actor/lib/test/auto/LevelCrossTest4.xml
1 ms. Memory: 533504K Free: 187725K (35%)
----------------- Invoking toplevel() on ptolemy.moml.MoMLSimpleApplication@2ee72c9b
----------------- Done invoking toplevel() on ptolemy.moml.MoMLSimpleApplication@2ee72c9b
reloadAllAccessors: .broken

===========================================================================================
----------------- testing Sun Jun 07 14:38:38 UTC 2020 /home/travis/build/icyphy/ptII/ptolemy/actor/lib/test/auto/LevelCrossTest5.xml
----------------- Instantiating /home/travis/build/icyphy/ptII/ptolemy/actor/lib/test/auto/LevelCrossTest5.xml
3 ms. Memory: 533504K Free: 181067K (34%)
----------------- Invoking toplevel() on ptolemy.moml.MoMLSimpleApplication@7cbf367f
----------------- Done invoking toplevel() on ptolemy.moml.MoMLSimpleApplication@7cbf367f
reloadAllAccessors: .LevelCrossTest5

===========================================================================================
----------------- testing Sun Jun 07 14:38:38 UTC 2020 /home/travis/build/icyphy/ptII/ptolemy/actor/lib/test/auto/LevelCrossTest6.xml
----------------- Instantiating /home/travis/build/icyphy/ptII/ptolemy/actor/lib/test/auto/LevelCrossTest6.xml
1 ms. Memory: 533504K Free: 174413K (33%)
----------------- Invoking toplevel() on ptolemy.moml.MoMLSimpleApplication@21a9c922
----------------- Done invoking toplevel() on ptolemy.moml.MoMLSimpleApplication@21a9c922
reloadAllAccessors: .LevelCrossTest6

===========================================================================================
----------------- testing Sun Jun 07 14:38:38 UTC 2020 /home/travis/build/icyphy/ptII/ptolemy/actor/lib/test/auto/LevelCrossTest7.xml
----------------- Instantiating /home/travis/build/icyphy/ptII/ptolemy/actor/lib/test/auto/LevelCrossTest7.xml
1 ms. Memory: 533504K Free: 477752K (90%)
----------------- Invoking toplevel() on ptolemy.moml.MoMLSimpleApplication@678c4138
----------------- Done invoking toplevel() on ptolemy.moml.MoMLSimpleApplication@678c4138
reloadAllAccessors: .LevelCrossTest7

===========================================================================================
----------------- testing Sun Jun 07 14:38:38 UTC 2020 /home/travis/build/icyphy/ptII/ptolemy/actor/lib/test/auto/LevelCrossTest8.xml
----------------- Instantiating /home/travis/build/icyphy/ptII/ptolemy/actor/lib/test/auto/LevelCrossTest8.xml
1 ms. Memory: 533504K Free: 470349K (88%)
----------------- Invoking toplevel() on ptolemy.moml.MoMLSimpleApplication@32b4ae4
----------------- Done invoking toplevel() on ptolemy.moml.MoMLSimpleApplication@32b4ae4
reloadAllAccessors: .LevelCrossTest8

===========================================================================================
----------------- testing Sun Jun 07 14:38:38 UTC 2020 /home/travis/build/icyphy/ptII/ptolemy/actor/lib/test/auto/LevelCrossTest9.xml
----------------- Instantiating /home/travis/build/icyphy/ptII/ptolemy/actor/lib/test/auto/LevelCrossTest9.xml
2 ms. Memory: 533504K Free: 464205K (87%)
----------------- Invoking toplevel() on ptolemy.moml.MoMLSimpleApplication@21a3b1be
----------------- Done invoking toplevel() on ptolemy.moml.MoMLSimpleApplication@21a3b1be
reloadAllAccessors: .LevelCrossTest9

===========================================================================================
----------------- testing Sun Jun 07 14:38:38 UTC 2020 /home/travis/build/icyphy/ptII/ptolemy/actor/lib/test/auto/LevinsonDurbin.xml
----------------- Instantiating /home/travis/build/icyphy/ptII/ptolemy/actor/lib/test/auto/LevinsonDurbin.xml
3 ms. Memory: 533504K Free: 460619K (86%)
----------------- Invoking toplevel() on ptolemy.moml.MoMLSimpleApplication@22570497
----------------- Done invoking toplevel() on ptolemy.moml.MoMLSimpleApplication@22570497
reloadAllAccessors: .LevinsonDurbin

===========================================================================================
----------------- testing Sun Jun 07 14:38:38 UTC 2020 /home/travis/build/icyphy/ptII/ptolemy/actor/lib/test/auto/LevinsonDurbin2.xml
----------------- Instantiating /home/travis/build/icyphy/ptII/ptolemy/actor/lib/test/auto/LevinsonDurbin2.xml
1 ms. Memory: 533504K Free: 456523K (86%)
----------------- Invoking toplevel() on ptolemy.moml.MoMLSimpleApplication@36d4ff4e
----------------- Done invoking toplevel() on ptolemy.moml.MoMLSimpleApplication@36d4ff4e
reloadAllAccessors: .LevinsonDurbin2

===========================================================================================
----------------- testing Sun Jun 07 14:38:38 UTC 2020 /home/travis/build/icyphy/ptII/ptolemy/actor/lib/test/auto/LevinsonDurbin3.xml
----------------- Instantiating /home/travis/build/icyphy/ptII/ptolemy/actor/lib/test/auto/LevinsonDurbin3.xml
2 ms. Memory: 533504K Free: 452427K (85%)
----------------- Invoking toplevel() on ptolemy.moml.MoMLSimpleApplication@30d1e115
----------------- Done invoking toplevel() on ptolemy.moml.MoMLSimpleApplication@30d1e115
reloadAllAccessors: .LevinsonDurbin3

===========================================================================================
----------------- testing Sun Jun 07 14:38:38 UTC 2020 /home/travis/build/icyphy/ptII/ptolemy/actor/lib/test/auto/Limiter.xml
----------------- Instantiating /home/travis/build/icyphy/ptII/ptolemy/actor/lib/test/auto/Limiter.xml
4 ms. Memory: 533504K Free: 443197K (83%)
----------------- Invoking toplevel() on ptolemy.moml.MoMLSimpleApplication@663f6956
----------------- Done invoking toplevel() on ptolemy.moml.MoMLSimpleApplication@663f6956
reloadAllAccessors: .Limiter

===========================================================================================
----------------- testing Sun Jun 07 14:38:38 UTC 2020 /home/travis/build/icyphy/ptII/ptolemy/actor/lib/test/auto/LinearDifferenceEquationSystem.xml
----------------- Instantiating /home/travis/build/icyphy/ptII/ptolemy/actor/lib/test/auto/LinearDifferenceEquationSystem.xml
3 ms. Memory: 533504K Free: 436043K (82%)
----------------- Invoking toplevel() on ptolemy.moml.MoMLSimpleApplication@22d0f50f
----------------- Done invoking toplevel() on ptolemy.moml.MoMLSimpleApplication@22d0f50f
reloadAllAccessors: .LinearDifferenceEquationSystem

===========================================================================================
----------------- testing Sun Jun 07 14:38:38 UTC 2020 /home/travis/build/icyphy/ptII/ptolemy/actor/lib/test/auto/LookupTable.xml
----------------- Instantiating /home/travis/build/icyphy/ptII/ptolemy/actor/lib/test/auto/LookupTable.xml
7 ms. Memory: 533504K Free: 431947K (81%)
----------------- Invoking toplevel() on ptolemy.moml.MoMLSimpleApplication@3f55903f
----------------- Done invoking toplevel() on ptolemy.moml.MoMLSimpleApplication@3f55903f
reloadAllAccessors: .LookupTable

===========================================================================================
----------------- testing Sun Jun 07 14:38:38 UTC 2020 /home/travis/build/icyphy/ptII/ptolemy/actor/lib/test/auto/MathFunction.xml
----------------- Instantiating /home/travis/build/icyphy/ptII/ptolemy/actor/lib/test/auto/MathFunction.xml
11 ms. Memory: 533504K Free: 423755K (79%)
----------------- Invoking toplevel() on ptolemy.moml.MoMLSimpleApplication@753504b0
----------------- Done invoking toplevel() on ptolemy.moml.MoMLSimpleApplication@753504b0
reloadAllAccessors: .MathFunction

===========================================================================================
----------------- testing Sun Jun 07 14:38:38 UTC 2020 /home/travis/build/icyphy/ptII/ptolemy/actor/lib/test/auto/MathFunction2.xml
----------------- Instantiating /home/travis/build/icyphy/ptII/ptolemy/actor/lib/test/auto/MathFunction2.xml
4 ms. Memory: 533504K Free: 419659K (79%)
----------------- Invoking toplevel() on ptolemy.moml.MoMLSimpleApplication@5e667382
----------------- Done invoking toplevel() on ptolemy.moml.MoMLSimpleApplication@5e667382
reloadAllAccessors: .MathFunction2

===========================================================================================
----------------- testing Sun Jun 07 14:38:38 UTC 2020 /home/travis/build/icyphy/ptII/ptolemy/actor/lib/test/auto/MathFunction3.xml
----------------- Instantiating /home/travis/build/icyphy/ptII/ptolemy/actor/lib/test/auto/MathFunction3.xml
2 ms. Memory: 533504K Free: 412491K (77%)
----------------- Invoking toplevel() on ptolemy.moml.MoMLSimpleApplication@164c9212
----------------- Done invoking toplevel() on ptolemy.moml.MoMLSimpleApplication@164c9212
reloadAllAccessors: .MathFunction3

===========================================================================================
----------------- testing Sun Jun 07 14:38:38 UTC 2020 /home/travis/build/icyphy/ptII/ptolemy/actor/lib/test/auto/MatrixCropBoolean.xml
----------------- Instantiating /home/travis/build/icyphy/ptII/ptolemy/actor/lib/test/auto/MatrixCropBoolean.xml
2 ms. Memory: 533504K Free: 407341K (76%)
----------------- Invoking toplevel() on ptolemy.moml.MoMLSimpleApplication@792ca3c
----------------- Done invoking toplevel() on ptolemy.moml.MoMLSimpleApplication@792ca3c
reloadAllAccessors: .MatrixCropBoolean

===========================================================================================
----------------- testing Sun Jun 07 14:38:38 UTC 2020 /home/travis/build/icyphy/ptII/ptolemy/actor/lib/test/auto/MatrixCropComplex.xml
----------------- Instantiating /home/travis/build/icyphy/ptII/ptolemy/actor/lib/test/auto/MatrixCropComplex.xml
1 ms. Memory: 533504K Free: 402765K (75%)
----------------- Invoking toplevel() on ptolemy.moml.MoMLSimpleApplication@75ac5ef4
----------------- Done invoking toplevel() on ptolemy.moml.MoMLSimpleApplication@75ac5ef4
reloadAllAccessors: .MatrixCropComplex

===========================================================================================
----------------- testing Sun Jun 07 14:38:38 UTC 2020 /home/travis/build/icyphy/ptII/ptolemy/actor/lib/test/auto/MatrixCropDouble.xml
----------------- Instantiating /home/travis/build/icyphy/ptII/ptolemy/actor/lib/test/auto/MatrixCropDouble.xml
2 ms. Memory: 533504K Free: 397645K (75%)
----------------- Invoking toplevel() on ptolemy.moml.MoMLSimpleApplication@445d8874
----------------- Done invoking toplevel() on ptolemy.moml.MoMLSimpleApplication@445d8874
reloadAllAccessors: .MatrixCropDouble

===========================================================================================
----------------- testing Sun Jun 07 14:38:38 UTC 2020 /home/travis/build/icyphy/ptII/ptolemy/actor/lib/test/auto/MatrixCropFix.xml
----------------- Instantiating /home/travis/build/icyphy/ptII/ptolemy/actor/lib/test/auto/MatrixCropFix.xml
2 ms. Memory: 533504K Free: 392525K (74%)
----------------- Invoking toplevel() on ptolemy.moml.MoMLSimpleApplication@71ba8eea
----------------- Done invoking toplevel() on ptolemy.moml.MoMLSimpleApplication@71ba8eea
reloadAllAccessors: .MatrixCropFix

===========================================================================================
----------------- testing Sun Jun 07 14:38:38 UTC 2020 /home/travis/build/icyphy/ptII/ptolemy/actor/lib/test/auto/MatrixCropInt.xml
----------------- Instantiating /home/travis/build/icyphy/ptII/ptolemy/actor/lib/test/auto/MatrixCropInt.xml
1 ms. Memory: 533504K Free: 387405K (73%)
----------------- Invoking toplevel() on ptolemy.moml.MoMLSimpleApplication@1a87876f
----------------- Done invoking toplevel() on ptolemy.moml.MoMLSimpleApplication@1a87876f
reloadAllAccessors: .MatrixCropInt

===========================================================================================
----------------- testing Sun Jun 07 14:38:38 UTC 2020 /home/travis/build/icyphy/ptII/ptolemy/actor/lib/test/auto/MatrixCropLong.xml
----------------- Instantiating /home/travis/build/icyphy/ptII/ptolemy/actor/lib/test/auto/MatrixCropLong.xml
2 ms. Memory: 533504K Free: 382285K (72%)
----------------- Invoking toplevel() on ptolemy.moml.MoMLSimpleApplication@6d5e7849
----------------- Done invoking toplevel() on ptolemy.moml.MoMLSimpleApplication@6d5e7849
reloadAllAccessors: .MatrixCropLong

===========================================================================================
----------------- testing Sun Jun 07 14:38:38 UTC 2020 /home/travis/build/icyphy/ptII/ptolemy/actor/lib/test/auto/MatrixToArray.xml
----------------- Instantiating /home/travis/build/icyphy/ptII/ptolemy/actor/lib/test/auto/MatrixToArray.xml
5 ms. Memory: 533504K Free: 366925K (69%)
----------------- Invoking toplevel() on ptolemy.moml.MoMLSimpleApplication@219a6f61
----------------- Done invoking toplevel() on ptolemy.moml.MoMLSimpleApplication@219a6f61
reloadAllAccessors: .MatrixToArray

===========================================================================================
----------------- testing Sun Jun 07 14:38:38 UTC 2020 /home/travis/build/icyphy/ptII/ptolemy/actor/lib/test/auto/MaxIndex.xml
----------------- Instantiating /home/travis/build/icyphy/ptII/ptolemy/actor/lib/test/auto/MaxIndex.xml
2 ms. Memory: 533504K Free: 362315K (68%)
----------------- Invoking toplevel() on ptolemy.moml.MoMLSimpleApplication@32963afc
----------------- Done invoking toplevel() on ptolemy.moml.MoMLSimpleApplication@32963afc
reloadAllAccessors: .MaxIndex

===========================================================================================
----------------- testing Sun Jun 07 14:38:38 UTC 2020 /home/travis/build/icyphy/ptII/ptolemy/actor/lib/test/auto/Maximum.xml
----------------- Instantiating /home/travis/build/icyphy/ptII/ptolemy/actor/lib/test/auto/Maximum.xml
2 ms. Memory: 533504K Free: 355661K (67%)
----------------- Invoking toplevel() on ptolemy.moml.MoMLSimpleApplication@34380e81
----------------- Done invoking toplevel() on ptolemy.moml.MoMLSimpleApplication@34380e81
reloadAllAccessors: .Maximum

===========================================================================================
----------------- testing Sun Jun 07 14:38:38 UTC 2020 /home/travis/build/icyphy/ptII/ptolemy/actor/lib/test/auto/MaximumComplex.xml
----------------- Instantiating /home/travis/build/icyphy/ptII/ptolemy/actor/lib/test/auto/MaximumComplex.xml
3 ms. Memory: 533504K Free: 349517K (66%)
----------------- Invoking toplevel() on ptolemy.moml.MoMLSimpleApplication@22a64086
----------------- Done invoking toplevel() on ptolemy.moml.MoMLSimpleApplication@22a64086
reloadAllAccessors: .MaximumComplex

===========================================================================================
----------------- testing Sun Jun 07 14:38:38 UTC 2020 /home/travis/build/icyphy/ptII/ptolemy/actor/lib/test/auto/MethodCallTest.xml
----------------- Instantiating /home/travis/build/icyphy/ptII/ptolemy/actor/lib/test/auto/MethodCallTest.xml
2 ms. Memory: 533504K Free: 342859K (64%)
----------------- Invoking toplevel() on ptolemy.moml.MoMLSimpleApplication@5b2eb0e9
----------------- Done invoking toplevel() on ptolemy.moml.MoMLSimpleApplication@5b2eb0e9
reloadAllAccessors: .MethodCallTest

===========================================================================================
----------------- testing Sun Jun 07 14:38:38 UTC 2020 /home/travis/build/icyphy/ptII/ptolemy/actor/lib/test/auto/Minimum.xml
----------------- Instantiating /home/travis/build/icyphy/ptII/ptolemy/actor/lib/test/auto/Minimum.xml
2 ms. Memory: 533504K Free: 336205K (63%)
----------------- Invoking toplevel() on ptolemy.moml.MoMLSimpleApplication@4369e057
----------------- Done invoking toplevel() on ptolemy.moml.MoMLSimpleApplication@4369e057
reloadAllAccessors: .Minimum

===========================================================================================
----------------- testing Sun Jun 07 14:38:38 UTC 2020 /home/travis/build/icyphy/ptII/ptolemy/actor/lib/test/auto/MinimumComplex.xml
----------------- Instantiating /home/travis/build/icyphy/ptII/ptolemy/actor/lib/test/auto/MinimumComplex.xml
3 ms. Memory: 533504K Free: 330061K (62%)
----------------- Invoking toplevel() on ptolemy.moml.MoMLSimpleApplication@74c65795
----------------- Done invoking toplevel() on ptolemy.moml.MoMLSimpleApplication@74c65795
reloadAllAccessors: .MinimumComplex

===========================================================================================
----------------- testing Sun Jun 07 14:38:38 UTC 2020 /home/travis/build/icyphy/ptII/ptolemy/actor/lib/test/auto/MinimumMultiports.xml
----------------- Instantiating /home/travis/build/icyphy/ptII/ptolemy/actor/lib/test/auto/MinimumMultiports.xml
4 ms. Memory: 533504K Free: 321869K (60%)
----------------- Invoking toplevel() on ptolemy.moml.MoMLSimpleApplication@f62c6ad
----------------- Done invoking toplevel() on ptolemy.moml.MoMLSimpleApplication@f62c6ad
reloadAllAccessors: .MinimumMultiports

===========================================================================================
----------------- testing Sun Jun 07 14:38:38 UTC 2020 /home/travis/build/icyphy/ptII/ptolemy/actor/lib/test/auto/ModifyDate.xml
----------------- Instantiating /home/travis/build/icyphy/ptII/ptolemy/actor/lib/test/auto/ModifyDate.xml
7 ms. Memory: 533504K Free: 309067K (58%)
----------------- Invoking toplevel() on ptolemy.moml.MoMLSimpleApplication@6070b1b8
----------------- Done invoking toplevel() on ptolemy.moml.MoMLSimpleApplication@6070b1b8
reloadAllAccessors: .ModifyDate

===========================================================================================
----------------- testing Sun Jun 07 14:38:38 UTC 2020 /home/travis/build/icyphy/ptII/ptolemy/actor/lib/test/auto/ModifyDate2.xml
----------------- Instantiating /home/travis/build/icyphy/ptII/ptolemy/actor/lib/test/auto/ModifyDate2.xml
2 ms. Memory: 533504K Free: 300365K (56%)
----------------- Invoking toplevel() on ptolemy.moml.MoMLSimpleApplication@6ae0a4fe
----------------- Done invoking toplevel() on ptolemy.moml.MoMLSimpleApplication@6ae0a4fe
reloadAllAccessors: .ModifyDate2

===========================================================================================
----------------- testing Sun Jun 07 14:38:38 UTC 2020 /home/travis/build/icyphy/ptII/ptolemy/actor/lib/test/auto/MovingAverage.xml
----------------- Instantiating /home/travis/build/icyphy/ptII/ptolemy/actor/lib/test/auto/MovingAverage.xml
1 ms. Memory: 533504K Free: 295245K (55%)
----------------- Invoking toplevel() on ptolemy.moml.MoMLSimpleApplication@5ed0a25a
----------------- Done invoking toplevel() on ptolemy.moml.MoMLSimpleApplication@5ed0a25a
reloadAllAccessors: .MovingAverage

===========================================================================================
----------------- testing Sun Jun 07 14:38:38 UTC 2020 /home/travis/build/icyphy/ptII/ptolemy/actor/lib/test/auto/MovingMaximum.xml
----------------- Instantiating /home/travis/build/icyphy/ptII/ptolemy/actor/lib/test/auto/MovingMaximum.xml
1 ms. Memory: 533504K Free: 290635K (54%)
----------------- Invoking toplevel() on ptolemy.moml.MoMLSimpleApplication@661dc5f
----------------- Done invoking toplevel() on ptolemy.moml.MoMLSimpleApplication@661dc5f
reloadAllAccessors: .MovingMaximum

===========================================================================================
----------------- testing Sun Jun 07 14:38:38 UTC 2020 /home/travis/build/icyphy/ptII/ptolemy/actor/lib/test/auto/MultipleLinksToSameRelation.xml
----------------- Instantiating /home/travis/build/icyphy/ptII/ptolemy/actor/lib/test/auto/MultipleLinksToSameRelation.xml
5 ms. Memory: 533504K Free: 286539K (54%)
----------------- Invoking toplevel() on ptolemy.moml.MoMLSimpleApplication@6321f087
----------------- Done invoking toplevel() on ptolemy.moml.MoMLSimpleApplication@6321f087
reloadAllAccessors: .MultipleLinksToSameRelation

===========================================================================================
----------------- testing Sun Jun 07 14:38:38 UTC 2020 /home/travis/build/icyphy/ptII/ptolemy/actor/lib/test/auto/MultipleLinksToSameRelationDE.xml
----------------- Instantiating /home/travis/build/icyphy/ptII/ptolemy/actor/lib/test/auto/MultipleLinksToSameRelationDE.xml
1 ms. Memory: 533504K Free: 282429K (53%)
----------------- Invoking toplevel() on ptolemy.moml.MoMLSimpleApplication@213bf0d7
----------------- Done invoking toplevel() on ptolemy.moml.MoMLSimpleApplication@213bf0d7
reloadAllAccessors: .MultipleLinksToSameRelationDE

===========================================================================================
----------------- testing Sun Jun 07 14:38:38 UTC 2020 /home/travis/build/icyphy/ptII/ptolemy/actor/lib/test/auto/Multiplexor.xml
----------------- Instantiating /home/travis/build/icyphy/ptII/ptolemy/actor/lib/test/auto/Multiplexor.xml
1 ms. Memory: 533504K Free: 276813K (52%)
----------------- Invoking toplevel() on ptolemy.moml.MoMLSimpleApplication@1988fb8a
----------------- Done invoking toplevel() on ptolemy.moml.MoMLSimpleApplication@1988fb8a
reloadAllAccessors: .Multiplexor

===========================================================================================
----------------- testing Sun Jun 07 14:38:38 UTC 2020 /home/travis/build/icyphy/ptII/ptolemy/actor/lib/test/auto/Multiplexor1.xml
----------------- Instantiating /home/travis/build/icyphy/ptII/ptolemy/actor/lib/test/auto/Multiplexor1.xml
1 ms. Memory: 533504K Free: 271165K (51%)
----------------- Invoking toplevel() on ptolemy.moml.MoMLSimpleApplication@162f1d66
----------------- Done invoking toplevel() on ptolemy.moml.MoMLSimpleApplication@162f1d66
reloadAllAccessors: .Multiplexor1

===========================================================================================
----------------- testing Sun Jun 07 14:38:38 UTC 2020 /home/travis/build/icyphy/ptII/ptolemy/actor/lib/test/auto/Multiplexor2.xml
----------------- Instantiating /home/travis/build/icyphy/ptII/ptolemy/actor/lib/test/auto/Multiplexor2.xml
5 ms. Memory: 533504K Free: 264523K (50%)
----------------- Invoking toplevel() on ptolemy.moml.MoMLSimpleApplication@370ae4e9
----------------- Done invoking toplevel() on ptolemy.moml.MoMLSimpleApplication@370ae4e9
reloadAllAccessors: .Multiplexor2

===========================================================================================
----------------- testing Sun Jun 07 14:38:38 UTC 2020 /home/travis/build/icyphy/ptII/ptolemy/actor/lib/test/auto/Multiplexor3.xml
----------------- Instantiating /home/travis/build/icyphy/ptII/ptolemy/actor/lib/test/auto/Multiplexor3.xml
2 ms. Memory: 533504K Free: 260429K (49%)
----------------- Invoking toplevel() on ptolemy.moml.MoMLSimpleApplication@1371486e
----------------- Done invoking toplevel() on ptolemy.moml.MoMLSimpleApplication@1371486e
reloadAllAccessors: .Multiplexor3

===========================================================================================
----------------- testing Sun Jun 07 14:38:38 UTC 2020 /home/travis/build/icyphy/ptII/ptolemy/actor/lib/test/auto/MultiplexorDE.xml
----------------- Instantiating /home/travis/build/icyphy/ptII/ptolemy/actor/lib/test/auto/MultiplexorDE.xml
2 ms. Memory: 533504K Free: 252717K (47%)
----------------- Invoking toplevel() on ptolemy.moml.MoMLSimpleApplication@36199d3e
----------------- Done invoking toplevel() on ptolemy.moml.MoMLSimpleApplication@36199d3e
reloadAllAccessors: .MultiplexorDE

===========================================================================================
----------------- testing Sun Jun 07 14:38:38 UTC 2020 /home/travis/build/icyphy/ptII/ptolemy/actor/lib/test/auto/MultiportBroadcastTest.xml
----------------- Instantiating /home/travis/build/icyphy/ptII/ptolemy/actor/lib/test/auto/MultiportBroadcastTest.xml
78 ms. Memory: 533504K Free: 246597K (46%)
----------------- Invoking toplevel() on ptolemy.moml.MoMLSimpleApplication@1af35e8e
----------------- Done invoking toplevel() on ptolemy.moml.MoMLSimpleApplication@1af35e8e
reloadAllAccessors: .MultiportBroadcastTest

===========================================================================================
----------------- testing Sun Jun 07 14:38:38 UTC 2020 /home/travis/build/icyphy/ptII/ptolemy/actor/lib/test/auto/MultiportOutHangDuringGetWidth.xml
----------------- Instantiating /home/travis/build/icyphy/ptII/ptolemy/actor/lib/test/auto/MultiportOutHangDuringGetWidth.xml
4 ms. Memory: 533504K Free: 234315K (44%)
----------------- Invoking toplevel() on ptolemy.moml.MoMLSimpleApplication@2203edc8
----------------- Done invoking toplevel() on ptolemy.moml.MoMLSimpleApplication@2203edc8
reloadAllAccessors: .MultiportOutHangDuringGetWidth

===========================================================================================
----------------- testing Sun Jun 07 14:38:38 UTC 2020 /home/travis/build/icyphy/ptII/ptolemy/actor/lib/test/auto/NilToken.xml
----------------- Instantiating /home/travis/build/icyphy/ptII/ptolemy/actor/lib/test/auto/NilToken.xml
1 ms. Memory: 533504K Free: 230219K (43%)
----------------- Invoking toplevel() on ptolemy.moml.MoMLSimpleApplication@61093bac
----------------- Done invoking toplevel() on ptolemy.moml.MoMLSimpleApplication@61093bac
reloadAllAccessors: .NilToken

===========================================================================================
----------------- testing Sun Jun 07 14:38:38 UTC 2020 /home/travis/build/icyphy/ptII/ptolemy/actor/lib/test/auto/NilTokenNonStrictTest.xml
----------------- Instantiating /home/travis/build/icyphy/ptII/ptolemy/actor/lib/test/auto/NilTokenNonStrictTest.xml
3 ms. Memory: 533504K Free: 226123K (42%)
----------------- Invoking toplevel() on ptolemy.moml.MoMLSimpleApplication@1536b36e
----------------- Done invoking toplevel() on ptolemy.moml.MoMLSimpleApplication@1536b36e
reloadAllAccessors: .NilTokenNonStrictTest

===========================================================================================
----------------- testing Sun Jun 07 14:38:39 UTC 2020 /home/travis/build/icyphy/ptII/ptolemy/actor/lib/test/auto/NilTokenRecord.xml
----------------- Instantiating /home/travis/build/icyphy/ptII/ptolemy/actor/lib/test/auto/NilTokenRecord.xml
5 ms. Memory: 533504K Free: 219469K (41%)
----------------- Invoking toplevel() on ptolemy.moml.MoMLSimpleApplication@3ff15fe9
----------------- Done invoking toplevel() on ptolemy.moml.MoMLSimpleApplication@3ff15fe9
reloadAllAccessors: .NilTokenRecord

===========================================================================================
----------------- testing Sun Jun 07 14:38:39 UTC 2020 /home/travis/build/icyphy/ptII/ptolemy/actor/lib/test/auto/NilTokenTypeTest.xml
----------------- Instantiating /home/travis/build/icyphy/ptII/ptolemy/actor/lib/test/auto/NilTokenTypeTest.xml
4 ms. Memory: 533504K Free: 209739K (39%)
----------------- Invoking toplevel() on ptolemy.moml.MoMLSimpleApplication@2088acef
----------------- Done invoking toplevel() on ptolemy.moml.MoMLSimpleApplication@2088acef
reloadAllAccessors: .NilTokenTypeTest

===========================================================================================
----------------- testing Sun Jun 07 14:38:39 UTC 2020 /home/travis/build/icyphy/ptII/ptolemy/actor/lib/test/auto/ObjectToken1.xml
----------------- Instantiating /home/travis/build/icyphy/ptII/ptolemy/actor/lib/test/auto/ObjectToken1.xml
2 ms. Memory: 533504K Free: 205643K (39%)
----------------- Invoking toplevel() on ptolemy.moml.MoMLSimpleApplication@6ec8af57
----------------- Done invoking toplevel() on ptolemy.moml.MoMLSimpleApplication@6ec8af57
reloadAllAccessors: .ObjectToken1

===========================================================================================
----------------- testing Sun Jun 07 14:38:39 UTC 2020 /home/travis/build/icyphy/ptII/ptolemy/actor/lib/test/auto/OrderedMerge.xml
----------------- Instantiating /home/travis/build/icyphy/ptII/ptolemy/actor/lib/test/auto/OrderedMerge.xml
13 ms. Memory: 533504K Free: 200013K (37%)
----------------- Invoking toplevel() on ptolemy.moml.MoMLSimpleApplication@6125b438
----------------- Done invoking toplevel() on ptolemy.moml.MoMLSimpleApplication@6125b438
reloadAllAccessors: .OrderedMerge

===========================================================================================
----------------- testing Sun Jun 07 14:38:39 UTC 2020 /home/travis/build/icyphy/ptII/ptolemy/actor/lib/test/auto/OrderedRecordDisassembler.xml
----------------- Instantiating /home/travis/build/icyphy/ptII/ptolemy/actor/lib/test/auto/OrderedRecordDisassembler.xml
2 ms. Memory: 533504K Free: 194893K (37%)
----------------- Invoking toplevel() on ptolemy.moml.MoMLSimpleApplication@24f513b3
----------------- Done invoking toplevel() on ptolemy.moml.MoMLSimpleApplication@24f513b3
reloadAllAccessors: .OrderedRecordDisassembler

===========================================================================================
----------------- testing Sun Jun 07 14:38:39 UTC 2020 /home/travis/build/icyphy/ptII/ptolemy/actor/lib/test/auto/OrderedRecordDisassembler2.xml
----------------- Instantiating /home/travis/build/icyphy/ptII/ptolemy/actor/lib/test/auto/OrderedRecordDisassembler2.xml
3 ms. Memory: 533504K Free: 187181K (35%)
----------------- Invoking toplevel() on ptolemy.moml.MoMLSimpleApplication@db7e729
----------------- Done invoking toplevel() on ptolemy.moml.MoMLSimpleApplication@db7e729
reloadAllAccessors: .OrderedRecordDisassembler2

===========================================================================================
----------------- testing Sun Jun 07 14:38:39 UTC 2020 /home/travis/build/icyphy/ptII/ptolemy/actor/lib/test/auto/OrderedRecordUpdater.xml
----------------- Instantiating /home/travis/build/icyphy/ptII/ptolemy/actor/lib/test/auto/OrderedRecordUpdater.xml
2 ms. Memory: 533504K Free: 182605K (34%)
----------------- Invoking toplevel() on ptolemy.moml.MoMLSimpleApplication@3ec0747b
----------------- Done invoking toplevel() on ptolemy.moml.MoMLSimpleApplication@3ec0747b
reloadAllAccessors: .RecordUpdater

===========================================================================================
----------------- testing Sun Jun 07 14:38:39 UTC 2020 /home/travis/build/icyphy/ptII/ptolemy/actor/lib/test/auto/OrderedRecordUpdater2.xml
----------------- Instantiating /home/travis/build/icyphy/ptII/ptolemy/actor/lib/test/auto/OrderedRecordUpdater2.xml
2 ms. Memory: 533504K Free: 177995K (33%)
----------------- Invoking toplevel() on ptolemy.moml.MoMLSimpleApplication@41e493a8
----------------- Done invoking toplevel() on ptolemy.moml.MoMLSimpleApplication@41e493a8
reloadAllAccessors: .RecordUpdater2

===========================================================================================
----------------- testing Sun Jun 07 14:38:39 UTC 2020 /home/travis/build/icyphy/ptII/ptolemy/actor/lib/test/auto/PhaseUnwrap.xml
----------------- Instantiating /home/travis/build/icyphy/ptII/ptolemy/actor/lib/test/auto/PhaseUnwrap.xml
1 ms. Memory: 533504K Free: 173389K (33%)
----------------- Invoking toplevel() on ptolemy.moml.MoMLSimpleApplication@2e63127b
----------------- Done invoking toplevel() on ptolemy.moml.MoMLSimpleApplication@2e63127b
reloadAllAccessors: .PhaseUnwrap

===========================================================================================
----------------- testing Sun Jun 07 14:38:39 UTC 2020 /home/travis/build/icyphy/ptII/ptolemy/actor/lib/test/auto/PoissonClock.xml
----------------- Instantiating /home/travis/build/icyphy/ptII/ptolemy/actor/lib/test/auto/PoissonClock.xml
1 ms. Memory: 533504K Free: 480589K (90%)
----------------- Invoking toplevel() on ptolemy.moml.MoMLSimpleApplication@8f77868
----------------- Done invoking toplevel() on ptolemy.moml.MoMLSimpleApplication@8f77868
reloadAllAccessors: .PoissonClock

===========================================================================================
----------------- testing Sun Jun 07 14:38:39 UTC 2020 /home/travis/build/icyphy/ptII/ptolemy/actor/lib/test/auto/PoissonClock2.xml
----------------- Instantiating /home/travis/build/icyphy/ptII/ptolemy/actor/lib/test/auto/PoissonClock2.xml
1 ms. Memory: 533504K Free: 476493K (89%)
----------------- Invoking toplevel() on ptolemy.moml.MoMLSimpleApplication@53ea2247
----------------- Done invoking toplevel() on ptolemy.moml.MoMLSimpleApplication@53ea2247
reloadAllAccessors: .PoissonClock2

===========================================================================================
----------------- testing Sun Jun 07 14:38:39 UTC 2020 /home/travis/build/icyphy/ptII/ptolemy/actor/lib/test/auto/PoissonClock3.xml
----------------- Instantiating /home/travis/build/icyphy/ptII/ptolemy/actor/lib/test/auto/PoissonClock3.xml
1 ms. Memory: 533504K Free: 471883K (88%)
----------------- Invoking toplevel() on ptolemy.moml.MoMLSimpleApplication@3c314d48
----------------- Done invoking toplevel() on ptolemy.moml.MoMLSimpleApplication@3c314d48
reloadAllAccessors: .PoissonClock3

===========================================================================================
----------------- testing Sun Jun 07 14:38:39 UTC 2020 /home/travis/build/icyphy/ptII/ptolemy/actor/lib/test/auto/PubSubWithInitialTokens.xml
----------------- Instantiating /home/travis/build/icyphy/ptII/ptolemy/actor/lib/test/auto/PubSubWithInitialTokens.xml
2 ms. Memory: 533504K Free: 466253K (87%)
----------------- Invoking toplevel() on ptolemy.moml.MoMLSimpleApplication@6cfada7d
----------------- Done invoking toplevel() on ptolemy.moml.MoMLSimpleApplication@6cfada7d
reloadAllAccessors: .PubSubWithInitialTokens

===========================================================================================
----------------- testing Sun Jun 07 14:38:39 UTC 2020 /home/travis/build/icyphy/ptII/ptolemy/actor/lib/test/auto/PubSubWithInitialTokens2.xml
----------------- Instantiating /home/travis/build/icyphy/ptII/ptolemy/actor/lib/test/auto/PubSubWithInitialTokens2.xml
1 ms. Memory: 533504K Free: 460109K (86%)
----------------- Invoking toplevel() on ptolemy.moml.MoMLSimpleApplication@6b145f2
----------------- Done invoking toplevel() on ptolemy.moml.MoMLSimpleApplication@6b145f2
reloadAllAccessors: .PubSubWithInitialTokens2

===========================================================================================
----------------- testing Sun Jun 07 14:38:39 UTC 2020 /home/travis/build/icyphy/ptII/ptolemy/actor/lib/test/auto/PublisherClassNoParameter.xml
----------------- Instantiating /home/travis/build/icyphy/ptII/ptolemy/actor/lib/test/auto/PublisherClassNoParameter.xml
2 ms. Memory: 533504K Free: 450365K (84%)
----------------- Invoking toplevel() on ptolemy.moml.MoMLSimpleApplication@61ad32aa
----------------- Done invoking toplevel() on ptolemy.moml.MoMLSimpleApplication@61ad32aa
reloadAllAccessors: .PublisherClassNoParameter

===========================================================================================
----------------- testing Sun Jun 07 14:38:39 UTC 2020 /home/travis/build/icyphy/ptII/ptolemy/actor/lib/test/auto/PublisherClassParameter.xml
----------------- Instantiating /home/travis/build/icyphy/ptII/ptolemy/actor/lib/test/auto/PublisherClassParameter.xml
2 ms. Memory: 533504K Free: 440133K (82%)
----------------- Invoking toplevel() on ptolemy.moml.MoMLSimpleApplication@4095f348
----------------- Done invoking toplevel() on ptolemy.moml.MoMLSimpleApplication@4095f348
reloadAllAccessors: .PublisherClassParameter

===========================================================================================
----------------- testing Sun Jun 07 14:38:39 UTC 2020 /home/travis/build/icyphy/ptII/ptolemy/actor/lib/test/auto/PublisherNonStrictTest.xml
----------------- Instantiating /home/travis/build/icyphy/ptII/ptolemy/actor/lib/test/auto/PublisherNonStrictTest.xml
3 ms. Memory: 533504K Free: 432461K (81%)
----------------- Invoking toplevel() on ptolemy.moml.MoMLSimpleApplication@5568f1e1
----------------- Done invoking toplevel() on ptolemy.moml.MoMLSimpleApplication@5568f1e1
reloadAllAccessors: .PublisherNonStrictTest

===========================================================================================
----------------- testing Sun Jun 07 14:38:39 UTC 2020 /home/travis/build/icyphy/ptII/ptolemy/actor/lib/test/auto/PublisherPort1.xml
----------------- Instantiating /home/travis/build/icyphy/ptII/ptolemy/actor/lib/test/auto/PublisherPort1.xml
2 ms. Memory: 533504K Free: 426813K (80%)
----------------- Invoking toplevel() on ptolemy.moml.MoMLSimpleApplication@3d7fa6aa
----------------- Done invoking toplevel() on ptolemy.moml.MoMLSimpleApplication@3d7fa6aa
reloadAllAccessors: .PublisherPort1

===========================================================================================
----------------- testing Sun Jun 07 14:38:39 UTC 2020 /home/travis/build/icyphy/ptII/ptolemy/actor/lib/test/auto/PublisherPort2.xml
----------------- Instantiating /home/travis/build/icyphy/ptII/ptolemy/actor/lib/test/auto/PublisherPort2.xml
1 ms. Memory: 533504K Free: 421707K (79%)
----------------- Invoking toplevel() on ptolemy.moml.MoMLSimpleApplication@1d85c2c0
----------------- Done invoking toplevel() on ptolemy.moml.MoMLSimpleApplication@1d85c2c0
reloadAllAccessors: .PublisherPort2

===========================================================================================
----------------- testing Sun Jun 07 14:38:39 UTC 2020 /home/travis/build/icyphy/ptII/ptolemy/actor/lib/test/auto/PublisherPort3.xml
----------------- Instantiating /home/travis/build/icyphy/ptII/ptolemy/actor/lib/test/auto/PublisherPort3.xml
10 ms. Memory: 533504K Free: 415053K (78%)
----------------- Invoking toplevel() on ptolemy.moml.MoMLSimpleApplication@2e71c5a6
----------------- Done invoking toplevel() on ptolemy.moml.MoMLSimpleApplication@2e71c5a6
reloadAllAccessors: .PublisherPort3

===========================================================================================
----------------- testing Sun Jun 07 14:38:39 UTC 2020 /home/travis/build/icyphy/ptII/ptolemy/actor/lib/test/auto/PublisherPort4.xml
----------------- Instantiating /home/travis/build/icyphy/ptII/ptolemy/actor/lib/test/auto/PublisherPort4.xml
2 ms. Memory: 533504K Free: 409413K (77%)
----------------- Invoking toplevel() on ptolemy.moml.MoMLSimpleApplication@3b24dff9
----------------- Done invoking toplevel() on ptolemy.moml.MoMLSimpleApplication@3b24dff9
reloadAllAccessors: .PublisherPort4

===========================================================================================
----------------- testing Sun Jun 07 14:38:39 UTC 2020 /home/travis/build/icyphy/ptII/ptolemy/actor/lib/test/auto/PublisherPort5.xml
----------------- Instantiating /home/travis/build/icyphy/ptII/ptolemy/actor/lib/test/auto/PublisherPort5.xml
2 ms. Memory: 533504K Free: 401741K (75%)
----------------- Invoking toplevel() on ptolemy.moml.MoMLSimpleApplication@3bf07f5c
----------------- Done invoking toplevel() on ptolemy.moml.MoMLSimpleApplication@3bf07f5c
reloadAllAccessors: .PublisherPort5

===========================================================================================
----------------- testing Sun Jun 07 14:38:39 UTC 2020 /home/travis/build/icyphy/ptII/ptolemy/actor/lib/test/auto/PublisherPort5LookAlike.xml
----------------- Instantiating /home/travis/build/icyphy/ptII/ptolemy/actor/lib/test/auto/PublisherPort5LookAlike.xml
6 ms. Memory: 533504K Free: 394053K (74%)
----------------- Invoking toplevel() on ptolemy.moml.MoMLSimpleApplication@6e3124e2
----------------- Done invoking toplevel() on ptolemy.moml.MoMLSimpleApplication@6e3124e2
reloadAllAccessors: .PublisherPort5LookAlike

===========================================================================================
----------------- testing Sun Jun 07 14:38:39 UTC 2020 /home/travis/build/icyphy/ptII/ptolemy/actor/lib/test/auto/PublisherPort6.xml
----------------- Instantiating /home/travis/build/icyphy/ptII/ptolemy/actor/lib/test/auto/PublisherPort6.xml
2 ms. Memory: 533504K Free: 387405K (73%)
----------------- Invoking toplevel() on ptolemy.moml.MoMLSimpleApplication@6ad42158
----------------- Done invoking toplevel() on ptolemy.moml.MoMLSimpleApplication@6ad42158
reloadAllAccessors: .PublisherPort6

===========================================================================================
----------------- testing Sun Jun 07 14:38:39 UTC 2020 /home/travis/build/icyphy/ptII/ptolemy/actor/lib/test/auto/PublisherPort7.xml
----------------- Instantiating /home/travis/build/icyphy/ptII/ptolemy/actor/lib/test/auto/PublisherPort7.xml
3 ms. Memory: 533504K Free: 379723K (71%)
----------------- Invoking toplevel() on ptolemy.moml.MoMLSimpleApplication@1b84690c
----------------- Done invoking toplevel() on ptolemy.moml.MoMLSimpleApplication@1b84690c
reloadAllAccessors: .PublisherPort7

===========================================================================================
----------------- testing Sun Jun 07 14:38:39 UTC 2020 /home/travis/build/icyphy/ptII/ptolemy/actor/lib/test/auto/PublisherPort8.xml
----------------- Instantiating /home/travis/build/icyphy/ptII/ptolemy/actor/lib/test/auto/PublisherPort8.xml
4 ms. Memory: 533504K Free: 371021K (70%)
----------------- Invoking toplevel() on ptolemy.moml.MoMLSimpleApplication@171a2e7e
----------------- Done invoking toplevel() on ptolemy.moml.MoMLSimpleApplication@171a2e7e
reloadAllAccessors: .PublisherPort8

===========================================================================================
----------------- testing Sun Jun 07 14:38:39 UTC 2020 /home/travis/build/icyphy/ptII/ptolemy/actor/lib/test/auto/PublisherPortSubscriberChannelVariablesAOC2.xml
----------------- Instantiating /home/travis/build/icyphy/ptII/ptolemy/actor/lib/test/auto/PublisherPortSubscriberChannelVariablesAOC2.xml
2 ms. Memory: 533504K Free: 354637K (66%)
----------------- Invoking toplevel() on ptolemy.moml.MoMLSimpleApplication@6d388dfe
----------------- Done invoking toplevel() on ptolemy.moml.MoMLSimpleApplication@6d388dfe
reloadAllAccessors: .PublisherPortSubscriberChannelVariablesAOC2

===========================================================================================
----------------- testing Sun Jun 07 14:38:39 UTC 2020 /home/travis/build/icyphy/ptII/ptolemy/actor/lib/test/auto/PublisherPortSubscriberOpaqueWidthInference.xml
----------------- Instantiating /home/travis/build/icyphy/ptII/ptolemy/actor/lib/test/auto/PublisherPortSubscriberOpaqueWidthInference.xml
3 ms. Memory: 533504K Free: 346949K (65%)
----------------- Invoking toplevel() on ptolemy.moml.MoMLSimpleApplication@28dee633
----------------- Done invoking toplevel() on ptolemy.moml.MoMLSimpleApplication@28dee633
reloadAllAccessors: .PublisherPortSubscriberOpaqueWidthInference

===========================================================================================
----------------- testing Sun Jun 07 14:38:39 UTC 2020 /home/travis/build/icyphy/ptII/ptolemy/actor/lib/test/auto/PublisherPortSubscriberPortAdjacent.xml
----------------- Instantiating /home/travis/build/icyphy/ptII/ptolemy/actor/lib/test/auto/PublisherPortSubscriberPortAdjacent.xml
2 ms. Memory: 533504K Free: 338253K (63%)
----------------- Invoking toplevel() on ptolemy.moml.MoMLSimpleApplication@e52b45f
----------------- Done invoking toplevel() on ptolemy.moml.MoMLSimpleApplication@e52b45f
reloadAllAccessors: .PublisherPortSubscriberPortAdjacent

===========================================================================================
----------------- testing Sun Jun 07 14:38:39 UTC 2020 /home/travis/build/icyphy/ptII/ptolemy/actor/lib/test/auto/PublisherPortSubscriberPortExpression.xml
----------------- Instantiating /home/travis/build/icyphy/ptII/ptolemy/actor/lib/test/auto/PublisherPortSubscriberPortExpression.xml
4 ms. Memory: 533504K Free: 330061K (62%)
----------------- Invoking toplevel() on ptolemy.moml.MoMLSimpleApplication@3ce6a0f1
----------------- Done invoking toplevel() on ptolemy.moml.MoMLSimpleApplication@3ce6a0f1
reloadAllAccessors: .PublisherPortSubscriberPortExpression

===========================================================================================
----------------- testing Sun Jun 07 14:38:39 UTC 2020 /home/travis/build/icyphy/ptII/ptolemy/actor/lib/test/auto/PublisherPortSubscriberPortOpaqueD3Reverse.xml
----------------- Instantiating /home/travis/build/icyphy/ptII/ptolemy/actor/lib/test/auto/PublisherPortSubscriberPortOpaqueD3Reverse.xml
5 ms. Memory: 533504K Free: 320331K (60%)
----------------- Invoking toplevel() on ptolemy.moml.MoMLSimpleApplication@42f0286c
----------------- Done invoking toplevel() on ptolemy.moml.MoMLSimpleApplication@42f0286c
reloadAllAccessors: .PublisherPortSubscriberPortOpaqueD3Reverse

===========================================================================================
----------------- testing Sun Jun 07 14:38:39 UTC 2020 /home/travis/build/icyphy/ptII/ptolemy/actor/lib/test/auto/PublisherPortSubscriberPortOpaqueWidthInference.xml
----------------- Instantiating /home/travis/build/icyphy/ptII/ptolemy/actor/lib/test/auto/PublisherPortSubscriberPortOpaqueWidthInference.xml
2 ms. Memory: 533504K Free: 312653K (59%)
----------------- Invoking toplevel() on ptolemy.moml.MoMLSimpleApplication@494c92f4
----------------- Done invoking toplevel() on ptolemy.moml.MoMLSimpleApplication@494c92f4
reloadAllAccessors: .PublisherPortSubscriberPortOpaqueWidthInference

===========================================================================================
----------------- testing Sun Jun 07 14:38:39 UTC 2020 /home/travis/build/icyphy/ptII/ptolemy/actor/lib/test/auto/PublisherPortToplevelSubscriberPortAOC.xml
----------------- Instantiating /home/travis/build/icyphy/ptII/ptolemy/actor/lib/test/auto/PublisherPortToplevelSubscriberPortAOC.xml
.PublisherPortToplevelSubscriberPortAOC.TestExceptionAttribute: initialize() was not invoked, but wrapup() was.  This is unusual, but not always a problem.  For example, exporting JNLP will do this.
1 ms. Memory: 533504K Free: 307019K (58%)
----------------- Invoking toplevel() on ptolemy.moml.MoMLSimpleApplication@5e171dfa
----------------- Done invoking toplevel() on ptolemy.moml.MoMLSimpleApplication@5e171dfa
reloadAllAccessors: .PublisherPortToplevelSubscriberPortAOC

===========================================================================================
----------------- testing Sun Jun 07 14:38:39 UTC 2020 /home/travis/build/icyphy/ptII/ptolemy/actor/lib/test/auto/PublisherSubscriber.xml
----------------- Instantiating /home/travis/build/icyphy/ptII/ptolemy/actor/lib/test/auto/PublisherSubscriber.xml
2 ms. Memory: 533504K Free: 299821K (56%)
----------------- Invoking toplevel() on ptolemy.moml.MoMLSimpleApplication@5226bd9
----------------- Done invoking toplevel() on ptolemy.moml.MoMLSimpleApplication@5226bd9
reloadAllAccessors: .PublisherSubscriber

===========================================================================================
----------------- testing Sun Jun 07 14:38:39 UTC 2020 /home/travis/build/icyphy/ptII/ptolemy/actor/lib/test/auto/PublisherSubscriber10.xml
----------------- Instantiating /home/travis/build/icyphy/ptII/ptolemy/actor/lib/test/auto/PublisherSubscriber10.xml
5 ms. Memory: 533504K Free: 290125K (54%)
----------------- Invoking toplevel() on ptolemy.moml.MoMLSimpleApplication@5a8ba6d3
----------------- Done invoking toplevel() on ptolemy.moml.MoMLSimpleApplication@5a8ba6d3
reloadAllAccessors: .PublisherSubscriber10

===========================================================================================
----------------- testing Sun Jun 07 14:38:39 UTC 2020 /home/travis/build/icyphy/ptII/ptolemy/actor/lib/test/auto/PublisherSubscriber10InitialOutputs.xml
----------------- Instantiating /home/travis/build/icyphy/ptII/ptolemy/actor/lib/test/auto/PublisherSubscriber10InitialOutputs.xml
15 ms. Memory: 533504K Free: 280909K (53%)
----------------- Invoking toplevel() on ptolemy.moml.MoMLSimpleApplication@2596082a
----------------- Done invoking toplevel() on ptolemy.moml.MoMLSimpleApplication@2596082a
reloadAllAccessors: .PublisherSubscriber10InitialOutputs

===========================================================================================
----------------- testing Sun Jun 07 14:38:39 UTC 2020 /home/travis/build/icyphy/ptII/ptolemy/actor/lib/test/auto/PublisherSubscriber11.xml
----------------- Instantiating /home/travis/build/icyphy/ptII/ptolemy/actor/lib/test/auto/PublisherSubscriber11.xml
3 ms. Memory: 533504K Free: 274765K (52%)
----------------- Invoking toplevel() on ptolemy.moml.MoMLSimpleApplication@3dd6b556
----------------- Done invoking toplevel() on ptolemy.moml.MoMLSimpleApplication@3dd6b556
reloadAllAccessors: .PublisherSubscriber11

===========================================================================================
----------------- testing Sun Jun 07 14:38:39 UTC 2020 /home/travis/build/icyphy/ptII/ptolemy/actor/lib/test/auto/PublisherSubscriber12.xml
----------------- Instantiating /home/travis/build/icyphy/ptII/ptolemy/actor/lib/test/auto/PublisherSubscriber12.xml
4 ms. Memory: 533504K Free: 268107K (50%)
----------------- Invoking toplevel() on ptolemy.moml.MoMLSimpleApplication@7c5d977b
----------------- Done invoking toplevel() on ptolemy.moml.MoMLSimpleApplication@7c5d977b
reloadAllAccessors: .PublisherSubscriber12

===========================================================================================
----------------- testing Sun Jun 07 14:38:39 UTC 2020 /home/travis/build/icyphy/ptII/ptolemy/actor/lib/test/auto/PublisherSubscriber13.xml
----------------- Instantiating /home/travis/build/icyphy/ptII/ptolemy/actor/lib/test/auto/PublisherSubscriber13.xml
2 ms. Memory: 533504K Free: 262477K (49%)
----------------- Invoking toplevel() on ptolemy.moml.MoMLSimpleApplication@3d2d1bd7
----------------- Done invoking toplevel() on ptolemy.moml.MoMLSimpleApplication@3d2d1bd7
reloadAllAccessors: .PublisherSubscriber13

===========================================================================================
----------------- testing Sun Jun 07 14:38:39 UTC 2020 /home/travis/build/icyphy/ptII/ptolemy/actor/lib/test/auto/PublisherSubscriber14.xml
----------------- Instantiating /home/travis/build/icyphy/ptII/ptolemy/actor/lib/test/auto/PublisherSubscriber14.xml
2 ms. Memory: 533504K Free: 253757K (48%)
----------------- Invoking toplevel() on ptolemy.moml.MoMLSimpleApplication@507d35a0
----------------- Done invoking toplevel() on ptolemy.moml.MoMLSimpleApplication@507d35a0
reloadAllAccessors: .PublisherSubscriber14

===========================================================================================
----------------- testing Sun Jun 07 14:38:39 UTC 2020 /home/travis/build/icyphy/ptII/ptolemy/actor/lib/test/auto/PublisherSubscriber2.xml
----------------- Instantiating /home/travis/build/icyphy/ptII/ptolemy/actor/lib/test/auto/PublisherSubscriber2.xml
2 ms. Memory: 533504K Free: 248141K (47%)
----------------- Invoking toplevel() on ptolemy.moml.MoMLSimpleApplication@a85e58d
----------------- Done invoking toplevel() on ptolemy.moml.MoMLSimpleApplication@a85e58d
reloadAllAccessors: .PublisherSubscriber2

===========================================================================================
----------------- testing Sun Jun 07 14:38:39 UTC 2020 /home/travis/build/icyphy/ptII/ptolemy/actor/lib/test/auto/PublisherSubscriber3.xml
----------------- Instantiating /home/travis/build/icyphy/ptII/ptolemy/actor/lib/test/auto/PublisherSubscriber3.xml
2 ms. Memory: 533504K Free: 242477K (45%)
----------------- Invoking toplevel() on ptolemy.moml.MoMLSimpleApplication@19121a56
----------------- Done invoking toplevel() on ptolemy.moml.MoMLSimpleApplication@19121a56
reloadAllAccessors: .PublisherSubscriber3

===========================================================================================
----------------- testing Sun Jun 07 14:38:39 UTC 2020 /home/travis/build/icyphy/ptII/ptolemy/actor/lib/test/auto/PublisherSubscriber4.xml
----------------- Instantiating /home/travis/build/icyphy/ptII/ptolemy/actor/lib/test/auto/PublisherSubscriber4.xml
1 ms. Memory: 533504K Free: 236333K (44%)
----------------- Invoking toplevel() on ptolemy.moml.MoMLSimpleApplication@70624921
----------------- Done invoking toplevel() on ptolemy.moml.MoMLSimpleApplication@70624921
reloadAllAccessors: .PublisherSubscriber4

===========================================================================================
----------------- testing Sun Jun 07 14:38:39 UTC 2020 /home/travis/build/icyphy/ptII/ptolemy/actor/lib/test/auto/PublisherSubscriber5.xml
----------------- Instantiating /home/travis/build/icyphy/ptII/ptolemy/actor/lib/test/auto/PublisherSubscriber5.xml
2 ms. Memory: 533504K Free: 229709K (43%)
----------------- Invoking toplevel() on ptolemy.moml.MoMLSimpleApplication@3d1bfa4
----------------- Done invoking toplevel() on ptolemy.moml.MoMLSimpleApplication@3d1bfa4
reloadAllAccessors: .PublisherSubscriber5

===========================================================================================
----------------- testing Sun Jun 07 14:38:39 UTC 2020 /home/travis/build/icyphy/ptII/ptolemy/actor/lib/test/auto/PublisherSubscriber6.xml
----------------- Instantiating /home/travis/build/icyphy/ptII/ptolemy/actor/lib/test/auto/PublisherSubscriber6.xml
4 ms. Memory: 533504K Free: 223051K (42%)
----------------- Invoking toplevel() on ptolemy.moml.MoMLSimpleApplication@27b68132
----------------- Done invoking toplevel() on ptolemy.moml.MoMLSimpleApplication@27b68132
reloadAllAccessors: .PublisherSubscriber6

===========================================================================================
----------------- testing Sun Jun 07 14:38:39 UTC 2020 /home/travis/build/icyphy/ptII/ptolemy/actor/lib/test/auto/PublisherSubscriber7.xml
----------------- Instantiating /home/travis/build/icyphy/ptII/ptolemy/actor/lib/test/auto/PublisherSubscriber7.xml
6 ms. Memory: 533504K Free: 216397K (41%)
----------------- Invoking toplevel() on ptolemy.moml.MoMLSimpleApplication@f930583
----------------- Done invoking toplevel() on ptolemy.moml.MoMLSimpleApplication@f930583
reloadAllAccessors: .PublisherSubscriber7

===========================================================================================
----------------- testing Sun Jun 07 14:38:39 UTC 2020 /home/travis/build/icyphy/ptII/ptolemy/actor/lib/test/auto/PublisherSubscriber8.xml
----------------- Instantiating /home/travis/build/icyphy/ptII/ptolemy/actor/lib/test/auto/PublisherSubscriber8.xml
19 ms. Memory: 533504K Free: 204619K (38%)
----------------- Invoking toplevel() on ptolemy.moml.MoMLSimpleApplication@473150fc
----------------- Done invoking toplevel() on ptolemy.moml.MoMLSimpleApplication@473150fc
reloadAllAccessors: .PublisherSubscriber8

===========================================================================================
----------------- testing Sun Jun 07 14:38:39 UTC 2020 /home/travis/build/icyphy/ptII/ptolemy/actor/lib/test/auto/PublisherSubscriber9.xml
----------------- Instantiating /home/travis/build/icyphy/ptII/ptolemy/actor/lib/test/auto/PublisherSubscriber9.xml
3 ms. Memory: 533504K Free: 197451K (37%)
----------------- Invoking toplevel() on ptolemy.moml.MoMLSimpleApplication@5284e106
----------------- Done invoking toplevel() on ptolemy.moml.MoMLSimpleApplication@5284e106
reloadAllAccessors: .PublisherSubscriber9

===========================================================================================
----------------- testing Sun Jun 07 14:38:39 UTC 2020 /home/travis/build/icyphy/ptII/ptolemy/actor/lib/test/auto/PublisherSubscriberAdjacent.xml
----------------- Instantiating /home/travis/build/icyphy/ptII/ptolemy/actor/lib/test/auto/PublisherSubscriberAdjacent.xml
1 ms. Memory: 533504K Free: 189259K (35%)
----------------- Invoking toplevel() on ptolemy.moml.MoMLSimpleApplication@777836f8
----------------- Done invoking toplevel() on ptolemy.moml.MoMLSimpleApplication@777836f8
reloadAllAccessors: .PublisherSubscriberAdjacent

===========================================================================================
----------------- testing Sun Jun 07 14:38:39 UTC 2020 /home/travis/build/icyphy/ptII/ptolemy/actor/lib/test/auto/PublisherSubscriberChannelVariablesAOC2.xml
----------------- Instantiating /home/travis/build/icyphy/ptII/ptolemy/actor/lib/test/auto/PublisherSubscriberChannelVariablesAOC2.xml
2 ms. Memory: 533504K Free: 173899K (33%)
----------------- Invoking toplevel() on ptolemy.moml.MoMLSimpleApplication@306b73e0
----------------- Done invoking toplevel() on ptolemy.moml.MoMLSimpleApplication@306b73e0
reloadAllAccessors: .PublisherSubscriberChannelVariablesAOC2

===========================================================================================
----------------- testing Sun Jun 07 14:38:39 UTC 2020 /home/travis/build/icyphy/ptII/ptolemy/actor/lib/test/auto/PublisherSubscriberD3.xml
----------------- Instantiating /home/travis/build/icyphy/ptII/ptolemy/actor/lib/test/auto/PublisherSubscriberD3.xml
1 ms. Memory: 533504K Free: 478539K (90%)
----------------- Invoking toplevel() on ptolemy.moml.MoMLSimpleApplication@1d0c1282
----------------- Done invoking toplevel() on ptolemy.moml.MoMLSimpleApplication@1d0c1282
reloadAllAccessors: .PublisherSubscriberD3

===========================================================================================
----------------- testing Sun Jun 07 14:38:40 UTC 2020 /home/travis/build/icyphy/ptII/ptolemy/actor/lib/test/auto/PublisherSubscriberD3Reverse.xml
----------------- Instantiating /home/travis/build/icyphy/ptII/ptolemy/actor/lib/test/auto/PublisherSubscriberD3Reverse.xml
2 ms. Memory: 533504K Free: 471885K (88%)
----------------- Invoking toplevel() on ptolemy.moml.MoMLSimpleApplication@78fc5ccc
----------------- Done invoking toplevel() on ptolemy.moml.MoMLSimpleApplication@78fc5ccc
reloadAllAccessors: .PublisherSubscriberD3Reverse

===========================================================================================
----------------- testing Sun Jun 07 14:38:40 UTC 2020 /home/travis/build/icyphy/ptII/ptolemy/actor/lib/test/auto/PublisherSubscriberExpression.xml
----------------- Instantiating /home/travis/build/icyphy/ptII/ptolemy/actor/lib/test/auto/PublisherSubscriberExpression.xml
3 ms. Memory: 533504K Free: 463165K (87%)
----------------- Invoking toplevel() on ptolemy.moml.MoMLSimpleApplication@574d0d14
----------------- Done invoking toplevel() on ptolemy.moml.MoMLSimpleApplication@574d0d14
reloadAllAccessors: .PublisherSubscriberExpression

===========================================================================================
----------------- testing Sun Jun 07 14:38:40 UTC 2020 /home/travis/build/icyphy/ptII/ptolemy/actor/lib/test/auto/PublisherSubscriberOpaque.xml
----------------- Instantiating /home/travis/build/icyphy/ptII/ptolemy/actor/lib/test/auto/PublisherSubscriberOpaque.xml
2 ms. Memory: 533504K Free: 454987K (85%)
----------------- Invoking toplevel() on ptolemy.moml.MoMLSimpleApplication@da41fef
----------------- Done invoking toplevel() on ptolemy.moml.MoMLSimpleApplication@da41fef
reloadAllAccessors: .PublisherSubscriberOpaque

===========================================================================================
----------------- testing Sun Jun 07 14:38:40 UTC 2020 /home/travis/build/icyphy/ptII/ptolemy/actor/lib/test/auto/PublisherSubscriberOpaqueD3.xml
----------------- Instantiating /home/travis/build/icyphy/ptII/ptolemy/actor/lib/test/auto/PublisherSubscriberOpaqueD3.xml
5 ms. Memory: 533504K Free: 443723K (83%)
----------------- Invoking toplevel() on ptolemy.moml.MoMLSimpleApplication@7042f11f
----------------- Done invoking toplevel() on ptolemy.moml.MoMLSimpleApplication@7042f11f
reloadAllAccessors: .PublisherSubscriberOpaqueD3

===========================================================================================
----------------- testing Sun Jun 07 14:38:40 UTC 2020 /home/travis/build/icyphy/ptII/ptolemy/actor/lib/test/auto/PublisherSubscriberOpaqueD3Reverse.xml
----------------- Instantiating /home/travis/build/icyphy/ptII/ptolemy/actor/lib/test/auto/PublisherSubscriberOpaqueD3Reverse.xml
7 ms. Memory: 533504K Free: 432973K (81%)
----------------- Invoking toplevel() on ptolemy.moml.MoMLSimpleApplication@2d89ca93
----------------- Done invoking toplevel() on ptolemy.moml.MoMLSimpleApplication@2d89ca93
reloadAllAccessors: .PublisherSubscriberOpaqueD3Reverse

===========================================================================================
----------------- testing Sun Jun 07 14:38:40 UTC 2020 /home/travis/build/icyphy/ptII/ptolemy/actor/lib/test/auto/PublisherSubscriberOpaqueWidthInference.xml
----------------- Instantiating /home/travis/build/icyphy/ptII/ptolemy/actor/lib/test/auto/PublisherSubscriberOpaqueWidthInference.xml
3 ms. Memory: 533504K Free: 424781K (80%)
----------------- Invoking toplevel() on ptolemy.moml.MoMLSimpleApplication@2d7cfa30
----------------- Done invoking toplevel() on ptolemy.moml.MoMLSimpleApplication@2d7cfa30
reloadAllAccessors: .PublisherSubscriberOpaqueWidthInference

===========================================================================================
----------------- testing Sun Jun 07 14:38:40 UTC 2020 /home/travis/build/icyphy/ptII/ptolemy/actor/lib/test/auto/PublisherTestSubscriber.xml
----------------- Instantiating /home/travis/build/icyphy/ptII/ptolemy/actor/lib/test/auto/PublisherTestSubscriber.xml
3 ms. Memory: 533504K Free: 417093K (78%)
----------------- Invoking toplevel() on ptolemy.moml.MoMLSimpleApplication@e184fbd
----------------- Done invoking toplevel() on ptolemy.moml.MoMLSimpleApplication@e184fbd
reloadAllAccessors: .PublisherTestSubscriber

===========================================================================================
----------------- testing Sun Jun 07 14:38:40 UTC 2020 /home/travis/build/icyphy/ptII/ptolemy/actor/lib/test/auto/PublisherToplevelSubscriberPortAOC.xml
----------------- Instantiating /home/travis/build/icyphy/ptII/ptolemy/actor/lib/test/auto/PublisherToplevelSubscriberPortAOC.xml
1 ms. Memory: 533504K Free: 410445K (77%)
----------------- Invoking toplevel() on ptolemy.moml.MoMLSimpleApplication@3a630e5e
----------------- Done invoking toplevel() on ptolemy.moml.MoMLSimpleApplication@3a630e5e
reloadAllAccessors: .PublisherToplevelSubscriberPortAOC

===========================================================================================
----------------- testing Sun Jun 07 14:38:40 UTC 2020 /home/travis/build/icyphy/ptII/ptolemy/actor/lib/test/auto/PulseFiringLimitDE.xml
----------------- Instantiating /home/travis/build/icyphy/ptII/ptolemy/actor/lib/test/auto/PulseFiringLimitDE.xml
2 ms. Memory: 533504K Free: 404301K (76%)
----------------- Invoking toplevel() on ptolemy.moml.MoMLSimpleApplication@66193bb4
----------------- Done invoking toplevel() on ptolemy.moml.MoMLSimpleApplication@66193bb4
reloadAllAccessors: .PulseFiringLimitDE

===========================================================================================
----------------- testing Sun Jun 07 14:38:40 UTC 2020 /home/travis/build/icyphy/ptII/ptolemy/actor/lib/test/auto/Ramp1.xml
----------------- Instantiating /home/travis/build/icyphy/ptII/ptolemy/actor/lib/test/auto/Ramp1.xml
1 ms. Memory: 533504K Free: 400205K (75%)
----------------- Invoking toplevel() on ptolemy.moml.MoMLSimpleApplication@15720732
----------------- Done invoking toplevel() on ptolemy.moml.MoMLSimpleApplication@15720732
reloadAllAccessors: .Ramp1

===========================================================================================
----------------- testing Sun Jun 07 14:38:40 UTC 2020 /home/travis/build/icyphy/ptII/ptolemy/actor/lib/test/auto/RampFiringLimitDE.xml
----------------- Instantiating /home/travis/build/icyphy/ptII/ptolemy/actor/lib/test/auto/RampFiringLimitDE.xml
3 ms. Memory: 533504K Free: 394061K (74%)
----------------- Invoking toplevel() on ptolemy.moml.MoMLSimpleApplication@7a3f62c7
----------------- Done invoking toplevel() on ptolemy.moml.MoMLSimpleApplication@7a3f62c7
reloadAllAccessors: .RampFiringLimitDE

===========================================================================================
----------------- testing Sun Jun 07 14:38:40 UTC 2020 /home/travis/build/icyphy/ptII/ptolemy/actor/lib/test/auto/RampFiringLimitSDF.xml
----------------- Instantiating /home/travis/build/icyphy/ptII/ptolemy/actor/lib/test/auto/RampFiringLimitSDF.xml
1 ms. Memory: 533504K Free: 388941K (73%)
----------------- Invoking toplevel() on ptolemy.moml.MoMLSimpleApplication@221d86e
----------------- Done invoking toplevel() on ptolemy.moml.MoMLSimpleApplication@221d86e
reloadAllAccessors: .RampFiringLimitSDF

===========================================================================================
----------------- testing Sun Jun 07 14:38:40 UTC 2020 /home/travis/build/icyphy/ptII/ptolemy/actor/lib/test/auto/RandomInteger.xml
----------------- Instantiating /home/travis/build/icyphy/ptII/ptolemy/actor/lib/test/auto/RandomInteger.xml
1 ms. Memory: 533504K Free: 384845K (72%)
----------------- Invoking toplevel() on ptolemy.moml.MoMLSimpleApplication@32bf1873
----------------- Done invoking toplevel() on ptolemy.moml.MoMLSimpleApplication@32bf1873
reloadAllAccessors: .RandomInteger

===========================================================================================
----------------- testing Sun Jun 07 14:38:40 UTC 2020 /home/travis/build/icyphy/ptII/ptolemy/actor/lib/test/auto/ReadFile1.xml
----------------- Instantiating /home/travis/build/icyphy/ptII/ptolemy/actor/lib/test/auto/ReadFile1.xml
2 ms. Memory: 533504K Free: 380229K (71%)
----------------- Invoking toplevel() on ptolemy.moml.MoMLSimpleApplication@7a433d70
----------------- Done invoking toplevel() on ptolemy.moml.MoMLSimpleApplication@7a433d70
reloadAllAccessors: .ReadFile1

===========================================================================================
----------------- testing Sun Jun 07 14:38:40 UTC 2020 /home/travis/build/icyphy/ptII/ptolemy/actor/lib/test/auto/ReadFile2.xml
----------------- Instantiating /home/travis/build/icyphy/ptII/ptolemy/actor/lib/test/auto/ReadFile2.xml
1 ms. Memory: 533504K Free: 376139K (71%)
----------------- Invoking toplevel() on ptolemy.moml.MoMLSimpleApplication@188f2d55
----------------- Done invoking toplevel() on ptolemy.moml.MoMLSimpleApplication@188f2d55
reloadAllAccessors: .ReadFile2

===========================================================================================
----------------- testing Sun Jun 07 14:38:40 UTC 2020 /home/travis/build/icyphy/ptII/ptolemy/actor/lib/test/auto/Reader.xml
----------------- Instantiating /home/travis/build/icyphy/ptII/ptolemy/actor/lib/test/auto/Reader.xml
actor.lib.Reader is obsolete, use actor.lib.io.ExpressionReader instead
4 ms. Memory: 533504K Free: 372043K (70%)
----------------- Invoking toplevel() on ptolemy.moml.MoMLSimpleApplication@288bac2
----------------- Done invoking toplevel() on ptolemy.moml.MoMLSimpleApplication@288bac2
reloadAllAccessors: .Reader

===========================================================================================
----------------- testing Sun Jun 07 14:38:40 UTC 2020 /home/travis/build/icyphy/ptII/ptolemy/actor/lib/test/auto/RecordAssemblerDisplayNameTest.xml
----------------- Instantiating /home/travis/build/icyphy/ptII/ptolemy/actor/lib/test/auto/RecordAssemblerDisplayNameTest.xml
3138 ms. Memory: 533504K Free: 406861K (76%)
----------------- Invoking toplevel() on ptolemy.moml.MoMLSimpleApplication@325a750b
----------------- Done invoking toplevel() on ptolemy.moml.MoMLSimpleApplication@325a750b
reloadAllAccessors: .RecordAssemblerDisplayNameTest

===========================================================================================
----------------- testing Sun Jun 07 14:38:43 UTC 2020 /home/travis/build/icyphy/ptII/ptolemy/actor/lib/test/auto/RecordAssemblerTypeError.xml
----------------- Instantiating /home/travis/build/icyphy/ptII/ptolemy/actor/lib/test/auto/RecordAssemblerTypeError.xml
17 ms. Memory: 533504K Free: 397131K (74%)
----------------- Invoking toplevel() on ptolemy.moml.MoMLSimpleApplication@62111056
----------------- Done invoking toplevel() on ptolemy.moml.MoMLSimpleApplication@62111056
reloadAllAccessors: .RecordAssemblerTypeError

===========================================================================================
----------------- testing Sun Jun 07 14:38:43 UTC 2020 /home/travis/build/icyphy/ptII/ptolemy/actor/lib/test/auto/RecordDisassember.xml
----------------- Instantiating /home/travis/build/icyphy/ptII/ptolemy/actor/lib/test/auto/RecordDisassember.xml
3 ms. Memory: 533504K Free: 392525K (74%)
----------------- Invoking toplevel() on ptolemy.moml.MoMLSimpleApplication@7b64777c
----------------- Done invoking toplevel() on ptolemy.moml.MoMLSimpleApplication@7b64777c
reloadAllAccessors: .RecordDisassember

===========================================================================================
----------------- testing Sun Jun 07 14:38:43 UTC 2020 /home/travis/build/icyphy/ptII/ptolemy/actor/lib/test/auto/RecordDisassemberDisplayNameTest.xml
----------------- Instantiating /home/travis/build/icyphy/ptII/ptolemy/actor/lib/test/auto/RecordDisassemberDisplayNameTest.xml
5 ms. Memory: 533504K Free: 383309K (72%)
----------------- Invoking toplevel() on ptolemy.moml.MoMLSimpleApplication@cbc702
----------------- Done invoking toplevel() on ptolemy.moml.MoMLSimpleApplication@cbc702
reloadAllAccessors: .RecordDisassemberDisplayNameTest

===========================================================================================
----------------- testing Sun Jun 07 14:38:43 UTC 2020 /home/travis/build/icyphy/ptII/ptolemy/actor/lib/test/auto/RecordDisassembler.xml
----------------- Instantiating /home/travis/build/icyphy/ptII/ptolemy/actor/lib/test/auto/RecordDisassembler.xml
3 ms. Memory: 533504K Free: 378189K (71%)
----------------- Invoking toplevel() on ptolemy.moml.MoMLSimpleApplication@48927550
----------------- Done invoking toplevel() on ptolemy.moml.MoMLSimpleApplication@48927550
reloadAllAccessors: .RecordDisassembler

===========================================================================================
----------------- testing Sun Jun 07 14:38:43 UTC 2020 /home/travis/build/icyphy/ptII/ptolemy/actor/lib/test/auto/RecordDisassembler2.xml
----------------- Instantiating /home/travis/build/icyphy/ptII/ptolemy/actor/lib/test/auto/RecordDisassembler2.xml
2 ms. Memory: 533504K Free: 373069K (70%)
----------------- Invoking toplevel() on ptolemy.moml.MoMLSimpleApplication@6a611a19
----------------- Done invoking toplevel() on ptolemy.moml.MoMLSimpleApplication@6a611a19
reloadAllAccessors: .RecordDisassembler2

===========================================================================================
----------------- testing Sun Jun 07 14:38:43 UTC 2020 /home/travis/build/icyphy/ptII/ptolemy/actor/lib/test/auto/RecordUpdater.xml
----------------- Instantiating /home/travis/build/icyphy/ptII/ptolemy/actor/lib/test/auto/RecordUpdater.xml
2 ms. Memory: 533504K Free: 367435K (69%)
----------------- Invoking toplevel() on ptolemy.moml.MoMLSimpleApplication@484db443
----------------- Done invoking toplevel() on ptolemy.moml.MoMLSimpleApplication@484db443
reloadAllAccessors: .RecordUpdater

===========================================================================================
----------------- testing Sun Jun 07 14:38:43 UTC 2020 /home/travis/build/icyphy/ptII/ptolemy/actor/lib/test/auto/RecordUpdater2.xml
----------------- Instantiating /home/travis/build/icyphy/ptII/ptolemy/actor/lib/test/auto/RecordUpdater2.xml
2 ms. Memory: 533504K Free: 362315K (68%)
----------------- Invoking toplevel() on ptolemy.moml.MoMLSimpleApplication@5c5bc710
----------------- Done invoking toplevel() on ptolemy.moml.MoMLSimpleApplication@5c5bc710
reloadAllAccessors: .RecordUpdater2

===========================================================================================
----------------- testing Sun Jun 07 14:38:43 UTC 2020 /home/travis/build/icyphy/ptII/ptolemy/actor/lib/test/auto/RecursiveLattice.xml
----------------- Instantiating /home/travis/build/icyphy/ptII/ptolemy/actor/lib/test/auto/RecursiveLattice.xml
3 ms. Memory: 533504K Free: 357709K (67%)
----------------- Invoking toplevel() on ptolemy.moml.MoMLSimpleApplication@14cab17d
----------------- Done invoking toplevel() on ptolemy.moml.MoMLSimpleApplication@14cab17d
reloadAllAccessors: .RecursiveLattice

===========================================================================================
----------------- testing Sun Jun 07 14:38:43 UTC 2020 /home/travis/build/icyphy/ptII/ptolemy/actor/lib/test/auto/Router.xml
----------------- Instantiating /home/travis/build/icyphy/ptII/ptolemy/actor/lib/test/auto/Router.xml
3004 ms. Memory: 533504K Free: 346445K (65%)
----------------- Invoking toplevel() on ptolemy.moml.MoMLSimpleApplication@1019122c
----------------- Done invoking toplevel() on ptolemy.moml.MoMLSimpleApplication@1019122c
reloadAllAccessors: .Router

===========================================================================================
----------------- testing Sun Jun 07 14:38:46 UTC 2020 /home/travis/build/icyphy/ptII/ptolemy/actor/lib/test/auto/Router2.xml
----------------- Instantiating /home/travis/build/icyphy/ptII/ptolemy/actor/lib/test/auto/Router2.xml
3004 ms. Memory: 533504K Free: 334667K (63%)
----------------- Invoking toplevel() on ptolemy.moml.MoMLSimpleApplication@34a82e4
----------------- Done invoking toplevel() on ptolemy.moml.MoMLSimpleApplication@34a82e4
reloadAllAccessors: .Router2

===========================================================================================
----------------- testing Sun Jun 07 14:38:49 UTC 2020 /home/travis/build/icyphy/ptII/ptolemy/actor/lib/test/auto/RunningMaximum.xml
----------------- Instantiating /home/travis/build/icyphy/ptII/ptolemy/actor/lib/test/auto/RunningMaximum.xml
2 ms. Memory: 533504K Free: 330061K (62%)
----------------- Invoking toplevel() on ptolemy.moml.MoMLSimpleApplication@716a8482
----------------- Done invoking toplevel() on ptolemy.moml.MoMLSimpleApplication@716a8482
reloadAllAccessors: .RunningMaximum

===========================================================================================
----------------- testing Sun Jun 07 14:38:49 UTC 2020 /home/travis/build/icyphy/ptII/ptolemy/actor/lib/test/auto/RunningMinimum.xml
----------------- Instantiating /home/travis/build/icyphy/ptII/ptolemy/actor/lib/test/auto/RunningMinimum.xml
2 ms. Memory: 533504K Free: 325451K (61%)
----------------- Invoking toplevel() on ptolemy.moml.MoMLSimpleApplication@3870caee
----------------- Done invoking toplevel() on ptolemy.moml.MoMLSimpleApplication@3870caee
reloadAllAccessors: .RunningMinimum

===========================================================================================
----------------- testing Sun Jun 07 14:38:49 UTC 2020 /home/travis/build/icyphy/ptII/ptolemy/actor/lib/test/auto/Scale.xml
----------------- Instantiating /home/travis/build/icyphy/ptII/ptolemy/actor/lib/test/auto/Scale.xml
1 ms. Memory: 533504K Free: 320845K (60%)
----------------- Invoking toplevel() on ptolemy.moml.MoMLSimpleApplication@3edd70cf
----------------- Done invoking toplevel() on ptolemy.moml.MoMLSimpleApplication@3edd70cf
reloadAllAccessors: .Scale

===========================================================================================
----------------- testing Sun Jun 07 14:38:49 UTC 2020 /home/travis/build/icyphy/ptII/ptolemy/actor/lib/test/auto/Scale2.xml
----------------- Instantiating /home/travis/build/icyphy/ptII/ptolemy/actor/lib/test/auto/Scale2.xml
1 ms. Memory: 533504K Free: 316235K (59%)
----------------- Invoking toplevel() on ptolemy.moml.MoMLSimpleApplication@12340e00
----------------- Done invoking toplevel() on ptolemy.moml.MoMLSimpleApplication@12340e00
reloadAllAccessors: .Scale2

===========================================================================================
----------------- testing Sun Jun 07 14:38:49 UTC 2020 /home/travis/build/icyphy/ptII/ptolemy/actor/lib/test/auto/Scale3.xml
----------------- Instantiating /home/travis/build/icyphy/ptII/ptolemy/actor/lib/test/auto/Scale3.xml
3 ms. Memory: 533504K Free: 309581K (58%)
----------------- Invoking toplevel() on ptolemy.moml.MoMLSimpleApplication@4172556b
----------------- Done invoking toplevel() on ptolemy.moml.MoMLSimpleApplication@4172556b
reloadAllAccessors: .Scale3

===========================================================================================
----------------- testing Sun Jun 07 14:38:49 UTC 2020 /home/travis/build/icyphy/ptII/ptolemy/actor/lib/test/auto/ScaleArray.xml
----------------- Instantiating /home/travis/build/icyphy/ptII/ptolemy/actor/lib/test/auto/ScaleArray.xml
2 ms. Memory: 533504K Free: 304971K (57%)
----------------- Invoking toplevel() on ptolemy.moml.MoMLSimpleApplication@6b3f666b
----------------- Done invoking toplevel() on ptolemy.moml.MoMLSimpleApplication@6b3f666b
reloadAllAccessors: .ScaleArray

===========================================================================================
----------------- testing Sun Jun 07 14:38:49 UTC 2020 /home/travis/build/icyphy/ptII/ptolemy/actor/lib/test/auto/ScaleArray2.xml
----------------- Instantiating /home/travis/build/icyphy/ptII/ptolemy/actor/lib/test/auto/ScaleArray2.xml
1 ms. Memory: 533504K Free: 300365K (56%)
----------------- Invoking toplevel() on ptolemy.moml.MoMLSimpleApplication@47c6fcd3
----------------- Done invoking toplevel() on ptolemy.moml.MoMLSimpleApplication@47c6fcd3
reloadAllAccessors: .ScaleArray2

===========================================================================================
----------------- testing Sun Jun 07 14:38:49 UTC 2020 /home/travis/build/icyphy/ptII/ptolemy/actor/lib/test/auto/ScaleMatrix.xml
----------------- Instantiating /home/travis/build/icyphy/ptII/ptolemy/actor/lib/test/auto/ScaleMatrix.xml
87 ms. Memory: 533504K Free: 286539K (54%)
----------------- Invoking toplevel() on ptolemy.moml.MoMLSimpleApplication@4bdd37aa
----------------- Done invoking toplevel() on ptolemy.moml.MoMLSimpleApplication@4bdd37aa
reloadAllAccessors: .ScaleMatrix

===========================================================================================
----------------- testing Sun Jun 07 14:38:49 UTC 2020 /home/travis/build/icyphy/ptII/ptolemy/actor/lib/test/auto/Select.xml
----------------- Instantiating /home/travis/build/icyphy/ptII/ptolemy/actor/lib/test/auto/Select.xml
2 ms. Memory: 533504K Free: 280381K (53%)
----------------- Invoking toplevel() on ptolemy.moml.MoMLSimpleApplication@3ea3912a
----------------- Done invoking toplevel() on ptolemy.moml.MoMLSimpleApplication@3ea3912a
reloadAllAccessors: .Select

===========================================================================================
----------------- testing Sun Jun 07 14:38:49 UTC 2020 /home/travis/build/icyphy/ptII/ptolemy/actor/lib/test/auto/Select2.xml
----------------- Instantiating /home/travis/build/icyphy/ptII/ptolemy/actor/lib/test/auto/Select2.xml
1 ms. Memory: 533504K Free: 275789K (52%)
----------------- Invoking toplevel() on ptolemy.moml.MoMLSimpleApplication@6a6223b5
----------------- Done invoking toplevel() on ptolemy.moml.MoMLSimpleApplication@6a6223b5
reloadAllAccessors: .Select2

===========================================================================================
----------------- testing Sun Jun 07 14:38:49 UTC 2020 /home/travis/build/icyphy/ptII/ptolemy/actor/lib/test/auto/SequenceToArray2.xml
----------------- Instantiating /home/travis/build/icyphy/ptII/ptolemy/actor/lib/test/auto/SequenceToArray2.xml
63 ms. Memory: 533504K Free: 251709K (47%)
----------------- Invoking toplevel() on ptolemy.moml.MoMLSimpleApplication@e6e5ea1
----------------- Done invoking toplevel() on ptolemy.moml.MoMLSimpleApplication@e6e5ea1
reloadAllAccessors: .SequenceToArray2

===========================================================================================
----------------- testing Sun Jun 07 14:38:49 UTC 2020 /home/travis/build/icyphy/ptII/ptolemy/actor/lib/test/auto/SequentialClock.xml
----------------- Instantiating /home/travis/build/icyphy/ptII/ptolemy/actor/lib/test/auto/SequentialClock.xml
1 ms. Memory: 533504K Free: 247627K (46%)
----------------- Invoking toplevel() on ptolemy.moml.MoMLSimpleApplication@71a018a3
----------------- Done invoking toplevel() on ptolemy.moml.MoMLSimpleApplication@71a018a3
reloadAllAccessors: .SequentialClock

===========================================================================================
----------------- testing Sun Jun 07 14:38:49 UTC 2020 /home/travis/build/icyphy/ptII/ptolemy/actor/lib/test/auto/SetVariable.xml
----------------- Instantiating /home/travis/build/icyphy/ptII/ptolemy/actor/lib/test/auto/SetVariable.xml
2 ms. Memory: 533504K Free: 242507K (45%)
----------------- Invoking toplevel() on ptolemy.moml.MoMLSimpleApplication@4a9e124c
----------------- Done invoking toplevel() on ptolemy.moml.MoMLSimpleApplication@4a9e124c
reloadAllAccessors: .SetVariable

===========================================================================================
----------------- testing Sun Jun 07 14:38:49 UTC 2020 /home/travis/build/icyphy/ptII/ptolemy/actor/lib/test/auto/SetVariable2.xml
----------------- Instantiating /home/travis/build/icyphy/ptII/ptolemy/actor/lib/test/auto/SetVariable2.xml
3 ms. Memory: 533504K Free: 237387K (44%)
----------------- Invoking toplevel() on ptolemy.moml.MoMLSimpleApplication@e34d955
----------------- Done invoking toplevel() on ptolemy.moml.MoMLSimpleApplication@e34d955
reloadAllAccessors: .SetVariable2

===========================================================================================
----------------- testing Sun Jun 07 14:38:49 UTC 2020 /home/travis/build/icyphy/ptII/ptolemy/actor/lib/test/auto/SetVariable3.xml
----------------- Instantiating /home/travis/build/icyphy/ptII/ptolemy/actor/lib/test/auto/SetVariable3.xml
6 ms. Memory: 533504K Free: 232267K (44%)
----------------- Invoking toplevel() on ptolemy.moml.MoMLSimpleApplication@74a2d860
----------------- Done invoking toplevel() on ptolemy.moml.MoMLSimpleApplication@74a2d860
reloadAllAccessors: .SetVariable3

===========================================================================================
----------------- testing Sun Jun 07 14:38:49 UTC 2020 /home/travis/build/icyphy/ptII/ptolemy/actor/lib/test/auto/SetVariable4.xml
----------------- Instantiating /home/travis/build/icyphy/ptII/ptolemy/actor/lib/test/auto/SetVariable4.xml
16 ms. Memory: 533504K Free: 222541K (42%)
----------------- Invoking toplevel() on ptolemy.moml.MoMLSimpleApplication@7f3f1e6
----------------- Done invoking toplevel() on ptolemy.moml.MoMLSimpleApplication@7f3f1e6
reloadAllAccessors: .SetVariable4

===========================================================================================
----------------- testing Sun Jun 07 14:38:49 UTC 2020 /home/travis/build/icyphy/ptII/ptolemy/actor/lib/test/auto/SetVariable5.xml
----------------- Instantiating /home/travis/build/icyphy/ptII/ptolemy/actor/lib/test/auto/SetVariable5.xml
18 ms. Memory: 533504K Free: 213325K (40%)
----------------- Invoking toplevel() on ptolemy.moml.MoMLSimpleApplication@50953639
----------------- Done invoking toplevel() on ptolemy.moml.MoMLSimpleApplication@50953639
reloadAllAccessors: .SetVariable5

===========================================================================================
----------------- testing Sun Jun 07 14:38:49 UTC 2020 /home/travis/build/icyphy/ptII/ptolemy/actor/lib/test/auto/Sinewave.xml
----------------- Instantiating /home/travis/build/icyphy/ptII/ptolemy/actor/lib/test/auto/Sinewave.xml
5 ms. Memory: 533504K Free: 203085K (38%)
----------------- Invoking toplevel() on ptolemy.moml.MoMLSimpleApplication@3b8fa7bf
----------------- Done invoking toplevel() on ptolemy.moml.MoMLSimpleApplication@3b8fa7bf
reloadAllAccessors: .Sinewave

===========================================================================================
----------------- testing Sun Jun 07 14:38:50 UTC 2020 /home/travis/build/icyphy/ptII/ptolemy/actor/lib/test/auto/Sinewave2.xml
----------------- Instantiating /home/travis/build/icyphy/ptII/ptolemy/actor/lib/test/auto/Sinewave2.xml
5 ms. Memory: 533504K Free: 194379K (36%)
----------------- Invoking toplevel() on ptolemy.moml.MoMLSimpleApplication@39b18c00
----------------- Done invoking toplevel() on ptolemy.moml.MoMLSimpleApplication@39b18c00
reloadAllAccessors: .Sinewave2

===========================================================================================
----------------- testing Sun Jun 07 14:38:50 UTC 2020 /home/travis/build/icyphy/ptII/ptolemy/actor/lib/test/auto/Sinewave3.xml
----------------- Instantiating /home/travis/build/icyphy/ptII/ptolemy/actor/lib/test/auto/Sinewave3.xml
8 ms. Memory: 533504K Free: 186173K (35%)
----------------- Invoking toplevel() on ptolemy.moml.MoMLSimpleApplication@3c4ac4e4
----------------- Done invoking toplevel() on ptolemy.moml.MoMLSimpleApplication@3c4ac4e4
reloadAllAccessors: .Sinewave3

===========================================================================================
----------------- testing Sun Jun 07 14:38:50 UTC 2020 /home/travis/build/icyphy/ptII/ptolemy/actor/lib/test/auto/SingleEvent.xml
----------------- Instantiating /home/travis/build/icyphy/ptII/ptolemy/actor/lib/test/auto/SingleEvent.xml
0 ms. Memory: 533504K Free: 182091K (34%)
----------------- Invoking toplevel() on ptolemy.moml.MoMLSimpleApplication@2ca5789b
----------------- Done invoking toplevel() on ptolemy.moml.MoMLSimpleApplication@2ca5789b
reloadAllAccessors: .SingleEvent

===========================================================================================
----------------- testing Sun Jun 07 14:38:50 UTC 2020 /home/travis/build/icyphy/ptII/ptolemy/actor/lib/test/auto/Sleep.xml
----------------- Instantiating /home/travis/build/icyphy/ptII/ptolemy/actor/lib/test/auto/Sleep.xml
6002 ms. Memory: 533504K Free: 176941K (33%)
----------------- Invoking toplevel() on ptolemy.moml.MoMLSimpleApplication@67d0fa00
----------------- Done invoking toplevel() on ptolemy.moml.MoMLSimpleApplication@67d0fa00
reloadAllAccessors: .Sleep

===========================================================================================
----------------- testing Sun Jun 07 14:38:56 UTC 2020 /home/travis/build/icyphy/ptII/ptolemy/actor/lib/test/auto/SleepMultipleFire.xml
----------------- Instantiating /home/travis/build/icyphy/ptII/ptolemy/actor/lib/test/auto/SleepMultipleFire.xml
1004 ms. Memory: 533504K Free: 171341K (32%)
----------------- Invoking toplevel() on ptolemy.moml.MoMLSimpleApplication@7f0cf874
----------------- Done invoking toplevel() on ptolemy.moml.MoMLSimpleApplication@7f0cf874
reloadAllAccessors: .SleepMultipleFire

===========================================================================================
----------------- testing Sun Jun 07 14:38:57 UTC 2020 /home/travis/build/icyphy/ptII/ptolemy/actor/lib/test/auto/StopDE.xml
----------------- Instantiating /home/travis/build/icyphy/ptII/ptolemy/actor/lib/test/auto/StopDE.xml
3 ms. Memory: 533504K Free: 477003K (89%)
----------------- Invoking toplevel() on ptolemy.moml.MoMLSimpleApplication@4c401e3b
----------------- Done invoking toplevel() on ptolemy.moml.MoMLSimpleApplication@4c401e3b
reloadAllAccessors: .StopDE

===========================================================================================
----------------- testing Sun Jun 07 14:38:57 UTC 2020 /home/travis/build/icyphy/ptII/ptolemy/actor/lib/test/auto/StopSDF.xml
----------------- Instantiating /home/travis/build/icyphy/ptII/ptolemy/actor/lib/test/auto/StopSDF.xml
3 ms. Memory: 533504K Free: 471373K (88%)
----------------- Invoking toplevel() on ptolemy.moml.MoMLSimpleApplication@44032d6c
----------------- Done invoking toplevel() on ptolemy.moml.MoMLSimpleApplication@44032d6c
reloadAllAccessors: .StopSDF

===========================================================================================
----------------- testing Sun Jun 07 14:38:57 UTC 2020 /home/travis/build/icyphy/ptII/ptolemy/actor/lib/test/auto/StringConstant.xml
----------------- Instantiating /home/travis/build/icyphy/ptII/ptolemy/actor/lib/test/auto/StringConstant.xml
8 ms. Memory: 533504K Free: 467275K (88%)
----------------- Invoking toplevel() on ptolemy.moml.MoMLSimpleApplication@1319d922
----------------- Done invoking toplevel() on ptolemy.moml.MoMLSimpleApplication@1319d922
reloadAllAccessors: .StringConstant

===========================================================================================
----------------- testing Sun Jun 07 14:38:57 UTC 2020 /home/travis/build/icyphy/ptII/ptolemy/actor/lib/test/auto/SubscriberPortInitialValues1.xml
----------------- Instantiating /home/travis/build/icyphy/ptII/ptolemy/actor/lib/test/auto/SubscriberPortInitialValues1.xml
7 ms. Memory: 533504K Free: 458571K (86%)
----------------- Invoking toplevel() on ptolemy.moml.MoMLSimpleApplication@32886689
----------------- Done invoking toplevel() on ptolemy.moml.MoMLSimpleApplication@32886689
reloadAllAccessors: .SubscriberPortInitialValues1

===========================================================================================
----------------- testing Sun Jun 07 14:38:57 UTC 2020 /home/travis/build/icyphy/ptII/ptolemy/actor/lib/test/auto/SubscriberPortInitialValues13.xml
----------------- Instantiating /home/travis/build/icyphy/ptII/ptolemy/actor/lib/test/auto/SubscriberPortInitialValues13.xml
4 ms. Memory: 533504K Free: 445773K (84%)
----------------- Invoking toplevel() on ptolemy.moml.MoMLSimpleApplication@7b99c140
----------------- Done invoking toplevel() on ptolemy.moml.MoMLSimpleApplication@7b99c140
reloadAllAccessors: .SubscriberPortInitialValues13

===========================================================================================
----------------- testing Sun Jun 07 14:38:57 UTC 2020 /home/travis/build/icyphy/ptII/ptolemy/actor/lib/test/auto/SubscriberPortInitialValues14.xml
----------------- Instantiating /home/travis/build/icyphy/ptII/ptolemy/actor/lib/test/auto/SubscriberPortInitialValues14.xml
4 ms. Memory: 533504K Free: 438091K (82%)
----------------- Invoking toplevel() on ptolemy.moml.MoMLSimpleApplication@76ec5c53
----------------- Done invoking toplevel() on ptolemy.moml.MoMLSimpleApplication@76ec5c53
reloadAllAccessors: .SubscriberPortInitialValues14

===========================================================================================
----------------- testing Sun Jun 07 14:38:57 UTC 2020 /home/travis/build/icyphy/ptII/ptolemy/actor/lib/test/auto/SubscriberPortInitialValues2.xml
----------------- Instantiating /home/travis/build/icyphy/ptII/ptolemy/actor/lib/test/auto/SubscriberPortInitialValues2.xml
3 ms. Memory: 533504K Free: 430413K (81%)
----------------- Invoking toplevel() on ptolemy.moml.MoMLSimpleApplication@66f2215e
----------------- Done invoking toplevel() on ptolemy.moml.MoMLSimpleApplication@66f2215e
reloadAllAccessors: .SubscriberPortInitialValues2

===========================================================================================
----------------- testing Sun Jun 07 14:38:57 UTC 2020 /home/travis/build/icyphy/ptII/ptolemy/actor/lib/test/auto/SubscriberPortInitialValues3.xml
----------------- Instantiating /home/travis/build/icyphy/ptII/ptolemy/actor/lib/test/auto/SubscriberPortInitialValues3.xml
4 ms. Memory: 533504K Free: 419149K (79%)
----------------- Invoking toplevel() on ptolemy.moml.MoMLSimpleApplication@4bafd91c
----------------- Done invoking toplevel() on ptolemy.moml.MoMLSimpleApplication@4bafd91c
reloadAllAccessors: .SubscriberPortInitialValues3

===========================================================================================
----------------- testing Sun Jun 07 14:38:57 UTC 2020 /home/travis/build/icyphy/ptII/ptolemy/actor/lib/test/auto/SubscriptionAggregator.xml
----------------- Instantiating /home/travis/build/icyphy/ptII/ptolemy/actor/lib/test/auto/SubscriptionAggregator.xml
2 ms. Memory: 533504K Free: 412477K (77%)
----------------- Invoking toplevel() on ptolemy.moml.MoMLSimpleApplication@5f5e1b1
----------------- Done invoking toplevel() on ptolemy.moml.MoMLSimpleApplication@5f5e1b1
reloadAllAccessors: .SubscriptionAggregator

===========================================================================================
----------------- testing Sun Jun 07 14:38:57 UTC 2020 /home/travis/build/icyphy/ptII/ptolemy/actor/lib/test/auto/SubscriptionAggregator2.xml
----------------- Instantiating /home/travis/build/icyphy/ptII/ptolemy/actor/lib/test/auto/SubscriptionAggregator2.xml
2 ms. Memory: 533504K Free: 405317K (76%)
----------------- Invoking toplevel() on ptolemy.moml.MoMLSimpleApplication@1b7e676d
----------------- Done invoking toplevel() on ptolemy.moml.MoMLSimpleApplication@1b7e676d
reloadAllAccessors: .SubscriptionAggregator2

===========================================================================================
----------------- testing Sun Jun 07 14:38:57 UTC 2020 /home/travis/build/icyphy/ptII/ptolemy/actor/lib/test/auto/SubscriptionAggregator3.xml
----------------- Instantiating /home/travis/build/icyphy/ptII/ptolemy/actor/lib/test/auto/SubscriptionAggregator3.xml
3 ms. Memory: 533504K Free: 396621K (74%)
----------------- Invoking toplevel() on ptolemy.moml.MoMLSimpleApplication@2de3a6eb
----------------- Done invoking toplevel() on ptolemy.moml.MoMLSimpleApplication@2de3a6eb
reloadAllAccessors: .SubscriptionAggregator3

===========================================================================================
----------------- testing Sun Jun 07 14:38:57 UTC 2020 /home/travis/build/icyphy/ptII/ptolemy/actor/lib/test/auto/SubscriptionAggregatorMultiply.xml
----------------- Instantiating /home/travis/build/icyphy/ptII/ptolemy/actor/lib/test/auto/SubscriptionAggregatorMultiply.xml
9 ms. Memory: 533504K Free: 388429K (73%)
----------------- Invoking toplevel() on ptolemy.moml.MoMLSimpleApplication@37469e4f
----------------- Done invoking toplevel() on ptolemy.moml.MoMLSimpleApplication@37469e4f
reloadAllAccessors: .SubscriptionAggregatorMultiply

===========================================================================================
----------------- testing Sun Jun 07 14:38:57 UTC 2020 /home/travis/build/icyphy/ptII/ptolemy/actor/lib/test/auto/SubscriptionAggregatorPortMultiply1.xml
----------------- Instantiating /home/travis/build/icyphy/ptII/ptolemy/actor/lib/test/auto/SubscriptionAggregatorPortMultiply1.xml
3 ms. Memory: 533504K Free: 380747K (71%)
----------------- Invoking toplevel() on ptolemy.moml.MoMLSimpleApplication@63c64f15
----------------- Done invoking toplevel() on ptolemy.moml.MoMLSimpleApplication@63c64f15
reloadAllAccessors: .SubscriptionAggregatorPortMultiply1

===========================================================================================
----------------- testing Sun Jun 07 14:38:57 UTC 2020 /home/travis/build/icyphy/ptII/ptolemy/actor/lib/test/auto/Switch.xml
----------------- Instantiating /home/travis/build/icyphy/ptII/ptolemy/actor/lib/test/auto/Switch.xml
11 ms. Memory: 533504K Free: 372555K (70%)
----------------- Invoking toplevel() on ptolemy.moml.MoMLSimpleApplication@6f1d280c
----------------- Done invoking toplevel() on ptolemy.moml.MoMLSimpleApplication@6f1d280c
reloadAllAccessors: .Switch

===========================================================================================
----------------- testing Sun Jun 07 14:38:57 UTC 2020 /home/travis/build/icyphy/ptII/ptolemy/actor/lib/test/auto/Switch2.xml
----------------- Instantiating /home/travis/build/icyphy/ptII/ptolemy/actor/lib/test/auto/Switch2.xml
1 ms. Memory: 533504K Free: 367435K (69%)
----------------- Invoking toplevel() on ptolemy.moml.MoMLSimpleApplication@31fc8571
----------------- Done invoking toplevel() on ptolemy.moml.MoMLSimpleApplication@31fc8571
reloadAllAccessors: .Switch2

===========================================================================================
----------------- testing Sun Jun 07 14:38:57 UTC 2020 /home/travis/build/icyphy/ptII/ptolemy/actor/lib/test/auto/SwitchDE.xml
----------------- Instantiating /home/travis/build/icyphy/ptII/ptolemy/actor/lib/test/auto/SwitchDE.xml
3 ms. Memory: 533504K Free: 361277K (68%)
----------------- Invoking toplevel() on ptolemy.moml.MoMLSimpleApplication@6aa9e824
----------------- Done invoking toplevel() on ptolemy.moml.MoMLSimpleApplication@6aa9e824
reloadAllAccessors: .SwitchDE

===========================================================================================
----------------- testing Sun Jun 07 14:38:57 UTC 2020 /home/travis/build/icyphy/ptII/ptolemy/actor/lib/test/auto/SynchronizerDE.xml
----------------- Instantiating /home/travis/build/icyphy/ptII/ptolemy/actor/lib/test/auto/SynchronizerDE.xml
6 ms. Memory: 533504K Free: 353085K (66%)
----------------- Invoking toplevel() on ptolemy.moml.MoMLSimpleApplication@66f7e726
----------------- Done invoking toplevel() on ptolemy.moml.MoMLSimpleApplication@66f7e726
reloadAllAccessors: .SynchronizerDE

===========================================================================================
----------------- testing Sun Jun 07 14:38:57 UTC 2020 /home/travis/build/icyphy/ptII/ptolemy/actor/lib/test/auto/Test.xml
----------------- Instantiating /home/travis/build/icyphy/ptII/ptolemy/actor/lib/test/auto/Test.xml
8 ms. Memory: 533504K Free: 347949K (65%)
----------------- Invoking toplevel() on ptolemy.moml.MoMLSimpleApplication@3b6a9a4f
----------------- Done invoking toplevel() on ptolemy.moml.MoMLSimpleApplication@3b6a9a4f
reloadAllAccessors: .Test

===========================================================================================
----------------- testing Sun Jun 07 14:38:57 UTC 2020 /home/travis/build/icyphy/ptII/ptolemy/actor/lib/test/auto/TestExceptionAttribute1.xml
----------------- Instantiating /home/travis/build/icyphy/ptII/ptolemy/actor/lib/test/auto/TestExceptionAttribute1.xml
1 ms. Memory: 533504K Free: 344397K (65%)
----------------- Invoking toplevel() on ptolemy.moml.MoMLSimpleApplication@73e394ac
----------------- Done invoking toplevel() on ptolemy.moml.MoMLSimpleApplication@73e394ac
reloadAllAccessors: .TestExceptionAttribute1

===========================================================================================
----------------- testing Sun Jun 07 14:38:57 UTC 2020 /home/travis/build/icyphy/ptII/ptolemy/actor/lib/test/auto/TestExceptionAttribute2.xml
----------------- Instantiating /home/travis/build/icyphy/ptII/ptolemy/actor/lib/test/auto/TestExceptionAttribute2.xml
1 ms. Memory: 533504K Free: 340811K (64%)
----------------- Invoking toplevel() on ptolemy.moml.MoMLSimpleApplication@6616f7f1
----------------- Done invoking toplevel() on ptolemy.moml.MoMLSimpleApplication@6616f7f1
reloadAllAccessors: .TestExceptionAttribute2

===========================================================================================
----------------- testing Sun Jun 07 14:38:57 UTC 2020 /home/travis/build/icyphy/ptII/ptolemy/actor/lib/test/auto/TestExceptionAttribute3.xml
----------------- Instantiating /home/travis/build/icyphy/ptII/ptolemy/actor/lib/test/auto/TestExceptionAttribute3.xml
.TestExceptionAttribute3.TestExceptionAttribute: initialize() was not invoked, but wrapup() was.  This is unusual, but not always a problem.  For example, exporting JNLP will do this.
1 ms. Memory: 533504K Free: 336715K (63%)
----------------- Invoking toplevel() on ptolemy.moml.MoMLSimpleApplication@68421e8a
----------------- Done invoking toplevel() on ptolemy.moml.MoMLSimpleApplication@68421e8a
reloadAllAccessors: .TestExceptionAttribute3

===========================================================================================
----------------- testing Sun Jun 07 14:38:57 UTC 2020 /home/travis/build/icyphy/ptII/ptolemy/actor/lib/test/auto/TestExceptionAttribute4.xml
----------------- Instantiating /home/travis/build/icyphy/ptII/ptolemy/actor/lib/test/auto/TestExceptionAttribute4.xml
.TestExceptionAttribute4.TestExceptionAttribute: initialize() was not invoked, but wrapup() was.  This is unusual, but not always a problem.  For example, exporting JNLP will do this.
.TestExceptionAttribute4.TestExceptionAttribute2: initialize() was not invoked, but wrapup() was.  This is unusual, but not always a problem.  For example, exporting JNLP will do this.
0 ms. Memory: 533504K Free: 332619K (62%)
----------------- Invoking toplevel() on ptolemy.moml.MoMLSimpleApplication@13e500bd
----------------- Done invoking toplevel() on ptolemy.moml.MoMLSimpleApplication@13e500bd
reloadAllAccessors: .TestExceptionAttribute4

===========================================================================================
----------------- testing Sun Jun 07 14:38:57 UTC 2020 /home/travis/build/icyphy/ptII/ptolemy/actor/lib/test/auto/TestExceptionHandler1.xml
----------------- Instantiating /home/travis/build/icyphy/ptII/ptolemy/actor/lib/test/auto/TestExceptionHandler1.xml
1 ms. Memory: 533504K Free: 329037K (62%)
----------------- Invoking toplevel() on ptolemy.moml.MoMLSimpleApplication@21453d75
----------------- Done invoking toplevel() on ptolemy.moml.MoMLSimpleApplication@21453d75
reloadAllAccessors: .TestExceptionHandler1

===========================================================================================
----------------- testing Sun Jun 07 14:38:57 UTC 2020 /home/travis/build/icyphy/ptII/ptolemy/actor/lib/test/auto/TestExceptionHandler2.xml
----------------- Instantiating /home/travis/build/icyphy/ptII/ptolemy/actor/lib/test/auto/TestExceptionHandler2.xml
2 ms. Memory: 533504K Free: 325451K (61%)
----------------- Invoking toplevel() on ptolemy.moml.MoMLSimpleApplication@10b49db5
----------------- Done invoking toplevel() on ptolemy.moml.MoMLSimpleApplication@10b49db5
reloadAllAccessors: .TestExceptionHandler2

===========================================================================================
----------------- testing Sun Jun 07 14:38:57 UTC 2020 /home/travis/build/icyphy/ptII/ptolemy/actor/lib/test/auto/TestExceptionHandler3.xml
----------------- Instantiating /home/travis/build/icyphy/ptII/ptolemy/actor/lib/test/auto/TestExceptionHandler3.xml
0 ms. Memory: 533504K Free: 321869K (60%)
----------------- Invoking toplevel() on ptolemy.moml.MoMLSimpleApplication@177bba49
----------------- Done invoking toplevel() on ptolemy.moml.MoMLSimpleApplication@177bba49
reloadAllAccessors: .TestExceptionHandler3

===========================================================================================
----------------- testing Sun Jun 07 14:38:57 UTC 2020 /home/travis/build/icyphy/ptII/ptolemy/actor/lib/test/auto/TestExceptionHandler4.xml
----------------- Instantiating /home/travis/build/icyphy/ptII/ptolemy/actor/lib/test/auto/TestExceptionHandler4.xml
0 ms. Memory: 533504K Free: 317773K (60%)
----------------- Invoking toplevel() on ptolemy.moml.MoMLSimpleApplication@6ddd7a77
----------------- Done invoking toplevel() on ptolemy.moml.MoMLSimpleApplication@6ddd7a77
reloadAllAccessors: .TestExceptionHandler4

===========================================================================================
----------------- testing Sun Jun 07 14:38:57 UTC 2020 /home/travis/build/icyphy/ptII/ptolemy/actor/lib/test/auto/TestRequireCorrectOrder.xml
----------------- Instantiating /home/travis/build/icyphy/ptII/ptolemy/actor/lib/test/auto/TestRequireCorrectOrder.xml
5 ms. Memory: 533504K Free: 312653K (59%)
----------------- Invoking toplevel() on ptolemy.moml.MoMLSimpleApplication@3a9f0364
----------------- Done invoking toplevel() on ptolemy.moml.MoMLSimpleApplication@3a9f0364
reloadAllAccessors: .TestRequireCorrectOrder

===========================================================================================
----------------- testing Sun Jun 07 14:38:57 UTC 2020 /home/travis/build/icyphy/ptII/ptolemy/actor/lib/test/auto/TestSimple.xml
----------------- Instantiating /home/travis/build/icyphy/ptII/ptolemy/actor/lib/test/auto/TestSimple.xml
1 ms. Memory: 533504K Free: 307533K (58%)
----------------- Invoking toplevel() on ptolemy.moml.MoMLSimpleApplication@6ddd575a
----------------- Done invoking toplevel() on ptolemy.moml.MoMLSimpleApplication@6ddd575a
reloadAllAccessors: .TestSimple

===========================================================================================
----------------- testing Sun Jun 07 14:38:57 UTC 2020 /home/travis/build/icyphy/ptII/ptolemy/actor/lib/test/auto/ThrowModelError.xml
----------------- Instantiating /home/travis/build/icyphy/ptII/ptolemy/actor/lib/test/auto/ThrowModelError.xml
1 ms. Memory: 533504K Free: 302923K (57%)
----------------- Invoking toplevel() on ptolemy.moml.MoMLSimpleApplication@55d3cd4f
----------------- Done invoking toplevel() on ptolemy.moml.MoMLSimpleApplication@55d3cd4f
reloadAllAccessors: .ThrowModelError

===========================================================================================
----------------- testing Sun Jun 07 14:38:57 UTC 2020 /home/travis/build/icyphy/ptII/ptolemy/actor/lib/test/auto/TimeDelayMicrosteps.xml
----------------- Instantiating /home/travis/build/icyphy/ptII/ptolemy/actor/lib/test/auto/TimeDelayMicrosteps.xml
2 ms. Memory: 533504K Free: 296269K (56%)
----------------- Invoking toplevel() on ptolemy.moml.MoMLSimpleApplication@1bd8d1fe
----------------- Done invoking toplevel() on ptolemy.moml.MoMLSimpleApplication@1bd8d1fe
reloadAllAccessors: .TimeDelayMicrosteps

===========================================================================================
----------------- testing Sun Jun 07 14:38:57 UTC 2020 /home/travis/build/icyphy/ptII/ptolemy/actor/lib/test/auto/TimeDelayMicrosteps2.xml
----------------- Instantiating /home/travis/build/icyphy/ptII/ptolemy/actor/lib/test/auto/TimeDelayMicrosteps2.xml
15 ms. Memory: 533504K Free: 289101K (54%)
----------------- Invoking toplevel() on ptolemy.moml.MoMLSimpleApplication@7668e5bd
----------------- Done invoking toplevel() on ptolemy.moml.MoMLSimpleApplication@7668e5bd
reloadAllAccessors: .TimeDelayMicrosteps2

===========================================================================================
----------------- testing Sun Jun 07 14:38:57 UTC 2020 /home/travis/build/icyphy/ptII/ptolemy/actor/lib/test/auto/TimeDelayMicrosteps3.xml
----------------- Instantiating /home/travis/build/icyphy/ptII/ptolemy/actor/lib/test/auto/TimeDelayMicrosteps3.xml
2 ms. Memory: 533504K Free: 282957K (53%)
----------------- Invoking toplevel() on ptolemy.moml.MoMLSimpleApplication@7e96ce9b
----------------- Done invoking toplevel() on ptolemy.moml.MoMLSimpleApplication@7e96ce9b
reloadAllAccessors: .TimeDelayMicrosteps3

===========================================================================================
----------------- testing Sun Jun 07 14:38:57 UTC 2020 /home/travis/build/icyphy/ptII/ptolemy/actor/lib/test/auto/TimeDelayVariableMicrosteps.xml
----------------- Instantiating /home/travis/build/icyphy/ptII/ptolemy/actor/lib/test/auto/TimeDelayVariableMicrosteps.xml
2 ms. Memory: 533504K Free: 276299K (52%)
----------------- Invoking toplevel() on ptolemy.moml.MoMLSimpleApplication@7ce4d9d5
----------------- Done invoking toplevel() on ptolemy.moml.MoMLSimpleApplication@7ce4d9d5
reloadAllAccessors: .TimeDelayVariableMicrosteps

===========================================================================================
----------------- testing Sun Jun 07 14:38:57 UTC 2020 /home/travis/build/icyphy/ptII/ptolemy/actor/lib/test/auto/TimeGap.xml
----------------- Instantiating /home/travis/build/icyphy/ptII/ptolemy/actor/lib/test/auto/TimeGap.xml
3 ms. Memory: 533504K Free: 271149K (51%)
----------------- Invoking toplevel() on ptolemy.moml.MoMLSimpleApplication@1ab0739f
----------------- Done invoking toplevel() on ptolemy.moml.MoMLSimpleApplication@1ab0739f
reloadAllAccessors: .TimeGap

===========================================================================================
----------------- testing Sun Jun 07 14:38:57 UTC 2020 /home/travis/build/icyphy/ptII/ptolemy/actor/lib/test/auto/TimeGap2.xml
----------------- Instantiating /home/travis/build/icyphy/ptII/ptolemy/actor/lib/test/auto/TimeGap2.xml
1 ms. Memory: 533504K Free: 265549K (50%)
----------------- Invoking toplevel() on ptolemy.moml.MoMLSimpleApplication@2f61b686
----------------- Done invoking toplevel() on ptolemy.moml.MoMLSimpleApplication@2f61b686
reloadAllAccessors: .TimeGap2

===========================================================================================
----------------- testing Sun Jun 07 14:38:57 UTC 2020 /home/travis/build/icyphy/ptII/ptolemy/actor/lib/test/auto/TimedSinewave.xml
----------------- Instantiating /home/travis/build/icyphy/ptII/ptolemy/actor/lib/test/auto/TimedSinewave.xml
24 ms. Memory: 533504K Free: 251213K (47%)
----------------- Invoking toplevel() on ptolemy.moml.MoMLSimpleApplication@5f76df26
----------------- Done invoking toplevel() on ptolemy.moml.MoMLSimpleApplication@5f76df26
reloadAllAccessors: .TimedSinewave

===========================================================================================
----------------- testing Sun Jun 07 14:38:57 UTC 2020 /home/travis/build/icyphy/ptII/ptolemy/actor/lib/test/auto/TimedSinewavePhase.xml
----------------- Instantiating /home/travis/build/icyphy/ptII/ptolemy/actor/lib/test/auto/TimedSinewavePhase.xml
7 ms. Memory: 533504K Free: 241483K (45%)
----------------- Invoking toplevel() on ptolemy.moml.MoMLSimpleApplication@46f48be8
----------------- Done invoking toplevel() on ptolemy.moml.MoMLSimpleApplication@46f48be8
reloadAllAccessors: .TimedSinewavePhase

===========================================================================================
----------------- testing Sun Jun 07 14:38:57 UTC 2020 /home/travis/build/icyphy/ptII/ptolemy/actor/lib/test/auto/Timer.xml
----------------- Instantiating /home/travis/build/icyphy/ptII/ptolemy/actor/lib/test/auto/Timer.xml
2 ms. Memory: 533504K Free: 235309K (44%)
----------------- Invoking toplevel() on ptolemy.moml.MoMLSimpleApplication@5dfb874
----------------- Done invoking toplevel() on ptolemy.moml.MoMLSimpleApplication@5dfb874
reloadAllAccessors: .Timer

===========================================================================================
----------------- testing Sun Jun 07 14:38:57 UTC 2020 /home/travis/build/icyphy/ptII/ptolemy/actor/lib/test/auto/TriangularDistTestModel.xml
----------------- Instantiating /home/travis/build/icyphy/ptII/ptolemy/actor/lib/test/auto/TriangularDistTestModel.xml
2 ms. Memory: 533504K Free: 229709K (43%)
----------------- Invoking toplevel() on ptolemy.moml.MoMLSimpleApplication@6f548e59
----------------- Done invoking toplevel() on ptolemy.moml.MoMLSimpleApplication@6f548e59
reloadAllAccessors: .TriangularDistTestModel

===========================================================================================
----------------- testing Sun Jun 07 14:38:57 UTC 2020 /home/travis/build/icyphy/ptII/ptolemy/actor/lib/test/auto/TrigFunction.xml
----------------- Instantiating /home/travis/build/icyphy/ptII/ptolemy/actor/lib/test/auto/TrigFunction.xml
1 ms. Memory: 533504K Free: 225099K (42%)
----------------- Invoking toplevel() on ptolemy.moml.MoMLSimpleApplication@4f8acdfa
----------------- Done invoking toplevel() on ptolemy.moml.MoMLSimpleApplication@4f8acdfa
reloadAllAccessors: .TrigFunction

===========================================================================================
----------------- testing Sun Jun 07 14:38:57 UTC 2020 /home/travis/build/icyphy/ptII/ptolemy/actor/lib/test/auto/TrigFunctionDE.xml
----------------- Instantiating /home/travis/build/icyphy/ptII/ptolemy/actor/lib/test/auto/TrigFunctionDE.xml
1 ms. Memory: 533504K Free: 219469K (41%)
----------------- Invoking toplevel() on ptolemy.moml.MoMLSimpleApplication@5498deaa
----------------- Done invoking toplevel() on ptolemy.moml.MoMLSimpleApplication@5498deaa
reloadAllAccessors: .TrigFunctionDE

===========================================================================================
----------------- testing Sun Jun 07 14:38:57 UTC 2020 /home/travis/build/icyphy/ptII/ptolemy/actor/lib/test/auto/TrigFunctionInverse.xml
----------------- Instantiating /home/travis/build/icyphy/ptII/ptolemy/actor/lib/test/auto/TrigFunctionInverse.xml
1 ms. Memory: 533504K Free: 214349K (40%)
----------------- Invoking toplevel() on ptolemy.moml.MoMLSimpleApplication@7971bdb2
----------------- Done invoking toplevel() on ptolemy.moml.MoMLSimpleApplication@7971bdb2
reloadAllAccessors: .TrigFunctionInverse

===========================================================================================
----------------- testing Sun Jun 07 14:38:57 UTC 2020 /home/travis/build/icyphy/ptII/ptolemy/actor/lib/test/auto/TrigFunctionTan.xml
----------------- Instantiating /home/travis/build/icyphy/ptII/ptolemy/actor/lib/test/auto/TrigFunctionTan.xml
2 ms. Memory: 533504K Free: 209739K (39%)
----------------- Invoking toplevel() on ptolemy.moml.MoMLSimpleApplication@6909bde4
----------------- Done invoking toplevel() on ptolemy.moml.MoMLSimpleApplication@6909bde4
reloadAllAccessors: .TrigFunctionTan

===========================================================================================
----------------- testing Sun Jun 07 14:38:57 UTC 2020 /home/travis/build/icyphy/ptII/ptolemy/actor/lib/test/auto/TriggeredClock.xml
----------------- Instantiating /home/travis/build/icyphy/ptII/ptolemy/actor/lib/test/auto/TriggeredClock.xml
1 ms. Memory: 533504K Free: 205101K (38%)
----------------- Invoking toplevel() on ptolemy.moml.MoMLSimpleApplication@3ea5c8c0
----------------- Done invoking toplevel() on ptolemy.moml.MoMLSimpleApplication@3ea5c8c0
reloadAllAccessors: .TriggeredClock

===========================================================================================
----------------- testing Sun Jun 07 14:38:57 UTC 2020 /home/travis/build/icyphy/ptII/ptolemy/actor/lib/test/auto/URLDirectoryReader.xml
----------------- Instantiating /home/travis/build/icyphy/ptII/ptolemy/actor/lib/test/auto/URLDirectoryReader.xml
26 ms. Memory: 533504K Free: 195403K (37%)
----------------- Invoking toplevel() on ptolemy.moml.MoMLSimpleApplication@629305ca
----------------- Done invoking toplevel() on ptolemy.moml.MoMLSimpleApplication@629305ca
reloadAllAccessors: .URLDirectoryReader

===========================================================================================
----------------- testing Sun Jun 07 14:38:57 UTC 2020 /home/travis/build/icyphy/ptII/ptolemy/actor/lib/test/auto/URLDirectoryReader3.xml
----------------- Instantiating /home/travis/build/icyphy/ptII/ptolemy/actor/lib/test/auto/URLDirectoryReader3.xml
1275 ms. Memory: 533504K Free: 474070K (89%)
----------------- Invoking toplevel() on ptolemy.moml.MoMLSimpleApplication@36b8881d
----------------- Done invoking toplevel() on ptolemy.moml.MoMLSimpleApplication@36b8881d
reloadAllAccessors: .URLDirectoryReader3

===========================================================================================
----------------- testing Sun Jun 07 14:38:59 UTC 2020 /home/travis/build/icyphy/ptII/ptolemy/actor/lib/test/auto/UnaryMathFunction.xml
----------------- Instantiating /home/travis/build/icyphy/ptII/ptolemy/actor/lib/test/auto/UnaryMathFunction.xml
2 ms. Memory: 533504K Free: 466253K (87%)
----------------- Invoking toplevel() on ptolemy.moml.MoMLSimpleApplication@1222ca94
----------------- Done invoking toplevel() on ptolemy.moml.MoMLSimpleApplication@1222ca94
reloadAllAccessors: .UnaryMathFunction

===========================================================================================
----------------- testing Sun Jun 07 14:38:59 UTC 2020 /home/travis/build/icyphy/ptII/ptolemy/actor/lib/test/auto/Uniform.xml
----------------- Instantiating /home/travis/build/icyphy/ptII/ptolemy/actor/lib/test/auto/Uniform.xml
1 ms. Memory: 533504K Free: 461643K (87%)
----------------- Invoking toplevel() on ptolemy.moml.MoMLSimpleApplication@15e4b97a
----------------- Done invoking toplevel() on ptolemy.moml.MoMLSimpleApplication@15e4b97a
reloadAllAccessors: .Uniform

===========================================================================================
----------------- testing Sun Jun 07 14:38:59 UTC 2020 /home/travis/build/icyphy/ptII/ptolemy/actor/lib/test/auto/UnionDisassemblerTest.xml
----------------- Instantiating /home/travis/build/icyphy/ptII/ptolemy/actor/lib/test/auto/UnionDisassemblerTest.xml
14 ms. Memory: 533504K Free: 458061K (86%)
----------------- Invoking toplevel() on ptolemy.moml.MoMLSimpleApplication@7fcbcd98
----------------- Done invoking toplevel() on ptolemy.moml.MoMLSimpleApplication@7fcbcd98
reloadAllAccessors: .UnionDisassemblerTest

===========================================================================================
----------------- testing Sun Jun 07 14:38:59 UTC 2020 /home/travis/build/icyphy/ptII/ptolemy/actor/lib/test/auto/UtilityFunctions.xml
----------------- Instantiating /home/travis/build/icyphy/ptII/ptolemy/actor/lib/test/auto/UtilityFunctions.xml
0 ms. Memory: 533504K Free: 453451K (85%)
----------------- Invoking toplevel() on ptolemy.moml.MoMLSimpleApplication@26cf5444
----------------- Done invoking toplevel() on ptolemy.moml.MoMLSimpleApplication@26cf5444
reloadAllAccessors: .UtilityFunctions

===========================================================================================
----------------- testing Sun Jun 07 14:38:59 UTC 2020 /home/travis/build/icyphy/ptII/ptolemy/actor/lib/test/auto/VariableSleep.xml
----------------- Instantiating /home/travis/build/icyphy/ptII/ptolemy/actor/lib/test/auto/VariableSleep.xml
503 ms. Memory: 533504K Free: 448331K (84%)
----------------- Invoking toplevel() on ptolemy.moml.MoMLSimpleApplication@5c39dfd3
----------------- Done invoking toplevel() on ptolemy.moml.MoMLSimpleApplication@5c39dfd3
reloadAllAccessors: .VariableSleep

===========================================================================================
----------------- testing Sun Jun 07 14:39:00 UTC 2020 /home/travis/build/icyphy/ptII/ptolemy/actor/lib/test/auto/VectorAssemblerDisassemblerCT.xml
----------------- Instantiating /home/travis/build/icyphy/ptII/ptolemy/actor/lib/test/auto/VectorAssemblerDisassemblerCT.xml
64 ms. Memory: 533504K Free: 427851K (80%)
----------------- Invoking toplevel() on ptolemy.moml.MoMLSimpleApplication@79362a07
----------------- Done invoking toplevel() on ptolemy.moml.MoMLSimpleApplication@79362a07
reloadAllAccessors: .VectorAssemblerDisassemblerCT

===========================================================================================
----------------- testing Sun Jun 07 14:39:00 UTC 2020 /home/travis/build/icyphy/ptII/ptolemy/actor/lib/test/auto/VectorAssemblerDisassemblerDE.xml
----------------- Instantiating /home/travis/build/icyphy/ptII/ptolemy/actor/lib/test/auto/VectorAssemblerDisassemblerDE.xml
3 ms. Memory: 533504K Free: 420683K (79%)
----------------- Invoking toplevel() on ptolemy.moml.MoMLSimpleApplication@1f67c114
----------------- Done invoking toplevel() on ptolemy.moml.MoMLSimpleApplication@1f67c114
reloadAllAccessors: .VectorAssemblerDisassemblerDE

===========================================================================================
----------------- testing Sun Jun 07 14:39:00 UTC 2020 /home/travis/build/icyphy/ptII/ptolemy/actor/lib/test/auto/VectorAssemblerDisassemblerSDF.xml
----------------- Instantiating /home/travis/build/icyphy/ptII/ptolemy/actor/lib/test/auto/VectorAssemblerDisassemblerSDF.xml
7 ms. Memory: 533504K Free: 413515K (78%)
----------------- Invoking toplevel() on ptolemy.moml.MoMLSimpleApplication@4b0bdd55
----------------- Done invoking toplevel() on ptolemy.moml.MoMLSimpleApplication@4b0bdd55
reloadAllAccessors: .VectorAssemblerDisassemblerSDF

===========================================================================================
----------------- testing Sun Jun 07 14:39:00 UTC 2020 /home/travis/build/icyphy/ptII/ptolemy/actor/lib/test/auto/WallClockTime.xml
----------------- Instantiating /home/travis/build/icyphy/ptII/ptolemy/actor/lib/test/auto/WallClockTime.xml
1004 ms. Memory: 533504K Free: 408395K (77%)
----------------- Invoking toplevel() on ptolemy.moml.MoMLSimpleApplication@cd5e4f9
----------------- Done invoking toplevel() on ptolemy.moml.MoMLSimpleApplication@cd5e4f9
reloadAllAccessors: .WallClockTime

===========================================================================================
----------------- testing Sun Jun 07 14:39:01 UTC 2020 /home/travis/build/icyphy/ptII/ptolemy/actor/lib/test/auto/WidthTestWithSubscriberPublisher.xml
----------------- Instantiating /home/travis/build/icyphy/ptII/ptolemy/actor/lib/test/auto/WidthTestWithSubscriberPublisher.xml
7 ms. Memory: 533504K Free: 390477K (73%)
----------------- Invoking toplevel() on ptolemy.moml.MoMLSimpleApplication@6e84f439
----------------- Done invoking toplevel() on ptolemy.moml.MoMLSimpleApplication@6e84f439
reloadAllAccessors: .WidthTestWithSubscriberPublisher

===========================================================================================
----------------- testing Sun Jun 07 14:39:01 UTC 2020 /home/travis/build/icyphy/ptII/ptolemy/actor/lib/test/auto/WidthTestWithSubscriberPublisher2.xml
----------------- Instantiating /home/travis/build/icyphy/ptII/ptolemy/actor/lib/test/auto/WidthTestWithSubscriberPublisher2.xml
1 ms. Memory: 533504K Free: 383819K (72%)
----------------- Invoking toplevel() on ptolemy.moml.MoMLSimpleApplication@1b2fc522
----------------- Done invoking toplevel() on ptolemy.moml.MoMLSimpleApplication@1b2fc522
reloadAllAccessors: .WidthTestWithSubscriberPublisher2

===========================================================================================
----------------- testing Sun Jun 07 14:39:01 UTC 2020 /home/travis/build/icyphy/ptII/ptolemy/actor/lib/test/auto/WidthTestWithSubscriberPublisher3.xml
----------------- Instantiating /home/travis/build/icyphy/ptII/ptolemy/actor/lib/test/auto/WidthTestWithSubscriberPublisher3.xml
2 ms. Memory: 533504K Free: 377675K (71%)
----------------- Invoking toplevel() on ptolemy.moml.MoMLSimpleApplication@3f6a75e2
----------------- Done invoking toplevel() on ptolemy.moml.MoMLSimpleApplication@3f6a75e2
reloadAllAccessors: .WidthTestWithSubscriberPublisher3

===========================================================================================
----------------- testing Sun Jun 07 14:39:01 UTC 2020 /home/travis/build/icyphy/ptII/ptolemy/actor/lib/test/auto/Writer.xml
----------------- Instantiating /home/travis/build/icyphy/ptII/ptolemy/actor/lib/test/auto/Writer.xml
0
1
2
3
4
1 ms. Memory: 533504K Free: 373549K (70%)
----------------- Invoking toplevel() on ptolemy.moml.MoMLSimpleApplication@13941b1
----------------- Done invoking toplevel() on ptolemy.moml.MoMLSimpleApplication@13941b1
reloadAllAccessors: .Writer

===========================================================================================
----------------- testing Sun Jun 07 14:39:01 UTC 2020 /home/travis/build/icyphy/ptII/ptolemy/actor/lib/test/auto/array.xml
----------------- Instantiating /home/travis/build/icyphy/ptII/ptolemy/actor/lib/test/auto/array.xml
2 ms. Memory: 533504K Free: 368973K (69%)
----------------- Invoking toplevel() on ptolemy.moml.MoMLSimpleApplication@5e50c131
----------------- Done invoking toplevel() on ptolemy.moml.MoMLSimpleApplication@5e50c131
reloadAllAccessors: .array

===========================================================================================
----------------- testing Sun Jun 07 14:39:01 UTC 2020 /home/travis/build/icyphy/ptII/ptolemy/actor/lib/test/auto/array2.xml
----------------- Instantiating /home/travis/build/icyphy/ptII/ptolemy/actor/lib/test/auto/array2.xml
4 ms. Memory: 533504K Free: 363325K (68%)
----------------- Invoking toplevel() on ptolemy.moml.MoMLSimpleApplication@64cb36d3
----------------- Done invoking toplevel() on ptolemy.moml.MoMLSimpleApplication@64cb36d3
reloadAllAccessors: .array2

===========================================================================================
----------------- testing Sun Jun 07 14:39:01 UTC 2020 /home/travis/build/icyphy/ptII/ptolemy/actor/lib/test/auto/arrayType.xml
----------------- Instantiating /home/travis/build/icyphy/ptII/ptolemy/actor/lib/test/auto/arrayType.xml
1 ms. Memory: 533504K Free: 358219K (67%)
----------------- Invoking toplevel() on ptolemy.moml.MoMLSimpleApplication@7bedfecd
----------------- Done invoking toplevel() on ptolemy.moml.MoMLSimpleApplication@7bedfecd
reloadAllAccessors: .arrayType

===========================================================================================
----------------- testing Sun Jun 07 14:39:01 UTC 2020 /home/travis/build/icyphy/ptII/ptolemy/actor/lib/test/auto/arrayType10.xml
----------------- Instantiating /home/travis/build/icyphy/ptII/ptolemy/actor/lib/test/auto/arrayType10.xml
1 ms. Memory: 533504K Free: 353613K (66%)
----------------- Invoking toplevel() on ptolemy.moml.MoMLSimpleApplication@27803d91
----------------- Done invoking toplevel() on ptolemy.moml.MoMLSimpleApplication@27803d91
reloadAllAccessors: .arrayType10

===========================================================================================
----------------- testing Sun Jun 07 14:39:01 UTC 2020 /home/travis/build/icyphy/ptII/ptolemy/actor/lib/test/auto/arrayType11.xml
----------------- Instantiating /home/travis/build/icyphy/ptII/ptolemy/actor/lib/test/auto/arrayType11.xml
1 ms. Memory: 533504K Free: 349003K (65%)
----------------- Invoking toplevel() on ptolemy.moml.MoMLSimpleApplication@47e2efe3
----------------- Done invoking toplevel() on ptolemy.moml.MoMLSimpleApplication@47e2efe3
reloadAllAccessors: .arrayType11

===========================================================================================
----------------- testing Sun Jun 07 14:39:01 UTC 2020 /home/travis/build/icyphy/ptII/ptolemy/actor/lib/test/auto/arrayType12.xml
----------------- Instantiating /home/travis/build/icyphy/ptII/ptolemy/actor/lib/test/auto/arrayType12.xml
1 ms. Memory: 533504K Free: 343883K (64%)
----------------- Invoking toplevel() on ptolemy.moml.MoMLSimpleApplication@44399be3
----------------- Done invoking toplevel() on ptolemy.moml.MoMLSimpleApplication@44399be3
reloadAllAccessors: .arrayType12

===========================================================================================
----------------- testing Sun Jun 07 14:39:01 UTC 2020 /home/travis/build/icyphy/ptII/ptolemy/actor/lib/test/auto/arrayType13.xml
----------------- Instantiating /home/travis/build/icyphy/ptII/ptolemy/actor/lib/test/auto/arrayType13.xml
1 ms. Memory: 533504K Free: 338763K (63%)
----------------- Invoking toplevel() on ptolemy.moml.MoMLSimpleApplication@2ad0ddb4
----------------- Done invoking toplevel() on ptolemy.moml.MoMLSimpleApplication@2ad0ddb4
reloadAllAccessors: .arrayType13

===========================================================================================
----------------- testing Sun Jun 07 14:39:01 UTC 2020 /home/travis/build/icyphy/ptII/ptolemy/actor/lib/test/auto/arrayType14.xml
----------------- Instantiating /home/travis/build/icyphy/ptII/ptolemy/actor/lib/test/auto/arrayType14.xml
1 ms. Memory: 533504K Free: 333643K (63%)
----------------- Invoking toplevel() on ptolemy.moml.MoMLSimpleApplication@22d43945
----------------- Done invoking toplevel() on ptolemy.moml.MoMLSimpleApplication@22d43945
reloadAllAccessors: .arrayType14

===========================================================================================
----------------- testing Sun Jun 07 14:39:01 UTC 2020 /home/travis/build/icyphy/ptII/ptolemy/actor/lib/test/auto/arrayType15.xml
----------------- Instantiating /home/travis/build/icyphy/ptII/ptolemy/actor/lib/test/auto/arrayType15.xml
3 ms. Memory: 533504K Free: 328523K (62%)
----------------- Invoking toplevel() on ptolemy.moml.MoMLSimpleApplication@5ad8d7d8
----------------- Done invoking toplevel() on ptolemy.moml.MoMLSimpleApplication@5ad8d7d8
reloadAllAccessors: .arrayType15

===========================================================================================
----------------- testing Sun Jun 07 14:39:01 UTC 2020 /home/travis/build/icyphy/ptII/ptolemy/actor/lib/test/auto/arrayType16.xml
----------------- Instantiating /home/travis/build/icyphy/ptII/ptolemy/actor/lib/test/auto/arrayType16.xml
1 ms. Memory: 533504K Free: 322893K (61%)
----------------- Invoking toplevel() on ptolemy.moml.MoMLSimpleApplication@559d8a2f
----------------- Done invoking toplevel() on ptolemy.moml.MoMLSimpleApplication@559d8a2f
reloadAllAccessors: .arrayType16

===========================================================================================
----------------- testing Sun Jun 07 14:39:01 UTC 2020 /home/travis/build/icyphy/ptII/ptolemy/actor/lib/test/auto/arrayType17.xml
----------------- Instantiating /home/travis/build/icyphy/ptII/ptolemy/actor/lib/test/auto/arrayType17.xml
1 ms. Memory: 533504K Free: 317773K (60%)
----------------- Invoking toplevel() on ptolemy.moml.MoMLSimpleApplication@2d8a7b72
----------------- Done invoking toplevel() on ptolemy.moml.MoMLSimpleApplication@2d8a7b72
reloadAllAccessors: .arrayType17

===========================================================================================
----------------- testing Sun Jun 07 14:39:01 UTC 2020 /home/travis/build/icyphy/ptII/ptolemy/actor/lib/test/auto/arrayType18.xml
----------------- Instantiating /home/travis/build/icyphy/ptII/ptolemy/actor/lib/test/auto/arrayType18.xml
1 ms. Memory: 533504K Free: 313163K (59%)
----------------- Invoking toplevel() on ptolemy.moml.MoMLSimpleApplication@52b05e33
----------------- Done invoking toplevel() on ptolemy.moml.MoMLSimpleApplication@52b05e33
reloadAllAccessors: .arrayType18

===========================================================================================
----------------- testing Sun Jun 07 14:39:01 UTC 2020 /home/travis/build/icyphy/ptII/ptolemy/actor/lib/test/auto/arrayType19.xml
----------------- Instantiating /home/travis/build/icyphy/ptII/ptolemy/actor/lib/test/auto/arrayType19.xml
1 ms. Memory: 533504K Free: 308043K (58%)
----------------- Invoking toplevel() on ptolemy.moml.MoMLSimpleApplication@53ddc74e
----------------- Done invoking toplevel() on ptolemy.moml.MoMLSimpleApplication@53ddc74e
reloadAllAccessors: .arrayType19

===========================================================================================
----------------- testing Sun Jun 07 14:39:01 UTC 2020 /home/travis/build/icyphy/ptII/ptolemy/actor/lib/test/auto/arrayType2.xml
----------------- Instantiating /home/travis/build/icyphy/ptII/ptolemy/actor/lib/test/auto/arrayType2.xml
2 ms. Memory: 533504K Free: 302923K (57%)
----------------- Invoking toplevel() on ptolemy.moml.MoMLSimpleApplication@d94bcb7
----------------- Done invoking toplevel() on ptolemy.moml.MoMLSimpleApplication@d94bcb7
reloadAllAccessors: .arrayType2

===========================================================================================
----------------- testing Sun Jun 07 14:39:01 UTC 2020 /home/travis/build/icyphy/ptII/ptolemy/actor/lib/test/auto/arrayType20.xml
----------------- Instantiating /home/travis/build/icyphy/ptII/ptolemy/actor/lib/test/auto/arrayType20.xml
1 ms. Memory: 533504K Free: 298317K (56%)
----------------- Invoking toplevel() on ptolemy.moml.MoMLSimpleApplication@414c5670
----------------- Done invoking toplevel() on ptolemy.moml.MoMLSimpleApplication@414c5670
reloadAllAccessors: .arrayType20

===========================================================================================
----------------- testing Sun Jun 07 14:39:01 UTC 2020 /home/travis/build/icyphy/ptII/ptolemy/actor/lib/test/auto/arrayType21.xml
----------------- Instantiating /home/travis/build/icyphy/ptII/ptolemy/actor/lib/test/auto/arrayType21.xml
1 ms. Memory: 533504K Free: 293197K (55%)
----------------- Invoking toplevel() on ptolemy.moml.MoMLSimpleApplication@7000a596
----------------- Done invoking toplevel() on ptolemy.moml.MoMLSimpleApplication@7000a596
reloadAllAccessors: .arrayType21

===========================================================================================
----------------- testing Sun Jun 07 14:39:01 UTC 2020 /home/travis/build/icyphy/ptII/ptolemy/actor/lib/test/auto/arrayType22.xml
----------------- Instantiating /home/travis/build/icyphy/ptII/ptolemy/actor/lib/test/auto/arrayType22.xml
1 ms. Memory: 533504K Free: 288587K (54%)
----------------- Invoking toplevel() on ptolemy.moml.MoMLSimpleApplication@503c574e
----------------- Done invoking toplevel() on ptolemy.moml.MoMLSimpleApplication@503c574e
reloadAllAccessors: .arrayType22

===========================================================================================
----------------- testing Sun Jun 07 14:39:01 UTC 2020 /home/travis/build/icyphy/ptII/ptolemy/actor/lib/test/auto/arrayType23.xml
----------------- Instantiating /home/travis/build/icyphy/ptII/ptolemy/actor/lib/test/auto/arrayType23.xml
1 ms. Memory: 533504K Free: 283981K (53%)
----------------- Invoking toplevel() on ptolemy.moml.MoMLSimpleApplication@ad7323a
----------------- Done invoking toplevel() on ptolemy.moml.MoMLSimpleApplication@ad7323a
reloadAllAccessors: .arrayType23

===========================================================================================
----------------- testing Sun Jun 07 14:39:01 UTC 2020 /home/travis/build/icyphy/ptII/ptolemy/actor/lib/test/auto/arrayType24.xml
----------------- Instantiating /home/travis/build/icyphy/ptII/ptolemy/actor/lib/test/auto/arrayType24.xml
1 ms. Memory: 533504K Free: 279371K (52%)
----------------- Invoking toplevel() on ptolemy.moml.MoMLSimpleApplication@4b9e8c11
----------------- Done invoking toplevel() on ptolemy.moml.MoMLSimpleApplication@4b9e8c11
reloadAllAccessors: .arrayType24

===========================================================================================
----------------- testing Sun Jun 07 14:39:01 UTC 2020 /home/travis/build/icyphy/ptII/ptolemy/actor/lib/test/auto/arrayType25.xml
----------------- Instantiating /home/travis/build/icyphy/ptII/ptolemy/actor/lib/test/auto/arrayType25.xml
1 ms. Memory: 533504K Free: 273741K (51%)
----------------- Invoking toplevel() on ptolemy.moml.MoMLSimpleApplication@59af8b12
----------------- Done invoking toplevel() on ptolemy.moml.MoMLSimpleApplication@59af8b12
reloadAllAccessors: .arrayType25

===========================================================================================
----------------- testing Sun Jun 07 14:39:01 UTC 2020 /home/travis/build/icyphy/ptII/ptolemy/actor/lib/test/auto/arrayType26.xml
----------------- Instantiating /home/travis/build/icyphy/ptII/ptolemy/actor/lib/test/auto/arrayType26.xml
2 ms. Memory: 533504K Free: 268621K (50%)
----------------- Invoking toplevel() on ptolemy.moml.MoMLSimpleApplication@49396cdf
----------------- Done invoking toplevel() on ptolemy.moml.MoMLSimpleApplication@49396cdf
reloadAllAccessors: .arrayType26

===========================================================================================
----------------- testing Sun Jun 07 14:39:01 UTC 2020 /home/travis/build/icyphy/ptII/ptolemy/actor/lib/test/auto/arrayType27.xml
----------------- Instantiating /home/travis/build/icyphy/ptII/ptolemy/actor/lib/test/auto/arrayType27.xml
1 ms. Memory: 533504K Free: 263501K (49%)
----------------- Invoking toplevel() on ptolemy.moml.MoMLSimpleApplication@40526a89
----------------- Done invoking toplevel() on ptolemy.moml.MoMLSimpleApplication@40526a89
reloadAllAccessors: .arrayType27

===========================================================================================
----------------- testing Sun Jun 07 14:39:01 UTC 2020 /home/travis/build/icyphy/ptII/ptolemy/actor/lib/test/auto/arrayType28.xml
----------------- Instantiating /home/travis/build/icyphy/ptII/ptolemy/actor/lib/test/auto/arrayType28.xml
2 ms. Memory: 533504K Free: 257867K (48%)
----------------- Invoking toplevel() on ptolemy.moml.MoMLSimpleApplication@67f9c45f
----------------- Done invoking toplevel() on ptolemy.moml.MoMLSimpleApplication@67f9c45f
reloadAllAccessors: .arrayType28

===========================================================================================
----------------- testing Sun Jun 07 14:39:01 UTC 2020 /home/travis/build/icyphy/ptII/ptolemy/actor/lib/test/auto/arrayType3.xml
----------------- Instantiating /home/travis/build/icyphy/ptII/ptolemy/actor/lib/test/auto/arrayType3.xml
5 ms. Memory: 533504K Free: 252747K (47%)
----------------- Invoking toplevel() on ptolemy.moml.MoMLSimpleApplication@66acf424
----------------- Done invoking toplevel() on ptolemy.moml.MoMLSimpleApplication@66acf424
reloadAllAccessors: .arrayType3

===========================================================================================
----------------- testing Sun Jun 07 14:39:01 UTC 2020 /home/travis/build/icyphy/ptII/ptolemy/actor/lib/test/auto/arrayType4.xml
----------------- Instantiating /home/travis/build/icyphy/ptII/ptolemy/actor/lib/test/auto/arrayType4.xml
1 ms. Memory: 533504K Free: 247627K (46%)
----------------- Invoking toplevel() on ptolemy.moml.MoMLSimpleApplication@3ff96297
----------------- Done invoking toplevel() on ptolemy.moml.MoMLSimpleApplication@3ff96297
reloadAllAccessors: .arrayType4

===========================================================================================
----------------- testing Sun Jun 07 14:39:01 UTC 2020 /home/travis/build/icyphy/ptII/ptolemy/actor/lib/test/auto/arrayType5.xml
----------------- Instantiating /home/travis/build/icyphy/ptII/ptolemy/actor/lib/test/auto/arrayType5.xml
1 ms. Memory: 533504K Free: 241997K (45%)
----------------- Invoking toplevel() on ptolemy.moml.MoMLSimpleApplication@3cd79c2
----------------- Done invoking toplevel() on ptolemy.moml.MoMLSimpleApplication@3cd79c2
reloadAllAccessors: .arrayType5

===========================================================================================
----------------- testing Sun Jun 07 14:39:01 UTC 2020 /home/travis/build/icyphy/ptII/ptolemy/actor/lib/test/auto/arrayType6.xml
----------------- Instantiating /home/travis/build/icyphy/ptII/ptolemy/actor/lib/test/auto/arrayType6.xml
2 ms. Memory: 533504K Free: 237387K (44%)
----------------- Invoking toplevel() on ptolemy.moml.MoMLSimpleApplication@6641d647
----------------- Done invoking toplevel() on ptolemy.moml.MoMLSimpleApplication@6641d647
reloadAllAccessors: .arrayType6

===========================================================================================
----------------- testing Sun Jun 07 14:39:01 UTC 2020 /home/travis/build/icyphy/ptII/ptolemy/actor/lib/test/auto/arrayType7.xml
----------------- Instantiating /home/travis/build/icyphy/ptII/ptolemy/actor/lib/test/auto/arrayType7.xml
1 ms. Memory: 533504K Free: 232781K (44%)
----------------- Invoking toplevel() on ptolemy.moml.MoMLSimpleApplication@5a19cde2
----------------- Done invoking toplevel() on ptolemy.moml.MoMLSimpleApplication@5a19cde2
reloadAllAccessors: .arrayType7

===========================================================================================
----------------- testing Sun Jun 07 14:39:01 UTC 2020 /home/travis/build/icyphy/ptII/ptolemy/actor/lib/test/auto/arrayType8.xml
----------------- Instantiating /home/travis/build/icyphy/ptII/ptolemy/actor/lib/test/auto/arrayType8.xml
2 ms. Memory: 533504K Free: 227661K (43%)
----------------- Invoking toplevel() on ptolemy.moml.MoMLSimpleApplication@78d2b8a9
----------------- Done invoking toplevel() on ptolemy.moml.MoMLSimpleApplication@78d2b8a9
reloadAllAccessors: .arrayType8

===========================================================================================
----------------- testing Sun Jun 07 14:39:01 UTC 2020 /home/travis/build/icyphy/ptII/ptolemy/actor/lib/test/auto/arrayType9.xml
----------------- Instantiating /home/travis/build/icyphy/ptII/ptolemy/actor/lib/test/auto/arrayType9.xml
1 ms. Memory: 533504K Free: 223051K (42%)
----------------- Invoking toplevel() on ptolemy.moml.MoMLSimpleApplication@61afdec8
----------------- Done invoking toplevel() on ptolemy.moml.MoMLSimpleApplication@61afdec8
reloadAllAccessors: .arrayType9

===========================================================================================
----------------- testing Sun Jun 07 14:39:01 UTC 2020 /home/travis/build/icyphy/ptII/ptolemy/actor/lib/test/auto/cast.xml
----------------- Instantiating /home/travis/build/icyphy/ptII/ptolemy/actor/lib/test/auto/cast.xml
1 ms. Memory: 533504K Free: 218445K (41%)
----------------- Invoking toplevel() on ptolemy.moml.MoMLSimpleApplication@21b0808a
----------------- Done invoking toplevel() on ptolemy.moml.MoMLSimpleApplication@21b0808a
reloadAllAccessors: .cast

===========================================================================================
----------------- testing Sun Jun 07 14:39:01 UTC 2020 /home/travis/build/icyphy/ptII/ptolemy/actor/lib/test/auto/compositeMultiPort.xml
----------------- Instantiating /home/travis/build/icyphy/ptII/ptolemy/actor/lib/test/auto/compositeMultiPort.xml
3 ms. Memory: 533504K Free: 209229K (39%)
----------------- Invoking toplevel() on ptolemy.moml.MoMLSimpleApplication@1a9f9bd1
----------------- Done invoking toplevel() on ptolemy.moml.MoMLSimpleApplication@1a9f9bd1
reloadAllAccessors: .compositeMultiPort

===========================================================================================
----------------- testing Sun Jun 07 14:39:01 UTC 2020 /home/travis/build/icyphy/ptII/ptolemy/actor/lib/test/auto/expressionCastInference.xml
----------------- Instantiating /home/travis/build/icyphy/ptII/ptolemy/actor/lib/test/auto/expressionCastInference.xml
1 ms. Memory: 533504K Free: 204619K (38%)
----------------- Invoking toplevel() on ptolemy.moml.MoMLSimpleApplication@397a8a14
----------------- Done invoking toplevel() on ptolemy.moml.MoMLSimpleApplication@397a8a14
reloadAllAccessors: .expressionCastInference

===========================================================================================
----------------- testing Sun Jun 07 14:39:01 UTC 2020 /home/travis/build/icyphy/ptII/ptolemy/actor/lib/test/auto/expressionCastInference2.xml
----------------- Instantiating /home/travis/build/icyphy/ptII/ptolemy/actor/lib/test/auto/expressionCastInference2.xml
2 ms. Memory: 533504K Free: 200013K (37%)
----------------- Invoking toplevel() on ptolemy.moml.MoMLSimpleApplication@22f7a8e9
----------------- Done invoking toplevel() on ptolemy.moml.MoMLSimpleApplication@22f7a8e9
reloadAllAccessors: .expressionCastInference2

===========================================================================================
----------------- testing Sun Jun 07 14:39:01 UTC 2020 /home/travis/build/icyphy/ptII/ptolemy/actor/lib/test/auto/expressionInference.xml
----------------- Instantiating /home/travis/build/icyphy/ptII/ptolemy/actor/lib/test/auto/expressionInference.xml
1 ms. Memory: 533504K Free: 195403K (37%)
----------------- Invoking toplevel() on ptolemy.moml.MoMLSimpleApplication@63d136fc
----------------- Done invoking toplevel() on ptolemy.moml.MoMLSimpleApplication@63d136fc
reloadAllAccessors: .expressionInference

===========================================================================================
----------------- testing Sun Jun 07 14:39:01 UTC 2020 /home/travis/build/icyphy/ptII/ptolemy/actor/lib/test/auto/expression_bug.xml
----------------- Instantiating /home/travis/build/icyphy/ptII/ptolemy/actor/lib/test/auto/expression_bug.xml
1 ms. Memory: 533504K Free: 191307K (36%)
----------------- Invoking toplevel() on ptolemy.moml.MoMLSimpleApplication@56fb4163
----------------- Done invoking toplevel() on ptolemy.moml.MoMLSimpleApplication@56fb4163
reloadAllAccessors: .expression_bug

===========================================================================================
----------------- testing Sun Jun 07 14:39:01 UTC 2020 /home/travis/build/icyphy/ptII/ptolemy/actor/lib/test/auto/factorial.xml
----------------- Instantiating /home/travis/build/icyphy/ptII/ptolemy/actor/lib/test/auto/factorial.xml
32 ms. Memory: 533504K Free: 182605K (34%)
----------------- Invoking toplevel() on ptolemy.moml.MoMLSimpleApplication@35f91bca
----------------- Done invoking toplevel() on ptolemy.moml.MoMLSimpleApplication@35f91bca
reloadAllAccessors: .factorial

===========================================================================================
----------------- testing Sun Jun 07 14:39:01 UTC 2020 /home/travis/build/icyphy/ptII/ptolemy/actor/lib/test/auto/filterTest1.xml
----------------- Instantiating /home/travis/build/icyphy/ptII/ptolemy/actor/lib/test/auto/filterTest1.xml
2 ms. Memory: 533504K Free: 176957K (33%)
----------------- Invoking toplevel() on ptolemy.moml.MoMLSimpleApplication@3b544db3
----------------- Done invoking toplevel() on ptolemy.moml.MoMLSimpleApplication@3b544db3
reloadAllAccessors: .filterTest1

===========================================================================================
----------------- testing Sun Jun 07 14:39:01 UTC 2020 /home/travis/build/icyphy/ptII/ptolemy/actor/lib/test/auto/funcApplyInConst.xml
----------------- Instantiating /home/travis/build/icyphy/ptII/ptolemy/actor/lib/test/auto/funcApplyInConst.xml
0 ms. Memory: 533504K Free: 173389K (33%)
----------------- Invoking toplevel() on ptolemy.moml.MoMLSimpleApplication@57abd5a7
----------------- Done invoking toplevel() on ptolemy.moml.MoMLSimpleApplication@57abd5a7
reloadAllAccessors: .funcApplyInConst

===========================================================================================
----------------- testing Sun Jun 07 14:39:01 UTC 2020 /home/travis/build/icyphy/ptII/ptolemy/actor/lib/test/auto/funcApplyInExpr.xml
----------------- Instantiating /home/travis/build/icyphy/ptII/ptolemy/actor/lib/test/auto/funcApplyInExpr.xml
2 ms. Memory: 533504K Free: 477208K (89%)
----------------- Invoking toplevel() on ptolemy.moml.MoMLSimpleApplication@4aaacc14
----------------- Done invoking toplevel() on ptolemy.moml.MoMLSimpleApplication@4aaacc14
reloadAllAccessors: .funcApplyInExpr

===========================================================================================
----------------- testing Sun Jun 07 14:39:01 UTC 2020 /home/travis/build/icyphy/ptII/ptolemy/actor/lib/test/auto/function.xml
----------------- Instantiating /home/travis/build/icyphy/ptII/ptolemy/actor/lib/test/auto/function.xml
2 ms. Memory: 533504K Free: 472088K (88%)
----------------- Invoking toplevel() on ptolemy.moml.MoMLSimpleApplication@f7fecc2
----------------- Done invoking toplevel() on ptolemy.moml.MoMLSimpleApplication@f7fecc2
reloadAllAccessors: .function

===========================================================================================
----------------- testing Sun Jun 07 14:39:01 UTC 2020 /home/travis/build/icyphy/ptII/ptolemy/actor/lib/test/auto/function2.xml
----------------- Instantiating /home/travis/build/icyphy/ptII/ptolemy/actor/lib/test/auto/function2.xml
2 ms. Memory: 533504K Free: 467482K (88%)
----------------- Invoking toplevel() on ptolemy.moml.MoMLSimpleApplication@2b3a4165
----------------- Done invoking toplevel() on ptolemy.moml.MoMLSimpleApplication@2b3a4165
reloadAllAccessors: .function2

===========================================================================================
----------------- testing Sun Jun 07 14:39:01 UTC 2020 /home/travis/build/icyphy/ptII/ptolemy/actor/lib/test/auto/function3.xml
----------------- Instantiating /home/travis/build/icyphy/ptII/ptolemy/actor/lib/test/auto/function3.xml
2 ms. Memory: 533504K Free: 463386K (87%)
----------------- Invoking toplevel() on ptolemy.moml.MoMLSimpleApplication@5eb0c9a8
----------------- Done invoking toplevel() on ptolemy.moml.MoMLSimpleApplication@5eb0c9a8
reloadAllAccessors: .function3

===========================================================================================
----------------- testing Sun Jun 07 14:39:02 UTC 2020 /home/travis/build/icyphy/ptII/ptolemy/actor/lib/test/auto/functionClosureTest1.xml
----------------- Instantiating /home/travis/build/icyphy/ptII/ptolemy/actor/lib/test/auto/functionClosureTest1.xml
7 ms. Memory: 533504K Free: 457752K (86%)
----------------- Invoking toplevel() on ptolemy.moml.MoMLSimpleApplication@52374ca8
----------------- Done invoking toplevel() on ptolemy.moml.MoMLSimpleApplication@52374ca8
reloadAllAccessors: .functionClosureTest1

===========================================================================================
----------------- testing Sun Jun 07 14:39:02 UTC 2020 /home/travis/build/icyphy/ptII/ptolemy/actor/lib/test/auto/functionClosureTest2.xml
----------------- Instantiating /home/travis/build/icyphy/ptII/ptolemy/actor/lib/test/auto/functionClosureTest2.xml
2 ms. Memory: 533504K Free: 454170K (85%)
----------------- Invoking toplevel() on ptolemy.moml.MoMLSimpleApplication@17789445
----------------- Done invoking toplevel() on ptolemy.moml.MoMLSimpleApplication@17789445
reloadAllAccessors: .functionClosureTest2

===========================================================================================
----------------- testing Sun Jun 07 14:39:02 UTC 2020 /home/travis/build/icyphy/ptII/ptolemy/actor/lib/test/auto/functionClosureTest3.xml
----------------- Instantiating /home/travis/build/icyphy/ptII/ptolemy/actor/lib/test/auto/functionClosureTest3.xml
2 ms. Memory: 533504K Free: 448522K (84%)
----------------- Invoking toplevel() on ptolemy.moml.MoMLSimpleApplication@695ede26
----------------- Done invoking toplevel() on ptolemy.moml.MoMLSimpleApplication@695ede26
reloadAllAccessors: .functionClosureTest3

===========================================================================================
----------------- testing Sun Jun 07 14:39:02 UTC 2020 /home/travis/build/icyphy/ptII/ptolemy/actor/lib/test/auto/functionClosureTest4.xml
----------------- Instantiating /home/travis/build/icyphy/ptII/ptolemy/actor/lib/test/auto/functionClosureTest4.xml
7 ms. Memory: 533504K Free: 442392K (83%)
----------------- Invoking toplevel() on ptolemy.moml.MoMLSimpleApplication@55f3373d
----------------- Done invoking toplevel() on ptolemy.moml.MoMLSimpleApplication@55f3373d
reloadAllAccessors: .functionClosureTest4

===========================================================================================
----------------- testing Sun Jun 07 14:39:02 UTC 2020 /home/travis/build/icyphy/ptII/ptolemy/actor/lib/test/auto/functionClosureTest5.xml
----------------- Instantiating /home/travis/build/icyphy/ptII/ptolemy/actor/lib/test/auto/functionClosureTest5.xml
3 ms. Memory: 533504K Free: 436762K (82%)
----------------- Invoking toplevel() on ptolemy.moml.MoMLSimpleApplication@1c536f00
----------------- Done invoking toplevel() on ptolemy.moml.MoMLSimpleApplication@1c536f00
reloadAllAccessors: .functionClosureTest5

===========================================================================================
----------------- testing Sun Jun 07 14:39:02 UTC 2020 /home/travis/build/icyphy/ptII/ptolemy/actor/lib/test/auto/functionClosureTest6.xml
----------------- Instantiating /home/travis/build/icyphy/ptII/ptolemy/actor/lib/test/auto/functionClosureTest6.xml
2 ms. Memory: 533504K Free: 432138K (81%)
----------------- Invoking toplevel() on ptolemy.moml.MoMLSimpleApplication@5025d2f6
----------------- Done invoking toplevel() on ptolemy.moml.MoMLSimpleApplication@5025d2f6
reloadAllAccessors: .functionClosureTest6

===========================================================================================
----------------- testing Sun Jun 07 14:39:02 UTC 2020 /home/travis/build/icyphy/ptII/ptolemy/actor/lib/test/auto/functionsOnArcs.xml
----------------- Instantiating /home/travis/build/icyphy/ptII/ptolemy/actor/lib/test/auto/functionsOnArcs.xml
2 ms. Memory: 533504K Free: 427032K (80%)
----------------- Invoking toplevel() on ptolemy.moml.MoMLSimpleApplication@6a77c94d
----------------- Done invoking toplevel() on ptolemy.moml.MoMLSimpleApplication@6a77c94d
reloadAllAccessors: .functionsOnArcs

===========================================================================================
----------------- testing Sun Jun 07 14:39:02 UTC 2020 /home/travis/build/icyphy/ptII/ptolemy/actor/lib/test/auto/functionsOnArcsHOF.xml
----------------- Instantiating /home/travis/build/icyphy/ptII/ptolemy/actor/lib/test/auto/functionsOnArcsHOF.xml
3 ms. Memory: 533504K Free: 420888K (79%)
----------------- Invoking toplevel() on ptolemy.moml.MoMLSimpleApplication@38b7a38b
----------------- Done invoking toplevel() on ptolemy.moml.MoMLSimpleApplication@38b7a38b
reloadAllAccessors: .functionsOnArcsHOF

===========================================================================================
----------------- testing Sun Jun 07 14:39:02 UTC 2020 /home/travis/build/icyphy/ptII/ptolemy/actor/lib/test/auto/logic.xml
----------------- Instantiating /home/travis/build/icyphy/ptII/ptolemy/actor/lib/test/auto/logic.xml
2 ms. Memory: 533504K Free: 413720K (78%)
----------------- Invoking toplevel() on ptolemy.moml.MoMLSimpleApplication@738dcaf5
----------------- Done invoking toplevel() on ptolemy.moml.MoMLSimpleApplication@738dcaf5
reloadAllAccessors: .logic

===========================================================================================
----------------- testing Sun Jun 07 14:39:02 UTC 2020 /home/travis/build/icyphy/ptII/ptolemy/actor/lib/test/auto/matrixType.xml
----------------- Instantiating /home/travis/build/icyphy/ptII/ptolemy/actor/lib/test/auto/matrixType.xml
1 ms. Memory: 533504K Free: 408600K (77%)
----------------- Invoking toplevel() on ptolemy.moml.MoMLSimpleApplication@245fc506
----------------- Done invoking toplevel() on ptolemy.moml.MoMLSimpleApplication@245fc506
reloadAllAccessors: .matrixType

===========================================================================================
----------------- testing Sun Jun 07 14:39:02 UTC 2020 /home/travis/build/icyphy/ptII/ptolemy/actor/lib/test/auto/matrixType10.xml
----------------- Instantiating /home/travis/build/icyphy/ptII/ptolemy/actor/lib/test/auto/matrixType10.xml
1 ms. Memory: 533504K Free: 403994K (76%)
----------------- Invoking toplevel() on ptolemy.moml.MoMLSimpleApplication@68efecfb
----------------- Done invoking toplevel() on ptolemy.moml.MoMLSimpleApplication@68efecfb
reloadAllAccessors: .matrixType10

===========================================================================================
----------------- testing Sun Jun 07 14:39:02 UTC 2020 /home/travis/build/icyphy/ptII/ptolemy/actor/lib/test/auto/matrixType11.xml
----------------- Instantiating /home/travis/build/icyphy/ptII/ptolemy/actor/lib/test/auto/matrixType11.xml
1 ms. Memory: 533504K Free: 399384K (75%)
----------------- Invoking toplevel() on ptolemy.moml.MoMLSimpleApplication@2f5c4e0d
----------------- Done invoking toplevel() on ptolemy.moml.MoMLSimpleApplication@2f5c4e0d
reloadAllAccessors: .matrixType11

===========================================================================================
----------------- testing Sun Jun 07 14:39:02 UTC 2020 /home/travis/build/icyphy/ptII/ptolemy/actor/lib/test/auto/matrixType12.xml
----------------- Instantiating /home/travis/build/icyphy/ptII/ptolemy/actor/lib/test/auto/matrixType12.xml
1 ms. Memory: 533504K Free: 394264K (74%)
----------------- Invoking toplevel() on ptolemy.moml.MoMLSimpleApplication@10b8523
----------------- Done invoking toplevel() on ptolemy.moml.MoMLSimpleApplication@10b8523
reloadAllAccessors: .matrixType12

===========================================================================================
----------------- testing Sun Jun 07 14:39:02 UTC 2020 /home/travis/build/icyphy/ptII/ptolemy/actor/lib/test/auto/matrixType13.xml
----------------- Instantiating /home/travis/build/icyphy/ptII/ptolemy/actor/lib/test/auto/matrixType13.xml
1 ms. Memory: 533504K Free: 389658K (73%)
----------------- Invoking toplevel() on ptolemy.moml.MoMLSimpleApplication@1e01101d
----------------- Done invoking toplevel() on ptolemy.moml.MoMLSimpleApplication@1e01101d
reloadAllAccessors: .matrixType13

===========================================================================================
----------------- testing Sun Jun 07 14:39:02 UTC 2020 /home/travis/build/icyphy/ptII/ptolemy/actor/lib/test/auto/matrixType14.xml
----------------- Instantiating /home/travis/build/icyphy/ptII/ptolemy/actor/lib/test/auto/matrixType14.xml
1 ms. Memory: 533504K Free: 384010K (72%)
----------------- Invoking toplevel() on ptolemy.moml.MoMLSimpleApplication@466fd930
----------------- Done invoking toplevel() on ptolemy.moml.MoMLSimpleApplication@466fd930
reloadAllAccessors: .matrixType14

===========================================================================================
----------------- testing Sun Jun 07 14:39:02 UTC 2020 /home/travis/build/icyphy/ptII/ptolemy/actor/lib/test/auto/matrixType2.xml
----------------- Instantiating /home/travis/build/icyphy/ptII/ptolemy/actor/lib/test/auto/matrixType2.xml
2 ms. Memory: 533504K Free: 378904K (71%)
----------------- Invoking toplevel() on ptolemy.moml.MoMLSimpleApplication@5bd41a5f
----------------- Done invoking toplevel() on ptolemy.moml.MoMLSimpleApplication@5bd41a5f
reloadAllAccessors: .matrixType2

===========================================================================================
----------------- testing Sun Jun 07 14:39:02 UTC 2020 /home/travis/build/icyphy/ptII/ptolemy/actor/lib/test/auto/matrixType3.xml
----------------- Instantiating /home/travis/build/icyphy/ptII/ptolemy/actor/lib/test/auto/matrixType3.xml
3 ms. Memory: 533504K Free: 373784K (70%)
----------------- Invoking toplevel() on ptolemy.moml.MoMLSimpleApplication@7debdfc9
----------------- Done invoking toplevel() on ptolemy.moml.MoMLSimpleApplication@7debdfc9
reloadAllAccessors: .matrixType3

===========================================================================================
----------------- testing Sun Jun 07 14:39:02 UTC 2020 /home/travis/build/icyphy/ptII/ptolemy/actor/lib/test/auto/matrixType4.xml
----------------- Instantiating /home/travis/build/icyphy/ptII/ptolemy/actor/lib/test/auto/matrixType4.xml
1 ms. Memory: 533504K Free: 369178K (69%)
----------------- Invoking toplevel() on ptolemy.moml.MoMLSimpleApplication@199e3757
----------------- Done invoking toplevel() on ptolemy.moml.MoMLSimpleApplication@199e3757
reloadAllAccessors: .matrixType4

===========================================================================================
----------------- testing Sun Jun 07 14:39:02 UTC 2020 /home/travis/build/icyphy/ptII/ptolemy/actor/lib/test/auto/matrixType5.xml
----------------- Instantiating /home/travis/build/icyphy/ptII/ptolemy/actor/lib/test/auto/matrixType5.xml
1 ms. Memory: 533504K Free: 364568K (68%)
----------------- Invoking toplevel() on ptolemy.moml.MoMLSimpleApplication@2205ab39
----------------- Done invoking toplevel() on ptolemy.moml.MoMLSimpleApplication@2205ab39
reloadAllAccessors: .matrixType5

===========================================================================================
----------------- testing Sun Jun 07 14:39:02 UTC 2020 /home/travis/build/icyphy/ptII/ptolemy/actor/lib/test/auto/matrixType6.xml
----------------- Instantiating /home/travis/build/icyphy/ptII/ptolemy/actor/lib/test/auto/matrixType6.xml
1 ms. Memory: 533504K Free: 359448K (67%)
----------------- Invoking toplevel() on ptolemy.moml.MoMLSimpleApplication@f6f9e44
----------------- Done invoking toplevel() on ptolemy.moml.MoMLSimpleApplication@f6f9e44
reloadAllAccessors: .matrixType6

===========================================================================================
----------------- testing Sun Jun 07 14:39:02 UTC 2020 /home/travis/build/icyphy/ptII/ptolemy/actor/lib/test/auto/matrixType7.xml
----------------- Instantiating /home/travis/build/icyphy/ptII/ptolemy/actor/lib/test/auto/matrixType7.xml
1 ms. Memory: 533504K Free: 354842K (67%)
----------------- Invoking toplevel() on ptolemy.moml.MoMLSimpleApplication@7d7e6403
----------------- Done invoking toplevel() on ptolemy.moml.MoMLSimpleApplication@7d7e6403
reloadAllAccessors: .matrixType7

===========================================================================================
----------------- testing Sun Jun 07 14:39:02 UTC 2020 /home/travis/build/icyphy/ptII/ptolemy/actor/lib/test/auto/matrixType8.xml
----------------- Instantiating /home/travis/build/icyphy/ptII/ptolemy/actor/lib/test/auto/matrixType8.xml
1 ms. Memory: 533504K Free: 349722K (66%)
----------------- Invoking toplevel() on ptolemy.moml.MoMLSimpleApplication@6877e2a7
----------------- Done invoking toplevel() on ptolemy.moml.MoMLSimpleApplication@6877e2a7
reloadAllAccessors: .matrixType8

===========================================================================================
----------------- testing Sun Jun 07 14:39:02 UTC 2020 /home/travis/build/icyphy/ptII/ptolemy/actor/lib/test/auto/matrixType9.xml
----------------- Instantiating /home/travis/build/icyphy/ptII/ptolemy/actor/lib/test/auto/matrixType9.xml
1 ms. Memory: 533504K Free: 345112K (65%)
----------------- Invoking toplevel() on ptolemy.moml.MoMLSimpleApplication@3341eaac
----------------- Done invoking toplevel() on ptolemy.moml.MoMLSimpleApplication@3341eaac
reloadAllAccessors: .matrixType9

===========================================================================================
----------------- testing Sun Jun 07 14:39:02 UTC 2020 /home/travis/build/icyphy/ptII/ptolemy/actor/lib/test/auto/paraFunctest.xml
----------------- Instantiating /home/travis/build/icyphy/ptII/ptolemy/actor/lib/test/auto/paraFunctest.xml
1 ms. Memory: 533504K Free: 341016K (64%)
----------------- Invoking toplevel() on ptolemy.moml.MoMLSimpleApplication@3380e15e
----------------- Done invoking toplevel() on ptolemy.moml.MoMLSimpleApplication@3380e15e
reloadAllAccessors: .paraFunctest

===========================================================================================
----------------- testing Sun Jun 07 14:39:02 UTC 2020 /home/travis/build/icyphy/ptII/ptolemy/actor/lib/test/auto/paraFunctest2.xml
----------------- Instantiating /home/travis/build/icyphy/ptII/ptolemy/actor/lib/test/auto/paraFunctest2.xml
1 ms. Memory: 533504K Free: 336920K (63%)
----------------- Invoking toplevel() on ptolemy.moml.MoMLSimpleApplication@4b9085be
----------------- Done invoking toplevel() on ptolemy.moml.MoMLSimpleApplication@4b9085be
reloadAllAccessors: .paraFunctest2

===========================================================================================
----------------- testing Sun Jun 07 14:39:02 UTC 2020 /home/travis/build/icyphy/ptII/ptolemy/actor/lib/test/auto/parameterPassing.xml
----------------- Instantiating /home/travis/build/icyphy/ptII/ptolemy/actor/lib/test/auto/parameterPassing.xml
1 ms. Memory: 533504K Free: 332314K (62%)
----------------- Invoking toplevel() on ptolemy.moml.MoMLSimpleApplication@5bcbd22e
----------------- Done invoking toplevel() on ptolemy.moml.MoMLSimpleApplication@5bcbd22e
reloadAllAccessors: .parameterPassing

===========================================================================================
----------------- testing Sun Jun 07 14:39:02 UTC 2020 /home/travis/build/icyphy/ptII/ptolemy/actor/lib/test/auto/record.xml
----------------- Instantiating /home/travis/build/icyphy/ptII/ptolemy/actor/lib/test/auto/record.xml
2 ms. Memory: 533504K Free: 327704K (61%)
----------------- Invoking toplevel() on ptolemy.moml.MoMLSimpleApplication@2a07af83
----------------- Done invoking toplevel() on ptolemy.moml.MoMLSimpleApplication@2a07af83
reloadAllAccessors: .record

===========================================================================================
----------------- testing Sun Jun 07 14:39:02 UTC 2020 /home/travis/build/icyphy/ptII/ptolemy/actor/lib/test/auto/sizedarray1.xml
----------------- Instantiating /home/travis/build/icyphy/ptII/ptolemy/actor/lib/test/auto/sizedarray1.xml
1 ms. Memory: 533504K Free: 322584K (60%)
----------------- Invoking toplevel() on ptolemy.moml.MoMLSimpleApplication@23c8c6c
----------------- Done invoking toplevel() on ptolemy.moml.MoMLSimpleApplication@23c8c6c
reloadAllAccessors: .sizedarray1

===========================================================================================
----------------- testing Sun Jun 07 14:39:02 UTC 2020 /home/travis/build/icyphy/ptII/ptolemy/actor/lib/test/auto/sizedarray2.xml
----------------- Instantiating /home/travis/build/icyphy/ptII/ptolemy/actor/lib/test/auto/sizedarray2.xml
2 ms. Memory: 533504K Free: 316954K (59%)
----------------- Invoking toplevel() on ptolemy.moml.MoMLSimpleApplication@29b3c781
----------------- Done invoking toplevel() on ptolemy.moml.MoMLSimpleApplication@29b3c781
reloadAllAccessors: .sizedarray2

===========================================================================================
----------------- testing Sun Jun 07 14:39:02 UTC 2020 /home/travis/build/icyphy/ptII/ptolemy/actor/lib/test/auto/twoPublishers.xml
----------------- Instantiating /home/travis/build/icyphy/ptII/ptolemy/actor/lib/test/auto/twoPublishers.xml
9 ms. Memory: 533504K Free: 306714K (57%)
----------------- Invoking toplevel() on ptolemy.moml.MoMLSimpleApplication@2abe6b40
----------------- Done invoking toplevel() on ptolemy.moml.MoMLSimpleApplication@2abe6b40
reloadAllAccessors: .twoPublishers
AutoTests.java: About to close Vertx.
AutoTests.java: Vertx closed.
]]></system-out>
  <system-err><![CDATA[java.lang.RuntimeException: Execution failed
	at ptolemy.moml.MoMLSimpleApplication$UnloadThread.run(MoMLSimpleApplication.java:402)
Caused by: java.lang.RuntimeException: StringUtilities.exit() was called. Normally, we would exit here because Manager.exitAfterWrapup() was called.  However, because the ptolemy.ptII.exitAfterWrapup property is set, we throw this exception instead.
	at ptolemy.util.StringUtilities.exit(StringUtilities.java:365)
	at ptolemy.actor.Manager.wrapup(Manager.java:1549)
	at ptolemy.actor.Manager.execute(Manager.java:407)
	at ptolemy.actor.Manager.run(Manager.java:1263)
	at ptolemy.actor.Manager$PtolemyRunThread.run(Manager.java:1933)
Warning: '.top.test' is in training mode, set the trainingMode parameter to false before checking in
Warning: '.top.test' is in training mode, set the trainingMode parameter to false before checking in
Warning: '.top.test' is in training mode, set the trainingMode parameter to false before checking in
Warning: '.BooleanSwitch_RegressionTest_WrongTrainingValues.Test' is in training mode, set the trainingMode parameter to false before checking in
Warning: '.BooleanSwitch_RegressionTest_WrongTrainingValues.Test2' is in training mode, set the trainingMode parameter to false before checking in
Warning: '.BooleanSwitch_RegressionTest_WrongTrainingValues.Test2' The test produced 0 tokens.
Warning: '.top.testExceptionHandler' is in training mode, set the trainingMode parameter to false before checking in
java.lang.RuntimeException: Execution failed
	at ptolemy.moml.MoMLSimpleApplication$UnloadThread.run(MoMLSimpleApplication.java:402)
Caused by: ptolemy.kernel.util.IllegalActionException: PublisherPorts cannot be used at the top level, use a Publisher actor instead.
  in .PublisherPortToplevelSubscriber.PublisherPort
	at ptolemy.actor.PublisherPort.preinitialize(PublisherPort.java:403)
	at ptolemy.actor.CompositeActor.preinitialize(CompositeActor.java:1769)
	at ptolemy.actor.Manager.preinitializeAndResolveTypes(Manager.java:1040)
	at ptolemy.actor.Manager.initialize(Manager.java:710)
	at ptolemy.actor.Manager.execute(Manager.java:356)
	at ptolemy.actor.Manager.run(Manager.java:1263)
	at ptolemy.actor.Manager$PtolemyRunThread.run(Manager.java:1933)
java.lang.reflect.InvocationTargetException
	at java.base/jdk.internal.reflect.NativeConstructorAccessorImpl.newInstance0(Native Method)
	at java.base/jdk.internal.reflect.NativeConstructorAccessorImpl.newInstance(NativeConstructorAccessorImpl.java:62)
	at java.base/jdk.internal.reflect.DelegatingConstructorAccessorImpl.newInstance(DelegatingConstructorAccessorImpl.java:45)
	at java.base/java.lang.reflect.Constructor.newInstance(Constructor.java:490)
	at ptolemy.util.test.junit.AutoKnownFailedTests.RunModel(AutoKnownFailedTests.java:105)
	at java.base/jdk.internal.reflect.NativeMethodAccessorImpl.invoke0(Native Method)
	at java.base/jdk.internal.reflect.NativeMethodAccessorImpl.invoke(NativeMethodAccessorImpl.java:62)
	at java.base/jdk.internal.reflect.DelegatingMethodAccessorImpl.invoke(DelegatingMethodAccessorImpl.java:43)
	at java.base/java.lang.reflect.Method.invoke(Method.java:566)
	at org.junit.runners.model.FrameworkMethod$1.runReflectiveCall(FrameworkMethod.java:44)
	at org.junit.internal.runners.model.ReflectiveCallable.run(ReflectiveCallable.java:15)
	at org.junit.runners.model.FrameworkMethod.invokeExplosively(FrameworkMethod.java:41)
	at junitparams.internal.InvokeParameterisedMethod.evaluate(InvokeParameterisedMethod.java:102)
	at org.junit.internal.runners.statements.FailOnTimeout$1.run(FailOnTimeout.java:28)
Caused by: ptolemy.kernel.util.IllegalActionException: PublisherPorts cannot be used at the top level, use a Publisher actor instead.
  in .PublisherPortToplevelSubscriber.PublisherPort
	at ptolemy.actor.PublisherPort.preinitialize(PublisherPort.java:403)
	at ptolemy.actor.CompositeActor.preinitialize(CompositeActor.java:1769)
	at ptolemy.actor.Manager.preinitializeAndResolveTypes(Manager.java:1040)
	at ptolemy.actor.Manager.initialize(Manager.java:710)
	at ptolemy.actor.Manager.execute(Manager.java:356)
	at ptolemy.actor.Manager.run(Manager.java:1263)
	at ptolemy.actor.Manager$PtolemyRunThread.run(Manager.java:1933)
java.lang.RuntimeException: Execution failed
	at ptolemy.moml.MoMLSimpleApplication$UnloadThread.run(MoMLSimpleApplication.java:402)
Caused by: ptolemy.kernel.util.IllegalActionException: SubscriberPorts cannot be used at the top level, use a Subscriber actor instead.
  in .PublisherSubscriberPortToplevel.SubscriberPort
	at ptolemy.actor.SubscriberPort.preinitialize(SubscriberPort.java:328)
	at ptolemy.actor.CompositeActor.preinitialize(CompositeActor.java:1769)
	at ptolemy.actor.Manager.preinitializeAndResolveTypes(Manager.java:1040)
	at ptolemy.actor.Manager.initialize(Manager.java:710)
	at ptolemy.actor.Manager.execute(Manager.java:356)
	at ptolemy.actor.Manager.run(Manager.java:1263)
	at ptolemy.actor.Manager$PtolemyRunThread.run(Manager.java:1933)
java.lang.reflect.InvocationTargetException
	at java.base/jdk.internal.reflect.NativeConstructorAccessorImpl.newInstance0(Native Method)
	at java.base/jdk.internal.reflect.NativeConstructorAccessorImpl.newInstance(NativeConstructorAccessorImpl.java:62)
	at java.base/jdk.internal.reflect.DelegatingConstructorAccessorImpl.newInstance(DelegatingConstructorAccessorImpl.java:45)
	at java.base/java.lang.reflect.Constructor.newInstance(Constructor.java:490)
	at ptolemy.util.test.junit.AutoKnownFailedTests.RunModel(AutoKnownFailedTests.java:105)
	at java.base/jdk.internal.reflect.NativeMethodAccessorImpl.invoke0(Native Method)
	at java.base/jdk.internal.reflect.NativeMethodAccessorImpl.invoke(NativeMethodAccessorImpl.java:62)
	at java.base/jdk.internal.reflect.DelegatingMethodAccessorImpl.invoke(DelegatingMethodAccessorImpl.java:43)
	at java.base/java.lang.reflect.Method.invoke(Method.java:566)
	at org.junit.runners.model.FrameworkMethod$1.runReflectiveCall(FrameworkMethod.java:44)
	at org.junit.internal.runners.model.ReflectiveCallable.run(ReflectiveCallable.java:15)
	at org.junit.runners.model.FrameworkMethod.invokeExplosively(FrameworkMethod.java:41)
	at junitparams.internal.InvokeParameterisedMethod.evaluate(InvokeParameterisedMethod.java:102)
	at org.junit.internal.runners.statements.FailOnTimeout$1.run(FailOnTimeout.java:28)
Caused by: ptolemy.kernel.util.IllegalActionException: SubscriberPorts cannot be used at the top level, use a Subscriber actor instead.
  in .PublisherSubscriberPortToplevel.SubscriberPort
	at ptolemy.actor.SubscriberPort.preinitialize(SubscriberPort.java:328)
	at ptolemy.actor.CompositeActor.preinitialize(CompositeActor.java:1769)
	at ptolemy.actor.Manager.preinitializeAndResolveTypes(Manager.java:1040)
	at ptolemy.actor.Manager.initialize(Manager.java:710)
	at ptolemy.actor.Manager.execute(Manager.java:356)
	at ptolemy.actor.Manager.run(Manager.java:1263)
	at ptolemy.actor.Manager$PtolemyRunThread.run(Manager.java:1933)
java.lang.RuntimeException: Execution failed
	at ptolemy.moml.MoMLSimpleApplication$UnloadThread.run(MoMLSimpleApplication.java:402)
Caused by: ptolemy.kernel.util.IllegalActionException: SubscriptionAggregatorPorts cannot be used at the top level, use a SubscriptionAggregator actor instead.
  in .PublisherSubscriptionAggregatorPort.SubscriptionAggregatorPort
	at ptolemy.actor.SubscriptionAggregatorPort.preinitialize(SubscriptionAggregatorPort.java:353)
	at ptolemy.actor.CompositeActor.preinitialize(CompositeActor.java:1769)
	at ptolemy.actor.Manager.preinitializeAndResolveTypes(Manager.java:1040)
	at ptolemy.actor.Manager.initialize(Manager.java:710)
	at ptolemy.actor.Manager.execute(Manager.java:356)
	at ptolemy.actor.Manager.run(Manager.java:1263)
	at ptolemy.actor.Manager$PtolemyRunThread.run(Manager.java:1933)
java.lang.reflect.InvocationTargetException
	at java.base/jdk.internal.reflect.NativeConstructorAccessorImpl.newInstance0(Native Method)
	at java.base/jdk.internal.reflect.NativeConstructorAccessorImpl.newInstance(NativeConstructorAccessorImpl.java:62)
	at java.base/jdk.internal.reflect.DelegatingConstructorAccessorImpl.newInstance(DelegatingConstructorAccessorImpl.java:45)
	at java.base/java.lang.reflect.Constructor.newInstance(Constructor.java:490)
	at ptolemy.util.test.junit.AutoKnownFailedTests.RunModel(AutoKnownFailedTests.java:105)
	at java.base/jdk.internal.reflect.NativeMethodAccessorImpl.invoke0(Native Method)
	at java.base/jdk.internal.reflect.NativeMethodAccessorImpl.invoke(NativeMethodAccessorImpl.java:62)
	at java.base/jdk.internal.reflect.DelegatingMethodAccessorImpl.invoke(DelegatingMethodAccessorImpl.java:43)
	at java.base/java.lang.reflect.Method.invoke(Method.java:566)
	at org.junit.runners.model.FrameworkMethod$1.runReflectiveCall(FrameworkMethod.java:44)
	at org.junit.internal.runners.model.ReflectiveCallable.run(ReflectiveCallable.java:15)
	at org.junit.runners.model.FrameworkMethod.invokeExplosively(FrameworkMethod.java:41)
	at junitparams.internal.InvokeParameterisedMethod.evaluate(InvokeParameterisedMethod.java:102)
	at org.junit.internal.runners.statements.FailOnTimeout$1.run(FailOnTimeout.java:28)
Caused by: ptolemy.kernel.util.IllegalActionException: SubscriptionAggregatorPorts cannot be used at the top level, use a SubscriptionAggregator actor instead.
  in .PublisherSubscriptionAggregatorPort.SubscriptionAggregatorPort
	at ptolemy.actor.SubscriptionAggregatorPort.preinitialize(SubscriptionAggregatorPort.java:353)
	at ptolemy.actor.CompositeActor.preinitialize(CompositeActor.java:1769)
	at ptolemy.actor.Manager.preinitializeAndResolveTypes(Manager.java:1040)
	at ptolemy.actor.Manager.initialize(Manager.java:710)
	at ptolemy.actor.Manager.execute(Manager.java:356)
	at ptolemy.actor.Manager.run(Manager.java:1263)
	at ptolemy.actor.Manager$PtolemyRunThread.run(Manager.java:1933)
java.lang.RuntimeException: Execution failed
	at ptolemy.moml.MoMLSimpleApplication$UnloadThread.run(MoMLSimpleApplication.java:402)
Caused by: ptolemy.kernel.util.IllegalActionException: TypeTest actor has no training data.
  in .sizedarray3.TypeTest
	at ptolemy.actor.lib.TypeTest.initialize(TypeTest.java:250)
	at ptolemy.actor.Director.initialize(Director.java:938)
	at ptolemy.actor.Director.initialize(Director.java:907)
	at ptolemy.actor.sched.StaticSchedulingDirector.initialize(StaticSchedulingDirector.java:159)
	at ptolemy.domains.sdf.kernel.SDFDirector.initialize(SDFDirector.java:544)
	at ptolemy.actor.CompositeActor.initialize(CompositeActor.java:935)
	at ptolemy.actor.Manager.initialize(Manager.java:724)
	at ptolemy.actor.Manager.execute(Manager.java:356)
	at ptolemy.actor.Manager.run(Manager.java:1263)
	at ptolemy.actor.Manager$PtolemyRunThread.run(Manager.java:1933)
java.lang.reflect.InvocationTargetException
	at java.base/jdk.internal.reflect.NativeConstructorAccessorImpl.newInstance0(Native Method)
	at java.base/jdk.internal.reflect.NativeConstructorAccessorImpl.newInstance(NativeConstructorAccessorImpl.java:62)
	at java.base/jdk.internal.reflect.DelegatingConstructorAccessorImpl.newInstance(DelegatingConstructorAccessorImpl.java:45)
	at java.base/java.lang.reflect.Constructor.newInstance(Constructor.java:490)
	at ptolemy.util.test.junit.AutoKnownFailedTests.RunModel(AutoKnownFailedTests.java:105)
	at java.base/jdk.internal.reflect.NativeMethodAccessorImpl.invoke0(Native Method)
	at java.base/jdk.internal.reflect.NativeMethodAccessorImpl.invoke(NativeMethodAccessorImpl.java:62)
	at java.base/jdk.internal.reflect.DelegatingMethodAccessorImpl.invoke(DelegatingMethodAccessorImpl.java:43)
	at java.base/java.lang.reflect.Method.invoke(Method.java:566)
	at org.junit.runners.model.FrameworkMethod$1.runReflectiveCall(FrameworkMethod.java:44)
	at org.junit.internal.runners.model.ReflectiveCallable.run(ReflectiveCallable.java:15)
	at org.junit.runners.model.FrameworkMethod.invokeExplosively(FrameworkMethod.java:41)
	at junitparams.internal.InvokeParameterisedMethod.evaluate(InvokeParameterisedMethod.java:102)
	at org.junit.internal.runners.statements.FailOnTimeout$1.run(FailOnTimeout.java:28)
Caused by: ptolemy.kernel.util.IllegalActionException: TypeTest actor has no training data.
  in .sizedarray3.TypeTest
	at ptolemy.actor.lib.TypeTest.initialize(TypeTest.java:250)
	at ptolemy.actor.Director.initialize(Director.java:938)
	at ptolemy.actor.Director.initialize(Director.java:907)
	at ptolemy.actor.sched.StaticSchedulingDirector.initialize(StaticSchedulingDirector.java:159)
	at ptolemy.domains.sdf.kernel.SDFDirector.initialize(SDFDirector.java:544)
	at ptolemy.actor.CompositeActor.initialize(CompositeActor.java:935)
	at ptolemy.actor.Manager.initialize(Manager.java:724)
	at ptolemy.actor.Manager.execute(Manager.java:356)
	at ptolemy.actor.Manager.run(Manager.java:1263)
	at ptolemy.actor.Manager$PtolemyRunThread.run(Manager.java:1933)
java.lang.RuntimeException: Execution failed
	at ptolemy.moml.MoMLSimpleApplication$UnloadThread.run(MoMLSimpleApplication.java:402)
Caused by: ptolemy.kernel.util.IllegalActionException: Test fails in iteration 0.
Value was: 6001L. Should have been: 6000L
  in .ExecutionTimeSDF.NonStrictTest
	at ptolemy.actor.lib.NonStrictTest.postfire(NonStrictTest.java:328)
	at ptolemy.actor.AtomicActor.iterate(AtomicActor.java:518)
	at ptolemy.actor.sched.StaticSchedulingDirector.fire(StaticSchedulingDirector.java:216)
	at ptolemy.domains.sdf.kernel.SDFDirector.fire(SDFDirector.java:500)
	at ptolemy.actor.CompositeActor.fire(CompositeActor.java:455)
	at ptolemy.actor.Manager.iterate(Manager.java:851)
	at ptolemy.actor.Manager.execute(Manager.java:369)
	at ptolemy.actor.Manager.run(Manager.java:1263)
	at ptolemy.actor.Manager$PtolemyRunThread.run(Manager.java:1933)
]]></system-err>
</testsuite>
