<?xml version="1.0" encoding="UTF-8" ?>
<testsuite errors="0" failures="1" hostname="travis-job-748306e6-9eb3-4102-be21-5e3ff0c2529a" name="ptolemy.actor.lib.test.junit.JUnitTclTest" skipped="0" tests="517" time="65.656" timestamp="2019-07-31T05:18:49">
  <properties>
    <property name="npm.executable" value="npm" />
    <property name="env.TRAVIS_ROOT" value="/" />
    <property name="ptII.mk.exists" value="true" />
    <property name="env.TRAVIS_APP_HOST" value="build.travis-ci.org" />
    <property name="env.rvm_bin_path" value="/home/travis/.rvm/bin" />
    <property name="java.home" value="/usr/local/lib/jvm/openjdk11" />
    <property name="env.TRAVIS_JOB_NUMBER" value="1277.8" />
    <property name="env.TRAVIS_HOME" value="/home/travis" />
    <property name="env.DISPLAY" value=":99.0" />
    <property name="env.TRAVIS_INIT" value="systemd" />
    <property name="env.SSH_TTY" value="/dev/pts/0" />
    <property name="java.net.preferIPv4Stack" value="true" />
    <property name="env.RUN_TESTS" value="true" />
    <property name="timeout.short" value="1000000" />
    <property name="junit.formatter" value="xml" />
    <property name="env.TRAVIS_SUDO" value="true" />
    <property name="env.TRAVIS_JOB_NAME" value="" />
    <property name="env.TRAVIS_STACK_NODE_ATTRIBUTES" value="/.node-attributes.yml" />
    <property name="env.LOGNAME" value="travis" />
    <property name="env.PT_TRAVIS_TEST_CORE1_XML" value="true" />
    <property name="jsdoc.home" value="node_modules/@terraswarm/jsdoc" />
    <property name="debuglevel" value="source,lines,vars" />
    <property name="checkstyle.formatter" value="xml" />
    <property name="env._system_version" value="16.04" />
    <property name="bin.vergil.makeable" value="true" />
    <property name="sun.os.patch.level" value="unknown" />
    <property name="java.vendor.url" value="http://java.oracle.com/" />
    <property name="env.TRAVIS_BUILD_WEB_URL" value="https://travis-ci.org/icyphy/ptII/builds/565799807" />
    <property name="java.version" value="11.0.2" />
    <property name="env.TZ" value="UTC" />
    <property name="env.TRAVIS_PULL_REQUEST_SHA" value="" />
    <property name="env.PT_NO_NET" value="true" />
    <property name="env.TRAVIS_SECURE_ENV_VARS" value="true" />
    <property name="env._system_type" value="Linux" />
    <property name="java.vendor.url.bug" value="http://bugreport.java.com/bugreport/" />
    <property name="npmjs-org-is-up" value="true" />
    <property name="env.LANGUAGE" value="en_US.UTF-8" />
    <property name="env.SSH_CLIENT" value="10.24.5.12 47432 22" />
    <property name="env.GEM_HOME" value="/home/travis/.rvm/gems/ruby-2.5.3" />
    <property name="env.HAS_ANTARES_THREE_LITTLE_FRONZIES_BADGE" value="true" />
    <property name="java.version.date" value="2019-01-15" />
    <property name="env.PS4" value="+" />
    <property name="ant.project.invoked-targets" value="build,test.core1.xml" />
    <property name="env.TRAVIS_PULL_REQUEST_BRANCH" value="" />
    <property name="env.TRAVIS_REPO_SLUG" value="icyphy/ptII" />
    <property name="env.XDG_DATA_DIRS" value="/usr/local/share:/usr/share:/var/lib/snapd/desktop" />
    <property name="jdk.debug" value="release" />
    <property name="env.TRAVIS_APT_PROXY" value="http://apt.cache.travis-ci.com" />
    <property name="node.in.path" value="true" />
    <property name="user.name" value="travis" />
    <property name="java.maxmemory" value="1400m" />
    <property name="env.RUBY_VERSION" value="ruby-2.5.3" />
    <property name="env.LANG" value="en_US.UTF-8" />
    <property name="sun.io.unicode.encoding" value="UnicodeLittle" />
    <property name="sun.jnu.encoding" value="UTF-8" />
    <property name="java.runtime.name" value="OpenJDK Runtime Environment" />
    <property name="usefile" value="false" />
    <property name="return.code" value="0" />
    <property name="junit.single.formatter" value="plain" />
    <property name="env.DYLD_LIBRARY_PATH" value="/home/travis/pthla/certi-tools/lib:" />
    <property name="env.DEBIAN_FRONTEND" value="noninteractive" />
    <property name="env.SSH_CONNECTION" value="10.24.5.12 47432 10.20.0.131 22" />
    <property name="env.MYSQL_UNIX_PORT" value="/var/run/mysqld/mysqld.sock" />
    <property name="env.LC_ALL" value="en_US.UTF-8" />
    <property name="env.TRAVIS_ALLOW_FAILURE" value="false" />
    <property name="env.TRAVIS_JOB_WEB_URL" value="https://travis-ci.org/icyphy/ptII/jobs/565799828" />
    <property name="java.specification.name" value="Java Platform API Specification" />
    <property name="node.works" value="true" />
    <property name="user.timezone" value="" />
    <property name="path.separator" value=":" />
    <property name="env.TRAVIS_ENABLE_INFRA_DETECTION" value="true" />
    <property name="env.PYTHON_CFLAGS" value="-g -fstack-protector --param=ssp-buffer-size=4 -Wformat -Werror=format-security" />
    <property name="timeout.long" value="4000000" />
    <property name="env.CERTI_HOME" value="/home/travis/pthla/certi-tools" />
    <property name="ant.file.ptII" value="/home/travis/build/icyphy/ptII/build.xml" />
    <property name="javadoc.packagenames" value="com.*,diva.*,lbnl.*,org.hlacerti.*,org.json.*,org.ptolemy.*,org.terraswarm.*,ptolemy.*,ptserver.*" />
    <property name="file.encoding" value="UTF-8" />
    <property name="env.TRAVIS_PULL_REQUEST_SLUG" value="" />
    <property name="ant.project.default-target" value="build" />
    <property name="env.GIT_ASKPASS" value="echo" />
    <property name="env.HOME" value="/home/travis" />
    <property name="sun.java.command" value="org.apache.tools.ant.taskdefs.optional.junit.JUnitTestRunner ptolemy.actor.lib.test.junit.JUnitTclTest skipNonTests=false filtertrace=true haltOnError=false haltOnFailure=false formatter=org.apache.tools.ant.taskdefs.optional.junit.OutErrSummaryJUnitResultFormatter showoutput=true outputtoformatters=true logfailedtests=true threadid=0 logtestlistenerevents=false formatter=org.apache.tools.ant.taskdefs.optional.junit.XMLJUnitResultFormatter,/home/travis/build/icyphy/ptII/reports/junit/TEST-ptolemy.actor.lib.test.junit.JUnitTclTest.xml crashfile=/home/travis/build/icyphy/ptII/junitvmwatcher17023837556590508209.properties propsfile=/home/travis/build/icyphy/ptII/junit8224653149276808652.properties" />
    <property name="env.COMPOSER_NO_INTERACTION" value="1" />
    <property name="env.MANPATH" value="/home/travis/.nvm/versions/node/v7.10.1/share/man:/home/travis/.rvm/rubies/ruby-2.5.3/share/man:/usr/local/cmake-3.12.4/man:/usr/local/clang-7.0.0/share/man:/usr/local/man:/usr/local/share/man:/usr/share/man:/home/travis/.rvm/man" />
    <property name="env.TRAVIS_TIMER_ID" value="02e40b2c" />
    <property name="ant.file" value="/home/travis/build/icyphy/ptII/build.xml" />
    <property name="env.TRAVIS_COMMIT_RANGE" value="2e04c9d28f10421f6cf81bc894a35b8065757641...153fae525c03c2cc53a3ce8809572d573e8a4c4a" />
    <property name="env._system_name" value="Ubuntu" />
    <property name="ptII.classpath.optional.property" value="/home/travis/build/icyphy/ptII/lib/bsh-2.0b4.jar:/home/travis/build/icyphy/ptII/lib/ptCal.jar:/home/travis/build/icyphy/ptII/lib/java_cup.jar:/home/travis/build/icyphy/ptII/lib/saxon8.jar:/home/travis/build/icyphy/ptII/lib/saxon8-dom.jar:/home/travis/build/icyphy/ptII/lib/chic.jar:/home/travis/build/icyphy/ptII/lib/ptcolt.jar:/home/travis/build/icyphy/ptII/vendors/misc/itext/iText.jar:/home/travis/build/icyphy/ptII/lib/g4ltl.jar:/home/travis/build/icyphy/ptII/lib/StructuralCoder.jar:/home/travis/build/icyphy/ptII/lib/jcerti.jar:/home/travis/build/icyphy/ptII/lib/javax.mail.jar:/home/travis/build/icyphy/ptII/vendors/JMF-2.1.1e/lib/jmf.jar:/home/travis/build/icyphy/ptII/lib/jna-4.0.0-variadic.jar:/home/travis/build/icyphy/ptII/vendors/misc/joystick/Joystick.jar:/home/travis/build/icyphy/ptII/lib/ptjacl.jar:/home/travis/build/icyphy/ptII/lib/jsoup-1.8.2.jar:/home/travis/build/icyphy/ptII/lib/junit-4.8.2.jar:/home/travis/build/icyphy/ptII/lib/JUnitParams-0.4.0.jar:/home/travis/build/icyphy/ptII/ptolemy/actor/lib/excel/jxl.jar:/home/travis/build/icyphy/ptII/lib/jython.jar:/home/travis/build/icyphy/ptII/lib/kieler.jar:/home/travis/build/icyphy/ptII/vendors/opencv/share/OpenCV/java/opencv-341.jar:/home/travis/build/icyphy/ptII/lib/oscP5.jar:/home/travis/build/icyphy/ptII/lib/nrjavaserial-3.11.0.devel.jar:/home/travis/build/icyphy/ptII/vendors/j3d/lib/Linux/j3dcore.jar:/home/travis/build/icyphy/ptII/vendors/j3d/lib/Linux/j3dutils.jar:/home/travis/build/icyphy/ptII/vendors/j3d/lib/Linux/vecmath.jar:/home/travis/build/icyphy/ptII/vendors/jogl/lib/Linux/gluegen-rt-natives-linux-amd64.jar:/home/travis/build/icyphy/ptII/vendors/jogl/lib/Linux/gluegen-rt.jar:/home/travis/build/icyphy/ptII/vendors/jogl/lib/Linux/jogl-all-natives-linux-amd64.jar:/home/travis/build/icyphy/ptII/vendors/jogl/lib/Linux/jogl-all.jar:/home/travis/build/icyphy/ptII/ptolemy/distributed/jini/jar/jini-core.jar:/home/travis/build/icyphy/ptII/ptolemy/distributed/jini/jar/jini-ext.jar:/home/travis/build/icyphy/ptII/ptolemy/distributed/jini/jar/sun-util.jar:/home/travis/build/icyphy/ptII/lib/protobuf-java-2.4.1.jar:/home/travis/build/icyphy/ptII/lib/org.eclipse.paho.client.mqttv3.jar:/home/travis/build/icyphy/ptII/lib/mapss.jar:/home/travis/build/icyphy/ptII/ptolemy/actor/ptalon/antlr/antlr.jar:/home/travis/build/icyphy/ptII/lib/JRI.jar:/home/travis/build/icyphy/ptII/lib/commons-lang-2.6.jar:/home/travis/build/icyphy/ptII/lib/commons-logging-1.1.1.jar:/home/travis/build/icyphy/ptII/lib/sootclasses.jar:/home/travis/build/icyphy/ptII/ptolemy/actor/lib/database/mysql-connector-java-5.1.6-bin.jar:/home/travis/build/icyphy/ptII/vendors/misc/sphinx4/sphinx4-data-5prealpha.jar:/home/travis/build/icyphy/ptII/vendors/misc/sphinx4/sphinx4-core-5prealpha.jar:/home/travis/build/icyphy/ptII/lib/PDFRenderer.jar:/home/travis/build/icyphy/ptII/lib/svgSalamander.jar:/home/travis/build/icyphy/ptII/lib/rsyntaxtextarea-2.6.0-SNAPSHOT.jar:/home/travis/build/icyphy/ptII/lib/hazelcast-3.8.2.jar:/home/travis/build/icyphy/ptII/lib/jackson-annotations-2.9.0.jar:/home/travis/build/icyphy/ptII/lib/jackson-core-2.9.3.jar:/home/travis/build/icyphy/ptII/lib/jackson-databind-2.9.3.jar:/home/travis/build/icyphy/ptII/lib/netty-buffer-4.1.19.Final.jar:/home/travis/build/icyphy/ptII/lib/netty-codec-4.1.19.Final.jar:/home/travis/build/icyphy/ptII/lib/netty-codec-dns-4.1.19.Final.jar:/home/travis/build/icyphy/ptII/lib/netty-codec-http-4.1.19.Final.jar:/home/travis/build/icyphy/ptII/lib/netty-codec-http2-4.1.19.Final.jar:/home/travis/build/icyphy/ptII/lib/netty-common-4.1.19.Final.jar:/home/travis/build/icyphy/ptII/lib/netty-handler-4.1.19.Final.jar:/home/travis/build/icyphy/ptII/lib/netty-resolver-4.1.19.Final.jar:/home/travis/build/icyphy/ptII/lib/netty-resolver-dns-4.1.19.Final.jar:/home/travis/build/icyphy/ptII/lib/netty-transport-4.1.19.Final.jar:/home/travis/build/icyphy/ptII/lib/vertx-codegen-3.5.1.jar:/home/travis/build/icyphy/ptII/lib/vertx-core-3.5.2-SNAPSHOT.jar:/home/travis/build/icyphy/ptII/lib/vertx-hazelcast-3.5.1.jar:/home/travis/build/icyphy/ptII/lib/vertx-lang-js-3.5.1.jar:/home/travis/build/icyphy/ptII/lib/vertx-service-proxy-3.5.1.jar:/home/travis/build/icyphy/ptII/lib/vertx-web-3.5.1.jar:/home/travis/build/icyphy/ptII/lib/slf4j-api-1.7.13.jar:/home/travis/build/icyphy/ptII/lib/slf4j-simple-1.7.13.jar:/home/travis/build/icyphy/ptII/lib/webcam-capture-0.3.12.jar:/home/travis/build/icyphy/ptII/lib/bridj-0.7.0.jar:/home/travis/build/icyphy/ptII/lib/xbjlib-1.1.0.nrjavaserial.jar" />
    <property name="timeout" value="2400000" />
    <property name="test.batch" value="**/junit/*.java" />
    <property name="env._" value="/usr/bin/timeout" />
    <property name="java.io.tmpdir" value="/tmp" />
    <property name="user.language" value="en" />
    <property name="env.TRAVIS_INTERNAL_RUBY_REGEX" value="^ruby-(2\.[0-4]\.[0-9]|1\.9\.3)" />
    <property name="env.HISTCONTROL" value="ignoredups:ignorespace" />
    <property name="env.GOROOT" value="/home/travis/.gimme/versions/go1.11.1.linux.amd64" />
    <property name="line.separator" value="&#xa;" />
    <property name="target" value="11" />
    <property name="env.TRAVIS_BUILD_DIR" value="/home/travis/build/icyphy/ptII" />
    <property name="env.ANT_OPTS" value="-Xmx2048m" />
    <property name="ant.file.type" value="file" />
    <property name="ptolemy.ptII.batchMode" value="true" />
    <property name="env.HISTSIZE" value="1000" />
    <property name="env.MERB_ENV" value="test" />
    <property name="java.vm.info" value="mixed mode" />
    <property name="source" value="11" />
    <property name="java.vm.specification.name" value="Java Virtual Machine Specification" />
    <property name="env.TRAVIS_TEST_RESULT" value="0" />
    <property name="jsdoc.command" value="node_modules/@terraswarm/jsdoc/jsdoc.js" />
    <property name="npm.works" value="true" />
    <property name="cobertura.dir" value="/home/travis/build/icyphy/ptII/vendors/cobertura-2.0.3" />
    <property name="jsdoc.command.exists" value="true" />
    <property name="env.rvm_path" value="/home/travis/.rvm" />
    <property name="env.GEM_PATH" value="/home/travis/.rvm/gems/ruby-2.5.3:/home/travis/.rvm/gems/ruby-2.5.3@global" />
    <property name="env.LC_CTYPE" value="en_US.UTF-8" />
    <property name="env.TRAVIS_CMD" value="$PTII/bin/ptIITravisBuild.sh $SECONDS" />
    <property name="java.awt.printerjob" value="sun.print.PSPrinterJob" />
    <property name="env.TRAVIS_STACK_NAME" value="sardonyx" />
    <property name="env.TRAVIS_TIMER_START_TIME" value="1564549641932930352" />
    <property name="ant.version" value="Apache Ant(TM) version 1.10.1 compiled on February 2 2017" />
    <property name="ptII.reports" value="/home/travis/build/icyphy/ptII/reports" />
    <property name="env.TRAVIS_STACK_TIMESTAMP" value="2019-03-25 16:16:56 UTC" />
    <property name="ant.file.type.ptII" value="file" />
    <property name="env.RBENV_SHELL" value="bash" />
    <property name="os.name" value="Linux" />
    <property name="java.specification.vendor" value="Oracle Corporation" />
    <property name="env.rvm_version" value="1.29.7 (latest)" />
    <property name="env.TRAVIS_INFRA" value="gce" />
    <property name="env.TERM" value="xterm" />
    <property name="java.vm.name" value="OpenJDK 64-Bit Server VM" />
    <property name="env.TRAVIS_BUILD_NUMBER" value="1277" />
    <property name="env.CI" value="true" />
    <property name="java.library.path" value="/home/travis/pthla/certi-tools/lib:/usr/lib/jni:/usr/local/share/OpenCV/java/:/usr/share/OpenCV/java::/usr/java/packages/lib:/usr/lib64:/lib64:/lib:/usr/lib" />
    <property name="jdk.module.path" value="/home/travis/build/icyphy/ptII/vendors/javafx/javafx-sdk-11.0.2/lib:" />
    <property name="env.rvm_prefix" value="/home/travis" />
    <property name="env.PATH" value="/home/travis/pthla/certi-tools/share/scripts:/home/travis/.rvm/gems/ruby-2.5.3/bin:/home/travis/.rvm/gems/ruby-2.5.3@global/bin:/home/travis/.rvm/rubies/ruby-2.5.3/bin:/home/travis/.rvm/bin:/home/travis/.nvm/versions/node/v7.10.1/bin:./node_modules/.bin:/home/travis/build/icyphy/ptII/bin:/home/travis/pthla/certi-tools/bin:/home/travis/bin:/home/travis/.local/bin:/usr/local/lib/jvm/openjdk11/bin:/opt/pyenv/shims:/home/travis/.phpenv/shims:/home/travis/perl5/perlbrew/bin:/home/travis/gopath/bin:/home/travis/.gimme/versions/go1.11.1.linux.amd64/bin:/usr/local/maven-3.6.0/bin:/usr/local/cmake-3.12.4/bin:/usr/local/clang-7.0.0/bin:/usr/local/sbin:/usr/local/bin:/usr/sbin:/usr/bin:/sbin:/bin:/snap/bin:/home/travis/.phpenv/bin:/opt/pyenv/bin:/home/travis/.yarn/bin" />
    <property name="env.TRAVIS_OS_NAME" value="linux" />
    <property name="ant.java.version" value="9" />
    <property name="basedir" value="/home/travis/build/icyphy/ptII" />
    <property name="java.class.version" value="55.0" />
    <property name="env.SHLVL" value="3" />
    <property name="env.LD_LIBRARY_PATH" value="/home/travis/pthla/certi-tools/lib:/usr/lib/jni:/usr/local/share/OpenCV/java/:/usr/share/OpenCV/java:" />
    <property name="env.RACK_ENV" value="test" />
    <property name="ant.home" value="/home/travis/build/icyphy/ptII/ant" />
    <property name="env.NVM_DIR" value="/home/travis/.nvm" />
    <property name="env.CERTI_FOM_PATH" value="/home/travis/pthla/certi-tools/share/federations" />
    <property name="env.TRAVIS_BUILD_ID" value="565799807" />
    <property name="env.PYENV_ROOT" value="/opt/pyenv" />
    <property name="env.TRAVIS_UID" value="2000" />
    <property name="prism.verbose" value="true" />
    <property name="env.NVM_BIN" value="/home/travis/.nvm/versions/node/v7.10.1/bin" />
    <property name="env.TRAVIS_COMMIT" value="153fae525c03c2cc53a3ce8809572d573e8a4c4a" />
    <property name="env._system_arch" value="x86_64" />
    <property name="node.executable" value="node" />
    <property name="sun.boot.library.path" value="/usr/local/lib/jvm/openjdk11/lib" />
    <property name="sun.management.compiler" value="HotSpot 64-Bit Tiered Compilers" />
    <property name="java.awt.graphicsenv" value="sun.awt.X11GraphicsEnvironment" />
    <property name="env.GOPATH" value="/home/travis/gopath" />
    <property name="ptolemy.ptII.dir" value="/home/travis/build/icyphy/ptII" />
    <property name="env.USER" value="travis" />
    <property name="env.HISTFILESIZE" value="2000" />
    <property name="timeout.longest" value="19000000" />
    <property name="env.PERLBREW_SHELLRC_VERSION" value="0.86" />
    <property name="env.TRAVIS_STACK_FEATURES" value="basic couchdb disabled-ipv6 docker docker-compose elasticsearch firefox go-toolchain google-chrome jdk memcached mongodb mysql nodejs_interpreter perl_interpreter perlbrew phantomjs postgresql python_interpreter redis ruby_interpreter sqlite xserver" />
    <property name="env.TRAVIS_PULL_REQUEST" value="false" />
    <property name="env.PYENV_SHELL" value="bash" />
    <property name="ant.project.name" value="ptII" />
    <property name="env.ANSI_RESET" value="\033[0m" />
    <property name="java.vm.specification.version" value="11" />
    <property name="env.TRAVIS_DIST" value="xenial" />
    <property name="env.CERTI_VERSION" value="4.0.0" />
    <property name="env.CERTI_HOST" value="localhost" />
    <property name="awt.toolkit" value="sun.awt.X11.XToolkit" />
    <property name="env.MY_RUBY_HOME" value="/home/travis/.rvm/rubies/ruby-2.5.3" />
    <property name="sun.cpu.isalist" value="" />
    <property name="env.TRAVIS_TMPDIR" value="/tmp/tmp.hlrgO7ZrNb" />
    <property name="java.vm.compressedOopsMode" value="Zero based" />
    <property name="os.version" value="4.15.0-1028-gcp" />
    <property name="user.home" value="/home/travis" />
    <property name="java.vm.vendor" value="Oracle Corporation" />
    <property name="env.TRAVIS_TAG" value="nightly" />
    <property name="env.ANSI_YELLOW" value="\033[33;1m" />
    <property name="env.TRAVIS_FILTERED" value="redirect_io" />
    <property name="env.ANSI_GREEN" value="\033[32;1m" />
    <property name="env.JAVA_HOME" value="/usr/local/lib/jvm/openjdk11" />
    <property name="javadoc.excludepackagenames" value="adm.cvs2svn.*,build.*,config.*,doc.coding.templates.*,jni.test.jni.meaningOfLife.*,jni.test.jni.testDeux.*,jni.test.jni.testTrois.*,org.terraswarm.accessor.accessors.web.node_modules.*,org.terraswarm.accessor.accessors.web.hosts.cordova.demo.*,org.terraswarm.accessor.accessors.web.hosts.cordova.plugins.*,org.terraswarm.accessor.accessors-svn.*,pt-modules.*,ptolemy.apps.agilent.*,ptolemy.apps.anytimecontrol.*,ptolemy.apps.apes.*,ptolemy.apps.charon.*,ptolemy.apps.crazyboard.*,ptolemy.apps.eclipse.*,ptolemy.apps.etherealSting.*,ptolemy.apps.fullscreen.*,ptolemy.apps.giotto.*,ptolemy.apps.ia.*,ptolemy.apps.interfaces.*,ptolemy.apps.jmf.*,ptolemy.apps.kurt.*,ptolemy.apps.kvm.*,ptolemy.apps.lego.*,ptolemy.apps.lejos.*,ptolemy.apps.midp.*,ptolemy.apps.mobileCoding.*,ptolemy.apps.pendulum.*,ptolemy.apps.rijndael.*,ptolemy.apps.robot.*,ptolemy.apps.security.*,ptolemy.apps.sobel.*,ptolemy.apps.soot.*,ptolemy.apps.throttle.*,ptolemy.apps.tini.*,ptolemy.apps.transmission.*,ptolemy.apps.vergil.*,ptolemy.apps.waba.*,ptolemy.apps.websensor.*,ptolemy.apps.webstart.*,ptolemy.apps.xsl.*,ptolemy.apps.zaurus.*,ptolemy.codegen.c.actor.lib.oldJavaFiles.*,ptolemy.codegen.dsp.lib.*,ptolemy.codegen.kernel.newInterfaces.*,ptolemy.codegen.lib.*,ptolemy.copernicus.kernel.fragment.*,ptolemy.copernicus.shallow.cg.*,ptolemy.domains.giotto.demo.Hierarchy.Hierarchy.*,ptolemy.domains.giotto.demo.Multimode.Multimode.*,ptolemy.domains.giotto.demo.Simple.Simple.*,ptolemy.domains.gr.lib.experimental.*,ptolemy.domains.gro.*,ptolemy.domains.pdf.*,ptolemy.domains.ptinyos.demo.Surge.output.*,ptolemy.moml.test.NoPackageActor.java*,ptolemy.plot.adm.*,ptolemy.plot.servlet.*,reports.*,signed.*,src.*,target.*,vendors.*,ptolemy.copernicus.applet.*,ptolemy.media.viewer.*,ptolemy.actor.corba.*,doc.doclets.*,ptolemy.apps.eclipse.awt.*,ptolemy.backtrack.*,ptolemy.backtrack.ast.*,ptolemy.cg.adapter.generic.program.procedural.c.mbed*,ptolemy.homer.*,ptolemy.actor.lib.jai.*,org.ptolemy.scala.*,diva.util.java2d.svg.*,ptolemy.domains.ptinyos.*,ptolemy.actor.lib.fmi.fmipp.*,,org.terraswarm.accessor.accessors.web.node_modules.*,org.terraswarm.accessor.accessors-svn,ptolemy.apps.*,ptolemy.actor.ptalon.demo.ptinyos.SendAndReceiveCnt.output,ptolemy.actor.ptalon.demo.ptinyos.SenseToLeds.output,ptolemy.domains.ptinyos.demo.CntToLedsAndRfm.output,ptolemy.domains.ptinyos.demo.RfmToLeds.output,ptolemy.domains.ptinyos.demo.SendAndReceiveCnt.output,ptolemy.domains.ptinyos.demo.SenseToLeds.output,ptolemy.actor.lib.jjs.modules.udpSocket.*" />
    <property name="env.PTII" value="/home/travis/build/icyphy/ptII" />
    <property name="env.XDG_SESSION_ID" value="2" />
    <property name="keystore" value="ptKeystore" />
    <property name="env.TRAVIS_COMMIT_MESSAGE" value="No longer display top output." />
    <property name="junit.output.dir" value="/home/travis/build/icyphy/ptII/reports/junit" />
    <property name="npm.return.code" value="0" />
    <property name="user.dir" value="/home/travis/build/icyphy/ptII/ptolemy/actor/lib/test" />
    <property name="env.TRAVIS_NODE_VERSION" value="7" />
    <property name="env.TRAVIS_EVENT_TYPE" value="cron" />
    <property name="env.MAIL" value="/var/mail/travis" />
    <property name="env.PERLBREW_ROOT" value="/home/travis/perl5/perlbrew" />
    <property name="env.PWD" value="/home/travis/build/icyphy/ptII" />
    <property name="timeout.npm" value="45000" />
    <property name="env.TRAVIS_ARCH" value="amd64" />
    <property name="sun.cpu.endian" value="little" />
    <property name="env.PAGER" value="cat" />
    <property name="env.TRAVIS_BUILD_STAGE_NAME" value="Test" />
    <property name="env.PERLBREW_HOME" value="/home/travis/.perlbrew" />
    <property name="java.vm.version" value="11.0.2+9" />
    <property name="env.RAILS_ENV" value="test" />
    <property name="java.class.path" value="/home/travis/.ptolemyII:/home/travis/.ptolemyII/*:/home/travis/build/icyphy/ptII:/home/travis/build/icyphy/ptII/lib/bsh-2.0b4.jar:/home/travis/build/icyphy/ptII/lib/ptCal.jar:/home/travis/build/icyphy/ptII/lib/java_cup.jar:/home/travis/build/icyphy/ptII/lib/saxon8.jar:/home/travis/build/icyphy/ptII/lib/saxon8-dom.jar:/home/travis/build/icyphy/ptII/lib/chic.jar:/home/travis/build/icyphy/ptII/lib/ptcolt.jar:/home/travis/build/icyphy/ptII/vendors/misc/itext/iText.jar:/home/travis/build/icyphy/ptII/lib/g4ltl.jar:/home/travis/build/icyphy/ptII/lib/StructuralCoder.jar:/home/travis/build/icyphy/ptII/lib/jcerti.jar:/home/travis/build/icyphy/ptII/lib/javax.mail.jar:/home/travis/build/icyphy/ptII/vendors/JMF-2.1.1e/lib/jmf.jar:/home/travis/build/icyphy/ptII/lib/jna-4.0.0-variadic.jar:/home/travis/build/icyphy/ptII/vendors/misc/joystick/Joystick.jar:/home/travis/build/icyphy/ptII/lib/ptjacl.jar:/home/travis/build/icyphy/ptII/lib/jsoup-1.8.2.jar:/home/travis/build/icyphy/ptII/lib/junit-4.8.2.jar:/home/travis/build/icyphy/ptII/lib/JUnitParams-0.4.0.jar:/home/travis/build/icyphy/ptII/ptolemy/actor/lib/excel/jxl.jar:/home/travis/build/icyphy/ptII/lib/jython.jar:/home/travis/build/icyphy/ptII/lib/kieler.jar:/home/travis/build/icyphy/ptII/vendors/opencv/share/OpenCV/java/opencv-341.jar:/home/travis/build/icyphy/ptII/lib/oscP5.jar:/home/travis/build/icyphy/ptII/lib/nrjavaserial-3.11.0.devel.jar:/home/travis/build/icyphy/ptII/vendors/j3d/lib/Linux/j3dcore.jar:/home/travis/build/icyphy/ptII/vendors/j3d/lib/Linux/j3dutils.jar:/home/travis/build/icyphy/ptII/vendors/j3d/lib/Linux/vecmath.jar:/home/travis/build/icyphy/ptII/vendors/jogl/lib/Linux/gluegen-rt-natives-linux-amd64.jar:/home/travis/build/icyphy/ptII/vendors/jogl/lib/Linux/gluegen-rt.jar:/home/travis/build/icyphy/ptII/vendors/jogl/lib/Linux/jogl-all-natives-linux-amd64.jar:/home/travis/build/icyphy/ptII/vendors/jogl/lib/Linux/jogl-all.jar:/home/travis/build/icyphy/ptII/ptolemy/distributed/jini/jar/jini-core.jar:/home/travis/build/icyphy/ptII/ptolemy/distributed/jini/jar/jini-ext.jar:/home/travis/build/icyphy/ptII/ptolemy/distributed/jini/jar/sun-util.jar:/home/travis/build/icyphy/ptII/lib/protobuf-java-2.4.1.jar:/home/travis/build/icyphy/ptII/lib/org.eclipse.paho.client.mqttv3.jar:/home/travis/build/icyphy/ptII/lib/mapss.jar:/home/travis/build/icyphy/ptII/ptolemy/actor/ptalon/antlr/antlr.jar:/home/travis/build/icyphy/ptII/lib/JRI.jar:/home/travis/build/icyphy/ptII/lib/commons-lang-2.6.jar:/home/travis/build/icyphy/ptII/lib/commons-logging-1.1.1.jar:/home/travis/build/icyphy/ptII/lib/sootclasses.jar:/home/travis/build/icyphy/ptII/ptolemy/actor/lib/database/mysql-connector-java-5.1.6-bin.jar:/home/travis/build/icyphy/ptII/vendors/misc/sphinx4/sphinx4-data-5prealpha.jar:/home/travis/build/icyphy/ptII/vendors/misc/sphinx4/sphinx4-core-5prealpha.jar:/home/travis/build/icyphy/ptII/lib/PDFRenderer.jar:/home/travis/build/icyphy/ptII/lib/svgSalamander.jar:/home/travis/build/icyphy/ptII/lib/rsyntaxtextarea-2.6.0-SNAPSHOT.jar:/home/travis/build/icyphy/ptII/lib/hazelcast-3.8.2.jar:/home/travis/build/icyphy/ptII/lib/jackson-annotations-2.9.0.jar:/home/travis/build/icyphy/ptII/lib/jackson-core-2.9.3.jar:/home/travis/build/icyphy/ptII/lib/jackson-databind-2.9.3.jar:/home/travis/build/icyphy/ptII/lib/netty-buffer-4.1.19.Final.jar:/home/travis/build/icyphy/ptII/lib/netty-codec-4.1.19.Final.jar:/home/travis/build/icyphy/ptII/lib/netty-codec-dns-4.1.19.Final.jar:/home/travis/build/icyphy/ptII/lib/netty-codec-http-4.1.19.Final.jar:/home/travis/build/icyphy/ptII/lib/netty-codec-http2-4.1.19.Final.jar:/home/travis/build/icyphy/ptII/lib/netty-common-4.1.19.Final.jar:/home/travis/build/icyphy/ptII/lib/netty-handler-4.1.19.Final.jar:/home/travis/build/icyphy/ptII/lib/netty-resolver-4.1.19.Final.jar:/home/travis/build/icyphy/ptII/lib/netty-resolver-dns-4.1.19.Final.jar:/home/travis/build/icyphy/ptII/lib/netty-transport-4.1.19.Final.jar:/home/travis/build/icyphy/ptII/lib/vertx-codegen-3.5.1.jar:/home/travis/build/icyphy/ptII/lib/vertx-core-3.5.2-SNAPSHOT.jar:/home/travis/build/icyphy/ptII/lib/vertx-hazelcast-3.5.1.jar:/home/travis/build/icyphy/ptII/lib/vertx-lang-js-3.5.1.jar:/home/travis/build/icyphy/ptII/lib/vertx-service-proxy-3.5.1.jar:/home/travis/build/icyphy/ptII/lib/vertx-web-3.5.1.jar:/home/travis/build/icyphy/ptII/lib/slf4j-api-1.7.13.jar:/home/travis/build/icyphy/ptII/lib/slf4j-simple-1.7.13.jar:/home/travis/build/icyphy/ptII/lib/webcam-capture-0.3.12.jar:/home/travis/build/icyphy/ptII/lib/bridj-0.7.0.jar:/home/travis/build/icyphy/ptII/lib/xbjlib-1.1.0.nrjavaserial.jar:/home/travis/build/icyphy/ptII/ptolemy/moml/test:/home/travis/build/icyphy/ptII/ant/lib/ant-launcher.jar:/home/travis/build/icyphy/ptII/ant/lib/ant.jar:/home/travis/build/icyphy/ptII/ant/lib/ant-junit.jar:/home/travis/build/icyphy/ptII/ant/lib/ant-junit4.jar" />
    <property name="ant.library.dir" value="/home/travis/build/icyphy/ptII/ant/lib" />
    <property name="os.arch" value="amd64" />
    <property name="env.CONTINUOUS_INTEGRATION" value="true" />
    <property name="env.TRAVIS_LANGUAGE" value="node_js" />
    <property name="env.TRAVIS_STACK_LANGUAGES" value="__sardonyx__ c c++ clojure cplusplus cpp default generic go groovy java node_js php pure_java python ruby scala" />
    <property name="test.name" value="ptolemy.actor.lib.test.junit.JUnitTclTest" />
    <property name="env.APT_KEY_DONT_WARN_ON_DANGEROUS_USAGE" value="1" />
    <property name="sun.java.launcher" value="SUN_STANDARD" />
    <property name="env.PYTHON_CONFIGURE_OPTS" value="--enable-unicode=ucs4 --with-wide-unicode --enable-shared --enable-ipv6 --enable-loadable-sqlite-extensions --with-computed-gotos" />
    <property name="ant.core.lib" value="/home/travis/build/icyphy/ptII/ant/lib/ant.jar" />
    <property name="java.vm.specification.vendor" value="Oracle Corporation" />
    <property name="env.BCVTB_HOME" value="/home/travis/build/icyphy/ptII/lbnl" />
    <property name="file.separator" value="/" />
    <property name="spotbugs.home" value="/home/travis/build/icyphy/ptII/vendors/spotbugs-3.1.1" />
    <property name="java.runtime.version" value="11.0.2+9" />
    <property name="env.ANSI_CLEAR" value="\033[0K" />
    <property name="javafx.verbose" value="true" />
    <property name="env.HAS_JOSH_K_SEAL_OF_APPROVAL" value="true" />
    <property name="env.XDG_RUNTIME_DIR" value="/run/user/2000" />
    <property name="env.TRAVIS_OSX_IMAGE" value="" />
    <property name="env.TRAVIS_JOB_ID" value="565799828" />
    <property name="env.TRAVIS_BRANCH" value="master" />
    <property name="user.country" value="US" />
    <property name="env.CERTI_HOME_TRAVIS" value="/home/travis/pthla/certi-tools" />
    <property name="env.SHELL" value="/bin/bash" />
    <property name="java.maxmemory.large" value="3200m" />
    <property name="model" value="" />
    <property name="env.CASHER_DIR" value="/home/travis/.casher" />
    <property name="env.NVM_CD_FLAGS" value="" />
    <property name="java.vendor.version" value="18.9" />
    <property name="jshint.executable" value="/home/travis/node_modules/jshint/bin/jshint" />
    <property name="env.JRUBY_OPTS" value=" --client -J-XX:+TieredCompilation -J-XX:TieredStopAtLevel=1 -J-Xss2m -Xcompile.invokedynamic=false" />
    <property name="java.vendor" value="Oracle Corporation" />
    <property name="env.TRAVIS_PRE_CHEF_BOOTSTRAP_TIME" value="2019-03-25T16:16:42" />
    <property name="env.TRAVIS_STACK_JOB_BOARD_REGISTER" value="/.job-board-register.yml" />
    <property name="env.ANSI_RED" value="\033[31;1m" />
    <property name="java.specification.version" value="11" />
    <property name="env.IRBRC" value="/home/travis/.rvm/rubies/ruby-2.5.3/.irbrc" />
    <property name="env.TRAVIS" value="true" />
    <property name="sun.arch.data.model" value="64" />
  </properties>
  <testcase classname="ptolemy.util.test.junit.TclTests" name="[0] /home/travis/build/icyphy/ptII/ptolemy/actor/lib/test/AbsoluteValue.tcl (RunTclFile)" time="0.617" />
  <testcase classname="ptolemy.util.test.junit.TclTests" name="[1] /home/travis/build/icyphy/ptII/ptolemy/actor/lib/test/AddSubtract.tcl (RunTclFile)" time="0.168" />
  <testcase classname="ptolemy.util.test.junit.TclTests" name="[2] /home/travis/build/icyphy/ptII/ptolemy/actor/lib/test/Average.tcl (RunTclFile)" time="0.034" />
  <testcase classname="ptolemy.util.test.junit.TclTests" name="[3] /home/travis/build/icyphy/ptII/ptolemy/actor/lib/test/Bernoulli.tcl (RunTclFile)" time="0.041" />
  <testcase classname="ptolemy.util.test.junit.TclTests" name="[4] /home/travis/build/icyphy/ptII/ptolemy/actor/lib/test/Clock.tcl (RunTclFile)" time="0.13" />
  <testcase classname="ptolemy.util.test.junit.TclTests" name="[5] /home/travis/build/icyphy/ptII/ptolemy/actor/lib/test/Commutator.tcl (RunTclFile)" time="0.176" />
  <testcase classname="ptolemy.util.test.junit.TclTests" name="[6] /home/travis/build/icyphy/ptII/ptolemy/actor/lib/test/Const.tcl (RunTclFile)" time="0.103" />
  <testcase classname="ptolemy.util.test.junit.TclTests" name="[7] /home/travis/build/icyphy/ptII/ptolemy/actor/lib/test/CurrentTime.tcl (RunTclFile)" time="0.026" />
  <testcase classname="ptolemy.util.test.junit.TclTests" name="[8] /home/travis/build/icyphy/ptII/ptolemy/actor/lib/test/DB.tcl (RunTclFile)" time="0.064" />
  <testcase classname="ptolemy.util.test.junit.TclTests" name="[9] /home/travis/build/icyphy/ptII/ptolemy/actor/lib/test/DiscreteRandomSource.tcl (RunTclFile)" time="0.068" />
  <testcase classname="ptolemy.util.test.junit.TclTests" name="[10] /home/travis/build/icyphy/ptII/ptolemy/actor/lib/test/Distributor.tcl (RunTclFile)" time="0.083" />
  <testcase classname="ptolemy.util.test.junit.TclTests" name="[11] /home/travis/build/icyphy/ptII/ptolemy/actor/lib/test/Exit.tcl (RunTclFile)" time="0.095" />
  <testcase classname="ptolemy.util.test.junit.TclTests" name="[12] /home/travis/build/icyphy/ptII/ptolemy/actor/lib/test/Expression.tcl (RunTclFile)" time="0.157" />
  <testcase classname="ptolemy.util.test.junit.TclTests" name="[13] /home/travis/build/icyphy/ptII/ptolemy/actor/lib/test/Gaussian.tcl (RunTclFile)" time="0.282" />
  <testcase classname="ptolemy.util.test.junit.TclTests" name="[14] /home/travis/build/icyphy/ptII/ptolemy/actor/lib/test/IIR.tcl (RunTclFile)" time="0.047" />
  <testcase classname="ptolemy.util.test.junit.TclTests" name="[15] /home/travis/build/icyphy/ptII/ptolemy/actor/lib/test/Interpolator.tcl (RunTclFile)" time="0.093" />
  <testcase classname="ptolemy.util.test.junit.TclTests" name="[16] /home/travis/build/icyphy/ptII/ptolemy/actor/lib/test/MathFunction.tcl (RunTclFile)" time="0.069" />
  <testcase classname="ptolemy.util.test.junit.TclTests" name="[17] /home/travis/build/icyphy/ptII/ptolemy/actor/lib/test/Maximum.tcl (RunTclFile)" time="0.048" />
  <testcase classname="ptolemy.util.test.junit.TclTests" name="[18] /home/travis/build/icyphy/ptII/ptolemy/actor/lib/test/Minimum.tcl (RunTclFile)" time="0.037" />
  <testcase classname="ptolemy.util.test.junit.TclTests" name="[19] /home/travis/build/icyphy/ptII/ptolemy/actor/lib/test/MultiplyDivide.tcl (RunTclFile)" time="0.054" />
  <testcase classname="ptolemy.util.test.junit.TclTests" name="[20] /home/travis/build/icyphy/ptII/ptolemy/actor/lib/test/OrderedMerge.tcl (RunTclFile)" time="0.147" />
  <testcase classname="ptolemy.util.test.junit.TclTests" name="[21] /home/travis/build/icyphy/ptII/ptolemy/actor/lib/test/Publisher.tcl (RunTclFile)" time="0.951" />
  <testcase classname="ptolemy.util.test.junit.TclTests" name="[22] /home/travis/build/icyphy/ptII/ptolemy/actor/lib/test/Pulse.tcl (RunTclFile)" time="0.078" />
  <testcase classname="ptolemy.util.test.junit.TclTests" name="[23] /home/travis/build/icyphy/ptII/ptolemy/actor/lib/test/Ramp.tcl (RunTclFile)" time="2.45" />
  <testcase classname="ptolemy.util.test.junit.TclTests" name="[24] /home/travis/build/icyphy/ptII/ptolemy/actor/lib/test/RampContinuous.tcl (RunTclFile)" time="0.02" />
  <testcase classname="ptolemy.util.test.junit.TclTests" name="[25] /home/travis/build/icyphy/ptII/ptolemy/actor/lib/test/RecordAssembler.tcl (RunTclFile)" time="0.019" />
  <testcase classname="ptolemy.util.test.junit.TclTests" name="[26] /home/travis/build/icyphy/ptII/ptolemy/actor/lib/test/RecordDisassembler.tcl (RunTclFile)" time="0.039" />
  <testcase classname="ptolemy.util.test.junit.TclTests" name="[27] /home/travis/build/icyphy/ptII/ptolemy/actor/lib/test/Scale.tcl (RunTclFile)" time="0.036" />
  <testcase classname="ptolemy.util.test.junit.TclTests" name="[28] /home/travis/build/icyphy/ptII/ptolemy/actor/lib/test/SequentialClock.tcl (RunTclFile)" time="0.015" />
  <testcase classname="ptolemy.util.test.junit.TclTests" name="[29] /home/travis/build/icyphy/ptII/ptolemy/actor/lib/test/SetVariable.tcl (RunTclFile)" time="0.026">
    <failure message="Number of failed tests is has increased. expected:&lt;0&gt; but was:&lt;1&gt;" type="junit.framework.AssertionFailedError">junit.framework.AssertionFailedError: Number of failed tests is has increased. expected:&lt;0&gt; but was:&lt;1&gt;
	at ptolemy.util.test.junit.TclTests.RunTclFile(TclTests.java:286)
	at jdk.internal.reflect.GeneratedMethodAccessor19.invoke(Unknown Source)
	at java.base/jdk.internal.reflect.DelegatingMethodAccessorImpl.invoke(DelegatingMethodAccessorImpl.java:43)
	at junitparams.internal.InvokeParameterisedMethod.evaluate(InvokeParameterisedMethod.java:102)
	at junitparams.internal.ParameterisedTestMethodRunner.runMethodInvoker(ParameterisedTestMethodRunner.java:47)
	at junitparams.internal.ParameterisedTestMethodRunner.runTestMethod(ParameterisedTestMethodRunner.java:41)
	at junitparams.internal.ParameterisedTestClassRunner.runParameterisedTest(ParameterisedTestClassRunner.java:143)
	at junitparams.JUnitParamsRunner.runChild(JUnitParamsRunner.java:237)
	at junitparams.JUnitParamsRunner.runChild(JUnitParamsRunner.java:215)
</failure>
  </testcase>
  <testcase classname="ptolemy.util.test.junit.TclTests" name="[30] /home/travis/build/icyphy/ptII/ptolemy/actor/lib/test/Sinewave.tcl (RunTclFile)" time="0.058" />
  <testcase classname="ptolemy.util.test.junit.TclTests" name="[31] /home/travis/build/icyphy/ptII/ptolemy/actor/lib/test/SubscriptionAggregator.tcl (RunTclFile)" time="2.348" />
  <testcase classname="ptolemy.util.test.junit.TclTests" name="[32] /home/travis/build/icyphy/ptII/ptolemy/actor/lib/test/Test.tcl (RunTclFile)" time="0.117" />
  <testcase classname="ptolemy.util.test.junit.TclTests" name="[33] /home/travis/build/icyphy/ptII/ptolemy/actor/lib/test/TestExceptionHandler.tcl (RunTclFile)" time="0.014" />
  <testcase classname="ptolemy.util.test.junit.TclTests" name="[34] /home/travis/build/icyphy/ptII/ptolemy/actor/lib/test/UnionDisassembler.tcl (RunTclFile)" time="0.135" />
  <testcase classname="ptolemy.util.test.junit.TclTests" name="[35] /home/travis/build/icyphy/ptII/ptolemy/actor/lib/test/VariableClock.tcl (RunTclFile)" time="0.039" />
  <testcase classname="ptolemy.util.test.junit.AutoKnownFailedTests" name="[0] /home/travis/build/icyphy/ptII/ptolemy/actor/lib/test/auto/knownFailedTests/PublisherPortToplevelSubscriber.xml (RunModel)" time="0.026" />
  <testcase classname="ptolemy.util.test.junit.AutoKnownFailedTests" name="[1] /home/travis/build/icyphy/ptII/ptolemy/actor/lib/test/auto/knownFailedTests/PublisherSubscriberPortToplevel.xml (RunModel)" time="0.018" />
  <testcase classname="ptolemy.util.test.junit.AutoKnownFailedTests" name="[2] /home/travis/build/icyphy/ptII/ptolemy/actor/lib/test/auto/knownFailedTests/PublisherSubscriptionAggregatorPort.xml (RunModel)" time="0.021" />
  <testcase classname="ptolemy.util.test.junit.AutoKnownFailedTests" name="[3] /home/travis/build/icyphy/ptII/ptolemy/actor/lib/test/auto/knownFailedTests/sizedarray3.xml (RunModel)" time="0.031" />
  <testcase classname="ptolemy.util.test.junit.AutoNameArchTests" name="[0] ThereAreNoAutoArchTests (RunModel)" time="0.004" />
  <testcase classname="ptolemy.util.test.junit.AutoTests" name="[0] /home/travis/build/icyphy/ptII/ptolemy/actor/lib/test/auto/AbsoluteValue.xml (RunModel)" time="0.116" />
  <testcase classname="ptolemy.util.test.junit.AutoTests" name="[1] /home/travis/build/icyphy/ptII/ptolemy/actor/lib/test/auto/AbsoluteValue2.xml (RunModel)" time="0.053" />
  <testcase classname="ptolemy.util.test.junit.AutoTests" name="[2] /home/travis/build/icyphy/ptII/ptolemy/actor/lib/test/auto/Accumulator.xml (RunModel)" time="0.079" />
  <testcase classname="ptolemy.util.test.junit.AutoTests" name="[3] /home/travis/build/icyphy/ptII/ptolemy/actor/lib/test/auto/Accumulator2.xml (RunModel)" time="0.065" />
  <testcase classname="ptolemy.util.test.junit.AutoTests" name="[4] /home/travis/build/icyphy/ptII/ptolemy/actor/lib/test/auto/Accumulator3.xml (RunModel)" time="0.019" />
  <testcase classname="ptolemy.util.test.junit.AutoTests" name="[5] /home/travis/build/icyphy/ptII/ptolemy/actor/lib/test/auto/ArrayAppend.xml (RunModel)" time="0.067" />
  <testcase classname="ptolemy.util.test.junit.AutoTests" name="[6] /home/travis/build/icyphy/ptII/ptolemy/actor/lib/test/auto/ArrayAppend2.xml (RunModel)" time="0.52" />
  <testcase classname="ptolemy.util.test.junit.AutoTests" name="[7] /home/travis/build/icyphy/ptII/ptolemy/actor/lib/test/auto/ArrayAppend3.xml (RunModel)" time="0.021" />
  <testcase classname="ptolemy.util.test.junit.AutoTests" name="[8] /home/travis/build/icyphy/ptII/ptolemy/actor/lib/test/auto/ArrayAppend4.xml (RunModel)" time="0.03" />
  <testcase classname="ptolemy.util.test.junit.AutoTests" name="[9] /home/travis/build/icyphy/ptII/ptolemy/actor/lib/test/auto/ArrayAppend5.xml (RunModel)" time="0.018" />
  <testcase classname="ptolemy.util.test.junit.AutoTests" name="[10] /home/travis/build/icyphy/ptII/ptolemy/actor/lib/test/auto/ArrayAppend6.xml (RunModel)" time="0.027" />
  <testcase classname="ptolemy.util.test.junit.AutoTests" name="[11] /home/travis/build/icyphy/ptII/ptolemy/actor/lib/test/auto/ArrayAppendPerformanceTest.xml (RunModel)" time="0.077" />
  <testcase classname="ptolemy.util.test.junit.AutoTests" name="[12] /home/travis/build/icyphy/ptII/ptolemy/actor/lib/test/auto/ArrayAppendWithEmptyInput.xml (RunModel)" time="0.062" />
  <testcase classname="ptolemy.util.test.junit.AutoTests" name="[13] /home/travis/build/icyphy/ptII/ptolemy/actor/lib/test/auto/ArrayAverage.xml (RunModel)" time="0.067" />
  <testcase classname="ptolemy.util.test.junit.AutoTests" name="[14] /home/travis/build/icyphy/ptII/ptolemy/actor/lib/test/auto/ArrayContains.xml (RunModel)" time="0.045" />
  <testcase classname="ptolemy.util.test.junit.AutoTests" name="[15] /home/travis/build/icyphy/ptII/ptolemy/actor/lib/test/auto/ArrayElement.xml (RunModel)" time="0.031" />
  <testcase classname="ptolemy.util.test.junit.AutoTests" name="[16] /home/travis/build/icyphy/ptII/ptolemy/actor/lib/test/auto/ArrayElementAsMatrix.xml (RunModel)" time="0.066" />
  <testcase classname="ptolemy.util.test.junit.AutoTests" name="[17] /home/travis/build/icyphy/ptII/ptolemy/actor/lib/test/auto/ArrayElementI.xml (RunModel)" time="0.023" />
  <testcase classname="ptolemy.util.test.junit.AutoTests" name="[18] /home/travis/build/icyphy/ptII/ptolemy/actor/lib/test/auto/ArrayExtract.xml (RunModel)" time="0.032" />
  <testcase classname="ptolemy.util.test.junit.AutoTests" name="[19] /home/travis/build/icyphy/ptII/ptolemy/actor/lib/test/auto/ArrayExtract2.xml (RunModel)" time="0.017" />
  <testcase classname="ptolemy.util.test.junit.AutoTests" name="[20] /home/travis/build/icyphy/ptII/ptolemy/actor/lib/test/auto/ArrayLength.xml (RunModel)" time="0.014" />
  <testcase classname="ptolemy.util.test.junit.AutoTests" name="[21] /home/travis/build/icyphy/ptII/ptolemy/actor/lib/test/auto/ArrayLevelCrossing.xml (RunModel)" time="0.029" />
  <testcase classname="ptolemy.util.test.junit.AutoTests" name="[22] /home/travis/build/icyphy/ptII/ptolemy/actor/lib/test/auto/ArrayLevelCrossing2.xml (RunModel)" time="0.028" />
  <testcase classname="ptolemy.util.test.junit.AutoTests" name="[23] /home/travis/build/icyphy/ptII/ptolemy/actor/lib/test/auto/ArrayPeakSearch.xml (RunModel)" time="0.036" />
  <testcase classname="ptolemy.util.test.junit.AutoTests" name="[24] /home/travis/build/icyphy/ptII/ptolemy/actor/lib/test/auto/ArrayPeakSearch2.xml (RunModel)" time="0.037" />
  <testcase classname="ptolemy.util.test.junit.AutoTests" name="[25] /home/travis/build/icyphy/ptII/ptolemy/actor/lib/test/auto/ArrayPeakSearch3.xml (RunModel)" time="0.044" />
  <testcase classname="ptolemy.util.test.junit.AutoTests" name="[26] /home/travis/build/icyphy/ptII/ptolemy/actor/lib/test/auto/ArrayRemoveElement.xml (RunModel)" time="0.03" />
  <testcase classname="ptolemy.util.test.junit.AutoTests" name="[27] /home/travis/build/icyphy/ptII/ptolemy/actor/lib/test/auto/ArraySort.xml (RunModel)" time="0.034" />
  <testcase classname="ptolemy.util.test.junit.AutoTests" name="[28] /home/travis/build/icyphy/ptII/ptolemy/actor/lib/test/auto/ArraySum.xml (RunModel)" time="0.022" />
  <testcase classname="ptolemy.util.test.junit.AutoTests" name="[29] /home/travis/build/icyphy/ptII/ptolemy/actor/lib/test/auto/ArrayToElements.xml (RunModel)" time="0.023" />
  <testcase classname="ptolemy.util.test.junit.AutoTests" name="[30] /home/travis/build/icyphy/ptII/ptolemy/actor/lib/test/auto/ArrayToMatrix.xml (RunModel)" time="0.064" />
  <testcase classname="ptolemy.util.test.junit.AutoTests" name="[31] /home/travis/build/icyphy/ptII/ptolemy/actor/lib/test/auto/ArrayUpdate1.xml (RunModel)" time="0.025" />
  <testcase classname="ptolemy.util.test.junit.AutoTests" name="[32] /home/travis/build/icyphy/ptII/ptolemy/actor/lib/test/auto/ArrayUpdate2.xml (RunModel)" time="0.023" />
  <testcase classname="ptolemy.util.test.junit.AutoTests" name="[33] /home/travis/build/icyphy/ptII/ptolemy/actor/lib/test/auto/ArrayUpdate3.xml (RunModel)" time="0.016" />
  <testcase classname="ptolemy.util.test.junit.AutoTests" name="[34] /home/travis/build/icyphy/ptII/ptolemy/actor/lib/test/auto/Assert1.xml (RunModel)" time="0.029" />
  <testcase classname="ptolemy.util.test.junit.AutoTests" name="[35] /home/travis/build/icyphy/ptII/ptolemy/actor/lib/test/auto/Assert2.xml (RunModel)" time="0.022" />
  <testcase classname="ptolemy.util.test.junit.AutoTests" name="[36] /home/travis/build/icyphy/ptII/ptolemy/actor/lib/test/auto/BooleanMultiplexor.xml (RunModel)" time="0.021" />
  <testcase classname="ptolemy.util.test.junit.AutoTests" name="[37] /home/travis/build/icyphy/ptII/ptolemy/actor/lib/test/auto/BooleanMultiplexor2.xml (RunModel)" time="0.029" />
  <testcase classname="ptolemy.util.test.junit.AutoTests" name="[38] /home/travis/build/icyphy/ptII/ptolemy/actor/lib/test/auto/BooleanMultiplexor3.xml (RunModel)" time="0.034" />
  <testcase classname="ptolemy.util.test.junit.AutoTests" name="[39] /home/travis/build/icyphy/ptII/ptolemy/actor/lib/test/auto/BooleanSelect.xml (RunModel)" time="0.028" />
  <testcase classname="ptolemy.util.test.junit.AutoTests" name="[40] /home/travis/build/icyphy/ptII/ptolemy/actor/lib/test/auto/BooleanSelect2.xml (RunModel)" time="0.021" />
  <testcase classname="ptolemy.util.test.junit.AutoTests" name="[41] /home/travis/build/icyphy/ptII/ptolemy/actor/lib/test/auto/BooleanSwitch.xml (RunModel)" time="0.026" />
  <testcase classname="ptolemy.util.test.junit.AutoTests" name="[42] /home/travis/build/icyphy/ptII/ptolemy/actor/lib/test/auto/BooleanSwitch2.xml (RunModel)" time="0.016" />
  <testcase classname="ptolemy.util.test.junit.AutoTests" name="[43] /home/travis/build/icyphy/ptII/ptolemy/actor/lib/test/auto/BooleanSwitchCloningBugWithClassRelationGroup.xml (RunModel)" time="0.035" />
  <testcase classname="ptolemy.util.test.junit.AutoTests" name="[44] /home/travis/build/icyphy/ptII/ptolemy/actor/lib/test/auto/BusActors.xml (RunModel)" time="0.041" />
  <testcase classname="ptolemy.util.test.junit.AutoTests" name="[45] /home/travis/build/icyphy/ptII/ptolemy/actor/lib/test/auto/ClassWrapper.xml (RunModel)" time="0.026" />
  <testcase classname="ptolemy.util.test.junit.AutoTests" name="[46] /home/travis/build/icyphy/ptII/ptolemy/actor/lib/test/auto/Clock.xml (RunModel)" time="0.034" />
  <testcase classname="ptolemy.util.test.junit.AutoTests" name="[47] /home/travis/build/icyphy/ptII/ptolemy/actor/lib/test/auto/Clock10.xml (RunModel)" time="0.021" />
  <testcase classname="ptolemy.util.test.junit.AutoTests" name="[48] /home/travis/build/icyphy/ptII/ptolemy/actor/lib/test/auto/Clock11.xml (RunModel)" time="0.021" />
  <testcase classname="ptolemy.util.test.junit.AutoTests" name="[49] /home/travis/build/icyphy/ptII/ptolemy/actor/lib/test/auto/Clock12.xml (RunModel)" time="0.019" />
  <testcase classname="ptolemy.util.test.junit.AutoTests" name="[50] /home/travis/build/icyphy/ptII/ptolemy/actor/lib/test/auto/Clock13.xml (RunModel)" time="0.025" />
  <testcase classname="ptolemy.util.test.junit.AutoTests" name="[51] /home/travis/build/icyphy/ptII/ptolemy/actor/lib/test/auto/Clock14.xml (RunModel)" time="0.018" />
  <testcase classname="ptolemy.util.test.junit.AutoTests" name="[52] /home/travis/build/icyphy/ptII/ptolemy/actor/lib/test/auto/Clock15.xml (RunModel)" time="0.013" />
  <testcase classname="ptolemy.util.test.junit.AutoTests" name="[53] /home/travis/build/icyphy/ptII/ptolemy/actor/lib/test/auto/Clock16.xml (RunModel)" time="0.109" />
  <testcase classname="ptolemy.util.test.junit.AutoTests" name="[54] /home/travis/build/icyphy/ptII/ptolemy/actor/lib/test/auto/Clock17.xml (RunModel)" time="0.057" />
  <testcase classname="ptolemy.util.test.junit.AutoTests" name="[55] /home/travis/build/icyphy/ptII/ptolemy/actor/lib/test/auto/Clock18.xml (RunModel)" time="0.061" />
  <testcase classname="ptolemy.util.test.junit.AutoTests" name="[56] /home/travis/build/icyphy/ptII/ptolemy/actor/lib/test/auto/Clock19.xml (RunModel)" time="0.038" />
  <testcase classname="ptolemy.util.test.junit.AutoTests" name="[57] /home/travis/build/icyphy/ptII/ptolemy/actor/lib/test/auto/Clock2.xml (RunModel)" time="0.01" />
  <testcase classname="ptolemy.util.test.junit.AutoTests" name="[58] /home/travis/build/icyphy/ptII/ptolemy/actor/lib/test/auto/Clock20.xml (RunModel)" time="0.02" />
  <testcase classname="ptolemy.util.test.junit.AutoTests" name="[59] /home/travis/build/icyphy/ptII/ptolemy/actor/lib/test/auto/Clock21.xml (RunModel)" time="0.016" />
  <testcase classname="ptolemy.util.test.junit.AutoTests" name="[60] /home/travis/build/icyphy/ptII/ptolemy/actor/lib/test/auto/Clock22.xml (RunModel)" time="0.013" />
  <testcase classname="ptolemy.util.test.junit.AutoTests" name="[61] /home/travis/build/icyphy/ptII/ptolemy/actor/lib/test/auto/Clock23.xml (RunModel)" time="0.016" />
  <testcase classname="ptolemy.util.test.junit.AutoTests" name="[62] /home/travis/build/icyphy/ptII/ptolemy/actor/lib/test/auto/Clock24.xml (RunModel)" time="0.017" />
  <testcase classname="ptolemy.util.test.junit.AutoTests" name="[63] /home/travis/build/icyphy/ptII/ptolemy/actor/lib/test/auto/Clock4.xml (RunModel)" time="0.013" />
  <testcase classname="ptolemy.util.test.junit.AutoTests" name="[64] /home/travis/build/icyphy/ptII/ptolemy/actor/lib/test/auto/Clock5.xml (RunModel)" time="0.018" />
  <testcase classname="ptolemy.util.test.junit.AutoTests" name="[65] /home/travis/build/icyphy/ptII/ptolemy/actor/lib/test/auto/Clock6.xml (RunModel)" time="0.013" />
  <testcase classname="ptolemy.util.test.junit.AutoTests" name="[66] /home/travis/build/icyphy/ptII/ptolemy/actor/lib/test/auto/Clock7.xml (RunModel)" time="0.013" />
  <testcase classname="ptolemy.util.test.junit.AutoTests" name="[67] /home/travis/build/icyphy/ptII/ptolemy/actor/lib/test/auto/Clock8.xml (RunModel)" time="0.017" />
  <testcase classname="ptolemy.util.test.junit.AutoTests" name="[68] /home/travis/build/icyphy/ptII/ptolemy/actor/lib/test/auto/Clock9.xml (RunModel)" time="0.018" />
  <testcase classname="ptolemy.util.test.junit.AutoTests" name="[69] /home/travis/build/icyphy/ptII/ptolemy/actor/lib/test/auto/CommDistDiscard.xml (RunModel)" time="0.028" />
  <testcase classname="ptolemy.util.test.junit.AutoTests" name="[70] /home/travis/build/icyphy/ptII/ptolemy/actor/lib/test/auto/Commutator.xml (RunModel)" time="0.015" />
  <testcase classname="ptolemy.util.test.junit.AutoTests" name="[71] /home/travis/build/icyphy/ptII/ptolemy/actor/lib/test/auto/Commutator2.xml (RunModel)" time="0.011" />
  <testcase classname="ptolemy.util.test.junit.AutoTests" name="[72] /home/travis/build/icyphy/ptII/ptolemy/actor/lib/test/auto/Commutator3.xml (RunModel)" time="0.032" />
  <testcase classname="ptolemy.util.test.junit.AutoTests" name="[73] /home/travis/build/icyphy/ptII/ptolemy/actor/lib/test/auto/Compare.xml (RunModel)" time="0.026" />
  <testcase classname="ptolemy.util.test.junit.AutoTests" name="[74] /home/travis/build/icyphy/ptII/ptolemy/actor/lib/test/auto/CompareDE.xml (RunModel)" time="0.034" />
  <testcase classname="ptolemy.util.test.junit.AutoTests" name="[75] /home/travis/build/icyphy/ptII/ptolemy/actor/lib/test/auto/ComplexDivide.xml (RunModel)" time="0.015" />
  <testcase classname="ptolemy.util.test.junit.AutoTests" name="[76] /home/travis/build/icyphy/ptII/ptolemy/actor/lib/test/auto/ComputeHistogram.xml (RunModel)" time="0.07" />
  <testcase classname="ptolemy.util.test.junit.AutoTests" name="[77] /home/travis/build/icyphy/ptII/ptolemy/actor/lib/test/auto/ConfigurationSelect.xml (RunModel)" time="0.025" />
  <testcase classname="ptolemy.util.test.junit.AutoTests" name="[78] /home/travis/build/icyphy/ptII/ptolemy/actor/lib/test/auto/ConfigurationSelect2.xml (RunModel)" time="0.023" />
  <testcase classname="ptolemy.util.test.junit.AutoTests" name="[79] /home/travis/build/icyphy/ptII/ptolemy/actor/lib/test/auto/ConfigurationSwitch.xml (RunModel)" time="0.029" />
  <testcase classname="ptolemy.util.test.junit.AutoTests" name="[80] /home/travis/build/icyphy/ptII/ptolemy/actor/lib/test/auto/ConfigurationSwitch2.xml (RunModel)" time="0.031" />
  <testcase classname="ptolemy.util.test.junit.AutoTests" name="[81] /home/travis/build/icyphy/ptII/ptolemy/actor/lib/test/auto/ConfigurationSwitchCloningBugWithClassRelationGroup.xml (RunModel)" time="0.031" />
  <testcase classname="ptolemy.util.test.junit.AutoTests" name="[82] /home/travis/build/icyphy/ptII/ptolemy/actor/lib/test/auto/ConfigurationSwitchSelectSDF.xml (RunModel)" time="0.026" />
  <testcase classname="ptolemy.util.test.junit.AutoTests" name="[83] /home/travis/build/icyphy/ptII/ptolemy/actor/lib/test/auto/ConfigurationSwitchSelectSDF2.xml (RunModel)" time="0.03" />
  <testcase classname="ptolemy.util.test.junit.AutoTests" name="[84] /home/travis/build/icyphy/ptII/ptolemy/actor/lib/test/auto/Const.xml (RunModel)" time="0.01" />
  <testcase classname="ptolemy.util.test.junit.AutoTests" name="[85] /home/travis/build/icyphy/ptII/ptolemy/actor/lib/test/auto/Const2.xml (RunModel)" time="0.015" />
  <testcase classname="ptolemy.util.test.junit.AutoTests" name="[86] /home/travis/build/icyphy/ptII/ptolemy/actor/lib/test/auto/Const3.xml (RunModel)" time="0.008" />
  <testcase classname="ptolemy.util.test.junit.AutoTests" name="[87] /home/travis/build/icyphy/ptII/ptolemy/actor/lib/test/auto/ConstantPublisherPort1.xml (RunModel)" time="0.028" />
  <testcase classname="ptolemy.util.test.junit.AutoTests" name="[88] /home/travis/build/icyphy/ptII/ptolemy/actor/lib/test/auto/ConstantPublisherPort2.xml (RunModel)" time="0.033" />
  <testcase classname="ptolemy.util.test.junit.AutoTests" name="[89] /home/travis/build/icyphy/ptII/ptolemy/actor/lib/test/auto/ConstantPublisherPort3.xml (RunModel)" time="0.027" />
  <testcase classname="ptolemy.util.test.junit.AutoTests" name="[90] /home/travis/build/icyphy/ptII/ptolemy/actor/lib/test/auto/ConstantPublisherPort4.xml (RunModel)" time="0.023" />
  <testcase classname="ptolemy.util.test.junit.AutoTests" name="[91] /home/travis/build/icyphy/ptII/ptolemy/actor/lib/test/auto/ConstantPublisherPort5.xml (RunModel)" time="0.058" />
  <testcase classname="ptolemy.util.test.junit.AutoTests" name="[92] /home/travis/build/icyphy/ptII/ptolemy/actor/lib/test/auto/ConstantPublisherPort6.xml (RunModel)" time="0.035" />
  <testcase classname="ptolemy.util.test.junit.AutoTests" name="[93] /home/travis/build/icyphy/ptII/ptolemy/actor/lib/test/auto/ConstantPublisherPort7.xml (RunModel)" time="0.03" />
  <testcase classname="ptolemy.util.test.junit.AutoTests" name="[94] /home/travis/build/icyphy/ptII/ptolemy/actor/lib/test/auto/ConstraintMonitor1.xml (RunModel)" time="0.042" />
  <testcase classname="ptolemy.util.test.junit.AutoTests" name="[95] /home/travis/build/icyphy/ptII/ptolemy/actor/lib/test/auto/ConstraintMonitor2.xml (RunModel)" time="0.021" />
  <testcase classname="ptolemy.util.test.junit.AutoTests" name="[96] /home/travis/build/icyphy/ptII/ptolemy/actor/lib/test/auto/ConstraintMonitor3.xml (RunModel)" time="0.02" />
  <testcase classname="ptolemy.util.test.junit.AutoTests" name="[97] /home/travis/build/icyphy/ptII/ptolemy/actor/lib/test/auto/ConstraintMonitor4.xml (RunModel)" time="0.019" />
  <testcase classname="ptolemy.util.test.junit.AutoTests" name="[98] /home/travis/build/icyphy/ptII/ptolemy/actor/lib/test/auto/ConstraintMonitor5.xml (RunModel)" time="0.022" />
  <testcase classname="ptolemy.util.test.junit.AutoTests" name="[99] /home/travis/build/icyphy/ptII/ptolemy/actor/lib/test/auto/ConstraintMonitor6.xml (RunModel)" time="0.021" />
  <testcase classname="ptolemy.util.test.junit.AutoTests" name="[100] /home/travis/build/icyphy/ptII/ptolemy/actor/lib/test/auto/ConstraintMonitor7.xml (RunModel)" time="0.03" />
  <testcase classname="ptolemy.util.test.junit.AutoTests" name="[101] /home/travis/build/icyphy/ptII/ptolemy/actor/lib/test/auto/ConstraintMonitor8.xml (RunModel)" time="0.025" />
  <testcase classname="ptolemy.util.test.junit.AutoTests" name="[102] /home/travis/build/icyphy/ptII/ptolemy/actor/lib/test/auto/Counter.xml (RunModel)" time="0.023" />
  <testcase classname="ptolemy.util.test.junit.AutoTests" name="[103] /home/travis/build/icyphy/ptII/ptolemy/actor/lib/test/auto/CurrentTimeSDF.xml (RunModel)" time="0.009" />
  <testcase classname="ptolemy.util.test.junit.AutoTests" name="[104] /home/travis/build/icyphy/ptII/ptolemy/actor/lib/test/auto/DB.xml (RunModel)" time="0.015" />
  <testcase classname="ptolemy.util.test.junit.AutoTests" name="[105] /home/travis/build/icyphy/ptII/ptolemy/actor/lib/test/auto/DBDE.xml (RunModel)" time="0.017" />
  <testcase classname="ptolemy.util.test.junit.AutoTests" name="[106] /home/travis/build/icyphy/ptII/ptolemy/actor/lib/test/auto/DateConstructor.xml (RunModel)" time="0.079" />
  <testcase classname="ptolemy.util.test.junit.AutoTests" name="[107] /home/travis/build/icyphy/ptII/ptolemy/actor/lib/test/auto/DelayTime.xml (RunModel)" time="0.029" />
  <testcase classname="ptolemy.util.test.junit.AutoTests" name="[108] /home/travis/build/icyphy/ptII/ptolemy/actor/lib/test/auto/Dictionary1.xml (RunModel)" time="0.023" />
  <testcase classname="ptolemy.util.test.junit.AutoTests" name="[109] /home/travis/build/icyphy/ptII/ptolemy/actor/lib/test/auto/Dictionary2.xml (RunModel)" time="0.026" />
  <testcase classname="ptolemy.util.test.junit.AutoTests" name="[110] /home/travis/build/icyphy/ptII/ptolemy/actor/lib/test/auto/Dictionary3.xml (RunModel)" time="0.015" />
  <testcase classname="ptolemy.util.test.junit.AutoTests" name="[111] /home/travis/build/icyphy/ptII/ptolemy/actor/lib/test/auto/Dictionary4.xml (RunModel)" time="0.019" />
  <testcase classname="ptolemy.util.test.junit.AutoTests" name="[112] /home/travis/build/icyphy/ptII/ptolemy/actor/lib/test/auto/Differential.xml (RunModel)" time="0.014" />
  <testcase classname="ptolemy.util.test.junit.AutoTests" name="[113] /home/travis/build/icyphy/ptII/ptolemy/actor/lib/test/auto/Director.xml (RunModel)" time="0.013" />
  <testcase classname="ptolemy.util.test.junit.AutoTests" name="[114] /home/travis/build/icyphy/ptII/ptolemy/actor/lib/test/auto/DiscreteClock.xml (RunModel)" time="0.01" />
  <testcase classname="ptolemy.util.test.junit.AutoTests" name="[115] /home/travis/build/icyphy/ptII/ptolemy/actor/lib/test/auto/DiscreteClock10.xml (RunModel)" time="0.018" />
  <testcase classname="ptolemy.util.test.junit.AutoTests" name="[116] /home/travis/build/icyphy/ptII/ptolemy/actor/lib/test/auto/DiscreteClock11.xml (RunModel)" time="0.014" />
  <testcase classname="ptolemy.util.test.junit.AutoTests" name="[117] /home/travis/build/icyphy/ptII/ptolemy/actor/lib/test/auto/DiscreteClock12.xml (RunModel)" time="0.016" />
  <testcase classname="ptolemy.util.test.junit.AutoTests" name="[118] /home/travis/build/icyphy/ptII/ptolemy/actor/lib/test/auto/DiscreteClock13.xml (RunModel)" time="0.018" />
  <testcase classname="ptolemy.util.test.junit.AutoTests" name="[119] /home/travis/build/icyphy/ptII/ptolemy/actor/lib/test/auto/DiscreteClock14.xml (RunModel)" time="0.019" />
  <testcase classname="ptolemy.util.test.junit.AutoTests" name="[120] /home/travis/build/icyphy/ptII/ptolemy/actor/lib/test/auto/DiscreteClock15.xml (RunModel)" time="0.019" />
  <testcase classname="ptolemy.util.test.junit.AutoTests" name="[121] /home/travis/build/icyphy/ptII/ptolemy/actor/lib/test/auto/DiscreteClock16.xml (RunModel)" time="0.048" />
  <testcase classname="ptolemy.util.test.junit.AutoTests" name="[122] /home/travis/build/icyphy/ptII/ptolemy/actor/lib/test/auto/DiscreteClock17.xml (RunModel)" time="0.047" />
  <testcase classname="ptolemy.util.test.junit.AutoTests" name="[123] /home/travis/build/icyphy/ptII/ptolemy/actor/lib/test/auto/DiscreteClock18.xml (RunModel)" time="0.053" />
  <testcase classname="ptolemy.util.test.junit.AutoTests" name="[124] /home/travis/build/icyphy/ptII/ptolemy/actor/lib/test/auto/DiscreteClock19.xml (RunModel)" time="0.045" />
  <testcase classname="ptolemy.util.test.junit.AutoTests" name="[125] /home/travis/build/icyphy/ptII/ptolemy/actor/lib/test/auto/DiscreteClock2.xml (RunModel)" time="0.011" />
  <testcase classname="ptolemy.util.test.junit.AutoTests" name="[126] /home/travis/build/icyphy/ptII/ptolemy/actor/lib/test/auto/DiscreteClock20.xml (RunModel)" time="0.026" />
  <testcase classname="ptolemy.util.test.junit.AutoTests" name="[127] /home/travis/build/icyphy/ptII/ptolemy/actor/lib/test/auto/DiscreteClock21.xml (RunModel)" time="0.023" />
  <testcase classname="ptolemy.util.test.junit.AutoTests" name="[128] /home/travis/build/icyphy/ptII/ptolemy/actor/lib/test/auto/DiscreteClock22.xml (RunModel)" time="0.015" />
  <testcase classname="ptolemy.util.test.junit.AutoTests" name="[129] /home/travis/build/icyphy/ptII/ptolemy/actor/lib/test/auto/DiscreteClock23.xml (RunModel)" time="0.025" />
  <testcase classname="ptolemy.util.test.junit.AutoTests" name="[130] /home/travis/build/icyphy/ptII/ptolemy/actor/lib/test/auto/DiscreteClock24.xml (RunModel)" time="0.017" />
  <testcase classname="ptolemy.util.test.junit.AutoTests" name="[131] /home/travis/build/icyphy/ptII/ptolemy/actor/lib/test/auto/DiscreteClock4.xml (RunModel)" time="0.014" />
  <testcase classname="ptolemy.util.test.junit.AutoTests" name="[132] /home/travis/build/icyphy/ptII/ptolemy/actor/lib/test/auto/DiscreteClock5.xml (RunModel)" time="0.015" />
  <testcase classname="ptolemy.util.test.junit.AutoTests" name="[133] /home/travis/build/icyphy/ptII/ptolemy/actor/lib/test/auto/DiscreteClock6.xml (RunModel)" time="0.018" />
  <testcase classname="ptolemy.util.test.junit.AutoTests" name="[134] /home/travis/build/icyphy/ptII/ptolemy/actor/lib/test/auto/DiscreteClock7.xml (RunModel)" time="0.016" />
  <testcase classname="ptolemy.util.test.junit.AutoTests" name="[135] /home/travis/build/icyphy/ptII/ptolemy/actor/lib/test/auto/DiscreteClock8.xml (RunModel)" time="0.03" />
  <testcase classname="ptolemy.util.test.junit.AutoTests" name="[136] /home/travis/build/icyphy/ptII/ptolemy/actor/lib/test/auto/DiscreteClock9.xml (RunModel)" time="0.015" />
  <testcase classname="ptolemy.util.test.junit.AutoTests" name="[137] /home/travis/build/icyphy/ptII/ptolemy/actor/lib/test/auto/DisplayArray.xml (RunModel)" time="0.011" />
  <testcase classname="ptolemy.util.test.junit.AutoTests" name="[138] /home/travis/build/icyphy/ptII/ptolemy/actor/lib/test/auto/Distributor.xml (RunModel)" time="0.011" />
  <testcase classname="ptolemy.util.test.junit.AutoTests" name="[139] /home/travis/build/icyphy/ptII/ptolemy/actor/lib/test/auto/Distributor2.xml (RunModel)" time="0.013" />
  <testcase classname="ptolemy.util.test.junit.AutoTests" name="[140] /home/travis/build/icyphy/ptII/ptolemy/actor/lib/test/auto/DownSample.xml (RunModel)" time="0.024" />
  <testcase classname="ptolemy.util.test.junit.AutoTests" name="[141] /home/travis/build/icyphy/ptII/ptolemy/actor/lib/test/auto/ElectronicUnitBase1.xml (RunModel)" time="0.065" />
  <testcase classname="ptolemy.util.test.junit.AutoTests" name="[142] /home/travis/build/icyphy/ptII/ptolemy/actor/lib/test/auto/ElementsToArray.xml (RunModel)" time="0.011" />
  <testcase classname="ptolemy.util.test.junit.AutoTests" name="[143] /home/travis/build/icyphy/ptII/ptolemy/actor/lib/test/auto/Equals.xml (RunModel)" time="0.019" />
  <testcase classname="ptolemy.util.test.junit.AutoTests" name="[144] /home/travis/build/icyphy/ptII/ptolemy/actor/lib/test/auto/Exec.xml (RunModel)" time="0.039" />
  <testcase classname="ptolemy.util.test.junit.AutoTests" name="[145] /home/travis/build/icyphy/ptII/ptolemy/actor/lib/test/auto/ExecEnvironment.xml (RunModel)" time="0.039" />
  <testcase classname="ptolemy.util.test.junit.AutoTests" name="[146] /home/travis/build/icyphy/ptII/ptolemy/actor/lib/test/auto/ExecNonZeroReturnOutput.xml (RunModel)" time="0.228" />
  <testcase classname="ptolemy.util.test.junit.AutoTests" name="[147] /home/travis/build/icyphy/ptII/ptolemy/actor/lib/test/auto/ExecRunDemos.xml (RunModel)" time="11.469" />
  <testcase classname="ptolemy.util.test.junit.AutoTests" name="[148] /home/travis/build/icyphy/ptII/ptolemy/actor/lib/test/auto/ExecStop.xml (RunModel)" time="5.027" />
  <testcase classname="ptolemy.util.test.junit.AutoTests" name="[149] /home/travis/build/icyphy/ptII/ptolemy/actor/lib/test/auto/ExecutionTimeSDF.xml (RunModel)" time="6.038" />
  <testcase classname="ptolemy.util.test.junit.AutoTests" name="[150] /home/travis/build/icyphy/ptII/ptolemy/actor/lib/test/auto/Expression1.xml (RunModel)" time="0.008" />
  <testcase classname="ptolemy.util.test.junit.AutoTests" name="[151] /home/travis/build/icyphy/ptII/ptolemy/actor/lib/test/auto/Expression10.xml (RunModel)" time="0.033" />
  <testcase classname="ptolemy.util.test.junit.AutoTests" name="[152] /home/travis/build/icyphy/ptII/ptolemy/actor/lib/test/auto/Expression11.xml (RunModel)" time="0.011" />
  <testcase classname="ptolemy.util.test.junit.AutoTests" name="[153] /home/travis/build/icyphy/ptII/ptolemy/actor/lib/test/auto/Expression12.xml (RunModel)" time="0.015" />
  <testcase classname="ptolemy.util.test.junit.AutoTests" name="[154] /home/travis/build/icyphy/ptII/ptolemy/actor/lib/test/auto/Expression13.xml (RunModel)" time="0.012" />
  <testcase classname="ptolemy.util.test.junit.AutoTests" name="[155] /home/travis/build/icyphy/ptII/ptolemy/actor/lib/test/auto/Expression14.xml (RunModel)" time="0.02" />
  <testcase classname="ptolemy.util.test.junit.AutoTests" name="[156] /home/travis/build/icyphy/ptII/ptolemy/actor/lib/test/auto/Expression15.xml (RunModel)" time="0.007" />
  <testcase classname="ptolemy.util.test.junit.AutoTests" name="[157] /home/travis/build/icyphy/ptII/ptolemy/actor/lib/test/auto/Expression16.xml (RunModel)" time="0.013" />
  <testcase classname="ptolemy.util.test.junit.AutoTests" name="[158] /home/travis/build/icyphy/ptII/ptolemy/actor/lib/test/auto/Expression17.xml (RunModel)" time="0.015" />
  <testcase classname="ptolemy.util.test.junit.AutoTests" name="[159] /home/travis/build/icyphy/ptII/ptolemy/actor/lib/test/auto/Expression18.xml (RunModel)" time="0.016" />
  <testcase classname="ptolemy.util.test.junit.AutoTests" name="[160] /home/travis/build/icyphy/ptII/ptolemy/actor/lib/test/auto/Expression2.xml (RunModel)" time="0.016" />
  <testcase classname="ptolemy.util.test.junit.AutoTests" name="[161] /home/travis/build/icyphy/ptII/ptolemy/actor/lib/test/auto/Expression3.xml (RunModel)" time="0.014" />
  <testcase classname="ptolemy.util.test.junit.AutoTests" name="[162] /home/travis/build/icyphy/ptII/ptolemy/actor/lib/test/auto/Expression4.xml (RunModel)" time="0.022" />
  <testcase classname="ptolemy.util.test.junit.AutoTests" name="[163] /home/travis/build/icyphy/ptII/ptolemy/actor/lib/test/auto/Expression5.xml (RunModel)" time="0.018" />
  <testcase classname="ptolemy.util.test.junit.AutoTests" name="[164] /home/travis/build/icyphy/ptII/ptolemy/actor/lib/test/auto/Expression6.xml (RunModel)" time="0.01" />
  <testcase classname="ptolemy.util.test.junit.AutoTests" name="[165] /home/travis/build/icyphy/ptII/ptolemy/actor/lib/test/auto/Expression7.xml (RunModel)" time="0.013" />
  <testcase classname="ptolemy.util.test.junit.AutoTests" name="[166] /home/travis/build/icyphy/ptII/ptolemy/actor/lib/test/auto/Expression8.xml (RunModel)" time="0.018" />
  <testcase classname="ptolemy.util.test.junit.AutoTests" name="[167] /home/travis/build/icyphy/ptII/ptolemy/actor/lib/test/auto/Expression9.xml (RunModel)" time="0.009" />
  <testcase classname="ptolemy.util.test.junit.AutoTests" name="[168] /home/travis/build/icyphy/ptII/ptolemy/actor/lib/test/auto/ExpressionConcatenateArrayType.xml (RunModel)" time="0.032" />
  <testcase classname="ptolemy.util.test.junit.AutoTests" name="[169] /home/travis/build/icyphy/ptII/ptolemy/actor/lib/test/auto/ExpressionConcatenateArrayType2.xml (RunModel)" time="0.039" />
  <testcase classname="ptolemy.util.test.junit.AutoTests" name="[170] /home/travis/build/icyphy/ptII/ptolemy/actor/lib/test/auto/ExpressionFix.xml (RunModel)" time="0.051" />
  <testcase classname="ptolemy.util.test.junit.AutoTests" name="[171] /home/travis/build/icyphy/ptII/ptolemy/actor/lib/test/auto/ExpressionFix2.xml (RunModel)" time="0.014" />
  <testcase classname="ptolemy.util.test.junit.AutoTests" name="[172] /home/travis/build/icyphy/ptII/ptolemy/actor/lib/test/auto/ExpressionFix3.xml (RunModel)" time="0.015" />
  <testcase classname="ptolemy.util.test.junit.AutoTests" name="[173] /home/travis/build/icyphy/ptII/ptolemy/actor/lib/test/auto/FileWriter1.xml (RunModel)" time="0.01" />
  <testcase classname="ptolemy.util.test.junit.AutoTests" name="[174] /home/travis/build/icyphy/ptII/ptolemy/actor/lib/test/auto/FileWriter2.xml (RunModel)" time="0.017" />
  <testcase classname="ptolemy.util.test.junit.AutoTests" name="[175] /home/travis/build/icyphy/ptII/ptolemy/actor/lib/test/auto/FileWriter3.xml (RunModel)" time="0.015" />
  <testcase classname="ptolemy.util.test.junit.AutoTests" name="[176] /home/travis/build/icyphy/ptII/ptolemy/actor/lib/test/auto/Gaussian.xml (RunModel)" time="0.013" />
  <testcase classname="ptolemy.util.test.junit.AutoTests" name="[177] /home/travis/build/icyphy/ptII/ptolemy/actor/lib/test/auto/Gaussian1.xml (RunModel)" time="0.024" />
  <testcase classname="ptolemy.util.test.junit.AutoTests" name="[178] /home/travis/build/icyphy/ptII/ptolemy/actor/lib/test/auto/Gaussian2.xml (RunModel)" time="0.019" />
  <testcase classname="ptolemy.util.test.junit.AutoTests" name="[179] /home/travis/build/icyphy/ptII/ptolemy/actor/lib/test/auto/GradientAdaptiveLattice.xml (RunModel)" time="0.017" />
  <testcase classname="ptolemy.util.test.junit.AutoTests" name="[180] /home/travis/build/icyphy/ptII/ptolemy/actor/lib/test/auto/IIR.xml (RunModel)" time="0.011" />
  <testcase classname="ptolemy.util.test.junit.AutoTests" name="[181] /home/travis/build/icyphy/ptII/ptolemy/actor/lib/test/auto/InputOutputTransparentPorts.xml (RunModel)" time="0.021" />
  <testcase classname="ptolemy.util.test.junit.AutoTests" name="[182] /home/travis/build/icyphy/ptII/ptolemy/actor/lib/test/auto/Interpolator.xml (RunModel)" time="0.015" />
  <testcase classname="ptolemy.util.test.junit.AutoTests" name="[183] /home/travis/build/icyphy/ptII/ptolemy/actor/lib/test/auto/InterpolatorFiringLimitDE.xml (RunModel)" time="0.015" />
  <testcase classname="ptolemy.util.test.junit.AutoTests" name="[184] /home/travis/build/icyphy/ptII/ptolemy/actor/lib/test/auto/Lattice.xml (RunModel)" time="0.012" />
  <testcase classname="ptolemy.util.test.junit.AutoTests" name="[185] /home/travis/build/icyphy/ptII/ptolemy/actor/lib/test/auto/LazyAOCTestLazy.xml (RunModel)" time="0.05" />
  <testcase classname="ptolemy.util.test.junit.AutoTests" name="[186] /home/travis/build/icyphy/ptII/ptolemy/actor/lib/test/auto/LazyAOCTestNonLazy.xml (RunModel)" time="0.045" />
  <testcase classname="ptolemy.util.test.junit.AutoTests" name="[187] /home/travis/build/icyphy/ptII/ptolemy/actor/lib/test/auto/LazyInnerClass.xml (RunModel)" time="0.057" />
  <testcase classname="ptolemy.util.test.junit.AutoTests" name="[188] /home/travis/build/icyphy/ptII/ptolemy/actor/lib/test/auto/LazyPubSub.xml (RunModel)" time="0.077" />
  <testcase classname="ptolemy.util.test.junit.AutoTests" name="[189] /home/travis/build/icyphy/ptII/ptolemy/actor/lib/test/auto/LazyPubSub2.xml (RunModel)" time="0.04" />
  <testcase classname="ptolemy.util.test.junit.AutoTests" name="[190] /home/travis/build/icyphy/ptII/ptolemy/actor/lib/test/auto/LazyPubSub3.xml (RunModel)" time="0.029" />
  <testcase classname="ptolemy.util.test.junit.AutoTests" name="[191] /home/travis/build/icyphy/ptII/ptolemy/actor/lib/test/auto/LazySubClassModel.xml (RunModel)" time="0.026" />
  <testcase classname="ptolemy.util.test.junit.AutoTests" name="[192] /home/travis/build/icyphy/ptII/ptolemy/actor/lib/test/auto/LevelCrossTest1.xml (RunModel)" time="0.012" />
  <testcase classname="ptolemy.util.test.junit.AutoTests" name="[193] /home/travis/build/icyphy/ptII/ptolemy/actor/lib/test/auto/LevelCrossTest10.xml (RunModel)" time="0.018" />
  <testcase classname="ptolemy.util.test.junit.AutoTests" name="[194] /home/travis/build/icyphy/ptII/ptolemy/actor/lib/test/auto/LevelCrossTest11.xml (RunModel)" time="0.021" />
  <testcase classname="ptolemy.util.test.junit.AutoTests" name="[195] /home/travis/build/icyphy/ptII/ptolemy/actor/lib/test/auto/LevelCrossTest12.xml (RunModel)" time="0.021" />
  <testcase classname="ptolemy.util.test.junit.AutoTests" name="[196] /home/travis/build/icyphy/ptII/ptolemy/actor/lib/test/auto/LevelCrossTest13.xml (RunModel)" time="0.016" />
  <testcase classname="ptolemy.util.test.junit.AutoTests" name="[197] /home/travis/build/icyphy/ptII/ptolemy/actor/lib/test/auto/LevelCrossTest2.xml (RunModel)" time="0.013" />
  <testcase classname="ptolemy.util.test.junit.AutoTests" name="[198] /home/travis/build/icyphy/ptII/ptolemy/actor/lib/test/auto/LevelCrossTest3.xml (RunModel)" time="0.015" />
  <testcase classname="ptolemy.util.test.junit.AutoTests" name="[199] /home/travis/build/icyphy/ptII/ptolemy/actor/lib/test/auto/LevelCrossTest4.xml (RunModel)" time="0.012" />
  <testcase classname="ptolemy.util.test.junit.AutoTests" name="[200] /home/travis/build/icyphy/ptII/ptolemy/actor/lib/test/auto/LevelCrossTest5.xml (RunModel)" time="0.018" />
  <testcase classname="ptolemy.util.test.junit.AutoTests" name="[201] /home/travis/build/icyphy/ptII/ptolemy/actor/lib/test/auto/LevelCrossTest6.xml (RunModel)" time="0.027" />
  <testcase classname="ptolemy.util.test.junit.AutoTests" name="[202] /home/travis/build/icyphy/ptII/ptolemy/actor/lib/test/auto/LevelCrossTest7.xml (RunModel)" time="0.025" />
  <testcase classname="ptolemy.util.test.junit.AutoTests" name="[203] /home/travis/build/icyphy/ptII/ptolemy/actor/lib/test/auto/LevelCrossTest8.xml (RunModel)" time="0.017" />
  <testcase classname="ptolemy.util.test.junit.AutoTests" name="[204] /home/travis/build/icyphy/ptII/ptolemy/actor/lib/test/auto/LevelCrossTest9.xml (RunModel)" time="0.016" />
  <testcase classname="ptolemy.util.test.junit.AutoTests" name="[205] /home/travis/build/icyphy/ptII/ptolemy/actor/lib/test/auto/LevinsonDurbin.xml (RunModel)" time="0.011" />
  <testcase classname="ptolemy.util.test.junit.AutoTests" name="[206] /home/travis/build/icyphy/ptII/ptolemy/actor/lib/test/auto/LevinsonDurbin2.xml (RunModel)" time="0.01" />
  <testcase classname="ptolemy.util.test.junit.AutoTests" name="[207] /home/travis/build/icyphy/ptII/ptolemy/actor/lib/test/auto/LevinsonDurbin3.xml (RunModel)" time="0.011" />
  <testcase classname="ptolemy.util.test.junit.AutoTests" name="[208] /home/travis/build/icyphy/ptII/ptolemy/actor/lib/test/auto/Limiter.xml (RunModel)" time="0.044" />
  <testcase classname="ptolemy.util.test.junit.AutoTests" name="[209] /home/travis/build/icyphy/ptII/ptolemy/actor/lib/test/auto/LinearDifferenceEquationSystem.xml (RunModel)" time="0.029" />
  <testcase classname="ptolemy.util.test.junit.AutoTests" name="[210] /home/travis/build/icyphy/ptII/ptolemy/actor/lib/test/auto/LookupTable.xml (RunModel)" time="0.014" />
  <testcase classname="ptolemy.util.test.junit.AutoTests" name="[211] /home/travis/build/icyphy/ptII/ptolemy/actor/lib/test/auto/MathFunction.xml (RunModel)" time="0.031" />
  <testcase classname="ptolemy.util.test.junit.AutoTests" name="[212] /home/travis/build/icyphy/ptII/ptolemy/actor/lib/test/auto/MathFunction2.xml (RunModel)" time="0.015" />
  <testcase classname="ptolemy.util.test.junit.AutoTests" name="[213] /home/travis/build/icyphy/ptII/ptolemy/actor/lib/test/auto/MathFunction3.xml (RunModel)" time="0.021" />
  <testcase classname="ptolemy.util.test.junit.AutoTests" name="[214] /home/travis/build/icyphy/ptII/ptolemy/actor/lib/test/auto/MatrixCropBoolean.xml (RunModel)" time="0.019" />
  <testcase classname="ptolemy.util.test.junit.AutoTests" name="[215] /home/travis/build/icyphy/ptII/ptolemy/actor/lib/test/auto/MatrixCropComplex.xml (RunModel)" time="0.016" />
  <testcase classname="ptolemy.util.test.junit.AutoTests" name="[216] /home/travis/build/icyphy/ptII/ptolemy/actor/lib/test/auto/MatrixCropDouble.xml (RunModel)" time="0.01" />
  <testcase classname="ptolemy.util.test.junit.AutoTests" name="[217] /home/travis/build/icyphy/ptII/ptolemy/actor/lib/test/auto/MatrixCropFix.xml (RunModel)" time="0.016" />
  <testcase classname="ptolemy.util.test.junit.AutoTests" name="[218] /home/travis/build/icyphy/ptII/ptolemy/actor/lib/test/auto/MatrixCropInt.xml (RunModel)" time="0.012" />
  <testcase classname="ptolemy.util.test.junit.AutoTests" name="[219] /home/travis/build/icyphy/ptII/ptolemy/actor/lib/test/auto/MatrixCropLong.xml (RunModel)" time="0.009" />
  <testcase classname="ptolemy.util.test.junit.AutoTests" name="[220] /home/travis/build/icyphy/ptII/ptolemy/actor/lib/test/auto/MatrixToArray.xml (RunModel)" time="0.052" />
  <testcase classname="ptolemy.util.test.junit.AutoTests" name="[221] /home/travis/build/icyphy/ptII/ptolemy/actor/lib/test/auto/MaxIndex.xml (RunModel)" time="0.02" />
  <testcase classname="ptolemy.util.test.junit.AutoTests" name="[222] /home/travis/build/icyphy/ptII/ptolemy/actor/lib/test/auto/Maximum.xml (RunModel)" time="0.015" />
  <testcase classname="ptolemy.util.test.junit.AutoTests" name="[223] /home/travis/build/icyphy/ptII/ptolemy/actor/lib/test/auto/MaximumComplex.xml (RunModel)" time="0.017" />
  <testcase classname="ptolemy.util.test.junit.AutoTests" name="[224] /home/travis/build/icyphy/ptII/ptolemy/actor/lib/test/auto/MethodCallTest.xml (RunModel)" time="0.024" />
  <testcase classname="ptolemy.util.test.junit.AutoTests" name="[225] /home/travis/build/icyphy/ptII/ptolemy/actor/lib/test/auto/Minimum.xml (RunModel)" time="0.019" />
  <testcase classname="ptolemy.util.test.junit.AutoTests" name="[226] /home/travis/build/icyphy/ptII/ptolemy/actor/lib/test/auto/MinimumComplex.xml (RunModel)" time="0.027" />
  <testcase classname="ptolemy.util.test.junit.AutoTests" name="[227] /home/travis/build/icyphy/ptII/ptolemy/actor/lib/test/auto/MinimumMultiports.xml (RunModel)" time="0.022" />
  <testcase classname="ptolemy.util.test.junit.AutoTests" name="[228] /home/travis/build/icyphy/ptII/ptolemy/actor/lib/test/auto/ModifyDate.xml (RunModel)" time="0.047" />
  <testcase classname="ptolemy.util.test.junit.AutoTests" name="[229] /home/travis/build/icyphy/ptII/ptolemy/actor/lib/test/auto/ModifyDate2.xml (RunModel)" time="0.026" />
  <testcase classname="ptolemy.util.test.junit.AutoTests" name="[230] /home/travis/build/icyphy/ptII/ptolemy/actor/lib/test/auto/MovingAverage.xml (RunModel)" time="0.013" />
  <testcase classname="ptolemy.util.test.junit.AutoTests" name="[231] /home/travis/build/icyphy/ptII/ptolemy/actor/lib/test/auto/MovingMaximum.xml (RunModel)" time="0.012" />
  <testcase classname="ptolemy.util.test.junit.AutoTests" name="[232] /home/travis/build/icyphy/ptII/ptolemy/actor/lib/test/auto/MultipleLinksToSameRelation.xml (RunModel)" time="0.008" />
  <testcase classname="ptolemy.util.test.junit.AutoTests" name="[233] /home/travis/build/icyphy/ptII/ptolemy/actor/lib/test/auto/MultipleLinksToSameRelationDE.xml (RunModel)" time="0.017" />
  <testcase classname="ptolemy.util.test.junit.AutoTests" name="[234] /home/travis/build/icyphy/ptII/ptolemy/actor/lib/test/auto/Multiplexor.xml (RunModel)" time="0.024" />
  <testcase classname="ptolemy.util.test.junit.AutoTests" name="[235] /home/travis/build/icyphy/ptII/ptolemy/actor/lib/test/auto/Multiplexor1.xml (RunModel)" time="0.016" />
  <testcase classname="ptolemy.util.test.junit.AutoTests" name="[236] /home/travis/build/icyphy/ptII/ptolemy/actor/lib/test/auto/Multiplexor2.xml (RunModel)" time="0.018" />
  <testcase classname="ptolemy.util.test.junit.AutoTests" name="[237] /home/travis/build/icyphy/ptII/ptolemy/actor/lib/test/auto/Multiplexor3.xml (RunModel)" time="0.01" />
  <testcase classname="ptolemy.util.test.junit.AutoTests" name="[238] /home/travis/build/icyphy/ptII/ptolemy/actor/lib/test/auto/MultiplexorDE.xml (RunModel)" time="0.017" />
  <testcase classname="ptolemy.util.test.junit.AutoTests" name="[239] /home/travis/build/icyphy/ptII/ptolemy/actor/lib/test/auto/MultiportBroadcastTest.xml (RunModel)" time="0.113" />
  <testcase classname="ptolemy.util.test.junit.AutoTests" name="[240] /home/travis/build/icyphy/ptII/ptolemy/actor/lib/test/auto/MultiportOutHangDuringGetWidth.xml (RunModel)" time="0.036" />
  <testcase classname="ptolemy.util.test.junit.AutoTests" name="[241] /home/travis/build/icyphy/ptII/ptolemy/actor/lib/test/auto/NilToken.xml (RunModel)" time="0.013" />
  <testcase classname="ptolemy.util.test.junit.AutoTests" name="[242] /home/travis/build/icyphy/ptII/ptolemy/actor/lib/test/auto/NilTokenNonStrictTest.xml (RunModel)" time="0.013" />
  <testcase classname="ptolemy.util.test.junit.AutoTests" name="[243] /home/travis/build/icyphy/ptII/ptolemy/actor/lib/test/auto/NilTokenRecord.xml (RunModel)" time="0.026" />
  <testcase classname="ptolemy.util.test.junit.AutoTests" name="[244] /home/travis/build/icyphy/ptII/ptolemy/actor/lib/test/auto/NilTokenTypeTest.xml (RunModel)" time="0.043" />
  <testcase classname="ptolemy.util.test.junit.AutoTests" name="[245] /home/travis/build/icyphy/ptII/ptolemy/actor/lib/test/auto/ObjectToken1.xml (RunModel)" time="0.009" />
  <testcase classname="ptolemy.util.test.junit.AutoTests" name="[246] /home/travis/build/icyphy/ptII/ptolemy/actor/lib/test/auto/OrderedMerge.xml (RunModel)" time="0.016" />
  <testcase classname="ptolemy.util.test.junit.AutoTests" name="[247] /home/travis/build/icyphy/ptII/ptolemy/actor/lib/test/auto/OrderedRecordDisassembler.xml (RunModel)" time="0.02" />
  <testcase classname="ptolemy.util.test.junit.AutoTests" name="[248] /home/travis/build/icyphy/ptII/ptolemy/actor/lib/test/auto/OrderedRecordDisassembler2.xml (RunModel)" time="0.019" />
  <testcase classname="ptolemy.util.test.junit.AutoTests" name="[249] /home/travis/build/icyphy/ptII/ptolemy/actor/lib/test/auto/OrderedRecordUpdater.xml (RunModel)" time="0.012" />
  <testcase classname="ptolemy.util.test.junit.AutoTests" name="[250] /home/travis/build/icyphy/ptII/ptolemy/actor/lib/test/auto/OrderedRecordUpdater2.xml (RunModel)" time="0.017" />
  <testcase classname="ptolemy.util.test.junit.AutoTests" name="[251] /home/travis/build/icyphy/ptII/ptolemy/actor/lib/test/auto/PhaseUnwrap.xml (RunModel)" time="0.014" />
  <testcase classname="ptolemy.util.test.junit.AutoTests" name="[252] /home/travis/build/icyphy/ptII/ptolemy/actor/lib/test/auto/PoissonClock.xml (RunModel)" time="0.015" />
  <testcase classname="ptolemy.util.test.junit.AutoTests" name="[253] /home/travis/build/icyphy/ptII/ptolemy/actor/lib/test/auto/PoissonClock2.xml (RunModel)" time="0.008" />
  <testcase classname="ptolemy.util.test.junit.AutoTests" name="[254] /home/travis/build/icyphy/ptII/ptolemy/actor/lib/test/auto/PoissonClock3.xml (RunModel)" time="0.03" />
  <testcase classname="ptolemy.util.test.junit.AutoTests" name="[255] /home/travis/build/icyphy/ptII/ptolemy/actor/lib/test/auto/PubSubWithInitialTokens.xml (RunModel)" time="0.019" />
  <testcase classname="ptolemy.util.test.junit.AutoTests" name="[256] /home/travis/build/icyphy/ptII/ptolemy/actor/lib/test/auto/PubSubWithInitialTokens2.xml (RunModel)" time="0.013" />
  <testcase classname="ptolemy.util.test.junit.AutoTests" name="[257] /home/travis/build/icyphy/ptII/ptolemy/actor/lib/test/auto/PublisherClassNoParameter.xml (RunModel)" time="0.027" />
  <testcase classname="ptolemy.util.test.junit.AutoTests" name="[258] /home/travis/build/icyphy/ptII/ptolemy/actor/lib/test/auto/PublisherClassParameter.xml (RunModel)" time="0.023" />
  <testcase classname="ptolemy.util.test.junit.AutoTests" name="[259] /home/travis/build/icyphy/ptII/ptolemy/actor/lib/test/auto/PublisherNonStrictTest.xml (RunModel)" time="0.017" />
  <testcase classname="ptolemy.util.test.junit.AutoTests" name="[260] /home/travis/build/icyphy/ptII/ptolemy/actor/lib/test/auto/PublisherPort1.xml (RunModel)" time="0.01" />
  <testcase classname="ptolemy.util.test.junit.AutoTests" name="[261] /home/travis/build/icyphy/ptII/ptolemy/actor/lib/test/auto/PublisherPort2.xml (RunModel)" time="0.012" />
  <testcase classname="ptolemy.util.test.junit.AutoTests" name="[262] /home/travis/build/icyphy/ptII/ptolemy/actor/lib/test/auto/PublisherPort3.xml (RunModel)" time="0.025" />
  <testcase classname="ptolemy.util.test.junit.AutoTests" name="[263] /home/travis/build/icyphy/ptII/ptolemy/actor/lib/test/auto/PublisherPort4.xml (RunModel)" time="0.021" />
  <testcase classname="ptolemy.util.test.junit.AutoTests" name="[264] /home/travis/build/icyphy/ptII/ptolemy/actor/lib/test/auto/PublisherPort5.xml (RunModel)" time="0.019" />
  <testcase classname="ptolemy.util.test.junit.AutoTests" name="[265] /home/travis/build/icyphy/ptII/ptolemy/actor/lib/test/auto/PublisherPort5LookAlike.xml (RunModel)" time="0.019" />
  <testcase classname="ptolemy.util.test.junit.AutoTests" name="[266] /home/travis/build/icyphy/ptII/ptolemy/actor/lib/test/auto/PublisherPort6.xml (RunModel)" time="0.016" />
  <testcase classname="ptolemy.util.test.junit.AutoTests" name="[267] /home/travis/build/icyphy/ptII/ptolemy/actor/lib/test/auto/PublisherPort7.xml (RunModel)" time="0.015" />
  <testcase classname="ptolemy.util.test.junit.AutoTests" name="[268] /home/travis/build/icyphy/ptII/ptolemy/actor/lib/test/auto/PublisherPort8.xml (RunModel)" time="0.027" />
  <testcase classname="ptolemy.util.test.junit.AutoTests" name="[269] /home/travis/build/icyphy/ptII/ptolemy/actor/lib/test/auto/PublisherPortSubscriberChannelVariablesAOC2.xml (RunModel)" time="0.037" />
  <testcase classname="ptolemy.util.test.junit.AutoTests" name="[270] /home/travis/build/icyphy/ptII/ptolemy/actor/lib/test/auto/PublisherPortSubscriberOpaqueWidthInference.xml (RunModel)" time="0.016" />
  <testcase classname="ptolemy.util.test.junit.AutoTests" name="[271] /home/travis/build/icyphy/ptII/ptolemy/actor/lib/test/auto/PublisherPortSubscriberPortAdjacent.xml (RunModel)" time="0.024" />
  <testcase classname="ptolemy.util.test.junit.AutoTests" name="[272] /home/travis/build/icyphy/ptII/ptolemy/actor/lib/test/auto/PublisherPortSubscriberPortExpression.xml (RunModel)" time="0.017" />
  <testcase classname="ptolemy.util.test.junit.AutoTests" name="[273] /home/travis/build/icyphy/ptII/ptolemy/actor/lib/test/auto/PublisherPortSubscriberPortOpaqueD3Reverse.xml (RunModel)" time="0.039" />
  <testcase classname="ptolemy.util.test.junit.AutoTests" name="[274] /home/travis/build/icyphy/ptII/ptolemy/actor/lib/test/auto/PublisherPortSubscriberPortOpaqueWidthInference.xml (RunModel)" time="0.016" />
  <testcase classname="ptolemy.util.test.junit.AutoTests" name="[275] /home/travis/build/icyphy/ptII/ptolemy/actor/lib/test/auto/PublisherPortToplevelSubscriberPortAOC.xml (RunModel)" time="0.012" />
  <testcase classname="ptolemy.util.test.junit.AutoTests" name="[276] /home/travis/build/icyphy/ptII/ptolemy/actor/lib/test/auto/PublisherSubscriber.xml (RunModel)" time="0.015" />
  <testcase classname="ptolemy.util.test.junit.AutoTests" name="[277] /home/travis/build/icyphy/ptII/ptolemy/actor/lib/test/auto/PublisherSubscriber10.xml (RunModel)" time="0.022" />
  <testcase classname="ptolemy.util.test.junit.AutoTests" name="[278] /home/travis/build/icyphy/ptII/ptolemy/actor/lib/test/auto/PublisherSubscriber10InitialOutputs.xml (RunModel)" time="0.028" />
  <testcase classname="ptolemy.util.test.junit.AutoTests" name="[279] /home/travis/build/icyphy/ptII/ptolemy/actor/lib/test/auto/PublisherSubscriber11.xml (RunModel)" time="0.021" />
  <testcase classname="ptolemy.util.test.junit.AutoTests" name="[280] /home/travis/build/icyphy/ptII/ptolemy/actor/lib/test/auto/PublisherSubscriber12.xml (RunModel)" time="0.017" />
  <testcase classname="ptolemy.util.test.junit.AutoTests" name="[281] /home/travis/build/icyphy/ptII/ptolemy/actor/lib/test/auto/PublisherSubscriber13.xml (RunModel)" time="0.011" />
  <testcase classname="ptolemy.util.test.junit.AutoTests" name="[282] /home/travis/build/icyphy/ptII/ptolemy/actor/lib/test/auto/PublisherSubscriber14.xml (RunModel)" time="0.02" />
  <testcase classname="ptolemy.util.test.junit.AutoTests" name="[283] /home/travis/build/icyphy/ptII/ptolemy/actor/lib/test/auto/PublisherSubscriber2.xml (RunModel)" time="0.01" />
  <testcase classname="ptolemy.util.test.junit.AutoTests" name="[284] /home/travis/build/icyphy/ptII/ptolemy/actor/lib/test/auto/PublisherSubscriber3.xml (RunModel)" time="0.014" />
  <testcase classname="ptolemy.util.test.junit.AutoTests" name="[285] /home/travis/build/icyphy/ptII/ptolemy/actor/lib/test/auto/PublisherSubscriber4.xml (RunModel)" time="0.009" />
  <testcase classname="ptolemy.util.test.junit.AutoTests" name="[286] /home/travis/build/icyphy/ptII/ptolemy/actor/lib/test/auto/PublisherSubscriber5.xml (RunModel)" time="0.013" />
  <testcase classname="ptolemy.util.test.junit.AutoTests" name="[287] /home/travis/build/icyphy/ptII/ptolemy/actor/lib/test/auto/PublisherSubscriber6.xml (RunModel)" time="0.032" />
  <testcase classname="ptolemy.util.test.junit.AutoTests" name="[288] /home/travis/build/icyphy/ptII/ptolemy/actor/lib/test/auto/PublisherSubscriber7.xml (RunModel)" time="0.021" />
  <testcase classname="ptolemy.util.test.junit.AutoTests" name="[289] /home/travis/build/icyphy/ptII/ptolemy/actor/lib/test/auto/PublisherSubscriber8.xml (RunModel)" time="0.04" />
  <testcase classname="ptolemy.util.test.junit.AutoTests" name="[290] /home/travis/build/icyphy/ptII/ptolemy/actor/lib/test/auto/PublisherSubscriber9.xml (RunModel)" time="0.02" />
  <testcase classname="ptolemy.util.test.junit.AutoTests" name="[291] /home/travis/build/icyphy/ptII/ptolemy/actor/lib/test/auto/PublisherSubscriberAdjacent.xml (RunModel)" time="0.015" />
  <testcase classname="ptolemy.util.test.junit.AutoTests" name="[292] /home/travis/build/icyphy/ptII/ptolemy/actor/lib/test/auto/PublisherSubscriberChannelVariablesAOC2.xml (RunModel)" time="0.026" />
  <testcase classname="ptolemy.util.test.junit.AutoTests" name="[293] /home/travis/build/icyphy/ptII/ptolemy/actor/lib/test/auto/PublisherSubscriberD3.xml (RunModel)" time="0.012" />
  <testcase classname="ptolemy.util.test.junit.AutoTests" name="[294] /home/travis/build/icyphy/ptII/ptolemy/actor/lib/test/auto/PublisherSubscriberD3Reverse.xml (RunModel)" time="0.013" />
  <testcase classname="ptolemy.util.test.junit.AutoTests" name="[295] /home/travis/build/icyphy/ptII/ptolemy/actor/lib/test/auto/PublisherSubscriberExpression.xml (RunModel)" time="0.017" />
  <testcase classname="ptolemy.util.test.junit.AutoTests" name="[296] /home/travis/build/icyphy/ptII/ptolemy/actor/lib/test/auto/PublisherSubscriberOpaque.xml (RunModel)" time="0.016" />
  <testcase classname="ptolemy.util.test.junit.AutoTests" name="[297] /home/travis/build/icyphy/ptII/ptolemy/actor/lib/test/auto/PublisherSubscriberOpaqueD3.xml (RunModel)" time="0.024" />
  <testcase classname="ptolemy.util.test.junit.AutoTests" name="[298] /home/travis/build/icyphy/ptII/ptolemy/actor/lib/test/auto/PublisherSubscriberOpaqueD3Reverse.xml (RunModel)" time="0.024" />
  <testcase classname="ptolemy.util.test.junit.AutoTests" name="[299] /home/travis/build/icyphy/ptII/ptolemy/actor/lib/test/auto/PublisherSubscriberOpaqueWidthInference.xml (RunModel)" time="0.019" />
  <testcase classname="ptolemy.util.test.junit.AutoTests" name="[300] /home/travis/build/icyphy/ptII/ptolemy/actor/lib/test/auto/PublisherTestSubscriber.xml (RunModel)" time="0.014" />
  <testcase classname="ptolemy.util.test.junit.AutoTests" name="[301] /home/travis/build/icyphy/ptII/ptolemy/actor/lib/test/auto/PublisherToplevelSubscriberPortAOC.xml (RunModel)" time="0.016" />
  <testcase classname="ptolemy.util.test.junit.AutoTests" name="[302] /home/travis/build/icyphy/ptII/ptolemy/actor/lib/test/auto/PulseFiringLimitDE.xml (RunModel)" time="0.017" />
  <testcase classname="ptolemy.util.test.junit.AutoTests" name="[303] /home/travis/build/icyphy/ptII/ptolemy/actor/lib/test/auto/Ramp1.xml (RunModel)" time="0.008" />
  <testcase classname="ptolemy.util.test.junit.AutoTests" name="[304] /home/travis/build/icyphy/ptII/ptolemy/actor/lib/test/auto/RampFiringLimitDE.xml (RunModel)" time="0.01" />
  <testcase classname="ptolemy.util.test.junit.AutoTests" name="[305] /home/travis/build/icyphy/ptII/ptolemy/actor/lib/test/auto/RampFiringLimitSDF.xml (RunModel)" time="0.01" />
  <testcase classname="ptolemy.util.test.junit.AutoTests" name="[306] /home/travis/build/icyphy/ptII/ptolemy/actor/lib/test/auto/RandomInteger.xml (RunModel)" time="0.011" />
  <testcase classname="ptolemy.util.test.junit.AutoTests" name="[307] /home/travis/build/icyphy/ptII/ptolemy/actor/lib/test/auto/ReadFile1.xml (RunModel)" time="0.008" />
  <testcase classname="ptolemy.util.test.junit.AutoTests" name="[308] /home/travis/build/icyphy/ptII/ptolemy/actor/lib/test/auto/ReadFile2.xml (RunModel)" time="0.007" />
  <testcase classname="ptolemy.util.test.junit.AutoTests" name="[309] /home/travis/build/icyphy/ptII/ptolemy/actor/lib/test/auto/Reader.xml (RunModel)" time="0.014" />
  <testcase classname="ptolemy.util.test.junit.AutoTests" name="[310] /home/travis/build/icyphy/ptII/ptolemy/actor/lib/test/auto/RecordAssemblerDisplayNameTest.xml (RunModel)" time="3.912" />
  <testcase classname="ptolemy.util.test.junit.AutoTests" name="[311] /home/travis/build/icyphy/ptII/ptolemy/actor/lib/test/auto/RecordAssemblerTypeError.xml (RunModel)" time="0.048" />
  <testcase classname="ptolemy.util.test.junit.AutoTests" name="[312] /home/travis/build/icyphy/ptII/ptolemy/actor/lib/test/auto/RecordDisassember.xml (RunModel)" time="0.015" />
  <testcase classname="ptolemy.util.test.junit.AutoTests" name="[313] /home/travis/build/icyphy/ptII/ptolemy/actor/lib/test/auto/RecordDisassemberDisplayNameTest.xml (RunModel)" time="0.02" />
  <testcase classname="ptolemy.util.test.junit.AutoTests" name="[314] /home/travis/build/icyphy/ptII/ptolemy/actor/lib/test/auto/RecordDisassembler.xml (RunModel)" time="0.013" />
  <testcase classname="ptolemy.util.test.junit.AutoTests" name="[315] /home/travis/build/icyphy/ptII/ptolemy/actor/lib/test/auto/RecordDisassembler2.xml (RunModel)" time="0.012" />
  <testcase classname="ptolemy.util.test.junit.AutoTests" name="[316] /home/travis/build/icyphy/ptII/ptolemy/actor/lib/test/auto/RecordUpdater.xml (RunModel)" time="0.01" />
  <testcase classname="ptolemy.util.test.junit.AutoTests" name="[317] /home/travis/build/icyphy/ptII/ptolemy/actor/lib/test/auto/RecordUpdater2.xml (RunModel)" time="0.009" />
  <testcase classname="ptolemy.util.test.junit.AutoTests" name="[318] /home/travis/build/icyphy/ptII/ptolemy/actor/lib/test/auto/RecursiveLattice.xml (RunModel)" time="0.009" />
  <testcase classname="ptolemy.util.test.junit.AutoTests" name="[319] /home/travis/build/icyphy/ptII/ptolemy/actor/lib/test/auto/Router.xml (RunModel)" time="3.028" />
  <testcase classname="ptolemy.util.test.junit.AutoTests" name="[320] /home/travis/build/icyphy/ptII/ptolemy/actor/lib/test/auto/Router2.xml (RunModel)" time="3.033" />
  <testcase classname="ptolemy.util.test.junit.AutoTests" name="[321] /home/travis/build/icyphy/ptII/ptolemy/actor/lib/test/auto/RunningMaximum.xml (RunModel)" time="0.014" />
  <testcase classname="ptolemy.util.test.junit.AutoTests" name="[322] /home/travis/build/icyphy/ptII/ptolemy/actor/lib/test/auto/RunningMinimum.xml (RunModel)" time="0.019" />
  <testcase classname="ptolemy.util.test.junit.AutoTests" name="[323] /home/travis/build/icyphy/ptII/ptolemy/actor/lib/test/auto/Scale.xml (RunModel)" time="0.01" />
  <testcase classname="ptolemy.util.test.junit.AutoTests" name="[324] /home/travis/build/icyphy/ptII/ptolemy/actor/lib/test/auto/Scale2.xml (RunModel)" time="0.01" />
  <testcase classname="ptolemy.util.test.junit.AutoTests" name="[325] /home/travis/build/icyphy/ptII/ptolemy/actor/lib/test/auto/Scale3.xml (RunModel)" time="0.025" />
  <testcase classname="ptolemy.util.test.junit.AutoTests" name="[326] /home/travis/build/icyphy/ptII/ptolemy/actor/lib/test/auto/ScaleArray.xml (RunModel)" time="0.009" />
  <testcase classname="ptolemy.util.test.junit.AutoTests" name="[327] /home/travis/build/icyphy/ptII/ptolemy/actor/lib/test/auto/ScaleArray2.xml (RunModel)" time="0.008" />
  <testcase classname="ptolemy.util.test.junit.AutoTests" name="[328] /home/travis/build/icyphy/ptII/ptolemy/actor/lib/test/auto/ScaleMatrix.xml (RunModel)" time="0.192" />
  <testcase classname="ptolemy.util.test.junit.AutoTests" name="[329] /home/travis/build/icyphy/ptII/ptolemy/actor/lib/test/auto/Select.xml (RunModel)" time="0.016" />
  <testcase classname="ptolemy.util.test.junit.AutoTests" name="[330] /home/travis/build/icyphy/ptII/ptolemy/actor/lib/test/auto/Select2.xml (RunModel)" time="0.009" />
  <testcase classname="ptolemy.util.test.junit.AutoTests" name="[331] /home/travis/build/icyphy/ptII/ptolemy/actor/lib/test/auto/SequenceToArray2.xml (RunModel)" time="0.155" />
  <testcase classname="ptolemy.util.test.junit.AutoTests" name="[332] /home/travis/build/icyphy/ptII/ptolemy/actor/lib/test/auto/SequentialClock.xml (RunModel)" time="0.014" />
  <testcase classname="ptolemy.util.test.junit.AutoTests" name="[333] /home/travis/build/icyphy/ptII/ptolemy/actor/lib/test/auto/SetVariable.xml (RunModel)" time="0.022" />
  <testcase classname="ptolemy.util.test.junit.AutoTests" name="[334] /home/travis/build/icyphy/ptII/ptolemy/actor/lib/test/auto/SetVariable2.xml (RunModel)" time="0.01" />
  <testcase classname="ptolemy.util.test.junit.AutoTests" name="[335] /home/travis/build/icyphy/ptII/ptolemy/actor/lib/test/auto/SetVariable3.xml (RunModel)" time="0.018" />
  <testcase classname="ptolemy.util.test.junit.AutoTests" name="[336] /home/travis/build/icyphy/ptII/ptolemy/actor/lib/test/auto/SetVariable4.xml (RunModel)" time="0.031" />
  <testcase classname="ptolemy.util.test.junit.AutoTests" name="[337] /home/travis/build/icyphy/ptII/ptolemy/actor/lib/test/auto/SetVariable5.xml (RunModel)" time="0.036" />
  <testcase classname="ptolemy.util.test.junit.AutoTests" name="[338] /home/travis/build/icyphy/ptII/ptolemy/actor/lib/test/auto/Sinewave.xml (RunModel)" time="0.033" />
  <testcase classname="ptolemy.util.test.junit.AutoTests" name="[339] /home/travis/build/icyphy/ptII/ptolemy/actor/lib/test/auto/Sinewave2.xml (RunModel)" time="0.022" />
  <testcase classname="ptolemy.util.test.junit.AutoTests" name="[340] /home/travis/build/icyphy/ptII/ptolemy/actor/lib/test/auto/Sinewave3.xml (RunModel)" time="0.024" />
  <testcase classname="ptolemy.util.test.junit.AutoTests" name="[341] /home/travis/build/icyphy/ptII/ptolemy/actor/lib/test/auto/SingleEvent.xml (RunModel)" time="0.008" />
  <testcase classname="ptolemy.util.test.junit.AutoTests" name="[342] /home/travis/build/icyphy/ptII/ptolemy/actor/lib/test/auto/Sleep.xml (RunModel)" time="6.023" />
  <testcase classname="ptolemy.util.test.junit.AutoTests" name="[343] /home/travis/build/icyphy/ptII/ptolemy/actor/lib/test/auto/SleepMultipleFire.xml (RunModel)" time="1.025" />
  <testcase classname="ptolemy.util.test.junit.AutoTests" name="[344] /home/travis/build/icyphy/ptII/ptolemy/actor/lib/test/auto/StopDE.xml (RunModel)" time="0.014" />
  <testcase classname="ptolemy.util.test.junit.AutoTests" name="[345] /home/travis/build/icyphy/ptII/ptolemy/actor/lib/test/auto/StopSDF.xml (RunModel)" time="0.013" />
  <testcase classname="ptolemy.util.test.junit.AutoTests" name="[346] /home/travis/build/icyphy/ptII/ptolemy/actor/lib/test/auto/StringConstant.xml (RunModel)" time="0.018" />
  <testcase classname="ptolemy.util.test.junit.AutoTests" name="[347] /home/travis/build/icyphy/ptII/ptolemy/actor/lib/test/auto/SubscriberPortInitialValues1.xml (RunModel)" time="0.027" />
  <testcase classname="ptolemy.util.test.junit.AutoTests" name="[348] /home/travis/build/icyphy/ptII/ptolemy/actor/lib/test/auto/SubscriberPortInitialValues13.xml (RunModel)" time="0.027" />
  <testcase classname="ptolemy.util.test.junit.AutoTests" name="[349] /home/travis/build/icyphy/ptII/ptolemy/actor/lib/test/auto/SubscriberPortInitialValues14.xml (RunModel)" time="0.016" />
  <testcase classname="ptolemy.util.test.junit.AutoTests" name="[350] /home/travis/build/icyphy/ptII/ptolemy/actor/lib/test/auto/SubscriberPortInitialValues2.xml (RunModel)" time="0.019" />
  <testcase classname="ptolemy.util.test.junit.AutoTests" name="[351] /home/travis/build/icyphy/ptII/ptolemy/actor/lib/test/auto/SubscriberPortInitialValues3.xml (RunModel)" time="0.022" />
  <testcase classname="ptolemy.util.test.junit.AutoTests" name="[352] /home/travis/build/icyphy/ptII/ptolemy/actor/lib/test/auto/SubscriptionAggregator.xml (RunModel)" time="0.013" />
  <testcase classname="ptolemy.util.test.junit.AutoTests" name="[353] /home/travis/build/icyphy/ptII/ptolemy/actor/lib/test/auto/SubscriptionAggregator2.xml (RunModel)" time="0.013" />
  <testcase classname="ptolemy.util.test.junit.AutoTests" name="[354] /home/travis/build/icyphy/ptII/ptolemy/actor/lib/test/auto/SubscriptionAggregator3.xml (RunModel)" time="0.017" />
  <testcase classname="ptolemy.util.test.junit.AutoTests" name="[355] /home/travis/build/icyphy/ptII/ptolemy/actor/lib/test/auto/SubscriptionAggregatorMultiply.xml (RunModel)" time="0.017" />
  <testcase classname="ptolemy.util.test.junit.AutoTests" name="[356] /home/travis/build/icyphy/ptII/ptolemy/actor/lib/test/auto/SubscriptionAggregatorPortMultiply1.xml (RunModel)" time="0.016" />
  <testcase classname="ptolemy.util.test.junit.AutoTests" name="[357] /home/travis/build/icyphy/ptII/ptolemy/actor/lib/test/auto/Switch.xml (RunModel)" time="0.017" />
  <testcase classname="ptolemy.util.test.junit.AutoTests" name="[358] /home/travis/build/icyphy/ptII/ptolemy/actor/lib/test/auto/Switch2.xml (RunModel)" time="0.013" />
  <testcase classname="ptolemy.util.test.junit.AutoTests" name="[359] /home/travis/build/icyphy/ptII/ptolemy/actor/lib/test/auto/SwitchDE.xml (RunModel)" time="0.014" />
  <testcase classname="ptolemy.util.test.junit.AutoTests" name="[360] /home/travis/build/icyphy/ptII/ptolemy/actor/lib/test/auto/SynchronizerDE.xml (RunModel)" time="0.023" />
  <testcase classname="ptolemy.util.test.junit.AutoTests" name="[361] /home/travis/build/icyphy/ptII/ptolemy/actor/lib/test/auto/Test.xml (RunModel)" time="0.018" />
  <testcase classname="ptolemy.util.test.junit.AutoTests" name="[362] /home/travis/build/icyphy/ptII/ptolemy/actor/lib/test/auto/TestExceptionAttribute1.xml (RunModel)" time="0.008" />
  <testcase classname="ptolemy.util.test.junit.AutoTests" name="[363] /home/travis/build/icyphy/ptII/ptolemy/actor/lib/test/auto/TestExceptionAttribute2.xml (RunModel)" time="0.012" />
  <testcase classname="ptolemy.util.test.junit.AutoTests" name="[364] /home/travis/build/icyphy/ptII/ptolemy/actor/lib/test/auto/TestExceptionAttribute3.xml (RunModel)" time="0.011" />
  <testcase classname="ptolemy.util.test.junit.AutoTests" name="[365] /home/travis/build/icyphy/ptII/ptolemy/actor/lib/test/auto/TestExceptionAttribute4.xml (RunModel)" time="0.008" />
  <testcase classname="ptolemy.util.test.junit.AutoTests" name="[366] /home/travis/build/icyphy/ptII/ptolemy/actor/lib/test/auto/TestExceptionHandler1.xml (RunModel)" time="0.013" />
  <testcase classname="ptolemy.util.test.junit.AutoTests" name="[367] /home/travis/build/icyphy/ptII/ptolemy/actor/lib/test/auto/TestExceptionHandler2.xml (RunModel)" time="0.016" />
  <testcase classname="ptolemy.util.test.junit.AutoTests" name="[368] /home/travis/build/icyphy/ptII/ptolemy/actor/lib/test/auto/TestExceptionHandler3.xml (RunModel)" time="0.006" />
  <testcase classname="ptolemy.util.test.junit.AutoTests" name="[369] /home/travis/build/icyphy/ptII/ptolemy/actor/lib/test/auto/TestExceptionHandler4.xml (RunModel)" time="0.007" />
  <testcase classname="ptolemy.util.test.junit.AutoTests" name="[370] /home/travis/build/icyphy/ptII/ptolemy/actor/lib/test/auto/TestRequireCorrectOrder.xml (RunModel)" time="0.014" />
  <testcase classname="ptolemy.util.test.junit.AutoTests" name="[371] /home/travis/build/icyphy/ptII/ptolemy/actor/lib/test/auto/TestSimple.xml (RunModel)" time="0.008" />
  <testcase classname="ptolemy.util.test.junit.AutoTests" name="[372] /home/travis/build/icyphy/ptII/ptolemy/actor/lib/test/auto/ThrowModelError.xml (RunModel)" time="0.012" />
  <testcase classname="ptolemy.util.test.junit.AutoTests" name="[373] /home/travis/build/icyphy/ptII/ptolemy/actor/lib/test/auto/TimeDelayMicrosteps.xml (RunModel)" time="0.034" />
  <testcase classname="ptolemy.util.test.junit.AutoTests" name="[374] /home/travis/build/icyphy/ptII/ptolemy/actor/lib/test/auto/TimeDelayMicrosteps2.xml (RunModel)" time="0.016" />
  <testcase classname="ptolemy.util.test.junit.AutoTests" name="[375] /home/travis/build/icyphy/ptII/ptolemy/actor/lib/test/auto/TimeDelayMicrosteps3.xml (RunModel)" time="0.013" />
  <testcase classname="ptolemy.util.test.junit.AutoTests" name="[376] /home/travis/build/icyphy/ptII/ptolemy/actor/lib/test/auto/TimeDelayVariableMicrosteps.xml (RunModel)" time="0.023" />
  <testcase classname="ptolemy.util.test.junit.AutoTests" name="[377] /home/travis/build/icyphy/ptII/ptolemy/actor/lib/test/auto/TimeGap.xml (RunModel)" time="0.027" />
  <testcase classname="ptolemy.util.test.junit.AutoTests" name="[378] /home/travis/build/icyphy/ptII/ptolemy/actor/lib/test/auto/TimeGap2.xml (RunModel)" time="0.012" />
  <testcase classname="ptolemy.util.test.junit.AutoTests" name="[379] /home/travis/build/icyphy/ptII/ptolemy/actor/lib/test/auto/TimedSinewave.xml (RunModel)" time="0.053" />
  <testcase classname="ptolemy.util.test.junit.AutoTests" name="[380] /home/travis/build/icyphy/ptII/ptolemy/actor/lib/test/auto/TimedSinewavePhase.xml (RunModel)" time="0.044" />
  <testcase classname="ptolemy.util.test.junit.AutoTests" name="[381] /home/travis/build/icyphy/ptII/ptolemy/actor/lib/test/auto/Timer.xml (RunModel)" time="0.016" />
  <testcase classname="ptolemy.util.test.junit.AutoTests" name="[382] /home/travis/build/icyphy/ptII/ptolemy/actor/lib/test/auto/TriangularDistTestModel.xml (RunModel)" time="0.018" />
  <testcase classname="ptolemy.util.test.junit.AutoTests" name="[383] /home/travis/build/icyphy/ptII/ptolemy/actor/lib/test/auto/TrigFunction.xml (RunModel)" time="0.01" />
  <testcase classname="ptolemy.util.test.junit.AutoTests" name="[384] /home/travis/build/icyphy/ptII/ptolemy/actor/lib/test/auto/TrigFunctionDE.xml (RunModel)" time="0.011" />
  <testcase classname="ptolemy.util.test.junit.AutoTests" name="[385] /home/travis/build/icyphy/ptII/ptolemy/actor/lib/test/auto/TrigFunctionInverse.xml (RunModel)" time="0.009" />
  <testcase classname="ptolemy.util.test.junit.AutoTests" name="[386] /home/travis/build/icyphy/ptII/ptolemy/actor/lib/test/auto/TrigFunctionTan.xml (RunModel)" time="0.007" />
  <testcase classname="ptolemy.util.test.junit.AutoTests" name="[387] /home/travis/build/icyphy/ptII/ptolemy/actor/lib/test/auto/TriggeredClock.xml (RunModel)" time="0.009" />
  <testcase classname="ptolemy.util.test.junit.AutoTests" name="[388] /home/travis/build/icyphy/ptII/ptolemy/actor/lib/test/auto/URLDirectoryReader.xml (RunModel)" time="0.124" />
  <testcase classname="ptolemy.util.test.junit.AutoTests" name="[389] /home/travis/build/icyphy/ptII/ptolemy/actor/lib/test/auto/URLDirectoryReader3.xml (RunModel)" time="1.436" />
  <testcase classname="ptolemy.util.test.junit.AutoTests" name="[390] /home/travis/build/icyphy/ptII/ptolemy/actor/lib/test/auto/UnaryMathFunction.xml (RunModel)" time="0.029" />
  <testcase classname="ptolemy.util.test.junit.AutoTests" name="[391] /home/travis/build/icyphy/ptII/ptolemy/actor/lib/test/auto/Uniform.xml (RunModel)" time="0.011" />
  <testcase classname="ptolemy.util.test.junit.AutoTests" name="[392] /home/travis/build/icyphy/ptII/ptolemy/actor/lib/test/auto/UnionDisassemblerTest.xml (RunModel)" time="0.009" />
  <testcase classname="ptolemy.util.test.junit.AutoTests" name="[393] /home/travis/build/icyphy/ptII/ptolemy/actor/lib/test/auto/UtilityFunctions.xml (RunModel)" time="0.008" />
  <testcase classname="ptolemy.util.test.junit.AutoTests" name="[394] /home/travis/build/icyphy/ptII/ptolemy/actor/lib/test/auto/VariableSleep.xml (RunModel)" time="0.512" />
  <testcase classname="ptolemy.util.test.junit.AutoTests" name="[395] /home/travis/build/icyphy/ptII/ptolemy/actor/lib/test/auto/VectorAssemblerDisassemblerCT.xml (RunModel)" time="0.137" />
  <testcase classname="ptolemy.util.test.junit.AutoTests" name="[396] /home/travis/build/icyphy/ptII/ptolemy/actor/lib/test/auto/VectorAssemblerDisassemblerDE.xml (RunModel)" time="0.015" />
  <testcase classname="ptolemy.util.test.junit.AutoTests" name="[397] /home/travis/build/icyphy/ptII/ptolemy/actor/lib/test/auto/VectorAssemblerDisassemblerSDF.xml (RunModel)" time="0.019" />
  <testcase classname="ptolemy.util.test.junit.AutoTests" name="[398] /home/travis/build/icyphy/ptII/ptolemy/actor/lib/test/auto/WallClockTime.xml (RunModel)" time="1.015" />
  <testcase classname="ptolemy.util.test.junit.AutoTests" name="[399] /home/travis/build/icyphy/ptII/ptolemy/actor/lib/test/auto/WidthTestWithSubscriberPublisher.xml (RunModel)" time="0.039" />
  <testcase classname="ptolemy.util.test.junit.AutoTests" name="[400] /home/travis/build/icyphy/ptII/ptolemy/actor/lib/test/auto/WidthTestWithSubscriberPublisher2.xml (RunModel)" time="0.019" />
  <testcase classname="ptolemy.util.test.junit.AutoTests" name="[401] /home/travis/build/icyphy/ptII/ptolemy/actor/lib/test/auto/WidthTestWithSubscriberPublisher3.xml (RunModel)" time="0.014" />
  <testcase classname="ptolemy.util.test.junit.AutoTests" name="[402] /home/travis/build/icyphy/ptII/ptolemy/actor/lib/test/auto/Writer.xml (RunModel)" time="0.008" />
  <testcase classname="ptolemy.util.test.junit.AutoTests" name="[403] /home/travis/build/icyphy/ptII/ptolemy/actor/lib/test/auto/array.xml (RunModel)" time="0.009" />
  <testcase classname="ptolemy.util.test.junit.AutoTests" name="[404] /home/travis/build/icyphy/ptII/ptolemy/actor/lib/test/auto/array2.xml (RunModel)" time="0.016" />
  <testcase classname="ptolemy.util.test.junit.AutoTests" name="[405] /home/travis/build/icyphy/ptII/ptolemy/actor/lib/test/auto/arrayType.xml (RunModel)" time="0.014" />
  <testcase classname="ptolemy.util.test.junit.AutoTests" name="[406] /home/travis/build/icyphy/ptII/ptolemy/actor/lib/test/auto/arrayType10.xml (RunModel)" time="0.009" />
  <testcase classname="ptolemy.util.test.junit.AutoTests" name="[407] /home/travis/build/icyphy/ptII/ptolemy/actor/lib/test/auto/arrayType11.xml (RunModel)" time="0.01" />
  <testcase classname="ptolemy.util.test.junit.AutoTests" name="[408] /home/travis/build/icyphy/ptII/ptolemy/actor/lib/test/auto/arrayType12.xml (RunModel)" time="0.01" />
  <testcase classname="ptolemy.util.test.junit.AutoTests" name="[409] /home/travis/build/icyphy/ptII/ptolemy/actor/lib/test/auto/arrayType13.xml (RunModel)" time="0.011" />
  <testcase classname="ptolemy.util.test.junit.AutoTests" name="[410] /home/travis/build/icyphy/ptII/ptolemy/actor/lib/test/auto/arrayType14.xml (RunModel)" time="0.01" />
  <testcase classname="ptolemy.util.test.junit.AutoTests" name="[411] /home/travis/build/icyphy/ptII/ptolemy/actor/lib/test/auto/arrayType15.xml (RunModel)" time="0.01" />
  <testcase classname="ptolemy.util.test.junit.AutoTests" name="[412] /home/travis/build/icyphy/ptII/ptolemy/actor/lib/test/auto/arrayType16.xml (RunModel)" time="0.01" />
  <testcase classname="ptolemy.util.test.junit.AutoTests" name="[413] /home/travis/build/icyphy/ptII/ptolemy/actor/lib/test/auto/arrayType17.xml (RunModel)" time="0.01" />
  <testcase classname="ptolemy.util.test.junit.AutoTests" name="[414] /home/travis/build/icyphy/ptII/ptolemy/actor/lib/test/auto/arrayType18.xml (RunModel)" time="0.009" />
  <testcase classname="ptolemy.util.test.junit.AutoTests" name="[415] /home/travis/build/icyphy/ptII/ptolemy/actor/lib/test/auto/arrayType19.xml (RunModel)" time="0.009" />
  <testcase classname="ptolemy.util.test.junit.AutoTests" name="[416] /home/travis/build/icyphy/ptII/ptolemy/actor/lib/test/auto/arrayType2.xml (RunModel)" time="0.01" />
  <testcase classname="ptolemy.util.test.junit.AutoTests" name="[417] /home/travis/build/icyphy/ptII/ptolemy/actor/lib/test/auto/arrayType20.xml (RunModel)" time="0.01" />
  <testcase classname="ptolemy.util.test.junit.AutoTests" name="[418] /home/travis/build/icyphy/ptII/ptolemy/actor/lib/test/auto/arrayType21.xml (RunModel)" time="0.01" />
  <testcase classname="ptolemy.util.test.junit.AutoTests" name="[419] /home/travis/build/icyphy/ptII/ptolemy/actor/lib/test/auto/arrayType22.xml (RunModel)" time="0.009" />
  <testcase classname="ptolemy.util.test.junit.AutoTests" name="[420] /home/travis/build/icyphy/ptII/ptolemy/actor/lib/test/auto/arrayType23.xml (RunModel)" time="0.009" />
  <testcase classname="ptolemy.util.test.junit.AutoTests" name="[421] /home/travis/build/icyphy/ptII/ptolemy/actor/lib/test/auto/arrayType24.xml (RunModel)" time="0.011" />
  <testcase classname="ptolemy.util.test.junit.AutoTests" name="[422] /home/travis/build/icyphy/ptII/ptolemy/actor/lib/test/auto/arrayType25.xml (RunModel)" time="0.009" />
  <testcase classname="ptolemy.util.test.junit.AutoTests" name="[423] /home/travis/build/icyphy/ptII/ptolemy/actor/lib/test/auto/arrayType26.xml (RunModel)" time="0.009" />
  <testcase classname="ptolemy.util.test.junit.AutoTests" name="[424] /home/travis/build/icyphy/ptII/ptolemy/actor/lib/test/auto/arrayType27.xml (RunModel)" time="0.009" />
  <testcase classname="ptolemy.util.test.junit.AutoTests" name="[425] /home/travis/build/icyphy/ptII/ptolemy/actor/lib/test/auto/arrayType28.xml (RunModel)" time="0.01" />
  <testcase classname="ptolemy.util.test.junit.AutoTests" name="[426] /home/travis/build/icyphy/ptII/ptolemy/actor/lib/test/auto/arrayType3.xml (RunModel)" time="0.01" />
  <testcase classname="ptolemy.util.test.junit.AutoTests" name="[427] /home/travis/build/icyphy/ptII/ptolemy/actor/lib/test/auto/arrayType4.xml (RunModel)" time="0.009" />
  <testcase classname="ptolemy.util.test.junit.AutoTests" name="[428] /home/travis/build/icyphy/ptII/ptolemy/actor/lib/test/auto/arrayType5.xml (RunModel)" time="0.015" />
  <testcase classname="ptolemy.util.test.junit.AutoTests" name="[429] /home/travis/build/icyphy/ptII/ptolemy/actor/lib/test/auto/arrayType6.xml (RunModel)" time="0.009" />
  <testcase classname="ptolemy.util.test.junit.AutoTests" name="[430] /home/travis/build/icyphy/ptII/ptolemy/actor/lib/test/auto/arrayType7.xml (RunModel)" time="0.01" />
  <testcase classname="ptolemy.util.test.junit.AutoTests" name="[431] /home/travis/build/icyphy/ptII/ptolemy/actor/lib/test/auto/arrayType8.xml (RunModel)" time="0.017" />
  <testcase classname="ptolemy.util.test.junit.AutoTests" name="[432] /home/travis/build/icyphy/ptII/ptolemy/actor/lib/test/auto/arrayType9.xml (RunModel)" time="0.022" />
  <testcase classname="ptolemy.util.test.junit.AutoTests" name="[433] /home/travis/build/icyphy/ptII/ptolemy/actor/lib/test/auto/cast.xml (RunModel)" time="0.035" />
  <testcase classname="ptolemy.util.test.junit.AutoTests" name="[434] /home/travis/build/icyphy/ptII/ptolemy/actor/lib/test/auto/compositeMultiPort.xml (RunModel)" time="0.047" />
  <testcase classname="ptolemy.util.test.junit.AutoTests" name="[435] /home/travis/build/icyphy/ptII/ptolemy/actor/lib/test/auto/expressionCastInference.xml (RunModel)" time="0.038" />
  <testcase classname="ptolemy.util.test.junit.AutoTests" name="[436] /home/travis/build/icyphy/ptII/ptolemy/actor/lib/test/auto/expressionCastInference2.xml (RunModel)" time="0.052" />
  <testcase classname="ptolemy.util.test.junit.AutoTests" name="[437] /home/travis/build/icyphy/ptII/ptolemy/actor/lib/test/auto/expressionInference.xml (RunModel)" time="0.028" />
  <testcase classname="ptolemy.util.test.junit.AutoTests" name="[438] /home/travis/build/icyphy/ptII/ptolemy/actor/lib/test/auto/expression_bug.xml (RunModel)" time="0.032" />
  <testcase classname="ptolemy.util.test.junit.AutoTests" name="[439] /home/travis/build/icyphy/ptII/ptolemy/actor/lib/test/auto/factorial.xml (RunModel)" time="0.071" />
  <testcase classname="ptolemy.util.test.junit.AutoTests" name="[440] /home/travis/build/icyphy/ptII/ptolemy/actor/lib/test/auto/filterTest1.xml (RunModel)" time="0.018" />
  <testcase classname="ptolemy.util.test.junit.AutoTests" name="[441] /home/travis/build/icyphy/ptII/ptolemy/actor/lib/test/auto/funcApplyInConst.xml (RunModel)" time="0.006" />
  <testcase classname="ptolemy.util.test.junit.AutoTests" name="[442] /home/travis/build/icyphy/ptII/ptolemy/actor/lib/test/auto/funcApplyInExpr.xml (RunModel)" time="0.007" />
  <testcase classname="ptolemy.util.test.junit.AutoTests" name="[443] /home/travis/build/icyphy/ptII/ptolemy/actor/lib/test/auto/function.xml (RunModel)" time="0.015" />
  <testcase classname="ptolemy.util.test.junit.AutoTests" name="[444] /home/travis/build/icyphy/ptII/ptolemy/actor/lib/test/auto/function2.xml (RunModel)" time="0.009" />
  <testcase classname="ptolemy.util.test.junit.AutoTests" name="[445] /home/travis/build/icyphy/ptII/ptolemy/actor/lib/test/auto/function3.xml (RunModel)" time="0.008" />
  <testcase classname="ptolemy.util.test.junit.AutoTests" name="[446] /home/travis/build/icyphy/ptII/ptolemy/actor/lib/test/auto/functionClosureTest1.xml (RunModel)" time="0.012" />
  <testcase classname="ptolemy.util.test.junit.AutoTests" name="[447] /home/travis/build/icyphy/ptII/ptolemy/actor/lib/test/auto/functionClosureTest2.xml (RunModel)" time="0.007" />
  <testcase classname="ptolemy.util.test.junit.AutoTests" name="[448] /home/travis/build/icyphy/ptII/ptolemy/actor/lib/test/auto/functionClosureTest3.xml (RunModel)" time="0.011" />
  <testcase classname="ptolemy.util.test.junit.AutoTests" name="[449] /home/travis/build/icyphy/ptII/ptolemy/actor/lib/test/auto/functionClosureTest4.xml (RunModel)" time="0.014" />
  <testcase classname="ptolemy.util.test.junit.AutoTests" name="[450] /home/travis/build/icyphy/ptII/ptolemy/actor/lib/test/auto/functionClosureTest5.xml (RunModel)" time="0.015" />
  <testcase classname="ptolemy.util.test.junit.AutoTests" name="[451] /home/travis/build/icyphy/ptII/ptolemy/actor/lib/test/auto/functionClosureTest6.xml (RunModel)" time="0.009" />
  <testcase classname="ptolemy.util.test.junit.AutoTests" name="[452] /home/travis/build/icyphy/ptII/ptolemy/actor/lib/test/auto/functionsOnArcs.xml (RunModel)" time="0.011" />
  <testcase classname="ptolemy.util.test.junit.AutoTests" name="[453] /home/travis/build/icyphy/ptII/ptolemy/actor/lib/test/auto/functionsOnArcsHOF.xml (RunModel)" time="0.014" />
  <testcase classname="ptolemy.util.test.junit.AutoTests" name="[454] /home/travis/build/icyphy/ptII/ptolemy/actor/lib/test/auto/logic.xml (RunModel)" time="0.02" />
  <testcase classname="ptolemy.util.test.junit.AutoTests" name="[455] /home/travis/build/icyphy/ptII/ptolemy/actor/lib/test/auto/matrixType.xml (RunModel)" time="0.01" />
  <testcase classname="ptolemy.util.test.junit.AutoTests" name="[456] /home/travis/build/icyphy/ptII/ptolemy/actor/lib/test/auto/matrixType10.xml (RunModel)" time="0.01" />
  <testcase classname="ptolemy.util.test.junit.AutoTests" name="[457] /home/travis/build/icyphy/ptII/ptolemy/actor/lib/test/auto/matrixType11.xml (RunModel)" time="0.008" />
  <testcase classname="ptolemy.util.test.junit.AutoTests" name="[458] /home/travis/build/icyphy/ptII/ptolemy/actor/lib/test/auto/matrixType12.xml (RunModel)" time="0.013" />
  <testcase classname="ptolemy.util.test.junit.AutoTests" name="[459] /home/travis/build/icyphy/ptII/ptolemy/actor/lib/test/auto/matrixType13.xml (RunModel)" time="0.009" />
  <testcase classname="ptolemy.util.test.junit.AutoTests" name="[460] /home/travis/build/icyphy/ptII/ptolemy/actor/lib/test/auto/matrixType14.xml (RunModel)" time="0.01" />
  <testcase classname="ptolemy.util.test.junit.AutoTests" name="[461] /home/travis/build/icyphy/ptII/ptolemy/actor/lib/test/auto/matrixType2.xml (RunModel)" time="0.009" />
  <testcase classname="ptolemy.util.test.junit.AutoTests" name="[462] /home/travis/build/icyphy/ptII/ptolemy/actor/lib/test/auto/matrixType3.xml (RunModel)" time="0.009" />
  <testcase classname="ptolemy.util.test.junit.AutoTests" name="[463] /home/travis/build/icyphy/ptII/ptolemy/actor/lib/test/auto/matrixType4.xml (RunModel)" time="0.011" />
  <testcase classname="ptolemy.util.test.junit.AutoTests" name="[464] /home/travis/build/icyphy/ptII/ptolemy/actor/lib/test/auto/matrixType5.xml (RunModel)" time="0.009" />
  <testcase classname="ptolemy.util.test.junit.AutoTests" name="[465] /home/travis/build/icyphy/ptII/ptolemy/actor/lib/test/auto/matrixType6.xml (RunModel)" time="0.008" />
  <testcase classname="ptolemy.util.test.junit.AutoTests" name="[466] /home/travis/build/icyphy/ptII/ptolemy/actor/lib/test/auto/matrixType7.xml (RunModel)" time="0.01" />
  <testcase classname="ptolemy.util.test.junit.AutoTests" name="[467] /home/travis/build/icyphy/ptII/ptolemy/actor/lib/test/auto/matrixType8.xml (RunModel)" time="0.009" />
  <testcase classname="ptolemy.util.test.junit.AutoTests" name="[468] /home/travis/build/icyphy/ptII/ptolemy/actor/lib/test/auto/matrixType9.xml (RunModel)" time="0.008" />
  <testcase classname="ptolemy.util.test.junit.AutoTests" name="[469] /home/travis/build/icyphy/ptII/ptolemy/actor/lib/test/auto/paraFunctest.xml (RunModel)" time="0.007" />
  <testcase classname="ptolemy.util.test.junit.AutoTests" name="[470] /home/travis/build/icyphy/ptII/ptolemy/actor/lib/test/auto/paraFunctest2.xml (RunModel)" time="0.011" />
  <testcase classname="ptolemy.util.test.junit.AutoTests" name="[471] /home/travis/build/icyphy/ptII/ptolemy/actor/lib/test/auto/parameterPassing.xml (RunModel)" time="0.009" />
  <testcase classname="ptolemy.util.test.junit.AutoTests" name="[472] /home/travis/build/icyphy/ptII/ptolemy/actor/lib/test/auto/record.xml (RunModel)" time="0.011" />
  <testcase classname="ptolemy.util.test.junit.AutoTests" name="[473] /home/travis/build/icyphy/ptII/ptolemy/actor/lib/test/auto/sizedarray1.xml (RunModel)" time="0.01" />
  <testcase classname="ptolemy.util.test.junit.AutoTests" name="[474] /home/travis/build/icyphy/ptII/ptolemy/actor/lib/test/auto/sizedarray2.xml (RunModel)" time="0.011" />
  <testcase classname="ptolemy.util.test.junit.AutoTests" name="[475] /home/travis/build/icyphy/ptII/ptolemy/actor/lib/test/auto/twoPublishers.xml (RunModel)" time="0.025" />
  <system-out><![CDATA[/home/travis/build/icyphy/ptII/ptolemy/actor/lib/test/AbsoluteValue.tcl
testDefs.tcl: setting time out to 9000 seconds at Wed Jul 31 05:18:49 UTC 2019
125 ms. Memory: 120832K Free: 85960K (71%)
10 ms. Memory: 120832K Free: 84422K (70%)
5 ms. Memory: 120832K Free: 83398K (69%)
12 ms. Memory: 120832K Free: 82888K (69%)
/home/travis/build/icyphy/ptII/ptolemy/actor/lib/test/AddSubtract.tcl
18 ms. Memory: 120832K Free: 80840K (67%)
6 ms. Memory: 120832K Free: 79816K (66%)
5 ms. Memory: 120832K Free: 79302K (66%)
9 ms. Memory: 120832K Free: 78263K (65%)
71 ms. Memory: 120832K Free: 75720K (63%)
12 ms. Memory: 120832K Free: 74696K (62%)
/home/travis/build/icyphy/ptII/ptolemy/actor/lib/test/Average.tcl
7 ms. Memory: 120832K Free: 73143K (61%)
6 ms. Memory: 120832K Free: 71624K (59%)
/home/travis/build/icyphy/ptII/ptolemy/actor/lib/test/Bernoulli.tcl
13 ms. Memory: 120832K Free: 70071K (58%)
2 ms. Memory: 120832K Free: 70071K (58%)
/home/travis/build/icyphy/ptII/ptolemy/actor/lib/test/Clock.tcl
preinitializing
resolving types
initializing
executing number 1
wrapping up
idle
45 ms. Memory: 120832K Free: 67014K (55%)
Completed execution with 5 iterations
preinitializing
resolving types
initializing
executing number 1
wrapping up
idle
4 ms. Memory: 120832K Free: 66504K (55%)
Completed execution with 5 iterations
preinitializing
resolving types
initializing
executing number 1
wrapping up
idle
8 ms. Memory: 120832K Free: 65990K (55%)
Completed execution with 5 iterations
/home/travis/build/icyphy/ptII/ptolemy/actor/lib/test/Commutator.tcl
14 ms. Memory: 120832K Free: 63942K (53%)
15 ms. Memory: 120832K Free: 62903K (52%)
9 ms. Memory: 120832K Free: 57288K (47%)
/home/travis/build/icyphy/ptII/ptolemy/actor/lib/test/Const.tcl
4 ms. Memory: 120832K Free: 55719K (46%)
2 ms. Memory: 120832K Free: 55240K (46%)
3 ms. Memory: 120832K Free: 54726K (45%)
2 ms. Memory: 120832K Free: 54216K (45%)
2 ms. Memory: 120832K Free: 53192K (44%)
24 ms. Memory: 120832K Free: 51654K (43%)
13 ms. Memory: 120832K Free: 50615K (42%)
4 ms. Memory: 120832K Free: 49606K (41%)
/home/travis/build/icyphy/ptII/ptolemy/actor/lib/test/CurrentTime.tcl
preinitializing
resolving types
initializing
executing number 1
wrapping up
idle
8 ms. Memory: 120832K Free: 48072K (40%)
Completed execution with 11 iterations
/home/travis/build/icyphy/ptII/ptolemy/actor/lib/test/DB.tcl
5 ms. Memory: 120832K Free: 46024K (38%)
36 ms. Memory: 120832K Free: 107034K (89%)
6 ms. Memory: 120832K Free: 106524K (88%)
/home/travis/build/icyphy/ptII/ptolemy/actor/lib/test/DiscreteRandomSource.tcl
preinitializing
33 ms. Memory: 120832K Free: 106674K (88%)
11 ms. Memory: 120832K Free: 106051K (88%)
3 ms. Memory: 120832K Free: 105620K (87%)
4 ms. Memory: 120832K Free: 105285K (87%)
3 ms. Memory: 120832K Free: 104923K (87%)
/home/travis/build/icyphy/ptII/ptolemy/actor/lib/test/Distributor.tcl
12 ms. Memory: 120832K Free: 103253K (85%)
9 ms. Memory: 120832K Free: 102548K (85%)
StreamChangeRequest.changeExecuted(): <deleteEntity name="rec2"/> succeeded
StreamChangeRequest.changeExecuted(): <deleteRelation name="r2"/> succeeded
StreamChangeRequest.changeExecuted(): Record firings per iteration succeeded
12 ms. Memory: 120832K Free: 99909K (83%)
/home/travis/build/icyphy/ptII/ptolemy/actor/lib/test/Exit.tcl
Exit.tcl: this will print a message about Manager.exitAfterWrapup, which can be ignored.
5 ms. Memory: 120832K Free: 96943K (80%)
/home/travis/build/icyphy/ptII/ptolemy/actor/lib/test/Expression.tcl
23 ms. Memory: 120832K Free: 93781K (78%)
14 ms. Memory: 120832K Free: 93050K (77%)
11 ms. Memory: 120832K Free: 92338K (76%)
preinitializing
resolving types
initializing
executing number 1
wrapping up
idle
15 ms. Memory: 120832K Free: 90653K (75%)
Completed execution with 6 iterations
14 ms. Memory: 120832K Free: 106367K (88%)
3 ms. Memory: 120832K Free: 105477K (87%)
5 ms. Memory: 120832K Free: 103957K (86%)
5 ms. Memory: 120832K Free: 102933K (85%)
9 ms. Memory: 120832K Free: 101909K (84%)
/home/travis/build/icyphy/ptII/ptolemy/actor/lib/test/Gaussian.tcl
14 ms. Memory: 120832K Free: 99861K (83%)
sleeping 1 seconds: ....................................................................................................................................................................................................................................................................................................................................................................................................................................................................................................................................................................................................................................................................................................................................................................................................................................................................................................................................................................................................................................................................................................................................................................................................................................................................................................................................................................................................................................................................................................................................................................................................................................................................................................................................................................................................................................................................................................................................................................................................................................................................................................................................................................................................................................................................................................................................................................................................................................................................................................................................................................................................................................................................................................................................................................................................................................................................................................................................................................................................................................................................................................................................................................................................................................................................................................................................................................................................................................................................................................................................................................................................................................................................................................................................................................................................................................................................................................................................................................................................................................................................................................................................................................................................................................................................................................................................................................................................................................................................................................................................................................................................................................................................................................................................................................................................................................................................................................................................................................................................................................................................................................................................................................................................................................................................................................................................................................................................................................................................................................................................................................................................................................................................................................................................................................................................................................................................................................................................................................................................................................................................................................................................................................................................................................................................................................................................................................................................................................................................................................................................................................................................................................................................................................................................................................................................................................................................................................................................................................................................................................................................................................................................................................................................................................................................................................................................................................................................................................................................................................................................................................................................................................................................................................................................................................................................................................................................................................................................................................................................................................................................................................................................................................................................................................................................................................................................................................................................................................................................................................................3 ms. Memory: 120832K Free: 96702K (80%)
2 ms. Memory: 120832K Free: 95678K (79%)
2 ms. Memory: 120832K Free: 95150K (79%)
1 ms. Memory: 120832K Free: 94654K (78%)
2 ms. Memory: 120832K Free: 94134K (78%)
/home/travis/build/icyphy/ptII/ptolemy/actor/lib/test/IIR.tcl
/home/travis/build/icyphy/ptII/ptolemy/actor/lib/test/Interpolator.tcl
5 ms. Memory: 120832K Free: 90014K (74%)
4 ms. Memory: 120832K Free: 89534K (74%)
4 ms. Memory: 120832K Free: 89006K (74%)
5 ms. Memory: 120832K Free: 88510K (73%)
3 ms. Memory: 120832K Free: 87486K (72%)
7 ms. Memory: 120832K Free: 86942K (72%)
2 ms. Memory: 120832K Free: 85948K (71%)
2 ms. Memory: 120832K Free: 84924K (70%)
2 ms. Memory: 120832K Free: 83900K (69%)
2 ms. Memory: 120832K Free: 83390K (69%)
/home/travis/build/icyphy/ptII/ptolemy/actor/lib/test/MathFunction.tcl
4 ms. Memory: 120832K Free: 81342K (67%)
6 ms. Memory: 120832K Free: 79774K (66%)
2 ms. Memory: 120832K Free: 78780K (65%)
2 ms. Memory: 120832K Free: 78270K (65%)
8 ms. Memory: 120832K Free: 76732K (64%)
12 ms. Memory: 120832K Free: 74684K (62%)
/home/travis/build/icyphy/ptII/ptolemy/actor/lib/test/Maximum.tcl
5 ms. Memory: 120832K Free: 73150K (61%)
9 ms. Memory: 120832K Free: 72126K (60%)
7 ms. Memory: 120832K Free: 71606K (59%)
5 ms. Memory: 120832K Free: 71102K (59%)
/home/travis/build/icyphy/ptII/ptolemy/actor/lib/test/Minimum.tcl
9 ms. Memory: 120832K Free: 69054K (57%)
4 ms. Memory: 120832K Free: 68540K (57%)
4 ms. Memory: 120832K Free: 68030K (56%)
3 ms. Memory: 120832K Free: 67502K (56%)
/home/travis/build/icyphy/ptII/ptolemy/actor/lib/test/MultiplyDivide.tcl
13 ms. Memory: 120832K Free: 65454K (54%)
9 ms. Memory: 120832K Free: 64444K (53%)
2 ms. Memory: 120832K Free: 63934K (53%)
11 ms. Memory: 120832K Free: 105691K (87%)
4 ms. Memory: 120832K Free: 104681K (87%)
/home/travis/build/icyphy/ptII/ptolemy/actor/lib/test/OrderedMerge.tcl
Connections changed on port: inputA
Connections changed on port: inputB
Connections changed on port: output
Connections changed on port: output
Connections changed on port: output
Connections changed on port: input
.top. Preinitializing ...
Invoking preinitialize():  .top.OrderedMerge
Called preinitialize()
Invoking preinitialize():  .top.Ramp
Called preinitialize()
Invoking preinitialize():  .top.Ramp2
Called preinitialize()
Invoking preinitialize():  .top.Test
Called preinitialize()
Connections changed on port: inputA
Connections changed on port: output
Connections changed on port: output
Connections changed on port: input
Connections changed on port: inputB
Connections changed on port: output
.top. Finished preinitialize().
Called initialize().
Invoking initialize():  .top.OrderedMerge
Initializing actor: .top.OrderedMerge
Adding a thread: .top.OrderedMerge
Invoking initialize():  .top.Ramp
Initializing actor: .top.Ramp
Adding a thread: .top.Ramp
Invoking initialize():  .top.Ramp2
Initializing actor: .top.Ramp2
Adding a thread: .top.Ramp2
Invoking initialize():  .top.Test
Initializing actor: .top.Test
Adding a thread: .top.Test
Called fire().
Checking for deadlock:
-- Starting thread.
Called initialize()
Called prefire()
Called fire()
-- Starting thread.
Called initialize()
-- Starting thread.
Called initialize()
Called prefire()
Called prefire()
-- Starting thread.
Called initialize()
Called prefire()
Called fire()
Called fire()
Called fire()
There are 0 Blocked actors, 0 Stopped actors, and 4 active threads.
Waiting for actors to stop.
Called postfire()
Called prefire()
Called fire()
Called postfire()
Called prefire()
Called fire()
Read input token from inputA with value 0.0
Next port to read input from is inputB
Called postfire()
Called prefire()
Called fire()
Read input token from inputB with value 0.0
Sent output token with value 0.0
Next port to read input from is inputA
Called postfire()
Called prefire()
Called fire()
Checking for deadlock:
There are 1 Blocked actors, 0 Stopped actors, and 4 active threads.
Waiting for actors to stop.
-- Read input: 0.0, which is expected to match: 0.0
Called prefire()
Called fire()
Called postfire()
Called prefire()
Called fire()
Called postfire()
Called prefire()
Called fire()
Checking for deadlock:
There are 3 Blocked actors, 0 Stopped actors, and 4 active threads.
Waiting for actors to stop.
Called postfire()
Called prefire()
Called fire()
Checking for deadlock:
There are 3 Blocked actors, 0 Stopped actors, and 4 active threads.
Waiting for actors to stop.
Read input token from inputA with value 1.0
-- Read input: 0.0, which is expected to match: 0.0
Called prefire()
Called fire()
Checking for deadlock:
There are 3 Blocked actors, 0 Stopped actors, and 4 active threads.
Waiting for actors to stop.
Sent output token with value 0.0
Next port to read input from is inputB
Called postfire()
Called prefire()
Called fire()
Called postfire()
Called prefire()
Called fire()
Checking for deadlock:
There are 3 Blocked actors, 0 Stopped actors, and 4 active threads.
Waiting for actors to stop.
Read input token from inputB with value 1.5
-- Read input: 1.0, which is expected to match: 1.0
Called prefire()
Called fire()
Checking for deadlock:
There are 3 Blocked actors, 0 Stopped actors, and 4 active threads.
Waiting for actors to stop.
Sent output token with value 1.0
Next port to read input from is inputA
Called postfire()
Called prefire()
Called fire()
Checking for deadlock:
There are 2 Blocked actors, 0 Stopped actors, and 4 active threads.
Waiting for actors to stop.
Called postfire()
Called prefire()
Called fire()
Checking for deadlock:
There are 3 Blocked actors, 0 Stopped actors, and 4 active threads.
Waiting for actors to stop.
Read input token from inputA with value 2.0
Checking for deadlock:
There are 2 Blocked actors, 0 Stopped actors, and 4 active threads.
Waiting for actors to stop.
-- Read input: 1.5, which is expected to match: 1.5
Called prefire()
Called fire()
Checking for deadlock:
There are 3 Blocked actors, 0 Stopped actors, and 4 active threads.
Waiting for actors to stop.
Sent output token with value 1.5
Next port to read input from is inputB
Called postfire()
Called prefire()
Called fire()
Called postfire()
Called prefire()
Called fire()
Checking for deadlock:
There are 3 Blocked actors, 0 Stopped actors, and 4 active threads.
Waiting for actors to stop.
Read input token from inputB with value 3.0
-- Read input: 2.0, which is expected to match: 2.0
Called prefire()
Called fire()
Checking for deadlock:
There are 3 Blocked actors, 0 Stopped actors, and 4 active threads.
Waiting for actors to stop.
Sent output token with value 2.0
Next port to read input from is inputA
Called postfire()
Called prefire()
Called fire()
Checking for deadlock:
There are 2 Blocked actors, 0 Stopped actors, and 4 active threads.
Waiting for actors to stop.
Called postfire()
Called prefire()
Called fire()
Checking for deadlock:
There are 3 Blocked actors, 0 Stopped actors, and 4 active threads.
Waiting for actors to stop.
Read input token from inputA with value 3.0
Checking for deadlock:
There are 2 Blocked actors, 0 Stopped actors, and 4 active threads.
Waiting for actors to stop.
-- Read input: 3.0, which is expected to match: 3.0
Called prefire()
Called fire()
Checking for deadlock:
There are 3 Blocked actors, 0 Stopped actors, and 4 active threads.
Waiting for actors to stop.
Sent output token with value 3.0
Next port to read input from is inputB
Called postfire()
Called prefire()
Called fire()
Called postfire()
Called prefire()
Called fire()
Checking for deadlock:
There are 3 Blocked actors, 0 Stopped actors, and 4 active threads.
Waiting for actors to stop.
Read input token from inputB with value 4.5
-- Read input: 3.0, which is expected to match: 3.0
Called prefire()
Called fire()
Checking for deadlock:
There are 3 Blocked actors, 0 Stopped actors, and 4 active threads.
Waiting for actors to stop.
Sent output token with value 3.0
Next port to read input from is inputA
Called postfire()
Called prefire()
Called fire()
Checking for deadlock:
There are 2 Blocked actors, 0 Stopped actors, and 4 active threads.
Waiting for actors to stop.
Called postfire()
Called prefire()
Called fire()
Checking for deadlock:
There are 3 Blocked actors, 0 Stopped actors, and 4 active threads.
Waiting for actors to stop.
Read input token from inputA with value 4.0
Checking for deadlock:
There are 2 Blocked actors, 0 Stopped actors, and 4 active threads.
Waiting for actors to stop.
-- Read input: 4.0, which is expected to match: 4.0
Called prefire()
Called fire()
Past the end of training data. Read and discard all inputs.
Checking for deadlock:
There are 3 Blocked actors, 0 Stopped actors, and 4 active threads.
Waiting for actors to stop.
Sent output token with value 4.0
Next port to read input from is inputA
Called postfire()
Called prefire()
Called fire()
Checking for deadlock:
There are 2 Blocked actors, 0 Stopped actors, and 4 active threads.
Waiting for actors to stop.
Called postfire()
Called prefire()
Called fire()
Checking for deadlock:
There are 3 Blocked actors, 0 Stopped actors, and 4 active threads.
Waiting for actors to stop.
Read input token from inputA with value 5.0
Checking for deadlock:
There are 2 Blocked actors, 0 Stopped actors, and 4 active threads.
Waiting for actors to stop.
Called prefire()
Called fire()
Past the end of training data. Read and discard all inputs.
Checking for deadlock:
There are 3 Blocked actors, 0 Stopped actors, and 4 active threads.
Waiting for actors to stop.
Sent output token with value 4.5
Next port to read input from is inputB
Called postfire()
Called prefire()
Called fire()
Called postfire()
Called prefire()
Called fire()
Checking for deadlock:
There are 3 Blocked actors, 0 Stopped actors, and 4 active threads.
Waiting for actors to stop.
Read input token from inputB with value 6.0
Called prefire()
Called fire()
Past the end of training data. Read and discard all inputs.
Checking for deadlock:
There are 3 Blocked actors, 0 Stopped actors, and 4 active threads.
Waiting for actors to stop.
Sent output token with value 5.0
Next port to read input from is inputA
Called postfire()
Called prefire()
Called fire()
Checking for deadlock:
There are 2 Blocked actors, 0 Stopped actors, and 4 active threads.
Waiting for actors to stop.
Called postfire()
Called prefire()
Called fire()
Checking for deadlock:
There are 3 Blocked actors, 0 Stopped actors, and 4 active threads.
Waiting for actors to stop.
Read input token from inputA with value 6.0
Checking for deadlock:
There are 2 Blocked actors, 0 Stopped actors, and 4 active threads.
Waiting for actors to stop.
Called prefire()
Called fire()
Past the end of training data. Read and discard all inputs.
Checking for deadlock:
There are 3 Blocked actors, 0 Stopped actors, and 4 active threads.
Waiting for actors to stop.
Sent output token with value 6.0
Next port to read input from is inputB
Called postfire()
Called prefire()
Called fire()
Called postfire()
Called prefire()
Called fire()
Checking for deadlock:
There are 3 Blocked actors, 0 Stopped actors, and 4 active threads.
Waiting for actors to stop.
Read input token from inputB with value 7.5
Called prefire()
Called fire()
Past the end of training data. Read and discard all inputs.
Checking for deadlock:
There are 3 Blocked actors, 0 Stopped actors, and 4 active threads.
Waiting for actors to stop.
Sent output token with value 6.0
Next port to read input from is inputA
Called postfire()
Called prefire()
Called fire()
Checking for deadlock:
There are 2 Blocked actors, 0 Stopped actors, and 4 active threads.
Waiting for actors to stop.
Called postfire()
Called prefire()
Called fire()
Checking for deadlock:
There are 3 Blocked actors, 0 Stopped actors, and 4 active threads.
Waiting for actors to stop.
Read input token from inputA with value 7.0
Checking for deadlock:
There are 2 Blocked actors, 0 Stopped actors, and 4 active threads.
Waiting for actors to stop.
Called prefire()
Called fire()
Past the end of training data. Read and discard all inputs.
Checking for deadlock:
There are 3 Blocked actors, 0 Stopped actors, and 4 active threads.
Waiting for actors to stop.
Sent output token with value 7.0
Next port to read input from is inputA
Called postfire()
Called prefire()
Called fire()
Checking for deadlock:
There are 2 Blocked actors, 0 Stopped actors, and 4 active threads.
Waiting for actors to stop.
-- Thread wrapup() called.
Called wrapup()
Thread .top.Ramp is exiting.
-- Thread stopped.
Checking for deadlock:
There are 2 Blocked actors, 0 Stopped actors, and 3 active threads.
Waiting for actors to stop.
Read input token from inputA with value 8.0
Called prefire()
Called fire()
Past the end of training data. Read and discard all inputs.
Checking for deadlock:
There are 2 Blocked actors, 0 Stopped actors, and 3 active threads.
Waiting for actors to stop.
Sent output token with value 7.5
Next port to read input from is inputB
Called postfire()
Called prefire()
Called fire()
Checking for deadlock:
There are 1 Blocked actors, 0 Stopped actors, and 3 active threads.
Waiting for actors to stop.
Called postfire()
Called prefire()
Called fire()
Checking for deadlock:
There are 2 Blocked actors, 0 Stopped actors, and 3 active threads.
Waiting for actors to stop.
Read input token from inputB with value 9.0
Checking for deadlock:
There are 1 Blocked actors, 0 Stopped actors, and 3 active threads.
Waiting for actors to stop.
Called prefire()
Called fire()
Past the end of training data. Read and discard all inputs.
Checking for deadlock:
There are 2 Blocked actors, 0 Stopped actors, and 3 active threads.
Waiting for actors to stop.
Sent output token with value 8.0
Next port to read input from is inputA
Called postfire()
Called prefire()
Called fire()
Read input token from inputA with value 9.0
Called prefire()
Called fire()
Past the end of training data. Read and discard all inputs.
Checking for deadlock:
There are 2 Blocked actors, 0 Stopped actors, and 3 active threads.
Waiting for actors to stop.
Sent output token with value 9.0
Next port to read input from is inputB
Called postfire()
Called prefire()
Called fire()
Called postfire()
Called prefire()
Called fire()
Checking for deadlock:
There are 2 Blocked actors, 0 Stopped actors, and 3 active threads.
Waiting for actors to stop.
Read input token from inputB with value 10.5
Called prefire()
Called fire()
Past the end of training data. Read and discard all inputs.
Checking for deadlock:
There are 2 Blocked actors, 0 Stopped actors, and 3 active threads.
Waiting for actors to stop.
Sent output token with value 9.0
Next port to read input from is inputA
Called postfire()
Called prefire()
Called fire()
Checking for deadlock:
There are 3 Blocked actors, 0 Stopped actors, and 3 active threads.
Actors have stopped.
Checking for deadlock:
There are 3 Blocked actors, 0 Stopped actors, and 3 active threads.
Deadlock detected.
Resolving Deadlock
Checking for deadlock:
There are 3 Blocked actors, 0 Stopped actors, and 3 active threads.
Artificial Deadlock - increasing queue capacity.
increasing the capacity of receiver ptolemy.actor.TypedIOPort {.top.OrderedMerge.inputB} to 2
Director: Called postfire().
Called postfire().
_stopRequested = false
_stopFireRequested = false
Returning from postfire(): true
-- Thread wrapup() called.
Called wrapup()
Thread .top.Ramp2 is exiting.
-- Thread stopped.
Called fire().
Checking for deadlock:
There are 2 Blocked actors, 0 Stopped actors, and 2 active threads.
Actors have stopped.
Checking for deadlock:
There are 2 Blocked actors, 0 Stopped actors, and 2 active threads.
Deadlock detected.
Resolving Deadlock
Checking for deadlock:
There are 2 Blocked actors, 0 Stopped actors, and 2 active threads.
Deadlock detected: no processes blocked on write, but some are blocked on read.
Called postfire().
_stopRequested = false
_stopFireRequested = false
Returning from postfire(): false
Finished deactivating branches.
Called wrapup().
-- Thread wrapup() called.
Called wrapup()
Thread .top.Test is exiting.
-- Thread stopped.
-- Blocked Receiver call threw TerminateProcessException.
-- Thread wrapup() called.
Called wrapup()
Thread .top.OrderedMerge is exiting.
-- Thread stopped.
-- Blocked Receiver call threw TerminateProcessException.
75 ms. Memory: 120832K Free: 99561K (82%)
.top. Preinitializing ...
Invoking preinitialize():  .top.OrderedMerge
Called preinitialize()
Invoking preinitialize():  .top.Ramp
Called preinitialize()
Invoking preinitialize():  .top.Ramp2
Called preinitialize()
Invoking preinitialize():  .top.Test
Called preinitialize()
.top. Finished preinitialize().
Called initialize().
Invoking initialize():  .top.OrderedMerge
Initializing actor: .top.OrderedMerge
Adding a thread: .top.OrderedMerge
Invoking initialize():  .top.Ramp
Initializing actor: .top.Ramp
Adding a thread: .top.Ramp
Invoking initialize():  .top.Ramp2
Initializing actor: .top.Ramp2
Adding a thread: .top.Ramp2
Invoking initialize():  .top.Test
Initializing actor: .top.Test
Adding a thread: .top.Test
-- Starting thread.
Called initialize()
Called prefire()
Called fire()
-- Starting thread.
Called initialize()
Called prefire()
Called fire()
Called postfire()
Called prefire()
Called fire()
-- Starting thread.
Called initialize()
Called prefire()
Called fire()
Called postfire()
Called prefire()
Called fire()
Called fire().
Checking for deadlock:
There are 3 Blocked actors, 0 Stopped actors, and 4 active threads.
Waiting for actors to stop.
-- Starting thread.
Called initialize()
Called prefire()
Called fire()
Checking for deadlock:
There are 2 Blocked actors, 0 Stopped actors, and 4 active threads.
Waiting for actors to stop.
Called postfire()
Called prefire()
Called fire()
Checking for deadlock:
There are 3 Blocked actors, 0 Stopped actors, and 4 active threads.
Waiting for actors to stop.
Read input token from inputA with value 0.0
Next port to read input from is inputB
Called postfire()
Called prefire()
Called fire()
Called postfire()
Called prefire()
Called fire()
Checking for deadlock:
There are 3 Blocked actors, 0 Stopped actors, and 4 active threads.
Waiting for actors to stop.
Read input token from inputB with value 0.0
Checking for deadlock:
There are 2 Blocked actors, 0 Stopped actors, and 4 active threads.
Waiting for actors to stop.
-- Read input: 0.0, which is expected to match: 0.0
Called prefire()
Called fire()
Checking for deadlock:
There are 3 Blocked actors, 0 Stopped actors, and 4 active threads.
Waiting for actors to stop.
Sent output token with value 0.0
Next port to read input from is inputA
Called postfire()
Called prefire()
Called fire()
Checking for deadlock:
There are 2 Blocked actors, 0 Stopped actors, and 4 active threads.
Waiting for actors to stop.
Called postfire()
Called prefire()
Called fire()
Checking for deadlock:
There are 3 Blocked actors, 0 Stopped actors, and 4 active threads.
Waiting for actors to stop.
Read input token from inputA with value 1.0
Checking for deadlock:
There are 2 Blocked actors, 0 Stopped actors, and 4 active threads.
Waiting for actors to stop.
-- Read input: 0.0, which is expected to match: 0.0
Called prefire()
Called fire()
Checking for deadlock:
There are 3 Blocked actors, 0 Stopped actors, and 4 active threads.
Waiting for actors to stop.
Sent output token with value 0.0
Next port to read input from is inputB
Called postfire()
Called prefire()
Called fire()
Called postfire()
Called prefire()
Called fire()
Checking for deadlock:
There are 3 Blocked actors, 0 Stopped actors, and 4 active threads.
Waiting for actors to stop.
Read input token from inputB with value 1.5
-- Read input: 1.0, which is expected to match: 1.0
Called prefire()
Called fire()
Checking for deadlock:
There are 3 Blocked actors, 0 Stopped actors, and 4 active threads.
Waiting for actors to stop.
Sent output token with value 1.0
Next port to read input from is inputA
Called postfire()
Called prefire()
Called fire()
Checking for deadlock:
There are 2 Blocked actors, 0 Stopped actors, and 4 active threads.
Waiting for actors to stop.
Called postfire()
Called prefire()
Called fire()
Checking for deadlock:
There are 3 Blocked actors, 0 Stopped actors, and 4 active threads.
Waiting for actors to stop.
Read input token from inputA with value 2.0
Checking for deadlock:
There are 2 Blocked actors, 0 Stopped actors, and 4 active threads.
Waiting for actors to stop.
-- Read input: 1.5, which is expected to match: 1.5
Called prefire()
Called fire()
Checking for deadlock:
There are 3 Blocked actors, 0 Stopped actors, and 4 active threads.
Waiting for actors to stop.
Sent output token with value 1.5
Next port to read input from is inputB
Called postfire()
Called prefire()
Called fire()
Checking for deadlock:
There are 2 Blocked actors, 0 Stopped actors, and 4 active threads.
Waiting for actors to stop.
Called postfire()
Called prefire()
Called fire()
Checking for deadlock:
There are 3 Blocked actors, 0 Stopped actors, and 4 active threads.
Waiting for actors to stop.
Read input token from inputB with value 3.0
Checking for deadlock:
There are 2 Blocked actors, 0 Stopped actors, and 4 active threads.
Waiting for actors to stop.
-- Read input: 2.0, which is expected to match: 2.0
Called prefire()
Called fire()
Checking for deadlock:
There are 3 Blocked actors, 0 Stopped actors, and 4 active threads.
Waiting for actors to stop.
Sent output token with value 2.0
Next port to read input from is inputA
Called postfire()
Called prefire()
Called fire()
Checking for deadlock:
There are 2 Blocked actors, 0 Stopped actors, and 4 active threads.
Waiting for actors to stop.
Called postfire()
Called prefire()
Called fire()
Checking for deadlock:
There are 3 Blocked actors, 0 Stopped actors, and 4 active threads.
Waiting for actors to stop.
Read input token from inputA with value 3.0
Checking for deadlock:
There are 2 Blocked actors, 0 Stopped actors, and 4 active threads.
Waiting for actors to stop.
-- Read input: 3.0, which is expected to match: 3.0
Called prefire()
Called fire()
Checking for deadlock:
There are 3 Blocked actors, 0 Stopped actors, and 4 active threads.
Waiting for actors to stop.
Sent output token with value 3.0
Next port to read input from is inputB
Called postfire()
Called prefire()
Called fire()
Called postfire()
Called prefire()
Called fire()
Checking for deadlock:
There are 3 Blocked actors, 0 Stopped actors, and 4 active threads.
Waiting for actors to stop.
Read input token from inputB with value 4.5
-- Read input: 3.0, which is expected to match: 3.0
Called prefire()
Called fire()
Checking for deadlock:
There are 3 Blocked actors, 0 Stopped actors, and 4 active threads.
Waiting for actors to stop.
Sent output token with value 3.0
Next port to read input from is inputA
Called postfire()
Called prefire()
Called fire()
Checking for deadlock:
There are 2 Blocked actors, 0 Stopped actors, and 4 active threads.
Waiting for actors to stop.
Called postfire()
Called prefire()
Called fire()
Checking for deadlock:
There are 3 Blocked actors, 0 Stopped actors, and 4 active threads.
Waiting for actors to stop.
Read input token from inputA with value 4.0
Checking for deadlock:
There are 2 Blocked actors, 0 Stopped actors, and 4 active threads.
Waiting for actors to stop.
-- Read input: 4.0, which is expected to match: 4.0
Called prefire()
Called fire()
Past the end of training data. Read and discard all inputs.
Checking for deadlock:
There are 3 Blocked actors, 0 Stopped actors, and 4 active threads.
Waiting for actors to stop.
Sent output token with value 4.0
Next port to read input from is inputA
Called postfire()
Called prefire()
Called fire()
Checking for deadlock:
There are 2 Blocked actors, 0 Stopped actors, and 4 active threads.
Waiting for actors to stop.
Called postfire()
Called prefire()
Called fire()
Checking for deadlock:
There are 3 Blocked actors, 0 Stopped actors, and 4 active threads.
Waiting for actors to stop.
Read input token from inputA with value 5.0
Checking for deadlock:
There are 2 Blocked actors, 0 Stopped actors, and 4 active threads.
Waiting for actors to stop.
Called prefire()
Called fire()
Past the end of training data. Read and discard all inputs.
Checking for deadlock:
There are 3 Blocked actors, 0 Stopped actors, and 4 active threads.
Waiting for actors to stop.
Sent output token with value 4.5
Next port to read input from is inputB
Called postfire()
Called prefire()
Called fire()
Called postfire()
Called prefire()
Called fire()
Checking for deadlock:
There are 3 Blocked actors, 0 Stopped actors, and 4 active threads.
Waiting for actors to stop.
Read input token from inputB with value 6.0
Called prefire()
Called fire()
Past the end of training data. Read and discard all inputs.
Checking for deadlock:
There are 3 Blocked actors, 0 Stopped actors, and 4 active threads.
Waiting for actors to stop.
Sent output token with value 5.0
Next port to read input from is inputA
Called postfire()
Called prefire()
Called fire()
Checking for deadlock:
There are 2 Blocked actors, 0 Stopped actors, and 4 active threads.
Waiting for actors to stop.
Called postfire()
Called prefire()
Called fire()
Checking for deadlock:
There are 3 Blocked actors, 0 Stopped actors, and 4 active threads.
Waiting for actors to stop.
Read input token from inputA with value 6.0
Checking for deadlock:
There are 2 Blocked actors, 0 Stopped actors, and 4 active threads.
Waiting for actors to stop.
Called prefire()
Called fire()
Past the end of training data. Read and discard all inputs.
Checking for deadlock:
There are 3 Blocked actors, 0 Stopped actors, and 4 active threads.
Waiting for actors to stop.
Sent output token with value 6.0
Next port to read input from is inputB
Called postfire()
Called prefire()
Called fire()
Checking for deadlock:
There are 2 Blocked actors, 0 Stopped actors, and 4 active threads.
Waiting for actors to stop.
Called postfire()
Called prefire()
Called fire()
Checking for deadlock:
There are 3 Blocked actors, 0 Stopped actors, and 4 active threads.
Waiting for actors to stop.
Read input token from inputB with value 7.5
Checking for deadlock:
There are 2 Blocked actors, 0 Stopped actors, and 4 active threads.
Waiting for actors to stop.
Called prefire()
Called fire()
Past the end of training data. Read and discard all inputs.
Checking for deadlock:
There are 3 Blocked actors, 0 Stopped actors, and 4 active threads.
Waiting for actors to stop.
Sent output token with value 6.0
Next port to read input from is inputA
Called postfire()
Called prefire()
Called fire()
Called postfire()
Called prefire()
Called fire()
Checking for deadlock:
There are 3 Blocked actors, 0 Stopped actors, and 4 active threads.
Waiting for actors to stop.
Read input token from inputA with value 7.0
Called prefire()
Called fire()
Past the end of training data. Read and discard all inputs.
Checking for deadlock:
There are 3 Blocked actors, 0 Stopped actors, and 4 active threads.
Waiting for actors to stop.
Sent output token with value 7.0
Next port to read input from is inputA
Called postfire()
Called prefire()
Called fire()
-- Thread wrapup() called.
Called wrapup()
Thread .top.Ramp is exiting.
-- Thread stopped.
Checking for deadlock:
There are 2 Blocked actors, 0 Stopped actors, and 3 active threads.
Waiting for actors to stop.
Read input token from inputA with value 8.0
Checking for deadlock:
There are 1 Blocked actors, 0 Stopped actors, and 3 active threads.
Waiting for actors to stop.
Called prefire()
Called fire()
Past the end of training data. Read and discard all inputs.
Checking for deadlock:
There are 2 Blocked actors, 0 Stopped actors, and 3 active threads.
Waiting for actors to stop.
Sent output token with value 7.5
Next port to read input from is inputB
Called postfire()
Called prefire()
Called fire()
Checking for deadlock:
There are 1 Blocked actors, 0 Stopped actors, and 3 active threads.
Waiting for actors to stop.
Called postfire()
Called prefire()
Called fire()
Checking for deadlock:
There are 2 Blocked actors, 0 Stopped actors, and 3 active threads.
Waiting for actors to stop.
Read input token from inputB with value 9.0
Checking for deadlock:
There are 1 Blocked actors, 0 Stopped actors, and 3 active threads.
Waiting for actors to stop.
Called prefire()
Called fire()
Past the end of training data. Read and discard all inputs.
Checking for deadlock:
There are 2 Blocked actors, 0 Stopped actors, and 3 active threads.
Waiting for actors to stop.
Sent output token with value 8.0
Next port to read input from is inputA
Called postfire()
Called prefire()
Called fire()
Read input token from inputA with value 9.0
Called prefire()
Called fire()
Past the end of training data. Read and discard all inputs.
Checking for deadlock:
There are 2 Blocked actors, 0 Stopped actors, and 3 active threads.
Waiting for actors to stop.
Sent output token with value 9.0
Next port to read input from is inputB
Called postfire()
Called prefire()
Called fire()
Called postfire()
Called prefire()
Called fire()
Checking for deadlock:
There are 2 Blocked actors, 0 Stopped actors, and 3 active threads.
Waiting for actors to stop.
Read input token from inputB with value 10.5
Called prefire()
Called fire()
Past the end of training data. Read and discard all inputs.
Checking for deadlock:
There are 2 Blocked actors, 0 Stopped actors, and 3 active threads.
Waiting for actors to stop.
Sent output token with value 9.0
Next port to read input from is inputA
Called postfire()
Called prefire()
Called fire()
Checking for deadlock:
There are 3 Blocked actors, 0 Stopped actors, and 3 active threads.
Actors have stopped.
Checking for deadlock:
There are 3 Blocked actors, 0 Stopped actors, and 3 active threads.
Deadlock detected.
Resolving Deadlock
Checking for deadlock:
There are 3 Blocked actors, 0 Stopped actors, and 3 active threads.
Artificial Deadlock - increasing queue capacity.
increasing the capacity of receiver ptolemy.actor.TypedIOPort {.top.OrderedMerge.inputB} to 2
Director: Called postfire().
Called postfire().
_stopRequested = false
_stopFireRequested = false
Returning from postfire(): true
Called fire().
Checking for deadlock:
There are 2 Blocked actors, 0 Stopped actors, and 3 active threads.
Waiting for actors to stop.
-- Thread wrapup() called.
Called wrapup()
Thread .top.Ramp2 is exiting.
-- Thread stopped.
Checking for deadlock:
There are 2 Blocked actors, 0 Stopped actors, and 2 active threads.
Actors have stopped.
Checking for deadlock:
There are 2 Blocked actors, 0 Stopped actors, and 2 active threads.
Deadlock detected.
Resolving Deadlock
Checking for deadlock:
There are 2 Blocked actors, 0 Stopped actors, and 2 active threads.
Deadlock detected: no processes blocked on write, but some are blocked on read.
Called postfire().
_stopRequested = false
_stopFireRequested = false
Returning from postfire(): false
Finished deactivating branches.
Called wrapup().
-- Thread wrapup() called.
Called wrapup()
Thread .top.OrderedMerge is exiting.
-- Thread stopped.
-- Blocked Receiver call threw TerminateProcessException.
-- Thread wrapup() called.
Called wrapup()
Thread .top.Test is exiting.
-- Thread stopped.
-- Blocked Receiver call threw TerminateProcessException.
47 ms. Memory: 120832K Free: 97513K (81%)
/home/travis/build/icyphy/ptII/ptolemy/actor/lib/test/Publisher.tcl
10 ms. Memory: 120832K Free: 91369K (76%)
4 ms. Memory: 120832K Free: 85739K (71%)
2 ms. Memory: 120832K Free: 82147K (68%)
4 ms. Memory: 120832K Free: 81129K (67%)
2 ms. Memory: 120832K Free: 80619K (67%)
4 ms. Memory: 120832K Free: 79595K (66%)
2 ms. Memory: 120832K Free: 78571K (65%)
3 ms. Memory: 120832K Free: 78043K (65%)
36 ms. Memory: 120832K Free: 101416K (84%)
4 ms. Memory: 120832K Free: 97816K (81%)
6 ms. Memory: 120832K Free: 97320K (81%)
4 ms. Memory: 120832K Free: 94744K (78%)
7 ms. Memory: 120832K Free: 87080K (72%)
6 ms. Memory: 120832K Free: 77864K (64%)
6 ms. Memory: 120832K Free: 66600K (55%)
/home/travis/build/icyphy/ptII/ptolemy/actor/lib/test/Pulse.tcl
5 ms. Memory: 145408K Free: 105822K (73%)
11 ms. Memory: 145408K Free: 105308K (72%)
3 ms. Memory: 145408K Free: 104798K (72%)
2 ms. Memory: 145408K Free: 104254K (72%)
1 ms. Memory: 145408K Free: 103774K (71%)
16 ms. Memory: 145408K Free: 102750K (71%)
8 ms. Memory: 145408K Free: 101726K (70%)
2 ms. Memory: 145408K Free: 101212K (70%)
5 ms. Memory: 145408K Free: 100174K (69%)
/home/travis/build/icyphy/ptII/ptolemy/actor/lib/test/Ramp.tcl
6 ms. Memory: 145408K Free: 98654K (68%)
3 ms. Memory: 145408K Free: 97630K (67%)
3 ms. Memory: 145408K Free: 97086K (67%)
2 ms. Memory: 145408K Free: 96086K (66%)
5 ms. Memory: 145408K Free: 95582K (66%)
8 ms. Memory: 145408K Free: 94558K (65%)
6 ms. Memory: 145408K Free: 93534K (64%)
5 actors
5000 microseconds per iteration to create
10 ms. Memory: 145408K Free: 90972K (63%)
2 ms. Memory: 145408K Free: 90462K (62%)
7 ms. Memory: 145408K Free: 89438K (62%)
3 ms. Memory: 145408K Free: 88924K (61%)
50 actors
41000 microseconds per iteration to create
25 ms. Memory: 145408K Free: 73564K (51%)
9 ms. Memory: 145408K Free: 72540K (50%)
14 ms. Memory: 145408K Free: 71516K (49%)
6 ms. Memory: 145408K Free: 70492K (48%)
500 actors
1888000 microseconds per iteration to create
251 ms. Memory: 145408K Free: 110543K (76%)
40 ms. Memory: 145408K Free: 105423K (73%)
40 ms. Memory: 145408K Free: 99789K (69%)
39 ms. Memory: 145408K Free: 94639K (65%)
/home/travis/build/icyphy/ptII/ptolemy/actor/lib/test/RampContinuous.tcl
8 ms. Memory: 145408K Free: 93135K (64%)
/home/travis/build/icyphy/ptII/ptolemy/actor/lib/test/RecordAssembler.tcl
6 ms. Memory: 145408K Free: 91597K (63%)
4 ms. Memory: 145408K Free: 90573K (62%)
/home/travis/build/icyphy/ptII/ptolemy/actor/lib/test/RecordDisassembler.tcl
15 ms. Memory: 145408K Free: 89039K (61%)
3 ms. Memory: 145408K Free: 88015K (61%)
4 ms. Memory: 145408K Free: 86991K (60%)
/home/travis/build/icyphy/ptII/ptolemy/actor/lib/test/Scale.tcl
3 ms. Memory: 145408K Free: 85439K (59%)
2 ms. Memory: 145408K Free: 84415K (58%)
1 ms. Memory: 145408K Free: 83919K (58%)
2 ms. Memory: 145408K Free: 82895K (57%)
4 ms. Memory: 145408K Free: 81871K (56%)
/home/travis/build/icyphy/ptII/ptolemy/actor/lib/test/SequentialClock.tcl
preinitializing
resolving types
initializing
executing number 1
wrapping up
idle
4 ms. Memory: 145408K Free: 80847K (56%)
Completed execution with 5 iterations
preinitializing
resolving types
initializing
executing number 1
wrapping up
idle
1 ms. Memory: 145408K Free: 80333K (55%)
Completed execution with 5 iterations
preinitializing
resolving types
initializing
executing number 1
wrapping up
idle
2 ms. Memory: 145408K Free: 79823K (55%)
Completed execution with 5 iterations
/home/travis/build/icyphy/ptII/ptolemy/actor/lib/test/SetVariable.tcl
4 ms. Memory: 145408K Free: 77775K (53%)


==== $PTII/ptolemy/actor/lib/test/SetVariable.tcl: SetVariable-3.1 changeFailed
==== Contents of test case:

    #Uses 2.1 above
    jdkCaptureErr {
        # This test was failing if we ran Exit.tcl and then this test.
        # MessageHandler.error() now actually throws the Exception.
	catch {$setVariable changeFailed [java::null]  [java::new Exception {Test exception for SetVariable.changeFailed()}]} errMsg
    } results
    list [string range $results 0 89] "\n" $errMsg

==== Result was:
{java.lang.Exception: Test exception for SetVariable.changeFailed()
	at java.base/jdk.inter} {
} {java.lang.RuntimeException: java.lang.Exception: Test exception for SetVariable.changeFailed()}
---- Result should have been:
{Failed to set variable.
java.lang.Exception: Test exception for SetVariable.changeFailed()} {
} {java.lang.RuntimeException: java.lang.Exception: Test exception for SetVariable.changeFailed()}
---- SetVariable-3.1 FAILED
/home/travis/build/icyphy/ptII/ptolemy/actor/lib/test/Sinewave.tcl
/home/travis/build/icyphy/ptII/ptolemy/actor/lib/test/SubscriptionAggregator.tcl
12 ms. Memory: 145408K Free: 65967K (45%)
3 ms. Memory: 145408K Free: 64973K (45%)
0 ms. Memory: 145408K Free: 64463K (44%)
1 ms. Memory: 145408K Free: 64463K (44%)
2 ms. Memory: 145408K Free: 60847K (42%)
8 ms. Memory: 145408K Free: 58319K (40%)
...............................................................1036 ms. Memory: 259072K Free: 106118K (41%)
/home/travis/build/icyphy/ptII/ptolemy/actor/lib/test/Test.tcl
 The next command will produce a warning about training mode,
   which may be ignored.
6 ms. Memory: 259072K Free: 104070K (40%)
6 ms. Memory: 259072K Free: 103560K (40%)
2 ms. Memory: 259072K Free: 103032K (40%)
1 ms. Memory: 259072K Free: 102536K (40%)
6 ms. Memory: 259072K Free: 101512K (39%)
3 ms. Memory: 259072K Free: 100488K (39%)
4 ms. Memory: 259072K Free: 98920K (38%)
 The next command will produce a warning about training mode,
   which may be ignored.
3 ms. Memory: 259072K Free: 96872K (37%)
 The next command will produce a warning about training mode,
   which may be ignored.
3 ms. Memory: 259072K Free: 95864K (37%)
1 ms. Memory: 259072K Free: 95368K (37%)
1 ms. Memory: 259072K Free: 94840K (37%)
3 ms. Memory: 259072K Free: 94344K (36%)
8 ms. Memory: 259072K Free: 93320K (36%)
4 ms. Memory: 259072K Free: 89224K (34%)
/home/travis/build/icyphy/ptII/ptolemy/actor/lib/test/TestExceptionHandler.tcl
 The next command will produce a warning about training mode,
   which may be ignored.
3 ms. Memory: 259072K Free: 88200K (34%)
1 ms. Memory: 259072K Free: 87672K (34%)
0 ms. Memory: 259072K Free: 87176K (34%)
/home/travis/build/icyphy/ptII/ptolemy/actor/lib/test/UnionDisassembler.tcl
14 ms. Memory: 259072K Free: 209575K (81%)
/home/travis/build/icyphy/ptII/ptolemy/actor/lib/test/VariableClock.tcl
preinitializing
resolving types
initializing
executing number 1
wrapping up
idle
10 ms. Memory: 259072K Free: 208041K (80%)
Completed execution with 11 iterations
preinitializing
resolving types
initializing
executing number 1
wrapping up
idle
3 ms. Memory: 259072K Free: 206489K (80%)
Completed execution with 10 iterations
07/31/19 05:18:58
Failed: 1  Total Tests: 234  ((Passed: 233, Newly Passed: 0)  Known Failed: 0) /home/travis/build/icyphy/ptII/ptolemy/actor/lib/test
----------------- testing (KnownFailure) /home/travis/build/icyphy/ptII/ptolemy/actor/lib/test/auto/knownFailedTests/PublisherPortToplevelSubscriber.xml
0 ms. Memory: 259072K Free: 202921K (78%)
Known Failure: java.lang.reflect.InvocationTargetException
----------------- testing (KnownFailure) /home/travis/build/icyphy/ptII/ptolemy/actor/lib/test/auto/knownFailedTests/PublisherSubscriberPortToplevel.xml
0 ms. Memory: 259072K Free: 199335K (77%)
Known Failure: java.lang.reflect.InvocationTargetException
----------------- testing (KnownFailure) /home/travis/build/icyphy/ptII/ptolemy/actor/lib/test/auto/knownFailedTests/PublisherSubscriptionAggregatorPort.xml
0 ms. Memory: 259072K Free: 195239K (75%)
Known Failure: java.lang.reflect.InvocationTargetException
----------------- testing (KnownFailure) /home/travis/build/icyphy/ptII/ptolemy/actor/lib/test/auto/knownFailedTests/sizedarray3.xml
8 ms. Memory: 259072K Free: 191143K (74%)
Known Failure: java.lang.reflect.InvocationTargetException
No auto/linux-amd64/*.xml tests in /home/travis/build/icyphy/ptII/ptolemy/actor/lib/test
AutoTests.java: About to close Vertx.
AutoTests.java: Vertx closed.

===========================================================================================
----------------- testing Wed Jul 31 05:18:59 UTC 2019 /home/travis/build/icyphy/ptII/ptolemy/actor/lib/test/auto/AbsoluteValue.xml
----------------- Instantiating /home/travis/build/icyphy/ptII/ptolemy/actor/lib/test/auto/AbsoluteValue.xml
4 ms. Memory: 259072K Free: 167591K (65%)
----------------- Invoking toplevel() on ptolemy.moml.MoMLSimpleApplication@7e0d0c64
----------------- Done invoking toplevel() on ptolemy.moml.MoMLSimpleApplication@7e0d0c64
reloadAllAccessors: .AbsoluteValue

===========================================================================================
----------------- testing Wed Jul 31 05:18:59 UTC 2019 /home/travis/build/icyphy/ptII/ptolemy/actor/lib/test/auto/AbsoluteValue2.xml
----------------- Instantiating /home/travis/build/icyphy/ptII/ptolemy/actor/lib/test/auto/AbsoluteValue2.xml
5 ms. Memory: 259072K Free: 160423K (62%)
----------------- Invoking toplevel() on ptolemy.moml.MoMLSimpleApplication@677ae9a1
----------------- Done invoking toplevel() on ptolemy.moml.MoMLSimpleApplication@677ae9a1
reloadAllAccessors: .AbsoluteValue2

===========================================================================================
----------------- testing Wed Jul 31 05:18:59 UTC 2019 /home/travis/build/icyphy/ptII/ptolemy/actor/lib/test/auto/Accumulator.xml
----------------- Instantiating /home/travis/build/icyphy/ptII/ptolemy/actor/lib/test/auto/Accumulator.xml
6 ms. Memory: 259072K Free: 154279K (60%)
----------------- Invoking toplevel() on ptolemy.moml.MoMLSimpleApplication@45a96e79
----------------- Done invoking toplevel() on ptolemy.moml.MoMLSimpleApplication@45a96e79
reloadAllAccessors: .Accumulator

===========================================================================================
----------------- testing Wed Jul 31 05:18:59 UTC 2019 /home/travis/build/icyphy/ptII/ptolemy/actor/lib/test/auto/Accumulator2.xml
----------------- Instantiating /home/travis/build/icyphy/ptII/ptolemy/actor/lib/test/auto/Accumulator2.xml
25 ms. Memory: 259072K Free: 149159K (58%)
----------------- Invoking toplevel() on ptolemy.moml.MoMLSimpleApplication@2a9bc903
----------------- Done invoking toplevel() on ptolemy.moml.MoMLSimpleApplication@2a9bc903
reloadAllAccessors: .Accumulator2

===========================================================================================
----------------- testing Wed Jul 31 05:18:59 UTC 2019 /home/travis/build/icyphy/ptII/ptolemy/actor/lib/test/auto/Accumulator3.xml
----------------- Instantiating /home/travis/build/icyphy/ptII/ptolemy/actor/lib/test/auto/Accumulator3.xml
2 ms. Memory: 259072K Free: 144553K (56%)
----------------- Invoking toplevel() on ptolemy.moml.MoMLSimpleApplication@6d8896f8
----------------- Done invoking toplevel() on ptolemy.moml.MoMLSimpleApplication@6d8896f8
reloadAllAccessors: .Accumulator3

===========================================================================================
----------------- testing Wed Jul 31 05:18:59 UTC 2019 /home/travis/build/icyphy/ptII/ptolemy/actor/lib/test/auto/ArrayAppend.xml
----------------- Instantiating /home/travis/build/icyphy/ptII/ptolemy/actor/lib/test/auto/ArrayAppend.xml
15 ms. Memory: 259072K Free: 138905K (54%)
----------------- Invoking toplevel() on ptolemy.moml.MoMLSimpleApplication@1aeb5616
----------------- Done invoking toplevel() on ptolemy.moml.MoMLSimpleApplication@1aeb5616
reloadAllAccessors: .ArrayAppend

===========================================================================================
----------------- testing Wed Jul 31 05:18:59 UTC 2019 /home/travis/build/icyphy/ptII/ptolemy/actor/lib/test/auto/ArrayAppend2.xml
----------------- Instantiating /home/travis/build/icyphy/ptII/ptolemy/actor/lib/test/auto/ArrayAppend2.xml
489 ms. Memory: 259072K Free: 190430K (74%)
----------------- Invoking toplevel() on ptolemy.moml.MoMLSimpleApplication@9f1f532
----------------- Done invoking toplevel() on ptolemy.moml.MoMLSimpleApplication@9f1f532
reloadAllAccessors: .ArrayAppend2

===========================================================================================
----------------- testing Wed Jul 31 05:19:00 UTC 2019 /home/travis/build/icyphy/ptII/ptolemy/actor/lib/test/auto/ArrayAppend3.xml
----------------- Instantiating /home/travis/build/icyphy/ptII/ptolemy/actor/lib/test/auto/ArrayAppend3.xml
3 ms. Memory: 259072K Free: 184286K (71%)
----------------- Invoking toplevel() on ptolemy.moml.MoMLSimpleApplication@6a8f142
----------------- Done invoking toplevel() on ptolemy.moml.MoMLSimpleApplication@6a8f142
reloadAllAccessors: .ArrayAppend3

===========================================================================================
----------------- testing Wed Jul 31 05:19:00 UTC 2019 /home/travis/build/icyphy/ptII/ptolemy/actor/lib/test/auto/ArrayAppend4.xml
----------------- Instantiating /home/travis/build/icyphy/ptII/ptolemy/actor/lib/test/auto/ArrayAppend4.xml
3 ms. Memory: 259072K Free: 179166K (69%)
----------------- Invoking toplevel() on ptolemy.moml.MoMLSimpleApplication@13c510c2
----------------- Done invoking toplevel() on ptolemy.moml.MoMLSimpleApplication@13c510c2
reloadAllAccessors: .ArrayAppend4

===========================================================================================
----------------- testing Wed Jul 31 05:19:00 UTC 2019 /home/travis/build/icyphy/ptII/ptolemy/actor/lib/test/auto/ArrayAppend5.xml
----------------- Instantiating /home/travis/build/icyphy/ptII/ptolemy/actor/lib/test/auto/ArrayAppend5.xml
3 ms. Memory: 259072K Free: 174046K (67%)
----------------- Invoking toplevel() on ptolemy.moml.MoMLSimpleApplication@6fa7f71a
----------------- Done invoking toplevel() on ptolemy.moml.MoMLSimpleApplication@6fa7f71a
reloadAllAccessors: .ArrayAppend5

===========================================================================================
----------------- testing Wed Jul 31 05:19:00 UTC 2019 /home/travis/build/icyphy/ptII/ptolemy/actor/lib/test/auto/ArrayAppend6.xml
----------------- Instantiating /home/travis/build/icyphy/ptII/ptolemy/actor/lib/test/auto/ArrayAppend6.xml
2 ms. Memory: 259072K Free: 168416K (65%)
----------------- Invoking toplevel() on ptolemy.moml.MoMLSimpleApplication@decdcfa
----------------- Done invoking toplevel() on ptolemy.moml.MoMLSimpleApplication@decdcfa
reloadAllAccessors: .ArrayAppend6

===========================================================================================
----------------- testing Wed Jul 31 05:19:00 UTC 2019 /home/travis/build/icyphy/ptII/ptolemy/actor/lib/test/auto/ArrayAppendPerformanceTest.xml
----------------- Instantiating /home/travis/build/icyphy/ptII/ptolemy/actor/lib/test/auto/ArrayAppendPerformanceTest.xml
40 ms. Memory: 259072K Free: 157662K (61%)
----------------- Invoking toplevel() on ptolemy.moml.MoMLSimpleApplication@5bb93f3d
----------------- Done invoking toplevel() on ptolemy.moml.MoMLSimpleApplication@5bb93f3d
reloadAllAccessors: .ArrayAppendPerformanceTest

===========================================================================================
----------------- testing Wed Jul 31 05:19:00 UTC 2019 /home/travis/build/icyphy/ptII/ptolemy/actor/lib/test/auto/ArrayAppendWithEmptyInput.xml
----------------- Instantiating /home/travis/build/icyphy/ptII/ptolemy/actor/lib/test/auto/ArrayAppendWithEmptyInput.xml
17 ms. Memory: 259072K Free: 149470K (58%)
----------------- Invoking toplevel() on ptolemy.moml.MoMLSimpleApplication@441391fb
----------------- Done invoking toplevel() on ptolemy.moml.MoMLSimpleApplication@441391fb
reloadAllAccessors: .ArrayAppendWithEmptyInput

===========================================================================================
----------------- testing Wed Jul 31 05:19:00 UTC 2019 /home/travis/build/icyphy/ptII/ptolemy/actor/lib/test/auto/ArrayAverage.xml
----------------- Instantiating /home/travis/build/icyphy/ptII/ptolemy/actor/lib/test/auto/ArrayAverage.xml
5 ms. Memory: 259072K Free: 141792K (55%)
----------------- Invoking toplevel() on ptolemy.moml.MoMLSimpleApplication@7c455c81
----------------- Done invoking toplevel() on ptolemy.moml.MoMLSimpleApplication@7c455c81
reloadAllAccessors: .ArrayAverage

===========================================================================================
----------------- testing Wed Jul 31 05:19:00 UTC 2019 /home/travis/build/icyphy/ptII/ptolemy/actor/lib/test/auto/ArrayContains.xml
----------------- Instantiating /home/travis/build/icyphy/ptII/ptolemy/actor/lib/test/auto/ArrayContains.xml
9 ms. Memory: 259072K Free: 135648K (52%)
----------------- Invoking toplevel() on ptolemy.moml.MoMLSimpleApplication@3f021922
----------------- Done invoking toplevel() on ptolemy.moml.MoMLSimpleApplication@3f021922
reloadAllAccessors: .ArrayContains

===========================================================================================
----------------- testing Wed Jul 31 05:19:00 UTC 2019 /home/travis/build/icyphy/ptII/ptolemy/actor/lib/test/auto/ArrayElement.xml
----------------- Instantiating /home/travis/build/icyphy/ptII/ptolemy/actor/lib/test/auto/ArrayElement.xml
5 ms. Memory: 259072K Free: 130014K (50%)
----------------- Invoking toplevel() on ptolemy.moml.MoMLSimpleApplication@5a6cfb53
----------------- Done invoking toplevel() on ptolemy.moml.MoMLSimpleApplication@5a6cfb53
reloadAllAccessors: .ArrayElement

===========================================================================================
----------------- testing Wed Jul 31 05:19:00 UTC 2019 /home/travis/build/icyphy/ptII/ptolemy/actor/lib/test/auto/ArrayElementAsMatrix.xml
----------------- Instantiating /home/travis/build/icyphy/ptII/ptolemy/actor/lib/test/auto/ArrayElementAsMatrix.xml
23 ms. Memory: 259072K Free: 120288K (46%)
----------------- Invoking toplevel() on ptolemy.moml.MoMLSimpleApplication@1343428a
----------------- Done invoking toplevel() on ptolemy.moml.MoMLSimpleApplication@1343428a
reloadAllAccessors: .ArrayElementAsMatrix

===========================================================================================
----------------- testing Wed Jul 31 05:19:00 UTC 2019 /home/travis/build/icyphy/ptII/ptolemy/actor/lib/test/auto/ArrayElementI.xml
----------------- Instantiating /home/travis/build/icyphy/ptII/ptolemy/actor/lib/test/auto/ArrayElementI.xml
4 ms. Memory: 259072K Free: 114654K (44%)
----------------- Invoking toplevel() on ptolemy.moml.MoMLSimpleApplication@44e276ee
----------------- Done invoking toplevel() on ptolemy.moml.MoMLSimpleApplication@44e276ee
reloadAllAccessors: .ArrayElementI

===========================================================================================
----------------- testing Wed Jul 31 05:19:00 UTC 2019 /home/travis/build/icyphy/ptII/ptolemy/actor/lib/test/auto/ArrayExtract.xml
----------------- Instantiating /home/travis/build/icyphy/ptII/ptolemy/actor/lib/test/auto/ArrayExtract.xml
9 ms. Memory: 259072K Free: 106462K (41%)
----------------- Invoking toplevel() on ptolemy.moml.MoMLSimpleApplication@6c6d2e58
----------------- Done invoking toplevel() on ptolemy.moml.MoMLSimpleApplication@6c6d2e58
reloadAllAccessors: .ArrayExtract

===========================================================================================
----------------- testing Wed Jul 31 05:19:00 UTC 2019 /home/travis/build/icyphy/ptII/ptolemy/actor/lib/test/auto/ArrayExtract2.xml
----------------- Instantiating /home/travis/build/icyphy/ptII/ptolemy/actor/lib/test/auto/ArrayExtract2.xml
2 ms. Memory: 259072K Free: 100832K (39%)
----------------- Invoking toplevel() on ptolemy.moml.MoMLSimpleApplication@10da897b
----------------- Done invoking toplevel() on ptolemy.moml.MoMLSimpleApplication@10da897b
reloadAllAccessors: .ArrayExtract2

===========================================================================================
----------------- testing Wed Jul 31 05:19:00 UTC 2019 /home/travis/build/icyphy/ptII/ptolemy/actor/lib/test/auto/ArrayLength.xml
----------------- Instantiating /home/travis/build/icyphy/ptII/ptolemy/actor/lib/test/auto/ArrayLength.xml
2 ms. Memory: 259072K Free: 97246K (38%)
----------------- Invoking toplevel() on ptolemy.moml.MoMLSimpleApplication@46d07f9c
----------------- Done invoking toplevel() on ptolemy.moml.MoMLSimpleApplication@46d07f9c
reloadAllAccessors: .ArrayLength

===========================================================================================
----------------- testing Wed Jul 31 05:19:00 UTC 2019 /home/travis/build/icyphy/ptII/ptolemy/actor/lib/test/auto/ArrayLevelCrossing.xml
----------------- Instantiating /home/travis/build/icyphy/ptII/ptolemy/actor/lib/test/auto/ArrayLevelCrossing.xml
3 ms. Memory: 259072K Free: 89054K (34%)
----------------- Invoking toplevel() on ptolemy.moml.MoMLSimpleApplication@3448935e
----------------- Done invoking toplevel() on ptolemy.moml.MoMLSimpleApplication@3448935e
reloadAllAccessors: .ArrayLevelCrossing

===========================================================================================
----------------- testing Wed Jul 31 05:19:00 UTC 2019 /home/travis/build/icyphy/ptII/ptolemy/actor/lib/test/auto/ArrayLevelCrossing2.xml
----------------- Instantiating /home/travis/build/icyphy/ptII/ptolemy/actor/lib/test/auto/ArrayLevelCrossing2.xml
3 ms. Memory: 259072K Free: 81872K (32%)
----------------- Invoking toplevel() on ptolemy.moml.MoMLSimpleApplication@821f97a
----------------- Done invoking toplevel() on ptolemy.moml.MoMLSimpleApplication@821f97a
reloadAllAccessors: .ArrayLevelCrossing2

===========================================================================================
----------------- testing Wed Jul 31 05:19:00 UTC 2019 /home/travis/build/icyphy/ptII/ptolemy/actor/lib/test/auto/ArrayPeakSearch.xml
----------------- Instantiating /home/travis/build/icyphy/ptII/ptolemy/actor/lib/test/auto/ArrayPeakSearch.xml
4 ms. Memory: 259072K Free: 72670K (28%)
----------------- Invoking toplevel() on ptolemy.moml.MoMLSimpleApplication@280011ab
----------------- Done invoking toplevel() on ptolemy.moml.MoMLSimpleApplication@280011ab
reloadAllAccessors: .ArrayPeakSearch

===========================================================================================
----------------- testing Wed Jul 31 05:19:01 UTC 2019 /home/travis/build/icyphy/ptII/ptolemy/actor/lib/test/auto/ArrayPeakSearch2.xml
----------------- Instantiating /home/travis/build/icyphy/ptII/ptolemy/actor/lib/test/auto/ArrayPeakSearch2.xml
4 ms. Memory: 259072K Free: 62424K (24%)
----------------- Invoking toplevel() on ptolemy.moml.MoMLSimpleApplication@3238e855
----------------- Done invoking toplevel() on ptolemy.moml.MoMLSimpleApplication@3238e855
reloadAllAccessors: .ArrayPeakSearch2

===========================================================================================
----------------- testing Wed Jul 31 05:19:01 UTC 2019 /home/travis/build/icyphy/ptII/ptolemy/actor/lib/test/auto/ArrayPeakSearch3.xml
----------------- Instantiating /home/travis/build/icyphy/ptII/ptolemy/actor/lib/test/auto/ArrayPeakSearch3.xml
7 ms. Memory: 259072K Free: 205875K (79%)
----------------- Invoking toplevel() on ptolemy.moml.MoMLSimpleApplication@3fcdfd05
----------------- Done invoking toplevel() on ptolemy.moml.MoMLSimpleApplication@3fcdfd05
reloadAllAccessors: .ArrayPeakSearch3

===========================================================================================
----------------- testing Wed Jul 31 05:19:01 UTC 2019 /home/travis/build/icyphy/ptII/ptolemy/actor/lib/test/auto/ArrayRemoveElement.xml
----------------- Instantiating /home/travis/build/icyphy/ptII/ptolemy/actor/lib/test/auto/ArrayRemoveElement.xml
4 ms. Memory: 259072K Free: 197683K (76%)
----------------- Invoking toplevel() on ptolemy.moml.MoMLSimpleApplication@42320e06
----------------- Done invoking toplevel() on ptolemy.moml.MoMLSimpleApplication@42320e06
reloadAllAccessors: .ArrayRemoveElement

===========================================================================================
----------------- testing Wed Jul 31 05:19:01 UTC 2019 /home/travis/build/icyphy/ptII/ptolemy/actor/lib/test/auto/ArraySort.xml
----------------- Instantiating /home/travis/build/icyphy/ptII/ptolemy/actor/lib/test/auto/ArraySort.xml
7 ms. Memory: 259072K Free: 188981K (73%)
----------------- Invoking toplevel() on ptolemy.moml.MoMLSimpleApplication@13d1f577
----------------- Done invoking toplevel() on ptolemy.moml.MoMLSimpleApplication@13d1f577
reloadAllAccessors: .ArraySort

===========================================================================================
----------------- testing Wed Jul 31 05:19:01 UTC 2019 /home/travis/build/icyphy/ptII/ptolemy/actor/lib/test/auto/ArraySum.xml
----------------- Instantiating /home/travis/build/icyphy/ptII/ptolemy/actor/lib/test/auto/ArraySum.xml
5 ms. Memory: 259072K Free: 183347K (71%)
----------------- Invoking toplevel() on ptolemy.moml.MoMLSimpleApplication@7aa6550a
----------------- Done invoking toplevel() on ptolemy.moml.MoMLSimpleApplication@7aa6550a
reloadAllAccessors: .ArraySum

===========================================================================================
----------------- testing Wed Jul 31 05:19:01 UTC 2019 /home/travis/build/icyphy/ptII/ptolemy/actor/lib/test/auto/ArrayToElements.xml
----------------- Instantiating /home/travis/build/icyphy/ptII/ptolemy/actor/lib/test/auto/ArrayToElements.xml
4 ms. Memory: 259072K Free: 178227K (69%)
----------------- Invoking toplevel() on ptolemy.moml.MoMLSimpleApplication@606f0a4a
----------------- Done invoking toplevel() on ptolemy.moml.MoMLSimpleApplication@606f0a4a
reloadAllAccessors: .ArrayToElements

===========================================================================================
----------------- testing Wed Jul 31 05:19:01 UTC 2019 /home/travis/build/icyphy/ptII/ptolemy/actor/lib/test/auto/ArrayToMatrix.xml
----------------- Instantiating /home/travis/build/icyphy/ptII/ptolemy/actor/lib/test/auto/ArrayToMatrix.xml
22 ms. Memory: 259072K Free: 163891K (63%)
----------------- Invoking toplevel() on ptolemy.moml.MoMLSimpleApplication@30c2ed61
----------------- Done invoking toplevel() on ptolemy.moml.MoMLSimpleApplication@30c2ed61
reloadAllAccessors: .ArrayToMatrix

===========================================================================================
----------------- testing Wed Jul 31 05:19:01 UTC 2019 /home/travis/build/icyphy/ptII/ptolemy/actor/lib/test/auto/ArrayUpdate1.xml
----------------- Instantiating /home/travis/build/icyphy/ptII/ptolemy/actor/lib/test/auto/ArrayUpdate1.xml
6 ms. Memory: 259072K Free: 159285K (61%)
----------------- Invoking toplevel() on ptolemy.moml.MoMLSimpleApplication@a3db450
----------------- Done invoking toplevel() on ptolemy.moml.MoMLSimpleApplication@a3db450
reloadAllAccessors: .ArrayUpdate1

===========================================================================================
----------------- testing Wed Jul 31 05:19:01 UTC 2019 /home/travis/build/icyphy/ptII/ptolemy/actor/lib/test/auto/ArrayUpdate2.xml
----------------- Instantiating /home/travis/build/icyphy/ptII/ptolemy/actor/lib/test/auto/ArrayUpdate2.xml
6 ms. Memory: 259072K Free: 152613K (59%)
----------------- Invoking toplevel() on ptolemy.moml.MoMLSimpleApplication@39f4bcfb
----------------- Done invoking toplevel() on ptolemy.moml.MoMLSimpleApplication@39f4bcfb
reloadAllAccessors: .ArrayUpdate2

===========================================================================================
----------------- testing Wed Jul 31 05:19:01 UTC 2019 /home/travis/build/icyphy/ptII/ptolemy/actor/lib/test/auto/ArrayUpdate3.xml
----------------- Instantiating /home/travis/build/icyphy/ptII/ptolemy/actor/lib/test/auto/ArrayUpdate3.xml
3 ms. Memory: 259072K Free: 148021K (57%)
----------------- Invoking toplevel() on ptolemy.moml.MoMLSimpleApplication@70b670e3
----------------- Done invoking toplevel() on ptolemy.moml.MoMLSimpleApplication@70b670e3
reloadAllAccessors: .ArrayUpdate3

===========================================================================================
----------------- testing Wed Jul 31 05:19:01 UTC 2019 /home/travis/build/icyphy/ptII/ptolemy/actor/lib/test/auto/Assert1.xml
----------------- Instantiating /home/travis/build/icyphy/ptII/ptolemy/actor/lib/test/auto/Assert1.xml
4 ms. Memory: 259072K Free: 143411K (55%)
----------------- Invoking toplevel() on ptolemy.moml.MoMLSimpleApplication@1c855b40
----------------- Done invoking toplevel() on ptolemy.moml.MoMLSimpleApplication@1c855b40
reloadAllAccessors: .Assert1

===========================================================================================
----------------- testing Wed Jul 31 05:19:01 UTC 2019 /home/travis/build/icyphy/ptII/ptolemy/actor/lib/test/auto/Assert2.xml
----------------- Instantiating /home/travis/build/icyphy/ptII/ptolemy/actor/lib/test/auto/Assert2.xml
2 ms. Memory: 259072K Free: 138291K (53%)
----------------- Invoking toplevel() on ptolemy.moml.MoMLSimpleApplication@57b571cb
----------------- Done invoking toplevel() on ptolemy.moml.MoMLSimpleApplication@57b571cb
reloadAllAccessors: .Assert2

===========================================================================================
----------------- testing Wed Jul 31 05:19:01 UTC 2019 /home/travis/build/icyphy/ptII/ptolemy/actor/lib/test/auto/BooleanMultiplexor.xml
----------------- Instantiating /home/travis/build/icyphy/ptII/ptolemy/actor/lib/test/auto/BooleanMultiplexor.xml
2 ms. Memory: 259072K Free: 132117K (51%)
----------------- Invoking toplevel() on ptolemy.moml.MoMLSimpleApplication@72ea99fe
----------------- Done invoking toplevel() on ptolemy.moml.MoMLSimpleApplication@72ea99fe
reloadAllAccessors: .BooleanMultiplexor

===========================================================================================
----------------- testing Wed Jul 31 05:19:01 UTC 2019 /home/travis/build/icyphy/ptII/ptolemy/actor/lib/test/auto/BooleanMultiplexor2.xml
----------------- Instantiating /home/travis/build/icyphy/ptII/ptolemy/actor/lib/test/auto/BooleanMultiplexor2.xml
11 ms. Memory: 259072K Free: 126003K (49%)
----------------- Invoking toplevel() on ptolemy.moml.MoMLSimpleApplication@68ff67ef
----------------- Done invoking toplevel() on ptolemy.moml.MoMLSimpleApplication@68ff67ef
reloadAllAccessors: .BooleanMultiplexor2

===========================================================================================
----------------- testing Wed Jul 31 05:19:01 UTC 2019 /home/travis/build/icyphy/ptII/ptolemy/actor/lib/test/auto/BooleanMultiplexor3.xml
----------------- Instantiating /home/travis/build/icyphy/ptII/ptolemy/actor/lib/test/auto/BooleanMultiplexor3.xml
5 ms. Memory: 259072K Free: 121907K (47%)
----------------- Invoking toplevel() on ptolemy.moml.MoMLSimpleApplication@74c3253b
----------------- Done invoking toplevel() on ptolemy.moml.MoMLSimpleApplication@74c3253b
reloadAllAccessors: .BooleanMultiplexor3

===========================================================================================
----------------- testing Wed Jul 31 05:19:01 UTC 2019 /home/travis/build/icyphy/ptII/ptolemy/actor/lib/test/auto/BooleanSelect.xml
----------------- Instantiating /home/travis/build/icyphy/ptII/ptolemy/actor/lib/test/auto/BooleanSelect.xml
9 ms. Memory: 259072K Free: 116277K (45%)
----------------- Invoking toplevel() on ptolemy.moml.MoMLSimpleApplication@6b955cf
----------------- Done invoking toplevel() on ptolemy.moml.MoMLSimpleApplication@6b955cf
reloadAllAccessors: .BooleanSelect

===========================================================================================
----------------- testing Wed Jul 31 05:19:01 UTC 2019 /home/travis/build/icyphy/ptII/ptolemy/actor/lib/test/auto/BooleanSelect2.xml
----------------- Instantiating /home/travis/build/icyphy/ptII/ptolemy/actor/lib/test/auto/BooleanSelect2.xml
1 ms. Memory: 259072K Free: 111667K (43%)
----------------- Invoking toplevel() on ptolemy.moml.MoMLSimpleApplication@10eb84a5
----------------- Done invoking toplevel() on ptolemy.moml.MoMLSimpleApplication@10eb84a5
reloadAllAccessors: .BooleanSelect2

===========================================================================================
----------------- testing Wed Jul 31 05:19:01 UTC 2019 /home/travis/build/icyphy/ptII/ptolemy/actor/lib/test/auto/BooleanSwitch.xml
----------------- Instantiating /home/travis/build/icyphy/ptII/ptolemy/actor/lib/test/auto/BooleanSwitch.xml
7 ms. Memory: 259072K Free: 105523K (41%)
----------------- Invoking toplevel() on ptolemy.moml.MoMLSimpleApplication@2a47b894
----------------- Done invoking toplevel() on ptolemy.moml.MoMLSimpleApplication@2a47b894
reloadAllAccessors: .BooleanSwitch

===========================================================================================
----------------- testing Wed Jul 31 05:19:01 UTC 2019 /home/travis/build/icyphy/ptII/ptolemy/actor/lib/test/auto/BooleanSwitch2.xml
----------------- Instantiating /home/travis/build/icyphy/ptII/ptolemy/actor/lib/test/auto/BooleanSwitch2.xml
2 ms. Memory: 259072K Free: 100917K (39%)
----------------- Invoking toplevel() on ptolemy.moml.MoMLSimpleApplication@5e679a2a
----------------- Done invoking toplevel() on ptolemy.moml.MoMLSimpleApplication@5e679a2a
reloadAllAccessors: .BooleanSwitch2

===========================================================================================
----------------- testing Wed Jul 31 05:19:01 UTC 2019 /home/travis/build/icyphy/ptII/ptolemy/actor/lib/test/auto/BooleanSwitchCloningBugWithClassRelationGroup.xml
----------------- Instantiating /home/travis/build/icyphy/ptII/ptolemy/actor/lib/test/auto/BooleanSwitchCloningBugWithClassRelationGroup.xml
3 ms. Memory: 259072K Free: 94259K (36%)
----------------- Invoking toplevel() on ptolemy.moml.MoMLSimpleApplication@320e5de2
----------------- Done invoking toplevel() on ptolemy.moml.MoMLSimpleApplication@320e5de2
reloadAllAccessors: .BooleanSwitchCloningBugWithClassRelationGroup

===========================================================================================
----------------- testing Wed Jul 31 05:19:01 UTC 2019 /home/travis/build/icyphy/ptII/ptolemy/actor/lib/test/auto/BusActors.xml
----------------- Instantiating /home/travis/build/icyphy/ptII/ptolemy/actor/lib/test/auto/BusActors.xml
7 ms. Memory: 259072K Free: 86581K (33%)
----------------- Invoking toplevel() on ptolemy.moml.MoMLSimpleApplication@57ffcd77
----------------- Done invoking toplevel() on ptolemy.moml.MoMLSimpleApplication@57ffcd77
reloadAllAccessors: .BusActors

===========================================================================================
----------------- testing Wed Jul 31 05:19:01 UTC 2019 /home/travis/build/icyphy/ptII/ptolemy/actor/lib/test/auto/ClassWrapper.xml
----------------- Instantiating /home/travis/build/icyphy/ptII/ptolemy/actor/lib/test/auto/ClassWrapper.xml
5 ms. Memory: 259072K Free: 81971K (32%)
----------------- Invoking toplevel() on ptolemy.moml.MoMLSimpleApplication@2dbf35a0
----------------- Done invoking toplevel() on ptolemy.moml.MoMLSimpleApplication@2dbf35a0
reloadAllAccessors: .ClassWrapper

===========================================================================================
----------------- testing Wed Jul 31 05:19:01 UTC 2019 /home/travis/build/icyphy/ptII/ptolemy/actor/lib/test/auto/Clock.xml
----------------- Instantiating /home/travis/build/icyphy/ptII/ptolemy/actor/lib/test/auto/Clock.xml
1 ms. Memory: 259072K Free: 78389K (30%)
----------------- Invoking toplevel() on ptolemy.moml.MoMLSimpleApplication@110fc6f3
----------------- Done invoking toplevel() on ptolemy.moml.MoMLSimpleApplication@110fc6f3
reloadAllAccessors: .Clock

===========================================================================================
----------------- testing Wed Jul 31 05:19:01 UTC 2019 /home/travis/build/icyphy/ptII/ptolemy/actor/lib/test/auto/Clock10.xml
----------------- Instantiating /home/travis/build/icyphy/ptII/ptolemy/actor/lib/test/auto/Clock10.xml
4 ms. Memory: 259072K Free: 72245K (28%)
----------------- Invoking toplevel() on ptolemy.moml.MoMLSimpleApplication@3da43e9f
----------------- Done invoking toplevel() on ptolemy.moml.MoMLSimpleApplication@3da43e9f
reloadAllAccessors: .Clock10

===========================================================================================
----------------- testing Wed Jul 31 05:19:01 UTC 2019 /home/travis/build/icyphy/ptII/ptolemy/actor/lib/test/auto/Clock11.xml
----------------- Instantiating /home/travis/build/icyphy/ptII/ptolemy/actor/lib/test/auto/Clock11.xml
5 ms. Memory: 259072K Free: 66611K (26%)
----------------- Invoking toplevel() on ptolemy.moml.MoMLSimpleApplication@5b5f19e2
----------------- Done invoking toplevel() on ptolemy.moml.MoMLSimpleApplication@5b5f19e2
reloadAllAccessors: .Clock11

===========================================================================================
----------------- testing Wed Jul 31 05:19:01 UTC 2019 /home/travis/build/icyphy/ptII/ptolemy/actor/lib/test/auto/Clock12.xml
----------------- Instantiating /home/travis/build/icyphy/ptII/ptolemy/actor/lib/test/auto/Clock12.xml
4 ms. Memory: 259072K Free: 60467K (23%)
----------------- Invoking toplevel() on ptolemy.moml.MoMLSimpleApplication@11013bfe
----------------- Done invoking toplevel() on ptolemy.moml.MoMLSimpleApplication@11013bfe
reloadAllAccessors: .Clock12

===========================================================================================
----------------- testing Wed Jul 31 05:19:01 UTC 2019 /home/travis/build/icyphy/ptII/ptolemy/actor/lib/test/auto/Clock13.xml
----------------- Instantiating /home/travis/build/icyphy/ptII/ptolemy/actor/lib/test/auto/Clock13.xml
8 ms. Memory: 259072K Free: 207328K (80%)
----------------- Invoking toplevel() on ptolemy.moml.MoMLSimpleApplication@575993a0
----------------- Done invoking toplevel() on ptolemy.moml.MoMLSimpleApplication@575993a0
reloadAllAccessors: .Clock13

===========================================================================================
----------------- testing Wed Jul 31 05:19:01 UTC 2019 /home/travis/build/icyphy/ptII/ptolemy/actor/lib/test/auto/Clock14.xml
----------------- Instantiating /home/travis/build/icyphy/ptII/ptolemy/actor/lib/test/auto/Clock14.xml
3 ms. Memory: 259072K Free: 201184K (78%)
----------------- Invoking toplevel() on ptolemy.moml.MoMLSimpleApplication@2f0a684d
----------------- Done invoking toplevel() on ptolemy.moml.MoMLSimpleApplication@2f0a684d
reloadAllAccessors: .Clock14

===========================================================================================
----------------- testing Wed Jul 31 05:19:02 UTC 2019 /home/travis/build/icyphy/ptII/ptolemy/actor/lib/test/auto/Clock15.xml
----------------- Instantiating /home/travis/build/icyphy/ptII/ptolemy/actor/lib/test/auto/Clock15.xml
2 ms. Memory: 259072K Free: 195544K (75%)
----------------- Invoking toplevel() on ptolemy.moml.MoMLSimpleApplication@3dc76b9
----------------- Done invoking toplevel() on ptolemy.moml.MoMLSimpleApplication@3dc76b9
reloadAllAccessors: .Clock15

===========================================================================================
----------------- testing Wed Jul 31 05:19:02 UTC 2019 /home/travis/build/icyphy/ptII/ptolemy/actor/lib/test/auto/Clock16.xml
----------------- Instantiating /home/travis/build/icyphy/ptII/ptolemy/actor/lib/test/auto/Clock16.xml
36 ms. Memory: 259072K Free: 180190K (70%)
----------------- Invoking toplevel() on ptolemy.moml.MoMLSimpleApplication@296204c5
----------------- Done invoking toplevel() on ptolemy.moml.MoMLSimpleApplication@296204c5
reloadAllAccessors: .Clock16

===========================================================================================
----------------- testing Wed Jul 31 05:19:02 UTC 2019 /home/travis/build/icyphy/ptII/ptolemy/actor/lib/test/auto/Clock17.xml
----------------- Instantiating /home/travis/build/icyphy/ptII/ptolemy/actor/lib/test/auto/Clock17.xml
17 ms. Memory: 259072K Free: 165840K (64%)
----------------- Invoking toplevel() on ptolemy.moml.MoMLSimpleApplication@537162c9
----------------- Done invoking toplevel() on ptolemy.moml.MoMLSimpleApplication@537162c9
reloadAllAccessors: .Clock17

===========================================================================================
----------------- testing Wed Jul 31 05:19:02 UTC 2019 /home/travis/build/icyphy/ptII/ptolemy/actor/lib/test/auto/Clock18.xml
----------------- Instantiating /home/travis/build/icyphy/ptII/ptolemy/actor/lib/test/auto/Clock18.xml
23 ms. Memory: 259072K Free: 153056K (59%)
----------------- Invoking toplevel() on ptolemy.moml.MoMLSimpleApplication@346549c1
----------------- Done invoking toplevel() on ptolemy.moml.MoMLSimpleApplication@346549c1
reloadAllAccessors: .Clock18

===========================================================================================
----------------- testing Wed Jul 31 05:19:02 UTC 2019 /home/travis/build/icyphy/ptII/ptolemy/actor/lib/test/auto/Clock19.xml
----------------- Instantiating /home/travis/build/icyphy/ptII/ptolemy/actor/lib/test/auto/Clock19.xml
12 ms. Memory: 259072K Free: 139744K (54%)
----------------- Invoking toplevel() on ptolemy.moml.MoMLSimpleApplication@1504f652
----------------- Done invoking toplevel() on ptolemy.moml.MoMLSimpleApplication@1504f652
reloadAllAccessors: .Clock19

===========================================================================================
----------------- testing Wed Jul 31 05:19:02 UTC 2019 /home/travis/build/icyphy/ptII/ptolemy/actor/lib/test/auto/Clock2.xml
----------------- Instantiating /home/travis/build/icyphy/ptII/ptolemy/actor/lib/test/auto/Clock2.xml
2 ms. Memory: 259072K Free: 135648K (52%)
----------------- Invoking toplevel() on ptolemy.moml.MoMLSimpleApplication@128b28eb
----------------- Done invoking toplevel() on ptolemy.moml.MoMLSimpleApplication@128b28eb
reloadAllAccessors: .Clock2

===========================================================================================
----------------- testing Wed Jul 31 05:19:02 UTC 2019 /home/travis/build/icyphy/ptII/ptolemy/actor/lib/test/auto/Clock20.xml
----------------- Instantiating /home/travis/build/icyphy/ptII/ptolemy/actor/lib/test/auto/Clock20.xml
8 ms. Memory: 259072K Free: 130014K (50%)
----------------- Invoking toplevel() on ptolemy.moml.MoMLSimpleApplication@1db3ec38
----------------- Done invoking toplevel() on ptolemy.moml.MoMLSimpleApplication@1db3ec38
reloadAllAccessors: .Clock20

===========================================================================================
----------------- testing Wed Jul 31 05:19:02 UTC 2019 /home/travis/build/icyphy/ptII/ptolemy/actor/lib/test/auto/Clock21.xml
----------------- Instantiating /home/travis/build/icyphy/ptII/ptolemy/actor/lib/test/auto/Clock21.xml
2 ms. Memory: 259072K Free: 124894K (48%)
----------------- Invoking toplevel() on ptolemy.moml.MoMLSimpleApplication@2d06074d
----------------- Done invoking toplevel() on ptolemy.moml.MoMLSimpleApplication@2d06074d
reloadAllAccessors: .Clock21

===========================================================================================
----------------- testing Wed Jul 31 05:19:02 UTC 2019 /home/travis/build/icyphy/ptII/ptolemy/actor/lib/test/auto/Clock22.xml
----------------- Instantiating /home/travis/build/icyphy/ptII/ptolemy/actor/lib/test/auto/Clock22.xml
3 ms. Memory: 259072K Free: 119264K (46%)
----------------- Invoking toplevel() on ptolemy.moml.MoMLSimpleApplication@6e4d9f32
----------------- Done invoking toplevel() on ptolemy.moml.MoMLSimpleApplication@6e4d9f32
reloadAllAccessors: .Clock22

===========================================================================================
----------------- testing Wed Jul 31 05:19:02 UTC 2019 /home/travis/build/icyphy/ptII/ptolemy/actor/lib/test/auto/Clock23.xml
----------------- Instantiating /home/travis/build/icyphy/ptII/ptolemy/actor/lib/test/auto/Clock23.xml
2 ms. Memory: 259072K Free: 114144K (44%)
----------------- Invoking toplevel() on ptolemy.moml.MoMLSimpleApplication@5a831ff7
----------------- Done invoking toplevel() on ptolemy.moml.MoMLSimpleApplication@5a831ff7
reloadAllAccessors: .Clock23

===========================================================================================
----------------- testing Wed Jul 31 05:19:02 UTC 2019 /home/travis/build/icyphy/ptII/ptolemy/actor/lib/test/auto/Clock24.xml
----------------- Instantiating /home/travis/build/icyphy/ptII/ptolemy/actor/lib/test/auto/Clock24.xml
6 ms. Memory: 259072K Free: 108510K (42%)
----------------- Invoking toplevel() on ptolemy.moml.MoMLSimpleApplication@3f341a6
----------------- Done invoking toplevel() on ptolemy.moml.MoMLSimpleApplication@3f341a6
reloadAllAccessors: .Clock24

===========================================================================================
----------------- testing Wed Jul 31 05:19:02 UTC 2019 /home/travis/build/icyphy/ptII/ptolemy/actor/lib/test/auto/Clock4.xml
----------------- Instantiating /home/travis/build/icyphy/ptII/ptolemy/actor/lib/test/auto/Clock4.xml
1 ms. Memory: 259072K Free: 103360K (40%)
----------------- Invoking toplevel() on ptolemy.moml.MoMLSimpleApplication@3804b591
----------------- Done invoking toplevel() on ptolemy.moml.MoMLSimpleApplication@3804b591
reloadAllAccessors: .Clock4

===========================================================================================
----------------- testing Wed Jul 31 05:19:02 UTC 2019 /home/travis/build/icyphy/ptII/ptolemy/actor/lib/test/auto/Clock5.xml
----------------- Instantiating /home/travis/build/icyphy/ptII/ptolemy/actor/lib/test/auto/Clock5.xml
2 ms. Memory: 259072K Free: 98264K (38%)
----------------- Invoking toplevel() on ptolemy.moml.MoMLSimpleApplication@559cc6c7
----------------- Done invoking toplevel() on ptolemy.moml.MoMLSimpleApplication@559cc6c7
reloadAllAccessors: .Clock5

===========================================================================================
----------------- testing Wed Jul 31 05:19:02 UTC 2019 /home/travis/build/icyphy/ptII/ptolemy/actor/lib/test/auto/Clock6.xml
----------------- Instantiating /home/travis/build/icyphy/ptII/ptolemy/actor/lib/test/auto/Clock6.xml
3 ms. Memory: 259072K Free: 93664K (36%)
----------------- Invoking toplevel() on ptolemy.moml.MoMLSimpleApplication@3988c686
----------------- Done invoking toplevel() on ptolemy.moml.MoMLSimpleApplication@3988c686
reloadAllAccessors: .Clock6

===========================================================================================
----------------- testing Wed Jul 31 05:19:02 UTC 2019 /home/travis/build/icyphy/ptII/ptolemy/actor/lib/test/auto/Clock7.xml
----------------- Instantiating /home/travis/build/icyphy/ptII/ptolemy/actor/lib/test/auto/Clock7.xml
3 ms. Memory: 259072K Free: 89054K (34%)
----------------- Invoking toplevel() on ptolemy.moml.MoMLSimpleApplication@7f1cf35f
----------------- Done invoking toplevel() on ptolemy.moml.MoMLSimpleApplication@7f1cf35f
reloadAllAccessors: .Clock7

===========================================================================================
----------------- testing Wed Jul 31 05:19:02 UTC 2019 /home/travis/build/icyphy/ptII/ptolemy/actor/lib/test/auto/Clock8.xml
----------------- Instantiating /home/travis/build/icyphy/ptII/ptolemy/actor/lib/test/auto/Clock8.xml
4 ms. Memory: 259072K Free: 83424K (32%)
----------------- Invoking toplevel() on ptolemy.moml.MoMLSimpleApplication@7ca1ef9f
----------------- Done invoking toplevel() on ptolemy.moml.MoMLSimpleApplication@7ca1ef9f
reloadAllAccessors: .Clock8

===========================================================================================
----------------- testing Wed Jul 31 05:19:02 UTC 2019 /home/travis/build/icyphy/ptII/ptolemy/actor/lib/test/auto/Clock9.xml
----------------- Instantiating /home/travis/build/icyphy/ptII/ptolemy/actor/lib/test/auto/Clock9.xml
3 ms. Memory: 259072K Free: 77776K (30%)
----------------- Invoking toplevel() on ptolemy.moml.MoMLSimpleApplication@15d4b484
----------------- Done invoking toplevel() on ptolemy.moml.MoMLSimpleApplication@15d4b484
reloadAllAccessors: .Clock9

===========================================================================================
----------------- testing Wed Jul 31 05:19:02 UTC 2019 /home/travis/build/icyphy/ptII/ptolemy/actor/lib/test/auto/CommDistDiscard.xml
----------------- Instantiating /home/travis/build/icyphy/ptII/ptolemy/actor/lib/test/auto/CommDistDiscard.xml
4 ms. Memory: 259072K Free: 72670K (28%)
----------------- Invoking toplevel() on ptolemy.moml.MoMLSimpleApplication@35fa52ec
----------------- Done invoking toplevel() on ptolemy.moml.MoMLSimpleApplication@35fa52ec
reloadAllAccessors: .CommDistDiscard

===========================================================================================
----------------- testing Wed Jul 31 05:19:02 UTC 2019 /home/travis/build/icyphy/ptII/ptolemy/actor/lib/test/auto/Commutator.xml
----------------- Instantiating /home/travis/build/icyphy/ptII/ptolemy/actor/lib/test/auto/Commutator.xml
2 ms. Memory: 259072K Free: 68064K (26%)
----------------- Invoking toplevel() on ptolemy.moml.MoMLSimpleApplication@1e8980b1
----------------- Done invoking toplevel() on ptolemy.moml.MoMLSimpleApplication@1e8980b1
reloadAllAccessors: .Commutator

===========================================================================================
----------------- testing Wed Jul 31 05:19:02 UTC 2019 /home/travis/build/icyphy/ptII/ptolemy/actor/lib/test/auto/Commutator2.xml
----------------- Instantiating /home/travis/build/icyphy/ptII/ptolemy/actor/lib/test/auto/Commutator2.xml
2 ms. Memory: 259072K Free: 63968K (25%)
----------------- Invoking toplevel() on ptolemy.moml.MoMLSimpleApplication@701ec560
----------------- Done invoking toplevel() on ptolemy.moml.MoMLSimpleApplication@701ec560
reloadAllAccessors: .Commutator2

===========================================================================================
----------------- testing Wed Jul 31 05:19:02 UTC 2019 /home/travis/build/icyphy/ptII/ptolemy/actor/lib/test/auto/Commutator3.xml
----------------- Instantiating /home/travis/build/icyphy/ptII/ptolemy/actor/lib/test/auto/Commutator3.xml
20 ms. Memory: 443392K Free: 396254K (89%)
----------------- Invoking toplevel() on ptolemy.moml.MoMLSimpleApplication@184bdd5c
----------------- Done invoking toplevel() on ptolemy.moml.MoMLSimpleApplication@184bdd5c
reloadAllAccessors: .Commutator3

===========================================================================================
----------------- testing Wed Jul 31 05:19:02 UTC 2019 /home/travis/build/icyphy/ptII/ptolemy/actor/lib/test/auto/Compare.xml
----------------- Instantiating /home/travis/build/icyphy/ptII/ptolemy/actor/lib/test/auto/Compare.xml
2 ms. Memory: 443392K Free: 389086K (88%)
----------------- Invoking toplevel() on ptolemy.moml.MoMLSimpleApplication@2e1309b5
----------------- Done invoking toplevel() on ptolemy.moml.MoMLSimpleApplication@2e1309b5
reloadAllAccessors: .Compare

===========================================================================================
----------------- testing Wed Jul 31 05:19:02 UTC 2019 /home/travis/build/icyphy/ptII/ptolemy/actor/lib/test/auto/CompareDE.xml
----------------- Instantiating /home/travis/build/icyphy/ptII/ptolemy/actor/lib/test/auto/CompareDE.xml
14 ms. Memory: 443392K Free: 381904K (86%)
----------------- Invoking toplevel() on ptolemy.moml.MoMLSimpleApplication@f5fb0eb
----------------- Done invoking toplevel() on ptolemy.moml.MoMLSimpleApplication@f5fb0eb
reloadAllAccessors: .CompareDE

===========================================================================================
----------------- testing Wed Jul 31 05:19:02 UTC 2019 /home/travis/build/icyphy/ptII/ptolemy/actor/lib/test/auto/ComplexDivide.xml
----------------- Instantiating /home/travis/build/icyphy/ptII/ptolemy/actor/lib/test/auto/ComplexDivide.xml
2 ms. Memory: 443392K Free: 378336K (85%)
----------------- Invoking toplevel() on ptolemy.moml.MoMLSimpleApplication@20c239ab
----------------- Done invoking toplevel() on ptolemy.moml.MoMLSimpleApplication@20c239ab
reloadAllAccessors: .ComplexDivide

===========================================================================================
----------------- testing Wed Jul 31 05:19:02 UTC 2019 /home/travis/build/icyphy/ptII/ptolemy/actor/lib/test/auto/ComputeHistogram.xml
----------------- Instantiating /home/travis/build/icyphy/ptII/ptolemy/actor/lib/test/auto/ComputeHistogram.xml
25 ms. Memory: 443392K Free: 365534K (82%)
----------------- Invoking toplevel() on ptolemy.moml.MoMLSimpleApplication@58f3958a
----------------- Done invoking toplevel() on ptolemy.moml.MoMLSimpleApplication@58f3958a
reloadAllAccessors: .ComputeHistogram

===========================================================================================
----------------- testing Wed Jul 31 05:19:02 UTC 2019 /home/travis/build/icyphy/ptII/ptolemy/actor/lib/test/auto/ConfigurationSelect.xml
----------------- Instantiating /home/travis/build/icyphy/ptII/ptolemy/actor/lib/test/auto/ConfigurationSelect.xml
3 ms. Memory: 443392K Free: 360400K (81%)
----------------- Invoking toplevel() on ptolemy.moml.MoMLSimpleApplication@4a67ffe7
----------------- Done invoking toplevel() on ptolemy.moml.MoMLSimpleApplication@4a67ffe7
reloadAllAccessors: .ConfigurationSelect

===========================================================================================
----------------- testing Wed Jul 31 05:19:02 UTC 2019 /home/travis/build/icyphy/ptII/ptolemy/actor/lib/test/auto/ConfigurationSelect2.xml
----------------- Instantiating /home/travis/build/icyphy/ptII/ptolemy/actor/lib/test/auto/ConfigurationSelect2.xml
3 ms. Memory: 443392K Free: 355808K (80%)
----------------- Invoking toplevel() on ptolemy.moml.MoMLSimpleApplication@577c3574
----------------- Done invoking toplevel() on ptolemy.moml.MoMLSimpleApplication@577c3574
reloadAllAccessors: .ConfigurationSelect2

===========================================================================================
----------------- testing Wed Jul 31 05:19:02 UTC 2019 /home/travis/build/icyphy/ptII/ptolemy/actor/lib/test/auto/ConfigurationSwitch.xml
----------------- Instantiating /home/travis/build/icyphy/ptII/ptolemy/actor/lib/test/auto/ConfigurationSwitch.xml
2 ms. Memory: 443392K Free: 350174K (79%)
----------------- Invoking toplevel() on ptolemy.moml.MoMLSimpleApplication@55a7a7c4
----------------- Done invoking toplevel() on ptolemy.moml.MoMLSimpleApplication@55a7a7c4
reloadAllAccessors: .ConfigurationSwitch

===========================================================================================
----------------- testing Wed Jul 31 05:19:02 UTC 2019 /home/travis/build/icyphy/ptII/ptolemy/actor/lib/test/auto/ConfigurationSwitch2.xml
----------------- Instantiating /home/travis/build/icyphy/ptII/ptolemy/actor/lib/test/auto/ConfigurationSwitch2.xml
4 ms. Memory: 443392K Free: 345054K (78%)
----------------- Invoking toplevel() on ptolemy.moml.MoMLSimpleApplication@11aaf3b9
----------------- Done invoking toplevel() on ptolemy.moml.MoMLSimpleApplication@11aaf3b9
reloadAllAccessors: .ConfigurationSwitch2

===========================================================================================
----------------- testing Wed Jul 31 05:19:02 UTC 2019 /home/travis/build/icyphy/ptII/ptolemy/actor/lib/test/auto/ConfigurationSwitchCloningBugWithClassRelationGroup.xml
----------------- Instantiating /home/travis/build/icyphy/ptII/ptolemy/actor/lib/test/auto/ConfigurationSwitchCloningBugWithClassRelationGroup.xml
1 ms. Memory: 443392K Free: 338400K (76%)
----------------- Invoking toplevel() on ptolemy.moml.MoMLSimpleApplication@75cc8f11
----------------- Done invoking toplevel() on ptolemy.moml.MoMLSimpleApplication@75cc8f11
reloadAllAccessors: .ConfigurationSwitchCloningBugWithClassRelationGroup

===========================================================================================
----------------- testing Wed Jul 31 05:19:03 UTC 2019 /home/travis/build/icyphy/ptII/ptolemy/actor/lib/test/auto/ConfigurationSwitchSelectSDF.xml
----------------- Instantiating /home/travis/build/icyphy/ptII/ptolemy/actor/lib/test/auto/ConfigurationSwitchSelectSDF.xml
3 ms. Memory: 443392K Free: 332256K (75%)
----------------- Invoking toplevel() on ptolemy.moml.MoMLSimpleApplication@1c1f2207
----------------- Done invoking toplevel() on ptolemy.moml.MoMLSimpleApplication@1c1f2207
reloadAllAccessors: .ConfigurationSwitchSelectSDF

===========================================================================================
----------------- testing Wed Jul 31 05:19:03 UTC 2019 /home/travis/build/icyphy/ptII/ptolemy/actor/lib/test/auto/ConfigurationSwitchSelectSDF2.xml
----------------- Instantiating /home/travis/build/icyphy/ptII/ptolemy/actor/lib/test/auto/ConfigurationSwitchSelectSDF2.xml
2 ms. Memory: 443392K Free: 326622K (74%)
----------------- Invoking toplevel() on ptolemy.moml.MoMLSimpleApplication@7c91fc26
----------------- Done invoking toplevel() on ptolemy.moml.MoMLSimpleApplication@7c91fc26
reloadAllAccessors: .ConfigurationSwitchSelectSDF2

===========================================================================================
----------------- testing Wed Jul 31 05:19:03 UTC 2019 /home/travis/build/icyphy/ptII/ptolemy/actor/lib/test/auto/Const.xml
----------------- Instantiating /home/travis/build/icyphy/ptII/ptolemy/actor/lib/test/auto/Const.xml
2 ms. Memory: 443392K Free: 323040K (73%)
----------------- Invoking toplevel() on ptolemy.moml.MoMLSimpleApplication@31c53f38
----------------- Done invoking toplevel() on ptolemy.moml.MoMLSimpleApplication@31c53f38
reloadAllAccessors: .Const

===========================================================================================
----------------- testing Wed Jul 31 05:19:03 UTC 2019 /home/travis/build/icyphy/ptII/ptolemy/actor/lib/test/auto/Const2.xml
----------------- Instantiating /home/travis/build/icyphy/ptII/ptolemy/actor/lib/test/auto/Const2.xml
2 ms. Memory: 443392K Free: 319454K (72%)
----------------- Invoking toplevel() on ptolemy.moml.MoMLSimpleApplication@22cbf7dc
----------------- Done invoking toplevel() on ptolemy.moml.MoMLSimpleApplication@22cbf7dc
reloadAllAccessors: .Const2

===========================================================================================
----------------- testing Wed Jul 31 05:19:03 UTC 2019 /home/travis/build/icyphy/ptII/ptolemy/actor/lib/test/auto/Const3.xml
----------------- Instantiating /home/travis/build/icyphy/ptII/ptolemy/actor/lib/test/auto/Const3.xml
1 ms. Memory: 443392K Free: 316382K (71%)
----------------- Invoking toplevel() on ptolemy.moml.MoMLSimpleApplication@a6523b4
----------------- Done invoking toplevel() on ptolemy.moml.MoMLSimpleApplication@a6523b4
reloadAllAccessors: .Const3

===========================================================================================
----------------- testing Wed Jul 31 05:19:03 UTC 2019 /home/travis/build/icyphy/ptII/ptolemy/actor/lib/test/auto/ConstantPublisherPort1.xml
----------------- Instantiating /home/travis/build/icyphy/ptII/ptolemy/actor/lib/test/auto/ConstantPublisherPort1.xml
9 ms. Memory: 443392K Free: 307680K (69%)
----------------- Invoking toplevel() on ptolemy.moml.MoMLSimpleApplication@8ef8a73
----------------- Done invoking toplevel() on ptolemy.moml.MoMLSimpleApplication@8ef8a73
reloadAllAccessors: .ConstantPublisherPort1

===========================================================================================
----------------- testing Wed Jul 31 05:19:03 UTC 2019 /home/travis/build/icyphy/ptII/ptolemy/actor/lib/test/auto/ConstantPublisherPort2.xml
----------------- Instantiating /home/travis/build/icyphy/ptII/ptolemy/actor/lib/test/auto/ConstantPublisherPort2.xml
13 ms. Memory: 443392K Free: 299998K (68%)
----------------- Invoking toplevel() on ptolemy.moml.MoMLSimpleApplication@7793fce5
----------------- Done invoking toplevel() on ptolemy.moml.MoMLSimpleApplication@7793fce5
reloadAllAccessors: .ConstantPublisherPort2

===========================================================================================
----------------- testing Wed Jul 31 05:19:03 UTC 2019 /home/travis/build/icyphy/ptII/ptolemy/actor/lib/test/auto/ConstantPublisherPort3.xml
----------------- Instantiating /home/travis/build/icyphy/ptII/ptolemy/actor/lib/test/auto/ConstantPublisherPort3.xml
7 ms. Memory: 443392K Free: 292320K (66%)
----------------- Invoking toplevel() on ptolemy.moml.MoMLSimpleApplication@2fd9d70b
----------------- Done invoking toplevel() on ptolemy.moml.MoMLSimpleApplication@2fd9d70b
reloadAllAccessors: .ConstantPublisherPort3

===========================================================================================
----------------- testing Wed Jul 31 05:19:03 UTC 2019 /home/travis/build/icyphy/ptII/ptolemy/actor/lib/test/auto/ConstantPublisherPort4.xml
----------------- Instantiating /home/travis/build/icyphy/ptII/ptolemy/actor/lib/test/auto/ConstantPublisherPort4.xml
3 ms. Memory: 443392K Free: 285152K (64%)
----------------- Invoking toplevel() on ptolemy.moml.MoMLSimpleApplication@44ff055
----------------- Done invoking toplevel() on ptolemy.moml.MoMLSimpleApplication@44ff055
reloadAllAccessors: .ConstantPublisherPort4

===========================================================================================
----------------- testing Wed Jul 31 05:19:03 UTC 2019 /home/travis/build/icyphy/ptII/ptolemy/actor/lib/test/auto/ConstantPublisherPort5.xml
----------------- Instantiating /home/travis/build/icyphy/ptII/ptolemy/actor/lib/test/auto/ConstantPublisherPort5.xml
37 ms. Memory: 443392K Free: 275936K (62%)
----------------- Invoking toplevel() on ptolemy.moml.MoMLSimpleApplication@1153900d
----------------- Done invoking toplevel() on ptolemy.moml.MoMLSimpleApplication@1153900d
reloadAllAccessors: .ConstantPublisherPort5

===========================================================================================
----------------- testing Wed Jul 31 05:19:03 UTC 2019 /home/travis/build/icyphy/ptII/ptolemy/actor/lib/test/auto/ConstantPublisherPort6.xml
----------------- Instantiating /home/travis/build/icyphy/ptII/ptolemy/actor/lib/test/auto/ConstantPublisherPort6.xml
17 ms. Memory: 443392K Free: 266720K (60%)
----------------- Invoking toplevel() on ptolemy.moml.MoMLSimpleApplication@75fc32f8
----------------- Done invoking toplevel() on ptolemy.moml.MoMLSimpleApplication@75fc32f8
reloadAllAccessors: .ConstantPublisherPort6

===========================================================================================
----------------- testing Wed Jul 31 05:19:03 UTC 2019 /home/travis/build/icyphy/ptII/ptolemy/actor/lib/test/auto/ConstantPublisherPort7.xml
----------------- Instantiating /home/travis/build/icyphy/ptII/ptolemy/actor/lib/test/auto/ConstantPublisherPort7.xml
11 ms. Memory: 443392K Free: 257504K (58%)
----------------- Invoking toplevel() on ptolemy.moml.MoMLSimpleApplication@347d586f
----------------- Done invoking toplevel() on ptolemy.moml.MoMLSimpleApplication@347d586f
reloadAllAccessors: .ConstantPublisherPort7

===========================================================================================
----------------- testing Wed Jul 31 05:19:03 UTC 2019 /home/travis/build/icyphy/ptII/ptolemy/actor/lib/test/auto/ConstraintMonitor1.xml
----------------- Instantiating /home/travis/build/icyphy/ptII/ptolemy/actor/lib/test/auto/ConstraintMonitor1.xml
6 ms. Memory: 443392K Free: 252894K (57%)
----------------- Invoking toplevel() on ptolemy.moml.MoMLSimpleApplication@7609818b
----------------- Done invoking toplevel() on ptolemy.moml.MoMLSimpleApplication@7609818b
reloadAllAccessors: .ConstraintMonitor1

===========================================================================================
----------------- testing Wed Jul 31 05:19:03 UTC 2019 /home/travis/build/icyphy/ptII/ptolemy/actor/lib/test/auto/ConstraintMonitor2.xml
----------------- Instantiating /home/travis/build/icyphy/ptII/ptolemy/actor/lib/test/auto/ConstraintMonitor2.xml
3 ms. Memory: 443392K Free: 248288K (56%)
----------------- Invoking toplevel() on ptolemy.moml.MoMLSimpleApplication@5d9617d2
----------------- Done invoking toplevel() on ptolemy.moml.MoMLSimpleApplication@5d9617d2
reloadAllAccessors: .ConstraintMonitor2

===========================================================================================
----------------- testing Wed Jul 31 05:19:03 UTC 2019 /home/travis/build/icyphy/ptII/ptolemy/actor/lib/test/auto/ConstraintMonitor3.xml
----------------- Instantiating /home/travis/build/icyphy/ptII/ptolemy/actor/lib/test/auto/ConstraintMonitor3.xml
3 ms. Memory: 443392K Free: 243678K (55%)
----------------- Invoking toplevel() on ptolemy.moml.MoMLSimpleApplication@44a7177b
----------------- Done invoking toplevel() on ptolemy.moml.MoMLSimpleApplication@44a7177b
reloadAllAccessors: .ConstraintMonitor3

===========================================================================================
----------------- testing Wed Jul 31 05:19:03 UTC 2019 /home/travis/build/icyphy/ptII/ptolemy/actor/lib/test/auto/ConstraintMonitor4.xml
----------------- Instantiating /home/travis/build/icyphy/ptII/ptolemy/actor/lib/test/auto/ConstraintMonitor4.xml
2 ms. Memory: 443392K Free: 239072K (54%)
----------------- Invoking toplevel() on ptolemy.moml.MoMLSimpleApplication@3da78c33
----------------- Done invoking toplevel() on ptolemy.moml.MoMLSimpleApplication@3da78c33
reloadAllAccessors: .ConstraintMonitor4

===========================================================================================
----------------- testing Wed Jul 31 05:19:03 UTC 2019 /home/travis/build/icyphy/ptII/ptolemy/actor/lib/test/auto/ConstraintMonitor5.xml
----------------- Instantiating /home/travis/build/icyphy/ptII/ptolemy/actor/lib/test/auto/ConstraintMonitor5.xml
5 ms. Memory: 443392K Free: 233952K (53%)
----------------- Invoking toplevel() on ptolemy.moml.MoMLSimpleApplication@e1ee999
----------------- Done invoking toplevel() on ptolemy.moml.MoMLSimpleApplication@e1ee999
reloadAllAccessors: .ConstraintMonitor5

===========================================================================================
----------------- testing Wed Jul 31 05:19:03 UTC 2019 /home/travis/build/icyphy/ptII/ptolemy/actor/lib/test/auto/ConstraintMonitor6.xml
----------------- Instantiating /home/travis/build/icyphy/ptII/ptolemy/actor/lib/test/auto/ConstraintMonitor6.xml
4 ms. Memory: 443392K Free: 227280K (51%)
----------------- Invoking toplevel() on ptolemy.moml.MoMLSimpleApplication@1d54dba9
----------------- Done invoking toplevel() on ptolemy.moml.MoMLSimpleApplication@1d54dba9
reloadAllAccessors: .ConstraintMonitor6

===========================================================================================
----------------- testing Wed Jul 31 05:19:03 UTC 2019 /home/travis/build/icyphy/ptII/ptolemy/actor/lib/test/auto/ConstraintMonitor7.xml
----------------- Instantiating /home/travis/build/icyphy/ptII/ptolemy/actor/lib/test/auto/ConstraintMonitor7.xml
10 ms. Memory: 443392K Free: 221136K (50%)
----------------- Invoking toplevel() on ptolemy.moml.MoMLSimpleApplication@2bf413e4
----------------- Done invoking toplevel() on ptolemy.moml.MoMLSimpleApplication@2bf413e4
reloadAllAccessors: .ConstraintMonitor7

===========================================================================================
----------------- testing Wed Jul 31 05:19:03 UTC 2019 /home/travis/build/icyphy/ptII/ptolemy/actor/lib/test/auto/ConstraintMonitor8.xml
----------------- Instantiating /home/travis/build/icyphy/ptII/ptolemy/actor/lib/test/auto/ConstraintMonitor8.xml
5 ms. Memory: 443392K Free: 213472K (48%)
----------------- Invoking toplevel() on ptolemy.moml.MoMLSimpleApplication@7e873ab3
----------------- Done invoking toplevel() on ptolemy.moml.MoMLSimpleApplication@7e873ab3
reloadAllAccessors: .ConstraintMonitor8

===========================================================================================
----------------- testing Wed Jul 31 05:19:03 UTC 2019 /home/travis/build/icyphy/ptII/ptolemy/actor/lib/test/auto/Counter.xml
----------------- Instantiating /home/travis/build/icyphy/ptII/ptolemy/actor/lib/test/auto/Counter.xml
3 ms. Memory: 443392K Free: 208352K (47%)
----------------- Invoking toplevel() on ptolemy.moml.MoMLSimpleApplication@21eb49ed
----------------- Done invoking toplevel() on ptolemy.moml.MoMLSimpleApplication@21eb49ed
reloadAllAccessors: .Counter

===========================================================================================
----------------- testing Wed Jul 31 05:19:03 UTC 2019 /home/travis/build/icyphy/ptII/ptolemy/actor/lib/test/auto/CurrentTimeSDF.xml
----------------- Instantiating /home/travis/build/icyphy/ptII/ptolemy/actor/lib/test/auto/CurrentTimeSDF.xml
1 ms. Memory: 443392K Free: 204256K (46%)
----------------- Invoking toplevel() on ptolemy.moml.MoMLSimpleApplication@24d1709
----------------- Done invoking toplevel() on ptolemy.moml.MoMLSimpleApplication@24d1709
reloadAllAccessors: .CurrentTimeSDF

===========================================================================================
----------------- testing Wed Jul 31 05:19:03 UTC 2019 /home/travis/build/icyphy/ptII/ptolemy/actor/lib/test/auto/DB.xml
----------------- Instantiating /home/travis/build/icyphy/ptII/ptolemy/actor/lib/test/auto/DB.xml
3 ms. Memory: 443392K Free: 199646K (45%)
----------------- Invoking toplevel() on ptolemy.moml.MoMLSimpleApplication@5e907f18
----------------- Done invoking toplevel() on ptolemy.moml.MoMLSimpleApplication@5e907f18
reloadAllAccessors: .DB

===========================================================================================
----------------- testing Wed Jul 31 05:19:03 UTC 2019 /home/travis/build/icyphy/ptII/ptolemy/actor/lib/test/auto/DBDE.xml
----------------- Instantiating /home/travis/build/icyphy/ptII/ptolemy/actor/lib/test/auto/DBDE.xml
3 ms. Memory: 443392K Free: 193488K (44%)
----------------- Invoking toplevel() on ptolemy.moml.MoMLSimpleApplication@48c63147
----------------- Done invoking toplevel() on ptolemy.moml.MoMLSimpleApplication@48c63147
reloadAllAccessors: .DBDE

===========================================================================================
----------------- testing Wed Jul 31 05:19:03 UTC 2019 /home/travis/build/icyphy/ptII/ptolemy/actor/lib/test/auto/DateConstructor.xml
----------------- Instantiating /home/travis/build/icyphy/ptII/ptolemy/actor/lib/test/auto/DateConstructor.xml
28 ms. Memory: 443392K Free: 176094K (40%)
----------------- Invoking toplevel() on ptolemy.moml.MoMLSimpleApplication@361a6912
----------------- Done invoking toplevel() on ptolemy.moml.MoMLSimpleApplication@361a6912
reloadAllAccessors: .DateConstructor

===========================================================================================
----------------- testing Wed Jul 31 05:19:03 UTC 2019 /home/travis/build/icyphy/ptII/ptolemy/actor/lib/test/auto/DelayTime.xml
----------------- Instantiating /home/travis/build/icyphy/ptII/ptolemy/actor/lib/test/auto/DelayTime.xml
7 ms. Memory: 443392K Free: 393332K (89%)
----------------- Invoking toplevel() on ptolemy.moml.MoMLSimpleApplication@43398a28
----------------- Done invoking toplevel() on ptolemy.moml.MoMLSimpleApplication@43398a28
reloadAllAccessors: .DelayTime

===========================================================================================
----------------- testing Wed Jul 31 05:19:03 UTC 2019 /home/travis/build/icyphy/ptII/ptolemy/actor/lib/test/auto/Dictionary1.xml
----------------- Instantiating /home/travis/build/icyphy/ptII/ptolemy/actor/lib/test/auto/Dictionary1.xml
2 ms. Memory: 443392K Free: 387698K (87%)
----------------- Invoking toplevel() on ptolemy.moml.MoMLSimpleApplication@3f93f4b1
----------------- Done invoking toplevel() on ptolemy.moml.MoMLSimpleApplication@3f93f4b1
reloadAllAccessors: .Dictionary1

===========================================================================================
----------------- testing Wed Jul 31 05:19:03 UTC 2019 /home/travis/build/icyphy/ptII/ptolemy/actor/lib/test/auto/Dictionary2.xml
----------------- Instantiating /home/travis/build/icyphy/ptII/ptolemy/actor/lib/test/auto/Dictionary2.xml
5 ms. Memory: 443392K Free: 382068K (86%)
----------------- Invoking toplevel() on ptolemy.moml.MoMLSimpleApplication@10d3b90b
----------------- Done invoking toplevel() on ptolemy.moml.MoMLSimpleApplication@10d3b90b
reloadAllAccessors: .Dictionary2

===========================================================================================
----------------- testing Wed Jul 31 05:19:03 UTC 2019 /home/travis/build/icyphy/ptII/ptolemy/actor/lib/test/auto/Dictionary3.xml
----------------- Instantiating /home/travis/build/icyphy/ptII/ptolemy/actor/lib/test/auto/Dictionary3.xml
2 ms. Memory: 443392K Free: 376434K (85%)
----------------- Invoking toplevel() on ptolemy.moml.MoMLSimpleApplication@7cd1a0
----------------- Done invoking toplevel() on ptolemy.moml.MoMLSimpleApplication@7cd1a0
reloadAllAccessors: .Dictionary3

===========================================================================================
----------------- testing Wed Jul 31 05:19:03 UTC 2019 /home/travis/build/icyphy/ptII/ptolemy/actor/lib/test/auto/Dictionary4.xml
----------------- Instantiating /home/travis/build/icyphy/ptII/ptolemy/actor/lib/test/auto/Dictionary4.xml
3 ms. Memory: 443392K Free: 369780K (83%)
----------------- Invoking toplevel() on ptolemy.moml.MoMLSimpleApplication@2eabd76f
----------------- Done invoking toplevel() on ptolemy.moml.MoMLSimpleApplication@2eabd76f
reloadAllAccessors: .Dictionary4

===========================================================================================
----------------- testing Wed Jul 31 05:19:04 UTC 2019 /home/travis/build/icyphy/ptII/ptolemy/actor/lib/test/auto/Differential.xml
----------------- Instantiating /home/travis/build/icyphy/ptII/ptolemy/actor/lib/test/auto/Differential.xml
2 ms. Memory: 443392K Free: 365170K (82%)
----------------- Invoking toplevel() on ptolemy.moml.MoMLSimpleApplication@63634682
----------------- Done invoking toplevel() on ptolemy.moml.MoMLSimpleApplication@63634682
reloadAllAccessors: .Differential

===========================================================================================
----------------- testing Wed Jul 31 05:19:04 UTC 2019 /home/travis/build/icyphy/ptII/ptolemy/actor/lib/test/auto/Director.xml
----------------- Instantiating /home/travis/build/icyphy/ptII/ptolemy/actor/lib/test/auto/Director.xml
4 ms. Memory: 443392K Free: 361588K (82%)
----------------- Invoking toplevel() on ptolemy.moml.MoMLSimpleApplication@490476f3
----------------- Done invoking toplevel() on ptolemy.moml.MoMLSimpleApplication@490476f3
reloadAllAccessors: .Director

===========================================================================================
----------------- testing Wed Jul 31 05:19:04 UTC 2019 /home/travis/build/icyphy/ptII/ptolemy/actor/lib/test/auto/DiscreteClock.xml
----------------- Instantiating /home/travis/build/icyphy/ptII/ptolemy/actor/lib/test/auto/DiscreteClock.xml
3 ms. Memory: 443392K Free: 358002K (81%)
----------------- Invoking toplevel() on ptolemy.moml.MoMLSimpleApplication@7f6f1c99
----------------- Done invoking toplevel() on ptolemy.moml.MoMLSimpleApplication@7f6f1c99
reloadAllAccessors: .DiscreteClock

===========================================================================================
----------------- testing Wed Jul 31 05:19:04 UTC 2019 /home/travis/build/icyphy/ptII/ptolemy/actor/lib/test/auto/DiscreteClock10.xml
----------------- Instantiating /home/travis/build/icyphy/ptII/ptolemy/actor/lib/test/auto/DiscreteClock10.xml
7 ms. Memory: 443392K Free: 351858K (79%)
----------------- Invoking toplevel() on ptolemy.moml.MoMLSimpleApplication@5f58f6b3
----------------- Done invoking toplevel() on ptolemy.moml.MoMLSimpleApplication@5f58f6b3
reloadAllAccessors: .DiscreteClock10

===========================================================================================
----------------- testing Wed Jul 31 05:19:04 UTC 2019 /home/travis/build/icyphy/ptII/ptolemy/actor/lib/test/auto/DiscreteClock11.xml
----------------- Instantiating /home/travis/build/icyphy/ptII/ptolemy/actor/lib/test/auto/DiscreteClock11.xml
2 ms. Memory: 443392K Free: 345714K (78%)
----------------- Invoking toplevel() on ptolemy.moml.MoMLSimpleApplication@30a45350
----------------- Done invoking toplevel() on ptolemy.moml.MoMLSimpleApplication@30a45350
reloadAllAccessors: .DiscreteClock11

===========================================================================================
----------------- testing Wed Jul 31 05:19:04 UTC 2019 /home/travis/build/icyphy/ptII/ptolemy/actor/lib/test/auto/DiscreteClock12.xml
----------------- Instantiating /home/travis/build/icyphy/ptII/ptolemy/actor/lib/test/auto/DiscreteClock12.xml
3 ms. Memory: 443392K Free: 339570K (77%)
----------------- Invoking toplevel() on ptolemy.moml.MoMLSimpleApplication@6bc13440
----------------- Done invoking toplevel() on ptolemy.moml.MoMLSimpleApplication@6bc13440
reloadAllAccessors: .DiscreteClock12

===========================================================================================
----------------- testing Wed Jul 31 05:19:04 UTC 2019 /home/travis/build/icyphy/ptII/ptolemy/actor/lib/test/auto/DiscreteClock13.xml
----------------- Instantiating /home/travis/build/icyphy/ptII/ptolemy/actor/lib/test/auto/DiscreteClock13.xml
5 ms. Memory: 443392K Free: 333940K (75%)
----------------- Invoking toplevel() on ptolemy.moml.MoMLSimpleApplication@15829aa3
----------------- Done invoking toplevel() on ptolemy.moml.MoMLSimpleApplication@15829aa3
reloadAllAccessors: .DiscreteClock13

===========================================================================================
----------------- testing Wed Jul 31 05:19:04 UTC 2019 /home/travis/build/icyphy/ptII/ptolemy/actor/lib/test/auto/DiscreteClock14.xml
----------------- Instantiating /home/travis/build/icyphy/ptII/ptolemy/actor/lib/test/auto/DiscreteClock14.xml
7 ms. Memory: 443392K Free: 327796K (74%)
----------------- Invoking toplevel() on ptolemy.moml.MoMLSimpleApplication@73e2cc3b
----------------- Done invoking toplevel() on ptolemy.moml.MoMLSimpleApplication@73e2cc3b
reloadAllAccessors: .DiscreteClock14

===========================================================================================
----------------- testing Wed Jul 31 05:19:04 UTC 2019 /home/travis/build/icyphy/ptII/ptolemy/actor/lib/test/auto/DiscreteClock15.xml
----------------- Instantiating /home/travis/build/icyphy/ptII/ptolemy/actor/lib/test/auto/DiscreteClock15.xml
3 ms. Memory: 443392K Free: 321652K (73%)
----------------- Invoking toplevel() on ptolemy.moml.MoMLSimpleApplication@4ed12cc
----------------- Done invoking toplevel() on ptolemy.moml.MoMLSimpleApplication@4ed12cc
reloadAllAccessors: .DiscreteClock15

===========================================================================================
----------------- testing Wed Jul 31 05:19:04 UTC 2019 /home/travis/build/icyphy/ptII/ptolemy/actor/lib/test/auto/DiscreteClock16.xml
----------------- Instantiating /home/travis/build/icyphy/ptII/ptolemy/actor/lib/test/auto/DiscreteClock16.xml
20 ms. Memory: 443392K Free: 307812K (69%)
----------------- Invoking toplevel() on ptolemy.moml.MoMLSimpleApplication@15cdc38a
----------------- Done invoking toplevel() on ptolemy.moml.MoMLSimpleApplication@15cdc38a
reloadAllAccessors: .DiscreteClock16

===========================================================================================
----------------- testing Wed Jul 31 05:19:04 UTC 2019 /home/travis/build/icyphy/ptII/ptolemy/actor/lib/test/auto/DiscreteClock17.xml
----------------- Instantiating /home/travis/build/icyphy/ptII/ptolemy/actor/lib/test/auto/DiscreteClock17.xml
19 ms. Memory: 443392K Free: 293484K (66%)
----------------- Invoking toplevel() on ptolemy.moml.MoMLSimpleApplication@2b277fe4
----------------- Done invoking toplevel() on ptolemy.moml.MoMLSimpleApplication@2b277fe4
reloadAllAccessors: .DiscreteClock17

===========================================================================================
----------------- testing Wed Jul 31 05:19:04 UTC 2019 /home/travis/build/icyphy/ptII/ptolemy/actor/lib/test/auto/DiscreteClock18.xml
----------------- Instantiating /home/travis/build/icyphy/ptII/ptolemy/actor/lib/test/auto/DiscreteClock18.xml
27 ms. Memory: 443392K Free: 279668K (63%)
----------------- Invoking toplevel() on ptolemy.moml.MoMLSimpleApplication@369e123b
----------------- Done invoking toplevel() on ptolemy.moml.MoMLSimpleApplication@369e123b
reloadAllAccessors: .DiscreteClock18

===========================================================================================
----------------- testing Wed Jul 31 05:19:04 UTC 2019 /home/travis/build/icyphy/ptII/ptolemy/actor/lib/test/auto/DiscreteClock19.xml
----------------- Instantiating /home/travis/build/icyphy/ptII/ptolemy/actor/lib/test/auto/DiscreteClock19.xml
17 ms. Memory: 443392K Free: 265828K (60%)
----------------- Invoking toplevel() on ptolemy.moml.MoMLSimpleApplication@687b4e01
----------------- Done invoking toplevel() on ptolemy.moml.MoMLSimpleApplication@687b4e01
reloadAllAccessors: .DiscreteClock19

===========================================================================================
----------------- testing Wed Jul 31 05:19:04 UTC 2019 /home/travis/build/icyphy/ptII/ptolemy/actor/lib/test/auto/DiscreteClock2.xml
----------------- Instantiating /home/travis/build/icyphy/ptII/ptolemy/actor/lib/test/auto/DiscreteClock2.xml
1 ms. Memory: 443392K Free: 260692K (59%)
----------------- Invoking toplevel() on ptolemy.moml.MoMLSimpleApplication@7da52adf
----------------- Done invoking toplevel() on ptolemy.moml.MoMLSimpleApplication@7da52adf
reloadAllAccessors: .DiscreteClock2

===========================================================================================
----------------- testing Wed Jul 31 05:19:04 UTC 2019 /home/travis/build/icyphy/ptII/ptolemy/actor/lib/test/auto/DiscreteClock20.xml
----------------- Instantiating /home/travis/build/icyphy/ptII/ptolemy/actor/lib/test/auto/DiscreteClock20.xml
9 ms. Memory: 443392K Free: 255602K (58%)
----------------- Invoking toplevel() on ptolemy.moml.MoMLSimpleApplication@445469f7
----------------- Done invoking toplevel() on ptolemy.moml.MoMLSimpleApplication@445469f7
reloadAllAccessors: .DiscreteClock20

===========================================================================================
----------------- testing Wed Jul 31 05:19:04 UTC 2019 /home/travis/build/icyphy/ptII/ptolemy/actor/lib/test/auto/DiscreteClock21.xml
----------------- Instantiating /home/travis/build/icyphy/ptII/ptolemy/actor/lib/test/auto/DiscreteClock21.xml
7 ms. Memory: 443392K Free: 249972K (56%)
----------------- Invoking toplevel() on ptolemy.moml.MoMLSimpleApplication@f19189a
----------------- Done invoking toplevel() on ptolemy.moml.MoMLSimpleApplication@f19189a
reloadAllAccessors: .DiscreteClock21

===========================================================================================
----------------- testing Wed Jul 31 05:19:04 UTC 2019 /home/travis/build/icyphy/ptII/ptolemy/actor/lib/test/auto/DiscreteClock22.xml
----------------- Instantiating /home/travis/build/icyphy/ptII/ptolemy/actor/lib/test/auto/DiscreteClock22.xml
4 ms. Memory: 443392K Free: 244338K (55%)
----------------- Invoking toplevel() on ptolemy.moml.MoMLSimpleApplication@654b7fb8
----------------- Done invoking toplevel() on ptolemy.moml.MoMLSimpleApplication@654b7fb8
reloadAllAccessors: .DiscreteClock22

===========================================================================================
----------------- testing Wed Jul 31 05:19:04 UTC 2019 /home/travis/build/icyphy/ptII/ptolemy/actor/lib/test/auto/DiscreteClock23.xml
----------------- Instantiating /home/travis/build/icyphy/ptII/ptolemy/actor/lib/test/auto/DiscreteClock23.xml
10 ms. Memory: 443392K Free: 238708K (54%)
----------------- Invoking toplevel() on ptolemy.moml.MoMLSimpleApplication@1dac238a
----------------- Done invoking toplevel() on ptolemy.moml.MoMLSimpleApplication@1dac238a
reloadAllAccessors: .DiscreteClock23

===========================================================================================
----------------- testing Wed Jul 31 05:19:04 UTC 2019 /home/travis/build/icyphy/ptII/ptolemy/actor/lib/test/auto/DiscreteClock24.xml
----------------- Instantiating /home/travis/build/icyphy/ptII/ptolemy/actor/lib/test/auto/DiscreteClock24.xml
5 ms. Memory: 443392K Free: 233074K (53%)
----------------- Invoking toplevel() on ptolemy.moml.MoMLSimpleApplication@1d2ffe7d
----------------- Done invoking toplevel() on ptolemy.moml.MoMLSimpleApplication@1d2ffe7d
reloadAllAccessors: .DiscreteClock24

===========================================================================================
----------------- testing Wed Jul 31 05:19:04 UTC 2019 /home/travis/build/icyphy/ptII/ptolemy/actor/lib/test/auto/DiscreteClock4.xml
----------------- Instantiating /home/travis/build/icyphy/ptII/ptolemy/actor/lib/test/auto/DiscreteClock4.xml
5 ms. Memory: 443392K Free: 227940K (51%)
----------------- Invoking toplevel() on ptolemy.moml.MoMLSimpleApplication@4d4580a8
----------------- Done invoking toplevel() on ptolemy.moml.MoMLSimpleApplication@4d4580a8
reloadAllAccessors: .DiscreteClock4

===========================================================================================
----------------- testing Wed Jul 31 05:19:04 UTC 2019 /home/travis/build/icyphy/ptII/ptolemy/actor/lib/test/auto/DiscreteClock5.xml
----------------- Instantiating /home/travis/build/icyphy/ptII/ptolemy/actor/lib/test/auto/DiscreteClock5.xml
1 ms. Memory: 443392K Free: 222324K (50%)
----------------- Invoking toplevel() on ptolemy.moml.MoMLSimpleApplication@699ffe49
----------------- Done invoking toplevel() on ptolemy.moml.MoMLSimpleApplication@699ffe49
reloadAllAccessors: .DiscreteClock5

===========================================================================================
----------------- testing Wed Jul 31 05:19:04 UTC 2019 /home/travis/build/icyphy/ptII/ptolemy/actor/lib/test/auto/DiscreteClock6.xml
----------------- Instantiating /home/travis/build/icyphy/ptII/ptolemy/actor/lib/test/auto/DiscreteClock6.xml
5 ms. Memory: 443392K Free: 218228K (49%)
----------------- Invoking toplevel() on ptolemy.moml.MoMLSimpleApplication@4ef62f76
----------------- Done invoking toplevel() on ptolemy.moml.MoMLSimpleApplication@4ef62f76
reloadAllAccessors: .DiscreteClock6

===========================================================================================
----------------- testing Wed Jul 31 05:19:04 UTC 2019 /home/travis/build/icyphy/ptII/ptolemy/actor/lib/test/auto/DiscreteClock7.xml
----------------- Instantiating /home/travis/build/icyphy/ptII/ptolemy/actor/lib/test/auto/DiscreteClock7.xml
2 ms. Memory: 443392K Free: 213618K (48%)
----------------- Invoking toplevel() on ptolemy.moml.MoMLSimpleApplication@216697ca
----------------- Done invoking toplevel() on ptolemy.moml.MoMLSimpleApplication@216697ca
reloadAllAccessors: .DiscreteClock7

===========================================================================================
----------------- testing Wed Jul 31 05:19:04 UTC 2019 /home/travis/build/icyphy/ptII/ptolemy/actor/lib/test/auto/DiscreteClock8.xml
----------------- Instantiating /home/travis/build/icyphy/ptII/ptolemy/actor/lib/test/auto/DiscreteClock8.xml
7 ms. Memory: 443392K Free: 208468K (47%)
----------------- Invoking toplevel() on ptolemy.moml.MoMLSimpleApplication@18f5764b
----------------- Done invoking toplevel() on ptolemy.moml.MoMLSimpleApplication@18f5764b
reloadAllAccessors: .DiscreteClock8

===========================================================================================
----------------- testing Wed Jul 31 05:19:04 UTC 2019 /home/travis/build/icyphy/ptII/ptolemy/actor/lib/test/auto/DiscreteClock9.xml
----------------- Instantiating /home/travis/build/icyphy/ptII/ptolemy/actor/lib/test/auto/DiscreteClock9.xml
5 ms. Memory: 443392K Free: 202340K (46%)
----------------- Invoking toplevel() on ptolemy.moml.MoMLSimpleApplication@1335ffe9
----------------- Done invoking toplevel() on ptolemy.moml.MoMLSimpleApplication@1335ffe9
reloadAllAccessors: .DiscreteClock9

===========================================================================================
----------------- testing Wed Jul 31 05:19:04 UTC 2019 /home/travis/build/icyphy/ptII/ptolemy/actor/lib/test/auto/DisplayArray.xml
----------------- Instantiating /home/travis/build/icyphy/ptII/ptolemy/actor/lib/test/auto/DisplayArray.xml
1 ms. Memory: 443392K Free: 198772K (45%)
----------------- Invoking toplevel() on ptolemy.moml.MoMLSimpleApplication@4c33b8b
----------------- Done invoking toplevel() on ptolemy.moml.MoMLSimpleApplication@4c33b8b
reloadAllAccessors: .DisplayArray

===========================================================================================
----------------- testing Wed Jul 31 05:19:04 UTC 2019 /home/travis/build/icyphy/ptII/ptolemy/actor/lib/test/auto/Distributor.xml
----------------- Instantiating /home/travis/build/icyphy/ptII/ptolemy/actor/lib/test/auto/Distributor.xml
3 ms. Memory: 443392K Free: 193652K (44%)
----------------- Invoking toplevel() on ptolemy.moml.MoMLSimpleApplication@69dd280e
----------------- Done invoking toplevel() on ptolemy.moml.MoMLSimpleApplication@69dd280e
reloadAllAccessors: .Distributor

===========================================================================================
----------------- testing Wed Jul 31 05:19:04 UTC 2019 /home/travis/build/icyphy/ptII/ptolemy/actor/lib/test/auto/Distributor2.xml
----------------- Instantiating /home/travis/build/icyphy/ptII/ptolemy/actor/lib/test/auto/Distributor2.xml
1 ms. Memory: 443392K Free: 188532K (43%)
----------------- Invoking toplevel() on ptolemy.moml.MoMLSimpleApplication@35119f6b
----------------- Done invoking toplevel() on ptolemy.moml.MoMLSimpleApplication@35119f6b
reloadAllAccessors: .Distributor2

===========================================================================================
----------------- testing Wed Jul 31 05:19:04 UTC 2019 /home/travis/build/icyphy/ptII/ptolemy/actor/lib/test/auto/DownSample.xml
----------------- Instantiating /home/travis/build/icyphy/ptII/ptolemy/actor/lib/test/auto/DownSample.xml
1 ms. Memory: 443392K Free: 184436K (42%)
----------------- Invoking toplevel() on ptolemy.moml.MoMLSimpleApplication@33a49e09
----------------- Done invoking toplevel() on ptolemy.moml.MoMLSimpleApplication@33a49e09
reloadAllAccessors: .DownSample

===========================================================================================
----------------- testing Wed Jul 31 05:19:04 UTC 2019 /home/travis/build/icyphy/ptII/ptolemy/actor/lib/test/auto/ElectronicUnitBase1.xml
----------------- Instantiating /home/travis/build/icyphy/ptII/ptolemy/actor/lib/test/auto/ElectronicUnitBase1.xml
18 ms. Memory: 443392K Free: 168562K (38%)
----------------- Invoking toplevel() on ptolemy.moml.MoMLSimpleApplication@1263fd83
----------------- Done invoking toplevel() on ptolemy.moml.MoMLSimpleApplication@1263fd83
reloadAllAccessors: .ElectronicUnitBase1

===========================================================================================
----------------- testing Wed Jul 31 05:19:04 UTC 2019 /home/travis/build/icyphy/ptII/ptolemy/actor/lib/test/auto/ElementsToArray.xml
----------------- Instantiating /home/travis/build/icyphy/ptII/ptolemy/actor/lib/test/auto/ElementsToArray.xml
3 ms. Memory: 443392K Free: 163442K (37%)
----------------- Invoking toplevel() on ptolemy.moml.MoMLSimpleApplication@6f4b9e8f
----------------- Done invoking toplevel() on ptolemy.moml.MoMLSimpleApplication@6f4b9e8f
reloadAllAccessors: .ElementsToArray

===========================================================================================
----------------- testing Wed Jul 31 05:19:04 UTC 2019 /home/travis/build/icyphy/ptII/ptolemy/actor/lib/test/auto/Equals.xml
----------------- Instantiating /home/travis/build/icyphy/ptII/ptolemy/actor/lib/test/auto/Equals.xml
3 ms. Memory: 443392K Free: 158836K (36%)
----------------- Invoking toplevel() on ptolemy.moml.MoMLSimpleApplication@4e3bae52
----------------- Done invoking toplevel() on ptolemy.moml.MoMLSimpleApplication@4e3bae52
reloadAllAccessors: .Equals

===========================================================================================
----------------- testing Wed Jul 31 05:19:04 UTC 2019 /home/travis/build/icyphy/ptII/ptolemy/actor/lib/test/auto/Exec.xml
----------------- Instantiating /home/travis/build/icyphy/ptII/ptolemy/actor/lib/test/auto/Exec.xml
27 ms. Memory: 443392K Free: 153202K (35%)
----------------- Invoking toplevel() on ptolemy.moml.MoMLSimpleApplication@294a6dde
----------------- Done invoking toplevel() on ptolemy.moml.MoMLSimpleApplication@294a6dde
reloadAllAccessors: .Exec

===========================================================================================
----------------- testing Wed Jul 31 05:19:04 UTC 2019 /home/travis/build/icyphy/ptII/ptolemy/actor/lib/test/auto/ExecEnvironment.xml
----------------- Instantiating /home/travis/build/icyphy/ptII/ptolemy/actor/lib/test/auto/ExecEnvironment.xml
28 ms. Memory: 443392K Free: 148068K (33%)
----------------- Invoking toplevel() on ptolemy.moml.MoMLSimpleApplication@2bd13004
----------------- Done invoking toplevel() on ptolemy.moml.MoMLSimpleApplication@2bd13004
reloadAllAccessors: .ExecEnvironment

===========================================================================================
----------------- testing Wed Jul 31 05:19:04 UTC 2019 /home/travis/build/icyphy/ptII/ptolemy/actor/lib/test/auto/ExecNonZeroReturnOutput.xml
----------------- Instantiating /home/travis/build/icyphy/ptII/ptolemy/actor/lib/test/auto/ExecNonZeroReturnOutput.xml
206 ms. Memory: 443392K Free: 393063K (89%)
----------------- Invoking toplevel() on ptolemy.moml.MoMLSimpleApplication@761e8c92
----------------- Done invoking toplevel() on ptolemy.moml.MoMLSimpleApplication@761e8c92
reloadAllAccessors: .ExecNonZeroReturnOutput

===========================================================================================
----------------- testing Wed Jul 31 05:19:05 UTC 2019 /home/travis/build/icyphy/ptII/ptolemy/actor/lib/test/auto/ExecRunDemos.xml
----------------- Instantiating /home/travis/build/icyphy/ptII/ptolemy/actor/lib/test/auto/ExecRunDemos.xml
Finished: 141 ms. Memory: 120832K Free: 104447K (86%)

Finished: 88 ms. Memory: 120832K Free: 110632K (92%)

Finished: 104 ms. Memory: 120832K Free: 110918K (92%)

Finished: 67 ms. Memory: 120832K Free: 103427K (86%)

Finished: 64 ms. Memory: 120832K Free: 104058K (86%)

11405 ms. Memory: 443392K Free: 371557K (84%)
----------------- Invoking toplevel() on ptolemy.moml.MoMLSimpleApplication@756600c8
----------------- Done invoking toplevel() on ptolemy.moml.MoMLSimpleApplication@756600c8
reloadAllAccessors: .ExecRunDemos

===========================================================================================
----------------- testing Wed Jul 31 05:19:16 UTC 2019 /home/travis/build/icyphy/ptII/ptolemy/actor/lib/test/auto/ExecStop.xml
----------------- Instantiating /home/travis/build/icyphy/ptII/ptolemy/actor/lib/test/auto/ExecStop.xml
5014 ms. Memory: 443392K Free: 247655K (56%)
----------------- Invoking toplevel() on ptolemy.moml.MoMLSimpleApplication@459873c3
----------------- Done invoking toplevel() on ptolemy.moml.MoMLSimpleApplication@459873c3
reloadAllAccessors: .ExecStop

===========================================================================================
----------------- testing Wed Jul 31 05:19:21 UTC 2019 /home/travis/build/icyphy/ptII/ptolemy/actor/lib/test/auto/ExecutionTimeSDF.xml
----------------- Instantiating /home/travis/build/icyphy/ptII/ptolemy/actor/lib/test/auto/ExecutionTimeSDF.xml
Fired ExecutionTime: -2086967296
Fired ExecutionTime: 1046800000
Fired ExecutionTime: 1085200000
6008 ms. Memory: 443392K Free: 235367K (53%)
----------------- Invoking toplevel() on ptolemy.moml.MoMLSimpleApplication@55e1a4dd
----------------- Done invoking toplevel() on ptolemy.moml.MoMLSimpleApplication@55e1a4dd
reloadAllAccessors: .ExecutionTimeSDF

===========================================================================================
----------------- testing Wed Jul 31 05:19:27 UTC 2019 /home/travis/build/icyphy/ptII/ptolemy/actor/lib/test/auto/Expression1.xml
----------------- Instantiating /home/travis/build/icyphy/ptII/ptolemy/actor/lib/test/auto/Expression1.xml
2 ms. Memory: 443392K Free: 231781K (52%)
----------------- Invoking toplevel() on ptolemy.moml.MoMLSimpleApplication@3d5b0181
----------------- Done invoking toplevel() on ptolemy.moml.MoMLSimpleApplication@3d5b0181
reloadAllAccessors: .Expression1

===========================================================================================
----------------- testing Wed Jul 31 05:19:27 UTC 2019 /home/travis/build/icyphy/ptII/ptolemy/actor/lib/test/auto/Expression10.xml
----------------- Instantiating /home/travis/build/icyphy/ptII/ptolemy/actor/lib/test/auto/Expression10.xml
5 ms. Memory: 443392K Free: 226151K (51%)
----------------- Invoking toplevel() on ptolemy.moml.MoMLSimpleApplication@5919eac
----------------- Done invoking toplevel() on ptolemy.moml.MoMLSimpleApplication@5919eac
reloadAllAccessors: .Expression10

===========================================================================================
----------------- testing Wed Jul 31 05:19:27 UTC 2019 /home/travis/build/icyphy/ptII/ptolemy/actor/lib/test/auto/Expression11.xml
----------------- Instantiating /home/travis/build/icyphy/ptII/ptolemy/actor/lib/test/auto/Expression11.xml
1 ms. Memory: 443392K Free: 221541K (50%)
----------------- Invoking toplevel() on ptolemy.moml.MoMLSimpleApplication@28fdbb2a
----------------- Done invoking toplevel() on ptolemy.moml.MoMLSimpleApplication@28fdbb2a
reloadAllAccessors: .Expression11

===========================================================================================
----------------- testing Wed Jul 31 05:19:27 UTC 2019 /home/travis/build/icyphy/ptII/ptolemy/actor/lib/test/auto/Expression12.xml
----------------- Instantiating /home/travis/build/icyphy/ptII/ptolemy/actor/lib/test/auto/Expression12.xml
2 ms. Memory: 443392K Free: 215911K (49%)
----------------- Invoking toplevel() on ptolemy.moml.MoMLSimpleApplication@4143c87
----------------- Done invoking toplevel() on ptolemy.moml.MoMLSimpleApplication@4143c87
reloadAllAccessors: .Expression12

===========================================================================================
----------------- testing Wed Jul 31 05:19:27 UTC 2019 /home/travis/build/icyphy/ptII/ptolemy/actor/lib/test/auto/Expression13.xml
----------------- Instantiating /home/travis/build/icyphy/ptII/ptolemy/actor/lib/test/auto/Expression13.xml
3 ms. Memory: 443392K Free: 211301K (48%)
----------------- Invoking toplevel() on ptolemy.moml.MoMLSimpleApplication@452e3bd8
----------------- Done invoking toplevel() on ptolemy.moml.MoMLSimpleApplication@452e3bd8
reloadAllAccessors: .Expression13

===========================================================================================
----------------- testing Wed Jul 31 05:19:27 UTC 2019 /home/travis/build/icyphy/ptII/ptolemy/actor/lib/test/auto/Expression14.xml
----------------- Instantiating /home/travis/build/icyphy/ptII/ptolemy/actor/lib/test/auto/Expression14.xml
7 ms. Memory: 443392K Free: 205157K (46%)
----------------- Invoking toplevel() on ptolemy.moml.MoMLSimpleApplication@7dccf99b
----------------- Done invoking toplevel() on ptolemy.moml.MoMLSimpleApplication@7dccf99b
reloadAllAccessors: .Expression14

===========================================================================================
----------------- testing Wed Jul 31 05:19:27 UTC 2019 /home/travis/build/icyphy/ptII/ptolemy/actor/lib/test/auto/Expression15.xml
----------------- Instantiating /home/travis/build/icyphy/ptII/ptolemy/actor/lib/test/auto/Expression15.xml
2 ms. Memory: 443392K Free: 201061K (45%)
----------------- Invoking toplevel() on ptolemy.moml.MoMLSimpleApplication@5a1d875b
----------------- Done invoking toplevel() on ptolemy.moml.MoMLSimpleApplication@5a1d875b
reloadAllAccessors: .Expression15

===========================================================================================
----------------- testing Wed Jul 31 05:19:27 UTC 2019 /home/travis/build/icyphy/ptII/ptolemy/actor/lib/test/auto/Expression16.xml
----------------- Instantiating /home/travis/build/icyphy/ptII/ptolemy/actor/lib/test/auto/Expression16.xml
4 ms. Memory: 443392K Free: 195941K (44%)
----------------- Invoking toplevel() on ptolemy.moml.MoMLSimpleApplication@a037ed7
----------------- Done invoking toplevel() on ptolemy.moml.MoMLSimpleApplication@a037ed7
reloadAllAccessors: .Expression16

===========================================================================================
----------------- testing Wed Jul 31 05:19:27 UTC 2019 /home/travis/build/icyphy/ptII/ptolemy/actor/lib/test/auto/Expression17.xml
----------------- Instantiating /home/travis/build/icyphy/ptII/ptolemy/actor/lib/test/auto/Expression17.xml
4 ms. Memory: 443392K Free: 191335K (43%)
----------------- Invoking toplevel() on ptolemy.moml.MoMLSimpleApplication@7b737e32
----------------- Done invoking toplevel() on ptolemy.moml.MoMLSimpleApplication@7b737e32
reloadAllAccessors: .Expression17

===========================================================================================
----------------- testing Wed Jul 31 05:19:27 UTC 2019 /home/travis/build/icyphy/ptII/ptolemy/actor/lib/test/auto/Expression18.xml
----------------- Instantiating /home/travis/build/icyphy/ptII/ptolemy/actor/lib/test/auto/Expression18.xml
3 ms. Memory: 443392K Free: 185701K (42%)
----------------- Invoking toplevel() on ptolemy.moml.MoMLSimpleApplication@61edb5dd
----------------- Done invoking toplevel() on ptolemy.moml.MoMLSimpleApplication@61edb5dd
reloadAllAccessors: .Expression18

===========================================================================================
----------------- testing Wed Jul 31 05:19:27 UTC 2019 /home/travis/build/icyphy/ptII/ptolemy/actor/lib/test/auto/Expression2.xml
----------------- Instantiating /home/travis/build/icyphy/ptII/ptolemy/actor/lib/test/auto/Expression2.xml
2 ms. Memory: 443392K Free: 180581K (41%)
----------------- Invoking toplevel() on ptolemy.moml.MoMLSimpleApplication@10433841
----------------- Done invoking toplevel() on ptolemy.moml.MoMLSimpleApplication@10433841
reloadAllAccessors: .Expression2

===========================================================================================
----------------- testing Wed Jul 31 05:19:27 UTC 2019 /home/travis/build/icyphy/ptII/ptolemy/actor/lib/test/auto/Expression3.xml
----------------- Instantiating /home/travis/build/icyphy/ptII/ptolemy/actor/lib/test/auto/Expression3.xml
6 ms. Memory: 443392K Free: 175461K (40%)
----------------- Invoking toplevel() on ptolemy.moml.MoMLSimpleApplication@1fd79ac5
----------------- Done invoking toplevel() on ptolemy.moml.MoMLSimpleApplication@1fd79ac5
reloadAllAccessors: .Expression3

===========================================================================================
----------------- testing Wed Jul 31 05:19:27 UTC 2019 /home/travis/build/icyphy/ptII/ptolemy/actor/lib/test/auto/Expression4.xml
----------------- Instantiating /home/travis/build/icyphy/ptII/ptolemy/actor/lib/test/auto/Expression4.xml
5 ms. Memory: 443392K Free: 167783K (38%)
----------------- Invoking toplevel() on ptolemy.moml.MoMLSimpleApplication@6dc6c4ba
----------------- Done invoking toplevel() on ptolemy.moml.MoMLSimpleApplication@6dc6c4ba
reloadAllAccessors: .Expression4

===========================================================================================
----------------- testing Wed Jul 31 05:19:28 UTC 2019 /home/travis/build/icyphy/ptII/ptolemy/actor/lib/test/auto/Expression5.xml
----------------- Instantiating /home/travis/build/icyphy/ptII/ptolemy/actor/lib/test/auto/Expression5.xml
6 ms. Memory: 443392K Free: 163173K (37%)
----------------- Invoking toplevel() on ptolemy.moml.MoMLSimpleApplication@1e16884f
----------------- Done invoking toplevel() on ptolemy.moml.MoMLSimpleApplication@1e16884f
reloadAllAccessors: .Expression5

===========================================================================================
----------------- testing Wed Jul 31 05:19:28 UTC 2019 /home/travis/build/icyphy/ptII/ptolemy/actor/lib/test/auto/Expression6.xml
----------------- Instantiating /home/travis/build/icyphy/ptII/ptolemy/actor/lib/test/auto/Expression6.xml
2 ms. Memory: 443392K Free: 158567K (36%)
----------------- Invoking toplevel() on ptolemy.moml.MoMLSimpleApplication@43d5b0ec
----------------- Done invoking toplevel() on ptolemy.moml.MoMLSimpleApplication@43d5b0ec
reloadAllAccessors: .Expression6

===========================================================================================
----------------- testing Wed Jul 31 05:19:28 UTC 2019 /home/travis/build/icyphy/ptII/ptolemy/actor/lib/test/auto/Expression7.xml
----------------- Instantiating /home/travis/build/icyphy/ptII/ptolemy/actor/lib/test/auto/Expression7.xml
3 ms. Memory: 443392K Free: 153447K (35%)
----------------- Invoking toplevel() on ptolemy.moml.MoMLSimpleApplication@40e0a5e6
----------------- Done invoking toplevel() on ptolemy.moml.MoMLSimpleApplication@40e0a5e6
reloadAllAccessors: .Expression7

===========================================================================================
----------------- testing Wed Jul 31 05:19:28 UTC 2019 /home/travis/build/icyphy/ptII/ptolemy/actor/lib/test/auto/Expression8.xml
----------------- Instantiating /home/travis/build/icyphy/ptII/ptolemy/actor/lib/test/auto/Expression8.xml
10 ms. Memory: 443392K Free: 148327K (33%)
----------------- Invoking toplevel() on ptolemy.moml.MoMLSimpleApplication@b77de5c
----------------- Done invoking toplevel() on ptolemy.moml.MoMLSimpleApplication@b77de5c
reloadAllAccessors: .Expression8

===========================================================================================
----------------- testing Wed Jul 31 05:19:28 UTC 2019 /home/travis/build/icyphy/ptII/ptolemy/actor/lib/test/auto/Expression9.xml
----------------- Instantiating /home/travis/build/icyphy/ptII/ptolemy/actor/lib/test/auto/Expression9.xml
1 ms. Memory: 443392K Free: 144231K (33%)
----------------- Invoking toplevel() on ptolemy.moml.MoMLSimpleApplication@4f09122c
----------------- Done invoking toplevel() on ptolemy.moml.MoMLSimpleApplication@4f09122c
reloadAllAccessors: .Expression9

===========================================================================================
----------------- testing Wed Jul 31 05:19:28 UTC 2019 /home/travis/build/icyphy/ptII/ptolemy/actor/lib/test/auto/ExpressionConcatenateArrayType.xml
----------------- Instantiating /home/travis/build/icyphy/ptII/ptolemy/actor/lib/test/auto/ExpressionConcatenateArrayType.xml
3 ms. Memory: 443392K Free: 137573K (31%)
----------------- Invoking toplevel() on ptolemy.moml.MoMLSimpleApplication@15f3afe1
----------------- Done invoking toplevel() on ptolemy.moml.MoMLSimpleApplication@15f3afe1
reloadAllAccessors: .ExpressionConcatenateArrayType

===========================================================================================
----------------- testing Wed Jul 31 05:19:28 UTC 2019 /home/travis/build/icyphy/ptII/ptolemy/actor/lib/test/auto/ExpressionConcatenateArrayType2.xml
----------------- Instantiating /home/travis/build/icyphy/ptII/ptolemy/actor/lib/test/auto/ExpressionConcatenateArrayType2.xml
2 ms. Memory: 443392K Free: 394224K (89%)
----------------- Invoking toplevel() on ptolemy.moml.MoMLSimpleApplication@2223a244
----------------- Done invoking toplevel() on ptolemy.moml.MoMLSimpleApplication@2223a244
reloadAllAccessors: .ExpressionConcatenateArrayType2

===========================================================================================
----------------- testing Wed Jul 31 05:19:28 UTC 2019 /home/travis/build/icyphy/ptII/ptolemy/actor/lib/test/auto/ExpressionFix.xml
----------------- Instantiating /home/travis/build/icyphy/ptII/ptolemy/actor/lib/test/auto/ExpressionFix.xml
24 ms. Memory: 443392K Free: 387570K (87%)
----------------- Invoking toplevel() on ptolemy.moml.MoMLSimpleApplication@5726b8a6
----------------- Done invoking toplevel() on ptolemy.moml.MoMLSimpleApplication@5726b8a6
reloadAllAccessors: .ExpressionFix

===========================================================================================
----------------- testing Wed Jul 31 05:19:28 UTC 2019 /home/travis/build/icyphy/ptII/ptolemy/actor/lib/test/auto/ExpressionFix2.xml
----------------- Instantiating /home/travis/build/icyphy/ptII/ptolemy/actor/lib/test/auto/ExpressionFix2.xml
4 ms. Memory: 443392K Free: 383474K (86%)
----------------- Invoking toplevel() on ptolemy.moml.MoMLSimpleApplication@1cf46748
----------------- Done invoking toplevel() on ptolemy.moml.MoMLSimpleApplication@1cf46748
reloadAllAccessors: .ExpressionFix2

===========================================================================================
----------------- testing Wed Jul 31 05:19:28 UTC 2019 /home/travis/build/icyphy/ptII/ptolemy/actor/lib/test/auto/ExpressionFix3.xml
----------------- Instantiating /home/travis/build/icyphy/ptII/ptolemy/actor/lib/test/auto/ExpressionFix3.xml
3 ms. Memory: 443392K Free: 378864K (85%)
----------------- Invoking toplevel() on ptolemy.moml.MoMLSimpleApplication@5a9611b7
----------------- Done invoking toplevel() on ptolemy.moml.MoMLSimpleApplication@5a9611b7
reloadAllAccessors: .ExpressionFix3

===========================================================================================
----------------- testing Wed Jul 31 05:19:28 UTC 2019 /home/travis/build/icyphy/ptII/ptolemy/actor/lib/test/auto/FileWriter1.xml
----------------- Instantiating /home/travis/build/icyphy/ptII/ptolemy/actor/lib/test/auto/FileWriter1.xml
2 ms. Memory: 443392K Free: 374768K (85%)
----------------- Invoking toplevel() on ptolemy.moml.MoMLSimpleApplication@324e667e
----------------- Done invoking toplevel() on ptolemy.moml.MoMLSimpleApplication@324e667e
reloadAllAccessors: .FileWriter1

===========================================================================================
----------------- testing Wed Jul 31 05:19:28 UTC 2019 /home/travis/build/icyphy/ptII/ptolemy/actor/lib/test/auto/FileWriter2.xml
----------------- Instantiating /home/travis/build/icyphy/ptII/ptolemy/actor/lib/test/auto/FileWriter2.xml
7 ms. Memory: 443392K Free: 370162K (83%)
----------------- Invoking toplevel() on ptolemy.moml.MoMLSimpleApplication@8ff2b3
----------------- Done invoking toplevel() on ptolemy.moml.MoMLSimpleApplication@8ff2b3
reloadAllAccessors: .FileWriter2

===========================================================================================
----------------- testing Wed Jul 31 05:19:28 UTC 2019 /home/travis/build/icyphy/ptII/ptolemy/actor/lib/test/auto/FileWriter3.xml
----------------- Instantiating /home/travis/build/icyphy/ptII/ptolemy/actor/lib/test/auto/FileWriter3.xml
4 ms. Memory: 443392K Free: 366576K (83%)
----------------- Invoking toplevel() on ptolemy.moml.MoMLSimpleApplication@6c332920
----------------- Done invoking toplevel() on ptolemy.moml.MoMLSimpleApplication@6c332920
reloadAllAccessors: .FileWriter3

===========================================================================================
----------------- testing Wed Jul 31 05:19:28 UTC 2019 /home/travis/build/icyphy/ptII/ptolemy/actor/lib/test/auto/Gaussian.xml
----------------- Instantiating /home/travis/build/icyphy/ptII/ptolemy/actor/lib/test/auto/Gaussian.xml
2 ms. Memory: 443392K Free: 361970K (82%)
----------------- Invoking toplevel() on ptolemy.moml.MoMLSimpleApplication@56cce53b
----------------- Done invoking toplevel() on ptolemy.moml.MoMLSimpleApplication@56cce53b
reloadAllAccessors: .Gaussian

===========================================================================================
----------------- testing Wed Jul 31 05:19:28 UTC 2019 /home/travis/build/icyphy/ptII/ptolemy/actor/lib/test/auto/Gaussian1.xml
----------------- Instantiating /home/travis/build/icyphy/ptII/ptolemy/actor/lib/test/auto/Gaussian1.xml
11 ms. Memory: 443392K Free: 356322K (80%)
----------------- Invoking toplevel() on ptolemy.moml.MoMLSimpleApplication@6e8d04e
----------------- Done invoking toplevel() on ptolemy.moml.MoMLSimpleApplication@6e8d04e
reloadAllAccessors: .Gaussian1

===========================================================================================
----------------- testing Wed Jul 31 05:19:28 UTC 2019 /home/travis/build/icyphy/ptII/ptolemy/actor/lib/test/auto/Gaussian2.xml
----------------- Instantiating /home/travis/build/icyphy/ptII/ptolemy/actor/lib/test/auto/Gaussian2.xml
3 ms. Memory: 443392K Free: 350706K (79%)
----------------- Invoking toplevel() on ptolemy.moml.MoMLSimpleApplication@5058fc84
----------------- Done invoking toplevel() on ptolemy.moml.MoMLSimpleApplication@5058fc84
reloadAllAccessors: .Gaussian2

===========================================================================================
----------------- testing Wed Jul 31 05:19:28 UTC 2019 /home/travis/build/icyphy/ptII/ptolemy/actor/lib/test/auto/GradientAdaptiveLattice.xml
----------------- Instantiating /home/travis/build/icyphy/ptII/ptolemy/actor/lib/test/auto/GradientAdaptiveLattice.xml
3 ms. Memory: 443392K Free: 345586K (78%)
----------------- Invoking toplevel() on ptolemy.moml.MoMLSimpleApplication@16bbf1b4
----------------- Done invoking toplevel() on ptolemy.moml.MoMLSimpleApplication@16bbf1b4
reloadAllAccessors: .GradientAdaptiveLattice

===========================================================================================
----------------- testing Wed Jul 31 05:19:28 UTC 2019 /home/travis/build/icyphy/ptII/ptolemy/actor/lib/test/auto/IIR.xml
----------------- Instantiating /home/travis/build/icyphy/ptII/ptolemy/actor/lib/test/auto/IIR.xml
1 ms. Memory: 443392K Free: 340466K (77%)
----------------- Invoking toplevel() on ptolemy.moml.MoMLSimpleApplication@725fa4de
----------------- Done invoking toplevel() on ptolemy.moml.MoMLSimpleApplication@725fa4de
reloadAllAccessors: .IIR

===========================================================================================
----------------- testing Wed Jul 31 05:19:28 UTC 2019 /home/travis/build/icyphy/ptII/ptolemy/actor/lib/test/auto/InputOutputTransparentPorts.xml
----------------- Instantiating /home/travis/build/icyphy/ptII/ptolemy/actor/lib/test/auto/InputOutputTransparentPorts.xml
1 ms. Memory: 443392K Free: 332784K (75%)
----------------- Invoking toplevel() on ptolemy.moml.MoMLSimpleApplication@141b2ff1
----------------- Done invoking toplevel() on ptolemy.moml.MoMLSimpleApplication@141b2ff1
reloadAllAccessors: .InputOutputTransparentPorts

===========================================================================================
----------------- testing Wed Jul 31 05:19:28 UTC 2019 /home/travis/build/icyphy/ptII/ptolemy/actor/lib/test/auto/Interpolator.xml
----------------- Instantiating /home/travis/build/icyphy/ptII/ptolemy/actor/lib/test/auto/Interpolator.xml
5 ms. Memory: 443392K Free: 328688K (74%)
----------------- Invoking toplevel() on ptolemy.moml.MoMLSimpleApplication@7833d45e
----------------- Done invoking toplevel() on ptolemy.moml.MoMLSimpleApplication@7833d45e
reloadAllAccessors: .Interpolator

===========================================================================================
----------------- testing Wed Jul 31 05:19:28 UTC 2019 /home/travis/build/icyphy/ptII/ptolemy/actor/lib/test/auto/InterpolatorFiringLimitDE.xml
----------------- Instantiating /home/travis/build/icyphy/ptII/ptolemy/actor/lib/test/auto/InterpolatorFiringLimitDE.xml
2 ms. Memory: 443392K Free: 322544K (73%)
----------------- Invoking toplevel() on ptolemy.moml.MoMLSimpleApplication@336b3fa0
----------------- Done invoking toplevel() on ptolemy.moml.MoMLSimpleApplication@336b3fa0
reloadAllAccessors: .InterpolatorFiringLimitDE

===========================================================================================
----------------- testing Wed Jul 31 05:19:28 UTC 2019 /home/travis/build/icyphy/ptII/ptolemy/actor/lib/test/auto/Lattice.xml
----------------- Instantiating /home/travis/build/icyphy/ptII/ptolemy/actor/lib/test/auto/Lattice.xml
1 ms. Memory: 443392K Free: 318448K (72%)
----------------- Invoking toplevel() on ptolemy.moml.MoMLSimpleApplication@63ce56b7
----------------- Done invoking toplevel() on ptolemy.moml.MoMLSimpleApplication@63ce56b7
reloadAllAccessors: .Lattice

===========================================================================================
----------------- testing Wed Jul 31 05:19:28 UTC 2019 /home/travis/build/icyphy/ptII/ptolemy/actor/lib/test/auto/LazyAOCTestLazy.xml
----------------- Instantiating /home/travis/build/icyphy/ptII/ptolemy/actor/lib/test/auto/LazyAOCTestLazy.xml
16 ms. Memory: 443392K Free: 312290K (70%)
----------------- Invoking toplevel() on ptolemy.moml.MoMLSimpleApplication@7238e69
----------------- Done invoking toplevel() on ptolemy.moml.MoMLSimpleApplication@7238e69
reloadAllAccessors: .LazyAOCTestLazy

===========================================================================================
----------------- testing Wed Jul 31 05:19:28 UTC 2019 /home/travis/build/icyphy/ptII/ptolemy/actor/lib/test/auto/LazyAOCTestNonLazy.xml
----------------- Instantiating /home/travis/build/icyphy/ptII/ptolemy/actor/lib/test/auto/LazyAOCTestNonLazy.xml
2 ms. Memory: 443392K Free: 305650K (69%)
----------------- Invoking toplevel() on ptolemy.moml.MoMLSimpleApplication@4910f340
----------------- Done invoking toplevel() on ptolemy.moml.MoMLSimpleApplication@4910f340
reloadAllAccessors: .LazyAOCTestNonLazy

===========================================================================================
----------------- testing Wed Jul 31 05:19:28 UTC 2019 /home/travis/build/icyphy/ptII/ptolemy/actor/lib/test/auto/LazyInnerClass.xml
----------------- Instantiating /home/travis/build/icyphy/ptII/ptolemy/actor/lib/test/auto/LazyInnerClass.xml
20 ms. Memory: 443392K Free: 296914K (67%)
----------------- Invoking toplevel() on ptolemy.moml.MoMLSimpleApplication@a8c7d7d
----------------- Done invoking toplevel() on ptolemy.moml.MoMLSimpleApplication@a8c7d7d
reloadAllAccessors: .LazyInnerClass

===========================================================================================
----------------- testing Wed Jul 31 05:19:28 UTC 2019 /home/travis/build/icyphy/ptII/ptolemy/actor/lib/test/auto/LazyPubSub.xml
----------------- Instantiating /home/travis/build/icyphy/ptII/ptolemy/actor/lib/test/auto/LazyPubSub.xml
31 ms. Memory: 443392K Free: 286704K (65%)
----------------- Invoking toplevel() on ptolemy.moml.MoMLSimpleApplication@73493a14
----------------- Done invoking toplevel() on ptolemy.moml.MoMLSimpleApplication@73493a14
reloadAllAccessors: .LazyPubSub

===========================================================================================
----------------- testing Wed Jul 31 05:19:28 UTC 2019 /home/travis/build/icyphy/ptII/ptolemy/actor/lib/test/auto/LazyPubSub2.xml
----------------- Instantiating /home/travis/build/icyphy/ptII/ptolemy/actor/lib/test/auto/LazyPubSub2.xml
18 ms. Memory: 443392K Free: 276976K (62%)
----------------- Invoking toplevel() on ptolemy.moml.MoMLSimpleApplication@577c13ff
----------------- Done invoking toplevel() on ptolemy.moml.MoMLSimpleApplication@577c13ff
reloadAllAccessors: .LazyPubSub2

===========================================================================================
----------------- testing Wed Jul 31 05:19:28 UTC 2019 /home/travis/build/icyphy/ptII/ptolemy/actor/lib/test/auto/LazyPubSub3.xml
----------------- Instantiating /home/travis/build/icyphy/ptII/ptolemy/actor/lib/test/auto/LazyPubSub3.xml
15 ms. Memory: 443392K Free: 266738K (60%)
----------------- Invoking toplevel() on ptolemy.moml.MoMLSimpleApplication@44b13d0d
----------------- Done invoking toplevel() on ptolemy.moml.MoMLSimpleApplication@44b13d0d
reloadAllAccessors: .LazyPubSub3

===========================================================================================
----------------- testing Wed Jul 31 05:19:28 UTC 2019 /home/travis/build/icyphy/ptII/ptolemy/actor/lib/test/auto/LazySubClassModel.xml
----------------- Instantiating /home/travis/build/icyphy/ptII/ptolemy/actor/lib/test/auto/LazySubClassModel.xml
3 ms. Memory: 443392K Free: 258032K (58%)
----------------- Invoking toplevel() on ptolemy.moml.MoMLSimpleApplication@3042b19b
----------------- Done invoking toplevel() on ptolemy.moml.MoMLSimpleApplication@3042b19b
reloadAllAccessors: .LazySubClassModel

===========================================================================================
----------------- testing Wed Jul 31 05:19:28 UTC 2019 /home/travis/build/icyphy/ptII/ptolemy/actor/lib/test/auto/LevelCrossTest1.xml
----------------- Instantiating /home/travis/build/icyphy/ptII/ptolemy/actor/lib/test/auto/LevelCrossTest1.xml
1 ms. Memory: 443392K Free: 252402K (57%)
----------------- Invoking toplevel() on ptolemy.moml.MoMLSimpleApplication@302bd65c
----------------- Done invoking toplevel() on ptolemy.moml.MoMLSimpleApplication@302bd65c
reloadAllAccessors: .broken

===========================================================================================
----------------- testing Wed Jul 31 05:19:28 UTC 2019 /home/travis/build/icyphy/ptII/ptolemy/actor/lib/test/auto/LevelCrossTest10.xml
----------------- Instantiating /home/travis/build/icyphy/ptII/ptolemy/actor/lib/test/auto/LevelCrossTest10.xml
1 ms. Memory: 443392K Free: 244720K (55%)
----------------- Invoking toplevel() on ptolemy.moml.MoMLSimpleApplication@5e0ffeca
----------------- Done invoking toplevel() on ptolemy.moml.MoMLSimpleApplication@5e0ffeca
reloadAllAccessors: .LevelCrossTest10

===========================================================================================
----------------- testing Wed Jul 31 05:19:28 UTC 2019 /home/travis/build/icyphy/ptII/ptolemy/actor/lib/test/auto/LevelCrossTest11.xml
----------------- Instantiating /home/travis/build/icyphy/ptII/ptolemy/actor/lib/test/auto/LevelCrossTest11.xml
1 ms. Memory: 443392K Free: 237042K (53%)
----------------- Invoking toplevel() on ptolemy.moml.MoMLSimpleApplication@15580b81
----------------- Done invoking toplevel() on ptolemy.moml.MoMLSimpleApplication@15580b81
reloadAllAccessors: .LevelCrossTest11

===========================================================================================
----------------- testing Wed Jul 31 05:19:28 UTC 2019 /home/travis/build/icyphy/ptII/ptolemy/actor/lib/test/auto/LevelCrossTest12.xml
----------------- Instantiating /home/travis/build/icyphy/ptII/ptolemy/actor/lib/test/auto/LevelCrossTest12.xml
2 ms. Memory: 443392K Free: 229360K (52%)
----------------- Invoking toplevel() on ptolemy.moml.MoMLSimpleApplication@391474de
----------------- Done invoking toplevel() on ptolemy.moml.MoMLSimpleApplication@391474de
reloadAllAccessors: .LevelCrossTest12

===========================================================================================
----------------- testing Wed Jul 31 05:19:28 UTC 2019 /home/travis/build/icyphy/ptII/ptolemy/actor/lib/test/auto/LevelCrossTest13.xml
----------------- Instantiating /home/travis/build/icyphy/ptII/ptolemy/actor/lib/test/auto/LevelCrossTest13.xml
1 ms. Memory: 443392K Free: 222192K (50%)
----------------- Invoking toplevel() on ptolemy.moml.MoMLSimpleApplication@2a00a7fd
----------------- Done invoking toplevel() on ptolemy.moml.MoMLSimpleApplication@2a00a7fd
reloadAllAccessors: .LevelCrossTest13

===========================================================================================
----------------- testing Wed Jul 31 05:19:28 UTC 2019 /home/travis/build/icyphy/ptII/ptolemy/actor/lib/test/auto/LevelCrossTest2.xml
----------------- Instantiating /home/travis/build/icyphy/ptII/ptolemy/actor/lib/test/auto/LevelCrossTest2.xml
2 ms. Memory: 443392K Free: 216562K (49%)
----------------- Invoking toplevel() on ptolemy.moml.MoMLSimpleApplication@5d073c0f
----------------- Done invoking toplevel() on ptolemy.moml.MoMLSimpleApplication@5d073c0f
reloadAllAccessors: .broken

===========================================================================================
----------------- testing Wed Jul 31 05:19:28 UTC 2019 /home/travis/build/icyphy/ptII/ptolemy/actor/lib/test/auto/LevelCrossTest3.xml
----------------- Instantiating /home/travis/build/icyphy/ptII/ptolemy/actor/lib/test/auto/LevelCrossTest3.xml
1 ms. Memory: 443392K Free: 209904K (47%)
----------------- Invoking toplevel() on ptolemy.moml.MoMLSimpleApplication@7e0c0808
----------------- Done invoking toplevel() on ptolemy.moml.MoMLSimpleApplication@7e0c0808
reloadAllAccessors: .LevelCrossTest3

===========================================================================================
----------------- testing Wed Jul 31 05:19:28 UTC 2019 /home/travis/build/icyphy/ptII/ptolemy/actor/lib/test/auto/LevelCrossTest4.xml
----------------- Instantiating /home/travis/build/icyphy/ptII/ptolemy/actor/lib/test/auto/LevelCrossTest4.xml
1 ms. Memory: 443392K Free: 204274K (46%)
----------------- Invoking toplevel() on ptolemy.moml.MoMLSimpleApplication@9b95492
----------------- Done invoking toplevel() on ptolemy.moml.MoMLSimpleApplication@9b95492
reloadAllAccessors: .broken

===========================================================================================
----------------- testing Wed Jul 31 05:19:29 UTC 2019 /home/travis/build/icyphy/ptII/ptolemy/actor/lib/test/auto/LevelCrossTest5.xml
----------------- Instantiating /home/travis/build/icyphy/ptII/ptolemy/actor/lib/test/auto/LevelCrossTest5.xml
4 ms. Memory: 443392K Free: 197106K (44%)
----------------- Invoking toplevel() on ptolemy.moml.MoMLSimpleApplication@2d231085
----------------- Done invoking toplevel() on ptolemy.moml.MoMLSimpleApplication@2d231085
reloadAllAccessors: .LevelCrossTest5

===========================================================================================
----------------- testing Wed Jul 31 05:19:29 UTC 2019 /home/travis/build/icyphy/ptII/ptolemy/actor/lib/test/auto/LevelCrossTest6.xml
----------------- Instantiating /home/travis/build/icyphy/ptII/ptolemy/actor/lib/test/auto/LevelCrossTest6.xml
13 ms. Memory: 443392K Free: 190448K (43%)
----------------- Invoking toplevel() on ptolemy.moml.MoMLSimpleApplication@6f94ee87
----------------- Done invoking toplevel() on ptolemy.moml.MoMLSimpleApplication@6f94ee87
reloadAllAccessors: .LevelCrossTest6

===========================================================================================
----------------- testing Wed Jul 31 05:19:29 UTC 2019 /home/travis/build/icyphy/ptII/ptolemy/actor/lib/test/auto/LevelCrossTest7.xml
----------------- Instantiating /home/travis/build/icyphy/ptII/ptolemy/actor/lib/test/auto/LevelCrossTest7.xml
1 ms. Memory: 443392K Free: 182770K (41%)
----------------- Invoking toplevel() on ptolemy.moml.MoMLSimpleApplication@6d2f02bf
----------------- Done invoking toplevel() on ptolemy.moml.MoMLSimpleApplication@6d2f02bf
reloadAllAccessors: .LevelCrossTest7

===========================================================================================
----------------- testing Wed Jul 31 05:19:29 UTC 2019 /home/travis/build/icyphy/ptII/ptolemy/actor/lib/test/auto/LevelCrossTest8.xml
----------------- Instantiating /home/travis/build/icyphy/ptII/ptolemy/actor/lib/test/auto/LevelCrossTest8.xml
2 ms. Memory: 443392K Free: 176112K (40%)
----------------- Invoking toplevel() on ptolemy.moml.MoMLSimpleApplication@203d18ba
----------------- Done invoking toplevel() on ptolemy.moml.MoMLSimpleApplication@203d18ba
reloadAllAccessors: .LevelCrossTest8

===========================================================================================
----------------- testing Wed Jul 31 05:19:29 UTC 2019 /home/travis/build/icyphy/ptII/ptolemy/actor/lib/test/auto/LevelCrossTest9.xml
----------------- Instantiating /home/travis/build/icyphy/ptII/ptolemy/actor/lib/test/auto/LevelCrossTest9.xml
1 ms. Memory: 443392K Free: 168944K (38%)
----------------- Invoking toplevel() on ptolemy.moml.MoMLSimpleApplication@624c4048
----------------- Done invoking toplevel() on ptolemy.moml.MoMLSimpleApplication@624c4048
reloadAllAccessors: .LevelCrossTest9

===========================================================================================
----------------- testing Wed Jul 31 05:19:29 UTC 2019 /home/travis/build/icyphy/ptII/ptolemy/actor/lib/test/auto/LevinsonDurbin.xml
----------------- Instantiating /home/travis/build/icyphy/ptII/ptolemy/actor/lib/test/auto/LevinsonDurbin.xml
1 ms. Memory: 443392K Free: 164848K (37%)
----------------- Invoking toplevel() on ptolemy.moml.MoMLSimpleApplication@1f2732e7
----------------- Done invoking toplevel() on ptolemy.moml.MoMLSimpleApplication@1f2732e7
reloadAllAccessors: .LevinsonDurbin

===========================================================================================
----------------- testing Wed Jul 31 05:19:29 UTC 2019 /home/travis/build/icyphy/ptII/ptolemy/actor/lib/test/auto/LevinsonDurbin2.xml
----------------- Instantiating /home/travis/build/icyphy/ptII/ptolemy/actor/lib/test/auto/LevinsonDurbin2.xml
1 ms. Memory: 443392K Free: 160752K (36%)
----------------- Invoking toplevel() on ptolemy.moml.MoMLSimpleApplication@389c365
----------------- Done invoking toplevel() on ptolemy.moml.MoMLSimpleApplication@389c365
reloadAllAccessors: .LevinsonDurbin2

===========================================================================================
----------------- testing Wed Jul 31 05:19:29 UTC 2019 /home/travis/build/icyphy/ptII/ptolemy/actor/lib/test/auto/LevinsonDurbin3.xml
----------------- Instantiating /home/travis/build/icyphy/ptII/ptolemy/actor/lib/test/auto/LevinsonDurbin3.xml
2 ms. Memory: 443392K Free: 156656K (35%)
----------------- Invoking toplevel() on ptolemy.moml.MoMLSimpleApplication@4525af
----------------- Done invoking toplevel() on ptolemy.moml.MoMLSimpleApplication@4525af
reloadAllAccessors: .LevinsonDurbin3

===========================================================================================
----------------- testing Wed Jul 31 05:19:29 UTC 2019 /home/travis/build/icyphy/ptII/ptolemy/actor/lib/test/auto/Limiter.xml
----------------- Instantiating /home/travis/build/icyphy/ptII/ptolemy/actor/lib/test/auto/Limiter.xml
5 ms. Memory: 443392K Free: 147434K (33%)
----------------- Invoking toplevel() on ptolemy.moml.MoMLSimpleApplication@2fc5eb4f
----------------- Done invoking toplevel() on ptolemy.moml.MoMLSimpleApplication@2fc5eb4f
reloadAllAccessors: .Limiter

===========================================================================================
----------------- testing Wed Jul 31 05:19:29 UTC 2019 /home/travis/build/icyphy/ptII/ptolemy/actor/lib/test/auto/LinearDifferenceEquationSystem.xml
----------------- Instantiating /home/travis/build/icyphy/ptII/ptolemy/actor/lib/test/auto/LinearDifferenceEquationSystem.xml
9 ms. Memory: 443392K Free: 139762K (32%)
----------------- Invoking toplevel() on ptolemy.moml.MoMLSimpleApplication@7c7bf772
----------------- Done invoking toplevel() on ptolemy.moml.MoMLSimpleApplication@7c7bf772
reloadAllAccessors: .LinearDifferenceEquationSystem

===========================================================================================
----------------- testing Wed Jul 31 05:19:29 UTC 2019 /home/travis/build/icyphy/ptII/ptolemy/actor/lib/test/auto/LookupTable.xml
----------------- Instantiating /home/travis/build/icyphy/ptII/ptolemy/actor/lib/test/auto/LookupTable.xml
1 ms. Memory: 443392K Free: 135152K (30%)
----------------- Invoking toplevel() on ptolemy.moml.MoMLSimpleApplication@5c539662
----------------- Done invoking toplevel() on ptolemy.moml.MoMLSimpleApplication@5c539662
reloadAllAccessors: .LookupTable

===========================================================================================
----------------- testing Wed Jul 31 05:19:29 UTC 2019 /home/travis/build/icyphy/ptII/ptolemy/actor/lib/test/auto/MathFunction.xml
----------------- Instantiating /home/travis/build/icyphy/ptII/ptolemy/actor/lib/test/auto/MathFunction.xml
2 ms. Memory: 443392K Free: 389118K (88%)
----------------- Invoking toplevel() on ptolemy.moml.MoMLSimpleApplication@61b33c12
----------------- Done invoking toplevel() on ptolemy.moml.MoMLSimpleApplication@61b33c12
reloadAllAccessors: .MathFunction

===========================================================================================
----------------- testing Wed Jul 31 05:19:29 UTC 2019 /home/travis/build/icyphy/ptII/ptolemy/actor/lib/test/auto/MathFunction2.xml
----------------- Instantiating /home/travis/build/icyphy/ptII/ptolemy/actor/lib/test/auto/MathFunction2.xml
5 ms. Memory: 443392K Free: 385022K (87%)
----------------- Invoking toplevel() on ptolemy.moml.MoMLSimpleApplication@12538d2e
----------------- Done invoking toplevel() on ptolemy.moml.MoMLSimpleApplication@12538d2e
reloadAllAccessors: .MathFunction2

===========================================================================================
----------------- testing Wed Jul 31 05:19:29 UTC 2019 /home/travis/build/icyphy/ptII/ptolemy/actor/lib/test/auto/MathFunction3.xml
----------------- Instantiating /home/travis/build/icyphy/ptII/ptolemy/actor/lib/test/auto/MathFunction3.xml
3 ms. Memory: 443392K Free: 377854K (85%)
----------------- Invoking toplevel() on ptolemy.moml.MoMLSimpleApplication@75e028ee
----------------- Done invoking toplevel() on ptolemy.moml.MoMLSimpleApplication@75e028ee
reloadAllAccessors: .MathFunction3

===========================================================================================
----------------- testing Wed Jul 31 05:19:29 UTC 2019 /home/travis/build/icyphy/ptII/ptolemy/actor/lib/test/auto/MatrixCropBoolean.xml
----------------- Instantiating /home/travis/build/icyphy/ptII/ptolemy/actor/lib/test/auto/MatrixCropBoolean.xml
2 ms. Memory: 443392K Free: 372704K (84%)
----------------- Invoking toplevel() on ptolemy.moml.MoMLSimpleApplication@5c289521
----------------- Done invoking toplevel() on ptolemy.moml.MoMLSimpleApplication@5c289521
reloadAllAccessors: .MatrixCropBoolean

===========================================================================================
----------------- testing Wed Jul 31 05:19:29 UTC 2019 /home/travis/build/icyphy/ptII/ptolemy/actor/lib/test/auto/MatrixCropComplex.xml
----------------- Instantiating /home/travis/build/icyphy/ptII/ptolemy/actor/lib/test/auto/MatrixCropComplex.xml
2 ms. Memory: 443392K Free: 367584K (83%)
----------------- Invoking toplevel() on ptolemy.moml.MoMLSimpleApplication@5725f47f
----------------- Done invoking toplevel() on ptolemy.moml.MoMLSimpleApplication@5725f47f
reloadAllAccessors: .MatrixCropComplex

===========================================================================================
----------------- testing Wed Jul 31 05:19:29 UTC 2019 /home/travis/build/icyphy/ptII/ptolemy/actor/lib/test/auto/MatrixCropDouble.xml
----------------- Instantiating /home/travis/build/icyphy/ptII/ptolemy/actor/lib/test/auto/MatrixCropDouble.xml
3 ms. Memory: 443392K Free: 362464K (82%)
----------------- Invoking toplevel() on ptolemy.moml.MoMLSimpleApplication@19284900
----------------- Done invoking toplevel() on ptolemy.moml.MoMLSimpleApplication@19284900
reloadAllAccessors: .MatrixCropDouble

===========================================================================================
----------------- testing Wed Jul 31 05:19:29 UTC 2019 /home/travis/build/icyphy/ptII/ptolemy/actor/lib/test/auto/MatrixCropFix.xml
----------------- Instantiating /home/travis/build/icyphy/ptII/ptolemy/actor/lib/test/auto/MatrixCropFix.xml
2 ms. Memory: 443392K Free: 357344K (81%)
----------------- Invoking toplevel() on ptolemy.moml.MoMLSimpleApplication@29e21cc0
----------------- Done invoking toplevel() on ptolemy.moml.MoMLSimpleApplication@29e21cc0
reloadAllAccessors: .MatrixCropFix

===========================================================================================
----------------- testing Wed Jul 31 05:19:29 UTC 2019 /home/travis/build/icyphy/ptII/ptolemy/actor/lib/test/auto/MatrixCropInt.xml
----------------- Instantiating /home/travis/build/icyphy/ptII/ptolemy/actor/lib/test/auto/MatrixCropInt.xml
2 ms. Memory: 443392K Free: 352224K (79%)
----------------- Invoking toplevel() on ptolemy.moml.MoMLSimpleApplication@63f096d0
----------------- Done invoking toplevel() on ptolemy.moml.MoMLSimpleApplication@63f096d0
reloadAllAccessors: .MatrixCropInt

===========================================================================================
----------------- testing Wed Jul 31 05:19:29 UTC 2019 /home/travis/build/icyphy/ptII/ptolemy/actor/lib/test/auto/MatrixCropLong.xml
----------------- Instantiating /home/travis/build/icyphy/ptII/ptolemy/actor/lib/test/auto/MatrixCropLong.xml
2 ms. Memory: 443392K Free: 347120K (78%)
----------------- Invoking toplevel() on ptolemy.moml.MoMLSimpleApplication@69708b14
----------------- Done invoking toplevel() on ptolemy.moml.MoMLSimpleApplication@69708b14
reloadAllAccessors: .MatrixCropLong

===========================================================================================
----------------- testing Wed Jul 31 05:19:29 UTC 2019 /home/travis/build/icyphy/ptII/ptolemy/actor/lib/test/auto/MatrixToArray.xml
----------------- Instantiating /home/travis/build/icyphy/ptII/ptolemy/actor/lib/test/auto/MatrixToArray.xml
6 ms. Memory: 443392K Free: 332288K (75%)
----------------- Invoking toplevel() on ptolemy.moml.MoMLSimpleApplication@2b0e81b0
----------------- Done invoking toplevel() on ptolemy.moml.MoMLSimpleApplication@2b0e81b0
reloadAllAccessors: .MatrixToArray

===========================================================================================
----------------- testing Wed Jul 31 05:19:29 UTC 2019 /home/travis/build/icyphy/ptII/ptolemy/actor/lib/test/auto/MaxIndex.xml
----------------- Instantiating /home/travis/build/icyphy/ptII/ptolemy/actor/lib/test/auto/MaxIndex.xml
2 ms. Memory: 443392K Free: 327168K (74%)
----------------- Invoking toplevel() on ptolemy.moml.MoMLSimpleApplication@22c1e38c
----------------- Done invoking toplevel() on ptolemy.moml.MoMLSimpleApplication@22c1e38c
reloadAllAccessors: .MaxIndex

===========================================================================================
----------------- testing Wed Jul 31 05:19:29 UTC 2019 /home/travis/build/icyphy/ptII/ptolemy/actor/lib/test/auto/Maximum.xml
----------------- Instantiating /home/travis/build/icyphy/ptII/ptolemy/actor/lib/test/auto/Maximum.xml
2 ms. Memory: 443392K Free: 320480K (72%)
----------------- Invoking toplevel() on ptolemy.moml.MoMLSimpleApplication@779d0ddf
----------------- Done invoking toplevel() on ptolemy.moml.MoMLSimpleApplication@779d0ddf
reloadAllAccessors: .Maximum

===========================================================================================
----------------- testing Wed Jul 31 05:19:29 UTC 2019 /home/travis/build/icyphy/ptII/ptolemy/actor/lib/test/auto/MaximumComplex.xml
----------------- Instantiating /home/travis/build/icyphy/ptII/ptolemy/actor/lib/test/auto/MaximumComplex.xml
5 ms. Memory: 443392K Free: 314352K (71%)
----------------- Invoking toplevel() on ptolemy.moml.MoMLSimpleApplication@4ccf0b17
----------------- Done invoking toplevel() on ptolemy.moml.MoMLSimpleApplication@4ccf0b17
reloadAllAccessors: .MaximumComplex

===========================================================================================
----------------- testing Wed Jul 31 05:19:29 UTC 2019 /home/travis/build/icyphy/ptII/ptolemy/actor/lib/test/auto/MethodCallTest.xml
----------------- Instantiating /home/travis/build/icyphy/ptII/ptolemy/actor/lib/test/auto/MethodCallTest.xml
3 ms. Memory: 443392K Free: 307712K (69%)
----------------- Invoking toplevel() on ptolemy.moml.MoMLSimpleApplication@25c4c6b0
----------------- Done invoking toplevel() on ptolemy.moml.MoMLSimpleApplication@25c4c6b0
reloadAllAccessors: .MethodCallTest

===========================================================================================
----------------- testing Wed Jul 31 05:19:29 UTC 2019 /home/travis/build/icyphy/ptII/ptolemy/actor/lib/test/auto/Minimum.xml
----------------- Instantiating /home/travis/build/icyphy/ptII/ptolemy/actor/lib/test/auto/Minimum.xml
2 ms. Memory: 443392K Free: 301040K (68%)
----------------- Invoking toplevel() on ptolemy.moml.MoMLSimpleApplication@7e373fec
----------------- Done invoking toplevel() on ptolemy.moml.MoMLSimpleApplication@7e373fec
reloadAllAccessors: .Minimum

===========================================================================================
----------------- testing Wed Jul 31 05:19:29 UTC 2019 /home/travis/build/icyphy/ptII/ptolemy/actor/lib/test/auto/MinimumComplex.xml
----------------- Instantiating /home/travis/build/icyphy/ptII/ptolemy/actor/lib/test/auto/MinimumComplex.xml
4 ms. Memory: 443392K Free: 294896K (67%)
----------------- Invoking toplevel() on ptolemy.moml.MoMLSimpleApplication@166391e4
----------------- Done invoking toplevel() on ptolemy.moml.MoMLSimpleApplication@166391e4
reloadAllAccessors: .MinimumComplex

===========================================================================================
----------------- testing Wed Jul 31 05:19:29 UTC 2019 /home/travis/build/icyphy/ptII/ptolemy/actor/lib/test/auto/MinimumMultiports.xml
----------------- Instantiating /home/travis/build/icyphy/ptII/ptolemy/actor/lib/test/auto/MinimumMultiports.xml
3 ms. Memory: 443392K Free: 286208K (65%)
----------------- Invoking toplevel() on ptolemy.moml.MoMLSimpleApplication@79a1dd71
----------------- Done invoking toplevel() on ptolemy.moml.MoMLSimpleApplication@79a1dd71
reloadAllAccessors: .MinimumMultiports

===========================================================================================
----------------- testing Wed Jul 31 05:19:29 UTC 2019 /home/travis/build/icyphy/ptII/ptolemy/actor/lib/test/auto/ModifyDate.xml
----------------- Instantiating /home/travis/build/icyphy/ptII/ptolemy/actor/lib/test/auto/ModifyDate.xml
9 ms. Memory: 443392K Free: 272896K (62%)
----------------- Invoking toplevel() on ptolemy.moml.MoMLSimpleApplication@25d2ba29
----------------- Done invoking toplevel() on ptolemy.moml.MoMLSimpleApplication@25d2ba29
reloadAllAccessors: .ModifyDate

===========================================================================================
----------------- testing Wed Jul 31 05:19:29 UTC 2019 /home/travis/build/icyphy/ptII/ptolemy/actor/lib/test/auto/ModifyDate2.xml
----------------- Instantiating /home/travis/build/icyphy/ptII/ptolemy/actor/lib/test/auto/ModifyDate2.xml
3 ms. Memory: 443392K Free: 264190K (60%)
----------------- Invoking toplevel() on ptolemy.moml.MoMLSimpleApplication@7cec6ec2
----------------- Done invoking toplevel() on ptolemy.moml.MoMLSimpleApplication@7cec6ec2
reloadAllAccessors: .ModifyDate2

===========================================================================================
----------------- testing Wed Jul 31 05:19:29 UTC 2019 /home/travis/build/icyphy/ptII/ptolemy/actor/lib/test/auto/MovingAverage.xml
----------------- Instantiating /home/travis/build/icyphy/ptII/ptolemy/actor/lib/test/auto/MovingAverage.xml
2 ms. Memory: 443392K Free: 259070K (58%)
----------------- Invoking toplevel() on ptolemy.moml.MoMLSimpleApplication@7c4fd07b
----------------- Done invoking toplevel() on ptolemy.moml.MoMLSimpleApplication@7c4fd07b
reloadAllAccessors: .MovingAverage

===========================================================================================
----------------- testing Wed Jul 31 05:19:29 UTC 2019 /home/travis/build/icyphy/ptII/ptolemy/actor/lib/test/auto/MovingMaximum.xml
----------------- Instantiating /home/travis/build/icyphy/ptII/ptolemy/actor/lib/test/auto/MovingMaximum.xml
2 ms. Memory: 443392K Free: 254464K (57%)
----------------- Invoking toplevel() on ptolemy.moml.MoMLSimpleApplication@bb00768
----------------- Done invoking toplevel() on ptolemy.moml.MoMLSimpleApplication@bb00768
reloadAllAccessors: .MovingMaximum

===========================================================================================
----------------- testing Wed Jul 31 05:19:29 UTC 2019 /home/travis/build/icyphy/ptII/ptolemy/actor/lib/test/auto/MultipleLinksToSameRelation.xml
----------------- Instantiating /home/travis/build/icyphy/ptII/ptolemy/actor/lib/test/auto/MultipleLinksToSameRelation.xml
3 ms. Memory: 443392K Free: 250368K (56%)
----------------- Invoking toplevel() on ptolemy.moml.MoMLSimpleApplication@1f61f9f5
----------------- Done invoking toplevel() on ptolemy.moml.MoMLSimpleApplication@1f61f9f5
reloadAllAccessors: .MultipleLinksToSameRelation

===========================================================================================
----------------- testing Wed Jul 31 05:19:29 UTC 2019 /home/travis/build/icyphy/ptII/ptolemy/actor/lib/test/auto/MultipleLinksToSameRelationDE.xml
----------------- Instantiating /home/travis/build/icyphy/ptII/ptolemy/actor/lib/test/auto/MultipleLinksToSameRelationDE.xml
9 ms. Memory: 443392K Free: 245744K (55%)
----------------- Invoking toplevel() on ptolemy.moml.MoMLSimpleApplication@5e086e22
----------------- Done invoking toplevel() on ptolemy.moml.MoMLSimpleApplication@5e086e22
reloadAllAccessors: .MultipleLinksToSameRelationDE

===========================================================================================
----------------- testing Wed Jul 31 05:19:29 UTC 2019 /home/travis/build/icyphy/ptII/ptolemy/actor/lib/test/auto/Multiplexor.xml
----------------- Instantiating /home/travis/build/icyphy/ptII/ptolemy/actor/lib/test/auto/Multiplexor.xml
2 ms. Memory: 443392K Free: 240128K (54%)
----------------- Invoking toplevel() on ptolemy.moml.MoMLSimpleApplication@308af42c
----------------- Done invoking toplevel() on ptolemy.moml.MoMLSimpleApplication@308af42c
reloadAllAccessors: .Multiplexor

===========================================================================================
----------------- testing Wed Jul 31 05:19:29 UTC 2019 /home/travis/build/icyphy/ptII/ptolemy/actor/lib/test/auto/Multiplexor1.xml
----------------- Instantiating /home/travis/build/icyphy/ptII/ptolemy/actor/lib/test/auto/Multiplexor1.xml
3 ms. Memory: 443392K Free: 234488K (53%)
----------------- Invoking toplevel() on ptolemy.moml.MoMLSimpleApplication@74f32e71
----------------- Done invoking toplevel() on ptolemy.moml.MoMLSimpleApplication@74f32e71
reloadAllAccessors: .Multiplexor1

===========================================================================================
----------------- testing Wed Jul 31 05:19:29 UTC 2019 /home/travis/build/icyphy/ptII/ptolemy/actor/lib/test/auto/Multiplexor2.xml
----------------- Instantiating /home/travis/build/icyphy/ptII/ptolemy/actor/lib/test/auto/Multiplexor2.xml
4 ms. Memory: 443392K Free: 227840K (51%)
----------------- Invoking toplevel() on ptolemy.moml.MoMLSimpleApplication@5777325f
----------------- Done invoking toplevel() on ptolemy.moml.MoMLSimpleApplication@5777325f
reloadAllAccessors: .Multiplexor2

===========================================================================================
----------------- testing Wed Jul 31 05:19:29 UTC 2019 /home/travis/build/icyphy/ptII/ptolemy/actor/lib/test/auto/Multiplexor3.xml
----------------- Instantiating /home/travis/build/icyphy/ptII/ptolemy/actor/lib/test/auto/Multiplexor3.xml
1 ms. Memory: 443392K Free: 223744K (50%)
----------------- Invoking toplevel() on ptolemy.moml.MoMLSimpleApplication@16580fa1
----------------- Done invoking toplevel() on ptolemy.moml.MoMLSimpleApplication@16580fa1
reloadAllAccessors: .Multiplexor3

===========================================================================================
----------------- testing Wed Jul 31 05:19:29 UTC 2019 /home/travis/build/icyphy/ptII/ptolemy/actor/lib/test/auto/MultiplexorDE.xml
----------------- Instantiating /home/travis/build/icyphy/ptII/ptolemy/actor/lib/test/auto/MultiplexorDE.xml
3 ms. Memory: 443392K Free: 216032K (49%)
----------------- Invoking toplevel() on ptolemy.moml.MoMLSimpleApplication@72be7907
----------------- Done invoking toplevel() on ptolemy.moml.MoMLSimpleApplication@72be7907
reloadAllAccessors: .MultiplexorDE

===========================================================================================
----------------- testing Wed Jul 31 05:19:29 UTC 2019 /home/travis/build/icyphy/ptII/ptolemy/actor/lib/test/auto/MultiportBroadcastTest.xml
----------------- Instantiating /home/travis/build/icyphy/ptII/ptolemy/actor/lib/test/auto/MultiportBroadcastTest.xml
102 ms. Memory: 443392K Free: 209408K (47%)
----------------- Invoking toplevel() on ptolemy.moml.MoMLSimpleApplication@7d69e1e8
----------------- Done invoking toplevel() on ptolemy.moml.MoMLSimpleApplication@7d69e1e8
reloadAllAccessors: .MultiportBroadcastTest

===========================================================================================
----------------- testing Wed Jul 31 05:19:30 UTC 2019 /home/travis/build/icyphy/ptII/ptolemy/actor/lib/test/auto/MultiportOutHangDuringGetWidth.xml
----------------- Instantiating /home/travis/build/icyphy/ptII/ptolemy/actor/lib/test/auto/MultiportOutHangDuringGetWidth.xml
5 ms. Memory: 443392K Free: 197120K (44%)
----------------- Invoking toplevel() on ptolemy.moml.MoMLSimpleApplication@1f952da5
----------------- Done invoking toplevel() on ptolemy.moml.MoMLSimpleApplication@1f952da5
reloadAllAccessors: .MultiportOutHangDuringGetWidth

===========================================================================================
----------------- testing Wed Jul 31 05:19:30 UTC 2019 /home/travis/build/icyphy/ptII/ptolemy/actor/lib/test/auto/NilToken.xml
----------------- Instantiating /home/travis/build/icyphy/ptII/ptolemy/actor/lib/test/auto/NilToken.xml
2 ms. Memory: 443392K Free: 193024K (44%)
----------------- Invoking toplevel() on ptolemy.moml.MoMLSimpleApplication@50e0972d
----------------- Done invoking toplevel() on ptolemy.moml.MoMLSimpleApplication@50e0972d
reloadAllAccessors: .NilToken

===========================================================================================
----------------- testing Wed Jul 31 05:19:30 UTC 2019 /home/travis/build/icyphy/ptII/ptolemy/actor/lib/test/auto/NilTokenNonStrictTest.xml
----------------- Instantiating /home/travis/build/icyphy/ptII/ptolemy/actor/lib/test/auto/NilTokenNonStrictTest.xml
3 ms. Memory: 443392K Free: 187904K (42%)
----------------- Invoking toplevel() on ptolemy.moml.MoMLSimpleApplication@6287a63b
----------------- Done invoking toplevel() on ptolemy.moml.MoMLSimpleApplication@6287a63b
reloadAllAccessors: .NilTokenNonStrictTest

===========================================================================================
----------------- testing Wed Jul 31 05:19:30 UTC 2019 /home/travis/build/icyphy/ptII/ptolemy/actor/lib/test/auto/NilTokenRecord.xml
----------------- Instantiating /home/travis/build/icyphy/ptII/ptolemy/actor/lib/test/auto/NilTokenRecord.xml
6 ms. Memory: 443392K Free: 181246K (41%)
----------------- Invoking toplevel() on ptolemy.moml.MoMLSimpleApplication@5362432
----------------- Done invoking toplevel() on ptolemy.moml.MoMLSimpleApplication@5362432
reloadAllAccessors: .NilTokenRecord

===========================================================================================
----------------- testing Wed Jul 31 05:19:30 UTC 2019 /home/travis/build/icyphy/ptII/ptolemy/actor/lib/test/auto/NilTokenTypeTest.xml
----------------- Instantiating /home/travis/build/icyphy/ptII/ptolemy/actor/lib/test/auto/NilTokenTypeTest.xml
18 ms. Memory: 443392K Free: 171520K (39%)
----------------- Invoking toplevel() on ptolemy.moml.MoMLSimpleApplication@340d412
----------------- Done invoking toplevel() on ptolemy.moml.MoMLSimpleApplication@340d412
reloadAllAccessors: .NilTokenTypeTest

===========================================================================================
----------------- testing Wed Jul 31 05:19:30 UTC 2019 /home/travis/build/icyphy/ptII/ptolemy/actor/lib/test/auto/ObjectToken1.xml
----------------- Instantiating /home/travis/build/icyphy/ptII/ptolemy/actor/lib/test/auto/ObjectToken1.xml
3 ms. Memory: 443392K Free: 167424K (38%)
----------------- Invoking toplevel() on ptolemy.moml.MoMLSimpleApplication@7c78d9a2
----------------- Done invoking toplevel() on ptolemy.moml.MoMLSimpleApplication@7c78d9a2
reloadAllAccessors: .ObjectToken1

===========================================================================================
----------------- testing Wed Jul 31 05:19:30 UTC 2019 /home/travis/build/icyphy/ptII/ptolemy/actor/lib/test/auto/OrderedMerge.xml
----------------- Instantiating /home/travis/build/icyphy/ptII/ptolemy/actor/lib/test/auto/OrderedMerge.xml
6 ms. Memory: 443392K Free: 161790K (36%)
----------------- Invoking toplevel() on ptolemy.moml.MoMLSimpleApplication@2505f9e3
----------------- Done invoking toplevel() on ptolemy.moml.MoMLSimpleApplication@2505f9e3
reloadAllAccessors: .OrderedMerge

===========================================================================================
----------------- testing Wed Jul 31 05:19:30 UTC 2019 /home/travis/build/icyphy/ptII/ptolemy/actor/lib/test/auto/OrderedRecordDisassembler.xml
----------------- Instantiating /home/travis/build/icyphy/ptII/ptolemy/actor/lib/test/auto/OrderedRecordDisassembler.xml
3 ms. Memory: 443392K Free: 156664K (35%)
----------------- Invoking toplevel() on ptolemy.moml.MoMLSimpleApplication@60963f2f
----------------- Done invoking toplevel() on ptolemy.moml.MoMLSimpleApplication@60963f2f
reloadAllAccessors: .OrderedRecordDisassembler

===========================================================================================
----------------- testing Wed Jul 31 05:19:30 UTC 2019 /home/travis/build/icyphy/ptII/ptolemy/actor/lib/test/auto/OrderedRecordDisassembler2.xml
----------------- Instantiating /home/travis/build/icyphy/ptII/ptolemy/actor/lib/test/auto/OrderedRecordDisassembler2.xml
4 ms. Memory: 443392K Free: 148992K (34%)
----------------- Invoking toplevel() on ptolemy.moml.MoMLSimpleApplication@6c9cbadb
----------------- Done invoking toplevel() on ptolemy.moml.MoMLSimpleApplication@6c9cbadb
reloadAllAccessors: .OrderedRecordDisassembler2

===========================================================================================
----------------- testing Wed Jul 31 05:19:30 UTC 2019 /home/travis/build/icyphy/ptII/ptolemy/actor/lib/test/auto/OrderedRecordUpdater.xml
----------------- Instantiating /home/travis/build/icyphy/ptII/ptolemy/actor/lib/test/auto/OrderedRecordUpdater.xml
1 ms. Memory: 443392K Free: 143872K (32%)
----------------- Invoking toplevel() on ptolemy.moml.MoMLSimpleApplication@11851d02
----------------- Done invoking toplevel() on ptolemy.moml.MoMLSimpleApplication@11851d02
reloadAllAccessors: .RecordUpdater

===========================================================================================
----------------- testing Wed Jul 31 05:19:30 UTC 2019 /home/travis/build/icyphy/ptII/ptolemy/actor/lib/test/auto/OrderedRecordUpdater2.xml
----------------- Instantiating /home/travis/build/icyphy/ptII/ptolemy/actor/lib/test/auto/OrderedRecordUpdater2.xml
2 ms. Memory: 443392K Free: 138752K (31%)
----------------- Invoking toplevel() on ptolemy.moml.MoMLSimpleApplication@7a3c8808
----------------- Done invoking toplevel() on ptolemy.moml.MoMLSimpleApplication@7a3c8808
reloadAllAccessors: .RecordUpdater2

===========================================================================================
----------------- testing Wed Jul 31 05:19:30 UTC 2019 /home/travis/build/icyphy/ptII/ptolemy/actor/lib/test/auto/PhaseUnwrap.xml
----------------- Instantiating /home/travis/build/icyphy/ptII/ptolemy/actor/lib/test/auto/PhaseUnwrap.xml
1 ms. Memory: 443392K Free: 134142K (30%)
----------------- Invoking toplevel() on ptolemy.moml.MoMLSimpleApplication@586acf9d
----------------- Done invoking toplevel() on ptolemy.moml.MoMLSimpleApplication@586acf9d
reloadAllAccessors: .PhaseUnwrap

===========================================================================================
----------------- testing Wed Jul 31 05:19:30 UTC 2019 /home/travis/build/icyphy/ptII/ptolemy/actor/lib/test/auto/PoissonClock.xml
----------------- Instantiating /home/travis/build/icyphy/ptII/ptolemy/actor/lib/test/auto/PoissonClock.xml
2 ms. Memory: 443392K Free: 391625K (88%)
----------------- Invoking toplevel() on ptolemy.moml.MoMLSimpleApplication@2cdbeb9e
----------------- Done invoking toplevel() on ptolemy.moml.MoMLSimpleApplication@2cdbeb9e
reloadAllAccessors: .PoissonClock

===========================================================================================
----------------- testing Wed Jul 31 05:19:30 UTC 2019 /home/travis/build/icyphy/ptII/ptolemy/actor/lib/test/auto/PoissonClock2.xml
----------------- Instantiating /home/travis/build/icyphy/ptII/ptolemy/actor/lib/test/auto/PoissonClock2.xml
1 ms. Memory: 443392K Free: 387019K (87%)
----------------- Invoking toplevel() on ptolemy.moml.MoMLSimpleApplication@c87e020
----------------- Done invoking toplevel() on ptolemy.moml.MoMLSimpleApplication@c87e020
reloadAllAccessors: .PoissonClock2

===========================================================================================
----------------- testing Wed Jul 31 05:19:30 UTC 2019 /home/travis/build/icyphy/ptII/ptolemy/actor/lib/test/auto/PoissonClock3.xml
----------------- Instantiating /home/travis/build/icyphy/ptII/ptolemy/actor/lib/test/auto/PoissonClock3.xml
6 ms. Memory: 443392K Free: 382409K (86%)
----------------- Invoking toplevel() on ptolemy.moml.MoMLSimpleApplication@44ad3487
----------------- Done invoking toplevel() on ptolemy.moml.MoMLSimpleApplication@44ad3487
reloadAllAccessors: .PoissonClock3

===========================================================================================
----------------- testing Wed Jul 31 05:19:30 UTC 2019 /home/travis/build/icyphy/ptII/ptolemy/actor/lib/test/auto/PubSubWithInitialTokens.xml
----------------- Instantiating /home/travis/build/icyphy/ptII/ptolemy/actor/lib/test/auto/PubSubWithInitialTokens.xml
3 ms. Memory: 443392K Free: 376779K (85%)
----------------- Invoking toplevel() on ptolemy.moml.MoMLSimpleApplication@4d9c6d63
----------------- Done invoking toplevel() on ptolemy.moml.MoMLSimpleApplication@4d9c6d63
reloadAllAccessors: .PubSubWithInitialTokens

===========================================================================================
----------------- testing Wed Jul 31 05:19:30 UTC 2019 /home/travis/build/icyphy/ptII/ptolemy/actor/lib/test/auto/PubSubWithInitialTokens2.xml
----------------- Instantiating /home/travis/build/icyphy/ptII/ptolemy/actor/lib/test/auto/PubSubWithInitialTokens2.xml
2 ms. Memory: 443392K Free: 370635K (84%)
----------------- Invoking toplevel() on ptolemy.moml.MoMLSimpleApplication@4bfdcff8
----------------- Done invoking toplevel() on ptolemy.moml.MoMLSimpleApplication@4bfdcff8
reloadAllAccessors: .PubSubWithInitialTokens2

===========================================================================================
----------------- testing Wed Jul 31 05:19:30 UTC 2019 /home/travis/build/icyphy/ptII/ptolemy/actor/lib/test/auto/PublisherClassNoParameter.xml
----------------- Instantiating /home/travis/build/icyphy/ptII/ptolemy/actor/lib/test/auto/PublisherClassNoParameter.xml
2 ms. Memory: 443392K Free: 360899K (81%)
----------------- Invoking toplevel() on ptolemy.moml.MoMLSimpleApplication@2c3d57db
----------------- Done invoking toplevel() on ptolemy.moml.MoMLSimpleApplication@2c3d57db
reloadAllAccessors: .PublisherClassNoParameter

===========================================================================================
----------------- testing Wed Jul 31 05:19:30 UTC 2019 /home/travis/build/icyphy/ptII/ptolemy/actor/lib/test/auto/PublisherClassParameter.xml
----------------- Instantiating /home/travis/build/icyphy/ptII/ptolemy/actor/lib/test/auto/PublisherClassParameter.xml
2 ms. Memory: 443392K Free: 350665K (79%)
----------------- Invoking toplevel() on ptolemy.moml.MoMLSimpleApplication@32a6d724
----------------- Done invoking toplevel() on ptolemy.moml.MoMLSimpleApplication@32a6d724
reloadAllAccessors: .PublisherClassParameter

===========================================================================================
----------------- testing Wed Jul 31 05:19:30 UTC 2019 /home/travis/build/icyphy/ptII/ptolemy/actor/lib/test/auto/PublisherNonStrictTest.xml
----------------- Instantiating /home/travis/build/icyphy/ptII/ptolemy/actor/lib/test/auto/PublisherNonStrictTest.xml
3 ms. Memory: 443392K Free: 342987K (77%)
----------------- Invoking toplevel() on ptolemy.moml.MoMLSimpleApplication@2f1149d8
----------------- Done invoking toplevel() on ptolemy.moml.MoMLSimpleApplication@2f1149d8
reloadAllAccessors: .PublisherNonStrictTest

===========================================================================================
----------------- testing Wed Jul 31 05:19:30 UTC 2019 /home/travis/build/icyphy/ptII/ptolemy/actor/lib/test/auto/PublisherPort1.xml
----------------- Instantiating /home/travis/build/icyphy/ptII/ptolemy/actor/lib/test/auto/PublisherPort1.xml
3 ms. Memory: 443392K Free: 336843K (76%)
----------------- Invoking toplevel() on ptolemy.moml.MoMLSimpleApplication@3a0c2558
----------------- Done invoking toplevel() on ptolemy.moml.MoMLSimpleApplication@3a0c2558
reloadAllAccessors: .PublisherPort1

===========================================================================================
----------------- testing Wed Jul 31 05:19:30 UTC 2019 /home/travis/build/icyphy/ptII/ptolemy/actor/lib/test/auto/PublisherPort2.xml
----------------- Instantiating /home/travis/build/icyphy/ptII/ptolemy/actor/lib/test/auto/PublisherPort2.xml
2 ms. Memory: 443392K Free: 331723K (75%)
----------------- Invoking toplevel() on ptolemy.moml.MoMLSimpleApplication@45917817
----------------- Done invoking toplevel() on ptolemy.moml.MoMLSimpleApplication@45917817
reloadAllAccessors: .PublisherPort2

===========================================================================================
----------------- testing Wed Jul 31 05:19:30 UTC 2019 /home/travis/build/icyphy/ptII/ptolemy/actor/lib/test/auto/PublisherPort3.xml
----------------- Instantiating /home/travis/build/icyphy/ptII/ptolemy/actor/lib/test/auto/PublisherPort3.xml
15 ms. Memory: 443392K Free: 325035K (73%)
----------------- Invoking toplevel() on ptolemy.moml.MoMLSimpleApplication@10b61eb0
----------------- Done invoking toplevel() on ptolemy.moml.MoMLSimpleApplication@10b61eb0
reloadAllAccessors: .PublisherPort3

===========================================================================================
----------------- testing Wed Jul 31 05:19:30 UTC 2019 /home/travis/build/icyphy/ptII/ptolemy/actor/lib/test/auto/PublisherPort4.xml
----------------- Instantiating /home/travis/build/icyphy/ptII/ptolemy/actor/lib/test/auto/PublisherPort4.xml
2 ms. Memory: 443392K Free: 319435K (72%)
----------------- Invoking toplevel() on ptolemy.moml.MoMLSimpleApplication@76691220
----------------- Done invoking toplevel() on ptolemy.moml.MoMLSimpleApplication@76691220
reloadAllAccessors: .PublisherPort4

===========================================================================================
----------------- testing Wed Jul 31 05:19:30 UTC 2019 /home/travis/build/icyphy/ptII/ptolemy/actor/lib/test/auto/PublisherPort5.xml
----------------- Instantiating /home/travis/build/icyphy/ptII/ptolemy/actor/lib/test/auto/PublisherPort5.xml
7 ms. Memory: 443392K Free: 311753K (70%)
----------------- Invoking toplevel() on ptolemy.moml.MoMLSimpleApplication@a619f0f
----------------- Done invoking toplevel() on ptolemy.moml.MoMLSimpleApplication@a619f0f
reloadAllAccessors: .PublisherPort5

===========================================================================================
----------------- testing Wed Jul 31 05:19:30 UTC 2019 /home/travis/build/icyphy/ptII/ptolemy/actor/lib/test/auto/PublisherPort5LookAlike.xml
----------------- Instantiating /home/travis/build/icyphy/ptII/ptolemy/actor/lib/test/auto/PublisherPort5LookAlike.xml
8 ms. Memory: 443392K Free: 304075K (69%)
----------------- Invoking toplevel() on ptolemy.moml.MoMLSimpleApplication@cb05b76
----------------- Done invoking toplevel() on ptolemy.moml.MoMLSimpleApplication@cb05b76
reloadAllAccessors: .PublisherPort5LookAlike

===========================================================================================
----------------- testing Wed Jul 31 05:19:30 UTC 2019 /home/travis/build/icyphy/ptII/ptolemy/actor/lib/test/auto/PublisherPort6.xml
----------------- Instantiating /home/travis/build/icyphy/ptII/ptolemy/actor/lib/test/auto/PublisherPort6.xml
2 ms. Memory: 443392K Free: 297403K (67%)
----------------- Invoking toplevel() on ptolemy.moml.MoMLSimpleApplication@25688771
----------------- Done invoking toplevel() on ptolemy.moml.MoMLSimpleApplication@25688771
reloadAllAccessors: .PublisherPort6

===========================================================================================
----------------- testing Wed Jul 31 05:19:30 UTC 2019 /home/travis/build/icyphy/ptII/ptolemy/actor/lib/test/auto/PublisherPort7.xml
----------------- Instantiating /home/travis/build/icyphy/ptII/ptolemy/actor/lib/test/auto/PublisherPort7.xml
3 ms. Memory: 443392K Free: 289739K (65%)
----------------- Invoking toplevel() on ptolemy.moml.MoMLSimpleApplication@53ff57e9
----------------- Done invoking toplevel() on ptolemy.moml.MoMLSimpleApplication@53ff57e9
reloadAllAccessors: .PublisherPort7

===========================================================================================
----------------- testing Wed Jul 31 05:19:30 UTC 2019 /home/travis/build/icyphy/ptII/ptolemy/actor/lib/test/auto/PublisherPort8.xml
----------------- Instantiating /home/travis/build/icyphy/ptII/ptolemy/actor/lib/test/auto/PublisherPort8.xml
5 ms. Memory: 443392K Free: 281033K (63%)
----------------- Invoking toplevel() on ptolemy.moml.MoMLSimpleApplication@66cb43f5
----------------- Done invoking toplevel() on ptolemy.moml.MoMLSimpleApplication@66cb43f5
reloadAllAccessors: .PublisherPort8

===========================================================================================
----------------- testing Wed Jul 31 05:19:30 UTC 2019 /home/travis/build/icyphy/ptII/ptolemy/actor/lib/test/auto/PublisherPortSubscriberChannelVariablesAOC2.xml
----------------- Instantiating /home/travis/build/icyphy/ptII/ptolemy/actor/lib/test/auto/PublisherPortSubscriberChannelVariablesAOC2.xml
3 ms. Memory: 443392K Free: 263115K (59%)
----------------- Invoking toplevel() on ptolemy.moml.MoMLSimpleApplication@6d3c86f
----------------- Done invoking toplevel() on ptolemy.moml.MoMLSimpleApplication@6d3c86f
reloadAllAccessors: .PublisherPortSubscriberChannelVariablesAOC2

===========================================================================================
----------------- testing Wed Jul 31 05:19:30 UTC 2019 /home/travis/build/icyphy/ptII/ptolemy/actor/lib/test/auto/PublisherPortSubscriberOpaqueWidthInference.xml
----------------- Instantiating /home/travis/build/icyphy/ptII/ptolemy/actor/lib/test/auto/PublisherPortSubscriberOpaqueWidthInference.xml
3 ms. Memory: 443392K Free: 254923K (57%)
----------------- Invoking toplevel() on ptolemy.moml.MoMLSimpleApplication@7adb08b
----------------- Done invoking toplevel() on ptolemy.moml.MoMLSimpleApplication@7adb08b
reloadAllAccessors: .PublisherPortSubscriberOpaqueWidthInference

===========================================================================================
----------------- testing Wed Jul 31 05:19:30 UTC 2019 /home/travis/build/icyphy/ptII/ptolemy/actor/lib/test/auto/PublisherPortSubscriberPortAdjacent.xml
----------------- Instantiating /home/travis/build/icyphy/ptII/ptolemy/actor/lib/test/auto/PublisherPortSubscriberPortAdjacent.xml
2 ms. Memory: 443392K Free: 246731K (56%)
----------------- Invoking toplevel() on ptolemy.moml.MoMLSimpleApplication@4d6bc5fa
----------------- Done invoking toplevel() on ptolemy.moml.MoMLSimpleApplication@4d6bc5fa
reloadAllAccessors: .PublisherPortSubscriberPortAdjacent

===========================================================================================
----------------- testing Wed Jul 31 05:19:30 UTC 2019 /home/travis/build/icyphy/ptII/ptolemy/actor/lib/test/auto/PublisherPortSubscriberPortExpression.xml
----------------- Instantiating /home/travis/build/icyphy/ptII/ptolemy/actor/lib/test/auto/PublisherPortSubscriberPortExpression.xml
4 ms. Memory: 443392K Free: 239035K (54%)
----------------- Invoking toplevel() on ptolemy.moml.MoMLSimpleApplication@18577330
----------------- Done invoking toplevel() on ptolemy.moml.MoMLSimpleApplication@18577330
reloadAllAccessors: .PublisherPortSubscriberPortExpression

===========================================================================================
----------------- testing Wed Jul 31 05:19:30 UTC 2019 /home/travis/build/icyphy/ptII/ptolemy/actor/lib/test/auto/PublisherPortSubscriberPortOpaqueD3Reverse.xml
----------------- Instantiating /home/travis/build/icyphy/ptII/ptolemy/actor/lib/test/auto/PublisherPortSubscriberPortOpaqueD3Reverse.xml
11 ms. Memory: 443392K Free: 228809K (52%)
----------------- Invoking toplevel() on ptolemy.moml.MoMLSimpleApplication@5e1bf717
----------------- Done invoking toplevel() on ptolemy.moml.MoMLSimpleApplication@5e1bf717
reloadAllAccessors: .PublisherPortSubscriberPortOpaqueD3Reverse

===========================================================================================
----------------- testing Wed Jul 31 05:19:30 UTC 2019 /home/travis/build/icyphy/ptII/ptolemy/actor/lib/test/auto/PublisherPortSubscriberPortOpaqueWidthInference.xml
----------------- Instantiating /home/travis/build/icyphy/ptII/ptolemy/actor/lib/test/auto/PublisherPortSubscriberPortOpaqueWidthInference.xml
4 ms. Memory: 443392K Free: 221131K (50%)
----------------- Invoking toplevel() on ptolemy.moml.MoMLSimpleApplication@69bd4114
----------------- Done invoking toplevel() on ptolemy.moml.MoMLSimpleApplication@69bd4114
reloadAllAccessors: .PublisherPortSubscriberPortOpaqueWidthInference

===========================================================================================
----------------- testing Wed Jul 31 05:19:30 UTC 2019 /home/travis/build/icyphy/ptII/ptolemy/actor/lib/test/auto/PublisherPortToplevelSubscriberPortAOC.xml
----------------- Instantiating /home/travis/build/icyphy/ptII/ptolemy/actor/lib/test/auto/PublisherPortToplevelSubscriberPortAOC.xml
.PublisherPortToplevelSubscriberPortAOC.TestExceptionAttribute: initialize() was not invoked, but wrapup() was.  This is unusual, but not always a problem.  For example, exporting JNLP will do this.
1 ms. Memory: 443392K Free: 215483K (49%)
----------------- Invoking toplevel() on ptolemy.moml.MoMLSimpleApplication@679cbcf3
----------------- Done invoking toplevel() on ptolemy.moml.MoMLSimpleApplication@679cbcf3
reloadAllAccessors: .PublisherPortToplevelSubscriberPortAOC

===========================================================================================
----------------- testing Wed Jul 31 05:19:30 UTC 2019 /home/travis/build/icyphy/ptII/ptolemy/actor/lib/test/auto/PublisherSubscriber.xml
----------------- Instantiating /home/travis/build/icyphy/ptII/ptolemy/actor/lib/test/auto/PublisherSubscriber.xml
2 ms. Memory: 443392K Free: 208299K (47%)
----------------- Invoking toplevel() on ptolemy.moml.MoMLSimpleApplication@3f6d9cfd
----------------- Done invoking toplevel() on ptolemy.moml.MoMLSimpleApplication@3f6d9cfd
reloadAllAccessors: .PublisherSubscriber

===========================================================================================
----------------- testing Wed Jul 31 05:19:30 UTC 2019 /home/travis/build/icyphy/ptII/ptolemy/actor/lib/test/auto/PublisherSubscriber10.xml
----------------- Instantiating /home/travis/build/icyphy/ptII/ptolemy/actor/lib/test/auto/PublisherSubscriber10.xml
7 ms. Memory: 443392K Free: 198603K (45%)
----------------- Invoking toplevel() on ptolemy.moml.MoMLSimpleApplication@2f437183
----------------- Done invoking toplevel() on ptolemy.moml.MoMLSimpleApplication@2f437183
reloadAllAccessors: .PublisherSubscriber10

===========================================================================================
----------------- testing Wed Jul 31 05:19:30 UTC 2019 /home/travis/build/icyphy/ptII/ptolemy/actor/lib/test/auto/PublisherSubscriber10InitialOutputs.xml
----------------- Instantiating /home/travis/build/icyphy/ptII/ptolemy/actor/lib/test/auto/PublisherSubscriber10InitialOutputs.xml
12 ms. Memory: 443392K Free: 188873K (43%)
----------------- Invoking toplevel() on ptolemy.moml.MoMLSimpleApplication@6bf80703
----------------- Done invoking toplevel() on ptolemy.moml.MoMLSimpleApplication@6bf80703
reloadAllAccessors: .PublisherSubscriber10InitialOutputs

===========================================================================================
----------------- testing Wed Jul 31 05:19:30 UTC 2019 /home/travis/build/icyphy/ptII/ptolemy/actor/lib/test/auto/PublisherSubscriber11.xml
----------------- Instantiating /home/travis/build/icyphy/ptII/ptolemy/actor/lib/test/auto/PublisherSubscriber11.xml
3 ms. Memory: 443392K Free: 182715K (41%)
----------------- Invoking toplevel() on ptolemy.moml.MoMLSimpleApplication@4b739f4f
----------------- Done invoking toplevel() on ptolemy.moml.MoMLSimpleApplication@4b739f4f
reloadAllAccessors: .PublisherSubscriber11

===========================================================================================
----------------- testing Wed Jul 31 05:19:31 UTC 2019 /home/travis/build/icyphy/ptII/ptolemy/actor/lib/test/auto/PublisherSubscriber12.xml
----------------- Instantiating /home/travis/build/icyphy/ptII/ptolemy/actor/lib/test/auto/PublisherSubscriber12.xml
7 ms. Memory: 443392K Free: 176075K (40%)
----------------- Invoking toplevel() on ptolemy.moml.MoMLSimpleApplication@438c3e3c
----------------- Done invoking toplevel() on ptolemy.moml.MoMLSimpleApplication@438c3e3c
reloadAllAccessors: .PublisherSubscriber12

===========================================================================================
----------------- testing Wed Jul 31 05:19:31 UTC 2019 /home/travis/build/icyphy/ptII/ptolemy/actor/lib/test/auto/PublisherSubscriber13.xml
----------------- Instantiating /home/travis/build/icyphy/ptII/ptolemy/actor/lib/test/auto/PublisherSubscriber13.xml
2 ms. Memory: 443392K Free: 170411K (38%)
----------------- Invoking toplevel() on ptolemy.moml.MoMLSimpleApplication@48f02de8
----------------- Done invoking toplevel() on ptolemy.moml.MoMLSimpleApplication@48f02de8
reloadAllAccessors: .PublisherSubscriber13

===========================================================================================
----------------- testing Wed Jul 31 05:19:31 UTC 2019 /home/travis/build/icyphy/ptII/ptolemy/actor/lib/test/auto/PublisherSubscriber14.xml
----------------- Instantiating /home/travis/build/icyphy/ptII/ptolemy/actor/lib/test/auto/PublisherSubscriber14.xml
2 ms. Memory: 443392K Free: 161739K (36%)
----------------- Invoking toplevel() on ptolemy.moml.MoMLSimpleApplication@29915ba6
----------------- Done invoking toplevel() on ptolemy.moml.MoMLSimpleApplication@29915ba6
reloadAllAccessors: .PublisherSubscriber14

===========================================================================================
----------------- testing Wed Jul 31 05:19:31 UTC 2019 /home/travis/build/icyphy/ptII/ptolemy/actor/lib/test/auto/PublisherSubscriber2.xml
----------------- Instantiating /home/travis/build/icyphy/ptII/ptolemy/actor/lib/test/auto/PublisherSubscriber2.xml
3 ms. Memory: 443392K Free: 156075K (35%)
----------------- Invoking toplevel() on ptolemy.moml.MoMLSimpleApplication@767e333d
----------------- Done invoking toplevel() on ptolemy.moml.MoMLSimpleApplication@767e333d
reloadAllAccessors: .PublisherSubscriber2

===========================================================================================
----------------- testing Wed Jul 31 05:19:31 UTC 2019 /home/travis/build/icyphy/ptII/ptolemy/actor/lib/test/auto/PublisherSubscriber3.xml
----------------- Instantiating /home/travis/build/icyphy/ptII/ptolemy/actor/lib/test/auto/PublisherSubscriber3.xml
2 ms. Memory: 443392K Free: 149931K (34%)
----------------- Invoking toplevel() on ptolemy.moml.MoMLSimpleApplication@5ea9b067
----------------- Done invoking toplevel() on ptolemy.moml.MoMLSimpleApplication@5ea9b067
reloadAllAccessors: .PublisherSubscriber3

===========================================================================================
----------------- testing Wed Jul 31 05:19:31 UTC 2019 /home/travis/build/icyphy/ptII/ptolemy/actor/lib/test/auto/PublisherSubscriber4.xml
----------------- Instantiating /home/travis/build/icyphy/ptII/ptolemy/actor/lib/test/auto/PublisherSubscriber4.xml
1 ms. Memory: 443392K Free: 144811K (33%)
----------------- Invoking toplevel() on ptolemy.moml.MoMLSimpleApplication@36493ebd
----------------- Done invoking toplevel() on ptolemy.moml.MoMLSimpleApplication@36493ebd
reloadAllAccessors: .PublisherSubscriber4

===========================================================================================
----------------- testing Wed Jul 31 05:19:31 UTC 2019 /home/travis/build/icyphy/ptII/ptolemy/actor/lib/test/auto/PublisherSubscriber5.xml
----------------- Instantiating /home/travis/build/icyphy/ptII/ptolemy/actor/lib/test/auto/PublisherSubscriber5.xml
2 ms. Memory: 443392K Free: 138187K (31%)
----------------- Invoking toplevel() on ptolemy.moml.MoMLSimpleApplication@2aa32b7c
----------------- Done invoking toplevel() on ptolemy.moml.MoMLSimpleApplication@2aa32b7c
reloadAllAccessors: .PublisherSubscriber5

===========================================================================================
----------------- testing Wed Jul 31 05:19:31 UTC 2019 /home/travis/build/icyphy/ptII/ptolemy/actor/lib/test/auto/PublisherSubscriber6.xml
----------------- Instantiating /home/travis/build/icyphy/ptII/ptolemy/actor/lib/test/auto/PublisherSubscriber6.xml
2 ms. Memory: 443392K Free: 392689K (89%)
----------------- Invoking toplevel() on ptolemy.moml.MoMLSimpleApplication@58cc1493
----------------- Done invoking toplevel() on ptolemy.moml.MoMLSimpleApplication@58cc1493
reloadAllAccessors: .PublisherSubscriber6

===========================================================================================
----------------- testing Wed Jul 31 05:19:31 UTC 2019 /home/travis/build/icyphy/ptII/ptolemy/actor/lib/test/auto/PublisherSubscriber7.xml
----------------- Instantiating /home/travis/build/icyphy/ptII/ptolemy/actor/lib/test/auto/PublisherSubscriber7.xml
8 ms. Memory: 443392K Free: 385521K (87%)
----------------- Invoking toplevel() on ptolemy.moml.MoMLSimpleApplication@419e4615
----------------- Done invoking toplevel() on ptolemy.moml.MoMLSimpleApplication@419e4615
reloadAllAccessors: .PublisherSubscriber7

===========================================================================================
----------------- testing Wed Jul 31 05:19:31 UTC 2019 /home/travis/build/icyphy/ptII/ptolemy/actor/lib/test/auto/PublisherSubscriber8.xml
----------------- Instantiating /home/travis/build/icyphy/ptII/ptolemy/actor/lib/test/auto/PublisherSubscriber8.xml
25 ms. Memory: 443392K Free: 373747K (84%)
----------------- Invoking toplevel() on ptolemy.moml.MoMLSimpleApplication@35a4926f
----------------- Done invoking toplevel() on ptolemy.moml.MoMLSimpleApplication@35a4926f
reloadAllAccessors: .PublisherSubscriber8

===========================================================================================
----------------- testing Wed Jul 31 05:19:31 UTC 2019 /home/travis/build/icyphy/ptII/ptolemy/actor/lib/test/auto/PublisherSubscriber9.xml
----------------- Instantiating /home/travis/build/icyphy/ptII/ptolemy/actor/lib/test/auto/PublisherSubscriber9.xml
3 ms. Memory: 443392K Free: 366579K (83%)
----------------- Invoking toplevel() on ptolemy.moml.MoMLSimpleApplication@47cd390e
----------------- Done invoking toplevel() on ptolemy.moml.MoMLSimpleApplication@47cd390e
reloadAllAccessors: .PublisherSubscriber9

===========================================================================================
----------------- testing Wed Jul 31 05:19:31 UTC 2019 /home/travis/build/icyphy/ptII/ptolemy/actor/lib/test/auto/PublisherSubscriberAdjacent.xml
----------------- Instantiating /home/travis/build/icyphy/ptII/ptolemy/actor/lib/test/auto/PublisherSubscriberAdjacent.xml
1 ms. Memory: 443392K Free: 358387K (81%)
----------------- Invoking toplevel() on ptolemy.moml.MoMLSimpleApplication@48ce3e5b
----------------- Done invoking toplevel() on ptolemy.moml.MoMLSimpleApplication@48ce3e5b
reloadAllAccessors: .PublisherSubscriberAdjacent

===========================================================================================
----------------- testing Wed Jul 31 05:19:31 UTC 2019 /home/travis/build/icyphy/ptII/ptolemy/actor/lib/test/auto/PublisherSubscriberChannelVariablesAOC2.xml
----------------- Instantiating /home/travis/build/icyphy/ptII/ptolemy/actor/lib/test/auto/PublisherSubscriberChannelVariablesAOC2.xml
2 ms. Memory: 443392K Free: 343523K (77%)
----------------- Invoking toplevel() on ptolemy.moml.MoMLSimpleApplication@480c163
----------------- Done invoking toplevel() on ptolemy.moml.MoMLSimpleApplication@480c163
reloadAllAccessors: .PublisherSubscriberChannelVariablesAOC2

===========================================================================================
----------------- testing Wed Jul 31 05:19:31 UTC 2019 /home/travis/build/icyphy/ptII/ptolemy/actor/lib/test/auto/PublisherSubscriberD3.xml
----------------- Instantiating /home/travis/build/icyphy/ptII/ptolemy/actor/lib/test/auto/PublisherSubscriberD3.xml
2 ms. Memory: 443392K Free: 336369K (76%)
----------------- Invoking toplevel() on ptolemy.moml.MoMLSimpleApplication@4b3198d3
----------------- Done invoking toplevel() on ptolemy.moml.MoMLSimpleApplication@4b3198d3
reloadAllAccessors: .PublisherSubscriberD3

===========================================================================================
----------------- testing Wed Jul 31 05:19:31 UTC 2019 /home/travis/build/icyphy/ptII/ptolemy/actor/lib/test/auto/PublisherSubscriberD3Reverse.xml
----------------- Instantiating /home/travis/build/icyphy/ptII/ptolemy/actor/lib/test/auto/PublisherSubscriberD3Reverse.xml
1 ms. Memory: 443392K Free: 329715K (74%)
----------------- Invoking toplevel() on ptolemy.moml.MoMLSimpleApplication@26d9d43f
----------------- Done invoking toplevel() on ptolemy.moml.MoMLSimpleApplication@26d9d43f
reloadAllAccessors: .PublisherSubscriberD3Reverse

===========================================================================================
----------------- testing Wed Jul 31 05:19:31 UTC 2019 /home/travis/build/icyphy/ptII/ptolemy/actor/lib/test/auto/PublisherSubscriberExpression.xml
----------------- Instantiating /home/travis/build/icyphy/ptII/ptolemy/actor/lib/test/auto/PublisherSubscriberExpression.xml
3 ms. Memory: 443392K Free: 320995K (72%)
----------------- Invoking toplevel() on ptolemy.moml.MoMLSimpleApplication@1948ec43
----------------- Done invoking toplevel() on ptolemy.moml.MoMLSimpleApplication@1948ec43
reloadAllAccessors: .PublisherSubscriberExpression

===========================================================================================
----------------- testing Wed Jul 31 05:19:31 UTC 2019 /home/travis/build/icyphy/ptII/ptolemy/actor/lib/test/auto/PublisherSubscriberOpaque.xml
----------------- Instantiating /home/travis/build/icyphy/ptII/ptolemy/actor/lib/test/auto/PublisherSubscriberOpaque.xml
4 ms. Memory: 443392K Free: 312817K (71%)
----------------- Invoking toplevel() on ptolemy.moml.MoMLSimpleApplication@1eca8bbf
----------------- Done invoking toplevel() on ptolemy.moml.MoMLSimpleApplication@1eca8bbf
reloadAllAccessors: .PublisherSubscriberOpaque

===========================================================================================
----------------- testing Wed Jul 31 05:19:31 UTC 2019 /home/travis/build/icyphy/ptII/ptolemy/actor/lib/test/auto/PublisherSubscriberOpaqueD3.xml
----------------- Instantiating /home/travis/build/icyphy/ptII/ptolemy/actor/lib/test/auto/PublisherSubscriberOpaqueD3.xml
5 ms. Memory: 443392K Free: 301553K (68%)
----------------- Invoking toplevel() on ptolemy.moml.MoMLSimpleApplication@63509c8f
----------------- Done invoking toplevel() on ptolemy.moml.MoMLSimpleApplication@63509c8f
reloadAllAccessors: .PublisherSubscriberOpaqueD3

===========================================================================================
----------------- testing Wed Jul 31 05:19:31 UTC 2019 /home/travis/build/icyphy/ptII/ptolemy/actor/lib/test/auto/PublisherSubscriberOpaqueD3Reverse.xml
----------------- Instantiating /home/travis/build/icyphy/ptII/ptolemy/actor/lib/test/auto/PublisherSubscriberOpaqueD3Reverse.xml
10 ms. Memory: 443392K Free: 290289K (65%)
----------------- Invoking toplevel() on ptolemy.moml.MoMLSimpleApplication@28db49d8
----------------- Done invoking toplevel() on ptolemy.moml.MoMLSimpleApplication@28db49d8
reloadAllAccessors: .PublisherSubscriberOpaqueD3Reverse

===========================================================================================
----------------- testing Wed Jul 31 05:19:31 UTC 2019 /home/travis/build/icyphy/ptII/ptolemy/actor/lib/test/auto/PublisherSubscriberOpaqueWidthInference.xml
----------------- Instantiating /home/travis/build/icyphy/ptII/ptolemy/actor/lib/test/auto/PublisherSubscriberOpaqueWidthInference.xml
5 ms. Memory: 443392K Free: 281587K (64%)
----------------- Invoking toplevel() on ptolemy.moml.MoMLSimpleApplication@66113fc4
----------------- Done invoking toplevel() on ptolemy.moml.MoMLSimpleApplication@66113fc4
reloadAllAccessors: .PublisherSubscriberOpaqueWidthInference

===========================================================================================
----------------- testing Wed Jul 31 05:19:31 UTC 2019 /home/travis/build/icyphy/ptII/ptolemy/actor/lib/test/auto/PublisherTestSubscriber.xml
----------------- Instantiating /home/travis/build/icyphy/ptII/ptolemy/actor/lib/test/auto/PublisherTestSubscriber.xml
3 ms. Memory: 443392K Free: 273899K (62%)
----------------- Invoking toplevel() on ptolemy.moml.MoMLSimpleApplication@3f22def5
----------------- Done invoking toplevel() on ptolemy.moml.MoMLSimpleApplication@3f22def5
reloadAllAccessors: .PublisherTestSubscriber

===========================================================================================
----------------- testing Wed Jul 31 05:19:31 UTC 2019 /home/travis/build/icyphy/ptII/ptolemy/actor/lib/test/auto/PublisherToplevelSubscriberPortAOC.xml
----------------- Instantiating /home/travis/build/icyphy/ptII/ptolemy/actor/lib/test/auto/PublisherToplevelSubscriberPortAOC.xml
2 ms. Memory: 443392K Free: 267755K (60%)
----------------- Invoking toplevel() on ptolemy.moml.MoMLSimpleApplication@3ea2e3b1
----------------- Done invoking toplevel() on ptolemy.moml.MoMLSimpleApplication@3ea2e3b1
reloadAllAccessors: .PublisherToplevelSubscriberPortAOC

===========================================================================================
----------------- testing Wed Jul 31 05:19:31 UTC 2019 /home/travis/build/icyphy/ptII/ptolemy/actor/lib/test/auto/PulseFiringLimitDE.xml
----------------- Instantiating /home/travis/build/icyphy/ptII/ptolemy/actor/lib/test/auto/PulseFiringLimitDE.xml
3 ms. Memory: 443392K Free: 261617K (59%)
----------------- Invoking toplevel() on ptolemy.moml.MoMLSimpleApplication@4b58898d
----------------- Done invoking toplevel() on ptolemy.moml.MoMLSimpleApplication@4b58898d
reloadAllAccessors: .PulseFiringLimitDE

===========================================================================================
----------------- testing Wed Jul 31 05:19:31 UTC 2019 /home/travis/build/icyphy/ptII/ptolemy/actor/lib/test/auto/Ramp1.xml
----------------- Instantiating /home/travis/build/icyphy/ptII/ptolemy/actor/lib/test/auto/Ramp1.xml
1 ms. Memory: 443392K Free: 257515K (58%)
----------------- Invoking toplevel() on ptolemy.moml.MoMLSimpleApplication@446b245e
----------------- Done invoking toplevel() on ptolemy.moml.MoMLSimpleApplication@446b245e
reloadAllAccessors: .Ramp1

===========================================================================================
----------------- testing Wed Jul 31 05:19:31 UTC 2019 /home/travis/build/icyphy/ptII/ptolemy/actor/lib/test/auto/RampFiringLimitDE.xml
----------------- Instantiating /home/travis/build/icyphy/ptII/ptolemy/actor/lib/test/auto/RampFiringLimitDE.xml
3 ms. Memory: 443392K Free: 250867K (57%)
----------------- Invoking toplevel() on ptolemy.moml.MoMLSimpleApplication@5b4407c9
----------------- Done invoking toplevel() on ptolemy.moml.MoMLSimpleApplication@5b4407c9
reloadAllAccessors: .RampFiringLimitDE

===========================================================================================
----------------- testing Wed Jul 31 05:19:31 UTC 2019 /home/travis/build/icyphy/ptII/ptolemy/actor/lib/test/auto/RampFiringLimitSDF.xml
----------------- Instantiating /home/travis/build/icyphy/ptII/ptolemy/actor/lib/test/auto/RampFiringLimitSDF.xml
2 ms. Memory: 443392K Free: 245747K (55%)
----------------- Invoking toplevel() on ptolemy.moml.MoMLSimpleApplication@4e59ae47
----------------- Done invoking toplevel() on ptolemy.moml.MoMLSimpleApplication@4e59ae47
reloadAllAccessors: .RampFiringLimitSDF

===========================================================================================
----------------- testing Wed Jul 31 05:19:31 UTC 2019 /home/travis/build/icyphy/ptII/ptolemy/actor/lib/test/auto/RandomInteger.xml
----------------- Instantiating /home/travis/build/icyphy/ptII/ptolemy/actor/lib/test/auto/RandomInteger.xml
1 ms. Memory: 443392K Free: 241651K (55%)
----------------- Invoking toplevel() on ptolemy.moml.MoMLSimpleApplication@7b5092f1
----------------- Done invoking toplevel() on ptolemy.moml.MoMLSimpleApplication@7b5092f1
reloadAllAccessors: .RandomInteger

===========================================================================================
----------------- testing Wed Jul 31 05:19:31 UTC 2019 /home/travis/build/icyphy/ptII/ptolemy/actor/lib/test/auto/ReadFile1.xml
----------------- Instantiating /home/travis/build/icyphy/ptII/ptolemy/actor/lib/test/auto/ReadFile1.xml
2 ms. Memory: 443392K Free: 237035K (53%)
----------------- Invoking toplevel() on ptolemy.moml.MoMLSimpleApplication@ae25664
----------------- Done invoking toplevel() on ptolemy.moml.MoMLSimpleApplication@ae25664
reloadAllAccessors: .ReadFile1

===========================================================================================
----------------- testing Wed Jul 31 05:19:31 UTC 2019 /home/travis/build/icyphy/ptII/ptolemy/actor/lib/test/auto/ReadFile2.xml
----------------- Instantiating /home/travis/build/icyphy/ptII/ptolemy/actor/lib/test/auto/ReadFile2.xml
1 ms. Memory: 443392K Free: 232945K (53%)
----------------- Invoking toplevel() on ptolemy.moml.MoMLSimpleApplication@6f27190
----------------- Done invoking toplevel() on ptolemy.moml.MoMLSimpleApplication@6f27190
reloadAllAccessors: .ReadFile2

===========================================================================================
----------------- testing Wed Jul 31 05:19:31 UTC 2019 /home/travis/build/icyphy/ptII/ptolemy/actor/lib/test/auto/Reader.xml
----------------- Instantiating /home/travis/build/icyphy/ptII/ptolemy/actor/lib/test/auto/Reader.xml
actor.lib.Reader is obsolete, use actor.lib.io.ExpressionReader instead
5 ms. Memory: 443392K Free: 228339K (51%)
----------------- Invoking toplevel() on ptolemy.moml.MoMLSimpleApplication@7ef0796c
----------------- Done invoking toplevel() on ptolemy.moml.MoMLSimpleApplication@7ef0796c
reloadAllAccessors: .Reader

===========================================================================================
----------------- testing Wed Jul 31 05:19:31 UTC 2019 /home/travis/build/icyphy/ptII/ptolemy/actor/lib/test/auto/RecordAssemblerDisplayNameTest.xml
----------------- Instantiating /home/travis/build/icyphy/ptII/ptolemy/actor/lib/test/auto/RecordAssemblerDisplayNameTest.xml
3901 ms. Memory: 443392K Free: 297884K (67%)
----------------- Invoking toplevel() on ptolemy.moml.MoMLSimpleApplication@3f78cff2
----------------- Done invoking toplevel() on ptolemy.moml.MoMLSimpleApplication@3f78cff2
reloadAllAccessors: .RecordAssemblerDisplayNameTest

===========================================================================================
----------------- testing Wed Jul 31 05:19:35 UTC 2019 /home/travis/build/icyphy/ptII/ptolemy/actor/lib/test/auto/RecordAssemblerTypeError.xml
----------------- Instantiating /home/travis/build/icyphy/ptII/ptolemy/actor/lib/test/auto/RecordAssemblerTypeError.xml
17 ms. Memory: 443392K Free: 288154K (65%)
----------------- Invoking toplevel() on ptolemy.moml.MoMLSimpleApplication@2f4f79ba
----------------- Done invoking toplevel() on ptolemy.moml.MoMLSimpleApplication@2f4f79ba
reloadAllAccessors: .RecordAssemblerTypeError

===========================================================================================
----------------- testing Wed Jul 31 05:19:35 UTC 2019 /home/travis/build/icyphy/ptII/ptolemy/actor/lib/test/auto/RecordDisassember.xml
----------------- Instantiating /home/travis/build/icyphy/ptII/ptolemy/actor/lib/test/auto/RecordDisassember.xml
4 ms. Memory: 443392K Free: 283548K (64%)
----------------- Invoking toplevel() on ptolemy.moml.MoMLSimpleApplication@27229cf4
----------------- Done invoking toplevel() on ptolemy.moml.MoMLSimpleApplication@27229cf4
reloadAllAccessors: .RecordDisassember

===========================================================================================
----------------- testing Wed Jul 31 05:19:35 UTC 2019 /home/travis/build/icyphy/ptII/ptolemy/actor/lib/test/auto/RecordDisassemberDisplayNameTest.xml
----------------- Instantiating /home/travis/build/icyphy/ptII/ptolemy/actor/lib/test/auto/RecordDisassemberDisplayNameTest.xml
5 ms. Memory: 443392K Free: 274842K (62%)
----------------- Invoking toplevel() on ptolemy.moml.MoMLSimpleApplication@42343c3c
----------------- Done invoking toplevel() on ptolemy.moml.MoMLSimpleApplication@42343c3c
reloadAllAccessors: .RecordDisassemberDisplayNameTest

===========================================================================================
----------------- testing Wed Jul 31 05:19:35 UTC 2019 /home/travis/build/icyphy/ptII/ptolemy/actor/lib/test/auto/RecordDisassembler.xml
----------------- Instantiating /home/travis/build/icyphy/ptII/ptolemy/actor/lib/test/auto/RecordDisassembler.xml
3 ms. Memory: 443392K Free: 269716K (61%)
----------------- Invoking toplevel() on ptolemy.moml.MoMLSimpleApplication@42367660
----------------- Done invoking toplevel() on ptolemy.moml.MoMLSimpleApplication@42367660
reloadAllAccessors: .RecordDisassembler

===========================================================================================
----------------- testing Wed Jul 31 05:19:35 UTC 2019 /home/travis/build/icyphy/ptII/ptolemy/actor/lib/test/auto/RecordDisassembler2.xml
----------------- Instantiating /home/travis/build/icyphy/ptII/ptolemy/actor/lib/test/auto/RecordDisassembler2.xml
3 ms. Memory: 443392K Free: 264572K (60%)
----------------- Invoking toplevel() on ptolemy.moml.MoMLSimpleApplication@83781cb
----------------- Done invoking toplevel() on ptolemy.moml.MoMLSimpleApplication@83781cb
reloadAllAccessors: .RecordDisassembler2

===========================================================================================
----------------- testing Wed Jul 31 05:19:35 UTC 2019 /home/travis/build/icyphy/ptII/ptolemy/actor/lib/test/auto/RecordUpdater.xml
----------------- Instantiating /home/travis/build/icyphy/ptII/ptolemy/actor/lib/test/auto/RecordUpdater.xml
1 ms. Memory: 443392K Free: 259482K (59%)
----------------- Invoking toplevel() on ptolemy.moml.MoMLSimpleApplication@475b2b84
----------------- Done invoking toplevel() on ptolemy.moml.MoMLSimpleApplication@475b2b84
reloadAllAccessors: .RecordUpdater

===========================================================================================
----------------- testing Wed Jul 31 05:19:35 UTC 2019 /home/travis/build/icyphy/ptII/ptolemy/actor/lib/test/auto/RecordUpdater2.xml
----------------- Instantiating /home/travis/build/icyphy/ptII/ptolemy/actor/lib/test/auto/RecordUpdater2.xml
2 ms. Memory: 443392K Free: 254362K (57%)
----------------- Invoking toplevel() on ptolemy.moml.MoMLSimpleApplication@71431469
----------------- Done invoking toplevel() on ptolemy.moml.MoMLSimpleApplication@71431469
reloadAllAccessors: .RecordUpdater2

===========================================================================================
----------------- testing Wed Jul 31 05:19:35 UTC 2019 /home/travis/build/icyphy/ptII/ptolemy/actor/lib/test/auto/RecursiveLattice.xml
----------------- Instantiating /home/travis/build/icyphy/ptII/ptolemy/actor/lib/test/auto/RecursiveLattice.xml
2 ms. Memory: 443392K Free: 249756K (56%)
----------------- Invoking toplevel() on ptolemy.moml.MoMLSimpleApplication@3b2d1d87
----------------- Done invoking toplevel() on ptolemy.moml.MoMLSimpleApplication@3b2d1d87
reloadAllAccessors: .RecursiveLattice

===========================================================================================
----------------- testing Wed Jul 31 05:19:35 UTC 2019 /home/travis/build/icyphy/ptII/ptolemy/actor/lib/test/auto/Router.xml
----------------- Instantiating /home/travis/build/icyphy/ptII/ptolemy/actor/lib/test/auto/Router.xml
3003 ms. Memory: 443392K Free: 239002K (54%)
----------------- Invoking toplevel() on ptolemy.moml.MoMLSimpleApplication@253f2e49
----------------- Done invoking toplevel() on ptolemy.moml.MoMLSimpleApplication@253f2e49
reloadAllAccessors: .Router

===========================================================================================
----------------- testing Wed Jul 31 05:19:38 UTC 2019 /home/travis/build/icyphy/ptII/ptolemy/actor/lib/test/auto/Router2.xml
----------------- Instantiating /home/travis/build/icyphy/ptII/ptolemy/actor/lib/test/auto/Router2.xml
3003 ms. Memory: 443392K Free: 228252K (51%)
----------------- Invoking toplevel() on ptolemy.moml.MoMLSimpleApplication@6c75e74d
----------------- Done invoking toplevel() on ptolemy.moml.MoMLSimpleApplication@6c75e74d
reloadAllAccessors: .Router2

===========================================================================================
----------------- testing Wed Jul 31 05:19:41 UTC 2019 /home/travis/build/icyphy/ptII/ptolemy/actor/lib/test/auto/RunningMaximum.xml
----------------- Instantiating /home/travis/build/icyphy/ptII/ptolemy/actor/lib/test/auto/RunningMaximum.xml
2 ms. Memory: 443392K Free: 223132K (50%)
----------------- Invoking toplevel() on ptolemy.moml.MoMLSimpleApplication@ec1bf1e
----------------- Done invoking toplevel() on ptolemy.moml.MoMLSimpleApplication@ec1bf1e
reloadAllAccessors: .RunningMaximum

===========================================================================================
----------------- testing Wed Jul 31 05:19:41 UTC 2019 /home/travis/build/icyphy/ptII/ptolemy/actor/lib/test/auto/RunningMinimum.xml
----------------- Instantiating /home/travis/build/icyphy/ptII/ptolemy/actor/lib/test/auto/RunningMinimum.xml
8 ms. Memory: 443392K Free: 218522K (49%)
----------------- Invoking toplevel() on ptolemy.moml.MoMLSimpleApplication@cce74ca
----------------- Done invoking toplevel() on ptolemy.moml.MoMLSimpleApplication@cce74ca
reloadAllAccessors: .RunningMinimum

===========================================================================================
----------------- testing Wed Jul 31 05:19:41 UTC 2019 /home/travis/build/icyphy/ptII/ptolemy/actor/lib/test/auto/Scale.xml
----------------- Instantiating /home/travis/build/icyphy/ptII/ptolemy/actor/lib/test/auto/Scale.xml
1 ms. Memory: 443392K Free: 213916K (48%)
----------------- Invoking toplevel() on ptolemy.moml.MoMLSimpleApplication@79fc522
----------------- Done invoking toplevel() on ptolemy.moml.MoMLSimpleApplication@79fc522
reloadAllAccessors: .Scale

===========================================================================================
----------------- testing Wed Jul 31 05:19:41 UTC 2019 /home/travis/build/icyphy/ptII/ptolemy/actor/lib/test/auto/Scale2.xml
----------------- Instantiating /home/travis/build/icyphy/ptII/ptolemy/actor/lib/test/auto/Scale2.xml
2 ms. Memory: 443392K Free: 209306K (47%)
----------------- Invoking toplevel() on ptolemy.moml.MoMLSimpleApplication@761a264
----------------- Done invoking toplevel() on ptolemy.moml.MoMLSimpleApplication@761a264
reloadAllAccessors: .Scale2

===========================================================================================
----------------- testing Wed Jul 31 05:19:41 UTC 2019 /home/travis/build/icyphy/ptII/ptolemy/actor/lib/test/auto/Scale3.xml
----------------- Instantiating /home/travis/build/icyphy/ptII/ptolemy/actor/lib/test/auto/Scale3.xml
13 ms. Memory: 443392K Free: 202138K (46%)
----------------- Invoking toplevel() on ptolemy.moml.MoMLSimpleApplication@1648b969
----------------- Done invoking toplevel() on ptolemy.moml.MoMLSimpleApplication@1648b969
reloadAllAccessors: .Scale3

===========================================================================================
----------------- testing Wed Jul 31 05:19:41 UTC 2019 /home/travis/build/icyphy/ptII/ptolemy/actor/lib/test/auto/ScaleArray.xml
----------------- Instantiating /home/travis/build/icyphy/ptII/ptolemy/actor/lib/test/auto/ScaleArray.xml
1 ms. Memory: 443392K Free: 197532K (45%)
----------------- Invoking toplevel() on ptolemy.moml.MoMLSimpleApplication@47304156
----------------- Done invoking toplevel() on ptolemy.moml.MoMLSimpleApplication@47304156
reloadAllAccessors: .ScaleArray

===========================================================================================
----------------- testing Wed Jul 31 05:19:41 UTC 2019 /home/travis/build/icyphy/ptII/ptolemy/actor/lib/test/auto/ScaleArray2.xml
----------------- Instantiating /home/travis/build/icyphy/ptII/ptolemy/actor/lib/test/auto/ScaleArray2.xml
2 ms. Memory: 443392K Free: 192922K (44%)
----------------- Invoking toplevel() on ptolemy.moml.MoMLSimpleApplication@17c3ef5e
----------------- Done invoking toplevel() on ptolemy.moml.MoMLSimpleApplication@17c3ef5e
reloadAllAccessors: .ScaleArray2

===========================================================================================
----------------- testing Wed Jul 31 05:19:41 UTC 2019 /home/travis/build/icyphy/ptII/ptolemy/actor/lib/test/auto/ScaleMatrix.xml
----------------- Instantiating /home/travis/build/icyphy/ptII/ptolemy/actor/lib/test/auto/ScaleMatrix.xml
182 ms. Memory: 443392K Free: 176538K (40%)
----------------- Invoking toplevel() on ptolemy.moml.MoMLSimpleApplication@17b4891e
----------------- Done invoking toplevel() on ptolemy.moml.MoMLSimpleApplication@17b4891e
reloadAllAccessors: .ScaleMatrix

===========================================================================================
----------------- testing Wed Jul 31 05:19:42 UTC 2019 /home/travis/build/icyphy/ptII/ptolemy/actor/lib/test/auto/Select.xml
----------------- Instantiating /home/travis/build/icyphy/ptII/ptolemy/actor/lib/test/auto/Select.xml
2 ms. Memory: 443392K Free: 170380K (38%)
----------------- Invoking toplevel() on ptolemy.moml.MoMLSimpleApplication@505313d6
----------------- Done invoking toplevel() on ptolemy.moml.MoMLSimpleApplication@505313d6
reloadAllAccessors: .Select

===========================================================================================
----------------- testing Wed Jul 31 05:19:42 UTC 2019 /home/travis/build/icyphy/ptII/ptolemy/actor/lib/test/auto/Select2.xml
----------------- Instantiating /home/travis/build/icyphy/ptII/ptolemy/actor/lib/test/auto/Select2.xml
1 ms. Memory: 443392K Free: 165788K (37%)
----------------- Invoking toplevel() on ptolemy.moml.MoMLSimpleApplication@6992bc5e
----------------- Done invoking toplevel() on ptolemy.moml.MoMLSimpleApplication@6992bc5e
reloadAllAccessors: .Select2

===========================================================================================
----------------- testing Wed Jul 31 05:19:42 UTC 2019 /home/travis/build/icyphy/ptII/ptolemy/actor/lib/test/auto/SequenceToArray2.xml
----------------- Instantiating /home/travis/build/icyphy/ptII/ptolemy/actor/lib/test/auto/SequenceToArray2.xml
116 ms. Memory: 443392K Free: 141212K (32%)
----------------- Invoking toplevel() on ptolemy.moml.MoMLSimpleApplication@4ae81c22
----------------- Done invoking toplevel() on ptolemy.moml.MoMLSimpleApplication@4ae81c22
reloadAllAccessors: .SequenceToArray2

===========================================================================================
----------------- testing Wed Jul 31 05:19:42 UTC 2019 /home/travis/build/icyphy/ptII/ptolemy/actor/lib/test/auto/SequentialClock.xml
----------------- Instantiating /home/travis/build/icyphy/ptII/ptolemy/actor/lib/test/auto/SequentialClock.xml
1 ms. Memory: 443392K Free: 136602K (31%)
----------------- Invoking toplevel() on ptolemy.moml.MoMLSimpleApplication@38a8d3cd
----------------- Done invoking toplevel() on ptolemy.moml.MoMLSimpleApplication@38a8d3cd
reloadAllAccessors: .SequentialClock

===========================================================================================
----------------- testing Wed Jul 31 05:19:42 UTC 2019 /home/travis/build/icyphy/ptII/ptolemy/actor/lib/test/auto/SetVariable.xml
----------------- Instantiating /home/travis/build/icyphy/ptII/ptolemy/actor/lib/test/auto/SetVariable.xml
3 ms. Memory: 443392K Free: 392653K (89%)
----------------- Invoking toplevel() on ptolemy.moml.MoMLSimpleApplication@6cba5150
----------------- Done invoking toplevel() on ptolemy.moml.MoMLSimpleApplication@6cba5150
reloadAllAccessors: .SetVariable

===========================================================================================
----------------- testing Wed Jul 31 05:19:42 UTC 2019 /home/travis/build/icyphy/ptII/ptolemy/actor/lib/test/auto/SetVariable2.xml
----------------- Instantiating /home/travis/build/icyphy/ptII/ptolemy/actor/lib/test/auto/SetVariable2.xml
2 ms. Memory: 443392K Free: 387019K (87%)
----------------- Invoking toplevel() on ptolemy.moml.MoMLSimpleApplication@33f99154
----------------- Done invoking toplevel() on ptolemy.moml.MoMLSimpleApplication@33f99154
reloadAllAccessors: .SetVariable2

===========================================================================================
----------------- testing Wed Jul 31 05:19:42 UTC 2019 /home/travis/build/icyphy/ptII/ptolemy/actor/lib/test/auto/SetVariable3.xml
----------------- Instantiating /home/travis/build/icyphy/ptII/ptolemy/actor/lib/test/auto/SetVariable3.xml
7 ms. Memory: 443392K Free: 381899K (86%)
----------------- Invoking toplevel() on ptolemy.moml.MoMLSimpleApplication@51b7ef7
----------------- Done invoking toplevel() on ptolemy.moml.MoMLSimpleApplication@51b7ef7
reloadAllAccessors: .SetVariable3

===========================================================================================
----------------- testing Wed Jul 31 05:19:42 UTC 2019 /home/travis/build/icyphy/ptII/ptolemy/actor/lib/test/auto/SetVariable4.xml
----------------- Instantiating /home/travis/build/icyphy/ptII/ptolemy/actor/lib/test/auto/SetVariable4.xml
13 ms. Memory: 443392K Free: 372173K (84%)
----------------- Invoking toplevel() on ptolemy.moml.MoMLSimpleApplication@603c7d30
----------------- Done invoking toplevel() on ptolemy.moml.MoMLSimpleApplication@603c7d30
reloadAllAccessors: .SetVariable4

===========================================================================================
----------------- testing Wed Jul 31 05:19:42 UTC 2019 /home/travis/build/icyphy/ptII/ptolemy/actor/lib/test/auto/SetVariable5.xml
----------------- Instantiating /home/travis/build/icyphy/ptII/ptolemy/actor/lib/test/auto/SetVariable5.xml
18 ms. Memory: 443392K Free: 362429K (82%)
----------------- Invoking toplevel() on ptolemy.moml.MoMLSimpleApplication@62156483
----------------- Done invoking toplevel() on ptolemy.moml.MoMLSimpleApplication@62156483
reloadAllAccessors: .SetVariable5

===========================================================================================
----------------- testing Wed Jul 31 05:19:42 UTC 2019 /home/travis/build/icyphy/ptII/ptolemy/actor/lib/test/auto/Sinewave.xml
----------------- Instantiating /home/travis/build/icyphy/ptII/ptolemy/actor/lib/test/auto/Sinewave.xml
11 ms. Memory: 443392K Free: 352203K (79%)
----------------- Invoking toplevel() on ptolemy.moml.MoMLSimpleApplication@698c9a6d
----------------- Done invoking toplevel() on ptolemy.moml.MoMLSimpleApplication@698c9a6d
reloadAllAccessors: .Sinewave

===========================================================================================
----------------- testing Wed Jul 31 05:19:42 UTC 2019 /home/travis/build/icyphy/ptII/ptolemy/actor/lib/test/auto/Sinewave2.xml
----------------- Instantiating /home/travis/build/icyphy/ptII/ptolemy/actor/lib/test/auto/Sinewave2.xml
5 ms. Memory: 443392K Free: 343997K (78%)
----------------- Invoking toplevel() on ptolemy.moml.MoMLSimpleApplication@76b8d2b
----------------- Done invoking toplevel() on ptolemy.moml.MoMLSimpleApplication@76b8d2b
reloadAllAccessors: .Sinewave2

===========================================================================================
----------------- testing Wed Jul 31 05:19:42 UTC 2019 /home/travis/build/icyphy/ptII/ptolemy/actor/lib/test/auto/Sinewave3.xml
----------------- Instantiating /home/travis/build/icyphy/ptII/ptolemy/actor/lib/test/auto/Sinewave3.xml
12 ms. Memory: 443392K Free: 335309K (76%)
----------------- Invoking toplevel() on ptolemy.moml.MoMLSimpleApplication@35b3f835
----------------- Done invoking toplevel() on ptolemy.moml.MoMLSimpleApplication@35b3f835
reloadAllAccessors: .Sinewave3

===========================================================================================
----------------- testing Wed Jul 31 05:19:42 UTC 2019 /home/travis/build/icyphy/ptII/ptolemy/actor/lib/test/auto/SingleEvent.xml
----------------- Instantiating /home/travis/build/icyphy/ptII/ptolemy/actor/lib/test/auto/SingleEvent.xml
1 ms. Memory: 443392K Free: 331213K (75%)
----------------- Invoking toplevel() on ptolemy.moml.MoMLSimpleApplication@2ce540b3
----------------- Done invoking toplevel() on ptolemy.moml.MoMLSimpleApplication@2ce540b3
reloadAllAccessors: .SingleEvent

===========================================================================================
----------------- testing Wed Jul 31 05:19:42 UTC 2019 /home/travis/build/icyphy/ptII/ptolemy/actor/lib/test/auto/Sleep.xml
----------------- Instantiating /home/travis/build/icyphy/ptII/ptolemy/actor/lib/test/auto/Sleep.xml
6003 ms. Memory: 443392K Free: 325549K (73%)
----------------- Invoking toplevel() on ptolemy.moml.MoMLSimpleApplication@c67cf37
----------------- Done invoking toplevel() on ptolemy.moml.MoMLSimpleApplication@c67cf37
reloadAllAccessors: .Sleep

===========================================================================================
----------------- testing Wed Jul 31 05:19:48 UTC 2019 /home/travis/build/icyphy/ptII/ptolemy/actor/lib/test/auto/SleepMultipleFire.xml
----------------- Instantiating /home/travis/build/icyphy/ptII/ptolemy/actor/lib/test/auto/SleepMultipleFire.xml
1005 ms. Memory: 443392K Free: 319435K (72%)
----------------- Invoking toplevel() on ptolemy.moml.MoMLSimpleApplication@5e632e57
----------------- Done invoking toplevel() on ptolemy.moml.MoMLSimpleApplication@5e632e57
reloadAllAccessors: .SleepMultipleFire

===========================================================================================
----------------- testing Wed Jul 31 05:19:49 UTC 2019 /home/travis/build/icyphy/ptII/ptolemy/actor/lib/test/auto/StopDE.xml
----------------- Instantiating /home/travis/build/icyphy/ptII/ptolemy/actor/lib/test/auto/StopDE.xml
3 ms. Memory: 443392K Free: 313805K (71%)
----------------- Invoking toplevel() on ptolemy.moml.MoMLSimpleApplication@742d9f8f
----------------- Done invoking toplevel() on ptolemy.moml.MoMLSimpleApplication@742d9f8f
reloadAllAccessors: .StopDE

===========================================================================================
----------------- testing Wed Jul 31 05:19:49 UTC 2019 /home/travis/build/icyphy/ptII/ptolemy/actor/lib/test/auto/StopSDF.xml
----------------- Instantiating /home/travis/build/icyphy/ptII/ptolemy/actor/lib/test/auto/StopSDF.xml
4 ms. Memory: 443392K Free: 308685K (70%)
----------------- Invoking toplevel() on ptolemy.moml.MoMLSimpleApplication@4701c615
----------------- Done invoking toplevel() on ptolemy.moml.MoMLSimpleApplication@4701c615
reloadAllAccessors: .StopSDF

===========================================================================================
----------------- testing Wed Jul 31 05:19:49 UTC 2019 /home/travis/build/icyphy/ptII/ptolemy/actor/lib/test/auto/StringConstant.xml
----------------- Instantiating /home/travis/build/icyphy/ptII/ptolemy/actor/lib/test/auto/StringConstant.xml
10 ms. Memory: 443392K Free: 303565K (68%)
----------------- Invoking toplevel() on ptolemy.moml.MoMLSimpleApplication@4ac63523
----------------- Done invoking toplevel() on ptolemy.moml.MoMLSimpleApplication@4ac63523
reloadAllAccessors: .StringConstant

===========================================================================================
----------------- testing Wed Jul 31 05:19:49 UTC 2019 /home/travis/build/icyphy/ptII/ptolemy/actor/lib/test/auto/SubscriberPortInitialValues1.xml
----------------- Instantiating /home/travis/build/icyphy/ptII/ptolemy/actor/lib/test/auto/SubscriberPortInitialValues1.xml
12 ms. Memory: 443392K Free: 294859K (67%)
----------------- Invoking toplevel() on ptolemy.moml.MoMLSimpleApplication@2e967140
----------------- Done invoking toplevel() on ptolemy.moml.MoMLSimpleApplication@2e967140
reloadAllAccessors: .SubscriberPortInitialValues1

===========================================================================================
----------------- testing Wed Jul 31 05:19:49 UTC 2019 /home/travis/build/icyphy/ptII/ptolemy/actor/lib/test/auto/SubscriberPortInitialValues13.xml
----------------- Instantiating /home/travis/build/icyphy/ptII/ptolemy/actor/lib/test/auto/SubscriberPortInitialValues13.xml
5 ms. Memory: 443392K Free: 282061K (64%)
----------------- Invoking toplevel() on ptolemy.moml.MoMLSimpleApplication@5953d0bf
----------------- Done invoking toplevel() on ptolemy.moml.MoMLSimpleApplication@5953d0bf
reloadAllAccessors: .SubscriberPortInitialValues13

===========================================================================================
----------------- testing Wed Jul 31 05:19:49 UTC 2019 /home/travis/build/icyphy/ptII/ptolemy/actor/lib/test/auto/SubscriberPortInitialValues14.xml
----------------- Instantiating /home/travis/build/icyphy/ptII/ptolemy/actor/lib/test/auto/SubscriberPortInitialValues14.xml
4 ms. Memory: 443392K Free: 274379K (62%)
----------------- Invoking toplevel() on ptolemy.moml.MoMLSimpleApplication@5f23543a
----------------- Done invoking toplevel() on ptolemy.moml.MoMLSimpleApplication@5f23543a
reloadAllAccessors: .SubscriberPortInitialValues14

===========================================================================================
----------------- testing Wed Jul 31 05:19:49 UTC 2019 /home/travis/build/icyphy/ptII/ptolemy/actor/lib/test/auto/SubscriberPortInitialValues2.xml
----------------- Instantiating /home/travis/build/icyphy/ptII/ptolemy/actor/lib/test/auto/SubscriberPortInitialValues2.xml
4 ms. Memory: 443392K Free: 266187K (60%)
----------------- Invoking toplevel() on ptolemy.moml.MoMLSimpleApplication@657dec98
----------------- Done invoking toplevel() on ptolemy.moml.MoMLSimpleApplication@657dec98
reloadAllAccessors: .SubscriberPortInitialValues2

===========================================================================================
----------------- testing Wed Jul 31 05:19:49 UTC 2019 /home/travis/build/icyphy/ptII/ptolemy/actor/lib/test/auto/SubscriberPortInitialValues3.xml
----------------- Instantiating /home/travis/build/icyphy/ptII/ptolemy/actor/lib/test/auto/SubscriberPortInitialValues3.xml
4 ms. Memory: 443392K Free: 255437K (58%)
----------------- Invoking toplevel() on ptolemy.moml.MoMLSimpleApplication@4a07ae35
----------------- Done invoking toplevel() on ptolemy.moml.MoMLSimpleApplication@4a07ae35
reloadAllAccessors: .SubscriberPortInitialValues3

===========================================================================================
----------------- testing Wed Jul 31 05:19:49 UTC 2019 /home/travis/build/icyphy/ptII/ptolemy/actor/lib/test/auto/SubscriptionAggregator.xml
----------------- Instantiating /home/travis/build/icyphy/ptII/ptolemy/actor/lib/test/auto/SubscriptionAggregator.xml
2 ms. Memory: 443392K Free: 248269K (56%)
----------------- Invoking toplevel() on ptolemy.moml.MoMLSimpleApplication@4306c1a0
----------------- Done invoking toplevel() on ptolemy.moml.MoMLSimpleApplication@4306c1a0
reloadAllAccessors: .SubscriptionAggregator

===========================================================================================
----------------- testing Wed Jul 31 05:19:49 UTC 2019 /home/travis/build/icyphy/ptII/ptolemy/actor/lib/test/auto/SubscriptionAggregator2.xml
----------------- Instantiating /home/travis/build/icyphy/ptII/ptolemy/actor/lib/test/auto/SubscriptionAggregator2.xml
2 ms. Memory: 443392K Free: 241101K (54%)
----------------- Invoking toplevel() on ptolemy.moml.MoMLSimpleApplication@283500b9
----------------- Done invoking toplevel() on ptolemy.moml.MoMLSimpleApplication@283500b9
reloadAllAccessors: .SubscriptionAggregator2

===========================================================================================
----------------- testing Wed Jul 31 05:19:49 UTC 2019 /home/travis/build/icyphy/ptII/ptolemy/actor/lib/test/auto/SubscriptionAggregator3.xml
----------------- Instantiating /home/travis/build/icyphy/ptII/ptolemy/actor/lib/test/auto/SubscriptionAggregator3.xml
3 ms. Memory: 443392K Free: 232389K (52%)
----------------- Invoking toplevel() on ptolemy.moml.MoMLSimpleApplication@4736eb5b
----------------- Done invoking toplevel() on ptolemy.moml.MoMLSimpleApplication@4736eb5b
reloadAllAccessors: .SubscriptionAggregator3

===========================================================================================
----------------- testing Wed Jul 31 05:19:49 UTC 2019 /home/travis/build/icyphy/ptII/ptolemy/actor/lib/test/auto/SubscriptionAggregatorMultiply.xml
----------------- Instantiating /home/travis/build/icyphy/ptII/ptolemy/actor/lib/test/auto/SubscriptionAggregatorMultiply.xml
3 ms. Memory: 443392K Free: 223179K (50%)
----------------- Invoking toplevel() on ptolemy.moml.MoMLSimpleApplication@4893c8dc
----------------- Done invoking toplevel() on ptolemy.moml.MoMLSimpleApplication@4893c8dc
reloadAllAccessors: .SubscriptionAggregatorMultiply

===========================================================================================
----------------- testing Wed Jul 31 05:19:49 UTC 2019 /home/travis/build/icyphy/ptII/ptolemy/actor/lib/test/auto/SubscriptionAggregatorPortMultiply1.xml
----------------- Instantiating /home/travis/build/icyphy/ptII/ptolemy/actor/lib/test/auto/SubscriptionAggregatorPortMultiply1.xml
4 ms. Memory: 443392K Free: 214987K (48%)
----------------- Invoking toplevel() on ptolemy.moml.MoMLSimpleApplication@4957e032
----------------- Done invoking toplevel() on ptolemy.moml.MoMLSimpleApplication@4957e032
reloadAllAccessors: .SubscriptionAggregatorPortMultiply1

===========================================================================================
----------------- testing Wed Jul 31 05:19:49 UTC 2019 /home/travis/build/icyphy/ptII/ptolemy/actor/lib/test/auto/Switch.xml
----------------- Instantiating /home/travis/build/icyphy/ptII/ptolemy/actor/lib/test/auto/Switch.xml
6 ms. Memory: 443392K Free: 206795K (47%)
----------------- Invoking toplevel() on ptolemy.moml.MoMLSimpleApplication@da74504
----------------- Done invoking toplevel() on ptolemy.moml.MoMLSimpleApplication@da74504
reloadAllAccessors: .Switch

===========================================================================================
----------------- testing Wed Jul 31 05:19:49 UTC 2019 /home/travis/build/icyphy/ptII/ptolemy/actor/lib/test/auto/Switch2.xml
----------------- Instantiating /home/travis/build/icyphy/ptII/ptolemy/actor/lib/test/auto/Switch2.xml
1 ms. Memory: 443392K Free: 201675K (45%)
----------------- Invoking toplevel() on ptolemy.moml.MoMLSimpleApplication@5fea2af4
----------------- Done invoking toplevel() on ptolemy.moml.MoMLSimpleApplication@5fea2af4
reloadAllAccessors: .Switch2

===========================================================================================
----------------- testing Wed Jul 31 05:19:49 UTC 2019 /home/travis/build/icyphy/ptII/ptolemy/actor/lib/test/auto/SwitchDE.xml
----------------- Instantiating /home/travis/build/icyphy/ptII/ptolemy/actor/lib/test/auto/SwitchDE.xml
2 ms. Memory: 443392K Free: 195501K (44%)
----------------- Invoking toplevel() on ptolemy.moml.MoMLSimpleApplication@681c05c6
----------------- Done invoking toplevel() on ptolemy.moml.MoMLSimpleApplication@681c05c6
reloadAllAccessors: .SwitchDE

===========================================================================================
----------------- testing Wed Jul 31 05:19:49 UTC 2019 /home/travis/build/icyphy/ptII/ptolemy/actor/lib/test/auto/SynchronizerDE.xml
----------------- Instantiating /home/travis/build/icyphy/ptII/ptolemy/actor/lib/test/auto/SynchronizerDE.xml
9 ms. Memory: 443392K Free: 187333K (42%)
----------------- Invoking toplevel() on ptolemy.moml.MoMLSimpleApplication@37415cc
----------------- Done invoking toplevel() on ptolemy.moml.MoMLSimpleApplication@37415cc
reloadAllAccessors: .SynchronizerDE

===========================================================================================
----------------- testing Wed Jul 31 05:19:49 UTC 2019 /home/travis/build/icyphy/ptII/ptolemy/actor/lib/test/auto/Test.xml
----------------- Instantiating /home/travis/build/icyphy/ptII/ptolemy/actor/lib/test/auto/Test.xml
9 ms. Memory: 443392K Free: 181709K (41%)
----------------- Invoking toplevel() on ptolemy.moml.MoMLSimpleApplication@7ae36c7
----------------- Done invoking toplevel() on ptolemy.moml.MoMLSimpleApplication@7ae36c7
reloadAllAccessors: .Test

===========================================================================================
----------------- testing Wed Jul 31 05:19:49 UTC 2019 /home/travis/build/icyphy/ptII/ptolemy/actor/lib/test/auto/TestExceptionAttribute1.xml
----------------- Instantiating /home/travis/build/icyphy/ptII/ptolemy/actor/lib/test/auto/TestExceptionAttribute1.xml
1 ms. Memory: 443392K Free: 178123K (40%)
----------------- Invoking toplevel() on ptolemy.moml.MoMLSimpleApplication@1cd3969
----------------- Done invoking toplevel() on ptolemy.moml.MoMLSimpleApplication@1cd3969
reloadAllAccessors: .TestExceptionAttribute1

===========================================================================================
----------------- testing Wed Jul 31 05:19:50 UTC 2019 /home/travis/build/icyphy/ptII/ptolemy/actor/lib/test/auto/TestExceptionAttribute2.xml
----------------- Instantiating /home/travis/build/icyphy/ptII/ptolemy/actor/lib/test/auto/TestExceptionAttribute2.xml
1 ms. Memory: 443392K Free: 174541K (39%)
----------------- Invoking toplevel() on ptolemy.moml.MoMLSimpleApplication@6feecb77
----------------- Done invoking toplevel() on ptolemy.moml.MoMLSimpleApplication@6feecb77
reloadAllAccessors: .TestExceptionAttribute2

===========================================================================================
----------------- testing Wed Jul 31 05:19:50 UTC 2019 /home/travis/build/icyphy/ptII/ptolemy/actor/lib/test/auto/TestExceptionAttribute3.xml
----------------- Instantiating /home/travis/build/icyphy/ptII/ptolemy/actor/lib/test/auto/TestExceptionAttribute3.xml
.TestExceptionAttribute3.TestExceptionAttribute: initialize() was not invoked, but wrapup() was.  This is unusual, but not always a problem.  For example, exporting JNLP will do this.
1 ms. Memory: 443392K Free: 170445K (38%)
----------------- Invoking toplevel() on ptolemy.moml.MoMLSimpleApplication@3dbbd8e0
----------------- Done invoking toplevel() on ptolemy.moml.MoMLSimpleApplication@3dbbd8e0
reloadAllAccessors: .TestExceptionAttribute3

===========================================================================================
----------------- testing Wed Jul 31 05:19:50 UTC 2019 /home/travis/build/icyphy/ptII/ptolemy/actor/lib/test/auto/TestExceptionAttribute4.xml
----------------- Instantiating /home/travis/build/icyphy/ptII/ptolemy/actor/lib/test/auto/TestExceptionAttribute4.xml
.TestExceptionAttribute4.TestExceptionAttribute: initialize() was not invoked, but wrapup() was.  This is unusual, but not always a problem.  For example, exporting JNLP will do this.
.TestExceptionAttribute4.TestExceptionAttribute2: initialize() was not invoked, but wrapup() was.  This is unusual, but not always a problem.  For example, exporting JNLP will do this.
0 ms. Memory: 443392K Free: 166349K (38%)
----------------- Invoking toplevel() on ptolemy.moml.MoMLSimpleApplication@1ae68869
----------------- Done invoking toplevel() on ptolemy.moml.MoMLSimpleApplication@1ae68869
reloadAllAccessors: .TestExceptionAttribute4

===========================================================================================
----------------- testing Wed Jul 31 05:19:50 UTC 2019 /home/travis/build/icyphy/ptII/ptolemy/actor/lib/test/auto/TestExceptionHandler1.xml
----------------- Instantiating /home/travis/build/icyphy/ptII/ptolemy/actor/lib/test/auto/TestExceptionHandler1.xml
1 ms. Memory: 443392K Free: 162253K (37%)
----------------- Invoking toplevel() on ptolemy.moml.MoMLSimpleApplication@6a2f16ef
----------------- Done invoking toplevel() on ptolemy.moml.MoMLSimpleApplication@6a2f16ef
reloadAllAccessors: .TestExceptionHandler1

===========================================================================================
----------------- testing Wed Jul 31 05:19:50 UTC 2019 /home/travis/build/icyphy/ptII/ptolemy/actor/lib/test/auto/TestExceptionHandler2.xml
----------------- Instantiating /home/travis/build/icyphy/ptII/ptolemy/actor/lib/test/auto/TestExceptionHandler2.xml
1 ms. Memory: 443392K Free: 158667K (36%)
----------------- Invoking toplevel() on ptolemy.moml.MoMLSimpleApplication@73e9dc7f
----------------- Done invoking toplevel() on ptolemy.moml.MoMLSimpleApplication@73e9dc7f
reloadAllAccessors: .TestExceptionHandler2

===========================================================================================
----------------- testing Wed Jul 31 05:19:50 UTC 2019 /home/travis/build/icyphy/ptII/ptolemy/actor/lib/test/auto/TestExceptionHandler3.xml
----------------- Instantiating /home/travis/build/icyphy/ptII/ptolemy/actor/lib/test/auto/TestExceptionHandler3.xml
1 ms. Memory: 443392K Free: 155085K (35%)
----------------- Invoking toplevel() on ptolemy.moml.MoMLSimpleApplication@69e38ef
----------------- Done invoking toplevel() on ptolemy.moml.MoMLSimpleApplication@69e38ef
reloadAllAccessors: .TestExceptionHandler3

===========================================================================================
----------------- testing Wed Jul 31 05:19:50 UTC 2019 /home/travis/build/icyphy/ptII/ptolemy/actor/lib/test/auto/TestExceptionHandler4.xml
----------------- Instantiating /home/travis/build/icyphy/ptII/ptolemy/actor/lib/test/auto/TestExceptionHandler4.xml
1 ms. Memory: 443392K Free: 150475K (34%)
----------------- Invoking toplevel() on ptolemy.moml.MoMLSimpleApplication@70df022
----------------- Done invoking toplevel() on ptolemy.moml.MoMLSimpleApplication@70df022
reloadAllAccessors: .TestExceptionHandler4

===========================================================================================
----------------- testing Wed Jul 31 05:19:50 UTC 2019 /home/travis/build/icyphy/ptII/ptolemy/actor/lib/test/auto/TestRequireCorrectOrder.xml
----------------- Instantiating /home/travis/build/icyphy/ptII/ptolemy/actor/lib/test/auto/TestRequireCorrectOrder.xml
6 ms. Memory: 443392K Free: 145325K (33%)
----------------- Invoking toplevel() on ptolemy.moml.MoMLSimpleApplication@3d56a32
----------------- Done invoking toplevel() on ptolemy.moml.MoMLSimpleApplication@3d56a32
reloadAllAccessors: .TestRequireCorrectOrder

===========================================================================================
----------------- testing Wed Jul 31 05:19:50 UTC 2019 /home/travis/build/icyphy/ptII/ptolemy/actor/lib/test/auto/TestSimple.xml
----------------- Instantiating /home/travis/build/icyphy/ptII/ptolemy/actor/lib/test/auto/TestSimple.xml
2 ms. Memory: 443392K Free: 140749K (32%)
----------------- Invoking toplevel() on ptolemy.moml.MoMLSimpleApplication@317022a4
----------------- Done invoking toplevel() on ptolemy.moml.MoMLSimpleApplication@317022a4
reloadAllAccessors: .TestSimple

===========================================================================================
----------------- testing Wed Jul 31 05:19:50 UTC 2019 /home/travis/build/icyphy/ptII/ptolemy/actor/lib/test/auto/ThrowModelError.xml
----------------- Instantiating /home/travis/build/icyphy/ptII/ptolemy/actor/lib/test/auto/ThrowModelError.xml
1 ms. Memory: 443392K Free: 135629K (31%)
----------------- Invoking toplevel() on ptolemy.moml.MoMLSimpleApplication@7feacee
----------------- Done invoking toplevel() on ptolemy.moml.MoMLSimpleApplication@7feacee
reloadAllAccessors: .ThrowModelError

===========================================================================================
----------------- testing Wed Jul 31 05:19:50 UTC 2019 /home/travis/build/icyphy/ptII/ptolemy/actor/lib/test/auto/TimeDelayMicrosteps.xml
----------------- Instantiating /home/travis/build/icyphy/ptII/ptolemy/actor/lib/test/auto/TimeDelayMicrosteps.xml
4 ms. Memory: 443392K Free: 391070K (88%)
----------------- Invoking toplevel() on ptolemy.moml.MoMLSimpleApplication@f0f067d
----------------- Done invoking toplevel() on ptolemy.moml.MoMLSimpleApplication@f0f067d
reloadAllAccessors: .TimeDelayMicrosteps

===========================================================================================
----------------- testing Wed Jul 31 05:19:50 UTC 2019 /home/travis/build/icyphy/ptII/ptolemy/actor/lib/test/auto/TimeDelayMicrosteps2.xml
----------------- Instantiating /home/travis/build/icyphy/ptII/ptolemy/actor/lib/test/auto/TimeDelayMicrosteps2.xml
3 ms. Memory: 443392K Free: 383422K (86%)
----------------- Invoking toplevel() on ptolemy.moml.MoMLSimpleApplication@5e956f67
----------------- Done invoking toplevel() on ptolemy.moml.MoMLSimpleApplication@5e956f67
reloadAllAccessors: .TimeDelayMicrosteps2

===========================================================================================
----------------- testing Wed Jul 31 05:19:50 UTC 2019 /home/travis/build/icyphy/ptII/ptolemy/actor/lib/test/auto/TimeDelayMicrosteps3.xml
----------------- Instantiating /home/travis/build/icyphy/ptII/ptolemy/actor/lib/test/auto/TimeDelayMicrosteps3.xml
3 ms. Memory: 443392K Free: 376734K (85%)
----------------- Invoking toplevel() on ptolemy.moml.MoMLSimpleApplication@7582506a
----------------- Done invoking toplevel() on ptolemy.moml.MoMLSimpleApplication@7582506a
reloadAllAccessors: .TimeDelayMicrosteps3

===========================================================================================
----------------- testing Wed Jul 31 05:19:50 UTC 2019 /home/travis/build/icyphy/ptII/ptolemy/actor/lib/test/auto/TimeDelayVariableMicrosteps.xml
----------------- Instantiating /home/travis/build/icyphy/ptII/ptolemy/actor/lib/test/auto/TimeDelayVariableMicrosteps.xml
14 ms. Memory: 443392K Free: 369593K (83%)
----------------- Invoking toplevel() on ptolemy.moml.MoMLSimpleApplication@5c3a5984
----------------- Done invoking toplevel() on ptolemy.moml.MoMLSimpleApplication@5c3a5984
reloadAllAccessors: .TimeDelayVariableMicrosteps

===========================================================================================
----------------- testing Wed Jul 31 05:19:50 UTC 2019 /home/travis/build/icyphy/ptII/ptolemy/actor/lib/test/auto/TimeGap.xml
----------------- Instantiating /home/travis/build/icyphy/ptII/ptolemy/actor/lib/test/auto/TimeGap.xml
4 ms. Memory: 443392K Free: 364462K (82%)
----------------- Invoking toplevel() on ptolemy.moml.MoMLSimpleApplication@1f6ee4e3
----------------- Done invoking toplevel() on ptolemy.moml.MoMLSimpleApplication@1f6ee4e3
reloadAllAccessors: .TimeGap

===========================================================================================
----------------- testing Wed Jul 31 05:19:50 UTC 2019 /home/travis/build/icyphy/ptII/ptolemy/actor/lib/test/auto/TimeGap2.xml
----------------- Instantiating /home/travis/build/icyphy/ptII/ptolemy/actor/lib/test/auto/TimeGap2.xml
2 ms. Memory: 443392K Free: 358302K (81%)
----------------- Invoking toplevel() on ptolemy.moml.MoMLSimpleApplication@4fc4d404
----------------- Done invoking toplevel() on ptolemy.moml.MoMLSimpleApplication@4fc4d404
reloadAllAccessors: .TimeGap2

===========================================================================================
----------------- testing Wed Jul 31 05:19:50 UTC 2019 /home/travis/build/icyphy/ptII/ptolemy/actor/lib/test/auto/TimedSinewave.xml
----------------- Instantiating /home/travis/build/icyphy/ptII/ptolemy/actor/lib/test/auto/TimedSinewave.xml
21 ms. Memory: 443392K Free: 343996K (78%)
----------------- Invoking toplevel() on ptolemy.moml.MoMLSimpleApplication@54ad9813
----------------- Done invoking toplevel() on ptolemy.moml.MoMLSimpleApplication@54ad9813
reloadAllAccessors: .TimedSinewave

===========================================================================================
----------------- testing Wed Jul 31 05:19:50 UTC 2019 /home/travis/build/icyphy/ptII/ptolemy/actor/lib/test/auto/TimedSinewavePhase.xml
----------------- Instantiating /home/travis/build/icyphy/ptII/ptolemy/actor/lib/test/auto/TimedSinewavePhase.xml
10 ms. Memory: 443392K Free: 333756K (75%)
----------------- Invoking toplevel() on ptolemy.moml.MoMLSimpleApplication@508737df
----------------- Done invoking toplevel() on ptolemy.moml.MoMLSimpleApplication@508737df
reloadAllAccessors: .TimedSinewavePhase

===========================================================================================
----------------- testing Wed Jul 31 05:19:50 UTC 2019 /home/travis/build/icyphy/ptII/ptolemy/actor/lib/test/auto/Timer.xml
----------------- Instantiating /home/travis/build/icyphy/ptII/ptolemy/actor/lib/test/auto/Timer.xml
2 ms. Memory: 443392K Free: 328126K (74%)
----------------- Invoking toplevel() on ptolemy.moml.MoMLSimpleApplication@50e6b8a
----------------- Done invoking toplevel() on ptolemy.moml.MoMLSimpleApplication@50e6b8a
reloadAllAccessors: .Timer

===========================================================================================
----------------- testing Wed Jul 31 05:19:50 UTC 2019 /home/travis/build/icyphy/ptII/ptolemy/actor/lib/test/auto/TriangularDistTestModel.xml
----------------- Instantiating /home/travis/build/icyphy/ptII/ptolemy/actor/lib/test/auto/TriangularDistTestModel.xml
2 ms. Memory: 443392K Free: 322462K (73%)
----------------- Invoking toplevel() on ptolemy.moml.MoMLSimpleApplication@525cc3c1
----------------- Done invoking toplevel() on ptolemy.moml.MoMLSimpleApplication@525cc3c1
reloadAllAccessors: .TriangularDistTestModel

===========================================================================================
----------------- testing Wed Jul 31 05:19:50 UTC 2019 /home/travis/build/icyphy/ptII/ptolemy/actor/lib/test/auto/TrigFunction.xml
----------------- Instantiating /home/travis/build/icyphy/ptII/ptolemy/actor/lib/test/auto/TrigFunction.xml
1 ms. Memory: 443392K Free: 317372K (72%)
----------------- Invoking toplevel() on ptolemy.moml.MoMLSimpleApplication@6c81fe78
----------------- Done invoking toplevel() on ptolemy.moml.MoMLSimpleApplication@6c81fe78
reloadAllAccessors: .TrigFunction

===========================================================================================
----------------- testing Wed Jul 31 05:19:50 UTC 2019 /home/travis/build/icyphy/ptII/ptolemy/actor/lib/test/auto/TrigFunctionDE.xml
----------------- Instantiating /home/travis/build/icyphy/ptII/ptolemy/actor/lib/test/auto/TrigFunctionDE.xml
2 ms. Memory: 443392K Free: 311742K (70%)
----------------- Invoking toplevel() on ptolemy.moml.MoMLSimpleApplication@4efe1c32
----------------- Done invoking toplevel() on ptolemy.moml.MoMLSimpleApplication@4efe1c32
reloadAllAccessors: .TrigFunctionDE

===========================================================================================
----------------- testing Wed Jul 31 05:19:50 UTC 2019 /home/travis/build/icyphy/ptII/ptolemy/actor/lib/test/auto/TrigFunctionInverse.xml
----------------- Instantiating /home/travis/build/icyphy/ptII/ptolemy/actor/lib/test/auto/TrigFunctionInverse.xml
2 ms. Memory: 443392K Free: 306108K (69%)
----------------- Invoking toplevel() on ptolemy.moml.MoMLSimpleApplication@20378d9d
----------------- Done invoking toplevel() on ptolemy.moml.MoMLSimpleApplication@20378d9d
reloadAllAccessors: .TrigFunctionInverse

===========================================================================================
----------------- testing Wed Jul 31 05:19:50 UTC 2019 /home/travis/build/icyphy/ptII/ptolemy/actor/lib/test/auto/TrigFunctionTan.xml
----------------- Instantiating /home/travis/build/icyphy/ptII/ptolemy/actor/lib/test/auto/TrigFunctionTan.xml
2 ms. Memory: 443392K Free: 302012K (68%)
----------------- Invoking toplevel() on ptolemy.moml.MoMLSimpleApplication@24ceee6d
----------------- Done invoking toplevel() on ptolemy.moml.MoMLSimpleApplication@24ceee6d
reloadAllAccessors: .TrigFunctionTan

===========================================================================================
----------------- testing Wed Jul 31 05:19:50 UTC 2019 /home/travis/build/icyphy/ptII/ptolemy/actor/lib/test/auto/TriggeredClock.xml
----------------- Instantiating /home/travis/build/icyphy/ptII/ptolemy/actor/lib/test/auto/TriggeredClock.xml
1 ms. Memory: 443392K Free: 296876K (67%)
----------------- Invoking toplevel() on ptolemy.moml.MoMLSimpleApplication@4ae463e2
----------------- Done invoking toplevel() on ptolemy.moml.MoMLSimpleApplication@4ae463e2
reloadAllAccessors: .TriggeredClock

===========================================================================================
----------------- testing Wed Jul 31 05:19:50 UTC 2019 /home/travis/build/icyphy/ptII/ptolemy/actor/lib/test/auto/URLDirectoryReader.xml
----------------- Instantiating /home/travis/build/icyphy/ptII/ptolemy/actor/lib/test/auto/URLDirectoryReader.xml
37 ms. Memory: 443392K Free: 287676K (65%)
----------------- Invoking toplevel() on ptolemy.moml.MoMLSimpleApplication@4325672d
----------------- Done invoking toplevel() on ptolemy.moml.MoMLSimpleApplication@4325672d
reloadAllAccessors: .URLDirectoryReader

===========================================================================================
----------------- testing Wed Jul 31 05:19:50 UTC 2019 /home/travis/build/icyphy/ptII/ptolemy/actor/lib/test/auto/URLDirectoryReader3.xml
----------------- Instantiating /home/travis/build/icyphy/ptII/ptolemy/actor/lib/test/auto/URLDirectoryReader3.xml
1210 ms. Memory: 443392K Free: 385253K (87%)
----------------- Invoking toplevel() on ptolemy.moml.MoMLSimpleApplication@4d2b41b6
----------------- Done invoking toplevel() on ptolemy.moml.MoMLSimpleApplication@4d2b41b6
reloadAllAccessors: .URLDirectoryReader3

===========================================================================================
----------------- testing Wed Jul 31 05:19:52 UTC 2019 /home/travis/build/icyphy/ptII/ptolemy/actor/lib/test/auto/UnaryMathFunction.xml
----------------- Instantiating /home/travis/build/icyphy/ptII/ptolemy/actor/lib/test/auto/UnaryMathFunction.xml
2 ms. Memory: 443392K Free: 377060K (85%)
----------------- Invoking toplevel() on ptolemy.moml.MoMLSimpleApplication@35f3a7f6
----------------- Done invoking toplevel() on ptolemy.moml.MoMLSimpleApplication@35f3a7f6
reloadAllAccessors: .UnaryMathFunction

===========================================================================================
----------------- testing Wed Jul 31 05:19:52 UTC 2019 /home/travis/build/icyphy/ptII/ptolemy/actor/lib/test/auto/Uniform.xml
----------------- Instantiating /home/travis/build/icyphy/ptII/ptolemy/actor/lib/test/auto/Uniform.xml
2 ms. Memory: 443392K Free: 372454K (84%)
----------------- Invoking toplevel() on ptolemy.moml.MoMLSimpleApplication@75176cd9
----------------- Done invoking toplevel() on ptolemy.moml.MoMLSimpleApplication@75176cd9
reloadAllAccessors: .Uniform

===========================================================================================
----------------- testing Wed Jul 31 05:19:52 UTC 2019 /home/travis/build/icyphy/ptII/ptolemy/actor/lib/test/auto/UnionDisassemblerTest.xml
----------------- Instantiating /home/travis/build/icyphy/ptII/ptolemy/actor/lib/test/auto/UnionDisassemblerTest.xml
7 ms. Memory: 443392K Free: 368358K (83%)
----------------- Invoking toplevel() on ptolemy.moml.MoMLSimpleApplication@fbf2f15
----------------- Done invoking toplevel() on ptolemy.moml.MoMLSimpleApplication@fbf2f15
reloadAllAccessors: .UnionDisassemblerTest

===========================================================================================
----------------- testing Wed Jul 31 05:19:52 UTC 2019 /home/travis/build/icyphy/ptII/ptolemy/actor/lib/test/auto/UtilityFunctions.xml
----------------- Instantiating /home/travis/build/icyphy/ptII/ptolemy/actor/lib/test/auto/UtilityFunctions.xml
1 ms. Memory: 443392K Free: 364262K (82%)
----------------- Invoking toplevel() on ptolemy.moml.MoMLSimpleApplication@bd501de
----------------- Done invoking toplevel() on ptolemy.moml.MoMLSimpleApplication@bd501de
reloadAllAccessors: .UtilityFunctions

===========================================================================================
----------------- testing Wed Jul 31 05:19:52 UTC 2019 /home/travis/build/icyphy/ptII/ptolemy/actor/lib/test/auto/VariableSleep.xml
----------------- Instantiating /home/travis/build/icyphy/ptII/ptolemy/actor/lib/test/auto/VariableSleep.xml
503 ms. Memory: 443392K Free: 358628K (81%)
----------------- Invoking toplevel() on ptolemy.moml.MoMLSimpleApplication@52c15453
----------------- Done invoking toplevel() on ptolemy.moml.MoMLSimpleApplication@52c15453
reloadAllAccessors: .VariableSleep

===========================================================================================
----------------- testing Wed Jul 31 05:19:52 UTC 2019 /home/travis/build/icyphy/ptII/ptolemy/actor/lib/test/auto/VectorAssemblerDisassemblerCT.xml
----------------- Instantiating /home/travis/build/icyphy/ptII/ptolemy/actor/lib/test/auto/VectorAssemblerDisassemblerCT.xml
92 ms. Memory: 443392K Free: 338148K (76%)
----------------- Invoking toplevel() on ptolemy.moml.MoMLSimpleApplication@4e19766c
----------------- Done invoking toplevel() on ptolemy.moml.MoMLSimpleApplication@4e19766c
reloadAllAccessors: .VectorAssemblerDisassemblerCT

===========================================================================================
----------------- testing Wed Jul 31 05:19:52 UTC 2019 /home/travis/build/icyphy/ptII/ptolemy/actor/lib/test/auto/VectorAssemblerDisassemblerDE.xml
----------------- Instantiating /home/travis/build/icyphy/ptII/ptolemy/actor/lib/test/auto/VectorAssemblerDisassemblerDE.xml
3 ms. Memory: 443392K Free: 330470K (75%)
----------------- Invoking toplevel() on ptolemy.moml.MoMLSimpleApplication@1ad8b075
----------------- Done invoking toplevel() on ptolemy.moml.MoMLSimpleApplication@1ad8b075
reloadAllAccessors: .VectorAssemblerDisassemblerDE

===========================================================================================
----------------- testing Wed Jul 31 05:19:52 UTC 2019 /home/travis/build/icyphy/ptII/ptolemy/actor/lib/test/auto/VectorAssemblerDisassemblerSDF.xml
----------------- Instantiating /home/travis/build/icyphy/ptII/ptolemy/actor/lib/test/auto/VectorAssemblerDisassemblerSDF.xml
9 ms. Memory: 443392K Free: 324326K (73%)
----------------- Invoking toplevel() on ptolemy.moml.MoMLSimpleApplication@cc13235
----------------- Done invoking toplevel() on ptolemy.moml.MoMLSimpleApplication@cc13235
reloadAllAccessors: .VectorAssemblerDisassemblerSDF

===========================================================================================
----------------- testing Wed Jul 31 05:19:52 UTC 2019 /home/travis/build/icyphy/ptII/ptolemy/actor/lib/test/auto/WallClockTime.xml
----------------- Instantiating /home/travis/build/icyphy/ptII/ptolemy/actor/lib/test/auto/WallClockTime.xml
1006 ms. Memory: 443392K Free: 318692K (72%)
----------------- Invoking toplevel() on ptolemy.moml.MoMLSimpleApplication@53d04617
----------------- Done invoking toplevel() on ptolemy.moml.MoMLSimpleApplication@53d04617
reloadAllAccessors: .WallClockTime

===========================================================================================
----------------- testing Wed Jul 31 05:19:53 UTC 2019 /home/travis/build/icyphy/ptII/ptolemy/actor/lib/test/auto/WidthTestWithSubscriberPublisher.xml
----------------- Instantiating /home/travis/build/icyphy/ptII/ptolemy/actor/lib/test/auto/WidthTestWithSubscriberPublisher.xml
7 ms. Memory: 443392K Free: 300774K (68%)
----------------- Invoking toplevel() on ptolemy.moml.MoMLSimpleApplication@7e14ab9f
----------------- Done invoking toplevel() on ptolemy.moml.MoMLSimpleApplication@7e14ab9f
reloadAllAccessors: .WidthTestWithSubscriberPublisher

===========================================================================================
----------------- testing Wed Jul 31 05:19:53 UTC 2019 /home/travis/build/icyphy/ptII/ptolemy/actor/lib/test/auto/WidthTestWithSubscriberPublisher2.xml
----------------- Instantiating /home/travis/build/icyphy/ptII/ptolemy/actor/lib/test/auto/WidthTestWithSubscriberPublisher2.xml
2 ms. Memory: 443392K Free: 294630K (66%)
----------------- Invoking toplevel() on ptolemy.moml.MoMLSimpleApplication@4471cab
----------------- Done invoking toplevel() on ptolemy.moml.MoMLSimpleApplication@4471cab
reloadAllAccessors: .WidthTestWithSubscriberPublisher2

===========================================================================================
----------------- testing Wed Jul 31 05:19:53 UTC 2019 /home/travis/build/icyphy/ptII/ptolemy/actor/lib/test/auto/WidthTestWithSubscriberPublisher3.xml
----------------- Instantiating /home/travis/build/icyphy/ptII/ptolemy/actor/lib/test/auto/WidthTestWithSubscriberPublisher3.xml
3 ms. Memory: 443392K Free: 287972K (65%)
----------------- Invoking toplevel() on ptolemy.moml.MoMLSimpleApplication@153d03df
----------------- Done invoking toplevel() on ptolemy.moml.MoMLSimpleApplication@153d03df
reloadAllAccessors: .WidthTestWithSubscriberPublisher3

===========================================================================================
----------------- testing Wed Jul 31 05:19:53 UTC 2019 /home/travis/build/icyphy/ptII/ptolemy/actor/lib/test/auto/Writer.xml
----------------- Instantiating /home/travis/build/icyphy/ptII/ptolemy/actor/lib/test/auto/Writer.xml
0
1
2
3
4
2 ms. Memory: 443392K Free: 283366K (64%)
----------------- Invoking toplevel() on ptolemy.moml.MoMLSimpleApplication@507924ce
----------------- Done invoking toplevel() on ptolemy.moml.MoMLSimpleApplication@507924ce
reloadAllAccessors: .Writer

===========================================================================================
----------------- testing Wed Jul 31 05:19:53 UTC 2019 /home/travis/build/icyphy/ptII/ptolemy/actor/lib/test/auto/array.xml
----------------- Instantiating /home/travis/build/icyphy/ptII/ptolemy/actor/lib/test/auto/array.xml
2 ms. Memory: 443392K Free: 278756K (63%)
----------------- Invoking toplevel() on ptolemy.moml.MoMLSimpleApplication@26b1b057
----------------- Done invoking toplevel() on ptolemy.moml.MoMLSimpleApplication@26b1b057
reloadAllAccessors: .array

===========================================================================================
----------------- testing Wed Jul 31 05:19:53 UTC 2019 /home/travis/build/icyphy/ptII/ptolemy/actor/lib/test/auto/array2.xml
----------------- Instantiating /home/travis/build/icyphy/ptII/ptolemy/actor/lib/test/auto/array2.xml
6 ms. Memory: 443392K Free: 273622K (62%)
----------------- Invoking toplevel() on ptolemy.moml.MoMLSimpleApplication@29fb79cc
----------------- Done invoking toplevel() on ptolemy.moml.MoMLSimpleApplication@29fb79cc
reloadAllAccessors: .array2

===========================================================================================
----------------- testing Wed Jul 31 05:19:54 UTC 2019 /home/travis/build/icyphy/ptII/ptolemy/actor/lib/test/auto/arrayType.xml
----------------- Instantiating /home/travis/build/icyphy/ptII/ptolemy/actor/lib/test/auto/arrayType.xml
2 ms. Memory: 443392K Free: 268006K (60%)
----------------- Invoking toplevel() on ptolemy.moml.MoMLSimpleApplication@4046e6
----------------- Done invoking toplevel() on ptolemy.moml.MoMLSimpleApplication@4046e6
reloadAllAccessors: .arrayType

===========================================================================================
----------------- testing Wed Jul 31 05:19:54 UTC 2019 /home/travis/build/icyphy/ptII/ptolemy/actor/lib/test/auto/arrayType10.xml
----------------- Instantiating /home/travis/build/icyphy/ptII/ptolemy/actor/lib/test/auto/arrayType10.xml
2 ms. Memory: 443392K Free: 263396K (59%)
----------------- Invoking toplevel() on ptolemy.moml.MoMLSimpleApplication@40ec7dba
----------------- Done invoking toplevel() on ptolemy.moml.MoMLSimpleApplication@40ec7dba
reloadAllAccessors: .arrayType10

===========================================================================================
----------------- testing Wed Jul 31 05:19:54 UTC 2019 /home/travis/build/icyphy/ptII/ptolemy/actor/lib/test/auto/arrayType11.xml
----------------- Instantiating /home/travis/build/icyphy/ptII/ptolemy/actor/lib/test/auto/arrayType11.xml
1 ms. Memory: 443392K Free: 258790K (58%)
----------------- Invoking toplevel() on ptolemy.moml.MoMLSimpleApplication@5987098e
----------------- Done invoking toplevel() on ptolemy.moml.MoMLSimpleApplication@5987098e
reloadAllAccessors: .arrayType11

===========================================================================================
----------------- testing Wed Jul 31 05:19:54 UTC 2019 /home/travis/build/icyphy/ptII/ptolemy/actor/lib/test/auto/arrayType12.xml
----------------- Instantiating /home/travis/build/icyphy/ptII/ptolemy/actor/lib/test/auto/arrayType12.xml
1 ms. Memory: 443392K Free: 253670K (57%)
----------------- Invoking toplevel() on ptolemy.moml.MoMLSimpleApplication@1af02da3
----------------- Done invoking toplevel() on ptolemy.moml.MoMLSimpleApplication@1af02da3
reloadAllAccessors: .arrayType12

===========================================================================================
----------------- testing Wed Jul 31 05:19:54 UTC 2019 /home/travis/build/icyphy/ptII/ptolemy/actor/lib/test/auto/arrayType13.xml
----------------- Instantiating /home/travis/build/icyphy/ptII/ptolemy/actor/lib/test/auto/arrayType13.xml
1 ms. Memory: 443392K Free: 248550K (56%)
----------------- Invoking toplevel() on ptolemy.moml.MoMLSimpleApplication@13ba64b4
----------------- Done invoking toplevel() on ptolemy.moml.MoMLSimpleApplication@13ba64b4
reloadAllAccessors: .arrayType13

===========================================================================================
----------------- testing Wed Jul 31 05:19:54 UTC 2019 /home/travis/build/icyphy/ptII/ptolemy/actor/lib/test/auto/arrayType14.xml
----------------- Instantiating /home/travis/build/icyphy/ptII/ptolemy/actor/lib/test/auto/arrayType14.xml
1 ms. Memory: 443392K Free: 243430K (55%)
----------------- Invoking toplevel() on ptolemy.moml.MoMLSimpleApplication@405ccf4c
----------------- Done invoking toplevel() on ptolemy.moml.MoMLSimpleApplication@405ccf4c
reloadAllAccessors: .arrayType14

===========================================================================================
----------------- testing Wed Jul 31 05:19:54 UTC 2019 /home/travis/build/icyphy/ptII/ptolemy/actor/lib/test/auto/arrayType15.xml
----------------- Instantiating /home/travis/build/icyphy/ptII/ptolemy/actor/lib/test/auto/arrayType15.xml
3 ms. Memory: 443392K Free: 237796K (54%)
----------------- Invoking toplevel() on ptolemy.moml.MoMLSimpleApplication@49bf1728
----------------- Done invoking toplevel() on ptolemy.moml.MoMLSimpleApplication@49bf1728
reloadAllAccessors: .arrayType15

===========================================================================================
----------------- testing Wed Jul 31 05:19:54 UTC 2019 /home/travis/build/icyphy/ptII/ptolemy/actor/lib/test/auto/arrayType16.xml
----------------- Instantiating /home/travis/build/icyphy/ptII/ptolemy/actor/lib/test/auto/arrayType16.xml
2 ms. Memory: 443392K Free: 232676K (52%)
----------------- Invoking toplevel() on ptolemy.moml.MoMLSimpleApplication@2504cf5a
----------------- Done invoking toplevel() on ptolemy.moml.MoMLSimpleApplication@2504cf5a
reloadAllAccessors: .arrayType16

===========================================================================================
----------------- testing Wed Jul 31 05:19:54 UTC 2019 /home/travis/build/icyphy/ptII/ptolemy/actor/lib/test/auto/arrayType17.xml
----------------- Instantiating /home/travis/build/icyphy/ptII/ptolemy/actor/lib/test/auto/arrayType17.xml
1 ms. Memory: 443392K Free: 227046K (51%)
----------------- Invoking toplevel() on ptolemy.moml.MoMLSimpleApplication@42fe3009
----------------- Done invoking toplevel() on ptolemy.moml.MoMLSimpleApplication@42fe3009
reloadAllAccessors: .arrayType17

===========================================================================================
----------------- testing Wed Jul 31 05:19:54 UTC 2019 /home/travis/build/icyphy/ptII/ptolemy/actor/lib/test/auto/arrayType18.xml
----------------- Instantiating /home/travis/build/icyphy/ptII/ptolemy/actor/lib/test/auto/arrayType18.xml
2 ms. Memory: 443392K Free: 222436K (50%)
----------------- Invoking toplevel() on ptolemy.moml.MoMLSimpleApplication@53e5514
----------------- Done invoking toplevel() on ptolemy.moml.MoMLSimpleApplication@53e5514
reloadAllAccessors: .arrayType18

===========================================================================================
----------------- testing Wed Jul 31 05:19:54 UTC 2019 /home/travis/build/icyphy/ptII/ptolemy/actor/lib/test/auto/arrayType19.xml
----------------- Instantiating /home/travis/build/icyphy/ptII/ptolemy/actor/lib/test/auto/arrayType19.xml
1 ms. Memory: 443392K Free: 217830K (49%)
----------------- Invoking toplevel() on ptolemy.moml.MoMLSimpleApplication@3d7b0b88
----------------- Done invoking toplevel() on ptolemy.moml.MoMLSimpleApplication@3d7b0b88
reloadAllAccessors: .arrayType19

===========================================================================================
----------------- testing Wed Jul 31 05:19:54 UTC 2019 /home/travis/build/icyphy/ptII/ptolemy/actor/lib/test/auto/arrayType2.xml
----------------- Instantiating /home/travis/build/icyphy/ptII/ptolemy/actor/lib/test/auto/arrayType2.xml
2 ms. Memory: 443392K Free: 212196K (48%)
----------------- Invoking toplevel() on ptolemy.moml.MoMLSimpleApplication@54ea0357
----------------- Done invoking toplevel() on ptolemy.moml.MoMLSimpleApplication@54ea0357
reloadAllAccessors: .arrayType2

===========================================================================================
----------------- testing Wed Jul 31 05:19:54 UTC 2019 /home/travis/build/icyphy/ptII/ptolemy/actor/lib/test/auto/arrayType20.xml
----------------- Instantiating /home/travis/build/icyphy/ptII/ptolemy/actor/lib/test/auto/arrayType20.xml
2 ms. Memory: 443392K Free: 207590K (47%)
----------------- Invoking toplevel() on ptolemy.moml.MoMLSimpleApplication@4768da23
----------------- Done invoking toplevel() on ptolemy.moml.MoMLSimpleApplication@4768da23
reloadAllAccessors: .arrayType20

===========================================================================================
----------------- testing Wed Jul 31 05:19:54 UTC 2019 /home/travis/build/icyphy/ptII/ptolemy/actor/lib/test/auto/arrayType21.xml
----------------- Instantiating /home/travis/build/icyphy/ptII/ptolemy/actor/lib/test/auto/arrayType21.xml
1 ms. Memory: 443392K Free: 202980K (46%)
----------------- Invoking toplevel() on ptolemy.moml.MoMLSimpleApplication@5085a710
----------------- Done invoking toplevel() on ptolemy.moml.MoMLSimpleApplication@5085a710
reloadAllAccessors: .arrayType21

===========================================================================================
----------------- testing Wed Jul 31 05:19:54 UTC 2019 /home/travis/build/icyphy/ptII/ptolemy/actor/lib/test/auto/arrayType22.xml
----------------- Instantiating /home/travis/build/icyphy/ptII/ptolemy/actor/lib/test/auto/arrayType22.xml
1 ms. Memory: 443392K Free: 197860K (45%)
----------------- Invoking toplevel() on ptolemy.moml.MoMLSimpleApplication@791d8de0
----------------- Done invoking toplevel() on ptolemy.moml.MoMLSimpleApplication@791d8de0
reloadAllAccessors: .arrayType22

===========================================================================================
----------------- testing Wed Jul 31 05:19:54 UTC 2019 /home/travis/build/icyphy/ptII/ptolemy/actor/lib/test/auto/arrayType23.xml
----------------- Instantiating /home/travis/build/icyphy/ptII/ptolemy/actor/lib/test/auto/arrayType23.xml
2 ms. Memory: 443392K Free: 193254K (44%)
----------------- Invoking toplevel() on ptolemy.moml.MoMLSimpleApplication@1c58cbf3
----------------- Done invoking toplevel() on ptolemy.moml.MoMLSimpleApplication@1c58cbf3
reloadAllAccessors: .arrayType23

===========================================================================================
----------------- testing Wed Jul 31 05:19:54 UTC 2019 /home/travis/build/icyphy/ptII/ptolemy/actor/lib/test/auto/arrayType24.xml
----------------- Instantiating /home/travis/build/icyphy/ptII/ptolemy/actor/lib/test/auto/arrayType24.xml
3 ms. Memory: 443392K Free: 188644K (43%)
----------------- Invoking toplevel() on ptolemy.moml.MoMLSimpleApplication@17d65c60
----------------- Done invoking toplevel() on ptolemy.moml.MoMLSimpleApplication@17d65c60
reloadAllAccessors: .arrayType24

===========================================================================================
----------------- testing Wed Jul 31 05:19:54 UTC 2019 /home/travis/build/icyphy/ptII/ptolemy/actor/lib/test/auto/arrayType25.xml
----------------- Instantiating /home/travis/build/icyphy/ptII/ptolemy/actor/lib/test/auto/arrayType25.xml
2 ms. Memory: 443392K Free: 183014K (41%)
----------------- Invoking toplevel() on ptolemy.moml.MoMLSimpleApplication@290b12f7
----------------- Done invoking toplevel() on ptolemy.moml.MoMLSimpleApplication@290b12f7
reloadAllAccessors: .arrayType25

===========================================================================================
----------------- testing Wed Jul 31 05:19:54 UTC 2019 /home/travis/build/icyphy/ptII/ptolemy/actor/lib/test/auto/arrayType26.xml
----------------- Instantiating /home/travis/build/icyphy/ptII/ptolemy/actor/lib/test/auto/arrayType26.xml
1 ms. Memory: 443392K Free: 177894K (40%)
----------------- Invoking toplevel() on ptolemy.moml.MoMLSimpleApplication@42b871a8
----------------- Done invoking toplevel() on ptolemy.moml.MoMLSimpleApplication@42b871a8
reloadAllAccessors: .arrayType26

===========================================================================================
----------------- testing Wed Jul 31 05:19:54 UTC 2019 /home/travis/build/icyphy/ptII/ptolemy/actor/lib/test/auto/arrayType27.xml
----------------- Instantiating /home/travis/build/icyphy/ptII/ptolemy/actor/lib/test/auto/arrayType27.xml
1 ms. Memory: 443392K Free: 172260K (39%)
----------------- Invoking toplevel() on ptolemy.moml.MoMLSimpleApplication@6808d966
----------------- Done invoking toplevel() on ptolemy.moml.MoMLSimpleApplication@6808d966
reloadAllAccessors: .arrayType27

===========================================================================================
----------------- testing Wed Jul 31 05:19:54 UTC 2019 /home/travis/build/icyphy/ptII/ptolemy/actor/lib/test/auto/arrayType28.xml
----------------- Instantiating /home/travis/build/icyphy/ptII/ptolemy/actor/lib/test/auto/arrayType28.xml
2 ms. Memory: 443392K Free: 167140K (38%)
----------------- Invoking toplevel() on ptolemy.moml.MoMLSimpleApplication@71033fce
----------------- Done invoking toplevel() on ptolemy.moml.MoMLSimpleApplication@71033fce
reloadAllAccessors: .arrayType28

===========================================================================================
----------------- testing Wed Jul 31 05:19:54 UTC 2019 /home/travis/build/icyphy/ptII/ptolemy/actor/lib/test/auto/arrayType3.xml
----------------- Instantiating /home/travis/build/icyphy/ptII/ptolemy/actor/lib/test/auto/arrayType3.xml
2 ms. Memory: 443392K Free: 162006K (37%)
----------------- Invoking toplevel() on ptolemy.moml.MoMLSimpleApplication@20a953fd
----------------- Done invoking toplevel() on ptolemy.moml.MoMLSimpleApplication@20a953fd
reloadAllAccessors: .arrayType3

===========================================================================================
----------------- testing Wed Jul 31 05:19:54 UTC 2019 /home/travis/build/icyphy/ptII/ptolemy/actor/lib/test/auto/arrayType4.xml
----------------- Instantiating /home/travis/build/icyphy/ptII/ptolemy/actor/lib/test/auto/arrayType4.xml
2 ms. Memory: 443392K Free: 156390K (35%)
----------------- Invoking toplevel() on ptolemy.moml.MoMLSimpleApplication@6f965556
----------------- Done invoking toplevel() on ptolemy.moml.MoMLSimpleApplication@6f965556
reloadAllAccessors: .arrayType4

===========================================================================================
----------------- testing Wed Jul 31 05:19:54 UTC 2019 /home/travis/build/icyphy/ptII/ptolemy/actor/lib/test/auto/arrayType5.xml
----------------- Instantiating /home/travis/build/icyphy/ptII/ptolemy/actor/lib/test/auto/arrayType5.xml
2 ms. Memory: 443392K Free: 151270K (34%)
----------------- Invoking toplevel() on ptolemy.moml.MoMLSimpleApplication@198091d8
----------------- Done invoking toplevel() on ptolemy.moml.MoMLSimpleApplication@198091d8
reloadAllAccessors: .arrayType5

===========================================================================================
----------------- testing Wed Jul 31 05:19:54 UTC 2019 /home/travis/build/icyphy/ptII/ptolemy/actor/lib/test/auto/arrayType6.xml
----------------- Instantiating /home/travis/build/icyphy/ptII/ptolemy/actor/lib/test/auto/arrayType6.xml
2 ms. Memory: 443392K Free: 146150K (33%)
----------------- Invoking toplevel() on ptolemy.moml.MoMLSimpleApplication@b64a3c3
----------------- Done invoking toplevel() on ptolemy.moml.MoMLSimpleApplication@b64a3c3
reloadAllAccessors: .arrayType6

===========================================================================================
----------------- testing Wed Jul 31 05:19:54 UTC 2019 /home/travis/build/icyphy/ptII/ptolemy/actor/lib/test/auto/arrayType7.xml
----------------- Instantiating /home/travis/build/icyphy/ptII/ptolemy/actor/lib/test/auto/arrayType7.xml
2 ms. Memory: 443392K Free: 141540K (32%)
----------------- Invoking toplevel() on ptolemy.moml.MoMLSimpleApplication@53cc8053
----------------- Done invoking toplevel() on ptolemy.moml.MoMLSimpleApplication@53cc8053
reloadAllAccessors: .arrayType7

===========================================================================================
----------------- testing Wed Jul 31 05:19:54 UTC 2019 /home/travis/build/icyphy/ptII/ptolemy/actor/lib/test/auto/arrayType8.xml
----------------- Instantiating /home/travis/build/icyphy/ptII/ptolemy/actor/lib/test/auto/arrayType8.xml
7 ms. Memory: 443392K Free: 136934K (31%)
----------------- Invoking toplevel() on ptolemy.moml.MoMLSimpleApplication@1322972
----------------- Done invoking toplevel() on ptolemy.moml.MoMLSimpleApplication@1322972
reloadAllAccessors: .arrayType8

===========================================================================================
----------------- testing Wed Jul 31 05:19:54 UTC 2019 /home/travis/build/icyphy/ptII/ptolemy/actor/lib/test/auto/arrayType9.xml
----------------- Instantiating /home/travis/build/icyphy/ptII/ptolemy/actor/lib/test/auto/arrayType9.xml
2 ms. Memory: 443392K Free: 131814K (30%)
----------------- Invoking toplevel() on ptolemy.moml.MoMLSimpleApplication@54ece2c1
----------------- Done invoking toplevel() on ptolemy.moml.MoMLSimpleApplication@54ece2c1
reloadAllAccessors: .arrayType9

===========================================================================================
----------------- testing Wed Jul 31 05:19:54 UTC 2019 /home/travis/build/icyphy/ptII/ptolemy/actor/lib/test/auto/cast.xml
----------------- Instantiating /home/travis/build/icyphy/ptII/ptolemy/actor/lib/test/auto/cast.xml
2 ms. Memory: 443392K Free: 386706K (87%)
----------------- Invoking toplevel() on ptolemy.moml.MoMLSimpleApplication@70ca0470
----------------- Done invoking toplevel() on ptolemy.moml.MoMLSimpleApplication@70ca0470
reloadAllAccessors: .cast

===========================================================================================
----------------- testing Wed Jul 31 05:19:54 UTC 2019 /home/travis/build/icyphy/ptII/ptolemy/actor/lib/test/auto/compositeMultiPort.xml
----------------- Instantiating /home/travis/build/icyphy/ptII/ptolemy/actor/lib/test/auto/compositeMultiPort.xml
4 ms. Memory: 443392K Free: 377476K (85%)
----------------- Invoking toplevel() on ptolemy.moml.MoMLSimpleApplication@543c63fb
----------------- Done invoking toplevel() on ptolemy.moml.MoMLSimpleApplication@543c63fb
reloadAllAccessors: .compositeMultiPort

===========================================================================================
----------------- testing Wed Jul 31 05:19:54 UTC 2019 /home/travis/build/icyphy/ptII/ptolemy/actor/lib/test/auto/expressionCastInference.xml
----------------- Instantiating /home/travis/build/icyphy/ptII/ptolemy/actor/lib/test/auto/expressionCastInference.xml
3 ms. Memory: 443392K Free: 372884K (84%)
----------------- Invoking toplevel() on ptolemy.moml.MoMLSimpleApplication@30b3e794
----------------- Done invoking toplevel() on ptolemy.moml.MoMLSimpleApplication@30b3e794
reloadAllAccessors: .expressionCastInference

===========================================================================================
----------------- testing Wed Jul 31 05:19:54 UTC 2019 /home/travis/build/icyphy/ptII/ptolemy/actor/lib/test/auto/expressionCastInference2.xml
----------------- Instantiating /home/travis/build/icyphy/ptII/ptolemy/actor/lib/test/auto/expressionCastInference2.xml
2 ms. Memory: 443392K Free: 368274K (83%)
----------------- Invoking toplevel() on ptolemy.moml.MoMLSimpleApplication@20a062ee
----------------- Done invoking toplevel() on ptolemy.moml.MoMLSimpleApplication@20a062ee
reloadAllAccessors: .expressionCastInference2

===========================================================================================
----------------- testing Wed Jul 31 05:19:54 UTC 2019 /home/travis/build/icyphy/ptII/ptolemy/actor/lib/test/auto/expressionInference.xml
----------------- Instantiating /home/travis/build/icyphy/ptII/ptolemy/actor/lib/test/auto/expressionInference.xml
2 ms. Memory: 443392K Free: 363668K (82%)
----------------- Invoking toplevel() on ptolemy.moml.MoMLSimpleApplication@2c99d136
----------------- Done invoking toplevel() on ptolemy.moml.MoMLSimpleApplication@2c99d136
reloadAllAccessors: .expressionInference

===========================================================================================
----------------- testing Wed Jul 31 05:19:54 UTC 2019 /home/travis/build/icyphy/ptII/ptolemy/actor/lib/test/auto/expression_bug.xml
----------------- Instantiating /home/travis/build/icyphy/ptII/ptolemy/actor/lib/test/auto/expression_bug.xml
3 ms. Memory: 443392K Free: 359572K (81%)
----------------- Invoking toplevel() on ptolemy.moml.MoMLSimpleApplication@289a4799
----------------- Done invoking toplevel() on ptolemy.moml.MoMLSimpleApplication@289a4799
reloadAllAccessors: .expression_bug

===========================================================================================
----------------- testing Wed Jul 31 05:19:54 UTC 2019 /home/travis/build/icyphy/ptII/ptolemy/actor/lib/test/auto/factorial.xml
----------------- Instantiating /home/travis/build/icyphy/ptII/ptolemy/actor/lib/test/auto/factorial.xml
43 ms. Memory: 443392K Free: 350356K (79%)
----------------- Invoking toplevel() on ptolemy.moml.MoMLSimpleApplication@34da0283
----------------- Done invoking toplevel() on ptolemy.moml.MoMLSimpleApplication@34da0283
reloadAllAccessors: .factorial

===========================================================================================
----------------- testing Wed Jul 31 05:19:54 UTC 2019 /home/travis/build/icyphy/ptII/ptolemy/actor/lib/test/auto/filterTest1.xml
----------------- Instantiating /home/travis/build/icyphy/ptII/ptolemy/actor/lib/test/auto/filterTest1.xml
3 ms. Memory: 443392K Free: 344708K (78%)
----------------- Invoking toplevel() on ptolemy.moml.MoMLSimpleApplication@187f4f5
----------------- Done invoking toplevel() on ptolemy.moml.MoMLSimpleApplication@187f4f5
reloadAllAccessors: .filterTest1

===========================================================================================
----------------- testing Wed Jul 31 05:19:54 UTC 2019 /home/travis/build/icyphy/ptII/ptolemy/actor/lib/test/auto/funcApplyInConst.xml
----------------- Instantiating /home/travis/build/icyphy/ptII/ptolemy/actor/lib/test/auto/funcApplyInConst.xml
1 ms. Memory: 443392K Free: 340626K (77%)
----------------- Invoking toplevel() on ptolemy.moml.MoMLSimpleApplication@14cb32df
----------------- Done invoking toplevel() on ptolemy.moml.MoMLSimpleApplication@14cb32df
reloadAllAccessors: .funcApplyInConst

===========================================================================================
----------------- testing Wed Jul 31 05:19:54 UTC 2019 /home/travis/build/icyphy/ptII/ptolemy/actor/lib/test/auto/funcApplyInExpr.xml
----------------- Instantiating /home/travis/build/icyphy/ptII/ptolemy/actor/lib/test/auto/funcApplyInExpr.xml
1 ms. Memory: 443392K Free: 337044K (76%)
----------------- Invoking toplevel() on ptolemy.moml.MoMLSimpleApplication@20784860
----------------- Done invoking toplevel() on ptolemy.moml.MoMLSimpleApplication@20784860
reloadAllAccessors: .funcApplyInExpr

===========================================================================================
----------------- testing Wed Jul 31 05:19:54 UTC 2019 /home/travis/build/icyphy/ptII/ptolemy/actor/lib/test/auto/function.xml
----------------- Instantiating /home/travis/build/icyphy/ptII/ptolemy/actor/lib/test/auto/function.xml
6 ms. Memory: 443392K Free: 332434K (75%)
----------------- Invoking toplevel() on ptolemy.moml.MoMLSimpleApplication@157f0881
----------------- Done invoking toplevel() on ptolemy.moml.MoMLSimpleApplication@157f0881
reloadAllAccessors: .function

===========================================================================================
----------------- testing Wed Jul 31 05:19:54 UTC 2019 /home/travis/build/icyphy/ptII/ptolemy/actor/lib/test/auto/function2.xml
----------------- Instantiating /home/travis/build/icyphy/ptII/ptolemy/actor/lib/test/auto/function2.xml
2 ms. Memory: 443392K Free: 327314K (74%)
----------------- Invoking toplevel() on ptolemy.moml.MoMLSimpleApplication@3449d81a
----------------- Done invoking toplevel() on ptolemy.moml.MoMLSimpleApplication@3449d81a
reloadAllAccessors: .function2

===========================================================================================
----------------- testing Wed Jul 31 05:19:54 UTC 2019 /home/travis/build/icyphy/ptII/ptolemy/actor/lib/test/auto/function3.xml
----------------- Instantiating /home/travis/build/icyphy/ptII/ptolemy/actor/lib/test/auto/function3.xml
1 ms. Memory: 443392K Free: 323732K (73%)
----------------- Invoking toplevel() on ptolemy.moml.MoMLSimpleApplication@22fc2972
----------------- Done invoking toplevel() on ptolemy.moml.MoMLSimpleApplication@22fc2972
reloadAllAccessors: .function3

===========================================================================================
----------------- testing Wed Jul 31 05:19:54 UTC 2019 /home/travis/build/icyphy/ptII/ptolemy/actor/lib/test/auto/functionClosureTest1.xml
----------------- Instantiating /home/travis/build/icyphy/ptII/ptolemy/actor/lib/test/auto/functionClosureTest1.xml
1 ms. Memory: 443392K Free: 317588K (72%)
----------------- Invoking toplevel() on ptolemy.moml.MoMLSimpleApplication@176b095b
----------------- Done invoking toplevel() on ptolemy.moml.MoMLSimpleApplication@176b095b
reloadAllAccessors: .functionClosureTest1

===========================================================================================
----------------- testing Wed Jul 31 05:19:54 UTC 2019 /home/travis/build/icyphy/ptII/ptolemy/actor/lib/test/auto/functionClosureTest2.xml
----------------- Instantiating /home/travis/build/icyphy/ptII/ptolemy/actor/lib/test/auto/functionClosureTest2.xml
1 ms. Memory: 443392K Free: 314002K (71%)
----------------- Invoking toplevel() on ptolemy.moml.MoMLSimpleApplication@1e28c5ff
----------------- Done invoking toplevel() on ptolemy.moml.MoMLSimpleApplication@1e28c5ff
reloadAllAccessors: .functionClosureTest2

===========================================================================================
----------------- testing Wed Jul 31 05:19:54 UTC 2019 /home/travis/build/icyphy/ptII/ptolemy/actor/lib/test/auto/functionClosureTest3.xml
----------------- Instantiating /home/travis/build/icyphy/ptII/ptolemy/actor/lib/test/auto/functionClosureTest3.xml
2 ms. Memory: 443392K Free: 308372K (70%)
----------------- Invoking toplevel() on ptolemy.moml.MoMLSimpleApplication@1eddfe40
----------------- Done invoking toplevel() on ptolemy.moml.MoMLSimpleApplication@1eddfe40
reloadAllAccessors: .functionClosureTest3

===========================================================================================
----------------- testing Wed Jul 31 05:19:54 UTC 2019 /home/travis/build/icyphy/ptII/ptolemy/actor/lib/test/auto/functionClosureTest4.xml
----------------- Instantiating /home/travis/build/icyphy/ptII/ptolemy/actor/lib/test/auto/functionClosureTest4.xml
4 ms. Memory: 443392K Free: 302228K (68%)
----------------- Invoking toplevel() on ptolemy.moml.MoMLSimpleApplication@7160c8a5
----------------- Done invoking toplevel() on ptolemy.moml.MoMLSimpleApplication@7160c8a5
reloadAllAccessors: .functionClosureTest4

===========================================================================================
----------------- testing Wed Jul 31 05:19:54 UTC 2019 /home/travis/build/icyphy/ptII/ptolemy/actor/lib/test/auto/functionClosureTest5.xml
----------------- Instantiating /home/travis/build/icyphy/ptII/ptolemy/actor/lib/test/auto/functionClosureTest5.xml
3 ms. Memory: 443392K Free: 296588K (67%)
----------------- Invoking toplevel() on ptolemy.moml.MoMLSimpleApplication@27f05be
----------------- Done invoking toplevel() on ptolemy.moml.MoMLSimpleApplication@27f05be
reloadAllAccessors: .functionClosureTest5

===========================================================================================
----------------- testing Wed Jul 31 05:19:54 UTC 2019 /home/travis/build/icyphy/ptII/ptolemy/actor/lib/test/auto/functionClosureTest6.xml
----------------- Instantiating /home/travis/build/icyphy/ptII/ptolemy/actor/lib/test/auto/functionClosureTest6.xml
2 ms. Memory: 443392K Free: 291988K (66%)
----------------- Invoking toplevel() on ptolemy.moml.MoMLSimpleApplication@1408ae2d
----------------- Done invoking toplevel() on ptolemy.moml.MoMLSimpleApplication@1408ae2d
reloadAllAccessors: .functionClosureTest6

===========================================================================================
----------------- testing Wed Jul 31 05:19:54 UTC 2019 /home/travis/build/icyphy/ptII/ptolemy/actor/lib/test/auto/functionsOnArcs.xml
----------------- Instantiating /home/travis/build/icyphy/ptII/ptolemy/actor/lib/test/auto/functionsOnArcs.xml
3 ms. Memory: 443392K Free: 286868K (65%)
----------------- Invoking toplevel() on ptolemy.moml.MoMLSimpleApplication@d71ef89
----------------- Done invoking toplevel() on ptolemy.moml.MoMLSimpleApplication@d71ef89
reloadAllAccessors: .functionsOnArcs

===========================================================================================
----------------- testing Wed Jul 31 05:19:54 UTC 2019 /home/travis/build/icyphy/ptII/ptolemy/actor/lib/test/auto/functionsOnArcsHOF.xml
----------------- Instantiating /home/travis/build/icyphy/ptII/ptolemy/actor/lib/test/auto/functionsOnArcsHOF.xml
3 ms. Memory: 443392K Free: 280724K (63%)
----------------- Invoking toplevel() on ptolemy.moml.MoMLSimpleApplication@709b2990
----------------- Done invoking toplevel() on ptolemy.moml.MoMLSimpleApplication@709b2990
reloadAllAccessors: .functionsOnArcsHOF

===========================================================================================
----------------- testing Wed Jul 31 05:19:55 UTC 2019 /home/travis/build/icyphy/ptII/ptolemy/actor/lib/test/auto/logic.xml
----------------- Instantiating /home/travis/build/icyphy/ptII/ptolemy/actor/lib/test/auto/logic.xml
2 ms. Memory: 443392K Free: 273556K (62%)
----------------- Invoking toplevel() on ptolemy.moml.MoMLSimpleApplication@1ab67f76
----------------- Done invoking toplevel() on ptolemy.moml.MoMLSimpleApplication@1ab67f76
reloadAllAccessors: .logic

===========================================================================================
----------------- testing Wed Jul 31 05:19:55 UTC 2019 /home/travis/build/icyphy/ptII/ptolemy/actor/lib/test/auto/matrixType.xml
----------------- Instantiating /home/travis/build/icyphy/ptII/ptolemy/actor/lib/test/auto/matrixType.xml
2 ms. Memory: 443392K Free: 267922K (60%)
----------------- Invoking toplevel() on ptolemy.moml.MoMLSimpleApplication@7eb40472
----------------- Done invoking toplevel() on ptolemy.moml.MoMLSimpleApplication@7eb40472
reloadAllAccessors: .matrixType

===========================================================================================
----------------- testing Wed Jul 31 05:19:55 UTC 2019 /home/travis/build/icyphy/ptII/ptolemy/actor/lib/test/auto/matrixType10.xml
----------------- Instantiating /home/travis/build/icyphy/ptII/ptolemy/actor/lib/test/auto/matrixType10.xml
2 ms. Memory: 443392K Free: 263316K (59%)
----------------- Invoking toplevel() on ptolemy.moml.MoMLSimpleApplication@725457f4
----------------- Done invoking toplevel() on ptolemy.moml.MoMLSimpleApplication@725457f4
reloadAllAccessors: .matrixType10

===========================================================================================
----------------- testing Wed Jul 31 05:19:55 UTC 2019 /home/travis/build/icyphy/ptII/ptolemy/actor/lib/test/auto/matrixType11.xml
----------------- Instantiating /home/travis/build/icyphy/ptII/ptolemy/actor/lib/test/auto/matrixType11.xml
1 ms. Memory: 443392K Free: 258196K (58%)
----------------- Invoking toplevel() on ptolemy.moml.MoMLSimpleApplication@7409ec4a
----------------- Done invoking toplevel() on ptolemy.moml.MoMLSimpleApplication@7409ec4a
reloadAllAccessors: .matrixType11

===========================================================================================
----------------- testing Wed Jul 31 05:19:55 UTC 2019 /home/travis/build/icyphy/ptII/ptolemy/actor/lib/test/auto/matrixType12.xml
----------------- Instantiating /home/travis/build/icyphy/ptII/ptolemy/actor/lib/test/auto/matrixType12.xml
1 ms. Memory: 443392K Free: 253586K (57%)
----------------- Invoking toplevel() on ptolemy.moml.MoMLSimpleApplication@2da3a4b4
----------------- Done invoking toplevel() on ptolemy.moml.MoMLSimpleApplication@2da3a4b4
reloadAllAccessors: .matrixType12

===========================================================================================
----------------- testing Wed Jul 31 05:19:55 UTC 2019 /home/travis/build/icyphy/ptII/ptolemy/actor/lib/test/auto/matrixType13.xml
----------------- Instantiating /home/travis/build/icyphy/ptII/ptolemy/actor/lib/test/auto/matrixType13.xml
1 ms. Memory: 443392K Free: 248466K (56%)
----------------- Invoking toplevel() on ptolemy.moml.MoMLSimpleApplication@63f12068
----------------- Done invoking toplevel() on ptolemy.moml.MoMLSimpleApplication@63f12068
reloadAllAccessors: .matrixType13

===========================================================================================
----------------- testing Wed Jul 31 05:19:55 UTC 2019 /home/travis/build/icyphy/ptII/ptolemy/actor/lib/test/auto/matrixType14.xml
----------------- Instantiating /home/travis/build/icyphy/ptII/ptolemy/actor/lib/test/auto/matrixType14.xml
1 ms. Memory: 443392K Free: 243332K (55%)
----------------- Invoking toplevel() on ptolemy.moml.MoMLSimpleApplication@754a5b80
----------------- Done invoking toplevel() on ptolemy.moml.MoMLSimpleApplication@754a5b80
reloadAllAccessors: .matrixType14

===========================================================================================
----------------- testing Wed Jul 31 05:19:55 UTC 2019 /home/travis/build/icyphy/ptII/ptolemy/actor/lib/test/auto/matrixType2.xml
----------------- Instantiating /home/travis/build/icyphy/ptII/ptolemy/actor/lib/test/auto/matrixType2.xml
1 ms. Memory: 443392K Free: 238226K (54%)
----------------- Invoking toplevel() on ptolemy.moml.MoMLSimpleApplication@5588981a
----------------- Done invoking toplevel() on ptolemy.moml.MoMLSimpleApplication@5588981a
reloadAllAccessors: .matrixType2

===========================================================================================
----------------- testing Wed Jul 31 05:19:55 UTC 2019 /home/travis/build/icyphy/ptII/ptolemy/actor/lib/test/auto/matrixType3.xml
----------------- Instantiating /home/travis/build/icyphy/ptII/ptolemy/actor/lib/test/auto/matrixType3.xml
1 ms. Memory: 443392K Free: 233620K (53%)
----------------- Invoking toplevel() on ptolemy.moml.MoMLSimpleApplication@9a8b651
----------------- Done invoking toplevel() on ptolemy.moml.MoMLSimpleApplication@9a8b651
reloadAllAccessors: .matrixType3

===========================================================================================
----------------- testing Wed Jul 31 05:19:55 UTC 2019 /home/travis/build/icyphy/ptII/ptolemy/actor/lib/test/auto/matrixType4.xml
----------------- Instantiating /home/travis/build/icyphy/ptII/ptolemy/actor/lib/test/auto/matrixType4.xml
1 ms. Memory: 443392K Free: 228500K (52%)
----------------- Invoking toplevel() on ptolemy.moml.MoMLSimpleApplication@1bc6a256
----------------- Done invoking toplevel() on ptolemy.moml.MoMLSimpleApplication@1bc6a256
reloadAllAccessors: .matrixType4

===========================================================================================
----------------- testing Wed Jul 31 05:19:55 UTC 2019 /home/travis/build/icyphy/ptII/ptolemy/actor/lib/test/auto/matrixType5.xml
----------------- Instantiating /home/travis/build/icyphy/ptII/ptolemy/actor/lib/test/auto/matrixType5.xml
1 ms. Memory: 443392K Free: 223890K (50%)
----------------- Invoking toplevel() on ptolemy.moml.MoMLSimpleApplication@23c292d7
----------------- Done invoking toplevel() on ptolemy.moml.MoMLSimpleApplication@23c292d7
reloadAllAccessors: .matrixType5

===========================================================================================
----------------- testing Wed Jul 31 05:19:55 UTC 2019 /home/travis/build/icyphy/ptII/ptolemy/actor/lib/test/auto/matrixType6.xml
----------------- Instantiating /home/travis/build/icyphy/ptII/ptolemy/actor/lib/test/auto/matrixType6.xml
1 ms. Memory: 443392K Free: 218770K (49%)
----------------- Invoking toplevel() on ptolemy.moml.MoMLSimpleApplication@3ec36207
----------------- Done invoking toplevel() on ptolemy.moml.MoMLSimpleApplication@3ec36207
reloadAllAccessors: .matrixType6

===========================================================================================
----------------- testing Wed Jul 31 05:19:55 UTC 2019 /home/travis/build/icyphy/ptII/ptolemy/actor/lib/test/auto/matrixType7.xml
----------------- Instantiating /home/travis/build/icyphy/ptII/ptolemy/actor/lib/test/auto/matrixType7.xml
1 ms. Memory: 443392K Free: 214164K (48%)
----------------- Invoking toplevel() on ptolemy.moml.MoMLSimpleApplication@603d3c2
----------------- Done invoking toplevel() on ptolemy.moml.MoMLSimpleApplication@603d3c2
reloadAllAccessors: .matrixType7

===========================================================================================
----------------- testing Wed Jul 31 05:19:55 UTC 2019 /home/travis/build/icyphy/ptII/ptolemy/actor/lib/test/auto/matrixType8.xml
----------------- Instantiating /home/travis/build/icyphy/ptII/ptolemy/actor/lib/test/auto/matrixType8.xml
1 ms. Memory: 443392K Free: 209044K (47%)
----------------- Invoking toplevel() on ptolemy.moml.MoMLSimpleApplication@7e4ae0b3
----------------- Done invoking toplevel() on ptolemy.moml.MoMLSimpleApplication@7e4ae0b3
reloadAllAccessors: .matrixType8

===========================================================================================
----------------- testing Wed Jul 31 05:19:55 UTC 2019 /home/travis/build/icyphy/ptII/ptolemy/actor/lib/test/auto/matrixType9.xml
----------------- Instantiating /home/travis/build/icyphy/ptII/ptolemy/actor/lib/test/auto/matrixType9.xml
1 ms. Memory: 443392K Free: 204434K (46%)
----------------- Invoking toplevel() on ptolemy.moml.MoMLSimpleApplication@1fb0ab83
----------------- Done invoking toplevel() on ptolemy.moml.MoMLSimpleApplication@1fb0ab83
reloadAllAccessors: .matrixType9

===========================================================================================
----------------- testing Wed Jul 31 05:19:55 UTC 2019 /home/travis/build/icyphy/ptII/ptolemy/actor/lib/test/auto/paraFunctest.xml
----------------- Instantiating /home/travis/build/icyphy/ptII/ptolemy/actor/lib/test/auto/paraFunctest.xml
2 ms. Memory: 443392K Free: 200338K (45%)
----------------- Invoking toplevel() on ptolemy.moml.MoMLSimpleApplication@3b610339
----------------- Done invoking toplevel() on ptolemy.moml.MoMLSimpleApplication@3b610339
reloadAllAccessors: .paraFunctest

===========================================================================================
----------------- testing Wed Jul 31 05:19:55 UTC 2019 /home/travis/build/icyphy/ptII/ptolemy/actor/lib/test/auto/paraFunctest2.xml
----------------- Instantiating /home/travis/build/icyphy/ptII/ptolemy/actor/lib/test/auto/paraFunctest2.xml
1 ms. Memory: 443392K Free: 196756K (44%)
----------------- Invoking toplevel() on ptolemy.moml.MoMLSimpleApplication@593522ca
----------------- Done invoking toplevel() on ptolemy.moml.MoMLSimpleApplication@593522ca
reloadAllAccessors: .paraFunctest2

===========================================================================================
----------------- testing Wed Jul 31 05:19:55 UTC 2019 /home/travis/build/icyphy/ptII/ptolemy/actor/lib/test/auto/parameterPassing.xml
----------------- Instantiating /home/travis/build/icyphy/ptII/ptolemy/actor/lib/test/auto/parameterPassing.xml
1 ms. Memory: 443392K Free: 192146K (43%)
----------------- Invoking toplevel() on ptolemy.moml.MoMLSimpleApplication@4134ab2e
----------------- Done invoking toplevel() on ptolemy.moml.MoMLSimpleApplication@4134ab2e
reloadAllAccessors: .parameterPassing

===========================================================================================
----------------- testing Wed Jul 31 05:19:55 UTC 2019 /home/travis/build/icyphy/ptII/ptolemy/actor/lib/test/auto/record.xml
----------------- Instantiating /home/travis/build/icyphy/ptII/ptolemy/actor/lib/test/auto/record.xml
3 ms. Memory: 443392K Free: 187540K (42%)
----------------- Invoking toplevel() on ptolemy.moml.MoMLSimpleApplication@7b6db47a
----------------- Done invoking toplevel() on ptolemy.moml.MoMLSimpleApplication@7b6db47a
reloadAllAccessors: .record

===========================================================================================
----------------- testing Wed Jul 31 05:19:55 UTC 2019 /home/travis/build/icyphy/ptII/ptolemy/actor/lib/test/auto/sizedarray1.xml
----------------- Instantiating /home/travis/build/icyphy/ptII/ptolemy/actor/lib/test/auto/sizedarray1.xml
2 ms. Memory: 443392K Free: 181906K (41%)
----------------- Invoking toplevel() on ptolemy.moml.MoMLSimpleApplication@62a42c7f
----------------- Done invoking toplevel() on ptolemy.moml.MoMLSimpleApplication@62a42c7f
reloadAllAccessors: .sizedarray1

===========================================================================================
----------------- testing Wed Jul 31 05:19:55 UTC 2019 /home/travis/build/icyphy/ptII/ptolemy/actor/lib/test/auto/sizedarray2.xml
----------------- Instantiating /home/travis/build/icyphy/ptII/ptolemy/actor/lib/test/auto/sizedarray2.xml
3 ms. Memory: 443392K Free: 176276K (40%)
----------------- Invoking toplevel() on ptolemy.moml.MoMLSimpleApplication@5a151b32
----------------- Done invoking toplevel() on ptolemy.moml.MoMLSimpleApplication@5a151b32
reloadAllAccessors: .sizedarray2

===========================================================================================
----------------- testing Wed Jul 31 05:19:55 UTC 2019 /home/travis/build/icyphy/ptII/ptolemy/actor/lib/test/auto/twoPublishers.xml
----------------- Instantiating /home/travis/build/icyphy/ptII/ptolemy/actor/lib/test/auto/twoPublishers.xml
6 ms. Memory: 443392K Free: 165012K (37%)
----------------- Invoking toplevel() on ptolemy.moml.MoMLSimpleApplication@7fe6b3e7
----------------- Done invoking toplevel() on ptolemy.moml.MoMLSimpleApplication@7fe6b3e7
reloadAllAccessors: .twoPublishers
AutoTests.java: About to close Vertx.
AutoTests.java: Vertx closed.
]]></system-out>
  <system-err><![CDATA[java.lang.RuntimeException: Execution failed
	at ptolemy.moml.MoMLSimpleApplication$UnloadThread.run(MoMLSimpleApplication.java:402)
Caused by: java.lang.RuntimeException: StringUtilities.exit() was called. Normally, we would exit here because Manager.exitAfterWrapup() was called.  However, because the ptolemy.ptII.exitAfterWrapup property is set, we throw this exception instead.
	at ptolemy.util.StringUtilities.exit(StringUtilities.java:365)
	at ptolemy.actor.Manager.wrapup(Manager.java:1549)
	at ptolemy.actor.Manager.execute(Manager.java:407)
	at ptolemy.actor.Manager.run(Manager.java:1263)
	at ptolemy.actor.Manager$PtolemyRunThread.run(Manager.java:1933)
Warning: '.top.test' is in training mode, set the trainingMode parameter to false before checking in
Warning: '.top.test' is in training mode, set the trainingMode parameter to false before checking in
Warning: '.top.test' is in training mode, set the trainingMode parameter to false before checking in
Warning: '.BooleanSwitch_RegressionTest_WrongTrainingValues.Test' is in training mode, set the trainingMode parameter to false before checking in
Warning: '.BooleanSwitch_RegressionTest_WrongTrainingValues.Test2' is in training mode, set the trainingMode parameter to false before checking in
Warning: '.BooleanSwitch_RegressionTest_WrongTrainingValues.Test2' The test produced 0 tokens.
Warning: '.top.testExceptionHandler' is in training mode, set the trainingMode parameter to false before checking in
java.lang.RuntimeException: Execution failed
	at ptolemy.moml.MoMLSimpleApplication$UnloadThread.run(MoMLSimpleApplication.java:402)
Caused by: ptolemy.kernel.util.IllegalActionException: PublisherPorts cannot be used at the top level, use a Publisher actor instead.
  in .PublisherPortToplevelSubscriber.PublisherPort
	at ptolemy.actor.PublisherPort.preinitialize(PublisherPort.java:403)
	at ptolemy.actor.CompositeActor.preinitialize(CompositeActor.java:1769)
	at ptolemy.actor.Manager.preinitializeAndResolveTypes(Manager.java:1040)
	at ptolemy.actor.Manager.initialize(Manager.java:710)
	at ptolemy.actor.Manager.execute(Manager.java:356)
	at ptolemy.actor.Manager.run(Manager.java:1263)
	at ptolemy.actor.Manager$PtolemyRunThread.run(Manager.java:1933)
java.lang.reflect.InvocationTargetException
	at java.base/jdk.internal.reflect.NativeConstructorAccessorImpl.newInstance0(Native Method)
	at java.base/jdk.internal.reflect.NativeConstructorAccessorImpl.newInstance(NativeConstructorAccessorImpl.java:62)
	at java.base/jdk.internal.reflect.DelegatingConstructorAccessorImpl.newInstance(DelegatingConstructorAccessorImpl.java:45)
	at java.base/java.lang.reflect.Constructor.newInstance(Constructor.java:490)
	at ptolemy.util.test.junit.AutoKnownFailedTests.RunModel(AutoKnownFailedTests.java:105)
	at java.base/jdk.internal.reflect.NativeMethodAccessorImpl.invoke0(Native Method)
	at java.base/jdk.internal.reflect.NativeMethodAccessorImpl.invoke(NativeMethodAccessorImpl.java:62)
	at java.base/jdk.internal.reflect.DelegatingMethodAccessorImpl.invoke(DelegatingMethodAccessorImpl.java:43)
	at java.base/java.lang.reflect.Method.invoke(Method.java:566)
	at org.junit.runners.model.FrameworkMethod$1.runReflectiveCall(FrameworkMethod.java:44)
	at org.junit.internal.runners.model.ReflectiveCallable.run(ReflectiveCallable.java:15)
	at org.junit.runners.model.FrameworkMethod.invokeExplosively(FrameworkMethod.java:41)
	at junitparams.internal.InvokeParameterisedMethod.evaluate(InvokeParameterisedMethod.java:102)
	at org.junit.internal.runners.statements.FailOnTimeout$1.run(FailOnTimeout.java:28)
Caused by: ptolemy.kernel.util.IllegalActionException: PublisherPorts cannot be used at the top level, use a Publisher actor instead.
  in .PublisherPortToplevelSubscriber.PublisherPort
	at ptolemy.actor.PublisherPort.preinitialize(PublisherPort.java:403)
	at ptolemy.actor.CompositeActor.preinitialize(CompositeActor.java:1769)
	at ptolemy.actor.Manager.preinitializeAndResolveTypes(Manager.java:1040)
	at ptolemy.actor.Manager.initialize(Manager.java:710)
	at ptolemy.actor.Manager.execute(Manager.java:356)
	at ptolemy.actor.Manager.run(Manager.java:1263)
	at ptolemy.actor.Manager$PtolemyRunThread.run(Manager.java:1933)
java.lang.RuntimeException: Execution failed
	at ptolemy.moml.MoMLSimpleApplication$UnloadThread.run(MoMLSimpleApplication.java:402)
Caused by: ptolemy.kernel.util.IllegalActionException: SubscriberPorts cannot be used at the top level, use a Subscriber actor instead.
  in .PublisherSubscriberPortToplevel.SubscriberPort
	at ptolemy.actor.SubscriberPort.preinitialize(SubscriberPort.java:328)
	at ptolemy.actor.CompositeActor.preinitialize(CompositeActor.java:1769)
	at ptolemy.actor.Manager.preinitializeAndResolveTypes(Manager.java:1040)
	at ptolemy.actor.Manager.initialize(Manager.java:710)
	at ptolemy.actor.Manager.execute(Manager.java:356)
	at ptolemy.actor.Manager.run(Manager.java:1263)
	at ptolemy.actor.Manager$PtolemyRunThread.run(Manager.java:1933)
java.lang.reflect.InvocationTargetException
	at java.base/jdk.internal.reflect.NativeConstructorAccessorImpl.newInstance0(Native Method)
	at java.base/jdk.internal.reflect.NativeConstructorAccessorImpl.newInstance(NativeConstructorAccessorImpl.java:62)
	at java.base/jdk.internal.reflect.DelegatingConstructorAccessorImpl.newInstance(DelegatingConstructorAccessorImpl.java:45)
	at java.base/java.lang.reflect.Constructor.newInstance(Constructor.java:490)
	at ptolemy.util.test.junit.AutoKnownFailedTests.RunModel(AutoKnownFailedTests.java:105)
	at java.base/jdk.internal.reflect.NativeMethodAccessorImpl.invoke0(Native Method)
	at java.base/jdk.internal.reflect.NativeMethodAccessorImpl.invoke(NativeMethodAccessorImpl.java:62)
	at java.base/jdk.internal.reflect.DelegatingMethodAccessorImpl.invoke(DelegatingMethodAccessorImpl.java:43)
	at java.base/java.lang.reflect.Method.invoke(Method.java:566)
	at org.junit.runners.model.FrameworkMethod$1.runReflectiveCall(FrameworkMethod.java:44)
	at org.junit.internal.runners.model.ReflectiveCallable.run(ReflectiveCallable.java:15)
	at org.junit.runners.model.FrameworkMethod.invokeExplosively(FrameworkMethod.java:41)
	at junitparams.internal.InvokeParameterisedMethod.evaluate(InvokeParameterisedMethod.java:102)
	at org.junit.internal.runners.statements.FailOnTimeout$1.run(FailOnTimeout.java:28)
Caused by: ptolemy.kernel.util.IllegalActionException: SubscriberPorts cannot be used at the top level, use a Subscriber actor instead.
  in .PublisherSubscriberPortToplevel.SubscriberPort
	at ptolemy.actor.SubscriberPort.preinitialize(SubscriberPort.java:328)
	at ptolemy.actor.CompositeActor.preinitialize(CompositeActor.java:1769)
	at ptolemy.actor.Manager.preinitializeAndResolveTypes(Manager.java:1040)
	at ptolemy.actor.Manager.initialize(Manager.java:710)
	at ptolemy.actor.Manager.execute(Manager.java:356)
	at ptolemy.actor.Manager.run(Manager.java:1263)
	at ptolemy.actor.Manager$PtolemyRunThread.run(Manager.java:1933)
java.lang.RuntimeException: Execution failed
	at ptolemy.moml.MoMLSimpleApplication$UnloadThread.run(MoMLSimpleApplication.java:402)
Caused by: ptolemy.kernel.util.IllegalActionException: SubscriptionAggregatorPorts cannot be used at the top level, use a SubscriptionAggregator actor instead.
  in .PublisherSubscriptionAggregatorPort.SubscriptionAggregatorPort
	at ptolemy.actor.SubscriptionAggregatorPort.preinitialize(SubscriptionAggregatorPort.java:353)
	at ptolemy.actor.CompositeActor.preinitialize(CompositeActor.java:1769)
	at ptolemy.actor.Manager.preinitializeAndResolveTypes(Manager.java:1040)
	at ptolemy.actor.Manager.initialize(Manager.java:710)
	at ptolemy.actor.Manager.execute(Manager.java:356)
	at ptolemy.actor.Manager.run(Manager.java:1263)
	at ptolemy.actor.Manager$PtolemyRunThread.run(Manager.java:1933)
java.lang.reflect.InvocationTargetException
	at java.base/jdk.internal.reflect.NativeConstructorAccessorImpl.newInstance0(Native Method)
	at java.base/jdk.internal.reflect.NativeConstructorAccessorImpl.newInstance(NativeConstructorAccessorImpl.java:62)
	at java.base/jdk.internal.reflect.DelegatingConstructorAccessorImpl.newInstance(DelegatingConstructorAccessorImpl.java:45)
	at java.base/java.lang.reflect.Constructor.newInstance(Constructor.java:490)
	at ptolemy.util.test.junit.AutoKnownFailedTests.RunModel(AutoKnownFailedTests.java:105)
	at java.base/jdk.internal.reflect.NativeMethodAccessorImpl.invoke0(Native Method)
	at java.base/jdk.internal.reflect.NativeMethodAccessorImpl.invoke(NativeMethodAccessorImpl.java:62)
	at java.base/jdk.internal.reflect.DelegatingMethodAccessorImpl.invoke(DelegatingMethodAccessorImpl.java:43)
	at java.base/java.lang.reflect.Method.invoke(Method.java:566)
	at org.junit.runners.model.FrameworkMethod$1.runReflectiveCall(FrameworkMethod.java:44)
	at org.junit.internal.runners.model.ReflectiveCallable.run(ReflectiveCallable.java:15)
	at org.junit.runners.model.FrameworkMethod.invokeExplosively(FrameworkMethod.java:41)
	at junitparams.internal.InvokeParameterisedMethod.evaluate(InvokeParameterisedMethod.java:102)
	at org.junit.internal.runners.statements.FailOnTimeout$1.run(FailOnTimeout.java:28)
Caused by: ptolemy.kernel.util.IllegalActionException: SubscriptionAggregatorPorts cannot be used at the top level, use a SubscriptionAggregator actor instead.
  in .PublisherSubscriptionAggregatorPort.SubscriptionAggregatorPort
	at ptolemy.actor.SubscriptionAggregatorPort.preinitialize(SubscriptionAggregatorPort.java:353)
	at ptolemy.actor.CompositeActor.preinitialize(CompositeActor.java:1769)
	at ptolemy.actor.Manager.preinitializeAndResolveTypes(Manager.java:1040)
	at ptolemy.actor.Manager.initialize(Manager.java:710)
	at ptolemy.actor.Manager.execute(Manager.java:356)
	at ptolemy.actor.Manager.run(Manager.java:1263)
	at ptolemy.actor.Manager$PtolemyRunThread.run(Manager.java:1933)
java.lang.RuntimeException: Execution failed
	at ptolemy.moml.MoMLSimpleApplication$UnloadThread.run(MoMLSimpleApplication.java:402)
Caused by: ptolemy.kernel.util.IllegalActionException: TypeTest actor has no training data.
  in .sizedarray3.TypeTest
	at ptolemy.actor.lib.TypeTest.initialize(TypeTest.java:250)
	at ptolemy.actor.Director.initialize(Director.java:938)
	at ptolemy.actor.Director.initialize(Director.java:907)
	at ptolemy.actor.sched.StaticSchedulingDirector.initialize(StaticSchedulingDirector.java:159)
	at ptolemy.domains.sdf.kernel.SDFDirector.initialize(SDFDirector.java:544)
	at ptolemy.actor.CompositeActor.initialize(CompositeActor.java:935)
	at ptolemy.actor.Manager.initialize(Manager.java:724)
	at ptolemy.actor.Manager.execute(Manager.java:356)
	at ptolemy.actor.Manager.run(Manager.java:1263)
	at ptolemy.actor.Manager$PtolemyRunThread.run(Manager.java:1933)
java.lang.reflect.InvocationTargetException
	at java.base/jdk.internal.reflect.NativeConstructorAccessorImpl.newInstance0(Native Method)
	at java.base/jdk.internal.reflect.NativeConstructorAccessorImpl.newInstance(NativeConstructorAccessorImpl.java:62)
	at java.base/jdk.internal.reflect.DelegatingConstructorAccessorImpl.newInstance(DelegatingConstructorAccessorImpl.java:45)
	at java.base/java.lang.reflect.Constructor.newInstance(Constructor.java:490)
	at ptolemy.util.test.junit.AutoKnownFailedTests.RunModel(AutoKnownFailedTests.java:105)
	at java.base/jdk.internal.reflect.NativeMethodAccessorImpl.invoke0(Native Method)
	at java.base/jdk.internal.reflect.NativeMethodAccessorImpl.invoke(NativeMethodAccessorImpl.java:62)
	at java.base/jdk.internal.reflect.DelegatingMethodAccessorImpl.invoke(DelegatingMethodAccessorImpl.java:43)
	at java.base/java.lang.reflect.Method.invoke(Method.java:566)
	at org.junit.runners.model.FrameworkMethod$1.runReflectiveCall(FrameworkMethod.java:44)
	at org.junit.internal.runners.model.ReflectiveCallable.run(ReflectiveCallable.java:15)
	at org.junit.runners.model.FrameworkMethod.invokeExplosively(FrameworkMethod.java:41)
	at junitparams.internal.InvokeParameterisedMethod.evaluate(InvokeParameterisedMethod.java:102)
	at org.junit.internal.runners.statements.FailOnTimeout$1.run(FailOnTimeout.java:28)
Caused by: ptolemy.kernel.util.IllegalActionException: TypeTest actor has no training data.
  in .sizedarray3.TypeTest
	at ptolemy.actor.lib.TypeTest.initialize(TypeTest.java:250)
	at ptolemy.actor.Director.initialize(Director.java:938)
	at ptolemy.actor.Director.initialize(Director.java:907)
	at ptolemy.actor.sched.StaticSchedulingDirector.initialize(StaticSchedulingDirector.java:159)
	at ptolemy.domains.sdf.kernel.SDFDirector.initialize(SDFDirector.java:544)
	at ptolemy.actor.CompositeActor.initialize(CompositeActor.java:935)
	at ptolemy.actor.Manager.initialize(Manager.java:724)
	at ptolemy.actor.Manager.execute(Manager.java:356)
	at ptolemy.actor.Manager.run(Manager.java:1263)
	at ptolemy.actor.Manager$PtolemyRunThread.run(Manager.java:1933)
]]></system-err>
</testsuite>
