<?xml version="1.0" encoding="UTF-8" ?>
<testsuite errors="0" failures="0" hostname="travis-job-1376775e-a52f-49e4-b2e9-78c18ff1bea6" name="ptolemy.domains.de.test.junit.JUnitTclTest" skipped="0" tests="101" time="142.83" timestamp="2019-12-01T06:22:23">
  <properties>
    <property name="npm.executable" value="npm" />
    <property name="env.TRAVIS_ROOT" value="/" />
    <property name="ptII.mk.exists" value="true" />
    <property name="env.TRAVIS_APP_HOST" value="build.travis-ci.org" />
    <property name="env.rvm_bin_path" value="/home/travis/.rvm/bin" />
    <property name="java.home" value="/usr/local/lib/jvm/openjdk11" />
    <property name="env.TRAVIS_JOB_NUMBER" value="1414.9" />
    <property name="env.TRAVIS_HOME" value="/home/travis" />
    <property name="env.DISPLAY" value=":99.0" />
    <property name="env.TRAVIS_INIT" value="systemd" />
    <property name="env.SSH_TTY" value="/dev/pts/0" />
    <property name="java.net.preferIPv4Stack" value="true" />
    <property name="env.RUN_TESTS" value="true" />
    <property name="timeout.short" value="1000000" />
    <property name="junit.formatter" value="xml" />
    <property name="env.TRAVIS_SUDO" value="true" />
    <property name="env.TRAVIS_JOB_NAME" value="" />
    <property name="env.TRAVIS_STACK_NODE_ATTRIBUTES" value="/.node-attributes.yml" />
    <property name="env.LOGNAME" value="travis" />
    <property name="jsdoc.home" value="node_modules/@terraswarm/jsdoc" />
    <property name="debuglevel" value="source,lines,vars" />
    <property name="checkstyle.formatter" value="xml" />
    <property name="env._system_version" value="16.04" />
    <property name="bin.vergil.makeable" value="true" />
    <property name="sun.os.patch.level" value="unknown" />
    <property name="java.vendor.url" value="http://java.oracle.com/" />
    <property name="env.TRAVIS_BUILD_WEB_URL" value="https://travis-ci.org/icyphy/ptII/builds/619146047" />
    <property name="java.version" value="11.0.2" />
    <property name="env.TZ" value="UTC" />
    <property name="env.TRAVIS_PULL_REQUEST_SHA" value="" />
    <property name="env.PT_NO_NET" value="true" />
    <property name="env.TRAVIS_SECURE_ENV_VARS" value="true" />
    <property name="env._system_type" value="Linux" />
    <property name="java.vendor.url.bug" value="http://bugreport.java.com/bugreport/" />
    <property name="npmjs-org-is-up" value="true" />
    <property name="env.LANGUAGE" value="en_US.UTF-8" />
    <property name="env.SSH_CLIENT" value="10.16.3.8 40446 22" />
    <property name="env.GEM_HOME" value="/home/travis/.rvm/gems/ruby-2.5.3" />
    <property name="env.HAS_ANTARES_THREE_LITTLE_FRONZIES_BADGE" value="true" />
    <property name="java.version.date" value="2019-01-15" />
    <property name="env.PS4" value="+" />
    <property name="ant.project.invoked-targets" value="build,test.core2.xml" />
    <property name="env.TRAVIS_PULL_REQUEST_BRANCH" value="" />
    <property name="env.TRAVIS_REPO_SLUG" value="icyphy/ptII" />
    <property name="env.XDG_DATA_DIRS" value="/usr/local/share:/usr/share:/var/lib/snapd/desktop" />
    <property name="jdk.debug" value="release" />
    <property name="env.TRAVIS_APT_PROXY" value="http://apt.cache.travis-ci.com" />
    <property name="env.TRAVIS_CPU_ARCH" value="amd64" />
    <property name="node.in.path" value="true" />
    <property name="user.name" value="travis" />
    <property name="java.maxmemory" value="1400m" />
    <property name="env.RUBY_VERSION" value="ruby-2.5.3" />
    <property name="env.LANG" value="en_US.UTF-8" />
    <property name="sun.io.unicode.encoding" value="UnicodeLittle" />
    <property name="sun.jnu.encoding" value="UTF-8" />
    <property name="java.runtime.name" value="OpenJDK Runtime Environment" />
    <property name="usefile" value="false" />
    <property name="return.code" value="0" />
    <property name="junit.single.formatter" value="plain" />
    <property name="env.DYLD_LIBRARY_PATH" value="/home/travis/pthla/certi-tools/lib:" />
    <property name="env.DEBIAN_FRONTEND" value="noninteractive" />
    <property name="env.SSH_CONNECTION" value="10.16.3.8 40446 10.20.0.149 22" />
    <property name="env.MYSQL_UNIX_PORT" value="/var/run/mysqld/mysqld.sock" />
    <property name="env.LC_ALL" value="en_US.UTF-8" />
    <property name="env.TRAVIS_ALLOW_FAILURE" value="false" />
    <property name="env.TRAVIS_JOB_WEB_URL" value="https://travis-ci.org/icyphy/ptII/jobs/619146056" />
    <property name="java.specification.name" value="Java Platform API Specification" />
    <property name="node.works" value="true" />
    <property name="user.timezone" value="" />
    <property name="path.separator" value=":" />
    <property name="env.TRAVIS_ENABLE_INFRA_DETECTION" value="true" />
    <property name="env.PYTHON_CFLAGS" value="-g -fstack-protector --param=ssp-buffer-size=4 -Wformat -Werror=format-security" />
    <property name="timeout.long" value="4000000" />
    <property name="env.CERTI_HOME" value="/home/travis/pthla/certi-tools" />
    <property name="ant.file.ptII" value="/home/travis/build/icyphy/ptII/build.xml" />
    <property name="javadoc.packagenames" value="com.*,diva.*,lbnl.*,org.hlacerti.*,org.json.*,org.ptolemy.*,org.terraswarm.*,ptolemy.*,ptserver.*" />
    <property name="file.encoding" value="UTF-8" />
    <property name="env.TRAVIS_PULL_REQUEST_SLUG" value="" />
    <property name="ant.project.default-target" value="build" />
    <property name="env.GIT_ASKPASS" value="echo" />
    <property name="env.HOME" value="/home/travis" />
    <property name="sun.java.command" value="org.apache.tools.ant.taskdefs.optional.junit.JUnitTestRunner ptolemy.domains.de.test.junit.JUnitTclTest skipNonTests=false filtertrace=true haltOnError=false haltOnFailure=false formatter=org.apache.tools.ant.taskdefs.optional.junit.OutErrSummaryJUnitResultFormatter showoutput=true outputtoformatters=true logfailedtests=true threadid=0 logtestlistenerevents=false formatter=org.apache.tools.ant.taskdefs.optional.junit.XMLJUnitResultFormatter,/home/travis/build/icyphy/ptII/reports/junit/TEST-ptolemy.domains.de.test.junit.JUnitTclTest.xml crashfile=/home/travis/build/icyphy/ptII/junitvmwatcher16313090105943472659.properties propsfile=/home/travis/build/icyphy/ptII/junit15381177159611188045.properties" />
    <property name="env.COMPOSER_NO_INTERACTION" value="1" />
    <property name="env.MANPATH" value="/home/travis/.nvm/versions/node/v7.10.1/share/man:/home/travis/.rvm/rubies/ruby-2.5.3/share/man:/usr/local/cmake-3.12.4/man:/usr/local/clang-7.0.0/share/man:/usr/local/man:/usr/local/share/man:/usr/share/man:/home/travis/.rvm/man" />
    <property name="env.TRAVIS_TIMER_ID" value="026d7c91" />
    <property name="ant.file" value="/home/travis/build/icyphy/ptII/build.xml" />
    <property name="env.TRAVIS_COMMIT_RANGE" value="45a1af74cde64810f1a740ff9bd66386be4e642c...11deb69804adb5926cd4863c8231df6048994796" />
    <property name="env._system_name" value="Ubuntu" />
    <property name="ptII.classpath.optional.property" value="/home/travis/build/icyphy/ptII/lib/bsh-2.0b4.jar:/home/travis/build/icyphy/ptII/lib/ptCal.jar:/home/travis/build/icyphy/ptII/lib/java_cup.jar:/home/travis/build/icyphy/ptII/lib/saxon8.jar:/home/travis/build/icyphy/ptII/lib/saxon8-dom.jar:/home/travis/build/icyphy/ptII/lib/chic.jar:/home/travis/build/icyphy/ptII/lib/ptcolt.jar:/home/travis/build/icyphy/ptII/vendors/misc/itext/iText.jar:/home/travis/build/icyphy/ptII/lib/g4ltl.jar:/home/travis/build/icyphy/ptII/lib/StructuralCoder.jar:/home/travis/build/icyphy/ptII/lib/jcerti.jar:/home/travis/build/icyphy/ptII/lib/javax.mail.jar:/home/travis/build/icyphy/ptII/vendors/JMF-2.1.1e/lib/jmf.jar:/home/travis/build/icyphy/ptII/lib/jna-4.0.0-variadic.jar:/home/travis/build/icyphy/ptII/vendors/misc/joystick/Joystick.jar:/home/travis/build/icyphy/ptII/lib/ptjacl.jar:/home/travis/build/icyphy/ptII/lib/jsoup-1.8.2.jar:/home/travis/build/icyphy/ptII/lib/junit-4.8.2.jar:/home/travis/build/icyphy/ptII/lib/JUnitParams-0.4.0.jar:/home/travis/build/icyphy/ptII/ptolemy/actor/lib/excel/jxl.jar:/home/travis/build/icyphy/ptII/lib/jython.jar:/home/travis/build/icyphy/ptII/lib/kieler.jar:/home/travis/build/icyphy/ptII/vendors/opencv/share/OpenCV/java/opencv-341.jar:/home/travis/build/icyphy/ptII/lib/oscP5.jar:/home/travis/build/icyphy/ptII/lib/nrjavaserial-3.11.0.devel.jar:/home/travis/build/icyphy/ptII/vendors/j3d/lib/Linux/j3dcore.jar:/home/travis/build/icyphy/ptII/vendors/j3d/lib/Linux/j3dutils.jar:/home/travis/build/icyphy/ptII/vendors/j3d/lib/Linux/vecmath.jar:/home/travis/build/icyphy/ptII/vendors/jogl/lib/Linux/gluegen-rt-natives-linux-amd64.jar:/home/travis/build/icyphy/ptII/vendors/jogl/lib/Linux/gluegen-rt.jar:/home/travis/build/icyphy/ptII/vendors/jogl/lib/Linux/jogl-all-natives-linux-amd64.jar:/home/travis/build/icyphy/ptII/vendors/jogl/lib/Linux/jogl-all.jar:/home/travis/build/icyphy/ptII/ptolemy/distributed/jini/jar/jini-core.jar:/home/travis/build/icyphy/ptII/ptolemy/distributed/jini/jar/jini-ext.jar:/home/travis/build/icyphy/ptII/ptolemy/distributed/jini/jar/sun-util.jar:/home/travis/build/icyphy/ptII/lib/protobuf-java-2.4.1.jar:/home/travis/build/icyphy/ptII/lib/org.eclipse.paho.client.mqttv3.jar:/home/travis/build/icyphy/ptII/lib/mapss.jar:/home/travis/build/icyphy/ptII/ptolemy/actor/ptalon/antlr/antlr.jar:/home/travis/build/icyphy/ptII/lib/JRI.jar:/home/travis/build/icyphy/ptII/lib/commons-lang-2.6.jar:/home/travis/build/icyphy/ptII/lib/commons-logging-1.1.1.jar:/home/travis/build/icyphy/ptII/lib/sootclasses.jar:/home/travis/build/icyphy/ptII/ptolemy/actor/lib/database/mysql-connector-java-5.1.6-bin.jar:/home/travis/build/icyphy/ptII/vendors/misc/sphinx4/sphinx4-data-5prealpha.jar:/home/travis/build/icyphy/ptII/vendors/misc/sphinx4/sphinx4-core-5prealpha.jar:/home/travis/build/icyphy/ptII/lib/PDFRenderer.jar:/home/travis/build/icyphy/ptII/lib/svgSalamander.jar:/home/travis/build/icyphy/ptII/lib/rsyntaxtextarea-2.6.0-SNAPSHOT.jar:/home/travis/build/icyphy/ptII/lib/hazelcast-3.8.2.jar:/home/travis/build/icyphy/ptII/lib/jackson-annotations-2.9.0.jar:/home/travis/build/icyphy/ptII/lib/jackson-core-2.9.3.jar:/home/travis/build/icyphy/ptII/lib/jackson-databind-2.9.3.jar:/home/travis/build/icyphy/ptII/lib/netty-buffer-4.1.19.Final.jar:/home/travis/build/icyphy/ptII/lib/netty-codec-4.1.19.Final.jar:/home/travis/build/icyphy/ptII/lib/netty-codec-dns-4.1.19.Final.jar:/home/travis/build/icyphy/ptII/lib/netty-codec-http-4.1.19.Final.jar:/home/travis/build/icyphy/ptII/lib/netty-codec-http2-4.1.19.Final.jar:/home/travis/build/icyphy/ptII/lib/netty-common-4.1.19.Final.jar:/home/travis/build/icyphy/ptII/lib/netty-handler-4.1.19.Final.jar:/home/travis/build/icyphy/ptII/lib/netty-resolver-4.1.19.Final.jar:/home/travis/build/icyphy/ptII/lib/netty-resolver-dns-4.1.19.Final.jar:/home/travis/build/icyphy/ptII/lib/netty-transport-4.1.19.Final.jar:/home/travis/build/icyphy/ptII/lib/vertx-codegen-3.5.1.jar:/home/travis/build/icyphy/ptII/lib/vertx-core-3.5.2-SNAPSHOT.jar:/home/travis/build/icyphy/ptII/lib/vertx-hazelcast-3.5.1.jar:/home/travis/build/icyphy/ptII/lib/vertx-lang-js-3.5.1.jar:/home/travis/build/icyphy/ptII/lib/vertx-service-proxy-3.5.1.jar:/home/travis/build/icyphy/ptII/lib/vertx-web-3.5.1.jar:/home/travis/build/icyphy/ptII/lib/slf4j-api-1.7.13.jar:/home/travis/build/icyphy/ptII/lib/slf4j-simple-1.7.13.jar:/home/travis/build/icyphy/ptII/lib/webcam-capture-0.3.12.jar:/home/travis/build/icyphy/ptII/lib/bridj-0.7.0.jar:/home/travis/build/icyphy/ptII/lib/xbjlib-1.1.0.nrjavaserial.jar" />
    <property name="timeout" value="2400000" />
    <property name="test.batch" value="**/junit/*.java" />
    <property name="env._" value="/usr/bin/timeout" />
    <property name="java.io.tmpdir" value="/tmp" />
    <property name="user.language" value="en" />
    <property name="env.TRAVIS_INTERNAL_RUBY_REGEX" value="^ruby-(2\.[0-4]\.[0-9]|1\.9\.3)" />
    <property name="env.HISTCONTROL" value="ignoredups:ignorespace" />
    <property name="env.GOROOT" value="/home/travis/.gimme/versions/go1.11.1.linux.amd64" />
    <property name="line.separator" value="&#xa;" />
    <property name="target" value="11" />
    <property name="env.TRAVIS_BUILD_DIR" value="/home/travis/build/icyphy/ptII" />
    <property name="env.ANT_OPTS" value="-Xmx2048m" />
    <property name="ant.file.type" value="file" />
    <property name="ptolemy.ptII.batchMode" value="true" />
    <property name="env.HISTSIZE" value="1000" />
    <property name="env.MERB_ENV" value="test" />
    <property name="java.vm.info" value="mixed mode" />
    <property name="source" value="11" />
    <property name="java.vm.specification.name" value="Java Virtual Machine Specification" />
    <property name="env.TRAVIS_TEST_RESULT" value="0" />
    <property name="jsdoc.command" value="node_modules/@terraswarm/jsdoc/jsdoc.js" />
    <property name="npm.works" value="true" />
    <property name="cobertura.dir" value="/home/travis/build/icyphy/ptII/vendors/cobertura-2.0.3" />
    <property name="jsdoc.command.exists" value="true" />
    <property name="env.rvm_path" value="/home/travis/.rvm" />
    <property name="env.GEM_PATH" value="/home/travis/.rvm/gems/ruby-2.5.3:/home/travis/.rvm/gems/ruby-2.5.3@global" />
    <property name="env.LC_CTYPE" value="en_US.UTF-8" />
    <property name="env.TRAVIS_CMD" value="$PTII/bin/ptIITravisBuild.sh $SECONDS" />
    <property name="java.awt.printerjob" value="sun.print.PSPrinterJob" />
    <property name="env.TRAVIS_STACK_NAME" value="sardonyx" />
    <property name="env.TRAVIS_TIMER_START_TIME" value="1575181100161910924" />
    <property name="ant.version" value="Apache Ant(TM) version 1.10.1 compiled on February 2 2017" />
    <property name="ptII.reports" value="/home/travis/build/icyphy/ptII/reports" />
    <property name="env.TRAVIS_STACK_TIMESTAMP" value="2019-03-25 16:16:56 UTC" />
    <property name="ant.file.type.ptII" value="file" />
    <property name="env.RBENV_SHELL" value="bash" />
    <property name="os.name" value="Linux" />
    <property name="java.specification.vendor" value="Oracle Corporation" />
    <property name="env.rvm_version" value="1.29.7 (latest)" />
    <property name="env.TRAVIS_INFRA" value="unknown" />
    <property name="env.TERM" value="xterm" />
    <property name="java.vm.name" value="OpenJDK 64-Bit Server VM" />
    <property name="env.TRAVIS_BUILD_NUMBER" value="1414" />
    <property name="env.CI" value="true" />
    <property name="java.library.path" value="/home/travis/pthla/certi-tools/lib:/usr/lib/jni:/usr/local/share/OpenCV/java/:/usr/share/OpenCV/java::/usr/java/packages/lib:/usr/lib64:/lib64:/lib:/usr/lib" />
    <property name="jdk.module.path" value="/home/travis/build/icyphy/ptII/vendors/javafx/javafx-sdk-11.0.2/lib:" />
    <property name="env.rvm_prefix" value="/home/travis" />
    <property name="env.PATH" value="/home/travis/pthla/certi-tools/share/scripts:/home/travis/.rvm/gems/ruby-2.5.3/bin:/home/travis/.rvm/gems/ruby-2.5.3@global/bin:/home/travis/.rvm/rubies/ruby-2.5.3/bin:/home/travis/.rvm/bin:/home/travis/.nvm/versions/node/v7.10.1/bin:./node_modules/.bin:/home/travis/build/icyphy/ptII/bin:/home/travis/pthla/certi-tools/bin:/home/travis/bin:/home/travis/.local/bin:/usr/local/lib/jvm/openjdk11/bin:/opt/pyenv/shims:/home/travis/.phpenv/shims:/home/travis/perl5/perlbrew/bin:/home/travis/gopath/bin:/home/travis/.gimme/versions/go1.11.1.linux.amd64/bin:/usr/local/maven-3.6.0/bin:/usr/local/cmake-3.12.4/bin:/usr/local/clang-7.0.0/bin:/usr/local/sbin:/usr/local/bin:/usr/sbin:/usr/bin:/sbin:/bin:/snap/bin:/home/travis/.phpenv/bin:/opt/pyenv/bin:/home/travis/.yarn/bin" />
    <property name="env.TRAVIS_OS_NAME" value="linux" />
    <property name="ant.java.version" value="9" />
    <property name="basedir" value="/home/travis/build/icyphy/ptII" />
    <property name="java.class.version" value="55.0" />
    <property name="env.SHLVL" value="3" />
    <property name="env.LD_LIBRARY_PATH" value="/home/travis/pthla/certi-tools/lib:/usr/lib/jni:/usr/local/share/OpenCV/java/:/usr/share/OpenCV/java:" />
    <property name="env.RACK_ENV" value="test" />
    <property name="ant.home" value="/home/travis/build/icyphy/ptII/ant" />
    <property name="env.NVM_DIR" value="/home/travis/.nvm" />
    <property name="env.CERTI_FOM_PATH" value="/home/travis/pthla/certi-tools/share/federations" />
    <property name="env.TRAVIS_BUILD_ID" value="619146047" />
    <property name="env.PYENV_ROOT" value="/opt/pyenv" />
    <property name="env.TRAVIS_UID" value="2000" />
    <property name="prism.verbose" value="true" />
    <property name="env.NVM_BIN" value="/home/travis/.nvm/versions/node/v7.10.1/bin" />
    <property name="env.TRAVIS_COMMIT" value="11deb69804adb5926cd4863c8231df6048994796" />
    <property name="env._system_arch" value="x86_64" />
    <property name="node.executable" value="node" />
    <property name="sun.boot.library.path" value="/usr/local/lib/jvm/openjdk11/lib" />
    <property name="sun.management.compiler" value="HotSpot 64-Bit Tiered Compilers" />
    <property name="java.awt.graphicsenv" value="sun.awt.X11GraphicsEnvironment" />
    <property name="env.GOPATH" value="/home/travis/gopath" />
    <property name="ptolemy.ptII.dir" value="/home/travis/build/icyphy/ptII" />
    <property name="env.USER" value="travis" />
    <property name="env.HISTFILESIZE" value="2000" />
    <property name="timeout.longest" value="19000000" />
    <property name="env.PERLBREW_SHELLRC_VERSION" value="0.86" />
    <property name="env.TRAVIS_STACK_FEATURES" value="basic couchdb disabled-ipv6 docker docker-compose elasticsearch firefox go-toolchain google-chrome jdk memcached mongodb mysql nodejs_interpreter perl_interpreter perlbrew phantomjs postgresql python_interpreter redis ruby_interpreter sqlite xserver" />
    <property name="env.TRAVIS_PULL_REQUEST" value="false" />
    <property name="env.PYENV_SHELL" value="bash" />
    <property name="ant.project.name" value="ptII" />
    <property name="env.ANSI_RESET" value="\033[0m" />
    <property name="java.vm.specification.version" value="11" />
    <property name="env.TRAVIS_DIST" value="xenial" />
    <property name="env.CERTI_VERSION" value="4.0.0" />
    <property name="env.CERTI_HOST" value="localhost" />
    <property name="awt.toolkit" value="sun.awt.X11.XToolkit" />
    <property name="env.MY_RUBY_HOME" value="/home/travis/.rvm/rubies/ruby-2.5.3" />
    <property name="sun.cpu.isalist" value="" />
    <property name="env.TRAVIS_TMPDIR" value="/tmp/tmp.EKjR3HXJEc" />
    <property name="java.vm.compressedOopsMode" value="Zero based" />
    <property name="os.version" value="4.15.0-1028-gcp" />
    <property name="user.home" value="/home/travis" />
    <property name="java.vm.vendor" value="Oracle Corporation" />
    <property name="env.TRAVIS_TAG" value="nightly" />
    <property name="env.ANSI_YELLOW" value="\033[33;1m" />
    <property name="env.TRAVIS_FILTERED" value="redirect_io" />
    <property name="env.ANSI_GREEN" value="\033[32;1m" />
    <property name="env.JAVA_HOME" value="/usr/local/lib/jvm/openjdk11" />
    <property name="javadoc.excludepackagenames" value="adm.cvs2svn.*,build.*,config.*,doc.coding.templates.*,jni.test.jni.meaningOfLife.*,jni.test.jni.testDeux.*,jni.test.jni.testTrois.*,org.terraswarm.accessor.accessors.web.node_modules.*,org.terraswarm.accessor.accessors.web.hosts.cordova.demo.*,org.terraswarm.accessor.accessors.web.hosts.cordova.plugins.*,org.terraswarm.accessor.accessors-svn.*,pt-modules.*,ptolemy.apps.agilent.*,ptolemy.apps.anytimecontrol.*,ptolemy.apps.apes.*,ptolemy.apps.charon.*,ptolemy.apps.crazyboard.*,ptolemy.apps.eclipse.*,ptolemy.apps.etherealSting.*,ptolemy.apps.fullscreen.*,ptolemy.apps.giotto.*,ptolemy.apps.ia.*,ptolemy.apps.interfaces.*,ptolemy.apps.jmf.*,ptolemy.apps.kurt.*,ptolemy.apps.kvm.*,ptolemy.apps.lego.*,ptolemy.apps.lejos.*,ptolemy.apps.midp.*,ptolemy.apps.mobileCoding.*,ptolemy.apps.pendulum.*,ptolemy.apps.rijndael.*,ptolemy.apps.robot.*,ptolemy.apps.security.*,ptolemy.apps.sobel.*,ptolemy.apps.soot.*,ptolemy.apps.throttle.*,ptolemy.apps.tini.*,ptolemy.apps.transmission.*,ptolemy.apps.vergil.*,ptolemy.apps.waba.*,ptolemy.apps.websensor.*,ptolemy.apps.webstart.*,ptolemy.apps.xsl.*,ptolemy.apps.zaurus.*,ptolemy.codegen.c.actor.lib.oldJavaFiles.*,ptolemy.codegen.dsp.lib.*,ptolemy.codegen.kernel.newInterfaces.*,ptolemy.codegen.lib.*,ptolemy.copernicus.kernel.fragment.*,ptolemy.copernicus.shallow.cg.*,ptolemy.domains.giotto.demo.Hierarchy.Hierarchy.*,ptolemy.domains.giotto.demo.Multimode.Multimode.*,ptolemy.domains.giotto.demo.Simple.Simple.*,ptolemy.domains.gr.lib.experimental.*,ptolemy.domains.gro.*,ptolemy.domains.pdf.*,ptolemy.domains.ptinyos.demo.Surge.output.*,ptolemy.moml.test.NoPackageActor.java*,ptolemy.plot.adm.*,ptolemy.plot.servlet.*,reports.*,signed.*,src.*,target.*,vendors.*,ptolemy.copernicus.applet.*,ptolemy.media.viewer.*,ptolemy.actor.corba.*,doc.doclets.*,ptolemy.apps.eclipse.awt.*,ptolemy.backtrack.*,ptolemy.backtrack.ast.*,ptolemy.cg.adapter.generic.program.procedural.c.mbed*,ptolemy.homer.*,ptolemy.actor.lib.jai.*,org.ptolemy.scala.*,diva.util.java2d.svg.*,ptolemy.domains.ptinyos.*,ptolemy.actor.lib.fmi.fmipp.*,,org.terraswarm.accessor.accessors.web.node_modules.*,org.terraswarm.accessor.accessors-svn,ptolemy.apps.*,ptolemy.actor.ptalon.demo.ptinyos.SendAndReceiveCnt.output,ptolemy.actor.ptalon.demo.ptinyos.SenseToLeds.output,ptolemy.domains.ptinyos.demo.CntToLedsAndRfm.output,ptolemy.domains.ptinyos.demo.RfmToLeds.output,ptolemy.domains.ptinyos.demo.SendAndReceiveCnt.output,ptolemy.domains.ptinyos.demo.SenseToLeds.output,ptolemy.actor.lib.jjs.modules.udpSocket.*" />
    <property name="env.PTII" value="/home/travis/build/icyphy/ptII" />
    <property name="env.XDG_SESSION_ID" value="2" />
    <property name="keystore" value="ptKeystore" />
    <property name="env.TRAVIS_COMMIT_MESSAGE" value="Conform a model to new HlaManager design." />
    <property name="junit.output.dir" value="/home/travis/build/icyphy/ptII/reports/junit" />
    <property name="npm.return.code" value="0" />
    <property name="user.dir" value="/home/travis/build/icyphy/ptII/ptolemy/domains/de/test" />
    <property name="env.TRAVIS_NODE_VERSION" value="7" />
    <property name="env.TRAVIS_EVENT_TYPE" value="cron" />
    <property name="env.MAIL" value="/var/mail/travis" />
    <property name="env.PERLBREW_ROOT" value="/home/travis/perl5/perlbrew" />
    <property name="env.PWD" value="/home/travis/build/icyphy/ptII" />
    <property name="timeout.npm" value="45000" />
    <property name="env.PT_TRAVIS_TEST_CORE2_XML" value="true" />
    <property name="env.TRAVIS_ARCH" value="amd64" />
    <property name="sun.cpu.endian" value="little" />
    <property name="env.PAGER" value="cat" />
    <property name="env.TRAVIS_BUILD_STAGE_NAME" value="Test" />
    <property name="env.PERLBREW_HOME" value="/home/travis/.perlbrew" />
    <property name="java.vm.version" value="11.0.2+9" />
    <property name="env.RAILS_ENV" value="test" />
    <property name="java.class.path" value="/home/travis/build/icyphy/ptII:/home/travis/build/icyphy/ptII/lib/bsh-2.0b4.jar:/home/travis/build/icyphy/ptII/lib/ptCal.jar:/home/travis/build/icyphy/ptII/lib/java_cup.jar:/home/travis/build/icyphy/ptII/lib/saxon8.jar:/home/travis/build/icyphy/ptII/lib/saxon8-dom.jar:/home/travis/build/icyphy/ptII/lib/chic.jar:/home/travis/build/icyphy/ptII/lib/ptcolt.jar:/home/travis/build/icyphy/ptII/vendors/misc/itext/iText.jar:/home/travis/build/icyphy/ptII/lib/g4ltl.jar:/home/travis/build/icyphy/ptII/lib/StructuralCoder.jar:/home/travis/build/icyphy/ptII/lib/jcerti.jar:/home/travis/build/icyphy/ptII/lib/javax.mail.jar:/home/travis/build/icyphy/ptII/vendors/JMF-2.1.1e/lib/jmf.jar:/home/travis/build/icyphy/ptII/lib/jna-4.0.0-variadic.jar:/home/travis/build/icyphy/ptII/vendors/misc/joystick/Joystick.jar:/home/travis/build/icyphy/ptII/lib/ptjacl.jar:/home/travis/build/icyphy/ptII/lib/jsoup-1.8.2.jar:/home/travis/build/icyphy/ptII/lib/junit-4.8.2.jar:/home/travis/build/icyphy/ptII/lib/JUnitParams-0.4.0.jar:/home/travis/build/icyphy/ptII/ptolemy/actor/lib/excel/jxl.jar:/home/travis/build/icyphy/ptII/lib/jython.jar:/home/travis/build/icyphy/ptII/lib/kieler.jar:/home/travis/build/icyphy/ptII/vendors/opencv/share/OpenCV/java/opencv-341.jar:/home/travis/build/icyphy/ptII/lib/oscP5.jar:/home/travis/build/icyphy/ptII/lib/nrjavaserial-3.11.0.devel.jar:/home/travis/build/icyphy/ptII/vendors/j3d/lib/Linux/j3dcore.jar:/home/travis/build/icyphy/ptII/vendors/j3d/lib/Linux/j3dutils.jar:/home/travis/build/icyphy/ptII/vendors/j3d/lib/Linux/vecmath.jar:/home/travis/build/icyphy/ptII/vendors/jogl/lib/Linux/gluegen-rt-natives-linux-amd64.jar:/home/travis/build/icyphy/ptII/vendors/jogl/lib/Linux/gluegen-rt.jar:/home/travis/build/icyphy/ptII/vendors/jogl/lib/Linux/jogl-all-natives-linux-amd64.jar:/home/travis/build/icyphy/ptII/vendors/jogl/lib/Linux/jogl-all.jar:/home/travis/build/icyphy/ptII/ptolemy/distributed/jini/jar/jini-core.jar:/home/travis/build/icyphy/ptII/ptolemy/distributed/jini/jar/jini-ext.jar:/home/travis/build/icyphy/ptII/ptolemy/distributed/jini/jar/sun-util.jar:/home/travis/build/icyphy/ptII/lib/protobuf-java-2.4.1.jar:/home/travis/build/icyphy/ptII/lib/org.eclipse.paho.client.mqttv3.jar:/home/travis/build/icyphy/ptII/lib/mapss.jar:/home/travis/build/icyphy/ptII/ptolemy/actor/ptalon/antlr/antlr.jar:/home/travis/build/icyphy/ptII/lib/JRI.jar:/home/travis/build/icyphy/ptII/lib/commons-lang-2.6.jar:/home/travis/build/icyphy/ptII/lib/commons-logging-1.1.1.jar:/home/travis/build/icyphy/ptII/lib/sootclasses.jar:/home/travis/build/icyphy/ptII/ptolemy/actor/lib/database/mysql-connector-java-5.1.6-bin.jar:/home/travis/build/icyphy/ptII/vendors/misc/sphinx4/sphinx4-data-5prealpha.jar:/home/travis/build/icyphy/ptII/vendors/misc/sphinx4/sphinx4-core-5prealpha.jar:/home/travis/build/icyphy/ptII/lib/PDFRenderer.jar:/home/travis/build/icyphy/ptII/lib/svgSalamander.jar:/home/travis/build/icyphy/ptII/lib/rsyntaxtextarea-2.6.0-SNAPSHOT.jar:/home/travis/build/icyphy/ptII/lib/hazelcast-3.8.2.jar:/home/travis/build/icyphy/ptII/lib/jackson-annotations-2.9.0.jar:/home/travis/build/icyphy/ptII/lib/jackson-core-2.9.3.jar:/home/travis/build/icyphy/ptII/lib/jackson-databind-2.9.3.jar:/home/travis/build/icyphy/ptII/lib/netty-buffer-4.1.19.Final.jar:/home/travis/build/icyphy/ptII/lib/netty-codec-4.1.19.Final.jar:/home/travis/build/icyphy/ptII/lib/netty-codec-dns-4.1.19.Final.jar:/home/travis/build/icyphy/ptII/lib/netty-codec-http-4.1.19.Final.jar:/home/travis/build/icyphy/ptII/lib/netty-codec-http2-4.1.19.Final.jar:/home/travis/build/icyphy/ptII/lib/netty-common-4.1.19.Final.jar:/home/travis/build/icyphy/ptII/lib/netty-handler-4.1.19.Final.jar:/home/travis/build/icyphy/ptII/lib/netty-resolver-4.1.19.Final.jar:/home/travis/build/icyphy/ptII/lib/netty-resolver-dns-4.1.19.Final.jar:/home/travis/build/icyphy/ptII/lib/netty-transport-4.1.19.Final.jar:/home/travis/build/icyphy/ptII/lib/vertx-codegen-3.5.1.jar:/home/travis/build/icyphy/ptII/lib/vertx-core-3.5.2-SNAPSHOT.jar:/home/travis/build/icyphy/ptII/lib/vertx-hazelcast-3.5.1.jar:/home/travis/build/icyphy/ptII/lib/vertx-lang-js-3.5.1.jar:/home/travis/build/icyphy/ptII/lib/vertx-service-proxy-3.5.1.jar:/home/travis/build/icyphy/ptII/lib/vertx-web-3.5.1.jar:/home/travis/build/icyphy/ptII/lib/slf4j-api-1.7.13.jar:/home/travis/build/icyphy/ptII/lib/slf4j-simple-1.7.13.jar:/home/travis/build/icyphy/ptII/lib/webcam-capture-0.3.12.jar:/home/travis/build/icyphy/ptII/lib/bridj-0.7.0.jar:/home/travis/build/icyphy/ptII/lib/xbjlib-1.1.0.nrjavaserial.jar:/home/travis/build/icyphy/ptII/ptolemy/moml/test:/home/travis/build/icyphy/ptII/ant/lib/ant-launcher.jar:/home/travis/build/icyphy/ptII/ant/lib/ant.jar:/home/travis/build/icyphy/ptII/ant/lib/ant-junit.jar:/home/travis/build/icyphy/ptII/ant/lib/ant-junit4.jar" />
    <property name="ant.library.dir" value="/home/travis/build/icyphy/ptII/ant/lib" />
    <property name="os.arch" value="amd64" />
    <property name="env.CONTINUOUS_INTEGRATION" value="true" />
    <property name="env.TRAVIS_LANGUAGE" value="node_js" />
    <property name="env.TRAVIS_STACK_LANGUAGES" value="__sardonyx__ c c++ clojure cplusplus cpp default generic go groovy java node_js php pure_java python ruby scala" />
    <property name="test.name" value="ptolemy.actor.lib.test.junit.JUnitTclTest" />
    <property name="env.APT_KEY_DONT_WARN_ON_DANGEROUS_USAGE" value="1" />
    <property name="sun.java.launcher" value="SUN_STANDARD" />
    <property name="env.PYTHON_CONFIGURE_OPTS" value="--enable-unicode=ucs4 --with-wide-unicode --enable-shared --enable-ipv6 --enable-loadable-sqlite-extensions --with-computed-gotos" />
    <property name="ant.core.lib" value="/home/travis/build/icyphy/ptII/ant/lib/ant.jar" />
    <property name="java.vm.specification.vendor" value="Oracle Corporation" />
    <property name="env.BCVTB_HOME" value="/home/travis/build/icyphy/ptII/lbnl" />
    <property name="file.separator" value="/" />
    <property name="spotbugs.home" value="/home/travis/build/icyphy/ptII/vendors/spotbugs-3.1.1" />
    <property name="java.runtime.version" value="11.0.2+9" />
    <property name="env.ANSI_CLEAR" value="\033[0K" />
    <property name="javafx.verbose" value="true" />
    <property name="env.HAS_JOSH_K_SEAL_OF_APPROVAL" value="true" />
    <property name="env.XDG_RUNTIME_DIR" value="/run/user/2000" />
    <property name="env.TRAVIS_OSX_IMAGE" value="" />
    <property name="env.TRAVIS_JOB_ID" value="619146056" />
    <property name="env.TRAVIS_BRANCH" value="master" />
    <property name="user.country" value="US" />
    <property name="env.CERTI_HOME_TRAVIS" value="/home/travis/pthla/certi-tools" />
    <property name="env.SHELL" value="/bin/bash" />
    <property name="java.maxmemory.large" value="3200m" />
    <property name="model" value="" />
    <property name="env.CASHER_DIR" value="/home/travis/.casher" />
    <property name="env.NVM_CD_FLAGS" value="" />
    <property name="java.vendor.version" value="18.9" />
    <property name="jshint.executable" value="/home/travis/node_modules/jshint/bin/jshint" />
    <property name="env.JRUBY_OPTS" value=" --client -J-XX:+TieredCompilation -J-XX:TieredStopAtLevel=1 -J-Xss2m -Xcompile.invokedynamic=false" />
    <property name="java.vendor" value="Oracle Corporation" />
    <property name="env.TRAVIS_PRE_CHEF_BOOTSTRAP_TIME" value="2019-03-25T16:16:42" />
    <property name="env.TRAVIS_STACK_JOB_BOARD_REGISTER" value="/.job-board-register.yml" />
    <property name="env.ANSI_RED" value="\033[31;1m" />
    <property name="java.specification.version" value="11" />
    <property name="env.IRBRC" value="/home/travis/.rvm/rubies/ruby-2.5.3/.irbrc" />
    <property name="env.TRAVIS" value="true" />
    <property name="sun.arch.data.model" value="64" />
  </properties>
  <testcase classname="ptolemy.util.test.junit.TclTests" name="[0] /home/travis/build/icyphy/ptII/ptolemy/domains/de/test/DependencyLoop.tcl (RunTclFile)" time="1.283" />
  <testcase classname="ptolemy.util.test.junit.TclTests" name="[1] /home/travis/build/icyphy/ptII/ptolemy/domains/de/test/RunDETestsAsQSS.tcl (RunTclFile)" time="98.543" />
  <testcase classname="ptolemy.util.test.junit.AutoKnownFailedTests" name="[0] /home/travis/build/icyphy/ptII/ptolemy/domains/de/test/auto/knownFailedTests/DESDFClockTest.xml (RunModel)" time="2.045" />
  <testcase classname="ptolemy.util.test.junit.AutoKnownFailedTests" name="[1] /home/travis/build/icyphy/ptII/ptolemy/domains/de/test/auto/knownFailedTests/DirectFeedback.xml (RunModel)" time="0.018" />
  <testcase classname="ptolemy.util.test.junit.AutoKnownFailedTests" name="[2] /home/travis/build/icyphy/ptII/ptolemy/domains/de/test/auto/knownFailedTests/FSMSource.xml (RunModel)" time="0.05" />
  <testcase classname="ptolemy.util.test.junit.AutoKnownFailedTests" name="[3] /home/travis/build/icyphy/ptII/ptolemy/domains/de/test/auto/knownFailedTests/HierarchicalModel.xml (RunModel)" time="0.057" />
  <testcase classname="ptolemy.util.test.junit.AutoKnownFailedTests" name="[4] /home/travis/build/icyphy/ptII/ptolemy/domains/de/test/auto/knownFailedTests/dependencyLoop.xml (RunModel)" time="0.054" />
  <testcase classname="ptolemy.util.test.junit.AutoKnownFailedTests" name="[5] /home/travis/build/icyphy/ptII/ptolemy/domains/de/test/auto/knownFailedTests/dependencyLoop2.xml (RunModel)" time="0.063" />
  <testcase classname="ptolemy.util.test.junit.AutoNameArchTests" name="[0] ThereAreNoAutoArchTests (RunModel)" time="0.002" />
  <testcase classname="ptolemy.util.test.junit.AutoTests" name="[0] /home/travis/build/icyphy/ptII/ptolemy/domains/de/test/auto/ActorDepthCalculation_actorWithoutPorts.xml (RunModel)" time="0.032" />
  <testcase classname="ptolemy.util.test.junit.AutoTests" name="[1] /home/travis/build/icyphy/ptII/ptolemy/domains/de/test/auto/AssemblyLine.xml (RunModel)" time="0.033" />
  <testcase classname="ptolemy.util.test.junit.AutoTests" name="[2] /home/travis/build/icyphy/ptII/ptolemy/domains/de/test/auto/CQBug1.xml (RunModel)" time="0.021" />
  <testcase classname="ptolemy.util.test.junit.AutoTests" name="[3] /home/travis/build/icyphy/ptII/ptolemy/domains/de/test/auto/CancelFireAt.xml (RunModel)" time="0.022" />
  <testcase classname="ptolemy.util.test.junit.AutoTests" name="[4] /home/travis/build/icyphy/ptII/ptolemy/domains/de/test/auto/CausalityAndComposabilityAnalysis.xml (RunModel)" time="0.033" />
  <testcase classname="ptolemy.util.test.junit.AutoTests" name="[5] /home/travis/build/icyphy/ptII/ptolemy/domains/de/test/auto/CausalityInterface1.xml (RunModel)" time="0.021" />
  <testcase classname="ptolemy.util.test.junit.AutoTests" name="[6] /home/travis/build/icyphy/ptII/ptolemy/domains/de/test/auto/CausalityInterface15.xml (RunModel)" time="0.018" />
  <testcase classname="ptolemy.util.test.junit.AutoTests" name="[7] /home/travis/build/icyphy/ptII/ptolemy/domains/de/test/auto/CausalityInterface2.xml (RunModel)" time="0.019" />
  <testcase classname="ptolemy.util.test.junit.AutoTests" name="[8] /home/travis/build/icyphy/ptII/ptolemy/domains/de/test/auto/CausalityInterface3.xml (RunModel)" time="0.015" />
  <testcase classname="ptolemy.util.test.junit.AutoTests" name="[9] /home/travis/build/icyphy/ptII/ptolemy/domains/de/test/auto/ClockDrift.xml (RunModel)" time="0.044" />
  <testcase classname="ptolemy.util.test.junit.AutoTests" name="[10] /home/travis/build/icyphy/ptII/ptolemy/domains/de/test/auto/ClockDriftAndValueChange.xml (RunModel)" time="0.036" />
  <testcase classname="ptolemy.util.test.junit.AutoTests" name="[11] /home/travis/build/icyphy/ptII/ptolemy/domains/de/test/auto/ClockDriftChange.xml (RunModel)" time="0.037" />
  <testcase classname="ptolemy.util.test.junit.AutoTests" name="[12] /home/travis/build/icyphy/ptII/ptolemy/domains/de/test/auto/ComposableCausalityAnalysis.xml (RunModel)" time="0.019" />
  <testcase classname="ptolemy.util.test.junit.AutoTests" name="[13] /home/travis/build/icyphy/ptII/ptolemy/domains/de/test/auto/DEFixedPointLimitation.xml (RunModel)" time="0.013" />
  <testcase classname="ptolemy.util.test.junit.AutoTests" name="[14] /home/travis/build/icyphy/ptII/ptolemy/domains/de/test/auto/DEScheduleTest.xml (RunModel)" time="0.017" />
  <testcase classname="ptolemy.util.test.junit.AutoTests" name="[15] /home/travis/build/icyphy/ptII/ptolemy/domains/de/test/auto/DEinDEwithStartTimes.xml (RunModel)" time="0.023" />
  <testcase classname="ptolemy.util.test.junit.AutoTests" name="[16] /home/travis/build/icyphy/ptII/ptolemy/domains/de/test/auto/DEinDEwithStartTimes2.xml (RunModel)" time="0.021" />
  <testcase classname="ptolemy.util.test.junit.AutoTests" name="[17] /home/travis/build/icyphy/ptII/ptolemy/domains/de/test/auto/DateDemo.xml (RunModel)" time="0.031" />
  <testcase classname="ptolemy.util.test.junit.AutoTests" name="[18] /home/travis/build/icyphy/ptII/ptolemy/domains/de/test/auto/DateToEvent.xml (RunModel)" time="2.047" />
  <testcase classname="ptolemy.util.test.junit.AutoTests" name="[19] /home/travis/build/icyphy/ptII/ptolemy/domains/de/test/auto/DepthTest1.xml (RunModel)" time="0.016" />
  <testcase classname="ptolemy.util.test.junit.AutoTests" name="[20] /home/travis/build/icyphy/ptII/ptolemy/domains/de/test/auto/DepthTest2.xml (RunModel)" time="0.025" />
  <testcase classname="ptolemy.util.test.junit.AutoTests" name="[21] /home/travis/build/icyphy/ptII/ptolemy/domains/de/test/auto/DepthTest3.xml (RunModel)" time="0.015" />
  <testcase classname="ptolemy.util.test.junit.AutoTests" name="[22] /home/travis/build/icyphy/ptII/ptolemy/domains/de/test/auto/DepthTest4.xml (RunModel)" time="0.02" />
  <testcase classname="ptolemy.util.test.junit.AutoTests" name="[23] /home/travis/build/icyphy/ptII/ptolemy/domains/de/test/auto/DepthTest5.xml (RunModel)" time="0.017" />
  <testcase classname="ptolemy.util.test.junit.AutoTests" name="[24] /home/travis/build/icyphy/ptII/ptolemy/domains/de/test/auto/DepthTest6.xml (RunModel)" time="0.016" />
  <testcase classname="ptolemy.util.test.junit.AutoTests" name="[25] /home/travis/build/icyphy/ptII/ptolemy/domains/de/test/auto/DepthTest7.xml (RunModel)" time="0.015" />
  <testcase classname="ptolemy.util.test.junit.AutoTests" name="[26] /home/travis/build/icyphy/ptII/ptolemy/domains/de/test/auto/EventToDate.xml (RunModel)" time="3.056" />
  <testcase classname="ptolemy.util.test.junit.AutoTests" name="[27] /home/travis/build/icyphy/ptII/ptolemy/domains/de/test/auto/FSM1.xml (RunModel)" time="0.058" />
  <testcase classname="ptolemy.util.test.junit.AutoTests" name="[28] /home/travis/build/icyphy/ptII/ptolemy/domains/de/test/auto/FSM7.xml (RunModel)" time="0.047" />
  <testcase classname="ptolemy.util.test.junit.AutoTests" name="[29] /home/travis/build/icyphy/ptII/ptolemy/domains/de/test/auto/Inspection.xml (RunModel)" time="0.043" />
  <testcase classname="ptolemy.util.test.junit.AutoTests" name="[30] /home/travis/build/icyphy/ptII/ptolemy/domains/de/test/auto/Iteration.xml (RunModel)" time="0.031" />
  <testcase classname="ptolemy.util.test.junit.AutoTests" name="[31] /home/travis/build/icyphy/ptII/ptolemy/domains/de/test/auto/LineFault.xml (RunModel)" time="0.68" />
  <testcase classname="ptolemy.util.test.junit.AutoTests" name="[32] /home/travis/build/icyphy/ptII/ptolemy/domains/de/test/auto/MergeModel1Add.xml (RunModel)" time="0.083" />
  <testcase classname="ptolemy.util.test.junit.AutoTests" name="[33] /home/travis/build/icyphy/ptII/ptolemy/domains/de/test/auto/MergeModel2Add.xml (RunModel)" time="0.047" />
  <testcase classname="ptolemy.util.test.junit.AutoTests" name="[34] /home/travis/build/icyphy/ptII/ptolemy/domains/de/test/auto/MergeModel3Add.xml (RunModel)" time="0.066" />
  <testcase classname="ptolemy.util.test.junit.AutoTests" name="[35] /home/travis/build/icyphy/ptII/ptolemy/domains/de/test/auto/MergeWithoutDiscard.xml (RunModel)" time="0.014" />
  <testcase classname="ptolemy.util.test.junit.AutoTests" name="[36] /home/travis/build/icyphy/ptII/ptolemy/domains/de/test/auto/Modal1.xml (RunModel)" time="0.045" />
  <testcase classname="ptolemy.util.test.junit.AutoTests" name="[37] /home/travis/build/icyphy/ptII/ptolemy/domains/de/test/auto/Modal2.xml (RunModel)" time="0.033" />
  <testcase classname="ptolemy.util.test.junit.AutoTests" name="[38] /home/travis/build/icyphy/ptII/ptolemy/domains/de/test/auto/Modal3.xml (RunModel)" time="0.045" />
  <testcase classname="ptolemy.util.test.junit.AutoTests" name="[39] /home/travis/build/icyphy/ptII/ptolemy/domains/de/test/auto/Modal4.xml (RunModel)" time="0.033" />
  <testcase classname="ptolemy.util.test.junit.AutoTests" name="[40] /home/travis/build/icyphy/ptII/ptolemy/domains/de/test/auto/Modal5.xml (RunModel)" time="0.043" />
  <testcase classname="ptolemy.util.test.junit.AutoTests" name="[41] /home/travis/build/icyphy/ptII/ptolemy/domains/de/test/auto/Modal6.xml (RunModel)" time="0.038" />
  <testcase classname="ptolemy.util.test.junit.AutoTests" name="[42] /home/travis/build/icyphy/ptII/ptolemy/domains/de/test/auto/Modal7.xml (RunModel)" time="0.038" />
  <testcase classname="ptolemy.util.test.junit.AutoTests" name="[43] /home/travis/build/icyphy/ptII/ptolemy/domains/de/test/auto/ModalModel.xml (RunModel)" time="0.208" />
  <testcase classname="ptolemy.util.test.junit.AutoTests" name="[44] /home/travis/build/icyphy/ptII/ptolemy/domains/de/test/auto/ModalSource.xml (RunModel)" time="0.027" />
  <testcase classname="ptolemy.util.test.junit.AutoTests" name="[45] /home/travis/build/icyphy/ptII/ptolemy/domains/de/test/auto/NonInterruptibleTimerZeroDelay.xml (RunModel)" time="0.014" />
  <testcase classname="ptolemy.util.test.junit.AutoTests" name="[46] /home/travis/build/icyphy/ptII/ptolemy/domains/de/test/auto/OpenQueueingNetwork.xml (RunModel)" time="2.602" />
  <testcase classname="ptolemy.util.test.junit.AutoTests" name="[47] /home/travis/build/icyphy/ptII/ptolemy/domains/de/test/auto/OpenQueuingNetwork.xml (RunModel)" time="0.319" />
  <testcase classname="ptolemy.util.test.junit.AutoTests" name="[48] /home/travis/build/icyphy/ptII/ptolemy/domains/de/test/auto/PeriodicSampler.xml (RunModel)" time="0.011" />
  <testcase classname="ptolemy.util.test.junit.AutoTests" name="[49] /home/travis/build/icyphy/ptII/ptolemy/domains/de/test/auto/PersistentIO.xml (RunModel)" time="0.023" />
  <testcase classname="ptolemy.util.test.junit.AutoTests" name="[50] /home/travis/build/icyphy/ptII/ptolemy/domains/de/test/auto/PortParameterResetOnInitialize.xml (RunModel)" time="0.013" />
  <testcase classname="ptolemy.util.test.junit.AutoTests" name="[51] /home/travis/build/icyphy/ptII/ptolemy/domains/de/test/auto/PortParameterUpdates.xml (RunModel)" time="0.017" />
  <testcase classname="ptolemy.util.test.junit.AutoTests" name="[52] /home/travis/build/icyphy/ptII/ptolemy/domains/de/test/auto/QueueAndServer.xml (RunModel)" time="0.027" />
  <testcase classname="ptolemy.util.test.junit.AutoTests" name="[53] /home/travis/build/icyphy/ptII/ptolemy/domains/de/test/auto/Records.xml (RunModel)" time="0.018" />
  <testcase classname="ptolemy.util.test.junit.AutoTests" name="[54] /home/travis/build/icyphy/ptII/ptolemy/domains/de/test/auto/ResetTransitionWithStartTime1.xml (RunModel)" time="0.027" />
  <testcase classname="ptolemy.util.test.junit.AutoTests" name="[55] /home/travis/build/icyphy/ptII/ptolemy/domains/de/test/auto/ResetTransitionWithStartTime2.xml (RunModel)" time="0.025" />
  <testcase classname="ptolemy.util.test.junit.AutoTests" name="[56] /home/travis/build/icyphy/ptII/ptolemy/domains/de/test/auto/ResetTransitionWithStartTime3.xml (RunModel)" time="0.024" />
  <testcase classname="ptolemy.util.test.junit.AutoTests" name="[57] /home/travis/build/icyphy/ptII/ptolemy/domains/de/test/auto/ResetTransitionWithStartTime4.xml (RunModel)" time="0.023" />
  <testcase classname="ptolemy.util.test.junit.AutoTests" name="[58] /home/travis/build/icyphy/ptII/ptolemy/domains/de/test/auto/ResettableTimer1.xml (RunModel)" time="0.016" />
  <testcase classname="ptolemy.util.test.junit.AutoTests" name="[59] /home/travis/build/icyphy/ptII/ptolemy/domains/de/test/auto/ResettableTimer2.xml (RunModel)" time="0.011" />
  <testcase classname="ptolemy.util.test.junit.AutoTests" name="[60] /home/travis/build/icyphy/ptII/ptolemy/domains/de/test/auto/ResettableTimer3.xml (RunModel)" time="0.012" />
  <testcase classname="ptolemy.util.test.junit.AutoTests" name="[61] /home/travis/build/icyphy/ptII/ptolemy/domains/de/test/auto/ResettableTimer4.xml (RunModel)" time="0.012" />
  <testcase classname="ptolemy.util.test.junit.AutoTests" name="[62] /home/travis/build/icyphy/ptII/ptolemy/domains/de/test/auto/ResettableTimer5.xml (RunModel)" time="0.013" />
  <testcase classname="ptolemy.util.test.junit.AutoTests" name="[63] /home/travis/build/icyphy/ptII/ptolemy/domains/de/test/auto/ResettableTimer6.xml (RunModel)" time="0.02" />
  <testcase classname="ptolemy.util.test.junit.AutoTests" name="[64] /home/travis/build/icyphy/ptII/ptolemy/domains/de/test/auto/ServerZeroDelay.xml (RunModel)" time="0.02" />
  <testcase classname="ptolemy.util.test.junit.AutoTests" name="[65] /home/travis/build/icyphy/ptII/ptolemy/domains/de/test/auto/SmartSender.xml (RunModel)" time="3.012" />
  <testcase classname="ptolemy.util.test.junit.AutoTests" name="[66] /home/travis/build/icyphy/ptII/ptolemy/domains/de/test/auto/ThreadedComposite.xml (RunModel)" time="0.158" />
  <testcase classname="ptolemy.util.test.junit.AutoTests" name="[67] /home/travis/build/icyphy/ptII/ptolemy/domains/de/test/auto/Time.xml (RunModel)" time="0.501" />
  <testcase classname="ptolemy.util.test.junit.AutoTests" name="[68] /home/travis/build/icyphy/ptII/ptolemy/domains/de/test/auto/TimeDelayZeroDelay.xml (RunModel)" time="0.016" />
  <testcase classname="ptolemy.util.test.junit.AutoTests" name="[69] /home/travis/build/icyphy/ptII/ptolemy/domains/de/test/auto/TimerZeroDelay.xml (RunModel)" time="0.015" />
  <testcase classname="ptolemy.util.test.junit.AutoTests" name="[70] /home/travis/build/icyphy/ptII/ptolemy/domains/de/test/auto/TimingParadox.xml (RunModel)" time="0.4" />
  <testcase classname="ptolemy.util.test.junit.AutoTests" name="[71] /home/travis/build/icyphy/ptII/ptolemy/domains/de/test/auto/TransferInputs.xml (RunModel)" time="0.017" />
  <testcase classname="ptolemy.util.test.junit.AutoTests" name="[72] /home/travis/build/icyphy/ptII/ptolemy/domains/de/test/auto/TransferOutputs2.xml (RunModel)" time="0.02" />
  <testcase classname="ptolemy.util.test.junit.AutoTests" name="[73] /home/travis/build/icyphy/ptII/ptolemy/domains/de/test/auto/Trilateration.xml (RunModel)" time="13.215" />
  <testcase classname="ptolemy.util.test.junit.AutoTests" name="[74] /home/travis/build/icyphy/ptII/ptolemy/domains/de/test/auto/TwoSigmaDelta.xml (RunModel)" time="2.149" />
  <testcase classname="ptolemy.util.test.junit.AutoTests" name="[75] /home/travis/build/icyphy/ptII/ptolemy/domains/de/test/auto/VariableDelay.xml (RunModel)" time="0.021" />
  <testcase classname="ptolemy.util.test.junit.AutoTests" name="[76] /home/travis/build/icyphy/ptII/ptolemy/domains/de/test/auto/VariableDelay2.xml (RunModel)" time="0.011" />
  <testcase classname="ptolemy.util.test.junit.AutoTests" name="[77] /home/travis/build/icyphy/ptII/ptolemy/domains/de/test/auto/VariableDelayZeroDelay.xml (RunModel)" time="0.015" />
  <testcase classname="ptolemy.util.test.junit.AutoTests" name="[78] /home/travis/build/icyphy/ptII/ptolemy/domains/de/test/auto/VariableDelayZeroDelay2.xml (RunModel)" time="0.012" />
  <testcase classname="ptolemy.util.test.junit.AutoTests" name="[79] /home/travis/build/icyphy/ptII/ptolemy/domains/de/test/auto/deInCt.xml (RunModel)" time="0.025" />
  <testcase classname="ptolemy.util.test.junit.AutoTests" name="[80] /home/travis/build/icyphy/ptII/ptolemy/domains/de/test/auto/deInCt2.xml (RunModel)" time="0.017" />
  <testcase classname="ptolemy.util.test.junit.AutoTests" name="[81] /home/travis/build/icyphy/ptII/ptolemy/domains/de/test/auto/dynamicCausalityInterface1.xml (RunModel)" time="0.02" />
  <testcase classname="ptolemy.util.test.junit.AutoTests" name="[82] /home/travis/build/icyphy/ptII/ptolemy/domains/de/test/auto/fsm_de_test.xml (RunModel)" time="0.03" />
  <testcase classname="ptolemy.util.test.junit.AutoTests" name="[83] /home/travis/build/icyphy/ptII/ptolemy/domains/de/test/auto/functionDependencyReconstruction.xml (RunModel)" time="0.037" />
  <testcase classname="ptolemy.util.test.junit.AutoTests" name="[84] /home/travis/build/icyphy/ptII/ptolemy/domains/de/test/auto/multirate.xml (RunModel)" time="0.018" />
  <testcase classname="ptolemy.util.test.junit.AutoTests" name="[85] /home/travis/build/icyphy/ptII/ptolemy/domains/de/test/auto/multirate2.xml (RunModel)" time="0.018" />
  <testcase classname="ptolemy.util.test.junit.AutoTests" name="[86] /home/travis/build/icyphy/ptII/ptolemy/domains/de/test/auto/realtime.xml (RunModel)" time="10.013" />
  <testcase classname="ptolemy.util.test.junit.AutoTests" name="[87] /home/travis/build/icyphy/ptII/ptolemy/domains/de/test/auto/relationGroup.xml (RunModel)" time="0.017" />
  <testcase classname="ptolemy.util.test.junit.AutoTests" name="[88] /home/travis/build/icyphy/ptII/ptolemy/domains/de/test/auto/relationGroup2.xml (RunModel)" time="0.015" />
  <testcase classname="ptolemy.util.test.junit.AutoTests" name="[89] /home/travis/build/icyphy/ptII/ptolemy/domains/de/test/auto/sortWithOpaquePorts.xml (RunModel)" time="0.01" />
  <testcase classname="ptolemy.util.test.junit.AutoTests" name="[90] /home/travis/build/icyphy/ptII/ptolemy/domains/de/test/auto/transferInputsandOutputs.xml (RunModel)" time="0.021" />
  <testcase classname="ptolemy.util.test.junit.AutoTests" name="[91] /home/travis/build/icyphy/ptII/ptolemy/domains/de/test/auto/triggerType.xml (RunModel)" time="0.01" />
  <system-out><![CDATA[/home/travis/build/icyphy/ptII/ptolemy/domains/de/test/DependencyLoop.tcl
testDefs.tcl: setting time out to 9000 seconds at Sun Dec 01 06:22:23 UTC 2019
128 ms. Memory: 120832K Free: 72132K (60%)
39 ms. Memory: 120832K Free: 54693K (45%)
/home/travis/build/icyphy/ptII/ptolemy/domains/de/test/RunDETestsAsQSS.tcl
Run the DE tests using ptolemy.domains.qss.test.QSSDirectorTest, which extends QSSDirector and prints a message in the constructors.
------------------ testing $PTII/ptolemy/domains/de/test/auto/knownFailedTests/DirectFeedback.xml (Known Failure) 
42 ms. Memory: 120832K Free: 49094K (41%)


==== $PTIIhome/travis/build/icyphy/ptII/ptolemy/domains/de/test/../../../../: Auto Automatic test in file $PTII/ptolemy/domains/de/test/auto/knownFailedTests/DirectFeedback.xml
==== Contents of test case:

	    # FIXME: we should use $relativeFilename here, but it
	    # might have backslashes under Windows, which causes no end
	    # of trouble.
	    createAndExecute $file
	    list {}
	
.... Test generated KNOWN error:
    while executing
ptolemy.kernel.util.IllegalActionException: Test fails in iteration 1.
Value was: 1.0. Should have been: 2.0
  in .DirectFeedback.Test
	at ptolemy.actor.lib.Test.fire(Test.java:268)
	at ptolemy.domains.de.kernel.DEDirector._fire(DEDirector.java:1949)
	at ptolemy.domains.de.kernel.DEDirector.fire(DEDirector.java:502)
	at ptolemy.actor.CompositeActor.fire(CompositeActor.java:455)
	at ptolemy.actor.Manager.iterate(Manager.java:851)
	at ptolemy.actor.Manager.execute(Manager.java:369)
	at ptolemy.actor.Manager.run(Manager.java:1263)
	at ptolemy.actor.Manager$PtolemyRunThread.run(Manager.java:1933)

    while executing
ptolemy.kernel.util.IllegalActionException: Test fails in iteration 1.
Value was: 1.0. Should have been: 2.0
  in .DirectFeedback.Test
    while executing
"java::new ptolemy.moml.MoMLSimpleApplication $file
"
    (procedure "createAndExecute" line 2)
    invoked from within
"createAndExecute $file"
    ("uplevel" body line 5)
    invoked from within
"uplevel $contents_of_test"
------------------ testing $PTII/ptolemy/domains/de/test/auto/knownFailedTests/dependencyLoop.xml (Known Failure) 
11 ms. Memory: 120832K Free: 46022K (38%)


==== $PTIIhome/travis/build/icyphy/ptII/ptolemy/domains/de/test/../../../../: Auto Automatic test in file $PTII/ptolemy/domains/de/test/auto/knownFailedTests/dependencyLoop.xml
==== Contents of test case:

	    # FIXME: we should use $relativeFilename here, but it
	    # might have backslashes under Windows, which causes no end
	    # of trouble.
	    createAndExecute $file
	    list {}
	
.... Test generated KNOWN error:
    while executing
ptolemy.kernel.util.IllegalActionException: Found a zero delay loop containing .dependencyLoop.original
  in .dependencyLoop and .dependencyLoop.original
	at ptolemy.actor.util.CausalityInterfaceForComposites._computeOutputPortDepth(CausalityInterfaceForComposites.java:759)
	at ptolemy.actor.util.CausalityInterfaceForComposites._computeInputDepth(CausalityInterfaceForComposites.java:696)
	at ptolemy.actor.util.CausalityInterfaceForComposites._computeOutputPortDepth(CausalityInterfaceForComposites.java:765)
	at ptolemy.actor.util.CausalityInterfaceForComposites._computeInputDepth(CausalityInterfaceForComposites.java:696)
	at ptolemy.actor.util.CausalityInterfaceForComposites._computeOutputPortDepth(CausalityInterfaceForComposites.java:765)
	at ptolemy.actor.util.CausalityInterfaceForComposites._computeInputDepth(CausalityInterfaceForComposites.java:696)
	at ptolemy.actor.util.CausalityInterfaceForComposites._computeActorDepth(CausalityInterfaceForComposites.java:532)
	at ptolemy.actor.util.CausalityInterfaceForComposites.checkForCycles(CausalityInterfaceForComposites.java:96)
	at ptolemy.domains.de.kernel.DEDirector.preinitialize(DEDirector.java:1338)
	at ptolemy.actor.CompositeActor.preinitialize(CompositeActor.java:1828)
	at ptolemy.actor.Manager.preinitializeAndResolveTypes(Manager.java:1040)
	at ptolemy.actor.Manager.initialize(Manager.java:710)
	at ptolemy.actor.Manager.execute(Manager.java:356)
	at ptolemy.actor.Manager.run(Manager.java:1263)
	at ptolemy.actor.Manager$PtolemyRunThread.run(Manager.java:1933)

    while executing
ptolemy.kernel.util.IllegalActionException: Found a zero delay loop containing .dependencyLoop.original
  in .dependencyLoop and .dependencyLoop.original
    while executing
"java::new ptolemy.moml.MoMLSimpleApplication $file
"
    (procedure "createAndExecute" line 2)
    invoked from within
"createAndExecute $file"
    ("uplevel" body line 5)
    invoked from within
"uplevel $contents_of_test"
------------------ testing $PTII/ptolemy/domains/de/test/auto/knownFailedTests/FSMSource.xml (Known Failure) 
112 ms. Memory: 120832K Free: 100032K (83%)
!!!! Auto was marked as failing, but now passes
------------------ testing $PTII/ptolemy/domains/de/test/auto/knownFailedTests/HierarchicalModel.xml (Known Failure) 
8 ms. Memory: 120832K Free: 82206K (68%)


==== $PTIIhome/travis/build/icyphy/ptII/ptolemy/domains/de/test/../../../../: Auto Automatic test in file $PTII/ptolemy/domains/de/test/auto/knownFailedTests/HierarchicalModel.xml
==== Contents of test case:

	    # FIXME: we should use $relativeFilename here, but it
	    # might have backslashes under Windows, which causes no end
	    # of trouble.
	    createAndExecute $file
	    list {}
	
.... Test generated KNOWN error:
    while executing
ptolemy.kernel.util.IllegalActionException: Found a zero delay loop containing .HierarchicalModel.A
  in .HierarchicalModel and .HierarchicalModel.A
	at ptolemy.actor.util.CausalityInterfaceForComposites._computeOutputPortDepth(CausalityInterfaceForComposites.java:759)
	at ptolemy.actor.util.CausalityInterfaceForComposites._computeInputDepth(CausalityInterfaceForComposites.java:696)
	at ptolemy.actor.util.CausalityInterfaceForComposites._computeOutputPortDepth(CausalityInterfaceForComposites.java:765)
	at ptolemy.actor.util.CausalityInterfaceForComposites._computeInputDepth(CausalityInterfaceForComposites.java:696)
	at ptolemy.actor.util.CausalityInterfaceForComposites._computeOutputPortDepth(CausalityInterfaceForComposites.java:765)
	at ptolemy.actor.util.CausalityInterfaceForComposites._computeInputDepth(CausalityInterfaceForComposites.java:696)
	at ptolemy.actor.util.CausalityInterfaceForComposites._computeActorDepth(CausalityInterfaceForComposites.java:532)
	at ptolemy.actor.util.CausalityInterfaceForComposites.checkForCycles(CausalityInterfaceForComposites.java:96)
	at ptolemy.domains.de.kernel.DEDirector.preinitialize(DEDirector.java:1338)
	at ptolemy.actor.CompositeActor.preinitialize(CompositeActor.java:1828)
	at ptolemy.actor.Manager.preinitializeAndResolveTypes(Manager.java:1040)
	at ptolemy.actor.Manager.initialize(Manager.java:710)
	at ptolemy.actor.Manager.execute(Manager.java:356)
	at ptolemy.actor.Manager.run(Manager.java:1263)
	at ptolemy.actor.Manager$PtolemyRunThread.run(Manager.java:1933)

    while executing
ptolemy.kernel.util.IllegalActionException: Found a zero delay loop containing .HierarchicalModel.A
  in .HierarchicalModel and .HierarchicalModel.A
    while executing
"java::new ptolemy.moml.MoMLSimpleApplication $file
"
    (procedure "createAndExecute" line 2)
    invoked from within
"createAndExecute $file"
    ("uplevel" body line 5)
    invoked from within
"uplevel $contents_of_test"
------------------ testing $PTII/ptolemy/domains/de/test/auto/knownFailedTests/dependencyLoop2.xml (Known Failure) 
45 ms. Memory: 120832K Free: 106092K (88%)


==== $PTIIhome/travis/build/icyphy/ptII/ptolemy/domains/de/test/../../../../: Auto Automatic test in file $PTII/ptolemy/domains/de/test/auto/knownFailedTests/dependencyLoop2.xml
==== Contents of test case:

	    # FIXME: we should use $relativeFilename here, but it
	    # might have backslashes under Windows, which causes no end
	    # of trouble.
	    createAndExecute $file
	    list {}
	
.... Test generated KNOWN error:
    while executing
ptolemy.kernel.util.IllegalActionException: Found a zero delay loop containing .dependencyLoop2.original
  in .dependencyLoop2 and .dependencyLoop2.original
	at ptolemy.actor.util.CausalityInterfaceForComposites._computeOutputPortDepth(CausalityInterfaceForComposites.java:759)
	at ptolemy.actor.util.CausalityInterfaceForComposites._computeInputDepth(CausalityInterfaceForComposites.java:696)
	at ptolemy.actor.util.CausalityInterfaceForComposites._computeOutputPortDepth(CausalityInterfaceForComposites.java:765)
	at ptolemy.actor.util.CausalityInterfaceForComposites._computeInputDepth(CausalityInterfaceForComposites.java:696)
	at ptolemy.actor.util.CausalityInterfaceForComposites._computeOutputPortDepth(CausalityInterfaceForComposites.java:765)
	at ptolemy.actor.util.CausalityInterfaceForComposites._computeInputDepth(CausalityInterfaceForComposites.java:696)
	at ptolemy.actor.util.CausalityInterfaceForComposites._computeActorDepth(CausalityInterfaceForComposites.java:532)
	at ptolemy.actor.util.CausalityInterfaceForComposites.checkForCycles(CausalityInterfaceForComposites.java:96)
	at ptolemy.domains.de.kernel.DEDirector.preinitialize(DEDirector.java:1338)
	at ptolemy.actor.CompositeActor.preinitialize(CompositeActor.java:1828)
	at ptolemy.actor.Manager.preinitializeAndResolveTypes(Manager.java:1040)
	at ptolemy.actor.Manager.initialize(Manager.java:710)
	at ptolemy.actor.Manager.execute(Manager.java:356)
	at ptolemy.actor.Manager.run(Manager.java:1263)
	at ptolemy.actor.Manager$PtolemyRunThread.run(Manager.java:1933)

    while executing
ptolemy.kernel.util.IllegalActionException: Found a zero delay loop containing .dependencyLoop2.original
  in .dependencyLoop2 and .dependencyLoop2.original
    while executing
"java::new ptolemy.moml.MoMLSimpleApplication $file
"
    (procedure "createAndExecute" line 2)
    invoked from within
"createAndExecute $file"
    ("uplevel" body line 5)
    invoked from within
"uplevel $contents_of_test"
------------------ testing $PTII/ptolemy/domains/de/test/auto/knownFailedTests/DESDFClockTest.xml (Known Failure) 
2078 ms. Memory: 120832K Free: 92347K (76%)


==== $PTIIhome/travis/build/icyphy/ptII/ptolemy/domains/de/test/../../../../: Auto Automatic test in file $PTII/ptolemy/domains/de/test/auto/knownFailedTests/DESDFClockTest.xml
==== Contents of test case:

	    # FIXME: we should use $relativeFilename here, but it
	    # might have backslashes under Windows, which causes no end
	    # of trouble.
	    createAndExecute $file
	    list {}
	
.... Test generated KNOWN error:
    while executing
ptolemy.kernel.util.IllegalActionException: Actor is not ready to fire.  Perhaps UpSample.prefire() returned false? Try debugging the actor by selecting "Listen to Actor".  Also, for SDF check moml for tokenConsumptionRate on input.
  in .DESDFClockTest.Play Bell.Copy1:SDF Director and .DESDFClockTest.Play Bell.UpSample
	at ptolemy.actor.sched.StaticSchedulingDirector.fire(StaticSchedulingDirector.java:227)
	at ptolemy.domains.sdf.kernel.SDFDirector.fire(SDFDirector.java:500)
	at ptolemy.actor.CompositeActor.fire(CompositeActor.java:455)
	at ptolemy.domains.de.kernel.DEDirector._fire(DEDirector.java:1949)
	at ptolemy.domains.de.kernel.DEDirector.fire(DEDirector.java:502)
	at ptolemy.actor.CompositeActor.fire(CompositeActor.java:455)
	at ptolemy.actor.Manager.iterate(Manager.java:851)
	at ptolemy.actor.Manager.execute(Manager.java:369)
	at ptolemy.actor.Manager.run(Manager.java:1263)
	at ptolemy.actor.Manager$PtolemyRunThread.run(Manager.java:1933)

    while executing
ptolemy.kernel.util.IllegalActionException: Actor is not ready to fire.  Perhaps UpSample.prefire() returned false? Try debugging the actor by selecting "Listen to Actor".  Also, for SDF check moml for tokenConsumptionRate on input.
  in .DESDFClockTest.Play Bell.Copy1:SDF Director and .DESDFClockTest.Play Bell.UpSample
    while executing
"java::new ptolemy.moml.MoMLSimpleApplication $file
"
    (procedure "createAndExecute" line 2)
    invoked from within
"createAndExecute $file"
    ("uplevel" body line 5)
    invoked from within
"uplevel $contents_of_test"
------------------ testing $PTII/ptolemy/domains/de/test/auto/ActorDepthCalculation_actorWithoutPorts.xml
auto.tcl: Setting watchdog for 200 seconds at Sun Dec 01 06:22:28 UTC 2019
5 ms. Memory: 120832K Free: 85518K (71%)
ptolemy.util.test.WatchDog.cancel(): canceling Sun Dec 01 06:22:28 UTC 2019
auto.tcl: Setting watchdog for 200 seconds at Sun Dec 01 06:22:28 UTC 2019
6 ms. Memory: 120832K Free: 83871K (69%)
ptolemy.util.test.WatchDog.cancel(): canceling Sun Dec 01 06:22:28 UTC 2019
------------------ testing $PTII/ptolemy/domains/de/test/auto/AssemblyLine.xml
auto.tcl: Setting watchdog for 200 seconds at Sun Dec 01 06:22:28 UTC 2019
10 ms. Memory: 48128K Free: 26010K (54%)
ptolemy.util.test.WatchDog.cancel(): canceling Sun Dec 01 06:22:28 UTC 2019
auto.tcl: Setting watchdog for 200 seconds at Sun Dec 01 06:22:28 UTC 2019
8 ms. Memory: 48128K Free: 25331K (53%)
ptolemy.util.test.WatchDog.cancel(): canceling Sun Dec 01 06:22:28 UTC 2019
------------------ testing $PTII/ptolemy/domains/de/test/auto/CQBug1.xml
auto.tcl: Setting watchdog for 200 seconds at Sun Dec 01 06:22:29 UTC 2019
10 ms. Memory: 45056K Free: 28534K (63%)
ptolemy.util.test.WatchDog.cancel(): canceling Sun Dec 01 06:22:29 UTC 2019
auto.tcl: Setting watchdog for 200 seconds at Sun Dec 01 06:22:29 UTC 2019
3 ms. Memory: 45056K Free: 28119K (62%)
ptolemy.util.test.WatchDog.cancel(): canceling Sun Dec 01 06:22:29 UTC 2019
------------------ testing $PTII/ptolemy/domains/de/test/auto/CancelFireAt.xml
auto.tcl: Setting watchdog for 200 seconds at Sun Dec 01 06:22:29 UTC 2019
5 ms. Memory: 45056K Free: 29688K (66%)
ptolemy.util.test.WatchDog.cancel(): canceling Sun Dec 01 06:22:29 UTC 2019
auto.tcl: Setting watchdog for 200 seconds at Sun Dec 01 06:22:29 UTC 2019
3 ms. Memory: 45056K Free: 29258K (65%)
ptolemy.util.test.WatchDog.cancel(): canceling Sun Dec 01 06:22:29 UTC 2019
------------------ testing $PTII/ptolemy/domains/de/test/auto/CausalityAndComposabilityAnalysis.xml
auto.tcl: Setting watchdog for 200 seconds at Sun Dec 01 06:22:29 UTC 2019
16 ms. Memory: 45056K Free: 27923K (62%)
ptolemy.util.test.WatchDog.cancel(): canceling Sun Dec 01 06:22:29 UTC 2019
auto.tcl: Setting watchdog for 200 seconds at Sun Dec 01 06:22:29 UTC 2019
10 ms. Memory: 45056K Free: 27075K (60%)
ptolemy.util.test.WatchDog.cancel(): canceling Sun Dec 01 06:22:29 UTC 2019
------------------ testing $PTII/ptolemy/domains/de/test/auto/CausalityInterface1.xml
auto.tcl: Setting watchdog for 200 seconds at Sun Dec 01 06:22:29 UTC 2019
42 ms. Memory: 45056K Free: 26130K (58%)
ptolemy.util.test.WatchDog.cancel(): canceling Sun Dec 01 06:22:29 UTC 2019
auto.tcl: Setting watchdog for 200 seconds at Sun Dec 01 06:22:29 UTC 2019
5 ms. Memory: 45056K Free: 24969K (55%)
ptolemy.util.test.WatchDog.cancel(): canceling Sun Dec 01 06:22:29 UTC 2019
------------------ testing $PTII/ptolemy/domains/de/test/auto/CausalityInterface15.xml
auto.tcl: Setting watchdog for 200 seconds at Sun Dec 01 06:22:29 UTC 2019
15 ms. Memory: 45056K Free: 26521K (59%)
ptolemy.util.test.WatchDog.cancel(): canceling Sun Dec 01 06:22:29 UTC 2019
auto.tcl: Setting watchdog for 200 seconds at Sun Dec 01 06:22:29 UTC 2019
5 ms. Memory: 45056K Free: 25326K (56%)
ptolemy.util.test.WatchDog.cancel(): canceling Sun Dec 01 06:22:29 UTC 2019
------------------ testing $PTII/ptolemy/domains/de/test/auto/CausalityInterface2.xml
auto.tcl: Setting watchdog for 200 seconds at Sun Dec 01 06:22:29 UTC 2019
6 ms. Memory: 45056K Free: 27028K (60%)
ptolemy.util.test.WatchDog.cancel(): canceling Sun Dec 01 06:22:29 UTC 2019
auto.tcl: Setting watchdog for 200 seconds at Sun Dec 01 06:22:29 UTC 2019
5 ms. Memory: 45056K Free: 26328K (58%)
ptolemy.util.test.WatchDog.cancel(): canceling Sun Dec 01 06:22:29 UTC 2019
------------------ testing $PTII/ptolemy/domains/de/test/auto/CausalityInterface3.xml
auto.tcl: Setting watchdog for 200 seconds at Sun Dec 01 06:22:29 UTC 2019
10 ms. Memory: 45056K Free: 26557K (59%)
ptolemy.util.test.WatchDog.cancel(): canceling Sun Dec 01 06:22:29 UTC 2019
auto.tcl: Setting watchdog for 200 seconds at Sun Dec 01 06:22:29 UTC 2019
4 ms. Memory: 45056K Free: 25761K (57%)
ptolemy.util.test.WatchDog.cancel(): canceling Sun Dec 01 06:22:29 UTC 2019
------------------ testing $PTII/ptolemy/domains/de/test/auto/ClockDrift.xml
auto.tcl: Setting watchdog for 200 seconds at Sun Dec 01 06:22:29 UTC 2019
99 ms. Memory: 45056K Free: 19131K (42%)
ptolemy.util.test.WatchDog.cancel(): canceling Sun Dec 01 06:22:30 UTC 2019
auto.tcl: Setting watchdog for 200 seconds at Sun Dec 01 06:22:30 UTC 2019
98 ms. Memory: 45056K Free: 16115K (36%)
ptolemy.util.test.WatchDog.cancel(): canceling Sun Dec 01 06:22:30 UTC 2019
------------------ testing $PTII/ptolemy/domains/de/test/auto/ClockDriftAndValueChange.xml
auto.tcl: Setting watchdog for 200 seconds at Sun Dec 01 06:22:30 UTC 2019
25 ms. Memory: 45056K Free: 19564K (43%)
ptolemy.util.test.WatchDog.cancel(): canceling Sun Dec 01 06:22:30 UTC 2019
auto.tcl: Setting watchdog for 200 seconds at Sun Dec 01 06:22:30 UTC 2019
39 ms. Memory: 45056K Free: 16371K (36%)
ptolemy.util.test.WatchDog.cancel(): canceling Sun Dec 01 06:22:30 UTC 2019
------------------ testing $PTII/ptolemy/domains/de/test/auto/ClockDriftChange.xml
auto.tcl: Setting watchdog for 200 seconds at Sun Dec 01 06:22:30 UTC 2019
25 ms. Memory: 45056K Free: 21264K (47%)
ptolemy.util.test.WatchDog.cancel(): canceling Sun Dec 01 06:22:30 UTC 2019
auto.tcl: Setting watchdog for 200 seconds at Sun Dec 01 06:22:30 UTC 2019
27 ms. Memory: 45056K Free: 18710K (42%)
ptolemy.util.test.WatchDog.cancel(): canceling Sun Dec 01 06:22:30 UTC 2019
------------------ testing $PTII/ptolemy/domains/de/test/auto/ComposableCausalityAnalysis.xml
auto.tcl: Setting watchdog for 200 seconds at Sun Dec 01 06:22:30 UTC 2019
2 ms. Memory: 45056K Free: 25910K (58%)
ptolemy.util.test.WatchDog.cancel(): canceling Sun Dec 01 06:22:30 UTC 2019
auto.tcl: Setting watchdog for 200 seconds at Sun Dec 01 06:22:30 UTC 2019
5 ms. Memory: 45056K Free: 24885K (55%)
ptolemy.util.test.WatchDog.cancel(): canceling Sun Dec 01 06:22:30 UTC 2019
------------------ testing $PTII/ptolemy/domains/de/test/auto/DEFixedPointLimitation.xml
auto.tcl: Setting watchdog for 200 seconds at Sun Dec 01 06:22:30 UTC 2019
2 ms. Memory: 45056K Free: 27250K (60%)
ptolemy.util.test.WatchDog.cancel(): canceling Sun Dec 01 06:22:30 UTC 2019
auto.tcl: Setting watchdog for 200 seconds at Sun Dec 01 06:22:30 UTC 2019
2 ms. Memory: 45056K Free: 26349K (58%)
ptolemy.util.test.WatchDog.cancel(): canceling Sun Dec 01 06:22:30 UTC 2019
------------------ testing $PTII/ptolemy/domains/de/test/auto/DEScheduleTest.xml
auto.tcl: Setting watchdog for 200 seconds at Sun Dec 01 06:22:30 UTC 2019
6 ms. Memory: 45056K Free: 27551K (61%)
ptolemy.util.test.WatchDog.cancel(): canceling Sun Dec 01 06:22:30 UTC 2019
auto.tcl: Setting watchdog for 200 seconds at Sun Dec 01 06:22:30 UTC 2019
4 ms. Memory: 45056K Free: 26787K (59%)
ptolemy.util.test.WatchDog.cancel(): canceling Sun Dec 01 06:22:30 UTC 2019
------------------ testing $PTII/ptolemy/domains/de/test/auto/DEinDEwithStartTimes.xml
auto.tcl: Setting watchdog for 200 seconds at Sun Dec 01 06:22:31 UTC 2019
5 ms. Memory: 45056K Free: 25691K (57%)
ptolemy.util.test.WatchDog.cancel(): canceling Sun Dec 01 06:22:31 UTC 2019
auto.tcl: Setting watchdog for 200 seconds at Sun Dec 01 06:22:31 UTC 2019
5 ms. Memory: 45056K Free: 24667K (55%)
ptolemy.util.test.WatchDog.cancel(): canceling Sun Dec 01 06:22:31 UTC 2019
------------------ testing $PTII/ptolemy/domains/de/test/auto/DEinDEwithStartTimes2.xml
auto.tcl: Setting watchdog for 200 seconds at Sun Dec 01 06:22:31 UTC 2019
15 ms. Memory: 45056K Free: 24888K (55%)
ptolemy.util.test.WatchDog.cancel(): canceling Sun Dec 01 06:22:31 UTC 2019
auto.tcl: Setting watchdog for 200 seconds at Sun Dec 01 06:22:31 UTC 2019
5 ms. Memory: 45056K Free: 23622K (52%)
ptolemy.util.test.WatchDog.cancel(): canceling Sun Dec 01 06:22:31 UTC 2019
------------------ testing $PTII/ptolemy/domains/de/test/auto/DateDemo.xml
auto.tcl: Setting watchdog for 200 seconds at Sun Dec 01 06:22:31 UTC 2019
16 ms. Memory: 45056K Free: 19582K (43%)
ptolemy.util.test.WatchDog.cancel(): canceling Sun Dec 01 06:22:31 UTC 2019
auto.tcl: Setting watchdog for 200 seconds at Sun Dec 01 06:22:31 UTC 2019
9 ms. Memory: 45056K Free: 17723K (39%)
ptolemy.util.test.WatchDog.cancel(): canceling Sun Dec 01 06:22:31 UTC 2019
------------------ testing $PTII/ptolemy/domains/de/test/auto/DateToEvent.xml
auto.tcl: Setting watchdog for 200 seconds at Sun Dec 01 06:22:31 UTC 2019
2018 ms. Memory: 45056K Free: 15185K (34%)
ptolemy.util.test.WatchDog.cancel(): canceling Sun Dec 01 06:22:33 UTC 2019
auto.tcl: Setting watchdog for 200 seconds at Sun Dec 01 06:22:33 UTC 2019
2006 ms. Memory: 45056K Free: 14440K (32%)
ptolemy.util.test.WatchDog.cancel(): canceling Sun Dec 01 06:22:35 UTC 2019
------------------ testing $PTII/ptolemy/domains/de/test/auto/DepthTest1.xml
auto.tcl: Setting watchdog for 200 seconds at Sun Dec 01 06:22:35 UTC 2019
3 ms. Memory: 45056K Free: 28485K (63%)
ptolemy.util.test.WatchDog.cancel(): canceling Sun Dec 01 06:22:35 UTC 2019
auto.tcl: Setting watchdog for 200 seconds at Sun Dec 01 06:22:35 UTC 2019
3 ms. Memory: 45056K Free: 27941K (62%)
ptolemy.util.test.WatchDog.cancel(): canceling Sun Dec 01 06:22:35 UTC 2019
------------------ testing $PTII/ptolemy/domains/de/test/auto/DepthTest2.xml
auto.tcl: Setting watchdog for 200 seconds at Sun Dec 01 06:22:35 UTC 2019
12 ms. Memory: 45056K Free: 25233K (56%)
ptolemy.util.test.WatchDog.cancel(): canceling Sun Dec 01 06:22:35 UTC 2019
auto.tcl: Setting watchdog for 200 seconds at Sun Dec 01 06:22:35 UTC 2019
3 ms. Memory: 45056K Free: 24840K (55%)
ptolemy.util.test.WatchDog.cancel(): canceling Sun Dec 01 06:22:35 UTC 2019
------------------ testing $PTII/ptolemy/domains/de/test/auto/DepthTest3.xml
auto.tcl: Setting watchdog for 200 seconds at Sun Dec 01 06:22:35 UTC 2019
4 ms. Memory: 45056K Free: 28664K (64%)
ptolemy.util.test.WatchDog.cancel(): canceling Sun Dec 01 06:22:35 UTC 2019
auto.tcl: Setting watchdog for 200 seconds at Sun Dec 01 06:22:35 UTC 2019
4 ms. Memory: 45056K Free: 28255K (63%)
ptolemy.util.test.WatchDog.cancel(): canceling Sun Dec 01 06:22:35 UTC 2019
------------------ testing $PTII/ptolemy/domains/de/test/auto/DepthTest4.xml
auto.tcl: Setting watchdog for 200 seconds at Sun Dec 01 06:22:35 UTC 2019
5 ms. Memory: 45056K Free: 27021K (60%)
ptolemy.util.test.WatchDog.cancel(): canceling Sun Dec 01 06:22:35 UTC 2019
auto.tcl: Setting watchdog for 200 seconds at Sun Dec 01 06:22:35 UTC 2019
5 ms. Memory: 45056K Free: 26289K (58%)
ptolemy.util.test.WatchDog.cancel(): canceling Sun Dec 01 06:22:35 UTC 2019
------------------ testing $PTII/ptolemy/domains/de/test/auto/DepthTest5.xml
auto.tcl: Setting watchdog for 200 seconds at Sun Dec 01 06:22:35 UTC 2019
4 ms. Memory: 45056K Free: 26432K (59%)
ptolemy.util.test.WatchDog.cancel(): canceling Sun Dec 01 06:22:35 UTC 2019
auto.tcl: Setting watchdog for 200 seconds at Sun Dec 01 06:22:35 UTC 2019
3 ms. Memory: 45056K Free: 25680K (57%)
ptolemy.util.test.WatchDog.cancel(): canceling Sun Dec 01 06:22:35 UTC 2019
------------------ testing $PTII/ptolemy/domains/de/test/auto/DepthTest6.xml
auto.tcl: Setting watchdog for 200 seconds at Sun Dec 01 06:22:36 UTC 2019
6 ms. Memory: 45056K Free: 26104K (58%)
ptolemy.util.test.WatchDog.cancel(): canceling Sun Dec 01 06:22:36 UTC 2019
auto.tcl: Setting watchdog for 200 seconds at Sun Dec 01 06:22:36 UTC 2019
4 ms. Memory: 45056K Free: 25687K (57%)
ptolemy.util.test.WatchDog.cancel(): canceling Sun Dec 01 06:22:36 UTC 2019
------------------ testing $PTII/ptolemy/domains/de/test/auto/DepthTest7.xml
auto.tcl: Setting watchdog for 200 seconds at Sun Dec 01 06:22:36 UTC 2019
13 ms. Memory: 45056K Free: 26945K (60%)
ptolemy.util.test.WatchDog.cancel(): canceling Sun Dec 01 06:22:36 UTC 2019
auto.tcl: Setting watchdog for 200 seconds at Sun Dec 01 06:22:36 UTC 2019
3 ms. Memory: 45056K Free: 26221K (58%)
ptolemy.util.test.WatchDog.cancel(): canceling Sun Dec 01 06:22:36 UTC 2019
------------------ testing $PTII/ptolemy/domains/de/test/auto/EventToDate.xml
auto.tcl: Setting watchdog for 200 seconds at Sun Dec 01 06:22:36 UTC 2019
3012 ms. Memory: 45056K Free: 17759K (39%)
ptolemy.util.test.WatchDog.cancel(): canceling Sun Dec 01 06:22:39 UTC 2019
auto.tcl: Setting watchdog for 200 seconds at Sun Dec 01 06:22:39 UTC 2019
3005 ms. Memory: 45056K Free: 17429K (39%)
ptolemy.util.test.WatchDog.cancel(): canceling Sun Dec 01 06:22:42 UTC 2019
------------------ testing $PTII/ptolemy/domains/de/test/auto/FSM1.xml
auto.tcl: Setting watchdog for 200 seconds at Sun Dec 01 06:22:42 UTC 2019
21 ms. Memory: 45056K Free: 18433K (41%)
ptolemy.util.test.WatchDog.cancel(): canceling Sun Dec 01 06:22:42 UTC 2019
auto.tcl: Setting watchdog for 200 seconds at Sun Dec 01 06:22:42 UTC 2019
21 ms. Memory: 45056K Free: 15315K (34%)
ptolemy.util.test.WatchDog.cancel(): canceling Sun Dec 01 06:22:42 UTC 2019
------------------ testing $PTII/ptolemy/domains/de/test/auto/FSM7.xml
auto.tcl: Setting watchdog for 200 seconds at Sun Dec 01 06:22:42 UTC 2019
31 ms. Memory: 45056K Free: 18874K (42%)
ptolemy.util.test.WatchDog.cancel(): canceling Sun Dec 01 06:22:42 UTC 2019
auto.tcl: Setting watchdog for 200 seconds at Sun Dec 01 06:22:42 UTC 2019
27 ms. Memory: 45056K Free: 15570K (35%)
ptolemy.util.test.WatchDog.cancel(): canceling Sun Dec 01 06:22:42 UTC 2019
------------------ testing $PTII/ptolemy/domains/de/test/auto/Inspection.xml
auto.tcl: Setting watchdog for 200 seconds at Sun Dec 01 06:22:42 UTC 2019
36 ms. Memory: 45056K Free: 18706K (42%)
ptolemy.util.test.WatchDog.cancel(): canceling Sun Dec 01 06:22:42 UTC 2019
auto.tcl: Setting watchdog for 200 seconds at Sun Dec 01 06:22:42 UTC 2019
22 ms. Memory: 45056K Free: 16956K (38%)
ptolemy.util.test.WatchDog.cancel(): canceling Sun Dec 01 06:22:42 UTC 2019
------------------ testing $PTII/ptolemy/domains/de/test/auto/Iteration.xml
auto.tcl: Setting watchdog for 200 seconds at Sun Dec 01 06:22:42 UTC 2019
8 ms. Memory: 45056K Free: 24388K (54%)
ptolemy.util.test.WatchDog.cancel(): canceling Sun Dec 01 06:22:42 UTC 2019
auto.tcl: Setting watchdog for 200 seconds at Sun Dec 01 06:22:42 UTC 2019
9 ms. Memory: 45056K Free: 23013K (51%)
ptolemy.util.test.WatchDog.cancel(): canceling Sun Dec 01 06:22:42 UTC 2019
------------------ testing $PTII/ptolemy/domains/de/test/auto/LineFault.xml
auto.tcl: Setting watchdog for 200 seconds at Sun Dec 01 06:22:42 UTC 2019
834 ms. Memory: 45056K Free: 28132K (62%)
ptolemy.util.test.WatchDog.cancel(): canceling Sun Dec 01 06:22:44 UTC 2019
auto.tcl: Setting watchdog for 200 seconds at Sun Dec 01 06:22:44 UTC 2019
672 ms. Memory: 55296K Free: 22261K (40%)
ptolemy.util.test.WatchDog.cancel(): canceling Sun Dec 01 06:22:44 UTC 2019
------------------ testing $PTII/ptolemy/domains/de/test/auto/MergeModel1Add.xml
auto.tcl: Setting watchdog for 200 seconds at Sun Dec 01 06:22:44 UTC 2019
24 ms. Memory: 51200K Free: 16549K (32%)
ptolemy.util.test.WatchDog.cancel(): canceling Sun Dec 01 06:22:44 UTC 2019
auto.tcl: Setting watchdog for 200 seconds at Sun Dec 01 06:22:44 UTC 2019
22 ms. Memory: 51200K Free: 14963K (29%)
ptolemy.util.test.WatchDog.cancel(): canceling Sun Dec 01 06:22:44 UTC 2019
------------------ testing $PTII/ptolemy/domains/de/test/auto/MergeModel2Add.xml
auto.tcl: Setting watchdog for 200 seconds at Sun Dec 01 06:22:45 UTC 2019
23 ms. Memory: 48128K Free: 15570K (32%)
ptolemy.util.test.WatchDog.cancel(): canceling Sun Dec 01 06:22:45 UTC 2019
auto.tcl: Setting watchdog for 200 seconds at Sun Dec 01 06:22:45 UTC 2019
15 ms. Memory: 48128K Free: 13975K (29%)
ptolemy.util.test.WatchDog.cancel(): canceling Sun Dec 01 06:22:45 UTC 2019
------------------ testing $PTII/ptolemy/domains/de/test/auto/MergeModel3Add.xml
auto.tcl: Setting watchdog for 200 seconds at Sun Dec 01 06:22:45 UTC 2019
11 ms. Memory: 48128K Free: 15570K (32%)
ptolemy.util.test.WatchDog.cancel(): canceling Sun Dec 01 06:22:45 UTC 2019
auto.tcl: Setting watchdog for 200 seconds at Sun Dec 01 06:22:45 UTC 2019
13 ms. Memory: 48128K Free: 13984K (29%)
ptolemy.util.test.WatchDog.cancel(): canceling Sun Dec 01 06:22:45 UTC 2019
------------------ testing $PTII/ptolemy/domains/de/test/auto/MergeWithoutDiscard.xml
auto.tcl: Setting watchdog for 200 seconds at Sun Dec 01 06:22:45 UTC 2019
2 ms. Memory: 48128K Free: 30103K (63%)
ptolemy.util.test.WatchDog.cancel(): canceling Sun Dec 01 06:22:45 UTC 2019
auto.tcl: Setting watchdog for 200 seconds at Sun Dec 01 06:22:45 UTC 2019
2 ms. Memory: 48128K Free: 29724K (62%)
ptolemy.util.test.WatchDog.cancel(): canceling Sun Dec 01 06:22:45 UTC 2019
------------------ testing $PTII/ptolemy/domains/de/test/auto/Modal1.xml
auto.tcl: Setting watchdog for 200 seconds at Sun Dec 01 06:22:45 UTC 2019
13 ms. Memory: 48128K Free: 22051K (46%)
ptolemy.util.test.WatchDog.cancel(): canceling Sun Dec 01 06:22:45 UTC 2019
auto.tcl: Setting watchdog for 200 seconds at Sun Dec 01 06:22:45 UTC 2019
12 ms. Memory: 48128K Free: 18606K (39%)
ptolemy.util.test.WatchDog.cancel(): canceling Sun Dec 01 06:22:45 UTC 2019
------------------ testing $PTII/ptolemy/domains/de/test/auto/Modal2.xml
auto.tcl: Setting watchdog for 200 seconds at Sun Dec 01 06:22:45 UTC 2019
13 ms. Memory: 48128K Free: 22134K (46%)
ptolemy.util.test.WatchDog.cancel(): canceling Sun Dec 01 06:22:45 UTC 2019
auto.tcl: Setting watchdog for 200 seconds at Sun Dec 01 06:22:45 UTC 2019
15 ms. Memory: 48128K Free: 18895K (39%)
ptolemy.util.test.WatchDog.cancel(): canceling Sun Dec 01 06:22:45 UTC 2019
------------------ testing $PTII/ptolemy/domains/de/test/auto/Modal3.xml
auto.tcl: Setting watchdog for 200 seconds at Sun Dec 01 06:22:45 UTC 2019
18 ms. Memory: 48128K Free: 22143K (46%)
ptolemy.util.test.WatchDog.cancel(): canceling Sun Dec 01 06:22:45 UTC 2019
auto.tcl: Setting watchdog for 200 seconds at Sun Dec 01 06:22:45 UTC 2019
19 ms. Memory: 48128K Free: 18909K (39%)
ptolemy.util.test.WatchDog.cancel(): canceling Sun Dec 01 06:22:45 UTC 2019
------------------ testing $PTII/ptolemy/domains/de/test/auto/Modal4.xml
auto.tcl: Setting watchdog for 200 seconds at Sun Dec 01 06:22:45 UTC 2019
37 ms. Memory: 48128K Free: 21075K (44%)
ptolemy.util.test.WatchDog.cancel(): canceling Sun Dec 01 06:22:45 UTC 2019
auto.tcl: Setting watchdog for 200 seconds at Sun Dec 01 06:22:45 UTC 2019
38 ms. Memory: 48128K Free: 17237K (36%)
ptolemy.util.test.WatchDog.cancel(): canceling Sun Dec 01 06:22:45 UTC 2019
------------------ testing $PTII/ptolemy/domains/de/test/auto/Modal5.xml
auto.tcl: Setting watchdog for 200 seconds at Sun Dec 01 06:22:46 UTC 2019
19 ms. Memory: 48128K Free: 21054K (44%)
ptolemy.util.test.WatchDog.cancel(): canceling Sun Dec 01 06:22:46 UTC 2019
auto.tcl: Setting watchdog for 200 seconds at Sun Dec 01 06:22:46 UTC 2019
20 ms. Memory: 48128K Free: 17223K (36%)
ptolemy.util.test.WatchDog.cancel(): canceling Sun Dec 01 06:22:46 UTC 2019
------------------ testing $PTII/ptolemy/domains/de/test/auto/Modal6.xml
auto.tcl: Setting watchdog for 200 seconds at Sun Dec 01 06:22:46 UTC 2019
14 ms. Memory: 48128K Free: 21863K (45%)
ptolemy.util.test.WatchDog.cancel(): canceling Sun Dec 01 06:22:46 UTC 2019
auto.tcl: Setting watchdog for 200 seconds at Sun Dec 01 06:22:46 UTC 2019
16 ms. Memory: 48128K Free: 18245K (38%)
ptolemy.util.test.WatchDog.cancel(): canceling Sun Dec 01 06:22:46 UTC 2019
------------------ testing $PTII/ptolemy/domains/de/test/auto/Modal7.xml
auto.tcl: Setting watchdog for 200 seconds at Sun Dec 01 06:22:46 UTC 2019
12 ms. Memory: 48128K Free: 20870K (43%)
ptolemy.util.test.WatchDog.cancel(): canceling Sun Dec 01 06:22:46 UTC 2019
auto.tcl: Setting watchdog for 200 seconds at Sun Dec 01 06:22:46 UTC 2019
12 ms. Memory: 48128K Free: 17588K (37%)
ptolemy.util.test.WatchDog.cancel(): canceling Sun Dec 01 06:22:46 UTC 2019
------------------ testing $PTII/ptolemy/domains/de/test/auto/ModalModel.xml
auto.tcl: Setting watchdog for 200 seconds at Sun Dec 01 06:22:46 UTC 2019
265 ms. Memory: 58368K Free: 38861K (67%)
ptolemy.util.test.WatchDog.cancel(): canceling Sun Dec 01 06:22:46 UTC 2019
auto.tcl: Setting watchdog for 200 seconds at Sun Dec 01 06:22:46 UTC 2019
234 ms. Memory: 58368K Free: 32259K (55%)
ptolemy.util.test.WatchDog.cancel(): canceling Sun Dec 01 06:22:46 UTC 2019
------------------ testing $PTII/ptolemy/domains/de/test/auto/ModalSource.xml
auto.tcl: Setting watchdog for 200 seconds at Sun Dec 01 06:22:47 UTC 2019
7 ms. Memory: 51200K Free: 28997K (57%)
ptolemy.util.test.WatchDog.cancel(): canceling Sun Dec 01 06:22:47 UTC 2019
auto.tcl: Setting watchdog for 200 seconds at Sun Dec 01 06:22:47 UTC 2019
8 ms. Memory: 51200K Free: 26918K (53%)
ptolemy.util.test.WatchDog.cancel(): canceling Sun Dec 01 06:22:47 UTC 2019
------------------ testing $PTII/ptolemy/domains/de/test/auto/NonInterruptibleTimerZeroDelay.xml
auto.tcl: Setting watchdog for 200 seconds at Sun Dec 01 06:22:47 UTC 2019
4 ms. Memory: 48128K Free: 30882K (64%)
ptolemy.util.test.WatchDog.cancel(): canceling Sun Dec 01 06:22:47 UTC 2019
auto.tcl: Setting watchdog for 200 seconds at Sun Dec 01 06:22:47 UTC 2019
3 ms. Memory: 48128K Free: 30187K (63%)
ptolemy.util.test.WatchDog.cancel(): canceling Sun Dec 01 06:22:47 UTC 2019
------------------ testing $PTII/ptolemy/domains/de/test/auto/OpenQueueingNetwork.xml
auto.tcl: Setting watchdog for 200 seconds at Sun Dec 01 06:22:47 UTC 2019
3231 ms. Memory: 107520K Free: 42590K (40%)
ptolemy.util.test.WatchDog.cancel(): canceling Sun Dec 01 06:22:50 UTC 2019
auto.tcl: Setting watchdog for 200 seconds at Sun Dec 01 06:22:50 UTC 2019
2898 ms. Memory: 129024K Free: 110779K (86%)
ptolemy.util.test.WatchDog.cancel(): canceling Sun Dec 01 06:22:53 UTC 2019
------------------ testing $PTII/ptolemy/domains/de/test/auto/OpenQueuingNetwork.xml
auto.tcl: Setting watchdog for 200 seconds at Sun Dec 01 06:22:53 UTC 2019
257 ms. Memory: 55296K Free: 24513K (44%)
ptolemy.util.test.WatchDog.cancel(): canceling Sun Dec 01 06:22:53 UTC 2019
auto.tcl: Setting watchdog for 200 seconds at Sun Dec 01 06:22:53 UTC 2019
243 ms. Memory: 55296K Free: 31991K (58%)
ptolemy.util.test.WatchDog.cancel(): canceling Sun Dec 01 06:22:54 UTC 2019
------------------ testing $PTII/ptolemy/domains/de/test/auto/PeriodicSampler.xml
auto.tcl: Setting watchdog for 200 seconds at Sun Dec 01 06:22:54 UTC 2019
3 ms. Memory: 48128K Free: 30029K (62%)
ptolemy.util.test.WatchDog.cancel(): canceling Sun Dec 01 06:22:54 UTC 2019
auto.tcl: Setting watchdog for 200 seconds at Sun Dec 01 06:22:54 UTC 2019
2 ms. Memory: 48128K Free: 29521K (61%)
ptolemy.util.test.WatchDog.cancel(): canceling Sun Dec 01 06:22:54 UTC 2019
------------------ testing $PTII/ptolemy/domains/de/test/auto/PersistentIO.xml
auto.tcl: Setting watchdog for 200 seconds at Sun Dec 01 06:22:54 UTC 2019
16 ms. Memory: 48128K Free: 24967K (52%)
ptolemy.util.test.WatchDog.cancel(): canceling Sun Dec 01 06:22:54 UTC 2019
auto.tcl: Setting watchdog for 200 seconds at Sun Dec 01 06:22:54 UTC 2019
14 ms. Memory: 48128K Free: 23516K (49%)
ptolemy.util.test.WatchDog.cancel(): canceling Sun Dec 01 06:22:54 UTC 2019
------------------ testing $PTII/ptolemy/domains/de/test/auto/PortParameterResetOnInitialize.xml
auto.tcl: Setting watchdog for 200 seconds at Sun Dec 01 06:22:54 UTC 2019
6 ms. Memory: 48128K Free: 29937K (62%)
ptolemy.util.test.WatchDog.cancel(): canceling Sun Dec 01 06:22:54 UTC 2019
auto.tcl: Setting watchdog for 200 seconds at Sun Dec 01 06:22:54 UTC 2019
2 ms. Memory: 48128K Free: 29470K (61%)
ptolemy.util.test.WatchDog.cancel(): canceling Sun Dec 01 06:22:54 UTC 2019
------------------ testing $PTII/ptolemy/domains/de/test/auto/PortParameterUpdates.xml
auto.tcl: Setting watchdog for 200 seconds at Sun Dec 01 06:22:54 UTC 2019
5 ms. Memory: 48128K Free: 28035K (58%)
ptolemy.util.test.WatchDog.cancel(): canceling Sun Dec 01 06:22:54 UTC 2019
auto.tcl: Setting watchdog for 200 seconds at Sun Dec 01 06:22:54 UTC 2019
7 ms. Memory: 48128K Free: 26597K (55%)
ptolemy.util.test.WatchDog.cancel(): canceling Sun Dec 01 06:22:54 UTC 2019
------------------ testing $PTII/ptolemy/domains/de/test/auto/QueueAndServer.xml
auto.tcl: Setting watchdog for 200 seconds at Sun Dec 01 06:22:54 UTC 2019
7 ms. Memory: 48128K Free: 26954K (56%)
ptolemy.util.test.WatchDog.cancel(): canceling Sun Dec 01 06:22:54 UTC 2019
auto.tcl: Setting watchdog for 200 seconds at Sun Dec 01 06:22:54 UTC 2019
12 ms. Memory: 48128K Free: 25532K (53%)
ptolemy.util.test.WatchDog.cancel(): canceling Sun Dec 01 06:22:54 UTC 2019
------------------ testing $PTII/ptolemy/domains/de/test/auto/Records.xml
auto.tcl: Setting watchdog for 200 seconds at Sun Dec 01 06:22:54 UTC 2019
8 ms. Memory: 48128K Free: 29210K (61%)
ptolemy.util.test.WatchDog.cancel(): canceling Sun Dec 01 06:22:54 UTC 2019
auto.tcl: Setting watchdog for 200 seconds at Sun Dec 01 06:22:54 UTC 2019
3 ms. Memory: 48128K Free: 28744K (60%)
ptolemy.util.test.WatchDog.cancel(): canceling Sun Dec 01 06:22:54 UTC 2019
------------------ testing $PTII/ptolemy/domains/de/test/auto/ResetTransitionWithStartTime1.xml
auto.tcl: Setting watchdog for 200 seconds at Sun Dec 01 06:22:54 UTC 2019
19 ms. Memory: 48128K Free: 26436K (55%)
ptolemy.util.test.WatchDog.cancel(): canceling Sun Dec 01 06:22:54 UTC 2019
auto.tcl: Setting watchdog for 200 seconds at Sun Dec 01 06:22:54 UTC 2019
7 ms. Memory: 48128K Free: 24388K (51%)
ptolemy.util.test.WatchDog.cancel(): canceling Sun Dec 01 06:22:54 UTC 2019
------------------ testing $PTII/ptolemy/domains/de/test/auto/ResetTransitionWithStartTime2.xml
auto.tcl: Setting watchdog for 200 seconds at Sun Dec 01 06:22:54 UTC 2019
9 ms. Memory: 48128K Free: 26391K (55%)
ptolemy.util.test.WatchDog.cancel(): canceling Sun Dec 01 06:22:55 UTC 2019
auto.tcl: Setting watchdog for 200 seconds at Sun Dec 01 06:22:55 UTC 2019
6 ms. Memory: 48128K Free: 23890K (50%)
ptolemy.util.test.WatchDog.cancel(): canceling Sun Dec 01 06:22:55 UTC 2019
------------------ testing $PTII/ptolemy/domains/de/test/auto/ResetTransitionWithStartTime3.xml
auto.tcl: Setting watchdog for 200 seconds at Sun Dec 01 06:22:55 UTC 2019
10 ms. Memory: 48128K Free: 26390K (55%)
ptolemy.util.test.WatchDog.cancel(): canceling Sun Dec 01 06:22:55 UTC 2019
auto.tcl: Setting watchdog for 200 seconds at Sun Dec 01 06:22:55 UTC 2019
10 ms. Memory: 48128K Free: 24340K (51%)
ptolemy.util.test.WatchDog.cancel(): canceling Sun Dec 01 06:22:55 UTC 2019
------------------ testing $PTII/ptolemy/domains/de/test/auto/ResetTransitionWithStartTime4.xml
auto.tcl: Setting watchdog for 200 seconds at Sun Dec 01 06:22:55 UTC 2019
11 ms. Memory: 48128K Free: 26836K (56%)
ptolemy.util.test.WatchDog.cancel(): canceling Sun Dec 01 06:22:55 UTC 2019
auto.tcl: Setting watchdog for 200 seconds at Sun Dec 01 06:22:55 UTC 2019
4 ms. Memory: 48128K Free: 25421K (53%)
ptolemy.util.test.WatchDog.cancel(): canceling Sun Dec 01 06:22:55 UTC 2019
------------------ testing $PTII/ptolemy/domains/de/test/auto/ResettableTimer1.xml
auto.tcl: Setting watchdog for 200 seconds at Sun Dec 01 06:22:55 UTC 2019
3 ms. Memory: 48128K Free: 30892K (64%)
ptolemy.util.test.WatchDog.cancel(): canceling Sun Dec 01 06:22:55 UTC 2019
auto.tcl: Setting watchdog for 200 seconds at Sun Dec 01 06:22:55 UTC 2019
3 ms. Memory: 48128K Free: 29990K (62%)
ptolemy.util.test.WatchDog.cancel(): canceling Sun Dec 01 06:22:55 UTC 2019
------------------ testing $PTII/ptolemy/domains/de/test/auto/ResettableTimer2.xml
auto.tcl: Setting watchdog for 200 seconds at Sun Dec 01 06:22:55 UTC 2019
2 ms. Memory: 48128K Free: 30659K (64%)
ptolemy.util.test.WatchDog.cancel(): canceling Sun Dec 01 06:22:55 UTC 2019
auto.tcl: Setting watchdog for 200 seconds at Sun Dec 01 06:22:55 UTC 2019
3 ms. Memory: 48128K Free: 30023K (62%)
ptolemy.util.test.WatchDog.cancel(): canceling Sun Dec 01 06:22:55 UTC 2019
------------------ testing $PTII/ptolemy/domains/de/test/auto/ResettableTimer3.xml
auto.tcl: Setting watchdog for 200 seconds at Sun Dec 01 06:22:55 UTC 2019
1 ms. Memory: 48128K Free: 30564K (64%)
ptolemy.util.test.WatchDog.cancel(): canceling Sun Dec 01 06:22:55 UTC 2019
auto.tcl: Setting watchdog for 200 seconds at Sun Dec 01 06:22:55 UTC 2019
1 ms. Memory: 48128K Free: 30522K (63%)
ptolemy.util.test.WatchDog.cancel(): canceling Sun Dec 01 06:22:55 UTC 2019
------------------ testing $PTII/ptolemy/domains/de/test/auto/ResettableTimer4.xml
auto.tcl: Setting watchdog for 200 seconds at Sun Dec 01 06:22:55 UTC 2019
2 ms. Memory: 48128K Free: 30594K (64%)
ptolemy.util.test.WatchDog.cancel(): canceling Sun Dec 01 06:22:55 UTC 2019
auto.tcl: Setting watchdog for 200 seconds at Sun Dec 01 06:22:55 UTC 2019
1 ms. Memory: 48128K Free: 30082K (63%)
ptolemy.util.test.WatchDog.cancel(): canceling Sun Dec 01 06:22:55 UTC 2019
------------------ testing $PTII/ptolemy/domains/de/test/auto/ResettableTimer5.xml
auto.tcl: Setting watchdog for 200 seconds at Sun Dec 01 06:22:55 UTC 2019
2 ms. Memory: 48128K Free: 30005K (62%)
ptolemy.util.test.WatchDog.cancel(): canceling Sun Dec 01 06:22:55 UTC 2019
auto.tcl: Setting watchdog for 200 seconds at Sun Dec 01 06:22:55 UTC 2019
2 ms. Memory: 48128K Free: 29523K (61%)
ptolemy.util.test.WatchDog.cancel(): canceling Sun Dec 01 06:22:55 UTC 2019
------------------ testing $PTII/ptolemy/domains/de/test/auto/ResettableTimer6.xml
auto.tcl: Setting watchdog for 200 seconds at Sun Dec 01 06:22:55 UTC 2019
2 ms. Memory: 48128K Free: 30004K (62%)
ptolemy.util.test.WatchDog.cancel(): canceling Sun Dec 01 06:22:55 UTC 2019
auto.tcl: Setting watchdog for 200 seconds at Sun Dec 01 06:22:55 UTC 2019
1 ms. Memory: 48128K Free: 29520K (61%)
ptolemy.util.test.WatchDog.cancel(): canceling Sun Dec 01 06:22:55 UTC 2019
------------------ testing $PTII/ptolemy/domains/de/test/auto/ServerZeroDelay.xml
auto.tcl: Setting watchdog for 200 seconds at Sun Dec 01 06:22:55 UTC 2019
4 ms. Memory: 48128K Free: 30515K (63%)
ptolemy.util.test.WatchDog.cancel(): canceling Sun Dec 01 06:22:55 UTC 2019
auto.tcl: Setting watchdog for 200 seconds at Sun Dec 01 06:22:55 UTC 2019
2 ms. Memory: 48128K Free: 29565K (61%)
ptolemy.util.test.WatchDog.cancel(): canceling Sun Dec 01 06:22:55 UTC 2019
------------------ testing $PTII/ptolemy/domains/de/test/auto/SmartSender.xml
auto.tcl: Setting watchdog for 200 seconds at Sun Dec 01 06:22:55 UTC 2019
3002 ms. Memory: 48128K Free: 30537K (63%)
ptolemy.util.test.WatchDog.cancel(): canceling Sun Dec 01 06:22:58 UTC 2019
auto.tcl: Setting watchdog for 200 seconds at Sun Dec 01 06:22:58 UTC 2019
3002 ms. Memory: 48128K Free: 30018K (62%)
ptolemy.util.test.WatchDog.cancel(): canceling Sun Dec 01 06:23:01 UTC 2019
------------------ testing $PTII/ptolemy/domains/de/test/auto/ThreadedComposite.xml
auto.tcl: Setting watchdog for 200 seconds at Sun Dec 01 06:23:01 UTC 2019
648 ms. Memory: 48128K Free: 13088K (27%)
ptolemy.util.test.WatchDog.cancel(): canceling Sun Dec 01 06:23:02 UTC 2019
auto.tcl: Setting watchdog for 200 seconds at Sun Dec 01 06:23:02 UTC 2019
164 ms. Memory: 48128K Free: 22979K (48%)
ptolemy.util.test.WatchDog.cancel(): canceling Sun Dec 01 06:23:02 UTC 2019
------------------ testing $PTII/ptolemy/domains/de/test/auto/Time.xml
auto.tcl: Setting watchdog for 200 seconds at Sun Dec 01 06:23:02 UTC 2019
598 ms. Memory: 48128K Free: 29666K (62%)
ptolemy.util.test.WatchDog.cancel(): canceling Sun Dec 01 06:23:03 UTC 2019
auto.tcl: Setting watchdog for 200 seconds at Sun Dec 01 06:23:03 UTC 2019
593 ms. Memory: 48128K Free: 29075K (60%)
ptolemy.util.test.WatchDog.cancel(): canceling Sun Dec 01 06:23:03 UTC 2019
------------------ testing $PTII/ptolemy/domains/de/test/auto/TimeDelayZeroDelay.xml
auto.tcl: Setting watchdog for 200 seconds at Sun Dec 01 06:23:04 UTC 2019
3 ms. Memory: 48128K Free: 30935K (64%)
ptolemy.util.test.WatchDog.cancel(): canceling Sun Dec 01 06:23:04 UTC 2019
auto.tcl: Setting watchdog for 200 seconds at Sun Dec 01 06:23:04 UTC 2019
2 ms. Memory: 48128K Free: 30055K (62%)
ptolemy.util.test.WatchDog.cancel(): canceling Sun Dec 01 06:23:04 UTC 2019
------------------ testing $PTII/ptolemy/domains/de/test/auto/TimerZeroDelay.xml
auto.tcl: Setting watchdog for 200 seconds at Sun Dec 01 06:23:04 UTC 2019
3 ms. Memory: 48128K Free: 30978K (64%)
ptolemy.util.test.WatchDog.cancel(): canceling Sun Dec 01 06:23:04 UTC 2019
auto.tcl: Setting watchdog for 200 seconds at Sun Dec 01 06:23:04 UTC 2019
3 ms. Memory: 48128K Free: 30482K (63%)
ptolemy.util.test.WatchDog.cancel(): canceling Sun Dec 01 06:23:04 UTC 2019
------------------ testing $PTII/ptolemy/domains/de/test/auto/TimingParadox.xml
auto.tcl: Setting watchdog for 200 seconds at Sun Dec 01 06:23:04 UTC 2019
398 ms. Memory: 48128K Free: 14173K (29%)
ptolemy.util.test.WatchDog.cancel(): canceling Sun Dec 01 06:23:04 UTC 2019
auto.tcl: Setting watchdog for 200 seconds at Sun Dec 01 06:23:04 UTC 2019
346 ms. Memory: 58368K Free: 36602K (63%)
ptolemy.util.test.WatchDog.cancel(): canceling Sun Dec 01 06:23:05 UTC 2019
------------------ testing $PTII/ptolemy/domains/de/test/auto/TransferInputs.xml
auto.tcl: Setting watchdog for 200 seconds at Sun Dec 01 06:23:05 UTC 2019
3 ms. Memory: 51200K Free: 32021K (63%)
ptolemy.util.test.WatchDog.cancel(): canceling Sun Dec 01 06:23:05 UTC 2019
auto.tcl: Setting watchdog for 200 seconds at Sun Dec 01 06:23:05 UTC 2019
2 ms. Memory: 51200K Free: 31148K (61%)
ptolemy.util.test.WatchDog.cancel(): canceling Sun Dec 01 06:23:05 UTC 2019
------------------ testing $PTII/ptolemy/domains/de/test/auto/TransferOutputs2.xml
auto.tcl: Setting watchdog for 200 seconds at Sun Dec 01 06:23:05 UTC 2019
3 ms. Memory: 48128K Free: 26392K (55%)
ptolemy.util.test.WatchDog.cancel(): canceling Sun Dec 01 06:23:05 UTC 2019
auto.tcl: Setting watchdog for 200 seconds at Sun Dec 01 06:23:05 UTC 2019
3 ms. Memory: 48128K Free: 25017K (52%)
ptolemy.util.test.WatchDog.cancel(): canceling Sun Dec 01 06:23:05 UTC 2019
------------------ testing $PTII/ptolemy/domains/de/test/auto/Trilateration.xml
auto.tcl: Setting watchdog for 200 seconds at Sun Dec 01 06:23:05 UTC 2019
16687 ms. Memory: 428032K Free: 313751K (73%)
ptolemy.util.test.WatchDog.cancel(): canceling Sun Dec 01 06:23:23 UTC 2019
auto.tcl: Setting watchdog for 200 seconds at Sun Dec 01 06:23:23 UTC 2019
12691 ms. Memory: 428032K Free: 220981K (52%)
ptolemy.util.test.WatchDog.cancel(): canceling Sun Dec 01 06:23:36 UTC 2019
------------------ testing $PTII/ptolemy/domains/de/test/auto/TwoSigmaDelta.xml
auto.tcl: Setting watchdog for 200 seconds at Sun Dec 01 06:23:36 UTC 2019
3169 ms. Memory: 89088K Free: 61931K (70%)
ptolemy.util.test.WatchDog.cancel(): canceling Sun Dec 01 06:23:39 UTC 2019
auto.tcl: Setting watchdog for 200 seconds at Sun Dec 01 06:23:39 UTC 2019
2319 ms. Memory: 89088K Free: 55772K (63%)
ptolemy.util.test.WatchDog.cancel(): canceling Sun Dec 01 06:23:41 UTC 2019
------------------ testing $PTII/ptolemy/domains/de/test/auto/VariableDelay.xml
auto.tcl: Setting watchdog for 200 seconds at Sun Dec 01 06:23:41 UTC 2019
3 ms. Memory: 51200K Free: 32519K (64%)
ptolemy.util.test.WatchDog.cancel(): canceling Sun Dec 01 06:23:42 UTC 2019
auto.tcl: Setting watchdog for 200 seconds at Sun Dec 01 06:23:42 UTC 2019
1 ms. Memory: 51200K Free: 31479K (61%)
ptolemy.util.test.WatchDog.cancel(): canceling Sun Dec 01 06:23:42 UTC 2019
------------------ testing $PTII/ptolemy/domains/de/test/auto/VariableDelay2.xml
auto.tcl: Setting watchdog for 200 seconds at Sun Dec 01 06:23:42 UTC 2019
10 ms. Memory: 51200K Free: 32926K (64%)
ptolemy.util.test.WatchDog.cancel(): canceling Sun Dec 01 06:23:42 UTC 2019
auto.tcl: Setting watchdog for 200 seconds at Sun Dec 01 06:23:42 UTC 2019
2 ms. Memory: 51200K Free: 32422K (63%)
ptolemy.util.test.WatchDog.cancel(): canceling Sun Dec 01 06:23:42 UTC 2019
------------------ testing $PTII/ptolemy/domains/de/test/auto/VariableDelayZeroDelay.xml
auto.tcl: Setting watchdog for 200 seconds at Sun Dec 01 06:23:42 UTC 2019
3 ms. Memory: 51200K Free: 33445K (65%)
ptolemy.util.test.WatchDog.cancel(): canceling Sun Dec 01 06:23:42 UTC 2019
auto.tcl: Setting watchdog for 200 seconds at Sun Dec 01 06:23:42 UTC 2019
3 ms. Memory: 51200K Free: 32931K (64%)
ptolemy.util.test.WatchDog.cancel(): canceling Sun Dec 01 06:23:42 UTC 2019
------------------ testing $PTII/ptolemy/domains/de/test/auto/VariableDelayZeroDelay2.xml
auto.tcl: Setting watchdog for 200 seconds at Sun Dec 01 06:23:42 UTC 2019
4 ms. Memory: 48128K Free: 30372K (63%)
ptolemy.util.test.WatchDog.cancel(): canceling Sun Dec 01 06:23:42 UTC 2019
auto.tcl: Setting watchdog for 200 seconds at Sun Dec 01 06:23:42 UTC 2019
4 ms. Memory: 48128K Free: 29348K (61%)
ptolemy.util.test.WatchDog.cancel(): canceling Sun Dec 01 06:23:42 UTC 2019
------------------ testing $PTII/ptolemy/domains/de/test/auto/deInCt.xml
auto.tcl: Setting watchdog for 200 seconds at Sun Dec 01 06:23:42 UTC 2019
0
1
1
1
0
0
0
0
1
1
1
1
0
0
0
0
0
1
1
1
1
1
1
0
0
0
1
1
1
1
12 ms. Memory: 48128K Free: 29346K (61%)
ptolemy.util.test.WatchDog.cancel(): canceling Sun Dec 01 06:23:42 UTC 2019
auto.tcl: Setting watchdog for 200 seconds at Sun Dec 01 06:23:42 UTC 2019
0
1
1
1
1
0
0
0
1
1
0
0
0
1
1
1
0
0
0
1
1
1
1
0
0
0
1
1
1
0
0
0
1
1
1
1
1
0
0
0
1
1
1
11 ms. Memory: 48128K Free: 27809K (58%)
ptolemy.util.test.WatchDog.cancel(): canceling Sun Dec 01 06:23:42 UTC 2019
------------------ testing $PTII/ptolemy/domains/de/test/auto/deInCt2.xml
auto.tcl: Setting watchdog for 200 seconds at Sun Dec 01 06:23:42 UTC 2019
0
1
1
1
0
0
1
1
1
0
0
1
1
1
0
0
1
1
1
0
0
1
1
1
0
0
1
1
1
0
0
1
1
1
0
0
1
1
1
0
0
0
15 ms. Memory: 48128K Free: 29348K (61%)
ptolemy.util.test.WatchDog.cancel(): canceling Sun Dec 01 06:23:42 UTC 2019
auto.tcl: Setting watchdog for 200 seconds at Sun Dec 01 06:23:42 UTC 2019
0
1
1
1
0
0
1
1
1
0
0
1
1
1
0
0
1
1
1
0
0
1
1
1
0
0
1
1
1
0
0
1
1
1
0
0
1
1
1
0
0
0
13 ms. Memory: 48128K Free: 27811K (58%)
ptolemy.util.test.WatchDog.cancel(): canceling Sun Dec 01 06:23:42 UTC 2019
------------------ testing $PTII/ptolemy/domains/de/test/auto/dynamicCausalityInterface1.xml
auto.tcl: Setting watchdog for 200 seconds at Sun Dec 01 06:23:42 UTC 2019
2 ms. Memory: 48128K Free: 25280K (53%)
ptolemy.util.test.WatchDog.cancel(): canceling Sun Dec 01 06:23:42 UTC 2019
auto.tcl: Setting watchdog for 200 seconds at Sun Dec 01 06:23:42 UTC 2019
1 ms. Memory: 48128K Free: 24782K (51%)
ptolemy.util.test.WatchDog.cancel(): canceling Sun Dec 01 06:23:42 UTC 2019
------------------ testing $PTII/ptolemy/domains/de/test/auto/fsm_de_test.xml
auto.tcl: Setting watchdog for 200 seconds at Sun Dec 01 06:23:42 UTC 2019
14 ms. Memory: 48128K Free: 25179K (52%)
ptolemy.util.test.WatchDog.cancel(): canceling Sun Dec 01 06:23:42 UTC 2019
auto.tcl: Setting watchdog for 200 seconds at Sun Dec 01 06:23:42 UTC 2019
10 ms. Memory: 48128K Free: 23136K (48%)
ptolemy.util.test.WatchDog.cancel(): canceling Sun Dec 01 06:23:42 UTC 2019
------------------ testing $PTII/ptolemy/domains/de/test/auto/functionDependencyReconstruction.xml
auto.tcl: Setting watchdog for 200 seconds at Sun Dec 01 06:23:42 UTC 2019
10 ms. Memory: 48128K Free: 19120K (40%)
ptolemy.util.test.WatchDog.cancel(): canceling Sun Dec 01 06:23:42 UTC 2019
auto.tcl: Setting watchdog for 200 seconds at Sun Dec 01 06:23:42 UTC 2019
4 ms. Memory: 48128K Free: 17456K (36%)
ptolemy.util.test.WatchDog.cancel(): canceling Sun Dec 01 06:23:42 UTC 2019
------------------ testing $PTII/ptolemy/domains/de/test/auto/multirate.xml
auto.tcl: Setting watchdog for 200 seconds at Sun Dec 01 06:23:42 UTC 2019
4 ms. Memory: 48128K Free: 27823K (58%)
ptolemy.util.test.WatchDog.cancel(): canceling Sun Dec 01 06:23:42 UTC 2019
auto.tcl: Setting watchdog for 200 seconds at Sun Dec 01 06:23:42 UTC 2019
4 ms. Memory: 48128K Free: 26121K (54%)
ptolemy.util.test.WatchDog.cancel(): canceling Sun Dec 01 06:23:42 UTC 2019
------------------ testing $PTII/ptolemy/domains/de/test/auto/multirate2.xml
auto.tcl: Setting watchdog for 200 seconds at Sun Dec 01 06:23:43 UTC 2019
3 ms. Memory: 48128K Free: 28020K (58%)
ptolemy.util.test.WatchDog.cancel(): canceling Sun Dec 01 06:23:43 UTC 2019
auto.tcl: Setting watchdog for 200 seconds at Sun Dec 01 06:23:43 UTC 2019
4 ms. Memory: 48128K Free: 26288K (55%)
ptolemy.util.test.WatchDog.cancel(): canceling Sun Dec 01 06:23:43 UTC 2019
------------------ testing $PTII/ptolemy/domains/de/test/auto/realtime.xml
auto.tcl: Setting watchdog for 200 seconds at Sun Dec 01 06:23:43 UTC 2019
10002 ms. Memory: 48128K Free: 30081K (63%)
ptolemy.util.test.WatchDog.cancel(): canceling Sun Dec 01 06:23:53 UTC 2019
auto.tcl: Setting watchdog for 200 seconds at Sun Dec 01 06:23:53 UTC 2019
10002 ms. Memory: 48128K Free: 29325K (61%)
ptolemy.util.test.WatchDog.cancel(): canceling Sun Dec 01 06:24:03 UTC 2019
------------------ testing $PTII/ptolemy/domains/de/test/auto/relationGroup.xml
auto.tcl: Setting watchdog for 200 seconds at Sun Dec 01 06:24:03 UTC 2019
3 ms. Memory: 48128K Free: 31130K (65%)
ptolemy.util.test.WatchDog.cancel(): canceling Sun Dec 01 06:24:03 UTC 2019
auto.tcl: Setting watchdog for 200 seconds at Sun Dec 01 06:24:03 UTC 2019
1 ms. Memory: 48128K Free: 30635K (64%)
ptolemy.util.test.WatchDog.cancel(): canceling Sun Dec 01 06:24:03 UTC 2019
------------------ testing $PTII/ptolemy/domains/de/test/auto/relationGroup2.xml
auto.tcl: Setting watchdog for 200 seconds at Sun Dec 01 06:24:03 UTC 2019
2 ms. Memory: 48128K Free: 31126K (65%)
ptolemy.util.test.WatchDog.cancel(): canceling Sun Dec 01 06:24:03 UTC 2019
auto.tcl: Setting watchdog for 200 seconds at Sun Dec 01 06:24:03 UTC 2019
1 ms. Memory: 48128K Free: 30639K (64%)
ptolemy.util.test.WatchDog.cancel(): canceling Sun Dec 01 06:24:03 UTC 2019
------------------ testing $PTII/ptolemy/domains/de/test/auto/sortWithOpaquePorts.xml
auto.tcl: Setting watchdog for 200 seconds at Sun Dec 01 06:24:03 UTC 2019
2 ms. Memory: 48128K Free: 30401K (63%)
ptolemy.util.test.WatchDog.cancel(): canceling Sun Dec 01 06:24:03 UTC 2019
auto.tcl: Setting watchdog for 200 seconds at Sun Dec 01 06:24:03 UTC 2019
3 ms. Memory: 48128K Free: 28887K (60%)
ptolemy.util.test.WatchDog.cancel(): canceling Sun Dec 01 06:24:03 UTC 2019
------------------ testing $PTII/ptolemy/domains/de/test/auto/transferInputsandOutputs.xml
auto.tcl: Setting watchdog for 200 seconds at Sun Dec 01 06:24:03 UTC 2019
6 ms. Memory: 48128K Free: 27316K (57%)
ptolemy.util.test.WatchDog.cancel(): canceling Sun Dec 01 06:24:03 UTC 2019
auto.tcl: Setting watchdog for 200 seconds at Sun Dec 01 06:24:03 UTC 2019
3 ms. Memory: 48128K Free: 26310K (55%)
ptolemy.util.test.WatchDog.cancel(): canceling Sun Dec 01 06:24:03 UTC 2019
------------------ testing $PTII/ptolemy/domains/de/test/auto/triggerType.xml
auto.tcl: Setting watchdog for 200 seconds at Sun Dec 01 06:24:03 UTC 2019
1 ms. Memory: 48128K Free: 30341K (63%)
ptolemy.util.test.WatchDog.cancel(): canceling Sun Dec 01 06:24:03 UTC 2019
auto.tcl: Setting watchdog for 200 seconds at Sun Dec 01 06:24:03 UTC 2019
2 ms. Memory: 48128K Free: 29321K (61%)
ptolemy.util.test.WatchDog.cancel(): canceling Sun Dec 01 06:24:03 UTC 2019
12/01/19 06:24:03
Failed: 0  Total Tests: 192  ((Passed: 187, Newly Passed: 1)  Known Failed: 5) /home/travis/build/icyphy/ptII/ptolemy/domains/de/test
12/01/19 06:24:03
Failed: 0  Total Tests: 192  ((Passed: 187, Newly Passed: 1)  Known Failed: 5) /home/travis/build/icyphy/ptII/ptolemy/domains/de/test
----------------- testing (KnownFailure) /home/travis/build/icyphy/ptII/ptolemy/domains/de/test/auto/knownFailedTests/DESDFClockTest.xml
2013 ms. Memory: 48128K Free: 23736K (49%)
Known Failure: java.lang.reflect.InvocationTargetException
----------------- testing (KnownFailure) /home/travis/build/icyphy/ptII/ptolemy/domains/de/test/auto/knownFailedTests/DirectFeedback.xml
6 ms. Memory: 48128K Free: 20154K (42%)
Known Failure: java.lang.reflect.InvocationTargetException
----------------- testing (KnownFailure) /home/travis/build/icyphy/ptII/ptolemy/domains/de/test/auto/knownFailedTests/FSMSource.xml
22 ms. Memory: 48128K Free: 12986K (27%)
----------------- testing (KnownFailure) /home/travis/build/icyphy/ptII/ptolemy/domains/de/test/auto/knownFailedTests/HierarchicalModel.xml
5 ms. Memory: 48128K Free: 24267K (50%)
Known Failure: java.lang.reflect.InvocationTargetException
----------------- testing (KnownFailure) /home/travis/build/icyphy/ptII/ptolemy/domains/de/test/auto/knownFailedTests/dependencyLoop.xml
3 ms. Memory: 48128K Free: 8859K (18%)
Known Failure: java.lang.reflect.InvocationTargetException
----------------- testing (KnownFailure) /home/travis/build/icyphy/ptII/ptolemy/domains/de/test/auto/knownFailedTests/dependencyLoop2.xml
9 ms. Memory: 48128K Free: 20974K (44%)
Known Failure: java.lang.reflect.InvocationTargetException
No auto/linux-amd64/*.xml tests in /home/travis/build/icyphy/ptII/ptolemy/domains/de/test
AutoTests.java: About to close Vertx.
AutoTests.java: Vertx closed.

===========================================================================================
----------------- testing Sun Dec 01 06:24:05 UTC 2019 /home/travis/build/icyphy/ptII/ptolemy/domains/de/test/auto/ActorDepthCalculation_actorWithoutPorts.xml
----------------- Instantiating /home/travis/build/icyphy/ptII/ptolemy/domains/de/test/auto/ActorDepthCalculation_actorWithoutPorts.xml
3 ms. Memory: 48128K Free: 14381K (30%)
----------------- Invoking toplevel() on ptolemy.moml.MoMLSimpleApplication@564fb8f0
----------------- Done invoking toplevel() on ptolemy.moml.MoMLSimpleApplication@564fb8f0
reloadAllAccessors: .ActorDepthCalculation_actorWithoutPorts

===========================================================================================
----------------- testing Sun Dec 01 06:24:05 UTC 2019 /home/travis/build/icyphy/ptII/ptolemy/domains/de/test/auto/AssemblyLine.xml
----------------- Instantiating /home/travis/build/icyphy/ptII/ptolemy/domains/de/test/auto/AssemblyLine.xml
9 ms. Memory: 48128K Free: 33968K (71%)
----------------- Invoking toplevel() on ptolemy.moml.MoMLSimpleApplication@5ef463e4
----------------- Done invoking toplevel() on ptolemy.moml.MoMLSimpleApplication@5ef463e4
reloadAllAccessors: .AssemblyLine

===========================================================================================
----------------- testing Sun Dec 01 06:24:06 UTC 2019 /home/travis/build/icyphy/ptII/ptolemy/domains/de/test/auto/CQBug1.xml
----------------- Instantiating /home/travis/build/icyphy/ptII/ptolemy/domains/de/test/auto/CQBug1.xml
1 ms. Memory: 48128K Free: 30971K (64%)
----------------- Invoking toplevel() on ptolemy.moml.MoMLSimpleApplication@799fd957
----------------- Done invoking toplevel() on ptolemy.moml.MoMLSimpleApplication@799fd957
reloadAllAccessors: .CQBug1

===========================================================================================
----------------- testing Sun Dec 01 06:24:06 UTC 2019 /home/travis/build/icyphy/ptII/ptolemy/domains/de/test/auto/CancelFireAt.xml
----------------- Instantiating /home/travis/build/icyphy/ptII/ptolemy/domains/de/test/auto/CancelFireAt.xml
9 ms. Memory: 48128K Free: 28327K (59%)
----------------- Invoking toplevel() on ptolemy.moml.MoMLSimpleApplication@29c5f9c5
----------------- Done invoking toplevel() on ptolemy.moml.MoMLSimpleApplication@29c5f9c5
reloadAllAccessors: .CancelFireAt

===========================================================================================
----------------- testing Sun Dec 01 06:24:06 UTC 2019 /home/travis/build/icyphy/ptII/ptolemy/domains/de/test/auto/CausalityAndComposabilityAnalysis.xml
----------------- Instantiating /home/travis/build/icyphy/ptII/ptolemy/domains/de/test/auto/CausalityAndComposabilityAnalysis.xml
3 ms. Memory: 48128K Free: 24255K (50%)
----------------- Invoking toplevel() on ptolemy.moml.MoMLSimpleApplication@3b5197ab
----------------- Done invoking toplevel() on ptolemy.moml.MoMLSimpleApplication@3b5197ab
reloadAllAccessors: .CausalityAndComposabilityAnalysis

===========================================================================================
----------------- testing Sun Dec 01 06:24:06 UTC 2019 /home/travis/build/icyphy/ptII/ptolemy/domains/de/test/auto/CausalityInterface1.xml
----------------- Instantiating /home/travis/build/icyphy/ptII/ptolemy/domains/de/test/auto/CausalityInterface1.xml
8 ms. Memory: 48128K Free: 19360K (40%)
----------------- Invoking toplevel() on ptolemy.moml.MoMLSimpleApplication@5386551e
----------------- Done invoking toplevel() on ptolemy.moml.MoMLSimpleApplication@5386551e
reloadAllAccessors: .CausalityInterface1

===========================================================================================
----------------- testing Sun Dec 01 06:24:06 UTC 2019 /home/travis/build/icyphy/ptII/ptolemy/domains/de/test/auto/CausalityInterface15.xml
----------------- Instantiating /home/travis/build/icyphy/ptII/ptolemy/domains/de/test/auto/CausalityInterface15.xml
3 ms. Memory: 48128K Free: 14045K (29%)
----------------- Invoking toplevel() on ptolemy.moml.MoMLSimpleApplication@106f002b
----------------- Done invoking toplevel() on ptolemy.moml.MoMLSimpleApplication@106f002b
reloadAllAccessors: .CausalityInterface15

===========================================================================================
----------------- testing Sun Dec 01 06:24:06 UTC 2019 /home/travis/build/icyphy/ptII/ptolemy/domains/de/test/auto/CausalityInterface2.xml
----------------- Instantiating /home/travis/build/icyphy/ptII/ptolemy/domains/de/test/auto/CausalityInterface2.xml
2 ms. Memory: 48128K Free: 9489K (20%)
----------------- Invoking toplevel() on ptolemy.moml.MoMLSimpleApplication@6824493
----------------- Done invoking toplevel() on ptolemy.moml.MoMLSimpleApplication@6824493
reloadAllAccessors: .CausalityInterface2

===========================================================================================
----------------- testing Sun Dec 01 06:24:06 UTC 2019 /home/travis/build/icyphy/ptII/ptolemy/domains/de/test/auto/CausalityInterface3.xml
----------------- Instantiating /home/travis/build/icyphy/ptII/ptolemy/domains/de/test/auto/CausalityInterface3.xml
2 ms. Memory: 48128K Free: 31227K (65%)
----------------- Invoking toplevel() on ptolemy.moml.MoMLSimpleApplication@2718db09
----------------- Done invoking toplevel() on ptolemy.moml.MoMLSimpleApplication@2718db09
reloadAllAccessors: .CausalityInterface3

===========================================================================================
----------------- testing Sun Dec 01 06:24:06 UTC 2019 /home/travis/build/icyphy/ptII/ptolemy/domains/de/test/auto/ClockDrift.xml
----------------- Instantiating /home/travis/build/icyphy/ptII/ptolemy/domains/de/test/auto/ClockDrift.xml
18 ms. Memory: 48128K Free: 19276K (40%)
----------------- Invoking toplevel() on ptolemy.moml.MoMLSimpleApplication@4f73c93b
----------------- Done invoking toplevel() on ptolemy.moml.MoMLSimpleApplication@4f73c93b
reloadAllAccessors: .ClockDrift

===========================================================================================
----------------- testing Sun Dec 01 06:24:06 UTC 2019 /home/travis/build/icyphy/ptII/ptolemy/domains/de/test/auto/ClockDriftAndValueChange.xml
----------------- Instantiating /home/travis/build/icyphy/ptII/ptolemy/domains/de/test/auto/ClockDriftAndValueChange.xml
12 ms. Memory: 48128K Free: 7834K (16%)
----------------- Invoking toplevel() on ptolemy.moml.MoMLSimpleApplication@43c6077f
----------------- Done invoking toplevel() on ptolemy.moml.MoMLSimpleApplication@43c6077f
reloadAllAccessors: .ClockDriftAndValueChange

===========================================================================================
----------------- testing Sun Dec 01 06:24:06 UTC 2019 /home/travis/build/icyphy/ptII/ptolemy/domains/de/test/auto/ClockDriftChange.xml
----------------- Instantiating /home/travis/build/icyphy/ptII/ptolemy/domains/de/test/auto/ClockDriftChange.xml
10 ms. Memory: 48128K Free: 24860K (52%)
----------------- Invoking toplevel() on ptolemy.moml.MoMLSimpleApplication@726a2968
----------------- Done invoking toplevel() on ptolemy.moml.MoMLSimpleApplication@726a2968
reloadAllAccessors: .ClockDriftChange

===========================================================================================
----------------- testing Sun Dec 01 06:24:06 UTC 2019 /home/travis/build/icyphy/ptII/ptolemy/domains/de/test/auto/ComposableCausalityAnalysis.xml
----------------- Instantiating /home/travis/build/icyphy/ptII/ptolemy/domains/de/test/auto/ComposableCausalityAnalysis.xml
1 ms. Memory: 48128K Free: 19119K (40%)
----------------- Invoking toplevel() on ptolemy.moml.MoMLSimpleApplication@3617947c
----------------- Done invoking toplevel() on ptolemy.moml.MoMLSimpleApplication@3617947c
reloadAllAccessors: .ComposableCausalityAnalysis

===========================================================================================
----------------- testing Sun Dec 01 06:24:06 UTC 2019 /home/travis/build/icyphy/ptII/ptolemy/domains/de/test/auto/DEFixedPointLimitation.xml
----------------- Instantiating /home/travis/build/icyphy/ptII/ptolemy/domains/de/test/auto/DEFixedPointLimitation.xml
1 ms. Memory: 48128K Free: 14574K (30%)
----------------- Invoking toplevel() on ptolemy.moml.MoMLSimpleApplication@6a80147b
----------------- Done invoking toplevel() on ptolemy.moml.MoMLSimpleApplication@6a80147b
reloadAllAccessors: .DEFixedPointLimitation

===========================================================================================
----------------- testing Sun Dec 01 06:24:06 UTC 2019 /home/travis/build/icyphy/ptII/ptolemy/domains/de/test/auto/DEScheduleTest.xml
----------------- Instantiating /home/travis/build/icyphy/ptII/ptolemy/domains/de/test/auto/DEScheduleTest.xml
3 ms. Memory: 48128K Free: 10235K (21%)
----------------- Invoking toplevel() on ptolemy.moml.MoMLSimpleApplication@2c65bf35
----------------- Done invoking toplevel() on ptolemy.moml.MoMLSimpleApplication@2c65bf35
reloadAllAccessors: .DEScheduleTest

===========================================================================================
----------------- testing Sun Dec 01 06:24:06 UTC 2019 /home/travis/build/icyphy/ptII/ptolemy/domains/de/test/auto/DEinDEwithStartTimes.xml
----------------- Instantiating /home/travis/build/icyphy/ptII/ptolemy/domains/de/test/auto/DEinDEwithStartTimes.xml
2 ms. Memory: 48128K Free: 30906K (64%)
----------------- Invoking toplevel() on ptolemy.moml.MoMLSimpleApplication@df960d1
----------------- Done invoking toplevel() on ptolemy.moml.MoMLSimpleApplication@df960d1
reloadAllAccessors: .DEinDEwithStartTimes

===========================================================================================
----------------- testing Sun Dec 01 06:24:06 UTC 2019 /home/travis/build/icyphy/ptII/ptolemy/domains/de/test/auto/DEinDEwithStartTimes2.xml
----------------- Instantiating /home/travis/build/icyphy/ptII/ptolemy/domains/de/test/auto/DEinDEwithStartTimes2.xml
2 ms. Memory: 48128K Free: 24205K (50%)
----------------- Invoking toplevel() on ptolemy.moml.MoMLSimpleApplication@1216042a
----------------- Done invoking toplevel() on ptolemy.moml.MoMLSimpleApplication@1216042a
reloadAllAccessors: .DEinDEwithStartTimes2

===========================================================================================
----------------- testing Sun Dec 01 06:24:06 UTC 2019 /home/travis/build/icyphy/ptII/ptolemy/domains/de/test/auto/DateDemo.xml
----------------- Instantiating /home/travis/build/icyphy/ptII/ptolemy/domains/de/test/auto/DateDemo.xml
6 ms. Memory: 48128K Free: 13199K (27%)
----------------- Invoking toplevel() on ptolemy.moml.MoMLSimpleApplication@4400834
----------------- Done invoking toplevel() on ptolemy.moml.MoMLSimpleApplication@4400834
reloadAllAccessors: .DateDemo

===========================================================================================
----------------- testing Sun Dec 01 06:24:06 UTC 2019 /home/travis/build/icyphy/ptII/ptolemy/domains/de/test/auto/DateToEvent.xml
----------------- Instantiating /home/travis/build/icyphy/ptII/ptolemy/domains/de/test/auto/DateToEvent.xml
2005 ms. Memory: 48128K Free: 23712K (49%)
----------------- Invoking toplevel() on ptolemy.moml.MoMLSimpleApplication@7a35d4fd
----------------- Done invoking toplevel() on ptolemy.moml.MoMLSimpleApplication@7a35d4fd
reloadAllAccessors: .DateToEvent

===========================================================================================
----------------- testing Sun Dec 01 06:24:08 UTC 2019 /home/travis/build/icyphy/ptII/ptolemy/domains/de/test/auto/DepthTest1.xml
----------------- Instantiating /home/travis/build/icyphy/ptII/ptolemy/domains/de/test/auto/DepthTest1.xml
1 ms. Memory: 48128K Free: 20878K (43%)
----------------- Invoking toplevel() on ptolemy.moml.MoMLSimpleApplication@4169b82c
----------------- Done invoking toplevel() on ptolemy.moml.MoMLSimpleApplication@4169b82c
reloadAllAccessors: .DepthTest1

===========================================================================================
----------------- testing Sun Dec 01 06:24:08 UTC 2019 /home/travis/build/icyphy/ptII/ptolemy/domains/de/test/auto/DepthTest2.xml
----------------- Instantiating /home/travis/build/icyphy/ptII/ptolemy/domains/de/test/auto/DepthTest2.xml
3 ms. Memory: 48128K Free: 14462K (30%)
----------------- Invoking toplevel() on ptolemy.moml.MoMLSimpleApplication@6ddb9c12
----------------- Done invoking toplevel() on ptolemy.moml.MoMLSimpleApplication@6ddb9c12
reloadAllAccessors: .DepthTest2

===========================================================================================
----------------- testing Sun Dec 01 06:24:08 UTC 2019 /home/travis/build/icyphy/ptII/ptolemy/domains/de/test/auto/DepthTest3.xml
----------------- Instantiating /home/travis/build/icyphy/ptII/ptolemy/domains/de/test/auto/DepthTest3.xml
1 ms. Memory: 48128K Free: 11352K (24%)
----------------- Invoking toplevel() on ptolemy.moml.MoMLSimpleApplication@ff0d39b
----------------- Done invoking toplevel() on ptolemy.moml.MoMLSimpleApplication@ff0d39b
reloadAllAccessors: .DepthTest3

===========================================================================================
----------------- testing Sun Dec 01 06:24:08 UTC 2019 /home/travis/build/icyphy/ptII/ptolemy/domains/de/test/auto/DepthTest4.xml
----------------- Instantiating /home/travis/build/icyphy/ptII/ptolemy/domains/de/test/auto/DepthTest4.xml
2 ms. Memory: 48128K Free: 32499K (68%)
----------------- Invoking toplevel() on ptolemy.moml.MoMLSimpleApplication@114cdc22
----------------- Done invoking toplevel() on ptolemy.moml.MoMLSimpleApplication@114cdc22
reloadAllAccessors: .DepthTest4

===========================================================================================
----------------- testing Sun Dec 01 06:24:08 UTC 2019 /home/travis/build/icyphy/ptII/ptolemy/domains/de/test/auto/DepthTest5.xml
----------------- Instantiating /home/travis/build/icyphy/ptII/ptolemy/domains/de/test/auto/DepthTest5.xml
3 ms. Memory: 48128K Free: 27233K (57%)
----------------- Invoking toplevel() on ptolemy.moml.MoMLSimpleApplication@79d597ac
----------------- Done invoking toplevel() on ptolemy.moml.MoMLSimpleApplication@79d597ac
reloadAllAccessors: .DepthTest5

===========================================================================================
----------------- testing Sun Dec 01 06:24:08 UTC 2019 /home/travis/build/icyphy/ptII/ptolemy/domains/de/test/auto/DepthTest6.xml
----------------- Instantiating /home/travis/build/icyphy/ptII/ptolemy/domains/de/test/auto/DepthTest6.xml
2 ms. Memory: 48128K Free: 21972K (46%)
----------------- Invoking toplevel() on ptolemy.moml.MoMLSimpleApplication@fbb0e43
----------------- Done invoking toplevel() on ptolemy.moml.MoMLSimpleApplication@fbb0e43
reloadAllAccessors: .DepthTest6

===========================================================================================
----------------- testing Sun Dec 01 06:24:08 UTC 2019 /home/travis/build/icyphy/ptII/ptolemy/domains/de/test/auto/DepthTest7.xml
----------------- Instantiating /home/travis/build/icyphy/ptII/ptolemy/domains/de/test/auto/DepthTest7.xml
2 ms. Memory: 48128K Free: 17163K (36%)
----------------- Invoking toplevel() on ptolemy.moml.MoMLSimpleApplication@2b425828
----------------- Done invoking toplevel() on ptolemy.moml.MoMLSimpleApplication@2b425828
reloadAllAccessors: .DepthTest7

===========================================================================================
----------------- testing Sun Dec 01 06:24:08 UTC 2019 /home/travis/build/icyphy/ptII/ptolemy/domains/de/test/auto/EventToDate.xml
----------------- Instantiating /home/travis/build/icyphy/ptII/ptolemy/domains/de/test/auto/EventToDate.xml
3005 ms. Memory: 48128K Free: 29290K (61%)
----------------- Invoking toplevel() on ptolemy.moml.MoMLSimpleApplication@306ddbca
----------------- Done invoking toplevel() on ptolemy.moml.MoMLSimpleApplication@306ddbca
reloadAllAccessors: .EventToDate

===========================================================================================
----------------- testing Sun Dec 01 06:24:11 UTC 2019 /home/travis/build/icyphy/ptII/ptolemy/domains/de/test/auto/FSM1.xml
----------------- Instantiating /home/travis/build/icyphy/ptII/ptolemy/domains/de/test/auto/FSM1.xml
33 ms. Memory: 48128K Free: 17484K (36%)
----------------- Invoking toplevel() on ptolemy.moml.MoMLSimpleApplication@2f1637a5
----------------- Done invoking toplevel() on ptolemy.moml.MoMLSimpleApplication@2f1637a5
reloadAllAccessors: .FSM1

===========================================================================================
----------------- testing Sun Dec 01 06:24:11 UTC 2019 /home/travis/build/icyphy/ptII/ptolemy/domains/de/test/auto/FSM7.xml
----------------- Instantiating /home/travis/build/icyphy/ptII/ptolemy/domains/de/test/auto/FSM7.xml
21 ms. Memory: 48128K Free: 31210K (65%)
----------------- Invoking toplevel() on ptolemy.moml.MoMLSimpleApplication@7fbdc61e
----------------- Done invoking toplevel() on ptolemy.moml.MoMLSimpleApplication@7fbdc61e
reloadAllAccessors: .FSM7

===========================================================================================
----------------- testing Sun Dec 01 06:24:11 UTC 2019 /home/travis/build/icyphy/ptII/ptolemy/domains/de/test/auto/Inspection.xml
----------------- Instantiating /home/travis/build/icyphy/ptII/ptolemy/domains/de/test/auto/Inspection.xml
16 ms. Memory: 48128K Free: 18934K (39%)
----------------- Invoking toplevel() on ptolemy.moml.MoMLSimpleApplication@3ccade0a
----------------- Done invoking toplevel() on ptolemy.moml.MoMLSimpleApplication@3ccade0a
reloadAllAccessors: .Inspection

===========================================================================================
----------------- testing Sun Dec 01 06:24:11 UTC 2019 /home/travis/build/icyphy/ptII/ptolemy/domains/de/test/auto/Iteration.xml
----------------- Instantiating /home/travis/build/icyphy/ptII/ptolemy/domains/de/test/auto/Iteration.xml
14 ms. Memory: 48128K Free: 12092K (25%)
----------------- Invoking toplevel() on ptolemy.moml.MoMLSimpleApplication@43eec5da
----------------- Done invoking toplevel() on ptolemy.moml.MoMLSimpleApplication@43eec5da
reloadAllAccessors: .Iteration

===========================================================================================
----------------- testing Sun Dec 01 06:24:11 UTC 2019 /home/travis/build/icyphy/ptII/ptolemy/domains/de/test/auto/LineFault.xml
----------------- Instantiating /home/travis/build/icyphy/ptII/ptolemy/domains/de/test/auto/LineFault.xml
545 ms. Memory: 48128K Free: 22288K (46%)
----------------- Invoking toplevel() on ptolemy.moml.MoMLSimpleApplication@3675309d
----------------- Done invoking toplevel() on ptolemy.moml.MoMLSimpleApplication@3675309d
reloadAllAccessors: .LineFault

===========================================================================================
----------------- testing Sun Dec 01 06:24:12 UTC 2019 /home/travis/build/icyphy/ptII/ptolemy/domains/de/test/auto/MergeModel1Add.xml
----------------- Instantiating /home/travis/build/icyphy/ptII/ptolemy/domains/de/test/auto/MergeModel1Add.xml
14 ms. Memory: 58368K Free: 35777K (61%)
----------------- Invoking toplevel() on ptolemy.moml.MoMLSimpleApplication@4de7c91b
----------------- Done invoking toplevel() on ptolemy.moml.MoMLSimpleApplication@4de7c91b
reloadAllAccessors: .MergeModel1Add

===========================================================================================
----------------- testing Sun Dec 01 06:24:12 UTC 2019 /home/travis/build/icyphy/ptII/ptolemy/domains/de/test/auto/MergeModel2Add.xml
----------------- Instantiating /home/travis/build/icyphy/ptII/ptolemy/domains/de/test/auto/MergeModel2Add.xml
6 ms. Memory: 58368K Free: 17781K (30%)
----------------- Invoking toplevel() on ptolemy.moml.MoMLSimpleApplication@7bef430d
----------------- Done invoking toplevel() on ptolemy.moml.MoMLSimpleApplication@7bef430d
reloadAllAccessors: .MergeModel2Add

===========================================================================================
----------------- testing Sun Dec 01 06:24:12 UTC 2019 /home/travis/build/icyphy/ptII/ptolemy/domains/de/test/auto/MergeModel3Add.xml
----------------- Instantiating /home/travis/build/icyphy/ptII/ptolemy/domains/de/test/auto/MergeModel3Add.xml
6 ms. Memory: 58368K Free: 26999K (46%)
----------------- Invoking toplevel() on ptolemy.moml.MoMLSimpleApplication@10395b86
----------------- Done invoking toplevel() on ptolemy.moml.MoMLSimpleApplication@10395b86
reloadAllAccessors: .MergeModel3Add

===========================================================================================
----------------- testing Sun Dec 01 06:24:12 UTC 2019 /home/travis/build/icyphy/ptII/ptolemy/domains/de/test/auto/MergeWithoutDiscard.xml
----------------- Instantiating /home/travis/build/icyphy/ptII/ptolemy/domains/de/test/auto/MergeWithoutDiscard.xml
1 ms. Memory: 58368K Free: 22688K (39%)
----------------- Invoking toplevel() on ptolemy.moml.MoMLSimpleApplication@48ca5485
----------------- Done invoking toplevel() on ptolemy.moml.MoMLSimpleApplication@48ca5485
reloadAllAccessors: .MergeWithoutDiscard

===========================================================================================
----------------- testing Sun Dec 01 06:24:12 UTC 2019 /home/travis/build/icyphy/ptII/ptolemy/domains/de/test/auto/Modal1.xml
----------------- Instantiating /home/travis/build/icyphy/ptII/ptolemy/domains/de/test/auto/Modal1.xml
10 ms. Memory: 58368K Free: 37084K (64%)
----------------- Invoking toplevel() on ptolemy.moml.MoMLSimpleApplication@33a63b74
----------------- Done invoking toplevel() on ptolemy.moml.MoMLSimpleApplication@33a63b74
reloadAllAccessors: .Modal1

===========================================================================================
----------------- testing Sun Dec 01 06:24:12 UTC 2019 /home/travis/build/icyphy/ptII/ptolemy/domains/de/test/auto/Modal2.xml
----------------- Instantiating /home/travis/build/icyphy/ptII/ptolemy/domains/de/test/auto/Modal2.xml
12 ms. Memory: 58368K Free: 25078K (43%)
----------------- Invoking toplevel() on ptolemy.moml.MoMLSimpleApplication@6a692fe5
----------------- Done invoking toplevel() on ptolemy.moml.MoMLSimpleApplication@6a692fe5
reloadAllAccessors: .Modal2

===========================================================================================
----------------- testing Sun Dec 01 06:24:12 UTC 2019 /home/travis/build/icyphy/ptII/ptolemy/domains/de/test/auto/Modal3.xml
----------------- Instantiating /home/travis/build/icyphy/ptII/ptolemy/domains/de/test/auto/Modal3.xml
21 ms. Memory: 58368K Free: 39845K (68%)
----------------- Invoking toplevel() on ptolemy.moml.MoMLSimpleApplication@7665199c
----------------- Done invoking toplevel() on ptolemy.moml.MoMLSimpleApplication@7665199c
reloadAllAccessors: .Modal3

===========================================================================================
----------------- testing Sun Dec 01 06:24:12 UTC 2019 /home/travis/build/icyphy/ptII/ptolemy/domains/de/test/auto/Modal4.xml
----------------- Instantiating /home/travis/build/icyphy/ptII/ptolemy/domains/de/test/auto/Modal4.xml
12 ms. Memory: 58368K Free: 26581K (46%)
----------------- Invoking toplevel() on ptolemy.moml.MoMLSimpleApplication@3f97478
----------------- Done invoking toplevel() on ptolemy.moml.MoMLSimpleApplication@3f97478
reloadAllAccessors: .Modal4

===========================================================================================
----------------- testing Sun Dec 01 06:24:12 UTC 2019 /home/travis/build/icyphy/ptII/ptolemy/domains/de/test/auto/Modal5.xml
----------------- Instantiating /home/travis/build/icyphy/ptII/ptolemy/domains/de/test/auto/Modal5.xml
21 ms. Memory: 70656K Free: 53673K (76%)
----------------- Invoking toplevel() on ptolemy.moml.MoMLSimpleApplication@a0d3967
----------------- Done invoking toplevel() on ptolemy.moml.MoMLSimpleApplication@a0d3967
reloadAllAccessors: .Modal5

===========================================================================================
----------------- testing Sun Dec 01 06:24:12 UTC 2019 /home/travis/build/icyphy/ptII/ptolemy/domains/de/test/auto/Modal6.xml
----------------- Instantiating /home/travis/build/icyphy/ptII/ptolemy/domains/de/test/auto/Modal6.xml
13 ms. Memory: 70656K Free: 41373K (59%)
----------------- Invoking toplevel() on ptolemy.moml.MoMLSimpleApplication@7dd6a0b3
----------------- Done invoking toplevel() on ptolemy.moml.MoMLSimpleApplication@7dd6a0b3
reloadAllAccessors: .Modal6

===========================================================================================
----------------- testing Sun Dec 01 06:24:13 UTC 2019 /home/travis/build/icyphy/ptII/ptolemy/domains/de/test/auto/Modal7.xml
----------------- Instantiating /home/travis/build/icyphy/ptII/ptolemy/domains/de/test/auto/Modal7.xml
8 ms. Memory: 70656K Free: 28271K (40%)
----------------- Invoking toplevel() on ptolemy.moml.MoMLSimpleApplication@6dedf0ec
----------------- Done invoking toplevel() on ptolemy.moml.MoMLSimpleApplication@6dedf0ec
reloadAllAccessors: .Modal7

===========================================================================================
----------------- testing Sun Dec 01 06:24:13 UTC 2019 /home/travis/build/icyphy/ptII/ptolemy/domains/de/test/auto/ModalModel.xml
----------------- Instantiating /home/travis/build/icyphy/ptII/ptolemy/domains/de/test/auto/ModalModel.xml
150 ms. Memory: 70656K Free: 27347K (39%)
----------------- Invoking toplevel() on ptolemy.moml.MoMLSimpleApplication@2d502bfc
----------------- Done invoking toplevel() on ptolemy.moml.MoMLSimpleApplication@2d502bfc
reloadAllAccessors: .ModalModel

===========================================================================================
----------------- testing Sun Dec 01 06:24:13 UTC 2019 /home/travis/build/icyphy/ptII/ptolemy/domains/de/test/auto/ModalSource.xml
----------------- Instantiating /home/travis/build/icyphy/ptII/ptolemy/domains/de/test/auto/ModalSource.xml
12 ms. Memory: 70656K Free: 53703K (76%)
----------------- Invoking toplevel() on ptolemy.moml.MoMLSimpleApplication@21909b0d
----------------- Done invoking toplevel() on ptolemy.moml.MoMLSimpleApplication@21909b0d
reloadAllAccessors: .ModalSource

===========================================================================================
----------------- testing Sun Dec 01 06:24:13 UTC 2019 /home/travis/build/icyphy/ptII/ptolemy/domains/de/test/auto/NonInterruptibleTimerZeroDelay.xml
----------------- Instantiating /home/travis/build/icyphy/ptII/ptolemy/domains/de/test/auto/NonInterruptibleTimerZeroDelay.xml
2 ms. Memory: 70656K Free: 49894K (71%)
----------------- Invoking toplevel() on ptolemy.moml.MoMLSimpleApplication@7037a1af
----------------- Done invoking toplevel() on ptolemy.moml.MoMLSimpleApplication@7037a1af
reloadAllAccessors: .NonInterruptibleTimerZeroDelay

===========================================================================================
----------------- testing Sun Dec 01 06:24:13 UTC 2019 /home/travis/build/icyphy/ptII/ptolemy/domains/de/test/auto/OpenQueueingNetwork.xml
----------------- Instantiating /home/travis/build/icyphy/ptII/ptolemy/domains/de/test/auto/OpenQueueingNetwork.xml
2486 ms. Memory: 211968K Free: 142571K (67%)
----------------- Invoking toplevel() on ptolemy.moml.MoMLSimpleApplication@589ee399
----------------- Done invoking toplevel() on ptolemy.moml.MoMLSimpleApplication@589ee399
reloadAllAccessors: .OpenQueueingNetwork

===========================================================================================
----------------- testing Sun Dec 01 06:24:15 UTC 2019 /home/travis/build/icyphy/ptII/ptolemy/domains/de/test/auto/OpenQueuingNetwork.xml
----------------- Instantiating /home/travis/build/icyphy/ptII/ptolemy/domains/de/test/auto/OpenQueuingNetwork.xml
255 ms. Memory: 211968K Free: 175882K (83%)
----------------- Invoking toplevel() on ptolemy.moml.MoMLSimpleApplication@14facec
----------------- Done invoking toplevel() on ptolemy.moml.MoMLSimpleApplication@14facec
reloadAllAccessors: .OpenQueuingNetwork

===========================================================================================
----------------- testing Sun Dec 01 06:24:16 UTC 2019 /home/travis/build/icyphy/ptII/ptolemy/domains/de/test/auto/PeriodicSampler.xml
----------------- Instantiating /home/travis/build/icyphy/ptII/ptolemy/domains/de/test/auto/PeriodicSampler.xml
2 ms. Memory: 211968K Free: 171272K (81%)
----------------- Invoking toplevel() on ptolemy.moml.MoMLSimpleApplication@733ebaaf
----------------- Done invoking toplevel() on ptolemy.moml.MoMLSimpleApplication@733ebaaf
reloadAllAccessors: .PeriodicSampler

===========================================================================================
----------------- testing Sun Dec 01 06:24:16 UTC 2019 /home/travis/build/icyphy/ptII/ptolemy/domains/de/test/auto/PersistentIO.xml
----------------- Instantiating /home/travis/build/icyphy/ptII/ptolemy/domains/de/test/auto/PersistentIO.xml
4 ms. Memory: 211968K Free: 162026K (76%)
----------------- Invoking toplevel() on ptolemy.moml.MoMLSimpleApplication@426c50b3
----------------- Done invoking toplevel() on ptolemy.moml.MoMLSimpleApplication@426c50b3
reloadAllAccessors: .PersistentIO

===========================================================================================
----------------- testing Sun Dec 01 06:24:16 UTC 2019 /home/travis/build/icyphy/ptII/ptolemy/domains/de/test/auto/PortParameterResetOnInitialize.xml
----------------- Instantiating /home/travis/build/icyphy/ptII/ptolemy/domains/de/test/auto/PortParameterResetOnInitialize.xml
2 ms. Memory: 211968K Free: 157450K (74%)
----------------- Invoking toplevel() on ptolemy.moml.MoMLSimpleApplication@2f25e36a
----------------- Done invoking toplevel() on ptolemy.moml.MoMLSimpleApplication@2f25e36a
reloadAllAccessors: .PortParameterResetOnInitialize

===========================================================================================
----------------- testing Sun Dec 01 06:24:16 UTC 2019 /home/travis/build/icyphy/ptII/ptolemy/domains/de/test/auto/PortParameterUpdates.xml
----------------- Instantiating /home/travis/build/icyphy/ptII/ptolemy/domains/de/test/auto/PortParameterUpdates.xml
3 ms. Memory: 211968K Free: 151306K (71%)
----------------- Invoking toplevel() on ptolemy.moml.MoMLSimpleApplication@6dfa9680
----------------- Done invoking toplevel() on ptolemy.moml.MoMLSimpleApplication@6dfa9680
reloadAllAccessors: .PortParameterUpdates

===========================================================================================
----------------- testing Sun Dec 01 06:24:16 UTC 2019 /home/travis/build/icyphy/ptII/ptolemy/domains/de/test/auto/QueueAndServer.xml
----------------- Instantiating /home/travis/build/icyphy/ptII/ptolemy/domains/de/test/auto/QueueAndServer.xml
6 ms. Memory: 211968K Free: 143624K (68%)
----------------- Invoking toplevel() on ptolemy.moml.MoMLSimpleApplication@2641dfec
----------------- Done invoking toplevel() on ptolemy.moml.MoMLSimpleApplication@2641dfec
reloadAllAccessors: .QueueAndServer

===========================================================================================
----------------- testing Sun Dec 01 06:24:16 UTC 2019 /home/travis/build/icyphy/ptII/ptolemy/domains/de/test/auto/Records.xml
----------------- Instantiating /home/travis/build/icyphy/ptII/ptolemy/domains/de/test/auto/Records.xml
5 ms. Memory: 211968K Free: 137994K (65%)
----------------- Invoking toplevel() on ptolemy.moml.MoMLSimpleApplication@1b0b34d8
----------------- Done invoking toplevel() on ptolemy.moml.MoMLSimpleApplication@1b0b34d8
reloadAllAccessors: .Records

===========================================================================================
----------------- testing Sun Dec 01 06:24:16 UTC 2019 /home/travis/build/icyphy/ptII/ptolemy/domains/de/test/auto/ResetTransitionWithStartTime1.xml
----------------- Instantiating /home/travis/build/icyphy/ptII/ptolemy/domains/de/test/auto/ResetTransitionWithStartTime1.xml
10 ms. Memory: 211968K Free: 129802K (61%)
----------------- Invoking toplevel() on ptolemy.moml.MoMLSimpleApplication@6e0a4213
----------------- Done invoking toplevel() on ptolemy.moml.MoMLSimpleApplication@6e0a4213
reloadAllAccessors: .ResetTransitionWithStartTime1

===========================================================================================
----------------- testing Sun Dec 01 06:24:16 UTC 2019 /home/travis/build/icyphy/ptII/ptolemy/domains/de/test/auto/ResetTransitionWithStartTime2.xml
----------------- Instantiating /home/travis/build/icyphy/ptII/ptolemy/domains/de/test/auto/ResetTransitionWithStartTime2.xml
6 ms. Memory: 211968K Free: 121610K (57%)
----------------- Invoking toplevel() on ptolemy.moml.MoMLSimpleApplication@57c5dc33
----------------- Done invoking toplevel() on ptolemy.moml.MoMLSimpleApplication@57c5dc33
reloadAllAccessors: .ResetTransitionWithStartTime2

===========================================================================================
----------------- testing Sun Dec 01 06:24:16 UTC 2019 /home/travis/build/icyphy/ptII/ptolemy/domains/de/test/auto/ResetTransitionWithStartTime3.xml
----------------- Instantiating /home/travis/build/icyphy/ptII/ptolemy/domains/de/test/auto/ResetTransitionWithStartTime3.xml
5 ms. Memory: 211968K Free: 113418K (54%)
----------------- Invoking toplevel() on ptolemy.moml.MoMLSimpleApplication@1f3855f
----------------- Done invoking toplevel() on ptolemy.moml.MoMLSimpleApplication@1f3855f
reloadAllAccessors: .ResetTransitionWithStartTime3

===========================================================================================
----------------- testing Sun Dec 01 06:24:16 UTC 2019 /home/travis/build/icyphy/ptII/ptolemy/domains/de/test/auto/ResetTransitionWithStartTime4.xml
----------------- Instantiating /home/travis/build/icyphy/ptII/ptolemy/domains/de/test/auto/ResetTransitionWithStartTime4.xml
5 ms. Memory: 211968K Free: 105730K (50%)
----------------- Invoking toplevel() on ptolemy.moml.MoMLSimpleApplication@30c6b9f9
----------------- Done invoking toplevel() on ptolemy.moml.MoMLSimpleApplication@30c6b9f9
reloadAllAccessors: .ResetTransitionWithStartTime4

===========================================================================================
----------------- testing Sun Dec 01 06:24:16 UTC 2019 /home/travis/build/icyphy/ptII/ptolemy/domains/de/test/auto/ResettableTimer1.xml
----------------- Instantiating /home/travis/build/icyphy/ptII/ptolemy/domains/de/test/auto/ResettableTimer1.xml
4 ms. Memory: 211968K Free: 101626K (48%)
----------------- Invoking toplevel() on ptolemy.moml.MoMLSimpleApplication@1abcb175
----------------- Done invoking toplevel() on ptolemy.moml.MoMLSimpleApplication@1abcb175
reloadAllAccessors: .ResettableTimer1

===========================================================================================
----------------- testing Sun Dec 01 06:24:16 UTC 2019 /home/travis/build/icyphy/ptII/ptolemy/domains/de/test/auto/ResettableTimer2.xml
----------------- Instantiating /home/travis/build/icyphy/ptII/ptolemy/domains/de/test/auto/ResettableTimer2.xml
3 ms. Memory: 211968K Free: 97530K (46%)
----------------- Invoking toplevel() on ptolemy.moml.MoMLSimpleApplication@52bad845
----------------- Done invoking toplevel() on ptolemy.moml.MoMLSimpleApplication@52bad845
reloadAllAccessors: .ResettableTimer2

===========================================================================================
----------------- testing Sun Dec 01 06:24:16 UTC 2019 /home/travis/build/icyphy/ptII/ptolemy/domains/de/test/auto/ResettableTimer3.xml
----------------- Instantiating /home/travis/build/icyphy/ptII/ptolemy/domains/de/test/auto/ResettableTimer3.xml
3 ms. Memory: 211968K Free: 93448K (44%)
----------------- Invoking toplevel() on ptolemy.moml.MoMLSimpleApplication@43af6f11
----------------- Done invoking toplevel() on ptolemy.moml.MoMLSimpleApplication@43af6f11
reloadAllAccessors: .ResettableTimer3

===========================================================================================
----------------- testing Sun Dec 01 06:24:16 UTC 2019 /home/travis/build/icyphy/ptII/ptolemy/domains/de/test/auto/ResettableTimer4.xml
----------------- Instantiating /home/travis/build/icyphy/ptII/ptolemy/domains/de/test/auto/ResettableTimer4.xml
2 ms. Memory: 211968K Free: 89352K (42%)
----------------- Invoking toplevel() on ptolemy.moml.MoMLSimpleApplication@72197d30
----------------- Done invoking toplevel() on ptolemy.moml.MoMLSimpleApplication@72197d30
reloadAllAccessors: .ResettableTimer4

===========================================================================================
----------------- testing Sun Dec 01 06:24:16 UTC 2019 /home/travis/build/icyphy/ptII/ptolemy/domains/de/test/auto/ResettableTimer5.xml
----------------- Instantiating /home/travis/build/icyphy/ptII/ptolemy/domains/de/test/auto/ResettableTimer5.xml
2 ms. Memory: 211968K Free: 84746K (40%)
----------------- Invoking toplevel() on ptolemy.moml.MoMLSimpleApplication@2e3e899c
----------------- Done invoking toplevel() on ptolemy.moml.MoMLSimpleApplication@2e3e899c
reloadAllAccessors: .ResettableTimer5

===========================================================================================
----------------- testing Sun Dec 01 06:24:16 UTC 2019 /home/travis/build/icyphy/ptII/ptolemy/domains/de/test/auto/ResettableTimer6.xml
----------------- Instantiating /home/travis/build/icyphy/ptII/ptolemy/domains/de/test/auto/ResettableTimer6.xml
8 ms. Memory: 211968K Free: 80136K (38%)
----------------- Invoking toplevel() on ptolemy.moml.MoMLSimpleApplication@1292348b
----------------- Done invoking toplevel() on ptolemy.moml.MoMLSimpleApplication@1292348b
reloadAllAccessors: .ResettableTimer6

===========================================================================================
----------------- testing Sun Dec 01 06:24:16 UTC 2019 /home/travis/build/icyphy/ptII/ptolemy/domains/de/test/auto/ServerZeroDelay.xml
----------------- Instantiating /home/travis/build/icyphy/ptII/ptolemy/domains/de/test/auto/ServerZeroDelay.xml
3 ms. Memory: 313344K Free: 293606K (94%)
----------------- Invoking toplevel() on ptolemy.moml.MoMLSimpleApplication@2f4d9791
----------------- Done invoking toplevel() on ptolemy.moml.MoMLSimpleApplication@2f4d9791
reloadAllAccessors: .ServerZeroDelay

===========================================================================================
----------------- testing Sun Dec 01 06:24:16 UTC 2019 /home/travis/build/icyphy/ptII/ptolemy/domains/de/test/auto/SmartSender.xml
----------------- Instantiating /home/travis/build/icyphy/ptII/ptolemy/domains/de/test/auto/SmartSender.xml
3003 ms. Memory: 313344K Free: 290024K (93%)
----------------- Invoking toplevel() on ptolemy.moml.MoMLSimpleApplication@5fc593ff
----------------- Done invoking toplevel() on ptolemy.moml.MoMLSimpleApplication@5fc593ff
reloadAllAccessors: .SmartSender

===========================================================================================
----------------- testing Sun Dec 01 06:24:19 UTC 2019 /home/travis/build/icyphy/ptII/ptolemy/domains/de/test/auto/ThreadedComposite.xml
----------------- Instantiating /home/travis/build/icyphy/ptII/ptolemy/domains/de/test/auto/ThreadedComposite.xml
122 ms. Memory: 313344K Free: 269030K (86%)
----------------- Invoking toplevel() on ptolemy.moml.MoMLSimpleApplication@1cefe2e
----------------- Done invoking toplevel() on ptolemy.moml.MoMLSimpleApplication@1cefe2e
reloadAllAccessors: .ThreadedComposite

===========================================================================================
----------------- testing Sun Dec 01 06:24:19 UTC 2019 /home/travis/build/icyphy/ptII/ptolemy/domains/de/test/auto/Time.xml
----------------- Instantiating /home/travis/build/icyphy/ptII/ptolemy/domains/de/test/auto/Time.xml
484 ms. Memory: 313344K Free: 217320K (69%)
----------------- Invoking toplevel() on ptolemy.moml.MoMLSimpleApplication@62a37284
----------------- Done invoking toplevel() on ptolemy.moml.MoMLSimpleApplication@62a37284
reloadAllAccessors: .Time

===========================================================================================
----------------- testing Sun Dec 01 06:24:20 UTC 2019 /home/travis/build/icyphy/ptII/ptolemy/domains/de/test/auto/TimeDelayZeroDelay.xml
----------------- Instantiating /home/travis/build/icyphy/ptII/ptolemy/domains/de/test/auto/TimeDelayZeroDelay.xml
3 ms. Memory: 313344K Free: 213224K (68%)
----------------- Invoking toplevel() on ptolemy.moml.MoMLSimpleApplication@7af57c48
----------------- Done invoking toplevel() on ptolemy.moml.MoMLSimpleApplication@7af57c48
reloadAllAccessors: .TimeDelayZeroDelay

===========================================================================================
----------------- testing Sun Dec 01 06:24:20 UTC 2019 /home/travis/build/icyphy/ptII/ptolemy/domains/de/test/auto/TimerZeroDelay.xml
----------------- Instantiating /home/travis/build/icyphy/ptII/ptolemy/domains/de/test/auto/TimerZeroDelay.xml
3 ms. Memory: 313344K Free: 209128K (67%)
----------------- Invoking toplevel() on ptolemy.moml.MoMLSimpleApplication@81dd48f
----------------- Done invoking toplevel() on ptolemy.moml.MoMLSimpleApplication@81dd48f
reloadAllAccessors: .TimerZeroDelay

===========================================================================================
----------------- testing Sun Dec 01 06:24:20 UTC 2019 /home/travis/build/icyphy/ptII/ptolemy/domains/de/test/auto/TimingParadox.xml
----------------- Instantiating /home/travis/build/icyphy/ptII/ptolemy/domains/de/test/auto/TimingParadox.xml
317 ms. Memory: 313344K Free: 142568K (45%)
----------------- Invoking toplevel() on ptolemy.moml.MoMLSimpleApplication@5db26dde
----------------- Done invoking toplevel() on ptolemy.moml.MoMLSimpleApplication@5db26dde
reloadAllAccessors: .TimingParadox

===========================================================================================
----------------- testing Sun Dec 01 06:24:20 UTC 2019 /home/travis/build/icyphy/ptII/ptolemy/domains/de/test/auto/TransferInputs.xml
----------------- Instantiating /home/travis/build/icyphy/ptII/ptolemy/domains/de/test/auto/TransferInputs.xml
2 ms. Memory: 313344K Free: 137944K (44%)
----------------- Invoking toplevel() on ptolemy.moml.MoMLSimpleApplication@1b6c56c4
----------------- Done invoking toplevel() on ptolemy.moml.MoMLSimpleApplication@1b6c56c4
reloadAllAccessors: .TransferInputs

===========================================================================================
----------------- testing Sun Dec 01 06:24:20 UTC 2019 /home/travis/build/icyphy/ptII/ptolemy/domains/de/test/auto/TransferOutputs2.xml
----------------- Instantiating /home/travis/build/icyphy/ptII/ptolemy/domains/de/test/auto/TransferOutputs2.xml
3 ms. Memory: 313344K Free: 129766K (41%)
----------------- Invoking toplevel() on ptolemy.moml.MoMLSimpleApplication@6f7ffbf
----------------- Done invoking toplevel() on ptolemy.moml.MoMLSimpleApplication@6f7ffbf
reloadAllAccessors: .TransferOutputs2

===========================================================================================
----------------- testing Sun Dec 01 06:24:20 UTC 2019 /home/travis/build/icyphy/ptII/ptolemy/domains/de/test/auto/Trilateration.xml
----------------- Instantiating /home/travis/build/icyphy/ptII/ptolemy/domains/de/test/auto/Trilateration.xml
12401 ms. Memory: 476160K Free: 293346K (62%)
----------------- Invoking toplevel() on ptolemy.moml.MoMLSimpleApplication@7048a1cd
----------------- Done invoking toplevel() on ptolemy.moml.MoMLSimpleApplication@7048a1cd
reloadAllAccessors: .Trilateration

===========================================================================================
----------------- testing Sun Dec 01 06:24:33 UTC 2019 /home/travis/build/icyphy/ptII/ptolemy/domains/de/test/auto/TwoSigmaDelta.xml
----------------- Instantiating /home/travis/build/icyphy/ptII/ptolemy/domains/de/test/auto/TwoSigmaDelta.xml
2078 ms. Memory: 476160K Free: 377274K (79%)
----------------- Invoking toplevel() on ptolemy.moml.MoMLSimpleApplication@46221f26
----------------- Done invoking toplevel() on ptolemy.moml.MoMLSimpleApplication@46221f26
reloadAllAccessors: .TwoSigmaDelta

===========================================================================================
----------------- testing Sun Dec 01 06:24:36 UTC 2019 /home/travis/build/icyphy/ptII/ptolemy/domains/de/test/auto/VariableDelay.xml
----------------- Instantiating /home/travis/build/icyphy/ptII/ptolemy/domains/de/test/auto/VariableDelay.xml
3 ms. Memory: 476160K Free: 372154K (78%)
----------------- Invoking toplevel() on ptolemy.moml.MoMLSimpleApplication@76f9c799
----------------- Done invoking toplevel() on ptolemy.moml.MoMLSimpleApplication@76f9c799
reloadAllAccessors: .VariableDelay

===========================================================================================
----------------- testing Sun Dec 01 06:24:36 UTC 2019 /home/travis/build/icyphy/ptII/ptolemy/domains/de/test/auto/VariableDelay2.xml
----------------- Instantiating /home/travis/build/icyphy/ptII/ptolemy/domains/de/test/auto/VariableDelay2.xml
2 ms. Memory: 476160K Free: 367538K (77%)
----------------- Invoking toplevel() on ptolemy.moml.MoMLSimpleApplication@76a9be3e
----------------- Done invoking toplevel() on ptolemy.moml.MoMLSimpleApplication@76a9be3e
reloadAllAccessors: .VariableDelay2

===========================================================================================
----------------- testing Sun Dec 01 06:24:36 UTC 2019 /home/travis/build/icyphy/ptII/ptolemy/domains/de/test/auto/VariableDelayZeroDelay.xml
----------------- Instantiating /home/travis/build/icyphy/ptII/ptolemy/domains/de/test/auto/VariableDelayZeroDelay.xml
6 ms. Memory: 476160K Free: 363448K (76%)
----------------- Invoking toplevel() on ptolemy.moml.MoMLSimpleApplication@70034dc6
----------------- Done invoking toplevel() on ptolemy.moml.MoMLSimpleApplication@70034dc6
reloadAllAccessors: .VariableDelayZeroDelay

===========================================================================================
----------------- testing Sun Dec 01 06:24:36 UTC 2019 /home/travis/build/icyphy/ptII/ptolemy/domains/de/test/auto/VariableDelayZeroDelay2.xml
----------------- Instantiating /home/travis/build/icyphy/ptII/ptolemy/domains/de/test/auto/VariableDelayZeroDelay2.xml
2 ms. Memory: 476160K Free: 359352K (75%)
----------------- Invoking toplevel() on ptolemy.moml.MoMLSimpleApplication@28a419d
----------------- Done invoking toplevel() on ptolemy.moml.MoMLSimpleApplication@28a419d
reloadAllAccessors: .VariableDelayZeroDelay2

===========================================================================================
----------------- testing Sun Dec 01 06:24:36 UTC 2019 /home/travis/build/icyphy/ptII/ptolemy/domains/de/test/auto/deInCt.xml
----------------- Instantiating /home/travis/build/icyphy/ptII/ptolemy/domains/de/test/auto/deInCt.xml
0
1
1
1
0
0
0
0
1
1
1
1
1
0
0
0
1
1
1
0
0
0
1
1
1
0
0
0
0
1
1
1
1
0
0
0
0
13 ms. Memory: 476160K Free: 354232K (74%)
----------------- Invoking toplevel() on ptolemy.moml.MoMLSimpleApplication@6b881c20
----------------- Done invoking toplevel() on ptolemy.moml.MoMLSimpleApplication@6b881c20
reloadAllAccessors: .deInCt

===========================================================================================
----------------- testing Sun Dec 01 06:24:36 UTC 2019 /home/travis/build/icyphy/ptII/ptolemy/domains/de/test/auto/deInCt2.xml
----------------- Instantiating /home/travis/build/icyphy/ptII/ptolemy/domains/de/test/auto/deInCt2.xml
0
1
1
1
0
0
1
1
1
0
0
1
1
1
0
0
1
1
1
0
0
1
1
1
0
0
1
1
1
0
0
1
1
1
0
0
1
1
1
0
0
0
7 ms. Memory: 476160K Free: 349106K (73%)
----------------- Invoking toplevel() on ptolemy.moml.MoMLSimpleApplication@7a179f93
----------------- Done invoking toplevel() on ptolemy.moml.MoMLSimpleApplication@7a179f93
reloadAllAccessors: .deInCt2

===========================================================================================
----------------- testing Sun Dec 01 06:24:36 UTC 2019 /home/travis/build/icyphy/ptII/ptolemy/domains/de/test/auto/dynamicCausalityInterface1.xml
----------------- Instantiating /home/travis/build/icyphy/ptII/ptolemy/domains/de/test/auto/dynamicCausalityInterface1.xml
1 ms. Memory: 476160K Free: 339896K (71%)
----------------- Invoking toplevel() on ptolemy.moml.MoMLSimpleApplication@7b052f99
----------------- Done invoking toplevel() on ptolemy.moml.MoMLSimpleApplication@7b052f99
reloadAllAccessors: .dynamicCausalityInterface1

===========================================================================================
----------------- testing Sun Dec 01 06:24:36 UTC 2019 /home/travis/build/icyphy/ptII/ptolemy/domains/de/test/auto/fsm_de_test.xml
----------------- Instantiating /home/travis/build/icyphy/ptII/ptolemy/domains/de/test/auto/fsm_de_test.xml
6 ms. Memory: 476160K Free: 330650K (69%)
----------------- Invoking toplevel() on ptolemy.moml.MoMLSimpleApplication@275a840e
----------------- Done invoking toplevel() on ptolemy.moml.MoMLSimpleApplication@275a840e
reloadAllAccessors: .fsm_de_test

===========================================================================================
----------------- testing Sun Dec 01 06:24:36 UTC 2019 /home/travis/build/icyphy/ptII/ptolemy/domains/de/test/auto/functionDependencyReconstruction.xml
----------------- Instantiating /home/travis/build/icyphy/ptII/ptolemy/domains/de/test/auto/functionDependencyReconstruction.xml
2 ms. Memory: 476160K Free: 315834K (66%)
----------------- Invoking toplevel() on ptolemy.moml.MoMLSimpleApplication@2cb2ea30
----------------- Done invoking toplevel() on ptolemy.moml.MoMLSimpleApplication@2cb2ea30
reloadAllAccessors: .functionDependencyReconstruction

===========================================================================================
----------------- testing Sun Dec 01 06:24:36 UTC 2019 /home/travis/build/icyphy/ptII/ptolemy/domains/de/test/auto/multirate.xml
----------------- Instantiating /home/travis/build/icyphy/ptII/ptolemy/domains/de/test/auto/multirate.xml
3 ms. Memory: 476160K Free: 309162K (65%)
----------------- Invoking toplevel() on ptolemy.moml.MoMLSimpleApplication@d36b73d
----------------- Done invoking toplevel() on ptolemy.moml.MoMLSimpleApplication@d36b73d
reloadAllAccessors: .multirate

===========================================================================================
----------------- testing Sun Dec 01 06:24:36 UTC 2019 /home/travis/build/icyphy/ptII/ptolemy/domains/de/test/auto/multirate2.xml
----------------- Instantiating /home/travis/build/icyphy/ptII/ptolemy/domains/de/test/auto/multirate2.xml
3 ms. Memory: 476160K Free: 302522K (64%)
----------------- Invoking toplevel() on ptolemy.moml.MoMLSimpleApplication@5b32f254
----------------- Done invoking toplevel() on ptolemy.moml.MoMLSimpleApplication@5b32f254
reloadAllAccessors: .multirate2

===========================================================================================
----------------- testing Sun Dec 01 06:24:36 UTC 2019 /home/travis/build/icyphy/ptII/ptolemy/domains/de/test/auto/realtime.xml
----------------- Instantiating /home/travis/build/icyphy/ptII/ptolemy/domains/de/test/auto/realtime.xml
10002 ms. Memory: 476160K Free: 297912K (63%)
----------------- Invoking toplevel() on ptolemy.moml.MoMLSimpleApplication@58bb0942
----------------- Done invoking toplevel() on ptolemy.moml.MoMLSimpleApplication@58bb0942
reloadAllAccessors: .realtime

===========================================================================================
----------------- testing Sun Dec 01 06:24:46 UTC 2019 /home/travis/build/icyphy/ptII/ptolemy/domains/de/test/auto/relationGroup.xml
----------------- Instantiating /home/travis/build/icyphy/ptII/ptolemy/domains/de/test/auto/relationGroup.xml
5 ms. Memory: 476160K Free: 294330K (62%)
----------------- Invoking toplevel() on ptolemy.moml.MoMLSimpleApplication@72e19594
----------------- Done invoking toplevel() on ptolemy.moml.MoMLSimpleApplication@72e19594
reloadAllAccessors: .relationGroup

===========================================================================================
----------------- testing Sun Dec 01 06:24:46 UTC 2019 /home/travis/build/icyphy/ptII/ptolemy/domains/de/test/auto/relationGroup2.xml
----------------- Instantiating /home/travis/build/icyphy/ptII/ptolemy/domains/de/test/auto/relationGroup2.xml
2 ms. Memory: 476160K Free: 290744K (61%)
----------------- Invoking toplevel() on ptolemy.moml.MoMLSimpleApplication@10cb30a8
----------------- Done invoking toplevel() on ptolemy.moml.MoMLSimpleApplication@10cb30a8
reloadAllAccessors: .relationGroup2

===========================================================================================
----------------- testing Sun Dec 01 06:24:46 UTC 2019 /home/travis/build/icyphy/ptII/ptolemy/domains/de/test/auto/sortWithOpaquePorts.xml
----------------- Instantiating /home/travis/build/icyphy/ptII/ptolemy/domains/de/test/auto/sortWithOpaquePorts.xml
2 ms. Memory: 476160K Free: 286138K (60%)
----------------- Invoking toplevel() on ptolemy.moml.MoMLSimpleApplication@3ff110ce
----------------- Done invoking toplevel() on ptolemy.moml.MoMLSimpleApplication@3ff110ce
reloadAllAccessors: .sortWithOpaquePorts

===========================================================================================
----------------- testing Sun Dec 01 06:24:46 UTC 2019 /home/travis/build/icyphy/ptII/ptolemy/domains/de/test/auto/transferInputsandOutputs.xml
----------------- Instantiating /home/travis/build/icyphy/ptII/ptolemy/domains/de/test/auto/transferInputsandOutputs.xml
2 ms. Memory: 476160K Free: 278970K (59%)
----------------- Invoking toplevel() on ptolemy.moml.MoMLSimpleApplication@5840e92f
----------------- Done invoking toplevel() on ptolemy.moml.MoMLSimpleApplication@5840e92f
reloadAllAccessors: .transferInputsandOutputs

===========================================================================================
----------------- testing Sun Dec 01 06:24:46 UTC 2019 /home/travis/build/icyphy/ptII/ptolemy/domains/de/test/auto/triggerType.xml
----------------- Instantiating /home/travis/build/icyphy/ptII/ptolemy/domains/de/test/auto/triggerType.xml
1 ms. Memory: 476160K Free: 274874K (58%)
----------------- Invoking toplevel() on ptolemy.moml.MoMLSimpleApplication@c651c15
----------------- Done invoking toplevel() on ptolemy.moml.MoMLSimpleApplication@c651c15
reloadAllAccessors: .triggerType
AutoTests.java: About to close Vertx.
AutoTests.java: Vertx closed.
]]></system-out>
  <system-err><![CDATA[java.lang.RuntimeException: Execution failed
	at ptolemy.moml.MoMLSimpleApplication$UnloadThread.run(MoMLSimpleApplication.java:402)
Caused by: ptolemy.kernel.util.IllegalActionException: Found a zero delay loop containing .dependencyLoop.original
  in .dependencyLoop and .dependencyLoop.original
	at ptolemy.actor.util.CausalityInterfaceForComposites._computeOutputPortDepth(CausalityInterfaceForComposites.java:759)
	at ptolemy.actor.util.CausalityInterfaceForComposites._computeInputDepth(CausalityInterfaceForComposites.java:696)
	at ptolemy.actor.util.CausalityInterfaceForComposites._computeOutputPortDepth(CausalityInterfaceForComposites.java:765)
	at ptolemy.actor.util.CausalityInterfaceForComposites._computeInputDepth(CausalityInterfaceForComposites.java:696)
	at ptolemy.actor.util.CausalityInterfaceForComposites._computeOutputPortDepth(CausalityInterfaceForComposites.java:765)
	at ptolemy.actor.util.CausalityInterfaceForComposites._computeInputDepth(CausalityInterfaceForComposites.java:696)
	at ptolemy.actor.util.CausalityInterfaceForComposites._computeActorDepth(CausalityInterfaceForComposites.java:532)
	at ptolemy.actor.util.CausalityInterfaceForComposites.checkForCycles(CausalityInterfaceForComposites.java:96)
	at ptolemy.domains.de.kernel.DEDirector.preinitialize(DEDirector.java:1338)
	at ptolemy.actor.CompositeActor.preinitialize(CompositeActor.java:1828)
	at ptolemy.actor.Manager.preinitializeAndResolveTypes(Manager.java:1040)
	at ptolemy.actor.Manager.initialize(Manager.java:710)
	at ptolemy.actor.Manager.execute(Manager.java:356)
	at ptolemy.actor.Manager.run(Manager.java:1263)
	at ptolemy.actor.Manager$PtolemyRunThread.run(Manager.java:1933)
java.lang.RuntimeException: Execution failed
	at ptolemy.moml.MoMLSimpleApplication$UnloadThread.run(MoMLSimpleApplication.java:402)
Caused by: ptolemy.kernel.util.IllegalActionException: Found a zero delay loop containing .dependencyLoop2.original
  in .dependencyLoop2 and .dependencyLoop2.original
	at ptolemy.actor.util.CausalityInterfaceForComposites._computeOutputPortDepth(CausalityInterfaceForComposites.java:759)
	at ptolemy.actor.util.CausalityInterfaceForComposites._computeInputDepth(CausalityInterfaceForComposites.java:696)
	at ptolemy.actor.util.CausalityInterfaceForComposites._computeOutputPortDepth(CausalityInterfaceForComposites.java:765)
	at ptolemy.actor.util.CausalityInterfaceForComposites._computeInputDepth(CausalityInterfaceForComposites.java:696)
	at ptolemy.actor.util.CausalityInterfaceForComposites._computeOutputPortDepth(CausalityInterfaceForComposites.java:765)
	at ptolemy.actor.util.CausalityInterfaceForComposites._computeInputDepth(CausalityInterfaceForComposites.java:696)
	at ptolemy.actor.util.CausalityInterfaceForComposites._computeActorDepth(CausalityInterfaceForComposites.java:532)
	at ptolemy.actor.util.CausalityInterfaceForComposites.checkForCycles(CausalityInterfaceForComposites.java:96)
	at ptolemy.domains.de.kernel.DEDirector.preinitialize(DEDirector.java:1338)
	at ptolemy.actor.CompositeActor.preinitialize(CompositeActor.java:1828)
	at ptolemy.actor.Manager.preinitializeAndResolveTypes(Manager.java:1040)
	at ptolemy.actor.Manager.initialize(Manager.java:710)
	at ptolemy.actor.Manager.execute(Manager.java:356)
	at ptolemy.actor.Manager.run(Manager.java:1263)
	at ptolemy.actor.Manager$PtolemyRunThread.run(Manager.java:1933)
java.lang.RuntimeException: Execution failed
	at ptolemy.moml.MoMLSimpleApplication$UnloadThread.run(MoMLSimpleApplication.java:402)
Caused by: ptolemy.kernel.util.IllegalActionException: Test fails in iteration 1.
Value was: 1.0. Should have been: 2.0
  in .DirectFeedback.Test
	at ptolemy.actor.lib.Test.fire(Test.java:268)
	at ptolemy.domains.de.kernel.DEDirector._fire(DEDirector.java:1949)
	at ptolemy.domains.de.kernel.DEDirector.fire(DEDirector.java:502)
	at ptolemy.actor.CompositeActor.fire(CompositeActor.java:455)
	at ptolemy.actor.Manager.iterate(Manager.java:851)
	at ptolemy.actor.Manager.execute(Manager.java:369)
	at ptolemy.actor.Manager.run(Manager.java:1263)
	at ptolemy.actor.Manager$PtolemyRunThread.run(Manager.java:1933)
java.lang.RuntimeException: Execution failed
	at ptolemy.moml.MoMLSimpleApplication$UnloadThread.run(MoMLSimpleApplication.java:402)
Caused by: ptolemy.kernel.util.IllegalActionException: Found a zero delay loop containing .dependencyLoop.original
  in .dependencyLoop and .dependencyLoop.original
	at ptolemy.actor.util.CausalityInterfaceForComposites._computeOutputPortDepth(CausalityInterfaceForComposites.java:759)
	at ptolemy.actor.util.CausalityInterfaceForComposites._computeInputDepth(CausalityInterfaceForComposites.java:696)
	at ptolemy.actor.util.CausalityInterfaceForComposites._computeOutputPortDepth(CausalityInterfaceForComposites.java:765)
	at ptolemy.actor.util.CausalityInterfaceForComposites._computeInputDepth(CausalityInterfaceForComposites.java:696)
	at ptolemy.actor.util.CausalityInterfaceForComposites._computeOutputPortDepth(CausalityInterfaceForComposites.java:765)
	at ptolemy.actor.util.CausalityInterfaceForComposites._computeInputDepth(CausalityInterfaceForComposites.java:696)
	at ptolemy.actor.util.CausalityInterfaceForComposites._computeActorDepth(CausalityInterfaceForComposites.java:532)
	at ptolemy.actor.util.CausalityInterfaceForComposites.checkForCycles(CausalityInterfaceForComposites.java:96)
	at ptolemy.domains.de.kernel.DEDirector.preinitialize(DEDirector.java:1338)
	at ptolemy.actor.CompositeActor.preinitialize(CompositeActor.java:1828)
	at ptolemy.actor.Manager.preinitializeAndResolveTypes(Manager.java:1040)
	at ptolemy.actor.Manager.initialize(Manager.java:710)
	at ptolemy.actor.Manager.execute(Manager.java:356)
	at ptolemy.actor.Manager.run(Manager.java:1263)
	at ptolemy.actor.Manager$PtolemyRunThread.run(Manager.java:1933)
java.lang.RuntimeException: Execution failed
	at ptolemy.moml.MoMLSimpleApplication$UnloadThread.run(MoMLSimpleApplication.java:402)
Caused by: ptolemy.kernel.util.IllegalActionException: Found a zero delay loop containing .HierarchicalModel.A
  in .HierarchicalModel and .HierarchicalModel.A
	at ptolemy.actor.util.CausalityInterfaceForComposites._computeOutputPortDepth(CausalityInterfaceForComposites.java:759)
	at ptolemy.actor.util.CausalityInterfaceForComposites._computeInputDepth(CausalityInterfaceForComposites.java:696)
	at ptolemy.actor.util.CausalityInterfaceForComposites._computeOutputPortDepth(CausalityInterfaceForComposites.java:765)
	at ptolemy.actor.util.CausalityInterfaceForComposites._computeInputDepth(CausalityInterfaceForComposites.java:696)
	at ptolemy.actor.util.CausalityInterfaceForComposites._computeOutputPortDepth(CausalityInterfaceForComposites.java:765)
	at ptolemy.actor.util.CausalityInterfaceForComposites._computeInputDepth(CausalityInterfaceForComposites.java:696)
	at ptolemy.actor.util.CausalityInterfaceForComposites._computeActorDepth(CausalityInterfaceForComposites.java:532)
	at ptolemy.actor.util.CausalityInterfaceForComposites.checkForCycles(CausalityInterfaceForComposites.java:96)
	at ptolemy.domains.de.kernel.DEDirector.preinitialize(DEDirector.java:1338)
	at ptolemy.actor.CompositeActor.preinitialize(CompositeActor.java:1828)
	at ptolemy.actor.Manager.preinitializeAndResolveTypes(Manager.java:1040)
	at ptolemy.actor.Manager.initialize(Manager.java:710)
	at ptolemy.actor.Manager.execute(Manager.java:356)
	at ptolemy.actor.Manager.run(Manager.java:1263)
	at ptolemy.actor.Manager$PtolemyRunThread.run(Manager.java:1933)
java.lang.RuntimeException: Execution failed
	at ptolemy.moml.MoMLSimpleApplication$UnloadThread.run(MoMLSimpleApplication.java:402)
Caused by: ptolemy.kernel.util.IllegalActionException: Found a zero delay loop containing .dependencyLoop2.original
  in .dependencyLoop2 and .dependencyLoop2.original
	at ptolemy.actor.util.CausalityInterfaceForComposites._computeOutputPortDepth(CausalityInterfaceForComposites.java:759)
	at ptolemy.actor.util.CausalityInterfaceForComposites._computeInputDepth(CausalityInterfaceForComposites.java:696)
	at ptolemy.actor.util.CausalityInterfaceForComposites._computeOutputPortDepth(CausalityInterfaceForComposites.java:765)
	at ptolemy.actor.util.CausalityInterfaceForComposites._computeInputDepth(CausalityInterfaceForComposites.java:696)
	at ptolemy.actor.util.CausalityInterfaceForComposites._computeOutputPortDepth(CausalityInterfaceForComposites.java:765)
	at ptolemy.actor.util.CausalityInterfaceForComposites._computeInputDepth(CausalityInterfaceForComposites.java:696)
	at ptolemy.actor.util.CausalityInterfaceForComposites._computeActorDepth(CausalityInterfaceForComposites.java:532)
	at ptolemy.actor.util.CausalityInterfaceForComposites.checkForCycles(CausalityInterfaceForComposites.java:96)
	at ptolemy.domains.de.kernel.DEDirector.preinitialize(DEDirector.java:1338)
	at ptolemy.actor.CompositeActor.preinitialize(CompositeActor.java:1828)
	at ptolemy.actor.Manager.preinitializeAndResolveTypes(Manager.java:1040)
	at ptolemy.actor.Manager.initialize(Manager.java:710)
	at ptolemy.actor.Manager.execute(Manager.java:356)
	at ptolemy.actor.Manager.run(Manager.java:1263)
	at ptolemy.actor.Manager$PtolemyRunThread.run(Manager.java:1933)
java.lang.RuntimeException: Execution failed
	at ptolemy.moml.MoMLSimpleApplication$UnloadThread.run(MoMLSimpleApplication.java:402)
Caused by: ptolemy.kernel.util.IllegalActionException: Actor is not ready to fire.  Perhaps UpSample.prefire() returned false? Try debugging the actor by selecting "Listen to Actor".  Also, for SDF check moml for tokenConsumptionRate on input.
  in .DESDFClockTest.Play Bell.Copy1:SDF Director and .DESDFClockTest.Play Bell.UpSample
	at ptolemy.actor.sched.StaticSchedulingDirector.fire(StaticSchedulingDirector.java:227)
	at ptolemy.domains.sdf.kernel.SDFDirector.fire(SDFDirector.java:500)
	at ptolemy.actor.CompositeActor.fire(CompositeActor.java:455)
	at ptolemy.domains.de.kernel.DEDirector._fire(DEDirector.java:1949)
	at ptolemy.domains.de.kernel.DEDirector.fire(DEDirector.java:502)
	at ptolemy.actor.CompositeActor.fire(CompositeActor.java:455)
	at ptolemy.actor.Manager.iterate(Manager.java:851)
	at ptolemy.actor.Manager.execute(Manager.java:369)
	at ptolemy.actor.Manager.run(Manager.java:1263)
	at ptolemy.actor.Manager$PtolemyRunThread.run(Manager.java:1933)
java.lang.RuntimeException: Execution failed
	at ptolemy.moml.MoMLSimpleApplication$UnloadThread.run(MoMLSimpleApplication.java:402)
Caused by: ptolemy.kernel.util.IllegalActionException: Actor is not ready to fire.  Perhaps UpSample.prefire() returned false? Try debugging the actor by selecting "Listen to Actor".  Also, for SDF check moml for tokenConsumptionRate on input.
  in .DESDFClockTest.Play Bell.Copy1:SDF Director and .DESDFClockTest.Play Bell.UpSample
	at ptolemy.actor.sched.StaticSchedulingDirector.fire(StaticSchedulingDirector.java:227)
	at ptolemy.domains.sdf.kernel.SDFDirector.fire(SDFDirector.java:500)
	at ptolemy.actor.CompositeActor.fire(CompositeActor.java:455)
	at ptolemy.domains.de.kernel.DEDirector._fire(DEDirector.java:1949)
	at ptolemy.domains.de.kernel.DEDirector.fire(DEDirector.java:502)
	at ptolemy.actor.CompositeActor.fire(CompositeActor.java:455)
	at ptolemy.actor.Manager.iterate(Manager.java:851)
	at ptolemy.actor.Manager.execute(Manager.java:369)
	at ptolemy.actor.Manager.run(Manager.java:1263)
	at ptolemy.actor.Manager$PtolemyRunThread.run(Manager.java:1933)
java.lang.reflect.InvocationTargetException
	at java.base/jdk.internal.reflect.NativeConstructorAccessorImpl.newInstance0(Native Method)
	at java.base/jdk.internal.reflect.NativeConstructorAccessorImpl.newInstance(NativeConstructorAccessorImpl.java:62)
	at java.base/jdk.internal.reflect.DelegatingConstructorAccessorImpl.newInstance(DelegatingConstructorAccessorImpl.java:45)
	at java.base/java.lang.reflect.Constructor.newInstance(Constructor.java:490)
	at ptolemy.util.test.junit.AutoKnownFailedTests.RunModel(AutoKnownFailedTests.java:105)
	at java.base/jdk.internal.reflect.NativeMethodAccessorImpl.invoke0(Native Method)
	at java.base/jdk.internal.reflect.NativeMethodAccessorImpl.invoke(NativeMethodAccessorImpl.java:62)
	at java.base/jdk.internal.reflect.DelegatingMethodAccessorImpl.invoke(DelegatingMethodAccessorImpl.java:43)
	at java.base/java.lang.reflect.Method.invoke(Method.java:566)
	at org.junit.runners.model.FrameworkMethod$1.runReflectiveCall(FrameworkMethod.java:44)
	at org.junit.internal.runners.model.ReflectiveCallable.run(ReflectiveCallable.java:15)
	at org.junit.runners.model.FrameworkMethod.invokeExplosively(FrameworkMethod.java:41)
	at junitparams.internal.InvokeParameterisedMethod.evaluate(InvokeParameterisedMethod.java:102)
	at org.junit.internal.runners.statements.FailOnTimeout$1.run(FailOnTimeout.java:28)
Caused by: ptolemy.kernel.util.IllegalActionException: Actor is not ready to fire.  Perhaps UpSample.prefire() returned false? Try debugging the actor by selecting "Listen to Actor".  Also, for SDF check moml for tokenConsumptionRate on input.
  in .DESDFClockTest.Play Bell.Copy1:SDF Director and .DESDFClockTest.Play Bell.UpSample
	at ptolemy.actor.sched.StaticSchedulingDirector.fire(StaticSchedulingDirector.java:227)
	at ptolemy.domains.sdf.kernel.SDFDirector.fire(SDFDirector.java:500)
	at ptolemy.actor.CompositeActor.fire(CompositeActor.java:455)
	at ptolemy.domains.de.kernel.DEDirector._fire(DEDirector.java:1949)
	at ptolemy.domains.de.kernel.DEDirector.fire(DEDirector.java:502)
	at ptolemy.actor.CompositeActor.fire(CompositeActor.java:455)
	at ptolemy.actor.Manager.iterate(Manager.java:851)
	at ptolemy.actor.Manager.execute(Manager.java:369)
	at ptolemy.actor.Manager.run(Manager.java:1263)
	at ptolemy.actor.Manager$PtolemyRunThread.run(Manager.java:1933)
java.lang.RuntimeException: Execution failed
	at ptolemy.moml.MoMLSimpleApplication$UnloadThread.run(MoMLSimpleApplication.java:402)
Caused by: ptolemy.kernel.util.IllegalActionException: Test fails in iteration 1.
Value was: 1.0. Should have been: 2.0
  in .DirectFeedback.Test
	at ptolemy.actor.lib.Test.fire(Test.java:268)
	at ptolemy.domains.de.kernel.DEDirector._fire(DEDirector.java:1949)
	at ptolemy.domains.de.kernel.DEDirector.fire(DEDirector.java:502)
	at ptolemy.actor.CompositeActor.fire(CompositeActor.java:455)
	at ptolemy.actor.Manager.iterate(Manager.java:851)
	at ptolemy.actor.Manager.execute(Manager.java:369)
	at ptolemy.actor.Manager.run(Manager.java:1263)
	at ptolemy.actor.Manager$PtolemyRunThread.run(Manager.java:1933)
java.lang.reflect.InvocationTargetException
	at java.base/jdk.internal.reflect.NativeConstructorAccessorImpl.newInstance0(Native Method)
	at java.base/jdk.internal.reflect.NativeConstructorAccessorImpl.newInstance(NativeConstructorAccessorImpl.java:62)
	at java.base/jdk.internal.reflect.DelegatingConstructorAccessorImpl.newInstance(DelegatingConstructorAccessorImpl.java:45)
	at java.base/java.lang.reflect.Constructor.newInstance(Constructor.java:490)
	at ptolemy.util.test.junit.AutoKnownFailedTests.RunModel(AutoKnownFailedTests.java:105)
	at java.base/jdk.internal.reflect.NativeMethodAccessorImpl.invoke0(Native Method)
	at java.base/jdk.internal.reflect.NativeMethodAccessorImpl.invoke(NativeMethodAccessorImpl.java:62)
	at java.base/jdk.internal.reflect.DelegatingMethodAccessorImpl.invoke(DelegatingMethodAccessorImpl.java:43)
	at java.base/java.lang.reflect.Method.invoke(Method.java:566)
	at org.junit.runners.model.FrameworkMethod$1.runReflectiveCall(FrameworkMethod.java:44)
	at org.junit.internal.runners.model.ReflectiveCallable.run(ReflectiveCallable.java:15)
	at org.junit.runners.model.FrameworkMethod.invokeExplosively(FrameworkMethod.java:41)
	at junitparams.internal.InvokeParameterisedMethod.evaluate(InvokeParameterisedMethod.java:102)
	at org.junit.internal.runners.statements.FailOnTimeout$1.run(FailOnTimeout.java:28)
Caused by: ptolemy.kernel.util.IllegalActionException: Test fails in iteration 1.
Value was: 1.0. Should have been: 2.0
  in .DirectFeedback.Test
	at ptolemy.actor.lib.Test.fire(Test.java:268)
	at ptolemy.domains.de.kernel.DEDirector._fire(DEDirector.java:1949)
	at ptolemy.domains.de.kernel.DEDirector.fire(DEDirector.java:502)
	at ptolemy.actor.CompositeActor.fire(CompositeActor.java:455)
	at ptolemy.actor.Manager.iterate(Manager.java:851)
	at ptolemy.actor.Manager.execute(Manager.java:369)
	at ptolemy.actor.Manager.run(Manager.java:1263)
	at ptolemy.actor.Manager$PtolemyRunThread.run(Manager.java:1933)
java.lang.RuntimeException: Execution failed
	at ptolemy.moml.MoMLSimpleApplication$UnloadThread.run(MoMLSimpleApplication.java:402)
Caused by: ptolemy.kernel.util.IllegalActionException: Found a zero delay loop containing .HierarchicalModel.A
  in .HierarchicalModel and .HierarchicalModel.A
	at ptolemy.actor.util.CausalityInterfaceForComposites._computeOutputPortDepth(CausalityInterfaceForComposites.java:759)
	at ptolemy.actor.util.CausalityInterfaceForComposites._computeInputDepth(CausalityInterfaceForComposites.java:696)
	at ptolemy.actor.util.CausalityInterfaceForComposites._computeOutputPortDepth(CausalityInterfaceForComposites.java:765)
	at ptolemy.actor.util.CausalityInterfaceForComposites._computeInputDepth(CausalityInterfaceForComposites.java:696)
	at ptolemy.actor.util.CausalityInterfaceForComposites._computeOutputPortDepth(CausalityInterfaceForComposites.java:765)
	at ptolemy.actor.util.CausalityInterfaceForComposites._computeInputDepth(CausalityInterfaceForComposites.java:696)
	at ptolemy.actor.util.CausalityInterfaceForComposites._computeActorDepth(CausalityInterfaceForComposites.java:532)
	at ptolemy.actor.util.CausalityInterfaceForComposites.checkForCycles(CausalityInterfaceForComposites.java:96)
	at ptolemy.domains.de.kernel.DEDirector.preinitialize(DEDirector.java:1338)
	at ptolemy.actor.CompositeActor.preinitialize(CompositeActor.java:1828)
	at ptolemy.actor.Manager.preinitializeAndResolveTypes(Manager.java:1040)
	at ptolemy.actor.Manager.initialize(Manager.java:710)
	at ptolemy.actor.Manager.execute(Manager.java:356)
	at ptolemy.actor.Manager.run(Manager.java:1263)
	at ptolemy.actor.Manager$PtolemyRunThread.run(Manager.java:1933)
java.lang.reflect.InvocationTargetException
	at java.base/jdk.internal.reflect.NativeConstructorAccessorImpl.newInstance0(Native Method)
	at java.base/jdk.internal.reflect.NativeConstructorAccessorImpl.newInstance(NativeConstructorAccessorImpl.java:62)
	at java.base/jdk.internal.reflect.DelegatingConstructorAccessorImpl.newInstance(DelegatingConstructorAccessorImpl.java:45)
	at java.base/java.lang.reflect.Constructor.newInstance(Constructor.java:490)
	at ptolemy.util.test.junit.AutoKnownFailedTests.RunModel(AutoKnownFailedTests.java:105)
	at java.base/jdk.internal.reflect.NativeMethodAccessorImpl.invoke0(Native Method)
	at java.base/jdk.internal.reflect.NativeMethodAccessorImpl.invoke(NativeMethodAccessorImpl.java:62)
	at java.base/jdk.internal.reflect.DelegatingMethodAccessorImpl.invoke(DelegatingMethodAccessorImpl.java:43)
	at java.base/java.lang.reflect.Method.invoke(Method.java:566)
	at org.junit.runners.model.FrameworkMethod$1.runReflectiveCall(FrameworkMethod.java:44)
	at org.junit.internal.runners.model.ReflectiveCallable.run(ReflectiveCallable.java:15)
	at org.junit.runners.model.FrameworkMethod.invokeExplosively(FrameworkMethod.java:41)
	at junitparams.internal.InvokeParameterisedMethod.evaluate(InvokeParameterisedMethod.java:102)
	at org.junit.internal.runners.statements.FailOnTimeout$1.run(FailOnTimeout.java:28)
Caused by: ptolemy.kernel.util.IllegalActionException: Found a zero delay loop containing .HierarchicalModel.A
  in .HierarchicalModel and .HierarchicalModel.A
	at ptolemy.actor.util.CausalityInterfaceForComposites._computeOutputPortDepth(CausalityInterfaceForComposites.java:759)
	at ptolemy.actor.util.CausalityInterfaceForComposites._computeInputDepth(CausalityInterfaceForComposites.java:696)
	at ptolemy.actor.util.CausalityInterfaceForComposites._computeOutputPortDepth(CausalityInterfaceForComposites.java:765)
	at ptolemy.actor.util.CausalityInterfaceForComposites._computeInputDepth(CausalityInterfaceForComposites.java:696)
	at ptolemy.actor.util.CausalityInterfaceForComposites._computeOutputPortDepth(CausalityInterfaceForComposites.java:765)
	at ptolemy.actor.util.CausalityInterfaceForComposites._computeInputDepth(CausalityInterfaceForComposites.java:696)
	at ptolemy.actor.util.CausalityInterfaceForComposites._computeActorDepth(CausalityInterfaceForComposites.java:532)
	at ptolemy.actor.util.CausalityInterfaceForComposites.checkForCycles(CausalityInterfaceForComposites.java:96)
	at ptolemy.domains.de.kernel.DEDirector.preinitialize(DEDirector.java:1338)
	at ptolemy.actor.CompositeActor.preinitialize(CompositeActor.java:1828)
	at ptolemy.actor.Manager.preinitializeAndResolveTypes(Manager.java:1040)
	at ptolemy.actor.Manager.initialize(Manager.java:710)
	at ptolemy.actor.Manager.execute(Manager.java:356)
	at ptolemy.actor.Manager.run(Manager.java:1263)
	at ptolemy.actor.Manager$PtolemyRunThread.run(Manager.java:1933)
java.lang.RuntimeException: Execution failed
	at ptolemy.moml.MoMLSimpleApplication$UnloadThread.run(MoMLSimpleApplication.java:402)
Caused by: ptolemy.kernel.util.IllegalActionException: Found a zero delay loop containing .dependencyLoop.original
  in .dependencyLoop and .dependencyLoop.original
	at ptolemy.actor.util.CausalityInterfaceForComposites._computeOutputPortDepth(CausalityInterfaceForComposites.java:759)
	at ptolemy.actor.util.CausalityInterfaceForComposites._computeInputDepth(CausalityInterfaceForComposites.java:696)
	at ptolemy.actor.util.CausalityInterfaceForComposites._computeOutputPortDepth(CausalityInterfaceForComposites.java:765)
	at ptolemy.actor.util.CausalityInterfaceForComposites._computeInputDepth(CausalityInterfaceForComposites.java:696)
	at ptolemy.actor.util.CausalityInterfaceForComposites._computeOutputPortDepth(CausalityInterfaceForComposites.java:765)
	at ptolemy.actor.util.CausalityInterfaceForComposites._computeInputDepth(CausalityInterfaceForComposites.java:696)
	at ptolemy.actor.util.CausalityInterfaceForComposites._computeActorDepth(CausalityInterfaceForComposites.java:532)
	at ptolemy.actor.util.CausalityInterfaceForComposites.checkForCycles(CausalityInterfaceForComposites.java:96)
	at ptolemy.domains.de.kernel.DEDirector.preinitialize(DEDirector.java:1338)
	at ptolemy.actor.CompositeActor.preinitialize(CompositeActor.java:1828)
	at ptolemy.actor.Manager.preinitializeAndResolveTypes(Manager.java:1040)
	at ptolemy.actor.Manager.initialize(Manager.java:710)
	at ptolemy.actor.Manager.execute(Manager.java:356)
	at ptolemy.actor.Manager.run(Manager.java:1263)
	at ptolemy.actor.Manager$PtolemyRunThread.run(Manager.java:1933)
java.lang.reflect.InvocationTargetException
	at java.base/jdk.internal.reflect.NativeConstructorAccessorImpl.newInstance0(Native Method)
	at java.base/jdk.internal.reflect.NativeConstructorAccessorImpl.newInstance(NativeConstructorAccessorImpl.java:62)
	at java.base/jdk.internal.reflect.DelegatingConstructorAccessorImpl.newInstance(DelegatingConstructorAccessorImpl.java:45)
	at java.base/java.lang.reflect.Constructor.newInstance(Constructor.java:490)
	at ptolemy.util.test.junit.AutoKnownFailedTests.RunModel(AutoKnownFailedTests.java:105)
	at java.base/jdk.internal.reflect.NativeMethodAccessorImpl.invoke0(Native Method)
	at java.base/jdk.internal.reflect.NativeMethodAccessorImpl.invoke(NativeMethodAccessorImpl.java:62)
	at java.base/jdk.internal.reflect.DelegatingMethodAccessorImpl.invoke(DelegatingMethodAccessorImpl.java:43)
	at java.base/java.lang.reflect.Method.invoke(Method.java:566)
	at org.junit.runners.model.FrameworkMethod$1.runReflectiveCall(FrameworkMethod.java:44)
	at org.junit.internal.runners.model.ReflectiveCallable.run(ReflectiveCallable.java:15)
	at org.junit.runners.model.FrameworkMethod.invokeExplosively(FrameworkMethod.java:41)
	at junitparams.internal.InvokeParameterisedMethod.evaluate(InvokeParameterisedMethod.java:102)
	at org.junit.internal.runners.statements.FailOnTimeout$1.run(FailOnTimeout.java:28)
Caused by: ptolemy.kernel.util.IllegalActionException: Found a zero delay loop containing .dependencyLoop.original
  in .dependencyLoop and .dependencyLoop.original
	at ptolemy.actor.util.CausalityInterfaceForComposites._computeOutputPortDepth(CausalityInterfaceForComposites.java:759)
	at ptolemy.actor.util.CausalityInterfaceForComposites._computeInputDepth(CausalityInterfaceForComposites.java:696)
	at ptolemy.actor.util.CausalityInterfaceForComposites._computeOutputPortDepth(CausalityInterfaceForComposites.java:765)
	at ptolemy.actor.util.CausalityInterfaceForComposites._computeInputDepth(CausalityInterfaceForComposites.java:696)
	at ptolemy.actor.util.CausalityInterfaceForComposites._computeOutputPortDepth(CausalityInterfaceForComposites.java:765)
	at ptolemy.actor.util.CausalityInterfaceForComposites._computeInputDepth(CausalityInterfaceForComposites.java:696)
	at ptolemy.actor.util.CausalityInterfaceForComposites._computeActorDepth(CausalityInterfaceForComposites.java:532)
	at ptolemy.actor.util.CausalityInterfaceForComposites.checkForCycles(CausalityInterfaceForComposites.java:96)
	at ptolemy.domains.de.kernel.DEDirector.preinitialize(DEDirector.java:1338)
	at ptolemy.actor.CompositeActor.preinitialize(CompositeActor.java:1828)
	at ptolemy.actor.Manager.preinitializeAndResolveTypes(Manager.java:1040)
	at ptolemy.actor.Manager.initialize(Manager.java:710)
	at ptolemy.actor.Manager.execute(Manager.java:356)
	at ptolemy.actor.Manager.run(Manager.java:1263)
	at ptolemy.actor.Manager$PtolemyRunThread.run(Manager.java:1933)
java.lang.RuntimeException: Execution failed
	at ptolemy.moml.MoMLSimpleApplication$UnloadThread.run(MoMLSimpleApplication.java:402)
Caused by: ptolemy.kernel.util.IllegalActionException: Found a zero delay loop containing .dependencyLoop2.original
  in .dependencyLoop2 and .dependencyLoop2.original
	at ptolemy.actor.util.CausalityInterfaceForComposites._computeOutputPortDepth(CausalityInterfaceForComposites.java:759)
	at ptolemy.actor.util.CausalityInterfaceForComposites._computeInputDepth(CausalityInterfaceForComposites.java:696)
	at ptolemy.actor.util.CausalityInterfaceForComposites._computeOutputPortDepth(CausalityInterfaceForComposites.java:765)
	at ptolemy.actor.util.CausalityInterfaceForComposites._computeInputDepth(CausalityInterfaceForComposites.java:696)
	at ptolemy.actor.util.CausalityInterfaceForComposites._computeOutputPortDepth(CausalityInterfaceForComposites.java:765)
	at ptolemy.actor.util.CausalityInterfaceForComposites._computeInputDepth(CausalityInterfaceForComposites.java:696)
	at ptolemy.actor.util.CausalityInterfaceForComposites._computeActorDepth(CausalityInterfaceForComposites.java:532)
	at ptolemy.actor.util.CausalityInterfaceForComposites.checkForCycles(CausalityInterfaceForComposites.java:96)
	at ptolemy.domains.de.kernel.DEDirector.preinitialize(DEDirector.java:1338)
	at ptolemy.actor.CompositeActor.preinitialize(CompositeActor.java:1828)
	at ptolemy.actor.Manager.preinitializeAndResolveTypes(Manager.java:1040)
	at ptolemy.actor.Manager.initialize(Manager.java:710)
	at ptolemy.actor.Manager.execute(Manager.java:356)
	at ptolemy.actor.Manager.run(Manager.java:1263)
	at ptolemy.actor.Manager$PtolemyRunThread.run(Manager.java:1933)
java.lang.reflect.InvocationTargetException
	at java.base/jdk.internal.reflect.NativeConstructorAccessorImpl.newInstance0(Native Method)
	at java.base/jdk.internal.reflect.NativeConstructorAccessorImpl.newInstance(NativeConstructorAccessorImpl.java:62)
	at java.base/jdk.internal.reflect.DelegatingConstructorAccessorImpl.newInstance(DelegatingConstructorAccessorImpl.java:45)
	at java.base/java.lang.reflect.Constructor.newInstance(Constructor.java:490)
	at ptolemy.util.test.junit.AutoKnownFailedTests.RunModel(AutoKnownFailedTests.java:105)
	at java.base/jdk.internal.reflect.NativeMethodAccessorImpl.invoke0(Native Method)
	at java.base/jdk.internal.reflect.NativeMethodAccessorImpl.invoke(NativeMethodAccessorImpl.java:62)
	at java.base/jdk.internal.reflect.DelegatingMethodAccessorImpl.invoke(DelegatingMethodAccessorImpl.java:43)
	at java.base/java.lang.reflect.Method.invoke(Method.java:566)
	at org.junit.runners.model.FrameworkMethod$1.runReflectiveCall(FrameworkMethod.java:44)
	at org.junit.internal.runners.model.ReflectiveCallable.run(ReflectiveCallable.java:15)
	at org.junit.runners.model.FrameworkMethod.invokeExplosively(FrameworkMethod.java:41)
	at junitparams.internal.InvokeParameterisedMethod.evaluate(InvokeParameterisedMethod.java:102)
	at org.junit.internal.runners.statements.FailOnTimeout$1.run(FailOnTimeout.java:28)
Caused by: ptolemy.kernel.util.IllegalActionException: Found a zero delay loop containing .dependencyLoop2.original
  in .dependencyLoop2 and .dependencyLoop2.original
	at ptolemy.actor.util.CausalityInterfaceForComposites._computeOutputPortDepth(CausalityInterfaceForComposites.java:759)
	at ptolemy.actor.util.CausalityInterfaceForComposites._computeInputDepth(CausalityInterfaceForComposites.java:696)
	at ptolemy.actor.util.CausalityInterfaceForComposites._computeOutputPortDepth(CausalityInterfaceForComposites.java:765)
	at ptolemy.actor.util.CausalityInterfaceForComposites._computeInputDepth(CausalityInterfaceForComposites.java:696)
	at ptolemy.actor.util.CausalityInterfaceForComposites._computeOutputPortDepth(CausalityInterfaceForComposites.java:765)
	at ptolemy.actor.util.CausalityInterfaceForComposites._computeInputDepth(CausalityInterfaceForComposites.java:696)
	at ptolemy.actor.util.CausalityInterfaceForComposites._computeActorDepth(CausalityInterfaceForComposites.java:532)
	at ptolemy.actor.util.CausalityInterfaceForComposites.checkForCycles(CausalityInterfaceForComposites.java:96)
	at ptolemy.domains.de.kernel.DEDirector.preinitialize(DEDirector.java:1338)
	at ptolemy.actor.CompositeActor.preinitialize(CompositeActor.java:1828)
	at ptolemy.actor.Manager.preinitializeAndResolveTypes(Manager.java:1040)
	at ptolemy.actor.Manager.initialize(Manager.java:710)
	at ptolemy.actor.Manager.execute(Manager.java:356)
	at ptolemy.actor.Manager.run(Manager.java:1263)
	at ptolemy.actor.Manager$PtolemyRunThread.run(Manager.java:1933)
]]></system-err>
</testsuite>
