<?xml version="1.0" encoding="UTF-8" ?>
<testsuite errors="0" failures="1" hostname="travis-job-0955ac6f-ad02-468a-8081-a64d1bc7f560" name="ptolemy.actor.lib.test.junit.JUnitTclTest" skipped="0" tests="517" time="67.092" timestamp="2019-08-28T05:35:57">
  <properties>
    <property name="npm.executable" value="npm" />
    <property name="env.TRAVIS_ROOT" value="/" />
    <property name="ptII.mk.exists" value="true" />
    <property name="env.TRAVIS_APP_HOST" value="build.travis-ci.org" />
    <property name="env.rvm_bin_path" value="/home/travis/.rvm/bin" />
    <property name="java.home" value="/usr/local/lib/jvm/openjdk11" />
    <property name="env.TRAVIS_JOB_NUMBER" value="1310.8" />
    <property name="env.TRAVIS_HOME" value="/home/travis" />
    <property name="env.DISPLAY" value=":99.0" />
    <property name="env.TRAVIS_INIT" value="systemd" />
    <property name="env.SSH_TTY" value="/dev/pts/0" />
    <property name="java.net.preferIPv4Stack" value="true" />
    <property name="env.RUN_TESTS" value="true" />
    <property name="timeout.short" value="1000000" />
    <property name="junit.formatter" value="xml" />
    <property name="env.TRAVIS_SUDO" value="true" />
    <property name="env.TRAVIS_JOB_NAME" value="" />
    <property name="env.TRAVIS_STACK_NODE_ATTRIBUTES" value="/.node-attributes.yml" />
    <property name="env.LOGNAME" value="travis" />
    <property name="env.PT_TRAVIS_TEST_CORE1_XML" value="true" />
    <property name="jsdoc.home" value="node_modules/@terraswarm/jsdoc" />
    <property name="debuglevel" value="source,lines,vars" />
    <property name="checkstyle.formatter" value="xml" />
    <property name="env._system_version" value="16.04" />
    <property name="bin.vergil.makeable" value="true" />
    <property name="sun.os.patch.level" value="unknown" />
    <property name="java.vendor.url" value="http://java.oracle.com/" />
    <property name="env.TRAVIS_BUILD_WEB_URL" value="https://travis-ci.org/icyphy/ptII/builds/577678225" />
    <property name="java.version" value="11.0.2" />
    <property name="env.TZ" value="UTC" />
    <property name="env.TRAVIS_PULL_REQUEST_SHA" value="" />
    <property name="env.PT_NO_NET" value="true" />
    <property name="env.TRAVIS_SECURE_ENV_VARS" value="true" />
    <property name="env._system_type" value="Linux" />
    <property name="java.vendor.url.bug" value="http://bugreport.java.com/bugreport/" />
    <property name="npmjs-org-is-up" value="true" />
    <property name="env.LANGUAGE" value="en_US.UTF-8" />
    <property name="env.SSH_CLIENT" value="10.24.5.15 59690 22" />
    <property name="env.GEM_HOME" value="/home/travis/.rvm/gems/ruby-2.5.3" />
    <property name="env.HAS_ANTARES_THREE_LITTLE_FRONZIES_BADGE" value="true" />
    <property name="java.version.date" value="2019-01-15" />
    <property name="env.PS4" value="+" />
    <property name="ant.project.invoked-targets" value="build,test.core1.xml" />
    <property name="env.TRAVIS_PULL_REQUEST_BRANCH" value="" />
    <property name="env.TRAVIS_REPO_SLUG" value="icyphy/ptII" />
    <property name="env.XDG_DATA_DIRS" value="/usr/local/share:/usr/share:/var/lib/snapd/desktop" />
    <property name="jdk.debug" value="release" />
    <property name="env.TRAVIS_APT_PROXY" value="http://apt.cache.travis-ci.com" />
    <property name="node.in.path" value="true" />
    <property name="user.name" value="travis" />
    <property name="java.maxmemory" value="1400m" />
    <property name="env.RUBY_VERSION" value="ruby-2.5.3" />
    <property name="env.LANG" value="en_US.UTF-8" />
    <property name="sun.io.unicode.encoding" value="UnicodeLittle" />
    <property name="sun.jnu.encoding" value="UTF-8" />
    <property name="java.runtime.name" value="OpenJDK Runtime Environment" />
    <property name="usefile" value="false" />
    <property name="return.code" value="0" />
    <property name="junit.single.formatter" value="plain" />
    <property name="env.DYLD_LIBRARY_PATH" value="/home/travis/pthla/certi-tools/lib:" />
    <property name="env.DEBIAN_FRONTEND" value="noninteractive" />
    <property name="env.SSH_CONNECTION" value="10.24.5.15 59690 10.20.1.228 22" />
    <property name="env.MYSQL_UNIX_PORT" value="/var/run/mysqld/mysqld.sock" />
    <property name="env.LC_ALL" value="en_US.UTF-8" />
    <property name="env.TRAVIS_ALLOW_FAILURE" value="false" />
    <property name="env.TRAVIS_JOB_WEB_URL" value="https://travis-ci.org/icyphy/ptII/jobs/577678233" />
    <property name="java.specification.name" value="Java Platform API Specification" />
    <property name="node.works" value="true" />
    <property name="user.timezone" value="" />
    <property name="path.separator" value=":" />
    <property name="env.TRAVIS_ENABLE_INFRA_DETECTION" value="true" />
    <property name="env.PYTHON_CFLAGS" value="-g -fstack-protector --param=ssp-buffer-size=4 -Wformat -Werror=format-security" />
    <property name="timeout.long" value="4000000" />
    <property name="env.CERTI_HOME" value="/home/travis/pthla/certi-tools" />
    <property name="ant.file.ptII" value="/home/travis/build/icyphy/ptII/build.xml" />
    <property name="javadoc.packagenames" value="com.*,diva.*,lbnl.*,org.hlacerti.*,org.json.*,org.ptolemy.*,org.terraswarm.*,ptolemy.*,ptserver.*" />
    <property name="file.encoding" value="UTF-8" />
    <property name="env.TRAVIS_PULL_REQUEST_SLUG" value="" />
    <property name="ant.project.default-target" value="build" />
    <property name="env.GIT_ASKPASS" value="echo" />
    <property name="env.HOME" value="/home/travis" />
    <property name="sun.java.command" value="org.apache.tools.ant.taskdefs.optional.junit.JUnitTestRunner ptolemy.actor.lib.test.junit.JUnitTclTest skipNonTests=false filtertrace=true haltOnError=false haltOnFailure=false formatter=org.apache.tools.ant.taskdefs.optional.junit.OutErrSummaryJUnitResultFormatter showoutput=true outputtoformatters=true logfailedtests=true threadid=0 logtestlistenerevents=false formatter=org.apache.tools.ant.taskdefs.optional.junit.XMLJUnitResultFormatter,/home/travis/build/icyphy/ptII/reports/junit/TEST-ptolemy.actor.lib.test.junit.JUnitTclTest.xml crashfile=/home/travis/build/icyphy/ptII/junitvmwatcher7835199695651084120.properties propsfile=/home/travis/build/icyphy/ptII/junit6184050692283832875.properties" />
    <property name="env.COMPOSER_NO_INTERACTION" value="1" />
    <property name="env.MANPATH" value="/home/travis/.nvm/versions/node/v7.10.1/share/man:/home/travis/.rvm/rubies/ruby-2.5.3/share/man:/usr/local/cmake-3.12.4/man:/usr/local/clang-7.0.0/share/man:/usr/local/man:/usr/local/share/man:/usr/share/man:/home/travis/.rvm/man" />
    <property name="env.TRAVIS_TIMER_ID" value="094c6f58" />
    <property name="ant.file" value="/home/travis/build/icyphy/ptII/build.xml" />
    <property name="env.TRAVIS_COMMIT_RANGE" value="42e172ae347fdc5d0e580488fa33ff6bc00cac99...f9c12c6b2ccbd758ceec4e9ffc44e2f31da246f0" />
    <property name="env._system_name" value="Ubuntu" />
    <property name="ptII.classpath.optional.property" value="/home/travis/build/icyphy/ptII/lib/bsh-2.0b4.jar:/home/travis/build/icyphy/ptII/lib/ptCal.jar:/home/travis/build/icyphy/ptII/lib/java_cup.jar:/home/travis/build/icyphy/ptII/lib/saxon8.jar:/home/travis/build/icyphy/ptII/lib/saxon8-dom.jar:/home/travis/build/icyphy/ptII/lib/chic.jar:/home/travis/build/icyphy/ptII/lib/ptcolt.jar:/home/travis/build/icyphy/ptII/vendors/misc/itext/iText.jar:/home/travis/build/icyphy/ptII/lib/g4ltl.jar:/home/travis/build/icyphy/ptII/lib/StructuralCoder.jar:/home/travis/build/icyphy/ptII/lib/jcerti.jar:/home/travis/build/icyphy/ptII/lib/javax.mail.jar:/home/travis/build/icyphy/ptII/vendors/JMF-2.1.1e/lib/jmf.jar:/home/travis/build/icyphy/ptII/lib/jna-4.0.0-variadic.jar:/home/travis/build/icyphy/ptII/vendors/misc/joystick/Joystick.jar:/home/travis/build/icyphy/ptII/lib/ptjacl.jar:/home/travis/build/icyphy/ptII/lib/jsoup-1.8.2.jar:/home/travis/build/icyphy/ptII/lib/junit-4.8.2.jar:/home/travis/build/icyphy/ptII/lib/JUnitParams-0.4.0.jar:/home/travis/build/icyphy/ptII/ptolemy/actor/lib/excel/jxl.jar:/home/travis/build/icyphy/ptII/lib/jython.jar:/home/travis/build/icyphy/ptII/lib/kieler.jar:/home/travis/build/icyphy/ptII/vendors/opencv/share/OpenCV/java/opencv-341.jar:/home/travis/build/icyphy/ptII/lib/oscP5.jar:/home/travis/build/icyphy/ptII/lib/nrjavaserial-3.11.0.devel.jar:/home/travis/build/icyphy/ptII/vendors/j3d/lib/Linux/j3dcore.jar:/home/travis/build/icyphy/ptII/vendors/j3d/lib/Linux/j3dutils.jar:/home/travis/build/icyphy/ptII/vendors/j3d/lib/Linux/vecmath.jar:/home/travis/build/icyphy/ptII/vendors/jogl/lib/Linux/gluegen-rt-natives-linux-amd64.jar:/home/travis/build/icyphy/ptII/vendors/jogl/lib/Linux/gluegen-rt.jar:/home/travis/build/icyphy/ptII/vendors/jogl/lib/Linux/jogl-all-natives-linux-amd64.jar:/home/travis/build/icyphy/ptII/vendors/jogl/lib/Linux/jogl-all.jar:/home/travis/build/icyphy/ptII/ptolemy/distributed/jini/jar/jini-core.jar:/home/travis/build/icyphy/ptII/ptolemy/distributed/jini/jar/jini-ext.jar:/home/travis/build/icyphy/ptII/ptolemy/distributed/jini/jar/sun-util.jar:/home/travis/build/icyphy/ptII/lib/protobuf-java-2.4.1.jar:/home/travis/build/icyphy/ptII/lib/org.eclipse.paho.client.mqttv3.jar:/home/travis/build/icyphy/ptII/lib/mapss.jar:/home/travis/build/icyphy/ptII/ptolemy/actor/ptalon/antlr/antlr.jar:/home/travis/build/icyphy/ptII/lib/JRI.jar:/home/travis/build/icyphy/ptII/lib/commons-lang-2.6.jar:/home/travis/build/icyphy/ptII/lib/commons-logging-1.1.1.jar:/home/travis/build/icyphy/ptII/lib/sootclasses.jar:/home/travis/build/icyphy/ptII/ptolemy/actor/lib/database/mysql-connector-java-5.1.6-bin.jar:/home/travis/build/icyphy/ptII/vendors/misc/sphinx4/sphinx4-data-5prealpha.jar:/home/travis/build/icyphy/ptII/vendors/misc/sphinx4/sphinx4-core-5prealpha.jar:/home/travis/build/icyphy/ptII/lib/PDFRenderer.jar:/home/travis/build/icyphy/ptII/lib/svgSalamander.jar:/home/travis/build/icyphy/ptII/lib/rsyntaxtextarea-2.6.0-SNAPSHOT.jar:/home/travis/build/icyphy/ptII/lib/hazelcast-3.8.2.jar:/home/travis/build/icyphy/ptII/lib/jackson-annotations-2.9.0.jar:/home/travis/build/icyphy/ptII/lib/jackson-core-2.9.3.jar:/home/travis/build/icyphy/ptII/lib/jackson-databind-2.9.3.jar:/home/travis/build/icyphy/ptII/lib/netty-buffer-4.1.19.Final.jar:/home/travis/build/icyphy/ptII/lib/netty-codec-4.1.19.Final.jar:/home/travis/build/icyphy/ptII/lib/netty-codec-dns-4.1.19.Final.jar:/home/travis/build/icyphy/ptII/lib/netty-codec-http-4.1.19.Final.jar:/home/travis/build/icyphy/ptII/lib/netty-codec-http2-4.1.19.Final.jar:/home/travis/build/icyphy/ptII/lib/netty-common-4.1.19.Final.jar:/home/travis/build/icyphy/ptII/lib/netty-handler-4.1.19.Final.jar:/home/travis/build/icyphy/ptII/lib/netty-resolver-4.1.19.Final.jar:/home/travis/build/icyphy/ptII/lib/netty-resolver-dns-4.1.19.Final.jar:/home/travis/build/icyphy/ptII/lib/netty-transport-4.1.19.Final.jar:/home/travis/build/icyphy/ptII/lib/vertx-codegen-3.5.1.jar:/home/travis/build/icyphy/ptII/lib/vertx-core-3.5.2-SNAPSHOT.jar:/home/travis/build/icyphy/ptII/lib/vertx-hazelcast-3.5.1.jar:/home/travis/build/icyphy/ptII/lib/vertx-lang-js-3.5.1.jar:/home/travis/build/icyphy/ptII/lib/vertx-service-proxy-3.5.1.jar:/home/travis/build/icyphy/ptII/lib/vertx-web-3.5.1.jar:/home/travis/build/icyphy/ptII/lib/slf4j-api-1.7.13.jar:/home/travis/build/icyphy/ptII/lib/slf4j-simple-1.7.13.jar:/home/travis/build/icyphy/ptII/lib/webcam-capture-0.3.12.jar:/home/travis/build/icyphy/ptII/lib/bridj-0.7.0.jar:/home/travis/build/icyphy/ptII/lib/xbjlib-1.1.0.nrjavaserial.jar" />
    <property name="timeout" value="2400000" />
    <property name="test.batch" value="**/junit/*.java" />
    <property name="env._" value="/usr/bin/timeout" />
    <property name="java.io.tmpdir" value="/tmp" />
    <property name="user.language" value="en" />
    <property name="env.TRAVIS_INTERNAL_RUBY_REGEX" value="^ruby-(2\.[0-4]\.[0-9]|1\.9\.3)" />
    <property name="env.HISTCONTROL" value="ignoredups:ignorespace" />
    <property name="env.GOROOT" value="/home/travis/.gimme/versions/go1.11.1.linux.amd64" />
    <property name="line.separator" value="&#xa;" />
    <property name="target" value="11" />
    <property name="env.TRAVIS_BUILD_DIR" value="/home/travis/build/icyphy/ptII" />
    <property name="env.ANT_OPTS" value="-Xmx2048m" />
    <property name="ant.file.type" value="file" />
    <property name="ptolemy.ptII.batchMode" value="true" />
    <property name="env.HISTSIZE" value="1000" />
    <property name="env.MERB_ENV" value="test" />
    <property name="java.vm.info" value="mixed mode" />
    <property name="source" value="11" />
    <property name="java.vm.specification.name" value="Java Virtual Machine Specification" />
    <property name="env.TRAVIS_TEST_RESULT" value="0" />
    <property name="jsdoc.command" value="node_modules/@terraswarm/jsdoc/jsdoc.js" />
    <property name="npm.works" value="true" />
    <property name="cobertura.dir" value="/home/travis/build/icyphy/ptII/vendors/cobertura-2.0.3" />
    <property name="jsdoc.command.exists" value="true" />
    <property name="env.rvm_path" value="/home/travis/.rvm" />
    <property name="env.GEM_PATH" value="/home/travis/.rvm/gems/ruby-2.5.3:/home/travis/.rvm/gems/ruby-2.5.3@global" />
    <property name="env.LC_CTYPE" value="en_US.UTF-8" />
    <property name="env.TRAVIS_CMD" value="$PTII/bin/ptIITravisBuild.sh $SECONDS" />
    <property name="java.awt.printerjob" value="sun.print.PSPrinterJob" />
    <property name="env.TRAVIS_STACK_NAME" value="sardonyx" />
    <property name="env.TRAVIS_TIMER_START_TIME" value="1566969838707425227" />
    <property name="ant.version" value="Apache Ant(TM) version 1.10.1 compiled on February 2 2017" />
    <property name="ptII.reports" value="/home/travis/build/icyphy/ptII/reports" />
    <property name="env.TRAVIS_STACK_TIMESTAMP" value="2019-03-25 16:16:56 UTC" />
    <property name="ant.file.type.ptII" value="file" />
    <property name="env.RBENV_SHELL" value="bash" />
    <property name="os.name" value="Linux" />
    <property name="java.specification.vendor" value="Oracle Corporation" />
    <property name="env.rvm_version" value="1.29.7 (latest)" />
    <property name="env.TRAVIS_INFRA" value="unknown" />
    <property name="env.TERM" value="xterm" />
    <property name="java.vm.name" value="OpenJDK 64-Bit Server VM" />
    <property name="env.TRAVIS_BUILD_NUMBER" value="1310" />
    <property name="env.CI" value="true" />
    <property name="java.library.path" value="/home/travis/pthla/certi-tools/lib:/usr/lib/jni:/usr/local/share/OpenCV/java/:/usr/share/OpenCV/java::/usr/java/packages/lib:/usr/lib64:/lib64:/lib:/usr/lib" />
    <property name="jdk.module.path" value="/home/travis/build/icyphy/ptII/vendors/javafx/javafx-sdk-11.0.2/lib:" />
    <property name="env.rvm_prefix" value="/home/travis" />
    <property name="env.PATH" value="/home/travis/pthla/certi-tools/share/scripts:/home/travis/.rvm/gems/ruby-2.5.3/bin:/home/travis/.rvm/gems/ruby-2.5.3@global/bin:/home/travis/.rvm/rubies/ruby-2.5.3/bin:/home/travis/.rvm/bin:/home/travis/.nvm/versions/node/v7.10.1/bin:./node_modules/.bin:/home/travis/build/icyphy/ptII/bin:/home/travis/pthla/certi-tools/bin:/home/travis/bin:/home/travis/.local/bin:/usr/local/lib/jvm/openjdk11/bin:/opt/pyenv/shims:/home/travis/.phpenv/shims:/home/travis/perl5/perlbrew/bin:/home/travis/gopath/bin:/home/travis/.gimme/versions/go1.11.1.linux.amd64/bin:/usr/local/maven-3.6.0/bin:/usr/local/cmake-3.12.4/bin:/usr/local/clang-7.0.0/bin:/usr/local/sbin:/usr/local/bin:/usr/sbin:/usr/bin:/sbin:/bin:/snap/bin:/home/travis/.phpenv/bin:/opt/pyenv/bin:/home/travis/.yarn/bin" />
    <property name="env.TRAVIS_OS_NAME" value="linux" />
    <property name="ant.java.version" value="9" />
    <property name="basedir" value="/home/travis/build/icyphy/ptII" />
    <property name="java.class.version" value="55.0" />
    <property name="env.SHLVL" value="3" />
    <property name="env.LD_LIBRARY_PATH" value="/home/travis/pthla/certi-tools/lib:/usr/lib/jni:/usr/local/share/OpenCV/java/:/usr/share/OpenCV/java:" />
    <property name="env.RACK_ENV" value="test" />
    <property name="ant.home" value="/home/travis/build/icyphy/ptII/ant" />
    <property name="env.NVM_DIR" value="/home/travis/.nvm" />
    <property name="env.CERTI_FOM_PATH" value="/home/travis/pthla/certi-tools/share/federations" />
    <property name="env.TRAVIS_BUILD_ID" value="577678225" />
    <property name="env.PYENV_ROOT" value="/opt/pyenv" />
    <property name="env.TRAVIS_UID" value="2000" />
    <property name="prism.verbose" value="true" />
    <property name="env.NVM_BIN" value="/home/travis/.nvm/versions/node/v7.10.1/bin" />
    <property name="env.TRAVIS_COMMIT" value="f9c12c6b2ccbd758ceec4e9ffc44e2f31da246f0" />
    <property name="env._system_arch" value="x86_64" />
    <property name="node.executable" value="node" />
    <property name="sun.boot.library.path" value="/usr/local/lib/jvm/openjdk11/lib" />
    <property name="sun.management.compiler" value="HotSpot 64-Bit Tiered Compilers" />
    <property name="java.awt.graphicsenv" value="sun.awt.X11GraphicsEnvironment" />
    <property name="env.GOPATH" value="/home/travis/gopath" />
    <property name="ptolemy.ptII.dir" value="/home/travis/build/icyphy/ptII" />
    <property name="env.USER" value="travis" />
    <property name="env.HISTFILESIZE" value="2000" />
    <property name="timeout.longest" value="19000000" />
    <property name="env.PERLBREW_SHELLRC_VERSION" value="0.86" />
    <property name="env.TRAVIS_STACK_FEATURES" value="basic couchdb disabled-ipv6 docker docker-compose elasticsearch firefox go-toolchain google-chrome jdk memcached mongodb mysql nodejs_interpreter perl_interpreter perlbrew phantomjs postgresql python_interpreter redis ruby_interpreter sqlite xserver" />
    <property name="env.TRAVIS_PULL_REQUEST" value="false" />
    <property name="env.PYENV_SHELL" value="bash" />
    <property name="ant.project.name" value="ptII" />
    <property name="env.ANSI_RESET" value="\033[0m" />
    <property name="java.vm.specification.version" value="11" />
    <property name="env.TRAVIS_DIST" value="xenial" />
    <property name="env.CERTI_VERSION" value="4.0.0" />
    <property name="env.CERTI_HOST" value="localhost" />
    <property name="awt.toolkit" value="sun.awt.X11.XToolkit" />
    <property name="env.MY_RUBY_HOME" value="/home/travis/.rvm/rubies/ruby-2.5.3" />
    <property name="sun.cpu.isalist" value="" />
    <property name="env.TRAVIS_TMPDIR" value="/tmp/tmp.gGr6wyX47Y" />
    <property name="java.vm.compressedOopsMode" value="Zero based" />
    <property name="os.version" value="4.15.0-1028-gcp" />
    <property name="user.home" value="/home/travis" />
    <property name="java.vm.vendor" value="Oracle Corporation" />
    <property name="env.TRAVIS_TAG" value="nightly" />
    <property name="env.ANSI_YELLOW" value="\033[33;1m" />
    <property name="env.TRAVIS_FILTERED" value="redirect_io" />
    <property name="env.ANSI_GREEN" value="\033[32;1m" />
    <property name="env.JAVA_HOME" value="/usr/local/lib/jvm/openjdk11" />
    <property name="javadoc.excludepackagenames" value="adm.cvs2svn.*,build.*,config.*,doc.coding.templates.*,jni.test.jni.meaningOfLife.*,jni.test.jni.testDeux.*,jni.test.jni.testTrois.*,org.terraswarm.accessor.accessors.web.node_modules.*,org.terraswarm.accessor.accessors.web.hosts.cordova.demo.*,org.terraswarm.accessor.accessors.web.hosts.cordova.plugins.*,org.terraswarm.accessor.accessors-svn.*,pt-modules.*,ptolemy.apps.agilent.*,ptolemy.apps.anytimecontrol.*,ptolemy.apps.apes.*,ptolemy.apps.charon.*,ptolemy.apps.crazyboard.*,ptolemy.apps.eclipse.*,ptolemy.apps.etherealSting.*,ptolemy.apps.fullscreen.*,ptolemy.apps.giotto.*,ptolemy.apps.ia.*,ptolemy.apps.interfaces.*,ptolemy.apps.jmf.*,ptolemy.apps.kurt.*,ptolemy.apps.kvm.*,ptolemy.apps.lego.*,ptolemy.apps.lejos.*,ptolemy.apps.midp.*,ptolemy.apps.mobileCoding.*,ptolemy.apps.pendulum.*,ptolemy.apps.rijndael.*,ptolemy.apps.robot.*,ptolemy.apps.security.*,ptolemy.apps.sobel.*,ptolemy.apps.soot.*,ptolemy.apps.throttle.*,ptolemy.apps.tini.*,ptolemy.apps.transmission.*,ptolemy.apps.vergil.*,ptolemy.apps.waba.*,ptolemy.apps.websensor.*,ptolemy.apps.webstart.*,ptolemy.apps.xsl.*,ptolemy.apps.zaurus.*,ptolemy.codegen.c.actor.lib.oldJavaFiles.*,ptolemy.codegen.dsp.lib.*,ptolemy.codegen.kernel.newInterfaces.*,ptolemy.codegen.lib.*,ptolemy.copernicus.kernel.fragment.*,ptolemy.copernicus.shallow.cg.*,ptolemy.domains.giotto.demo.Hierarchy.Hierarchy.*,ptolemy.domains.giotto.demo.Multimode.Multimode.*,ptolemy.domains.giotto.demo.Simple.Simple.*,ptolemy.domains.gr.lib.experimental.*,ptolemy.domains.gro.*,ptolemy.domains.pdf.*,ptolemy.domains.ptinyos.demo.Surge.output.*,ptolemy.moml.test.NoPackageActor.java*,ptolemy.plot.adm.*,ptolemy.plot.servlet.*,reports.*,signed.*,src.*,target.*,vendors.*,ptolemy.copernicus.applet.*,ptolemy.media.viewer.*,ptolemy.actor.corba.*,doc.doclets.*,ptolemy.apps.eclipse.awt.*,ptolemy.backtrack.*,ptolemy.backtrack.ast.*,ptolemy.cg.adapter.generic.program.procedural.c.mbed*,ptolemy.homer.*,ptolemy.actor.lib.jai.*,org.ptolemy.scala.*,diva.util.java2d.svg.*,ptolemy.domains.ptinyos.*,ptolemy.actor.lib.fmi.fmipp.*,,org.terraswarm.accessor.accessors.web.node_modules.*,org.terraswarm.accessor.accessors-svn,ptolemy.apps.*,ptolemy.actor.ptalon.demo.ptinyos.SendAndReceiveCnt.output,ptolemy.actor.ptalon.demo.ptinyos.SenseToLeds.output,ptolemy.domains.ptinyos.demo.CntToLedsAndRfm.output,ptolemy.domains.ptinyos.demo.RfmToLeds.output,ptolemy.domains.ptinyos.demo.SendAndReceiveCnt.output,ptolemy.domains.ptinyos.demo.SenseToLeds.output,ptolemy.actor.lib.jjs.modules.udpSocket.*" />
    <property name="env.PTII" value="/home/travis/build/icyphy/ptII" />
    <property name="env.XDG_SESSION_ID" value="2" />
    <property name="keystore" value="ptKeystore" />
    <property name="env.TRAVIS_COMMIT_MESSAGE" value="Removed mention of svn." />
    <property name="junit.output.dir" value="/home/travis/build/icyphy/ptII/reports/junit" />
    <property name="npm.return.code" value="0" />
    <property name="user.dir" value="/home/travis/build/icyphy/ptII/ptolemy/actor/lib/test" />
    <property name="env.TRAVIS_NODE_VERSION" value="7" />
    <property name="env.TRAVIS_EVENT_TYPE" value="cron" />
    <property name="env.MAIL" value="/var/mail/travis" />
    <property name="env.PERLBREW_ROOT" value="/home/travis/perl5/perlbrew" />
    <property name="env.PWD" value="/home/travis/build/icyphy/ptII" />
    <property name="timeout.npm" value="45000" />
    <property name="env.TRAVIS_ARCH" value="amd64" />
    <property name="sun.cpu.endian" value="little" />
    <property name="env.PAGER" value="cat" />
    <property name="env.TRAVIS_BUILD_STAGE_NAME" value="Test" />
    <property name="env.PERLBREW_HOME" value="/home/travis/.perlbrew" />
    <property name="java.vm.version" value="11.0.2+9" />
    <property name="env.RAILS_ENV" value="test" />
    <property name="java.class.path" value="/home/travis/.ptolemyII:/home/travis/.ptolemyII/*:/home/travis/build/icyphy/ptII:/home/travis/build/icyphy/ptII/lib/bsh-2.0b4.jar:/home/travis/build/icyphy/ptII/lib/ptCal.jar:/home/travis/build/icyphy/ptII/lib/java_cup.jar:/home/travis/build/icyphy/ptII/lib/saxon8.jar:/home/travis/build/icyphy/ptII/lib/saxon8-dom.jar:/home/travis/build/icyphy/ptII/lib/chic.jar:/home/travis/build/icyphy/ptII/lib/ptcolt.jar:/home/travis/build/icyphy/ptII/vendors/misc/itext/iText.jar:/home/travis/build/icyphy/ptII/lib/g4ltl.jar:/home/travis/build/icyphy/ptII/lib/StructuralCoder.jar:/home/travis/build/icyphy/ptII/lib/jcerti.jar:/home/travis/build/icyphy/ptII/lib/javax.mail.jar:/home/travis/build/icyphy/ptII/vendors/JMF-2.1.1e/lib/jmf.jar:/home/travis/build/icyphy/ptII/lib/jna-4.0.0-variadic.jar:/home/travis/build/icyphy/ptII/vendors/misc/joystick/Joystick.jar:/home/travis/build/icyphy/ptII/lib/ptjacl.jar:/home/travis/build/icyphy/ptII/lib/jsoup-1.8.2.jar:/home/travis/build/icyphy/ptII/lib/junit-4.8.2.jar:/home/travis/build/icyphy/ptII/lib/JUnitParams-0.4.0.jar:/home/travis/build/icyphy/ptII/ptolemy/actor/lib/excel/jxl.jar:/home/travis/build/icyphy/ptII/lib/jython.jar:/home/travis/build/icyphy/ptII/lib/kieler.jar:/home/travis/build/icyphy/ptII/vendors/opencv/share/OpenCV/java/opencv-341.jar:/home/travis/build/icyphy/ptII/lib/oscP5.jar:/home/travis/build/icyphy/ptII/lib/nrjavaserial-3.11.0.devel.jar:/home/travis/build/icyphy/ptII/vendors/j3d/lib/Linux/j3dcore.jar:/home/travis/build/icyphy/ptII/vendors/j3d/lib/Linux/j3dutils.jar:/home/travis/build/icyphy/ptII/vendors/j3d/lib/Linux/vecmath.jar:/home/travis/build/icyphy/ptII/vendors/jogl/lib/Linux/gluegen-rt-natives-linux-amd64.jar:/home/travis/build/icyphy/ptII/vendors/jogl/lib/Linux/gluegen-rt.jar:/home/travis/build/icyphy/ptII/vendors/jogl/lib/Linux/jogl-all-natives-linux-amd64.jar:/home/travis/build/icyphy/ptII/vendors/jogl/lib/Linux/jogl-all.jar:/home/travis/build/icyphy/ptII/ptolemy/distributed/jini/jar/jini-core.jar:/home/travis/build/icyphy/ptII/ptolemy/distributed/jini/jar/jini-ext.jar:/home/travis/build/icyphy/ptII/ptolemy/distributed/jini/jar/sun-util.jar:/home/travis/build/icyphy/ptII/lib/protobuf-java-2.4.1.jar:/home/travis/build/icyphy/ptII/lib/org.eclipse.paho.client.mqttv3.jar:/home/travis/build/icyphy/ptII/lib/mapss.jar:/home/travis/build/icyphy/ptII/ptolemy/actor/ptalon/antlr/antlr.jar:/home/travis/build/icyphy/ptII/lib/JRI.jar:/home/travis/build/icyphy/ptII/lib/commons-lang-2.6.jar:/home/travis/build/icyphy/ptII/lib/commons-logging-1.1.1.jar:/home/travis/build/icyphy/ptII/lib/sootclasses.jar:/home/travis/build/icyphy/ptII/ptolemy/actor/lib/database/mysql-connector-java-5.1.6-bin.jar:/home/travis/build/icyphy/ptII/vendors/misc/sphinx4/sphinx4-data-5prealpha.jar:/home/travis/build/icyphy/ptII/vendors/misc/sphinx4/sphinx4-core-5prealpha.jar:/home/travis/build/icyphy/ptII/lib/PDFRenderer.jar:/home/travis/build/icyphy/ptII/lib/svgSalamander.jar:/home/travis/build/icyphy/ptII/lib/rsyntaxtextarea-2.6.0-SNAPSHOT.jar:/home/travis/build/icyphy/ptII/lib/hazelcast-3.8.2.jar:/home/travis/build/icyphy/ptII/lib/jackson-annotations-2.9.0.jar:/home/travis/build/icyphy/ptII/lib/jackson-core-2.9.3.jar:/home/travis/build/icyphy/ptII/lib/jackson-databind-2.9.3.jar:/home/travis/build/icyphy/ptII/lib/netty-buffer-4.1.19.Final.jar:/home/travis/build/icyphy/ptII/lib/netty-codec-4.1.19.Final.jar:/home/travis/build/icyphy/ptII/lib/netty-codec-dns-4.1.19.Final.jar:/home/travis/build/icyphy/ptII/lib/netty-codec-http-4.1.19.Final.jar:/home/travis/build/icyphy/ptII/lib/netty-codec-http2-4.1.19.Final.jar:/home/travis/build/icyphy/ptII/lib/netty-common-4.1.19.Final.jar:/home/travis/build/icyphy/ptII/lib/netty-handler-4.1.19.Final.jar:/home/travis/build/icyphy/ptII/lib/netty-resolver-4.1.19.Final.jar:/home/travis/build/icyphy/ptII/lib/netty-resolver-dns-4.1.19.Final.jar:/home/travis/build/icyphy/ptII/lib/netty-transport-4.1.19.Final.jar:/home/travis/build/icyphy/ptII/lib/vertx-codegen-3.5.1.jar:/home/travis/build/icyphy/ptII/lib/vertx-core-3.5.2-SNAPSHOT.jar:/home/travis/build/icyphy/ptII/lib/vertx-hazelcast-3.5.1.jar:/home/travis/build/icyphy/ptII/lib/vertx-lang-js-3.5.1.jar:/home/travis/build/icyphy/ptII/lib/vertx-service-proxy-3.5.1.jar:/home/travis/build/icyphy/ptII/lib/vertx-web-3.5.1.jar:/home/travis/build/icyphy/ptII/lib/slf4j-api-1.7.13.jar:/home/travis/build/icyphy/ptII/lib/slf4j-simple-1.7.13.jar:/home/travis/build/icyphy/ptII/lib/webcam-capture-0.3.12.jar:/home/travis/build/icyphy/ptII/lib/bridj-0.7.0.jar:/home/travis/build/icyphy/ptII/lib/xbjlib-1.1.0.nrjavaserial.jar:/home/travis/build/icyphy/ptII/ptolemy/moml/test:/home/travis/build/icyphy/ptII/ant/lib/ant-launcher.jar:/home/travis/build/icyphy/ptII/ant/lib/ant.jar:/home/travis/build/icyphy/ptII/ant/lib/ant-junit.jar:/home/travis/build/icyphy/ptII/ant/lib/ant-junit4.jar" />
    <property name="ant.library.dir" value="/home/travis/build/icyphy/ptII/ant/lib" />
    <property name="os.arch" value="amd64" />
    <property name="env.CONTINUOUS_INTEGRATION" value="true" />
    <property name="env.TRAVIS_LANGUAGE" value="node_js" />
    <property name="env.TRAVIS_STACK_LANGUAGES" value="__sardonyx__ c c++ clojure cplusplus cpp default generic go groovy java node_js php pure_java python ruby scala" />
    <property name="test.name" value="ptolemy.actor.lib.test.junit.JUnitTclTest" />
    <property name="env.APT_KEY_DONT_WARN_ON_DANGEROUS_USAGE" value="1" />
    <property name="sun.java.launcher" value="SUN_STANDARD" />
    <property name="env.PYTHON_CONFIGURE_OPTS" value="--enable-unicode=ucs4 --with-wide-unicode --enable-shared --enable-ipv6 --enable-loadable-sqlite-extensions --with-computed-gotos" />
    <property name="ant.core.lib" value="/home/travis/build/icyphy/ptII/ant/lib/ant.jar" />
    <property name="java.vm.specification.vendor" value="Oracle Corporation" />
    <property name="env.BCVTB_HOME" value="/home/travis/build/icyphy/ptII/lbnl" />
    <property name="file.separator" value="/" />
    <property name="spotbugs.home" value="/home/travis/build/icyphy/ptII/vendors/spotbugs-3.1.1" />
    <property name="java.runtime.version" value="11.0.2+9" />
    <property name="env.ANSI_CLEAR" value="\033[0K" />
    <property name="javafx.verbose" value="true" />
    <property name="env.HAS_JOSH_K_SEAL_OF_APPROVAL" value="true" />
    <property name="env.XDG_RUNTIME_DIR" value="/run/user/2000" />
    <property name="env.TRAVIS_OSX_IMAGE" value="" />
    <property name="env.TRAVIS_JOB_ID" value="577678233" />
    <property name="env.TRAVIS_BRANCH" value="master" />
    <property name="user.country" value="US" />
    <property name="env.CERTI_HOME_TRAVIS" value="/home/travis/pthla/certi-tools" />
    <property name="env.SHELL" value="/bin/bash" />
    <property name="java.maxmemory.large" value="3200m" />
    <property name="model" value="" />
    <property name="env.CASHER_DIR" value="/home/travis/.casher" />
    <property name="env.NVM_CD_FLAGS" value="" />
    <property name="java.vendor.version" value="18.9" />
    <property name="jshint.executable" value="/home/travis/node_modules/jshint/bin/jshint" />
    <property name="env.JRUBY_OPTS" value=" --client -J-XX:+TieredCompilation -J-XX:TieredStopAtLevel=1 -J-Xss2m -Xcompile.invokedynamic=false" />
    <property name="java.vendor" value="Oracle Corporation" />
    <property name="env.TRAVIS_PRE_CHEF_BOOTSTRAP_TIME" value="2019-03-25T16:16:42" />
    <property name="env.TRAVIS_STACK_JOB_BOARD_REGISTER" value="/.job-board-register.yml" />
    <property name="env.ANSI_RED" value="\033[31;1m" />
    <property name="java.specification.version" value="11" />
    <property name="env.IRBRC" value="/home/travis/.rvm/rubies/ruby-2.5.3/.irbrc" />
    <property name="env.TRAVIS" value="true" />
    <property name="sun.arch.data.model" value="64" />
  </properties>
  <testcase classname="ptolemy.util.test.junit.TclTests" name="[0] /home/travis/build/icyphy/ptII/ptolemy/actor/lib/test/AbsoluteValue.tcl (RunTclFile)" time="0.543" />
  <testcase classname="ptolemy.util.test.junit.TclTests" name="[1] /home/travis/build/icyphy/ptII/ptolemy/actor/lib/test/AddSubtract.tcl (RunTclFile)" time="0.192" />
  <testcase classname="ptolemy.util.test.junit.TclTests" name="[2] /home/travis/build/icyphy/ptII/ptolemy/actor/lib/test/Average.tcl (RunTclFile)" time="0.071" />
  <testcase classname="ptolemy.util.test.junit.TclTests" name="[3] /home/travis/build/icyphy/ptII/ptolemy/actor/lib/test/Bernoulli.tcl (RunTclFile)" time="0.021" />
  <testcase classname="ptolemy.util.test.junit.TclTests" name="[4] /home/travis/build/icyphy/ptII/ptolemy/actor/lib/test/Clock.tcl (RunTclFile)" time="0.11" />
  <testcase classname="ptolemy.util.test.junit.TclTests" name="[5] /home/travis/build/icyphy/ptII/ptolemy/actor/lib/test/Commutator.tcl (RunTclFile)" time="0.216" />
  <testcase classname="ptolemy.util.test.junit.TclTests" name="[6] /home/travis/build/icyphy/ptII/ptolemy/actor/lib/test/Const.tcl (RunTclFile)" time="0.172" />
  <testcase classname="ptolemy.util.test.junit.TclTests" name="[7] /home/travis/build/icyphy/ptII/ptolemy/actor/lib/test/CurrentTime.tcl (RunTclFile)" time="0.025" />
  <testcase classname="ptolemy.util.test.junit.TclTests" name="[8] /home/travis/build/icyphy/ptII/ptolemy/actor/lib/test/DB.tcl (RunTclFile)" time="0.067" />
  <testcase classname="ptolemy.util.test.junit.TclTests" name="[9] /home/travis/build/icyphy/ptII/ptolemy/actor/lib/test/DiscreteRandomSource.tcl (RunTclFile)" time="0.027" />
  <testcase classname="ptolemy.util.test.junit.TclTests" name="[10] /home/travis/build/icyphy/ptII/ptolemy/actor/lib/test/Distributor.tcl (RunTclFile)" time="0.069" />
  <testcase classname="ptolemy.util.test.junit.TclTests" name="[11] /home/travis/build/icyphy/ptII/ptolemy/actor/lib/test/Exit.tcl (RunTclFile)" time="0.147" />
  <testcase classname="ptolemy.util.test.junit.TclTests" name="[12] /home/travis/build/icyphy/ptII/ptolemy/actor/lib/test/Expression.tcl (RunTclFile)" time="0.123" />
  <testcase classname="ptolemy.util.test.junit.TclTests" name="[13] /home/travis/build/icyphy/ptII/ptolemy/actor/lib/test/Gaussian.tcl (RunTclFile)" time="0.482" />
  <testcase classname="ptolemy.util.test.junit.TclTests" name="[14] /home/travis/build/icyphy/ptII/ptolemy/actor/lib/test/IIR.tcl (RunTclFile)" time="0.044" />
  <testcase classname="ptolemy.util.test.junit.TclTests" name="[15] /home/travis/build/icyphy/ptII/ptolemy/actor/lib/test/Interpolator.tcl (RunTclFile)" time="0.124" />
  <testcase classname="ptolemy.util.test.junit.TclTests" name="[16] /home/travis/build/icyphy/ptII/ptolemy/actor/lib/test/MathFunction.tcl (RunTclFile)" time="0.08" />
  <testcase classname="ptolemy.util.test.junit.TclTests" name="[17] /home/travis/build/icyphy/ptII/ptolemy/actor/lib/test/Maximum.tcl (RunTclFile)" time="0.053" />
  <testcase classname="ptolemy.util.test.junit.TclTests" name="[18] /home/travis/build/icyphy/ptII/ptolemy/actor/lib/test/Minimum.tcl (RunTclFile)" time="0.035" />
  <testcase classname="ptolemy.util.test.junit.TclTests" name="[19] /home/travis/build/icyphy/ptII/ptolemy/actor/lib/test/MultiplyDivide.tcl (RunTclFile)" time="0.045" />
  <testcase classname="ptolemy.util.test.junit.TclTests" name="[20] /home/travis/build/icyphy/ptII/ptolemy/actor/lib/test/OrderedMerge.tcl (RunTclFile)" time="0.14" />
  <testcase classname="ptolemy.util.test.junit.TclTests" name="[21] /home/travis/build/icyphy/ptII/ptolemy/actor/lib/test/Publisher.tcl (RunTclFile)" time="0.951" />
  <testcase classname="ptolemy.util.test.junit.TclTests" name="[22] /home/travis/build/icyphy/ptII/ptolemy/actor/lib/test/Pulse.tcl (RunTclFile)" time="0.073" />
  <testcase classname="ptolemy.util.test.junit.TclTests" name="[23] /home/travis/build/icyphy/ptII/ptolemy/actor/lib/test/Ramp.tcl (RunTclFile)" time="3.038" />
  <testcase classname="ptolemy.util.test.junit.TclTests" name="[24] /home/travis/build/icyphy/ptII/ptolemy/actor/lib/test/RampContinuous.tcl (RunTclFile)" time="0.018" />
  <testcase classname="ptolemy.util.test.junit.TclTests" name="[25] /home/travis/build/icyphy/ptII/ptolemy/actor/lib/test/RecordAssembler.tcl (RunTclFile)" time="0.016" />
  <testcase classname="ptolemy.util.test.junit.TclTests" name="[26] /home/travis/build/icyphy/ptII/ptolemy/actor/lib/test/RecordDisassembler.tcl (RunTclFile)" time="0.022" />
  <testcase classname="ptolemy.util.test.junit.TclTests" name="[27] /home/travis/build/icyphy/ptII/ptolemy/actor/lib/test/Scale.tcl (RunTclFile)" time="0.02" />
  <testcase classname="ptolemy.util.test.junit.TclTests" name="[28] /home/travis/build/icyphy/ptII/ptolemy/actor/lib/test/SequentialClock.tcl (RunTclFile)" time="0.014" />
  <testcase classname="ptolemy.util.test.junit.TclTests" name="[29] /home/travis/build/icyphy/ptII/ptolemy/actor/lib/test/SetVariable.tcl (RunTclFile)" time="0.023">
    <failure message="Number of failed tests is has increased. expected:&lt;0&gt; but was:&lt;1&gt;" type="junit.framework.AssertionFailedError">junit.framework.AssertionFailedError: Number of failed tests is has increased. expected:&lt;0&gt; but was:&lt;1&gt;
	at ptolemy.util.test.junit.TclTests.RunTclFile(TclTests.java:286)
	at jdk.internal.reflect.GeneratedMethodAccessor19.invoke(Unknown Source)
	at java.base/jdk.internal.reflect.DelegatingMethodAccessorImpl.invoke(DelegatingMethodAccessorImpl.java:43)
	at junitparams.internal.InvokeParameterisedMethod.evaluate(InvokeParameterisedMethod.java:102)
	at junitparams.internal.ParameterisedTestMethodRunner.runMethodInvoker(ParameterisedTestMethodRunner.java:47)
	at junitparams.internal.ParameterisedTestMethodRunner.runTestMethod(ParameterisedTestMethodRunner.java:41)
	at junitparams.internal.ParameterisedTestClassRunner.runParameterisedTest(ParameterisedTestClassRunner.java:143)
	at junitparams.JUnitParamsRunner.runChild(JUnitParamsRunner.java:237)
	at junitparams.JUnitParamsRunner.runChild(JUnitParamsRunner.java:215)
</failure>
  </testcase>
  <testcase classname="ptolemy.util.test.junit.TclTests" name="[30] /home/travis/build/icyphy/ptII/ptolemy/actor/lib/test/Sinewave.tcl (RunTclFile)" time="0.063" />
  <testcase classname="ptolemy.util.test.junit.TclTests" name="[31] /home/travis/build/icyphy/ptII/ptolemy/actor/lib/test/SubscriptionAggregator.tcl (RunTclFile)" time="2.713" />
  <testcase classname="ptolemy.util.test.junit.TclTests" name="[32] /home/travis/build/icyphy/ptII/ptolemy/actor/lib/test/Test.tcl (RunTclFile)" time="0.124" />
  <testcase classname="ptolemy.util.test.junit.TclTests" name="[33] /home/travis/build/icyphy/ptII/ptolemy/actor/lib/test/TestExceptionHandler.tcl (RunTclFile)" time="0.011" />
  <testcase classname="ptolemy.util.test.junit.TclTests" name="[34] /home/travis/build/icyphy/ptII/ptolemy/actor/lib/test/UnionDisassembler.tcl (RunTclFile)" time="0.05" />
  <testcase classname="ptolemy.util.test.junit.TclTests" name="[35] /home/travis/build/icyphy/ptII/ptolemy/actor/lib/test/VariableClock.tcl (RunTclFile)" time="0.017" />
  <testcase classname="ptolemy.util.test.junit.AutoKnownFailedTests" name="[0] /home/travis/build/icyphy/ptII/ptolemy/actor/lib/test/auto/knownFailedTests/PublisherPortToplevelSubscriber.xml (RunModel)" time="0.031" />
  <testcase classname="ptolemy.util.test.junit.AutoKnownFailedTests" name="[1] /home/travis/build/icyphy/ptII/ptolemy/actor/lib/test/auto/knownFailedTests/PublisherSubscriberPortToplevel.xml (RunModel)" time="0.026" />
  <testcase classname="ptolemy.util.test.junit.AutoKnownFailedTests" name="[2] /home/travis/build/icyphy/ptII/ptolemy/actor/lib/test/auto/knownFailedTests/PublisherSubscriptionAggregatorPort.xml (RunModel)" time="0.028" />
  <testcase classname="ptolemy.util.test.junit.AutoKnownFailedTests" name="[3] /home/travis/build/icyphy/ptII/ptolemy/actor/lib/test/auto/knownFailedTests/sizedarray3.xml (RunModel)" time="0.044" />
  <testcase classname="ptolemy.util.test.junit.AutoNameArchTests" name="[0] ThereAreNoAutoArchTests (RunModel)" time="0.002" />
  <testcase classname="ptolemy.util.test.junit.AutoTests" name="[0] /home/travis/build/icyphy/ptII/ptolemy/actor/lib/test/auto/AbsoluteValue.xml (RunModel)" time="0.141" />
  <testcase classname="ptolemy.util.test.junit.AutoTests" name="[1] /home/travis/build/icyphy/ptII/ptolemy/actor/lib/test/auto/AbsoluteValue2.xml (RunModel)" time="0.056" />
  <testcase classname="ptolemy.util.test.junit.AutoTests" name="[2] /home/travis/build/icyphy/ptII/ptolemy/actor/lib/test/auto/Accumulator.xml (RunModel)" time="0.041" />
  <testcase classname="ptolemy.util.test.junit.AutoTests" name="[3] /home/travis/build/icyphy/ptII/ptolemy/actor/lib/test/auto/Accumulator2.xml (RunModel)" time="0.019" />
  <testcase classname="ptolemy.util.test.junit.AutoTests" name="[4] /home/travis/build/icyphy/ptII/ptolemy/actor/lib/test/auto/Accumulator3.xml (RunModel)" time="0.048" />
  <testcase classname="ptolemy.util.test.junit.AutoTests" name="[5] /home/travis/build/icyphy/ptII/ptolemy/actor/lib/test/auto/ArrayAppend.xml (RunModel)" time="0.069" />
  <testcase classname="ptolemy.util.test.junit.AutoTests" name="[6] /home/travis/build/icyphy/ptII/ptolemy/actor/lib/test/auto/ArrayAppend2.xml (RunModel)" time="0.441" />
  <testcase classname="ptolemy.util.test.junit.AutoTests" name="[7] /home/travis/build/icyphy/ptII/ptolemy/actor/lib/test/auto/ArrayAppend3.xml (RunModel)" time="0.019" />
  <testcase classname="ptolemy.util.test.junit.AutoTests" name="[8] /home/travis/build/icyphy/ptII/ptolemy/actor/lib/test/auto/ArrayAppend4.xml (RunModel)" time="0.026" />
  <testcase classname="ptolemy.util.test.junit.AutoTests" name="[9] /home/travis/build/icyphy/ptII/ptolemy/actor/lib/test/auto/ArrayAppend5.xml (RunModel)" time="0.026" />
  <testcase classname="ptolemy.util.test.junit.AutoTests" name="[10] /home/travis/build/icyphy/ptII/ptolemy/actor/lib/test/auto/ArrayAppend6.xml (RunModel)" time="0.023" />
  <testcase classname="ptolemy.util.test.junit.AutoTests" name="[11] /home/travis/build/icyphy/ptII/ptolemy/actor/lib/test/auto/ArrayAppendPerformanceTest.xml (RunModel)" time="0.13" />
  <testcase classname="ptolemy.util.test.junit.AutoTests" name="[12] /home/travis/build/icyphy/ptII/ptolemy/actor/lib/test/auto/ArrayAppendWithEmptyInput.xml (RunModel)" time="0.057" />
  <testcase classname="ptolemy.util.test.junit.AutoTests" name="[13] /home/travis/build/icyphy/ptII/ptolemy/actor/lib/test/auto/ArrayAverage.xml (RunModel)" time="0.062" />
  <testcase classname="ptolemy.util.test.junit.AutoTests" name="[14] /home/travis/build/icyphy/ptII/ptolemy/actor/lib/test/auto/ArrayContains.xml (RunModel)" time="0.048" />
  <testcase classname="ptolemy.util.test.junit.AutoTests" name="[15] /home/travis/build/icyphy/ptII/ptolemy/actor/lib/test/auto/ArrayElement.xml (RunModel)" time="0.03" />
  <testcase classname="ptolemy.util.test.junit.AutoTests" name="[16] /home/travis/build/icyphy/ptII/ptolemy/actor/lib/test/auto/ArrayElementAsMatrix.xml (RunModel)" time="0.085" />
  <testcase classname="ptolemy.util.test.junit.AutoTests" name="[17] /home/travis/build/icyphy/ptII/ptolemy/actor/lib/test/auto/ArrayElementI.xml (RunModel)" time="0.017" />
  <testcase classname="ptolemy.util.test.junit.AutoTests" name="[18] /home/travis/build/icyphy/ptII/ptolemy/actor/lib/test/auto/ArrayExtract.xml (RunModel)" time="0.026" />
  <testcase classname="ptolemy.util.test.junit.AutoTests" name="[19] /home/travis/build/icyphy/ptII/ptolemy/actor/lib/test/auto/ArrayExtract2.xml (RunModel)" time="0.019" />
  <testcase classname="ptolemy.util.test.junit.AutoTests" name="[20] /home/travis/build/icyphy/ptII/ptolemy/actor/lib/test/auto/ArrayLength.xml (RunModel)" time="0.015" />
  <testcase classname="ptolemy.util.test.junit.AutoTests" name="[21] /home/travis/build/icyphy/ptII/ptolemy/actor/lib/test/auto/ArrayLevelCrossing.xml (RunModel)" time="0.028" />
  <testcase classname="ptolemy.util.test.junit.AutoTests" name="[22] /home/travis/build/icyphy/ptII/ptolemy/actor/lib/test/auto/ArrayLevelCrossing2.xml (RunModel)" time="0.027" />
  <testcase classname="ptolemy.util.test.junit.AutoTests" name="[23] /home/travis/build/icyphy/ptII/ptolemy/actor/lib/test/auto/ArrayPeakSearch.xml (RunModel)" time="0.052" />
  <testcase classname="ptolemy.util.test.junit.AutoTests" name="[24] /home/travis/build/icyphy/ptII/ptolemy/actor/lib/test/auto/ArrayPeakSearch2.xml (RunModel)" time="0.046" />
  <testcase classname="ptolemy.util.test.junit.AutoTests" name="[25] /home/travis/build/icyphy/ptII/ptolemy/actor/lib/test/auto/ArrayPeakSearch3.xml (RunModel)" time="0.039" />
  <testcase classname="ptolemy.util.test.junit.AutoTests" name="[26] /home/travis/build/icyphy/ptII/ptolemy/actor/lib/test/auto/ArrayRemoveElement.xml (RunModel)" time="0.03" />
  <testcase classname="ptolemy.util.test.junit.AutoTests" name="[27] /home/travis/build/icyphy/ptII/ptolemy/actor/lib/test/auto/ArraySort.xml (RunModel)" time="0.037" />
  <testcase classname="ptolemy.util.test.junit.AutoTests" name="[28] /home/travis/build/icyphy/ptII/ptolemy/actor/lib/test/auto/ArraySum.xml (RunModel)" time="0.019" />
  <testcase classname="ptolemy.util.test.junit.AutoTests" name="[29] /home/travis/build/icyphy/ptII/ptolemy/actor/lib/test/auto/ArrayToElements.xml (RunModel)" time="0.02" />
  <testcase classname="ptolemy.util.test.junit.AutoTests" name="[30] /home/travis/build/icyphy/ptII/ptolemy/actor/lib/test/auto/ArrayToMatrix.xml (RunModel)" time="0.064" />
  <testcase classname="ptolemy.util.test.junit.AutoTests" name="[31] /home/travis/build/icyphy/ptII/ptolemy/actor/lib/test/auto/ArrayUpdate1.xml (RunModel)" time="0.017" />
  <testcase classname="ptolemy.util.test.junit.AutoTests" name="[32] /home/travis/build/icyphy/ptII/ptolemy/actor/lib/test/auto/ArrayUpdate2.xml (RunModel)" time="0.03" />
  <testcase classname="ptolemy.util.test.junit.AutoTests" name="[33] /home/travis/build/icyphy/ptII/ptolemy/actor/lib/test/auto/ArrayUpdate3.xml (RunModel)" time="0.017" />
  <testcase classname="ptolemy.util.test.junit.AutoTests" name="[34] /home/travis/build/icyphy/ptII/ptolemy/actor/lib/test/auto/Assert1.xml (RunModel)" time="0.022" />
  <testcase classname="ptolemy.util.test.junit.AutoTests" name="[35] /home/travis/build/icyphy/ptII/ptolemy/actor/lib/test/auto/Assert2.xml (RunModel)" time="0.015" />
  <testcase classname="ptolemy.util.test.junit.AutoTests" name="[36] /home/travis/build/icyphy/ptII/ptolemy/actor/lib/test/auto/BooleanMultiplexor.xml (RunModel)" time="0.02" />
  <testcase classname="ptolemy.util.test.junit.AutoTests" name="[37] /home/travis/build/icyphy/ptII/ptolemy/actor/lib/test/auto/BooleanMultiplexor2.xml (RunModel)" time="0.028" />
  <testcase classname="ptolemy.util.test.junit.AutoTests" name="[38] /home/travis/build/icyphy/ptII/ptolemy/actor/lib/test/auto/BooleanMultiplexor3.xml (RunModel)" time="0.03" />
  <testcase classname="ptolemy.util.test.junit.AutoTests" name="[39] /home/travis/build/icyphy/ptII/ptolemy/actor/lib/test/auto/BooleanSelect.xml (RunModel)" time="0.024" />
  <testcase classname="ptolemy.util.test.junit.AutoTests" name="[40] /home/travis/build/icyphy/ptII/ptolemy/actor/lib/test/auto/BooleanSelect2.xml (RunModel)" time="0.014" />
  <testcase classname="ptolemy.util.test.junit.AutoTests" name="[41] /home/travis/build/icyphy/ptII/ptolemy/actor/lib/test/auto/BooleanSwitch.xml (RunModel)" time="0.023" />
  <testcase classname="ptolemy.util.test.junit.AutoTests" name="[42] /home/travis/build/icyphy/ptII/ptolemy/actor/lib/test/auto/BooleanSwitch2.xml (RunModel)" time="0.017" />
  <testcase classname="ptolemy.util.test.junit.AutoTests" name="[43] /home/travis/build/icyphy/ptII/ptolemy/actor/lib/test/auto/BooleanSwitchCloningBugWithClassRelationGroup.xml (RunModel)" time="0.04" />
  <testcase classname="ptolemy.util.test.junit.AutoTests" name="[44] /home/travis/build/icyphy/ptII/ptolemy/actor/lib/test/auto/BusActors.xml (RunModel)" time="0.05" />
  <testcase classname="ptolemy.util.test.junit.AutoTests" name="[45] /home/travis/build/icyphy/ptII/ptolemy/actor/lib/test/auto/ClassWrapper.xml (RunModel)" time="0.016" />
  <testcase classname="ptolemy.util.test.junit.AutoTests" name="[46] /home/travis/build/icyphy/ptII/ptolemy/actor/lib/test/auto/Clock.xml (RunModel)" time="0.014" />
  <testcase classname="ptolemy.util.test.junit.AutoTests" name="[47] /home/travis/build/icyphy/ptII/ptolemy/actor/lib/test/auto/Clock10.xml (RunModel)" time="0.019" />
  <testcase classname="ptolemy.util.test.junit.AutoTests" name="[48] /home/travis/build/icyphy/ptII/ptolemy/actor/lib/test/auto/Clock11.xml (RunModel)" time="0.024" />
  <testcase classname="ptolemy.util.test.junit.AutoTests" name="[49] /home/travis/build/icyphy/ptII/ptolemy/actor/lib/test/auto/Clock12.xml (RunModel)" time="0.019" />
  <testcase classname="ptolemy.util.test.junit.AutoTests" name="[50] /home/travis/build/icyphy/ptII/ptolemy/actor/lib/test/auto/Clock13.xml (RunModel)" time="0.017" />
  <testcase classname="ptolemy.util.test.junit.AutoTests" name="[51] /home/travis/build/icyphy/ptII/ptolemy/actor/lib/test/auto/Clock14.xml (RunModel)" time="0.019" />
  <testcase classname="ptolemy.util.test.junit.AutoTests" name="[52] /home/travis/build/icyphy/ptII/ptolemy/actor/lib/test/auto/Clock15.xml (RunModel)" time="0.013" />
  <testcase classname="ptolemy.util.test.junit.AutoTests" name="[53] /home/travis/build/icyphy/ptII/ptolemy/actor/lib/test/auto/Clock16.xml (RunModel)" time="0.097" />
  <testcase classname="ptolemy.util.test.junit.AutoTests" name="[54] /home/travis/build/icyphy/ptII/ptolemy/actor/lib/test/auto/Clock17.xml (RunModel)" time="0.09" />
  <testcase classname="ptolemy.util.test.junit.AutoTests" name="[55] /home/travis/build/icyphy/ptII/ptolemy/actor/lib/test/auto/Clock18.xml (RunModel)" time="0.06" />
  <testcase classname="ptolemy.util.test.junit.AutoTests" name="[56] /home/travis/build/icyphy/ptII/ptolemy/actor/lib/test/auto/Clock19.xml (RunModel)" time="0.045" />
  <testcase classname="ptolemy.util.test.junit.AutoTests" name="[57] /home/travis/build/icyphy/ptII/ptolemy/actor/lib/test/auto/Clock2.xml (RunModel)" time="0.018" />
  <testcase classname="ptolemy.util.test.junit.AutoTests" name="[58] /home/travis/build/icyphy/ptII/ptolemy/actor/lib/test/auto/Clock20.xml (RunModel)" time="0.026" />
  <testcase classname="ptolemy.util.test.junit.AutoTests" name="[59] /home/travis/build/icyphy/ptII/ptolemy/actor/lib/test/auto/Clock21.xml (RunModel)" time="0.024" />
  <testcase classname="ptolemy.util.test.junit.AutoTests" name="[60] /home/travis/build/icyphy/ptII/ptolemy/actor/lib/test/auto/Clock22.xml (RunModel)" time="0.019" />
  <testcase classname="ptolemy.util.test.junit.AutoTests" name="[61] /home/travis/build/icyphy/ptII/ptolemy/actor/lib/test/auto/Clock23.xml (RunModel)" time="0.019" />
  <testcase classname="ptolemy.util.test.junit.AutoTests" name="[62] /home/travis/build/icyphy/ptII/ptolemy/actor/lib/test/auto/Clock24.xml (RunModel)" time="0.02" />
  <testcase classname="ptolemy.util.test.junit.AutoTests" name="[63] /home/travis/build/icyphy/ptII/ptolemy/actor/lib/test/auto/Clock4.xml (RunModel)" time="0.012" />
  <testcase classname="ptolemy.util.test.junit.AutoTests" name="[64] /home/travis/build/icyphy/ptII/ptolemy/actor/lib/test/auto/Clock5.xml (RunModel)" time="0.014" />
  <testcase classname="ptolemy.util.test.junit.AutoTests" name="[65] /home/travis/build/icyphy/ptII/ptolemy/actor/lib/test/auto/Clock6.xml (RunModel)" time="0.013" />
  <testcase classname="ptolemy.util.test.junit.AutoTests" name="[66] /home/travis/build/icyphy/ptII/ptolemy/actor/lib/test/auto/Clock7.xml (RunModel)" time="0.026" />
  <testcase classname="ptolemy.util.test.junit.AutoTests" name="[67] /home/travis/build/icyphy/ptII/ptolemy/actor/lib/test/auto/Clock8.xml (RunModel)" time="0.021" />
  <testcase classname="ptolemy.util.test.junit.AutoTests" name="[68] /home/travis/build/icyphy/ptII/ptolemy/actor/lib/test/auto/Clock9.xml (RunModel)" time="0.016" />
  <testcase classname="ptolemy.util.test.junit.AutoTests" name="[69] /home/travis/build/icyphy/ptII/ptolemy/actor/lib/test/auto/CommDistDiscard.xml (RunModel)" time="0.028" />
  <testcase classname="ptolemy.util.test.junit.AutoTests" name="[70] /home/travis/build/icyphy/ptII/ptolemy/actor/lib/test/auto/Commutator.xml (RunModel)" time="0.016" />
  <testcase classname="ptolemy.util.test.junit.AutoTests" name="[71] /home/travis/build/icyphy/ptII/ptolemy/actor/lib/test/auto/Commutator2.xml (RunModel)" time="0.011" />
  <testcase classname="ptolemy.util.test.junit.AutoTests" name="[72] /home/travis/build/icyphy/ptII/ptolemy/actor/lib/test/auto/Commutator3.xml (RunModel)" time="0.014" />
  <testcase classname="ptolemy.util.test.junit.AutoTests" name="[73] /home/travis/build/icyphy/ptII/ptolemy/actor/lib/test/auto/Compare.xml (RunModel)" time="0.021" />
  <testcase classname="ptolemy.util.test.junit.AutoTests" name="[74] /home/travis/build/icyphy/ptII/ptolemy/actor/lib/test/auto/CompareDE.xml (RunModel)" time="0.02" />
  <testcase classname="ptolemy.util.test.junit.AutoTests" name="[75] /home/travis/build/icyphy/ptII/ptolemy/actor/lib/test/auto/ComplexDivide.xml (RunModel)" time="0.011" />
  <testcase classname="ptolemy.util.test.junit.AutoTests" name="[76] /home/travis/build/icyphy/ptII/ptolemy/actor/lib/test/auto/ComputeHistogram.xml (RunModel)" time="0.081" />
  <testcase classname="ptolemy.util.test.junit.AutoTests" name="[77] /home/travis/build/icyphy/ptII/ptolemy/actor/lib/test/auto/ConfigurationSelect.xml (RunModel)" time="0.032" />
  <testcase classname="ptolemy.util.test.junit.AutoTests" name="[78] /home/travis/build/icyphy/ptII/ptolemy/actor/lib/test/auto/ConfigurationSelect2.xml (RunModel)" time="0.018" />
  <testcase classname="ptolemy.util.test.junit.AutoTests" name="[79] /home/travis/build/icyphy/ptII/ptolemy/actor/lib/test/auto/ConfigurationSwitch.xml (RunModel)" time="0.024" />
  <testcase classname="ptolemy.util.test.junit.AutoTests" name="[80] /home/travis/build/icyphy/ptII/ptolemy/actor/lib/test/auto/ConfigurationSwitch2.xml (RunModel)" time="0.028" />
  <testcase classname="ptolemy.util.test.junit.AutoTests" name="[81] /home/travis/build/icyphy/ptII/ptolemy/actor/lib/test/auto/ConfigurationSwitchCloningBugWithClassRelationGroup.xml (RunModel)" time="0.023" />
  <testcase classname="ptolemy.util.test.junit.AutoTests" name="[82] /home/travis/build/icyphy/ptII/ptolemy/actor/lib/test/auto/ConfigurationSwitchSelectSDF.xml (RunModel)" time="0.023" />
  <testcase classname="ptolemy.util.test.junit.AutoTests" name="[83] /home/travis/build/icyphy/ptII/ptolemy/actor/lib/test/auto/ConfigurationSwitchSelectSDF2.xml (RunModel)" time="0.015" />
  <testcase classname="ptolemy.util.test.junit.AutoTests" name="[84] /home/travis/build/icyphy/ptII/ptolemy/actor/lib/test/auto/Const.xml (RunModel)" time="0.007" />
  <testcase classname="ptolemy.util.test.junit.AutoTests" name="[85] /home/travis/build/icyphy/ptII/ptolemy/actor/lib/test/auto/Const2.xml (RunModel)" time="0.009" />
  <testcase classname="ptolemy.util.test.junit.AutoTests" name="[86] /home/travis/build/icyphy/ptII/ptolemy/actor/lib/test/auto/Const3.xml (RunModel)" time="0.006" />
  <testcase classname="ptolemy.util.test.junit.AutoTests" name="[87] /home/travis/build/icyphy/ptII/ptolemy/actor/lib/test/auto/ConstantPublisherPort1.xml (RunModel)" time="0.027" />
  <testcase classname="ptolemy.util.test.junit.AutoTests" name="[88] /home/travis/build/icyphy/ptII/ptolemy/actor/lib/test/auto/ConstantPublisherPort2.xml (RunModel)" time="0.017" />
  <testcase classname="ptolemy.util.test.junit.AutoTests" name="[89] /home/travis/build/icyphy/ptII/ptolemy/actor/lib/test/auto/ConstantPublisherPort3.xml (RunModel)" time="0.018" />
  <testcase classname="ptolemy.util.test.junit.AutoTests" name="[90] /home/travis/build/icyphy/ptII/ptolemy/actor/lib/test/auto/ConstantPublisherPort4.xml (RunModel)" time="0.016" />
  <testcase classname="ptolemy.util.test.junit.AutoTests" name="[91] /home/travis/build/icyphy/ptII/ptolemy/actor/lib/test/auto/ConstantPublisherPort5.xml (RunModel)" time="0.031" />
  <testcase classname="ptolemy.util.test.junit.AutoTests" name="[92] /home/travis/build/icyphy/ptII/ptolemy/actor/lib/test/auto/ConstantPublisherPort6.xml (RunModel)" time="0.046" />
  <testcase classname="ptolemy.util.test.junit.AutoTests" name="[93] /home/travis/build/icyphy/ptII/ptolemy/actor/lib/test/auto/ConstantPublisherPort7.xml (RunModel)" time="0.033" />
  <testcase classname="ptolemy.util.test.junit.AutoTests" name="[94] /home/travis/build/icyphy/ptII/ptolemy/actor/lib/test/auto/ConstraintMonitor1.xml (RunModel)" time="0.046" />
  <testcase classname="ptolemy.util.test.junit.AutoTests" name="[95] /home/travis/build/icyphy/ptII/ptolemy/actor/lib/test/auto/ConstraintMonitor2.xml (RunModel)" time="0.015" />
  <testcase classname="ptolemy.util.test.junit.AutoTests" name="[96] /home/travis/build/icyphy/ptII/ptolemy/actor/lib/test/auto/ConstraintMonitor3.xml (RunModel)" time="0.015" />
  <testcase classname="ptolemy.util.test.junit.AutoTests" name="[97] /home/travis/build/icyphy/ptII/ptolemy/actor/lib/test/auto/ConstraintMonitor4.xml (RunModel)" time="0.014" />
  <testcase classname="ptolemy.util.test.junit.AutoTests" name="[98] /home/travis/build/icyphy/ptII/ptolemy/actor/lib/test/auto/ConstraintMonitor5.xml (RunModel)" time="0.016" />
  <testcase classname="ptolemy.util.test.junit.AutoTests" name="[99] /home/travis/build/icyphy/ptII/ptolemy/actor/lib/test/auto/ConstraintMonitor6.xml (RunModel)" time="0.021" />
  <testcase classname="ptolemy.util.test.junit.AutoTests" name="[100] /home/travis/build/icyphy/ptII/ptolemy/actor/lib/test/auto/ConstraintMonitor7.xml (RunModel)" time="0.02" />
  <testcase classname="ptolemy.util.test.junit.AutoTests" name="[101] /home/travis/build/icyphy/ptII/ptolemy/actor/lib/test/auto/ConstraintMonitor8.xml (RunModel)" time="0.024" />
  <testcase classname="ptolemy.util.test.junit.AutoTests" name="[102] /home/travis/build/icyphy/ptII/ptolemy/actor/lib/test/auto/Counter.xml (RunModel)" time="0.023" />
  <testcase classname="ptolemy.util.test.junit.AutoTests" name="[103] /home/travis/build/icyphy/ptII/ptolemy/actor/lib/test/auto/CurrentTimeSDF.xml (RunModel)" time="0.009" />
  <testcase classname="ptolemy.util.test.junit.AutoTests" name="[104] /home/travis/build/icyphy/ptII/ptolemy/actor/lib/test/auto/DB.xml (RunModel)" time="0.013" />
  <testcase classname="ptolemy.util.test.junit.AutoTests" name="[105] /home/travis/build/icyphy/ptII/ptolemy/actor/lib/test/auto/DBDE.xml (RunModel)" time="0.014" />
  <testcase classname="ptolemy.util.test.junit.AutoTests" name="[106] /home/travis/build/icyphy/ptII/ptolemy/actor/lib/test/auto/DateConstructor.xml (RunModel)" time="0.088" />
  <testcase classname="ptolemy.util.test.junit.AutoTests" name="[107] /home/travis/build/icyphy/ptII/ptolemy/actor/lib/test/auto/DelayTime.xml (RunModel)" time="0.021" />
  <testcase classname="ptolemy.util.test.junit.AutoTests" name="[108] /home/travis/build/icyphy/ptII/ptolemy/actor/lib/test/auto/Dictionary1.xml (RunModel)" time="0.023" />
  <testcase classname="ptolemy.util.test.junit.AutoTests" name="[109] /home/travis/build/icyphy/ptII/ptolemy/actor/lib/test/auto/Dictionary2.xml (RunModel)" time="0.017" />
  <testcase classname="ptolemy.util.test.junit.AutoTests" name="[110] /home/travis/build/icyphy/ptII/ptolemy/actor/lib/test/auto/Dictionary3.xml (RunModel)" time="0.015" />
  <testcase classname="ptolemy.util.test.junit.AutoTests" name="[111] /home/travis/build/icyphy/ptII/ptolemy/actor/lib/test/auto/Dictionary4.xml (RunModel)" time="0.026" />
  <testcase classname="ptolemy.util.test.junit.AutoTests" name="[112] /home/travis/build/icyphy/ptII/ptolemy/actor/lib/test/auto/Differential.xml (RunModel)" time="0.013" />
  <testcase classname="ptolemy.util.test.junit.AutoTests" name="[113] /home/travis/build/icyphy/ptII/ptolemy/actor/lib/test/auto/Director.xml (RunModel)" time="0.011" />
  <testcase classname="ptolemy.util.test.junit.AutoTests" name="[114] /home/travis/build/icyphy/ptII/ptolemy/actor/lib/test/auto/DiscreteClock.xml (RunModel)" time="0.008" />
  <testcase classname="ptolemy.util.test.junit.AutoTests" name="[115] /home/travis/build/icyphy/ptII/ptolemy/actor/lib/test/auto/DiscreteClock10.xml (RunModel)" time="0.014" />
  <testcase classname="ptolemy.util.test.junit.AutoTests" name="[116] /home/travis/build/icyphy/ptII/ptolemy/actor/lib/test/auto/DiscreteClock11.xml (RunModel)" time="0.013" />
  <testcase classname="ptolemy.util.test.junit.AutoTests" name="[117] /home/travis/build/icyphy/ptII/ptolemy/actor/lib/test/auto/DiscreteClock12.xml (RunModel)" time="0.017" />
  <testcase classname="ptolemy.util.test.junit.AutoTests" name="[118] /home/travis/build/icyphy/ptII/ptolemy/actor/lib/test/auto/DiscreteClock13.xml (RunModel)" time="0.017" />
  <testcase classname="ptolemy.util.test.junit.AutoTests" name="[119] /home/travis/build/icyphy/ptII/ptolemy/actor/lib/test/auto/DiscreteClock14.xml (RunModel)" time="0.02" />
  <testcase classname="ptolemy.util.test.junit.AutoTests" name="[120] /home/travis/build/icyphy/ptII/ptolemy/actor/lib/test/auto/DiscreteClock15.xml (RunModel)" time="0.018" />
  <testcase classname="ptolemy.util.test.junit.AutoTests" name="[121] /home/travis/build/icyphy/ptII/ptolemy/actor/lib/test/auto/DiscreteClock16.xml (RunModel)" time="0.049" />
  <testcase classname="ptolemy.util.test.junit.AutoTests" name="[122] /home/travis/build/icyphy/ptII/ptolemy/actor/lib/test/auto/DiscreteClock17.xml (RunModel)" time="0.047" />
  <testcase classname="ptolemy.util.test.junit.AutoTests" name="[123] /home/travis/build/icyphy/ptII/ptolemy/actor/lib/test/auto/DiscreteClock18.xml (RunModel)" time="0.058" />
  <testcase classname="ptolemy.util.test.junit.AutoTests" name="[124] /home/travis/build/icyphy/ptII/ptolemy/actor/lib/test/auto/DiscreteClock19.xml (RunModel)" time="0.059" />
  <testcase classname="ptolemy.util.test.junit.AutoTests" name="[125] /home/travis/build/icyphy/ptII/ptolemy/actor/lib/test/auto/DiscreteClock2.xml (RunModel)" time="0.012" />
  <testcase classname="ptolemy.util.test.junit.AutoTests" name="[126] /home/travis/build/icyphy/ptII/ptolemy/actor/lib/test/auto/DiscreteClock20.xml (RunModel)" time="0.021" />
  <testcase classname="ptolemy.util.test.junit.AutoTests" name="[127] /home/travis/build/icyphy/ptII/ptolemy/actor/lib/test/auto/DiscreteClock21.xml (RunModel)" time="0.021" />
  <testcase classname="ptolemy.util.test.junit.AutoTests" name="[128] /home/travis/build/icyphy/ptII/ptolemy/actor/lib/test/auto/DiscreteClock22.xml (RunModel)" time="0.016" />
  <testcase classname="ptolemy.util.test.junit.AutoTests" name="[129] /home/travis/build/icyphy/ptII/ptolemy/actor/lib/test/auto/DiscreteClock23.xml (RunModel)" time="0.025" />
  <testcase classname="ptolemy.util.test.junit.AutoTests" name="[130] /home/travis/build/icyphy/ptII/ptolemy/actor/lib/test/auto/DiscreteClock24.xml (RunModel)" time="0.016" />
  <testcase classname="ptolemy.util.test.junit.AutoTests" name="[131] /home/travis/build/icyphy/ptII/ptolemy/actor/lib/test/auto/DiscreteClock4.xml (RunModel)" time="0.018" />
  <testcase classname="ptolemy.util.test.junit.AutoTests" name="[132] /home/travis/build/icyphy/ptII/ptolemy/actor/lib/test/auto/DiscreteClock5.xml (RunModel)" time="0.011" />
  <testcase classname="ptolemy.util.test.junit.AutoTests" name="[133] /home/travis/build/icyphy/ptII/ptolemy/actor/lib/test/auto/DiscreteClock6.xml (RunModel)" time="0.012" />
  <testcase classname="ptolemy.util.test.junit.AutoTests" name="[134] /home/travis/build/icyphy/ptII/ptolemy/actor/lib/test/auto/DiscreteClock7.xml (RunModel)" time="0.014" />
  <testcase classname="ptolemy.util.test.junit.AutoTests" name="[135] /home/travis/build/icyphy/ptII/ptolemy/actor/lib/test/auto/DiscreteClock8.xml (RunModel)" time="0.032" />
  <testcase classname="ptolemy.util.test.junit.AutoTests" name="[136] /home/travis/build/icyphy/ptII/ptolemy/actor/lib/test/auto/DiscreteClock9.xml (RunModel)" time="0.015" />
  <testcase classname="ptolemy.util.test.junit.AutoTests" name="[137] /home/travis/build/icyphy/ptII/ptolemy/actor/lib/test/auto/DisplayArray.xml (RunModel)" time="0.008" />
  <testcase classname="ptolemy.util.test.junit.AutoTests" name="[138] /home/travis/build/icyphy/ptII/ptolemy/actor/lib/test/auto/Distributor.xml (RunModel)" time="0.009" />
  <testcase classname="ptolemy.util.test.junit.AutoTests" name="[139] /home/travis/build/icyphy/ptII/ptolemy/actor/lib/test/auto/Distributor2.xml (RunModel)" time="0.009" />
  <testcase classname="ptolemy.util.test.junit.AutoTests" name="[140] /home/travis/build/icyphy/ptII/ptolemy/actor/lib/test/auto/DownSample.xml (RunModel)" time="0.009" />
  <testcase classname="ptolemy.util.test.junit.AutoTests" name="[141] /home/travis/build/icyphy/ptII/ptolemy/actor/lib/test/auto/ElectronicUnitBase1.xml (RunModel)" time="0.067" />
  <testcase classname="ptolemy.util.test.junit.AutoTests" name="[142] /home/travis/build/icyphy/ptII/ptolemy/actor/lib/test/auto/ElementsToArray.xml (RunModel)" time="0.013" />
  <testcase classname="ptolemy.util.test.junit.AutoTests" name="[143] /home/travis/build/icyphy/ptII/ptolemy/actor/lib/test/auto/Equals.xml (RunModel)" time="0.013" />
  <testcase classname="ptolemy.util.test.junit.AutoTests" name="[144] /home/travis/build/icyphy/ptII/ptolemy/actor/lib/test/auto/Exec.xml (RunModel)" time="0.033" />
  <testcase classname="ptolemy.util.test.junit.AutoTests" name="[145] /home/travis/build/icyphy/ptII/ptolemy/actor/lib/test/auto/ExecEnvironment.xml (RunModel)" time="0.037" />
  <testcase classname="ptolemy.util.test.junit.AutoTests" name="[146] /home/travis/build/icyphy/ptII/ptolemy/actor/lib/test/auto/ExecNonZeroReturnOutput.xml (RunModel)" time="0.227" />
  <testcase classname="ptolemy.util.test.junit.AutoTests" name="[147] /home/travis/build/icyphy/ptII/ptolemy/actor/lib/test/auto/ExecRunDemos.xml (RunModel)" time="11.191" />
  <testcase classname="ptolemy.util.test.junit.AutoTests" name="[148] /home/travis/build/icyphy/ptII/ptolemy/actor/lib/test/auto/ExecStop.xml (RunModel)" time="5.046" />
  <testcase classname="ptolemy.util.test.junit.AutoTests" name="[149] /home/travis/build/icyphy/ptII/ptolemy/actor/lib/test/auto/ExecutionTimeSDF.xml (RunModel)" time="6.05" />
  <testcase classname="ptolemy.util.test.junit.AutoTests" name="[150] /home/travis/build/icyphy/ptII/ptolemy/actor/lib/test/auto/Expression1.xml (RunModel)" time="0.008" />
  <testcase classname="ptolemy.util.test.junit.AutoTests" name="[151] /home/travis/build/icyphy/ptII/ptolemy/actor/lib/test/auto/Expression10.xml (RunModel)" time="0.015" />
  <testcase classname="ptolemy.util.test.junit.AutoTests" name="[152] /home/travis/build/icyphy/ptII/ptolemy/actor/lib/test/auto/Expression11.xml (RunModel)" time="0.012" />
  <testcase classname="ptolemy.util.test.junit.AutoTests" name="[153] /home/travis/build/icyphy/ptII/ptolemy/actor/lib/test/auto/Expression12.xml (RunModel)" time="0.016" />
  <testcase classname="ptolemy.util.test.junit.AutoTests" name="[154] /home/travis/build/icyphy/ptII/ptolemy/actor/lib/test/auto/Expression13.xml (RunModel)" time="0.013" />
  <testcase classname="ptolemy.util.test.junit.AutoTests" name="[155] /home/travis/build/icyphy/ptII/ptolemy/actor/lib/test/auto/Expression14.xml (RunModel)" time="0.026" />
  <testcase classname="ptolemy.util.test.junit.AutoTests" name="[156] /home/travis/build/icyphy/ptII/ptolemy/actor/lib/test/auto/Expression15.xml (RunModel)" time="0.008" />
  <testcase classname="ptolemy.util.test.junit.AutoTests" name="[157] /home/travis/build/icyphy/ptII/ptolemy/actor/lib/test/auto/Expression16.xml (RunModel)" time="0.015" />
  <testcase classname="ptolemy.util.test.junit.AutoTests" name="[158] /home/travis/build/icyphy/ptII/ptolemy/actor/lib/test/auto/Expression17.xml (RunModel)" time="0.011" />
  <testcase classname="ptolemy.util.test.junit.AutoTests" name="[159] /home/travis/build/icyphy/ptII/ptolemy/actor/lib/test/auto/Expression18.xml (RunModel)" time="0.012" />
  <testcase classname="ptolemy.util.test.junit.AutoTests" name="[160] /home/travis/build/icyphy/ptII/ptolemy/actor/lib/test/auto/Expression2.xml (RunModel)" time="0.014" />
  <testcase classname="ptolemy.util.test.junit.AutoTests" name="[161] /home/travis/build/icyphy/ptII/ptolemy/actor/lib/test/auto/Expression3.xml (RunModel)" time="0.011" />
  <testcase classname="ptolemy.util.test.junit.AutoTests" name="[162] /home/travis/build/icyphy/ptII/ptolemy/actor/lib/test/auto/Expression4.xml (RunModel)" time="0.021" />
  <testcase classname="ptolemy.util.test.junit.AutoTests" name="[163] /home/travis/build/icyphy/ptII/ptolemy/actor/lib/test/auto/Expression5.xml (RunModel)" time="0.012" />
  <testcase classname="ptolemy.util.test.junit.AutoTests" name="[164] /home/travis/build/icyphy/ptII/ptolemy/actor/lib/test/auto/Expression6.xml (RunModel)" time="0.009" />
  <testcase classname="ptolemy.util.test.junit.AutoTests" name="[165] /home/travis/build/icyphy/ptII/ptolemy/actor/lib/test/auto/Expression7.xml (RunModel)" time="0.011" />
  <testcase classname="ptolemy.util.test.junit.AutoTests" name="[166] /home/travis/build/icyphy/ptII/ptolemy/actor/lib/test/auto/Expression8.xml (RunModel)" time="0.012" />
  <testcase classname="ptolemy.util.test.junit.AutoTests" name="[167] /home/travis/build/icyphy/ptII/ptolemy/actor/lib/test/auto/Expression9.xml (RunModel)" time="0.007" />
  <testcase classname="ptolemy.util.test.junit.AutoTests" name="[168] /home/travis/build/icyphy/ptII/ptolemy/actor/lib/test/auto/ExpressionConcatenateArrayType.xml (RunModel)" time="0.024" />
  <testcase classname="ptolemy.util.test.junit.AutoTests" name="[169] /home/travis/build/icyphy/ptII/ptolemy/actor/lib/test/auto/ExpressionConcatenateArrayType2.xml (RunModel)" time="0.02" />
  <testcase classname="ptolemy.util.test.junit.AutoTests" name="[170] /home/travis/build/icyphy/ptII/ptolemy/actor/lib/test/auto/ExpressionFix.xml (RunModel)" time="0.057" />
  <testcase classname="ptolemy.util.test.junit.AutoTests" name="[171] /home/travis/build/icyphy/ptII/ptolemy/actor/lib/test/auto/ExpressionFix2.xml (RunModel)" time="0.012" />
  <testcase classname="ptolemy.util.test.junit.AutoTests" name="[172] /home/travis/build/icyphy/ptII/ptolemy/actor/lib/test/auto/ExpressionFix3.xml (RunModel)" time="0.013" />
  <testcase classname="ptolemy.util.test.junit.AutoTests" name="[173] /home/travis/build/icyphy/ptII/ptolemy/actor/lib/test/auto/FileWriter1.xml (RunModel)" time="0.012" />
  <testcase classname="ptolemy.util.test.junit.AutoTests" name="[174] /home/travis/build/icyphy/ptII/ptolemy/actor/lib/test/auto/FileWriter2.xml (RunModel)" time="0.017" />
  <testcase classname="ptolemy.util.test.junit.AutoTests" name="[175] /home/travis/build/icyphy/ptII/ptolemy/actor/lib/test/auto/FileWriter3.xml (RunModel)" time="0.011" />
  <testcase classname="ptolemy.util.test.junit.AutoTests" name="[176] /home/travis/build/icyphy/ptII/ptolemy/actor/lib/test/auto/Gaussian.xml (RunModel)" time="0.017" />
  <testcase classname="ptolemy.util.test.junit.AutoTests" name="[177] /home/travis/build/icyphy/ptII/ptolemy/actor/lib/test/auto/Gaussian1.xml (RunModel)" time="0.023" />
  <testcase classname="ptolemy.util.test.junit.AutoTests" name="[178] /home/travis/build/icyphy/ptII/ptolemy/actor/lib/test/auto/Gaussian2.xml (RunModel)" time="0.023" />
  <testcase classname="ptolemy.util.test.junit.AutoTests" name="[179] /home/travis/build/icyphy/ptII/ptolemy/actor/lib/test/auto/GradientAdaptiveLattice.xml (RunModel)" time="0.019" />
  <testcase classname="ptolemy.util.test.junit.AutoTests" name="[180] /home/travis/build/icyphy/ptII/ptolemy/actor/lib/test/auto/IIR.xml (RunModel)" time="0.011" />
  <testcase classname="ptolemy.util.test.junit.AutoTests" name="[181] /home/travis/build/icyphy/ptII/ptolemy/actor/lib/test/auto/InputOutputTransparentPorts.xml (RunModel)" time="0.019" />
  <testcase classname="ptolemy.util.test.junit.AutoTests" name="[182] /home/travis/build/icyphy/ptII/ptolemy/actor/lib/test/auto/Interpolator.xml (RunModel)" time="0.011" />
  <testcase classname="ptolemy.util.test.junit.AutoTests" name="[183] /home/travis/build/icyphy/ptII/ptolemy/actor/lib/test/auto/InterpolatorFiringLimitDE.xml (RunModel)" time="0.015" />
  <testcase classname="ptolemy.util.test.junit.AutoTests" name="[184] /home/travis/build/icyphy/ptII/ptolemy/actor/lib/test/auto/Lattice.xml (RunModel)" time="0.01" />
  <testcase classname="ptolemy.util.test.junit.AutoTests" name="[185] /home/travis/build/icyphy/ptII/ptolemy/actor/lib/test/auto/LazyAOCTestLazy.xml (RunModel)" time="0.05" />
  <testcase classname="ptolemy.util.test.junit.AutoTests" name="[186] /home/travis/build/icyphy/ptII/ptolemy/actor/lib/test/auto/LazyAOCTestNonLazy.xml (RunModel)" time="0.035" />
  <testcase classname="ptolemy.util.test.junit.AutoTests" name="[187] /home/travis/build/icyphy/ptII/ptolemy/actor/lib/test/auto/LazyInnerClass.xml (RunModel)" time="0.057" />
  <testcase classname="ptolemy.util.test.junit.AutoTests" name="[188] /home/travis/build/icyphy/ptII/ptolemy/actor/lib/test/auto/LazyPubSub.xml (RunModel)" time="0.057" />
  <testcase classname="ptolemy.util.test.junit.AutoTests" name="[189] /home/travis/build/icyphy/ptII/ptolemy/actor/lib/test/auto/LazyPubSub2.xml (RunModel)" time="0.029" />
  <testcase classname="ptolemy.util.test.junit.AutoTests" name="[190] /home/travis/build/icyphy/ptII/ptolemy/actor/lib/test/auto/LazyPubSub3.xml (RunModel)" time="0.055" />
  <testcase classname="ptolemy.util.test.junit.AutoTests" name="[191] /home/travis/build/icyphy/ptII/ptolemy/actor/lib/test/auto/LazySubClassModel.xml (RunModel)" time="0.047" />
  <testcase classname="ptolemy.util.test.junit.AutoTests" name="[192] /home/travis/build/icyphy/ptII/ptolemy/actor/lib/test/auto/LevelCrossTest1.xml (RunModel)" time="0.012" />
  <testcase classname="ptolemy.util.test.junit.AutoTests" name="[193] /home/travis/build/icyphy/ptII/ptolemy/actor/lib/test/auto/LevelCrossTest10.xml (RunModel)" time="0.018" />
  <testcase classname="ptolemy.util.test.junit.AutoTests" name="[194] /home/travis/build/icyphy/ptII/ptolemy/actor/lib/test/auto/LevelCrossTest11.xml (RunModel)" time="0.019" />
  <testcase classname="ptolemy.util.test.junit.AutoTests" name="[195] /home/travis/build/icyphy/ptII/ptolemy/actor/lib/test/auto/LevelCrossTest12.xml (RunModel)" time="0.022" />
  <testcase classname="ptolemy.util.test.junit.AutoTests" name="[196] /home/travis/build/icyphy/ptII/ptolemy/actor/lib/test/auto/LevelCrossTest13.xml (RunModel)" time="0.016" />
  <testcase classname="ptolemy.util.test.junit.AutoTests" name="[197] /home/travis/build/icyphy/ptII/ptolemy/actor/lib/test/auto/LevelCrossTest2.xml (RunModel)" time="0.012" />
  <testcase classname="ptolemy.util.test.junit.AutoTests" name="[198] /home/travis/build/icyphy/ptII/ptolemy/actor/lib/test/auto/LevelCrossTest3.xml (RunModel)" time="0.016" />
  <testcase classname="ptolemy.util.test.junit.AutoTests" name="[199] /home/travis/build/icyphy/ptII/ptolemy/actor/lib/test/auto/LevelCrossTest4.xml (RunModel)" time="0.013" />
  <testcase classname="ptolemy.util.test.junit.AutoTests" name="[200] /home/travis/build/icyphy/ptII/ptolemy/actor/lib/test/auto/LevelCrossTest5.xml (RunModel)" time="0.017" />
  <testcase classname="ptolemy.util.test.junit.AutoTests" name="[201] /home/travis/build/icyphy/ptII/ptolemy/actor/lib/test/auto/LevelCrossTest6.xml (RunModel)" time="0.014" />
  <testcase classname="ptolemy.util.test.junit.AutoTests" name="[202] /home/travis/build/icyphy/ptII/ptolemy/actor/lib/test/auto/LevelCrossTest7.xml (RunModel)" time="0.022" />
  <testcase classname="ptolemy.util.test.junit.AutoTests" name="[203] /home/travis/build/icyphy/ptII/ptolemy/actor/lib/test/auto/LevelCrossTest8.xml (RunModel)" time="0.015" />
  <testcase classname="ptolemy.util.test.junit.AutoTests" name="[204] /home/travis/build/icyphy/ptII/ptolemy/actor/lib/test/auto/LevelCrossTest9.xml (RunModel)" time="0.017" />
  <testcase classname="ptolemy.util.test.junit.AutoTests" name="[205] /home/travis/build/icyphy/ptII/ptolemy/actor/lib/test/auto/LevinsonDurbin.xml (RunModel)" time="0.019" />
  <testcase classname="ptolemy.util.test.junit.AutoTests" name="[206] /home/travis/build/icyphy/ptII/ptolemy/actor/lib/test/auto/LevinsonDurbin2.xml (RunModel)" time="0.013" />
  <testcase classname="ptolemy.util.test.junit.AutoTests" name="[207] /home/travis/build/icyphy/ptII/ptolemy/actor/lib/test/auto/LevinsonDurbin3.xml (RunModel)" time="0.01" />
  <testcase classname="ptolemy.util.test.junit.AutoTests" name="[208] /home/travis/build/icyphy/ptII/ptolemy/actor/lib/test/auto/Limiter.xml (RunModel)" time="0.045" />
  <testcase classname="ptolemy.util.test.junit.AutoTests" name="[209] /home/travis/build/icyphy/ptII/ptolemy/actor/lib/test/auto/LinearDifferenceEquationSystem.xml (RunModel)" time="0.023" />
  <testcase classname="ptolemy.util.test.junit.AutoTests" name="[210] /home/travis/build/icyphy/ptII/ptolemy/actor/lib/test/auto/LookupTable.xml (RunModel)" time="0.012" />
  <testcase classname="ptolemy.util.test.junit.AutoTests" name="[211] /home/travis/build/icyphy/ptII/ptolemy/actor/lib/test/auto/MathFunction.xml (RunModel)" time="0.023" />
  <testcase classname="ptolemy.util.test.junit.AutoTests" name="[212] /home/travis/build/icyphy/ptII/ptolemy/actor/lib/test/auto/MathFunction2.xml (RunModel)" time="0.015" />
  <testcase classname="ptolemy.util.test.junit.AutoTests" name="[213] /home/travis/build/icyphy/ptII/ptolemy/actor/lib/test/auto/MathFunction3.xml (RunModel)" time="0.023" />
  <testcase classname="ptolemy.util.test.junit.AutoTests" name="[214] /home/travis/build/icyphy/ptII/ptolemy/actor/lib/test/auto/MatrixCropBoolean.xml (RunModel)" time="0.015" />
  <testcase classname="ptolemy.util.test.junit.AutoTests" name="[215] /home/travis/build/icyphy/ptII/ptolemy/actor/lib/test/auto/MatrixCropComplex.xml (RunModel)" time="0.01" />
  <testcase classname="ptolemy.util.test.junit.AutoTests" name="[216] /home/travis/build/icyphy/ptII/ptolemy/actor/lib/test/auto/MatrixCropDouble.xml (RunModel)" time="0.011" />
  <testcase classname="ptolemy.util.test.junit.AutoTests" name="[217] /home/travis/build/icyphy/ptII/ptolemy/actor/lib/test/auto/MatrixCropFix.xml (RunModel)" time="0.013" />
  <testcase classname="ptolemy.util.test.junit.AutoTests" name="[218] /home/travis/build/icyphy/ptII/ptolemy/actor/lib/test/auto/MatrixCropInt.xml (RunModel)" time="0.01" />
  <testcase classname="ptolemy.util.test.junit.AutoTests" name="[219] /home/travis/build/icyphy/ptII/ptolemy/actor/lib/test/auto/MatrixCropLong.xml (RunModel)" time="0.01" />
  <testcase classname="ptolemy.util.test.junit.AutoTests" name="[220] /home/travis/build/icyphy/ptII/ptolemy/actor/lib/test/auto/MatrixToArray.xml (RunModel)" time="0.057" />
  <testcase classname="ptolemy.util.test.junit.AutoTests" name="[221] /home/travis/build/icyphy/ptII/ptolemy/actor/lib/test/auto/MaxIndex.xml (RunModel)" time="0.013" />
  <testcase classname="ptolemy.util.test.junit.AutoTests" name="[222] /home/travis/build/icyphy/ptII/ptolemy/actor/lib/test/auto/Maximum.xml (RunModel)" time="0.016" />
  <testcase classname="ptolemy.util.test.junit.AutoTests" name="[223] /home/travis/build/icyphy/ptII/ptolemy/actor/lib/test/auto/MaximumComplex.xml (RunModel)" time="0.017" />
  <testcase classname="ptolemy.util.test.junit.AutoTests" name="[224] /home/travis/build/icyphy/ptII/ptolemy/actor/lib/test/auto/MethodCallTest.xml (RunModel)" time="0.028" />
  <testcase classname="ptolemy.util.test.junit.AutoTests" name="[225] /home/travis/build/icyphy/ptII/ptolemy/actor/lib/test/auto/Minimum.xml (RunModel)" time="0.015" />
  <testcase classname="ptolemy.util.test.junit.AutoTests" name="[226] /home/travis/build/icyphy/ptII/ptolemy/actor/lib/test/auto/MinimumComplex.xml (RunModel)" time="0.038" />
  <testcase classname="ptolemy.util.test.junit.AutoTests" name="[227] /home/travis/build/icyphy/ptII/ptolemy/actor/lib/test/auto/MinimumMultiports.xml (RunModel)" time="0.021" />
  <testcase classname="ptolemy.util.test.junit.AutoTests" name="[228] /home/travis/build/icyphy/ptII/ptolemy/actor/lib/test/auto/ModifyDate.xml (RunModel)" time="0.06" />
  <testcase classname="ptolemy.util.test.junit.AutoTests" name="[229] /home/travis/build/icyphy/ptII/ptolemy/actor/lib/test/auto/ModifyDate2.xml (RunModel)" time="0.034" />
  <testcase classname="ptolemy.util.test.junit.AutoTests" name="[230] /home/travis/build/icyphy/ptII/ptolemy/actor/lib/test/auto/MovingAverage.xml (RunModel)" time="0.011" />
  <testcase classname="ptolemy.util.test.junit.AutoTests" name="[231] /home/travis/build/icyphy/ptII/ptolemy/actor/lib/test/auto/MovingMaximum.xml (RunModel)" time="0.012" />
  <testcase classname="ptolemy.util.test.junit.AutoTests" name="[232] /home/travis/build/icyphy/ptII/ptolemy/actor/lib/test/auto/MultipleLinksToSameRelation.xml (RunModel)" time="0.015" />
  <testcase classname="ptolemy.util.test.junit.AutoTests" name="[233] /home/travis/build/icyphy/ptII/ptolemy/actor/lib/test/auto/MultipleLinksToSameRelationDE.xml (RunModel)" time="0.012" />
  <testcase classname="ptolemy.util.test.junit.AutoTests" name="[234] /home/travis/build/icyphy/ptII/ptolemy/actor/lib/test/auto/Multiplexor.xml (RunModel)" time="0.012" />
  <testcase classname="ptolemy.util.test.junit.AutoTests" name="[235] /home/travis/build/icyphy/ptII/ptolemy/actor/lib/test/auto/Multiplexor1.xml (RunModel)" time="0.012" />
  <testcase classname="ptolemy.util.test.junit.AutoTests" name="[236] /home/travis/build/icyphy/ptII/ptolemy/actor/lib/test/auto/Multiplexor2.xml (RunModel)" time="0.018" />
  <testcase classname="ptolemy.util.test.junit.AutoTests" name="[237] /home/travis/build/icyphy/ptII/ptolemy/actor/lib/test/auto/Multiplexor3.xml (RunModel)" time="0.012" />
  <testcase classname="ptolemy.util.test.junit.AutoTests" name="[238] /home/travis/build/icyphy/ptII/ptolemy/actor/lib/test/auto/MultiplexorDE.xml (RunModel)" time="0.018" />
  <testcase classname="ptolemy.util.test.junit.AutoTests" name="[239] /home/travis/build/icyphy/ptII/ptolemy/actor/lib/test/auto/MultiportBroadcastTest.xml (RunModel)" time="0.097" />
  <testcase classname="ptolemy.util.test.junit.AutoTests" name="[240] /home/travis/build/icyphy/ptII/ptolemy/actor/lib/test/auto/MultiportOutHangDuringGetWidth.xml (RunModel)" time="0.033" />
  <testcase classname="ptolemy.util.test.junit.AutoTests" name="[241] /home/travis/build/icyphy/ptII/ptolemy/actor/lib/test/auto/NilToken.xml (RunModel)" time="0.012" />
  <testcase classname="ptolemy.util.test.junit.AutoTests" name="[242] /home/travis/build/icyphy/ptII/ptolemy/actor/lib/test/auto/NilTokenNonStrictTest.xml (RunModel)" time="0.012" />
  <testcase classname="ptolemy.util.test.junit.AutoTests" name="[243] /home/travis/build/icyphy/ptII/ptolemy/actor/lib/test/auto/NilTokenRecord.xml (RunModel)" time="0.031" />
  <testcase classname="ptolemy.util.test.junit.AutoTests" name="[244] /home/travis/build/icyphy/ptII/ptolemy/actor/lib/test/auto/NilTokenTypeTest.xml (RunModel)" time="0.031" />
  <testcase classname="ptolemy.util.test.junit.AutoTests" name="[245] /home/travis/build/icyphy/ptII/ptolemy/actor/lib/test/auto/ObjectToken1.xml (RunModel)" time="0.009" />
  <testcase classname="ptolemy.util.test.junit.AutoTests" name="[246] /home/travis/build/icyphy/ptII/ptolemy/actor/lib/test/auto/OrderedMerge.xml (RunModel)" time="0.019" />
  <testcase classname="ptolemy.util.test.junit.AutoTests" name="[247] /home/travis/build/icyphy/ptII/ptolemy/actor/lib/test/auto/OrderedRecordDisassembler.xml (RunModel)" time="0.021" />
  <testcase classname="ptolemy.util.test.junit.AutoTests" name="[248] /home/travis/build/icyphy/ptII/ptolemy/actor/lib/test/auto/OrderedRecordDisassembler2.xml (RunModel)" time="0.021" />
  <testcase classname="ptolemy.util.test.junit.AutoTests" name="[249] /home/travis/build/icyphy/ptII/ptolemy/actor/lib/test/auto/OrderedRecordUpdater.xml (RunModel)" time="0.012" />
  <testcase classname="ptolemy.util.test.junit.AutoTests" name="[250] /home/travis/build/icyphy/ptII/ptolemy/actor/lib/test/auto/OrderedRecordUpdater2.xml (RunModel)" time="0.019" />
  <testcase classname="ptolemy.util.test.junit.AutoTests" name="[251] /home/travis/build/icyphy/ptII/ptolemy/actor/lib/test/auto/PhaseUnwrap.xml (RunModel)" time="0.013" />
  <testcase classname="ptolemy.util.test.junit.AutoTests" name="[252] /home/travis/build/icyphy/ptII/ptolemy/actor/lib/test/auto/PoissonClock.xml (RunModel)" time="0.01" />
  <testcase classname="ptolemy.util.test.junit.AutoTests" name="[253] /home/travis/build/icyphy/ptII/ptolemy/actor/lib/test/auto/PoissonClock2.xml (RunModel)" time="0.009" />
  <testcase classname="ptolemy.util.test.junit.AutoTests" name="[254] /home/travis/build/icyphy/ptII/ptolemy/actor/lib/test/auto/PoissonClock3.xml (RunModel)" time="0.032" />
  <testcase classname="ptolemy.util.test.junit.AutoTests" name="[255] /home/travis/build/icyphy/ptII/ptolemy/actor/lib/test/auto/PubSubWithInitialTokens.xml (RunModel)" time="0.016" />
  <testcase classname="ptolemy.util.test.junit.AutoTests" name="[256] /home/travis/build/icyphy/ptII/ptolemy/actor/lib/test/auto/PubSubWithInitialTokens2.xml (RunModel)" time="0.018" />
  <testcase classname="ptolemy.util.test.junit.AutoTests" name="[257] /home/travis/build/icyphy/ptII/ptolemy/actor/lib/test/auto/PublisherClassNoParameter.xml (RunModel)" time="0.03" />
  <testcase classname="ptolemy.util.test.junit.AutoTests" name="[258] /home/travis/build/icyphy/ptII/ptolemy/actor/lib/test/auto/PublisherClassParameter.xml (RunModel)" time="0.03" />
  <testcase classname="ptolemy.util.test.junit.AutoTests" name="[259] /home/travis/build/icyphy/ptII/ptolemy/actor/lib/test/auto/PublisherNonStrictTest.xml (RunModel)" time="0.016" />
  <testcase classname="ptolemy.util.test.junit.AutoTests" name="[260] /home/travis/build/icyphy/ptII/ptolemy/actor/lib/test/auto/PublisherPort1.xml (RunModel)" time="0.011" />
  <testcase classname="ptolemy.util.test.junit.AutoTests" name="[261] /home/travis/build/icyphy/ptII/ptolemy/actor/lib/test/auto/PublisherPort2.xml (RunModel)" time="0.009" />
  <testcase classname="ptolemy.util.test.junit.AutoTests" name="[262] /home/travis/build/icyphy/ptII/ptolemy/actor/lib/test/auto/PublisherPort3.xml (RunModel)" time="0.02" />
  <testcase classname="ptolemy.util.test.junit.AutoTests" name="[263] /home/travis/build/icyphy/ptII/ptolemy/actor/lib/test/auto/PublisherPort4.xml (RunModel)" time="0.02" />
  <testcase classname="ptolemy.util.test.junit.AutoTests" name="[264] /home/travis/build/icyphy/ptII/ptolemy/actor/lib/test/auto/PublisherPort5.xml (RunModel)" time="0.015" />
  <testcase classname="ptolemy.util.test.junit.AutoTests" name="[265] /home/travis/build/icyphy/ptII/ptolemy/actor/lib/test/auto/PublisherPort5LookAlike.xml (RunModel)" time="0.021" />
  <testcase classname="ptolemy.util.test.junit.AutoTests" name="[266] /home/travis/build/icyphy/ptII/ptolemy/actor/lib/test/auto/PublisherPort6.xml (RunModel)" time="0.013" />
  <testcase classname="ptolemy.util.test.junit.AutoTests" name="[267] /home/travis/build/icyphy/ptII/ptolemy/actor/lib/test/auto/PublisherPort7.xml (RunModel)" time="0.016" />
  <testcase classname="ptolemy.util.test.junit.AutoTests" name="[268] /home/travis/build/icyphy/ptII/ptolemy/actor/lib/test/auto/PublisherPort8.xml (RunModel)" time="0.018" />
  <testcase classname="ptolemy.util.test.junit.AutoTests" name="[269] /home/travis/build/icyphy/ptII/ptolemy/actor/lib/test/auto/PublisherPortSubscriberChannelVariablesAOC2.xml (RunModel)" time="0.049" />
  <testcase classname="ptolemy.util.test.junit.AutoTests" name="[270] /home/travis/build/icyphy/ptII/ptolemy/actor/lib/test/auto/PublisherPortSubscriberOpaqueWidthInference.xml (RunModel)" time="0.017" />
  <testcase classname="ptolemy.util.test.junit.AutoTests" name="[271] /home/travis/build/icyphy/ptII/ptolemy/actor/lib/test/auto/PublisherPortSubscriberPortAdjacent.xml (RunModel)" time="0.02" />
  <testcase classname="ptolemy.util.test.junit.AutoTests" name="[272] /home/travis/build/icyphy/ptII/ptolemy/actor/lib/test/auto/PublisherPortSubscriberPortExpression.xml (RunModel)" time="0.019" />
  <testcase classname="ptolemy.util.test.junit.AutoTests" name="[273] /home/travis/build/icyphy/ptII/ptolemy/actor/lib/test/auto/PublisherPortSubscriberPortOpaqueD3Reverse.xml (RunModel)" time="0.03" />
  <testcase classname="ptolemy.util.test.junit.AutoTests" name="[274] /home/travis/build/icyphy/ptII/ptolemy/actor/lib/test/auto/PublisherPortSubscriberPortOpaqueWidthInference.xml (RunModel)" time="0.018" />
  <testcase classname="ptolemy.util.test.junit.AutoTests" name="[275] /home/travis/build/icyphy/ptII/ptolemy/actor/lib/test/auto/PublisherPortToplevelSubscriberPortAOC.xml (RunModel)" time="0.013" />
  <testcase classname="ptolemy.util.test.junit.AutoTests" name="[276] /home/travis/build/icyphy/ptII/ptolemy/actor/lib/test/auto/PublisherSubscriber.xml (RunModel)" time="0.015" />
  <testcase classname="ptolemy.util.test.junit.AutoTests" name="[277] /home/travis/build/icyphy/ptII/ptolemy/actor/lib/test/auto/PublisherSubscriber10.xml (RunModel)" time="0.021" />
  <testcase classname="ptolemy.util.test.junit.AutoTests" name="[278] /home/travis/build/icyphy/ptII/ptolemy/actor/lib/test/auto/PublisherSubscriber10InitialOutputs.xml (RunModel)" time="0.032" />
  <testcase classname="ptolemy.util.test.junit.AutoTests" name="[279] /home/travis/build/icyphy/ptII/ptolemy/actor/lib/test/auto/PublisherSubscriber11.xml (RunModel)" time="0.016" />
  <testcase classname="ptolemy.util.test.junit.AutoTests" name="[280] /home/travis/build/icyphy/ptII/ptolemy/actor/lib/test/auto/PublisherSubscriber12.xml (RunModel)" time="0.019" />
  <testcase classname="ptolemy.util.test.junit.AutoTests" name="[281] /home/travis/build/icyphy/ptII/ptolemy/actor/lib/test/auto/PublisherSubscriber13.xml (RunModel)" time="0.013" />
  <testcase classname="ptolemy.util.test.junit.AutoTests" name="[282] /home/travis/build/icyphy/ptII/ptolemy/actor/lib/test/auto/PublisherSubscriber14.xml (RunModel)" time="0.019" />
  <testcase classname="ptolemy.util.test.junit.AutoTests" name="[283] /home/travis/build/icyphy/ptII/ptolemy/actor/lib/test/auto/PublisherSubscriber2.xml (RunModel)" time="0.011" />
  <testcase classname="ptolemy.util.test.junit.AutoTests" name="[284] /home/travis/build/icyphy/ptII/ptolemy/actor/lib/test/auto/PublisherSubscriber3.xml (RunModel)" time="0.019" />
  <testcase classname="ptolemy.util.test.junit.AutoTests" name="[285] /home/travis/build/icyphy/ptII/ptolemy/actor/lib/test/auto/PublisherSubscriber4.xml (RunModel)" time="0.009" />
  <testcase classname="ptolemy.util.test.junit.AutoTests" name="[286] /home/travis/build/icyphy/ptII/ptolemy/actor/lib/test/auto/PublisherSubscriber5.xml (RunModel)" time="0.014" />
  <testcase classname="ptolemy.util.test.junit.AutoTests" name="[287] /home/travis/build/icyphy/ptII/ptolemy/actor/lib/test/auto/PublisherSubscriber6.xml (RunModel)" time="0.016" />
  <testcase classname="ptolemy.util.test.junit.AutoTests" name="[288] /home/travis/build/icyphy/ptII/ptolemy/actor/lib/test/auto/PublisherSubscriber7.xml (RunModel)" time="0.019" />
  <testcase classname="ptolemy.util.test.junit.AutoTests" name="[289] /home/travis/build/icyphy/ptII/ptolemy/actor/lib/test/auto/PublisherSubscriber8.xml (RunModel)" time="0.04" />
  <testcase classname="ptolemy.util.test.junit.AutoTests" name="[290] /home/travis/build/icyphy/ptII/ptolemy/actor/lib/test/auto/PublisherSubscriber9.xml (RunModel)" time="0.016" />
  <testcase classname="ptolemy.util.test.junit.AutoTests" name="[291] /home/travis/build/icyphy/ptII/ptolemy/actor/lib/test/auto/PublisherSubscriberAdjacent.xml (RunModel)" time="0.019" />
  <testcase classname="ptolemy.util.test.junit.AutoTests" name="[292] /home/travis/build/icyphy/ptII/ptolemy/actor/lib/test/auto/PublisherSubscriberChannelVariablesAOC2.xml (RunModel)" time="0.048" />
  <testcase classname="ptolemy.util.test.junit.AutoTests" name="[293] /home/travis/build/icyphy/ptII/ptolemy/actor/lib/test/auto/PublisherSubscriberD3.xml (RunModel)" time="0.015" />
  <testcase classname="ptolemy.util.test.junit.AutoTests" name="[294] /home/travis/build/icyphy/ptII/ptolemy/actor/lib/test/auto/PublisherSubscriberD3Reverse.xml (RunModel)" time="0.011" />
  <testcase classname="ptolemy.util.test.junit.AutoTests" name="[295] /home/travis/build/icyphy/ptII/ptolemy/actor/lib/test/auto/PublisherSubscriberExpression.xml (RunModel)" time="0.018" />
  <testcase classname="ptolemy.util.test.junit.AutoTests" name="[296] /home/travis/build/icyphy/ptII/ptolemy/actor/lib/test/auto/PublisherSubscriberOpaque.xml (RunModel)" time="0.017" />
  <testcase classname="ptolemy.util.test.junit.AutoTests" name="[297] /home/travis/build/icyphy/ptII/ptolemy/actor/lib/test/auto/PublisherSubscriberOpaqueD3.xml (RunModel)" time="0.025" />
  <testcase classname="ptolemy.util.test.junit.AutoTests" name="[298] /home/travis/build/icyphy/ptII/ptolemy/actor/lib/test/auto/PublisherSubscriberOpaqueD3Reverse.xml (RunModel)" time="0.028" />
  <testcase classname="ptolemy.util.test.junit.AutoTests" name="[299] /home/travis/build/icyphy/ptII/ptolemy/actor/lib/test/auto/PublisherSubscriberOpaqueWidthInference.xml (RunModel)" time="0.019" />
  <testcase classname="ptolemy.util.test.junit.AutoTests" name="[300] /home/travis/build/icyphy/ptII/ptolemy/actor/lib/test/auto/PublisherTestSubscriber.xml (RunModel)" time="0.016" />
  <testcase classname="ptolemy.util.test.junit.AutoTests" name="[301] /home/travis/build/icyphy/ptII/ptolemy/actor/lib/test/auto/PublisherToplevelSubscriberPortAOC.xml (RunModel)" time="0.011" />
  <testcase classname="ptolemy.util.test.junit.AutoTests" name="[302] /home/travis/build/icyphy/ptII/ptolemy/actor/lib/test/auto/PulseFiringLimitDE.xml (RunModel)" time="0.015" />
  <testcase classname="ptolemy.util.test.junit.AutoTests" name="[303] /home/travis/build/icyphy/ptII/ptolemy/actor/lib/test/auto/Ramp1.xml (RunModel)" time="0.006" />
  <testcase classname="ptolemy.util.test.junit.AutoTests" name="[304] /home/travis/build/icyphy/ptII/ptolemy/actor/lib/test/auto/RampFiringLimitDE.xml (RunModel)" time="0.012" />
  <testcase classname="ptolemy.util.test.junit.AutoTests" name="[305] /home/travis/build/icyphy/ptII/ptolemy/actor/lib/test/auto/RampFiringLimitSDF.xml (RunModel)" time="0.01" />
  <testcase classname="ptolemy.util.test.junit.AutoTests" name="[306] /home/travis/build/icyphy/ptII/ptolemy/actor/lib/test/auto/RandomInteger.xml (RunModel)" time="0.009" />
  <testcase classname="ptolemy.util.test.junit.AutoTests" name="[307] /home/travis/build/icyphy/ptII/ptolemy/actor/lib/test/auto/ReadFile1.xml (RunModel)" time="0.008" />
  <testcase classname="ptolemy.util.test.junit.AutoTests" name="[308] /home/travis/build/icyphy/ptII/ptolemy/actor/lib/test/auto/ReadFile2.xml (RunModel)" time="0.008" />
  <testcase classname="ptolemy.util.test.junit.AutoTests" name="[309] /home/travis/build/icyphy/ptII/ptolemy/actor/lib/test/auto/Reader.xml (RunModel)" time="0.009" />
  <testcase classname="ptolemy.util.test.junit.AutoTests" name="[310] /home/travis/build/icyphy/ptII/ptolemy/actor/lib/test/auto/RecordAssemblerDisplayNameTest.xml (RunModel)" time="4.703" />
  <testcase classname="ptolemy.util.test.junit.AutoTests" name="[311] /home/travis/build/icyphy/ptII/ptolemy/actor/lib/test/auto/RecordAssemblerTypeError.xml (RunModel)" time="0.055" />
  <testcase classname="ptolemy.util.test.junit.AutoTests" name="[312] /home/travis/build/icyphy/ptII/ptolemy/actor/lib/test/auto/RecordDisassember.xml (RunModel)" time="0.017" />
  <testcase classname="ptolemy.util.test.junit.AutoTests" name="[313] /home/travis/build/icyphy/ptII/ptolemy/actor/lib/test/auto/RecordDisassemberDisplayNameTest.xml (RunModel)" time="0.022" />
  <testcase classname="ptolemy.util.test.junit.AutoTests" name="[314] /home/travis/build/icyphy/ptII/ptolemy/actor/lib/test/auto/RecordDisassembler.xml (RunModel)" time="0.015" />
  <testcase classname="ptolemy.util.test.junit.AutoTests" name="[315] /home/travis/build/icyphy/ptII/ptolemy/actor/lib/test/auto/RecordDisassembler2.xml (RunModel)" time="0.01" />
  <testcase classname="ptolemy.util.test.junit.AutoTests" name="[316] /home/travis/build/icyphy/ptII/ptolemy/actor/lib/test/auto/RecordUpdater.xml (RunModel)" time="0.011" />
  <testcase classname="ptolemy.util.test.junit.AutoTests" name="[317] /home/travis/build/icyphy/ptII/ptolemy/actor/lib/test/auto/RecordUpdater2.xml (RunModel)" time="0.01" />
  <testcase classname="ptolemy.util.test.junit.AutoTests" name="[318] /home/travis/build/icyphy/ptII/ptolemy/actor/lib/test/auto/RecursiveLattice.xml (RunModel)" time="0.008" />
  <testcase classname="ptolemy.util.test.junit.AutoTests" name="[319] /home/travis/build/icyphy/ptII/ptolemy/actor/lib/test/auto/Router.xml (RunModel)" time="3.027" />
  <testcase classname="ptolemy.util.test.junit.AutoTests" name="[320] /home/travis/build/icyphy/ptII/ptolemy/actor/lib/test/auto/Router2.xml (RunModel)" time="3.036" />
  <testcase classname="ptolemy.util.test.junit.AutoTests" name="[321] /home/travis/build/icyphy/ptII/ptolemy/actor/lib/test/auto/RunningMaximum.xml (RunModel)" time="0.026" />
  <testcase classname="ptolemy.util.test.junit.AutoTests" name="[322] /home/travis/build/icyphy/ptII/ptolemy/actor/lib/test/auto/RunningMinimum.xml (RunModel)" time="0.015" />
  <testcase classname="ptolemy.util.test.junit.AutoTests" name="[323] /home/travis/build/icyphy/ptII/ptolemy/actor/lib/test/auto/Scale.xml (RunModel)" time="0.02" />
  <testcase classname="ptolemy.util.test.junit.AutoTests" name="[324] /home/travis/build/icyphy/ptII/ptolemy/actor/lib/test/auto/Scale2.xml (RunModel)" time="0.017" />
  <testcase classname="ptolemy.util.test.junit.AutoTests" name="[325] /home/travis/build/icyphy/ptII/ptolemy/actor/lib/test/auto/Scale3.xml (RunModel)" time="0.024" />
  <testcase classname="ptolemy.util.test.junit.AutoTests" name="[326] /home/travis/build/icyphy/ptII/ptolemy/actor/lib/test/auto/ScaleArray.xml (RunModel)" time="0.008" />
  <testcase classname="ptolemy.util.test.junit.AutoTests" name="[327] /home/travis/build/icyphy/ptII/ptolemy/actor/lib/test/auto/ScaleArray2.xml (RunModel)" time="0.012" />
  <testcase classname="ptolemy.util.test.junit.AutoTests" name="[328] /home/travis/build/icyphy/ptII/ptolemy/actor/lib/test/auto/ScaleMatrix.xml (RunModel)" time="0.154" />
  <testcase classname="ptolemy.util.test.junit.AutoTests" name="[329] /home/travis/build/icyphy/ptII/ptolemy/actor/lib/test/auto/Select.xml (RunModel)" time="0.017" />
  <testcase classname="ptolemy.util.test.junit.AutoTests" name="[330] /home/travis/build/icyphy/ptII/ptolemy/actor/lib/test/auto/Select2.xml (RunModel)" time="0.01" />
  <testcase classname="ptolemy.util.test.junit.AutoTests" name="[331] /home/travis/build/icyphy/ptII/ptolemy/actor/lib/test/auto/SequenceToArray2.xml (RunModel)" time="0.146" />
  <testcase classname="ptolemy.util.test.junit.AutoTests" name="[332] /home/travis/build/icyphy/ptII/ptolemy/actor/lib/test/auto/SequentialClock.xml (RunModel)" time="0.009" />
  <testcase classname="ptolemy.util.test.junit.AutoTests" name="[333] /home/travis/build/icyphy/ptII/ptolemy/actor/lib/test/auto/SetVariable.xml (RunModel)" time="0.012" />
  <testcase classname="ptolemy.util.test.junit.AutoTests" name="[334] /home/travis/build/icyphy/ptII/ptolemy/actor/lib/test/auto/SetVariable2.xml (RunModel)" time="0.012" />
  <testcase classname="ptolemy.util.test.junit.AutoTests" name="[335] /home/travis/build/icyphy/ptII/ptolemy/actor/lib/test/auto/SetVariable3.xml (RunModel)" time="0.019" />
  <testcase classname="ptolemy.util.test.junit.AutoTests" name="[336] /home/travis/build/icyphy/ptII/ptolemy/actor/lib/test/auto/SetVariable4.xml (RunModel)" time="0.028" />
  <testcase classname="ptolemy.util.test.junit.AutoTests" name="[337] /home/travis/build/icyphy/ptII/ptolemy/actor/lib/test/auto/SetVariable5.xml (RunModel)" time="0.042" />
  <testcase classname="ptolemy.util.test.junit.AutoTests" name="[338] /home/travis/build/icyphy/ptII/ptolemy/actor/lib/test/auto/Sinewave.xml (RunModel)" time="0.033" />
  <testcase classname="ptolemy.util.test.junit.AutoTests" name="[339] /home/travis/build/icyphy/ptII/ptolemy/actor/lib/test/auto/Sinewave2.xml (RunModel)" time="0.019" />
  <testcase classname="ptolemy.util.test.junit.AutoTests" name="[340] /home/travis/build/icyphy/ptII/ptolemy/actor/lib/test/auto/Sinewave3.xml (RunModel)" time="0.024" />
  <testcase classname="ptolemy.util.test.junit.AutoTests" name="[341] /home/travis/build/icyphy/ptII/ptolemy/actor/lib/test/auto/SingleEvent.xml (RunModel)" time="0.008" />
  <testcase classname="ptolemy.util.test.junit.AutoTests" name="[342] /home/travis/build/icyphy/ptII/ptolemy/actor/lib/test/auto/Sleep.xml (RunModel)" time="6.015" />
  <testcase classname="ptolemy.util.test.junit.AutoTests" name="[343] /home/travis/build/icyphy/ptII/ptolemy/actor/lib/test/auto/SleepMultipleFire.xml (RunModel)" time="1.023" />
  <testcase classname="ptolemy.util.test.junit.AutoTests" name="[344] /home/travis/build/icyphy/ptII/ptolemy/actor/lib/test/auto/StopDE.xml (RunModel)" time="0.025" />
  <testcase classname="ptolemy.util.test.junit.AutoTests" name="[345] /home/travis/build/icyphy/ptII/ptolemy/actor/lib/test/auto/StopSDF.xml (RunModel)" time="0.012" />
  <testcase classname="ptolemy.util.test.junit.AutoTests" name="[346] /home/travis/build/icyphy/ptII/ptolemy/actor/lib/test/auto/StringConstant.xml (RunModel)" time="0.01" />
  <testcase classname="ptolemy.util.test.junit.AutoTests" name="[347] /home/travis/build/icyphy/ptII/ptolemy/actor/lib/test/auto/SubscriberPortInitialValues1.xml (RunModel)" time="0.022" />
  <testcase classname="ptolemy.util.test.junit.AutoTests" name="[348] /home/travis/build/icyphy/ptII/ptolemy/actor/lib/test/auto/SubscriberPortInitialValues13.xml (RunModel)" time="0.026" />
  <testcase classname="ptolemy.util.test.junit.AutoTests" name="[349] /home/travis/build/icyphy/ptII/ptolemy/actor/lib/test/auto/SubscriberPortInitialValues14.xml (RunModel)" time="0.015" />
  <testcase classname="ptolemy.util.test.junit.AutoTests" name="[350] /home/travis/build/icyphy/ptII/ptolemy/actor/lib/test/auto/SubscriberPortInitialValues2.xml (RunModel)" time="0.02" />
  <testcase classname="ptolemy.util.test.junit.AutoTests" name="[351] /home/travis/build/icyphy/ptII/ptolemy/actor/lib/test/auto/SubscriberPortInitialValues3.xml (RunModel)" time="0.024" />
  <testcase classname="ptolemy.util.test.junit.AutoTests" name="[352] /home/travis/build/icyphy/ptII/ptolemy/actor/lib/test/auto/SubscriptionAggregator.xml (RunModel)" time="0.012" />
  <testcase classname="ptolemy.util.test.junit.AutoTests" name="[353] /home/travis/build/icyphy/ptII/ptolemy/actor/lib/test/auto/SubscriptionAggregator2.xml (RunModel)" time="0.013" />
  <testcase classname="ptolemy.util.test.junit.AutoTests" name="[354] /home/travis/build/icyphy/ptII/ptolemy/actor/lib/test/auto/SubscriptionAggregator3.xml (RunModel)" time="0.018" />
  <testcase classname="ptolemy.util.test.junit.AutoTests" name="[355] /home/travis/build/icyphy/ptII/ptolemy/actor/lib/test/auto/SubscriptionAggregatorMultiply.xml (RunModel)" time="0.025" />
  <testcase classname="ptolemy.util.test.junit.AutoTests" name="[356] /home/travis/build/icyphy/ptII/ptolemy/actor/lib/test/auto/SubscriptionAggregatorPortMultiply1.xml (RunModel)" time="0.019" />
  <testcase classname="ptolemy.util.test.junit.AutoTests" name="[357] /home/travis/build/icyphy/ptII/ptolemy/actor/lib/test/auto/Switch.xml (RunModel)" time="0.019" />
  <testcase classname="ptolemy.util.test.junit.AutoTests" name="[358] /home/travis/build/icyphy/ptII/ptolemy/actor/lib/test/auto/Switch2.xml (RunModel)" time="0.013" />
  <testcase classname="ptolemy.util.test.junit.AutoTests" name="[359] /home/travis/build/icyphy/ptII/ptolemy/actor/lib/test/auto/SwitchDE.xml (RunModel)" time="0.014" />
  <testcase classname="ptolemy.util.test.junit.AutoTests" name="[360] /home/travis/build/icyphy/ptII/ptolemy/actor/lib/test/auto/SynchronizerDE.xml (RunModel)" time="0.041" />
  <testcase classname="ptolemy.util.test.junit.AutoTests" name="[361] /home/travis/build/icyphy/ptII/ptolemy/actor/lib/test/auto/Test.xml (RunModel)" time="0.024" />
  <testcase classname="ptolemy.util.test.junit.AutoTests" name="[362] /home/travis/build/icyphy/ptII/ptolemy/actor/lib/test/auto/TestExceptionAttribute1.xml (RunModel)" time="0.009" />
  <testcase classname="ptolemy.util.test.junit.AutoTests" name="[363] /home/travis/build/icyphy/ptII/ptolemy/actor/lib/test/auto/TestExceptionAttribute2.xml (RunModel)" time="0.011" />
  <testcase classname="ptolemy.util.test.junit.AutoTests" name="[364] /home/travis/build/icyphy/ptII/ptolemy/actor/lib/test/auto/TestExceptionAttribute3.xml (RunModel)" time="0.011" />
  <testcase classname="ptolemy.util.test.junit.AutoTests" name="[365] /home/travis/build/icyphy/ptII/ptolemy/actor/lib/test/auto/TestExceptionAttribute4.xml (RunModel)" time="0.007" />
  <testcase classname="ptolemy.util.test.junit.AutoTests" name="[366] /home/travis/build/icyphy/ptII/ptolemy/actor/lib/test/auto/TestExceptionHandler1.xml (RunModel)" time="0.009" />
  <testcase classname="ptolemy.util.test.junit.AutoTests" name="[367] /home/travis/build/icyphy/ptII/ptolemy/actor/lib/test/auto/TestExceptionHandler2.xml (RunModel)" time="0.01" />
  <testcase classname="ptolemy.util.test.junit.AutoTests" name="[368] /home/travis/build/icyphy/ptII/ptolemy/actor/lib/test/auto/TestExceptionHandler3.xml (RunModel)" time="0.005" />
  <testcase classname="ptolemy.util.test.junit.AutoTests" name="[369] /home/travis/build/icyphy/ptII/ptolemy/actor/lib/test/auto/TestExceptionHandler4.xml (RunModel)" time="0.006" />
  <testcase classname="ptolemy.util.test.junit.AutoTests" name="[370] /home/travis/build/icyphy/ptII/ptolemy/actor/lib/test/auto/TestRequireCorrectOrder.xml (RunModel)" time="0.014" />
  <testcase classname="ptolemy.util.test.junit.AutoTests" name="[371] /home/travis/build/icyphy/ptII/ptolemy/actor/lib/test/auto/TestSimple.xml (RunModel)" time="0.007" />
  <testcase classname="ptolemy.util.test.junit.AutoTests" name="[372] /home/travis/build/icyphy/ptII/ptolemy/actor/lib/test/auto/ThrowModelError.xml (RunModel)" time="0.011" />
  <testcase classname="ptolemy.util.test.junit.AutoTests" name="[373] /home/travis/build/icyphy/ptII/ptolemy/actor/lib/test/auto/TimeDelayMicrosteps.xml (RunModel)" time="0.018" />
  <testcase classname="ptolemy.util.test.junit.AutoTests" name="[374] /home/travis/build/icyphy/ptII/ptolemy/actor/lib/test/auto/TimeDelayMicrosteps2.xml (RunModel)" time="0.017" />
  <testcase classname="ptolemy.util.test.junit.AutoTests" name="[375] /home/travis/build/icyphy/ptII/ptolemy/actor/lib/test/auto/TimeDelayMicrosteps3.xml (RunModel)" time="0.015" />
  <testcase classname="ptolemy.util.test.junit.AutoTests" name="[376] /home/travis/build/icyphy/ptII/ptolemy/actor/lib/test/auto/TimeDelayVariableMicrosteps.xml (RunModel)" time="0.014" />
  <testcase classname="ptolemy.util.test.junit.AutoTests" name="[377] /home/travis/build/icyphy/ptII/ptolemy/actor/lib/test/auto/TimeGap.xml (RunModel)" time="0.024" />
  <testcase classname="ptolemy.util.test.junit.AutoTests" name="[378] /home/travis/build/icyphy/ptII/ptolemy/actor/lib/test/auto/TimeGap2.xml (RunModel)" time="0.016" />
  <testcase classname="ptolemy.util.test.junit.AutoTests" name="[379] /home/travis/build/icyphy/ptII/ptolemy/actor/lib/test/auto/TimedSinewave.xml (RunModel)" time="0.066" />
  <testcase classname="ptolemy.util.test.junit.AutoTests" name="[380] /home/travis/build/icyphy/ptII/ptolemy/actor/lib/test/auto/TimedSinewavePhase.xml (RunModel)" time="0.037" />
  <testcase classname="ptolemy.util.test.junit.AutoTests" name="[381] /home/travis/build/icyphy/ptII/ptolemy/actor/lib/test/auto/Timer.xml (RunModel)" time="0.016" />
  <testcase classname="ptolemy.util.test.junit.AutoTests" name="[382] /home/travis/build/icyphy/ptII/ptolemy/actor/lib/test/auto/TriangularDistTestModel.xml (RunModel)" time="0.017" />
  <testcase classname="ptolemy.util.test.junit.AutoTests" name="[383] /home/travis/build/icyphy/ptII/ptolemy/actor/lib/test/auto/TrigFunction.xml (RunModel)" time="0.007" />
  <testcase classname="ptolemy.util.test.junit.AutoTests" name="[384] /home/travis/build/icyphy/ptII/ptolemy/actor/lib/test/auto/TrigFunctionDE.xml (RunModel)" time="0.012" />
  <testcase classname="ptolemy.util.test.junit.AutoTests" name="[385] /home/travis/build/icyphy/ptII/ptolemy/actor/lib/test/auto/TrigFunctionInverse.xml (RunModel)" time="0.009" />
  <testcase classname="ptolemy.util.test.junit.AutoTests" name="[386] /home/travis/build/icyphy/ptII/ptolemy/actor/lib/test/auto/TrigFunctionTan.xml (RunModel)" time="0.006" />
  <testcase classname="ptolemy.util.test.junit.AutoTests" name="[387] /home/travis/build/icyphy/ptII/ptolemy/actor/lib/test/auto/TriggeredClock.xml (RunModel)" time="0.01" />
  <testcase classname="ptolemy.util.test.junit.AutoTests" name="[388] /home/travis/build/icyphy/ptII/ptolemy/actor/lib/test/auto/URLDirectoryReader.xml (RunModel)" time="0.121" />
  <testcase classname="ptolemy.util.test.junit.AutoTests" name="[389] /home/travis/build/icyphy/ptII/ptolemy/actor/lib/test/auto/URLDirectoryReader3.xml (RunModel)" time="1.408" />
  <testcase classname="ptolemy.util.test.junit.AutoTests" name="[390] /home/travis/build/icyphy/ptII/ptolemy/actor/lib/test/auto/UnaryMathFunction.xml (RunModel)" time="0.025" />
  <testcase classname="ptolemy.util.test.junit.AutoTests" name="[391] /home/travis/build/icyphy/ptII/ptolemy/actor/lib/test/auto/Uniform.xml (RunModel)" time="0.013" />
  <testcase classname="ptolemy.util.test.junit.AutoTests" name="[392] /home/travis/build/icyphy/ptII/ptolemy/actor/lib/test/auto/UnionDisassemblerTest.xml (RunModel)" time="0.032" />
  <testcase classname="ptolemy.util.test.junit.AutoTests" name="[393] /home/travis/build/icyphy/ptII/ptolemy/actor/lib/test/auto/UtilityFunctions.xml (RunModel)" time="0.018" />
  <testcase classname="ptolemy.util.test.junit.AutoTests" name="[394] /home/travis/build/icyphy/ptII/ptolemy/actor/lib/test/auto/VariableSleep.xml (RunModel)" time="0.513" />
  <testcase classname="ptolemy.util.test.junit.AutoTests" name="[395] /home/travis/build/icyphy/ptII/ptolemy/actor/lib/test/auto/VectorAssemblerDisassemblerCT.xml (RunModel)" time="0.139" />
  <testcase classname="ptolemy.util.test.junit.AutoTests" name="[396] /home/travis/build/icyphy/ptII/ptolemy/actor/lib/test/auto/VectorAssemblerDisassemblerDE.xml (RunModel)" time="0.022" />
  <testcase classname="ptolemy.util.test.junit.AutoTests" name="[397] /home/travis/build/icyphy/ptII/ptolemy/actor/lib/test/auto/VectorAssemblerDisassemblerSDF.xml (RunModel)" time="0.015" />
  <testcase classname="ptolemy.util.test.junit.AutoTests" name="[398] /home/travis/build/icyphy/ptII/ptolemy/actor/lib/test/auto/WallClockTime.xml (RunModel)" time="1.014" />
  <testcase classname="ptolemy.util.test.junit.AutoTests" name="[399] /home/travis/build/icyphy/ptII/ptolemy/actor/lib/test/auto/WidthTestWithSubscriberPublisher.xml (RunModel)" time="0.048" />
  <testcase classname="ptolemy.util.test.junit.AutoTests" name="[400] /home/travis/build/icyphy/ptII/ptolemy/actor/lib/test/auto/WidthTestWithSubscriberPublisher2.xml (RunModel)" time="0.02" />
  <testcase classname="ptolemy.util.test.junit.AutoTests" name="[401] /home/travis/build/icyphy/ptII/ptolemy/actor/lib/test/auto/WidthTestWithSubscriberPublisher3.xml (RunModel)" time="0.011" />
  <testcase classname="ptolemy.util.test.junit.AutoTests" name="[402] /home/travis/build/icyphy/ptII/ptolemy/actor/lib/test/auto/Writer.xml (RunModel)" time="0.007" />
  <testcase classname="ptolemy.util.test.junit.AutoTests" name="[403] /home/travis/build/icyphy/ptII/ptolemy/actor/lib/test/auto/array.xml (RunModel)" time="0.01" />
  <testcase classname="ptolemy.util.test.junit.AutoTests" name="[404] /home/travis/build/icyphy/ptII/ptolemy/actor/lib/test/auto/array2.xml (RunModel)" time="0.029" />
  <testcase classname="ptolemy.util.test.junit.AutoTests" name="[405] /home/travis/build/icyphy/ptII/ptolemy/actor/lib/test/auto/arrayType.xml (RunModel)" time="0.013" />
  <testcase classname="ptolemy.util.test.junit.AutoTests" name="[406] /home/travis/build/icyphy/ptII/ptolemy/actor/lib/test/auto/arrayType10.xml (RunModel)" time="0.012" />
  <testcase classname="ptolemy.util.test.junit.AutoTests" name="[407] /home/travis/build/icyphy/ptII/ptolemy/actor/lib/test/auto/arrayType11.xml (RunModel)" time="0.009" />
  <testcase classname="ptolemy.util.test.junit.AutoTests" name="[408] /home/travis/build/icyphy/ptII/ptolemy/actor/lib/test/auto/arrayType12.xml (RunModel)" time="0.009" />
  <testcase classname="ptolemy.util.test.junit.AutoTests" name="[409] /home/travis/build/icyphy/ptII/ptolemy/actor/lib/test/auto/arrayType13.xml (RunModel)" time="0.01" />
  <testcase classname="ptolemy.util.test.junit.AutoTests" name="[410] /home/travis/build/icyphy/ptII/ptolemy/actor/lib/test/auto/arrayType14.xml (RunModel)" time="0.03" />
  <testcase classname="ptolemy.util.test.junit.AutoTests" name="[411] /home/travis/build/icyphy/ptII/ptolemy/actor/lib/test/auto/arrayType15.xml (RunModel)" time="0.012" />
  <testcase classname="ptolemy.util.test.junit.AutoTests" name="[412] /home/travis/build/icyphy/ptII/ptolemy/actor/lib/test/auto/arrayType16.xml (RunModel)" time="0.042" />
  <testcase classname="ptolemy.util.test.junit.AutoTests" name="[413] /home/travis/build/icyphy/ptII/ptolemy/actor/lib/test/auto/arrayType17.xml (RunModel)" time="0.042" />
  <testcase classname="ptolemy.util.test.junit.AutoTests" name="[414] /home/travis/build/icyphy/ptII/ptolemy/actor/lib/test/auto/arrayType18.xml (RunModel)" time="0.03" />
  <testcase classname="ptolemy.util.test.junit.AutoTests" name="[415] /home/travis/build/icyphy/ptII/ptolemy/actor/lib/test/auto/arrayType19.xml (RunModel)" time="0.03" />
  <testcase classname="ptolemy.util.test.junit.AutoTests" name="[416] /home/travis/build/icyphy/ptII/ptolemy/actor/lib/test/auto/arrayType2.xml (RunModel)" time="0.062" />
  <testcase classname="ptolemy.util.test.junit.AutoTests" name="[417] /home/travis/build/icyphy/ptII/ptolemy/actor/lib/test/auto/arrayType20.xml (RunModel)" time="0.03" />
  <testcase classname="ptolemy.util.test.junit.AutoTests" name="[418] /home/travis/build/icyphy/ptII/ptolemy/actor/lib/test/auto/arrayType21.xml (RunModel)" time="0.035" />
  <testcase classname="ptolemy.util.test.junit.AutoTests" name="[419] /home/travis/build/icyphy/ptII/ptolemy/actor/lib/test/auto/arrayType22.xml (RunModel)" time="0.023" />
  <testcase classname="ptolemy.util.test.junit.AutoTests" name="[420] /home/travis/build/icyphy/ptII/ptolemy/actor/lib/test/auto/arrayType23.xml (RunModel)" time="0.011" />
  <testcase classname="ptolemy.util.test.junit.AutoTests" name="[421] /home/travis/build/icyphy/ptII/ptolemy/actor/lib/test/auto/arrayType24.xml (RunModel)" time="0.011" />
  <testcase classname="ptolemy.util.test.junit.AutoTests" name="[422] /home/travis/build/icyphy/ptII/ptolemy/actor/lib/test/auto/arrayType25.xml (RunModel)" time="0.009" />
  <testcase classname="ptolemy.util.test.junit.AutoTests" name="[423] /home/travis/build/icyphy/ptII/ptolemy/actor/lib/test/auto/arrayType26.xml (RunModel)" time="0.009" />
  <testcase classname="ptolemy.util.test.junit.AutoTests" name="[424] /home/travis/build/icyphy/ptII/ptolemy/actor/lib/test/auto/arrayType27.xml (RunModel)" time="0.008" />
  <testcase classname="ptolemy.util.test.junit.AutoTests" name="[425] /home/travis/build/icyphy/ptII/ptolemy/actor/lib/test/auto/arrayType28.xml (RunModel)" time="0.01" />
  <testcase classname="ptolemy.util.test.junit.AutoTests" name="[426] /home/travis/build/icyphy/ptII/ptolemy/actor/lib/test/auto/arrayType3.xml (RunModel)" time="0.01" />
  <testcase classname="ptolemy.util.test.junit.AutoTests" name="[427] /home/travis/build/icyphy/ptII/ptolemy/actor/lib/test/auto/arrayType4.xml (RunModel)" time="0.009" />
  <testcase classname="ptolemy.util.test.junit.AutoTests" name="[428] /home/travis/build/icyphy/ptII/ptolemy/actor/lib/test/auto/arrayType5.xml (RunModel)" time="0.009" />
  <testcase classname="ptolemy.util.test.junit.AutoTests" name="[429] /home/travis/build/icyphy/ptII/ptolemy/actor/lib/test/auto/arrayType6.xml (RunModel)" time="0.008" />
  <testcase classname="ptolemy.util.test.junit.AutoTests" name="[430] /home/travis/build/icyphy/ptII/ptolemy/actor/lib/test/auto/arrayType7.xml (RunModel)" time="0.008" />
  <testcase classname="ptolemy.util.test.junit.AutoTests" name="[431] /home/travis/build/icyphy/ptII/ptolemy/actor/lib/test/auto/arrayType8.xml (RunModel)" time="0.016" />
  <testcase classname="ptolemy.util.test.junit.AutoTests" name="[432] /home/travis/build/icyphy/ptII/ptolemy/actor/lib/test/auto/arrayType9.xml (RunModel)" time="0.019" />
  <testcase classname="ptolemy.util.test.junit.AutoTests" name="[433] /home/travis/build/icyphy/ptII/ptolemy/actor/lib/test/auto/cast.xml (RunModel)" time="0.009" />
  <testcase classname="ptolemy.util.test.junit.AutoTests" name="[434] /home/travis/build/icyphy/ptII/ptolemy/actor/lib/test/auto/compositeMultiPort.xml (RunModel)" time="0.019" />
  <testcase classname="ptolemy.util.test.junit.AutoTests" name="[435] /home/travis/build/icyphy/ptII/ptolemy/actor/lib/test/auto/expressionCastInference.xml (RunModel)" time="0.01" />
  <testcase classname="ptolemy.util.test.junit.AutoTests" name="[436] /home/travis/build/icyphy/ptII/ptolemy/actor/lib/test/auto/expressionCastInference2.xml (RunModel)" time="0.008" />
  <testcase classname="ptolemy.util.test.junit.AutoTests" name="[437] /home/travis/build/icyphy/ptII/ptolemy/actor/lib/test/auto/expressionInference.xml (RunModel)" time="0.008" />
  <testcase classname="ptolemy.util.test.junit.AutoTests" name="[438] /home/travis/build/icyphy/ptII/ptolemy/actor/lib/test/auto/expression_bug.xml (RunModel)" time="0.009" />
  <testcase classname="ptolemy.util.test.junit.AutoTests" name="[439] /home/travis/build/icyphy/ptII/ptolemy/actor/lib/test/auto/factorial.xml (RunModel)" time="0.066" />
  <testcase classname="ptolemy.util.test.junit.AutoTests" name="[440] /home/travis/build/icyphy/ptII/ptolemy/actor/lib/test/auto/filterTest1.xml (RunModel)" time="0.013" />
  <testcase classname="ptolemy.util.test.junit.AutoTests" name="[441] /home/travis/build/icyphy/ptII/ptolemy/actor/lib/test/auto/funcApplyInConst.xml (RunModel)" time="0.006" />
  <testcase classname="ptolemy.util.test.junit.AutoTests" name="[442] /home/travis/build/icyphy/ptII/ptolemy/actor/lib/test/auto/funcApplyInExpr.xml (RunModel)" time="0.009" />
  <testcase classname="ptolemy.util.test.junit.AutoTests" name="[443] /home/travis/build/icyphy/ptII/ptolemy/actor/lib/test/auto/function.xml (RunModel)" time="0.01" />
  <testcase classname="ptolemy.util.test.junit.AutoTests" name="[444] /home/travis/build/icyphy/ptII/ptolemy/actor/lib/test/auto/function2.xml (RunModel)" time="0.009" />
  <testcase classname="ptolemy.util.test.junit.AutoTests" name="[445] /home/travis/build/icyphy/ptII/ptolemy/actor/lib/test/auto/function3.xml (RunModel)" time="0.006" />
  <testcase classname="ptolemy.util.test.junit.AutoTests" name="[446] /home/travis/build/icyphy/ptII/ptolemy/actor/lib/test/auto/functionClosureTest1.xml (RunModel)" time="0.01" />
  <testcase classname="ptolemy.util.test.junit.AutoTests" name="[447] /home/travis/build/icyphy/ptII/ptolemy/actor/lib/test/auto/functionClosureTest2.xml (RunModel)" time="0.006" />
  <testcase classname="ptolemy.util.test.junit.AutoTests" name="[448] /home/travis/build/icyphy/ptII/ptolemy/actor/lib/test/auto/functionClosureTest3.xml (RunModel)" time="0.01" />
  <testcase classname="ptolemy.util.test.junit.AutoTests" name="[449] /home/travis/build/icyphy/ptII/ptolemy/actor/lib/test/auto/functionClosureTest4.xml (RunModel)" time="0.016" />
  <testcase classname="ptolemy.util.test.junit.AutoTests" name="[450] /home/travis/build/icyphy/ptII/ptolemy/actor/lib/test/auto/functionClosureTest5.xml (RunModel)" time="0.013" />
  <testcase classname="ptolemy.util.test.junit.AutoTests" name="[451] /home/travis/build/icyphy/ptII/ptolemy/actor/lib/test/auto/functionClosureTest6.xml (RunModel)" time="0.013" />
  <testcase classname="ptolemy.util.test.junit.AutoTests" name="[452] /home/travis/build/icyphy/ptII/ptolemy/actor/lib/test/auto/functionsOnArcs.xml (RunModel)" time="0.012" />
  <testcase classname="ptolemy.util.test.junit.AutoTests" name="[453] /home/travis/build/icyphy/ptII/ptolemy/actor/lib/test/auto/functionsOnArcsHOF.xml (RunModel)" time="0.014" />
  <testcase classname="ptolemy.util.test.junit.AutoTests" name="[454] /home/travis/build/icyphy/ptII/ptolemy/actor/lib/test/auto/logic.xml (RunModel)" time="0.019" />
  <testcase classname="ptolemy.util.test.junit.AutoTests" name="[455] /home/travis/build/icyphy/ptII/ptolemy/actor/lib/test/auto/matrixType.xml (RunModel)" time="0.009" />
  <testcase classname="ptolemy.util.test.junit.AutoTests" name="[456] /home/travis/build/icyphy/ptII/ptolemy/actor/lib/test/auto/matrixType10.xml (RunModel)" time="0.009" />
  <testcase classname="ptolemy.util.test.junit.AutoTests" name="[457] /home/travis/build/icyphy/ptII/ptolemy/actor/lib/test/auto/matrixType11.xml (RunModel)" time="0.007" />
  <testcase classname="ptolemy.util.test.junit.AutoTests" name="[458] /home/travis/build/icyphy/ptII/ptolemy/actor/lib/test/auto/matrixType12.xml (RunModel)" time="0.009" />
  <testcase classname="ptolemy.util.test.junit.AutoTests" name="[459] /home/travis/build/icyphy/ptII/ptolemy/actor/lib/test/auto/matrixType13.xml (RunModel)" time="0.008" />
  <testcase classname="ptolemy.util.test.junit.AutoTests" name="[460] /home/travis/build/icyphy/ptII/ptolemy/actor/lib/test/auto/matrixType14.xml (RunModel)" time="0.01" />
  <testcase classname="ptolemy.util.test.junit.AutoTests" name="[461] /home/travis/build/icyphy/ptII/ptolemy/actor/lib/test/auto/matrixType2.xml (RunModel)" time="0.009" />
  <testcase classname="ptolemy.util.test.junit.AutoTests" name="[462] /home/travis/build/icyphy/ptII/ptolemy/actor/lib/test/auto/matrixType3.xml (RunModel)" time="0.01" />
  <testcase classname="ptolemy.util.test.junit.AutoTests" name="[463] /home/travis/build/icyphy/ptII/ptolemy/actor/lib/test/auto/matrixType4.xml (RunModel)" time="0.009" />
  <testcase classname="ptolemy.util.test.junit.AutoTests" name="[464] /home/travis/build/icyphy/ptII/ptolemy/actor/lib/test/auto/matrixType5.xml (RunModel)" time="0.008" />
  <testcase classname="ptolemy.util.test.junit.AutoTests" name="[465] /home/travis/build/icyphy/ptII/ptolemy/actor/lib/test/auto/matrixType6.xml (RunModel)" time="0.009" />
  <testcase classname="ptolemy.util.test.junit.AutoTests" name="[466] /home/travis/build/icyphy/ptII/ptolemy/actor/lib/test/auto/matrixType7.xml (RunModel)" time="0.009" />
  <testcase classname="ptolemy.util.test.junit.AutoTests" name="[467] /home/travis/build/icyphy/ptII/ptolemy/actor/lib/test/auto/matrixType8.xml (RunModel)" time="0.009" />
  <testcase classname="ptolemy.util.test.junit.AutoTests" name="[468] /home/travis/build/icyphy/ptII/ptolemy/actor/lib/test/auto/matrixType9.xml (RunModel)" time="0.012" />
  <testcase classname="ptolemy.util.test.junit.AutoTests" name="[469] /home/travis/build/icyphy/ptII/ptolemy/actor/lib/test/auto/paraFunctest.xml (RunModel)" time="0.006" />
  <testcase classname="ptolemy.util.test.junit.AutoTests" name="[470] /home/travis/build/icyphy/ptII/ptolemy/actor/lib/test/auto/paraFunctest2.xml (RunModel)" time="0.01" />
  <testcase classname="ptolemy.util.test.junit.AutoTests" name="[471] /home/travis/build/icyphy/ptII/ptolemy/actor/lib/test/auto/parameterPassing.xml (RunModel)" time="0.007" />
  <testcase classname="ptolemy.util.test.junit.AutoTests" name="[472] /home/travis/build/icyphy/ptII/ptolemy/actor/lib/test/auto/record.xml (RunModel)" time="0.009" />
  <testcase classname="ptolemy.util.test.junit.AutoTests" name="[473] /home/travis/build/icyphy/ptII/ptolemy/actor/lib/test/auto/sizedarray1.xml (RunModel)" time="0.01" />
  <testcase classname="ptolemy.util.test.junit.AutoTests" name="[474] /home/travis/build/icyphy/ptII/ptolemy/actor/lib/test/auto/sizedarray2.xml (RunModel)" time="0.01" />
  <testcase classname="ptolemy.util.test.junit.AutoTests" name="[475] /home/travis/build/icyphy/ptII/ptolemy/actor/lib/test/auto/twoPublishers.xml (RunModel)" time="0.029" />
  <system-out><![CDATA[/home/travis/build/icyphy/ptII/ptolemy/actor/lib/test/AbsoluteValue.tcl
testDefs.tcl: setting time out to 9000 seconds at Wed Aug 28 05:35:57 UTC 2019
95 ms. Memory: 120832K Free: 85956K (71%)
5 ms. Memory: 120832K Free: 84411K (70%)
6 ms. Memory: 120832K Free: 83394K (69%)
6 ms. Memory: 120832K Free: 82884K (69%)
/home/travis/build/icyphy/ptII/ptolemy/actor/lib/test/AddSubtract.tcl
11 ms. Memory: 120832K Free: 80836K (67%)
10 ms. Memory: 120832K Free: 79812K (66%)
13 ms. Memory: 120832K Free: 79298K (66%)
16 ms. Memory: 120832K Free: 78259K (65%)
92 ms. Memory: 120832K Free: 75716K (63%)
8 ms. Memory: 120832K Free: 74692K (62%)
/home/travis/build/icyphy/ptII/ptolemy/actor/lib/test/Average.tcl
18 ms. Memory: 120832K Free: 73139K (61%)
17 ms. Memory: 120832K Free: 71620K (59%)
/home/travis/build/icyphy/ptII/ptolemy/actor/lib/test/Bernoulli.tcl
5 ms. Memory: 120832K Free: 70067K (58%)
2 ms. Memory: 120832K Free: 70067K (58%)
/home/travis/build/icyphy/ptII/ptolemy/actor/lib/test/Clock.tcl
preinitializing
resolving types
initializing
executing number 1
wrapping up
idle
44 ms. Memory: 120832K Free: 67010K (55%)
Completed execution with 5 iterations
preinitializing
resolving types
initializing
executing number 1
wrapping up
idle
5 ms. Memory: 120832K Free: 66500K (55%)
Completed execution with 5 iterations
preinitializing
resolving types
initializing
executing number 1
wrapping up
idle
5 ms. Memory: 120832K Free: 65979K (55%)
Completed execution with 5 iterations
/home/travis/build/icyphy/ptII/ptolemy/actor/lib/test/Commutator.tcl
20 ms. Memory: 120832K Free: 63938K (53%)
16 ms. Memory: 120832K Free: 62899K (52%)
24 ms. Memory: 120832K Free: 57284K (47%)
/home/travis/build/icyphy/ptII/ptolemy/actor/lib/test/Const.tcl
5 ms. Memory: 120832K Free: 55731K (46%)
14 ms. Memory: 120832K Free: 55236K (46%)
11 ms. Memory: 120832K Free: 54722K (45%)
7 ms. Memory: 120832K Free: 54212K (45%)
5 ms. Memory: 120832K Free: 53188K (44%)
24 ms. Memory: 120832K Free: 51650K (43%)
12 ms. Memory: 120832K Free: 50611K (42%)
4 ms. Memory: 120832K Free: 49587K (41%)
/home/travis/build/icyphy/ptII/ptolemy/actor/lib/test/CurrentTime.tcl
preinitializing
resolving types
initializing
executing number 1
wrapping up
idle
10 ms. Memory: 120832K Free: 48068K (40%)
Completed execution with 11 iterations
/home/travis/build/icyphy/ptII/ptolemy/actor/lib/test/DB.tcl
5 ms. Memory: 120832K Free: 46020K (38%)
35 ms. Memory: 120832K Free: 107013K (89%)
2 ms. Memory: 120832K Free: 106518K (88%)
/home/travis/build/icyphy/ptII/ptolemy/actor/lib/test/DiscreteRandomSource.tcl
preinitializing
resolving types
initializing
executing number 1
wrapping up
idle
4 ms. Memory: 120832K Free: 105494K (87%)
Completed execution with 4 iterations
preinitializing
resolving types
initializing
executing number 1
wrapping up
idle
3 ms. Memory: 120832K Free: 104980K (87%)
Completed execution with 4 iterations
preinitializing
resolving types
initializing
executing number 1
wrapping up
idle
3 ms. Memory: 120832K Free: 104470K (86%)
Completed execution with 4 iterations
preinitializing
resolving types
initializing
executing number 1
wrapping up
idle
3 ms. Memory: 120832K Free: 103956K (86%)
Completed execution with 4 iterations
preinitializing
resolving types
initializing
executing number 1
wrapping up
idle
4 ms. Memory: 120832K Free: 103446K (86%)
Completed execution with 4 iterations
/home/travis/build/icyphy/ptII/ptolemy/actor/lib/test/Distributor.tcl
8 ms. Memory: 120832K Free: 101908K (84%)
14 ms. Memory: 120832K Free: 100884K (83%)
StreamChangeRequest.changeExecuted(): <deleteEntity name="rec2"/> succeeded
StreamChangeRequest.changeExecuted(): <deleteRelation name="r2"/> succeeded
StreamChangeRequest.changeExecuted(): Record firings per iteration succeeded
11 ms. Memory: 120832K Free: 98836K (82%)
/home/travis/build/icyphy/ptII/ptolemy/actor/lib/test/Exit.tcl
Exit.tcl: this will print a message about Manager.exitAfterWrapup, which can be ignored.
10 ms. Memory: 120832K Free: 104519K (86%)
/home/travis/build/icyphy/ptII/ptolemy/actor/lib/test/Expression.tcl
14 ms. Memory: 120832K Free: 100999K (84%)
3 ms. Memory: 120832K Free: 99975K (83%)
3 ms. Memory: 120832K Free: 99397K (82%)
preinitializing
resolving types
initializing
executing number 1
wrapping up
idle
16 ms. Memory: 120832K Free: 97943K (81%)
Completed execution with 6 iterations
5 ms. Memory: 120832K Free: 96903K (80%)
2 ms. Memory: 120832K Free: 96325K (80%)
9 ms. Memory: 120832K Free: 95331K (79%)
4 ms. Memory: 120832K Free: 93823K (78%)
7 ms. Memory: 120832K Free: 92799K (77%)
/home/travis/build/icyphy/ptII/ptolemy/actor/lib/test/Gaussian.tcl
10 ms. Memory: 120832K Free: 90759K (75%)
sleeping 1 seconds: ...............................................................................................................................................................................................................................................................................................................................................................................................................................................................................................................................................................................................................................................................................................................................................................................................................................................................................................................................................................................................................................................................................................................................................................................................................................................................................................................................................................................................................................................................................................................................................................................................................................................................................................................................................................................................................................................................................................................................................................................................................................................................................................................................................................................................................................................................................................................................................................................................................................................................................................................................................................................................................................................................................................................................................................................................................................................................................................................................................................................................................................................................................................................................................................................................................................................................................................................................................................................................................................................................................................................................................................................................................................................................................................................................................................................................................................................................................................................................................................................................................................................................................................................................................................................................................................................................................................................................................................................................................................................................................................................................................................................................................................................................................................................................................................................................................................................................................................................................................................................................................................................................................................................................................................................................................................................................................................................................................................................................................................................................................................................................................................................................................................................................................................................................................................................................................................................................................................................................................................................................................................................................................................................................................................................................................................................................................................................................................................................................................................................................................................................................................................................................................................................................................................................................................................................................................................................................................................................................................................................................................................................................................................................................................................................................................................................................................................................................................................................................................................................................................................................................................................................................................................................................................................................................................................................................................................................................................................................................................................................................................................................................................................................................................................................................................................................................................................................................................................................................................................................................................................................................................................................................................................................................................................................................................................................................................................................................................................................................................................................................................................................................................................................................................................................................................................................................................................................................................................................................................................................................................................................................................................................................................................................................................................................................................................................................................................................................................................................................................................................................................................................................................................................................................................................................................................................................................................................................................................................................................................................................................................................................................................................................................................................................................................................................................................................................................................................................................................................................................................................................................................................................................................................................................................................................................................................................................................................................................................................................................................................................................................................................................................................................................................................................................................................................................................................................................................................................................................................................................................................................................................................................................................................................................................................................................................................................................................................................................................................................................................................................................................................................................................................................................................................................................................................................................................................................................................................................................................................................................................................................................................................................................................................................................................................................................................................................................................................................................................................................................................................................................................................................................................................................................................................................................................................................................................................................................................................................................................................................................................................................................................................................................................................................................................................................................................................................................................................................................................................................................................................................................................................................................................................................................................................................................................................................................................................................................................................................................................................................................................................................................................................................................................................................................................................................................................................................................................................................................................................................................................................................................................................................................................................6 ms. Memory: 120832K Free: 85547K (71%)
3 ms. Memory: 120832K Free: 85033K (70%)
3 ms. Memory: 120832K Free: 83979K (70%)
6 ms. Memory: 120832K Free: 83497K (69%)
4 ms. Memory: 120832K Free: 82985K (69%)
/home/travis/build/icyphy/ptII/ptolemy/actor/lib/test/IIR.tcl
/home/travis/build/icyphy/ptII/ptolemy/actor/lib/test/Interpolator.tcl
6 ms. Memory: 120832K Free: 79403K (66%)
2 ms. Memory: 120832K Free: 78889K (65%)
5 ms. Memory: 120832K Free: 78377K (65%)
2 ms. Memory: 120832K Free: 77355K (64%)
7 ms. Memory: 120832K Free: 76827K (64%)
3 ms. Memory: 120832K Free: 75803K (63%)
3 ms. Memory: 120832K Free: 74793K (62%)
8 ms. Memory: 120832K Free: 74283K (61%)
3 ms. Memory: 120832K Free: 73259K (61%)
3 ms. Memory: 120832K Free: 72235K (60%)
/home/travis/build/icyphy/ptII/ptolemy/actor/lib/test/MathFunction.tcl
5 ms. Memory: 120832K Free: 70187K (58%)
2 ms. Memory: 120832K Free: 69163K (57%)
3 ms. Memory: 120832K Free: 68139K (56%)
6 ms. Memory: 120832K Free: 67115K (56%)
4 ms. Memory: 120832K Free: 66091K (55%)
12 ms. Memory: 120832K Free: 64043K (53%)
/home/travis/build/icyphy/ptII/ptolemy/actor/lib/test/Maximum.tcl
6 ms. Memory: 120832K Free: 61995K (51%)
7 ms. Memory: 120832K Free: 61467K (51%)
11 ms. Memory: 120832K Free: 105927K (88%)
5 ms. Memory: 120832K Free: 105417K (87%)
/home/travis/build/icyphy/ptII/ptolemy/actor/lib/test/Minimum.tcl
8 ms. Memory: 120832K Free: 103772K (86%)
5 ms. Memory: 120832K Free: 102841K (85%)
4 ms. Memory: 120832K Free: 102345K (85%)
3 ms. Memory: 120832K Free: 101831K (84%)
/home/travis/build/icyphy/ptII/ptolemy/actor/lib/test/MultiplyDivide.tcl
12 ms. Memory: 120832K Free: 99769K (83%)
8 ms. Memory: 120832K Free: 99273K (82%)
4 ms. Memory: 120832K Free: 98249K (81%)
3 ms. Memory: 120832K Free: 97705K (81%)
3 ms. Memory: 120832K Free: 96697K (80%)
/home/travis/build/icyphy/ptII/ptolemy/actor/lib/test/OrderedMerge.tcl
Connections changed on port: inputA
Connections changed on port: inputB
Connections changed on port: output
Connections changed on port: output
Connections changed on port: output
Connections changed on port: input
.top. Preinitializing ...
Invoking preinitialize():  .top.OrderedMerge
Called preinitialize()
Invoking preinitialize():  .top.Ramp
Called preinitialize()
Invoking preinitialize():  .top.Ramp2
Called preinitialize()
Invoking preinitialize():  .top.Test
Called preinitialize()
Connections changed on port: inputA
Connections changed on port: output
Connections changed on port: output
Connections changed on port: input
Connections changed on port: inputB
Connections changed on port: output
.top. Finished preinitialize().
Called initialize().
Invoking initialize():  .top.OrderedMerge
Initializing actor: .top.OrderedMerge
Adding a thread: .top.OrderedMerge
Invoking initialize():  .top.Ramp
Initializing actor: .top.Ramp
Adding a thread: .top.Ramp
Invoking initialize():  .top.Ramp2
Initializing actor: .top.Ramp2
Adding a thread: .top.Ramp2
Invoking initialize():  .top.Test
Initializing actor: .top.Test
Adding a thread: .top.Test
Called fire().
Checking for deadlock:
-- Starting thread.
Called initialize()
Called prefire()
Called fire()
There are 0 Blocked actors, 0 Stopped actors, and 4 active threads.
Waiting for actors to stop.
-- Starting thread.
Called initialize()
Checking for deadlock:
There are 1 Blocked actors, 0 Stopped actors, and 4 active threads.
Waiting for actors to stop.
-- Starting thread.
Called initialize()
-- Starting thread.
Called initialize()
Called prefire()
Called prefire()
Called fire()
Called prefire()
Called fire()
Called fire()
Checking for deadlock:
There are 2 Blocked actors, 0 Stopped actors, and 4 active threads.
Waiting for actors to stop.
Called postfire()
Called postfire()
Called prefire()
Called prefire()
Called fire()
Called fire()
Checking for deadlock:
There are 1 Blocked actors, 0 Stopped actors, and 4 active threads.
Waiting for actors to stop.
Checking for deadlock:
There are 3 Blocked actors, 0 Stopped actors, and 4 active threads.
Waiting for actors to stop.
Called postfire()
Called prefire()
Called fire()
Checking for deadlock:
There are 3 Blocked actors, 0 Stopped actors, and 4 active threads.
Waiting for actors to stop.
Read input token from inputA with value 0.0
Next port to read input from is inputB
Called postfire()
Called prefire()
Called fire()
Checking for deadlock:
There are 2 Blocked actors, 0 Stopped actors, and 4 active threads.
Waiting for actors to stop.
Read input token from inputB with value 0.0
Called postfire()
Called prefire()
Called fire()
Checking for deadlock:
There are 2 Blocked actors, 0 Stopped actors, and 4 active threads.
Waiting for actors to stop.
-- Read input: 0.0, which is expected to match: 0.0
Called prefire()
Called fire()
Checking for deadlock:
There are 3 Blocked actors, 0 Stopped actors, and 4 active threads.
Waiting for actors to stop.
Sent output token with value 0.0
Next port to read input from is inputA
Called postfire()
Called prefire()
Called fire()
Checking for deadlock:
There are 2 Blocked actors, 0 Stopped actors, and 4 active threads.
Waiting for actors to stop.
Called postfire()
Called prefire()
Called fire()
Checking for deadlock:
There are 3 Blocked actors, 0 Stopped actors, and 4 active threads.
Waiting for actors to stop.
Read input token from inputA with value 1.0
Checking for deadlock:
There are 2 Blocked actors, 0 Stopped actors, and 4 active threads.
Waiting for actors to stop.
-- Read input: 0.0, which is expected to match: 0.0
Called prefire()
Called fire()
Checking for deadlock:
There are 3 Blocked actors, 0 Stopped actors, and 4 active threads.
Waiting for actors to stop.
Sent output token with value 0.0
Next port to read input from is inputB
Called postfire()
Called prefire()
Called fire()
Checking for deadlock:
There are 2 Blocked actors, 0 Stopped actors, and 4 active threads.
Waiting for actors to stop.
Called postfire()
Called prefire()
Called fire()
Checking for deadlock:
There are 3 Blocked actors, 0 Stopped actors, and 4 active threads.
Waiting for actors to stop.
Read input token from inputB with value 1.5
Checking for deadlock:
There are 2 Blocked actors, 0 Stopped actors, and 4 active threads.
Waiting for actors to stop.
-- Read input: 1.0, which is expected to match: 1.0
Called prefire()
Called fire()
Sent output token with value 1.0
Checking for deadlock:
There are 3 Blocked actors, 0 Stopped actors, and 4 active threads.
Waiting for actors to stop.
Next port to read input from is inputA
Called postfire()
Called prefire()
Called fire()
Called postfire()
Called prefire()
Called fire()
Checking for deadlock:
There are 3 Blocked actors, 0 Stopped actors, and 4 active threads.
Waiting for actors to stop.
Read input token from inputA with value 2.0
-- Read input: 1.5, which is expected to match: 1.5
Called prefire()
Called fire()
Checking for deadlock:
There are 3 Blocked actors, 0 Stopped actors, and 4 active threads.
Waiting for actors to stop.
Sent output token with value 1.5
Next port to read input from is inputB
Called postfire()
Called prefire()
Called fire()
Checking for deadlock:
There are 2 Blocked actors, 0 Stopped actors, and 4 active threads.
Waiting for actors to stop.
Called postfire()
Read input token from inputB with value 3.0
Called prefire()
Called fire()
Checking for deadlock:
There are 2 Blocked actors, 0 Stopped actors, and 4 active threads.
Waiting for actors to stop.
-- Read input: 2.0, which is expected to match: 2.0
Called prefire()
Called fire()
Checking for deadlock:
There are 3 Blocked actors, 0 Stopped actors, and 4 active threads.
Waiting for actors to stop.
Sent output token with value 2.0
Next port to read input from is inputA
Called postfire()
Called prefire()
Called fire()
Called postfire()
Called prefire()
Called fire()
Checking for deadlock:
There are 3 Blocked actors, 0 Stopped actors, and 4 active threads.
Waiting for actors to stop.
Read input token from inputA with value 3.0
-- Read input: 3.0, which is expected to match: 3.0
Called prefire()
Called fire()
Checking for deadlock:
There are 3 Blocked actors, 0 Stopped actors, and 4 active threads.
Waiting for actors to stop.
Sent output token with value 3.0
Next port to read input from is inputB
Called postfire()
Called prefire()
Called fire()
Checking for deadlock:
There are 2 Blocked actors, 0 Stopped actors, and 4 active threads.
Waiting for actors to stop.
Called postfire()
Read input token from inputB with value 4.5
Called prefire()
Called fire()
-- Read input: 3.0, which is expected to match: 3.0
Called prefire()
Called fire()
Checking for deadlock:
There are 3 Blocked actors, 0 Stopped actors, and 4 active threads.
Waiting for actors to stop.
Sent output token with value 3.0
Next port to read input from is inputA
Called postfire()
Called prefire()
Called fire()
Checking for deadlock:
There are 2 Blocked actors, 0 Stopped actors, and 4 active threads.
Waiting for actors to stop.
Called postfire()
Called prefire()
Called fire()
Checking for deadlock:
There are 3 Blocked actors, 0 Stopped actors, and 4 active threads.
Waiting for actors to stop.
Read input token from inputA with value 4.0
Checking for deadlock:
There are 2 Blocked actors, 0 Stopped actors, and 4 active threads.
Waiting for actors to stop.
-- Read input: 4.0, which is expected to match: 4.0
Called prefire()
Called fire()
Past the end of training data. Read and discard all inputs.
Checking for deadlock:
There are 3 Blocked actors, 0 Stopped actors, and 4 active threads.
Waiting for actors to stop.
Sent output token with value 4.0
Next port to read input from is inputA
Called postfire()
Called prefire()
Called fire()
Checking for deadlock:
There are 2 Blocked actors, 0 Stopped actors, and 4 active threads.
Waiting for actors to stop.
Called postfire()
Called prefire()
Called fire()
Checking for deadlock:
There are 3 Blocked actors, 0 Stopped actors, and 4 active threads.
Waiting for actors to stop.
Read input token from inputA with value 5.0
Checking for deadlock:
There are 2 Blocked actors, 0 Stopped actors, and 4 active threads.
Waiting for actors to stop.
Called prefire()
Called fire()
Past the end of training data. Read and discard all inputs.
Checking for deadlock:
There are 3 Blocked actors, 0 Stopped actors, and 4 active threads.
Waiting for actors to stop.
Sent output token with value 4.5
Next port to read input from is inputB
Called postfire()
Called prefire()
Called fire()
Checking for deadlock:
There are 2 Blocked actors, 0 Stopped actors, and 4 active threads.
Waiting for actors to stop.
Called postfire()
Called prefire()
Read input token from inputB with value 6.0
Called fire()
Called prefire()
Called fire()
Past the end of training data. Read and discard all inputs.
Checking for deadlock:
There are 3 Blocked actors, 0 Stopped actors, and 4 active threads.
Waiting for actors to stop.
Sent output token with value 5.0
Next port to read input from is inputA
Called postfire()
Called prefire()
Called fire()
Checking for deadlock:
There are 2 Blocked actors, 0 Stopped actors, and 4 active threads.
Waiting for actors to stop.
Called postfire()
Called prefire()
Called fire()
Checking for deadlock:
There are 3 Blocked actors, 0 Stopped actors, and 4 active threads.
Waiting for actors to stop.
Read input token from inputA with value 6.0
Checking for deadlock:
There are 2 Blocked actors, 0 Stopped actors, and 4 active threads.
Waiting for actors to stop.
Called prefire()
Called fire()
Past the end of training data. Read and discard all inputs.
Checking for deadlock:
There are 3 Blocked actors, 0 Stopped actors, and 4 active threads.
Waiting for actors to stop.
Sent output token with value 6.0
Next port to read input from is inputB
Called postfire()
Called prefire()
Called fire()
Checking for deadlock:
There are 2 Blocked actors, 0 Stopped actors, and 4 active threads.
Waiting for actors to stop.
Called postfire()
Called prefire()
Called fire()
Read input token from inputB with value 7.5
Called prefire()
Called fire()
Past the end of training data. Read and discard all inputs.
Checking for deadlock:
There are 3 Blocked actors, 0 Stopped actors, and 4 active threads.
Waiting for actors to stop.
Sent output token with value 6.0
Next port to read input from is inputA
Called postfire()
Called prefire()
Called fire()
Checking for deadlock:
There are 2 Blocked actors, 0 Stopped actors, and 4 active threads.
Waiting for actors to stop.
Called postfire()
Called prefire()
Called fire()
Checking for deadlock:
There are 3 Blocked actors, 0 Stopped actors, and 4 active threads.
Waiting for actors to stop.
Read input token from inputA with value 7.0
Checking for deadlock:
There are 2 Blocked actors, 0 Stopped actors, and 4 active threads.
Waiting for actors to stop.
Called prefire()
Called fire()
Past the end of training data. Read and discard all inputs.
Checking for deadlock:
There are 3 Blocked actors, 0 Stopped actors, and 4 active threads.
Waiting for actors to stop.
Sent output token with value 7.0
Next port to read input from is inputA
Called postfire()
Called prefire()
Called fire()
Checking for deadlock:
There are 2 Blocked actors, 0 Stopped actors, and 4 active threads.
Waiting for actors to stop.
-- Thread wrapup() called.
Called wrapup()
Thread .top.Ramp is exiting.
-- Thread stopped.
Checking for deadlock:
There are 2 Blocked actors, 0 Stopped actors, and 3 active threads.
Waiting for actors to stop.
Read input token from inputA with value 8.0
Called prefire()
Called fire()
Past the end of training data. Read and discard all inputs.
Checking for deadlock:
There are 2 Blocked actors, 0 Stopped actors, and 3 active threads.
Waiting for actors to stop.
Sent output token with value 7.5
Next port to read input from is inputB
Called postfire()
Called prefire()
Called fire()
Checking for deadlock:
There are 1 Blocked actors, 0 Stopped actors, and 3 active threads.
Waiting for actors to stop.
Called postfire()
Read input token from inputB with value 9.0
Called prefire()
Called fire()
Called prefire()
Called fire()
Past the end of training data. Read and discard all inputs.
Checking for deadlock:
There are 2 Blocked actors, 0 Stopped actors, and 3 active threads.
Waiting for actors to stop.
Sent output token with value 8.0
Next port to read input from is inputA
Called postfire()
Called prefire()
Called fire()
Read input token from inputA with value 9.0
Called prefire()
Called fire()
Past the end of training data. Read and discard all inputs.
Checking for deadlock:
There are 2 Blocked actors, 0 Stopped actors, and 3 active threads.
Waiting for actors to stop.
Sent output token with value 9.0
Next port to read input from is inputB
Called postfire()
Called prefire()
Called fire()
Checking for deadlock:
There are 1 Blocked actors, 0 Stopped actors, and 3 active threads.
Waiting for actors to stop.
Called postfire()
Read input token from inputB with value 10.5
Called prefire()
Called fire()
Called prefire()
Called fire()
Past the end of training data. Read and discard all inputs.
Checking for deadlock:
There are 2 Blocked actors, 0 Stopped actors, and 3 active threads.
Waiting for actors to stop.
Sent output token with value 9.0
Next port to read input from is inputA
Called postfire()
Called prefire()
Called fire()
Checking for deadlock:
There are 3 Blocked actors, 0 Stopped actors, and 3 active threads.
Actors have stopped.
Checking for deadlock:
There are 3 Blocked actors, 0 Stopped actors, and 3 active threads.
Deadlock detected.
Resolving Deadlock
Checking for deadlock:
There are 3 Blocked actors, 0 Stopped actors, and 3 active threads.
Artificial Deadlock - increasing queue capacity.
increasing the capacity of receiver ptolemy.actor.TypedIOPort {.top.OrderedMerge.inputB} to 2
Director: Called postfire().
Called postfire().
_stopRequested = false
_stopFireRequested = false
Returning from postfire(): true
Called fire().
Checking for deadlock:
There are 2 Blocked actors, 0 Stopped actors, and 3 active threads.
Waiting for actors to stop.
-- Thread wrapup() called.
Called wrapup()
Thread .top.Ramp2 is exiting.
-- Thread stopped.
Checking for deadlock:
There are 2 Blocked actors, 0 Stopped actors, and 2 active threads.
Actors have stopped.
Checking for deadlock:
There are 2 Blocked actors, 0 Stopped actors, and 2 active threads.
Deadlock detected.
Resolving Deadlock
Checking for deadlock:
There are 2 Blocked actors, 0 Stopped actors, and 2 active threads.
Deadlock detected: no processes blocked on write, but some are blocked on read.
Called postfire().
_stopRequested = false
_stopFireRequested = false
Returning from postfire(): false
Finished deactivating branches.
Called wrapup().
-- Thread wrapup() called.
Called wrapup()
Thread .top.OrderedMerge is exiting.
-- Thread stopped.
-- Blocked Receiver call threw TerminateProcessException.
-- Thread wrapup() called.
Called wrapup()
Thread .top.Test is exiting.
-- Thread stopped.
-- Blocked Receiver call threw TerminateProcessException.
76 ms. Memory: 120832K Free: 92105K (76%)
.top. Preinitializing ...
Invoking preinitialize():  .top.OrderedMerge
Called preinitialize()
Invoking preinitialize():  .top.Ramp
Called preinitialize()
Invoking preinitialize():  .top.Ramp2
Called preinitialize()
Invoking preinitialize():  .top.Test
Called preinitialize()
.top. Finished preinitialize().
Called initialize().
Invoking initialize():  .top.OrderedMerge
Initializing actor: .top.OrderedMerge
Adding a thread: .top.OrderedMerge
Invoking initialize():  .top.Ramp
Initializing actor: .top.Ramp
Adding a thread: .top.Ramp
Invoking initialize():  .top.Ramp2
Initializing actor: .top.Ramp2
Adding a thread: .top.Ramp2
Invoking initialize():  .top.Test
Initializing actor: .top.Test
Adding a thread: .top.Test
-- Starting thread.
Called initialize()
Called prefire()
Called fire()
-- Starting thread.
Called initialize()
Called prefire()
Called fire()
Called postfire()
Called prefire()
Called fire()
-- Starting thread.
Called initialize()
Called prefire()
Called fire()
Called postfire()
Called prefire()
Called fire()
Called fire().
Checking for deadlock:
There are 3 Blocked actors, 0 Stopped actors, and 4 active threads.
Waiting for actors to stop.
-- Starting thread.
Called initialize()
Called prefire()
Called fire()
Read input token from inputA with value 0.0
Next port to read input from is inputB
Called postfire()
Called prefire()
Called fire()
Read input token from inputB with value 0.0
Sent output token with value 0.0
Next port to read input from is inputA
Called postfire()
Called prefire()
Called fire()
Called postfire()
Called prefire()
Called fire()
Checking for deadlock:
There are 1 Blocked actors, 0 Stopped actors, and 4 active threads.
Waiting for actors to stop.
Called postfire()
Called prefire()
Called fire()
-- Read input: 0.0, which is expected to match: 0.0
Called prefire()
Called fire()
Checking for deadlock:
There are 3 Blocked actors, 0 Stopped actors, and 4 active threads.
Waiting for actors to stop.
Read input token from inputA with value 1.0
Sent output token with value 0.0
Next port to read input from is inputB
Called postfire()
Called prefire()
Called fire()
Read input token from inputB with value 1.5
Called postfire()
Called prefire()
Called fire()
Called postfire()
Called prefire()
Called fire()
Checking for deadlock:
There are 3 Blocked actors, 0 Stopped actors, and 4 active threads.
Waiting for actors to stop.
-- Read input: 0.0, which is expected to match: 0.0
Called prefire()
Called fire()
Sent output token with value 1.0
Next port to read input from is inputA
Called postfire()
Called prefire()
Called fire()
Read input token from inputA with value 2.0
Checking for deadlock:
There are 2 Blocked actors, 0 Stopped actors, and 4 active threads.
Waiting for actors to stop.
Called postfire()
Called prefire()
Called fire()
-- Read input: 1.0, which is expected to match: 1.0
Called prefire()
Called fire()
Checking for deadlock:
There are 3 Blocked actors, 0 Stopped actors, and 4 active threads.
Waiting for actors to stop.
Sent output token with value 1.5
Next port to read input from is inputB
Called postfire()
Called prefire()
Called fire()
Read input token from inputB with value 3.0
-- Read input: 1.5, which is expected to match: 1.5
Called prefire()
Called fire()
Called postfire()
Called prefire()
Called fire()
Checking for deadlock:
There are 3 Blocked actors, 0 Stopped actors, and 4 active threads.
Waiting for actors to stop.
Checking for deadlock:
There are 2 Blocked actors, 0 Stopped actors, and 4 active threads.
Waiting for actors to stop.
-- Read input: 2.0, which is expected to match: 2.0
Called prefire()
Called fire()
Checking for deadlock:
There are 3 Blocked actors, 0 Stopped actors, and 4 active threads.
Waiting for actors to stop.
Sent output token with value 2.0
Next port to read input from is inputA
Called postfire()
Called prefire()
Called fire()
Read input token from inputA with value 3.0
Sent output token with value 3.0
Next port to read input from is inputB
Called postfire()
Called prefire()
Called fire()
Read input token from inputB with value 4.5
-- Read input: 3.0, which is expected to match: 3.0
Called prefire()
Called fire()
Called postfire()
Called prefire()
Called fire()
Checking for deadlock:
There are 2 Blocked actors, 0 Stopped actors, and 4 active threads.
Waiting for actors to stop.
Called postfire()
Called prefire()
Called fire()
Checking for deadlock:
There are 3 Blocked actors, 0 Stopped actors, and 4 active threads.
Waiting for actors to stop.
Checking for deadlock:
There are 2 Blocked actors, 0 Stopped actors, and 4 active threads.
Waiting for actors to stop.
-- Read input: 3.0, which is expected to match: 3.0
Called prefire()
Called fire()
Checking for deadlock:
There are 3 Blocked actors, 0 Stopped actors, and 4 active threads.
Waiting for actors to stop.
Sent output token with value 3.0
Next port to read input from is inputA
Called postfire()
Called prefire()
Called fire()
Called postfire()
Called prefire()
Called fire()
Checking for deadlock:
There are 3 Blocked actors, 0 Stopped actors, and 4 active threads.
Waiting for actors to stop.
Read input token from inputA with value 4.0
-- Read input: 4.0, which is expected to match: 4.0
Called prefire()
Called fire()
Past the end of training data. Read and discard all inputs.
Checking for deadlock:
There are 3 Blocked actors, 0 Stopped actors, and 4 active threads.
Waiting for actors to stop.
Sent output token with value 4.0
Next port to read input from is inputA
Called postfire()
Called prefire()
Called fire()
Called postfire()
Called prefire()
Called fire()
Checking for deadlock:
There are 3 Blocked actors, 0 Stopped actors, and 4 active threads.
Waiting for actors to stop.
Read input token from inputA with value 5.0
Called prefire()
Called fire()
Past the end of training data. Read and discard all inputs.
Checking for deadlock:
There are 3 Blocked actors, 0 Stopped actors, and 4 active threads.
Waiting for actors to stop.
Sent output token with value 4.5
Next port to read input from is inputB
Called postfire()
Called prefire()
Called fire()
Checking for deadlock:
There are 2 Blocked actors, 0 Stopped actors, and 4 active threads.
Waiting for actors to stop.
Called postfire()
Called prefire()
Called fire()
Checking for deadlock:
There are 3 Blocked actors, 0 Stopped actors, and 4 active threads.
Waiting for actors to stop.
Read input token from inputB with value 6.0
Checking for deadlock:
There are 2 Blocked actors, 0 Stopped actors, and 4 active threads.
Waiting for actors to stop.
Called prefire()
Called fire()
Past the end of training data. Read and discard all inputs.
Checking for deadlock:
There are 3 Blocked actors, 0 Stopped actors, and 4 active threads.
Waiting for actors to stop.
Sent output token with value 5.0
Next port to read input from is inputA
Called postfire()
Called prefire()
Called fire()
Called postfire()
Called prefire()
Called fire()
Checking for deadlock:
There are 3 Blocked actors, 0 Stopped actors, and 4 active threads.
Waiting for actors to stop.
Read input token from inputA with value 6.0
Called prefire()
Called fire()
Past the end of training data. Read and discard all inputs.
Checking for deadlock:
There are 3 Blocked actors, 0 Stopped actors, and 4 active threads.
Waiting for actors to stop.
Sent output token with value 6.0
Next port to read input from is inputB
Called postfire()
Called prefire()
Called fire()
Checking for deadlock:
There are 2 Blocked actors, 0 Stopped actors, and 4 active threads.
Waiting for actors to stop.
Called postfire()
Called prefire()
Called fire()
Checking for deadlock:
There are 3 Blocked actors, 0 Stopped actors, and 4 active threads.
Waiting for actors to stop.
Read input token from inputB with value 7.5
Checking for deadlock:
There are 2 Blocked actors, 0 Stopped actors, and 4 active threads.
Waiting for actors to stop.
Called prefire()
Called fire()
Past the end of training data. Read and discard all inputs.
Checking for deadlock:
There are 3 Blocked actors, 0 Stopped actors, and 4 active threads.
Waiting for actors to stop.
Sent output token with value 6.0
Next port to read input from is inputA
Called postfire()
Called prefire()
Called fire()
Called postfire()
Called prefire()
Called fire()
Checking for deadlock:
There are 3 Blocked actors, 0 Stopped actors, and 4 active threads.
Waiting for actors to stop.
Read input token from inputA with value 7.0
Called prefire()
Called fire()
Past the end of training data. Read and discard all inputs.
Checking for deadlock:
There are 3 Blocked actors, 0 Stopped actors, and 4 active threads.
Waiting for actors to stop.
Sent output token with value 7.0
Next port to read input from is inputA
Called postfire()
Called prefire()
Called fire()
-- Thread wrapup() called.
Called wrapup()
Thread .top.Ramp is exiting.
-- Thread stopped.
Checking for deadlock:
There are 2 Blocked actors, 0 Stopped actors, and 3 active threads.
Waiting for actors to stop.
Read input token from inputA with value 8.0
Checking for deadlock:
There are 1 Blocked actors, 0 Stopped actors, and 3 active threads.
Waiting for actors to stop.
Called prefire()
Called fire()
Past the end of training data. Read and discard all inputs.
Checking for deadlock:
There are 2 Blocked actors, 0 Stopped actors, and 3 active threads.
Waiting for actors to stop.
Sent output token with value 7.5
Next port to read input from is inputB
Called postfire()
Called prefire()
Called fire()
Checking for deadlock:
There are 1 Blocked actors, 0 Stopped actors, and 3 active threads.
Waiting for actors to stop.
Called postfire()
Called prefire()
Called fire()
Checking for deadlock:
There are 2 Blocked actors, 0 Stopped actors, and 3 active threads.
Waiting for actors to stop.
Read input token from inputB with value 9.0
Checking for deadlock:
There are 1 Blocked actors, 0 Stopped actors, and 3 active threads.
Waiting for actors to stop.
Called prefire()
Called fire()
Past the end of training data. Read and discard all inputs.
Checking for deadlock:
There are 2 Blocked actors, 0 Stopped actors, and 3 active threads.
Waiting for actors to stop.
Sent output token with value 8.0
Next port to read input from is inputA
Called postfire()
Called prefire()
Called fire()
Read input token from inputA with value 9.0
Called prefire()
Called fire()
Past the end of training data. Read and discard all inputs.
Checking for deadlock:
There are 2 Blocked actors, 0 Stopped actors, and 3 active threads.
Waiting for actors to stop.
Sent output token with value 9.0
Next port to read input from is inputB
Called postfire()
Called prefire()
Called fire()
Called postfire()
Called prefire()
Called fire()
Checking for deadlock:
There are 2 Blocked actors, 0 Stopped actors, and 3 active threads.
Waiting for actors to stop.
Read input token from inputB with value 10.5
Called prefire()
Called fire()
Past the end of training data. Read and discard all inputs.
Checking for deadlock:
There are 2 Blocked actors, 0 Stopped actors, and 3 active threads.
Waiting for actors to stop.
Sent output token with value 9.0
Next port to read input from is inputA
Called postfire()
Called prefire()
Called fire()
Checking for deadlock:
There are 3 Blocked actors, 0 Stopped actors, and 3 active threads.
Actors have stopped.
Checking for deadlock:
There are 3 Blocked actors, 0 Stopped actors, and 3 active threads.
Deadlock detected.
Resolving Deadlock
Checking for deadlock:
There are 3 Blocked actors, 0 Stopped actors, and 3 active threads.
Artificial Deadlock - increasing queue capacity.
increasing the capacity of receiver ptolemy.actor.TypedIOPort {.top.OrderedMerge.inputB} to 2
Director: Called postfire().
Called postfire().
_stopRequested = false
_stopFireRequested = false
Returning from postfire(): true
Called fire().
Checking for deadlock:
There are 2 Blocked actors, 0 Stopped actors, and 3 active threads.
Waiting for actors to stop.
-- Thread wrapup() called.
Called wrapup()
Thread .top.Ramp2 is exiting.
-- Thread stopped.
Checking for deadlock:
There are 2 Blocked actors, 0 Stopped actors, and 2 active threads.
Actors have stopped.
Checking for deadlock:
There are 2 Blocked actors, 0 Stopped actors, and 2 active threads.
Deadlock detected.
Resolving Deadlock
Checking for deadlock:
There are 2 Blocked actors, 0 Stopped actors, and 2 active threads.
Deadlock detected: no processes blocked on write, but some are blocked on read.
Called postfire().
_stopRequested = false
_stopFireRequested = false
Returning from postfire(): false
Finished deactivating branches.
Called wrapup().
-- Thread wrapup() called.
Called wrapup()
-- Thread wrapup() called.
Called wrapup()
Thread .top.OrderedMerge is exiting.
-- Thread stopped.
-- Blocked Receiver call threw TerminateProcessException.
Thread .top.Test is exiting.
-- Thread stopped.
-- Blocked Receiver call threw TerminateProcessException.
40 ms. Memory: 120832K Free: 89543K (74%)
/home/travis/build/icyphy/ptII/ptolemy/actor/lib/test/Publisher.tcl
19 ms. Memory: 120832K Free: 83399K (69%)
7 ms. Memory: 120832K Free: 100540K (83%)
6 ms. Memory: 120832K Free: 96954K (80%)
5 ms. Memory: 120832K Free: 95924K (79%)
2 ms. Memory: 120832K Free: 95420K (79%)
3 ms. Memory: 120832K Free: 94396K (78%)
3 ms. Memory: 120832K Free: 93852K (78%)
4 ms. Memory: 120832K Free: 92858K (77%)
38 ms. Memory: 120832K Free: 82618K (68%)
12 ms. Memory: 120832K Free: 79036K (65%)
2 ms. Memory: 120832K Free: 78508K (65%)
4 ms. Memory: 120832K Free: 75964K (63%)
7 ms. Memory: 120832K Free: 68252K (56%)
11 ms. Memory: 120832K Free: 58556K (48%)
9 ms. Memory: 120832K Free: 101637K (84%)
/home/travis/build/icyphy/ptII/ptolemy/actor/lib/test/Pulse.tcl
3 ms. Memory: 120832K Free: 63763K (53%)
10 ms. Memory: 120832K Free: 63253K (52%)
3 ms. Memory: 120832K Free: 62725K (52%)
2 ms. Memory: 120832K Free: 62229K (52%)
1 ms. Memory: 120832K Free: 61709K (51%)
7 ms. Memory: 120832K Free: 60691K (50%)
9 ms. Memory: 120832K Free: 59661K (49%)
2 ms. Memory: 120832K Free: 58637K (49%)
2 ms. Memory: 120832K Free: 58133K (48%)
/home/travis/build/icyphy/ptII/ptolemy/actor/lib/test/Ramp.tcl
5 ms. Memory: 120832K Free: 56085K (46%)
5 ms. Memory: 120832K Free: 55571K (46%)
6 ms. Memory: 120832K Free: 54547K (45%)
3 ms. Memory: 120832K Free: 54037K (45%)
6 ms. Memory: 120832K Free: 53013K (44%)
10 ms. Memory: 120832K Free: 51989K (43%)
7 ms. Memory: 120832K Free: 51469K (43%)
5 actors
6000 microseconds per iteration to create
12 ms. Memory: 120832K Free: 48389K (40%)
2 ms. Memory: 120832K Free: 47893K (40%)
20 ms. Memory: 145408K Free: 128333K (88%)
3 ms. Memory: 145408K Free: 127829K (88%)
50 actors
59000 microseconds per iteration to create
65 ms. Memory: 145408K Free: 111925K (77%)
7 ms. Memory: 145408K Free: 110925K (76%)
18 ms. Memory: 145408K Free: 109893K (76%)
15 ms. Memory: 145408K Free: 108853K (75%)
500 actors
2326000 microseconds per iteration to create
323 ms. Memory: 145408K Free: 85682K (59%)
33 ms. Memory: 145408K Free: 80048K (55%)
33 ms. Memory: 145408K Free: 74922K (52%)
33 ms. Memory: 145408K Free: 69808K (48%)
/home/travis/build/icyphy/ptII/ptolemy/actor/lib/test/RampContinuous.tcl
8 ms. Memory: 145408K Free: 68274K (47%)
/home/travis/build/icyphy/ptII/ptolemy/actor/lib/test/RecordAssembler.tcl
5 ms. Memory: 145408K Free: 66736K (46%)
3 ms. Memory: 145408K Free: 65698K (45%)
/home/travis/build/icyphy/ptII/ptolemy/actor/lib/test/RecordDisassembler.tcl
6 ms. Memory: 145408K Free: 64178K (44%)
3 ms. Memory: 145408K Free: 63154K (43%)
4 ms. Memory: 145408K Free: 62130K (43%)
/home/travis/build/icyphy/ptII/ptolemy/actor/lib/test/Scale.tcl
3 ms. Memory: 145408K Free: 60082K (41%)
2 ms. Memory: 145408K Free: 59554K (41%)
2 ms. Memory: 145408K Free: 58538K (40%)
3 ms. Memory: 145408K Free: 58034K (40%)
2 ms. Memory: 145408K Free: 57010K (39%)
/home/travis/build/icyphy/ptII/ptolemy/actor/lib/test/SequentialClock.tcl
preinitializing
resolving types
initializing
executing number 1
wrapping up
idle
3 ms. Memory: 145408K Free: 55986K (39%)
Completed execution with 5 iterations
preinitializing
resolving types
initializing
executing number 1
wrapping up
idle
2 ms. Memory: 145408K Free: 54962K (38%)
Completed execution with 5 iterations
preinitializing
resolving types
initializing
executing number 1
wrapping up
idle
2 ms. Memory: 145408K Free: 54448K (37%)
Completed execution with 5 iterations
/home/travis/build/icyphy/ptII/ptolemy/actor/lib/test/SetVariable.tcl
5 ms. Memory: 145408K Free: 52914K (36%)


==== $PTII/ptolemy/actor/lib/test/SetVariable.tcl: SetVariable-3.1 changeFailed
==== Contents of test case:

    #Uses 2.1 above
    jdkCaptureErr {
        # This test was failing if we ran Exit.tcl and then this test.
        # MessageHandler.error() now actually throws the Exception.
	catch {$setVariable changeFailed [java::null]  [java::new Exception {Test exception for SetVariable.changeFailed()}]} errMsg
    } results
    list [string range $results 0 89] "\n" $errMsg

==== Result was:
{java.lang.Exception: Test exception for SetVariable.changeFailed()
	at java.base/jdk.inter} {
} {java.lang.RuntimeException: java.lang.Exception: Test exception for SetVariable.changeFailed()}
---- Result should have been:
{Failed to set variable.
java.lang.Exception: Test exception for SetVariable.changeFailed()} {
} {java.lang.RuntimeException: java.lang.Exception: Test exception for SetVariable.changeFailed()}
---- SetVariable-3.1 FAILED
/home/travis/build/icyphy/ptII/ptolemy/actor/lib/test/Sinewave.tcl
/home/travis/build/icyphy/ptII/ptolemy/actor/lib/test/SubscriptionAggregator.tcl
5 ms. Memory: 145408K Free: 113229K (78%)
2 ms. Memory: 145408K Free: 112700K (78%)
1 ms. Memory: 145408K Free: 112205K (77%)
0 ms. Memory: 145408K Free: 111660K (77%)
2 ms. Memory: 145408K Free: 108604K (75%)
9 ms. Memory: 145408K Free: 106061K (73%)
...............................................................1248 ms. Memory: 252928K Free: 148410K (59%)
/home/travis/build/icyphy/ptII/ptolemy/actor/lib/test/Test.tcl
 The next command will produce a warning about training mode,
   which may be ignored.
5 ms. Memory: 252928K Free: 146364K (58%)
8 ms. Memory: 252928K Free: 145835K (58%)
2 ms. Memory: 252928K Free: 144811K (57%)
10 ms. Memory: 252928K Free: 144316K (57%)
2 ms. Memory: 252928K Free: 143787K (57%)
9 ms. Memory: 252928K Free: 142778K (56%)
4 ms. Memory: 252928K Free: 141244K (56%)
 The next command will produce a warning about training mode,
   which may be ignored.
11 ms. Memory: 252928K Free: 139194K (55%)
 The next command will produce a warning about training mode,
   which may be ignored.
3 ms. Memory: 252928K Free: 137651K (54%)
2 ms. Memory: 252928K Free: 137148K (54%)
1 ms. Memory: 252928K Free: 136619K (54%)
1 ms. Memory: 252928K Free: 136124K (54%)
7 ms. Memory: 252928K Free: 135100K (53%)
4 ms. Memory: 252928K Free: 131499K (52%)
/home/travis/build/icyphy/ptII/ptolemy/actor/lib/test/TestExceptionHandler.tcl
 The next command will produce a warning about training mode,
   which may be ignored.
2 ms. Memory: 252928K Free: 129980K (51%)
1 ms. Memory: 252928K Free: 129466K (51%)
1 ms. Memory: 252928K Free: 128956K (51%)
/home/travis/build/icyphy/ptII/ptolemy/actor/lib/test/UnionDisassembler.tcl
17 ms. Memory: 252928K Free: 121786K (48%)
/home/travis/build/icyphy/ptII/ptolemy/actor/lib/test/VariableClock.tcl
preinitializing
resolving types
initializing
executing number 1
wrapping up
idle
3 ms. Memory: 252928K Free: 119740K (47%)
Completed execution with 11 iterations
preinitializing
resolving types
initializing
executing number 1
wrapping up
idle
3 ms. Memory: 252928K Free: 118716K (47%)
Completed execution with 10 iterations
08/28/19 05:36:07
Failed: 1  Total Tests: 234  ((Passed: 233, Newly Passed: 0)  Known Failed: 0) /home/travis/build/icyphy/ptII/ptolemy/actor/lib/test
----------------- testing (KnownFailure) /home/travis/build/icyphy/ptII/ptolemy/actor/lib/test/auto/knownFailedTests/PublisherPortToplevelSubscriber.xml
3 ms. Memory: 252928K Free: 115130K (46%)
Known Failure: java.lang.reflect.InvocationTargetException
----------------- testing (KnownFailure) /home/travis/build/icyphy/ptII/ptolemy/actor/lib/test/auto/knownFailedTests/PublisherSubscriberPortToplevel.xml
0 ms. Memory: 252928K Free: 111034K (44%)
Known Failure: java.lang.reflect.InvocationTargetException
----------------- testing (KnownFailure) /home/travis/build/icyphy/ptII/ptolemy/actor/lib/test/auto/knownFailedTests/PublisherSubscriptionAggregatorPort.xml
1 ms. Memory: 252928K Free: 106938K (42%)
Known Failure: java.lang.reflect.InvocationTargetException
----------------- testing (KnownFailure) /home/travis/build/icyphy/ptII/ptolemy/actor/lib/test/auto/knownFailedTests/sizedarray3.xml
6 ms. Memory: 252928K Free: 102332K (40%)
Known Failure: java.lang.reflect.InvocationTargetException
No auto/linux-amd64/*.xml tests in /home/travis/build/icyphy/ptII/ptolemy/actor/lib/test
AutoTests.java: About to close Vertx.
AutoTests.java: Vertx closed.

===========================================================================================
----------------- testing Wed Aug 28 05:36:08 UTC 2019 /home/travis/build/icyphy/ptII/ptolemy/actor/lib/test/auto/AbsoluteValue.xml
----------------- Instantiating /home/travis/build/icyphy/ptII/ptolemy/actor/lib/test/auto/AbsoluteValue.xml
73 ms. Memory: 252928K Free: 206135K (81%)
----------------- Invoking toplevel() on ptolemy.moml.MoMLSimpleApplication@259c761e
----------------- Done invoking toplevel() on ptolemy.moml.MoMLSimpleApplication@259c761e
reloadAllAccessors: .AbsoluteValue

===========================================================================================
----------------- testing Wed Aug 28 05:36:08 UTC 2019 /home/travis/build/icyphy/ptII/ptolemy/actor/lib/test/auto/AbsoluteValue2.xml
----------------- Instantiating /home/travis/build/icyphy/ptII/ptolemy/actor/lib/test/auto/AbsoluteValue2.xml
5 ms. Memory: 252928K Free: 198721K (79%)
----------------- Invoking toplevel() on ptolemy.moml.MoMLSimpleApplication@1640285d
----------------- Done invoking toplevel() on ptolemy.moml.MoMLSimpleApplication@1640285d
reloadAllAccessors: .AbsoluteValue2

===========================================================================================
----------------- testing Wed Aug 28 05:36:08 UTC 2019 /home/travis/build/icyphy/ptII/ptolemy/actor/lib/test/auto/Accumulator.xml
----------------- Instantiating /home/travis/build/icyphy/ptII/ptolemy/actor/lib/test/auto/Accumulator.xml
11 ms. Memory: 252928K Free: 192577K (76%)
----------------- Invoking toplevel() on ptolemy.moml.MoMLSimpleApplication@22581d5e
----------------- Done invoking toplevel() on ptolemy.moml.MoMLSimpleApplication@22581d5e
reloadAllAccessors: .Accumulator

===========================================================================================
----------------- testing Wed Aug 28 05:36:08 UTC 2019 /home/travis/build/icyphy/ptII/ptolemy/actor/lib/test/auto/Accumulator2.xml
----------------- Instantiating /home/travis/build/icyphy/ptII/ptolemy/actor/lib/test/auto/Accumulator2.xml
3 ms. Memory: 252928K Free: 186943K (74%)
----------------- Invoking toplevel() on ptolemy.moml.MoMLSimpleApplication@7ec804e0
----------------- Done invoking toplevel() on ptolemy.moml.MoMLSimpleApplication@7ec804e0
reloadAllAccessors: .Accumulator2

===========================================================================================
----------------- testing Wed Aug 28 05:36:08 UTC 2019 /home/travis/build/icyphy/ptII/ptolemy/actor/lib/test/auto/Accumulator3.xml
----------------- Instantiating /home/travis/build/icyphy/ptII/ptolemy/actor/lib/test/auto/Accumulator3.xml
3 ms. Memory: 252928K Free: 182847K (72%)
----------------- Invoking toplevel() on ptolemy.moml.MoMLSimpleApplication@4c489c01
----------------- Done invoking toplevel() on ptolemy.moml.MoMLSimpleApplication@4c489c01
reloadAllAccessors: .Accumulator3

===========================================================================================
----------------- testing Wed Aug 28 05:36:08 UTC 2019 /home/travis/build/icyphy/ptII/ptolemy/actor/lib/test/auto/ArrayAppend.xml
----------------- Instantiating /home/travis/build/icyphy/ptII/ptolemy/actor/lib/test/auto/ArrayAppend.xml
5 ms. Memory: 252928K Free: 176688K (70%)
----------------- Invoking toplevel() on ptolemy.moml.MoMLSimpleApplication@5659acd8
----------------- Done invoking toplevel() on ptolemy.moml.MoMLSimpleApplication@5659acd8
reloadAllAccessors: .ArrayAppend

===========================================================================================
----------------- testing Wed Aug 28 05:36:08 UTC 2019 /home/travis/build/icyphy/ptII/ptolemy/actor/lib/test/auto/ArrayAppend2.xml
----------------- Instantiating /home/travis/build/icyphy/ptII/ptolemy/actor/lib/test/auto/ArrayAppend2.xml
390 ms. Memory: 252928K Free: 101441K (40%)
----------------- Invoking toplevel() on ptolemy.moml.MoMLSimpleApplication@62575135
----------------- Done invoking toplevel() on ptolemy.moml.MoMLSimpleApplication@62575135
reloadAllAccessors: .ArrayAppend2

===========================================================================================
----------------- testing Wed Aug 28 05:36:09 UTC 2019 /home/travis/build/icyphy/ptII/ptolemy/actor/lib/test/auto/ArrayAppend3.xml
----------------- Instantiating /home/travis/build/icyphy/ptII/ptolemy/actor/lib/test/auto/ArrayAppend3.xml
3 ms. Memory: 252928K Free: 96831K (38%)
----------------- Invoking toplevel() on ptolemy.moml.MoMLSimpleApplication@2a4c5588
----------------- Done invoking toplevel() on ptolemy.moml.MoMLSimpleApplication@2a4c5588
reloadAllAccessors: .ArrayAppend3

===========================================================================================
----------------- testing Wed Aug 28 05:36:09 UTC 2019 /home/travis/build/icyphy/ptII/ptolemy/actor/lib/test/auto/ArrayAppend4.xml
----------------- Instantiating /home/travis/build/icyphy/ptII/ptolemy/actor/lib/test/auto/ArrayAppend4.xml
5 ms. Memory: 252928K Free: 90687K (36%)
----------------- Invoking toplevel() on ptolemy.moml.MoMLSimpleApplication@75ec0f02
----------------- Done invoking toplevel() on ptolemy.moml.MoMLSimpleApplication@75ec0f02
reloadAllAccessors: .ArrayAppend4

===========================================================================================
----------------- testing Wed Aug 28 05:36:09 UTC 2019 /home/travis/build/icyphy/ptII/ptolemy/actor/lib/test/auto/ArrayAppend5.xml
----------------- Instantiating /home/travis/build/icyphy/ptII/ptolemy/actor/lib/test/auto/ArrayAppend5.xml
3 ms. Memory: 252928K Free: 85567K (34%)
----------------- Invoking toplevel() on ptolemy.moml.MoMLSimpleApplication@59c82a3d
----------------- Done invoking toplevel() on ptolemy.moml.MoMLSimpleApplication@59c82a3d
reloadAllAccessors: .ArrayAppend5

===========================================================================================
----------------- testing Wed Aug 28 05:36:09 UTC 2019 /home/travis/build/icyphy/ptII/ptolemy/actor/lib/test/auto/ArrayAppend6.xml
----------------- Instantiating /home/travis/build/icyphy/ptII/ptolemy/actor/lib/test/auto/ArrayAppend6.xml
2 ms. Memory: 252928K Free: 80447K (32%)
----------------- Invoking toplevel() on ptolemy.moml.MoMLSimpleApplication@15fbe14e
----------------- Done invoking toplevel() on ptolemy.moml.MoMLSimpleApplication@15fbe14e
reloadAllAccessors: .ArrayAppend6

===========================================================================================
----------------- testing Wed Aug 28 05:36:09 UTC 2019 /home/travis/build/icyphy/ptII/ptolemy/actor/lib/test/auto/ArrayAppendPerformanceTest.xml
----------------- Instantiating /home/travis/build/icyphy/ptII/ptolemy/actor/lib/test/auto/ArrayAppendPerformanceTest.xml
97 ms. Memory: 252928K Free: 204437K (81%)
----------------- Invoking toplevel() on ptolemy.moml.MoMLSimpleApplication@104f28f8
----------------- Done invoking toplevel() on ptolemy.moml.MoMLSimpleApplication@104f28f8
reloadAllAccessors: .ArrayAppendPerformanceTest

===========================================================================================
----------------- testing Wed Aug 28 05:36:09 UTC 2019 /home/travis/build/icyphy/ptII/ptolemy/actor/lib/test/auto/ArrayAppendWithEmptyInput.xml
----------------- Instantiating /home/travis/build/icyphy/ptII/ptolemy/actor/lib/test/auto/ArrayAppendWithEmptyInput.xml
18 ms. Memory: 252928K Free: 195856K (77%)
----------------- Invoking toplevel() on ptolemy.moml.MoMLSimpleApplication@299bddab
----------------- Done invoking toplevel() on ptolemy.moml.MoMLSimpleApplication@299bddab
reloadAllAccessors: .ArrayAppendWithEmptyInput

===========================================================================================
----------------- testing Wed Aug 28 05:36:09 UTC 2019 /home/travis/build/icyphy/ptII/ptolemy/actor/lib/test/auto/ArrayAverage.xml
----------------- Instantiating /home/travis/build/icyphy/ptII/ptolemy/actor/lib/test/auto/ArrayAverage.xml
5 ms. Memory: 252928K Free: 188688K (75%)
----------------- Invoking toplevel() on ptolemy.moml.MoMLSimpleApplication@28938eb5
----------------- Done invoking toplevel() on ptolemy.moml.MoMLSimpleApplication@28938eb5
reloadAllAccessors: .ArrayAverage

===========================================================================================
----------------- testing Wed Aug 28 05:36:09 UTC 2019 /home/travis/build/icyphy/ptII/ptolemy/actor/lib/test/auto/ArrayContains.xml
----------------- Instantiating /home/travis/build/icyphy/ptII/ptolemy/actor/lib/test/auto/ArrayContains.xml
13 ms. Memory: 252928K Free: 182544K (72%)
----------------- Invoking toplevel() on ptolemy.moml.MoMLSimpleApplication@dca38b3
----------------- Done invoking toplevel() on ptolemy.moml.MoMLSimpleApplication@dca38b3
reloadAllAccessors: .ArrayContains

===========================================================================================
----------------- testing Wed Aug 28 05:36:09 UTC 2019 /home/travis/build/icyphy/ptII/ptolemy/actor/lib/test/auto/ArrayElement.xml
----------------- Instantiating /home/travis/build/icyphy/ptII/ptolemy/actor/lib/test/auto/ArrayElement.xml
6 ms. Memory: 252928K Free: 176910K (70%)
----------------- Invoking toplevel() on ptolemy.moml.MoMLSimpleApplication@76456d07
----------------- Done invoking toplevel() on ptolemy.moml.MoMLSimpleApplication@76456d07
reloadAllAccessors: .ArrayElement

===========================================================================================
----------------- testing Wed Aug 28 05:36:09 UTC 2019 /home/travis/build/icyphy/ptII/ptolemy/actor/lib/test/auto/ArrayElementAsMatrix.xml
----------------- Instantiating /home/travis/build/icyphy/ptII/ptolemy/actor/lib/test/auto/ArrayElementAsMatrix.xml
26 ms. Memory: 252928K Free: 166670K (66%)
----------------- Invoking toplevel() on ptolemy.moml.MoMLSimpleApplication@3fc13e68
----------------- Done invoking toplevel() on ptolemy.moml.MoMLSimpleApplication@3fc13e68
reloadAllAccessors: .ArrayElementAsMatrix

===========================================================================================
----------------- testing Wed Aug 28 05:36:09 UTC 2019 /home/travis/build/icyphy/ptII/ptolemy/actor/lib/test/auto/ArrayElementI.xml
----------------- Instantiating /home/travis/build/icyphy/ptII/ptolemy/actor/lib/test/auto/ArrayElementI.xml
4 ms. Memory: 252928K Free: 162064K (64%)
----------------- Invoking toplevel() on ptolemy.moml.MoMLSimpleApplication@71b1affe
----------------- Done invoking toplevel() on ptolemy.moml.MoMLSimpleApplication@71b1affe
reloadAllAccessors: .ArrayElementI

===========================================================================================
----------------- testing Wed Aug 28 05:36:09 UTC 2019 /home/travis/build/icyphy/ptII/ptolemy/actor/lib/test/auto/ArrayExtract.xml
----------------- Instantiating /home/travis/build/icyphy/ptII/ptolemy/actor/lib/test/auto/ArrayExtract.xml
6 ms. Memory: 252928K Free: 153872K (61%)
----------------- Invoking toplevel() on ptolemy.moml.MoMLSimpleApplication@4c77172e
----------------- Done invoking toplevel() on ptolemy.moml.MoMLSimpleApplication@4c77172e
reloadAllAccessors: .ArrayExtract

===========================================================================================
----------------- testing Wed Aug 28 05:36:09 UTC 2019 /home/travis/build/icyphy/ptII/ptolemy/actor/lib/test/auto/ArrayExtract2.xml
----------------- Instantiating /home/travis/build/icyphy/ptII/ptolemy/actor/lib/test/auto/ArrayExtract2.xml
2 ms. Memory: 252928K Free: 148223K (59%)
----------------- Invoking toplevel() on ptolemy.moml.MoMLSimpleApplication@609672dd
----------------- Done invoking toplevel() on ptolemy.moml.MoMLSimpleApplication@609672dd
reloadAllAccessors: .ArrayExtract2

===========================================================================================
----------------- testing Wed Aug 28 05:36:09 UTC 2019 /home/travis/build/icyphy/ptII/ptolemy/actor/lib/test/auto/ArrayLength.xml
----------------- Instantiating /home/travis/build/icyphy/ptII/ptolemy/actor/lib/test/auto/ArrayLength.xml
1 ms. Memory: 252928K Free: 144656K (57%)
----------------- Invoking toplevel() on ptolemy.moml.MoMLSimpleApplication@657525dc
----------------- Done invoking toplevel() on ptolemy.moml.MoMLSimpleApplication@657525dc
reloadAllAccessors: .ArrayLength

===========================================================================================
----------------- testing Wed Aug 28 05:36:09 UTC 2019 /home/travis/build/icyphy/ptII/ptolemy/actor/lib/test/auto/ArrayLevelCrossing.xml
----------------- Instantiating /home/travis/build/icyphy/ptII/ptolemy/actor/lib/test/auto/ArrayLevelCrossing.xml
3 ms. Memory: 252928K Free: 136464K (54%)
----------------- Invoking toplevel() on ptolemy.moml.MoMLSimpleApplication@6ee83c5b
----------------- Done invoking toplevel() on ptolemy.moml.MoMLSimpleApplication@6ee83c5b
reloadAllAccessors: .ArrayLevelCrossing

===========================================================================================
----------------- testing Wed Aug 28 05:36:09 UTC 2019 /home/travis/build/icyphy/ptII/ptolemy/actor/lib/test/auto/ArrayLevelCrossing2.xml
----------------- Instantiating /home/travis/build/icyphy/ptII/ptolemy/actor/lib/test/auto/ArrayLevelCrossing2.xml
3 ms. Memory: 252928K Free: 129296K (51%)
----------------- Invoking toplevel() on ptolemy.moml.MoMLSimpleApplication@440f8cc2
----------------- Done invoking toplevel() on ptolemy.moml.MoMLSimpleApplication@440f8cc2
reloadAllAccessors: .ArrayLevelCrossing2

===========================================================================================
----------------- testing Wed Aug 28 05:36:09 UTC 2019 /home/travis/build/icyphy/ptII/ptolemy/actor/lib/test/auto/ArrayPeakSearch.xml
----------------- Instantiating /home/travis/build/icyphy/ptII/ptolemy/actor/lib/test/auto/ArrayPeakSearch.xml
9 ms. Memory: 252928K Free: 120080K (47%)
----------------- Invoking toplevel() on ptolemy.moml.MoMLSimpleApplication@7d1ce8c
----------------- Done invoking toplevel() on ptolemy.moml.MoMLSimpleApplication@7d1ce8c
reloadAllAccessors: .ArrayPeakSearch

===========================================================================================
----------------- testing Wed Aug 28 05:36:09 UTC 2019 /home/travis/build/icyphy/ptII/ptolemy/actor/lib/test/auto/ArrayPeakSearch2.xml
----------------- Instantiating /home/travis/build/icyphy/ptII/ptolemy/actor/lib/test/auto/ArrayPeakSearch2.xml
7 ms. Memory: 252928K Free: 109840K (43%)
----------------- Invoking toplevel() on ptolemy.moml.MoMLSimpleApplication@172fcdad
----------------- Done invoking toplevel() on ptolemy.moml.MoMLSimpleApplication@172fcdad
reloadAllAccessors: .ArrayPeakSearch2

===========================================================================================
----------------- testing Wed Aug 28 05:36:09 UTC 2019 /home/travis/build/icyphy/ptII/ptolemy/actor/lib/test/auto/ArrayPeakSearch3.xml
----------------- Instantiating /home/travis/build/icyphy/ptII/ptolemy/actor/lib/test/auto/ArrayPeakSearch3.xml
4 ms. Memory: 252928K Free: 100624K (40%)
----------------- Invoking toplevel() on ptolemy.moml.MoMLSimpleApplication@3fd912cd
----------------- Done invoking toplevel() on ptolemy.moml.MoMLSimpleApplication@3fd912cd
reloadAllAccessors: .ArrayPeakSearch3

===========================================================================================
----------------- testing Wed Aug 28 05:36:10 UTC 2019 /home/travis/build/icyphy/ptII/ptolemy/actor/lib/test/auto/ArrayRemoveElement.xml
----------------- Instantiating /home/travis/build/icyphy/ptII/ptolemy/actor/lib/test/auto/ArrayRemoveElement.xml
4 ms. Memory: 252928K Free: 92942K (37%)
----------------- Invoking toplevel() on ptolemy.moml.MoMLSimpleApplication@5fa43f5a
----------------- Done invoking toplevel() on ptolemy.moml.MoMLSimpleApplication@5fa43f5a
reloadAllAccessors: .ArrayRemoveElement

===========================================================================================
----------------- testing Wed Aug 28 05:36:10 UTC 2019 /home/travis/build/icyphy/ptII/ptolemy/actor/lib/test/auto/ArraySort.xml
----------------- Instantiating /home/travis/build/icyphy/ptII/ptolemy/actor/lib/test/auto/ArraySort.xml
6 ms. Memory: 252928K Free: 83726K (33%)
----------------- Invoking toplevel() on ptolemy.moml.MoMLSimpleApplication@2672f203
----------------- Done invoking toplevel() on ptolemy.moml.MoMLSimpleApplication@2672f203
reloadAllAccessors: .ArraySort

===========================================================================================
----------------- testing Wed Aug 28 05:36:10 UTC 2019 /home/travis/build/icyphy/ptII/ptolemy/actor/lib/test/auto/ArraySum.xml
----------------- Instantiating /home/travis/build/icyphy/ptII/ptolemy/actor/lib/test/auto/ArraySum.xml
5 ms. Memory: 252928K Free: 78606K (31%)
----------------- Invoking toplevel() on ptolemy.moml.MoMLSimpleApplication@25ebbf6
----------------- Done invoking toplevel() on ptolemy.moml.MoMLSimpleApplication@25ebbf6
reloadAllAccessors: .ArraySum

===========================================================================================
----------------- testing Wed Aug 28 05:36:10 UTC 2019 /home/travis/build/icyphy/ptII/ptolemy/actor/lib/test/auto/ArrayToElements.xml
----------------- Instantiating /home/travis/build/icyphy/ptII/ptolemy/actor/lib/test/auto/ArrayToElements.xml
7 ms. Memory: 252928K Free: 72976K (29%)
----------------- Invoking toplevel() on ptolemy.moml.MoMLSimpleApplication@60279605
----------------- Done invoking toplevel() on ptolemy.moml.MoMLSimpleApplication@60279605
reloadAllAccessors: .ArrayToElements

===========================================================================================
----------------- testing Wed Aug 28 05:36:10 UTC 2019 /home/travis/build/icyphy/ptII/ptolemy/actor/lib/test/auto/ArrayToMatrix.xml
----------------- Instantiating /home/travis/build/icyphy/ptII/ptolemy/actor/lib/test/auto/ArrayToMatrix.xml
7 ms. Memory: 252928K Free: 199536K (79%)
----------------- Invoking toplevel() on ptolemy.moml.MoMLSimpleApplication@28753ab0
----------------- Done invoking toplevel() on ptolemy.moml.MoMLSimpleApplication@28753ab0
reloadAllAccessors: .ArrayToMatrix

===========================================================================================
----------------- testing Wed Aug 28 05:36:10 UTC 2019 /home/travis/build/icyphy/ptII/ptolemy/actor/lib/test/auto/ArrayUpdate1.xml
----------------- Instantiating /home/travis/build/icyphy/ptII/ptolemy/actor/lib/test/auto/ArrayUpdate1.xml
3 ms. Memory: 252928K Free: 194416K (77%)
----------------- Invoking toplevel() on ptolemy.moml.MoMLSimpleApplication@4c873a81
----------------- Done invoking toplevel() on ptolemy.moml.MoMLSimpleApplication@4c873a81
reloadAllAccessors: .ArrayUpdate1

===========================================================================================
----------------- testing Wed Aug 28 05:36:10 UTC 2019 /home/travis/build/icyphy/ptII/ptolemy/actor/lib/test/auto/ArrayUpdate2.xml
----------------- Instantiating /home/travis/build/icyphy/ptII/ptolemy/actor/lib/test/auto/ArrayUpdate2.xml
14 ms. Memory: 252928K Free: 188272K (74%)
----------------- Invoking toplevel() on ptolemy.moml.MoMLSimpleApplication@43ebd108
----------------- Done invoking toplevel() on ptolemy.moml.MoMLSimpleApplication@43ebd108
reloadAllAccessors: .ArrayUpdate2

===========================================================================================
----------------- testing Wed Aug 28 05:36:10 UTC 2019 /home/travis/build/icyphy/ptII/ptolemy/actor/lib/test/auto/ArrayUpdate3.xml
----------------- Instantiating /home/travis/build/icyphy/ptII/ptolemy/actor/lib/test/auto/ArrayUpdate3.xml
7 ms. Memory: 252928K Free: 183152K (72%)
----------------- Invoking toplevel() on ptolemy.moml.MoMLSimpleApplication@64be6cab
----------------- Done invoking toplevel() on ptolemy.moml.MoMLSimpleApplication@64be6cab
reloadAllAccessors: .ArrayUpdate3

===========================================================================================
----------------- testing Wed Aug 28 05:36:10 UTC 2019 /home/travis/build/icyphy/ptII/ptolemy/actor/lib/test/auto/Assert1.xml
----------------- Instantiating /home/travis/build/icyphy/ptII/ptolemy/actor/lib/test/auto/Assert1.xml
4 ms. Memory: 252928K Free: 179056K (71%)
----------------- Invoking toplevel() on ptolemy.moml.MoMLSimpleApplication@2a4413c5
----------------- Done invoking toplevel() on ptolemy.moml.MoMLSimpleApplication@2a4413c5
reloadAllAccessors: .Assert1

===========================================================================================
----------------- testing Wed Aug 28 05:36:10 UTC 2019 /home/travis/build/icyphy/ptII/ptolemy/actor/lib/test/auto/Assert2.xml
----------------- Instantiating /home/travis/build/icyphy/ptII/ptolemy/actor/lib/test/auto/Assert2.xml
3 ms. Memory: 252928K Free: 173422K (69%)
----------------- Invoking toplevel() on ptolemy.moml.MoMLSimpleApplication@6f51fe78
----------------- Done invoking toplevel() on ptolemy.moml.MoMLSimpleApplication@6f51fe78
reloadAllAccessors: .Assert2

===========================================================================================
----------------- testing Wed Aug 28 05:36:10 UTC 2019 /home/travis/build/icyphy/ptII/ptolemy/actor/lib/test/auto/BooleanMultiplexor.xml
----------------- Instantiating /home/travis/build/icyphy/ptII/ptolemy/actor/lib/test/auto/BooleanMultiplexor.xml
5 ms. Memory: 252928K Free: 168272K (67%)
----------------- Invoking toplevel() on ptolemy.moml.MoMLSimpleApplication@127a3c80
----------------- Done invoking toplevel() on ptolemy.moml.MoMLSimpleApplication@127a3c80
reloadAllAccessors: .BooleanMultiplexor

===========================================================================================
----------------- testing Wed Aug 28 05:36:10 UTC 2019 /home/travis/build/icyphy/ptII/ptolemy/actor/lib/test/auto/BooleanMultiplexor2.xml
----------------- Instantiating /home/travis/build/icyphy/ptII/ptolemy/actor/lib/test/auto/BooleanMultiplexor2.xml
10 ms. Memory: 252928K Free: 161648K (64%)
----------------- Invoking toplevel() on ptolemy.moml.MoMLSimpleApplication@691591a2
----------------- Done invoking toplevel() on ptolemy.moml.MoMLSimpleApplication@691591a2
reloadAllAccessors: .BooleanMultiplexor2

===========================================================================================
----------------- testing Wed Aug 28 05:36:10 UTC 2019 /home/travis/build/icyphy/ptII/ptolemy/actor/lib/test/auto/BooleanMultiplexor3.xml
----------------- Instantiating /home/travis/build/icyphy/ptII/ptolemy/actor/lib/test/auto/BooleanMultiplexor3.xml
2 ms. Memory: 252928K Free: 157552K (62%)
----------------- Invoking toplevel() on ptolemy.moml.MoMLSimpleApplication@14910dc9
----------------- Done invoking toplevel() on ptolemy.moml.MoMLSimpleApplication@14910dc9
reloadAllAccessors: .BooleanMultiplexor3

===========================================================================================
----------------- testing Wed Aug 28 05:36:10 UTC 2019 /home/travis/build/icyphy/ptII/ptolemy/actor/lib/test/auto/BooleanSelect.xml
----------------- Instantiating /home/travis/build/icyphy/ptII/ptolemy/actor/lib/test/auto/BooleanSelect.xml
6 ms. Memory: 252928K Free: 151904K (60%)
----------------- Invoking toplevel() on ptolemy.moml.MoMLSimpleApplication@56fdfee6
----------------- Done invoking toplevel() on ptolemy.moml.MoMLSimpleApplication@56fdfee6
reloadAllAccessors: .BooleanSelect

===========================================================================================
----------------- testing Wed Aug 28 05:36:10 UTC 2019 /home/travis/build/icyphy/ptII/ptolemy/actor/lib/test/auto/BooleanSelect2.xml
----------------- Instantiating /home/travis/build/icyphy/ptII/ptolemy/actor/lib/test/auto/BooleanSelect2.xml
1 ms. Memory: 252928K Free: 147312K (58%)
----------------- Invoking toplevel() on ptolemy.moml.MoMLSimpleApplication@308b58f1
----------------- Done invoking toplevel() on ptolemy.moml.MoMLSimpleApplication@308b58f1
reloadAllAccessors: .BooleanSelect2

===========================================================================================
----------------- testing Wed Aug 28 05:36:10 UTC 2019 /home/travis/build/icyphy/ptII/ptolemy/actor/lib/test/auto/BooleanSwitch.xml
----------------- Instantiating /home/travis/build/icyphy/ptII/ptolemy/actor/lib/test/auto/BooleanSwitch.xml
7 ms. Memory: 252928K Free: 141168K (56%)
----------------- Invoking toplevel() on ptolemy.moml.MoMLSimpleApplication@bdf28f1
----------------- Done invoking toplevel() on ptolemy.moml.MoMLSimpleApplication@bdf28f1
reloadAllAccessors: .BooleanSwitch

===========================================================================================
----------------- testing Wed Aug 28 05:36:10 UTC 2019 /home/travis/build/icyphy/ptII/ptolemy/actor/lib/test/auto/BooleanSwitch2.xml
----------------- Instantiating /home/travis/build/icyphy/ptII/ptolemy/actor/lib/test/auto/BooleanSwitch2.xml
2 ms. Memory: 252928K Free: 136558K (54%)
----------------- Invoking toplevel() on ptolemy.moml.MoMLSimpleApplication@7741b61f
----------------- Done invoking toplevel() on ptolemy.moml.MoMLSimpleApplication@7741b61f
reloadAllAccessors: .BooleanSwitch2

===========================================================================================
----------------- testing Wed Aug 28 05:36:10 UTC 2019 /home/travis/build/icyphy/ptII/ptolemy/actor/lib/test/auto/BooleanSwitchCloningBugWithClassRelationGroup.xml
----------------- Instantiating /home/travis/build/icyphy/ptII/ptolemy/actor/lib/test/auto/BooleanSwitchCloningBugWithClassRelationGroup.xml
3 ms. Memory: 252928K Free: 130928K (52%)
----------------- Invoking toplevel() on ptolemy.moml.MoMLSimpleApplication@492f10ff
----------------- Done invoking toplevel() on ptolemy.moml.MoMLSimpleApplication@492f10ff
reloadAllAccessors: .BooleanSwitchCloningBugWithClassRelationGroup

===========================================================================================
----------------- testing Wed Aug 28 05:36:10 UTC 2019 /home/travis/build/icyphy/ptII/ptolemy/actor/lib/test/auto/BusActors.xml
----------------- Instantiating /home/travis/build/icyphy/ptII/ptolemy/actor/lib/test/auto/BusActors.xml
6 ms. Memory: 252928K Free: 122736K (49%)
----------------- Invoking toplevel() on ptolemy.moml.MoMLSimpleApplication@46913906
----------------- Done invoking toplevel() on ptolemy.moml.MoMLSimpleApplication@46913906
reloadAllAccessors: .BusActors

===========================================================================================
----------------- testing Wed Aug 28 05:36:10 UTC 2019 /home/travis/build/icyphy/ptII/ptolemy/actor/lib/test/auto/ClassWrapper.xml
----------------- Instantiating /home/travis/build/icyphy/ptII/ptolemy/actor/lib/test/auto/ClassWrapper.xml
3 ms. Memory: 252928K Free: 118640K (47%)
----------------- Invoking toplevel() on ptolemy.moml.MoMLSimpleApplication@73964fcd
----------------- Done invoking toplevel() on ptolemy.moml.MoMLSimpleApplication@73964fcd
reloadAllAccessors: .ClassWrapper

===========================================================================================
----------------- testing Wed Aug 28 05:36:10 UTC 2019 /home/travis/build/icyphy/ptII/ptolemy/actor/lib/test/auto/Clock.xml
----------------- Instantiating /home/travis/build/icyphy/ptII/ptolemy/actor/lib/test/auto/Clock.xml
3 ms. Memory: 252928K Free: 114544K (45%)
----------------- Invoking toplevel() on ptolemy.moml.MoMLSimpleApplication@58bfcaa1
----------------- Done invoking toplevel() on ptolemy.moml.MoMLSimpleApplication@58bfcaa1
reloadAllAccessors: .Clock

===========================================================================================
----------------- testing Wed Aug 28 05:36:10 UTC 2019 /home/travis/build/icyphy/ptII/ptolemy/actor/lib/test/auto/Clock10.xml
----------------- Instantiating /home/travis/build/icyphy/ptII/ptolemy/actor/lib/test/auto/Clock10.xml
5 ms. Memory: 252928K Free: 108910K (43%)
----------------- Invoking toplevel() on ptolemy.moml.MoMLSimpleApplication@cc71ab8
----------------- Done invoking toplevel() on ptolemy.moml.MoMLSimpleApplication@cc71ab8
reloadAllAccessors: .Clock10

===========================================================================================
----------------- testing Wed Aug 28 05:36:10 UTC 2019 /home/travis/build/icyphy/ptII/ptolemy/actor/lib/test/auto/Clock11.xml
----------------- Instantiating /home/travis/build/icyphy/ptII/ptolemy/actor/lib/test/auto/Clock11.xml
10 ms. Memory: 252928K Free: 102766K (41%)
----------------- Invoking toplevel() on ptolemy.moml.MoMLSimpleApplication@1fb5b809
----------------- Done invoking toplevel() on ptolemy.moml.MoMLSimpleApplication@1fb5b809
reloadAllAccessors: .Clock11

===========================================================================================
----------------- testing Wed Aug 28 05:36:10 UTC 2019 /home/travis/build/icyphy/ptII/ptolemy/actor/lib/test/auto/Clock12.xml
----------------- Instantiating /home/travis/build/icyphy/ptII/ptolemy/actor/lib/test/auto/Clock12.xml
5 ms. Memory: 252928K Free: 97136K (38%)
----------------- Invoking toplevel() on ptolemy.moml.MoMLSimpleApplication@3031ed70
----------------- Done invoking toplevel() on ptolemy.moml.MoMLSimpleApplication@3031ed70
reloadAllAccessors: .Clock12

===========================================================================================
----------------- testing Wed Aug 28 05:36:10 UTC 2019 /home/travis/build/icyphy/ptII/ptolemy/actor/lib/test/auto/Clock13.xml
----------------- Instantiating /home/travis/build/icyphy/ptII/ptolemy/actor/lib/test/auto/Clock13.xml
3 ms. Memory: 252928K Free: 90992K (36%)
----------------- Invoking toplevel() on ptolemy.moml.MoMLSimpleApplication@5b811183
----------------- Done invoking toplevel() on ptolemy.moml.MoMLSimpleApplication@5b811183
reloadAllAccessors: .Clock13

===========================================================================================
----------------- testing Wed Aug 28 05:36:10 UTC 2019 /home/travis/build/icyphy/ptII/ptolemy/actor/lib/test/auto/Clock14.xml
----------------- Instantiating /home/travis/build/icyphy/ptII/ptolemy/actor/lib/test/auto/Clock14.xml
4 ms. Memory: 252928K Free: 85352K (34%)
----------------- Invoking toplevel() on ptolemy.moml.MoMLSimpleApplication@578ff9a3
----------------- Done invoking toplevel() on ptolemy.moml.MoMLSimpleApplication@578ff9a3
reloadAllAccessors: .Clock14

===========================================================================================
----------------- testing Wed Aug 28 05:36:10 UTC 2019 /home/travis/build/icyphy/ptII/ptolemy/actor/lib/test/auto/Clock15.xml
----------------- Instantiating /home/travis/build/icyphy/ptII/ptolemy/actor/lib/test/auto/Clock15.xml
3 ms. Memory: 252928K Free: 79184K (31%)
----------------- Invoking toplevel() on ptolemy.moml.MoMLSimpleApplication@1b706ab7
----------------- Done invoking toplevel() on ptolemy.moml.MoMLSimpleApplication@1b706ab7
reloadAllAccessors: .Clock15

===========================================================================================
----------------- testing Wed Aug 28 05:36:10 UTC 2019 /home/travis/build/icyphy/ptII/ptolemy/actor/lib/test/auto/Clock16.xml
----------------- Instantiating /home/travis/build/icyphy/ptII/ptolemy/actor/lib/test/auto/Clock16.xml
30 ms. Memory: 252928K Free: 63840K (25%)
----------------- Invoking toplevel() on ptolemy.moml.MoMLSimpleApplication@2d591048
----------------- Done invoking toplevel() on ptolemy.moml.MoMLSimpleApplication@2d591048
reloadAllAccessors: .Clock16

===========================================================================================
----------------- testing Wed Aug 28 05:36:10 UTC 2019 /home/travis/build/icyphy/ptII/ptolemy/actor/lib/test/auto/Clock17.xml
----------------- Instantiating /home/travis/build/icyphy/ptII/ptolemy/actor/lib/test/auto/Clock17.xml
34 ms. Memory: 252928K Free: 198241K (78%)
----------------- Invoking toplevel() on ptolemy.moml.MoMLSimpleApplication@1b59f0ee
----------------- Done invoking toplevel() on ptolemy.moml.MoMLSimpleApplication@1b59f0ee
reloadAllAccessors: .Clock17

===========================================================================================
----------------- testing Wed Aug 28 05:36:11 UTC 2019 /home/travis/build/icyphy/ptII/ptolemy/actor/lib/test/auto/Clock18.xml
----------------- Instantiating /home/travis/build/icyphy/ptII/ptolemy/actor/lib/test/auto/Clock18.xml
26 ms. Memory: 252928K Free: 184449K (73%)
----------------- Invoking toplevel() on ptolemy.moml.MoMLSimpleApplication@7e55c82a
----------------- Done invoking toplevel() on ptolemy.moml.MoMLSimpleApplication@7e55c82a
reloadAllAccessors: .Clock18

===========================================================================================
----------------- testing Wed Aug 28 05:36:11 UTC 2019 /home/travis/build/icyphy/ptII/ptolemy/actor/lib/test/auto/Clock19.xml
----------------- Instantiating /home/travis/build/icyphy/ptII/ptolemy/actor/lib/test/auto/Clock19.xml
14 ms. Memory: 252928K Free: 171137K (68%)
----------------- Invoking toplevel() on ptolemy.moml.MoMLSimpleApplication@25fc7ff2
----------------- Done invoking toplevel() on ptolemy.moml.MoMLSimpleApplication@25fc7ff2
reloadAllAccessors: .Clock19

===========================================================================================
----------------- testing Wed Aug 28 05:36:11 UTC 2019 /home/travis/build/icyphy/ptII/ptolemy/actor/lib/test/auto/Clock2.xml
----------------- Instantiating /home/travis/build/icyphy/ptII/ptolemy/actor/lib/test/auto/Clock2.xml
6 ms. Memory: 252928K Free: 167041K (66%)
----------------- Invoking toplevel() on ptolemy.moml.MoMLSimpleApplication@1147cfbd
----------------- Done invoking toplevel() on ptolemy.moml.MoMLSimpleApplication@1147cfbd
reloadAllAccessors: .Clock2

===========================================================================================
----------------- testing Wed Aug 28 05:36:11 UTC 2019 /home/travis/build/icyphy/ptII/ptolemy/actor/lib/test/auto/Clock20.xml
----------------- Instantiating /home/travis/build/icyphy/ptII/ptolemy/actor/lib/test/auto/Clock20.xml
8 ms. Memory: 252928K Free: 161407K (64%)
----------------- Invoking toplevel() on ptolemy.moml.MoMLSimpleApplication@34b2b5b8
----------------- Done invoking toplevel() on ptolemy.moml.MoMLSimpleApplication@34b2b5b8
reloadAllAccessors: .Clock20

===========================================================================================
----------------- testing Wed Aug 28 05:36:11 UTC 2019 /home/travis/build/icyphy/ptII/ptolemy/actor/lib/test/auto/Clock21.xml
----------------- Instantiating /home/travis/build/icyphy/ptII/ptolemy/actor/lib/test/auto/Clock21.xml
7 ms. Memory: 252928K Free: 156287K (62%)
----------------- Invoking toplevel() on ptolemy.moml.MoMLSimpleApplication@1690b8de
----------------- Done invoking toplevel() on ptolemy.moml.MoMLSimpleApplication@1690b8de
reloadAllAccessors: .Clock21

===========================================================================================
----------------- testing Wed Aug 28 05:36:11 UTC 2019 /home/travis/build/icyphy/ptII/ptolemy/actor/lib/test/auto/Clock22.xml
----------------- Instantiating /home/travis/build/icyphy/ptII/ptolemy/actor/lib/test/auto/Clock22.xml
8 ms. Memory: 252928K Free: 150657K (60%)
----------------- Invoking toplevel() on ptolemy.moml.MoMLSimpleApplication@1516f5ec
----------------- Done invoking toplevel() on ptolemy.moml.MoMLSimpleApplication@1516f5ec
reloadAllAccessors: .Clock22

===========================================================================================
----------------- testing Wed Aug 28 05:36:11 UTC 2019 /home/travis/build/icyphy/ptII/ptolemy/actor/lib/test/auto/Clock23.xml
----------------- Instantiating /home/travis/build/icyphy/ptII/ptolemy/actor/lib/test/auto/Clock23.xml
4 ms. Memory: 252928K Free: 145023K (57%)
----------------- Invoking toplevel() on ptolemy.moml.MoMLSimpleApplication@2e159335
----------------- Done invoking toplevel() on ptolemy.moml.MoMLSimpleApplication@2e159335
reloadAllAccessors: .Clock23

===========================================================================================
----------------- testing Wed Aug 28 05:36:11 UTC 2019 /home/travis/build/icyphy/ptII/ptolemy/actor/lib/test/auto/Clock24.xml
----------------- Instantiating /home/travis/build/icyphy/ptII/ptolemy/actor/lib/test/auto/Clock24.xml
6 ms. Memory: 252928K Free: 139903K (55%)
----------------- Invoking toplevel() on ptolemy.moml.MoMLSimpleApplication@39fe86eb
----------------- Done invoking toplevel() on ptolemy.moml.MoMLSimpleApplication@39fe86eb
reloadAllAccessors: .Clock24

===========================================================================================
----------------- testing Wed Aug 28 05:36:11 UTC 2019 /home/travis/build/icyphy/ptII/ptolemy/actor/lib/test/auto/Clock4.xml
----------------- Instantiating /home/travis/build/icyphy/ptII/ptolemy/actor/lib/test/auto/Clock4.xml
2 ms. Memory: 252928K Free: 134753K (53%)
----------------- Invoking toplevel() on ptolemy.moml.MoMLSimpleApplication@22e37b3
----------------- Done invoking toplevel() on ptolemy.moml.MoMLSimpleApplication@22e37b3
reloadAllAccessors: .Clock4

===========================================================================================
----------------- testing Wed Aug 28 05:36:11 UTC 2019 /home/travis/build/icyphy/ptII/ptolemy/actor/lib/test/auto/Clock5.xml
----------------- Instantiating /home/travis/build/icyphy/ptII/ptolemy/actor/lib/test/auto/Clock5.xml
2 ms. Memory: 252928K Free: 129649K (51%)
----------------- Invoking toplevel() on ptolemy.moml.MoMLSimpleApplication@5621988c
----------------- Done invoking toplevel() on ptolemy.moml.MoMLSimpleApplication@5621988c
reloadAllAccessors: .Clock5

===========================================================================================
----------------- testing Wed Aug 28 05:36:11 UTC 2019 /home/travis/build/icyphy/ptII/ptolemy/actor/lib/test/auto/Clock6.xml
----------------- Instantiating /home/travis/build/icyphy/ptII/ptolemy/actor/lib/test/auto/Clock6.xml
5 ms. Memory: 252928K Free: 125057K (49%)
----------------- Invoking toplevel() on ptolemy.moml.MoMLSimpleApplication@1d9e7abc
----------------- Done invoking toplevel() on ptolemy.moml.MoMLSimpleApplication@1d9e7abc
reloadAllAccessors: .Clock6

===========================================================================================
----------------- testing Wed Aug 28 05:36:11 UTC 2019 /home/travis/build/icyphy/ptII/ptolemy/actor/lib/test/auto/Clock7.xml
----------------- Instantiating /home/travis/build/icyphy/ptII/ptolemy/actor/lib/test/auto/Clock7.xml
17 ms. Memory: 252928K Free: 120447K (48%)
----------------- Invoking toplevel() on ptolemy.moml.MoMLSimpleApplication@401d4838
----------------- Done invoking toplevel() on ptolemy.moml.MoMLSimpleApplication@401d4838
reloadAllAccessors: .Clock7

===========================================================================================
----------------- testing Wed Aug 28 05:36:11 UTC 2019 /home/travis/build/icyphy/ptII/ptolemy/actor/lib/test/auto/Clock8.xml
----------------- Instantiating /home/travis/build/icyphy/ptII/ptolemy/actor/lib/test/auto/Clock8.xml
3 ms. Memory: 252928K Free: 114817K (45%)
----------------- Invoking toplevel() on ptolemy.moml.MoMLSimpleApplication@2d549297
----------------- Done invoking toplevel() on ptolemy.moml.MoMLSimpleApplication@2d549297
reloadAllAccessors: .Clock8

===========================================================================================
----------------- testing Wed Aug 28 05:36:11 UTC 2019 /home/travis/build/icyphy/ptII/ptolemy/actor/lib/test/auto/Clock9.xml
----------------- Instantiating /home/travis/build/icyphy/ptII/ptolemy/actor/lib/test/auto/Clock9.xml
3 ms. Memory: 252928K Free: 109177K (43%)
----------------- Invoking toplevel() on ptolemy.moml.MoMLSimpleApplication@419bbd51
----------------- Done invoking toplevel() on ptolemy.moml.MoMLSimpleApplication@419bbd51
reloadAllAccessors: .Clock9

===========================================================================================
----------------- testing Wed Aug 28 05:36:11 UTC 2019 /home/travis/build/icyphy/ptII/ptolemy/actor/lib/test/auto/CommDistDiscard.xml
----------------- Instantiating /home/travis/build/icyphy/ptII/ptolemy/actor/lib/test/auto/CommDistDiscard.xml
5 ms. Memory: 252928K Free: 104063K (41%)
----------------- Invoking toplevel() on ptolemy.moml.MoMLSimpleApplication@4aa721a9
----------------- Done invoking toplevel() on ptolemy.moml.MoMLSimpleApplication@4aa721a9
reloadAllAccessors: .CommDistDiscard

===========================================================================================
----------------- testing Wed Aug 28 05:36:11 UTC 2019 /home/travis/build/icyphy/ptII/ptolemy/actor/lib/test/auto/Commutator.xml
----------------- Instantiating /home/travis/build/icyphy/ptII/ptolemy/actor/lib/test/auto/Commutator.xml
2 ms. Memory: 252928K Free: 99457K (39%)
----------------- Invoking toplevel() on ptolemy.moml.MoMLSimpleApplication@6c03c954
----------------- Done invoking toplevel() on ptolemy.moml.MoMLSimpleApplication@6c03c954
reloadAllAccessors: .Commutator

===========================================================================================
----------------- testing Wed Aug 28 05:36:11 UTC 2019 /home/travis/build/icyphy/ptII/ptolemy/actor/lib/test/auto/Commutator2.xml
----------------- Instantiating /home/travis/build/icyphy/ptII/ptolemy/actor/lib/test/auto/Commutator2.xml
2 ms. Memory: 252928K Free: 95361K (38%)
----------------- Invoking toplevel() on ptolemy.moml.MoMLSimpleApplication@54356170
----------------- Done invoking toplevel() on ptolemy.moml.MoMLSimpleApplication@54356170
reloadAllAccessors: .Commutator2

===========================================================================================
----------------- testing Wed Aug 28 05:36:11 UTC 2019 /home/travis/build/icyphy/ptII/ptolemy/actor/lib/test/auto/Commutator3.xml
----------------- Instantiating /home/travis/build/icyphy/ptII/ptolemy/actor/lib/test/auto/Commutator3.xml
2 ms. Memory: 252928K Free: 90751K (36%)
----------------- Invoking toplevel() on ptolemy.moml.MoMLSimpleApplication@6881652
----------------- Done invoking toplevel() on ptolemy.moml.MoMLSimpleApplication@6881652
reloadAllAccessors: .Commutator3

===========================================================================================
----------------- testing Wed Aug 28 05:36:11 UTC 2019 /home/travis/build/icyphy/ptII/ptolemy/actor/lib/test/auto/Compare.xml
----------------- Instantiating /home/travis/build/icyphy/ptII/ptolemy/actor/lib/test/auto/Compare.xml
2 ms. Memory: 252928K Free: 84097K (33%)
----------------- Invoking toplevel() on ptolemy.moml.MoMLSimpleApplication@578395ba
----------------- Done invoking toplevel() on ptolemy.moml.MoMLSimpleApplication@578395ba
reloadAllAccessors: .Compare

===========================================================================================
----------------- testing Wed Aug 28 05:36:11 UTC 2019 /home/travis/build/icyphy/ptII/ptolemy/actor/lib/test/auto/CompareDE.xml
----------------- Instantiating /home/travis/build/icyphy/ptII/ptolemy/actor/lib/test/auto/CompareDE.xml
5 ms. Memory: 252928K Free: 77425K (31%)
----------------- Invoking toplevel() on ptolemy.moml.MoMLSimpleApplication@26a9b5ec
----------------- Done invoking toplevel() on ptolemy.moml.MoMLSimpleApplication@26a9b5ec
reloadAllAccessors: .CompareDE

===========================================================================================
----------------- testing Wed Aug 28 05:36:11 UTC 2019 /home/travis/build/icyphy/ptII/ptolemy/actor/lib/test/auto/ComplexDivide.xml
----------------- Instantiating /home/travis/build/icyphy/ptII/ptolemy/actor/lib/test/auto/ComplexDivide.xml
1 ms. Memory: 252928K Free: 73343K (29%)
----------------- Invoking toplevel() on ptolemy.moml.MoMLSimpleApplication@15112634
----------------- Done invoking toplevel() on ptolemy.moml.MoMLSimpleApplication@15112634
reloadAllAccessors: .ComplexDivide

===========================================================================================
----------------- testing Wed Aug 28 05:36:11 UTC 2019 /home/travis/build/icyphy/ptII/ptolemy/actor/lib/test/auto/ComputeHistogram.xml
----------------- Instantiating /home/travis/build/icyphy/ptII/ptolemy/actor/lib/test/auto/ComputeHistogram.xml
44 ms. Memory: 252928K Free: 60545K (24%)
----------------- Invoking toplevel() on ptolemy.moml.MoMLSimpleApplication@54ed52eb
----------------- Done invoking toplevel() on ptolemy.moml.MoMLSimpleApplication@54ed52eb
reloadAllAccessors: .ComputeHistogram

===========================================================================================
----------------- testing Wed Aug 28 05:36:11 UTC 2019 /home/travis/build/icyphy/ptII/ptolemy/actor/lib/test/auto/ConfigurationSelect.xml
----------------- Instantiating /home/travis/build/icyphy/ptII/ptolemy/actor/lib/test/auto/ConfigurationSelect.xml
9 ms. Memory: 252928K Free: 204960K (81%)
----------------- Invoking toplevel() on ptolemy.moml.MoMLSimpleApplication@14b71a53
----------------- Done invoking toplevel() on ptolemy.moml.MoMLSimpleApplication@14b71a53
reloadAllAccessors: .ConfigurationSelect

===========================================================================================
----------------- testing Wed Aug 28 05:36:11 UTC 2019 /home/travis/build/icyphy/ptII/ptolemy/actor/lib/test/auto/ConfigurationSelect2.xml
----------------- Instantiating /home/travis/build/icyphy/ptII/ptolemy/actor/lib/test/auto/ConfigurationSelect2.xml
2 ms. Memory: 252928K Free: 199840K (79%)
----------------- Invoking toplevel() on ptolemy.moml.MoMLSimpleApplication@134b4c98
----------------- Done invoking toplevel() on ptolemy.moml.MoMLSimpleApplication@134b4c98
reloadAllAccessors: .ConfigurationSelect2

===========================================================================================
----------------- testing Wed Aug 28 05:36:11 UTC 2019 /home/travis/build/icyphy/ptII/ptolemy/actor/lib/test/auto/ConfigurationSwitch.xml
----------------- Instantiating /home/travis/build/icyphy/ptII/ptolemy/actor/lib/test/auto/ConfigurationSwitch.xml
2 ms. Memory: 252928K Free: 194720K (77%)
----------------- Invoking toplevel() on ptolemy.moml.MoMLSimpleApplication@215c5675
----------------- Done invoking toplevel() on ptolemy.moml.MoMLSimpleApplication@215c5675
reloadAllAccessors: .ConfigurationSwitch

===========================================================================================
----------------- testing Wed Aug 28 05:36:11 UTC 2019 /home/travis/build/icyphy/ptII/ptolemy/actor/lib/test/auto/ConfigurationSwitch2.xml
----------------- Instantiating /home/travis/build/icyphy/ptII/ptolemy/actor/lib/test/auto/ConfigurationSwitch2.xml
4 ms. Memory: 252928K Free: 189086K (75%)
----------------- Invoking toplevel() on ptolemy.moml.MoMLSimpleApplication@5d627a89
----------------- Done invoking toplevel() on ptolemy.moml.MoMLSimpleApplication@5d627a89
reloadAllAccessors: .ConfigurationSwitch2

===========================================================================================
----------------- testing Wed Aug 28 05:36:11 UTC 2019 /home/travis/build/icyphy/ptII/ptolemy/actor/lib/test/auto/ConfigurationSwitchCloningBugWithClassRelationGroup.xml
----------------- Instantiating /home/travis/build/icyphy/ptII/ptolemy/actor/lib/test/auto/ConfigurationSwitchCloningBugWithClassRelationGroup.xml
1 ms. Memory: 252928K Free: 182432K (72%)
----------------- Invoking toplevel() on ptolemy.moml.MoMLSimpleApplication@78e9a047
----------------- Done invoking toplevel() on ptolemy.moml.MoMLSimpleApplication@78e9a047
reloadAllAccessors: .ConfigurationSwitchCloningBugWithClassRelationGroup

===========================================================================================
----------------- testing Wed Aug 28 05:36:11 UTC 2019 /home/travis/build/icyphy/ptII/ptolemy/actor/lib/test/auto/ConfigurationSwitchSelectSDF.xml
----------------- Instantiating /home/travis/build/icyphy/ptII/ptolemy/actor/lib/test/auto/ConfigurationSwitchSelectSDF.xml
4 ms. Memory: 252928K Free: 176798K (70%)
----------------- Invoking toplevel() on ptolemy.moml.MoMLSimpleApplication@27001bbe
----------------- Done invoking toplevel() on ptolemy.moml.MoMLSimpleApplication@27001bbe
reloadAllAccessors: .ConfigurationSwitchSelectSDF

===========================================================================================
----------------- testing Wed Aug 28 05:36:11 UTC 2019 /home/travis/build/icyphy/ptII/ptolemy/actor/lib/test/auto/ConfigurationSwitchSelectSDF2.xml
----------------- Instantiating /home/travis/build/icyphy/ptII/ptolemy/actor/lib/test/auto/ConfigurationSwitchSelectSDF2.xml
2 ms. Memory: 252928K Free: 171168K (68%)
----------------- Invoking toplevel() on ptolemy.moml.MoMLSimpleApplication@65034cac
----------------- Done invoking toplevel() on ptolemy.moml.MoMLSimpleApplication@65034cac
reloadAllAccessors: .ConfigurationSwitchSelectSDF2

===========================================================================================
----------------- testing Wed Aug 28 05:36:11 UTC 2019 /home/travis/build/icyphy/ptII/ptolemy/actor/lib/test/auto/Const.xml
----------------- Instantiating /home/travis/build/icyphy/ptII/ptolemy/actor/lib/test/auto/Const.xml
1 ms. Memory: 252928K Free: 168096K (66%)
----------------- Invoking toplevel() on ptolemy.moml.MoMLSimpleApplication@2573b3b6
----------------- Done invoking toplevel() on ptolemy.moml.MoMLSimpleApplication@2573b3b6
reloadAllAccessors: .Const

===========================================================================================
----------------- testing Wed Aug 28 05:36:11 UTC 2019 /home/travis/build/icyphy/ptII/ptolemy/actor/lib/test/auto/Const2.xml
----------------- Instantiating /home/travis/build/icyphy/ptII/ptolemy/actor/lib/test/auto/Const2.xml
1 ms. Memory: 252928K Free: 164000K (65%)
----------------- Invoking toplevel() on ptolemy.moml.MoMLSimpleApplication@666df65c
----------------- Done invoking toplevel() on ptolemy.moml.MoMLSimpleApplication@666df65c
reloadAllAccessors: .Const2

===========================================================================================
----------------- testing Wed Aug 28 05:36:11 UTC 2019 /home/travis/build/icyphy/ptII/ptolemy/actor/lib/test/auto/Const3.xml
----------------- Instantiating /home/travis/build/icyphy/ptII/ptolemy/actor/lib/test/auto/Const3.xml
1 ms. Memory: 252928K Free: 160928K (64%)
----------------- Invoking toplevel() on ptolemy.moml.MoMLSimpleApplication@2e16c988
----------------- Done invoking toplevel() on ptolemy.moml.MoMLSimpleApplication@2e16c988
reloadAllAccessors: .Const3

===========================================================================================
----------------- testing Wed Aug 28 05:36:11 UTC 2019 /home/travis/build/icyphy/ptII/ptolemy/actor/lib/test/auto/ConstantPublisherPort1.xml
----------------- Instantiating /home/travis/build/icyphy/ptII/ptolemy/actor/lib/test/auto/ConstantPublisherPort1.xml
6 ms. Memory: 252928K Free: 152736K (60%)
----------------- Invoking toplevel() on ptolemy.moml.MoMLSimpleApplication@4229e9a8
----------------- Done invoking toplevel() on ptolemy.moml.MoMLSimpleApplication@4229e9a8
reloadAllAccessors: .ConstantPublisherPort1

===========================================================================================
----------------- testing Wed Aug 28 05:36:12 UTC 2019 /home/travis/build/icyphy/ptII/ptolemy/actor/lib/test/auto/ConstantPublisherPort2.xml
----------------- Instantiating /home/travis/build/icyphy/ptII/ptolemy/actor/lib/test/auto/ConstantPublisherPort2.xml
4 ms. Memory: 252928K Free: 145054K (57%)
----------------- Invoking toplevel() on ptolemy.moml.MoMLSimpleApplication@480ec01e
----------------- Done invoking toplevel() on ptolemy.moml.MoMLSimpleApplication@480ec01e
reloadAllAccessors: .ConstantPublisherPort2

===========================================================================================
----------------- testing Wed Aug 28 05:36:12 UTC 2019 /home/travis/build/icyphy/ptII/ptolemy/actor/lib/test/auto/ConstantPublisherPort3.xml
----------------- Instantiating /home/travis/build/icyphy/ptII/ptolemy/actor/lib/test/auto/ConstantPublisherPort3.xml
5 ms. Memory: 252928K Free: 137376K (54%)
----------------- Invoking toplevel() on ptolemy.moml.MoMLSimpleApplication@6b1162bb
----------------- Done invoking toplevel() on ptolemy.moml.MoMLSimpleApplication@6b1162bb
reloadAllAccessors: .ConstantPublisherPort3

===========================================================================================
----------------- testing Wed Aug 28 05:36:12 UTC 2019 /home/travis/build/icyphy/ptII/ptolemy/actor/lib/test/auto/ConstantPublisherPort4.xml
----------------- Instantiating /home/travis/build/icyphy/ptII/ptolemy/actor/lib/test/auto/ConstantPublisherPort4.xml
2 ms. Memory: 252928K Free: 130718K (52%)
----------------- Invoking toplevel() on ptolemy.moml.MoMLSimpleApplication@3a6a38cf
----------------- Done invoking toplevel() on ptolemy.moml.MoMLSimpleApplication@3a6a38cf
reloadAllAccessors: .ConstantPublisherPort4

===========================================================================================
----------------- testing Wed Aug 28 05:36:12 UTC 2019 /home/travis/build/icyphy/ptII/ptolemy/actor/lib/test/auto/ConstantPublisherPort5.xml
----------------- Instantiating /home/travis/build/icyphy/ptII/ptolemy/actor/lib/test/auto/ConstantPublisherPort5.xml
15 ms. Memory: 252928K Free: 121502K (48%)
----------------- Invoking toplevel() on ptolemy.moml.MoMLSimpleApplication@322e41b3
----------------- Done invoking toplevel() on ptolemy.moml.MoMLSimpleApplication@322e41b3
reloadAllAccessors: .ConstantPublisherPort5

===========================================================================================
----------------- testing Wed Aug 28 05:36:12 UTC 2019 /home/travis/build/icyphy/ptII/ptolemy/actor/lib/test/auto/ConstantPublisherPort6.xml
----------------- Instantiating /home/travis/build/icyphy/ptII/ptolemy/actor/lib/test/auto/ConstantPublisherPort6.xml
25 ms. Memory: 252928K Free: 112286K (44%)
----------------- Invoking toplevel() on ptolemy.moml.MoMLSimpleApplication@479b5e64
----------------- Done invoking toplevel() on ptolemy.moml.MoMLSimpleApplication@479b5e64
reloadAllAccessors: .ConstantPublisherPort6

===========================================================================================
----------------- testing Wed Aug 28 05:36:12 UTC 2019 /home/travis/build/icyphy/ptII/ptolemy/actor/lib/test/auto/ConstantPublisherPort7.xml
----------------- Instantiating /home/travis/build/icyphy/ptII/ptolemy/actor/lib/test/auto/ConstantPublisherPort7.xml
15 ms. Memory: 252928K Free: 103584K (41%)
----------------- Invoking toplevel() on ptolemy.moml.MoMLSimpleApplication@3a523749
----------------- Done invoking toplevel() on ptolemy.moml.MoMLSimpleApplication@3a523749
reloadAllAccessors: .ConstantPublisherPort7

===========================================================================================
----------------- testing Wed Aug 28 05:36:12 UTC 2019 /home/travis/build/icyphy/ptII/ptolemy/actor/lib/test/auto/ConstraintMonitor1.xml
----------------- Instantiating /home/travis/build/icyphy/ptII/ptolemy/actor/lib/test/auto/ConstraintMonitor1.xml
3 ms. Memory: 252928K Free: 98464K (39%)
----------------- Invoking toplevel() on ptolemy.moml.MoMLSimpleApplication@684da9c
----------------- Done invoking toplevel() on ptolemy.moml.MoMLSimpleApplication@684da9c
reloadAllAccessors: .ConstraintMonitor1

===========================================================================================
----------------- testing Wed Aug 28 05:36:12 UTC 2019 /home/travis/build/icyphy/ptII/ptolemy/actor/lib/test/auto/ConstraintMonitor2.xml
----------------- Instantiating /home/travis/build/icyphy/ptII/ptolemy/actor/lib/test/auto/ConstraintMonitor2.xml
2 ms. Memory: 252928K Free: 93854K (37%)
----------------- Invoking toplevel() on ptolemy.moml.MoMLSimpleApplication@25a65c17
----------------- Done invoking toplevel() on ptolemy.moml.MoMLSimpleApplication@25a65c17
reloadAllAccessors: .ConstraintMonitor2

===========================================================================================
----------------- testing Wed Aug 28 05:36:12 UTC 2019 /home/travis/build/icyphy/ptII/ptolemy/actor/lib/test/auto/ConstraintMonitor3.xml
----------------- Instantiating /home/travis/build/icyphy/ptII/ptolemy/actor/lib/test/auto/ConstraintMonitor3.xml
3 ms. Memory: 252928K Free: 89758K (35%)
----------------- Invoking toplevel() on ptolemy.moml.MoMLSimpleApplication@39b97ed6
----------------- Done invoking toplevel() on ptolemy.moml.MoMLSimpleApplication@39b97ed6
reloadAllAccessors: .ConstraintMonitor3

===========================================================================================
----------------- testing Wed Aug 28 05:36:12 UTC 2019 /home/travis/build/icyphy/ptII/ptolemy/actor/lib/test/auto/ConstraintMonitor4.xml
----------------- Instantiating /home/travis/build/icyphy/ptII/ptolemy/actor/lib/test/auto/ConstraintMonitor4.xml
2 ms. Memory: 252928K Free: 84638K (33%)
----------------- Invoking toplevel() on ptolemy.moml.MoMLSimpleApplication@293cd23b
----------------- Done invoking toplevel() on ptolemy.moml.MoMLSimpleApplication@293cd23b
reloadAllAccessors: .ConstraintMonitor4

===========================================================================================
----------------- testing Wed Aug 28 05:36:12 UTC 2019 /home/travis/build/icyphy/ptII/ptolemy/actor/lib/test/auto/ConstraintMonitor5.xml
----------------- Instantiating /home/travis/build/icyphy/ptII/ptolemy/actor/lib/test/auto/ConstraintMonitor5.xml
2 ms. Memory: 252928K Free: 79518K (31%)
----------------- Invoking toplevel() on ptolemy.moml.MoMLSimpleApplication@4ed725bc
----------------- Done invoking toplevel() on ptolemy.moml.MoMLSimpleApplication@4ed725bc
reloadAllAccessors: .ConstraintMonitor5

===========================================================================================
----------------- testing Wed Aug 28 05:36:12 UTC 2019 /home/travis/build/icyphy/ptII/ptolemy/actor/lib/test/auto/ConstraintMonitor6.xml
----------------- Instantiating /home/travis/build/icyphy/ptII/ptolemy/actor/lib/test/auto/ConstraintMonitor6.xml
3 ms. Memory: 252928K Free: 73888K (29%)
----------------- Invoking toplevel() on ptolemy.moml.MoMLSimpleApplication@7e3eaf17
----------------- Done invoking toplevel() on ptolemy.moml.MoMLSimpleApplication@7e3eaf17
reloadAllAccessors: .ConstraintMonitor6

===========================================================================================
----------------- testing Wed Aug 28 05:36:12 UTC 2019 /home/travis/build/icyphy/ptII/ptolemy/actor/lib/test/auto/ConstraintMonitor7.xml
----------------- Instantiating /home/travis/build/icyphy/ptII/ptolemy/actor/lib/test/auto/ConstraintMonitor7.xml
4 ms. Memory: 252928K Free: 67224K (27%)
----------------- Invoking toplevel() on ptolemy.moml.MoMLSimpleApplication@7c282cc
----------------- Done invoking toplevel() on ptolemy.moml.MoMLSimpleApplication@7c282cc
reloadAllAccessors: .ConstraintMonitor7

===========================================================================================
----------------- testing Wed Aug 28 05:36:12 UTC 2019 /home/travis/build/icyphy/ptII/ptolemy/actor/lib/test/auto/ConstraintMonitor8.xml
----------------- Instantiating /home/travis/build/icyphy/ptII/ptolemy/actor/lib/test/auto/ConstraintMonitor8.xml
3 ms. Memory: 252928K Free: 59032K (23%)
----------------- Invoking toplevel() on ptolemy.moml.MoMLSimpleApplication@781eb369
----------------- Done invoking toplevel() on ptolemy.moml.MoMLSimpleApplication@781eb369
reloadAllAccessors: .ConstraintMonitor8

===========================================================================================
----------------- testing Wed Aug 28 05:36:12 UTC 2019 /home/travis/build/icyphy/ptII/ptolemy/actor/lib/test/auto/Counter.xml
----------------- Instantiating /home/travis/build/icyphy/ptII/ptolemy/actor/lib/test/auto/Counter.xml
3 ms. Memory: 252928K Free: 203627K (81%)
----------------- Invoking toplevel() on ptolemy.moml.MoMLSimpleApplication@4db3b424
----------------- Done invoking toplevel() on ptolemy.moml.MoMLSimpleApplication@4db3b424
reloadAllAccessors: .Counter

===========================================================================================
----------------- testing Wed Aug 28 05:36:12 UTC 2019 /home/travis/build/icyphy/ptII/ptolemy/actor/lib/test/auto/CurrentTimeSDF.xml
----------------- Instantiating /home/travis/build/icyphy/ptII/ptolemy/actor/lib/test/auto/CurrentTimeSDF.xml
1 ms. Memory: 252928K Free: 199533K (79%)
----------------- Invoking toplevel() on ptolemy.moml.MoMLSimpleApplication@62f13e0e
----------------- Done invoking toplevel() on ptolemy.moml.MoMLSimpleApplication@62f13e0e
reloadAllAccessors: .CurrentTimeSDF

===========================================================================================
----------------- testing Wed Aug 28 05:36:12 UTC 2019 /home/travis/build/icyphy/ptII/ptolemy/actor/lib/test/auto/DB.xml
----------------- Instantiating /home/travis/build/icyphy/ptII/ptolemy/actor/lib/test/auto/DB.xml
2 ms. Memory: 252928K Free: 193899K (77%)
----------------- Invoking toplevel() on ptolemy.moml.MoMLSimpleApplication@20524fba
----------------- Done invoking toplevel() on ptolemy.moml.MoMLSimpleApplication@20524fba
reloadAllAccessors: .DB

===========================================================================================
----------------- testing Wed Aug 28 05:36:12 UTC 2019 /home/travis/build/icyphy/ptII/ptolemy/actor/lib/test/auto/DBDE.xml
----------------- Instantiating /home/travis/build/icyphy/ptII/ptolemy/actor/lib/test/auto/DBDE.xml
2 ms. Memory: 252928K Free: 187725K (74%)
----------------- Invoking toplevel() on ptolemy.moml.MoMLSimpleApplication@3c6328a0
----------------- Done invoking toplevel() on ptolemy.moml.MoMLSimpleApplication@3c6328a0
reloadAllAccessors: .DBDE

===========================================================================================
----------------- testing Wed Aug 28 05:36:12 UTC 2019 /home/travis/build/icyphy/ptII/ptolemy/actor/lib/test/auto/DateConstructor.xml
----------------- Instantiating /home/travis/build/icyphy/ptII/ptolemy/actor/lib/test/auto/DateConstructor.xml
31 ms. Memory: 252928K Free: 170861K (68%)
----------------- Invoking toplevel() on ptolemy.moml.MoMLSimpleApplication@2b86525a
----------------- Done invoking toplevel() on ptolemy.moml.MoMLSimpleApplication@2b86525a
reloadAllAccessors: .DateConstructor

===========================================================================================
----------------- testing Wed Aug 28 05:36:12 UTC 2019 /home/travis/build/icyphy/ptII/ptolemy/actor/lib/test/auto/DelayTime.xml
----------------- Instantiating /home/travis/build/icyphy/ptII/ptolemy/actor/lib/test/auto/DelayTime.xml
8 ms. Memory: 252928K Free: 165741K (66%)
----------------- Invoking toplevel() on ptolemy.moml.MoMLSimpleApplication@53391edc
----------------- Done invoking toplevel() on ptolemy.moml.MoMLSimpleApplication@53391edc
reloadAllAccessors: .DelayTime

===========================================================================================
----------------- testing Wed Aug 28 05:36:12 UTC 2019 /home/travis/build/icyphy/ptII/ptolemy/actor/lib/test/auto/Dictionary1.xml
----------------- Instantiating /home/travis/build/icyphy/ptII/ptolemy/actor/lib/test/auto/Dictionary1.xml
2 ms. Memory: 252928K Free: 160107K (63%)
----------------- Invoking toplevel() on ptolemy.moml.MoMLSimpleApplication@2c9a4176
----------------- Done invoking toplevel() on ptolemy.moml.MoMLSimpleApplication@2c9a4176
reloadAllAccessors: .Dictionary1

===========================================================================================
----------------- testing Wed Aug 28 05:36:12 UTC 2019 /home/travis/build/icyphy/ptII/ptolemy/actor/lib/test/auto/Dictionary2.xml
----------------- Instantiating /home/travis/build/icyphy/ptII/ptolemy/actor/lib/test/auto/Dictionary2.xml
2 ms. Memory: 252928K Free: 154987K (61%)
----------------- Invoking toplevel() on ptolemy.moml.MoMLSimpleApplication@301c494e
----------------- Done invoking toplevel() on ptolemy.moml.MoMLSimpleApplication@301c494e
reloadAllAccessors: .Dictionary2

===========================================================================================
----------------- testing Wed Aug 28 05:36:12 UTC 2019 /home/travis/build/icyphy/ptII/ptolemy/actor/lib/test/auto/Dictionary3.xml
----------------- Instantiating /home/travis/build/icyphy/ptII/ptolemy/actor/lib/test/auto/Dictionary3.xml
2 ms. Memory: 252928K Free: 149357K (59%)
----------------- Invoking toplevel() on ptolemy.moml.MoMLSimpleApplication@18b8228f
----------------- Done invoking toplevel() on ptolemy.moml.MoMLSimpleApplication@18b8228f
reloadAllAccessors: .Dictionary3

===========================================================================================
----------------- testing Wed Aug 28 05:36:12 UTC 2019 /home/travis/build/icyphy/ptII/ptolemy/actor/lib/test/auto/Dictionary4.xml
----------------- Instantiating /home/travis/build/icyphy/ptII/ptolemy/actor/lib/test/auto/Dictionary4.xml
11 ms. Memory: 252928K Free: 142189K (56%)
----------------- Invoking toplevel() on ptolemy.moml.MoMLSimpleApplication@1dec16a5
----------------- Done invoking toplevel() on ptolemy.moml.MoMLSimpleApplication@1dec16a5
reloadAllAccessors: .Dictionary4

===========================================================================================
----------------- testing Wed Aug 28 05:36:12 UTC 2019 /home/travis/build/icyphy/ptII/ptolemy/actor/lib/test/auto/Differential.xml
----------------- Instantiating /home/travis/build/icyphy/ptII/ptolemy/actor/lib/test/auto/Differential.xml
3 ms. Memory: 252928K Free: 137579K (54%)
----------------- Invoking toplevel() on ptolemy.moml.MoMLSimpleApplication@1eab5945
----------------- Done invoking toplevel() on ptolemy.moml.MoMLSimpleApplication@1eab5945
reloadAllAccessors: .Differential

===========================================================================================
----------------- testing Wed Aug 28 05:36:12 UTC 2019 /home/travis/build/icyphy/ptII/ptolemy/actor/lib/test/auto/Director.xml
----------------- Instantiating /home/travis/build/icyphy/ptII/ptolemy/actor/lib/test/auto/Director.xml
1 ms. Memory: 252928K Free: 134507K (53%)
----------------- Invoking toplevel() on ptolemy.moml.MoMLSimpleApplication@48487dae
----------------- Done invoking toplevel() on ptolemy.moml.MoMLSimpleApplication@48487dae
reloadAllAccessors: .Director

===========================================================================================
----------------- testing Wed Aug 28 05:36:12 UTC 2019 /home/travis/build/icyphy/ptII/ptolemy/actor/lib/test/auto/DiscreteClock.xml
----------------- Instantiating /home/travis/build/icyphy/ptII/ptolemy/actor/lib/test/auto/DiscreteClock.xml
1 ms. Memory: 252928K Free: 130411K (52%)
----------------- Invoking toplevel() on ptolemy.moml.MoMLSimpleApplication@79ff4999
----------------- Done invoking toplevel() on ptolemy.moml.MoMLSimpleApplication@79ff4999
reloadAllAccessors: .DiscreteClock

===========================================================================================
----------------- testing Wed Aug 28 05:36:12 UTC 2019 /home/travis/build/icyphy/ptII/ptolemy/actor/lib/test/auto/DiscreteClock10.xml
----------------- Instantiating /home/travis/build/icyphy/ptII/ptolemy/actor/lib/test/auto/DiscreteClock10.xml
2 ms. Memory: 252928K Free: 124267K (49%)
----------------- Invoking toplevel() on ptolemy.moml.MoMLSimpleApplication@58ed00af
----------------- Done invoking toplevel() on ptolemy.moml.MoMLSimpleApplication@58ed00af
reloadAllAccessors: .DiscreteClock10

===========================================================================================
----------------- testing Wed Aug 28 05:36:12 UTC 2019 /home/travis/build/icyphy/ptII/ptolemy/actor/lib/test/auto/DiscreteClock11.xml
----------------- Instantiating /home/travis/build/icyphy/ptII/ptolemy/actor/lib/test/auto/DiscreteClock11.xml
2 ms. Memory: 252928K Free: 118637K (47%)
----------------- Invoking toplevel() on ptolemy.moml.MoMLSimpleApplication@2fb460e4
----------------- Done invoking toplevel() on ptolemy.moml.MoMLSimpleApplication@2fb460e4
reloadAllAccessors: .DiscreteClock11

===========================================================================================
----------------- testing Wed Aug 28 05:36:12 UTC 2019 /home/travis/build/icyphy/ptII/ptolemy/actor/lib/test/auto/DiscreteClock12.xml
----------------- Instantiating /home/travis/build/icyphy/ptII/ptolemy/actor/lib/test/auto/DiscreteClock12.xml
3 ms. Memory: 252928K Free: 112493K (44%)
----------------- Invoking toplevel() on ptolemy.moml.MoMLSimpleApplication@359198ba
----------------- Done invoking toplevel() on ptolemy.moml.MoMLSimpleApplication@359198ba
reloadAllAccessors: .DiscreteClock12

===========================================================================================
----------------- testing Wed Aug 28 05:36:12 UTC 2019 /home/travis/build/icyphy/ptII/ptolemy/actor/lib/test/auto/DiscreteClock13.xml
----------------- Instantiating /home/travis/build/icyphy/ptII/ptolemy/actor/lib/test/auto/DiscreteClock13.xml
5 ms. Memory: 252928K Free: 106349K (42%)
----------------- Invoking toplevel() on ptolemy.moml.MoMLSimpleApplication@763bb399
----------------- Done invoking toplevel() on ptolemy.moml.MoMLSimpleApplication@763bb399
reloadAllAccessors: .DiscreteClock13

===========================================================================================
----------------- testing Wed Aug 28 05:36:12 UTC 2019 /home/travis/build/icyphy/ptII/ptolemy/actor/lib/test/auto/DiscreteClock14.xml
----------------- Instantiating /home/travis/build/icyphy/ptII/ptolemy/actor/lib/test/auto/DiscreteClock14.xml
7 ms. Memory: 252928K Free: 100205K (40%)
----------------- Invoking toplevel() on ptolemy.moml.MoMLSimpleApplication@666473e9
----------------- Done invoking toplevel() on ptolemy.moml.MoMLSimpleApplication@666473e9
reloadAllAccessors: .DiscreteClock14

===========================================================================================
----------------- testing Wed Aug 28 05:36:12 UTC 2019 /home/travis/build/icyphy/ptII/ptolemy/actor/lib/test/auto/DiscreteClock15.xml
----------------- Instantiating /home/travis/build/icyphy/ptII/ptolemy/actor/lib/test/auto/DiscreteClock15.xml
6 ms. Memory: 252928K Free: 94541K (37%)
----------------- Invoking toplevel() on ptolemy.moml.MoMLSimpleApplication@6ced868c
----------------- Done invoking toplevel() on ptolemy.moml.MoMLSimpleApplication@6ced868c
reloadAllAccessors: .DiscreteClock15

===========================================================================================
----------------- testing Wed Aug 28 05:36:12 UTC 2019 /home/travis/build/icyphy/ptII/ptolemy/actor/lib/test/auto/DiscreteClock16.xml
----------------- Instantiating /home/travis/build/icyphy/ptII/ptolemy/actor/lib/test/auto/DiscreteClock16.xml
20 ms. Memory: 252928K Free: 80749K (32%)
----------------- Invoking toplevel() on ptolemy.moml.MoMLSimpleApplication@60dfe118
----------------- Done invoking toplevel() on ptolemy.moml.MoMLSimpleApplication@60dfe118
reloadAllAccessors: .DiscreteClock16

===========================================================================================
----------------- testing Wed Aug 28 05:36:13 UTC 2019 /home/travis/build/icyphy/ptII/ptolemy/actor/lib/test/auto/DiscreteClock17.xml
----------------- Instantiating /home/travis/build/icyphy/ptII/ptolemy/actor/lib/test/auto/DiscreteClock17.xml
20 ms. Memory: 252928K Free: 65869K (26%)
----------------- Invoking toplevel() on ptolemy.moml.MoMLSimpleApplication@bb3d261
----------------- Done invoking toplevel() on ptolemy.moml.MoMLSimpleApplication@bb3d261
reloadAllAccessors: .DiscreteClock17

===========================================================================================
----------------- testing Wed Aug 28 05:36:13 UTC 2019 /home/travis/build/icyphy/ptII/ptolemy/actor/lib/test/auto/DiscreteClock18.xml
----------------- Instantiating /home/travis/build/icyphy/ptII/ptolemy/actor/lib/test/auto/DiscreteClock18.xml
25 ms. Memory: 252928K Free: 201187K (80%)
----------------- Invoking toplevel() on ptolemy.moml.MoMLSimpleApplication@4627ee00
----------------- Done invoking toplevel() on ptolemy.moml.MoMLSimpleApplication@4627ee00
reloadAllAccessors: .DiscreteClock18

===========================================================================================
----------------- testing Wed Aug 28 05:36:13 UTC 2019 /home/travis/build/icyphy/ptII/ptolemy/actor/lib/test/auto/DiscreteClock19.xml
----------------- Instantiating /home/travis/build/icyphy/ptII/ptolemy/actor/lib/test/auto/DiscreteClock19.xml
22 ms. Memory: 252928K Free: 187355K (74%)
----------------- Invoking toplevel() on ptolemy.moml.MoMLSimpleApplication@5578395e
----------------- Done invoking toplevel() on ptolemy.moml.MoMLSimpleApplication@5578395e
reloadAllAccessors: .DiscreteClock19

===========================================================================================
----------------- testing Wed Aug 28 05:36:13 UTC 2019 /home/travis/build/icyphy/ptII/ptolemy/actor/lib/test/auto/DiscreteClock2.xml
----------------- Instantiating /home/travis/build/icyphy/ptII/ptolemy/actor/lib/test/auto/DiscreteClock2.xml
5 ms. Memory: 252928K Free: 182235K (72%)
----------------- Invoking toplevel() on ptolemy.moml.MoMLSimpleApplication@11818d5c
----------------- Done invoking toplevel() on ptolemy.moml.MoMLSimpleApplication@11818d5c
reloadAllAccessors: .DiscreteClock2

===========================================================================================
----------------- testing Wed Aug 28 05:36:13 UTC 2019 /home/travis/build/icyphy/ptII/ptolemy/actor/lib/test/auto/DiscreteClock20.xml
----------------- Instantiating /home/travis/build/icyphy/ptII/ptolemy/actor/lib/test/auto/DiscreteClock20.xml
10 ms. Memory: 252928K Free: 176611K (70%)
----------------- Invoking toplevel() on ptolemy.moml.MoMLSimpleApplication@70a9b099
----------------- Done invoking toplevel() on ptolemy.moml.MoMLSimpleApplication@70a9b099
reloadAllAccessors: .DiscreteClock20

===========================================================================================
----------------- testing Wed Aug 28 05:36:13 UTC 2019 /home/travis/build/icyphy/ptII/ptolemy/actor/lib/test/auto/DiscreteClock21.xml
----------------- Instantiating /home/travis/build/icyphy/ptII/ptolemy/actor/lib/test/auto/DiscreteClock21.xml
6 ms. Memory: 252928K Free: 170977K (68%)
----------------- Invoking toplevel() on ptolemy.moml.MoMLSimpleApplication@7579aa62
----------------- Done invoking toplevel() on ptolemy.moml.MoMLSimpleApplication@7579aa62
reloadAllAccessors: .DiscreteClock21

===========================================================================================
----------------- testing Wed Aug 28 05:36:13 UTC 2019 /home/travis/build/icyphy/ptII/ptolemy/actor/lib/test/auto/DiscreteClock22.xml
----------------- Instantiating /home/travis/build/icyphy/ptII/ptolemy/actor/lib/test/auto/DiscreteClock22.xml
6 ms. Memory: 252928K Free: 165857K (66%)
----------------- Invoking toplevel() on ptolemy.moml.MoMLSimpleApplication@7820915e
----------------- Done invoking toplevel() on ptolemy.moml.MoMLSimpleApplication@7820915e
reloadAllAccessors: .DiscreteClock22

===========================================================================================
----------------- testing Wed Aug 28 05:36:13 UTC 2019 /home/travis/build/icyphy/ptII/ptolemy/actor/lib/test/auto/DiscreteClock23.xml
----------------- Instantiating /home/travis/build/icyphy/ptII/ptolemy/actor/lib/test/auto/DiscreteClock23.xml
12 ms. Memory: 252928K Free: 160227K (63%)
----------------- Invoking toplevel() on ptolemy.moml.MoMLSimpleApplication@319efdb7
----------------- Done invoking toplevel() on ptolemy.moml.MoMLSimpleApplication@319efdb7
reloadAllAccessors: .DiscreteClock23

===========================================================================================
----------------- testing Wed Aug 28 05:36:13 UTC 2019 /home/travis/build/icyphy/ptII/ptolemy/actor/lib/test/auto/DiscreteClock24.xml
----------------- Instantiating /home/travis/build/icyphy/ptII/ptolemy/actor/lib/test/auto/DiscreteClock24.xml
4 ms. Memory: 252928K Free: 154593K (61%)
----------------- Invoking toplevel() on ptolemy.moml.MoMLSimpleApplication@445469f7
----------------- Done invoking toplevel() on ptolemy.moml.MoMLSimpleApplication@445469f7
reloadAllAccessors: .DiscreteClock24

===========================================================================================
----------------- testing Wed Aug 28 05:36:13 UTC 2019 /home/travis/build/icyphy/ptII/ptolemy/actor/lib/test/auto/DiscreteClock4.xml
----------------- Instantiating /home/travis/build/icyphy/ptII/ptolemy/actor/lib/test/auto/DiscreteClock4.xml
4 ms. Memory: 252928K Free: 149459K (59%)
----------------- Invoking toplevel() on ptolemy.moml.MoMLSimpleApplication@a86b1ee
----------------- Done invoking toplevel() on ptolemy.moml.MoMLSimpleApplication@a86b1ee
reloadAllAccessors: .DiscreteClock4

===========================================================================================
----------------- testing Wed Aug 28 05:36:13 UTC 2019 /home/travis/build/icyphy/ptII/ptolemy/actor/lib/test/auto/DiscreteClock5.xml
----------------- Instantiating /home/travis/build/icyphy/ptII/ptolemy/actor/lib/test/auto/DiscreteClock5.xml
1 ms. Memory: 252928K Free: 143843K (57%)
----------------- Invoking toplevel() on ptolemy.moml.MoMLSimpleApplication@320241ec
----------------- Done invoking toplevel() on ptolemy.moml.MoMLSimpleApplication@320241ec
reloadAllAccessors: .DiscreteClock5

===========================================================================================
----------------- testing Wed Aug 28 05:36:13 UTC 2019 /home/travis/build/icyphy/ptII/ptolemy/actor/lib/test/auto/DiscreteClock6.xml
----------------- Instantiating /home/travis/build/icyphy/ptII/ptolemy/actor/lib/test/auto/DiscreteClock6.xml
1 ms. Memory: 252928K Free: 139233K (55%)
----------------- Invoking toplevel() on ptolemy.moml.MoMLSimpleApplication@7935bf1d
----------------- Done invoking toplevel() on ptolemy.moml.MoMLSimpleApplication@7935bf1d
reloadAllAccessors: .DiscreteClock6

===========================================================================================
----------------- testing Wed Aug 28 05:36:13 UTC 2019 /home/travis/build/icyphy/ptII/ptolemy/actor/lib/test/auto/DiscreteClock7.xml
----------------- Instantiating /home/travis/build/icyphy/ptII/ptolemy/actor/lib/test/auto/DiscreteClock7.xml
5 ms. Memory: 252928K Free: 134113K (53%)
----------------- Invoking toplevel() on ptolemy.moml.MoMLSimpleApplication@6765e5af
----------------- Done invoking toplevel() on ptolemy.moml.MoMLSimpleApplication@6765e5af
reloadAllAccessors: .DiscreteClock7

===========================================================================================
----------------- testing Wed Aug 28 05:36:13 UTC 2019 /home/travis/build/icyphy/ptII/ptolemy/actor/lib/test/auto/DiscreteClock8.xml
----------------- Instantiating /home/travis/build/icyphy/ptII/ptolemy/actor/lib/test/auto/DiscreteClock8.xml
5 ms. Memory: 252928K Free: 128987K (51%)
----------------- Invoking toplevel() on ptolemy.moml.MoMLSimpleApplication@5f5c2ec2
----------------- Done invoking toplevel() on ptolemy.moml.MoMLSimpleApplication@5f5c2ec2
reloadAllAccessors: .DiscreteClock8

===========================================================================================
----------------- testing Wed Aug 28 05:36:13 UTC 2019 /home/travis/build/icyphy/ptII/ptolemy/actor/lib/test/auto/DiscreteClock9.xml
----------------- Instantiating /home/travis/build/icyphy/ptII/ptolemy/actor/lib/test/auto/DiscreteClock9.xml
5 ms. Memory: 252928K Free: 122843K (49%)
----------------- Invoking toplevel() on ptolemy.moml.MoMLSimpleApplication@5d9e1c53
----------------- Done invoking toplevel() on ptolemy.moml.MoMLSimpleApplication@5d9e1c53
reloadAllAccessors: .DiscreteClock9

===========================================================================================
----------------- testing Wed Aug 28 05:36:13 UTC 2019 /home/travis/build/icyphy/ptII/ptolemy/actor/lib/test/auto/DisplayArray.xml
----------------- Instantiating /home/travis/build/icyphy/ptII/ptolemy/actor/lib/test/auto/DisplayArray.xml
1 ms. Memory: 252928K Free: 119267K (47%)
----------------- Invoking toplevel() on ptolemy.moml.MoMLSimpleApplication@17731f2f
----------------- Done invoking toplevel() on ptolemy.moml.MoMLSimpleApplication@17731f2f
reloadAllAccessors: .DisplayArray

===========================================================================================
----------------- testing Wed Aug 28 05:36:13 UTC 2019 /home/travis/build/icyphy/ptII/ptolemy/actor/lib/test/auto/Distributor.xml
----------------- Instantiating /home/travis/build/icyphy/ptII/ptolemy/actor/lib/test/auto/Distributor.xml
1 ms. Memory: 252928K Free: 114147K (45%)
----------------- Invoking toplevel() on ptolemy.moml.MoMLSimpleApplication@da318bc
----------------- Done invoking toplevel() on ptolemy.moml.MoMLSimpleApplication@da318bc
reloadAllAccessors: .Distributor

===========================================================================================
----------------- testing Wed Aug 28 05:36:13 UTC 2019 /home/travis/build/icyphy/ptII/ptolemy/actor/lib/test/auto/Distributor2.xml
----------------- Instantiating /home/travis/build/icyphy/ptII/ptolemy/actor/lib/test/auto/Distributor2.xml
1 ms. Memory: 252928K Free: 109537K (43%)
----------------- Invoking toplevel() on ptolemy.moml.MoMLSimpleApplication@6d4dd405
----------------- Done invoking toplevel() on ptolemy.moml.MoMLSimpleApplication@6d4dd405
reloadAllAccessors: .Distributor2

===========================================================================================
----------------- testing Wed Aug 28 05:36:13 UTC 2019 /home/travis/build/icyphy/ptII/ptolemy/actor/lib/test/auto/DownSample.xml
----------------- Instantiating /home/travis/build/icyphy/ptII/ptolemy/actor/lib/test/auto/DownSample.xml
2 ms. Memory: 252928K Free: 104931K (41%)
----------------- Invoking toplevel() on ptolemy.moml.MoMLSimpleApplication@30f0b156
----------------- Done invoking toplevel() on ptolemy.moml.MoMLSimpleApplication@30f0b156
reloadAllAccessors: .DownSample

===========================================================================================
----------------- testing Wed Aug 28 05:36:13 UTC 2019 /home/travis/build/icyphy/ptII/ptolemy/actor/lib/test/auto/ElectronicUnitBase1.xml
----------------- Instantiating /home/travis/build/icyphy/ptII/ptolemy/actor/lib/test/auto/ElectronicUnitBase1.xml
23 ms. Memory: 252928K Free: 89057K (35%)
----------------- Invoking toplevel() on ptolemy.moml.MoMLSimpleApplication@2e061800
----------------- Done invoking toplevel() on ptolemy.moml.MoMLSimpleApplication@2e061800
reloadAllAccessors: .ElectronicUnitBase1

===========================================================================================
----------------- testing Wed Aug 28 05:36:13 UTC 2019 /home/travis/build/icyphy/ptII/ptolemy/actor/lib/test/auto/ElementsToArray.xml
----------------- Instantiating /home/travis/build/icyphy/ptII/ptolemy/actor/lib/test/auto/ElementsToArray.xml
2 ms. Memory: 252928K Free: 83937K (33%)
----------------- Invoking toplevel() on ptolemy.moml.MoMLSimpleApplication@7e7e213a
----------------- Done invoking toplevel() on ptolemy.moml.MoMLSimpleApplication@7e7e213a
reloadAllAccessors: .ElementsToArray

===========================================================================================
----------------- testing Wed Aug 28 05:36:13 UTC 2019 /home/travis/build/icyphy/ptII/ptolemy/actor/lib/test/auto/Equals.xml
----------------- Instantiating /home/travis/build/icyphy/ptII/ptolemy/actor/lib/test/auto/Equals.xml
2 ms. Memory: 252928K Free: 79331K (31%)
----------------- Invoking toplevel() on ptolemy.moml.MoMLSimpleApplication@6b17a533
----------------- Done invoking toplevel() on ptolemy.moml.MoMLSimpleApplication@6b17a533
reloadAllAccessors: .Equals

===========================================================================================
----------------- testing Wed Aug 28 05:36:13 UTC 2019 /home/travis/build/icyphy/ptII/ptolemy/actor/lib/test/auto/Exec.xml
----------------- Instantiating /home/travis/build/icyphy/ptII/ptolemy/actor/lib/test/auto/Exec.xml
20 ms. Memory: 252928K Free: 74721K (30%)
----------------- Invoking toplevel() on ptolemy.moml.MoMLSimpleApplication@6ce2fede
----------------- Done invoking toplevel() on ptolemy.moml.MoMLSimpleApplication@6ce2fede
reloadAllAccessors: .Exec

===========================================================================================
----------------- testing Wed Aug 28 05:36:13 UTC 2019 /home/travis/build/icyphy/ptII/ptolemy/actor/lib/test/auto/ExecEnvironment.xml
----------------- Instantiating /home/travis/build/icyphy/ptII/ptolemy/actor/lib/test/auto/ExecEnvironment.xml
22 ms. Memory: 252928K Free: 69091K (27%)
----------------- Invoking toplevel() on ptolemy.moml.MoMLSimpleApplication@290c1efb
----------------- Done invoking toplevel() on ptolemy.moml.MoMLSimpleApplication@290c1efb
reloadAllAccessors: .ExecEnvironment

===========================================================================================
----------------- testing Wed Aug 28 05:36:13 UTC 2019 /home/travis/build/icyphy/ptII/ptolemy/actor/lib/test/auto/ExecNonZeroReturnOutput.xml
----------------- Instantiating /home/travis/build/icyphy/ptII/ptolemy/actor/lib/test/auto/ExecNonZeroReturnOutput.xml
204 ms. Memory: 252928K Free: 57313K (23%)
----------------- Invoking toplevel() on ptolemy.moml.MoMLSimpleApplication@4ffa122d
----------------- Done invoking toplevel() on ptolemy.moml.MoMLSimpleApplication@4ffa122d
reloadAllAccessors: .ExecNonZeroReturnOutput

===========================================================================================
----------------- testing Wed Aug 28 05:36:13 UTC 2019 /home/travis/build/icyphy/ptII/ptolemy/actor/lib/test/auto/ExecRunDemos.xml
----------------- Instantiating /home/travis/build/icyphy/ptII/ptolemy/actor/lib/test/auto/ExecRunDemos.xml
Finished: 103 ms. Memory: 120832K Free: 104328K (86%)

Finished: 65 ms. Memory: 120832K Free: 110725K (92%)

Finished: 129 ms. Memory: 120832K Free: 110771K (92%)

Finished: 116 ms. Memory: 120832K Free: 103370K (86%)

Finished: 91 ms. Memory: 120832K Free: 103931K (86%)

11144 ms. Memory: 252928K Free: 186079K (74%)
----------------- Invoking toplevel() on ptolemy.moml.MoMLSimpleApplication@549d020c
----------------- Done invoking toplevel() on ptolemy.moml.MoMLSimpleApplication@549d020c
reloadAllAccessors: .ExecRunDemos

===========================================================================================
----------------- testing Wed Aug 28 05:36:25 UTC 2019 /home/travis/build/icyphy/ptII/ptolemy/actor/lib/test/auto/ExecStop.xml
----------------- Instantiating /home/travis/build/icyphy/ptII/ptolemy/actor/lib/test/auto/ExecStop.xml
5027 ms. Memory: 252928K Free: 94431K (37%)
----------------- Invoking toplevel() on ptolemy.moml.MoMLSimpleApplication@12f8932a
----------------- Done invoking toplevel() on ptolemy.moml.MoMLSimpleApplication@12f8932a
reloadAllAccessors: .ExecStop

===========================================================================================
----------------- testing Wed Aug 28 05:36:30 UTC 2019 /home/travis/build/icyphy/ptII/ptolemy/actor/lib/test/auto/ExecutionTimeSDF.xml
----------------- Instantiating /home/travis/build/icyphy/ptII/ptolemy/actor/lib/test/auto/ExecutionTimeSDF.xml
Fired ExecutionTime: -1012967296
Fired ExecutionTime: 826800000
Fired ExecutionTime: -1068967296
6012 ms. Memory: 252928K Free: 81633K (32%)
----------------- Invoking toplevel() on ptolemy.moml.MoMLSimpleApplication@24b4317e
----------------- Done invoking toplevel() on ptolemy.moml.MoMLSimpleApplication@24b4317e
reloadAllAccessors: .ExecutionTimeSDF

===========================================================================================
----------------- testing Wed Aug 28 05:36:36 UTC 2019 /home/travis/build/icyphy/ptII/ptolemy/actor/lib/test/auto/Expression1.xml
----------------- Instantiating /home/travis/build/icyphy/ptII/ptolemy/actor/lib/test/auto/Expression1.xml
2 ms. Memory: 252928K Free: 78561K (31%)
----------------- Invoking toplevel() on ptolemy.moml.MoMLSimpleApplication@34b309ae
----------------- Done invoking toplevel() on ptolemy.moml.MoMLSimpleApplication@34b309ae
reloadAllAccessors: .Expression1

===========================================================================================
----------------- testing Wed Aug 28 05:36:36 UTC 2019 /home/travis/build/icyphy/ptII/ptolemy/actor/lib/test/auto/Expression10.xml
----------------- Instantiating /home/travis/build/icyphy/ptII/ptolemy/actor/lib/test/auto/Expression10.xml
6 ms. Memory: 252928K Free: 72927K (29%)
----------------- Invoking toplevel() on ptolemy.moml.MoMLSimpleApplication@31571b68
----------------- Done invoking toplevel() on ptolemy.moml.MoMLSimpleApplication@31571b68
reloadAllAccessors: .Expression10

===========================================================================================
----------------- testing Wed Aug 28 05:36:36 UTC 2019 /home/travis/build/icyphy/ptII/ptolemy/actor/lib/test/auto/Expression11.xml
----------------- Instantiating /home/travis/build/icyphy/ptII/ptolemy/actor/lib/test/auto/Expression11.xml
2 ms. Memory: 252928K Free: 68831K (27%)
----------------- Invoking toplevel() on ptolemy.moml.MoMLSimpleApplication@304eb1da
----------------- Done invoking toplevel() on ptolemy.moml.MoMLSimpleApplication@304eb1da
reloadAllAccessors: .Expression11

===========================================================================================
----------------- testing Wed Aug 28 05:36:36 UTC 2019 /home/travis/build/icyphy/ptII/ptolemy/actor/lib/test/auto/Expression12.xml
----------------- Instantiating /home/travis/build/icyphy/ptII/ptolemy/actor/lib/test/auto/Expression12.xml
3 ms. Memory: 252928K Free: 63201K (25%)
----------------- Invoking toplevel() on ptolemy.moml.MoMLSimpleApplication@508ece79
----------------- Done invoking toplevel() on ptolemy.moml.MoMLSimpleApplication@508ece79
reloadAllAccessors: .Expression12

===========================================================================================
----------------- testing Wed Aug 28 05:36:36 UTC 2019 /home/travis/build/icyphy/ptII/ptolemy/actor/lib/test/auto/Expression13.xml
----------------- Instantiating /home/travis/build/icyphy/ptII/ptolemy/actor/lib/test/auto/Expression13.xml
3 ms. Memory: 252928K Free: 58081K (23%)
----------------- Invoking toplevel() on ptolemy.moml.MoMLSimpleApplication@3f2868cd
----------------- Done invoking toplevel() on ptolemy.moml.MoMLSimpleApplication@3f2868cd
reloadAllAccessors: .Expression13

===========================================================================================
----------------- testing Wed Aug 28 05:36:36 UTC 2019 /home/travis/build/icyphy/ptII/ptolemy/actor/lib/test/auto/Expression14.xml
----------------- Instantiating /home/travis/build/icyphy/ptII/ptolemy/actor/lib/test/auto/Expression14.xml
4 ms. Memory: 252928K Free: 201530K (80%)
----------------- Invoking toplevel() on ptolemy.moml.MoMLSimpleApplication@17100186
----------------- Done invoking toplevel() on ptolemy.moml.MoMLSimpleApplication@17100186
reloadAllAccessors: .Expression14

===========================================================================================
----------------- testing Wed Aug 28 05:36:36 UTC 2019 /home/travis/build/icyphy/ptII/ptolemy/actor/lib/test/auto/Expression15.xml
----------------- Instantiating /home/travis/build/icyphy/ptII/ptolemy/actor/lib/test/auto/Expression15.xml
1 ms. Memory: 252928K Free: 196924K (78%)
----------------- Invoking toplevel() on ptolemy.moml.MoMLSimpleApplication@3d2be270
----------------- Done invoking toplevel() on ptolemy.moml.MoMLSimpleApplication@3d2be270
reloadAllAccessors: .Expression15

===========================================================================================
----------------- testing Wed Aug 28 05:36:36 UTC 2019 /home/travis/build/icyphy/ptII/ptolemy/actor/lib/test/auto/Expression16.xml
----------------- Instantiating /home/travis/build/icyphy/ptII/ptolemy/actor/lib/test/auto/Expression16.xml
3 ms. Memory: 252928K Free: 192314K (76%)
----------------- Invoking toplevel() on ptolemy.moml.MoMLSimpleApplication@23c27320
----------------- Done invoking toplevel() on ptolemy.moml.MoMLSimpleApplication@23c27320
reloadAllAccessors: .Expression16

===========================================================================================
----------------- testing Wed Aug 28 05:36:36 UTC 2019 /home/travis/build/icyphy/ptII/ptolemy/actor/lib/test/auto/Expression17.xml
----------------- Instantiating /home/travis/build/icyphy/ptII/ptolemy/actor/lib/test/auto/Expression17.xml
3 ms. Memory: 252928K Free: 187194K (74%)
----------------- Invoking toplevel() on ptolemy.moml.MoMLSimpleApplication@bd71963
----------------- Done invoking toplevel() on ptolemy.moml.MoMLSimpleApplication@bd71963
reloadAllAccessors: .Expression17

===========================================================================================
----------------- testing Wed Aug 28 05:36:36 UTC 2019 /home/travis/build/icyphy/ptII/ptolemy/actor/lib/test/auto/Expression18.xml
----------------- Instantiating /home/travis/build/icyphy/ptII/ptolemy/actor/lib/test/auto/Expression18.xml
1 ms. Memory: 252928K Free: 182074K (72%)
----------------- Invoking toplevel() on ptolemy.moml.MoMLSimpleApplication@12ea9e7
----------------- Done invoking toplevel() on ptolemy.moml.MoMLSimpleApplication@12ea9e7
reloadAllAccessors: .Expression18

===========================================================================================
----------------- testing Wed Aug 28 05:36:36 UTC 2019 /home/travis/build/icyphy/ptII/ptolemy/actor/lib/test/auto/Expression2.xml
----------------- Instantiating /home/travis/build/icyphy/ptII/ptolemy/actor/lib/test/auto/Expression2.xml
3 ms. Memory: 252928K Free: 176954K (70%)
----------------- Invoking toplevel() on ptolemy.moml.MoMLSimpleApplication@2bd7aa21
----------------- Done invoking toplevel() on ptolemy.moml.MoMLSimpleApplication@2bd7aa21
reloadAllAccessors: .Expression2

===========================================================================================
----------------- testing Wed Aug 28 05:36:36 UTC 2019 /home/travis/build/icyphy/ptII/ptolemy/actor/lib/test/auto/Expression3.xml
----------------- Instantiating /home/travis/build/icyphy/ptII/ptolemy/actor/lib/test/auto/Expression3.xml
2 ms. Memory: 252928K Free: 171834K (68%)
----------------- Invoking toplevel() on ptolemy.moml.MoMLSimpleApplication@3cfb38ed
----------------- Done invoking toplevel() on ptolemy.moml.MoMLSimpleApplication@3cfb38ed
reloadAllAccessors: .Expression3

===========================================================================================
----------------- testing Wed Aug 28 05:36:36 UTC 2019 /home/travis/build/icyphy/ptII/ptolemy/actor/lib/test/auto/Expression4.xml
----------------- Instantiating /home/travis/build/icyphy/ptII/ptolemy/actor/lib/test/auto/Expression4.xml
4 ms. Memory: 252928K Free: 164666K (65%)
----------------- Invoking toplevel() on ptolemy.moml.MoMLSimpleApplication@516c66d6
----------------- Done invoking toplevel() on ptolemy.moml.MoMLSimpleApplication@516c66d6
reloadAllAccessors: .Expression4

===========================================================================================
----------------- testing Wed Aug 28 05:36:36 UTC 2019 /home/travis/build/icyphy/ptII/ptolemy/actor/lib/test/auto/Expression5.xml
----------------- Instantiating /home/travis/build/icyphy/ptII/ptolemy/actor/lib/test/auto/Expression5.xml
2 ms. Memory: 252928K Free: 159546K (63%)
----------------- Invoking toplevel() on ptolemy.moml.MoMLSimpleApplication@17e370f
----------------- Done invoking toplevel() on ptolemy.moml.MoMLSimpleApplication@17e370f
reloadAllAccessors: .Expression5

===========================================================================================
----------------- testing Wed Aug 28 05:36:36 UTC 2019 /home/travis/build/icyphy/ptII/ptolemy/actor/lib/test/auto/Expression6.xml
----------------- Instantiating /home/travis/build/icyphy/ptII/ptolemy/actor/lib/test/auto/Expression6.xml
2 ms. Memory: 252928K Free: 155450K (61%)
----------------- Invoking toplevel() on ptolemy.moml.MoMLSimpleApplication@68a8f2a5
----------------- Done invoking toplevel() on ptolemy.moml.MoMLSimpleApplication@68a8f2a5
reloadAllAccessors: .Expression6

===========================================================================================
----------------- testing Wed Aug 28 05:36:36 UTC 2019 /home/travis/build/icyphy/ptII/ptolemy/actor/lib/test/auto/Expression7.xml
----------------- Instantiating /home/travis/build/icyphy/ptII/ptolemy/actor/lib/test/auto/Expression7.xml
2 ms. Memory: 252928K Free: 150330K (59%)
----------------- Invoking toplevel() on ptolemy.moml.MoMLSimpleApplication@31d63740
----------------- Done invoking toplevel() on ptolemy.moml.MoMLSimpleApplication@31d63740
reloadAllAccessors: .Expression7

===========================================================================================
----------------- testing Wed Aug 28 05:36:36 UTC 2019 /home/travis/build/icyphy/ptII/ptolemy/actor/lib/test/auto/Expression8.xml
----------------- Instantiating /home/travis/build/icyphy/ptII/ptolemy/actor/lib/test/auto/Expression8.xml
5 ms. Memory: 252928K Free: 145210K (57%)
----------------- Invoking toplevel() on ptolemy.moml.MoMLSimpleApplication@4f53ce3b
----------------- Done invoking toplevel() on ptolemy.moml.MoMLSimpleApplication@4f53ce3b
reloadAllAccessors: .Expression8

===========================================================================================
----------------- testing Wed Aug 28 05:36:36 UTC 2019 /home/travis/build/icyphy/ptII/ptolemy/actor/lib/test/auto/Expression9.xml
----------------- Instantiating /home/travis/build/icyphy/ptII/ptolemy/actor/lib/test/auto/Expression9.xml
1 ms. Memory: 252928K Free: 141628K (56%)
----------------- Invoking toplevel() on ptolemy.moml.MoMLSimpleApplication@5a863ce
----------------- Done invoking toplevel() on ptolemy.moml.MoMLSimpleApplication@5a863ce
reloadAllAccessors: .Expression9

===========================================================================================
----------------- testing Wed Aug 28 05:36:36 UTC 2019 /home/travis/build/icyphy/ptII/ptolemy/actor/lib/test/auto/ExpressionConcatenateArrayType.xml
----------------- Instantiating /home/travis/build/icyphy/ptII/ptolemy/actor/lib/test/auto/ExpressionConcatenateArrayType.xml
3 ms. Memory: 252928K Free: 134970K (53%)
----------------- Invoking toplevel() on ptolemy.moml.MoMLSimpleApplication@21198653
----------------- Done invoking toplevel() on ptolemy.moml.MoMLSimpleApplication@21198653
reloadAllAccessors: .ExpressionConcatenateArrayType

===========================================================================================
----------------- testing Wed Aug 28 05:36:36 UTC 2019 /home/travis/build/icyphy/ptII/ptolemy/actor/lib/test/auto/ExpressionConcatenateArrayType2.xml
----------------- Instantiating /home/travis/build/icyphy/ptII/ptolemy/actor/lib/test/auto/ExpressionConcatenateArrayType2.xml
3 ms. Memory: 252928K Free: 128826K (51%)
----------------- Invoking toplevel() on ptolemy.moml.MoMLSimpleApplication@107e1558
----------------- Done invoking toplevel() on ptolemy.moml.MoMLSimpleApplication@107e1558
reloadAllAccessors: .ExpressionConcatenateArrayType2

===========================================================================================
----------------- testing Wed Aug 28 05:36:36 UTC 2019 /home/travis/build/icyphy/ptII/ptolemy/actor/lib/test/auto/ExpressionFix.xml
----------------- Instantiating /home/travis/build/icyphy/ptII/ptolemy/actor/lib/test/auto/ExpressionFix.xml
28 ms. Memory: 252928K Free: 122682K (49%)
----------------- Invoking toplevel() on ptolemy.moml.MoMLSimpleApplication@6aca309e
----------------- Done invoking toplevel() on ptolemy.moml.MoMLSimpleApplication@6aca309e
reloadAllAccessors: .ExpressionFix

===========================================================================================
----------------- testing Wed Aug 28 05:36:36 UTC 2019 /home/travis/build/icyphy/ptII/ptolemy/actor/lib/test/auto/ExpressionFix2.xml
----------------- Instantiating /home/travis/build/icyphy/ptII/ptolemy/actor/lib/test/auto/ExpressionFix2.xml
2 ms. Memory: 252928K Free: 118586K (47%)
----------------- Invoking toplevel() on ptolemy.moml.MoMLSimpleApplication@2df1ddf2
----------------- Done invoking toplevel() on ptolemy.moml.MoMLSimpleApplication@2df1ddf2
reloadAllAccessors: .ExpressionFix2

===========================================================================================
----------------- testing Wed Aug 28 05:36:36 UTC 2019 /home/travis/build/icyphy/ptII/ptolemy/actor/lib/test/auto/ExpressionFix3.xml
----------------- Instantiating /home/travis/build/icyphy/ptII/ptolemy/actor/lib/test/auto/ExpressionFix3.xml
2 ms. Memory: 252928K Free: 114490K (45%)
----------------- Invoking toplevel() on ptolemy.moml.MoMLSimpleApplication@6dd6b6e9
----------------- Done invoking toplevel() on ptolemy.moml.MoMLSimpleApplication@6dd6b6e9
reloadAllAccessors: .ExpressionFix3

===========================================================================================
----------------- testing Wed Aug 28 05:36:36 UTC 2019 /home/travis/build/icyphy/ptII/ptolemy/actor/lib/test/auto/FileWriter1.xml
----------------- Instantiating /home/travis/build/icyphy/ptII/ptolemy/actor/lib/test/auto/FileWriter1.xml
4 ms. Memory: 252928K Free: 110394K (44%)
----------------- Invoking toplevel() on ptolemy.moml.MoMLSimpleApplication@26e1c1bc
----------------- Done invoking toplevel() on ptolemy.moml.MoMLSimpleApplication@26e1c1bc
reloadAllAccessors: .FileWriter1

===========================================================================================
----------------- testing Wed Aug 28 05:36:36 UTC 2019 /home/travis/build/icyphy/ptII/ptolemy/actor/lib/test/auto/FileWriter2.xml
----------------- Instantiating /home/travis/build/icyphy/ptII/ptolemy/actor/lib/test/auto/FileWriter2.xml
6 ms. Memory: 252928K Free: 105788K (42%)
----------------- Invoking toplevel() on ptolemy.moml.MoMLSimpleApplication@292a355d
----------------- Done invoking toplevel() on ptolemy.moml.MoMLSimpleApplication@292a355d
reloadAllAccessors: .FileWriter2

===========================================================================================
----------------- testing Wed Aug 28 05:36:36 UTC 2019 /home/travis/build/icyphy/ptII/ptolemy/actor/lib/test/auto/FileWriter3.xml
----------------- Instantiating /home/travis/build/icyphy/ptII/ptolemy/actor/lib/test/auto/FileWriter3.xml
1 ms. Memory: 252928K Free: 102202K (40%)
----------------- Invoking toplevel() on ptolemy.moml.MoMLSimpleApplication@3c841ffd
----------------- Done invoking toplevel() on ptolemy.moml.MoMLSimpleApplication@3c841ffd
reloadAllAccessors: .FileWriter3

===========================================================================================
----------------- testing Wed Aug 28 05:36:36 UTC 2019 /home/travis/build/icyphy/ptII/ptolemy/actor/lib/test/auto/Gaussian.xml
----------------- Instantiating /home/travis/build/icyphy/ptII/ptolemy/actor/lib/test/auto/Gaussian.xml
3 ms. Memory: 252928K Free: 97596K (39%)
----------------- Invoking toplevel() on ptolemy.moml.MoMLSimpleApplication@1de648cd
----------------- Done invoking toplevel() on ptolemy.moml.MoMLSimpleApplication@1de648cd
reloadAllAccessors: .Gaussian

===========================================================================================
----------------- testing Wed Aug 28 05:36:36 UTC 2019 /home/travis/build/icyphy/ptII/ptolemy/actor/lib/test/auto/Gaussian1.xml
----------------- Instantiating /home/travis/build/icyphy/ptII/ptolemy/actor/lib/test/auto/Gaussian1.xml
9 ms. Memory: 252928K Free: 91948K (36%)
----------------- Invoking toplevel() on ptolemy.moml.MoMLSimpleApplication@7629a0f
----------------- Done invoking toplevel() on ptolemy.moml.MoMLSimpleApplication@7629a0f
reloadAllAccessors: .Gaussian1

===========================================================================================
----------------- testing Wed Aug 28 05:36:36 UTC 2019 /home/travis/build/icyphy/ptII/ptolemy/actor/lib/test/auto/Gaussian2.xml
----------------- Instantiating /home/travis/build/icyphy/ptII/ptolemy/actor/lib/test/auto/Gaussian2.xml
3 ms. Memory: 252928K Free: 86812K (34%)
----------------- Invoking toplevel() on ptolemy.moml.MoMLSimpleApplication@26d302cf
----------------- Done invoking toplevel() on ptolemy.moml.MoMLSimpleApplication@26d302cf
reloadAllAccessors: .Gaussian2

===========================================================================================
----------------- testing Wed Aug 28 05:36:36 UTC 2019 /home/travis/build/icyphy/ptII/ptolemy/actor/lib/test/auto/GradientAdaptiveLattice.xml
----------------- Instantiating /home/travis/build/icyphy/ptII/ptolemy/actor/lib/test/auto/GradientAdaptiveLattice.xml
3 ms. Memory: 252928K Free: 81722K (32%)
----------------- Invoking toplevel() on ptolemy.moml.MoMLSimpleApplication@2fddc33d
----------------- Done invoking toplevel() on ptolemy.moml.MoMLSimpleApplication@2fddc33d
reloadAllAccessors: .GradientAdaptiveLattice

===========================================================================================
----------------- testing Wed Aug 28 05:36:36 UTC 2019 /home/travis/build/icyphy/ptII/ptolemy/actor/lib/test/auto/IIR.xml
----------------- Instantiating /home/travis/build/icyphy/ptII/ptolemy/actor/lib/test/auto/IIR.xml
1 ms. Memory: 252928K Free: 77116K (30%)
----------------- Invoking toplevel() on ptolemy.moml.MoMLSimpleApplication@2f3e8beb
----------------- Done invoking toplevel() on ptolemy.moml.MoMLSimpleApplication@2f3e8beb
reloadAllAccessors: .IIR

===========================================================================================
----------------- testing Wed Aug 28 05:36:36 UTC 2019 /home/travis/build/icyphy/ptII/ptolemy/actor/lib/test/auto/InputOutputTransparentPorts.xml
----------------- Instantiating /home/travis/build/icyphy/ptII/ptolemy/actor/lib/test/auto/InputOutputTransparentPorts.xml
2 ms. Memory: 252928K Free: 70458K (28%)
----------------- Invoking toplevel() on ptolemy.moml.MoMLSimpleApplication@3a8fe497
----------------- Done invoking toplevel() on ptolemy.moml.MoMLSimpleApplication@3a8fe497
reloadAllAccessors: .InputOutputTransparentPorts

===========================================================================================
----------------- testing Wed Aug 28 05:36:36 UTC 2019 /home/travis/build/icyphy/ptII/ptolemy/actor/lib/test/auto/Interpolator.xml
----------------- Instantiating /home/travis/build/icyphy/ptII/ptolemy/actor/lib/test/auto/Interpolator.xml
4 ms. Memory: 252928K Free: 65850K (26%)
----------------- Invoking toplevel() on ptolemy.moml.MoMLSimpleApplication@58d9fc35
----------------- Done invoking toplevel() on ptolemy.moml.MoMLSimpleApplication@58d9fc35
reloadAllAccessors: .Interpolator

===========================================================================================
----------------- testing Wed Aug 28 05:36:36 UTC 2019 /home/travis/build/icyphy/ptII/ptolemy/actor/lib/test/auto/InterpolatorFiringLimitDE.xml
----------------- Instantiating /home/travis/build/icyphy/ptII/ptolemy/actor/lib/test/auto/InterpolatorFiringLimitDE.xml
2 ms. Memory: 252928K Free: 59194K (23%)
----------------- Invoking toplevel() on ptolemy.moml.MoMLSimpleApplication@dbda4e4
----------------- Done invoking toplevel() on ptolemy.moml.MoMLSimpleApplication@dbda4e4
reloadAllAccessors: .InterpolatorFiringLimitDE

===========================================================================================
----------------- testing Wed Aug 28 05:36:36 UTC 2019 /home/travis/build/icyphy/ptII/ptolemy/actor/lib/test/auto/Lattice.xml
----------------- Instantiating /home/travis/build/icyphy/ptII/ptolemy/actor/lib/test/auto/Lattice.xml
1 ms. Memory: 252928K Free: 55612K (22%)
----------------- Invoking toplevel() on ptolemy.moml.MoMLSimpleApplication@7cd2f504
----------------- Done invoking toplevel() on ptolemy.moml.MoMLSimpleApplication@7cd2f504
reloadAllAccessors: .Lattice

===========================================================================================
----------------- testing Wed Aug 28 05:36:36 UTC 2019 /home/travis/build/icyphy/ptII/ptolemy/actor/lib/test/auto/LazyAOCTestLazy.xml
----------------- Instantiating /home/travis/build/icyphy/ptII/ptolemy/actor/lib/test/auto/LazyAOCTestLazy.xml
16 ms. Memory: 252928K Free: 199027K (79%)
----------------- Invoking toplevel() on ptolemy.moml.MoMLSimpleApplication@6d83e8ef
----------------- Done invoking toplevel() on ptolemy.moml.MoMLSimpleApplication@6d83e8ef
reloadAllAccessors: .LazyAOCTestLazy

===========================================================================================
----------------- testing Wed Aug 28 05:36:37 UTC 2019 /home/travis/build/icyphy/ptII/ptolemy/actor/lib/test/auto/LazyAOCTestNonLazy.xml
----------------- Instantiating /home/travis/build/icyphy/ptII/ptolemy/actor/lib/test/auto/LazyAOCTestNonLazy.xml
2 ms. Memory: 252928K Free: 192369K (76%)
----------------- Invoking toplevel() on ptolemy.moml.MoMLSimpleApplication@15734ccd
----------------- Done invoking toplevel() on ptolemy.moml.MoMLSimpleApplication@15734ccd
reloadAllAccessors: .LazyAOCTestNonLazy

===========================================================================================
----------------- testing Wed Aug 28 05:36:37 UTC 2019 /home/travis/build/icyphy/ptII/ptolemy/actor/lib/test/auto/LazyInnerClass.xml
----------------- Instantiating /home/travis/build/icyphy/ptII/ptolemy/actor/lib/test/auto/LazyInnerClass.xml
21 ms. Memory: 252928K Free: 184163K (73%)
----------------- Invoking toplevel() on ptolemy.moml.MoMLSimpleApplication@6e897403
----------------- Done invoking toplevel() on ptolemy.moml.MoMLSimpleApplication@6e897403
reloadAllAccessors: .LazyInnerClass

===========================================================================================
----------------- testing Wed Aug 28 05:36:37 UTC 2019 /home/travis/build/icyphy/ptII/ptolemy/actor/lib/test/auto/LazyPubSub.xml
----------------- Instantiating /home/travis/build/icyphy/ptII/ptolemy/actor/lib/test/auto/LazyPubSub.xml
18 ms. Memory: 252928K Free: 173937K (69%)
----------------- Invoking toplevel() on ptolemy.moml.MoMLSimpleApplication@542f3a01
----------------- Done invoking toplevel() on ptolemy.moml.MoMLSimpleApplication@542f3a01
reloadAllAccessors: .LazyPubSub

===========================================================================================
----------------- testing Wed Aug 28 05:36:37 UTC 2019 /home/travis/build/icyphy/ptII/ptolemy/actor/lib/test/auto/LazyPubSub2.xml
----------------- Instantiating /home/travis/build/icyphy/ptII/ptolemy/actor/lib/test/auto/LazyPubSub2.xml
11 ms. Memory: 252928K Free: 163697K (65%)
----------------- Invoking toplevel() on ptolemy.moml.MoMLSimpleApplication@13afe3a7
----------------- Done invoking toplevel() on ptolemy.moml.MoMLSimpleApplication@13afe3a7
reloadAllAccessors: .LazyPubSub2

===========================================================================================
----------------- testing Wed Aug 28 05:36:37 UTC 2019 /home/travis/build/icyphy/ptII/ptolemy/actor/lib/test/auto/LazyPubSub3.xml
----------------- Instantiating /home/travis/build/icyphy/ptII/ptolemy/actor/lib/test/auto/LazyPubSub3.xml
16 ms. Memory: 252928K Free: 153971K (61%)
----------------- Invoking toplevel() on ptolemy.moml.MoMLSimpleApplication@51d291fa
----------------- Done invoking toplevel() on ptolemy.moml.MoMLSimpleApplication@51d291fa
reloadAllAccessors: .LazyPubSub3

===========================================================================================
----------------- testing Wed Aug 28 05:36:37 UTC 2019 /home/travis/build/icyphy/ptII/ptolemy/actor/lib/test/auto/LazySubClassModel.xml
----------------- Instantiating /home/travis/build/icyphy/ptII/ptolemy/actor/lib/test/auto/LazySubClassModel.xml
2 ms. Memory: 252928K Free: 144755K (57%)
----------------- Invoking toplevel() on ptolemy.moml.MoMLSimpleApplication@4ddb38f6
----------------- Done invoking toplevel() on ptolemy.moml.MoMLSimpleApplication@4ddb38f6
reloadAllAccessors: .LazySubClassModel

===========================================================================================
----------------- testing Wed Aug 28 05:36:37 UTC 2019 /home/travis/build/icyphy/ptII/ptolemy/actor/lib/test/auto/LevelCrossTest1.xml
----------------- Instantiating /home/travis/build/icyphy/ptII/ptolemy/actor/lib/test/auto/LevelCrossTest1.xml
1 ms. Memory: 252928K Free: 139121K (55%)
----------------- Invoking toplevel() on ptolemy.moml.MoMLSimpleApplication@5986073c
----------------- Done invoking toplevel() on ptolemy.moml.MoMLSimpleApplication@5986073c
reloadAllAccessors: .broken

===========================================================================================
----------------- testing Wed Aug 28 05:36:37 UTC 2019 /home/travis/build/icyphy/ptII/ptolemy/actor/lib/test/auto/LevelCrossTest10.xml
----------------- Instantiating /home/travis/build/icyphy/ptII/ptolemy/actor/lib/test/auto/LevelCrossTest10.xml
1 ms. Memory: 252928K Free: 131953K (52%)
----------------- Invoking toplevel() on ptolemy.moml.MoMLSimpleApplication@3d94ebd4
----------------- Done invoking toplevel() on ptolemy.moml.MoMLSimpleApplication@3d94ebd4
reloadAllAccessors: .LevelCrossTest10

===========================================================================================
----------------- testing Wed Aug 28 05:36:37 UTC 2019 /home/travis/build/icyphy/ptII/ptolemy/actor/lib/test/auto/LevelCrossTest11.xml
----------------- Instantiating /home/travis/build/icyphy/ptII/ptolemy/actor/lib/test/auto/LevelCrossTest11.xml
1 ms. Memory: 252928K Free: 125299K (50%)
----------------- Invoking toplevel() on ptolemy.moml.MoMLSimpleApplication@53694921
----------------- Done invoking toplevel() on ptolemy.moml.MoMLSimpleApplication@53694921
reloadAllAccessors: .LevelCrossTest11

===========================================================================================
----------------- testing Wed Aug 28 05:36:37 UTC 2019 /home/travis/build/icyphy/ptII/ptolemy/actor/lib/test/auto/LevelCrossTest12.xml
----------------- Instantiating /home/travis/build/icyphy/ptII/ptolemy/actor/lib/test/auto/LevelCrossTest12.xml
1 ms. Memory: 252928K Free: 117617K (47%)
----------------- Invoking toplevel() on ptolemy.moml.MoMLSimpleApplication@125b09ff
----------------- Done invoking toplevel() on ptolemy.moml.MoMLSimpleApplication@125b09ff
reloadAllAccessors: .LevelCrossTest12

===========================================================================================
----------------- testing Wed Aug 28 05:36:37 UTC 2019 /home/travis/build/icyphy/ptII/ptolemy/actor/lib/test/auto/LevelCrossTest13.xml
----------------- Instantiating /home/travis/build/icyphy/ptII/ptolemy/actor/lib/test/auto/LevelCrossTest13.xml
2 ms. Memory: 252928K Free: 108915K (43%)
----------------- Invoking toplevel() on ptolemy.moml.MoMLSimpleApplication@5fb58e79
----------------- Done invoking toplevel() on ptolemy.moml.MoMLSimpleApplication@5fb58e79
reloadAllAccessors: .LevelCrossTest13

===========================================================================================
----------------- testing Wed Aug 28 05:36:37 UTC 2019 /home/travis/build/icyphy/ptII/ptolemy/actor/lib/test/auto/LevelCrossTest2.xml
----------------- Instantiating /home/travis/build/icyphy/ptII/ptolemy/actor/lib/test/auto/LevelCrossTest2.xml
1 ms. Memory: 252928K Free: 103795K (41%)
----------------- Invoking toplevel() on ptolemy.moml.MoMLSimpleApplication@6209de1c
----------------- Done invoking toplevel() on ptolemy.moml.MoMLSimpleApplication@6209de1c
reloadAllAccessors: .broken

===========================================================================================
----------------- testing Wed Aug 28 05:36:37 UTC 2019 /home/travis/build/icyphy/ptII/ptolemy/actor/lib/test/auto/LevelCrossTest3.xml
----------------- Instantiating /home/travis/build/icyphy/ptII/ptolemy/actor/lib/test/auto/LevelCrossTest3.xml
1 ms. Memory: 252928K Free: 97137K (38%)
----------------- Invoking toplevel() on ptolemy.moml.MoMLSimpleApplication@1c974f34
----------------- Done invoking toplevel() on ptolemy.moml.MoMLSimpleApplication@1c974f34
reloadAllAccessors: .LevelCrossTest3

===========================================================================================
----------------- testing Wed Aug 28 05:36:37 UTC 2019 /home/travis/build/icyphy/ptII/ptolemy/actor/lib/test/auto/LevelCrossTest4.xml
----------------- Instantiating /home/travis/build/icyphy/ptII/ptolemy/actor/lib/test/auto/LevelCrossTest4.xml
2 ms. Memory: 252928K Free: 91507K (36%)
----------------- Invoking toplevel() on ptolemy.moml.MoMLSimpleApplication@78309a79
----------------- Done invoking toplevel() on ptolemy.moml.MoMLSimpleApplication@78309a79
reloadAllAccessors: .broken

===========================================================================================
----------------- testing Wed Aug 28 05:36:37 UTC 2019 /home/travis/build/icyphy/ptII/ptolemy/actor/lib/test/auto/LevelCrossTest5.xml
----------------- Instantiating /home/travis/build/icyphy/ptII/ptolemy/actor/lib/test/auto/LevelCrossTest5.xml
4 ms. Memory: 252928K Free: 85363K (34%)
----------------- Invoking toplevel() on ptolemy.moml.MoMLSimpleApplication@6436dd5c
----------------- Done invoking toplevel() on ptolemy.moml.MoMLSimpleApplication@6436dd5c
reloadAllAccessors: .LevelCrossTest5

===========================================================================================
----------------- testing Wed Aug 28 05:36:37 UTC 2019 /home/travis/build/icyphy/ptII/ptolemy/actor/lib/test/auto/LevelCrossTest6.xml
----------------- Instantiating /home/travis/build/icyphy/ptII/ptolemy/actor/lib/test/auto/LevelCrossTest6.xml
1 ms. Memory: 252928K Free: 78705K (31%)
----------------- Invoking toplevel() on ptolemy.moml.MoMLSimpleApplication@57e6c658
----------------- Done invoking toplevel() on ptolemy.moml.MoMLSimpleApplication@57e6c658
reloadAllAccessors: .LevelCrossTest6

===========================================================================================
----------------- testing Wed Aug 28 05:36:37 UTC 2019 /home/travis/build/icyphy/ptII/ptolemy/actor/lib/test/auto/LevelCrossTest7.xml
----------------- Instantiating /home/travis/build/icyphy/ptII/ptolemy/actor/lib/test/auto/LevelCrossTest7.xml
2 ms. Memory: 252928K Free: 71537K (28%)
----------------- Invoking toplevel() on ptolemy.moml.MoMLSimpleApplication@cdbb18a
----------------- Done invoking toplevel() on ptolemy.moml.MoMLSimpleApplication@cdbb18a
reloadAllAccessors: .LevelCrossTest7

===========================================================================================
----------------- testing Wed Aug 28 05:36:37 UTC 2019 /home/travis/build/icyphy/ptII/ptolemy/actor/lib/test/auto/LevelCrossTest8.xml
----------------- Instantiating /home/travis/build/icyphy/ptII/ptolemy/actor/lib/test/auto/LevelCrossTest8.xml
1 ms. Memory: 252928K Free: 64369K (25%)
----------------- Invoking toplevel() on ptolemy.moml.MoMLSimpleApplication@42596a87
----------------- Done invoking toplevel() on ptolemy.moml.MoMLSimpleApplication@42596a87
reloadAllAccessors: .LevelCrossTest8

===========================================================================================
----------------- testing Wed Aug 28 05:36:37 UTC 2019 /home/travis/build/icyphy/ptII/ptolemy/actor/lib/test/auto/LevelCrossTest9.xml
----------------- Instantiating /home/travis/build/icyphy/ptII/ptolemy/actor/lib/test/auto/LevelCrossTest9.xml
3 ms. Memory: 252928K Free: 58225K (23%)
----------------- Invoking toplevel() on ptolemy.moml.MoMLSimpleApplication@24ed04ba
----------------- Done invoking toplevel() on ptolemy.moml.MoMLSimpleApplication@24ed04ba
reloadAllAccessors: .LevelCrossTest9

===========================================================================================
----------------- testing Wed Aug 28 05:36:37 UTC 2019 /home/travis/build/icyphy/ptII/ptolemy/actor/lib/test/auto/LevinsonDurbin.xml
----------------- Instantiating /home/travis/build/icyphy/ptII/ptolemy/actor/lib/test/auto/LevinsonDurbin.xml
2 ms. Memory: 252928K Free: 203519K (80%)
----------------- Invoking toplevel() on ptolemy.moml.MoMLSimpleApplication@3eb687d6
----------------- Done invoking toplevel() on ptolemy.moml.MoMLSimpleApplication@3eb687d6
reloadAllAccessors: .LevinsonDurbin

===========================================================================================
----------------- testing Wed Aug 28 05:36:37 UTC 2019 /home/travis/build/icyphy/ptII/ptolemy/actor/lib/test/auto/LevinsonDurbin2.xml
----------------- Instantiating /home/travis/build/icyphy/ptII/ptolemy/actor/lib/test/auto/LevinsonDurbin2.xml
7 ms. Memory: 252928K Free: 199435K (79%)
----------------- Invoking toplevel() on ptolemy.moml.MoMLSimpleApplication@103be389
----------------- Done invoking toplevel() on ptolemy.moml.MoMLSimpleApplication@103be389
reloadAllAccessors: .LevinsonDurbin2

===========================================================================================
----------------- testing Wed Aug 28 05:36:37 UTC 2019 /home/travis/build/icyphy/ptII/ptolemy/actor/lib/test/auto/LevinsonDurbin3.xml
----------------- Instantiating /home/travis/build/icyphy/ptII/ptolemy/actor/lib/test/auto/LevinsonDurbin3.xml
1 ms. Memory: 252928K Free: 195342K (77%)
----------------- Invoking toplevel() on ptolemy.moml.MoMLSimpleApplication@f729802
----------------- Done invoking toplevel() on ptolemy.moml.MoMLSimpleApplication@f729802
reloadAllAccessors: .LevinsonDurbin3

===========================================================================================
----------------- testing Wed Aug 28 05:36:37 UTC 2019 /home/travis/build/icyphy/ptII/ptolemy/actor/lib/test/auto/Limiter.xml
----------------- Instantiating /home/travis/build/icyphy/ptII/ptolemy/actor/lib/test/auto/Limiter.xml
7 ms. Memory: 252928K Free: 186111K (74%)
----------------- Invoking toplevel() on ptolemy.moml.MoMLSimpleApplication@442415fc
----------------- Done invoking toplevel() on ptolemy.moml.MoMLSimpleApplication@442415fc
reloadAllAccessors: .Limiter

===========================================================================================
----------------- testing Wed Aug 28 05:36:37 UTC 2019 /home/travis/build/icyphy/ptII/ptolemy/actor/lib/test/auto/LinearDifferenceEquationSystem.xml
----------------- Instantiating /home/travis/build/icyphy/ptII/ptolemy/actor/lib/test/auto/LinearDifferenceEquationSystem.xml
5 ms. Memory: 252928K Free: 179472K (71%)
----------------- Invoking toplevel() on ptolemy.moml.MoMLSimpleApplication@2e6a82b8
----------------- Done invoking toplevel() on ptolemy.moml.MoMLSimpleApplication@2e6a82b8
reloadAllAccessors: .LinearDifferenceEquationSystem

===========================================================================================
----------------- testing Wed Aug 28 05:36:37 UTC 2019 /home/travis/build/icyphy/ptII/ptolemy/actor/lib/test/auto/LookupTable.xml
----------------- Instantiating /home/travis/build/icyphy/ptII/ptolemy/actor/lib/test/auto/LookupTable.xml
1 ms. Memory: 252928K Free: 174862K (69%)
----------------- Invoking toplevel() on ptolemy.moml.MoMLSimpleApplication@4fe839f4
----------------- Done invoking toplevel() on ptolemy.moml.MoMLSimpleApplication@4fe839f4
reloadAllAccessors: .LookupTable

===========================================================================================
----------------- testing Wed Aug 28 05:36:37 UTC 2019 /home/travis/build/icyphy/ptII/ptolemy/actor/lib/test/auto/MathFunction.xml
----------------- Instantiating /home/travis/build/icyphy/ptII/ptolemy/actor/lib/test/auto/MathFunction.xml
2 ms. Memory: 252928K Free: 166670K (66%)
----------------- Invoking toplevel() on ptolemy.moml.MoMLSimpleApplication@5a5a91a8
----------------- Done invoking toplevel() on ptolemy.moml.MoMLSimpleApplication@5a5a91a8
reloadAllAccessors: .MathFunction

===========================================================================================
----------------- testing Wed Aug 28 05:36:37 UTC 2019 /home/travis/build/icyphy/ptII/ptolemy/actor/lib/test/auto/MathFunction2.xml
----------------- Instantiating /home/travis/build/icyphy/ptII/ptolemy/actor/lib/test/auto/MathFunction2.xml
4 ms. Memory: 252928K Free: 162574K (64%)
----------------- Invoking toplevel() on ptolemy.moml.MoMLSimpleApplication@5433130c
----------------- Done invoking toplevel() on ptolemy.moml.MoMLSimpleApplication@5433130c
reloadAllAccessors: .MathFunction2

===========================================================================================
----------------- testing Wed Aug 28 05:36:37 UTC 2019 /home/travis/build/icyphy/ptII/ptolemy/actor/lib/test/auto/MathFunction3.xml
----------------- Instantiating /home/travis/build/icyphy/ptII/ptolemy/actor/lib/test/auto/MathFunction3.xml
2 ms. Memory: 252928K Free: 155920K (62%)
----------------- Invoking toplevel() on ptolemy.moml.MoMLSimpleApplication@26e0eb2a
----------------- Done invoking toplevel() on ptolemy.moml.MoMLSimpleApplication@26e0eb2a
reloadAllAccessors: .MathFunction3

===========================================================================================
----------------- testing Wed Aug 28 05:36:37 UTC 2019 /home/travis/build/icyphy/ptII/ptolemy/actor/lib/test/auto/MatrixCropBoolean.xml
----------------- Instantiating /home/travis/build/icyphy/ptII/ptolemy/actor/lib/test/auto/MatrixCropBoolean.xml
2 ms. Memory: 252928K Free: 150800K (60%)
----------------- Invoking toplevel() on ptolemy.moml.MoMLSimpleApplication@3ecf648a
----------------- Done invoking toplevel() on ptolemy.moml.MoMLSimpleApplication@3ecf648a
reloadAllAccessors: .MatrixCropBoolean

===========================================================================================
----------------- testing Wed Aug 28 05:36:37 UTC 2019 /home/travis/build/icyphy/ptII/ptolemy/actor/lib/test/auto/MatrixCropComplex.xml
----------------- Instantiating /home/travis/build/icyphy/ptII/ptolemy/actor/lib/test/auto/MatrixCropComplex.xml
2 ms. Memory: 252928K Free: 145680K (58%)
----------------- Invoking toplevel() on ptolemy.moml.MoMLSimpleApplication@4afbfa57
----------------- Done invoking toplevel() on ptolemy.moml.MoMLSimpleApplication@4afbfa57
reloadAllAccessors: .MatrixCropComplex

===========================================================================================
----------------- testing Wed Aug 28 05:36:37 UTC 2019 /home/travis/build/icyphy/ptII/ptolemy/actor/lib/test/auto/MatrixCropDouble.xml
----------------- Instantiating /home/travis/build/icyphy/ptII/ptolemy/actor/lib/test/auto/MatrixCropDouble.xml
2 ms. Memory: 252928K Free: 140560K (56%)
----------------- Invoking toplevel() on ptolemy.moml.MoMLSimpleApplication@457d7bb4
----------------- Done invoking toplevel() on ptolemy.moml.MoMLSimpleApplication@457d7bb4
reloadAllAccessors: .MatrixCropDouble

===========================================================================================
----------------- testing Wed Aug 28 05:36:37 UTC 2019 /home/travis/build/icyphy/ptII/ptolemy/actor/lib/test/auto/MatrixCropFix.xml
----------------- Instantiating /home/travis/build/icyphy/ptII/ptolemy/actor/lib/test/auto/MatrixCropFix.xml
2 ms. Memory: 252928K Free: 135935K (54%)
----------------- Invoking toplevel() on ptolemy.moml.MoMLSimpleApplication@7a820f79
----------------- Done invoking toplevel() on ptolemy.moml.MoMLSimpleApplication@7a820f79
reloadAllAccessors: .MatrixCropFix

===========================================================================================
----------------- testing Wed Aug 28 05:36:37 UTC 2019 /home/travis/build/icyphy/ptII/ptolemy/actor/lib/test/auto/MatrixCropInt.xml
----------------- Instantiating /home/travis/build/icyphy/ptII/ptolemy/actor/lib/test/auto/MatrixCropInt.xml
2 ms. Memory: 252928K Free: 130799K (52%)
----------------- Invoking toplevel() on ptolemy.moml.MoMLSimpleApplication@5d306146
----------------- Done invoking toplevel() on ptolemy.moml.MoMLSimpleApplication@5d306146
reloadAllAccessors: .MatrixCropInt

===========================================================================================
----------------- testing Wed Aug 28 05:36:37 UTC 2019 /home/travis/build/icyphy/ptII/ptolemy/actor/lib/test/auto/MatrixCropLong.xml
----------------- Instantiating /home/travis/build/icyphy/ptII/ptolemy/actor/lib/test/auto/MatrixCropLong.xml
1 ms. Memory: 252928K Free: 125679K (50%)
----------------- Invoking toplevel() on ptolemy.moml.MoMLSimpleApplication@76b90c4b
----------------- Done invoking toplevel() on ptolemy.moml.MoMLSimpleApplication@76b90c4b
reloadAllAccessors: .MatrixCropLong

===========================================================================================
----------------- testing Wed Aug 28 05:36:37 UTC 2019 /home/travis/build/icyphy/ptII/ptolemy/actor/lib/test/auto/MatrixToArray.xml
----------------- Instantiating /home/travis/build/icyphy/ptII/ptolemy/actor/lib/test/auto/MatrixToArray.xml
6 ms. Memory: 252928K Free: 110864K (44%)
----------------- Invoking toplevel() on ptolemy.moml.MoMLSimpleApplication@4c9bd381
----------------- Done invoking toplevel() on ptolemy.moml.MoMLSimpleApplication@4c9bd381
reloadAllAccessors: .MatrixToArray

===========================================================================================
----------------- testing Wed Aug 28 05:36:37 UTC 2019 /home/travis/build/icyphy/ptII/ptolemy/actor/lib/test/auto/MaxIndex.xml
----------------- Instantiating /home/travis/build/icyphy/ptII/ptolemy/actor/lib/test/auto/MaxIndex.xml
2 ms. Memory: 252928K Free: 105744K (42%)
----------------- Invoking toplevel() on ptolemy.moml.MoMLSimpleApplication@69e4e672
----------------- Done invoking toplevel() on ptolemy.moml.MoMLSimpleApplication@69e4e672
reloadAllAccessors: .MaxIndex

===========================================================================================
----------------- testing Wed Aug 28 05:36:37 UTC 2019 /home/travis/build/icyphy/ptII/ptolemy/actor/lib/test/auto/Maximum.xml
----------------- Instantiating /home/travis/build/icyphy/ptII/ptolemy/actor/lib/test/auto/Maximum.xml
5 ms. Memory: 252928K Free: 99600K (39%)
----------------- Invoking toplevel() on ptolemy.moml.MoMLSimpleApplication@da3fee8
----------------- Done invoking toplevel() on ptolemy.moml.MoMLSimpleApplication@da3fee8
reloadAllAccessors: .Maximum

===========================================================================================
----------------- testing Wed Aug 28 05:36:37 UTC 2019 /home/travis/build/icyphy/ptII/ptolemy/actor/lib/test/auto/MaximumComplex.xml
----------------- Instantiating /home/travis/build/icyphy/ptII/ptolemy/actor/lib/test/auto/MaximumComplex.xml
5 ms. Memory: 252928K Free: 93456K (37%)
----------------- Invoking toplevel() on ptolemy.moml.MoMLSimpleApplication@1e3404f5
----------------- Done invoking toplevel() on ptolemy.moml.MoMLSimpleApplication@1e3404f5
reloadAllAccessors: .MaximumComplex

===========================================================================================
----------------- testing Wed Aug 28 05:36:38 UTC 2019 /home/travis/build/icyphy/ptII/ptolemy/actor/lib/test/auto/MethodCallTest.xml
----------------- Instantiating /home/travis/build/icyphy/ptII/ptolemy/actor/lib/test/auto/MethodCallTest.xml
3 ms. Memory: 252928K Free: 86798K (34%)
----------------- Invoking toplevel() on ptolemy.moml.MoMLSimpleApplication@313aa2e5
----------------- Done invoking toplevel() on ptolemy.moml.MoMLSimpleApplication@313aa2e5
reloadAllAccessors: .MethodCallTest

===========================================================================================
----------------- testing Wed Aug 28 05:36:38 UTC 2019 /home/travis/build/icyphy/ptII/ptolemy/actor/lib/test/auto/Minimum.xml
----------------- Instantiating /home/travis/build/icyphy/ptII/ptolemy/actor/lib/test/auto/Minimum.xml
3 ms. Memory: 252928K Free: 80144K (32%)
----------------- Invoking toplevel() on ptolemy.moml.MoMLSimpleApplication@16c8ee2c
----------------- Done invoking toplevel() on ptolemy.moml.MoMLSimpleApplication@16c8ee2c
reloadAllAccessors: .Minimum

===========================================================================================
----------------- testing Wed Aug 28 05:36:38 UTC 2019 /home/travis/build/icyphy/ptII/ptolemy/actor/lib/test/auto/MinimumComplex.xml
----------------- Instantiating /home/travis/build/icyphy/ptII/ptolemy/actor/lib/test/auto/MinimumComplex.xml
3 ms. Memory: 252928K Free: 74000K (29%)
----------------- Invoking toplevel() on ptolemy.moml.MoMLSimpleApplication@69f8845c
----------------- Done invoking toplevel() on ptolemy.moml.MoMLSimpleApplication@69f8845c
reloadAllAccessors: .MinimumComplex

===========================================================================================
----------------- testing Wed Aug 28 05:36:38 UTC 2019 /home/travis/build/icyphy/ptII/ptolemy/actor/lib/test/auto/MinimumMultiports.xml
----------------- Instantiating /home/travis/build/icyphy/ptII/ptolemy/actor/lib/test/auto/MinimumMultiports.xml
3 ms. Memory: 252928K Free: 65808K (26%)
----------------- Invoking toplevel() on ptolemy.moml.MoMLSimpleApplication@385e3704
----------------- Done invoking toplevel() on ptolemy.moml.MoMLSimpleApplication@385e3704
reloadAllAccessors: .MinimumMultiports

===========================================================================================
----------------- testing Wed Aug 28 05:36:38 UTC 2019 /home/travis/build/icyphy/ptII/ptolemy/actor/lib/test/auto/ModifyDate.xml
----------------- Instantiating /home/travis/build/icyphy/ptII/ptolemy/actor/lib/test/auto/ModifyDate.xml
7 ms. Memory: 252928K Free: 201745K (80%)
----------------- Invoking toplevel() on ptolemy.moml.MoMLSimpleApplication@375aa87a
----------------- Done invoking toplevel() on ptolemy.moml.MoMLSimpleApplication@375aa87a
reloadAllAccessors: .ModifyDate

===========================================================================================
----------------- testing Wed Aug 28 05:36:38 UTC 2019 /home/travis/build/icyphy/ptII/ptolemy/actor/lib/test/auto/ModifyDate2.xml
----------------- Instantiating /home/travis/build/icyphy/ptII/ptolemy/actor/lib/test/auto/ModifyDate2.xml
5 ms. Memory: 252928K Free: 193043K (76%)
----------------- Invoking toplevel() on ptolemy.moml.MoMLSimpleApplication@74600c37
----------------- Done invoking toplevel() on ptolemy.moml.MoMLSimpleApplication@74600c37
reloadAllAccessors: .ModifyDate2

===========================================================================================
----------------- testing Wed Aug 28 05:36:38 UTC 2019 /home/travis/build/icyphy/ptII/ptolemy/actor/lib/test/auto/MovingAverage.xml
----------------- Instantiating /home/travis/build/icyphy/ptII/ptolemy/actor/lib/test/auto/MovingAverage.xml
2 ms. Memory: 252928K Free: 187923K (74%)
----------------- Invoking toplevel() on ptolemy.moml.MoMLSimpleApplication@5ba71152
----------------- Done invoking toplevel() on ptolemy.moml.MoMLSimpleApplication@5ba71152
reloadAllAccessors: .MovingAverage

===========================================================================================
----------------- testing Wed Aug 28 05:36:38 UTC 2019 /home/travis/build/icyphy/ptII/ptolemy/actor/lib/test/auto/MovingMaximum.xml
----------------- Instantiating /home/travis/build/icyphy/ptII/ptolemy/actor/lib/test/auto/MovingMaximum.xml
2 ms. Memory: 252928K Free: 183313K (72%)
----------------- Invoking toplevel() on ptolemy.moml.MoMLSimpleApplication@670bdbe
----------------- Done invoking toplevel() on ptolemy.moml.MoMLSimpleApplication@670bdbe
reloadAllAccessors: .MovingMaximum

===========================================================================================
----------------- testing Wed Aug 28 05:36:38 UTC 2019 /home/travis/build/icyphy/ptII/ptolemy/actor/lib/test/auto/MultipleLinksToSameRelation.xml
----------------- Instantiating /home/travis/build/icyphy/ptII/ptolemy/actor/lib/test/auto/MultipleLinksToSameRelation.xml
9 ms. Memory: 252928K Free: 179217K (71%)
----------------- Invoking toplevel() on ptolemy.moml.MoMLSimpleApplication@2b1fb561
----------------- Done invoking toplevel() on ptolemy.moml.MoMLSimpleApplication@2b1fb561
reloadAllAccessors: .MultipleLinksToSameRelation

===========================================================================================
----------------- testing Wed Aug 28 05:36:38 UTC 2019 /home/travis/build/icyphy/ptII/ptolemy/actor/lib/test/auto/MultipleLinksToSameRelationDE.xml
----------------- Instantiating /home/travis/build/icyphy/ptII/ptolemy/actor/lib/test/auto/MultipleLinksToSameRelationDE.xml
2 ms. Memory: 252928K Free: 175107K (69%)
----------------- Invoking toplevel() on ptolemy.moml.MoMLSimpleApplication@546fa0c8
----------------- Done invoking toplevel() on ptolemy.moml.MoMLSimpleApplication@546fa0c8
reloadAllAccessors: .MultipleLinksToSameRelationDE

===========================================================================================
----------------- testing Wed Aug 28 05:36:38 UTC 2019 /home/travis/build/icyphy/ptII/ptolemy/actor/lib/test/auto/Multiplexor.xml
----------------- Instantiating /home/travis/build/icyphy/ptII/ptolemy/actor/lib/test/auto/Multiplexor.xml
2 ms. Memory: 252928K Free: 169491K (67%)
----------------- Invoking toplevel() on ptolemy.moml.MoMLSimpleApplication@5a575fe
----------------- Done invoking toplevel() on ptolemy.moml.MoMLSimpleApplication@5a575fe
reloadAllAccessors: .Multiplexor

===========================================================================================
----------------- testing Wed Aug 28 05:36:38 UTC 2019 /home/travis/build/icyphy/ptII/ptolemy/actor/lib/test/auto/Multiplexor1.xml
----------------- Instantiating /home/travis/build/icyphy/ptII/ptolemy/actor/lib/test/auto/Multiplexor1.xml
2 ms. Memory: 252928K Free: 163827K (65%)
----------------- Invoking toplevel() on ptolemy.moml.MoMLSimpleApplication@26cda173
----------------- Done invoking toplevel() on ptolemy.moml.MoMLSimpleApplication@26cda173
reloadAllAccessors: .Multiplexor1

===========================================================================================
----------------- testing Wed Aug 28 05:36:38 UTC 2019 /home/travis/build/icyphy/ptII/ptolemy/actor/lib/test/auto/Multiplexor2.xml
----------------- Instantiating /home/travis/build/icyphy/ptII/ptolemy/actor/lib/test/auto/Multiplexor2.xml
6 ms. Memory: 252928K Free: 157201K (62%)
----------------- Invoking toplevel() on ptolemy.moml.MoMLSimpleApplication@43807762
----------------- Done invoking toplevel() on ptolemy.moml.MoMLSimpleApplication@43807762
reloadAllAccessors: .Multiplexor2

===========================================================================================
----------------- testing Wed Aug 28 05:36:38 UTC 2019 /home/travis/build/icyphy/ptII/ptolemy/actor/lib/test/auto/Multiplexor3.xml
----------------- Instantiating /home/travis/build/icyphy/ptII/ptolemy/actor/lib/test/auto/Multiplexor3.xml
2 ms. Memory: 252928K Free: 153107K (61%)
----------------- Invoking toplevel() on ptolemy.moml.MoMLSimpleApplication@3ad5c4df
----------------- Done invoking toplevel() on ptolemy.moml.MoMLSimpleApplication@3ad5c4df
reloadAllAccessors: .Multiplexor3

===========================================================================================
----------------- testing Wed Aug 28 05:36:38 UTC 2019 /home/travis/build/icyphy/ptII/ptolemy/actor/lib/test/auto/MultiplexorDE.xml
----------------- Instantiating /home/travis/build/icyphy/ptII/ptolemy/actor/lib/test/auto/MultiplexorDE.xml
3 ms. Memory: 252928K Free: 145419K (57%)
----------------- Invoking toplevel() on ptolemy.moml.MoMLSimpleApplication@113a5c13
----------------- Done invoking toplevel() on ptolemy.moml.MoMLSimpleApplication@113a5c13
reloadAllAccessors: .MultiplexorDE

===========================================================================================
----------------- testing Wed Aug 28 05:36:38 UTC 2019 /home/travis/build/icyphy/ptII/ptolemy/actor/lib/test/auto/MultiportBroadcastTest.xml
----------------- Instantiating /home/travis/build/icyphy/ptII/ptolemy/actor/lib/test/auto/MultiportBroadcastTest.xml
87 ms. Memory: 252928K Free: 139795K (55%)
----------------- Invoking toplevel() on ptolemy.moml.MoMLSimpleApplication@3ccaeebc
----------------- Done invoking toplevel() on ptolemy.moml.MoMLSimpleApplication@3ccaeebc
reloadAllAccessors: .MultiportBroadcastTest

===========================================================================================
----------------- testing Wed Aug 28 05:36:38 UTC 2019 /home/travis/build/icyphy/ptII/ptolemy/actor/lib/test/auto/MultiportOutHangDuringGetWidth.xml
----------------- Instantiating /home/travis/build/icyphy/ptII/ptolemy/actor/lib/test/auto/MultiportOutHangDuringGetWidth.xml
5 ms. Memory: 252928K Free: 127507K (50%)
----------------- Invoking toplevel() on ptolemy.moml.MoMLSimpleApplication@6509fa0e
----------------- Done invoking toplevel() on ptolemy.moml.MoMLSimpleApplication@6509fa0e
reloadAllAccessors: .MultiportOutHangDuringGetWidth

===========================================================================================
----------------- testing Wed Aug 28 05:36:38 UTC 2019 /home/travis/build/icyphy/ptII/ptolemy/actor/lib/test/auto/NilToken.xml
----------------- Instantiating /home/travis/build/icyphy/ptII/ptolemy/actor/lib/test/auto/NilToken.xml
1 ms. Memory: 252928K Free: 123411K (49%)
----------------- Invoking toplevel() on ptolemy.moml.MoMLSimpleApplication@608ca623
----------------- Done invoking toplevel() on ptolemy.moml.MoMLSimpleApplication@608ca623
reloadAllAccessors: .NilToken

===========================================================================================
----------------- testing Wed Aug 28 05:36:38 UTC 2019 /home/travis/build/icyphy/ptII/ptolemy/actor/lib/test/auto/NilTokenNonStrictTest.xml
----------------- Instantiating /home/travis/build/icyphy/ptII/ptolemy/actor/lib/test/auto/NilTokenNonStrictTest.xml
2 ms. Memory: 252928K Free: 118801K (47%)
----------------- Invoking toplevel() on ptolemy.moml.MoMLSimpleApplication@1059265
----------------- Done invoking toplevel() on ptolemy.moml.MoMLSimpleApplication@1059265
reloadAllAccessors: .NilTokenNonStrictTest

===========================================================================================
----------------- testing Wed Aug 28 05:36:38 UTC 2019 /home/travis/build/icyphy/ptII/ptolemy/actor/lib/test/auto/NilTokenRecord.xml
----------------- Instantiating /home/travis/build/icyphy/ptII/ptolemy/actor/lib/test/auto/NilTokenRecord.xml
15 ms. Memory: 252928K Free: 112147K (44%)
----------------- Invoking toplevel() on ptolemy.moml.MoMLSimpleApplication@7a030dee
----------------- Done invoking toplevel() on ptolemy.moml.MoMLSimpleApplication@7a030dee
reloadAllAccessors: .NilTokenRecord

===========================================================================================
----------------- testing Wed Aug 28 05:36:38 UTC 2019 /home/travis/build/icyphy/ptII/ptolemy/actor/lib/test/auto/NilTokenTypeTest.xml
----------------- Instantiating /home/travis/build/icyphy/ptII/ptolemy/actor/lib/test/auto/NilTokenTypeTest.xml
6 ms. Memory: 252928K Free: 102417K (40%)
----------------- Invoking toplevel() on ptolemy.moml.MoMLSimpleApplication@c35d57d
----------------- Done invoking toplevel() on ptolemy.moml.MoMLSimpleApplication@c35d57d
reloadAllAccessors: .NilTokenTypeTest

===========================================================================================
----------------- testing Wed Aug 28 05:36:38 UTC 2019 /home/travis/build/icyphy/ptII/ptolemy/actor/lib/test/auto/ObjectToken1.xml
----------------- Instantiating /home/travis/build/icyphy/ptII/ptolemy/actor/lib/test/auto/ObjectToken1.xml
2 ms. Memory: 252928K Free: 98835K (39%)
----------------- Invoking toplevel() on ptolemy.moml.MoMLSimpleApplication@695645c
----------------- Done invoking toplevel() on ptolemy.moml.MoMLSimpleApplication@695645c
reloadAllAccessors: .ObjectToken1

===========================================================================================
----------------- testing Wed Aug 28 05:36:38 UTC 2019 /home/travis/build/icyphy/ptII/ptolemy/actor/lib/test/auto/OrderedMerge.xml
----------------- Instantiating /home/travis/build/icyphy/ptII/ptolemy/actor/lib/test/auto/OrderedMerge.xml
10 ms. Memory: 252928K Free: 93201K (37%)
----------------- Invoking toplevel() on ptolemy.moml.MoMLSimpleApplication@12816386
----------------- Done invoking toplevel() on ptolemy.moml.MoMLSimpleApplication@12816386
reloadAllAccessors: .OrderedMerge

===========================================================================================
----------------- testing Wed Aug 28 05:36:38 UTC 2019 /home/travis/build/icyphy/ptII/ptolemy/actor/lib/test/auto/OrderedRecordDisassembler.xml
----------------- Instantiating /home/travis/build/icyphy/ptII/ptolemy/actor/lib/test/auto/OrderedRecordDisassembler.xml
3 ms. Memory: 252928K Free: 88075K (35%)
----------------- Invoking toplevel() on ptolemy.moml.MoMLSimpleApplication@17082342
----------------- Done invoking toplevel() on ptolemy.moml.MoMLSimpleApplication@17082342
reloadAllAccessors: .OrderedRecordDisassembler

===========================================================================================
----------------- testing Wed Aug 28 05:36:38 UTC 2019 /home/travis/build/icyphy/ptII/ptolemy/actor/lib/test/auto/OrderedRecordDisassembler2.xml
----------------- Instantiating /home/travis/build/icyphy/ptII/ptolemy/actor/lib/test/auto/OrderedRecordDisassembler2.xml
5 ms. Memory: 252928K Free: 80403K (32%)
----------------- Invoking toplevel() on ptolemy.moml.MoMLSimpleApplication@13f4ec83
----------------- Done invoking toplevel() on ptolemy.moml.MoMLSimpleApplication@13f4ec83
reloadAllAccessors: .OrderedRecordDisassembler2

===========================================================================================
----------------- testing Wed Aug 28 05:36:38 UTC 2019 /home/travis/build/icyphy/ptII/ptolemy/actor/lib/test/auto/OrderedRecordUpdater.xml
----------------- Instantiating /home/travis/build/icyphy/ptII/ptolemy/actor/lib/test/auto/OrderedRecordUpdater.xml
2 ms. Memory: 252928K Free: 75793K (30%)
----------------- Invoking toplevel() on ptolemy.moml.MoMLSimpleApplication@299eff95
----------------- Done invoking toplevel() on ptolemy.moml.MoMLSimpleApplication@299eff95
reloadAllAccessors: .RecordUpdater

===========================================================================================
----------------- testing Wed Aug 28 05:36:38 UTC 2019 /home/travis/build/icyphy/ptII/ptolemy/actor/lib/test/auto/OrderedRecordUpdater2.xml
----------------- Instantiating /home/travis/build/icyphy/ptII/ptolemy/actor/lib/test/auto/OrderedRecordUpdater2.xml
3 ms. Memory: 252928K Free: 70673K (28%)
----------------- Invoking toplevel() on ptolemy.moml.MoMLSimpleApplication@294c51a1
----------------- Done invoking toplevel() on ptolemy.moml.MoMLSimpleApplication@294c51a1
reloadAllAccessors: .RecordUpdater2

===========================================================================================
----------------- testing Wed Aug 28 05:36:38 UTC 2019 /home/travis/build/icyphy/ptII/ptolemy/actor/lib/test/auto/PhaseUnwrap.xml
----------------- Instantiating /home/travis/build/icyphy/ptII/ptolemy/actor/lib/test/auto/PhaseUnwrap.xml
2 ms. Memory: 252928K Free: 66067K (26%)
----------------- Invoking toplevel() on ptolemy.moml.MoMLSimpleApplication@3a1fc970
----------------- Done invoking toplevel() on ptolemy.moml.MoMLSimpleApplication@3a1fc970
reloadAllAccessors: .PhaseUnwrap

===========================================================================================
----------------- testing Wed Aug 28 05:36:38 UTC 2019 /home/travis/build/icyphy/ptII/ptolemy/actor/lib/test/auto/PoissonClock.xml
----------------- Instantiating /home/travis/build/icyphy/ptII/ptolemy/actor/lib/test/auto/PoissonClock.xml
2 ms. Memory: 252928K Free: 62481K (25%)
----------------- Invoking toplevel() on ptolemy.moml.MoMLSimpleApplication@48d9bbf0
----------------- Done invoking toplevel() on ptolemy.moml.MoMLSimpleApplication@48d9bbf0
reloadAllAccessors: .PoissonClock

===========================================================================================
----------------- testing Wed Aug 28 05:36:38 UTC 2019 /home/travis/build/icyphy/ptII/ptolemy/actor/lib/test/auto/PoissonClock2.xml
----------------- Instantiating /home/travis/build/icyphy/ptII/ptolemy/actor/lib/test/auto/PoissonClock2.xml
2 ms. Memory: 252928K Free: 57875K (23%)
----------------- Invoking toplevel() on ptolemy.moml.MoMLSimpleApplication@220835ca
----------------- Done invoking toplevel() on ptolemy.moml.MoMLSimpleApplication@220835ca
reloadAllAccessors: .PoissonClock2

===========================================================================================
----------------- testing Wed Aug 28 05:36:38 UTC 2019 /home/travis/build/icyphy/ptII/ptolemy/actor/lib/test/auto/PoissonClock3.xml
----------------- Instantiating /home/travis/build/icyphy/ptII/ptolemy/actor/lib/test/auto/PoissonClock3.xml
4 ms. Memory: 252928K Free: 202137K (80%)
----------------- Invoking toplevel() on ptolemy.moml.MoMLSimpleApplication@4fc64eaa
----------------- Done invoking toplevel() on ptolemy.moml.MoMLSimpleApplication@4fc64eaa
reloadAllAccessors: .PoissonClock3

===========================================================================================
----------------- testing Wed Aug 28 05:36:38 UTC 2019 /home/travis/build/icyphy/ptII/ptolemy/actor/lib/test/auto/PubSubWithInitialTokens.xml
----------------- Instantiating /home/travis/build/icyphy/ptII/ptolemy/actor/lib/test/auto/PubSubWithInitialTokens.xml
4 ms. Memory: 252928K Free: 196521K (78%)
----------------- Invoking toplevel() on ptolemy.moml.MoMLSimpleApplication@b4782a
----------------- Done invoking toplevel() on ptolemy.moml.MoMLSimpleApplication@b4782a
reloadAllAccessors: .PubSubWithInitialTokens

===========================================================================================
----------------- testing Wed Aug 28 05:36:38 UTC 2019 /home/travis/build/icyphy/ptII/ptolemy/actor/lib/test/auto/PubSubWithInitialTokens2.xml
----------------- Instantiating /home/travis/build/icyphy/ptII/ptolemy/actor/lib/test/auto/PubSubWithInitialTokens2.xml
3 ms. Memory: 252928K Free: 190377K (75%)
----------------- Invoking toplevel() on ptolemy.moml.MoMLSimpleApplication@8c751cb
----------------- Done invoking toplevel() on ptolemy.moml.MoMLSimpleApplication@8c751cb
reloadAllAccessors: .PubSubWithInitialTokens2

===========================================================================================
----------------- testing Wed Aug 28 05:36:38 UTC 2019 /home/travis/build/icyphy/ptII/ptolemy/actor/lib/test/auto/PublisherClassNoParameter.xml
----------------- Instantiating /home/travis/build/icyphy/ptII/ptolemy/actor/lib/test/auto/PublisherClassNoParameter.xml
2 ms. Memory: 252928K Free: 180137K (71%)
----------------- Invoking toplevel() on ptolemy.moml.MoMLSimpleApplication@fc468e9
----------------- Done invoking toplevel() on ptolemy.moml.MoMLSimpleApplication@fc468e9
reloadAllAccessors: .PublisherClassNoParameter

===========================================================================================
----------------- testing Wed Aug 28 05:36:38 UTC 2019 /home/travis/build/icyphy/ptII/ptolemy/actor/lib/test/auto/PublisherClassParameter.xml
----------------- Instantiating /home/travis/build/icyphy/ptII/ptolemy/actor/lib/test/auto/PublisherClassParameter.xml
2 ms. Memory: 252928K Free: 169897K (67%)
----------------- Invoking toplevel() on ptolemy.moml.MoMLSimpleApplication@1abffcb0
----------------- Done invoking toplevel() on ptolemy.moml.MoMLSimpleApplication@1abffcb0
reloadAllAccessors: .PublisherClassParameter

===========================================================================================
----------------- testing Wed Aug 28 05:36:38 UTC 2019 /home/travis/build/icyphy/ptII/ptolemy/actor/lib/test/auto/PublisherNonStrictTest.xml
----------------- Instantiating /home/travis/build/icyphy/ptII/ptolemy/actor/lib/test/auto/PublisherNonStrictTest.xml
3 ms. Memory: 252928K Free: 162209K (64%)
----------------- Invoking toplevel() on ptolemy.moml.MoMLSimpleApplication@1c12ea90
----------------- Done invoking toplevel() on ptolemy.moml.MoMLSimpleApplication@1c12ea90
reloadAllAccessors: .PublisherNonStrictTest

===========================================================================================
----------------- testing Wed Aug 28 05:36:38 UTC 2019 /home/travis/build/icyphy/ptII/ptolemy/actor/lib/test/auto/PublisherPort1.xml
----------------- Instantiating /home/travis/build/icyphy/ptII/ptolemy/actor/lib/test/auto/PublisherPort1.xml
3 ms. Memory: 252928K Free: 156585K (62%)
----------------- Invoking toplevel() on ptolemy.moml.MoMLSimpleApplication@24cedaec
----------------- Done invoking toplevel() on ptolemy.moml.MoMLSimpleApplication@24cedaec
reloadAllAccessors: .PublisherPort1

===========================================================================================
----------------- testing Wed Aug 28 05:36:38 UTC 2019 /home/travis/build/icyphy/ptII/ptolemy/actor/lib/test/auto/PublisherPort2.xml
----------------- Instantiating /home/travis/build/icyphy/ptII/ptolemy/actor/lib/test/auto/PublisherPort2.xml
2 ms. Memory: 252928K Free: 151465K (60%)
----------------- Invoking toplevel() on ptolemy.moml.MoMLSimpleApplication@2989c99b
----------------- Done invoking toplevel() on ptolemy.moml.MoMLSimpleApplication@2989c99b
reloadAllAccessors: .PublisherPort2

===========================================================================================
----------------- testing Wed Aug 28 05:36:38 UTC 2019 /home/travis/build/icyphy/ptII/ptolemy/actor/lib/test/auto/PublisherPort3.xml
----------------- Instantiating /home/travis/build/icyphy/ptII/ptolemy/actor/lib/test/auto/PublisherPort3.xml
12 ms. Memory: 252928K Free: 144777K (57%)
----------------- Invoking toplevel() on ptolemy.moml.MoMLSimpleApplication@1f42e610
----------------- Done invoking toplevel() on ptolemy.moml.MoMLSimpleApplication@1f42e610
reloadAllAccessors: .PublisherPort3

===========================================================================================
----------------- testing Wed Aug 28 05:36:39 UTC 2019 /home/travis/build/icyphy/ptII/ptolemy/actor/lib/test/auto/PublisherPort4.xml
----------------- Instantiating /home/travis/build/icyphy/ptII/ptolemy/actor/lib/test/auto/PublisherPort4.xml
2 ms. Memory: 252928K Free: 139673K (55%)
----------------- Invoking toplevel() on ptolemy.moml.MoMLSimpleApplication@28e2b91f
----------------- Done invoking toplevel() on ptolemy.moml.MoMLSimpleApplication@28e2b91f
reloadAllAccessors: .PublisherPort4

===========================================================================================
----------------- testing Wed Aug 28 05:36:39 UTC 2019 /home/travis/build/icyphy/ptII/ptolemy/actor/lib/test/auto/PublisherPort5.xml
----------------- Instantiating /home/travis/build/icyphy/ptII/ptolemy/actor/lib/test/auto/PublisherPort5.xml
4 ms. Memory: 252928K Free: 132009K (52%)
----------------- Invoking toplevel() on ptolemy.moml.MoMLSimpleApplication@4ea37608
----------------- Done invoking toplevel() on ptolemy.moml.MoMLSimpleApplication@4ea37608
reloadAllAccessors: .PublisherPort5

===========================================================================================
----------------- testing Wed Aug 28 05:36:39 UTC 2019 /home/travis/build/icyphy/ptII/ptolemy/actor/lib/test/auto/PublisherPort5LookAlike.xml
----------------- Instantiating /home/travis/build/icyphy/ptII/ptolemy/actor/lib/test/auto/PublisherPort5LookAlike.xml
6 ms. Memory: 252928K Free: 124327K (49%)
----------------- Invoking toplevel() on ptolemy.moml.MoMLSimpleApplication@29b1e11f
----------------- Done invoking toplevel() on ptolemy.moml.MoMLSimpleApplication@29b1e11f
reloadAllAccessors: .PublisherPort5LookAlike

===========================================================================================
----------------- testing Wed Aug 28 05:36:39 UTC 2019 /home/travis/build/icyphy/ptII/ptolemy/actor/lib/test/auto/PublisherPort6.xml
----------------- Instantiating /home/travis/build/icyphy/ptII/ptolemy/actor/lib/test/auto/PublisherPort6.xml
3 ms. Memory: 252928K Free: 117673K (47%)
----------------- Invoking toplevel() on ptolemy.moml.MoMLSimpleApplication@6e11536e
----------------- Done invoking toplevel() on ptolemy.moml.MoMLSimpleApplication@6e11536e
reloadAllAccessors: .PublisherPort6

===========================================================================================
----------------- testing Wed Aug 28 05:36:39 UTC 2019 /home/travis/build/icyphy/ptII/ptolemy/actor/lib/test/auto/PublisherPort7.xml
----------------- Instantiating /home/travis/build/icyphy/ptII/ptolemy/actor/lib/test/auto/PublisherPort7.xml
4 ms. Memory: 252928K Free: 109991K (43%)
----------------- Invoking toplevel() on ptolemy.moml.MoMLSimpleApplication@7c83af15
----------------- Done invoking toplevel() on ptolemy.moml.MoMLSimpleApplication@7c83af15
reloadAllAccessors: .PublisherPort7

===========================================================================================
----------------- testing Wed Aug 28 05:36:39 UTC 2019 /home/travis/build/icyphy/ptII/ptolemy/actor/lib/test/auto/PublisherPort8.xml
----------------- Instantiating /home/travis/build/icyphy/ptII/ptolemy/actor/lib/test/auto/PublisherPort8.xml
5 ms. Memory: 252928K Free: 101289K (40%)
----------------- Invoking toplevel() on ptolemy.moml.MoMLSimpleApplication@654ba7fe
----------------- Done invoking toplevel() on ptolemy.moml.MoMLSimpleApplication@654ba7fe
reloadAllAccessors: .PublisherPort8

===========================================================================================
----------------- testing Wed Aug 28 05:36:39 UTC 2019 /home/travis/build/icyphy/ptII/ptolemy/actor/lib/test/auto/PublisherPortSubscriberChannelVariablesAOC2.xml
----------------- Instantiating /home/travis/build/icyphy/ptII/ptolemy/actor/lib/test/auto/PublisherPortSubscriberChannelVariablesAOC2.xml
3 ms. Memory: 252928K Free: 83367K (33%)
----------------- Invoking toplevel() on ptolemy.moml.MoMLSimpleApplication@6aa61b7c
----------------- Done invoking toplevel() on ptolemy.moml.MoMLSimpleApplication@6aa61b7c
reloadAllAccessors: .PublisherPortSubscriberChannelVariablesAOC2

===========================================================================================
----------------- testing Wed Aug 28 05:36:39 UTC 2019 /home/travis/build/icyphy/ptII/ptolemy/actor/lib/test/auto/PublisherPortSubscriberOpaqueWidthInference.xml
----------------- Instantiating /home/travis/build/icyphy/ptII/ptolemy/actor/lib/test/auto/PublisherPortSubscriberOpaqueWidthInference.xml
4 ms. Memory: 252928K Free: 75161K (30%)
----------------- Invoking toplevel() on ptolemy.moml.MoMLSimpleApplication@847dc4c
----------------- Done invoking toplevel() on ptolemy.moml.MoMLSimpleApplication@847dc4c
reloadAllAccessors: .PublisherPortSubscriberOpaqueWidthInference

===========================================================================================
----------------- testing Wed Aug 28 05:36:39 UTC 2019 /home/travis/build/icyphy/ptII/ptolemy/actor/lib/test/auto/PublisherPortSubscriberPortAdjacent.xml
----------------- Instantiating /home/travis/build/icyphy/ptII/ptolemy/actor/lib/test/auto/PublisherPortSubscriberPortAdjacent.xml
2 ms. Memory: 252928K Free: 66983K (26%)
----------------- Invoking toplevel() on ptolemy.moml.MoMLSimpleApplication@5891e3e1
----------------- Done invoking toplevel() on ptolemy.moml.MoMLSimpleApplication@5891e3e1
reloadAllAccessors: .PublisherPortSubscriberPortAdjacent

===========================================================================================
----------------- testing Wed Aug 28 05:36:39 UTC 2019 /home/travis/build/icyphy/ptII/ptolemy/actor/lib/test/auto/PublisherPortSubscriberPortExpression.xml
----------------- Instantiating /home/travis/build/icyphy/ptII/ptolemy/actor/lib/test/auto/PublisherPortSubscriberPortExpression.xml
4 ms. Memory: 252928K Free: 59305K (23%)
----------------- Invoking toplevel() on ptolemy.moml.MoMLSimpleApplication@52200364
----------------- Done invoking toplevel() on ptolemy.moml.MoMLSimpleApplication@52200364
reloadAllAccessors: .PublisherPortSubscriberPortExpression

===========================================================================================
----------------- testing Wed Aug 28 05:36:39 UTC 2019 /home/travis/build/icyphy/ptII/ptolemy/actor/lib/test/auto/PublisherPortSubscriberPortOpaqueD3Reverse.xml
----------------- Instantiating /home/travis/build/icyphy/ptII/ptolemy/actor/lib/test/auto/PublisherPortSubscriberPortOpaqueD3Reverse.xml
7 ms. Memory: 252928K Free: 197999K (78%)
----------------- Invoking toplevel() on ptolemy.moml.MoMLSimpleApplication@72c42b5c
----------------- Done invoking toplevel() on ptolemy.moml.MoMLSimpleApplication@72c42b5c
reloadAllAccessors: .PublisherPortSubscriberPortOpaqueD3Reverse

===========================================================================================
----------------- testing Wed Aug 28 05:36:39 UTC 2019 /home/travis/build/icyphy/ptII/ptolemy/actor/lib/test/auto/PublisherPortSubscriberPortOpaqueWidthInference.xml
----------------- Instantiating /home/travis/build/icyphy/ptII/ptolemy/actor/lib/test/auto/PublisherPortSubscriberPortOpaqueWidthInference.xml
5 ms. Memory: 252928K Free: 190351K (75%)
----------------- Invoking toplevel() on ptolemy.moml.MoMLSimpleApplication@2ad5c49b
----------------- Done invoking toplevel() on ptolemy.moml.MoMLSimpleApplication@2ad5c49b
reloadAllAccessors: .PublisherPortSubscriberPortOpaqueWidthInference

===========================================================================================
----------------- testing Wed Aug 28 05:36:39 UTC 2019 /home/travis/build/icyphy/ptII/ptolemy/actor/lib/test/auto/PublisherPortToplevelSubscriberPortAOC.xml
----------------- Instantiating /home/travis/build/icyphy/ptII/ptolemy/actor/lib/test/auto/PublisherPortToplevelSubscriberPortAOC.xml
.PublisherPortToplevelSubscriberPortAOC.TestExceptionAttribute: initialize() was not invoked, but wrapup() was.  This is unusual, but not always a problem.  For example, exporting JNLP will do this.
0 ms. Memory: 252928K Free: 184717K (73%)
----------------- Invoking toplevel() on ptolemy.moml.MoMLSimpleApplication@3344c70
----------------- Done invoking toplevel() on ptolemy.moml.MoMLSimpleApplication@3344c70
reloadAllAccessors: .PublisherPortToplevelSubscriberPortAOC

===========================================================================================
----------------- testing Wed Aug 28 05:36:39 UTC 2019 /home/travis/build/icyphy/ptII/ptolemy/actor/lib/test/auto/PublisherSubscriber.xml
----------------- Instantiating /home/travis/build/icyphy/ptII/ptolemy/actor/lib/test/auto/PublisherSubscriber.xml
3 ms. Memory: 252928K Free: 177519K (70%)
----------------- Invoking toplevel() on ptolemy.moml.MoMLSimpleApplication@6520a809
----------------- Done invoking toplevel() on ptolemy.moml.MoMLSimpleApplication@6520a809
reloadAllAccessors: .PublisherSubscriber

===========================================================================================
----------------- testing Wed Aug 28 05:36:39 UTC 2019 /home/travis/build/icyphy/ptII/ptolemy/actor/lib/test/auto/PublisherSubscriber10.xml
----------------- Instantiating /home/travis/build/icyphy/ptII/ptolemy/actor/lib/test/auto/PublisherSubscriber10.xml
6 ms. Memory: 252928K Free: 168333K (67%)
----------------- Invoking toplevel() on ptolemy.moml.MoMLSimpleApplication@353f2fe3
----------------- Done invoking toplevel() on ptolemy.moml.MoMLSimpleApplication@353f2fe3
reloadAllAccessors: .PublisherSubscriber10

===========================================================================================
----------------- testing Wed Aug 28 05:36:39 UTC 2019 /home/travis/build/icyphy/ptII/ptolemy/actor/lib/test/auto/PublisherSubscriber10InitialOutputs.xml
----------------- Instantiating /home/travis/build/icyphy/ptII/ptolemy/actor/lib/test/auto/PublisherSubscriber10InitialOutputs.xml
17 ms. Memory: 252928K Free: 159117K (63%)
----------------- Invoking toplevel() on ptolemy.moml.MoMLSimpleApplication@652ce028
----------------- Done invoking toplevel() on ptolemy.moml.MoMLSimpleApplication@652ce028
reloadAllAccessors: .PublisherSubscriber10InitialOutputs

===========================================================================================
----------------- testing Wed Aug 28 05:36:39 UTC 2019 /home/travis/build/icyphy/ptII/ptolemy/actor/lib/test/auto/PublisherSubscriber11.xml
----------------- Instantiating /home/travis/build/icyphy/ptII/ptolemy/actor/lib/test/auto/PublisherSubscriber11.xml
4 ms. Memory: 252928K Free: 152943K (60%)
----------------- Invoking toplevel() on ptolemy.moml.MoMLSimpleApplication@1f43d3c
----------------- Done invoking toplevel() on ptolemy.moml.MoMLSimpleApplication@1f43d3c
reloadAllAccessors: .PublisherSubscriber11

===========================================================================================
----------------- testing Wed Aug 28 05:36:39 UTC 2019 /home/travis/build/icyphy/ptII/ptolemy/actor/lib/test/auto/PublisherSubscriber12.xml
----------------- Instantiating /home/travis/build/icyphy/ptII/ptolemy/actor/lib/test/auto/PublisherSubscriber12.xml
5 ms. Memory: 252928K Free: 146319K (58%)
----------------- Invoking toplevel() on ptolemy.moml.MoMLSimpleApplication@418c5385
----------------- Done invoking toplevel() on ptolemy.moml.MoMLSimpleApplication@418c5385
reloadAllAccessors: .PublisherSubscriber12

===========================================================================================
----------------- testing Wed Aug 28 05:36:39 UTC 2019 /home/travis/build/icyphy/ptII/ptolemy/actor/lib/test/auto/PublisherSubscriber13.xml
----------------- Instantiating /home/travis/build/icyphy/ptII/ptolemy/actor/lib/test/auto/PublisherSubscriber13.xml
2 ms. Memory: 252928K Free: 140655K (56%)
----------------- Invoking toplevel() on ptolemy.moml.MoMLSimpleApplication@1f804f07
----------------- Done invoking toplevel() on ptolemy.moml.MoMLSimpleApplication@1f804f07
reloadAllAccessors: .PublisherSubscriber13

===========================================================================================
----------------- testing Wed Aug 28 05:36:39 UTC 2019 /home/travis/build/icyphy/ptII/ptolemy/actor/lib/test/auto/PublisherSubscriber14.xml
----------------- Instantiating /home/travis/build/icyphy/ptII/ptolemy/actor/lib/test/auto/PublisherSubscriber14.xml
2 ms. Memory: 252928K Free: 132493K (52%)
----------------- Invoking toplevel() on ptolemy.moml.MoMLSimpleApplication@3d25476f
----------------- Done invoking toplevel() on ptolemy.moml.MoMLSimpleApplication@3d25476f
reloadAllAccessors: .PublisherSubscriber14

===========================================================================================
----------------- testing Wed Aug 28 05:36:39 UTC 2019 /home/travis/build/icyphy/ptII/ptolemy/actor/lib/test/auto/PublisherSubscriber2.xml
----------------- Instantiating /home/travis/build/icyphy/ptII/ptolemy/actor/lib/test/auto/PublisherSubscriber2.xml
3 ms. Memory: 252928K Free: 126863K (50%)
----------------- Invoking toplevel() on ptolemy.moml.MoMLSimpleApplication@1c64bf81
----------------- Done invoking toplevel() on ptolemy.moml.MoMLSimpleApplication@1c64bf81
reloadAllAccessors: .PublisherSubscriber2

===========================================================================================
----------------- testing Wed Aug 28 05:36:39 UTC 2019 /home/travis/build/icyphy/ptII/ptolemy/actor/lib/test/auto/PublisherSubscriber3.xml
----------------- Instantiating /home/travis/build/icyphy/ptII/ptolemy/actor/lib/test/auto/PublisherSubscriber3.xml
2 ms. Memory: 252928K Free: 121199K (48%)
----------------- Invoking toplevel() on ptolemy.moml.MoMLSimpleApplication@66418cd6
----------------- Done invoking toplevel() on ptolemy.moml.MoMLSimpleApplication@66418cd6
reloadAllAccessors: .PublisherSubscriber3

===========================================================================================
----------------- testing Wed Aug 28 05:36:39 UTC 2019 /home/travis/build/icyphy/ptII/ptolemy/actor/lib/test/auto/PublisherSubscriber4.xml
----------------- Instantiating /home/travis/build/icyphy/ptII/ptolemy/actor/lib/test/auto/PublisherSubscriber4.xml
2 ms. Memory: 252928K Free: 116095K (46%)
----------------- Invoking toplevel() on ptolemy.moml.MoMLSimpleApplication@3604c5d5
----------------- Done invoking toplevel() on ptolemy.moml.MoMLSimpleApplication@3604c5d5
reloadAllAccessors: .PublisherSubscriber4

===========================================================================================
----------------- testing Wed Aug 28 05:36:39 UTC 2019 /home/travis/build/icyphy/ptII/ptolemy/actor/lib/test/auto/PublisherSubscriber5.xml
----------------- Instantiating /home/travis/build/icyphy/ptII/ptolemy/actor/lib/test/auto/PublisherSubscriber5.xml
3 ms. Memory: 252928K Free: 109455K (43%)
----------------- Invoking toplevel() on ptolemy.moml.MoMLSimpleApplication@6def0535
----------------- Done invoking toplevel() on ptolemy.moml.MoMLSimpleApplication@6def0535
reloadAllAccessors: .PublisherSubscriber5

===========================================================================================
----------------- testing Wed Aug 28 05:36:39 UTC 2019 /home/travis/build/icyphy/ptII/ptolemy/actor/lib/test/auto/PublisherSubscriber6.xml
----------------- Instantiating /home/travis/build/icyphy/ptII/ptolemy/actor/lib/test/auto/PublisherSubscriber6.xml
4 ms. Memory: 252928K Free: 102783K (41%)
----------------- Invoking toplevel() on ptolemy.moml.MoMLSimpleApplication@4b739f4f
----------------- Done invoking toplevel() on ptolemy.moml.MoMLSimpleApplication@4b739f4f
reloadAllAccessors: .PublisherSubscriber6

===========================================================================================
----------------- testing Wed Aug 28 05:36:39 UTC 2019 /home/travis/build/icyphy/ptII/ptolemy/actor/lib/test/auto/PublisherSubscriber7.xml
----------------- Instantiating /home/travis/build/icyphy/ptII/ptolemy/actor/lib/test/auto/PublisherSubscriber7.xml
8 ms. Memory: 252928K Free: 96143K (38%)
----------------- Invoking toplevel() on ptolemy.moml.MoMLSimpleApplication@41ddc3e0
----------------- Done invoking toplevel() on ptolemy.moml.MoMLSimpleApplication@41ddc3e0
reloadAllAccessors: .PublisherSubscriber7

===========================================================================================
----------------- testing Wed Aug 28 05:36:39 UTC 2019 /home/travis/build/icyphy/ptII/ptolemy/actor/lib/test/auto/PublisherSubscriber8.xml
----------------- Instantiating /home/travis/build/icyphy/ptII/ptolemy/actor/lib/test/auto/PublisherSubscriber8.xml
27 ms. Memory: 252928K Free: 84365K (33%)
----------------- Invoking toplevel() on ptolemy.moml.MoMLSimpleApplication@52132f6d
----------------- Done invoking toplevel() on ptolemy.moml.MoMLSimpleApplication@52132f6d
reloadAllAccessors: .PublisherSubscriber8

===========================================================================================
----------------- testing Wed Aug 28 05:36:39 UTC 2019 /home/travis/build/icyphy/ptII/ptolemy/actor/lib/test/auto/PublisherSubscriber9.xml
----------------- Instantiating /home/travis/build/icyphy/ptII/ptolemy/actor/lib/test/auto/PublisherSubscriber9.xml
3 ms. Memory: 252928K Free: 77197K (31%)
----------------- Invoking toplevel() on ptolemy.moml.MoMLSimpleApplication@7a32afa0
----------------- Done invoking toplevel() on ptolemy.moml.MoMLSimpleApplication@7a32afa0
reloadAllAccessors: .PublisherSubscriber9

===========================================================================================
----------------- testing Wed Aug 28 05:36:39 UTC 2019 /home/travis/build/icyphy/ptII/ptolemy/actor/lib/test/auto/PublisherSubscriberAdjacent.xml
----------------- Instantiating /home/travis/build/icyphy/ptII/ptolemy/actor/lib/test/auto/PublisherSubscriberAdjacent.xml
1 ms. Memory: 252928K Free: 68495K (27%)
----------------- Invoking toplevel() on ptolemy.moml.MoMLSimpleApplication@17622f6b
----------------- Done invoking toplevel() on ptolemy.moml.MoMLSimpleApplication@17622f6b
reloadAllAccessors: .PublisherSubscriberAdjacent

===========================================================================================
----------------- testing Wed Aug 28 05:36:39 UTC 2019 /home/travis/build/icyphy/ptII/ptolemy/actor/lib/test/auto/PublisherSubscriberChannelVariablesAOC2.xml
----------------- Instantiating /home/travis/build/icyphy/ptII/ptolemy/actor/lib/test/auto/PublisherSubscriberChannelVariablesAOC2.xml
3 ms. Memory: 252928K Free: 202332K (80%)
----------------- Invoking toplevel() on ptolemy.moml.MoMLSimpleApplication@6993f695
----------------- Done invoking toplevel() on ptolemy.moml.MoMLSimpleApplication@6993f695
reloadAllAccessors: .PublisherSubscriberChannelVariablesAOC2

===========================================================================================
----------------- testing Wed Aug 28 05:36:39 UTC 2019 /home/travis/build/icyphy/ptII/ptolemy/actor/lib/test/auto/PublisherSubscriberD3.xml
----------------- Instantiating /home/travis/build/icyphy/ptII/ptolemy/actor/lib/test/auto/PublisherSubscriberD3.xml
2 ms. Memory: 252928K Free: 195164K (77%)
----------------- Invoking toplevel() on ptolemy.moml.MoMLSimpleApplication@25841eda
----------------- Done invoking toplevel() on ptolemy.moml.MoMLSimpleApplication@25841eda
reloadAllAccessors: .PublisherSubscriberD3

===========================================================================================
----------------- testing Wed Aug 28 05:36:39 UTC 2019 /home/travis/build/icyphy/ptII/ptolemy/actor/lib/test/auto/PublisherSubscriberD3Reverse.xml
----------------- Instantiating /home/travis/build/icyphy/ptII/ptolemy/actor/lib/test/auto/PublisherSubscriberD3Reverse.xml
2 ms. Memory: 252928K Free: 189020K (75%)
----------------- Invoking toplevel() on ptolemy.moml.MoMLSimpleApplication@3aae0672
----------------- Done invoking toplevel() on ptolemy.moml.MoMLSimpleApplication@3aae0672
reloadAllAccessors: .PublisherSubscriberD3Reverse

===========================================================================================
----------------- testing Wed Aug 28 05:36:39 UTC 2019 /home/travis/build/icyphy/ptII/ptolemy/actor/lib/test/auto/PublisherSubscriberExpression.xml
----------------- Instantiating /home/travis/build/icyphy/ptII/ptolemy/actor/lib/test/auto/PublisherSubscriberExpression.xml
4 ms. Memory: 252928K Free: 180283K (71%)
----------------- Invoking toplevel() on ptolemy.moml.MoMLSimpleApplication@642dfb40
----------------- Done invoking toplevel() on ptolemy.moml.MoMLSimpleApplication@642dfb40
reloadAllAccessors: .PublisherSubscriberExpression

===========================================================================================
----------------- testing Wed Aug 28 05:36:39 UTC 2019 /home/travis/build/icyphy/ptII/ptolemy/actor/lib/test/auto/PublisherSubscriberOpaque.xml
----------------- Instantiating /home/travis/build/icyphy/ptII/ptolemy/actor/lib/test/auto/PublisherSubscriberOpaque.xml
4 ms. Memory: 252928K Free: 172108K (68%)
----------------- Invoking toplevel() on ptolemy.moml.MoMLSimpleApplication@3d15c8da
----------------- Done invoking toplevel() on ptolemy.moml.MoMLSimpleApplication@3d15c8da
reloadAllAccessors: .PublisherSubscriberOpaque

===========================================================================================
----------------- testing Wed Aug 28 05:36:39 UTC 2019 /home/travis/build/icyphy/ptII/ptolemy/actor/lib/test/auto/PublisherSubscriberOpaqueD3.xml
----------------- Instantiating /home/travis/build/icyphy/ptII/ptolemy/actor/lib/test/auto/PublisherSubscriberOpaqueD3.xml
6 ms. Memory: 252928K Free: 160858K (64%)
----------------- Invoking toplevel() on ptolemy.moml.MoMLSimpleApplication@516167c
----------------- Done invoking toplevel() on ptolemy.moml.MoMLSimpleApplication@516167c
reloadAllAccessors: .PublisherSubscriberOpaqueD3

===========================================================================================
----------------- testing Wed Aug 28 05:36:39 UTC 2019 /home/travis/build/icyphy/ptII/ptolemy/actor/lib/test/auto/PublisherSubscriberOpaqueD3Reverse.xml
----------------- Instantiating /home/travis/build/icyphy/ptII/ptolemy/actor/lib/test/auto/PublisherSubscriberOpaqueD3Reverse.xml
10 ms. Memory: 252928K Free: 150108K (59%)
----------------- Invoking toplevel() on ptolemy.moml.MoMLSimpleApplication@2a3dd35a
----------------- Done invoking toplevel() on ptolemy.moml.MoMLSimpleApplication@2a3dd35a
reloadAllAccessors: .PublisherSubscriberOpaqueD3Reverse

===========================================================================================
----------------- testing Wed Aug 28 05:36:39 UTC 2019 /home/travis/build/icyphy/ptII/ptolemy/actor/lib/test/auto/PublisherSubscriberOpaqueWidthInference.xml
----------------- Instantiating /home/travis/build/icyphy/ptII/ptolemy/actor/lib/test/auto/PublisherSubscriberOpaqueWidthInference.xml
4 ms. Memory: 252928K Free: 141916K (56%)
----------------- Invoking toplevel() on ptolemy.moml.MoMLSimpleApplication@1e5526ef
----------------- Done invoking toplevel() on ptolemy.moml.MoMLSimpleApplication@1e5526ef
reloadAllAccessors: .PublisherSubscriberOpaqueWidthInference

===========================================================================================
----------------- testing Wed Aug 28 05:36:39 UTC 2019 /home/travis/build/icyphy/ptII/ptolemy/actor/lib/test/auto/PublisherTestSubscriber.xml
----------------- Instantiating /home/travis/build/icyphy/ptII/ptolemy/actor/lib/test/auto/PublisherTestSubscriber.xml
3 ms. Memory: 252928K Free: 134228K (53%)
----------------- Invoking toplevel() on ptolemy.moml.MoMLSimpleApplication@70842894
----------------- Done invoking toplevel() on ptolemy.moml.MoMLSimpleApplication@70842894
reloadAllAccessors: .PublisherTestSubscriber

===========================================================================================
----------------- testing Wed Aug 28 05:36:39 UTC 2019 /home/travis/build/icyphy/ptII/ptolemy/actor/lib/test/auto/PublisherToplevelSubscriberPortAOC.xml
----------------- Instantiating /home/travis/build/icyphy/ptII/ptolemy/actor/lib/test/auto/PublisherToplevelSubscriberPortAOC.xml
2 ms. Memory: 252928K Free: 127580K (50%)
----------------- Invoking toplevel() on ptolemy.moml.MoMLSimpleApplication@41718cb4
----------------- Done invoking toplevel() on ptolemy.moml.MoMLSimpleApplication@41718cb4
reloadAllAccessors: .PublisherToplevelSubscriberPortAOC

===========================================================================================
----------------- testing Wed Aug 28 05:36:39 UTC 2019 /home/travis/build/icyphy/ptII/ptolemy/actor/lib/test/auto/PulseFiringLimitDE.xml
----------------- Instantiating /home/travis/build/icyphy/ptII/ptolemy/actor/lib/test/auto/PulseFiringLimitDE.xml
3 ms. Memory: 252928K Free: 121436K (48%)
----------------- Invoking toplevel() on ptolemy.moml.MoMLSimpleApplication@35bcce58
----------------- Done invoking toplevel() on ptolemy.moml.MoMLSimpleApplication@35bcce58
reloadAllAccessors: .PulseFiringLimitDE

===========================================================================================
----------------- testing Wed Aug 28 05:36:39 UTC 2019 /home/travis/build/icyphy/ptII/ptolemy/actor/lib/test/auto/Ramp1.xml
----------------- Instantiating /home/travis/build/icyphy/ptII/ptolemy/actor/lib/test/auto/Ramp1.xml
1 ms. Memory: 252928K Free: 117340K (46%)
----------------- Invoking toplevel() on ptolemy.moml.MoMLSimpleApplication@d5ac675
----------------- Done invoking toplevel() on ptolemy.moml.MoMLSimpleApplication@d5ac675
reloadAllAccessors: .Ramp1

===========================================================================================
----------------- testing Wed Aug 28 05:36:39 UTC 2019 /home/travis/build/icyphy/ptII/ptolemy/actor/lib/test/auto/RampFiringLimitDE.xml
----------------- Instantiating /home/travis/build/icyphy/ptII/ptolemy/actor/lib/test/auto/RampFiringLimitDE.xml
4 ms. Memory: 252928K Free: 110668K (44%)
----------------- Invoking toplevel() on ptolemy.moml.MoMLSimpleApplication@7f0975c9
----------------- Done invoking toplevel() on ptolemy.moml.MoMLSimpleApplication@7f0975c9
reloadAllAccessors: .RampFiringLimitDE

===========================================================================================
----------------- testing Wed Aug 28 05:36:39 UTC 2019 /home/travis/build/icyphy/ptII/ptolemy/actor/lib/test/auto/RampFiringLimitSDF.xml
----------------- Instantiating /home/travis/build/icyphy/ptII/ptolemy/actor/lib/test/auto/RampFiringLimitSDF.xml
2 ms. Memory: 252928K Free: 105548K (42%)
----------------- Invoking toplevel() on ptolemy.moml.MoMLSimpleApplication@51fd09fe
----------------- Done invoking toplevel() on ptolemy.moml.MoMLSimpleApplication@51fd09fe
reloadAllAccessors: .RampFiringLimitSDF

===========================================================================================
----------------- testing Wed Aug 28 05:36:39 UTC 2019 /home/travis/build/icyphy/ptII/ptolemy/actor/lib/test/auto/RandomInteger.xml
----------------- Instantiating /home/travis/build/icyphy/ptII/ptolemy/actor/lib/test/auto/RandomInteger.xml
1 ms. Memory: 252928K Free: 101466K (40%)
----------------- Invoking toplevel() on ptolemy.moml.MoMLSimpleApplication@54dd4f38
----------------- Done invoking toplevel() on ptolemy.moml.MoMLSimpleApplication@54dd4f38
reloadAllAccessors: .RandomInteger

===========================================================================================
----------------- testing Wed Aug 28 05:36:39 UTC 2019 /home/travis/build/icyphy/ptII/ptolemy/actor/lib/test/auto/ReadFile1.xml
----------------- Instantiating /home/travis/build/icyphy/ptII/ptolemy/actor/lib/test/auto/ReadFile1.xml
1 ms. Memory: 252928K Free: 96340K (38%)
----------------- Invoking toplevel() on ptolemy.moml.MoMLSimpleApplication@71e04017
----------------- Done invoking toplevel() on ptolemy.moml.MoMLSimpleApplication@71e04017
reloadAllAccessors: .ReadFile1

===========================================================================================
----------------- testing Wed Aug 28 05:36:39 UTC 2019 /home/travis/build/icyphy/ptII/ptolemy/actor/lib/test/auto/ReadFile2.xml
----------------- Instantiating /home/travis/build/icyphy/ptII/ptolemy/actor/lib/test/auto/ReadFile2.xml
1 ms. Memory: 252928K Free: 92250K (36%)
----------------- Invoking toplevel() on ptolemy.moml.MoMLSimpleApplication@7f45bd62
----------------- Done invoking toplevel() on ptolemy.moml.MoMLSimpleApplication@7f45bd62
reloadAllAccessors: .ReadFile2

===========================================================================================
----------------- testing Wed Aug 28 05:36:40 UTC 2019 /home/travis/build/icyphy/ptII/ptolemy/actor/lib/test/auto/Reader.xml
----------------- Instantiating /home/travis/build/icyphy/ptII/ptolemy/actor/lib/test/auto/Reader.xml
actor.lib.Reader is obsolete, use actor.lib.io.ExpressionReader instead
1 ms. Memory: 252928K Free: 88154K (35%)
----------------- Invoking toplevel() on ptolemy.moml.MoMLSimpleApplication@71cba49b
----------------- Done invoking toplevel() on ptolemy.moml.MoMLSimpleApplication@71cba49b
reloadAllAccessors: .Reader

===========================================================================================
----------------- testing Wed Aug 28 05:36:40 UTC 2019 /home/travis/build/icyphy/ptII/ptolemy/actor/lib/test/auto/RecordAssemblerDisplayNameTest.xml
----------------- Instantiating /home/travis/build/icyphy/ptII/ptolemy/actor/lib/test/auto/RecordAssemblerDisplayNameTest.xml
4693 ms. Memory: 252928K Free: 70411K (28%)
----------------- Invoking toplevel() on ptolemy.moml.MoMLSimpleApplication@7a142409
----------------- Done invoking toplevel() on ptolemy.moml.MoMLSimpleApplication@7a142409
reloadAllAccessors: .RecordAssemblerDisplayNameTest

===========================================================================================
----------------- testing Wed Aug 28 05:36:44 UTC 2019 /home/travis/build/icyphy/ptII/ptolemy/actor/lib/test/auto/RecordAssemblerTypeError.xml
----------------- Instantiating /home/travis/build/icyphy/ptII/ptolemy/actor/lib/test/auto/RecordAssemblerTypeError.xml
17 ms. Memory: 252928K Free: 60681K (24%)
----------------- Invoking toplevel() on ptolemy.moml.MoMLSimpleApplication@4f5ecf33
----------------- Done invoking toplevel() on ptolemy.moml.MoMLSimpleApplication@4f5ecf33
reloadAllAccessors: .RecordAssemblerTypeError

===========================================================================================
----------------- testing Wed Aug 28 05:36:44 UTC 2019 /home/travis/build/icyphy/ptII/ptolemy/actor/lib/test/auto/RecordDisassember.xml
----------------- Instantiating /home/travis/build/icyphy/ptII/ptolemy/actor/lib/test/auto/RecordDisassember.xml
9 ms. Memory: 252928K Free: 56075K (22%)
----------------- Invoking toplevel() on ptolemy.moml.MoMLSimpleApplication@599bb91e
----------------- Done invoking toplevel() on ptolemy.moml.MoMLSimpleApplication@599bb91e
reloadAllAccessors: .RecordDisassember

===========================================================================================
----------------- testing Wed Aug 28 05:36:44 UTC 2019 /home/travis/build/icyphy/ptII/ptolemy/actor/lib/test/auto/RecordDisassemberDisplayNameTest.xml
----------------- Instantiating /home/travis/build/icyphy/ptII/ptolemy/actor/lib/test/auto/RecordDisassemberDisplayNameTest.xml
7 ms. Memory: 252928K Free: 197855K (78%)
----------------- Invoking toplevel() on ptolemy.moml.MoMLSimpleApplication@6ebbf317
----------------- Done invoking toplevel() on ptolemy.moml.MoMLSimpleApplication@6ebbf317
reloadAllAccessors: .RecordDisassemberDisplayNameTest

===========================================================================================
----------------- testing Wed Aug 28 05:36:44 UTC 2019 /home/travis/build/icyphy/ptII/ptolemy/actor/lib/test/auto/RecordDisassembler.xml
----------------- Instantiating /home/travis/build/icyphy/ptII/ptolemy/actor/lib/test/auto/RecordDisassembler.xml
5 ms. Memory: 252928K Free: 192729K (76%)
----------------- Invoking toplevel() on ptolemy.moml.MoMLSimpleApplication@28daf634
----------------- Done invoking toplevel() on ptolemy.moml.MoMLSimpleApplication@28daf634
reloadAllAccessors: .RecordDisassembler

===========================================================================================
----------------- testing Wed Aug 28 05:36:44 UTC 2019 /home/travis/build/icyphy/ptII/ptolemy/actor/lib/test/auto/RecordDisassembler2.xml
----------------- Instantiating /home/travis/build/icyphy/ptII/ptolemy/actor/lib/test/auto/RecordDisassembler2.xml
3 ms. Memory: 252928K Free: 187585K (74%)
----------------- Invoking toplevel() on ptolemy.moml.MoMLSimpleApplication@2d0e06ed
----------------- Done invoking toplevel() on ptolemy.moml.MoMLSimpleApplication@2d0e06ed
reloadAllAccessors: .RecordDisassembler2

===========================================================================================
----------------- testing Wed Aug 28 05:36:44 UTC 2019 /home/travis/build/icyphy/ptII/ptolemy/actor/lib/test/auto/RecordUpdater.xml
----------------- Instantiating /home/travis/build/icyphy/ptII/ptolemy/actor/lib/test/auto/RecordUpdater.xml
2 ms. Memory: 252928K Free: 182495K (72%)
----------------- Invoking toplevel() on ptolemy.moml.MoMLSimpleApplication@51a6e252
----------------- Done invoking toplevel() on ptolemy.moml.MoMLSimpleApplication@51a6e252
reloadAllAccessors: .RecordUpdater

===========================================================================================
----------------- testing Wed Aug 28 05:36:44 UTC 2019 /home/travis/build/icyphy/ptII/ptolemy/actor/lib/test/auto/RecordUpdater2.xml
----------------- Instantiating /home/travis/build/icyphy/ptII/ptolemy/actor/lib/test/auto/RecordUpdater2.xml
2 ms. Memory: 252928K Free: 177375K (70%)
----------------- Invoking toplevel() on ptolemy.moml.MoMLSimpleApplication@7313d3e7
----------------- Done invoking toplevel() on ptolemy.moml.MoMLSimpleApplication@7313d3e7
reloadAllAccessors: .RecordUpdater2

===========================================================================================
----------------- testing Wed Aug 28 05:36:44 UTC 2019 /home/travis/build/icyphy/ptII/ptolemy/actor/lib/test/auto/RecursiveLattice.xml
----------------- Instantiating /home/travis/build/icyphy/ptII/ptolemy/actor/lib/test/auto/RecursiveLattice.xml
1 ms. Memory: 252928K Free: 173279K (69%)
----------------- Invoking toplevel() on ptolemy.moml.MoMLSimpleApplication@67241b96
----------------- Done invoking toplevel() on ptolemy.moml.MoMLSimpleApplication@67241b96
reloadAllAccessors: .RecursiveLattice

===========================================================================================
----------------- testing Wed Aug 28 05:36:44 UTC 2019 /home/travis/build/icyphy/ptII/ptolemy/actor/lib/test/auto/Router.xml
----------------- Instantiating /home/travis/build/icyphy/ptII/ptolemy/actor/lib/test/auto/Router.xml
3004 ms. Memory: 252928K Free: 162529K (64%)
----------------- Invoking toplevel() on ptolemy.moml.MoMLSimpleApplication@5119f4b4
----------------- Done invoking toplevel() on ptolemy.moml.MoMLSimpleApplication@5119f4b4
reloadAllAccessors: .Router

===========================================================================================
----------------- testing Wed Aug 28 05:36:47 UTC 2019 /home/travis/build/icyphy/ptII/ptolemy/actor/lib/test/auto/Router2.xml
----------------- Instantiating /home/travis/build/icyphy/ptII/ptolemy/actor/lib/test/auto/Router2.xml
3007 ms. Memory: 252928K Free: 152289K (60%)
----------------- Invoking toplevel() on ptolemy.moml.MoMLSimpleApplication@29851085
----------------- Done invoking toplevel() on ptolemy.moml.MoMLSimpleApplication@29851085
reloadAllAccessors: .Router2

===========================================================================================
----------------- testing Wed Aug 28 05:36:50 UTC 2019 /home/travis/build/icyphy/ptII/ptolemy/actor/lib/test/auto/RunningMaximum.xml
----------------- Instantiating /home/travis/build/icyphy/ptII/ptolemy/actor/lib/test/auto/RunningMaximum.xml
2 ms. Memory: 252928K Free: 147169K (58%)
----------------- Invoking toplevel() on ptolemy.moml.MoMLSimpleApplication@6e96f131
----------------- Done invoking toplevel() on ptolemy.moml.MoMLSimpleApplication@6e96f131
reloadAllAccessors: .RunningMaximum

===========================================================================================
----------------- testing Wed Aug 28 05:36:51 UTC 2019 /home/travis/build/icyphy/ptII/ptolemy/actor/lib/test/auto/RunningMinimum.xml
----------------- Instantiating /home/travis/build/icyphy/ptII/ptolemy/actor/lib/test/auto/RunningMinimum.xml
2 ms. Memory: 252928K Free: 142559K (56%)
----------------- Invoking toplevel() on ptolemy.moml.MoMLSimpleApplication@62474107
----------------- Done invoking toplevel() on ptolemy.moml.MoMLSimpleApplication@62474107
reloadAllAccessors: .RunningMinimum

===========================================================================================
----------------- testing Wed Aug 28 05:36:51 UTC 2019 /home/travis/build/icyphy/ptII/ptolemy/actor/lib/test/auto/Scale.xml
----------------- Instantiating /home/travis/build/icyphy/ptII/ptolemy/actor/lib/test/auto/Scale.xml
5 ms. Memory: 252928K Free: 138463K (55%)
----------------- Invoking toplevel() on ptolemy.moml.MoMLSimpleApplication@705b0c8a
----------------- Done invoking toplevel() on ptolemy.moml.MoMLSimpleApplication@705b0c8a
reloadAllAccessors: .Scale

===========================================================================================
----------------- testing Wed Aug 28 05:36:51 UTC 2019 /home/travis/build/icyphy/ptII/ptolemy/actor/lib/test/auto/Scale2.xml
----------------- Instantiating /home/travis/build/icyphy/ptII/ptolemy/actor/lib/test/auto/Scale2.xml
9 ms. Memory: 252928K Free: 133343K (53%)
----------------- Invoking toplevel() on ptolemy.moml.MoMLSimpleApplication@17c06613
----------------- Done invoking toplevel() on ptolemy.moml.MoMLSimpleApplication@17c06613
reloadAllAccessors: .Scale2

===========================================================================================
----------------- testing Wed Aug 28 05:36:51 UTC 2019 /home/travis/build/icyphy/ptII/ptolemy/actor/lib/test/auto/Scale3.xml
----------------- Instantiating /home/travis/build/icyphy/ptII/ptolemy/actor/lib/test/auto/Scale3.xml
4 ms. Memory: 252928K Free: 127199K (50%)
----------------- Invoking toplevel() on ptolemy.moml.MoMLSimpleApplication@2580bd39
----------------- Done invoking toplevel() on ptolemy.moml.MoMLSimpleApplication@2580bd39
reloadAllAccessors: .Scale3

===========================================================================================
----------------- testing Wed Aug 28 05:36:51 UTC 2019 /home/travis/build/icyphy/ptII/ptolemy/actor/lib/test/auto/ScaleArray.xml
----------------- Instantiating /home/travis/build/icyphy/ptII/ptolemy/actor/lib/test/auto/ScaleArray.xml
2 ms. Memory: 252928K Free: 122593K (48%)
----------------- Invoking toplevel() on ptolemy.moml.MoMLSimpleApplication@4671ff7c
----------------- Done invoking toplevel() on ptolemy.moml.MoMLSimpleApplication@4671ff7c
reloadAllAccessors: .ScaleArray

===========================================================================================
----------------- testing Wed Aug 28 05:36:51 UTC 2019 /home/travis/build/icyphy/ptII/ptolemy/actor/lib/test/auto/ScaleArray2.xml
----------------- Instantiating /home/travis/build/icyphy/ptII/ptolemy/actor/lib/test/auto/ScaleArray2.xml
1 ms. Memory: 252928K Free: 118497K (47%)
----------------- Invoking toplevel() on ptolemy.moml.MoMLSimpleApplication@431a7091
----------------- Done invoking toplevel() on ptolemy.moml.MoMLSimpleApplication@431a7091
reloadAllAccessors: .ScaleArray2

===========================================================================================
----------------- testing Wed Aug 28 05:36:51 UTC 2019 /home/travis/build/icyphy/ptII/ptolemy/actor/lib/test/auto/ScaleMatrix.xml
----------------- Instantiating /home/travis/build/icyphy/ptII/ptolemy/actor/lib/test/auto/ScaleMatrix.xml
146 ms. Memory: 252928K Free: 105695K (42%)
----------------- Invoking toplevel() on ptolemy.moml.MoMLSimpleApplication@54954823
----------------- Done invoking toplevel() on ptolemy.moml.MoMLSimpleApplication@54954823
reloadAllAccessors: .ScaleMatrix

===========================================================================================
----------------- testing Wed Aug 28 05:36:51 UTC 2019 /home/travis/build/icyphy/ptII/ptolemy/actor/lib/test/auto/Select.xml
----------------- Instantiating /home/travis/build/icyphy/ptII/ptolemy/actor/lib/test/auto/Select.xml
3 ms. Memory: 252928K Free: 99521K (39%)
----------------- Invoking toplevel() on ptolemy.moml.MoMLSimpleApplication@23bc5c5
----------------- Done invoking toplevel() on ptolemy.moml.MoMLSimpleApplication@23bc5c5
reloadAllAccessors: .Select

===========================================================================================
----------------- testing Wed Aug 28 05:36:51 UTC 2019 /home/travis/build/icyphy/ptII/ptolemy/actor/lib/test/auto/Select2.xml
----------------- Instantiating /home/travis/build/icyphy/ptII/ptolemy/actor/lib/test/auto/Select2.xml
1 ms. Memory: 252928K Free: 94945K (38%)
----------------- Invoking toplevel() on ptolemy.moml.MoMLSimpleApplication@e602539
----------------- Done invoking toplevel() on ptolemy.moml.MoMLSimpleApplication@e602539
reloadAllAccessors: .Select2

===========================================================================================
----------------- testing Wed Aug 28 05:36:51 UTC 2019 /home/travis/build/icyphy/ptII/ptolemy/actor/lib/test/auto/SequenceToArray2.xml
----------------- Instantiating /home/travis/build/icyphy/ptII/ptolemy/actor/lib/test/auto/SequenceToArray2.xml
107 ms. Memory: 252928K Free: 70865K (28%)
----------------- Invoking toplevel() on ptolemy.moml.MoMLSimpleApplication@51ef1553
----------------- Done invoking toplevel() on ptolemy.moml.MoMLSimpleApplication@51ef1553
reloadAllAccessors: .SequenceToArray2

===========================================================================================
----------------- testing Wed Aug 28 05:36:51 UTC 2019 /home/travis/build/icyphy/ptII/ptolemy/actor/lib/test/auto/SequentialClock.xml
----------------- Instantiating /home/travis/build/icyphy/ptII/ptolemy/actor/lib/test/auto/SequentialClock.xml
2 ms. Memory: 252928K Free: 67297K (27%)
----------------- Invoking toplevel() on ptolemy.moml.MoMLSimpleApplication@4bd368ff
----------------- Done invoking toplevel() on ptolemy.moml.MoMLSimpleApplication@4bd368ff
reloadAllAccessors: .SequentialClock

===========================================================================================
----------------- testing Wed Aug 28 05:36:51 UTC 2019 /home/travis/build/icyphy/ptII/ptolemy/actor/lib/test/auto/SetVariable.xml
----------------- Instantiating /home/travis/build/icyphy/ptII/ptolemy/actor/lib/test/auto/SetVariable.xml
4 ms. Memory: 252928K Free: 62177K (25%)
----------------- Invoking toplevel() on ptolemy.moml.MoMLSimpleApplication@63b2578f
----------------- Done invoking toplevel() on ptolemy.moml.MoMLSimpleApplication@63b2578f
reloadAllAccessors: .SetVariable

===========================================================================================
----------------- testing Wed Aug 28 05:36:51 UTC 2019 /home/travis/build/icyphy/ptII/ptolemy/actor/lib/test/auto/SetVariable2.xml
----------------- Instantiating /home/travis/build/icyphy/ptII/ptolemy/actor/lib/test/auto/SetVariable2.xml
3 ms. Memory: 252928K Free: 57567K (23%)
----------------- Invoking toplevel() on ptolemy.moml.MoMLSimpleApplication@53ff3760
----------------- Done invoking toplevel() on ptolemy.moml.MoMLSimpleApplication@53ff3760
reloadAllAccessors: .SetVariable2

===========================================================================================
----------------- testing Wed Aug 28 05:36:51 UTC 2019 /home/travis/build/icyphy/ptII/ptolemy/actor/lib/test/auto/SetVariable3.xml
----------------- Instantiating /home/travis/build/icyphy/ptII/ptolemy/actor/lib/test/auto/SetVariable3.xml
5 ms. Memory: 252928K Free: 203151K (80%)
----------------- Invoking toplevel() on ptolemy.moml.MoMLSimpleApplication@653c4519
----------------- Done invoking toplevel() on ptolemy.moml.MoMLSimpleApplication@653c4519
reloadAllAccessors: .SetVariable3

===========================================================================================
----------------- testing Wed Aug 28 05:36:51 UTC 2019 /home/travis/build/icyphy/ptII/ptolemy/actor/lib/test/auto/SetVariable4.xml
----------------- Instantiating /home/travis/build/icyphy/ptII/ptolemy/actor/lib/test/auto/SetVariable4.xml
16 ms. Memory: 252928K Free: 192911K (76%)
----------------- Invoking toplevel() on ptolemy.moml.MoMLSimpleApplication@457e3cd
----------------- Done invoking toplevel() on ptolemy.moml.MoMLSimpleApplication@457e3cd
reloadAllAccessors: .SetVariable4

===========================================================================================
----------------- testing Wed Aug 28 05:36:51 UTC 2019 /home/travis/build/icyphy/ptII/ptolemy/actor/lib/test/auto/SetVariable5.xml
----------------- Instantiating /home/travis/build/icyphy/ptII/ptolemy/actor/lib/test/auto/SetVariable5.xml
19 ms. Memory: 252928K Free: 183695K (73%)
----------------- Invoking toplevel() on ptolemy.moml.MoMLSimpleApplication@432e0aca
----------------- Done invoking toplevel() on ptolemy.moml.MoMLSimpleApplication@432e0aca
reloadAllAccessors: .SetVariable5

===========================================================================================
----------------- testing Wed Aug 28 05:36:51 UTC 2019 /home/travis/build/icyphy/ptII/ptolemy/actor/lib/test/auto/Sinewave.xml
----------------- Instantiating /home/travis/build/icyphy/ptII/ptolemy/actor/lib/test/auto/Sinewave.xml
6 ms. Memory: 252928K Free: 173455K (69%)
----------------- Invoking toplevel() on ptolemy.moml.MoMLSimpleApplication@176fadea
----------------- Done invoking toplevel() on ptolemy.moml.MoMLSimpleApplication@176fadea
reloadAllAccessors: .Sinewave

===========================================================================================
----------------- testing Wed Aug 28 05:36:51 UTC 2019 /home/travis/build/icyphy/ptII/ptolemy/actor/lib/test/auto/Sinewave2.xml
----------------- Instantiating /home/travis/build/icyphy/ptII/ptolemy/actor/lib/test/auto/Sinewave2.xml
9 ms. Memory: 252928K Free: 165263K (65%)
----------------- Invoking toplevel() on ptolemy.moml.MoMLSimpleApplication@31699f67
----------------- Done invoking toplevel() on ptolemy.moml.MoMLSimpleApplication@31699f67
reloadAllAccessors: .Sinewave2

===========================================================================================
----------------- testing Wed Aug 28 05:36:51 UTC 2019 /home/travis/build/icyphy/ptII/ptolemy/actor/lib/test/auto/Sinewave3.xml
----------------- Instantiating /home/travis/build/icyphy/ptII/ptolemy/actor/lib/test/auto/Sinewave3.xml
9 ms. Memory: 252928K Free: 157071K (62%)
----------------- Invoking toplevel() on ptolemy.moml.MoMLSimpleApplication@711879ed
----------------- Done invoking toplevel() on ptolemy.moml.MoMLSimpleApplication@711879ed
reloadAllAccessors: .Sinewave3

===========================================================================================
----------------- testing Wed Aug 28 05:36:51 UTC 2019 /home/travis/build/icyphy/ptII/ptolemy/actor/lib/test/auto/SingleEvent.xml
----------------- Instantiating /home/travis/build/icyphy/ptII/ptolemy/actor/lib/test/auto/SingleEvent.xml
1 ms. Memory: 252928K Free: 152975K (60%)
----------------- Invoking toplevel() on ptolemy.moml.MoMLSimpleApplication@19fe28e6
----------------- Done invoking toplevel() on ptolemy.moml.MoMLSimpleApplication@19fe28e6
reloadAllAccessors: .SingleEvent

===========================================================================================
----------------- testing Wed Aug 28 05:36:51 UTC 2019 /home/travis/build/icyphy/ptII/ptolemy/actor/lib/test/auto/Sleep.xml
----------------- Instantiating /home/travis/build/icyphy/ptII/ptolemy/actor/lib/test/auto/Sleep.xml
6004 ms. Memory: 252928K Free: 146831K (58%)
----------------- Invoking toplevel() on ptolemy.moml.MoMLSimpleApplication@5b1a1c49
----------------- Done invoking toplevel() on ptolemy.moml.MoMLSimpleApplication@5b1a1c49
reloadAllAccessors: .Sleep

===========================================================================================
----------------- testing Wed Aug 28 05:36:57 UTC 2019 /home/travis/build/icyphy/ptII/ptolemy/actor/lib/test/auto/SleepMultipleFire.xml
----------------- Instantiating /home/travis/build/icyphy/ptII/ptolemy/actor/lib/test/auto/SleepMultipleFire.xml
1004 ms. Memory: 252928K Free: 141197K (56%)
----------------- Invoking toplevel() on ptolemy.moml.MoMLSimpleApplication@3e6990a8
----------------- Done invoking toplevel() on ptolemy.moml.MoMLSimpleApplication@3e6990a8
reloadAllAccessors: .SleepMultipleFire

===========================================================================================
----------------- testing Wed Aug 28 05:36:58 UTC 2019 /home/travis/build/icyphy/ptII/ptolemy/actor/lib/test/auto/StopDE.xml
----------------- Instantiating /home/travis/build/icyphy/ptII/ptolemy/actor/lib/test/auto/StopDE.xml
9 ms. Memory: 252928K Free: 135567K (54%)
----------------- Invoking toplevel() on ptolemy.moml.MoMLSimpleApplication@4c000017
----------------- Done invoking toplevel() on ptolemy.moml.MoMLSimpleApplication@4c000017
reloadAllAccessors: .StopDE

===========================================================================================
----------------- testing Wed Aug 28 05:36:58 UTC 2019 /home/travis/build/icyphy/ptII/ptolemy/actor/lib/test/auto/StopSDF.xml
----------------- Instantiating /home/travis/build/icyphy/ptII/ptolemy/actor/lib/test/auto/StopSDF.xml
3 ms. Memory: 252928K Free: 129933K (51%)
----------------- Invoking toplevel() on ptolemy.moml.MoMLSimpleApplication@75e208e6
----------------- Done invoking toplevel() on ptolemy.moml.MoMLSimpleApplication@75e208e6
reloadAllAccessors: .StopSDF

===========================================================================================
----------------- testing Wed Aug 28 05:36:58 UTC 2019 /home/travis/build/icyphy/ptII/ptolemy/actor/lib/test/auto/StringConstant.xml
----------------- Instantiating /home/travis/build/icyphy/ptII/ptolemy/actor/lib/test/auto/StringConstant.xml
2 ms. Memory: 252928K Free: 125327K (50%)
----------------- Invoking toplevel() on ptolemy.moml.MoMLSimpleApplication@356aedd
----------------- Done invoking toplevel() on ptolemy.moml.MoMLSimpleApplication@356aedd
reloadAllAccessors: .StringConstant

===========================================================================================
----------------- testing Wed Aug 28 05:36:58 UTC 2019 /home/travis/build/icyphy/ptII/ptolemy/actor/lib/test/auto/SubscriberPortInitialValues1.xml
----------------- Instantiating /home/travis/build/icyphy/ptII/ptolemy/actor/lib/test/auto/SubscriberPortInitialValues1.xml
9 ms. Memory: 252928K Free: 116621K (46%)
----------------- Invoking toplevel() on ptolemy.moml.MoMLSimpleApplication@56ed7ade
----------------- Done invoking toplevel() on ptolemy.moml.MoMLSimpleApplication@56ed7ade
reloadAllAccessors: .SubscriberPortInitialValues1

===========================================================================================
----------------- testing Wed Aug 28 05:36:58 UTC 2019 /home/travis/build/icyphy/ptII/ptolemy/actor/lib/test/auto/SubscriberPortInitialValues13.xml
----------------- Instantiating /home/travis/build/icyphy/ptII/ptolemy/actor/lib/test/auto/SubscriberPortInitialValues13.xml
6 ms. Memory: 252928K Free: 103823K (41%)
----------------- Invoking toplevel() on ptolemy.moml.MoMLSimpleApplication@41c9a5d9
----------------- Done invoking toplevel() on ptolemy.moml.MoMLSimpleApplication@41c9a5d9
reloadAllAccessors: .SubscriberPortInitialValues13

===========================================================================================
----------------- testing Wed Aug 28 05:36:58 UTC 2019 /home/travis/build/icyphy/ptII/ptolemy/actor/lib/test/auto/SubscriberPortInitialValues14.xml
----------------- Instantiating /home/travis/build/icyphy/ptII/ptolemy/actor/lib/test/auto/SubscriberPortInitialValues14.xml
4 ms. Memory: 252928K Free: 96141K (38%)
----------------- Invoking toplevel() on ptolemy.moml.MoMLSimpleApplication@34578dbe
----------------- Done invoking toplevel() on ptolemy.moml.MoMLSimpleApplication@34578dbe
reloadAllAccessors: .SubscriberPortInitialValues14

===========================================================================================
----------------- testing Wed Aug 28 05:36:58 UTC 2019 /home/travis/build/icyphy/ptII/ptolemy/actor/lib/test/auto/SubscriberPortInitialValues2.xml
----------------- Instantiating /home/travis/build/icyphy/ptII/ptolemy/actor/lib/test/auto/SubscriberPortInitialValues2.xml
7 ms. Memory: 252928K Free: 88463K (35%)
----------------- Invoking toplevel() on ptolemy.moml.MoMLSimpleApplication@de9ff6
----------------- Done invoking toplevel() on ptolemy.moml.MoMLSimpleApplication@de9ff6
reloadAllAccessors: .SubscriberPortInitialValues2

===========================================================================================
----------------- testing Wed Aug 28 05:36:58 UTC 2019 /home/travis/build/icyphy/ptII/ptolemy/actor/lib/test/auto/SubscriberPortInitialValues3.xml
----------------- Instantiating /home/travis/build/icyphy/ptII/ptolemy/actor/lib/test/auto/SubscriberPortInitialValues3.xml
6 ms. Memory: 252928K Free: 77199K (31%)
----------------- Invoking toplevel() on ptolemy.moml.MoMLSimpleApplication@6e1a4035
----------------- Done invoking toplevel() on ptolemy.moml.MoMLSimpleApplication@6e1a4035
reloadAllAccessors: .SubscriberPortInitialValues3

===========================================================================================
----------------- testing Wed Aug 28 05:36:58 UTC 2019 /home/travis/build/icyphy/ptII/ptolemy/actor/lib/test/auto/SubscriptionAggregator.xml
----------------- Instantiating /home/travis/build/icyphy/ptII/ptolemy/actor/lib/test/auto/SubscriptionAggregator.xml
2 ms. Memory: 252928K Free: 70527K (28%)
----------------- Invoking toplevel() on ptolemy.moml.MoMLSimpleApplication@3516bcac
----------------- Done invoking toplevel() on ptolemy.moml.MoMLSimpleApplication@3516bcac
reloadAllAccessors: .SubscriptionAggregator

===========================================================================================
----------------- testing Wed Aug 28 05:36:58 UTC 2019 /home/travis/build/icyphy/ptII/ptolemy/actor/lib/test/auto/SubscriptionAggregator2.xml
----------------- Instantiating /home/travis/build/icyphy/ptII/ptolemy/actor/lib/test/auto/SubscriptionAggregator2.xml
2 ms. Memory: 252928K Free: 63887K (25%)
----------------- Invoking toplevel() on ptolemy.moml.MoMLSimpleApplication@15106249
----------------- Done invoking toplevel() on ptolemy.moml.MoMLSimpleApplication@15106249
reloadAllAccessors: .SubscriptionAggregator2

===========================================================================================
----------------- testing Wed Aug 28 05:36:58 UTC 2019 /home/travis/build/icyphy/ptII/ptolemy/actor/lib/test/auto/SubscriptionAggregator3.xml
----------------- Instantiating /home/travis/build/icyphy/ptII/ptolemy/actor/lib/test/auto/SubscriptionAggregator3.xml
4 ms. Memory: 252928K Free: 55181K (22%)
----------------- Invoking toplevel() on ptolemy.moml.MoMLSimpleApplication@258aabb1
----------------- Done invoking toplevel() on ptolemy.moml.MoMLSimpleApplication@258aabb1
reloadAllAccessors: .SubscriptionAggregator3

===========================================================================================
----------------- testing Wed Aug 28 05:36:59 UTC 2019 /home/travis/build/icyphy/ptII/ptolemy/actor/lib/test/auto/SubscriptionAggregatorMultiply.xml
----------------- Instantiating /home/travis/build/icyphy/ptII/ptolemy/actor/lib/test/auto/SubscriptionAggregatorMultiply.xml
12 ms. Memory: 252928K Free: 195476K (77%)
----------------- Invoking toplevel() on ptolemy.moml.MoMLSimpleApplication@637f0832
----------------- Done invoking toplevel() on ptolemy.moml.MoMLSimpleApplication@637f0832
reloadAllAccessors: .SubscriptionAggregatorMultiply

===========================================================================================
----------------- testing Wed Aug 28 05:36:59 UTC 2019 /home/travis/build/icyphy/ptII/ptolemy/actor/lib/test/auto/SubscriptionAggregatorPortMultiply1.xml
----------------- Instantiating /home/travis/build/icyphy/ptII/ptolemy/actor/lib/test/auto/SubscriptionAggregatorPortMultiply1.xml
5 ms. Memory: 252928K Free: 187290K (74%)
----------------- Invoking toplevel() on ptolemy.moml.MoMLSimpleApplication@4da5e2e1
----------------- Done invoking toplevel() on ptolemy.moml.MoMLSimpleApplication@4da5e2e1
reloadAllAccessors: .SubscriptionAggregatorPortMultiply1

===========================================================================================
----------------- testing Wed Aug 28 05:36:59 UTC 2019 /home/travis/build/icyphy/ptII/ptolemy/actor/lib/test/auto/Switch.xml
----------------- Instantiating /home/travis/build/icyphy/ptII/ptolemy/actor/lib/test/auto/Switch.xml
9 ms. Memory: 252928K Free: 179098K (71%)
----------------- Invoking toplevel() on ptolemy.moml.MoMLSimpleApplication@4c16357e
----------------- Done invoking toplevel() on ptolemy.moml.MoMLSimpleApplication@4c16357e
reloadAllAccessors: .Switch

===========================================================================================
----------------- testing Wed Aug 28 05:36:59 UTC 2019 /home/travis/build/icyphy/ptII/ptolemy/actor/lib/test/auto/Switch2.xml
----------------- Instantiating /home/travis/build/icyphy/ptII/ptolemy/actor/lib/test/auto/Switch2.xml
2 ms. Memory: 252928K Free: 174492K (69%)
----------------- Invoking toplevel() on ptolemy.moml.MoMLSimpleApplication@6c253331
----------------- Done invoking toplevel() on ptolemy.moml.MoMLSimpleApplication@6c253331
reloadAllAccessors: .Switch2

===========================================================================================
----------------- testing Wed Aug 28 05:36:59 UTC 2019 /home/travis/build/icyphy/ptII/ptolemy/actor/lib/test/auto/SwitchDE.xml
----------------- Instantiating /home/travis/build/icyphy/ptII/ptolemy/actor/lib/test/auto/SwitchDE.xml
4 ms. Memory: 252928K Free: 168348K (67%)
----------------- Invoking toplevel() on ptolemy.moml.MoMLSimpleApplication@48f80b15
----------------- Done invoking toplevel() on ptolemy.moml.MoMLSimpleApplication@48f80b15
reloadAllAccessors: .SwitchDE

===========================================================================================
----------------- testing Wed Aug 28 05:36:59 UTC 2019 /home/travis/build/icyphy/ptII/ptolemy/actor/lib/test/auto/SynchronizerDE.xml
----------------- Instantiating /home/travis/build/icyphy/ptII/ptolemy/actor/lib/test/auto/SynchronizerDE.xml
5 ms. Memory: 252928K Free: 160156K (63%)
----------------- Invoking toplevel() on ptolemy.moml.MoMLSimpleApplication@6b817279
----------------- Done invoking toplevel() on ptolemy.moml.MoMLSimpleApplication@6b817279
reloadAllAccessors: .SynchronizerDE

===========================================================================================
----------------- testing Wed Aug 28 05:36:59 UTC 2019 /home/travis/build/icyphy/ptII/ptolemy/actor/lib/test/auto/Test.xml
----------------- Instantiating /home/travis/build/icyphy/ptII/ptolemy/actor/lib/test/auto/Test.xml
10 ms. Memory: 252928K Free: 155036K (61%)
----------------- Invoking toplevel() on ptolemy.moml.MoMLSimpleApplication@7b5d20e5
----------------- Done invoking toplevel() on ptolemy.moml.MoMLSimpleApplication@7b5d20e5
reloadAllAccessors: .Test

===========================================================================================
----------------- testing Wed Aug 28 05:36:59 UTC 2019 /home/travis/build/icyphy/ptII/ptolemy/actor/lib/test/auto/TestExceptionAttribute1.xml
----------------- Instantiating /home/travis/build/icyphy/ptII/ptolemy/actor/lib/test/auto/TestExceptionAttribute1.xml
1 ms. Memory: 252928K Free: 151450K (60%)
----------------- Invoking toplevel() on ptolemy.moml.MoMLSimpleApplication@4f8ae44d
----------------- Done invoking toplevel() on ptolemy.moml.MoMLSimpleApplication@4f8ae44d
reloadAllAccessors: .TestExceptionAttribute1

===========================================================================================
----------------- testing Wed Aug 28 05:36:59 UTC 2019 /home/travis/build/icyphy/ptII/ptolemy/actor/lib/test/auto/TestExceptionAttribute2.xml
----------------- Instantiating /home/travis/build/icyphy/ptII/ptolemy/actor/lib/test/auto/TestExceptionAttribute2.xml
2 ms. Memory: 252928K Free: 147868K (58%)
----------------- Invoking toplevel() on ptolemy.moml.MoMLSimpleApplication@518771e6
----------------- Done invoking toplevel() on ptolemy.moml.MoMLSimpleApplication@518771e6
reloadAllAccessors: .TestExceptionAttribute2

===========================================================================================
----------------- testing Wed Aug 28 05:36:59 UTC 2019 /home/travis/build/icyphy/ptII/ptolemy/actor/lib/test/auto/TestExceptionAttribute3.xml
----------------- Instantiating /home/travis/build/icyphy/ptII/ptolemy/actor/lib/test/auto/TestExceptionAttribute3.xml
.TestExceptionAttribute3.TestExceptionAttribute: initialize() was not invoked, but wrapup() was.  This is unusual, but not always a problem.  For example, exporting JNLP will do this.
1 ms. Memory: 252928K Free: 144282K (57%)
----------------- Invoking toplevel() on ptolemy.moml.MoMLSimpleApplication@e8751e7
----------------- Done invoking toplevel() on ptolemy.moml.MoMLSimpleApplication@e8751e7
reloadAllAccessors: .TestExceptionAttribute3

===========================================================================================
----------------- testing Wed Aug 28 05:36:59 UTC 2019 /home/travis/build/icyphy/ptII/ptolemy/actor/lib/test/auto/TestExceptionAttribute4.xml
----------------- Instantiating /home/travis/build/icyphy/ptII/ptolemy/actor/lib/test/auto/TestExceptionAttribute4.xml
.TestExceptionAttribute4.TestExceptionAttribute: initialize() was not invoked, but wrapup() was.  This is unusual, but not always a problem.  For example, exporting JNLP will do this.
.TestExceptionAttribute4.TestExceptionAttribute2: initialize() was not invoked, but wrapup() was.  This is unusual, but not always a problem.  For example, exporting JNLP will do this.
0 ms. Memory: 252928K Free: 140186K (55%)
----------------- Invoking toplevel() on ptolemy.moml.MoMLSimpleApplication@1c064c94
----------------- Done invoking toplevel() on ptolemy.moml.MoMLSimpleApplication@1c064c94
reloadAllAccessors: .TestExceptionAttribute4

===========================================================================================
----------------- testing Wed Aug 28 05:36:59 UTC 2019 /home/travis/build/icyphy/ptII/ptolemy/actor/lib/test/auto/TestExceptionHandler1.xml
----------------- Instantiating /home/travis/build/icyphy/ptII/ptolemy/actor/lib/test/auto/TestExceptionHandler1.xml
0 ms. Memory: 252928K Free: 136090K (54%)
----------------- Invoking toplevel() on ptolemy.moml.MoMLSimpleApplication@694be35
----------------- Done invoking toplevel() on ptolemy.moml.MoMLSimpleApplication@694be35
reloadAllAccessors: .TestExceptionHandler1

===========================================================================================
----------------- testing Wed Aug 28 05:36:59 UTC 2019 /home/travis/build/icyphy/ptII/ptolemy/actor/lib/test/auto/TestExceptionHandler2.xml
----------------- Instantiating /home/travis/build/icyphy/ptII/ptolemy/actor/lib/test/auto/TestExceptionHandler2.xml
2 ms. Memory: 252928K Free: 132508K (52%)
----------------- Invoking toplevel() on ptolemy.moml.MoMLSimpleApplication@1d9d5731
----------------- Done invoking toplevel() on ptolemy.moml.MoMLSimpleApplication@1d9d5731
reloadAllAccessors: .TestExceptionHandler2

===========================================================================================
----------------- testing Wed Aug 28 05:36:59 UTC 2019 /home/travis/build/icyphy/ptII/ptolemy/actor/lib/test/auto/TestExceptionHandler3.xml
----------------- Instantiating /home/travis/build/icyphy/ptII/ptolemy/actor/lib/test/auto/TestExceptionHandler3.xml
1 ms. Memory: 252928K Free: 128922K (51%)
----------------- Invoking toplevel() on ptolemy.moml.MoMLSimpleApplication@4edd48f2
----------------- Done invoking toplevel() on ptolemy.moml.MoMLSimpleApplication@4edd48f2
reloadAllAccessors: .TestExceptionHandler3

===========================================================================================
----------------- testing Wed Aug 28 05:36:59 UTC 2019 /home/travis/build/icyphy/ptII/ptolemy/actor/lib/test/auto/TestExceptionHandler4.xml
----------------- Instantiating /home/travis/build/icyphy/ptII/ptolemy/actor/lib/test/auto/TestExceptionHandler4.xml
1 ms. Memory: 252928K Free: 124826K (49%)
----------------- Invoking toplevel() on ptolemy.moml.MoMLSimpleApplication@63edbd6d
----------------- Done invoking toplevel() on ptolemy.moml.MoMLSimpleApplication@63edbd6d
reloadAllAccessors: .TestExceptionHandler4

===========================================================================================
----------------- testing Wed Aug 28 05:36:59 UTC 2019 /home/travis/build/icyphy/ptII/ptolemy/actor/lib/test/auto/TestRequireCorrectOrder.xml
----------------- Instantiating /home/travis/build/icyphy/ptII/ptolemy/actor/lib/test/auto/TestRequireCorrectOrder.xml
6 ms. Memory: 252928K Free: 119676K (47%)
----------------- Invoking toplevel() on ptolemy.moml.MoMLSimpleApplication@223d734a
----------------- Done invoking toplevel() on ptolemy.moml.MoMLSimpleApplication@223d734a
reloadAllAccessors: .TestRequireCorrectOrder

===========================================================================================
----------------- testing Wed Aug 28 05:36:59 UTC 2019 /home/travis/build/icyphy/ptII/ptolemy/actor/lib/test/auto/TestSimple.xml
----------------- Instantiating /home/travis/build/icyphy/ptII/ptolemy/actor/lib/test/auto/TestSimple.xml
3 ms. Memory: 252928K Free: 115100K (46%)
----------------- Invoking toplevel() on ptolemy.moml.MoMLSimpleApplication@73d9db52
----------------- Done invoking toplevel() on ptolemy.moml.MoMLSimpleApplication@73d9db52
reloadAllAccessors: .TestSimple

===========================================================================================
----------------- testing Wed Aug 28 05:36:59 UTC 2019 /home/travis/build/icyphy/ptII/ptolemy/actor/lib/test/auto/ThrowModelError.xml
----------------- Instantiating /home/travis/build/icyphy/ptII/ptolemy/actor/lib/test/auto/ThrowModelError.xml
1 ms. Memory: 252928K Free: 110490K (44%)
----------------- Invoking toplevel() on ptolemy.moml.MoMLSimpleApplication@698889cc
----------------- Done invoking toplevel() on ptolemy.moml.MoMLSimpleApplication@698889cc
reloadAllAccessors: .ThrowModelError

===========================================================================================
----------------- testing Wed Aug 28 05:36:59 UTC 2019 /home/travis/build/icyphy/ptII/ptolemy/actor/lib/test/auto/TimeDelayMicrosteps.xml
----------------- Instantiating /home/travis/build/icyphy/ptII/ptolemy/actor/lib/test/auto/TimeDelayMicrosteps.xml
5 ms. Memory: 252928K Free: 103836K (41%)
----------------- Invoking toplevel() on ptolemy.moml.MoMLSimpleApplication@192d970d
----------------- Done invoking toplevel() on ptolemy.moml.MoMLSimpleApplication@192d970d
reloadAllAccessors: .TimeDelayMicrosteps

===========================================================================================
----------------- testing Wed Aug 28 05:36:59 UTC 2019 /home/travis/build/icyphy/ptII/ptolemy/actor/lib/test/auto/TimeDelayMicrosteps2.xml
----------------- Instantiating /home/travis/build/icyphy/ptII/ptolemy/actor/lib/test/auto/TimeDelayMicrosteps2.xml
5 ms. Memory: 252928K Free: 96668K (38%)
----------------- Invoking toplevel() on ptolemy.moml.MoMLSimpleApplication@de90990
----------------- Done invoking toplevel() on ptolemy.moml.MoMLSimpleApplication@de90990
reloadAllAccessors: .TimeDelayMicrosteps2

===========================================================================================
----------------- testing Wed Aug 28 05:36:59 UTC 2019 /home/travis/build/icyphy/ptII/ptolemy/actor/lib/test/auto/TimeDelayMicrosteps3.xml
----------------- Instantiating /home/travis/build/icyphy/ptII/ptolemy/actor/lib/test/auto/TimeDelayMicrosteps3.xml
5 ms. Memory: 252928K Free: 89500K (35%)
----------------- Invoking toplevel() on ptolemy.moml.MoMLSimpleApplication@27e33b71
----------------- Done invoking toplevel() on ptolemy.moml.MoMLSimpleApplication@27e33b71
reloadAllAccessors: .TimeDelayMicrosteps3

===========================================================================================
----------------- testing Wed Aug 28 05:36:59 UTC 2019 /home/travis/build/icyphy/ptII/ptolemy/actor/lib/test/auto/TimeDelayVariableMicrosteps.xml
----------------- Instantiating /home/travis/build/icyphy/ptII/ptolemy/actor/lib/test/auto/TimeDelayVariableMicrosteps.xml
4 ms. Memory: 252928K Free: 82842K (33%)
----------------- Invoking toplevel() on ptolemy.moml.MoMLSimpleApplication@6f2b4e43
----------------- Done invoking toplevel() on ptolemy.moml.MoMLSimpleApplication@6f2b4e43
reloadAllAccessors: .TimeDelayVariableMicrosteps

===========================================================================================
----------------- testing Wed Aug 28 05:36:59 UTC 2019 /home/travis/build/icyphy/ptII/ptolemy/actor/lib/test/auto/TimeGap.xml
----------------- Instantiating /home/travis/build/icyphy/ptII/ptolemy/actor/lib/test/auto/TimeGap.xml
11 ms. Memory: 252928K Free: 77708K (31%)
----------------- Invoking toplevel() on ptolemy.moml.MoMLSimpleApplication@694bb4f2
----------------- Done invoking toplevel() on ptolemy.moml.MoMLSimpleApplication@694bb4f2
reloadAllAccessors: .TimeGap

===========================================================================================
----------------- testing Wed Aug 28 05:36:59 UTC 2019 /home/travis/build/icyphy/ptII/ptolemy/actor/lib/test/auto/TimeGap2.xml
----------------- Instantiating /home/travis/build/icyphy/ptII/ptolemy/actor/lib/test/auto/TimeGap2.xml
2 ms. Memory: 252928K Free: 72092K (29%)
----------------- Invoking toplevel() on ptolemy.moml.MoMLSimpleApplication@2c57c19
----------------- Done invoking toplevel() on ptolemy.moml.MoMLSimpleApplication@2c57c19
reloadAllAccessors: .TimeGap2

===========================================================================================
----------------- testing Wed Aug 28 05:36:59 UTC 2019 /home/travis/build/icyphy/ptII/ptolemy/actor/lib/test/auto/TimedSinewave.xml
----------------- Instantiating /home/travis/build/icyphy/ptII/ptolemy/actor/lib/test/auto/TimedSinewave.xml
29 ms. Memory: 252928K Free: 57756K (23%)
----------------- Invoking toplevel() on ptolemy.moml.MoMLSimpleApplication@565ab7d7
----------------- Done invoking toplevel() on ptolemy.moml.MoMLSimpleApplication@565ab7d7
reloadAllAccessors: .TimedSinewave

===========================================================================================
----------------- testing Wed Aug 28 05:36:59 UTC 2019 /home/travis/build/icyphy/ptII/ptolemy/actor/lib/test/auto/TimedSinewavePhase.xml
----------------- Instantiating /home/travis/build/icyphy/ptII/ptolemy/actor/lib/test/auto/TimedSinewavePhase.xml
10 ms. Memory: 252928K Free: 196992K (78%)
----------------- Invoking toplevel() on ptolemy.moml.MoMLSimpleApplication@391d0f86
----------------- Done invoking toplevel() on ptolemy.moml.MoMLSimpleApplication@391d0f86
reloadAllAccessors: .TimedSinewavePhase

===========================================================================================
----------------- testing Wed Aug 28 05:36:59 UTC 2019 /home/travis/build/icyphy/ptII/ptolemy/actor/lib/test/auto/Timer.xml
----------------- Instantiating /home/travis/build/icyphy/ptII/ptolemy/actor/lib/test/auto/Timer.xml
2 ms. Memory: 252928K Free: 190848K (75%)
----------------- Invoking toplevel() on ptolemy.moml.MoMLSimpleApplication@70e3f6e3
----------------- Done invoking toplevel() on ptolemy.moml.MoMLSimpleApplication@70e3f6e3
reloadAllAccessors: .Timer

===========================================================================================
----------------- testing Wed Aug 28 05:36:59 UTC 2019 /home/travis/build/icyphy/ptII/ptolemy/actor/lib/test/auto/TriangularDistTestModel.xml
----------------- Instantiating /home/travis/build/icyphy/ptII/ptolemy/actor/lib/test/auto/TriangularDistTestModel.xml
2 ms. Memory: 252928K Free: 185218K (73%)
----------------- Invoking toplevel() on ptolemy.moml.MoMLSimpleApplication@79de3d45
----------------- Done invoking toplevel() on ptolemy.moml.MoMLSimpleApplication@79de3d45
reloadAllAccessors: .TriangularDistTestModel

===========================================================================================
----------------- testing Wed Aug 28 05:36:59 UTC 2019 /home/travis/build/icyphy/ptII/ptolemy/actor/lib/test/auto/TrigFunction.xml
----------------- Instantiating /home/travis/build/icyphy/ptII/ptolemy/actor/lib/test/auto/TrigFunction.xml
2 ms. Memory: 252928K Free: 180608K (71%)
----------------- Invoking toplevel() on ptolemy.moml.MoMLSimpleApplication@7baf1f8f
----------------- Done invoking toplevel() on ptolemy.moml.MoMLSimpleApplication@7baf1f8f
reloadAllAccessors: .TrigFunction

===========================================================================================
----------------- testing Wed Aug 28 05:36:59 UTC 2019 /home/travis/build/icyphy/ptII/ptolemy/actor/lib/test/auto/TrigFunctionDE.xml
----------------- Instantiating /home/travis/build/icyphy/ptII/ptolemy/actor/lib/test/auto/TrigFunctionDE.xml
2 ms. Memory: 252928K Free: 174978K (69%)
----------------- Invoking toplevel() on ptolemy.moml.MoMLSimpleApplication@a03f7b7
----------------- Done invoking toplevel() on ptolemy.moml.MoMLSimpleApplication@a03f7b7
reloadAllAccessors: .TrigFunctionDE

===========================================================================================
----------------- testing Wed Aug 28 05:36:59 UTC 2019 /home/travis/build/icyphy/ptII/ptolemy/actor/lib/test/auto/TrigFunctionInverse.xml
----------------- Instantiating /home/travis/build/icyphy/ptII/ptolemy/actor/lib/test/auto/TrigFunctionInverse.xml
2 ms. Memory: 252928K Free: 169858K (67%)
----------------- Invoking toplevel() on ptolemy.moml.MoMLSimpleApplication@7ecae058
----------------- Done invoking toplevel() on ptolemy.moml.MoMLSimpleApplication@7ecae058
reloadAllAccessors: .TrigFunctionInverse

===========================================================================================
----------------- testing Wed Aug 28 05:36:59 UTC 2019 /home/travis/build/icyphy/ptII/ptolemy/actor/lib/test/auto/TrigFunctionTan.xml
----------------- Instantiating /home/travis/build/icyphy/ptII/ptolemy/actor/lib/test/auto/TrigFunctionTan.xml
2 ms. Memory: 252928K Free: 165762K (66%)
----------------- Invoking toplevel() on ptolemy.moml.MoMLSimpleApplication@294a29bc
----------------- Done invoking toplevel() on ptolemy.moml.MoMLSimpleApplication@294a29bc
reloadAllAccessors: .TrigFunctionTan

===========================================================================================
----------------- testing Wed Aug 28 05:36:59 UTC 2019 /home/travis/build/icyphy/ptII/ptolemy/actor/lib/test/auto/TriggeredClock.xml
----------------- Instantiating /home/travis/build/icyphy/ptII/ptolemy/actor/lib/test/auto/TriggeredClock.xml
2 ms. Memory: 252928K Free: 160610K (64%)
----------------- Invoking toplevel() on ptolemy.moml.MoMLSimpleApplication@83788ae
----------------- Done invoking toplevel() on ptolemy.moml.MoMLSimpleApplication@83788ae
reloadAllAccessors: .TriggeredClock

===========================================================================================
----------------- testing Wed Aug 28 05:36:59 UTC 2019 /home/travis/build/icyphy/ptII/ptolemy/actor/lib/test/auto/URLDirectoryReader.xml
----------------- Instantiating /home/travis/build/icyphy/ptII/ptolemy/actor/lib/test/auto/URLDirectoryReader.xml
43 ms. Memory: 252928K Free: 151426K (60%)
----------------- Invoking toplevel() on ptolemy.moml.MoMLSimpleApplication@4a25b4c3
----------------- Done invoking toplevel() on ptolemy.moml.MoMLSimpleApplication@4a25b4c3
reloadAllAccessors: .URLDirectoryReader

===========================================================================================
----------------- testing Wed Aug 28 05:36:59 UTC 2019 /home/travis/build/icyphy/ptII/ptolemy/actor/lib/test/auto/URLDirectoryReader3.xml
----------------- Instantiating /home/travis/build/icyphy/ptII/ptolemy/actor/lib/test/auto/URLDirectoryReader3.xml
1193 ms. Memory: 252928K Free: 194536K (77%)
----------------- Invoking toplevel() on ptolemy.moml.MoMLSimpleApplication@4f877c6f
----------------- Done invoking toplevel() on ptolemy.moml.MoMLSimpleApplication@4f877c6f
reloadAllAccessors: .URLDirectoryReader3

===========================================================================================
----------------- testing Wed Aug 28 05:37:01 UTC 2019 /home/travis/build/icyphy/ptII/ptolemy/actor/lib/test/auto/UnaryMathFunction.xml
----------------- Instantiating /home/travis/build/icyphy/ptII/ptolemy/actor/lib/test/auto/UnaryMathFunction.xml
2 ms. Memory: 252928K Free: 186333K (74%)
----------------- Invoking toplevel() on ptolemy.moml.MoMLSimpleApplication@4e508062
----------------- Done invoking toplevel() on ptolemy.moml.MoMLSimpleApplication@4e508062
reloadAllAccessors: .UnaryMathFunction

===========================================================================================
----------------- testing Wed Aug 28 05:37:01 UTC 2019 /home/travis/build/icyphy/ptII/ptolemy/actor/lib/test/auto/Uniform.xml
----------------- Instantiating /home/travis/build/icyphy/ptII/ptolemy/actor/lib/test/auto/Uniform.xml
5 ms. Memory: 252928K Free: 180703K (71%)
----------------- Invoking toplevel() on ptolemy.moml.MoMLSimpleApplication@1be23485
----------------- Done invoking toplevel() on ptolemy.moml.MoMLSimpleApplication@1be23485
reloadAllAccessors: .Uniform

===========================================================================================
----------------- testing Wed Aug 28 05:37:01 UTC 2019 /home/travis/build/icyphy/ptII/ptolemy/actor/lib/test/auto/UnionDisassemblerTest.xml
----------------- Instantiating /home/travis/build/icyphy/ptII/ptolemy/actor/lib/test/auto/UnionDisassemblerTest.xml
30 ms. Memory: 252928K Free: 177087K (70%)
----------------- Invoking toplevel() on ptolemy.moml.MoMLSimpleApplication@67b3031d
----------------- Done invoking toplevel() on ptolemy.moml.MoMLSimpleApplication@67b3031d
reloadAllAccessors: .UnionDisassemblerTest

===========================================================================================
----------------- testing Wed Aug 28 05:37:01 UTC 2019 /home/travis/build/icyphy/ptII/ptolemy/actor/lib/test/auto/UtilityFunctions.xml
----------------- Instantiating /home/travis/build/icyphy/ptII/ptolemy/actor/lib/test/auto/UtilityFunctions.xml
2 ms. Memory: 252928K Free: 173021K (68%)
----------------- Invoking toplevel() on ptolemy.moml.MoMLSimpleApplication@ae24305
----------------- Done invoking toplevel() on ptolemy.moml.MoMLSimpleApplication@ae24305
reloadAllAccessors: .UtilityFunctions

===========================================================================================
----------------- testing Wed Aug 28 05:37:01 UTC 2019 /home/travis/build/icyphy/ptII/ptolemy/actor/lib/test/auto/VariableSleep.xml
----------------- Instantiating /home/travis/build/icyphy/ptII/ptolemy/actor/lib/test/auto/VariableSleep.xml
503 ms. Memory: 252928K Free: 167901K (66%)
----------------- Invoking toplevel() on ptolemy.moml.MoMLSimpleApplication@4747b31e
----------------- Done invoking toplevel() on ptolemy.moml.MoMLSimpleApplication@4747b31e
reloadAllAccessors: .VariableSleep

===========================================================================================
----------------- testing Wed Aug 28 05:37:01 UTC 2019 /home/travis/build/icyphy/ptII/ptolemy/actor/lib/test/auto/VectorAssemblerDisassemblerCT.xml
----------------- Instantiating /home/travis/build/icyphy/ptII/ptolemy/actor/lib/test/auto/VectorAssemblerDisassemblerCT.xml
91 ms. Memory: 252928K Free: 146911K (58%)
----------------- Invoking toplevel() on ptolemy.moml.MoMLSimpleApplication@21ad7f8
----------------- Done invoking toplevel() on ptolemy.moml.MoMLSimpleApplication@21ad7f8
reloadAllAccessors: .VectorAssemblerDisassemblerCT

===========================================================================================
----------------- testing Wed Aug 28 05:37:01 UTC 2019 /home/travis/build/icyphy/ptII/ptolemy/actor/lib/test/auto/VectorAssemblerDisassemblerDE.xml
----------------- Instantiating /home/travis/build/icyphy/ptII/ptolemy/actor/lib/test/auto/VectorAssemblerDisassemblerDE.xml
4 ms. Memory: 252928K Free: 139743K (55%)
----------------- Invoking toplevel() on ptolemy.moml.MoMLSimpleApplication@24c6eab5
----------------- Done invoking toplevel() on ptolemy.moml.MoMLSimpleApplication@24c6eab5
reloadAllAccessors: .VectorAssemblerDisassemblerDE

===========================================================================================
----------------- testing Wed Aug 28 05:37:02 UTC 2019 /home/travis/build/icyphy/ptII/ptolemy/actor/lib/test/auto/VectorAssemblerDisassemblerSDF.xml
----------------- Instantiating /home/travis/build/icyphy/ptII/ptolemy/actor/lib/test/auto/VectorAssemblerDisassemblerSDF.xml
2 ms. Memory: 252928K Free: 133599K (53%)
----------------- Invoking toplevel() on ptolemy.moml.MoMLSimpleApplication@75070ef4
----------------- Done invoking toplevel() on ptolemy.moml.MoMLSimpleApplication@75070ef4
reloadAllAccessors: .VectorAssemblerDisassemblerSDF

===========================================================================================
----------------- testing Wed Aug 28 05:37:02 UTC 2019 /home/travis/build/icyphy/ptII/ptolemy/actor/lib/test/auto/WallClockTime.xml
----------------- Instantiating /home/travis/build/icyphy/ptII/ptolemy/actor/lib/test/auto/WallClockTime.xml
1005 ms. Memory: 252928K Free: 128479K (51%)
----------------- Invoking toplevel() on ptolemy.moml.MoMLSimpleApplication@5370e089
----------------- Done invoking toplevel() on ptolemy.moml.MoMLSimpleApplication@5370e089
reloadAllAccessors: .WallClockTime

===========================================================================================
----------------- testing Wed Aug 28 05:37:03 UTC 2019 /home/travis/build/icyphy/ptII/ptolemy/actor/lib/test/auto/WidthTestWithSubscriberPublisher.xml
----------------- Instantiating /home/travis/build/icyphy/ptII/ptolemy/actor/lib/test/auto/WidthTestWithSubscriberPublisher.xml
8 ms. Memory: 252928K Free: 110557K (44%)
----------------- Invoking toplevel() on ptolemy.moml.MoMLSimpleApplication@512d36bb
----------------- Done invoking toplevel() on ptolemy.moml.MoMLSimpleApplication@512d36bb
reloadAllAccessors: .WidthTestWithSubscriberPublisher

===========================================================================================
----------------- testing Wed Aug 28 05:37:03 UTC 2019 /home/travis/build/icyphy/ptII/ptolemy/actor/lib/test/auto/WidthTestWithSubscriberPublisher2.xml
----------------- Instantiating /home/travis/build/icyphy/ptII/ptolemy/actor/lib/test/auto/WidthTestWithSubscriberPublisher2.xml
5 ms. Memory: 252928K Free: 103389K (41%)
----------------- Invoking toplevel() on ptolemy.moml.MoMLSimpleApplication@57bdb91d
----------------- Done invoking toplevel() on ptolemy.moml.MoMLSimpleApplication@57bdb91d
reloadAllAccessors: .WidthTestWithSubscriberPublisher2

===========================================================================================
----------------- testing Wed Aug 28 05:37:03 UTC 2019 /home/travis/build/icyphy/ptII/ptolemy/actor/lib/test/auto/WidthTestWithSubscriberPublisher3.xml
----------------- Instantiating /home/travis/build/icyphy/ptII/ptolemy/actor/lib/test/auto/WidthTestWithSubscriberPublisher3.xml
2 ms. Memory: 252928K Free: 97759K (39%)
----------------- Invoking toplevel() on ptolemy.moml.MoMLSimpleApplication@3b22ddc0
----------------- Done invoking toplevel() on ptolemy.moml.MoMLSimpleApplication@3b22ddc0
reloadAllAccessors: .WidthTestWithSubscriberPublisher3

===========================================================================================
----------------- testing Wed Aug 28 05:37:03 UTC 2019 /home/travis/build/icyphy/ptII/ptolemy/actor/lib/test/auto/Writer.xml
----------------- Instantiating /home/travis/build/icyphy/ptII/ptolemy/actor/lib/test/auto/Writer.xml
0
1
2
3
4
2 ms. Memory: 252928K Free: 93663K (37%)
----------------- Invoking toplevel() on ptolemy.moml.MoMLSimpleApplication@53bc0e52
----------------- Done invoking toplevel() on ptolemy.moml.MoMLSimpleApplication@53bc0e52
reloadAllAccessors: .Writer

===========================================================================================
----------------- testing Wed Aug 28 05:37:03 UTC 2019 /home/travis/build/icyphy/ptII/ptolemy/actor/lib/test/auto/array.xml
----------------- Instantiating /home/travis/build/icyphy/ptII/ptolemy/actor/lib/test/auto/array.xml
2 ms. Memory: 252928K Free: 89053K (35%)
----------------- Invoking toplevel() on ptolemy.moml.MoMLSimpleApplication@4c6a7f6
----------------- Done invoking toplevel() on ptolemy.moml.MoMLSimpleApplication@4c6a7f6
reloadAllAccessors: .array

===========================================================================================
----------------- testing Wed Aug 28 05:37:03 UTC 2019 /home/travis/build/icyphy/ptII/ptolemy/actor/lib/test/auto/array2.xml
----------------- Instantiating /home/travis/build/icyphy/ptII/ptolemy/actor/lib/test/auto/array2.xml
4 ms. Memory: 252928K Free: 83919K (33%)
----------------- Invoking toplevel() on ptolemy.moml.MoMLSimpleApplication@27757e8e
----------------- Done invoking toplevel() on ptolemy.moml.MoMLSimpleApplication@27757e8e
reloadAllAccessors: .array2

===========================================================================================
----------------- testing Wed Aug 28 05:37:03 UTC 2019 /home/travis/build/icyphy/ptII/ptolemy/actor/lib/test/auto/arrayType.xml
----------------- Instantiating /home/travis/build/icyphy/ptII/ptolemy/actor/lib/test/auto/arrayType.xml
2 ms. Memory: 252928K Free: 78303K (31%)
----------------- Invoking toplevel() on ptolemy.moml.MoMLSimpleApplication@1e85b71d
----------------- Done invoking toplevel() on ptolemy.moml.MoMLSimpleApplication@1e85b71d
reloadAllAccessors: .arrayType

===========================================================================================
----------------- testing Wed Aug 28 05:37:03 UTC 2019 /home/travis/build/icyphy/ptII/ptolemy/actor/lib/test/auto/arrayType10.xml
----------------- Instantiating /home/travis/build/icyphy/ptII/ptolemy/actor/lib/test/auto/arrayType10.xml
2 ms. Memory: 252928K Free: 73693K (29%)
----------------- Invoking toplevel() on ptolemy.moml.MoMLSimpleApplication@e89510e
----------------- Done invoking toplevel() on ptolemy.moml.MoMLSimpleApplication@e89510e
reloadAllAccessors: .arrayType10

===========================================================================================
----------------- testing Wed Aug 28 05:37:03 UTC 2019 /home/travis/build/icyphy/ptII/ptolemy/actor/lib/test/auto/arrayType11.xml
----------------- Instantiating /home/travis/build/icyphy/ptII/ptolemy/actor/lib/test/auto/arrayType11.xml
2 ms. Memory: 252928K Free: 69087K (27%)
----------------- Invoking toplevel() on ptolemy.moml.MoMLSimpleApplication@ad7323a
----------------- Done invoking toplevel() on ptolemy.moml.MoMLSimpleApplication@ad7323a
reloadAllAccessors: .arrayType11

===========================================================================================
----------------- testing Wed Aug 28 05:37:03 UTC 2019 /home/travis/build/icyphy/ptII/ptolemy/actor/lib/test/auto/arrayType12.xml
----------------- Instantiating /home/travis/build/icyphy/ptII/ptolemy/actor/lib/test/auto/arrayType12.xml
2 ms. Memory: 252928K Free: 64477K (25%)
----------------- Invoking toplevel() on ptolemy.moml.MoMLSimpleApplication@40ae1773
----------------- Done invoking toplevel() on ptolemy.moml.MoMLSimpleApplication@40ae1773
reloadAllAccessors: .arrayType12

===========================================================================================
----------------- testing Wed Aug 28 05:37:03 UTC 2019 /home/travis/build/icyphy/ptII/ptolemy/actor/lib/test/auto/arrayType13.xml
----------------- Instantiating /home/travis/build/icyphy/ptII/ptolemy/actor/lib/test/auto/arrayType13.xml
1 ms. Memory: 252928K Free: 59357K (23%)
----------------- Invoking toplevel() on ptolemy.moml.MoMLSimpleApplication@59af8b12
----------------- Done invoking toplevel() on ptolemy.moml.MoMLSimpleApplication@59af8b12
reloadAllAccessors: .arrayType13

===========================================================================================
----------------- testing Wed Aug 28 05:37:03 UTC 2019 /home/travis/build/icyphy/ptII/ptolemy/actor/lib/test/auto/arrayType14.xml
----------------- Instantiating /home/travis/build/icyphy/ptII/ptolemy/actor/lib/test/auto/arrayType14.xml
22 ms. Memory: 252928K Free: 198679K (79%)
----------------- Invoking toplevel() on ptolemy.moml.MoMLSimpleApplication@49396cdf
----------------- Done invoking toplevel() on ptolemy.moml.MoMLSimpleApplication@49396cdf
reloadAllAccessors: .arrayType14

===========================================================================================
----------------- testing Wed Aug 28 05:37:03 UTC 2019 /home/travis/build/icyphy/ptII/ptolemy/actor/lib/test/auto/arrayType15.xml
----------------- Instantiating /home/travis/build/icyphy/ptII/ptolemy/actor/lib/test/auto/arrayType15.xml
4 ms. Memory: 252928K Free: 193049K (76%)
----------------- Invoking toplevel() on ptolemy.moml.MoMLSimpleApplication@6b90e7e6
----------------- Done invoking toplevel() on ptolemy.moml.MoMLSimpleApplication@6b90e7e6
reloadAllAccessors: .arrayType15

===========================================================================================
----------------- testing Wed Aug 28 05:37:03 UTC 2019 /home/travis/build/icyphy/ptII/ptolemy/actor/lib/test/auto/arrayType16.xml
----------------- Instantiating /home/travis/build/icyphy/ptII/ptolemy/actor/lib/test/auto/arrayType16.xml
2 ms. Memory: 252928K Free: 187929K (74%)
----------------- Invoking toplevel() on ptolemy.moml.MoMLSimpleApplication@c95e396
----------------- Done invoking toplevel() on ptolemy.moml.MoMLSimpleApplication@c95e396
reloadAllAccessors: .arrayType16

===========================================================================================
----------------- testing Wed Aug 28 05:37:03 UTC 2019 /home/travis/build/icyphy/ptII/ptolemy/actor/lib/test/auto/arrayType17.xml
----------------- Instantiating /home/travis/build/icyphy/ptII/ptolemy/actor/lib/test/auto/arrayType17.xml
2 ms. Memory: 252928K Free: 182295K (72%)
----------------- Invoking toplevel() on ptolemy.moml.MoMLSimpleApplication@643b86aa
----------------- Done invoking toplevel() on ptolemy.moml.MoMLSimpleApplication@643b86aa
reloadAllAccessors: .arrayType17

===========================================================================================
----------------- testing Wed Aug 28 05:37:03 UTC 2019 /home/travis/build/icyphy/ptII/ptolemy/actor/lib/test/auto/arrayType18.xml
----------------- Instantiating /home/travis/build/icyphy/ptII/ptolemy/actor/lib/test/auto/arrayType18.xml
2 ms. Memory: 252928K Free: 177689K (70%)
----------------- Invoking toplevel() on ptolemy.moml.MoMLSimpleApplication@61294f50
----------------- Done invoking toplevel() on ptolemy.moml.MoMLSimpleApplication@61294f50
reloadAllAccessors: .arrayType18

===========================================================================================
----------------- testing Wed Aug 28 05:37:03 UTC 2019 /home/travis/build/icyphy/ptII/ptolemy/actor/lib/test/auto/arrayType19.xml
----------------- Instantiating /home/travis/build/icyphy/ptII/ptolemy/actor/lib/test/auto/arrayType19.xml
2 ms. Memory: 252928K Free: 173079K (68%)
----------------- Invoking toplevel() on ptolemy.moml.MoMLSimpleApplication@21021541
----------------- Done invoking toplevel() on ptolemy.moml.MoMLSimpleApplication@21021541
reloadAllAccessors: .arrayType19

===========================================================================================
----------------- testing Wed Aug 28 05:37:03 UTC 2019 /home/travis/build/icyphy/ptII/ptolemy/actor/lib/test/auto/arrayType2.xml
----------------- Instantiating /home/travis/build/icyphy/ptII/ptolemy/actor/lib/test/auto/arrayType2.xml
2 ms. Memory: 252928K Free: 167959K (66%)
----------------- Invoking toplevel() on ptolemy.moml.MoMLSimpleApplication@64f011a3
----------------- Done invoking toplevel() on ptolemy.moml.MoMLSimpleApplication@64f011a3
reloadAllAccessors: .arrayType2

===========================================================================================
----------------- testing Wed Aug 28 05:37:03 UTC 2019 /home/travis/build/icyphy/ptII/ptolemy/actor/lib/test/auto/arrayType20.xml
----------------- Instantiating /home/travis/build/icyphy/ptII/ptolemy/actor/lib/test/auto/arrayType20.xml
2 ms. Memory: 252928K Free: 162839K (64%)
----------------- Invoking toplevel() on ptolemy.moml.MoMLSimpleApplication@540449c3
----------------- Done invoking toplevel() on ptolemy.moml.MoMLSimpleApplication@540449c3
reloadAllAccessors: .arrayType20

===========================================================================================
----------------- testing Wed Aug 28 05:37:03 UTC 2019 /home/travis/build/icyphy/ptII/ptolemy/actor/lib/test/auto/arrayType21.xml
----------------- Instantiating /home/travis/build/icyphy/ptII/ptolemy/actor/lib/test/auto/arrayType21.xml
2 ms. Memory: 252928K Free: 157719K (62%)
----------------- Invoking toplevel() on ptolemy.moml.MoMLSimpleApplication@35743a17
----------------- Done invoking toplevel() on ptolemy.moml.MoMLSimpleApplication@35743a17
reloadAllAccessors: .arrayType21

===========================================================================================
----------------- testing Wed Aug 28 05:37:03 UTC 2019 /home/travis/build/icyphy/ptII/ptolemy/actor/lib/test/auto/arrayType22.xml
----------------- Instantiating /home/travis/build/icyphy/ptII/ptolemy/actor/lib/test/auto/arrayType22.xml
2 ms. Memory: 252928K Free: 153113K (61%)
----------------- Invoking toplevel() on ptolemy.moml.MoMLSimpleApplication@5d7e81a8
----------------- Done invoking toplevel() on ptolemy.moml.MoMLSimpleApplication@5d7e81a8
reloadAllAccessors: .arrayType22

===========================================================================================
----------------- testing Wed Aug 28 05:37:03 UTC 2019 /home/travis/build/icyphy/ptII/ptolemy/actor/lib/test/auto/arrayType23.xml
----------------- Instantiating /home/travis/build/icyphy/ptII/ptolemy/actor/lib/test/auto/arrayType23.xml
4 ms. Memory: 252928K Free: 148503K (59%)
----------------- Invoking toplevel() on ptolemy.moml.MoMLSimpleApplication@3ba1a83a
----------------- Done invoking toplevel() on ptolemy.moml.MoMLSimpleApplication@3ba1a83a
reloadAllAccessors: .arrayType23

===========================================================================================
----------------- testing Wed Aug 28 05:37:03 UTC 2019 /home/travis/build/icyphy/ptII/ptolemy/actor/lib/test/auto/arrayType24.xml
----------------- Instantiating /home/travis/build/icyphy/ptII/ptolemy/actor/lib/test/auto/arrayType24.xml
2 ms. Memory: 252928K Free: 143383K (57%)
----------------- Invoking toplevel() on ptolemy.moml.MoMLSimpleApplication@43d4338f
----------------- Done invoking toplevel() on ptolemy.moml.MoMLSimpleApplication@43d4338f
reloadAllAccessors: .arrayType24

===========================================================================================
----------------- testing Wed Aug 28 05:37:03 UTC 2019 /home/travis/build/icyphy/ptII/ptolemy/actor/lib/test/auto/arrayType25.xml
----------------- Instantiating /home/travis/build/icyphy/ptII/ptolemy/actor/lib/test/auto/arrayType25.xml
2 ms. Memory: 252928K Free: 137753K (54%)
----------------- Invoking toplevel() on ptolemy.moml.MoMLSimpleApplication@173322a1
----------------- Done invoking toplevel() on ptolemy.moml.MoMLSimpleApplication@173322a1
reloadAllAccessors: .arrayType25

===========================================================================================
----------------- testing Wed Aug 28 05:37:03 UTC 2019 /home/travis/build/icyphy/ptII/ptolemy/actor/lib/test/auto/arrayType26.xml
----------------- Instantiating /home/travis/build/icyphy/ptII/ptolemy/actor/lib/test/auto/arrayType26.xml
1 ms. Memory: 252928K Free: 132633K (52%)
----------------- Invoking toplevel() on ptolemy.moml.MoMLSimpleApplication@24febf77
----------------- Done invoking toplevel() on ptolemy.moml.MoMLSimpleApplication@24febf77
reloadAllAccessors: .arrayType26

===========================================================================================
----------------- testing Wed Aug 28 05:37:03 UTC 2019 /home/travis/build/icyphy/ptII/ptolemy/actor/lib/test/auto/arrayType27.xml
----------------- Instantiating /home/travis/build/icyphy/ptII/ptolemy/actor/lib/test/auto/arrayType27.xml
1 ms. Memory: 252928K Free: 127513K (50%)
----------------- Invoking toplevel() on ptolemy.moml.MoMLSimpleApplication@1f518e2d
----------------- Done invoking toplevel() on ptolemy.moml.MoMLSimpleApplication@1f518e2d
reloadAllAccessors: .arrayType27

===========================================================================================
----------------- testing Wed Aug 28 05:37:03 UTC 2019 /home/travis/build/icyphy/ptII/ptolemy/actor/lib/test/auto/arrayType28.xml
----------------- Instantiating /home/travis/build/icyphy/ptII/ptolemy/actor/lib/test/auto/arrayType28.xml
2 ms. Memory: 252928K Free: 121879K (48%)
----------------- Invoking toplevel() on ptolemy.moml.MoMLSimpleApplication@c26d1c1
----------------- Done invoking toplevel() on ptolemy.moml.MoMLSimpleApplication@c26d1c1
reloadAllAccessors: .arrayType28

===========================================================================================
----------------- testing Wed Aug 28 05:37:03 UTC 2019 /home/travis/build/icyphy/ptII/ptolemy/actor/lib/test/auto/arrayType3.xml
----------------- Instantiating /home/travis/build/icyphy/ptII/ptolemy/actor/lib/test/auto/arrayType3.xml
1 ms. Memory: 252928K Free: 116759K (46%)
----------------- Invoking toplevel() on ptolemy.moml.MoMLSimpleApplication@4f63fcc1
----------------- Done invoking toplevel() on ptolemy.moml.MoMLSimpleApplication@4f63fcc1
reloadAllAccessors: .arrayType3

===========================================================================================
----------------- testing Wed Aug 28 05:37:03 UTC 2019 /home/travis/build/icyphy/ptII/ptolemy/actor/lib/test/auto/arrayType4.xml
----------------- Instantiating /home/travis/build/icyphy/ptII/ptolemy/actor/lib/test/auto/arrayType4.xml
2 ms. Memory: 252928K Free: 111625K (44%)
----------------- Invoking toplevel() on ptolemy.moml.MoMLSimpleApplication@7c4cc82e
----------------- Done invoking toplevel() on ptolemy.moml.MoMLSimpleApplication@7c4cc82e
reloadAllAccessors: .arrayType4

===========================================================================================
----------------- testing Wed Aug 28 05:37:03 UTC 2019 /home/travis/build/icyphy/ptII/ptolemy/actor/lib/test/auto/arrayType5.xml
----------------- Instantiating /home/travis/build/icyphy/ptII/ptolemy/actor/lib/test/auto/arrayType5.xml
1 ms. Memory: 252928K Free: 106009K (42%)
----------------- Invoking toplevel() on ptolemy.moml.MoMLSimpleApplication@13acb410
----------------- Done invoking toplevel() on ptolemy.moml.MoMLSimpleApplication@13acb410
reloadAllAccessors: .arrayType5

===========================================================================================
----------------- testing Wed Aug 28 05:37:03 UTC 2019 /home/travis/build/icyphy/ptII/ptolemy/actor/lib/test/auto/arrayType6.xml
----------------- Instantiating /home/travis/build/icyphy/ptII/ptolemy/actor/lib/test/auto/arrayType6.xml
1 ms. Memory: 252928K Free: 101399K (40%)
----------------- Invoking toplevel() on ptolemy.moml.MoMLSimpleApplication@3d43b162
----------------- Done invoking toplevel() on ptolemy.moml.MoMLSimpleApplication@3d43b162
reloadAllAccessors: .arrayType6

===========================================================================================
----------------- testing Wed Aug 28 05:37:03 UTC 2019 /home/travis/build/icyphy/ptII/ptolemy/actor/lib/test/auto/arrayType7.xml
----------------- Instantiating /home/travis/build/icyphy/ptII/ptolemy/actor/lib/test/auto/arrayType7.xml
2 ms. Memory: 252928K Free: 96793K (38%)
----------------- Invoking toplevel() on ptolemy.moml.MoMLSimpleApplication@5eb0b7d4
----------------- Done invoking toplevel() on ptolemy.moml.MoMLSimpleApplication@5eb0b7d4
reloadAllAccessors: .arrayType7

===========================================================================================
----------------- testing Wed Aug 28 05:37:03 UTC 2019 /home/travis/build/icyphy/ptII/ptolemy/actor/lib/test/auto/arrayType8.xml
----------------- Instantiating /home/travis/build/icyphy/ptII/ptolemy/actor/lib/test/auto/arrayType8.xml
8 ms. Memory: 252928K Free: 92183K (36%)
----------------- Invoking toplevel() on ptolemy.moml.MoMLSimpleApplication@6c25d3a0
----------------- Done invoking toplevel() on ptolemy.moml.MoMLSimpleApplication@6c25d3a0
reloadAllAccessors: .arrayType8

===========================================================================================
----------------- testing Wed Aug 28 05:37:03 UTC 2019 /home/travis/build/icyphy/ptII/ptolemy/actor/lib/test/auto/arrayType9.xml
----------------- Instantiating /home/travis/build/icyphy/ptII/ptolemy/actor/lib/test/auto/arrayType9.xml
2 ms. Memory: 252928K Free: 87063K (34%)
----------------- Invoking toplevel() on ptolemy.moml.MoMLSimpleApplication@22186ffb
----------------- Done invoking toplevel() on ptolemy.moml.MoMLSimpleApplication@22186ffb
reloadAllAccessors: .arrayType9

===========================================================================================
----------------- testing Wed Aug 28 05:37:03 UTC 2019 /home/travis/build/icyphy/ptII/ptolemy/actor/lib/test/auto/cast.xml
----------------- Instantiating /home/travis/build/icyphy/ptII/ptolemy/actor/lib/test/auto/cast.xml
2 ms. Memory: 252928K Free: 82457K (33%)
----------------- Invoking toplevel() on ptolemy.moml.MoMLSimpleApplication@2d2cc3c1
----------------- Done invoking toplevel() on ptolemy.moml.MoMLSimpleApplication@2d2cc3c1
reloadAllAccessors: .cast

===========================================================================================
----------------- testing Wed Aug 28 05:37:03 UTC 2019 /home/travis/build/icyphy/ptII/ptolemy/actor/lib/test/auto/compositeMultiPort.xml
----------------- Instantiating /home/travis/build/icyphy/ptII/ptolemy/actor/lib/test/auto/compositeMultiPort.xml
4 ms. Memory: 252928K Free: 73745K (29%)
----------------- Invoking toplevel() on ptolemy.moml.MoMLSimpleApplication@2c2b055d
----------------- Done invoking toplevel() on ptolemy.moml.MoMLSimpleApplication@2c2b055d
reloadAllAccessors: .compositeMultiPort

===========================================================================================
----------------- testing Wed Aug 28 05:37:03 UTC 2019 /home/travis/build/icyphy/ptII/ptolemy/actor/lib/test/auto/expressionCastInference.xml
----------------- Instantiating /home/travis/build/icyphy/ptII/ptolemy/actor/lib/test/auto/expressionCastInference.xml
2 ms. Memory: 252928K Free: 68631K (27%)
----------------- Invoking toplevel() on ptolemy.moml.MoMLSimpleApplication@1ba43b2f
----------------- Done invoking toplevel() on ptolemy.moml.MoMLSimpleApplication@1ba43b2f
reloadAllAccessors: .expressionCastInference

===========================================================================================
----------------- testing Wed Aug 28 05:37:03 UTC 2019 /home/travis/build/icyphy/ptII/ptolemy/actor/lib/test/auto/expressionCastInference2.xml
----------------- Instantiating /home/travis/build/icyphy/ptII/ptolemy/actor/lib/test/auto/expressionCastInference2.xml
2 ms. Memory: 252928K Free: 64025K (25%)
----------------- Invoking toplevel() on ptolemy.moml.MoMLSimpleApplication@3bd60249
----------------- Done invoking toplevel() on ptolemy.moml.MoMLSimpleApplication@3bd60249
reloadAllAccessors: .expressionCastInference2

===========================================================================================
----------------- testing Wed Aug 28 05:37:03 UTC 2019 /home/travis/build/icyphy/ptII/ptolemy/actor/lib/test/auto/expressionInference.xml
----------------- Instantiating /home/travis/build/icyphy/ptII/ptolemy/actor/lib/test/auto/expressionInference.xml
1 ms. Memory: 252928K Free: 59929K (24%)
----------------- Invoking toplevel() on ptolemy.moml.MoMLSimpleApplication@4cb9e433
----------------- Done invoking toplevel() on ptolemy.moml.MoMLSimpleApplication@4cb9e433
reloadAllAccessors: .expressionInference

===========================================================================================
----------------- testing Wed Aug 28 05:37:03 UTC 2019 /home/travis/build/icyphy/ptII/ptolemy/actor/lib/test/auto/expression_bug.xml
----------------- Instantiating /home/travis/build/icyphy/ptII/ptolemy/actor/lib/test/auto/expression_bug.xml
3 ms. Memory: 252928K Free: 55319K (22%)
----------------- Invoking toplevel() on ptolemy.moml.MoMLSimpleApplication@a05ab9c
----------------- Done invoking toplevel() on ptolemy.moml.MoMLSimpleApplication@a05ab9c
reloadAllAccessors: .expression_bug

===========================================================================================
----------------- testing Wed Aug 28 05:37:03 UTC 2019 /home/travis/build/icyphy/ptII/ptolemy/actor/lib/test/auto/factorial.xml
----------------- Instantiating /home/travis/build/icyphy/ptII/ptolemy/actor/lib/test/auto/factorial.xml
45 ms. Memory: 252928K Free: 194098K (77%)
----------------- Invoking toplevel() on ptolemy.moml.MoMLSimpleApplication@484e600b
----------------- Done invoking toplevel() on ptolemy.moml.MoMLSimpleApplication@484e600b
reloadAllAccessors: .factorial

===========================================================================================
----------------- testing Wed Aug 28 05:37:03 UTC 2019 /home/travis/build/icyphy/ptII/ptolemy/actor/lib/test/auto/filterTest1.xml
----------------- Instantiating /home/travis/build/icyphy/ptII/ptolemy/actor/lib/test/auto/filterTest1.xml
3 ms. Memory: 252928K Free: 187954K (74%)
----------------- Invoking toplevel() on ptolemy.moml.MoMLSimpleApplication@6f778ff7
----------------- Done invoking toplevel() on ptolemy.moml.MoMLSimpleApplication@6f778ff7
reloadAllAccessors: .filterTest1

===========================================================================================
----------------- testing Wed Aug 28 05:37:04 UTC 2019 /home/travis/build/icyphy/ptII/ptolemy/actor/lib/test/auto/funcApplyInConst.xml
----------------- Instantiating /home/travis/build/icyphy/ptII/ptolemy/actor/lib/test/auto/funcApplyInConst.xml
1 ms. Memory: 252928K Free: 184368K (73%)
----------------- Invoking toplevel() on ptolemy.moml.MoMLSimpleApplication@37f3c88
----------------- Done invoking toplevel() on ptolemy.moml.MoMLSimpleApplication@37f3c88
reloadAllAccessors: .funcApplyInConst

===========================================================================================
----------------- testing Wed Aug 28 05:37:04 UTC 2019 /home/travis/build/icyphy/ptII/ptolemy/actor/lib/test/auto/funcApplyInExpr.xml
----------------- Instantiating /home/travis/build/icyphy/ptII/ptolemy/actor/lib/test/auto/funcApplyInExpr.xml
1 ms. Memory: 252928K Free: 180786K (71%)
----------------- Invoking toplevel() on ptolemy.moml.MoMLSimpleApplication@4bddb69d
----------------- Done invoking toplevel() on ptolemy.moml.MoMLSimpleApplication@4bddb69d
reloadAllAccessors: .funcApplyInExpr

===========================================================================================
----------------- testing Wed Aug 28 05:37:04 UTC 2019 /home/travis/build/icyphy/ptII/ptolemy/actor/lib/test/auto/function.xml
----------------- Instantiating /home/travis/build/icyphy/ptII/ptolemy/actor/lib/test/auto/function.xml
2 ms. Memory: 252928K Free: 175666K (69%)
----------------- Invoking toplevel() on ptolemy.moml.MoMLSimpleApplication@633e5666
----------------- Done invoking toplevel() on ptolemy.moml.MoMLSimpleApplication@633e5666
reloadAllAccessors: .function

===========================================================================================
----------------- testing Wed Aug 28 05:37:04 UTC 2019 /home/travis/build/icyphy/ptII/ptolemy/actor/lib/test/auto/function2.xml
----------------- Instantiating /home/travis/build/icyphy/ptII/ptolemy/actor/lib/test/auto/function2.xml
1 ms. Memory: 252928K Free: 171056K (68%)
----------------- Invoking toplevel() on ptolemy.moml.MoMLSimpleApplication@5067f496
----------------- Done invoking toplevel() on ptolemy.moml.MoMLSimpleApplication@5067f496
reloadAllAccessors: .function2

===========================================================================================
----------------- testing Wed Aug 28 05:37:04 UTC 2019 /home/travis/build/icyphy/ptII/ptolemy/actor/lib/test/auto/function3.xml
----------------- Instantiating /home/travis/build/icyphy/ptII/ptolemy/actor/lib/test/auto/function3.xml
2 ms. Memory: 252928K Free: 167474K (66%)
----------------- Invoking toplevel() on ptolemy.moml.MoMLSimpleApplication@3b7e5ba6
----------------- Done invoking toplevel() on ptolemy.moml.MoMLSimpleApplication@3b7e5ba6
reloadAllAccessors: .function3

===========================================================================================
----------------- testing Wed Aug 28 05:37:04 UTC 2019 /home/travis/build/icyphy/ptII/ptolemy/actor/lib/test/auto/functionClosureTest1.xml
----------------- Instantiating /home/travis/build/icyphy/ptII/ptolemy/actor/lib/test/auto/functionClosureTest1.xml
2 ms. Memory: 252928K Free: 161330K (64%)
----------------- Invoking toplevel() on ptolemy.moml.MoMLSimpleApplication@6db033d6
----------------- Done invoking toplevel() on ptolemy.moml.MoMLSimpleApplication@6db033d6
reloadAllAccessors: .functionClosureTest1

===========================================================================================
----------------- testing Wed Aug 28 05:37:04 UTC 2019 /home/travis/build/icyphy/ptII/ptolemy/actor/lib/test/auto/functionClosureTest2.xml
----------------- Instantiating /home/travis/build/icyphy/ptII/ptolemy/actor/lib/test/auto/functionClosureTest2.xml
1 ms. Memory: 252928K Free: 157744K (62%)
----------------- Invoking toplevel() on ptolemy.moml.MoMLSimpleApplication@6eed103e
----------------- Done invoking toplevel() on ptolemy.moml.MoMLSimpleApplication@6eed103e
reloadAllAccessors: .functionClosureTest2

===========================================================================================
----------------- testing Wed Aug 28 05:37:04 UTC 2019 /home/travis/build/icyphy/ptII/ptolemy/actor/lib/test/auto/functionClosureTest3.xml
----------------- Instantiating /home/travis/build/icyphy/ptII/ptolemy/actor/lib/test/auto/functionClosureTest3.xml
2 ms. Memory: 252928K Free: 152610K (60%)
----------------- Invoking toplevel() on ptolemy.moml.MoMLSimpleApplication@51b79e0d
----------------- Done invoking toplevel() on ptolemy.moml.MoMLSimpleApplication@51b79e0d
reloadAllAccessors: .functionClosureTest3

===========================================================================================
----------------- testing Wed Aug 28 05:37:04 UTC 2019 /home/travis/build/icyphy/ptII/ptolemy/actor/lib/test/auto/functionClosureTest4.xml
----------------- Instantiating /home/travis/build/icyphy/ptII/ptolemy/actor/lib/test/auto/functionClosureTest4.xml
4 ms. Memory: 252928K Free: 145970K (58%)
----------------- Invoking toplevel() on ptolemy.moml.MoMLSimpleApplication@1008579c
----------------- Done invoking toplevel() on ptolemy.moml.MoMLSimpleApplication@1008579c
reloadAllAccessors: .functionClosureTest4

===========================================================================================
----------------- testing Wed Aug 28 05:37:04 UTC 2019 /home/travis/build/icyphy/ptII/ptolemy/actor/lib/test/auto/functionClosureTest5.xml
----------------- Instantiating /home/travis/build/icyphy/ptII/ptolemy/actor/lib/test/auto/functionClosureTest5.xml
4 ms. Memory: 252928K Free: 140850K (56%)
----------------- Invoking toplevel() on ptolemy.moml.MoMLSimpleApplication@48e90512
----------------- Done invoking toplevel() on ptolemy.moml.MoMLSimpleApplication@48e90512
reloadAllAccessors: .functionClosureTest5

===========================================================================================
----------------- testing Wed Aug 28 05:37:04 UTC 2019 /home/travis/build/icyphy/ptII/ptolemy/actor/lib/test/auto/functionClosureTest6.xml
----------------- Instantiating /home/travis/build/icyphy/ptII/ptolemy/actor/lib/test/auto/functionClosureTest6.xml
7 ms. Memory: 252928K Free: 136234K (54%)
----------------- Invoking toplevel() on ptolemy.moml.MoMLSimpleApplication@6cbc6c6f
----------------- Done invoking toplevel() on ptolemy.moml.MoMLSimpleApplication@6cbc6c6f
reloadAllAccessors: .functionClosureTest6

===========================================================================================
----------------- testing Wed Aug 28 05:37:04 UTC 2019 /home/travis/build/icyphy/ptII/ptolemy/actor/lib/test/auto/functionsOnArcs.xml
----------------- Instantiating /home/travis/build/icyphy/ptII/ptolemy/actor/lib/test/auto/functionsOnArcs.xml
2 ms. Memory: 252928K Free: 130610K (52%)
----------------- Invoking toplevel() on ptolemy.moml.MoMLSimpleApplication@551e9b41
----------------- Done invoking toplevel() on ptolemy.moml.MoMLSimpleApplication@551e9b41
reloadAllAccessors: .functionsOnArcs

===========================================================================================
----------------- testing Wed Aug 28 05:37:04 UTC 2019 /home/travis/build/icyphy/ptII/ptolemy/actor/lib/test/auto/functionsOnArcsHOF.xml
----------------- Instantiating /home/travis/build/icyphy/ptII/ptolemy/actor/lib/test/auto/functionsOnArcsHOF.xml
4 ms. Memory: 252928K Free: 124976K (49%)
----------------- Invoking toplevel() on ptolemy.moml.MoMLSimpleApplication@1a25df00
----------------- Done invoking toplevel() on ptolemy.moml.MoMLSimpleApplication@1a25df00
reloadAllAccessors: .functionsOnArcsHOF

===========================================================================================
----------------- testing Wed Aug 28 05:37:04 UTC 2019 /home/travis/build/icyphy/ptII/ptolemy/actor/lib/test/auto/logic.xml
----------------- Instantiating /home/travis/build/icyphy/ptII/ptolemy/actor/lib/test/auto/logic.xml
2 ms. Memory: 252928K Free: 117808K (47%)
----------------- Invoking toplevel() on ptolemy.moml.MoMLSimpleApplication@5087aa9e
----------------- Done invoking toplevel() on ptolemy.moml.MoMLSimpleApplication@5087aa9e
reloadAllAccessors: .logic

===========================================================================================
----------------- testing Wed Aug 28 05:37:04 UTC 2019 /home/travis/build/icyphy/ptII/ptolemy/actor/lib/test/auto/matrixType.xml
----------------- Instantiating /home/travis/build/icyphy/ptII/ptolemy/actor/lib/test/auto/matrixType.xml
2 ms. Memory: 252928K Free: 112688K (45%)
----------------- Invoking toplevel() on ptolemy.moml.MoMLSimpleApplication@2b3ad9f3
----------------- Done invoking toplevel() on ptolemy.moml.MoMLSimpleApplication@2b3ad9f3
reloadAllAccessors: .matrixType

===========================================================================================
----------------- testing Wed Aug 28 05:37:04 UTC 2019 /home/travis/build/icyphy/ptII/ptolemy/actor/lib/test/auto/matrixType10.xml
----------------- Instantiating /home/travis/build/icyphy/ptII/ptolemy/actor/lib/test/auto/matrixType10.xml
1 ms. Memory: 252928K Free: 108082K (43%)
----------------- Invoking toplevel() on ptolemy.moml.MoMLSimpleApplication@6b1e4c0d
----------------- Done invoking toplevel() on ptolemy.moml.MoMLSimpleApplication@6b1e4c0d
reloadAllAccessors: .matrixType10

===========================================================================================
----------------- testing Wed Aug 28 05:37:04 UTC 2019 /home/travis/build/icyphy/ptII/ptolemy/actor/lib/test/auto/matrixType11.xml
----------------- Instantiating /home/travis/build/icyphy/ptII/ptolemy/actor/lib/test/auto/matrixType11.xml
1 ms. Memory: 252928K Free: 103472K (41%)
----------------- Invoking toplevel() on ptolemy.moml.MoMLSimpleApplication@7590f345
----------------- Done invoking toplevel() on ptolemy.moml.MoMLSimpleApplication@7590f345
reloadAllAccessors: .matrixType11

===========================================================================================
----------------- testing Wed Aug 28 05:37:04 UTC 2019 /home/travis/build/icyphy/ptII/ptolemy/actor/lib/test/auto/matrixType12.xml
----------------- Instantiating /home/travis/build/icyphy/ptII/ptolemy/actor/lib/test/auto/matrixType12.xml
1 ms. Memory: 252928K Free: 98352K (39%)
----------------- Invoking toplevel() on ptolemy.moml.MoMLSimpleApplication@38b2381f
----------------- Done invoking toplevel() on ptolemy.moml.MoMLSimpleApplication@38b2381f
reloadAllAccessors: .matrixType12

===========================================================================================
----------------- testing Wed Aug 28 05:37:04 UTC 2019 /home/travis/build/icyphy/ptII/ptolemy/actor/lib/test/auto/matrixType13.xml
----------------- Instantiating /home/travis/build/icyphy/ptII/ptolemy/actor/lib/test/auto/matrixType13.xml
2 ms. Memory: 252928K Free: 93746K (37%)
----------------- Invoking toplevel() on ptolemy.moml.MoMLSimpleApplication@38d9c5c7
----------------- Done invoking toplevel() on ptolemy.moml.MoMLSimpleApplication@38d9c5c7
reloadAllAccessors: .matrixType13

===========================================================================================
----------------- testing Wed Aug 28 05:37:04 UTC 2019 /home/travis/build/icyphy/ptII/ptolemy/actor/lib/test/auto/matrixType14.xml
----------------- Instantiating /home/travis/build/icyphy/ptII/ptolemy/actor/lib/test/auto/matrixType14.xml
2 ms. Memory: 252928K Free: 88112K (35%)
----------------- Invoking toplevel() on ptolemy.moml.MoMLSimpleApplication@776be09a
----------------- Done invoking toplevel() on ptolemy.moml.MoMLSimpleApplication@776be09a
reloadAllAccessors: .matrixType14

===========================================================================================
----------------- testing Wed Aug 28 05:37:04 UTC 2019 /home/travis/build/icyphy/ptII/ptolemy/actor/lib/test/auto/matrixType2.xml
----------------- Instantiating /home/travis/build/icyphy/ptII/ptolemy/actor/lib/test/auto/matrixType2.xml
2 ms. Memory: 252928K Free: 82992K (33%)
----------------- Invoking toplevel() on ptolemy.moml.MoMLSimpleApplication@27f480f7
----------------- Done invoking toplevel() on ptolemy.moml.MoMLSimpleApplication@27f480f7
reloadAllAccessors: .matrixType2

===========================================================================================
----------------- testing Wed Aug 28 05:37:04 UTC 2019 /home/travis/build/icyphy/ptII/ptolemy/actor/lib/test/auto/matrixType3.xml
----------------- Instantiating /home/travis/build/icyphy/ptII/ptolemy/actor/lib/test/auto/matrixType3.xml
3 ms. Memory: 252928K Free: 78386K (31%)
----------------- Invoking toplevel() on ptolemy.moml.MoMLSimpleApplication@2fcebe03
----------------- Done invoking toplevel() on ptolemy.moml.MoMLSimpleApplication@2fcebe03
reloadAllAccessors: .matrixType3

===========================================================================================
----------------- testing Wed Aug 28 05:37:04 UTC 2019 /home/travis/build/icyphy/ptII/ptolemy/actor/lib/test/auto/matrixType4.xml
----------------- Instantiating /home/travis/build/icyphy/ptII/ptolemy/actor/lib/test/auto/matrixType4.xml
1 ms. Memory: 252928K Free: 73266K (29%)
----------------- Invoking toplevel() on ptolemy.moml.MoMLSimpleApplication@37ed88bb
----------------- Done invoking toplevel() on ptolemy.moml.MoMLSimpleApplication@37ed88bb
reloadAllAccessors: .matrixType4

===========================================================================================
----------------- testing Wed Aug 28 05:37:04 UTC 2019 /home/travis/build/icyphy/ptII/ptolemy/actor/lib/test/auto/matrixType5.xml
----------------- Instantiating /home/travis/build/icyphy/ptII/ptolemy/actor/lib/test/auto/matrixType5.xml
1 ms. Memory: 252928K Free: 68656K (27%)
----------------- Invoking toplevel() on ptolemy.moml.MoMLSimpleApplication@2b23a97d
----------------- Done invoking toplevel() on ptolemy.moml.MoMLSimpleApplication@2b23a97d
reloadAllAccessors: .matrixType5

===========================================================================================
----------------- testing Wed Aug 28 05:37:04 UTC 2019 /home/travis/build/icyphy/ptII/ptolemy/actor/lib/test/auto/matrixType6.xml
----------------- Instantiating /home/travis/build/icyphy/ptII/ptolemy/actor/lib/test/auto/matrixType6.xml
1 ms. Memory: 252928K Free: 64050K (25%)
----------------- Invoking toplevel() on ptolemy.moml.MoMLSimpleApplication@9e8554e
----------------- Done invoking toplevel() on ptolemy.moml.MoMLSimpleApplication@9e8554e
reloadAllAccessors: .matrixType6

===========================================================================================
----------------- testing Wed Aug 28 05:37:04 UTC 2019 /home/travis/build/icyphy/ptII/ptolemy/actor/lib/test/auto/matrixType7.xml
----------------- Instantiating /home/travis/build/icyphy/ptII/ptolemy/actor/lib/test/auto/matrixType7.xml
2 ms. Memory: 252928K Free: 58930K (23%)
----------------- Invoking toplevel() on ptolemy.moml.MoMLSimpleApplication@4a2897f2
----------------- Done invoking toplevel() on ptolemy.moml.MoMLSimpleApplication@4a2897f2
reloadAllAccessors: .matrixType7

===========================================================================================
----------------- testing Wed Aug 28 05:37:04 UTC 2019 /home/travis/build/icyphy/ptII/ptolemy/actor/lib/test/auto/matrixType8.xml
----------------- Instantiating /home/travis/build/icyphy/ptII/ptolemy/actor/lib/test/auto/matrixType8.xml
2 ms. Memory: 252928K Free: 54320K (21%)
----------------- Invoking toplevel() on ptolemy.moml.MoMLSimpleApplication@7f39e421
----------------- Done invoking toplevel() on ptolemy.moml.MoMLSimpleApplication@7f39e421
reloadAllAccessors: .matrixType8

===========================================================================================
----------------- testing Wed Aug 28 05:37:04 UTC 2019 /home/travis/build/icyphy/ptII/ptolemy/actor/lib/test/auto/matrixType9.xml
----------------- Instantiating /home/travis/build/icyphy/ptII/ptolemy/actor/lib/test/auto/matrixType9.xml
1 ms. Memory: 252928K Free: 196531K (78%)
----------------- Invoking toplevel() on ptolemy.moml.MoMLSimpleApplication@69803e2
----------------- Done invoking toplevel() on ptolemy.moml.MoMLSimpleApplication@69803e2
reloadAllAccessors: .matrixType9

===========================================================================================
----------------- testing Wed Aug 28 05:37:04 UTC 2019 /home/travis/build/icyphy/ptII/ptolemy/actor/lib/test/auto/paraFunctest.xml
----------------- Instantiating /home/travis/build/icyphy/ptII/ptolemy/actor/lib/test/auto/paraFunctest.xml
1 ms. Memory: 252928K Free: 192435K (76%)
----------------- Invoking toplevel() on ptolemy.moml.MoMLSimpleApplication@e370872
----------------- Done invoking toplevel() on ptolemy.moml.MoMLSimpleApplication@e370872
reloadAllAccessors: .paraFunctest

===========================================================================================
----------------- testing Wed Aug 28 05:37:04 UTC 2019 /home/travis/build/icyphy/ptII/ptolemy/actor/lib/test/auto/paraFunctest2.xml
----------------- Instantiating /home/travis/build/icyphy/ptII/ptolemy/actor/lib/test/auto/paraFunctest2.xml
1 ms. Memory: 252928K Free: 188339K (74%)
----------------- Invoking toplevel() on ptolemy.moml.MoMLSimpleApplication@21f8ef08
----------------- Done invoking toplevel() on ptolemy.moml.MoMLSimpleApplication@21f8ef08
reloadAllAccessors: .paraFunctest2

===========================================================================================
----------------- testing Wed Aug 28 05:37:04 UTC 2019 /home/travis/build/icyphy/ptII/ptolemy/actor/lib/test/auto/parameterPassing.xml
----------------- Instantiating /home/travis/build/icyphy/ptII/ptolemy/actor/lib/test/auto/parameterPassing.xml
1 ms. Memory: 252928K Free: 183733K (73%)
----------------- Invoking toplevel() on ptolemy.moml.MoMLSimpleApplication@395b0318
----------------- Done invoking toplevel() on ptolemy.moml.MoMLSimpleApplication@395b0318
reloadAllAccessors: .parameterPassing

===========================================================================================
----------------- testing Wed Aug 28 05:37:04 UTC 2019 /home/travis/build/icyphy/ptII/ptolemy/actor/lib/test/auto/record.xml
----------------- Instantiating /home/travis/build/icyphy/ptII/ptolemy/actor/lib/test/auto/record.xml
3 ms. Memory: 252928K Free: 179123K (71%)
----------------- Invoking toplevel() on ptolemy.moml.MoMLSimpleApplication@69c0c568
----------------- Done invoking toplevel() on ptolemy.moml.MoMLSimpleApplication@69c0c568
reloadAllAccessors: .record

===========================================================================================
----------------- testing Wed Aug 28 05:37:04 UTC 2019 /home/travis/build/icyphy/ptII/ptolemy/actor/lib/test/auto/sizedarray1.xml
----------------- Instantiating /home/travis/build/icyphy/ptII/ptolemy/actor/lib/test/auto/sizedarray1.xml
2 ms. Memory: 252928K Free: 173493K (69%)
----------------- Invoking toplevel() on ptolemy.moml.MoMLSimpleApplication@2360eca7
----------------- Done invoking toplevel() on ptolemy.moml.MoMLSimpleApplication@2360eca7
reloadAllAccessors: .sizedarray1

===========================================================================================
----------------- testing Wed Aug 28 05:37:04 UTC 2019 /home/travis/build/icyphy/ptII/ptolemy/actor/lib/test/auto/sizedarray2.xml
----------------- Instantiating /home/travis/build/icyphy/ptII/ptolemy/actor/lib/test/auto/sizedarray2.xml
3 ms. Memory: 252928K Free: 167859K (66%)
----------------- Invoking toplevel() on ptolemy.moml.MoMLSimpleApplication@12329568
----------------- Done invoking toplevel() on ptolemy.moml.MoMLSimpleApplication@12329568
reloadAllAccessors: .sizedarray2

===========================================================================================
----------------- testing Wed Aug 28 05:37:04 UTC 2019 /home/travis/build/icyphy/ptII/ptolemy/actor/lib/test/auto/twoPublishers.xml
----------------- Instantiating /home/travis/build/icyphy/ptII/ptolemy/actor/lib/test/auto/twoPublishers.xml
6 ms. Memory: 252928K Free: 157109K (62%)
----------------- Invoking toplevel() on ptolemy.moml.MoMLSimpleApplication@4c58013
----------------- Done invoking toplevel() on ptolemy.moml.MoMLSimpleApplication@4c58013
reloadAllAccessors: .twoPublishers
AutoTests.java: About to close Vertx.
AutoTests.java: Vertx closed.
]]></system-out>
  <system-err><![CDATA[java.lang.RuntimeException: Execution failed
	at ptolemy.moml.MoMLSimpleApplication$UnloadThread.run(MoMLSimpleApplication.java:402)
Caused by: java.lang.RuntimeException: StringUtilities.exit() was called. Normally, we would exit here because Manager.exitAfterWrapup() was called.  However, because the ptolemy.ptII.exitAfterWrapup property is set, we throw this exception instead.
	at ptolemy.util.StringUtilities.exit(StringUtilities.java:365)
	at ptolemy.actor.Manager.wrapup(Manager.java:1549)
	at ptolemy.actor.Manager.execute(Manager.java:407)
	at ptolemy.actor.Manager.run(Manager.java:1263)
	at ptolemy.actor.Manager$PtolemyRunThread.run(Manager.java:1933)
Warning: '.top.test' is in training mode, set the trainingMode parameter to false before checking in
Warning: '.top.test' is in training mode, set the trainingMode parameter to false before checking in
Warning: '.top.test' is in training mode, set the trainingMode parameter to false before checking in
Warning: '.BooleanSwitch_RegressionTest_WrongTrainingValues.Test' is in training mode, set the trainingMode parameter to false before checking in
Warning: '.BooleanSwitch_RegressionTest_WrongTrainingValues.Test2' is in training mode, set the trainingMode parameter to false before checking in
Warning: '.BooleanSwitch_RegressionTest_WrongTrainingValues.Test2' The test produced 0 tokens.
Warning: '.top.testExceptionHandler' is in training mode, set the trainingMode parameter to false before checking in
java.lang.RuntimeException: Execution failed
	at ptolemy.moml.MoMLSimpleApplication$UnloadThread.run(MoMLSimpleApplication.java:402)
Caused by: ptolemy.kernel.util.IllegalActionException: PublisherPorts cannot be used at the top level, use a Publisher actor instead.
  in .PublisherPortToplevelSubscriber.PublisherPort
	at ptolemy.actor.PublisherPort.preinitialize(PublisherPort.java:403)
	at ptolemy.actor.CompositeActor.preinitialize(CompositeActor.java:1769)
	at ptolemy.actor.Manager.preinitializeAndResolveTypes(Manager.java:1040)
	at ptolemy.actor.Manager.initialize(Manager.java:710)
	at ptolemy.actor.Manager.execute(Manager.java:356)
	at ptolemy.actor.Manager.run(Manager.java:1263)
	at ptolemy.actor.Manager$PtolemyRunThread.run(Manager.java:1933)
java.lang.reflect.InvocationTargetException
	at java.base/jdk.internal.reflect.NativeConstructorAccessorImpl.newInstance0(Native Method)
	at java.base/jdk.internal.reflect.NativeConstructorAccessorImpl.newInstance(NativeConstructorAccessorImpl.java:62)
	at java.base/jdk.internal.reflect.DelegatingConstructorAccessorImpl.newInstance(DelegatingConstructorAccessorImpl.java:45)
	at java.base/java.lang.reflect.Constructor.newInstance(Constructor.java:490)
	at ptolemy.util.test.junit.AutoKnownFailedTests.RunModel(AutoKnownFailedTests.java:105)
	at java.base/jdk.internal.reflect.NativeMethodAccessorImpl.invoke0(Native Method)
	at java.base/jdk.internal.reflect.NativeMethodAccessorImpl.invoke(NativeMethodAccessorImpl.java:62)
	at java.base/jdk.internal.reflect.DelegatingMethodAccessorImpl.invoke(DelegatingMethodAccessorImpl.java:43)
	at java.base/java.lang.reflect.Method.invoke(Method.java:566)
	at org.junit.runners.model.FrameworkMethod$1.runReflectiveCall(FrameworkMethod.java:44)
	at org.junit.internal.runners.model.ReflectiveCallable.run(ReflectiveCallable.java:15)
	at org.junit.runners.model.FrameworkMethod.invokeExplosively(FrameworkMethod.java:41)
	at junitparams.internal.InvokeParameterisedMethod.evaluate(InvokeParameterisedMethod.java:102)
	at org.junit.internal.runners.statements.FailOnTimeout$1.run(FailOnTimeout.java:28)
Caused by: ptolemy.kernel.util.IllegalActionException: PublisherPorts cannot be used at the top level, use a Publisher actor instead.
  in .PublisherPortToplevelSubscriber.PublisherPort
	at ptolemy.actor.PublisherPort.preinitialize(PublisherPort.java:403)
	at ptolemy.actor.CompositeActor.preinitialize(CompositeActor.java:1769)
	at ptolemy.actor.Manager.preinitializeAndResolveTypes(Manager.java:1040)
	at ptolemy.actor.Manager.initialize(Manager.java:710)
	at ptolemy.actor.Manager.execute(Manager.java:356)
	at ptolemy.actor.Manager.run(Manager.java:1263)
	at ptolemy.actor.Manager$PtolemyRunThread.run(Manager.java:1933)
java.lang.RuntimeException: Execution failed
	at ptolemy.moml.MoMLSimpleApplication$UnloadThread.run(MoMLSimpleApplication.java:402)
Caused by: ptolemy.kernel.util.IllegalActionException: SubscriberPorts cannot be used at the top level, use a Subscriber actor instead.
  in .PublisherSubscriberPortToplevel.SubscriberPort
	at ptolemy.actor.SubscriberPort.preinitialize(SubscriberPort.java:328)
	at ptolemy.actor.CompositeActor.preinitialize(CompositeActor.java:1769)
	at ptolemy.actor.Manager.preinitializeAndResolveTypes(Manager.java:1040)
	at ptolemy.actor.Manager.initialize(Manager.java:710)
	at ptolemy.actor.Manager.execute(Manager.java:356)
	at ptolemy.actor.Manager.run(Manager.java:1263)
	at ptolemy.actor.Manager$PtolemyRunThread.run(Manager.java:1933)
java.lang.reflect.InvocationTargetException
	at java.base/jdk.internal.reflect.NativeConstructorAccessorImpl.newInstance0(Native Method)
	at java.base/jdk.internal.reflect.NativeConstructorAccessorImpl.newInstance(NativeConstructorAccessorImpl.java:62)
	at java.base/jdk.internal.reflect.DelegatingConstructorAccessorImpl.newInstance(DelegatingConstructorAccessorImpl.java:45)
	at java.base/java.lang.reflect.Constructor.newInstance(Constructor.java:490)
	at ptolemy.util.test.junit.AutoKnownFailedTests.RunModel(AutoKnownFailedTests.java:105)
	at java.base/jdk.internal.reflect.NativeMethodAccessorImpl.invoke0(Native Method)
	at java.base/jdk.internal.reflect.NativeMethodAccessorImpl.invoke(NativeMethodAccessorImpl.java:62)
	at java.base/jdk.internal.reflect.DelegatingMethodAccessorImpl.invoke(DelegatingMethodAccessorImpl.java:43)
	at java.base/java.lang.reflect.Method.invoke(Method.java:566)
	at org.junit.runners.model.FrameworkMethod$1.runReflectiveCall(FrameworkMethod.java:44)
	at org.junit.internal.runners.model.ReflectiveCallable.run(ReflectiveCallable.java:15)
	at org.junit.runners.model.FrameworkMethod.invokeExplosively(FrameworkMethod.java:41)
	at junitparams.internal.InvokeParameterisedMethod.evaluate(InvokeParameterisedMethod.java:102)
	at org.junit.internal.runners.statements.FailOnTimeout$1.run(FailOnTimeout.java:28)
Caused by: ptolemy.kernel.util.IllegalActionException: SubscriberPorts cannot be used at the top level, use a Subscriber actor instead.
  in .PublisherSubscriberPortToplevel.SubscriberPort
	at ptolemy.actor.SubscriberPort.preinitialize(SubscriberPort.java:328)
	at ptolemy.actor.CompositeActor.preinitialize(CompositeActor.java:1769)
	at ptolemy.actor.Manager.preinitializeAndResolveTypes(Manager.java:1040)
	at ptolemy.actor.Manager.initialize(Manager.java:710)
	at ptolemy.actor.Manager.execute(Manager.java:356)
	at ptolemy.actor.Manager.run(Manager.java:1263)
	at ptolemy.actor.Manager$PtolemyRunThread.run(Manager.java:1933)
java.lang.RuntimeException: Execution failed
	at ptolemy.moml.MoMLSimpleApplication$UnloadThread.run(MoMLSimpleApplication.java:402)
Caused by: ptolemy.kernel.util.IllegalActionException: SubscriptionAggregatorPorts cannot be used at the top level, use a SubscriptionAggregator actor instead.
  in .PublisherSubscriptionAggregatorPort.SubscriptionAggregatorPort
	at ptolemy.actor.SubscriptionAggregatorPort.preinitialize(SubscriptionAggregatorPort.java:353)
	at ptolemy.actor.CompositeActor.preinitialize(CompositeActor.java:1769)
	at ptolemy.actor.Manager.preinitializeAndResolveTypes(Manager.java:1040)
	at ptolemy.actor.Manager.initialize(Manager.java:710)
	at ptolemy.actor.Manager.execute(Manager.java:356)
	at ptolemy.actor.Manager.run(Manager.java:1263)
	at ptolemy.actor.Manager$PtolemyRunThread.run(Manager.java:1933)
java.lang.reflect.InvocationTargetException
	at java.base/jdk.internal.reflect.NativeConstructorAccessorImpl.newInstance0(Native Method)
	at java.base/jdk.internal.reflect.NativeConstructorAccessorImpl.newInstance(NativeConstructorAccessorImpl.java:62)
	at java.base/jdk.internal.reflect.DelegatingConstructorAccessorImpl.newInstance(DelegatingConstructorAccessorImpl.java:45)
	at java.base/java.lang.reflect.Constructor.newInstance(Constructor.java:490)
	at ptolemy.util.test.junit.AutoKnownFailedTests.RunModel(AutoKnownFailedTests.java:105)
	at java.base/jdk.internal.reflect.NativeMethodAccessorImpl.invoke0(Native Method)
	at java.base/jdk.internal.reflect.NativeMethodAccessorImpl.invoke(NativeMethodAccessorImpl.java:62)
	at java.base/jdk.internal.reflect.DelegatingMethodAccessorImpl.invoke(DelegatingMethodAccessorImpl.java:43)
	at java.base/java.lang.reflect.Method.invoke(Method.java:566)
	at org.junit.runners.model.FrameworkMethod$1.runReflectiveCall(FrameworkMethod.java:44)
	at org.junit.internal.runners.model.ReflectiveCallable.run(ReflectiveCallable.java:15)
	at org.junit.runners.model.FrameworkMethod.invokeExplosively(FrameworkMethod.java:41)
	at junitparams.internal.InvokeParameterisedMethod.evaluate(InvokeParameterisedMethod.java:102)
	at org.junit.internal.runners.statements.FailOnTimeout$1.run(FailOnTimeout.java:28)
Caused by: ptolemy.kernel.util.IllegalActionException: SubscriptionAggregatorPorts cannot be used at the top level, use a SubscriptionAggregator actor instead.
  in .PublisherSubscriptionAggregatorPort.SubscriptionAggregatorPort
	at ptolemy.actor.SubscriptionAggregatorPort.preinitialize(SubscriptionAggregatorPort.java:353)
	at ptolemy.actor.CompositeActor.preinitialize(CompositeActor.java:1769)
	at ptolemy.actor.Manager.preinitializeAndResolveTypes(Manager.java:1040)
	at ptolemy.actor.Manager.initialize(Manager.java:710)
	at ptolemy.actor.Manager.execute(Manager.java:356)
	at ptolemy.actor.Manager.run(Manager.java:1263)
	at ptolemy.actor.Manager$PtolemyRunThread.run(Manager.java:1933)
java.lang.RuntimeException: Execution failed
	at ptolemy.moml.MoMLSimpleApplication$UnloadThread.run(MoMLSimpleApplication.java:402)
Caused by: ptolemy.kernel.util.IllegalActionException: TypeTest actor has no training data.
  in .sizedarray3.TypeTest
	at ptolemy.actor.lib.TypeTest.initialize(TypeTest.java:250)
	at ptolemy.actor.Director.initialize(Director.java:938)
	at ptolemy.actor.Director.initialize(Director.java:907)
	at ptolemy.actor.sched.StaticSchedulingDirector.initialize(StaticSchedulingDirector.java:159)
	at ptolemy.domains.sdf.kernel.SDFDirector.initialize(SDFDirector.java:544)
	at ptolemy.actor.CompositeActor.initialize(CompositeActor.java:935)
	at ptolemy.actor.Manager.initialize(Manager.java:724)
	at ptolemy.actor.Manager.execute(Manager.java:356)
	at ptolemy.actor.Manager.run(Manager.java:1263)
	at ptolemy.actor.Manager$PtolemyRunThread.run(Manager.java:1933)
java.lang.reflect.InvocationTargetException
	at java.base/jdk.internal.reflect.NativeConstructorAccessorImpl.newInstance0(Native Method)
	at java.base/jdk.internal.reflect.NativeConstructorAccessorImpl.newInstance(NativeConstructorAccessorImpl.java:62)
	at java.base/jdk.internal.reflect.DelegatingConstructorAccessorImpl.newInstance(DelegatingConstructorAccessorImpl.java:45)
	at java.base/java.lang.reflect.Constructor.newInstance(Constructor.java:490)
	at ptolemy.util.test.junit.AutoKnownFailedTests.RunModel(AutoKnownFailedTests.java:105)
	at java.base/jdk.internal.reflect.NativeMethodAccessorImpl.invoke0(Native Method)
	at java.base/jdk.internal.reflect.NativeMethodAccessorImpl.invoke(NativeMethodAccessorImpl.java:62)
	at java.base/jdk.internal.reflect.DelegatingMethodAccessorImpl.invoke(DelegatingMethodAccessorImpl.java:43)
	at java.base/java.lang.reflect.Method.invoke(Method.java:566)
	at org.junit.runners.model.FrameworkMethod$1.runReflectiveCall(FrameworkMethod.java:44)
	at org.junit.internal.runners.model.ReflectiveCallable.run(ReflectiveCallable.java:15)
	at org.junit.runners.model.FrameworkMethod.invokeExplosively(FrameworkMethod.java:41)
	at junitparams.internal.InvokeParameterisedMethod.evaluate(InvokeParameterisedMethod.java:102)
	at org.junit.internal.runners.statements.FailOnTimeout$1.run(FailOnTimeout.java:28)
Caused by: ptolemy.kernel.util.IllegalActionException: TypeTest actor has no training data.
  in .sizedarray3.TypeTest
	at ptolemy.actor.lib.TypeTest.initialize(TypeTest.java:250)
	at ptolemy.actor.Director.initialize(Director.java:938)
	at ptolemy.actor.Director.initialize(Director.java:907)
	at ptolemy.actor.sched.StaticSchedulingDirector.initialize(StaticSchedulingDirector.java:159)
	at ptolemy.domains.sdf.kernel.SDFDirector.initialize(SDFDirector.java:544)
	at ptolemy.actor.CompositeActor.initialize(CompositeActor.java:935)
	at ptolemy.actor.Manager.initialize(Manager.java:724)
	at ptolemy.actor.Manager.execute(Manager.java:356)
	at ptolemy.actor.Manager.run(Manager.java:1263)
	at ptolemy.actor.Manager$PtolemyRunThread.run(Manager.java:1933)
]]></system-err>
</testsuite>
