<?xml version="1.0" encoding="UTF-8" ?>
<testsuite errors="0" failures="0" hostname="travis-job-b7049476-f017-41c7-8efe-d0d24ffe81b8" name="ptolemy.actor.lib.test.junit.JUnitTclTest" skipped="0" tests="517" time="59.073" timestamp="2018-06-28T01:27:45">
  <properties>
    <property name="npm.executable" value="npm" />
    <property name="file.encoding.pkg" value="sun.io" />
    <property name="ptII.mk.exists" value="true" />
    <property name="env.rvm_bin_path" value="/home/travis/.rvm/bin" />
    <property name="java.home" value="/usr/lib/jvm/java-8-oracle/jre" />
    <property name="env.TRAVIS_JOB_NUMBER" value="635.8" />
    <property name="env.DISPLAY" value=":99.0" />
    <property name="java.net.preferIPv4Stack" value="true" />
    <property name="env.TRAVIS_INIT" value="upstart" />
    <property name="env.SSH_TTY" value="/dev/pts/0" />
    <property name="env.RUN_TESTS" value="false" />
    <property name="timeout.short" value="1000000" />
    <property name="env.TRAVIS_STACK_NODE_ATTRIBUTES" value="/.node-attributes.yml" />
    <property name="junit.formatter" value="xml" />
    <property name="java.endorsed.dirs" value="/usr/lib/jvm/java-8-oracle/jre/lib/endorsed" />
    <property name="env.TRAVIS_SUDO" value="true" />
    <property name="env.LOGNAME" value="travis" />
    <property name="env.PT_TRAVIS_TEST_CORE1_XML" value="true" />
    <property name="jsdoc.home" value="node_modules/@terraswarm/jsdoc" />
    <property name="debuglevel" value="source,lines,vars" />
    <property name="checkstyle.formatter" value="xml" />
    <property name="bin.vergil.makeable" value="true" />
    <property name="env._system_version" value="14.04" />
    <property name="sun.os.patch.level" value="unknown" />
    <property name="java.vendor.url" value="http://java.oracle.com/" />
    <property name="java.version" value="1.8.0_151" />
    <property name="env.TZ" value="UTC" />
    <property name="env.PT_NO_NET" value="true" />
    <property name="env.TRAVIS_PULL_REQUEST_SHA" value="" />
    <property name="env.TRAVIS_SECURE_ENV_VARS" value="true" />
    <property name="env._system_type" value="Linux" />
    <property name="java.vendor.url.bug" value="http://bugreport.sun.com/bugreport/" />
    <property name="env.SSH_CLIENT" value="10.10.4.38 42258 22" />
    <property name="npmjs-org-is-up" value="true" />
    <property name="env.GEM_HOME" value="/home/travis/.rvm/gems/ruby-2.4.1" />
    <property name="env.HAS_ANTARES_THREE_LITTLE_FRONZIES_BADGE" value="true" />
    <property name="env.PS4" value="+" />
    <property name="ant.project.invoked-targets" value="build,test.core1.xml" />
    <property name="env.TRAVIS_PULL_REQUEST_BRANCH" value="" />
    <property name="env.TRAVIS_REPO_SLUG" value="icyphy/ptII" />
    <property name="node.in.path" value="true" />
    <property name="java.maxmemory" value="1400m" />
    <property name="env.RUBY_VERSION" value="ruby-2.4.1" />
    <property name="user.name" value="travis" />
    <property name="env.LANG" value="en_US.UTF-8" />
    <property name="sun.io.unicode.encoding" value="UnicodeLittle" />
    <property name="sun.jnu.encoding" value="UTF-8" />
    <property name="java.runtime.name" value="Java(TM) SE Runtime Environment" />
    <property name="usefile" value="false" />
    <property name="return.code" value="0" />
    <property name="junit.single.formatter" value="plain" />
    <property name="env.DYLD_LIBRARY_PATH" value="/home/travis/pthla/certi-tools/lib:" />
    <property name="env.DEBIAN_FRONTEND" value="noninteractive" />
    <property name="env.SSH_CONNECTION" value="10.10.4.38 42258 10.20.0.46 22" />
    <property name="env.MYSQL_UNIX_PORT" value="/var/run/mysqld/mysqld.sock" />
    <property name="env.TRAVIS_ALLOW_FAILURE" value="false" />
    <property name="env.LC_ALL" value="en_US.UTF-8" />
    <property name="java.specification.name" value="Java Platform API Specification" />
    <property name="node.works" value="true" />
    <property name="user.timezone" value="" />
    <property name="path.separator" value=":" />
    <property name="env.PYTHON_CFLAGS" value="-g -fstack-protector --param=ssp-buffer-size=4 -Wformat -Werror=format-security" />
    <property name="timeout.long" value="4000000" />
    <property name="env.CERTI_HOME" value="/home/travis/pthla/certi-tools" />
    <property name="file.encoding" value="UTF-8" />
    <property name="ant.file.ptII" value="/home/travis/build/icyphy/ptII/build.xml" />
    <property name="javadoc.packagenames" value="com.*,diva.*,lbnl.*,org.hlacerti.*,org.json.*,org.ptolemy.*,org.terraswarm.*,ptolemy.*,ptserver.*" />
    <property name="env.TRAVIS_PULL_REQUEST_SLUG" value="" />
    <property name="ant.project.default-target" value="build" />
    <property name="env.GIT_ASKPASS" value="echo" />
    <property name="env.HOME" value="/home/travis" />
    <property name="sun.java.command" value="org.apache.tools.ant.taskdefs.optional.junit.JUnitTestRunner ptolemy.actor.lib.test.junit.JUnitTclTest skipNonTests=false filtertrace=true haltOnError=false haltOnFailure=false formatter=org.apache.tools.ant.taskdefs.optional.junit.OutErrSummaryJUnitResultFormatter showoutput=true outputtoformatters=true logfailedtests=true threadid=0 logtestlistenerevents=false formatter=org.apache.tools.ant.taskdefs.optional.junit.XMLJUnitResultFormatter,/home/travis/build/icyphy/ptII/reports/junit/TEST-ptolemy.actor.lib.test.junit.JUnitTclTest.xml crashfile=/home/travis/build/icyphy/ptII/junitvmwatcher4359508228369880802.properties propsfile=/home/travis/build/icyphy/ptII/junit8319951735854679767.properties" />
    <property name="env.MANPATH" value="/home/travis/.nvm/versions/node/v7.10.1/share/man:/home/travis/.kiex/elixirs/elixir-1.4.5/man:/home/travis/.rvm/rubies/ruby-2.4.1/share/man:/usr/local/man:/usr/local/cmake-3.9.2/man:/usr/local/clang-5.0.0/share/man:/usr/local/share/man:/usr/share/man:/home/travis/.rvm/man" />
    <property name="env.COMPOSER_NO_INTERACTION" value="1" />
    <property name="env.JDK_SWITCHER_DEFAULT" value="oraclejdk8" />
    <property name="ant.file" value="/home/travis/build/icyphy/ptII/build.xml" />
    <property name="env.TRAVIS_COMMIT_RANGE" value="ccc6dcdeb986a88bd7adfc64f07cce96eb7c62d4...def9f10e04089c14f8ba284dbed157d0d1f7f1a8" />
    <property name="env._system_name" value="Ubuntu" />
    <property name="timeout" value="2400000" />
    <property name="ptII.classpath.optional.property" value="/home/travis/build/icyphy/ptII/lib/bsh-2.0b4.jar:/home/travis/build/icyphy/ptII/lib/ptCal.jar:/home/travis/build/icyphy/ptII/lib/java_cup.jar:/home/travis/build/icyphy/ptII/lib/saxon8.jar:/home/travis/build/icyphy/ptII/lib/saxon8-dom.jar:/home/travis/build/icyphy/ptII/lib/chic.jar:/home/travis/build/icyphy/ptII/lib/ptcolt.jar:/usr/lib/jvm/java-8-oracle/lib/tools.jar:/usr/lib/eclipse/plugins/org.eclipse.jdt.core_3.8.2.dist.jar:/usr/lib/eclipse/plugins/org.eclipse.core.runtime_3.8.0.dist.jar:/usr/lib/eclipse/plugins/org.eclipse.osgi_3.8.1.dist.jar:/usr/lib/eclipse/plugins/org.eclipse.core.resources_3.8.1.dist.jar:/usr/lib/eclipse/plugins/org.eclipse.equinox.common_3.6.100.dist.jar:/usr/lib/eclipse/plugins/org.eclipse.core.jobs_3.5.200.dist.jar:/usr/lib/eclipse/plugins/org.eclipse.core.contenttype_3.4.200.dist.jar:/usr/lib/eclipse/plugins/org.eclipse.equinox.preferences_3.5.0.dist.jar:/usr/lib/eclipse/plugins/org.eclipse.text_3.5.200.dist.jar:/usr/lib/eclipse/plugins/org.eclipse.ui.workbench_3.8.1.dist.jar:/usr/lib/eclipse/plugins/org.eclipse.jface_3.8.0.dist.jar:/usr/lib/eclipse/plugins/org.eclipse.swt_3.8.2.jar:/usr/lib/eclipse/plugins/org.eclipse.jface.text_3.8.1.dist.jar:/usr/lib/eclipse/plugins/org.eclipse.ui.workbench.texteditor_3.8.0.dist.jar:/usr/lib/eclipse/plugins/org.eclipse.ui.editors_3.8.0.dist.jar:/usr/lib/eclipse/plugins/org.eclipse.core.commands_3.6.1.dist.jar:/usr/lib/eclipse/plugins/org.eclipse.equinox.registry_3.5.200.dist.jar:/usr/lib/eclipse/plugins/org.eclipse.ui.console_3.5.100.dist.jar:/usr/lib/eclipse/plugins/org.eclipse.ui.forms_3.5.200.dist.jar:/usr/lib/eclipse/plugins/org.eclipse.ui.ide_3.8.1.dist.jar:/home/travis/build/icyphy/ptII/vendors/oracle/dbxml.jar:/home/travis/build/icyphy/ptII/vendors/oracle/db.jar:/home/travis/build/icyphy/ptII/vendors/misc/itext/iText.jar:/home/travis/build/icyphy/ptII/lib/g4ltl.jar:/home/travis/build/icyphy/ptII/lib/StructuralCoder.jar:/home/travis/build/icyphy/ptII/lib/org-openide-util.jar:/home/travis/build/icyphy/ptII/lib/org-openide-util-lookup.jar:/home/travis/build/icyphy/ptII/lib/org-netbeans-api-visual.jar:/home/travis/build/icyphy/ptII/vendors/jai-1_1_2_01/lib/jai_core.jar:/home/travis/build/icyphy/ptII/vendors/jai-1_1_2_01/lib/jai_codec.jar:/home/travis/build/icyphy/ptII/lib/jcerti.jar:/home/travis/build/icyphy/ptII/lib/smack.jar:/home/travis/build/icyphy/ptII/lib/smackx.jar:/home/travis/build/icyphy/ptII/lib/jetty-all-8.1.5-v20120716.jar:/home/travis/build/icyphy/ptII/lib/javax.servlet-api-3.0.1.jar:/home/travis/build/icyphy/ptII/lib/javax.mail.jar:/home/travis/build/icyphy/ptII/vendors/JMF-2.1.1e/lib/jmf.jar:/home/travis/build/icyphy/ptII/lib/jna-4.0.0-variadic.jar:/home/travis/build/icyphy/ptII/vendors/misc/joystick/Joystick.jar:/home/travis/build/icyphy/ptII/lib/ptjacl.jar:/home/travis/build/icyphy/ptII/lib/jsoup-1.8.2.jar:/home/travis/build/icyphy/ptII/lib/junit-4.8.2.jar:/home/travis/build/icyphy/ptII/lib/JUnitParams-0.4.0.jar:/home/travis/build/icyphy/ptII/ptolemy/actor/lib/excel/jxl.jar:/home/travis/build/icyphy/ptII/lib/jython.jar:/home/travis/build/icyphy/ptII/lib/kieler.jar:/home/travis/build/icyphy/ptII/vendors/opencv/share/OpenCV/java/opencv-341.jar:/home/travis/build/icyphy/ptII/lib/oscP5.jar:/home/travis/build/icyphy/ptII/lib/nrjavaserial-3.11.0.devel.jar:/home/travis/build/icyphy/ptII/vendors/j3d/lib/j3dcore.jar:/home/travis/build/icyphy/ptII/vendors/j3d/lib/j3dutils.jar:/home/travis/build/icyphy/ptII/vendors/j3d/lib/vecmath.jar:/home/travis/build/icyphy/ptII/ptolemy/distributed/jini/jar/jini-core.jar:/home/travis/build/icyphy/ptII/ptolemy/distributed/jini/jar/jini-ext.jar:/home/travis/build/icyphy/ptII/ptolemy/distributed/jini/jar/sun-util.jar:/home/travis/build/icyphy/ptII/lib/protobuf-java-2.4.1.jar:/home/travis/build/icyphy/ptII/lib/org.eclipse.paho.client.mqttv3.jar:/home/travis/build/icyphy/ptII/ptserver/lib/hessian-4.0.7.jar:/home/travis/build/icyphy/ptII/ptserver/lib/wmqtt.jar:/home/travis/build/icyphy/ptII/lib/mapss.jar:/home/travis/build/icyphy/ptII/ptolemy/actor/ptalon/antlr/antlr.jar:/home/travis/build/icyphy/ptII/lib/JRI.jar:/home/travis/build/icyphy/ptII/lib/commons-lang-2.6.jar:/home/travis/build/icyphy/ptII/lib/commons-logging-1.1.1.jar:/home/travis/build/icyphy/ptII/lib/sootclasses.jar:/home/travis/build/icyphy/ptII/ptolemy/actor/lib/database/mysql-connector-java-5.1.6-bin.jar:/home/travis/build/icyphy/ptII/vendors/misc/sphinx4/sphinx4-data-5prealpha.jar:/home/travis/build/icyphy/ptII/vendors/misc/sphinx4/sphinx4-core-5prealpha.jar:/home/travis/build/icyphy/ptII/lib/PDFRenderer.jar:/home/travis/build/icyphy/ptII/lib/svgSalamander.jar:/home/travis/build/icyphy/ptII/lib/rsyntaxtextarea-2.6.0-SNAPSHOT.jar:/home/travis/build/icyphy/ptII/lib/hazelcast-3.8.2.jar:/home/travis/build/icyphy/ptII/lib/jackson-annotations-2.9.0.jar:/home/travis/build/icyphy/ptII/lib/jackson-core-2.9.3.jar:/home/travis/build/icyphy/ptII/lib/jackson-databind-2.9.3.jar:/home/travis/build/icyphy/ptII/lib/netty-buffer-4.1.19.Final.jar:/home/travis/build/icyphy/ptII/lib/netty-codec-4.1.19.Final.jar:/home/travis/build/icyphy/ptII/lib/netty-codec-dns-4.1.19.Final.jar:/home/travis/build/icyphy/ptII/lib/netty-codec-http-4.1.19.Final.jar:/home/travis/build/icyphy/ptII/lib/netty-codec-http2-4.1.19.Final.jar:/home/travis/build/icyphy/ptII/lib/netty-common-4.1.19.Final.jar:/home/travis/build/icyphy/ptII/lib/netty-handler-4.1.19.Final.jar:/home/travis/build/icyphy/ptII/lib/netty-resolver-4.1.19.Final.jar:/home/travis/build/icyphy/ptII/lib/netty-resolver-dns-4.1.19.Final.jar:/home/travis/build/icyphy/ptII/lib/netty-transport-4.1.19.Final.jar:/home/travis/build/icyphy/ptII/lib/vertx-codegen-3.5.1.jar:/home/travis/build/icyphy/ptII/lib/vertx-core-3.5.2-SNAPSHOT.jar:/home/travis/build/icyphy/ptII/lib/vertx-hazelcast-3.5.1.jar:/home/travis/build/icyphy/ptII/lib/vertx-lang-js-3.5.1.jar:/home/travis/build/icyphy/ptII/lib/vertx-service-proxy-3.5.1.jar:/home/travis/build/icyphy/ptII/lib/vertx-web-3.5.1.jar:/home/travis/build/icyphy/ptII/lib/slf4j-api-1.7.13.jar:/home/travis/build/icyphy/ptII/lib/slf4j-simple-1.7.13.jar:/home/travis/build/icyphy/ptII/lib/webcam-capture-0.3.12.jar:/home/travis/build/icyphy/ptII/lib/bridj-0.7.0.jar:/home/travis/build/icyphy/ptII/lib/xbjlib-1.1.0.nrjavaserial.jar" />
    <property name="test.batch" value="**/junit/*.java" />
    <property name="env._" value="/usr/bin/timeout" />
    <property name="java.io.tmpdir" value="/tmp" />
    <property name="user.language" value="en" />
    <property name="env.HISTCONTROL" value="ignoredups:ignorespace" />
    <property name="env.GOROOT" value="/home/travis/.gimme/versions/go1.7.4.linux.amd64" />
    <property name="line.separator" value="&#xa;" />
    <property name="target" value="1.8" />
    <property name="env.TRAVIS_BUILD_DIR" value="/home/travis/build/icyphy/ptII" />
    <property name="env.ANT_OPTS" value="-Xmx2048m" />
    <property name="ant.file.type" value="file" />
    <property name="ptolemy.ptII.batchMode" value="true" />
    <property name="env.HISTSIZE" value="1000" />
    <property name="env.MERB_ENV" value="test" />
    <property name="java.vm.info" value="mixed mode" />
    <property name="source" value="1.8" />
    <property name="java.vm.specification.name" value="Java Virtual Machine Specification" />
    <property name="env.TRAVIS_TEST_RESULT" value="0" />
    <property name="jsdoc.command" value="node_modules/@terraswarm/jsdoc/jsdoc.js" />
    <property name="npm.works" value="true" />
    <property name="cobertura.dir" value="/home/travis/build/icyphy/ptII/vendors/cobertura-2.0.3" />
    <property name="env.rvm_path" value="/home/travis/.rvm" />
    <property name="env.GEM_PATH" value="/home/travis/.rvm/gems/ruby-2.4.1:/home/travis/.rvm/gems/ruby-2.4.1@global" />
    <property name="env.LC_CTYPE" value="en_US.UTF-8" />
    <property name="java.awt.printerjob" value="sun.print.PSPrinterJob" />
    <property name="env.TRAVIS_STACK_NAME" value="garnet" />
    <property name="ant.version" value="Apache Ant(TM) version 1.10.1 compiled on February 2 2017" />
    <property name="ptII.reports" value="/home/travis/build/icyphy/ptII/reports" />
    <property name="env.TRAVIS_STACK_TIMESTAMP" value="2017-12-05 19:33:09 UTC" />
    <property name="ant.file.type.ptII" value="file" />
    <property name="env.RBENV_SHELL" value="bash" />
    <property name="os.name" value="Linux" />
    <property name="java.specification.vendor" value="Oracle Corporation" />
    <property name="env.rvm_version" value="1.29.3 (latest)" />
    <property name="env.TERM" value="xterm" />
    <property name="java.vm.name" value="Java HotSpot(TM) 64-Bit Server VM" />
    <property name="env.TRAVIS_BUILD_NUMBER" value="635" />
    <property name="env.CI" value="true" />
    <property name="java.library.path" value="/home/travis/pthla/certi-tools/lib:/usr/lib/jni:/usr/local/share/OpenCV/java/:/usr/share/OpenCV/java::/usr/java/packages/lib/amd64:/usr/lib64:/lib64:/lib:/usr/lib" />
    <property name="env.rvm_prefix" value="/home/travis" />
    <property name="env.PATH" value="/home/travis/pthla/certi-tools/share/scripts:/home/travis/.rvm/gems/ruby-2.4.1/bin:/home/travis/.rvm/gems/ruby-2.4.1@global/bin:/home/travis/.rvm/rubies/ruby-2.4.1/bin:/home/travis/.rvm/bin:/home/travis/.nvm/versions/node/v7.10.1/bin:./node_modules/.bin:/home/travis/build/icyphy/ptII/bin:/home/travis/pthla/certi-tools/bin:/home/travis/bin:/home/travis/.local/bin:/opt/pyenv/shims:/home/travis/.phpenv/shims:/home/travis/perl5/perlbrew/bin:/home/travis/.kiex/elixirs/elixir-1.4.5/bin:/home/travis/.kiex/bin:/home/travis/gopath/bin:/home/travis/.gimme/versions/go1.7.4.linux.amd64/bin:/usr/local/phantomjs/bin:/usr/local/phantomjs:/usr/local/neo4j-3.2.7/bin:/usr/local/maven-3.5.2/bin:/usr/local/cmake-3.9.2/bin:/usr/local/clang-5.0.0/bin:/usr/local/sbin:/usr/local/bin:/usr/sbin:/usr/bin:/sbin:/bin:/home/travis/.phpenv/bin:/opt/pyenv/bin:/home/travis/.yarn/bin" />
    <property name="env.TRAVIS_OS_NAME" value="linux" />
    <property name="ant.java.version" value="1.8" />
    <property name="basedir" value="/home/travis/build/icyphy/ptII" />
    <property name="java.class.version" value="52.0" />
    <property name="env.SHLVL" value="3" />
    <property name="env.LD_LIBRARY_PATH" value="/home/travis/pthla/certi-tools/lib:/usr/lib/jni:/usr/local/share/OpenCV/java/:/usr/share/OpenCV/java:" />
    <property name="env.RACK_ENV" value="test" />
    <property name="ant.home" value="/home/travis/build/icyphy/ptII/ant" />
    <property name="env.NVM_DIR" value="/home/travis/.nvm" />
    <property name="env.PERLBREW_BASHRC_VERSION" value="0.80" />
    <property name="env.CERTI_FOM_PATH" value="/home/travis/pthla/certi-tools/share/federations" />
    <property name="env.TRAVIS_BUILD_ID" value="397602766" />
    <property name="env.PYENV_ROOT" value="/opt/pyenv" />
    <property name="env.TRAVIS_UID" value="2000" />
    <property name="env.rvm_pretty_print_flag" value="auto" />
    <property name="env.NVM_BIN" value="/home/travis/.nvm/versions/node/v7.10.1/bin" />
    <property name="env.TRAVIS_COMMIT" value="def9f10e04089c14f8ba284dbed157d0d1f7f1a8" />
    <property name="env._system_arch" value="x86_64" />
    <property name="node.executable" value="node" />
    <property name="sun.boot.library.path" value="/usr/lib/jvm/java-8-oracle/jre/lib/amd64" />
    <property name="sun.management.compiler" value="HotSpot 64-Bit Tiered Compilers" />
    <property name="env.GOPATH" value="/home/travis/gopath" />
    <property name="java.awt.graphicsenv" value="sun.awt.X11GraphicsEnvironment" />
    <property name="ptolemy.ptII.dir" value="/home/travis/build/icyphy/ptII" />
    <property name="env.USER" value="travis" />
    <property name="env.HISTFILESIZE" value="2000" />
    <property name="timeout.longest" value="19000000" />
    <property name="env.TRAVIS_STACK_FEATURES" value="basic cassandra chromium couchdb disabled-ipv6 docker docker-compose elasticsearch firefox go-toolchain google-chrome jdk memcached mongodb mysql neo4j nodejs_interpreter perl_interpreter perlbrew phantomjs postgresql python_interpreter rabbitmq redis riak ruby_interpreter sqlite xserver" />
    <property name="env.TRAVIS_PULL_REQUEST" value="false" />
    <property name="env.PYENV_SHELL" value="bash" />
    <property name="ant.project.name" value="ptII" />
    <property name="java.vm.specification.version" value="1.8" />
    <property name="env.TRAVIS_DIST" value="trusty" />
    <property name="env.CERTI_VERSION" value="4.0.0" />
    <property name="env.NLSPATH" value="/usr/dt/lib/nls/msg/%L/%N.cat" />
    <property name="awt.toolkit" value="sun.awt.X11.XToolkit" />
    <property name="env.CERTI_HOST" value="localhost" />
    <property name="env.MY_RUBY_HOME" value="/home/travis/.rvm/rubies/ruby-2.4.1" />
    <property name="sun.cpu.isalist" value="" />
    <property name="java.ext.dirs" value="/usr/lib/jvm/java-8-oracle/jre/lib/ext:/usr/java/packages/lib/ext" />
    <property name="os.version" value="4.4.0-101-generic" />
    <property name="user.home" value="/home/travis" />
    <property name="env.MIX_ARCHIVES" value="/home/travis/.kiex/mix/elixir-1.4.5" />
    <property name="java.vm.vendor" value="Oracle Corporation" />
    <property name="env.TRAVIS_TAG" value="nightly" />
    <property name="env.TRAVIS_FILTERED" value="redirect_io" />
    <property name="env.JAVA_HOME" value="/usr/lib/jvm/java-8-oracle" />
    <property name="env.PTII" value="/home/travis/build/icyphy/ptII" />
    <property name="javadoc.excludepackagenames" value="adm.cvs2svn.*,build.*,config.*,doc.coding.templates.*,jni.test.jni.meaningOfLife.*,jni.test.jni.testDeux.*,jni.test.jni.testTrois.*,org.terraswarm.accessor.accessors.web.node_modules.*,org.terraswarm.accessor.accessors.web.hosts.cordova.demo.*,org.terraswarm.accessor.accessors.web.hosts.cordova.plugins.*,org.terraswarm.accessor.accessors-svn.*,pt-modules.*,ptolemy.apps.agilent.*,ptolemy.apps.anytimecontrol.*,ptolemy.apps.apes.*,ptolemy.apps.charon.*,ptolemy.apps.crazyboard.*,ptolemy.apps.eclipse.*,ptolemy.apps.etherealSting.*,ptolemy.apps.fullscreen.*,ptolemy.apps.giotto.*,ptolemy.apps.ia.*,ptolemy.apps.interfaces.*,ptolemy.apps.jmf.*,ptolemy.apps.kurt.*,ptolemy.apps.kvm.*,ptolemy.apps.lego.*,ptolemy.apps.lejos.*,ptolemy.apps.midp.*,ptolemy.apps.mobileCoding.*,ptolemy.apps.pendulum.*,ptolemy.apps.rijndael.*,ptolemy.apps.robot.*,ptolemy.apps.security.*,ptolemy.apps.sobel.*,ptolemy.apps.soot.*,ptolemy.apps.throttle.*,ptolemy.apps.tini.*,ptolemy.apps.transmission.*,ptolemy.apps.vergil.*,ptolemy.apps.waba.*,ptolemy.apps.websensor.*,ptolemy.apps.webstart.*,ptolemy.apps.xsl.*,ptolemy.apps.zaurus.*,ptolemy.backtrack.eclipse.plugin.*,ptolemy.backtrack.test.*,ptolemy.codegen.c.actor.lib.oldJavaFiles.*,ptolemy.codegen.dsp.lib.*,ptolemy.codegen.kernel.newInterfaces.*,ptolemy.codegen.lib.*,ptolemy.copernicus.kernel.fragment.*,ptolemy.copernicus.shallow.cg.*,ptolemy.domains.giotto.demo.Hierarchy.Hierarchy.*,ptolemy.domains.giotto.demo.Multimode.Multimode.*,ptolemy.domains.giotto.demo.Simple.Simple.*,ptolemy.domains.gr.lib.experimental.*,ptolemy.domains.gro.*,ptolemy.domains.pdf.*,ptolemy.domains.ptinyos.demo.Surge.output.*,ptolemy.moml.test.NoPackageActor.java*,ptolemy.plot.adm.*,ptolemy.plot.servlet.*,reports.*,signed.*,src.*,target.*,vendors.*,ptolemy.cg.adapter.generic.program.procedural.c.mbed*,ptolemy.actor.lib.fmi.fmus.omc*,ptolemy.domains.openmodelica*,ptdb.kernel.bl.save.test.*,ptdb.kernel.bl.load.test.*,ptdb.kernel.bl.search.test.*,ptdb.kernel.bl.migration.test.*,ptdb.kernel.database.test.*,ptdb.test.*,ptdb.gui.test.*,org.ptolemy.scala.*,diva.util.java2d.svg.*,ptolemy.domains.ptinyos.*,ptolemy.actor.lib.fmi.fmipp.*,,org.terraswarm.accessor.accessors.web.node_modules.*,org.terraswarm.accessor.accessors-svn,ptolemy.apps.*,ptolemy.actor.ptalon.demo.ptinyos.SendAndReceiveCnt.output,ptolemy.actor.ptalon.demo.ptinyos.SenseToLeds.output,ptolemy.domains.ptinyos.demo.CntToLedsAndRfm.output,ptolemy.domains.ptinyos.demo.RfmToLeds.output,ptolemy.domains.ptinyos.demo.SendAndReceiveCnt.output,ptolemy.domains.ptinyos.demo.SenseToLeds.output,ptolemy.actor.lib.jjs.modules.udpSocket.*" />
    <property name="env.TRAVIS_COMMIT_MESSAGE" value="Monitor MQTT Errors on stdout" />
    <property name="keystore" value="ptKeystore" />
    <property name="env.XDG_SESSION_ID" value="2" />
    <property name="junit.output.dir" value="/home/travis/build/icyphy/ptII/reports/junit" />
    <property name="npm.return.code" value="0" />
    <property name="user.dir" value="/home/travis/build/icyphy/ptII/ptolemy/actor/lib/test" />
    <property name="env.TRAVIS_NODE_VERSION" value="7" />
    <property name="env.XFILESEARCHPATH" value="/usr/dt/app-defaults/%L/Dt" />
    <property name="env.TRAVIS_EVENT_TYPE" value="cron" />
    <property name="env.MAIL" value="/var/mail/travis" />
    <property name="env.PERLBREW_ROOT" value="/home/travis/perl5/perlbrew" />
    <property name="env.PWD" value="/home/travis/build/icyphy/ptII" />
    <property name="timeout.npm" value="45000" />
    <property name="env.PAGER" value="cat" />
    <property name="sun.cpu.endian" value="little" />
    <property name="env.TRAVIS_BUILD_STAGE_NAME" value="Test" />
    <property name="env.PERLBREW_HOME" value="/home/travis/.perlbrew" />
    <property name="env.RAILS_ENV" value="test" />
    <property name="java.vm.version" value="25.151-b12" />
    <property name="java.class.path" value="/home/travis/.ptolemyII:/home/travis/.ptolemyII/*:/home/travis/build/icyphy/ptII:/home/travis/build/icyphy/ptII/lib/bsh-2.0b4.jar:/home/travis/build/icyphy/ptII/lib/ptCal.jar:/home/travis/build/icyphy/ptII/lib/java_cup.jar:/home/travis/build/icyphy/ptII/lib/saxon8.jar:/home/travis/build/icyphy/ptII/lib/saxon8-dom.jar:/home/travis/build/icyphy/ptII/lib/chic.jar:/home/travis/build/icyphy/ptII/lib/ptcolt.jar:/usr/lib/jvm/java-8-oracle/lib/tools.jar:/usr/lib/eclipse/plugins/org.eclipse.jdt.core_3.8.2.dist.jar:/usr/lib/eclipse/plugins/org.eclipse.core.runtime_3.8.0.dist.jar:/usr/lib/eclipse/plugins/org.eclipse.osgi_3.8.1.dist.jar:/usr/lib/eclipse/plugins/org.eclipse.core.resources_3.8.1.dist.jar:/usr/lib/eclipse/plugins/org.eclipse.equinox.common_3.6.100.dist.jar:/usr/lib/eclipse/plugins/org.eclipse.core.jobs_3.5.200.dist.jar:/usr/lib/eclipse/plugins/org.eclipse.core.contenttype_3.4.200.dist.jar:/usr/lib/eclipse/plugins/org.eclipse.equinox.preferences_3.5.0.dist.jar:/usr/lib/eclipse/plugins/org.eclipse.text_3.5.200.dist.jar:/usr/lib/eclipse/plugins/org.eclipse.ui.workbench_3.8.1.dist.jar:/usr/lib/eclipse/plugins/org.eclipse.jface_3.8.0.dist.jar:/usr/lib/eclipse/plugins/org.eclipse.swt_3.8.2.jar:/usr/lib/eclipse/plugins/org.eclipse.jface.text_3.8.1.dist.jar:/usr/lib/eclipse/plugins/org.eclipse.ui.workbench.texteditor_3.8.0.dist.jar:/usr/lib/eclipse/plugins/org.eclipse.ui.editors_3.8.0.dist.jar:/usr/lib/eclipse/plugins/org.eclipse.core.commands_3.6.1.dist.jar:/usr/lib/eclipse/plugins/org.eclipse.equinox.registry_3.5.200.dist.jar:/usr/lib/eclipse/plugins/org.eclipse.ui.console_3.5.100.dist.jar:/usr/lib/eclipse/plugins/org.eclipse.ui.forms_3.5.200.dist.jar:/usr/lib/eclipse/plugins/org.eclipse.ui.ide_3.8.1.dist.jar:/home/travis/build/icyphy/ptII/vendors/oracle/dbxml.jar:/home/travis/build/icyphy/ptII/vendors/oracle/db.jar:/home/travis/build/icyphy/ptII/vendors/misc/itext/iText.jar:/home/travis/build/icyphy/ptII/lib/g4ltl.jar:/home/travis/build/icyphy/ptII/lib/StructuralCoder.jar:/home/travis/build/icyphy/ptII/lib/org-openide-util.jar:/home/travis/build/icyphy/ptII/lib/org-openide-util-lookup.jar:/home/travis/build/icyphy/ptII/lib/org-netbeans-api-visual.jar:/home/travis/build/icyphy/ptII/vendors/jai-1_1_2_01/lib/jai_core.jar:/home/travis/build/icyphy/ptII/vendors/jai-1_1_2_01/lib/jai_codec.jar:/home/travis/build/icyphy/ptII/lib/jcerti.jar:/home/travis/build/icyphy/ptII/lib/smack.jar:/home/travis/build/icyphy/ptII/lib/smackx.jar:/home/travis/build/icyphy/ptII/lib/jetty-all-8.1.5-v20120716.jar:/home/travis/build/icyphy/ptII/lib/javax.servlet-api-3.0.1.jar:/home/travis/build/icyphy/ptII/lib/javax.mail.jar:/home/travis/build/icyphy/ptII/vendors/JMF-2.1.1e/lib/jmf.jar:/home/travis/build/icyphy/ptII/lib/jna-4.0.0-variadic.jar:/home/travis/build/icyphy/ptII/vendors/misc/joystick/Joystick.jar:/home/travis/build/icyphy/ptII/lib/ptjacl.jar:/home/travis/build/icyphy/ptII/lib/jsoup-1.8.2.jar:/home/travis/build/icyphy/ptII/lib/junit-4.8.2.jar:/home/travis/build/icyphy/ptII/lib/JUnitParams-0.4.0.jar:/home/travis/build/icyphy/ptII/ptolemy/actor/lib/excel/jxl.jar:/home/travis/build/icyphy/ptII/lib/jython.jar:/home/travis/build/icyphy/ptII/lib/kieler.jar:/home/travis/build/icyphy/ptII/vendors/opencv/share/OpenCV/java/opencv-341.jar:/home/travis/build/icyphy/ptII/lib/oscP5.jar:/home/travis/build/icyphy/ptII/lib/nrjavaserial-3.11.0.devel.jar:/home/travis/build/icyphy/ptII/vendors/j3d/lib/j3dcore.jar:/home/travis/build/icyphy/ptII/vendors/j3d/lib/j3dutils.jar:/home/travis/build/icyphy/ptII/vendors/j3d/lib/vecmath.jar:/home/travis/build/icyphy/ptII/ptolemy/distributed/jini/jar/jini-core.jar:/home/travis/build/icyphy/ptII/ptolemy/distributed/jini/jar/jini-ext.jar:/home/travis/build/icyphy/ptII/ptolemy/distributed/jini/jar/sun-util.jar:/home/travis/build/icyphy/ptII/lib/protobuf-java-2.4.1.jar:/home/travis/build/icyphy/ptII/lib/org.eclipse.paho.client.mqttv3.jar:/home/travis/build/icyphy/ptII/ptserver/lib/hessian-4.0.7.jar:/home/travis/build/icyphy/ptII/ptserver/lib/wmqtt.jar:/home/travis/build/icyphy/ptII/lib/mapss.jar:/home/travis/build/icyphy/ptII/ptolemy/actor/ptalon/antlr/antlr.jar:/home/travis/build/icyphy/ptII/lib/JRI.jar:/home/travis/build/icyphy/ptII/lib/commons-lang-2.6.jar:/home/travis/build/icyphy/ptII/lib/commons-logging-1.1.1.jar:/home/travis/build/icyphy/ptII/lib/sootclasses.jar:/home/travis/build/icyphy/ptII/ptolemy/actor/lib/database/mysql-connector-java-5.1.6-bin.jar:/home/travis/build/icyphy/ptII/vendors/misc/sphinx4/sphinx4-data-5prealpha.jar:/home/travis/build/icyphy/ptII/vendors/misc/sphinx4/sphinx4-core-5prealpha.jar:/home/travis/build/icyphy/ptII/lib/PDFRenderer.jar:/home/travis/build/icyphy/ptII/lib/svgSalamander.jar:/home/travis/build/icyphy/ptII/lib/rsyntaxtextarea-2.6.0-SNAPSHOT.jar:/home/travis/build/icyphy/ptII/lib/hazelcast-3.8.2.jar:/home/travis/build/icyphy/ptII/lib/jackson-annotations-2.9.0.jar:/home/travis/build/icyphy/ptII/lib/jackson-core-2.9.3.jar:/home/travis/build/icyphy/ptII/lib/jackson-databind-2.9.3.jar:/home/travis/build/icyphy/ptII/lib/netty-buffer-4.1.19.Final.jar:/home/travis/build/icyphy/ptII/lib/netty-codec-4.1.19.Final.jar:/home/travis/build/icyphy/ptII/lib/netty-codec-dns-4.1.19.Final.jar:/home/travis/build/icyphy/ptII/lib/netty-codec-http-4.1.19.Final.jar:/home/travis/build/icyphy/ptII/lib/netty-codec-http2-4.1.19.Final.jar:/home/travis/build/icyphy/ptII/lib/netty-common-4.1.19.Final.jar:/home/travis/build/icyphy/ptII/lib/netty-handler-4.1.19.Final.jar:/home/travis/build/icyphy/ptII/lib/netty-resolver-4.1.19.Final.jar:/home/travis/build/icyphy/ptII/lib/netty-resolver-dns-4.1.19.Final.jar:/home/travis/build/icyphy/ptII/lib/netty-transport-4.1.19.Final.jar:/home/travis/build/icyphy/ptII/lib/vertx-codegen-3.5.1.jar:/home/travis/build/icyphy/ptII/lib/vertx-core-3.5.2-SNAPSHOT.jar:/home/travis/build/icyphy/ptII/lib/vertx-hazelcast-3.5.1.jar:/home/travis/build/icyphy/ptII/lib/vertx-lang-js-3.5.1.jar:/home/travis/build/icyphy/ptII/lib/vertx-service-proxy-3.5.1.jar:/home/travis/build/icyphy/ptII/lib/vertx-web-3.5.1.jar:/home/travis/build/icyphy/ptII/lib/slf4j-api-1.7.13.jar:/home/travis/build/icyphy/ptII/lib/slf4j-simple-1.7.13.jar:/home/travis/build/icyphy/ptII/lib/webcam-capture-0.3.12.jar:/home/travis/build/icyphy/ptII/lib/bridj-0.7.0.jar:/home/travis/build/icyphy/ptII/lib/xbjlib-1.1.0.nrjavaserial.jar:/home/travis/build/icyphy/ptII/ptolemy/moml/test:/home/travis/build/icyphy/ptII/ant/lib/ant-launcher.jar:/home/travis/build/icyphy/ptII/ant/lib/ant.jar:/home/travis/build/icyphy/ptII/ant/lib/ant-junit.jar:/home/travis/build/icyphy/ptII/ant/lib/ant-junit4.jar" />
    <property name="ant.library.dir" value="/home/travis/build/icyphy/ptII/ant/lib" />
    <property name="os.arch" value="amd64" />
    <property name="env.TRAVIS_LANGUAGE" value="node_js" />
    <property name="env.CONTINUOUS_INTEGRATION" value="true" />
    <property name="env.TRAVIS_STACK_LANGUAGES" value="__garnet__ c c++ clojure cplusplus cpp default go groovy java node_js php pure_java python ruby scala" />
    <property name="test.name" value="ptolemy.actor.lib.test.junit.JUnitTclTest" />
    <property name="sun.java.launcher" value="SUN_STANDARD" />
    <property name="env.PYTHON_CONFIGURE_OPTS" value="--enable-unicode=ucs4 --with-wide-unicode --enable-shared --enable-ipv6 --enable-loadable-sqlite-extensions --with-computed-gotos" />
    <property name="ant.core.lib" value="/home/travis/build/icyphy/ptII/ant/lib/ant.jar" />
    <property name="java.vm.specification.vendor" value="Oracle Corporation" />
    <property name="env.BCVTB_HOME" value="/home/travis/build/icyphy/ptII/lbnl" />
    <property name="file.separator" value="/" />
    <property name="java.runtime.version" value="1.8.0_151-b12" />
    <property name="spotbugs.home" value="/home/travis/build/icyphy/ptII/vendors/spotbugs-3.1.1" />
    <property name="sun.boot.class.path" value="/usr/lib/jvm/java-8-oracle/jre/lib/resources.jar:/usr/lib/jvm/java-8-oracle/jre/lib/rt.jar:/usr/lib/jvm/java-8-oracle/jre/lib/sunrsasign.jar:/usr/lib/jvm/java-8-oracle/jre/lib/jsse.jar:/usr/lib/jvm/java-8-oracle/jre/lib/jce.jar:/usr/lib/jvm/java-8-oracle/jre/lib/charsets.jar:/usr/lib/jvm/java-8-oracle/jre/lib/jfr.jar:/usr/lib/jvm/java-8-oracle/jre/classes" />
    <property name="env.HAS_JOSH_K_SEAL_OF_APPROVAL" value="true" />
    <property name="env.XDG_RUNTIME_DIR" value="/run/user/2000" />
    <property name="env.TRAVIS_OSX_IMAGE" value="" />
    <property name="env.TRAVIS_BRANCH" value="master" />
    <property name="env.TRAVIS_JOB_ID" value="397602774" />
    <property name="user.country" value="US" />
    <property name="env.CERTI_HOME_TRAVIS" value="/home/travis/pthla/certi-tools" />
    <property name="env.SHELL" value="/bin/bash" />
    <property name="java.maxmemory.large" value="5000m" />
    <property name="model" value="" />
    <property name="env.CASHER_DIR" value="/home/travis/.casher" />
    <property name="env.NVM_CD_FLAGS" value="" />
    <property name="jshint.executable" value="/home/travis/node_modules/jshint/bin/jshint" />
    <property name="java.vendor" value="Oracle Corporation" />
    <property name="env.JRUBY_OPTS" value=" --client -J-XX:+TieredCompilation -J-XX:TieredStopAtLevel=1 -J-Xss2m -Xcompile.invokedynamic=false" />
    <property name="env.TRAVIS_PRE_CHEF_BOOTSTRAP_TIME" value="2017-12-05T19:32:55" />
    <property name="env.ELIXIR_VERSION" value="1.4.5" />
    <property name="env.TRAVIS_STACK_JOB_BOARD_REGISTER" value="/.job-board-register.yml" />
    <property name="java.specification.version" value="1.8" />
    <property name="env.TRAVIS" value="true" />
    <property name="env.IRBRC" value="/home/travis/.rvm/rubies/ruby-2.4.1/.irbrc" />
    <property name="sun.arch.data.model" value="64" />
  </properties>
  <testcase classname="ptolemy.util.test.junit.TclTests" name="[0] /home/travis/build/icyphy/ptII/ptolemy/actor/lib/test/AbsoluteValue.tcl (RunTclFile)" time="0.521" />
  <testcase classname="ptolemy.util.test.junit.TclTests" name="[1] /home/travis/build/icyphy/ptII/ptolemy/actor/lib/test/AddSubtract.tcl (RunTclFile)" time="0.098" />
  <testcase classname="ptolemy.util.test.junit.TclTests" name="[2] /home/travis/build/icyphy/ptII/ptolemy/actor/lib/test/Average.tcl (RunTclFile)" time="0.054" />
  <testcase classname="ptolemy.util.test.junit.TclTests" name="[3] /home/travis/build/icyphy/ptII/ptolemy/actor/lib/test/Bernoulli.tcl (RunTclFile)" time="0.029" />
  <testcase classname="ptolemy.util.test.junit.TclTests" name="[4] /home/travis/build/icyphy/ptII/ptolemy/actor/lib/test/Clock.tcl (RunTclFile)" time="0.049" />
  <testcase classname="ptolemy.util.test.junit.TclTests" name="[5] /home/travis/build/icyphy/ptII/ptolemy/actor/lib/test/Commutator.tcl (RunTclFile)" time="0.138" />
  <testcase classname="ptolemy.util.test.junit.TclTests" name="[6] /home/travis/build/icyphy/ptII/ptolemy/actor/lib/test/Const.tcl (RunTclFile)" time="0.131" />
  <testcase classname="ptolemy.util.test.junit.TclTests" name="[7] /home/travis/build/icyphy/ptII/ptolemy/actor/lib/test/CurrentTime.tcl (RunTclFile)" time="0.018" />
  <testcase classname="ptolemy.util.test.junit.TclTests" name="[8] /home/travis/build/icyphy/ptII/ptolemy/actor/lib/test/DB.tcl (RunTclFile)" time="0.024" />
  <testcase classname="ptolemy.util.test.junit.TclTests" name="[9] /home/travis/build/icyphy/ptII/ptolemy/actor/lib/test/DiscreteRandomSource.tcl (RunTclFile)" time="0.054" />
  <testcase classname="ptolemy.util.test.junit.TclTests" name="[10] /home/travis/build/icyphy/ptII/ptolemy/actor/lib/test/Distributor.tcl (RunTclFile)" time="0.068" />
  <testcase classname="ptolemy.util.test.junit.TclTests" name="[11] /home/travis/build/icyphy/ptII/ptolemy/actor/lib/test/Exit.tcl (RunTclFile)" time="0.057" />
  <testcase classname="ptolemy.util.test.junit.TclTests" name="[12] /home/travis/build/icyphy/ptII/ptolemy/actor/lib/test/Expression.tcl (RunTclFile)" time="0.082" />
  <testcase classname="ptolemy.util.test.junit.TclTests" name="[13] /home/travis/build/icyphy/ptII/ptolemy/actor/lib/test/Gaussian.tcl (RunTclFile)" time="0.598" />
  <testcase classname="ptolemy.util.test.junit.TclTests" name="[14] /home/travis/build/icyphy/ptII/ptolemy/actor/lib/test/IIR.tcl (RunTclFile)" time="0.024" />
  <testcase classname="ptolemy.util.test.junit.TclTests" name="[15] /home/travis/build/icyphy/ptII/ptolemy/actor/lib/test/Interpolator.tcl (RunTclFile)" time="0.086" />
  <testcase classname="ptolemy.util.test.junit.TclTests" name="[16] /home/travis/build/icyphy/ptII/ptolemy/actor/lib/test/MathFunction.tcl (RunTclFile)" time="0.065" />
  <testcase classname="ptolemy.util.test.junit.TclTests" name="[17] /home/travis/build/icyphy/ptII/ptolemy/actor/lib/test/Maximum.tcl (RunTclFile)" time="0.022" />
  <testcase classname="ptolemy.util.test.junit.TclTests" name="[18] /home/travis/build/icyphy/ptII/ptolemy/actor/lib/test/Minimum.tcl (RunTclFile)" time="0.018" />
  <testcase classname="ptolemy.util.test.junit.TclTests" name="[19] /home/travis/build/icyphy/ptII/ptolemy/actor/lib/test/MultiplyDivide.tcl (RunTclFile)" time="0.021" />
  <testcase classname="ptolemy.util.test.junit.TclTests" name="[20] /home/travis/build/icyphy/ptII/ptolemy/actor/lib/test/OrderedMerge.tcl (RunTclFile)" time="0.067" />
  <testcase classname="ptolemy.util.test.junit.TclTests" name="[21] /home/travis/build/icyphy/ptII/ptolemy/actor/lib/test/Publisher.tcl (RunTclFile)" time="0.59" />
  <testcase classname="ptolemy.util.test.junit.TclTests" name="[22] /home/travis/build/icyphy/ptII/ptolemy/actor/lib/test/Pulse.tcl (RunTclFile)" time="0.03" />
  <testcase classname="ptolemy.util.test.junit.TclTests" name="[23] /home/travis/build/icyphy/ptII/ptolemy/actor/lib/test/Ramp.tcl (RunTclFile)" time="1.934" />
  <testcase classname="ptolemy.util.test.junit.TclTests" name="[24] /home/travis/build/icyphy/ptII/ptolemy/actor/lib/test/RampContinuous.tcl (RunTclFile)" time="0.018" />
  <testcase classname="ptolemy.util.test.junit.TclTests" name="[25] /home/travis/build/icyphy/ptII/ptolemy/actor/lib/test/RecordAssembler.tcl (RunTclFile)" time="0.047" />
  <testcase classname="ptolemy.util.test.junit.TclTests" name="[26] /home/travis/build/icyphy/ptII/ptolemy/actor/lib/test/RecordDisassembler.tcl (RunTclFile)" time="0.037" />
  <testcase classname="ptolemy.util.test.junit.TclTests" name="[27] /home/travis/build/icyphy/ptII/ptolemy/actor/lib/test/Scale.tcl (RunTclFile)" time="0.03" />
  <testcase classname="ptolemy.util.test.junit.TclTests" name="[28] /home/travis/build/icyphy/ptII/ptolemy/actor/lib/test/SequentialClock.tcl (RunTclFile)" time="0.021" />
  <testcase classname="ptolemy.util.test.junit.TclTests" name="[29] /home/travis/build/icyphy/ptII/ptolemy/actor/lib/test/SetVariable.tcl (RunTclFile)" time="0.023" />
  <testcase classname="ptolemy.util.test.junit.TclTests" name="[30] /home/travis/build/icyphy/ptII/ptolemy/actor/lib/test/Sinewave.tcl (RunTclFile)" time="0.054" />
  <testcase classname="ptolemy.util.test.junit.TclTests" name="[31] /home/travis/build/icyphy/ptII/ptolemy/actor/lib/test/SubscriptionAggregator.tcl (RunTclFile)" time="1.833" />
  <testcase classname="ptolemy.util.test.junit.TclTests" name="[32] /home/travis/build/icyphy/ptII/ptolemy/actor/lib/test/Test.tcl (RunTclFile)" time="0.077" />
  <testcase classname="ptolemy.util.test.junit.TclTests" name="[33] /home/travis/build/icyphy/ptII/ptolemy/actor/lib/test/TestExceptionHandler.tcl (RunTclFile)" time="0.009" />
  <testcase classname="ptolemy.util.test.junit.TclTests" name="[34] /home/travis/build/icyphy/ptII/ptolemy/actor/lib/test/UnionDisassembler.tcl (RunTclFile)" time="0.043" />
  <testcase classname="ptolemy.util.test.junit.TclTests" name="[35] /home/travis/build/icyphy/ptII/ptolemy/actor/lib/test/VariableClock.tcl (RunTclFile)" time="0.015" />
  <testcase classname="ptolemy.util.test.junit.AutoKnownFailedTests" name="[0] /home/travis/build/icyphy/ptII/ptolemy/actor/lib/test/auto/knownFailedTests/PublisherPortToplevelSubscriber.xml (RunModel)" time="0.027" />
  <testcase classname="ptolemy.util.test.junit.AutoKnownFailedTests" name="[1] /home/travis/build/icyphy/ptII/ptolemy/actor/lib/test/auto/knownFailedTests/PublisherSubscriberPortToplevel.xml (RunModel)" time="0.015" />
  <testcase classname="ptolemy.util.test.junit.AutoKnownFailedTests" name="[2] /home/travis/build/icyphy/ptII/ptolemy/actor/lib/test/auto/knownFailedTests/PublisherSubscriptionAggregatorPort.xml (RunModel)" time="0.019" />
  <testcase classname="ptolemy.util.test.junit.AutoKnownFailedTests" name="[3] /home/travis/build/icyphy/ptII/ptolemy/actor/lib/test/auto/knownFailedTests/sizedarray3.xml (RunModel)" time="0.088" />
  <testcase classname="ptolemy.util.test.junit.AutoNameArchTests" name="[0] ThereAreNoAutoArchTests (RunModel)" time="0.004" />
  <testcase classname="ptolemy.util.test.junit.AutoTests" name="[0] /home/travis/build/icyphy/ptII/ptolemy/actor/lib/test/auto/AbsoluteValue.xml (RunModel)" time="0.106" />
  <testcase classname="ptolemy.util.test.junit.AutoTests" name="[1] /home/travis/build/icyphy/ptII/ptolemy/actor/lib/test/auto/AbsoluteValue2.xml (RunModel)" time="0.061" />
  <testcase classname="ptolemy.util.test.junit.AutoTests" name="[2] /home/travis/build/icyphy/ptII/ptolemy/actor/lib/test/auto/Accumulator.xml (RunModel)" time="0.082" />
  <testcase classname="ptolemy.util.test.junit.AutoTests" name="[3] /home/travis/build/icyphy/ptII/ptolemy/actor/lib/test/auto/Accumulator2.xml (RunModel)" time="0.052" />
  <testcase classname="ptolemy.util.test.junit.AutoTests" name="[4] /home/travis/build/icyphy/ptII/ptolemy/actor/lib/test/auto/Accumulator3.xml (RunModel)" time="0.019" />
  <testcase classname="ptolemy.util.test.junit.AutoTests" name="[5] /home/travis/build/icyphy/ptII/ptolemy/actor/lib/test/auto/ArrayAppend.xml (RunModel)" time="0.026" />
  <testcase classname="ptolemy.util.test.junit.AutoTests" name="[6] /home/travis/build/icyphy/ptII/ptolemy/actor/lib/test/auto/ArrayAppend2.xml (RunModel)" time="0.654" />
  <testcase classname="ptolemy.util.test.junit.AutoTests" name="[7] /home/travis/build/icyphy/ptII/ptolemy/actor/lib/test/auto/ArrayAppend3.xml (RunModel)" time="0.04" />
  <testcase classname="ptolemy.util.test.junit.AutoTests" name="[8] /home/travis/build/icyphy/ptII/ptolemy/actor/lib/test/auto/ArrayAppend4.xml (RunModel)" time="0.034" />
  <testcase classname="ptolemy.util.test.junit.AutoTests" name="[9] /home/travis/build/icyphy/ptII/ptolemy/actor/lib/test/auto/ArrayAppend5.xml (RunModel)" time="0.024" />
  <testcase classname="ptolemy.util.test.junit.AutoTests" name="[10] /home/travis/build/icyphy/ptII/ptolemy/actor/lib/test/auto/ArrayAppend6.xml (RunModel)" time="0.029" />
  <testcase classname="ptolemy.util.test.junit.AutoTests" name="[11] /home/travis/build/icyphy/ptII/ptolemy/actor/lib/test/auto/ArrayAppendPerformanceTest.xml (RunModel)" time="0.048" />
  <testcase classname="ptolemy.util.test.junit.AutoTests" name="[12] /home/travis/build/icyphy/ptII/ptolemy/actor/lib/test/auto/ArrayAppendWithEmptyInput.xml (RunModel)" time="0.06" />
  <testcase classname="ptolemy.util.test.junit.AutoTests" name="[13] /home/travis/build/icyphy/ptII/ptolemy/actor/lib/test/auto/ArrayAverage.xml (RunModel)" time="0.043" />
  <testcase classname="ptolemy.util.test.junit.AutoTests" name="[14] /home/travis/build/icyphy/ptII/ptolemy/actor/lib/test/auto/ArrayContains.xml (RunModel)" time="0.029" />
  <testcase classname="ptolemy.util.test.junit.AutoTests" name="[15] /home/travis/build/icyphy/ptII/ptolemy/actor/lib/test/auto/ArrayElement.xml (RunModel)" time="0.044" />
  <testcase classname="ptolemy.util.test.junit.AutoTests" name="[16] /home/travis/build/icyphy/ptII/ptolemy/actor/lib/test/auto/ArrayElementAsMatrix.xml (RunModel)" time="0.052" />
  <testcase classname="ptolemy.util.test.junit.AutoTests" name="[17] /home/travis/build/icyphy/ptII/ptolemy/actor/lib/test/auto/ArrayElementI.xml (RunModel)" time="0.018" />
  <testcase classname="ptolemy.util.test.junit.AutoTests" name="[18] /home/travis/build/icyphy/ptII/ptolemy/actor/lib/test/auto/ArrayExtract.xml (RunModel)" time="0.049" />
  <testcase classname="ptolemy.util.test.junit.AutoTests" name="[19] /home/travis/build/icyphy/ptII/ptolemy/actor/lib/test/auto/ArrayExtract2.xml (RunModel)" time="0.022" />
  <testcase classname="ptolemy.util.test.junit.AutoTests" name="[20] /home/travis/build/icyphy/ptII/ptolemy/actor/lib/test/auto/ArrayLength.xml (RunModel)" time="0.023" />
  <testcase classname="ptolemy.util.test.junit.AutoTests" name="[21] /home/travis/build/icyphy/ptII/ptolemy/actor/lib/test/auto/ArrayLevelCrossing.xml (RunModel)" time="0.04" />
  <testcase classname="ptolemy.util.test.junit.AutoTests" name="[22] /home/travis/build/icyphy/ptII/ptolemy/actor/lib/test/auto/ArrayLevelCrossing2.xml (RunModel)" time="0.028" />
  <testcase classname="ptolemy.util.test.junit.AutoTests" name="[23] /home/travis/build/icyphy/ptII/ptolemy/actor/lib/test/auto/ArrayPeakSearch.xml (RunModel)" time="0.04" />
  <testcase classname="ptolemy.util.test.junit.AutoTests" name="[24] /home/travis/build/icyphy/ptII/ptolemy/actor/lib/test/auto/ArrayPeakSearch2.xml (RunModel)" time="0.038" />
  <testcase classname="ptolemy.util.test.junit.AutoTests" name="[25] /home/travis/build/icyphy/ptII/ptolemy/actor/lib/test/auto/ArrayPeakSearch3.xml (RunModel)" time="0.037" />
  <testcase classname="ptolemy.util.test.junit.AutoTests" name="[26] /home/travis/build/icyphy/ptII/ptolemy/actor/lib/test/auto/ArrayRemoveElement.xml (RunModel)" time="0.027" />
  <testcase classname="ptolemy.util.test.junit.AutoTests" name="[27] /home/travis/build/icyphy/ptII/ptolemy/actor/lib/test/auto/ArraySort.xml (RunModel)" time="0.033" />
  <testcase classname="ptolemy.util.test.junit.AutoTests" name="[28] /home/travis/build/icyphy/ptII/ptolemy/actor/lib/test/auto/ArraySum.xml (RunModel)" time="0.025" />
  <testcase classname="ptolemy.util.test.junit.AutoTests" name="[29] /home/travis/build/icyphy/ptII/ptolemy/actor/lib/test/auto/ArrayToElements.xml (RunModel)" time="0.073" />
  <testcase classname="ptolemy.util.test.junit.AutoTests" name="[30] /home/travis/build/icyphy/ptII/ptolemy/actor/lib/test/auto/ArrayToMatrix.xml (RunModel)" time="0.065" />
  <testcase classname="ptolemy.util.test.junit.AutoTests" name="[31] /home/travis/build/icyphy/ptII/ptolemy/actor/lib/test/auto/ArrayUpdate1.xml (RunModel)" time="0.036" />
  <testcase classname="ptolemy.util.test.junit.AutoTests" name="[32] /home/travis/build/icyphy/ptII/ptolemy/actor/lib/test/auto/ArrayUpdate2.xml (RunModel)" time="0.016" />
  <testcase classname="ptolemy.util.test.junit.AutoTests" name="[33] /home/travis/build/icyphy/ptII/ptolemy/actor/lib/test/auto/ArrayUpdate3.xml (RunModel)" time="0.011" />
  <testcase classname="ptolemy.util.test.junit.AutoTests" name="[34] /home/travis/build/icyphy/ptII/ptolemy/actor/lib/test/auto/Assert1.xml (RunModel)" time="0.017" />
  <testcase classname="ptolemy.util.test.junit.AutoTests" name="[35] /home/travis/build/icyphy/ptII/ptolemy/actor/lib/test/auto/Assert2.xml (RunModel)" time="0.011" />
  <testcase classname="ptolemy.util.test.junit.AutoTests" name="[36] /home/travis/build/icyphy/ptII/ptolemy/actor/lib/test/auto/BooleanMultiplexor.xml (RunModel)" time="0.012" />
  <testcase classname="ptolemy.util.test.junit.AutoTests" name="[37] /home/travis/build/icyphy/ptII/ptolemy/actor/lib/test/auto/BooleanMultiplexor2.xml (RunModel)" time="0.019" />
  <testcase classname="ptolemy.util.test.junit.AutoTests" name="[38] /home/travis/build/icyphy/ptII/ptolemy/actor/lib/test/auto/BooleanMultiplexor3.xml (RunModel)" time="0.03" />
  <testcase classname="ptolemy.util.test.junit.AutoTests" name="[39] /home/travis/build/icyphy/ptII/ptolemy/actor/lib/test/auto/BooleanSelect.xml (RunModel)" time="0.019" />
  <testcase classname="ptolemy.util.test.junit.AutoTests" name="[40] /home/travis/build/icyphy/ptII/ptolemy/actor/lib/test/auto/BooleanSelect2.xml (RunModel)" time="0.013" />
  <testcase classname="ptolemy.util.test.junit.AutoTests" name="[41] /home/travis/build/icyphy/ptII/ptolemy/actor/lib/test/auto/BooleanSwitch.xml (RunModel)" time="0.02" />
  <testcase classname="ptolemy.util.test.junit.AutoTests" name="[42] /home/travis/build/icyphy/ptII/ptolemy/actor/lib/test/auto/BooleanSwitch2.xml (RunModel)" time="0.013" />
  <testcase classname="ptolemy.util.test.junit.AutoTests" name="[43] /home/travis/build/icyphy/ptII/ptolemy/actor/lib/test/auto/BooleanSwitchCloningBugWithClassRelationGroup.xml (RunModel)" time="0.026" />
  <testcase classname="ptolemy.util.test.junit.AutoTests" name="[44] /home/travis/build/icyphy/ptII/ptolemy/actor/lib/test/auto/BusActors.xml (RunModel)" time="0.046" />
  <testcase classname="ptolemy.util.test.junit.AutoTests" name="[45] /home/travis/build/icyphy/ptII/ptolemy/actor/lib/test/auto/ClassWrapper.xml (RunModel)" time="0.012" />
  <testcase classname="ptolemy.util.test.junit.AutoTests" name="[46] /home/travis/build/icyphy/ptII/ptolemy/actor/lib/test/auto/Clock.xml (RunModel)" time="0.008" />
  <testcase classname="ptolemy.util.test.junit.AutoTests" name="[47] /home/travis/build/icyphy/ptII/ptolemy/actor/lib/test/auto/Clock10.xml (RunModel)" time="0.02" />
  <testcase classname="ptolemy.util.test.junit.AutoTests" name="[48] /home/travis/build/icyphy/ptII/ptolemy/actor/lib/test/auto/Clock11.xml (RunModel)" time="0.013" />
  <testcase classname="ptolemy.util.test.junit.AutoTests" name="[49] /home/travis/build/icyphy/ptII/ptolemy/actor/lib/test/auto/Clock12.xml (RunModel)" time="0.013" />
  <testcase classname="ptolemy.util.test.junit.AutoTests" name="[50] /home/travis/build/icyphy/ptII/ptolemy/actor/lib/test/auto/Clock13.xml (RunModel)" time="0.011" />
  <testcase classname="ptolemy.util.test.junit.AutoTests" name="[51] /home/travis/build/icyphy/ptII/ptolemy/actor/lib/test/auto/Clock14.xml (RunModel)" time="0.016" />
  <testcase classname="ptolemy.util.test.junit.AutoTests" name="[52] /home/travis/build/icyphy/ptII/ptolemy/actor/lib/test/auto/Clock15.xml (RunModel)" time="0.014" />
  <testcase classname="ptolemy.util.test.junit.AutoTests" name="[53] /home/travis/build/icyphy/ptII/ptolemy/actor/lib/test/auto/Clock16.xml (RunModel)" time="0.072" />
  <testcase classname="ptolemy.util.test.junit.AutoTests" name="[54] /home/travis/build/icyphy/ptII/ptolemy/actor/lib/test/auto/Clock17.xml (RunModel)" time="0.039" />
  <testcase classname="ptolemy.util.test.junit.AutoTests" name="[55] /home/travis/build/icyphy/ptII/ptolemy/actor/lib/test/auto/Clock18.xml (RunModel)" time="0.05" />
  <testcase classname="ptolemy.util.test.junit.AutoTests" name="[56] /home/travis/build/icyphy/ptII/ptolemy/actor/lib/test/auto/Clock19.xml (RunModel)" time="0.038" />
  <testcase classname="ptolemy.util.test.junit.AutoTests" name="[57] /home/travis/build/icyphy/ptII/ptolemy/actor/lib/test/auto/Clock2.xml (RunModel)" time="0.017" />
  <testcase classname="ptolemy.util.test.junit.AutoTests" name="[58] /home/travis/build/icyphy/ptII/ptolemy/actor/lib/test/auto/Clock20.xml (RunModel)" time="0.023" />
  <testcase classname="ptolemy.util.test.junit.AutoTests" name="[59] /home/travis/build/icyphy/ptII/ptolemy/actor/lib/test/auto/Clock21.xml (RunModel)" time="0.019" />
  <testcase classname="ptolemy.util.test.junit.AutoTests" name="[60] /home/travis/build/icyphy/ptII/ptolemy/actor/lib/test/auto/Clock22.xml (RunModel)" time="0.013" />
  <testcase classname="ptolemy.util.test.junit.AutoTests" name="[61] /home/travis/build/icyphy/ptII/ptolemy/actor/lib/test/auto/Clock23.xml (RunModel)" time="0.018" />
  <testcase classname="ptolemy.util.test.junit.AutoTests" name="[62] /home/travis/build/icyphy/ptII/ptolemy/actor/lib/test/auto/Clock24.xml (RunModel)" time="0.016" />
  <testcase classname="ptolemy.util.test.junit.AutoTests" name="[63] /home/travis/build/icyphy/ptII/ptolemy/actor/lib/test/auto/Clock4.xml (RunModel)" time="0.015" />
  <testcase classname="ptolemy.util.test.junit.AutoTests" name="[64] /home/travis/build/icyphy/ptII/ptolemy/actor/lib/test/auto/Clock5.xml (RunModel)" time="0.011" />
  <testcase classname="ptolemy.util.test.junit.AutoTests" name="[65] /home/travis/build/icyphy/ptII/ptolemy/actor/lib/test/auto/Clock6.xml (RunModel)" time="0.011" />
  <testcase classname="ptolemy.util.test.junit.AutoTests" name="[66] /home/travis/build/icyphy/ptII/ptolemy/actor/lib/test/auto/Clock7.xml (RunModel)" time="0.009" />
  <testcase classname="ptolemy.util.test.junit.AutoTests" name="[67] /home/travis/build/icyphy/ptII/ptolemy/actor/lib/test/auto/Clock8.xml (RunModel)" time="0.017" />
  <testcase classname="ptolemy.util.test.junit.AutoTests" name="[68] /home/travis/build/icyphy/ptII/ptolemy/actor/lib/test/auto/Clock9.xml (RunModel)" time="0.014" />
  <testcase classname="ptolemy.util.test.junit.AutoTests" name="[69] /home/travis/build/icyphy/ptII/ptolemy/actor/lib/test/auto/CommDistDiscard.xml (RunModel)" time="0.021" />
  <testcase classname="ptolemy.util.test.junit.AutoTests" name="[70] /home/travis/build/icyphy/ptII/ptolemy/actor/lib/test/auto/Commutator.xml (RunModel)" time="0.016" />
  <testcase classname="ptolemy.util.test.junit.AutoTests" name="[71] /home/travis/build/icyphy/ptII/ptolemy/actor/lib/test/auto/Commutator2.xml (RunModel)" time="0.011" />
  <testcase classname="ptolemy.util.test.junit.AutoTests" name="[72] /home/travis/build/icyphy/ptII/ptolemy/actor/lib/test/auto/Commutator3.xml (RunModel)" time="0.011" />
  <testcase classname="ptolemy.util.test.junit.AutoTests" name="[73] /home/travis/build/icyphy/ptII/ptolemy/actor/lib/test/auto/Compare.xml (RunModel)" time="0.02" />
  <testcase classname="ptolemy.util.test.junit.AutoTests" name="[74] /home/travis/build/icyphy/ptII/ptolemy/actor/lib/test/auto/CompareDE.xml (RunModel)" time="0.019" />
  <testcase classname="ptolemy.util.test.junit.AutoTests" name="[75] /home/travis/build/icyphy/ptII/ptolemy/actor/lib/test/auto/ComplexDivide.xml (RunModel)" time="0.011" />
  <testcase classname="ptolemy.util.test.junit.AutoTests" name="[76] /home/travis/build/icyphy/ptII/ptolemy/actor/lib/test/auto/ComputeHistogram.xml (RunModel)" time="0.079" />
  <testcase classname="ptolemy.util.test.junit.AutoTests" name="[77] /home/travis/build/icyphy/ptII/ptolemy/actor/lib/test/auto/ConfigurationSelect.xml (RunModel)" time="0.02" />
  <testcase classname="ptolemy.util.test.junit.AutoTests" name="[78] /home/travis/build/icyphy/ptII/ptolemy/actor/lib/test/auto/ConfigurationSelect2.xml (RunModel)" time="0.012" />
  <testcase classname="ptolemy.util.test.junit.AutoTests" name="[79] /home/travis/build/icyphy/ptII/ptolemy/actor/lib/test/auto/ConfigurationSwitch.xml (RunModel)" time="0.014" />
  <testcase classname="ptolemy.util.test.junit.AutoTests" name="[80] /home/travis/build/icyphy/ptII/ptolemy/actor/lib/test/auto/ConfigurationSwitch2.xml (RunModel)" time="0.012" />
  <testcase classname="ptolemy.util.test.junit.AutoTests" name="[81] /home/travis/build/icyphy/ptII/ptolemy/actor/lib/test/auto/ConfigurationSwitchCloningBugWithClassRelationGroup.xml (RunModel)" time="0.018" />
  <testcase classname="ptolemy.util.test.junit.AutoTests" name="[82] /home/travis/build/icyphy/ptII/ptolemy/actor/lib/test/auto/ConfigurationSwitchSelectSDF.xml (RunModel)" time="0.019" />
  <testcase classname="ptolemy.util.test.junit.AutoTests" name="[83] /home/travis/build/icyphy/ptII/ptolemy/actor/lib/test/auto/ConfigurationSwitchSelectSDF2.xml (RunModel)" time="0.013" />
  <testcase classname="ptolemy.util.test.junit.AutoTests" name="[84] /home/travis/build/icyphy/ptII/ptolemy/actor/lib/test/auto/Const.xml (RunModel)" time="0.007" />
  <testcase classname="ptolemy.util.test.junit.AutoTests" name="[85] /home/travis/build/icyphy/ptII/ptolemy/actor/lib/test/auto/Const2.xml (RunModel)" time="0.009" />
  <testcase classname="ptolemy.util.test.junit.AutoTests" name="[86] /home/travis/build/icyphy/ptII/ptolemy/actor/lib/test/auto/Const3.xml (RunModel)" time="0.008" />
  <testcase classname="ptolemy.util.test.junit.AutoTests" name="[87] /home/travis/build/icyphy/ptII/ptolemy/actor/lib/test/auto/ConstantPublisherPort1.xml (RunModel)" time="0.028" />
  <testcase classname="ptolemy.util.test.junit.AutoTests" name="[88] /home/travis/build/icyphy/ptII/ptolemy/actor/lib/test/auto/ConstantPublisherPort2.xml (RunModel)" time="0.019" />
  <testcase classname="ptolemy.util.test.junit.AutoTests" name="[89] /home/travis/build/icyphy/ptII/ptolemy/actor/lib/test/auto/ConstantPublisherPort3.xml (RunModel)" time="0.018" />
  <testcase classname="ptolemy.util.test.junit.AutoTests" name="[90] /home/travis/build/icyphy/ptII/ptolemy/actor/lib/test/auto/ConstantPublisherPort4.xml (RunModel)" time="0.019" />
  <testcase classname="ptolemy.util.test.junit.AutoTests" name="[91] /home/travis/build/icyphy/ptII/ptolemy/actor/lib/test/auto/ConstantPublisherPort5.xml (RunModel)" time="0.033" />
  <testcase classname="ptolemy.util.test.junit.AutoTests" name="[92] /home/travis/build/icyphy/ptII/ptolemy/actor/lib/test/auto/ConstantPublisherPort6.xml (RunModel)" time="0.028" />
  <testcase classname="ptolemy.util.test.junit.AutoTests" name="[93] /home/travis/build/icyphy/ptII/ptolemy/actor/lib/test/auto/ConstantPublisherPort7.xml (RunModel)" time="0.058" />
  <testcase classname="ptolemy.util.test.junit.AutoTests" name="[94] /home/travis/build/icyphy/ptII/ptolemy/actor/lib/test/auto/ConstraintMonitor1.xml (RunModel)" time="0.034" />
  <testcase classname="ptolemy.util.test.junit.AutoTests" name="[95] /home/travis/build/icyphy/ptII/ptolemy/actor/lib/test/auto/ConstraintMonitor2.xml (RunModel)" time="0.016" />
  <testcase classname="ptolemy.util.test.junit.AutoTests" name="[96] /home/travis/build/icyphy/ptII/ptolemy/actor/lib/test/auto/ConstraintMonitor3.xml (RunModel)" time="0.02" />
  <testcase classname="ptolemy.util.test.junit.AutoTests" name="[97] /home/travis/build/icyphy/ptII/ptolemy/actor/lib/test/auto/ConstraintMonitor4.xml (RunModel)" time="0.019" />
  <testcase classname="ptolemy.util.test.junit.AutoTests" name="[98] /home/travis/build/icyphy/ptII/ptolemy/actor/lib/test/auto/ConstraintMonitor5.xml (RunModel)" time="0.015" />
  <testcase classname="ptolemy.util.test.junit.AutoTests" name="[99] /home/travis/build/icyphy/ptII/ptolemy/actor/lib/test/auto/ConstraintMonitor6.xml (RunModel)" time="0.022" />
  <testcase classname="ptolemy.util.test.junit.AutoTests" name="[100] /home/travis/build/icyphy/ptII/ptolemy/actor/lib/test/auto/ConstraintMonitor7.xml (RunModel)" time="0.017" />
  <testcase classname="ptolemy.util.test.junit.AutoTests" name="[101] /home/travis/build/icyphy/ptII/ptolemy/actor/lib/test/auto/ConstraintMonitor8.xml (RunModel)" time="0.02" />
  <testcase classname="ptolemy.util.test.junit.AutoTests" name="[102] /home/travis/build/icyphy/ptII/ptolemy/actor/lib/test/auto/Counter.xml (RunModel)" time="0.011" />
  <testcase classname="ptolemy.util.test.junit.AutoTests" name="[103] /home/travis/build/icyphy/ptII/ptolemy/actor/lib/test/auto/CurrentTimeSDF.xml (RunModel)" time="0.01" />
  <testcase classname="ptolemy.util.test.junit.AutoTests" name="[104] /home/travis/build/icyphy/ptII/ptolemy/actor/lib/test/auto/DB.xml (RunModel)" time="0.012" />
  <testcase classname="ptolemy.util.test.junit.AutoTests" name="[105] /home/travis/build/icyphy/ptII/ptolemy/actor/lib/test/auto/DBDE.xml (RunModel)" time="0.023" />
  <testcase classname="ptolemy.util.test.junit.AutoTests" name="[106] /home/travis/build/icyphy/ptII/ptolemy/actor/lib/test/auto/DateConstructor.xml (RunModel)" time="0.053" />
  <testcase classname="ptolemy.util.test.junit.AutoTests" name="[107] /home/travis/build/icyphy/ptII/ptolemy/actor/lib/test/auto/DelayTime.xml (RunModel)" time="0.015" />
  <testcase classname="ptolemy.util.test.junit.AutoTests" name="[108] /home/travis/build/icyphy/ptII/ptolemy/actor/lib/test/auto/Dictionary1.xml (RunModel)" time="0.022" />
  <testcase classname="ptolemy.util.test.junit.AutoTests" name="[109] /home/travis/build/icyphy/ptII/ptolemy/actor/lib/test/auto/Dictionary2.xml (RunModel)" time="0.012" />
  <testcase classname="ptolemy.util.test.junit.AutoTests" name="[110] /home/travis/build/icyphy/ptII/ptolemy/actor/lib/test/auto/Dictionary3.xml (RunModel)" time="0.012" />
  <testcase classname="ptolemy.util.test.junit.AutoTests" name="[111] /home/travis/build/icyphy/ptII/ptolemy/actor/lib/test/auto/Dictionary4.xml (RunModel)" time="0.017" />
  <testcase classname="ptolemy.util.test.junit.AutoTests" name="[112] /home/travis/build/icyphy/ptII/ptolemy/actor/lib/test/auto/Differential.xml (RunModel)" time="0.011" />
  <testcase classname="ptolemy.util.test.junit.AutoTests" name="[113] /home/travis/build/icyphy/ptII/ptolemy/actor/lib/test/auto/Director.xml (RunModel)" time="0.011" />
  <testcase classname="ptolemy.util.test.junit.AutoTests" name="[114] /home/travis/build/icyphy/ptII/ptolemy/actor/lib/test/auto/DiscreteClock.xml (RunModel)" time="0.007" />
  <testcase classname="ptolemy.util.test.junit.AutoTests" name="[115] /home/travis/build/icyphy/ptII/ptolemy/actor/lib/test/auto/DiscreteClock10.xml (RunModel)" time="0.011" />
  <testcase classname="ptolemy.util.test.junit.AutoTests" name="[116] /home/travis/build/icyphy/ptII/ptolemy/actor/lib/test/auto/DiscreteClock11.xml (RunModel)" time="0.012" />
  <testcase classname="ptolemy.util.test.junit.AutoTests" name="[117] /home/travis/build/icyphy/ptII/ptolemy/actor/lib/test/auto/DiscreteClock12.xml (RunModel)" time="0.015" />
  <testcase classname="ptolemy.util.test.junit.AutoTests" name="[118] /home/travis/build/icyphy/ptII/ptolemy/actor/lib/test/auto/DiscreteClock13.xml (RunModel)" time="0.015" />
  <testcase classname="ptolemy.util.test.junit.AutoTests" name="[119] /home/travis/build/icyphy/ptII/ptolemy/actor/lib/test/auto/DiscreteClock14.xml (RunModel)" time="0.018" />
  <testcase classname="ptolemy.util.test.junit.AutoTests" name="[120] /home/travis/build/icyphy/ptII/ptolemy/actor/lib/test/auto/DiscreteClock15.xml (RunModel)" time="0.016" />
  <testcase classname="ptolemy.util.test.junit.AutoTests" name="[121] /home/travis/build/icyphy/ptII/ptolemy/actor/lib/test/auto/DiscreteClock16.xml (RunModel)" time="0.043" />
  <testcase classname="ptolemy.util.test.junit.AutoTests" name="[122] /home/travis/build/icyphy/ptII/ptolemy/actor/lib/test/auto/DiscreteClock17.xml (RunModel)" time="0.039" />
  <testcase classname="ptolemy.util.test.junit.AutoTests" name="[123] /home/travis/build/icyphy/ptII/ptolemy/actor/lib/test/auto/DiscreteClock18.xml (RunModel)" time="0.048" />
  <testcase classname="ptolemy.util.test.junit.AutoTests" name="[124] /home/travis/build/icyphy/ptII/ptolemy/actor/lib/test/auto/DiscreteClock19.xml (RunModel)" time="0.047" />
  <testcase classname="ptolemy.util.test.junit.AutoTests" name="[125] /home/travis/build/icyphy/ptII/ptolemy/actor/lib/test/auto/DiscreteClock2.xml (RunModel)" time="0.012" />
  <testcase classname="ptolemy.util.test.junit.AutoTests" name="[126] /home/travis/build/icyphy/ptII/ptolemy/actor/lib/test/auto/DiscreteClock20.xml (RunModel)" time="0.604" />
  <testcase classname="ptolemy.util.test.junit.AutoTests" name="[127] /home/travis/build/icyphy/ptII/ptolemy/actor/lib/test/auto/DiscreteClock21.xml (RunModel)" time="0.02" />
  <testcase classname="ptolemy.util.test.junit.AutoTests" name="[128] /home/travis/build/icyphy/ptII/ptolemy/actor/lib/test/auto/DiscreteClock22.xml (RunModel)" time="0.013" />
  <testcase classname="ptolemy.util.test.junit.AutoTests" name="[129] /home/travis/build/icyphy/ptII/ptolemy/actor/lib/test/auto/DiscreteClock23.xml (RunModel)" time="0.017" />
  <testcase classname="ptolemy.util.test.junit.AutoTests" name="[130] /home/travis/build/icyphy/ptII/ptolemy/actor/lib/test/auto/DiscreteClock24.xml (RunModel)" time="0.015" />
  <testcase classname="ptolemy.util.test.junit.AutoTests" name="[131] /home/travis/build/icyphy/ptII/ptolemy/actor/lib/test/auto/DiscreteClock4.xml (RunModel)" time="0.011" />
  <testcase classname="ptolemy.util.test.junit.AutoTests" name="[132] /home/travis/build/icyphy/ptII/ptolemy/actor/lib/test/auto/DiscreteClock5.xml (RunModel)" time="0.01" />
  <testcase classname="ptolemy.util.test.junit.AutoTests" name="[133] /home/travis/build/icyphy/ptII/ptolemy/actor/lib/test/auto/DiscreteClock6.xml (RunModel)" time="0.009" />
  <testcase classname="ptolemy.util.test.junit.AutoTests" name="[134] /home/travis/build/icyphy/ptII/ptolemy/actor/lib/test/auto/DiscreteClock7.xml (RunModel)" time="0.009" />
  <testcase classname="ptolemy.util.test.junit.AutoTests" name="[135] /home/travis/build/icyphy/ptII/ptolemy/actor/lib/test/auto/DiscreteClock8.xml (RunModel)" time="0.016" />
  <testcase classname="ptolemy.util.test.junit.AutoTests" name="[136] /home/travis/build/icyphy/ptII/ptolemy/actor/lib/test/auto/DiscreteClock9.xml (RunModel)" time="0.01" />
  <testcase classname="ptolemy.util.test.junit.AutoTests" name="[137] /home/travis/build/icyphy/ptII/ptolemy/actor/lib/test/auto/DisplayArray.xml (RunModel)" time="0.019" />
  <testcase classname="ptolemy.util.test.junit.AutoTests" name="[138] /home/travis/build/icyphy/ptII/ptolemy/actor/lib/test/auto/Distributor.xml (RunModel)" time="0.01" />
  <testcase classname="ptolemy.util.test.junit.AutoTests" name="[139] /home/travis/build/icyphy/ptII/ptolemy/actor/lib/test/auto/Distributor2.xml (RunModel)" time="0.01" />
  <testcase classname="ptolemy.util.test.junit.AutoTests" name="[140] /home/travis/build/icyphy/ptII/ptolemy/actor/lib/test/auto/DownSample.xml (RunModel)" time="0.023" />
  <testcase classname="ptolemy.util.test.junit.AutoTests" name="[141] /home/travis/build/icyphy/ptII/ptolemy/actor/lib/test/auto/ElectronicUnitBase1.xml (RunModel)" time="0.062" />
  <testcase classname="ptolemy.util.test.junit.AutoTests" name="[142] /home/travis/build/icyphy/ptII/ptolemy/actor/lib/test/auto/ElementsToArray.xml (RunModel)" time="0.01" />
  <testcase classname="ptolemy.util.test.junit.AutoTests" name="[143] /home/travis/build/icyphy/ptII/ptolemy/actor/lib/test/auto/Equals.xml (RunModel)" time="0.015" />
  <testcase classname="ptolemy.util.test.junit.AutoTests" name="[144] /home/travis/build/icyphy/ptII/ptolemy/actor/lib/test/auto/Exec.xml (RunModel)" time="0.022" />
  <testcase classname="ptolemy.util.test.junit.AutoTests" name="[145] /home/travis/build/icyphy/ptII/ptolemy/actor/lib/test/auto/ExecEnvironment.xml (RunModel)" time="0.036" />
  <testcase classname="ptolemy.util.test.junit.AutoTests" name="[146] /home/travis/build/icyphy/ptII/ptolemy/actor/lib/test/auto/ExecNonZeroReturnOutput.xml (RunModel)" time="0.138" />
  <testcase classname="ptolemy.util.test.junit.AutoTests" name="[147] /home/travis/build/icyphy/ptII/ptolemy/actor/lib/test/auto/ExecRunDemos.xml (RunModel)" time="9.264" />
  <testcase classname="ptolemy.util.test.junit.AutoTests" name="[148] /home/travis/build/icyphy/ptII/ptolemy/actor/lib/test/auto/ExecStop.xml (RunModel)" time="5.023" />
  <testcase classname="ptolemy.util.test.junit.AutoTests" name="[149] /home/travis/build/icyphy/ptII/ptolemy/actor/lib/test/auto/ExecutionTimeSDF.xml (RunModel)" time="6.025" />
  <testcase classname="ptolemy.util.test.junit.AutoTests" name="[150] /home/travis/build/icyphy/ptII/ptolemy/actor/lib/test/auto/Expression1.xml (RunModel)" time="0.01" />
  <testcase classname="ptolemy.util.test.junit.AutoTests" name="[151] /home/travis/build/icyphy/ptII/ptolemy/actor/lib/test/auto/Expression10.xml (RunModel)" time="0.017" />
  <testcase classname="ptolemy.util.test.junit.AutoTests" name="[152] /home/travis/build/icyphy/ptII/ptolemy/actor/lib/test/auto/Expression11.xml (RunModel)" time="0.012" />
  <testcase classname="ptolemy.util.test.junit.AutoTests" name="[153] /home/travis/build/icyphy/ptII/ptolemy/actor/lib/test/auto/Expression12.xml (RunModel)" time="0.017" />
  <testcase classname="ptolemy.util.test.junit.AutoTests" name="[154] /home/travis/build/icyphy/ptII/ptolemy/actor/lib/test/auto/Expression13.xml (RunModel)" time="0.016" />
  <testcase classname="ptolemy.util.test.junit.AutoTests" name="[155] /home/travis/build/icyphy/ptII/ptolemy/actor/lib/test/auto/Expression14.xml (RunModel)" time="0.023" />
  <testcase classname="ptolemy.util.test.junit.AutoTests" name="[156] /home/travis/build/icyphy/ptII/ptolemy/actor/lib/test/auto/Expression15.xml (RunModel)" time="0.011" />
  <testcase classname="ptolemy.util.test.junit.AutoTests" name="[157] /home/travis/build/icyphy/ptII/ptolemy/actor/lib/test/auto/Expression16.xml (RunModel)" time="0.015" />
  <testcase classname="ptolemy.util.test.junit.AutoTests" name="[158] /home/travis/build/icyphy/ptII/ptolemy/actor/lib/test/auto/Expression17.xml (RunModel)" time="0.014" />
  <testcase classname="ptolemy.util.test.junit.AutoTests" name="[159] /home/travis/build/icyphy/ptII/ptolemy/actor/lib/test/auto/Expression18.xml (RunModel)" time="0.017" />
  <testcase classname="ptolemy.util.test.junit.AutoTests" name="[160] /home/travis/build/icyphy/ptII/ptolemy/actor/lib/test/auto/Expression2.xml (RunModel)" time="0.015" />
  <testcase classname="ptolemy.util.test.junit.AutoTests" name="[161] /home/travis/build/icyphy/ptII/ptolemy/actor/lib/test/auto/Expression3.xml (RunModel)" time="0.014" />
  <testcase classname="ptolemy.util.test.junit.AutoTests" name="[162] /home/travis/build/icyphy/ptII/ptolemy/actor/lib/test/auto/Expression4.xml (RunModel)" time="0.019" />
  <testcase classname="ptolemy.util.test.junit.AutoTests" name="[163] /home/travis/build/icyphy/ptII/ptolemy/actor/lib/test/auto/Expression5.xml (RunModel)" time="0.017" />
  <testcase classname="ptolemy.util.test.junit.AutoTests" name="[164] /home/travis/build/icyphy/ptII/ptolemy/actor/lib/test/auto/Expression6.xml (RunModel)" time="0.011" />
  <testcase classname="ptolemy.util.test.junit.AutoTests" name="[165] /home/travis/build/icyphy/ptII/ptolemy/actor/lib/test/auto/Expression7.xml (RunModel)" time="0.014" />
  <testcase classname="ptolemy.util.test.junit.AutoTests" name="[166] /home/travis/build/icyphy/ptII/ptolemy/actor/lib/test/auto/Expression8.xml (RunModel)" time="0.016" />
  <testcase classname="ptolemy.util.test.junit.AutoTests" name="[167] /home/travis/build/icyphy/ptII/ptolemy/actor/lib/test/auto/Expression9.xml (RunModel)" time="0.009" />
  <testcase classname="ptolemy.util.test.junit.AutoTests" name="[168] /home/travis/build/icyphy/ptII/ptolemy/actor/lib/test/auto/ExpressionConcatenateArrayType.xml (RunModel)" time="0.027" />
  <testcase classname="ptolemy.util.test.junit.AutoTests" name="[169] /home/travis/build/icyphy/ptII/ptolemy/actor/lib/test/auto/ExpressionConcatenateArrayType2.xml (RunModel)" time="0.02" />
  <testcase classname="ptolemy.util.test.junit.AutoTests" name="[170] /home/travis/build/icyphy/ptII/ptolemy/actor/lib/test/auto/ExpressionFix.xml (RunModel)" time="0.043" />
  <testcase classname="ptolemy.util.test.junit.AutoTests" name="[171] /home/travis/build/icyphy/ptII/ptolemy/actor/lib/test/auto/ExpressionFix2.xml (RunModel)" time="0.013" />
  <testcase classname="ptolemy.util.test.junit.AutoTests" name="[172] /home/travis/build/icyphy/ptII/ptolemy/actor/lib/test/auto/ExpressionFix3.xml (RunModel)" time="0.015" />
  <testcase classname="ptolemy.util.test.junit.AutoTests" name="[173] /home/travis/build/icyphy/ptII/ptolemy/actor/lib/test/auto/FileWriter1.xml (RunModel)" time="0.009" />
  <testcase classname="ptolemy.util.test.junit.AutoTests" name="[174] /home/travis/build/icyphy/ptII/ptolemy/actor/lib/test/auto/FileWriter2.xml (RunModel)" time="0.015" />
  <testcase classname="ptolemy.util.test.junit.AutoTests" name="[175] /home/travis/build/icyphy/ptII/ptolemy/actor/lib/test/auto/FileWriter3.xml (RunModel)" time="0.015" />
  <testcase classname="ptolemy.util.test.junit.AutoTests" name="[176] /home/travis/build/icyphy/ptII/ptolemy/actor/lib/test/auto/Gaussian.xml (RunModel)" time="0.012" />
  <testcase classname="ptolemy.util.test.junit.AutoTests" name="[177] /home/travis/build/icyphy/ptII/ptolemy/actor/lib/test/auto/Gaussian1.xml (RunModel)" time="0.013" />
  <testcase classname="ptolemy.util.test.junit.AutoTests" name="[178] /home/travis/build/icyphy/ptII/ptolemy/actor/lib/test/auto/Gaussian2.xml (RunModel)" time="0.016" />
  <testcase classname="ptolemy.util.test.junit.AutoTests" name="[179] /home/travis/build/icyphy/ptII/ptolemy/actor/lib/test/auto/GradientAdaptiveLattice.xml (RunModel)" time="0.018" />
  <testcase classname="ptolemy.util.test.junit.AutoTests" name="[180] /home/travis/build/icyphy/ptII/ptolemy/actor/lib/test/auto/IIR.xml (RunModel)" time="0.009" />
  <testcase classname="ptolemy.util.test.junit.AutoTests" name="[181] /home/travis/build/icyphy/ptII/ptolemy/actor/lib/test/auto/InputOutputTransparentPorts.xml (RunModel)" time="0.016" />
  <testcase classname="ptolemy.util.test.junit.AutoTests" name="[182] /home/travis/build/icyphy/ptII/ptolemy/actor/lib/test/auto/Interpolator.xml (RunModel)" time="0.01" />
  <testcase classname="ptolemy.util.test.junit.AutoTests" name="[183] /home/travis/build/icyphy/ptII/ptolemy/actor/lib/test/auto/InterpolatorFiringLimitDE.xml (RunModel)" time="0.012" />
  <testcase classname="ptolemy.util.test.junit.AutoTests" name="[184] /home/travis/build/icyphy/ptII/ptolemy/actor/lib/test/auto/Lattice.xml (RunModel)" time="0.008" />
  <testcase classname="ptolemy.util.test.junit.AutoTests" name="[185] /home/travis/build/icyphy/ptII/ptolemy/actor/lib/test/auto/LazyAOCTestLazy.xml (RunModel)" time="0.02" />
  <testcase classname="ptolemy.util.test.junit.AutoTests" name="[186] /home/travis/build/icyphy/ptII/ptolemy/actor/lib/test/auto/LazyAOCTestNonLazy.xml (RunModel)" time="0.029" />
  <testcase classname="ptolemy.util.test.junit.AutoTests" name="[187] /home/travis/build/icyphy/ptII/ptolemy/actor/lib/test/auto/LazyInnerClass.xml (RunModel)" time="0.052" />
  <testcase classname="ptolemy.util.test.junit.AutoTests" name="[188] /home/travis/build/icyphy/ptII/ptolemy/actor/lib/test/auto/LazyPubSub.xml (RunModel)" time="0.067" />
  <testcase classname="ptolemy.util.test.junit.AutoTests" name="[189] /home/travis/build/icyphy/ptII/ptolemy/actor/lib/test/auto/LazyPubSub2.xml (RunModel)" time="0.048" />
  <testcase classname="ptolemy.util.test.junit.AutoTests" name="[190] /home/travis/build/icyphy/ptII/ptolemy/actor/lib/test/auto/LazyPubSub3.xml (RunModel)" time="0.026" />
  <testcase classname="ptolemy.util.test.junit.AutoTests" name="[191] /home/travis/build/icyphy/ptII/ptolemy/actor/lib/test/auto/LazySubClassModel.xml (RunModel)" time="0.023" />
  <testcase classname="ptolemy.util.test.junit.AutoTests" name="[192] /home/travis/build/icyphy/ptII/ptolemy/actor/lib/test/auto/LevelCrossTest1.xml (RunModel)" time="0.011" />
  <testcase classname="ptolemy.util.test.junit.AutoTests" name="[193] /home/travis/build/icyphy/ptII/ptolemy/actor/lib/test/auto/LevelCrossTest10.xml (RunModel)" time="0.018" />
  <testcase classname="ptolemy.util.test.junit.AutoTests" name="[194] /home/travis/build/icyphy/ptII/ptolemy/actor/lib/test/auto/LevelCrossTest11.xml (RunModel)" time="0.014" />
  <testcase classname="ptolemy.util.test.junit.AutoTests" name="[195] /home/travis/build/icyphy/ptII/ptolemy/actor/lib/test/auto/LevelCrossTest12.xml (RunModel)" time="0.017" />
  <testcase classname="ptolemy.util.test.junit.AutoTests" name="[196] /home/travis/build/icyphy/ptII/ptolemy/actor/lib/test/auto/LevelCrossTest13.xml (RunModel)" time="0.014" />
  <testcase classname="ptolemy.util.test.junit.AutoTests" name="[197] /home/travis/build/icyphy/ptII/ptolemy/actor/lib/test/auto/LevelCrossTest2.xml (RunModel)" time="0.01" />
  <testcase classname="ptolemy.util.test.junit.AutoTests" name="[198] /home/travis/build/icyphy/ptII/ptolemy/actor/lib/test/auto/LevelCrossTest3.xml (RunModel)" time="0.011" />
  <testcase classname="ptolemy.util.test.junit.AutoTests" name="[199] /home/travis/build/icyphy/ptII/ptolemy/actor/lib/test/auto/LevelCrossTest4.xml (RunModel)" time="0.011" />
  <testcase classname="ptolemy.util.test.junit.AutoTests" name="[200] /home/travis/build/icyphy/ptII/ptolemy/actor/lib/test/auto/LevelCrossTest5.xml (RunModel)" time="0.013" />
  <testcase classname="ptolemy.util.test.junit.AutoTests" name="[201] /home/travis/build/icyphy/ptII/ptolemy/actor/lib/test/auto/LevelCrossTest6.xml (RunModel)" time="0.012" />
  <testcase classname="ptolemy.util.test.junit.AutoTests" name="[202] /home/travis/build/icyphy/ptII/ptolemy/actor/lib/test/auto/LevelCrossTest7.xml (RunModel)" time="0.023" />
  <testcase classname="ptolemy.util.test.junit.AutoTests" name="[203] /home/travis/build/icyphy/ptII/ptolemy/actor/lib/test/auto/LevelCrossTest8.xml (RunModel)" time="0.014" />
  <testcase classname="ptolemy.util.test.junit.AutoTests" name="[204] /home/travis/build/icyphy/ptII/ptolemy/actor/lib/test/auto/LevelCrossTest9.xml (RunModel)" time="0.016" />
  <testcase classname="ptolemy.util.test.junit.AutoTests" name="[205] /home/travis/build/icyphy/ptII/ptolemy/actor/lib/test/auto/LevinsonDurbin.xml (RunModel)" time="0.018" />
  <testcase classname="ptolemy.util.test.junit.AutoTests" name="[206] /home/travis/build/icyphy/ptII/ptolemy/actor/lib/test/auto/LevinsonDurbin2.xml (RunModel)" time="0.014" />
  <testcase classname="ptolemy.util.test.junit.AutoTests" name="[207] /home/travis/build/icyphy/ptII/ptolemy/actor/lib/test/auto/LevinsonDurbin3.xml (RunModel)" time="0.012" />
  <testcase classname="ptolemy.util.test.junit.AutoTests" name="[208] /home/travis/build/icyphy/ptII/ptolemy/actor/lib/test/auto/Limiter.xml (RunModel)" time="0.035" />
  <testcase classname="ptolemy.util.test.junit.AutoTests" name="[209] /home/travis/build/icyphy/ptII/ptolemy/actor/lib/test/auto/LinearDifferenceEquationSystem.xml (RunModel)" time="0.021" />
  <testcase classname="ptolemy.util.test.junit.AutoTests" name="[210] /home/travis/build/icyphy/ptII/ptolemy/actor/lib/test/auto/LookupTable.xml (RunModel)" time="0.01" />
  <testcase classname="ptolemy.util.test.junit.AutoTests" name="[211] /home/travis/build/icyphy/ptII/ptolemy/actor/lib/test/auto/MathFunction.xml (RunModel)" time="0.024" />
  <testcase classname="ptolemy.util.test.junit.AutoTests" name="[212] /home/travis/build/icyphy/ptII/ptolemy/actor/lib/test/auto/MathFunction2.xml (RunModel)" time="0.011" />
  <testcase classname="ptolemy.util.test.junit.AutoTests" name="[213] /home/travis/build/icyphy/ptII/ptolemy/actor/lib/test/auto/MathFunction3.xml (RunModel)" time="0.018" />
  <testcase classname="ptolemy.util.test.junit.AutoTests" name="[214] /home/travis/build/icyphy/ptII/ptolemy/actor/lib/test/auto/MatrixCropBoolean.xml (RunModel)" time="0.01" />
  <testcase classname="ptolemy.util.test.junit.AutoTests" name="[215] /home/travis/build/icyphy/ptII/ptolemy/actor/lib/test/auto/MatrixCropComplex.xml (RunModel)" time="0.011" />
  <testcase classname="ptolemy.util.test.junit.AutoTests" name="[216] /home/travis/build/icyphy/ptII/ptolemy/actor/lib/test/auto/MatrixCropDouble.xml (RunModel)" time="0.01" />
  <testcase classname="ptolemy.util.test.junit.AutoTests" name="[217] /home/travis/build/icyphy/ptII/ptolemy/actor/lib/test/auto/MatrixCropFix.xml (RunModel)" time="0.013" />
  <testcase classname="ptolemy.util.test.junit.AutoTests" name="[218] /home/travis/build/icyphy/ptII/ptolemy/actor/lib/test/auto/MatrixCropInt.xml (RunModel)" time="0.009" />
  <testcase classname="ptolemy.util.test.junit.AutoTests" name="[219] /home/travis/build/icyphy/ptII/ptolemy/actor/lib/test/auto/MatrixCropLong.xml (RunModel)" time="0.009" />
  <testcase classname="ptolemy.util.test.junit.AutoTests" name="[220] /home/travis/build/icyphy/ptII/ptolemy/actor/lib/test/auto/MatrixToArray.xml (RunModel)" time="0.043" />
  <testcase classname="ptolemy.util.test.junit.AutoTests" name="[221] /home/travis/build/icyphy/ptII/ptolemy/actor/lib/test/auto/MaxIndex.xml (RunModel)" time="0.012" />
  <testcase classname="ptolemy.util.test.junit.AutoTests" name="[222] /home/travis/build/icyphy/ptII/ptolemy/actor/lib/test/auto/Maximum.xml (RunModel)" time="0.018" />
  <testcase classname="ptolemy.util.test.junit.AutoTests" name="[223] /home/travis/build/icyphy/ptII/ptolemy/actor/lib/test/auto/MaximumComplex.xml (RunModel)" time="0.014" />
  <testcase classname="ptolemy.util.test.junit.AutoTests" name="[224] /home/travis/build/icyphy/ptII/ptolemy/actor/lib/test/auto/MethodCallTest.xml (RunModel)" time="0.022" />
  <testcase classname="ptolemy.util.test.junit.AutoTests" name="[225] /home/travis/build/icyphy/ptII/ptolemy/actor/lib/test/auto/Minimum.xml (RunModel)" time="0.018" />
  <testcase classname="ptolemy.util.test.junit.AutoTests" name="[226] /home/travis/build/icyphy/ptII/ptolemy/actor/lib/test/auto/MinimumComplex.xml (RunModel)" time="0.017" />
  <testcase classname="ptolemy.util.test.junit.AutoTests" name="[227] /home/travis/build/icyphy/ptII/ptolemy/actor/lib/test/auto/MinimumMultiports.xml (RunModel)" time="0.021" />
  <testcase classname="ptolemy.util.test.junit.AutoTests" name="[228] /home/travis/build/icyphy/ptII/ptolemy/actor/lib/test/auto/ModifyDate.xml (RunModel)" time="0.04" />
  <testcase classname="ptolemy.util.test.junit.AutoTests" name="[229] /home/travis/build/icyphy/ptII/ptolemy/actor/lib/test/auto/ModifyDate2.xml (RunModel)" time="0.03" />
  <testcase classname="ptolemy.util.test.junit.AutoTests" name="[230] /home/travis/build/icyphy/ptII/ptolemy/actor/lib/test/auto/MovingAverage.xml (RunModel)" time="0.012" />
  <testcase classname="ptolemy.util.test.junit.AutoTests" name="[231] /home/travis/build/icyphy/ptII/ptolemy/actor/lib/test/auto/MovingMaximum.xml (RunModel)" time="0.013" />
  <testcase classname="ptolemy.util.test.junit.AutoTests" name="[232] /home/travis/build/icyphy/ptII/ptolemy/actor/lib/test/auto/MultipleLinksToSameRelation.xml (RunModel)" time="0.008" />
  <testcase classname="ptolemy.util.test.junit.AutoTests" name="[233] /home/travis/build/icyphy/ptII/ptolemy/actor/lib/test/auto/MultipleLinksToSameRelationDE.xml (RunModel)" time="0.008" />
  <testcase classname="ptolemy.util.test.junit.AutoTests" name="[234] /home/travis/build/icyphy/ptII/ptolemy/actor/lib/test/auto/Multiplexor.xml (RunModel)" time="0.017" />
  <testcase classname="ptolemy.util.test.junit.AutoTests" name="[235] /home/travis/build/icyphy/ptII/ptolemy/actor/lib/test/auto/Multiplexor1.xml (RunModel)" time="0.012" />
  <testcase classname="ptolemy.util.test.junit.AutoTests" name="[236] /home/travis/build/icyphy/ptII/ptolemy/actor/lib/test/auto/Multiplexor2.xml (RunModel)" time="0.014" />
  <testcase classname="ptolemy.util.test.junit.AutoTests" name="[237] /home/travis/build/icyphy/ptII/ptolemy/actor/lib/test/auto/Multiplexor3.xml (RunModel)" time="0.01" />
  <testcase classname="ptolemy.util.test.junit.AutoTests" name="[238] /home/travis/build/icyphy/ptII/ptolemy/actor/lib/test/auto/MultiplexorDE.xml (RunModel)" time="0.017" />
  <testcase classname="ptolemy.util.test.junit.AutoTests" name="[239] /home/travis/build/icyphy/ptII/ptolemy/actor/lib/test/auto/MultiportBroadcastTest.xml (RunModel)" time="0.062" />
  <testcase classname="ptolemy.util.test.junit.AutoTests" name="[240] /home/travis/build/icyphy/ptII/ptolemy/actor/lib/test/auto/MultiportOutHangDuringGetWidth.xml (RunModel)" time="0.03" />
  <testcase classname="ptolemy.util.test.junit.AutoTests" name="[241] /home/travis/build/icyphy/ptII/ptolemy/actor/lib/test/auto/NilToken.xml (RunModel)" time="0.007" />
  <testcase classname="ptolemy.util.test.junit.AutoTests" name="[242] /home/travis/build/icyphy/ptII/ptolemy/actor/lib/test/auto/NilTokenNonStrictTest.xml (RunModel)" time="0.011" />
  <testcase classname="ptolemy.util.test.junit.AutoTests" name="[243] /home/travis/build/icyphy/ptII/ptolemy/actor/lib/test/auto/NilTokenRecord.xml (RunModel)" time="0.019" />
  <testcase classname="ptolemy.util.test.junit.AutoTests" name="[244] /home/travis/build/icyphy/ptII/ptolemy/actor/lib/test/auto/NilTokenTypeTest.xml (RunModel)" time="0.025" />
  <testcase classname="ptolemy.util.test.junit.AutoTests" name="[245] /home/travis/build/icyphy/ptII/ptolemy/actor/lib/test/auto/ObjectToken1.xml (RunModel)" time="0.008" />
  <testcase classname="ptolemy.util.test.junit.AutoTests" name="[246] /home/travis/build/icyphy/ptII/ptolemy/actor/lib/test/auto/OrderedMerge.xml (RunModel)" time="0.01" />
  <testcase classname="ptolemy.util.test.junit.AutoTests" name="[247] /home/travis/build/icyphy/ptII/ptolemy/actor/lib/test/auto/OrderedRecordDisassembler.xml (RunModel)" time="0.014" />
  <testcase classname="ptolemy.util.test.junit.AutoTests" name="[248] /home/travis/build/icyphy/ptII/ptolemy/actor/lib/test/auto/OrderedRecordDisassembler2.xml (RunModel)" time="0.016" />
  <testcase classname="ptolemy.util.test.junit.AutoTests" name="[249] /home/travis/build/icyphy/ptII/ptolemy/actor/lib/test/auto/OrderedRecordUpdater.xml (RunModel)" time="0.01" />
  <testcase classname="ptolemy.util.test.junit.AutoTests" name="[250] /home/travis/build/icyphy/ptII/ptolemy/actor/lib/test/auto/OrderedRecordUpdater2.xml (RunModel)" time="0.011" />
  <testcase classname="ptolemy.util.test.junit.AutoTests" name="[251] /home/travis/build/icyphy/ptII/ptolemy/actor/lib/test/auto/PhaseUnwrap.xml (RunModel)" time="0.012" />
  <testcase classname="ptolemy.util.test.junit.AutoTests" name="[252] /home/travis/build/icyphy/ptII/ptolemy/actor/lib/test/auto/PoissonClock.xml (RunModel)" time="0.009" />
  <testcase classname="ptolemy.util.test.junit.AutoTests" name="[253] /home/travis/build/icyphy/ptII/ptolemy/actor/lib/test/auto/PoissonClock2.xml (RunModel)" time="0.009" />
  <testcase classname="ptolemy.util.test.junit.AutoTests" name="[254] /home/travis/build/icyphy/ptII/ptolemy/actor/lib/test/auto/PoissonClock3.xml (RunModel)" time="0.01" />
  <testcase classname="ptolemy.util.test.junit.AutoTests" name="[255] /home/travis/build/icyphy/ptII/ptolemy/actor/lib/test/auto/PubSubWithInitialTokens.xml (RunModel)" time="0.011" />
  <testcase classname="ptolemy.util.test.junit.AutoTests" name="[256] /home/travis/build/icyphy/ptII/ptolemy/actor/lib/test/auto/PubSubWithInitialTokens2.xml (RunModel)" time="0.01" />
  <testcase classname="ptolemy.util.test.junit.AutoTests" name="[257] /home/travis/build/icyphy/ptII/ptolemy/actor/lib/test/auto/PublisherClassNoParameter.xml (RunModel)" time="0.024" />
  <testcase classname="ptolemy.util.test.junit.AutoTests" name="[258] /home/travis/build/icyphy/ptII/ptolemy/actor/lib/test/auto/PublisherClassParameter.xml (RunModel)" time="0.02" />
  <testcase classname="ptolemy.util.test.junit.AutoTests" name="[259] /home/travis/build/icyphy/ptII/ptolemy/actor/lib/test/auto/PublisherNonStrictTest.xml (RunModel)" time="0.015" />
  <testcase classname="ptolemy.util.test.junit.AutoTests" name="[260] /home/travis/build/icyphy/ptII/ptolemy/actor/lib/test/auto/PublisherPort1.xml (RunModel)" time="0.01" />
  <testcase classname="ptolemy.util.test.junit.AutoTests" name="[261] /home/travis/build/icyphy/ptII/ptolemy/actor/lib/test/auto/PublisherPort2.xml (RunModel)" time="0.009" />
  <testcase classname="ptolemy.util.test.junit.AutoTests" name="[262] /home/travis/build/icyphy/ptII/ptolemy/actor/lib/test/auto/PublisherPort3.xml (RunModel)" time="0.011" />
  <testcase classname="ptolemy.util.test.junit.AutoTests" name="[263] /home/travis/build/icyphy/ptII/ptolemy/actor/lib/test/auto/PublisherPort4.xml (RunModel)" time="0.011" />
  <testcase classname="ptolemy.util.test.junit.AutoTests" name="[264] /home/travis/build/icyphy/ptII/ptolemy/actor/lib/test/auto/PublisherPort5.xml (RunModel)" time="0.013" />
  <testcase classname="ptolemy.util.test.junit.AutoTests" name="[265] /home/travis/build/icyphy/ptII/ptolemy/actor/lib/test/auto/PublisherPort5LookAlike.xml (RunModel)" time="0.014" />
  <testcase classname="ptolemy.util.test.junit.AutoTests" name="[266] /home/travis/build/icyphy/ptII/ptolemy/actor/lib/test/auto/PublisherPort6.xml (RunModel)" time="0.012" />
  <testcase classname="ptolemy.util.test.junit.AutoTests" name="[267] /home/travis/build/icyphy/ptII/ptolemy/actor/lib/test/auto/PublisherPort7.xml (RunModel)" time="0.014" />
  <testcase classname="ptolemy.util.test.junit.AutoTests" name="[268] /home/travis/build/icyphy/ptII/ptolemy/actor/lib/test/auto/PublisherPort8.xml (RunModel)" time="0.015" />
  <testcase classname="ptolemy.util.test.junit.AutoTests" name="[269] /home/travis/build/icyphy/ptII/ptolemy/actor/lib/test/auto/PublisherPortSubscriberChannelVariablesAOC2.xml (RunModel)" time="0.032" />
  <testcase classname="ptolemy.util.test.junit.AutoTests" name="[270] /home/travis/build/icyphy/ptII/ptolemy/actor/lib/test/auto/PublisherPortSubscriberOpaqueWidthInference.xml (RunModel)" time="0.015" />
  <testcase classname="ptolemy.util.test.junit.AutoTests" name="[271] /home/travis/build/icyphy/ptII/ptolemy/actor/lib/test/auto/PublisherPortSubscriberPortAdjacent.xml (RunModel)" time="0.017" />
  <testcase classname="ptolemy.util.test.junit.AutoTests" name="[272] /home/travis/build/icyphy/ptII/ptolemy/actor/lib/test/auto/PublisherPortSubscriberPortExpression.xml (RunModel)" time="0.016" />
  <testcase classname="ptolemy.util.test.junit.AutoTests" name="[273] /home/travis/build/icyphy/ptII/ptolemy/actor/lib/test/auto/PublisherPortSubscriberPortOpaqueD3Reverse.xml (RunModel)" time="0.018" />
  <testcase classname="ptolemy.util.test.junit.AutoTests" name="[274] /home/travis/build/icyphy/ptII/ptolemy/actor/lib/test/auto/PublisherPortSubscriberPortOpaqueWidthInference.xml (RunModel)" time="0.014" />
  <testcase classname="ptolemy.util.test.junit.AutoTests" name="[275] /home/travis/build/icyphy/ptII/ptolemy/actor/lib/test/auto/PublisherPortToplevelSubscriberPortAOC.xml (RunModel)" time="0.009" />
  <testcase classname="ptolemy.util.test.junit.AutoTests" name="[276] /home/travis/build/icyphy/ptII/ptolemy/actor/lib/test/auto/PublisherSubscriber.xml (RunModel)" time="0.013" />
  <testcase classname="ptolemy.util.test.junit.AutoTests" name="[277] /home/travis/build/icyphy/ptII/ptolemy/actor/lib/test/auto/PublisherSubscriber10.xml (RunModel)" time="0.019" />
  <testcase classname="ptolemy.util.test.junit.AutoTests" name="[278] /home/travis/build/icyphy/ptII/ptolemy/actor/lib/test/auto/PublisherSubscriber10InitialOutputs.xml (RunModel)" time="0.019" />
  <testcase classname="ptolemy.util.test.junit.AutoTests" name="[279] /home/travis/build/icyphy/ptII/ptolemy/actor/lib/test/auto/PublisherSubscriber11.xml (RunModel)" time="0.028" />
  <testcase classname="ptolemy.util.test.junit.AutoTests" name="[280] /home/travis/build/icyphy/ptII/ptolemy/actor/lib/test/auto/PublisherSubscriber12.xml (RunModel)" time="0.015" />
  <testcase classname="ptolemy.util.test.junit.AutoTests" name="[281] /home/travis/build/icyphy/ptII/ptolemy/actor/lib/test/auto/PublisherSubscriber13.xml (RunModel)" time="0.019" />
  <testcase classname="ptolemy.util.test.junit.AutoTests" name="[282] /home/travis/build/icyphy/ptII/ptolemy/actor/lib/test/auto/PublisherSubscriber14.xml (RunModel)" time="0.026" />
  <testcase classname="ptolemy.util.test.junit.AutoTests" name="[283] /home/travis/build/icyphy/ptII/ptolemy/actor/lib/test/auto/PublisherSubscriber2.xml (RunModel)" time="0.011" />
  <testcase classname="ptolemy.util.test.junit.AutoTests" name="[284] /home/travis/build/icyphy/ptII/ptolemy/actor/lib/test/auto/PublisherSubscriber3.xml (RunModel)" time="0.018" />
  <testcase classname="ptolemy.util.test.junit.AutoTests" name="[285] /home/travis/build/icyphy/ptII/ptolemy/actor/lib/test/auto/PublisherSubscriber4.xml (RunModel)" time="0.009" />
  <testcase classname="ptolemy.util.test.junit.AutoTests" name="[286] /home/travis/build/icyphy/ptII/ptolemy/actor/lib/test/auto/PublisherSubscriber5.xml (RunModel)" time="0.011" />
  <testcase classname="ptolemy.util.test.junit.AutoTests" name="[287] /home/travis/build/icyphy/ptII/ptolemy/actor/lib/test/auto/PublisherSubscriber6.xml (RunModel)" time="0.02" />
  <testcase classname="ptolemy.util.test.junit.AutoTests" name="[288] /home/travis/build/icyphy/ptII/ptolemy/actor/lib/test/auto/PublisherSubscriber7.xml (RunModel)" time="0.017" />
  <testcase classname="ptolemy.util.test.junit.AutoTests" name="[289] /home/travis/build/icyphy/ptII/ptolemy/actor/lib/test/auto/PublisherSubscriber8.xml (RunModel)" time="0.032" />
  <testcase classname="ptolemy.util.test.junit.AutoTests" name="[290] /home/travis/build/icyphy/ptII/ptolemy/actor/lib/test/auto/PublisherSubscriber9.xml (RunModel)" time="0.014" />
  <testcase classname="ptolemy.util.test.junit.AutoTests" name="[291] /home/travis/build/icyphy/ptII/ptolemy/actor/lib/test/auto/PublisherSubscriberAdjacent.xml (RunModel)" time="0.017" />
  <testcase classname="ptolemy.util.test.junit.AutoTests" name="[292] /home/travis/build/icyphy/ptII/ptolemy/actor/lib/test/auto/PublisherSubscriberChannelVariablesAOC2.xml (RunModel)" time="0.025" />
  <testcase classname="ptolemy.util.test.junit.AutoTests" name="[293] /home/travis/build/icyphy/ptII/ptolemy/actor/lib/test/auto/PublisherSubscriberD3.xml (RunModel)" time="0.02" />
  <testcase classname="ptolemy.util.test.junit.AutoTests" name="[294] /home/travis/build/icyphy/ptII/ptolemy/actor/lib/test/auto/PublisherSubscriberD3Reverse.xml (RunModel)" time="0.012" />
  <testcase classname="ptolemy.util.test.junit.AutoTests" name="[295] /home/travis/build/icyphy/ptII/ptolemy/actor/lib/test/auto/PublisherSubscriberExpression.xml (RunModel)" time="0.016" />
  <testcase classname="ptolemy.util.test.junit.AutoTests" name="[296] /home/travis/build/icyphy/ptII/ptolemy/actor/lib/test/auto/PublisherSubscriberOpaque.xml (RunModel)" time="0.039" />
  <testcase classname="ptolemy.util.test.junit.AutoTests" name="[297] /home/travis/build/icyphy/ptII/ptolemy/actor/lib/test/auto/PublisherSubscriberOpaqueD3.xml (RunModel)" time="0.03" />
  <testcase classname="ptolemy.util.test.junit.AutoTests" name="[298] /home/travis/build/icyphy/ptII/ptolemy/actor/lib/test/auto/PublisherSubscriberOpaqueD3Reverse.xml (RunModel)" time="0.018" />
  <testcase classname="ptolemy.util.test.junit.AutoTests" name="[299] /home/travis/build/icyphy/ptII/ptolemy/actor/lib/test/auto/PublisherSubscriberOpaqueWidthInference.xml (RunModel)" time="0.015" />
  <testcase classname="ptolemy.util.test.junit.AutoTests" name="[300] /home/travis/build/icyphy/ptII/ptolemy/actor/lib/test/auto/PublisherTestSubscriber.xml (RunModel)" time="0.015" />
  <testcase classname="ptolemy.util.test.junit.AutoTests" name="[301] /home/travis/build/icyphy/ptII/ptolemy/actor/lib/test/auto/PublisherToplevelSubscriberPortAOC.xml (RunModel)" time="0.011" />
  <testcase classname="ptolemy.util.test.junit.AutoTests" name="[302] /home/travis/build/icyphy/ptII/ptolemy/actor/lib/test/auto/PulseFiringLimitDE.xml (RunModel)" time="0.013" />
  <testcase classname="ptolemy.util.test.junit.AutoTests" name="[303] /home/travis/build/icyphy/ptII/ptolemy/actor/lib/test/auto/Ramp1.xml (RunModel)" time="0.009" />
  <testcase classname="ptolemy.util.test.junit.AutoTests" name="[304] /home/travis/build/icyphy/ptII/ptolemy/actor/lib/test/auto/RampFiringLimitDE.xml (RunModel)" time="0.01" />
  <testcase classname="ptolemy.util.test.junit.AutoTests" name="[305] /home/travis/build/icyphy/ptII/ptolemy/actor/lib/test/auto/RampFiringLimitSDF.xml (RunModel)" time="0.01" />
  <testcase classname="ptolemy.util.test.junit.AutoTests" name="[306] /home/travis/build/icyphy/ptII/ptolemy/actor/lib/test/auto/RandomInteger.xml (RunModel)" time="0.009" />
  <testcase classname="ptolemy.util.test.junit.AutoTests" name="[307] /home/travis/build/icyphy/ptII/ptolemy/actor/lib/test/auto/ReadFile1.xml (RunModel)" time="0.009" />
  <testcase classname="ptolemy.util.test.junit.AutoTests" name="[308] /home/travis/build/icyphy/ptII/ptolemy/actor/lib/test/auto/ReadFile2.xml (RunModel)" time="0.008" />
  <testcase classname="ptolemy.util.test.junit.AutoTests" name="[309] /home/travis/build/icyphy/ptII/ptolemy/actor/lib/test/auto/Reader.xml (RunModel)" time="0.011" />
  <testcase classname="ptolemy.util.test.junit.AutoTests" name="[310] /home/travis/build/icyphy/ptII/ptolemy/actor/lib/test/auto/RecordAssemblerDisplayNameTest.xml (RunModel)" time="2.847" />
  <testcase classname="ptolemy.util.test.junit.AutoTests" name="[311] /home/travis/build/icyphy/ptII/ptolemy/actor/lib/test/auto/RecordAssemblerTypeError.xml (RunModel)" time="0.03" />
  <testcase classname="ptolemy.util.test.junit.AutoTests" name="[312] /home/travis/build/icyphy/ptII/ptolemy/actor/lib/test/auto/RecordDisassember.xml (RunModel)" time="0.013" />
  <testcase classname="ptolemy.util.test.junit.AutoTests" name="[313] /home/travis/build/icyphy/ptII/ptolemy/actor/lib/test/auto/RecordDisassemberDisplayNameTest.xml (RunModel)" time="0.025" />
  <testcase classname="ptolemy.util.test.junit.AutoTests" name="[314] /home/travis/build/icyphy/ptII/ptolemy/actor/lib/test/auto/RecordDisassembler.xml (RunModel)" time="0.011" />
  <testcase classname="ptolemy.util.test.junit.AutoTests" name="[315] /home/travis/build/icyphy/ptII/ptolemy/actor/lib/test/auto/RecordDisassembler2.xml (RunModel)" time="0.01" />
  <testcase classname="ptolemy.util.test.junit.AutoTests" name="[316] /home/travis/build/icyphy/ptII/ptolemy/actor/lib/test/auto/RecordUpdater.xml (RunModel)" time="0.009" />
  <testcase classname="ptolemy.util.test.junit.AutoTests" name="[317] /home/travis/build/icyphy/ptII/ptolemy/actor/lib/test/auto/RecordUpdater2.xml (RunModel)" time="0.008" />
  <testcase classname="ptolemy.util.test.junit.AutoTests" name="[318] /home/travis/build/icyphy/ptII/ptolemy/actor/lib/test/auto/RecursiveLattice.xml (RunModel)" time="0.008" />
  <testcase classname="ptolemy.util.test.junit.AutoTests" name="[319] /home/travis/build/icyphy/ptII/ptolemy/actor/lib/test/auto/Router.xml (RunModel)" time="3.022" />
  <testcase classname="ptolemy.util.test.junit.AutoTests" name="[320] /home/travis/build/icyphy/ptII/ptolemy/actor/lib/test/auto/Router2.xml (RunModel)" time="3.02" />
  <testcase classname="ptolemy.util.test.junit.AutoTests" name="[321] /home/travis/build/icyphy/ptII/ptolemy/actor/lib/test/auto/RunningMaximum.xml (RunModel)" time="0.015" />
  <testcase classname="ptolemy.util.test.junit.AutoTests" name="[322] /home/travis/build/icyphy/ptII/ptolemy/actor/lib/test/auto/RunningMinimum.xml (RunModel)" time="0.01" />
  <testcase classname="ptolemy.util.test.junit.AutoTests" name="[323] /home/travis/build/icyphy/ptII/ptolemy/actor/lib/test/auto/Scale.xml (RunModel)" time="0.008" />
  <testcase classname="ptolemy.util.test.junit.AutoTests" name="[324] /home/travis/build/icyphy/ptII/ptolemy/actor/lib/test/auto/Scale2.xml (RunModel)" time="0.01" />
  <testcase classname="ptolemy.util.test.junit.AutoTests" name="[325] /home/travis/build/icyphy/ptII/ptolemy/actor/lib/test/auto/Scale3.xml (RunModel)" time="0.012" />
  <testcase classname="ptolemy.util.test.junit.AutoTests" name="[326] /home/travis/build/icyphy/ptII/ptolemy/actor/lib/test/auto/ScaleArray.xml (RunModel)" time="0.007" />
  <testcase classname="ptolemy.util.test.junit.AutoTests" name="[327] /home/travis/build/icyphy/ptII/ptolemy/actor/lib/test/auto/ScaleArray2.xml (RunModel)" time="0.008" />
  <testcase classname="ptolemy.util.test.junit.AutoTests" name="[328] /home/travis/build/icyphy/ptII/ptolemy/actor/lib/test/auto/ScaleMatrix.xml (RunModel)" time="0.102" />
  <testcase classname="ptolemy.util.test.junit.AutoTests" name="[329] /home/travis/build/icyphy/ptII/ptolemy/actor/lib/test/auto/Select.xml (RunModel)" time="0.013" />
  <testcase classname="ptolemy.util.test.junit.AutoTests" name="[330] /home/travis/build/icyphy/ptII/ptolemy/actor/lib/test/auto/Select2.xml (RunModel)" time="0.008" />
  <testcase classname="ptolemy.util.test.junit.AutoTests" name="[331] /home/travis/build/icyphy/ptII/ptolemy/actor/lib/test/auto/SequenceToArray2.xml (RunModel)" time="0.128" />
  <testcase classname="ptolemy.util.test.junit.AutoTests" name="[332] /home/travis/build/icyphy/ptII/ptolemy/actor/lib/test/auto/SequentialClock.xml (RunModel)" time="0.012" />
  <testcase classname="ptolemy.util.test.junit.AutoTests" name="[333] /home/travis/build/icyphy/ptII/ptolemy/actor/lib/test/auto/SetVariable.xml (RunModel)" time="0.009" />
  <testcase classname="ptolemy.util.test.junit.AutoTests" name="[334] /home/travis/build/icyphy/ptII/ptolemy/actor/lib/test/auto/SetVariable2.xml (RunModel)" time="0.009" />
  <testcase classname="ptolemy.util.test.junit.AutoTests" name="[335] /home/travis/build/icyphy/ptII/ptolemy/actor/lib/test/auto/SetVariable3.xml (RunModel)" time="0.018" />
  <testcase classname="ptolemy.util.test.junit.AutoTests" name="[336] /home/travis/build/icyphy/ptII/ptolemy/actor/lib/test/auto/SetVariable4.xml (RunModel)" time="0.026" />
  <testcase classname="ptolemy.util.test.junit.AutoTests" name="[337] /home/travis/build/icyphy/ptII/ptolemy/actor/lib/test/auto/SetVariable5.xml (RunModel)" time="0.034" />
  <testcase classname="ptolemy.util.test.junit.AutoTests" name="[338] /home/travis/build/icyphy/ptII/ptolemy/actor/lib/test/auto/Sinewave.xml (RunModel)" time="0.035" />
  <testcase classname="ptolemy.util.test.junit.AutoTests" name="[339] /home/travis/build/icyphy/ptII/ptolemy/actor/lib/test/auto/Sinewave2.xml (RunModel)" time="0.016" />
  <testcase classname="ptolemy.util.test.junit.AutoTests" name="[340] /home/travis/build/icyphy/ptII/ptolemy/actor/lib/test/auto/Sinewave3.xml (RunModel)" time="0.021" />
  <testcase classname="ptolemy.util.test.junit.AutoTests" name="[341] /home/travis/build/icyphy/ptII/ptolemy/actor/lib/test/auto/SingleEvent.xml (RunModel)" time="0.006" />
  <testcase classname="ptolemy.util.test.junit.AutoTests" name="[342] /home/travis/build/icyphy/ptII/ptolemy/actor/lib/test/auto/Sleep.xml (RunModel)" time="6.011" />
  <testcase classname="ptolemy.util.test.junit.AutoTests" name="[343] /home/travis/build/icyphy/ptII/ptolemy/actor/lib/test/auto/SleepMultipleFire.xml (RunModel)" time="1.016" />
  <testcase classname="ptolemy.util.test.junit.AutoTests" name="[344] /home/travis/build/icyphy/ptII/ptolemy/actor/lib/test/auto/StopDE.xml (RunModel)" time="0.011" />
  <testcase classname="ptolemy.util.test.junit.AutoTests" name="[345] /home/travis/build/icyphy/ptII/ptolemy/actor/lib/test/auto/StopSDF.xml (RunModel)" time="0.01" />
  <testcase classname="ptolemy.util.test.junit.AutoTests" name="[346] /home/travis/build/icyphy/ptII/ptolemy/actor/lib/test/auto/StringConstant.xml (RunModel)" time="0.008" />
  <testcase classname="ptolemy.util.test.junit.AutoTests" name="[347] /home/travis/build/icyphy/ptII/ptolemy/actor/lib/test/auto/SubscriberPortInitialValues1.xml (RunModel)" time="0.016" />
  <testcase classname="ptolemy.util.test.junit.AutoTests" name="[348] /home/travis/build/icyphy/ptII/ptolemy/actor/lib/test/auto/SubscriberPortInitialValues13.xml (RunModel)" time="0.021" />
  <testcase classname="ptolemy.util.test.junit.AutoTests" name="[349] /home/travis/build/icyphy/ptII/ptolemy/actor/lib/test/auto/SubscriberPortInitialValues14.xml (RunModel)" time="0.014" />
  <testcase classname="ptolemy.util.test.junit.AutoTests" name="[350] /home/travis/build/icyphy/ptII/ptolemy/actor/lib/test/auto/SubscriberPortInitialValues2.xml (RunModel)" time="0.014" />
  <testcase classname="ptolemy.util.test.junit.AutoTests" name="[351] /home/travis/build/icyphy/ptII/ptolemy/actor/lib/test/auto/SubscriberPortInitialValues3.xml (RunModel)" time="0.017" />
  <testcase classname="ptolemy.util.test.junit.AutoTests" name="[352] /home/travis/build/icyphy/ptII/ptolemy/actor/lib/test/auto/SubscriptionAggregator.xml (RunModel)" time="0.01" />
  <testcase classname="ptolemy.util.test.junit.AutoTests" name="[353] /home/travis/build/icyphy/ptII/ptolemy/actor/lib/test/auto/SubscriptionAggregator2.xml (RunModel)" time="0.01" />
  <testcase classname="ptolemy.util.test.junit.AutoTests" name="[354] /home/travis/build/icyphy/ptII/ptolemy/actor/lib/test/auto/SubscriptionAggregator3.xml (RunModel)" time="0.013" />
  <testcase classname="ptolemy.util.test.junit.AutoTests" name="[355] /home/travis/build/icyphy/ptII/ptolemy/actor/lib/test/auto/SubscriptionAggregatorMultiply.xml (RunModel)" time="0.014" />
  <testcase classname="ptolemy.util.test.junit.AutoTests" name="[356] /home/travis/build/icyphy/ptII/ptolemy/actor/lib/test/auto/SubscriptionAggregatorPortMultiply1.xml (RunModel)" time="0.013" />
  <testcase classname="ptolemy.util.test.junit.AutoTests" name="[357] /home/travis/build/icyphy/ptII/ptolemy/actor/lib/test/auto/Switch.xml (RunModel)" time="0.013" />
  <testcase classname="ptolemy.util.test.junit.AutoTests" name="[358] /home/travis/build/icyphy/ptII/ptolemy/actor/lib/test/auto/Switch2.xml (RunModel)" time="0.009" />
  <testcase classname="ptolemy.util.test.junit.AutoTests" name="[359] /home/travis/build/icyphy/ptII/ptolemy/actor/lib/test/auto/SwitchDE.xml (RunModel)" time="0.012" />
  <testcase classname="ptolemy.util.test.junit.AutoTests" name="[360] /home/travis/build/icyphy/ptII/ptolemy/actor/lib/test/auto/SynchronizerDE.xml (RunModel)" time="0.017" />
  <testcase classname="ptolemy.util.test.junit.AutoTests" name="[361] /home/travis/build/icyphy/ptII/ptolemy/actor/lib/test/auto/Test.xml (RunModel)" time="0.008" />
  <testcase classname="ptolemy.util.test.junit.AutoTests" name="[362] /home/travis/build/icyphy/ptII/ptolemy/actor/lib/test/auto/TestExceptionAttribute1.xml (RunModel)" time="0.005" />
  <testcase classname="ptolemy.util.test.junit.AutoTests" name="[363] /home/travis/build/icyphy/ptII/ptolemy/actor/lib/test/auto/TestExceptionAttribute2.xml (RunModel)" time="0.006" />
  <testcase classname="ptolemy.util.test.junit.AutoTests" name="[364] /home/travis/build/icyphy/ptII/ptolemy/actor/lib/test/auto/TestExceptionAttribute3.xml (RunModel)" time="0.006" />
  <testcase classname="ptolemy.util.test.junit.AutoTests" name="[365] /home/travis/build/icyphy/ptII/ptolemy/actor/lib/test/auto/TestExceptionAttribute4.xml (RunModel)" time="0.006" />
  <testcase classname="ptolemy.util.test.junit.AutoTests" name="[366] /home/travis/build/icyphy/ptII/ptolemy/actor/lib/test/auto/TestExceptionHandler1.xml (RunModel)" time="0.005" />
  <testcase classname="ptolemy.util.test.junit.AutoTests" name="[367] /home/travis/build/icyphy/ptII/ptolemy/actor/lib/test/auto/TestExceptionHandler2.xml (RunModel)" time="0.006" />
  <testcase classname="ptolemy.util.test.junit.AutoTests" name="[368] /home/travis/build/icyphy/ptII/ptolemy/actor/lib/test/auto/TestExceptionHandler3.xml (RunModel)" time="0.007" />
  <testcase classname="ptolemy.util.test.junit.AutoTests" name="[369] /home/travis/build/icyphy/ptII/ptolemy/actor/lib/test/auto/TestExceptionHandler4.xml (RunModel)" time="0.006" />
  <testcase classname="ptolemy.util.test.junit.AutoTests" name="[370] /home/travis/build/icyphy/ptII/ptolemy/actor/lib/test/auto/TestRequireCorrectOrder.xml (RunModel)" time="0.009" />
  <testcase classname="ptolemy.util.test.junit.AutoTests" name="[371] /home/travis/build/icyphy/ptII/ptolemy/actor/lib/test/auto/TestSimple.xml (RunModel)" time="0.006" />
  <testcase classname="ptolemy.util.test.junit.AutoTests" name="[372] /home/travis/build/icyphy/ptII/ptolemy/actor/lib/test/auto/ThrowModelError.xml (RunModel)" time="0.009" />
  <testcase classname="ptolemy.util.test.junit.AutoTests" name="[373] /home/travis/build/icyphy/ptII/ptolemy/actor/lib/test/auto/TimeDelayMicrosteps.xml (RunModel)" time="0.011" />
  <testcase classname="ptolemy.util.test.junit.AutoTests" name="[374] /home/travis/build/icyphy/ptII/ptolemy/actor/lib/test/auto/TimeDelayMicrosteps2.xml (RunModel)" time="0.013" />
  <testcase classname="ptolemy.util.test.junit.AutoTests" name="[375] /home/travis/build/icyphy/ptII/ptolemy/actor/lib/test/auto/TimeDelayMicrosteps3.xml (RunModel)" time="0.011" />
  <testcase classname="ptolemy.util.test.junit.AutoTests" name="[376] /home/travis/build/icyphy/ptII/ptolemy/actor/lib/test/auto/TimeDelayVariableMicrosteps.xml (RunModel)" time="0.01" />
  <testcase classname="ptolemy.util.test.junit.AutoTests" name="[377] /home/travis/build/icyphy/ptII/ptolemy/actor/lib/test/auto/TimeGap.xml (RunModel)" time="0.01" />
  <testcase classname="ptolemy.util.test.junit.AutoTests" name="[378] /home/travis/build/icyphy/ptII/ptolemy/actor/lib/test/auto/TimeGap2.xml (RunModel)" time="0.01" />
  <testcase classname="ptolemy.util.test.junit.AutoTests" name="[379] /home/travis/build/icyphy/ptII/ptolemy/actor/lib/test/auto/TimedSinewave.xml (RunModel)" time="0.036" />
  <testcase classname="ptolemy.util.test.junit.AutoTests" name="[380] /home/travis/build/icyphy/ptII/ptolemy/actor/lib/test/auto/TimedSinewavePhase.xml (RunModel)" time="0.02" />
  <testcase classname="ptolemy.util.test.junit.AutoTests" name="[381] /home/travis/build/icyphy/ptII/ptolemy/actor/lib/test/auto/Timer.xml (RunModel)" time="0.011" />
  <testcase classname="ptolemy.util.test.junit.AutoTests" name="[382] /home/travis/build/icyphy/ptII/ptolemy/actor/lib/test/auto/TriangularDistTestModel.xml (RunModel)" time="0.013" />
  <testcase classname="ptolemy.util.test.junit.AutoTests" name="[383] /home/travis/build/icyphy/ptII/ptolemy/actor/lib/test/auto/TrigFunction.xml (RunModel)" time="0.007" />
  <testcase classname="ptolemy.util.test.junit.AutoTests" name="[384] /home/travis/build/icyphy/ptII/ptolemy/actor/lib/test/auto/TrigFunctionDE.xml (RunModel)" time="0.01" />
  <testcase classname="ptolemy.util.test.junit.AutoTests" name="[385] /home/travis/build/icyphy/ptII/ptolemy/actor/lib/test/auto/TrigFunctionInverse.xml (RunModel)" time="0.008" />
  <testcase classname="ptolemy.util.test.junit.AutoTests" name="[386] /home/travis/build/icyphy/ptII/ptolemy/actor/lib/test/auto/TrigFunctionTan.xml (RunModel)" time="0.006" />
  <testcase classname="ptolemy.util.test.junit.AutoTests" name="[387] /home/travis/build/icyphy/ptII/ptolemy/actor/lib/test/auto/TriggeredClock.xml (RunModel)" time="0.008" />
  <testcase classname="ptolemy.util.test.junit.AutoTests" name="[388] /home/travis/build/icyphy/ptII/ptolemy/actor/lib/test/auto/URLDirectoryReader.xml (RunModel)" time="0.063" />
  <testcase classname="ptolemy.util.test.junit.AutoTests" name="[389] /home/travis/build/icyphy/ptII/ptolemy/actor/lib/test/auto/URLDirectoryReader3.xml (RunModel)" time="1.286" />
  <testcase classname="ptolemy.util.test.junit.AutoTests" name="[390] /home/travis/build/icyphy/ptII/ptolemy/actor/lib/test/auto/UnaryMathFunction.xml (RunModel)" time="0.023" />
  <testcase classname="ptolemy.util.test.junit.AutoTests" name="[391] /home/travis/build/icyphy/ptII/ptolemy/actor/lib/test/auto/Uniform.xml (RunModel)" time="0.011" />
  <testcase classname="ptolemy.util.test.junit.AutoTests" name="[392] /home/travis/build/icyphy/ptII/ptolemy/actor/lib/test/auto/UnionDisassemblerTest.xml (RunModel)" time="0.008" />
  <testcase classname="ptolemy.util.test.junit.AutoTests" name="[393] /home/travis/build/icyphy/ptII/ptolemy/actor/lib/test/auto/UtilityFunctions.xml (RunModel)" time="0.008" />
  <testcase classname="ptolemy.util.test.junit.AutoTests" name="[394] /home/travis/build/icyphy/ptII/ptolemy/actor/lib/test/auto/VariableSleep.xml (RunModel)" time="0.513" />
  <testcase classname="ptolemy.util.test.junit.AutoTests" name="[395] /home/travis/build/icyphy/ptII/ptolemy/actor/lib/test/auto/VectorAssemblerDisassemblerCT.xml (RunModel)" time="0.121" />
  <testcase classname="ptolemy.util.test.junit.AutoTests" name="[396] /home/travis/build/icyphy/ptII/ptolemy/actor/lib/test/auto/VectorAssemblerDisassemblerDE.xml (RunModel)" time="0.015" />
  <testcase classname="ptolemy.util.test.junit.AutoTests" name="[397] /home/travis/build/icyphy/ptII/ptolemy/actor/lib/test/auto/VectorAssemblerDisassemblerSDF.xml (RunModel)" time="0.013" />
  <testcase classname="ptolemy.util.test.junit.AutoTests" name="[398] /home/travis/build/icyphy/ptII/ptolemy/actor/lib/test/auto/WallClockTime.xml (RunModel)" time="1.013" />
  <testcase classname="ptolemy.util.test.junit.AutoTests" name="[399] /home/travis/build/icyphy/ptII/ptolemy/actor/lib/test/auto/WidthTestWithSubscriberPublisher.xml (RunModel)" time="0.043" />
  <testcase classname="ptolemy.util.test.junit.AutoTests" name="[400] /home/travis/build/icyphy/ptII/ptolemy/actor/lib/test/auto/WidthTestWithSubscriberPublisher2.xml (RunModel)" time="0.018" />
  <testcase classname="ptolemy.util.test.junit.AutoTests" name="[401] /home/travis/build/icyphy/ptII/ptolemy/actor/lib/test/auto/WidthTestWithSubscriberPublisher3.xml (RunModel)" time="0.01" />
  <testcase classname="ptolemy.util.test.junit.AutoTests" name="[402] /home/travis/build/icyphy/ptII/ptolemy/actor/lib/test/auto/Writer.xml (RunModel)" time="0.008" />
  <testcase classname="ptolemy.util.test.junit.AutoTests" name="[403] /home/travis/build/icyphy/ptII/ptolemy/actor/lib/test/auto/array.xml (RunModel)" time="0.008" />
  <testcase classname="ptolemy.util.test.junit.AutoTests" name="[404] /home/travis/build/icyphy/ptII/ptolemy/actor/lib/test/auto/array2.xml (RunModel)" time="0.009" />
  <testcase classname="ptolemy.util.test.junit.AutoTests" name="[405] /home/travis/build/icyphy/ptII/ptolemy/actor/lib/test/auto/arrayType.xml (RunModel)" time="0.009" />
  <testcase classname="ptolemy.util.test.junit.AutoTests" name="[406] /home/travis/build/icyphy/ptII/ptolemy/actor/lib/test/auto/arrayType10.xml (RunModel)" time="0.009" />
  <testcase classname="ptolemy.util.test.junit.AutoTests" name="[407] /home/travis/build/icyphy/ptII/ptolemy/actor/lib/test/auto/arrayType11.xml (RunModel)" time="0.009" />
  <testcase classname="ptolemy.util.test.junit.AutoTests" name="[408] /home/travis/build/icyphy/ptII/ptolemy/actor/lib/test/auto/arrayType12.xml (RunModel)" time="0.009" />
  <testcase classname="ptolemy.util.test.junit.AutoTests" name="[409] /home/travis/build/icyphy/ptII/ptolemy/actor/lib/test/auto/arrayType13.xml (RunModel)" time="0.009" />
  <testcase classname="ptolemy.util.test.junit.AutoTests" name="[410] /home/travis/build/icyphy/ptII/ptolemy/actor/lib/test/auto/arrayType14.xml (RunModel)" time="0.011" />
  <testcase classname="ptolemy.util.test.junit.AutoTests" name="[411] /home/travis/build/icyphy/ptII/ptolemy/actor/lib/test/auto/arrayType15.xml (RunModel)" time="0.01" />
  <testcase classname="ptolemy.util.test.junit.AutoTests" name="[412] /home/travis/build/icyphy/ptII/ptolemy/actor/lib/test/auto/arrayType16.xml (RunModel)" time="0.01" />
  <testcase classname="ptolemy.util.test.junit.AutoTests" name="[413] /home/travis/build/icyphy/ptII/ptolemy/actor/lib/test/auto/arrayType17.xml (RunModel)" time="0.01" />
  <testcase classname="ptolemy.util.test.junit.AutoTests" name="[414] /home/travis/build/icyphy/ptII/ptolemy/actor/lib/test/auto/arrayType18.xml (RunModel)" time="0.011" />
  <testcase classname="ptolemy.util.test.junit.AutoTests" name="[415] /home/travis/build/icyphy/ptII/ptolemy/actor/lib/test/auto/arrayType19.xml (RunModel)" time="0.008" />
  <testcase classname="ptolemy.util.test.junit.AutoTests" name="[416] /home/travis/build/icyphy/ptII/ptolemy/actor/lib/test/auto/arrayType2.xml (RunModel)" time="0.025" />
  <testcase classname="ptolemy.util.test.junit.AutoTests" name="[417] /home/travis/build/icyphy/ptII/ptolemy/actor/lib/test/auto/arrayType20.xml (RunModel)" time="0.008" />
  <testcase classname="ptolemy.util.test.junit.AutoTests" name="[418] /home/travis/build/icyphy/ptII/ptolemy/actor/lib/test/auto/arrayType21.xml (RunModel)" time="0.007" />
  <testcase classname="ptolemy.util.test.junit.AutoTests" name="[419] /home/travis/build/icyphy/ptII/ptolemy/actor/lib/test/auto/arrayType22.xml (RunModel)" time="0.008" />
  <testcase classname="ptolemy.util.test.junit.AutoTests" name="[420] /home/travis/build/icyphy/ptII/ptolemy/actor/lib/test/auto/arrayType23.xml (RunModel)" time="0.008" />
  <testcase classname="ptolemy.util.test.junit.AutoTests" name="[421] /home/travis/build/icyphy/ptII/ptolemy/actor/lib/test/auto/arrayType24.xml (RunModel)" time="0.008" />
  <testcase classname="ptolemy.util.test.junit.AutoTests" name="[422] /home/travis/build/icyphy/ptII/ptolemy/actor/lib/test/auto/arrayType25.xml (RunModel)" time="0.008" />
  <testcase classname="ptolemy.util.test.junit.AutoTests" name="[423] /home/travis/build/icyphy/ptII/ptolemy/actor/lib/test/auto/arrayType26.xml (RunModel)" time="0.008" />
  <testcase classname="ptolemy.util.test.junit.AutoTests" name="[424] /home/travis/build/icyphy/ptII/ptolemy/actor/lib/test/auto/arrayType27.xml (RunModel)" time="0.008" />
  <testcase classname="ptolemy.util.test.junit.AutoTests" name="[425] /home/travis/build/icyphy/ptII/ptolemy/actor/lib/test/auto/arrayType28.xml (RunModel)" time="0.009" />
  <testcase classname="ptolemy.util.test.junit.AutoTests" name="[426] /home/travis/build/icyphy/ptII/ptolemy/actor/lib/test/auto/arrayType3.xml (RunModel)" time="0.009" />
  <testcase classname="ptolemy.util.test.junit.AutoTests" name="[427] /home/travis/build/icyphy/ptII/ptolemy/actor/lib/test/auto/arrayType4.xml (RunModel)" time="0.008" />
  <testcase classname="ptolemy.util.test.junit.AutoTests" name="[428] /home/travis/build/icyphy/ptII/ptolemy/actor/lib/test/auto/arrayType5.xml (RunModel)" time="0.009" />
  <testcase classname="ptolemy.util.test.junit.AutoTests" name="[429] /home/travis/build/icyphy/ptII/ptolemy/actor/lib/test/auto/arrayType6.xml (RunModel)" time="0.008" />
  <testcase classname="ptolemy.util.test.junit.AutoTests" name="[430] /home/travis/build/icyphy/ptII/ptolemy/actor/lib/test/auto/arrayType7.xml (RunModel)" time="0.008" />
  <testcase classname="ptolemy.util.test.junit.AutoTests" name="[431] /home/travis/build/icyphy/ptII/ptolemy/actor/lib/test/auto/arrayType8.xml (RunModel)" time="0.009" />
  <testcase classname="ptolemy.util.test.junit.AutoTests" name="[432] /home/travis/build/icyphy/ptII/ptolemy/actor/lib/test/auto/arrayType9.xml (RunModel)" time="0.008" />
  <testcase classname="ptolemy.util.test.junit.AutoTests" name="[433] /home/travis/build/icyphy/ptII/ptolemy/actor/lib/test/auto/cast.xml (RunModel)" time="0.009" />
  <testcase classname="ptolemy.util.test.junit.AutoTests" name="[434] /home/travis/build/icyphy/ptII/ptolemy/actor/lib/test/auto/compositeMultiPort.xml (RunModel)" time="0.015" />
  <testcase classname="ptolemy.util.test.junit.AutoTests" name="[435] /home/travis/build/icyphy/ptII/ptolemy/actor/lib/test/auto/expressionCastInference.xml (RunModel)" time="0.007" />
  <testcase classname="ptolemy.util.test.junit.AutoTests" name="[436] /home/travis/build/icyphy/ptII/ptolemy/actor/lib/test/auto/expressionCastInference2.xml (RunModel)" time="0.007" />
  <testcase classname="ptolemy.util.test.junit.AutoTests" name="[437] /home/travis/build/icyphy/ptII/ptolemy/actor/lib/test/auto/expressionInference.xml (RunModel)" time="0.007" />
  <testcase classname="ptolemy.util.test.junit.AutoTests" name="[438] /home/travis/build/icyphy/ptII/ptolemy/actor/lib/test/auto/expression_bug.xml (RunModel)" time="0.007" />
  <testcase classname="ptolemy.util.test.junit.AutoTests" name="[439] /home/travis/build/icyphy/ptII/ptolemy/actor/lib/test/auto/factorial.xml (RunModel)" time="0.037" />
  <testcase classname="ptolemy.util.test.junit.AutoTests" name="[440] /home/travis/build/icyphy/ptII/ptolemy/actor/lib/test/auto/filterTest1.xml (RunModel)" time="0.012" />
  <testcase classname="ptolemy.util.test.junit.AutoTests" name="[441] /home/travis/build/icyphy/ptII/ptolemy/actor/lib/test/auto/funcApplyInConst.xml (RunModel)" time="0.006" />
  <testcase classname="ptolemy.util.test.junit.AutoTests" name="[442] /home/travis/build/icyphy/ptII/ptolemy/actor/lib/test/auto/funcApplyInExpr.xml (RunModel)" time="0.006" />
  <testcase classname="ptolemy.util.test.junit.AutoTests" name="[443] /home/travis/build/icyphy/ptII/ptolemy/actor/lib/test/auto/function.xml (RunModel)" time="0.007" />
  <testcase classname="ptolemy.util.test.junit.AutoTests" name="[444] /home/travis/build/icyphy/ptII/ptolemy/actor/lib/test/auto/function2.xml (RunModel)" time="0.009" />
  <testcase classname="ptolemy.util.test.junit.AutoTests" name="[445] /home/travis/build/icyphy/ptII/ptolemy/actor/lib/test/auto/function3.xml (RunModel)" time="0.008" />
  <testcase classname="ptolemy.util.test.junit.AutoTests" name="[446] /home/travis/build/icyphy/ptII/ptolemy/actor/lib/test/auto/functionClosureTest1.xml (RunModel)" time="0.01" />
  <testcase classname="ptolemy.util.test.junit.AutoTests" name="[447] /home/travis/build/icyphy/ptII/ptolemy/actor/lib/test/auto/functionClosureTest2.xml (RunModel)" time="0.006" />
  <testcase classname="ptolemy.util.test.junit.AutoTests" name="[448] /home/travis/build/icyphy/ptII/ptolemy/actor/lib/test/auto/functionClosureTest3.xml (RunModel)" time="0.009" />
  <testcase classname="ptolemy.util.test.junit.AutoTests" name="[449] /home/travis/build/icyphy/ptII/ptolemy/actor/lib/test/auto/functionClosureTest4.xml (RunModel)" time="0.012" />
  <testcase classname="ptolemy.util.test.junit.AutoTests" name="[450] /home/travis/build/icyphy/ptII/ptolemy/actor/lib/test/auto/functionClosureTest5.xml (RunModel)" time="0.01" />
  <testcase classname="ptolemy.util.test.junit.AutoTests" name="[451] /home/travis/build/icyphy/ptII/ptolemy/actor/lib/test/auto/functionClosureTest6.xml (RunModel)" time="0.008" />
  <testcase classname="ptolemy.util.test.junit.AutoTests" name="[452] /home/travis/build/icyphy/ptII/ptolemy/actor/lib/test/auto/functionsOnArcs.xml (RunModel)" time="0.012" />
  <testcase classname="ptolemy.util.test.junit.AutoTests" name="[453] /home/travis/build/icyphy/ptII/ptolemy/actor/lib/test/auto/functionsOnArcsHOF.xml (RunModel)" time="0.012" />
  <testcase classname="ptolemy.util.test.junit.AutoTests" name="[454] /home/travis/build/icyphy/ptII/ptolemy/actor/lib/test/auto/logic.xml (RunModel)" time="0.017" />
  <testcase classname="ptolemy.util.test.junit.AutoTests" name="[455] /home/travis/build/icyphy/ptII/ptolemy/actor/lib/test/auto/matrixType.xml (RunModel)" time="0.009" />
  <testcase classname="ptolemy.util.test.junit.AutoTests" name="[456] /home/travis/build/icyphy/ptII/ptolemy/actor/lib/test/auto/matrixType10.xml (RunModel)" time="0.009" />
  <testcase classname="ptolemy.util.test.junit.AutoTests" name="[457] /home/travis/build/icyphy/ptII/ptolemy/actor/lib/test/auto/matrixType11.xml (RunModel)" time="0.009" />
  <testcase classname="ptolemy.util.test.junit.AutoTests" name="[458] /home/travis/build/icyphy/ptII/ptolemy/actor/lib/test/auto/matrixType12.xml (RunModel)" time="0.01" />
  <testcase classname="ptolemy.util.test.junit.AutoTests" name="[459] /home/travis/build/icyphy/ptII/ptolemy/actor/lib/test/auto/matrixType13.xml (RunModel)" time="0.009" />
  <testcase classname="ptolemy.util.test.junit.AutoTests" name="[460] /home/travis/build/icyphy/ptII/ptolemy/actor/lib/test/auto/matrixType14.xml (RunModel)" time="0.009" />
  <testcase classname="ptolemy.util.test.junit.AutoTests" name="[461] /home/travis/build/icyphy/ptII/ptolemy/actor/lib/test/auto/matrixType2.xml (RunModel)" time="0.01" />
  <testcase classname="ptolemy.util.test.junit.AutoTests" name="[462] /home/travis/build/icyphy/ptII/ptolemy/actor/lib/test/auto/matrixType3.xml (RunModel)" time="0.008" />
  <testcase classname="ptolemy.util.test.junit.AutoTests" name="[463] /home/travis/build/icyphy/ptII/ptolemy/actor/lib/test/auto/matrixType4.xml (RunModel)" time="0.008" />
  <testcase classname="ptolemy.util.test.junit.AutoTests" name="[464] /home/travis/build/icyphy/ptII/ptolemy/actor/lib/test/auto/matrixType5.xml (RunModel)" time="0.008" />
  <testcase classname="ptolemy.util.test.junit.AutoTests" name="[465] /home/travis/build/icyphy/ptII/ptolemy/actor/lib/test/auto/matrixType6.xml (RunModel)" time="0.008" />
  <testcase classname="ptolemy.util.test.junit.AutoTests" name="[466] /home/travis/build/icyphy/ptII/ptolemy/actor/lib/test/auto/matrixType7.xml (RunModel)" time="0.008" />
  <testcase classname="ptolemy.util.test.junit.AutoTests" name="[467] /home/travis/build/icyphy/ptII/ptolemy/actor/lib/test/auto/matrixType8.xml (RunModel)" time="0.009" />
  <testcase classname="ptolemy.util.test.junit.AutoTests" name="[468] /home/travis/build/icyphy/ptII/ptolemy/actor/lib/test/auto/matrixType9.xml (RunModel)" time="0.009" />
  <testcase classname="ptolemy.util.test.junit.AutoTests" name="[469] /home/travis/build/icyphy/ptII/ptolemy/actor/lib/test/auto/paraFunctest.xml (RunModel)" time="0.006" />
  <testcase classname="ptolemy.util.test.junit.AutoTests" name="[470] /home/travis/build/icyphy/ptII/ptolemy/actor/lib/test/auto/paraFunctest2.xml (RunModel)" time="0.007" />
  <testcase classname="ptolemy.util.test.junit.AutoTests" name="[471] /home/travis/build/icyphy/ptII/ptolemy/actor/lib/test/auto/parameterPassing.xml (RunModel)" time="0.009" />
  <testcase classname="ptolemy.util.test.junit.AutoTests" name="[472] /home/travis/build/icyphy/ptII/ptolemy/actor/lib/test/auto/record.xml (RunModel)" time="0.008" />
  <testcase classname="ptolemy.util.test.junit.AutoTests" name="[473] /home/travis/build/icyphy/ptII/ptolemy/actor/lib/test/auto/sizedarray1.xml (RunModel)" time="0.009" />
  <testcase classname="ptolemy.util.test.junit.AutoTests" name="[474] /home/travis/build/icyphy/ptII/ptolemy/actor/lib/test/auto/sizedarray2.xml (RunModel)" time="0.009" />
  <testcase classname="ptolemy.util.test.junit.AutoTests" name="[475] /home/travis/build/icyphy/ptII/ptolemy/actor/lib/test/auto/twoPublishers.xml (RunModel)" time="0.019" />
  <system-out><![CDATA[/home/travis/build/icyphy/ptII/ptolemy/actor/lib/test/AbsoluteValue.tcl
testDefs.tcl: setting time out to 9000 seconds at Thu Jun 28 01:27:46 UTC 2018
88 ms. Memory: 116224K Free: 106798K (92%)
9 ms. Memory: 116224K Free: 105606K (91%)
4 ms. Memory: 116224K Free: 105010K (90%)
5 ms. Memory: 116224K Free: 103819K (89%)
/home/travis/build/icyphy/ptII/ptolemy/actor/lib/test/AddSubtract.tcl
16 ms. Memory: 116224K Free: 102000K (88%)
12 ms. Memory: 116224K Free: 100785K (87%)
5 ms. Memory: 116224K Free: 100189K (86%)
6 ms. Memory: 116224K Free: 99586K (86%)
9 ms. Memory: 116224K Free: 98966K (85%)
12 ms. Memory: 116224K Free: 98331K (85%)
/home/travis/build/icyphy/ptII/ptolemy/actor/lib/test/Average.tcl
6 ms. Memory: 116224K Free: 96512K (83%)
10 ms. Memory: 116224K Free: 95305K (82%)
/home/travis/build/icyphy/ptII/ptolemy/actor/lib/test/Bernoulli.tcl
8 ms. Memory: 116224K Free: 93478K (80%)
2 ms. Memory: 116224K Free: 92874K (80%)
/home/travis/build/icyphy/ptII/ptolemy/actor/lib/test/Clock.tcl
preinitializing
resolving types
initializing
executing number 1
wrapping up
idle
10 ms. Memory: 116224K Free: 90476K (78%)
Completed execution with 5 iterations
preinitializing
resolving types
initializing
executing number 1
wrapping up
idle
3 ms. Memory: 116224K Free: 89840K (77%)
Completed execution with 5 iterations
preinitializing
resolving types
initializing
executing number 1
wrapping up
idle
3 ms. Memory: 116224K Free: 89236K (77%)
Completed execution with 5 iterations
/home/travis/build/icyphy/ptII/ptolemy/actor/lib/test/Commutator.tcl
10 ms. Memory: 116224K Free: 87418K (75%)
13 ms. Memory: 116224K Free: 86211K (74%)
20 ms. Memory: 116224K Free: 81921K (70%)
/home/travis/build/icyphy/ptII/ptolemy/actor/lib/test/Const.tcl
12 ms. Memory: 146944K Free: 138745K (94%)
1 ms. Memory: 146944K Free: 138745K (94%)
4 ms. Memory: 146944K Free: 138745K (94%)
2 ms. Memory: 146944K Free: 137556K (94%)
6 ms. Memory: 146944K Free: 137556K (94%)
23 ms. Memory: 146944K Free: 135177K (92%)
4 ms. Memory: 146944K Free: 133988K (91%)
3 ms. Memory: 146944K Free: 133988K (91%)
/home/travis/build/icyphy/ptII/ptolemy/actor/lib/test/CurrentTime.tcl
preinitializing
resolving types
initializing
executing number 1
wrapping up
idle
6 ms. Memory: 146944K Free: 131610K (90%)
Completed execution with 11 iterations
/home/travis/build/icyphy/ptII/ptolemy/actor/lib/test/DB.tcl
5 ms. Memory: 146944K Free: 129216K (88%)
4 ms. Memory: 146944K Free: 129216K (88%)
2 ms. Memory: 146944K Free: 129216K (88%)
/home/travis/build/icyphy/ptII/ptolemy/actor/lib/test/DiscreteRandomSource.tcl
preinitializing
resolving types
initializing
executing number 1
wrapping up
idle
5 ms. Memory: 146944K Free: 126822K (86%)
Completed execution with 4 iterations
preinitializing
resolving types
initializing
executing number 1
wrapping up
idle
9 ms. Memory: 146944K Free: 126822K (86%)
Completed execution with 4 iterations
preinitializing
resolving types
initializing
executing number 1
wrapping up
idle
3 ms. Memory: 146944K Free: 126822K (86%)
Completed execution with 4 iterations
preinitializing
resolving types
initializing
executing number 1
wrapping up
idle
3 ms. Memory: 146944K Free: 125633K (85%)
Completed execution with 4 iterations
preinitializing
resolving types
initializing
executing number 1
wrapping up
idle
5 ms. Memory: 146944K Free: 125633K (85%)
Completed execution with 4 iterations
/home/travis/build/icyphy/ptII/ptolemy/actor/lib/test/Distributor.tcl
4 ms. Memory: 146944K Free: 123255K (84%)
8 ms. Memory: 146944K Free: 123255K (84%)
StreamChangeRequest.changeExecuted(): <deleteEntity name="rec2"/> succeeded
StreamChangeRequest.changeExecuted(): <deleteRelation name="r2"/> succeeded
StreamChangeRequest.changeExecuted(): Record firings per iteration succeeded
11 ms. Memory: 146944K Free: 120877K (82%)
/home/travis/build/icyphy/ptII/ptolemy/actor/lib/test/Exit.tcl
Exit.tcl: this will print a message about Manager.exitAfterWrapup, which can be ignored.
7 ms. Memory: 146944K Free: 116688K (79%)
/home/travis/build/icyphy/ptII/ptolemy/actor/lib/test/Expression.tcl
6 ms. Memory: 146944K Free: 114270K (78%)
12 ms. Memory: 146944K Free: 113082K (77%)
2 ms. Memory: 146944K Free: 113082K (77%)
preinitializing
resolving types
initializing
executing number 1
wrapping up
idle
10 ms. Memory: 146944K Free: 110704K (75%)
Completed execution with 6 iterations
3 ms. Memory: 146944K Free: 110704K (75%)
3 ms. Memory: 146944K Free: 109515K (75%)
4 ms. Memory: 146944K Free: 108326K (74%)
4 ms. Memory: 146944K Free: 107137K (73%)
4 ms. Memory: 146944K Free: 105948K (72%)
/home/travis/build/icyphy/ptII/ptolemy/actor/lib/test/Gaussian.tcl
6 ms. Memory: 146944K Free: 103570K (70%)
sleeping 1 seconds: ..........................................................................................................................................................................................................................................................................................................................................................................................................................................................................................................................................................................................................................................................................................................................................................................................................................................................................................................................................................................................................................................................................................................................................................................................................................................................................................................................................................................................................................................................................................................................................................................................................................................................................................................................................................................................................................................................................................................................................................................................................................................................................................................................................................................................................................................................................................................................................................................................................................................................................................................................................................................................................................................................................................................................................................................................................................................................................................................................................................................................................................................................................................................................................................................................................................................................................................................................................................................................................................................................................................................................................................................................................................................................................................................................................................................................................................................................................................................................................................................................................................................................................................................................................................................................................................................................................................................................................................................................................................................................................................................................................................................................................................................................................................................................................................................................................................................................................................................................................................................................................................................................................................................................................................................................................................................................................................................................................................................................................................................................................................................................................................................................................................................................................................................................................................................................................................................................................................................................................................................................................................................................................................................................................................................................................................................................................................................................................................................................................................................................................................................................................................................................................................................................................................................................................................................................................................................................................................................................................................................................................................................................................................................................................................................................................................................................................................................................................................................................................................................................................................................................................................................................................................................................................................................................................................................................................................................................................................................................................................................................................................................................................................................................................................................................................................................................................................................................................................................................................................................................................................................................................................................................................................................................................................................................................................................................................................................................................................................................................................................................................................................................................................................................................................................................................................................................................................................................................................................................................................................................................................................................................................................................................................................................................................................................................................................................................................................................................................................................................................................................................................................................................................................................................................................................................................................................................................................................................................................................................................................................................................................................................................................................................................................................................................................................................................................................................................................................................................................................................................................................................................................................................................................................................................................................................................................................................................................................................................................................................................................................................................................................................................................................................................................................................................................................................................................................................................................................................................................................................................................................................................................................................................................................................................................................................................................................................................................................................................................................................................................................................................................................................................................................................................................................................................................................................................................................................................................................................................................................................................................................................................................................................................................................................................................................................................................................................................................................................................................................................................................................................................................................................................................................................................................................................................................................................................................................................................................................................................................................................................................................................................................................................................................................................................................................................................................................................................................................................................................................................................................................................................................................................................................................................................................................................................................................................................................................................................................................................................................................................................................................................................................................................................................................................................................................................................................................................................................................................................................................................................................................................................................................................................................................................................................................................................................................................................................................................................................................................................................................................................................................................................................................................................................................................................................................................................................................................................................................................................................................................................................................................................................................................................................................................................................................................................................................................................................................................................................................................................................................................................................................................................................................................................................................................................................................................................................................................................................................................................................................................................................................................................................................................................................................................................................................................................................................................................................................................................................................................................................................................................................................................................................................................................................................................................................................................................................................................................................................................................................................................................................................................................................................................................................................................................................................................................................................................................................................................................................................................................................................................................................................................................................................................................................................................................................................................................................................................................................................................................................................................................................................................................................................................................................................................................................................................................................................................................................................................................................................................................................................................................................................................................................................................................................................................................................................................................................................................................................................................................................................................................................................................................................................................................................................................................................................................................................................................................................................................................................................................................................................................................................................................................................................................................................................................................................................................................................................................................................................................................................................................................................................................................................................................................................................................................................................................................................................................................................................................................................................................................................................................................................................................................................................................................................................................................................................................................................................................................................................................................................................................................................................................................................................................................................................................................................................................................................................................................................................................................................................................................................................................................................................................................................................................................................................................................................................................................................................................................................................................................................................................................................................................................................................................................................................................................................................................................................................................................................................................................................................................................................................................................................................................................................................................................................................................................................................................................................................................................................................................................................................................................................................................................................................................................................................................................................................................................................................................................................................................................................................................................................................................................................................................................................................................................................................................................................................................................................................................................................................................................................................................................................................................................................................................................................................................................................................................................................................................................................................................................................................................................................................................................................................................................................................................................................................................................................................................................................................................................................................................................................................................................................................................................................................................................................................................................................................................................................................................................................................................................................................................................................................................................................................................................................................................................................................................................................................................................................................................................................................................................................................................................................................................................................................................................................................................................................................................................................................................................................................................................................................................................................................................................................................................................................................................................................................................................................................................................................................................................................................................................................................................................................................................................................................................................................................................................................................................................................................................................................................................................................................................................................................................................................................................................................................................................................................................................................................................................................................................................................................................................................................................................................................................................................................................................................................................................................................................................................................................................................................................................................................................................................................................................................................................................................................................................................................................................................................................................................................................................................................................................................................................................................................................................................................................................................................................................................................................................................................................................................................................................................................................................................................................................................................................................................................................................................................................................................................................................................................................................................................................................................................................................................................................................................................................................................................................................................................................................................................................................................................................................................................................................................................................................................................................................................................................................................................................................................................................................................................................................................................................................................................................................................................................................................................................................................................................................................................................................................................................................................................................................................................................................................................................................................................................................................................................................................................................................................................................................................................................................................................................................................................................................................................................................................................................................................................................................................................................................................................................................................................................................................................................................................................................................................................................................................................................................................................................................................................................................................................................................................................................................................................................................................................................................................................................................................................................................................................................................................................................................................................................................................................................................................................................................................................................................................................................................................................................................................................................................................................................................................................................................................................................................................................................................................................................................................................................................................................................................................................................................................................................................................................................................................................................................................................................................................................................................................................................................................................................................................................................................................................................................................................................................................................................................................................................................................................................................................................................................................................................................................................................................................................................................................................................................................................................................................................................................................................................................................................................................................................................................................................................................................................................................................................................................................................................................................................................................................................................................................................................................................................................................................................................................................................................................................................................................................................................................................................................................................................................................................................................................................................................................................................................................................................................................................................................................................................................................................................................................................................................................................................................................................................................................................................................................................................................................................................................................................................................................................................................................................................................................................................................................................................................................................................................................................................................................................................................................................................................................................................................................................................................................................................................................................................................................................................................................................................................................................................................................................................................................................................................................................................................................................................................................................................................................................................................................................................................................................................................................................................................................................................................................................................................................................................................................................................................................................................................................................................................................................................................................................................................................................................................................................................................................................................................................................................................................................................................................................................................................................................................................................................................................................................................................................................................................................................................................................................................................................................................................................................................................................................................................................................................................................................................................................................................................................................................................................................................................................................................................................................................................................................................................................................................................................................................................................................................................................................................................................................................................................................................................................................................................................................................................................................................................................................................................................................................................................................................................................................................................................................................................................................................................................................................................................................................................................................................................................................................................................................................................................................................................................................................................................................................................................................................................................................................................................................................................................................................................................................................................................................................................................................................................................................................................................................................................................................................................................................................................................................................................................................................................................................................................................................................................................................................................................................................................................................................................................................................................................................................................................................................................................................................................................................................................................................................................................................................................................................................................................................................................................................................................................................................................................................................................................................................................................................................................................................................................................................................................................................................................................................................................................................................................................................................................................................................................................................................................................................................................................................................................................................................................................................................................................................................................................................................................................................................................................................................................................................................................................................................................................................................................................................................................................................................................................................................................................................................................................................................................................................................................................................................................................................................................................................................................................................................................................................................................................................................................................................................................................................................................................................................................................................................................................................................................................................................................................................................................................................................................................................................................................................................................................................................................................................................................................................................2 ms. Memory: 208384K Free: 90294K (43%)
2 ms. Memory: 208384K Free: 87890K (42%)
1 ms. Memory: 208384K Free: 87890K (42%)
1 ms. Memory: 208384K Free: 87890K (42%)
1 ms. Memory: 208384K Free: 87890K (42%)
/home/travis/build/icyphy/ptII/ptolemy/actor/lib/test/IIR.tcl
/home/travis/build/icyphy/ptII/ptolemy/actor/lib/test/Interpolator.tcl
3 ms. Memory: 208384K Free: 82562K (40%)
2 ms. Memory: 208384K Free: 82562K (40%)
1 ms. Memory: 208384K Free: 82562K (40%)
6 ms. Memory: 208384K Free: 80414K (39%)
2 ms. Memory: 208384K Free: 80414K (39%)
1 ms. Memory: 208384K Free: 80414K (39%)
2 ms. Memory: 208384K Free: 200254K (96%)
2 ms. Memory: 208384K Free: 200254K (96%)
2 ms. Memory: 208384K Free: 197834K (95%)
2 ms. Memory: 208384K Free: 197834K (95%)
/home/travis/build/icyphy/ptII/ptolemy/actor/lib/test/MathFunction.tcl
4 ms. Memory: 208384K Free: 195415K (94%)
2 ms. Memory: 208384K Free: 195415K (94%)
2 ms. Memory: 208384K Free: 192996K (93%)
2 ms. Memory: 208384K Free: 192996K (93%)
4 ms. Memory: 208384K Free: 190577K (91%)
5 ms. Memory: 208384K Free: 190577K (91%)
/home/travis/build/icyphy/ptII/ptolemy/actor/lib/test/Maximum.tcl
3 ms. Memory: 208384K Free: 188157K (90%)
2 ms. Memory: 208384K Free: 185738K (89%)
2 ms. Memory: 208384K Free: 185738K (89%)
2 ms. Memory: 208384K Free: 185738K (89%)
/home/travis/build/icyphy/ptII/ptolemy/actor/lib/test/Minimum.tcl
2 ms. Memory: 208384K Free: 183319K (88%)
1 ms. Memory: 208384K Free: 183319K (88%)
2 ms. Memory: 208384K Free: 183319K (88%)
1 ms. Memory: 208384K Free: 180900K (87%)
/home/travis/build/icyphy/ptII/ptolemy/actor/lib/test/MultiplyDivide.tcl
4 ms. Memory: 208384K Free: 180900K (87%)
2 ms. Memory: 208384K Free: 178480K (86%)
2 ms. Memory: 208384K Free: 178480K (86%)
2 ms. Memory: 208384K Free: 178480K (86%)
2 ms. Memory: 208384K Free: 176061K (84%)
/home/travis/build/icyphy/ptII/ptolemy/actor/lib/test/OrderedMerge.tcl
Connections changed on port: inputA
Connections changed on port: inputB
Connections changed on port: output
Connections changed on port: output
Connections changed on port: output
Connections changed on port: input
.top. Preinitializing ...
Invoking preinitialize():  .top.OrderedMerge
Called preinitialize()
Invoking preinitialize():  .top.Ramp
Called preinitialize()
Invoking preinitialize():  .top.Ramp2
Called preinitialize()
Invoking preinitialize():  .top.Test
Called preinitialize()
Connections changed on port: inputA
Connections changed on port: output
Connections changed on port: inputB
Connections changed on port: output
Connections changed on port: output
Connections changed on port: input
.top. Finished preinitialize().
Called initialize().
Invoking initialize():  .top.OrderedMerge
Initializing actor: .top.OrderedMerge
Adding a thread: .top.OrderedMerge
Invoking initialize():  .top.Ramp
Initializing actor: .top.Ramp
Adding a thread: .top.Ramp
Invoking initialize():  .top.Ramp2
Initializing actor: .top.Ramp2
Adding a thread: .top.Ramp2
Invoking initialize():  .top.Test
Initializing actor: .top.Test
Adding a thread: .top.Test
-- Starting thread.
Called initialize()
Called prefire()
Called fire()
-- Starting thread.
Called initialize()
Called prefire()
Called fire()
Called postfire()
Called prefire()
Called fire()
-- Starting thread.
Called initialize()
Called prefire()
Called fire()
Called postfire()
Called prefire()
Called fire()
Called fire().
Checking for deadlock:
There are 3 Blocked actors, 0 Stopped actors, and 4 active threads.
Waiting for actors to stop.
-- Starting thread.
Called initialize()
Called prefire()
Called fire()
Checking for deadlock:
There are 2 Blocked actors, 0 Stopped actors, and 4 active threads.
Waiting for actors to stop.
Called postfire()
Called prefire()
Called fire()
Checking for deadlock:
There are 3 Blocked actors, 0 Stopped actors, and 4 active threads.
Waiting for actors to stop.
Read input token from inputA with value 0.0
Next port to read input from is inputB
Called postfire()
Called prefire()
Called fire()
Checking for deadlock:
There are 2 Blocked actors, 0 Stopped actors, and 4 active threads.
Waiting for actors to stop.
Called postfire()
Called prefire()
Called fire()
Checking for deadlock:
There are 3 Blocked actors, 0 Stopped actors, and 4 active threads.
Waiting for actors to stop.
Read input token from inputB with value 0.0
Checking for deadlock:
There are 2 Blocked actors, 0 Stopped actors, and 4 active threads.
Waiting for actors to stop.
-- Read input: 0.0, which is expected to match: 0.0
Called prefire()
Called fire()
Checking for deadlock:
There are 3 Blocked actors, 0 Stopped actors, and 4 active threads.
Waiting for actors to stop.
Sent output token with value 0.0
Next port to read input from is inputA
Called postfire()
Called prefire()
Called fire()
Called postfire()
Called prefire()
Called fire()
Checking for deadlock:
There are 3 Blocked actors, 0 Stopped actors, and 4 active threads.
Waiting for actors to stop.
Read input token from inputA with value 1.0
-- Read input: 0.0, which is expected to match: 0.0
Called prefire()
Called fire()
Checking for deadlock:
There are 3 Blocked actors, 0 Stopped actors, and 4 active threads.
Waiting for actors to stop.
Sent output token with value 0.0
Next port to read input from is inputB
Called postfire()
Called prefire()
Called fire()
Checking for deadlock:
There are 2 Blocked actors, 0 Stopped actors, and 4 active threads.
Waiting for actors to stop.
Called postfire()
Called prefire()
Called fire()
Checking for deadlock:
There are 3 Blocked actors, 0 Stopped actors, and 4 active threads.
Waiting for actors to stop.
Read input token from inputB with value 1.5
Checking for deadlock:
There are 2 Blocked actors, 0 Stopped actors, and 4 active threads.
Waiting for actors to stop.
-- Read input: 1.0, which is expected to match: 1.0
Called prefire()
Called fire()
Checking for deadlock:
There are 3 Blocked actors, 0 Stopped actors, and 4 active threads.
Waiting for actors to stop.
Sent output token with value 1.0
Next port to read input from is inputA
Called postfire()
Called prefire()
Called fire()
Called postfire()
Called prefire()
Called fire()
Checking for deadlock:
There are 3 Blocked actors, 0 Stopped actors, and 4 active threads.
Waiting for actors to stop.
Read input token from inputA with value 2.0
-- Read input: 1.5, which is expected to match: 1.5
Called prefire()
Called fire()
Checking for deadlock:
There are 3 Blocked actors, 0 Stopped actors, and 4 active threads.
Waiting for actors to stop.
Sent output token with value 1.5
Next port to read input from is inputB
Called postfire()
Called prefire()
Called fire()
Checking for deadlock:
There are 2 Blocked actors, 0 Stopped actors, and 4 active threads.
Waiting for actors to stop.
Called postfire()
Called prefire()
Called fire()
Checking for deadlock:
There are 3 Blocked actors, 0 Stopped actors, and 4 active threads.
Waiting for actors to stop.
Read input token from inputB with value 3.0
Checking for deadlock:
There are 2 Blocked actors, 0 Stopped actors, and 4 active threads.
Waiting for actors to stop.
-- Read input: 2.0, which is expected to match: 2.0
Called prefire()
Called fire()
Checking for deadlock:
There are 3 Blocked actors, 0 Stopped actors, and 4 active threads.
Waiting for actors to stop.
Sent output token with value 2.0
Next port to read input from is inputA
Called postfire()
Called prefire()
Called fire()
Called postfire()
Called prefire()
Called fire()
Checking for deadlock:
There are 3 Blocked actors, 0 Stopped actors, and 4 active threads.
Waiting for actors to stop.
Read input token from inputA with value 3.0
-- Read input: 3.0, which is expected to match: 3.0
Called prefire()
Called fire()
Checking for deadlock:
There are 3 Blocked actors, 0 Stopped actors, and 4 active threads.
Waiting for actors to stop.
Sent output token with value 3.0
Next port to read input from is inputB
Called postfire()
Called prefire()
Called fire()
Checking for deadlock:
There are 2 Blocked actors, 0 Stopped actors, and 4 active threads.
Waiting for actors to stop.
Called postfire()
Called prefire()
Called fire()
Checking for deadlock:
There are 3 Blocked actors, 0 Stopped actors, and 4 active threads.
Waiting for actors to stop.
Read input token from inputB with value 4.5
Checking for deadlock:
There are 2 Blocked actors, 0 Stopped actors, and 4 active threads.
Waiting for actors to stop.
-- Read input: 3.0, which is expected to match: 3.0
Called prefire()
Called fire()
Checking for deadlock:
There are 3 Blocked actors, 0 Stopped actors, and 4 active threads.
Waiting for actors to stop.
Sent output token with value 3.0
Next port to read input from is inputA
Called postfire()
Called prefire()
Called fire()
Called postfire()
Called prefire()
Called fire()
Checking for deadlock:
There are 3 Blocked actors, 0 Stopped actors, and 4 active threads.
Waiting for actors to stop.
Read input token from inputA with value 4.0
-- Read input: 4.0, which is expected to match: 4.0
Called prefire()
Called fire()
Past the end of training data. Read and discard all inputs.
Checking for deadlock:
There are 3 Blocked actors, 0 Stopped actors, and 4 active threads.
Waiting for actors to stop.
Sent output token with value 4.0
Next port to read input from is inputA
Called postfire()
Called prefire()
Called fire()
Called postfire()
Called prefire()
Called fire()
Checking for deadlock:
There are 3 Blocked actors, 0 Stopped actors, and 4 active threads.
Waiting for actors to stop.
Read input token from inputA with value 5.0
Called prefire()
Called fire()
Past the end of training data. Read and discard all inputs.
Checking for deadlock:
There are 3 Blocked actors, 0 Stopped actors, and 4 active threads.
Waiting for actors to stop.
Sent output token with value 4.5
Next port to read input from is inputB
Called postfire()
Called prefire()
Called fire()
Checking for deadlock:
There are 2 Blocked actors, 0 Stopped actors, and 4 active threads.
Waiting for actors to stop.
Called postfire()
Called prefire()
Called fire()
Checking for deadlock:
There are 3 Blocked actors, 0 Stopped actors, and 4 active threads.
Waiting for actors to stop.
Read input token from inputB with value 6.0
Checking for deadlock:
There are 2 Blocked actors, 0 Stopped actors, and 4 active threads.
Waiting for actors to stop.
Called prefire()
Called fire()
Past the end of training data. Read and discard all inputs.
Checking for deadlock:
There are 3 Blocked actors, 0 Stopped actors, and 4 active threads.
Waiting for actors to stop.
Sent output token with value 5.0
Next port to read input from is inputA
Called postfire()
Called prefire()
Called fire()
Called postfire()
Called prefire()
Called fire()
Checking for deadlock:
There are 3 Blocked actors, 0 Stopped actors, and 4 active threads.
Waiting for actors to stop.
Read input token from inputA with value 6.0
Called prefire()
Called fire()
Past the end of training data. Read and discard all inputs.
Checking for deadlock:
There are 3 Blocked actors, 0 Stopped actors, and 4 active threads.
Waiting for actors to stop.
Sent output token with value 6.0
Next port to read input from is inputB
Called postfire()
Called prefire()
Called fire()
Checking for deadlock:
There are 2 Blocked actors, 0 Stopped actors, and 4 active threads.
Waiting for actors to stop.
Called postfire()
Called prefire()
Called fire()
Checking for deadlock:
There are 3 Blocked actors, 0 Stopped actors, and 4 active threads.
Waiting for actors to stop.
Read input token from inputB with value 7.5
Checking for deadlock:
There are 2 Blocked actors, 0 Stopped actors, and 4 active threads.
Waiting for actors to stop.
Called prefire()
Called fire()
Past the end of training data. Read and discard all inputs.
Checking for deadlock:
There are 3 Blocked actors, 0 Stopped actors, and 4 active threads.
Waiting for actors to stop.
Sent output token with value 6.0
Next port to read input from is inputA
Called postfire()
Called prefire()
Called fire()
Called postfire()
Called prefire()
Called fire()
Checking for deadlock:
There are 3 Blocked actors, 0 Stopped actors, and 4 active threads.
Waiting for actors to stop.
Read input token from inputA with value 7.0
Called prefire()
Called fire()
Past the end of training data. Read and discard all inputs.
Checking for deadlock:
There are 3 Blocked actors, 0 Stopped actors, and 4 active threads.
Waiting for actors to stop.
Sent output token with value 7.0
Next port to read input from is inputA
Called postfire()
Called prefire()
Called fire()
-- Thread wrapup() called.
Called wrapup()
Thread .top.Ramp is exiting.
-- Thread stopped.
Checking for deadlock:
There are 2 Blocked actors, 0 Stopped actors, and 3 active threads.
Waiting for actors to stop.
Read input token from inputA with value 8.0
Called prefire()
Called fire()
Past the end of training data. Read and discard all inputs.
Checking for deadlock:
There are 2 Blocked actors, 0 Stopped actors, and 3 active threads.
Waiting for actors to stop.
Sent output token with value 7.5
Next port to read input from is inputB
Called postfire()
Called prefire()
Called fire()
Checking for deadlock:
There are 1 Blocked actors, 0 Stopped actors, and 3 active threads.
Waiting for actors to stop.
Called postfire()
Called prefire()
Called fire()
Checking for deadlock:
There are 2 Blocked actors, 0 Stopped actors, and 3 active threads.
Waiting for actors to stop.
Read input token from inputB with value 9.0
Checking for deadlock:
There are 1 Blocked actors, 0 Stopped actors, and 3 active threads.
Waiting for actors to stop.
Called prefire()
Called fire()
Past the end of training data. Read and discard all inputs.
Checking for deadlock:
There are 2 Blocked actors, 0 Stopped actors, and 3 active threads.
Waiting for actors to stop.
Sent output token with value 8.0
Next port to read input from is inputA
Called postfire()
Called prefire()
Called fire()
Read input token from inputA with value 9.0
Checking for deadlock:
There are 1 Blocked actors, 0 Stopped actors, and 3 active threads.
Waiting for actors to stop.
Called prefire()
Called fire()
Past the end of training data. Read and discard all inputs.
Checking for deadlock:
There are 2 Blocked actors, 0 Stopped actors, and 3 active threads.
Waiting for actors to stop.
Sent output token with value 9.0
Next port to read input from is inputB
Called postfire()
Called prefire()
Called fire()
Checking for deadlock:
There are 1 Blocked actors, 0 Stopped actors, and 3 active threads.
Waiting for actors to stop.
Called postfire()
Called prefire()
Called fire()
Checking for deadlock:
There are 2 Blocked actors, 0 Stopped actors, and 3 active threads.
Waiting for actors to stop.
Read input token from inputB with value 10.5
Checking for deadlock:
There are 1 Blocked actors, 0 Stopped actors, and 3 active threads.
Waiting for actors to stop.
Called prefire()
Called fire()
Past the end of training data. Read and discard all inputs.
Checking for deadlock:
There are 2 Blocked actors, 0 Stopped actors, and 3 active threads.
Waiting for actors to stop.
Sent output token with value 9.0
Next port to read input from is inputA
Called postfire()
Called prefire()
Called fire()
Checking for deadlock:
There are 3 Blocked actors, 0 Stopped actors, and 3 active threads.
Actors have stopped.
Checking for deadlock:
There are 3 Blocked actors, 0 Stopped actors, and 3 active threads.
Deadlock detected.
Resolving Deadlock
Checking for deadlock:
There are 3 Blocked actors, 0 Stopped actors, and 3 active threads.
Artificial Deadlock - increasing queue capacity.
increasing the capacity of receiver ptolemy.actor.TypedIOPort {.top.OrderedMerge.inputB} to 2
Director: Called postfire().
Called postfire().
_stopRequested = false
_stopFireRequested = false
Returning from postfire(): true
Called fire().
Checking for deadlock:
There are 2 Blocked actors, 0 Stopped actors, and 3 active threads.
Waiting for actors to stop.
-- Thread wrapup() called.
Called wrapup()
Thread .top.Ramp2 is exiting.
-- Thread stopped.
Checking for deadlock:
There are 2 Blocked actors, 0 Stopped actors, and 2 active threads.
Actors have stopped.
Checking for deadlock:
There are 2 Blocked actors, 0 Stopped actors, and 2 active threads.
Deadlock detected.
Resolving Deadlock
Checking for deadlock:
There are 2 Blocked actors, 0 Stopped actors, and 2 active threads.
Deadlock detected: no processes blocked on write, but some are blocked on read.
Called postfire().
_stopRequested = false
_stopFireRequested = false
Returning from postfire(): false
Finished deactivating branches.
Called wrapup().
-- Thread wrapup() called.
Called wrapup()
Thread .top.Test is exiting.
-- Thread stopped.
-- Blocked Receiver call threw TerminateProcessException.
-- Thread wrapup() called.
Called wrapup()
Thread .top.OrderedMerge is exiting.
30 ms. Memory: 208384K Free: 168727K (81%)
.top. Preinitializing ...
Invoking preinitialize():  .top.OrderedMerge
Called preinitialize()
Invoking preinitialize():  .top.Ramp
Called preinitialize()
Invoking preinitialize():  .top.Ramp2
Called preinitialize()
Invoking preinitialize():  .top.Test
Called preinitialize()
.top. Finished preinitialize().
Called initialize().
Invoking initialize():  .top.OrderedMerge
Initializing actor: .top.OrderedMerge
Adding a thread: .top.OrderedMerge
Invoking initialize():  .top.Ramp
Initializing actor: .top.Ramp
Adding a thread: .top.Ramp
Invoking initialize():  .top.Ramp2
Initializing actor: .top.Ramp2
Adding a thread: .top.Ramp2
Invoking initialize():  .top.Test
Initializing actor: .top.Test
Adding a thread: .top.Test
-- Thread stopped.
-- Blocked Receiver call threw TerminateProcessException.
-- Starting thread.
Called initialize()
Called prefire()
Called fire()
-- Starting thread.
Called initialize()
Called prefire()
Called fire()
Called postfire()
Called prefire()
Called fire()
-- Starting thread.
Called initialize()
Called prefire()
Called fire()
Called postfire()
Called prefire()
Called fire()
Called fire().
Checking for deadlock:
There are 3 Blocked actors, 0 Stopped actors, and 4 active threads.
Waiting for actors to stop.
-- Starting thread.
Called initialize()
Called prefire()
Called fire()
Checking for deadlock:
There are 2 Blocked actors, 0 Stopped actors, and 4 active threads.
Waiting for actors to stop.
Called postfire()
Called prefire()
Called fire()
Checking for deadlock:
There are 3 Blocked actors, 0 Stopped actors, and 4 active threads.
Waiting for actors to stop.
Read input token from inputA with value 0.0
Next port to read input from is inputB
Called postfire()
Called prefire()
Called fire()
Checking for deadlock:
There are 2 Blocked actors, 0 Stopped actors, and 4 active threads.
Waiting for actors to stop.
Called postfire()
Called prefire()
Called fire()
Checking for deadlock:
There are 3 Blocked actors, 0 Stopped actors, and 4 active threads.
Waiting for actors to stop.
Read input token from inputB with value 0.0
Checking for deadlock:
There are 2 Blocked actors, 0 Stopped actors, and 4 active threads.
Waiting for actors to stop.
-- Read input: 0.0, which is expected to match: 0.0
Called prefire()
Called fire()
Checking for deadlock:
There are 3 Blocked actors, 0 Stopped actors, and 4 active threads.
Waiting for actors to stop.
Sent output token with value 0.0
Next port to read input from is inputA
Called postfire()
Called prefire()
Called fire()
Checking for deadlock:
There are 2 Blocked actors, 0 Stopped actors, and 4 active threads.
Waiting for actors to stop.
Called postfire()
Called prefire()
Called fire()
Checking for deadlock:
There are 3 Blocked actors, 0 Stopped actors, and 4 active threads.
Waiting for actors to stop.
Read input token from inputA with value 1.0
Checking for deadlock:
There are 2 Blocked actors, 0 Stopped actors, and 4 active threads.
Waiting for actors to stop.
-- Read input: 0.0, which is expected to match: 0.0
Called prefire()
Called fire()
Checking for deadlock:
There are 3 Blocked actors, 0 Stopped actors, and 4 active threads.
Waiting for actors to stop.
Sent output token with value 0.0
Next port to read input from is inputB
Called postfire()
Called prefire()
Called fire()
Checking for deadlock:
There are 2 Blocked actors, 0 Stopped actors, and 4 active threads.
Waiting for actors to stop.
Called postfire()
Called prefire()
Called fire()
Checking for deadlock:
There are 3 Blocked actors, 0 Stopped actors, and 4 active threads.
Waiting for actors to stop.
Read input token from inputB with value 1.5
Checking for deadlock:
There are 2 Blocked actors, 0 Stopped actors, and 4 active threads.
Waiting for actors to stop.
-- Read input: 1.0, which is expected to match: 1.0
Called prefire()
Called fire()
Checking for deadlock:
There are 3 Blocked actors, 0 Stopped actors, and 4 active threads.
Waiting for actors to stop.
Sent output token with value 1.0
Next port to read input from is inputA
Called postfire()
Called prefire()
Called fire()
Checking for deadlock:
There are 2 Blocked actors, 0 Stopped actors, and 4 active threads.
Waiting for actors to stop.
Called postfire()
Called prefire()
Called fire()
Checking for deadlock:
There are 3 Blocked actors, 0 Stopped actors, and 4 active threads.
Waiting for actors to stop.
Read input token from inputA with value 2.0
Checking for deadlock:
There are 2 Blocked actors, 0 Stopped actors, and 4 active threads.
Waiting for actors to stop.
-- Read input: 1.5, which is expected to match: 1.5
Called prefire()
Called fire()
Checking for deadlock:
There are 3 Blocked actors, 0 Stopped actors, and 4 active threads.
Waiting for actors to stop.
Sent output token with value 1.5
Next port to read input from is inputB
Called postfire()
Called prefire()
Called fire()
Checking for deadlock:
There are 2 Blocked actors, 0 Stopped actors, and 4 active threads.
Waiting for actors to stop.
Called postfire()
Called prefire()
Called fire()
Checking for deadlock:
There are 3 Blocked actors, 0 Stopped actors, and 4 active threads.
Waiting for actors to stop.
Read input token from inputB with value 3.0
Checking for deadlock:
There are 2 Blocked actors, 0 Stopped actors, and 4 active threads.
Waiting for actors to stop.
-- Read input: 2.0, which is expected to match: 2.0
Called prefire()
Called fire()
Checking for deadlock:
There are 3 Blocked actors, 0 Stopped actors, and 4 active threads.
Waiting for actors to stop.
Sent output token with value 2.0
Next port to read input from is inputA
Called postfire()
Called prefire()
Called fire()
Checking for deadlock:
There are 2 Blocked actors, 0 Stopped actors, and 4 active threads.
Waiting for actors to stop.
Called postfire()
Called prefire()
Called fire()
Checking for deadlock:
There are 3 Blocked actors, 0 Stopped actors, and 4 active threads.
Waiting for actors to stop.
Read input token from inputA with value 3.0
Checking for deadlock:
There are 2 Blocked actors, 0 Stopped actors, and 4 active threads.
Waiting for actors to stop.
-- Read input: 3.0, which is expected to match: 3.0
Called prefire()
Called fire()
Checking for deadlock:
There are 3 Blocked actors, 0 Stopped actors, and 4 active threads.
Waiting for actors to stop.
Sent output token with value 3.0
Next port to read input from is inputB
Called postfire()
Called prefire()
Called fire()
Checking for deadlock:
There are 2 Blocked actors, 0 Stopped actors, and 4 active threads.
Waiting for actors to stop.
Called postfire()
Called prefire()
Called fire()
Checking for deadlock:
There are 3 Blocked actors, 0 Stopped actors, and 4 active threads.
Waiting for actors to stop.
Read input token from inputB with value 4.5
Checking for deadlock:
There are 2 Blocked actors, 0 Stopped actors, and 4 active threads.
Waiting for actors to stop.
-- Read input: 3.0, which is expected to match: 3.0
Called prefire()
Called fire()
Checking for deadlock:
There are 3 Blocked actors, 0 Stopped actors, and 4 active threads.
Waiting for actors to stop.
Sent output token with value 3.0
Next port to read input from is inputA
Called postfire()
Called prefire()
Called fire()
Checking for deadlock:
There are 2 Blocked actors, 0 Stopped actors, and 4 active threads.
Waiting for actors to stop.
Called postfire()
Called prefire()
Called fire()
Checking for deadlock:
There are 3 Blocked actors, 0 Stopped actors, and 4 active threads.
Waiting for actors to stop.
Read input token from inputA with value 4.0
Checking for deadlock:
There are 2 Blocked actors, 0 Stopped actors, and 4 active threads.
Waiting for actors to stop.
-- Read input: 4.0, which is expected to match: 4.0
Called prefire()
Called fire()
Past the end of training data. Read and discard all inputs.
Checking for deadlock:
There are 3 Blocked actors, 0 Stopped actors, and 4 active threads.
Waiting for actors to stop.
Sent output token with value 4.0
Next port to read input from is inputA
Called postfire()
Called prefire()
Called fire()
Checking for deadlock:
There are 2 Blocked actors, 0 Stopped actors, and 4 active threads.
Waiting for actors to stop.
Called postfire()
Called prefire()
Called fire()
Checking for deadlock:
There are 3 Blocked actors, 0 Stopped actors, and 4 active threads.
Waiting for actors to stop.
Read input token from inputA with value 5.0
Checking for deadlock:
There are 2 Blocked actors, 0 Stopped actors, and 4 active threads.
Waiting for actors to stop.
Called prefire()
Called fire()
Past the end of training data. Read and discard all inputs.
Checking for deadlock:
There are 3 Blocked actors, 0 Stopped actors, and 4 active threads.
Waiting for actors to stop.
Sent output token with value 4.5
Next port to read input from is inputB
Called postfire()
Called prefire()
Called fire()
Checking for deadlock:
There are 2 Blocked actors, 0 Stopped actors, and 4 active threads.
Waiting for actors to stop.
Called postfire()
Called prefire()
Called fire()
Checking for deadlock:
There are 3 Blocked actors, 0 Stopped actors, and 4 active threads.
Waiting for actors to stop.
Read input token from inputB with value 6.0
Checking for deadlock:
There are 2 Blocked actors, 0 Stopped actors, and 4 active threads.
Waiting for actors to stop.
Called prefire()
Called fire()
Past the end of training data. Read and discard all inputs.
Checking for deadlock:
There are 3 Blocked actors, 0 Stopped actors, and 4 active threads.
Waiting for actors to stop.
Sent output token with value 5.0
Next port to read input from is inputA
Called postfire()
Called prefire()
Called fire()
Checking for deadlock:
There are 2 Blocked actors, 0 Stopped actors, and 4 active threads.
Waiting for actors to stop.
Called postfire()
Called prefire()
Called fire()
Checking for deadlock:
There are 3 Blocked actors, 0 Stopped actors, and 4 active threads.
Waiting for actors to stop.
Read input token from inputA with value 6.0
Checking for deadlock:
There are 2 Blocked actors, 0 Stopped actors, and 4 active threads.
Waiting for actors to stop.
Called prefire()
Called fire()
Past the end of training data. Read and discard all inputs.
Checking for deadlock:
There are 3 Blocked actors, 0 Stopped actors, and 4 active threads.
Waiting for actors to stop.
Sent output token with value 6.0
Next port to read input from is inputB
Called postfire()
Called prefire()
Called fire()
Checking for deadlock:
There are 2 Blocked actors, 0 Stopped actors, and 4 active threads.
Waiting for actors to stop.
Called postfire()
Called prefire()
Called fire()
Checking for deadlock:
There are 3 Blocked actors, 0 Stopped actors, and 4 active threads.
Waiting for actors to stop.
Read input token from inputB with value 7.5
Checking for deadlock:
There are 2 Blocked actors, 0 Stopped actors, and 4 active threads.
Waiting for actors to stop.
Called prefire()
Called fire()
Past the end of training data. Read and discard all inputs.
Checking for deadlock:
There are 3 Blocked actors, 0 Stopped actors, and 4 active threads.
Waiting for actors to stop.
Sent output token with value 6.0
Next port to read input from is inputA
Called postfire()
Called prefire()
Called fire()
Called postfire()
Called prefire()
Called fire()
Checking for deadlock:
There are 3 Blocked actors, 0 Stopped actors, and 4 active threads.
Waiting for actors to stop.
Read input token from inputA with value 7.0
Called prefire()
Called fire()
Past the end of training data. Read and discard all inputs.
Checking for deadlock:
There are 3 Blocked actors, 0 Stopped actors, and 4 active threads.
Waiting for actors to stop.
Sent output token with value 7.0
Next port to read input from is inputA
Called postfire()
Called prefire()
Called fire()
-- Thread wrapup() called.
Called wrapup()
Thread .top.Ramp is exiting.
-- Thread stopped.
Checking for deadlock:
There are 2 Blocked actors, 0 Stopped actors, and 3 active threads.
Waiting for actors to stop.
Read input token from inputA with value 8.0
Called prefire()
Called fire()
Past the end of training data. Read and discard all inputs.
Checking for deadlock:
There are 2 Blocked actors, 0 Stopped actors, and 3 active threads.
Waiting for actors to stop.
Sent output token with value 7.5
Next port to read input from is inputB
Called postfire()
Called prefire()
Called fire()
Checking for deadlock:
There are 1 Blocked actors, 0 Stopped actors, and 3 active threads.
Waiting for actors to stop.
Called postfire()
Called prefire()
Called fire()
Checking for deadlock:
There are 2 Blocked actors, 0 Stopped actors, and 3 active threads.
Waiting for actors to stop.
Read input token from inputB with value 9.0
Checking for deadlock:
There are 1 Blocked actors, 0 Stopped actors, and 3 active threads.
Waiting for actors to stop.
Called prefire()
Called fire()
Past the end of training data. Read and discard all inputs.
Checking for deadlock:
There are 2 Blocked actors, 0 Stopped actors, and 3 active threads.
Waiting for actors to stop.
Sent output token with value 8.0
Next port to read input from is inputA
Called postfire()
Called prefire()
Called fire()
Read input token from inputA with value 9.0
Checking for deadlock:
There are 1 Blocked actors, 0 Stopped actors, and 3 active threads.
Waiting for actors to stop.
Called prefire()
Called fire()
Past the end of training data. Read and discard all inputs.
Checking for deadlock:
There are 2 Blocked actors, 0 Stopped actors, and 3 active threads.
Waiting for actors to stop.
Sent output token with value 9.0
Next port to read input from is inputB
Called postfire()
Called prefire()
Called fire()
Checking for deadlock:
There are 1 Blocked actors, 0 Stopped actors, and 3 active threads.
Waiting for actors to stop.
Called postfire()
Called prefire()
Called fire()
Checking for deadlock:
There are 2 Blocked actors, 0 Stopped actors, and 3 active threads.
Waiting for actors to stop.
Read input token from inputB with value 10.5
Checking for deadlock:
There are 1 Blocked actors, 0 Stopped actors, and 3 active threads.
Waiting for actors to stop.
Called prefire()
Called fire()
Past the end of training data. Read and discard all inputs.
Checking for deadlock:
There are 2 Blocked actors, 0 Stopped actors, and 3 active threads.
Waiting for actors to stop.
Sent output token with value 9.0
Next port to read input from is inputA
Called postfire()
Called prefire()
Called fire()
Checking for deadlock:
There are 3 Blocked actors, 0 Stopped actors, and 3 active threads.
Actors have stopped.
Checking for deadlock:
There are 3 Blocked actors, 0 Stopped actors, and 3 active threads.
Deadlock detected.
Resolving Deadlock
Checking for deadlock:
There are 3 Blocked actors, 0 Stopped actors, and 3 active threads.
Artificial Deadlock - increasing queue capacity.
increasing the capacity of receiver ptolemy.actor.TypedIOPort {.top.OrderedMerge.inputB} to 2
Director: Called postfire().
Called postfire().
_stopRequested = false
_stopFireRequested = false
Returning from postfire(): true
Called fire().
Checking for deadlock:
There are 2 Blocked actors, 0 Stopped actors, and 3 active threads.
Waiting for actors to stop.
-- Thread wrapup() called.
Called wrapup()
Thread .top.Ramp2 is exiting.
-- Thread stopped.
Checking for deadlock:
There are 2 Blocked actors, 0 Stopped actors, and 2 active threads.
Actors have stopped.
Checking for deadlock:
There are 2 Blocked actors, 0 Stopped actors, and 2 active threads.
Deadlock detected.
Resolving Deadlock
Checking for deadlock:
There are 2 Blocked actors, 0 Stopped actors, and 2 active threads.
Deadlock detected: no processes blocked on write, but some are blocked on read.
Called postfire().
_stopRequested = false
_stopFireRequested = false
Returning from postfire(): false
Finished deactivating branches.
Called wrapup().
-- Thread wrapup() called.
Called wrapup()
Thread .top.Test is exiting.
-- Thread stopped.
-- Blocked Receiver call threw TerminateProcessException.
-- Thread wrapup() called.
Called wrapup()
Thread .top.OrderedMerge is exiting.
10 ms. Memory: 208384K Free: 163811K (79%)
/home/travis/build/icyphy/ptII/ptolemy/actor/lib/test/Publisher.tcl
-- Thread stopped.
-- Blocked Receiver call threw TerminateProcessException.
13 ms. Memory: 208384K Free: 158957K (76%)
10 ms. Memory: 208384K Free: 151683K (73%)
5 ms. Memory: 208384K Free: 149264K (72%)
5 ms. Memory: 208384K Free: 146813K (70%)
3 ms. Memory: 208384K Free: 146813K (70%)
3 ms. Memory: 208384K Free: 144393K (69%)
2 ms. Memory: 208384K Free: 144393K (69%)
2 ms. Memory: 208384K Free: 144393K (69%)
1 ms. Memory: 208384K Free: 134716K (65%)
10 ms. Memory: 208384K Free: 129878K (62%)
3 ms. Memory: 208384K Free: 129878K (62%)
2 ms. Memory: 208384K Free: 127458K (61%)
6 ms. Memory: 208384K Free: 120201K (58%)
6 ms. Memory: 208384K Free: 110522K (53%)
6 ms. Memory: 208384K Free: 98426K (47%)
/home/travis/build/icyphy/ptII/ptolemy/actor/lib/test/Pulse.tcl
2 ms. Memory: 331776K Free: 296115K (89%)
1 ms. Memory: 331776K Free: 296115K (89%)
1 ms. Memory: 331776K Free: 296115K (89%)
1 ms. Memory: 331776K Free: 296115K (89%)
1 ms. Memory: 331776K Free: 296115K (89%)
1 ms. Memory: 331776K Free: 296115K (89%)
2 ms. Memory: 331776K Free: 296115K (89%)
1 ms. Memory: 331776K Free: 296115K (89%)
1 ms. Memory: 331776K Free: 291353K (88%)
/home/travis/build/icyphy/ptII/ptolemy/actor/lib/test/Ramp.tcl
2 ms. Memory: 331776K Free: 291353K (88%)
1 ms. Memory: 331776K Free: 291353K (88%)
1 ms. Memory: 331776K Free: 291353K (88%)
2 ms. Memory: 331776K Free: 286591K (86%)
3 ms. Memory: 331776K Free: 286591K (86%)
3 ms. Memory: 331776K Free: 286591K (86%)
4 ms. Memory: 331776K Free: 286591K (86%)
5 actors
4000 microseconds per iteration to create
5 ms. Memory: 331776K Free: 281829K (85%)
2 ms. Memory: 331776K Free: 281829K (85%)
2 ms. Memory: 331776K Free: 281829K (85%)
3 ms. Memory: 331776K Free: 281829K (85%)
50 actors
26000 microseconds per iteration to create
32 ms. Memory: 331776K Free: 267542K (81%)
6 ms. Memory: 331776K Free: 262780K (79%)
18 ms. Memory: 331776K Free: 262780K (79%)
14 ms. Memory: 331776K Free: 262780K (79%)
500 actors
1322000 microseconds per iteration to create
278 ms. Memory: 331776K Free: 95516K (29%)
67 ms. Memory: 331776K Free: 90754K (27%)
57 ms. Memory: 331776K Free: 85992K (26%)
59 ms. Memory: 331776K Free: 81230K (24%)
/home/travis/build/icyphy/ptII/ptolemy/actor/lib/test/RampContinuous.tcl
8 ms. Memory: 331776K Free: 81230K (24%)
/home/travis/build/icyphy/ptII/ptolemy/actor/lib/test/RecordAssembler.tcl
6 ms. Memory: 331776K Free: 79488K (24%)
34 ms. Memory: 332288K Free: 314848K (95%)
/home/travis/build/icyphy/ptII/ptolemy/actor/lib/test/RecordDisassembler.tcl
7 ms. Memory: 332288K Free: 314848K (95%)
7 ms. Memory: 332288K Free: 314848K (95%)
8 ms. Memory: 332288K Free: 314848K (95%)
/home/travis/build/icyphy/ptII/ptolemy/actor/lib/test/Scale.tcl
3 ms. Memory: 332288K Free: 310025K (93%)
1 ms. Memory: 332288K Free: 310025K (93%)
1 ms. Memory: 332288K Free: 310025K (93%)
4 ms. Memory: 332288K Free: 310025K (93%)
5 ms. Memory: 332288K Free: 310025K (93%)
/home/travis/build/icyphy/ptII/ptolemy/actor/lib/test/SequentialClock.tcl
preinitializing
resolving types
initializing
executing number 1
wrapping up
idle
4 ms. Memory: 332288K Free: 305217K (92%)
Completed execution with 5 iterations
preinitializing
resolving types
initializing
executing number 1
wrapping up
idle
3 ms. Memory: 332288K Free: 305217K (92%)
Completed execution with 5 iterations
preinitializing
resolving types
initializing
executing number 1
wrapping up
idle
1 ms. Memory: 332288K Free: 305217K (92%)
Completed execution with 5 iterations
/home/travis/build/icyphy/ptII/ptolemy/actor/lib/test/SetVariable.tcl
5 ms. Memory: 332288K Free: 305217K (92%)
/home/travis/build/icyphy/ptII/ptolemy/actor/lib/test/Sinewave.tcl
/home/travis/build/icyphy/ptII/ptolemy/actor/lib/test/SubscriptionAggregator.tcl
7 ms. Memory: 332288K Free: 290777K (88%)
2 ms. Memory: 332288K Free: 290777K (88%)
0 ms. Memory: 332288K Free: 290777K (88%)
0 ms. Memory: 332288K Free: 290777K (88%)
1 ms. Memory: 332288K Free: 285970K (86%)
11 ms. Memory: 332288K Free: 281146K (85%)
...............................................................913 ms. Memory: 577536K Free: 171755K (30%)
/home/travis/build/icyphy/ptII/ptolemy/actor/lib/test/Test.tcl
 The next command will produce a warning about training mode,
   which may be ignored.
4 ms. Memory: 577536K Free: 162131K (28%)
2 ms. Memory: 577536K Free: 162131K (28%)
1 ms. Memory: 577536K Free: 162131K (28%)
2 ms. Memory: 577536K Free: 162131K (28%)
3 ms. Memory: 577536K Free: 162131K (28%)
2 ms. Memory: 577536K Free: 162131K (28%)
3 ms. Memory: 577536K Free: 162131K (28%)
 The next command will produce a warning about training mode,
   which may be ignored.
4 ms. Memory: 577536K Free: 162131K (28%)
 The next command will produce a warning about training mode,
   which may be ignored.
2 ms. Memory: 577536K Free: 162131K (28%)
1 ms. Memory: 577536K Free: 162131K (28%)
1 ms. Memory: 577536K Free: 152507K (26%)
1 ms. Memory: 577536K Free: 152507K (26%)
1 ms. Memory: 577536K Free: 152507K (26%)
3 ms. Memory: 577536K Free: 152507K (26%)
/home/travis/build/icyphy/ptII/ptolemy/actor/lib/test/TestExceptionHandler.tcl
 The next command will produce a warning about training mode,
   which may be ignored.
1 ms. Memory: 577536K Free: 152507K (26%)
1 ms. Memory: 577536K Free: 152507K (26%)
1 ms. Memory: 577536K Free: 152507K (26%)
/home/travis/build/icyphy/ptII/ptolemy/actor/lib/test/UnionDisassembler.tcl
12 ms. Memory: 577536K Free: 142891K (25%)
/home/travis/build/icyphy/ptII/ptolemy/actor/lib/test/VariableClock.tcl
preinitializing
resolving types
initializing
executing number 1
wrapping up
idle
3 ms. Memory: 577536K Free: 142891K (25%)
Completed execution with 11 iterations
preinitializing
resolving types
initializing
executing number 1
wrapping up
idle
4 ms. Memory: 577536K Free: 133260K (23%)
Completed execution with 10 iterations
06/28/18 01:27:53
Failed: 0  Total Tests: 234  ((Passed: 234, Newly Passed: 0)  Known Failed: 0) /home/travis/build/icyphy/ptII/ptolemy/actor/lib/test
----------------- testing (KnownFailure) /home/travis/build/icyphy/ptII/ptolemy/actor/lib/test/auto/knownFailedTests/PublisherPortToplevelSubscriber.xml
1 ms. Memory: 577536K Free: 123511K (21%)
Known Failure: java.lang.reflect.InvocationTargetException
----------------- testing (KnownFailure) /home/travis/build/icyphy/ptII/ptolemy/actor/lib/test/auto/knownFailedTests/PublisherSubscriberPortToplevel.xml
1 ms. Memory: 577536K Free: 104014K (18%)
Known Failure: java.lang.reflect.InvocationTargetException
----------------- testing (KnownFailure) /home/travis/build/icyphy/ptII/ptolemy/actor/lib/test/auto/knownFailedTests/PublisherSubscriptionAggregatorPort.xml
2 ms. Memory: 577536K Free: 84517K (15%)
Known Failure: java.lang.reflect.InvocationTargetException
----------------- testing (KnownFailure) /home/travis/build/icyphy/ptII/ptolemy/actor/lib/test/auto/knownFailedTests/sizedarray3.xml
66 ms. Memory: 580608K Free: 541948K (93%)
Known Failure: java.lang.reflect.InvocationTargetException
No auto/linux-amd64/*.xml tests in /home/travis/build/icyphy/ptII/ptolemy/actor/lib/test
AutoTests.java: About to close Vertx.
AutoTests.java: Vertx closed.

===========================================================================================
----------------- testing Thu Jun 28 01:27:53 UTC 2018 /home/travis/build/icyphy/ptII/ptolemy/actor/lib/test/auto/AbsoluteValue.xml
----------------- Instantiating /home/travis/build/icyphy/ptII/ptolemy/actor/lib/test/auto/AbsoluteValue.xml
13 ms. Memory: 580608K Free: 471215K (81%)
----------------- Invoking toplevel() on ptolemy.moml.MoMLSimpleApplication@2121517b
----------------- Done invoking toplevel() on ptolemy.moml.MoMLSimpleApplication@2121517b
reloadAllAccessors: .AbsoluteValue

===========================================================================================
----------------- testing Thu Jun 28 01:27:53 UTC 2018 /home/travis/build/icyphy/ptII/ptolemy/actor/lib/test/auto/AbsoluteValue2.xml
----------------- Instantiating /home/travis/build/icyphy/ptII/ptolemy/actor/lib/test/auto/AbsoluteValue2.xml
7 ms. Memory: 580608K Free: 452305K (78%)
----------------- Invoking toplevel() on ptolemy.moml.MoMLSimpleApplication@7bc61cc0
----------------- Done invoking toplevel() on ptolemy.moml.MoMLSimpleApplication@7bc61cc0
reloadAllAccessors: .AbsoluteValue2

===========================================================================================
----------------- testing Thu Jun 28 01:27:53 UTC 2018 /home/travis/build/icyphy/ptII/ptolemy/actor/lib/test/auto/Accumulator.xml
----------------- Instantiating /home/travis/build/icyphy/ptII/ptolemy/actor/lib/test/auto/Accumulator.xml
14 ms. Memory: 580608K Free: 442540K (76%)
----------------- Invoking toplevel() on ptolemy.moml.MoMLSimpleApplication@162437a1
----------------- Done invoking toplevel() on ptolemy.moml.MoMLSimpleApplication@162437a1
reloadAllAccessors: .Accumulator

===========================================================================================
----------------- testing Thu Jun 28 01:27:53 UTC 2018 /home/travis/build/icyphy/ptII/ptolemy/actor/lib/test/auto/Accumulator2.xml
----------------- Instantiating /home/travis/build/icyphy/ptII/ptolemy/actor/lib/test/auto/Accumulator2.xml
7 ms. Memory: 580608K Free: 436041K (75%)
----------------- Invoking toplevel() on ptolemy.moml.MoMLSimpleApplication@15f764ee
----------------- Done invoking toplevel() on ptolemy.moml.MoMLSimpleApplication@15f764ee
reloadAllAccessors: .Accumulator2

===========================================================================================
----------------- testing Thu Jun 28 01:27:53 UTC 2018 /home/travis/build/icyphy/ptII/ptolemy/actor/lib/test/auto/Accumulator3.xml
----------------- Instantiating /home/travis/build/icyphy/ptII/ptolemy/actor/lib/test/auto/Accumulator3.xml
2 ms. Memory: 580608K Free: 429542K (74%)
----------------- Invoking toplevel() on ptolemy.moml.MoMLSimpleApplication@78e9c47b
----------------- Done invoking toplevel() on ptolemy.moml.MoMLSimpleApplication@78e9c47b
reloadAllAccessors: .Accumulator3

===========================================================================================
----------------- testing Thu Jun 28 01:27:53 UTC 2018 /home/travis/build/icyphy/ptII/ptolemy/actor/lib/test/auto/ArrayAppend.xml
----------------- Instantiating /home/travis/build/icyphy/ptII/ptolemy/actor/lib/test/auto/ArrayAppend.xml
5 ms. Memory: 580608K Free: 410631K (71%)
----------------- Invoking toplevel() on ptolemy.moml.MoMLSimpleApplication@4446bbd9
----------------- Done invoking toplevel() on ptolemy.moml.MoMLSimpleApplication@4446bbd9
reloadAllAccessors: .ArrayAppend

===========================================================================================
----------------- testing Thu Jun 28 01:27:53 UTC 2018 /home/travis/build/icyphy/ptII/ptolemy/actor/lib/test/auto/ArrayAppend2.xml
----------------- Instantiating /home/travis/build/icyphy/ptII/ptolemy/actor/lib/test/auto/ArrayAppend2.xml
634 ms. Memory: 580608K Free: 322879K (56%)
----------------- Invoking toplevel() on ptolemy.moml.MoMLSimpleApplication@2fa80639
----------------- Done invoking toplevel() on ptolemy.moml.MoMLSimpleApplication@2fa80639
reloadAllAccessors: .ArrayAppend2

===========================================================================================
----------------- testing Thu Jun 28 01:27:54 UTC 2018 /home/travis/build/icyphy/ptII/ptolemy/actor/lib/test/auto/ArrayAppend3.xml
----------------- Instantiating /home/travis/build/icyphy/ptII/ptolemy/actor/lib/test/auto/ArrayAppend3.xml
6 ms. Memory: 580608K Free: 316380K (54%)
----------------- Invoking toplevel() on ptolemy.moml.MoMLSimpleApplication@6f58d957
----------------- Done invoking toplevel() on ptolemy.moml.MoMLSimpleApplication@6f58d957
reloadAllAccessors: .ArrayAppend3

===========================================================================================
----------------- testing Thu Jun 28 01:27:54 UTC 2018 /home/travis/build/icyphy/ptII/ptolemy/actor/lib/test/auto/ArrayAppend4.xml
----------------- Instantiating /home/travis/build/icyphy/ptII/ptolemy/actor/lib/test/auto/ArrayAppend4.xml
9 ms. Memory: 580608K Free: 309880K (53%)
----------------- Invoking toplevel() on ptolemy.moml.MoMLSimpleApplication@5de412d6
----------------- Done invoking toplevel() on ptolemy.moml.MoMLSimpleApplication@5de412d6
reloadAllAccessors: .ArrayAppend4

===========================================================================================
----------------- testing Thu Jun 28 01:27:54 UTC 2018 /home/travis/build/icyphy/ptII/ptolemy/actor/lib/test/auto/ArrayAppend5.xml
----------------- Instantiating /home/travis/build/icyphy/ptII/ptolemy/actor/lib/test/auto/ArrayAppend5.xml
5 ms. Memory: 580608K Free: 294236K (51%)
----------------- Invoking toplevel() on ptolemy.moml.MoMLSimpleApplication@5b37039d
----------------- Done invoking toplevel() on ptolemy.moml.MoMLSimpleApplication@5b37039d
reloadAllAccessors: .ArrayAppend5

===========================================================================================
----------------- testing Thu Jun 28 01:27:54 UTC 2018 /home/travis/build/icyphy/ptII/ptolemy/actor/lib/test/auto/ArrayAppend6.xml
----------------- Instantiating /home/travis/build/icyphy/ptII/ptolemy/actor/lib/test/auto/ArrayAppend6.xml
3 ms. Memory: 580608K Free: 284487K (49%)
----------------- Invoking toplevel() on ptolemy.moml.MoMLSimpleApplication@7e5a32c1
----------------- Done invoking toplevel() on ptolemy.moml.MoMLSimpleApplication@7e5a32c1
reloadAllAccessors: .ArrayAppend6

===========================================================================================
----------------- testing Thu Jun 28 01:27:54 UTC 2018 /home/travis/build/icyphy/ptII/ptolemy/actor/lib/test/auto/ArrayAppendPerformanceTest.xml
----------------- Instantiating /home/travis/build/icyphy/ptII/ptolemy/actor/lib/test/auto/ArrayAppendPerformanceTest.xml
21 ms. Memory: 580608K Free: 271473K (47%)
----------------- Invoking toplevel() on ptolemy.moml.MoMLSimpleApplication@71e4577
----------------- Done invoking toplevel() on ptolemy.moml.MoMLSimpleApplication@71e4577
reloadAllAccessors: .ArrayAppendPerformanceTest

===========================================================================================
----------------- testing Thu Jun 28 01:27:54 UTC 2018 /home/travis/build/icyphy/ptII/ptolemy/actor/lib/test/auto/ArrayAppendWithEmptyInput.xml
----------------- Instantiating /home/travis/build/icyphy/ptII/ptolemy/actor/lib/test/auto/ArrayAppendWithEmptyInput.xml
15 ms. Memory: 580608K Free: 261724K (45%)
----------------- Invoking toplevel() on ptolemy.moml.MoMLSimpleApplication@474a765f
----------------- Done invoking toplevel() on ptolemy.moml.MoMLSimpleApplication@474a765f
reloadAllAccessors: .ArrayAppendWithEmptyInput

===========================================================================================
----------------- testing Thu Jun 28 01:27:54 UTC 2018 /home/travis/build/icyphy/ptII/ptolemy/actor/lib/test/auto/ArrayAverage.xml
----------------- Instantiating /home/travis/build/icyphy/ptII/ptolemy/actor/lib/test/auto/ArrayAverage.xml
13 ms. Memory: 580608K Free: 251960K (43%)
----------------- Invoking toplevel() on ptolemy.moml.MoMLSimpleApplication@2898ea5
----------------- Done invoking toplevel() on ptolemy.moml.MoMLSimpleApplication@2898ea5
reloadAllAccessors: .ArrayAverage

===========================================================================================
----------------- testing Thu Jun 28 01:27:54 UTC 2018 /home/travis/build/icyphy/ptII/ptolemy/actor/lib/test/auto/ArrayContains.xml
----------------- Instantiating /home/travis/build/icyphy/ptII/ptolemy/actor/lib/test/auto/ArrayContains.xml
2 ms. Memory: 580608K Free: 233066K (40%)
----------------- Invoking toplevel() on ptolemy.moml.MoMLSimpleApplication@30089429
----------------- Done invoking toplevel() on ptolemy.moml.MoMLSimpleApplication@30089429
reloadAllAccessors: .ArrayContains

===========================================================================================
----------------- testing Thu Jun 28 01:27:54 UTC 2018 /home/travis/build/icyphy/ptII/ptolemy/actor/lib/test/auto/ArrayElement.xml
----------------- Instantiating /home/travis/build/icyphy/ptII/ptolemy/actor/lib/test/auto/ArrayElement.xml
11 ms. Memory: 580608K Free: 226567K (39%)
----------------- Invoking toplevel() on ptolemy.moml.MoMLSimpleApplication@9b6d9d5
----------------- Done invoking toplevel() on ptolemy.moml.MoMLSimpleApplication@9b6d9d5
reloadAllAccessors: .ArrayElement

===========================================================================================
----------------- testing Thu Jun 28 01:27:55 UTC 2018 /home/travis/build/icyphy/ptII/ptolemy/actor/lib/test/auto/ArrayElementAsMatrix.xml
----------------- Instantiating /home/travis/build/icyphy/ptII/ptolemy/actor/lib/test/auto/ArrayElementAsMatrix.xml
18 ms. Memory: 580608K Free: 213536K (37%)
----------------- Invoking toplevel() on ptolemy.moml.MoMLSimpleApplication@3bd4d5bb
----------------- Done invoking toplevel() on ptolemy.moml.MoMLSimpleApplication@3bd4d5bb
reloadAllAccessors: .ArrayElementAsMatrix

===========================================================================================
----------------- testing Thu Jun 28 01:27:55 UTC 2018 /home/travis/build/icyphy/ptII/ptolemy/actor/lib/test/auto/ArrayElementI.xml
----------------- Instantiating /home/travis/build/icyphy/ptII/ptolemy/actor/lib/test/auto/ArrayElementI.xml
2 ms. Memory: 580608K Free: 207037K (36%)
----------------- Invoking toplevel() on ptolemy.moml.MoMLSimpleApplication@1eb27a9e
----------------- Done invoking toplevel() on ptolemy.moml.MoMLSimpleApplication@1eb27a9e
reloadAllAccessors: .ArrayElementI

===========================================================================================
----------------- testing Thu Jun 28 01:27:55 UTC 2018 /home/travis/build/icyphy/ptII/ptolemy/actor/lib/test/auto/ArrayExtract.xml
----------------- Instantiating /home/travis/build/icyphy/ptII/ptolemy/actor/lib/test/auto/ArrayExtract.xml
9 ms. Memory: 580608K Free: 188127K (32%)
----------------- Invoking toplevel() on ptolemy.moml.MoMLSimpleApplication@7c79ed0
----------------- Done invoking toplevel() on ptolemy.moml.MoMLSimpleApplication@7c79ed0
reloadAllAccessors: .ArrayExtract

===========================================================================================
----------------- testing Thu Jun 28 01:27:55 UTC 2018 /home/travis/build/icyphy/ptII/ptolemy/actor/lib/test/auto/ArrayExtract2.xml
----------------- Instantiating /home/travis/build/icyphy/ptII/ptolemy/actor/lib/test/auto/ArrayExtract2.xml
2 ms. Memory: 580608K Free: 181628K (31%)
----------------- Invoking toplevel() on ptolemy.moml.MoMLSimpleApplication@16f7589a
----------------- Done invoking toplevel() on ptolemy.moml.MoMLSimpleApplication@16f7589a
reloadAllAccessors: .ArrayExtract2

===========================================================================================
----------------- testing Thu Jun 28 01:27:55 UTC 2018 /home/travis/build/icyphy/ptII/ptolemy/actor/lib/test/auto/ArrayLength.xml
----------------- Instantiating /home/travis/build/icyphy/ptII/ptolemy/actor/lib/test/auto/ArrayLength.xml
6 ms. Memory: 580608K Free: 175129K (30%)
----------------- Invoking toplevel() on ptolemy.moml.MoMLSimpleApplication@4c872276
----------------- Done invoking toplevel() on ptolemy.moml.MoMLSimpleApplication@4c872276
reloadAllAccessors: .ArrayLength

===========================================================================================
----------------- testing Thu Jun 28 01:27:55 UTC 2018 /home/travis/build/icyphy/ptII/ptolemy/actor/lib/test/auto/ArrayLevelCrossing.xml
----------------- Instantiating /home/travis/build/icyphy/ptII/ptolemy/actor/lib/test/auto/ArrayLevelCrossing.xml
2 ms. Memory: 580608K Free: 165364K (28%)
----------------- Invoking toplevel() on ptolemy.moml.MoMLSimpleApplication@26ac7296
----------------- Done invoking toplevel() on ptolemy.moml.MoMLSimpleApplication@26ac7296
reloadAllAccessors: .ArrayLevelCrossing

===========================================================================================
----------------- testing Thu Jun 28 01:27:55 UTC 2018 /home/travis/build/icyphy/ptII/ptolemy/actor/lib/test/auto/ArrayLevelCrossing2.xml
----------------- Instantiating /home/travis/build/icyphy/ptII/ptolemy/actor/lib/test/auto/ArrayLevelCrossing2.xml
2 ms. Memory: 580608K Free: 146454K (25%)
----------------- Invoking toplevel() on ptolemy.moml.MoMLSimpleApplication@7b82df4f
----------------- Done invoking toplevel() on ptolemy.moml.MoMLSimpleApplication@7b82df4f
reloadAllAccessors: .ArrayLevelCrossing2

===========================================================================================
----------------- testing Thu Jun 28 01:27:55 UTC 2018 /home/travis/build/icyphy/ptII/ptolemy/actor/lib/test/auto/ArrayPeakSearch.xml
----------------- Instantiating /home/travis/build/icyphy/ptII/ptolemy/actor/lib/test/auto/ArrayPeakSearch.xml
4 ms. Memory: 580608K Free: 128565K (22%)
----------------- Invoking toplevel() on ptolemy.moml.MoMLSimpleApplication@39681c68
----------------- Done invoking toplevel() on ptolemy.moml.MoMLSimpleApplication@39681c68
reloadAllAccessors: .ArrayPeakSearch

===========================================================================================
----------------- testing Thu Jun 28 01:27:55 UTC 2018 /home/travis/build/icyphy/ptII/ptolemy/actor/lib/test/auto/ArrayPeakSearch2.xml
----------------- Instantiating /home/travis/build/icyphy/ptII/ptolemy/actor/lib/test/auto/ArrayPeakSearch2.xml
8 ms. Memory: 580608K Free: 115535K (20%)
----------------- Invoking toplevel() on ptolemy.moml.MoMLSimpleApplication@5bf7003d
----------------- Done invoking toplevel() on ptolemy.moml.MoMLSimpleApplication@5bf7003d
reloadAllAccessors: .ArrayPeakSearch2

===========================================================================================
----------------- testing Thu Jun 28 01:27:55 UTC 2018 /home/travis/build/icyphy/ptII/ptolemy/actor/lib/test/auto/ArrayPeakSearch3.xml
----------------- Instantiating /home/travis/build/icyphy/ptII/ptolemy/actor/lib/test/auto/ArrayPeakSearch3.xml
6 ms. Memory: 580608K Free: 102537K (18%)
----------------- Invoking toplevel() on ptolemy.moml.MoMLSimpleApplication@c38fdc7
----------------- Done invoking toplevel() on ptolemy.moml.MoMLSimpleApplication@c38fdc7
reloadAllAccessors: .ArrayPeakSearch3

===========================================================================================
----------------- testing Thu Jun 28 01:27:55 UTC 2018 /home/travis/build/icyphy/ptII/ptolemy/actor/lib/test/auto/ArrayRemoveElement.xml
----------------- Instantiating /home/travis/build/icyphy/ptII/ptolemy/actor/lib/test/auto/ArrayRemoveElement.xml
4 ms. Memory: 580608K Free: 83634K (14%)
----------------- Invoking toplevel() on ptolemy.moml.MoMLSimpleApplication@6887282f
----------------- Done invoking toplevel() on ptolemy.moml.MoMLSimpleApplication@6887282f
reloadAllAccessors: .ArrayRemoveElement

===========================================================================================
----------------- testing Thu Jun 28 01:27:55 UTC 2018 /home/travis/build/icyphy/ptII/ptolemy/actor/lib/test/auto/ArraySort.xml
----------------- Instantiating /home/travis/build/icyphy/ptII/ptolemy/actor/lib/test/auto/ArraySort.xml
2 ms. Memory: 580608K Free: 70588K (12%)
----------------- Invoking toplevel() on ptolemy.moml.MoMLSimpleApplication@651a4315
----------------- Done invoking toplevel() on ptolemy.moml.MoMLSimpleApplication@651a4315
reloadAllAccessors: .ArraySort

===========================================================================================
----------------- testing Thu Jun 28 01:27:55 UTC 2018 /home/travis/build/icyphy/ptII/ptolemy/actor/lib/test/auto/ArraySum.xml
----------------- Instantiating /home/travis/build/icyphy/ptII/ptolemy/actor/lib/test/auto/ArraySum.xml
3 ms. Memory: 580608K Free: 60824K (10%)
----------------- Invoking toplevel() on ptolemy.moml.MoMLSimpleApplication@461c8acd
----------------- Done invoking toplevel() on ptolemy.moml.MoMLSimpleApplication@461c8acd
reloadAllAccessors: .ArraySum

===========================================================================================
----------------- testing Thu Jun 28 01:27:55 UTC 2018 /home/travis/build/icyphy/ptII/ptolemy/actor/lib/test/auto/ArrayToElements.xml
----------------- Instantiating /home/travis/build/icyphy/ptII/ptolemy/actor/lib/test/auto/ArrayToElements.xml
50 ms. Memory: 878592K Free: 836550K (95%)
----------------- Invoking toplevel() on ptolemy.moml.MoMLSimpleApplication@ce3cdf4
----------------- Done invoking toplevel() on ptolemy.moml.MoMLSimpleApplication@ce3cdf4
reloadAllAccessors: .ArrayToElements

===========================================================================================
----------------- testing Thu Jun 28 01:27:55 UTC 2018 /home/travis/build/icyphy/ptII/ptolemy/actor/lib/test/auto/ArrayToMatrix.xml
----------------- Instantiating /home/travis/build/icyphy/ptII/ptolemy/actor/lib/test/auto/ArrayToMatrix.xml
13 ms. Memory: 878592K Free: 795859K (91%)
----------------- Invoking toplevel() on ptolemy.moml.MoMLSimpleApplication@545a8aeb
----------------- Done invoking toplevel() on ptolemy.moml.MoMLSimpleApplication@545a8aeb
reloadAllAccessors: .ArrayToMatrix

===========================================================================================
----------------- testing Thu Jun 28 01:27:55 UTC 2018 /home/travis/build/icyphy/ptII/ptolemy/actor/lib/test/auto/ArrayUpdate1.xml
----------------- Instantiating /home/travis/build/icyphy/ptII/ptolemy/actor/lib/test/auto/ArrayUpdate1.xml
6 ms. Memory: 878592K Free: 788056K (90%)
----------------- Invoking toplevel() on ptolemy.moml.MoMLSimpleApplication@28b7d2ef
----------------- Done invoking toplevel() on ptolemy.moml.MoMLSimpleApplication@28b7d2ef
reloadAllAccessors: .ArrayUpdate1

===========================================================================================
----------------- testing Thu Jun 28 01:27:55 UTC 2018 /home/travis/build/icyphy/ptII/ptolemy/actor/lib/test/auto/ArrayUpdate2.xml
----------------- Instantiating /home/travis/build/icyphy/ptII/ptolemy/actor/lib/test/auto/ArrayUpdate2.xml
3 ms. Memory: 878592K Free: 780253K (89%)
----------------- Invoking toplevel() on ptolemy.moml.MoMLSimpleApplication@36d42810
----------------- Done invoking toplevel() on ptolemy.moml.MoMLSimpleApplication@36d42810
reloadAllAccessors: .ArrayUpdate2

===========================================================================================
----------------- testing Thu Jun 28 01:27:55 UTC 2018 /home/travis/build/icyphy/ptII/ptolemy/actor/lib/test/auto/ArrayUpdate3.xml
----------------- Instantiating /home/travis/build/icyphy/ptII/ptolemy/actor/lib/test/auto/ArrayUpdate3.xml
1 ms. Memory: 878592K Free: 772450K (88%)
----------------- Invoking toplevel() on ptolemy.moml.MoMLSimpleApplication@69e190b7
----------------- Done invoking toplevel() on ptolemy.moml.MoMLSimpleApplication@69e190b7
reloadAllAccessors: .ArrayUpdate3

===========================================================================================
----------------- testing Thu Jun 28 01:27:55 UTC 2018 /home/travis/build/icyphy/ptII/ptolemy/actor/lib/test/auto/Assert1.xml
----------------- Instantiating /home/travis/build/icyphy/ptII/ptolemy/actor/lib/test/auto/Assert1.xml
2 ms. Memory: 878592K Free: 754199K (86%)
----------------- Invoking toplevel() on ptolemy.moml.MoMLSimpleApplication@29577dbf
----------------- Done invoking toplevel() on ptolemy.moml.MoMLSimpleApplication@29577dbf
reloadAllAccessors: .Assert1

===========================================================================================
----------------- testing Thu Jun 28 01:27:55 UTC 2018 /home/travis/build/icyphy/ptII/ptolemy/actor/lib/test/auto/Assert2.xml
----------------- Instantiating /home/travis/build/icyphy/ptII/ptolemy/actor/lib/test/auto/Assert2.xml
4 ms. Memory: 878592K Free: 746396K (85%)
----------------- Invoking toplevel() on ptolemy.moml.MoMLSimpleApplication@486cf625
----------------- Done invoking toplevel() on ptolemy.moml.MoMLSimpleApplication@486cf625
reloadAllAccessors: .Assert2

===========================================================================================
----------------- testing Thu Jun 28 01:27:55 UTC 2018 /home/travis/build/icyphy/ptII/ptolemy/actor/lib/test/auto/BooleanMultiplexor.xml
----------------- Instantiating /home/travis/build/icyphy/ptII/ptolemy/actor/lib/test/auto/BooleanMultiplexor.xml
2 ms. Memory: 878592K Free: 738593K (84%)
----------------- Invoking toplevel() on ptolemy.moml.MoMLSimpleApplication@64cd8d55
----------------- Done invoking toplevel() on ptolemy.moml.MoMLSimpleApplication@64cd8d55
reloadAllAccessors: .BooleanMultiplexor

===========================================================================================
----------------- testing Thu Jun 28 01:27:55 UTC 2018 /home/travis/build/icyphy/ptII/ptolemy/actor/lib/test/auto/BooleanMultiplexor2.xml
----------------- Instantiating /home/travis/build/icyphy/ptII/ptolemy/actor/lib/test/auto/BooleanMultiplexor2.xml
4 ms. Memory: 878592K Free: 726873K (83%)
----------------- Invoking toplevel() on ptolemy.moml.MoMLSimpleApplication@20522d3f
----------------- Done invoking toplevel() on ptolemy.moml.MoMLSimpleApplication@20522d3f
reloadAllAccessors: .BooleanMultiplexor2

===========================================================================================
----------------- testing Thu Jun 28 01:27:55 UTC 2018 /home/travis/build/icyphy/ptII/ptolemy/actor/lib/test/auto/BooleanMultiplexor3.xml
----------------- Instantiating /home/travis/build/icyphy/ptII/ptolemy/actor/lib/test/auto/BooleanMultiplexor3.xml
8 ms. Memory: 878592K Free: 719070K (82%)
----------------- Invoking toplevel() on ptolemy.moml.MoMLSimpleApplication@1a3ccd7c
----------------- Done invoking toplevel() on ptolemy.moml.MoMLSimpleApplication@1a3ccd7c
reloadAllAccessors: .BooleanMultiplexor3

===========================================================================================
----------------- testing Thu Jun 28 01:27:55 UTC 2018 /home/travis/build/icyphy/ptII/ptolemy/actor/lib/test/auto/BooleanSelect.xml
----------------- Instantiating /home/travis/build/icyphy/ptII/ptolemy/actor/lib/test/auto/BooleanSelect.xml
6 ms. Memory: 878592K Free: 700819K (80%)
----------------- Invoking toplevel() on ptolemy.moml.MoMLSimpleApplication@4a3d29ea
----------------- Done invoking toplevel() on ptolemy.moml.MoMLSimpleApplication@4a3d29ea
reloadAllAccessors: .BooleanSelect

===========================================================================================
----------------- testing Thu Jun 28 01:27:55 UTC 2018 /home/travis/build/icyphy/ptII/ptolemy/actor/lib/test/auto/BooleanSelect2.xml
----------------- Instantiating /home/travis/build/icyphy/ptII/ptolemy/actor/lib/test/auto/BooleanSelect2.xml
2 ms. Memory: 878592K Free: 693016K (79%)
----------------- Invoking toplevel() on ptolemy.moml.MoMLSimpleApplication@5f84cfdc
----------------- Done invoking toplevel() on ptolemy.moml.MoMLSimpleApplication@5f84cfdc
reloadAllAccessors: .BooleanSelect2

===========================================================================================
----------------- testing Thu Jun 28 01:27:55 UTC 2018 /home/travis/build/icyphy/ptII/ptolemy/actor/lib/test/auto/BooleanSwitch.xml
----------------- Instantiating /home/travis/build/icyphy/ptII/ptolemy/actor/lib/test/auto/BooleanSwitch.xml
4 ms. Memory: 878592K Free: 681304K (78%)
----------------- Invoking toplevel() on ptolemy.moml.MoMLSimpleApplication@757eaaf9
----------------- Done invoking toplevel() on ptolemy.moml.MoMLSimpleApplication@757eaaf9
reloadAllAccessors: .BooleanSwitch

===========================================================================================
----------------- testing Thu Jun 28 01:27:55 UTC 2018 /home/travis/build/icyphy/ptII/ptolemy/actor/lib/test/auto/BooleanSwitch2.xml
----------------- Instantiating /home/travis/build/icyphy/ptII/ptolemy/actor/lib/test/auto/BooleanSwitch2.xml
2 ms. Memory: 878592K Free: 673501K (77%)
----------------- Invoking toplevel() on ptolemy.moml.MoMLSimpleApplication@41e63bda
----------------- Done invoking toplevel() on ptolemy.moml.MoMLSimpleApplication@41e63bda
reloadAllAccessors: .BooleanSwitch2

===========================================================================================
----------------- testing Thu Jun 28 01:27:55 UTC 2018 /home/travis/build/icyphy/ptII/ptolemy/actor/lib/test/auto/BooleanSwitchCloningBugWithClassRelationGroup.xml
----------------- Instantiating /home/travis/build/icyphy/ptII/ptolemy/actor/lib/test/auto/BooleanSwitchCloningBugWithClassRelationGroup.xml
2 ms. Memory: 878592K Free: 661788K (75%)
----------------- Invoking toplevel() on ptolemy.moml.MoMLSimpleApplication@7a7ea731
----------------- Done invoking toplevel() on ptolemy.moml.MoMLSimpleApplication@7a7ea731
reloadAllAccessors: .BooleanSwitchCloningBugWithClassRelationGroup

===========================================================================================
----------------- testing Thu Jun 28 01:27:56 UTC 2018 /home/travis/build/icyphy/ptII/ptolemy/actor/lib/test/auto/BusActors.xml
----------------- Instantiating /home/travis/build/icyphy/ptII/ptolemy/actor/lib/test/auto/BusActors.xml
4 ms. Memory: 878592K Free: 639636K (73%)
----------------- Invoking toplevel() on ptolemy.moml.MoMLSimpleApplication@6b736d9d
----------------- Done invoking toplevel() on ptolemy.moml.MoMLSimpleApplication@6b736d9d
reloadAllAccessors: .BusActors

===========================================================================================
----------------- testing Thu Jun 28 01:27:56 UTC 2018 /home/travis/build/icyphy/ptII/ptolemy/actor/lib/test/auto/ClassWrapper.xml
----------------- Instantiating /home/travis/build/icyphy/ptII/ptolemy/actor/lib/test/auto/ClassWrapper.xml
4 ms. Memory: 878592K Free: 631833K (72%)
----------------- Invoking toplevel() on ptolemy.moml.MoMLSimpleApplication@f6149d7
----------------- Done invoking toplevel() on ptolemy.moml.MoMLSimpleApplication@f6149d7
reloadAllAccessors: .ClassWrapper

===========================================================================================
----------------- testing Thu Jun 28 01:27:56 UTC 2018 /home/travis/build/icyphy/ptII/ptolemy/actor/lib/test/auto/Clock.xml
----------------- Instantiating /home/travis/build/icyphy/ptII/ptolemy/actor/lib/test/auto/Clock.xml
1 ms. Memory: 878592K Free: 624030K (71%)
----------------- Invoking toplevel() on ptolemy.moml.MoMLSimpleApplication@71078885
----------------- Done invoking toplevel() on ptolemy.moml.MoMLSimpleApplication@71078885
reloadAllAccessors: .Clock

===========================================================================================
----------------- testing Thu Jun 28 01:27:56 UTC 2018 /home/travis/build/icyphy/ptII/ptolemy/actor/lib/test/auto/Clock10.xml
----------------- Instantiating /home/travis/build/icyphy/ptII/ptolemy/actor/lib/test/auto/Clock10.xml
7 ms. Memory: 878592K Free: 616227K (70%)
----------------- Invoking toplevel() on ptolemy.moml.MoMLSimpleApplication@3507033e
----------------- Done invoking toplevel() on ptolemy.moml.MoMLSimpleApplication@3507033e
reloadAllAccessors: .Clock10

===========================================================================================
----------------- testing Thu Jun 28 01:27:56 UTC 2018 /home/travis/build/icyphy/ptII/ptolemy/actor/lib/test/auto/Clock11.xml
----------------- Instantiating /home/travis/build/icyphy/ptII/ptolemy/actor/lib/test/auto/Clock11.xml
3 ms. Memory: 878592K Free: 597977K (68%)
----------------- Invoking toplevel() on ptolemy.moml.MoMLSimpleApplication@5e5d763a
----------------- Done invoking toplevel() on ptolemy.moml.MoMLSimpleApplication@5e5d763a
reloadAllAccessors: .Clock11

===========================================================================================
----------------- testing Thu Jun 28 01:27:56 UTC 2018 /home/travis/build/icyphy/ptII/ptolemy/actor/lib/test/auto/Clock12.xml
----------------- Instantiating /home/travis/build/icyphy/ptII/ptolemy/actor/lib/test/auto/Clock12.xml
2 ms. Memory: 878592K Free: 590174K (67%)
----------------- Invoking toplevel() on ptolemy.moml.MoMLSimpleApplication@7b235f2b
----------------- Done invoking toplevel() on ptolemy.moml.MoMLSimpleApplication@7b235f2b
reloadAllAccessors: .Clock12

===========================================================================================
----------------- testing Thu Jun 28 01:27:56 UTC 2018 /home/travis/build/icyphy/ptII/ptolemy/actor/lib/test/auto/Clock13.xml
----------------- Instantiating /home/travis/build/icyphy/ptII/ptolemy/actor/lib/test/auto/Clock13.xml
2 ms. Memory: 878592K Free: 582371K (66%)
----------------- Invoking toplevel() on ptolemy.moml.MoMLSimpleApplication@e3f14c
----------------- Done invoking toplevel() on ptolemy.moml.MoMLSimpleApplication@e3f14c
reloadAllAccessors: .Clock13

===========================================================================================
----------------- testing Thu Jun 28 01:27:56 UTC 2018 /home/travis/build/icyphy/ptII/ptolemy/actor/lib/test/auto/Clock14.xml
----------------- Instantiating /home/travis/build/icyphy/ptII/ptolemy/actor/lib/test/auto/Clock14.xml
3 ms. Memory: 878592K Free: 574568K (65%)
----------------- Invoking toplevel() on ptolemy.moml.MoMLSimpleApplication@6ed2fe98
----------------- Done invoking toplevel() on ptolemy.moml.MoMLSimpleApplication@6ed2fe98
reloadAllAccessors: .Clock14

===========================================================================================
----------------- testing Thu Jun 28 01:27:56 UTC 2018 /home/travis/build/icyphy/ptII/ptolemy/actor/lib/test/auto/Clock15.xml
----------------- Instantiating /home/travis/build/icyphy/ptII/ptolemy/actor/lib/test/auto/Clock15.xml
6 ms. Memory: 878592K Free: 566765K (65%)
----------------- Invoking toplevel() on ptolemy.moml.MoMLSimpleApplication@2ec1ffeb
----------------- Done invoking toplevel() on ptolemy.moml.MoMLSimpleApplication@2ec1ffeb
reloadAllAccessors: .Clock15

===========================================================================================
----------------- testing Thu Jun 28 01:27:56 UTC 2018 /home/travis/build/icyphy/ptII/ptolemy/actor/lib/test/auto/Clock16.xml
----------------- Instantiating /home/travis/build/icyphy/ptII/ptolemy/actor/lib/test/auto/Clock16.xml
15 ms. Memory: 878592K Free: 540695K (62%)
----------------- Invoking toplevel() on ptolemy.moml.MoMLSimpleApplication@1bd3dd5b
----------------- Done invoking toplevel() on ptolemy.moml.MoMLSimpleApplication@1bd3dd5b
reloadAllAccessors: .Clock16

===========================================================================================
----------------- testing Thu Jun 28 01:27:56 UTC 2018 /home/travis/build/icyphy/ptII/ptolemy/actor/lib/test/auto/Clock17.xml
----------------- Instantiating /home/travis/build/icyphy/ptII/ptolemy/actor/lib/test/auto/Clock17.xml
15 ms. Memory: 878592K Free: 525089K (60%)
----------------- Invoking toplevel() on ptolemy.moml.MoMLSimpleApplication@7cf83cf1
----------------- Done invoking toplevel() on ptolemy.moml.MoMLSimpleApplication@7cf83cf1
reloadAllAccessors: .Clock17

===========================================================================================
----------------- testing Thu Jun 28 01:27:56 UTC 2018 /home/travis/build/icyphy/ptII/ptolemy/actor/lib/test/auto/Clock18.xml
----------------- Instantiating /home/travis/build/icyphy/ptII/ptolemy/actor/lib/test/auto/Clock18.xml
21 ms. Memory: 878592K Free: 509468K (58%)
----------------- Invoking toplevel() on ptolemy.moml.MoMLSimpleApplication@6a8917b
----------------- Done invoking toplevel() on ptolemy.moml.MoMLSimpleApplication@6a8917b
reloadAllAccessors: .Clock18

===========================================================================================
----------------- testing Thu Jun 28 01:27:56 UTC 2018 /home/travis/build/icyphy/ptII/ptolemy/actor/lib/test/auto/Clock19.xml
----------------- Instantiating /home/travis/build/icyphy/ptII/ptolemy/actor/lib/test/auto/Clock19.xml
9 ms. Memory: 878592K Free: 493846K (56%)
----------------- Invoking toplevel() on ptolemy.moml.MoMLSimpleApplication@7d18c237
----------------- Done invoking toplevel() on ptolemy.moml.MoMLSimpleApplication@7d18c237
reloadAllAccessors: .Clock19

===========================================================================================
----------------- testing Thu Jun 28 01:27:56 UTC 2018 /home/travis/build/icyphy/ptII/ptolemy/actor/lib/test/auto/Clock2.xml
----------------- Instantiating /home/travis/build/icyphy/ptII/ptolemy/actor/lib/test/auto/Clock2.xml
5 ms. Memory: 878592K Free: 486043K (55%)
----------------- Invoking toplevel() on ptolemy.moml.MoMLSimpleApplication@686efd15
----------------- Done invoking toplevel() on ptolemy.moml.MoMLSimpleApplication@686efd15
reloadAllAccessors: .Clock2

===========================================================================================
----------------- testing Thu Jun 28 01:27:56 UTC 2018 /home/travis/build/icyphy/ptII/ptolemy/actor/lib/test/auto/Clock20.xml
----------------- Instantiating /home/travis/build/icyphy/ptII/ptolemy/actor/lib/test/auto/Clock20.xml
12 ms. Memory: 878592K Free: 467792K (53%)
----------------- Invoking toplevel() on ptolemy.moml.MoMLSimpleApplication@3d0298f2
----------------- Done invoking toplevel() on ptolemy.moml.MoMLSimpleApplication@3d0298f2
reloadAllAccessors: .Clock20

===========================================================================================
----------------- testing Thu Jun 28 01:27:56 UTC 2018 /home/travis/build/icyphy/ptII/ptolemy/actor/lib/test/auto/Clock21.xml
----------------- Instantiating /home/travis/build/icyphy/ptII/ptolemy/actor/lib/test/auto/Clock21.xml
8 ms. Memory: 878592K Free: 459989K (52%)
----------------- Invoking toplevel() on ptolemy.moml.MoMLSimpleApplication@2a827e60
----------------- Done invoking toplevel() on ptolemy.moml.MoMLSimpleApplication@2a827e60
reloadAllAccessors: .Clock21

===========================================================================================
----------------- testing Thu Jun 28 01:27:56 UTC 2018 /home/travis/build/icyphy/ptII/ptolemy/actor/lib/test/auto/Clock22.xml
----------------- Instantiating /home/travis/build/icyphy/ptII/ptolemy/actor/lib/test/auto/Clock22.xml
2 ms. Memory: 878592K Free: 452186K (51%)
----------------- Invoking toplevel() on ptolemy.moml.MoMLSimpleApplication@4193ed26
----------------- Done invoking toplevel() on ptolemy.moml.MoMLSimpleApplication@4193ed26
reloadAllAccessors: .Clock22

===========================================================================================
----------------- testing Thu Jun 28 01:27:56 UTC 2018 /home/travis/build/icyphy/ptII/ptolemy/actor/lib/test/auto/Clock23.xml
----------------- Instantiating /home/travis/build/icyphy/ptII/ptolemy/actor/lib/test/auto/Clock23.xml
8 ms. Memory: 878592K Free: 444383K (51%)
----------------- Invoking toplevel() on ptolemy.moml.MoMLSimpleApplication@129194df
----------------- Done invoking toplevel() on ptolemy.moml.MoMLSimpleApplication@129194df
reloadAllAccessors: .Clock23

===========================================================================================
----------------- testing Thu Jun 28 01:27:56 UTC 2018 /home/travis/build/icyphy/ptII/ptolemy/actor/lib/test/auto/Clock24.xml
----------------- Instantiating /home/travis/build/icyphy/ptII/ptolemy/actor/lib/test/auto/Clock24.xml
2 ms. Memory: 878592K Free: 426133K (49%)
----------------- Invoking toplevel() on ptolemy.moml.MoMLSimpleApplication@709a5e9b
----------------- Done invoking toplevel() on ptolemy.moml.MoMLSimpleApplication@709a5e9b
reloadAllAccessors: .Clock24

===========================================================================================
----------------- testing Thu Jun 28 01:27:56 UTC 2018 /home/travis/build/icyphy/ptII/ptolemy/actor/lib/test/auto/Clock4.xml
----------------- Instantiating /home/travis/build/icyphy/ptII/ptolemy/actor/lib/test/auto/Clock4.xml
1 ms. Memory: 878592K Free: 418330K (48%)
----------------- Invoking toplevel() on ptolemy.moml.MoMLSimpleApplication@5fc369fa
----------------- Done invoking toplevel() on ptolemy.moml.MoMLSimpleApplication@5fc369fa
reloadAllAccessors: .Clock4

===========================================================================================
----------------- testing Thu Jun 28 01:27:56 UTC 2018 /home/travis/build/icyphy/ptII/ptolemy/actor/lib/test/auto/Clock5.xml
----------------- Instantiating /home/travis/build/icyphy/ptII/ptolemy/actor/lib/test/auto/Clock5.xml
2 ms. Memory: 878592K Free: 410527K (47%)
----------------- Invoking toplevel() on ptolemy.moml.MoMLSimpleApplication@2b734bf6
----------------- Done invoking toplevel() on ptolemy.moml.MoMLSimpleApplication@2b734bf6
reloadAllAccessors: .Clock5

===========================================================================================
----------------- testing Thu Jun 28 01:27:56 UTC 2018 /home/travis/build/icyphy/ptII/ptolemy/actor/lib/test/auto/Clock6.xml
----------------- Instantiating /home/travis/build/icyphy/ptII/ptolemy/actor/lib/test/auto/Clock6.xml
1 ms. Memory: 878592K Free: 402724K (46%)
----------------- Invoking toplevel() on ptolemy.moml.MoMLSimpleApplication@41fea460
----------------- Done invoking toplevel() on ptolemy.moml.MoMLSimpleApplication@41fea460
reloadAllAccessors: .Clock6

===========================================================================================
----------------- testing Thu Jun 28 01:27:56 UTC 2018 /home/travis/build/icyphy/ptII/ptolemy/actor/lib/test/auto/Clock7.xml
----------------- Instantiating /home/travis/build/icyphy/ptII/ptolemy/actor/lib/test/auto/Clock7.xml
1 ms. Memory: 878592K Free: 394921K (45%)
----------------- Invoking toplevel() on ptolemy.moml.MoMLSimpleApplication@36cd31cd
----------------- Done invoking toplevel() on ptolemy.moml.MoMLSimpleApplication@36cd31cd
reloadAllAccessors: .Clock7

===========================================================================================
----------------- testing Thu Jun 28 01:27:56 UTC 2018 /home/travis/build/icyphy/ptII/ptolemy/actor/lib/test/auto/Clock8.xml
----------------- Instantiating /home/travis/build/icyphy/ptII/ptolemy/actor/lib/test/auto/Clock8.xml
6 ms. Memory: 878592K Free: 376671K (43%)
----------------- Invoking toplevel() on ptolemy.moml.MoMLSimpleApplication@71729f9a
----------------- Done invoking toplevel() on ptolemy.moml.MoMLSimpleApplication@71729f9a
reloadAllAccessors: .Clock8

===========================================================================================
----------------- testing Thu Jun 28 01:27:56 UTC 2018 /home/travis/build/icyphy/ptII/ptolemy/actor/lib/test/auto/Clock9.xml
----------------- Instantiating /home/travis/build/icyphy/ptII/ptolemy/actor/lib/test/auto/Clock9.xml
2 ms. Memory: 878592K Free: 368868K (42%)
----------------- Invoking toplevel() on ptolemy.moml.MoMLSimpleApplication@7b67df70
----------------- Done invoking toplevel() on ptolemy.moml.MoMLSimpleApplication@7b67df70
reloadAllAccessors: .Clock9

===========================================================================================
----------------- testing Thu Jun 28 01:27:56 UTC 2018 /home/travis/build/icyphy/ptII/ptolemy/actor/lib/test/auto/CommDistDiscard.xml
----------------- Instantiating /home/travis/build/icyphy/ptII/ptolemy/actor/lib/test/auto/CommDistDiscard.xml
5 ms. Memory: 878592K Free: 361065K (41%)
----------------- Invoking toplevel() on ptolemy.moml.MoMLSimpleApplication@4b8e98b7
----------------- Done invoking toplevel() on ptolemy.moml.MoMLSimpleApplication@4b8e98b7
reloadAllAccessors: .CommDistDiscard

===========================================================================================
----------------- testing Thu Jun 28 01:27:56 UTC 2018 /home/travis/build/icyphy/ptII/ptolemy/actor/lib/test/auto/Commutator.xml
----------------- Instantiating /home/travis/build/icyphy/ptII/ptolemy/actor/lib/test/auto/Commutator.xml
1 ms. Memory: 878592K Free: 353262K (40%)
----------------- Invoking toplevel() on ptolemy.moml.MoMLSimpleApplication@67cc49fe
----------------- Done invoking toplevel() on ptolemy.moml.MoMLSimpleApplication@67cc49fe
reloadAllAccessors: .Commutator

===========================================================================================
----------------- testing Thu Jun 28 01:27:56 UTC 2018 /home/travis/build/icyphy/ptII/ptolemy/actor/lib/test/auto/Commutator2.xml
----------------- Instantiating /home/travis/build/icyphy/ptII/ptolemy/actor/lib/test/auto/Commutator2.xml
1 ms. Memory: 878592K Free: 345459K (39%)
----------------- Invoking toplevel() on ptolemy.moml.MoMLSimpleApplication@587c41bd
----------------- Done invoking toplevel() on ptolemy.moml.MoMLSimpleApplication@587c41bd
reloadAllAccessors: .Commutator2

===========================================================================================
----------------- testing Thu Jun 28 01:27:56 UTC 2018 /home/travis/build/icyphy/ptII/ptolemy/actor/lib/test/auto/Commutator3.xml
----------------- Instantiating /home/travis/build/icyphy/ptII/ptolemy/actor/lib/test/auto/Commutator3.xml
1 ms. Memory: 878592K Free: 327208K (37%)
----------------- Invoking toplevel() on ptolemy.moml.MoMLSimpleApplication@f0faa70
----------------- Done invoking toplevel() on ptolemy.moml.MoMLSimpleApplication@f0faa70
reloadAllAccessors: .Commutator3

===========================================================================================
----------------- testing Thu Jun 28 01:27:56 UTC 2018 /home/travis/build/icyphy/ptII/ptolemy/actor/lib/test/auto/Compare.xml
----------------- Instantiating /home/travis/build/icyphy/ptII/ptolemy/actor/lib/test/auto/Compare.xml
2 ms. Memory: 878592K Free: 315488K (36%)
----------------- Invoking toplevel() on ptolemy.moml.MoMLSimpleApplication@6946a4a4
----------------- Done invoking toplevel() on ptolemy.moml.MoMLSimpleApplication@6946a4a4
reloadAllAccessors: .Compare

===========================================================================================
----------------- testing Thu Jun 28 01:27:56 UTC 2018 /home/travis/build/icyphy/ptII/ptolemy/actor/lib/test/auto/CompareDE.xml
----------------- Instantiating /home/travis/build/icyphy/ptII/ptolemy/actor/lib/test/auto/CompareDE.xml
4 ms. Memory: 878592K Free: 303767K (35%)
----------------- Invoking toplevel() on ptolemy.moml.MoMLSimpleApplication@103acf83
----------------- Done invoking toplevel() on ptolemy.moml.MoMLSimpleApplication@103acf83
reloadAllAccessors: .CompareDE

===========================================================================================
----------------- testing Thu Jun 28 01:27:56 UTC 2018 /home/travis/build/icyphy/ptII/ptolemy/actor/lib/test/auto/ComplexDivide.xml
----------------- Instantiating /home/travis/build/icyphy/ptII/ptolemy/actor/lib/test/auto/ComplexDivide.xml
1 ms. Memory: 878592K Free: 295964K (34%)
----------------- Invoking toplevel() on ptolemy.moml.MoMLSimpleApplication@7a1771d
----------------- Done invoking toplevel() on ptolemy.moml.MoMLSimpleApplication@7a1771d
reloadAllAccessors: .ComplexDivide

===========================================================================================
----------------- testing Thu Jun 28 01:27:56 UTC 2018 /home/travis/build/icyphy/ptII/ptolemy/actor/lib/test/auto/ComputeHistogram.xml
----------------- Instantiating /home/travis/build/icyphy/ptII/ptolemy/actor/lib/test/auto/ComputeHistogram.xml
35 ms. Memory: 878592K Free: 269887K (31%)
----------------- Invoking toplevel() on ptolemy.moml.MoMLSimpleApplication@7574a92a
----------------- Done invoking toplevel() on ptolemy.moml.MoMLSimpleApplication@7574a92a
reloadAllAccessors: .ComputeHistogram

===========================================================================================
----------------- testing Thu Jun 28 01:27:56 UTC 2018 /home/travis/build/icyphy/ptII/ptolemy/actor/lib/test/auto/ConfigurationSelect.xml
----------------- Instantiating /home/travis/build/icyphy/ptII/ptolemy/actor/lib/test/auto/ConfigurationSelect.xml
7 ms. Memory: 878592K Free: 262084K (30%)
----------------- Invoking toplevel() on ptolemy.moml.MoMLSimpleApplication@478efa90
----------------- Done invoking toplevel() on ptolemy.moml.MoMLSimpleApplication@478efa90
reloadAllAccessors: .ConfigurationSelect

===========================================================================================
----------------- testing Thu Jun 28 01:27:56 UTC 2018 /home/travis/build/icyphy/ptII/ptolemy/actor/lib/test/auto/ConfigurationSelect2.xml
----------------- Instantiating /home/travis/build/icyphy/ptII/ptolemy/actor/lib/test/auto/ConfigurationSelect2.xml
2 ms. Memory: 878592K Free: 254281K (29%)
----------------- Invoking toplevel() on ptolemy.moml.MoMLSimpleApplication@1f05b38f
----------------- Done invoking toplevel() on ptolemy.moml.MoMLSimpleApplication@1f05b38f
reloadAllAccessors: .ConfigurationSelect2

===========================================================================================
----------------- testing Thu Jun 28 01:27:56 UTC 2018 /home/travis/build/icyphy/ptII/ptolemy/actor/lib/test/auto/ConfigurationSwitch.xml
----------------- Instantiating /home/travis/build/icyphy/ptII/ptolemy/actor/lib/test/auto/ConfigurationSwitch.xml
2 ms. Memory: 878592K Free: 246478K (28%)
----------------- Invoking toplevel() on ptolemy.moml.MoMLSimpleApplication@433b51d7
----------------- Done invoking toplevel() on ptolemy.moml.MoMLSimpleApplication@433b51d7
reloadAllAccessors: .ConfigurationSwitch

===========================================================================================
----------------- testing Thu Jun 28 01:27:57 UTC 2018 /home/travis/build/icyphy/ptII/ptolemy/actor/lib/test/auto/ConfigurationSwitch2.xml
----------------- Instantiating /home/travis/build/icyphy/ptII/ptolemy/actor/lib/test/auto/ConfigurationSwitch2.xml
2 ms. Memory: 878592K Free: 238675K (27%)
----------------- Invoking toplevel() on ptolemy.moml.MoMLSimpleApplication@551d9201
----------------- Done invoking toplevel() on ptolemy.moml.MoMLSimpleApplication@551d9201
reloadAllAccessors: .ConfigurationSwitch2

===========================================================================================
----------------- testing Thu Jun 28 01:27:57 UTC 2018 /home/travis/build/icyphy/ptII/ptolemy/actor/lib/test/auto/ConfigurationSwitchCloningBugWithClassRelationGroup.xml
----------------- Instantiating /home/travis/build/icyphy/ptII/ptolemy/actor/lib/test/auto/ConfigurationSwitchCloningBugWithClassRelationGroup.xml
3 ms. Memory: 878592K Free: 216507K (25%)
----------------- Invoking toplevel() on ptolemy.moml.MoMLSimpleApplication@69486897
----------------- Done invoking toplevel() on ptolemy.moml.MoMLSimpleApplication@69486897
reloadAllAccessors: .ConfigurationSwitchCloningBugWithClassRelationGroup

===========================================================================================
----------------- testing Thu Jun 28 01:27:57 UTC 2018 /home/travis/build/icyphy/ptII/ptolemy/actor/lib/test/auto/ConfigurationSwitchSelectSDF.xml
----------------- Instantiating /home/travis/build/icyphy/ptII/ptolemy/actor/lib/test/auto/ConfigurationSwitchSelectSDF.xml
3 ms. Memory: 878592K Free: 208704K (24%)
----------------- Invoking toplevel() on ptolemy.moml.MoMLSimpleApplication@fcb7dcc
----------------- Done invoking toplevel() on ptolemy.moml.MoMLSimpleApplication@fcb7dcc
reloadAllAccessors: .ConfigurationSwitchSelectSDF

===========================================================================================
----------------- testing Thu Jun 28 01:27:57 UTC 2018 /home/travis/build/icyphy/ptII/ptolemy/actor/lib/test/auto/ConfigurationSwitchSelectSDF2.xml
----------------- Instantiating /home/travis/build/icyphy/ptII/ptolemy/actor/lib/test/auto/ConfigurationSwitchSelectSDF2.xml
2 ms. Memory: 878592K Free: 200901K (23%)
----------------- Invoking toplevel() on ptolemy.moml.MoMLSimpleApplication@775a88
----------------- Done invoking toplevel() on ptolemy.moml.MoMLSimpleApplication@775a88
reloadAllAccessors: .ConfigurationSwitchSelectSDF2

===========================================================================================
----------------- testing Thu Jun 28 01:27:57 UTC 2018 /home/travis/build/icyphy/ptII/ptolemy/actor/lib/test/auto/Const.xml
----------------- Instantiating /home/travis/build/icyphy/ptII/ptolemy/actor/lib/test/auto/Const.xml
2 ms. Memory: 878592K Free: 193098K (22%)
----------------- Invoking toplevel() on ptolemy.moml.MoMLSimpleApplication@72a4bce8
----------------- Done invoking toplevel() on ptolemy.moml.MoMLSimpleApplication@72a4bce8
reloadAllAccessors: .Const

===========================================================================================
----------------- testing Thu Jun 28 01:27:57 UTC 2018 /home/travis/build/icyphy/ptII/ptolemy/actor/lib/test/auto/Const2.xml
----------------- Instantiating /home/travis/build/icyphy/ptII/ptolemy/actor/lib/test/auto/Const2.xml
2 ms. Memory: 878592K Free: 174847K (20%)
----------------- Invoking toplevel() on ptolemy.moml.MoMLSimpleApplication@abb3977
----------------- Done invoking toplevel() on ptolemy.moml.MoMLSimpleApplication@abb3977
reloadAllAccessors: .Const2

===========================================================================================
----------------- testing Thu Jun 28 01:27:57 UTC 2018 /home/travis/build/icyphy/ptII/ptolemy/actor/lib/test/auto/Const3.xml
----------------- Instantiating /home/travis/build/icyphy/ptII/ptolemy/actor/lib/test/auto/Const3.xml
3 ms. Memory: 878592K Free: 167044K (19%)
----------------- Invoking toplevel() on ptolemy.moml.MoMLSimpleApplication@58e07fe2
----------------- Done invoking toplevel() on ptolemy.moml.MoMLSimpleApplication@58e07fe2
reloadAllAccessors: .Const3

===========================================================================================
----------------- testing Thu Jun 28 01:27:57 UTC 2018 /home/travis/build/icyphy/ptII/ptolemy/actor/lib/test/auto/ConstantPublisherPort1.xml
----------------- Instantiating /home/travis/build/icyphy/ptII/ptolemy/actor/lib/test/auto/ConstantPublisherPort1.xml
6 ms. Memory: 878592K Free: 155324K (18%)
----------------- Invoking toplevel() on ptolemy.moml.MoMLSimpleApplication@bde26e0
----------------- Done invoking toplevel() on ptolemy.moml.MoMLSimpleApplication@bde26e0
reloadAllAccessors: .ConstantPublisherPort1

===========================================================================================
----------------- testing Thu Jun 28 01:27:57 UTC 2018 /home/travis/build/icyphy/ptII/ptolemy/actor/lib/test/auto/ConstantPublisherPort2.xml
----------------- Instantiating /home/travis/build/icyphy/ptII/ptolemy/actor/lib/test/auto/ConstantPublisherPort2.xml
5 ms. Memory: 878592K Free: 143612K (16%)
----------------- Invoking toplevel() on ptolemy.moml.MoMLSimpleApplication@2bfc9003
----------------- Done invoking toplevel() on ptolemy.moml.MoMLSimpleApplication@2bfc9003
reloadAllAccessors: .ConstantPublisherPort2

===========================================================================================
----------------- testing Thu Jun 28 01:27:57 UTC 2018 /home/travis/build/icyphy/ptII/ptolemy/actor/lib/test/auto/ConstantPublisherPort3.xml
----------------- Instantiating /home/travis/build/icyphy/ptII/ptolemy/actor/lib/test/auto/ConstantPublisherPort3.xml
4 ms. Memory: 878592K Free: 131907K (15%)
----------------- Invoking toplevel() on ptolemy.moml.MoMLSimpleApplication@1bec35c0
----------------- Done invoking toplevel() on ptolemy.moml.MoMLSimpleApplication@1bec35c0
reloadAllAccessors: .ConstantPublisherPort3

===========================================================================================
----------------- testing Thu Jun 28 01:27:57 UTC 2018 /home/travis/build/icyphy/ptII/ptolemy/actor/lib/test/auto/ConstantPublisherPort4.xml
----------------- Instantiating /home/travis/build/icyphy/ptII/ptolemy/actor/lib/test/auto/ConstantPublisherPort4.xml
6 ms. Memory: 878592K Free: 109747K (12%)
----------------- Invoking toplevel() on ptolemy.moml.MoMLSimpleApplication@185fe266
----------------- Done invoking toplevel() on ptolemy.moml.MoMLSimpleApplication@185fe266
reloadAllAccessors: .ConstantPublisherPort4

===========================================================================================
----------------- testing Thu Jun 28 01:27:57 UTC 2018 /home/travis/build/icyphy/ptII/ptolemy/actor/lib/test/auto/ConstantPublisherPort5.xml
----------------- Instantiating /home/travis/build/icyphy/ptII/ptolemy/actor/lib/test/auto/ConstantPublisherPort5.xml
17 ms. Memory: 878592K Free: 90224K (10%)
----------------- Invoking toplevel() on ptolemy.moml.MoMLSimpleApplication@337a6d1
----------------- Done invoking toplevel() on ptolemy.moml.MoMLSimpleApplication@337a6d1
reloadAllAccessors: .ConstantPublisherPort5

===========================================================================================
----------------- testing Thu Jun 28 01:27:57 UTC 2018 /home/travis/build/icyphy/ptII/ptolemy/actor/lib/test/auto/ConstantPublisherPort6.xml
----------------- Instantiating /home/travis/build/icyphy/ptII/ptolemy/actor/lib/test/auto/ConstantPublisherPort6.xml
15 ms. Memory: 878592K Free: 66799K (8%)
----------------- Invoking toplevel() on ptolemy.moml.MoMLSimpleApplication@4dc23316
----------------- Done invoking toplevel() on ptolemy.moml.MoMLSimpleApplication@4dc23316
reloadAllAccessors: .ConstantPublisherPort6

===========================================================================================
----------------- testing Thu Jun 28 01:27:57 UTC 2018 /home/travis/build/icyphy/ptII/ptolemy/actor/lib/test/auto/ConstantPublisherPort7.xml
----------------- Instantiating /home/travis/build/icyphy/ptII/ptolemy/actor/lib/test/auto/ConstantPublisherPort7.xml
40 ms. Memory: 879616K Free: 827139K (94%)
----------------- Invoking toplevel() on ptolemy.moml.MoMLSimpleApplication@56dc3d4a
----------------- Done invoking toplevel() on ptolemy.moml.MoMLSimpleApplication@56dc3d4a
reloadAllAccessors: .ConstantPublisherPort7

===========================================================================================
----------------- testing Thu Jun 28 01:27:57 UTC 2018 /home/travis/build/icyphy/ptII/ptolemy/actor/lib/test/auto/ConstraintMonitor1.xml
----------------- Instantiating /home/travis/build/icyphy/ptII/ptolemy/actor/lib/test/auto/ConstraintMonitor1.xml
6 ms. Memory: 879616K Free: 809552K (92%)
----------------- Invoking toplevel() on ptolemy.moml.MoMLSimpleApplication@408ff0bf
----------------- Done invoking toplevel() on ptolemy.moml.MoMLSimpleApplication@408ff0bf
reloadAllAccessors: .ConstraintMonitor1

===========================================================================================
----------------- testing Thu Jun 28 01:27:57 UTC 2018 /home/travis/build/icyphy/ptII/ptolemy/actor/lib/test/auto/ConstraintMonitor2.xml
----------------- Instantiating /home/travis/build/icyphy/ptII/ptolemy/actor/lib/test/auto/ConstraintMonitor2.xml
6 ms. Memory: 879616K Free: 801750K (91%)
----------------- Invoking toplevel() on ptolemy.moml.MoMLSimpleApplication@686a0f6b
----------------- Done invoking toplevel() on ptolemy.moml.MoMLSimpleApplication@686a0f6b
reloadAllAccessors: .ConstraintMonitor2

===========================================================================================
----------------- testing Thu Jun 28 01:27:57 UTC 2018 /home/travis/build/icyphy/ptII/ptolemy/actor/lib/test/auto/ConstraintMonitor3.xml
----------------- Instantiating /home/travis/build/icyphy/ptII/ptolemy/actor/lib/test/auto/ConstraintMonitor3.xml
6 ms. Memory: 879616K Free: 793947K (90%)
----------------- Invoking toplevel() on ptolemy.moml.MoMLSimpleApplication@48538aef
----------------- Done invoking toplevel() on ptolemy.moml.MoMLSimpleApplication@48538aef
reloadAllAccessors: .ConstraintMonitor3

===========================================================================================
----------------- testing Thu Jun 28 01:27:57 UTC 2018 /home/travis/build/icyphy/ptII/ptolemy/actor/lib/test/auto/ConstraintMonitor4.xml
----------------- Instantiating /home/travis/build/icyphy/ptII/ptolemy/actor/lib/test/auto/ConstraintMonitor4.xml
6 ms. Memory: 879616K Free: 778349K (88%)
----------------- Invoking toplevel() on ptolemy.moml.MoMLSimpleApplication@5a8c6d13
----------------- Done invoking toplevel() on ptolemy.moml.MoMLSimpleApplication@5a8c6d13
reloadAllAccessors: .ConstraintMonitor4

===========================================================================================
----------------- testing Thu Jun 28 01:27:57 UTC 2018 /home/travis/build/icyphy/ptII/ptolemy/actor/lib/test/auto/ConstraintMonitor5.xml
----------------- Instantiating /home/travis/build/icyphy/ptII/ptolemy/actor/lib/test/auto/ConstraintMonitor5.xml
6 ms. Memory: 879616K Free: 770546K (88%)
----------------- Invoking toplevel() on ptolemy.moml.MoMLSimpleApplication@7d38758d
----------------- Done invoking toplevel() on ptolemy.moml.MoMLSimpleApplication@7d38758d
reloadAllAccessors: .ConstraintMonitor5

===========================================================================================
----------------- testing Thu Jun 28 01:27:57 UTC 2018 /home/travis/build/icyphy/ptII/ptolemy/actor/lib/test/auto/ConstraintMonitor6.xml
----------------- Instantiating /home/travis/build/icyphy/ptII/ptolemy/actor/lib/test/auto/ConstraintMonitor6.xml
8 ms. Memory: 879616K Free: 758826K (86%)
----------------- Invoking toplevel() on ptolemy.moml.MoMLSimpleApplication@10d104c8
----------------- Done invoking toplevel() on ptolemy.moml.MoMLSimpleApplication@10d104c8
reloadAllAccessors: .ConstraintMonitor6

===========================================================================================
----------------- testing Thu Jun 28 01:27:57 UTC 2018 /home/travis/build/icyphy/ptII/ptolemy/actor/lib/test/auto/ConstraintMonitor7.xml
----------------- Instantiating /home/travis/build/icyphy/ptII/ptolemy/actor/lib/test/auto/ConstraintMonitor7.xml
2 ms. Memory: 879616K Free: 739149K (84%)
----------------- Invoking toplevel() on ptolemy.moml.MoMLSimpleApplication@18565f05
----------------- Done invoking toplevel() on ptolemy.moml.MoMLSimpleApplication@18565f05
reloadAllAccessors: .ConstraintMonitor7

===========================================================================================
----------------- testing Thu Jun 28 01:27:57 UTC 2018 /home/travis/build/icyphy/ptII/ptolemy/actor/lib/test/auto/ConstraintMonitor8.xml
----------------- Instantiating /home/travis/build/icyphy/ptII/ptolemy/actor/lib/test/auto/ConstraintMonitor8.xml
8 ms. Memory: 879616K Free: 727429K (83%)
----------------- Invoking toplevel() on ptolemy.moml.MoMLSimpleApplication@43a3270c
----------------- Done invoking toplevel() on ptolemy.moml.MoMLSimpleApplication@43a3270c
reloadAllAccessors: .ConstraintMonitor8

===========================================================================================
----------------- testing Thu Jun 28 01:27:57 UTC 2018 /home/travis/build/icyphy/ptII/ptolemy/actor/lib/test/auto/Counter.xml
----------------- Instantiating /home/travis/build/icyphy/ptII/ptolemy/actor/lib/test/auto/Counter.xml
3 ms. Memory: 879616K Free: 719626K (82%)
----------------- Invoking toplevel() on ptolemy.moml.MoMLSimpleApplication@6170e768
----------------- Done invoking toplevel() on ptolemy.moml.MoMLSimpleApplication@6170e768
reloadAllAccessors: .Counter

===========================================================================================
----------------- testing Thu Jun 28 01:27:57 UTC 2018 /home/travis/build/icyphy/ptII/ptolemy/actor/lib/test/auto/CurrentTimeSDF.xml
----------------- Instantiating /home/travis/build/icyphy/ptII/ptolemy/actor/lib/test/auto/CurrentTimeSDF.xml
1 ms. Memory: 879616K Free: 711823K (81%)
----------------- Invoking toplevel() on ptolemy.moml.MoMLSimpleApplication@2ada833c
----------------- Done invoking toplevel() on ptolemy.moml.MoMLSimpleApplication@2ada833c
reloadAllAccessors: .CurrentTimeSDF

===========================================================================================
----------------- testing Thu Jun 28 01:27:57 UTC 2018 /home/travis/build/icyphy/ptII/ptolemy/actor/lib/test/auto/DB.xml
----------------- Instantiating /home/travis/build/icyphy/ptII/ptolemy/actor/lib/test/auto/DB.xml
2 ms. Memory: 879616K Free: 696226K (79%)
----------------- Invoking toplevel() on ptolemy.moml.MoMLSimpleApplication@50510ec2
----------------- Done invoking toplevel() on ptolemy.moml.MoMLSimpleApplication@50510ec2
reloadAllAccessors: .DB

===========================================================================================
----------------- testing Thu Jun 28 01:27:57 UTC 2018 /home/travis/build/icyphy/ptII/ptolemy/actor/lib/test/auto/DBDE.xml
----------------- Instantiating /home/travis/build/icyphy/ptII/ptolemy/actor/lib/test/auto/DBDE.xml
2 ms. Memory: 879616K Free: 684521K (78%)
----------------- Invoking toplevel() on ptolemy.moml.MoMLSimpleApplication@94ca0f7
----------------- Done invoking toplevel() on ptolemy.moml.MoMLSimpleApplication@94ca0f7
reloadAllAccessors: .DBDE

===========================================================================================
----------------- testing Thu Jun 28 01:27:57 UTC 2018 /home/travis/build/icyphy/ptII/ptolemy/actor/lib/test/auto/DateConstructor.xml
----------------- Instantiating /home/travis/build/icyphy/ptII/ptolemy/actor/lib/test/auto/DateConstructor.xml
12 ms. Memory: 879616K Free: 664966K (76%)
----------------- Invoking toplevel() on ptolemy.moml.MoMLSimpleApplication@6baad9f2
----------------- Done invoking toplevel() on ptolemy.moml.MoMLSimpleApplication@6baad9f2
reloadAllAccessors: .DateConstructor

===========================================================================================
----------------- testing Thu Jun 28 01:27:57 UTC 2018 /home/travis/build/icyphy/ptII/ptolemy/actor/lib/test/auto/DelayTime.xml
----------------- Instantiating /home/travis/build/icyphy/ptII/ptolemy/actor/lib/test/auto/DelayTime.xml
3 ms. Memory: 879616K Free: 649368K (74%)
----------------- Invoking toplevel() on ptolemy.moml.MoMLSimpleApplication@724953f8
----------------- Done invoking toplevel() on ptolemy.moml.MoMLSimpleApplication@724953f8
reloadAllAccessors: .DelayTime

===========================================================================================
----------------- testing Thu Jun 28 01:27:57 UTC 2018 /home/travis/build/icyphy/ptII/ptolemy/actor/lib/test/auto/Dictionary1.xml
----------------- Instantiating /home/travis/build/icyphy/ptII/ptolemy/actor/lib/test/auto/Dictionary1.xml
2 ms. Memory: 879616K Free: 641565K (73%)
----------------- Invoking toplevel() on ptolemy.moml.MoMLSimpleApplication@69ee3e01
----------------- Done invoking toplevel() on ptolemy.moml.MoMLSimpleApplication@69ee3e01
reloadAllAccessors: .Dictionary1

===========================================================================================
----------------- testing Thu Jun 28 01:27:57 UTC 2018 /home/travis/build/icyphy/ptII/ptolemy/actor/lib/test/auto/Dictionary2.xml
----------------- Instantiating /home/travis/build/icyphy/ptII/ptolemy/actor/lib/test/auto/Dictionary2.xml
2 ms. Memory: 879616K Free: 633762K (72%)
----------------- Invoking toplevel() on ptolemy.moml.MoMLSimpleApplication@7531c096
----------------- Done invoking toplevel() on ptolemy.moml.MoMLSimpleApplication@7531c096
reloadAllAccessors: .Dictionary2

===========================================================================================
----------------- testing Thu Jun 28 01:27:57 UTC 2018 /home/travis/build/icyphy/ptII/ptolemy/actor/lib/test/auto/Dictionary3.xml
----------------- Instantiating /home/travis/build/icyphy/ptII/ptolemy/actor/lib/test/auto/Dictionary3.xml
2 ms. Memory: 879616K Free: 618165K (70%)
----------------- Invoking toplevel() on ptolemy.moml.MoMLSimpleApplication@9d98bc3
----------------- Done invoking toplevel() on ptolemy.moml.MoMLSimpleApplication@9d98bc3
reloadAllAccessors: .Dictionary3

===========================================================================================
----------------- testing Thu Jun 28 01:27:57 UTC 2018 /home/travis/build/icyphy/ptII/ptolemy/actor/lib/test/auto/Dictionary4.xml
----------------- Instantiating /home/travis/build/icyphy/ptII/ptolemy/actor/lib/test/auto/Dictionary4.xml
5 ms. Memory: 879616K Free: 606445K (69%)
----------------- Invoking toplevel() on ptolemy.moml.MoMLSimpleApplication@6ff6cf28
----------------- Done invoking toplevel() on ptolemy.moml.MoMLSimpleApplication@6ff6cf28
reloadAllAccessors: .Dictionary4

===========================================================================================
----------------- testing Thu Jun 28 01:27:57 UTC 2018 /home/travis/build/icyphy/ptII/ptolemy/actor/lib/test/auto/Differential.xml
----------------- Instantiating /home/travis/build/icyphy/ptII/ptolemy/actor/lib/test/auto/Differential.xml
3 ms. Memory: 879616K Free: 598642K (68%)
----------------- Invoking toplevel() on ptolemy.moml.MoMLSimpleApplication@23d155a3
----------------- Done invoking toplevel() on ptolemy.moml.MoMLSimpleApplication@23d155a3
reloadAllAccessors: .Differential

===========================================================================================
----------------- testing Thu Jun 28 01:27:57 UTC 2018 /home/travis/build/icyphy/ptII/ptolemy/actor/lib/test/auto/Director.xml
----------------- Instantiating /home/travis/build/icyphy/ptII/ptolemy/actor/lib/test/auto/Director.xml
3 ms. Memory: 879616K Free: 590839K (67%)
----------------- Invoking toplevel() on ptolemy.moml.MoMLSimpleApplication@56e7bd9
----------------- Done invoking toplevel() on ptolemy.moml.MoMLSimpleApplication@56e7bd9
reloadAllAccessors: .Director

===========================================================================================
----------------- testing Thu Jun 28 01:27:57 UTC 2018 /home/travis/build/icyphy/ptII/ptolemy/actor/lib/test/auto/DiscreteClock.xml
----------------- Instantiating /home/travis/build/icyphy/ptII/ptolemy/actor/lib/test/auto/DiscreteClock.xml
1 ms. Memory: 879616K Free: 575241K (65%)
----------------- Invoking toplevel() on ptolemy.moml.MoMLSimpleApplication@ec048b4
----------------- Done invoking toplevel() on ptolemy.moml.MoMLSimpleApplication@ec048b4
reloadAllAccessors: .DiscreteClock

===========================================================================================
----------------- testing Thu Jun 28 01:27:57 UTC 2018 /home/travis/build/icyphy/ptII/ptolemy/actor/lib/test/auto/DiscreteClock10.xml
----------------- Instantiating /home/travis/build/icyphy/ptII/ptolemy/actor/lib/test/auto/DiscreteClock10.xml
2 ms. Memory: 879616K Free: 567438K (65%)
----------------- Invoking toplevel() on ptolemy.moml.MoMLSimpleApplication@e879662
----------------- Done invoking toplevel() on ptolemy.moml.MoMLSimpleApplication@e879662
reloadAllAccessors: .DiscreteClock10

===========================================================================================
----------------- testing Thu Jun 28 01:27:57 UTC 2018 /home/travis/build/icyphy/ptII/ptolemy/actor/lib/test/auto/DiscreteClock11.xml
----------------- Instantiating /home/travis/build/icyphy/ptII/ptolemy/actor/lib/test/auto/DiscreteClock11.xml
2 ms. Memory: 879616K Free: 559635K (64%)
----------------- Invoking toplevel() on ptolemy.moml.MoMLSimpleApplication@51c1c0c6
----------------- Done invoking toplevel() on ptolemy.moml.MoMLSimpleApplication@51c1c0c6
reloadAllAccessors: .DiscreteClock11

===========================================================================================
----------------- testing Thu Jun 28 01:27:57 UTC 2018 /home/travis/build/icyphy/ptII/ptolemy/actor/lib/test/auto/DiscreteClock12.xml
----------------- Instantiating /home/travis/build/icyphy/ptII/ptolemy/actor/lib/test/auto/DiscreteClock12.xml
2 ms. Memory: 879616K Free: 544038K (62%)
----------------- Invoking toplevel() on ptolemy.moml.MoMLSimpleApplication@7b2f1f3a
----------------- Done invoking toplevel() on ptolemy.moml.MoMLSimpleApplication@7b2f1f3a
reloadAllAccessors: .DiscreteClock12

===========================================================================================
----------------- testing Thu Jun 28 01:27:57 UTC 2018 /home/travis/build/icyphy/ptII/ptolemy/actor/lib/test/auto/DiscreteClock13.xml
----------------- Instantiating /home/travis/build/icyphy/ptII/ptolemy/actor/lib/test/auto/DiscreteClock13.xml
6 ms. Memory: 879616K Free: 536235K (61%)
----------------- Invoking toplevel() on ptolemy.moml.MoMLSimpleApplication@1df24073
----------------- Done invoking toplevel() on ptolemy.moml.MoMLSimpleApplication@1df24073
reloadAllAccessors: .DiscreteClock13

===========================================================================================
----------------- testing Thu Jun 28 01:27:57 UTC 2018 /home/travis/build/icyphy/ptII/ptolemy/actor/lib/test/auto/DiscreteClock14.xml
----------------- Instantiating /home/travis/build/icyphy/ptII/ptolemy/actor/lib/test/auto/DiscreteClock14.xml
9 ms. Memory: 879616K Free: 528432K (60%)
----------------- Invoking toplevel() on ptolemy.moml.MoMLSimpleApplication@4796a34e
----------------- Done invoking toplevel() on ptolemy.moml.MoMLSimpleApplication@4796a34e
reloadAllAccessors: .DiscreteClock14

===========================================================================================
----------------- testing Thu Jun 28 01:27:58 UTC 2018 /home/travis/build/icyphy/ptII/ptolemy/actor/lib/test/auto/DiscreteClock15.xml
----------------- Instantiating /home/travis/build/icyphy/ptII/ptolemy/actor/lib/test/auto/DiscreteClock15.xml
7 ms. Memory: 879616K Free: 512835K (58%)
----------------- Invoking toplevel() on ptolemy.moml.MoMLSimpleApplication@5722cd23
----------------- Done invoking toplevel() on ptolemy.moml.MoMLSimpleApplication@5722cd23
reloadAllAccessors: .DiscreteClock15

===========================================================================================
----------------- testing Thu Jun 28 01:27:58 UTC 2018 /home/travis/build/icyphy/ptII/ptolemy/actor/lib/test/auto/DiscreteClock16.xml
----------------- Instantiating /home/travis/build/icyphy/ptII/ptolemy/actor/lib/test/auto/DiscreteClock16.xml
18 ms. Memory: 879616K Free: 497213K (57%)
----------------- Invoking toplevel() on ptolemy.moml.MoMLSimpleApplication@f845e7a
----------------- Done invoking toplevel() on ptolemy.moml.MoMLSimpleApplication@f845e7a
reloadAllAccessors: .DiscreteClock16

===========================================================================================
----------------- testing Thu Jun 28 01:27:58 UTC 2018 /home/travis/build/icyphy/ptII/ptolemy/actor/lib/test/auto/DiscreteClock17.xml
----------------- Instantiating /home/travis/build/icyphy/ptII/ptolemy/actor/lib/test/auto/DiscreteClock17.xml
15 ms. Memory: 879616K Free: 481599K (55%)
----------------- Invoking toplevel() on ptolemy.moml.MoMLSimpleApplication@6152ac65
----------------- Done invoking toplevel() on ptolemy.moml.MoMLSimpleApplication@6152ac65
reloadAllAccessors: .DiscreteClock17

===========================================================================================
----------------- testing Thu Jun 28 01:27:58 UTC 2018 /home/travis/build/icyphy/ptII/ptolemy/actor/lib/test/auto/DiscreteClock18.xml
----------------- Instantiating /home/travis/build/icyphy/ptII/ptolemy/actor/lib/test/auto/DiscreteClock18.xml
21 ms. Memory: 879616K Free: 465977K (53%)
----------------- Invoking toplevel() on ptolemy.moml.MoMLSimpleApplication@569c21b3
----------------- Done invoking toplevel() on ptolemy.moml.MoMLSimpleApplication@569c21b3
reloadAllAccessors: .DiscreteClock18

===========================================================================================
----------------- testing Thu Jun 28 01:27:58 UTC 2018 /home/travis/build/icyphy/ptII/ptolemy/actor/lib/test/auto/DiscreteClock19.xml
----------------- Instantiating /home/travis/build/icyphy/ptII/ptolemy/actor/lib/test/auto/DiscreteClock19.xml
20 ms. Memory: 879616K Free: 442577K (50%)
----------------- Invoking toplevel() on ptolemy.moml.MoMLSimpleApplication@6c2e1049
----------------- Done invoking toplevel() on ptolemy.moml.MoMLSimpleApplication@6c2e1049
reloadAllAccessors: .DiscreteClock19

===========================================================================================
----------------- testing Thu Jun 28 01:27:58 UTC 2018 /home/travis/build/icyphy/ptII/ptolemy/actor/lib/test/auto/DiscreteClock2.xml
----------------- Instantiating /home/travis/build/icyphy/ptII/ptolemy/actor/lib/test/auto/DiscreteClock2.xml
6 ms. Memory: 879616K Free: 434774K (49%)
----------------- Invoking toplevel() on ptolemy.moml.MoMLSimpleApplication@666b3f3d
----------------- Done invoking toplevel() on ptolemy.moml.MoMLSimpleApplication@666b3f3d
reloadAllAccessors: .DiscreteClock2

===========================================================================================
----------------- testing Thu Jun 28 01:27:58 UTC 2018 /home/travis/build/icyphy/ptII/ptolemy/actor/lib/test/auto/DiscreteClock20.xml
----------------- Instantiating /home/travis/build/icyphy/ptII/ptolemy/actor/lib/test/auto/DiscreteClock20.xml
9 ms. Memory: 1368064K Free: 1310198K (96%)
----------------- Invoking toplevel() on ptolemy.moml.MoMLSimpleApplication@3ef94fdc
----------------- Done invoking toplevel() on ptolemy.moml.MoMLSimpleApplication@3ef94fdc
reloadAllAccessors: .DiscreteClock20

===========================================================================================
----------------- testing Thu Jun 28 01:27:58 UTC 2018 /home/travis/build/icyphy/ptII/ptolemy/actor/lib/test/auto/DiscreteClock21.xml
----------------- Instantiating /home/travis/build/icyphy/ptII/ptolemy/actor/lib/test/auto/DiscreteClock21.xml
7 ms. Memory: 1368064K Free: 1287758K (94%)
----------------- Invoking toplevel() on ptolemy.moml.MoMLSimpleApplication@7d09834f
----------------- Done invoking toplevel() on ptolemy.moml.MoMLSimpleApplication@7d09834f
reloadAllAccessors: .DiscreteClock21

===========================================================================================
----------------- testing Thu Jun 28 01:27:58 UTC 2018 /home/travis/build/icyphy/ptII/ptolemy/actor/lib/test/auto/DiscreteClock22.xml
----------------- Instantiating /home/travis/build/icyphy/ptII/ptolemy/actor/lib/test/auto/DiscreteClock22.xml
3 ms. Memory: 1368064K Free: 1275271K (93%)
----------------- Invoking toplevel() on ptolemy.moml.MoMLSimpleApplication@35fdbd2e
----------------- Done invoking toplevel() on ptolemy.moml.MoMLSimpleApplication@35fdbd2e
reloadAllAccessors: .DiscreteClock22

===========================================================================================
----------------- testing Thu Jun 28 01:27:58 UTC 2018 /home/travis/build/icyphy/ptII/ptolemy/actor/lib/test/auto/DiscreteClock23.xml
----------------- Instantiating /home/travis/build/icyphy/ptII/ptolemy/actor/lib/test/auto/DiscreteClock23.xml
6 ms. Memory: 1368064K Free: 1262783K (92%)
----------------- Invoking toplevel() on ptolemy.moml.MoMLSimpleApplication@7cb1c9c
----------------- Done invoking toplevel() on ptolemy.moml.MoMLSimpleApplication@7cb1c9c
reloadAllAccessors: .DiscreteClock23

===========================================================================================
----------------- testing Thu Jun 28 01:27:58 UTC 2018 /home/travis/build/icyphy/ptII/ptolemy/actor/lib/test/auto/DiscreteClock24.xml
----------------- Instantiating /home/travis/build/icyphy/ptII/ptolemy/actor/lib/test/auto/DiscreteClock24.xml
6 ms. Memory: 1368064K Free: 1250295K (91%)
----------------- Invoking toplevel() on ptolemy.moml.MoMLSimpleApplication@337e09c6
----------------- Done invoking toplevel() on ptolemy.moml.MoMLSimpleApplication@337e09c6
reloadAllAccessors: .DiscreteClock24

===========================================================================================
----------------- testing Thu Jun 28 01:27:58 UTC 2018 /home/travis/build/icyphy/ptII/ptolemy/actor/lib/test/auto/DiscreteClock4.xml
----------------- Instantiating /home/travis/build/icyphy/ptII/ptolemy/actor/lib/test/auto/DiscreteClock4.xml
2 ms. Memory: 1368064K Free: 1228024K (90%)
----------------- Invoking toplevel() on ptolemy.moml.MoMLSimpleApplication@2d24b85c
----------------- Done invoking toplevel() on ptolemy.moml.MoMLSimpleApplication@2d24b85c
reloadAllAccessors: .DiscreteClock4

===========================================================================================
----------------- testing Thu Jun 28 01:27:58 UTC 2018 /home/travis/build/icyphy/ptII/ptolemy/actor/lib/test/auto/DiscreteClock5.xml
----------------- Instantiating /home/travis/build/icyphy/ptII/ptolemy/actor/lib/test/auto/DiscreteClock5.xml
2 ms. Memory: 1368064K Free: 1215536K (89%)
----------------- Invoking toplevel() on ptolemy.moml.MoMLSimpleApplication@5b1ef991
----------------- Done invoking toplevel() on ptolemy.moml.MoMLSimpleApplication@5b1ef991
reloadAllAccessors: .DiscreteClock5

===========================================================================================
----------------- testing Thu Jun 28 01:27:58 UTC 2018 /home/travis/build/icyphy/ptII/ptolemy/actor/lib/test/auto/DiscreteClock6.xml
----------------- Instantiating /home/travis/build/icyphy/ptII/ptolemy/actor/lib/test/auto/DiscreteClock6.xml
1 ms. Memory: 1368064K Free: 1194932K (87%)
----------------- Invoking toplevel() on ptolemy.moml.MoMLSimpleApplication@304859de
----------------- Done invoking toplevel() on ptolemy.moml.MoMLSimpleApplication@304859de
reloadAllAccessors: .DiscreteClock6

===========================================================================================
----------------- testing Thu Jun 28 01:27:58 UTC 2018 /home/travis/build/icyphy/ptII/ptolemy/actor/lib/test/auto/DiscreteClock7.xml
----------------- Instantiating /home/travis/build/icyphy/ptII/ptolemy/actor/lib/test/auto/DiscreteClock7.xml
1 ms. Memory: 1368064K Free: 1182444K (86%)
----------------- Invoking toplevel() on ptolemy.moml.MoMLSimpleApplication@644cdb3d
----------------- Done invoking toplevel() on ptolemy.moml.MoMLSimpleApplication@644cdb3d
reloadAllAccessors: .DiscreteClock7

===========================================================================================
----------------- testing Thu Jun 28 01:27:59 UTC 2018 /home/travis/build/icyphy/ptII/ptolemy/actor/lib/test/auto/DiscreteClock8.xml
----------------- Instantiating /home/travis/build/icyphy/ptII/ptolemy/actor/lib/test/auto/DiscreteClock8.xml
4 ms. Memory: 1368064K Free: 1160173K (85%)
----------------- Invoking toplevel() on ptolemy.moml.MoMLSimpleApplication@7f99945
----------------- Done invoking toplevel() on ptolemy.moml.MoMLSimpleApplication@7f99945
reloadAllAccessors: .DiscreteClock8

===========================================================================================
----------------- testing Thu Jun 28 01:27:59 UTC 2018 /home/travis/build/icyphy/ptII/ptolemy/actor/lib/test/auto/DiscreteClock9.xml
----------------- Instantiating /home/travis/build/icyphy/ptII/ptolemy/actor/lib/test/auto/DiscreteClock9.xml
1 ms. Memory: 1368064K Free: 1147685K (84%)
----------------- Invoking toplevel() on ptolemy.moml.MoMLSimpleApplication@5d6d42a0
----------------- Done invoking toplevel() on ptolemy.moml.MoMLSimpleApplication@5d6d42a0
reloadAllAccessors: .DiscreteClock9

===========================================================================================
----------------- testing Thu Jun 28 01:27:59 UTC 2018 /home/travis/build/icyphy/ptII/ptolemy/actor/lib/test/auto/DisplayArray.xml
----------------- Instantiating /home/travis/build/icyphy/ptII/ptolemy/actor/lib/test/auto/DisplayArray.xml
2 ms. Memory: 1368064K Free: 1135198K (83%)
----------------- Invoking toplevel() on ptolemy.moml.MoMLSimpleApplication@7b0f319a
----------------- Done invoking toplevel() on ptolemy.moml.MoMLSimpleApplication@7b0f319a
reloadAllAccessors: .DisplayArray

===========================================================================================
----------------- testing Thu Jun 28 01:27:59 UTC 2018 /home/travis/build/icyphy/ptII/ptolemy/actor/lib/test/auto/Distributor.xml
----------------- Instantiating /home/travis/build/icyphy/ptII/ptolemy/actor/lib/test/auto/Distributor.xml
1 ms. Memory: 1368064K Free: 1122710K (82%)
----------------- Invoking toplevel() on ptolemy.moml.MoMLSimpleApplication@48c235e9
----------------- Done invoking toplevel() on ptolemy.moml.MoMLSimpleApplication@48c235e9
reloadAllAccessors: .Distributor

===========================================================================================
----------------- testing Thu Jun 28 01:27:59 UTC 2018 /home/travis/build/icyphy/ptII/ptolemy/actor/lib/test/auto/Distributor2.xml
----------------- Instantiating /home/travis/build/icyphy/ptII/ptolemy/actor/lib/test/auto/Distributor2.xml
2 ms. Memory: 1368064K Free: 1100439K (80%)
----------------- Invoking toplevel() on ptolemy.moml.MoMLSimpleApplication@34d54b72
----------------- Done invoking toplevel() on ptolemy.moml.MoMLSimpleApplication@34d54b72
reloadAllAccessors: .Distributor2

===========================================================================================
----------------- testing Thu Jun 28 01:27:59 UTC 2018 /home/travis/build/icyphy/ptII/ptolemy/actor/lib/test/auto/DownSample.xml
----------------- Instantiating /home/travis/build/icyphy/ptII/ptolemy/actor/lib/test/auto/DownSample.xml
1 ms. Memory: 1368064K Free: 1087951K (80%)
----------------- Invoking toplevel() on ptolemy.moml.MoMLSimpleApplication@19f8dc02
----------------- Done invoking toplevel() on ptolemy.moml.MoMLSimpleApplication@19f8dc02
reloadAllAccessors: .DownSample

===========================================================================================
----------------- testing Thu Jun 28 01:27:59 UTC 2018 /home/travis/build/icyphy/ptII/ptolemy/actor/lib/test/auto/ElectronicUnitBase1.xml
----------------- Instantiating /home/travis/build/icyphy/ptII/ptolemy/actor/lib/test/auto/ElectronicUnitBase1.xml
22 ms. Memory: 1368064K Free: 1062944K (78%)
----------------- Invoking toplevel() on ptolemy.moml.MoMLSimpleApplication@19ccfe75
----------------- Done invoking toplevel() on ptolemy.moml.MoMLSimpleApplication@19ccfe75
reloadAllAccessors: .ElectronicUnitBase1

===========================================================================================
----------------- testing Thu Jun 28 01:27:59 UTC 2018 /home/travis/build/icyphy/ptII/ptolemy/actor/lib/test/auto/ElementsToArray.xml
----------------- Instantiating /home/travis/build/icyphy/ptII/ptolemy/actor/lib/test/auto/ElementsToArray.xml
3 ms. Memory: 1368064K Free: 1050456K (77%)
----------------- Invoking toplevel() on ptolemy.moml.MoMLSimpleApplication@5de79d66
----------------- Done invoking toplevel() on ptolemy.moml.MoMLSimpleApplication@5de79d66
reloadAllAccessors: .ElementsToArray

===========================================================================================
----------------- testing Thu Jun 28 01:27:59 UTC 2018 /home/travis/build/icyphy/ptII/ptolemy/actor/lib/test/auto/Equals.xml
----------------- Instantiating /home/travis/build/icyphy/ptII/ptolemy/actor/lib/test/auto/Equals.xml
3 ms. Memory: 1368064K Free: 1028185K (75%)
----------------- Invoking toplevel() on ptolemy.moml.MoMLSimpleApplication@5a9bc443
----------------- Done invoking toplevel() on ptolemy.moml.MoMLSimpleApplication@5a9bc443
reloadAllAccessors: .Equals

===========================================================================================
----------------- testing Thu Jun 28 01:27:59 UTC 2018 /home/travis/build/icyphy/ptII/ptolemy/actor/lib/test/auto/Exec.xml
----------------- Instantiating /home/travis/build/icyphy/ptII/ptolemy/actor/lib/test/auto/Exec.xml
11 ms. Memory: 1368064K Free: 996966K (73%)
----------------- Invoking toplevel() on ptolemy.moml.MoMLSimpleApplication@744e9ef3
----------------- Done invoking toplevel() on ptolemy.moml.MoMLSimpleApplication@744e9ef3
reloadAllAccessors: .Exec

===========================================================================================
----------------- testing Thu Jun 28 01:27:59 UTC 2018 /home/travis/build/icyphy/ptII/ptolemy/actor/lib/test/auto/ExecEnvironment.xml
----------------- Instantiating /home/travis/build/icyphy/ptII/ptolemy/actor/lib/test/auto/ExecEnvironment.xml
25 ms. Memory: 1368064K Free: 984478K (72%)
----------------- Invoking toplevel() on ptolemy.moml.MoMLSimpleApplication@1be1fb65
----------------- Done invoking toplevel() on ptolemy.moml.MoMLSimpleApplication@1be1fb65
reloadAllAccessors: .ExecEnvironment

===========================================================================================
----------------- testing Thu Jun 28 01:27:59 UTC 2018 /home/travis/build/icyphy/ptII/ptolemy/actor/lib/test/auto/ExecNonZeroReturnOutput.xml
----------------- Instantiating /home/travis/build/icyphy/ptII/ptolemy/actor/lib/test/auto/ExecNonZeroReturnOutput.xml
120 ms. Memory: 1368064K Free: 890820K (65%)
----------------- Invoking toplevel() on ptolemy.moml.MoMLSimpleApplication@45d4ebe2
----------------- Done invoking toplevel() on ptolemy.moml.MoMLSimpleApplication@45d4ebe2
reloadAllAccessors: .ExecNonZeroReturnOutput

===========================================================================================
----------------- testing Thu Jun 28 01:27:59 UTC 2018 /home/travis/build/icyphy/ptII/ptolemy/actor/lib/test/auto/ExecRunDemos.xml
----------------- Instantiating /home/travis/build/icyphy/ptII/ptolemy/actor/lib/test/auto/ExecRunDemos.xml
Finished: 56 ms. Memory: 116224K Free: 100103K (86%)

Finished: 27 ms. Memory: 116224K Free: 96341K (83%)

Finished: 79 ms. Memory: 116224K Free: 96957K (83%)

Finished: 47 ms. Memory: 116224K Free: 98236K (85%)

Finished: 49 ms. Memory: 116224K Free: 100059K (86%)

9219 ms. Memory: 1368064K Free: 793592K (58%)
----------------- Invoking toplevel() on ptolemy.moml.MoMLSimpleApplication@515d43fd
----------------- Done invoking toplevel() on ptolemy.moml.MoMLSimpleApplication@515d43fd
reloadAllAccessors: .ExecRunDemos

===========================================================================================
----------------- testing Thu Jun 28 01:28:08 UTC 2018 /home/travis/build/icyphy/ptII/ptolemy/actor/lib/test/auto/ExecStop.xml
----------------- Instantiating /home/travis/build/icyphy/ptII/ptolemy/actor/lib/test/auto/ExecStop.xml
5006 ms. Memory: 1368064K Free: 531349K (39%)
----------------- Invoking toplevel() on ptolemy.moml.MoMLSimpleApplication@8ab1d71
----------------- Done invoking toplevel() on ptolemy.moml.MoMLSimpleApplication@8ab1d71
reloadAllAccessors: .ExecStop

===========================================================================================
----------------- testing Thu Jun 28 01:28:13 UTC 2018 /home/travis/build/icyphy/ptII/ptolemy/actor/lib/test/auto/ExecutionTimeSDF.xml
----------------- Instantiating /home/travis/build/icyphy/ptII/ptolemy/actor/lib/test/auto/ExecutionTimeSDF.xml
Fired ExecutionTime: -609367296
Fired ExecutionTime: 990400000
Fired ExecutionTime: -1700167296
6004 ms. Memory: 1368064K Free: 512617K (37%)
----------------- Invoking toplevel() on ptolemy.moml.MoMLSimpleApplication@3f8eb064
----------------- Done invoking toplevel() on ptolemy.moml.MoMLSimpleApplication@3f8eb064
reloadAllAccessors: .ExecutionTimeSDF

===========================================================================================
----------------- testing Thu Jun 28 01:28:19 UTC 2018 /home/travis/build/icyphy/ptII/ptolemy/actor/lib/test/auto/Expression1.xml
----------------- Instantiating /home/travis/build/icyphy/ptII/ptolemy/actor/lib/test/auto/Expression1.xml
1 ms. Memory: 1368064K Free: 500129K (37%)
----------------- Invoking toplevel() on ptolemy.moml.MoMLSimpleApplication@6dc2f254
----------------- Done invoking toplevel() on ptolemy.moml.MoMLSimpleApplication@6dc2f254
reloadAllAccessors: .Expression1

===========================================================================================
----------------- testing Thu Jun 28 01:28:19 UTC 2018 /home/travis/build/icyphy/ptII/ptolemy/actor/lib/test/auto/Expression10.xml
----------------- Instantiating /home/travis/build/icyphy/ptII/ptolemy/actor/lib/test/auto/Expression10.xml
6 ms. Memory: 1368064K Free: 487641K (36%)
----------------- Invoking toplevel() on ptolemy.moml.MoMLSimpleApplication@19deeaaf
----------------- Done invoking toplevel() on ptolemy.moml.MoMLSimpleApplication@19deeaaf
reloadAllAccessors: .Expression10

===========================================================================================
----------------- testing Thu Jun 28 01:28:19 UTC 2018 /home/travis/build/icyphy/ptII/ptolemy/actor/lib/test/auto/Expression11.xml
----------------- Instantiating /home/travis/build/icyphy/ptII/ptolemy/actor/lib/test/auto/Expression11.xml
2 ms. Memory: 1368064K Free: 465371K (34%)
----------------- Invoking toplevel() on ptolemy.moml.MoMLSimpleApplication@27a83aee
----------------- Done invoking toplevel() on ptolemy.moml.MoMLSimpleApplication@27a83aee
reloadAllAccessors: .Expression11

===========================================================================================
----------------- testing Thu Jun 28 01:28:19 UTC 2018 /home/travis/build/icyphy/ptII/ptolemy/actor/lib/test/auto/Expression12.xml
----------------- Instantiating /home/travis/build/icyphy/ptII/ptolemy/actor/lib/test/auto/Expression12.xml
4 ms. Memory: 1368064K Free: 452883K (33%)
----------------- Invoking toplevel() on ptolemy.moml.MoMLSimpleApplication@9847926
----------------- Done invoking toplevel() on ptolemy.moml.MoMLSimpleApplication@9847926
reloadAllAccessors: .Expression12

===========================================================================================
----------------- testing Thu Jun 28 01:28:19 UTC 2018 /home/travis/build/icyphy/ptII/ptolemy/actor/lib/test/auto/Expression13.xml
----------------- Instantiating /home/travis/build/icyphy/ptII/ptolemy/actor/lib/test/auto/Expression13.xml
5 ms. Memory: 1368064K Free: 440395K (32%)
----------------- Invoking toplevel() on ptolemy.moml.MoMLSimpleApplication@19797d86
----------------- Done invoking toplevel() on ptolemy.moml.MoMLSimpleApplication@19797d86
reloadAllAccessors: .Expression13

===========================================================================================
----------------- testing Thu Jun 28 01:28:19 UTC 2018 /home/travis/build/icyphy/ptII/ptolemy/actor/lib/test/auto/Expression14.xml
----------------- Instantiating /home/travis/build/icyphy/ptII/ptolemy/actor/lib/test/auto/Expression14.xml
8 ms. Memory: 1368064K Free: 427907K (31%)
----------------- Invoking toplevel() on ptolemy.moml.MoMLSimpleApplication@58a8216a
----------------- Done invoking toplevel() on ptolemy.moml.MoMLSimpleApplication@58a8216a
reloadAllAccessors: .Expression14

===========================================================================================
----------------- testing Thu Jun 28 01:28:19 UTC 2018 /home/travis/build/icyphy/ptII/ptolemy/actor/lib/test/auto/Expression15.xml
----------------- Instantiating /home/travis/build/icyphy/ptII/ptolemy/actor/lib/test/auto/Expression15.xml
2 ms. Memory: 1368064K Free: 405637K (30%)
----------------- Invoking toplevel() on ptolemy.moml.MoMLSimpleApplication@2966b204
----------------- Done invoking toplevel() on ptolemy.moml.MoMLSimpleApplication@2966b204
reloadAllAccessors: .Expression15

===========================================================================================
----------------- testing Thu Jun 28 01:28:19 UTC 2018 /home/travis/build/icyphy/ptII/ptolemy/actor/lib/test/auto/Expression16.xml
----------------- Instantiating /home/travis/build/icyphy/ptII/ptolemy/actor/lib/test/auto/Expression16.xml
3 ms. Memory: 1368064K Free: 393149K (29%)
----------------- Invoking toplevel() on ptolemy.moml.MoMLSimpleApplication@53bb26ad
----------------- Done invoking toplevel() on ptolemy.moml.MoMLSimpleApplication@53bb26ad
reloadAllAccessors: .Expression16

===========================================================================================
----------------- testing Thu Jun 28 01:28:19 UTC 2018 /home/travis/build/icyphy/ptII/ptolemy/actor/lib/test/auto/Expression17.xml
----------------- Instantiating /home/travis/build/icyphy/ptII/ptolemy/actor/lib/test/auto/Expression17.xml
4 ms. Memory: 1368064K Free: 380661K (28%)
----------------- Invoking toplevel() on ptolemy.moml.MoMLSimpleApplication@dd816d5
----------------- Done invoking toplevel() on ptolemy.moml.MoMLSimpleApplication@dd816d5
reloadAllAccessors: .Expression17

===========================================================================================
----------------- testing Thu Jun 28 01:28:19 UTC 2018 /home/travis/build/icyphy/ptII/ptolemy/actor/lib/test/auto/Expression18.xml
----------------- Instantiating /home/travis/build/icyphy/ptII/ptolemy/actor/lib/test/auto/Expression18.xml
5 ms. Memory: 1368064K Free: 368173K (27%)
----------------- Invoking toplevel() on ptolemy.moml.MoMLSimpleApplication@5b158fc7
----------------- Done invoking toplevel() on ptolemy.moml.MoMLSimpleApplication@5b158fc7
reloadAllAccessors: .Expression18

===========================================================================================
----------------- testing Thu Jun 28 01:28:19 UTC 2018 /home/travis/build/icyphy/ptII/ptolemy/actor/lib/test/auto/Expression2.xml
----------------- Instantiating /home/travis/build/icyphy/ptII/ptolemy/actor/lib/test/auto/Expression2.xml
3 ms. Memory: 1368064K Free: 345902K (25%)
----------------- Invoking toplevel() on ptolemy.moml.MoMLSimpleApplication@73e3d000
----------------- Done invoking toplevel() on ptolemy.moml.MoMLSimpleApplication@73e3d000
reloadAllAccessors: .Expression2

===========================================================================================
----------------- testing Thu Jun 28 01:28:20 UTC 2018 /home/travis/build/icyphy/ptII/ptolemy/actor/lib/test/auto/Expression3.xml
----------------- Instantiating /home/travis/build/icyphy/ptII/ptolemy/actor/lib/test/auto/Expression3.xml
6 ms. Memory: 1368064K Free: 333415K (24%)
----------------- Invoking toplevel() on ptolemy.moml.MoMLSimpleApplication@6db2bc5f
----------------- Done invoking toplevel() on ptolemy.moml.MoMLSimpleApplication@6db2bc5f
reloadAllAccessors: .Expression3

===========================================================================================
----------------- testing Thu Jun 28 01:28:20 UTC 2018 /home/travis/build/icyphy/ptII/ptolemy/actor/lib/test/auto/Expression4.xml
----------------- Instantiating /home/travis/build/icyphy/ptII/ptolemy/actor/lib/test/auto/Expression4.xml
5 ms. Memory: 1368064K Free: 320927K (23%)
----------------- Invoking toplevel() on ptolemy.moml.MoMLSimpleApplication@5cc48fc9
----------------- Done invoking toplevel() on ptolemy.moml.MoMLSimpleApplication@5cc48fc9
reloadAllAccessors: .Expression4

===========================================================================================
----------------- testing Thu Jun 28 01:28:20 UTC 2018 /home/travis/build/icyphy/ptII/ptolemy/actor/lib/test/auto/Expression5.xml
----------------- Instantiating /home/travis/build/icyphy/ptII/ptolemy/actor/lib/test/auto/Expression5.xml
6 ms. Memory: 1368064K Free: 308439K (23%)
----------------- Invoking toplevel() on ptolemy.moml.MoMLSimpleApplication@4b5137c8
----------------- Done invoking toplevel() on ptolemy.moml.MoMLSimpleApplication@4b5137c8
reloadAllAccessors: .Expression5

===========================================================================================
----------------- testing Thu Jun 28 01:28:20 UTC 2018 /home/travis/build/icyphy/ptII/ptolemy/actor/lib/test/auto/Expression6.xml
----------------- Instantiating /home/travis/build/icyphy/ptII/ptolemy/actor/lib/test/auto/Expression6.xml
3 ms. Memory: 1368064K Free: 295951K (22%)
----------------- Invoking toplevel() on ptolemy.moml.MoMLSimpleApplication@4e9af748
----------------- Done invoking toplevel() on ptolemy.moml.MoMLSimpleApplication@4e9af748
reloadAllAccessors: .Expression6

===========================================================================================
----------------- testing Thu Jun 28 01:28:20 UTC 2018 /home/travis/build/icyphy/ptII/ptolemy/actor/lib/test/auto/Expression7.xml
----------------- Instantiating /home/travis/build/icyphy/ptII/ptolemy/actor/lib/test/auto/Expression7.xml
3 ms. Memory: 1368064K Free: 273681K (20%)
----------------- Invoking toplevel() on ptolemy.moml.MoMLSimpleApplication@732d3278
----------------- Done invoking toplevel() on ptolemy.moml.MoMLSimpleApplication@732d3278
reloadAllAccessors: .Expression7

===========================================================================================
----------------- testing Thu Jun 28 01:28:20 UTC 2018 /home/travis/build/icyphy/ptII/ptolemy/actor/lib/test/auto/Expression8.xml
----------------- Instantiating /home/travis/build/icyphy/ptII/ptolemy/actor/lib/test/auto/Expression8.xml
8 ms. Memory: 1368064K Free: 261193K (19%)
----------------- Invoking toplevel() on ptolemy.moml.MoMLSimpleApplication@7cf29578
----------------- Done invoking toplevel() on ptolemy.moml.MoMLSimpleApplication@7cf29578
reloadAllAccessors: .Expression8

===========================================================================================
----------------- testing Thu Jun 28 01:28:20 UTC 2018 /home/travis/build/icyphy/ptII/ptolemy/actor/lib/test/auto/Expression9.xml
----------------- Instantiating /home/travis/build/icyphy/ptII/ptolemy/actor/lib/test/auto/Expression9.xml
1 ms. Memory: 1368064K Free: 248705K (18%)
----------------- Invoking toplevel() on ptolemy.moml.MoMLSimpleApplication@1301b565
----------------- Done invoking toplevel() on ptolemy.moml.MoMLSimpleApplication@1301b565
reloadAllAccessors: .Expression9

===========================================================================================
----------------- testing Thu Jun 28 01:28:20 UTC 2018 /home/travis/build/icyphy/ptII/ptolemy/actor/lib/test/auto/ExpressionConcatenateArrayType.xml
----------------- Instantiating /home/travis/build/icyphy/ptII/ptolemy/actor/lib/test/auto/ExpressionConcatenateArrayType.xml
2 ms. Memory: 1368064K Free: 236217K (17%)
----------------- Invoking toplevel() on ptolemy.moml.MoMLSimpleApplication@7e384cf8
----------------- Done invoking toplevel() on ptolemy.moml.MoMLSimpleApplication@7e384cf8
reloadAllAccessors: .ExpressionConcatenateArrayType

===========================================================================================
----------------- testing Thu Jun 28 01:28:20 UTC 2018 /home/travis/build/icyphy/ptII/ptolemy/actor/lib/test/auto/ExpressionConcatenateArrayType2.xml
----------------- Instantiating /home/travis/build/icyphy/ptII/ptolemy/actor/lib/test/auto/ExpressionConcatenateArrayType2.xml
3 ms. Memory: 1368064K Free: 213946K (16%)
----------------- Invoking toplevel() on ptolemy.moml.MoMLSimpleApplication@1b7dd250
----------------- Done invoking toplevel() on ptolemy.moml.MoMLSimpleApplication@1b7dd250
reloadAllAccessors: .ExpressionConcatenateArrayType2

===========================================================================================
----------------- testing Thu Jun 28 01:28:20 UTC 2018 /home/travis/build/icyphy/ptII/ptolemy/actor/lib/test/auto/ExpressionFix.xml
----------------- Instantiating /home/travis/build/icyphy/ptII/ptolemy/actor/lib/test/auto/ExpressionFix.xml
18 ms. Memory: 1368064K Free: 201459K (15%)
----------------- Invoking toplevel() on ptolemy.moml.MoMLSimpleApplication@2bbc1d3a
----------------- Done invoking toplevel() on ptolemy.moml.MoMLSimpleApplication@2bbc1d3a
reloadAllAccessors: .ExpressionFix

===========================================================================================
----------------- testing Thu Jun 28 01:28:20 UTC 2018 /home/travis/build/icyphy/ptII/ptolemy/actor/lib/test/auto/ExpressionFix2.xml
----------------- Instantiating /home/travis/build/icyphy/ptII/ptolemy/actor/lib/test/auto/ExpressionFix2.xml
6 ms. Memory: 1368064K Free: 188971K (14%)
----------------- Invoking toplevel() on ptolemy.moml.MoMLSimpleApplication@63c329fa
----------------- Done invoking toplevel() on ptolemy.moml.MoMLSimpleApplication@63c329fa
reloadAllAccessors: .ExpressionFix2

===========================================================================================
----------------- testing Thu Jun 28 01:28:20 UTC 2018 /home/travis/build/icyphy/ptII/ptolemy/actor/lib/test/auto/ExpressionFix3.xml
----------------- Instantiating /home/travis/build/icyphy/ptII/ptolemy/actor/lib/test/auto/ExpressionFix3.xml
3 ms. Memory: 1368064K Free: 176483K (13%)
----------------- Invoking toplevel() on ptolemy.moml.MoMLSimpleApplication@562747b6
----------------- Done invoking toplevel() on ptolemy.moml.MoMLSimpleApplication@562747b6
reloadAllAccessors: .ExpressionFix3

===========================================================================================
----------------- testing Thu Jun 28 01:28:20 UTC 2018 /home/travis/build/icyphy/ptII/ptolemy/actor/lib/test/auto/FileWriter1.xml
----------------- Instantiating /home/travis/build/icyphy/ptII/ptolemy/actor/lib/test/auto/FileWriter1.xml
3 ms. Memory: 1368064K Free: 154212K (11%)
----------------- Invoking toplevel() on ptolemy.moml.MoMLSimpleApplication@43a3896
----------------- Done invoking toplevel() on ptolemy.moml.MoMLSimpleApplication@43a3896
reloadAllAccessors: .FileWriter1

===========================================================================================
----------------- testing Thu Jun 28 01:28:20 UTC 2018 /home/travis/build/icyphy/ptII/ptolemy/actor/lib/test/auto/FileWriter2.xml
----------------- Instantiating /home/travis/build/icyphy/ptII/ptolemy/actor/lib/test/auto/FileWriter2.xml
5 ms. Memory: 1368064K Free: 141725K (10%)
----------------- Invoking toplevel() on ptolemy.moml.MoMLSimpleApplication@1c713efc
----------------- Done invoking toplevel() on ptolemy.moml.MoMLSimpleApplication@1c713efc
reloadAllAccessors: .FileWriter2

===========================================================================================
----------------- testing Thu Jun 28 01:28:20 UTC 2018 /home/travis/build/icyphy/ptII/ptolemy/actor/lib/test/auto/FileWriter3.xml
----------------- Instantiating /home/travis/build/icyphy/ptII/ptolemy/actor/lib/test/auto/FileWriter3.xml
6 ms. Memory: 1368064K Free: 129237K (9%)
----------------- Invoking toplevel() on ptolemy.moml.MoMLSimpleApplication@6c55556a
----------------- Done invoking toplevel() on ptolemy.moml.MoMLSimpleApplication@6c55556a
reloadAllAccessors: .FileWriter3

===========================================================================================
----------------- testing Thu Jun 28 01:28:20 UTC 2018 /home/travis/build/icyphy/ptII/ptolemy/actor/lib/test/auto/Gaussian.xml
----------------- Instantiating /home/travis/build/icyphy/ptII/ptolemy/actor/lib/test/auto/Gaussian.xml
3 ms. Memory: 1368064K Free: 116749K (9%)
----------------- Invoking toplevel() on ptolemy.moml.MoMLSimpleApplication@7110621b
----------------- Done invoking toplevel() on ptolemy.moml.MoMLSimpleApplication@7110621b
reloadAllAccessors: .Gaussian

===========================================================================================
----------------- testing Thu Jun 28 01:28:20 UTC 2018 /home/travis/build/icyphy/ptII/ptolemy/actor/lib/test/auto/Gaussian1.xml
----------------- Instantiating /home/travis/build/icyphy/ptII/ptolemy/actor/lib/test/auto/Gaussian1.xml
2 ms. Memory: 1368064K Free: 94478K (7%)
----------------- Invoking toplevel() on ptolemy.moml.MoMLSimpleApplication@448734a4
----------------- Done invoking toplevel() on ptolemy.moml.MoMLSimpleApplication@448734a4
reloadAllAccessors: .Gaussian1

===========================================================================================
----------------- testing Thu Jun 28 01:28:20 UTC 2018 /home/travis/build/icyphy/ptII/ptolemy/actor/lib/test/auto/Gaussian2.xml
----------------- Instantiating /home/travis/build/icyphy/ptII/ptolemy/actor/lib/test/auto/Gaussian2.xml
2 ms. Memory: 1368064K Free: 82051K (6%)
----------------- Invoking toplevel() on ptolemy.moml.MoMLSimpleApplication@49aa8f26
----------------- Done invoking toplevel() on ptolemy.moml.MoMLSimpleApplication@49aa8f26
reloadAllAccessors: .Gaussian2

===========================================================================================
----------------- testing Thu Jun 28 01:28:20 UTC 2018 /home/travis/build/icyphy/ptII/ptolemy/actor/lib/test/auto/GradientAdaptiveLattice.xml
----------------- Instantiating /home/travis/build/icyphy/ptII/ptolemy/actor/lib/test/auto/GradientAdaptiveLattice.xml
2 ms. Memory: 1368064K Free: 1317555K (96%)
----------------- Invoking toplevel() on ptolemy.moml.MoMLSimpleApplication@5b845aaa
----------------- Done invoking toplevel() on ptolemy.moml.MoMLSimpleApplication@5b845aaa
reloadAllAccessors: .GradientAdaptiveLattice

===========================================================================================
----------------- testing Thu Jun 28 01:28:20 UTC 2018 /home/travis/build/icyphy/ptII/ptolemy/actor/lib/test/auto/IIR.xml
----------------- Instantiating /home/travis/build/icyphy/ptII/ptolemy/actor/lib/test/auto/IIR.xml
1 ms. Memory: 1368064K Free: 1297886K (95%)
----------------- Invoking toplevel() on ptolemy.moml.MoMLSimpleApplication@6d4f02cb
----------------- Done invoking toplevel() on ptolemy.moml.MoMLSimpleApplication@6d4f02cb
reloadAllAccessors: .IIR

===========================================================================================
----------------- testing Thu Jun 28 01:28:20 UTC 2018 /home/travis/build/icyphy/ptII/ptolemy/actor/lib/test/auto/InputOutputTransparentPorts.xml
----------------- Instantiating /home/travis/build/icyphy/ptII/ptolemy/actor/lib/test/auto/InputOutputTransparentPorts.xml
2 ms. Memory: 1368064K Free: 1285399K (94%)
----------------- Invoking toplevel() on ptolemy.moml.MoMLSimpleApplication@5a124ab1
----------------- Done invoking toplevel() on ptolemy.moml.MoMLSimpleApplication@5a124ab1
reloadAllAccessors: .InputOutputTransparentPorts

===========================================================================================
----------------- testing Thu Jun 28 01:28:20 UTC 2018 /home/travis/build/icyphy/ptII/ptolemy/actor/lib/test/auto/Interpolator.xml
----------------- Instantiating /home/travis/build/icyphy/ptII/ptolemy/actor/lib/test/auto/Interpolator.xml
2 ms. Memory: 1368064K Free: 1272801K (93%)
----------------- Invoking toplevel() on ptolemy.moml.MoMLSimpleApplication@36677d87
----------------- Done invoking toplevel() on ptolemy.moml.MoMLSimpleApplication@36677d87
reloadAllAccessors: .Interpolator

===========================================================================================
----------------- testing Thu Jun 28 01:28:20 UTC 2018 /home/travis/build/icyphy/ptII/ptolemy/actor/lib/test/auto/InterpolatorFiringLimitDE.xml
----------------- Instantiating /home/travis/build/icyphy/ptII/ptolemy/actor/lib/test/auto/InterpolatorFiringLimitDE.xml
2 ms. Memory: 1368064K Free: 1253133K (92%)
----------------- Invoking toplevel() on ptolemy.moml.MoMLSimpleApplication@34a34eab
----------------- Done invoking toplevel() on ptolemy.moml.MoMLSimpleApplication@34a34eab
reloadAllAccessors: .InterpolatorFiringLimitDE

===========================================================================================
----------------- testing Thu Jun 28 01:28:20 UTC 2018 /home/travis/build/icyphy/ptII/ptolemy/actor/lib/test/auto/Lattice.xml
----------------- Instantiating /home/travis/build/icyphy/ptII/ptolemy/actor/lib/test/auto/Lattice.xml
1 ms. Memory: 1368064K Free: 1240645K (91%)
----------------- Invoking toplevel() on ptolemy.moml.MoMLSimpleApplication@6b57e933
----------------- Done invoking toplevel() on ptolemy.moml.MoMLSimpleApplication@6b57e933
reloadAllAccessors: .Lattice

===========================================================================================
----------------- testing Thu Jun 28 01:28:20 UTC 2018 /home/travis/build/icyphy/ptII/ptolemy/actor/lib/test/auto/LazyAOCTestLazy.xml
----------------- Instantiating /home/travis/build/icyphy/ptII/ptolemy/actor/lib/test/auto/LazyAOCTestLazy.xml
7 ms. Memory: 1368064K Free: 1228157K (90%)
----------------- Invoking toplevel() on ptolemy.moml.MoMLSimpleApplication@45343b1
----------------- Done invoking toplevel() on ptolemy.moml.MoMLSimpleApplication@45343b1
reloadAllAccessors: .LazyAOCTestLazy

===========================================================================================
----------------- testing Thu Jun 28 01:28:20 UTC 2018 /home/travis/build/icyphy/ptII/ptolemy/actor/lib/test/auto/LazyAOCTestNonLazy.xml
----------------- Instantiating /home/travis/build/icyphy/ptII/ptolemy/actor/lib/test/auto/LazyAOCTestNonLazy.xml
6 ms. Memory: 1368064K Free: 1208489K (88%)
----------------- Invoking toplevel() on ptolemy.moml.MoMLSimpleApplication@112d0406
----------------- Done invoking toplevel() on ptolemy.moml.MoMLSimpleApplication@112d0406
reloadAllAccessors: .LazyAOCTestNonLazy

===========================================================================================
----------------- testing Thu Jun 28 01:28:20 UTC 2018 /home/travis/build/icyphy/ptII/ptolemy/actor/lib/test/auto/LazyInnerClass.xml
----------------- Instantiating /home/travis/build/icyphy/ptII/ptolemy/actor/lib/test/auto/LazyInnerClass.xml
29 ms. Memory: 1368064K Free: 1196001K (87%)
----------------- Invoking toplevel() on ptolemy.moml.MoMLSimpleApplication@4acbb983
----------------- Done invoking toplevel() on ptolemy.moml.MoMLSimpleApplication@4acbb983
reloadAllAccessors: .LazyInnerClass

===========================================================================================
----------------- testing Thu Jun 28 01:28:20 UTC 2018 /home/travis/build/icyphy/ptII/ptolemy/actor/lib/test/auto/LazyPubSub.xml
----------------- Instantiating /home/travis/build/icyphy/ptII/ptolemy/actor/lib/test/auto/LazyPubSub.xml
25 ms. Memory: 1368064K Free: 1183513K (87%)
----------------- Invoking toplevel() on ptolemy.moml.MoMLSimpleApplication@29dfdd7e
----------------- Done invoking toplevel() on ptolemy.moml.MoMLSimpleApplication@29dfdd7e
reloadAllAccessors: .LazyPubSub

===========================================================================================
----------------- testing Thu Jun 28 01:28:20 UTC 2018 /home/travis/build/icyphy/ptII/ptolemy/actor/lib/test/auto/LazyPubSub2.xml
----------------- Instantiating /home/travis/build/icyphy/ptII/ptolemy/actor/lib/test/auto/LazyPubSub2.xml
19 ms. Memory: 1368064K Free: 1163845K (85%)
----------------- Invoking toplevel() on ptolemy.moml.MoMLSimpleApplication@1f8a91cb
----------------- Done invoking toplevel() on ptolemy.moml.MoMLSimpleApplication@1f8a91cb
reloadAllAccessors: .LazyPubSub2

===========================================================================================
----------------- testing Thu Jun 28 01:28:20 UTC 2018 /home/travis/build/icyphy/ptII/ptolemy/actor/lib/test/auto/LazyPubSub3.xml
----------------- Instantiating /home/travis/build/icyphy/ptII/ptolemy/actor/lib/test/auto/LazyPubSub3.xml
14 ms. Memory: 1368064K Free: 1151357K (84%)
----------------- Invoking toplevel() on ptolemy.moml.MoMLSimpleApplication@69603edd
----------------- Done invoking toplevel() on ptolemy.moml.MoMLSimpleApplication@69603edd
reloadAllAccessors: .LazyPubSub3

===========================================================================================
----------------- testing Thu Jun 28 01:28:20 UTC 2018 /home/travis/build/icyphy/ptII/ptolemy/actor/lib/test/auto/LazySubClassModel.xml
----------------- Instantiating /home/travis/build/icyphy/ptII/ptolemy/actor/lib/test/auto/LazySubClassModel.xml
2 ms. Memory: 1368064K Free: 1132625K (83%)
----------------- Invoking toplevel() on ptolemy.moml.MoMLSimpleApplication@14285f47
----------------- Done invoking toplevel() on ptolemy.moml.MoMLSimpleApplication@14285f47
reloadAllAccessors: .LazySubClassModel

===========================================================================================
----------------- testing Thu Jun 28 01:28:20 UTC 2018 /home/travis/build/icyphy/ptII/ptolemy/actor/lib/test/auto/LevelCrossTest1.xml
----------------- Instantiating /home/travis/build/icyphy/ptII/ptolemy/actor/lib/test/auto/LevelCrossTest1.xml
1 ms. Memory: 1368064K Free: 1112957K (81%)
----------------- Invoking toplevel() on ptolemy.moml.MoMLSimpleApplication@645a8
----------------- Done invoking toplevel() on ptolemy.moml.MoMLSimpleApplication@645a8
reloadAllAccessors: .broken

===========================================================================================
----------------- testing Thu Jun 28 01:28:20 UTC 2018 /home/travis/build/icyphy/ptII/ptolemy/actor/lib/test/auto/LevelCrossTest10.xml
----------------- Instantiating /home/travis/build/icyphy/ptII/ptolemy/actor/lib/test/auto/LevelCrossTest10.xml
1 ms. Memory: 1368064K Free: 1100469K (80%)
----------------- Invoking toplevel() on ptolemy.moml.MoMLSimpleApplication@518afd6d
----------------- Done invoking toplevel() on ptolemy.moml.MoMLSimpleApplication@518afd6d
reloadAllAccessors: .LevelCrossTest10

===========================================================================================
----------------- testing Thu Jun 28 01:28:20 UTC 2018 /home/travis/build/icyphy/ptII/ptolemy/actor/lib/test/auto/LevelCrossTest11.xml
----------------- Instantiating /home/travis/build/icyphy/ptII/ptolemy/actor/lib/test/auto/LevelCrossTest11.xml
1 ms. Memory: 1368064K Free: 1087981K (80%)
----------------- Invoking toplevel() on ptolemy.moml.MoMLSimpleApplication@590e8cce
----------------- Done invoking toplevel() on ptolemy.moml.MoMLSimpleApplication@590e8cce
reloadAllAccessors: .LevelCrossTest11

===========================================================================================
----------------- testing Thu Jun 28 01:28:20 UTC 2018 /home/travis/build/icyphy/ptII/ptolemy/actor/lib/test/auto/LevelCrossTest12.xml
----------------- Instantiating /home/travis/build/icyphy/ptII/ptolemy/actor/lib/test/auto/LevelCrossTest12.xml
1 ms. Memory: 1368064K Free: 1068312K (78%)
----------------- Invoking toplevel() on ptolemy.moml.MoMLSimpleApplication@33a3936f
----------------- Done invoking toplevel() on ptolemy.moml.MoMLSimpleApplication@33a3936f
reloadAllAccessors: .LevelCrossTest12

===========================================================================================
----------------- testing Thu Jun 28 01:28:20 UTC 2018 /home/travis/build/icyphy/ptII/ptolemy/actor/lib/test/auto/LevelCrossTest13.xml
----------------- Instantiating /home/travis/build/icyphy/ptII/ptolemy/actor/lib/test/auto/LevelCrossTest13.xml
1 ms. Memory: 1368064K Free: 1055825K (77%)
----------------- Invoking toplevel() on ptolemy.moml.MoMLSimpleApplication@5e99c17e
----------------- Done invoking toplevel() on ptolemy.moml.MoMLSimpleApplication@5e99c17e
reloadAllAccessors: .LevelCrossTest13

===========================================================================================
----------------- testing Thu Jun 28 01:28:20 UTC 2018 /home/travis/build/icyphy/ptII/ptolemy/actor/lib/test/auto/LevelCrossTest2.xml
----------------- Instantiating /home/travis/build/icyphy/ptII/ptolemy/actor/lib/test/auto/LevelCrossTest2.xml
1 ms. Memory: 1368064K Free: 1043337K (76%)
----------------- Invoking toplevel() on ptolemy.moml.MoMLSimpleApplication@15f3b569
----------------- Done invoking toplevel() on ptolemy.moml.MoMLSimpleApplication@15f3b569
reloadAllAccessors: .broken

===========================================================================================
----------------- testing Thu Jun 28 01:28:20 UTC 2018 /home/travis/build/icyphy/ptII/ptolemy/actor/lib/test/auto/LevelCrossTest3.xml
----------------- Instantiating /home/travis/build/icyphy/ptII/ptolemy/actor/lib/test/auto/LevelCrossTest3.xml
1 ms. Memory: 1368064K Free: 1023668K (75%)
----------------- Invoking toplevel() on ptolemy.moml.MoMLSimpleApplication@56c8b4af
----------------- Done invoking toplevel() on ptolemy.moml.MoMLSimpleApplication@56c8b4af
reloadAllAccessors: .LevelCrossTest3

===========================================================================================
----------------- testing Thu Jun 28 01:28:20 UTC 2018 /home/travis/build/icyphy/ptII/ptolemy/actor/lib/test/auto/LevelCrossTest4.xml
----------------- Instantiating /home/travis/build/icyphy/ptII/ptolemy/actor/lib/test/auto/LevelCrossTest4.xml
1 ms. Memory: 1368064K Free: 1011181K (74%)
----------------- Invoking toplevel() on ptolemy.moml.MoMLSimpleApplication@1af83f2b
----------------- Done invoking toplevel() on ptolemy.moml.MoMLSimpleApplication@1af83f2b
reloadAllAccessors: .broken

===========================================================================================
----------------- testing Thu Jun 28 01:28:20 UTC 2018 /home/travis/build/icyphy/ptII/ptolemy/actor/lib/test/auto/LevelCrossTest5.xml
----------------- Instantiating /home/travis/build/icyphy/ptII/ptolemy/actor/lib/test/auto/LevelCrossTest5.xml
1 ms. Memory: 1368064K Free: 998693K (73%)
----------------- Invoking toplevel() on ptolemy.moml.MoMLSimpleApplication@48f63d13
----------------- Done invoking toplevel() on ptolemy.moml.MoMLSimpleApplication@48f63d13
reloadAllAccessors: .LevelCrossTest5

===========================================================================================
----------------- testing Thu Jun 28 01:28:20 UTC 2018 /home/travis/build/icyphy/ptII/ptolemy/actor/lib/test/auto/LevelCrossTest6.xml
----------------- Instantiating /home/travis/build/icyphy/ptII/ptolemy/actor/lib/test/auto/LevelCrossTest6.xml
1 ms. Memory: 1368064K Free: 979024K (72%)
----------------- Invoking toplevel() on ptolemy.moml.MoMLSimpleApplication@581c775d
----------------- Done invoking toplevel() on ptolemy.moml.MoMLSimpleApplication@581c775d
reloadAllAccessors: .LevelCrossTest6

===========================================================================================
----------------- testing Thu Jun 28 01:28:20 UTC 2018 /home/travis/build/icyphy/ptII/ptolemy/actor/lib/test/auto/LevelCrossTest7.xml
----------------- Instantiating /home/travis/build/icyphy/ptII/ptolemy/actor/lib/test/auto/LevelCrossTest7.xml
3 ms. Memory: 1368064K Free: 966537K (71%)
----------------- Invoking toplevel() on ptolemy.moml.MoMLSimpleApplication@49428964
----------------- Done invoking toplevel() on ptolemy.moml.MoMLSimpleApplication@49428964
reloadAllAccessors: .LevelCrossTest7

===========================================================================================
----------------- testing Thu Jun 28 01:28:21 UTC 2018 /home/travis/build/icyphy/ptII/ptolemy/actor/lib/test/auto/LevelCrossTest8.xml
----------------- Instantiating /home/travis/build/icyphy/ptII/ptolemy/actor/lib/test/auto/LevelCrossTest8.xml
1 ms. Memory: 1368064K Free: 954049K (70%)
----------------- Invoking toplevel() on ptolemy.moml.MoMLSimpleApplication@12a3448a
----------------- Done invoking toplevel() on ptolemy.moml.MoMLSimpleApplication@12a3448a
reloadAllAccessors: .LevelCrossTest8

===========================================================================================
----------------- testing Thu Jun 28 01:28:21 UTC 2018 /home/travis/build/icyphy/ptII/ptolemy/actor/lib/test/auto/LevelCrossTest9.xml
----------------- Instantiating /home/travis/build/icyphy/ptII/ptolemy/actor/lib/test/auto/LevelCrossTest9.xml
2 ms. Memory: 1368064K Free: 934380K (68%)
----------------- Invoking toplevel() on ptolemy.moml.MoMLSimpleApplication@3b0cd4d
----------------- Done invoking toplevel() on ptolemy.moml.MoMLSimpleApplication@3b0cd4d
reloadAllAccessors: .LevelCrossTest9

===========================================================================================
----------------- testing Thu Jun 28 01:28:21 UTC 2018 /home/travis/build/icyphy/ptII/ptolemy/actor/lib/test/auto/LevinsonDurbin.xml
----------------- Instantiating /home/travis/build/icyphy/ptII/ptolemy/actor/lib/test/auto/LevinsonDurbin.xml
9 ms. Memory: 1368064K Free: 921893K (67%)
----------------- Invoking toplevel() on ptolemy.moml.MoMLSimpleApplication@65e86b6e
----------------- Done invoking toplevel() on ptolemy.moml.MoMLSimpleApplication@65e86b6e
reloadAllAccessors: .LevinsonDurbin

===========================================================================================
----------------- testing Thu Jun 28 01:28:21 UTC 2018 /home/travis/build/icyphy/ptII/ptolemy/actor/lib/test/auto/LevinsonDurbin2.xml
----------------- Instantiating /home/travis/build/icyphy/ptII/ptolemy/actor/lib/test/auto/LevinsonDurbin2.xml
1 ms. Memory: 1368064K Free: 909405K (66%)
----------------- Invoking toplevel() on ptolemy.moml.MoMLSimpleApplication@f38972a
----------------- Done invoking toplevel() on ptolemy.moml.MoMLSimpleApplication@f38972a
reloadAllAccessors: .LevinsonDurbin2

===========================================================================================
----------------- testing Thu Jun 28 01:28:21 UTC 2018 /home/travis/build/icyphy/ptII/ptolemy/actor/lib/test/auto/LevinsonDurbin3.xml
----------------- Instantiating /home/travis/build/icyphy/ptII/ptolemy/actor/lib/test/auto/LevinsonDurbin3.xml
4 ms. Memory: 1368064K Free: 896917K (66%)
----------------- Invoking toplevel() on ptolemy.moml.MoMLSimpleApplication@333a66a3
----------------- Done invoking toplevel() on ptolemy.moml.MoMLSimpleApplication@333a66a3
reloadAllAccessors: .LevinsonDurbin3

===========================================================================================
----------------- testing Thu Jun 28 01:28:21 UTC 2018 /home/travis/build/icyphy/ptII/ptolemy/actor/lib/test/auto/Limiter.xml
----------------- Instantiating /home/travis/build/icyphy/ptII/ptolemy/actor/lib/test/auto/Limiter.xml
5 ms. Memory: 1368064K Free: 870989K (64%)
----------------- Invoking toplevel() on ptolemy.moml.MoMLSimpleApplication@35f214d5
----------------- Done invoking toplevel() on ptolemy.moml.MoMLSimpleApplication@35f214d5
reloadAllAccessors: .Limiter

===========================================================================================
----------------- testing Thu Jun 28 01:28:21 UTC 2018 /home/travis/build/icyphy/ptII/ptolemy/actor/lib/test/auto/LinearDifferenceEquationSystem.xml
----------------- Instantiating /home/travis/build/icyphy/ptII/ptolemy/actor/lib/test/auto/LinearDifferenceEquationSystem.xml
4 ms. Memory: 1368064K Free: 858501K (63%)
----------------- Invoking toplevel() on ptolemy.moml.MoMLSimpleApplication@6cac80e5
----------------- Done invoking toplevel() on ptolemy.moml.MoMLSimpleApplication@6cac80e5
reloadAllAccessors: .LinearDifferenceEquationSystem

===========================================================================================
----------------- testing Thu Jun 28 01:28:21 UTC 2018 /home/travis/build/icyphy/ptII/ptolemy/actor/lib/test/auto/LookupTable.xml
----------------- Instantiating /home/travis/build/icyphy/ptII/ptolemy/actor/lib/test/auto/LookupTable.xml
1 ms. Memory: 1368064K Free: 846013K (62%)
----------------- Invoking toplevel() on ptolemy.moml.MoMLSimpleApplication@7267f0b8
----------------- Done invoking toplevel() on ptolemy.moml.MoMLSimpleApplication@7267f0b8
reloadAllAccessors: .LookupTable

===========================================================================================
----------------- testing Thu Jun 28 01:28:21 UTC 2018 /home/travis/build/icyphy/ptII/ptolemy/actor/lib/test/auto/MathFunction.xml
----------------- Instantiating /home/travis/build/icyphy/ptII/ptolemy/actor/lib/test/auto/MathFunction.xml
5 ms. Memory: 1368064K Free: 826345K (60%)
----------------- Invoking toplevel() on ptolemy.moml.MoMLSimpleApplication@4421946b
----------------- Done invoking toplevel() on ptolemy.moml.MoMLSimpleApplication@4421946b
reloadAllAccessors: .MathFunction

===========================================================================================
----------------- testing Thu Jun 28 01:28:21 UTC 2018 /home/travis/build/icyphy/ptII/ptolemy/actor/lib/test/auto/MathFunction2.xml
----------------- Instantiating /home/travis/build/icyphy/ptII/ptolemy/actor/lib/test/auto/MathFunction2.xml
1 ms. Memory: 1368064K Free: 813857K (59%)
----------------- Invoking toplevel() on ptolemy.moml.MoMLSimpleApplication@7c5b6b16
----------------- Done invoking toplevel() on ptolemy.moml.MoMLSimpleApplication@7c5b6b16
reloadAllAccessors: .MathFunction2

===========================================================================================
----------------- testing Thu Jun 28 01:28:21 UTC 2018 /home/travis/build/icyphy/ptII/ptolemy/actor/lib/test/auto/MathFunction3.xml
----------------- Instantiating /home/travis/build/icyphy/ptII/ptolemy/actor/lib/test/auto/MathFunction3.xml
2 ms. Memory: 1368064K Free: 801369K (59%)
----------------- Invoking toplevel() on ptolemy.moml.MoMLSimpleApplication@4c8f476a
----------------- Done invoking toplevel() on ptolemy.moml.MoMLSimpleApplication@4c8f476a
reloadAllAccessors: .MathFunction3

===========================================================================================
----------------- testing Thu Jun 28 01:28:21 UTC 2018 /home/travis/build/icyphy/ptII/ptolemy/actor/lib/test/auto/MatrixCropBoolean.xml
----------------- Instantiating /home/travis/build/icyphy/ptII/ptolemy/actor/lib/test/auto/MatrixCropBoolean.xml
2 ms. Memory: 1368064K Free: 781701K (57%)
----------------- Invoking toplevel() on ptolemy.moml.MoMLSimpleApplication@3de06bbd
----------------- Done invoking toplevel() on ptolemy.moml.MoMLSimpleApplication@3de06bbd
reloadAllAccessors: .MatrixCropBoolean

===========================================================================================
----------------- testing Thu Jun 28 01:28:21 UTC 2018 /home/travis/build/icyphy/ptII/ptolemy/actor/lib/test/auto/MatrixCropComplex.xml
----------------- Instantiating /home/travis/build/icyphy/ptII/ptolemy/actor/lib/test/auto/MatrixCropComplex.xml
1 ms. Memory: 1368064K Free: 769213K (56%)
----------------- Invoking toplevel() on ptolemy.moml.MoMLSimpleApplication@744eff7b
----------------- Done invoking toplevel() on ptolemy.moml.MoMLSimpleApplication@744eff7b
reloadAllAccessors: .MatrixCropComplex

===========================================================================================
----------------- testing Thu Jun 28 01:28:21 UTC 2018 /home/travis/build/icyphy/ptII/ptolemy/actor/lib/test/auto/MatrixCropDouble.xml
----------------- Instantiating /home/travis/build/icyphy/ptII/ptolemy/actor/lib/test/auto/MatrixCropDouble.xml
2 ms. Memory: 1368064K Free: 756725K (55%)
----------------- Invoking toplevel() on ptolemy.moml.MoMLSimpleApplication@12aaf3e6
----------------- Done invoking toplevel() on ptolemy.moml.MoMLSimpleApplication@12aaf3e6
reloadAllAccessors: .MatrixCropDouble

===========================================================================================
----------------- testing Thu Jun 28 01:28:21 UTC 2018 /home/travis/build/icyphy/ptII/ptolemy/actor/lib/test/auto/MatrixCropFix.xml
----------------- Instantiating /home/travis/build/icyphy/ptII/ptolemy/actor/lib/test/auto/MatrixCropFix.xml
1 ms. Memory: 1368064K Free: 737057K (54%)
----------------- Invoking toplevel() on ptolemy.moml.MoMLSimpleApplication@7533b06e
----------------- Done invoking toplevel() on ptolemy.moml.MoMLSimpleApplication@7533b06e
reloadAllAccessors: .MatrixCropFix

===========================================================================================
----------------- testing Thu Jun 28 01:28:21 UTC 2018 /home/travis/build/icyphy/ptII/ptolemy/actor/lib/test/auto/MatrixCropInt.xml
----------------- Instantiating /home/travis/build/icyphy/ptII/ptolemy/actor/lib/test/auto/MatrixCropInt.xml
2 ms. Memory: 1368064K Free: 724569K (53%)
----------------- Invoking toplevel() on ptolemy.moml.MoMLSimpleApplication@2ed70f17
----------------- Done invoking toplevel() on ptolemy.moml.MoMLSimpleApplication@2ed70f17
reloadAllAccessors: .MatrixCropInt

===========================================================================================
----------------- testing Thu Jun 28 01:28:21 UTC 2018 /home/travis/build/icyphy/ptII/ptolemy/actor/lib/test/auto/MatrixCropLong.xml
----------------- Instantiating /home/travis/build/icyphy/ptII/ptolemy/actor/lib/test/auto/MatrixCropLong.xml
2 ms. Memory: 1368064K Free: 712082K (52%)
----------------- Invoking toplevel() on ptolemy.moml.MoMLSimpleApplication@25e57047
----------------- Done invoking toplevel() on ptolemy.moml.MoMLSimpleApplication@25e57047
reloadAllAccessors: .MatrixCropLong

===========================================================================================
----------------- testing Thu Jun 28 01:28:21 UTC 2018 /home/travis/build/icyphy/ptII/ptolemy/actor/lib/test/auto/MatrixToArray.xml
----------------- Instantiating /home/travis/build/icyphy/ptII/ptolemy/actor/lib/test/auto/MatrixToArray.xml
5 ms. Memory: 1368064K Free: 679925K (50%)
----------------- Invoking toplevel() on ptolemy.moml.MoMLSimpleApplication@350ca1ec
----------------- Done invoking toplevel() on ptolemy.moml.MoMLSimpleApplication@350ca1ec
reloadAllAccessors: .MatrixToArray

===========================================================================================
----------------- testing Thu Jun 28 01:28:21 UTC 2018 /home/travis/build/icyphy/ptII/ptolemy/actor/lib/test/auto/MaxIndex.xml
----------------- Instantiating /home/travis/build/icyphy/ptII/ptolemy/actor/lib/test/auto/MaxIndex.xml
1 ms. Memory: 1368064K Free: 667438K (49%)
----------------- Invoking toplevel() on ptolemy.moml.MoMLSimpleApplication@6aea9af3
----------------- Done invoking toplevel() on ptolemy.moml.MoMLSimpleApplication@6aea9af3
reloadAllAccessors: .MaxIndex

===========================================================================================
----------------- testing Thu Jun 28 01:28:21 UTC 2018 /home/travis/build/icyphy/ptII/ptolemy/actor/lib/test/auto/Maximum.xml
----------------- Instantiating /home/travis/build/icyphy/ptII/ptolemy/actor/lib/test/auto/Maximum.xml
7 ms. Memory: 1368064K Free: 654950K (48%)
----------------- Invoking toplevel() on ptolemy.moml.MoMLSimpleApplication@11922bb
----------------- Done invoking toplevel() on ptolemy.moml.MoMLSimpleApplication@11922bb
reloadAllAccessors: .Maximum

===========================================================================================
----------------- testing Thu Jun 28 01:28:21 UTC 2018 /home/travis/build/icyphy/ptII/ptolemy/actor/lib/test/auto/MaximumComplex.xml
----------------- Instantiating /home/travis/build/icyphy/ptII/ptolemy/actor/lib/test/auto/MaximumComplex.xml
4 ms. Memory: 1368064K Free: 635282K (46%)
----------------- Invoking toplevel() on ptolemy.moml.MoMLSimpleApplication@304d1c05
----------------- Done invoking toplevel() on ptolemy.moml.MoMLSimpleApplication@304d1c05
reloadAllAccessors: .MaximumComplex

===========================================================================================
----------------- testing Thu Jun 28 01:28:21 UTC 2018 /home/travis/build/icyphy/ptII/ptolemy/actor/lib/test/auto/MethodCallTest.xml
----------------- Instantiating /home/travis/build/icyphy/ptII/ptolemy/actor/lib/test/auto/MethodCallTest.xml
2 ms. Memory: 1368064K Free: 622794K (46%)
----------------- Invoking toplevel() on ptolemy.moml.MoMLSimpleApplication@4e02bd14
----------------- Done invoking toplevel() on ptolemy.moml.MoMLSimpleApplication@4e02bd14
reloadAllAccessors: .MethodCallTest

===========================================================================================
----------------- testing Thu Jun 28 01:28:21 UTC 2018 /home/travis/build/icyphy/ptII/ptolemy/actor/lib/test/auto/Minimum.xml
----------------- Instantiating /home/travis/build/icyphy/ptII/ptolemy/actor/lib/test/auto/Minimum.xml
5 ms. Memory: 1368064K Free: 610306K (45%)
----------------- Invoking toplevel() on ptolemy.moml.MoMLSimpleApplication@1e750af
----------------- Done invoking toplevel() on ptolemy.moml.MoMLSimpleApplication@1e750af
reloadAllAccessors: .Minimum

===========================================================================================
----------------- testing Thu Jun 28 01:28:21 UTC 2018 /home/travis/build/icyphy/ptII/ptolemy/actor/lib/test/auto/MinimumComplex.xml
----------------- Instantiating /home/travis/build/icyphy/ptII/ptolemy/actor/lib/test/auto/MinimumComplex.xml
3 ms. Memory: 1368064K Free: 590638K (43%)
----------------- Invoking toplevel() on ptolemy.moml.MoMLSimpleApplication@bcb96b2
----------------- Done invoking toplevel() on ptolemy.moml.MoMLSimpleApplication@bcb96b2
reloadAllAccessors: .MinimumComplex

===========================================================================================
----------------- testing Thu Jun 28 01:28:21 UTC 2018 /home/travis/build/icyphy/ptII/ptolemy/actor/lib/test/auto/MinimumMultiports.xml
----------------- Instantiating /home/travis/build/icyphy/ptII/ptolemy/actor/lib/test/auto/MinimumMultiports.xml
3 ms. Memory: 1368064K Free: 578150K (42%)
----------------- Invoking toplevel() on ptolemy.moml.MoMLSimpleApplication@5895fb08
----------------- Done invoking toplevel() on ptolemy.moml.MoMLSimpleApplication@5895fb08
reloadAllAccessors: .MinimumMultiports

===========================================================================================
----------------- testing Thu Jun 28 01:28:21 UTC 2018 /home/travis/build/icyphy/ptII/ptolemy/actor/lib/test/auto/ModifyDate.xml
----------------- Instantiating /home/travis/build/icyphy/ptII/ptolemy/actor/lib/test/auto/ModifyDate.xml
7 ms. Memory: 1368064K Free: 559403K (41%)
----------------- Invoking toplevel() on ptolemy.moml.MoMLSimpleApplication@72c58343
----------------- Done invoking toplevel() on ptolemy.moml.MoMLSimpleApplication@72c58343
reloadAllAccessors: .ModifyDate

===========================================================================================
----------------- testing Thu Jun 28 01:28:21 UTC 2018 /home/travis/build/icyphy/ptII/ptolemy/actor/lib/test/auto/ModifyDate2.xml
----------------- Instantiating /home/travis/build/icyphy/ptII/ptolemy/actor/lib/test/auto/ModifyDate2.xml
6 ms. Memory: 1368064K Free: 533490K (39%)
----------------- Invoking toplevel() on ptolemy.moml.MoMLSimpleApplication@2179eca0
----------------- Done invoking toplevel() on ptolemy.moml.MoMLSimpleApplication@2179eca0
reloadAllAccessors: .ModifyDate2

===========================================================================================
----------------- testing Thu Jun 28 01:28:21 UTC 2018 /home/travis/build/icyphy/ptII/ptolemy/actor/lib/test/auto/MovingAverage.xml
----------------- Instantiating /home/travis/build/icyphy/ptII/ptolemy/actor/lib/test/auto/MovingAverage.xml
1 ms. Memory: 1368064K Free: 521002K (38%)
----------------- Invoking toplevel() on ptolemy.moml.MoMLSimpleApplication@31ee6610
----------------- Done invoking toplevel() on ptolemy.moml.MoMLSimpleApplication@31ee6610
reloadAllAccessors: .MovingAverage

===========================================================================================
----------------- testing Thu Jun 28 01:28:21 UTC 2018 /home/travis/build/icyphy/ptII/ptolemy/actor/lib/test/auto/MovingMaximum.xml
----------------- Instantiating /home/travis/build/icyphy/ptII/ptolemy/actor/lib/test/auto/MovingMaximum.xml
3 ms. Memory: 1368064K Free: 508514K (37%)
----------------- Invoking toplevel() on ptolemy.moml.MoMLSimpleApplication@3b4f45d3
----------------- Done invoking toplevel() on ptolemy.moml.MoMLSimpleApplication@3b4f45d3
reloadAllAccessors: .MovingMaximum

===========================================================================================
----------------- testing Thu Jun 28 01:28:21 UTC 2018 /home/travis/build/icyphy/ptII/ptolemy/actor/lib/test/auto/MultipleLinksToSameRelation.xml
----------------- Instantiating /home/travis/build/icyphy/ptII/ptolemy/actor/lib/test/auto/MultipleLinksToSameRelation.xml
2 ms. Memory: 1368064K Free: 488846K (36%)
----------------- Invoking toplevel() on ptolemy.moml.MoMLSimpleApplication@79487ffd
----------------- Done invoking toplevel() on ptolemy.moml.MoMLSimpleApplication@79487ffd
reloadAllAccessors: .MultipleLinksToSameRelation

===========================================================================================
----------------- testing Thu Jun 28 01:28:21 UTC 2018 /home/travis/build/icyphy/ptII/ptolemy/actor/lib/test/auto/MultipleLinksToSameRelationDE.xml
----------------- Instantiating /home/travis/build/icyphy/ptII/ptolemy/actor/lib/test/auto/MultipleLinksToSameRelationDE.xml
2 ms. Memory: 1368064K Free: 476358K (35%)
----------------- Invoking toplevel() on ptolemy.moml.MoMLSimpleApplication@6add170a
----------------- Done invoking toplevel() on ptolemy.moml.MoMLSimpleApplication@6add170a
reloadAllAccessors: .MultipleLinksToSameRelationDE

===========================================================================================
----------------- testing Thu Jun 28 01:28:21 UTC 2018 /home/travis/build/icyphy/ptII/ptolemy/actor/lib/test/auto/Multiplexor.xml
----------------- Instantiating /home/travis/build/icyphy/ptII/ptolemy/actor/lib/test/auto/Multiplexor.xml
7 ms. Memory: 1368064K Free: 463871K (34%)
----------------- Invoking toplevel() on ptolemy.moml.MoMLSimpleApplication@4614ffa5
----------------- Done invoking toplevel() on ptolemy.moml.MoMLSimpleApplication@4614ffa5
reloadAllAccessors: .Multiplexor

===========================================================================================
----------------- testing Thu Jun 28 01:28:21 UTC 2018 /home/travis/build/icyphy/ptII/ptolemy/actor/lib/test/auto/Multiplexor1.xml
----------------- Instantiating /home/travis/build/icyphy/ptII/ptolemy/actor/lib/test/auto/Multiplexor1.xml
2 ms. Memory: 1368064K Free: 444202K (32%)
----------------- Invoking toplevel() on ptolemy.moml.MoMLSimpleApplication@4938b641
----------------- Done invoking toplevel() on ptolemy.moml.MoMLSimpleApplication@4938b641
reloadAllAccessors: .Multiplexor1

===========================================================================================
----------------- testing Thu Jun 28 01:28:21 UTC 2018 /home/travis/build/icyphy/ptII/ptolemy/actor/lib/test/auto/Multiplexor2.xml
----------------- Instantiating /home/travis/build/icyphy/ptII/ptolemy/actor/lib/test/auto/Multiplexor2.xml
2 ms. Memory: 1368064K Free: 431714K (32%)
----------------- Invoking toplevel() on ptolemy.moml.MoMLSimpleApplication@47348fc8
----------------- Done invoking toplevel() on ptolemy.moml.MoMLSimpleApplication@47348fc8
reloadAllAccessors: .Multiplexor2

===========================================================================================
----------------- testing Thu Jun 28 01:28:21 UTC 2018 /home/travis/build/icyphy/ptII/ptolemy/actor/lib/test/auto/Multiplexor3.xml
----------------- Instantiating /home/travis/build/icyphy/ptII/ptolemy/actor/lib/test/auto/Multiplexor3.xml
2 ms. Memory: 1368064K Free: 419227K (31%)
----------------- Invoking toplevel() on ptolemy.moml.MoMLSimpleApplication@85f1437
----------------- Done invoking toplevel() on ptolemy.moml.MoMLSimpleApplication@85f1437
reloadAllAccessors: .Multiplexor3

===========================================================================================
----------------- testing Thu Jun 28 01:28:21 UTC 2018 /home/travis/build/icyphy/ptII/ptolemy/actor/lib/test/auto/MultiplexorDE.xml
----------------- Instantiating /home/travis/build/icyphy/ptII/ptolemy/actor/lib/test/auto/MultiplexorDE.xml
2 ms. Memory: 1368064K Free: 399558K (29%)
----------------- Invoking toplevel() on ptolemy.moml.MoMLSimpleApplication@4d743f0e
----------------- Done invoking toplevel() on ptolemy.moml.MoMLSimpleApplication@4d743f0e
reloadAllAccessors: .MultiplexorDE

===========================================================================================
----------------- testing Thu Jun 28 01:28:21 UTC 2018 /home/travis/build/icyphy/ptII/ptolemy/actor/lib/test/auto/MultiportBroadcastTest.xml
----------------- Instantiating /home/travis/build/icyphy/ptII/ptolemy/actor/lib/test/auto/MultiportBroadcastTest.xml
52 ms. Memory: 1368064K Free: 387071K (28%)
----------------- Invoking toplevel() on ptolemy.moml.MoMLSimpleApplication@42d32454
----------------- Done invoking toplevel() on ptolemy.moml.MoMLSimpleApplication@42d32454
reloadAllAccessors: .MultiportBroadcastTest

===========================================================================================
----------------- testing Thu Jun 28 01:28:21 UTC 2018 /home/travis/build/icyphy/ptII/ptolemy/actor/lib/test/auto/MultiportOutHangDuringGetWidth.xml
----------------- Instantiating /home/travis/build/icyphy/ptII/ptolemy/actor/lib/test/auto/MultiportOutHangDuringGetWidth.xml
5 ms. Memory: 1368064K Free: 368339K (27%)
----------------- Invoking toplevel() on ptolemy.moml.MoMLSimpleApplication@2b919ded
----------------- Done invoking toplevel() on ptolemy.moml.MoMLSimpleApplication@2b919ded
reloadAllAccessors: .MultiportOutHangDuringGetWidth

===========================================================================================
----------------- testing Thu Jun 28 01:28:21 UTC 2018 /home/travis/build/icyphy/ptII/ptolemy/actor/lib/test/auto/NilToken.xml
----------------- Instantiating /home/travis/build/icyphy/ptII/ptolemy/actor/lib/test/auto/NilToken.xml
2 ms. Memory: 1368064K Free: 348670K (25%)
----------------- Invoking toplevel() on ptolemy.moml.MoMLSimpleApplication@18be5107
----------------- Done invoking toplevel() on ptolemy.moml.MoMLSimpleApplication@18be5107
reloadAllAccessors: .NilToken

===========================================================================================
----------------- testing Thu Jun 28 01:28:21 UTC 2018 /home/travis/build/icyphy/ptII/ptolemy/actor/lib/test/auto/NilTokenNonStrictTest.xml
----------------- Instantiating /home/travis/build/icyphy/ptII/ptolemy/actor/lib/test/auto/NilTokenNonStrictTest.xml
2 ms. Memory: 1368064K Free: 336183K (25%)
----------------- Invoking toplevel() on ptolemy.moml.MoMLSimpleApplication@6a9ff7df
----------------- Done invoking toplevel() on ptolemy.moml.MoMLSimpleApplication@6a9ff7df
reloadAllAccessors: .NilTokenNonStrictTest

===========================================================================================
----------------- testing Thu Jun 28 01:28:21 UTC 2018 /home/travis/build/icyphy/ptII/ptolemy/actor/lib/test/auto/NilTokenRecord.xml
----------------- Instantiating /home/travis/build/icyphy/ptII/ptolemy/actor/lib/test/auto/NilTokenRecord.xml
4 ms. Memory: 1368064K Free: 323695K (24%)
----------------- Invoking toplevel() on ptolemy.moml.MoMLSimpleApplication@66e39c25
----------------- Done invoking toplevel() on ptolemy.moml.MoMLSimpleApplication@66e39c25
reloadAllAccessors: .NilTokenRecord

===========================================================================================
----------------- testing Thu Jun 28 01:28:21 UTC 2018 /home/travis/build/icyphy/ptII/ptolemy/actor/lib/test/auto/NilTokenTypeTest.xml
----------------- Instantiating /home/travis/build/icyphy/ptII/ptolemy/actor/lib/test/auto/NilTokenTypeTest.xml
3 ms. Memory: 1368064K Free: 297783K (22%)
----------------- Invoking toplevel() on ptolemy.moml.MoMLSimpleApplication@5ed10e5f
----------------- Done invoking toplevel() on ptolemy.moml.MoMLSimpleApplication@5ed10e5f
reloadAllAccessors: .NilTokenTypeTest

===========================================================================================
----------------- testing Thu Jun 28 01:28:21 UTC 2018 /home/travis/build/icyphy/ptII/ptolemy/actor/lib/test/auto/ObjectToken1.xml
----------------- Instantiating /home/travis/build/icyphy/ptII/ptolemy/actor/lib/test/auto/ObjectToken1.xml
1 ms. Memory: 1368064K Free: 285295K (21%)
----------------- Invoking toplevel() on ptolemy.moml.MoMLSimpleApplication@5832b2ae
----------------- Done invoking toplevel() on ptolemy.moml.MoMLSimpleApplication@5832b2ae
reloadAllAccessors: .ObjectToken1

===========================================================================================
----------------- testing Thu Jun 28 01:28:21 UTC 2018 /home/travis/build/icyphy/ptII/ptolemy/actor/lib/test/auto/OrderedMerge.xml
----------------- Instantiating /home/travis/build/icyphy/ptII/ptolemy/actor/lib/test/auto/OrderedMerge.xml
4 ms. Memory: 1368064K Free: 247832K (18%)
----------------- Invoking toplevel() on ptolemy.moml.MoMLSimpleApplication@21474ff8
----------------- Done invoking toplevel() on ptolemy.moml.MoMLSimpleApplication@21474ff8
reloadAllAccessors: .OrderedMerge

===========================================================================================
----------------- testing Thu Jun 28 01:28:21 UTC 2018 /home/travis/build/icyphy/ptII/ptolemy/actor/lib/test/auto/OrderedRecordDisassembler.xml
----------------- Instantiating /home/travis/build/icyphy/ptII/ptolemy/actor/lib/test/auto/OrderedRecordDisassembler.xml
3 ms. Memory: 1368064K Free: 228164K (17%)
----------------- Invoking toplevel() on ptolemy.moml.MoMLSimpleApplication@26e9666b
----------------- Done invoking toplevel() on ptolemy.moml.MoMLSimpleApplication@26e9666b
reloadAllAccessors: .OrderedRecordDisassembler

===========================================================================================
----------------- testing Thu Jun 28 01:28:22 UTC 2018 /home/travis/build/icyphy/ptII/ptolemy/actor/lib/test/auto/OrderedRecordDisassembler2.xml
----------------- Instantiating /home/travis/build/icyphy/ptII/ptolemy/actor/lib/test/auto/OrderedRecordDisassembler2.xml
4 ms. Memory: 1368064K Free: 215676K (16%)
----------------- Invoking toplevel() on ptolemy.moml.MoMLSimpleApplication@38d0e10e
----------------- Done invoking toplevel() on ptolemy.moml.MoMLSimpleApplication@38d0e10e
reloadAllAccessors: .OrderedRecordDisassembler2

===========================================================================================
----------------- testing Thu Jun 28 01:28:22 UTC 2018 /home/travis/build/icyphy/ptII/ptolemy/actor/lib/test/auto/OrderedRecordUpdater.xml
----------------- Instantiating /home/travis/build/icyphy/ptII/ptolemy/actor/lib/test/auto/OrderedRecordUpdater.xml
2 ms. Memory: 1368064K Free: 203188K (15%)
----------------- Invoking toplevel() on ptolemy.moml.MoMLSimpleApplication@e5855dd
----------------- Done invoking toplevel() on ptolemy.moml.MoMLSimpleApplication@e5855dd
reloadAllAccessors: .RecordUpdater

===========================================================================================
----------------- testing Thu Jun 28 01:28:22 UTC 2018 /home/travis/build/icyphy/ptII/ptolemy/actor/lib/test/auto/OrderedRecordUpdater2.xml
----------------- Instantiating /home/travis/build/icyphy/ptII/ptolemy/actor/lib/test/auto/OrderedRecordUpdater2.xml
2 ms. Memory: 1368064K Free: 183520K (13%)
----------------- Invoking toplevel() on ptolemy.moml.MoMLSimpleApplication@71129688
----------------- Done invoking toplevel() on ptolemy.moml.MoMLSimpleApplication@71129688
reloadAllAccessors: .RecordUpdater2

===========================================================================================
----------------- testing Thu Jun 28 01:28:22 UTC 2018 /home/travis/build/icyphy/ptII/ptolemy/actor/lib/test/auto/PhaseUnwrap.xml
----------------- Instantiating /home/travis/build/icyphy/ptII/ptolemy/actor/lib/test/auto/PhaseUnwrap.xml
2 ms. Memory: 1368064K Free: 171032K (13%)
----------------- Invoking toplevel() on ptolemy.moml.MoMLSimpleApplication@5be996c2
----------------- Done invoking toplevel() on ptolemy.moml.MoMLSimpleApplication@5be996c2
reloadAllAccessors: .PhaseUnwrap

===========================================================================================
----------------- testing Thu Jun 28 01:28:22 UTC 2018 /home/travis/build/icyphy/ptII/ptolemy/actor/lib/test/auto/PoissonClock.xml
----------------- Instantiating /home/travis/build/icyphy/ptII/ptolemy/actor/lib/test/auto/PoissonClock.xml
2 ms. Memory: 1368064K Free: 158544K (12%)
----------------- Invoking toplevel() on ptolemy.moml.MoMLSimpleApplication@53ac12b6
----------------- Done invoking toplevel() on ptolemy.moml.MoMLSimpleApplication@53ac12b6
reloadAllAccessors: .PoissonClock

===========================================================================================
----------------- testing Thu Jun 28 01:28:22 UTC 2018 /home/travis/build/icyphy/ptII/ptolemy/actor/lib/test/auto/PoissonClock2.xml
----------------- Instantiating /home/travis/build/icyphy/ptII/ptolemy/actor/lib/test/auto/PoissonClock2.xml
2 ms. Memory: 1368064K Free: 138876K (10%)
----------------- Invoking toplevel() on ptolemy.moml.MoMLSimpleApplication@1d4ac238
----------------- Done invoking toplevel() on ptolemy.moml.MoMLSimpleApplication@1d4ac238
reloadAllAccessors: .PoissonClock2

===========================================================================================
----------------- testing Thu Jun 28 01:28:22 UTC 2018 /home/travis/build/icyphy/ptII/ptolemy/actor/lib/test/auto/PoissonClock3.xml
----------------- Instantiating /home/travis/build/icyphy/ptII/ptolemy/actor/lib/test/auto/PoissonClock3.xml
1 ms. Memory: 1368064K Free: 126388K (9%)
----------------- Invoking toplevel() on ptolemy.moml.MoMLSimpleApplication@33785fef
----------------- Done invoking toplevel() on ptolemy.moml.MoMLSimpleApplication@33785fef
reloadAllAccessors: .PoissonClock3

===========================================================================================
----------------- testing Thu Jun 28 01:28:22 UTC 2018 /home/travis/build/icyphy/ptII/ptolemy/actor/lib/test/auto/PubSubWithInitialTokens.xml
----------------- Instantiating /home/travis/build/icyphy/ptII/ptolemy/actor/lib/test/auto/PubSubWithInitialTokens.xml
3 ms. Memory: 1368064K Free: 113901K (8%)
----------------- Invoking toplevel() on ptolemy.moml.MoMLSimpleApplication@188452ac
----------------- Done invoking toplevel() on ptolemy.moml.MoMLSimpleApplication@188452ac
reloadAllAccessors: .PubSubWithInitialTokens

===========================================================================================
----------------- testing Thu Jun 28 01:28:22 UTC 2018 /home/travis/build/icyphy/ptII/ptolemy/actor/lib/test/auto/PubSubWithInitialTokens2.xml
----------------- Instantiating /home/travis/build/icyphy/ptII/ptolemy/actor/lib/test/auto/PubSubWithInitialTokens2.xml
2 ms. Memory: 1368064K Free: 94232K (7%)
----------------- Invoking toplevel() on ptolemy.moml.MoMLSimpleApplication@6a38afc6
----------------- Done invoking toplevel() on ptolemy.moml.MoMLSimpleApplication@6a38afc6
reloadAllAccessors: .PubSubWithInitialTokens2

===========================================================================================
----------------- testing Thu Jun 28 01:28:22 UTC 2018 /home/travis/build/icyphy/ptII/ptolemy/actor/lib/test/auto/PublisherClassNoParameter.xml
----------------- Instantiating /home/travis/build/icyphy/ptII/ptolemy/actor/lib/test/auto/PublisherClassNoParameter.xml
7 ms. Memory: 1501696K Free: 1459474K (97%)
----------------- Invoking toplevel() on ptolemy.moml.MoMLSimpleApplication@3d19b847
----------------- Done invoking toplevel() on ptolemy.moml.MoMLSimpleApplication@3d19b847
reloadAllAccessors: .PublisherClassNoParameter

===========================================================================================
----------------- testing Thu Jun 28 01:28:22 UTC 2018 /home/travis/build/icyphy/ptII/ptolemy/actor/lib/test/auto/PublisherClassParameter.xml
----------------- Instantiating /home/travis/build/icyphy/ptII/ptolemy/actor/lib/test/auto/PublisherClassParameter.xml
2 ms. Memory: 1501696K Free: 1428214K (95%)
----------------- Invoking toplevel() on ptolemy.moml.MoMLSimpleApplication@49398ff0
----------------- Done invoking toplevel() on ptolemy.moml.MoMLSimpleApplication@49398ff0
reloadAllAccessors: .PublisherClassParameter

===========================================================================================
----------------- testing Thu Jun 28 01:28:22 UTC 2018 /home/travis/build/icyphy/ptII/ptolemy/actor/lib/test/auto/PublisherNonStrictTest.xml
----------------- Instantiating /home/travis/build/icyphy/ptII/ptolemy/actor/lib/test/auto/PublisherNonStrictTest.xml
3 ms. Memory: 1501696K Free: 1414216K (94%)
----------------- Invoking toplevel() on ptolemy.moml.MoMLSimpleApplication@bf41364
----------------- Done invoking toplevel() on ptolemy.moml.MoMLSimpleApplication@bf41364
reloadAllAccessors: .PublisherNonStrictTest

===========================================================================================
----------------- testing Thu Jun 28 01:28:22 UTC 2018 /home/travis/build/icyphy/ptII/ptolemy/actor/lib/test/auto/PublisherPort1.xml
----------------- Instantiating /home/travis/build/icyphy/ptII/ptolemy/actor/lib/test/auto/PublisherPort1.xml
2 ms. Memory: 1501696K Free: 1393541K (93%)
----------------- Invoking toplevel() on ptolemy.moml.MoMLSimpleApplication@6f8ad851
----------------- Done invoking toplevel() on ptolemy.moml.MoMLSimpleApplication@6f8ad851
reloadAllAccessors: .PublisherPort1

===========================================================================================
----------------- testing Thu Jun 28 01:28:22 UTC 2018 /home/travis/build/icyphy/ptII/ptolemy/actor/lib/test/auto/PublisherPort2.xml
----------------- Instantiating /home/travis/build/icyphy/ptII/ptolemy/actor/lib/test/auto/PublisherPort2.xml
2 ms. Memory: 1501696K Free: 1379543K (92%)
----------------- Invoking toplevel() on ptolemy.moml.MoMLSimpleApplication@1a05e866
----------------- Done invoking toplevel() on ptolemy.moml.MoMLSimpleApplication@1a05e866
reloadAllAccessors: .PublisherPort2

===========================================================================================
----------------- testing Thu Jun 28 01:28:22 UTC 2018 /home/travis/build/icyphy/ptII/ptolemy/actor/lib/test/auto/PublisherPort3.xml
----------------- Instantiating /home/travis/build/icyphy/ptII/ptolemy/actor/lib/test/auto/PublisherPort3.xml
3 ms. Memory: 1501696K Free: 1365545K (91%)
----------------- Invoking toplevel() on ptolemy.moml.MoMLSimpleApplication@177bb5ce
----------------- Done invoking toplevel() on ptolemy.moml.MoMLSimpleApplication@177bb5ce
reloadAllAccessors: .PublisherPort3

===========================================================================================
----------------- testing Thu Jun 28 01:28:22 UTC 2018 /home/travis/build/icyphy/ptII/ptolemy/actor/lib/test/auto/PublisherPort4.xml
----------------- Instantiating /home/travis/build/icyphy/ptII/ptolemy/actor/lib/test/auto/PublisherPort4.xml
2 ms. Memory: 1501696K Free: 1344869K (90%)
----------------- Invoking toplevel() on ptolemy.moml.MoMLSimpleApplication@78e49d64
----------------- Done invoking toplevel() on ptolemy.moml.MoMLSimpleApplication@78e49d64
reloadAllAccessors: .PublisherPort4

===========================================================================================
----------------- testing Thu Jun 28 01:28:22 UTC 2018 /home/travis/build/icyphy/ptII/ptolemy/actor/lib/test/auto/PublisherPort5.xml
----------------- Instantiating /home/travis/build/icyphy/ptII/ptolemy/actor/lib/test/auto/PublisherPort5.xml
3 ms. Memory: 1501696K Free: 1330871K (89%)
----------------- Invoking toplevel() on ptolemy.moml.MoMLSimpleApplication@69113a7d
----------------- Done invoking toplevel() on ptolemy.moml.MoMLSimpleApplication@69113a7d
reloadAllAccessors: .PublisherPort5

===========================================================================================
----------------- testing Thu Jun 28 01:28:22 UTC 2018 /home/travis/build/icyphy/ptII/ptolemy/actor/lib/test/auto/PublisherPort5LookAlike.xml
----------------- Instantiating /home/travis/build/icyphy/ptII/ptolemy/actor/lib/test/auto/PublisherPort5LookAlike.xml
3 ms. Memory: 1501696K Free: 1316793K (88%)
----------------- Invoking toplevel() on ptolemy.moml.MoMLSimpleApplication@6d4bcc42
----------------- Done invoking toplevel() on ptolemy.moml.MoMLSimpleApplication@6d4bcc42
reloadAllAccessors: .PublisherPort5LookAlike

===========================================================================================
----------------- testing Thu Jun 28 01:28:22 UTC 2018 /home/travis/build/icyphy/ptII/ptolemy/actor/lib/test/auto/PublisherPort6.xml
----------------- Instantiating /home/travis/build/icyphy/ptII/ptolemy/actor/lib/test/auto/PublisherPort6.xml
1 ms. Memory: 1501696K Free: 1296118K (86%)
----------------- Invoking toplevel() on ptolemy.moml.MoMLSimpleApplication@7131fc04
----------------- Done invoking toplevel() on ptolemy.moml.MoMLSimpleApplication@7131fc04
reloadAllAccessors: .PublisherPort6

===========================================================================================
----------------- testing Thu Jun 28 01:28:22 UTC 2018 /home/travis/build/icyphy/ptII/ptolemy/actor/lib/test/auto/PublisherPort7.xml
----------------- Instantiating /home/travis/build/icyphy/ptII/ptolemy/actor/lib/test/auto/PublisherPort7.xml
3 ms. Memory: 1501696K Free: 1282120K (85%)
----------------- Invoking toplevel() on ptolemy.moml.MoMLSimpleApplication@44ad2757
----------------- Done invoking toplevel() on ptolemy.moml.MoMLSimpleApplication@44ad2757
reloadAllAccessors: .PublisherPort7

===========================================================================================
----------------- testing Thu Jun 28 01:28:22 UTC 2018 /home/travis/build/icyphy/ptII/ptolemy/actor/lib/test/auto/PublisherPort8.xml
----------------- Instantiating /home/travis/build/icyphy/ptII/ptolemy/actor/lib/test/auto/PublisherPort8.xml
4 ms. Memory: 1501696K Free: 1268122K (84%)
----------------- Invoking toplevel() on ptolemy.moml.MoMLSimpleApplication@48ea7580
----------------- Done invoking toplevel() on ptolemy.moml.MoMLSimpleApplication@48ea7580
reloadAllAccessors: .PublisherPort8

===========================================================================================
----------------- testing Thu Jun 28 01:28:22 UTC 2018 /home/travis/build/icyphy/ptII/ptolemy/actor/lib/test/auto/PublisherPortSubscriberChannelVariablesAOC2.xml
----------------- Instantiating /home/travis/build/icyphy/ptII/ptolemy/actor/lib/test/auto/PublisherPortSubscriberChannelVariablesAOC2.xml
2 ms. Memory: 1501696K Free: 1233416K (82%)
----------------- Invoking toplevel() on ptolemy.moml.MoMLSimpleApplication@18e31624
----------------- Done invoking toplevel() on ptolemy.moml.MoMLSimpleApplication@18e31624
reloadAllAccessors: .PublisherPortSubscriberChannelVariablesAOC2

===========================================================================================
----------------- testing Thu Jun 28 01:28:22 UTC 2018 /home/travis/build/icyphy/ptII/ptolemy/actor/lib/test/auto/PublisherPortSubscriberOpaqueWidthInference.xml
----------------- Instantiating /home/travis/build/icyphy/ptII/ptolemy/actor/lib/test/auto/PublisherPortSubscriberOpaqueWidthInference.xml
3 ms. Memory: 1501696K Free: 1219418K (81%)
----------------- Invoking toplevel() on ptolemy.moml.MoMLSimpleApplication@2627b305
----------------- Done invoking toplevel() on ptolemy.moml.MoMLSimpleApplication@2627b305
reloadAllAccessors: .PublisherPortSubscriberOpaqueWidthInference

===========================================================================================
----------------- testing Thu Jun 28 01:28:22 UTC 2018 /home/travis/build/icyphy/ptII/ptolemy/actor/lib/test/auto/PublisherPortSubscriberPortAdjacent.xml
----------------- Instantiating /home/travis/build/icyphy/ptII/ptolemy/actor/lib/test/auto/PublisherPortSubscriberPortAdjacent.xml
2 ms. Memory: 1501696K Free: 1198743K (80%)
----------------- Invoking toplevel() on ptolemy.moml.MoMLSimpleApplication@7947246f
----------------- Done invoking toplevel() on ptolemy.moml.MoMLSimpleApplication@7947246f
reloadAllAccessors: .PublisherPortSubscriberPortAdjacent

===========================================================================================
----------------- testing Thu Jun 28 01:28:22 UTC 2018 /home/travis/build/icyphy/ptII/ptolemy/actor/lib/test/auto/PublisherPortSubscriberPortExpression.xml
----------------- Instantiating /home/travis/build/icyphy/ptII/ptolemy/actor/lib/test/auto/PublisherPortSubscriberPortExpression.xml
3 ms. Memory: 1501696K Free: 1184745K (79%)
----------------- Invoking toplevel() on ptolemy.moml.MoMLSimpleApplication@119f4a6b
----------------- Done invoking toplevel() on ptolemy.moml.MoMLSimpleApplication@119f4a6b
reloadAllAccessors: .PublisherPortSubscriberPortExpression

===========================================================================================
----------------- testing Thu Jun 28 01:28:22 UTC 2018 /home/travis/build/icyphy/ptII/ptolemy/actor/lib/test/auto/PublisherPortSubscriberPortOpaqueD3Reverse.xml
----------------- Instantiating /home/travis/build/icyphy/ptII/ptolemy/actor/lib/test/auto/PublisherPortSubscriberPortOpaqueD3Reverse.xml
5 ms. Memory: 1501696K Free: 1170747K (78%)
----------------- Invoking toplevel() on ptolemy.moml.MoMLSimpleApplication@473ba5a3
----------------- Done invoking toplevel() on ptolemy.moml.MoMLSimpleApplication@473ba5a3
reloadAllAccessors: .PublisherPortSubscriberPortOpaqueD3Reverse

===========================================================================================
----------------- testing Thu Jun 28 01:28:22 UTC 2018 /home/travis/build/icyphy/ptII/ptolemy/actor/lib/test/auto/PublisherPortSubscriberPortOpaqueWidthInference.xml
----------------- Instantiating /home/travis/build/icyphy/ptII/ptolemy/actor/lib/test/auto/PublisherPortSubscriberPortOpaqueWidthInference.xml
3 ms. Memory: 1501696K Free: 1150071K (77%)
----------------- Invoking toplevel() on ptolemy.moml.MoMLSimpleApplication@7215ed24
----------------- Done invoking toplevel() on ptolemy.moml.MoMLSimpleApplication@7215ed24
reloadAllAccessors: .PublisherPortSubscriberPortOpaqueWidthInference

===========================================================================================
----------------- testing Thu Jun 28 01:28:22 UTC 2018 /home/travis/build/icyphy/ptII/ptolemy/actor/lib/test/auto/PublisherPortToplevelSubscriberPortAOC.xml
----------------- Instantiating /home/travis/build/icyphy/ptII/ptolemy/actor/lib/test/auto/PublisherPortToplevelSubscriberPortAOC.xml
.PublisherPortToplevelSubscriberPortAOC.TestExceptionAttribute: initialize() was not invoked, but wrapup() was.  This is unusual, but not always a problem.  For example, exporting JNLP will do this.
0 ms. Memory: 1501696K Free: 1136073K (76%)
----------------- Invoking toplevel() on ptolemy.moml.MoMLSimpleApplication@431c6a4b
----------------- Done invoking toplevel() on ptolemy.moml.MoMLSimpleApplication@431c6a4b
reloadAllAccessors: .PublisherPortToplevelSubscriberPortAOC

===========================================================================================
----------------- testing Thu Jun 28 01:28:22 UTC 2018 /home/travis/build/icyphy/ptII/ptolemy/actor/lib/test/auto/PublisherSubscriber.xml
----------------- Instantiating /home/travis/build/icyphy/ptII/ptolemy/actor/lib/test/auto/PublisherSubscriber.xml
3 ms. Memory: 1501696K Free: 1122075K (75%)
----------------- Invoking toplevel() on ptolemy.moml.MoMLSimpleApplication@1dd546a9
----------------- Done invoking toplevel() on ptolemy.moml.MoMLSimpleApplication@1dd546a9
reloadAllAccessors: .PublisherSubscriber

===========================================================================================
----------------- testing Thu Jun 28 01:28:22 UTC 2018 /home/travis/build/icyphy/ptII/ptolemy/actor/lib/test/auto/PublisherSubscriber10.xml
----------------- Instantiating /home/travis/build/icyphy/ptII/ptolemy/actor/lib/test/auto/PublisherSubscriber10.xml
5 ms. Memory: 1501696K Free: 1101400K (73%)
----------------- Invoking toplevel() on ptolemy.moml.MoMLSimpleApplication@2723d5c
----------------- Done invoking toplevel() on ptolemy.moml.MoMLSimpleApplication@2723d5c
reloadAllAccessors: .PublisherSubscriber10

===========================================================================================
----------------- testing Thu Jun 28 01:28:22 UTC 2018 /home/travis/build/icyphy/ptII/ptolemy/actor/lib/test/auto/PublisherSubscriber10InitialOutputs.xml
----------------- Instantiating /home/travis/build/icyphy/ptII/ptolemy/actor/lib/test/auto/PublisherSubscriber10InitialOutputs.xml
4 ms. Memory: 1501696K Free: 1087402K (72%)
----------------- Invoking toplevel() on ptolemy.moml.MoMLSimpleApplication@27110afa
----------------- Done invoking toplevel() on ptolemy.moml.MoMLSimpleApplication@27110afa
reloadAllAccessors: .PublisherSubscriber10InitialOutputs

===========================================================================================
----------------- testing Thu Jun 28 01:28:22 UTC 2018 /home/travis/build/icyphy/ptII/ptolemy/actor/lib/test/auto/PublisherSubscriber11.xml
----------------- Instantiating /home/travis/build/icyphy/ptII/ptolemy/actor/lib/test/auto/PublisherSubscriber11.xml
2 ms. Memory: 1501696K Free: 1073404K (71%)
----------------- Invoking toplevel() on ptolemy.moml.MoMLSimpleApplication@d13e810
----------------- Done invoking toplevel() on ptolemy.moml.MoMLSimpleApplication@d13e810
reloadAllAccessors: .PublisherSubscriber11

===========================================================================================
----------------- testing Thu Jun 28 01:28:22 UTC 2018 /home/travis/build/icyphy/ptII/ptolemy/actor/lib/test/auto/PublisherSubscriber12.xml
----------------- Instantiating /home/travis/build/icyphy/ptII/ptolemy/actor/lib/test/auto/PublisherSubscriber12.xml
6 ms. Memory: 1501696K Free: 1052728K (70%)
----------------- Invoking toplevel() on ptolemy.moml.MoMLSimpleApplication@738c1c54
----------------- Done invoking toplevel() on ptolemy.moml.MoMLSimpleApplication@738c1c54
reloadAllAccessors: .PublisherSubscriber12

===========================================================================================
----------------- testing Thu Jun 28 01:28:22 UTC 2018 /home/travis/build/icyphy/ptII/ptolemy/actor/lib/test/auto/PublisherSubscriber13.xml
----------------- Instantiating /home/travis/build/icyphy/ptII/ptolemy/actor/lib/test/auto/PublisherSubscriber13.xml
2 ms. Memory: 1501696K Free: 1038730K (69%)
----------------- Invoking toplevel() on ptolemy.moml.MoMLSimpleApplication@126dc13f
----------------- Done invoking toplevel() on ptolemy.moml.MoMLSimpleApplication@126dc13f
reloadAllAccessors: .PublisherSubscriber13

===========================================================================================
----------------- testing Thu Jun 28 01:28:22 UTC 2018 /home/travis/build/icyphy/ptII/ptolemy/actor/lib/test/auto/PublisherSubscriber14.xml
----------------- Instantiating /home/travis/build/icyphy/ptII/ptolemy/actor/lib/test/auto/PublisherSubscriber14.xml
2 ms. Memory: 1501696K Free: 1018055K (68%)
----------------- Invoking toplevel() on ptolemy.moml.MoMLSimpleApplication@e0b9ab6
----------------- Done invoking toplevel() on ptolemy.moml.MoMLSimpleApplication@e0b9ab6
reloadAllAccessors: .PublisherSubscriber14

===========================================================================================
----------------- testing Thu Jun 28 01:28:22 UTC 2018 /home/travis/build/icyphy/ptII/ptolemy/actor/lib/test/auto/PublisherSubscriber2.xml
----------------- Instantiating /home/travis/build/icyphy/ptII/ptolemy/actor/lib/test/auto/PublisherSubscriber2.xml
3 ms. Memory: 1501696K Free: 1004057K (67%)
----------------- Invoking toplevel() on ptolemy.moml.MoMLSimpleApplication@b4b7b2
----------------- Done invoking toplevel() on ptolemy.moml.MoMLSimpleApplication@b4b7b2
reloadAllAccessors: .PublisherSubscriber2

===========================================================================================
----------------- testing Thu Jun 28 01:28:22 UTC 2018 /home/travis/build/icyphy/ptII/ptolemy/actor/lib/test/auto/PublisherSubscriber3.xml
----------------- Instantiating /home/travis/build/icyphy/ptII/ptolemy/actor/lib/test/auto/PublisherSubscriber3.xml
2 ms. Memory: 1501696K Free: 990059K (66%)
----------------- Invoking toplevel() on ptolemy.moml.MoMLSimpleApplication@4245fb3d
----------------- Done invoking toplevel() on ptolemy.moml.MoMLSimpleApplication@4245fb3d
reloadAllAccessors: .PublisherSubscriber3

===========================================================================================
----------------- testing Thu Jun 28 01:28:22 UTC 2018 /home/travis/build/icyphy/ptII/ptolemy/actor/lib/test/auto/PublisherSubscriber4.xml
----------------- Instantiating /home/travis/build/icyphy/ptII/ptolemy/actor/lib/test/auto/PublisherSubscriber4.xml
2 ms. Memory: 1501696K Free: 969383K (65%)
----------------- Invoking toplevel() on ptolemy.moml.MoMLSimpleApplication@76568571
----------------- Done invoking toplevel() on ptolemy.moml.MoMLSimpleApplication@76568571
reloadAllAccessors: .PublisherSubscriber4

===========================================================================================
----------------- testing Thu Jun 28 01:28:22 UTC 2018 /home/travis/build/icyphy/ptII/ptolemy/actor/lib/test/auto/PublisherSubscriber5.xml
----------------- Instantiating /home/travis/build/icyphy/ptII/ptolemy/actor/lib/test/auto/PublisherSubscriber5.xml
2 ms. Memory: 1501696K Free: 955385K (64%)
----------------- Invoking toplevel() on ptolemy.moml.MoMLSimpleApplication@edee4d3
----------------- Done invoking toplevel() on ptolemy.moml.MoMLSimpleApplication@edee4d3
reloadAllAccessors: .PublisherSubscriber5

===========================================================================================
----------------- testing Thu Jun 28 01:28:22 UTC 2018 /home/travis/build/icyphy/ptII/ptolemy/actor/lib/test/auto/PublisherSubscriber6.xml
----------------- Instantiating /home/travis/build/icyphy/ptII/ptolemy/actor/lib/test/auto/PublisherSubscriber6.xml
4 ms. Memory: 1501696K Free: 941387K (63%)
----------------- Invoking toplevel() on ptolemy.moml.MoMLSimpleApplication@4f58fc1
----------------- Done invoking toplevel() on ptolemy.moml.MoMLSimpleApplication@4f58fc1
reloadAllAccessors: .PublisherSubscriber6

===========================================================================================
----------------- testing Thu Jun 28 01:28:22 UTC 2018 /home/travis/build/icyphy/ptII/ptolemy/actor/lib/test/auto/PublisherSubscriber7.xml
----------------- Instantiating /home/travis/build/icyphy/ptII/ptolemy/actor/lib/test/auto/PublisherSubscriber7.xml
5 ms. Memory: 1501696K Free: 920712K (61%)
----------------- Invoking toplevel() on ptolemy.moml.MoMLSimpleApplication@12ffb1e7
----------------- Done invoking toplevel() on ptolemy.moml.MoMLSimpleApplication@12ffb1e7
reloadAllAccessors: .PublisherSubscriber7

===========================================================================================
----------------- testing Thu Jun 28 01:28:22 UTC 2018 /home/travis/build/icyphy/ptII/ptolemy/actor/lib/test/auto/PublisherSubscriber8.xml
----------------- Instantiating /home/travis/build/icyphy/ptII/ptolemy/actor/lib/test/auto/PublisherSubscriber8.xml
18 ms. Memory: 1501696K Free: 836723K (56%)
----------------- Invoking toplevel() on ptolemy.moml.MoMLSimpleApplication@77bd380
----------------- Done invoking toplevel() on ptolemy.moml.MoMLSimpleApplication@77bd380
reloadAllAccessors: .PublisherSubscriber8

===========================================================================================
----------------- testing Thu Jun 28 01:28:22 UTC 2018 /home/travis/build/icyphy/ptII/ptolemy/actor/lib/test/auto/PublisherSubscriber9.xml
----------------- Instantiating /home/travis/build/icyphy/ptII/ptolemy/actor/lib/test/auto/PublisherSubscriber9.xml
2 ms. Memory: 1501696K Free: 822725K (55%)
----------------- Invoking toplevel() on ptolemy.moml.MoMLSimpleApplication@6c6ca6a2
----------------- Done invoking toplevel() on ptolemy.moml.MoMLSimpleApplication@6c6ca6a2
reloadAllAccessors: .PublisherSubscriber9

===========================================================================================
----------------- testing Thu Jun 28 01:28:22 UTC 2018 /home/travis/build/icyphy/ptII/ptolemy/actor/lib/test/auto/PublisherSubscriberAdjacent.xml
----------------- Instantiating /home/travis/build/icyphy/ptII/ptolemy/actor/lib/test/auto/PublisherSubscriberAdjacent.xml
2 ms. Memory: 1501696K Free: 802049K (53%)
----------------- Invoking toplevel() on ptolemy.moml.MoMLSimpleApplication@5c845683
----------------- Done invoking toplevel() on ptolemy.moml.MoMLSimpleApplication@5c845683
reloadAllAccessors: .PublisherSubscriberAdjacent

===========================================================================================
----------------- testing Thu Jun 28 01:28:22 UTC 2018 /home/travis/build/icyphy/ptII/ptolemy/actor/lib/test/auto/PublisherSubscriberChannelVariablesAOC2.xml
----------------- Instantiating /home/travis/build/icyphy/ptII/ptolemy/actor/lib/test/auto/PublisherSubscriberChannelVariablesAOC2.xml
2 ms. Memory: 1501696K Free: 781052K (52%)
----------------- Invoking toplevel() on ptolemy.moml.MoMLSimpleApplication@67ce898d
----------------- Done invoking toplevel() on ptolemy.moml.MoMLSimpleApplication@67ce898d
reloadAllAccessors: .PublisherSubscriberChannelVariablesAOC2

===========================================================================================
----------------- testing Thu Jun 28 01:28:22 UTC 2018 /home/travis/build/icyphy/ptII/ptolemy/actor/lib/test/auto/PublisherSubscriberD3.xml
----------------- Instantiating /home/travis/build/icyphy/ptII/ptolemy/actor/lib/test/auto/PublisherSubscriberD3.xml
1 ms. Memory: 1501696K Free: 760376K (51%)
----------------- Invoking toplevel() on ptolemy.moml.MoMLSimpleApplication@2ee020ec
----------------- Done invoking toplevel() on ptolemy.moml.MoMLSimpleApplication@2ee020ec
reloadAllAccessors: .PublisherSubscriberD3

===========================================================================================
----------------- testing Thu Jun 28 01:28:22 UTC 2018 /home/travis/build/icyphy/ptII/ptolemy/actor/lib/test/auto/PublisherSubscriberD3Reverse.xml
----------------- Instantiating /home/travis/build/icyphy/ptII/ptolemy/actor/lib/test/auto/PublisherSubscriberD3Reverse.xml
1 ms. Memory: 1501696K Free: 746378K (50%)
----------------- Invoking toplevel() on ptolemy.moml.MoMLSimpleApplication@4a980a97
----------------- Done invoking toplevel() on ptolemy.moml.MoMLSimpleApplication@4a980a97
reloadAllAccessors: .PublisherSubscriberD3Reverse

===========================================================================================
----------------- testing Thu Jun 28 01:28:22 UTC 2018 /home/travis/build/icyphy/ptII/ptolemy/actor/lib/test/auto/PublisherSubscriberExpression.xml
----------------- Instantiating /home/travis/build/icyphy/ptII/ptolemy/actor/lib/test/auto/PublisherSubscriberExpression.xml
3 ms. Memory: 1501696K Free: 732380K (49%)
----------------- Invoking toplevel() on ptolemy.moml.MoMLSimpleApplication@1ec9c36a
----------------- Done invoking toplevel() on ptolemy.moml.MoMLSimpleApplication@1ec9c36a
reloadAllAccessors: .PublisherSubscriberExpression

===========================================================================================
----------------- testing Thu Jun 28 01:28:23 UTC 2018 /home/travis/build/icyphy/ptII/ptolemy/actor/lib/test/auto/PublisherSubscriberOpaque.xml
----------------- Instantiating /home/travis/build/icyphy/ptII/ptolemy/actor/lib/test/auto/PublisherSubscriberOpaque.xml
3 ms. Memory: 1501696K Free: 711705K (47%)
----------------- Invoking toplevel() on ptolemy.moml.MoMLSimpleApplication@3783b1d7
----------------- Done invoking toplevel() on ptolemy.moml.MoMLSimpleApplication@3783b1d7
reloadAllAccessors: .PublisherSubscriberOpaque

===========================================================================================
----------------- testing Thu Jun 28 01:28:23 UTC 2018 /home/travis/build/icyphy/ptII/ptolemy/actor/lib/test/auto/PublisherSubscriberOpaqueD3.xml
----------------- Instantiating /home/travis/build/icyphy/ptII/ptolemy/actor/lib/test/auto/PublisherSubscriberOpaqueD3.xml
5 ms. Memory: 1501696K Free: 690692K (46%)
----------------- Invoking toplevel() on ptolemy.moml.MoMLSimpleApplication@1f5472a2
----------------- Done invoking toplevel() on ptolemy.moml.MoMLSimpleApplication@1f5472a2
reloadAllAccessors: .PublisherSubscriberOpaqueD3

===========================================================================================
----------------- testing Thu Jun 28 01:28:23 UTC 2018 /home/travis/build/icyphy/ptII/ptolemy/actor/lib/test/auto/PublisherSubscriberOpaqueD3Reverse.xml
----------------- Instantiating /home/travis/build/icyphy/ptII/ptolemy/actor/lib/test/auto/PublisherSubscriberOpaqueD3Reverse.xml
5 ms. Memory: 1501696K Free: 676694K (45%)
----------------- Invoking toplevel() on ptolemy.moml.MoMLSimpleApplication@273b6a63
----------------- Done invoking toplevel() on ptolemy.moml.MoMLSimpleApplication@273b6a63
reloadAllAccessors: .PublisherSubscriberOpaqueD3Reverse

===========================================================================================
----------------- testing Thu Jun 28 01:28:23 UTC 2018 /home/travis/build/icyphy/ptII/ptolemy/actor/lib/test/auto/PublisherSubscriberOpaqueWidthInference.xml
----------------- Instantiating /home/travis/build/icyphy/ptII/ptolemy/actor/lib/test/auto/PublisherSubscriberOpaqueWidthInference.xml
3 ms. Memory: 1501696K Free: 656018K (44%)
----------------- Invoking toplevel() on ptolemy.moml.MoMLSimpleApplication@613c218b
----------------- Done invoking toplevel() on ptolemy.moml.MoMLSimpleApplication@613c218b
reloadAllAccessors: .PublisherSubscriberOpaqueWidthInference

===========================================================================================
----------------- testing Thu Jun 28 01:28:23 UTC 2018 /home/travis/build/icyphy/ptII/ptolemy/actor/lib/test/auto/PublisherTestSubscriber.xml
----------------- Instantiating /home/travis/build/icyphy/ptII/ptolemy/actor/lib/test/auto/PublisherTestSubscriber.xml
2 ms. Memory: 1501696K Free: 642020K (43%)
----------------- Invoking toplevel() on ptolemy.moml.MoMLSimpleApplication@53c8f1dc
----------------- Done invoking toplevel() on ptolemy.moml.MoMLSimpleApplication@53c8f1dc
reloadAllAccessors: .PublisherTestSubscriber

===========================================================================================
----------------- testing Thu Jun 28 01:28:23 UTC 2018 /home/travis/build/icyphy/ptII/ptolemy/actor/lib/test/auto/PublisherToplevelSubscriberPortAOC.xml
----------------- Instantiating /home/travis/build/icyphy/ptII/ptolemy/actor/lib/test/auto/PublisherToplevelSubscriberPortAOC.xml
1 ms. Memory: 1501696K Free: 628022K (42%)
----------------- Invoking toplevel() on ptolemy.moml.MoMLSimpleApplication@8cbd854
----------------- Done invoking toplevel() on ptolemy.moml.MoMLSimpleApplication@8cbd854
reloadAllAccessors: .PublisherToplevelSubscriberPortAOC

===========================================================================================
----------------- testing Thu Jun 28 01:28:23 UTC 2018 /home/travis/build/icyphy/ptII/ptolemy/actor/lib/test/auto/PulseFiringLimitDE.xml
----------------- Instantiating /home/travis/build/icyphy/ptII/ptolemy/actor/lib/test/auto/PulseFiringLimitDE.xml
1 ms. Memory: 1501696K Free: 607347K (40%)
----------------- Invoking toplevel() on ptolemy.moml.MoMLSimpleApplication@23eb980e
----------------- Done invoking toplevel() on ptolemy.moml.MoMLSimpleApplication@23eb980e
reloadAllAccessors: .PulseFiringLimitDE

===========================================================================================
----------------- testing Thu Jun 28 01:28:23 UTC 2018 /home/travis/build/icyphy/ptII/ptolemy/actor/lib/test/auto/Ramp1.xml
----------------- Instantiating /home/travis/build/icyphy/ptII/ptolemy/actor/lib/test/auto/Ramp1.xml
2 ms. Memory: 1501696K Free: 593349K (40%)
----------------- Invoking toplevel() on ptolemy.moml.MoMLSimpleApplication@1da9239c
----------------- Done invoking toplevel() on ptolemy.moml.MoMLSimpleApplication@1da9239c
reloadAllAccessors: .Ramp1

===========================================================================================
----------------- testing Thu Jun 28 01:28:23 UTC 2018 /home/travis/build/icyphy/ptII/ptolemy/actor/lib/test/auto/RampFiringLimitDE.xml
----------------- Instantiating /home/travis/build/icyphy/ptII/ptolemy/actor/lib/test/auto/RampFiringLimitDE.xml
1 ms. Memory: 1501696K Free: 572674K (38%)
----------------- Invoking toplevel() on ptolemy.moml.MoMLSimpleApplication@10f7514a
----------------- Done invoking toplevel() on ptolemy.moml.MoMLSimpleApplication@10f7514a
reloadAllAccessors: .RampFiringLimitDE

===========================================================================================
----------------- testing Thu Jun 28 01:28:23 UTC 2018 /home/travis/build/icyphy/ptII/ptolemy/actor/lib/test/auto/RampFiringLimitSDF.xml
----------------- Instantiating /home/travis/build/icyphy/ptII/ptolemy/actor/lib/test/auto/RampFiringLimitSDF.xml
2 ms. Memory: 1501696K Free: 558676K (37%)
----------------- Invoking toplevel() on ptolemy.moml.MoMLSimpleApplication@7efb9f85
----------------- Done invoking toplevel() on ptolemy.moml.MoMLSimpleApplication@7efb9f85
reloadAllAccessors: .RampFiringLimitSDF

===========================================================================================
----------------- testing Thu Jun 28 01:28:23 UTC 2018 /home/travis/build/icyphy/ptII/ptolemy/actor/lib/test/auto/RandomInteger.xml
----------------- Instantiating /home/travis/build/icyphy/ptII/ptolemy/actor/lib/test/auto/RandomInteger.xml
1 ms. Memory: 1501696K Free: 544678K (36%)
----------------- Invoking toplevel() on ptolemy.moml.MoMLSimpleApplication@7a005d53
----------------- Done invoking toplevel() on ptolemy.moml.MoMLSimpleApplication@7a005d53
reloadAllAccessors: .RandomInteger

===========================================================================================
----------------- testing Thu Jun 28 01:28:23 UTC 2018 /home/travis/build/icyphy/ptII/ptolemy/actor/lib/test/auto/ReadFile1.xml
----------------- Instantiating /home/travis/build/icyphy/ptII/ptolemy/actor/lib/test/auto/ReadFile1.xml
2 ms. Memory: 1501696K Free: 524002K (35%)
----------------- Invoking toplevel() on ptolemy.moml.MoMLSimpleApplication@5aeaed2f
----------------- Done invoking toplevel() on ptolemy.moml.MoMLSimpleApplication@5aeaed2f
reloadAllAccessors: .ReadFile1

===========================================================================================
----------------- testing Thu Jun 28 01:28:23 UTC 2018 /home/travis/build/icyphy/ptII/ptolemy/actor/lib/test/auto/ReadFile2.xml
----------------- Instantiating /home/travis/build/icyphy/ptII/ptolemy/actor/lib/test/auto/ReadFile2.xml
1 ms. Memory: 1501696K Free: 510004K (34%)
----------------- Invoking toplevel() on ptolemy.moml.MoMLSimpleApplication@5626b5f8
----------------- Done invoking toplevel() on ptolemy.moml.MoMLSimpleApplication@5626b5f8
reloadAllAccessors: .ReadFile2

===========================================================================================
----------------- testing Thu Jun 28 01:28:23 UTC 2018 /home/travis/build/icyphy/ptII/ptolemy/actor/lib/test/auto/Reader.xml
----------------- Instantiating /home/travis/build/icyphy/ptII/ptolemy/actor/lib/test/auto/Reader.xml
actor.lib.Reader is obsolete, use actor.lib.io.ExpressionReader instead
2 ms. Memory: 1501696K Free: 496006K (33%)
----------------- Invoking toplevel() on ptolemy.moml.MoMLSimpleApplication@58964be2
----------------- Done invoking toplevel() on ptolemy.moml.MoMLSimpleApplication@58964be2
reloadAllAccessors: .Reader

===========================================================================================
----------------- testing Thu Jun 28 01:28:23 UTC 2018 /home/travis/build/icyphy/ptII/ptolemy/actor/lib/test/auto/RecordAssemblerDisplayNameTest.xml
----------------- Instantiating /home/travis/build/icyphy/ptII/ptolemy/actor/lib/test/auto/RecordAssemblerDisplayNameTest.xml
2838 ms. Memory: 1531904K Free: 670164K (44%)
----------------- Invoking toplevel() on ptolemy.moml.MoMLSimpleApplication@261e47ce
----------------- Done invoking toplevel() on ptolemy.moml.MoMLSimpleApplication@261e47ce
reloadAllAccessors: .RecordAssemblerDisplayNameTest

===========================================================================================
----------------- testing Thu Jun 28 01:28:26 UTC 2018 /home/travis/build/icyphy/ptII/ptolemy/actor/lib/test/auto/RecordAssemblerTypeError.xml
----------------- Instantiating /home/travis/build/icyphy/ptII/ptolemy/actor/lib/test/auto/RecordAssemblerTypeError.xml
6 ms. Memory: 1531904K Free: 640085K (42%)
----------------- Invoking toplevel() on ptolemy.moml.MoMLSimpleApplication@a54fa47
----------------- Done invoking toplevel() on ptolemy.moml.MoMLSimpleApplication@a54fa47
reloadAllAccessors: .RecordAssemblerTypeError

===========================================================================================
----------------- testing Thu Jun 28 01:28:26 UTC 2018 /home/travis/build/icyphy/ptII/ptolemy/actor/lib/test/auto/RecordDisassember.xml
----------------- Instantiating /home/travis/build/icyphy/ptII/ptolemy/actor/lib/test/auto/RecordDisassember.xml
2 ms. Memory: 1531904K Free: 625954K (41%)
----------------- Invoking toplevel() on ptolemy.moml.MoMLSimpleApplication@52f0f26e
----------------- Done invoking toplevel() on ptolemy.moml.MoMLSimpleApplication@52f0f26e
reloadAllAccessors: .RecordDisassember

===========================================================================================
----------------- testing Thu Jun 28 01:28:26 UTC 2018 /home/travis/build/icyphy/ptII/ptolemy/actor/lib/test/auto/RecordDisassemberDisplayNameTest.xml
----------------- Instantiating /home/travis/build/icyphy/ptII/ptolemy/actor/lib/test/auto/RecordDisassemberDisplayNameTest.xml
10 ms. Memory: 1531904K Free: 606525K (40%)
----------------- Invoking toplevel() on ptolemy.moml.MoMLSimpleApplication@3a80b903
----------------- Done invoking toplevel() on ptolemy.moml.MoMLSimpleApplication@3a80b903
reloadAllAccessors: .RecordDisassemberDisplayNameTest

===========================================================================================
----------------- testing Thu Jun 28 01:28:26 UTC 2018 /home/travis/build/icyphy/ptII/ptolemy/actor/lib/test/auto/RecordDisassembler.xml
----------------- Instantiating /home/travis/build/icyphy/ptII/ptolemy/actor/lib/test/auto/RecordDisassembler.xml
2 ms. Memory: 1531904K Free: 592394K (39%)
----------------- Invoking toplevel() on ptolemy.moml.MoMLSimpleApplication@4adf4ef9
----------------- Done invoking toplevel() on ptolemy.moml.MoMLSimpleApplication@4adf4ef9
reloadAllAccessors: .RecordDisassembler

===========================================================================================
----------------- testing Thu Jun 28 01:28:26 UTC 2018 /home/travis/build/icyphy/ptII/ptolemy/actor/lib/test/auto/RecordDisassembler2.xml
----------------- Instantiating /home/travis/build/icyphy/ptII/ptolemy/actor/lib/test/auto/RecordDisassembler2.xml
2 ms. Memory: 1531904K Free: 572965K (37%)
----------------- Invoking toplevel() on ptolemy.moml.MoMLSimpleApplication@4ca70596
----------------- Done invoking toplevel() on ptolemy.moml.MoMLSimpleApplication@4ca70596
reloadAllAccessors: .RecordDisassembler2

===========================================================================================
----------------- testing Thu Jun 28 01:28:26 UTC 2018 /home/travis/build/icyphy/ptII/ptolemy/actor/lib/test/auto/RecordUpdater.xml
----------------- Instantiating /home/travis/build/icyphy/ptII/ptolemy/actor/lib/test/auto/RecordUpdater.xml
1 ms. Memory: 1531904K Free: 558834K (36%)
----------------- Invoking toplevel() on ptolemy.moml.MoMLSimpleApplication@364d4bcc
----------------- Done invoking toplevel() on ptolemy.moml.MoMLSimpleApplication@364d4bcc
reloadAllAccessors: .RecordUpdater

===========================================================================================
----------------- testing Thu Jun 28 01:28:26 UTC 2018 /home/travis/build/icyphy/ptII/ptolemy/actor/lib/test/auto/RecordUpdater2.xml
----------------- Instantiating /home/travis/build/icyphy/ptII/ptolemy/actor/lib/test/auto/RecordUpdater2.xml
2 ms. Memory: 1531904K Free: 539405K (35%)
----------------- Invoking toplevel() on ptolemy.moml.MoMLSimpleApplication@413f782b
----------------- Done invoking toplevel() on ptolemy.moml.MoMLSimpleApplication@413f782b
reloadAllAccessors: .RecordUpdater2

===========================================================================================
----------------- testing Thu Jun 28 01:28:26 UTC 2018 /home/travis/build/icyphy/ptII/ptolemy/actor/lib/test/auto/RecursiveLattice.xml
----------------- Instantiating /home/travis/build/icyphy/ptII/ptolemy/actor/lib/test/auto/RecursiveLattice.xml
1 ms. Memory: 1531904K Free: 525274K (34%)
----------------- Invoking toplevel() on ptolemy.moml.MoMLSimpleApplication@60488b48
----------------- Done invoking toplevel() on ptolemy.moml.MoMLSimpleApplication@60488b48
reloadAllAccessors: .RecursiveLattice

===========================================================================================
----------------- testing Thu Jun 28 01:28:26 UTC 2018 /home/travis/build/icyphy/ptII/ptolemy/actor/lib/test/auto/Router.xml
----------------- Instantiating /home/travis/build/icyphy/ptII/ptolemy/actor/lib/test/auto/Router.xml
3004 ms. Memory: 1531904K Free: 505846K (33%)
----------------- Invoking toplevel() on ptolemy.moml.MoMLSimpleApplication@17378387
----------------- Done invoking toplevel() on ptolemy.moml.MoMLSimpleApplication@17378387
reloadAllAccessors: .Router

===========================================================================================
----------------- testing Thu Jun 28 01:28:29 UTC 2018 /home/travis/build/icyphy/ptII/ptolemy/actor/lib/test/auto/Router2.xml
----------------- Instantiating /home/travis/build/icyphy/ptII/ptolemy/actor/lib/test/auto/Router2.xml
3003 ms. Memory: 1531904K Free: 491714K (32%)
----------------- Invoking toplevel() on ptolemy.moml.MoMLSimpleApplication@34bf6697
----------------- Done invoking toplevel() on ptolemy.moml.MoMLSimpleApplication@34bf6697
reloadAllAccessors: .Router2

===========================================================================================
----------------- testing Thu Jun 28 01:28:32 UTC 2018 /home/travis/build/icyphy/ptII/ptolemy/actor/lib/test/auto/RunningMaximum.xml
----------------- Instantiating /home/travis/build/icyphy/ptII/ptolemy/actor/lib/test/auto/RunningMaximum.xml
2 ms. Memory: 1531904K Free: 472285K (31%)
----------------- Invoking toplevel() on ptolemy.moml.MoMLSimpleApplication@16808abd
----------------- Done invoking toplevel() on ptolemy.moml.MoMLSimpleApplication@16808abd
reloadAllAccessors: .RunningMaximum

===========================================================================================
----------------- testing Thu Jun 28 01:28:32 UTC 2018 /home/travis/build/icyphy/ptII/ptolemy/actor/lib/test/auto/RunningMinimum.xml
----------------- Instantiating /home/travis/build/icyphy/ptII/ptolemy/actor/lib/test/auto/RunningMinimum.xml
1 ms. Memory: 1531904K Free: 458154K (30%)
----------------- Invoking toplevel() on ptolemy.moml.MoMLSimpleApplication@107efa88
----------------- Done invoking toplevel() on ptolemy.moml.MoMLSimpleApplication@107efa88
reloadAllAccessors: .RunningMinimum

===========================================================================================
----------------- testing Thu Jun 28 01:28:32 UTC 2018 /home/travis/build/icyphy/ptII/ptolemy/actor/lib/test/auto/Scale.xml
----------------- Instantiating /home/travis/build/icyphy/ptII/ptolemy/actor/lib/test/auto/Scale.xml
1 ms. Memory: 1531904K Free: 438726K (29%)
----------------- Invoking toplevel() on ptolemy.moml.MoMLSimpleApplication@1c275833
----------------- Done invoking toplevel() on ptolemy.moml.MoMLSimpleApplication@1c275833
reloadAllAccessors: .Scale

===========================================================================================
----------------- testing Thu Jun 28 01:28:32 UTC 2018 /home/travis/build/icyphy/ptII/ptolemy/actor/lib/test/auto/Scale2.xml
----------------- Instantiating /home/travis/build/icyphy/ptII/ptolemy/actor/lib/test/auto/Scale2.xml
1 ms. Memory: 1531904K Free: 424595K (28%)
----------------- Invoking toplevel() on ptolemy.moml.MoMLSimpleApplication@530294e8
----------------- Done invoking toplevel() on ptolemy.moml.MoMLSimpleApplication@530294e8
reloadAllAccessors: .Scale2

===========================================================================================
----------------- testing Thu Jun 28 01:28:32 UTC 2018 /home/travis/build/icyphy/ptII/ptolemy/actor/lib/test/auto/Scale3.xml
----------------- Instantiating /home/travis/build/icyphy/ptII/ptolemy/actor/lib/test/auto/Scale3.xml
2 ms. Memory: 1531904K Free: 410463K (27%)
----------------- Invoking toplevel() on ptolemy.moml.MoMLSimpleApplication@59efe5f2
----------------- Done invoking toplevel() on ptolemy.moml.MoMLSimpleApplication@59efe5f2
reloadAllAccessors: .Scale3

===========================================================================================
----------------- testing Thu Jun 28 01:28:32 UTC 2018 /home/travis/build/icyphy/ptII/ptolemy/actor/lib/test/auto/ScaleArray.xml
----------------- Instantiating /home/travis/build/icyphy/ptII/ptolemy/actor/lib/test/auto/ScaleArray.xml
2 ms. Memory: 1531904K Free: 391035K (26%)
----------------- Invoking toplevel() on ptolemy.moml.MoMLSimpleApplication@6d5d08a3
----------------- Done invoking toplevel() on ptolemy.moml.MoMLSimpleApplication@6d5d08a3
reloadAllAccessors: .ScaleArray

===========================================================================================
----------------- testing Thu Jun 28 01:28:32 UTC 2018 /home/travis/build/icyphy/ptII/ptolemy/actor/lib/test/auto/ScaleArray2.xml
----------------- Instantiating /home/travis/build/icyphy/ptII/ptolemy/actor/lib/test/auto/ScaleArray2.xml
1 ms. Memory: 1531904K Free: 376904K (25%)
----------------- Invoking toplevel() on ptolemy.moml.MoMLSimpleApplication@1a86af3f
----------------- Done invoking toplevel() on ptolemy.moml.MoMLSimpleApplication@1a86af3f
reloadAllAccessors: .ScaleArray2

===========================================================================================
----------------- testing Thu Jun 28 01:28:32 UTC 2018 /home/travis/build/icyphy/ptII/ptolemy/actor/lib/test/auto/ScaleMatrix.xml
----------------- Instantiating /home/travis/build/icyphy/ptII/ptolemy/actor/lib/test/auto/ScaleMatrix.xml
95 ms. Memory: 1531904K Free: 350409K (23%)
----------------- Invoking toplevel() on ptolemy.moml.MoMLSimpleApplication@212bbe10
----------------- Done invoking toplevel() on ptolemy.moml.MoMLSimpleApplication@212bbe10
reloadAllAccessors: .ScaleMatrix

===========================================================================================
----------------- testing Thu Jun 28 01:28:32 UTC 2018 /home/travis/build/icyphy/ptII/ptolemy/actor/lib/test/auto/Select.xml
----------------- Instantiating /home/travis/build/icyphy/ptII/ptolemy/actor/lib/test/auto/Select.xml
2 ms. Memory: 1531904K Free: 336278K (22%)
----------------- Invoking toplevel() on ptolemy.moml.MoMLSimpleApplication@10d9c477
----------------- Done invoking toplevel() on ptolemy.moml.MoMLSimpleApplication@10d9c477
reloadAllAccessors: .Select

===========================================================================================
----------------- testing Thu Jun 28 01:28:32 UTC 2018 /home/travis/build/icyphy/ptII/ptolemy/actor/lib/test/auto/Select2.xml
----------------- Instantiating /home/travis/build/icyphy/ptII/ptolemy/actor/lib/test/auto/Select2.xml
1 ms. Memory: 1531904K Free: 316849K (21%)
----------------- Invoking toplevel() on ptolemy.moml.MoMLSimpleApplication@6a79f36b
----------------- Done invoking toplevel() on ptolemy.moml.MoMLSimpleApplication@6a79f36b
reloadAllAccessors: .Select2

===========================================================================================
----------------- testing Thu Jun 28 01:28:32 UTC 2018 /home/travis/build/icyphy/ptII/ptolemy/actor/lib/test/auto/SequenceToArray2.xml
----------------- Instantiating /home/travis/build/icyphy/ptII/ptolemy/actor/lib/test/auto/SequenceToArray2.xml
92 ms. Memory: 1531904K Free: 232046K (15%)
----------------- Invoking toplevel() on ptolemy.moml.MoMLSimpleApplication@55c11a8f
----------------- Done invoking toplevel() on ptolemy.moml.MoMLSimpleApplication@55c11a8f
reloadAllAccessors: .SequenceToArray2

===========================================================================================
----------------- testing Thu Jun 28 01:28:32 UTC 2018 /home/travis/build/icyphy/ptII/ptolemy/actor/lib/test/auto/SequentialClock.xml
----------------- Instantiating /home/travis/build/icyphy/ptII/ptolemy/actor/lib/test/auto/SequentialClock.xml
1 ms. Memory: 1531904K Free: 212617K (14%)
----------------- Invoking toplevel() on ptolemy.moml.MoMLSimpleApplication@3a36bca3
----------------- Done invoking toplevel() on ptolemy.moml.MoMLSimpleApplication@3a36bca3
reloadAllAccessors: .SequentialClock

===========================================================================================
----------------- testing Thu Jun 28 01:28:32 UTC 2018 /home/travis/build/icyphy/ptII/ptolemy/actor/lib/test/auto/SetVariable.xml
----------------- Instantiating /home/travis/build/icyphy/ptII/ptolemy/actor/lib/test/auto/SetVariable.xml
2 ms. Memory: 1531904K Free: 198486K (13%)
----------------- Invoking toplevel() on ptolemy.moml.MoMLSimpleApplication@4af7e61a
----------------- Done invoking toplevel() on ptolemy.moml.MoMLSimpleApplication@4af7e61a
reloadAllAccessors: .SetVariable

===========================================================================================
----------------- testing Thu Jun 28 01:28:32 UTC 2018 /home/travis/build/icyphy/ptII/ptolemy/actor/lib/test/auto/SetVariable2.xml
----------------- Instantiating /home/travis/build/icyphy/ptII/ptolemy/actor/lib/test/auto/SetVariable2.xml
2 ms. Memory: 1531904K Free: 179058K (12%)
----------------- Invoking toplevel() on ptolemy.moml.MoMLSimpleApplication@568146d
----------------- Done invoking toplevel() on ptolemy.moml.MoMLSimpleApplication@568146d
reloadAllAccessors: .SetVariable2

===========================================================================================
----------------- testing Thu Jun 28 01:28:32 UTC 2018 /home/travis/build/icyphy/ptII/ptolemy/actor/lib/test/auto/SetVariable3.xml
----------------- Instantiating /home/travis/build/icyphy/ptII/ptolemy/actor/lib/test/auto/SetVariable3.xml
3 ms. Memory: 1531904K Free: 164926K (11%)
----------------- Invoking toplevel() on ptolemy.moml.MoMLSimpleApplication@3afadeda
----------------- Done invoking toplevel() on ptolemy.moml.MoMLSimpleApplication@3afadeda
reloadAllAccessors: .SetVariable3

===========================================================================================
----------------- testing Thu Jun 28 01:28:32 UTC 2018 /home/travis/build/icyphy/ptII/ptolemy/actor/lib/test/auto/SetVariable4.xml
----------------- Instantiating /home/travis/build/icyphy/ptII/ptolemy/actor/lib/test/auto/SetVariable4.xml
15 ms. Memory: 1531904K Free: 96038K (6%)
----------------- Invoking toplevel() on ptolemy.moml.MoMLSimpleApplication@5fd3aca4
----------------- Done invoking toplevel() on ptolemy.moml.MoMLSimpleApplication@5fd3aca4
reloadAllAccessors: .SetVariable4

===========================================================================================
----------------- testing Thu Jun 28 01:28:32 UTC 2018 /home/travis/build/icyphy/ptII/ptolemy/actor/lib/test/auto/SetVariable5.xml
----------------- Instantiating /home/travis/build/icyphy/ptII/ptolemy/actor/lib/test/auto/SetVariable5.xml
15 ms. Memory: 1531904K Free: 81907K (5%)
----------------- Invoking toplevel() on ptolemy.moml.MoMLSimpleApplication@581b4152
----------------- Done invoking toplevel() on ptolemy.moml.MoMLSimpleApplication@581b4152
reloadAllAccessors: .SetVariable5

===========================================================================================
----------------- testing Thu Jun 28 01:28:32 UTC 2018 /home/travis/build/icyphy/ptII/ptolemy/actor/lib/test/auto/Sinewave.xml
----------------- Instantiating /home/travis/build/icyphy/ptII/ptolemy/actor/lib/test/auto/Sinewave.xml
5 ms. Memory: 1632768K Free: 1574078K (96%)
----------------- Invoking toplevel() on ptolemy.moml.MoMLSimpleApplication@69336b5
----------------- Done invoking toplevel() on ptolemy.moml.MoMLSimpleApplication@69336b5
reloadAllAccessors: .Sinewave

===========================================================================================
----------------- testing Thu Jun 28 01:28:32 UTC 2018 /home/travis/build/icyphy/ptII/ptolemy/actor/lib/test/auto/Sinewave2.xml
----------------- Instantiating /home/travis/build/icyphy/ptII/ptolemy/actor/lib/test/auto/Sinewave2.xml
6 ms. Memory: 1632768K Free: 1554490K (95%)
----------------- Invoking toplevel() on ptolemy.moml.MoMLSimpleApplication@203edf83
----------------- Done invoking toplevel() on ptolemy.moml.MoMLSimpleApplication@203edf83
reloadAllAccessors: .Sinewave2

===========================================================================================
----------------- testing Thu Jun 28 01:28:32 UTC 2018 /home/travis/build/icyphy/ptII/ptolemy/actor/lib/test/auto/Sinewave3.xml
----------------- Instantiating /home/travis/build/icyphy/ptII/ptolemy/actor/lib/test/auto/Sinewave3.xml
9 ms. Memory: 1632768K Free: 1534902K (94%)
----------------- Invoking toplevel() on ptolemy.moml.MoMLSimpleApplication@3b6b4667
----------------- Done invoking toplevel() on ptolemy.moml.MoMLSimpleApplication@3b6b4667
reloadAllAccessors: .Sinewave3

===========================================================================================
----------------- testing Thu Jun 28 01:28:32 UTC 2018 /home/travis/build/icyphy/ptII/ptolemy/actor/lib/test/auto/SingleEvent.xml
----------------- Instantiating /home/travis/build/icyphy/ptII/ptolemy/actor/lib/test/auto/SingleEvent.xml
1 ms. Memory: 1632768K Free: 1519614K (93%)
----------------- Invoking toplevel() on ptolemy.moml.MoMLSimpleApplication@6048c41
----------------- Done invoking toplevel() on ptolemy.moml.MoMLSimpleApplication@6048c41
reloadAllAccessors: .SingleEvent

===========================================================================================
----------------- testing Thu Jun 28 01:28:32 UTC 2018 /home/travis/build/icyphy/ptII/ptolemy/actor/lib/test/auto/Sleep.xml
----------------- Instantiating /home/travis/build/icyphy/ptII/ptolemy/actor/lib/test/auto/Sleep.xml
6003 ms. Memory: 1632768K Free: 1500026K (92%)
----------------- Invoking toplevel() on ptolemy.moml.MoMLSimpleApplication@54f214f5
----------------- Done invoking toplevel() on ptolemy.moml.MoMLSimpleApplication@54f214f5
reloadAllAccessors: .Sleep

===========================================================================================
----------------- testing Thu Jun 28 01:28:38 UTC 2018 /home/travis/build/icyphy/ptII/ptolemy/actor/lib/test/auto/SleepMultipleFire.xml
----------------- Instantiating /home/travis/build/icyphy/ptII/ptolemy/actor/lib/test/auto/SleepMultipleFire.xml
1005 ms. Memory: 1632768K Free: 1484738K (91%)
----------------- Invoking toplevel() on ptolemy.moml.MoMLSimpleApplication@69406445
----------------- Done invoking toplevel() on ptolemy.moml.MoMLSimpleApplication@69406445
reloadAllAccessors: .SleepMultipleFire

===========================================================================================
----------------- testing Thu Jun 28 01:28:40 UTC 2018 /home/travis/build/icyphy/ptII/ptolemy/actor/lib/test/auto/StopDE.xml
----------------- Instantiating /home/travis/build/icyphy/ptII/ptolemy/actor/lib/test/auto/StopDE.xml
2 ms. Memory: 1632768K Free: 1465150K (90%)
----------------- Invoking toplevel() on ptolemy.moml.MoMLSimpleApplication@49dfec57
----------------- Done invoking toplevel() on ptolemy.moml.MoMLSimpleApplication@49dfec57
reloadAllAccessors: .StopDE

===========================================================================================
----------------- testing Thu Jun 28 01:28:40 UTC 2018 /home/travis/build/icyphy/ptII/ptolemy/actor/lib/test/auto/StopSDF.xml
----------------- Instantiating /home/travis/build/icyphy/ptII/ptolemy/actor/lib/test/auto/StopSDF.xml
1 ms. Memory: 1632768K Free: 1445562K (89%)
----------------- Invoking toplevel() on ptolemy.moml.MoMLSimpleApplication@45001ef7
----------------- Done invoking toplevel() on ptolemy.moml.MoMLSimpleApplication@45001ef7
reloadAllAccessors: .StopSDF

===========================================================================================
----------------- testing Thu Jun 28 01:28:40 UTC 2018 /home/travis/build/icyphy/ptII/ptolemy/actor/lib/test/auto/StringConstant.xml
----------------- Instantiating /home/travis/build/icyphy/ptII/ptolemy/actor/lib/test/auto/StringConstant.xml
1 ms. Memory: 1632768K Free: 1430273K (88%)
----------------- Invoking toplevel() on ptolemy.moml.MoMLSimpleApplication@df9b1c2
----------------- Done invoking toplevel() on ptolemy.moml.MoMLSimpleApplication@df9b1c2
reloadAllAccessors: .StringConstant

===========================================================================================
----------------- testing Thu Jun 28 01:28:40 UTC 2018 /home/travis/build/icyphy/ptII/ptolemy/actor/lib/test/auto/SubscriberPortInitialValues1.xml
----------------- Instantiating /home/travis/build/icyphy/ptII/ptolemy/actor/lib/test/auto/SubscriberPortInitialValues1.xml
4 ms. Memory: 1632768K Free: 1410685K (86%)
----------------- Invoking toplevel() on ptolemy.moml.MoMLSimpleApplication@69dda52d
----------------- Done invoking toplevel() on ptolemy.moml.MoMLSimpleApplication@69dda52d
reloadAllAccessors: .SubscriberPortInitialValues1

===========================================================================================
----------------- testing Thu Jun 28 01:28:40 UTC 2018 /home/travis/build/icyphy/ptII/ptolemy/actor/lib/test/auto/SubscriberPortInitialValues13.xml
----------------- Instantiating /home/travis/build/icyphy/ptII/ptolemy/actor/lib/test/auto/SubscriberPortInitialValues13.xml
4 ms. Memory: 1632768K Free: 1387737K (85%)
----------------- Invoking toplevel() on ptolemy.moml.MoMLSimpleApplication@7690bc7
----------------- Done invoking toplevel() on ptolemy.moml.MoMLSimpleApplication@7690bc7
reloadAllAccessors: .SubscriberPortInitialValues13

===========================================================================================
----------------- testing Thu Jun 28 01:28:40 UTC 2018 /home/travis/build/icyphy/ptII/ptolemy/actor/lib/test/auto/SubscriberPortInitialValues14.xml
----------------- Instantiating /home/travis/build/icyphy/ptII/ptolemy/actor/lib/test/auto/SubscriberPortInitialValues14.xml
4 ms. Memory: 1632768K Free: 1368149K (84%)
----------------- Invoking toplevel() on ptolemy.moml.MoMLSimpleApplication@24507a34
----------------- Done invoking toplevel() on ptolemy.moml.MoMLSimpleApplication@24507a34
reloadAllAccessors: .SubscriberPortInitialValues14

===========================================================================================
----------------- testing Thu Jun 28 01:28:40 UTC 2018 /home/travis/build/icyphy/ptII/ptolemy/actor/lib/test/auto/SubscriberPortInitialValues2.xml
----------------- Instantiating /home/travis/build/icyphy/ptII/ptolemy/actor/lib/test/auto/SubscriberPortInitialValues2.xml
3 ms. Memory: 1632768K Free: 1352861K (83%)
----------------- Invoking toplevel() on ptolemy.moml.MoMLSimpleApplication@27fa52d0
----------------- Done invoking toplevel() on ptolemy.moml.MoMLSimpleApplication@27fa52d0
reloadAllAccessors: .SubscriberPortInitialValues2

===========================================================================================
----------------- testing Thu Jun 28 01:28:40 UTC 2018 /home/travis/build/icyphy/ptII/ptolemy/actor/lib/test/auto/SubscriberPortInitialValues3.xml
----------------- Instantiating /home/travis/build/icyphy/ptII/ptolemy/actor/lib/test/auto/SubscriberPortInitialValues3.xml
4 ms. Memory: 1632768K Free: 1333273K (82%)
----------------- Invoking toplevel() on ptolemy.moml.MoMLSimpleApplication@6199afd1
----------------- Done invoking toplevel() on ptolemy.moml.MoMLSimpleApplication@6199afd1
reloadAllAccessors: .SubscriberPortInitialValues3

===========================================================================================
----------------- testing Thu Jun 28 01:28:40 UTC 2018 /home/travis/build/icyphy/ptII/ptolemy/actor/lib/test/auto/SubscriptionAggregator.xml
----------------- Instantiating /home/travis/build/icyphy/ptII/ptolemy/actor/lib/test/auto/SubscriptionAggregator.xml
2 ms. Memory: 1632768K Free: 1313685K (80%)
----------------- Invoking toplevel() on ptolemy.moml.MoMLSimpleApplication@45a64d16
----------------- Done invoking toplevel() on ptolemy.moml.MoMLSimpleApplication@45a64d16
reloadAllAccessors: .SubscriptionAggregator

===========================================================================================
----------------- testing Thu Jun 28 01:28:40 UTC 2018 /home/travis/build/icyphy/ptII/ptolemy/actor/lib/test/auto/SubscriptionAggregator2.xml
----------------- Instantiating /home/travis/build/icyphy/ptII/ptolemy/actor/lib/test/auto/SubscriptionAggregator2.xml
2 ms. Memory: 1632768K Free: 1298396K (80%)
----------------- Invoking toplevel() on ptolemy.moml.MoMLSimpleApplication@129d187c
----------------- Done invoking toplevel() on ptolemy.moml.MoMLSimpleApplication@129d187c
reloadAllAccessors: .SubscriptionAggregator2

===========================================================================================
----------------- testing Thu Jun 28 01:28:40 UTC 2018 /home/travis/build/icyphy/ptII/ptolemy/actor/lib/test/auto/SubscriptionAggregator3.xml
----------------- Instantiating /home/travis/build/icyphy/ptII/ptolemy/actor/lib/test/auto/SubscriptionAggregator3.xml
2 ms. Memory: 1632768K Free: 1278808K (78%)
----------------- Invoking toplevel() on ptolemy.moml.MoMLSimpleApplication@6f6f3f45
----------------- Done invoking toplevel() on ptolemy.moml.MoMLSimpleApplication@6f6f3f45
reloadAllAccessors: .SubscriptionAggregator3

===========================================================================================
----------------- testing Thu Jun 28 01:28:40 UTC 2018 /home/travis/build/icyphy/ptII/ptolemy/actor/lib/test/auto/SubscriptionAggregatorMultiply.xml
----------------- Instantiating /home/travis/build/icyphy/ptII/ptolemy/actor/lib/test/auto/SubscriptionAggregatorMultiply.xml
3 ms. Memory: 1632768K Free: 1263520K (77%)
----------------- Invoking toplevel() on ptolemy.moml.MoMLSimpleApplication@54340286
----------------- Done invoking toplevel() on ptolemy.moml.MoMLSimpleApplication@54340286
reloadAllAccessors: .SubscriptionAggregatorMultiply

===========================================================================================
----------------- testing Thu Jun 28 01:28:40 UTC 2018 /home/travis/build/icyphy/ptII/ptolemy/actor/lib/test/auto/SubscriptionAggregatorPortMultiply1.xml
----------------- Instantiating /home/travis/build/icyphy/ptII/ptolemy/actor/lib/test/auto/SubscriptionAggregatorPortMultiply1.xml
3 ms. Memory: 1632768K Free: 1243932K (76%)
----------------- Invoking toplevel() on ptolemy.moml.MoMLSimpleApplication@473b22f3
----------------- Done invoking toplevel() on ptolemy.moml.MoMLSimpleApplication@473b22f3
reloadAllAccessors: .SubscriptionAggregatorPortMultiply1

===========================================================================================
----------------- testing Thu Jun 28 01:28:40 UTC 2018 /home/travis/build/icyphy/ptII/ptolemy/actor/lib/test/auto/Switch.xml
----------------- Instantiating /home/travis/build/icyphy/ptII/ptolemy/actor/lib/test/auto/Switch.xml
4 ms. Memory: 1632768K Free: 1178442K (72%)
----------------- Invoking toplevel() on ptolemy.moml.MoMLSimpleApplication@7952fb8e
----------------- Done invoking toplevel() on ptolemy.moml.MoMLSimpleApplication@7952fb8e
reloadAllAccessors: .Switch

===========================================================================================
----------------- testing Thu Jun 28 01:28:40 UTC 2018 /home/travis/build/icyphy/ptII/ptolemy/actor/lib/test/auto/Switch2.xml
----------------- Instantiating /home/travis/build/icyphy/ptII/ptolemy/actor/lib/test/auto/Switch2.xml
1 ms. Memory: 1632768K Free: 1163153K (71%)
----------------- Invoking toplevel() on ptolemy.moml.MoMLSimpleApplication@1773a5d2
----------------- Done invoking toplevel() on ptolemy.moml.MoMLSimpleApplication@1773a5d2
reloadAllAccessors: .Switch2

===========================================================================================
----------------- testing Thu Jun 28 01:28:40 UTC 2018 /home/travis/build/icyphy/ptII/ptolemy/actor/lib/test/auto/SwitchDE.xml
----------------- Instantiating /home/travis/build/icyphy/ptII/ptolemy/actor/lib/test/auto/SwitchDE.xml
2 ms. Memory: 1632768K Free: 1143565K (70%)
----------------- Invoking toplevel() on ptolemy.moml.MoMLSimpleApplication@5f1047f8
----------------- Done invoking toplevel() on ptolemy.moml.MoMLSimpleApplication@5f1047f8
reloadAllAccessors: .SwitchDE

===========================================================================================
----------------- testing Thu Jun 28 01:28:40 UTC 2018 /home/travis/build/icyphy/ptII/ptolemy/actor/lib/test/auto/SynchronizerDE.xml
----------------- Instantiating /home/travis/build/icyphy/ptII/ptolemy/actor/lib/test/auto/SynchronizerDE.xml
3 ms. Memory: 1632768K Free: 1128277K (69%)
----------------- Invoking toplevel() on ptolemy.moml.MoMLSimpleApplication@d7979ae
----------------- Done invoking toplevel() on ptolemy.moml.MoMLSimpleApplication@d7979ae
reloadAllAccessors: .SynchronizerDE

===========================================================================================
----------------- testing Thu Jun 28 01:28:40 UTC 2018 /home/travis/build/icyphy/ptII/ptolemy/actor/lib/test/auto/Test.xml
----------------- Instantiating /home/travis/build/icyphy/ptII/ptolemy/actor/lib/test/auto/Test.xml
2 ms. Memory: 1632768K Free: 1108689K (68%)
----------------- Invoking toplevel() on ptolemy.moml.MoMLSimpleApplication@5d67cc04
----------------- Done invoking toplevel() on ptolemy.moml.MoMLSimpleApplication@5d67cc04
reloadAllAccessors: .Test

===========================================================================================
----------------- testing Thu Jun 28 01:28:40 UTC 2018 /home/travis/build/icyphy/ptII/ptolemy/actor/lib/test/auto/TestExceptionAttribute1.xml
----------------- Instantiating /home/travis/build/icyphy/ptII/ptolemy/actor/lib/test/auto/TestExceptionAttribute1.xml
1 ms. Memory: 1632768K Free: 1093401K (67%)
----------------- Invoking toplevel() on ptolemy.moml.MoMLSimpleApplication@20704b5
----------------- Done invoking toplevel() on ptolemy.moml.MoMLSimpleApplication@20704b5
reloadAllAccessors: .TestExceptionAttribute1

===========================================================================================
----------------- testing Thu Jun 28 01:28:40 UTC 2018 /home/travis/build/icyphy/ptII/ptolemy/actor/lib/test/auto/TestExceptionAttribute2.xml
----------------- Instantiating /home/travis/build/icyphy/ptII/ptolemy/actor/lib/test/auto/TestExceptionAttribute2.xml
0 ms. Memory: 1632768K Free: 1073813K (66%)
----------------- Invoking toplevel() on ptolemy.moml.MoMLSimpleApplication@782c9305
----------------- Done invoking toplevel() on ptolemy.moml.MoMLSimpleApplication@782c9305
reloadAllAccessors: .TestExceptionAttribute2

===========================================================================================
----------------- testing Thu Jun 28 01:28:40 UTC 2018 /home/travis/build/icyphy/ptII/ptolemy/actor/lib/test/auto/TestExceptionAttribute3.xml
----------------- Instantiating /home/travis/build/icyphy/ptII/ptolemy/actor/lib/test/auto/TestExceptionAttribute3.xml
.TestExceptionAttribute3.TestExceptionAttribute: initialize() was not invoked, but wrapup() was.  This is unusual, but not always a problem.  For example, exporting JNLP will do this.
1 ms. Memory: 1632768K Free: 1054225K (65%)
----------------- Invoking toplevel() on ptolemy.moml.MoMLSimpleApplication@e2cde63
----------------- Done invoking toplevel() on ptolemy.moml.MoMLSimpleApplication@e2cde63
reloadAllAccessors: .TestExceptionAttribute3

===========================================================================================
----------------- testing Thu Jun 28 01:28:40 UTC 2018 /home/travis/build/icyphy/ptII/ptolemy/actor/lib/test/auto/TestExceptionAttribute4.xml
----------------- Instantiating /home/travis/build/icyphy/ptII/ptolemy/actor/lib/test/auto/TestExceptionAttribute4.xml
.TestExceptionAttribute4.TestExceptionAttribute: initialize() was not invoked, but wrapup() was.  This is unusual, but not always a problem.  For example, exporting JNLP will do this.
.TestExceptionAttribute4.TestExceptionAttribute2: initialize() was not invoked, but wrapup() was.  This is unusual, but not always a problem.  For example, exporting JNLP will do this.
1 ms. Memory: 1632768K Free: 1038936K (64%)
----------------- Invoking toplevel() on ptolemy.moml.MoMLSimpleApplication@1f25a7e
----------------- Done invoking toplevel() on ptolemy.moml.MoMLSimpleApplication@1f25a7e
reloadAllAccessors: .TestExceptionAttribute4

===========================================================================================
----------------- testing Thu Jun 28 01:28:40 UTC 2018 /home/travis/build/icyphy/ptII/ptolemy/actor/lib/test/auto/TestExceptionHandler1.xml
----------------- Instantiating /home/travis/build/icyphy/ptII/ptolemy/actor/lib/test/auto/TestExceptionHandler1.xml
1 ms. Memory: 1632768K Free: 1019348K (62%)
----------------- Invoking toplevel() on ptolemy.moml.MoMLSimpleApplication@3d18606c
----------------- Done invoking toplevel() on ptolemy.moml.MoMLSimpleApplication@3d18606c
reloadAllAccessors: .TestExceptionHandler1

===========================================================================================
----------------- testing Thu Jun 28 01:28:40 UTC 2018 /home/travis/build/icyphy/ptII/ptolemy/actor/lib/test/auto/TestExceptionHandler2.xml
----------------- Instantiating /home/travis/build/icyphy/ptII/ptolemy/actor/lib/test/auto/TestExceptionHandler2.xml
1 ms. Memory: 1632768K Free: 1004060K (61%)
----------------- Invoking toplevel() on ptolemy.moml.MoMLSimpleApplication@5bda7db1
----------------- Done invoking toplevel() on ptolemy.moml.MoMLSimpleApplication@5bda7db1
reloadAllAccessors: .TestExceptionHandler2

===========================================================================================
----------------- testing Thu Jun 28 01:28:40 UTC 2018 /home/travis/build/icyphy/ptII/ptolemy/actor/lib/test/auto/TestExceptionHandler3.xml
----------------- Instantiating /home/travis/build/icyphy/ptII/ptolemy/actor/lib/test/auto/TestExceptionHandler3.xml
1 ms. Memory: 1632768K Free: 984472K (60%)
----------------- Invoking toplevel() on ptolemy.moml.MoMLSimpleApplication@3b106484
----------------- Done invoking toplevel() on ptolemy.moml.MoMLSimpleApplication@3b106484
reloadAllAccessors: .TestExceptionHandler3

===========================================================================================
----------------- testing Thu Jun 28 01:28:40 UTC 2018 /home/travis/build/icyphy/ptII/ptolemy/actor/lib/test/auto/TestExceptionHandler4.xml
----------------- Instantiating /home/travis/build/icyphy/ptII/ptolemy/actor/lib/test/auto/TestExceptionHandler4.xml
0 ms. Memory: 1632768K Free: 969184K (59%)
----------------- Invoking toplevel() on ptolemy.moml.MoMLSimpleApplication@6c0734bd
----------------- Done invoking toplevel() on ptolemy.moml.MoMLSimpleApplication@6c0734bd
reloadAllAccessors: .TestExceptionHandler4

===========================================================================================
----------------- testing Thu Jun 28 01:28:40 UTC 2018 /home/travis/build/icyphy/ptII/ptolemy/actor/lib/test/auto/TestRequireCorrectOrder.xml
----------------- Instantiating /home/travis/build/icyphy/ptII/ptolemy/actor/lib/test/auto/TestRequireCorrectOrder.xml
2 ms. Memory: 1632768K Free: 949596K (58%)
----------------- Invoking toplevel() on ptolemy.moml.MoMLSimpleApplication@570cd558
----------------- Done invoking toplevel() on ptolemy.moml.MoMLSimpleApplication@570cd558
reloadAllAccessors: .TestRequireCorrectOrder

===========================================================================================
----------------- testing Thu Jun 28 01:28:40 UTC 2018 /home/travis/build/icyphy/ptII/ptolemy/actor/lib/test/auto/TestSimple.xml
----------------- Instantiating /home/travis/build/icyphy/ptII/ptolemy/actor/lib/test/auto/TestSimple.xml
1 ms. Memory: 1632768K Free: 930007K (57%)
----------------- Invoking toplevel() on ptolemy.moml.MoMLSimpleApplication@a07e161
----------------- Done invoking toplevel() on ptolemy.moml.MoMLSimpleApplication@a07e161
reloadAllAccessors: .TestSimple

===========================================================================================
----------------- testing Thu Jun 28 01:28:40 UTC 2018 /home/travis/build/icyphy/ptII/ptolemy/actor/lib/test/auto/ThrowModelError.xml
----------------- Instantiating /home/travis/build/icyphy/ptII/ptolemy/actor/lib/test/auto/ThrowModelError.xml
1 ms. Memory: 1632768K Free: 914719K (56%)
----------------- Invoking toplevel() on ptolemy.moml.MoMLSimpleApplication@125dd2a7
----------------- Done invoking toplevel() on ptolemy.moml.MoMLSimpleApplication@125dd2a7
reloadAllAccessors: .ThrowModelError

===========================================================================================
----------------- testing Thu Jun 28 01:28:40 UTC 2018 /home/travis/build/icyphy/ptII/ptolemy/actor/lib/test/auto/TimeDelayMicrosteps.xml
----------------- Instantiating /home/travis/build/icyphy/ptII/ptolemy/actor/lib/test/auto/TimeDelayMicrosteps.xml
2 ms. Memory: 1632768K Free: 895131K (55%)
----------------- Invoking toplevel() on ptolemy.moml.MoMLSimpleApplication@1842d092
----------------- Done invoking toplevel() on ptolemy.moml.MoMLSimpleApplication@1842d092
reloadAllAccessors: .TimeDelayMicrosteps

===========================================================================================
----------------- testing Thu Jun 28 01:28:40 UTC 2018 /home/travis/build/icyphy/ptII/ptolemy/actor/lib/test/auto/TimeDelayMicrosteps2.xml
----------------- Instantiating /home/travis/build/icyphy/ptII/ptolemy/actor/lib/test/auto/TimeDelayMicrosteps2.xml
3 ms. Memory: 1632768K Free: 879843K (54%)
----------------- Invoking toplevel() on ptolemy.moml.MoMLSimpleApplication@3067bcb3
----------------- Done invoking toplevel() on ptolemy.moml.MoMLSimpleApplication@3067bcb3
reloadAllAccessors: .TimeDelayMicrosteps2

===========================================================================================
----------------- testing Thu Jun 28 01:28:40 UTC 2018 /home/travis/build/icyphy/ptII/ptolemy/actor/lib/test/auto/TimeDelayMicrosteps3.xml
----------------- Instantiating /home/travis/build/icyphy/ptII/ptolemy/actor/lib/test/auto/TimeDelayMicrosteps3.xml
2 ms. Memory: 1632768K Free: 860255K (53%)
----------------- Invoking toplevel() on ptolemy.moml.MoMLSimpleApplication@53a93216
----------------- Done invoking toplevel() on ptolemy.moml.MoMLSimpleApplication@53a93216
reloadAllAccessors: .TimeDelayMicrosteps3

===========================================================================================
----------------- testing Thu Jun 28 01:28:40 UTC 2018 /home/travis/build/icyphy/ptII/ptolemy/actor/lib/test/auto/TimeDelayVariableMicrosteps.xml
----------------- Instantiating /home/travis/build/icyphy/ptII/ptolemy/actor/lib/test/auto/TimeDelayVariableMicrosteps.xml
2 ms. Memory: 1632768K Free: 840667K (51%)
----------------- Invoking toplevel() on ptolemy.moml.MoMLSimpleApplication@25854ced
----------------- Done invoking toplevel() on ptolemy.moml.MoMLSimpleApplication@25854ced
reloadAllAccessors: .TimeDelayVariableMicrosteps

===========================================================================================
----------------- testing Thu Jun 28 01:28:40 UTC 2018 /home/travis/build/icyphy/ptII/ptolemy/actor/lib/test/auto/TimeGap.xml
----------------- Instantiating /home/travis/build/icyphy/ptII/ptolemy/actor/lib/test/auto/TimeGap.xml
2 ms. Memory: 1632768K Free: 825378K (51%)
----------------- Invoking toplevel() on ptolemy.moml.MoMLSimpleApplication@5eec6024
----------------- Done invoking toplevel() on ptolemy.moml.MoMLSimpleApplication@5eec6024
reloadAllAccessors: .TimeGap

===========================================================================================
----------------- testing Thu Jun 28 01:28:40 UTC 2018 /home/travis/build/icyphy/ptII/ptolemy/actor/lib/test/auto/TimeGap2.xml
----------------- Instantiating /home/travis/build/icyphy/ptII/ptolemy/actor/lib/test/auto/TimeGap2.xml
1 ms. Memory: 1632768K Free: 805790K (49%)
----------------- Invoking toplevel() on ptolemy.moml.MoMLSimpleApplication@af071f7
----------------- Done invoking toplevel() on ptolemy.moml.MoMLSimpleApplication@af071f7
reloadAllAccessors: .TimeGap2

===========================================================================================
----------------- testing Thu Jun 28 01:28:40 UTC 2018 /home/travis/build/icyphy/ptII/ptolemy/actor/lib/test/auto/TimedSinewave.xml
----------------- Instantiating /home/travis/build/icyphy/ptII/ptolemy/actor/lib/test/auto/TimedSinewave.xml
11 ms. Memory: 1632768K Free: 782858K (48%)
----------------- Invoking toplevel() on ptolemy.moml.MoMLSimpleApplication@67828a58
----------------- Done invoking toplevel() on ptolemy.moml.MoMLSimpleApplication@67828a58
reloadAllAccessors: .TimedSinewave

===========================================================================================
----------------- testing Thu Jun 28 01:28:40 UTC 2018 /home/travis/build/icyphy/ptII/ptolemy/actor/lib/test/auto/TimedSinewavePhase.xml
----------------- Instantiating /home/travis/build/icyphy/ptII/ptolemy/actor/lib/test/auto/TimedSinewavePhase.xml
8 ms. Memory: 1632768K Free: 763269K (47%)
----------------- Invoking toplevel() on ptolemy.moml.MoMLSimpleApplication@6012d0e3
----------------- Done invoking toplevel() on ptolemy.moml.MoMLSimpleApplication@6012d0e3
reloadAllAccessors: .TimedSinewavePhase

===========================================================================================
----------------- testing Thu Jun 28 01:28:40 UTC 2018 /home/travis/build/icyphy/ptII/ptolemy/actor/lib/test/auto/Timer.xml
----------------- Instantiating /home/travis/build/icyphy/ptII/ptolemy/actor/lib/test/auto/Timer.xml
2 ms. Memory: 1632768K Free: 747981K (46%)
----------------- Invoking toplevel() on ptolemy.moml.MoMLSimpleApplication@67756f2b
----------------- Done invoking toplevel() on ptolemy.moml.MoMLSimpleApplication@67756f2b
reloadAllAccessors: .Timer

===========================================================================================
----------------- testing Thu Jun 28 01:28:40 UTC 2018 /home/travis/build/icyphy/ptII/ptolemy/actor/lib/test/auto/TriangularDistTestModel.xml
----------------- Instantiating /home/travis/build/icyphy/ptII/ptolemy/actor/lib/test/auto/TriangularDistTestModel.xml
1 ms. Memory: 1632768K Free: 728393K (45%)
----------------- Invoking toplevel() on ptolemy.moml.MoMLSimpleApplication@7e5158fa
----------------- Done invoking toplevel() on ptolemy.moml.MoMLSimpleApplication@7e5158fa
reloadAllAccessors: .TriangularDistTestModel

===========================================================================================
----------------- testing Thu Jun 28 01:28:40 UTC 2018 /home/travis/build/icyphy/ptII/ptolemy/actor/lib/test/auto/TrigFunction.xml
----------------- Instantiating /home/travis/build/icyphy/ptII/ptolemy/actor/lib/test/auto/TrigFunction.xml
2 ms. Memory: 1632768K Free: 708805K (43%)
----------------- Invoking toplevel() on ptolemy.moml.MoMLSimpleApplication@658169fb
----------------- Done invoking toplevel() on ptolemy.moml.MoMLSimpleApplication@658169fb
reloadAllAccessors: .TrigFunction

===========================================================================================
----------------- testing Thu Jun 28 01:28:40 UTC 2018 /home/travis/build/icyphy/ptII/ptolemy/actor/lib/test/auto/TrigFunctionDE.xml
----------------- Instantiating /home/travis/build/icyphy/ptII/ptolemy/actor/lib/test/auto/TrigFunctionDE.xml
2 ms. Memory: 1632768K Free: 693517K (42%)
----------------- Invoking toplevel() on ptolemy.moml.MoMLSimpleApplication@13b101db
----------------- Done invoking toplevel() on ptolemy.moml.MoMLSimpleApplication@13b101db
reloadAllAccessors: .TrigFunctionDE

===========================================================================================
----------------- testing Thu Jun 28 01:28:40 UTC 2018 /home/travis/build/icyphy/ptII/ptolemy/actor/lib/test/auto/TrigFunctionInverse.xml
----------------- Instantiating /home/travis/build/icyphy/ptII/ptolemy/actor/lib/test/auto/TrigFunctionInverse.xml
2 ms. Memory: 1632768K Free: 673929K (41%)
----------------- Invoking toplevel() on ptolemy.moml.MoMLSimpleApplication@5e632b0
----------------- Done invoking toplevel() on ptolemy.moml.MoMLSimpleApplication@5e632b0
reloadAllAccessors: .TrigFunctionInverse

===========================================================================================
----------------- testing Thu Jun 28 01:28:40 UTC 2018 /home/travis/build/icyphy/ptII/ptolemy/actor/lib/test/auto/TrigFunctionTan.xml
----------------- Instantiating /home/travis/build/icyphy/ptII/ptolemy/actor/lib/test/auto/TrigFunctionTan.xml
1 ms. Memory: 1632768K Free: 658640K (40%)
----------------- Invoking toplevel() on ptolemy.moml.MoMLSimpleApplication@5d8f4f47
----------------- Done invoking toplevel() on ptolemy.moml.MoMLSimpleApplication@5d8f4f47
reloadAllAccessors: .TrigFunctionTan

===========================================================================================
----------------- testing Thu Jun 28 01:28:40 UTC 2018 /home/travis/build/icyphy/ptII/ptolemy/actor/lib/test/auto/TriggeredClock.xml
----------------- Instantiating /home/travis/build/icyphy/ptII/ptolemy/actor/lib/test/auto/TriggeredClock.xml
1 ms. Memory: 1632768K Free: 639052K (39%)
----------------- Invoking toplevel() on ptolemy.moml.MoMLSimpleApplication@27b0374
----------------- Done invoking toplevel() on ptolemy.moml.MoMLSimpleApplication@27b0374
reloadAllAccessors: .TriggeredClock

===========================================================================================
----------------- testing Thu Jun 28 01:28:40 UTC 2018 /home/travis/build/icyphy/ptII/ptolemy/actor/lib/test/auto/URLDirectoryReader.xml
----------------- Instantiating /home/travis/build/icyphy/ptII/ptolemy/actor/lib/test/auto/URLDirectoryReader.xml
27 ms. Memory: 1632768K Free: 619464K (38%)
----------------- Invoking toplevel() on ptolemy.moml.MoMLSimpleApplication@58f4cad7
----------------- Done invoking toplevel() on ptolemy.moml.MoMLSimpleApplication@58f4cad7
reloadAllAccessors: .URLDirectoryReader

===========================================================================================
----------------- testing Thu Jun 28 01:28:40 UTC 2018 /home/travis/build/icyphy/ptII/ptolemy/actor/lib/test/auto/URLDirectoryReader3.xml
----------------- Instantiating /home/travis/build/icyphy/ptII/ptolemy/actor/lib/test/auto/URLDirectoryReader3.xml
1082 ms. Memory: 1632768K Free: 565955K (35%)
----------------- Invoking toplevel() on ptolemy.moml.MoMLSimpleApplication@7e2a019d
----------------- Done invoking toplevel() on ptolemy.moml.MoMLSimpleApplication@7e2a019d
reloadAllAccessors: .URLDirectoryReader3

===========================================================================================
----------------- testing Thu Jun 28 01:28:42 UTC 2018 /home/travis/build/icyphy/ptII/ptolemy/actor/lib/test/auto/UnaryMathFunction.xml
----------------- Instantiating /home/travis/build/icyphy/ptII/ptolemy/actor/lib/test/auto/UnaryMathFunction.xml
1 ms. Memory: 1632768K Free: 546367K (33%)
----------------- Invoking toplevel() on ptolemy.moml.MoMLSimpleApplication@10b7f500
----------------- Done invoking toplevel() on ptolemy.moml.MoMLSimpleApplication@10b7f500
reloadAllAccessors: .UnaryMathFunction

===========================================================================================
----------------- testing Thu Jun 28 01:28:42 UTC 2018 /home/travis/build/icyphy/ptII/ptolemy/actor/lib/test/auto/Uniform.xml
----------------- Instantiating /home/travis/build/icyphy/ptII/ptolemy/actor/lib/test/auto/Uniform.xml
1 ms. Memory: 1632768K Free: 531078K (33%)
----------------- Invoking toplevel() on ptolemy.moml.MoMLSimpleApplication@56554c6
----------------- Done invoking toplevel() on ptolemy.moml.MoMLSimpleApplication@56554c6
reloadAllAccessors: .Uniform

===========================================================================================
----------------- testing Thu Jun 28 01:28:42 UTC 2018 /home/travis/build/icyphy/ptII/ptolemy/actor/lib/test/auto/UnionDisassemblerTest.xml
----------------- Instantiating /home/travis/build/icyphy/ptII/ptolemy/actor/lib/test/auto/UnionDisassemblerTest.xml
7 ms. Memory: 1632768K Free: 511490K (31%)
----------------- Invoking toplevel() on ptolemy.moml.MoMLSimpleApplication@40e87de3
----------------- Done invoking toplevel() on ptolemy.moml.MoMLSimpleApplication@40e87de3
reloadAllAccessors: .UnionDisassemblerTest

===========================================================================================
----------------- testing Thu Jun 28 01:28:42 UTC 2018 /home/travis/build/icyphy/ptII/ptolemy/actor/lib/test/auto/UtilityFunctions.xml
----------------- Instantiating /home/travis/build/icyphy/ptII/ptolemy/actor/lib/test/auto/UtilityFunctions.xml
1 ms. Memory: 1632768K Free: 496202K (30%)
----------------- Invoking toplevel() on ptolemy.moml.MoMLSimpleApplication@16bb5095
----------------- Done invoking toplevel() on ptolemy.moml.MoMLSimpleApplication@16bb5095
reloadAllAccessors: .UtilityFunctions

===========================================================================================
----------------- testing Thu Jun 28 01:28:42 UTC 2018 /home/travis/build/icyphy/ptII/ptolemy/actor/lib/test/auto/VariableSleep.xml
----------------- Instantiating /home/travis/build/icyphy/ptII/ptolemy/actor/lib/test/auto/VariableSleep.xml
503 ms. Memory: 1632768K Free: 476614K (29%)
----------------- Invoking toplevel() on ptolemy.moml.MoMLSimpleApplication@9dfa2f6
----------------- Done invoking toplevel() on ptolemy.moml.MoMLSimpleApplication@9dfa2f6
reloadAllAccessors: .VariableSleep

===========================================================================================
----------------- testing Thu Jun 28 01:28:42 UTC 2018 /home/travis/build/icyphy/ptII/ptolemy/actor/lib/test/auto/VectorAssemblerDisassemblerCT.xml
----------------- Instantiating /home/travis/build/icyphy/ptII/ptolemy/actor/lib/test/auto/VectorAssemblerDisassemblerCT.xml
72 ms. Memory: 1632768K Free: 441722K (27%)
----------------- Invoking toplevel() on ptolemy.moml.MoMLSimpleApplication@325f71dc
----------------- Done invoking toplevel() on ptolemy.moml.MoMLSimpleApplication@325f71dc
reloadAllAccessors: .VectorAssemblerDisassemblerCT

===========================================================================================
----------------- testing Thu Jun 28 01:28:42 UTC 2018 /home/travis/build/icyphy/ptII/ptolemy/actor/lib/test/auto/VectorAssemblerDisassemblerDE.xml
----------------- Instantiating /home/travis/build/icyphy/ptII/ptolemy/actor/lib/test/auto/VectorAssemblerDisassemblerDE.xml
2 ms. Memory: 1632768K Free: 426433K (26%)
----------------- Invoking toplevel() on ptolemy.moml.MoMLSimpleApplication@1af37960
----------------- Done invoking toplevel() on ptolemy.moml.MoMLSimpleApplication@1af37960
reloadAllAccessors: .VectorAssemblerDisassemblerDE

===========================================================================================
----------------- testing Thu Jun 28 01:28:42 UTC 2018 /home/travis/build/icyphy/ptII/ptolemy/actor/lib/test/auto/VectorAssemblerDisassemblerSDF.xml
----------------- Instantiating /home/travis/build/icyphy/ptII/ptolemy/actor/lib/test/auto/VectorAssemblerDisassemblerSDF.xml
2 ms. Memory: 1632768K Free: 406845K (25%)
----------------- Invoking toplevel() on ptolemy.moml.MoMLSimpleApplication@2204a2f5
----------------- Done invoking toplevel() on ptolemy.moml.MoMLSimpleApplication@2204a2f5
reloadAllAccessors: .VectorAssemblerDisassemblerSDF

===========================================================================================
----------------- testing Thu Jun 28 01:28:42 UTC 2018 /home/travis/build/icyphy/ptII/ptolemy/actor/lib/test/auto/WallClockTime.xml
----------------- Instantiating /home/travis/build/icyphy/ptII/ptolemy/actor/lib/test/auto/WallClockTime.xml
1004 ms. Memory: 1632768K Free: 391557K (24%)
----------------- Invoking toplevel() on ptolemy.moml.MoMLSimpleApplication@576854d2
----------------- Done invoking toplevel() on ptolemy.moml.MoMLSimpleApplication@576854d2
reloadAllAccessors: .WallClockTime

===========================================================================================
----------------- testing Thu Jun 28 01:28:43 UTC 2018 /home/travis/build/icyphy/ptII/ptolemy/actor/lib/test/auto/WidthTestWithSubscriberPublisher.xml
----------------- Instantiating /home/travis/build/icyphy/ptII/ptolemy/actor/lib/test/auto/WidthTestWithSubscriberPublisher.xml
10 ms. Memory: 1632768K Free: 356649K (22%)
----------------- Invoking toplevel() on ptolemy.moml.MoMLSimpleApplication@1d3d1277
----------------- Done invoking toplevel() on ptolemy.moml.MoMLSimpleApplication@1d3d1277
reloadAllAccessors: .WidthTestWithSubscriberPublisher

===========================================================================================
----------------- testing Thu Jun 28 01:28:43 UTC 2018 /home/travis/build/icyphy/ptII/ptolemy/actor/lib/test/auto/WidthTestWithSubscriberPublisher2.xml
----------------- Instantiating /home/travis/build/icyphy/ptII/ptolemy/actor/lib/test/auto/WidthTestWithSubscriberPublisher2.xml
2 ms. Memory: 1632768K Free: 337061K (21%)
----------------- Invoking toplevel() on ptolemy.moml.MoMLSimpleApplication@5eb1c35
----------------- Done invoking toplevel() on ptolemy.moml.MoMLSimpleApplication@5eb1c35
reloadAllAccessors: .WidthTestWithSubscriberPublisher2

===========================================================================================
----------------- testing Thu Jun 28 01:28:43 UTC 2018 /home/travis/build/icyphy/ptII/ptolemy/actor/lib/test/auto/WidthTestWithSubscriberPublisher3.xml
----------------- Instantiating /home/travis/build/icyphy/ptII/ptolemy/actor/lib/test/auto/WidthTestWithSubscriberPublisher3.xml
2 ms. Memory: 1632768K Free: 321773K (20%)
----------------- Invoking toplevel() on ptolemy.moml.MoMLSimpleApplication@2e06c26b
----------------- Done invoking toplevel() on ptolemy.moml.MoMLSimpleApplication@2e06c26b
reloadAllAccessors: .WidthTestWithSubscriberPublisher3

===========================================================================================
----------------- testing Thu Jun 28 01:28:43 UTC 2018 /home/travis/build/icyphy/ptII/ptolemy/actor/lib/test/auto/Writer.xml
----------------- Instantiating /home/travis/build/icyphy/ptII/ptolemy/actor/lib/test/auto/Writer.xml
0
1
2
3
4
1 ms. Memory: 1632768K Free: 302184K (19%)
----------------- Invoking toplevel() on ptolemy.moml.MoMLSimpleApplication@24c293b2
----------------- Done invoking toplevel() on ptolemy.moml.MoMLSimpleApplication@24c293b2
reloadAllAccessors: .Writer

===========================================================================================
----------------- testing Thu Jun 28 01:28:43 UTC 2018 /home/travis/build/icyphy/ptII/ptolemy/actor/lib/test/auto/array.xml
----------------- Instantiating /home/travis/build/icyphy/ptII/ptolemy/actor/lib/test/auto/array.xml
2 ms. Memory: 1632768K Free: 286896K (18%)
----------------- Invoking toplevel() on ptolemy.moml.MoMLSimpleApplication@226f5525
----------------- Done invoking toplevel() on ptolemy.moml.MoMLSimpleApplication@226f5525
reloadAllAccessors: .array

===========================================================================================
----------------- testing Thu Jun 28 01:28:43 UTC 2018 /home/travis/build/icyphy/ptII/ptolemy/actor/lib/test/auto/array2.xml
----------------- Instantiating /home/travis/build/icyphy/ptII/ptolemy/actor/lib/test/auto/array2.xml
2 ms. Memory: 1632768K Free: 267308K (16%)
----------------- Invoking toplevel() on ptolemy.moml.MoMLSimpleApplication@424d0dbf
----------------- Done invoking toplevel() on ptolemy.moml.MoMLSimpleApplication@424d0dbf
reloadAllAccessors: .array2

===========================================================================================
----------------- testing Thu Jun 28 01:28:43 UTC 2018 /home/travis/build/icyphy/ptII/ptolemy/actor/lib/test/auto/arrayType.xml
----------------- Instantiating /home/travis/build/icyphy/ptII/ptolemy/actor/lib/test/auto/arrayType.xml
1 ms. Memory: 1632768K Free: 247720K (15%)
----------------- Invoking toplevel() on ptolemy.moml.MoMLSimpleApplication@378b3f3e
----------------- Done invoking toplevel() on ptolemy.moml.MoMLSimpleApplication@378b3f3e
reloadAllAccessors: .arrayType

===========================================================================================
----------------- testing Thu Jun 28 01:28:43 UTC 2018 /home/travis/build/icyphy/ptII/ptolemy/actor/lib/test/auto/arrayType10.xml
----------------- Instantiating /home/travis/build/icyphy/ptII/ptolemy/actor/lib/test/auto/arrayType10.xml
1 ms. Memory: 1632768K Free: 232432K (14%)
----------------- Invoking toplevel() on ptolemy.moml.MoMLSimpleApplication@5e55dfb8
----------------- Done invoking toplevel() on ptolemy.moml.MoMLSimpleApplication@5e55dfb8
reloadAllAccessors: .arrayType10

===========================================================================================
----------------- testing Thu Jun 28 01:28:44 UTC 2018 /home/travis/build/icyphy/ptII/ptolemy/actor/lib/test/auto/arrayType11.xml
----------------- Instantiating /home/travis/build/icyphy/ptII/ptolemy/actor/lib/test/auto/arrayType11.xml
1 ms. Memory: 1632768K Free: 212844K (13%)
----------------- Invoking toplevel() on ptolemy.moml.MoMLSimpleApplication@4de31d2
----------------- Done invoking toplevel() on ptolemy.moml.MoMLSimpleApplication@4de31d2
reloadAllAccessors: .arrayType11

===========================================================================================
----------------- testing Thu Jun 28 01:28:44 UTC 2018 /home/travis/build/icyphy/ptII/ptolemy/actor/lib/test/auto/arrayType12.xml
----------------- Instantiating /home/travis/build/icyphy/ptII/ptolemy/actor/lib/test/auto/arrayType12.xml
1 ms. Memory: 1632768K Free: 197556K (12%)
----------------- Invoking toplevel() on ptolemy.moml.MoMLSimpleApplication@63beec64
----------------- Done invoking toplevel() on ptolemy.moml.MoMLSimpleApplication@63beec64
reloadAllAccessors: .arrayType12

===========================================================================================
----------------- testing Thu Jun 28 01:28:44 UTC 2018 /home/travis/build/icyphy/ptII/ptolemy/actor/lib/test/auto/arrayType13.xml
----------------- Instantiating /home/travis/build/icyphy/ptII/ptolemy/actor/lib/test/auto/arrayType13.xml
2 ms. Memory: 1632768K Free: 177968K (11%)
----------------- Invoking toplevel() on ptolemy.moml.MoMLSimpleApplication@2be6681b
----------------- Done invoking toplevel() on ptolemy.moml.MoMLSimpleApplication@2be6681b
reloadAllAccessors: .arrayType13

===========================================================================================
----------------- testing Thu Jun 28 01:28:44 UTC 2018 /home/travis/build/icyphy/ptII/ptolemy/actor/lib/test/auto/arrayType14.xml
----------------- Instantiating /home/travis/build/icyphy/ptII/ptolemy/actor/lib/test/auto/arrayType14.xml
2 ms. Memory: 1632768K Free: 158380K (10%)
----------------- Invoking toplevel() on ptolemy.moml.MoMLSimpleApplication@7d4134a6
----------------- Done invoking toplevel() on ptolemy.moml.MoMLSimpleApplication@7d4134a6
reloadAllAccessors: .arrayType14

===========================================================================================
----------------- testing Thu Jun 28 01:28:44 UTC 2018 /home/travis/build/icyphy/ptII/ptolemy/actor/lib/test/auto/arrayType15.xml
----------------- Instantiating /home/travis/build/icyphy/ptII/ptolemy/actor/lib/test/auto/arrayType15.xml
2 ms. Memory: 1632768K Free: 143092K (9%)
----------------- Invoking toplevel() on ptolemy.moml.MoMLSimpleApplication@45ef75b3
----------------- Done invoking toplevel() on ptolemy.moml.MoMLSimpleApplication@45ef75b3
reloadAllAccessors: .arrayType15

===========================================================================================
----------------- testing Thu Jun 28 01:28:44 UTC 2018 /home/travis/build/icyphy/ptII/ptolemy/actor/lib/test/auto/arrayType16.xml
----------------- Instantiating /home/travis/build/icyphy/ptII/ptolemy/actor/lib/test/auto/arrayType16.xml
2 ms. Memory: 1632768K Free: 123503K (8%)
----------------- Invoking toplevel() on ptolemy.moml.MoMLSimpleApplication@5064c14d
----------------- Done invoking toplevel() on ptolemy.moml.MoMLSimpleApplication@5064c14d
reloadAllAccessors: .arrayType16

===========================================================================================
----------------- testing Thu Jun 28 01:28:44 UTC 2018 /home/travis/build/icyphy/ptII/ptolemy/actor/lib/test/auto/arrayType17.xml
----------------- Instantiating /home/travis/build/icyphy/ptII/ptolemy/actor/lib/test/auto/arrayType17.xml
2 ms. Memory: 1632768K Free: 108215K (7%)
----------------- Invoking toplevel() on ptolemy.moml.MoMLSimpleApplication@6c41b9e
----------------- Done invoking toplevel() on ptolemy.moml.MoMLSimpleApplication@6c41b9e
reloadAllAccessors: .arrayType17

===========================================================================================
----------------- testing Thu Jun 28 01:28:44 UTC 2018 /home/travis/build/icyphy/ptII/ptolemy/actor/lib/test/auto/arrayType18.xml
----------------- Instantiating /home/travis/build/icyphy/ptII/ptolemy/actor/lib/test/auto/arrayType18.xml
1 ms. Memory: 1632768K Free: 88627K (5%)
----------------- Invoking toplevel() on ptolemy.moml.MoMLSimpleApplication@484e11d0
----------------- Done invoking toplevel() on ptolemy.moml.MoMLSimpleApplication@484e11d0
reloadAllAccessors: .arrayType18

===========================================================================================
----------------- testing Thu Jun 28 01:28:44 UTC 2018 /home/travis/build/icyphy/ptII/ptolemy/actor/lib/test/auto/arrayType19.xml
----------------- Instantiating /home/travis/build/icyphy/ptII/ptolemy/actor/lib/test/auto/arrayType19.xml
2 ms. Memory: 1632768K Free: 73339K (4%)
----------------- Invoking toplevel() on ptolemy.moml.MoMLSimpleApplication@6ddade7c
----------------- Done invoking toplevel() on ptolemy.moml.MoMLSimpleApplication@6ddade7c
reloadAllAccessors: .arrayType19

===========================================================================================
----------------- testing Thu Jun 28 01:28:44 UTC 2018 /home/travis/build/icyphy/ptII/ptolemy/actor/lib/test/auto/arrayType2.xml
----------------- Instantiating /home/travis/build/icyphy/ptII/ptolemy/actor/lib/test/auto/arrayType2.xml
16 ms. Memory: 1646592K Free: 1588595K (96%)
----------------- Invoking toplevel() on ptolemy.moml.MoMLSimpleApplication@7bedaf1c
----------------- Done invoking toplevel() on ptolemy.moml.MoMLSimpleApplication@7bedaf1c
reloadAllAccessors: .arrayType2

===========================================================================================
----------------- testing Thu Jun 28 01:28:44 UTC 2018 /home/travis/build/icyphy/ptII/ptolemy/actor/lib/test/auto/arrayType20.xml
----------------- Instantiating /home/travis/build/icyphy/ptII/ptolemy/actor/lib/test/auto/arrayType20.xml
1 ms. Memory: 1646592K Free: 1565332K (95%)
----------------- Invoking toplevel() on ptolemy.moml.MoMLSimpleApplication@13fa1b24
----------------- Done invoking toplevel() on ptolemy.moml.MoMLSimpleApplication@13fa1b24
reloadAllAccessors: .arrayType20

===========================================================================================
----------------- testing Thu Jun 28 01:28:44 UTC 2018 /home/travis/build/icyphy/ptII/ptolemy/actor/lib/test/auto/arrayType21.xml
----------------- Instantiating /home/travis/build/icyphy/ptII/ptolemy/actor/lib/test/auto/arrayType21.xml
1 ms. Memory: 1646592K Free: 1545890K (94%)
----------------- Invoking toplevel() on ptolemy.moml.MoMLSimpleApplication@16be1dfa
----------------- Done invoking toplevel() on ptolemy.moml.MoMLSimpleApplication@16be1dfa
reloadAllAccessors: .arrayType21

===========================================================================================
----------------- testing Thu Jun 28 01:28:44 UTC 2018 /home/travis/build/icyphy/ptII/ptolemy/actor/lib/test/auto/arrayType22.xml
----------------- Instantiating /home/travis/build/icyphy/ptII/ptolemy/actor/lib/test/auto/arrayType22.xml
1 ms. Memory: 1646592K Free: 1530602K (93%)
----------------- Invoking toplevel() on ptolemy.moml.MoMLSimpleApplication@279c8fe3
----------------- Done invoking toplevel() on ptolemy.moml.MoMLSimpleApplication@279c8fe3
reloadAllAccessors: .arrayType22

===========================================================================================
----------------- testing Thu Jun 28 01:28:44 UTC 2018 /home/travis/build/icyphy/ptII/ptolemy/actor/lib/test/auto/arrayType23.xml
----------------- Instantiating /home/travis/build/icyphy/ptII/ptolemy/actor/lib/test/auto/arrayType23.xml
1 ms. Memory: 1646592K Free: 1511161K (92%)
----------------- Invoking toplevel() on ptolemy.moml.MoMLSimpleApplication@665dcff3
----------------- Done invoking toplevel() on ptolemy.moml.MoMLSimpleApplication@665dcff3
reloadAllAccessors: .arrayType23

===========================================================================================
----------------- testing Thu Jun 28 01:28:44 UTC 2018 /home/travis/build/icyphy/ptII/ptolemy/actor/lib/test/auto/arrayType24.xml
----------------- Instantiating /home/travis/build/icyphy/ptII/ptolemy/actor/lib/test/auto/arrayType24.xml
1 ms. Memory: 1646592K Free: 1491719K (91%)
----------------- Invoking toplevel() on ptolemy.moml.MoMLSimpleApplication@32c61ee5
----------------- Done invoking toplevel() on ptolemy.moml.MoMLSimpleApplication@32c61ee5
reloadAllAccessors: .arrayType24

===========================================================================================
----------------- testing Thu Jun 28 01:28:44 UTC 2018 /home/travis/build/icyphy/ptII/ptolemy/actor/lib/test/auto/arrayType25.xml
----------------- Instantiating /home/travis/build/icyphy/ptII/ptolemy/actor/lib/test/auto/arrayType25.xml
1 ms. Memory: 1646592K Free: 1476431K (90%)
----------------- Invoking toplevel() on ptolemy.moml.MoMLSimpleApplication@5c7780bc
----------------- Done invoking toplevel() on ptolemy.moml.MoMLSimpleApplication@5c7780bc
reloadAllAccessors: .arrayType25

===========================================================================================
----------------- testing Thu Jun 28 01:28:44 UTC 2018 /home/travis/build/icyphy/ptII/ptolemy/actor/lib/test/auto/arrayType26.xml
----------------- Instantiating /home/travis/build/icyphy/ptII/ptolemy/actor/lib/test/auto/arrayType26.xml
1 ms. Memory: 1646592K Free: 1456989K (88%)
----------------- Invoking toplevel() on ptolemy.moml.MoMLSimpleApplication@345974cc
----------------- Done invoking toplevel() on ptolemy.moml.MoMLSimpleApplication@345974cc
reloadAllAccessors: .arrayType26

===========================================================================================
----------------- testing Thu Jun 28 01:28:44 UTC 2018 /home/travis/build/icyphy/ptII/ptolemy/actor/lib/test/auto/arrayType27.xml
----------------- Instantiating /home/travis/build/icyphy/ptII/ptolemy/actor/lib/test/auto/arrayType27.xml
1 ms. Memory: 1646592K Free: 1441701K (88%)
----------------- Invoking toplevel() on ptolemy.moml.MoMLSimpleApplication@7f2e186c
----------------- Done invoking toplevel() on ptolemy.moml.MoMLSimpleApplication@7f2e186c
reloadAllAccessors: .arrayType27

===========================================================================================
----------------- testing Thu Jun 28 01:28:44 UTC 2018 /home/travis/build/icyphy/ptII/ptolemy/actor/lib/test/auto/arrayType28.xml
----------------- Instantiating /home/travis/build/icyphy/ptII/ptolemy/actor/lib/test/auto/arrayType28.xml
1 ms. Memory: 1646592K Free: 1422260K (86%)
----------------- Invoking toplevel() on ptolemy.moml.MoMLSimpleApplication@108ee544
----------------- Done invoking toplevel() on ptolemy.moml.MoMLSimpleApplication@108ee544
reloadAllAccessors: .arrayType28

===========================================================================================
----------------- testing Thu Jun 28 01:28:44 UTC 2018 /home/travis/build/icyphy/ptII/ptolemy/actor/lib/test/auto/arrayType3.xml
----------------- Instantiating /home/travis/build/icyphy/ptII/ptolemy/actor/lib/test/auto/arrayType3.xml
1 ms. Memory: 1646592K Free: 1402818K (85%)
----------------- Invoking toplevel() on ptolemy.moml.MoMLSimpleApplication@409eae4f
----------------- Done invoking toplevel() on ptolemy.moml.MoMLSimpleApplication@409eae4f
reloadAllAccessors: .arrayType3

===========================================================================================
----------------- testing Thu Jun 28 01:28:44 UTC 2018 /home/travis/build/icyphy/ptII/ptolemy/actor/lib/test/auto/arrayType4.xml
----------------- Instantiating /home/travis/build/icyphy/ptII/ptolemy/actor/lib/test/auto/arrayType4.xml
2 ms. Memory: 1646592K Free: 1387530K (84%)
----------------- Invoking toplevel() on ptolemy.moml.MoMLSimpleApplication@2233fa2c
----------------- Done invoking toplevel() on ptolemy.moml.MoMLSimpleApplication@2233fa2c
reloadAllAccessors: .arrayType4

===========================================================================================
----------------- testing Thu Jun 28 01:28:44 UTC 2018 /home/travis/build/icyphy/ptII/ptolemy/actor/lib/test/auto/arrayType5.xml
----------------- Instantiating /home/travis/build/icyphy/ptII/ptolemy/actor/lib/test/auto/arrayType5.xml
2 ms. Memory: 1646592K Free: 1368089K (83%)
----------------- Invoking toplevel() on ptolemy.moml.MoMLSimpleApplication@7426648e
----------------- Done invoking toplevel() on ptolemy.moml.MoMLSimpleApplication@7426648e
reloadAllAccessors: .arrayType5

===========================================================================================
----------------- testing Thu Jun 28 01:28:44 UTC 2018 /home/travis/build/icyphy/ptII/ptolemy/actor/lib/test/auto/arrayType6.xml
----------------- Instantiating /home/travis/build/icyphy/ptII/ptolemy/actor/lib/test/auto/arrayType6.xml
1 ms. Memory: 1646592K Free: 1348647K (82%)
----------------- Invoking toplevel() on ptolemy.moml.MoMLSimpleApplication@6d045df2
----------------- Done invoking toplevel() on ptolemy.moml.MoMLSimpleApplication@6d045df2
reloadAllAccessors: .arrayType6

===========================================================================================
----------------- testing Thu Jun 28 01:28:44 UTC 2018 /home/travis/build/icyphy/ptII/ptolemy/actor/lib/test/auto/arrayType7.xml
----------------- Instantiating /home/travis/build/icyphy/ptII/ptolemy/actor/lib/test/auto/arrayType7.xml
1 ms. Memory: 1646592K Free: 1333359K (81%)
----------------- Invoking toplevel() on ptolemy.moml.MoMLSimpleApplication@39233b3b
----------------- Done invoking toplevel() on ptolemy.moml.MoMLSimpleApplication@39233b3b
reloadAllAccessors: .arrayType7

===========================================================================================
----------------- testing Thu Jun 28 01:28:44 UTC 2018 /home/travis/build/icyphy/ptII/ptolemy/actor/lib/test/auto/arrayType8.xml
----------------- Instantiating /home/travis/build/icyphy/ptII/ptolemy/actor/lib/test/auto/arrayType8.xml
1 ms. Memory: 1646592K Free: 1313918K (80%)
----------------- Invoking toplevel() on ptolemy.moml.MoMLSimpleApplication@39291c11
----------------- Done invoking toplevel() on ptolemy.moml.MoMLSimpleApplication@39291c11
reloadAllAccessors: .arrayType8

===========================================================================================
----------------- testing Thu Jun 28 01:28:44 UTC 2018 /home/travis/build/icyphy/ptII/ptolemy/actor/lib/test/auto/arrayType9.xml
----------------- Instantiating /home/travis/build/icyphy/ptII/ptolemy/actor/lib/test/auto/arrayType9.xml
1 ms. Memory: 1646592K Free: 1298629K (79%)
----------------- Invoking toplevel() on ptolemy.moml.MoMLSimpleApplication@5d08768b
----------------- Done invoking toplevel() on ptolemy.moml.MoMLSimpleApplication@5d08768b
reloadAllAccessors: .arrayType9

===========================================================================================
----------------- testing Thu Jun 28 01:28:44 UTC 2018 /home/travis/build/icyphy/ptII/ptolemy/actor/lib/test/auto/cast.xml
----------------- Instantiating /home/travis/build/icyphy/ptII/ptolemy/actor/lib/test/auto/cast.xml
1 ms. Memory: 1646592K Free: 1279188K (78%)
----------------- Invoking toplevel() on ptolemy.moml.MoMLSimpleApplication@16488139
----------------- Done invoking toplevel() on ptolemy.moml.MoMLSimpleApplication@16488139
reloadAllAccessors: .cast

===========================================================================================
----------------- testing Thu Jun 28 01:28:44 UTC 2018 /home/travis/build/icyphy/ptII/ptolemy/actor/lib/test/auto/compositeMultiPort.xml
----------------- Instantiating /home/travis/build/icyphy/ptII/ptolemy/actor/lib/test/auto/compositeMultiPort.xml
3 ms. Memory: 1646592K Free: 1259747K (77%)
----------------- Invoking toplevel() on ptolemy.moml.MoMLSimpleApplication@41848b5b
----------------- Done invoking toplevel() on ptolemy.moml.MoMLSimpleApplication@41848b5b
reloadAllAccessors: .compositeMultiPort

===========================================================================================
----------------- testing Thu Jun 28 01:28:44 UTC 2018 /home/travis/build/icyphy/ptII/ptolemy/actor/lib/test/auto/expressionCastInference.xml
----------------- Instantiating /home/travis/build/icyphy/ptII/ptolemy/actor/lib/test/auto/expressionCastInference.xml
2 ms. Memory: 1646592K Free: 1244458K (76%)
----------------- Invoking toplevel() on ptolemy.moml.MoMLSimpleApplication@44c508f8
----------------- Done invoking toplevel() on ptolemy.moml.MoMLSimpleApplication@44c508f8
reloadAllAccessors: .expressionCastInference

===========================================================================================
----------------- testing Thu Jun 28 01:28:44 UTC 2018 /home/travis/build/icyphy/ptII/ptolemy/actor/lib/test/auto/expressionCastInference2.xml
----------------- Instantiating /home/travis/build/icyphy/ptII/ptolemy/actor/lib/test/auto/expressionCastInference2.xml
2 ms. Memory: 1646592K Free: 1225017K (74%)
----------------- Invoking toplevel() on ptolemy.moml.MoMLSimpleApplication@d969305
----------------- Done invoking toplevel() on ptolemy.moml.MoMLSimpleApplication@d969305
reloadAllAccessors: .expressionCastInference2

===========================================================================================
----------------- testing Thu Jun 28 01:28:44 UTC 2018 /home/travis/build/icyphy/ptII/ptolemy/actor/lib/test/auto/expressionInference.xml
----------------- Instantiating /home/travis/build/icyphy/ptII/ptolemy/actor/lib/test/auto/expressionInference.xml
2 ms. Memory: 1646592K Free: 1205576K (73%)
----------------- Invoking toplevel() on ptolemy.moml.MoMLSimpleApplication@679dacbe
----------------- Done invoking toplevel() on ptolemy.moml.MoMLSimpleApplication@679dacbe
reloadAllAccessors: .expressionInference

===========================================================================================
----------------- testing Thu Jun 28 01:28:44 UTC 2018 /home/travis/build/icyphy/ptII/ptolemy/actor/lib/test/auto/expression_bug.xml
----------------- Instantiating /home/travis/build/icyphy/ptII/ptolemy/actor/lib/test/auto/expression_bug.xml
1 ms. Memory: 1646592K Free: 1190287K (72%)
----------------- Invoking toplevel() on ptolemy.moml.MoMLSimpleApplication@499697a8
----------------- Done invoking toplevel() on ptolemy.moml.MoMLSimpleApplication@499697a8
reloadAllAccessors: .expression_bug

===========================================================================================
----------------- testing Thu Jun 28 01:28:44 UTC 2018 /home/travis/build/icyphy/ptII/ptolemy/actor/lib/test/auto/factorial.xml
----------------- Instantiating /home/travis/build/icyphy/ptII/ptolemy/actor/lib/test/auto/factorial.xml
25 ms. Memory: 1646592K Free: 1170822K (71%)
----------------- Invoking toplevel() on ptolemy.moml.MoMLSimpleApplication@63d5618b
----------------- Done invoking toplevel() on ptolemy.moml.MoMLSimpleApplication@63d5618b
reloadAllAccessors: .factorial

===========================================================================================
----------------- testing Thu Jun 28 01:28:44 UTC 2018 /home/travis/build/icyphy/ptII/ptolemy/actor/lib/test/auto/filterTest1.xml
----------------- Instantiating /home/travis/build/icyphy/ptII/ptolemy/actor/lib/test/auto/filterTest1.xml
3 ms. Memory: 1646592K Free: 1155533K (70%)
----------------- Invoking toplevel() on ptolemy.moml.MoMLSimpleApplication@587877bd
----------------- Done invoking toplevel() on ptolemy.moml.MoMLSimpleApplication@587877bd
reloadAllAccessors: .filterTest1

===========================================================================================
----------------- testing Thu Jun 28 01:28:44 UTC 2018 /home/travis/build/icyphy/ptII/ptolemy/actor/lib/test/auto/funcApplyInConst.xml
----------------- Instantiating /home/travis/build/icyphy/ptII/ptolemy/actor/lib/test/auto/funcApplyInConst.xml
1 ms. Memory: 1646592K Free: 1136092K (69%)
----------------- Invoking toplevel() on ptolemy.moml.MoMLSimpleApplication@d07e4ca
----------------- Done invoking toplevel() on ptolemy.moml.MoMLSimpleApplication@d07e4ca
reloadAllAccessors: .funcApplyInConst

===========================================================================================
----------------- testing Thu Jun 28 01:28:44 UTC 2018 /home/travis/build/icyphy/ptII/ptolemy/actor/lib/test/auto/funcApplyInExpr.xml
----------------- Instantiating /home/travis/build/icyphy/ptII/ptolemy/actor/lib/test/auto/funcApplyInExpr.xml
1 ms. Memory: 1646592K Free: 1116651K (68%)
----------------- Invoking toplevel() on ptolemy.moml.MoMLSimpleApplication@2dd856a9
----------------- Done invoking toplevel() on ptolemy.moml.MoMLSimpleApplication@2dd856a9
reloadAllAccessors: .funcApplyInExpr

===========================================================================================
----------------- testing Thu Jun 28 01:28:44 UTC 2018 /home/travis/build/icyphy/ptII/ptolemy/actor/lib/test/auto/function.xml
----------------- Instantiating /home/travis/build/icyphy/ptII/ptolemy/actor/lib/test/auto/function.xml
1 ms. Memory: 1646592K Free: 1101362K (67%)
----------------- Invoking toplevel() on ptolemy.moml.MoMLSimpleApplication@105808f8
----------------- Done invoking toplevel() on ptolemy.moml.MoMLSimpleApplication@105808f8
reloadAllAccessors: .function

===========================================================================================
----------------- testing Thu Jun 28 01:28:44 UTC 2018 /home/travis/build/icyphy/ptII/ptolemy/actor/lib/test/auto/function2.xml
----------------- Instantiating /home/travis/build/icyphy/ptII/ptolemy/actor/lib/test/auto/function2.xml
1 ms. Memory: 1646592K Free: 1081921K (66%)
----------------- Invoking toplevel() on ptolemy.moml.MoMLSimpleApplication@46d2bdc8
----------------- Done invoking toplevel() on ptolemy.moml.MoMLSimpleApplication@46d2bdc8
reloadAllAccessors: .function2

===========================================================================================
----------------- testing Thu Jun 28 01:28:44 UTC 2018 /home/travis/build/icyphy/ptII/ptolemy/actor/lib/test/auto/function3.xml
----------------- Instantiating /home/travis/build/icyphy/ptII/ptolemy/actor/lib/test/auto/function3.xml
1 ms. Memory: 1646592K Free: 1066632K (65%)
----------------- Invoking toplevel() on ptolemy.moml.MoMLSimpleApplication@6f455b1e
----------------- Done invoking toplevel() on ptolemy.moml.MoMLSimpleApplication@6f455b1e
reloadAllAccessors: .function3

===========================================================================================
----------------- testing Thu Jun 28 01:28:44 UTC 2018 /home/travis/build/icyphy/ptII/ptolemy/actor/lib/test/auto/functionClosureTest1.xml
----------------- Instantiating /home/travis/build/icyphy/ptII/ptolemy/actor/lib/test/auto/functionClosureTest1.xml
2 ms. Memory: 1646592K Free: 1047191K (64%)
----------------- Invoking toplevel() on ptolemy.moml.MoMLSimpleApplication@7692f37d
----------------- Done invoking toplevel() on ptolemy.moml.MoMLSimpleApplication@7692f37d
reloadAllAccessors: .functionClosureTest1

===========================================================================================
----------------- testing Thu Jun 28 01:28:44 UTC 2018 /home/travis/build/icyphy/ptII/ptolemy/actor/lib/test/auto/functionClosureTest2.xml
----------------- Instantiating /home/travis/build/icyphy/ptII/ptolemy/actor/lib/test/auto/functionClosureTest2.xml
1 ms. Memory: 1646592K Free: 1027750K (62%)
----------------- Invoking toplevel() on ptolemy.moml.MoMLSimpleApplication@622a39fb
----------------- Done invoking toplevel() on ptolemy.moml.MoMLSimpleApplication@622a39fb
reloadAllAccessors: .functionClosureTest2

===========================================================================================
----------------- testing Thu Jun 28 01:28:44 UTC 2018 /home/travis/build/icyphy/ptII/ptolemy/actor/lib/test/auto/functionClosureTest3.xml
----------------- Instantiating /home/travis/build/icyphy/ptII/ptolemy/actor/lib/test/auto/functionClosureTest3.xml
2 ms. Memory: 1646592K Free: 1012461K (61%)
----------------- Invoking toplevel() on ptolemy.moml.MoMLSimpleApplication@18e0ed3e
----------------- Done invoking toplevel() on ptolemy.moml.MoMLSimpleApplication@18e0ed3e
reloadAllAccessors: .functionClosureTest3

===========================================================================================
----------------- testing Thu Jun 28 01:28:44 UTC 2018 /home/travis/build/icyphy/ptII/ptolemy/actor/lib/test/auto/functionClosureTest4.xml
----------------- Instantiating /home/travis/build/icyphy/ptII/ptolemy/actor/lib/test/auto/functionClosureTest4.xml
2 ms. Memory: 1646592K Free: 993020K (60%)
----------------- Invoking toplevel() on ptolemy.moml.MoMLSimpleApplication@65bb5b7b
----------------- Done invoking toplevel() on ptolemy.moml.MoMLSimpleApplication@65bb5b7b
reloadAllAccessors: .functionClosureTest4

===========================================================================================
----------------- testing Thu Jun 28 01:28:44 UTC 2018 /home/travis/build/icyphy/ptII/ptolemy/actor/lib/test/auto/functionClosureTest5.xml
----------------- Instantiating /home/travis/build/icyphy/ptII/ptolemy/actor/lib/test/auto/functionClosureTest5.xml
3 ms. Memory: 1646592K Free: 973579K (59%)
----------------- Invoking toplevel() on ptolemy.moml.MoMLSimpleApplication@4ff68153
----------------- Done invoking toplevel() on ptolemy.moml.MoMLSimpleApplication@4ff68153
reloadAllAccessors: .functionClosureTest5

===========================================================================================
----------------- testing Thu Jun 28 01:28:44 UTC 2018 /home/travis/build/icyphy/ptII/ptolemy/actor/lib/test/auto/functionClosureTest6.xml
----------------- Instantiating /home/travis/build/icyphy/ptII/ptolemy/actor/lib/test/auto/functionClosureTest6.xml
1 ms. Memory: 1646592K Free: 958290K (58%)
----------------- Invoking toplevel() on ptolemy.moml.MoMLSimpleApplication@6f19d802
----------------- Done invoking toplevel() on ptolemy.moml.MoMLSimpleApplication@6f19d802
reloadAllAccessors: .functionClosureTest6

===========================================================================================
----------------- testing Thu Jun 28 01:28:44 UTC 2018 /home/travis/build/icyphy/ptII/ptolemy/actor/lib/test/auto/functionsOnArcs.xml
----------------- Instantiating /home/travis/build/icyphy/ptII/ptolemy/actor/lib/test/auto/functionsOnArcs.xml
1 ms. Memory: 1646592K Free: 938849K (57%)
----------------- Invoking toplevel() on ptolemy.moml.MoMLSimpleApplication@1478f4b9
----------------- Done invoking toplevel() on ptolemy.moml.MoMLSimpleApplication@1478f4b9
reloadAllAccessors: .functionsOnArcs

===========================================================================================
----------------- testing Thu Jun 28 01:28:44 UTC 2018 /home/travis/build/icyphy/ptII/ptolemy/actor/lib/test/auto/functionsOnArcsHOF.xml
----------------- Instantiating /home/travis/build/icyphy/ptII/ptolemy/actor/lib/test/auto/functionsOnArcsHOF.xml
2 ms. Memory: 1646592K Free: 919407K (56%)
----------------- Invoking toplevel() on ptolemy.moml.MoMLSimpleApplication@41bedb45
----------------- Done invoking toplevel() on ptolemy.moml.MoMLSimpleApplication@41bedb45
reloadAllAccessors: .functionsOnArcsHOF

===========================================================================================
----------------- testing Thu Jun 28 01:28:44 UTC 2018 /home/travis/build/icyphy/ptII/ptolemy/actor/lib/test/auto/logic.xml
----------------- Instantiating /home/travis/build/icyphy/ptII/ptolemy/actor/lib/test/auto/logic.xml
2 ms. Memory: 1646592K Free: 904119K (55%)
----------------- Invoking toplevel() on ptolemy.moml.MoMLSimpleApplication@ff66a37
----------------- Done invoking toplevel() on ptolemy.moml.MoMLSimpleApplication@ff66a37
reloadAllAccessors: .logic

===========================================================================================
----------------- testing Thu Jun 28 01:28:44 UTC 2018 /home/travis/build/icyphy/ptII/ptolemy/actor/lib/test/auto/matrixType.xml
----------------- Instantiating /home/travis/build/icyphy/ptII/ptolemy/actor/lib/test/auto/matrixType.xml
1 ms. Memory: 1646592K Free: 884678K (54%)
----------------- Invoking toplevel() on ptolemy.moml.MoMLSimpleApplication@233cc6bd
----------------- Done invoking toplevel() on ptolemy.moml.MoMLSimpleApplication@233cc6bd
reloadAllAccessors: .matrixType

===========================================================================================
----------------- testing Thu Jun 28 01:28:44 UTC 2018 /home/travis/build/icyphy/ptII/ptolemy/actor/lib/test/auto/matrixType10.xml
----------------- Instantiating /home/travis/build/icyphy/ptII/ptolemy/actor/lib/test/auto/matrixType10.xml
1 ms. Memory: 1646592K Free: 869389K (53%)
----------------- Invoking toplevel() on ptolemy.moml.MoMLSimpleApplication@56d5aa47
----------------- Done invoking toplevel() on ptolemy.moml.MoMLSimpleApplication@56d5aa47
reloadAllAccessors: .matrixType10

===========================================================================================
----------------- testing Thu Jun 28 01:28:44 UTC 2018 /home/travis/build/icyphy/ptII/ptolemy/actor/lib/test/auto/matrixType11.xml
----------------- Instantiating /home/travis/build/icyphy/ptII/ptolemy/actor/lib/test/auto/matrixType11.xml
1 ms. Memory: 1646592K Free: 849948K (52%)
----------------- Invoking toplevel() on ptolemy.moml.MoMLSimpleApplication@292a500a
----------------- Done invoking toplevel() on ptolemy.moml.MoMLSimpleApplication@292a500a
reloadAllAccessors: .matrixType11

===========================================================================================
----------------- testing Thu Jun 28 01:28:44 UTC 2018 /home/travis/build/icyphy/ptII/ptolemy/actor/lib/test/auto/matrixType12.xml
----------------- Instantiating /home/travis/build/icyphy/ptII/ptolemy/actor/lib/test/auto/matrixType12.xml
1 ms. Memory: 1646592K Free: 830507K (50%)
----------------- Invoking toplevel() on ptolemy.moml.MoMLSimpleApplication@612c3a5a
----------------- Done invoking toplevel() on ptolemy.moml.MoMLSimpleApplication@612c3a5a
reloadAllAccessors: .matrixType12

===========================================================================================
----------------- testing Thu Jun 28 01:28:44 UTC 2018 /home/travis/build/icyphy/ptII/ptolemy/actor/lib/test/auto/matrixType13.xml
----------------- Instantiating /home/travis/build/icyphy/ptII/ptolemy/actor/lib/test/auto/matrixType13.xml
1 ms. Memory: 1646592K Free: 815218K (50%)
----------------- Invoking toplevel() on ptolemy.moml.MoMLSimpleApplication@7407afcc
----------------- Done invoking toplevel() on ptolemy.moml.MoMLSimpleApplication@7407afcc
reloadAllAccessors: .matrixType13

===========================================================================================
----------------- testing Thu Jun 28 01:28:44 UTC 2018 /home/travis/build/icyphy/ptII/ptolemy/actor/lib/test/auto/matrixType14.xml
----------------- Instantiating /home/travis/build/icyphy/ptII/ptolemy/actor/lib/test/auto/matrixType14.xml
2 ms. Memory: 1646592K Free: 795777K (48%)
----------------- Invoking toplevel() on ptolemy.moml.MoMLSimpleApplication@4c305717
----------------- Done invoking toplevel() on ptolemy.moml.MoMLSimpleApplication@4c305717
reloadAllAccessors: .matrixType14

===========================================================================================
----------------- testing Thu Jun 28 01:28:44 UTC 2018 /home/travis/build/icyphy/ptII/ptolemy/actor/lib/test/auto/matrixType2.xml
----------------- Instantiating /home/travis/build/icyphy/ptII/ptolemy/actor/lib/test/auto/matrixType2.xml
2 ms. Memory: 1646592K Free: 776336K (47%)
----------------- Invoking toplevel() on ptolemy.moml.MoMLSimpleApplication@2d272466
----------------- Done invoking toplevel() on ptolemy.moml.MoMLSimpleApplication@2d272466
reloadAllAccessors: .matrixType2

===========================================================================================
----------------- testing Thu Jun 28 01:28:44 UTC 2018 /home/travis/build/icyphy/ptII/ptolemy/actor/lib/test/auto/matrixType3.xml
----------------- Instantiating /home/travis/build/icyphy/ptII/ptolemy/actor/lib/test/auto/matrixType3.xml
1 ms. Memory: 1646592K Free: 761047K (46%)
----------------- Invoking toplevel() on ptolemy.moml.MoMLSimpleApplication@47bb6531
----------------- Done invoking toplevel() on ptolemy.moml.MoMLSimpleApplication@47bb6531
reloadAllAccessors: .matrixType3

===========================================================================================
----------------- testing Thu Jun 28 01:28:44 UTC 2018 /home/travis/build/icyphy/ptII/ptolemy/actor/lib/test/auto/matrixType4.xml
----------------- Instantiating /home/travis/build/icyphy/ptII/ptolemy/actor/lib/test/auto/matrixType4.xml
1 ms. Memory: 1646592K Free: 741606K (45%)
----------------- Invoking toplevel() on ptolemy.moml.MoMLSimpleApplication@d5ed216
----------------- Done invoking toplevel() on ptolemy.moml.MoMLSimpleApplication@d5ed216
reloadAllAccessors: .matrixType4

===========================================================================================
----------------- testing Thu Jun 28 01:28:44 UTC 2018 /home/travis/build/icyphy/ptII/ptolemy/actor/lib/test/auto/matrixType5.xml
----------------- Instantiating /home/travis/build/icyphy/ptII/ptolemy/actor/lib/test/auto/matrixType5.xml
1 ms. Memory: 1646592K Free: 726318K (44%)
----------------- Invoking toplevel() on ptolemy.moml.MoMLSimpleApplication@518c56f
----------------- Done invoking toplevel() on ptolemy.moml.MoMLSimpleApplication@518c56f
reloadAllAccessors: .matrixType5

===========================================================================================
----------------- testing Thu Jun 28 01:28:44 UTC 2018 /home/travis/build/icyphy/ptII/ptolemy/actor/lib/test/auto/matrixType6.xml
----------------- Instantiating /home/travis/build/icyphy/ptII/ptolemy/actor/lib/test/auto/matrixType6.xml
1 ms. Memory: 1646592K Free: 706876K (43%)
----------------- Invoking toplevel() on ptolemy.moml.MoMLSimpleApplication@3d808e84
----------------- Done invoking toplevel() on ptolemy.moml.MoMLSimpleApplication@3d808e84
reloadAllAccessors: .matrixType6

===========================================================================================
----------------- testing Thu Jun 28 01:28:44 UTC 2018 /home/travis/build/icyphy/ptII/ptolemy/actor/lib/test/auto/matrixType7.xml
----------------- Instantiating /home/travis/build/icyphy/ptII/ptolemy/actor/lib/test/auto/matrixType7.xml
2 ms. Memory: 1646592K Free: 687435K (42%)
----------------- Invoking toplevel() on ptolemy.moml.MoMLSimpleApplication@df75cd7
----------------- Done invoking toplevel() on ptolemy.moml.MoMLSimpleApplication@df75cd7
reloadAllAccessors: .matrixType7

===========================================================================================
----------------- testing Thu Jun 28 01:28:44 UTC 2018 /home/travis/build/icyphy/ptII/ptolemy/actor/lib/test/auto/matrixType8.xml
----------------- Instantiating /home/travis/build/icyphy/ptII/ptolemy/actor/lib/test/auto/matrixType8.xml
1 ms. Memory: 1646592K Free: 672146K (41%)
----------------- Invoking toplevel() on ptolemy.moml.MoMLSimpleApplication@9b72777
----------------- Done invoking toplevel() on ptolemy.moml.MoMLSimpleApplication@9b72777
reloadAllAccessors: .matrixType8

===========================================================================================
----------------- testing Thu Jun 28 01:28:44 UTC 2018 /home/travis/build/icyphy/ptII/ptolemy/actor/lib/test/auto/matrixType9.xml
----------------- Instantiating /home/travis/build/icyphy/ptII/ptolemy/actor/lib/test/auto/matrixType9.xml
1 ms. Memory: 1646592K Free: 652705K (40%)
----------------- Invoking toplevel() on ptolemy.moml.MoMLSimpleApplication@3b6dc083
----------------- Done invoking toplevel() on ptolemy.moml.MoMLSimpleApplication@3b6dc083
reloadAllAccessors: .matrixType9

===========================================================================================
----------------- testing Thu Jun 28 01:28:44 UTC 2018 /home/travis/build/icyphy/ptII/ptolemy/actor/lib/test/auto/paraFunctest.xml
----------------- Instantiating /home/travis/build/icyphy/ptII/ptolemy/actor/lib/test/auto/paraFunctest.xml
1 ms. Memory: 1646592K Free: 633264K (38%)
----------------- Invoking toplevel() on ptolemy.moml.MoMLSimpleApplication@15d0382a
----------------- Done invoking toplevel() on ptolemy.moml.MoMLSimpleApplication@15d0382a
reloadAllAccessors: .paraFunctest

===========================================================================================
----------------- testing Thu Jun 28 01:28:44 UTC 2018 /home/travis/build/icyphy/ptII/ptolemy/actor/lib/test/auto/paraFunctest2.xml
----------------- Instantiating /home/travis/build/icyphy/ptII/ptolemy/actor/lib/test/auto/paraFunctest2.xml
2 ms. Memory: 1646592K Free: 617975K (38%)
----------------- Invoking toplevel() on ptolemy.moml.MoMLSimpleApplication@1c177210
----------------- Done invoking toplevel() on ptolemy.moml.MoMLSimpleApplication@1c177210
reloadAllAccessors: .paraFunctest2

===========================================================================================
----------------- testing Thu Jun 28 01:28:44 UTC 2018 /home/travis/build/icyphy/ptII/ptolemy/actor/lib/test/auto/parameterPassing.xml
----------------- Instantiating /home/travis/build/icyphy/ptII/ptolemy/actor/lib/test/auto/parameterPassing.xml
1 ms. Memory: 1646592K Free: 598534K (36%)
----------------- Invoking toplevel() on ptolemy.moml.MoMLSimpleApplication@4d49cac
----------------- Done invoking toplevel() on ptolemy.moml.MoMLSimpleApplication@4d49cac
reloadAllAccessors: .parameterPassing

===========================================================================================
----------------- testing Thu Jun 28 01:28:44 UTC 2018 /home/travis/build/icyphy/ptII/ptolemy/actor/lib/test/auto/record.xml
----------------- Instantiating /home/travis/build/icyphy/ptII/ptolemy/actor/lib/test/auto/record.xml
2 ms. Memory: 1646592K Free: 583246K (35%)
----------------- Invoking toplevel() on ptolemy.moml.MoMLSimpleApplication@25166a0f
----------------- Done invoking toplevel() on ptolemy.moml.MoMLSimpleApplication@25166a0f
reloadAllAccessors: .record

===========================================================================================
----------------- testing Thu Jun 28 01:28:44 UTC 2018 /home/travis/build/icyphy/ptII/ptolemy/actor/lib/test/auto/sizedarray1.xml
----------------- Instantiating /home/travis/build/icyphy/ptII/ptolemy/actor/lib/test/auto/sizedarray1.xml
1 ms. Memory: 1646592K Free: 563804K (34%)
----------------- Invoking toplevel() on ptolemy.moml.MoMLSimpleApplication@19e8a27
----------------- Done invoking toplevel() on ptolemy.moml.MoMLSimpleApplication@19e8a27
reloadAllAccessors: .sizedarray1

===========================================================================================
----------------- testing Thu Jun 28 01:28:44 UTC 2018 /home/travis/build/icyphy/ptII/ptolemy/actor/lib/test/auto/sizedarray2.xml
----------------- Instantiating /home/travis/build/icyphy/ptII/ptolemy/actor/lib/test/auto/sizedarray2.xml
2 ms. Memory: 1646592K Free: 544363K (33%)
----------------- Invoking toplevel() on ptolemy.moml.MoMLSimpleApplication@1281316
----------------- Done invoking toplevel() on ptolemy.moml.MoMLSimpleApplication@1281316
reloadAllAccessors: .sizedarray2

===========================================================================================
----------------- testing Thu Jun 28 01:28:45 UTC 2018 /home/travis/build/icyphy/ptII/ptolemy/actor/lib/test/auto/twoPublishers.xml
----------------- Instantiating /home/travis/build/icyphy/ptII/ptolemy/actor/lib/test/auto/twoPublishers.xml
1 ms. Memory: 1646592K Free: 521414K (32%)
----------------- Invoking toplevel() on ptolemy.moml.MoMLSimpleApplication@4045f9a6
----------------- Done invoking toplevel() on ptolemy.moml.MoMLSimpleApplication@4045f9a6
reloadAllAccessors: .twoPublishers
AutoTests.java: About to close Vertx.
AutoTests.java: Vertx closed.
]]></system-out>
  <system-err><![CDATA[java.lang.RuntimeException: Execution failed
	at ptolemy.moml.MoMLSimpleApplication$UnloadThread.run(MoMLSimpleApplication.java:402)
Caused by: java.lang.RuntimeException: Normally, we would exit here because Manager.exitAfterWrapup() was called.  However, because the ptolemy.ptII.exitAfterWrapup property is set, we throw this exception instead.
	at ptolemy.util.StringUtilities.exit(StringUtilities.java:363)
	at ptolemy.actor.Manager.wrapup(Manager.java:1531)
	at ptolemy.actor.Manager.execute(Manager.java:407)
	at ptolemy.actor.Manager.run(Manager.java:1263)
	at ptolemy.actor.Manager$PtolemyRunThread.run(Manager.java:1915)
Warning: '.top.test' is in training mode, set the trainingMode parameter to false before checking in
Warning: '.top.test' is in training mode, set the trainingMode parameter to false before checking in
Warning: '.top.test' is in training mode, set the trainingMode parameter to false before checking in
Warning: '.BooleanSwitch_RegressionTest_WrongTrainingValues.Test' is in training mode, set the trainingMode parameter to false before checking in
Warning: '.BooleanSwitch_RegressionTest_WrongTrainingValues.Test2' is in training mode, set the trainingMode parameter to false before checking in
Warning: '.BooleanSwitch_RegressionTest_WrongTrainingValues.Test2' The test produced 0 tokens.
Warning: '.top.testExceptionHandler' is in training mode, set the trainingMode parameter to false before checking in
java.lang.RuntimeException: Execution failed
	at ptolemy.moml.MoMLSimpleApplication$UnloadThread.run(MoMLSimpleApplication.java:402)
Caused by: ptolemy.kernel.util.IllegalActionException: PublisherPorts cannot be used at the top level, use a Publisher actor instead.
  in .PublisherPortToplevelSubscriber.PublisherPort
	at ptolemy.actor.PublisherPort.preinitialize(PublisherPort.java:403)
	at ptolemy.actor.CompositeActor.preinitialize(CompositeActor.java:1769)
	at ptolemy.actor.Manager.preinitializeAndResolveTypes(Manager.java:1040)
	at ptolemy.actor.Manager.initialize(Manager.java:710)
	at ptolemy.actor.Manager.execute(Manager.java:356)
	at ptolemy.actor.Manager.run(Manager.java:1263)
	at ptolemy.actor.Manager$PtolemyRunThread.run(Manager.java:1915)
java.lang.reflect.InvocationTargetException
	at sun.reflect.NativeConstructorAccessorImpl.newInstance0(Native Method)
	at sun.reflect.NativeConstructorAccessorImpl.newInstance(NativeConstructorAccessorImpl.java:62)
	at sun.reflect.DelegatingConstructorAccessorImpl.newInstance(DelegatingConstructorAccessorImpl.java:45)
	at java.lang.reflect.Constructor.newInstance(Constructor.java:423)
	at ptolemy.util.test.junit.AutoKnownFailedTests.RunModel(AutoKnownFailedTests.java:107)
	at sun.reflect.NativeMethodAccessorImpl.invoke0(Native Method)
	at sun.reflect.NativeMethodAccessorImpl.invoke(NativeMethodAccessorImpl.java:62)
	at sun.reflect.DelegatingMethodAccessorImpl.invoke(DelegatingMethodAccessorImpl.java:43)
	at java.lang.reflect.Method.invoke(Method.java:498)
	at org.junit.runners.model.FrameworkMethod$1.runReflectiveCall(FrameworkMethod.java:44)
	at org.junit.internal.runners.model.ReflectiveCallable.run(ReflectiveCallable.java:15)
	at org.junit.runners.model.FrameworkMethod.invokeExplosively(FrameworkMethod.java:41)
	at junitparams.internal.InvokeParameterisedMethod.evaluate(InvokeParameterisedMethod.java:102)
	at org.junit.internal.runners.statements.FailOnTimeout$1.run(FailOnTimeout.java:28)
Caused by: ptolemy.kernel.util.IllegalActionException: PublisherPorts cannot be used at the top level, use a Publisher actor instead.
  in .PublisherPortToplevelSubscriber.PublisherPort
	at ptolemy.actor.PublisherPort.preinitialize(PublisherPort.java:403)
	at ptolemy.actor.CompositeActor.preinitialize(CompositeActor.java:1769)
	at ptolemy.actor.Manager.preinitializeAndResolveTypes(Manager.java:1040)
	at ptolemy.actor.Manager.initialize(Manager.java:710)
	at ptolemy.actor.Manager.execute(Manager.java:356)
	at ptolemy.actor.Manager.run(Manager.java:1263)
	at ptolemy.actor.Manager$PtolemyRunThread.run(Manager.java:1915)
java.lang.RuntimeException: Execution failed
	at ptolemy.moml.MoMLSimpleApplication$UnloadThread.run(MoMLSimpleApplication.java:402)
Caused by: ptolemy.kernel.util.IllegalActionException: SubscriberPorts cannot be used at the top level, use a Subscriber actor instead.
  in .PublisherSubscriberPortToplevel.SubscriberPort
	at ptolemy.actor.SubscriberPort.preinitialize(SubscriberPort.java:328)
	at ptolemy.actor.CompositeActor.preinitialize(CompositeActor.java:1769)
	at ptolemy.actor.Manager.preinitializeAndResolveTypes(Manager.java:1040)
	at ptolemy.actor.Manager.initialize(Manager.java:710)
	at ptolemy.actor.Manager.execute(Manager.java:356)
	at ptolemy.actor.Manager.run(Manager.java:1263)
	at ptolemy.actor.Manager$PtolemyRunThread.run(Manager.java:1915)
java.lang.reflect.InvocationTargetException
	at sun.reflect.NativeConstructorAccessorImpl.newInstance0(Native Method)
	at sun.reflect.NativeConstructorAccessorImpl.newInstance(NativeConstructorAccessorImpl.java:62)
	at sun.reflect.DelegatingConstructorAccessorImpl.newInstance(DelegatingConstructorAccessorImpl.java:45)
	at java.lang.reflect.Constructor.newInstance(Constructor.java:423)
	at ptolemy.util.test.junit.AutoKnownFailedTests.RunModel(AutoKnownFailedTests.java:107)
	at sun.reflect.NativeMethodAccessorImpl.invoke0(Native Method)
	at sun.reflect.NativeMethodAccessorImpl.invoke(NativeMethodAccessorImpl.java:62)
	at sun.reflect.DelegatingMethodAccessorImpl.invoke(DelegatingMethodAccessorImpl.java:43)
	at java.lang.reflect.Method.invoke(Method.java:498)
	at org.junit.runners.model.FrameworkMethod$1.runReflectiveCall(FrameworkMethod.java:44)
	at org.junit.internal.runners.model.ReflectiveCallable.run(ReflectiveCallable.java:15)
	at org.junit.runners.model.FrameworkMethod.invokeExplosively(FrameworkMethod.java:41)
	at junitparams.internal.InvokeParameterisedMethod.evaluate(InvokeParameterisedMethod.java:102)
	at org.junit.internal.runners.statements.FailOnTimeout$1.run(FailOnTimeout.java:28)
Caused by: ptolemy.kernel.util.IllegalActionException: SubscriberPorts cannot be used at the top level, use a Subscriber actor instead.
  in .PublisherSubscriberPortToplevel.SubscriberPort
	at ptolemy.actor.SubscriberPort.preinitialize(SubscriberPort.java:328)
	at ptolemy.actor.CompositeActor.preinitialize(CompositeActor.java:1769)
	at ptolemy.actor.Manager.preinitializeAndResolveTypes(Manager.java:1040)
	at ptolemy.actor.Manager.initialize(Manager.java:710)
	at ptolemy.actor.Manager.execute(Manager.java:356)
	at ptolemy.actor.Manager.run(Manager.java:1263)
	at ptolemy.actor.Manager$PtolemyRunThread.run(Manager.java:1915)
java.lang.RuntimeException: Execution failed
	at ptolemy.moml.MoMLSimpleApplication$UnloadThread.run(MoMLSimpleApplication.java:402)
Caused by: ptolemy.kernel.util.IllegalActionException: SubscriptionAggregatorPorts cannot be used at the top level, use a SubscriptionAggregator actor instead.
  in .PublisherSubscriptionAggregatorPort.SubscriptionAggregatorPort
	at ptolemy.actor.SubscriptionAggregatorPort.preinitialize(SubscriptionAggregatorPort.java:353)
	at ptolemy.actor.CompositeActor.preinitialize(CompositeActor.java:1769)
	at ptolemy.actor.Manager.preinitializeAndResolveTypes(Manager.java:1040)
	at ptolemy.actor.Manager.initialize(Manager.java:710)
	at ptolemy.actor.Manager.execute(Manager.java:356)
	at ptolemy.actor.Manager.run(Manager.java:1263)
	at ptolemy.actor.Manager$PtolemyRunThread.run(Manager.java:1915)
java.lang.reflect.InvocationTargetException
	at sun.reflect.NativeConstructorAccessorImpl.newInstance0(Native Method)
	at sun.reflect.NativeConstructorAccessorImpl.newInstance(NativeConstructorAccessorImpl.java:62)
	at sun.reflect.DelegatingConstructorAccessorImpl.newInstance(DelegatingConstructorAccessorImpl.java:45)
	at java.lang.reflect.Constructor.newInstance(Constructor.java:423)
	at ptolemy.util.test.junit.AutoKnownFailedTests.RunModel(AutoKnownFailedTests.java:107)
	at sun.reflect.NativeMethodAccessorImpl.invoke0(Native Method)
	at sun.reflect.NativeMethodAccessorImpl.invoke(NativeMethodAccessorImpl.java:62)
	at sun.reflect.DelegatingMethodAccessorImpl.invoke(DelegatingMethodAccessorImpl.java:43)
	at java.lang.reflect.Method.invoke(Method.java:498)
	at org.junit.runners.model.FrameworkMethod$1.runReflectiveCall(FrameworkMethod.java:44)
	at org.junit.internal.runners.model.ReflectiveCallable.run(ReflectiveCallable.java:15)
	at org.junit.runners.model.FrameworkMethod.invokeExplosively(FrameworkMethod.java:41)
	at junitparams.internal.InvokeParameterisedMethod.evaluate(InvokeParameterisedMethod.java:102)
	at org.junit.internal.runners.statements.FailOnTimeout$1.run(FailOnTimeout.java:28)
Caused by: ptolemy.kernel.util.IllegalActionException: SubscriptionAggregatorPorts cannot be used at the top level, use a SubscriptionAggregator actor instead.
  in .PublisherSubscriptionAggregatorPort.SubscriptionAggregatorPort
	at ptolemy.actor.SubscriptionAggregatorPort.preinitialize(SubscriptionAggregatorPort.java:353)
	at ptolemy.actor.CompositeActor.preinitialize(CompositeActor.java:1769)
	at ptolemy.actor.Manager.preinitializeAndResolveTypes(Manager.java:1040)
	at ptolemy.actor.Manager.initialize(Manager.java:710)
	at ptolemy.actor.Manager.execute(Manager.java:356)
	at ptolemy.actor.Manager.run(Manager.java:1263)
	at ptolemy.actor.Manager$PtolemyRunThread.run(Manager.java:1915)
java.lang.RuntimeException: Execution failed
	at ptolemy.moml.MoMLSimpleApplication$UnloadThread.run(MoMLSimpleApplication.java:402)
Caused by: ptolemy.kernel.util.IllegalActionException: TypeTest actor has no training data.
  in .sizedarray3.TypeTest
	at ptolemy.actor.lib.TypeTest.initialize(TypeTest.java:250)
	at ptolemy.actor.Director.initialize(Director.java:938)
	at ptolemy.actor.Director.initialize(Director.java:907)
	at ptolemy.actor.sched.StaticSchedulingDirector.initialize(StaticSchedulingDirector.java:159)
	at ptolemy.domains.sdf.kernel.SDFDirector.initialize(SDFDirector.java:544)
	at ptolemy.actor.CompositeActor.initialize(CompositeActor.java:935)
	at ptolemy.actor.Manager.initialize(Manager.java:724)
	at ptolemy.actor.Manager.execute(Manager.java:356)
	at ptolemy.actor.Manager.run(Manager.java:1263)
	at ptolemy.actor.Manager$PtolemyRunThread.run(Manager.java:1915)
java.lang.reflect.InvocationTargetException
	at sun.reflect.NativeConstructorAccessorImpl.newInstance0(Native Method)
	at sun.reflect.NativeConstructorAccessorImpl.newInstance(NativeConstructorAccessorImpl.java:62)
	at sun.reflect.DelegatingConstructorAccessorImpl.newInstance(DelegatingConstructorAccessorImpl.java:45)
	at java.lang.reflect.Constructor.newInstance(Constructor.java:423)
	at ptolemy.util.test.junit.AutoKnownFailedTests.RunModel(AutoKnownFailedTests.java:107)
	at sun.reflect.NativeMethodAccessorImpl.invoke0(Native Method)
	at sun.reflect.NativeMethodAccessorImpl.invoke(NativeMethodAccessorImpl.java:62)
	at sun.reflect.DelegatingMethodAccessorImpl.invoke(DelegatingMethodAccessorImpl.java:43)
	at java.lang.reflect.Method.invoke(Method.java:498)
	at org.junit.runners.model.FrameworkMethod$1.runReflectiveCall(FrameworkMethod.java:44)
	at org.junit.internal.runners.model.ReflectiveCallable.run(ReflectiveCallable.java:15)
	at org.junit.runners.model.FrameworkMethod.invokeExplosively(FrameworkMethod.java:41)
	at junitparams.internal.InvokeParameterisedMethod.evaluate(InvokeParameterisedMethod.java:102)
	at org.junit.internal.runners.statements.FailOnTimeout$1.run(FailOnTimeout.java:28)
Caused by: ptolemy.kernel.util.IllegalActionException: TypeTest actor has no training data.
  in .sizedarray3.TypeTest
	at ptolemy.actor.lib.TypeTest.initialize(TypeTest.java:250)
	at ptolemy.actor.Director.initialize(Director.java:938)
	at ptolemy.actor.Director.initialize(Director.java:907)
	at ptolemy.actor.sched.StaticSchedulingDirector.initialize(StaticSchedulingDirector.java:159)
	at ptolemy.domains.sdf.kernel.SDFDirector.initialize(SDFDirector.java:544)
	at ptolemy.actor.CompositeActor.initialize(CompositeActor.java:935)
	at ptolemy.actor.Manager.initialize(Manager.java:724)
	at ptolemy.actor.Manager.execute(Manager.java:356)
	at ptolemy.actor.Manager.run(Manager.java:1263)
	at ptolemy.actor.Manager$PtolemyRunThread.run(Manager.java:1915)
]]></system-err>
</testsuite>
