<?xml version="1.0" encoding="UTF-8" ?>
<testsuite errors="0" failures="0" hostname="travis-job-f3f4c8a5-4718-431c-b335-f3240d5e4195" name="ptolemy.domains.de.test.junit.JUnitTclTest" skipped="0" tests="101" time="126.159" timestamp="2018-10-18T02:34:08">
  <properties>
    <property name="npm.executable" value="npm" />
    <property name="file.encoding.pkg" value="sun.io" />
    <property name="env.TRAVIS_ROOT" value="/" />
    <property name="ptII.mk.exists" value="true" />
    <property name="env.TRAVIS_APP_HOST" value="build.travis-ci.org" />
    <property name="env.rvm_bin_path" value="/home/travis/.rvm/bin" />
    <property name="java.home" value="/usr/lib/jvm/java-8-oracle/jre" />
    <property name="env.TRAVIS_JOB_NUMBER" value="783.9" />
    <property name="env.TRAVIS_HOME" value="/home/travis" />
    <property name="env.DISPLAY" value=":99.0" />
    <property name="java.net.preferIPv4Stack" value="true" />
    <property name="env.TRAVIS_INIT" value="upstart" />
    <property name="env.SSH_TTY" value="/dev/pts/0" />
    <property name="env.RUN_TESTS" value="false" />
    <property name="timeout.short" value="1000000" />
    <property name="env.TRAVIS_STACK_NODE_ATTRIBUTES" value="/.node-attributes.yml" />
    <property name="junit.formatter" value="xml" />
    <property name="java.endorsed.dirs" value="/usr/lib/jvm/java-8-oracle/jre/lib/endorsed" />
    <property name="env.TRAVIS_SUDO" value="true" />
    <property name="env.LOGNAME" value="travis" />
    <property name="jsdoc.home" value="node_modules/@terraswarm/jsdoc" />
    <property name="debuglevel" value="source,lines,vars" />
    <property name="checkstyle.formatter" value="xml" />
    <property name="bin.vergil.makeable" value="true" />
    <property name="env._system_version" value="14.04" />
    <property name="sun.os.patch.level" value="unknown" />
    <property name="java.vendor.url" value="http://java.oracle.com/" />
    <property name="env.TRAVIS_BUILD_WEB_URL" value="https://travis-ci.org/icyphy/ptII/builds/442980213" />
    <property name="java.version" value="1.8.0_151" />
    <property name="env.TZ" value="UTC" />
    <property name="env.PT_NO_NET" value="true" />
    <property name="env.TRAVIS_PULL_REQUEST_SHA" value="" />
    <property name="env.TRAVIS_SECURE_ENV_VARS" value="true" />
    <property name="env._system_type" value="Linux" />
    <property name="java.vendor.url.bug" value="http://bugreport.sun.com/bugreport/" />
    <property name="env.SSH_CLIENT" value="10.10.16.81 42580 22" />
    <property name="npmjs-org-is-up" value="true" />
    <property name="env.GEM_HOME" value="/home/travis/.rvm/gems/ruby-2.4.1" />
    <property name="env.HAS_ANTARES_THREE_LITTLE_FRONZIES_BADGE" value="true" />
    <property name="env.PS4" value="+" />
    <property name="ant.project.invoked-targets" value="build,test.core2.xml" />
    <property name="env.TRAVIS_PULL_REQUEST_BRANCH" value="" />
    <property name="env.TRAVIS_REPO_SLUG" value="icyphy/ptII" />
    <property name="node.in.path" value="true" />
    <property name="java.maxmemory" value="1400m" />
    <property name="env.RUBY_VERSION" value="ruby-2.4.1" />
    <property name="user.name" value="travis" />
    <property name="env.LANG" value="en_US.UTF-8" />
    <property name="sun.io.unicode.encoding" value="UnicodeLittle" />
    <property name="sun.jnu.encoding" value="UTF-8" />
    <property name="java.runtime.name" value="Java(TM) SE Runtime Environment" />
    <property name="usefile" value="false" />
    <property name="return.code" value="0" />
    <property name="junit.single.formatter" value="plain" />
    <property name="env.DEBIAN_FRONTEND" value="noninteractive" />
    <property name="env.SSH_CONNECTION" value="10.10.16.81 42580 10.20.1.183 22" />
    <property name="env.MYSQL_UNIX_PORT" value="/var/run/mysqld/mysqld.sock" />
    <property name="env.TRAVIS_ALLOW_FAILURE" value="false" />
    <property name="env.LC_ALL" value="en_US.UTF-8" />
    <property name="env.TRAVIS_JOB_WEB_URL" value="https://travis-ci.org/icyphy/ptII/jobs/442980222" />
    <property name="java.specification.name" value="Java Platform API Specification" />
    <property name="node.works" value="true" />
    <property name="user.timezone" value="" />
    <property name="path.separator" value=":" />
    <property name="env.TRAVIS_ENABLE_INFRA_DETECTION" value="true" />
    <property name="env.PYTHON_CFLAGS" value="-g -fstack-protector --param=ssp-buffer-size=4 -Wformat -Werror=format-security" />
    <property name="timeout.long" value="4000000" />
    <property name="file.encoding" value="UTF-8" />
    <property name="ant.file.ptII" value="/home/travis/build/icyphy/ptII/build.xml" />
    <property name="javadoc.packagenames" value="com.*,diva.*,lbnl.*,org.hlacerti.*,org.json.*,org.ptolemy.*,org.terraswarm.*,ptolemy.*,ptserver.*" />
    <property name="env.TRAVIS_PULL_REQUEST_SLUG" value="" />
    <property name="ant.project.default-target" value="build" />
    <property name="env.GIT_ASKPASS" value="echo" />
    <property name="env.HOME" value="/home/travis" />
    <property name="sun.java.command" value="org.apache.tools.ant.taskdefs.optional.junit.JUnitTestRunner ptolemy.domains.de.test.junit.JUnitTclTest skipNonTests=false filtertrace=true haltOnError=false haltOnFailure=false formatter=org.apache.tools.ant.taskdefs.optional.junit.OutErrSummaryJUnitResultFormatter showoutput=true outputtoformatters=true logfailedtests=true threadid=0 logtestlistenerevents=false formatter=org.apache.tools.ant.taskdefs.optional.junit.XMLJUnitResultFormatter,/home/travis/build/icyphy/ptII/reports/junit/TEST-ptolemy.domains.de.test.junit.JUnitTclTest.xml crashfile=/home/travis/build/icyphy/ptII/junitvmwatcher4994851592882001879.properties propsfile=/home/travis/build/icyphy/ptII/junit272377086305176140.properties" />
    <property name="env.MANPATH" value="/home/travis/.nvm/versions/node/v7.10.1/share/man:/home/travis/.kiex/elixirs/elixir-1.4.5/man:/home/travis/.rvm/rubies/ruby-2.4.1/share/man:/usr/local/man:/usr/local/cmake-3.9.2/man:/usr/local/clang-5.0.0/share/man:/usr/local/share/man:/usr/share/man:/home/travis/.rvm/man" />
    <property name="env.COMPOSER_NO_INTERACTION" value="1" />
    <property name="env.JDK_SWITCHER_DEFAULT" value="oraclejdk8" />
    <property name="env.TRAVIS_TIMER_ID" value="114ebcd5" />
    <property name="ant.file" value="/home/travis/build/icyphy/ptII/build.xml" />
    <property name="env.TRAVIS_COMMIT_RANGE" value="46fa5ae4eb0d551c71416d2b77857ba193c9edae...72d8aad66aa66e8bc0f6412135083917a5191e57" />
    <property name="env._system_name" value="Ubuntu" />
    <property name="timeout" value="2400000" />
    <property name="ptII.classpath.optional.property" value="/home/travis/build/icyphy/ptII/lib/bsh-2.0b4.jar:/home/travis/build/icyphy/ptII/lib/ptCal.jar:/home/travis/build/icyphy/ptII/lib/java_cup.jar:/home/travis/build/icyphy/ptII/lib/saxon8.jar:/home/travis/build/icyphy/ptII/lib/saxon8-dom.jar:/home/travis/build/icyphy/ptII/lib/chic.jar:/home/travis/build/icyphy/ptII/lib/ptcolt.jar:/usr/lib/jvm/java-8-oracle/lib/tools.jar:/usr/lib/eclipse/plugins/org.eclipse.jdt.core_3.8.2.dist.jar:/usr/lib/eclipse/plugins/org.eclipse.core.runtime_3.8.0.dist.jar:/usr/lib/eclipse/plugins/org.eclipse.osgi_3.8.1.dist.jar:/usr/lib/eclipse/plugins/org.eclipse.core.resources_3.8.1.dist.jar:/usr/lib/eclipse/plugins/org.eclipse.equinox.common_3.6.100.dist.jar:/usr/lib/eclipse/plugins/org.eclipse.core.jobs_3.5.200.dist.jar:/usr/lib/eclipse/plugins/org.eclipse.core.contenttype_3.4.200.dist.jar:/usr/lib/eclipse/plugins/org.eclipse.equinox.preferences_3.5.0.dist.jar:/usr/lib/eclipse/plugins/org.eclipse.text_3.5.200.dist.jar:/usr/lib/eclipse/plugins/org.eclipse.ui.workbench_3.8.1.dist.jar:/usr/lib/eclipse/plugins/org.eclipse.jface_3.8.0.dist.jar:/usr/lib/eclipse/plugins/org.eclipse.swt_3.8.2.jar:/usr/lib/eclipse/plugins/org.eclipse.jface.text_3.8.1.dist.jar:/usr/lib/eclipse/plugins/org.eclipse.ui.workbench.texteditor_3.8.0.dist.jar:/usr/lib/eclipse/plugins/org.eclipse.ui.editors_3.8.0.dist.jar:/usr/lib/eclipse/plugins/org.eclipse.core.commands_3.6.1.dist.jar:/usr/lib/eclipse/plugins/org.eclipse.equinox.registry_3.5.200.dist.jar:/usr/lib/eclipse/plugins/org.eclipse.ui.console_3.5.100.dist.jar:/usr/lib/eclipse/plugins/org.eclipse.ui.forms_3.5.200.dist.jar:/usr/lib/eclipse/plugins/org.eclipse.ui.ide_3.8.1.dist.jar:/home/travis/build/icyphy/ptII/vendors/oracle/dbxml.jar:/home/travis/build/icyphy/ptII/vendors/oracle/db.jar:/home/travis/build/icyphy/ptII/vendors/misc/itext/iText.jar:/home/travis/build/icyphy/ptII/lib/g4ltl.jar:/home/travis/build/icyphy/ptII/lib/StructuralCoder.jar:/home/travis/build/icyphy/ptII/lib/org-openide-util.jar:/home/travis/build/icyphy/ptII/lib/org-openide-util-lookup.jar:/home/travis/build/icyphy/ptII/lib/org-netbeans-api-visual.jar:/home/travis/build/icyphy/ptII/vendors/jai-1_1_2_01/lib/jai_core.jar:/home/travis/build/icyphy/ptII/vendors/jai-1_1_2_01/lib/jai_codec.jar:/home/travis/build/icyphy/ptII/lib/jcerti.jar:/home/travis/build/icyphy/ptII/lib/smack.jar:/home/travis/build/icyphy/ptII/lib/smackx.jar:/home/travis/build/icyphy/ptII/lib/jetty-all-8.1.5-v20120716.jar:/home/travis/build/icyphy/ptII/lib/javax.servlet-api-3.0.1.jar:/home/travis/build/icyphy/ptII/lib/javax.mail.jar:/home/travis/build/icyphy/ptII/vendors/JMF-2.1.1e/lib/jmf.jar:/home/travis/build/icyphy/ptII/lib/jna-4.0.0-variadic.jar:/home/travis/build/icyphy/ptII/vendors/misc/joystick/Joystick.jar:/home/travis/build/icyphy/ptII/lib/ptjacl.jar:/home/travis/build/icyphy/ptII/lib/jsoup-1.8.2.jar:/home/travis/build/icyphy/ptII/lib/junit-4.8.2.jar:/home/travis/build/icyphy/ptII/lib/JUnitParams-0.4.0.jar:/home/travis/build/icyphy/ptII/ptolemy/actor/lib/excel/jxl.jar:/home/travis/build/icyphy/ptII/lib/jython.jar:/home/travis/build/icyphy/ptII/lib/kieler.jar:/home/travis/build/icyphy/ptII/vendors/opencv/share/OpenCV/java/opencv-341.jar:/home/travis/build/icyphy/ptII/lib/oscP5.jar:/home/travis/build/icyphy/ptII/lib/nrjavaserial-3.11.0.devel.jar:/home/travis/build/icyphy/ptII/vendors/j3d/lib/j3dcore.jar:/home/travis/build/icyphy/ptII/vendors/j3d/lib/j3dutils.jar:/home/travis/build/icyphy/ptII/vendors/j3d/lib/vecmath.jar:/home/travis/build/icyphy/ptII/ptolemy/distributed/jini/jar/jini-core.jar:/home/travis/build/icyphy/ptII/ptolemy/distributed/jini/jar/jini-ext.jar:/home/travis/build/icyphy/ptII/ptolemy/distributed/jini/jar/sun-util.jar:/home/travis/build/icyphy/ptII/lib/protobuf-java-2.4.1.jar:/home/travis/build/icyphy/ptII/lib/org.eclipse.paho.client.mqttv3.jar:/home/travis/build/icyphy/ptII/ptserver/lib/hessian-4.0.7.jar:/home/travis/build/icyphy/ptII/ptserver/lib/wmqtt.jar:/home/travis/build/icyphy/ptII/lib/mapss.jar:/home/travis/build/icyphy/ptII/ptolemy/actor/ptalon/antlr/antlr.jar:/home/travis/build/icyphy/ptII/lib/JRI.jar:/home/travis/build/icyphy/ptII/lib/commons-lang-2.6.jar:/home/travis/build/icyphy/ptII/lib/commons-logging-1.1.1.jar:/home/travis/build/icyphy/ptII/lib/sootclasses.jar:/home/travis/build/icyphy/ptII/ptolemy/actor/lib/database/mysql-connector-java-5.1.6-bin.jar:/home/travis/build/icyphy/ptII/vendors/misc/sphinx4/sphinx4-data-5prealpha.jar:/home/travis/build/icyphy/ptII/vendors/misc/sphinx4/sphinx4-core-5prealpha.jar:/home/travis/build/icyphy/ptII/lib/PDFRenderer.jar:/home/travis/build/icyphy/ptII/lib/svgSalamander.jar:/home/travis/build/icyphy/ptII/lib/rsyntaxtextarea-2.6.0-SNAPSHOT.jar:/home/travis/build/icyphy/ptII/lib/hazelcast-3.8.2.jar:/home/travis/build/icyphy/ptII/lib/jackson-annotations-2.9.0.jar:/home/travis/build/icyphy/ptII/lib/jackson-core-2.9.3.jar:/home/travis/build/icyphy/ptII/lib/jackson-databind-2.9.3.jar:/home/travis/build/icyphy/ptII/lib/netty-buffer-4.1.19.Final.jar:/home/travis/build/icyphy/ptII/lib/netty-codec-4.1.19.Final.jar:/home/travis/build/icyphy/ptII/lib/netty-codec-dns-4.1.19.Final.jar:/home/travis/build/icyphy/ptII/lib/netty-codec-http-4.1.19.Final.jar:/home/travis/build/icyphy/ptII/lib/netty-codec-http2-4.1.19.Final.jar:/home/travis/build/icyphy/ptII/lib/netty-common-4.1.19.Final.jar:/home/travis/build/icyphy/ptII/lib/netty-handler-4.1.19.Final.jar:/home/travis/build/icyphy/ptII/lib/netty-resolver-4.1.19.Final.jar:/home/travis/build/icyphy/ptII/lib/netty-resolver-dns-4.1.19.Final.jar:/home/travis/build/icyphy/ptII/lib/netty-transport-4.1.19.Final.jar:/home/travis/build/icyphy/ptII/lib/vertx-codegen-3.5.1.jar:/home/travis/build/icyphy/ptII/lib/vertx-core-3.5.2-SNAPSHOT.jar:/home/travis/build/icyphy/ptII/lib/vertx-hazelcast-3.5.1.jar:/home/travis/build/icyphy/ptII/lib/vertx-lang-js-3.5.1.jar:/home/travis/build/icyphy/ptII/lib/vertx-service-proxy-3.5.1.jar:/home/travis/build/icyphy/ptII/lib/vertx-web-3.5.1.jar:/home/travis/build/icyphy/ptII/lib/slf4j-api-1.7.13.jar:/home/travis/build/icyphy/ptII/lib/slf4j-simple-1.7.13.jar:/home/travis/build/icyphy/ptII/lib/webcam-capture-0.3.12.jar:/home/travis/build/icyphy/ptII/lib/bridj-0.7.0.jar:/home/travis/build/icyphy/ptII/lib/xbjlib-1.1.0.nrjavaserial.jar" />
    <property name="test.batch" value="**/junit/*.java" />
    <property name="env._" value="/usr/bin/timeout" />
    <property name="java.io.tmpdir" value="/tmp" />
    <property name="env.TRAVIS_INTERNAL_RUBY_REGEX" value="^ruby-(2\.[0-2]\.[0-9]|1\.9\.3)" />
    <property name="user.language" value="en" />
    <property name="env.HISTCONTROL" value="ignoredups:ignorespace" />
    <property name="env.GOROOT" value="/home/travis/.gimme/versions/go1.7.4.linux.amd64" />
    <property name="line.separator" value="&#xa;" />
    <property name="target" value="1.8" />
    <property name="env.TRAVIS_BUILD_DIR" value="/home/travis/build/icyphy/ptII" />
    <property name="env.ANT_OPTS" value="-Xmx2048m" />
    <property name="ant.file.type" value="file" />
    <property name="ptolemy.ptII.batchMode" value="true" />
    <property name="env.HISTSIZE" value="1000" />
    <property name="env.MERB_ENV" value="test" />
    <property name="java.vm.info" value="mixed mode" />
    <property name="source" value="1.8" />
    <property name="java.vm.specification.name" value="Java Virtual Machine Specification" />
    <property name="env.TRAVIS_TEST_RESULT" value="0" />
    <property name="jsdoc.command" value="node_modules/@terraswarm/jsdoc/jsdoc.js" />
    <property name="npm.works" value="true" />
    <property name="cobertura.dir" value="/home/travis/build/icyphy/ptII/vendors/cobertura-2.0.3" />
    <property name="env.rvm_path" value="/home/travis/.rvm" />
    <property name="env.GEM_PATH" value="/home/travis/.rvm/gems/ruby-2.4.1:/home/travis/.rvm/gems/ruby-2.4.1@global" />
    <property name="env.LC_CTYPE" value="en_US.UTF-8" />
    <property name="java.awt.printerjob" value="sun.print.PSPrinterJob" />
    <property name="env.TRAVIS_CMD" value="$PTII/bin/ptIITravisBuild.sh $SECONDS" />
    <property name="env.TRAVIS_STACK_NAME" value="garnet" />
    <property name="env.TRAVIS_TIMER_START_TIME" value="1539829578881289099" />
    <property name="ant.version" value="Apache Ant(TM) version 1.10.1 compiled on February 2 2017" />
    <property name="ptII.reports" value="/home/travis/build/icyphy/ptII/reports" />
    <property name="env.TRAVIS_STACK_TIMESTAMP" value="2017-12-05 19:33:09 UTC" />
    <property name="ant.file.type.ptII" value="file" />
    <property name="env.RBENV_SHELL" value="bash" />
    <property name="os.name" value="Linux" />
    <property name="java.specification.vendor" value="Oracle Corporation" />
    <property name="env.rvm_version" value="1.29.3 (latest)" />
    <property name="env.TRAVIS_INFRA" value="gce" />
    <property name="env.TERM" value="xterm" />
    <property name="java.vm.name" value="Java HotSpot(TM) 64-Bit Server VM" />
    <property name="env.TRAVIS_BUILD_NUMBER" value="783" />
    <property name="env.CI" value="true" />
    <property name="java.library.path" value="/usr/lib/jni:/usr/local/share/OpenCV/java/:/usr/share/OpenCV/java::/usr/java/packages/lib/amd64:/usr/lib64:/lib64:/lib:/usr/lib" />
    <property name="env.rvm_prefix" value="/home/travis" />
    <property name="env.PATH" value="/home/travis/.rvm/gems/ruby-2.4.1/bin:/home/travis/.rvm/gems/ruby-2.4.1@global/bin:/home/travis/.rvm/rubies/ruby-2.4.1/bin:/home/travis/.rvm/bin:/home/travis/.nvm/versions/node/v7.10.1/bin:./node_modules/.bin:/home/travis/build/icyphy/ptII/bin:/home/travis/pthla/certi-tools/bin:/home/travis/bin:/home/travis/.local/bin:/opt/pyenv/shims:/home/travis/.phpenv/shims:/home/travis/perl5/perlbrew/bin:/home/travis/.kiex/elixirs/elixir-1.4.5/bin:/home/travis/.kiex/bin:/home/travis/gopath/bin:/home/travis/.gimme/versions/go1.7.4.linux.amd64/bin:/usr/local/phantomjs/bin:/usr/local/phantomjs:/usr/local/neo4j-3.2.7/bin:/usr/local/maven-3.5.2/bin:/usr/local/cmake-3.9.2/bin:/usr/local/clang-5.0.0/bin:/usr/local/sbin:/usr/local/bin:/usr/sbin:/usr/bin:/sbin:/bin:/home/travis/.phpenv/bin:/opt/pyenv/bin:/home/travis/.yarn/bin" />
    <property name="env.TRAVIS_OS_NAME" value="linux" />
    <property name="ant.java.version" value="1.8" />
    <property name="basedir" value="/home/travis/build/icyphy/ptII" />
    <property name="java.class.version" value="52.0" />
    <property name="env.SHLVL" value="3" />
    <property name="env.LD_LIBRARY_PATH" value="/usr/lib/jni:/usr/local/share/OpenCV/java/:/usr/share/OpenCV/java:" />
    <property name="env.RACK_ENV" value="test" />
    <property name="ant.home" value="/home/travis/build/icyphy/ptII/ant" />
    <property name="env.NVM_DIR" value="/home/travis/.nvm" />
    <property name="env.PERLBREW_BASHRC_VERSION" value="0.80" />
    <property name="env.TRAVIS_BUILD_ID" value="442980213" />
    <property name="env.PYENV_ROOT" value="/opt/pyenv" />
    <property name="env.TRAVIS_UID" value="2000" />
    <property name="env.rvm_pretty_print_flag" value="auto" />
    <property name="env.NVM_BIN" value="/home/travis/.nvm/versions/node/v7.10.1/bin" />
    <property name="env.TRAVIS_COMMIT" value="72d8aad66aa66e8bc0f6412135083917a5191e57" />
    <property name="env._system_arch" value="x86_64" />
    <property name="node.executable" value="node" />
    <property name="sun.boot.library.path" value="/usr/lib/jvm/java-8-oracle/jre/lib/amd64" />
    <property name="sun.management.compiler" value="HotSpot 64-Bit Tiered Compilers" />
    <property name="env.GOPATH" value="/home/travis/gopath" />
    <property name="java.awt.graphicsenv" value="sun.awt.X11GraphicsEnvironment" />
    <property name="ptolemy.ptII.dir" value="/home/travis/build/icyphy/ptII" />
    <property name="env.USER" value="travis" />
    <property name="env.HISTFILESIZE" value="2000" />
    <property name="timeout.longest" value="19000000" />
    <property name="env.TRAVIS_STACK_FEATURES" value="basic cassandra chromium couchdb disabled-ipv6 docker docker-compose elasticsearch firefox go-toolchain google-chrome jdk memcached mongodb mysql neo4j nodejs_interpreter perl_interpreter perlbrew phantomjs postgresql python_interpreter rabbitmq redis riak ruby_interpreter sqlite xserver" />
    <property name="env.TRAVIS_PULL_REQUEST" value="false" />
    <property name="env.PYENV_SHELL" value="bash" />
    <property name="ant.project.name" value="ptII" />
    <property name="java.vm.specification.version" value="1.8" />
    <property name="env.ANSI_RESET" value="\033[0m" />
    <property name="env.TRAVIS_DIST" value="trusty" />
    <property name="env.NLSPATH" value="/usr/dt/lib/nls/msg/%L/%N.cat" />
    <property name="awt.toolkit" value="sun.awt.X11.XToolkit" />
    <property name="env.MY_RUBY_HOME" value="/home/travis/.rvm/rubies/ruby-2.4.1" />
    <property name="sun.cpu.isalist" value="" />
    <property name="env.TRAVIS_TMPDIR" value="/tmp/tmp.CPGtmr6VTP" />
    <property name="java.ext.dirs" value="/usr/lib/jvm/java-8-oracle/jre/lib/ext:/usr/java/packages/lib/ext" />
    <property name="os.version" value="4.4.0-101-generic" />
    <property name="user.home" value="/home/travis" />
    <property name="env.MIX_ARCHIVES" value="/home/travis/.kiex/mix/elixir-1.4.5" />
    <property name="java.vm.vendor" value="Oracle Corporation" />
    <property name="env.TRAVIS_TAG" value="nightly" />
    <property name="env.ANSI_YELLOW" value="\033[33;1m" />
    <property name="env.TRAVIS_FILTERED" value="redirect_io" />
    <property name="env.ANSI_GREEN" value="\033[32;1m" />
    <property name="env.JAVA_HOME" value="/usr/lib/jvm/java-8-oracle" />
    <property name="javadoc.excludepackagenames" value="adm.cvs2svn.*,build.*,config.*,doc.coding.templates.*,jni.test.jni.meaningOfLife.*,jni.test.jni.testDeux.*,jni.test.jni.testTrois.*,org.terraswarm.accessor.accessors.web.node_modules.*,org.terraswarm.accessor.accessors.web.hosts.cordova.demo.*,org.terraswarm.accessor.accessors.web.hosts.cordova.plugins.*,org.terraswarm.accessor.accessors-svn.*,pt-modules.*,ptolemy.apps.agilent.*,ptolemy.apps.anytimecontrol.*,ptolemy.apps.apes.*,ptolemy.apps.charon.*,ptolemy.apps.crazyboard.*,ptolemy.apps.eclipse.*,ptolemy.apps.etherealSting.*,ptolemy.apps.fullscreen.*,ptolemy.apps.giotto.*,ptolemy.apps.ia.*,ptolemy.apps.interfaces.*,ptolemy.apps.jmf.*,ptolemy.apps.kurt.*,ptolemy.apps.kvm.*,ptolemy.apps.lego.*,ptolemy.apps.lejos.*,ptolemy.apps.midp.*,ptolemy.apps.mobileCoding.*,ptolemy.apps.pendulum.*,ptolemy.apps.rijndael.*,ptolemy.apps.robot.*,ptolemy.apps.security.*,ptolemy.apps.sobel.*,ptolemy.apps.soot.*,ptolemy.apps.throttle.*,ptolemy.apps.tini.*,ptolemy.apps.transmission.*,ptolemy.apps.vergil.*,ptolemy.apps.waba.*,ptolemy.apps.websensor.*,ptolemy.apps.webstart.*,ptolemy.apps.xsl.*,ptolemy.apps.zaurus.*,ptolemy.backtrack.eclipse.plugin.*,ptolemy.backtrack.test.*,ptolemy.codegen.c.actor.lib.oldJavaFiles.*,ptolemy.codegen.dsp.lib.*,ptolemy.codegen.kernel.newInterfaces.*,ptolemy.codegen.lib.*,ptolemy.copernicus.kernel.fragment.*,ptolemy.copernicus.shallow.cg.*,ptolemy.domains.giotto.demo.Hierarchy.Hierarchy.*,ptolemy.domains.giotto.demo.Multimode.Multimode.*,ptolemy.domains.giotto.demo.Simple.Simple.*,ptolemy.domains.gr.lib.experimental.*,ptolemy.domains.gro.*,ptolemy.domains.pdf.*,ptolemy.domains.ptinyos.demo.Surge.output.*,ptolemy.moml.test.NoPackageActor.java*,ptolemy.plot.adm.*,ptolemy.plot.servlet.*,reports.*,signed.*,src.*,target.*,vendors.*,ptolemy.cg.adapter.generic.program.procedural.c.mbed*,ptolemy.actor.lib.fmi.fmus.omc*,ptolemy.domains.openmodelica*,ptdb.kernel.bl.save.test.*,ptdb.kernel.bl.load.test.*,ptdb.kernel.bl.search.test.*,ptdb.kernel.bl.migration.test.*,ptdb.kernel.database.test.*,ptdb.test.*,ptdb.gui.test.*,org.ptolemy.scala.*,diva.util.java2d.svg.*,ptolemy.domains.ptinyos.*,ptolemy.actor.lib.fmi.fmipp.*,,org.terraswarm.accessor.accessors.web.node_modules.*,org.terraswarm.accessor.accessors-svn,ptolemy.apps.*,ptolemy.actor.ptalon.demo.ptinyos.SendAndReceiveCnt.output,ptolemy.actor.ptalon.demo.ptinyos.SenseToLeds.output,ptolemy.domains.ptinyos.demo.CntToLedsAndRfm.output,ptolemy.domains.ptinyos.demo.RfmToLeds.output,ptolemy.domains.ptinyos.demo.SendAndReceiveCnt.output,ptolemy.domains.ptinyos.demo.SenseToLeds.output,ptolemy.actor.lib.jjs.modules.udpSocket.*" />
    <property name="env.PTII" value="/home/travis/build/icyphy/ptII" />
    <property name="env.XDG_SESSION_ID" value="2" />
    <property name="env.TRAVIS_COMMIT_MESSAGE" value="Removed apps/websensor, which uses an old insecure version of spring. No time to update it." />
    <property name="keystore" value="ptKeystore" />
    <property name="junit.output.dir" value="/home/travis/build/icyphy/ptII/reports/junit" />
    <property name="npm.return.code" value="0" />
    <property name="user.dir" value="/home/travis/build/icyphy/ptII/ptolemy/domains/de/test" />
    <property name="env.XFILESEARCHPATH" value="/usr/dt/app-defaults/%L/Dt" />
    <property name="env.TRAVIS_NODE_VERSION" value="7" />
    <property name="env.TRAVIS_EVENT_TYPE" value="cron" />
    <property name="env.MAIL" value="/var/mail/travis" />
    <property name="env.PERLBREW_ROOT" value="/home/travis/perl5/perlbrew" />
    <property name="env.PWD" value="/home/travis/build/icyphy/ptII" />
    <property name="timeout.npm" value="45000" />
    <property name="env.PT_TRAVIS_TEST_CORE2_XML" value="true" />
    <property name="env.TRAVIS_ARCH" value="amd64" />
    <property name="sun.cpu.endian" value="little" />
    <property name="env.PAGER" value="cat" />
    <property name="env.TRAVIS_BUILD_STAGE_NAME" value="Test" />
    <property name="env.PERLBREW_HOME" value="/home/travis/.perlbrew" />
    <property name="env.RAILS_ENV" value="test" />
    <property name="java.vm.version" value="25.151-b12" />
    <property name="java.class.path" value="/home/travis/build/icyphy/ptII:/home/travis/build/icyphy/ptII/lib/bsh-2.0b4.jar:/home/travis/build/icyphy/ptII/lib/ptCal.jar:/home/travis/build/icyphy/ptII/lib/java_cup.jar:/home/travis/build/icyphy/ptII/lib/saxon8.jar:/home/travis/build/icyphy/ptII/lib/saxon8-dom.jar:/home/travis/build/icyphy/ptII/lib/chic.jar:/home/travis/build/icyphy/ptII/lib/ptcolt.jar:/usr/lib/jvm/java-8-oracle/lib/tools.jar:/usr/lib/eclipse/plugins/org.eclipse.jdt.core_3.8.2.dist.jar:/usr/lib/eclipse/plugins/org.eclipse.core.runtime_3.8.0.dist.jar:/usr/lib/eclipse/plugins/org.eclipse.osgi_3.8.1.dist.jar:/usr/lib/eclipse/plugins/org.eclipse.core.resources_3.8.1.dist.jar:/usr/lib/eclipse/plugins/org.eclipse.equinox.common_3.6.100.dist.jar:/usr/lib/eclipse/plugins/org.eclipse.core.jobs_3.5.200.dist.jar:/usr/lib/eclipse/plugins/org.eclipse.core.contenttype_3.4.200.dist.jar:/usr/lib/eclipse/plugins/org.eclipse.equinox.preferences_3.5.0.dist.jar:/usr/lib/eclipse/plugins/org.eclipse.text_3.5.200.dist.jar:/usr/lib/eclipse/plugins/org.eclipse.ui.workbench_3.8.1.dist.jar:/usr/lib/eclipse/plugins/org.eclipse.jface_3.8.0.dist.jar:/usr/lib/eclipse/plugins/org.eclipse.swt_3.8.2.jar:/usr/lib/eclipse/plugins/org.eclipse.jface.text_3.8.1.dist.jar:/usr/lib/eclipse/plugins/org.eclipse.ui.workbench.texteditor_3.8.0.dist.jar:/usr/lib/eclipse/plugins/org.eclipse.ui.editors_3.8.0.dist.jar:/usr/lib/eclipse/plugins/org.eclipse.core.commands_3.6.1.dist.jar:/usr/lib/eclipse/plugins/org.eclipse.equinox.registry_3.5.200.dist.jar:/usr/lib/eclipse/plugins/org.eclipse.ui.console_3.5.100.dist.jar:/usr/lib/eclipse/plugins/org.eclipse.ui.forms_3.5.200.dist.jar:/usr/lib/eclipse/plugins/org.eclipse.ui.ide_3.8.1.dist.jar:/home/travis/build/icyphy/ptII/vendors/oracle/dbxml.jar:/home/travis/build/icyphy/ptII/vendors/oracle/db.jar:/home/travis/build/icyphy/ptII/vendors/misc/itext/iText.jar:/home/travis/build/icyphy/ptII/lib/g4ltl.jar:/home/travis/build/icyphy/ptII/lib/StructuralCoder.jar:/home/travis/build/icyphy/ptII/lib/org-openide-util.jar:/home/travis/build/icyphy/ptII/lib/org-openide-util-lookup.jar:/home/travis/build/icyphy/ptII/lib/org-netbeans-api-visual.jar:/home/travis/build/icyphy/ptII/vendors/jai-1_1_2_01/lib/jai_core.jar:/home/travis/build/icyphy/ptII/vendors/jai-1_1_2_01/lib/jai_codec.jar:/home/travis/build/icyphy/ptII/lib/jcerti.jar:/home/travis/build/icyphy/ptII/lib/smack.jar:/home/travis/build/icyphy/ptII/lib/smackx.jar:/home/travis/build/icyphy/ptII/lib/jetty-all-8.1.5-v20120716.jar:/home/travis/build/icyphy/ptII/lib/javax.servlet-api-3.0.1.jar:/home/travis/build/icyphy/ptII/lib/javax.mail.jar:/home/travis/build/icyphy/ptII/vendors/JMF-2.1.1e/lib/jmf.jar:/home/travis/build/icyphy/ptII/lib/jna-4.0.0-variadic.jar:/home/travis/build/icyphy/ptII/vendors/misc/joystick/Joystick.jar:/home/travis/build/icyphy/ptII/lib/ptjacl.jar:/home/travis/build/icyphy/ptII/lib/jsoup-1.8.2.jar:/home/travis/build/icyphy/ptII/lib/junit-4.8.2.jar:/home/travis/build/icyphy/ptII/lib/JUnitParams-0.4.0.jar:/home/travis/build/icyphy/ptII/ptolemy/actor/lib/excel/jxl.jar:/home/travis/build/icyphy/ptII/lib/jython.jar:/home/travis/build/icyphy/ptII/lib/kieler.jar:/home/travis/build/icyphy/ptII/vendors/opencv/share/OpenCV/java/opencv-341.jar:/home/travis/build/icyphy/ptII/lib/oscP5.jar:/home/travis/build/icyphy/ptII/lib/nrjavaserial-3.11.0.devel.jar:/home/travis/build/icyphy/ptII/vendors/j3d/lib/j3dcore.jar:/home/travis/build/icyphy/ptII/vendors/j3d/lib/j3dutils.jar:/home/travis/build/icyphy/ptII/vendors/j3d/lib/vecmath.jar:/home/travis/build/icyphy/ptII/ptolemy/distributed/jini/jar/jini-core.jar:/home/travis/build/icyphy/ptII/ptolemy/distributed/jini/jar/jini-ext.jar:/home/travis/build/icyphy/ptII/ptolemy/distributed/jini/jar/sun-util.jar:/home/travis/build/icyphy/ptII/lib/protobuf-java-2.4.1.jar:/home/travis/build/icyphy/ptII/lib/org.eclipse.paho.client.mqttv3.jar:/home/travis/build/icyphy/ptII/ptserver/lib/hessian-4.0.7.jar:/home/travis/build/icyphy/ptII/ptserver/lib/wmqtt.jar:/home/travis/build/icyphy/ptII/lib/mapss.jar:/home/travis/build/icyphy/ptII/ptolemy/actor/ptalon/antlr/antlr.jar:/home/travis/build/icyphy/ptII/lib/JRI.jar:/home/travis/build/icyphy/ptII/lib/commons-lang-2.6.jar:/home/travis/build/icyphy/ptII/lib/commons-logging-1.1.1.jar:/home/travis/build/icyphy/ptII/lib/sootclasses.jar:/home/travis/build/icyphy/ptII/ptolemy/actor/lib/database/mysql-connector-java-5.1.6-bin.jar:/home/travis/build/icyphy/ptII/vendors/misc/sphinx4/sphinx4-data-5prealpha.jar:/home/travis/build/icyphy/ptII/vendors/misc/sphinx4/sphinx4-core-5prealpha.jar:/home/travis/build/icyphy/ptII/lib/PDFRenderer.jar:/home/travis/build/icyphy/ptII/lib/svgSalamander.jar:/home/travis/build/icyphy/ptII/lib/rsyntaxtextarea-2.6.0-SNAPSHOT.jar:/home/travis/build/icyphy/ptII/lib/hazelcast-3.8.2.jar:/home/travis/build/icyphy/ptII/lib/jackson-annotations-2.9.0.jar:/home/travis/build/icyphy/ptII/lib/jackson-core-2.9.3.jar:/home/travis/build/icyphy/ptII/lib/jackson-databind-2.9.3.jar:/home/travis/build/icyphy/ptII/lib/netty-buffer-4.1.19.Final.jar:/home/travis/build/icyphy/ptII/lib/netty-codec-4.1.19.Final.jar:/home/travis/build/icyphy/ptII/lib/netty-codec-dns-4.1.19.Final.jar:/home/travis/build/icyphy/ptII/lib/netty-codec-http-4.1.19.Final.jar:/home/travis/build/icyphy/ptII/lib/netty-codec-http2-4.1.19.Final.jar:/home/travis/build/icyphy/ptII/lib/netty-common-4.1.19.Final.jar:/home/travis/build/icyphy/ptII/lib/netty-handler-4.1.19.Final.jar:/home/travis/build/icyphy/ptII/lib/netty-resolver-4.1.19.Final.jar:/home/travis/build/icyphy/ptII/lib/netty-resolver-dns-4.1.19.Final.jar:/home/travis/build/icyphy/ptII/lib/netty-transport-4.1.19.Final.jar:/home/travis/build/icyphy/ptII/lib/vertx-codegen-3.5.1.jar:/home/travis/build/icyphy/ptII/lib/vertx-core-3.5.2-SNAPSHOT.jar:/home/travis/build/icyphy/ptII/lib/vertx-hazelcast-3.5.1.jar:/home/travis/build/icyphy/ptII/lib/vertx-lang-js-3.5.1.jar:/home/travis/build/icyphy/ptII/lib/vertx-service-proxy-3.5.1.jar:/home/travis/build/icyphy/ptII/lib/vertx-web-3.5.1.jar:/home/travis/build/icyphy/ptII/lib/slf4j-api-1.7.13.jar:/home/travis/build/icyphy/ptII/lib/slf4j-simple-1.7.13.jar:/home/travis/build/icyphy/ptII/lib/webcam-capture-0.3.12.jar:/home/travis/build/icyphy/ptII/lib/bridj-0.7.0.jar:/home/travis/build/icyphy/ptII/lib/xbjlib-1.1.0.nrjavaserial.jar:/home/travis/build/icyphy/ptII/ptolemy/moml/test:/home/travis/build/icyphy/ptII/ant/lib/ant-launcher.jar:/home/travis/build/icyphy/ptII/ant/lib/ant.jar:/home/travis/build/icyphy/ptII/ant/lib/ant-junit.jar:/home/travis/build/icyphy/ptII/ant/lib/ant-junit4.jar" />
    <property name="ant.library.dir" value="/home/travis/build/icyphy/ptII/ant/lib" />
    <property name="os.arch" value="amd64" />
    <property name="env.CONTINUOUS_INTEGRATION" value="true" />
    <property name="env.TRAVIS_LANGUAGE" value="node_js" />
    <property name="env.TRAVIS_STACK_LANGUAGES" value="__garnet__ c c++ clojure cplusplus cpp default go groovy java node_js php pure_java python ruby scala" />
    <property name="test.name" value="ptolemy.actor.lib.test.junit.JUnitTclTest" />
    <property name="sun.java.launcher" value="SUN_STANDARD" />
    <property name="env.PYTHON_CONFIGURE_OPTS" value="--enable-unicode=ucs4 --with-wide-unicode --enable-shared --enable-ipv6 --enable-loadable-sqlite-extensions --with-computed-gotos" />
    <property name="ant.core.lib" value="/home/travis/build/icyphy/ptII/ant/lib/ant.jar" />
    <property name="java.vm.specification.vendor" value="Oracle Corporation" />
    <property name="env.BCVTB_HOME" value="/home/travis/build/icyphy/ptII/lbnl" />
    <property name="file.separator" value="/" />
    <property name="java.runtime.version" value="1.8.0_151-b12" />
    <property name="spotbugs.home" value="/home/travis/build/icyphy/ptII/vendors/spotbugs-3.1.1" />
    <property name="sun.boot.class.path" value="/usr/lib/jvm/java-8-oracle/jre/lib/resources.jar:/usr/lib/jvm/java-8-oracle/jre/lib/rt.jar:/usr/lib/jvm/java-8-oracle/jre/lib/sunrsasign.jar:/usr/lib/jvm/java-8-oracle/jre/lib/jsse.jar:/usr/lib/jvm/java-8-oracle/jre/lib/jce.jar:/usr/lib/jvm/java-8-oracle/jre/lib/charsets.jar:/usr/lib/jvm/java-8-oracle/jre/lib/jfr.jar:/usr/lib/jvm/java-8-oracle/jre/classes" />
    <property name="env.ANSI_CLEAR" value="\033[0K" />
    <property name="env.HAS_JOSH_K_SEAL_OF_APPROVAL" value="true" />
    <property name="env.TRAVIS_OSX_IMAGE" value="" />
    <property name="env.XDG_RUNTIME_DIR" value="/run/user/2000" />
    <property name="env.TRAVIS_JOB_ID" value="442980222" />
    <property name="env.TRAVIS_BRANCH" value="master" />
    <property name="user.country" value="US" />
    <property name="env.CERTI_HOME_TRAVIS" value="/home/travis/pthla/certi-tools" />
    <property name="env.SHELL" value="/bin/bash" />
    <property name="java.maxmemory.large" value="5000m" />
    <property name="model" value="" />
    <property name="env.CASHER_DIR" value="/home/travis/.casher" />
    <property name="env.NVM_CD_FLAGS" value="" />
    <property name="jshint.executable" value="/home/travis/node_modules/jshint/bin/jshint" />
    <property name="env.JRUBY_OPTS" value=" --client -J-XX:+TieredCompilation -J-XX:TieredStopAtLevel=1 -J-Xss2m -Xcompile.invokedynamic=false" />
    <property name="java.vendor" value="Oracle Corporation" />
    <property name="env.TRAVIS_PRE_CHEF_BOOTSTRAP_TIME" value="2017-12-05T19:32:55" />
    <property name="env.TRAVIS_STACK_JOB_BOARD_REGISTER" value="/.job-board-register.yml" />
    <property name="env.ELIXIR_VERSION" value="1.4.5" />
    <property name="env.ANSI_RED" value="\033[31;1m" />
    <property name="java.specification.version" value="1.8" />
    <property name="env.TRAVIS" value="true" />
    <property name="env.IRBRC" value="/home/travis/.rvm/rubies/ruby-2.4.1/.irbrc" />
    <property name="sun.arch.data.model" value="64" />
  </properties>
  <testcase classname="ptolemy.util.test.junit.TclTests" name="[0] /home/travis/build/icyphy/ptII/ptolemy/domains/de/test/DependencyLoop.tcl (RunTclFile)" time="0.685" />
  <testcase classname="ptolemy.util.test.junit.TclTests" name="[1] /home/travis/build/icyphy/ptII/ptolemy/domains/de/test/RunDETestsAsQSS.tcl (RunTclFile)" time="85.896" />
  <testcase classname="ptolemy.util.test.junit.AutoKnownFailedTests" name="[0] /home/travis/build/icyphy/ptII/ptolemy/domains/de/test/auto/knownFailedTests/DESDFClockTest.xml (RunModel)" time="2.031" />
  <testcase classname="ptolemy.util.test.junit.AutoKnownFailedTests" name="[1] /home/travis/build/icyphy/ptII/ptolemy/domains/de/test/auto/knownFailedTests/DirectFeedback.xml (RunModel)" time="0.033" />
  <testcase classname="ptolemy.util.test.junit.AutoKnownFailedTests" name="[2] /home/travis/build/icyphy/ptII/ptolemy/domains/de/test/auto/knownFailedTests/FSMSource.xml (RunModel)" time="0.021" />
  <testcase classname="ptolemy.util.test.junit.AutoKnownFailedTests" name="[3] /home/travis/build/icyphy/ptII/ptolemy/domains/de/test/auto/knownFailedTests/HierarchicalModel.xml (RunModel)" time="0.041" />
  <testcase classname="ptolemy.util.test.junit.AutoKnownFailedTests" name="[4] /home/travis/build/icyphy/ptII/ptolemy/domains/de/test/auto/knownFailedTests/dependencyLoop.xml (RunModel)" time="0.03" />
  <testcase classname="ptolemy.util.test.junit.AutoKnownFailedTests" name="[5] /home/travis/build/icyphy/ptII/ptolemy/domains/de/test/auto/knownFailedTests/dependencyLoop2.xml (RunModel)" time="0.038" />
  <testcase classname="ptolemy.util.test.junit.AutoNameArchTests" name="[0] ThereAreNoAutoArchTests (RunModel)" time="0.001" />
  <testcase classname="ptolemy.util.test.junit.AutoTests" name="[0] /home/travis/build/icyphy/ptII/ptolemy/domains/de/test/auto/ActorDepthCalculation_actorWithoutPorts.xml (RunModel)" time="0.019" />
  <testcase classname="ptolemy.util.test.junit.AutoTests" name="[1] /home/travis/build/icyphy/ptII/ptolemy/domains/de/test/auto/AssemblyLine.xml (RunModel)" time="0.02" />
  <testcase classname="ptolemy.util.test.junit.AutoTests" name="[2] /home/travis/build/icyphy/ptII/ptolemy/domains/de/test/auto/CQBug1.xml (RunModel)" time="0.011" />
  <testcase classname="ptolemy.util.test.junit.AutoTests" name="[3] /home/travis/build/icyphy/ptII/ptolemy/domains/de/test/auto/CancelFireAt.xml (RunModel)" time="0.012" />
  <testcase classname="ptolemy.util.test.junit.AutoTests" name="[4] /home/travis/build/icyphy/ptII/ptolemy/domains/de/test/auto/CausalityAndComposabilityAnalysis.xml (RunModel)" time="0.01" />
  <testcase classname="ptolemy.util.test.junit.AutoTests" name="[5] /home/travis/build/icyphy/ptII/ptolemy/domains/de/test/auto/CausalityInterface1.xml (RunModel)" time="0.013" />
  <testcase classname="ptolemy.util.test.junit.AutoTests" name="[6] /home/travis/build/icyphy/ptII/ptolemy/domains/de/test/auto/CausalityInterface15.xml (RunModel)" time="0.013" />
  <testcase classname="ptolemy.util.test.junit.AutoTests" name="[7] /home/travis/build/icyphy/ptII/ptolemy/domains/de/test/auto/CausalityInterface2.xml (RunModel)" time="0.016" />
  <testcase classname="ptolemy.util.test.junit.AutoTests" name="[8] /home/travis/build/icyphy/ptII/ptolemy/domains/de/test/auto/CausalityInterface3.xml (RunModel)" time="0.01" />
  <testcase classname="ptolemy.util.test.junit.AutoTests" name="[9] /home/travis/build/icyphy/ptII/ptolemy/domains/de/test/auto/ClockDrift.xml (RunModel)" time="0.055" />
  <testcase classname="ptolemy.util.test.junit.AutoTests" name="[10] /home/travis/build/icyphy/ptII/ptolemy/domains/de/test/auto/ClockDriftAndValueChange.xml (RunModel)" time="0.03" />
  <testcase classname="ptolemy.util.test.junit.AutoTests" name="[11] /home/travis/build/icyphy/ptII/ptolemy/domains/de/test/auto/ClockDriftChange.xml (RunModel)" time="0.028" />
  <testcase classname="ptolemy.util.test.junit.AutoTests" name="[12] /home/travis/build/icyphy/ptII/ptolemy/domains/de/test/auto/ComposableCausalityAnalysis.xml (RunModel)" time="0.015" />
  <testcase classname="ptolemy.util.test.junit.AutoTests" name="[13] /home/travis/build/icyphy/ptII/ptolemy/domains/de/test/auto/DEFixedPointLimitation.xml (RunModel)" time="0.009" />
  <testcase classname="ptolemy.util.test.junit.AutoTests" name="[14] /home/travis/build/icyphy/ptII/ptolemy/domains/de/test/auto/DEScheduleTest.xml (RunModel)" time="0.034" />
  <testcase classname="ptolemy.util.test.junit.AutoTests" name="[15] /home/travis/build/icyphy/ptII/ptolemy/domains/de/test/auto/DEinDEwithStartTimes.xml (RunModel)" time="0.014" />
  <testcase classname="ptolemy.util.test.junit.AutoTests" name="[16] /home/travis/build/icyphy/ptII/ptolemy/domains/de/test/auto/DEinDEwithStartTimes2.xml (RunModel)" time="0.013" />
  <testcase classname="ptolemy.util.test.junit.AutoTests" name="[17] /home/travis/build/icyphy/ptII/ptolemy/domains/de/test/auto/DateDemo.xml (RunModel)" time="0.039" />
  <testcase classname="ptolemy.util.test.junit.AutoTests" name="[18] /home/travis/build/icyphy/ptII/ptolemy/domains/de/test/auto/DateToEvent.xml (RunModel)" time="2.042" />
  <testcase classname="ptolemy.util.test.junit.AutoTests" name="[19] /home/travis/build/icyphy/ptII/ptolemy/domains/de/test/auto/DepthTest1.xml (RunModel)" time="0.007" />
  <testcase classname="ptolemy.util.test.junit.AutoTests" name="[20] /home/travis/build/icyphy/ptII/ptolemy/domains/de/test/auto/DepthTest2.xml (RunModel)" time="0.014" />
  <testcase classname="ptolemy.util.test.junit.AutoTests" name="[21] /home/travis/build/icyphy/ptII/ptolemy/domains/de/test/auto/DepthTest3.xml (RunModel)" time="0.006" />
  <testcase classname="ptolemy.util.test.junit.AutoTests" name="[22] /home/travis/build/icyphy/ptII/ptolemy/domains/de/test/auto/DepthTest4.xml (RunModel)" time="0.01" />
  <testcase classname="ptolemy.util.test.junit.AutoTests" name="[23] /home/travis/build/icyphy/ptII/ptolemy/domains/de/test/auto/DepthTest5.xml (RunModel)" time="0.012" />
  <testcase classname="ptolemy.util.test.junit.AutoTests" name="[24] /home/travis/build/icyphy/ptII/ptolemy/domains/de/test/auto/DepthTest6.xml (RunModel)" time="0.012" />
  <testcase classname="ptolemy.util.test.junit.AutoTests" name="[25] /home/travis/build/icyphy/ptII/ptolemy/domains/de/test/auto/DepthTest7.xml (RunModel)" time="0.01" />
  <testcase classname="ptolemy.util.test.junit.AutoTests" name="[26] /home/travis/build/icyphy/ptII/ptolemy/domains/de/test/auto/EventToDate.xml (RunModel)" time="3.031" />
  <testcase classname="ptolemy.util.test.junit.AutoTests" name="[27] /home/travis/build/icyphy/ptII/ptolemy/domains/de/test/auto/FSM1.xml (RunModel)" time="0.038" />
  <testcase classname="ptolemy.util.test.junit.AutoTests" name="[28] /home/travis/build/icyphy/ptII/ptolemy/domains/de/test/auto/FSM7.xml (RunModel)" time="0.045" />
  <testcase classname="ptolemy.util.test.junit.AutoTests" name="[29] /home/travis/build/icyphy/ptII/ptolemy/domains/de/test/auto/Inspection.xml (RunModel)" time="0.051" />
  <testcase classname="ptolemy.util.test.junit.AutoTests" name="[30] /home/travis/build/icyphy/ptII/ptolemy/domains/de/test/auto/Iteration.xml (RunModel)" time="0.022" />
  <testcase classname="ptolemy.util.test.junit.AutoTests" name="[31] /home/travis/build/icyphy/ptII/ptolemy/domains/de/test/auto/LineFault.xml (RunModel)" time="0.541" />
  <testcase classname="ptolemy.util.test.junit.AutoTests" name="[32] /home/travis/build/icyphy/ptII/ptolemy/domains/de/test/auto/MergeModel1Add.xml (RunModel)" time="0.038" />
  <testcase classname="ptolemy.util.test.junit.AutoTests" name="[33] /home/travis/build/icyphy/ptII/ptolemy/domains/de/test/auto/MergeModel2Add.xml (RunModel)" time="0.033" />
  <testcase classname="ptolemy.util.test.junit.AutoTests" name="[34] /home/travis/build/icyphy/ptII/ptolemy/domains/de/test/auto/MergeModel3Add.xml (RunModel)" time="0.037" />
  <testcase classname="ptolemy.util.test.junit.AutoTests" name="[35] /home/travis/build/icyphy/ptII/ptolemy/domains/de/test/auto/MergeWithoutDiscard.xml (RunModel)" time="0.009" />
  <testcase classname="ptolemy.util.test.junit.AutoTests" name="[36] /home/travis/build/icyphy/ptII/ptolemy/domains/de/test/auto/Modal1.xml (RunModel)" time="0.029" />
  <testcase classname="ptolemy.util.test.junit.AutoTests" name="[37] /home/travis/build/icyphy/ptII/ptolemy/domains/de/test/auto/Modal2.xml (RunModel)" time="0.025" />
  <testcase classname="ptolemy.util.test.junit.AutoTests" name="[38] /home/travis/build/icyphy/ptII/ptolemy/domains/de/test/auto/Modal3.xml (RunModel)" time="0.031" />
  <testcase classname="ptolemy.util.test.junit.AutoTests" name="[39] /home/travis/build/icyphy/ptII/ptolemy/domains/de/test/auto/Modal4.xml (RunModel)" time="0.026" />
  <testcase classname="ptolemy.util.test.junit.AutoTests" name="[40] /home/travis/build/icyphy/ptII/ptolemy/domains/de/test/auto/Modal5.xml (RunModel)" time="0.025" />
  <testcase classname="ptolemy.util.test.junit.AutoTests" name="[41] /home/travis/build/icyphy/ptII/ptolemy/domains/de/test/auto/Modal6.xml (RunModel)" time="0.022" />
  <testcase classname="ptolemy.util.test.junit.AutoTests" name="[42] /home/travis/build/icyphy/ptII/ptolemy/domains/de/test/auto/Modal7.xml (RunModel)" time="0.03" />
  <testcase classname="ptolemy.util.test.junit.AutoTests" name="[43] /home/travis/build/icyphy/ptII/ptolemy/domains/de/test/auto/ModalModel.xml (RunModel)" time="0.139" />
  <testcase classname="ptolemy.util.test.junit.AutoTests" name="[44] /home/travis/build/icyphy/ptII/ptolemy/domains/de/test/auto/ModalSource.xml (RunModel)" time="0.014" />
  <testcase classname="ptolemy.util.test.junit.AutoTests" name="[45] /home/travis/build/icyphy/ptII/ptolemy/domains/de/test/auto/NonInterruptibleTimerZeroDelay.xml (RunModel)" time="0.008" />
  <testcase classname="ptolemy.util.test.junit.AutoTests" name="[46] /home/travis/build/icyphy/ptII/ptolemy/domains/de/test/auto/OpenQueueingNetwork.xml (RunModel)" time="2.087" />
  <testcase classname="ptolemy.util.test.junit.AutoTests" name="[47] /home/travis/build/icyphy/ptII/ptolemy/domains/de/test/auto/OpenQueuingNetwork.xml (RunModel)" time="0.27" />
  <testcase classname="ptolemy.util.test.junit.AutoTests" name="[48] /home/travis/build/icyphy/ptII/ptolemy/domains/de/test/auto/PeriodicSampler.xml (RunModel)" time="0.007" />
  <testcase classname="ptolemy.util.test.junit.AutoTests" name="[49] /home/travis/build/icyphy/ptII/ptolemy/domains/de/test/auto/PersistentIO.xml (RunModel)" time="0.017" />
  <testcase classname="ptolemy.util.test.junit.AutoTests" name="[50] /home/travis/build/icyphy/ptII/ptolemy/domains/de/test/auto/PortParameterResetOnInitialize.xml (RunModel)" time="0.008" />
  <testcase classname="ptolemy.util.test.junit.AutoTests" name="[51] /home/travis/build/icyphy/ptII/ptolemy/domains/de/test/auto/PortParameterUpdates.xml (RunModel)" time="0.011" />
  <testcase classname="ptolemy.util.test.junit.AutoTests" name="[52] /home/travis/build/icyphy/ptII/ptolemy/domains/de/test/auto/QueueAndServer.xml (RunModel)" time="0.028" />
  <testcase classname="ptolemy.util.test.junit.AutoTests" name="[53] /home/travis/build/icyphy/ptII/ptolemy/domains/de/test/auto/Records.xml (RunModel)" time="0.019" />
  <testcase classname="ptolemy.util.test.junit.AutoTests" name="[54] /home/travis/build/icyphy/ptII/ptolemy/domains/de/test/auto/ResetTransitionWithStartTime1.xml (RunModel)" time="0.015" />
  <testcase classname="ptolemy.util.test.junit.AutoTests" name="[55] /home/travis/build/icyphy/ptII/ptolemy/domains/de/test/auto/ResetTransitionWithStartTime2.xml (RunModel)" time="0.015" />
  <testcase classname="ptolemy.util.test.junit.AutoTests" name="[56] /home/travis/build/icyphy/ptII/ptolemy/domains/de/test/auto/ResetTransitionWithStartTime3.xml (RunModel)" time="0.016" />
  <testcase classname="ptolemy.util.test.junit.AutoTests" name="[57] /home/travis/build/icyphy/ptII/ptolemy/domains/de/test/auto/ResetTransitionWithStartTime4.xml (RunModel)" time="0.013" />
  <testcase classname="ptolemy.util.test.junit.AutoTests" name="[58] /home/travis/build/icyphy/ptII/ptolemy/domains/de/test/auto/ResettableTimer1.xml (RunModel)" time="0.008" />
  <testcase classname="ptolemy.util.test.junit.AutoTests" name="[59] /home/travis/build/icyphy/ptII/ptolemy/domains/de/test/auto/ResettableTimer2.xml (RunModel)" time="0.007" />
  <testcase classname="ptolemy.util.test.junit.AutoTests" name="[60] /home/travis/build/icyphy/ptII/ptolemy/domains/de/test/auto/ResettableTimer3.xml (RunModel)" time="0.007" />
  <testcase classname="ptolemy.util.test.junit.AutoTests" name="[61] /home/travis/build/icyphy/ptII/ptolemy/domains/de/test/auto/ResettableTimer4.xml (RunModel)" time="0.007" />
  <testcase classname="ptolemy.util.test.junit.AutoTests" name="[62] /home/travis/build/icyphy/ptII/ptolemy/domains/de/test/auto/ResettableTimer5.xml (RunModel)" time="0.007" />
  <testcase classname="ptolemy.util.test.junit.AutoTests" name="[63] /home/travis/build/icyphy/ptII/ptolemy/domains/de/test/auto/ResettableTimer6.xml (RunModel)" time="0.017" />
  <testcase classname="ptolemy.util.test.junit.AutoTests" name="[64] /home/travis/build/icyphy/ptII/ptolemy/domains/de/test/auto/ServerZeroDelay.xml (RunModel)" time="0.009" />
  <testcase classname="ptolemy.util.test.junit.AutoTests" name="[65] /home/travis/build/icyphy/ptII/ptolemy/domains/de/test/auto/SmartSender.xml (RunModel)" time="3.015" />
  <testcase classname="ptolemy.util.test.junit.AutoTests" name="[66] /home/travis/build/icyphy/ptII/ptolemy/domains/de/test/auto/ThreadedComposite.xml (RunModel)" time="1.297" />
  <testcase classname="ptolemy.util.test.junit.AutoTests" name="[67] /home/travis/build/icyphy/ptII/ptolemy/domains/de/test/auto/Time.xml (RunModel)" time="0.431" />
  <testcase classname="ptolemy.util.test.junit.AutoTests" name="[68] /home/travis/build/icyphy/ptII/ptolemy/domains/de/test/auto/TimeDelayZeroDelay.xml (RunModel)" time="0.016" />
  <testcase classname="ptolemy.util.test.junit.AutoTests" name="[69] /home/travis/build/icyphy/ptII/ptolemy/domains/de/test/auto/TimerZeroDelay.xml (RunModel)" time="0.013" />
  <testcase classname="ptolemy.util.test.junit.AutoTests" name="[70] /home/travis/build/icyphy/ptII/ptolemy/domains/de/test/auto/TimingParadox.xml (RunModel)" time="0.343" />
  <testcase classname="ptolemy.util.test.junit.AutoTests" name="[71] /home/travis/build/icyphy/ptII/ptolemy/domains/de/test/auto/TransferInputs.xml (RunModel)" time="0.014" />
  <testcase classname="ptolemy.util.test.junit.AutoTests" name="[72] /home/travis/build/icyphy/ptII/ptolemy/domains/de/test/auto/TransferOutputs2.xml (RunModel)" time="0.016" />
  <testcase classname="ptolemy.util.test.junit.AutoTests" name="[73] /home/travis/build/icyphy/ptII/ptolemy/domains/de/test/auto/Trilateration.xml (RunModel)" time="10.613" />
  <testcase classname="ptolemy.util.test.junit.AutoTests" name="[74] /home/travis/build/icyphy/ptII/ptolemy/domains/de/test/auto/TwoSigmaDelta.xml (RunModel)" time="1.929" />
  <testcase classname="ptolemy.util.test.junit.AutoTests" name="[75] /home/travis/build/icyphy/ptII/ptolemy/domains/de/test/auto/VariableDelay.xml (RunModel)" time="0.012" />
  <testcase classname="ptolemy.util.test.junit.AutoTests" name="[76] /home/travis/build/icyphy/ptII/ptolemy/domains/de/test/auto/VariableDelay2.xml (RunModel)" time="0.007" />
  <testcase classname="ptolemy.util.test.junit.AutoTests" name="[77] /home/travis/build/icyphy/ptII/ptolemy/domains/de/test/auto/VariableDelayZeroDelay.xml (RunModel)" time="0.008" />
  <testcase classname="ptolemy.util.test.junit.AutoTests" name="[78] /home/travis/build/icyphy/ptII/ptolemy/domains/de/test/auto/VariableDelayZeroDelay2.xml (RunModel)" time="0.008" />
  <testcase classname="ptolemy.util.test.junit.AutoTests" name="[79] /home/travis/build/icyphy/ptII/ptolemy/domains/de/test/auto/deInCt.xml (RunModel)" time="0.011" />
  <testcase classname="ptolemy.util.test.junit.AutoTests" name="[80] /home/travis/build/icyphy/ptII/ptolemy/domains/de/test/auto/deInCt2.xml (RunModel)" time="0.011" />
  <testcase classname="ptolemy.util.test.junit.AutoTests" name="[81] /home/travis/build/icyphy/ptII/ptolemy/domains/de/test/auto/dynamicCausalityInterface1.xml (RunModel)" time="0.016" />
  <testcase classname="ptolemy.util.test.junit.AutoTests" name="[82] /home/travis/build/icyphy/ptII/ptolemy/domains/de/test/auto/fsm_de_test.xml (RunModel)" time="0.021" />
  <testcase classname="ptolemy.util.test.junit.AutoTests" name="[83] /home/travis/build/icyphy/ptII/ptolemy/domains/de/test/auto/functionDependencyReconstruction.xml (RunModel)" time="0.035" />
  <testcase classname="ptolemy.util.test.junit.AutoTests" name="[84] /home/travis/build/icyphy/ptII/ptolemy/domains/de/test/auto/multirate.xml (RunModel)" time="0.013" />
  <testcase classname="ptolemy.util.test.junit.AutoTests" name="[85] /home/travis/build/icyphy/ptII/ptolemy/domains/de/test/auto/multirate2.xml (RunModel)" time="0.012" />
  <testcase classname="ptolemy.util.test.junit.AutoTests" name="[86] /home/travis/build/icyphy/ptII/ptolemy/domains/de/test/auto/realtime.xml (RunModel)" time="10.009" />
  <testcase classname="ptolemy.util.test.junit.AutoTests" name="[87] /home/travis/build/icyphy/ptII/ptolemy/domains/de/test/auto/relationGroup.xml (RunModel)" time="0.009" />
  <testcase classname="ptolemy.util.test.junit.AutoTests" name="[88] /home/travis/build/icyphy/ptII/ptolemy/domains/de/test/auto/relationGroup2.xml (RunModel)" time="0.005" />
  <testcase classname="ptolemy.util.test.junit.AutoTests" name="[89] /home/travis/build/icyphy/ptII/ptolemy/domains/de/test/auto/sortWithOpaquePorts.xml (RunModel)" time="0.005" />
  <testcase classname="ptolemy.util.test.junit.AutoTests" name="[90] /home/travis/build/icyphy/ptII/ptolemy/domains/de/test/auto/transferInputsandOutputs.xml (RunModel)" time="0.016" />
  <testcase classname="ptolemy.util.test.junit.AutoTests" name="[91] /home/travis/build/icyphy/ptII/ptolemy/domains/de/test/auto/triggerType.xml (RunModel)" time="0.008" />
  <system-out><![CDATA[/home/travis/build/icyphy/ptII/ptolemy/domains/de/test/DependencyLoop.tcl
testDefs.tcl: setting time out to 9000 seconds at Thu Oct 18 02:34:08 UTC 2018
14 ms. Memory: 116224K Free: 93465K (80%)
7 ms. Memory: 146944K Free: 135535K (92%)
/home/travis/build/icyphy/ptII/ptolemy/domains/de/test/RunDETestsAsQSS.tcl
Run the DE tests using ptolemy.domains.qss.test.QSSDirectorTest, which extends QSSDirector and prints a message in the constructors.
------------------ testing $PTII/ptolemy/domains/de/test/auto/knownFailedTests/dependencyLoop.xml (Known Failure) 
10 ms. Memory: 146944K Free: 132422K (90%)


==== $PTIIhome/travis/build/icyphy/ptII/ptolemy/domains/de/test/../../../../: Auto Automatic test in file $PTII/ptolemy/domains/de/test/auto/knownFailedTests/dependencyLoop.xml
==== Contents of test case:

	    # FIXME: we should use $relativeFilename here, but it
	    # might have backslashes under Windows, which causes no end
	    # of trouble.
	    createAndExecute $file
	    list {}
	
.... Test generated KNOWN error:
    while executing
ptolemy.kernel.util.IllegalActionException: Found a zero delay loop containing .dependencyLoop.original
  in .dependencyLoop and .dependencyLoop.original
	at ptolemy.actor.util.CausalityInterfaceForComposites._computeOutputPortDepth(CausalityInterfaceForComposites.java:759)
	at ptolemy.actor.util.CausalityInterfaceForComposites._computeInputDepth(CausalityInterfaceForComposites.java:696)
	at ptolemy.actor.util.CausalityInterfaceForComposites._computeOutputPortDepth(CausalityInterfaceForComposites.java:765)
	at ptolemy.actor.util.CausalityInterfaceForComposites._computeInputDepth(CausalityInterfaceForComposites.java:696)
	at ptolemy.actor.util.CausalityInterfaceForComposites._computeOutputPortDepth(CausalityInterfaceForComposites.java:765)
	at ptolemy.actor.util.CausalityInterfaceForComposites._computeInputDepth(CausalityInterfaceForComposites.java:696)
	at ptolemy.actor.util.CausalityInterfaceForComposites._computeActorDepth(CausalityInterfaceForComposites.java:532)
	at ptolemy.actor.util.CausalityInterfaceForComposites.checkForCycles(CausalityInterfaceForComposites.java:96)
	at ptolemy.domains.de.kernel.DEDirector.preinitialize(DEDirector.java:1338)
	at ptolemy.actor.CompositeActor.preinitialize(CompositeActor.java:1828)
	at ptolemy.actor.Manager.preinitializeAndResolveTypes(Manager.java:1040)
	at ptolemy.actor.Manager.initialize(Manager.java:710)
	at ptolemy.actor.Manager.execute(Manager.java:356)
	at ptolemy.actor.Manager.run(Manager.java:1263)
	at ptolemy.actor.Manager$PtolemyRunThread.run(Manager.java:1915)

    while executing
ptolemy.kernel.util.IllegalActionException: Found a zero delay loop containing .dependencyLoop.original
  in .dependencyLoop and .dependencyLoop.original
    while executing
"java::new ptolemy.moml.MoMLSimpleApplication $file
"
    (procedure "createAndExecute" line 2)
    invoked from within
"createAndExecute $file"
    ("uplevel" body line 5)
    invoked from within
"uplevel $contents_of_test"
------------------ testing $PTII/ptolemy/domains/de/test/auto/knownFailedTests/DESDFClockTest.xml (Known Failure) 
2062 ms. Memory: 146944K Free: 116693K (79%)


==== $PTIIhome/travis/build/icyphy/ptII/ptolemy/domains/de/test/../../../../: Auto Automatic test in file $PTII/ptolemy/domains/de/test/auto/knownFailedTests/DESDFClockTest.xml
==== Contents of test case:

	    # FIXME: we should use $relativeFilename here, but it
	    # might have backslashes under Windows, which causes no end
	    # of trouble.
	    createAndExecute $file
	    list {}
	
.... Test generated KNOWN error:
    while executing
ptolemy.kernel.util.IllegalActionException: Actor is not ready to fire.  Perhaps UpSample.prefire() returned false? Try debugging the actor by selecting "Listen to Actor".  Also, for SDF check moml for tokenConsumptionRate on input.
  in .DESDFClockTest.Play Bell.Copy1:SDF Director and .DESDFClockTest.Play Bell.UpSample
	at ptolemy.actor.sched.StaticSchedulingDirector.fire(StaticSchedulingDirector.java:227)
	at ptolemy.domains.sdf.kernel.SDFDirector.fire(SDFDirector.java:500)
	at ptolemy.actor.CompositeActor.fire(CompositeActor.java:455)
	at ptolemy.domains.de.kernel.DEDirector._fire(DEDirector.java:1949)
	at ptolemy.domains.de.kernel.DEDirector.fire(DEDirector.java:502)
	at ptolemy.actor.CompositeActor.fire(CompositeActor.java:455)
	at ptolemy.actor.Manager.iterate(Manager.java:851)
	at ptolemy.actor.Manager.execute(Manager.java:369)
	at ptolemy.actor.Manager.run(Manager.java:1263)
	at ptolemy.actor.Manager$PtolemyRunThread.run(Manager.java:1915)

    while executing
ptolemy.kernel.util.IllegalActionException: Actor is not ready to fire.  Perhaps UpSample.prefire() returned false? Try debugging the actor by selecting "Listen to Actor".  Also, for SDF check moml for tokenConsumptionRate on input.
  in .DESDFClockTest.Play Bell.Copy1:SDF Director and .DESDFClockTest.Play Bell.UpSample
    while executing
"java::new ptolemy.moml.MoMLSimpleApplication $file
"
    (procedure "createAndExecute" line 2)
    invoked from within
"createAndExecute $file"
    ("uplevel" body line 5)
    invoked from within
"uplevel $contents_of_test"
------------------ testing $PTII/ptolemy/domains/de/test/auto/knownFailedTests/FSMSource.xml (Known Failure) 
21 ms. Memory: 146944K Free: 107815K (73%)
!!!! Auto was marked as failing, but now passes
------------------ testing $PTII/ptolemy/domains/de/test/auto/knownFailedTests/dependencyLoop2.xml (Known Failure) 
4 ms. Memory: 146944K Free: 105932K (72%)


==== $PTIIhome/travis/build/icyphy/ptII/ptolemy/domains/de/test/../../../../: Auto Automatic test in file $PTII/ptolemy/domains/de/test/auto/knownFailedTests/dependencyLoop2.xml
==== Contents of test case:

	    # FIXME: we should use $relativeFilename here, but it
	    # might have backslashes under Windows, which causes no end
	    # of trouble.
	    createAndExecute $file
	    list {}
	
.... Test generated KNOWN error:
    while executing
ptolemy.kernel.util.IllegalActionException: Found a zero delay loop containing .dependencyLoop2.original
  in .dependencyLoop2 and .dependencyLoop2.original
	at ptolemy.actor.util.CausalityInterfaceForComposites._computeOutputPortDepth(CausalityInterfaceForComposites.java:759)
	at ptolemy.actor.util.CausalityInterfaceForComposites._computeInputDepth(CausalityInterfaceForComposites.java:696)
	at ptolemy.actor.util.CausalityInterfaceForComposites._computeOutputPortDepth(CausalityInterfaceForComposites.java:765)
	at ptolemy.actor.util.CausalityInterfaceForComposites._computeInputDepth(CausalityInterfaceForComposites.java:696)
	at ptolemy.actor.util.CausalityInterfaceForComposites._computeOutputPortDepth(CausalityInterfaceForComposites.java:765)
	at ptolemy.actor.util.CausalityInterfaceForComposites._computeInputDepth(CausalityInterfaceForComposites.java:696)
	at ptolemy.actor.util.CausalityInterfaceForComposites._computeActorDepth(CausalityInterfaceForComposites.java:532)
	at ptolemy.actor.util.CausalityInterfaceForComposites.checkForCycles(CausalityInterfaceForComposites.java:96)
	at ptolemy.domains.de.kernel.DEDirector.preinitialize(DEDirector.java:1338)
	at ptolemy.actor.CompositeActor.preinitialize(CompositeActor.java:1828)
	at ptolemy.actor.Manager.preinitializeAndResolveTypes(Manager.java:1040)
	at ptolemy.actor.Manager.initialize(Manager.java:710)
	at ptolemy.actor.Manager.execute(Manager.java:356)
	at ptolemy.actor.Manager.run(Manager.java:1263)
	at ptolemy.actor.Manager$PtolemyRunThread.run(Manager.java:1915)

    while executing
ptolemy.kernel.util.IllegalActionException: Found a zero delay loop containing .dependencyLoop2.original
  in .dependencyLoop2 and .dependencyLoop2.original
    while executing
"java::new ptolemy.moml.MoMLSimpleApplication $file
"
    (procedure "createAndExecute" line 2)
    invoked from within
"createAndExecute $file"
    ("uplevel" body line 5)
    invoked from within
"uplevel $contents_of_test"
------------------ testing $PTII/ptolemy/domains/de/test/auto/knownFailedTests/HierarchicalModel.xml (Known Failure) 
6 ms. Memory: 146944K Free: 84382K (57%)


==== $PTIIhome/travis/build/icyphy/ptII/ptolemy/domains/de/test/../../../../: Auto Automatic test in file $PTII/ptolemy/domains/de/test/auto/knownFailedTests/HierarchicalModel.xml
==== Contents of test case:

	    # FIXME: we should use $relativeFilename here, but it
	    # might have backslashes under Windows, which causes no end
	    # of trouble.
	    createAndExecute $file
	    list {}
	
.... Test generated KNOWN error:
    while executing
ptolemy.kernel.util.IllegalActionException: Found a zero delay loop containing .HierarchicalModel.A
  in .HierarchicalModel and .HierarchicalModel.A
	at ptolemy.actor.util.CausalityInterfaceForComposites._computeOutputPortDepth(CausalityInterfaceForComposites.java:759)
	at ptolemy.actor.util.CausalityInterfaceForComposites._computeInputDepth(CausalityInterfaceForComposites.java:696)
	at ptolemy.actor.util.CausalityInterfaceForComposites._computeOutputPortDepth(CausalityInterfaceForComposites.java:765)
	at ptolemy.actor.util.CausalityInterfaceForComposites._computeInputDepth(CausalityInterfaceForComposites.java:696)
	at ptolemy.actor.util.CausalityInterfaceForComposites._computeOutputPortDepth(CausalityInterfaceForComposites.java:765)
	at ptolemy.actor.util.CausalityInterfaceForComposites._computeInputDepth(CausalityInterfaceForComposites.java:696)
	at ptolemy.actor.util.CausalityInterfaceForComposites._computeActorDepth(CausalityInterfaceForComposites.java:532)
	at ptolemy.actor.util.CausalityInterfaceForComposites.checkForCycles(CausalityInterfaceForComposites.java:96)
	at ptolemy.domains.de.kernel.DEDirector.preinitialize(DEDirector.java:1338)
	at ptolemy.actor.CompositeActor.preinitialize(CompositeActor.java:1828)
	at ptolemy.actor.Manager.preinitializeAndResolveTypes(Manager.java:1040)
	at ptolemy.actor.Manager.initialize(Manager.java:710)
	at ptolemy.actor.Manager.execute(Manager.java:356)
	at ptolemy.actor.Manager.run(Manager.java:1263)
	at ptolemy.actor.Manager$PtolemyRunThread.run(Manager.java:1915)

    while executing
ptolemy.kernel.util.IllegalActionException: Found a zero delay loop containing .HierarchicalModel.A
  in .HierarchicalModel and .HierarchicalModel.A
    while executing
"java::new ptolemy.moml.MoMLSimpleApplication $file
"
    (procedure "createAndExecute" line 2)
    invoked from within
"createAndExecute $file"
    ("uplevel" body line 5)
    invoked from within
"uplevel $contents_of_test"
------------------ testing $PTII/ptolemy/domains/de/test/auto/knownFailedTests/DirectFeedback.xml (Known Failure) 
4 ms. Memory: 146944K Free: 141122K (96%)


==== $PTIIhome/travis/build/icyphy/ptII/ptolemy/domains/de/test/../../../../: Auto Automatic test in file $PTII/ptolemy/domains/de/test/auto/knownFailedTests/DirectFeedback.xml
==== Contents of test case:

	    # FIXME: we should use $relativeFilename here, but it
	    # might have backslashes under Windows, which causes no end
	    # of trouble.
	    createAndExecute $file
	    list {}
	
.... Test generated KNOWN error:
    while executing
ptolemy.kernel.util.IllegalActionException: Test fails in iteration 1.
Value was: 1.0. Should have been: 2.0
  in .DirectFeedback.Test
	at ptolemy.actor.lib.Test.fire(Test.java:268)
	at ptolemy.domains.de.kernel.DEDirector._fire(DEDirector.java:1949)
	at ptolemy.domains.de.kernel.DEDirector.fire(DEDirector.java:502)
	at ptolemy.actor.CompositeActor.fire(CompositeActor.java:455)
	at ptolemy.actor.Manager.iterate(Manager.java:851)
	at ptolemy.actor.Manager.execute(Manager.java:369)
	at ptolemy.actor.Manager.run(Manager.java:1263)
	at ptolemy.actor.Manager$PtolemyRunThread.run(Manager.java:1915)

    while executing
ptolemy.kernel.util.IllegalActionException: Test fails in iteration 1.
Value was: 1.0. Should have been: 2.0
  in .DirectFeedback.Test
    while executing
"java::new ptolemy.moml.MoMLSimpleApplication $file
"
    (procedure "createAndExecute" line 2)
    invoked from within
"createAndExecute $file"
    ("uplevel" body line 5)
    invoked from within
"uplevel $contents_of_test"
------------------ testing $PTII/ptolemy/domains/de/test/auto/ActorDepthCalculation_actorWithoutPorts.xml
auto.tcl: Setting watchdog for 200 seconds at Thu Oct 18 02:34:11 UTC 2018
7 ms. Memory: 146944K Free: 132420K (90%)
ptolemy.util.test.WatchDog.cancel(): canceling Thu Oct 18 02:34:11 UTC 2018
auto.tcl: Setting watchdog for 200 seconds at Thu Oct 18 02:34:11 UTC 2018
4 ms. Memory: 146944K Free: 131380K (89%)
ptolemy.util.test.WatchDog.cancel(): canceling Thu Oct 18 02:34:11 UTC 2018
------------------ testing $PTII/ptolemy/domains/de/test/auto/AssemblyLine.xml
auto.tcl: Setting watchdog for 200 seconds at Thu Oct 18 02:34:11 UTC 2018
15 ms. Memory: 208384K Free: 182820K (88%)
ptolemy.util.test.WatchDog.cancel(): canceling Thu Oct 18 02:34:11 UTC 2018
auto.tcl: Setting watchdog for 200 seconds at Thu Oct 18 02:34:11 UTC 2018
6 ms. Memory: 208384K Free: 182820K (88%)
ptolemy.util.test.WatchDog.cancel(): canceling Thu Oct 18 02:34:11 UTC 2018
------------------ testing $PTII/ptolemy/domains/de/test/auto/CQBug1.xml
auto.tcl: Setting watchdog for 200 seconds at Thu Oct 18 02:34:11 UTC 2018
2 ms. Memory: 208384K Free: 197701K (95%)
ptolemy.util.test.WatchDog.cancel(): canceling Thu Oct 18 02:34:11 UTC 2018
auto.tcl: Setting watchdog for 200 seconds at Thu Oct 18 02:34:11 UTC 2018
2 ms. Memory: 208384K Free: 197701K (95%)
ptolemy.util.test.WatchDog.cancel(): canceling Thu Oct 18 02:34:11 UTC 2018
------------------ testing $PTII/ptolemy/domains/de/test/auto/CancelFireAt.xml
auto.tcl: Setting watchdog for 200 seconds at Thu Oct 18 02:34:11 UTC 2018
4 ms. Memory: 208384K Free: 201424K (97%)
ptolemy.util.test.WatchDog.cancel(): canceling Thu Oct 18 02:34:11 UTC 2018
auto.tcl: Setting watchdog for 200 seconds at Thu Oct 18 02:34:11 UTC 2018
6 ms. Memory: 208384K Free: 199321K (96%)
ptolemy.util.test.WatchDog.cancel(): canceling Thu Oct 18 02:34:11 UTC 2018
------------------ testing $PTII/ptolemy/domains/de/test/auto/CausalityAndComposabilityAnalysis.xml
auto.tcl: Setting watchdog for 200 seconds at Thu Oct 18 02:34:12 UTC 2018
32 ms. Memory: 208384K Free: 196479K (94%)
ptolemy.util.test.WatchDog.cancel(): canceling Thu Oct 18 02:34:12 UTC 2018
auto.tcl: Setting watchdog for 200 seconds at Thu Oct 18 02:34:12 UTC 2018
5 ms. Memory: 208384K Free: 196479K (94%)
ptolemy.util.test.WatchDog.cancel(): canceling Thu Oct 18 02:34:12 UTC 2018
------------------ testing $PTII/ptolemy/domains/de/test/auto/CausalityInterface1.xml
auto.tcl: Setting watchdog for 200 seconds at Thu Oct 18 02:34:12 UTC 2018
13 ms. Memory: 208384K Free: 196417K (94%)
ptolemy.util.test.WatchDog.cancel(): canceling Thu Oct 18 02:34:12 UTC 2018
auto.tcl: Setting watchdog for 200 seconds at Thu Oct 18 02:34:12 UTC 2018
4 ms. Memory: 208384K Free: 196417K (94%)
ptolemy.util.test.WatchDog.cancel(): canceling Thu Oct 18 02:34:12 UTC 2018
------------------ testing $PTII/ptolemy/domains/de/test/auto/CausalityInterface15.xml
auto.tcl: Setting watchdog for 200 seconds at Thu Oct 18 02:34:12 UTC 2018
9 ms. Memory: 208384K Free: 196407K (94%)
ptolemy.util.test.WatchDog.cancel(): canceling Thu Oct 18 02:34:12 UTC 2018
auto.tcl: Setting watchdog for 200 seconds at Thu Oct 18 02:34:12 UTC 2018
7 ms. Memory: 208384K Free: 196407K (94%)
ptolemy.util.test.WatchDog.cancel(): canceling Thu Oct 18 02:34:12 UTC 2018
------------------ testing $PTII/ptolemy/domains/de/test/auto/CausalityInterface2.xml
auto.tcl: Setting watchdog for 200 seconds at Thu Oct 18 02:34:12 UTC 2018
9 ms. Memory: 208384K Free: 196391K (94%)
ptolemy.util.test.WatchDog.cancel(): canceling Thu Oct 18 02:34:12 UTC 2018
auto.tcl: Setting watchdog for 200 seconds at Thu Oct 18 02:34:12 UTC 2018
7 ms. Memory: 208384K Free: 196391K (94%)
ptolemy.util.test.WatchDog.cancel(): canceling Thu Oct 18 02:34:12 UTC 2018
------------------ testing $PTII/ptolemy/domains/de/test/auto/CausalityInterface3.xml
auto.tcl: Setting watchdog for 200 seconds at Thu Oct 18 02:34:12 UTC 2018
4 ms. Memory: 208384K Free: 196403K (94%)
ptolemy.util.test.WatchDog.cancel(): canceling Thu Oct 18 02:34:12 UTC 2018
auto.tcl: Setting watchdog for 200 seconds at Thu Oct 18 02:34:12 UTC 2018
3 ms. Memory: 208384K Free: 196403K (94%)
ptolemy.util.test.WatchDog.cancel(): canceling Thu Oct 18 02:34:12 UTC 2018
------------------ testing $PTII/ptolemy/domains/de/test/auto/ClockDrift.xml
auto.tcl: Setting watchdog for 200 seconds at Thu Oct 18 02:34:12 UTC 2018
90 ms. Memory: 208384K Free: 187626K (90%)
ptolemy.util.test.WatchDog.cancel(): canceling Thu Oct 18 02:34:12 UTC 2018
auto.tcl: Setting watchdog for 200 seconds at Thu Oct 18 02:34:12 UTC 2018
61 ms. Memory: 208384K Free: 185523K (89%)
ptolemy.util.test.WatchDog.cancel(): canceling Thu Oct 18 02:34:12 UTC 2018
------------------ testing $PTII/ptolemy/domains/de/test/auto/ClockDriftAndValueChange.xml
auto.tcl: Setting watchdog for 200 seconds at Thu Oct 18 02:34:12 UTC 2018
53 ms. Memory: 208384K Free: 187458K (90%)
ptolemy.util.test.WatchDog.cancel(): canceling Thu Oct 18 02:34:12 UTC 2018
auto.tcl: Setting watchdog for 200 seconds at Thu Oct 18 02:34:12 UTC 2018
25 ms. Memory: 208384K Free: 185355K (89%)
ptolemy.util.test.WatchDog.cancel(): canceling Thu Oct 18 02:34:13 UTC 2018
------------------ testing $PTII/ptolemy/domains/de/test/auto/ClockDriftChange.xml
auto.tcl: Setting watchdog for 200 seconds at Thu Oct 18 02:34:13 UTC 2018
36 ms. Memory: 208384K Free: 190534K (91%)
ptolemy.util.test.WatchDog.cancel(): canceling Thu Oct 18 02:34:13 UTC 2018
auto.tcl: Setting watchdog for 200 seconds at Thu Oct 18 02:34:13 UTC 2018
20 ms. Memory: 208384K Free: 188431K (90%)
ptolemy.util.test.WatchDog.cancel(): canceling Thu Oct 18 02:34:13 UTC 2018
------------------ testing $PTII/ptolemy/domains/de/test/auto/ComposableCausalityAnalysis.xml
auto.tcl: Setting watchdog for 200 seconds at Thu Oct 18 02:34:13 UTC 2018
2 ms. Memory: 208384K Free: 196097K (94%)
ptolemy.util.test.WatchDog.cancel(): canceling Thu Oct 18 02:34:13 UTC 2018
auto.tcl: Setting watchdog for 200 seconds at Thu Oct 18 02:34:13 UTC 2018
1 ms. Memory: 208384K Free: 193994K (93%)
ptolemy.util.test.WatchDog.cancel(): canceling Thu Oct 18 02:34:13 UTC 2018
------------------ testing $PTII/ptolemy/domains/de/test/auto/DEFixedPointLimitation.xml
auto.tcl: Setting watchdog for 200 seconds at Thu Oct 18 02:34:13 UTC 2018
1 ms. Memory: 208384K Free: 195839K (94%)
ptolemy.util.test.WatchDog.cancel(): canceling Thu Oct 18 02:34:13 UTC 2018
auto.tcl: Setting watchdog for 200 seconds at Thu Oct 18 02:34:13 UTC 2018
1 ms. Memory: 208384K Free: 195839K (94%)
ptolemy.util.test.WatchDog.cancel(): canceling Thu Oct 18 02:34:13 UTC 2018
------------------ testing $PTII/ptolemy/domains/de/test/auto/DEScheduleTest.xml
auto.tcl: Setting watchdog for 200 seconds at Thu Oct 18 02:34:13 UTC 2018
3 ms. Memory: 208384K Free: 197978K (95%)
ptolemy.util.test.WatchDog.cancel(): canceling Thu Oct 18 02:34:13 UTC 2018
auto.tcl: Setting watchdog for 200 seconds at Thu Oct 18 02:34:13 UTC 2018
3 ms. Memory: 208384K Free: 195875K (94%)
ptolemy.util.test.WatchDog.cancel(): canceling Thu Oct 18 02:34:13 UTC 2018
------------------ testing $PTII/ptolemy/domains/de/test/auto/DEinDEwithStartTimes.xml
auto.tcl: Setting watchdog for 200 seconds at Thu Oct 18 02:34:13 UTC 2018
5 ms. Memory: 208384K Free: 195845K (94%)
ptolemy.util.test.WatchDog.cancel(): canceling Thu Oct 18 02:34:13 UTC 2018
auto.tcl: Setting watchdog for 200 seconds at Thu Oct 18 02:34:13 UTC 2018
3 ms. Memory: 208384K Free: 193742K (93%)
ptolemy.util.test.WatchDog.cancel(): canceling Thu Oct 18 02:34:13 UTC 2018
------------------ testing $PTII/ptolemy/domains/de/test/auto/DEinDEwithStartTimes2.xml
auto.tcl: Setting watchdog for 200 seconds at Thu Oct 18 02:34:13 UTC 2018
5 ms. Memory: 208384K Free: 196163K (94%)
ptolemy.util.test.WatchDog.cancel(): canceling Thu Oct 18 02:34:13 UTC 2018
auto.tcl: Setting watchdog for 200 seconds at Thu Oct 18 02:34:13 UTC 2018
3 ms. Memory: 208384K Free: 193722K (93%)
ptolemy.util.test.WatchDog.cancel(): canceling Thu Oct 18 02:34:13 UTC 2018
------------------ testing $PTII/ptolemy/domains/de/test/auto/DateDemo.xml
auto.tcl: Setting watchdog for 200 seconds at Thu Oct 18 02:34:13 UTC 2018
8 ms. Memory: 208384K Free: 188245K (90%)
ptolemy.util.test.WatchDog.cancel(): canceling Thu Oct 18 02:34:13 UTC 2018
auto.tcl: Setting watchdog for 200 seconds at Thu Oct 18 02:34:13 UTC 2018
6 ms. Memory: 208384K Free: 186142K (89%)
ptolemy.util.test.WatchDog.cancel(): canceling Thu Oct 18 02:34:13 UTC 2018
------------------ testing $PTII/ptolemy/domains/de/test/auto/DateToEvent.xml
auto.tcl: Setting watchdog for 200 seconds at Thu Oct 18 02:34:13 UTC 2018
2009 ms. Memory: 208384K Free: 182959K (88%)
ptolemy.util.test.WatchDog.cancel(): canceling Thu Oct 18 02:34:15 UTC 2018
auto.tcl: Setting watchdog for 200 seconds at Thu Oct 18 02:34:15 UTC 2018
2004 ms. Memory: 208384K Free: 182959K (88%)
ptolemy.util.test.WatchDog.cancel(): canceling Thu Oct 18 02:34:17 UTC 2018
------------------ testing $PTII/ptolemy/domains/de/test/auto/DepthTest1.xml
auto.tcl: Setting watchdog for 200 seconds at Thu Oct 18 02:34:17 UTC 2018
3 ms. Memory: 208384K Free: 195386K (94%)
ptolemy.util.test.WatchDog.cancel(): canceling Thu Oct 18 02:34:17 UTC 2018
auto.tcl: Setting watchdog for 200 seconds at Thu Oct 18 02:34:17 UTC 2018
2 ms. Memory: 208384K Free: 195386K (94%)
ptolemy.util.test.WatchDog.cancel(): canceling Thu Oct 18 02:34:17 UTC 2018
------------------ testing $PTII/ptolemy/domains/de/test/auto/DepthTest2.xml
auto.tcl: Setting watchdog for 200 seconds at Thu Oct 18 02:34:17 UTC 2018
5 ms. Memory: 208384K Free: 193702K (93%)
ptolemy.util.test.WatchDog.cancel(): canceling Thu Oct 18 02:34:17 UTC 2018
auto.tcl: Setting watchdog for 200 seconds at Thu Oct 18 02:34:17 UTC 2018
2 ms. Memory: 208384K Free: 193702K (93%)
ptolemy.util.test.WatchDog.cancel(): canceling Thu Oct 18 02:34:17 UTC 2018
------------------ testing $PTII/ptolemy/domains/de/test/auto/DepthTest3.xml
auto.tcl: Setting watchdog for 200 seconds at Thu Oct 18 02:34:18 UTC 2018
3 ms. Memory: 208384K Free: 197841K (95%)
ptolemy.util.test.WatchDog.cancel(): canceling Thu Oct 18 02:34:18 UTC 2018
auto.tcl: Setting watchdog for 200 seconds at Thu Oct 18 02:34:18 UTC 2018
4 ms. Memory: 208384K Free: 197841K (95%)
ptolemy.util.test.WatchDog.cancel(): canceling Thu Oct 18 02:34:18 UTC 2018
------------------ testing $PTII/ptolemy/domains/de/test/auto/DepthTest4.xml
auto.tcl: Setting watchdog for 200 seconds at Thu Oct 18 02:34:18 UTC 2018
4 ms. Memory: 208384K Free: 195825K (94%)
ptolemy.util.test.WatchDog.cancel(): canceling Thu Oct 18 02:34:18 UTC 2018
auto.tcl: Setting watchdog for 200 seconds at Thu Oct 18 02:34:18 UTC 2018
2 ms. Memory: 208384K Free: 195825K (94%)
ptolemy.util.test.WatchDog.cancel(): canceling Thu Oct 18 02:34:18 UTC 2018
------------------ testing $PTII/ptolemy/domains/de/test/auto/DepthTest5.xml
auto.tcl: Setting watchdog for 200 seconds at Thu Oct 18 02:34:18 UTC 2018
5 ms. Memory: 208384K Free: 196094K (94%)
ptolemy.util.test.WatchDog.cancel(): canceling Thu Oct 18 02:34:18 UTC 2018
auto.tcl: Setting watchdog for 200 seconds at Thu Oct 18 02:34:18 UTC 2018
2 ms. Memory: 208384K Free: 196094K (94%)
ptolemy.util.test.WatchDog.cancel(): canceling Thu Oct 18 02:34:18 UTC 2018
------------------ testing $PTII/ptolemy/domains/de/test/auto/DepthTest6.xml
auto.tcl: Setting watchdog for 200 seconds at Thu Oct 18 02:34:18 UTC 2018
6 ms. Memory: 208384K Free: 196086K (94%)
ptolemy.util.test.WatchDog.cancel(): canceling Thu Oct 18 02:34:18 UTC 2018
auto.tcl: Setting watchdog for 200 seconds at Thu Oct 18 02:34:18 UTC 2018
2 ms. Memory: 208384K Free: 196086K (94%)
ptolemy.util.test.WatchDog.cancel(): canceling Thu Oct 18 02:34:18 UTC 2018
------------------ testing $PTII/ptolemy/domains/de/test/auto/DepthTest7.xml
auto.tcl: Setting watchdog for 200 seconds at Thu Oct 18 02:34:18 UTC 2018
5 ms. Memory: 208384K Free: 194484K (93%)
ptolemy.util.test.WatchDog.cancel(): canceling Thu Oct 18 02:34:18 UTC 2018
auto.tcl: Setting watchdog for 200 seconds at Thu Oct 18 02:34:18 UTC 2018
1 ms. Memory: 208384K Free: 194484K (93%)
ptolemy.util.test.WatchDog.cancel(): canceling Thu Oct 18 02:34:18 UTC 2018
------------------ testing $PTII/ptolemy/domains/de/test/auto/EventToDate.xml
auto.tcl: Setting watchdog for 200 seconds at Thu Oct 18 02:34:18 UTC 2018
3007 ms. Memory: 208384K Free: 185196K (89%)
ptolemy.util.test.WatchDog.cancel(): canceling Thu Oct 18 02:34:21 UTC 2018
auto.tcl: Setting watchdog for 200 seconds at Thu Oct 18 02:34:21 UTC 2018
3004 ms. Memory: 208384K Free: 185196K (89%)
ptolemy.util.test.WatchDog.cancel(): canceling Thu Oct 18 02:34:24 UTC 2018
------------------ testing $PTII/ptolemy/domains/de/test/auto/FSM1.xml
auto.tcl: Setting watchdog for 200 seconds at Thu Oct 18 02:34:24 UTC 2018
22 ms. Memory: 208384K Free: 188727K (91%)
ptolemy.util.test.WatchDog.cancel(): canceling Thu Oct 18 02:34:24 UTC 2018
auto.tcl: Setting watchdog for 200 seconds at Thu Oct 18 02:34:24 UTC 2018
12 ms. Memory: 208384K Free: 184489K (89%)
ptolemy.util.test.WatchDog.cancel(): canceling Thu Oct 18 02:34:24 UTC 2018
------------------ testing $PTII/ptolemy/domains/de/test/auto/FSM7.xml
auto.tcl: Setting watchdog for 200 seconds at Thu Oct 18 02:34:24 UTC 2018
12 ms. Memory: 208384K Free: 187173K (90%)
ptolemy.util.test.WatchDog.cancel(): canceling Thu Oct 18 02:34:24 UTC 2018
auto.tcl: Setting watchdog for 200 seconds at Thu Oct 18 02:34:24 UTC 2018
11 ms. Memory: 208384K Free: 184724K (89%)
ptolemy.util.test.WatchDog.cancel(): canceling Thu Oct 18 02:34:24 UTC 2018
------------------ testing $PTII/ptolemy/domains/de/test/auto/Inspection.xml
auto.tcl: Setting watchdog for 200 seconds at Thu Oct 18 02:34:24 UTC 2018
38 ms. Memory: 208384K Free: 188380K (90%)
ptolemy.util.test.WatchDog.cancel(): canceling Thu Oct 18 02:34:24 UTC 2018
auto.tcl: Setting watchdog for 200 seconds at Thu Oct 18 02:34:24 UTC 2018
31 ms. Memory: 208384K Free: 186277K (89%)
ptolemy.util.test.WatchDog.cancel(): canceling Thu Oct 18 02:34:24 UTC 2018
------------------ testing $PTII/ptolemy/domains/de/test/auto/Iteration.xml
auto.tcl: Setting watchdog for 200 seconds at Thu Oct 18 02:34:24 UTC 2018
17 ms. Memory: 208384K Free: 195520K (94%)
ptolemy.util.test.WatchDog.cancel(): canceling Thu Oct 18 02:34:24 UTC 2018
auto.tcl: Setting watchdog for 200 seconds at Thu Oct 18 02:34:24 UTC 2018
6 ms. Memory: 208384K Free: 193402K (93%)
ptolemy.util.test.WatchDog.cancel(): canceling Thu Oct 18 02:34:24 UTC 2018
------------------ testing $PTII/ptolemy/domains/de/test/auto/LineFault.xml
auto.tcl: Setting watchdog for 200 seconds at Thu Oct 18 02:34:24 UTC 2018
519 ms. Memory: 208384K Free: 195800K (94%)
ptolemy.util.test.WatchDog.cancel(): canceling Thu Oct 18 02:34:25 UTC 2018
auto.tcl: Setting watchdog for 200 seconds at Thu Oct 18 02:34:25 UTC 2018
505 ms. Memory: 208384K Free: 138316K (66%)
ptolemy.util.test.WatchDog.cancel(): canceling Thu Oct 18 02:34:26 UTC 2018
------------------ testing $PTII/ptolemy/domains/de/test/auto/MergeModel1Add.xml
auto.tcl: Setting watchdog for 200 seconds at Thu Oct 18 02:34:26 UTC 2018
26 ms. Memory: 331264K Free: 298329K (90%)
ptolemy.util.test.WatchDog.cancel(): canceling Thu Oct 18 02:34:26 UTC 2018
auto.tcl: Setting watchdog for 200 seconds at Thu Oct 18 02:34:26 UTC 2018
8 ms. Memory: 331264K Free: 298329K (90%)
ptolemy.util.test.WatchDog.cancel(): canceling Thu Oct 18 02:34:26 UTC 2018
------------------ testing $PTII/ptolemy/domains/de/test/auto/MergeModel2Add.xml
auto.tcl: Setting watchdog for 200 seconds at Thu Oct 18 02:34:26 UTC 2018
10 ms. Memory: 331264K Free: 303621K (92%)
ptolemy.util.test.WatchDog.cancel(): canceling Thu Oct 18 02:34:26 UTC 2018
auto.tcl: Setting watchdog for 200 seconds at Thu Oct 18 02:34:26 UTC 2018
10 ms. Memory: 331264K Free: 299667K (90%)
ptolemy.util.test.WatchDog.cancel(): canceling Thu Oct 18 02:34:26 UTC 2018
------------------ testing $PTII/ptolemy/domains/de/test/auto/MergeModel3Add.xml
auto.tcl: Setting watchdog for 200 seconds at Thu Oct 18 02:34:26 UTC 2018
7 ms. Memory: 331264K Free: 303631K (92%)
ptolemy.util.test.WatchDog.cancel(): canceling Thu Oct 18 02:34:26 UTC 2018
auto.tcl: Setting watchdog for 200 seconds at Thu Oct 18 02:34:26 UTC 2018
6 ms. Memory: 331264K Free: 299686K (90%)
ptolemy.util.test.WatchDog.cancel(): canceling Thu Oct 18 02:34:26 UTC 2018
------------------ testing $PTII/ptolemy/domains/de/test/auto/MergeWithoutDiscard.xml
auto.tcl: Setting watchdog for 200 seconds at Thu Oct 18 02:34:26 UTC 2018
6 ms. Memory: 331264K Free: 319443K (96%)
ptolemy.util.test.WatchDog.cancel(): canceling Thu Oct 18 02:34:26 UTC 2018
auto.tcl: Setting watchdog for 200 seconds at Thu Oct 18 02:34:26 UTC 2018
1 ms. Memory: 331264K Free: 315497K (95%)
ptolemy.util.test.WatchDog.cancel(): canceling Thu Oct 18 02:34:26 UTC 2018
------------------ testing $PTII/ptolemy/domains/de/test/auto/Modal1.xml
auto.tcl: Setting watchdog for 200 seconds at Thu Oct 18 02:34:26 UTC 2018
12 ms. Memory: 331264K Free: 309360K (93%)
ptolemy.util.test.WatchDog.cancel(): canceling Thu Oct 18 02:34:26 UTC 2018
auto.tcl: Setting watchdog for 200 seconds at Thu Oct 18 02:34:26 UTC 2018
11 ms. Memory: 331264K Free: 305414K (92%)
ptolemy.util.test.WatchDog.cancel(): canceling Thu Oct 18 02:34:26 UTC 2018
------------------ testing $PTII/ptolemy/domains/de/test/auto/Modal2.xml
auto.tcl: Setting watchdog for 200 seconds at Thu Oct 18 02:34:26 UTC 2018
14 ms. Memory: 331264K Free: 304319K (92%)
ptolemy.util.test.WatchDog.cancel(): canceling Thu Oct 18 02:34:26 UTC 2018
auto.tcl: Setting watchdog for 200 seconds at Thu Oct 18 02:34:26 UTC 2018
14 ms. Memory: 331264K Free: 300374K (91%)
ptolemy.util.test.WatchDog.cancel(): canceling Thu Oct 18 02:34:26 UTC 2018
------------------ testing $PTII/ptolemy/domains/de/test/auto/Modal3.xml
auto.tcl: Setting watchdog for 200 seconds at Thu Oct 18 02:34:26 UTC 2018
15 ms. Memory: 331264K Free: 309261K (93%)
ptolemy.util.test.WatchDog.cancel(): canceling Thu Oct 18 02:34:26 UTC 2018
auto.tcl: Setting watchdog for 200 seconds at Thu Oct 18 02:34:26 UTC 2018
12 ms. Memory: 331264K Free: 305299K (92%)
ptolemy.util.test.WatchDog.cancel(): canceling Thu Oct 18 02:34:26 UTC 2018
------------------ testing $PTII/ptolemy/domains/de/test/auto/Modal4.xml
auto.tcl: Setting watchdog for 200 seconds at Thu Oct 18 02:34:27 UTC 2018
22 ms. Memory: 331264K Free: 309254K (93%)
ptolemy.util.test.WatchDog.cancel(): canceling Thu Oct 18 02:34:27 UTC 2018
auto.tcl: Setting watchdog for 200 seconds at Thu Oct 18 02:34:27 UTC 2018
16 ms. Memory: 331264K Free: 305293K (92%)
ptolemy.util.test.WatchDog.cancel(): canceling Thu Oct 18 02:34:27 UTC 2018
------------------ testing $PTII/ptolemy/domains/de/test/auto/Modal5.xml
auto.tcl: Setting watchdog for 200 seconds at Thu Oct 18 02:34:27 UTC 2018
19 ms. Memory: 331264K Free: 309265K (93%)
ptolemy.util.test.WatchDog.cancel(): canceling Thu Oct 18 02:34:27 UTC 2018
auto.tcl: Setting watchdog for 200 seconds at Thu Oct 18 02:34:27 UTC 2018
12 ms. Memory: 331264K Free: 305319K (92%)
ptolemy.util.test.WatchDog.cancel(): canceling Thu Oct 18 02:34:27 UTC 2018
------------------ testing $PTII/ptolemy/domains/de/test/auto/Modal6.xml
auto.tcl: Setting watchdog for 200 seconds at Thu Oct 18 02:34:27 UTC 2018
11 ms. Memory: 331264K Free: 309262K (93%)
ptolemy.util.test.WatchDog.cancel(): canceling Thu Oct 18 02:34:27 UTC 2018
auto.tcl: Setting watchdog for 200 seconds at Thu Oct 18 02:34:27 UTC 2018
11 ms. Memory: 331264K Free: 305317K (92%)
ptolemy.util.test.WatchDog.cancel(): canceling Thu Oct 18 02:34:27 UTC 2018
------------------ testing $PTII/ptolemy/domains/de/test/auto/Modal7.xml
auto.tcl: Setting watchdog for 200 seconds at Thu Oct 18 02:34:27 UTC 2018
9 ms. Memory: 331264K Free: 309246K (93%)
ptolemy.util.test.WatchDog.cancel(): canceling Thu Oct 18 02:34:27 UTC 2018
auto.tcl: Setting watchdog for 200 seconds at Thu Oct 18 02:34:27 UTC 2018
9 ms. Memory: 331264K Free: 305301K (92%)
ptolemy.util.test.WatchDog.cancel(): canceling Thu Oct 18 02:34:27 UTC 2018
------------------ testing $PTII/ptolemy/domains/de/test/auto/ModalModel.xml
auto.tcl: Setting watchdog for 200 seconds at Thu Oct 18 02:34:27 UTC 2018
190 ms. Memory: 331264K Free: 248033K (75%)
ptolemy.util.test.WatchDog.cancel(): canceling Thu Oct 18 02:34:27 UTC 2018
auto.tcl: Setting watchdog for 200 seconds at Thu Oct 18 02:34:27 UTC 2018
165 ms. Memory: 331264K Free: 192620K (58%)
ptolemy.util.test.WatchDog.cancel(): canceling Thu Oct 18 02:34:27 UTC 2018
------------------ testing $PTII/ptolemy/domains/de/test/auto/ModalSource.xml
auto.tcl: Setting watchdog for 200 seconds at Thu Oct 18 02:34:27 UTC 2018
8 ms. Memory: 331264K Free: 316004K (95%)
ptolemy.util.test.WatchDog.cancel(): canceling Thu Oct 18 02:34:27 UTC 2018
auto.tcl: Setting watchdog for 200 seconds at Thu Oct 18 02:34:27 UTC 2018
7 ms. Memory: 331264K Free: 312473K (94%)
ptolemy.util.test.WatchDog.cancel(): canceling Thu Oct 18 02:34:27 UTC 2018
------------------ testing $PTII/ptolemy/domains/de/test/auto/NonInterruptibleTimerZeroDelay.xml
auto.tcl: Setting watchdog for 200 seconds at Thu Oct 18 02:34:27 UTC 2018
2 ms. Memory: 331264K Free: 320380K (97%)
ptolemy.util.test.WatchDog.cancel(): canceling Thu Oct 18 02:34:27 UTC 2018
auto.tcl: Setting watchdog for 200 seconds at Thu Oct 18 02:34:27 UTC 2018
2 ms. Memory: 331264K Free: 316849K (96%)
ptolemy.util.test.WatchDog.cancel(): canceling Thu Oct 18 02:34:27 UTC 2018
------------------ testing $PTII/ptolemy/domains/de/test/auto/OpenQueueingNetwork.xml
auto.tcl: Setting watchdog for 200 seconds at Thu Oct 18 02:34:28 UTC 2018
2528 ms. Memory: 307712K Free: 139058K (45%)
ptolemy.util.test.WatchDog.cancel(): canceling Thu Oct 18 02:34:30 UTC 2018
auto.tcl: Setting watchdog for 200 seconds at Thu Oct 18 02:34:30 UTC 2018
2179 ms. Memory: 278528K Free: 184637K (66%)
ptolemy.util.test.WatchDog.cancel(): canceling Thu Oct 18 02:34:32 UTC 2018
------------------ testing $PTII/ptolemy/domains/de/test/auto/OpenQueuingNetwork.xml
auto.tcl: Setting watchdog for 200 seconds at Thu Oct 18 02:34:32 UTC 2018
203 ms. Memory: 278528K Free: 178744K (64%)
ptolemy.util.test.WatchDog.cancel(): canceling Thu Oct 18 02:34:33 UTC 2018
auto.tcl: Setting watchdog for 200 seconds at Thu Oct 18 02:34:33 UTC 2018
204 ms. Memory: 278528K Free: 118633K (43%)
ptolemy.util.test.WatchDog.cancel(): canceling Thu Oct 18 02:34:33 UTC 2018
------------------ testing $PTII/ptolemy/domains/de/test/auto/PeriodicSampler.xml
auto.tcl: Setting watchdog for 200 seconds at Thu Oct 18 02:34:33 UTC 2018
2 ms. Memory: 281088K Free: 266158K (95%)
ptolemy.util.test.WatchDog.cancel(): canceling Thu Oct 18 02:34:33 UTC 2018
auto.tcl: Setting watchdog for 200 seconds at Thu Oct 18 02:34:33 UTC 2018
2 ms. Memory: 281088K Free: 266158K (95%)
ptolemy.util.test.WatchDog.cancel(): canceling Thu Oct 18 02:34:33 UTC 2018
------------------ testing $PTII/ptolemy/domains/de/test/auto/PersistentIO.xml
auto.tcl: Setting watchdog for 200 seconds at Thu Oct 18 02:34:33 UTC 2018
12 ms. Memory: 278528K Free: 258696K (93%)
ptolemy.util.test.WatchDog.cancel(): canceling Thu Oct 18 02:34:33 UTC 2018
auto.tcl: Setting watchdog for 200 seconds at Thu Oct 18 02:34:33 UTC 2018
4 ms. Memory: 278528K Free: 258696K (93%)
ptolemy.util.test.WatchDog.cancel(): canceling Thu Oct 18 02:34:33 UTC 2018
------------------ testing $PTII/ptolemy/domains/de/test/auto/PortParameterResetOnInitialize.xml
auto.tcl: Setting watchdog for 200 seconds at Thu Oct 18 02:34:33 UTC 2018
3 ms. Memory: 280576K Free: 266107K (95%)
ptolemy.util.test.WatchDog.cancel(): canceling Thu Oct 18 02:34:33 UTC 2018
auto.tcl: Setting watchdog for 200 seconds at Thu Oct 18 02:34:33 UTC 2018
2 ms. Memory: 280576K Free: 266107K (95%)
ptolemy.util.test.WatchDog.cancel(): canceling Thu Oct 18 02:34:33 UTC 2018
------------------ testing $PTII/ptolemy/domains/de/test/auto/PortParameterUpdates.xml
auto.tcl: Setting watchdog for 200 seconds at Thu Oct 18 02:34:33 UTC 2018
3 ms. Memory: 278528K Free: 264079K (95%)
ptolemy.util.test.WatchDog.cancel(): canceling Thu Oct 18 02:34:33 UTC 2018
auto.tcl: Setting watchdog for 200 seconds at Thu Oct 18 02:34:33 UTC 2018
3 ms. Memory: 278528K Free: 261325K (94%)
ptolemy.util.test.WatchDog.cancel(): canceling Thu Oct 18 02:34:33 UTC 2018
------------------ testing $PTII/ptolemy/domains/de/test/auto/QueueAndServer.xml
auto.tcl: Setting watchdog for 200 seconds at Thu Oct 18 02:34:33 UTC 2018
8 ms. Memory: 280576K Free: 263337K (94%)
ptolemy.util.test.WatchDog.cancel(): canceling Thu Oct 18 02:34:33 UTC 2018
auto.tcl: Setting watchdog for 200 seconds at Thu Oct 18 02:34:33 UTC 2018
6 ms. Memory: 280576K Free: 263337K (94%)
ptolemy.util.test.WatchDog.cancel(): canceling Thu Oct 18 02:34:33 UTC 2018
------------------ testing $PTII/ptolemy/domains/de/test/auto/Records.xml
auto.tcl: Setting watchdog for 200 seconds at Thu Oct 18 02:34:33 UTC 2018
11 ms. Memory: 278528K Free: 265971K (95%)
ptolemy.util.test.WatchDog.cancel(): canceling Thu Oct 18 02:34:33 UTC 2018
auto.tcl: Setting watchdog for 200 seconds at Thu Oct 18 02:34:33 UTC 2018
1 ms. Memory: 278528K Free: 265971K (95%)
ptolemy.util.test.WatchDog.cancel(): canceling Thu Oct 18 02:34:33 UTC 2018
------------------ testing $PTII/ptolemy/domains/de/test/auto/ResetTransitionWithStartTime1.xml
auto.tcl: Setting watchdog for 200 seconds at Thu Oct 18 02:34:33 UTC 2018
10 ms. Memory: 280064K Free: 262888K (94%)
ptolemy.util.test.WatchDog.cancel(): canceling Thu Oct 18 02:34:33 UTC 2018
auto.tcl: Setting watchdog for 200 seconds at Thu Oct 18 02:34:33 UTC 2018
5 ms. Memory: 280064K Free: 260053K (93%)
ptolemy.util.test.WatchDog.cancel(): canceling Thu Oct 18 02:34:33 UTC 2018
------------------ testing $PTII/ptolemy/domains/de/test/auto/ResetTransitionWithStartTime2.xml
auto.tcl: Setting watchdog for 200 seconds at Thu Oct 18 02:34:33 UTC 2018
10 ms. Memory: 278528K Free: 261343K (94%)
ptolemy.util.test.WatchDog.cancel(): canceling Thu Oct 18 02:34:33 UTC 2018
auto.tcl: Setting watchdog for 200 seconds at Thu Oct 18 02:34:33 UTC 2018
4 ms. Memory: 278528K Free: 258605K (93%)
ptolemy.util.test.WatchDog.cancel(): canceling Thu Oct 18 02:34:33 UTC 2018
------------------ testing $PTII/ptolemy/domains/de/test/auto/ResetTransitionWithStartTime3.xml
auto.tcl: Setting watchdog for 200 seconds at Thu Oct 18 02:34:34 UTC 2018
6 ms. Memory: 280064K Free: 262779K (94%)
ptolemy.util.test.WatchDog.cancel(): canceling Thu Oct 18 02:34:34 UTC 2018
auto.tcl: Setting watchdog for 200 seconds at Thu Oct 18 02:34:34 UTC 2018
5 ms. Memory: 280064K Free: 260025K (93%)
ptolemy.util.test.WatchDog.cancel(): canceling Thu Oct 18 02:34:34 UTC 2018
------------------ testing $PTII/ptolemy/domains/de/test/auto/ResetTransitionWithStartTime4.xml
auto.tcl: Setting watchdog for 200 seconds at Thu Oct 18 02:34:34 UTC 2018
4 ms. Memory: 278528K Free: 263245K (95%)
ptolemy.util.test.WatchDog.cancel(): canceling Thu Oct 18 02:34:34 UTC 2018
auto.tcl: Setting watchdog for 200 seconds at Thu Oct 18 02:34:34 UTC 2018
3 ms. Memory: 278528K Free: 263245K (95%)
ptolemy.util.test.WatchDog.cancel(): canceling Thu Oct 18 02:34:34 UTC 2018
------------------ testing $PTII/ptolemy/domains/de/test/auto/ResettableTimer1.xml
auto.tcl: Setting watchdog for 200 seconds at Thu Oct 18 02:34:34 UTC 2018
3 ms. Memory: 280064K Free: 267499K (96%)
ptolemy.util.test.WatchDog.cancel(): canceling Thu Oct 18 02:34:34 UTC 2018
auto.tcl: Setting watchdog for 200 seconds at Thu Oct 18 02:34:34 UTC 2018
2 ms. Memory: 280064K Free: 267499K (96%)
ptolemy.util.test.WatchDog.cancel(): canceling Thu Oct 18 02:34:34 UTC 2018
------------------ testing $PTII/ptolemy/domains/de/test/auto/ResettableTimer2.xml
auto.tcl: Setting watchdog for 200 seconds at Thu Oct 18 02:34:34 UTC 2018
3 ms. Memory: 278528K Free: 266134K (96%)
ptolemy.util.test.WatchDog.cancel(): canceling Thu Oct 18 02:34:34 UTC 2018
auto.tcl: Setting watchdog for 200 seconds at Thu Oct 18 02:34:34 UTC 2018
2 ms. Memory: 278528K Free: 266134K (96%)
ptolemy.util.test.WatchDog.cancel(): canceling Thu Oct 18 02:34:34 UTC 2018
------------------ testing $PTII/ptolemy/domains/de/test/auto/ResettableTimer3.xml
auto.tcl: Setting watchdog for 200 seconds at Thu Oct 18 02:34:34 UTC 2018
1 ms. Memory: 279552K Free: 267045K (96%)
ptolemy.util.test.WatchDog.cancel(): canceling Thu Oct 18 02:34:34 UTC 2018
auto.tcl: Setting watchdog for 200 seconds at Thu Oct 18 02:34:34 UTC 2018
1 ms. Memory: 279552K Free: 267045K (96%)
ptolemy.util.test.WatchDog.cancel(): canceling Thu Oct 18 02:34:34 UTC 2018
------------------ testing $PTII/ptolemy/domains/de/test/auto/ResettableTimer4.xml
auto.tcl: Setting watchdog for 200 seconds at Thu Oct 18 02:34:34 UTC 2018
1 ms. Memory: 278528K Free: 266130K (96%)
ptolemy.util.test.WatchDog.cancel(): canceling Thu Oct 18 02:34:34 UTC 2018
auto.tcl: Setting watchdog for 200 seconds at Thu Oct 18 02:34:34 UTC 2018
1 ms. Memory: 278528K Free: 266130K (96%)
ptolemy.util.test.WatchDog.cancel(): canceling Thu Oct 18 02:34:34 UTC 2018
------------------ testing $PTII/ptolemy/domains/de/test/auto/ResettableTimer5.xml
auto.tcl: Setting watchdog for 200 seconds at Thu Oct 18 02:34:34 UTC 2018
1 ms. Memory: 279552K Free: 265197K (95%)
ptolemy.util.test.WatchDog.cancel(): canceling Thu Oct 18 02:34:34 UTC 2018
auto.tcl: Setting watchdog for 200 seconds at Thu Oct 18 02:34:34 UTC 2018
1 ms. Memory: 279552K Free: 265197K (95%)
ptolemy.util.test.WatchDog.cancel(): canceling Thu Oct 18 02:34:34 UTC 2018
------------------ testing $PTII/ptolemy/domains/de/test/auto/ResettableTimer6.xml
auto.tcl: Setting watchdog for 200 seconds at Thu Oct 18 02:34:34 UTC 2018
6 ms. Memory: 278528K Free: 264010K (95%)
ptolemy.util.test.WatchDog.cancel(): canceling Thu Oct 18 02:34:34 UTC 2018
auto.tcl: Setting watchdog for 200 seconds at Thu Oct 18 02:34:34 UTC 2018
1 ms. Memory: 278528K Free: 264010K (95%)
ptolemy.util.test.WatchDog.cancel(): canceling Thu Oct 18 02:34:34 UTC 2018
------------------ testing $PTII/ptolemy/domains/de/test/auto/ServerZeroDelay.xml
auto.tcl: Setting watchdog for 200 seconds at Thu Oct 18 02:34:34 UTC 2018
3 ms. Memory: 279552K Free: 267093K (96%)
ptolemy.util.test.WatchDog.cancel(): canceling Thu Oct 18 02:34:34 UTC 2018
auto.tcl: Setting watchdog for 200 seconds at Thu Oct 18 02:34:34 UTC 2018
2 ms. Memory: 279552K Free: 267093K (96%)
ptolemy.util.test.WatchDog.cancel(): canceling Thu Oct 18 02:34:34 UTC 2018
------------------ testing $PTII/ptolemy/domains/de/test/auto/SmartSender.xml
auto.tcl: Setting watchdog for 200 seconds at Thu Oct 18 02:34:34 UTC 2018
3001 ms. Memory: 278528K Free: 264108K (95%)
ptolemy.util.test.WatchDog.cancel(): canceling Thu Oct 18 02:34:37 UTC 2018
auto.tcl: Setting watchdog for 200 seconds at Thu Oct 18 02:34:37 UTC 2018
3001 ms. Memory: 278528K Free: 264108K (95%)
ptolemy.util.test.WatchDog.cancel(): canceling Thu Oct 18 02:34:40 UTC 2018
------------------ testing $PTII/ptolemy/domains/de/test/auto/ThreadedComposite.xml
auto.tcl: Setting watchdog for 200 seconds at Thu Oct 18 02:34:40 UTC 2018
185 ms. Memory: 279552K Free: 244983K (88%)
ptolemy.util.test.WatchDog.cancel(): canceling Thu Oct 18 02:34:40 UTC 2018
auto.tcl: Setting watchdog for 200 seconds at Thu Oct 18 02:34:40 UTC 2018
95 ms. Memory: 279552K Free: 227679K (81%)
ptolemy.util.test.WatchDog.cancel(): canceling Thu Oct 18 02:34:40 UTC 2018
------------------ testing $PTII/ptolemy/domains/de/test/auto/Time.xml
auto.tcl: Setting watchdog for 200 seconds at Thu Oct 18 02:34:40 UTC 2018
457 ms. Memory: 278528K Free: 212476K (76%)
ptolemy.util.test.WatchDog.cancel(): canceling Thu Oct 18 02:34:41 UTC 2018
auto.tcl: Setting watchdog for 200 seconds at Thu Oct 18 02:34:41 UTC 2018
439 ms. Memory: 278528K Free: 157711K (57%)
ptolemy.util.test.WatchDog.cancel(): canceling Thu Oct 18 02:34:41 UTC 2018
------------------ testing $PTII/ptolemy/domains/de/test/auto/TimeDelayZeroDelay.xml
auto.tcl: Setting watchdog for 200 seconds at Thu Oct 18 02:34:41 UTC 2018
2 ms. Memory: 279040K Free: 266977K (96%)
ptolemy.util.test.WatchDog.cancel(): canceling Thu Oct 18 02:34:41 UTC 2018
auto.tcl: Setting watchdog for 200 seconds at Thu Oct 18 02:34:41 UTC 2018
2 ms. Memory: 279040K Free: 266977K (96%)
ptolemy.util.test.WatchDog.cancel(): canceling Thu Oct 18 02:34:41 UTC 2018
------------------ testing $PTII/ptolemy/domains/de/test/auto/TimerZeroDelay.xml
auto.tcl: Setting watchdog for 200 seconds at Thu Oct 18 02:34:41 UTC 2018
3 ms. Memory: 278528K Free: 266572K (96%)
ptolemy.util.test.WatchDog.cancel(): canceling Thu Oct 18 02:34:41 UTC 2018
auto.tcl: Setting watchdog for 200 seconds at Thu Oct 18 02:34:41 UTC 2018
1 ms. Memory: 278528K Free: 266572K (96%)
ptolemy.util.test.WatchDog.cancel(): canceling Thu Oct 18 02:34:42 UTC 2018
------------------ testing $PTII/ptolemy/domains/de/test/auto/TimingParadox.xml
auto.tcl: Setting watchdog for 200 seconds at Thu Oct 18 02:34:42 UTC 2018
343 ms. Memory: 279040K Free: 199402K (71%)
ptolemy.util.test.WatchDog.cancel(): canceling Thu Oct 18 02:34:42 UTC 2018
auto.tcl: Setting watchdog for 200 seconds at Thu Oct 18 02:34:42 UTC 2018
340 ms. Memory: 279040K Free: 164869K (59%)
ptolemy.util.test.WatchDog.cancel(): canceling Thu Oct 18 02:34:42 UTC 2018
------------------ testing $PTII/ptolemy/domains/de/test/auto/TransferInputs.xml
auto.tcl: Setting watchdog for 200 seconds at Thu Oct 18 02:34:42 UTC 2018
1 ms. Memory: 279040K Free: 265982K (95%)
ptolemy.util.test.WatchDog.cancel(): canceling Thu Oct 18 02:34:42 UTC 2018
auto.tcl: Setting watchdog for 200 seconds at Thu Oct 18 02:34:42 UTC 2018
2 ms. Memory: 279040K Free: 265982K (95%)
ptolemy.util.test.WatchDog.cancel(): canceling Thu Oct 18 02:34:42 UTC 2018
------------------ testing $PTII/ptolemy/domains/de/test/auto/TransferOutputs2.xml
auto.tcl: Setting watchdog for 200 seconds at Thu Oct 18 02:34:42 UTC 2018
6 ms. Memory: 278528K Free: 262125K (94%)
ptolemy.util.test.WatchDog.cancel(): canceling Thu Oct 18 02:34:42 UTC 2018
auto.tcl: Setting watchdog for 200 seconds at Thu Oct 18 02:34:42 UTC 2018
2 ms. Memory: 278528K Free: 259632K (93%)
ptolemy.util.test.WatchDog.cancel(): canceling Thu Oct 18 02:34:42 UTC 2018
------------------ testing $PTII/ptolemy/domains/de/test/auto/Trilateration.xml
auto.tcl: Setting watchdog for 200 seconds at Thu Oct 18 02:34:43 UTC 2018
13865 ms. Memory: 542720K Free: 121089K (22%)
ptolemy.util.test.WatchDog.cancel(): canceling Thu Oct 18 02:34:57 UTC 2018
auto.tcl: Setting watchdog for 200 seconds at Thu Oct 18 02:34:57 UTC 2018
10860 ms. Memory: 411136K Free: 188964K (46%)
ptolemy.util.test.WatchDog.cancel(): canceling Thu Oct 18 02:35:08 UTC 2018
------------------ testing $PTII/ptolemy/domains/de/test/auto/TwoSigmaDelta.xml
auto.tcl: Setting watchdog for 200 seconds at Thu Oct 18 02:35:08 UTC 2018
2576 ms. Memory: 414208K Free: 101192K (24%)
ptolemy.util.test.WatchDog.cancel(): canceling Thu Oct 18 02:35:11 UTC 2018
auto.tcl: Setting watchdog for 200 seconds at Thu Oct 18 02:35:11 UTC 2018
1984 ms. Memory: 396800K Free: 183088K (46%)
ptolemy.util.test.WatchDog.cancel(): canceling Thu Oct 18 02:35:13 UTC 2018
------------------ testing $PTII/ptolemy/domains/de/test/auto/VariableDelay.xml
auto.tcl: Setting watchdog for 200 seconds at Thu Oct 18 02:35:13 UTC 2018
2 ms. Memory: 396288K Free: 379431K (96%)
ptolemy.util.test.WatchDog.cancel(): canceling Thu Oct 18 02:35:13 UTC 2018
auto.tcl: Setting watchdog for 200 seconds at Thu Oct 18 02:35:13 UTC 2018
2 ms. Memory: 396288K Free: 379431K (96%)
ptolemy.util.test.WatchDog.cancel(): canceling Thu Oct 18 02:35:13 UTC 2018
------------------ testing $PTII/ptolemy/domains/de/test/auto/VariableDelay2.xml
auto.tcl: Setting watchdog for 200 seconds at Thu Oct 18 02:35:13 UTC 2018
6 ms. Memory: 396288K Free: 382990K (97%)
ptolemy.util.test.WatchDog.cancel(): canceling Thu Oct 18 02:35:13 UTC 2018
auto.tcl: Setting watchdog for 200 seconds at Thu Oct 18 02:35:13 UTC 2018
2 ms. Memory: 396288K Free: 382990K (97%)
ptolemy.util.test.WatchDog.cancel(): canceling Thu Oct 18 02:35:13 UTC 2018
------------------ testing $PTII/ptolemy/domains/de/test/auto/VariableDelayZeroDelay.xml
auto.tcl: Setting watchdog for 200 seconds at Thu Oct 18 02:35:13 UTC 2018
2 ms. Memory: 398336K Free: 381888K (96%)
ptolemy.util.test.WatchDog.cancel(): canceling Thu Oct 18 02:35:13 UTC 2018
auto.tcl: Setting watchdog for 200 seconds at Thu Oct 18 02:35:13 UTC 2018
1 ms. Memory: 398336K Free: 381888K (96%)
ptolemy.util.test.WatchDog.cancel(): canceling Thu Oct 18 02:35:13 UTC 2018
------------------ testing $PTII/ptolemy/domains/de/test/auto/VariableDelayZeroDelay2.xml
auto.tcl: Setting watchdog for 200 seconds at Thu Oct 18 02:35:13 UTC 2018
4 ms. Memory: 396288K Free: 379838K (96%)
ptolemy.util.test.WatchDog.cancel(): canceling Thu Oct 18 02:35:13 UTC 2018
auto.tcl: Setting watchdog for 200 seconds at Thu Oct 18 02:35:13 UTC 2018
1 ms. Memory: 396288K Free: 379838K (96%)
ptolemy.util.test.WatchDog.cancel(): canceling Thu Oct 18 02:35:13 UTC 2018
------------------ testing $PTII/ptolemy/domains/de/test/auto/deInCt.xml
auto.tcl: Setting watchdog for 200 seconds at Thu Oct 18 02:35:13 UTC 2018
0
1
1
1
1
0
0
0
1
1
1
1
1
0
0
0
0
1
1
1
1
0
0
0
1
1
0
0
0
1
1
0
0
0
1
1
1
0
0
1
1
1
16 ms. Memory: 398336K Free: 381879K (96%)
ptolemy.util.test.WatchDog.cancel(): canceling Thu Oct 18 02:35:13 UTC 2018
auto.tcl: Setting watchdog for 200 seconds at Thu Oct 18 02:35:13 UTC 2018
0
1
1
1
1
0
0
0
0
0
1
1
1
0
0
0
1
1
0
0
0
0
1
1
1
0
0
0
1
1
0
0
0
0
0
1
1
1
1
4 ms. Memory: 398336K Free: 376877K (95%)
ptolemy.util.test.WatchDog.cancel(): canceling Thu Oct 18 02:35:13 UTC 2018
------------------ testing $PTII/ptolemy/domains/de/test/auto/deInCt2.xml
auto.tcl: Setting watchdog for 200 seconds at Thu Oct 18 02:35:13 UTC 2018
0
1
1
1
0
0
1
1
1
0
0
1
1
1
0
0
1
1
1
0
0
1
1
1
0
0
1
1
1
0
0
1
1
1
0
0
1
1
1
0
0
0
9 ms. Memory: 396288K Free: 379836K (96%)
ptolemy.util.test.WatchDog.cancel(): canceling Thu Oct 18 02:35:13 UTC 2018
auto.tcl: Setting watchdog for 200 seconds at Thu Oct 18 02:35:13 UTC 2018
0
1
1
1
0
0
1
1
1
0
0
1
1
1
0
0
1
1
1
0
0
1
1
1
0
0
1
1
1
0
0
1
1
1
0
0
1
1
1
0
0
0
7 ms. Memory: 396288K Free: 374833K (95%)
ptolemy.util.test.WatchDog.cancel(): canceling Thu Oct 18 02:35:13 UTC 2018
------------------ testing $PTII/ptolemy/domains/de/test/auto/dynamicCausalityInterface1.xml
auto.tcl: Setting watchdog for 200 seconds at Thu Oct 18 02:35:13 UTC 2018
1 ms. Memory: 397824K Free: 376365K (95%)
ptolemy.util.test.WatchDog.cancel(): canceling Thu Oct 18 02:35:13 UTC 2018
auto.tcl: Setting watchdog for 200 seconds at Thu Oct 18 02:35:13 UTC 2018
1 ms. Memory: 397824K Free: 371363K (93%)
ptolemy.util.test.WatchDog.cancel(): canceling Thu Oct 18 02:35:13 UTC 2018
------------------ testing $PTII/ptolemy/domains/de/test/auto/fsm_de_test.xml
auto.tcl: Setting watchdog for 200 seconds at Thu Oct 18 02:35:13 UTC 2018
6 ms. Memory: 396288K Free: 374724K (95%)
ptolemy.util.test.WatchDog.cancel(): canceling Thu Oct 18 02:35:13 UTC 2018
auto.tcl: Setting watchdog for 200 seconds at Thu Oct 18 02:35:13 UTC 2018
4 ms. Memory: 396288K Free: 374724K (95%)
ptolemy.util.test.WatchDog.cancel(): canceling Thu Oct 18 02:35:13 UTC 2018
------------------ testing $PTII/ptolemy/domains/de/test/auto/functionDependencyReconstruction.xml
auto.tcl: Setting watchdog for 200 seconds at Thu Oct 18 02:35:14 UTC 2018
2 ms. Memory: 397824K Free: 366262K (92%)
ptolemy.util.test.WatchDog.cancel(): canceling Thu Oct 18 02:35:14 UTC 2018
auto.tcl: Setting watchdog for 200 seconds at Thu Oct 18 02:35:14 UTC 2018
2 ms. Memory: 397824K Free: 366262K (92%)
ptolemy.util.test.WatchDog.cancel(): canceling Thu Oct 18 02:35:14 UTC 2018
------------------ testing $PTII/ptolemy/domains/de/test/auto/multirate.xml
auto.tcl: Setting watchdog for 200 seconds at Thu Oct 18 02:35:14 UTC 2018
4 ms. Memory: 396288K Free: 374591K (95%)
ptolemy.util.test.WatchDog.cancel(): canceling Thu Oct 18 02:35:14 UTC 2018
auto.tcl: Setting watchdog for 200 seconds at Thu Oct 18 02:35:14 UTC 2018
2 ms. Memory: 396288K Free: 374591K (95%)
ptolemy.util.test.WatchDog.cancel(): canceling Thu Oct 18 02:35:14 UTC 2018
------------------ testing $PTII/ptolemy/domains/de/test/auto/multirate2.xml
auto.tcl: Setting watchdog for 200 seconds at Thu Oct 18 02:35:14 UTC 2018
4 ms. Memory: 397312K Free: 375819K (95%)
ptolemy.util.test.WatchDog.cancel(): canceling Thu Oct 18 02:35:14 UTC 2018
auto.tcl: Setting watchdog for 200 seconds at Thu Oct 18 02:35:14 UTC 2018
3 ms. Memory: 397312K Free: 375819K (95%)
ptolemy.util.test.WatchDog.cancel(): canceling Thu Oct 18 02:35:14 UTC 2018
------------------ testing $PTII/ptolemy/domains/de/test/auto/realtime.xml
auto.tcl: Setting watchdog for 200 seconds at Thu Oct 18 02:35:14 UTC 2018
10002 ms. Memory: 396288K Free: 379776K (96%)
ptolemy.util.test.WatchDog.cancel(): canceling Thu Oct 18 02:35:24 UTC 2018
auto.tcl: Setting watchdog for 200 seconds at Thu Oct 18 02:35:24 UTC 2018
10000 ms. Memory: 396288K Free: 379776K (96%)
ptolemy.util.test.WatchDog.cancel(): canceling Thu Oct 18 02:35:34 UTC 2018
------------------ testing $PTII/ptolemy/domains/de/test/auto/relationGroup.xml
auto.tcl: Setting watchdog for 200 seconds at Thu Oct 18 02:35:34 UTC 2018
2 ms. Memory: 397312K Free: 380830K (96%)
ptolemy.util.test.WatchDog.cancel(): canceling Thu Oct 18 02:35:34 UTC 2018
auto.tcl: Setting watchdog for 200 seconds at Thu Oct 18 02:35:34 UTC 2018
2 ms. Memory: 397312K Free: 380830K (96%)
ptolemy.util.test.WatchDog.cancel(): canceling Thu Oct 18 02:35:34 UTC 2018
------------------ testing $PTII/ptolemy/domains/de/test/auto/relationGroup2.xml
auto.tcl: Setting watchdog for 200 seconds at Thu Oct 18 02:35:34 UTC 2018
1 ms. Memory: 396288K Free: 379833K (96%)
ptolemy.util.test.WatchDog.cancel(): canceling Thu Oct 18 02:35:34 UTC 2018
auto.tcl: Setting watchdog for 200 seconds at Thu Oct 18 02:35:34 UTC 2018
2 ms. Memory: 396288K Free: 379833K (96%)
ptolemy.util.test.WatchDog.cancel(): canceling Thu Oct 18 02:35:34 UTC 2018
------------------ testing $PTII/ptolemy/domains/de/test/auto/sortWithOpaquePorts.xml
auto.tcl: Setting watchdog for 200 seconds at Thu Oct 18 02:35:34 UTC 2018
1 ms. Memory: 397312K Free: 380859K (96%)
ptolemy.util.test.WatchDog.cancel(): canceling Thu Oct 18 02:35:34 UTC 2018
auto.tcl: Setting watchdog for 200 seconds at Thu Oct 18 02:35:34 UTC 2018
2 ms. Memory: 397312K Free: 380859K (96%)
ptolemy.util.test.WatchDog.cancel(): canceling Thu Oct 18 02:35:34 UTC 2018
------------------ testing $PTII/ptolemy/domains/de/test/auto/transferInputsandOutputs.xml
auto.tcl: Setting watchdog for 200 seconds at Thu Oct 18 02:35:34 UTC 2018
2 ms. Memory: 396288K Free: 374820K (95%)
ptolemy.util.test.WatchDog.cancel(): canceling Thu Oct 18 02:35:34 UTC 2018
auto.tcl: Setting watchdog for 200 seconds at Thu Oct 18 02:35:34 UTC 2018
2 ms. Memory: 396288K Free: 374820K (95%)
ptolemy.util.test.WatchDog.cancel(): canceling Thu Oct 18 02:35:34 UTC 2018
------------------ testing $PTII/ptolemy/domains/de/test/auto/triggerType.xml
auto.tcl: Setting watchdog for 200 seconds at Thu Oct 18 02:35:34 UTC 2018
1 ms. Memory: 396800K Free: 380284K (96%)
ptolemy.util.test.WatchDog.cancel(): canceling Thu Oct 18 02:35:34 UTC 2018
auto.tcl: Setting watchdog for 200 seconds at Thu Oct 18 02:35:34 UTC 2018
2 ms. Memory: 396800K Free: 380284K (96%)
ptolemy.util.test.WatchDog.cancel(): canceling Thu Oct 18 02:35:34 UTC 2018
10/18/18 02:35:34
Failed: 0  Total Tests: 192  ((Passed: 187, Newly Passed: 1)  Known Failed: 5) /home/travis/build/icyphy/ptII/ptolemy/domains/de/test
10/18/18 02:35:34
Failed: 0  Total Tests: 192  ((Passed: 187, Newly Passed: 1)  Known Failed: 5) /home/travis/build/icyphy/ptII/ptolemy/domains/de/test
----------------- testing (KnownFailure) /home/travis/build/icyphy/ptII/ptolemy/domains/de/test/auto/knownFailedTests/DESDFClockTest.xml
2011 ms. Memory: 396288K Free: 367226K (93%)
Known Failure: java.lang.reflect.InvocationTargetException
----------------- testing (KnownFailure) /home/travis/build/icyphy/ptII/ptolemy/domains/de/test/auto/knownFailedTests/DirectFeedback.xml
4 ms. Memory: 396288K Free: 342035K (86%)
Known Failure: java.lang.reflect.InvocationTargetException
----------------- testing (KnownFailure) /home/travis/build/icyphy/ptII/ptolemy/domains/de/test/auto/knownFailedTests/FSMSource.xml
7 ms. Memory: 396288K Free: 316844K (80%)
----------------- testing (KnownFailure) /home/travis/build/icyphy/ptII/ptolemy/domains/de/test/auto/knownFailedTests/HierarchicalModel.xml
2 ms. Memory: 396288K Free: 291638K (74%)
Known Failure: java.lang.reflect.InvocationTargetException
----------------- testing (KnownFailure) /home/travis/build/icyphy/ptII/ptolemy/domains/de/test/auto/knownFailedTests/dependencyLoop.xml
2 ms. Memory: 396288K Free: 253836K (64%)
Known Failure: java.lang.reflect.InvocationTargetException
----------------- testing (KnownFailure) /home/travis/build/icyphy/ptII/ptolemy/domains/de/test/auto/knownFailedTests/dependencyLoop2.xml
2 ms. Memory: 396288K Free: 216050K (55%)
Known Failure: java.lang.reflect.InvocationTargetException
No auto/linux-amd64/*.xml tests in /home/travis/build/icyphy/ptII/ptolemy/domains/de/test
AutoTests.java: About to close Vertx.
AutoTests.java: Vertx closed.

===========================================================================================
----------------- testing Thu Oct 18 02:35:36 UTC 2018 /home/travis/build/icyphy/ptII/ptolemy/domains/de/test/auto/ActorDepthCalculation_actorWithoutPorts.xml
----------------- Instantiating /home/travis/build/icyphy/ptII/ptolemy/domains/de/test/auto/ActorDepthCalculation_actorWithoutPorts.xml
1 ms. Memory: 396288K Free: 184562K (47%)
----------------- Invoking toplevel() on ptolemy.moml.MoMLSimpleApplication@66157474
----------------- Done invoking toplevel() on ptolemy.moml.MoMLSimpleApplication@66157474
reloadAllAccessors: .ActorDepthCalculation_actorWithoutPorts

===========================================================================================
----------------- testing Thu Oct 18 02:35:36 UTC 2018 /home/travis/build/icyphy/ptII/ptolemy/domains/de/test/auto/AssemblyLine.xml
----------------- Instantiating /home/travis/build/icyphy/ptII/ptolemy/domains/de/test/auto/AssemblyLine.xml
2 ms. Memory: 396288K Free: 165653K (42%)
----------------- Invoking toplevel() on ptolemy.moml.MoMLSimpleApplication@6d500058
----------------- Done invoking toplevel() on ptolemy.moml.MoMLSimpleApplication@6d500058
reloadAllAccessors: .AssemblyLine

===========================================================================================
----------------- testing Thu Oct 18 02:35:36 UTC 2018 /home/travis/build/icyphy/ptII/ptolemy/domains/de/test/auto/CQBug1.xml
----------------- Instantiating /home/travis/build/icyphy/ptII/ptolemy/domains/de/test/auto/CQBug1.xml
1 ms. Memory: 396288K Free: 153057K (39%)
----------------- Invoking toplevel() on ptolemy.moml.MoMLSimpleApplication@7ae68ca
----------------- Done invoking toplevel() on ptolemy.moml.MoMLSimpleApplication@7ae68ca
reloadAllAccessors: .CQBug1

===========================================================================================
----------------- testing Thu Oct 18 02:35:36 UTC 2018 /home/travis/build/icyphy/ptII/ptolemy/domains/de/test/auto/CancelFireAt.xml
----------------- Instantiating /home/travis/build/icyphy/ptII/ptolemy/domains/de/test/auto/CancelFireAt.xml
1 ms. Memory: 396288K Free: 140462K (35%)
----------------- Invoking toplevel() on ptolemy.moml.MoMLSimpleApplication@73754903
----------------- Done invoking toplevel() on ptolemy.moml.MoMLSimpleApplication@73754903
reloadAllAccessors: .CancelFireAt

===========================================================================================
----------------- testing Thu Oct 18 02:35:36 UTC 2018 /home/travis/build/icyphy/ptII/ptolemy/domains/de/test/auto/CausalityAndComposabilityAnalysis.xml
----------------- Instantiating /home/travis/build/icyphy/ptII/ptolemy/domains/de/test/auto/CausalityAndComposabilityAnalysis.xml
1 ms. Memory: 396288K Free: 127867K (32%)
----------------- Invoking toplevel() on ptolemy.moml.MoMLSimpleApplication@5ad775d0
----------------- Done invoking toplevel() on ptolemy.moml.MoMLSimpleApplication@5ad775d0
reloadAllAccessors: .CausalityAndComposabilityAnalysis

===========================================================================================
----------------- testing Thu Oct 18 02:35:36 UTC 2018 /home/travis/build/icyphy/ptII/ptolemy/domains/de/test/auto/CausalityInterface1.xml
----------------- Instantiating /home/travis/build/icyphy/ptII/ptolemy/domains/de/test/auto/CausalityInterface1.xml
4 ms. Memory: 396288K Free: 115272K (29%)
----------------- Invoking toplevel() on ptolemy.moml.MoMLSimpleApplication@136a1232
----------------- Done invoking toplevel() on ptolemy.moml.MoMLSimpleApplication@136a1232
reloadAllAccessors: .CausalityInterface1

===========================================================================================
----------------- testing Thu Oct 18 02:35:36 UTC 2018 /home/travis/build/icyphy/ptII/ptolemy/domains/de/test/auto/CausalityInterface15.xml
----------------- Instantiating /home/travis/build/icyphy/ptII/ptolemy/domains/de/test/auto/CausalityInterface15.xml
2 ms. Memory: 396288K Free: 102677K (26%)
----------------- Invoking toplevel() on ptolemy.moml.MoMLSimpleApplication@24fbf65e
----------------- Done invoking toplevel() on ptolemy.moml.MoMLSimpleApplication@24fbf65e
reloadAllAccessors: .CausalityInterface15

===========================================================================================
----------------- testing Thu Oct 18 02:35:36 UTC 2018 /home/travis/build/icyphy/ptII/ptolemy/domains/de/test/auto/CausalityInterface2.xml
----------------- Instantiating /home/travis/build/icyphy/ptII/ptolemy/domains/de/test/auto/CausalityInterface2.xml
1 ms. Memory: 396288K Free: 90081K (23%)
----------------- Invoking toplevel() on ptolemy.moml.MoMLSimpleApplication@7dfde89e
----------------- Done invoking toplevel() on ptolemy.moml.MoMLSimpleApplication@7dfde89e
reloadAllAccessors: .CausalityInterface2

===========================================================================================
----------------- testing Thu Oct 18 02:35:36 UTC 2018 /home/travis/build/icyphy/ptII/ptolemy/domains/de/test/auto/CausalityInterface3.xml
----------------- Instantiating /home/travis/build/icyphy/ptII/ptolemy/domains/de/test/auto/CausalityInterface3.xml
1 ms. Memory: 396288K Free: 76230K (19%)
----------------- Invoking toplevel() on ptolemy.moml.MoMLSimpleApplication@169521a4
----------------- Done invoking toplevel() on ptolemy.moml.MoMLSimpleApplication@169521a4
reloadAllAccessors: .CausalityInterface3

===========================================================================================
----------------- testing Thu Oct 18 02:35:37 UTC 2018 /home/travis/build/icyphy/ptII/ptolemy/domains/de/test/auto/ClockDrift.xml
----------------- Instantiating /home/travis/build/icyphy/ptII/ptolemy/domains/de/test/auto/ClockDrift.xml
16 ms. Memory: 382464K Free: 358977K (94%)
----------------- Invoking toplevel() on ptolemy.moml.MoMLSimpleApplication@1748652f
----------------- Done invoking toplevel() on ptolemy.moml.MoMLSimpleApplication@1748652f
reloadAllAccessors: .ClockDrift

===========================================================================================
----------------- testing Thu Oct 18 02:35:37 UTC 2018 /home/travis/build/icyphy/ptII/ptolemy/domains/de/test/auto/ClockDriftAndValueChange.xml
----------------- Instantiating /home/travis/build/icyphy/ptII/ptolemy/domains/de/test/auto/ClockDriftAndValueChange.xml
9 ms. Memory: 382464K Free: 337802K (88%)
----------------- Invoking toplevel() on ptolemy.moml.MoMLSimpleApplication@6211fe61
----------------- Done invoking toplevel() on ptolemy.moml.MoMLSimpleApplication@6211fe61
reloadAllAccessors: .ClockDriftAndValueChange

===========================================================================================
----------------- testing Thu Oct 18 02:35:37 UTC 2018 /home/travis/build/icyphy/ptII/ptolemy/domains/de/test/auto/ClockDriftChange.xml
----------------- Instantiating /home/travis/build/icyphy/ptII/ptolemy/domains/de/test/auto/ClockDriftChange.xml
9 ms. Memory: 382464K Free: 319769K (84%)
----------------- Invoking toplevel() on ptolemy.moml.MoMLSimpleApplication@32e77b27
----------------- Done invoking toplevel() on ptolemy.moml.MoMLSimpleApplication@32e77b27
reloadAllAccessors: .ClockDriftChange

===========================================================================================
----------------- testing Thu Oct 18 02:35:37 UTC 2018 /home/travis/build/icyphy/ptII/ptolemy/domains/de/test/auto/ComposableCausalityAnalysis.xml
----------------- Instantiating /home/travis/build/icyphy/ptII/ptolemy/domains/de/test/auto/ComposableCausalityAnalysis.xml
2 ms. Memory: 382464K Free: 307747K (80%)
----------------- Invoking toplevel() on ptolemy.moml.MoMLSimpleApplication@56faf255
----------------- Done invoking toplevel() on ptolemy.moml.MoMLSimpleApplication@56faf255
reloadAllAccessors: .ComposableCausalityAnalysis

===========================================================================================
----------------- testing Thu Oct 18 02:35:37 UTC 2018 /home/travis/build/icyphy/ptII/ptolemy/domains/de/test/auto/DEFixedPointLimitation.xml
----------------- Instantiating /home/travis/build/icyphy/ptII/ptolemy/domains/de/test/auto/DEFixedPointLimitation.xml
1 ms. Memory: 382464K Free: 295725K (77%)
----------------- Invoking toplevel() on ptolemy.moml.MoMLSimpleApplication@3c754bf6
----------------- Done invoking toplevel() on ptolemy.moml.MoMLSimpleApplication@3c754bf6
reloadAllAccessors: .DEFixedPointLimitation

===========================================================================================
----------------- testing Thu Oct 18 02:35:37 UTC 2018 /home/travis/build/icyphy/ptII/ptolemy/domains/de/test/auto/DEScheduleTest.xml
----------------- Instantiating /home/travis/build/icyphy/ptII/ptolemy/domains/de/test/auto/DEScheduleTest.xml
4 ms. Memory: 382464K Free: 283703K (74%)
----------------- Invoking toplevel() on ptolemy.moml.MoMLSimpleApplication@365fb4a5
----------------- Done invoking toplevel() on ptolemy.moml.MoMLSimpleApplication@365fb4a5
reloadAllAccessors: .DEScheduleTest

===========================================================================================
----------------- testing Thu Oct 18 02:35:37 UTC 2018 /home/travis/build/icyphy/ptII/ptolemy/domains/de/test/auto/DEinDEwithStartTimes.xml
----------------- Instantiating /home/travis/build/icyphy/ptII/ptolemy/domains/de/test/auto/DEinDEwithStartTimes.xml
1 ms. Memory: 382464K Free: 271682K (71%)
----------------- Invoking toplevel() on ptolemy.moml.MoMLSimpleApplication@67e22393
----------------- Done invoking toplevel() on ptolemy.moml.MoMLSimpleApplication@67e22393
reloadAllAccessors: .DEinDEwithStartTimes

===========================================================================================
----------------- testing Thu Oct 18 02:35:37 UTC 2018 /home/travis/build/icyphy/ptII/ptolemy/domains/de/test/auto/DEinDEwithStartTimes2.xml
----------------- Instantiating /home/travis/build/icyphy/ptII/ptolemy/domains/de/test/auto/DEinDEwithStartTimes2.xml
2 ms. Memory: 382464K Free: 256532K (67%)
----------------- Invoking toplevel() on ptolemy.moml.MoMLSimpleApplication@4804ac75
----------------- Done invoking toplevel() on ptolemy.moml.MoMLSimpleApplication@4804ac75
reloadAllAccessors: .DEinDEwithStartTimes2

===========================================================================================
----------------- testing Thu Oct 18 02:35:37 UTC 2018 /home/travis/build/icyphy/ptII/ptolemy/domains/de/test/auto/DateDemo.xml
----------------- Instantiating /home/travis/build/icyphy/ptII/ptolemy/domains/de/test/auto/DateDemo.xml
10 ms. Memory: 382464K Free: 238484K (62%)
----------------- Invoking toplevel() on ptolemy.moml.MoMLSimpleApplication@6d7e122d
----------------- Done invoking toplevel() on ptolemy.moml.MoMLSimpleApplication@6d7e122d
reloadAllAccessors: .DateDemo

===========================================================================================
----------------- testing Thu Oct 18 02:35:37 UTC 2018 /home/travis/build/icyphy/ptII/ptolemy/domains/de/test/auto/DateToEvent.xml
----------------- Instantiating /home/travis/build/icyphy/ptII/ptolemy/domains/de/test/auto/DateToEvent.xml
2004 ms. Memory: 382464K Free: 214439K (56%)
----------------- Invoking toplevel() on ptolemy.moml.MoMLSimpleApplication@8795868
----------------- Done invoking toplevel() on ptolemy.moml.MoMLSimpleApplication@8795868
reloadAllAccessors: .DateToEvent

===========================================================================================
----------------- testing Thu Oct 18 02:35:39 UTC 2018 /home/travis/build/icyphy/ptII/ptolemy/domains/de/test/auto/DepthTest1.xml
----------------- Instantiating /home/travis/build/icyphy/ptII/ptolemy/domains/de/test/auto/DepthTest1.xml
1 ms. Memory: 382464K Free: 202418K (53%)
----------------- Invoking toplevel() on ptolemy.moml.MoMLSimpleApplication@3f3270dc
----------------- Done invoking toplevel() on ptolemy.moml.MoMLSimpleApplication@3f3270dc
reloadAllAccessors: .DepthTest1

===========================================================================================
----------------- testing Thu Oct 18 02:35:39 UTC 2018 /home/travis/build/icyphy/ptII/ptolemy/domains/de/test/auto/DepthTest2.xml
----------------- Instantiating /home/travis/build/icyphy/ptII/ptolemy/domains/de/test/auto/DepthTest2.xml
1 ms. Memory: 382464K Free: 184369K (48%)
----------------- Invoking toplevel() on ptolemy.moml.MoMLSimpleApplication@634de747
----------------- Done invoking toplevel() on ptolemy.moml.MoMLSimpleApplication@634de747
reloadAllAccessors: .DepthTest2

===========================================================================================
----------------- testing Thu Oct 18 02:35:39 UTC 2018 /home/travis/build/icyphy/ptII/ptolemy/domains/de/test/auto/DepthTest3.xml
----------------- Instantiating /home/travis/build/icyphy/ptII/ptolemy/domains/de/test/auto/DepthTest3.xml
1 ms. Memory: 382464K Free: 172347K (45%)
----------------- Invoking toplevel() on ptolemy.moml.MoMLSimpleApplication@59b28e39
----------------- Done invoking toplevel() on ptolemy.moml.MoMLSimpleApplication@59b28e39
reloadAllAccessors: .DepthTest3

===========================================================================================
----------------- testing Thu Oct 18 02:35:39 UTC 2018 /home/travis/build/icyphy/ptII/ptolemy/domains/de/test/auto/DepthTest4.xml
----------------- Instantiating /home/travis/build/icyphy/ptII/ptolemy/domains/de/test/auto/DepthTest4.xml
1 ms. Memory: 382464K Free: 160325K (42%)
----------------- Invoking toplevel() on ptolemy.moml.MoMLSimpleApplication@78d28fba
----------------- Done invoking toplevel() on ptolemy.moml.MoMLSimpleApplication@78d28fba
reloadAllAccessors: .DepthTest4

===========================================================================================
----------------- testing Thu Oct 18 02:35:39 UTC 2018 /home/travis/build/icyphy/ptII/ptolemy/domains/de/test/auto/DepthTest5.xml
----------------- Instantiating /home/travis/build/icyphy/ptII/ptolemy/domains/de/test/auto/DepthTest5.xml
2 ms. Memory: 382464K Free: 145176K (38%)
----------------- Invoking toplevel() on ptolemy.moml.MoMLSimpleApplication@2fdd6865
----------------- Done invoking toplevel() on ptolemy.moml.MoMLSimpleApplication@2fdd6865
reloadAllAccessors: .DepthTest5

===========================================================================================
----------------- testing Thu Oct 18 02:35:39 UTC 2018 /home/travis/build/icyphy/ptII/ptolemy/domains/de/test/auto/DepthTest6.xml
----------------- Instantiating /home/travis/build/icyphy/ptII/ptolemy/domains/de/test/auto/DepthTest6.xml
1 ms. Memory: 382464K Free: 133155K (35%)
----------------- Invoking toplevel() on ptolemy.moml.MoMLSimpleApplication@2c7251fb
----------------- Done invoking toplevel() on ptolemy.moml.MoMLSimpleApplication@2c7251fb
reloadAllAccessors: .DepthTest6

===========================================================================================
----------------- testing Thu Oct 18 02:35:39 UTC 2018 /home/travis/build/icyphy/ptII/ptolemy/domains/de/test/auto/DepthTest7.xml
----------------- Instantiating /home/travis/build/icyphy/ptII/ptolemy/domains/de/test/auto/DepthTest7.xml
2 ms. Memory: 382464K Free: 121133K (32%)
----------------- Invoking toplevel() on ptolemy.moml.MoMLSimpleApplication@6d6131dd
----------------- Done invoking toplevel() on ptolemy.moml.MoMLSimpleApplication@6d6131dd
reloadAllAccessors: .DepthTest7

===========================================================================================
----------------- testing Thu Oct 18 02:35:39 UTC 2018 /home/travis/build/icyphy/ptII/ptolemy/domains/de/test/auto/EventToDate.xml
----------------- Instantiating /home/travis/build/icyphy/ptII/ptolemy/domains/de/test/auto/EventToDate.xml
3004 ms. Memory: 382464K Free: 97081K (25%)
----------------- Invoking toplevel() on ptolemy.moml.MoMLSimpleApplication@1b8b1b0c
----------------- Done invoking toplevel() on ptolemy.moml.MoMLSimpleApplication@1b8b1b0c
reloadAllAccessors: .EventToDate

===========================================================================================
----------------- testing Thu Oct 18 02:35:42 UTC 2018 /home/travis/build/icyphy/ptII/ptolemy/domains/de/test/auto/FSM1.xml
----------------- Instantiating /home/travis/build/icyphy/ptII/ptolemy/domains/de/test/auto/FSM1.xml
17 ms. Memory: 382464K Free: 79041K (21%)
----------------- Invoking toplevel() on ptolemy.moml.MoMLSimpleApplication@1e9d45
----------------- Done invoking toplevel() on ptolemy.moml.MoMLSimpleApplication@1e9d45
reloadAllAccessors: .FSM1

===========================================================================================
----------------- testing Thu Oct 18 02:35:42 UTC 2018 /home/travis/build/icyphy/ptII/ptolemy/domains/de/test/auto/FSM7.xml
----------------- Instantiating /home/travis/build/icyphy/ptII/ptolemy/domains/de/test/auto/FSM7.xml
8 ms. Memory: 369152K Free: 348770K (94%)
----------------- Invoking toplevel() on ptolemy.moml.MoMLSimpleApplication@37492dcf
----------------- Done invoking toplevel() on ptolemy.moml.MoMLSimpleApplication@37492dcf
reloadAllAccessors: .FSM7

===========================================================================================
----------------- testing Thu Oct 18 02:35:42 UTC 2018 /home/travis/build/icyphy/ptII/ptolemy/domains/de/test/auto/Inspection.xml
----------------- Instantiating /home/travis/build/icyphy/ptII/ptolemy/domains/de/test/auto/Inspection.xml
27 ms. Memory: 369152K Free: 329508K (89%)
----------------- Invoking toplevel() on ptolemy.moml.MoMLSimpleApplication@538a2780
----------------- Done invoking toplevel() on ptolemy.moml.MoMLSimpleApplication@538a2780
reloadAllAccessors: .Inspection

===========================================================================================
----------------- testing Thu Oct 18 02:35:42 UTC 2018 /home/travis/build/icyphy/ptII/ptolemy/domains/de/test/auto/Iteration.xml
----------------- Instantiating /home/travis/build/icyphy/ptII/ptolemy/domains/de/test/auto/Iteration.xml
8 ms. Memory: 369152K Free: 317985K (86%)
----------------- Invoking toplevel() on ptolemy.moml.MoMLSimpleApplication@4d5f743
----------------- Done invoking toplevel() on ptolemy.moml.MoMLSimpleApplication@4d5f743
reloadAllAccessors: .Iteration

===========================================================================================
----------------- testing Thu Oct 18 02:35:42 UTC 2018 /home/travis/build/icyphy/ptII/ptolemy/domains/de/test/auto/LineFault.xml
----------------- Instantiating /home/travis/build/icyphy/ptII/ptolemy/domains/de/test/auto/LineFault.xml
420 ms. Memory: 369152K Free: 197186K (53%)
----------------- Invoking toplevel() on ptolemy.moml.MoMLSimpleApplication@71a62923
----------------- Done invoking toplevel() on ptolemy.moml.MoMLSimpleApplication@71a62923
reloadAllAccessors: .LineFault

===========================================================================================
----------------- testing Thu Oct 18 02:35:43 UTC 2018 /home/travis/build/icyphy/ptII/ptolemy/domains/de/test/auto/MergeModel1Add.xml
----------------- Instantiating /home/travis/build/icyphy/ptII/ptolemy/domains/de/test/auto/MergeModel1Add.xml
5 ms. Memory: 369152K Free: 174143K (47%)
----------------- Invoking toplevel() on ptolemy.moml.MoMLSimpleApplication@16e6715a
----------------- Done invoking toplevel() on ptolemy.moml.MoMLSimpleApplication@16e6715a
reloadAllAccessors: .MergeModel1Add

===========================================================================================
----------------- testing Thu Oct 18 02:35:43 UTC 2018 /home/travis/build/icyphy/ptII/ptolemy/domains/de/test/auto/MergeModel2Add.xml
----------------- Instantiating /home/travis/build/icyphy/ptII/ptolemy/domains/de/test/auto/MergeModel2Add.xml
4 ms. Memory: 369152K Free: 151985K (41%)
----------------- Invoking toplevel() on ptolemy.moml.MoMLSimpleApplication@7d31a18b
----------------- Done invoking toplevel() on ptolemy.moml.MoMLSimpleApplication@7d31a18b
reloadAllAccessors: .MergeModel2Add

===========================================================================================
----------------- testing Thu Oct 18 02:35:43 UTC 2018 /home/travis/build/icyphy/ptII/ptolemy/domains/de/test/auto/MergeModel3Add.xml
----------------- Instantiating /home/travis/build/icyphy/ptII/ptolemy/domains/de/test/auto/MergeModel3Add.xml
5 ms. Memory: 369152K Free: 128959K (35%)
----------------- Invoking toplevel() on ptolemy.moml.MoMLSimpleApplication@79952e76
----------------- Done invoking toplevel() on ptolemy.moml.MoMLSimpleApplication@79952e76
reloadAllAccessors: .MergeModel3Add

===========================================================================================
----------------- testing Thu Oct 18 02:35:43 UTC 2018 /home/travis/build/icyphy/ptII/ptolemy/domains/de/test/auto/MergeWithoutDiscard.xml
----------------- Instantiating /home/travis/build/icyphy/ptII/ptolemy/domains/de/test/auto/MergeWithoutDiscard.xml
1 ms. Memory: 369152K Free: 120326K (33%)
----------------- Invoking toplevel() on ptolemy.moml.MoMLSimpleApplication@6e485638
----------------- Done invoking toplevel() on ptolemy.moml.MoMLSimpleApplication@6e485638
reloadAllAccessors: .MergeWithoutDiscard

===========================================================================================
----------------- testing Thu Oct 18 02:35:43 UTC 2018 /home/travis/build/icyphy/ptII/ptolemy/domains/de/test/auto/Modal1.xml
----------------- Instantiating /home/travis/build/icyphy/ptII/ptolemy/domains/de/test/auto/Modal1.xml
10 ms. Memory: 369152K Free: 103051K (28%)
----------------- Invoking toplevel() on ptolemy.moml.MoMLSimpleApplication@7618bea2
----------------- Done invoking toplevel() on ptolemy.moml.MoMLSimpleApplication@7618bea2
reloadAllAccessors: .Modal1

===========================================================================================
----------------- testing Thu Oct 18 02:35:43 UTC 2018 /home/travis/build/icyphy/ptII/ptolemy/domains/de/test/auto/Modal2.xml
----------------- Instantiating /home/travis/build/icyphy/ptII/ptolemy/domains/de/test/auto/Modal2.xml
5 ms. Memory: 369152K Free: 83798K (23%)
----------------- Invoking toplevel() on ptolemy.moml.MoMLSimpleApplication@16f29410
----------------- Done invoking toplevel() on ptolemy.moml.MoMLSimpleApplication@16f29410
reloadAllAccessors: .Modal2

===========================================================================================
----------------- testing Thu Oct 18 02:35:43 UTC 2018 /home/travis/build/icyphy/ptII/ptolemy/domains/de/test/auto/Modal3.xml
----------------- Instantiating /home/travis/build/icyphy/ptII/ptolemy/domains/de/test/auto/Modal3.xml
5 ms. Memory: 355840K Free: 341287K (96%)
----------------- Invoking toplevel() on ptolemy.moml.MoMLSimpleApplication@238a3c04
----------------- Done invoking toplevel() on ptolemy.moml.MoMLSimpleApplication@238a3c04
reloadAllAccessors: .Modal3

===========================================================================================
----------------- testing Thu Oct 18 02:35:43 UTC 2018 /home/travis/build/icyphy/ptII/ptolemy/domains/de/test/auto/Modal4.xml
----------------- Instantiating /home/travis/build/icyphy/ptII/ptolemy/domains/de/test/auto/Modal4.xml
8 ms. Memory: 355840K Free: 323495K (91%)
----------------- Invoking toplevel() on ptolemy.moml.MoMLSimpleApplication@4d2caccf
----------------- Done invoking toplevel() on ptolemy.moml.MoMLSimpleApplication@4d2caccf
reloadAllAccessors: .Modal4

===========================================================================================
----------------- testing Thu Oct 18 02:35:43 UTC 2018 /home/travis/build/icyphy/ptII/ptolemy/domains/de/test/auto/Modal5.xml
----------------- Instantiating /home/travis/build/icyphy/ptII/ptolemy/domains/de/test/auto/Modal5.xml
7 ms. Memory: 355840K Free: 306981K (86%)
----------------- Invoking toplevel() on ptolemy.moml.MoMLSimpleApplication@6721dca0
----------------- Done invoking toplevel() on ptolemy.moml.MoMLSimpleApplication@6721dca0
reloadAllAccessors: .Modal5

===========================================================================================
----------------- testing Thu Oct 18 02:35:43 UTC 2018 /home/travis/build/icyphy/ptII/ptolemy/domains/de/test/auto/Modal6.xml
----------------- Instantiating /home/travis/build/icyphy/ptII/ptolemy/domains/de/test/auto/Modal6.xml
7 ms. Memory: 355840K Free: 289187K (81%)
----------------- Invoking toplevel() on ptolemy.moml.MoMLSimpleApplication@2005cb90
----------------- Done invoking toplevel() on ptolemy.moml.MoMLSimpleApplication@2005cb90
reloadAllAccessors: .Modal6

===========================================================================================
----------------- testing Thu Oct 18 02:35:43 UTC 2018 /home/travis/build/icyphy/ptII/ptolemy/domains/de/test/auto/Modal7.xml
----------------- Instantiating /home/travis/build/icyphy/ptII/ptolemy/domains/de/test/auto/Modal7.xml
7 ms. Memory: 355840K Free: 272704K (77%)
----------------- Invoking toplevel() on ptolemy.moml.MoMLSimpleApplication@7fb319e2
----------------- Done invoking toplevel() on ptolemy.moml.MoMLSimpleApplication@7fb319e2
reloadAllAccessors: .Modal7

===========================================================================================
----------------- testing Thu Oct 18 02:35:43 UTC 2018 /home/travis/build/icyphy/ptII/ptolemy/domains/de/test/auto/ModalModel.xml
----------------- Instantiating /home/travis/build/icyphy/ptII/ptolemy/domains/de/test/auto/ModalModel.xml
102 ms. Memory: 355840K Free: 201143K (57%)
----------------- Invoking toplevel() on ptolemy.moml.MoMLSimpleApplication@93bf941
----------------- Done invoking toplevel() on ptolemy.moml.MoMLSimpleApplication@93bf941
reloadAllAccessors: .ModalModel

===========================================================================================
----------------- testing Thu Oct 18 02:35:43 UTC 2018 /home/travis/build/icyphy/ptII/ptolemy/domains/de/test/auto/ModalSource.xml
----------------- Instantiating /home/travis/build/icyphy/ptII/ptolemy/domains/de/test/auto/ModalSource.xml
3 ms. Memory: 355840K Free: 188871K (53%)
----------------- Invoking toplevel() on ptolemy.moml.MoMLSimpleApplication@2c73148f
----------------- Done invoking toplevel() on ptolemy.moml.MoMLSimpleApplication@2c73148f
reloadAllAccessors: .ModalSource

===========================================================================================
----------------- testing Thu Oct 18 02:35:43 UTC 2018 /home/travis/build/icyphy/ptII/ptolemy/domains/de/test/auto/NonInterruptibleTimerZeroDelay.xml
----------------- Instantiating /home/travis/build/icyphy/ptII/ptolemy/domains/de/test/auto/NonInterruptibleTimerZeroDelay.xml
1 ms. Memory: 355840K Free: 180622K (51%)
----------------- Invoking toplevel() on ptolemy.moml.MoMLSimpleApplication@26945b91
----------------- Done invoking toplevel() on ptolemy.moml.MoMLSimpleApplication@26945b91
reloadAllAccessors: .NonInterruptibleTimerZeroDelay

===========================================================================================
----------------- testing Thu Oct 18 02:35:43 UTC 2018 /home/travis/build/icyphy/ptII/ptolemy/domains/de/test/auto/OpenQueueingNetwork.xml
----------------- Instantiating /home/travis/build/icyphy/ptII/ptolemy/domains/de/test/auto/OpenQueueingNetwork.xml
2009 ms. Memory: 332288K Free: 77965K (23%)
----------------- Invoking toplevel() on ptolemy.moml.MoMLSimpleApplication@644afe85
----------------- Done invoking toplevel() on ptolemy.moml.MoMLSimpleApplication@644afe85
reloadAllAccessors: .OpenQueueingNetwork

===========================================================================================
----------------- testing Thu Oct 18 02:35:45 UTC 2018 /home/travis/build/icyphy/ptII/ptolemy/domains/de/test/auto/OpenQueuingNetwork.xml
----------------- Instantiating /home/travis/build/icyphy/ptII/ptolemy/domains/de/test/auto/OpenQueuingNetwork.xml
222 ms. Memory: 322048K Free: 226340K (70%)
----------------- Invoking toplevel() on ptolemy.moml.MoMLSimpleApplication@48e5e80e
----------------- Done invoking toplevel() on ptolemy.moml.MoMLSimpleApplication@48e5e80e
reloadAllAccessors: .OpenQueuingNetwork

===========================================================================================
----------------- testing Thu Oct 18 02:35:45 UTC 2018 /home/travis/build/icyphy/ptII/ptolemy/domains/de/test/auto/PeriodicSampler.xml
----------------- Instantiating /home/travis/build/icyphy/ptII/ptolemy/domains/de/test/auto/PeriodicSampler.xml
2 ms. Memory: 322048K Free: 218138K (68%)
----------------- Invoking toplevel() on ptolemy.moml.MoMLSimpleApplication@dd6f812
----------------- Done invoking toplevel() on ptolemy.moml.MoMLSimpleApplication@dd6f812
reloadAllAccessors: .PeriodicSampler

===========================================================================================
----------------- testing Thu Oct 18 02:35:45 UTC 2018 /home/travis/build/icyphy/ptII/ptolemy/domains/de/test/auto/PersistentIO.xml
----------------- Instantiating /home/travis/build/icyphy/ptII/ptolemy/domains/de/test/auto/PersistentIO.xml
4 ms. Memory: 322048K Free: 205624K (64%)
----------------- Invoking toplevel() on ptolemy.moml.MoMLSimpleApplication@2824fe54
----------------- Done invoking toplevel() on ptolemy.moml.MoMLSimpleApplication@2824fe54
reloadAllAccessors: .PersistentIO

===========================================================================================
----------------- testing Thu Oct 18 02:35:45 UTC 2018 /home/travis/build/icyphy/ptII/ptolemy/domains/de/test/auto/PortParameterResetOnInitialize.xml
----------------- Instantiating /home/travis/build/icyphy/ptII/ptolemy/domains/de/test/auto/PortParameterResetOnInitialize.xml
1 ms. Memory: 322048K Free: 197913K (61%)
----------------- Invoking toplevel() on ptolemy.moml.MoMLSimpleApplication@7ca7c3b4
----------------- Done invoking toplevel() on ptolemy.moml.MoMLSimpleApplication@7ca7c3b4
reloadAllAccessors: .PortParameterResetOnInitialize

===========================================================================================
----------------- testing Thu Oct 18 02:35:45 UTC 2018 /home/travis/build/icyphy/ptII/ptolemy/domains/de/test/auto/PortParameterUpdates.xml
----------------- Instantiating /home/travis/build/icyphy/ptII/ptolemy/domains/de/test/auto/PortParameterUpdates.xml
2 ms. Memory: 322048K Free: 187792K (58%)
----------------- Invoking toplevel() on ptolemy.moml.MoMLSimpleApplication@17cf39c6
----------------- Done invoking toplevel() on ptolemy.moml.MoMLSimpleApplication@17cf39c6
reloadAllAccessors: .PortParameterUpdates

===========================================================================================
----------------- testing Thu Oct 18 02:35:46 UTC 2018 /home/travis/build/icyphy/ptII/ptolemy/domains/de/test/auto/QueueAndServer.xml
----------------- Instantiating /home/travis/build/icyphy/ptII/ptolemy/domains/de/test/auto/QueueAndServer.xml
10 ms. Memory: 322048K Free: 177678K (55%)
----------------- Invoking toplevel() on ptolemy.moml.MoMLSimpleApplication@57c16e7e
----------------- Done invoking toplevel() on ptolemy.moml.MoMLSimpleApplication@57c16e7e
reloadAllAccessors: .QueueAndServer

===========================================================================================
----------------- testing Thu Oct 18 02:35:46 UTC 2018 /home/travis/build/icyphy/ptII/ptolemy/domains/de/test/auto/Records.xml
----------------- Instantiating /home/travis/build/icyphy/ptII/ptolemy/domains/de/test/auto/Records.xml
6 ms. Memory: 322048K Free: 169966K (53%)
----------------- Invoking toplevel() on ptolemy.moml.MoMLSimpleApplication@6368c908
----------------- Done invoking toplevel() on ptolemy.moml.MoMLSimpleApplication@6368c908
reloadAllAccessors: .Records

===========================================================================================
----------------- testing Thu Oct 18 02:35:46 UTC 2018 /home/travis/build/icyphy/ptII/ptolemy/domains/de/test/auto/ResetTransitionWithStartTime1.xml
----------------- Instantiating /home/travis/build/icyphy/ptII/ptolemy/domains/de/test/auto/ResetTransitionWithStartTime1.xml
3 ms. Memory: 322048K Free: 159854K (50%)
----------------- Invoking toplevel() on ptolemy.moml.MoMLSimpleApplication@3bf00283
----------------- Done invoking toplevel() on ptolemy.moml.MoMLSimpleApplication@3bf00283
reloadAllAccessors: .ResetTransitionWithStartTime1

===========================================================================================
----------------- testing Thu Oct 18 02:35:46 UTC 2018 /home/travis/build/icyphy/ptII/ptolemy/domains/de/test/auto/ResetTransitionWithStartTime2.xml
----------------- Instantiating /home/travis/build/icyphy/ptII/ptolemy/domains/de/test/auto/ResetTransitionWithStartTime2.xml
3 ms. Memory: 322048K Free: 149749K (46%)
----------------- Invoking toplevel() on ptolemy.moml.MoMLSimpleApplication@3b39f945
----------------- Done invoking toplevel() on ptolemy.moml.MoMLSimpleApplication@3b39f945
reloadAllAccessors: .ResetTransitionWithStartTime2

===========================================================================================
----------------- testing Thu Oct 18 02:35:46 UTC 2018 /home/travis/build/icyphy/ptII/ptolemy/domains/de/test/auto/ResetTransitionWithStartTime3.xml
----------------- Instantiating /home/travis/build/icyphy/ptII/ptolemy/domains/de/test/auto/ResetTransitionWithStartTime3.xml
3 ms. Memory: 322048K Free: 139645K (43%)
----------------- Invoking toplevel() on ptolemy.moml.MoMLSimpleApplication@3018a6be
----------------- Done invoking toplevel() on ptolemy.moml.MoMLSimpleApplication@3018a6be
reloadAllAccessors: .ResetTransitionWithStartTime3

===========================================================================================
----------------- testing Thu Oct 18 02:35:46 UTC 2018 /home/travis/build/icyphy/ptII/ptolemy/domains/de/test/auto/ResetTransitionWithStartTime4.xml
----------------- Instantiating /home/travis/build/icyphy/ptII/ptolemy/domains/de/test/auto/ResetTransitionWithStartTime4.xml
2 ms. Memory: 322048K Free: 129532K (40%)
----------------- Invoking toplevel() on ptolemy.moml.MoMLSimpleApplication@61f721a3
----------------- Done invoking toplevel() on ptolemy.moml.MoMLSimpleApplication@61f721a3
reloadAllAccessors: .ResetTransitionWithStartTime4

===========================================================================================
----------------- testing Thu Oct 18 02:35:46 UTC 2018 /home/travis/build/icyphy/ptII/ptolemy/domains/de/test/auto/ResettableTimer1.xml
----------------- Instantiating /home/travis/build/icyphy/ptII/ptolemy/domains/de/test/auto/ResettableTimer1.xml
1 ms. Memory: 322048K Free: 121837K (38%)
----------------- Invoking toplevel() on ptolemy.moml.MoMLSimpleApplication@5281aa6d
----------------- Done invoking toplevel() on ptolemy.moml.MoMLSimpleApplication@5281aa6d
reloadAllAccessors: .ResettableTimer1

===========================================================================================
----------------- testing Thu Oct 18 02:35:46 UTC 2018 /home/travis/build/icyphy/ptII/ptolemy/domains/de/test/auto/ResettableTimer2.xml
----------------- Instantiating /home/travis/build/icyphy/ptII/ptolemy/domains/de/test/auto/ResettableTimer2.xml
1 ms. Memory: 322048K Free: 114142K (35%)
----------------- Invoking toplevel() on ptolemy.moml.MoMLSimpleApplication@364411d5
----------------- Done invoking toplevel() on ptolemy.moml.MoMLSimpleApplication@364411d5
reloadAllAccessors: .ResettableTimer2

===========================================================================================
----------------- testing Thu Oct 18 02:35:46 UTC 2018 /home/travis/build/icyphy/ptII/ptolemy/domains/de/test/auto/ResettableTimer3.xml
----------------- Instantiating /home/travis/build/icyphy/ptII/ptolemy/domains/de/test/auto/ResettableTimer3.xml
1 ms. Memory: 322048K Free: 106447K (33%)
----------------- Invoking toplevel() on ptolemy.moml.MoMLSimpleApplication@1d7c67c5
----------------- Done invoking toplevel() on ptolemy.moml.MoMLSimpleApplication@1d7c67c5
reloadAllAccessors: .ResettableTimer3

===========================================================================================
----------------- testing Thu Oct 18 02:35:46 UTC 2018 /home/travis/build/icyphy/ptII/ptolemy/domains/de/test/auto/ResettableTimer4.xml
----------------- Instantiating /home/travis/build/icyphy/ptII/ptolemy/domains/de/test/auto/ResettableTimer4.xml
1 ms. Memory: 322048K Free: 98752K (31%)
----------------- Invoking toplevel() on ptolemy.moml.MoMLSimpleApplication@4bece6e5
----------------- Done invoking toplevel() on ptolemy.moml.MoMLSimpleApplication@4bece6e5
reloadAllAccessors: .ResettableTimer4

===========================================================================================
----------------- testing Thu Oct 18 02:35:46 UTC 2018 /home/travis/build/icyphy/ptII/ptolemy/domains/de/test/auto/ResettableTimer5.xml
----------------- Instantiating /home/travis/build/icyphy/ptII/ptolemy/domains/de/test/auto/ResettableTimer5.xml
1 ms. Memory: 322048K Free: 91040K (28%)
----------------- Invoking toplevel() on ptolemy.moml.MoMLSimpleApplication@7ca68558
----------------- Done invoking toplevel() on ptolemy.moml.MoMLSimpleApplication@7ca68558
reloadAllAccessors: .ResettableTimer5

===========================================================================================
----------------- testing Thu Oct 18 02:35:46 UTC 2018 /home/travis/build/icyphy/ptII/ptolemy/domains/de/test/auto/ResettableTimer6.xml
----------------- Instantiating /home/travis/build/icyphy/ptII/ptolemy/domains/de/test/auto/ResettableTimer6.xml
4 ms. Memory: 322048K Free: 83345K (26%)
----------------- Invoking toplevel() on ptolemy.moml.MoMLSimpleApplication@5b711c07
----------------- Done invoking toplevel() on ptolemy.moml.MoMLSimpleApplication@5b711c07
reloadAllAccessors: .ResettableTimer6

===========================================================================================
----------------- testing Thu Oct 18 02:35:46 UTC 2018 /home/travis/build/icyphy/ptII/ptolemy/domains/de/test/auto/ServerZeroDelay.xml
----------------- Instantiating /home/travis/build/icyphy/ptII/ptolemy/domains/de/test/auto/ServerZeroDelay.xml
1 ms. Memory: 322048K Free: 75634K (23%)
----------------- Invoking toplevel() on ptolemy.moml.MoMLSimpleApplication@85293df
----------------- Done invoking toplevel() on ptolemy.moml.MoMLSimpleApplication@85293df
reloadAllAccessors: .ServerZeroDelay

===========================================================================================
----------------- testing Thu Oct 18 02:35:46 UTC 2018 /home/travis/build/icyphy/ptII/ptolemy/domains/de/test/auto/SmartSender.xml
----------------- Instantiating /home/travis/build/icyphy/ptII/ptolemy/domains/de/test/auto/SmartSender.xml
3007 ms. Memory: 313344K Free: 300267K (96%)
----------------- Invoking toplevel() on ptolemy.moml.MoMLSimpleApplication@34a69de5
----------------- Done invoking toplevel() on ptolemy.moml.MoMLSimpleApplication@34a69de5
reloadAllAccessors: .SmartSender

===========================================================================================
----------------- testing Thu Oct 18 02:35:49 UTC 2018 /home/travis/build/icyphy/ptII/ptolemy/domains/de/test/auto/ThreadedComposite.xml
----------------- Instantiating /home/travis/build/icyphy/ptII/ptolemy/domains/de/test/auto/ThreadedComposite.xml
1264 ms. Memory: 313344K Free: 139698K (45%)
----------------- Invoking toplevel() on ptolemy.moml.MoMLSimpleApplication@63ab6b31
----------------- Done invoking toplevel() on ptolemy.moml.MoMLSimpleApplication@63ab6b31
reloadAllAccessors: .ThreadedComposite

===========================================================================================
----------------- testing Thu Oct 18 02:35:50 UTC 2018 /home/travis/build/icyphy/ptII/ptolemy/domains/de/test/auto/Time.xml
----------------- Instantiating /home/travis/build/icyphy/ptII/ptolemy/domains/de/test/auto/Time.xml
416 ms. Memory: 313344K Free: 84140K (27%)
----------------- Invoking toplevel() on ptolemy.moml.MoMLSimpleApplication@11839646
----------------- Done invoking toplevel() on ptolemy.moml.MoMLSimpleApplication@11839646
reloadAllAccessors: .Time

===========================================================================================
----------------- testing Thu Oct 18 02:35:50 UTC 2018 /home/travis/build/icyphy/ptII/ptolemy/domains/de/test/auto/TimeDelayZeroDelay.xml
----------------- Instantiating /home/travis/build/icyphy/ptII/ptolemy/domains/de/test/auto/TimeDelayZeroDelay.xml
3 ms. Memory: 313344K Free: 76491K (24%)
----------------- Invoking toplevel() on ptolemy.moml.MoMLSimpleApplication@1ba67bd6
----------------- Done invoking toplevel() on ptolemy.moml.MoMLSimpleApplication@1ba67bd6
reloadAllAccessors: .TimeDelayZeroDelay

===========================================================================================
----------------- testing Thu Oct 18 02:35:50 UTC 2018 /home/travis/build/icyphy/ptII/ptolemy/domains/de/test/auto/TimerZeroDelay.xml
----------------- Instantiating /home/travis/build/icyphy/ptII/ptolemy/domains/de/test/auto/TimerZeroDelay.xml
4 ms. Memory: 301568K Free: 288475K (96%)
----------------- Invoking toplevel() on ptolemy.moml.MoMLSimpleApplication@5d0a0d76
----------------- Done invoking toplevel() on ptolemy.moml.MoMLSimpleApplication@5d0a0d76
reloadAllAccessors: .TimerZeroDelay

===========================================================================================
----------------- testing Thu Oct 18 02:35:50 UTC 2018 /home/travis/build/icyphy/ptII/ptolemy/domains/de/test/auto/TimingParadox.xml
----------------- Instantiating /home/travis/build/icyphy/ptII/ptolemy/domains/de/test/auto/TimingParadox.xml
284 ms. Memory: 301568K Free: 218881K (73%)
----------------- Invoking toplevel() on ptolemy.moml.MoMLSimpleApplication@2291a4b
----------------- Done invoking toplevel() on ptolemy.moml.MoMLSimpleApplication@2291a4b
reloadAllAccessors: .TimingParadox

===========================================================================================
----------------- testing Thu Oct 18 02:35:51 UTC 2018 /home/travis/build/icyphy/ptII/ptolemy/domains/de/test/auto/TransferInputs.xml
----------------- Instantiating /home/travis/build/icyphy/ptII/ptolemy/domains/de/test/auto/TransferInputs.xml
1 ms. Memory: 301568K Free: 212497K (70%)
----------------- Invoking toplevel() on ptolemy.moml.MoMLSimpleApplication@49e59263
----------------- Done invoking toplevel() on ptolemy.moml.MoMLSimpleApplication@49e59263
reloadAllAccessors: .TransferInputs

===========================================================================================
----------------- testing Thu Oct 18 02:35:51 UTC 2018 /home/travis/build/icyphy/ptII/ptolemy/domains/de/test/auto/TransferOutputs2.xml
----------------- Instantiating /home/travis/build/icyphy/ptII/ptolemy/domains/de/test/auto/TransferOutputs2.xml
6 ms. Memory: 301568K Free: 203202K (67%)
----------------- Invoking toplevel() on ptolemy.moml.MoMLSimpleApplication@12166247
----------------- Done invoking toplevel() on ptolemy.moml.MoMLSimpleApplication@12166247
reloadAllAccessors: .TransferOutputs2

===========================================================================================
----------------- testing Thu Oct 18 02:35:51 UTC 2018 /home/travis/build/icyphy/ptII/ptolemy/domains/de/test/auto/Trilateration.xml
----------------- Instantiating /home/travis/build/icyphy/ptII/ptolemy/domains/de/test/auto/Trilateration.xml
9927 ms. Memory: 553472K Free: 385586K (70%)
----------------- Invoking toplevel() on ptolemy.moml.MoMLSimpleApplication@3ab79265
----------------- Done invoking toplevel() on ptolemy.moml.MoMLSimpleApplication@3ab79265
reloadAllAccessors: .Trilateration

===========================================================================================
----------------- testing Thu Oct 18 02:36:01 UTC 2018 /home/travis/build/icyphy/ptII/ptolemy/domains/de/test/auto/TwoSigmaDelta.xml
----------------- Instantiating /home/travis/build/icyphy/ptII/ptolemy/domains/de/test/auto/TwoSigmaDelta.xml
1889 ms. Memory: 553472K Free: 80263K (15%)
----------------- Invoking toplevel() on ptolemy.moml.MoMLSimpleApplication@4fe9e448
----------------- Done invoking toplevel() on ptolemy.moml.MoMLSimpleApplication@4fe9e448
reloadAllAccessors: .TwoSigmaDelta

===========================================================================================
----------------- testing Thu Oct 18 02:36:03 UTC 2018 /home/travis/build/icyphy/ptII/ptolemy/domains/de/test/auto/VariableDelay.xml
----------------- Instantiating /home/travis/build/icyphy/ptII/ptolemy/domains/de/test/auto/VariableDelay.xml
2 ms. Memory: 553472K Free: 63056K (11%)
----------------- Invoking toplevel() on ptolemy.moml.MoMLSimpleApplication@6f1233ef
----------------- Done invoking toplevel() on ptolemy.moml.MoMLSimpleApplication@6f1233ef
reloadAllAccessors: .VariableDelay

===========================================================================================
----------------- testing Thu Oct 18 02:36:03 UTC 2018 /home/travis/build/icyphy/ptII/ptolemy/domains/de/test/auto/VariableDelay2.xml
----------------- Instantiating /home/travis/build/icyphy/ptII/ptolemy/domains/de/test/auto/VariableDelay2.xml
1 ms. Memory: 526848K Free: 484784K (92%)
----------------- Invoking toplevel() on ptolemy.moml.MoMLSimpleApplication@111c96da
----------------- Done invoking toplevel() on ptolemy.moml.MoMLSimpleApplication@111c96da
reloadAllAccessors: .VariableDelay2

===========================================================================================
----------------- testing Thu Oct 18 02:36:03 UTC 2018 /home/travis/build/icyphy/ptII/ptolemy/domains/de/test/auto/VariableDelayZeroDelay.xml
----------------- Instantiating /home/travis/build/icyphy/ptII/ptolemy/domains/de/test/auto/VariableDelayZeroDelay.xml
2 ms. Memory: 526848K Free: 466487K (89%)
----------------- Invoking toplevel() on ptolemy.moml.MoMLSimpleApplication@604f714d
----------------- Done invoking toplevel() on ptolemy.moml.MoMLSimpleApplication@604f714d
reloadAllAccessors: .VariableDelayZeroDelay

===========================================================================================
----------------- testing Thu Oct 18 02:36:03 UTC 2018 /home/travis/build/icyphy/ptII/ptolemy/domains/de/test/auto/VariableDelayZeroDelay2.xml
----------------- Instantiating /home/travis/build/icyphy/ptII/ptolemy/domains/de/test/auto/VariableDelayZeroDelay2.xml
1 ms. Memory: 526848K Free: 448190K (85%)
----------------- Invoking toplevel() on ptolemy.moml.MoMLSimpleApplication@3b6175e1
----------------- Done invoking toplevel() on ptolemy.moml.MoMLSimpleApplication@3b6175e1
reloadAllAccessors: .VariableDelayZeroDelay2

===========================================================================================
----------------- testing Thu Oct 18 02:36:03 UTC 2018 /home/travis/build/icyphy/ptII/ptolemy/domains/de/test/auto/deInCt.xml
----------------- Instantiating /home/travis/build/icyphy/ptII/ptolemy/domains/de/test/auto/deInCt.xml
0
1
1
1
0
0
1
1
1
0
0
0
0
1
1
1
1
0
0
0
1
1
0
0
0
0
1
1
1
0
0
1
1
1
1
0
0
0
1
1
1
1
1
4 ms. Memory: 526848K Free: 429894K (82%)
----------------- Invoking toplevel() on ptolemy.moml.MoMLSimpleApplication@5986f948
----------------- Done invoking toplevel() on ptolemy.moml.MoMLSimpleApplication@5986f948
reloadAllAccessors: .deInCt

===========================================================================================
----------------- testing Thu Oct 18 02:36:03 UTC 2018 /home/travis/build/icyphy/ptII/ptolemy/domains/de/test/auto/deInCt2.xml
----------------- Instantiating /home/travis/build/icyphy/ptII/ptolemy/domains/de/test/auto/deInCt2.xml
0
1
1
1
0
0
1
1
1
0
0
1
1
1
0
0
1
1
1
0
0
1
1
1
0
0
1
1
1
0
0
1
1
1
0
0
1
1
1
0
0
0
4 ms. Memory: 526848K Free: 411356K (78%)
----------------- Invoking toplevel() on ptolemy.moml.MoMLSimpleApplication@5c8500f2
----------------- Done invoking toplevel() on ptolemy.moml.MoMLSimpleApplication@5c8500f2
reloadAllAccessors: .deInCt2

===========================================================================================
----------------- testing Thu Oct 18 02:36:03 UTC 2018 /home/travis/build/icyphy/ptII/ptolemy/domains/de/test/auto/dynamicCausalityInterface1.xml
----------------- Instantiating /home/travis/build/icyphy/ptII/ptolemy/domains/de/test/auto/dynamicCausalityInterface1.xml
1 ms. Memory: 526848K Free: 384151K (73%)
----------------- Invoking toplevel() on ptolemy.moml.MoMLSimpleApplication@3ff3b34
----------------- Done invoking toplevel() on ptolemy.moml.MoMLSimpleApplication@3ff3b34
reloadAllAccessors: .dynamicCausalityInterface1

===========================================================================================
----------------- testing Thu Oct 18 02:36:03 UTC 2018 /home/travis/build/icyphy/ptII/ptolemy/domains/de/test/auto/fsm_de_test.xml
----------------- Instantiating /home/travis/build/icyphy/ptII/ptolemy/domains/de/test/auto/fsm_de_test.xml
4 ms. Memory: 526848K Free: 365854K (69%)
----------------- Invoking toplevel() on ptolemy.moml.MoMLSimpleApplication@4c7f1d2c
----------------- Done invoking toplevel() on ptolemy.moml.MoMLSimpleApplication@4c7f1d2c
reloadAllAccessors: .fsm_de_test

===========================================================================================
----------------- testing Thu Oct 18 02:36:04 UTC 2018 /home/travis/build/icyphy/ptII/ptolemy/domains/de/test/auto/functionDependencyReconstruction.xml
----------------- Instantiating /home/travis/build/icyphy/ptII/ptolemy/domains/de/test/auto/functionDependencyReconstruction.xml
2 ms. Memory: 526848K Free: 338393K (64%)
----------------- Invoking toplevel() on ptolemy.moml.MoMLSimpleApplication@418f4880
----------------- Done invoking toplevel() on ptolemy.moml.MoMLSimpleApplication@418f4880
reloadAllAccessors: .functionDependencyReconstruction

===========================================================================================
----------------- testing Thu Oct 18 02:36:04 UTC 2018 /home/travis/build/icyphy/ptII/ptolemy/domains/de/test/auto/multirate.xml
----------------- Instantiating /home/travis/build/icyphy/ptII/ptolemy/domains/de/test/auto/multirate.xml
2 ms. Memory: 526848K Free: 320097K (61%)
----------------- Invoking toplevel() on ptolemy.moml.MoMLSimpleApplication@5463808c
----------------- Done invoking toplevel() on ptolemy.moml.MoMLSimpleApplication@5463808c
reloadAllAccessors: .multirate

===========================================================================================
----------------- testing Thu Oct 18 02:36:04 UTC 2018 /home/travis/build/icyphy/ptII/ptolemy/domains/de/test/auto/multirate2.xml
----------------- Instantiating /home/travis/build/icyphy/ptII/ptolemy/domains/de/test/auto/multirate2.xml
2 ms. Memory: 526848K Free: 301800K (57%)
----------------- Invoking toplevel() on ptolemy.moml.MoMLSimpleApplication@3a10f23f
----------------- Done invoking toplevel() on ptolemy.moml.MoMLSimpleApplication@3a10f23f
reloadAllAccessors: .multirate2

===========================================================================================
----------------- testing Thu Oct 18 02:36:04 UTC 2018 /home/travis/build/icyphy/ptII/ptolemy/domains/de/test/auto/realtime.xml
----------------- Instantiating /home/travis/build/icyphy/ptII/ptolemy/domains/de/test/auto/realtime.xml
10001 ms. Memory: 526848K Free: 283504K (54%)
----------------- Invoking toplevel() on ptolemy.moml.MoMLSimpleApplication@11495194
----------------- Done invoking toplevel() on ptolemy.moml.MoMLSimpleApplication@11495194
reloadAllAccessors: .realtime

===========================================================================================
----------------- testing Thu Oct 18 02:36:14 UTC 2018 /home/travis/build/icyphy/ptII/ptolemy/domains/de/test/auto/relationGroup.xml
----------------- Instantiating /home/travis/build/icyphy/ptII/ptolemy/domains/de/test/auto/relationGroup.xml
1 ms. Memory: 526848K Free: 264968K (50%)
----------------- Invoking toplevel() on ptolemy.moml.MoMLSimpleApplication@32fe81c4
----------------- Done invoking toplevel() on ptolemy.moml.MoMLSimpleApplication@32fe81c4
reloadAllAccessors: .relationGroup

===========================================================================================
----------------- testing Thu Oct 18 02:36:14 UTC 2018 /home/travis/build/icyphy/ptII/ptolemy/domains/de/test/auto/relationGroup2.xml
----------------- Instantiating /home/travis/build/icyphy/ptII/ptolemy/domains/de/test/auto/relationGroup2.xml
1 ms. Memory: 526848K Free: 246671K (47%)
----------------- Invoking toplevel() on ptolemy.moml.MoMLSimpleApplication@3a1f3a08
----------------- Done invoking toplevel() on ptolemy.moml.MoMLSimpleApplication@3a1f3a08
reloadAllAccessors: .relationGroup2

===========================================================================================
----------------- testing Thu Oct 18 02:36:14 UTC 2018 /home/travis/build/icyphy/ptII/ptolemy/domains/de/test/auto/sortWithOpaquePorts.xml
----------------- Instantiating /home/travis/build/icyphy/ptII/ptolemy/domains/de/test/auto/sortWithOpaquePorts.xml
1 ms. Memory: 526848K Free: 228375K (43%)
----------------- Invoking toplevel() on ptolemy.moml.MoMLSimpleApplication@cddded1
----------------- Done invoking toplevel() on ptolemy.moml.MoMLSimpleApplication@cddded1
reloadAllAccessors: .sortWithOpaquePorts

===========================================================================================
----------------- testing Thu Oct 18 02:36:14 UTC 2018 /home/travis/build/icyphy/ptII/ptolemy/domains/de/test/auto/transferInputsandOutputs.xml
----------------- Instantiating /home/travis/build/icyphy/ptII/ptolemy/domains/de/test/auto/transferInputsandOutputs.xml
2 ms. Memory: 526848K Free: 209839K (40%)
----------------- Invoking toplevel() on ptolemy.moml.MoMLSimpleApplication@6f1d24e4
----------------- Done invoking toplevel() on ptolemy.moml.MoMLSimpleApplication@6f1d24e4
reloadAllAccessors: .transferInputsandOutputs

===========================================================================================
----------------- testing Thu Oct 18 02:36:14 UTC 2018 /home/travis/build/icyphy/ptII/ptolemy/domains/de/test/auto/triggerType.xml
----------------- Instantiating /home/travis/build/icyphy/ptII/ptolemy/domains/de/test/auto/triggerType.xml
1 ms. Memory: 526848K Free: 191543K (36%)
----------------- Invoking toplevel() on ptolemy.moml.MoMLSimpleApplication@7b83ff13
----------------- Done invoking toplevel() on ptolemy.moml.MoMLSimpleApplication@7b83ff13
reloadAllAccessors: .triggerType
AutoTests.java: About to close Vertx.
AutoTests.java: Vertx closed.
]]></system-out>
  <system-err><![CDATA[java.lang.RuntimeException: Execution failed
	at ptolemy.moml.MoMLSimpleApplication$UnloadThread.run(MoMLSimpleApplication.java:402)
Caused by: ptolemy.kernel.util.IllegalActionException: Found a zero delay loop containing .dependencyLoop.original
  in .dependencyLoop and .dependencyLoop.original
	at ptolemy.actor.util.CausalityInterfaceForComposites._computeOutputPortDepth(CausalityInterfaceForComposites.java:759)
	at ptolemy.actor.util.CausalityInterfaceForComposites._computeInputDepth(CausalityInterfaceForComposites.java:696)
	at ptolemy.actor.util.CausalityInterfaceForComposites._computeOutputPortDepth(CausalityInterfaceForComposites.java:765)
	at ptolemy.actor.util.CausalityInterfaceForComposites._computeInputDepth(CausalityInterfaceForComposites.java:696)
	at ptolemy.actor.util.CausalityInterfaceForComposites._computeOutputPortDepth(CausalityInterfaceForComposites.java:765)
	at ptolemy.actor.util.CausalityInterfaceForComposites._computeInputDepth(CausalityInterfaceForComposites.java:696)
	at ptolemy.actor.util.CausalityInterfaceForComposites._computeActorDepth(CausalityInterfaceForComposites.java:532)
	at ptolemy.actor.util.CausalityInterfaceForComposites.checkForCycles(CausalityInterfaceForComposites.java:96)
	at ptolemy.domains.de.kernel.DEDirector.preinitialize(DEDirector.java:1338)
	at ptolemy.actor.CompositeActor.preinitialize(CompositeActor.java:1828)
	at ptolemy.actor.Manager.preinitializeAndResolveTypes(Manager.java:1040)
	at ptolemy.actor.Manager.initialize(Manager.java:710)
	at ptolemy.actor.Manager.execute(Manager.java:356)
	at ptolemy.actor.Manager.run(Manager.java:1263)
	at ptolemy.actor.Manager$PtolemyRunThread.run(Manager.java:1915)
java.lang.RuntimeException: Execution failed
	at ptolemy.moml.MoMLSimpleApplication$UnloadThread.run(MoMLSimpleApplication.java:402)
Caused by: ptolemy.kernel.util.IllegalActionException: Found a zero delay loop containing .dependencyLoop2.original
  in .dependencyLoop2 and .dependencyLoop2.original
	at ptolemy.actor.util.CausalityInterfaceForComposites._computeOutputPortDepth(CausalityInterfaceForComposites.java:759)
	at ptolemy.actor.util.CausalityInterfaceForComposites._computeInputDepth(CausalityInterfaceForComposites.java:696)
	at ptolemy.actor.util.CausalityInterfaceForComposites._computeOutputPortDepth(CausalityInterfaceForComposites.java:765)
	at ptolemy.actor.util.CausalityInterfaceForComposites._computeInputDepth(CausalityInterfaceForComposites.java:696)
	at ptolemy.actor.util.CausalityInterfaceForComposites._computeOutputPortDepth(CausalityInterfaceForComposites.java:765)
	at ptolemy.actor.util.CausalityInterfaceForComposites._computeInputDepth(CausalityInterfaceForComposites.java:696)
	at ptolemy.actor.util.CausalityInterfaceForComposites._computeActorDepth(CausalityInterfaceForComposites.java:532)
	at ptolemy.actor.util.CausalityInterfaceForComposites.checkForCycles(CausalityInterfaceForComposites.java:96)
	at ptolemy.domains.de.kernel.DEDirector.preinitialize(DEDirector.java:1338)
	at ptolemy.actor.CompositeActor.preinitialize(CompositeActor.java:1828)
	at ptolemy.actor.Manager.preinitializeAndResolveTypes(Manager.java:1040)
	at ptolemy.actor.Manager.initialize(Manager.java:710)
	at ptolemy.actor.Manager.execute(Manager.java:356)
	at ptolemy.actor.Manager.run(Manager.java:1263)
	at ptolemy.actor.Manager$PtolemyRunThread.run(Manager.java:1915)
java.lang.RuntimeException: Execution failed
	at ptolemy.moml.MoMLSimpleApplication$UnloadThread.run(MoMLSimpleApplication.java:402)
Caused by: ptolemy.kernel.util.IllegalActionException: Found a zero delay loop containing .dependencyLoop.original
  in .dependencyLoop and .dependencyLoop.original
	at ptolemy.actor.util.CausalityInterfaceForComposites._computeOutputPortDepth(CausalityInterfaceForComposites.java:759)
	at ptolemy.actor.util.CausalityInterfaceForComposites._computeInputDepth(CausalityInterfaceForComposites.java:696)
	at ptolemy.actor.util.CausalityInterfaceForComposites._computeOutputPortDepth(CausalityInterfaceForComposites.java:765)
	at ptolemy.actor.util.CausalityInterfaceForComposites._computeInputDepth(CausalityInterfaceForComposites.java:696)
	at ptolemy.actor.util.CausalityInterfaceForComposites._computeOutputPortDepth(CausalityInterfaceForComposites.java:765)
	at ptolemy.actor.util.CausalityInterfaceForComposites._computeInputDepth(CausalityInterfaceForComposites.java:696)
	at ptolemy.actor.util.CausalityInterfaceForComposites._computeActorDepth(CausalityInterfaceForComposites.java:532)
	at ptolemy.actor.util.CausalityInterfaceForComposites.checkForCycles(CausalityInterfaceForComposites.java:96)
	at ptolemy.domains.de.kernel.DEDirector.preinitialize(DEDirector.java:1338)
	at ptolemy.actor.CompositeActor.preinitialize(CompositeActor.java:1828)
	at ptolemy.actor.Manager.preinitializeAndResolveTypes(Manager.java:1040)
	at ptolemy.actor.Manager.initialize(Manager.java:710)
	at ptolemy.actor.Manager.execute(Manager.java:356)
	at ptolemy.actor.Manager.run(Manager.java:1263)
	at ptolemy.actor.Manager$PtolemyRunThread.run(Manager.java:1915)
java.lang.RuntimeException: Execution failed
	at ptolemy.moml.MoMLSimpleApplication$UnloadThread.run(MoMLSimpleApplication.java:402)
Caused by: ptolemy.kernel.util.IllegalActionException: Actor is not ready to fire.  Perhaps UpSample.prefire() returned false? Try debugging the actor by selecting "Listen to Actor".  Also, for SDF check moml for tokenConsumptionRate on input.
  in .DESDFClockTest.Play Bell.Copy1:SDF Director and .DESDFClockTest.Play Bell.UpSample
	at ptolemy.actor.sched.StaticSchedulingDirector.fire(StaticSchedulingDirector.java:227)
	at ptolemy.domains.sdf.kernel.SDFDirector.fire(SDFDirector.java:500)
	at ptolemy.actor.CompositeActor.fire(CompositeActor.java:455)
	at ptolemy.domains.de.kernel.DEDirector._fire(DEDirector.java:1949)
	at ptolemy.domains.de.kernel.DEDirector.fire(DEDirector.java:502)
	at ptolemy.actor.CompositeActor.fire(CompositeActor.java:455)
	at ptolemy.actor.Manager.iterate(Manager.java:851)
	at ptolemy.actor.Manager.execute(Manager.java:369)
	at ptolemy.actor.Manager.run(Manager.java:1263)
	at ptolemy.actor.Manager$PtolemyRunThread.run(Manager.java:1915)
java.lang.RuntimeException: Execution failed
	at ptolemy.moml.MoMLSimpleApplication$UnloadThread.run(MoMLSimpleApplication.java:402)
Caused by: ptolemy.kernel.util.IllegalActionException: Found a zero delay loop containing .dependencyLoop2.original
  in .dependencyLoop2 and .dependencyLoop2.original
	at ptolemy.actor.util.CausalityInterfaceForComposites._computeOutputPortDepth(CausalityInterfaceForComposites.java:759)
	at ptolemy.actor.util.CausalityInterfaceForComposites._computeInputDepth(CausalityInterfaceForComposites.java:696)
	at ptolemy.actor.util.CausalityInterfaceForComposites._computeOutputPortDepth(CausalityInterfaceForComposites.java:765)
	at ptolemy.actor.util.CausalityInterfaceForComposites._computeInputDepth(CausalityInterfaceForComposites.java:696)
	at ptolemy.actor.util.CausalityInterfaceForComposites._computeOutputPortDepth(CausalityInterfaceForComposites.java:765)
	at ptolemy.actor.util.CausalityInterfaceForComposites._computeInputDepth(CausalityInterfaceForComposites.java:696)
	at ptolemy.actor.util.CausalityInterfaceForComposites._computeActorDepth(CausalityInterfaceForComposites.java:532)
	at ptolemy.actor.util.CausalityInterfaceForComposites.checkForCycles(CausalityInterfaceForComposites.java:96)
	at ptolemy.domains.de.kernel.DEDirector.preinitialize(DEDirector.java:1338)
	at ptolemy.actor.CompositeActor.preinitialize(CompositeActor.java:1828)
	at ptolemy.actor.Manager.preinitializeAndResolveTypes(Manager.java:1040)
	at ptolemy.actor.Manager.initialize(Manager.java:710)
	at ptolemy.actor.Manager.execute(Manager.java:356)
	at ptolemy.actor.Manager.run(Manager.java:1263)
	at ptolemy.actor.Manager$PtolemyRunThread.run(Manager.java:1915)
java.lang.RuntimeException: Execution failed
	at ptolemy.moml.MoMLSimpleApplication$UnloadThread.run(MoMLSimpleApplication.java:402)
Caused by: ptolemy.kernel.util.IllegalActionException: Found a zero delay loop containing .HierarchicalModel.A
  in .HierarchicalModel and .HierarchicalModel.A
	at ptolemy.actor.util.CausalityInterfaceForComposites._computeOutputPortDepth(CausalityInterfaceForComposites.java:759)
	at ptolemy.actor.util.CausalityInterfaceForComposites._computeInputDepth(CausalityInterfaceForComposites.java:696)
	at ptolemy.actor.util.CausalityInterfaceForComposites._computeOutputPortDepth(CausalityInterfaceForComposites.java:765)
	at ptolemy.actor.util.CausalityInterfaceForComposites._computeInputDepth(CausalityInterfaceForComposites.java:696)
	at ptolemy.actor.util.CausalityInterfaceForComposites._computeOutputPortDepth(CausalityInterfaceForComposites.java:765)
	at ptolemy.actor.util.CausalityInterfaceForComposites._computeInputDepth(CausalityInterfaceForComposites.java:696)
	at ptolemy.actor.util.CausalityInterfaceForComposites._computeActorDepth(CausalityInterfaceForComposites.java:532)
	at ptolemy.actor.util.CausalityInterfaceForComposites.checkForCycles(CausalityInterfaceForComposites.java:96)
	at ptolemy.domains.de.kernel.DEDirector.preinitialize(DEDirector.java:1338)
	at ptolemy.actor.CompositeActor.preinitialize(CompositeActor.java:1828)
	at ptolemy.actor.Manager.preinitializeAndResolveTypes(Manager.java:1040)
	at ptolemy.actor.Manager.initialize(Manager.java:710)
	at ptolemy.actor.Manager.execute(Manager.java:356)
	at ptolemy.actor.Manager.run(Manager.java:1263)
	at ptolemy.actor.Manager$PtolemyRunThread.run(Manager.java:1915)
java.lang.RuntimeException: Execution failed
	at ptolemy.moml.MoMLSimpleApplication$UnloadThread.run(MoMLSimpleApplication.java:402)
Caused by: ptolemy.kernel.util.IllegalActionException: Test fails in iteration 1.
Value was: 1.0. Should have been: 2.0
  in .DirectFeedback.Test
	at ptolemy.actor.lib.Test.fire(Test.java:268)
	at ptolemy.domains.de.kernel.DEDirector._fire(DEDirector.java:1949)
	at ptolemy.domains.de.kernel.DEDirector.fire(DEDirector.java:502)
	at ptolemy.actor.CompositeActor.fire(CompositeActor.java:455)
	at ptolemy.actor.Manager.iterate(Manager.java:851)
	at ptolemy.actor.Manager.execute(Manager.java:369)
	at ptolemy.actor.Manager.run(Manager.java:1263)
	at ptolemy.actor.Manager$PtolemyRunThread.run(Manager.java:1915)
java.lang.RuntimeException: Execution failed
	at ptolemy.moml.MoMLSimpleApplication$UnloadThread.run(MoMLSimpleApplication.java:402)
Caused by: ptolemy.kernel.util.IllegalActionException: Actor is not ready to fire.  Perhaps UpSample.prefire() returned false? Try debugging the actor by selecting "Listen to Actor".  Also, for SDF check moml for tokenConsumptionRate on input.
  in .DESDFClockTest.Play Bell.Copy1:SDF Director and .DESDFClockTest.Play Bell.UpSample
	at ptolemy.actor.sched.StaticSchedulingDirector.fire(StaticSchedulingDirector.java:227)
	at ptolemy.domains.sdf.kernel.SDFDirector.fire(SDFDirector.java:500)
	at ptolemy.actor.CompositeActor.fire(CompositeActor.java:455)
	at ptolemy.domains.de.kernel.DEDirector._fire(DEDirector.java:1949)
	at ptolemy.domains.de.kernel.DEDirector.fire(DEDirector.java:502)
	at ptolemy.actor.CompositeActor.fire(CompositeActor.java:455)
	at ptolemy.actor.Manager.iterate(Manager.java:851)
	at ptolemy.actor.Manager.execute(Manager.java:369)
	at ptolemy.actor.Manager.run(Manager.java:1263)
	at ptolemy.actor.Manager$PtolemyRunThread.run(Manager.java:1915)
java.lang.reflect.InvocationTargetException
	at sun.reflect.NativeConstructorAccessorImpl.newInstance0(Native Method)
	at sun.reflect.NativeConstructorAccessorImpl.newInstance(NativeConstructorAccessorImpl.java:62)
	at sun.reflect.DelegatingConstructorAccessorImpl.newInstance(DelegatingConstructorAccessorImpl.java:45)
	at java.lang.reflect.Constructor.newInstance(Constructor.java:423)
	at ptolemy.util.test.junit.AutoKnownFailedTests.RunModel(AutoKnownFailedTests.java:107)
	at sun.reflect.NativeMethodAccessorImpl.invoke0(Native Method)
	at sun.reflect.NativeMethodAccessorImpl.invoke(NativeMethodAccessorImpl.java:62)
	at sun.reflect.DelegatingMethodAccessorImpl.invoke(DelegatingMethodAccessorImpl.java:43)
	at java.lang.reflect.Method.invoke(Method.java:498)
	at org.junit.runners.model.FrameworkMethod$1.runReflectiveCall(FrameworkMethod.java:44)
	at org.junit.internal.runners.model.ReflectiveCallable.run(ReflectiveCallable.java:15)
	at org.junit.runners.model.FrameworkMethod.invokeExplosively(FrameworkMethod.java:41)
	at junitparams.internal.InvokeParameterisedMethod.evaluate(InvokeParameterisedMethod.java:102)
	at org.junit.internal.runners.statements.FailOnTimeout$1.run(FailOnTimeout.java:28)
Caused by: ptolemy.kernel.util.IllegalActionException: Actor is not ready to fire.  Perhaps UpSample.prefire() returned false? Try debugging the actor by selecting "Listen to Actor".  Also, for SDF check moml for tokenConsumptionRate on input.
  in .DESDFClockTest.Play Bell.Copy1:SDF Director and .DESDFClockTest.Play Bell.UpSample
	at ptolemy.actor.sched.StaticSchedulingDirector.fire(StaticSchedulingDirector.java:227)
	at ptolemy.domains.sdf.kernel.SDFDirector.fire(SDFDirector.java:500)
	at ptolemy.actor.CompositeActor.fire(CompositeActor.java:455)
	at ptolemy.domains.de.kernel.DEDirector._fire(DEDirector.java:1949)
	at ptolemy.domains.de.kernel.DEDirector.fire(DEDirector.java:502)
	at ptolemy.actor.CompositeActor.fire(CompositeActor.java:455)
	at ptolemy.actor.Manager.iterate(Manager.java:851)
	at ptolemy.actor.Manager.execute(Manager.java:369)
	at ptolemy.actor.Manager.run(Manager.java:1263)
	at ptolemy.actor.Manager$PtolemyRunThread.run(Manager.java:1915)
java.lang.RuntimeException: Execution failed
	at ptolemy.moml.MoMLSimpleApplication$UnloadThread.run(MoMLSimpleApplication.java:402)
Caused by: ptolemy.kernel.util.IllegalActionException: Test fails in iteration 1.
Value was: 1.0. Should have been: 2.0
  in .DirectFeedback.Test
	at ptolemy.actor.lib.Test.fire(Test.java:268)
	at ptolemy.domains.de.kernel.DEDirector._fire(DEDirector.java:1949)
	at ptolemy.domains.de.kernel.DEDirector.fire(DEDirector.java:502)
	at ptolemy.actor.CompositeActor.fire(CompositeActor.java:455)
	at ptolemy.actor.Manager.iterate(Manager.java:851)
	at ptolemy.actor.Manager.execute(Manager.java:369)
	at ptolemy.actor.Manager.run(Manager.java:1263)
	at ptolemy.actor.Manager$PtolemyRunThread.run(Manager.java:1915)
java.lang.reflect.InvocationTargetException
	at sun.reflect.NativeConstructorAccessorImpl.newInstance0(Native Method)
	at sun.reflect.NativeConstructorAccessorImpl.newInstance(NativeConstructorAccessorImpl.java:62)
	at sun.reflect.DelegatingConstructorAccessorImpl.newInstance(DelegatingConstructorAccessorImpl.java:45)
	at java.lang.reflect.Constructor.newInstance(Constructor.java:423)
	at ptolemy.util.test.junit.AutoKnownFailedTests.RunModel(AutoKnownFailedTests.java:107)
	at sun.reflect.NativeMethodAccessorImpl.invoke0(Native Method)
	at sun.reflect.NativeMethodAccessorImpl.invoke(NativeMethodAccessorImpl.java:62)
	at sun.reflect.DelegatingMethodAccessorImpl.invoke(DelegatingMethodAccessorImpl.java:43)
	at java.lang.reflect.Method.invoke(Method.java:498)
	at org.junit.runners.model.FrameworkMethod$1.runReflectiveCall(FrameworkMethod.java:44)
	at org.junit.internal.runners.model.ReflectiveCallable.run(ReflectiveCallable.java:15)
	at org.junit.runners.model.FrameworkMethod.invokeExplosively(FrameworkMethod.java:41)
	at junitparams.internal.InvokeParameterisedMethod.evaluate(InvokeParameterisedMethod.java:102)
	at org.junit.internal.runners.statements.FailOnTimeout$1.run(FailOnTimeout.java:28)
Caused by: ptolemy.kernel.util.IllegalActionException: Test fails in iteration 1.
Value was: 1.0. Should have been: 2.0
  in .DirectFeedback.Test
	at ptolemy.actor.lib.Test.fire(Test.java:268)
	at ptolemy.domains.de.kernel.DEDirector._fire(DEDirector.java:1949)
	at ptolemy.domains.de.kernel.DEDirector.fire(DEDirector.java:502)
	at ptolemy.actor.CompositeActor.fire(CompositeActor.java:455)
	at ptolemy.actor.Manager.iterate(Manager.java:851)
	at ptolemy.actor.Manager.execute(Manager.java:369)
	at ptolemy.actor.Manager.run(Manager.java:1263)
	at ptolemy.actor.Manager$PtolemyRunThread.run(Manager.java:1915)
java.lang.RuntimeException: Execution failed
	at ptolemy.moml.MoMLSimpleApplication$UnloadThread.run(MoMLSimpleApplication.java:402)
Caused by: ptolemy.kernel.util.IllegalActionException: Found a zero delay loop containing .HierarchicalModel.A
  in .HierarchicalModel and .HierarchicalModel.A
	at ptolemy.actor.util.CausalityInterfaceForComposites._computeOutputPortDepth(CausalityInterfaceForComposites.java:759)
	at ptolemy.actor.util.CausalityInterfaceForComposites._computeInputDepth(CausalityInterfaceForComposites.java:696)
	at ptolemy.actor.util.CausalityInterfaceForComposites._computeOutputPortDepth(CausalityInterfaceForComposites.java:765)
	at ptolemy.actor.util.CausalityInterfaceForComposites._computeInputDepth(CausalityInterfaceForComposites.java:696)
	at ptolemy.actor.util.CausalityInterfaceForComposites._computeOutputPortDepth(CausalityInterfaceForComposites.java:765)
	at ptolemy.actor.util.CausalityInterfaceForComposites._computeInputDepth(CausalityInterfaceForComposites.java:696)
	at ptolemy.actor.util.CausalityInterfaceForComposites._computeActorDepth(CausalityInterfaceForComposites.java:532)
	at ptolemy.actor.util.CausalityInterfaceForComposites.checkForCycles(CausalityInterfaceForComposites.java:96)
	at ptolemy.domains.de.kernel.DEDirector.preinitialize(DEDirector.java:1338)
	at ptolemy.actor.CompositeActor.preinitialize(CompositeActor.java:1828)
	at ptolemy.actor.Manager.preinitializeAndResolveTypes(Manager.java:1040)
	at ptolemy.actor.Manager.initialize(Manager.java:710)
	at ptolemy.actor.Manager.execute(Manager.java:356)
	at ptolemy.actor.Manager.run(Manager.java:1263)
	at ptolemy.actor.Manager$PtolemyRunThread.run(Manager.java:1915)
java.lang.reflect.InvocationTargetException
	at sun.reflect.NativeConstructorAccessorImpl.newInstance0(Native Method)
	at sun.reflect.NativeConstructorAccessorImpl.newInstance(NativeConstructorAccessorImpl.java:62)
	at sun.reflect.DelegatingConstructorAccessorImpl.newInstance(DelegatingConstructorAccessorImpl.java:45)
	at java.lang.reflect.Constructor.newInstance(Constructor.java:423)
	at ptolemy.util.test.junit.AutoKnownFailedTests.RunModel(AutoKnownFailedTests.java:107)
	at sun.reflect.NativeMethodAccessorImpl.invoke0(Native Method)
	at sun.reflect.NativeMethodAccessorImpl.invoke(NativeMethodAccessorImpl.java:62)
	at sun.reflect.DelegatingMethodAccessorImpl.invoke(DelegatingMethodAccessorImpl.java:43)
	at java.lang.reflect.Method.invoke(Method.java:498)
	at org.junit.runners.model.FrameworkMethod$1.runReflectiveCall(FrameworkMethod.java:44)
	at org.junit.internal.runners.model.ReflectiveCallable.run(ReflectiveCallable.java:15)
	at org.junit.runners.model.FrameworkMethod.invokeExplosively(FrameworkMethod.java:41)
	at junitparams.internal.InvokeParameterisedMethod.evaluate(InvokeParameterisedMethod.java:102)
	at org.junit.internal.runners.statements.FailOnTimeout$1.run(FailOnTimeout.java:28)
Caused by: ptolemy.kernel.util.IllegalActionException: Found a zero delay loop containing .HierarchicalModel.A
  in .HierarchicalModel and .HierarchicalModel.A
	at ptolemy.actor.util.CausalityInterfaceForComposites._computeOutputPortDepth(CausalityInterfaceForComposites.java:759)
	at ptolemy.actor.util.CausalityInterfaceForComposites._computeInputDepth(CausalityInterfaceForComposites.java:696)
	at ptolemy.actor.util.CausalityInterfaceForComposites._computeOutputPortDepth(CausalityInterfaceForComposites.java:765)
	at ptolemy.actor.util.CausalityInterfaceForComposites._computeInputDepth(CausalityInterfaceForComposites.java:696)
	at ptolemy.actor.util.CausalityInterfaceForComposites._computeOutputPortDepth(CausalityInterfaceForComposites.java:765)
	at ptolemy.actor.util.CausalityInterfaceForComposites._computeInputDepth(CausalityInterfaceForComposites.java:696)
	at ptolemy.actor.util.CausalityInterfaceForComposites._computeActorDepth(CausalityInterfaceForComposites.java:532)
	at ptolemy.actor.util.CausalityInterfaceForComposites.checkForCycles(CausalityInterfaceForComposites.java:96)
	at ptolemy.domains.de.kernel.DEDirector.preinitialize(DEDirector.java:1338)
	at ptolemy.actor.CompositeActor.preinitialize(CompositeActor.java:1828)
	at ptolemy.actor.Manager.preinitializeAndResolveTypes(Manager.java:1040)
	at ptolemy.actor.Manager.initialize(Manager.java:710)
	at ptolemy.actor.Manager.execute(Manager.java:356)
	at ptolemy.actor.Manager.run(Manager.java:1263)
	at ptolemy.actor.Manager$PtolemyRunThread.run(Manager.java:1915)
java.lang.RuntimeException: Execution failed
	at ptolemy.moml.MoMLSimpleApplication$UnloadThread.run(MoMLSimpleApplication.java:402)
Caused by: ptolemy.kernel.util.IllegalActionException: Found a zero delay loop containing .dependencyLoop.original
  in .dependencyLoop and .dependencyLoop.original
	at ptolemy.actor.util.CausalityInterfaceForComposites._computeOutputPortDepth(CausalityInterfaceForComposites.java:759)
	at ptolemy.actor.util.CausalityInterfaceForComposites._computeInputDepth(CausalityInterfaceForComposites.java:696)
	at ptolemy.actor.util.CausalityInterfaceForComposites._computeOutputPortDepth(CausalityInterfaceForComposites.java:765)
	at ptolemy.actor.util.CausalityInterfaceForComposites._computeInputDepth(CausalityInterfaceForComposites.java:696)
	at ptolemy.actor.util.CausalityInterfaceForComposites._computeOutputPortDepth(CausalityInterfaceForComposites.java:765)
	at ptolemy.actor.util.CausalityInterfaceForComposites._computeInputDepth(CausalityInterfaceForComposites.java:696)
	at ptolemy.actor.util.CausalityInterfaceForComposites._computeActorDepth(CausalityInterfaceForComposites.java:532)
	at ptolemy.actor.util.CausalityInterfaceForComposites.checkForCycles(CausalityInterfaceForComposites.java:96)
	at ptolemy.domains.de.kernel.DEDirector.preinitialize(DEDirector.java:1338)
	at ptolemy.actor.CompositeActor.preinitialize(CompositeActor.java:1828)
	at ptolemy.actor.Manager.preinitializeAndResolveTypes(Manager.java:1040)
	at ptolemy.actor.Manager.initialize(Manager.java:710)
	at ptolemy.actor.Manager.execute(Manager.java:356)
	at ptolemy.actor.Manager.run(Manager.java:1263)
	at ptolemy.actor.Manager$PtolemyRunThread.run(Manager.java:1915)
java.lang.reflect.InvocationTargetException
	at sun.reflect.NativeConstructorAccessorImpl.newInstance0(Native Method)
	at sun.reflect.NativeConstructorAccessorImpl.newInstance(NativeConstructorAccessorImpl.java:62)
	at sun.reflect.DelegatingConstructorAccessorImpl.newInstance(DelegatingConstructorAccessorImpl.java:45)
	at java.lang.reflect.Constructor.newInstance(Constructor.java:423)
	at ptolemy.util.test.junit.AutoKnownFailedTests.RunModel(AutoKnownFailedTests.java:107)
	at sun.reflect.NativeMethodAccessorImpl.invoke0(Native Method)
	at sun.reflect.NativeMethodAccessorImpl.invoke(NativeMethodAccessorImpl.java:62)
	at sun.reflect.DelegatingMethodAccessorImpl.invoke(DelegatingMethodAccessorImpl.java:43)
	at java.lang.reflect.Method.invoke(Method.java:498)
	at org.junit.runners.model.FrameworkMethod$1.runReflectiveCall(FrameworkMethod.java:44)
	at org.junit.internal.runners.model.ReflectiveCallable.run(ReflectiveCallable.java:15)
	at org.junit.runners.model.FrameworkMethod.invokeExplosively(FrameworkMethod.java:41)
	at junitparams.internal.InvokeParameterisedMethod.evaluate(InvokeParameterisedMethod.java:102)
	at org.junit.internal.runners.statements.FailOnTimeout$1.run(FailOnTimeout.java:28)
Caused by: ptolemy.kernel.util.IllegalActionException: Found a zero delay loop containing .dependencyLoop.original
  in .dependencyLoop and .dependencyLoop.original
	at ptolemy.actor.util.CausalityInterfaceForComposites._computeOutputPortDepth(CausalityInterfaceForComposites.java:759)
	at ptolemy.actor.util.CausalityInterfaceForComposites._computeInputDepth(CausalityInterfaceForComposites.java:696)
	at ptolemy.actor.util.CausalityInterfaceForComposites._computeOutputPortDepth(CausalityInterfaceForComposites.java:765)
	at ptolemy.actor.util.CausalityInterfaceForComposites._computeInputDepth(CausalityInterfaceForComposites.java:696)
	at ptolemy.actor.util.CausalityInterfaceForComposites._computeOutputPortDepth(CausalityInterfaceForComposites.java:765)
	at ptolemy.actor.util.CausalityInterfaceForComposites._computeInputDepth(CausalityInterfaceForComposites.java:696)
	at ptolemy.actor.util.CausalityInterfaceForComposites._computeActorDepth(CausalityInterfaceForComposites.java:532)
	at ptolemy.actor.util.CausalityInterfaceForComposites.checkForCycles(CausalityInterfaceForComposites.java:96)
	at ptolemy.domains.de.kernel.DEDirector.preinitialize(DEDirector.java:1338)
	at ptolemy.actor.CompositeActor.preinitialize(CompositeActor.java:1828)
	at ptolemy.actor.Manager.preinitializeAndResolveTypes(Manager.java:1040)
	at ptolemy.actor.Manager.initialize(Manager.java:710)
	at ptolemy.actor.Manager.execute(Manager.java:356)
	at ptolemy.actor.Manager.run(Manager.java:1263)
	at ptolemy.actor.Manager$PtolemyRunThread.run(Manager.java:1915)
java.lang.RuntimeException: Execution failed
	at ptolemy.moml.MoMLSimpleApplication$UnloadThread.run(MoMLSimpleApplication.java:402)
Caused by: ptolemy.kernel.util.IllegalActionException: Found a zero delay loop containing .dependencyLoop2.original
  in .dependencyLoop2 and .dependencyLoop2.original
	at ptolemy.actor.util.CausalityInterfaceForComposites._computeOutputPortDepth(CausalityInterfaceForComposites.java:759)
	at ptolemy.actor.util.CausalityInterfaceForComposites._computeInputDepth(CausalityInterfaceForComposites.java:696)
	at ptolemy.actor.util.CausalityInterfaceForComposites._computeOutputPortDepth(CausalityInterfaceForComposites.java:765)
	at ptolemy.actor.util.CausalityInterfaceForComposites._computeInputDepth(CausalityInterfaceForComposites.java:696)
	at ptolemy.actor.util.CausalityInterfaceForComposites._computeOutputPortDepth(CausalityInterfaceForComposites.java:765)
	at ptolemy.actor.util.CausalityInterfaceForComposites._computeInputDepth(CausalityInterfaceForComposites.java:696)
	at ptolemy.actor.util.CausalityInterfaceForComposites._computeActorDepth(CausalityInterfaceForComposites.java:532)
	at ptolemy.actor.util.CausalityInterfaceForComposites.checkForCycles(CausalityInterfaceForComposites.java:96)
	at ptolemy.domains.de.kernel.DEDirector.preinitialize(DEDirector.java:1338)
	at ptolemy.actor.CompositeActor.preinitialize(CompositeActor.java:1828)
	at ptolemy.actor.Manager.preinitializeAndResolveTypes(Manager.java:1040)
	at ptolemy.actor.Manager.initialize(Manager.java:710)
	at ptolemy.actor.Manager.execute(Manager.java:356)
	at ptolemy.actor.Manager.run(Manager.java:1263)
	at ptolemy.actor.Manager$PtolemyRunThread.run(Manager.java:1915)
java.lang.reflect.InvocationTargetException
	at sun.reflect.NativeConstructorAccessorImpl.newInstance0(Native Method)
	at sun.reflect.NativeConstructorAccessorImpl.newInstance(NativeConstructorAccessorImpl.java:62)
	at sun.reflect.DelegatingConstructorAccessorImpl.newInstance(DelegatingConstructorAccessorImpl.java:45)
	at java.lang.reflect.Constructor.newInstance(Constructor.java:423)
	at ptolemy.util.test.junit.AutoKnownFailedTests.RunModel(AutoKnownFailedTests.java:107)
	at sun.reflect.NativeMethodAccessorImpl.invoke0(Native Method)
	at sun.reflect.NativeMethodAccessorImpl.invoke(NativeMethodAccessorImpl.java:62)
	at sun.reflect.DelegatingMethodAccessorImpl.invoke(DelegatingMethodAccessorImpl.java:43)
	at java.lang.reflect.Method.invoke(Method.java:498)
	at org.junit.runners.model.FrameworkMethod$1.runReflectiveCall(FrameworkMethod.java:44)
	at org.junit.internal.runners.model.ReflectiveCallable.run(ReflectiveCallable.java:15)
	at org.junit.runners.model.FrameworkMethod.invokeExplosively(FrameworkMethod.java:41)
	at junitparams.internal.InvokeParameterisedMethod.evaluate(InvokeParameterisedMethod.java:102)
	at org.junit.internal.runners.statements.FailOnTimeout$1.run(FailOnTimeout.java:28)
Caused by: ptolemy.kernel.util.IllegalActionException: Found a zero delay loop containing .dependencyLoop2.original
  in .dependencyLoop2 and .dependencyLoop2.original
	at ptolemy.actor.util.CausalityInterfaceForComposites._computeOutputPortDepth(CausalityInterfaceForComposites.java:759)
	at ptolemy.actor.util.CausalityInterfaceForComposites._computeInputDepth(CausalityInterfaceForComposites.java:696)
	at ptolemy.actor.util.CausalityInterfaceForComposites._computeOutputPortDepth(CausalityInterfaceForComposites.java:765)
	at ptolemy.actor.util.CausalityInterfaceForComposites._computeInputDepth(CausalityInterfaceForComposites.java:696)
	at ptolemy.actor.util.CausalityInterfaceForComposites._computeOutputPortDepth(CausalityInterfaceForComposites.java:765)
	at ptolemy.actor.util.CausalityInterfaceForComposites._computeInputDepth(CausalityInterfaceForComposites.java:696)
	at ptolemy.actor.util.CausalityInterfaceForComposites._computeActorDepth(CausalityInterfaceForComposites.java:532)
	at ptolemy.actor.util.CausalityInterfaceForComposites.checkForCycles(CausalityInterfaceForComposites.java:96)
	at ptolemy.domains.de.kernel.DEDirector.preinitialize(DEDirector.java:1338)
	at ptolemy.actor.CompositeActor.preinitialize(CompositeActor.java:1828)
	at ptolemy.actor.Manager.preinitializeAndResolveTypes(Manager.java:1040)
	at ptolemy.actor.Manager.initialize(Manager.java:710)
	at ptolemy.actor.Manager.execute(Manager.java:356)
	at ptolemy.actor.Manager.run(Manager.java:1263)
	at ptolemy.actor.Manager$PtolemyRunThread.run(Manager.java:1915)
]]></system-err>
</testsuite>
