<?xml version="1.0" encoding="UTF-8" ?>
<testsuite errors="0" failures="1" hostname="travis-job-340e329b-7d13-4f81-9357-a36fb792bb8f" name="ptolemy.actor.lib.test.junit.JUnitTclTest" skipped="0" tests="517" time="62.945" timestamp="2019-07-19T06:57:37">
  <properties>
    <property name="npm.executable" value="npm" />
    <property name="env.TRAVIS_ROOT" value="/" />
    <property name="ptII.mk.exists" value="true" />
    <property name="env.TRAVIS_APP_HOST" value="build.travis-ci.org" />
    <property name="env.rvm_bin_path" value="/home/travis/.rvm/bin" />
    <property name="java.home" value="/usr/local/lib/jvm/openjdk11" />
    <property name="env.TRAVIS_JOB_NUMBER" value="1256.8" />
    <property name="env.TRAVIS_HOME" value="/home/travis" />
    <property name="env.DISPLAY" value=":99.0" />
    <property name="env.TRAVIS_INIT" value="systemd" />
    <property name="env.SSH_TTY" value="/dev/pts/0" />
    <property name="java.net.preferIPv4Stack" value="true" />
    <property name="env.RUN_TESTS" value="true" />
    <property name="timeout.short" value="1000000" />
    <property name="junit.formatter" value="xml" />
    <property name="env.TRAVIS_SUDO" value="true" />
    <property name="env.TRAVIS_JOB_NAME" value="" />
    <property name="env.TRAVIS_STACK_NODE_ATTRIBUTES" value="/.node-attributes.yml" />
    <property name="env.LOGNAME" value="travis" />
    <property name="env.PT_TRAVIS_TEST_CORE1_XML" value="true" />
    <property name="jsdoc.home" value="node_modules/@terraswarm/jsdoc" />
    <property name="debuglevel" value="source,lines,vars" />
    <property name="checkstyle.formatter" value="xml" />
    <property name="env._system_version" value="16.04" />
    <property name="bin.vergil.makeable" value="true" />
    <property name="sun.os.patch.level" value="unknown" />
    <property name="java.vendor.url" value="http://java.oracle.com/" />
    <property name="env.TRAVIS_BUILD_WEB_URL" value="https://travis-ci.org/icyphy/ptII/builds/560836129" />
    <property name="java.version" value="11.0.2" />
    <property name="env.TZ" value="UTC" />
    <property name="env.TRAVIS_PULL_REQUEST_SHA" value="" />
    <property name="env.PT_NO_NET" value="true" />
    <property name="env.TRAVIS_SECURE_ENV_VARS" value="true" />
    <property name="env._system_type" value="Linux" />
    <property name="java.vendor.url.bug" value="http://bugreport.java.com/bugreport/" />
    <property name="npmjs-org-is-up" value="true" />
    <property name="env.LANGUAGE" value="en_US.UTF-8" />
    <property name="env.SSH_CLIENT" value="10.10.4.229 43748 22" />
    <property name="env.GEM_HOME" value="/home/travis/.rvm/gems/ruby-2.5.3" />
    <property name="env.HAS_ANTARES_THREE_LITTLE_FRONZIES_BADGE" value="true" />
    <property name="java.version.date" value="2019-01-15" />
    <property name="env.PS4" value="+" />
    <property name="ant.project.invoked-targets" value="build,test.core1.xml" />
    <property name="env.TRAVIS_PULL_REQUEST_BRANCH" value="" />
    <property name="env.TRAVIS_REPO_SLUG" value="icyphy/ptII" />
    <property name="env.XDG_DATA_DIRS" value="/usr/local/share:/usr/share:/var/lib/snapd/desktop" />
    <property name="jdk.debug" value="release" />
    <property name="env.TRAVIS_APT_PROXY" value="http://apt.cache.travis-ci.com" />
    <property name="node.in.path" value="true" />
    <property name="user.name" value="travis" />
    <property name="java.maxmemory" value="1400m" />
    <property name="env.RUBY_VERSION" value="ruby-2.5.3" />
    <property name="env.LANG" value="en_US.UTF-8" />
    <property name="sun.io.unicode.encoding" value="UnicodeLittle" />
    <property name="sun.jnu.encoding" value="UTF-8" />
    <property name="java.runtime.name" value="OpenJDK Runtime Environment" />
    <property name="usefile" value="false" />
    <property name="return.code" value="0" />
    <property name="junit.single.formatter" value="plain" />
    <property name="env.DYLD_LIBRARY_PATH" value="/home/travis/pthla/certi-tools/lib:" />
    <property name="env.DEBIAN_FRONTEND" value="noninteractive" />
    <property name="env.SSH_CONNECTION" value="10.10.4.229 43748 10.20.1.208 22" />
    <property name="env.MYSQL_UNIX_PORT" value="/var/run/mysqld/mysqld.sock" />
    <property name="env.LC_ALL" value="en_US.UTF-8" />
    <property name="env.TRAVIS_ALLOW_FAILURE" value="false" />
    <property name="env.TRAVIS_JOB_WEB_URL" value="https://travis-ci.org/icyphy/ptII/jobs/560836137" />
    <property name="java.specification.name" value="Java Platform API Specification" />
    <property name="node.works" value="true" />
    <property name="user.timezone" value="" />
    <property name="path.separator" value=":" />
    <property name="env.TRAVIS_ENABLE_INFRA_DETECTION" value="true" />
    <property name="env.PYTHON_CFLAGS" value="-g -fstack-protector --param=ssp-buffer-size=4 -Wformat -Werror=format-security" />
    <property name="timeout.long" value="4000000" />
    <property name="env.CERTI_HOME" value="/home/travis/pthla/certi-tools" />
    <property name="ant.file.ptII" value="/home/travis/build/icyphy/ptII/build.xml" />
    <property name="javadoc.packagenames" value="com.*,diva.*,lbnl.*,org.hlacerti.*,org.json.*,org.ptolemy.*,org.terraswarm.*,ptolemy.*,ptserver.*" />
    <property name="file.encoding" value="UTF-8" />
    <property name="env.TRAVIS_PULL_REQUEST_SLUG" value="" />
    <property name="ant.project.default-target" value="build" />
    <property name="env.GIT_ASKPASS" value="echo" />
    <property name="env.HOME" value="/home/travis" />
    <property name="sun.java.command" value="org.apache.tools.ant.taskdefs.optional.junit.JUnitTestRunner ptolemy.actor.lib.test.junit.JUnitTclTest skipNonTests=false filtertrace=true haltOnError=false haltOnFailure=false formatter=org.apache.tools.ant.taskdefs.optional.junit.OutErrSummaryJUnitResultFormatter showoutput=true outputtoformatters=true logfailedtests=true threadid=0 logtestlistenerevents=false formatter=org.apache.tools.ant.taskdefs.optional.junit.XMLJUnitResultFormatter,/home/travis/build/icyphy/ptII/reports/junit/TEST-ptolemy.actor.lib.test.junit.JUnitTclTest.xml crashfile=/home/travis/build/icyphy/ptII/junitvmwatcher6742456888150593385.properties propsfile=/home/travis/build/icyphy/ptII/junit16953023709867156962.properties" />
    <property name="env.COMPOSER_NO_INTERACTION" value="1" />
    <property name="env.MANPATH" value="/home/travis/.nvm/versions/node/v7.10.1/share/man:/home/travis/.rvm/rubies/ruby-2.5.3/share/man:/usr/local/cmake-3.12.4/man:/usr/local/clang-7.0.0/share/man:/usr/local/man:/usr/local/share/man:/usr/share/man:/home/travis/.rvm/man" />
    <property name="env.TRAVIS_TIMER_ID" value="049fba08" />
    <property name="ant.file" value="/home/travis/build/icyphy/ptII/build.xml" />
    <property name="env.TRAVIS_COMMIT_RANGE" value="c2f4d43629620b4569dc2407e9d0b7b956a62bbf...dad22e24cfbde6c3ee693b4ed7450acd4c6a51b9" />
    <property name="env._system_name" value="Ubuntu" />
    <property name="ptII.classpath.optional.property" value="/home/travis/build/icyphy/ptII/lib/bsh-2.0b4.jar:/home/travis/build/icyphy/ptII/lib/ptCal.jar:/home/travis/build/icyphy/ptII/lib/java_cup.jar:/home/travis/build/icyphy/ptII/lib/saxon8.jar:/home/travis/build/icyphy/ptII/lib/saxon8-dom.jar:/home/travis/build/icyphy/ptII/lib/chic.jar:/home/travis/build/icyphy/ptII/lib/ptcolt.jar:/home/travis/build/icyphy/ptII/vendors/misc/itext/iText.jar:/home/travis/build/icyphy/ptII/lib/g4ltl.jar:/home/travis/build/icyphy/ptII/lib/StructuralCoder.jar:/home/travis/build/icyphy/ptII/lib/jcerti.jar:/home/travis/build/icyphy/ptII/lib/javax.mail.jar:/home/travis/build/icyphy/ptII/vendors/JMF-2.1.1e/lib/jmf.jar:/home/travis/build/icyphy/ptII/lib/jna-4.0.0-variadic.jar:/home/travis/build/icyphy/ptII/vendors/misc/joystick/Joystick.jar:/home/travis/build/icyphy/ptII/lib/ptjacl.jar:/home/travis/build/icyphy/ptII/lib/jsoup-1.8.2.jar:/home/travis/build/icyphy/ptII/lib/junit-4.8.2.jar:/home/travis/build/icyphy/ptII/lib/JUnitParams-0.4.0.jar:/home/travis/build/icyphy/ptII/ptolemy/actor/lib/excel/jxl.jar:/home/travis/build/icyphy/ptII/lib/jython.jar:/home/travis/build/icyphy/ptII/lib/kieler.jar:/home/travis/build/icyphy/ptII/vendors/opencv/share/OpenCV/java/opencv-341.jar:/home/travis/build/icyphy/ptII/lib/oscP5.jar:/home/travis/build/icyphy/ptII/lib/nrjavaserial-3.11.0.devel.jar:/home/travis/build/icyphy/ptII/vendors/j3d/lib/Linux/j3dcore.jar:/home/travis/build/icyphy/ptII/vendors/j3d/lib/Linux/j3dutils.jar:/home/travis/build/icyphy/ptII/vendors/j3d/lib/Linux/vecmath.jar:/home/travis/build/icyphy/ptII/vendors/jogl/lib/Linux/gluegen-rt-natives-linux-amd64.jar:/home/travis/build/icyphy/ptII/vendors/jogl/lib/Linux/gluegen-rt.jar:/home/travis/build/icyphy/ptII/vendors/jogl/lib/Linux/jogl-all-natives-linux-amd64.jar:/home/travis/build/icyphy/ptII/vendors/jogl/lib/Linux/jogl-all.jar:/home/travis/build/icyphy/ptII/ptolemy/distributed/jini/jar/jini-core.jar:/home/travis/build/icyphy/ptII/ptolemy/distributed/jini/jar/jini-ext.jar:/home/travis/build/icyphy/ptII/ptolemy/distributed/jini/jar/sun-util.jar:/home/travis/build/icyphy/ptII/lib/protobuf-java-2.4.1.jar:/home/travis/build/icyphy/ptII/lib/org.eclipse.paho.client.mqttv3.jar:/home/travis/build/icyphy/ptII/lib/mapss.jar:/home/travis/build/icyphy/ptII/ptolemy/actor/ptalon/antlr/antlr.jar:/home/travis/build/icyphy/ptII/lib/JRI.jar:/home/travis/build/icyphy/ptII/lib/commons-lang-2.6.jar:/home/travis/build/icyphy/ptII/lib/commons-logging-1.1.1.jar:/home/travis/build/icyphy/ptII/lib/sootclasses.jar:/home/travis/build/icyphy/ptII/ptolemy/actor/lib/database/mysql-connector-java-5.1.6-bin.jar:/home/travis/build/icyphy/ptII/vendors/misc/sphinx4/sphinx4-data-5prealpha.jar:/home/travis/build/icyphy/ptII/vendors/misc/sphinx4/sphinx4-core-5prealpha.jar:/home/travis/build/icyphy/ptII/lib/PDFRenderer.jar:/home/travis/build/icyphy/ptII/lib/svgSalamander.jar:/home/travis/build/icyphy/ptII/lib/rsyntaxtextarea-2.6.0-SNAPSHOT.jar:/home/travis/build/icyphy/ptII/lib/hazelcast-3.8.2.jar:/home/travis/build/icyphy/ptII/lib/jackson-annotations-2.9.0.jar:/home/travis/build/icyphy/ptII/lib/jackson-core-2.9.3.jar:/home/travis/build/icyphy/ptII/lib/jackson-databind-2.9.3.jar:/home/travis/build/icyphy/ptII/lib/netty-buffer-4.1.19.Final.jar:/home/travis/build/icyphy/ptII/lib/netty-codec-4.1.19.Final.jar:/home/travis/build/icyphy/ptII/lib/netty-codec-dns-4.1.19.Final.jar:/home/travis/build/icyphy/ptII/lib/netty-codec-http-4.1.19.Final.jar:/home/travis/build/icyphy/ptII/lib/netty-codec-http2-4.1.19.Final.jar:/home/travis/build/icyphy/ptII/lib/netty-common-4.1.19.Final.jar:/home/travis/build/icyphy/ptII/lib/netty-handler-4.1.19.Final.jar:/home/travis/build/icyphy/ptII/lib/netty-resolver-4.1.19.Final.jar:/home/travis/build/icyphy/ptII/lib/netty-resolver-dns-4.1.19.Final.jar:/home/travis/build/icyphy/ptII/lib/netty-transport-4.1.19.Final.jar:/home/travis/build/icyphy/ptII/lib/vertx-codegen-3.5.1.jar:/home/travis/build/icyphy/ptII/lib/vertx-core-3.5.2-SNAPSHOT.jar:/home/travis/build/icyphy/ptII/lib/vertx-hazelcast-3.5.1.jar:/home/travis/build/icyphy/ptII/lib/vertx-lang-js-3.5.1.jar:/home/travis/build/icyphy/ptII/lib/vertx-service-proxy-3.5.1.jar:/home/travis/build/icyphy/ptII/lib/vertx-web-3.5.1.jar:/home/travis/build/icyphy/ptII/lib/slf4j-api-1.7.13.jar:/home/travis/build/icyphy/ptII/lib/slf4j-simple-1.7.13.jar:/home/travis/build/icyphy/ptII/lib/webcam-capture-0.3.12.jar:/home/travis/build/icyphy/ptII/lib/bridj-0.7.0.jar:/home/travis/build/icyphy/ptII/lib/xbjlib-1.1.0.nrjavaserial.jar" />
    <property name="timeout" value="2400000" />
    <property name="test.batch" value="**/junit/*.java" />
    <property name="env._" value="/usr/bin/timeout" />
    <property name="java.io.tmpdir" value="/tmp" />
    <property name="user.language" value="en" />
    <property name="env.TRAVIS_INTERNAL_RUBY_REGEX" value="^ruby-(2\.[0-4]\.[0-9]|1\.9\.3)" />
    <property name="env.HISTCONTROL" value="ignoredups:ignorespace" />
    <property name="env.GOROOT" value="/home/travis/.gimme/versions/go1.11.1.linux.amd64" />
    <property name="line.separator" value="&#xa;" />
    <property name="target" value="11" />
    <property name="env.TRAVIS_BUILD_DIR" value="/home/travis/build/icyphy/ptII" />
    <property name="env.ANT_OPTS" value="-Xmx2048m" />
    <property name="ant.file.type" value="file" />
    <property name="ptolemy.ptII.batchMode" value="true" />
    <property name="env.HISTSIZE" value="1000" />
    <property name="env.MERB_ENV" value="test" />
    <property name="java.vm.info" value="mixed mode" />
    <property name="source" value="11" />
    <property name="java.vm.specification.name" value="Java Virtual Machine Specification" />
    <property name="env.TRAVIS_TEST_RESULT" value="0" />
    <property name="jsdoc.command" value="node_modules/@terraswarm/jsdoc/jsdoc.js" />
    <property name="npm.works" value="true" />
    <property name="cobertura.dir" value="/home/travis/build/icyphy/ptII/vendors/cobertura-2.0.3" />
    <property name="jsdoc.command.exists" value="true" />
    <property name="env.rvm_path" value="/home/travis/.rvm" />
    <property name="env.GEM_PATH" value="/home/travis/.rvm/gems/ruby-2.5.3:/home/travis/.rvm/gems/ruby-2.5.3@global" />
    <property name="env.LC_CTYPE" value="en_US.UTF-8" />
    <property name="env.TRAVIS_CMD" value="$PTII/bin/ptIITravisBuild.sh $SECONDS" />
    <property name="java.awt.printerjob" value="sun.print.PSPrinterJob" />
    <property name="env.TRAVIS_STACK_NAME" value="sardonyx" />
    <property name="env.TRAVIS_TIMER_START_TIME" value="1563518806298068827" />
    <property name="ant.version" value="Apache Ant(TM) version 1.10.1 compiled on February 2 2017" />
    <property name="ptII.reports" value="/home/travis/build/icyphy/ptII/reports" />
    <property name="env.TRAVIS_STACK_TIMESTAMP" value="2019-03-25 16:16:56 UTC" />
    <property name="ant.file.type.ptII" value="file" />
    <property name="env.RBENV_SHELL" value="bash" />
    <property name="os.name" value="Linux" />
    <property name="java.specification.vendor" value="Oracle Corporation" />
    <property name="env.rvm_version" value="1.29.7 (latest)" />
    <property name="env.TRAVIS_INFRA" value="gce" />
    <property name="env.TERM" value="xterm" />
    <property name="java.vm.name" value="OpenJDK 64-Bit Server VM" />
    <property name="env.TRAVIS_BUILD_NUMBER" value="1256" />
    <property name="env.CI" value="true" />
    <property name="java.library.path" value="/home/travis/pthla/certi-tools/lib:/usr/lib/jni:/usr/local/share/OpenCV/java/:/usr/share/OpenCV/java::/usr/java/packages/lib:/usr/lib64:/lib64:/lib:/usr/lib" />
    <property name="jdk.module.path" value="/home/travis/build/icyphy/ptII/vendors/javafx/javafx-sdk-11.0.2/lib:" />
    <property name="env.rvm_prefix" value="/home/travis" />
    <property name="env.PATH" value="/home/travis/pthla/certi-tools/share/scripts:/home/travis/.rvm/gems/ruby-2.5.3/bin:/home/travis/.rvm/gems/ruby-2.5.3@global/bin:/home/travis/.rvm/rubies/ruby-2.5.3/bin:/home/travis/.rvm/bin:/home/travis/.nvm/versions/node/v7.10.1/bin:./node_modules/.bin:/home/travis/build/icyphy/ptII/bin:/home/travis/pthla/certi-tools/bin:/home/travis/bin:/home/travis/.local/bin:/usr/local/lib/jvm/openjdk11/bin:/opt/pyenv/shims:/home/travis/.phpenv/shims:/home/travis/perl5/perlbrew/bin:/home/travis/gopath/bin:/home/travis/.gimme/versions/go1.11.1.linux.amd64/bin:/usr/local/maven-3.6.0/bin:/usr/local/cmake-3.12.4/bin:/usr/local/clang-7.0.0/bin:/usr/local/sbin:/usr/local/bin:/usr/sbin:/usr/bin:/sbin:/bin:/snap/bin:/home/travis/.phpenv/bin:/opt/pyenv/bin:/home/travis/.yarn/bin" />
    <property name="env.TRAVIS_OS_NAME" value="linux" />
    <property name="ant.java.version" value="9" />
    <property name="basedir" value="/home/travis/build/icyphy/ptII" />
    <property name="java.class.version" value="55.0" />
    <property name="env.SHLVL" value="3" />
    <property name="env.LD_LIBRARY_PATH" value="/home/travis/pthla/certi-tools/lib:/usr/lib/jni:/usr/local/share/OpenCV/java/:/usr/share/OpenCV/java:" />
    <property name="env.RACK_ENV" value="test" />
    <property name="ant.home" value="/home/travis/build/icyphy/ptII/ant" />
    <property name="env.NVM_DIR" value="/home/travis/.nvm" />
    <property name="env.CERTI_FOM_PATH" value="/home/travis/pthla/certi-tools/share/federations" />
    <property name="env.TRAVIS_BUILD_ID" value="560836129" />
    <property name="env.PYENV_ROOT" value="/opt/pyenv" />
    <property name="env.TRAVIS_UID" value="2000" />
    <property name="prism.verbose" value="true" />
    <property name="env.NVM_BIN" value="/home/travis/.nvm/versions/node/v7.10.1/bin" />
    <property name="env.TRAVIS_COMMIT" value="dad22e24cfbde6c3ee693b4ed7450acd4c6a51b9" />
    <property name="env._system_arch" value="x86_64" />
    <property name="node.executable" value="node" />
    <property name="sun.boot.library.path" value="/usr/local/lib/jvm/openjdk11/lib" />
    <property name="sun.management.compiler" value="HotSpot 64-Bit Tiered Compilers" />
    <property name="java.awt.graphicsenv" value="sun.awt.X11GraphicsEnvironment" />
    <property name="env.GOPATH" value="/home/travis/gopath" />
    <property name="ptolemy.ptII.dir" value="/home/travis/build/icyphy/ptII" />
    <property name="env.USER" value="travis" />
    <property name="env.HISTFILESIZE" value="2000" />
    <property name="timeout.longest" value="19000000" />
    <property name="env.PERLBREW_SHELLRC_VERSION" value="0.86" />
    <property name="env.TRAVIS_STACK_FEATURES" value="basic couchdb disabled-ipv6 docker docker-compose elasticsearch firefox go-toolchain google-chrome jdk memcached mongodb mysql nodejs_interpreter perl_interpreter perlbrew phantomjs postgresql python_interpreter redis ruby_interpreter sqlite xserver" />
    <property name="env.TRAVIS_PULL_REQUEST" value="false" />
    <property name="env.PYENV_SHELL" value="bash" />
    <property name="ant.project.name" value="ptII" />
    <property name="env.ANSI_RESET" value="\033[0m" />
    <property name="java.vm.specification.version" value="11" />
    <property name="env.TRAVIS_DIST" value="xenial" />
    <property name="env.CERTI_VERSION" value="4.0.0" />
    <property name="env.CERTI_HOST" value="localhost" />
    <property name="awt.toolkit" value="sun.awt.X11.XToolkit" />
    <property name="env.MY_RUBY_HOME" value="/home/travis/.rvm/rubies/ruby-2.5.3" />
    <property name="sun.cpu.isalist" value="" />
    <property name="env.TRAVIS_TMPDIR" value="/tmp/tmp.xnnKu5YZh1" />
    <property name="java.vm.compressedOopsMode" value="Zero based" />
    <property name="os.version" value="4.15.0-1028-gcp" />
    <property name="user.home" value="/home/travis" />
    <property name="java.vm.vendor" value="Oracle Corporation" />
    <property name="env.TRAVIS_TAG" value="nightly" />
    <property name="env.ANSI_YELLOW" value="\033[33;1m" />
    <property name="env.TRAVIS_FILTERED" value="redirect_io" />
    <property name="env.ANSI_GREEN" value="\033[32;1m" />
    <property name="env.JAVA_HOME" value="/usr/local/lib/jvm/openjdk11" />
    <property name="javadoc.excludepackagenames" value="adm.cvs2svn.*,build.*,config.*,doc.coding.templates.*,jni.test.jni.meaningOfLife.*,jni.test.jni.testDeux.*,jni.test.jni.testTrois.*,org.terraswarm.accessor.accessors.web.node_modules.*,org.terraswarm.accessor.accessors.web.hosts.cordova.demo.*,org.terraswarm.accessor.accessors.web.hosts.cordova.plugins.*,org.terraswarm.accessor.accessors-svn.*,pt-modules.*,ptolemy.apps.agilent.*,ptolemy.apps.anytimecontrol.*,ptolemy.apps.apes.*,ptolemy.apps.charon.*,ptolemy.apps.crazyboard.*,ptolemy.apps.eclipse.*,ptolemy.apps.etherealSting.*,ptolemy.apps.fullscreen.*,ptolemy.apps.giotto.*,ptolemy.apps.ia.*,ptolemy.apps.interfaces.*,ptolemy.apps.jmf.*,ptolemy.apps.kurt.*,ptolemy.apps.kvm.*,ptolemy.apps.lego.*,ptolemy.apps.lejos.*,ptolemy.apps.midp.*,ptolemy.apps.mobileCoding.*,ptolemy.apps.pendulum.*,ptolemy.apps.rijndael.*,ptolemy.apps.robot.*,ptolemy.apps.security.*,ptolemy.apps.sobel.*,ptolemy.apps.soot.*,ptolemy.apps.throttle.*,ptolemy.apps.tini.*,ptolemy.apps.transmission.*,ptolemy.apps.vergil.*,ptolemy.apps.waba.*,ptolemy.apps.websensor.*,ptolemy.apps.webstart.*,ptolemy.apps.xsl.*,ptolemy.apps.zaurus.*,ptolemy.codegen.c.actor.lib.oldJavaFiles.*,ptolemy.codegen.dsp.lib.*,ptolemy.codegen.kernel.newInterfaces.*,ptolemy.codegen.lib.*,ptolemy.copernicus.kernel.fragment.*,ptolemy.copernicus.shallow.cg.*,ptolemy.domains.giotto.demo.Hierarchy.Hierarchy.*,ptolemy.domains.giotto.demo.Multimode.Multimode.*,ptolemy.domains.giotto.demo.Simple.Simple.*,ptolemy.domains.gr.lib.experimental.*,ptolemy.domains.gro.*,ptolemy.domains.pdf.*,ptolemy.domains.ptinyos.demo.Surge.output.*,ptolemy.moml.test.NoPackageActor.java*,ptolemy.plot.adm.*,ptolemy.plot.servlet.*,reports.*,signed.*,src.*,target.*,vendors.*,ptolemy.copernicus.applet.*,ptolemy.media.viewer.*,ptolemy.actor.corba.*,doc.doclets.*,ptolemy.apps.eclipse.awt.*,ptolemy.backtrack.*,ptolemy.backtrack.ast.*,ptolemy.cg.adapter.generic.program.procedural.c.mbed*,ptolemy.homer.*,ptolemy.actor.lib.jai.*,org.ptolemy.scala.*,diva.util.java2d.svg.*,ptolemy.domains.ptinyos.*,ptolemy.actor.lib.fmi.fmipp.*,,org.terraswarm.accessor.accessors.web.node_modules.*,org.terraswarm.accessor.accessors-svn,ptolemy.apps.*,ptolemy.actor.ptalon.demo.ptinyos.SendAndReceiveCnt.output,ptolemy.actor.ptalon.demo.ptinyos.SenseToLeds.output,ptolemy.domains.ptinyos.demo.CntToLedsAndRfm.output,ptolemy.domains.ptinyos.demo.RfmToLeds.output,ptolemy.domains.ptinyos.demo.SendAndReceiveCnt.output,ptolemy.domains.ptinyos.demo.SenseToLeds.output,ptolemy.actor.lib.jjs.modules.udpSocket.*" />
    <property name="env.PTII" value="/home/travis/build/icyphy/ptII" />
    <property name="env.XDG_SESSION_ID" value="2" />
    <property name="keystore" value="ptKeystore" />
    <property name="env.TRAVIS_COMMIT_MESSAGE" value="If we can&apos;t create the Font3D, then try with the default font." />
    <property name="junit.output.dir" value="/home/travis/build/icyphy/ptII/reports/junit" />
    <property name="npm.return.code" value="0" />
    <property name="user.dir" value="/home/travis/build/icyphy/ptII/ptolemy/actor/lib/test" />
    <property name="env.TRAVIS_NODE_VERSION" value="7" />
    <property name="env.TRAVIS_EVENT_TYPE" value="cron" />
    <property name="env.MAIL" value="/var/mail/travis" />
    <property name="env.PERLBREW_ROOT" value="/home/travis/perl5/perlbrew" />
    <property name="env.PWD" value="/home/travis/build/icyphy/ptII" />
    <property name="timeout.npm" value="45000" />
    <property name="env.TRAVIS_ARCH" value="amd64" />
    <property name="sun.cpu.endian" value="little" />
    <property name="env.PAGER" value="cat" />
    <property name="env.TRAVIS_BUILD_STAGE_NAME" value="Test" />
    <property name="env.PERLBREW_HOME" value="/home/travis/.perlbrew" />
    <property name="java.vm.version" value="11.0.2+9" />
    <property name="env.RAILS_ENV" value="test" />
    <property name="java.class.path" value="/home/travis/.ptolemyII:/home/travis/.ptolemyII/*:/home/travis/build/icyphy/ptII:/home/travis/build/icyphy/ptII/lib/bsh-2.0b4.jar:/home/travis/build/icyphy/ptII/lib/ptCal.jar:/home/travis/build/icyphy/ptII/lib/java_cup.jar:/home/travis/build/icyphy/ptII/lib/saxon8.jar:/home/travis/build/icyphy/ptII/lib/saxon8-dom.jar:/home/travis/build/icyphy/ptII/lib/chic.jar:/home/travis/build/icyphy/ptII/lib/ptcolt.jar:/home/travis/build/icyphy/ptII/vendors/misc/itext/iText.jar:/home/travis/build/icyphy/ptII/lib/g4ltl.jar:/home/travis/build/icyphy/ptII/lib/StructuralCoder.jar:/home/travis/build/icyphy/ptII/lib/jcerti.jar:/home/travis/build/icyphy/ptII/lib/javax.mail.jar:/home/travis/build/icyphy/ptII/vendors/JMF-2.1.1e/lib/jmf.jar:/home/travis/build/icyphy/ptII/lib/jna-4.0.0-variadic.jar:/home/travis/build/icyphy/ptII/vendors/misc/joystick/Joystick.jar:/home/travis/build/icyphy/ptII/lib/ptjacl.jar:/home/travis/build/icyphy/ptII/lib/jsoup-1.8.2.jar:/home/travis/build/icyphy/ptII/lib/junit-4.8.2.jar:/home/travis/build/icyphy/ptII/lib/JUnitParams-0.4.0.jar:/home/travis/build/icyphy/ptII/ptolemy/actor/lib/excel/jxl.jar:/home/travis/build/icyphy/ptII/lib/jython.jar:/home/travis/build/icyphy/ptII/lib/kieler.jar:/home/travis/build/icyphy/ptII/vendors/opencv/share/OpenCV/java/opencv-341.jar:/home/travis/build/icyphy/ptII/lib/oscP5.jar:/home/travis/build/icyphy/ptII/lib/nrjavaserial-3.11.0.devel.jar:/home/travis/build/icyphy/ptII/vendors/j3d/lib/Linux/j3dcore.jar:/home/travis/build/icyphy/ptII/vendors/j3d/lib/Linux/j3dutils.jar:/home/travis/build/icyphy/ptII/vendors/j3d/lib/Linux/vecmath.jar:/home/travis/build/icyphy/ptII/vendors/jogl/lib/Linux/gluegen-rt-natives-linux-amd64.jar:/home/travis/build/icyphy/ptII/vendors/jogl/lib/Linux/gluegen-rt.jar:/home/travis/build/icyphy/ptII/vendors/jogl/lib/Linux/jogl-all-natives-linux-amd64.jar:/home/travis/build/icyphy/ptII/vendors/jogl/lib/Linux/jogl-all.jar:/home/travis/build/icyphy/ptII/ptolemy/distributed/jini/jar/jini-core.jar:/home/travis/build/icyphy/ptII/ptolemy/distributed/jini/jar/jini-ext.jar:/home/travis/build/icyphy/ptII/ptolemy/distributed/jini/jar/sun-util.jar:/home/travis/build/icyphy/ptII/lib/protobuf-java-2.4.1.jar:/home/travis/build/icyphy/ptII/lib/org.eclipse.paho.client.mqttv3.jar:/home/travis/build/icyphy/ptII/lib/mapss.jar:/home/travis/build/icyphy/ptII/ptolemy/actor/ptalon/antlr/antlr.jar:/home/travis/build/icyphy/ptII/lib/JRI.jar:/home/travis/build/icyphy/ptII/lib/commons-lang-2.6.jar:/home/travis/build/icyphy/ptII/lib/commons-logging-1.1.1.jar:/home/travis/build/icyphy/ptII/lib/sootclasses.jar:/home/travis/build/icyphy/ptII/ptolemy/actor/lib/database/mysql-connector-java-5.1.6-bin.jar:/home/travis/build/icyphy/ptII/vendors/misc/sphinx4/sphinx4-data-5prealpha.jar:/home/travis/build/icyphy/ptII/vendors/misc/sphinx4/sphinx4-core-5prealpha.jar:/home/travis/build/icyphy/ptII/lib/PDFRenderer.jar:/home/travis/build/icyphy/ptII/lib/svgSalamander.jar:/home/travis/build/icyphy/ptII/lib/rsyntaxtextarea-2.6.0-SNAPSHOT.jar:/home/travis/build/icyphy/ptII/lib/hazelcast-3.8.2.jar:/home/travis/build/icyphy/ptII/lib/jackson-annotations-2.9.0.jar:/home/travis/build/icyphy/ptII/lib/jackson-core-2.9.3.jar:/home/travis/build/icyphy/ptII/lib/jackson-databind-2.9.3.jar:/home/travis/build/icyphy/ptII/lib/netty-buffer-4.1.19.Final.jar:/home/travis/build/icyphy/ptII/lib/netty-codec-4.1.19.Final.jar:/home/travis/build/icyphy/ptII/lib/netty-codec-dns-4.1.19.Final.jar:/home/travis/build/icyphy/ptII/lib/netty-codec-http-4.1.19.Final.jar:/home/travis/build/icyphy/ptII/lib/netty-codec-http2-4.1.19.Final.jar:/home/travis/build/icyphy/ptII/lib/netty-common-4.1.19.Final.jar:/home/travis/build/icyphy/ptII/lib/netty-handler-4.1.19.Final.jar:/home/travis/build/icyphy/ptII/lib/netty-resolver-4.1.19.Final.jar:/home/travis/build/icyphy/ptII/lib/netty-resolver-dns-4.1.19.Final.jar:/home/travis/build/icyphy/ptII/lib/netty-transport-4.1.19.Final.jar:/home/travis/build/icyphy/ptII/lib/vertx-codegen-3.5.1.jar:/home/travis/build/icyphy/ptII/lib/vertx-core-3.5.2-SNAPSHOT.jar:/home/travis/build/icyphy/ptII/lib/vertx-hazelcast-3.5.1.jar:/home/travis/build/icyphy/ptII/lib/vertx-lang-js-3.5.1.jar:/home/travis/build/icyphy/ptII/lib/vertx-service-proxy-3.5.1.jar:/home/travis/build/icyphy/ptII/lib/vertx-web-3.5.1.jar:/home/travis/build/icyphy/ptII/lib/slf4j-api-1.7.13.jar:/home/travis/build/icyphy/ptII/lib/slf4j-simple-1.7.13.jar:/home/travis/build/icyphy/ptII/lib/webcam-capture-0.3.12.jar:/home/travis/build/icyphy/ptII/lib/bridj-0.7.0.jar:/home/travis/build/icyphy/ptII/lib/xbjlib-1.1.0.nrjavaserial.jar:/home/travis/build/icyphy/ptII/ptolemy/moml/test:/home/travis/build/icyphy/ptII/ant/lib/ant-launcher.jar:/home/travis/build/icyphy/ptII/ant/lib/ant.jar:/home/travis/build/icyphy/ptII/ant/lib/ant-junit.jar:/home/travis/build/icyphy/ptII/ant/lib/ant-junit4.jar" />
    <property name="ant.library.dir" value="/home/travis/build/icyphy/ptII/ant/lib" />
    <property name="os.arch" value="amd64" />
    <property name="env.CONTINUOUS_INTEGRATION" value="true" />
    <property name="env.TRAVIS_LANGUAGE" value="node_js" />
    <property name="env.TRAVIS_STACK_LANGUAGES" value="__sardonyx__ c c++ clojure cplusplus cpp default generic go groovy java node_js php pure_java python ruby scala" />
    <property name="test.name" value="ptolemy.actor.lib.test.junit.JUnitTclTest" />
    <property name="env.APT_KEY_DONT_WARN_ON_DANGEROUS_USAGE" value="1" />
    <property name="sun.java.launcher" value="SUN_STANDARD" />
    <property name="env.PYTHON_CONFIGURE_OPTS" value="--enable-unicode=ucs4 --with-wide-unicode --enable-shared --enable-ipv6 --enable-loadable-sqlite-extensions --with-computed-gotos" />
    <property name="ant.core.lib" value="/home/travis/build/icyphy/ptII/ant/lib/ant.jar" />
    <property name="java.vm.specification.vendor" value="Oracle Corporation" />
    <property name="env.BCVTB_HOME" value="/home/travis/build/icyphy/ptII/lbnl" />
    <property name="file.separator" value="/" />
    <property name="spotbugs.home" value="/home/travis/build/icyphy/ptII/vendors/spotbugs-3.1.1" />
    <property name="java.runtime.version" value="11.0.2+9" />
    <property name="env.ANSI_CLEAR" value="\033[0K" />
    <property name="javafx.verbose" value="true" />
    <property name="env.HAS_JOSH_K_SEAL_OF_APPROVAL" value="true" />
    <property name="env.XDG_RUNTIME_DIR" value="/run/user/2000" />
    <property name="env.TRAVIS_OSX_IMAGE" value="" />
    <property name="env.TRAVIS_JOB_ID" value="560836137" />
    <property name="env.TRAVIS_BRANCH" value="master" />
    <property name="user.country" value="US" />
    <property name="env.CERTI_HOME_TRAVIS" value="/home/travis/pthla/certi-tools" />
    <property name="env.SHELL" value="/bin/bash" />
    <property name="java.maxmemory.large" value="4000m" />
    <property name="model" value="" />
    <property name="env.CASHER_DIR" value="/home/travis/.casher" />
    <property name="env.NVM_CD_FLAGS" value="" />
    <property name="java.vendor.version" value="18.9" />
    <property name="jshint.executable" value="/home/travis/node_modules/jshint/bin/jshint" />
    <property name="env.JRUBY_OPTS" value=" --client -J-XX:+TieredCompilation -J-XX:TieredStopAtLevel=1 -J-Xss2m -Xcompile.invokedynamic=false" />
    <property name="java.vendor" value="Oracle Corporation" />
    <property name="env.TRAVIS_PRE_CHEF_BOOTSTRAP_TIME" value="2019-03-25T16:16:42" />
    <property name="env.TRAVIS_STACK_JOB_BOARD_REGISTER" value="/.job-board-register.yml" />
    <property name="env.ANSI_RED" value="\033[31;1m" />
    <property name="java.specification.version" value="11" />
    <property name="env.IRBRC" value="/home/travis/.rvm/rubies/ruby-2.5.3/.irbrc" />
    <property name="env.TRAVIS" value="true" />
    <property name="sun.arch.data.model" value="64" />
  </properties>
  <testcase classname="ptolemy.util.test.junit.TclTests" name="[0] /home/travis/build/icyphy/ptII/ptolemy/actor/lib/test/AbsoluteValue.tcl (RunTclFile)" time="0.503" />
  <testcase classname="ptolemy.util.test.junit.TclTests" name="[1] /home/travis/build/icyphy/ptII/ptolemy/actor/lib/test/AddSubtract.tcl (RunTclFile)" time="0.17" />
  <testcase classname="ptolemy.util.test.junit.TclTests" name="[2] /home/travis/build/icyphy/ptII/ptolemy/actor/lib/test/Average.tcl (RunTclFile)" time="0.084" />
  <testcase classname="ptolemy.util.test.junit.TclTests" name="[3] /home/travis/build/icyphy/ptII/ptolemy/actor/lib/test/Bernoulli.tcl (RunTclFile)" time="0.042" />
  <testcase classname="ptolemy.util.test.junit.TclTests" name="[4] /home/travis/build/icyphy/ptII/ptolemy/actor/lib/test/Clock.tcl (RunTclFile)" time="0.109" />
  <testcase classname="ptolemy.util.test.junit.TclTests" name="[5] /home/travis/build/icyphy/ptII/ptolemy/actor/lib/test/Commutator.tcl (RunTclFile)" time="0.139" />
  <testcase classname="ptolemy.util.test.junit.TclTests" name="[6] /home/travis/build/icyphy/ptII/ptolemy/actor/lib/test/Const.tcl (RunTclFile)" time="0.153" />
  <testcase classname="ptolemy.util.test.junit.TclTests" name="[7] /home/travis/build/icyphy/ptII/ptolemy/actor/lib/test/CurrentTime.tcl (RunTclFile)" time="0.049" />
  <testcase classname="ptolemy.util.test.junit.TclTests" name="[8] /home/travis/build/icyphy/ptII/ptolemy/actor/lib/test/DB.tcl (RunTclFile)" time="0.066" />
  <testcase classname="ptolemy.util.test.junit.TclTests" name="[9] /home/travis/build/icyphy/ptII/ptolemy/actor/lib/test/DiscreteRandomSource.tcl (RunTclFile)" time="0.086" />
  <testcase classname="ptolemy.util.test.junit.TclTests" name="[10] /home/travis/build/icyphy/ptII/ptolemy/actor/lib/test/Distributor.tcl (RunTclFile)" time="0.069" />
  <testcase classname="ptolemy.util.test.junit.TclTests" name="[11] /home/travis/build/icyphy/ptII/ptolemy/actor/lib/test/Exit.tcl (RunTclFile)" time="0.101" />
  <testcase classname="ptolemy.util.test.junit.TclTests" name="[12] /home/travis/build/icyphy/ptII/ptolemy/actor/lib/test/Expression.tcl (RunTclFile)" time="0.083" />
  <testcase classname="ptolemy.util.test.junit.TclTests" name="[13] /home/travis/build/icyphy/ptII/ptolemy/actor/lib/test/Gaussian.tcl (RunTclFile)" time="0.084" />
  <testcase classname="ptolemy.util.test.junit.TclTests" name="[14] /home/travis/build/icyphy/ptII/ptolemy/actor/lib/test/IIR.tcl (RunTclFile)" time="0.037" />
  <testcase classname="ptolemy.util.test.junit.TclTests" name="[15] /home/travis/build/icyphy/ptII/ptolemy/actor/lib/test/Interpolator.tcl (RunTclFile)" time="0.099" />
  <testcase classname="ptolemy.util.test.junit.TclTests" name="[16] /home/travis/build/icyphy/ptII/ptolemy/actor/lib/test/MathFunction.tcl (RunTclFile)" time="0.053" />
  <testcase classname="ptolemy.util.test.junit.TclTests" name="[17] /home/travis/build/icyphy/ptII/ptolemy/actor/lib/test/Maximum.tcl (RunTclFile)" time="0.03" />
  <testcase classname="ptolemy.util.test.junit.TclTests" name="[18] /home/travis/build/icyphy/ptII/ptolemy/actor/lib/test/Minimum.tcl (RunTclFile)" time="0.033" />
  <testcase classname="ptolemy.util.test.junit.TclTests" name="[19] /home/travis/build/icyphy/ptII/ptolemy/actor/lib/test/MultiplyDivide.tcl (RunTclFile)" time="0.042" />
  <testcase classname="ptolemy.util.test.junit.TclTests" name="[20] /home/travis/build/icyphy/ptII/ptolemy/actor/lib/test/OrderedMerge.tcl (RunTclFile)" time="0.132" />
  <testcase classname="ptolemy.util.test.junit.TclTests" name="[21] /home/travis/build/icyphy/ptII/ptolemy/actor/lib/test/Publisher.tcl (RunTclFile)" time="0.779" />
  <testcase classname="ptolemy.util.test.junit.TclTests" name="[22] /home/travis/build/icyphy/ptII/ptolemy/actor/lib/test/Pulse.tcl (RunTclFile)" time="0.041" />
  <testcase classname="ptolemy.util.test.junit.TclTests" name="[23] /home/travis/build/icyphy/ptII/ptolemy/actor/lib/test/Ramp.tcl (RunTclFile)" time="2.412" />
  <testcase classname="ptolemy.util.test.junit.TclTests" name="[24] /home/travis/build/icyphy/ptII/ptolemy/actor/lib/test/RampContinuous.tcl (RunTclFile)" time="0.017" />
  <testcase classname="ptolemy.util.test.junit.TclTests" name="[25] /home/travis/build/icyphy/ptII/ptolemy/actor/lib/test/RecordAssembler.tcl (RunTclFile)" time="0.014" />
  <testcase classname="ptolemy.util.test.junit.TclTests" name="[26] /home/travis/build/icyphy/ptII/ptolemy/actor/lib/test/RecordDisassembler.tcl (RunTclFile)" time="0.019" />
  <testcase classname="ptolemy.util.test.junit.TclTests" name="[27] /home/travis/build/icyphy/ptII/ptolemy/actor/lib/test/Scale.tcl (RunTclFile)" time="0.015" />
  <testcase classname="ptolemy.util.test.junit.TclTests" name="[28] /home/travis/build/icyphy/ptII/ptolemy/actor/lib/test/SequentialClock.tcl (RunTclFile)" time="0.012" />
  <testcase classname="ptolemy.util.test.junit.TclTests" name="[29] /home/travis/build/icyphy/ptII/ptolemy/actor/lib/test/SetVariable.tcl (RunTclFile)" time="0.026">
    <failure message="Number of failed tests is has increased. expected:&lt;0&gt; but was:&lt;1&gt;" type="junit.framework.AssertionFailedError">junit.framework.AssertionFailedError: Number of failed tests is has increased. expected:&lt;0&gt; but was:&lt;1&gt;
	at ptolemy.util.test.junit.TclTests.RunTclFile(TclTests.java:286)
	at jdk.internal.reflect.GeneratedMethodAccessor19.invoke(Unknown Source)
	at java.base/jdk.internal.reflect.DelegatingMethodAccessorImpl.invoke(DelegatingMethodAccessorImpl.java:43)
	at junitparams.internal.InvokeParameterisedMethod.evaluate(InvokeParameterisedMethod.java:102)
	at junitparams.internal.ParameterisedTestMethodRunner.runMethodInvoker(ParameterisedTestMethodRunner.java:47)
	at junitparams.internal.ParameterisedTestMethodRunner.runTestMethod(ParameterisedTestMethodRunner.java:41)
	at junitparams.internal.ParameterisedTestClassRunner.runParameterisedTest(ParameterisedTestClassRunner.java:143)
	at junitparams.JUnitParamsRunner.runChild(JUnitParamsRunner.java:237)
	at junitparams.JUnitParamsRunner.runChild(JUnitParamsRunner.java:215)
</failure>
  </testcase>
  <testcase classname="ptolemy.util.test.junit.TclTests" name="[30] /home/travis/build/icyphy/ptII/ptolemy/actor/lib/test/Sinewave.tcl (RunTclFile)" time="0.06" />
  <testcase classname="ptolemy.util.test.junit.TclTests" name="[31] /home/travis/build/icyphy/ptII/ptolemy/actor/lib/test/SubscriptionAggregator.tcl (RunTclFile)" time="2.431" />
  <testcase classname="ptolemy.util.test.junit.TclTests" name="[32] /home/travis/build/icyphy/ptII/ptolemy/actor/lib/test/Test.tcl (RunTclFile)" time="0.117" />
  <testcase classname="ptolemy.util.test.junit.TclTests" name="[33] /home/travis/build/icyphy/ptII/ptolemy/actor/lib/test/TestExceptionHandler.tcl (RunTclFile)" time="0.014" />
  <testcase classname="ptolemy.util.test.junit.TclTests" name="[34] /home/travis/build/icyphy/ptII/ptolemy/actor/lib/test/UnionDisassembler.tcl (RunTclFile)" time="0.078" />
  <testcase classname="ptolemy.util.test.junit.TclTests" name="[35] /home/travis/build/icyphy/ptII/ptolemy/actor/lib/test/VariableClock.tcl (RunTclFile)" time="0.015" />
  <testcase classname="ptolemy.util.test.junit.AutoKnownFailedTests" name="[0] /home/travis/build/icyphy/ptII/ptolemy/actor/lib/test/auto/knownFailedTests/PublisherPortToplevelSubscriber.xml (RunModel)" time="0.091" />
  <testcase classname="ptolemy.util.test.junit.AutoKnownFailedTests" name="[1] /home/travis/build/icyphy/ptII/ptolemy/actor/lib/test/auto/knownFailedTests/PublisherSubscriberPortToplevel.xml (RunModel)" time="0.023" />
  <testcase classname="ptolemy.util.test.junit.AutoKnownFailedTests" name="[2] /home/travis/build/icyphy/ptII/ptolemy/actor/lib/test/auto/knownFailedTests/PublisherSubscriptionAggregatorPort.xml (RunModel)" time="0.03" />
  <testcase classname="ptolemy.util.test.junit.AutoKnownFailedTests" name="[3] /home/travis/build/icyphy/ptII/ptolemy/actor/lib/test/auto/knownFailedTests/sizedarray3.xml (RunModel)" time="0.031" />
  <testcase classname="ptolemy.util.test.junit.AutoNameArchTests" name="[0] ThereAreNoAutoArchTests (RunModel)" time="0.003" />
  <testcase classname="ptolemy.util.test.junit.AutoTests" name="[0] /home/travis/build/icyphy/ptII/ptolemy/actor/lib/test/auto/AbsoluteValue.xml (RunModel)" time="0.087" />
  <testcase classname="ptolemy.util.test.junit.AutoTests" name="[1] /home/travis/build/icyphy/ptII/ptolemy/actor/lib/test/auto/AbsoluteValue2.xml (RunModel)" time="0.074" />
  <testcase classname="ptolemy.util.test.junit.AutoTests" name="[2] /home/travis/build/icyphy/ptII/ptolemy/actor/lib/test/auto/Accumulator.xml (RunModel)" time="0.073" />
  <testcase classname="ptolemy.util.test.junit.AutoTests" name="[3] /home/travis/build/icyphy/ptII/ptolemy/actor/lib/test/auto/Accumulator2.xml (RunModel)" time="0.047" />
  <testcase classname="ptolemy.util.test.junit.AutoTests" name="[4] /home/travis/build/icyphy/ptII/ptolemy/actor/lib/test/auto/Accumulator3.xml (RunModel)" time="0.044" />
  <testcase classname="ptolemy.util.test.junit.AutoTests" name="[5] /home/travis/build/icyphy/ptII/ptolemy/actor/lib/test/auto/ArrayAppend.xml (RunModel)" time="0.027" />
  <testcase classname="ptolemy.util.test.junit.AutoTests" name="[6] /home/travis/build/icyphy/ptII/ptolemy/actor/lib/test/auto/ArrayAppend2.xml (RunModel)" time="0.323" />
  <testcase classname="ptolemy.util.test.junit.AutoTests" name="[7] /home/travis/build/icyphy/ptII/ptolemy/actor/lib/test/auto/ArrayAppend3.xml (RunModel)" time="0.055" />
  <testcase classname="ptolemy.util.test.junit.AutoTests" name="[8] /home/travis/build/icyphy/ptII/ptolemy/actor/lib/test/auto/ArrayAppend4.xml (RunModel)" time="0.022" />
  <testcase classname="ptolemy.util.test.junit.AutoTests" name="[9] /home/travis/build/icyphy/ptII/ptolemy/actor/lib/test/auto/ArrayAppend5.xml (RunModel)" time="0.02" />
  <testcase classname="ptolemy.util.test.junit.AutoTests" name="[10] /home/travis/build/icyphy/ptII/ptolemy/actor/lib/test/auto/ArrayAppend6.xml (RunModel)" time="0.016" />
  <testcase classname="ptolemy.util.test.junit.AutoTests" name="[11] /home/travis/build/icyphy/ptII/ptolemy/actor/lib/test/auto/ArrayAppendPerformanceTest.xml (RunModel)" time="0.127" />
  <testcase classname="ptolemy.util.test.junit.AutoTests" name="[12] /home/travis/build/icyphy/ptII/ptolemy/actor/lib/test/auto/ArrayAppendWithEmptyInput.xml (RunModel)" time="0.06" />
  <testcase classname="ptolemy.util.test.junit.AutoTests" name="[13] /home/travis/build/icyphy/ptII/ptolemy/actor/lib/test/auto/ArrayAverage.xml (RunModel)" time="0.066" />
  <testcase classname="ptolemy.util.test.junit.AutoTests" name="[14] /home/travis/build/icyphy/ptII/ptolemy/actor/lib/test/auto/ArrayContains.xml (RunModel)" time="0.048" />
  <testcase classname="ptolemy.util.test.junit.AutoTests" name="[15] /home/travis/build/icyphy/ptII/ptolemy/actor/lib/test/auto/ArrayElement.xml (RunModel)" time="0.024" />
  <testcase classname="ptolemy.util.test.junit.AutoTests" name="[16] /home/travis/build/icyphy/ptII/ptolemy/actor/lib/test/auto/ArrayElementAsMatrix.xml (RunModel)" time="0.047" />
  <testcase classname="ptolemy.util.test.junit.AutoTests" name="[17] /home/travis/build/icyphy/ptII/ptolemy/actor/lib/test/auto/ArrayElementI.xml (RunModel)" time="0.014" />
  <testcase classname="ptolemy.util.test.junit.AutoTests" name="[18] /home/travis/build/icyphy/ptII/ptolemy/actor/lib/test/auto/ArrayExtract.xml (RunModel)" time="0.022" />
  <testcase classname="ptolemy.util.test.junit.AutoTests" name="[19] /home/travis/build/icyphy/ptII/ptolemy/actor/lib/test/auto/ArrayExtract2.xml (RunModel)" time="0.015" />
  <testcase classname="ptolemy.util.test.junit.AutoTests" name="[20] /home/travis/build/icyphy/ptII/ptolemy/actor/lib/test/auto/ArrayLength.xml (RunModel)" time="0.022" />
  <testcase classname="ptolemy.util.test.junit.AutoTests" name="[21] /home/travis/build/icyphy/ptII/ptolemy/actor/lib/test/auto/ArrayLevelCrossing.xml (RunModel)" time="0.028" />
  <testcase classname="ptolemy.util.test.junit.AutoTests" name="[22] /home/travis/build/icyphy/ptII/ptolemy/actor/lib/test/auto/ArrayLevelCrossing2.xml (RunModel)" time="0.028" />
  <testcase classname="ptolemy.util.test.junit.AutoTests" name="[23] /home/travis/build/icyphy/ptII/ptolemy/actor/lib/test/auto/ArrayPeakSearch.xml (RunModel)" time="0.041" />
  <testcase classname="ptolemy.util.test.junit.AutoTests" name="[24] /home/travis/build/icyphy/ptII/ptolemy/actor/lib/test/auto/ArrayPeakSearch2.xml (RunModel)" time="0.035" />
  <testcase classname="ptolemy.util.test.junit.AutoTests" name="[25] /home/travis/build/icyphy/ptII/ptolemy/actor/lib/test/auto/ArrayPeakSearch3.xml (RunModel)" time="0.034" />
  <testcase classname="ptolemy.util.test.junit.AutoTests" name="[26] /home/travis/build/icyphy/ptII/ptolemy/actor/lib/test/auto/ArrayRemoveElement.xml (RunModel)" time="0.032" />
  <testcase classname="ptolemy.util.test.junit.AutoTests" name="[27] /home/travis/build/icyphy/ptII/ptolemy/actor/lib/test/auto/ArraySort.xml (RunModel)" time="0.035" />
  <testcase classname="ptolemy.util.test.junit.AutoTests" name="[28] /home/travis/build/icyphy/ptII/ptolemy/actor/lib/test/auto/ArraySum.xml (RunModel)" time="0.018" />
  <testcase classname="ptolemy.util.test.junit.AutoTests" name="[29] /home/travis/build/icyphy/ptII/ptolemy/actor/lib/test/auto/ArrayToElements.xml (RunModel)" time="0.029" />
  <testcase classname="ptolemy.util.test.junit.AutoTests" name="[30] /home/travis/build/icyphy/ptII/ptolemy/actor/lib/test/auto/ArrayToMatrix.xml (RunModel)" time="0.055" />
  <testcase classname="ptolemy.util.test.junit.AutoTests" name="[31] /home/travis/build/icyphy/ptII/ptolemy/actor/lib/test/auto/ArrayUpdate1.xml (RunModel)" time="0.023" />
  <testcase classname="ptolemy.util.test.junit.AutoTests" name="[32] /home/travis/build/icyphy/ptII/ptolemy/actor/lib/test/auto/ArrayUpdate2.xml (RunModel)" time="0.035" />
  <testcase classname="ptolemy.util.test.junit.AutoTests" name="[33] /home/travis/build/icyphy/ptII/ptolemy/actor/lib/test/auto/ArrayUpdate3.xml (RunModel)" time="0.015" />
  <testcase classname="ptolemy.util.test.junit.AutoTests" name="[34] /home/travis/build/icyphy/ptII/ptolemy/actor/lib/test/auto/Assert1.xml (RunModel)" time="0.022" />
  <testcase classname="ptolemy.util.test.junit.AutoTests" name="[35] /home/travis/build/icyphy/ptII/ptolemy/actor/lib/test/auto/Assert2.xml (RunModel)" time="0.013" />
  <testcase classname="ptolemy.util.test.junit.AutoTests" name="[36] /home/travis/build/icyphy/ptII/ptolemy/actor/lib/test/auto/BooleanMultiplexor.xml (RunModel)" time="0.015" />
  <testcase classname="ptolemy.util.test.junit.AutoTests" name="[37] /home/travis/build/icyphy/ptII/ptolemy/actor/lib/test/auto/BooleanMultiplexor2.xml (RunModel)" time="0.02" />
  <testcase classname="ptolemy.util.test.junit.AutoTests" name="[38] /home/travis/build/icyphy/ptII/ptolemy/actor/lib/test/auto/BooleanMultiplexor3.xml (RunModel)" time="0.023" />
  <testcase classname="ptolemy.util.test.junit.AutoTests" name="[39] /home/travis/build/icyphy/ptII/ptolemy/actor/lib/test/auto/BooleanSelect.xml (RunModel)" time="0.033" />
  <testcase classname="ptolemy.util.test.junit.AutoTests" name="[40] /home/travis/build/icyphy/ptII/ptolemy/actor/lib/test/auto/BooleanSelect2.xml (RunModel)" time="0.015" />
  <testcase classname="ptolemy.util.test.junit.AutoTests" name="[41] /home/travis/build/icyphy/ptII/ptolemy/actor/lib/test/auto/BooleanSwitch.xml (RunModel)" time="0.033" />
  <testcase classname="ptolemy.util.test.junit.AutoTests" name="[42] /home/travis/build/icyphy/ptII/ptolemy/actor/lib/test/auto/BooleanSwitch2.xml (RunModel)" time="0.014" />
  <testcase classname="ptolemy.util.test.junit.AutoTests" name="[43] /home/travis/build/icyphy/ptII/ptolemy/actor/lib/test/auto/BooleanSwitchCloningBugWithClassRelationGroup.xml (RunModel)" time="0.029" />
  <testcase classname="ptolemy.util.test.junit.AutoTests" name="[44] /home/travis/build/icyphy/ptII/ptolemy/actor/lib/test/auto/BusActors.xml (RunModel)" time="0.045" />
  <testcase classname="ptolemy.util.test.junit.AutoTests" name="[45] /home/travis/build/icyphy/ptII/ptolemy/actor/lib/test/auto/ClassWrapper.xml (RunModel)" time="0.011" />
  <testcase classname="ptolemy.util.test.junit.AutoTests" name="[46] /home/travis/build/icyphy/ptII/ptolemy/actor/lib/test/auto/Clock.xml (RunModel)" time="0.012" />
  <testcase classname="ptolemy.util.test.junit.AutoTests" name="[47] /home/travis/build/icyphy/ptII/ptolemy/actor/lib/test/auto/Clock10.xml (RunModel)" time="0.023" />
  <testcase classname="ptolemy.util.test.junit.AutoTests" name="[48] /home/travis/build/icyphy/ptII/ptolemy/actor/lib/test/auto/Clock11.xml (RunModel)" time="0.018" />
  <testcase classname="ptolemy.util.test.junit.AutoTests" name="[49] /home/travis/build/icyphy/ptII/ptolemy/actor/lib/test/auto/Clock12.xml (RunModel)" time="0.016" />
  <testcase classname="ptolemy.util.test.junit.AutoTests" name="[50] /home/travis/build/icyphy/ptII/ptolemy/actor/lib/test/auto/Clock13.xml (RunModel)" time="0.014" />
  <testcase classname="ptolemy.util.test.junit.AutoTests" name="[51] /home/travis/build/icyphy/ptII/ptolemy/actor/lib/test/auto/Clock14.xml (RunModel)" time="0.019" />
  <testcase classname="ptolemy.util.test.junit.AutoTests" name="[52] /home/travis/build/icyphy/ptII/ptolemy/actor/lib/test/auto/Clock15.xml (RunModel)" time="0.013" />
  <testcase classname="ptolemy.util.test.junit.AutoTests" name="[53] /home/travis/build/icyphy/ptII/ptolemy/actor/lib/test/auto/Clock16.xml (RunModel)" time="0.116" />
  <testcase classname="ptolemy.util.test.junit.AutoTests" name="[54] /home/travis/build/icyphy/ptII/ptolemy/actor/lib/test/auto/Clock17.xml (RunModel)" time="0.054" />
  <testcase classname="ptolemy.util.test.junit.AutoTests" name="[55] /home/travis/build/icyphy/ptII/ptolemy/actor/lib/test/auto/Clock18.xml (RunModel)" time="0.048" />
  <testcase classname="ptolemy.util.test.junit.AutoTests" name="[56] /home/travis/build/icyphy/ptII/ptolemy/actor/lib/test/auto/Clock19.xml (RunModel)" time="0.039" />
  <testcase classname="ptolemy.util.test.junit.AutoTests" name="[57] /home/travis/build/icyphy/ptII/ptolemy/actor/lib/test/auto/Clock2.xml (RunModel)" time="0.014" />
  <testcase classname="ptolemy.util.test.junit.AutoTests" name="[58] /home/travis/build/icyphy/ptII/ptolemy/actor/lib/test/auto/Clock20.xml (RunModel)" time="0.026" />
  <testcase classname="ptolemy.util.test.junit.AutoTests" name="[59] /home/travis/build/icyphy/ptII/ptolemy/actor/lib/test/auto/Clock21.xml (RunModel)" time="0.016" />
  <testcase classname="ptolemy.util.test.junit.AutoTests" name="[60] /home/travis/build/icyphy/ptII/ptolemy/actor/lib/test/auto/Clock22.xml (RunModel)" time="0.014" />
  <testcase classname="ptolemy.util.test.junit.AutoTests" name="[61] /home/travis/build/icyphy/ptII/ptolemy/actor/lib/test/auto/Clock23.xml (RunModel)" time="0.023" />
  <testcase classname="ptolemy.util.test.junit.AutoTests" name="[62] /home/travis/build/icyphy/ptII/ptolemy/actor/lib/test/auto/Clock24.xml (RunModel)" time="0.016" />
  <testcase classname="ptolemy.util.test.junit.AutoTests" name="[63] /home/travis/build/icyphy/ptII/ptolemy/actor/lib/test/auto/Clock4.xml (RunModel)" time="0.011" />
  <testcase classname="ptolemy.util.test.junit.AutoTests" name="[64] /home/travis/build/icyphy/ptII/ptolemy/actor/lib/test/auto/Clock5.xml (RunModel)" time="0.017" />
  <testcase classname="ptolemy.util.test.junit.AutoTests" name="[65] /home/travis/build/icyphy/ptII/ptolemy/actor/lib/test/auto/Clock6.xml (RunModel)" time="0.009" />
  <testcase classname="ptolemy.util.test.junit.AutoTests" name="[66] /home/travis/build/icyphy/ptII/ptolemy/actor/lib/test/auto/Clock7.xml (RunModel)" time="0.009" />
  <testcase classname="ptolemy.util.test.junit.AutoTests" name="[67] /home/travis/build/icyphy/ptII/ptolemy/actor/lib/test/auto/Clock8.xml (RunModel)" time="0.014" />
  <testcase classname="ptolemy.util.test.junit.AutoTests" name="[68] /home/travis/build/icyphy/ptII/ptolemy/actor/lib/test/auto/Clock9.xml (RunModel)" time="0.014" />
  <testcase classname="ptolemy.util.test.junit.AutoTests" name="[69] /home/travis/build/icyphy/ptII/ptolemy/actor/lib/test/auto/CommDistDiscard.xml (RunModel)" time="0.022" />
  <testcase classname="ptolemy.util.test.junit.AutoTests" name="[70] /home/travis/build/icyphy/ptII/ptolemy/actor/lib/test/auto/Commutator.xml (RunModel)" time="0.015" />
  <testcase classname="ptolemy.util.test.junit.AutoTests" name="[71] /home/travis/build/icyphy/ptII/ptolemy/actor/lib/test/auto/Commutator2.xml (RunModel)" time="0.009" />
  <testcase classname="ptolemy.util.test.junit.AutoTests" name="[72] /home/travis/build/icyphy/ptII/ptolemy/actor/lib/test/auto/Commutator3.xml (RunModel)" time="0.012" />
  <testcase classname="ptolemy.util.test.junit.AutoTests" name="[73] /home/travis/build/icyphy/ptII/ptolemy/actor/lib/test/auto/Compare.xml (RunModel)" time="0.018" />
  <testcase classname="ptolemy.util.test.junit.AutoTests" name="[74] /home/travis/build/icyphy/ptII/ptolemy/actor/lib/test/auto/CompareDE.xml (RunModel)" time="0.018" />
  <testcase classname="ptolemy.util.test.junit.AutoTests" name="[75] /home/travis/build/icyphy/ptII/ptolemy/actor/lib/test/auto/ComplexDivide.xml (RunModel)" time="0.009" />
  <testcase classname="ptolemy.util.test.junit.AutoTests" name="[76] /home/travis/build/icyphy/ptII/ptolemy/actor/lib/test/auto/ComputeHistogram.xml (RunModel)" time="0.067" />
  <testcase classname="ptolemy.util.test.junit.AutoTests" name="[77] /home/travis/build/icyphy/ptII/ptolemy/actor/lib/test/auto/ConfigurationSelect.xml (RunModel)" time="0.02" />
  <testcase classname="ptolemy.util.test.junit.AutoTests" name="[78] /home/travis/build/icyphy/ptII/ptolemy/actor/lib/test/auto/ConfigurationSelect2.xml (RunModel)" time="0.014" />
  <testcase classname="ptolemy.util.test.junit.AutoTests" name="[79] /home/travis/build/icyphy/ptII/ptolemy/actor/lib/test/auto/ConfigurationSwitch.xml (RunModel)" time="0.021" />
  <testcase classname="ptolemy.util.test.junit.AutoTests" name="[80] /home/travis/build/icyphy/ptII/ptolemy/actor/lib/test/auto/ConfigurationSwitch2.xml (RunModel)" time="0.024" />
  <testcase classname="ptolemy.util.test.junit.AutoTests" name="[81] /home/travis/build/icyphy/ptII/ptolemy/actor/lib/test/auto/ConfigurationSwitchCloningBugWithClassRelationGroup.xml (RunModel)" time="0.015" />
  <testcase classname="ptolemy.util.test.junit.AutoTests" name="[82] /home/travis/build/icyphy/ptII/ptolemy/actor/lib/test/auto/ConfigurationSwitchSelectSDF.xml (RunModel)" time="0.016" />
  <testcase classname="ptolemy.util.test.junit.AutoTests" name="[83] /home/travis/build/icyphy/ptII/ptolemy/actor/lib/test/auto/ConfigurationSwitchSelectSDF2.xml (RunModel)" time="0.015" />
  <testcase classname="ptolemy.util.test.junit.AutoTests" name="[84] /home/travis/build/icyphy/ptII/ptolemy/actor/lib/test/auto/Const.xml (RunModel)" time="0.007" />
  <testcase classname="ptolemy.util.test.junit.AutoTests" name="[85] /home/travis/build/icyphy/ptII/ptolemy/actor/lib/test/auto/Const2.xml (RunModel)" time="0.013" />
  <testcase classname="ptolemy.util.test.junit.AutoTests" name="[86] /home/travis/build/icyphy/ptII/ptolemy/actor/lib/test/auto/Const3.xml (RunModel)" time="0.008" />
  <testcase classname="ptolemy.util.test.junit.AutoTests" name="[87] /home/travis/build/icyphy/ptII/ptolemy/actor/lib/test/auto/ConstantPublisherPort1.xml (RunModel)" time="0.02" />
  <testcase classname="ptolemy.util.test.junit.AutoTests" name="[88] /home/travis/build/icyphy/ptII/ptolemy/actor/lib/test/auto/ConstantPublisherPort2.xml (RunModel)" time="0.026" />
  <testcase classname="ptolemy.util.test.junit.AutoTests" name="[89] /home/travis/build/icyphy/ptII/ptolemy/actor/lib/test/auto/ConstantPublisherPort3.xml (RunModel)" time="0.021" />
  <testcase classname="ptolemy.util.test.junit.AutoTests" name="[90] /home/travis/build/icyphy/ptII/ptolemy/actor/lib/test/auto/ConstantPublisherPort4.xml (RunModel)" time="0.026" />
  <testcase classname="ptolemy.util.test.junit.AutoTests" name="[91] /home/travis/build/icyphy/ptII/ptolemy/actor/lib/test/auto/ConstantPublisherPort5.xml (RunModel)" time="0.046" />
  <testcase classname="ptolemy.util.test.junit.AutoTests" name="[92] /home/travis/build/icyphy/ptII/ptolemy/actor/lib/test/auto/ConstantPublisherPort6.xml (RunModel)" time="0.032" />
  <testcase classname="ptolemy.util.test.junit.AutoTests" name="[93] /home/travis/build/icyphy/ptII/ptolemy/actor/lib/test/auto/ConstantPublisherPort7.xml (RunModel)" time="0.035" />
  <testcase classname="ptolemy.util.test.junit.AutoTests" name="[94] /home/travis/build/icyphy/ptII/ptolemy/actor/lib/test/auto/ConstraintMonitor1.xml (RunModel)" time="0.038" />
  <testcase classname="ptolemy.util.test.junit.AutoTests" name="[95] /home/travis/build/icyphy/ptII/ptolemy/actor/lib/test/auto/ConstraintMonitor2.xml (RunModel)" time="0.017" />
  <testcase classname="ptolemy.util.test.junit.AutoTests" name="[96] /home/travis/build/icyphy/ptII/ptolemy/actor/lib/test/auto/ConstraintMonitor3.xml (RunModel)" time="0.01" />
  <testcase classname="ptolemy.util.test.junit.AutoTests" name="[97] /home/travis/build/icyphy/ptII/ptolemy/actor/lib/test/auto/ConstraintMonitor4.xml (RunModel)" time="0.012" />
  <testcase classname="ptolemy.util.test.junit.AutoTests" name="[98] /home/travis/build/icyphy/ptII/ptolemy/actor/lib/test/auto/ConstraintMonitor5.xml (RunModel)" time="0.01" />
  <testcase classname="ptolemy.util.test.junit.AutoTests" name="[99] /home/travis/build/icyphy/ptII/ptolemy/actor/lib/test/auto/ConstraintMonitor6.xml (RunModel)" time="0.012" />
  <testcase classname="ptolemy.util.test.junit.AutoTests" name="[100] /home/travis/build/icyphy/ptII/ptolemy/actor/lib/test/auto/ConstraintMonitor7.xml (RunModel)" time="0.014" />
  <testcase classname="ptolemy.util.test.junit.AutoTests" name="[101] /home/travis/build/icyphy/ptII/ptolemy/actor/lib/test/auto/ConstraintMonitor8.xml (RunModel)" time="0.02" />
  <testcase classname="ptolemy.util.test.junit.AutoTests" name="[102] /home/travis/build/icyphy/ptII/ptolemy/actor/lib/test/auto/Counter.xml (RunModel)" time="0.011" />
  <testcase classname="ptolemy.util.test.junit.AutoTests" name="[103] /home/travis/build/icyphy/ptII/ptolemy/actor/lib/test/auto/CurrentTimeSDF.xml (RunModel)" time="0.008" />
  <testcase classname="ptolemy.util.test.junit.AutoTests" name="[104] /home/travis/build/icyphy/ptII/ptolemy/actor/lib/test/auto/DB.xml (RunModel)" time="0.013" />
  <testcase classname="ptolemy.util.test.junit.AutoTests" name="[105] /home/travis/build/icyphy/ptII/ptolemy/actor/lib/test/auto/DBDE.xml (RunModel)" time="0.029" />
  <testcase classname="ptolemy.util.test.junit.AutoTests" name="[106] /home/travis/build/icyphy/ptII/ptolemy/actor/lib/test/auto/DateConstructor.xml (RunModel)" time="0.091" />
  <testcase classname="ptolemy.util.test.junit.AutoTests" name="[107] /home/travis/build/icyphy/ptII/ptolemy/actor/lib/test/auto/DelayTime.xml (RunModel)" time="0.017" />
  <testcase classname="ptolemy.util.test.junit.AutoTests" name="[108] /home/travis/build/icyphy/ptII/ptolemy/actor/lib/test/auto/Dictionary1.xml (RunModel)" time="0.021" />
  <testcase classname="ptolemy.util.test.junit.AutoTests" name="[109] /home/travis/build/icyphy/ptII/ptolemy/actor/lib/test/auto/Dictionary2.xml (RunModel)" time="0.014" />
  <testcase classname="ptolemy.util.test.junit.AutoTests" name="[110] /home/travis/build/icyphy/ptII/ptolemy/actor/lib/test/auto/Dictionary3.xml (RunModel)" time="0.014" />
  <testcase classname="ptolemy.util.test.junit.AutoTests" name="[111] /home/travis/build/icyphy/ptII/ptolemy/actor/lib/test/auto/Dictionary4.xml (RunModel)" time="0.024" />
  <testcase classname="ptolemy.util.test.junit.AutoTests" name="[112] /home/travis/build/icyphy/ptII/ptolemy/actor/lib/test/auto/Differential.xml (RunModel)" time="0.011" />
  <testcase classname="ptolemy.util.test.junit.AutoTests" name="[113] /home/travis/build/icyphy/ptII/ptolemy/actor/lib/test/auto/Director.xml (RunModel)" time="0.009" />
  <testcase classname="ptolemy.util.test.junit.AutoTests" name="[114] /home/travis/build/icyphy/ptII/ptolemy/actor/lib/test/auto/DiscreteClock.xml (RunModel)" time="0.008" />
  <testcase classname="ptolemy.util.test.junit.AutoTests" name="[115] /home/travis/build/icyphy/ptII/ptolemy/actor/lib/test/auto/DiscreteClock10.xml (RunModel)" time="0.017" />
  <testcase classname="ptolemy.util.test.junit.AutoTests" name="[116] /home/travis/build/icyphy/ptII/ptolemy/actor/lib/test/auto/DiscreteClock11.xml (RunModel)" time="0.012" />
  <testcase classname="ptolemy.util.test.junit.AutoTests" name="[117] /home/travis/build/icyphy/ptII/ptolemy/actor/lib/test/auto/DiscreteClock12.xml (RunModel)" time="0.014" />
  <testcase classname="ptolemy.util.test.junit.AutoTests" name="[118] /home/travis/build/icyphy/ptII/ptolemy/actor/lib/test/auto/DiscreteClock13.xml (RunModel)" time="0.014" />
  <testcase classname="ptolemy.util.test.junit.AutoTests" name="[119] /home/travis/build/icyphy/ptII/ptolemy/actor/lib/test/auto/DiscreteClock14.xml (RunModel)" time="0.014" />
  <testcase classname="ptolemy.util.test.junit.AutoTests" name="[120] /home/travis/build/icyphy/ptII/ptolemy/actor/lib/test/auto/DiscreteClock15.xml (RunModel)" time="0.021" />
  <testcase classname="ptolemy.util.test.junit.AutoTests" name="[121] /home/travis/build/icyphy/ptII/ptolemy/actor/lib/test/auto/DiscreteClock16.xml (RunModel)" time="0.043" />
  <testcase classname="ptolemy.util.test.junit.AutoTests" name="[122] /home/travis/build/icyphy/ptII/ptolemy/actor/lib/test/auto/DiscreteClock17.xml (RunModel)" time="0.039" />
  <testcase classname="ptolemy.util.test.junit.AutoTests" name="[123] /home/travis/build/icyphy/ptII/ptolemy/actor/lib/test/auto/DiscreteClock18.xml (RunModel)" time="0.042" />
  <testcase classname="ptolemy.util.test.junit.AutoTests" name="[124] /home/travis/build/icyphy/ptII/ptolemy/actor/lib/test/auto/DiscreteClock19.xml (RunModel)" time="0.051" />
  <testcase classname="ptolemy.util.test.junit.AutoTests" name="[125] /home/travis/build/icyphy/ptII/ptolemy/actor/lib/test/auto/DiscreteClock2.xml (RunModel)" time="0.012" />
  <testcase classname="ptolemy.util.test.junit.AutoTests" name="[126] /home/travis/build/icyphy/ptII/ptolemy/actor/lib/test/auto/DiscreteClock20.xml (RunModel)" time="0.023" />
  <testcase classname="ptolemy.util.test.junit.AutoTests" name="[127] /home/travis/build/icyphy/ptII/ptolemy/actor/lib/test/auto/DiscreteClock21.xml (RunModel)" time="0.017" />
  <testcase classname="ptolemy.util.test.junit.AutoTests" name="[128] /home/travis/build/icyphy/ptII/ptolemy/actor/lib/test/auto/DiscreteClock22.xml (RunModel)" time="0.016" />
  <testcase classname="ptolemy.util.test.junit.AutoTests" name="[129] /home/travis/build/icyphy/ptII/ptolemy/actor/lib/test/auto/DiscreteClock23.xml (RunModel)" time="0.022" />
  <testcase classname="ptolemy.util.test.junit.AutoTests" name="[130] /home/travis/build/icyphy/ptII/ptolemy/actor/lib/test/auto/DiscreteClock24.xml (RunModel)" time="0.012" />
  <testcase classname="ptolemy.util.test.junit.AutoTests" name="[131] /home/travis/build/icyphy/ptII/ptolemy/actor/lib/test/auto/DiscreteClock4.xml (RunModel)" time="0.011" />
  <testcase classname="ptolemy.util.test.junit.AutoTests" name="[132] /home/travis/build/icyphy/ptII/ptolemy/actor/lib/test/auto/DiscreteClock5.xml (RunModel)" time="0.015" />
  <testcase classname="ptolemy.util.test.junit.AutoTests" name="[133] /home/travis/build/icyphy/ptII/ptolemy/actor/lib/test/auto/DiscreteClock6.xml (RunModel)" time="0.011" />
  <testcase classname="ptolemy.util.test.junit.AutoTests" name="[134] /home/travis/build/icyphy/ptII/ptolemy/actor/lib/test/auto/DiscreteClock7.xml (RunModel)" time="0.011" />
  <testcase classname="ptolemy.util.test.junit.AutoTests" name="[135] /home/travis/build/icyphy/ptII/ptolemy/actor/lib/test/auto/DiscreteClock8.xml (RunModel)" time="0.026" />
  <testcase classname="ptolemy.util.test.junit.AutoTests" name="[136] /home/travis/build/icyphy/ptII/ptolemy/actor/lib/test/auto/DiscreteClock9.xml (RunModel)" time="0.011" />
  <testcase classname="ptolemy.util.test.junit.AutoTests" name="[137] /home/travis/build/icyphy/ptII/ptolemy/actor/lib/test/auto/DisplayArray.xml (RunModel)" time="0.014" />
  <testcase classname="ptolemy.util.test.junit.AutoTests" name="[138] /home/travis/build/icyphy/ptII/ptolemy/actor/lib/test/auto/Distributor.xml (RunModel)" time="0.009" />
  <testcase classname="ptolemy.util.test.junit.AutoTests" name="[139] /home/travis/build/icyphy/ptII/ptolemy/actor/lib/test/auto/Distributor2.xml (RunModel)" time="0.01" />
  <testcase classname="ptolemy.util.test.junit.AutoTests" name="[140] /home/travis/build/icyphy/ptII/ptolemy/actor/lib/test/auto/DownSample.xml (RunModel)" time="0.011" />
  <testcase classname="ptolemy.util.test.junit.AutoTests" name="[141] /home/travis/build/icyphy/ptII/ptolemy/actor/lib/test/auto/ElectronicUnitBase1.xml (RunModel)" time="0.061" />
  <testcase classname="ptolemy.util.test.junit.AutoTests" name="[142] /home/travis/build/icyphy/ptII/ptolemy/actor/lib/test/auto/ElementsToArray.xml (RunModel)" time="0.01" />
  <testcase classname="ptolemy.util.test.junit.AutoTests" name="[143] /home/travis/build/icyphy/ptII/ptolemy/actor/lib/test/auto/Equals.xml (RunModel)" time="0.014" />
  <testcase classname="ptolemy.util.test.junit.AutoTests" name="[144] /home/travis/build/icyphy/ptII/ptolemy/actor/lib/test/auto/Exec.xml (RunModel)" time="0.046" />
  <testcase classname="ptolemy.util.test.junit.AutoTests" name="[145] /home/travis/build/icyphy/ptII/ptolemy/actor/lib/test/auto/ExecEnvironment.xml (RunModel)" time="0.043" />
  <testcase classname="ptolemy.util.test.junit.AutoTests" name="[146] /home/travis/build/icyphy/ptII/ptolemy/actor/lib/test/auto/ExecNonZeroReturnOutput.xml (RunModel)" time="0.219" />
  <testcase classname="ptolemy.util.test.junit.AutoTests" name="[147] /home/travis/build/icyphy/ptII/ptolemy/actor/lib/test/auto/ExecRunDemos.xml (RunModel)" time="10.967" />
  <testcase classname="ptolemy.util.test.junit.AutoTests" name="[148] /home/travis/build/icyphy/ptII/ptolemy/actor/lib/test/auto/ExecStop.xml (RunModel)" time="5.038" />
  <testcase classname="ptolemy.util.test.junit.AutoTests" name="[149] /home/travis/build/icyphy/ptII/ptolemy/actor/lib/test/auto/ExecutionTimeSDF.xml (RunModel)" time="6.044" />
  <testcase classname="ptolemy.util.test.junit.AutoTests" name="[150] /home/travis/build/icyphy/ptII/ptolemy/actor/lib/test/auto/Expression1.xml (RunModel)" time="0.015" />
  <testcase classname="ptolemy.util.test.junit.AutoTests" name="[151] /home/travis/build/icyphy/ptII/ptolemy/actor/lib/test/auto/Expression10.xml (RunModel)" time="0.021" />
  <testcase classname="ptolemy.util.test.junit.AutoTests" name="[152] /home/travis/build/icyphy/ptII/ptolemy/actor/lib/test/auto/Expression11.xml (RunModel)" time="0.013" />
  <testcase classname="ptolemy.util.test.junit.AutoTests" name="[153] /home/travis/build/icyphy/ptII/ptolemy/actor/lib/test/auto/Expression12.xml (RunModel)" time="0.017" />
  <testcase classname="ptolemy.util.test.junit.AutoTests" name="[154] /home/travis/build/icyphy/ptII/ptolemy/actor/lib/test/auto/Expression13.xml (RunModel)" time="0.013" />
  <testcase classname="ptolemy.util.test.junit.AutoTests" name="[155] /home/travis/build/icyphy/ptII/ptolemy/actor/lib/test/auto/Expression14.xml (RunModel)" time="0.022" />
  <testcase classname="ptolemy.util.test.junit.AutoTests" name="[156] /home/travis/build/icyphy/ptII/ptolemy/actor/lib/test/auto/Expression15.xml (RunModel)" time="0.008" />
  <testcase classname="ptolemy.util.test.junit.AutoTests" name="[157] /home/travis/build/icyphy/ptII/ptolemy/actor/lib/test/auto/Expression16.xml (RunModel)" time="0.015" />
  <testcase classname="ptolemy.util.test.junit.AutoTests" name="[158] /home/travis/build/icyphy/ptII/ptolemy/actor/lib/test/auto/Expression17.xml (RunModel)" time="0.013" />
  <testcase classname="ptolemy.util.test.junit.AutoTests" name="[159] /home/travis/build/icyphy/ptII/ptolemy/actor/lib/test/auto/Expression18.xml (RunModel)" time="0.015" />
  <testcase classname="ptolemy.util.test.junit.AutoTests" name="[160] /home/travis/build/icyphy/ptII/ptolemy/actor/lib/test/auto/Expression2.xml (RunModel)" time="0.016" />
  <testcase classname="ptolemy.util.test.junit.AutoTests" name="[161] /home/travis/build/icyphy/ptII/ptolemy/actor/lib/test/auto/Expression3.xml (RunModel)" time="0.016" />
  <testcase classname="ptolemy.util.test.junit.AutoTests" name="[162] /home/travis/build/icyphy/ptII/ptolemy/actor/lib/test/auto/Expression4.xml (RunModel)" time="0.024" />
  <testcase classname="ptolemy.util.test.junit.AutoTests" name="[163] /home/travis/build/icyphy/ptII/ptolemy/actor/lib/test/auto/Expression5.xml (RunModel)" time="0.015" />
  <testcase classname="ptolemy.util.test.junit.AutoTests" name="[164] /home/travis/build/icyphy/ptII/ptolemy/actor/lib/test/auto/Expression6.xml (RunModel)" time="0.012" />
  <testcase classname="ptolemy.util.test.junit.AutoTests" name="[165] /home/travis/build/icyphy/ptII/ptolemy/actor/lib/test/auto/Expression7.xml (RunModel)" time="0.014" />
  <testcase classname="ptolemy.util.test.junit.AutoTests" name="[166] /home/travis/build/icyphy/ptII/ptolemy/actor/lib/test/auto/Expression8.xml (RunModel)" time="0.019" />
  <testcase classname="ptolemy.util.test.junit.AutoTests" name="[167] /home/travis/build/icyphy/ptII/ptolemy/actor/lib/test/auto/Expression9.xml (RunModel)" time="0.01" />
  <testcase classname="ptolemy.util.test.junit.AutoTests" name="[168] /home/travis/build/icyphy/ptII/ptolemy/actor/lib/test/auto/ExpressionConcatenateArrayType.xml (RunModel)" time="0.036" />
  <testcase classname="ptolemy.util.test.junit.AutoTests" name="[169] /home/travis/build/icyphy/ptII/ptolemy/actor/lib/test/auto/ExpressionConcatenateArrayType2.xml (RunModel)" time="0.028" />
  <testcase classname="ptolemy.util.test.junit.AutoTests" name="[170] /home/travis/build/icyphy/ptII/ptolemy/actor/lib/test/auto/ExpressionFix.xml (RunModel)" time="0.054" />
  <testcase classname="ptolemy.util.test.junit.AutoTests" name="[171] /home/travis/build/icyphy/ptII/ptolemy/actor/lib/test/auto/ExpressionFix2.xml (RunModel)" time="0.018" />
  <testcase classname="ptolemy.util.test.junit.AutoTests" name="[172] /home/travis/build/icyphy/ptII/ptolemy/actor/lib/test/auto/ExpressionFix3.xml (RunModel)" time="0.014" />
  <testcase classname="ptolemy.util.test.junit.AutoTests" name="[173] /home/travis/build/icyphy/ptII/ptolemy/actor/lib/test/auto/FileWriter1.xml (RunModel)" time="0.011" />
  <testcase classname="ptolemy.util.test.junit.AutoTests" name="[174] /home/travis/build/icyphy/ptII/ptolemy/actor/lib/test/auto/FileWriter2.xml (RunModel)" time="0.015" />
  <testcase classname="ptolemy.util.test.junit.AutoTests" name="[175] /home/travis/build/icyphy/ptII/ptolemy/actor/lib/test/auto/FileWriter3.xml (RunModel)" time="0.013" />
  <testcase classname="ptolemy.util.test.junit.AutoTests" name="[176] /home/travis/build/icyphy/ptII/ptolemy/actor/lib/test/auto/Gaussian.xml (RunModel)" time="0.016" />
  <testcase classname="ptolemy.util.test.junit.AutoTests" name="[177] /home/travis/build/icyphy/ptII/ptolemy/actor/lib/test/auto/Gaussian1.xml (RunModel)" time="0.025" />
  <testcase classname="ptolemy.util.test.junit.AutoTests" name="[178] /home/travis/build/icyphy/ptII/ptolemy/actor/lib/test/auto/Gaussian2.xml (RunModel)" time="0.022" />
  <testcase classname="ptolemy.util.test.junit.AutoTests" name="[179] /home/travis/build/icyphy/ptII/ptolemy/actor/lib/test/auto/GradientAdaptiveLattice.xml (RunModel)" time="0.018" />
  <testcase classname="ptolemy.util.test.junit.AutoTests" name="[180] /home/travis/build/icyphy/ptII/ptolemy/actor/lib/test/auto/IIR.xml (RunModel)" time="0.012" />
  <testcase classname="ptolemy.util.test.junit.AutoTests" name="[181] /home/travis/build/icyphy/ptII/ptolemy/actor/lib/test/auto/InputOutputTransparentPorts.xml (RunModel)" time="0.027" />
  <testcase classname="ptolemy.util.test.junit.AutoTests" name="[182] /home/travis/build/icyphy/ptII/ptolemy/actor/lib/test/auto/Interpolator.xml (RunModel)" time="0.014" />
  <testcase classname="ptolemy.util.test.junit.AutoTests" name="[183] /home/travis/build/icyphy/ptII/ptolemy/actor/lib/test/auto/InterpolatorFiringLimitDE.xml (RunModel)" time="0.016" />
  <testcase classname="ptolemy.util.test.junit.AutoTests" name="[184] /home/travis/build/icyphy/ptII/ptolemy/actor/lib/test/auto/Lattice.xml (RunModel)" time="0.009" />
  <testcase classname="ptolemy.util.test.junit.AutoTests" name="[185] /home/travis/build/icyphy/ptII/ptolemy/actor/lib/test/auto/LazyAOCTestLazy.xml (RunModel)" time="0.023" />
  <testcase classname="ptolemy.util.test.junit.AutoTests" name="[186] /home/travis/build/icyphy/ptII/ptolemy/actor/lib/test/auto/LazyAOCTestNonLazy.xml (RunModel)" time="0.047" />
  <testcase classname="ptolemy.util.test.junit.AutoTests" name="[187] /home/travis/build/icyphy/ptII/ptolemy/actor/lib/test/auto/LazyInnerClass.xml (RunModel)" time="0.055" />
  <testcase classname="ptolemy.util.test.junit.AutoTests" name="[188] /home/travis/build/icyphy/ptII/ptolemy/actor/lib/test/auto/LazyPubSub.xml (RunModel)" time="0.065" />
  <testcase classname="ptolemy.util.test.junit.AutoTests" name="[189] /home/travis/build/icyphy/ptII/ptolemy/actor/lib/test/auto/LazyPubSub2.xml (RunModel)" time="0.079" />
  <testcase classname="ptolemy.util.test.junit.AutoTests" name="[190] /home/travis/build/icyphy/ptII/ptolemy/actor/lib/test/auto/LazyPubSub3.xml (RunModel)" time="0.029" />
  <testcase classname="ptolemy.util.test.junit.AutoTests" name="[191] /home/travis/build/icyphy/ptII/ptolemy/actor/lib/test/auto/LazySubClassModel.xml (RunModel)" time="0.02" />
  <testcase classname="ptolemy.util.test.junit.AutoTests" name="[192] /home/travis/build/icyphy/ptII/ptolemy/actor/lib/test/auto/LevelCrossTest1.xml (RunModel)" time="0.01" />
  <testcase classname="ptolemy.util.test.junit.AutoTests" name="[193] /home/travis/build/icyphy/ptII/ptolemy/actor/lib/test/auto/LevelCrossTest10.xml (RunModel)" time="0.014" />
  <testcase classname="ptolemy.util.test.junit.AutoTests" name="[194] /home/travis/build/icyphy/ptII/ptolemy/actor/lib/test/auto/LevelCrossTest11.xml (RunModel)" time="0.012" />
  <testcase classname="ptolemy.util.test.junit.AutoTests" name="[195] /home/travis/build/icyphy/ptII/ptolemy/actor/lib/test/auto/LevelCrossTest12.xml (RunModel)" time="0.017" />
  <testcase classname="ptolemy.util.test.junit.AutoTests" name="[196] /home/travis/build/icyphy/ptII/ptolemy/actor/lib/test/auto/LevelCrossTest13.xml (RunModel)" time="0.015" />
  <testcase classname="ptolemy.util.test.junit.AutoTests" name="[197] /home/travis/build/icyphy/ptII/ptolemy/actor/lib/test/auto/LevelCrossTest2.xml (RunModel)" time="0.011" />
  <testcase classname="ptolemy.util.test.junit.AutoTests" name="[198] /home/travis/build/icyphy/ptII/ptolemy/actor/lib/test/auto/LevelCrossTest3.xml (RunModel)" time="0.012" />
  <testcase classname="ptolemy.util.test.junit.AutoTests" name="[199] /home/travis/build/icyphy/ptII/ptolemy/actor/lib/test/auto/LevelCrossTest4.xml (RunModel)" time="0.01" />
  <testcase classname="ptolemy.util.test.junit.AutoTests" name="[200] /home/travis/build/icyphy/ptII/ptolemy/actor/lib/test/auto/LevelCrossTest5.xml (RunModel)" time="0.023" />
  <testcase classname="ptolemy.util.test.junit.AutoTests" name="[201] /home/travis/build/icyphy/ptII/ptolemy/actor/lib/test/auto/LevelCrossTest6.xml (RunModel)" time="0.019" />
  <testcase classname="ptolemy.util.test.junit.AutoTests" name="[202] /home/travis/build/icyphy/ptII/ptolemy/actor/lib/test/auto/LevelCrossTest7.xml (RunModel)" time="0.019" />
  <testcase classname="ptolemy.util.test.junit.AutoTests" name="[203] /home/travis/build/icyphy/ptII/ptolemy/actor/lib/test/auto/LevelCrossTest8.xml (RunModel)" time="0.014" />
  <testcase classname="ptolemy.util.test.junit.AutoTests" name="[204] /home/travis/build/icyphy/ptII/ptolemy/actor/lib/test/auto/LevelCrossTest9.xml (RunModel)" time="0.016" />
  <testcase classname="ptolemy.util.test.junit.AutoTests" name="[205] /home/travis/build/icyphy/ptII/ptolemy/actor/lib/test/auto/LevinsonDurbin.xml (RunModel)" time="0.01" />
  <testcase classname="ptolemy.util.test.junit.AutoTests" name="[206] /home/travis/build/icyphy/ptII/ptolemy/actor/lib/test/auto/LevinsonDurbin2.xml (RunModel)" time="0.01" />
  <testcase classname="ptolemy.util.test.junit.AutoTests" name="[207] /home/travis/build/icyphy/ptII/ptolemy/actor/lib/test/auto/LevinsonDurbin3.xml (RunModel)" time="0.012" />
  <testcase classname="ptolemy.util.test.junit.AutoTests" name="[208] /home/travis/build/icyphy/ptII/ptolemy/actor/lib/test/auto/Limiter.xml (RunModel)" time="0.044" />
  <testcase classname="ptolemy.util.test.junit.AutoTests" name="[209] /home/travis/build/icyphy/ptII/ptolemy/actor/lib/test/auto/LinearDifferenceEquationSystem.xml (RunModel)" time="0.031" />
  <testcase classname="ptolemy.util.test.junit.AutoTests" name="[210] /home/travis/build/icyphy/ptII/ptolemy/actor/lib/test/auto/LookupTable.xml (RunModel)" time="0.016" />
  <testcase classname="ptolemy.util.test.junit.AutoTests" name="[211] /home/travis/build/icyphy/ptII/ptolemy/actor/lib/test/auto/MathFunction.xml (RunModel)" time="0.019" />
  <testcase classname="ptolemy.util.test.junit.AutoTests" name="[212] /home/travis/build/icyphy/ptII/ptolemy/actor/lib/test/auto/MathFunction2.xml (RunModel)" time="0.016" />
  <testcase classname="ptolemy.util.test.junit.AutoTests" name="[213] /home/travis/build/icyphy/ptII/ptolemy/actor/lib/test/auto/MathFunction3.xml (RunModel)" time="0.018" />
  <testcase classname="ptolemy.util.test.junit.AutoTests" name="[214] /home/travis/build/icyphy/ptII/ptolemy/actor/lib/test/auto/MatrixCropBoolean.xml (RunModel)" time="0.012" />
  <testcase classname="ptolemy.util.test.junit.AutoTests" name="[215] /home/travis/build/icyphy/ptII/ptolemy/actor/lib/test/auto/MatrixCropComplex.xml (RunModel)" time="0.016" />
  <testcase classname="ptolemy.util.test.junit.AutoTests" name="[216] /home/travis/build/icyphy/ptII/ptolemy/actor/lib/test/auto/MatrixCropDouble.xml (RunModel)" time="0.01" />
  <testcase classname="ptolemy.util.test.junit.AutoTests" name="[217] /home/travis/build/icyphy/ptII/ptolemy/actor/lib/test/auto/MatrixCropFix.xml (RunModel)" time="0.015" />
  <testcase classname="ptolemy.util.test.junit.AutoTests" name="[218] /home/travis/build/icyphy/ptII/ptolemy/actor/lib/test/auto/MatrixCropInt.xml (RunModel)" time="0.01" />
  <testcase classname="ptolemy.util.test.junit.AutoTests" name="[219] /home/travis/build/icyphy/ptII/ptolemy/actor/lib/test/auto/MatrixCropLong.xml (RunModel)" time="0.01" />
  <testcase classname="ptolemy.util.test.junit.AutoTests" name="[220] /home/travis/build/icyphy/ptII/ptolemy/actor/lib/test/auto/MatrixToArray.xml (RunModel)" time="0.06" />
  <testcase classname="ptolemy.util.test.junit.AutoTests" name="[221] /home/travis/build/icyphy/ptII/ptolemy/actor/lib/test/auto/MaxIndex.xml (RunModel)" time="0.013" />
  <testcase classname="ptolemy.util.test.junit.AutoTests" name="[222] /home/travis/build/icyphy/ptII/ptolemy/actor/lib/test/auto/Maximum.xml (RunModel)" time="0.012" />
  <testcase classname="ptolemy.util.test.junit.AutoTests" name="[223] /home/travis/build/icyphy/ptII/ptolemy/actor/lib/test/auto/MaximumComplex.xml (RunModel)" time="0.015" />
  <testcase classname="ptolemy.util.test.junit.AutoTests" name="[224] /home/travis/build/icyphy/ptII/ptolemy/actor/lib/test/auto/MethodCallTest.xml (RunModel)" time="0.022" />
  <testcase classname="ptolemy.util.test.junit.AutoTests" name="[225] /home/travis/build/icyphy/ptII/ptolemy/actor/lib/test/auto/Minimum.xml (RunModel)" time="0.015" />
  <testcase classname="ptolemy.util.test.junit.AutoTests" name="[226] /home/travis/build/icyphy/ptII/ptolemy/actor/lib/test/auto/MinimumComplex.xml (RunModel)" time="0.027" />
  <testcase classname="ptolemy.util.test.junit.AutoTests" name="[227] /home/travis/build/icyphy/ptII/ptolemy/actor/lib/test/auto/MinimumMultiports.xml (RunModel)" time="0.017" />
  <testcase classname="ptolemy.util.test.junit.AutoTests" name="[228] /home/travis/build/icyphy/ptII/ptolemy/actor/lib/test/auto/ModifyDate.xml (RunModel)" time="0.046" />
  <testcase classname="ptolemy.util.test.junit.AutoTests" name="[229] /home/travis/build/icyphy/ptII/ptolemy/actor/lib/test/auto/ModifyDate2.xml (RunModel)" time="0.044" />
  <testcase classname="ptolemy.util.test.junit.AutoTests" name="[230] /home/travis/build/icyphy/ptII/ptolemy/actor/lib/test/auto/MovingAverage.xml (RunModel)" time="0.015" />
  <testcase classname="ptolemy.util.test.junit.AutoTests" name="[231] /home/travis/build/icyphy/ptII/ptolemy/actor/lib/test/auto/MovingMaximum.xml (RunModel)" time="0.013" />
  <testcase classname="ptolemy.util.test.junit.AutoTests" name="[232] /home/travis/build/icyphy/ptII/ptolemy/actor/lib/test/auto/MultipleLinksToSameRelation.xml (RunModel)" time="0.008" />
  <testcase classname="ptolemy.util.test.junit.AutoTests" name="[233] /home/travis/build/icyphy/ptII/ptolemy/actor/lib/test/auto/MultipleLinksToSameRelationDE.xml (RunModel)" time="0.012" />
  <testcase classname="ptolemy.util.test.junit.AutoTests" name="[234] /home/travis/build/icyphy/ptII/ptolemy/actor/lib/test/auto/Multiplexor.xml (RunModel)" time="0.012" />
  <testcase classname="ptolemy.util.test.junit.AutoTests" name="[235] /home/travis/build/icyphy/ptII/ptolemy/actor/lib/test/auto/Multiplexor1.xml (RunModel)" time="0.011" />
  <testcase classname="ptolemy.util.test.junit.AutoTests" name="[236] /home/travis/build/icyphy/ptII/ptolemy/actor/lib/test/auto/Multiplexor2.xml (RunModel)" time="0.013" />
  <testcase classname="ptolemy.util.test.junit.AutoTests" name="[237] /home/travis/build/icyphy/ptII/ptolemy/actor/lib/test/auto/Multiplexor3.xml (RunModel)" time="0.009" />
  <testcase classname="ptolemy.util.test.junit.AutoTests" name="[238] /home/travis/build/icyphy/ptII/ptolemy/actor/lib/test/auto/MultiplexorDE.xml (RunModel)" time="0.019" />
  <testcase classname="ptolemy.util.test.junit.AutoTests" name="[239] /home/travis/build/icyphy/ptII/ptolemy/actor/lib/test/auto/MultiportBroadcastTest.xml (RunModel)" time="0.103" />
  <testcase classname="ptolemy.util.test.junit.AutoTests" name="[240] /home/travis/build/icyphy/ptII/ptolemy/actor/lib/test/auto/MultiportOutHangDuringGetWidth.xml (RunModel)" time="0.033" />
  <testcase classname="ptolemy.util.test.junit.AutoTests" name="[241] /home/travis/build/icyphy/ptII/ptolemy/actor/lib/test/auto/NilToken.xml (RunModel)" time="0.012" />
  <testcase classname="ptolemy.util.test.junit.AutoTests" name="[242] /home/travis/build/icyphy/ptII/ptolemy/actor/lib/test/auto/NilTokenNonStrictTest.xml (RunModel)" time="0.011" />
  <testcase classname="ptolemy.util.test.junit.AutoTests" name="[243] /home/travis/build/icyphy/ptII/ptolemy/actor/lib/test/auto/NilTokenRecord.xml (RunModel)" time="0.028" />
  <testcase classname="ptolemy.util.test.junit.AutoTests" name="[244] /home/travis/build/icyphy/ptII/ptolemy/actor/lib/test/auto/NilTokenTypeTest.xml (RunModel)" time="0.035" />
  <testcase classname="ptolemy.util.test.junit.AutoTests" name="[245] /home/travis/build/icyphy/ptII/ptolemy/actor/lib/test/auto/ObjectToken1.xml (RunModel)" time="0.009" />
  <testcase classname="ptolemy.util.test.junit.AutoTests" name="[246] /home/travis/build/icyphy/ptII/ptolemy/actor/lib/test/auto/OrderedMerge.xml (RunModel)" time="0.018" />
  <testcase classname="ptolemy.util.test.junit.AutoTests" name="[247] /home/travis/build/icyphy/ptII/ptolemy/actor/lib/test/auto/OrderedRecordDisassembler.xml (RunModel)" time="0.018" />
  <testcase classname="ptolemy.util.test.junit.AutoTests" name="[248] /home/travis/build/icyphy/ptII/ptolemy/actor/lib/test/auto/OrderedRecordDisassembler2.xml (RunModel)" time="0.021" />
  <testcase classname="ptolemy.util.test.junit.AutoTests" name="[249] /home/travis/build/icyphy/ptII/ptolemy/actor/lib/test/auto/OrderedRecordUpdater.xml (RunModel)" time="0.012" />
  <testcase classname="ptolemy.util.test.junit.AutoTests" name="[250] /home/travis/build/icyphy/ptII/ptolemy/actor/lib/test/auto/OrderedRecordUpdater2.xml (RunModel)" time="0.019" />
  <testcase classname="ptolemy.util.test.junit.AutoTests" name="[251] /home/travis/build/icyphy/ptII/ptolemy/actor/lib/test/auto/PhaseUnwrap.xml (RunModel)" time="0.013" />
  <testcase classname="ptolemy.util.test.junit.AutoTests" name="[252] /home/travis/build/icyphy/ptII/ptolemy/actor/lib/test/auto/PoissonClock.xml (RunModel)" time="0.013" />
  <testcase classname="ptolemy.util.test.junit.AutoTests" name="[253] /home/travis/build/icyphy/ptII/ptolemy/actor/lib/test/auto/PoissonClock2.xml (RunModel)" time="0.007" />
  <testcase classname="ptolemy.util.test.junit.AutoTests" name="[254] /home/travis/build/icyphy/ptII/ptolemy/actor/lib/test/auto/PoissonClock3.xml (RunModel)" time="0.025" />
  <testcase classname="ptolemy.util.test.junit.AutoTests" name="[255] /home/travis/build/icyphy/ptII/ptolemy/actor/lib/test/auto/PubSubWithInitialTokens.xml (RunModel)" time="0.015" />
  <testcase classname="ptolemy.util.test.junit.AutoTests" name="[256] /home/travis/build/icyphy/ptII/ptolemy/actor/lib/test/auto/PubSubWithInitialTokens2.xml (RunModel)" time="0.01" />
  <testcase classname="ptolemy.util.test.junit.AutoTests" name="[257] /home/travis/build/icyphy/ptII/ptolemy/actor/lib/test/auto/PublisherClassNoParameter.xml (RunModel)" time="0.023" />
  <testcase classname="ptolemy.util.test.junit.AutoTests" name="[258] /home/travis/build/icyphy/ptII/ptolemy/actor/lib/test/auto/PublisherClassParameter.xml (RunModel)" time="0.02" />
  <testcase classname="ptolemy.util.test.junit.AutoTests" name="[259] /home/travis/build/icyphy/ptII/ptolemy/actor/lib/test/auto/PublisherNonStrictTest.xml (RunModel)" time="0.016" />
  <testcase classname="ptolemy.util.test.junit.AutoTests" name="[260] /home/travis/build/icyphy/ptII/ptolemy/actor/lib/test/auto/PublisherPort1.xml (RunModel)" time="0.013" />
  <testcase classname="ptolemy.util.test.junit.AutoTests" name="[261] /home/travis/build/icyphy/ptII/ptolemy/actor/lib/test/auto/PublisherPort2.xml (RunModel)" time="0.009" />
  <testcase classname="ptolemy.util.test.junit.AutoTests" name="[262] /home/travis/build/icyphy/ptII/ptolemy/actor/lib/test/auto/PublisherPort3.xml (RunModel)" time="0.02" />
  <testcase classname="ptolemy.util.test.junit.AutoTests" name="[263] /home/travis/build/icyphy/ptII/ptolemy/actor/lib/test/auto/PublisherPort4.xml (RunModel)" time="0.015" />
  <testcase classname="ptolemy.util.test.junit.AutoTests" name="[264] /home/travis/build/icyphy/ptII/ptolemy/actor/lib/test/auto/PublisherPort5.xml (RunModel)" time="0.013" />
  <testcase classname="ptolemy.util.test.junit.AutoTests" name="[265] /home/travis/build/icyphy/ptII/ptolemy/actor/lib/test/auto/PublisherPort5LookAlike.xml (RunModel)" time="0.017" />
  <testcase classname="ptolemy.util.test.junit.AutoTests" name="[266] /home/travis/build/icyphy/ptII/ptolemy/actor/lib/test/auto/PublisherPort6.xml (RunModel)" time="0.01" />
  <testcase classname="ptolemy.util.test.junit.AutoTests" name="[267] /home/travis/build/icyphy/ptII/ptolemy/actor/lib/test/auto/PublisherPort7.xml (RunModel)" time="0.015" />
  <testcase classname="ptolemy.util.test.junit.AutoTests" name="[268] /home/travis/build/icyphy/ptII/ptolemy/actor/lib/test/auto/PublisherPort8.xml (RunModel)" time="0.015" />
  <testcase classname="ptolemy.util.test.junit.AutoTests" name="[269] /home/travis/build/icyphy/ptII/ptolemy/actor/lib/test/auto/PublisherPortSubscriberChannelVariablesAOC2.xml (RunModel)" time="0.034" />
  <testcase classname="ptolemy.util.test.junit.AutoTests" name="[270] /home/travis/build/icyphy/ptII/ptolemy/actor/lib/test/auto/PublisherPortSubscriberOpaqueWidthInference.xml (RunModel)" time="0.024" />
  <testcase classname="ptolemy.util.test.junit.AutoTests" name="[271] /home/travis/build/icyphy/ptII/ptolemy/actor/lib/test/auto/PublisherPortSubscriberPortAdjacent.xml (RunModel)" time="0.019" />
  <testcase classname="ptolemy.util.test.junit.AutoTests" name="[272] /home/travis/build/icyphy/ptII/ptolemy/actor/lib/test/auto/PublisherPortSubscriberPortExpression.xml (RunModel)" time="0.02" />
  <testcase classname="ptolemy.util.test.junit.AutoTests" name="[273] /home/travis/build/icyphy/ptII/ptolemy/actor/lib/test/auto/PublisherPortSubscriberPortOpaqueD3Reverse.xml (RunModel)" time="0.034" />
  <testcase classname="ptolemy.util.test.junit.AutoTests" name="[274] /home/travis/build/icyphy/ptII/ptolemy/actor/lib/test/auto/PublisherPortSubscriberPortOpaqueWidthInference.xml (RunModel)" time="0.014" />
  <testcase classname="ptolemy.util.test.junit.AutoTests" name="[275] /home/travis/build/icyphy/ptII/ptolemy/actor/lib/test/auto/PublisherPortToplevelSubscriberPortAOC.xml (RunModel)" time="0.011" />
  <testcase classname="ptolemy.util.test.junit.AutoTests" name="[276] /home/travis/build/icyphy/ptII/ptolemy/actor/lib/test/auto/PublisherSubscriber.xml (RunModel)" time="0.012" />
  <testcase classname="ptolemy.util.test.junit.AutoTests" name="[277] /home/travis/build/icyphy/ptII/ptolemy/actor/lib/test/auto/PublisherSubscriber10.xml (RunModel)" time="0.022" />
  <testcase classname="ptolemy.util.test.junit.AutoTests" name="[278] /home/travis/build/icyphy/ptII/ptolemy/actor/lib/test/auto/PublisherSubscriber10InitialOutputs.xml (RunModel)" time="0.032" />
  <testcase classname="ptolemy.util.test.junit.AutoTests" name="[279] /home/travis/build/icyphy/ptII/ptolemy/actor/lib/test/auto/PublisherSubscriber11.xml (RunModel)" time="0.014" />
  <testcase classname="ptolemy.util.test.junit.AutoTests" name="[280] /home/travis/build/icyphy/ptII/ptolemy/actor/lib/test/auto/PublisherSubscriber12.xml (RunModel)" time="0.014" />
  <testcase classname="ptolemy.util.test.junit.AutoTests" name="[281] /home/travis/build/icyphy/ptII/ptolemy/actor/lib/test/auto/PublisherSubscriber13.xml (RunModel)" time="0.01" />
  <testcase classname="ptolemy.util.test.junit.AutoTests" name="[282] /home/travis/build/icyphy/ptII/ptolemy/actor/lib/test/auto/PublisherSubscriber14.xml (RunModel)" time="0.018" />
  <testcase classname="ptolemy.util.test.junit.AutoTests" name="[283] /home/travis/build/icyphy/ptII/ptolemy/actor/lib/test/auto/PublisherSubscriber2.xml (RunModel)" time="0.019" />
  <testcase classname="ptolemy.util.test.junit.AutoTests" name="[284] /home/travis/build/icyphy/ptII/ptolemy/actor/lib/test/auto/PublisherSubscriber3.xml (RunModel)" time="0.009" />
  <testcase classname="ptolemy.util.test.junit.AutoTests" name="[285] /home/travis/build/icyphy/ptII/ptolemy/actor/lib/test/auto/PublisherSubscriber4.xml (RunModel)" time="0.01" />
  <testcase classname="ptolemy.util.test.junit.AutoTests" name="[286] /home/travis/build/icyphy/ptII/ptolemy/actor/lib/test/auto/PublisherSubscriber5.xml (RunModel)" time="0.012" />
  <testcase classname="ptolemy.util.test.junit.AutoTests" name="[287] /home/travis/build/icyphy/ptII/ptolemy/actor/lib/test/auto/PublisherSubscriber6.xml (RunModel)" time="0.024" />
  <testcase classname="ptolemy.util.test.junit.AutoTests" name="[288] /home/travis/build/icyphy/ptII/ptolemy/actor/lib/test/auto/PublisherSubscriber7.xml (RunModel)" time="0.017" />
  <testcase classname="ptolemy.util.test.junit.AutoTests" name="[289] /home/travis/build/icyphy/ptII/ptolemy/actor/lib/test/auto/PublisherSubscriber8.xml (RunModel)" time="0.034" />
  <testcase classname="ptolemy.util.test.junit.AutoTests" name="[290] /home/travis/build/icyphy/ptII/ptolemy/actor/lib/test/auto/PublisherSubscriber9.xml (RunModel)" time="0.02" />
  <testcase classname="ptolemy.util.test.junit.AutoTests" name="[291] /home/travis/build/icyphy/ptII/ptolemy/actor/lib/test/auto/PublisherSubscriberAdjacent.xml (RunModel)" time="0.015" />
  <testcase classname="ptolemy.util.test.junit.AutoTests" name="[292] /home/travis/build/icyphy/ptII/ptolemy/actor/lib/test/auto/PublisherSubscriberChannelVariablesAOC2.xml (RunModel)" time="0.027" />
  <testcase classname="ptolemy.util.test.junit.AutoTests" name="[293] /home/travis/build/icyphy/ptII/ptolemy/actor/lib/test/auto/PublisherSubscriberD3.xml (RunModel)" time="0.013" />
  <testcase classname="ptolemy.util.test.junit.AutoTests" name="[294] /home/travis/build/icyphy/ptII/ptolemy/actor/lib/test/auto/PublisherSubscriberD3Reverse.xml (RunModel)" time="0.01" />
  <testcase classname="ptolemy.util.test.junit.AutoTests" name="[295] /home/travis/build/icyphy/ptII/ptolemy/actor/lib/test/auto/PublisherSubscriberExpression.xml (RunModel)" time="0.015" />
  <testcase classname="ptolemy.util.test.junit.AutoTests" name="[296] /home/travis/build/icyphy/ptII/ptolemy/actor/lib/test/auto/PublisherSubscriberOpaque.xml (RunModel)" time="0.015" />
  <testcase classname="ptolemy.util.test.junit.AutoTests" name="[297] /home/travis/build/icyphy/ptII/ptolemy/actor/lib/test/auto/PublisherSubscriberOpaqueD3.xml (RunModel)" time="0.021" />
  <testcase classname="ptolemy.util.test.junit.AutoTests" name="[298] /home/travis/build/icyphy/ptII/ptolemy/actor/lib/test/auto/PublisherSubscriberOpaqueD3Reverse.xml (RunModel)" time="0.021" />
  <testcase classname="ptolemy.util.test.junit.AutoTests" name="[299] /home/travis/build/icyphy/ptII/ptolemy/actor/lib/test/auto/PublisherSubscriberOpaqueWidthInference.xml (RunModel)" time="0.014" />
  <testcase classname="ptolemy.util.test.junit.AutoTests" name="[300] /home/travis/build/icyphy/ptII/ptolemy/actor/lib/test/auto/PublisherTestSubscriber.xml (RunModel)" time="0.014" />
  <testcase classname="ptolemy.util.test.junit.AutoTests" name="[301] /home/travis/build/icyphy/ptII/ptolemy/actor/lib/test/auto/PublisherToplevelSubscriberPortAOC.xml (RunModel)" time="0.01" />
  <testcase classname="ptolemy.util.test.junit.AutoTests" name="[302] /home/travis/build/icyphy/ptII/ptolemy/actor/lib/test/auto/PulseFiringLimitDE.xml (RunModel)" time="0.013" />
  <testcase classname="ptolemy.util.test.junit.AutoTests" name="[303] /home/travis/build/icyphy/ptII/ptolemy/actor/lib/test/auto/Ramp1.xml (RunModel)" time="0.006" />
  <testcase classname="ptolemy.util.test.junit.AutoTests" name="[304] /home/travis/build/icyphy/ptII/ptolemy/actor/lib/test/auto/RampFiringLimitDE.xml (RunModel)" time="0.01" />
  <testcase classname="ptolemy.util.test.junit.AutoTests" name="[305] /home/travis/build/icyphy/ptII/ptolemy/actor/lib/test/auto/RampFiringLimitSDF.xml (RunModel)" time="0.01" />
  <testcase classname="ptolemy.util.test.junit.AutoTests" name="[306] /home/travis/build/icyphy/ptII/ptolemy/actor/lib/test/auto/RandomInteger.xml (RunModel)" time="0.007" />
  <testcase classname="ptolemy.util.test.junit.AutoTests" name="[307] /home/travis/build/icyphy/ptII/ptolemy/actor/lib/test/auto/ReadFile1.xml (RunModel)" time="0.007" />
  <testcase classname="ptolemy.util.test.junit.AutoTests" name="[308] /home/travis/build/icyphy/ptII/ptolemy/actor/lib/test/auto/ReadFile2.xml (RunModel)" time="0.007" />
  <testcase classname="ptolemy.util.test.junit.AutoTests" name="[309] /home/travis/build/icyphy/ptII/ptolemy/actor/lib/test/auto/Reader.xml (RunModel)" time="0.014" />
  <testcase classname="ptolemy.util.test.junit.AutoTests" name="[310] /home/travis/build/icyphy/ptII/ptolemy/actor/lib/test/auto/RecordAssemblerDisplayNameTest.xml (RunModel)" time="3.402" />
  <testcase classname="ptolemy.util.test.junit.AutoTests" name="[311] /home/travis/build/icyphy/ptII/ptolemy/actor/lib/test/auto/RecordAssemblerTypeError.xml (RunModel)" time="0.051" />
  <testcase classname="ptolemy.util.test.junit.AutoTests" name="[312] /home/travis/build/icyphy/ptII/ptolemy/actor/lib/test/auto/RecordDisassember.xml (RunModel)" time="0.024" />
  <testcase classname="ptolemy.util.test.junit.AutoTests" name="[313] /home/travis/build/icyphy/ptII/ptolemy/actor/lib/test/auto/RecordDisassemberDisplayNameTest.xml (RunModel)" time="0.024" />
  <testcase classname="ptolemy.util.test.junit.AutoTests" name="[314] /home/travis/build/icyphy/ptII/ptolemy/actor/lib/test/auto/RecordDisassembler.xml (RunModel)" time="0.009" />
  <testcase classname="ptolemy.util.test.junit.AutoTests" name="[315] /home/travis/build/icyphy/ptII/ptolemy/actor/lib/test/auto/RecordDisassembler2.xml (RunModel)" time="0.01" />
  <testcase classname="ptolemy.util.test.junit.AutoTests" name="[316] /home/travis/build/icyphy/ptII/ptolemy/actor/lib/test/auto/RecordUpdater.xml (RunModel)" time="0.01" />
  <testcase classname="ptolemy.util.test.junit.AutoTests" name="[317] /home/travis/build/icyphy/ptII/ptolemy/actor/lib/test/auto/RecordUpdater2.xml (RunModel)" time="0.009" />
  <testcase classname="ptolemy.util.test.junit.AutoTests" name="[318] /home/travis/build/icyphy/ptII/ptolemy/actor/lib/test/auto/RecursiveLattice.xml (RunModel)" time="0.008" />
  <testcase classname="ptolemy.util.test.junit.AutoTests" name="[319] /home/travis/build/icyphy/ptII/ptolemy/actor/lib/test/auto/Router.xml (RunModel)" time="3.025" />
  <testcase classname="ptolemy.util.test.junit.AutoTests" name="[320] /home/travis/build/icyphy/ptII/ptolemy/actor/lib/test/auto/Router2.xml (RunModel)" time="3.027" />
  <testcase classname="ptolemy.util.test.junit.AutoTests" name="[321] /home/travis/build/icyphy/ptII/ptolemy/actor/lib/test/auto/RunningMaximum.xml (RunModel)" time="0.025" />
  <testcase classname="ptolemy.util.test.junit.AutoTests" name="[322] /home/travis/build/icyphy/ptII/ptolemy/actor/lib/test/auto/RunningMinimum.xml (RunModel)" time="0.016" />
  <testcase classname="ptolemy.util.test.junit.AutoTests" name="[323] /home/travis/build/icyphy/ptII/ptolemy/actor/lib/test/auto/Scale.xml (RunModel)" time="0.019" />
  <testcase classname="ptolemy.util.test.junit.AutoTests" name="[324] /home/travis/build/icyphy/ptII/ptolemy/actor/lib/test/auto/Scale2.xml (RunModel)" time="0.009" />
  <testcase classname="ptolemy.util.test.junit.AutoTests" name="[325] /home/travis/build/icyphy/ptII/ptolemy/actor/lib/test/auto/Scale3.xml (RunModel)" time="0.013" />
  <testcase classname="ptolemy.util.test.junit.AutoTests" name="[326] /home/travis/build/icyphy/ptII/ptolemy/actor/lib/test/auto/ScaleArray.xml (RunModel)" time="0.008" />
  <testcase classname="ptolemy.util.test.junit.AutoTests" name="[327] /home/travis/build/icyphy/ptII/ptolemy/actor/lib/test/auto/ScaleArray2.xml (RunModel)" time="0.008" />
  <testcase classname="ptolemy.util.test.junit.AutoTests" name="[328] /home/travis/build/icyphy/ptII/ptolemy/actor/lib/test/auto/ScaleMatrix.xml (RunModel)" time="0.172" />
  <testcase classname="ptolemy.util.test.junit.AutoTests" name="[329] /home/travis/build/icyphy/ptII/ptolemy/actor/lib/test/auto/Select.xml (RunModel)" time="0.018" />
  <testcase classname="ptolemy.util.test.junit.AutoTests" name="[330] /home/travis/build/icyphy/ptII/ptolemy/actor/lib/test/auto/Select2.xml (RunModel)" time="0.008" />
  <testcase classname="ptolemy.util.test.junit.AutoTests" name="[331] /home/travis/build/icyphy/ptII/ptolemy/actor/lib/test/auto/SequenceToArray2.xml (RunModel)" time="0.146" />
  <testcase classname="ptolemy.util.test.junit.AutoTests" name="[332] /home/travis/build/icyphy/ptII/ptolemy/actor/lib/test/auto/SequentialClock.xml (RunModel)" time="0.011" />
  <testcase classname="ptolemy.util.test.junit.AutoTests" name="[333] /home/travis/build/icyphy/ptII/ptolemy/actor/lib/test/auto/SetVariable.xml (RunModel)" time="0.011" />
  <testcase classname="ptolemy.util.test.junit.AutoTests" name="[334] /home/travis/build/icyphy/ptII/ptolemy/actor/lib/test/auto/SetVariable2.xml (RunModel)" time="0.01" />
  <testcase classname="ptolemy.util.test.junit.AutoTests" name="[335] /home/travis/build/icyphy/ptII/ptolemy/actor/lib/test/auto/SetVariable3.xml (RunModel)" time="0.019" />
  <testcase classname="ptolemy.util.test.junit.AutoTests" name="[336] /home/travis/build/icyphy/ptII/ptolemy/actor/lib/test/auto/SetVariable4.xml (RunModel)" time="0.025" />
  <testcase classname="ptolemy.util.test.junit.AutoTests" name="[337] /home/travis/build/icyphy/ptII/ptolemy/actor/lib/test/auto/SetVariable5.xml (RunModel)" time="0.039" />
  <testcase classname="ptolemy.util.test.junit.AutoTests" name="[338] /home/travis/build/icyphy/ptII/ptolemy/actor/lib/test/auto/Sinewave.xml (RunModel)" time="0.029" />
  <testcase classname="ptolemy.util.test.junit.AutoTests" name="[339] /home/travis/build/icyphy/ptII/ptolemy/actor/lib/test/auto/Sinewave2.xml (RunModel)" time="0.021" />
  <testcase classname="ptolemy.util.test.junit.AutoTests" name="[340] /home/travis/build/icyphy/ptII/ptolemy/actor/lib/test/auto/Sinewave3.xml (RunModel)" time="0.018" />
  <testcase classname="ptolemy.util.test.junit.AutoTests" name="[341] /home/travis/build/icyphy/ptII/ptolemy/actor/lib/test/auto/SingleEvent.xml (RunModel)" time="0.006" />
  <testcase classname="ptolemy.util.test.junit.AutoTests" name="[342] /home/travis/build/icyphy/ptII/ptolemy/actor/lib/test/auto/Sleep.xml (RunModel)" time="6.018" />
  <testcase classname="ptolemy.util.test.junit.AutoTests" name="[343] /home/travis/build/icyphy/ptII/ptolemy/actor/lib/test/auto/SleepMultipleFire.xml (RunModel)" time="1.017" />
  <testcase classname="ptolemy.util.test.junit.AutoTests" name="[344] /home/travis/build/icyphy/ptII/ptolemy/actor/lib/test/auto/StopDE.xml (RunModel)" time="0.018" />
  <testcase classname="ptolemy.util.test.junit.AutoTests" name="[345] /home/travis/build/icyphy/ptII/ptolemy/actor/lib/test/auto/StopSDF.xml (RunModel)" time="0.01" />
  <testcase classname="ptolemy.util.test.junit.AutoTests" name="[346] /home/travis/build/icyphy/ptII/ptolemy/actor/lib/test/auto/StringConstant.xml (RunModel)" time="0.016" />
  <testcase classname="ptolemy.util.test.junit.AutoTests" name="[347] /home/travis/build/icyphy/ptII/ptolemy/actor/lib/test/auto/SubscriberPortInitialValues1.xml (RunModel)" time="0.021" />
  <testcase classname="ptolemy.util.test.junit.AutoTests" name="[348] /home/travis/build/icyphy/ptII/ptolemy/actor/lib/test/auto/SubscriberPortInitialValues13.xml (RunModel)" time="0.033" />
  <testcase classname="ptolemy.util.test.junit.AutoTests" name="[349] /home/travis/build/icyphy/ptII/ptolemy/actor/lib/test/auto/SubscriberPortInitialValues14.xml (RunModel)" time="0.014" />
  <testcase classname="ptolemy.util.test.junit.AutoTests" name="[350] /home/travis/build/icyphy/ptII/ptolemy/actor/lib/test/auto/SubscriberPortInitialValues2.xml (RunModel)" time="0.016" />
  <testcase classname="ptolemy.util.test.junit.AutoTests" name="[351] /home/travis/build/icyphy/ptII/ptolemy/actor/lib/test/auto/SubscriberPortInitialValues3.xml (RunModel)" time="0.02" />
  <testcase classname="ptolemy.util.test.junit.AutoTests" name="[352] /home/travis/build/icyphy/ptII/ptolemy/actor/lib/test/auto/SubscriptionAggregator.xml (RunModel)" time="0.011" />
  <testcase classname="ptolemy.util.test.junit.AutoTests" name="[353] /home/travis/build/icyphy/ptII/ptolemy/actor/lib/test/auto/SubscriptionAggregator2.xml (RunModel)" time="0.011" />
  <testcase classname="ptolemy.util.test.junit.AutoTests" name="[354] /home/travis/build/icyphy/ptII/ptolemy/actor/lib/test/auto/SubscriptionAggregator3.xml (RunModel)" time="0.016" />
  <testcase classname="ptolemy.util.test.junit.AutoTests" name="[355] /home/travis/build/icyphy/ptII/ptolemy/actor/lib/test/auto/SubscriptionAggregatorMultiply.xml (RunModel)" time="0.014" />
  <testcase classname="ptolemy.util.test.junit.AutoTests" name="[356] /home/travis/build/icyphy/ptII/ptolemy/actor/lib/test/auto/SubscriptionAggregatorPortMultiply1.xml (RunModel)" time="0.014" />
  <testcase classname="ptolemy.util.test.junit.AutoTests" name="[357] /home/travis/build/icyphy/ptII/ptolemy/actor/lib/test/auto/Switch.xml (RunModel)" time="0.017" />
  <testcase classname="ptolemy.util.test.junit.AutoTests" name="[358] /home/travis/build/icyphy/ptII/ptolemy/actor/lib/test/auto/Switch2.xml (RunModel)" time="0.013" />
  <testcase classname="ptolemy.util.test.junit.AutoTests" name="[359] /home/travis/build/icyphy/ptII/ptolemy/actor/lib/test/auto/SwitchDE.xml (RunModel)" time="0.013" />
  <testcase classname="ptolemy.util.test.junit.AutoTests" name="[360] /home/travis/build/icyphy/ptII/ptolemy/actor/lib/test/auto/SynchronizerDE.xml (RunModel)" time="0.02" />
  <testcase classname="ptolemy.util.test.junit.AutoTests" name="[361] /home/travis/build/icyphy/ptII/ptolemy/actor/lib/test/auto/Test.xml (RunModel)" time="0.02" />
  <testcase classname="ptolemy.util.test.junit.AutoTests" name="[362] /home/travis/build/icyphy/ptII/ptolemy/actor/lib/test/auto/TestExceptionAttribute1.xml (RunModel)" time="0.009" />
  <testcase classname="ptolemy.util.test.junit.AutoTests" name="[363] /home/travis/build/icyphy/ptII/ptolemy/actor/lib/test/auto/TestExceptionAttribute2.xml (RunModel)" time="0.007" />
  <testcase classname="ptolemy.util.test.junit.AutoTests" name="[364] /home/travis/build/icyphy/ptII/ptolemy/actor/lib/test/auto/TestExceptionAttribute3.xml (RunModel)" time="0.009" />
  <testcase classname="ptolemy.util.test.junit.AutoTests" name="[365] /home/travis/build/icyphy/ptII/ptolemy/actor/lib/test/auto/TestExceptionAttribute4.xml (RunModel)" time="0.007" />
  <testcase classname="ptolemy.util.test.junit.AutoTests" name="[366] /home/travis/build/icyphy/ptII/ptolemy/actor/lib/test/auto/TestExceptionHandler1.xml (RunModel)" time="0.006" />
  <testcase classname="ptolemy.util.test.junit.AutoTests" name="[367] /home/travis/build/icyphy/ptII/ptolemy/actor/lib/test/auto/TestExceptionHandler2.xml (RunModel)" time="0.016" />
  <testcase classname="ptolemy.util.test.junit.AutoTests" name="[368] /home/travis/build/icyphy/ptII/ptolemy/actor/lib/test/auto/TestExceptionHandler3.xml (RunModel)" time="0.025" />
  <testcase classname="ptolemy.util.test.junit.AutoTests" name="[369] /home/travis/build/icyphy/ptII/ptolemy/actor/lib/test/auto/TestExceptionHandler4.xml (RunModel)" time="0.007" />
  <testcase classname="ptolemy.util.test.junit.AutoTests" name="[370] /home/travis/build/icyphy/ptII/ptolemy/actor/lib/test/auto/TestRequireCorrectOrder.xml (RunModel)" time="0.01" />
  <testcase classname="ptolemy.util.test.junit.AutoTests" name="[371] /home/travis/build/icyphy/ptII/ptolemy/actor/lib/test/auto/TestSimple.xml (RunModel)" time="0.007" />
  <testcase classname="ptolemy.util.test.junit.AutoTests" name="[372] /home/travis/build/icyphy/ptII/ptolemy/actor/lib/test/auto/ThrowModelError.xml (RunModel)" time="0.012" />
  <testcase classname="ptolemy.util.test.junit.AutoTests" name="[373] /home/travis/build/icyphy/ptII/ptolemy/actor/lib/test/auto/TimeDelayMicrosteps.xml (RunModel)" time="0.016" />
  <testcase classname="ptolemy.util.test.junit.AutoTests" name="[374] /home/travis/build/icyphy/ptII/ptolemy/actor/lib/test/auto/TimeDelayMicrosteps2.xml (RunModel)" time="0.017" />
  <testcase classname="ptolemy.util.test.junit.AutoTests" name="[375] /home/travis/build/icyphy/ptII/ptolemy/actor/lib/test/auto/TimeDelayMicrosteps3.xml (RunModel)" time="0.014" />
  <testcase classname="ptolemy.util.test.junit.AutoTests" name="[376] /home/travis/build/icyphy/ptII/ptolemy/actor/lib/test/auto/TimeDelayVariableMicrosteps.xml (RunModel)" time="0.014" />
  <testcase classname="ptolemy.util.test.junit.AutoTests" name="[377] /home/travis/build/icyphy/ptII/ptolemy/actor/lib/test/auto/TimeGap.xml (RunModel)" time="0.02" />
  <testcase classname="ptolemy.util.test.junit.AutoTests" name="[378] /home/travis/build/icyphy/ptII/ptolemy/actor/lib/test/auto/TimeGap2.xml (RunModel)" time="0.012" />
  <testcase classname="ptolemy.util.test.junit.AutoTests" name="[379] /home/travis/build/icyphy/ptII/ptolemy/actor/lib/test/auto/TimedSinewave.xml (RunModel)" time="0.068" />
  <testcase classname="ptolemy.util.test.junit.AutoTests" name="[380] /home/travis/build/icyphy/ptII/ptolemy/actor/lib/test/auto/TimedSinewavePhase.xml (RunModel)" time="0.032" />
  <testcase classname="ptolemy.util.test.junit.AutoTests" name="[381] /home/travis/build/icyphy/ptII/ptolemy/actor/lib/test/auto/Timer.xml (RunModel)" time="0.019" />
  <testcase classname="ptolemy.util.test.junit.AutoTests" name="[382] /home/travis/build/icyphy/ptII/ptolemy/actor/lib/test/auto/TriangularDistTestModel.xml (RunModel)" time="0.019" />
  <testcase classname="ptolemy.util.test.junit.AutoTests" name="[383] /home/travis/build/icyphy/ptII/ptolemy/actor/lib/test/auto/TrigFunction.xml (RunModel)" time="0.01" />
  <testcase classname="ptolemy.util.test.junit.AutoTests" name="[384] /home/travis/build/icyphy/ptII/ptolemy/actor/lib/test/auto/TrigFunctionDE.xml (RunModel)" time="0.013" />
  <testcase classname="ptolemy.util.test.junit.AutoTests" name="[385] /home/travis/build/icyphy/ptII/ptolemy/actor/lib/test/auto/TrigFunctionInverse.xml (RunModel)" time="0.013" />
  <testcase classname="ptolemy.util.test.junit.AutoTests" name="[386] /home/travis/build/icyphy/ptII/ptolemy/actor/lib/test/auto/TrigFunctionTan.xml (RunModel)" time="0.015" />
  <testcase classname="ptolemy.util.test.junit.AutoTests" name="[387] /home/travis/build/icyphy/ptII/ptolemy/actor/lib/test/auto/TriggeredClock.xml (RunModel)" time="0.013" />
  <testcase classname="ptolemy.util.test.junit.AutoTests" name="[388] /home/travis/build/icyphy/ptII/ptolemy/actor/lib/test/auto/URLDirectoryReader.xml (RunModel)" time="0.088" />
  <testcase classname="ptolemy.util.test.junit.AutoTests" name="[389] /home/travis/build/icyphy/ptII/ptolemy/actor/lib/test/auto/URLDirectoryReader3.xml (RunModel)" time="1.469" />
  <testcase classname="ptolemy.util.test.junit.AutoTests" name="[390] /home/travis/build/icyphy/ptII/ptolemy/actor/lib/test/auto/UnaryMathFunction.xml (RunModel)" time="0.032" />
  <testcase classname="ptolemy.util.test.junit.AutoTests" name="[391] /home/travis/build/icyphy/ptII/ptolemy/actor/lib/test/auto/Uniform.xml (RunModel)" time="0.018" />
  <testcase classname="ptolemy.util.test.junit.AutoTests" name="[392] /home/travis/build/icyphy/ptII/ptolemy/actor/lib/test/auto/UnionDisassemblerTest.xml (RunModel)" time="0.019" />
  <testcase classname="ptolemy.util.test.junit.AutoTests" name="[393] /home/travis/build/icyphy/ptII/ptolemy/actor/lib/test/auto/UtilityFunctions.xml (RunModel)" time="0.015" />
  <testcase classname="ptolemy.util.test.junit.AutoTests" name="[394] /home/travis/build/icyphy/ptII/ptolemy/actor/lib/test/auto/VariableSleep.xml (RunModel)" time="0.512" />
  <testcase classname="ptolemy.util.test.junit.AutoTests" name="[395] /home/travis/build/icyphy/ptII/ptolemy/actor/lib/test/auto/VectorAssemblerDisassemblerCT.xml (RunModel)" time="0.126" />
  <testcase classname="ptolemy.util.test.junit.AutoTests" name="[396] /home/travis/build/icyphy/ptII/ptolemy/actor/lib/test/auto/VectorAssemblerDisassemblerDE.xml (RunModel)" time="0.02" />
  <testcase classname="ptolemy.util.test.junit.AutoTests" name="[397] /home/travis/build/icyphy/ptII/ptolemy/actor/lib/test/auto/VectorAssemblerDisassemblerSDF.xml (RunModel)" time="0.012" />
  <testcase classname="ptolemy.util.test.junit.AutoTests" name="[398] /home/travis/build/icyphy/ptII/ptolemy/actor/lib/test/auto/WallClockTime.xml (RunModel)" time="1.013" />
  <testcase classname="ptolemy.util.test.junit.AutoTests" name="[399] /home/travis/build/icyphy/ptII/ptolemy/actor/lib/test/auto/WidthTestWithSubscriberPublisher.xml (RunModel)" time="0.039" />
  <testcase classname="ptolemy.util.test.junit.AutoTests" name="[400] /home/travis/build/icyphy/ptII/ptolemy/actor/lib/test/auto/WidthTestWithSubscriberPublisher2.xml (RunModel)" time="0.013" />
  <testcase classname="ptolemy.util.test.junit.AutoTests" name="[401] /home/travis/build/icyphy/ptII/ptolemy/actor/lib/test/auto/WidthTestWithSubscriberPublisher3.xml (RunModel)" time="0.012" />
  <testcase classname="ptolemy.util.test.junit.AutoTests" name="[402] /home/travis/build/icyphy/ptII/ptolemy/actor/lib/test/auto/Writer.xml (RunModel)" time="0.008" />
  <testcase classname="ptolemy.util.test.junit.AutoTests" name="[403] /home/travis/build/icyphy/ptII/ptolemy/actor/lib/test/auto/array.xml (RunModel)" time="0.025" />
  <testcase classname="ptolemy.util.test.junit.AutoTests" name="[404] /home/travis/build/icyphy/ptII/ptolemy/actor/lib/test/auto/array2.xml (RunModel)" time="0.012" />
  <testcase classname="ptolemy.util.test.junit.AutoTests" name="[405] /home/travis/build/icyphy/ptII/ptolemy/actor/lib/test/auto/arrayType.xml (RunModel)" time="0.011" />
  <testcase classname="ptolemy.util.test.junit.AutoTests" name="[406] /home/travis/build/icyphy/ptII/ptolemy/actor/lib/test/auto/arrayType10.xml (RunModel)" time="0.008" />
  <testcase classname="ptolemy.util.test.junit.AutoTests" name="[407] /home/travis/build/icyphy/ptII/ptolemy/actor/lib/test/auto/arrayType11.xml (RunModel)" time="0.009" />
  <testcase classname="ptolemy.util.test.junit.AutoTests" name="[408] /home/travis/build/icyphy/ptII/ptolemy/actor/lib/test/auto/arrayType12.xml (RunModel)" time="0.009" />
  <testcase classname="ptolemy.util.test.junit.AutoTests" name="[409] /home/travis/build/icyphy/ptII/ptolemy/actor/lib/test/auto/arrayType13.xml (RunModel)" time="0.016" />
  <testcase classname="ptolemy.util.test.junit.AutoTests" name="[410] /home/travis/build/icyphy/ptII/ptolemy/actor/lib/test/auto/arrayType14.xml (RunModel)" time="0.008" />
  <testcase classname="ptolemy.util.test.junit.AutoTests" name="[411] /home/travis/build/icyphy/ptII/ptolemy/actor/lib/test/auto/arrayType15.xml (RunModel)" time="0.015" />
  <testcase classname="ptolemy.util.test.junit.AutoTests" name="[412] /home/travis/build/icyphy/ptII/ptolemy/actor/lib/test/auto/arrayType16.xml (RunModel)" time="0.009" />
  <testcase classname="ptolemy.util.test.junit.AutoTests" name="[413] /home/travis/build/icyphy/ptII/ptolemy/actor/lib/test/auto/arrayType17.xml (RunModel)" time="0.008" />
  <testcase classname="ptolemy.util.test.junit.AutoTests" name="[414] /home/travis/build/icyphy/ptII/ptolemy/actor/lib/test/auto/arrayType18.xml (RunModel)" time="0.007" />
  <testcase classname="ptolemy.util.test.junit.AutoTests" name="[415] /home/travis/build/icyphy/ptII/ptolemy/actor/lib/test/auto/arrayType19.xml (RunModel)" time="0.008" />
  <testcase classname="ptolemy.util.test.junit.AutoTests" name="[416] /home/travis/build/icyphy/ptII/ptolemy/actor/lib/test/auto/arrayType2.xml (RunModel)" time="0.009" />
  <testcase classname="ptolemy.util.test.junit.AutoTests" name="[417] /home/travis/build/icyphy/ptII/ptolemy/actor/lib/test/auto/arrayType20.xml (RunModel)" time="0.009" />
  <testcase classname="ptolemy.util.test.junit.AutoTests" name="[418] /home/travis/build/icyphy/ptII/ptolemy/actor/lib/test/auto/arrayType21.xml (RunModel)" time="0.007" />
  <testcase classname="ptolemy.util.test.junit.AutoTests" name="[419] /home/travis/build/icyphy/ptII/ptolemy/actor/lib/test/auto/arrayType22.xml (RunModel)" time="0.007" />
  <testcase classname="ptolemy.util.test.junit.AutoTests" name="[420] /home/travis/build/icyphy/ptII/ptolemy/actor/lib/test/auto/arrayType23.xml (RunModel)" time="0.008" />
  <testcase classname="ptolemy.util.test.junit.AutoTests" name="[421] /home/travis/build/icyphy/ptII/ptolemy/actor/lib/test/auto/arrayType24.xml (RunModel)" time="0.009" />
  <testcase classname="ptolemy.util.test.junit.AutoTests" name="[422] /home/travis/build/icyphy/ptII/ptolemy/actor/lib/test/auto/arrayType25.xml (RunModel)" time="0.009" />
  <testcase classname="ptolemy.util.test.junit.AutoTests" name="[423] /home/travis/build/icyphy/ptII/ptolemy/actor/lib/test/auto/arrayType26.xml (RunModel)" time="0.008" />
  <testcase classname="ptolemy.util.test.junit.AutoTests" name="[424] /home/travis/build/icyphy/ptII/ptolemy/actor/lib/test/auto/arrayType27.xml (RunModel)" time="0.01" />
  <testcase classname="ptolemy.util.test.junit.AutoTests" name="[425] /home/travis/build/icyphy/ptII/ptolemy/actor/lib/test/auto/arrayType28.xml (RunModel)" time="0.009" />
  <testcase classname="ptolemy.util.test.junit.AutoTests" name="[426] /home/travis/build/icyphy/ptII/ptolemy/actor/lib/test/auto/arrayType3.xml (RunModel)" time="0.008" />
  <testcase classname="ptolemy.util.test.junit.AutoTests" name="[427] /home/travis/build/icyphy/ptII/ptolemy/actor/lib/test/auto/arrayType4.xml (RunModel)" time="0.008" />
  <testcase classname="ptolemy.util.test.junit.AutoTests" name="[428] /home/travis/build/icyphy/ptII/ptolemy/actor/lib/test/auto/arrayType5.xml (RunModel)" time="0.009" />
  <testcase classname="ptolemy.util.test.junit.AutoTests" name="[429] /home/travis/build/icyphy/ptII/ptolemy/actor/lib/test/auto/arrayType6.xml (RunModel)" time="0.007" />
  <testcase classname="ptolemy.util.test.junit.AutoTests" name="[430] /home/travis/build/icyphy/ptII/ptolemy/actor/lib/test/auto/arrayType7.xml (RunModel)" time="0.02" />
  <testcase classname="ptolemy.util.test.junit.AutoTests" name="[431] /home/travis/build/icyphy/ptII/ptolemy/actor/lib/test/auto/arrayType8.xml (RunModel)" time="0.01" />
  <testcase classname="ptolemy.util.test.junit.AutoTests" name="[432] /home/travis/build/icyphy/ptII/ptolemy/actor/lib/test/auto/arrayType9.xml (RunModel)" time="0.014" />
  <testcase classname="ptolemy.util.test.junit.AutoTests" name="[433] /home/travis/build/icyphy/ptII/ptolemy/actor/lib/test/auto/cast.xml (RunModel)" time="0.008" />
  <testcase classname="ptolemy.util.test.junit.AutoTests" name="[434] /home/travis/build/icyphy/ptII/ptolemy/actor/lib/test/auto/compositeMultiPort.xml (RunModel)" time="0.015" />
  <testcase classname="ptolemy.util.test.junit.AutoTests" name="[435] /home/travis/build/icyphy/ptII/ptolemy/actor/lib/test/auto/expressionCastInference.xml (RunModel)" time="0.008" />
  <testcase classname="ptolemy.util.test.junit.AutoTests" name="[436] /home/travis/build/icyphy/ptII/ptolemy/actor/lib/test/auto/expressionCastInference2.xml (RunModel)" time="0.008" />
  <testcase classname="ptolemy.util.test.junit.AutoTests" name="[437] /home/travis/build/icyphy/ptII/ptolemy/actor/lib/test/auto/expressionInference.xml (RunModel)" time="0.006" />
  <testcase classname="ptolemy.util.test.junit.AutoTests" name="[438] /home/travis/build/icyphy/ptII/ptolemy/actor/lib/test/auto/expression_bug.xml (RunModel)" time="0.007" />
  <testcase classname="ptolemy.util.test.junit.AutoTests" name="[439] /home/travis/build/icyphy/ptII/ptolemy/actor/lib/test/auto/factorial.xml (RunModel)" time="0.112" />
  <testcase classname="ptolemy.util.test.junit.AutoTests" name="[440] /home/travis/build/icyphy/ptII/ptolemy/actor/lib/test/auto/filterTest1.xml (RunModel)" time="0.03" />
  <testcase classname="ptolemy.util.test.junit.AutoTests" name="[441] /home/travis/build/icyphy/ptII/ptolemy/actor/lib/test/auto/funcApplyInConst.xml (RunModel)" time="0.036" />
  <testcase classname="ptolemy.util.test.junit.AutoTests" name="[442] /home/travis/build/icyphy/ptII/ptolemy/actor/lib/test/auto/funcApplyInExpr.xml (RunModel)" time="0.024" />
  <testcase classname="ptolemy.util.test.junit.AutoTests" name="[443] /home/travis/build/icyphy/ptII/ptolemy/actor/lib/test/auto/function.xml (RunModel)" time="0.052" />
  <testcase classname="ptolemy.util.test.junit.AutoTests" name="[444] /home/travis/build/icyphy/ptII/ptolemy/actor/lib/test/auto/function2.xml (RunModel)" time="0.034" />
  <testcase classname="ptolemy.util.test.junit.AutoTests" name="[445] /home/travis/build/icyphy/ptII/ptolemy/actor/lib/test/auto/function3.xml (RunModel)" time="0.032" />
  <testcase classname="ptolemy.util.test.junit.AutoTests" name="[446] /home/travis/build/icyphy/ptII/ptolemy/actor/lib/test/auto/functionClosureTest1.xml (RunModel)" time="0.03" />
  <testcase classname="ptolemy.util.test.junit.AutoTests" name="[447] /home/travis/build/icyphy/ptII/ptolemy/actor/lib/test/auto/functionClosureTest2.xml (RunModel)" time="0.007" />
  <testcase classname="ptolemy.util.test.junit.AutoTests" name="[448] /home/travis/build/icyphy/ptII/ptolemy/actor/lib/test/auto/functionClosureTest3.xml (RunModel)" time="0.009" />
  <testcase classname="ptolemy.util.test.junit.AutoTests" name="[449] /home/travis/build/icyphy/ptII/ptolemy/actor/lib/test/auto/functionClosureTest4.xml (RunModel)" time="0.015" />
  <testcase classname="ptolemy.util.test.junit.AutoTests" name="[450] /home/travis/build/icyphy/ptII/ptolemy/actor/lib/test/auto/functionClosureTest5.xml (RunModel)" time="0.013" />
  <testcase classname="ptolemy.util.test.junit.AutoTests" name="[451] /home/travis/build/icyphy/ptII/ptolemy/actor/lib/test/auto/functionClosureTest6.xml (RunModel)" time="0.009" />
  <testcase classname="ptolemy.util.test.junit.AutoTests" name="[452] /home/travis/build/icyphy/ptII/ptolemy/actor/lib/test/auto/functionsOnArcs.xml (RunModel)" time="0.011" />
  <testcase classname="ptolemy.util.test.junit.AutoTests" name="[453] /home/travis/build/icyphy/ptII/ptolemy/actor/lib/test/auto/functionsOnArcsHOF.xml (RunModel)" time="0.012" />
  <testcase classname="ptolemy.util.test.junit.AutoTests" name="[454] /home/travis/build/icyphy/ptII/ptolemy/actor/lib/test/auto/logic.xml (RunModel)" time="0.017" />
  <testcase classname="ptolemy.util.test.junit.AutoTests" name="[455] /home/travis/build/icyphy/ptII/ptolemy/actor/lib/test/auto/matrixType.xml (RunModel)" time="0.011" />
  <testcase classname="ptolemy.util.test.junit.AutoTests" name="[456] /home/travis/build/icyphy/ptII/ptolemy/actor/lib/test/auto/matrixType10.xml (RunModel)" time="0.009" />
  <testcase classname="ptolemy.util.test.junit.AutoTests" name="[457] /home/travis/build/icyphy/ptII/ptolemy/actor/lib/test/auto/matrixType11.xml (RunModel)" time="0.007" />
  <testcase classname="ptolemy.util.test.junit.AutoTests" name="[458] /home/travis/build/icyphy/ptII/ptolemy/actor/lib/test/auto/matrixType12.xml (RunModel)" time="0.01" />
  <testcase classname="ptolemy.util.test.junit.AutoTests" name="[459] /home/travis/build/icyphy/ptII/ptolemy/actor/lib/test/auto/matrixType13.xml (RunModel)" time="0.007" />
  <testcase classname="ptolemy.util.test.junit.AutoTests" name="[460] /home/travis/build/icyphy/ptII/ptolemy/actor/lib/test/auto/matrixType14.xml (RunModel)" time="0.009" />
  <testcase classname="ptolemy.util.test.junit.AutoTests" name="[461] /home/travis/build/icyphy/ptII/ptolemy/actor/lib/test/auto/matrixType2.xml (RunModel)" time="0.009" />
  <testcase classname="ptolemy.util.test.junit.AutoTests" name="[462] /home/travis/build/icyphy/ptII/ptolemy/actor/lib/test/auto/matrixType3.xml (RunModel)" time="0.009" />
  <testcase classname="ptolemy.util.test.junit.AutoTests" name="[463] /home/travis/build/icyphy/ptII/ptolemy/actor/lib/test/auto/matrixType4.xml (RunModel)" time="0.008" />
  <testcase classname="ptolemy.util.test.junit.AutoTests" name="[464] /home/travis/build/icyphy/ptII/ptolemy/actor/lib/test/auto/matrixType5.xml (RunModel)" time="0.008" />
  <testcase classname="ptolemy.util.test.junit.AutoTests" name="[465] /home/travis/build/icyphy/ptII/ptolemy/actor/lib/test/auto/matrixType6.xml (RunModel)" time="0.007" />
  <testcase classname="ptolemy.util.test.junit.AutoTests" name="[466] /home/travis/build/icyphy/ptII/ptolemy/actor/lib/test/auto/matrixType7.xml (RunModel)" time="0.008" />
  <testcase classname="ptolemy.util.test.junit.AutoTests" name="[467] /home/travis/build/icyphy/ptII/ptolemy/actor/lib/test/auto/matrixType8.xml (RunModel)" time="0.007" />
  <testcase classname="ptolemy.util.test.junit.AutoTests" name="[468] /home/travis/build/icyphy/ptII/ptolemy/actor/lib/test/auto/matrixType9.xml (RunModel)" time="0.008" />
  <testcase classname="ptolemy.util.test.junit.AutoTests" name="[469] /home/travis/build/icyphy/ptII/ptolemy/actor/lib/test/auto/paraFunctest.xml (RunModel)" time="0.007" />
  <testcase classname="ptolemy.util.test.junit.AutoTests" name="[470] /home/travis/build/icyphy/ptII/ptolemy/actor/lib/test/auto/paraFunctest2.xml (RunModel)" time="0.01" />
  <testcase classname="ptolemy.util.test.junit.AutoTests" name="[471] /home/travis/build/icyphy/ptII/ptolemy/actor/lib/test/auto/parameterPassing.xml (RunModel)" time="0.007" />
  <testcase classname="ptolemy.util.test.junit.AutoTests" name="[472] /home/travis/build/icyphy/ptII/ptolemy/actor/lib/test/auto/record.xml (RunModel)" time="0.008" />
  <testcase classname="ptolemy.util.test.junit.AutoTests" name="[473] /home/travis/build/icyphy/ptII/ptolemy/actor/lib/test/auto/sizedarray1.xml (RunModel)" time="0.009" />
  <testcase classname="ptolemy.util.test.junit.AutoTests" name="[474] /home/travis/build/icyphy/ptII/ptolemy/actor/lib/test/auto/sizedarray2.xml (RunModel)" time="0.01" />
  <testcase classname="ptolemy.util.test.junit.AutoTests" name="[475] /home/travis/build/icyphy/ptII/ptolemy/actor/lib/test/auto/twoPublishers.xml (RunModel)" time="0.027" />
  <system-out><![CDATA[/home/travis/build/icyphy/ptII/ptolemy/actor/lib/test/AbsoluteValue.tcl
testDefs.tcl: setting time out to 9000 seconds at Fri Jul 19 06:57:37 UTC 2019
94 ms. Memory: 120832K Free: 85958K (71%)
11 ms. Memory: 120832K Free: 84420K (70%)
6 ms. Memory: 120832K Free: 83382K (69%)
6 ms. Memory: 120832K Free: 82886K (69%)
/home/travis/build/icyphy/ptII/ptolemy/actor/lib/test/AddSubtract.tcl
17 ms. Memory: 120832K Free: 80838K (67%)
7 ms. Memory: 120832K Free: 79814K (66%)
14 ms. Memory: 120832K Free: 79300K (66%)
8 ms. Memory: 120832K Free: 78276K (65%)
65 ms. Memory: 120832K Free: 75718K (63%)
14 ms. Memory: 120832K Free: 74694K (62%)
/home/travis/build/icyphy/ptII/ptolemy/actor/lib/test/Average.tcl
20 ms. Memory: 120832K Free: 73156K (61%)
12 ms. Memory: 120832K Free: 72118K (60%)
/home/travis/build/icyphy/ptII/ptolemy/actor/lib/test/Bernoulli.tcl
11 ms. Memory: 120832K Free: 70598K (58%)
2 ms. Memory: 120832K Free: 70084K (58%)
/home/travis/build/icyphy/ptII/ptolemy/actor/lib/test/Clock.tcl
preinitializing
resolving types
initializing
executing number 1
wrapping up
idle
41 ms. Memory: 120832K Free: 67526K (56%)
Completed execution with 5 iterations
preinitializing
resolving types
initializing
executing number 1
wrapping up
idle
4 ms. Memory: 120832K Free: 66502K (55%)
Completed execution with 5 iterations
preinitializing
resolving types
initializing
executing number 1
wrapping up
idle
4 ms. Memory: 120832K Free: 65982K (55%)
Completed execution with 5 iterations
/home/travis/build/icyphy/ptII/ptolemy/actor/lib/test/Commutator.tcl
7 ms. Memory: 120832K Free: 63926K (53%)
6 ms. Memory: 120832K Free: 62916K (52%)
19 ms. Memory: 120832K Free: 57286K (47%)
/home/travis/build/icyphy/ptII/ptolemy/actor/lib/test/Const.tcl
4 ms. Memory: 120832K Free: 55718K (46%)
7 ms. Memory: 120832K Free: 55238K (46%)
8 ms. Memory: 120832K Free: 54724K (45%)
2 ms. Memory: 120832K Free: 54214K (45%)
2 ms. Memory: 120832K Free: 53190K (44%)
22 ms. Memory: 120832K Free: 51652K (43%)
19 ms. Memory: 120832K Free: 50628K (42%)
4 ms. Memory: 120832K Free: 50118K (41%)
/home/travis/build/icyphy/ptII/ptolemy/actor/lib/test/CurrentTime.tcl
preinitializing
resolving types
initializing
executing number 1
wrapping up
idle
13 ms. Memory: 120832K Free: 48070K (40%)
Completed execution with 11 iterations
/home/travis/build/icyphy/ptII/ptolemy/actor/lib/test/DB.tcl
32 ms. Memory: 120832K Free: 107078K (89%)
6 ms. Memory: 120832K Free: 106568K (88%)
1 ms. Memory: 120832K Free: 106568K (88%)
/home/travis/build/icyphy/ptII/ptolemy/actor/lib/test/DiscreteRandomSource.tcl
preinitializing
resolving types
initializing
executing number 1
wrapping up
idle
7 ms. Memory: 120832K Free: 104520K (87%)
Completed execution with 4 iterations
preinitializing
resolving types
initializing
executing number 1
wrapping up
idle
4 ms. Memory: 120832K Free: 103992K (86%)
Completed execution with 4 iterations
preinitializing
resolving types
initializing
executing number 1
wrapping up
idle
8 ms. Memory: 120832K Free: 103992K (86%)
Completed execution with 4 iterations
preinitializing
resolving types
initializing
executing number 1
wrapping up
idle
7 ms. Memory: 120832K Free: 103496K (86%)
Completed execution with 4 iterations
preinitializing
45 ms. Memory: 120832K Free: 106340K (88%)
/home/travis/build/icyphy/ptII/ptolemy/actor/lib/test/Distributor.tcl
11 ms. Memory: 120832K Free: 104753K (87%)
9 ms. Memory: 120832K Free: 103729K (86%)
StreamChangeRequest.changeExecuted(): <deleteEntity name="rec2"/> succeeded
StreamChangeRequest.changeExecuted(): <deleteRelation name="r2"/> succeeded
StreamChangeRequest.changeExecuted(): Record firings per iteration succeeded
5 ms. Memory: 120832K Free: 101290K (84%)
/home/travis/build/icyphy/ptII/ptolemy/actor/lib/test/Exit.tcl
Exit.tcl: this will print a message about Manager.exitAfterWrapup, which can be ignored.
15 ms. Memory: 120832K Free: 98422K (81%)
/home/travis/build/icyphy/ptII/ptolemy/actor/lib/test/Expression.tcl
13 ms. Memory: 120832K Free: 95176K (79%)
3 ms. Memory: 120832K Free: 94513K (78%)
3 ms. Memory: 120832K Free: 93756K (78%)
preinitializing
resolving types
initializing
executing number 1
wrapping up
idle
5 ms. Memory: 120832K Free: 92090K (76%)
Completed execution with 6 iterations
4 ms. Memory: 120832K Free: 91441K (76%)
2 ms. Memory: 120832K Free: 90708K (75%)
5 ms. Memory: 120832K Free: 89393K (74%)
6 ms. Memory: 120832K Free: 106208K (88%)
4 ms. Memory: 120832K Free: 105168K (87%)
/home/travis/build/icyphy/ptII/ptolemy/actor/lib/test/Gaussian.tcl
4 ms. Memory: 120832K Free: 103664K (86%)
sleeping 1 seconds: ......................................................................................................................................................................................................................................................................................................................................................................................................................................................................................................................................................................................................................................................................................................................................................................................................................................................................................................................................................................................................................................................................................................................................................................................................................................................................................................................................................................................................................................................................................................................................................................................................................................................................................................................................................................................................................................................................................................................................................................................................................................................................................................................................................................................................................................................................................................2 ms. Memory: 120832K Free: 93424K (77%)
2 ms. Memory: 120832K Free: 92880K (77%)
2 ms. Memory: 120832K Free: 92398K (76%)
4 ms. Memory: 120832K Free: 91376K (76%)
2 ms. Memory: 120832K Free: 90848K (75%)
/home/travis/build/icyphy/ptII/ptolemy/actor/lib/test/IIR.tcl
/home/travis/build/icyphy/ptII/ptolemy/actor/lib/test/Interpolator.tcl
5 ms. Memory: 120832K Free: 87280K (72%)
2 ms. Memory: 120832K Free: 86766K (72%)
3 ms. Memory: 120832K Free: 85742K (71%)
5 ms. Memory: 120832K Free: 85232K (71%)
8 ms. Memory: 120832K Free: 84718K (70%)
6 ms. Memory: 120832K Free: 83688K (69%)
2 ms. Memory: 120832K Free: 82656K (68%)
2 ms. Memory: 120832K Free: 81646K (68%)
3 ms. Memory: 120832K Free: 81136K (67%)
3 ms. Memory: 120832K Free: 80112K (66%)
/home/travis/build/icyphy/ptII/ptolemy/actor/lib/test/MathFunction.tcl
4 ms. Memory: 120832K Free: 78064K (65%)
2 ms. Memory: 120832K Free: 77040K (64%)
2 ms. Memory: 120832K Free: 76016K (63%)
2 ms. Memory: 120832K Free: 74992K (62%)
4 ms. Memory: 120832K Free: 73968K (61%)
6 ms. Memory: 120832K Free: 104336K (86%)
/home/travis/build/icyphy/ptII/ptolemy/actor/lib/test/Maximum.tcl
3 ms. Memory: 120832K Free: 102290K (85%)
2 ms. Memory: 120832K Free: 101762K (84%)
2 ms. Memory: 120832K Free: 101266K (84%)
2 ms. Memory: 120832K Free: 100242K (83%)
/home/travis/build/icyphy/ptII/ptolemy/actor/lib/test/Minimum.tcl
8 ms. Memory: 120832K Free: 98674K (82%)
4 ms. Memory: 120832K Free: 98194K (81%)
3 ms. Memory: 120832K Free: 97680K (81%)
2 ms. Memory: 120832K Free: 96642K (80%)
/home/travis/build/icyphy/ptII/ptolemy/actor/lib/test/MultiplyDivide.tcl
11 ms. Memory: 120832K Free: 94594K (78%)
6 ms. Memory: 120832K Free: 94098K (78%)
3 ms. Memory: 120832K Free: 93578K (77%)
4 ms. Memory: 120832K Free: 92560K (77%)
5 ms. Memory: 120832K Free: 92050K (76%)
/home/travis/build/icyphy/ptII/ptolemy/actor/lib/test/OrderedMerge.tcl
Connections changed on port: inputA
Connections changed on port: inputB
Connections changed on port: output
Connections changed on port: output
Connections changed on port: output
Connections changed on port: input
.top. Preinitializing ...
Invoking preinitialize():  .top.OrderedMerge
Called preinitialize()
Invoking preinitialize():  .top.Ramp
Called preinitialize()
Invoking preinitialize():  .top.Ramp2
Called preinitialize()
Invoking preinitialize():  .top.Test
Called preinitialize()
Connections changed on port: inputA
Connections changed on port: output
Connections changed on port: inputB
Connections changed on port: output
Connections changed on port: output
Connections changed on port: input
.top. Finished preinitialize().
Called initialize().
Invoking initialize():  .top.OrderedMerge
Initializing actor: .top.OrderedMerge
Adding a thread: .top.OrderedMerge
Invoking initialize():  .top.Ramp
Initializing actor: .top.Ramp
Adding a thread: .top.Ramp
Invoking initialize():  .top.Ramp2
Initializing actor: .top.Ramp2
Adding a thread: .top.Ramp2
Invoking initialize():  .top.Test
Initializing actor: .top.Test
Adding a thread: .top.Test
Called fire().
Checking for deadlock:
-- Starting thread.
Called initialize()
Called prefire()
Called fire()
-- Starting thread.
Called initialize()
There are 0 Blocked actors, 0 Stopped actors, and 4 active threads.
Waiting for actors to stop.
-- Starting thread.
Called initialize()
Called prefire()
Called prefire()
Called fire()
Called fire()
-- Starting thread.
Called initialize()
Called prefire()
Called fire()
Checking for deadlock:
There are 1 Blocked actors, 0 Stopped actors, and 4 active threads.
Waiting for actors to stop.
Read input token from inputA with value 0.0
Next port to read input from is inputB
Called postfire()
Called prefire()
Called fire()
Called postfire()
Called prefire()
Called fire()
Called postfire()
Called prefire()
Called fire()
Called postfire()
Called prefire()
Called fire()
Called postfire()
Called prefire()
Called fire()
Read input token from inputB with value 0.0
Sent output token with value 0.0
Next port to read input from is inputA
Called postfire()
Called prefire()
Called fire()
Read input token from inputA with value 1.0
Checking for deadlock:
There are 2 Blocked actors, 0 Stopped actors, and 4 active threads.
Waiting for actors to stop.
Called postfire()
Called prefire()
Called fire()
-- Read input: 0.0, which is expected to match: 0.0
Called prefire()
Called fire()
Checking for deadlock:
There are 3 Blocked actors, 0 Stopped actors, and 4 active threads.
Waiting for actors to stop.
-- Read input: 0.0, which is expected to match: 0.0
Called prefire()
Called fire()
Sent output token with value 0.0
Next port to read input from is inputB
Called postfire()
Called prefire()
Called fire()
Read input token from inputB with value 1.5
Sent output token with value 1.0
Next port to read input from is inputA
Called postfire()
Called prefire()
Called fire()
Read input token from inputA with value 2.0
Checking for deadlock:
There are 1 Blocked actors, 0 Stopped actors, and 4 active threads.
Waiting for actors to stop.
Called postfire()
Called prefire()
Called fire()
Called postfire()
Called prefire()
Called fire()
Checking for deadlock:
There are 3 Blocked actors, 0 Stopped actors, and 4 active threads.
Waiting for actors to stop.
-- Read input: 1.0, which is expected to match: 1.0
Called prefire()
Called fire()
Checking for deadlock:
There are 3 Blocked actors, 0 Stopped actors, and 4 active threads.
Waiting for actors to stop.
-- Read input: 1.5, which is expected to match: 1.5
Called prefire()
Called fire()
Checking for deadlock:
There are 3 Blocked actors, 0 Stopped actors, and 4 active threads.
Waiting for actors to stop.
Sent output token with value 1.5
Next port to read input from is inputB
Called postfire()
Called prefire()
Called fire()
Called postfire()
Called prefire()
Called fire()
Checking for deadlock:
There are 3 Blocked actors, 0 Stopped actors, and 4 active threads.
Waiting for actors to stop.
Read input token from inputB with value 3.0
-- Read input: 2.0, which is expected to match: 2.0
Called prefire()
Called fire()
Checking for deadlock:
There are 3 Blocked actors, 0 Stopped actors, and 4 active threads.
Waiting for actors to stop.
Sent output token with value 2.0
Next port to read input from is inputA
Called postfire()
Called prefire()
Called fire()
Called postfire()
Called prefire()
Called fire()
Checking for deadlock:
There are 3 Blocked actors, 0 Stopped actors, and 4 active threads.
Waiting for actors to stop.
Read input token from inputA with value 3.0
-- Read input: 3.0, which is expected to match: 3.0
Called prefire()
Called fire()
Checking for deadlock:
There are 3 Blocked actors, 0 Stopped actors, and 4 active threads.
Waiting for actors to stop.
Sent output token with value 3.0
Next port to read input from is inputB
Called postfire()
Called prefire()
Called fire()
Checking for deadlock:
There are 2 Blocked actors, 0 Stopped actors, and 4 active threads.
Waiting for actors to stop.
Called postfire()
Called prefire()
Called fire()
Checking for deadlock:
There are 3 Blocked actors, 0 Stopped actors, and 4 active threads.
Waiting for actors to stop.
Read input token from inputB with value 4.5
Checking for deadlock:
There are 2 Blocked actors, 0 Stopped actors, and 4 active threads.
Waiting for actors to stop.
-- Read input: 3.0, which is expected to match: 3.0
Called prefire()
Called fire()
Checking for deadlock:
There are 3 Blocked actors, 0 Stopped actors, and 4 active threads.
Waiting for actors to stop.
Sent output token with value 3.0
Next port to read input from is inputA
Called postfire()
Called prefire()
Called fire()
Called postfire()
Called prefire()
Called fire()
Checking for deadlock:
There are 3 Blocked actors, 0 Stopped actors, and 4 active threads.
Waiting for actors to stop.
Read input token from inputA with value 4.0
-- Read input: 4.0, which is expected to match: 4.0
Called prefire()
Called fire()
Past the end of training data. Read and discard all inputs.
Checking for deadlock:
There are 3 Blocked actors, 0 Stopped actors, and 4 active threads.
Waiting for actors to stop.
Sent output token with value 4.0
Next port to read input from is inputA
Called postfire()
Called prefire()
Called fire()
Called postfire()
Called prefire()
Called fire()
Checking for deadlock:
There are 3 Blocked actors, 0 Stopped actors, and 4 active threads.
Waiting for actors to stop.
Read input token from inputA with value 5.0
Called prefire()
Called fire()
Past the end of training data. Read and discard all inputs.
Checking for deadlock:
There are 3 Blocked actors, 0 Stopped actors, and 4 active threads.
Waiting for actors to stop.
Sent output token with value 4.5
Next port to read input from is inputB
Called postfire()
Called prefire()
Called fire()
Checking for deadlock:
There are 2 Blocked actors, 0 Stopped actors, and 4 active threads.
Waiting for actors to stop.
Called postfire()
Called prefire()
Called fire()
Checking for deadlock:
There are 3 Blocked actors, 0 Stopped actors, and 4 active threads.
Waiting for actors to stop.
Read input token from inputB with value 6.0
Checking for deadlock:
There are 2 Blocked actors, 0 Stopped actors, and 4 active threads.
Waiting for actors to stop.
Called prefire()
Called fire()
Past the end of training data. Read and discard all inputs.
Checking for deadlock:
There are 3 Blocked actors, 0 Stopped actors, and 4 active threads.
Waiting for actors to stop.
Sent output token with value 5.0
Next port to read input from is inputA
Called postfire()
Called prefire()
Called fire()
Called postfire()
Called prefire()
Called fire()
Checking for deadlock:
There are 3 Blocked actors, 0 Stopped actors, and 4 active threads.
Waiting for actors to stop.
Read input token from inputA with value 6.0
Called prefire()
Called fire()
Past the end of training data. Read and discard all inputs.
Checking for deadlock:
There are 3 Blocked actors, 0 Stopped actors, and 4 active threads.
Waiting for actors to stop.
Sent output token with value 6.0
Next port to read input from is inputB
Called postfire()
Called prefire()
Called fire()
Checking for deadlock:
There are 2 Blocked actors, 0 Stopped actors, and 4 active threads.
Waiting for actors to stop.
Called postfire()
Called prefire()
Called fire()
Checking for deadlock:
There are 3 Blocked actors, 0 Stopped actors, and 4 active threads.
Waiting for actors to stop.
Read input token from inputB with value 7.5
Checking for deadlock:
There are 2 Blocked actors, 0 Stopped actors, and 4 active threads.
Waiting for actors to stop.
Called prefire()
Called fire()
Past the end of training data. Read and discard all inputs.
Checking for deadlock:
There are 3 Blocked actors, 0 Stopped actors, and 4 active threads.
Waiting for actors to stop.
Sent output token with value 6.0
Next port to read input from is inputA
Called postfire()
Called prefire()
Called fire()
Called postfire()
Called prefire()
Called fire()
Checking for deadlock:
There are 3 Blocked actors, 0 Stopped actors, and 4 active threads.
Waiting for actors to stop.
Read input token from inputA with value 7.0
Called prefire()
Called fire()
Past the end of training data. Read and discard all inputs.
Checking for deadlock:
There are 3 Blocked actors, 0 Stopped actors, and 4 active threads.
Waiting for actors to stop.
Sent output token with value 7.0
Next port to read input from is inputA
Called postfire()
Called prefire()
Called fire()
-- Thread wrapup() called.
Called wrapup()
Thread .top.Ramp is exiting.
-- Thread stopped.
Read input token from inputA with value 8.0
Sent output token with value 7.5
Next port to read input from is inputB
Called postfire()
Called prefire()
Called fire()
Read input token from inputB with value 9.0
Checking for deadlock:
There are 1 Blocked actors, 0 Stopped actors, and 3 active threads.
Waiting for actors to stop.
Called postfire()
Called prefire()
Called fire()
Called prefire()
Called fire()
Past the end of training data. Read and discard all inputs.
Checking for deadlock:
There are 2 Blocked actors, 0 Stopped actors, and 3 active threads.
Waiting for actors to stop.
Called prefire()
Called fire()
Past the end of training data. Read and discard all inputs.
Checking for deadlock:
There are 2 Blocked actors, 0 Stopped actors, and 3 active threads.
Waiting for actors to stop.
Sent output token with value 8.0
Next port to read input from is inputA
Called postfire()
Called prefire()
Called fire()
Read input token from inputA with value 9.0
Called prefire()
Called fire()
Past the end of training data. Read and discard all inputs.
Checking for deadlock:
There are 2 Blocked actors, 0 Stopped actors, and 3 active threads.
Waiting for actors to stop.
Sent output token with value 9.0
Next port to read input from is inputB
Called postfire()
Called prefire()
Called fire()
Called postfire()
Called prefire()
Called fire()
Checking for deadlock:
There are 2 Blocked actors, 0 Stopped actors, and 3 active threads.
Waiting for actors to stop.
Read input token from inputB with value 10.5
Called prefire()
Called fire()
Past the end of training data. Read and discard all inputs.
Checking for deadlock:
There are 2 Blocked actors, 0 Stopped actors, and 3 active threads.
Waiting for actors to stop.
Sent output token with value 9.0
Next port to read input from is inputA
Called postfire()
Called prefire()
Called fire()
Checking for deadlock:
There are 3 Blocked actors, 0 Stopped actors, and 3 active threads.
Actors have stopped.
Checking for deadlock:
There are 3 Blocked actors, 0 Stopped actors, and 3 active threads.
Deadlock detected.
Resolving Deadlock
Checking for deadlock:
There are 3 Blocked actors, 0 Stopped actors, and 3 active threads.
Artificial Deadlock - increasing queue capacity.
increasing the capacity of receiver ptolemy.actor.TypedIOPort {.top.OrderedMerge.inputB} to 2
Director: Called postfire().
Called postfire().
_stopRequested = false
_stopFireRequested = false
Returning from postfire(): true
Called fire().
Checking for deadlock:
There are 2 Blocked actors, 0 Stopped actors, and 3 active threads.
Waiting for actors to stop.
-- Thread wrapup() called.
Called wrapup()
Thread .top.Ramp2 is exiting.
-- Thread stopped.
Checking for deadlock:
There are 2 Blocked actors, 0 Stopped actors, and 2 active threads.
Actors have stopped.
Checking for deadlock:
There are 2 Blocked actors, 0 Stopped actors, and 2 active threads.
Deadlock detected.
Resolving Deadlock
Checking for deadlock:
There are 2 Blocked actors, 0 Stopped actors, and 2 active threads.
Deadlock detected: no processes blocked on write, but some are blocked on read.
Called postfire().
_stopRequested = false
_stopFireRequested = false
Returning from postfire(): false
Finished deactivating branches.
Called wrapup().
-- Thread wrapup() called.
Called wrapup()
-- Thread wrapup() called.
Thread .top.OrderedMerge is exiting.
Called wrapup()
-- Thread stopped.
-- Blocked Receiver call threw TerminateProcessException.
Thread .top.Test is exiting.
-- Thread stopped.
-- Blocked Receiver call threw TerminateProcessException.
74 ms. Memory: 120832K Free: 87000K (72%)
.top. Preinitializing ...
Invoking preinitialize():  .top.OrderedMerge
Called preinitialize()
Invoking preinitialize():  .top.Ramp
Called preinitialize()
Invoking preinitialize():  .top.Ramp2
Called preinitialize()
Invoking preinitialize():  .top.Test
Called preinitialize()
.top. Finished preinitialize().
Called initialize().
Invoking initialize():  .top.OrderedMerge
Initializing actor: .top.OrderedMerge
Adding a thread: .top.OrderedMerge
Invoking initialize():  .top.Ramp
Initializing actor: .top.Ramp
Adding a thread: .top.Ramp
Invoking initialize():  .top.Ramp2
Initializing actor: .top.Ramp2
Adding a thread: .top.Ramp2
Invoking initialize():  .top.Test
Initializing actor: .top.Test
Adding a thread: .top.Test
-- Starting thread.
Called initialize()
Called prefire()
Called fire()
-- Starting thread.
Called initialize()
Called prefire()
Called fire()
Called postfire()
Called prefire()
Called fire()
-- Starting thread.
Called initialize()
Called prefire()
Called fire()
Called postfire()
Called prefire()
Called fire()
Called fire().
Checking for deadlock:
There are 3 Blocked actors, 0 Stopped actors, and 4 active threads.
Waiting for actors to stop.
-- Starting thread.
Called initialize()
Called prefire()
Called fire()
Read input token from inputA with value 0.0
Next port to read input from is inputB
Called postfire()
Called prefire()
Called fire()
Read input token from inputB with value 0.0
Sent output token with value 0.0
Next port to read input from is inputA
Called postfire()
Called prefire()
Called fire()
Checking for deadlock:
There are 1 Blocked actors, 0 Stopped actors, and 4 active threads.
Waiting for actors to stop.
-- Read input: 0.0, which is expected to match: 0.0
Called prefire()
Called fire()
Called postfire()
Called prefire()
Called fire()
Called postfire()
Called prefire()
Called fire()
Checking for deadlock:
There are 3 Blocked actors, 0 Stopped actors, and 4 active threads.
Waiting for actors to stop.
Read input token from inputA with value 1.0
Sent output token with value 0.0
Next port to read input from is inputB
Called postfire()
Called prefire()
Called fire()
Read input token from inputB with value 1.5
Checking for deadlock:
There are 1 Blocked actors, 0 Stopped actors, and 4 active threads.
Waiting for actors to stop.
-- Read input: 0.0, which is expected to match: 0.0
Called prefire()
Called fire()
Called postfire()
Called prefire()
Called fire()
Called postfire()
Called prefire()
Called fire()
Checking for deadlock:
There are 3 Blocked actors, 0 Stopped actors, and 4 active threads.
Waiting for actors to stop.
Sent output token with value 1.0
Next port to read input from is inputA
Called postfire()
Called prefire()
Called fire()
Read input token from inputA with value 2.0
Checking for deadlock:
There are 2 Blocked actors, 0 Stopped actors, and 4 active threads.
Waiting for actors to stop.
-- Read input: 1.0, which is expected to match: 1.0
Called prefire()
Called fire()
Called postfire()
Called prefire()
Called fire()
Checking for deadlock:
There are 3 Blocked actors, 0 Stopped actors, and 4 active threads.
Waiting for actors to stop.
Sent output token with value 1.5
Checking for deadlock:
There are 2 Blocked actors, 0 Stopped actors, and 4 active threads.
Waiting for actors to stop.
-- Read input: 1.5, which is expected to match: 1.5
Called prefire()
Called fire()
Checking for deadlock:
There are 3 Blocked actors, 0 Stopped actors, and 4 active threads.
Waiting for actors to stop.
Next port to read input from is inputB
Called postfire()
Called prefire()
Called fire()
Checking for deadlock:
There are 2 Blocked actors, 0 Stopped actors, and 4 active threads.
Waiting for actors to stop.
Called postfire()
Called prefire()
Called fire()
Checking for deadlock:
There are 3 Blocked actors, 0 Stopped actors, and 4 active threads.
Waiting for actors to stop.
Read input token from inputB with value 3.0
Checking for deadlock:
There are 2 Blocked actors, 0 Stopped actors, and 4 active threads.
Waiting for actors to stop.
-- Read input: 2.0, which is expected to match: 2.0
Called prefire()
Called fire()
Checking for deadlock:
There are 3 Blocked actors, 0 Stopped actors, and 4 active threads.
Waiting for actors to stop.
Sent output token with value 2.0
Next port to read input from is inputA
Called postfire()
Called prefire()
Called fire()
Checking for deadlock:
There are 2 Blocked actors, 0 Stopped actors, and 4 active threads.
Waiting for actors to stop.
Called postfire()
Called prefire()
Called fire()
Checking for deadlock:
There are 3 Blocked actors, 0 Stopped actors, and 4 active threads.
Waiting for actors to stop.
Read input token from inputA with value 3.0
Sent output token with value 3.0
Next port to read input from is inputB
Called postfire()
Called prefire()
Called fire()
Read input token from inputB with value 4.5
Checking for deadlock:
There are 2 Blocked actors, 0 Stopped actors, and 4 active threads.
Waiting for actors to stop.
Called postfire()
Called prefire()
Called fire()
-- Read input: 3.0, which is expected to match: 3.0
Called prefire()
Called fire()
Checking for deadlock:
There are 3 Blocked actors, 0 Stopped actors, and 4 active threads.
Waiting for actors to stop.
-- Read input: 3.0, which is expected to match: 3.0
Called prefire()
Called fire()
Checking for deadlock:
There are 3 Blocked actors, 0 Stopped actors, and 4 active threads.
Waiting for actors to stop.
Sent output token with value 3.0
Next port to read input from is inputA
Called postfire()
Called prefire()
Called fire()
Checking for deadlock:
There are 2 Blocked actors, 0 Stopped actors, and 4 active threads.
Waiting for actors to stop.
Called postfire()
Called prefire()
Called fire()
Checking for deadlock:
There are 3 Blocked actors, 0 Stopped actors, and 4 active threads.
Waiting for actors to stop.
Read input token from inputA with value 4.0
Sent output token with value 4.0
Next port to read input from is inputA
Called postfire()
Called prefire()
Called fire()
Read input token from inputA with value 5.0
Checking for deadlock:
There are 2 Blocked actors, 0 Stopped actors, and 4 active threads.
Waiting for actors to stop.
-- Read input: 4.0, which is expected to match: 4.0
Called prefire()
Called fire()
Past the end of training data. Read and discard all inputs.
Called postfire()
Called prefire()
Called fire()
Checking for deadlock:
There are 3 Blocked actors, 0 Stopped actors, and 4 active threads.
Waiting for actors to stop.
Sent output token with value 4.5
Next port to read input from is inputB
Called postfire()
Called prefire()
Called fire()
Read input token from inputB with value 6.0
Checking for deadlock:
There are 2 Blocked actors, 0 Stopped actors, and 4 active threads.
Waiting for actors to stop.
Called postfire()
Called prefire()
Called fire()
Called prefire()
Called fire()
Past the end of training data. Read and discard all inputs.
Checking for deadlock:
There are 3 Blocked actors, 0 Stopped actors, and 4 active threads.
Waiting for actors to stop.
Called prefire()
Called fire()
Past the end of training data. Read and discard all inputs.
Checking for deadlock:
There are 3 Blocked actors, 0 Stopped actors, and 4 active threads.
Waiting for actors to stop.
Sent output token with value 5.0
Next port to read input from is inputA
Called postfire()
Called prefire()
Called fire()
Checking for deadlock:
There are 2 Blocked actors, 0 Stopped actors, and 4 active threads.
Waiting for actors to stop.
Called postfire()
Called prefire()
Called fire()
Checking for deadlock:
There are 3 Blocked actors, 0 Stopped actors, and 4 active threads.
Waiting for actors to stop.
Read input token from inputA with value 6.0
Checking for deadlock:
There are 2 Blocked actors, 0 Stopped actors, and 4 active threads.
Waiting for actors to stop.
Called prefire()
Called fire()
Past the end of training data. Read and discard all inputs.
Checking for deadlock:
There are 3 Blocked actors, 0 Stopped actors, and 4 active threads.
Waiting for actors to stop.
Sent output token with value 6.0
Next port to read input from is inputB
Called postfire()
Called prefire()
Called fire()
Checking for deadlock:
There are 2 Blocked actors, 0 Stopped actors, and 4 active threads.
Waiting for actors to stop.
Called postfire()
Called prefire()
Called fire()
Checking for deadlock:
There are 3 Blocked actors, 0 Stopped actors, and 4 active threads.
Waiting for actors to stop.
Read input token from inputB with value 7.5
Checking for deadlock:
There are 2 Blocked actors, 0 Stopped actors, and 4 active threads.
Waiting for actors to stop.
Called prefire()
Called fire()
Past the end of training data. Read and discard all inputs.
Checking for deadlock:
There are 3 Blocked actors, 0 Stopped actors, and 4 active threads.
Waiting for actors to stop.
Sent output token with value 6.0
Next port to read input from is inputA
Called postfire()
Called prefire()
Called fire()
Checking for deadlock:
There are 2 Blocked actors, 0 Stopped actors, and 4 active threads.
Waiting for actors to stop.
Called postfire()
Called prefire()
Called fire()
Checking for deadlock:
There are 3 Blocked actors, 0 Stopped actors, and 4 active threads.
Waiting for actors to stop.
Read input token from inputA with value 7.0
Checking for deadlock:
There are 2 Blocked actors, 0 Stopped actors, and 4 active threads.
Waiting for actors to stop.
Called prefire()
Called fire()
Past the end of training data. Read and discard all inputs.
Checking for deadlock:
There are 3 Blocked actors, 0 Stopped actors, and 4 active threads.
Waiting for actors to stop.
Sent output token with value 7.0
Next port to read input from is inputA
Called postfire()
Called prefire()
Called fire()
Checking for deadlock:
There are 2 Blocked actors, 0 Stopped actors, and 4 active threads.
Waiting for actors to stop.
-- Thread wrapup() called.
Called wrapup()
Thread .top.Ramp is exiting.
Checking for deadlock:
There are 2 Blocked actors, 0 Stopped actors, and 3 active threads.
Waiting for actors to stop.
-- Thread stopped.
Read input token from inputA with value 8.0
Called prefire()
Called fire()
Past the end of training data. Read and discard all inputs.
Checking for deadlock:
There are 2 Blocked actors, 0 Stopped actors, and 3 active threads.
Waiting for actors to stop.
Sent output token with value 7.5
Next port to read input from is inputB
Called postfire()
Called prefire()
Called fire()
Checking for deadlock:
There are 1 Blocked actors, 0 Stopped actors, and 3 active threads.
Waiting for actors to stop.
Called postfire()
Called prefire()
Called fire()
Checking for deadlock:
There are 2 Blocked actors, 0 Stopped actors, and 3 active threads.
Waiting for actors to stop.
Read input token from inputB with value 9.0
Checking for deadlock:
There are 1 Blocked actors, 0 Stopped actors, and 3 active threads.
Waiting for actors to stop.
Called prefire()
Called fire()
Past the end of training data. Read and discard all inputs.
Checking for deadlock:
There are 2 Blocked actors, 0 Stopped actors, and 3 active threads.
Waiting for actors to stop.
Sent output token with value 8.0
Next port to read input from is inputA
Called postfire()
Called prefire()
Called fire()
Read input token from inputA with value 9.0
Called prefire()
Called fire()
Past the end of training data. Read and discard all inputs.
Checking for deadlock:
There are 2 Blocked actors, 0 Stopped actors, and 3 active threads.
Waiting for actors to stop.
Sent output token with value 9.0
Next port to read input from is inputB
Called postfire()
Called prefire()
Called fire()
Called postfire()
Called prefire()
Called fire()
Checking for deadlock:
There are 2 Blocked actors, 0 Stopped actors, and 3 active threads.
Waiting for actors to stop.
Read input token from inputB with value 10.5
Called prefire()
Called fire()
Past the end of training data. Read and discard all inputs.
Checking for deadlock:
There are 2 Blocked actors, 0 Stopped actors, and 3 active threads.
Waiting for actors to stop.
Sent output token with value 9.0
Next port to read input from is inputA
Called postfire()
Called prefire()
Called fire()
Checking for deadlock:
There are 3 Blocked actors, 0 Stopped actors, and 3 active threads.
Actors have stopped.
Checking for deadlock:
There are 3 Blocked actors, 0 Stopped actors, and 3 active threads.
Deadlock detected.
Resolving Deadlock
Checking for deadlock:
There are 3 Blocked actors, 0 Stopped actors, and 3 active threads.
Artificial Deadlock - increasing queue capacity.
increasing the capacity of receiver ptolemy.actor.TypedIOPort {.top.OrderedMerge.inputB} to 2
Director: Called postfire().
Called postfire().
_stopRequested = false
_stopFireRequested = false
Returning from postfire(): true
Called fire().
Checking for deadlock:
There are 2 Blocked actors, 0 Stopped actors, and 3 active threads.
Waiting for actors to stop.
-- Thread wrapup() called.
Called wrapup()
Thread .top.Ramp2 is exiting.
-- Thread stopped.
Checking for deadlock:
There are 2 Blocked actors, 0 Stopped actors, and 2 active threads.
Actors have stopped.
Checking for deadlock:
There are 2 Blocked actors, 0 Stopped actors, and 2 active threads.
Deadlock detected.
Resolving Deadlock
Checking for deadlock:
There are 2 Blocked actors, 0 Stopped actors, and 2 active threads.
Deadlock detected: no processes blocked on write, but some are blocked on read.
Called postfire().
_stopRequested = false
_stopFireRequested = false
Returning from postfire(): false
Finished deactivating branches.
Called wrapup().
-- Thread wrapup() called.
Called wrapup()
-- Thread wrapup() called.
Called wrapup()
Thread .top.Test is exiting.
-- Thread stopped.
-- Blocked Receiver call threw TerminateProcessException.
Thread .top.OrderedMerge is exiting.
-- Thread stopped.
-- Blocked Receiver call threw TerminateProcessException.
36 ms. Memory: 120832K Free: 85906K (71%)
/home/travis/build/icyphy/ptII/ptolemy/actor/lib/test/Publisher.tcl
6 ms. Memory: 120832K Free: 79218K (66%)
5 ms. Memory: 120832K Free: 74114K (61%)
3 ms. Memory: 120832K Free: 70018K (58%)
3 ms. Memory: 120832K Free: 69008K (57%)
2 ms. Memory: 120832K Free: 68498K (57%)
32 ms. Memory: 120832K Free: 104630K (87%)
2 ms. Memory: 120832K Free: 103608K (86%)
3 ms. Memory: 120832K Free: 103064K (85%)
25 ms. Memory: 120832K Free: 92854K (77%)
3 ms. Memory: 120832K Free: 89272K (74%)
2 ms. Memory: 120832K Free: 88248K (73%)
4 ms. Memory: 120832K Free: 86200K (71%)
6 ms. Memory: 120832K Free: 78512K (65%)
4 ms. Memory: 120832K Free: 69302K (57%)
5 ms. Memory: 120832K Free: 58038K (48%)
/home/travis/build/icyphy/ptII/ptolemy/actor/lib/test/Pulse.tcl
3 ms. Memory: 154624K Free: 107837K (70%)
1 ms. Memory: 154624K Free: 106813K (69%)
2 ms. Memory: 154624K Free: 106269K (69%)
1 ms. Memory: 154624K Free: 105789K (68%)
1 ms. Memory: 154624K Free: 105261K (68%)
6 ms. Memory: 154624K Free: 104251K (67%)
3 ms. Memory: 154624K Free: 103213K (67%)
1 ms. Memory: 154624K Free: 102717K (66%)
1 ms. Memory: 154624K Free: 101693K (66%)
/home/travis/build/icyphy/ptII/ptolemy/actor/lib/test/Ramp.tcl
2 ms. Memory: 154624K Free: 100141K (65%)
2 ms. Memory: 154624K Free: 99064K (64%)
1 ms. Memory: 154624K Free: 98621K (64%)
1 ms. Memory: 154624K Free: 97597K (63%)
3 ms. Memory: 154624K Free: 97083K (63%)
4 ms. Memory: 154624K Free: 96029K (62%)
7 ms. Memory: 154624K Free: 95035K (61%)
5 actors
6000 microseconds per iteration to create
12 ms. Memory: 154624K Free: 92477K (60%)
2 ms. Memory: 154624K Free: 91949K (59%)
2 ms. Memory: 154624K Free: 90909K (59%)
10 ms. Memory: 154624K Free: 90429K (58%)
50 actors
52000 microseconds per iteration to create
39 ms. Memory: 154624K Free: 75069K (49%)
4 ms. Memory: 154624K Free: 74045K (48%)
5 ms. Memory: 154624K Free: 73021K (47%)
5 ms. Memory: 154624K Free: 71997K (47%)
500 actors
1805000 microseconds per iteration to create
290 ms. Memory: 154624K Free: 120309K (78%)
42 ms. Memory: 154624K Free: 115204K (75%)
49 ms. Memory: 154624K Free: 110084K (71%)
42 ms. Memory: 154624K Free: 104454K (68%)
/home/travis/build/icyphy/ptII/ptolemy/actor/lib/test/RampContinuous.tcl
7 ms. Memory: 154624K Free: 102916K (67%)
/home/travis/build/icyphy/ptII/ptolemy/actor/lib/test/RecordAssembler.tcl
4 ms. Memory: 154624K Free: 101382K (66%)
3 ms. Memory: 154624K Free: 100358K (65%)
/home/travis/build/icyphy/ptII/ptolemy/actor/lib/test/RecordDisassembler.tcl
6 ms. Memory: 154624K Free: 98805K (64%)
2 ms. Memory: 154624K Free: 98310K (64%)
3 ms. Memory: 154624K Free: 96772K (63%)
/home/travis/build/icyphy/ptII/ptolemy/actor/lib/test/Scale.tcl
2 ms. Memory: 154624K Free: 95238K (62%)
2 ms. Memory: 154624K Free: 94214K (61%)
1 ms. Memory: 154624K Free: 93685K (61%)
2 ms. Memory: 154624K Free: 92661K (60%)
2 ms. Memory: 154624K Free: 91652K (59%)
/home/travis/build/icyphy/ptII/ptolemy/actor/lib/test/SequentialClock.tcl
preinitializing
resolving types
initializing
executing number 1
wrapping up
idle
2 ms. Memory: 154624K Free: 90621K (59%)
Completed execution with 5 iterations
preinitializing
resolving types
initializing
executing number 1
wrapping up
idle
2 ms. Memory: 154624K Free: 90118K (58%)
Completed execution with 5 iterations
preinitializing
resolving types
initializing
executing number 1
wrapping up
idle
1 ms. Memory: 154624K Free: 89604K (58%)
Completed execution with 5 iterations
/home/travis/build/icyphy/ptII/ptolemy/actor/lib/test/SetVariable.tcl
4 ms. Memory: 154624K Free: 87556K (57%)


==== $PTII/ptolemy/actor/lib/test/SetVariable.tcl: SetVariable-3.1 changeFailed
==== Contents of test case:

    #Uses 2.1 above
    jdkCaptureErr {
        # This test was failing if we ran Exit.tcl and then this test.
        # MessageHandler.error() now actually throws the Exception.
	catch {$setVariable changeFailed [java::null]  [java::new Exception {Test exception for SetVariable.changeFailed()}]} errMsg
    } results
    list [string range $results 0 89] "\n" $errMsg

==== Result was:
{java.lang.Exception: Test exception for SetVariable.changeFailed()
	at java.base/jdk.inter} {
} {java.lang.RuntimeException: java.lang.Exception: Test exception for SetVariable.changeFailed()}
---- Result should have been:
{Failed to set variable.
java.lang.Exception: Test exception for SetVariable.changeFailed()} {
} {java.lang.RuntimeException: java.lang.Exception: Test exception for SetVariable.changeFailed()}
---- SetVariable-3.1 FAILED
/home/travis/build/icyphy/ptII/ptolemy/actor/lib/test/Sinewave.tcl
/home/travis/build/icyphy/ptII/ptolemy/actor/lib/test/SubscriptionAggregator.tcl
4 ms. Memory: 154624K Free: 75782K (49%)
2 ms. Memory: 154624K Free: 74758K (48%)
1 ms. Memory: 154624K Free: 74244K (48%)
0 ms. Memory: 154624K Free: 74244K (48%)
2 ms. Memory: 154624K Free: 70662K (46%)
8 ms. Memory: 154624K Free: 68614K (44%)
...............................................................1140 ms. Memory: 293888K Free: 162304K (55%)
/home/travis/build/icyphy/ptII/ptolemy/actor/lib/test/Test.tcl
 The next command will produce a warning about training mode,
   which may be ignored.
6 ms. Memory: 293888K Free: 160256K (55%)
5 ms. Memory: 293888K Free: 159727K (54%)
2 ms. Memory: 293888K Free: 158718K (54%)
1 ms. Memory: 293888K Free: 158208K (54%)
7 ms. Memory: 293888K Free: 157679K (54%)
3 ms. Memory: 293888K Free: 156160K (53%)
4 ms. Memory: 293888K Free: 155136K (53%)
 The next command will produce a warning about training mode,
   which may be ignored.
12 ms. Memory: 293888K Free: 152559K (52%)
 The next command will produce a warning about training mode,
   which may be ignored.
3 ms. Memory: 293888K Free: 151535K (52%)
1 ms. Memory: 293888K Free: 151040K (51%)
1 ms. Memory: 293888K Free: 150519K (51%)
3 ms. Memory: 293888K Free: 150016K (51%)
11 ms. Memory: 293888K Free: 148992K (51%)
4 ms. Memory: 293888K Free: 145391K (49%)
/home/travis/build/icyphy/ptII/ptolemy/actor/lib/test/TestExceptionHandler.tcl
 The next command will produce a warning about training mode,
   which may be ignored.
2 ms. Memory: 293888K Free: 143872K (49%)
1 ms. Memory: 293888K Free: 143358K (49%)
1 ms. Memory: 293888K Free: 142848K (49%)
/home/travis/build/icyphy/ptII/ptolemy/actor/lib/test/UnionDisassembler.tcl
31 ms. Memory: 293888K Free: 135680K (46%)
/home/travis/build/icyphy/ptII/ptolemy/actor/lib/test/VariableClock.tcl
preinitializing
resolving types
initializing
executing number 1
wrapping up
idle
3 ms. Memory: 293888K Free: 133632K (45%)
Completed execution with 11 iterations
preinitializing
resolving types
initializing
executing number 1
wrapping up
idle
3 ms. Memory: 293888K Free: 132094K (45%)
Completed execution with 10 iterations
07/19/19 06:57:45
Failed: 1  Total Tests: 234  ((Passed: 233, Newly Passed: 0)  Known Failed: 0) /home/travis/build/icyphy/ptII/ptolemy/actor/lib/test
----------------- testing (KnownFailure) /home/travis/build/icyphy/ptII/ptolemy/actor/lib/test/auto/knownFailedTests/PublisherPortToplevelSubscriber.xml
1 ms. Memory: 293888K Free: 245980K (84%)
Known Failure: java.lang.reflect.InvocationTargetException
----------------- testing (KnownFailure) /home/travis/build/icyphy/ptII/ptolemy/actor/lib/test/auto/knownFailedTests/PublisherSubscriberPortToplevel.xml
0 ms. Memory: 293888K Free: 241884K (82%)
Known Failure: java.lang.reflect.InvocationTargetException
----------------- testing (KnownFailure) /home/travis/build/icyphy/ptII/ptolemy/actor/lib/test/auto/knownFailedTests/PublisherSubscriptionAggregatorPort.xml
0 ms. Memory: 293888K Free: 237788K (81%)
Known Failure: java.lang.reflect.InvocationTargetException
----------------- testing (KnownFailure) /home/travis/build/icyphy/ptII/ptolemy/actor/lib/test/auto/knownFailedTests/sizedarray3.xml
4 ms. Memory: 293888K Free: 233692K (80%)
Known Failure: java.lang.reflect.InvocationTargetException
No auto/linux-amd64/*.xml tests in /home/travis/build/icyphy/ptII/ptolemy/actor/lib/test
AutoTests.java: About to close Vertx.
AutoTests.java: Vertx closed.

===========================================================================================
----------------- testing Fri Jul 19 06:57:46 UTC 2019 /home/travis/build/icyphy/ptII/ptolemy/actor/lib/test/auto/AbsoluteValue.xml
----------------- Instantiating /home/travis/build/icyphy/ptII/ptolemy/actor/lib/test/auto/AbsoluteValue.xml
14 ms. Memory: 293888K Free: 211164K (72%)
----------------- Invoking toplevel() on ptolemy.moml.MoMLSimpleApplication@2fd04337
----------------- Done invoking toplevel() on ptolemy.moml.MoMLSimpleApplication@2fd04337
reloadAllAccessors: .AbsoluteValue

===========================================================================================
----------------- testing Fri Jul 19 06:57:46 UTC 2019 /home/travis/build/icyphy/ptII/ptolemy/actor/lib/test/auto/AbsoluteValue2.xml
----------------- Instantiating /home/travis/build/icyphy/ptII/ptolemy/actor/lib/test/auto/AbsoluteValue2.xml
5 ms. Memory: 293888K Free: 204506K (70%)
----------------- Invoking toplevel() on ptolemy.moml.MoMLSimpleApplication@26fe59c0
----------------- Done invoking toplevel() on ptolemy.moml.MoMLSimpleApplication@26fe59c0
reloadAllAccessors: .AbsoluteValue2

===========================================================================================
----------------- testing Fri Jul 19 06:57:46 UTC 2019 /home/travis/build/icyphy/ptII/ptolemy/actor/lib/test/auto/Accumulator.xml
----------------- Instantiating /home/travis/build/icyphy/ptII/ptolemy/actor/lib/test/auto/Accumulator.xml
5 ms. Memory: 293888K Free: 197852K (67%)
----------------- Invoking toplevel() on ptolemy.moml.MoMLSimpleApplication@45e8c088
----------------- Done invoking toplevel() on ptolemy.moml.MoMLSimpleApplication@45e8c088
reloadAllAccessors: .Accumulator

===========================================================================================
----------------- testing Fri Jul 19 06:57:46 UTC 2019 /home/travis/build/icyphy/ptII/ptolemy/actor/lib/test/auto/Accumulator2.xml
----------------- Instantiating /home/travis/build/icyphy/ptII/ptolemy/actor/lib/test/auto/Accumulator2.xml
4 ms. Memory: 293888K Free: 192732K (66%)
----------------- Invoking toplevel() on ptolemy.moml.MoMLSimpleApplication@1333bb12
----------------- Done invoking toplevel() on ptolemy.moml.MoMLSimpleApplication@1333bb12
reloadAllAccessors: .Accumulator2

===========================================================================================
----------------- testing Fri Jul 19 06:57:46 UTC 2019 /home/travis/build/icyphy/ptII/ptolemy/actor/lib/test/auto/Accumulator3.xml
----------------- Instantiating /home/travis/build/icyphy/ptII/ptolemy/actor/lib/test/auto/Accumulator3.xml
2 ms. Memory: 293888K Free: 188122K (64%)
----------------- Invoking toplevel() on ptolemy.moml.MoMLSimpleApplication@e7fa635
----------------- Done invoking toplevel() on ptolemy.moml.MoMLSimpleApplication@e7fa635
reloadAllAccessors: .Accumulator3

===========================================================================================
----------------- testing Fri Jul 19 06:57:46 UTC 2019 /home/travis/build/icyphy/ptII/ptolemy/actor/lib/test/auto/ArrayAppend.xml
----------------- Instantiating /home/travis/build/icyphy/ptII/ptolemy/actor/lib/test/auto/ArrayAppend.xml
5 ms. Memory: 293888K Free: 182492K (62%)
----------------- Invoking toplevel() on ptolemy.moml.MoMLSimpleApplication@507fb4db
----------------- Done invoking toplevel() on ptolemy.moml.MoMLSimpleApplication@507fb4db
reloadAllAccessors: .ArrayAppend

===========================================================================================
----------------- testing Fri Jul 19 06:57:46 UTC 2019 /home/travis/build/icyphy/ptII/ptolemy/actor/lib/test/auto/ArrayAppend2.xml
----------------- Instantiating /home/travis/build/icyphy/ptII/ptolemy/actor/lib/test/auto/ArrayAppend2.xml
304 ms. Memory: 293888K Free: 118490K (40%)
----------------- Invoking toplevel() on ptolemy.moml.MoMLSimpleApplication@21a2a855
----------------- Done invoking toplevel() on ptolemy.moml.MoMLSimpleApplication@21a2a855
reloadAllAccessors: .ArrayAppend2

===========================================================================================
----------------- testing Fri Jul 19 06:57:46 UTC 2019 /home/travis/build/icyphy/ptII/ptolemy/actor/lib/test/auto/ArrayAppend3.xml
----------------- Instantiating /home/travis/build/icyphy/ptII/ptolemy/actor/lib/test/auto/ArrayAppend3.xml
11 ms. Memory: 293888K Free: 113370K (39%)
----------------- Invoking toplevel() on ptolemy.moml.MoMLSimpleApplication@4d06bba3
----------------- Done invoking toplevel() on ptolemy.moml.MoMLSimpleApplication@4d06bba3
reloadAllAccessors: .ArrayAppend3

===========================================================================================
----------------- testing Fri Jul 19 06:57:46 UTC 2019 /home/travis/build/icyphy/ptII/ptolemy/actor/lib/test/auto/ArrayAppend4.xml
----------------- Instantiating /home/travis/build/icyphy/ptII/ptolemy/actor/lib/test/auto/ArrayAppend4.xml
1 ms. Memory: 293888K Free: 108250K (37%)
----------------- Invoking toplevel() on ptolemy.moml.MoMLSimpleApplication@3340e8a3
----------------- Done invoking toplevel() on ptolemy.moml.MoMLSimpleApplication@3340e8a3
reloadAllAccessors: .ArrayAppend4

===========================================================================================
----------------- testing Fri Jul 19 06:57:46 UTC 2019 /home/travis/build/icyphy/ptII/ptolemy/actor/lib/test/auto/ArrayAppend5.xml
----------------- Instantiating /home/travis/build/icyphy/ptII/ptolemy/actor/lib/test/auto/ArrayAppend5.xml
2 ms. Memory: 293888K Free: 102620K (35%)
----------------- Invoking toplevel() on ptolemy.moml.MoMLSimpleApplication@40664d4
----------------- Done invoking toplevel() on ptolemy.moml.MoMLSimpleApplication@40664d4
reloadAllAccessors: .ArrayAppend5

===========================================================================================
----------------- testing Fri Jul 19 06:57:46 UTC 2019 /home/travis/build/icyphy/ptII/ptolemy/actor/lib/test/auto/ArrayAppend6.xml
----------------- Instantiating /home/travis/build/icyphy/ptII/ptolemy/actor/lib/test/auto/ArrayAppend6.xml
2 ms. Memory: 293888K Free: 97500K (33%)
----------------- Invoking toplevel() on ptolemy.moml.MoMLSimpleApplication@473115f8
----------------- Done invoking toplevel() on ptolemy.moml.MoMLSimpleApplication@473115f8
reloadAllAccessors: .ArrayAppend6

===========================================================================================
----------------- testing Fri Jul 19 06:57:46 UTC 2019 /home/travis/build/icyphy/ptII/ptolemy/actor/lib/test/auto/ArrayAppendPerformanceTest.xml
----------------- Instantiating /home/travis/build/icyphy/ptII/ptolemy/actor/lib/test/auto/ArrayAppendPerformanceTest.xml
105 ms. Memory: 293888K Free: 242639K (83%)
----------------- Invoking toplevel() on ptolemy.moml.MoMLSimpleApplication@19a05b15
----------------- Done invoking toplevel() on ptolemy.moml.MoMLSimpleApplication@19a05b15
reloadAllAccessors: .ArrayAppendPerformanceTest

===========================================================================================
----------------- testing Fri Jul 19 06:57:47 UTC 2019 /home/travis/build/icyphy/ptII/ptolemy/actor/lib/test/auto/ArrayAppendWithEmptyInput.xml
----------------- Instantiating /home/travis/build/icyphy/ptII/ptolemy/actor/lib/test/auto/ArrayAppendWithEmptyInput.xml
17 ms. Memory: 293888K Free: 234244K (80%)
----------------- Invoking toplevel() on ptolemy.moml.MoMLSimpleApplication@69e8f1f0
----------------- Done invoking toplevel() on ptolemy.moml.MoMLSimpleApplication@69e8f1f0
reloadAllAccessors: .ArrayAppendWithEmptyInput

===========================================================================================
----------------- testing Fri Jul 19 06:57:47 UTC 2019 /home/travis/build/icyphy/ptII/ptolemy/actor/lib/test/auto/ArrayAverage.xml
----------------- Instantiating /home/travis/build/icyphy/ptII/ptolemy/actor/lib/test/auto/ArrayAverage.xml
7 ms. Memory: 293888K Free: 226052K (77%)
----------------- Invoking toplevel() on ptolemy.moml.MoMLSimpleApplication@17928d08
----------------- Done invoking toplevel() on ptolemy.moml.MoMLSimpleApplication@17928d08
reloadAllAccessors: .ArrayAverage

===========================================================================================
----------------- testing Fri Jul 19 06:57:47 UTC 2019 /home/travis/build/icyphy/ptII/ptolemy/actor/lib/test/auto/ArrayContains.xml
----------------- Instantiating /home/travis/build/icyphy/ptII/ptolemy/actor/lib/test/auto/ArrayContains.xml
20 ms. Memory: 293888K Free: 220422K (75%)
----------------- Invoking toplevel() on ptolemy.moml.MoMLSimpleApplication@ee84bcc
----------------- Done invoking toplevel() on ptolemy.moml.MoMLSimpleApplication@ee84bcc
reloadAllAccessors: .ArrayContains

===========================================================================================
----------------- testing Fri Jul 19 06:57:47 UTC 2019 /home/travis/build/icyphy/ptII/ptolemy/actor/lib/test/auto/ArrayElement.xml
----------------- Instantiating /home/travis/build/icyphy/ptII/ptolemy/actor/lib/test/auto/ArrayElement.xml
11 ms. Memory: 293888K Free: 214758K (73%)
----------------- Invoking toplevel() on ptolemy.moml.MoMLSimpleApplication@6f6ec61d
----------------- Done invoking toplevel() on ptolemy.moml.MoMLSimpleApplication@6f6ec61d
reloadAllAccessors: .ArrayElement

===========================================================================================
----------------- testing Fri Jul 19 06:57:47 UTC 2019 /home/travis/build/icyphy/ptII/ptolemy/actor/lib/test/auto/ArrayElementAsMatrix.xml
----------------- Instantiating /home/travis/build/icyphy/ptII/ptolemy/actor/lib/test/auto/ArrayElementAsMatrix.xml
13 ms. Memory: 293888K Free: 205062K (70%)
----------------- Invoking toplevel() on ptolemy.moml.MoMLSimpleApplication@74447e15
----------------- Done invoking toplevel() on ptolemy.moml.MoMLSimpleApplication@74447e15
reloadAllAccessors: .ArrayElementAsMatrix

===========================================================================================
----------------- testing Fri Jul 19 06:57:47 UTC 2019 /home/travis/build/icyphy/ptII/ptolemy/actor/lib/test/auto/ArrayElementI.xml
----------------- Instantiating /home/travis/build/icyphy/ptII/ptolemy/actor/lib/test/auto/ArrayElementI.xml
3 ms. Memory: 293888K Free: 200452K (68%)
----------------- Invoking toplevel() on ptolemy.moml.MoMLSimpleApplication@15fd796e
----------------- Done invoking toplevel() on ptolemy.moml.MoMLSimpleApplication@15fd796e
reloadAllAccessors: .ArrayElementI

===========================================================================================
----------------- testing Fri Jul 19 06:57:47 UTC 2019 /home/travis/build/icyphy/ptII/ptolemy/actor/lib/test/auto/ArrayExtract.xml
----------------- Instantiating /home/travis/build/icyphy/ptII/ptolemy/actor/lib/test/auto/ArrayExtract.xml
4 ms. Memory: 293888K Free: 191750K (65%)
----------------- Invoking toplevel() on ptolemy.moml.MoMLSimpleApplication@7f4b6554
----------------- Done invoking toplevel() on ptolemy.moml.MoMLSimpleApplication@7f4b6554
reloadAllAccessors: .ArrayExtract

===========================================================================================
----------------- testing Fri Jul 19 06:57:47 UTC 2019 /home/travis/build/icyphy/ptII/ptolemy/actor/lib/test/auto/ArrayExtract2.xml
----------------- Instantiating /home/travis/build/icyphy/ptII/ptolemy/actor/lib/test/auto/ArrayExtract2.xml
3 ms. Memory: 293888K Free: 186630K (64%)
----------------- Invoking toplevel() on ptolemy.moml.MoMLSimpleApplication@64c03827
----------------- Done invoking toplevel() on ptolemy.moml.MoMLSimpleApplication@64c03827
reloadAllAccessors: .ArrayExtract2

===========================================================================================
----------------- testing Fri Jul 19 06:57:47 UTC 2019 /home/travis/build/icyphy/ptII/ptolemy/actor/lib/test/auto/ArrayLength.xml
----------------- Instantiating /home/travis/build/icyphy/ptII/ptolemy/actor/lib/test/auto/ArrayLength.xml
5 ms. Memory: 293888K Free: 182534K (62%)
----------------- Invoking toplevel() on ptolemy.moml.MoMLSimpleApplication@469bd505
----------------- Done invoking toplevel() on ptolemy.moml.MoMLSimpleApplication@469bd505
reloadAllAccessors: .ArrayLength

===========================================================================================
----------------- testing Fri Jul 19 06:57:47 UTC 2019 /home/travis/build/icyphy/ptII/ptolemy/actor/lib/test/auto/ArrayLevelCrossing.xml
----------------- Instantiating /home/travis/build/icyphy/ptII/ptolemy/actor/lib/test/auto/ArrayLevelCrossing.xml
4 ms. Memory: 293888K Free: 174852K (59%)
----------------- Invoking toplevel() on ptolemy.moml.MoMLSimpleApplication@533c9edb
----------------- Done invoking toplevel() on ptolemy.moml.MoMLSimpleApplication@533c9edb
reloadAllAccessors: .ArrayLevelCrossing

===========================================================================================
----------------- testing Fri Jul 19 06:57:47 UTC 2019 /home/travis/build/icyphy/ptII/ptolemy/actor/lib/test/auto/ArrayLevelCrossing2.xml
----------------- Instantiating /home/travis/build/icyphy/ptII/ptolemy/actor/lib/test/auto/ArrayLevelCrossing2.xml
3 ms. Memory: 293888K Free: 167174K (57%)
----------------- Invoking toplevel() on ptolemy.moml.MoMLSimpleApplication@4df62927
----------------- Done invoking toplevel() on ptolemy.moml.MoMLSimpleApplication@4df62927
reloadAllAccessors: .ArrayLevelCrossing2

===========================================================================================
----------------- testing Fri Jul 19 06:57:47 UTC 2019 /home/travis/build/icyphy/ptII/ptolemy/actor/lib/test/auto/ArrayPeakSearch.xml
----------------- Instantiating /home/travis/build/icyphy/ptII/ptolemy/actor/lib/test/auto/ArrayPeakSearch.xml
5 ms. Memory: 293888K Free: 158468K (54%)
----------------- Invoking toplevel() on ptolemy.moml.MoMLSimpleApplication@2380a6a
----------------- Done invoking toplevel() on ptolemy.moml.MoMLSimpleApplication@2380a6a
reloadAllAccessors: .ArrayPeakSearch

===========================================================================================
----------------- testing Fri Jul 19 06:57:47 UTC 2019 /home/travis/build/icyphy/ptII/ptolemy/actor/lib/test/auto/ArrayPeakSearch2.xml
----------------- Instantiating /home/travis/build/icyphy/ptII/ptolemy/actor/lib/test/auto/ArrayPeakSearch2.xml
4 ms. Memory: 293888K Free: 147718K (50%)
----------------- Invoking toplevel() on ptolemy.moml.MoMLSimpleApplication@721143d2
----------------- Done invoking toplevel() on ptolemy.moml.MoMLSimpleApplication@721143d2
reloadAllAccessors: .ArrayPeakSearch2

===========================================================================================
----------------- testing Fri Jul 19 06:57:47 UTC 2019 /home/travis/build/icyphy/ptII/ptolemy/actor/lib/test/auto/ArrayPeakSearch3.xml
----------------- Instantiating /home/travis/build/icyphy/ptII/ptolemy/actor/lib/test/auto/ArrayPeakSearch3.xml
6 ms. Memory: 293888K Free: 139012K (47%)
----------------- Invoking toplevel() on ptolemy.moml.MoMLSimpleApplication@618484a2
----------------- Done invoking toplevel() on ptolemy.moml.MoMLSimpleApplication@618484a2
reloadAllAccessors: .ArrayPeakSearch3

===========================================================================================
----------------- testing Fri Jul 19 06:57:47 UTC 2019 /home/travis/build/icyphy/ptII/ptolemy/actor/lib/test/auto/ArrayRemoveElement.xml
----------------- Instantiating /home/travis/build/icyphy/ptII/ptolemy/actor/lib/test/auto/ArrayRemoveElement.xml
5 ms. Memory: 293888K Free: 130820K (45%)
----------------- Invoking toplevel() on ptolemy.moml.MoMLSimpleApplication@6c9554aa
----------------- Done invoking toplevel() on ptolemy.moml.MoMLSimpleApplication@6c9554aa
reloadAllAccessors: .ArrayRemoveElement

===========================================================================================
----------------- testing Fri Jul 19 06:57:47 UTC 2019 /home/travis/build/icyphy/ptII/ptolemy/actor/lib/test/auto/ArraySort.xml
----------------- Instantiating /home/travis/build/icyphy/ptII/ptolemy/actor/lib/test/auto/ArraySort.xml
7 ms. Memory: 293888K Free: 122118K (42%)
----------------- Invoking toplevel() on ptolemy.moml.MoMLSimpleApplication@55de0808
----------------- Done invoking toplevel() on ptolemy.moml.MoMLSimpleApplication@55de0808
reloadAllAccessors: .ArraySort

===========================================================================================
----------------- testing Fri Jul 19 06:57:47 UTC 2019 /home/travis/build/icyphy/ptII/ptolemy/actor/lib/test/auto/ArraySum.xml
----------------- Instantiating /home/travis/build/icyphy/ptII/ptolemy/actor/lib/test/auto/ArraySum.xml
6 ms. Memory: 293888K Free: 116484K (40%)
----------------- Invoking toplevel() on ptolemy.moml.MoMLSimpleApplication@6b6b9898
----------------- Done invoking toplevel() on ptolemy.moml.MoMLSimpleApplication@6b6b9898
reloadAllAccessors: .ArraySum

===========================================================================================
----------------- testing Fri Jul 19 06:57:47 UTC 2019 /home/travis/build/icyphy/ptII/ptolemy/actor/lib/test/auto/ArrayToElements.xml
----------------- Instantiating /home/travis/build/icyphy/ptII/ptolemy/actor/lib/test/auto/ArrayToElements.xml
12 ms. Memory: 293888K Free: 111364K (38%)
----------------- Invoking toplevel() on ptolemy.moml.MoMLSimpleApplication@3b6d644c
----------------- Done invoking toplevel() on ptolemy.moml.MoMLSimpleApplication@3b6d644c
reloadAllAccessors: .ArrayToElements

===========================================================================================
----------------- testing Fri Jul 19 06:57:47 UTC 2019 /home/travis/build/icyphy/ptII/ptolemy/actor/lib/test/auto/ArrayToMatrix.xml
----------------- Instantiating /home/travis/build/icyphy/ptII/ptolemy/actor/lib/test/auto/ArrayToMatrix.xml
12 ms. Memory: 293888K Free: 97028K (33%)
----------------- Invoking toplevel() on ptolemy.moml.MoMLSimpleApplication@5a153585
----------------- Done invoking toplevel() on ptolemy.moml.MoMLSimpleApplication@5a153585
reloadAllAccessors: .ArrayToMatrix

===========================================================================================
----------------- testing Fri Jul 19 06:57:47 UTC 2019 /home/travis/build/icyphy/ptII/ptolemy/actor/lib/test/auto/ArrayUpdate1.xml
----------------- Instantiating /home/travis/build/icyphy/ptII/ptolemy/actor/lib/test/auto/ArrayUpdate1.xml
13 ms. Memory: 293888K Free: 92422K (31%)
----------------- Invoking toplevel() on ptolemy.moml.MoMLSimpleApplication@4f5262d0
----------------- Done invoking toplevel() on ptolemy.moml.MoMLSimpleApplication@4f5262d0
reloadAllAccessors: .ArrayUpdate1

===========================================================================================
----------------- testing Fri Jul 19 06:57:47 UTC 2019 /home/travis/build/icyphy/ptII/ptolemy/actor/lib/test/auto/ArrayUpdate2.xml
----------------- Instantiating /home/travis/build/icyphy/ptII/ptolemy/actor/lib/test/auto/ArrayUpdate2.xml
8 ms. Memory: 293888K Free: 85764K (29%)
----------------- Invoking toplevel() on ptolemy.moml.MoMLSimpleApplication@6fe9e677
----------------- Done invoking toplevel() on ptolemy.moml.MoMLSimpleApplication@6fe9e677
reloadAllAccessors: .ArrayUpdate2

===========================================================================================
----------------- testing Fri Jul 19 06:57:47 UTC 2019 /home/travis/build/icyphy/ptII/ptolemy/actor/lib/test/auto/ArrayUpdate3.xml
----------------- Instantiating /home/travis/build/icyphy/ptII/ptolemy/actor/lib/test/auto/ArrayUpdate3.xml
5 ms. Memory: 293888K Free: 81158K (28%)
----------------- Invoking toplevel() on ptolemy.moml.MoMLSimpleApplication@47034c90
----------------- Done invoking toplevel() on ptolemy.moml.MoMLSimpleApplication@47034c90
reloadAllAccessors: .ArrayUpdate3

===========================================================================================
----------------- testing Fri Jul 19 06:57:47 UTC 2019 /home/travis/build/icyphy/ptII/ptolemy/actor/lib/test/auto/Assert1.xml
----------------- Instantiating /home/travis/build/icyphy/ptII/ptolemy/actor/lib/test/auto/Assert1.xml
6 ms. Memory: 293888K Free: 76548K (26%)
----------------- Invoking toplevel() on ptolemy.moml.MoMLSimpleApplication@7d21868
----------------- Done invoking toplevel() on ptolemy.moml.MoMLSimpleApplication@7d21868
reloadAllAccessors: .Assert1

===========================================================================================
----------------- testing Fri Jul 19 06:57:47 UTC 2019 /home/travis/build/icyphy/ptII/ptolemy/actor/lib/test/auto/Assert2.xml
----------------- Instantiating /home/travis/build/icyphy/ptII/ptolemy/actor/lib/test/auto/Assert2.xml
2 ms. Memory: 293888K Free: 72452K (25%)
----------------- Invoking toplevel() on ptolemy.moml.MoMLSimpleApplication@4a4e57cb
----------------- Done invoking toplevel() on ptolemy.moml.MoMLSimpleApplication@4a4e57cb
reloadAllAccessors: .Assert2

===========================================================================================
----------------- testing Fri Jul 19 06:57:47 UTC 2019 /home/travis/build/icyphy/ptII/ptolemy/actor/lib/test/auto/BooleanMultiplexor.xml
----------------- Instantiating /home/travis/build/icyphy/ptII/ptolemy/actor/lib/test/auto/BooleanMultiplexor.xml
1 ms. Memory: 293888K Free: 240986K (82%)
----------------- Invoking toplevel() on ptolemy.moml.MoMLSimpleApplication@7f1f687e
----------------- Done invoking toplevel() on ptolemy.moml.MoMLSimpleApplication@7f1f687e
reloadAllAccessors: .BooleanMultiplexor

===========================================================================================
----------------- testing Fri Jul 19 06:57:47 UTC 2019 /home/travis/build/icyphy/ptII/ptolemy/actor/lib/test/auto/BooleanMultiplexor2.xml
----------------- Instantiating /home/travis/build/icyphy/ptII/ptolemy/actor/lib/test/auto/BooleanMultiplexor2.xml
9 ms. Memory: 293888K Free: 234840K (80%)
----------------- Invoking toplevel() on ptolemy.moml.MoMLSimpleApplication@7d46410e
----------------- Done invoking toplevel() on ptolemy.moml.MoMLSimpleApplication@7d46410e
reloadAllAccessors: .BooleanMultiplexor2

===========================================================================================
----------------- testing Fri Jul 19 06:57:47 UTC 2019 /home/travis/build/icyphy/ptII/ptolemy/actor/lib/test/auto/BooleanMultiplexor3.xml
----------------- Instantiating /home/travis/build/icyphy/ptII/ptolemy/actor/lib/test/auto/BooleanMultiplexor3.xml
3 ms. Memory: 293888K Free: 230746K (79%)
----------------- Invoking toplevel() on ptolemy.moml.MoMLSimpleApplication@53709e66
----------------- Done invoking toplevel() on ptolemy.moml.MoMLSimpleApplication@53709e66
reloadAllAccessors: .BooleanMultiplexor3

===========================================================================================
----------------- testing Fri Jul 19 06:57:47 UTC 2019 /home/travis/build/icyphy/ptII/ptolemy/actor/lib/test/auto/BooleanSelect.xml
----------------- Instantiating /home/travis/build/icyphy/ptII/ptolemy/actor/lib/test/auto/BooleanSelect.xml
7 ms. Memory: 293888K Free: 225098K (77%)
----------------- Invoking toplevel() on ptolemy.moml.MoMLSimpleApplication@2c1364a
----------------- Done invoking toplevel() on ptolemy.moml.MoMLSimpleApplication@2c1364a
reloadAllAccessors: .BooleanSelect

===========================================================================================
----------------- testing Fri Jul 19 06:57:48 UTC 2019 /home/travis/build/icyphy/ptII/ptolemy/actor/lib/test/auto/BooleanSelect2.xml
----------------- Instantiating /home/travis/build/icyphy/ptII/ptolemy/actor/lib/test/auto/BooleanSelect2.xml
2 ms. Memory: 293888K Free: 220506K (75%)
----------------- Invoking toplevel() on ptolemy.moml.MoMLSimpleApplication@540bd7f7
----------------- Done invoking toplevel() on ptolemy.moml.MoMLSimpleApplication@540bd7f7
reloadAllAccessors: .BooleanSelect2

===========================================================================================
----------------- testing Fri Jul 19 06:57:48 UTC 2019 /home/travis/build/icyphy/ptII/ptolemy/actor/lib/test/auto/BooleanSwitch.xml
----------------- Instantiating /home/travis/build/icyphy/ptII/ptolemy/actor/lib/test/auto/BooleanSwitch.xml
19 ms. Memory: 293888K Free: 214872K (73%)
----------------- Invoking toplevel() on ptolemy.moml.MoMLSimpleApplication@a7cdac7
----------------- Done invoking toplevel() on ptolemy.moml.MoMLSimpleApplication@a7cdac7
reloadAllAccessors: .BooleanSwitch

===========================================================================================
----------------- testing Fri Jul 19 06:57:48 UTC 2019 /home/travis/build/icyphy/ptII/ptolemy/actor/lib/test/auto/BooleanSwitch2.xml
----------------- Instantiating /home/travis/build/icyphy/ptII/ptolemy/actor/lib/test/auto/BooleanSwitch2.xml
2 ms. Memory: 293888K Free: 210266K (72%)
----------------- Invoking toplevel() on ptolemy.moml.MoMLSimpleApplication@3dcad89f
----------------- Done invoking toplevel() on ptolemy.moml.MoMLSimpleApplication@3dcad89f
reloadAllAccessors: .BooleanSwitch2

===========================================================================================
----------------- testing Fri Jul 19 06:57:48 UTC 2019 /home/travis/build/icyphy/ptII/ptolemy/actor/lib/test/auto/BooleanSwitchCloningBugWithClassRelationGroup.xml
----------------- Instantiating /home/travis/build/icyphy/ptII/ptolemy/actor/lib/test/auto/BooleanSwitchCloningBugWithClassRelationGroup.xml
3 ms. Memory: 293888K Free: 204122K (69%)
----------------- Invoking toplevel() on ptolemy.moml.MoMLSimpleApplication@1bb22f64
----------------- Done invoking toplevel() on ptolemy.moml.MoMLSimpleApplication@1bb22f64
reloadAllAccessors: .BooleanSwitchCloningBugWithClassRelationGroup

===========================================================================================
----------------- testing Fri Jul 19 06:57:48 UTC 2019 /home/travis/build/icyphy/ptII/ptolemy/actor/lib/test/auto/BusActors.xml
----------------- Instantiating /home/travis/build/icyphy/ptII/ptolemy/actor/lib/test/auto/BusActors.xml
5 ms. Memory: 293888K Free: 195930K (67%)
----------------- Invoking toplevel() on ptolemy.moml.MoMLSimpleApplication@57afb432
----------------- Done invoking toplevel() on ptolemy.moml.MoMLSimpleApplication@57afb432
reloadAllAccessors: .BusActors

===========================================================================================
----------------- testing Fri Jul 19 06:57:48 UTC 2019 /home/travis/build/icyphy/ptII/ptolemy/actor/lib/test/auto/ClassWrapper.xml
----------------- Instantiating /home/travis/build/icyphy/ptII/ptolemy/actor/lib/test/auto/ClassWrapper.xml
2 ms. Memory: 293888K Free: 191320K (65%)
----------------- Invoking toplevel() on ptolemy.moml.MoMLSimpleApplication@55e0cf10
----------------- Done invoking toplevel() on ptolemy.moml.MoMLSimpleApplication@55e0cf10
reloadAllAccessors: .ClassWrapper

===========================================================================================
----------------- testing Fri Jul 19 06:57:48 UTC 2019 /home/travis/build/icyphy/ptII/ptolemy/actor/lib/test/auto/Clock.xml
----------------- Instantiating /home/travis/build/icyphy/ptII/ptolemy/actor/lib/test/auto/Clock.xml
1 ms. Memory: 293888K Free: 187224K (64%)
----------------- Invoking toplevel() on ptolemy.moml.MoMLSimpleApplication@2bcec537
----------------- Done invoking toplevel() on ptolemy.moml.MoMLSimpleApplication@2bcec537
reloadAllAccessors: .Clock

===========================================================================================
----------------- testing Fri Jul 19 06:57:48 UTC 2019 /home/travis/build/icyphy/ptII/ptolemy/actor/lib/test/auto/Clock10.xml
----------------- Instantiating /home/travis/build/icyphy/ptII/ptolemy/actor/lib/test/auto/Clock10.xml
4 ms. Memory: 293888K Free: 181594K (62%)
----------------- Invoking toplevel() on ptolemy.moml.MoMLSimpleApplication@4b0b487e
----------------- Done invoking toplevel() on ptolemy.moml.MoMLSimpleApplication@4b0b487e
reloadAllAccessors: .Clock10

===========================================================================================
----------------- testing Fri Jul 19 06:57:48 UTC 2019 /home/travis/build/icyphy/ptII/ptolemy/actor/lib/test/auto/Clock11.xml
----------------- Instantiating /home/travis/build/icyphy/ptII/ptolemy/actor/lib/test/auto/Clock11.xml
5 ms. Memory: 293888K Free: 175450K (60%)
----------------- Invoking toplevel() on ptolemy.moml.MoMLSimpleApplication@6315953b
----------------- Done invoking toplevel() on ptolemy.moml.MoMLSimpleApplication@6315953b
reloadAllAccessors: .Clock11

===========================================================================================
----------------- testing Fri Jul 19 06:57:48 UTC 2019 /home/travis/build/icyphy/ptII/ptolemy/actor/lib/test/auto/Clock12.xml
----------------- Instantiating /home/travis/build/icyphy/ptII/ptolemy/actor/lib/test/auto/Clock12.xml
4 ms. Memory: 293888K Free: 169816K (58%)
----------------- Invoking toplevel() on ptolemy.moml.MoMLSimpleApplication@69df0af9
----------------- Done invoking toplevel() on ptolemy.moml.MoMLSimpleApplication@69df0af9
reloadAllAccessors: .Clock12

===========================================================================================
----------------- testing Fri Jul 19 06:57:48 UTC 2019 /home/travis/build/icyphy/ptII/ptolemy/actor/lib/test/auto/Clock13.xml
----------------- Instantiating /home/travis/build/icyphy/ptII/ptolemy/actor/lib/test/auto/Clock13.xml
2 ms. Memory: 293888K Free: 163642K (56%)
----------------- Invoking toplevel() on ptolemy.moml.MoMLSimpleApplication@5a0f754
----------------- Done invoking toplevel() on ptolemy.moml.MoMLSimpleApplication@5a0f754
reloadAllAccessors: .Clock13

===========================================================================================
----------------- testing Fri Jul 19 06:57:48 UTC 2019 /home/travis/build/icyphy/ptII/ptolemy/actor/lib/test/auto/Clock14.xml
----------------- Instantiating /home/travis/build/icyphy/ptII/ptolemy/actor/lib/test/auto/Clock14.xml
6 ms. Memory: 293888K Free: 157522K (54%)
----------------- Invoking toplevel() on ptolemy.moml.MoMLSimpleApplication@7e966f42
----------------- Done invoking toplevel() on ptolemy.moml.MoMLSimpleApplication@7e966f42
reloadAllAccessors: .Clock14

===========================================================================================
----------------- testing Fri Jul 19 06:57:48 UTC 2019 /home/travis/build/icyphy/ptII/ptolemy/actor/lib/test/auto/Clock15.xml
----------------- Instantiating /home/travis/build/icyphy/ptII/ptolemy/actor/lib/test/auto/Clock15.xml
3 ms. Memory: 293888K Free: 151898K (52%)
----------------- Invoking toplevel() on ptolemy.moml.MoMLSimpleApplication@741b6a36
----------------- Done invoking toplevel() on ptolemy.moml.MoMLSimpleApplication@741b6a36
reloadAllAccessors: .Clock15

===========================================================================================
----------------- testing Fri Jul 19 06:57:48 UTC 2019 /home/travis/build/icyphy/ptII/ptolemy/actor/lib/test/auto/Clock16.xml
----------------- Instantiating /home/travis/build/icyphy/ptII/ptolemy/actor/lib/test/auto/Clock16.xml
41 ms. Memory: 293888K Free: 137530K (47%)
----------------- Invoking toplevel() on ptolemy.moml.MoMLSimpleApplication@1dd4321c
----------------- Done invoking toplevel() on ptolemy.moml.MoMLSimpleApplication@1dd4321c
reloadAllAccessors: .Clock16

===========================================================================================
----------------- testing Fri Jul 19 06:57:48 UTC 2019 /home/travis/build/icyphy/ptII/ptolemy/actor/lib/test/auto/Clock17.xml
----------------- Instantiating /home/travis/build/icyphy/ptII/ptolemy/actor/lib/test/auto/Clock17.xml
24 ms. Memory: 293888K Free: 124250K (42%)
----------------- Invoking toplevel() on ptolemy.moml.MoMLSimpleApplication@5dc6ff66
----------------- Done invoking toplevel() on ptolemy.moml.MoMLSimpleApplication@5dc6ff66
reloadAllAccessors: .Clock17

===========================================================================================
----------------- testing Fri Jul 19 06:57:48 UTC 2019 /home/travis/build/icyphy/ptII/ptolemy/actor/lib/test/auto/Clock18.xml
----------------- Instantiating /home/travis/build/icyphy/ptII/ptolemy/actor/lib/test/auto/Clock18.xml
23 ms. Memory: 293888K Free: 110410K (38%)
----------------- Invoking toplevel() on ptolemy.moml.MoMLSimpleApplication@7c51cf9c
----------------- Done invoking toplevel() on ptolemy.moml.MoMLSimpleApplication@7c51cf9c
reloadAllAccessors: .Clock18

===========================================================================================
----------------- testing Fri Jul 19 06:57:48 UTC 2019 /home/travis/build/icyphy/ptII/ptolemy/actor/lib/test/auto/Clock19.xml
----------------- Instantiating /home/travis/build/icyphy/ptII/ptolemy/actor/lib/test/auto/Clock19.xml
14 ms. Memory: 293888K Free: 97626K (33%)
----------------- Invoking toplevel() on ptolemy.moml.MoMLSimpleApplication@6aa3d97
----------------- Done invoking toplevel() on ptolemy.moml.MoMLSimpleApplication@6aa3d97
reloadAllAccessors: .Clock19

===========================================================================================
----------------- testing Fri Jul 19 06:57:48 UTC 2019 /home/travis/build/icyphy/ptII/ptolemy/actor/lib/test/auto/Clock2.xml
----------------- Instantiating /home/travis/build/icyphy/ptII/ptolemy/actor/lib/test/auto/Clock2.xml
8 ms. Memory: 293888K Free: 93010K (32%)
----------------- Invoking toplevel() on ptolemy.moml.MoMLSimpleApplication@425d3edd
----------------- Done invoking toplevel() on ptolemy.moml.MoMLSimpleApplication@425d3edd
reloadAllAccessors: .Clock2

===========================================================================================
----------------- testing Fri Jul 19 06:57:48 UTC 2019 /home/travis/build/icyphy/ptII/ptolemy/actor/lib/test/auto/Clock20.xml
----------------- Instantiating /home/travis/build/icyphy/ptII/ptolemy/actor/lib/test/auto/Clock20.xml
15 ms. Memory: 293888K Free: 87386K (30%)
----------------- Invoking toplevel() on ptolemy.moml.MoMLSimpleApplication@76376aa6
----------------- Done invoking toplevel() on ptolemy.moml.MoMLSimpleApplication@76376aa6
reloadAllAccessors: .Clock20

===========================================================================================
----------------- testing Fri Jul 19 06:57:48 UTC 2019 /home/travis/build/icyphy/ptII/ptolemy/actor/lib/test/auto/Clock21.xml
----------------- Instantiating /home/travis/build/icyphy/ptII/ptolemy/actor/lib/test/auto/Clock21.xml
5 ms. Memory: 293888K Free: 82266K (28%)
----------------- Invoking toplevel() on ptolemy.moml.MoMLSimpleApplication@3e323825
----------------- Done invoking toplevel() on ptolemy.moml.MoMLSimpleApplication@3e323825
reloadAllAccessors: .Clock21

===========================================================================================
----------------- testing Fri Jul 19 06:57:48 UTC 2019 /home/travis/build/icyphy/ptII/ptolemy/actor/lib/test/auto/Clock22.xml
----------------- Instantiating /home/travis/build/icyphy/ptII/ptolemy/actor/lib/test/auto/Clock22.xml
4 ms. Memory: 293888K Free: 76632K (26%)
----------------- Invoking toplevel() on ptolemy.moml.MoMLSimpleApplication@d228d12
----------------- Done invoking toplevel() on ptolemy.moml.MoMLSimpleApplication@d228d12
reloadAllAccessors: .Clock22

===========================================================================================
----------------- testing Fri Jul 19 06:57:48 UTC 2019 /home/travis/build/icyphy/ptII/ptolemy/actor/lib/test/auto/Clock23.xml
----------------- Instantiating /home/travis/build/icyphy/ptII/ptolemy/actor/lib/test/auto/Clock23.xml
11 ms. Memory: 293888K Free: 245994K (84%)
----------------- Invoking toplevel() on ptolemy.moml.MoMLSimpleApplication@5ac8f2d3
----------------- Done invoking toplevel() on ptolemy.moml.MoMLSimpleApplication@5ac8f2d3
reloadAllAccessors: .Clock23

===========================================================================================
----------------- testing Fri Jul 19 06:57:48 UTC 2019 /home/travis/build/icyphy/ptII/ptolemy/actor/lib/test/auto/Clock24.xml
----------------- Instantiating /home/travis/build/icyphy/ptII/ptolemy/actor/lib/test/auto/Clock24.xml
4 ms. Memory: 293888K Free: 240113K (82%)
----------------- Invoking toplevel() on ptolemy.moml.MoMLSimpleApplication@420ec8b5
----------------- Done invoking toplevel() on ptolemy.moml.MoMLSimpleApplication@420ec8b5
reloadAllAccessors: .Clock24

===========================================================================================
----------------- testing Fri Jul 19 06:57:48 UTC 2019 /home/travis/build/icyphy/ptII/ptolemy/actor/lib/test/auto/Clock4.xml
----------------- Instantiating /home/travis/build/icyphy/ptII/ptolemy/actor/lib/test/auto/Clock4.xml
2 ms. Memory: 293888K Free: 234993K (80%)
----------------- Invoking toplevel() on ptolemy.moml.MoMLSimpleApplication@3295f584
----------------- Done invoking toplevel() on ptolemy.moml.MoMLSimpleApplication@3295f584
reloadAllAccessors: .Clock4

===========================================================================================
----------------- testing Fri Jul 19 06:57:48 UTC 2019 /home/travis/build/icyphy/ptII/ptolemy/actor/lib/test/auto/Clock5.xml
----------------- Instantiating /home/travis/build/icyphy/ptII/ptolemy/actor/lib/test/auto/Clock5.xml
1 ms. Memory: 293888K Free: 229873K (78%)
----------------- Invoking toplevel() on ptolemy.moml.MoMLSimpleApplication@2c6eb95
----------------- Done invoking toplevel() on ptolemy.moml.MoMLSimpleApplication@2c6eb95
reloadAllAccessors: .Clock5

===========================================================================================
----------------- testing Fri Jul 19 06:57:48 UTC 2019 /home/travis/build/icyphy/ptII/ptolemy/actor/lib/test/auto/Clock6.xml
----------------- Instantiating /home/travis/build/icyphy/ptII/ptolemy/actor/lib/test/auto/Clock6.xml
3 ms. Memory: 293888K Free: 225263K (77%)
----------------- Invoking toplevel() on ptolemy.moml.MoMLSimpleApplication@6a7114f9
----------------- Done invoking toplevel() on ptolemy.moml.MoMLSimpleApplication@6a7114f9
reloadAllAccessors: .Clock6

===========================================================================================
----------------- testing Fri Jul 19 06:57:48 UTC 2019 /home/travis/build/icyphy/ptII/ptolemy/actor/lib/test/auto/Clock7.xml
----------------- Instantiating /home/travis/build/icyphy/ptII/ptolemy/actor/lib/test/auto/Clock7.xml
2 ms. Memory: 293888K Free: 221167K (75%)
----------------- Invoking toplevel() on ptolemy.moml.MoMLSimpleApplication@4afc0b9e
----------------- Done invoking toplevel() on ptolemy.moml.MoMLSimpleApplication@4afc0b9e
reloadAllAccessors: .Clock7

===========================================================================================
----------------- testing Fri Jul 19 06:57:48 UTC 2019 /home/travis/build/icyphy/ptII/ptolemy/actor/lib/test/auto/Clock8.xml
----------------- Instantiating /home/travis/build/icyphy/ptII/ptolemy/actor/lib/test/auto/Clock8.xml
6 ms. Memory: 293888K Free: 215537K (73%)
----------------- Invoking toplevel() on ptolemy.moml.MoMLSimpleApplication@31cb44ba
----------------- Done invoking toplevel() on ptolemy.moml.MoMLSimpleApplication@31cb44ba
reloadAllAccessors: .Clock8

===========================================================================================
----------------- testing Fri Jul 19 06:57:48 UTC 2019 /home/travis/build/icyphy/ptII/ptolemy/actor/lib/test/auto/Clock9.xml
----------------- Instantiating /home/travis/build/icyphy/ptII/ptolemy/actor/lib/test/auto/Clock9.xml
5 ms. Memory: 293888K Free: 209873K (71%)
----------------- Invoking toplevel() on ptolemy.moml.MoMLSimpleApplication@ee64666
----------------- Done invoking toplevel() on ptolemy.moml.MoMLSimpleApplication@ee64666
reloadAllAccessors: .Clock9

===========================================================================================
----------------- testing Fri Jul 19 06:57:48 UTC 2019 /home/travis/build/icyphy/ptII/ptolemy/actor/lib/test/auto/CommDistDiscard.xml
----------------- Instantiating /home/travis/build/icyphy/ptII/ptolemy/actor/lib/test/auto/CommDistDiscard.xml
4 ms. Memory: 293888K Free: 204783K (70%)
----------------- Invoking toplevel() on ptolemy.moml.MoMLSimpleApplication@35fa52ec
----------------- Done invoking toplevel() on ptolemy.moml.MoMLSimpleApplication@35fa52ec
reloadAllAccessors: .CommDistDiscard

===========================================================================================
----------------- testing Fri Jul 19 06:57:48 UTC 2019 /home/travis/build/icyphy/ptII/ptolemy/actor/lib/test/auto/Commutator.xml
----------------- Instantiating /home/travis/build/icyphy/ptII/ptolemy/actor/lib/test/auto/Commutator.xml
2 ms. Memory: 293888K Free: 200177K (68%)
----------------- Invoking toplevel() on ptolemy.moml.MoMLSimpleApplication@488f9322
----------------- Done invoking toplevel() on ptolemy.moml.MoMLSimpleApplication@488f9322
reloadAllAccessors: .Commutator

===========================================================================================
----------------- testing Fri Jul 19 06:57:48 UTC 2019 /home/travis/build/icyphy/ptII/ptolemy/actor/lib/test/auto/Commutator2.xml
----------------- Instantiating /home/travis/build/icyphy/ptII/ptolemy/actor/lib/test/auto/Commutator2.xml
1 ms. Memory: 293888K Free: 196081K (67%)
----------------- Invoking toplevel() on ptolemy.moml.MoMLSimpleApplication@701ec560
----------------- Done invoking toplevel() on ptolemy.moml.MoMLSimpleApplication@701ec560
reloadAllAccessors: .Commutator2

===========================================================================================
----------------- testing Fri Jul 19 06:57:48 UTC 2019 /home/travis/build/icyphy/ptII/ptolemy/actor/lib/test/auto/Commutator3.xml
----------------- Instantiating /home/travis/build/icyphy/ptII/ptolemy/actor/lib/test/auto/Commutator3.xml
2 ms. Memory: 293888K Free: 191471K (65%)
----------------- Invoking toplevel() on ptolemy.moml.MoMLSimpleApplication@7209f89c
----------------- Done invoking toplevel() on ptolemy.moml.MoMLSimpleApplication@7209f89c
reloadAllAccessors: .Commutator3

===========================================================================================
----------------- testing Fri Jul 19 06:57:48 UTC 2019 /home/travis/build/icyphy/ptII/ptolemy/actor/lib/test/auto/Compare.xml
----------------- Instantiating /home/travis/build/icyphy/ptII/ptolemy/actor/lib/test/auto/Compare.xml
2 ms. Memory: 293888K Free: 184817K (63%)
----------------- Invoking toplevel() on ptolemy.moml.MoMLSimpleApplication@1e11b8f
----------------- Done invoking toplevel() on ptolemy.moml.MoMLSimpleApplication@1e11b8f
reloadAllAccessors: .Compare

===========================================================================================
----------------- testing Fri Jul 19 06:57:48 UTC 2019 /home/travis/build/icyphy/ptII/ptolemy/actor/lib/test/auto/CompareDE.xml
----------------- Instantiating /home/travis/build/icyphy/ptII/ptolemy/actor/lib/test/auto/CompareDE.xml
5 ms. Memory: 293888K Free: 178145K (61%)
----------------- Invoking toplevel() on ptolemy.moml.MoMLSimpleApplication@2aa5c161
----------------- Done invoking toplevel() on ptolemy.moml.MoMLSimpleApplication@2aa5c161
reloadAllAccessors: .CompareDE

===========================================================================================
----------------- testing Fri Jul 19 06:57:48 UTC 2019 /home/travis/build/icyphy/ptII/ptolemy/actor/lib/test/auto/ComplexDivide.xml
----------------- Instantiating /home/travis/build/icyphy/ptII/ptolemy/actor/lib/test/auto/ComplexDivide.xml
2 ms. Memory: 293888K Free: 174063K (59%)
----------------- Invoking toplevel() on ptolemy.moml.MoMLSimpleApplication@2e1e60ca
----------------- Done invoking toplevel() on ptolemy.moml.MoMLSimpleApplication@2e1e60ca
reloadAllAccessors: .ComplexDivide

===========================================================================================
----------------- testing Fri Jul 19 06:57:48 UTC 2019 /home/travis/build/icyphy/ptII/ptolemy/actor/lib/test/auto/ComputeHistogram.xml
----------------- Instantiating /home/travis/build/icyphy/ptII/ptolemy/actor/lib/test/auto/ComputeHistogram.xml
27 ms. Memory: 293888K Free: 161265K (55%)
----------------- Invoking toplevel() on ptolemy.moml.MoMLSimpleApplication@3e988df3
----------------- Done invoking toplevel() on ptolemy.moml.MoMLSimpleApplication@3e988df3
reloadAllAccessors: .ComputeHistogram

===========================================================================================
----------------- testing Fri Jul 19 06:57:49 UTC 2019 /home/travis/build/icyphy/ptII/ptolemy/actor/lib/test/auto/ConfigurationSelect.xml
----------------- Instantiating /home/travis/build/icyphy/ptII/ptolemy/actor/lib/test/auto/ConfigurationSelect.xml
7 ms. Memory: 293888K Free: 156145K (53%)
----------------- Invoking toplevel() on ptolemy.moml.MoMLSimpleApplication@77bf90bf
----------------- Done invoking toplevel() on ptolemy.moml.MoMLSimpleApplication@77bf90bf
reloadAllAccessors: .ConfigurationSelect

===========================================================================================
----------------- testing Fri Jul 19 06:57:49 UTC 2019 /home/travis/build/icyphy/ptII/ptolemy/actor/lib/test/auto/ConfigurationSelect2.xml
----------------- Instantiating /home/travis/build/icyphy/ptII/ptolemy/actor/lib/test/auto/ConfigurationSelect2.xml
2 ms. Memory: 293888K Free: 151535K (52%)
----------------- Invoking toplevel() on ptolemy.moml.MoMLSimpleApplication@7c15fd52
----------------- Done invoking toplevel() on ptolemy.moml.MoMLSimpleApplication@7c15fd52
reloadAllAccessors: .ConfigurationSelect2

===========================================================================================
----------------- testing Fri Jul 19 06:57:49 UTC 2019 /home/travis/build/icyphy/ptII/ptolemy/actor/lib/test/auto/ConfigurationSwitch.xml
----------------- Instantiating /home/travis/build/icyphy/ptII/ptolemy/actor/lib/test/auto/ConfigurationSwitch.xml
4 ms. Memory: 293888K Free: 146415K (50%)
----------------- Invoking toplevel() on ptolemy.moml.MoMLSimpleApplication@5caf59cf
----------------- Done invoking toplevel() on ptolemy.moml.MoMLSimpleApplication@5caf59cf
reloadAllAccessors: .ConfigurationSwitch

===========================================================================================
----------------- testing Fri Jul 19 06:57:49 UTC 2019 /home/travis/build/icyphy/ptII/ptolemy/actor/lib/test/auto/ConfigurationSwitch2.xml
----------------- Instantiating /home/travis/build/icyphy/ptII/ptolemy/actor/lib/test/auto/ConfigurationSwitch2.xml
1 ms. Memory: 293888K Free: 140785K (48%)
----------------- Invoking toplevel() on ptolemy.moml.MoMLSimpleApplication@6a413256
----------------- Done invoking toplevel() on ptolemy.moml.MoMLSimpleApplication@6a413256
reloadAllAccessors: .ConfigurationSwitch2

===========================================================================================
----------------- testing Fri Jul 19 06:57:49 UTC 2019 /home/travis/build/icyphy/ptII/ptolemy/actor/lib/test/auto/ConfigurationSwitchCloningBugWithClassRelationGroup.xml
----------------- Instantiating /home/travis/build/icyphy/ptII/ptolemy/actor/lib/test/auto/ConfigurationSwitchCloningBugWithClassRelationGroup.xml
2 ms. Memory: 293888K Free: 134127K (46%)
----------------- Invoking toplevel() on ptolemy.moml.MoMLSimpleApplication@4eaae12b
----------------- Done invoking toplevel() on ptolemy.moml.MoMLSimpleApplication@4eaae12b
reloadAllAccessors: .ConfigurationSwitchCloningBugWithClassRelationGroup

===========================================================================================
----------------- testing Fri Jul 19 06:57:49 UTC 2019 /home/travis/build/icyphy/ptII/ptolemy/actor/lib/test/auto/ConfigurationSwitchSelectSDF.xml
----------------- Instantiating /home/travis/build/icyphy/ptII/ptolemy/actor/lib/test/auto/ConfigurationSwitchSelectSDF.xml
4 ms. Memory: 293888K Free: 128497K (44%)
----------------- Invoking toplevel() on ptolemy.moml.MoMLSimpleApplication@1c1f2207
----------------- Done invoking toplevel() on ptolemy.moml.MoMLSimpleApplication@1c1f2207
reloadAllAccessors: .ConfigurationSwitchSelectSDF

===========================================================================================
----------------- testing Fri Jul 19 06:57:49 UTC 2019 /home/travis/build/icyphy/ptII/ptolemy/actor/lib/test/auto/ConfigurationSwitchSelectSDF2.xml
----------------- Instantiating /home/travis/build/icyphy/ptII/ptolemy/actor/lib/test/auto/ConfigurationSwitchSelectSDF2.xml
2 ms. Memory: 293888K Free: 122353K (42%)
----------------- Invoking toplevel() on ptolemy.moml.MoMLSimpleApplication@7c91fc26
----------------- Done invoking toplevel() on ptolemy.moml.MoMLSimpleApplication@7c91fc26
reloadAllAccessors: .ConfigurationSwitchSelectSDF2

===========================================================================================
----------------- testing Fri Jul 19 06:57:49 UTC 2019 /home/travis/build/icyphy/ptII/ptolemy/actor/lib/test/auto/Const.xml
----------------- Instantiating /home/travis/build/icyphy/ptII/ptolemy/actor/lib/test/auto/Const.xml
1 ms. Memory: 293888K Free: 118767K (40%)
----------------- Invoking toplevel() on ptolemy.moml.MoMLSimpleApplication@43f61373
----------------- Done invoking toplevel() on ptolemy.moml.MoMLSimpleApplication@43f61373
reloadAllAccessors: .Const

===========================================================================================
----------------- testing Fri Jul 19 06:57:49 UTC 2019 /home/travis/build/icyphy/ptII/ptolemy/actor/lib/test/auto/Const2.xml
----------------- Instantiating /home/travis/build/icyphy/ptII/ptolemy/actor/lib/test/auto/Const2.xml
1 ms. Memory: 293888K Free: 115185K (39%)
----------------- Invoking toplevel() on ptolemy.moml.MoMLSimpleApplication@5527bf31
----------------- Done invoking toplevel() on ptolemy.moml.MoMLSimpleApplication@5527bf31
reloadAllAccessors: .Const2

===========================================================================================
----------------- testing Fri Jul 19 06:57:49 UTC 2019 /home/travis/build/icyphy/ptII/ptolemy/actor/lib/test/auto/Const3.xml
----------------- Instantiating /home/travis/build/icyphy/ptII/ptolemy/actor/lib/test/auto/Const3.xml
1 ms. Memory: 293888K Free: 112113K (38%)
----------------- Invoking toplevel() on ptolemy.moml.MoMLSimpleApplication@32b17f41
----------------- Done invoking toplevel() on ptolemy.moml.MoMLSimpleApplication@32b17f41
reloadAllAccessors: .Const3

===========================================================================================
----------------- testing Fri Jul 19 06:57:49 UTC 2019 /home/travis/build/icyphy/ptII/ptolemy/actor/lib/test/auto/ConstantPublisherPort1.xml
----------------- Instantiating /home/travis/build/icyphy/ptII/ptolemy/actor/lib/test/auto/ConstantPublisherPort1.xml
6 ms. Memory: 293888K Free: 103921K (35%)
----------------- Invoking toplevel() on ptolemy.moml.MoMLSimpleApplication@3cc21699
----------------- Done invoking toplevel() on ptolemy.moml.MoMLSimpleApplication@3cc21699
reloadAllAccessors: .ConstantPublisherPort1

===========================================================================================
----------------- testing Fri Jul 19 06:57:49 UTC 2019 /home/travis/build/icyphy/ptII/ptolemy/actor/lib/test/auto/ConstantPublisherPort2.xml
----------------- Instantiating /home/travis/build/icyphy/ptII/ptolemy/actor/lib/test/auto/ConstantPublisherPort2.xml
11 ms. Memory: 293888K Free: 95729K (33%)
----------------- Invoking toplevel() on ptolemy.moml.MoMLSimpleApplication@7c1fdc3f
----------------- Done invoking toplevel() on ptolemy.moml.MoMLSimpleApplication@7c1fdc3f
reloadAllAccessors: .ConstantPublisherPort2

===========================================================================================
----------------- testing Fri Jul 19 06:57:49 UTC 2019 /home/travis/build/icyphy/ptII/ptolemy/actor/lib/test/auto/ConstantPublisherPort3.xml
----------------- Instantiating /home/travis/build/icyphy/ptII/ptolemy/actor/lib/test/auto/ConstantPublisherPort3.xml
7 ms. Memory: 293888K Free: 88047K (30%)
----------------- Invoking toplevel() on ptolemy.moml.MoMLSimpleApplication@3e5e5aca
----------------- Done invoking toplevel() on ptolemy.moml.MoMLSimpleApplication@3e5e5aca
reloadAllAccessors: .ConstantPublisherPort3

===========================================================================================
----------------- testing Fri Jul 19 06:57:49 UTC 2019 /home/travis/build/icyphy/ptII/ptolemy/actor/lib/test/auto/ConstantPublisherPort4.xml
----------------- Instantiating /home/travis/build/icyphy/ptII/ptolemy/actor/lib/test/auto/ConstantPublisherPort4.xml
3 ms. Memory: 293888K Free: 81393K (28%)
----------------- Invoking toplevel() on ptolemy.moml.MoMLSimpleApplication@5a88ce51
----------------- Done invoking toplevel() on ptolemy.moml.MoMLSimpleApplication@5a88ce51
reloadAllAccessors: .ConstantPublisherPort4

===========================================================================================
----------------- testing Fri Jul 19 06:57:49 UTC 2019 /home/travis/build/icyphy/ptII/ptolemy/actor/lib/test/auto/ConstantPublisherPort5.xml
----------------- Instantiating /home/travis/build/icyphy/ptII/ptolemy/actor/lib/test/auto/ConstantPublisherPort5.xml
27 ms. Memory: 293888K Free: 244998K (83%)
----------------- Invoking toplevel() on ptolemy.moml.MoMLSimpleApplication@5352aeb3
----------------- Done invoking toplevel() on ptolemy.moml.MoMLSimpleApplication@5352aeb3
reloadAllAccessors: .ConstantPublisherPort5

===========================================================================================
----------------- testing Fri Jul 19 06:57:49 UTC 2019 /home/travis/build/icyphy/ptII/ptolemy/actor/lib/test/auto/ConstantPublisherPort6.xml
----------------- Instantiating /home/travis/build/icyphy/ptII/ptolemy/actor/lib/test/auto/ConstantPublisherPort6.xml
19 ms. Memory: 293888K Free: 235268K (80%)
----------------- Invoking toplevel() on ptolemy.moml.MoMLSimpleApplication@5b1faa7d
----------------- Done invoking toplevel() on ptolemy.moml.MoMLSimpleApplication@5b1faa7d
reloadAllAccessors: .ConstantPublisherPort6

===========================================================================================
----------------- testing Fri Jul 19 06:57:49 UTC 2019 /home/travis/build/icyphy/ptII/ptolemy/actor/lib/test/auto/ConstantPublisherPort7.xml
----------------- Instantiating /home/travis/build/icyphy/ptII/ptolemy/actor/lib/test/auto/ConstantPublisherPort7.xml
18 ms. Memory: 293888K Free: 226566K (77%)
----------------- Invoking toplevel() on ptolemy.moml.MoMLSimpleApplication@34ecdc6c
----------------- Done invoking toplevel() on ptolemy.moml.MoMLSimpleApplication@34ecdc6c
reloadAllAccessors: .ConstantPublisherPort7

===========================================================================================
----------------- testing Fri Jul 19 06:57:49 UTC 2019 /home/travis/build/icyphy/ptII/ptolemy/actor/lib/test/auto/ConstraintMonitor1.xml
----------------- Instantiating /home/travis/build/icyphy/ptII/ptolemy/actor/lib/test/auto/ConstraintMonitor1.xml
9 ms. Memory: 293888K Free: 221446K (75%)
----------------- Invoking toplevel() on ptolemy.moml.MoMLSimpleApplication@25f2a6a6
----------------- Done invoking toplevel() on ptolemy.moml.MoMLSimpleApplication@25f2a6a6
reloadAllAccessors: .ConstraintMonitor1

===========================================================================================
----------------- testing Fri Jul 19 06:57:49 UTC 2019 /home/travis/build/icyphy/ptII/ptolemy/actor/lib/test/auto/ConstraintMonitor2.xml
----------------- Instantiating /home/travis/build/icyphy/ptII/ptolemy/actor/lib/test/auto/ConstraintMonitor2.xml
9 ms. Memory: 293888K Free: 216326K (74%)
----------------- Invoking toplevel() on ptolemy.moml.MoMLSimpleApplication@5cb315d7
----------------- Done invoking toplevel() on ptolemy.moml.MoMLSimpleApplication@5cb315d7
reloadAllAccessors: .ConstraintMonitor2

===========================================================================================
----------------- testing Fri Jul 19 06:57:49 UTC 2019 /home/travis/build/icyphy/ptII/ptolemy/actor/lib/test/auto/ConstraintMonitor3.xml
----------------- Instantiating /home/travis/build/icyphy/ptII/ptolemy/actor/lib/test/auto/ConstraintMonitor3.xml
2 ms. Memory: 293888K Free: 212230K (72%)
----------------- Invoking toplevel() on ptolemy.moml.MoMLSimpleApplication@45c433fa
----------------- Done invoking toplevel() on ptolemy.moml.MoMLSimpleApplication@45c433fa
reloadAllAccessors: .ConstraintMonitor3

===========================================================================================
----------------- testing Fri Jul 19 06:57:49 UTC 2019 /home/travis/build/icyphy/ptII/ptolemy/actor/lib/test/auto/ConstraintMonitor4.xml
----------------- Instantiating /home/travis/build/icyphy/ptII/ptolemy/actor/lib/test/auto/ConstraintMonitor4.xml
1 ms. Memory: 293888K Free: 207110K (70%)
----------------- Invoking toplevel() on ptolemy.moml.MoMLSimpleApplication@4fc34a62
----------------- Done invoking toplevel() on ptolemy.moml.MoMLSimpleApplication@4fc34a62
reloadAllAccessors: .ConstraintMonitor4

===========================================================================================
----------------- testing Fri Jul 19 06:57:49 UTC 2019 /home/travis/build/icyphy/ptII/ptolemy/actor/lib/test/auto/ConstraintMonitor5.xml
----------------- Instantiating /home/travis/build/icyphy/ptII/ptolemy/actor/lib/test/auto/ConstraintMonitor5.xml
1 ms. Memory: 293888K Free: 201476K (69%)
----------------- Invoking toplevel() on ptolemy.moml.MoMLSimpleApplication@43cb8ee2
----------------- Done invoking toplevel() on ptolemy.moml.MoMLSimpleApplication@43cb8ee2
reloadAllAccessors: .ConstraintMonitor5

===========================================================================================
----------------- testing Fri Jul 19 06:57:49 UTC 2019 /home/travis/build/icyphy/ptII/ptolemy/actor/lib/test/auto/ConstraintMonitor6.xml
----------------- Instantiating /home/travis/build/icyphy/ptII/ptolemy/actor/lib/test/auto/ConstraintMonitor6.xml
2 ms. Memory: 293888K Free: 195846K (67%)
----------------- Invoking toplevel() on ptolemy.moml.MoMLSimpleApplication@9fc5209
----------------- Done invoking toplevel() on ptolemy.moml.MoMLSimpleApplication@9fc5209
reloadAllAccessors: .ConstraintMonitor6

===========================================================================================
----------------- testing Fri Jul 19 06:57:49 UTC 2019 /home/travis/build/icyphy/ptII/ptolemy/actor/lib/test/auto/ConstraintMonitor7.xml
----------------- Instantiating /home/travis/build/icyphy/ptII/ptolemy/actor/lib/test/auto/ConstraintMonitor7.xml
4 ms. Memory: 293888K Free: 189182K (64%)
----------------- Invoking toplevel() on ptolemy.moml.MoMLSimpleApplication@43bc9172
----------------- Done invoking toplevel() on ptolemy.moml.MoMLSimpleApplication@43bc9172
reloadAllAccessors: .ConstraintMonitor7

===========================================================================================
----------------- testing Fri Jul 19 06:57:49 UTC 2019 /home/travis/build/icyphy/ptII/ptolemy/actor/lib/test/auto/ConstraintMonitor8.xml
----------------- Instantiating /home/travis/build/icyphy/ptII/ptolemy/actor/lib/test/auto/ConstraintMonitor8.xml
6 ms. Memory: 293888K Free: 181510K (62%)
----------------- Invoking toplevel() on ptolemy.moml.MoMLSimpleApplication@56d8e3ee
----------------- Done invoking toplevel() on ptolemy.moml.MoMLSimpleApplication@56d8e3ee
reloadAllAccessors: .ConstraintMonitor8

===========================================================================================
----------------- testing Fri Jul 19 06:57:49 UTC 2019 /home/travis/build/icyphy/ptII/ptolemy/actor/lib/test/auto/Counter.xml
----------------- Instantiating /home/travis/build/icyphy/ptII/ptolemy/actor/lib/test/auto/Counter.xml
2 ms. Memory: 293888K Free: 176390K (60%)
----------------- Invoking toplevel() on ptolemy.moml.MoMLSimpleApplication@4ed4033b
----------------- Done invoking toplevel() on ptolemy.moml.MoMLSimpleApplication@4ed4033b
reloadAllAccessors: .Counter

===========================================================================================
----------------- testing Fri Jul 19 06:57:49 UTC 2019 /home/travis/build/icyphy/ptII/ptolemy/actor/lib/test/auto/CurrentTimeSDF.xml
----------------- Instantiating /home/travis/build/icyphy/ptII/ptolemy/actor/lib/test/auto/CurrentTimeSDF.xml
1 ms. Memory: 293888K Free: 172804K (59%)
----------------- Invoking toplevel() on ptolemy.moml.MoMLSimpleApplication@2c1a2936
----------------- Done invoking toplevel() on ptolemy.moml.MoMLSimpleApplication@2c1a2936
reloadAllAccessors: .CurrentTimeSDF

===========================================================================================
----------------- testing Fri Jul 19 06:57:49 UTC 2019 /home/travis/build/icyphy/ptII/ptolemy/actor/lib/test/auto/DB.xml
----------------- Instantiating /home/travis/build/icyphy/ptII/ptolemy/actor/lib/test/auto/DB.xml
4 ms. Memory: 293888K Free: 167174K (57%)
----------------- Invoking toplevel() on ptolemy.moml.MoMLSimpleApplication@13da3419
----------------- Done invoking toplevel() on ptolemy.moml.MoMLSimpleApplication@13da3419
reloadAllAccessors: .DB

===========================================================================================
----------------- testing Fri Jul 19 06:57:49 UTC 2019 /home/travis/build/icyphy/ptII/ptolemy/actor/lib/test/auto/DBDE.xml
----------------- Instantiating /home/travis/build/icyphy/ptII/ptolemy/actor/lib/test/auto/DBDE.xml
2 ms. Memory: 293888K Free: 161030K (55%)
----------------- Invoking toplevel() on ptolemy.moml.MoMLSimpleApplication@6dc28f3d
----------------- Done invoking toplevel() on ptolemy.moml.MoMLSimpleApplication@6dc28f3d
reloadAllAccessors: .DBDE

===========================================================================================
----------------- testing Fri Jul 19 06:57:49 UTC 2019 /home/travis/build/icyphy/ptII/ptolemy/actor/lib/test/auto/DateConstructor.xml
----------------- Instantiating /home/travis/build/icyphy/ptII/ptolemy/actor/lib/test/auto/DateConstructor.xml
35 ms. Memory: 293888K Free: 143622K (49%)
----------------- Invoking toplevel() on ptolemy.moml.MoMLSimpleApplication@2703d8e0
----------------- Done invoking toplevel() on ptolemy.moml.MoMLSimpleApplication@2703d8e0
reloadAllAccessors: .DateConstructor

===========================================================================================
----------------- testing Fri Jul 19 06:57:49 UTC 2019 /home/travis/build/icyphy/ptII/ptolemy/actor/lib/test/auto/DelayTime.xml
----------------- Instantiating /home/travis/build/icyphy/ptII/ptolemy/actor/lib/test/auto/DelayTime.xml
4 ms. Memory: 293888K Free: 138502K (47%)
----------------- Invoking toplevel() on ptolemy.moml.MoMLSimpleApplication@16ad6bbb
----------------- Done invoking toplevel() on ptolemy.moml.MoMLSimpleApplication@16ad6bbb
reloadAllAccessors: .DelayTime

===========================================================================================
----------------- testing Fri Jul 19 06:57:49 UTC 2019 /home/travis/build/icyphy/ptII/ptolemy/actor/lib/test/auto/Dictionary1.xml
----------------- Instantiating /home/travis/build/icyphy/ptII/ptolemy/actor/lib/test/auto/Dictionary1.xml
1 ms. Memory: 293888K Free: 132868K (45%)
----------------- Invoking toplevel() on ptolemy.moml.MoMLSimpleApplication@31544b35
----------------- Done invoking toplevel() on ptolemy.moml.MoMLSimpleApplication@31544b35
reloadAllAccessors: .Dictionary1

===========================================================================================
----------------- testing Fri Jul 19 06:57:49 UTC 2019 /home/travis/build/icyphy/ptII/ptolemy/actor/lib/test/auto/Dictionary2.xml
----------------- Instantiating /home/travis/build/icyphy/ptII/ptolemy/actor/lib/test/auto/Dictionary2.xml
2 ms. Memory: 293888K Free: 127748K (43%)
----------------- Invoking toplevel() on ptolemy.moml.MoMLSimpleApplication@576adcfc
----------------- Done invoking toplevel() on ptolemy.moml.MoMLSimpleApplication@576adcfc
reloadAllAccessors: .Dictionary2

===========================================================================================
----------------- testing Fri Jul 19 06:57:49 UTC 2019 /home/travis/build/icyphy/ptII/ptolemy/actor/lib/test/auto/Dictionary3.xml
----------------- Instantiating /home/travis/build/icyphy/ptII/ptolemy/actor/lib/test/auto/Dictionary3.xml
3 ms. Memory: 293888K Free: 122118K (42%)
----------------- Invoking toplevel() on ptolemy.moml.MoMLSimpleApplication@a91125b
----------------- Done invoking toplevel() on ptolemy.moml.MoMLSimpleApplication@a91125b
reloadAllAccessors: .Dictionary3

===========================================================================================
----------------- testing Fri Jul 19 06:57:49 UTC 2019 /home/travis/build/icyphy/ptII/ptolemy/actor/lib/test/auto/Dictionary4.xml
----------------- Instantiating /home/travis/build/icyphy/ptII/ptolemy/actor/lib/test/auto/Dictionary4.xml
2 ms. Memory: 293888K Free: 114950K (39%)
----------------- Invoking toplevel() on ptolemy.moml.MoMLSimpleApplication@25837a94
----------------- Done invoking toplevel() on ptolemy.moml.MoMLSimpleApplication@25837a94
reloadAllAccessors: .Dictionary4

===========================================================================================
----------------- testing Fri Jul 19 06:57:49 UTC 2019 /home/travis/build/icyphy/ptII/ptolemy/actor/lib/test/auto/Differential.xml
----------------- Instantiating /home/travis/build/icyphy/ptII/ptolemy/actor/lib/test/auto/Differential.xml
2 ms. Memory: 293888K Free: 110340K (38%)
----------------- Invoking toplevel() on ptolemy.moml.MoMLSimpleApplication@a795d34
----------------- Done invoking toplevel() on ptolemy.moml.MoMLSimpleApplication@a795d34
reloadAllAccessors: .Differential

===========================================================================================
----------------- testing Fri Jul 19 06:57:49 UTC 2019 /home/travis/build/icyphy/ptII/ptolemy/actor/lib/test/auto/Director.xml
----------------- Instantiating /home/travis/build/icyphy/ptII/ptolemy/actor/lib/test/auto/Director.xml
1 ms. Memory: 293888K Free: 107268K (36%)
----------------- Invoking toplevel() on ptolemy.moml.MoMLSimpleApplication@2a94b975
----------------- Done invoking toplevel() on ptolemy.moml.MoMLSimpleApplication@2a94b975
reloadAllAccessors: .Director

===========================================================================================
----------------- testing Fri Jul 19 06:57:49 UTC 2019 /home/travis/build/icyphy/ptII/ptolemy/actor/lib/test/auto/DiscreteClock.xml
----------------- Instantiating /home/travis/build/icyphy/ptII/ptolemy/actor/lib/test/auto/DiscreteClock.xml
2 ms. Memory: 293888K Free: 103172K (35%)
----------------- Invoking toplevel() on ptolemy.moml.MoMLSimpleApplication@dca1752
----------------- Done invoking toplevel() on ptolemy.moml.MoMLSimpleApplication@dca1752
reloadAllAccessors: .DiscreteClock

===========================================================================================
----------------- testing Fri Jul 19 06:57:50 UTC 2019 /home/travis/build/icyphy/ptII/ptolemy/actor/lib/test/auto/DiscreteClock10.xml
----------------- Instantiating /home/travis/build/icyphy/ptII/ptolemy/actor/lib/test/auto/DiscreteClock10.xml
3 ms. Memory: 293888K Free: 97028K (33%)
----------------- Invoking toplevel() on ptolemy.moml.MoMLSimpleApplication@4dfa37bc
----------------- Done invoking toplevel() on ptolemy.moml.MoMLSimpleApplication@4dfa37bc
reloadAllAccessors: .DiscreteClock10

===========================================================================================
----------------- testing Fri Jul 19 06:57:50 UTC 2019 /home/travis/build/icyphy/ptII/ptolemy/actor/lib/test/auto/DiscreteClock11.xml
----------------- Instantiating /home/travis/build/icyphy/ptII/ptolemy/actor/lib/test/auto/DiscreteClock11.xml
2 ms. Memory: 293888K Free: 91398K (31%)
----------------- Invoking toplevel() on ptolemy.moml.MoMLSimpleApplication@1dd9409a
----------------- Done invoking toplevel() on ptolemy.moml.MoMLSimpleApplication@1dd9409a
reloadAllAccessors: .DiscreteClock11

===========================================================================================
----------------- testing Fri Jul 19 06:57:50 UTC 2019 /home/travis/build/icyphy/ptII/ptolemy/actor/lib/test/auto/DiscreteClock12.xml
----------------- Instantiating /home/travis/build/icyphy/ptII/ptolemy/actor/lib/test/auto/DiscreteClock12.xml
3 ms. Memory: 293888K Free: 85254K (29%)
----------------- Invoking toplevel() on ptolemy.moml.MoMLSimpleApplication@4db02a83
----------------- Done invoking toplevel() on ptolemy.moml.MoMLSimpleApplication@4db02a83
reloadAllAccessors: .DiscreteClock12

===========================================================================================
----------------- testing Fri Jul 19 06:57:50 UTC 2019 /home/travis/build/icyphy/ptII/ptolemy/actor/lib/test/auto/DiscreteClock13.xml
----------------- Instantiating /home/travis/build/icyphy/ptII/ptolemy/actor/lib/test/auto/DiscreteClock13.xml
5 ms. Memory: 293888K Free: 79110K (27%)
----------------- Invoking toplevel() on ptolemy.moml.MoMLSimpleApplication@799c3844
----------------- Done invoking toplevel() on ptolemy.moml.MoMLSimpleApplication@799c3844
reloadAllAccessors: .DiscreteClock13

===========================================================================================
----------------- testing Fri Jul 19 06:57:50 UTC 2019 /home/travis/build/icyphy/ptII/ptolemy/actor/lib/test/auto/DiscreteClock14.xml
----------------- Instantiating /home/travis/build/icyphy/ptII/ptolemy/actor/lib/test/auto/DiscreteClock14.xml
5 ms. Memory: 293888K Free: 72966K (25%)
----------------- Invoking toplevel() on ptolemy.moml.MoMLSimpleApplication@4b80ad4a
----------------- Done invoking toplevel() on ptolemy.moml.MoMLSimpleApplication@4b80ad4a
reloadAllAccessors: .DiscreteClock14

===========================================================================================
----------------- testing Fri Jul 19 06:57:50 UTC 2019 /home/travis/build/icyphy/ptII/ptolemy/actor/lib/test/auto/DiscreteClock15.xml
----------------- Instantiating /home/travis/build/icyphy/ptII/ptolemy/actor/lib/test/auto/DiscreteClock15.xml
5 ms. Memory: 293888K Free: 241207K (82%)
----------------- Invoking toplevel() on ptolemy.moml.MoMLSimpleApplication@2f8366d7
----------------- Done invoking toplevel() on ptolemy.moml.MoMLSimpleApplication@2f8366d7
reloadAllAccessors: .DiscreteClock15

===========================================================================================
----------------- testing Fri Jul 19 06:57:50 UTC 2019 /home/travis/build/icyphy/ptII/ptolemy/actor/lib/test/auto/DiscreteClock16.xml
----------------- Instantiating /home/travis/build/icyphy/ptII/ptolemy/actor/lib/test/auto/DiscreteClock16.xml
17 ms. Memory: 293888K Free: 227415K (77%)
----------------- Invoking toplevel() on ptolemy.moml.MoMLSimpleApplication@389605ac
----------------- Done invoking toplevel() on ptolemy.moml.MoMLSimpleApplication@389605ac
reloadAllAccessors: .DiscreteClock16

===========================================================================================
----------------- testing Fri Jul 19 06:57:50 UTC 2019 /home/travis/build/icyphy/ptII/ptolemy/actor/lib/test/auto/DiscreteClock17.xml
----------------- Instantiating /home/travis/build/icyphy/ptII/ptolemy/actor/lib/test/auto/DiscreteClock17.xml
17 ms. Memory: 293888K Free: 212559K (72%)
----------------- Invoking toplevel() on ptolemy.moml.MoMLSimpleApplication@2b277fe4
----------------- Done invoking toplevel() on ptolemy.moml.MoMLSimpleApplication@2b277fe4
reloadAllAccessors: .DiscreteClock17

===========================================================================================
----------------- testing Fri Jul 19 06:57:50 UTC 2019 /home/travis/build/icyphy/ptII/ptolemy/actor/lib/test/auto/DiscreteClock18.xml
----------------- Instantiating /home/travis/build/icyphy/ptII/ptolemy/actor/lib/test/auto/DiscreteClock18.xml
22 ms. Memory: 293888K Free: 198743K (68%)
----------------- Invoking toplevel() on ptolemy.moml.MoMLSimpleApplication@369e123b
----------------- Done invoking toplevel() on ptolemy.moml.MoMLSimpleApplication@369e123b
reloadAllAccessors: .DiscreteClock18

===========================================================================================
----------------- testing Fri Jul 19 06:57:50 UTC 2019 /home/travis/build/icyphy/ptII/ptolemy/actor/lib/test/auto/DiscreteClock19.xml
----------------- Instantiating /home/travis/build/icyphy/ptII/ptolemy/actor/lib/test/auto/DiscreteClock19.xml
19 ms. Memory: 293888K Free: 184903K (63%)
----------------- Invoking toplevel() on ptolemy.moml.MoMLSimpleApplication@27e4fb92
----------------- Done invoking toplevel() on ptolemy.moml.MoMLSimpleApplication@27e4fb92
reloadAllAccessors: .DiscreteClock19

===========================================================================================
----------------- testing Fri Jul 19 06:57:50 UTC 2019 /home/travis/build/icyphy/ptII/ptolemy/actor/lib/test/auto/DiscreteClock2.xml
----------------- Instantiating /home/travis/build/icyphy/ptII/ptolemy/actor/lib/test/auto/DiscreteClock2.xml
5 ms. Memory: 293888K Free: 180311K (61%)
----------------- Invoking toplevel() on ptolemy.moml.MoMLSimpleApplication@45355ec9
----------------- Done invoking toplevel() on ptolemy.moml.MoMLSimpleApplication@45355ec9
reloadAllAccessors: .DiscreteClock2

===========================================================================================
----------------- testing Fri Jul 19 06:57:50 UTC 2019 /home/travis/build/icyphy/ptII/ptolemy/actor/lib/test/auto/DiscreteClock20.xml
----------------- Instantiating /home/travis/build/icyphy/ptII/ptolemy/actor/lib/test/auto/DiscreteClock20.xml
10 ms. Memory: 293888K Free: 174677K (59%)
----------------- Invoking toplevel() on ptolemy.moml.MoMLSimpleApplication@49cd9642
----------------- Done invoking toplevel() on ptolemy.moml.MoMLSimpleApplication@49cd9642
reloadAllAccessors: .DiscreteClock20

===========================================================================================
----------------- testing Fri Jul 19 06:57:50 UTC 2019 /home/travis/build/icyphy/ptII/ptolemy/actor/lib/test/auto/DiscreteClock21.xml
----------------- Instantiating /home/travis/build/icyphy/ptII/ptolemy/actor/lib/test/auto/DiscreteClock21.xml
6 ms. Memory: 293888K Free: 169047K (58%)
----------------- Invoking toplevel() on ptolemy.moml.MoMLSimpleApplication@654b7fb8
----------------- Done invoking toplevel() on ptolemy.moml.MoMLSimpleApplication@654b7fb8
reloadAllAccessors: .DiscreteClock21

===========================================================================================
----------------- testing Fri Jul 19 06:57:50 UTC 2019 /home/travis/build/icyphy/ptII/ptolemy/actor/lib/test/auto/DiscreteClock22.xml
----------------- Instantiating /home/travis/build/icyphy/ptII/ptolemy/actor/lib/test/auto/DiscreteClock22.xml
6 ms. Memory: 293888K Free: 163413K (56%)
----------------- Invoking toplevel() on ptolemy.moml.MoMLSimpleApplication@3fd85bad
----------------- Done invoking toplevel() on ptolemy.moml.MoMLSimpleApplication@3fd85bad
reloadAllAccessors: .DiscreteClock22

===========================================================================================
----------------- testing Fri Jul 19 06:57:50 UTC 2019 /home/travis/build/icyphy/ptII/ptolemy/actor/lib/test/auto/DiscreteClock23.xml
----------------- Instantiating /home/travis/build/icyphy/ptII/ptolemy/actor/lib/test/auto/DiscreteClock23.xml
5 ms. Memory: 293888K Free: 158293K (54%)
----------------- Invoking toplevel() on ptolemy.moml.MoMLSimpleApplication@6a3d913f
----------------- Done invoking toplevel() on ptolemy.moml.MoMLSimpleApplication@6a3d913f
reloadAllAccessors: .DiscreteClock23

===========================================================================================
----------------- testing Fri Jul 19 06:57:50 UTC 2019 /home/travis/build/icyphy/ptII/ptolemy/actor/lib/test/auto/DiscreteClock24.xml
----------------- Instantiating /home/travis/build/icyphy/ptII/ptolemy/actor/lib/test/auto/DiscreteClock24.xml
2 ms. Memory: 293888K Free: 152663K (52%)
----------------- Invoking toplevel() on ptolemy.moml.MoMLSimpleApplication@10702d05
----------------- Done invoking toplevel() on ptolemy.moml.MoMLSimpleApplication@10702d05
reloadAllAccessors: .DiscreteClock24

===========================================================================================
----------------- testing Fri Jul 19 06:57:50 UTC 2019 /home/travis/build/icyphy/ptII/ptolemy/actor/lib/test/auto/DiscreteClock4.xml
----------------- Instantiating /home/travis/build/icyphy/ptII/ptolemy/actor/lib/test/auto/DiscreteClock4.xml
1 ms. Memory: 293888K Free: 147015K (50%)
----------------- Invoking toplevel() on ptolemy.moml.MoMLSimpleApplication@7b7959f5
----------------- Done invoking toplevel() on ptolemy.moml.MoMLSimpleApplication@7b7959f5
reloadAllAccessors: .DiscreteClock4

===========================================================================================
----------------- testing Fri Jul 19 06:57:50 UTC 2019 /home/travis/build/icyphy/ptII/ptolemy/actor/lib/test/auto/DiscreteClock5.xml
----------------- Instantiating /home/travis/build/icyphy/ptII/ptolemy/actor/lib/test/auto/DiscreteClock5.xml
1 ms. Memory: 293888K Free: 141399K (48%)
----------------- Invoking toplevel() on ptolemy.moml.MoMLSimpleApplication@699ffe49
----------------- Done invoking toplevel() on ptolemy.moml.MoMLSimpleApplication@699ffe49
reloadAllAccessors: .DiscreteClock5

===========================================================================================
----------------- testing Fri Jul 19 06:57:50 UTC 2019 /home/travis/build/icyphy/ptII/ptolemy/actor/lib/test/auto/DiscreteClock6.xml
----------------- Instantiating /home/travis/build/icyphy/ptII/ptolemy/actor/lib/test/auto/DiscreteClock6.xml
1 ms. Memory: 293888K Free: 137799K (47%)
----------------- Invoking toplevel() on ptolemy.moml.MoMLSimpleApplication@2dc699b3
----------------- Done invoking toplevel() on ptolemy.moml.MoMLSimpleApplication@2dc699b3
reloadAllAccessors: .DiscreteClock6

===========================================================================================
----------------- testing Fri Jul 19 06:57:50 UTC 2019 /home/travis/build/icyphy/ptII/ptolemy/actor/lib/test/auto/DiscreteClock7.xml
----------------- Instantiating /home/travis/build/icyphy/ptII/ptolemy/actor/lib/test/auto/DiscreteClock7.xml
2 ms. Memory: 293888K Free: 132693K (45%)
----------------- Invoking toplevel() on ptolemy.moml.MoMLSimpleApplication@68c046f0
----------------- Done invoking toplevel() on ptolemy.moml.MoMLSimpleApplication@68c046f0
reloadAllAccessors: .DiscreteClock7

===========================================================================================
----------------- testing Fri Jul 19 06:57:50 UTC 2019 /home/travis/build/icyphy/ptII/ptolemy/actor/lib/test/auto/DiscreteClock8.xml
----------------- Instantiating /home/travis/build/icyphy/ptII/ptolemy/actor/lib/test/auto/DiscreteClock8.xml
2 ms. Memory: 293888K Free: 127063K (43%)
----------------- Invoking toplevel() on ptolemy.moml.MoMLSimpleApplication@1e02c7fe
----------------- Done invoking toplevel() on ptolemy.moml.MoMLSimpleApplication@1e02c7fe
reloadAllAccessors: .DiscreteClock8

===========================================================================================
----------------- testing Fri Jul 19 06:57:50 UTC 2019 /home/travis/build/icyphy/ptII/ptolemy/actor/lib/test/auto/DiscreteClock9.xml
----------------- Instantiating /home/travis/build/icyphy/ptII/ptolemy/actor/lib/test/auto/DiscreteClock9.xml
2 ms. Memory: 293888K Free: 120919K (41%)
----------------- Invoking toplevel() on ptolemy.moml.MoMLSimpleApplication@1335ffe9
----------------- Done invoking toplevel() on ptolemy.moml.MoMLSimpleApplication@1335ffe9
reloadAllAccessors: .DiscreteClock9

===========================================================================================
----------------- testing Fri Jul 19 06:57:50 UTC 2019 /home/travis/build/icyphy/ptII/ptolemy/actor/lib/test/auto/DisplayArray.xml
----------------- Instantiating /home/travis/build/icyphy/ptII/ptolemy/actor/lib/test/auto/DisplayArray.xml
2 ms. Memory: 293888K Free: 117333K (40%)
----------------- Invoking toplevel() on ptolemy.moml.MoMLSimpleApplication@454a13b5
----------------- Done invoking toplevel() on ptolemy.moml.MoMLSimpleApplication@454a13b5
reloadAllAccessors: .DisplayArray

===========================================================================================
----------------- testing Fri Jul 19 06:57:50 UTC 2019 /home/travis/build/icyphy/ptII/ptolemy/actor/lib/test/auto/Distributor.xml
----------------- Instantiating /home/travis/build/icyphy/ptII/ptolemy/actor/lib/test/auto/Distributor.xml
1 ms. Memory: 293888K Free: 112727K (38%)
----------------- Invoking toplevel() on ptolemy.moml.MoMLSimpleApplication@69dd280e
----------------- Done invoking toplevel() on ptolemy.moml.MoMLSimpleApplication@69dd280e
reloadAllAccessors: .Distributor

===========================================================================================
----------------- testing Fri Jul 19 06:57:50 UTC 2019 /home/travis/build/icyphy/ptII/ptolemy/actor/lib/test/auto/Distributor2.xml
----------------- Instantiating /home/travis/build/icyphy/ptII/ptolemy/actor/lib/test/auto/Distributor2.xml
2 ms. Memory: 293888K Free: 107607K (37%)
----------------- Invoking toplevel() on ptolemy.moml.MoMLSimpleApplication@79339ced
----------------- Done invoking toplevel() on ptolemy.moml.MoMLSimpleApplication@79339ced
reloadAllAccessors: .Distributor2

===========================================================================================
----------------- testing Fri Jul 19 06:57:50 UTC 2019 /home/travis/build/icyphy/ptII/ptolemy/actor/lib/test/auto/DownSample.xml
----------------- Instantiating /home/travis/build/icyphy/ptII/ptolemy/actor/lib/test/auto/DownSample.xml
1 ms. Memory: 293888K Free: 102997K (35%)
----------------- Invoking toplevel() on ptolemy.moml.MoMLSimpleApplication@35df3cbe
----------------- Done invoking toplevel() on ptolemy.moml.MoMLSimpleApplication@35df3cbe
reloadAllAccessors: .DownSample

===========================================================================================
----------------- testing Fri Jul 19 06:57:50 UTC 2019 /home/travis/build/icyphy/ptII/ptolemy/actor/lib/test/auto/ElectronicUnitBase1.xml
----------------- Instantiating /home/travis/build/icyphy/ptII/ptolemy/actor/lib/test/auto/ElectronicUnitBase1.xml
20 ms. Memory: 293888K Free: 86613K (29%)
----------------- Invoking toplevel() on ptolemy.moml.MoMLSimpleApplication@1c79e830
----------------- Done invoking toplevel() on ptolemy.moml.MoMLSimpleApplication@1c79e830
reloadAllAccessors: .ElectronicUnitBase1

===========================================================================================
----------------- testing Fri Jul 19 06:57:50 UTC 2019 /home/travis/build/icyphy/ptII/ptolemy/actor/lib/test/auto/ElementsToArray.xml
----------------- Instantiating /home/travis/build/icyphy/ptII/ptolemy/actor/lib/test/auto/ElementsToArray.xml
3 ms. Memory: 293888K Free: 81493K (28%)
----------------- Invoking toplevel() on ptolemy.moml.MoMLSimpleApplication@64cc1459
----------------- Done invoking toplevel() on ptolemy.moml.MoMLSimpleApplication@64cc1459
reloadAllAccessors: .ElementsToArray

===========================================================================================
----------------- testing Fri Jul 19 06:57:50 UTC 2019 /home/travis/build/icyphy/ptII/ptolemy/actor/lib/test/auto/Equals.xml
----------------- Instantiating /home/travis/build/icyphy/ptII/ptolemy/actor/lib/test/auto/Equals.xml
3 ms. Memory: 293888K Free: 77397K (26%)
----------------- Invoking toplevel() on ptolemy.moml.MoMLSimpleApplication@7d9fd7c9
----------------- Done invoking toplevel() on ptolemy.moml.MoMLSimpleApplication@7d9fd7c9
reloadAllAccessors: .Equals

===========================================================================================
----------------- testing Fri Jul 19 06:57:50 UTC 2019 /home/travis/build/icyphy/ptII/ptolemy/actor/lib/test/auto/Exec.xml
----------------- Instantiating /home/travis/build/icyphy/ptII/ptolemy/actor/lib/test/auto/Exec.xml
34 ms. Memory: 293888K Free: 244816K (83%)
----------------- Invoking toplevel() on ptolemy.moml.MoMLSimpleApplication@2c104aae
----------------- Done invoking toplevel() on ptolemy.moml.MoMLSimpleApplication@2c104aae
reloadAllAccessors: .Exec

===========================================================================================
----------------- testing Fri Jul 19 06:57:50 UTC 2019 /home/travis/build/icyphy/ptII/ptolemy/actor/lib/test/auto/ExecEnvironment.xml
----------------- Instantiating /home/travis/build/icyphy/ptII/ptolemy/actor/lib/test/auto/ExecEnvironment.xml
33 ms. Memory: 293888K Free: 238672K (81%)
----------------- Invoking toplevel() on ptolemy.moml.MoMLSimpleApplication@7f01daf7
----------------- Done invoking toplevel() on ptolemy.moml.MoMLSimpleApplication@7f01daf7
reloadAllAccessors: .ExecEnvironment

===========================================================================================
----------------- testing Fri Jul 19 06:57:50 UTC 2019 /home/travis/build/icyphy/ptII/ptolemy/actor/lib/test/auto/ExecNonZeroReturnOutput.xml
----------------- Instantiating /home/travis/build/icyphy/ptII/ptolemy/actor/lib/test/auto/ExecNonZeroReturnOutput.xml
202 ms. Memory: 293888K Free: 227410K (77%)
----------------- Invoking toplevel() on ptolemy.moml.MoMLSimpleApplication@2cb6d34e
----------------- Done invoking toplevel() on ptolemy.moml.MoMLSimpleApplication@2cb6d34e
reloadAllAccessors: .ExecNonZeroReturnOutput

===========================================================================================
----------------- testing Fri Jul 19 06:57:51 UTC 2019 /home/travis/build/icyphy/ptII/ptolemy/actor/lib/test/auto/ExecRunDemos.xml
----------------- Instantiating /home/travis/build/icyphy/ptII/ptolemy/actor/lib/test/auto/ExecRunDemos.xml
Finished: 91 ms. Memory: 120832K Free: 104317K (86%)

Finished: 95 ms. Memory: 120832K Free: 109603K (91%)

Finished: 103 ms. Memory: 120832K Free: 110710K (92%)

Finished: 90 ms. Memory: 120832K Free: 103189K (85%)

Finished: 71 ms. Memory: 120832K Free: 104186K (86%)

10912 ms. Memory: 293888K Free: 206928K (70%)
----------------- Invoking toplevel() on ptolemy.moml.MoMLSimpleApplication@1fd3f915
----------------- Done invoking toplevel() on ptolemy.moml.MoMLSimpleApplication@1fd3f915
reloadAllAccessors: .ExecRunDemos

===========================================================================================
----------------- testing Fri Jul 19 06:58:02 UTC 2019 /home/travis/build/icyphy/ptII/ptolemy/actor/lib/test/auto/ExecStop.xml
----------------- Instantiating /home/travis/build/icyphy/ptII/ptolemy/actor/lib/test/auto/ExecStop.xml
5017 ms. Memory: 293888K Free: 84560K (29%)
----------------- Invoking toplevel() on ptolemy.moml.MoMLSimpleApplication@2035052
----------------- Done invoking toplevel() on ptolemy.moml.MoMLSimpleApplication@2035052
reloadAllAccessors: .ExecStop

===========================================================================================
----------------- testing Fri Jul 19 06:58:07 UTC 2019 /home/travis/build/icyphy/ptII/ptolemy/actor/lib/test/auto/ExecutionTimeSDF.xml
----------------- Instantiating /home/travis/build/icyphy/ptII/ptolemy/actor/lib/test/auto/ExecutionTimeSDF.xml
Fired ExecutionTime: 2114800000
Fired ExecutionTime: 1069200000
Fired ExecutionTime: -1090967296
6016 ms. Memory: 496640K Free: 447340K (90%)
----------------- Invoking toplevel() on ptolemy.moml.MoMLSimpleApplication@4300c5a7
----------------- Done invoking toplevel() on ptolemy.moml.MoMLSimpleApplication@4300c5a7
reloadAllAccessors: .ExecutionTimeSDF

===========================================================================================
----------------- testing Fri Jul 19 06:58:13 UTC 2019 /home/travis/build/icyphy/ptII/ptolemy/actor/lib/test/auto/Expression1.xml
----------------- Instantiating /home/travis/build/icyphy/ptII/ptolemy/actor/lib/test/auto/Expression1.xml
2 ms. Memory: 496640K Free: 443636K (89%)
----------------- Invoking toplevel() on ptolemy.moml.MoMLSimpleApplication@365c901f
----------------- Done invoking toplevel() on ptolemy.moml.MoMLSimpleApplication@365c901f
reloadAllAccessors: .Expression1

===========================================================================================
----------------- testing Fri Jul 19 06:58:13 UTC 2019 /home/travis/build/icyphy/ptII/ptolemy/actor/lib/test/auto/Expression10.xml
----------------- Instantiating /home/travis/build/icyphy/ptII/ptolemy/actor/lib/test/auto/Expression10.xml
9 ms. Memory: 496640K Free: 438006K (88%)
----------------- Invoking toplevel() on ptolemy.moml.MoMLSimpleApplication@10433841
----------------- Done invoking toplevel() on ptolemy.moml.MoMLSimpleApplication@10433841
reloadAllAccessors: .Expression10

===========================================================================================
----------------- testing Fri Jul 19 06:58:13 UTC 2019 /home/travis/build/icyphy/ptII/ptolemy/actor/lib/test/auto/Expression11.xml
----------------- Instantiating /home/travis/build/icyphy/ptII/ptolemy/actor/lib/test/auto/Expression11.xml
2 ms. Memory: 496640K Free: 433396K (87%)
----------------- Invoking toplevel() on ptolemy.moml.MoMLSimpleApplication@593ac7e4
----------------- Done invoking toplevel() on ptolemy.moml.MoMLSimpleApplication@593ac7e4
reloadAllAccessors: .Expression11

===========================================================================================
----------------- testing Fri Jul 19 06:58:13 UTC 2019 /home/travis/build/icyphy/ptII/ptolemy/actor/lib/test/auto/Expression12.xml
----------------- Instantiating /home/travis/build/icyphy/ptII/ptolemy/actor/lib/test/auto/Expression12.xml
4 ms. Memory: 496640K Free: 427766K (86%)
----------------- Invoking toplevel() on ptolemy.moml.MoMLSimpleApplication@6d2d1d07
----------------- Done invoking toplevel() on ptolemy.moml.MoMLSimpleApplication@6d2d1d07
reloadAllAccessors: .Expression12

===========================================================================================
----------------- testing Fri Jul 19 06:58:13 UTC 2019 /home/travis/build/icyphy/ptII/ptolemy/actor/lib/test/auto/Expression13.xml
----------------- Instantiating /home/travis/build/icyphy/ptII/ptolemy/actor/lib/test/auto/Expression13.xml
3 ms. Memory: 496640K Free: 423156K (85%)
----------------- Invoking toplevel() on ptolemy.moml.MoMLSimpleApplication@52d54437
----------------- Done invoking toplevel() on ptolemy.moml.MoMLSimpleApplication@52d54437
reloadAllAccessors: .Expression13

===========================================================================================
----------------- testing Fri Jul 19 06:58:13 UTC 2019 /home/travis/build/icyphy/ptII/ptolemy/actor/lib/test/auto/Expression14.xml
----------------- Instantiating /home/travis/build/icyphy/ptII/ptolemy/actor/lib/test/auto/Expression14.xml
8 ms. Memory: 496640K Free: 417012K (84%)
----------------- Invoking toplevel() on ptolemy.moml.MoMLSimpleApplication@770c62ae
----------------- Done invoking toplevel() on ptolemy.moml.MoMLSimpleApplication@770c62ae
reloadAllAccessors: .Expression14

===========================================================================================
----------------- testing Fri Jul 19 06:58:13 UTC 2019 /home/travis/build/icyphy/ptII/ptolemy/actor/lib/test/auto/Expression15.xml
----------------- Instantiating /home/travis/build/icyphy/ptII/ptolemy/actor/lib/test/auto/Expression15.xml
2 ms. Memory: 496640K Free: 412916K (83%)
----------------- Invoking toplevel() on ptolemy.moml.MoMLSimpleApplication@24b2d721
----------------- Done invoking toplevel() on ptolemy.moml.MoMLSimpleApplication@24b2d721
reloadAllAccessors: .Expression15

===========================================================================================
----------------- testing Fri Jul 19 06:58:13 UTC 2019 /home/travis/build/icyphy/ptII/ptolemy/actor/lib/test/auto/Expression16.xml
----------------- Instantiating /home/travis/build/icyphy/ptII/ptolemy/actor/lib/test/auto/Expression16.xml
4 ms. Memory: 496640K Free: 407796K (82%)
----------------- Invoking toplevel() on ptolemy.moml.MoMLSimpleApplication@31c2851b
----------------- Done invoking toplevel() on ptolemy.moml.MoMLSimpleApplication@31c2851b
reloadAllAccessors: .Expression16

===========================================================================================
----------------- testing Fri Jul 19 06:58:13 UTC 2019 /home/travis/build/icyphy/ptII/ptolemy/actor/lib/test/auto/Expression17.xml
----------------- Instantiating /home/travis/build/icyphy/ptII/ptolemy/actor/lib/test/auto/Expression17.xml
3 ms. Memory: 496640K Free: 402676K (81%)
----------------- Invoking toplevel() on ptolemy.moml.MoMLSimpleApplication@357c4498
----------------- Done invoking toplevel() on ptolemy.moml.MoMLSimpleApplication@357c4498
reloadAllAccessors: .Expression17

===========================================================================================
----------------- testing Fri Jul 19 06:58:13 UTC 2019 /home/travis/build/icyphy/ptII/ptolemy/actor/lib/test/auto/Expression18.xml
----------------- Instantiating /home/travis/build/icyphy/ptII/ptolemy/actor/lib/test/auto/Expression18.xml
4 ms. Memory: 496640K Free: 398070K (80%)
----------------- Invoking toplevel() on ptolemy.moml.MoMLSimpleApplication@775960c7
----------------- Done invoking toplevel() on ptolemy.moml.MoMLSimpleApplication@775960c7
reloadAllAccessors: .Expression18

===========================================================================================
----------------- testing Fri Jul 19 06:58:13 UTC 2019 /home/travis/build/icyphy/ptII/ptolemy/actor/lib/test/auto/Expression2.xml
----------------- Instantiating /home/travis/build/icyphy/ptII/ptolemy/actor/lib/test/auto/Expression2.xml
3 ms. Memory: 496640K Free: 392950K (79%)
----------------- Invoking toplevel() on ptolemy.moml.MoMLSimpleApplication@52436459
----------------- Done invoking toplevel() on ptolemy.moml.MoMLSimpleApplication@52436459
reloadAllAccessors: .Expression2

===========================================================================================
----------------- testing Fri Jul 19 06:58:13 UTC 2019 /home/travis/build/icyphy/ptII/ptolemy/actor/lib/test/auto/Expression3.xml
----------------- Instantiating /home/travis/build/icyphy/ptII/ptolemy/actor/lib/test/auto/Expression3.xml
6 ms. Memory: 496640K Free: 387830K (78%)
----------------- Invoking toplevel() on ptolemy.moml.MoMLSimpleApplication@3063a661
----------------- Done invoking toplevel() on ptolemy.moml.MoMLSimpleApplication@3063a661
reloadAllAccessors: .Expression3

===========================================================================================
----------------- testing Fri Jul 19 06:58:13 UTC 2019 /home/travis/build/icyphy/ptII/ptolemy/actor/lib/test/auto/Expression4.xml
----------------- Instantiating /home/travis/build/icyphy/ptII/ptolemy/actor/lib/test/auto/Expression4.xml
7 ms. Memory: 496640K Free: 380148K (77%)
----------------- Invoking toplevel() on ptolemy.moml.MoMLSimpleApplication@3c0459a1
----------------- Done invoking toplevel() on ptolemy.moml.MoMLSimpleApplication@3c0459a1
reloadAllAccessors: .Expression4

===========================================================================================
----------------- testing Fri Jul 19 06:58:13 UTC 2019 /home/travis/build/icyphy/ptII/ptolemy/actor/lib/test/auto/Expression5.xml
----------------- Instantiating /home/travis/build/icyphy/ptII/ptolemy/actor/lib/test/auto/Expression5.xml
4 ms. Memory: 496640K Free: 375028K (76%)
----------------- Invoking toplevel() on ptolemy.moml.MoMLSimpleApplication@4033bdeb
----------------- Done invoking toplevel() on ptolemy.moml.MoMLSimpleApplication@4033bdeb
reloadAllAccessors: .Expression5

===========================================================================================
----------------- testing Fri Jul 19 06:58:13 UTC 2019 /home/travis/build/icyphy/ptII/ptolemy/actor/lib/test/auto/Expression6.xml
----------------- Instantiating /home/travis/build/icyphy/ptII/ptolemy/actor/lib/test/auto/Expression6.xml
3 ms. Memory: 496640K Free: 370932K (75%)
----------------- Invoking toplevel() on ptolemy.moml.MoMLSimpleApplication@984aec2
----------------- Done invoking toplevel() on ptolemy.moml.MoMLSimpleApplication@984aec2
reloadAllAccessors: .Expression6

===========================================================================================
----------------- testing Fri Jul 19 06:58:13 UTC 2019 /home/travis/build/icyphy/ptII/ptolemy/actor/lib/test/auto/Expression7.xml
----------------- Instantiating /home/travis/build/icyphy/ptII/ptolemy/actor/lib/test/auto/Expression7.xml
3 ms. Memory: 496640K Free: 365812K (74%)
----------------- Invoking toplevel() on ptolemy.moml.MoMLSimpleApplication@82b6c7d
----------------- Done invoking toplevel() on ptolemy.moml.MoMLSimpleApplication@82b6c7d
reloadAllAccessors: .Expression7

===========================================================================================
----------------- testing Fri Jul 19 06:58:13 UTC 2019 /home/travis/build/icyphy/ptII/ptolemy/actor/lib/test/auto/Expression8.xml
----------------- Instantiating /home/travis/build/icyphy/ptII/ptolemy/actor/lib/test/auto/Expression8.xml
9 ms. Memory: 496640K Free: 360692K (73%)
----------------- Invoking toplevel() on ptolemy.moml.MoMLSimpleApplication@5480a866
----------------- Done invoking toplevel() on ptolemy.moml.MoMLSimpleApplication@5480a866
reloadAllAccessors: .Expression8

===========================================================================================
----------------- testing Fri Jul 19 06:58:13 UTC 2019 /home/travis/build/icyphy/ptII/ptolemy/actor/lib/test/auto/Expression9.xml
----------------- Instantiating /home/travis/build/icyphy/ptII/ptolemy/actor/lib/test/auto/Expression9.xml
1 ms. Memory: 496640K Free: 356596K (72%)
----------------- Invoking toplevel() on ptolemy.moml.MoMLSimpleApplication@63d7b522
----------------- Done invoking toplevel() on ptolemy.moml.MoMLSimpleApplication@63d7b522
reloadAllAccessors: .Expression9

===========================================================================================
----------------- testing Fri Jul 19 06:58:13 UTC 2019 /home/travis/build/icyphy/ptII/ptolemy/actor/lib/test/auto/ExpressionConcatenateArrayType.xml
----------------- Instantiating /home/travis/build/icyphy/ptII/ptolemy/actor/lib/test/auto/ExpressionConcatenateArrayType.xml
4 ms. Memory: 496640K Free: 349942K (70%)
----------------- Invoking toplevel() on ptolemy.moml.MoMLSimpleApplication@1fbeee12
----------------- Done invoking toplevel() on ptolemy.moml.MoMLSimpleApplication@1fbeee12
reloadAllAccessors: .ExpressionConcatenateArrayType

===========================================================================================
----------------- testing Fri Jul 19 06:58:13 UTC 2019 /home/travis/build/icyphy/ptII/ptolemy/actor/lib/test/auto/ExpressionConcatenateArrayType2.xml
----------------- Instantiating /home/travis/build/icyphy/ptII/ptolemy/actor/lib/test/auto/ExpressionConcatenateArrayType2.xml
4 ms. Memory: 496640K Free: 344308K (69%)
----------------- Invoking toplevel() on ptolemy.moml.MoMLSimpleApplication@5695a21f
----------------- Done invoking toplevel() on ptolemy.moml.MoMLSimpleApplication@5695a21f
reloadAllAccessors: .ExpressionConcatenateArrayType2

===========================================================================================
----------------- testing Fri Jul 19 06:58:13 UTC 2019 /home/travis/build/icyphy/ptII/ptolemy/actor/lib/test/auto/ExpressionFix.xml
----------------- Instantiating /home/travis/build/icyphy/ptII/ptolemy/actor/lib/test/auto/ExpressionFix.xml
24 ms. Memory: 496640K Free: 337654K (68%)
----------------- Invoking toplevel() on ptolemy.moml.MoMLSimpleApplication@2ef59e5a
----------------- Done invoking toplevel() on ptolemy.moml.MoMLSimpleApplication@2ef59e5a
reloadAllAccessors: .ExpressionFix

===========================================================================================
----------------- testing Fri Jul 19 06:58:13 UTC 2019 /home/travis/build/icyphy/ptII/ptolemy/actor/lib/test/auto/ExpressionFix2.xml
----------------- Instantiating /home/travis/build/icyphy/ptII/ptolemy/actor/lib/test/auto/ExpressionFix2.xml
5 ms. Memory: 496640K Free: 333558K (67%)
----------------- Invoking toplevel() on ptolemy.moml.MoMLSimpleApplication@10f03829
----------------- Done invoking toplevel() on ptolemy.moml.MoMLSimpleApplication@10f03829
reloadAllAccessors: .ExpressionFix2

===========================================================================================
----------------- testing Fri Jul 19 06:58:13 UTC 2019 /home/travis/build/icyphy/ptII/ptolemy/actor/lib/test/auto/ExpressionFix3.xml
----------------- Instantiating /home/travis/build/icyphy/ptII/ptolemy/actor/lib/test/auto/ExpressionFix3.xml
2 ms. Memory: 496640K Free: 328948K (66%)
----------------- Invoking toplevel() on ptolemy.moml.MoMLSimpleApplication@31963a78
----------------- Done invoking toplevel() on ptolemy.moml.MoMLSimpleApplication@31963a78
reloadAllAccessors: .ExpressionFix3

===========================================================================================
----------------- testing Fri Jul 19 06:58:13 UTC 2019 /home/travis/build/icyphy/ptII/ptolemy/actor/lib/test/auto/FileWriter1.xml
----------------- Instantiating /home/travis/build/icyphy/ptII/ptolemy/actor/lib/test/auto/FileWriter1.xml
2 ms. Memory: 496640K Free: 324852K (65%)
----------------- Invoking toplevel() on ptolemy.moml.MoMLSimpleApplication@3f462d09
----------------- Done invoking toplevel() on ptolemy.moml.MoMLSimpleApplication@3f462d09
reloadAllAccessors: .FileWriter1

===========================================================================================
----------------- testing Fri Jul 19 06:58:13 UTC 2019 /home/travis/build/icyphy/ptII/ptolemy/actor/lib/test/auto/FileWriter2.xml
----------------- Instantiating /home/travis/build/icyphy/ptII/ptolemy/actor/lib/test/auto/FileWriter2.xml
7 ms. Memory: 496640K Free: 320246K (64%)
----------------- Invoking toplevel() on ptolemy.moml.MoMLSimpleApplication@5d95ad95
----------------- Done invoking toplevel() on ptolemy.moml.MoMLSimpleApplication@5d95ad95
reloadAllAccessors: .FileWriter2

===========================================================================================
----------------- testing Fri Jul 19 06:58:13 UTC 2019 /home/travis/build/icyphy/ptII/ptolemy/actor/lib/test/auto/FileWriter3.xml
----------------- Instantiating /home/travis/build/icyphy/ptII/ptolemy/actor/lib/test/auto/FileWriter3.xml
2 ms. Memory: 496640K Free: 316660K (64%)
----------------- Invoking toplevel() on ptolemy.moml.MoMLSimpleApplication@65e6f686
----------------- Done invoking toplevel() on ptolemy.moml.MoMLSimpleApplication@65e6f686
reloadAllAccessors: .FileWriter3

===========================================================================================
----------------- testing Fri Jul 19 06:58:13 UTC 2019 /home/travis/build/icyphy/ptII/ptolemy/actor/lib/test/auto/Gaussian.xml
----------------- Instantiating /home/travis/build/icyphy/ptII/ptolemy/actor/lib/test/auto/Gaussian.xml
5 ms. Memory: 496640K Free: 312054K (63%)
----------------- Invoking toplevel() on ptolemy.moml.MoMLSimpleApplication@681963
----------------- Done invoking toplevel() on ptolemy.moml.MoMLSimpleApplication@681963
reloadAllAccessors: .Gaussian

===========================================================================================
----------------- testing Fri Jul 19 06:58:13 UTC 2019 /home/travis/build/icyphy/ptII/ptolemy/actor/lib/test/auto/Gaussian1.xml
----------------- Instantiating /home/travis/build/icyphy/ptII/ptolemy/actor/lib/test/auto/Gaussian1.xml
11 ms. Memory: 496640K Free: 306390K (62%)
----------------- Invoking toplevel() on ptolemy.moml.MoMLSimpleApplication@13f6c120
----------------- Done invoking toplevel() on ptolemy.moml.MoMLSimpleApplication@13f6c120
reloadAllAccessors: .Gaussian1

===========================================================================================
----------------- testing Fri Jul 19 06:58:13 UTC 2019 /home/travis/build/icyphy/ptII/ptolemy/actor/lib/test/auto/Gaussian2.xml
----------------- Instantiating /home/travis/build/icyphy/ptII/ptolemy/actor/lib/test/auto/Gaussian2.xml
3 ms. Memory: 496640K Free: 300790K (61%)
----------------- Invoking toplevel() on ptolemy.moml.MoMLSimpleApplication@58a91314
----------------- Done invoking toplevel() on ptolemy.moml.MoMLSimpleApplication@58a91314
reloadAllAccessors: .Gaussian2

===========================================================================================
----------------- testing Fri Jul 19 06:58:13 UTC 2019 /home/travis/build/icyphy/ptII/ptolemy/actor/lib/test/auto/GradientAdaptiveLattice.xml
----------------- Instantiating /home/travis/build/icyphy/ptII/ptolemy/actor/lib/test/auto/GradientAdaptiveLattice.xml
4 ms. Memory: 496640K Free: 295670K (60%)
----------------- Invoking toplevel() on ptolemy.moml.MoMLSimpleApplication@5563df61
----------------- Done invoking toplevel() on ptolemy.moml.MoMLSimpleApplication@5563df61
reloadAllAccessors: .GradientAdaptiveLattice

===========================================================================================
----------------- testing Fri Jul 19 06:58:13 UTC 2019 /home/travis/build/icyphy/ptII/ptolemy/actor/lib/test/auto/IIR.xml
----------------- Instantiating /home/travis/build/icyphy/ptII/ptolemy/actor/lib/test/auto/IIR.xml
2 ms. Memory: 496640K Free: 291060K (59%)
----------------- Invoking toplevel() on ptolemy.moml.MoMLSimpleApplication@7e791f72
----------------- Done invoking toplevel() on ptolemy.moml.MoMLSimpleApplication@7e791f72
reloadAllAccessors: .IIR

===========================================================================================
----------------- testing Fri Jul 19 06:58:13 UTC 2019 /home/travis/build/icyphy/ptII/ptolemy/actor/lib/test/auto/InputOutputTransparentPorts.xml
----------------- Instantiating /home/travis/build/icyphy/ptII/ptolemy/actor/lib/test/auto/InputOutputTransparentPorts.xml
3 ms. Memory: 496640K Free: 283892K (57%)
----------------- Invoking toplevel() on ptolemy.moml.MoMLSimpleApplication@45cd8691
----------------- Done invoking toplevel() on ptolemy.moml.MoMLSimpleApplication@45cd8691
reloadAllAccessors: .InputOutputTransparentPorts

===========================================================================================
----------------- testing Fri Jul 19 06:58:13 UTC 2019 /home/travis/build/icyphy/ptII/ptolemy/actor/lib/test/auto/Interpolator.xml
----------------- Instantiating /home/travis/build/icyphy/ptII/ptolemy/actor/lib/test/auto/Interpolator.xml
5 ms. Memory: 496640K Free: 279796K (56%)
----------------- Invoking toplevel() on ptolemy.moml.MoMLSimpleApplication@7503032f
----------------- Done invoking toplevel() on ptolemy.moml.MoMLSimpleApplication@7503032f
reloadAllAccessors: .Interpolator

===========================================================================================
----------------- testing Fri Jul 19 06:58:13 UTC 2019 /home/travis/build/icyphy/ptII/ptolemy/actor/lib/test/auto/InterpolatorFiringLimitDE.xml
----------------- Instantiating /home/travis/build/icyphy/ptII/ptolemy/actor/lib/test/auto/InterpolatorFiringLimitDE.xml
2 ms. Memory: 496640K Free: 273652K (55%)
----------------- Invoking toplevel() on ptolemy.moml.MoMLSimpleApplication@51f5e9fe
----------------- Done invoking toplevel() on ptolemy.moml.MoMLSimpleApplication@51f5e9fe
reloadAllAccessors: .InterpolatorFiringLimitDE

===========================================================================================
----------------- testing Fri Jul 19 06:58:13 UTC 2019 /home/travis/build/icyphy/ptII/ptolemy/actor/lib/test/auto/Lattice.xml
----------------- Instantiating /home/travis/build/icyphy/ptII/ptolemy/actor/lib/test/auto/Lattice.xml
1 ms. Memory: 496640K Free: 269556K (54%)
----------------- Invoking toplevel() on ptolemy.moml.MoMLSimpleApplication@1491de94
----------------- Done invoking toplevel() on ptolemy.moml.MoMLSimpleApplication@1491de94
reloadAllAccessors: .Lattice

===========================================================================================
----------------- testing Fri Jul 19 06:58:13 UTC 2019 /home/travis/build/icyphy/ptII/ptolemy/actor/lib/test/auto/LazyAOCTestLazy.xml
----------------- Instantiating /home/travis/build/icyphy/ptII/ptolemy/actor/lib/test/auto/LazyAOCTestLazy.xml
8 ms. Memory: 496640K Free: 263398K (53%)
----------------- Invoking toplevel() on ptolemy.moml.MoMLSimpleApplication@6405dc35
----------------- Done invoking toplevel() on ptolemy.moml.MoMLSimpleApplication@6405dc35
reloadAllAccessors: .LazyAOCTestLazy

===========================================================================================
----------------- testing Fri Jul 19 06:58:13 UTC 2019 /home/travis/build/icyphy/ptII/ptolemy/actor/lib/test/auto/LazyAOCTestNonLazy.xml
----------------- Instantiating /home/travis/build/icyphy/ptII/ptolemy/actor/lib/test/auto/LazyAOCTestNonLazy.xml
2 ms. Memory: 496640K Free: 256758K (52%)
----------------- Invoking toplevel() on ptolemy.moml.MoMLSimpleApplication@1b23d89f
----------------- Done invoking toplevel() on ptolemy.moml.MoMLSimpleApplication@1b23d89f
reloadAllAccessors: .LazyAOCTestNonLazy

===========================================================================================
----------------- testing Fri Jul 19 06:58:14 UTC 2019 /home/travis/build/icyphy/ptII/ptolemy/actor/lib/test/auto/LazyInnerClass.xml
----------------- Instantiating /home/travis/build/icyphy/ptII/ptolemy/actor/lib/test/auto/LazyInnerClass.xml
22 ms. Memory: 496640K Free: 248022K (50%)
----------------- Invoking toplevel() on ptolemy.moml.MoMLSimpleApplication@2309a02
----------------- Done invoking toplevel() on ptolemy.moml.MoMLSimpleApplication@2309a02
reloadAllAccessors: .LazyInnerClass

===========================================================================================
----------------- testing Fri Jul 19 06:58:14 UTC 2019 /home/travis/build/icyphy/ptII/ptolemy/actor/lib/test/auto/LazyPubSub.xml
----------------- Instantiating /home/travis/build/icyphy/ptII/ptolemy/actor/lib/test/auto/LazyPubSub.xml
25 ms. Memory: 496640K Free: 237812K (48%)
----------------- Invoking toplevel() on ptolemy.moml.MoMLSimpleApplication@70dc29ea
----------------- Done invoking toplevel() on ptolemy.moml.MoMLSimpleApplication@70dc29ea
reloadAllAccessors: .LazyPubSub

===========================================================================================
----------------- testing Fri Jul 19 06:58:14 UTC 2019 /home/travis/build/icyphy/ptII/ptolemy/actor/lib/test/auto/LazyPubSub2.xml
----------------- Instantiating /home/travis/build/icyphy/ptII/ptolemy/actor/lib/test/auto/LazyPubSub2.xml
33 ms. Memory: 496640K Free: 228086K (46%)
----------------- Invoking toplevel() on ptolemy.moml.MoMLSimpleApplication@df1740e
----------------- Done invoking toplevel() on ptolemy.moml.MoMLSimpleApplication@df1740e
reloadAllAccessors: .LazyPubSub2

===========================================================================================
----------------- testing Fri Jul 19 06:58:14 UTC 2019 /home/travis/build/icyphy/ptII/ptolemy/actor/lib/test/auto/LazyPubSub3.xml
----------------- Instantiating /home/travis/build/icyphy/ptII/ptolemy/actor/lib/test/auto/LazyPubSub3.xml
13 ms. Memory: 496640K Free: 217846K (44%)
----------------- Invoking toplevel() on ptolemy.moml.MoMLSimpleApplication@684b5d8
----------------- Done invoking toplevel() on ptolemy.moml.MoMLSimpleApplication@684b5d8
reloadAllAccessors: .LazyPubSub3

===========================================================================================
----------------- testing Fri Jul 19 06:58:14 UTC 2019 /home/travis/build/icyphy/ptII/ptolemy/actor/lib/test/auto/LazySubClassModel.xml
----------------- Instantiating /home/travis/build/icyphy/ptII/ptolemy/actor/lib/test/auto/LazySubClassModel.xml
1 ms. Memory: 496640K Free: 209140K (42%)
----------------- Invoking toplevel() on ptolemy.moml.MoMLSimpleApplication@70578c13
----------------- Done invoking toplevel() on ptolemy.moml.MoMLSimpleApplication@70578c13
reloadAllAccessors: .LazySubClassModel

===========================================================================================
----------------- testing Fri Jul 19 06:58:14 UTC 2019 /home/travis/build/icyphy/ptII/ptolemy/actor/lib/test/auto/LevelCrossTest1.xml
----------------- Instantiating /home/travis/build/icyphy/ptII/ptolemy/actor/lib/test/auto/LevelCrossTest1.xml
1 ms. Memory: 496640K Free: 203510K (41%)
----------------- Invoking toplevel() on ptolemy.moml.MoMLSimpleApplication@a73ba4a
----------------- Done invoking toplevel() on ptolemy.moml.MoMLSimpleApplication@a73ba4a
reloadAllAccessors: .broken

===========================================================================================
----------------- testing Fri Jul 19 06:58:14 UTC 2019 /home/travis/build/icyphy/ptII/ptolemy/actor/lib/test/auto/LevelCrossTest10.xml
----------------- Instantiating /home/travis/build/icyphy/ptII/ptolemy/actor/lib/test/auto/LevelCrossTest10.xml
1 ms. Memory: 496640K Free: 195828K (39%)
----------------- Invoking toplevel() on ptolemy.moml.MoMLSimpleApplication@5c32e13d
----------------- Done invoking toplevel() on ptolemy.moml.MoMLSimpleApplication@5c32e13d
reloadAllAccessors: .LevelCrossTest10

===========================================================================================
----------------- testing Fri Jul 19 06:58:14 UTC 2019 /home/travis/build/icyphy/ptII/ptolemy/actor/lib/test/auto/LevelCrossTest11.xml
----------------- Instantiating /home/travis/build/icyphy/ptII/ptolemy/actor/lib/test/auto/LevelCrossTest11.xml
2 ms. Memory: 496640K Free: 189174K (38%)
----------------- Invoking toplevel() on ptolemy.moml.MoMLSimpleApplication@4eb06f4b
----------------- Done invoking toplevel() on ptolemy.moml.MoMLSimpleApplication@4eb06f4b
reloadAllAccessors: .LevelCrossTest11

===========================================================================================
----------------- testing Fri Jul 19 06:58:14 UTC 2019 /home/travis/build/icyphy/ptII/ptolemy/actor/lib/test/auto/LevelCrossTest12.xml
----------------- Instantiating /home/travis/build/icyphy/ptII/ptolemy/actor/lib/test/auto/LevelCrossTest12.xml
1 ms. Memory: 496640K Free: 182006K (37%)
----------------- Invoking toplevel() on ptolemy.moml.MoMLSimpleApplication@4692739a
----------------- Done invoking toplevel() on ptolemy.moml.MoMLSimpleApplication@4692739a
reloadAllAccessors: .LevelCrossTest12

===========================================================================================
----------------- testing Fri Jul 19 06:58:14 UTC 2019 /home/travis/build/icyphy/ptII/ptolemy/actor/lib/test/auto/LevelCrossTest13.xml
----------------- Instantiating /home/travis/build/icyphy/ptII/ptolemy/actor/lib/test/auto/LevelCrossTest13.xml
1 ms. Memory: 496640K Free: 174324K (35%)
----------------- Invoking toplevel() on ptolemy.moml.MoMLSimpleApplication@573d3746
----------------- Done invoking toplevel() on ptolemy.moml.MoMLSimpleApplication@573d3746
reloadAllAccessors: .LevelCrossTest13

===========================================================================================
----------------- testing Fri Jul 19 06:58:14 UTC 2019 /home/travis/build/icyphy/ptII/ptolemy/actor/lib/test/auto/LevelCrossTest2.xml
----------------- Instantiating /home/travis/build/icyphy/ptII/ptolemy/actor/lib/test/auto/LevelCrossTest2.xml
1 ms. Memory: 496640K Free: 168694K (34%)
----------------- Invoking toplevel() on ptolemy.moml.MoMLSimpleApplication@25458e20
----------------- Done invoking toplevel() on ptolemy.moml.MoMLSimpleApplication@25458e20
reloadAllAccessors: .broken

===========================================================================================
----------------- testing Fri Jul 19 06:58:14 UTC 2019 /home/travis/build/icyphy/ptII/ptolemy/actor/lib/test/auto/LevelCrossTest3.xml
----------------- Instantiating /home/travis/build/icyphy/ptII/ptolemy/actor/lib/test/auto/LevelCrossTest3.xml
1 ms. Memory: 496640K Free: 162550K (33%)
----------------- Invoking toplevel() on ptolemy.moml.MoMLSimpleApplication@40d31e6
----------------- Done invoking toplevel() on ptolemy.moml.MoMLSimpleApplication@40d31e6
reloadAllAccessors: .LevelCrossTest3

===========================================================================================
----------------- testing Fri Jul 19 06:58:14 UTC 2019 /home/travis/build/icyphy/ptII/ptolemy/actor/lib/test/auto/LevelCrossTest4.xml
----------------- Instantiating /home/travis/build/icyphy/ptII/ptolemy/actor/lib/test/auto/LevelCrossTest4.xml
1 ms. Memory: 496640K Free: 157430K (32%)
----------------- Invoking toplevel() on ptolemy.moml.MoMLSimpleApplication@219e027f
----------------- Done invoking toplevel() on ptolemy.moml.MoMLSimpleApplication@219e027f
reloadAllAccessors: .broken

===========================================================================================
----------------- testing Fri Jul 19 06:58:14 UTC 2019 /home/travis/build/icyphy/ptII/ptolemy/actor/lib/test/auto/LevelCrossTest5.xml
----------------- Instantiating /home/travis/build/icyphy/ptII/ptolemy/actor/lib/test/auto/LevelCrossTest5.xml
1 ms. Memory: 496640K Free: 445188K (90%)
----------------- Invoking toplevel() on ptolemy.moml.MoMLSimpleApplication@47f66d20
----------------- Done invoking toplevel() on ptolemy.moml.MoMLSimpleApplication@47f66d20
reloadAllAccessors: .LevelCrossTest5

===========================================================================================
----------------- testing Fri Jul 19 06:58:14 UTC 2019 /home/travis/build/icyphy/ptII/ptolemy/actor/lib/test/auto/LevelCrossTest6.xml
----------------- Instantiating /home/travis/build/icyphy/ptII/ptolemy/actor/lib/test/auto/LevelCrossTest6.xml
1 ms. Memory: 496640K Free: 438534K (88%)
----------------- Invoking toplevel() on ptolemy.moml.MoMLSimpleApplication@184511b5
----------------- Done invoking toplevel() on ptolemy.moml.MoMLSimpleApplication@184511b5
reloadAllAccessors: .LevelCrossTest6

===========================================================================================
----------------- testing Fri Jul 19 06:58:14 UTC 2019 /home/travis/build/icyphy/ptII/ptolemy/actor/lib/test/auto/LevelCrossTest7.xml
----------------- Instantiating /home/travis/build/icyphy/ptII/ptolemy/actor/lib/test/auto/LevelCrossTest7.xml
3 ms. Memory: 496640K Free: 430342K (87%)
----------------- Invoking toplevel() on ptolemy.moml.MoMLSimpleApplication@1f88c094
----------------- Done invoking toplevel() on ptolemy.moml.MoMLSimpleApplication@1f88c094
reloadAllAccessors: .LevelCrossTest7

===========================================================================================
----------------- testing Fri Jul 19 06:58:14 UTC 2019 /home/travis/build/icyphy/ptII/ptolemy/actor/lib/test/auto/LevelCrossTest8.xml
----------------- Instantiating /home/travis/build/icyphy/ptII/ptolemy/actor/lib/test/auto/LevelCrossTest8.xml
1 ms. Memory: 496640K Free: 423174K (85%)
----------------- Invoking toplevel() on ptolemy.moml.MoMLSimpleApplication@3942e823
----------------- Done invoking toplevel() on ptolemy.moml.MoMLSimpleApplication@3942e823
reloadAllAccessors: .LevelCrossTest8

===========================================================================================
----------------- testing Fri Jul 19 06:58:14 UTC 2019 /home/travis/build/icyphy/ptII/ptolemy/actor/lib/test/auto/LevelCrossTest9.xml
----------------- Instantiating /home/travis/build/icyphy/ptII/ptolemy/actor/lib/test/auto/LevelCrossTest9.xml
2 ms. Memory: 496640K Free: 414980K (84%)
----------------- Invoking toplevel() on ptolemy.moml.MoMLSimpleApplication@4e9e32c8
----------------- Done invoking toplevel() on ptolemy.moml.MoMLSimpleApplication@4e9e32c8
reloadAllAccessors: .LevelCrossTest9

===========================================================================================
----------------- testing Fri Jul 19 06:58:14 UTC 2019 /home/travis/build/icyphy/ptII/ptolemy/actor/lib/test/auto/LevinsonDurbin.xml
----------------- Instantiating /home/travis/build/icyphy/ptII/ptolemy/actor/lib/test/auto/LevinsonDurbin.xml
1 ms. Memory: 496640K Free: 410886K (83%)
----------------- Invoking toplevel() on ptolemy.moml.MoMLSimpleApplication@40b5b200
----------------- Done invoking toplevel() on ptolemy.moml.MoMLSimpleApplication@40b5b200
reloadAllAccessors: .LevinsonDurbin

===========================================================================================
----------------- testing Fri Jul 19 06:58:14 UTC 2019 /home/travis/build/icyphy/ptII/ptolemy/actor/lib/test/auto/LevinsonDurbin2.xml
----------------- Instantiating /home/travis/build/icyphy/ptII/ptolemy/actor/lib/test/auto/LevinsonDurbin2.xml
2 ms. Memory: 496640K Free: 406790K (82%)
----------------- Invoking toplevel() on ptolemy.moml.MoMLSimpleApplication@6fc356a9
----------------- Done invoking toplevel() on ptolemy.moml.MoMLSimpleApplication@6fc356a9
reloadAllAccessors: .LevinsonDurbin2

===========================================================================================
----------------- testing Fri Jul 19 06:58:14 UTC 2019 /home/travis/build/icyphy/ptII/ptolemy/actor/lib/test/auto/LevinsonDurbin3.xml
----------------- Instantiating /home/travis/build/icyphy/ptII/ptolemy/actor/lib/test/auto/LevinsonDurbin3.xml
2 ms. Memory: 496640K Free: 402694K (81%)
----------------- Invoking toplevel() on ptolemy.moml.MoMLSimpleApplication@14947c4d
----------------- Done invoking toplevel() on ptolemy.moml.MoMLSimpleApplication@14947c4d
reloadAllAccessors: .LevinsonDurbin3

===========================================================================================
----------------- testing Fri Jul 19 06:58:14 UTC 2019 /home/travis/build/icyphy/ptII/ptolemy/actor/lib/test/auto/Limiter.xml
----------------- Instantiating /home/travis/build/icyphy/ptII/ptolemy/actor/lib/test/auto/Limiter.xml
7 ms. Memory: 496640K Free: 393478K (79%)
----------------- Invoking toplevel() on ptolemy.moml.MoMLSimpleApplication@261180ca
----------------- Done invoking toplevel() on ptolemy.moml.MoMLSimpleApplication@261180ca
reloadAllAccessors: .Limiter

===========================================================================================
----------------- testing Fri Jul 19 06:58:14 UTC 2019 /home/travis/build/icyphy/ptII/ptolemy/actor/lib/test/auto/LinearDifferenceEquationSystem.xml
----------------- Instantiating /home/travis/build/icyphy/ptII/ptolemy/actor/lib/test/auto/LinearDifferenceEquationSystem.xml
10 ms. Memory: 496640K Free: 385796K (78%)
----------------- Invoking toplevel() on ptolemy.moml.MoMLSimpleApplication@21d6d0d0
----------------- Done invoking toplevel() on ptolemy.moml.MoMLSimpleApplication@21d6d0d0
reloadAllAccessors: .LinearDifferenceEquationSystem

===========================================================================================
----------------- testing Fri Jul 19 06:58:14 UTC 2019 /home/travis/build/icyphy/ptII/ptolemy/actor/lib/test/auto/LookupTable.xml
----------------- Instantiating /home/travis/build/icyphy/ptII/ptolemy/actor/lib/test/auto/LookupTable.xml
1 ms. Memory: 496640K Free: 381190K (77%)
----------------- Invoking toplevel() on ptolemy.moml.MoMLSimpleApplication@260e8ec6
----------------- Done invoking toplevel() on ptolemy.moml.MoMLSimpleApplication@260e8ec6
reloadAllAccessors: .LookupTable

===========================================================================================
----------------- testing Fri Jul 19 06:58:14 UTC 2019 /home/travis/build/icyphy/ptII/ptolemy/actor/lib/test/auto/MathFunction.xml
----------------- Instantiating /home/travis/build/icyphy/ptII/ptolemy/actor/lib/test/auto/MathFunction.xml
2 ms. Memory: 496640K Free: 372998K (75%)
----------------- Invoking toplevel() on ptolemy.moml.MoMLSimpleApplication@7170f3d3
----------------- Done invoking toplevel() on ptolemy.moml.MoMLSimpleApplication@7170f3d3
reloadAllAccessors: .MathFunction

===========================================================================================
----------------- testing Fri Jul 19 06:58:14 UTC 2019 /home/travis/build/icyphy/ptII/ptolemy/actor/lib/test/auto/MathFunction2.xml
----------------- Instantiating /home/travis/build/icyphy/ptII/ptolemy/actor/lib/test/auto/MathFunction2.xml
4 ms. Memory: 496640K Free: 368902K (74%)
----------------- Invoking toplevel() on ptolemy.moml.MoMLSimpleApplication@5f2ed977
----------------- Done invoking toplevel() on ptolemy.moml.MoMLSimpleApplication@5f2ed977
reloadAllAccessors: .MathFunction2

===========================================================================================
----------------- testing Fri Jul 19 06:58:14 UTC 2019 /home/travis/build/icyphy/ptII/ptolemy/actor/lib/test/auto/MathFunction3.xml
----------------- Instantiating /home/travis/build/icyphy/ptII/ptolemy/actor/lib/test/auto/MathFunction3.xml
2 ms. Memory: 496640K Free: 361734K (73%)
----------------- Invoking toplevel() on ptolemy.moml.MoMLSimpleApplication@27a70455
----------------- Done invoking toplevel() on ptolemy.moml.MoMLSimpleApplication@27a70455
reloadAllAccessors: .MathFunction3

===========================================================================================
----------------- testing Fri Jul 19 06:58:14 UTC 2019 /home/travis/build/icyphy/ptII/ptolemy/actor/lib/test/auto/MatrixCropBoolean.xml
----------------- Instantiating /home/travis/build/icyphy/ptII/ptolemy/actor/lib/test/auto/MatrixCropBoolean.xml
1 ms. Memory: 496640K Free: 357094K (72%)
----------------- Invoking toplevel() on ptolemy.moml.MoMLSimpleApplication@73bb12b1
----------------- Done invoking toplevel() on ptolemy.moml.MoMLSimpleApplication@73bb12b1
reloadAllAccessors: .MatrixCropBoolean

===========================================================================================
----------------- testing Fri Jul 19 06:58:14 UTC 2019 /home/travis/build/icyphy/ptII/ptolemy/actor/lib/test/auto/MatrixCropComplex.xml
----------------- Instantiating /home/travis/build/icyphy/ptII/ptolemy/actor/lib/test/auto/MatrixCropComplex.xml
3 ms. Memory: 496640K Free: 352518K (71%)
----------------- Invoking toplevel() on ptolemy.moml.MoMLSimpleApplication@44b45fbe
----------------- Done invoking toplevel() on ptolemy.moml.MoMLSimpleApplication@44b45fbe
reloadAllAccessors: .MatrixCropComplex

===========================================================================================
----------------- testing Fri Jul 19 06:58:14 UTC 2019 /home/travis/build/icyphy/ptII/ptolemy/actor/lib/test/auto/MatrixCropDouble.xml
----------------- Instantiating /home/travis/build/icyphy/ptII/ptolemy/actor/lib/test/auto/MatrixCropDouble.xml
2 ms. Memory: 496640K Free: 347902K (70%)
----------------- Invoking toplevel() on ptolemy.moml.MoMLSimpleApplication@152c86a1
----------------- Done invoking toplevel() on ptolemy.moml.MoMLSimpleApplication@152c86a1
reloadAllAccessors: .MatrixCropDouble

===========================================================================================
----------------- testing Fri Jul 19 06:58:14 UTC 2019 /home/travis/build/icyphy/ptII/ptolemy/actor/lib/test/auto/MatrixCropFix.xml
----------------- Instantiating /home/travis/build/icyphy/ptII/ptolemy/actor/lib/test/auto/MatrixCropFix.xml
3 ms. Memory: 496640K Free: 342782K (69%)
----------------- Invoking toplevel() on ptolemy.moml.MoMLSimpleApplication@d910119
----------------- Done invoking toplevel() on ptolemy.moml.MoMLSimpleApplication@d910119
reloadAllAccessors: .MatrixCropFix

===========================================================================================
----------------- testing Fri Jul 19 06:58:14 UTC 2019 /home/travis/build/icyphy/ptII/ptolemy/actor/lib/test/auto/MatrixCropInt.xml
----------------- Instantiating /home/travis/build/icyphy/ptII/ptolemy/actor/lib/test/auto/MatrixCropInt.xml
2 ms. Memory: 496640K Free: 337638K (68%)
----------------- Invoking toplevel() on ptolemy.moml.MoMLSimpleApplication@6ded891
----------------- Done invoking toplevel() on ptolemy.moml.MoMLSimpleApplication@6ded891
reloadAllAccessors: .MatrixCropInt

===========================================================================================
----------------- testing Fri Jul 19 06:58:14 UTC 2019 /home/travis/build/icyphy/ptII/ptolemy/actor/lib/test/auto/MatrixCropLong.xml
----------------- Instantiating /home/travis/build/icyphy/ptII/ptolemy/actor/lib/test/auto/MatrixCropLong.xml
2 ms. Memory: 496640K Free: 332518K (67%)
----------------- Invoking toplevel() on ptolemy.moml.MoMLSimpleApplication@676a523
----------------- Done invoking toplevel() on ptolemy.moml.MoMLSimpleApplication@676a523
reloadAllAccessors: .MatrixCropLong

===========================================================================================
----------------- testing Fri Jul 19 06:58:14 UTC 2019 /home/travis/build/icyphy/ptII/ptolemy/actor/lib/test/auto/MatrixToArray.xml
----------------- Instantiating /home/travis/build/icyphy/ptII/ptolemy/actor/lib/test/auto/MatrixToArray.xml
13 ms. Memory: 496640K Free: 317188K (64%)
----------------- Invoking toplevel() on ptolemy.moml.MoMLSimpleApplication@26472169
----------------- Done invoking toplevel() on ptolemy.moml.MoMLSimpleApplication@26472169
reloadAllAccessors: .MatrixToArray

===========================================================================================
----------------- testing Fri Jul 19 06:58:14 UTC 2019 /home/travis/build/icyphy/ptII/ptolemy/actor/lib/test/auto/MaxIndex.xml
----------------- Instantiating /home/travis/build/icyphy/ptII/ptolemy/actor/lib/test/auto/MaxIndex.xml
2 ms. Memory: 496640K Free: 312068K (63%)
----------------- Invoking toplevel() on ptolemy.moml.MoMLSimpleApplication@1cc1b937
----------------- Done invoking toplevel() on ptolemy.moml.MoMLSimpleApplication@1cc1b937
reloadAllAccessors: .MaxIndex

===========================================================================================
----------------- testing Fri Jul 19 06:58:14 UTC 2019 /home/travis/build/icyphy/ptII/ptolemy/actor/lib/test/auto/Maximum.xml
----------------- Instantiating /home/travis/build/icyphy/ptII/ptolemy/actor/lib/test/auto/Maximum.xml
2 ms. Memory: 496640K Free: 305414K (61%)
----------------- Invoking toplevel() on ptolemy.moml.MoMLSimpleApplication@54463644
----------------- Done invoking toplevel() on ptolemy.moml.MoMLSimpleApplication@54463644
reloadAllAccessors: .Maximum

===========================================================================================
----------------- testing Fri Jul 19 06:58:14 UTC 2019 /home/travis/build/icyphy/ptII/ptolemy/actor/lib/test/auto/MaximumComplex.xml
----------------- Instantiating /home/travis/build/icyphy/ptII/ptolemy/actor/lib/test/auto/MaximumComplex.xml
5 ms. Memory: 496640K Free: 299270K (60%)
----------------- Invoking toplevel() on ptolemy.moml.MoMLSimpleApplication@68411809
----------------- Done invoking toplevel() on ptolemy.moml.MoMLSimpleApplication@68411809
reloadAllAccessors: .MaximumComplex

===========================================================================================
----------------- testing Fri Jul 19 06:58:14 UTC 2019 /home/travis/build/icyphy/ptII/ptolemy/actor/lib/test/auto/MethodCallTest.xml
----------------- Instantiating /home/travis/build/icyphy/ptII/ptolemy/actor/lib/test/auto/MethodCallTest.xml
2 ms. Memory: 496640K Free: 292612K (59%)
----------------- Invoking toplevel() on ptolemy.moml.MoMLSimpleApplication@7260fc82
----------------- Done invoking toplevel() on ptolemy.moml.MoMLSimpleApplication@7260fc82
reloadAllAccessors: .MethodCallTest

===========================================================================================
----------------- testing Fri Jul 19 06:58:15 UTC 2019 /home/travis/build/icyphy/ptII/ptolemy/actor/lib/test/auto/Minimum.xml
----------------- Instantiating /home/travis/build/icyphy/ptII/ptolemy/actor/lib/test/auto/Minimum.xml
3 ms. Memory: 496640K Free: 285958K (58%)
----------------- Invoking toplevel() on ptolemy.moml.MoMLSimpleApplication@113ebfd6
----------------- Done invoking toplevel() on ptolemy.moml.MoMLSimpleApplication@113ebfd6
reloadAllAccessors: .Minimum

===========================================================================================
----------------- testing Fri Jul 19 06:58:15 UTC 2019 /home/travis/build/icyphy/ptII/ptolemy/actor/lib/test/auto/MinimumComplex.xml
----------------- Instantiating /home/travis/build/icyphy/ptII/ptolemy/actor/lib/test/auto/MinimumComplex.xml
3 ms. Memory: 496640K Free: 279814K (56%)
----------------- Invoking toplevel() on ptolemy.moml.MoMLSimpleApplication@605b899e
----------------- Done invoking toplevel() on ptolemy.moml.MoMLSimpleApplication@605b899e
reloadAllAccessors: .MinimumComplex

===========================================================================================
----------------- testing Fri Jul 19 06:58:15 UTC 2019 /home/travis/build/icyphy/ptII/ptolemy/actor/lib/test/auto/MinimumMultiports.xml
----------------- Instantiating /home/travis/build/icyphy/ptII/ptolemy/actor/lib/test/auto/MinimumMultiports.xml
3 ms. Memory: 496640K Free: 271094K (55%)
----------------- Invoking toplevel() on ptolemy.moml.MoMLSimpleApplication@358054b5
----------------- Done invoking toplevel() on ptolemy.moml.MoMLSimpleApplication@358054b5
reloadAllAccessors: .MinimumMultiports

===========================================================================================
----------------- testing Fri Jul 19 06:58:15 UTC 2019 /home/travis/build/icyphy/ptII/ptolemy/actor/lib/test/auto/ModifyDate.xml
----------------- Instantiating /home/travis/build/icyphy/ptII/ptolemy/actor/lib/test/auto/ModifyDate.xml
10 ms. Memory: 496640K Free: 258310K (52%)
----------------- Invoking toplevel() on ptolemy.moml.MoMLSimpleApplication@7437f286
----------------- Done invoking toplevel() on ptolemy.moml.MoMLSimpleApplication@7437f286
reloadAllAccessors: .ModifyDate

===========================================================================================
----------------- testing Fri Jul 19 06:58:15 UTC 2019 /home/travis/build/icyphy/ptII/ptolemy/actor/lib/test/auto/ModifyDate2.xml
----------------- Instantiating /home/travis/build/icyphy/ptII/ptolemy/actor/lib/test/auto/ModifyDate2.xml
12 ms. Memory: 496640K Free: 249604K (50%)
----------------- Invoking toplevel() on ptolemy.moml.MoMLSimpleApplication@7f5baf97
----------------- Done invoking toplevel() on ptolemy.moml.MoMLSimpleApplication@7f5baf97
reloadAllAccessors: .ModifyDate2

===========================================================================================
----------------- testing Fri Jul 19 06:58:15 UTC 2019 /home/travis/build/icyphy/ptII/ptolemy/actor/lib/test/auto/MovingAverage.xml
----------------- Instantiating /home/travis/build/icyphy/ptII/ptolemy/actor/lib/test/auto/MovingAverage.xml
2 ms. Memory: 496640K Free: 244484K (49%)
----------------- Invoking toplevel() on ptolemy.moml.MoMLSimpleApplication@35ab93d4
----------------- Done invoking toplevel() on ptolemy.moml.MoMLSimpleApplication@35ab93d4
reloadAllAccessors: .MovingAverage

===========================================================================================
----------------- testing Fri Jul 19 06:58:15 UTC 2019 /home/travis/build/icyphy/ptII/ptolemy/actor/lib/test/auto/MovingMaximum.xml
----------------- Instantiating /home/travis/build/icyphy/ptII/ptolemy/actor/lib/test/auto/MovingMaximum.xml
1 ms. Memory: 496640K Free: 239878K (48%)
----------------- Invoking toplevel() on ptolemy.moml.MoMLSimpleApplication@27c1d0c7
----------------- Done invoking toplevel() on ptolemy.moml.MoMLSimpleApplication@27c1d0c7
reloadAllAccessors: .MovingMaximum

===========================================================================================
----------------- testing Fri Jul 19 06:58:15 UTC 2019 /home/travis/build/icyphy/ptII/ptolemy/actor/lib/test/auto/MultipleLinksToSameRelation.xml
----------------- Instantiating /home/travis/build/icyphy/ptII/ptolemy/actor/lib/test/auto/MultipleLinksToSameRelation.xml
2 ms. Memory: 496640K Free: 235782K (47%)
----------------- Invoking toplevel() on ptolemy.moml.MoMLSimpleApplication@47f4cda8
----------------- Done invoking toplevel() on ptolemy.moml.MoMLSimpleApplication@47f4cda8
reloadAllAccessors: .MultipleLinksToSameRelation

===========================================================================================
----------------- testing Fri Jul 19 06:58:15 UTC 2019 /home/travis/build/icyphy/ptII/ptolemy/actor/lib/test/auto/MultipleLinksToSameRelationDE.xml
----------------- Instantiating /home/travis/build/icyphy/ptII/ptolemy/actor/lib/test/auto/MultipleLinksToSameRelationDE.xml
4 ms. Memory: 496640K Free: 231158K (47%)
----------------- Invoking toplevel() on ptolemy.moml.MoMLSimpleApplication@515258a8
----------------- Done invoking toplevel() on ptolemy.moml.MoMLSimpleApplication@515258a8
reloadAllAccessors: .MultipleLinksToSameRelationDE

===========================================================================================
----------------- testing Fri Jul 19 06:58:15 UTC 2019 /home/travis/build/icyphy/ptII/ptolemy/actor/lib/test/auto/Multiplexor.xml
----------------- Instantiating /home/travis/build/icyphy/ptII/ptolemy/actor/lib/test/auto/Multiplexor.xml
2 ms. Memory: 496640K Free: 225542K (45%)
----------------- Invoking toplevel() on ptolemy.moml.MoMLSimpleApplication@3435bc0
----------------- Done invoking toplevel() on ptolemy.moml.MoMLSimpleApplication@3435bc0
reloadAllAccessors: .Multiplexor

===========================================================================================
----------------- testing Fri Jul 19 06:58:15 UTC 2019 /home/travis/build/icyphy/ptII/ptolemy/actor/lib/test/auto/Multiplexor1.xml
----------------- Instantiating /home/travis/build/icyphy/ptII/ptolemy/actor/lib/test/auto/Multiplexor1.xml
2 ms. Memory: 496640K Free: 219878K (44%)
----------------- Invoking toplevel() on ptolemy.moml.MoMLSimpleApplication@3db494c1
----------------- Done invoking toplevel() on ptolemy.moml.MoMLSimpleApplication@3db494c1
reloadAllAccessors: .Multiplexor1

===========================================================================================
----------------- testing Fri Jul 19 06:58:15 UTC 2019 /home/travis/build/icyphy/ptII/ptolemy/actor/lib/test/auto/Multiplexor2.xml
----------------- Instantiating /home/travis/build/icyphy/ptII/ptolemy/actor/lib/test/auto/Multiplexor2.xml
4 ms. Memory: 496640K Free: 213254K (43%)
----------------- Invoking toplevel() on ptolemy.moml.MoMLSimpleApplication@19697224
----------------- Done invoking toplevel() on ptolemy.moml.MoMLSimpleApplication@19697224
reloadAllAccessors: .Multiplexor2

===========================================================================================
----------------- testing Fri Jul 19 06:58:15 UTC 2019 /home/travis/build/icyphy/ptII/ptolemy/actor/lib/test/auto/Multiplexor3.xml
----------------- Instantiating /home/travis/build/icyphy/ptII/ptolemy/actor/lib/test/auto/Multiplexor3.xml
3 ms. Memory: 496640K Free: 209158K (42%)
----------------- Invoking toplevel() on ptolemy.moml.MoMLSimpleApplication@3552dbf0
----------------- Done invoking toplevel() on ptolemy.moml.MoMLSimpleApplication@3552dbf0
reloadAllAccessors: .Multiplexor3

===========================================================================================
----------------- testing Fri Jul 19 06:58:15 UTC 2019 /home/travis/build/icyphy/ptII/ptolemy/actor/lib/test/auto/MultiplexorDE.xml
----------------- Instantiating /home/travis/build/icyphy/ptII/ptolemy/actor/lib/test/auto/MultiplexorDE.xml
2 ms. Memory: 496640K Free: 201446K (41%)
----------------- Invoking toplevel() on ptolemy.moml.MoMLSimpleApplication@24096325
----------------- Done invoking toplevel() on ptolemy.moml.MoMLSimpleApplication@24096325
reloadAllAccessors: .MultiplexorDE

===========================================================================================
----------------- testing Fri Jul 19 06:58:15 UTC 2019 /home/travis/build/icyphy/ptII/ptolemy/actor/lib/test/auto/MultiportBroadcastTest.xml
----------------- Instantiating /home/travis/build/icyphy/ptII/ptolemy/actor/lib/test/auto/MultiportBroadcastTest.xml
94 ms. Memory: 496640K Free: 194822K (39%)
----------------- Invoking toplevel() on ptolemy.moml.MoMLSimpleApplication@30e6b08e
----------------- Done invoking toplevel() on ptolemy.moml.MoMLSimpleApplication@30e6b08e
reloadAllAccessors: .MultiportBroadcastTest

===========================================================================================
----------------- testing Fri Jul 19 06:58:15 UTC 2019 /home/travis/build/icyphy/ptII/ptolemy/actor/lib/test/auto/MultiportOutHangDuringGetWidth.xml
----------------- Instantiating /home/travis/build/icyphy/ptII/ptolemy/actor/lib/test/auto/MultiportOutHangDuringGetWidth.xml
4 ms. Memory: 496640K Free: 182534K (37%)
----------------- Invoking toplevel() on ptolemy.moml.MoMLSimpleApplication@3103fff2
----------------- Done invoking toplevel() on ptolemy.moml.MoMLSimpleApplication@3103fff2
reloadAllAccessors: .MultiportOutHangDuringGetWidth

===========================================================================================
----------------- testing Fri Jul 19 06:58:15 UTC 2019 /home/travis/build/icyphy/ptII/ptolemy/actor/lib/test/auto/NilToken.xml
----------------- Instantiating /home/travis/build/icyphy/ptII/ptolemy/actor/lib/test/auto/NilToken.xml
2 ms. Memory: 496640K Free: 178438K (36%)
----------------- Invoking toplevel() on ptolemy.moml.MoMLSimpleApplication@52fa1526
----------------- Done invoking toplevel() on ptolemy.moml.MoMLSimpleApplication@52fa1526
reloadAllAccessors: .NilToken

===========================================================================================
----------------- testing Fri Jul 19 06:58:15 UTC 2019 /home/travis/build/icyphy/ptII/ptolemy/actor/lib/test/auto/NilTokenNonStrictTest.xml
----------------- Instantiating /home/travis/build/icyphy/ptII/ptolemy/actor/lib/test/auto/NilTokenNonStrictTest.xml
2 ms. Memory: 496640K Free: 173318K (35%)
----------------- Invoking toplevel() on ptolemy.moml.MoMLSimpleApplication@5995a28d
----------------- Done invoking toplevel() on ptolemy.moml.MoMLSimpleApplication@5995a28d
reloadAllAccessors: .NilTokenNonStrictTest

===========================================================================================
----------------- testing Fri Jul 19 06:58:15 UTC 2019 /home/travis/build/icyphy/ptII/ptolemy/actor/lib/test/auto/NilTokenRecord.xml
----------------- Instantiating /home/travis/build/icyphy/ptII/ptolemy/actor/lib/test/auto/NilTokenRecord.xml
11 ms. Memory: 496640K Free: 166660K (34%)
----------------- Invoking toplevel() on ptolemy.moml.MoMLSimpleApplication@3c2d2e8a
----------------- Done invoking toplevel() on ptolemy.moml.MoMLSimpleApplication@3c2d2e8a
reloadAllAccessors: .NilTokenRecord

===========================================================================================
----------------- testing Fri Jul 19 06:58:15 UTC 2019 /home/travis/build/icyphy/ptII/ptolemy/actor/lib/test/auto/NilTokenTypeTest.xml
----------------- Instantiating /home/travis/build/icyphy/ptII/ptolemy/actor/lib/test/auto/NilTokenTypeTest.xml
12 ms. Memory: 496640K Free: 157444K (32%)
----------------- Invoking toplevel() on ptolemy.moml.MoMLSimpleApplication@34e57344
----------------- Done invoking toplevel() on ptolemy.moml.MoMLSimpleApplication@34e57344
reloadAllAccessors: .NilTokenTypeTest

===========================================================================================
----------------- testing Fri Jul 19 06:58:15 UTC 2019 /home/travis/build/icyphy/ptII/ptolemy/actor/lib/test/auto/ObjectToken1.xml
----------------- Instantiating /home/travis/build/icyphy/ptII/ptolemy/actor/lib/test/auto/ObjectToken1.xml
3 ms. Memory: 496640K Free: 153348K (31%)
----------------- Invoking toplevel() on ptolemy.moml.MoMLSimpleApplication@736a0c0f
----------------- Done invoking toplevel() on ptolemy.moml.MoMLSimpleApplication@736a0c0f
reloadAllAccessors: .ObjectToken1

===========================================================================================
----------------- testing Fri Jul 19 06:58:15 UTC 2019 /home/travis/build/icyphy/ptII/ptolemy/actor/lib/test/auto/OrderedMerge.xml
----------------- Instantiating /home/travis/build/icyphy/ptII/ptolemy/actor/lib/test/auto/OrderedMerge.xml
9 ms. Memory: 496640K Free: 442630K (89%)
----------------- Invoking toplevel() on ptolemy.moml.MoMLSimpleApplication@615c680e
----------------- Done invoking toplevel() on ptolemy.moml.MoMLSimpleApplication@615c680e
reloadAllAccessors: .OrderedMerge

===========================================================================================
----------------- testing Fri Jul 19 06:58:15 UTC 2019 /home/travis/build/icyphy/ptII/ptolemy/actor/lib/test/auto/OrderedRecordDisassembler.xml
----------------- Instantiating /home/travis/build/icyphy/ptII/ptolemy/actor/lib/test/auto/OrderedRecordDisassembler.xml
3 ms. Memory: 496640K Free: 437510K (88%)
----------------- Invoking toplevel() on ptolemy.moml.MoMLSimpleApplication@3639da74
----------------- Done invoking toplevel() on ptolemy.moml.MoMLSimpleApplication@3639da74
reloadAllAccessors: .OrderedRecordDisassembler

===========================================================================================
----------------- testing Fri Jul 19 06:58:15 UTC 2019 /home/travis/build/icyphy/ptII/ptolemy/actor/lib/test/auto/OrderedRecordDisassembler2.xml
----------------- Instantiating /home/travis/build/icyphy/ptII/ptolemy/actor/lib/test/auto/OrderedRecordDisassembler2.xml
4 ms. Memory: 496640K Free: 429814K (87%)
----------------- Invoking toplevel() on ptolemy.moml.MoMLSimpleApplication@12d53a25
----------------- Done invoking toplevel() on ptolemy.moml.MoMLSimpleApplication@12d53a25
reloadAllAccessors: .OrderedRecordDisassembler2

===========================================================================================
----------------- testing Fri Jul 19 06:58:15 UTC 2019 /home/travis/build/icyphy/ptII/ptolemy/actor/lib/test/auto/OrderedRecordUpdater.xml
----------------- Instantiating /home/travis/build/icyphy/ptII/ptolemy/actor/lib/test/auto/OrderedRecordUpdater.xml
2 ms. Memory: 496640K Free: 424708K (86%)
----------------- Invoking toplevel() on ptolemy.moml.MoMLSimpleApplication@95544f2
----------------- Done invoking toplevel() on ptolemy.moml.MoMLSimpleApplication@95544f2
reloadAllAccessors: .RecordUpdater

===========================================================================================
----------------- testing Fri Jul 19 06:58:15 UTC 2019 /home/travis/build/icyphy/ptII/ptolemy/actor/lib/test/auto/OrderedRecordUpdater2.xml
----------------- Instantiating /home/travis/build/icyphy/ptII/ptolemy/actor/lib/test/auto/OrderedRecordUpdater2.xml
3 ms. Memory: 496640K Free: 419588K (84%)
----------------- Invoking toplevel() on ptolemy.moml.MoMLSimpleApplication@4a8f0e25
----------------- Done invoking toplevel() on ptolemy.moml.MoMLSimpleApplication@4a8f0e25
reloadAllAccessors: .RecordUpdater2

===========================================================================================
----------------- testing Fri Jul 19 06:58:15 UTC 2019 /home/travis/build/icyphy/ptII/ptolemy/actor/lib/test/auto/PhaseUnwrap.xml
----------------- Instantiating /home/travis/build/icyphy/ptII/ptolemy/actor/lib/test/auto/PhaseUnwrap.xml
1 ms. Memory: 496640K Free: 414982K (84%)
----------------- Invoking toplevel() on ptolemy.moml.MoMLSimpleApplication@68d1e2d9
----------------- Done invoking toplevel() on ptolemy.moml.MoMLSimpleApplication@68d1e2d9
reloadAllAccessors: .PhaseUnwrap

===========================================================================================
----------------- testing Fri Jul 19 06:58:15 UTC 2019 /home/travis/build/icyphy/ptII/ptolemy/actor/lib/test/auto/PoissonClock.xml
----------------- Instantiating /home/travis/build/icyphy/ptII/ptolemy/actor/lib/test/auto/PoissonClock.xml
4 ms. Memory: 496640K Free: 410886K (83%)
----------------- Invoking toplevel() on ptolemy.moml.MoMLSimpleApplication@6870411f
----------------- Done invoking toplevel() on ptolemy.moml.MoMLSimpleApplication@6870411f
reloadAllAccessors: .PoissonClock

===========================================================================================
----------------- testing Fri Jul 19 06:58:15 UTC 2019 /home/travis/build/icyphy/ptII/ptolemy/actor/lib/test/auto/PoissonClock2.xml
----------------- Instantiating /home/travis/build/icyphy/ptII/ptolemy/actor/lib/test/auto/PoissonClock2.xml
2 ms. Memory: 496640K Free: 406276K (82%)
----------------- Invoking toplevel() on ptolemy.moml.MoMLSimpleApplication@889574
----------------- Done invoking toplevel() on ptolemy.moml.MoMLSimpleApplication@889574
reloadAllAccessors: .PoissonClock2

===========================================================================================
----------------- testing Fri Jul 19 06:58:15 UTC 2019 /home/travis/build/icyphy/ptII/ptolemy/actor/lib/test/auto/PoissonClock3.xml
----------------- Instantiating /home/travis/build/icyphy/ptII/ptolemy/actor/lib/test/auto/PoissonClock3.xml
1 ms. Memory: 496640K Free: 401670K (81%)
----------------- Invoking toplevel() on ptolemy.moml.MoMLSimpleApplication@aed5b1f
----------------- Done invoking toplevel() on ptolemy.moml.MoMLSimpleApplication@aed5b1f
reloadAllAccessors: .PoissonClock3

===========================================================================================
----------------- testing Fri Jul 19 06:58:15 UTC 2019 /home/travis/build/icyphy/ptII/ptolemy/actor/lib/test/auto/PubSubWithInitialTokens.xml
----------------- Instantiating /home/travis/build/icyphy/ptII/ptolemy/actor/lib/test/auto/PubSubWithInitialTokens.xml
2 ms. Memory: 496640K Free: 396030K (80%)
----------------- Invoking toplevel() on ptolemy.moml.MoMLSimpleApplication@3952dd1f
----------------- Done invoking toplevel() on ptolemy.moml.MoMLSimpleApplication@3952dd1f
reloadAllAccessors: .PubSubWithInitialTokens

===========================================================================================
----------------- testing Fri Jul 19 06:58:15 UTC 2019 /home/travis/build/icyphy/ptII/ptolemy/actor/lib/test/auto/PubSubWithInitialTokens2.xml
----------------- Instantiating /home/travis/build/icyphy/ptII/ptolemy/actor/lib/test/auto/PubSubWithInitialTokens2.xml
1 ms. Memory: 496640K Free: 389886K (79%)
----------------- Invoking toplevel() on ptolemy.moml.MoMLSimpleApplication@f3350ef
----------------- Done invoking toplevel() on ptolemy.moml.MoMLSimpleApplication@f3350ef
reloadAllAccessors: .PubSubWithInitialTokens2

===========================================================================================
----------------- testing Fri Jul 19 06:58:15 UTC 2019 /home/travis/build/icyphy/ptII/ptolemy/actor/lib/test/auto/PublisherClassNoParameter.xml
----------------- Instantiating /home/travis/build/icyphy/ptII/ptolemy/actor/lib/test/auto/PublisherClassNoParameter.xml
2 ms. Memory: 496640K Free: 380166K (77%)
----------------- Invoking toplevel() on ptolemy.moml.MoMLSimpleApplication@34a14769
----------------- Done invoking toplevel() on ptolemy.moml.MoMLSimpleApplication@34a14769
reloadAllAccessors: .PublisherClassNoParameter

===========================================================================================
----------------- testing Fri Jul 19 06:58:15 UTC 2019 /home/travis/build/icyphy/ptII/ptolemy/actor/lib/test/auto/PublisherClassParameter.xml
----------------- Instantiating /home/travis/build/icyphy/ptII/ptolemy/actor/lib/test/auto/PublisherClassParameter.xml
2 ms. Memory: 496640K Free: 369926K (74%)
----------------- Invoking toplevel() on ptolemy.moml.MoMLSimpleApplication@610ef4a4
----------------- Done invoking toplevel() on ptolemy.moml.MoMLSimpleApplication@610ef4a4
reloadAllAccessors: .PublisherClassParameter

===========================================================================================
----------------- testing Fri Jul 19 06:58:15 UTC 2019 /home/travis/build/icyphy/ptII/ptolemy/actor/lib/test/auto/PublisherNonStrictTest.xml
----------------- Instantiating /home/travis/build/icyphy/ptII/ptolemy/actor/lib/test/auto/PublisherNonStrictTest.xml
2 ms. Memory: 496640K Free: 362238K (73%)
----------------- Invoking toplevel() on ptolemy.moml.MoMLSimpleApplication@79ba2bba
----------------- Done invoking toplevel() on ptolemy.moml.MoMLSimpleApplication@79ba2bba
reloadAllAccessors: .PublisherNonStrictTest

===========================================================================================
----------------- testing Fri Jul 19 06:58:15 UTC 2019 /home/travis/build/icyphy/ptII/ptolemy/actor/lib/test/auto/PublisherPort1.xml
----------------- Instantiating /home/travis/build/icyphy/ptII/ptolemy/actor/lib/test/auto/PublisherPort1.xml
6 ms. Memory: 496640K Free: 356614K (72%)
----------------- Invoking toplevel() on ptolemy.moml.MoMLSimpleApplication@9ac527b
----------------- Done invoking toplevel() on ptolemy.moml.MoMLSimpleApplication@9ac527b
reloadAllAccessors: .PublisherPort1

===========================================================================================
----------------- testing Fri Jul 19 06:58:15 UTC 2019 /home/travis/build/icyphy/ptII/ptolemy/actor/lib/test/auto/PublisherPort2.xml
----------------- Instantiating /home/travis/build/icyphy/ptII/ptolemy/actor/lib/test/auto/PublisherPort2.xml
1 ms. Memory: 496640K Free: 351494K (71%)
----------------- Invoking toplevel() on ptolemy.moml.MoMLSimpleApplication@370ec253
----------------- Done invoking toplevel() on ptolemy.moml.MoMLSimpleApplication@370ec253
reloadAllAccessors: .PublisherPort2

===========================================================================================
----------------- testing Fri Jul 19 06:58:15 UTC 2019 /home/travis/build/icyphy/ptII/ptolemy/actor/lib/test/auto/PublisherPort3.xml
----------------- Instantiating /home/travis/build/icyphy/ptII/ptolemy/actor/lib/test/auto/PublisherPort3.xml
9 ms. Memory: 496640K Free: 344806K (69%)
----------------- Invoking toplevel() on ptolemy.moml.MoMLSimpleApplication@1a2c5f18
----------------- Done invoking toplevel() on ptolemy.moml.MoMLSimpleApplication@1a2c5f18
reloadAllAccessors: .PublisherPort3

===========================================================================================
----------------- testing Fri Jul 19 06:58:15 UTC 2019 /home/travis/build/icyphy/ptII/ptolemy/actor/lib/test/auto/PublisherPort4.xml
----------------- Instantiating /home/travis/build/icyphy/ptII/ptolemy/actor/lib/test/auto/PublisherPort4.xml
2 ms. Memory: 496640K Free: 339206K (68%)
----------------- Invoking toplevel() on ptolemy.moml.MoMLSimpleApplication@57ecd688
----------------- Done invoking toplevel() on ptolemy.moml.MoMLSimpleApplication@57ecd688
reloadAllAccessors: .PublisherPort4

===========================================================================================
----------------- testing Fri Jul 19 06:58:15 UTC 2019 /home/travis/build/icyphy/ptII/ptolemy/actor/lib/test/auto/PublisherPort5.xml
----------------- Instantiating /home/travis/build/icyphy/ptII/ptolemy/actor/lib/test/auto/PublisherPort5.xml
3 ms. Memory: 496640K Free: 331524K (67%)
----------------- Invoking toplevel() on ptolemy.moml.MoMLSimpleApplication@2c81789d
----------------- Done invoking toplevel() on ptolemy.moml.MoMLSimpleApplication@2c81789d
reloadAllAccessors: .PublisherPort5

===========================================================================================
----------------- testing Fri Jul 19 06:58:15 UTC 2019 /home/travis/build/icyphy/ptII/ptolemy/actor/lib/test/auto/PublisherPort5LookAlike.xml
----------------- Instantiating /home/travis/build/icyphy/ptII/ptolemy/actor/lib/test/auto/PublisherPort5LookAlike.xml
8 ms. Memory: 496640K Free: 323846K (65%)
----------------- Invoking toplevel() on ptolemy.moml.MoMLSimpleApplication@207a05f7
----------------- Done invoking toplevel() on ptolemy.moml.MoMLSimpleApplication@207a05f7
reloadAllAccessors: .PublisherPort5LookAlike

===========================================================================================
----------------- testing Fri Jul 19 06:58:15 UTC 2019 /home/travis/build/icyphy/ptII/ptolemy/actor/lib/test/auto/PublisherPort6.xml
----------------- Instantiating /home/travis/build/icyphy/ptII/ptolemy/actor/lib/test/auto/PublisherPort6.xml
2 ms. Memory: 496640K Free: 317188K (64%)
----------------- Invoking toplevel() on ptolemy.moml.MoMLSimpleApplication@66e726ce
----------------- Done invoking toplevel() on ptolemy.moml.MoMLSimpleApplication@66e726ce
reloadAllAccessors: .PublisherPort6

===========================================================================================
----------------- testing Fri Jul 19 06:58:16 UTC 2019 /home/travis/build/icyphy/ptII/ptolemy/actor/lib/test/auto/PublisherPort7.xml
----------------- Instantiating /home/travis/build/icyphy/ptII/ptolemy/actor/lib/test/auto/PublisherPort7.xml
3 ms. Memory: 496640K Free: 309510K (62%)
----------------- Invoking toplevel() on ptolemy.moml.MoMLSimpleApplication@2ec2a9b6
----------------- Done invoking toplevel() on ptolemy.moml.MoMLSimpleApplication@2ec2a9b6
reloadAllAccessors: .PublisherPort7

===========================================================================================
----------------- testing Fri Jul 19 06:58:16 UTC 2019 /home/travis/build/icyphy/ptII/ptolemy/actor/lib/test/auto/PublisherPort8.xml
----------------- Instantiating /home/travis/build/icyphy/ptII/ptolemy/actor/lib/test/auto/PublisherPort8.xml
4 ms. Memory: 496640K Free: 300804K (61%)
----------------- Invoking toplevel() on ptolemy.moml.MoMLSimpleApplication@4fb3209d
----------------- Done invoking toplevel() on ptolemy.moml.MoMLSimpleApplication@4fb3209d
reloadAllAccessors: .PublisherPort8

===========================================================================================
----------------- testing Fri Jul 19 06:58:16 UTC 2019 /home/travis/build/icyphy/ptII/ptolemy/actor/lib/test/auto/PublisherPortSubscriberChannelVariablesAOC2.xml
----------------- Instantiating /home/travis/build/icyphy/ptII/ptolemy/actor/lib/test/auto/PublisherPortSubscriberChannelVariablesAOC2.xml
3 ms. Memory: 496640K Free: 283396K (57%)
----------------- Invoking toplevel() on ptolemy.moml.MoMLSimpleApplication@53ff0934
----------------- Done invoking toplevel() on ptolemy.moml.MoMLSimpleApplication@53ff0934
reloadAllAccessors: .PublisherPortSubscriberChannelVariablesAOC2

===========================================================================================
----------------- testing Fri Jul 19 06:58:16 UTC 2019 /home/travis/build/icyphy/ptII/ptolemy/actor/lib/test/auto/PublisherPortSubscriberOpaqueWidthInference.xml
----------------- Instantiating /home/travis/build/icyphy/ptII/ptolemy/actor/lib/test/auto/PublisherPortSubscriberOpaqueWidthInference.xml
3 ms. Memory: 496640K Free: 275190K (55%)
----------------- Invoking toplevel() on ptolemy.moml.MoMLSimpleApplication@5f6fa446
----------------- Done invoking toplevel() on ptolemy.moml.MoMLSimpleApplication@5f6fa446
reloadAllAccessors: .PublisherPortSubscriberOpaqueWidthInference

===========================================================================================
----------------- testing Fri Jul 19 06:58:16 UTC 2019 /home/travis/build/icyphy/ptII/ptolemy/actor/lib/test/auto/PublisherPortSubscriberPortAdjacent.xml
----------------- Instantiating /home/travis/build/icyphy/ptII/ptolemy/actor/lib/test/auto/PublisherPortSubscriberPortAdjacent.xml
2 ms. Memory: 496640K Free: 267012K (54%)
----------------- Invoking toplevel() on ptolemy.moml.MoMLSimpleApplication@b5b78e5
----------------- Done invoking toplevel() on ptolemy.moml.MoMLSimpleApplication@b5b78e5
reloadAllAccessors: .PublisherPortSubscriberPortAdjacent

===========================================================================================
----------------- testing Fri Jul 19 06:58:16 UTC 2019 /home/travis/build/icyphy/ptII/ptolemy/actor/lib/test/auto/PublisherPortSubscriberPortExpression.xml
----------------- Instantiating /home/travis/build/icyphy/ptII/ptolemy/actor/lib/test/auto/PublisherPortSubscriberPortExpression.xml
8 ms. Memory: 496640K Free: 259334K (52%)
----------------- Invoking toplevel() on ptolemy.moml.MoMLSimpleApplication@68eb75e0
----------------- Done invoking toplevel() on ptolemy.moml.MoMLSimpleApplication@68eb75e0
reloadAllAccessors: .PublisherPortSubscriberPortExpression

===========================================================================================
----------------- testing Fri Jul 19 06:58:16 UTC 2019 /home/travis/build/icyphy/ptII/ptolemy/actor/lib/test/auto/PublisherPortSubscriberPortOpaqueD3Reverse.xml
----------------- Instantiating /home/travis/build/icyphy/ptII/ptolemy/actor/lib/test/auto/PublisherPortSubscriberPortOpaqueD3Reverse.xml
6 ms. Memory: 496640K Free: 249094K (50%)
----------------- Invoking toplevel() on ptolemy.moml.MoMLSimpleApplication@48660ea1
----------------- Done invoking toplevel() on ptolemy.moml.MoMLSimpleApplication@48660ea1
reloadAllAccessors: .PublisherPortSubscriberPortOpaqueD3Reverse

===========================================================================================
----------------- testing Fri Jul 19 06:58:16 UTC 2019 /home/travis/build/icyphy/ptII/ptolemy/actor/lib/test/auto/PublisherPortSubscriberPortOpaqueWidthInference.xml
----------------- Instantiating /home/travis/build/icyphy/ptII/ptolemy/actor/lib/test/auto/PublisherPortSubscriberPortOpaqueWidthInference.xml
3 ms. Memory: 496640K Free: 241398K (49%)
----------------- Invoking toplevel() on ptolemy.moml.MoMLSimpleApplication@140bf7c0
----------------- Done invoking toplevel() on ptolemy.moml.MoMLSimpleApplication@140bf7c0
reloadAllAccessors: .PublisherPortSubscriberPortOpaqueWidthInference

===========================================================================================
----------------- testing Fri Jul 19 06:58:16 UTC 2019 /home/travis/build/icyphy/ptII/ptolemy/actor/lib/test/auto/PublisherPortToplevelSubscriberPortAOC.xml
----------------- Instantiating /home/travis/build/icyphy/ptII/ptolemy/actor/lib/test/auto/PublisherPortToplevelSubscriberPortAOC.xml
.PublisherPortToplevelSubscriberPortAOC.TestExceptionAttribute: initialize() was not invoked, but wrapup() was.  This is unusual, but not always a problem.  For example, exporting JNLP will do this.
1 ms. Memory: 496640K Free: 234758K (47%)
----------------- Invoking toplevel() on ptolemy.moml.MoMLSimpleApplication@5f21dd43
----------------- Done invoking toplevel() on ptolemy.moml.MoMLSimpleApplication@5f21dd43
reloadAllAccessors: .PublisherPortToplevelSubscriberPortAOC

===========================================================================================
----------------- testing Fri Jul 19 06:58:16 UTC 2019 /home/travis/build/icyphy/ptII/ptolemy/actor/lib/test/auto/PublisherSubscriber.xml
----------------- Instantiating /home/travis/build/icyphy/ptII/ptolemy/actor/lib/test/auto/PublisherSubscriber.xml
3 ms. Memory: 496640K Free: 227590K (46%)
----------------- Invoking toplevel() on ptolemy.moml.MoMLSimpleApplication@60eeaabf
----------------- Done invoking toplevel() on ptolemy.moml.MoMLSimpleApplication@60eeaabf
reloadAllAccessors: .PublisherSubscriber

===========================================================================================
----------------- testing Fri Jul 19 06:58:16 UTC 2019 /home/travis/build/icyphy/ptII/ptolemy/actor/lib/test/auto/PublisherSubscriber10.xml
----------------- Instantiating /home/travis/build/icyphy/ptII/ptolemy/actor/lib/test/auto/PublisherSubscriber10.xml
7 ms. Memory: 496640K Free: 217860K (44%)
----------------- Invoking toplevel() on ptolemy.moml.MoMLSimpleApplication@7f99072b
----------------- Done invoking toplevel() on ptolemy.moml.MoMLSimpleApplication@7f99072b
reloadAllAccessors: .PublisherSubscriber10

===========================================================================================
----------------- testing Fri Jul 19 06:58:16 UTC 2019 /home/travis/build/icyphy/ptII/ptolemy/actor/lib/test/auto/PublisherSubscriber10InitialOutputs.xml
----------------- Instantiating /home/travis/build/icyphy/ptII/ptolemy/actor/lib/test/auto/PublisherSubscriber10InitialOutputs.xml
16 ms. Memory: 496640K Free: 208644K (42%)
----------------- Invoking toplevel() on ptolemy.moml.MoMLSimpleApplication@6b9094f
----------------- Done invoking toplevel() on ptolemy.moml.MoMLSimpleApplication@6b9094f
reloadAllAccessors: .PublisherSubscriber10InitialOutputs

===========================================================================================
----------------- testing Fri Jul 19 06:58:16 UTC 2019 /home/travis/build/icyphy/ptII/ptolemy/actor/lib/test/auto/PublisherSubscriber11.xml
----------------- Instantiating /home/travis/build/icyphy/ptII/ptolemy/actor/lib/test/auto/PublisherSubscriber11.xml
3 ms. Memory: 496640K Free: 202470K (41%)
----------------- Invoking toplevel() on ptolemy.moml.MoMLSimpleApplication@58cc1493
----------------- Done invoking toplevel() on ptolemy.moml.MoMLSimpleApplication@58cc1493
reloadAllAccessors: .PublisherSubscriber11

===========================================================================================
----------------- testing Fri Jul 19 06:58:16 UTC 2019 /home/travis/build/icyphy/ptII/ptolemy/actor/lib/test/auto/PublisherSubscriber12.xml
----------------- Instantiating /home/travis/build/icyphy/ptII/ptolemy/actor/lib/test/auto/PublisherSubscriber12.xml
6 ms. Memory: 496640K Free: 195846K (39%)
----------------- Invoking toplevel() on ptolemy.moml.MoMLSimpleApplication@35a58fe6
----------------- Done invoking toplevel() on ptolemy.moml.MoMLSimpleApplication@35a58fe6
reloadAllAccessors: .PublisherSubscriber12

===========================================================================================
----------------- testing Fri Jul 19 06:58:16 UTC 2019 /home/travis/build/icyphy/ptII/ptolemy/actor/lib/test/auto/PublisherSubscriber13.xml
----------------- Instantiating /home/travis/build/icyphy/ptII/ptolemy/actor/lib/test/auto/PublisherSubscriber13.xml
3 ms. Memory: 496640K Free: 190198K (38%)
----------------- Invoking toplevel() on ptolemy.moml.MoMLSimpleApplication@f400281
----------------- Done invoking toplevel() on ptolemy.moml.MoMLSimpleApplication@f400281
reloadAllAccessors: .PublisherSubscriber13

===========================================================================================
----------------- testing Fri Jul 19 06:58:16 UTC 2019 /home/travis/build/icyphy/ptII/ptolemy/actor/lib/test/auto/PublisherSubscriber14.xml
----------------- Instantiating /home/travis/build/icyphy/ptII/ptolemy/actor/lib/test/auto/PublisherSubscriber14.xml
2 ms. Memory: 496640K Free: 181510K (37%)
----------------- Invoking toplevel() on ptolemy.moml.MoMLSimpleApplication@7e2c5056
----------------- Done invoking toplevel() on ptolemy.moml.MoMLSimpleApplication@7e2c5056
reloadAllAccessors: .PublisherSubscriber14

===========================================================================================
----------------- testing Fri Jul 19 06:58:16 UTC 2019 /home/travis/build/icyphy/ptII/ptolemy/actor/lib/test/auto/PublisherSubscriber2.xml
----------------- Instantiating /home/travis/build/icyphy/ptII/ptolemy/actor/lib/test/auto/PublisherSubscriber2.xml
2 ms. Memory: 496640K Free: 175846K (35%)
----------------- Invoking toplevel() on ptolemy.moml.MoMLSimpleApplication@505b1391
----------------- Done invoking toplevel() on ptolemy.moml.MoMLSimpleApplication@505b1391
reloadAllAccessors: .PublisherSubscriber2

===========================================================================================
----------------- testing Fri Jul 19 06:58:16 UTC 2019 /home/travis/build/icyphy/ptII/ptolemy/actor/lib/test/auto/PublisherSubscriber3.xml
----------------- Instantiating /home/travis/build/icyphy/ptII/ptolemy/actor/lib/test/auto/PublisherSubscriber3.xml
2 ms. Memory: 496640K Free: 170246K (34%)
----------------- Invoking toplevel() on ptolemy.moml.MoMLSimpleApplication@4f104c47
----------------- Done invoking toplevel() on ptolemy.moml.MoMLSimpleApplication@4f104c47
reloadAllAccessors: .PublisherSubscriber3

===========================================================================================
----------------- testing Fri Jul 19 06:58:16 UTC 2019 /home/travis/build/icyphy/ptII/ptolemy/actor/lib/test/auto/PublisherSubscriber4.xml
----------------- Instantiating /home/travis/build/icyphy/ptII/ptolemy/actor/lib/test/auto/PublisherSubscriber4.xml
1 ms. Memory: 496640K Free: 165126K (33%)
----------------- Invoking toplevel() on ptolemy.moml.MoMLSimpleApplication@2d2a7bfb
----------------- Done invoking toplevel() on ptolemy.moml.MoMLSimpleApplication@2d2a7bfb
reloadAllAccessors: .PublisherSubscriber4

===========================================================================================
----------------- testing Fri Jul 19 06:58:16 UTC 2019 /home/travis/build/icyphy/ptII/ptolemy/actor/lib/test/auto/PublisherSubscriber5.xml
----------------- Instantiating /home/travis/build/icyphy/ptII/ptolemy/actor/lib/test/auto/PublisherSubscriber5.xml
2 ms. Memory: 496640K Free: 158468K (32%)
----------------- Invoking toplevel() on ptolemy.moml.MoMLSimpleApplication@6797a7aa
----------------- Done invoking toplevel() on ptolemy.moml.MoMLSimpleApplication@6797a7aa
reloadAllAccessors: .PublisherSubscriber5

===========================================================================================
----------------- testing Fri Jul 19 06:58:16 UTC 2019 /home/travis/build/icyphy/ptII/ptolemy/actor/lib/test/auto/PublisherSubscriber6.xml
----------------- Instantiating /home/travis/build/icyphy/ptII/ptolemy/actor/lib/test/auto/PublisherSubscriber6.xml
14 ms. Memory: 496640K Free: 446736K (90%)
----------------- Invoking toplevel() on ptolemy.moml.MoMLSimpleApplication@6b1af0f8
----------------- Done invoking toplevel() on ptolemy.moml.MoMLSimpleApplication@6b1af0f8
reloadAllAccessors: .PublisherSubscriber6

===========================================================================================
----------------- testing Fri Jul 19 06:58:16 UTC 2019 /home/travis/build/icyphy/ptII/ptolemy/actor/lib/test/auto/PublisherSubscriber7.xml
----------------- Instantiating /home/travis/build/icyphy/ptII/ptolemy/actor/lib/test/auto/PublisherSubscriber7.xml
8 ms. Memory: 496640K Free: 439568K (89%)
----------------- Invoking toplevel() on ptolemy.moml.MoMLSimpleApplication@43c3b016
----------------- Done invoking toplevel() on ptolemy.moml.MoMLSimpleApplication@43c3b016
reloadAllAccessors: .PublisherSubscriber7

===========================================================================================
----------------- testing Fri Jul 19 06:58:16 UTC 2019 /home/travis/build/icyphy/ptII/ptolemy/actor/lib/test/auto/PublisherSubscriber8.xml
----------------- Instantiating /home/travis/build/icyphy/ptII/ptolemy/actor/lib/test/auto/PublisherSubscriber8.xml
20 ms. Memory: 496640K Free: 427280K (86%)
----------------- Invoking toplevel() on ptolemy.moml.MoMLSimpleApplication@6eca7c7c
----------------- Done invoking toplevel() on ptolemy.moml.MoMLSimpleApplication@6eca7c7c
reloadAllAccessors: .PublisherSubscriber8

===========================================================================================
----------------- testing Fri Jul 19 06:58:16 UTC 2019 /home/travis/build/icyphy/ptII/ptolemy/actor/lib/test/auto/PublisherSubscriber9.xml
----------------- Instantiating /home/travis/build/icyphy/ptII/ptolemy/actor/lib/test/auto/PublisherSubscriber9.xml
3 ms. Memory: 496640K Free: 420112K (85%)
----------------- Invoking toplevel() on ptolemy.moml.MoMLSimpleApplication@673da450
----------------- Done invoking toplevel() on ptolemy.moml.MoMLSimpleApplication@673da450
reloadAllAccessors: .PublisherSubscriber9

===========================================================================================
----------------- testing Fri Jul 19 06:58:16 UTC 2019 /home/travis/build/icyphy/ptII/ptolemy/actor/lib/test/auto/PublisherSubscriberAdjacent.xml
----------------- Instantiating /home/travis/build/icyphy/ptII/ptolemy/actor/lib/test/auto/PublisherSubscriberAdjacent.xml
1 ms. Memory: 496640K Free: 411920K (83%)
----------------- Invoking toplevel() on ptolemy.moml.MoMLSimpleApplication@2556adae
----------------- Done invoking toplevel() on ptolemy.moml.MoMLSimpleApplication@2556adae
reloadAllAccessors: .PublisherSubscriberAdjacent

===========================================================================================
----------------- testing Fri Jul 19 06:58:16 UTC 2019 /home/travis/build/icyphy/ptII/ptolemy/actor/lib/test/auto/PublisherSubscriberChannelVariablesAOC2.xml
----------------- Instantiating /home/travis/build/icyphy/ptII/ptolemy/actor/lib/test/auto/PublisherSubscriberChannelVariablesAOC2.xml
2 ms. Memory: 496640K Free: 397070K (80%)
----------------- Invoking toplevel() on ptolemy.moml.MoMLSimpleApplication@303ab26
----------------- Done invoking toplevel() on ptolemy.moml.MoMLSimpleApplication@303ab26
reloadAllAccessors: .PublisherSubscriberChannelVariablesAOC2

===========================================================================================
----------------- testing Fri Jul 19 06:58:16 UTC 2019 /home/travis/build/icyphy/ptII/ptolemy/actor/lib/test/auto/PublisherSubscriberD3.xml
----------------- Instantiating /home/travis/build/icyphy/ptII/ptolemy/actor/lib/test/auto/PublisherSubscriberD3.xml
1 ms. Memory: 496640K Free: 389392K (78%)
----------------- Invoking toplevel() on ptolemy.moml.MoMLSimpleApplication@723a38b6
----------------- Done invoking toplevel() on ptolemy.moml.MoMLSimpleApplication@723a38b6
reloadAllAccessors: .PublisherSubscriberD3

===========================================================================================
----------------- testing Fri Jul 19 06:58:16 UTC 2019 /home/travis/build/icyphy/ptII/ptolemy/actor/lib/test/auto/PublisherSubscriberD3Reverse.xml
----------------- Instantiating /home/travis/build/icyphy/ptII/ptolemy/actor/lib/test/auto/PublisherSubscriberD3Reverse.xml
1 ms. Memory: 496640K Free: 383248K (77%)
----------------- Invoking toplevel() on ptolemy.moml.MoMLSimpleApplication@23e2ee57
----------------- Done invoking toplevel() on ptolemy.moml.MoMLSimpleApplication@23e2ee57
reloadAllAccessors: .PublisherSubscriberD3Reverse

===========================================================================================
----------------- testing Fri Jul 19 06:58:16 UTC 2019 /home/travis/build/icyphy/ptII/ptolemy/actor/lib/test/auto/PublisherSubscriberExpression.xml
----------------- Instantiating /home/travis/build/icyphy/ptII/ptolemy/actor/lib/test/auto/PublisherSubscriberExpression.xml
4 ms. Memory: 496640K Free: 374528K (75%)
----------------- Invoking toplevel() on ptolemy.moml.MoMLSimpleApplication@26dc0fe6
----------------- Done invoking toplevel() on ptolemy.moml.MoMLSimpleApplication@26dc0fe6
reloadAllAccessors: .PublisherSubscriberExpression

===========================================================================================
----------------- testing Fri Jul 19 06:58:16 UTC 2019 /home/travis/build/icyphy/ptII/ptolemy/actor/lib/test/auto/PublisherSubscriberOpaque.xml
----------------- Instantiating /home/travis/build/icyphy/ptII/ptolemy/actor/lib/test/auto/PublisherSubscriberOpaque.xml
3 ms. Memory: 496640K Free: 366350K (74%)
----------------- Invoking toplevel() on ptolemy.moml.MoMLSimpleApplication@2b79283
----------------- Done invoking toplevel() on ptolemy.moml.MoMLSimpleApplication@2b79283
reloadAllAccessors: .PublisherSubscriberOpaque

===========================================================================================
----------------- testing Fri Jul 19 06:58:16 UTC 2019 /home/travis/build/icyphy/ptII/ptolemy/actor/lib/test/auto/PublisherSubscriberOpaqueD3.xml
----------------- Instantiating /home/travis/build/icyphy/ptII/ptolemy/actor/lib/test/auto/PublisherSubscriberOpaqueD3.xml
5 ms. Memory: 496640K Free: 354576K (71%)
----------------- Invoking toplevel() on ptolemy.moml.MoMLSimpleApplication@3793976f
----------------- Done invoking toplevel() on ptolemy.moml.MoMLSimpleApplication@3793976f
reloadAllAccessors: .PublisherSubscriberOpaqueD3

===========================================================================================
----------------- testing Fri Jul 19 06:58:16 UTC 2019 /home/travis/build/icyphy/ptII/ptolemy/actor/lib/test/auto/PublisherSubscriberOpaqueD3Reverse.xml
----------------- Instantiating /home/travis/build/icyphy/ptII/ptolemy/actor/lib/test/auto/PublisherSubscriberOpaqueD3Reverse.xml
7 ms. Memory: 496640K Free: 343822K (69%)
----------------- Invoking toplevel() on ptolemy.moml.MoMLSimpleApplication@19432d87
----------------- Done invoking toplevel() on ptolemy.moml.MoMLSimpleApplication@19432d87
reloadAllAccessors: .PublisherSubscriberOpaqueD3Reverse

===========================================================================================
----------------- testing Fri Jul 19 06:58:16 UTC 2019 /home/travis/build/icyphy/ptII/ptolemy/actor/lib/test/auto/PublisherSubscriberOpaqueWidthInference.xml
----------------- Instantiating /home/travis/build/icyphy/ptII/ptolemy/actor/lib/test/auto/PublisherSubscriberOpaqueWidthInference.xml
3 ms. Memory: 496640K Free: 335616K (68%)
----------------- Invoking toplevel() on ptolemy.moml.MoMLSimpleApplication@5eb6ea4b
----------------- Done invoking toplevel() on ptolemy.moml.MoMLSimpleApplication@5eb6ea4b
reloadAllAccessors: .PublisherSubscriberOpaqueWidthInference

===========================================================================================
----------------- testing Fri Jul 19 06:58:16 UTC 2019 /home/travis/build/icyphy/ptII/ptolemy/actor/lib/test/auto/PublisherTestSubscriber.xml
----------------- Instantiating /home/travis/build/icyphy/ptII/ptolemy/actor/lib/test/auto/PublisherTestSubscriber.xml
3 ms. Memory: 496640K Free: 327952K (66%)
----------------- Invoking toplevel() on ptolemy.moml.MoMLSimpleApplication@723c3a23
----------------- Done invoking toplevel() on ptolemy.moml.MoMLSimpleApplication@723c3a23
reloadAllAccessors: .PublisherTestSubscriber

===========================================================================================
----------------- testing Fri Jul 19 06:58:16 UTC 2019 /home/travis/build/icyphy/ptII/ptolemy/actor/lib/test/auto/PublisherToplevelSubscriberPortAOC.xml
----------------- Instantiating /home/travis/build/icyphy/ptII/ptolemy/actor/lib/test/auto/PublisherToplevelSubscriberPortAOC.xml
1 ms. Memory: 496640K Free: 321288K (65%)
----------------- Invoking toplevel() on ptolemy.moml.MoMLSimpleApplication@2124de41
----------------- Done invoking toplevel() on ptolemy.moml.MoMLSimpleApplication@2124de41
reloadAllAccessors: .PublisherToplevelSubscriberPortAOC

===========================================================================================
----------------- testing Fri Jul 19 06:58:16 UTC 2019 /home/travis/build/icyphy/ptII/ptolemy/actor/lib/test/auto/PulseFiringLimitDE.xml
----------------- Instantiating /home/travis/build/icyphy/ptII/ptolemy/actor/lib/test/auto/PulseFiringLimitDE.xml
2 ms. Memory: 496640K Free: 314640K (63%)
----------------- Invoking toplevel() on ptolemy.moml.MoMLSimpleApplication@25f40062
----------------- Done invoking toplevel() on ptolemy.moml.MoMLSimpleApplication@25f40062
reloadAllAccessors: .PulseFiringLimitDE

===========================================================================================
----------------- testing Fri Jul 19 06:58:16 UTC 2019 /home/travis/build/icyphy/ptII/ptolemy/actor/lib/test/auto/Ramp1.xml
----------------- Instantiating /home/travis/build/icyphy/ptII/ptolemy/actor/lib/test/auto/Ramp1.xml
1 ms. Memory: 496640K Free: 310024K (62%)
----------------- Invoking toplevel() on ptolemy.moml.MoMLSimpleApplication@2d287db
----------------- Done invoking toplevel() on ptolemy.moml.MoMLSimpleApplication@2d287db
reloadAllAccessors: .Ramp1

===========================================================================================
----------------- testing Fri Jul 19 06:58:16 UTC 2019 /home/travis/build/icyphy/ptII/ptolemy/actor/lib/test/auto/RampFiringLimitDE.xml
----------------- Instantiating /home/travis/build/icyphy/ptII/ptolemy/actor/lib/test/auto/RampFiringLimitDE.xml
2 ms. Memory: 496640K Free: 303872K (61%)
----------------- Invoking toplevel() on ptolemy.moml.MoMLSimpleApplication@255a35ab
----------------- Done invoking toplevel() on ptolemy.moml.MoMLSimpleApplication@255a35ab
reloadAllAccessors: .RampFiringLimitDE

===========================================================================================
----------------- testing Fri Jul 19 06:58:16 UTC 2019 /home/travis/build/icyphy/ptII/ptolemy/actor/lib/test/auto/RampFiringLimitSDF.xml
----------------- Instantiating /home/travis/build/icyphy/ptII/ptolemy/actor/lib/test/auto/RampFiringLimitSDF.xml
2 ms. Memory: 496640K Free: 298752K (60%)
----------------- Invoking toplevel() on ptolemy.moml.MoMLSimpleApplication@35ed28ad
----------------- Done invoking toplevel() on ptolemy.moml.MoMLSimpleApplication@35ed28ad
reloadAllAccessors: .RampFiringLimitSDF

===========================================================================================
----------------- testing Fri Jul 19 06:58:16 UTC 2019 /home/travis/build/icyphy/ptII/ptolemy/actor/lib/test/auto/RandomInteger.xml
----------------- Instantiating /home/travis/build/icyphy/ptII/ptolemy/actor/lib/test/auto/RandomInteger.xml
1 ms. Memory: 496640K Free: 294670K (59%)
----------------- Invoking toplevel() on ptolemy.moml.MoMLSimpleApplication@45092e8a
----------------- Done invoking toplevel() on ptolemy.moml.MoMLSimpleApplication@45092e8a
reloadAllAccessors: .RandomInteger

===========================================================================================
----------------- testing Fri Jul 19 06:58:16 UTC 2019 /home/travis/build/icyphy/ptII/ptolemy/actor/lib/test/auto/ReadFile1.xml
----------------- Instantiating /home/travis/build/icyphy/ptII/ptolemy/actor/lib/test/auto/ReadFile1.xml
2 ms. Memory: 496640K Free: 290064K (58%)
----------------- Invoking toplevel() on ptolemy.moml.MoMLSimpleApplication@62989f42
----------------- Done invoking toplevel() on ptolemy.moml.MoMLSimpleApplication@62989f42
reloadAllAccessors: .ReadFile1

===========================================================================================
----------------- testing Fri Jul 19 06:58:16 UTC 2019 /home/travis/build/icyphy/ptII/ptolemy/actor/lib/test/auto/ReadFile2.xml
----------------- Instantiating /home/travis/build/icyphy/ptII/ptolemy/actor/lib/test/auto/ReadFile2.xml
1 ms. Memory: 496640K Free: 285968K (58%)
----------------- Invoking toplevel() on ptolemy.moml.MoMLSimpleApplication@33565b44
----------------- Done invoking toplevel() on ptolemy.moml.MoMLSimpleApplication@33565b44
reloadAllAccessors: .ReadFile2

===========================================================================================
----------------- testing Fri Jul 19 06:58:16 UTC 2019 /home/travis/build/icyphy/ptII/ptolemy/actor/lib/test/auto/Reader.xml
----------------- Instantiating /home/travis/build/icyphy/ptII/ptolemy/actor/lib/test/auto/Reader.xml
actor.lib.Reader is obsolete, use actor.lib.io.ExpressionReader instead
1 ms. Memory: 496640K Free: 281872K (57%)
----------------- Invoking toplevel() on ptolemy.moml.MoMLSimpleApplication@55d1446b
----------------- Done invoking toplevel() on ptolemy.moml.MoMLSimpleApplication@55d1446b
reloadAllAccessors: .Reader

===========================================================================================
----------------- testing Fri Jul 19 06:58:16 UTC 2019 /home/travis/build/icyphy/ptII/ptolemy/actor/lib/test/auto/RecordAssemblerDisplayNameTest.xml
----------------- Instantiating /home/travis/build/icyphy/ptII/ptolemy/actor/lib/test/auto/RecordAssemblerDisplayNameTest.xml
3388 ms. Memory: 496640K Free: 251387K (51%)
----------------- Invoking toplevel() on ptolemy.moml.MoMLSimpleApplication@8500ef0
----------------- Done invoking toplevel() on ptolemy.moml.MoMLSimpleApplication@8500ef0
reloadAllAccessors: .RecordAssemblerDisplayNameTest

===========================================================================================
----------------- testing Fri Jul 19 06:58:20 UTC 2019 /home/travis/build/icyphy/ptII/ptolemy/actor/lib/test/auto/RecordAssemblerTypeError.xml
----------------- Instantiating /home/travis/build/icyphy/ptII/ptolemy/actor/lib/test/auto/RecordAssemblerTypeError.xml
11 ms. Memory: 496640K Free: 241661K (49%)
----------------- Invoking toplevel() on ptolemy.moml.MoMLSimpleApplication@4e9246ff
----------------- Done invoking toplevel() on ptolemy.moml.MoMLSimpleApplication@4e9246ff
reloadAllAccessors: .RecordAssemblerTypeError

===========================================================================================
----------------- testing Fri Jul 19 06:58:20 UTC 2019 /home/travis/build/icyphy/ptII/ptolemy/actor/lib/test/auto/RecordDisassember.xml
----------------- Instantiating /home/travis/build/icyphy/ptII/ptolemy/actor/lib/test/auto/RecordDisassember.xml
13 ms. Memory: 496640K Free: 237021K (48%)
----------------- Invoking toplevel() on ptolemy.moml.MoMLSimpleApplication@6853569
----------------- Done invoking toplevel() on ptolemy.moml.MoMLSimpleApplication@6853569
reloadAllAccessors: .RecordDisassember

===========================================================================================
----------------- testing Fri Jul 19 06:58:20 UTC 2019 /home/travis/build/icyphy/ptII/ptolemy/actor/lib/test/auto/RecordDisassemberDisplayNameTest.xml
----------------- Instantiating /home/travis/build/icyphy/ptII/ptolemy/actor/lib/test/auto/RecordDisassemberDisplayNameTest.xml
10 ms. Memory: 496640K Free: 228859K (46%)
----------------- Invoking toplevel() on ptolemy.moml.MoMLSimpleApplication@397bfe0e
----------------- Done invoking toplevel() on ptolemy.moml.MoMLSimpleApplication@397bfe0e
reloadAllAccessors: .RecordDisassemberDisplayNameTest

===========================================================================================
----------------- testing Fri Jul 19 06:58:20 UTC 2019 /home/travis/build/icyphy/ptII/ptolemy/actor/lib/test/auto/RecordDisassembler.xml
----------------- Instantiating /home/travis/build/icyphy/ptII/ptolemy/actor/lib/test/auto/RecordDisassembler.xml
2 ms. Memory: 496640K Free: 223733K (45%)
----------------- Invoking toplevel() on ptolemy.moml.MoMLSimpleApplication@7f43d493
----------------- Done invoking toplevel() on ptolemy.moml.MoMLSimpleApplication@7f43d493
reloadAllAccessors: .RecordDisassembler

===========================================================================================
----------------- testing Fri Jul 19 06:58:20 UTC 2019 /home/travis/build/icyphy/ptII/ptolemy/actor/lib/test/auto/RecordDisassembler2.xml
----------------- Instantiating /home/travis/build/icyphy/ptII/ptolemy/actor/lib/test/auto/RecordDisassembler2.xml
3 ms. Memory: 496640K Free: 218589K (44%)
----------------- Invoking toplevel() on ptolemy.moml.MoMLSimpleApplication@3ec3bf8
----------------- Done invoking toplevel() on ptolemy.moml.MoMLSimpleApplication@3ec3bf8
reloadAllAccessors: .RecordDisassembler2

===========================================================================================
----------------- testing Fri Jul 19 06:58:20 UTC 2019 /home/travis/build/icyphy/ptII/ptolemy/actor/lib/test/auto/RecordUpdater.xml
----------------- Instantiating /home/travis/build/icyphy/ptII/ptolemy/actor/lib/test/auto/RecordUpdater.xml
2 ms. Memory: 496640K Free: 214013K (43%)
----------------- Invoking toplevel() on ptolemy.moml.MoMLSimpleApplication@37325c30
----------------- Done invoking toplevel() on ptolemy.moml.MoMLSimpleApplication@37325c30
reloadAllAccessors: .RecordUpdater

===========================================================================================
----------------- testing Fri Jul 19 06:58:20 UTC 2019 /home/travis/build/icyphy/ptII/ptolemy/actor/lib/test/auto/RecordUpdater2.xml
----------------- Instantiating /home/travis/build/icyphy/ptII/ptolemy/actor/lib/test/auto/RecordUpdater2.xml
2 ms. Memory: 496640K Free: 208893K (42%)
----------------- Invoking toplevel() on ptolemy.moml.MoMLSimpleApplication@6c9f9b1a
----------------- Done invoking toplevel() on ptolemy.moml.MoMLSimpleApplication@6c9f9b1a
reloadAllAccessors: .RecordUpdater2

===========================================================================================
----------------- testing Fri Jul 19 06:58:20 UTC 2019 /home/travis/build/icyphy/ptII/ptolemy/actor/lib/test/auto/RecursiveLattice.xml
----------------- Instantiating /home/travis/build/icyphy/ptII/ptolemy/actor/lib/test/auto/RecursiveLattice.xml
1 ms. Memory: 496640K Free: 204797K (41%)
----------------- Invoking toplevel() on ptolemy.moml.MoMLSimpleApplication@39141e75
----------------- Done invoking toplevel() on ptolemy.moml.MoMLSimpleApplication@39141e75
reloadAllAccessors: .RecursiveLattice

===========================================================================================
----------------- testing Fri Jul 19 06:58:20 UTC 2019 /home/travis/build/icyphy/ptII/ptolemy/actor/lib/test/auto/Router.xml
----------------- Instantiating /home/travis/build/icyphy/ptII/ptolemy/actor/lib/test/auto/Router.xml
3003 ms. Memory: 496640K Free: 193019K (39%)
----------------- Invoking toplevel() on ptolemy.moml.MoMLSimpleApplication@54ebce77
----------------- Done invoking toplevel() on ptolemy.moml.MoMLSimpleApplication@54ebce77
reloadAllAccessors: .Router

===========================================================================================
----------------- testing Fri Jul 19 06:58:23 UTC 2019 /home/travis/build/icyphy/ptII/ptolemy/actor/lib/test/auto/Router2.xml
----------------- Instantiating /home/travis/build/icyphy/ptII/ptolemy/actor/lib/test/auto/Router2.xml
3004 ms. Memory: 496640K Free: 183293K (37%)
----------------- Invoking toplevel() on ptolemy.moml.MoMLSimpleApplication@6161c8d1
----------------- Done invoking toplevel() on ptolemy.moml.MoMLSimpleApplication@6161c8d1
reloadAllAccessors: .Router2

===========================================================================================
----------------- testing Fri Jul 19 06:58:26 UTC 2019 /home/travis/build/icyphy/ptII/ptolemy/actor/lib/test/auto/RunningMaximum.xml
----------------- Instantiating /home/travis/build/icyphy/ptII/ptolemy/actor/lib/test/auto/RunningMaximum.xml
5 ms. Memory: 496640K Free: 178683K (36%)
----------------- Invoking toplevel() on ptolemy.moml.MoMLSimpleApplication@2bb733b0
----------------- Done invoking toplevel() on ptolemy.moml.MoMLSimpleApplication@2bb733b0
reloadAllAccessors: .RunningMaximum

===========================================================================================
----------------- testing Fri Jul 19 06:58:26 UTC 2019 /home/travis/build/icyphy/ptII/ptolemy/actor/lib/test/auto/RunningMinimum.xml
----------------- Instantiating /home/travis/build/icyphy/ptII/ptolemy/actor/lib/test/auto/RunningMinimum.xml
8 ms. Memory: 496640K Free: 174077K (35%)
----------------- Invoking toplevel() on ptolemy.moml.MoMLSimpleApplication@11443675
----------------- Done invoking toplevel() on ptolemy.moml.MoMLSimpleApplication@11443675
reloadAllAccessors: .RunningMinimum

===========================================================================================
----------------- testing Fri Jul 19 06:58:26 UTC 2019 /home/travis/build/icyphy/ptII/ptolemy/actor/lib/test/auto/Scale.xml
----------------- Instantiating /home/travis/build/icyphy/ptII/ptolemy/actor/lib/test/auto/Scale.xml
2 ms. Memory: 496640K Free: 169467K (34%)
----------------- Invoking toplevel() on ptolemy.moml.MoMLSimpleApplication@49408664
----------------- Done invoking toplevel() on ptolemy.moml.MoMLSimpleApplication@49408664
reloadAllAccessors: .Scale

===========================================================================================
----------------- testing Fri Jul 19 06:58:26 UTC 2019 /home/travis/build/icyphy/ptII/ptolemy/actor/lib/test/auto/Scale2.xml
----------------- Instantiating /home/travis/build/icyphy/ptII/ptolemy/actor/lib/test/auto/Scale2.xml
1 ms. Memory: 496640K Free: 164861K (33%)
----------------- Invoking toplevel() on ptolemy.moml.MoMLSimpleApplication@7ddfa15d
----------------- Done invoking toplevel() on ptolemy.moml.MoMLSimpleApplication@7ddfa15d
reloadAllAccessors: .Scale2

===========================================================================================
----------------- testing Fri Jul 19 06:58:26 UTC 2019 /home/travis/build/icyphy/ptII/ptolemy/actor/lib/test/auto/Scale3.xml
----------------- Instantiating /home/travis/build/icyphy/ptII/ptolemy/actor/lib/test/auto/Scale3.xml
3 ms. Memory: 496640K Free: 158203K (32%)
----------------- Invoking toplevel() on ptolemy.moml.MoMLSimpleApplication@4bfe5ca6
----------------- Done invoking toplevel() on ptolemy.moml.MoMLSimpleApplication@4bfe5ca6
reloadAllAccessors: .Scale3

===========================================================================================
----------------- testing Fri Jul 19 06:58:26 UTC 2019 /home/travis/build/icyphy/ptII/ptolemy/actor/lib/test/auto/ScaleArray.xml
----------------- Instantiating /home/travis/build/icyphy/ptII/ptolemy/actor/lib/test/auto/ScaleArray.xml
1 ms. Memory: 496640K Free: 153597K (31%)
----------------- Invoking toplevel() on ptolemy.moml.MoMLSimpleApplication@5bb5c26a
----------------- Done invoking toplevel() on ptolemy.moml.MoMLSimpleApplication@5bb5c26a
reloadAllAccessors: .ScaleArray

===========================================================================================
----------------- testing Fri Jul 19 06:58:26 UTC 2019 /home/travis/build/icyphy/ptII/ptolemy/actor/lib/test/auto/ScaleArray2.xml
----------------- Instantiating /home/travis/build/icyphy/ptII/ptolemy/actor/lib/test/auto/ScaleArray2.xml
1 ms. Memory: 496640K Free: 443140K (89%)
----------------- Invoking toplevel() on ptolemy.moml.MoMLSimpleApplication@72ea3a31
----------------- Done invoking toplevel() on ptolemy.moml.MoMLSimpleApplication@72ea3a31
reloadAllAccessors: .ScaleArray2

===========================================================================================
----------------- testing Fri Jul 19 06:58:26 UTC 2019 /home/travis/build/icyphy/ptII/ptolemy/actor/lib/test/auto/ScaleMatrix.xml
----------------- Instantiating /home/travis/build/icyphy/ptII/ptolemy/actor/lib/test/auto/ScaleMatrix.xml
165 ms. Memory: 496640K Free: 430852K (87%)
----------------- Invoking toplevel() on ptolemy.moml.MoMLSimpleApplication@4dcc51b8
----------------- Done invoking toplevel() on ptolemy.moml.MoMLSimpleApplication@4dcc51b8
reloadAllAccessors: .ScaleMatrix

===========================================================================================
----------------- testing Fri Jul 19 06:58:26 UTC 2019 /home/travis/build/icyphy/ptII/ptolemy/actor/lib/test/auto/Select.xml
----------------- Instantiating /home/travis/build/icyphy/ptII/ptolemy/actor/lib/test/auto/Select.xml
2 ms. Memory: 496640K Free: 424678K (86%)
----------------- Invoking toplevel() on ptolemy.moml.MoMLSimpleApplication@6a447b4d
----------------- Done invoking toplevel() on ptolemy.moml.MoMLSimpleApplication@6a447b4d
reloadAllAccessors: .Select

===========================================================================================
----------------- testing Fri Jul 19 06:58:26 UTC 2019 /home/travis/build/icyphy/ptII/ptolemy/actor/lib/test/auto/Select2.xml
----------------- Instantiating /home/travis/build/icyphy/ptII/ptolemy/actor/lib/test/auto/Select2.xml
1 ms. Memory: 496640K Free: 419588K (84%)
----------------- Invoking toplevel() on ptolemy.moml.MoMLSimpleApplication@777ee9df
----------------- Done invoking toplevel() on ptolemy.moml.MoMLSimpleApplication@777ee9df
reloadAllAccessors: .Select2

===========================================================================================
----------------- testing Fri Jul 19 06:58:26 UTC 2019 /home/travis/build/icyphy/ptII/ptolemy/actor/lib/test/auto/SequenceToArray2.xml
----------------- Instantiating /home/travis/build/icyphy/ptII/ptolemy/actor/lib/test/auto/SequenceToArray2.xml
110 ms. Memory: 496640K Free: 394998K (80%)
----------------- Invoking toplevel() on ptolemy.moml.MoMLSimpleApplication@4cbd3da0
----------------- Done invoking toplevel() on ptolemy.moml.MoMLSimpleApplication@4cbd3da0
reloadAllAccessors: .SequenceToArray2

===========================================================================================
----------------- testing Fri Jul 19 06:58:27 UTC 2019 /home/travis/build/icyphy/ptII/ptolemy/actor/lib/test/auto/SequentialClock.xml
----------------- Instantiating /home/travis/build/icyphy/ptII/ptolemy/actor/lib/test/auto/SequentialClock.xml
1 ms. Memory: 496640K Free: 390916K (79%)
----------------- Invoking toplevel() on ptolemy.moml.MoMLSimpleApplication@62fa56ae
----------------- Done invoking toplevel() on ptolemy.moml.MoMLSimpleApplication@62fa56ae
reloadAllAccessors: .SequentialClock

===========================================================================================
----------------- testing Fri Jul 19 06:58:27 UTC 2019 /home/travis/build/icyphy/ptII/ptolemy/actor/lib/test/auto/SetVariable.xml
----------------- Instantiating /home/travis/build/icyphy/ptII/ptolemy/actor/lib/test/auto/SetVariable.xml
3 ms. Memory: 496640K Free: 386310K (78%)
----------------- Invoking toplevel() on ptolemy.moml.MoMLSimpleApplication@1f6bed3c
----------------- Done invoking toplevel() on ptolemy.moml.MoMLSimpleApplication@1f6bed3c
reloadAllAccessors: .SetVariable

===========================================================================================
----------------- testing Fri Jul 19 06:58:27 UTC 2019 /home/travis/build/icyphy/ptII/ptolemy/actor/lib/test/auto/SetVariable2.xml
----------------- Instantiating /home/travis/build/icyphy/ptII/ptolemy/actor/lib/test/auto/SetVariable2.xml
3 ms. Memory: 496640K Free: 381190K (77%)
----------------- Invoking toplevel() on ptolemy.moml.MoMLSimpleApplication@61f6f87
----------------- Done invoking toplevel() on ptolemy.moml.MoMLSimpleApplication@61f6f87
reloadAllAccessors: .SetVariable2

===========================================================================================
----------------- testing Fri Jul 19 06:58:27 UTC 2019 /home/travis/build/icyphy/ptII/ptolemy/actor/lib/test/auto/SetVariable3.xml
----------------- Instantiating /home/travis/build/icyphy/ptII/ptolemy/actor/lib/test/auto/SetVariable3.xml
10 ms. Memory: 496640K Free: 375556K (76%)
----------------- Invoking toplevel() on ptolemy.moml.MoMLSimpleApplication@495c251a
----------------- Done invoking toplevel() on ptolemy.moml.MoMLSimpleApplication@495c251a
reloadAllAccessors: .SetVariable3

===========================================================================================
----------------- testing Fri Jul 19 06:58:27 UTC 2019 /home/travis/build/icyphy/ptII/ptolemy/actor/lib/test/auto/SetVariable4.xml
----------------- Instantiating /home/travis/build/icyphy/ptII/ptolemy/actor/lib/test/auto/SetVariable4.xml
15 ms. Memory: 496640K Free: 366340K (74%)
----------------- Invoking toplevel() on ptolemy.moml.MoMLSimpleApplication@2f2fbdf7
----------------- Done invoking toplevel() on ptolemy.moml.MoMLSimpleApplication@2f2fbdf7
reloadAllAccessors: .SetVariable4

===========================================================================================
----------------- testing Fri Jul 19 06:58:27 UTC 2019 /home/travis/build/icyphy/ptII/ptolemy/actor/lib/test/auto/SetVariable5.xml
----------------- Instantiating /home/travis/build/icyphy/ptII/ptolemy/actor/lib/test/auto/SetVariable5.xml
20 ms. Memory: 496640K Free: 357124K (72%)
----------------- Invoking toplevel() on ptolemy.moml.MoMLSimpleApplication@1757702e
----------------- Done invoking toplevel() on ptolemy.moml.MoMLSimpleApplication@1757702e
reloadAllAccessors: .SetVariable5

===========================================================================================
----------------- testing Fri Jul 19 06:58:27 UTC 2019 /home/travis/build/icyphy/ptII/ptolemy/actor/lib/test/auto/Sinewave.xml
----------------- Instantiating /home/travis/build/icyphy/ptII/ptolemy/actor/lib/test/auto/Sinewave.xml
9 ms. Memory: 496640K Free: 346884K (70%)
----------------- Invoking toplevel() on ptolemy.moml.MoMLSimpleApplication@2aad0581
----------------- Done invoking toplevel() on ptolemy.moml.MoMLSimpleApplication@2aad0581
reloadAllAccessors: .Sinewave

===========================================================================================
----------------- testing Fri Jul 19 06:58:27 UTC 2019 /home/travis/build/icyphy/ptII/ptolemy/actor/lib/test/auto/Sinewave2.xml
----------------- Instantiating /home/travis/build/icyphy/ptII/ptolemy/actor/lib/test/auto/Sinewave2.xml
9 ms. Memory: 496640K Free: 338686K (68%)
----------------- Invoking toplevel() on ptolemy.moml.MoMLSimpleApplication@1c8549fd
----------------- Done invoking toplevel() on ptolemy.moml.MoMLSimpleApplication@1c8549fd
reloadAllAccessors: .Sinewave2

===========================================================================================
----------------- testing Fri Jul 19 06:58:27 UTC 2019 /home/travis/build/icyphy/ptII/ptolemy/actor/lib/test/auto/Sinewave3.xml
----------------- Instantiating /home/travis/build/icyphy/ptII/ptolemy/actor/lib/test/auto/Sinewave3.xml
5 ms. Memory: 496640K Free: 329990K (66%)
----------------- Invoking toplevel() on ptolemy.moml.MoMLSimpleApplication@2cfc459b
----------------- Done invoking toplevel() on ptolemy.moml.MoMLSimpleApplication@2cfc459b
reloadAllAccessors: .Sinewave3

===========================================================================================
----------------- testing Fri Jul 19 06:58:27 UTC 2019 /home/travis/build/icyphy/ptII/ptolemy/actor/lib/test/auto/SingleEvent.xml
----------------- Instantiating /home/travis/build/icyphy/ptII/ptolemy/actor/lib/test/auto/SingleEvent.xml
1 ms. Memory: 496640K Free: 325894K (66%)
----------------- Invoking toplevel() on ptolemy.moml.MoMLSimpleApplication@7afc23c3
----------------- Done invoking toplevel() on ptolemy.moml.MoMLSimpleApplication@7afc23c3
reloadAllAccessors: .SingleEvent

===========================================================================================
----------------- testing Fri Jul 19 06:58:27 UTC 2019 /home/travis/build/icyphy/ptII/ptolemy/actor/lib/test/auto/Sleep.xml
----------------- Instantiating /home/travis/build/icyphy/ptII/ptolemy/actor/lib/test/auto/Sleep.xml
6003 ms. Memory: 496640K Free: 320772K (65%)
----------------- Invoking toplevel() on ptolemy.moml.MoMLSimpleApplication@4b403bcc
----------------- Done invoking toplevel() on ptolemy.moml.MoMLSimpleApplication@4b403bcc
reloadAllAccessors: .Sleep

===========================================================================================
----------------- testing Fri Jul 19 06:58:33 UTC 2019 /home/travis/build/icyphy/ptII/ptolemy/actor/lib/test/auto/SleepMultipleFire.xml
----------------- Instantiating /home/travis/build/icyphy/ptII/ptolemy/actor/lib/test/auto/SleepMultipleFire.xml
1006 ms. Memory: 496640K Free: 314630K (63%)
----------------- Invoking toplevel() on ptolemy.moml.MoMLSimpleApplication@13bd842a
----------------- Done invoking toplevel() on ptolemy.moml.MoMLSimpleApplication@13bd842a
reloadAllAccessors: .SleepMultipleFire

===========================================================================================
----------------- testing Fri Jul 19 06:58:34 UTC 2019 /home/travis/build/icyphy/ptII/ptolemy/actor/lib/test/auto/StopDE.xml
----------------- Instantiating /home/travis/build/icyphy/ptII/ptolemy/actor/lib/test/auto/StopDE.xml
6 ms. Memory: 496640K Free: 308486K (62%)
----------------- Invoking toplevel() on ptolemy.moml.MoMLSimpleApplication@4302998c
----------------- Done invoking toplevel() on ptolemy.moml.MoMLSimpleApplication@4302998c
reloadAllAccessors: .StopDE

===========================================================================================
----------------- testing Fri Jul 19 06:58:34 UTC 2019 /home/travis/build/icyphy/ptII/ptolemy/actor/lib/test/auto/StopSDF.xml
----------------- Instantiating /home/travis/build/icyphy/ptII/ptolemy/actor/lib/test/auto/StopSDF.xml
2 ms. Memory: 496640K Free: 303366K (61%)
----------------- Invoking toplevel() on ptolemy.moml.MoMLSimpleApplication@b092639
----------------- Done invoking toplevel() on ptolemy.moml.MoMLSimpleApplication@b092639
reloadAllAccessors: .StopSDF

===========================================================================================
----------------- testing Fri Jul 19 06:58:34 UTC 2019 /home/travis/build/icyphy/ptII/ptolemy/actor/lib/test/auto/StringConstant.xml
----------------- Instantiating /home/travis/build/icyphy/ptII/ptolemy/actor/lib/test/auto/StringConstant.xml
10 ms. Memory: 496640K Free: 298756K (60%)
----------------- Invoking toplevel() on ptolemy.moml.MoMLSimpleApplication@1b975d6b
----------------- Done invoking toplevel() on ptolemy.moml.MoMLSimpleApplication@1b975d6b
reloadAllAccessors: .StringConstant

===========================================================================================
----------------- testing Fri Jul 19 06:58:34 UTC 2019 /home/travis/build/icyphy/ptII/ptolemy/actor/lib/test/auto/SubscriberPortInitialValues1.xml
----------------- Instantiating /home/travis/build/icyphy/ptII/ptolemy/actor/lib/test/auto/SubscriberPortInitialValues1.xml
8 ms. Memory: 496640K Free: 290054K (58%)
----------------- Invoking toplevel() on ptolemy.moml.MoMLSimpleApplication@62826a5f
----------------- Done invoking toplevel() on ptolemy.moml.MoMLSimpleApplication@62826a5f
reloadAllAccessors: .SubscriberPortInitialValues1

===========================================================================================
----------------- testing Fri Jul 19 06:58:34 UTC 2019 /home/travis/build/icyphy/ptII/ptolemy/actor/lib/test/auto/SubscriberPortInitialValues13.xml
----------------- Instantiating /home/travis/build/icyphy/ptII/ptolemy/actor/lib/test/auto/SubscriberPortInitialValues13.xml
5 ms. Memory: 496640K Free: 276742K (56%)
----------------- Invoking toplevel() on ptolemy.moml.MoMLSimpleApplication@56ccecfc
----------------- Done invoking toplevel() on ptolemy.moml.MoMLSimpleApplication@56ccecfc
reloadAllAccessors: .SubscriberPortInitialValues13

===========================================================================================
----------------- testing Fri Jul 19 06:58:34 UTC 2019 /home/travis/build/icyphy/ptII/ptolemy/actor/lib/test/auto/SubscriberPortInitialValues14.xml
----------------- Instantiating /home/travis/build/icyphy/ptII/ptolemy/actor/lib/test/auto/SubscriberPortInitialValues14.xml
3 ms. Memory: 496640K Free: 269060K (54%)
----------------- Invoking toplevel() on ptolemy.moml.MoMLSimpleApplication@2e12cbc7
----------------- Done invoking toplevel() on ptolemy.moml.MoMLSimpleApplication@2e12cbc7
reloadAllAccessors: .SubscriberPortInitialValues14

===========================================================================================
----------------- testing Fri Jul 19 06:58:34 UTC 2019 /home/travis/build/icyphy/ptII/ptolemy/actor/lib/test/auto/SubscriberPortInitialValues2.xml
----------------- Instantiating /home/travis/build/icyphy/ptII/ptolemy/actor/lib/test/auto/SubscriberPortInitialValues2.xml
4 ms. Memory: 496640K Free: 261382K (53%)
----------------- Invoking toplevel() on ptolemy.moml.MoMLSimpleApplication@187cb58f
----------------- Done invoking toplevel() on ptolemy.moml.MoMLSimpleApplication@187cb58f
reloadAllAccessors: .SubscriberPortInitialValues2

===========================================================================================
----------------- testing Fri Jul 19 06:58:34 UTC 2019 /home/travis/build/icyphy/ptII/ptolemy/actor/lib/test/auto/SubscriberPortInitialValues3.xml
----------------- Instantiating /home/travis/build/icyphy/ptII/ptolemy/actor/lib/test/auto/SubscriberPortInitialValues3.xml
4 ms. Memory: 496640K Free: 250628K (50%)
----------------- Invoking toplevel() on ptolemy.moml.MoMLSimpleApplication@3eab28a5
----------------- Done invoking toplevel() on ptolemy.moml.MoMLSimpleApplication@3eab28a5
reloadAllAccessors: .SubscriberPortInitialValues3

===========================================================================================
----------------- testing Fri Jul 19 06:58:34 UTC 2019 /home/travis/build/icyphy/ptII/ptolemy/actor/lib/test/auto/SubscriptionAggregator.xml
----------------- Instantiating /home/travis/build/icyphy/ptII/ptolemy/actor/lib/test/auto/SubscriptionAggregator.xml
2 ms. Memory: 496640K Free: 243446K (49%)
----------------- Invoking toplevel() on ptolemy.moml.MoMLSimpleApplication@63bc74bc
----------------- Done invoking toplevel() on ptolemy.moml.MoMLSimpleApplication@63bc74bc
reloadAllAccessors: .SubscriptionAggregator

===========================================================================================
----------------- testing Fri Jul 19 06:58:34 UTC 2019 /home/travis/build/icyphy/ptII/ptolemy/actor/lib/test/auto/SubscriptionAggregator2.xml
----------------- Instantiating /home/travis/build/icyphy/ptII/ptolemy/actor/lib/test/auto/SubscriptionAggregator2.xml
2 ms. Memory: 496640K Free: 236806K (48%)
----------------- Invoking toplevel() on ptolemy.moml.MoMLSimpleApplication@6688c310
----------------- Done invoking toplevel() on ptolemy.moml.MoMLSimpleApplication@6688c310
reloadAllAccessors: .SubscriptionAggregator2

===========================================================================================
----------------- testing Fri Jul 19 06:58:34 UTC 2019 /home/travis/build/icyphy/ptII/ptolemy/actor/lib/test/auto/SubscriptionAggregator3.xml
----------------- Instantiating /home/travis/build/icyphy/ptII/ptolemy/actor/lib/test/auto/SubscriptionAggregator3.xml
3 ms. Memory: 496640K Free: 228086K (46%)
----------------- Invoking toplevel() on ptolemy.moml.MoMLSimpleApplication@4f15e4ae
----------------- Done invoking toplevel() on ptolemy.moml.MoMLSimpleApplication@4f15e4ae
reloadAllAccessors: .SubscriptionAggregator3

===========================================================================================
----------------- testing Fri Jul 19 06:58:34 UTC 2019 /home/travis/build/icyphy/ptII/ptolemy/actor/lib/test/auto/SubscriptionAggregatorMultiply.xml
----------------- Instantiating /home/travis/build/icyphy/ptII/ptolemy/actor/lib/test/auto/SubscriptionAggregatorMultiply.xml
3 ms. Memory: 496640K Free: 219908K (44%)
----------------- Invoking toplevel() on ptolemy.moml.MoMLSimpleApplication@70677d86
----------------- Done invoking toplevel() on ptolemy.moml.MoMLSimpleApplication@70677d86
reloadAllAccessors: .SubscriptionAggregatorMultiply

===========================================================================================
----------------- testing Fri Jul 19 06:58:34 UTC 2019 /home/travis/build/icyphy/ptII/ptolemy/actor/lib/test/auto/SubscriptionAggregatorPortMultiply1.xml
----------------- Instantiating /home/travis/build/icyphy/ptII/ptolemy/actor/lib/test/auto/SubscriptionAggregatorPortMultiply1.xml
3 ms. Memory: 496640K Free: 210692K (42%)
----------------- Invoking toplevel() on ptolemy.moml.MoMLSimpleApplication@a8537fd
----------------- Done invoking toplevel() on ptolemy.moml.MoMLSimpleApplication@a8537fd
reloadAllAccessors: .SubscriptionAggregatorPortMultiply1

===========================================================================================
----------------- testing Fri Jul 19 06:58:34 UTC 2019 /home/travis/build/icyphy/ptII/ptolemy/actor/lib/test/auto/Switch.xml
----------------- Instantiating /home/travis/build/icyphy/ptII/ptolemy/actor/lib/test/auto/Switch.xml
8 ms. Memory: 496640K Free: 202500K (41%)
----------------- Invoking toplevel() on ptolemy.moml.MoMLSimpleApplication@63bba93c
----------------- Done invoking toplevel() on ptolemy.moml.MoMLSimpleApplication@63bba93c
reloadAllAccessors: .Switch

===========================================================================================
----------------- testing Fri Jul 19 06:58:34 UTC 2019 /home/travis/build/icyphy/ptII/ptolemy/actor/lib/test/auto/Switch2.xml
----------------- Instantiating /home/travis/build/icyphy/ptII/ptolemy/actor/lib/test/auto/Switch2.xml
1 ms. Memory: 496640K Free: 197894K (40%)
----------------- Invoking toplevel() on ptolemy.moml.MoMLSimpleApplication@270bc774
----------------- Done invoking toplevel() on ptolemy.moml.MoMLSimpleApplication@270bc774
reloadAllAccessors: .Switch2

===========================================================================================
----------------- testing Fri Jul 19 06:58:34 UTC 2019 /home/travis/build/icyphy/ptII/ptolemy/actor/lib/test/auto/SwitchDE.xml
----------------- Instantiating /home/travis/build/icyphy/ptII/ptolemy/actor/lib/test/auto/SwitchDE.xml
4 ms. Memory: 496640K Free: 191750K (39%)
----------------- Invoking toplevel() on ptolemy.moml.MoMLSimpleApplication@7d2ec582
----------------- Done invoking toplevel() on ptolemy.moml.MoMLSimpleApplication@7d2ec582
reloadAllAccessors: .SwitchDE

===========================================================================================
----------------- testing Fri Jul 19 06:58:34 UTC 2019 /home/travis/build/icyphy/ptII/ptolemy/actor/lib/test/auto/SynchronizerDE.xml
----------------- Instantiating /home/travis/build/icyphy/ptII/ptolemy/actor/lib/test/auto/SynchronizerDE.xml
7 ms. Memory: 496640K Free: 183030K (37%)
----------------- Invoking toplevel() on ptolemy.moml.MoMLSimpleApplication@3578b7ff
----------------- Done invoking toplevel() on ptolemy.moml.MoMLSimpleApplication@3578b7ff
reloadAllAccessors: .SynchronizerDE

===========================================================================================
----------------- testing Fri Jul 19 06:58:34 UTC 2019 /home/travis/build/icyphy/ptII/ptolemy/actor/lib/test/auto/Test.xml
----------------- Instantiating /home/travis/build/icyphy/ptII/ptolemy/actor/lib/test/auto/Test.xml
11 ms. Memory: 496640K Free: 177910K (36%)
----------------- Invoking toplevel() on ptolemy.moml.MoMLSimpleApplication@574991bc
----------------- Done invoking toplevel() on ptolemy.moml.MoMLSimpleApplication@574991bc
reloadAllAccessors: .Test

===========================================================================================
----------------- testing Fri Jul 19 06:58:34 UTC 2019 /home/travis/build/icyphy/ptII/ptolemy/actor/lib/test/auto/TestExceptionAttribute1.xml
----------------- Instantiating /home/travis/build/icyphy/ptII/ptolemy/actor/lib/test/auto/TestExceptionAttribute1.xml
1 ms. Memory: 496640K Free: 174342K (35%)
----------------- Invoking toplevel() on ptolemy.moml.MoMLSimpleApplication@31a2c27e
----------------- Done invoking toplevel() on ptolemy.moml.MoMLSimpleApplication@31a2c27e
reloadAllAccessors: .TestExceptionAttribute1

===========================================================================================
----------------- testing Fri Jul 19 06:58:34 UTC 2019 /home/travis/build/icyphy/ptII/ptolemy/actor/lib/test/auto/TestExceptionAttribute2.xml
----------------- Instantiating /home/travis/build/icyphy/ptII/ptolemy/actor/lib/test/auto/TestExceptionAttribute2.xml
1 ms. Memory: 496640K Free: 170246K (34%)
----------------- Invoking toplevel() on ptolemy.moml.MoMLSimpleApplication@365b8b58
----------------- Done invoking toplevel() on ptolemy.moml.MoMLSimpleApplication@365b8b58
reloadAllAccessors: .TestExceptionAttribute2

===========================================================================================
----------------- testing Fri Jul 19 06:58:34 UTC 2019 /home/travis/build/icyphy/ptII/ptolemy/actor/lib/test/auto/TestExceptionAttribute3.xml
----------------- Instantiating /home/travis/build/icyphy/ptII/ptolemy/actor/lib/test/auto/TestExceptionAttribute3.xml
.TestExceptionAttribute3.TestExceptionAttribute: initialize() was not invoked, but wrapup() was.  This is unusual, but not always a problem.  For example, exporting JNLP will do this.
1 ms. Memory: 496640K Free: 166660K (34%)
----------------- Invoking toplevel() on ptolemy.moml.MoMLSimpleApplication@70e072d9
----------------- Done invoking toplevel() on ptolemy.moml.MoMLSimpleApplication@70e072d9
reloadAllAccessors: .TestExceptionAttribute3

===========================================================================================
----------------- testing Fri Jul 19 06:58:34 UTC 2019 /home/travis/build/icyphy/ptII/ptolemy/actor/lib/test/auto/TestExceptionAttribute4.xml
----------------- Instantiating /home/travis/build/icyphy/ptII/ptolemy/actor/lib/test/auto/TestExceptionAttribute4.xml
.TestExceptionAttribute4.TestExceptionAttribute: initialize() was not invoked, but wrapup() was.  This is unusual, but not always a problem.  For example, exporting JNLP will do this.
.TestExceptionAttribute4.TestExceptionAttribute2: initialize() was not invoked, but wrapup() was.  This is unusual, but not always a problem.  For example, exporting JNLP will do this.
1 ms. Memory: 496640K Free: 162564K (33%)
----------------- Invoking toplevel() on ptolemy.moml.MoMLSimpleApplication@3d492e2c
----------------- Done invoking toplevel() on ptolemy.moml.MoMLSimpleApplication@3d492e2c
reloadAllAccessors: .TestExceptionAttribute4

===========================================================================================
----------------- testing Fri Jul 19 06:58:34 UTC 2019 /home/travis/build/icyphy/ptII/ptolemy/actor/lib/test/auto/TestExceptionHandler1.xml
----------------- Instantiating /home/travis/build/icyphy/ptII/ptolemy/actor/lib/test/auto/TestExceptionHandler1.xml
0 ms. Memory: 496640K Free: 158982K (32%)
----------------- Invoking toplevel() on ptolemy.moml.MoMLSimpleApplication@613c7618
----------------- Done invoking toplevel() on ptolemy.moml.MoMLSimpleApplication@613c7618
reloadAllAccessors: .TestExceptionHandler1

===========================================================================================
----------------- testing Fri Jul 19 06:58:34 UTC 2019 /home/travis/build/icyphy/ptII/ptolemy/actor/lib/test/auto/TestExceptionHandler2.xml
----------------- Instantiating /home/travis/build/icyphy/ptII/ptolemy/actor/lib/test/auto/TestExceptionHandler2.xml
2 ms. Memory: 496640K Free: 154886K (31%)
----------------- Invoking toplevel() on ptolemy.moml.MoMLSimpleApplication@3434bdd1
----------------- Done invoking toplevel() on ptolemy.moml.MoMLSimpleApplication@3434bdd1
reloadAllAccessors: .TestExceptionHandler2

===========================================================================================
----------------- testing Fri Jul 19 06:58:34 UTC 2019 /home/travis/build/icyphy/ptII/ptolemy/actor/lib/test/auto/TestExceptionHandler3.xml
----------------- Instantiating /home/travis/build/icyphy/ptII/ptolemy/actor/lib/test/auto/TestExceptionHandler3.xml
1 ms. Memory: 496640K Free: 445422K (90%)
----------------- Invoking toplevel() on ptolemy.moml.MoMLSimpleApplication@394646c8
----------------- Done invoking toplevel() on ptolemy.moml.MoMLSimpleApplication@394646c8
reloadAllAccessors: .TestExceptionHandler3

===========================================================================================
----------------- testing Fri Jul 19 06:58:34 UTC 2019 /home/travis/build/icyphy/ptII/ptolemy/actor/lib/test/auto/TestExceptionHandler4.xml
----------------- Instantiating /home/travis/build/icyphy/ptII/ptolemy/actor/lib/test/auto/TestExceptionHandler4.xml
1 ms. Memory: 496640K Free: 440816K (89%)
----------------- Invoking toplevel() on ptolemy.moml.MoMLSimpleApplication@bb50936
----------------- Done invoking toplevel() on ptolemy.moml.MoMLSimpleApplication@bb50936
reloadAllAccessors: .TestExceptionHandler4

===========================================================================================
----------------- testing Fri Jul 19 06:58:34 UTC 2019 /home/travis/build/icyphy/ptII/ptolemy/actor/lib/test/auto/TestRequireCorrectOrder.xml
----------------- Instantiating /home/travis/build/icyphy/ptII/ptolemy/actor/lib/test/auto/TestRequireCorrectOrder.xml
3 ms. Memory: 496640K Free: 435696K (88%)
----------------- Invoking toplevel() on ptolemy.moml.MoMLSimpleApplication@5fc776f8
----------------- Done invoking toplevel() on ptolemy.moml.MoMLSimpleApplication@5fc776f8
reloadAllAccessors: .TestRequireCorrectOrder

===========================================================================================
----------------- testing Fri Jul 19 06:58:34 UTC 2019 /home/travis/build/icyphy/ptII/ptolemy/actor/lib/test/auto/TestSimple.xml
----------------- Instantiating /home/travis/build/icyphy/ptII/ptolemy/actor/lib/test/auto/TestSimple.xml
2 ms. Memory: 496640K Free: 431080K (87%)
----------------- Invoking toplevel() on ptolemy.moml.MoMLSimpleApplication@4ea17f07
----------------- Done invoking toplevel() on ptolemy.moml.MoMLSimpleApplication@4ea17f07
reloadAllAccessors: .TestSimple

===========================================================================================
----------------- testing Fri Jul 19 06:58:34 UTC 2019 /home/travis/build/icyphy/ptII/ptolemy/actor/lib/test/auto/ThrowModelError.xml
----------------- Instantiating /home/travis/build/icyphy/ptII/ptolemy/actor/lib/test/auto/ThrowModelError.xml
2 ms. Memory: 496640K Free: 425966K (86%)
----------------- Invoking toplevel() on ptolemy.moml.MoMLSimpleApplication@5df84bb0
----------------- Done invoking toplevel() on ptolemy.moml.MoMLSimpleApplication@5df84bb0
reloadAllAccessors: .ThrowModelError

===========================================================================================
----------------- testing Fri Jul 19 06:58:34 UTC 2019 /home/travis/build/icyphy/ptII/ptolemy/actor/lib/test/auto/TimeDelayMicrosteps.xml
----------------- Instantiating /home/travis/build/icyphy/ptII/ptolemy/actor/lib/test/auto/TimeDelayMicrosteps.xml
5 ms. Memory: 496640K Free: 419312K (84%)
----------------- Invoking toplevel() on ptolemy.moml.MoMLSimpleApplication@8da8195
----------------- Done invoking toplevel() on ptolemy.moml.MoMLSimpleApplication@8da8195
reloadAllAccessors: .TimeDelayMicrosteps

===========================================================================================
----------------- testing Fri Jul 19 06:58:34 UTC 2019 /home/travis/build/icyphy/ptII/ptolemy/actor/lib/test/auto/TimeDelayMicrosteps2.xml
----------------- Instantiating /home/travis/build/icyphy/ptII/ptolemy/actor/lib/test/auto/TimeDelayMicrosteps2.xml
5 ms. Memory: 496640K Free: 412144K (83%)
----------------- Invoking toplevel() on ptolemy.moml.MoMLSimpleApplication@578d802e
----------------- Done invoking toplevel() on ptolemy.moml.MoMLSimpleApplication@578d802e
reloadAllAccessors: .TimeDelayMicrosteps2

===========================================================================================
----------------- testing Fri Jul 19 06:58:34 UTC 2019 /home/travis/build/icyphy/ptII/ptolemy/actor/lib/test/auto/TimeDelayMicrosteps3.xml
----------------- Instantiating /home/travis/build/icyphy/ptII/ptolemy/actor/lib/test/auto/TimeDelayMicrosteps3.xml
2 ms. Memory: 496640K Free: 404976K (82%)
----------------- Invoking toplevel() on ptolemy.moml.MoMLSimpleApplication@43c1f4c
----------------- Done invoking toplevel() on ptolemy.moml.MoMLSimpleApplication@43c1f4c
reloadAllAccessors: .TimeDelayMicrosteps3

===========================================================================================
----------------- testing Fri Jul 19 06:58:34 UTC 2019 /home/travis/build/icyphy/ptII/ptolemy/actor/lib/test/auto/TimeDelayVariableMicrosteps.xml
----------------- Instantiating /home/travis/build/icyphy/ptII/ptolemy/actor/lib/test/auto/TimeDelayVariableMicrosteps.xml
4 ms. Memory: 496640K Free: 398316K (80%)
----------------- Invoking toplevel() on ptolemy.moml.MoMLSimpleApplication@a586dd8
----------------- Done invoking toplevel() on ptolemy.moml.MoMLSimpleApplication@a586dd8
reloadAllAccessors: .TimeDelayVariableMicrosteps

===========================================================================================
----------------- testing Fri Jul 19 06:58:34 UTC 2019 /home/travis/build/icyphy/ptII/ptolemy/actor/lib/test/auto/TimeGap.xml
----------------- Instantiating /home/travis/build/icyphy/ptII/ptolemy/actor/lib/test/auto/TimeGap.xml
4 ms. Memory: 496640K Free: 393168K (79%)
----------------- Invoking toplevel() on ptolemy.moml.MoMLSimpleApplication@6a3e4ca4
----------------- Done invoking toplevel() on ptolemy.moml.MoMLSimpleApplication@6a3e4ca4
reloadAllAccessors: .TimeGap

===========================================================================================
----------------- testing Fri Jul 19 06:58:34 UTC 2019 /home/travis/build/icyphy/ptII/ptolemy/actor/lib/test/auto/TimeGap2.xml
----------------- Instantiating /home/travis/build/icyphy/ptII/ptolemy/actor/lib/test/auto/TimeGap2.xml
2 ms. Memory: 496640K Free: 387048K (78%)
----------------- Invoking toplevel() on ptolemy.moml.MoMLSimpleApplication@46eef1a6
----------------- Done invoking toplevel() on ptolemy.moml.MoMLSimpleApplication@46eef1a6
reloadAllAccessors: .TimeGap2

===========================================================================================
----------------- testing Fri Jul 19 06:58:34 UTC 2019 /home/travis/build/icyphy/ptII/ptolemy/actor/lib/test/auto/TimedSinewave.xml
----------------- Instantiating /home/travis/build/icyphy/ptII/ptolemy/actor/lib/test/auto/TimedSinewave.xml
33 ms. Memory: 496640K Free: 372718K (75%)
----------------- Invoking toplevel() on ptolemy.moml.MoMLSimpleApplication@b0eb450
----------------- Done invoking toplevel() on ptolemy.moml.MoMLSimpleApplication@b0eb450
reloadAllAccessors: .TimedSinewave

===========================================================================================
----------------- testing Fri Jul 19 06:58:35 UTC 2019 /home/travis/build/icyphy/ptII/ptolemy/actor/lib/test/auto/TimedSinewavePhase.xml
----------------- Instantiating /home/travis/build/icyphy/ptII/ptolemy/actor/lib/test/auto/TimedSinewavePhase.xml
10 ms. Memory: 496640K Free: 362992K (73%)
----------------- Invoking toplevel() on ptolemy.moml.MoMLSimpleApplication@61390cb4
----------------- Done invoking toplevel() on ptolemy.moml.MoMLSimpleApplication@61390cb4
reloadAllAccessors: .TimedSinewavePhase

===========================================================================================
----------------- testing Fri Jul 19 06:58:35 UTC 2019 /home/travis/build/icyphy/ptII/ptolemy/actor/lib/test/auto/Timer.xml
----------------- Instantiating /home/travis/build/icyphy/ptII/ptolemy/actor/lib/test/auto/Timer.xml
2 ms. Memory: 496640K Free: 356848K (72%)
----------------- Invoking toplevel() on ptolemy.moml.MoMLSimpleApplication@4fcb5b3a
----------------- Done invoking toplevel() on ptolemy.moml.MoMLSimpleApplication@4fcb5b3a
reloadAllAccessors: .Timer

===========================================================================================
----------------- testing Fri Jul 19 06:58:35 UTC 2019 /home/travis/build/icyphy/ptII/ptolemy/actor/lib/test/auto/TriangularDistTestModel.xml
----------------- Instantiating /home/travis/build/icyphy/ptII/ptolemy/actor/lib/test/auto/TriangularDistTestModel.xml
2 ms. Memory: 496640K Free: 351200K (71%)
----------------- Invoking toplevel() on ptolemy.moml.MoMLSimpleApplication@4c2f4256
----------------- Done invoking toplevel() on ptolemy.moml.MoMLSimpleApplication@4c2f4256
reloadAllAccessors: .TriangularDistTestModel

===========================================================================================
----------------- testing Fri Jul 19 06:58:35 UTC 2019 /home/travis/build/icyphy/ptII/ptolemy/actor/lib/test/auto/TrigFunction.xml
----------------- Instantiating /home/travis/build/icyphy/ptII/ptolemy/actor/lib/test/auto/TrigFunction.xml
2 ms. Memory: 496640K Free: 346608K (70%)
----------------- Invoking toplevel() on ptolemy.moml.MoMLSimpleApplication@235c512c
----------------- Done invoking toplevel() on ptolemy.moml.MoMLSimpleApplication@235c512c
reloadAllAccessors: .TrigFunction

===========================================================================================
----------------- testing Fri Jul 19 06:58:35 UTC 2019 /home/travis/build/icyphy/ptII/ptolemy/actor/lib/test/auto/TrigFunctionDE.xml
----------------- Instantiating /home/travis/build/icyphy/ptII/ptolemy/actor/lib/test/auto/TrigFunctionDE.xml
2 ms. Memory: 496640K Free: 340464K (69%)
----------------- Invoking toplevel() on ptolemy.moml.MoMLSimpleApplication@27549931
----------------- Done invoking toplevel() on ptolemy.moml.MoMLSimpleApplication@27549931
reloadAllAccessors: .TrigFunctionDE

===========================================================================================
----------------- testing Fri Jul 19 06:58:35 UTC 2019 /home/travis/build/icyphy/ptII/ptolemy/actor/lib/test/auto/TrigFunctionInverse.xml
----------------- Instantiating /home/travis/build/icyphy/ptII/ptolemy/actor/lib/test/auto/TrigFunctionInverse.xml
4 ms. Memory: 496640K Free: 335344K (68%)
----------------- Invoking toplevel() on ptolemy.moml.MoMLSimpleApplication@263f067e
----------------- Done invoking toplevel() on ptolemy.moml.MoMLSimpleApplication@263f067e
reloadAllAccessors: .TrigFunctionInverse

===========================================================================================
----------------- testing Fri Jul 19 06:58:35 UTC 2019 /home/travis/build/icyphy/ptII/ptolemy/actor/lib/test/auto/TrigFunctionTan.xml
----------------- Instantiating /home/travis/build/icyphy/ptII/ptolemy/actor/lib/test/auto/TrigFunctionTan.xml
7 ms. Memory: 496640K Free: 331248K (67%)
----------------- Invoking toplevel() on ptolemy.moml.MoMLSimpleApplication@5478d811
----------------- Done invoking toplevel() on ptolemy.moml.MoMLSimpleApplication@5478d811
reloadAllAccessors: .TrigFunctionTan

===========================================================================================
----------------- testing Fri Jul 19 06:58:35 UTC 2019 /home/travis/build/icyphy/ptII/ptolemy/actor/lib/test/auto/TriggeredClock.xml
----------------- Instantiating /home/travis/build/icyphy/ptII/ptolemy/actor/lib/test/auto/TriggeredClock.xml
2 ms. Memory: 496640K Free: 325600K (66%)
----------------- Invoking toplevel() on ptolemy.moml.MoMLSimpleApplication@78394e3f
----------------- Done invoking toplevel() on ptolemy.moml.MoMLSimpleApplication@78394e3f
reloadAllAccessors: .TriggeredClock

===========================================================================================
----------------- testing Fri Jul 19 06:58:35 UTC 2019 /home/travis/build/icyphy/ptII/ptolemy/actor/lib/test/auto/URLDirectoryReader.xml
----------------- Instantiating /home/travis/build/icyphy/ptII/ptolemy/actor/lib/test/auto/URLDirectoryReader.xml
31 ms. Memory: 496640K Free: 316398K (64%)
----------------- Invoking toplevel() on ptolemy.moml.MoMLSimpleApplication@676e6955
----------------- Done invoking toplevel() on ptolemy.moml.MoMLSimpleApplication@676e6955
reloadAllAccessors: .URLDirectoryReader

===========================================================================================
----------------- testing Fri Jul 19 06:58:35 UTC 2019 /home/travis/build/icyphy/ptII/ptolemy/actor/lib/test/auto/URLDirectoryReader3.xml
----------------- Instantiating /home/travis/build/icyphy/ptII/ptolemy/actor/lib/test/auto/URLDirectoryReader3.xml
1243 ms. Memory: 496640K Free: 437353K (88%)
----------------- Invoking toplevel() on ptolemy.moml.MoMLSimpleApplication@6173311e
----------------- Done invoking toplevel() on ptolemy.moml.MoMLSimpleApplication@6173311e
reloadAllAccessors: .URLDirectoryReader3

===========================================================================================
----------------- testing Fri Jul 19 06:58:36 UTC 2019 /home/travis/build/icyphy/ptII/ptolemy/actor/lib/test/auto/UnaryMathFunction.xml
----------------- Instantiating /home/travis/build/icyphy/ptII/ptolemy/actor/lib/test/auto/UnaryMathFunction.xml
2 ms. Memory: 496640K Free: 429157K (86%)
----------------- Invoking toplevel() on ptolemy.moml.MoMLSimpleApplication@630ec9ca
----------------- Done invoking toplevel() on ptolemy.moml.MoMLSimpleApplication@630ec9ca
reloadAllAccessors: .UnaryMathFunction

===========================================================================================
----------------- testing Fri Jul 19 06:58:36 UTC 2019 /home/travis/build/icyphy/ptII/ptolemy/actor/lib/test/auto/Uniform.xml
----------------- Instantiating /home/travis/build/icyphy/ptII/ptolemy/actor/lib/test/auto/Uniform.xml
2 ms. Memory: 496640K Free: 424551K (85%)
----------------- Invoking toplevel() on ptolemy.moml.MoMLSimpleApplication@33a1cb7e
----------------- Done invoking toplevel() on ptolemy.moml.MoMLSimpleApplication@33a1cb7e
reloadAllAccessors: .Uniform

===========================================================================================
----------------- testing Fri Jul 19 06:58:36 UTC 2019 /home/travis/build/icyphy/ptII/ptolemy/actor/lib/test/auto/UnionDisassemblerTest.xml
----------------- Instantiating /home/travis/build/icyphy/ptII/ptolemy/actor/lib/test/auto/UnionDisassemblerTest.xml
18 ms. Memory: 496640K Free: 420455K (85%)
----------------- Invoking toplevel() on ptolemy.moml.MoMLSimpleApplication@33209e72
----------------- Done invoking toplevel() on ptolemy.moml.MoMLSimpleApplication@33209e72
reloadAllAccessors: .UnionDisassemblerTest

===========================================================================================
----------------- testing Fri Jul 19 06:58:36 UTC 2019 /home/travis/build/icyphy/ptII/ptolemy/actor/lib/test/auto/UtilityFunctions.xml
----------------- Instantiating /home/travis/build/icyphy/ptII/ptolemy/actor/lib/test/auto/UtilityFunctions.xml
2 ms. Memory: 496640K Free: 416359K (84%)
----------------- Invoking toplevel() on ptolemy.moml.MoMLSimpleApplication@2ba2bd19
----------------- Done invoking toplevel() on ptolemy.moml.MoMLSimpleApplication@2ba2bd19
reloadAllAccessors: .UtilityFunctions

===========================================================================================
----------------- testing Fri Jul 19 06:58:36 UTC 2019 /home/travis/build/icyphy/ptII/ptolemy/actor/lib/test/auto/VariableSleep.xml
----------------- Instantiating /home/travis/build/icyphy/ptII/ptolemy/actor/lib/test/auto/VariableSleep.xml
503 ms. Memory: 496640K Free: 411239K (83%)
----------------- Invoking toplevel() on ptolemy.moml.MoMLSimpleApplication@14fc48b9
----------------- Done invoking toplevel() on ptolemy.moml.MoMLSimpleApplication@14fc48b9
reloadAllAccessors: .VariableSleep

===========================================================================================
----------------- testing Fri Jul 19 06:58:37 UTC 2019 /home/travis/build/icyphy/ptII/ptolemy/actor/lib/test/auto/VectorAssemblerDisassemblerCT.xml
----------------- Instantiating /home/travis/build/icyphy/ptII/ptolemy/actor/lib/test/auto/VectorAssemblerDisassemblerCT.xml
83 ms. Memory: 496640K Free: 390759K (79%)
----------------- Invoking toplevel() on ptolemy.moml.MoMLSimpleApplication@291b447a
----------------- Done invoking toplevel() on ptolemy.moml.MoMLSimpleApplication@291b447a
reloadAllAccessors: .VectorAssemblerDisassemblerCT

===========================================================================================
----------------- testing Fri Jul 19 06:58:37 UTC 2019 /home/travis/build/icyphy/ptII/ptolemy/actor/lib/test/auto/VectorAssemblerDisassemblerDE.xml
----------------- Instantiating /home/travis/build/icyphy/ptII/ptolemy/actor/lib/test/auto/VectorAssemblerDisassemblerDE.xml
3 ms. Memory: 496640K Free: 383591K (77%)
----------------- Invoking toplevel() on ptolemy.moml.MoMLSimpleApplication@5fe948c6
----------------- Done invoking toplevel() on ptolemy.moml.MoMLSimpleApplication@5fe948c6
reloadAllAccessors: .VectorAssemblerDisassemblerDE

===========================================================================================
----------------- testing Fri Jul 19 06:58:37 UTC 2019 /home/travis/build/icyphy/ptII/ptolemy/actor/lib/test/auto/VectorAssemblerDisassemblerSDF.xml
----------------- Instantiating /home/travis/build/icyphy/ptII/ptolemy/actor/lib/test/auto/VectorAssemblerDisassemblerSDF.xml
2 ms. Memory: 496640K Free: 376933K (76%)
----------------- Invoking toplevel() on ptolemy.moml.MoMLSimpleApplication@54388679
----------------- Done invoking toplevel() on ptolemy.moml.MoMLSimpleApplication@54388679
reloadAllAccessors: .VectorAssemblerDisassemblerSDF

===========================================================================================
----------------- testing Fri Jul 19 06:58:37 UTC 2019 /home/travis/build/icyphy/ptII/ptolemy/actor/lib/test/auto/WallClockTime.xml
----------------- Instantiating /home/travis/build/icyphy/ptII/ptolemy/actor/lib/test/auto/WallClockTime.xml
1004 ms. Memory: 496640K Free: 371303K (75%)
----------------- Invoking toplevel() on ptolemy.moml.MoMLSimpleApplication@27c6757f
----------------- Done invoking toplevel() on ptolemy.moml.MoMLSimpleApplication@27c6757f
reloadAllAccessors: .WallClockTime

===========================================================================================
----------------- testing Fri Jul 19 06:58:38 UTC 2019 /home/travis/build/icyphy/ptII/ptolemy/actor/lib/test/auto/WidthTestWithSubscriberPublisher.xml
----------------- Instantiating /home/travis/build/icyphy/ptII/ptolemy/actor/lib/test/auto/WidthTestWithSubscriberPublisher.xml
7 ms. Memory: 496640K Free: 353381K (71%)
----------------- Invoking toplevel() on ptolemy.moml.MoMLSimpleApplication@22778430
----------------- Done invoking toplevel() on ptolemy.moml.MoMLSimpleApplication@22778430
reloadAllAccessors: .WidthTestWithSubscriberPublisher

===========================================================================================
----------------- testing Fri Jul 19 06:58:38 UTC 2019 /home/travis/build/icyphy/ptII/ptolemy/actor/lib/test/auto/WidthTestWithSubscriberPublisher2.xml
----------------- Instantiating /home/travis/build/icyphy/ptII/ptolemy/actor/lib/test/auto/WidthTestWithSubscriberPublisher2.xml
2 ms. Memory: 496640K Free: 347237K (70%)
----------------- Invoking toplevel() on ptolemy.moml.MoMLSimpleApplication@9a1d867
----------------- Done invoking toplevel() on ptolemy.moml.MoMLSimpleApplication@9a1d867
reloadAllAccessors: .WidthTestWithSubscriberPublisher2

===========================================================================================
----------------- testing Fri Jul 19 06:58:38 UTC 2019 /home/travis/build/icyphy/ptII/ptolemy/actor/lib/test/auto/WidthTestWithSubscriberPublisher3.xml
----------------- Instantiating /home/travis/build/icyphy/ptII/ptolemy/actor/lib/test/auto/WidthTestWithSubscriberPublisher3.xml
1 ms. Memory: 496640K Free: 341607K (69%)
----------------- Invoking toplevel() on ptolemy.moml.MoMLSimpleApplication@58bccc13
----------------- Done invoking toplevel() on ptolemy.moml.MoMLSimpleApplication@58bccc13
reloadAllAccessors: .WidthTestWithSubscriberPublisher3

===========================================================================================
----------------- testing Fri Jul 19 06:58:38 UTC 2019 /home/travis/build/icyphy/ptII/ptolemy/actor/lib/test/auto/Writer.xml
----------------- Instantiating /home/travis/build/icyphy/ptII/ptolemy/actor/lib/test/auto/Writer.xml
0
1
2
3
4
1 ms. Memory: 496640K Free: 336983K (68%)
----------------- Invoking toplevel() on ptolemy.moml.MoMLSimpleApplication@ace09f1
----------------- Done invoking toplevel() on ptolemy.moml.MoMLSimpleApplication@ace09f1
reloadAllAccessors: .Writer

===========================================================================================
----------------- testing Fri Jul 19 06:58:38 UTC 2019 /home/travis/build/icyphy/ptII/ptolemy/actor/lib/test/auto/array.xml
----------------- Instantiating /home/travis/build/icyphy/ptII/ptolemy/actor/lib/test/auto/array.xml
2 ms. Memory: 496640K Free: 332391K (67%)
----------------- Invoking toplevel() on ptolemy.moml.MoMLSimpleApplication@458d9aee
----------------- Done invoking toplevel() on ptolemy.moml.MoMLSimpleApplication@458d9aee
reloadAllAccessors: .array

===========================================================================================
----------------- testing Fri Jul 19 06:58:38 UTC 2019 /home/travis/build/icyphy/ptII/ptolemy/actor/lib/test/auto/array2.xml
----------------- Instantiating /home/travis/build/icyphy/ptII/ptolemy/actor/lib/test/auto/array2.xml
5 ms. Memory: 496640K Free: 327767K (66%)
----------------- Invoking toplevel() on ptolemy.moml.MoMLSimpleApplication@6fc1fb21
----------------- Done invoking toplevel() on ptolemy.moml.MoMLSimpleApplication@6fc1fb21
reloadAllAccessors: .array2

===========================================================================================
----------------- testing Fri Jul 19 06:58:38 UTC 2019 /home/travis/build/icyphy/ptII/ptolemy/actor/lib/test/auto/arrayType.xml
----------------- Instantiating /home/travis/build/icyphy/ptII/ptolemy/actor/lib/test/auto/arrayType.xml
1 ms. Memory: 496640K Free: 322151K (65%)
----------------- Invoking toplevel() on ptolemy.moml.MoMLSimpleApplication@42fe3009
----------------- Done invoking toplevel() on ptolemy.moml.MoMLSimpleApplication@42fe3009
reloadAllAccessors: .arrayType

===========================================================================================
----------------- testing Fri Jul 19 06:58:38 UTC 2019 /home/travis/build/icyphy/ptII/ptolemy/actor/lib/test/auto/arrayType10.xml
----------------- Instantiating /home/travis/build/icyphy/ptII/ptolemy/actor/lib/test/auto/arrayType10.xml
2 ms. Memory: 496640K Free: 317541K (64%)
----------------- Invoking toplevel() on ptolemy.moml.MoMLSimpleApplication@53e5514
----------------- Done invoking toplevel() on ptolemy.moml.MoMLSimpleApplication@53e5514
reloadAllAccessors: .arrayType10

===========================================================================================
----------------- testing Fri Jul 19 06:58:38 UTC 2019 /home/travis/build/icyphy/ptII/ptolemy/actor/lib/test/auto/arrayType11.xml
----------------- Instantiating /home/travis/build/icyphy/ptII/ptolemy/actor/lib/test/auto/arrayType11.xml
1 ms. Memory: 496640K Free: 312935K (63%)
----------------- Invoking toplevel() on ptolemy.moml.MoMLSimpleApplication@946a7f7
----------------- Done invoking toplevel() on ptolemy.moml.MoMLSimpleApplication@946a7f7
reloadAllAccessors: .arrayType11

===========================================================================================
----------------- testing Fri Jul 19 06:58:38 UTC 2019 /home/travis/build/icyphy/ptII/ptolemy/actor/lib/test/auto/arrayType12.xml
----------------- Instantiating /home/travis/build/icyphy/ptII/ptolemy/actor/lib/test/auto/arrayType12.xml
1 ms. Memory: 496640K Free: 307815K (62%)
----------------- Invoking toplevel() on ptolemy.moml.MoMLSimpleApplication@23e8cd36
----------------- Done invoking toplevel() on ptolemy.moml.MoMLSimpleApplication@23e8cd36
reloadAllAccessors: .arrayType12

===========================================================================================
----------------- testing Fri Jul 19 06:58:38 UTC 2019 /home/travis/build/icyphy/ptII/ptolemy/actor/lib/test/auto/arrayType13.xml
----------------- Instantiating /home/travis/build/icyphy/ptII/ptolemy/actor/lib/test/auto/arrayType13.xml
6 ms. Memory: 496640K Free: 302695K (61%)
----------------- Invoking toplevel() on ptolemy.moml.MoMLSimpleApplication@9fc368b
----------------- Done invoking toplevel() on ptolemy.moml.MoMLSimpleApplication@9fc368b
reloadAllAccessors: .arrayType13

===========================================================================================
----------------- testing Fri Jul 19 06:58:38 UTC 2019 /home/travis/build/icyphy/ptII/ptolemy/actor/lib/test/auto/arrayType14.xml
----------------- Instantiating /home/travis/build/icyphy/ptII/ptolemy/actor/lib/test/auto/arrayType14.xml
2 ms. Memory: 496640K Free: 297575K (60%)
----------------- Invoking toplevel() on ptolemy.moml.MoMLSimpleApplication@ac1832e
----------------- Done invoking toplevel() on ptolemy.moml.MoMLSimpleApplication@ac1832e
reloadAllAccessors: .arrayType14

===========================================================================================
----------------- testing Fri Jul 19 06:58:38 UTC 2019 /home/travis/build/icyphy/ptII/ptolemy/actor/lib/test/auto/arrayType15.xml
----------------- Instantiating /home/travis/build/icyphy/ptII/ptolemy/actor/lib/test/auto/arrayType15.xml
9 ms. Memory: 496640K Free: 291941K (59%)
----------------- Invoking toplevel() on ptolemy.moml.MoMLSimpleApplication@13acb410
----------------- Done invoking toplevel() on ptolemy.moml.MoMLSimpleApplication@13acb410
reloadAllAccessors: .arrayType15

===========================================================================================
----------------- testing Fri Jul 19 06:58:38 UTC 2019 /home/travis/build/icyphy/ptII/ptolemy/actor/lib/test/auto/arrayType16.xml
----------------- Instantiating /home/travis/build/icyphy/ptII/ptolemy/actor/lib/test/auto/arrayType16.xml
1 ms. Memory: 496640K Free: 286821K (58%)
----------------- Invoking toplevel() on ptolemy.moml.MoMLSimpleApplication@78fe5d4a
----------------- Done invoking toplevel() on ptolemy.moml.MoMLSimpleApplication@78fe5d4a
reloadAllAccessors: .arrayType16

===========================================================================================
----------------- testing Fri Jul 19 06:58:38 UTC 2019 /home/travis/build/icyphy/ptII/ptolemy/actor/lib/test/auto/arrayType17.xml
----------------- Instantiating /home/travis/build/icyphy/ptII/ptolemy/actor/lib/test/auto/arrayType17.xml
1 ms. Memory: 496640K Free: 281191K (57%)
----------------- Invoking toplevel() on ptolemy.moml.MoMLSimpleApplication@4594dc2f
----------------- Done invoking toplevel() on ptolemy.moml.MoMLSimpleApplication@4594dc2f
reloadAllAccessors: .arrayType17

===========================================================================================
----------------- testing Fri Jul 19 06:58:38 UTC 2019 /home/travis/build/icyphy/ptII/ptolemy/actor/lib/test/auto/arrayType18.xml
----------------- Instantiating /home/travis/build/icyphy/ptII/ptolemy/actor/lib/test/auto/arrayType18.xml
1 ms. Memory: 496640K Free: 275557K (55%)
----------------- Invoking toplevel() on ptolemy.moml.MoMLSimpleApplication@a082b69
----------------- Done invoking toplevel() on ptolemy.moml.MoMLSimpleApplication@a082b69
reloadAllAccessors: .arrayType18

===========================================================================================
----------------- testing Fri Jul 19 06:58:38 UTC 2019 /home/travis/build/icyphy/ptII/ptolemy/actor/lib/test/auto/arrayType19.xml
----------------- Instantiating /home/travis/build/icyphy/ptII/ptolemy/actor/lib/test/auto/arrayType19.xml
2 ms. Memory: 496640K Free: 270951K (55%)
----------------- Invoking toplevel() on ptolemy.moml.MoMLSimpleApplication@22186ffb
----------------- Done invoking toplevel() on ptolemy.moml.MoMLSimpleApplication@22186ffb
reloadAllAccessors: .arrayType19

===========================================================================================
----------------- testing Fri Jul 19 06:58:38 UTC 2019 /home/travis/build/icyphy/ptII/ptolemy/actor/lib/test/auto/arrayType2.xml
----------------- Instantiating /home/travis/build/icyphy/ptII/ptolemy/actor/lib/test/auto/arrayType2.xml
2 ms. Memory: 496640K Free: 265317K (53%)
----------------- Invoking toplevel() on ptolemy.moml.MoMLSimpleApplication@6deac4e0
----------------- Done invoking toplevel() on ptolemy.moml.MoMLSimpleApplication@6deac4e0
reloadAllAccessors: .arrayType2

===========================================================================================
----------------- testing Fri Jul 19 06:58:38 UTC 2019 /home/travis/build/icyphy/ptII/ptolemy/actor/lib/test/auto/arrayType20.xml
----------------- Instantiating /home/travis/build/icyphy/ptII/ptolemy/actor/lib/test/auto/arrayType20.xml
1 ms. Memory: 496640K Free: 260711K (52%)
----------------- Invoking toplevel() on ptolemy.moml.MoMLSimpleApplication@6fbed499
----------------- Done invoking toplevel() on ptolemy.moml.MoMLSimpleApplication@6fbed499
reloadAllAccessors: .arrayType20

===========================================================================================
----------------- testing Fri Jul 19 06:58:38 UTC 2019 /home/travis/build/icyphy/ptII/ptolemy/actor/lib/test/auto/arrayType21.xml
----------------- Instantiating /home/travis/build/icyphy/ptII/ptolemy/actor/lib/test/auto/arrayType21.xml
2 ms. Memory: 496640K Free: 256101K (52%)
----------------- Invoking toplevel() on ptolemy.moml.MoMLSimpleApplication@2b3a4165
----------------- Done invoking toplevel() on ptolemy.moml.MoMLSimpleApplication@2b3a4165
reloadAllAccessors: .arrayType21

===========================================================================================
----------------- testing Fri Jul 19 06:58:38 UTC 2019 /home/travis/build/icyphy/ptII/ptolemy/actor/lib/test/auto/arrayType22.xml
----------------- Instantiating /home/travis/build/icyphy/ptII/ptolemy/actor/lib/test/auto/arrayType22.xml
1 ms. Memory: 496640K Free: 250981K (51%)
----------------- Invoking toplevel() on ptolemy.moml.MoMLSimpleApplication@643a8f9
----------------- Done invoking toplevel() on ptolemy.moml.MoMLSimpleApplication@643a8f9
reloadAllAccessors: .arrayType22

===========================================================================================
----------------- testing Fri Jul 19 06:58:38 UTC 2019 /home/travis/build/icyphy/ptII/ptolemy/actor/lib/test/auto/arrayType23.xml
----------------- Instantiating /home/travis/build/icyphy/ptII/ptolemy/actor/lib/test/auto/arrayType23.xml
2 ms. Memory: 496640K Free: 246375K (50%)
----------------- Invoking toplevel() on ptolemy.moml.MoMLSimpleApplication@40712a9
----------------- Done invoking toplevel() on ptolemy.moml.MoMLSimpleApplication@40712a9
reloadAllAccessors: .arrayType23

===========================================================================================
----------------- testing Fri Jul 19 06:58:38 UTC 2019 /home/travis/build/icyphy/ptII/ptolemy/actor/lib/test/auto/arrayType24.xml
----------------- Instantiating /home/travis/build/icyphy/ptII/ptolemy/actor/lib/test/auto/arrayType24.xml
2 ms. Memory: 496640K Free: 241765K (49%)
----------------- Invoking toplevel() on ptolemy.moml.MoMLSimpleApplication@44cb35f
----------------- Done invoking toplevel() on ptolemy.moml.MoMLSimpleApplication@44cb35f
reloadAllAccessors: .arrayType24

===========================================================================================
----------------- testing Fri Jul 19 06:58:38 UTC 2019 /home/travis/build/icyphy/ptII/ptolemy/actor/lib/test/auto/arrayType25.xml
----------------- Instantiating /home/travis/build/icyphy/ptII/ptolemy/actor/lib/test/auto/arrayType25.xml
2 ms. Memory: 496640K Free: 236135K (48%)
----------------- Invoking toplevel() on ptolemy.moml.MoMLSimpleApplication@3a57f6a4
----------------- Done invoking toplevel() on ptolemy.moml.MoMLSimpleApplication@3a57f6a4
reloadAllAccessors: .arrayType25

===========================================================================================
----------------- testing Fri Jul 19 06:58:38 UTC 2019 /home/travis/build/icyphy/ptII/ptolemy/actor/lib/test/auto/arrayType26.xml
----------------- Instantiating /home/travis/build/icyphy/ptII/ptolemy/actor/lib/test/auto/arrayType26.xml
1 ms. Memory: 496640K Free: 231015K (47%)
----------------- Invoking toplevel() on ptolemy.moml.MoMLSimpleApplication@2bd04d0f
----------------- Done invoking toplevel() on ptolemy.moml.MoMLSimpleApplication@2bd04d0f
reloadAllAccessors: .arrayType26

===========================================================================================
----------------- testing Fri Jul 19 06:58:38 UTC 2019 /home/travis/build/icyphy/ptII/ptolemy/actor/lib/test/auto/arrayType27.xml
----------------- Instantiating /home/travis/build/icyphy/ptII/ptolemy/actor/lib/test/auto/arrayType27.xml
3 ms. Memory: 496640K Free: 225381K (45%)
----------------- Invoking toplevel() on ptolemy.moml.MoMLSimpleApplication@712ab5cf
----------------- Done invoking toplevel() on ptolemy.moml.MoMLSimpleApplication@712ab5cf
reloadAllAccessors: .arrayType27

===========================================================================================
----------------- testing Fri Jul 19 06:58:38 UTC 2019 /home/travis/build/icyphy/ptII/ptolemy/actor/lib/test/auto/arrayType28.xml
----------------- Instantiating /home/travis/build/icyphy/ptII/ptolemy/actor/lib/test/auto/arrayType28.xml
1 ms. Memory: 496640K Free: 220247K (44%)
----------------- Invoking toplevel() on ptolemy.moml.MoMLSimpleApplication@7d0868af
----------------- Done invoking toplevel() on ptolemy.moml.MoMLSimpleApplication@7d0868af
reloadAllAccessors: .arrayType28

===========================================================================================
----------------- testing Fri Jul 19 06:58:38 UTC 2019 /home/travis/build/icyphy/ptII/ptolemy/actor/lib/test/auto/arrayType3.xml
----------------- Instantiating /home/travis/build/icyphy/ptII/ptolemy/actor/lib/test/auto/arrayType3.xml
2 ms. Memory: 496640K Free: 215141K (43%)
----------------- Invoking toplevel() on ptolemy.moml.MoMLSimpleApplication@2f19f7db
----------------- Done invoking toplevel() on ptolemy.moml.MoMLSimpleApplication@2f19f7db
reloadAllAccessors: .arrayType3

===========================================================================================
----------------- testing Fri Jul 19 06:58:38 UTC 2019 /home/travis/build/icyphy/ptII/ptolemy/actor/lib/test/auto/arrayType4.xml
----------------- Instantiating /home/travis/build/icyphy/ptII/ptolemy/actor/lib/test/auto/arrayType4.xml
2 ms. Memory: 496640K Free: 209511K (42%)
----------------- Invoking toplevel() on ptolemy.moml.MoMLSimpleApplication@7b3ac2b5
----------------- Done invoking toplevel() on ptolemy.moml.MoMLSimpleApplication@7b3ac2b5
reloadAllAccessors: .arrayType4

===========================================================================================
----------------- testing Fri Jul 19 06:58:39 UTC 2019 /home/travis/build/icyphy/ptII/ptolemy/actor/lib/test/auto/arrayType5.xml
----------------- Instantiating /home/travis/build/icyphy/ptII/ptolemy/actor/lib/test/auto/arrayType5.xml
1 ms. Memory: 496640K Free: 204391K (41%)
----------------- Invoking toplevel() on ptolemy.moml.MoMLSimpleApplication@7b4bf5fc
----------------- Done invoking toplevel() on ptolemy.moml.MoMLSimpleApplication@7b4bf5fc
reloadAllAccessors: .arrayType5

===========================================================================================
----------------- testing Fri Jul 19 06:58:39 UTC 2019 /home/travis/build/icyphy/ptII/ptolemy/actor/lib/test/auto/arrayType6.xml
----------------- Instantiating /home/travis/build/icyphy/ptII/ptolemy/actor/lib/test/auto/arrayType6.xml
2 ms. Memory: 496640K Free: 199271K (40%)
----------------- Invoking toplevel() on ptolemy.moml.MoMLSimpleApplication@d540b50
----------------- Done invoking toplevel() on ptolemy.moml.MoMLSimpleApplication@d540b50
reloadAllAccessors: .arrayType6

===========================================================================================
----------------- testing Fri Jul 19 06:58:39 UTC 2019 /home/travis/build/icyphy/ptII/ptolemy/actor/lib/test/auto/arrayType7.xml
----------------- Instantiating /home/travis/build/icyphy/ptII/ptolemy/actor/lib/test/auto/arrayType7.xml
1 ms. Memory: 496640K Free: 194661K (39%)
----------------- Invoking toplevel() on ptolemy.moml.MoMLSimpleApplication@5b0546b0
----------------- Done invoking toplevel() on ptolemy.moml.MoMLSimpleApplication@5b0546b0
reloadAllAccessors: .arrayType7

===========================================================================================
----------------- testing Fri Jul 19 06:58:39 UTC 2019 /home/travis/build/icyphy/ptII/ptolemy/actor/lib/test/auto/arrayType8.xml
----------------- Instantiating /home/travis/build/icyphy/ptII/ptolemy/actor/lib/test/auto/arrayType8.xml
1 ms. Memory: 496640K Free: 190055K (38%)
----------------- Invoking toplevel() on ptolemy.moml.MoMLSimpleApplication@397606c1
----------------- Done invoking toplevel() on ptolemy.moml.MoMLSimpleApplication@397606c1
reloadAllAccessors: .arrayType8

===========================================================================================
----------------- testing Fri Jul 19 06:58:39 UTC 2019 /home/travis/build/icyphy/ptII/ptolemy/actor/lib/test/auto/arrayType9.xml
----------------- Instantiating /home/travis/build/icyphy/ptII/ptolemy/actor/lib/test/auto/arrayType9.xml
7 ms. Memory: 496640K Free: 184935K (37%)
----------------- Invoking toplevel() on ptolemy.moml.MoMLSimpleApplication@7ffd20ea
----------------- Done invoking toplevel() on ptolemy.moml.MoMLSimpleApplication@7ffd20ea
reloadAllAccessors: .arrayType9

===========================================================================================
----------------- testing Fri Jul 19 06:58:39 UTC 2019 /home/travis/build/icyphy/ptII/ptolemy/actor/lib/test/auto/cast.xml
----------------- Instantiating /home/travis/build/icyphy/ptII/ptolemy/actor/lib/test/auto/cast.xml
2 ms. Memory: 496640K Free: 180325K (36%)
----------------- Invoking toplevel() on ptolemy.moml.MoMLSimpleApplication@15c0cc75
----------------- Done invoking toplevel() on ptolemy.moml.MoMLSimpleApplication@15c0cc75
reloadAllAccessors: .cast

===========================================================================================
----------------- testing Fri Jul 19 06:58:39 UTC 2019 /home/travis/build/icyphy/ptII/ptolemy/actor/lib/test/auto/compositeMultiPort.xml
----------------- Instantiating /home/travis/build/icyphy/ptII/ptolemy/actor/lib/test/auto/compositeMultiPort.xml
3 ms. Memory: 496640K Free: 171095K (34%)
----------------- Invoking toplevel() on ptolemy.moml.MoMLSimpleApplication@72fedea5
----------------- Done invoking toplevel() on ptolemy.moml.MoMLSimpleApplication@72fedea5
reloadAllAccessors: .compositeMultiPort

===========================================================================================
----------------- testing Fri Jul 19 06:58:39 UTC 2019 /home/travis/build/icyphy/ptII/ptolemy/actor/lib/test/auto/expressionCastInference.xml
----------------- Instantiating /home/travis/build/icyphy/ptII/ptolemy/actor/lib/test/auto/expressionCastInference.xml
1 ms. Memory: 496640K Free: 166503K (34%)
----------------- Invoking toplevel() on ptolemy.moml.MoMLSimpleApplication@34bb3de3
----------------- Done invoking toplevel() on ptolemy.moml.MoMLSimpleApplication@34bb3de3
reloadAllAccessors: .expressionCastInference

===========================================================================================
----------------- testing Fri Jul 19 06:58:39 UTC 2019 /home/travis/build/icyphy/ptII/ptolemy/actor/lib/test/auto/expressionCastInference2.xml
----------------- Instantiating /home/travis/build/icyphy/ptII/ptolemy/actor/lib/test/auto/expressionCastInference2.xml
2 ms. Memory: 496640K Free: 161893K (33%)
----------------- Invoking toplevel() on ptolemy.moml.MoMLSimpleApplication@34c203f7
----------------- Done invoking toplevel() on ptolemy.moml.MoMLSimpleApplication@34c203f7
reloadAllAccessors: .expressionCastInference2

===========================================================================================
----------------- testing Fri Jul 19 06:58:39 UTC 2019 /home/travis/build/icyphy/ptII/ptolemy/actor/lib/test/auto/expressionInference.xml
----------------- Instantiating /home/travis/build/icyphy/ptII/ptolemy/actor/lib/test/auto/expressionInference.xml
1 ms. Memory: 496640K Free: 157287K (32%)
----------------- Invoking toplevel() on ptolemy.moml.MoMLSimpleApplication@5b574e48
----------------- Done invoking toplevel() on ptolemy.moml.MoMLSimpleApplication@5b574e48
reloadAllAccessors: .expressionInference

===========================================================================================
----------------- testing Fri Jul 19 06:58:39 UTC 2019 /home/travis/build/icyphy/ptII/ptolemy/actor/lib/test/auto/expression_bug.xml
----------------- Instantiating /home/travis/build/icyphy/ptII/ptolemy/actor/lib/test/auto/expression_bug.xml
2 ms. Memory: 496640K Free: 153191K (31%)
----------------- Invoking toplevel() on ptolemy.moml.MoMLSimpleApplication@4a806b67
----------------- Done invoking toplevel() on ptolemy.moml.MoMLSimpleApplication@4a806b67
reloadAllAccessors: .expression_bug

===========================================================================================
----------------- testing Fri Jul 19 06:58:39 UTC 2019 /home/travis/build/icyphy/ptII/ptolemy/actor/lib/test/auto/factorial.xml
----------------- Instantiating /home/travis/build/icyphy/ptII/ptolemy/actor/lib/test/auto/factorial.xml
61 ms. Memory: 496640K Free: 436448K (88%)
----------------- Invoking toplevel() on ptolemy.moml.MoMLSimpleApplication@112f495
----------------- Done invoking toplevel() on ptolemy.moml.MoMLSimpleApplication@112f495
reloadAllAccessors: .factorial

===========================================================================================
----------------- testing Fri Jul 19 06:58:39 UTC 2019 /home/travis/build/icyphy/ptII/ptolemy/actor/lib/test/auto/filterTest1.xml
----------------- Instantiating /home/travis/build/icyphy/ptII/ptolemy/actor/lib/test/auto/filterTest1.xml
5 ms. Memory: 496640K Free: 430304K (87%)
----------------- Invoking toplevel() on ptolemy.moml.MoMLSimpleApplication@e8a316f
----------------- Done invoking toplevel() on ptolemy.moml.MoMLSimpleApplication@e8a316f
reloadAllAccessors: .filterTest1

===========================================================================================
----------------- testing Fri Jul 19 06:58:39 UTC 2019 /home/travis/build/icyphy/ptII/ptolemy/actor/lib/test/auto/funcApplyInConst.xml
----------------- Instantiating /home/travis/build/icyphy/ptII/ptolemy/actor/lib/test/auto/funcApplyInConst.xml
1 ms. Memory: 496640K Free: 426718K (86%)
----------------- Invoking toplevel() on ptolemy.moml.MoMLSimpleApplication@bab0fb7
----------------- Done invoking toplevel() on ptolemy.moml.MoMLSimpleApplication@bab0fb7
reloadAllAccessors: .funcApplyInConst

===========================================================================================
----------------- testing Fri Jul 19 06:58:39 UTC 2019 /home/travis/build/icyphy/ptII/ptolemy/actor/lib/test/auto/funcApplyInExpr.xml
----------------- Instantiating /home/travis/build/icyphy/ptII/ptolemy/actor/lib/test/auto/funcApplyInExpr.xml
1 ms. Memory: 496640K Free: 422622K (85%)
----------------- Invoking toplevel() on ptolemy.moml.MoMLSimpleApplication@587b2d2b
----------------- Done invoking toplevel() on ptolemy.moml.MoMLSimpleApplication@587b2d2b
reloadAllAccessors: .funcApplyInExpr

===========================================================================================
----------------- testing Fri Jul 19 06:58:39 UTC 2019 /home/travis/build/icyphy/ptII/ptolemy/actor/lib/test/auto/function.xml
----------------- Instantiating /home/travis/build/icyphy/ptII/ptolemy/actor/lib/test/auto/function.xml
2 ms. Memory: 496640K Free: 418016K (84%)
----------------- Invoking toplevel() on ptolemy.moml.MoMLSimpleApplication@1a6cac7d
----------------- Done invoking toplevel() on ptolemy.moml.MoMLSimpleApplication@1a6cac7d
reloadAllAccessors: .function

===========================================================================================
----------------- testing Fri Jul 19 06:58:39 UTC 2019 /home/travis/build/icyphy/ptII/ptolemy/actor/lib/test/auto/function2.xml
----------------- Instantiating /home/travis/build/icyphy/ptII/ptolemy/actor/lib/test/auto/function2.xml
2 ms. Memory: 496640K Free: 412896K (83%)
----------------- Invoking toplevel() on ptolemy.moml.MoMLSimpleApplication@65281f11
----------------- Done invoking toplevel() on ptolemy.moml.MoMLSimpleApplication@65281f11
reloadAllAccessors: .function2

===========================================================================================
----------------- testing Fri Jul 19 06:58:39 UTC 2019 /home/travis/build/icyphy/ptII/ptolemy/actor/lib/test/auto/function3.xml
----------------- Instantiating /home/travis/build/icyphy/ptII/ptolemy/actor/lib/test/auto/function3.xml
1 ms. Memory: 496640K Free: 409310K (82%)
----------------- Invoking toplevel() on ptolemy.moml.MoMLSimpleApplication@c5c3428
----------------- Done invoking toplevel() on ptolemy.moml.MoMLSimpleApplication@c5c3428
reloadAllAccessors: .function3

===========================================================================================
----------------- testing Fri Jul 19 06:58:39 UTC 2019 /home/travis/build/icyphy/ptII/ptolemy/actor/lib/test/auto/functionClosureTest1.xml
----------------- Instantiating /home/travis/build/icyphy/ptII/ptolemy/actor/lib/test/auto/functionClosureTest1.xml
2 ms. Memory: 496640K Free: 403160K (81%)
----------------- Invoking toplevel() on ptolemy.moml.MoMLSimpleApplication@6e414528
----------------- Done invoking toplevel() on ptolemy.moml.MoMLSimpleApplication@6e414528
reloadAllAccessors: .functionClosureTest1

===========================================================================================
----------------- testing Fri Jul 19 06:58:39 UTC 2019 /home/travis/build/icyphy/ptII/ptolemy/actor/lib/test/auto/functionClosureTest2.xml
----------------- Instantiating /home/travis/build/icyphy/ptII/ptolemy/actor/lib/test/auto/functionClosureTest2.xml
1 ms. Memory: 496640K Free: 399584K (80%)
----------------- Invoking toplevel() on ptolemy.moml.MoMLSimpleApplication@737ec7fe
----------------- Done invoking toplevel() on ptolemy.moml.MoMLSimpleApplication@737ec7fe
reloadAllAccessors: .functionClosureTest2

===========================================================================================
----------------- testing Fri Jul 19 06:58:39 UTC 2019 /home/travis/build/icyphy/ptII/ptolemy/actor/lib/test/auto/functionClosureTest3.xml
----------------- Instantiating /home/travis/build/icyphy/ptII/ptolemy/actor/lib/test/auto/functionClosureTest3.xml
2 ms. Memory: 496640K Free: 394464K (79%)
----------------- Invoking toplevel() on ptolemy.moml.MoMLSimpleApplication@4aaebaf4
----------------- Done invoking toplevel() on ptolemy.moml.MoMLSimpleApplication@4aaebaf4
reloadAllAccessors: .functionClosureTest3

===========================================================================================
----------------- testing Fri Jul 19 06:58:39 UTC 2019 /home/travis/build/icyphy/ptII/ptolemy/actor/lib/test/auto/functionClosureTest4.xml
----------------- Instantiating /home/travis/build/icyphy/ptII/ptolemy/actor/lib/test/auto/functionClosureTest4.xml
4 ms. Memory: 496640K Free: 387806K (78%)
----------------- Invoking toplevel() on ptolemy.moml.MoMLSimpleApplication@6a82a470
----------------- Done invoking toplevel() on ptolemy.moml.MoMLSimpleApplication@6a82a470
reloadAllAccessors: .functionClosureTest4

===========================================================================================
----------------- testing Fri Jul 19 06:58:39 UTC 2019 /home/travis/build/icyphy/ptII/ptolemy/actor/lib/test/auto/functionClosureTest5.xml
----------------- Instantiating /home/travis/build/icyphy/ptII/ptolemy/actor/lib/test/auto/functionClosureTest5.xml
5 ms. Memory: 496640K Free: 382680K (77%)
----------------- Invoking toplevel() on ptolemy.moml.MoMLSimpleApplication@1329c057
----------------- Done invoking toplevel() on ptolemy.moml.MoMLSimpleApplication@1329c057
reloadAllAccessors: .functionClosureTest5

===========================================================================================
----------------- testing Fri Jul 19 06:58:39 UTC 2019 /home/travis/build/icyphy/ptII/ptolemy/actor/lib/test/auto/functionClosureTest6.xml
----------------- Instantiating /home/travis/build/icyphy/ptII/ptolemy/actor/lib/test/auto/functionClosureTest6.xml
3 ms. Memory: 496640K Free: 377560K (76%)
----------------- Invoking toplevel() on ptolemy.moml.MoMLSimpleApplication@4b97d704
----------------- Done invoking toplevel() on ptolemy.moml.MoMLSimpleApplication@4b97d704
reloadAllAccessors: .functionClosureTest6

===========================================================================================
----------------- testing Fri Jul 19 06:58:39 UTC 2019 /home/travis/build/icyphy/ptII/ptolemy/actor/lib/test/auto/functionsOnArcs.xml
----------------- Instantiating /home/travis/build/icyphy/ptII/ptolemy/actor/lib/test/auto/functionsOnArcs.xml
4 ms. Memory: 496640K Free: 372446K (75%)
----------------- Invoking toplevel() on ptolemy.moml.MoMLSimpleApplication@4fdf7c8e
----------------- Done invoking toplevel() on ptolemy.moml.MoMLSimpleApplication@4fdf7c8e
reloadAllAccessors: .functionsOnArcs

===========================================================================================
----------------- testing Fri Jul 19 06:58:39 UTC 2019 /home/travis/build/icyphy/ptII/ptolemy/actor/lib/test/auto/functionsOnArcsHOF.xml
----------------- Instantiating /home/travis/build/icyphy/ptII/ptolemy/actor/lib/test/auto/functionsOnArcsHOF.xml
3 ms. Memory: 496640K Free: 366302K (74%)
----------------- Invoking toplevel() on ptolemy.moml.MoMLSimpleApplication@699599fb
----------------- Done invoking toplevel() on ptolemy.moml.MoMLSimpleApplication@699599fb
reloadAllAccessors: .functionsOnArcsHOF

===========================================================================================
----------------- testing Fri Jul 19 06:58:39 UTC 2019 /home/travis/build/icyphy/ptII/ptolemy/actor/lib/test/auto/logic.xml
----------------- Instantiating /home/travis/build/icyphy/ptII/ptolemy/actor/lib/test/auto/logic.xml
1 ms. Memory: 496640K Free: 359134K (72%)
----------------- Invoking toplevel() on ptolemy.moml.MoMLSimpleApplication@46d492c2
----------------- Done invoking toplevel() on ptolemy.moml.MoMLSimpleApplication@46d492c2
reloadAllAccessors: .logic

===========================================================================================
----------------- testing Fri Jul 19 06:58:39 UTC 2019 /home/travis/build/icyphy/ptII/ptolemy/actor/lib/test/auto/matrixType.xml
----------------- Instantiating /home/travis/build/icyphy/ptII/ptolemy/actor/lib/test/auto/matrixType.xml
5 ms. Memory: 496640K Free: 354014K (71%)
----------------- Invoking toplevel() on ptolemy.moml.MoMLSimpleApplication@733204d1
----------------- Done invoking toplevel() on ptolemy.moml.MoMLSimpleApplication@733204d1
reloadAllAccessors: .matrixType

===========================================================================================
----------------- testing Fri Jul 19 06:58:39 UTC 2019 /home/travis/build/icyphy/ptII/ptolemy/actor/lib/test/auto/matrixType10.xml
----------------- Instantiating /home/travis/build/icyphy/ptII/ptolemy/actor/lib/test/auto/matrixType10.xml
2 ms. Memory: 496640K Free: 349408K (70%)
----------------- Invoking toplevel() on ptolemy.moml.MoMLSimpleApplication@62141189
----------------- Done invoking toplevel() on ptolemy.moml.MoMLSimpleApplication@62141189
reloadAllAccessors: .matrixType10

===========================================================================================
----------------- testing Fri Jul 19 06:58:39 UTC 2019 /home/travis/build/icyphy/ptII/ptolemy/actor/lib/test/auto/matrixType11.xml
----------------- Instantiating /home/travis/build/icyphy/ptII/ptolemy/actor/lib/test/auto/matrixType11.xml
1 ms. Memory: 496640K Free: 344288K (69%)
----------------- Invoking toplevel() on ptolemy.moml.MoMLSimpleApplication@306341ed
----------------- Done invoking toplevel() on ptolemy.moml.MoMLSimpleApplication@306341ed
reloadAllAccessors: .matrixType11

===========================================================================================
----------------- testing Fri Jul 19 06:58:39 UTC 2019 /home/travis/build/icyphy/ptII/ptolemy/actor/lib/test/auto/matrixType12.xml
----------------- Instantiating /home/travis/build/icyphy/ptII/ptolemy/actor/lib/test/auto/matrixType12.xml
1 ms. Memory: 496640K Free: 339678K (68%)
----------------- Invoking toplevel() on ptolemy.moml.MoMLSimpleApplication@4e7098e4
----------------- Done invoking toplevel() on ptolemy.moml.MoMLSimpleApplication@4e7098e4
reloadAllAccessors: .matrixType12

===========================================================================================
----------------- testing Fri Jul 19 06:58:39 UTC 2019 /home/travis/build/icyphy/ptII/ptolemy/actor/lib/test/auto/matrixType13.xml
----------------- Instantiating /home/travis/build/icyphy/ptII/ptolemy/actor/lib/test/auto/matrixType13.xml
1 ms. Memory: 496640K Free: 334558K (67%)
----------------- Invoking toplevel() on ptolemy.moml.MoMLSimpleApplication@1fb0ab83
----------------- Done invoking toplevel() on ptolemy.moml.MoMLSimpleApplication@1fb0ab83
reloadAllAccessors: .matrixType13

===========================================================================================
----------------- testing Fri Jul 19 06:58:39 UTC 2019 /home/travis/build/icyphy/ptII/ptolemy/actor/lib/test/auto/matrixType14.xml
----------------- Instantiating /home/travis/build/icyphy/ptII/ptolemy/actor/lib/test/auto/matrixType14.xml
2 ms. Memory: 496640K Free: 329424K (66%)
----------------- Invoking toplevel() on ptolemy.moml.MoMLSimpleApplication@2f5c87b2
----------------- Done invoking toplevel() on ptolemy.moml.MoMLSimpleApplication@2f5c87b2
reloadAllAccessors: .matrixType14

===========================================================================================
----------------- testing Fri Jul 19 06:58:39 UTC 2019 /home/travis/build/icyphy/ptII/ptolemy/actor/lib/test/auto/matrixType2.xml
----------------- Instantiating /home/travis/build/icyphy/ptII/ptolemy/actor/lib/test/auto/matrixType2.xml
1 ms. Memory: 496640K Free: 324318K (65%)
----------------- Invoking toplevel() on ptolemy.moml.MoMLSimpleApplication@13c23032
----------------- Done invoking toplevel() on ptolemy.moml.MoMLSimpleApplication@13c23032
reloadAllAccessors: .matrixType2

===========================================================================================
----------------- testing Fri Jul 19 06:58:39 UTC 2019 /home/travis/build/icyphy/ptII/ptolemy/actor/lib/test/auto/matrixType3.xml
----------------- Instantiating /home/travis/build/icyphy/ptII/ptolemy/actor/lib/test/auto/matrixType3.xml
4 ms. Memory: 496640K Free: 319712K (64%)
----------------- Invoking toplevel() on ptolemy.moml.MoMLSimpleApplication@42da45ac
----------------- Done invoking toplevel() on ptolemy.moml.MoMLSimpleApplication@42da45ac
reloadAllAccessors: .matrixType3

===========================================================================================
----------------- testing Fri Jul 19 06:58:39 UTC 2019 /home/travis/build/icyphy/ptII/ptolemy/actor/lib/test/auto/matrixType4.xml
----------------- Instantiating /home/travis/build/icyphy/ptII/ptolemy/actor/lib/test/auto/matrixType4.xml
2 ms. Memory: 496640K Free: 314592K (63%)
----------------- Invoking toplevel() on ptolemy.moml.MoMLSimpleApplication@42b684a4
----------------- Done invoking toplevel() on ptolemy.moml.MoMLSimpleApplication@42b684a4
reloadAllAccessors: .matrixType4

===========================================================================================
----------------- testing Fri Jul 19 06:58:39 UTC 2019 /home/travis/build/icyphy/ptII/ptolemy/actor/lib/test/auto/matrixType5.xml
----------------- Instantiating /home/travis/build/icyphy/ptII/ptolemy/actor/lib/test/auto/matrixType5.xml
1 ms. Memory: 496640K Free: 309982K (62%)
----------------- Invoking toplevel() on ptolemy.moml.MoMLSimpleApplication@d03657d
----------------- Done invoking toplevel() on ptolemy.moml.MoMLSimpleApplication@d03657d
reloadAllAccessors: .matrixType5

===========================================================================================
----------------- testing Fri Jul 19 06:58:39 UTC 2019 /home/travis/build/icyphy/ptII/ptolemy/actor/lib/test/auto/matrixType6.xml
----------------- Instantiating /home/travis/build/icyphy/ptII/ptolemy/actor/lib/test/auto/matrixType6.xml
1 ms. Memory: 496640K Free: 304862K (61%)
----------------- Invoking toplevel() on ptolemy.moml.MoMLSimpleApplication@3b7c1ac5
----------------- Done invoking toplevel() on ptolemy.moml.MoMLSimpleApplication@3b7c1ac5
reloadAllAccessors: .matrixType6

===========================================================================================
----------------- testing Fri Jul 19 06:58:39 UTC 2019 /home/travis/build/icyphy/ptII/ptolemy/actor/lib/test/auto/matrixType7.xml
----------------- Instantiating /home/travis/build/icyphy/ptII/ptolemy/actor/lib/test/auto/matrixType7.xml
2 ms. Memory: 496640K Free: 300256K (60%)
----------------- Invoking toplevel() on ptolemy.moml.MoMLSimpleApplication@8dd087c
----------------- Done invoking toplevel() on ptolemy.moml.MoMLSimpleApplication@8dd087c
reloadAllAccessors: .matrixType7

===========================================================================================
----------------- testing Fri Jul 19 06:58:39 UTC 2019 /home/travis/build/icyphy/ptII/ptolemy/actor/lib/test/auto/matrixType8.xml
----------------- Instantiating /home/travis/build/icyphy/ptII/ptolemy/actor/lib/test/auto/matrixType8.xml
1 ms. Memory: 496640K Free: 295136K (59%)
----------------- Invoking toplevel() on ptolemy.moml.MoMLSimpleApplication@108511de
----------------- Done invoking toplevel() on ptolemy.moml.MoMLSimpleApplication@108511de
reloadAllAccessors: .matrixType8

===========================================================================================
----------------- testing Fri Jul 19 06:58:39 UTC 2019 /home/travis/build/icyphy/ptII/ptolemy/actor/lib/test/auto/matrixType9.xml
----------------- Instantiating /home/travis/build/icyphy/ptII/ptolemy/actor/lib/test/auto/matrixType9.xml
1 ms. Memory: 496640K Free: 290526K (58%)
----------------- Invoking toplevel() on ptolemy.moml.MoMLSimpleApplication@4f55b17
----------------- Done invoking toplevel() on ptolemy.moml.MoMLSimpleApplication@4f55b17
reloadAllAccessors: .matrixType9

===========================================================================================
----------------- testing Fri Jul 19 06:58:39 UTC 2019 /home/travis/build/icyphy/ptII/ptolemy/actor/lib/test/auto/paraFunctest.xml
----------------- Instantiating /home/travis/build/icyphy/ptII/ptolemy/actor/lib/test/auto/paraFunctest.xml
2 ms. Memory: 496640K Free: 285920K (58%)
----------------- Invoking toplevel() on ptolemy.moml.MoMLSimpleApplication@6a6e2af8
----------------- Done invoking toplevel() on ptolemy.moml.MoMLSimpleApplication@6a6e2af8
reloadAllAccessors: .paraFunctest

===========================================================================================
----------------- testing Fri Jul 19 06:58:39 UTC 2019 /home/travis/build/icyphy/ptII/ptolemy/actor/lib/test/auto/paraFunctest2.xml
----------------- Instantiating /home/travis/build/icyphy/ptII/ptolemy/actor/lib/test/auto/paraFunctest2.xml
1 ms. Memory: 496640K Free: 281310K (57%)
----------------- Invoking toplevel() on ptolemy.moml.MoMLSimpleApplication@66e45a13
----------------- Done invoking toplevel() on ptolemy.moml.MoMLSimpleApplication@66e45a13
reloadAllAccessors: .paraFunctest2

===========================================================================================
----------------- testing Fri Jul 19 06:58:39 UTC 2019 /home/travis/build/icyphy/ptII/ptolemy/actor/lib/test/auto/parameterPassing.xml
----------------- Instantiating /home/travis/build/icyphy/ptII/ptolemy/actor/lib/test/auto/parameterPassing.xml
1 ms. Memory: 496640K Free: 276704K (56%)
----------------- Invoking toplevel() on ptolemy.moml.MoMLSimpleApplication@2ef6c11f
----------------- Done invoking toplevel() on ptolemy.moml.MoMLSimpleApplication@2ef6c11f
reloadAllAccessors: .parameterPassing

===========================================================================================
----------------- testing Fri Jul 19 06:58:39 UTC 2019 /home/travis/build/icyphy/ptII/ptolemy/actor/lib/test/auto/record.xml
----------------- Instantiating /home/travis/build/icyphy/ptII/ptolemy/actor/lib/test/auto/record.xml
3 ms. Memory: 496640K Free: 272094K (55%)
----------------- Invoking toplevel() on ptolemy.moml.MoMLSimpleApplication@cf6e121
----------------- Done invoking toplevel() on ptolemy.moml.MoMLSimpleApplication@cf6e121
reloadAllAccessors: .record

===========================================================================================
----------------- testing Fri Jul 19 06:58:39 UTC 2019 /home/travis/build/icyphy/ptII/ptolemy/actor/lib/test/auto/sizedarray1.xml
----------------- Instantiating /home/travis/build/icyphy/ptII/ptolemy/actor/lib/test/auto/sizedarray1.xml
2 ms. Memory: 496640K Free: 266464K (54%)
----------------- Invoking toplevel() on ptolemy.moml.MoMLSimpleApplication@62a74608
----------------- Done invoking toplevel() on ptolemy.moml.MoMLSimpleApplication@62a74608
reloadAllAccessors: .sizedarray1

===========================================================================================
----------------- testing Fri Jul 19 06:58:39 UTC 2019 /home/travis/build/icyphy/ptII/ptolemy/actor/lib/test/auto/sizedarray2.xml
----------------- Instantiating /home/travis/build/icyphy/ptII/ptolemy/actor/lib/test/auto/sizedarray2.xml
2 ms. Memory: 496640K Free: 261344K (53%)
----------------- Invoking toplevel() on ptolemy.moml.MoMLSimpleApplication@39ab681e
----------------- Done invoking toplevel() on ptolemy.moml.MoMLSimpleApplication@39ab681e
reloadAllAccessors: .sizedarray2

===========================================================================================
----------------- testing Fri Jul 19 06:58:39 UTC 2019 /home/travis/build/icyphy/ptII/ptolemy/actor/lib/test/auto/twoPublishers.xml
----------------- Instantiating /home/travis/build/icyphy/ptII/ptolemy/actor/lib/test/auto/twoPublishers.xml
6 ms. Memory: 496640K Free: 250080K (50%)
----------------- Invoking toplevel() on ptolemy.moml.MoMLSimpleApplication@3d7c3336
----------------- Done invoking toplevel() on ptolemy.moml.MoMLSimpleApplication@3d7c3336
reloadAllAccessors: .twoPublishers
AutoTests.java: About to close Vertx.
AutoTests.java: Vertx closed.
]]></system-out>
  <system-err><![CDATA[java.lang.RuntimeException: Execution failed
	at ptolemy.moml.MoMLSimpleApplication$UnloadThread.run(MoMLSimpleApplication.java:402)
Caused by: java.lang.RuntimeException: StringUtilities.exit() was called. Normally, we would exit here because Manager.exitAfterWrapup() was called.  However, because the ptolemy.ptII.exitAfterWrapup property is set, we throw this exception instead.
	at ptolemy.util.StringUtilities.exit(StringUtilities.java:363)
	at ptolemy.actor.Manager.wrapup(Manager.java:1549)
	at ptolemy.actor.Manager.execute(Manager.java:407)
	at ptolemy.actor.Manager.run(Manager.java:1263)
	at ptolemy.actor.Manager$PtolemyRunThread.run(Manager.java:1933)
Warning: '.top.test' is in training mode, set the trainingMode parameter to false before checking in
Warning: '.top.test' is in training mode, set the trainingMode parameter to false before checking in
Warning: '.top.test' is in training mode, set the trainingMode parameter to false before checking in
Warning: '.BooleanSwitch_RegressionTest_WrongTrainingValues.Test' is in training mode, set the trainingMode parameter to false before checking in
Warning: '.BooleanSwitch_RegressionTest_WrongTrainingValues.Test2' is in training mode, set the trainingMode parameter to false before checking in
Warning: '.BooleanSwitch_RegressionTest_WrongTrainingValues.Test2' The test produced 0 tokens.
Warning: '.top.testExceptionHandler' is in training mode, set the trainingMode parameter to false before checking in
java.lang.RuntimeException: Execution failed
	at ptolemy.moml.MoMLSimpleApplication$UnloadThread.run(MoMLSimpleApplication.java:402)
Caused by: ptolemy.kernel.util.IllegalActionException: PublisherPorts cannot be used at the top level, use a Publisher actor instead.
  in .PublisherPortToplevelSubscriber.PublisherPort
	at ptolemy.actor.PublisherPort.preinitialize(PublisherPort.java:403)
	at ptolemy.actor.CompositeActor.preinitialize(CompositeActor.java:1769)
	at ptolemy.actor.Manager.preinitializeAndResolveTypes(Manager.java:1040)
	at ptolemy.actor.Manager.initialize(Manager.java:710)
	at ptolemy.actor.Manager.execute(Manager.java:356)
	at ptolemy.actor.Manager.run(Manager.java:1263)
	at ptolemy.actor.Manager$PtolemyRunThread.run(Manager.java:1933)
java.lang.reflect.InvocationTargetException
	at java.base/jdk.internal.reflect.NativeConstructorAccessorImpl.newInstance0(Native Method)
	at java.base/jdk.internal.reflect.NativeConstructorAccessorImpl.newInstance(NativeConstructorAccessorImpl.java:62)
	at java.base/jdk.internal.reflect.DelegatingConstructorAccessorImpl.newInstance(DelegatingConstructorAccessorImpl.java:45)
	at java.base/java.lang.reflect.Constructor.newInstance(Constructor.java:490)
	at ptolemy.util.test.junit.AutoKnownFailedTests.RunModel(AutoKnownFailedTests.java:105)
	at java.base/jdk.internal.reflect.NativeMethodAccessorImpl.invoke0(Native Method)
	at java.base/jdk.internal.reflect.NativeMethodAccessorImpl.invoke(NativeMethodAccessorImpl.java:62)
	at java.base/jdk.internal.reflect.DelegatingMethodAccessorImpl.invoke(DelegatingMethodAccessorImpl.java:43)
	at java.base/java.lang.reflect.Method.invoke(Method.java:566)
	at org.junit.runners.model.FrameworkMethod$1.runReflectiveCall(FrameworkMethod.java:44)
	at org.junit.internal.runners.model.ReflectiveCallable.run(ReflectiveCallable.java:15)
	at org.junit.runners.model.FrameworkMethod.invokeExplosively(FrameworkMethod.java:41)
	at junitparams.internal.InvokeParameterisedMethod.evaluate(InvokeParameterisedMethod.java:102)
	at org.junit.internal.runners.statements.FailOnTimeout$1.run(FailOnTimeout.java:28)
Caused by: ptolemy.kernel.util.IllegalActionException: PublisherPorts cannot be used at the top level, use a Publisher actor instead.
  in .PublisherPortToplevelSubscriber.PublisherPort
	at ptolemy.actor.PublisherPort.preinitialize(PublisherPort.java:403)
	at ptolemy.actor.CompositeActor.preinitialize(CompositeActor.java:1769)
	at ptolemy.actor.Manager.preinitializeAndResolveTypes(Manager.java:1040)
	at ptolemy.actor.Manager.initialize(Manager.java:710)
	at ptolemy.actor.Manager.execute(Manager.java:356)
	at ptolemy.actor.Manager.run(Manager.java:1263)
	at ptolemy.actor.Manager$PtolemyRunThread.run(Manager.java:1933)
java.lang.RuntimeException: Execution failed
	at ptolemy.moml.MoMLSimpleApplication$UnloadThread.run(MoMLSimpleApplication.java:402)
Caused by: ptolemy.kernel.util.IllegalActionException: SubscriberPorts cannot be used at the top level, use a Subscriber actor instead.
  in .PublisherSubscriberPortToplevel.SubscriberPort
	at ptolemy.actor.SubscriberPort.preinitialize(SubscriberPort.java:328)
	at ptolemy.actor.CompositeActor.preinitialize(CompositeActor.java:1769)
	at ptolemy.actor.Manager.preinitializeAndResolveTypes(Manager.java:1040)
	at ptolemy.actor.Manager.initialize(Manager.java:710)
	at ptolemy.actor.Manager.execute(Manager.java:356)
	at ptolemy.actor.Manager.run(Manager.java:1263)
	at ptolemy.actor.Manager$PtolemyRunThread.run(Manager.java:1933)
java.lang.reflect.InvocationTargetException
	at java.base/jdk.internal.reflect.NativeConstructorAccessorImpl.newInstance0(Native Method)
	at java.base/jdk.internal.reflect.NativeConstructorAccessorImpl.newInstance(NativeConstructorAccessorImpl.java:62)
	at java.base/jdk.internal.reflect.DelegatingConstructorAccessorImpl.newInstance(DelegatingConstructorAccessorImpl.java:45)
	at java.base/java.lang.reflect.Constructor.newInstance(Constructor.java:490)
	at ptolemy.util.test.junit.AutoKnownFailedTests.RunModel(AutoKnownFailedTests.java:105)
	at java.base/jdk.internal.reflect.NativeMethodAccessorImpl.invoke0(Native Method)
	at java.base/jdk.internal.reflect.NativeMethodAccessorImpl.invoke(NativeMethodAccessorImpl.java:62)
	at java.base/jdk.internal.reflect.DelegatingMethodAccessorImpl.invoke(DelegatingMethodAccessorImpl.java:43)
	at java.base/java.lang.reflect.Method.invoke(Method.java:566)
	at org.junit.runners.model.FrameworkMethod$1.runReflectiveCall(FrameworkMethod.java:44)
	at org.junit.internal.runners.model.ReflectiveCallable.run(ReflectiveCallable.java:15)
	at org.junit.runners.model.FrameworkMethod.invokeExplosively(FrameworkMethod.java:41)
	at junitparams.internal.InvokeParameterisedMethod.evaluate(InvokeParameterisedMethod.java:102)
	at org.junit.internal.runners.statements.FailOnTimeout$1.run(FailOnTimeout.java:28)
Caused by: ptolemy.kernel.util.IllegalActionException: SubscriberPorts cannot be used at the top level, use a Subscriber actor instead.
  in .PublisherSubscriberPortToplevel.SubscriberPort
	at ptolemy.actor.SubscriberPort.preinitialize(SubscriberPort.java:328)
	at ptolemy.actor.CompositeActor.preinitialize(CompositeActor.java:1769)
	at ptolemy.actor.Manager.preinitializeAndResolveTypes(Manager.java:1040)
	at ptolemy.actor.Manager.initialize(Manager.java:710)
	at ptolemy.actor.Manager.execute(Manager.java:356)
	at ptolemy.actor.Manager.run(Manager.java:1263)
	at ptolemy.actor.Manager$PtolemyRunThread.run(Manager.java:1933)
java.lang.RuntimeException: Execution failed
	at ptolemy.moml.MoMLSimpleApplication$UnloadThread.run(MoMLSimpleApplication.java:402)
Caused by: ptolemy.kernel.util.IllegalActionException: SubscriptionAggregatorPorts cannot be used at the top level, use a SubscriptionAggregator actor instead.
  in .PublisherSubscriptionAggregatorPort.SubscriptionAggregatorPort
	at ptolemy.actor.SubscriptionAggregatorPort.preinitialize(SubscriptionAggregatorPort.java:353)
	at ptolemy.actor.CompositeActor.preinitialize(CompositeActor.java:1769)
	at ptolemy.actor.Manager.preinitializeAndResolveTypes(Manager.java:1040)
	at ptolemy.actor.Manager.initialize(Manager.java:710)
	at ptolemy.actor.Manager.execute(Manager.java:356)
	at ptolemy.actor.Manager.run(Manager.java:1263)
	at ptolemy.actor.Manager$PtolemyRunThread.run(Manager.java:1933)
java.lang.reflect.InvocationTargetException
	at java.base/jdk.internal.reflect.NativeConstructorAccessorImpl.newInstance0(Native Method)
	at java.base/jdk.internal.reflect.NativeConstructorAccessorImpl.newInstance(NativeConstructorAccessorImpl.java:62)
	at java.base/jdk.internal.reflect.DelegatingConstructorAccessorImpl.newInstance(DelegatingConstructorAccessorImpl.java:45)
	at java.base/java.lang.reflect.Constructor.newInstance(Constructor.java:490)
	at ptolemy.util.test.junit.AutoKnownFailedTests.RunModel(AutoKnownFailedTests.java:105)
	at java.base/jdk.internal.reflect.NativeMethodAccessorImpl.invoke0(Native Method)
	at java.base/jdk.internal.reflect.NativeMethodAccessorImpl.invoke(NativeMethodAccessorImpl.java:62)
	at java.base/jdk.internal.reflect.DelegatingMethodAccessorImpl.invoke(DelegatingMethodAccessorImpl.java:43)
	at java.base/java.lang.reflect.Method.invoke(Method.java:566)
	at org.junit.runners.model.FrameworkMethod$1.runReflectiveCall(FrameworkMethod.java:44)
	at org.junit.internal.runners.model.ReflectiveCallable.run(ReflectiveCallable.java:15)
	at org.junit.runners.model.FrameworkMethod.invokeExplosively(FrameworkMethod.java:41)
	at junitparams.internal.InvokeParameterisedMethod.evaluate(InvokeParameterisedMethod.java:102)
	at org.junit.internal.runners.statements.FailOnTimeout$1.run(FailOnTimeout.java:28)
Caused by: ptolemy.kernel.util.IllegalActionException: SubscriptionAggregatorPorts cannot be used at the top level, use a SubscriptionAggregator actor instead.
  in .PublisherSubscriptionAggregatorPort.SubscriptionAggregatorPort
	at ptolemy.actor.SubscriptionAggregatorPort.preinitialize(SubscriptionAggregatorPort.java:353)
	at ptolemy.actor.CompositeActor.preinitialize(CompositeActor.java:1769)
	at ptolemy.actor.Manager.preinitializeAndResolveTypes(Manager.java:1040)
	at ptolemy.actor.Manager.initialize(Manager.java:710)
	at ptolemy.actor.Manager.execute(Manager.java:356)
	at ptolemy.actor.Manager.run(Manager.java:1263)
	at ptolemy.actor.Manager$PtolemyRunThread.run(Manager.java:1933)
java.lang.RuntimeException: Execution failed
	at ptolemy.moml.MoMLSimpleApplication$UnloadThread.run(MoMLSimpleApplication.java:402)
Caused by: ptolemy.kernel.util.IllegalActionException: TypeTest actor has no training data.
  in .sizedarray3.TypeTest
	at ptolemy.actor.lib.TypeTest.initialize(TypeTest.java:250)
	at ptolemy.actor.Director.initialize(Director.java:938)
	at ptolemy.actor.Director.initialize(Director.java:907)
	at ptolemy.actor.sched.StaticSchedulingDirector.initialize(StaticSchedulingDirector.java:159)
	at ptolemy.domains.sdf.kernel.SDFDirector.initialize(SDFDirector.java:544)
	at ptolemy.actor.CompositeActor.initialize(CompositeActor.java:935)
	at ptolemy.actor.Manager.initialize(Manager.java:724)
	at ptolemy.actor.Manager.execute(Manager.java:356)
	at ptolemy.actor.Manager.run(Manager.java:1263)
	at ptolemy.actor.Manager$PtolemyRunThread.run(Manager.java:1933)
java.lang.reflect.InvocationTargetException
	at java.base/jdk.internal.reflect.NativeConstructorAccessorImpl.newInstance0(Native Method)
	at java.base/jdk.internal.reflect.NativeConstructorAccessorImpl.newInstance(NativeConstructorAccessorImpl.java:62)
	at java.base/jdk.internal.reflect.DelegatingConstructorAccessorImpl.newInstance(DelegatingConstructorAccessorImpl.java:45)
	at java.base/java.lang.reflect.Constructor.newInstance(Constructor.java:490)
	at ptolemy.util.test.junit.AutoKnownFailedTests.RunModel(AutoKnownFailedTests.java:105)
	at java.base/jdk.internal.reflect.NativeMethodAccessorImpl.invoke0(Native Method)
	at java.base/jdk.internal.reflect.NativeMethodAccessorImpl.invoke(NativeMethodAccessorImpl.java:62)
	at java.base/jdk.internal.reflect.DelegatingMethodAccessorImpl.invoke(DelegatingMethodAccessorImpl.java:43)
	at java.base/java.lang.reflect.Method.invoke(Method.java:566)
	at org.junit.runners.model.FrameworkMethod$1.runReflectiveCall(FrameworkMethod.java:44)
	at org.junit.internal.runners.model.ReflectiveCallable.run(ReflectiveCallable.java:15)
	at org.junit.runners.model.FrameworkMethod.invokeExplosively(FrameworkMethod.java:41)
	at junitparams.internal.InvokeParameterisedMethod.evaluate(InvokeParameterisedMethod.java:102)
	at org.junit.internal.runners.statements.FailOnTimeout$1.run(FailOnTimeout.java:28)
Caused by: ptolemy.kernel.util.IllegalActionException: TypeTest actor has no training data.
  in .sizedarray3.TypeTest
	at ptolemy.actor.lib.TypeTest.initialize(TypeTest.java:250)
	at ptolemy.actor.Director.initialize(Director.java:938)
	at ptolemy.actor.Director.initialize(Director.java:907)
	at ptolemy.actor.sched.StaticSchedulingDirector.initialize(StaticSchedulingDirector.java:159)
	at ptolemy.domains.sdf.kernel.SDFDirector.initialize(SDFDirector.java:544)
	at ptolemy.actor.CompositeActor.initialize(CompositeActor.java:935)
	at ptolemy.actor.Manager.initialize(Manager.java:724)
	at ptolemy.actor.Manager.execute(Manager.java:356)
	at ptolemy.actor.Manager.run(Manager.java:1263)
	at ptolemy.actor.Manager$PtolemyRunThread.run(Manager.java:1933)
]]></system-err>
</testsuite>
