<?xml version="1.0" encoding="UTF-8" ?>
<testsuite errors="0" failures="0" hostname="travis-job-5cf9333b-9b35-4c4e-b844-8064ea76b146" name="ptolemy.domains.de.test.junit.JUnitTclTest" skipped="0" tests="101" time="122.49" timestamp="2020-01-18T06:44:15">
  <properties>
    <property name="npm.executable" value="npm" />
    <property name="env.TRAVIS_ROOT" value="/" />
    <property name="ptII.mk.exists" value="true" />
    <property name="env.TRAVIS_APP_HOST" value="build.travis-ci.org" />
    <property name="env.rvm_bin_path" value="/home/travis/.rvm/bin" />
    <property name="java.home" value="/usr/local/lib/jvm/openjdk11" />
    <property name="env.TRAVIS_JOB_NUMBER" value="1471.9" />
    <property name="env.TRAVIS_HOME" value="/home/travis" />
    <property name="env.DISPLAY" value=":99.0" />
    <property name="env.TRAVIS_INIT" value="systemd" />
    <property name="env.SSH_TTY" value="/dev/pts/0" />
    <property name="java.net.preferIPv4Stack" value="true" />
    <property name="env.RUN_TESTS" value="true" />
    <property name="timeout.short" value="1000000" />
    <property name="junit.formatter" value="xml" />
    <property name="env.TRAVIS_SUDO" value="true" />
    <property name="env.TRAVIS_JOB_NAME" value="" />
    <property name="env.TRAVIS_STACK_NODE_ATTRIBUTES" value="/.node-attributes.yml" />
    <property name="env.LOGNAME" value="travis" />
    <property name="jsdoc.home" value="node_modules/@terraswarm/jsdoc" />
    <property name="debuglevel" value="source,lines,vars" />
    <property name="checkstyle.formatter" value="xml" />
    <property name="env._system_version" value="16.04" />
    <property name="bin.vergil.makeable" value="true" />
    <property name="sun.os.patch.level" value="unknown" />
    <property name="java.vendor.url" value="http://java.oracle.com/" />
    <property name="env.TRAVIS_BUILD_WEB_URL" value="https://travis-ci.org/icyphy/ptII/builds/638745432" />
    <property name="java.version" value="11.0.2" />
    <property name="env.TZ" value="UTC" />
    <property name="env.TRAVIS_PULL_REQUEST_SHA" value="" />
    <property name="env.PT_NO_NET" value="true" />
    <property name="env.TRAVIS_SECURE_ENV_VARS" value="true" />
    <property name="env._system_type" value="Linux" />
    <property name="java.vendor.url.bug" value="http://bugreport.java.com/bugreport/" />
    <property name="npmjs-org-is-up" value="true" />
    <property name="env.LANGUAGE" value="en_US.UTF-8" />
    <property name="env.SSH_CLIENT" value="10.44.0.57 58754 22" />
    <property name="env.GEM_HOME" value="/home/travis/.rvm/gems/ruby-2.5.3" />
    <property name="env.HAS_ANTARES_THREE_LITTLE_FRONZIES_BADGE" value="true" />
    <property name="java.version.date" value="2019-01-15" />
    <property name="env.PS4" value="+" />
    <property name="ant.project.invoked-targets" value="build,test.core2.xml" />
    <property name="env.TRAVIS_PULL_REQUEST_BRANCH" value="" />
    <property name="env.TRAVIS_REPO_SLUG" value="icyphy/ptII" />
    <property name="env.XDG_DATA_DIRS" value="/usr/local/share:/usr/share:/var/lib/snapd/desktop" />
    <property name="jdk.debug" value="release" />
    <property name="env.TRAVIS_APT_PROXY" value="http://build-cache.travisci.net" />
    <property name="env.TRAVIS_CPU_ARCH" value="amd64" />
    <property name="node.in.path" value="true" />
    <property name="user.name" value="travis" />
    <property name="java.maxmemory" value="1400m" />
    <property name="env.RUBY_VERSION" value="ruby-2.5.3" />
    <property name="env.LANG" value="en_US.UTF-8" />
    <property name="sun.io.unicode.encoding" value="UnicodeLittle" />
    <property name="sun.jnu.encoding" value="UTF-8" />
    <property name="java.runtime.name" value="OpenJDK Runtime Environment" />
    <property name="usefile" value="false" />
    <property name="return.code" value="0" />
    <property name="junit.single.formatter" value="plain" />
    <property name="env.DYLD_LIBRARY_PATH" value="/home/travis/pthla/certi-tools/lib:" />
    <property name="env.DEBIAN_FRONTEND" value="noninteractive" />
    <property name="env.SSH_CONNECTION" value="10.44.0.57 58754 10.20.0.187 22" />
    <property name="env.MYSQL_UNIX_PORT" value="/var/run/mysqld/mysqld.sock" />
    <property name="env.LC_ALL" value="en_US.UTF-8" />
    <property name="env.TRAVIS_ALLOW_FAILURE" value="false" />
    <property name="env.TRAVIS_JOB_WEB_URL" value="https://travis-ci.org/icyphy/ptII/jobs/638745443" />
    <property name="java.specification.name" value="Java Platform API Specification" />
    <property name="node.works" value="true" />
    <property name="user.timezone" value="" />
    <property name="path.separator" value=":" />
    <property name="env.TRAVIS_ENABLE_INFRA_DETECTION" value="true" />
    <property name="env.PYTHON_CFLAGS" value="-g -fstack-protector --param=ssp-buffer-size=4 -Wformat -Werror=format-security" />
    <property name="timeout.long" value="4000000" />
    <property name="env.CERTI_HOME" value="/home/travis/pthla/certi-tools" />
    <property name="ant.file.ptII" value="/home/travis/build/icyphy/ptII/build.xml" />
    <property name="javadoc.packagenames" value="com.*,diva.*,lbnl.*,org.hlacerti.*,org.json.*,org.ptolemy.*,org.terraswarm.*,ptolemy.*,ptserver.*" />
    <property name="file.encoding" value="UTF-8" />
    <property name="env.TRAVIS_PULL_REQUEST_SLUG" value="" />
    <property name="ant.project.default-target" value="build" />
    <property name="env.GIT_ASKPASS" value="echo" />
    <property name="env.HOME" value="/home/travis" />
    <property name="sun.java.command" value="org.apache.tools.ant.taskdefs.optional.junit.JUnitTestRunner ptolemy.domains.de.test.junit.JUnitTclTest skipNonTests=false filtertrace=true haltOnError=false haltOnFailure=false formatter=org.apache.tools.ant.taskdefs.optional.junit.OutErrSummaryJUnitResultFormatter showoutput=true outputtoformatters=true logfailedtests=true threadid=0 logtestlistenerevents=false formatter=org.apache.tools.ant.taskdefs.optional.junit.XMLJUnitResultFormatter,/home/travis/build/icyphy/ptII/reports/junit/TEST-ptolemy.domains.de.test.junit.JUnitTclTest.xml crashfile=/home/travis/build/icyphy/ptII/junitvmwatcher241364925263881384.properties propsfile=/home/travis/build/icyphy/ptII/junit7593733557137490173.properties" />
    <property name="env.COMPOSER_NO_INTERACTION" value="1" />
    <property name="env.MANPATH" value="/home/travis/.nvm/versions/node/v7.10.1/share/man:/home/travis/.rvm/rubies/ruby-2.5.3/share/man:/usr/local/cmake-3.12.4/man:/usr/local/clang-7.0.0/share/man:/usr/local/man:/usr/local/share/man:/usr/share/man:/home/travis/.rvm/man" />
    <property name="env.TRAVIS_TIMER_ID" value="1f6941ea" />
    <property name="ant.file" value="/home/travis/build/icyphy/ptII/build.xml" />
    <property name="env.TRAVIS_COMMIT_RANGE" value="91c18494ffb61df2b5c9e9587cdacc264ddd6f9b...fbd7ecc9139d2f8a4cb1830725c7e7ccf498832a" />
    <property name="env._system_name" value="Ubuntu" />
    <property name="ptII.classpath.optional.property" value="/home/travis/build/icyphy/ptII/lib/bsh-2.0b4.jar:/home/travis/build/icyphy/ptII/lib/ptCal.jar:/home/travis/build/icyphy/ptII/lib/java_cup.jar:/home/travis/build/icyphy/ptII/lib/saxon8.jar:/home/travis/build/icyphy/ptII/lib/saxon8-dom.jar:/home/travis/build/icyphy/ptII/lib/chic.jar:/home/travis/build/icyphy/ptII/lib/ptcolt.jar:/home/travis/build/icyphy/ptII/vendors/misc/itext/iText.jar:/home/travis/build/icyphy/ptII/lib/g4ltl.jar:/home/travis/build/icyphy/ptII/lib/StructuralCoder.jar:/home/travis/build/icyphy/ptII/lib/jcerti.jar:/home/travis/build/icyphy/ptII/lib/javax.mail.jar:/home/travis/build/icyphy/ptII/vendors/JMF-2.1.1e/lib/jmf.jar:/home/travis/build/icyphy/ptII/lib/jna-4.0.0-variadic.jar:/home/travis/build/icyphy/ptII/vendors/misc/joystick/Joystick.jar:/home/travis/build/icyphy/ptII/lib/ptjacl.jar:/home/travis/build/icyphy/ptII/lib/jsoup-1.8.2.jar:/home/travis/build/icyphy/ptII/lib/junit-4.8.2.jar:/home/travis/build/icyphy/ptII/lib/JUnitParams-0.4.0.jar:/home/travis/build/icyphy/ptII/ptolemy/actor/lib/excel/jxl.jar:/home/travis/build/icyphy/ptII/lib/jython.jar:/home/travis/build/icyphy/ptII/lib/kieler.jar:/home/travis/build/icyphy/ptII/vendors/opencv/share/OpenCV/java/opencv-341.jar:/home/travis/build/icyphy/ptII/lib/oscP5.jar:/home/travis/build/icyphy/ptII/lib/nrjavaserial-3.11.0.devel.jar:/home/travis/build/icyphy/ptII/vendors/j3d/lib/Linux/j3dcore.jar:/home/travis/build/icyphy/ptII/vendors/j3d/lib/Linux/j3dutils.jar:/home/travis/build/icyphy/ptII/vendors/j3d/lib/Linux/vecmath.jar:/home/travis/build/icyphy/ptII/vendors/jogl/lib/Linux/gluegen-rt-natives-linux-amd64.jar:/home/travis/build/icyphy/ptII/vendors/jogl/lib/Linux/gluegen-rt.jar:/home/travis/build/icyphy/ptII/vendors/jogl/lib/Linux/jogl-all-natives-linux-amd64.jar:/home/travis/build/icyphy/ptII/vendors/jogl/lib/Linux/jogl-all.jar:/home/travis/build/icyphy/ptII/ptolemy/distributed/jini/jar/jini-core.jar:/home/travis/build/icyphy/ptII/ptolemy/distributed/jini/jar/jini-ext.jar:/home/travis/build/icyphy/ptII/ptolemy/distributed/jini/jar/sun-util.jar:/home/travis/build/icyphy/ptII/lib/protobuf-java-2.4.1.jar:/home/travis/build/icyphy/ptII/lib/org.eclipse.paho.client.mqttv3.jar:/home/travis/build/icyphy/ptII/lib/mapss.jar:/home/travis/build/icyphy/ptII/ptolemy/actor/ptalon/antlr/antlr.jar:/home/travis/build/icyphy/ptII/lib/JRI.jar:/home/travis/build/icyphy/ptII/lib/commons-lang-2.6.jar:/home/travis/build/icyphy/ptII/lib/commons-logging-1.1.1.jar:/home/travis/build/icyphy/ptII/lib/sootclasses.jar:/home/travis/build/icyphy/ptII/ptolemy/actor/lib/database/mysql-connector-java-5.1.6-bin.jar:/home/travis/build/icyphy/ptII/vendors/misc/sphinx4/sphinx4-data-5prealpha.jar:/home/travis/build/icyphy/ptII/vendors/misc/sphinx4/sphinx4-core-5prealpha.jar:/home/travis/build/icyphy/ptII/lib/PDFRenderer.jar:/home/travis/build/icyphy/ptII/lib/svgSalamander.jar:/home/travis/build/icyphy/ptII/lib/rsyntaxtextarea-2.6.0-SNAPSHOT.jar:/home/travis/build/icyphy/ptII/lib/hazelcast-3.8.2.jar:/home/travis/build/icyphy/ptII/lib/jackson-annotations-2.9.0.jar:/home/travis/build/icyphy/ptII/lib/jackson-core-2.9.3.jar:/home/travis/build/icyphy/ptII/lib/jackson-databind-2.9.3.jar:/home/travis/build/icyphy/ptII/lib/netty-buffer-4.1.19.Final.jar:/home/travis/build/icyphy/ptII/lib/netty-codec-4.1.19.Final.jar:/home/travis/build/icyphy/ptII/lib/netty-codec-dns-4.1.19.Final.jar:/home/travis/build/icyphy/ptII/lib/netty-codec-http-4.1.19.Final.jar:/home/travis/build/icyphy/ptII/lib/netty-codec-http2-4.1.19.Final.jar:/home/travis/build/icyphy/ptII/lib/netty-common-4.1.19.Final.jar:/home/travis/build/icyphy/ptII/lib/netty-handler-4.1.19.Final.jar:/home/travis/build/icyphy/ptII/lib/netty-resolver-4.1.19.Final.jar:/home/travis/build/icyphy/ptII/lib/netty-resolver-dns-4.1.19.Final.jar:/home/travis/build/icyphy/ptII/lib/netty-transport-4.1.19.Final.jar:/home/travis/build/icyphy/ptII/lib/vertx-codegen-3.5.1.jar:/home/travis/build/icyphy/ptII/lib/vertx-core-3.5.2-SNAPSHOT.jar:/home/travis/build/icyphy/ptII/lib/vertx-hazelcast-3.5.1.jar:/home/travis/build/icyphy/ptII/lib/vertx-lang-js-3.5.1.jar:/home/travis/build/icyphy/ptII/lib/vertx-service-proxy-3.5.1.jar:/home/travis/build/icyphy/ptII/lib/vertx-web-3.5.1.jar:/home/travis/build/icyphy/ptII/lib/slf4j-api-1.7.13.jar:/home/travis/build/icyphy/ptII/lib/slf4j-simple-1.7.13.jar:/home/travis/build/icyphy/ptII/lib/webcam-capture-0.3.12.jar:/home/travis/build/icyphy/ptII/lib/bridj-0.7.0.jar:/home/travis/build/icyphy/ptII/lib/xbjlib-1.1.0.nrjavaserial.jar" />
    <property name="timeout" value="2400000" />
    <property name="test.batch" value="**/junit/*.java" />
    <property name="env._" value="/usr/bin/timeout" />
    <property name="java.io.tmpdir" value="/tmp" />
    <property name="user.language" value="en" />
    <property name="env.TRAVIS_INTERNAL_RUBY_REGEX" value="^ruby-(2\.[0-4]\.[0-9]|1\.9\.3)" />
    <property name="env.HISTCONTROL" value="ignoredups:ignorespace" />
    <property name="env.GOROOT" value="/home/travis/.gimme/versions/go1.11.1.linux.amd64" />
    <property name="line.separator" value="&#xa;" />
    <property name="target" value="11" />
    <property name="env.TRAVIS_BUILD_DIR" value="/home/travis/build/icyphy/ptII" />
    <property name="env.ANT_OPTS" value="-Xmx2048m" />
    <property name="ant.file.type" value="file" />
    <property name="ptolemy.ptII.batchMode" value="true" />
    <property name="env.HISTSIZE" value="1000" />
    <property name="env.MERB_ENV" value="test" />
    <property name="java.vm.info" value="mixed mode" />
    <property name="source" value="11" />
    <property name="java.vm.specification.name" value="Java Virtual Machine Specification" />
    <property name="env.TRAVIS_TEST_RESULT" value="0" />
    <property name="jsdoc.command" value="node_modules/@terraswarm/jsdoc/jsdoc.js" />
    <property name="npm.works" value="true" />
    <property name="cobertura.dir" value="/home/travis/build/icyphy/ptII/vendors/cobertura-2.0.3" />
    <property name="jsdoc.command.exists" value="true" />
    <property name="env.rvm_path" value="/home/travis/.rvm" />
    <property name="env.GEM_PATH" value="/home/travis/.rvm/gems/ruby-2.5.3:/home/travis/.rvm/gems/ruby-2.5.3@global" />
    <property name="env.LC_CTYPE" value="en_US.UTF-8" />
    <property name="env.TRAVIS_CMD" value="$PTII/bin/ptIITravisBuild.sh $SECONDS" />
    <property name="java.awt.printerjob" value="sun.print.PSPrinterJob" />
    <property name="env.TRAVIS_STACK_NAME" value="sardonyx" />
    <property name="env.TRAVIS_TIMER_START_TIME" value="1579329660424623077" />
    <property name="ant.version" value="Apache Ant(TM) version 1.10.1 compiled on February 2 2017" />
    <property name="ptII.reports" value="/home/travis/build/icyphy/ptII/reports" />
    <property name="env.TRAVIS_STACK_TIMESTAMP" value="2019-03-25 16:16:56 UTC" />
    <property name="ant.file.type.ptII" value="file" />
    <property name="env.RBENV_SHELL" value="bash" />
    <property name="os.name" value="Linux" />
    <property name="java.specification.vendor" value="Oracle Corporation" />
    <property name="env.rvm_version" value="1.29.7 (latest)" />
    <property name="env.TRAVIS_INFRA" value="unknown" />
    <property name="env.TERM" value="xterm" />
    <property name="java.vm.name" value="OpenJDK 64-Bit Server VM" />
    <property name="env.TRAVIS_BUILD_NUMBER" value="1471" />
    <property name="env.CI" value="true" />
    <property name="java.library.path" value="/home/travis/pthla/certi-tools/lib:/usr/lib/jni:/usr/local/share/OpenCV/java/:/usr/share/OpenCV/java::/usr/java/packages/lib:/usr/lib64:/lib64:/lib:/usr/lib" />
    <property name="jdk.module.path" value="/home/travis/build/icyphy/ptII/vendors/javafx/javafx-sdk-11.0.2/lib:" />
    <property name="env.rvm_prefix" value="/home/travis" />
    <property name="env.PATH" value="/home/travis/pthla/certi-tools/share/scripts:/home/travis/.rvm/gems/ruby-2.5.3/bin:/home/travis/.rvm/gems/ruby-2.5.3@global/bin:/home/travis/.rvm/rubies/ruby-2.5.3/bin:/home/travis/.rvm/bin:/home/travis/.nvm/versions/node/v7.10.1/bin:./node_modules/.bin:/home/travis/build/icyphy/ptII/bin:/home/travis/pthla/certi-tools/bin:/home/travis/bin:/home/travis/.local/bin:/usr/local/lib/jvm/openjdk11/bin:/opt/pyenv/shims:/home/travis/.phpenv/shims:/home/travis/perl5/perlbrew/bin:/home/travis/gopath/bin:/home/travis/.gimme/versions/go1.11.1.linux.amd64/bin:/usr/local/maven-3.6.0/bin:/usr/local/cmake-3.12.4/bin:/usr/local/clang-7.0.0/bin:/usr/local/sbin:/usr/local/bin:/usr/sbin:/usr/bin:/sbin:/bin:/snap/bin:/home/travis/.phpenv/bin:/opt/pyenv/bin:/home/travis/.yarn/bin" />
    <property name="env.TRAVIS_OS_NAME" value="linux" />
    <property name="ant.java.version" value="9" />
    <property name="basedir" value="/home/travis/build/icyphy/ptII" />
    <property name="java.class.version" value="55.0" />
    <property name="env.SHLVL" value="3" />
    <property name="env.LD_LIBRARY_PATH" value="/home/travis/pthla/certi-tools/lib:/usr/lib/jni:/usr/local/share/OpenCV/java/:/usr/share/OpenCV/java:" />
    <property name="env.RACK_ENV" value="test" />
    <property name="ant.home" value="/home/travis/build/icyphy/ptII/ant" />
    <property name="env.NVM_DIR" value="/home/travis/.nvm" />
    <property name="env.CERTI_FOM_PATH" value="/home/travis/pthla/certi-tools/share/federations" />
    <property name="env.TRAVIS_BUILD_ID" value="638745432" />
    <property name="env.PYENV_ROOT" value="/opt/pyenv" />
    <property name="env.TRAVIS_UID" value="2000" />
    <property name="prism.verbose" value="true" />
    <property name="env.NVM_BIN" value="/home/travis/.nvm/versions/node/v7.10.1/bin" />
    <property name="env.TRAVIS_COMMIT" value="fbd7ecc9139d2f8a4cb1830725c7e7ccf498832a" />
    <property name="env._system_arch" value="x86_64" />
    <property name="node.executable" value="node" />
    <property name="sun.boot.library.path" value="/usr/local/lib/jvm/openjdk11/lib" />
    <property name="sun.management.compiler" value="HotSpot 64-Bit Tiered Compilers" />
    <property name="java.awt.graphicsenv" value="sun.awt.X11GraphicsEnvironment" />
    <property name="env.GOPATH" value="/home/travis/gopath" />
    <property name="ptolemy.ptII.dir" value="/home/travis/build/icyphy/ptII" />
    <property name="env.USER" value="travis" />
    <property name="env.HISTFILESIZE" value="2000" />
    <property name="timeout.longest" value="19000000" />
    <property name="env.PERLBREW_SHELLRC_VERSION" value="0.86" />
    <property name="env.TRAVIS_STACK_FEATURES" value="basic couchdb disabled-ipv6 docker docker-compose elasticsearch firefox go-toolchain google-chrome jdk memcached mongodb mysql nodejs_interpreter perl_interpreter perlbrew phantomjs postgresql python_interpreter redis ruby_interpreter sqlite xserver" />
    <property name="env.TRAVIS_PULL_REQUEST" value="false" />
    <property name="env.PYENV_SHELL" value="bash" />
    <property name="ant.project.name" value="ptII" />
    <property name="env.ANSI_RESET" value="\033[0m" />
    <property name="java.vm.specification.version" value="11" />
    <property name="env.TRAVIS_DIST" value="xenial" />
    <property name="env.CERTI_VERSION" value="4.0.0" />
    <property name="env.CERTI_HOST" value="localhost" />
    <property name="awt.toolkit" value="sun.awt.X11.XToolkit" />
    <property name="env.MY_RUBY_HOME" value="/home/travis/.rvm/rubies/ruby-2.5.3" />
    <property name="sun.cpu.isalist" value="" />
    <property name="env.TRAVIS_TMPDIR" value="/tmp/tmp.8Vo1cMhbGt" />
    <property name="java.vm.compressedOopsMode" value="Zero based" />
    <property name="os.version" value="4.15.0-1028-gcp" />
    <property name="user.home" value="/home/travis" />
    <property name="java.vm.vendor" value="Oracle Corporation" />
    <property name="env.TRAVIS_TAG" value="nightly" />
    <property name="env.ANSI_YELLOW" value="\033[33;1m" />
    <property name="env.TRAVIS_FILTERED" value="redirect_io" />
    <property name="env.ANSI_GREEN" value="\033[32;1m" />
    <property name="env.JAVA_HOME" value="/usr/local/lib/jvm/openjdk11" />
    <property name="javadoc.excludepackagenames" value="adm.cvs2svn.*,build.*,config.*,doc.coding.templates.*,jni.test.jni.meaningOfLife.*,jni.test.jni.testDeux.*,jni.test.jni.testTrois.*,org.terraswarm.accessor.accessors.web.node_modules.*,org.terraswarm.accessor.accessors.web.hosts.cordova.demo.*,org.terraswarm.accessor.accessors.web.hosts.cordova.plugins.*,org.terraswarm.accessor.accessors-svn.*,pt-modules.*,ptolemy.apps.agilent.*,ptolemy.apps.anytimecontrol.*,ptolemy.apps.apes.*,ptolemy.apps.charon.*,ptolemy.apps.crazyboard.*,ptolemy.apps.eclipse.*,ptolemy.apps.etherealSting.*,ptolemy.apps.fullscreen.*,ptolemy.apps.giotto.*,ptolemy.apps.ia.*,ptolemy.apps.interfaces.*,ptolemy.apps.jmf.*,ptolemy.apps.kurt.*,ptolemy.apps.kvm.*,ptolemy.apps.lego.*,ptolemy.apps.lejos.*,ptolemy.apps.midp.*,ptolemy.apps.mobileCoding.*,ptolemy.apps.pendulum.*,ptolemy.apps.rijndael.*,ptolemy.apps.robot.*,ptolemy.apps.security.*,ptolemy.apps.sobel.*,ptolemy.apps.soot.*,ptolemy.apps.throttle.*,ptolemy.apps.tini.*,ptolemy.apps.transmission.*,ptolemy.apps.vergil.*,ptolemy.apps.waba.*,ptolemy.apps.websensor.*,ptolemy.apps.webstart.*,ptolemy.apps.xsl.*,ptolemy.apps.zaurus.*,ptolemy.codegen.c.actor.lib.oldJavaFiles.*,ptolemy.codegen.dsp.lib.*,ptolemy.codegen.kernel.newInterfaces.*,ptolemy.codegen.lib.*,ptolemy.copernicus.kernel.fragment.*,ptolemy.copernicus.shallow.cg.*,ptolemy.domains.giotto.demo.Hierarchy.Hierarchy.*,ptolemy.domains.giotto.demo.Multimode.Multimode.*,ptolemy.domains.giotto.demo.Simple.Simple.*,ptolemy.domains.gr.lib.experimental.*,ptolemy.domains.gro.*,ptolemy.domains.pdf.*,ptolemy.domains.ptinyos.demo.Surge.output.*,ptolemy.moml.test.NoPackageActor.java*,ptolemy.plot.adm.*,ptolemy.plot.servlet.*,reports.*,signed.*,src.*,target.*,vendors.*,ptolemy.copernicus.applet.*,ptolemy.media.viewer.*,ptolemy.actor.corba.*,doc.doclets.*,ptolemy.apps.eclipse.awt.*,ptolemy.backtrack.*,ptolemy.backtrack.ast.*,ptolemy.cg.adapter.generic.program.procedural.c.mbed*,ptolemy.homer.*,ptolemy.actor.lib.jai.*,org.ptolemy.scala.*,diva.util.java2d.svg.*,ptolemy.domains.ptinyos.*,ptolemy.actor.lib.fmi.fmipp.*,,org.terraswarm.accessor.accessors.web.node_modules.*,org.terraswarm.accessor.accessors-svn,ptolemy.apps.*,ptolemy.actor.ptalon.demo.ptinyos.SendAndReceiveCnt.output,ptolemy.actor.ptalon.demo.ptinyos.SenseToLeds.output,ptolemy.domains.ptinyos.demo.CntToLedsAndRfm.output,ptolemy.domains.ptinyos.demo.RfmToLeds.output,ptolemy.domains.ptinyos.demo.SendAndReceiveCnt.output,ptolemy.domains.ptinyos.demo.SenseToLeds.output,ptolemy.actor.lib.jjs.modules.udpSocket.*" />
    <property name="env.PTII" value="/home/travis/build/icyphy/ptII" />
    <property name="env.XDG_SESSION_ID" value="2" />
    <property name="keystore" value="ptKeystore" />
    <property name="env.TRAVIS_COMMIT_MESSAGE" value="Adding a script for installing CERTI following HLA 1516E." />
    <property name="junit.output.dir" value="/home/travis/build/icyphy/ptII/reports/junit" />
    <property name="npm.return.code" value="0" />
    <property name="user.dir" value="/home/travis/build/icyphy/ptII/ptolemy/domains/de/test" />
    <property name="env.TRAVIS_NODE_VERSION" value="7" />
    <property name="env.TRAVIS_EVENT_TYPE" value="cron" />
    <property name="env.MAIL" value="/var/mail/travis" />
    <property name="env.PERLBREW_ROOT" value="/home/travis/perl5/perlbrew" />
    <property name="env.PWD" value="/home/travis/build/icyphy/ptII" />
    <property name="timeout.npm" value="45000" />
    <property name="env.PT_TRAVIS_TEST_CORE2_XML" value="true" />
    <property name="env.TRAVIS_ARCH" value="amd64" />
    <property name="sun.cpu.endian" value="little" />
    <property name="env.PAGER" value="cat" />
    <property name="env.TRAVIS_BUILD_STAGE_NAME" value="Test" />
    <property name="env.PERLBREW_HOME" value="/home/travis/.perlbrew" />
    <property name="java.vm.version" value="11.0.2+9" />
    <property name="env.RAILS_ENV" value="test" />
    <property name="java.class.path" value="/home/travis/build/icyphy/ptII:/home/travis/build/icyphy/ptII/lib/bsh-2.0b4.jar:/home/travis/build/icyphy/ptII/lib/ptCal.jar:/home/travis/build/icyphy/ptII/lib/java_cup.jar:/home/travis/build/icyphy/ptII/lib/saxon8.jar:/home/travis/build/icyphy/ptII/lib/saxon8-dom.jar:/home/travis/build/icyphy/ptII/lib/chic.jar:/home/travis/build/icyphy/ptII/lib/ptcolt.jar:/home/travis/build/icyphy/ptII/vendors/misc/itext/iText.jar:/home/travis/build/icyphy/ptII/lib/g4ltl.jar:/home/travis/build/icyphy/ptII/lib/StructuralCoder.jar:/home/travis/build/icyphy/ptII/lib/jcerti.jar:/home/travis/build/icyphy/ptII/lib/javax.mail.jar:/home/travis/build/icyphy/ptII/vendors/JMF-2.1.1e/lib/jmf.jar:/home/travis/build/icyphy/ptII/lib/jna-4.0.0-variadic.jar:/home/travis/build/icyphy/ptII/vendors/misc/joystick/Joystick.jar:/home/travis/build/icyphy/ptII/lib/ptjacl.jar:/home/travis/build/icyphy/ptII/lib/jsoup-1.8.2.jar:/home/travis/build/icyphy/ptII/lib/junit-4.8.2.jar:/home/travis/build/icyphy/ptII/lib/JUnitParams-0.4.0.jar:/home/travis/build/icyphy/ptII/ptolemy/actor/lib/excel/jxl.jar:/home/travis/build/icyphy/ptII/lib/jython.jar:/home/travis/build/icyphy/ptII/lib/kieler.jar:/home/travis/build/icyphy/ptII/vendors/opencv/share/OpenCV/java/opencv-341.jar:/home/travis/build/icyphy/ptII/lib/oscP5.jar:/home/travis/build/icyphy/ptII/lib/nrjavaserial-3.11.0.devel.jar:/home/travis/build/icyphy/ptII/vendors/j3d/lib/Linux/j3dcore.jar:/home/travis/build/icyphy/ptII/vendors/j3d/lib/Linux/j3dutils.jar:/home/travis/build/icyphy/ptII/vendors/j3d/lib/Linux/vecmath.jar:/home/travis/build/icyphy/ptII/vendors/jogl/lib/Linux/gluegen-rt-natives-linux-amd64.jar:/home/travis/build/icyphy/ptII/vendors/jogl/lib/Linux/gluegen-rt.jar:/home/travis/build/icyphy/ptII/vendors/jogl/lib/Linux/jogl-all-natives-linux-amd64.jar:/home/travis/build/icyphy/ptII/vendors/jogl/lib/Linux/jogl-all.jar:/home/travis/build/icyphy/ptII/ptolemy/distributed/jini/jar/jini-core.jar:/home/travis/build/icyphy/ptII/ptolemy/distributed/jini/jar/jini-ext.jar:/home/travis/build/icyphy/ptII/ptolemy/distributed/jini/jar/sun-util.jar:/home/travis/build/icyphy/ptII/lib/protobuf-java-2.4.1.jar:/home/travis/build/icyphy/ptII/lib/org.eclipse.paho.client.mqttv3.jar:/home/travis/build/icyphy/ptII/lib/mapss.jar:/home/travis/build/icyphy/ptII/ptolemy/actor/ptalon/antlr/antlr.jar:/home/travis/build/icyphy/ptII/lib/JRI.jar:/home/travis/build/icyphy/ptII/lib/commons-lang-2.6.jar:/home/travis/build/icyphy/ptII/lib/commons-logging-1.1.1.jar:/home/travis/build/icyphy/ptII/lib/sootclasses.jar:/home/travis/build/icyphy/ptII/ptolemy/actor/lib/database/mysql-connector-java-5.1.6-bin.jar:/home/travis/build/icyphy/ptII/vendors/misc/sphinx4/sphinx4-data-5prealpha.jar:/home/travis/build/icyphy/ptII/vendors/misc/sphinx4/sphinx4-core-5prealpha.jar:/home/travis/build/icyphy/ptII/lib/PDFRenderer.jar:/home/travis/build/icyphy/ptII/lib/svgSalamander.jar:/home/travis/build/icyphy/ptII/lib/rsyntaxtextarea-2.6.0-SNAPSHOT.jar:/home/travis/build/icyphy/ptII/lib/hazelcast-3.8.2.jar:/home/travis/build/icyphy/ptII/lib/jackson-annotations-2.9.0.jar:/home/travis/build/icyphy/ptII/lib/jackson-core-2.9.3.jar:/home/travis/build/icyphy/ptII/lib/jackson-databind-2.9.3.jar:/home/travis/build/icyphy/ptII/lib/netty-buffer-4.1.19.Final.jar:/home/travis/build/icyphy/ptII/lib/netty-codec-4.1.19.Final.jar:/home/travis/build/icyphy/ptII/lib/netty-codec-dns-4.1.19.Final.jar:/home/travis/build/icyphy/ptII/lib/netty-codec-http-4.1.19.Final.jar:/home/travis/build/icyphy/ptII/lib/netty-codec-http2-4.1.19.Final.jar:/home/travis/build/icyphy/ptII/lib/netty-common-4.1.19.Final.jar:/home/travis/build/icyphy/ptII/lib/netty-handler-4.1.19.Final.jar:/home/travis/build/icyphy/ptII/lib/netty-resolver-4.1.19.Final.jar:/home/travis/build/icyphy/ptII/lib/netty-resolver-dns-4.1.19.Final.jar:/home/travis/build/icyphy/ptII/lib/netty-transport-4.1.19.Final.jar:/home/travis/build/icyphy/ptII/lib/vertx-codegen-3.5.1.jar:/home/travis/build/icyphy/ptII/lib/vertx-core-3.5.2-SNAPSHOT.jar:/home/travis/build/icyphy/ptII/lib/vertx-hazelcast-3.5.1.jar:/home/travis/build/icyphy/ptII/lib/vertx-lang-js-3.5.1.jar:/home/travis/build/icyphy/ptII/lib/vertx-service-proxy-3.5.1.jar:/home/travis/build/icyphy/ptII/lib/vertx-web-3.5.1.jar:/home/travis/build/icyphy/ptII/lib/slf4j-api-1.7.13.jar:/home/travis/build/icyphy/ptII/lib/slf4j-simple-1.7.13.jar:/home/travis/build/icyphy/ptII/lib/webcam-capture-0.3.12.jar:/home/travis/build/icyphy/ptII/lib/bridj-0.7.0.jar:/home/travis/build/icyphy/ptII/lib/xbjlib-1.1.0.nrjavaserial.jar:/home/travis/build/icyphy/ptII/ptolemy/moml/test:/home/travis/build/icyphy/ptII/ant/lib/ant-launcher.jar:/home/travis/build/icyphy/ptII/ant/lib/ant.jar:/home/travis/build/icyphy/ptII/ant/lib/ant-junit.jar:/home/travis/build/icyphy/ptII/ant/lib/ant-junit4.jar" />
    <property name="ant.library.dir" value="/home/travis/build/icyphy/ptII/ant/lib" />
    <property name="os.arch" value="amd64" />
    <property name="env.CONTINUOUS_INTEGRATION" value="true" />
    <property name="env.TRAVIS_LANGUAGE" value="node_js" />
    <property name="env.TRAVIS_STACK_LANGUAGES" value="__sardonyx__ c c++ clojure cplusplus cpp default generic go groovy java node_js php pure_java python ruby scala" />
    <property name="test.name" value="ptolemy.actor.lib.test.junit.JUnitTclTest" />
    <property name="env.APT_KEY_DONT_WARN_ON_DANGEROUS_USAGE" value="1" />
    <property name="sun.java.launcher" value="SUN_STANDARD" />
    <property name="env.PYTHON_CONFIGURE_OPTS" value="--enable-unicode=ucs4 --with-wide-unicode --enable-shared --enable-ipv6 --enable-loadable-sqlite-extensions --with-computed-gotos" />
    <property name="ant.core.lib" value="/home/travis/build/icyphy/ptII/ant/lib/ant.jar" />
    <property name="java.vm.specification.vendor" value="Oracle Corporation" />
    <property name="env.BCVTB_HOME" value="/home/travis/build/icyphy/ptII/lbnl" />
    <property name="file.separator" value="/" />
    <property name="spotbugs.home" value="/home/travis/build/icyphy/ptII/vendors/spotbugs-3.1.1" />
    <property name="java.runtime.version" value="11.0.2+9" />
    <property name="env.ANSI_CLEAR" value="\033[0K" />
    <property name="javafx.verbose" value="true" />
    <property name="env.HAS_JOSH_K_SEAL_OF_APPROVAL" value="true" />
    <property name="env.XDG_RUNTIME_DIR" value="/run/user/2000" />
    <property name="env.TRAVIS_OSX_IMAGE" value="" />
    <property name="env.TRAVIS_JOB_ID" value="638745443" />
    <property name="env.TRAVIS_BRANCH" value="master" />
    <property name="user.country" value="US" />
    <property name="env.CERTI_HOME_TRAVIS" value="/home/travis/pthla/certi-tools" />
    <property name="env.SHELL" value="/bin/bash" />
    <property name="java.maxmemory.large" value="3200m" />
    <property name="model" value="" />
    <property name="env.CASHER_DIR" value="/home/travis/.casher" />
    <property name="env.NVM_CD_FLAGS" value="" />
    <property name="java.vendor.version" value="18.9" />
    <property name="jshint.executable" value="/home/travis/node_modules/jshint/bin/jshint" />
    <property name="env.JRUBY_OPTS" value=" --client -J-XX:+TieredCompilation -J-XX:TieredStopAtLevel=1 -J-Xss2m -Xcompile.invokedynamic=false" />
    <property name="java.vendor" value="Oracle Corporation" />
    <property name="env.TRAVIS_PRE_CHEF_BOOTSTRAP_TIME" value="2019-03-25T16:16:42" />
    <property name="env.TRAVIS_STACK_JOB_BOARD_REGISTER" value="/.job-board-register.yml" />
    <property name="env.ANSI_RED" value="\033[31;1m" />
    <property name="java.specification.version" value="11" />
    <property name="env.IRBRC" value="/home/travis/.rvm/rubies/ruby-2.5.3/.irbrc" />
    <property name="env.TRAVIS" value="true" />
    <property name="sun.arch.data.model" value="64" />
  </properties>
  <testcase classname="ptolemy.util.test.junit.TclTests" name="[0] /home/travis/build/icyphy/ptII/ptolemy/domains/de/test/DependencyLoop.tcl (RunTclFile)" time="1.031" />
  <testcase classname="ptolemy.util.test.junit.TclTests" name="[1] /home/travis/build/icyphy/ptII/ptolemy/domains/de/test/RunDETestsAsQSS.tcl (RunTclFile)" time="83.026" />
  <testcase classname="ptolemy.util.test.junit.AutoKnownFailedTests" name="[0] /home/travis/build/icyphy/ptII/ptolemy/domains/de/test/auto/knownFailedTests/DESDFClockTest.xml (RunModel)" time="2.07" />
  <testcase classname="ptolemy.util.test.junit.AutoKnownFailedTests" name="[1] /home/travis/build/icyphy/ptII/ptolemy/domains/de/test/auto/knownFailedTests/DirectFeedback.xml (RunModel)" time="0.015" />
  <testcase classname="ptolemy.util.test.junit.AutoKnownFailedTests" name="[2] /home/travis/build/icyphy/ptII/ptolemy/domains/de/test/auto/knownFailedTests/FSMSource.xml (RunModel)" time="0.031" />
  <testcase classname="ptolemy.util.test.junit.AutoKnownFailedTests" name="[3] /home/travis/build/icyphy/ptII/ptolemy/domains/de/test/auto/knownFailedTests/HierarchicalModel.xml (RunModel)" time="0.043" />
  <testcase classname="ptolemy.util.test.junit.AutoKnownFailedTests" name="[4] /home/travis/build/icyphy/ptII/ptolemy/domains/de/test/auto/knownFailedTests/dependencyLoop.xml (RunModel)" time="0.041" />
  <testcase classname="ptolemy.util.test.junit.AutoKnownFailedTests" name="[5] /home/travis/build/icyphy/ptII/ptolemy/domains/de/test/auto/knownFailedTests/dependencyLoop2.xml (RunModel)" time="0.043" />
  <testcase classname="ptolemy.util.test.junit.AutoNameArchTests" name="[0] ThereAreNoAutoArchTests (RunModel)" time="0.001" />
  <testcase classname="ptolemy.util.test.junit.AutoTests" name="[0] /home/travis/build/icyphy/ptII/ptolemy/domains/de/test/auto/ActorDepthCalculation_actorWithoutPorts.xml (RunModel)" time="0.014" />
  <testcase classname="ptolemy.util.test.junit.AutoTests" name="[1] /home/travis/build/icyphy/ptII/ptolemy/domains/de/test/auto/AssemblyLine.xml (RunModel)" time="0.021" />
  <testcase classname="ptolemy.util.test.junit.AutoTests" name="[2] /home/travis/build/icyphy/ptII/ptolemy/domains/de/test/auto/CQBug1.xml (RunModel)" time="0.01" />
  <testcase classname="ptolemy.util.test.junit.AutoTests" name="[3] /home/travis/build/icyphy/ptII/ptolemy/domains/de/test/auto/CancelFireAt.xml (RunModel)" time="0.011" />
  <testcase classname="ptolemy.util.test.junit.AutoTests" name="[4] /home/travis/build/icyphy/ptII/ptolemy/domains/de/test/auto/CausalityAndComposabilityAnalysis.xml (RunModel)" time="0.01" />
  <testcase classname="ptolemy.util.test.junit.AutoTests" name="[5] /home/travis/build/icyphy/ptII/ptolemy/domains/de/test/auto/CausalityInterface1.xml (RunModel)" time="0.021" />
  <testcase classname="ptolemy.util.test.junit.AutoTests" name="[6] /home/travis/build/icyphy/ptII/ptolemy/domains/de/test/auto/CausalityInterface15.xml (RunModel)" time="0.015" />
  <testcase classname="ptolemy.util.test.junit.AutoTests" name="[7] /home/travis/build/icyphy/ptII/ptolemy/domains/de/test/auto/CausalityInterface2.xml (RunModel)" time="0.012" />
  <testcase classname="ptolemy.util.test.junit.AutoTests" name="[8] /home/travis/build/icyphy/ptII/ptolemy/domains/de/test/auto/CausalityInterface3.xml (RunModel)" time="0.012" />
  <testcase classname="ptolemy.util.test.junit.AutoTests" name="[9] /home/travis/build/icyphy/ptII/ptolemy/domains/de/test/auto/ClockDrift.xml (RunModel)" time="0.038" />
  <testcase classname="ptolemy.util.test.junit.AutoTests" name="[10] /home/travis/build/icyphy/ptII/ptolemy/domains/de/test/auto/ClockDriftAndValueChange.xml (RunModel)" time="0.032" />
  <testcase classname="ptolemy.util.test.junit.AutoTests" name="[11] /home/travis/build/icyphy/ptII/ptolemy/domains/de/test/auto/ClockDriftChange.xml (RunModel)" time="0.033" />
  <testcase classname="ptolemy.util.test.junit.AutoTests" name="[12] /home/travis/build/icyphy/ptII/ptolemy/domains/de/test/auto/ComposableCausalityAnalysis.xml (RunModel)" time="0.012" />
  <testcase classname="ptolemy.util.test.junit.AutoTests" name="[13] /home/travis/build/icyphy/ptII/ptolemy/domains/de/test/auto/DEFixedPointLimitation.xml (RunModel)" time="0.013" />
  <testcase classname="ptolemy.util.test.junit.AutoTests" name="[14] /home/travis/build/icyphy/ptII/ptolemy/domains/de/test/auto/DEScheduleTest.xml (RunModel)" time="0.012" />
  <testcase classname="ptolemy.util.test.junit.AutoTests" name="[15] /home/travis/build/icyphy/ptII/ptolemy/domains/de/test/auto/DEinDEwithStartTimes.xml (RunModel)" time="0.015" />
  <testcase classname="ptolemy.util.test.junit.AutoTests" name="[16] /home/travis/build/icyphy/ptII/ptolemy/domains/de/test/auto/DEinDEwithStartTimes2.xml (RunModel)" time="0.015" />
  <testcase classname="ptolemy.util.test.junit.AutoTests" name="[17] /home/travis/build/icyphy/ptII/ptolemy/domains/de/test/auto/DateDemo.xml (RunModel)" time="0.043" />
  <testcase classname="ptolemy.util.test.junit.AutoTests" name="[18] /home/travis/build/icyphy/ptII/ptolemy/domains/de/test/auto/DateToEvent.xml (RunModel)" time="2.043" />
  <testcase classname="ptolemy.util.test.junit.AutoTests" name="[19] /home/travis/build/icyphy/ptII/ptolemy/domains/de/test/auto/DepthTest1.xml (RunModel)" time="0.016" />
  <testcase classname="ptolemy.util.test.junit.AutoTests" name="[20] /home/travis/build/icyphy/ptII/ptolemy/domains/de/test/auto/DepthTest2.xml (RunModel)" time="0.016" />
  <testcase classname="ptolemy.util.test.junit.AutoTests" name="[21] /home/travis/build/icyphy/ptII/ptolemy/domains/de/test/auto/DepthTest3.xml (RunModel)" time="0.009" />
  <testcase classname="ptolemy.util.test.junit.AutoTests" name="[22] /home/travis/build/icyphy/ptII/ptolemy/domains/de/test/auto/DepthTest4.xml (RunModel)" time="0.024" />
  <testcase classname="ptolemy.util.test.junit.AutoTests" name="[23] /home/travis/build/icyphy/ptII/ptolemy/domains/de/test/auto/DepthTest5.xml (RunModel)" time="0.014" />
  <testcase classname="ptolemy.util.test.junit.AutoTests" name="[24] /home/travis/build/icyphy/ptII/ptolemy/domains/de/test/auto/DepthTest6.xml (RunModel)" time="0.011" />
  <testcase classname="ptolemy.util.test.junit.AutoTests" name="[25] /home/travis/build/icyphy/ptII/ptolemy/domains/de/test/auto/DepthTest7.xml (RunModel)" time="0.01" />
  <testcase classname="ptolemy.util.test.junit.AutoTests" name="[26] /home/travis/build/icyphy/ptII/ptolemy/domains/de/test/auto/EventToDate.xml (RunModel)" time="3.042" />
  <testcase classname="ptolemy.util.test.junit.AutoTests" name="[27] /home/travis/build/icyphy/ptII/ptolemy/domains/de/test/auto/FSM1.xml (RunModel)" time="0.041" />
  <testcase classname="ptolemy.util.test.junit.AutoTests" name="[28] /home/travis/build/icyphy/ptII/ptolemy/domains/de/test/auto/FSM7.xml (RunModel)" time="0.041" />
  <testcase classname="ptolemy.util.test.junit.AutoTests" name="[29] /home/travis/build/icyphy/ptII/ptolemy/domains/de/test/auto/Inspection.xml (RunModel)" time="0.046" />
  <testcase classname="ptolemy.util.test.junit.AutoTests" name="[30] /home/travis/build/icyphy/ptII/ptolemy/domains/de/test/auto/Iteration.xml (RunModel)" time="0.023" />
  <testcase classname="ptolemy.util.test.junit.AutoTests" name="[31] /home/travis/build/icyphy/ptII/ptolemy/domains/de/test/auto/LineFault.xml (RunModel)" time="0.524" />
  <testcase classname="ptolemy.util.test.junit.AutoTests" name="[32] /home/travis/build/icyphy/ptII/ptolemy/domains/de/test/auto/MergeModel1Add.xml (RunModel)" time="0.051" />
  <testcase classname="ptolemy.util.test.junit.AutoTests" name="[33] /home/travis/build/icyphy/ptII/ptolemy/domains/de/test/auto/MergeModel2Add.xml (RunModel)" time="0.032" />
  <testcase classname="ptolemy.util.test.junit.AutoTests" name="[34] /home/travis/build/icyphy/ptII/ptolemy/domains/de/test/auto/MergeModel3Add.xml (RunModel)" time="0.042" />
  <testcase classname="ptolemy.util.test.junit.AutoTests" name="[35] /home/travis/build/icyphy/ptII/ptolemy/domains/de/test/auto/MergeWithoutDiscard.xml (RunModel)" time="0.01" />
  <testcase classname="ptolemy.util.test.junit.AutoTests" name="[36] /home/travis/build/icyphy/ptII/ptolemy/domains/de/test/auto/Modal1.xml (RunModel)" time="0.031" />
  <testcase classname="ptolemy.util.test.junit.AutoTests" name="[37] /home/travis/build/icyphy/ptII/ptolemy/domains/de/test/auto/Modal2.xml (RunModel)" time="0.025" />
  <testcase classname="ptolemy.util.test.junit.AutoTests" name="[38] /home/travis/build/icyphy/ptII/ptolemy/domains/de/test/auto/Modal3.xml (RunModel)" time="0.028" />
  <testcase classname="ptolemy.util.test.junit.AutoTests" name="[39] /home/travis/build/icyphy/ptII/ptolemy/domains/de/test/auto/Modal4.xml (RunModel)" time="0.027" />
  <testcase classname="ptolemy.util.test.junit.AutoTests" name="[40] /home/travis/build/icyphy/ptII/ptolemy/domains/de/test/auto/Modal5.xml (RunModel)" time="0.032" />
  <testcase classname="ptolemy.util.test.junit.AutoTests" name="[41] /home/travis/build/icyphy/ptII/ptolemy/domains/de/test/auto/Modal6.xml (RunModel)" time="0.027" />
  <testcase classname="ptolemy.util.test.junit.AutoTests" name="[42] /home/travis/build/icyphy/ptII/ptolemy/domains/de/test/auto/Modal7.xml (RunModel)" time="0.025" />
  <testcase classname="ptolemy.util.test.junit.AutoTests" name="[43] /home/travis/build/icyphy/ptII/ptolemy/domains/de/test/auto/ModalModel.xml (RunModel)" time="0.174" />
  <testcase classname="ptolemy.util.test.junit.AutoTests" name="[44] /home/travis/build/icyphy/ptII/ptolemy/domains/de/test/auto/ModalSource.xml (RunModel)" time="0.022" />
  <testcase classname="ptolemy.util.test.junit.AutoTests" name="[45] /home/travis/build/icyphy/ptII/ptolemy/domains/de/test/auto/NonInterruptibleTimerZeroDelay.xml (RunModel)" time="0.008" />
  <testcase classname="ptolemy.util.test.junit.AutoTests" name="[46] /home/travis/build/icyphy/ptII/ptolemy/domains/de/test/auto/OpenQueueingNetwork.xml (RunModel)" time="2.402" />
  <testcase classname="ptolemy.util.test.junit.AutoTests" name="[47] /home/travis/build/icyphy/ptII/ptolemy/domains/de/test/auto/OpenQueuingNetwork.xml (RunModel)" time="0.259" />
  <testcase classname="ptolemy.util.test.junit.AutoTests" name="[48] /home/travis/build/icyphy/ptII/ptolemy/domains/de/test/auto/PeriodicSampler.xml (RunModel)" time="0.021" />
  <testcase classname="ptolemy.util.test.junit.AutoTests" name="[49] /home/travis/build/icyphy/ptII/ptolemy/domains/de/test/auto/PersistentIO.xml (RunModel)" time="0.023" />
  <testcase classname="ptolemy.util.test.junit.AutoTests" name="[50] /home/travis/build/icyphy/ptII/ptolemy/domains/de/test/auto/PortParameterResetOnInitialize.xml (RunModel)" time="0.008" />
  <testcase classname="ptolemy.util.test.junit.AutoTests" name="[51] /home/travis/build/icyphy/ptII/ptolemy/domains/de/test/auto/PortParameterUpdates.xml (RunModel)" time="0.011" />
  <testcase classname="ptolemy.util.test.junit.AutoTests" name="[52] /home/travis/build/icyphy/ptII/ptolemy/domains/de/test/auto/QueueAndServer.xml (RunModel)" time="0.018" />
  <testcase classname="ptolemy.util.test.junit.AutoTests" name="[53] /home/travis/build/icyphy/ptII/ptolemy/domains/de/test/auto/Records.xml (RunModel)" time="0.02" />
  <testcase classname="ptolemy.util.test.junit.AutoTests" name="[54] /home/travis/build/icyphy/ptII/ptolemy/domains/de/test/auto/ResetTransitionWithStartTime1.xml (RunModel)" time="0.018" />
  <testcase classname="ptolemy.util.test.junit.AutoTests" name="[55] /home/travis/build/icyphy/ptII/ptolemy/domains/de/test/auto/ResetTransitionWithStartTime2.xml (RunModel)" time="0.02" />
  <testcase classname="ptolemy.util.test.junit.AutoTests" name="[56] /home/travis/build/icyphy/ptII/ptolemy/domains/de/test/auto/ResetTransitionWithStartTime3.xml (RunModel)" time="0.017" />
  <testcase classname="ptolemy.util.test.junit.AutoTests" name="[57] /home/travis/build/icyphy/ptII/ptolemy/domains/de/test/auto/ResetTransitionWithStartTime4.xml (RunModel)" time="0.016" />
  <testcase classname="ptolemy.util.test.junit.AutoTests" name="[58] /home/travis/build/icyphy/ptII/ptolemy/domains/de/test/auto/ResettableTimer1.xml (RunModel)" time="0.01" />
  <testcase classname="ptolemy.util.test.junit.AutoTests" name="[59] /home/travis/build/icyphy/ptII/ptolemy/domains/de/test/auto/ResettableTimer2.xml (RunModel)" time="0.013" />
  <testcase classname="ptolemy.util.test.junit.AutoTests" name="[60] /home/travis/build/icyphy/ptII/ptolemy/domains/de/test/auto/ResettableTimer3.xml (RunModel)" time="0.007" />
  <testcase classname="ptolemy.util.test.junit.AutoTests" name="[61] /home/travis/build/icyphy/ptII/ptolemy/domains/de/test/auto/ResettableTimer4.xml (RunModel)" time="0.009" />
  <testcase classname="ptolemy.util.test.junit.AutoTests" name="[62] /home/travis/build/icyphy/ptII/ptolemy/domains/de/test/auto/ResettableTimer5.xml (RunModel)" time="0.008" />
  <testcase classname="ptolemy.util.test.junit.AutoTests" name="[63] /home/travis/build/icyphy/ptII/ptolemy/domains/de/test/auto/ResettableTimer6.xml (RunModel)" time="0.016" />
  <testcase classname="ptolemy.util.test.junit.AutoTests" name="[64] /home/travis/build/icyphy/ptII/ptolemy/domains/de/test/auto/ServerZeroDelay.xml (RunModel)" time="0.008" />
  <testcase classname="ptolemy.util.test.junit.AutoTests" name="[65] /home/travis/build/icyphy/ptII/ptolemy/domains/de/test/auto/SmartSender.xml (RunModel)" time="3.007" />
  <testcase classname="ptolemy.util.test.junit.AutoTests" name="[66] /home/travis/build/icyphy/ptII/ptolemy/domains/de/test/auto/ThreadedComposite.xml (RunModel)" time="0.103" />
  <testcase classname="ptolemy.util.test.junit.AutoTests" name="[67] /home/travis/build/icyphy/ptII/ptolemy/domains/de/test/auto/Time.xml (RunModel)" time="0.354" />
  <testcase classname="ptolemy.util.test.junit.AutoTests" name="[68] /home/travis/build/icyphy/ptII/ptolemy/domains/de/test/auto/TimeDelayZeroDelay.xml (RunModel)" time="0.009" />
  <testcase classname="ptolemy.util.test.junit.AutoTests" name="[69] /home/travis/build/icyphy/ptII/ptolemy/domains/de/test/auto/TimerZeroDelay.xml (RunModel)" time="0.012" />
  <testcase classname="ptolemy.util.test.junit.AutoTests" name="[70] /home/travis/build/icyphy/ptII/ptolemy/domains/de/test/auto/TimingParadox.xml (RunModel)" time="0.332" />
  <testcase classname="ptolemy.util.test.junit.AutoTests" name="[71] /home/travis/build/icyphy/ptII/ptolemy/domains/de/test/auto/TransferInputs.xml (RunModel)" time="0.01" />
  <testcase classname="ptolemy.util.test.junit.AutoTests" name="[72] /home/travis/build/icyphy/ptII/ptolemy/domains/de/test/auto/TransferOutputs2.xml (RunModel)" time="0.014" />
  <testcase classname="ptolemy.util.test.junit.AutoTests" name="[73] /home/travis/build/icyphy/ptII/ptolemy/domains/de/test/auto/Trilateration.xml (RunModel)" time="10.39" />
  <testcase classname="ptolemy.util.test.junit.AutoTests" name="[74] /home/travis/build/icyphy/ptII/ptolemy/domains/de/test/auto/TwoSigmaDelta.xml (RunModel)" time="1.723" />
  <testcase classname="ptolemy.util.test.junit.AutoTests" name="[75] /home/travis/build/icyphy/ptII/ptolemy/domains/de/test/auto/VariableDelay.xml (RunModel)" time="0.013" />
  <testcase classname="ptolemy.util.test.junit.AutoTests" name="[76] /home/travis/build/icyphy/ptII/ptolemy/domains/de/test/auto/VariableDelay2.xml (RunModel)" time="0.006" />
  <testcase classname="ptolemy.util.test.junit.AutoTests" name="[77] /home/travis/build/icyphy/ptII/ptolemy/domains/de/test/auto/VariableDelayZeroDelay.xml (RunModel)" time="0.015" />
  <testcase classname="ptolemy.util.test.junit.AutoTests" name="[78] /home/travis/build/icyphy/ptII/ptolemy/domains/de/test/auto/VariableDelayZeroDelay2.xml (RunModel)" time="0.011" />
  <testcase classname="ptolemy.util.test.junit.AutoTests" name="[79] /home/travis/build/icyphy/ptII/ptolemy/domains/de/test/auto/deInCt.xml (RunModel)" time="0.013" />
  <testcase classname="ptolemy.util.test.junit.AutoTests" name="[80] /home/travis/build/icyphy/ptII/ptolemy/domains/de/test/auto/deInCt2.xml (RunModel)" time="0.019" />
  <testcase classname="ptolemy.util.test.junit.AutoTests" name="[81] /home/travis/build/icyphy/ptII/ptolemy/domains/de/test/auto/dynamicCausalityInterface1.xml (RunModel)" time="0.019" />
  <testcase classname="ptolemy.util.test.junit.AutoTests" name="[82] /home/travis/build/icyphy/ptII/ptolemy/domains/de/test/auto/fsm_de_test.xml (RunModel)" time="0.028" />
  <testcase classname="ptolemy.util.test.junit.AutoTests" name="[83] /home/travis/build/icyphy/ptII/ptolemy/domains/de/test/auto/functionDependencyReconstruction.xml (RunModel)" time="0.031" />
  <testcase classname="ptolemy.util.test.junit.AutoTests" name="[84] /home/travis/build/icyphy/ptII/ptolemy/domains/de/test/auto/multirate.xml (RunModel)" time="0.015" />
  <testcase classname="ptolemy.util.test.junit.AutoTests" name="[85] /home/travis/build/icyphy/ptII/ptolemy/domains/de/test/auto/multirate2.xml (RunModel)" time="0.044" />
  <testcase classname="ptolemy.util.test.junit.AutoTests" name="[86] /home/travis/build/icyphy/ptII/ptolemy/domains/de/test/auto/realtime.xml (RunModel)" time="10.016" />
  <testcase classname="ptolemy.util.test.junit.AutoTests" name="[87] /home/travis/build/icyphy/ptII/ptolemy/domains/de/test/auto/relationGroup.xml (RunModel)" time="0.009" />
  <testcase classname="ptolemy.util.test.junit.AutoTests" name="[88] /home/travis/build/icyphy/ptII/ptolemy/domains/de/test/auto/relationGroup2.xml (RunModel)" time="0.007" />
  <testcase classname="ptolemy.util.test.junit.AutoTests" name="[89] /home/travis/build/icyphy/ptII/ptolemy/domains/de/test/auto/sortWithOpaquePorts.xml (RunModel)" time="0.014" />
  <testcase classname="ptolemy.util.test.junit.AutoTests" name="[90] /home/travis/build/icyphy/ptII/ptolemy/domains/de/test/auto/transferInputsandOutputs.xml (RunModel)" time="0.011" />
  <testcase classname="ptolemy.util.test.junit.AutoTests" name="[91] /home/travis/build/icyphy/ptII/ptolemy/domains/de/test/auto/triggerType.xml (RunModel)" time="0.012" />
  <system-out><![CDATA[/home/travis/build/icyphy/ptII/ptolemy/domains/de/test/DependencyLoop.tcl
testDefs.tcl: setting time out to 9000 seconds at Sat Jan 18 06:44:15 UTC 2020
83 ms. Memory: 129024K Free: 79302K (61%)
24 ms. Memory: 129024K Free: 61887K (48%)
/home/travis/build/icyphy/ptII/ptolemy/domains/de/test/RunDETestsAsQSS.tcl
Run the DE tests using ptolemy.domains.qss.test.QSSDirectorTest, which extends QSSDirector and prints a message in the constructors.
------------------ testing $PTII/ptolemy/domains/de/test/auto/knownFailedTests/DirectFeedback.xml (Known Failure) 
51 ms. Memory: 129024K Free: 55750K (43%)


==== $PTIIhome/travis/build/icyphy/ptII/ptolemy/domains/de/test/../../../../: Auto Automatic test in file $PTII/ptolemy/domains/de/test/auto/knownFailedTests/DirectFeedback.xml
==== Contents of test case:

	    # FIXME: we should use $relativeFilename here, but it
	    # might have backslashes under Windows, which causes no end
	    # of trouble.
	    createAndExecute $file
	    list {}
	
.... Test generated KNOWN error:
    while executing
ptolemy.kernel.util.IllegalActionException: Test fails in iteration 1.
Value was: 1.0. Should have been: 2.0
  in .DirectFeedback.Test
	at ptolemy.actor.lib.Test.fire(Test.java:268)
	at ptolemy.domains.de.kernel.DEDirector._fire(DEDirector.java:1949)
	at ptolemy.domains.de.kernel.DEDirector.fire(DEDirector.java:502)
	at ptolemy.actor.CompositeActor.fire(CompositeActor.java:455)
	at ptolemy.actor.Manager.iterate(Manager.java:851)
	at ptolemy.actor.Manager.execute(Manager.java:369)
	at ptolemy.actor.Manager.run(Manager.java:1263)
	at ptolemy.actor.Manager$PtolemyRunThread.run(Manager.java:1933)

    while executing
ptolemy.kernel.util.IllegalActionException: Test fails in iteration 1.
Value was: 1.0. Should have been: 2.0
  in .DirectFeedback.Test
    while executing
"java::new ptolemy.moml.MoMLSimpleApplication $file
"
    (procedure "createAndExecute" line 2)
    invoked from within
"createAndExecute $file"
    ("uplevel" body line 5)
    invoked from within
"uplevel $contents_of_test"
------------------ testing $PTII/ptolemy/domains/de/test/auto/knownFailedTests/dependencyLoop.xml (Known Failure) 
14 ms. Memory: 129024K Free: 52678K (41%)


==== $PTIIhome/travis/build/icyphy/ptII/ptolemy/domains/de/test/../../../../: Auto Automatic test in file $PTII/ptolemy/domains/de/test/auto/knownFailedTests/dependencyLoop.xml
==== Contents of test case:

	    # FIXME: we should use $relativeFilename here, but it
	    # might have backslashes under Windows, which causes no end
	    # of trouble.
	    createAndExecute $file
	    list {}
	
.... Test generated KNOWN error:
    while executing
ptolemy.kernel.util.IllegalActionException: Found a zero delay loop containing .dependencyLoop.original
  in .dependencyLoop and .dependencyLoop.original
	at ptolemy.actor.util.CausalityInterfaceForComposites._computeOutputPortDepth(CausalityInterfaceForComposites.java:759)
	at ptolemy.actor.util.CausalityInterfaceForComposites._computeInputDepth(CausalityInterfaceForComposites.java:696)
	at ptolemy.actor.util.CausalityInterfaceForComposites._computeOutputPortDepth(CausalityInterfaceForComposites.java:765)
	at ptolemy.actor.util.CausalityInterfaceForComposites._computeInputDepth(CausalityInterfaceForComposites.java:696)
	at ptolemy.actor.util.CausalityInterfaceForComposites._computeOutputPortDepth(CausalityInterfaceForComposites.java:765)
	at ptolemy.actor.util.CausalityInterfaceForComposites._computeInputDepth(CausalityInterfaceForComposites.java:696)
	at ptolemy.actor.util.CausalityInterfaceForComposites._computeActorDepth(CausalityInterfaceForComposites.java:532)
	at ptolemy.actor.util.CausalityInterfaceForComposites.checkForCycles(CausalityInterfaceForComposites.java:96)
	at ptolemy.domains.de.kernel.DEDirector.preinitialize(DEDirector.java:1338)
	at ptolemy.actor.CompositeActor.preinitialize(CompositeActor.java:1828)
	at ptolemy.actor.Manager.preinitializeAndResolveTypes(Manager.java:1040)
	at ptolemy.actor.Manager.initialize(Manager.java:710)
	at ptolemy.actor.Manager.execute(Manager.java:356)
	at ptolemy.actor.Manager.run(Manager.java:1263)
	at ptolemy.actor.Manager$PtolemyRunThread.run(Manager.java:1933)

    while executing
ptolemy.kernel.util.IllegalActionException: Found a zero delay loop containing .dependencyLoop.original
  in .dependencyLoop and .dependencyLoop.original
    while executing
"java::new ptolemy.moml.MoMLSimpleApplication $file
"
    (procedure "createAndExecute" line 2)
    invoked from within
"createAndExecute $file"
    ("uplevel" body line 5)
    invoked from within
"uplevel $contents_of_test"
------------------ testing $PTII/ptolemy/domains/de/test/auto/knownFailedTests/FSMSource.xml (Known Failure) 
62 ms. Memory: 129024K Free: 110574K (86%)
!!!! Auto was marked as failing, but now passes
------------------ testing $PTII/ptolemy/domains/de/test/auto/knownFailedTests/HierarchicalModel.xml (Known Failure) 
7 ms. Memory: 129024K Free: 93194K (72%)


==== $PTIIhome/travis/build/icyphy/ptII/ptolemy/domains/de/test/../../../../: Auto Automatic test in file $PTII/ptolemy/domains/de/test/auto/knownFailedTests/HierarchicalModel.xml
==== Contents of test case:

	    # FIXME: we should use $relativeFilename here, but it
	    # might have backslashes under Windows, which causes no end
	    # of trouble.
	    createAndExecute $file
	    list {}
	
.... Test generated KNOWN error:
    while executing
ptolemy.kernel.util.IllegalActionException: Found a zero delay loop containing .HierarchicalModel.A
  in .HierarchicalModel and .HierarchicalModel.A
	at ptolemy.actor.util.CausalityInterfaceForComposites._computeOutputPortDepth(CausalityInterfaceForComposites.java:759)
	at ptolemy.actor.util.CausalityInterfaceForComposites._computeInputDepth(CausalityInterfaceForComposites.java:696)
	at ptolemy.actor.util.CausalityInterfaceForComposites._computeOutputPortDepth(CausalityInterfaceForComposites.java:765)
	at ptolemy.actor.util.CausalityInterfaceForComposites._computeInputDepth(CausalityInterfaceForComposites.java:696)
	at ptolemy.actor.util.CausalityInterfaceForComposites._computeOutputPortDepth(CausalityInterfaceForComposites.java:765)
	at ptolemy.actor.util.CausalityInterfaceForComposites._computeInputDepth(CausalityInterfaceForComposites.java:696)
	at ptolemy.actor.util.CausalityInterfaceForComposites._computeActorDepth(CausalityInterfaceForComposites.java:532)
	at ptolemy.actor.util.CausalityInterfaceForComposites.checkForCycles(CausalityInterfaceForComposites.java:96)
	at ptolemy.domains.de.kernel.DEDirector.preinitialize(DEDirector.java:1338)
	at ptolemy.actor.CompositeActor.preinitialize(CompositeActor.java:1828)
	at ptolemy.actor.Manager.preinitializeAndResolveTypes(Manager.java:1040)
	at ptolemy.actor.Manager.initialize(Manager.java:710)
	at ptolemy.actor.Manager.execute(Manager.java:356)
	at ptolemy.actor.Manager.run(Manager.java:1263)
	at ptolemy.actor.Manager$PtolemyRunThread.run(Manager.java:1933)

    while executing
ptolemy.kernel.util.IllegalActionException: Found a zero delay loop containing .HierarchicalModel.A
  in .HierarchicalModel and .HierarchicalModel.A
    while executing
"java::new ptolemy.moml.MoMLSimpleApplication $file
"
    (procedure "createAndExecute" line 2)
    invoked from within
"createAndExecute $file"
    ("uplevel" body line 5)
    invoked from within
"uplevel $contents_of_test"
------------------ testing $PTII/ptolemy/domains/de/test/auto/knownFailedTests/dependencyLoop2.xml (Known Failure) 
7 ms. Memory: 129024K Free: 76808K (60%)


==== $PTIIhome/travis/build/icyphy/ptII/ptolemy/domains/de/test/../../../../: Auto Automatic test in file $PTII/ptolemy/domains/de/test/auto/knownFailedTests/dependencyLoop2.xml
==== Contents of test case:

	    # FIXME: we should use $relativeFilename here, but it
	    # might have backslashes under Windows, which causes no end
	    # of trouble.
	    createAndExecute $file
	    list {}
	
.... Test generated KNOWN error:
    while executing
ptolemy.kernel.util.IllegalActionException: Found a zero delay loop containing .dependencyLoop2.original
  in .dependencyLoop2 and .dependencyLoop2.original
	at ptolemy.actor.util.CausalityInterfaceForComposites._computeOutputPortDepth(CausalityInterfaceForComposites.java:759)
	at ptolemy.actor.util.CausalityInterfaceForComposites._computeInputDepth(CausalityInterfaceForComposites.java:696)
	at ptolemy.actor.util.CausalityInterfaceForComposites._computeOutputPortDepth(CausalityInterfaceForComposites.java:765)
	at ptolemy.actor.util.CausalityInterfaceForComposites._computeInputDepth(CausalityInterfaceForComposites.java:696)
	at ptolemy.actor.util.CausalityInterfaceForComposites._computeOutputPortDepth(CausalityInterfaceForComposites.java:765)
	at ptolemy.actor.util.CausalityInterfaceForComposites._computeInputDepth(CausalityInterfaceForComposites.java:696)
	at ptolemy.actor.util.CausalityInterfaceForComposites._computeActorDepth(CausalityInterfaceForComposites.java:532)
	at ptolemy.actor.util.CausalityInterfaceForComposites.checkForCycles(CausalityInterfaceForComposites.java:96)
	at ptolemy.domains.de.kernel.DEDirector.preinitialize(DEDirector.java:1338)
	at ptolemy.actor.CompositeActor.preinitialize(CompositeActor.java:1828)
	at ptolemy.actor.Manager.preinitializeAndResolveTypes(Manager.java:1040)
	at ptolemy.actor.Manager.initialize(Manager.java:710)
	at ptolemy.actor.Manager.execute(Manager.java:356)
	at ptolemy.actor.Manager.run(Manager.java:1263)
	at ptolemy.actor.Manager$PtolemyRunThread.run(Manager.java:1933)

    while executing
ptolemy.kernel.util.IllegalActionException: Found a zero delay loop containing .dependencyLoop2.original
  in .dependencyLoop2 and .dependencyLoop2.original
    while executing
"java::new ptolemy.moml.MoMLSimpleApplication $file
"
    (procedure "createAndExecute" line 2)
    invoked from within
"createAndExecute $file"
    ("uplevel" body line 5)
    invoked from within
"uplevel $contents_of_test"
------------------ testing $PTII/ptolemy/domains/de/test/auto/knownFailedTests/DESDFClockTest.xml (Known Failure) 
2071 ms. Memory: 129024K Free: 107568K (83%)


==== $PTIIhome/travis/build/icyphy/ptII/ptolemy/domains/de/test/../../../../: Auto Automatic test in file $PTII/ptolemy/domains/de/test/auto/knownFailedTests/DESDFClockTest.xml
==== Contents of test case:

	    # FIXME: we should use $relativeFilename here, but it
	    # might have backslashes under Windows, which causes no end
	    # of trouble.
	    createAndExecute $file
	    list {}
	
.... Test generated KNOWN error:
    while executing
ptolemy.kernel.util.IllegalActionException: Actor is not ready to fire.  Perhaps UpSample.prefire() returned false? Try debugging the actor by selecting "Listen to Actor".  Also, for SDF check moml for tokenConsumptionRate on input.
  in .DESDFClockTest.Play Bell.Copy1:SDF Director and .DESDFClockTest.Play Bell.UpSample
	at ptolemy.actor.sched.StaticSchedulingDirector.fire(StaticSchedulingDirector.java:227)
	at ptolemy.domains.sdf.kernel.SDFDirector.fire(SDFDirector.java:500)
	at ptolemy.actor.CompositeActor.fire(CompositeActor.java:455)
	at ptolemy.domains.de.kernel.DEDirector._fire(DEDirector.java:1949)
	at ptolemy.domains.de.kernel.DEDirector.fire(DEDirector.java:502)
	at ptolemy.actor.CompositeActor.fire(CompositeActor.java:455)
	at ptolemy.actor.Manager.iterate(Manager.java:851)
	at ptolemy.actor.Manager.execute(Manager.java:369)
	at ptolemy.actor.Manager.run(Manager.java:1263)
	at ptolemy.actor.Manager$PtolemyRunThread.run(Manager.java:1933)

    while executing
ptolemy.kernel.util.IllegalActionException: Actor is not ready to fire.  Perhaps UpSample.prefire() returned false? Try debugging the actor by selecting "Listen to Actor".  Also, for SDF check moml for tokenConsumptionRate on input.
  in .DESDFClockTest.Play Bell.Copy1:SDF Director and .DESDFClockTest.Play Bell.UpSample
    while executing
"java::new ptolemy.moml.MoMLSimpleApplication $file
"
    (procedure "createAndExecute" line 2)
    invoked from within
"createAndExecute $file"
    ("uplevel" body line 5)
    invoked from within
"uplevel $contents_of_test"
------------------ testing $PTII/ptolemy/domains/de/test/auto/ActorDepthCalculation_actorWithoutPorts.xml
auto.tcl: Setting watchdog for 200 seconds at Sat Jan 18 06:44:19 UTC 2020
10 ms. Memory: 129024K Free: 99363K (77%)
ptolemy.util.test.WatchDog.cancel(): canceling Sat Jan 18 06:44:19 UTC 2020
auto.tcl: Setting watchdog for 200 seconds at Sat Jan 18 06:44:19 UTC 2020
4 ms. Memory: 129024K Free: 98339K (76%)
ptolemy.util.test.WatchDog.cancel(): canceling Sat Jan 18 06:44:19 UTC 2020
------------------ testing $PTII/ptolemy/domains/de/test/auto/AssemblyLine.xml
auto.tcl: Setting watchdog for 200 seconds at Sat Jan 18 06:44:20 UTC 2020
16 ms. Memory: 51200K Free: 27774K (54%)
ptolemy.util.test.WatchDog.cancel(): canceling Sat Jan 18 06:44:20 UTC 2020
auto.tcl: Setting watchdog for 200 seconds at Sat Jan 18 06:44:20 UTC 2020
6 ms. Memory: 51200K Free: 26835K (52%)
ptolemy.util.test.WatchDog.cancel(): canceling Sat Jan 18 06:44:20 UTC 2020
------------------ testing $PTII/ptolemy/domains/de/test/auto/CQBug1.xml
auto.tcl: Setting watchdog for 200 seconds at Sat Jan 18 06:44:20 UTC 2020
2 ms. Memory: 51200K Free: 33271K (65%)
ptolemy.util.test.WatchDog.cancel(): canceling Sat Jan 18 06:44:20 UTC 2020
auto.tcl: Setting watchdog for 200 seconds at Sat Jan 18 06:44:20 UTC 2020
2 ms. Memory: 51200K Free: 33271K (65%)
ptolemy.util.test.WatchDog.cancel(): canceling Sat Jan 18 06:44:20 UTC 2020
------------------ testing $PTII/ptolemy/domains/de/test/auto/CancelFireAt.xml
auto.tcl: Setting watchdog for 200 seconds at Sat Jan 18 06:44:20 UTC 2020
2 ms. Memory: 51200K Free: 34487K (67%)
ptolemy.util.test.WatchDog.cancel(): canceling Sat Jan 18 06:44:20 UTC 2020
auto.tcl: Setting watchdog for 200 seconds at Sat Jan 18 06:44:20 UTC 2020
1 ms. Memory: 51200K Free: 34020K (66%)
ptolemy.util.test.WatchDog.cancel(): canceling Sat Jan 18 06:44:20 UTC 2020
------------------ testing $PTII/ptolemy/domains/de/test/auto/CausalityAndComposabilityAnalysis.xml
auto.tcl: Setting watchdog for 200 seconds at Sat Jan 18 06:44:20 UTC 2020
7 ms. Memory: 51200K Free: 32383K (63%)
ptolemy.util.test.WatchDog.cancel(): canceling Sat Jan 18 06:44:20 UTC 2020
auto.tcl: Setting watchdog for 200 seconds at Sat Jan 18 06:44:20 UTC 2020
4 ms. Memory: 51200K Free: 31980K (62%)
ptolemy.util.test.WatchDog.cancel(): canceling Sat Jan 18 06:44:20 UTC 2020
------------------ testing $PTII/ptolemy/domains/de/test/auto/CausalityInterface1.xml
auto.tcl: Setting watchdog for 200 seconds at Sat Jan 18 06:44:20 UTC 2020
28 ms. Memory: 51200K Free: 31384K (61%)
ptolemy.util.test.WatchDog.cancel(): canceling Sat Jan 18 06:44:20 UTC 2020
auto.tcl: Setting watchdog for 200 seconds at Sat Jan 18 06:44:20 UTC 2020
7 ms. Memory: 51200K Free: 30410K (59%)
ptolemy.util.test.WatchDog.cancel(): canceling Sat Jan 18 06:44:20 UTC 2020
------------------ testing $PTII/ptolemy/domains/de/test/auto/CausalityInterface15.xml
auto.tcl: Setting watchdog for 200 seconds at Sat Jan 18 06:44:20 UTC 2020
19 ms. Memory: 51200K Free: 31301K (61%)
ptolemy.util.test.WatchDog.cancel(): canceling Sat Jan 18 06:44:20 UTC 2020
auto.tcl: Setting watchdog for 200 seconds at Sat Jan 18 06:44:20 UTC 2020
3 ms. Memory: 51200K Free: 30359K (59%)
ptolemy.util.test.WatchDog.cancel(): canceling Sat Jan 18 06:44:20 UTC 2020
------------------ testing $PTII/ptolemy/domains/de/test/auto/CausalityInterface2.xml
auto.tcl: Setting watchdog for 200 seconds at Sat Jan 18 06:44:20 UTC 2020
5 ms. Memory: 51200K Free: 32015K (63%)
ptolemy.util.test.WatchDog.cancel(): canceling Sat Jan 18 06:44:20 UTC 2020
auto.tcl: Setting watchdog for 200 seconds at Sat Jan 18 06:44:20 UTC 2020
3 ms. Memory: 51200K Free: 31361K (61%)
ptolemy.util.test.WatchDog.cancel(): canceling Sat Jan 18 06:44:20 UTC 2020
------------------ testing $PTII/ptolemy/domains/de/test/auto/CausalityInterface3.xml
auto.tcl: Setting watchdog for 200 seconds at Sat Jan 18 06:44:20 UTC 2020
3 ms. Memory: 51200K Free: 31566K (62%)
ptolemy.util.test.WatchDog.cancel(): canceling Sat Jan 18 06:44:20 UTC 2020
auto.tcl: Setting watchdog for 200 seconds at Sat Jan 18 06:44:20 UTC 2020
3 ms. Memory: 51200K Free: 31082K (61%)
ptolemy.util.test.WatchDog.cancel(): canceling Sat Jan 18 06:44:20 UTC 2020
------------------ testing $PTII/ptolemy/domains/de/test/auto/ClockDrift.xml
auto.tcl: Setting watchdog for 200 seconds at Sat Jan 18 06:44:20 UTC 2020
54 ms. Memory: 51200K Free: 24150K (47%)
ptolemy.util.test.WatchDog.cancel(): canceling Sat Jan 18 06:44:20 UTC 2020
auto.tcl: Setting watchdog for 200 seconds at Sat Jan 18 06:44:20 UTC 2020
60 ms. Memory: 51200K Free: 21142K (41%)
ptolemy.util.test.WatchDog.cancel(): canceling Sat Jan 18 06:44:21 UTC 2020
------------------ testing $PTII/ptolemy/domains/de/test/auto/ClockDriftAndValueChange.xml
auto.tcl: Setting watchdog for 200 seconds at Sat Jan 18 06:44:21 UTC 2020
21 ms. Memory: 51200K Free: 24009K (47%)
ptolemy.util.test.WatchDog.cancel(): canceling Sat Jan 18 06:44:21 UTC 2020
auto.tcl: Setting watchdog for 200 seconds at Sat Jan 18 06:44:21 UTC 2020
19 ms. Memory: 51200K Free: 21018K (41%)
ptolemy.util.test.WatchDog.cancel(): canceling Sat Jan 18 06:44:21 UTC 2020
------------------ testing $PTII/ptolemy/domains/de/test/auto/ClockDriftChange.xml
auto.tcl: Setting watchdog for 200 seconds at Sat Jan 18 06:44:21 UTC 2020
14 ms. Memory: 51200K Free: 26038K (51%)
ptolemy.util.test.WatchDog.cancel(): canceling Sat Jan 18 06:44:21 UTC 2020
auto.tcl: Setting watchdog for 200 seconds at Sat Jan 18 06:44:21 UTC 2020
13 ms. Memory: 51200K Free: 23662K (46%)
ptolemy.util.test.WatchDog.cancel(): canceling Sat Jan 18 06:44:21 UTC 2020
------------------ testing $PTII/ptolemy/domains/de/test/auto/ComposableCausalityAnalysis.xml
auto.tcl: Setting watchdog for 200 seconds at Sat Jan 18 06:44:21 UTC 2020
3 ms. Memory: 51200K Free: 30811K (60%)
ptolemy.util.test.WatchDog.cancel(): canceling Sat Jan 18 06:44:21 UTC 2020
auto.tcl: Setting watchdog for 200 seconds at Sat Jan 18 06:44:21 UTC 2020
4 ms. Memory: 51200K Free: 29843K (58%)
ptolemy.util.test.WatchDog.cancel(): canceling Sat Jan 18 06:44:21 UTC 2020
------------------ testing $PTII/ptolemy/domains/de/test/auto/DEFixedPointLimitation.xml
auto.tcl: Setting watchdog for 200 seconds at Sat Jan 18 06:44:21 UTC 2020
2 ms. Memory: 51200K Free: 32228K (63%)
ptolemy.util.test.WatchDog.cancel(): canceling Sat Jan 18 06:44:21 UTC 2020
auto.tcl: Setting watchdog for 200 seconds at Sat Jan 18 06:44:21 UTC 2020
1 ms. Memory: 51200K Free: 31363K (61%)
ptolemy.util.test.WatchDog.cancel(): canceling Sat Jan 18 06:44:21 UTC 2020
------------------ testing $PTII/ptolemy/domains/de/test/auto/DEScheduleTest.xml
auto.tcl: Setting watchdog for 200 seconds at Sat Jan 18 06:44:21 UTC 2020
3 ms. Memory: 51200K Free: 32600K (64%)
ptolemy.util.test.WatchDog.cancel(): canceling Sat Jan 18 06:44:21 UTC 2020
auto.tcl: Setting watchdog for 200 seconds at Sat Jan 18 06:44:21 UTC 2020
3 ms. Memory: 51200K Free: 31844K (62%)
ptolemy.util.test.WatchDog.cancel(): canceling Sat Jan 18 06:44:21 UTC 2020
------------------ testing $PTII/ptolemy/domains/de/test/auto/DEinDEwithStartTimes.xml
auto.tcl: Setting watchdog for 200 seconds at Sat Jan 18 06:44:21 UTC 2020
3 ms. Memory: 51200K Free: 30771K (60%)
ptolemy.util.test.WatchDog.cancel(): canceling Sat Jan 18 06:44:21 UTC 2020
auto.tcl: Setting watchdog for 200 seconds at Sat Jan 18 06:44:21 UTC 2020
3 ms. Memory: 51200K Free: 29747K (58%)
ptolemy.util.test.WatchDog.cancel(): canceling Sat Jan 18 06:44:21 UTC 2020
------------------ testing $PTII/ptolemy/domains/de/test/auto/DEinDEwithStartTimes2.xml
auto.tcl: Setting watchdog for 200 seconds at Sat Jan 18 06:44:21 UTC 2020
7 ms. Memory: 51200K Free: 29888K (58%)
ptolemy.util.test.WatchDog.cancel(): canceling Sat Jan 18 06:44:21 UTC 2020
auto.tcl: Setting watchdog for 200 seconds at Sat Jan 18 06:44:21 UTC 2020
3 ms. Memory: 51200K Free: 28703K (56%)
ptolemy.util.test.WatchDog.cancel(): canceling Sat Jan 18 06:44:21 UTC 2020
------------------ testing $PTII/ptolemy/domains/de/test/auto/DateDemo.xml
auto.tcl: Setting watchdog for 200 seconds at Sat Jan 18 06:44:21 UTC 2020
20 ms. Memory: 51200K Free: 24047K (47%)
ptolemy.util.test.WatchDog.cancel(): canceling Sat Jan 18 06:44:21 UTC 2020
auto.tcl: Setting watchdog for 200 seconds at Sat Jan 18 06:44:21 UTC 2020
9 ms. Memory: 51200K Free: 22665K (44%)
ptolemy.util.test.WatchDog.cancel(): canceling Sat Jan 18 06:44:21 UTC 2020
------------------ testing $PTII/ptolemy/domains/de/test/auto/DateToEvent.xml
auto.tcl: Setting watchdog for 200 seconds at Sat Jan 18 06:44:21 UTC 2020
2014 ms. Memory: 51200K Free: 20264K (40%)
ptolemy.util.test.WatchDog.cancel(): canceling Sat Jan 18 06:44:23 UTC 2020
auto.tcl: Setting watchdog for 200 seconds at Sat Jan 18 06:44:23 UTC 2020
2004 ms. Memory: 51200K Free: 19443K (38%)
ptolemy.util.test.WatchDog.cancel(): canceling Sat Jan 18 06:44:25 UTC 2020
------------------ testing $PTII/ptolemy/domains/de/test/auto/DepthTest1.xml
auto.tcl: Setting watchdog for 200 seconds at Sat Jan 18 06:44:25 UTC 2020
2 ms. Memory: 51200K Free: 33443K (65%)
ptolemy.util.test.WatchDog.cancel(): canceling Sat Jan 18 06:44:25 UTC 2020
auto.tcl: Setting watchdog for 200 seconds at Sat Jan 18 06:44:25 UTC 2020
1 ms. Memory: 51200K Free: 32936K (64%)
ptolemy.util.test.WatchDog.cancel(): canceling Sat Jan 18 06:44:25 UTC 2020
------------------ testing $PTII/ptolemy/domains/de/test/auto/DepthTest2.xml
auto.tcl: Setting watchdog for 200 seconds at Sat Jan 18 06:44:25 UTC 2020
5 ms. Memory: 51200K Free: 29761K (58%)
ptolemy.util.test.WatchDog.cancel(): canceling Sat Jan 18 06:44:25 UTC 2020
auto.tcl: Setting watchdog for 200 seconds at Sat Jan 18 06:44:25 UTC 2020
6 ms. Memory: 51200K Free: 29315K (57%)
ptolemy.util.test.WatchDog.cancel(): canceling Sat Jan 18 06:44:25 UTC 2020
------------------ testing $PTII/ptolemy/domains/de/test/auto/DepthTest3.xml
auto.tcl: Setting watchdog for 200 seconds at Sat Jan 18 06:44:26 UTC 2020
2 ms. Memory: 51200K Free: 33296K (65%)
ptolemy.util.test.WatchDog.cancel(): canceling Sat Jan 18 06:44:26 UTC 2020
auto.tcl: Setting watchdog for 200 seconds at Sat Jan 18 06:44:26 UTC 2020
1 ms. Memory: 51200K Free: 32808K (64%)
ptolemy.util.test.WatchDog.cancel(): canceling Sat Jan 18 06:44:26 UTC 2020
------------------ testing $PTII/ptolemy/domains/de/test/auto/DepthTest4.xml
auto.tcl: Setting watchdog for 200 seconds at Sat Jan 18 06:44:26 UTC 2020
3 ms. Memory: 51200K Free: 31003K (61%)
ptolemy.util.test.WatchDog.cancel(): canceling Sat Jan 18 06:44:26 UTC 2020
auto.tcl: Setting watchdog for 200 seconds at Sat Jan 18 06:44:26 UTC 2020
2 ms. Memory: 51200K Free: 30544K (60%)
ptolemy.util.test.WatchDog.cancel(): canceling Sat Jan 18 06:44:26 UTC 2020
------------------ testing $PTII/ptolemy/domains/de/test/auto/DepthTest5.xml
auto.tcl: Setting watchdog for 200 seconds at Sat Jan 18 06:44:26 UTC 2020
3 ms. Memory: 51200K Free: 30963K (60%)
ptolemy.util.test.WatchDog.cancel(): canceling Sat Jan 18 06:44:26 UTC 2020
auto.tcl: Setting watchdog for 200 seconds at Sat Jan 18 06:44:26 UTC 2020
3 ms. Memory: 51200K Free: 30227K (59%)
ptolemy.util.test.WatchDog.cancel(): canceling Sat Jan 18 06:44:26 UTC 2020
------------------ testing $PTII/ptolemy/domains/de/test/auto/DepthTest6.xml
auto.tcl: Setting watchdog for 200 seconds at Sat Jan 18 06:44:26 UTC 2020
4 ms. Memory: 51200K Free: 30649K (60%)
ptolemy.util.test.WatchDog.cancel(): canceling Sat Jan 18 06:44:26 UTC 2020
auto.tcl: Setting watchdog for 200 seconds at Sat Jan 18 06:44:26 UTC 2020
2 ms. Memory: 51200K Free: 30205K (59%)
ptolemy.util.test.WatchDog.cancel(): canceling Sat Jan 18 06:44:26 UTC 2020
------------------ testing $PTII/ptolemy/domains/de/test/auto/DepthTest7.xml
auto.tcl: Setting watchdog for 200 seconds at Sat Jan 18 06:44:26 UTC 2020
2 ms. Memory: 51200K Free: 31226K (61%)
ptolemy.util.test.WatchDog.cancel(): canceling Sat Jan 18 06:44:26 UTC 2020
auto.tcl: Setting watchdog for 200 seconds at Sat Jan 18 06:44:26 UTC 2020
2 ms. Memory: 51200K Free: 30339K (59%)
ptolemy.util.test.WatchDog.cancel(): canceling Sat Jan 18 06:44:26 UTC 2020
------------------ testing $PTII/ptolemy/domains/de/test/auto/EventToDate.xml
auto.tcl: Setting watchdog for 200 seconds at Sat Jan 18 06:44:26 UTC 2020
3009 ms. Memory: 51200K Free: 22271K (43%)
ptolemy.util.test.WatchDog.cancel(): canceling Sat Jan 18 06:44:29 UTC 2020
auto.tcl: Setting watchdog for 200 seconds at Sat Jan 18 06:44:29 UTC 2020
3004 ms. Memory: 51200K Free: 21603K (42%)
ptolemy.util.test.WatchDog.cancel(): canceling Sat Jan 18 06:44:32 UTC 2020
------------------ testing $PTII/ptolemy/domains/de/test/auto/FSM1.xml
auto.tcl: Setting watchdog for 200 seconds at Sat Jan 18 06:44:32 UTC 2020
18 ms. Memory: 51200K Free: 23512K (46%)
ptolemy.util.test.WatchDog.cancel(): canceling Sat Jan 18 06:44:32 UTC 2020
auto.tcl: Setting watchdog for 200 seconds at Sat Jan 18 06:44:32 UTC 2020
15 ms. Memory: 51200K Free: 20233K (40%)
ptolemy.util.test.WatchDog.cancel(): canceling Sat Jan 18 06:44:32 UTC 2020
------------------ testing $PTII/ptolemy/domains/de/test/auto/FSM7.xml
auto.tcl: Setting watchdog for 200 seconds at Sat Jan 18 06:44:32 UTC 2020
13 ms. Memory: 51200K Free: 23384K (46%)
ptolemy.util.test.WatchDog.cancel(): canceling Sat Jan 18 06:44:32 UTC 2020
auto.tcl: Setting watchdog for 200 seconds at Sat Jan 18 06:44:32 UTC 2020
14 ms. Memory: 51200K Free: 19985K (39%)
ptolemy.util.test.WatchDog.cancel(): canceling Sat Jan 18 06:44:32 UTC 2020
------------------ testing $PTII/ptolemy/domains/de/test/auto/Inspection.xml
auto.tcl: Setting watchdog for 200 seconds at Sat Jan 18 06:44:32 UTC 2020
27 ms. Memory: 51200K Free: 23189K (45%)
ptolemy.util.test.WatchDog.cancel(): canceling Sat Jan 18 06:44:32 UTC 2020
auto.tcl: Setting watchdog for 200 seconds at Sat Jan 18 06:44:32 UTC 2020
27 ms. Memory: 51200K Free: 21496K (42%)
ptolemy.util.test.WatchDog.cancel(): canceling Sat Jan 18 06:44:32 UTC 2020
------------------ testing $PTII/ptolemy/domains/de/test/auto/Iteration.xml
auto.tcl: Setting watchdog for 200 seconds at Sat Jan 18 06:44:32 UTC 2020
6 ms. Memory: 51200K Free: 28726K (56%)
ptolemy.util.test.WatchDog.cancel(): canceling Sat Jan 18 06:44:32 UTC 2020
auto.tcl: Setting watchdog for 200 seconds at Sat Jan 18 06:44:32 UTC 2020
6 ms. Memory: 51200K Free: 27532K (54%)
ptolemy.util.test.WatchDog.cancel(): canceling Sat Jan 18 06:44:32 UTC 2020
------------------ testing $PTII/ptolemy/domains/de/test/auto/LineFault.xml
auto.tcl: Setting watchdog for 200 seconds at Sat Jan 18 06:44:32 UTC 2020
569 ms. Memory: 51200K Free: 16846K (33%)
ptolemy.util.test.WatchDog.cancel(): canceling Sat Jan 18 06:44:33 UTC 2020
auto.tcl: Setting watchdog for 200 seconds at Sat Jan 18 06:44:33 UTC 2020
509 ms. Memory: 61440K Free: 43555K (71%)
ptolemy.util.test.WatchDog.cancel(): canceling Sat Jan 18 06:44:34 UTC 2020
------------------ testing $PTII/ptolemy/domains/de/test/auto/MergeModel1Add.xml
auto.tcl: Setting watchdog for 200 seconds at Sat Jan 18 06:44:34 UTC 2020
24 ms. Memory: 58368K Free: 21984K (38%)
ptolemy.util.test.WatchDog.cancel(): canceling Sat Jan 18 06:44:34 UTC 2020
auto.tcl: Setting watchdog for 200 seconds at Sat Jan 18 06:44:34 UTC 2020
13 ms. Memory: 58368K Free: 20356K (35%)
ptolemy.util.test.WatchDog.cancel(): canceling Sat Jan 18 06:44:34 UTC 2020
------------------ testing $PTII/ptolemy/domains/de/test/auto/MergeModel2Add.xml
auto.tcl: Setting watchdog for 200 seconds at Sat Jan 18 06:44:34 UTC 2020
7 ms. Memory: 55296K Free: 20925K (38%)
ptolemy.util.test.WatchDog.cancel(): canceling Sat Jan 18 06:44:34 UTC 2020
auto.tcl: Setting watchdog for 200 seconds at Sat Jan 18 06:44:34 UTC 2020
7 ms. Memory: 55296K Free: 18994K (34%)
ptolemy.util.test.WatchDog.cancel(): canceling Sat Jan 18 06:44:34 UTC 2020
------------------ testing $PTII/ptolemy/domains/de/test/auto/MergeModel3Add.xml
auto.tcl: Setting watchdog for 200 seconds at Sat Jan 18 06:44:34 UTC 2020
7 ms. Memory: 55296K Free: 20954K (38%)
ptolemy.util.test.WatchDog.cancel(): canceling Sat Jan 18 06:44:34 UTC 2020
auto.tcl: Setting watchdog for 200 seconds at Sat Jan 18 06:44:34 UTC 2020
7 ms. Memory: 55296K Free: 19544K (35%)
ptolemy.util.test.WatchDog.cancel(): canceling Sat Jan 18 06:44:34 UTC 2020
------------------ testing $PTII/ptolemy/domains/de/test/auto/MergeWithoutDiscard.xml
auto.tcl: Setting watchdog for 200 seconds at Sat Jan 18 06:44:34 UTC 2020
1 ms. Memory: 55296K Free: 35841K (65%)
ptolemy.util.test.WatchDog.cancel(): canceling Sat Jan 18 06:44:34 UTC 2020
auto.tcl: Setting watchdog for 200 seconds at Sat Jan 18 06:44:34 UTC 2020
1 ms. Memory: 55296K Free: 35376K (64%)
ptolemy.util.test.WatchDog.cancel(): canceling Sat Jan 18 06:44:34 UTC 2020
------------------ testing $PTII/ptolemy/domains/de/test/auto/Modal1.xml
auto.tcl: Setting watchdog for 200 seconds at Sat Jan 18 06:44:34 UTC 2020
11 ms. Memory: 55296K Free: 27445K (50%)
ptolemy.util.test.WatchDog.cancel(): canceling Sat Jan 18 06:44:34 UTC 2020
auto.tcl: Setting watchdog for 200 seconds at Sat Jan 18 06:44:34 UTC 2020
13 ms. Memory: 55296K Free: 23958K (43%)
ptolemy.util.test.WatchDog.cancel(): canceling Sat Jan 18 06:44:34 UTC 2020
------------------ testing $PTII/ptolemy/domains/de/test/auto/Modal2.xml
auto.tcl: Setting watchdog for 200 seconds at Sat Jan 18 06:44:34 UTC 2020
17 ms. Memory: 55296K Free: 27836K (50%)
ptolemy.util.test.WatchDog.cancel(): canceling Sat Jan 18 06:44:34 UTC 2020
auto.tcl: Setting watchdog for 200 seconds at Sat Jan 18 06:44:34 UTC 2020
18 ms. Memory: 55296K Free: 24322K (44%)
ptolemy.util.test.WatchDog.cancel(): canceling Sat Jan 18 06:44:34 UTC 2020
------------------ testing $PTII/ptolemy/domains/de/test/auto/Modal3.xml
auto.tcl: Setting watchdog for 200 seconds at Sat Jan 18 06:44:34 UTC 2020
15 ms. Memory: 55296K Free: 27279K (49%)
ptolemy.util.test.WatchDog.cancel(): canceling Sat Jan 18 06:44:34 UTC 2020
auto.tcl: Setting watchdog for 200 seconds at Sat Jan 18 06:44:34 UTC 2020
12 ms. Memory: 55296K Free: 24319K (44%)
ptolemy.util.test.WatchDog.cancel(): canceling Sat Jan 18 06:44:34 UTC 2020
------------------ testing $PTII/ptolemy/domains/de/test/auto/Modal4.xml
auto.tcl: Setting watchdog for 200 seconds at Sat Jan 18 06:44:34 UTC 2020
21 ms. Memory: 55296K Free: 26539K (48%)
ptolemy.util.test.WatchDog.cancel(): canceling Sat Jan 18 06:44:35 UTC 2020
auto.tcl: Setting watchdog for 200 seconds at Sat Jan 18 06:44:35 UTC 2020
18 ms. Memory: 55296K Free: 22711K (41%)
ptolemy.util.test.WatchDog.cancel(): canceling Sat Jan 18 06:44:35 UTC 2020
------------------ testing $PTII/ptolemy/domains/de/test/auto/Modal5.xml
auto.tcl: Setting watchdog for 200 seconds at Sat Jan 18 06:44:35 UTC 2020
14 ms. Memory: 55296K Free: 26496K (48%)
ptolemy.util.test.WatchDog.cancel(): canceling Sat Jan 18 06:44:35 UTC 2020
auto.tcl: Setting watchdog for 200 seconds at Sat Jan 18 06:44:35 UTC 2020
11 ms. Memory: 55296K Free: 22698K (41%)
ptolemy.util.test.WatchDog.cancel(): canceling Sat Jan 18 06:44:35 UTC 2020
------------------ testing $PTII/ptolemy/domains/de/test/auto/Modal6.xml
auto.tcl: Setting watchdog for 200 seconds at Sat Jan 18 06:44:35 UTC 2020
11 ms. Memory: 55296K Free: 27235K (49%)
ptolemy.util.test.WatchDog.cancel(): canceling Sat Jan 18 06:44:35 UTC 2020
auto.tcl: Setting watchdog for 200 seconds at Sat Jan 18 06:44:35 UTC 2020
13 ms. Memory: 55296K Free: 23278K (42%)
ptolemy.util.test.WatchDog.cancel(): canceling Sat Jan 18 06:44:35 UTC 2020
------------------ testing $PTII/ptolemy/domains/de/test/auto/Modal7.xml
auto.tcl: Setting watchdog for 200 seconds at Sat Jan 18 06:44:35 UTC 2020
9 ms. Memory: 55296K Free: 26273K (48%)
ptolemy.util.test.WatchDog.cancel(): canceling Sat Jan 18 06:44:35 UTC 2020
auto.tcl: Setting watchdog for 200 seconds at Sat Jan 18 06:44:35 UTC 2020
9 ms. Memory: 55296K Free: 22907K (41%)
ptolemy.util.test.WatchDog.cancel(): canceling Sat Jan 18 06:44:35 UTC 2020
------------------ testing $PTII/ptolemy/domains/de/test/auto/ModalModel.xml
auto.tcl: Setting watchdog for 200 seconds at Sat Jan 18 06:44:35 UTC 2020
174 ms. Memory: 55296K Free: 21846K (40%)
ptolemy.util.test.WatchDog.cancel(): canceling Sat Jan 18 06:44:35 UTC 2020
auto.tcl: Setting watchdog for 200 seconds at Sat Jan 18 06:44:35 UTC 2020
178 ms. Memory: 66560K Free: 29013K (44%)
ptolemy.util.test.WatchDog.cancel(): canceling Sat Jan 18 06:44:35 UTC 2020
------------------ testing $PTII/ptolemy/domains/de/test/auto/ModalSource.xml
auto.tcl: Setting watchdog for 200 seconds at Sat Jan 18 06:44:35 UTC 2020
6 ms. Memory: 55296K Free: 31371K (57%)
ptolemy.util.test.WatchDog.cancel(): canceling Sat Jan 18 06:44:35 UTC 2020
auto.tcl: Setting watchdog for 200 seconds at Sat Jan 18 06:44:35 UTC 2020
5 ms. Memory: 55296K Free: 29323K (53%)
ptolemy.util.test.WatchDog.cancel(): canceling Sat Jan 18 06:44:35 UTC 2020
------------------ testing $PTII/ptolemy/domains/de/test/auto/NonInterruptibleTimerZeroDelay.xml
auto.tcl: Setting watchdog for 200 seconds at Sat Jan 18 06:44:35 UTC 2020
3 ms. Memory: 55296K Free: 36244K (66%)
ptolemy.util.test.WatchDog.cancel(): canceling Sat Jan 18 06:44:35 UTC 2020
auto.tcl: Setting watchdog for 200 seconds at Sat Jan 18 06:44:35 UTC 2020
2 ms. Memory: 55296K Free: 35650K (64%)
ptolemy.util.test.WatchDog.cancel(): canceling Sat Jan 18 06:44:35 UTC 2020
------------------ testing $PTII/ptolemy/domains/de/test/auto/OpenQueueingNetwork.xml
auto.tcl: Setting watchdog for 200 seconds at Sat Jan 18 06:44:35 UTC 2020
2687 ms. Memory: 101376K Free: 68625K (68%)
ptolemy.util.test.WatchDog.cancel(): canceling Sat Jan 18 06:44:38 UTC 2020
auto.tcl: Setting watchdog for 200 seconds at Sat Jan 18 06:44:38 UTC 2020
2353 ms. Memory: 133120K Free: 114160K (86%)
ptolemy.util.test.WatchDog.cancel(): canceling Sat Jan 18 06:44:41 UTC 2020
------------------ testing $PTII/ptolemy/domains/de/test/auto/OpenQueuingNetwork.xml
auto.tcl: Setting watchdog for 200 seconds at Sat Jan 18 06:44:41 UTC 2020
262 ms. Memory: 58368K Free: 31372K (54%)
ptolemy.util.test.WatchDog.cancel(): canceling Sat Jan 18 06:44:41 UTC 2020
auto.tcl: Setting watchdog for 200 seconds at Sat Jan 18 06:44:41 UTC 2020
247 ms. Memory: 58368K Free: 12340K (21%)
ptolemy.util.test.WatchDog.cancel(): canceling Sat Jan 18 06:44:41 UTC 2020
------------------ testing $PTII/ptolemy/domains/de/test/auto/PeriodicSampler.xml
auto.tcl: Setting watchdog for 200 seconds at Sat Jan 18 06:44:41 UTC 2020
3 ms. Memory: 55296K Free: 35501K (64%)
ptolemy.util.test.WatchDog.cancel(): canceling Sat Jan 18 06:44:41 UTC 2020
auto.tcl: Setting watchdog for 200 seconds at Sat Jan 18 06:44:41 UTC 2020
1 ms. Memory: 55296K Free: 34981K (63%)
ptolemy.util.test.WatchDog.cancel(): canceling Sat Jan 18 06:44:41 UTC 2020
------------------ testing $PTII/ptolemy/domains/de/test/auto/PersistentIO.xml
auto.tcl: Setting watchdog for 200 seconds at Sat Jan 18 06:44:41 UTC 2020
17 ms. Memory: 55296K Free: 30426K (55%)
ptolemy.util.test.WatchDog.cancel(): canceling Sat Jan 18 06:44:41 UTC 2020
auto.tcl: Setting watchdog for 200 seconds at Sat Jan 18 06:44:41 UTC 2020
4 ms. Memory: 55296K Free: 28906K (52%)
ptolemy.util.test.WatchDog.cancel(): canceling Sat Jan 18 06:44:41 UTC 2020
------------------ testing $PTII/ptolemy/domains/de/test/auto/PortParameterResetOnInitialize.xml
auto.tcl: Setting watchdog for 200 seconds at Sat Jan 18 06:44:41 UTC 2020
8 ms. Memory: 55296K Free: 35424K (64%)
ptolemy.util.test.WatchDog.cancel(): canceling Sat Jan 18 06:44:41 UTC 2020
auto.tcl: Setting watchdog for 200 seconds at Sat Jan 18 06:44:41 UTC 2020
1 ms. Memory: 55296K Free: 34914K (63%)
ptolemy.util.test.WatchDog.cancel(): canceling Sat Jan 18 06:44:41 UTC 2020
------------------ testing $PTII/ptolemy/domains/de/test/auto/PortParameterUpdates.xml
auto.tcl: Setting watchdog for 200 seconds at Sat Jan 18 06:44:41 UTC 2020
6 ms. Memory: 55296K Free: 33494K (61%)
ptolemy.util.test.WatchDog.cancel(): canceling Sat Jan 18 06:44:42 UTC 2020
auto.tcl: Setting watchdog for 200 seconds at Sat Jan 18 06:44:42 UTC 2020
3 ms. Memory: 55296K Free: 32484K (59%)
ptolemy.util.test.WatchDog.cancel(): canceling Sat Jan 18 06:44:42 UTC 2020
------------------ testing $PTII/ptolemy/domains/de/test/auto/QueueAndServer.xml
auto.tcl: Setting watchdog for 200 seconds at Sat Jan 18 06:44:42 UTC 2020
5 ms. Memory: 55296K Free: 32447K (59%)
ptolemy.util.test.WatchDog.cancel(): canceling Sat Jan 18 06:44:42 UTC 2020
auto.tcl: Setting watchdog for 200 seconds at Sat Jan 18 06:44:42 UTC 2020
5 ms. Memory: 55296K Free: 30913K (56%)
ptolemy.util.test.WatchDog.cancel(): canceling Sat Jan 18 06:44:42 UTC 2020
------------------ testing $PTII/ptolemy/domains/de/test/auto/Records.xml
auto.tcl: Setting watchdog for 200 seconds at Sat Jan 18 06:44:42 UTC 2020
4 ms. Memory: 55296K Free: 34643K (63%)
ptolemy.util.test.WatchDog.cancel(): canceling Sat Jan 18 06:44:42 UTC 2020
auto.tcl: Setting watchdog for 200 seconds at Sat Jan 18 06:44:42 UTC 2020
2 ms. Memory: 55296K Free: 34115K (62%)
ptolemy.util.test.WatchDog.cancel(): canceling Sat Jan 18 06:44:42 UTC 2020
------------------ testing $PTII/ptolemy/domains/de/test/auto/ResetTransitionWithStartTime1.xml
auto.tcl: Setting watchdog for 200 seconds at Sat Jan 18 06:44:42 UTC 2020
14 ms. Memory: 55296K Free: 31911K (58%)
ptolemy.util.test.WatchDog.cancel(): canceling Sat Jan 18 06:44:42 UTC 2020
auto.tcl: Setting watchdog for 200 seconds at Sat Jan 18 06:44:42 UTC 2020
7 ms. Memory: 55296K Free: 29863K (54%)
ptolemy.util.test.WatchDog.cancel(): canceling Sat Jan 18 06:44:42 UTC 2020
------------------ testing $PTII/ptolemy/domains/de/test/auto/ResetTransitionWithStartTime2.xml
auto.tcl: Setting watchdog for 200 seconds at Sat Jan 18 06:44:42 UTC 2020
5 ms. Memory: 55296K Free: 31866K (58%)
ptolemy.util.test.WatchDog.cancel(): canceling Sat Jan 18 06:44:42 UTC 2020
auto.tcl: Setting watchdog for 200 seconds at Sat Jan 18 06:44:42 UTC 2020
5 ms. Memory: 55296K Free: 29818K (54%)
ptolemy.util.test.WatchDog.cancel(): canceling Sat Jan 18 06:44:42 UTC 2020
------------------ testing $PTII/ptolemy/domains/de/test/auto/ResetTransitionWithStartTime3.xml
auto.tcl: Setting watchdog for 200 seconds at Sat Jan 18 06:44:42 UTC 2020
9 ms. Memory: 55296K Free: 31865K (58%)
ptolemy.util.test.WatchDog.cancel(): canceling Sat Jan 18 06:44:42 UTC 2020
auto.tcl: Setting watchdog for 200 seconds at Sat Jan 18 06:44:42 UTC 2020
6 ms. Memory: 55296K Free: 29817K (54%)
ptolemy.util.test.WatchDog.cancel(): canceling Sat Jan 18 06:44:42 UTC 2020
------------------ testing $PTII/ptolemy/domains/de/test/auto/ResetTransitionWithStartTime4.xml
auto.tcl: Setting watchdog for 200 seconds at Sat Jan 18 06:44:42 UTC 2020
8 ms. Memory: 55296K Free: 32271K (58%)
ptolemy.util.test.WatchDog.cancel(): canceling Sat Jan 18 06:44:42 UTC 2020
auto.tcl: Setting watchdog for 200 seconds at Sat Jan 18 06:44:42 UTC 2020
2 ms. Memory: 55296K Free: 30840K (56%)
ptolemy.util.test.WatchDog.cancel(): canceling Sat Jan 18 06:44:42 UTC 2020
------------------ testing $PTII/ptolemy/domains/de/test/auto/ResettableTimer1.xml
auto.tcl: Setting watchdog for 200 seconds at Sat Jan 18 06:44:42 UTC 2020
3 ms. Memory: 55296K Free: 35942K (65%)
ptolemy.util.test.WatchDog.cancel(): canceling Sat Jan 18 06:44:42 UTC 2020
auto.tcl: Setting watchdog for 200 seconds at Sat Jan 18 06:44:42 UTC 2020
2 ms. Memory: 55296K Free: 34918K (63%)
ptolemy.util.test.WatchDog.cancel(): canceling Sat Jan 18 06:44:42 UTC 2020
------------------ testing $PTII/ptolemy/domains/de/test/auto/ResettableTimer2.xml
auto.tcl: Setting watchdog for 200 seconds at Sat Jan 18 06:44:42 UTC 2020
2 ms. Memory: 55296K Free: 35998K (65%)
ptolemy.util.test.WatchDog.cancel(): canceling Sat Jan 18 06:44:42 UTC 2020
auto.tcl: Setting watchdog for 200 seconds at Sat Jan 18 06:44:42 UTC 2020
2 ms. Memory: 55296K Free: 34974K (63%)
ptolemy.util.test.WatchDog.cancel(): canceling Sat Jan 18 06:44:42 UTC 2020
------------------ testing $PTII/ptolemy/domains/de/test/auto/ResettableTimer3.xml
auto.tcl: Setting watchdog for 200 seconds at Sat Jan 18 06:44:42 UTC 2020
2 ms. Memory: 55296K Free: 35998K (65%)
ptolemy.util.test.WatchDog.cancel(): canceling Sat Jan 18 06:44:42 UTC 2020
auto.tcl: Setting watchdog for 200 seconds at Sat Jan 18 06:44:42 UTC 2020
1 ms. Memory: 55296K Free: 35998K (65%)
ptolemy.util.test.WatchDog.cancel(): canceling Sat Jan 18 06:44:42 UTC 2020
------------------ testing $PTII/ptolemy/domains/de/test/auto/ResettableTimer4.xml
auto.tcl: Setting watchdog for 200 seconds at Sat Jan 18 06:44:42 UTC 2020
1 ms. Memory: 55296K Free: 36011K (65%)
ptolemy.util.test.WatchDog.cancel(): canceling Sat Jan 18 06:44:42 UTC 2020
auto.tcl: Setting watchdog for 200 seconds at Sat Jan 18 06:44:42 UTC 2020
1 ms. Memory: 55296K Free: 35497K (64%)
ptolemy.util.test.WatchDog.cancel(): canceling Sat Jan 18 06:44:42 UTC 2020
------------------ testing $PTII/ptolemy/domains/de/test/auto/ResettableTimer5.xml
auto.tcl: Setting watchdog for 200 seconds at Sat Jan 18 06:44:42 UTC 2020
1 ms. Memory: 55296K Free: 35495K (64%)
ptolemy.util.test.WatchDog.cancel(): canceling Sat Jan 18 06:44:42 UTC 2020
auto.tcl: Setting watchdog for 200 seconds at Sat Jan 18 06:44:42 UTC 2020
1 ms. Memory: 55296K Free: 34985K (63%)
ptolemy.util.test.WatchDog.cancel(): canceling Sat Jan 18 06:44:42 UTC 2020
------------------ testing $PTII/ptolemy/domains/de/test/auto/ResettableTimer6.xml
auto.tcl: Setting watchdog for 200 seconds at Sat Jan 18 06:44:42 UTC 2020
2 ms. Memory: 55296K Free: 35486K (64%)
ptolemy.util.test.WatchDog.cancel(): canceling Sat Jan 18 06:44:42 UTC 2020
auto.tcl: Setting watchdog for 200 seconds at Sat Jan 18 06:44:42 UTC 2020
1 ms. Memory: 55296K Free: 34976K (63%)
ptolemy.util.test.WatchDog.cancel(): canceling Sat Jan 18 06:44:42 UTC 2020
------------------ testing $PTII/ptolemy/domains/de/test/auto/ServerZeroDelay.xml
auto.tcl: Setting watchdog for 200 seconds at Sat Jan 18 06:44:42 UTC 2020
3 ms. Memory: 55296K Free: 35991K (65%)
ptolemy.util.test.WatchDog.cancel(): canceling Sat Jan 18 06:44:42 UTC 2020
auto.tcl: Setting watchdog for 200 seconds at Sat Jan 18 06:44:42 UTC 2020
2 ms. Memory: 55296K Free: 34967K (63%)
ptolemy.util.test.WatchDog.cancel(): canceling Sat Jan 18 06:44:42 UTC 2020
------------------ testing $PTII/ptolemy/domains/de/test/auto/SmartSender.xml
auto.tcl: Setting watchdog for 200 seconds at Sat Jan 18 06:44:42 UTC 2020
3001 ms. Memory: 55296K Free: 35471K (64%)
ptolemy.util.test.WatchDog.cancel(): canceling Sat Jan 18 06:44:45 UTC 2020
auto.tcl: Setting watchdog for 200 seconds at Sat Jan 18 06:44:45 UTC 2020
3001 ms. Memory: 55296K Free: 34961K (63%)
ptolemy.util.test.WatchDog.cancel(): canceling Sat Jan 18 06:44:48 UTC 2020
------------------ testing $PTII/ptolemy/domains/de/test/auto/ThreadedComposite.xml
auto.tcl: Setting watchdog for 200 seconds at Sat Jan 18 06:44:48 UTC 2020
149 ms. Memory: 55296K Free: 17054K (31%)
ptolemy.util.test.WatchDog.cancel(): canceling Sat Jan 18 06:44:49 UTC 2020
auto.tcl: Setting watchdog for 200 seconds at Sat Jan 18 06:44:49 UTC 2020
111 ms. Memory: 55296K Free: 33482K (61%)
ptolemy.util.test.WatchDog.cancel(): canceling Sat Jan 18 06:44:49 UTC 2020
------------------ testing $PTII/ptolemy/domains/de/test/auto/Time.xml
auto.tcl: Setting watchdog for 200 seconds at Sat Jan 18 06:44:49 UTC 2020
488 ms. Memory: 55296K Free: 12189K (22%)
ptolemy.util.test.WatchDog.cancel(): canceling Sat Jan 18 06:44:49 UTC 2020
auto.tcl: Setting watchdog for 200 seconds at Sat Jan 18 06:44:49 UTC 2020
488 ms. Memory: 76800K Free: 53485K (70%)
ptolemy.util.test.WatchDog.cancel(): canceling Sat Jan 18 06:44:50 UTC 2020
------------------ testing $PTII/ptolemy/domains/de/test/auto/TimeDelayZeroDelay.xml
auto.tcl: Setting watchdog for 200 seconds at Sat Jan 18 06:44:50 UTC 2020
2 ms. Memory: 55296K Free: 36412K (66%)
ptolemy.util.test.WatchDog.cancel(): canceling Sat Jan 18 06:44:50 UTC 2020
auto.tcl: Setting watchdog for 200 seconds at Sat Jan 18 06:44:50 UTC 2020
2 ms. Memory: 55296K Free: 35505K (64%)
ptolemy.util.test.WatchDog.cancel(): canceling Sat Jan 18 06:44:50 UTC 2020
------------------ testing $PTII/ptolemy/domains/de/test/auto/TimerZeroDelay.xml
auto.tcl: Setting watchdog for 200 seconds at Sat Jan 18 06:44:50 UTC 2020
2 ms. Memory: 55296K Free: 36275K (66%)
ptolemy.util.test.WatchDog.cancel(): canceling Sat Jan 18 06:44:50 UTC 2020
auto.tcl: Setting watchdog for 200 seconds at Sat Jan 18 06:44:50 UTC 2020
2 ms. Memory: 55296K Free: 35578K (64%)
ptolemy.util.test.WatchDog.cancel(): canceling Sat Jan 18 06:44:50 UTC 2020
------------------ testing $PTII/ptolemy/domains/de/test/auto/TimingParadox.xml
auto.tcl: Setting watchdog for 200 seconds at Sat Jan 18 06:44:50 UTC 2020
298 ms. Memory: 55296K Free: 29662K (54%)
ptolemy.util.test.WatchDog.cancel(): canceling Sat Jan 18 06:44:50 UTC 2020
auto.tcl: Setting watchdog for 200 seconds at Sat Jan 18 06:44:50 UTC 2020
312 ms. Memory: 55296K Free: 23141K (42%)
ptolemy.util.test.WatchDog.cancel(): canceling Sat Jan 18 06:44:51 UTC 2020
------------------ testing $PTII/ptolemy/domains/de/test/auto/TransferInputs.xml
auto.tcl: Setting watchdog for 200 seconds at Sat Jan 18 06:44:51 UTC 2020
1 ms. Memory: 55296K Free: 34426K (62%)
ptolemy.util.test.WatchDog.cancel(): canceling Sat Jan 18 06:44:51 UTC 2020
auto.tcl: Setting watchdog for 200 seconds at Sat Jan 18 06:44:51 UTC 2020
2 ms. Memory: 55296K Free: 33511K (61%)
ptolemy.util.test.WatchDog.cancel(): canceling Sat Jan 18 06:44:51 UTC 2020
------------------ testing $PTII/ptolemy/domains/de/test/auto/TransferOutputs2.xml
auto.tcl: Setting watchdog for 200 seconds at Sat Jan 18 06:44:51 UTC 2020
3 ms. Memory: 55296K Free: 31869K (58%)
ptolemy.util.test.WatchDog.cancel(): canceling Sat Jan 18 06:44:51 UTC 2020
auto.tcl: Setting watchdog for 200 seconds at Sat Jan 18 06:44:51 UTC 2020
3 ms. Memory: 55296K Free: 30411K (55%)
ptolemy.util.test.WatchDog.cancel(): canceling Sat Jan 18 06:44:51 UTC 2020
------------------ testing $PTII/ptolemy/domains/de/test/auto/Trilateration.xml
auto.tcl: Setting watchdog for 200 seconds at Sat Jan 18 06:44:51 UTC 2020
13179 ms. Memory: 481280K Free: 212367K (44%)
ptolemy.util.test.WatchDog.cancel(): canceling Sat Jan 18 06:45:05 UTC 2020
auto.tcl: Setting watchdog for 200 seconds at Sat Jan 18 06:45:05 UTC 2020
8985 ms. Memory: 481280K Free: 409775K (85%)
ptolemy.util.test.WatchDog.cancel(): canceling Sat Jan 18 06:45:14 UTC 2020
------------------ testing $PTII/ptolemy/domains/de/test/auto/TwoSigmaDelta.xml
auto.tcl: Setting watchdog for 200 seconds at Sat Jan 18 06:45:14 UTC 2020
2059 ms. Memory: 96256K Free: 48468K (50%)
ptolemy.util.test.WatchDog.cancel(): canceling Sat Jan 18 06:45:16 UTC 2020
auto.tcl: Setting watchdog for 200 seconds at Sat Jan 18 06:45:16 UTC 2020
1698 ms. Memory: 96256K Free: 56126K (58%)
ptolemy.util.test.WatchDog.cancel(): canceling Sat Jan 18 06:45:18 UTC 2020
------------------ testing $PTII/ptolemy/domains/de/test/auto/VariableDelay.xml
auto.tcl: Setting watchdog for 200 seconds at Sat Jan 18 06:45:18 UTC 2020
3 ms. Memory: 58368K Free: 37976K (65%)
ptolemy.util.test.WatchDog.cancel(): canceling Sat Jan 18 06:45:18 UTC 2020
auto.tcl: Setting watchdog for 200 seconds at Sat Jan 18 06:45:18 UTC 2020
1 ms. Memory: 58368K Free: 36982K (63%)
ptolemy.util.test.WatchDog.cancel(): canceling Sat Jan 18 06:45:18 UTC 2020
------------------ testing $PTII/ptolemy/domains/de/test/auto/VariableDelay2.xml
auto.tcl: Setting watchdog for 200 seconds at Sat Jan 18 06:45:18 UTC 2020
11 ms. Memory: 55296K Free: 35319K (64%)
ptolemy.util.test.WatchDog.cancel(): canceling Sat Jan 18 06:45:18 UTC 2020
auto.tcl: Setting watchdog for 200 seconds at Sat Jan 18 06:45:18 UTC 2020
2 ms. Memory: 55296K Free: 34823K (63%)
ptolemy.util.test.WatchDog.cancel(): canceling Sat Jan 18 06:45:18 UTC 2020
------------------ testing $PTII/ptolemy/domains/de/test/auto/VariableDelayZeroDelay.xml
auto.tcl: Setting watchdog for 200 seconds at Sat Jan 18 06:45:18 UTC 2020
2 ms. Memory: 55296K Free: 35846K (65%)
ptolemy.util.test.WatchDog.cancel(): canceling Sat Jan 18 06:45:18 UTC 2020
auto.tcl: Setting watchdog for 200 seconds at Sat Jan 18 06:45:18 UTC 2020
2 ms. Memory: 55296K Free: 35302K (64%)
ptolemy.util.test.WatchDog.cancel(): canceling Sat Jan 18 06:45:18 UTC 2020
------------------ testing $PTII/ptolemy/domains/de/test/auto/VariableDelayZeroDelay2.xml
auto.tcl: Setting watchdog for 200 seconds at Sat Jan 18 06:45:18 UTC 2020
2 ms. Memory: 55296K Free: 35845K (65%)
ptolemy.util.test.WatchDog.cancel(): canceling Sat Jan 18 06:45:18 UTC 2020
auto.tcl: Setting watchdog for 200 seconds at Sat Jan 18 06:45:18 UTC 2020
1 ms. Memory: 55296K Free: 34821K (63%)
ptolemy.util.test.WatchDog.cancel(): canceling Sat Jan 18 06:45:18 UTC 2020
------------------ testing $PTII/ptolemy/domains/de/test/auto/deInCt.xml
auto.tcl: Setting watchdog for 200 seconds at Sat Jan 18 06:45:18 UTC 2020
0
1
1
1
0
0
0
0
1
1
1
1
1
1
1
0
0
0
0
1
1
1
0
0
0
1
1
1
0
0
0
1
1
0
0
0
0
11 ms. Memory: 55296K Free: 34818K (63%)
ptolemy.util.test.WatchDog.cancel(): canceling Sat Jan 18 06:45:18 UTC 2020
auto.tcl: Setting watchdog for 200 seconds at Sat Jan 18 06:45:18 UTC 2020
0
1
1
1
0
0
0
0
1
1
0
0
0
1
1
1
1
1
0
0
0
1
1
1
0
0
0
1
1
1
1
0
0
0
1
1
1
0
0
0
1
1
0
0
0
1
1
0
0
0
0
6 ms. Memory: 55296K Free: 33280K (60%)
ptolemy.util.test.WatchDog.cancel(): canceling Sat Jan 18 06:45:18 UTC 2020
------------------ testing $PTII/ptolemy/domains/de/test/auto/deInCt2.xml
auto.tcl: Setting watchdog for 200 seconds at Sat Jan 18 06:45:19 UTC 2020
0
1
1
1
0
0
1
1
1
0
0
1
1
1
0
0
1
1
1
0
0
1
1
1
0
0
1
1
1
0
0
1
1
1
0
0
1
1
1
0
0
0
10 ms. Memory: 55296K Free: 34819K (63%)
ptolemy.util.test.WatchDog.cancel(): canceling Sat Jan 18 06:45:19 UTC 2020
auto.tcl: Setting watchdog for 200 seconds at Sat Jan 18 06:45:19 UTC 2020
0
1
1
1
0
0
1
1
1
0
0
1
1
1
0
0
1
1
1
0
0
1
1
1
0
0
1
1
1
0
0
1
1
1
0
0
1
1
1
0
0
0
6 ms. Memory: 55296K Free: 33281K (60%)
ptolemy.util.test.WatchDog.cancel(): canceling Sat Jan 18 06:45:19 UTC 2020
------------------ testing $PTII/ptolemy/domains/de/test/auto/dynamicCausalityInterface1.xml
auto.tcl: Setting watchdog for 200 seconds at Sat Jan 18 06:45:19 UTC 2020
1 ms. Memory: 55296K Free: 30717K (56%)
ptolemy.util.test.WatchDog.cancel(): canceling Sat Jan 18 06:45:19 UTC 2020
auto.tcl: Setting watchdog for 200 seconds at Sat Jan 18 06:45:19 UTC 2020
0 ms. Memory: 55296K Free: 30203K (55%)
ptolemy.util.test.WatchDog.cancel(): canceling Sat Jan 18 06:45:19 UTC 2020
------------------ testing $PTII/ptolemy/domains/de/test/auto/fsm_de_test.xml
auto.tcl: Setting watchdog for 200 seconds at Sat Jan 18 06:45:19 UTC 2020
9 ms. Memory: 55296K Free: 30616K (55%)
ptolemy.util.test.WatchDog.cancel(): canceling Sat Jan 18 06:45:19 UTC 2020
auto.tcl: Setting watchdog for 200 seconds at Sat Jan 18 06:45:19 UTC 2020
6 ms. Memory: 55296K Free: 28568K (52%)
ptolemy.util.test.WatchDog.cancel(): canceling Sat Jan 18 06:45:19 UTC 2020
------------------ testing $PTII/ptolemy/domains/de/test/auto/functionDependencyReconstruction.xml
auto.tcl: Setting watchdog for 200 seconds at Sat Jan 18 06:45:19 UTC 2020
6 ms. Memory: 55296K Free: 24462K (44%)
ptolemy.util.test.WatchDog.cancel(): canceling Sat Jan 18 06:45:19 UTC 2020
auto.tcl: Setting watchdog for 200 seconds at Sat Jan 18 06:45:19 UTC 2020
3 ms. Memory: 55296K Free: 22414K (41%)
ptolemy.util.test.WatchDog.cancel(): canceling Sat Jan 18 06:45:19 UTC 2020
------------------ testing $PTII/ptolemy/domains/de/test/auto/multirate.xml
auto.tcl: Setting watchdog for 200 seconds at Sat Jan 18 06:45:19 UTC 2020
3 ms. Memory: 55296K Free: 33212K (60%)
ptolemy.util.test.WatchDog.cancel(): canceling Sat Jan 18 06:45:19 UTC 2020
auto.tcl: Setting watchdog for 200 seconds at Sat Jan 18 06:45:19 UTC 2020
3 ms. Memory: 55296K Free: 31511K (57%)
ptolemy.util.test.WatchDog.cancel(): canceling Sat Jan 18 06:45:19 UTC 2020
------------------ testing $PTII/ptolemy/domains/de/test/auto/multirate2.xml
auto.tcl: Setting watchdog for 200 seconds at Sat Jan 18 06:45:19 UTC 2020
2 ms. Memory: 55296K Free: 33390K (60%)
ptolemy.util.test.WatchDog.cancel(): canceling Sat Jan 18 06:45:19 UTC 2020
auto.tcl: Setting watchdog for 200 seconds at Sat Jan 18 06:45:19 UTC 2020
2 ms. Memory: 55296K Free: 31691K (57%)
ptolemy.util.test.WatchDog.cancel(): canceling Sat Jan 18 06:45:19 UTC 2020
------------------ testing $PTII/ptolemy/domains/de/test/auto/realtime.xml
auto.tcl: Setting watchdog for 200 seconds at Sat Jan 18 06:45:19 UTC 2020
10001 ms. Memory: 55296K Free: 35332K (64%)
ptolemy.util.test.WatchDog.cancel(): canceling Sat Jan 18 06:45:29 UTC 2020
auto.tcl: Setting watchdog for 200 seconds at Sat Jan 18 06:45:29 UTC 2020
10001 ms. Memory: 55296K Free: 34762K (63%)
ptolemy.util.test.WatchDog.cancel(): canceling Sat Jan 18 06:45:39 UTC 2020
------------------ testing $PTII/ptolemy/domains/de/test/auto/relationGroup.xml
auto.tcl: Setting watchdog for 200 seconds at Sat Jan 18 06:45:39 UTC 2020
1 ms. Memory: 55296K Free: 36545K (66%)
ptolemy.util.test.WatchDog.cancel(): canceling Sat Jan 18 06:45:39 UTC 2020
auto.tcl: Setting watchdog for 200 seconds at Sat Jan 18 06:45:39 UTC 2020
1 ms. Memory: 55296K Free: 36033K (65%)
ptolemy.util.test.WatchDog.cancel(): canceling Sat Jan 18 06:45:39 UTC 2020
------------------ testing $PTII/ptolemy/domains/de/test/auto/relationGroup2.xml
auto.tcl: Setting watchdog for 200 seconds at Sat Jan 18 06:45:39 UTC 2020
1 ms. Memory: 55296K Free: 36571K (66%)
ptolemy.util.test.WatchDog.cancel(): canceling Sat Jan 18 06:45:39 UTC 2020
auto.tcl: Setting watchdog for 200 seconds at Sat Jan 18 06:45:39 UTC 2020
1 ms. Memory: 55296K Free: 36059K (65%)
ptolemy.util.test.WatchDog.cancel(): canceling Sat Jan 18 06:45:39 UTC 2020
------------------ testing $PTII/ptolemy/domains/de/test/auto/sortWithOpaquePorts.xml
auto.tcl: Setting watchdog for 200 seconds at Sat Jan 18 06:45:39 UTC 2020
2 ms. Memory: 55296K Free: 35200K (64%)
ptolemy.util.test.WatchDog.cancel(): canceling Sat Jan 18 06:45:39 UTC 2020
auto.tcl: Setting watchdog for 200 seconds at Sat Jan 18 06:45:39 UTC 2020
2 ms. Memory: 55296K Free: 34323K (62%)
ptolemy.util.test.WatchDog.cancel(): canceling Sat Jan 18 06:45:39 UTC 2020
------------------ testing $PTII/ptolemy/domains/de/test/auto/transferInputsandOutputs.xml
auto.tcl: Setting watchdog for 200 seconds at Sat Jan 18 06:45:39 UTC 2020
4 ms. Memory: 55296K Free: 32782K (59%)
ptolemy.util.test.WatchDog.cancel(): canceling Sat Jan 18 06:45:39 UTC 2020
auto.tcl: Setting watchdog for 200 seconds at Sat Jan 18 06:45:39 UTC 2020
2 ms. Memory: 55296K Free: 31758K (57%)
ptolemy.util.test.WatchDog.cancel(): canceling Sat Jan 18 06:45:39 UTC 2020
------------------ testing $PTII/ptolemy/domains/de/test/auto/triggerType.xml
auto.tcl: Setting watchdog for 200 seconds at Sat Jan 18 06:45:39 UTC 2020
2 ms. Memory: 55296K Free: 35807K (65%)
ptolemy.util.test.WatchDog.cancel(): canceling Sat Jan 18 06:45:39 UTC 2020
auto.tcl: Setting watchdog for 200 seconds at Sat Jan 18 06:45:39 UTC 2020
2 ms. Memory: 55296K Free: 34783K (63%)
ptolemy.util.test.WatchDog.cancel(): canceling Sat Jan 18 06:45:39 UTC 2020
01/18/20 06:45:39
Failed: 0  Total Tests: 192  ((Passed: 187, Newly Passed: 1)  Known Failed: 5) /home/travis/build/icyphy/ptII/ptolemy/domains/de/test
01/18/20 06:45:39
Failed: 0  Total Tests: 192  ((Passed: 187, Newly Passed: 1)  Known Failed: 5) /home/travis/build/icyphy/ptII/ptolemy/domains/de/test
----------------- testing (KnownFailure) /home/travis/build/icyphy/ptII/ptolemy/domains/de/test/auto/knownFailedTests/DESDFClockTest.xml
2012 ms. Memory: 55296K Free: 29202K (53%)
Known Failure: java.lang.reflect.InvocationTargetException
----------------- testing (KnownFailure) /home/travis/build/icyphy/ptII/ptolemy/domains/de/test/auto/knownFailedTests/DirectFeedback.xml
2 ms. Memory: 55296K Free: 25106K (45%)
Known Failure: java.lang.reflect.InvocationTargetException
----------------- testing (KnownFailure) /home/travis/build/icyphy/ptII/ptolemy/domains/de/test/auto/knownFailedTests/FSMSource.xml
13 ms. Memory: 55296K Free: 16900K (31%)
----------------- testing (KnownFailure) /home/travis/build/icyphy/ptII/ptolemy/domains/de/test/auto/knownFailedTests/HierarchicalModel.xml
5 ms. Memory: 55296K Free: 31901K (58%)
Known Failure: java.lang.reflect.InvocationTargetException
----------------- testing (KnownFailure) /home/travis/build/icyphy/ptII/ptolemy/domains/de/test/auto/knownFailedTests/dependencyLoop.xml
2 ms. Memory: 55296K Free: 16258K (29%)
Known Failure: java.lang.reflect.InvocationTargetException
----------------- testing (KnownFailure) /home/travis/build/icyphy/ptII/ptolemy/domains/de/test/auto/knownFailedTests/dependencyLoop2.xml
6 ms. Memory: 55296K Free: 32250K (58%)
Known Failure: java.lang.reflect.InvocationTargetException
No auto/linux-amd64/*.xml tests in /home/travis/build/icyphy/ptII/ptolemy/domains/de/test
AutoTests.java: About to close Vertx.
AutoTests.java: Vertx closed.

===========================================================================================
----------------- testing Sat Jan 18 06:45:42 UTC 2020 /home/travis/build/icyphy/ptII/ptolemy/domains/de/test/auto/ActorDepthCalculation_actorWithoutPorts.xml
----------------- Instantiating /home/travis/build/icyphy/ptII/ptolemy/domains/de/test/auto/ActorDepthCalculation_actorWithoutPorts.xml
2 ms. Memory: 55296K Free: 25450K (46%)
----------------- Invoking toplevel() on ptolemy.moml.MoMLSimpleApplication@406d638a
----------------- Done invoking toplevel() on ptolemy.moml.MoMLSimpleApplication@406d638a
reloadAllAccessors: .ActorDepthCalculation_actorWithoutPorts

===========================================================================================
----------------- testing Sat Jan 18 06:45:42 UTC 2020 /home/travis/build/icyphy/ptII/ptolemy/domains/de/test/auto/AssemblyLine.xml
----------------- Instantiating /home/travis/build/icyphy/ptII/ptolemy/domains/de/test/auto/AssemblyLine.xml
2 ms. Memory: 55296K Free: 18583K (34%)
----------------- Invoking toplevel() on ptolemy.moml.MoMLSimpleApplication@4c21b793
----------------- Done invoking toplevel() on ptolemy.moml.MoMLSimpleApplication@4c21b793
reloadAllAccessors: .AssemblyLine

===========================================================================================
----------------- testing Sat Jan 18 06:45:42 UTC 2020 /home/travis/build/icyphy/ptII/ptolemy/domains/de/test/auto/CQBug1.xml
----------------- Instantiating /home/travis/build/icyphy/ptII/ptolemy/domains/de/test/auto/CQBug1.xml
1 ms. Memory: 55296K Free: 15212K (28%)
----------------- Invoking toplevel() on ptolemy.moml.MoMLSimpleApplication@789429c5
----------------- Done invoking toplevel() on ptolemy.moml.MoMLSimpleApplication@789429c5
reloadAllAccessors: .CQBug1

===========================================================================================
----------------- testing Sat Jan 18 06:45:42 UTC 2020 /home/travis/build/icyphy/ptII/ptolemy/domains/de/test/auto/CancelFireAt.xml
----------------- Instantiating /home/travis/build/icyphy/ptII/ptolemy/domains/de/test/auto/CancelFireAt.xml
1 ms. Memory: 55296K Free: 12794K (23%)
----------------- Invoking toplevel() on ptolemy.moml.MoMLSimpleApplication@692463e7
----------------- Done invoking toplevel() on ptolemy.moml.MoMLSimpleApplication@692463e7
reloadAllAccessors: .CancelFireAt

===========================================================================================
----------------- testing Sat Jan 18 06:45:42 UTC 2020 /home/travis/build/icyphy/ptII/ptolemy/domains/de/test/auto/CausalityAndComposabilityAnalysis.xml
----------------- Instantiating /home/travis/build/icyphy/ptII/ptolemy/domains/de/test/auto/CausalityAndComposabilityAnalysis.xml
1 ms. Memory: 55296K Free: 8704K (16%)
----------------- Invoking toplevel() on ptolemy.moml.MoMLSimpleApplication@5b327595
----------------- Done invoking toplevel() on ptolemy.moml.MoMLSimpleApplication@5b327595
reloadAllAccessors: .CausalityAndComposabilityAnalysis

===========================================================================================
----------------- testing Sat Jan 18 06:45:42 UTC 2020 /home/travis/build/icyphy/ptII/ptolemy/domains/de/test/auto/CausalityInterface1.xml
----------------- Instantiating /home/travis/build/icyphy/ptII/ptolemy/domains/de/test/auto/CausalityInterface1.xml
5 ms. Memory: 55296K Free: 34932K (63%)
----------------- Invoking toplevel() on ptolemy.moml.MoMLSimpleApplication@22a1a435
----------------- Done invoking toplevel() on ptolemy.moml.MoMLSimpleApplication@22a1a435
reloadAllAccessors: .CausalityInterface1

===========================================================================================
----------------- testing Sat Jan 18 06:45:42 UTC 2020 /home/travis/build/icyphy/ptII/ptolemy/domains/de/test/auto/CausalityInterface15.xml
----------------- Instantiating /home/travis/build/icyphy/ptII/ptolemy/domains/de/test/auto/CausalityInterface15.xml
2 ms. Memory: 55296K Free: 29535K (53%)
----------------- Invoking toplevel() on ptolemy.moml.MoMLSimpleApplication@4f50ed34
----------------- Done invoking toplevel() on ptolemy.moml.MoMLSimpleApplication@4f50ed34
reloadAllAccessors: .CausalityInterface15

===========================================================================================
----------------- testing Sat Jan 18 06:45:42 UTC 2020 /home/travis/build/icyphy/ptII/ptolemy/domains/de/test/auto/CausalityInterface2.xml
----------------- Instantiating /home/travis/build/icyphy/ptII/ptolemy/domains/de/test/auto/CausalityInterface2.xml
2 ms. Memory: 55296K Free: 24724K (45%)
----------------- Invoking toplevel() on ptolemy.moml.MoMLSimpleApplication@419f3dd1
----------------- Done invoking toplevel() on ptolemy.moml.MoMLSimpleApplication@419f3dd1
reloadAllAccessors: .CausalityInterface2

===========================================================================================
----------------- testing Sat Jan 18 06:45:42 UTC 2020 /home/travis/build/icyphy/ptII/ptolemy/domains/de/test/auto/CausalityInterface3.xml
----------------- Instantiating /home/travis/build/icyphy/ptII/ptolemy/domains/de/test/auto/CausalityInterface3.xml
2 ms. Memory: 55296K Free: 19920K (36%)
----------------- Invoking toplevel() on ptolemy.moml.MoMLSimpleApplication@4758677a
----------------- Done invoking toplevel() on ptolemy.moml.MoMLSimpleApplication@4758677a
reloadAllAccessors: .CausalityInterface3

===========================================================================================
----------------- testing Sat Jan 18 06:45:42 UTC 2020 /home/travis/build/icyphy/ptII/ptolemy/domains/de/test/auto/ClockDrift.xml
----------------- Instantiating /home/travis/build/icyphy/ptII/ptolemy/domains/de/test/auto/ClockDrift.xml
16 ms. Memory: 55296K Free: 38359K (69%)
----------------- Invoking toplevel() on ptolemy.moml.MoMLSimpleApplication@6b4f2278
----------------- Done invoking toplevel() on ptolemy.moml.MoMLSimpleApplication@6b4f2278
reloadAllAccessors: .ClockDrift

===========================================================================================
----------------- testing Sat Jan 18 06:45:42 UTC 2020 /home/travis/build/icyphy/ptII/ptolemy/domains/de/test/auto/ClockDriftAndValueChange.xml
----------------- Instantiating /home/travis/build/icyphy/ptII/ptolemy/domains/de/test/auto/ClockDriftAndValueChange.xml
10 ms. Memory: 55296K Free: 26443K (48%)
----------------- Invoking toplevel() on ptolemy.moml.MoMLSimpleApplication@76f069f6
----------------- Done invoking toplevel() on ptolemy.moml.MoMLSimpleApplication@76f069f6
reloadAllAccessors: .ClockDriftAndValueChange

===========================================================================================
----------------- testing Sat Jan 18 06:45:42 UTC 2020 /home/travis/build/icyphy/ptII/ptolemy/domains/de/test/auto/ClockDriftChange.xml
----------------- Instantiating /home/travis/build/icyphy/ptII/ptolemy/domains/de/test/auto/ClockDriftChange.xml
9 ms. Memory: 55296K Free: 16613K (30%)
----------------- Invoking toplevel() on ptolemy.moml.MoMLSimpleApplication@61febf85
----------------- Done invoking toplevel() on ptolemy.moml.MoMLSimpleApplication@61febf85
reloadAllAccessors: .ClockDriftChange

===========================================================================================
----------------- testing Sat Jan 18 06:45:42 UTC 2020 /home/travis/build/icyphy/ptII/ptolemy/domains/de/test/auto/ComposableCausalityAnalysis.xml
----------------- Instantiating /home/travis/build/icyphy/ptII/ptolemy/domains/de/test/auto/ComposableCausalityAnalysis.xml
1 ms. Memory: 55296K Free: 10989K (20%)
----------------- Invoking toplevel() on ptolemy.moml.MoMLSimpleApplication@c57b9d1
----------------- Done invoking toplevel() on ptolemy.moml.MoMLSimpleApplication@c57b9d1
reloadAllAccessors: .ComposableCausalityAnalysis

===========================================================================================
----------------- testing Sat Jan 18 06:45:42 UTC 2020 /home/travis/build/icyphy/ptII/ptolemy/domains/de/test/auto/DEFixedPointLimitation.xml
----------------- Instantiating /home/travis/build/icyphy/ptII/ptolemy/domains/de/test/auto/DEFixedPointLimitation.xml
1 ms. Memory: 55296K Free: 37079K (67%)
----------------- Invoking toplevel() on ptolemy.moml.MoMLSimpleApplication@7b7a224
----------------- Done invoking toplevel() on ptolemy.moml.MoMLSimpleApplication@7b7a224
reloadAllAccessors: .DEFixedPointLimitation

===========================================================================================
----------------- testing Sat Jan 18 06:45:42 UTC 2020 /home/travis/build/icyphy/ptII/ptolemy/domains/de/test/auto/DEScheduleTest.xml
----------------- Instantiating /home/travis/build/icyphy/ptII/ptolemy/domains/de/test/auto/DEScheduleTest.xml
2 ms. Memory: 55296K Free: 32825K (59%)
----------------- Invoking toplevel() on ptolemy.moml.MoMLSimpleApplication@2e1aa49a
----------------- Done invoking toplevel() on ptolemy.moml.MoMLSimpleApplication@2e1aa49a
reloadAllAccessors: .DEScheduleTest

===========================================================================================
----------------- testing Sat Jan 18 06:45:42 UTC 2020 /home/travis/build/icyphy/ptII/ptolemy/domains/de/test/auto/DEinDEwithStartTimes.xml
----------------- Instantiating /home/travis/build/icyphy/ptII/ptolemy/domains/de/test/auto/DEinDEwithStartTimes.xml
2 ms. Memory: 55296K Free: 26885K (49%)
----------------- Invoking toplevel() on ptolemy.moml.MoMLSimpleApplication@fbb0e43
----------------- Done invoking toplevel() on ptolemy.moml.MoMLSimpleApplication@fbb0e43
reloadAllAccessors: .DEinDEwithStartTimes

===========================================================================================
----------------- testing Sat Jan 18 06:45:42 UTC 2020 /home/travis/build/icyphy/ptII/ptolemy/domains/de/test/auto/DEinDEwithStartTimes2.xml
----------------- Instantiating /home/travis/build/icyphy/ptII/ptolemy/domains/de/test/auto/DEinDEwithStartTimes2.xml
2 ms. Memory: 55296K Free: 20329K (37%)
----------------- Invoking toplevel() on ptolemy.moml.MoMLSimpleApplication@cbf383c
----------------- Done invoking toplevel() on ptolemy.moml.MoMLSimpleApplication@cbf383c
reloadAllAccessors: .DEinDEwithStartTimes2

===========================================================================================
----------------- testing Sat Jan 18 06:45:42 UTC 2020 /home/travis/build/icyphy/ptII/ptolemy/domains/de/test/auto/DateDemo.xml
----------------- Instantiating /home/travis/build/icyphy/ptII/ptolemy/domains/de/test/auto/DateDemo.xml
21 ms. Memory: 55296K Free: 38863K (70%)
----------------- Invoking toplevel() on ptolemy.moml.MoMLSimpleApplication@21b84f4
----------------- Done invoking toplevel() on ptolemy.moml.MoMLSimpleApplication@21b84f4
reloadAllAccessors: .DateDemo

===========================================================================================
----------------- testing Sat Jan 18 06:45:42 UTC 2020 /home/travis/build/icyphy/ptII/ptolemy/domains/de/test/auto/DateToEvent.xml
----------------- Instantiating /home/travis/build/icyphy/ptII/ptolemy/domains/de/test/auto/DateToEvent.xml
2004 ms. Memory: 55296K Free: 22763K (41%)
----------------- Invoking toplevel() on ptolemy.moml.MoMLSimpleApplication@39947bd7
----------------- Done invoking toplevel() on ptolemy.moml.MoMLSimpleApplication@39947bd7
reloadAllAccessors: .DateToEvent

===========================================================================================
----------------- testing Sat Jan 18 06:45:44 UTC 2020 /home/travis/build/icyphy/ptII/ptolemy/domains/de/test/auto/DepthTest1.xml
----------------- Instantiating /home/travis/build/icyphy/ptII/ptolemy/domains/de/test/auto/DepthTest1.xml
9 ms. Memory: 55296K Free: 19891K (36%)
----------------- Invoking toplevel() on ptolemy.moml.MoMLSimpleApplication@1fcee527
----------------- Done invoking toplevel() on ptolemy.moml.MoMLSimpleApplication@1fcee527
reloadAllAccessors: .DepthTest1

===========================================================================================
----------------- testing Sat Jan 18 06:45:44 UTC 2020 /home/travis/build/icyphy/ptII/ptolemy/domains/de/test/auto/DepthTest2.xml
----------------- Instantiating /home/travis/build/icyphy/ptII/ptolemy/domains/de/test/auto/DepthTest2.xml
2 ms. Memory: 55296K Free: 13311K (24%)
----------------- Invoking toplevel() on ptolemy.moml.MoMLSimpleApplication@434ee6d3
----------------- Done invoking toplevel() on ptolemy.moml.MoMLSimpleApplication@434ee6d3
reloadAllAccessors: .DepthTest2

===========================================================================================
----------------- testing Sat Jan 18 06:45:44 UTC 2020 /home/travis/build/icyphy/ptII/ptolemy/domains/de/test/auto/DepthTest3.xml
----------------- Instantiating /home/travis/build/icyphy/ptII/ptolemy/domains/de/test/auto/DepthTest3.xml
1 ms. Memory: 55296K Free: 10199K (18%)
----------------- Invoking toplevel() on ptolemy.moml.MoMLSimpleApplication@66a7eaa4
----------------- Done invoking toplevel() on ptolemy.moml.MoMLSimpleApplication@66a7eaa4
reloadAllAccessors: .DepthTest3

===========================================================================================
----------------- testing Sat Jan 18 06:45:44 UTC 2020 /home/travis/build/icyphy/ptII/ptolemy/domains/de/test/auto/DepthTest4.xml
----------------- Instantiating /home/travis/build/icyphy/ptII/ptolemy/domains/de/test/auto/DepthTest4.xml
1 ms. Memory: 55296K Free: 35200K (64%)
----------------- Invoking toplevel() on ptolemy.moml.MoMLSimpleApplication@3ff90f6
----------------- Done invoking toplevel() on ptolemy.moml.MoMLSimpleApplication@3ff90f6
reloadAllAccessors: .DepthTest4

===========================================================================================
----------------- testing Sat Jan 18 06:45:44 UTC 2020 /home/travis/build/icyphy/ptII/ptolemy/domains/de/test/auto/DepthTest5.xml
----------------- Instantiating /home/travis/build/icyphy/ptII/ptolemy/domains/de/test/auto/DepthTest5.xml
1 ms. Memory: 55296K Free: 29866K (54%)
----------------- Invoking toplevel() on ptolemy.moml.MoMLSimpleApplication@5d87e182
----------------- Done invoking toplevel() on ptolemy.moml.MoMLSimpleApplication@5d87e182
reloadAllAccessors: .DepthTest5

===========================================================================================
----------------- testing Sat Jan 18 06:45:44 UTC 2020 /home/travis/build/icyphy/ptII/ptolemy/domains/de/test/auto/DepthTest6.xml
----------------- Instantiating /home/travis/build/icyphy/ptII/ptolemy/domains/de/test/auto/DepthTest6.xml
2 ms. Memory: 55296K Free: 24534K (44%)
----------------- Invoking toplevel() on ptolemy.moml.MoMLSimpleApplication@2fc83cb3
----------------- Done invoking toplevel() on ptolemy.moml.MoMLSimpleApplication@2fc83cb3
reloadAllAccessors: .DepthTest6

===========================================================================================
----------------- testing Sat Jan 18 06:45:44 UTC 2020 /home/travis/build/icyphy/ptII/ptolemy/domains/de/test/auto/DepthTest7.xml
----------------- Instantiating /home/travis/build/icyphy/ptII/ptolemy/domains/de/test/auto/DepthTest7.xml
2 ms. Memory: 55296K Free: 19642K (36%)
----------------- Invoking toplevel() on ptolemy.moml.MoMLSimpleApplication@65c3dcd0
----------------- Done invoking toplevel() on ptolemy.moml.MoMLSimpleApplication@65c3dcd0
reloadAllAccessors: .DepthTest7

===========================================================================================
----------------- testing Sat Jan 18 06:45:44 UTC 2020 /home/travis/build/icyphy/ptII/ptolemy/domains/de/test/auto/EventToDate.xml
----------------- Instantiating /home/travis/build/icyphy/ptII/ptolemy/domains/de/test/auto/EventToDate.xml
3011 ms. Memory: 55296K Free: 35721K (65%)
----------------- Invoking toplevel() on ptolemy.moml.MoMLSimpleApplication@374eb249
----------------- Done invoking toplevel() on ptolemy.moml.MoMLSimpleApplication@374eb249
reloadAllAccessors: .EventToDate

===========================================================================================
----------------- testing Sat Jan 18 06:45:47 UTC 2020 /home/travis/build/icyphy/ptII/ptolemy/domains/de/test/auto/FSM1.xml
----------------- Instantiating /home/travis/build/icyphy/ptII/ptolemy/domains/de/test/auto/FSM1.xml
17 ms. Memory: 55296K Free: 23609K (43%)
----------------- Invoking toplevel() on ptolemy.moml.MoMLSimpleApplication@48337072
----------------- Done invoking toplevel() on ptolemy.moml.MoMLSimpleApplication@48337072
reloadAllAccessors: .FSM1

===========================================================================================
----------------- testing Sat Jan 18 06:45:47 UTC 2020 /home/travis/build/icyphy/ptII/ptolemy/domains/de/test/auto/FSM7.xml
----------------- Instantiating /home/travis/build/icyphy/ptII/ptolemy/domains/de/test/auto/FSM7.xml
20 ms. Memory: 55296K Free: 11099K (20%)
----------------- Invoking toplevel() on ptolemy.moml.MoMLSimpleApplication@26dcc5e8
----------------- Done invoking toplevel() on ptolemy.moml.MoMLSimpleApplication@26dcc5e8
reloadAllAccessors: .FSM7

===========================================================================================
----------------- testing Sat Jan 18 06:45:47 UTC 2020 /home/travis/build/icyphy/ptII/ptolemy/domains/de/test/auto/Inspection.xml
----------------- Instantiating /home/travis/build/icyphy/ptII/ptolemy/domains/de/test/auto/Inspection.xml
13 ms. Memory: 55296K Free: 28889K (52%)
----------------- Invoking toplevel() on ptolemy.moml.MoMLSimpleApplication@4a9d4a5f
----------------- Done invoking toplevel() on ptolemy.moml.MoMLSimpleApplication@4a9d4a5f
reloadAllAccessors: .Inspection

===========================================================================================
----------------- testing Sat Jan 18 06:45:47 UTC 2020 /home/travis/build/icyphy/ptII/ptolemy/domains/de/test/auto/Iteration.xml
----------------- Instantiating /home/travis/build/icyphy/ptII/ptolemy/domains/de/test/auto/Iteration.xml
11 ms. Memory: 55296K Free: 21921K (40%)
----------------- Invoking toplevel() on ptolemy.moml.MoMLSimpleApplication@52574b24
----------------- Done invoking toplevel() on ptolemy.moml.MoMLSimpleApplication@52574b24
reloadAllAccessors: .Iteration

===========================================================================================
----------------- testing Sat Jan 18 06:45:47 UTC 2020 /home/travis/build/icyphy/ptII/ptolemy/domains/de/test/auto/LineFault.xml
----------------- Instantiating /home/travis/build/icyphy/ptII/ptolemy/domains/de/test/auto/LineFault.xml
410 ms. Memory: 55296K Free: 22313K (40%)
----------------- Invoking toplevel() on ptolemy.moml.MoMLSimpleApplication@653db29e
----------------- Done invoking toplevel() on ptolemy.moml.MoMLSimpleApplication@653db29e
reloadAllAccessors: .LineFault

===========================================================================================
----------------- testing Sat Jan 18 06:45:48 UTC 2020 /home/travis/build/icyphy/ptII/ptolemy/domains/de/test/auto/MergeModel1Add.xml
----------------- Instantiating /home/travis/build/icyphy/ptII/ptolemy/domains/de/test/auto/MergeModel1Add.xml
6 ms. Memory: 55296K Free: 32759K (59%)
----------------- Invoking toplevel() on ptolemy.moml.MoMLSimpleApplication@777e3682
----------------- Done invoking toplevel() on ptolemy.moml.MoMLSimpleApplication@777e3682
reloadAllAccessors: .MergeModel1Add

===========================================================================================
----------------- testing Sat Jan 18 06:45:48 UTC 2020 /home/travis/build/icyphy/ptII/ptolemy/domains/de/test/auto/MergeModel2Add.xml
----------------- Instantiating /home/travis/build/icyphy/ptII/ptolemy/domains/de/test/auto/MergeModel2Add.xml
5 ms. Memory: 55296K Free: 14605K (26%)
----------------- Invoking toplevel() on ptolemy.moml.MoMLSimpleApplication@234418af
----------------- Done invoking toplevel() on ptolemy.moml.MoMLSimpleApplication@234418af
reloadAllAccessors: .MergeModel2Add

===========================================================================================
----------------- testing Sat Jan 18 06:45:48 UTC 2020 /home/travis/build/icyphy/ptII/ptolemy/domains/de/test/auto/MergeModel3Add.xml
----------------- Instantiating /home/travis/build/icyphy/ptII/ptolemy/domains/de/test/auto/MergeModel3Add.xml
4 ms. Memory: 55296K Free: 24943K (45%)
----------------- Invoking toplevel() on ptolemy.moml.MoMLSimpleApplication@77be6523
----------------- Done invoking toplevel() on ptolemy.moml.MoMLSimpleApplication@77be6523
reloadAllAccessors: .MergeModel3Add

===========================================================================================
----------------- testing Sat Jan 18 06:45:48 UTC 2020 /home/travis/build/icyphy/ptII/ptolemy/domains/de/test/auto/MergeWithoutDiscard.xml
----------------- Instantiating /home/travis/build/icyphy/ptII/ptolemy/domains/de/test/auto/MergeWithoutDiscard.xml
1 ms. Memory: 55296K Free: 20777K (38%)
----------------- Invoking toplevel() on ptolemy.moml.MoMLSimpleApplication@131e8ebb
----------------- Done invoking toplevel() on ptolemy.moml.MoMLSimpleApplication@131e8ebb
reloadAllAccessors: .MergeWithoutDiscard

===========================================================================================
----------------- testing Sat Jan 18 06:45:48 UTC 2020 /home/travis/build/icyphy/ptII/ptolemy/domains/de/test/auto/Modal1.xml
----------------- Instantiating /home/travis/build/icyphy/ptII/ptolemy/domains/de/test/auto/Modal1.xml
15 ms. Memory: 55296K Free: 36419K (66%)
----------------- Invoking toplevel() on ptolemy.moml.MoMLSimpleApplication@658ba576
----------------- Done invoking toplevel() on ptolemy.moml.MoMLSimpleApplication@658ba576
reloadAllAccessors: .Modal1

===========================================================================================
----------------- testing Sat Jan 18 06:45:48 UTC 2020 /home/travis/build/icyphy/ptII/ptolemy/domains/de/test/auto/Modal2.xml
----------------- Instantiating /home/travis/build/icyphy/ptII/ptolemy/domains/de/test/auto/Modal2.xml
8 ms. Memory: 55296K Free: 24158K (44%)
----------------- Invoking toplevel() on ptolemy.moml.MoMLSimpleApplication@67bf712b
----------------- Done invoking toplevel() on ptolemy.moml.MoMLSimpleApplication@67bf712b
reloadAllAccessors: .Modal2

===========================================================================================
----------------- testing Sat Jan 18 06:45:48 UTC 2020 /home/travis/build/icyphy/ptII/ptolemy/domains/de/test/auto/Modal3.xml
----------------- Instantiating /home/travis/build/icyphy/ptII/ptolemy/domains/de/test/auto/Modal3.xml
10 ms. Memory: 55296K Free: 11853K (21%)
----------------- Invoking toplevel() on ptolemy.moml.MoMLSimpleApplication@51f1acd2
----------------- Done invoking toplevel() on ptolemy.moml.MoMLSimpleApplication@51f1acd2
reloadAllAccessors: .Modal3

===========================================================================================
----------------- testing Sat Jan 18 06:45:48 UTC 2020 /home/travis/build/icyphy/ptII/ptolemy/domains/de/test/auto/Modal4.xml
----------------- Instantiating /home/travis/build/icyphy/ptII/ptolemy/domains/de/test/auto/Modal4.xml
10 ms. Memory: 55296K Free: 26401K (48%)
----------------- Invoking toplevel() on ptolemy.moml.MoMLSimpleApplication@918c15e
----------------- Done invoking toplevel() on ptolemy.moml.MoMLSimpleApplication@918c15e
reloadAllAccessors: .Modal4

===========================================================================================
----------------- testing Sat Jan 18 06:45:48 UTC 2020 /home/travis/build/icyphy/ptII/ptolemy/domains/de/test/auto/Modal5.xml
----------------- Instantiating /home/travis/build/icyphy/ptII/ptolemy/domains/de/test/auto/Modal5.xml
8 ms. Memory: 55296K Free: 13442K (24%)
----------------- Invoking toplevel() on ptolemy.moml.MoMLSimpleApplication@6d7fe56d
----------------- Done invoking toplevel() on ptolemy.moml.MoMLSimpleApplication@6d7fe56d
reloadAllAccessors: .Modal5

===========================================================================================
----------------- testing Sat Jan 18 06:45:48 UTC 2020 /home/travis/build/icyphy/ptII/ptolemy/domains/de/test/auto/Modal6.xml
----------------- Instantiating /home/travis/build/icyphy/ptII/ptolemy/domains/de/test/auto/Modal6.xml
9 ms. Memory: 55296K Free: 28725K (52%)
----------------- Invoking toplevel() on ptolemy.moml.MoMLSimpleApplication@36c89c47
----------------- Done invoking toplevel() on ptolemy.moml.MoMLSimpleApplication@36c89c47
reloadAllAccessors: .Modal6

===========================================================================================
----------------- testing Sat Jan 18 06:45:48 UTC 2020 /home/travis/build/icyphy/ptII/ptolemy/domains/de/test/auto/Modal7.xml
----------------- Instantiating /home/travis/build/icyphy/ptII/ptolemy/domains/de/test/auto/Modal7.xml
7 ms. Memory: 55296K Free: 15597K (28%)
----------------- Invoking toplevel() on ptolemy.moml.MoMLSimpleApplication@4aab5632
----------------- Done invoking toplevel() on ptolemy.moml.MoMLSimpleApplication@4aab5632
reloadAllAccessors: .Modal7

===========================================================================================
----------------- testing Sat Jan 18 06:45:48 UTC 2020 /home/travis/build/icyphy/ptII/ptolemy/domains/de/test/auto/ModalModel.xml
----------------- Instantiating /home/travis/build/icyphy/ptII/ptolemy/domains/de/test/auto/ModalModel.xml
130 ms. Memory: 55296K Free: 30509K (55%)
----------------- Invoking toplevel() on ptolemy.moml.MoMLSimpleApplication@2c830c82
----------------- Done invoking toplevel() on ptolemy.moml.MoMLSimpleApplication@2c830c82
reloadAllAccessors: .ModalModel

===========================================================================================
----------------- testing Sat Jan 18 06:45:48 UTC 2020 /home/travis/build/icyphy/ptII/ptolemy/domains/de/test/auto/ModalSource.xml
----------------- Instantiating /home/travis/build/icyphy/ptII/ptolemy/domains/de/test/auto/ModalSource.xml
4 ms. Memory: 55296K Free: 22360K (40%)
----------------- Invoking toplevel() on ptolemy.moml.MoMLSimpleApplication@60b2d2c5
----------------- Done invoking toplevel() on ptolemy.moml.MoMLSimpleApplication@60b2d2c5
reloadAllAccessors: .ModalSource

===========================================================================================
----------------- testing Sat Jan 18 06:45:48 UTC 2020 /home/travis/build/icyphy/ptII/ptolemy/domains/de/test/auto/NonInterruptibleTimerZeroDelay.xml
----------------- Instantiating /home/travis/build/icyphy/ptII/ptolemy/domains/de/test/auto/NonInterruptibleTimerZeroDelay.xml
1 ms. Memory: 55296K Free: 18620K (34%)
----------------- Invoking toplevel() on ptolemy.moml.MoMLSimpleApplication@23477c67
----------------- Done invoking toplevel() on ptolemy.moml.MoMLSimpleApplication@23477c67
reloadAllAccessors: .NonInterruptibleTimerZeroDelay

===========================================================================================
----------------- testing Sat Jan 18 06:45:48 UTC 2020 /home/travis/build/icyphy/ptII/ptolemy/domains/de/test/auto/OpenQueueingNetwork.xml
----------------- Instantiating /home/travis/build/icyphy/ptII/ptolemy/domains/de/test/auto/OpenQueueingNetwork.xml
2305 ms. Memory: 172032K Free: 154087K (90%)
----------------- Invoking toplevel() on ptolemy.moml.MoMLSimpleApplication@200ca1c1
----------------- Done invoking toplevel() on ptolemy.moml.MoMLSimpleApplication@200ca1c1
reloadAllAccessors: .OpenQueueingNetwork

===========================================================================================
----------------- testing Sat Jan 18 06:45:51 UTC 2020 /home/travis/build/icyphy/ptII/ptolemy/domains/de/test/auto/OpenQueuingNetwork.xml
----------------- Instantiating /home/travis/build/icyphy/ptII/ptolemy/domains/de/test/auto/OpenQueuingNetwork.xml
214 ms. Memory: 172032K Free: 77287K (45%)
----------------- Invoking toplevel() on ptolemy.moml.MoMLSimpleApplication@1088a7a
----------------- Done invoking toplevel() on ptolemy.moml.MoMLSimpleApplication@1088a7a
reloadAllAccessors: .OpenQueuingNetwork

===========================================================================================
----------------- testing Sat Jan 18 06:45:51 UTC 2020 /home/travis/build/icyphy/ptII/ptolemy/domains/de/test/auto/PeriodicSampler.xml
----------------- Instantiating /home/travis/build/icyphy/ptII/ptolemy/domains/de/test/auto/PeriodicSampler.xml
3 ms. Memory: 172032K Free: 73191K (43%)
----------------- Invoking toplevel() on ptolemy.moml.MoMLSimpleApplication@ded152a
----------------- Done invoking toplevel() on ptolemy.moml.MoMLSimpleApplication@ded152a
reloadAllAccessors: .PeriodicSampler

===========================================================================================
----------------- testing Sat Jan 18 06:45:51 UTC 2020 /home/travis/build/icyphy/ptII/ptolemy/domains/de/test/auto/PersistentIO.xml
----------------- Instantiating /home/travis/build/icyphy/ptII/ptolemy/domains/de/test/auto/PersistentIO.xml
8 ms. Memory: 172032K Free: 155040K (90%)
----------------- Invoking toplevel() on ptolemy.moml.MoMLSimpleApplication@77a09081
----------------- Done invoking toplevel() on ptolemy.moml.MoMLSimpleApplication@77a09081
reloadAllAccessors: .PersistentIO

===========================================================================================
----------------- testing Sat Jan 18 06:45:51 UTC 2020 /home/travis/build/icyphy/ptII/ptolemy/domains/de/test/auto/PortParameterResetOnInitialize.xml
----------------- Instantiating /home/travis/build/icyphy/ptII/ptolemy/domains/de/test/auto/PortParameterResetOnInitialize.xml
1 ms. Memory: 172032K Free: 150299K (87%)
----------------- Invoking toplevel() on ptolemy.moml.MoMLSimpleApplication@7b00b9d4
----------------- Done invoking toplevel() on ptolemy.moml.MoMLSimpleApplication@7b00b9d4
reloadAllAccessors: .PortParameterResetOnInitialize

===========================================================================================
----------------- testing Sat Jan 18 06:45:51 UTC 2020 /home/travis/build/icyphy/ptII/ptolemy/domains/de/test/auto/PortParameterUpdates.xml
----------------- Instantiating /home/travis/build/icyphy/ptII/ptolemy/domains/de/test/auto/PortParameterUpdates.xml
3 ms. Memory: 172032K Free: 143651K (84%)
----------------- Invoking toplevel() on ptolemy.moml.MoMLSimpleApplication@5e16fd04
----------------- Done invoking toplevel() on ptolemy.moml.MoMLSimpleApplication@5e16fd04
reloadAllAccessors: .PortParameterUpdates

===========================================================================================
----------------- testing Sat Jan 18 06:45:51 UTC 2020 /home/travis/build/icyphy/ptII/ptolemy/domains/de/test/auto/QueueAndServer.xml
----------------- Instantiating /home/travis/build/icyphy/ptII/ptolemy/domains/de/test/auto/QueueAndServer.xml
5 ms. Memory: 172032K Free: 135969K (79%)
----------------- Invoking toplevel() on ptolemy.moml.MoMLSimpleApplication@3a553cc5
----------------- Done invoking toplevel() on ptolemy.moml.MoMLSimpleApplication@3a553cc5
reloadAllAccessors: .QueueAndServer

===========================================================================================
----------------- testing Sat Jan 18 06:45:51 UTC 2020 /home/travis/build/icyphy/ptII/ptolemy/domains/de/test/auto/Records.xml
----------------- Instantiating /home/travis/build/icyphy/ptII/ptolemy/domains/de/test/auto/Records.xml
7 ms. Memory: 172032K Free: 130339K (76%)
----------------- Invoking toplevel() on ptolemy.moml.MoMLSimpleApplication@45fdd049
----------------- Done invoking toplevel() on ptolemy.moml.MoMLSimpleApplication@45fdd049
reloadAllAccessors: .Records

===========================================================================================
----------------- testing Sat Jan 18 06:45:51 UTC 2020 /home/travis/build/icyphy/ptII/ptolemy/domains/de/test/auto/ResetTransitionWithStartTime1.xml
----------------- Instantiating /home/travis/build/icyphy/ptII/ptolemy/domains/de/test/auto/ResetTransitionWithStartTime1.xml
6 ms. Memory: 172032K Free: 122147K (71%)
----------------- Invoking toplevel() on ptolemy.moml.MoMLSimpleApplication@28db0b3f
----------------- Done invoking toplevel() on ptolemy.moml.MoMLSimpleApplication@28db0b3f
reloadAllAccessors: .ResetTransitionWithStartTime1

===========================================================================================
----------------- testing Sat Jan 18 06:45:51 UTC 2020 /home/travis/build/icyphy/ptII/ptolemy/domains/de/test/auto/ResetTransitionWithStartTime2.xml
----------------- Instantiating /home/travis/build/icyphy/ptII/ptolemy/domains/de/test/auto/ResetTransitionWithStartTime2.xml
6 ms. Memory: 172032K Free: 113955K (66%)
----------------- Invoking toplevel() on ptolemy.moml.MoMLSimpleApplication@394f5a39
----------------- Done invoking toplevel() on ptolemy.moml.MoMLSimpleApplication@394f5a39
reloadAllAccessors: .ResetTransitionWithStartTime2

===========================================================================================
----------------- testing Sat Jan 18 06:45:51 UTC 2020 /home/travis/build/icyphy/ptII/ptolemy/domains/de/test/auto/ResetTransitionWithStartTime3.xml
----------------- Instantiating /home/travis/build/icyphy/ptII/ptolemy/domains/de/test/auto/ResetTransitionWithStartTime3.xml
5 ms. Memory: 172032K Free: 105763K (61%)
----------------- Invoking toplevel() on ptolemy.moml.MoMLSimpleApplication@2d96eff
----------------- Done invoking toplevel() on ptolemy.moml.MoMLSimpleApplication@2d96eff
reloadAllAccessors: .ResetTransitionWithStartTime3

===========================================================================================
----------------- testing Sat Jan 18 06:45:51 UTC 2020 /home/travis/build/icyphy/ptII/ptolemy/domains/de/test/auto/ResetTransitionWithStartTime4.xml
----------------- Instantiating /home/travis/build/icyphy/ptII/ptolemy/domains/de/test/auto/ResetTransitionWithStartTime4.xml
3 ms. Memory: 172032K Free: 98075K (57%)
----------------- Invoking toplevel() on ptolemy.moml.MoMLSimpleApplication@5eaaab0f
----------------- Done invoking toplevel() on ptolemy.moml.MoMLSimpleApplication@5eaaab0f
reloadAllAccessors: .ResetTransitionWithStartTime4

===========================================================================================
----------------- testing Sat Jan 18 06:45:51 UTC 2020 /home/travis/build/icyphy/ptII/ptolemy/domains/de/test/auto/ResettableTimer1.xml
----------------- Instantiating /home/travis/build/icyphy/ptII/ptolemy/domains/de/test/auto/ResettableTimer1.xml
2 ms. Memory: 172032K Free: 93955K (55%)
----------------- Invoking toplevel() on ptolemy.moml.MoMLSimpleApplication@159510ec
----------------- Done invoking toplevel() on ptolemy.moml.MoMLSimpleApplication@159510ec
reloadAllAccessors: .ResettableTimer1

===========================================================================================
----------------- testing Sat Jan 18 06:45:51 UTC 2020 /home/travis/build/icyphy/ptII/ptolemy/domains/de/test/auto/ResettableTimer2.xml
----------------- Instantiating /home/travis/build/icyphy/ptII/ptolemy/domains/de/test/auto/ResettableTimer2.xml
3 ms. Memory: 172032K Free: 89859K (52%)
----------------- Invoking toplevel() on ptolemy.moml.MoMLSimpleApplication@5a89324e
----------------- Done invoking toplevel() on ptolemy.moml.MoMLSimpleApplication@5a89324e
reloadAllAccessors: .ResettableTimer2

===========================================================================================
----------------- testing Sat Jan 18 06:45:51 UTC 2020 /home/travis/build/icyphy/ptII/ptolemy/domains/de/test/auto/ResettableTimer3.xml
----------------- Instantiating /home/travis/build/icyphy/ptII/ptolemy/domains/de/test/auto/ResettableTimer3.xml
1 ms. Memory: 172032K Free: 85793K (50%)
----------------- Invoking toplevel() on ptolemy.moml.MoMLSimpleApplication@600a5591
----------------- Done invoking toplevel() on ptolemy.moml.MoMLSimpleApplication@600a5591
reloadAllAccessors: .ResettableTimer3

===========================================================================================
----------------- testing Sat Jan 18 06:45:51 UTC 2020 /home/travis/build/icyphy/ptII/ptolemy/domains/de/test/auto/ResettableTimer4.xml
----------------- Instantiating /home/travis/build/icyphy/ptII/ptolemy/domains/de/test/auto/ResettableTimer4.xml
1 ms. Memory: 172032K Free: 81697K (47%)
----------------- Invoking toplevel() on ptolemy.moml.MoMLSimpleApplication@cfa8fe
----------------- Done invoking toplevel() on ptolemy.moml.MoMLSimpleApplication@cfa8fe
reloadAllAccessors: .ResettableTimer4

===========================================================================================
----------------- testing Sat Jan 18 06:45:51 UTC 2020 /home/travis/build/icyphy/ptII/ptolemy/domains/de/test/auto/ResettableTimer5.xml
----------------- Instantiating /home/travis/build/icyphy/ptII/ptolemy/domains/de/test/auto/ResettableTimer5.xml
1 ms. Memory: 172032K Free: 77587K (45%)
----------------- Invoking toplevel() on ptolemy.moml.MoMLSimpleApplication@23bde804
----------------- Done invoking toplevel() on ptolemy.moml.MoMLSimpleApplication@23bde804
reloadAllAccessors: .ResettableTimer5

===========================================================================================
----------------- testing Sat Jan 18 06:45:51 UTC 2020 /home/travis/build/icyphy/ptII/ptolemy/domains/de/test/auto/ResettableTimer6.xml
----------------- Instantiating /home/travis/build/icyphy/ptII/ptolemy/domains/de/test/auto/ResettableTimer6.xml
5 ms. Memory: 172032K Free: 72481K (42%)
----------------- Invoking toplevel() on ptolemy.moml.MoMLSimpleApplication@3c8713ae
----------------- Done invoking toplevel() on ptolemy.moml.MoMLSimpleApplication@3c8713ae
reloadAllAccessors: .ResettableTimer6

===========================================================================================
----------------- testing Sat Jan 18 06:45:51 UTC 2020 /home/travis/build/icyphy/ptII/ptolemy/domains/de/test/auto/ServerZeroDelay.xml
----------------- Instantiating /home/travis/build/icyphy/ptII/ptolemy/domains/de/test/auto/ServerZeroDelay.xml
2 ms. Memory: 172032K Free: 68371K (40%)
----------------- Invoking toplevel() on ptolemy.moml.MoMLSimpleApplication@74b05c2a
----------------- Done invoking toplevel() on ptolemy.moml.MoMLSimpleApplication@74b05c2a
reloadAllAccessors: .ServerZeroDelay

===========================================================================================
----------------- testing Sat Jan 18 06:45:51 UTC 2020 /home/travis/build/icyphy/ptII/ptolemy/domains/de/test/auto/SmartSender.xml
----------------- Instantiating /home/travis/build/icyphy/ptII/ptolemy/domains/de/test/auto/SmartSender.xml
3001 ms. Memory: 172032K Free: 64289K (37%)
----------------- Invoking toplevel() on ptolemy.moml.MoMLSimpleApplication@6d28ed13
----------------- Done invoking toplevel() on ptolemy.moml.MoMLSimpleApplication@6d28ed13
reloadAllAccessors: .SmartSender

===========================================================================================
----------------- testing Sat Jan 18 06:45:54 UTC 2020 /home/travis/build/icyphy/ptII/ptolemy/domains/de/test/auto/ThreadedComposite.xml
----------------- Instantiating /home/travis/build/icyphy/ptII/ptolemy/domains/de/test/auto/ThreadedComposite.xml
79 ms. Memory: 172032K Free: 138313K (80%)
----------------- Invoking toplevel() on ptolemy.moml.MoMLSimpleApplication@61c07621
----------------- Done invoking toplevel() on ptolemy.moml.MoMLSimpleApplication@61c07621
reloadAllAccessors: .ThreadedComposite

===========================================================================================
----------------- testing Sat Jan 18 06:45:54 UTC 2020 /home/travis/build/icyphy/ptII/ptolemy/domains/de/test/auto/Time.xml
----------------- Instantiating /home/travis/build/icyphy/ptII/ptolemy/domains/de/test/auto/Time.xml
343 ms. Memory: 172032K Free: 85575K (50%)
----------------- Invoking toplevel() on ptolemy.moml.MoMLSimpleApplication@1e3ef392
----------------- Done invoking toplevel() on ptolemy.moml.MoMLSimpleApplication@1e3ef392
reloadAllAccessors: .Time

===========================================================================================
----------------- testing Sat Jan 18 06:45:55 UTC 2020 /home/travis/build/icyphy/ptII/ptolemy/domains/de/test/auto/TimeDelayZeroDelay.xml
----------------- Instantiating /home/travis/build/icyphy/ptII/ptolemy/domains/de/test/auto/TimeDelayZeroDelay.xml
2 ms. Memory: 172032K Free: 81465K (47%)
----------------- Invoking toplevel() on ptolemy.moml.MoMLSimpleApplication@7e7a1c63
----------------- Done invoking toplevel() on ptolemy.moml.MoMLSimpleApplication@7e7a1c63
reloadAllAccessors: .TimeDelayZeroDelay

===========================================================================================
----------------- testing Sat Jan 18 06:45:55 UTC 2020 /home/travis/build/icyphy/ptII/ptolemy/domains/de/test/auto/TimerZeroDelay.xml
----------------- Instantiating /home/travis/build/icyphy/ptII/ptolemy/domains/de/test/auto/TimerZeroDelay.xml
2 ms. Memory: 172032K Free: 77353K (45%)
----------------- Invoking toplevel() on ptolemy.moml.MoMLSimpleApplication@28284084
----------------- Done invoking toplevel() on ptolemy.moml.MoMLSimpleApplication@28284084
reloadAllAccessors: .TimerZeroDelay

===========================================================================================
----------------- testing Sat Jan 18 06:45:55 UTC 2020 /home/travis/build/icyphy/ptII/ptolemy/domains/de/test/auto/TimingParadox.xml
----------------- Instantiating /home/travis/build/icyphy/ptII/ptolemy/domains/de/test/auto/TimingParadox.xml
244 ms. Memory: 172032K Free: 109641K (64%)
----------------- Invoking toplevel() on ptolemy.moml.MoMLSimpleApplication@7e15020e
----------------- Done invoking toplevel() on ptolemy.moml.MoMLSimpleApplication@7e15020e
reloadAllAccessors: .TimingParadox

===========================================================================================
----------------- testing Sat Jan 18 06:45:55 UTC 2020 /home/travis/build/icyphy/ptII/ptolemy/domains/de/test/auto/TransferInputs.xml
----------------- Instantiating /home/travis/build/icyphy/ptII/ptolemy/domains/de/test/auto/TransferInputs.xml
1 ms. Memory: 172032K Free: 105035K (61%)
----------------- Invoking toplevel() on ptolemy.moml.MoMLSimpleApplication@6810773a
----------------- Done invoking toplevel() on ptolemy.moml.MoMLSimpleApplication@6810773a
reloadAllAccessors: .TransferInputs

===========================================================================================
----------------- testing Sat Jan 18 06:45:55 UTC 2020 /home/travis/build/icyphy/ptII/ptolemy/domains/de/test/auto/TransferOutputs2.xml
----------------- Instantiating /home/travis/build/icyphy/ptII/ptolemy/domains/de/test/auto/TransferOutputs2.xml
2 ms. Memory: 172032K Free: 96843K (56%)
----------------- Invoking toplevel() on ptolemy.moml.MoMLSimpleApplication@912622a
----------------- Done invoking toplevel() on ptolemy.moml.MoMLSimpleApplication@912622a
reloadAllAccessors: .TransferOutputs2

===========================================================================================
----------------- testing Sat Jan 18 06:45:55 UTC 2020 /home/travis/build/icyphy/ptII/ptolemy/domains/de/test/auto/Trilateration.xml
----------------- Instantiating /home/travis/build/icyphy/ptII/ptolemy/domains/de/test/auto/Trilateration.xml
9740 ms. Memory: 416768K Free: 169862K (41%)
----------------- Invoking toplevel() on ptolemy.moml.MoMLSimpleApplication@5475a3b4
----------------- Done invoking toplevel() on ptolemy.moml.MoMLSimpleApplication@5475a3b4
reloadAllAccessors: .Trilateration

===========================================================================================
----------------- testing Sat Jan 18 06:46:06 UTC 2020 /home/travis/build/icyphy/ptII/ptolemy/domains/de/test/auto/TwoSigmaDelta.xml
----------------- Instantiating /home/travis/build/icyphy/ptII/ptolemy/domains/de/test/auto/TwoSigmaDelta.xml
1674 ms. Memory: 416768K Free: 209746K (50%)
----------------- Invoking toplevel() on ptolemy.moml.MoMLSimpleApplication@3e4e769f
----------------- Done invoking toplevel() on ptolemy.moml.MoMLSimpleApplication@3e4e769f
reloadAllAccessors: .TwoSigmaDelta

===========================================================================================
----------------- testing Sat Jan 18 06:46:07 UTC 2020 /home/travis/build/icyphy/ptII/ptolemy/domains/de/test/auto/VariableDelay.xml
----------------- Instantiating /home/travis/build/icyphy/ptII/ptolemy/domains/de/test/auto/VariableDelay.xml
2 ms. Memory: 416768K Free: 205105K (49%)
----------------- Invoking toplevel() on ptolemy.moml.MoMLSimpleApplication@5972d166
----------------- Done invoking toplevel() on ptolemy.moml.MoMLSimpleApplication@5972d166
reloadAllAccessors: .VariableDelay

===========================================================================================
----------------- testing Sat Jan 18 06:46:07 UTC 2020 /home/travis/build/icyphy/ptII/ptolemy/domains/de/test/auto/VariableDelay2.xml
----------------- Instantiating /home/travis/build/icyphy/ptII/ptolemy/domains/de/test/auto/VariableDelay2.xml
1 ms. Memory: 416768K Free: 200513K (48%)
----------------- Invoking toplevel() on ptolemy.moml.MoMLSimpleApplication@36ef1c7
----------------- Done invoking toplevel() on ptolemy.moml.MoMLSimpleApplication@36ef1c7
reloadAllAccessors: .VariableDelay2

===========================================================================================
----------------- testing Sat Jan 18 06:46:07 UTC 2020 /home/travis/build/icyphy/ptII/ptolemy/domains/de/test/auto/VariableDelayZeroDelay.xml
----------------- Instantiating /home/travis/build/icyphy/ptII/ptolemy/domains/de/test/auto/VariableDelayZeroDelay.xml
4 ms. Memory: 416768K Free: 196417K (47%)
----------------- Invoking toplevel() on ptolemy.moml.MoMLSimpleApplication@288e8709
----------------- Done invoking toplevel() on ptolemy.moml.MoMLSimpleApplication@288e8709
reloadAllAccessors: .VariableDelayZeroDelay

===========================================================================================
----------------- testing Sat Jan 18 06:46:07 UTC 2020 /home/travis/build/icyphy/ptII/ptolemy/domains/de/test/auto/VariableDelayZeroDelay2.xml
----------------- Instantiating /home/travis/build/icyphy/ptII/ptolemy/domains/de/test/auto/VariableDelayZeroDelay2.xml
1 ms. Memory: 416768K Free: 192321K (46%)
----------------- Invoking toplevel() on ptolemy.moml.MoMLSimpleApplication@164b0829
----------------- Done invoking toplevel() on ptolemy.moml.MoMLSimpleApplication@164b0829
reloadAllAccessors: .VariableDelayZeroDelay2

===========================================================================================
----------------- testing Sat Jan 18 06:46:07 UTC 2020 /home/travis/build/icyphy/ptII/ptolemy/domains/de/test/auto/deInCt.xml
----------------- Instantiating /home/travis/build/icyphy/ptII/ptolemy/domains/de/test/auto/deInCt.xml
0
1
1
1
1
0
0
1
1
1
1
1
1
0
0
0
1
1
1
0
0
0
0
1
1
1
0
0
1
1
0
0
0
1
1
1
0
0
1
1
1
0
0
0
0
5 ms. Memory: 416768K Free: 187201K (45%)
----------------- Invoking toplevel() on ptolemy.moml.MoMLSimpleApplication@41f05bf3
----------------- Done invoking toplevel() on ptolemy.moml.MoMLSimpleApplication@41f05bf3
reloadAllAccessors: .deInCt

===========================================================================================
----------------- testing Sat Jan 18 06:46:07 UTC 2020 /home/travis/build/icyphy/ptII/ptolemy/domains/de/test/auto/deInCt2.xml
----------------- Instantiating /home/travis/build/icyphy/ptII/ptolemy/domains/de/test/auto/deInCt2.xml
0
1
1
1
0
0
1
1
1
0
0
1
1
1
0
0
1
1
1
0
0
1
1
1
0
0
1
1
1
0
0
1
1
1
0
0
1
1
1
0
0
0
12 ms. Memory: 416768K Free: 182079K (44%)
----------------- Invoking toplevel() on ptolemy.moml.MoMLSimpleApplication@4035ca0e
----------------- Done invoking toplevel() on ptolemy.moml.MoMLSimpleApplication@4035ca0e
reloadAllAccessors: .deInCt2

===========================================================================================
----------------- testing Sat Jan 18 06:46:07 UTC 2020 /home/travis/build/icyphy/ptII/ptolemy/domains/de/test/auto/dynamicCausalityInterface1.xml
----------------- Instantiating /home/travis/build/icyphy/ptII/ptolemy/domains/de/test/auto/dynamicCausalityInterface1.xml
1 ms. Memory: 416768K Free: 172865K (41%)
----------------- Invoking toplevel() on ptolemy.moml.MoMLSimpleApplication@56b65e39
----------------- Done invoking toplevel() on ptolemy.moml.MoMLSimpleApplication@56b65e39
reloadAllAccessors: .dynamicCausalityInterface1

===========================================================================================
----------------- testing Sat Jan 18 06:46:07 UTC 2020 /home/travis/build/icyphy/ptII/ptolemy/domains/de/test/auto/fsm_de_test.xml
----------------- Instantiating /home/travis/build/icyphy/ptII/ptolemy/domains/de/test/auto/fsm_de_test.xml
6 ms. Memory: 416768K Free: 163649K (39%)
----------------- Invoking toplevel() on ptolemy.moml.MoMLSimpleApplication@5a054f99
----------------- Done invoking toplevel() on ptolemy.moml.MoMLSimpleApplication@5a054f99
reloadAllAccessors: .fsm_de_test

===========================================================================================
----------------- testing Sat Jan 18 06:46:07 UTC 2020 /home/travis/build/icyphy/ptII/ptolemy/domains/de/test/auto/functionDependencyReconstruction.xml
----------------- Instantiating /home/travis/build/icyphy/ptII/ptolemy/domains/de/test/auto/functionDependencyReconstruction.xml
2 ms. Memory: 416768K Free: 148793K (36%)
----------------- Invoking toplevel() on ptolemy.moml.MoMLSimpleApplication@26fce983
----------------- Done invoking toplevel() on ptolemy.moml.MoMLSimpleApplication@26fce983
reloadAllAccessors: .functionDependencyReconstruction

===========================================================================================
----------------- testing Sat Jan 18 06:46:07 UTC 2020 /home/travis/build/icyphy/ptII/ptolemy/domains/de/test/auto/multirate.xml
----------------- Instantiating /home/travis/build/icyphy/ptII/ptolemy/domains/de/test/auto/multirate.xml
3 ms. Memory: 416768K Free: 142145K (34%)
----------------- Invoking toplevel() on ptolemy.moml.MoMLSimpleApplication@3a8524e6
----------------- Done invoking toplevel() on ptolemy.moml.MoMLSimpleApplication@3a8524e6
reloadAllAccessors: .multirate

===========================================================================================
----------------- testing Sat Jan 18 06:46:07 UTC 2020 /home/travis/build/icyphy/ptII/ptolemy/domains/de/test/auto/multirate2.xml
----------------- Instantiating /home/travis/build/icyphy/ptII/ptolemy/domains/de/test/auto/multirate2.xml
4 ms. Memory: 500736K Free: 466456K (93%)
----------------- Invoking toplevel() on ptolemy.moml.MoMLSimpleApplication@7c781479
----------------- Done invoking toplevel() on ptolemy.moml.MoMLSimpleApplication@7c781479
reloadAllAccessors: .multirate2

===========================================================================================
----------------- testing Sat Jan 18 06:46:08 UTC 2020 /home/travis/build/icyphy/ptII/ptolemy/domains/de/test/auto/realtime.xml
----------------- Instantiating /home/travis/build/icyphy/ptII/ptolemy/domains/de/test/auto/realtime.xml
10003 ms. Memory: 500736K Free: 461350K (92%)
----------------- Invoking toplevel() on ptolemy.moml.MoMLSimpleApplication@7dd069d9
----------------- Done invoking toplevel() on ptolemy.moml.MoMLSimpleApplication@7dd069d9
reloadAllAccessors: .realtime

===========================================================================================
----------------- testing Sat Jan 18 06:46:18 UTC 2020 /home/travis/build/icyphy/ptII/ptolemy/domains/de/test/auto/relationGroup.xml
----------------- Instantiating /home/travis/build/icyphy/ptII/ptolemy/domains/de/test/auto/relationGroup.xml
2 ms. Memory: 500736K Free: 457768K (91%)
----------------- Invoking toplevel() on ptolemy.moml.MoMLSimpleApplication@1509f6d7
----------------- Done invoking toplevel() on ptolemy.moml.MoMLSimpleApplication@1509f6d7
reloadAllAccessors: .relationGroup

===========================================================================================
----------------- testing Sat Jan 18 06:46:18 UTC 2020 /home/travis/build/icyphy/ptII/ptolemy/domains/de/test/auto/relationGroup2.xml
----------------- Instantiating /home/travis/build/icyphy/ptII/ptolemy/domains/de/test/auto/relationGroup2.xml
1 ms. Memory: 500736K Free: 454182K (91%)
----------------- Invoking toplevel() on ptolemy.moml.MoMLSimpleApplication@5df2804d
----------------- Done invoking toplevel() on ptolemy.moml.MoMLSimpleApplication@5df2804d
reloadAllAccessors: .relationGroup2

===========================================================================================
----------------- testing Sat Jan 18 06:46:18 UTC 2020 /home/travis/build/icyphy/ptII/ptolemy/domains/de/test/auto/sortWithOpaquePorts.xml
----------------- Instantiating /home/travis/build/icyphy/ptII/ptolemy/domains/de/test/auto/sortWithOpaquePorts.xml
1 ms. Memory: 500736K Free: 449576K (90%)
----------------- Invoking toplevel() on ptolemy.moml.MoMLSimpleApplication@4702d3ce
----------------- Done invoking toplevel() on ptolemy.moml.MoMLSimpleApplication@4702d3ce
reloadAllAccessors: .sortWithOpaquePorts

===========================================================================================
----------------- testing Sat Jan 18 06:46:18 UTC 2020 /home/travis/build/icyphy/ptII/ptolemy/domains/de/test/auto/transferInputsandOutputs.xml
----------------- Instantiating /home/travis/build/icyphy/ptII/ptolemy/domains/de/test/auto/transferInputsandOutputs.xml
3 ms. Memory: 500736K Free: 442408K (88%)
----------------- Invoking toplevel() on ptolemy.moml.MoMLSimpleApplication@4c42a54f
----------------- Done invoking toplevel() on ptolemy.moml.MoMLSimpleApplication@4c42a54f
reloadAllAccessors: .transferInputsandOutputs

===========================================================================================
----------------- testing Sat Jan 18 06:46:18 UTC 2020 /home/travis/build/icyphy/ptII/ptolemy/domains/de/test/auto/triggerType.xml
----------------- Instantiating /home/travis/build/icyphy/ptII/ptolemy/domains/de/test/auto/triggerType.xml
2 ms. Memory: 500736K Free: 438312K (88%)
----------------- Invoking toplevel() on ptolemy.moml.MoMLSimpleApplication@7b87b9a3
----------------- Done invoking toplevel() on ptolemy.moml.MoMLSimpleApplication@7b87b9a3
reloadAllAccessors: .triggerType
AutoTests.java: About to close Vertx.
AutoTests.java: Vertx closed.
]]></system-out>
  <system-err><![CDATA[java.lang.RuntimeException: Execution failed
	at ptolemy.moml.MoMLSimpleApplication$UnloadThread.run(MoMLSimpleApplication.java:402)
Caused by: ptolemy.kernel.util.IllegalActionException: Found a zero delay loop containing .dependencyLoop.original
  in .dependencyLoop and .dependencyLoop.original
	at ptolemy.actor.util.CausalityInterfaceForComposites._computeOutputPortDepth(CausalityInterfaceForComposites.java:759)
	at ptolemy.actor.util.CausalityInterfaceForComposites._computeInputDepth(CausalityInterfaceForComposites.java:696)
	at ptolemy.actor.util.CausalityInterfaceForComposites._computeOutputPortDepth(CausalityInterfaceForComposites.java:765)
	at ptolemy.actor.util.CausalityInterfaceForComposites._computeInputDepth(CausalityInterfaceForComposites.java:696)
	at ptolemy.actor.util.CausalityInterfaceForComposites._computeOutputPortDepth(CausalityInterfaceForComposites.java:765)
	at ptolemy.actor.util.CausalityInterfaceForComposites._computeInputDepth(CausalityInterfaceForComposites.java:696)
	at ptolemy.actor.util.CausalityInterfaceForComposites._computeActorDepth(CausalityInterfaceForComposites.java:532)
	at ptolemy.actor.util.CausalityInterfaceForComposites.checkForCycles(CausalityInterfaceForComposites.java:96)
	at ptolemy.domains.de.kernel.DEDirector.preinitialize(DEDirector.java:1338)
	at ptolemy.actor.CompositeActor.preinitialize(CompositeActor.java:1828)
	at ptolemy.actor.Manager.preinitializeAndResolveTypes(Manager.java:1040)
	at ptolemy.actor.Manager.initialize(Manager.java:710)
	at ptolemy.actor.Manager.execute(Manager.java:356)
	at ptolemy.actor.Manager.run(Manager.java:1263)
	at ptolemy.actor.Manager$PtolemyRunThread.run(Manager.java:1933)
java.lang.RuntimeException: Execution failed
	at ptolemy.moml.MoMLSimpleApplication$UnloadThread.run(MoMLSimpleApplication.java:402)
Caused by: ptolemy.kernel.util.IllegalActionException: Found a zero delay loop containing .dependencyLoop2.original
  in .dependencyLoop2 and .dependencyLoop2.original
	at ptolemy.actor.util.CausalityInterfaceForComposites._computeOutputPortDepth(CausalityInterfaceForComposites.java:759)
	at ptolemy.actor.util.CausalityInterfaceForComposites._computeInputDepth(CausalityInterfaceForComposites.java:696)
	at ptolemy.actor.util.CausalityInterfaceForComposites._computeOutputPortDepth(CausalityInterfaceForComposites.java:765)
	at ptolemy.actor.util.CausalityInterfaceForComposites._computeInputDepth(CausalityInterfaceForComposites.java:696)
	at ptolemy.actor.util.CausalityInterfaceForComposites._computeOutputPortDepth(CausalityInterfaceForComposites.java:765)
	at ptolemy.actor.util.CausalityInterfaceForComposites._computeInputDepth(CausalityInterfaceForComposites.java:696)
	at ptolemy.actor.util.CausalityInterfaceForComposites._computeActorDepth(CausalityInterfaceForComposites.java:532)
	at ptolemy.actor.util.CausalityInterfaceForComposites.checkForCycles(CausalityInterfaceForComposites.java:96)
	at ptolemy.domains.de.kernel.DEDirector.preinitialize(DEDirector.java:1338)
	at ptolemy.actor.CompositeActor.preinitialize(CompositeActor.java:1828)
	at ptolemy.actor.Manager.preinitializeAndResolveTypes(Manager.java:1040)
	at ptolemy.actor.Manager.initialize(Manager.java:710)
	at ptolemy.actor.Manager.execute(Manager.java:356)
	at ptolemy.actor.Manager.run(Manager.java:1263)
	at ptolemy.actor.Manager$PtolemyRunThread.run(Manager.java:1933)
java.lang.RuntimeException: Execution failed
	at ptolemy.moml.MoMLSimpleApplication$UnloadThread.run(MoMLSimpleApplication.java:402)
Caused by: ptolemy.kernel.util.IllegalActionException: Test fails in iteration 1.
Value was: 1.0. Should have been: 2.0
  in .DirectFeedback.Test
	at ptolemy.actor.lib.Test.fire(Test.java:268)
	at ptolemy.domains.de.kernel.DEDirector._fire(DEDirector.java:1949)
	at ptolemy.domains.de.kernel.DEDirector.fire(DEDirector.java:502)
	at ptolemy.actor.CompositeActor.fire(CompositeActor.java:455)
	at ptolemy.actor.Manager.iterate(Manager.java:851)
	at ptolemy.actor.Manager.execute(Manager.java:369)
	at ptolemy.actor.Manager.run(Manager.java:1263)
	at ptolemy.actor.Manager$PtolemyRunThread.run(Manager.java:1933)
java.lang.RuntimeException: Execution failed
	at ptolemy.moml.MoMLSimpleApplication$UnloadThread.run(MoMLSimpleApplication.java:402)
Caused by: ptolemy.kernel.util.IllegalActionException: Found a zero delay loop containing .dependencyLoop.original
  in .dependencyLoop and .dependencyLoop.original
	at ptolemy.actor.util.CausalityInterfaceForComposites._computeOutputPortDepth(CausalityInterfaceForComposites.java:759)
	at ptolemy.actor.util.CausalityInterfaceForComposites._computeInputDepth(CausalityInterfaceForComposites.java:696)
	at ptolemy.actor.util.CausalityInterfaceForComposites._computeOutputPortDepth(CausalityInterfaceForComposites.java:765)
	at ptolemy.actor.util.CausalityInterfaceForComposites._computeInputDepth(CausalityInterfaceForComposites.java:696)
	at ptolemy.actor.util.CausalityInterfaceForComposites._computeOutputPortDepth(CausalityInterfaceForComposites.java:765)
	at ptolemy.actor.util.CausalityInterfaceForComposites._computeInputDepth(CausalityInterfaceForComposites.java:696)
	at ptolemy.actor.util.CausalityInterfaceForComposites._computeActorDepth(CausalityInterfaceForComposites.java:532)
	at ptolemy.actor.util.CausalityInterfaceForComposites.checkForCycles(CausalityInterfaceForComposites.java:96)
	at ptolemy.domains.de.kernel.DEDirector.preinitialize(DEDirector.java:1338)
	at ptolemy.actor.CompositeActor.preinitialize(CompositeActor.java:1828)
	at ptolemy.actor.Manager.preinitializeAndResolveTypes(Manager.java:1040)
	at ptolemy.actor.Manager.initialize(Manager.java:710)
	at ptolemy.actor.Manager.execute(Manager.java:356)
	at ptolemy.actor.Manager.run(Manager.java:1263)
	at ptolemy.actor.Manager$PtolemyRunThread.run(Manager.java:1933)
java.lang.RuntimeException: Execution failed
	at ptolemy.moml.MoMLSimpleApplication$UnloadThread.run(MoMLSimpleApplication.java:402)
Caused by: ptolemy.kernel.util.IllegalActionException: Found a zero delay loop containing .HierarchicalModel.A
  in .HierarchicalModel and .HierarchicalModel.A
	at ptolemy.actor.util.CausalityInterfaceForComposites._computeOutputPortDepth(CausalityInterfaceForComposites.java:759)
	at ptolemy.actor.util.CausalityInterfaceForComposites._computeInputDepth(CausalityInterfaceForComposites.java:696)
	at ptolemy.actor.util.CausalityInterfaceForComposites._computeOutputPortDepth(CausalityInterfaceForComposites.java:765)
	at ptolemy.actor.util.CausalityInterfaceForComposites._computeInputDepth(CausalityInterfaceForComposites.java:696)
	at ptolemy.actor.util.CausalityInterfaceForComposites._computeOutputPortDepth(CausalityInterfaceForComposites.java:765)
	at ptolemy.actor.util.CausalityInterfaceForComposites._computeInputDepth(CausalityInterfaceForComposites.java:696)
	at ptolemy.actor.util.CausalityInterfaceForComposites._computeActorDepth(CausalityInterfaceForComposites.java:532)
	at ptolemy.actor.util.CausalityInterfaceForComposites.checkForCycles(CausalityInterfaceForComposites.java:96)
	at ptolemy.domains.de.kernel.DEDirector.preinitialize(DEDirector.java:1338)
	at ptolemy.actor.CompositeActor.preinitialize(CompositeActor.java:1828)
	at ptolemy.actor.Manager.preinitializeAndResolveTypes(Manager.java:1040)
	at ptolemy.actor.Manager.initialize(Manager.java:710)
	at ptolemy.actor.Manager.execute(Manager.java:356)
	at ptolemy.actor.Manager.run(Manager.java:1263)
	at ptolemy.actor.Manager$PtolemyRunThread.run(Manager.java:1933)
java.lang.RuntimeException: Execution failed
	at ptolemy.moml.MoMLSimpleApplication$UnloadThread.run(MoMLSimpleApplication.java:402)
Caused by: ptolemy.kernel.util.IllegalActionException: Found a zero delay loop containing .dependencyLoop2.original
  in .dependencyLoop2 and .dependencyLoop2.original
	at ptolemy.actor.util.CausalityInterfaceForComposites._computeOutputPortDepth(CausalityInterfaceForComposites.java:759)
	at ptolemy.actor.util.CausalityInterfaceForComposites._computeInputDepth(CausalityInterfaceForComposites.java:696)
	at ptolemy.actor.util.CausalityInterfaceForComposites._computeOutputPortDepth(CausalityInterfaceForComposites.java:765)
	at ptolemy.actor.util.CausalityInterfaceForComposites._computeInputDepth(CausalityInterfaceForComposites.java:696)
	at ptolemy.actor.util.CausalityInterfaceForComposites._computeOutputPortDepth(CausalityInterfaceForComposites.java:765)
	at ptolemy.actor.util.CausalityInterfaceForComposites._computeInputDepth(CausalityInterfaceForComposites.java:696)
	at ptolemy.actor.util.CausalityInterfaceForComposites._computeActorDepth(CausalityInterfaceForComposites.java:532)
	at ptolemy.actor.util.CausalityInterfaceForComposites.checkForCycles(CausalityInterfaceForComposites.java:96)
	at ptolemy.domains.de.kernel.DEDirector.preinitialize(DEDirector.java:1338)
	at ptolemy.actor.CompositeActor.preinitialize(CompositeActor.java:1828)
	at ptolemy.actor.Manager.preinitializeAndResolveTypes(Manager.java:1040)
	at ptolemy.actor.Manager.initialize(Manager.java:710)
	at ptolemy.actor.Manager.execute(Manager.java:356)
	at ptolemy.actor.Manager.run(Manager.java:1263)
	at ptolemy.actor.Manager$PtolemyRunThread.run(Manager.java:1933)
java.lang.RuntimeException: Execution failed
	at ptolemy.moml.MoMLSimpleApplication$UnloadThread.run(MoMLSimpleApplication.java:402)
Caused by: ptolemy.kernel.util.IllegalActionException: Actor is not ready to fire.  Perhaps UpSample.prefire() returned false? Try debugging the actor by selecting "Listen to Actor".  Also, for SDF check moml for tokenConsumptionRate on input.
  in .DESDFClockTest.Play Bell.Copy1:SDF Director and .DESDFClockTest.Play Bell.UpSample
	at ptolemy.actor.sched.StaticSchedulingDirector.fire(StaticSchedulingDirector.java:227)
	at ptolemy.domains.sdf.kernel.SDFDirector.fire(SDFDirector.java:500)
	at ptolemy.actor.CompositeActor.fire(CompositeActor.java:455)
	at ptolemy.domains.de.kernel.DEDirector._fire(DEDirector.java:1949)
	at ptolemy.domains.de.kernel.DEDirector.fire(DEDirector.java:502)
	at ptolemy.actor.CompositeActor.fire(CompositeActor.java:455)
	at ptolemy.actor.Manager.iterate(Manager.java:851)
	at ptolemy.actor.Manager.execute(Manager.java:369)
	at ptolemy.actor.Manager.run(Manager.java:1263)
	at ptolemy.actor.Manager$PtolemyRunThread.run(Manager.java:1933)
java.lang.RuntimeException: Execution failed
	at ptolemy.moml.MoMLSimpleApplication$UnloadThread.run(MoMLSimpleApplication.java:402)
Caused by: ptolemy.kernel.util.IllegalActionException: Actor is not ready to fire.  Perhaps UpSample.prefire() returned false? Try debugging the actor by selecting "Listen to Actor".  Also, for SDF check moml for tokenConsumptionRate on input.
  in .DESDFClockTest.Play Bell.Copy1:SDF Director and .DESDFClockTest.Play Bell.UpSample
	at ptolemy.actor.sched.StaticSchedulingDirector.fire(StaticSchedulingDirector.java:227)
	at ptolemy.domains.sdf.kernel.SDFDirector.fire(SDFDirector.java:500)
	at ptolemy.actor.CompositeActor.fire(CompositeActor.java:455)
	at ptolemy.domains.de.kernel.DEDirector._fire(DEDirector.java:1949)
	at ptolemy.domains.de.kernel.DEDirector.fire(DEDirector.java:502)
	at ptolemy.actor.CompositeActor.fire(CompositeActor.java:455)
	at ptolemy.actor.Manager.iterate(Manager.java:851)
	at ptolemy.actor.Manager.execute(Manager.java:369)
	at ptolemy.actor.Manager.run(Manager.java:1263)
	at ptolemy.actor.Manager$PtolemyRunThread.run(Manager.java:1933)
java.lang.reflect.InvocationTargetException
	at java.base/jdk.internal.reflect.NativeConstructorAccessorImpl.newInstance0(Native Method)
	at java.base/jdk.internal.reflect.NativeConstructorAccessorImpl.newInstance(NativeConstructorAccessorImpl.java:62)
	at java.base/jdk.internal.reflect.DelegatingConstructorAccessorImpl.newInstance(DelegatingConstructorAccessorImpl.java:45)
	at java.base/java.lang.reflect.Constructor.newInstance(Constructor.java:490)
	at ptolemy.util.test.junit.AutoKnownFailedTests.RunModel(AutoKnownFailedTests.java:105)
	at java.base/jdk.internal.reflect.NativeMethodAccessorImpl.invoke0(Native Method)
	at java.base/jdk.internal.reflect.NativeMethodAccessorImpl.invoke(NativeMethodAccessorImpl.java:62)
	at java.base/jdk.internal.reflect.DelegatingMethodAccessorImpl.invoke(DelegatingMethodAccessorImpl.java:43)
	at java.base/java.lang.reflect.Method.invoke(Method.java:566)
	at org.junit.runners.model.FrameworkMethod$1.runReflectiveCall(FrameworkMethod.java:44)
	at org.junit.internal.runners.model.ReflectiveCallable.run(ReflectiveCallable.java:15)
	at org.junit.runners.model.FrameworkMethod.invokeExplosively(FrameworkMethod.java:41)
	at junitparams.internal.InvokeParameterisedMethod.evaluate(InvokeParameterisedMethod.java:102)
	at org.junit.internal.runners.statements.FailOnTimeout$1.run(FailOnTimeout.java:28)
Caused by: ptolemy.kernel.util.IllegalActionException: Actor is not ready to fire.  Perhaps UpSample.prefire() returned false? Try debugging the actor by selecting "Listen to Actor".  Also, for SDF check moml for tokenConsumptionRate on input.
  in .DESDFClockTest.Play Bell.Copy1:SDF Director and .DESDFClockTest.Play Bell.UpSample
	at ptolemy.actor.sched.StaticSchedulingDirector.fire(StaticSchedulingDirector.java:227)
	at ptolemy.domains.sdf.kernel.SDFDirector.fire(SDFDirector.java:500)
	at ptolemy.actor.CompositeActor.fire(CompositeActor.java:455)
	at ptolemy.domains.de.kernel.DEDirector._fire(DEDirector.java:1949)
	at ptolemy.domains.de.kernel.DEDirector.fire(DEDirector.java:502)
	at ptolemy.actor.CompositeActor.fire(CompositeActor.java:455)
	at ptolemy.actor.Manager.iterate(Manager.java:851)
	at ptolemy.actor.Manager.execute(Manager.java:369)
	at ptolemy.actor.Manager.run(Manager.java:1263)
	at ptolemy.actor.Manager$PtolemyRunThread.run(Manager.java:1933)
java.lang.RuntimeException: Execution failed
	at ptolemy.moml.MoMLSimpleApplication$UnloadThread.run(MoMLSimpleApplication.java:402)
Caused by: ptolemy.kernel.util.IllegalActionException: Test fails in iteration 1.
Value was: 1.0. Should have been: 2.0
  in .DirectFeedback.Test
	at ptolemy.actor.lib.Test.fire(Test.java:268)
	at ptolemy.domains.de.kernel.DEDirector._fire(DEDirector.java:1949)
	at ptolemy.domains.de.kernel.DEDirector.fire(DEDirector.java:502)
	at ptolemy.actor.CompositeActor.fire(CompositeActor.java:455)
	at ptolemy.actor.Manager.iterate(Manager.java:851)
	at ptolemy.actor.Manager.execute(Manager.java:369)
	at ptolemy.actor.Manager.run(Manager.java:1263)
	at ptolemy.actor.Manager$PtolemyRunThread.run(Manager.java:1933)
java.lang.reflect.InvocationTargetException
	at java.base/jdk.internal.reflect.NativeConstructorAccessorImpl.newInstance0(Native Method)
	at java.base/jdk.internal.reflect.NativeConstructorAccessorImpl.newInstance(NativeConstructorAccessorImpl.java:62)
	at java.base/jdk.internal.reflect.DelegatingConstructorAccessorImpl.newInstance(DelegatingConstructorAccessorImpl.java:45)
	at java.base/java.lang.reflect.Constructor.newInstance(Constructor.java:490)
	at ptolemy.util.test.junit.AutoKnownFailedTests.RunModel(AutoKnownFailedTests.java:105)
	at java.base/jdk.internal.reflect.NativeMethodAccessorImpl.invoke0(Native Method)
	at java.base/jdk.internal.reflect.NativeMethodAccessorImpl.invoke(NativeMethodAccessorImpl.java:62)
	at java.base/jdk.internal.reflect.DelegatingMethodAccessorImpl.invoke(DelegatingMethodAccessorImpl.java:43)
	at java.base/java.lang.reflect.Method.invoke(Method.java:566)
	at org.junit.runners.model.FrameworkMethod$1.runReflectiveCall(FrameworkMethod.java:44)
	at org.junit.internal.runners.model.ReflectiveCallable.run(ReflectiveCallable.java:15)
	at org.junit.runners.model.FrameworkMethod.invokeExplosively(FrameworkMethod.java:41)
	at junitparams.internal.InvokeParameterisedMethod.evaluate(InvokeParameterisedMethod.java:102)
	at org.junit.internal.runners.statements.FailOnTimeout$1.run(FailOnTimeout.java:28)
Caused by: ptolemy.kernel.util.IllegalActionException: Test fails in iteration 1.
Value was: 1.0. Should have been: 2.0
  in .DirectFeedback.Test
	at ptolemy.actor.lib.Test.fire(Test.java:268)
	at ptolemy.domains.de.kernel.DEDirector._fire(DEDirector.java:1949)
	at ptolemy.domains.de.kernel.DEDirector.fire(DEDirector.java:502)
	at ptolemy.actor.CompositeActor.fire(CompositeActor.java:455)
	at ptolemy.actor.Manager.iterate(Manager.java:851)
	at ptolemy.actor.Manager.execute(Manager.java:369)
	at ptolemy.actor.Manager.run(Manager.java:1263)
	at ptolemy.actor.Manager$PtolemyRunThread.run(Manager.java:1933)
java.lang.RuntimeException: Execution failed
	at ptolemy.moml.MoMLSimpleApplication$UnloadThread.run(MoMLSimpleApplication.java:402)
Caused by: ptolemy.kernel.util.IllegalActionException: Found a zero delay loop containing .HierarchicalModel.A
  in .HierarchicalModel and .HierarchicalModel.A
	at ptolemy.actor.util.CausalityInterfaceForComposites._computeOutputPortDepth(CausalityInterfaceForComposites.java:759)
	at ptolemy.actor.util.CausalityInterfaceForComposites._computeInputDepth(CausalityInterfaceForComposites.java:696)
	at ptolemy.actor.util.CausalityInterfaceForComposites._computeOutputPortDepth(CausalityInterfaceForComposites.java:765)
	at ptolemy.actor.util.CausalityInterfaceForComposites._computeInputDepth(CausalityInterfaceForComposites.java:696)
	at ptolemy.actor.util.CausalityInterfaceForComposites._computeOutputPortDepth(CausalityInterfaceForComposites.java:765)
	at ptolemy.actor.util.CausalityInterfaceForComposites._computeInputDepth(CausalityInterfaceForComposites.java:696)
	at ptolemy.actor.util.CausalityInterfaceForComposites._computeActorDepth(CausalityInterfaceForComposites.java:532)
	at ptolemy.actor.util.CausalityInterfaceForComposites.checkForCycles(CausalityInterfaceForComposites.java:96)
	at ptolemy.domains.de.kernel.DEDirector.preinitialize(DEDirector.java:1338)
	at ptolemy.actor.CompositeActor.preinitialize(CompositeActor.java:1828)
	at ptolemy.actor.Manager.preinitializeAndResolveTypes(Manager.java:1040)
	at ptolemy.actor.Manager.initialize(Manager.java:710)
	at ptolemy.actor.Manager.execute(Manager.java:356)
	at ptolemy.actor.Manager.run(Manager.java:1263)
	at ptolemy.actor.Manager$PtolemyRunThread.run(Manager.java:1933)
java.lang.reflect.InvocationTargetException
	at java.base/jdk.internal.reflect.NativeConstructorAccessorImpl.newInstance0(Native Method)
	at java.base/jdk.internal.reflect.NativeConstructorAccessorImpl.newInstance(NativeConstructorAccessorImpl.java:62)
	at java.base/jdk.internal.reflect.DelegatingConstructorAccessorImpl.newInstance(DelegatingConstructorAccessorImpl.java:45)
	at java.base/java.lang.reflect.Constructor.newInstance(Constructor.java:490)
	at ptolemy.util.test.junit.AutoKnownFailedTests.RunModel(AutoKnownFailedTests.java:105)
	at java.base/jdk.internal.reflect.NativeMethodAccessorImpl.invoke0(Native Method)
	at java.base/jdk.internal.reflect.NativeMethodAccessorImpl.invoke(NativeMethodAccessorImpl.java:62)
	at java.base/jdk.internal.reflect.DelegatingMethodAccessorImpl.invoke(DelegatingMethodAccessorImpl.java:43)
	at java.base/java.lang.reflect.Method.invoke(Method.java:566)
	at org.junit.runners.model.FrameworkMethod$1.runReflectiveCall(FrameworkMethod.java:44)
	at org.junit.internal.runners.model.ReflectiveCallable.run(ReflectiveCallable.java:15)
	at org.junit.runners.model.FrameworkMethod.invokeExplosively(FrameworkMethod.java:41)
	at junitparams.internal.InvokeParameterisedMethod.evaluate(InvokeParameterisedMethod.java:102)
	at org.junit.internal.runners.statements.FailOnTimeout$1.run(FailOnTimeout.java:28)
Caused by: ptolemy.kernel.util.IllegalActionException: Found a zero delay loop containing .HierarchicalModel.A
  in .HierarchicalModel and .HierarchicalModel.A
	at ptolemy.actor.util.CausalityInterfaceForComposites._computeOutputPortDepth(CausalityInterfaceForComposites.java:759)
	at ptolemy.actor.util.CausalityInterfaceForComposites._computeInputDepth(CausalityInterfaceForComposites.java:696)
	at ptolemy.actor.util.CausalityInterfaceForComposites._computeOutputPortDepth(CausalityInterfaceForComposites.java:765)
	at ptolemy.actor.util.CausalityInterfaceForComposites._computeInputDepth(CausalityInterfaceForComposites.java:696)
	at ptolemy.actor.util.CausalityInterfaceForComposites._computeOutputPortDepth(CausalityInterfaceForComposites.java:765)
	at ptolemy.actor.util.CausalityInterfaceForComposites._computeInputDepth(CausalityInterfaceForComposites.java:696)
	at ptolemy.actor.util.CausalityInterfaceForComposites._computeActorDepth(CausalityInterfaceForComposites.java:532)
	at ptolemy.actor.util.CausalityInterfaceForComposites.checkForCycles(CausalityInterfaceForComposites.java:96)
	at ptolemy.domains.de.kernel.DEDirector.preinitialize(DEDirector.java:1338)
	at ptolemy.actor.CompositeActor.preinitialize(CompositeActor.java:1828)
	at ptolemy.actor.Manager.preinitializeAndResolveTypes(Manager.java:1040)
	at ptolemy.actor.Manager.initialize(Manager.java:710)
	at ptolemy.actor.Manager.execute(Manager.java:356)
	at ptolemy.actor.Manager.run(Manager.java:1263)
	at ptolemy.actor.Manager$PtolemyRunThread.run(Manager.java:1933)
java.lang.RuntimeException: Execution failed
	at ptolemy.moml.MoMLSimpleApplication$UnloadThread.run(MoMLSimpleApplication.java:402)
Caused by: ptolemy.kernel.util.IllegalActionException: Found a zero delay loop containing .dependencyLoop.original
  in .dependencyLoop and .dependencyLoop.original
	at ptolemy.actor.util.CausalityInterfaceForComposites._computeOutputPortDepth(CausalityInterfaceForComposites.java:759)
	at ptolemy.actor.util.CausalityInterfaceForComposites._computeInputDepth(CausalityInterfaceForComposites.java:696)
	at ptolemy.actor.util.CausalityInterfaceForComposites._computeOutputPortDepth(CausalityInterfaceForComposites.java:765)
	at ptolemy.actor.util.CausalityInterfaceForComposites._computeInputDepth(CausalityInterfaceForComposites.java:696)
	at ptolemy.actor.util.CausalityInterfaceForComposites._computeOutputPortDepth(CausalityInterfaceForComposites.java:765)
	at ptolemy.actor.util.CausalityInterfaceForComposites._computeInputDepth(CausalityInterfaceForComposites.java:696)
	at ptolemy.actor.util.CausalityInterfaceForComposites._computeActorDepth(CausalityInterfaceForComposites.java:532)
	at ptolemy.actor.util.CausalityInterfaceForComposites.checkForCycles(CausalityInterfaceForComposites.java:96)
	at ptolemy.domains.de.kernel.DEDirector.preinitialize(DEDirector.java:1338)
	at ptolemy.actor.CompositeActor.preinitialize(CompositeActor.java:1828)
	at ptolemy.actor.Manager.preinitializeAndResolveTypes(Manager.java:1040)
	at ptolemy.actor.Manager.initialize(Manager.java:710)
	at ptolemy.actor.Manager.execute(Manager.java:356)
	at ptolemy.actor.Manager.run(Manager.java:1263)
	at ptolemy.actor.Manager$PtolemyRunThread.run(Manager.java:1933)
java.lang.reflect.InvocationTargetException
	at java.base/jdk.internal.reflect.NativeConstructorAccessorImpl.newInstance0(Native Method)
	at java.base/jdk.internal.reflect.NativeConstructorAccessorImpl.newInstance(NativeConstructorAccessorImpl.java:62)
	at java.base/jdk.internal.reflect.DelegatingConstructorAccessorImpl.newInstance(DelegatingConstructorAccessorImpl.java:45)
	at java.base/java.lang.reflect.Constructor.newInstance(Constructor.java:490)
	at ptolemy.util.test.junit.AutoKnownFailedTests.RunModel(AutoKnownFailedTests.java:105)
	at java.base/jdk.internal.reflect.NativeMethodAccessorImpl.invoke0(Native Method)
	at java.base/jdk.internal.reflect.NativeMethodAccessorImpl.invoke(NativeMethodAccessorImpl.java:62)
	at java.base/jdk.internal.reflect.DelegatingMethodAccessorImpl.invoke(DelegatingMethodAccessorImpl.java:43)
	at java.base/java.lang.reflect.Method.invoke(Method.java:566)
	at org.junit.runners.model.FrameworkMethod$1.runReflectiveCall(FrameworkMethod.java:44)
	at org.junit.internal.runners.model.ReflectiveCallable.run(ReflectiveCallable.java:15)
	at org.junit.runners.model.FrameworkMethod.invokeExplosively(FrameworkMethod.java:41)
	at junitparams.internal.InvokeParameterisedMethod.evaluate(InvokeParameterisedMethod.java:102)
	at org.junit.internal.runners.statements.FailOnTimeout$1.run(FailOnTimeout.java:28)
Caused by: ptolemy.kernel.util.IllegalActionException: Found a zero delay loop containing .dependencyLoop.original
  in .dependencyLoop and .dependencyLoop.original
	at ptolemy.actor.util.CausalityInterfaceForComposites._computeOutputPortDepth(CausalityInterfaceForComposites.java:759)
	at ptolemy.actor.util.CausalityInterfaceForComposites._computeInputDepth(CausalityInterfaceForComposites.java:696)
	at ptolemy.actor.util.CausalityInterfaceForComposites._computeOutputPortDepth(CausalityInterfaceForComposites.java:765)
	at ptolemy.actor.util.CausalityInterfaceForComposites._computeInputDepth(CausalityInterfaceForComposites.java:696)
	at ptolemy.actor.util.CausalityInterfaceForComposites._computeOutputPortDepth(CausalityInterfaceForComposites.java:765)
	at ptolemy.actor.util.CausalityInterfaceForComposites._computeInputDepth(CausalityInterfaceForComposites.java:696)
	at ptolemy.actor.util.CausalityInterfaceForComposites._computeActorDepth(CausalityInterfaceForComposites.java:532)
	at ptolemy.actor.util.CausalityInterfaceForComposites.checkForCycles(CausalityInterfaceForComposites.java:96)
	at ptolemy.domains.de.kernel.DEDirector.preinitialize(DEDirector.java:1338)
	at ptolemy.actor.CompositeActor.preinitialize(CompositeActor.java:1828)
	at ptolemy.actor.Manager.preinitializeAndResolveTypes(Manager.java:1040)
	at ptolemy.actor.Manager.initialize(Manager.java:710)
	at ptolemy.actor.Manager.execute(Manager.java:356)
	at ptolemy.actor.Manager.run(Manager.java:1263)
	at ptolemy.actor.Manager$PtolemyRunThread.run(Manager.java:1933)
java.lang.RuntimeException: Execution failed
	at ptolemy.moml.MoMLSimpleApplication$UnloadThread.run(MoMLSimpleApplication.java:402)
Caused by: ptolemy.kernel.util.IllegalActionException: Found a zero delay loop containing .dependencyLoop2.original
  in .dependencyLoop2 and .dependencyLoop2.original
	at ptolemy.actor.util.CausalityInterfaceForComposites._computeOutputPortDepth(CausalityInterfaceForComposites.java:759)
	at ptolemy.actor.util.CausalityInterfaceForComposites._computeInputDepth(CausalityInterfaceForComposites.java:696)
	at ptolemy.actor.util.CausalityInterfaceForComposites._computeOutputPortDepth(CausalityInterfaceForComposites.java:765)
	at ptolemy.actor.util.CausalityInterfaceForComposites._computeInputDepth(CausalityInterfaceForComposites.java:696)
	at ptolemy.actor.util.CausalityInterfaceForComposites._computeOutputPortDepth(CausalityInterfaceForComposites.java:765)
	at ptolemy.actor.util.CausalityInterfaceForComposites._computeInputDepth(CausalityInterfaceForComposites.java:696)
	at ptolemy.actor.util.CausalityInterfaceForComposites._computeActorDepth(CausalityInterfaceForComposites.java:532)
	at ptolemy.actor.util.CausalityInterfaceForComposites.checkForCycles(CausalityInterfaceForComposites.java:96)
	at ptolemy.domains.de.kernel.DEDirector.preinitialize(DEDirector.java:1338)
	at ptolemy.actor.CompositeActor.preinitialize(CompositeActor.java:1828)
	at ptolemy.actor.Manager.preinitializeAndResolveTypes(Manager.java:1040)
	at ptolemy.actor.Manager.initialize(Manager.java:710)
	at ptolemy.actor.Manager.execute(Manager.java:356)
	at ptolemy.actor.Manager.run(Manager.java:1263)
	at ptolemy.actor.Manager$PtolemyRunThread.run(Manager.java:1933)
java.lang.reflect.InvocationTargetException
	at java.base/jdk.internal.reflect.NativeConstructorAccessorImpl.newInstance0(Native Method)
	at java.base/jdk.internal.reflect.NativeConstructorAccessorImpl.newInstance(NativeConstructorAccessorImpl.java:62)
	at java.base/jdk.internal.reflect.DelegatingConstructorAccessorImpl.newInstance(DelegatingConstructorAccessorImpl.java:45)
	at java.base/java.lang.reflect.Constructor.newInstance(Constructor.java:490)
	at ptolemy.util.test.junit.AutoKnownFailedTests.RunModel(AutoKnownFailedTests.java:105)
	at java.base/jdk.internal.reflect.NativeMethodAccessorImpl.invoke0(Native Method)
	at java.base/jdk.internal.reflect.NativeMethodAccessorImpl.invoke(NativeMethodAccessorImpl.java:62)
	at java.base/jdk.internal.reflect.DelegatingMethodAccessorImpl.invoke(DelegatingMethodAccessorImpl.java:43)
	at java.base/java.lang.reflect.Method.invoke(Method.java:566)
	at org.junit.runners.model.FrameworkMethod$1.runReflectiveCall(FrameworkMethod.java:44)
	at org.junit.internal.runners.model.ReflectiveCallable.run(ReflectiveCallable.java:15)
	at org.junit.runners.model.FrameworkMethod.invokeExplosively(FrameworkMethod.java:41)
	at junitparams.internal.InvokeParameterisedMethod.evaluate(InvokeParameterisedMethod.java:102)
	at org.junit.internal.runners.statements.FailOnTimeout$1.run(FailOnTimeout.java:28)
Caused by: ptolemy.kernel.util.IllegalActionException: Found a zero delay loop containing .dependencyLoop2.original
  in .dependencyLoop2 and .dependencyLoop2.original
	at ptolemy.actor.util.CausalityInterfaceForComposites._computeOutputPortDepth(CausalityInterfaceForComposites.java:759)
	at ptolemy.actor.util.CausalityInterfaceForComposites._computeInputDepth(CausalityInterfaceForComposites.java:696)
	at ptolemy.actor.util.CausalityInterfaceForComposites._computeOutputPortDepth(CausalityInterfaceForComposites.java:765)
	at ptolemy.actor.util.CausalityInterfaceForComposites._computeInputDepth(CausalityInterfaceForComposites.java:696)
	at ptolemy.actor.util.CausalityInterfaceForComposites._computeOutputPortDepth(CausalityInterfaceForComposites.java:765)
	at ptolemy.actor.util.CausalityInterfaceForComposites._computeInputDepth(CausalityInterfaceForComposites.java:696)
	at ptolemy.actor.util.CausalityInterfaceForComposites._computeActorDepth(CausalityInterfaceForComposites.java:532)
	at ptolemy.actor.util.CausalityInterfaceForComposites.checkForCycles(CausalityInterfaceForComposites.java:96)
	at ptolemy.domains.de.kernel.DEDirector.preinitialize(DEDirector.java:1338)
	at ptolemy.actor.CompositeActor.preinitialize(CompositeActor.java:1828)
	at ptolemy.actor.Manager.preinitializeAndResolveTypes(Manager.java:1040)
	at ptolemy.actor.Manager.initialize(Manager.java:710)
	at ptolemy.actor.Manager.execute(Manager.java:356)
	at ptolemy.actor.Manager.run(Manager.java:1263)
	at ptolemy.actor.Manager$PtolemyRunThread.run(Manager.java:1933)
]]></system-err>
</testsuite>
