<?xml version="1.0" encoding="UTF-8" ?>
<testsuite errors="0" failures="0" hostname="travis-job-9c0c4ec9-5f20-4bfb-b9c1-9a6dd122586b" name="ptolemy.domains.de.test.junit.JUnitTclTest" skipped="0" tests="101" time="134.543" timestamp="2019-07-04T04:42:32">
  <properties>
    <property name="npm.executable" value="npm" />
    <property name="env.TRAVIS_ROOT" value="/" />
    <property name="ptII.mk.exists" value="true" />
    <property name="env.TRAVIS_APP_HOST" value="build.travis-ci.org" />
    <property name="env.rvm_bin_path" value="/home/travis/.rvm/bin" />
    <property name="java.home" value="/usr/local/lib/jvm/openjdk11" />
    <property name="env.TRAVIS_JOB_NUMBER" value="1193.9" />
    <property name="env.TRAVIS_HOME" value="/home/travis" />
    <property name="env.DISPLAY" value=":99.0" />
    <property name="env.TRAVIS_INIT" value="systemd" />
    <property name="env.SSH_TTY" value="/dev/pts/0" />
    <property name="java.net.preferIPv4Stack" value="true" />
    <property name="env.RUN_TESTS" value="true" />
    <property name="timeout.short" value="1000000" />
    <property name="junit.formatter" value="xml" />
    <property name="env.TRAVIS_SUDO" value="true" />
    <property name="env.TRAVIS_JOB_NAME" value="" />
    <property name="env.TRAVIS_STACK_NODE_ATTRIBUTES" value="/.node-attributes.yml" />
    <property name="env.LOGNAME" value="travis" />
    <property name="jsdoc.home" value="node_modules/@terraswarm/jsdoc" />
    <property name="debuglevel" value="source,lines,vars" />
    <property name="checkstyle.formatter" value="xml" />
    <property name="env._system_version" value="16.04" />
    <property name="bin.vergil.makeable" value="true" />
    <property name="sun.os.patch.level" value="unknown" />
    <property name="java.vendor.url" value="http://java.oracle.com/" />
    <property name="env.TRAVIS_BUILD_WEB_URL" value="https://travis-ci.org/icyphy/ptII/builds/554063671" />
    <property name="java.version" value="11.0.2" />
    <property name="env.TZ" value="UTC" />
    <property name="env.PT_NO_NET" value="true" />
    <property name="env.TRAVIS_PULL_REQUEST_SHA" value="" />
    <property name="env.TRAVIS_SECURE_ENV_VARS" value="true" />
    <property name="env._system_type" value="Linux" />
    <property name="java.vendor.url.bug" value="http://bugreport.java.com/bugreport/" />
    <property name="npmjs-org-is-up" value="true" />
    <property name="env.LANGUAGE" value="en_US.UTF-8" />
    <property name="env.SSH_CLIENT" value="10.10.16.109 50802 22" />
    <property name="env.GEM_HOME" value="/home/travis/.rvm/gems/ruby-2.5.3" />
    <property name="env.HAS_ANTARES_THREE_LITTLE_FRONZIES_BADGE" value="true" />
    <property name="java.version.date" value="2019-01-15" />
    <property name="env.PS4" value="+" />
    <property name="ant.project.invoked-targets" value="build,test.core2.xml" />
    <property name="env.TRAVIS_PULL_REQUEST_BRANCH" value="" />
    <property name="env.TRAVIS_REPO_SLUG" value="icyphy/ptII" />
    <property name="env.XDG_DATA_DIRS" value="/usr/local/share:/usr/share:/var/lib/snapd/desktop" />
    <property name="jdk.debug" value="release" />
    <property name="env.TRAVIS_APT_PROXY" value="http://apt.cache.travis-ci.com" />
    <property name="node.in.path" value="true" />
    <property name="user.name" value="travis" />
    <property name="java.maxmemory" value="1400m" />
    <property name="env.RUBY_VERSION" value="ruby-2.5.3" />
    <property name="env.LANG" value="en_US.UTF-8" />
    <property name="sun.io.unicode.encoding" value="UnicodeLittle" />
    <property name="sun.jnu.encoding" value="UTF-8" />
    <property name="java.runtime.name" value="OpenJDK Runtime Environment" />
    <property name="usefile" value="false" />
    <property name="return.code" value="0" />
    <property name="junit.single.formatter" value="plain" />
    <property name="env.DYLD_LIBRARY_PATH" value="/home/travis/pthla/certi-tools/lib:" />
    <property name="env.DEBIAN_FRONTEND" value="noninteractive" />
    <property name="env.SSH_CONNECTION" value="10.10.16.109 50802 10.20.1.102 22" />
    <property name="env.MYSQL_UNIX_PORT" value="/var/run/mysqld/mysqld.sock" />
    <property name="env.LC_ALL" value="en_US.UTF-8" />
    <property name="env.TRAVIS_ALLOW_FAILURE" value="false" />
    <property name="env.TRAVIS_JOB_WEB_URL" value="https://travis-ci.org/icyphy/ptII/jobs/554063680" />
    <property name="java.specification.name" value="Java Platform API Specification" />
    <property name="node.works" value="true" />
    <property name="user.timezone" value="" />
    <property name="path.separator" value=":" />
    <property name="env.TRAVIS_ENABLE_INFRA_DETECTION" value="true" />
    <property name="env.PYTHON_CFLAGS" value="-g -fstack-protector --param=ssp-buffer-size=4 -Wformat -Werror=format-security" />
    <property name="timeout.long" value="4000000" />
    <property name="env.CERTI_HOME" value="/home/travis/pthla/certi-tools" />
    <property name="ant.file.ptII" value="/home/travis/build/icyphy/ptII/build.xml" />
    <property name="javadoc.packagenames" value="com.*,diva.*,lbnl.*,org.hlacerti.*,org.json.*,org.ptolemy.*,org.terraswarm.*,ptolemy.*,ptserver.*" />
    <property name="file.encoding" value="UTF-8" />
    <property name="env.TRAVIS_PULL_REQUEST_SLUG" value="" />
    <property name="ant.project.default-target" value="build" />
    <property name="env.GIT_ASKPASS" value="echo" />
    <property name="env.HOME" value="/home/travis" />
    <property name="sun.java.command" value="org.apache.tools.ant.taskdefs.optional.junit.JUnitTestRunner ptolemy.domains.de.test.junit.JUnitTclTest skipNonTests=false filtertrace=true haltOnError=false haltOnFailure=false formatter=org.apache.tools.ant.taskdefs.optional.junit.OutErrSummaryJUnitResultFormatter showoutput=true outputtoformatters=true logfailedtests=true threadid=0 logtestlistenerevents=false formatter=org.apache.tools.ant.taskdefs.optional.junit.XMLJUnitResultFormatter,/home/travis/build/icyphy/ptII/reports/junit/TEST-ptolemy.domains.de.test.junit.JUnitTclTest.xml crashfile=/home/travis/build/icyphy/ptII/junitvmwatcher10871522659944220119.properties propsfile=/home/travis/build/icyphy/ptII/junit7580693946710896184.properties" />
    <property name="env.COMPOSER_NO_INTERACTION" value="1" />
    <property name="env.MANPATH" value="/home/travis/.nvm/versions/node/v7.10.1/share/man:/home/travis/.rvm/rubies/ruby-2.5.3/share/man:/usr/local/cmake-3.12.4/man:/usr/local/clang-7.0.0/share/man:/usr/local/man:/usr/local/share/man:/usr/share/man:/home/travis/.rvm/man" />
    <property name="env.TRAVIS_TIMER_ID" value="35409ed2" />
    <property name="ant.file" value="/home/travis/build/icyphy/ptII/build.xml" />
    <property name="env.TRAVIS_COMMIT_RANGE" value="b6de4a29689c219dd7cbcef974805eca11f91674...bbbff3adea58fb0643306c381462affccc328551" />
    <property name="env._system_name" value="Ubuntu" />
    <property name="ptII.classpath.optional.property" value="/home/travis/build/icyphy/ptII/lib/bsh-2.0b4.jar:/home/travis/build/icyphy/ptII/lib/ptCal.jar:/home/travis/build/icyphy/ptII/lib/java_cup.jar:/home/travis/build/icyphy/ptII/lib/saxon8.jar:/home/travis/build/icyphy/ptII/lib/saxon8-dom.jar:/home/travis/build/icyphy/ptII/lib/chic.jar:/home/travis/build/icyphy/ptII/lib/ptcolt.jar:/home/travis/build/icyphy/ptII/vendors/misc/itext/iText.jar:/home/travis/build/icyphy/ptII/lib/g4ltl.jar:/home/travis/build/icyphy/ptII/lib/StructuralCoder.jar:/home/travis/build/icyphy/ptII/vendors/jai-1_1_2_01/lib/jai_core.jar:/home/travis/build/icyphy/ptII/vendors/jai-1_1_2_01/lib/jai_codec.jar:/home/travis/build/icyphy/ptII/lib/jcerti.jar:/home/travis/build/icyphy/ptII/lib/javax.mail.jar:/home/travis/build/icyphy/ptII/vendors/JMF-2.1.1e/lib/jmf.jar:/home/travis/build/icyphy/ptII/lib/jna-4.0.0-variadic.jar:/home/travis/build/icyphy/ptII/vendors/misc/joystick/Joystick.jar:/home/travis/build/icyphy/ptII/lib/ptjacl.jar:/home/travis/build/icyphy/ptII/lib/jsoup-1.8.2.jar:/home/travis/build/icyphy/ptII/lib/junit-4.8.2.jar:/home/travis/build/icyphy/ptII/lib/JUnitParams-0.4.0.jar:/home/travis/build/icyphy/ptII/ptolemy/actor/lib/excel/jxl.jar:/home/travis/build/icyphy/ptII/lib/jython.jar:/home/travis/build/icyphy/ptII/lib/kieler.jar:/home/travis/build/icyphy/ptII/vendors/opencv/share/OpenCV/java/opencv-341.jar:/home/travis/build/icyphy/ptII/lib/oscP5.jar:/home/travis/build/icyphy/ptII/lib/nrjavaserial-3.11.0.devel.jar:/home/travis/build/icyphy/ptII/vendors/j3d/lib/j3dcore.jar:/home/travis/build/icyphy/ptII/vendors/j3d/lib/j3dutils.jar:/home/travis/build/icyphy/ptII/vendors/j3d/lib/vecmath.jar:/home/travis/build/icyphy/ptII/ptolemy/distributed/jini/jar/jini-core.jar:/home/travis/build/icyphy/ptII/ptolemy/distributed/jini/jar/jini-ext.jar:/home/travis/build/icyphy/ptII/ptolemy/distributed/jini/jar/sun-util.jar:/home/travis/build/icyphy/ptII/lib/protobuf-java-2.4.1.jar:/home/travis/build/icyphy/ptII/lib/org.eclipse.paho.client.mqttv3.jar:/home/travis/build/icyphy/ptII/lib/mapss.jar:/home/travis/build/icyphy/ptII/ptolemy/actor/ptalon/antlr/antlr.jar:/home/travis/build/icyphy/ptII/lib/JRI.jar:/home/travis/build/icyphy/ptII/lib/commons-lang-2.6.jar:/home/travis/build/icyphy/ptII/lib/commons-logging-1.1.1.jar:/home/travis/build/icyphy/ptII/lib/sootclasses.jar:/home/travis/build/icyphy/ptII/ptolemy/actor/lib/database/mysql-connector-java-5.1.6-bin.jar:/home/travis/build/icyphy/ptII/vendors/misc/sphinx4/sphinx4-data-5prealpha.jar:/home/travis/build/icyphy/ptII/vendors/misc/sphinx4/sphinx4-core-5prealpha.jar:/home/travis/build/icyphy/ptII/lib/PDFRenderer.jar:/home/travis/build/icyphy/ptII/lib/svgSalamander.jar:/home/travis/build/icyphy/ptII/lib/rsyntaxtextarea-2.6.0-SNAPSHOT.jar:/home/travis/build/icyphy/ptII/lib/hazelcast-3.8.2.jar:/home/travis/build/icyphy/ptII/lib/jackson-annotations-2.9.0.jar:/home/travis/build/icyphy/ptII/lib/jackson-core-2.9.3.jar:/home/travis/build/icyphy/ptII/lib/jackson-databind-2.9.3.jar:/home/travis/build/icyphy/ptII/lib/netty-buffer-4.1.19.Final.jar:/home/travis/build/icyphy/ptII/lib/netty-codec-4.1.19.Final.jar:/home/travis/build/icyphy/ptII/lib/netty-codec-dns-4.1.19.Final.jar:/home/travis/build/icyphy/ptII/lib/netty-codec-http-4.1.19.Final.jar:/home/travis/build/icyphy/ptII/lib/netty-codec-http2-4.1.19.Final.jar:/home/travis/build/icyphy/ptII/lib/netty-common-4.1.19.Final.jar:/home/travis/build/icyphy/ptII/lib/netty-handler-4.1.19.Final.jar:/home/travis/build/icyphy/ptII/lib/netty-resolver-4.1.19.Final.jar:/home/travis/build/icyphy/ptII/lib/netty-resolver-dns-4.1.19.Final.jar:/home/travis/build/icyphy/ptII/lib/netty-transport-4.1.19.Final.jar:/home/travis/build/icyphy/ptII/lib/vertx-codegen-3.5.1.jar:/home/travis/build/icyphy/ptII/lib/vertx-core-3.5.2-SNAPSHOT.jar:/home/travis/build/icyphy/ptII/lib/vertx-hazelcast-3.5.1.jar:/home/travis/build/icyphy/ptII/lib/vertx-lang-js-3.5.1.jar:/home/travis/build/icyphy/ptII/lib/vertx-service-proxy-3.5.1.jar:/home/travis/build/icyphy/ptII/lib/vertx-web-3.5.1.jar:/home/travis/build/icyphy/ptII/lib/slf4j-api-1.7.13.jar:/home/travis/build/icyphy/ptII/lib/slf4j-simple-1.7.13.jar:/home/travis/build/icyphy/ptII/lib/webcam-capture-0.3.12.jar:/home/travis/build/icyphy/ptII/lib/bridj-0.7.0.jar:/home/travis/build/icyphy/ptII/lib/xbjlib-1.1.0.nrjavaserial.jar" />
    <property name="timeout" value="2400000" />
    <property name="test.batch" value="**/junit/*.java" />
    <property name="env._" value="/usr/bin/timeout" />
    <property name="java.io.tmpdir" value="/tmp" />
    <property name="user.language" value="en" />
    <property name="env.TRAVIS_INTERNAL_RUBY_REGEX" value="^ruby-(2\.[0-4]\.[0-9]|1\.9\.3)" />
    <property name="env.HISTCONTROL" value="ignoredups:ignorespace" />
    <property name="env.GOROOT" value="/home/travis/.gimme/versions/go1.11.1.linux.amd64" />
    <property name="line.separator" value="&#xa;" />
    <property name="target" value="11" />
    <property name="env.TRAVIS_BUILD_DIR" value="/home/travis/build/icyphy/ptII" />
    <property name="env.ANT_OPTS" value="-Xmx2048m" />
    <property name="ant.file.type" value="file" />
    <property name="ptolemy.ptII.batchMode" value="true" />
    <property name="env.HISTSIZE" value="1000" />
    <property name="env.MERB_ENV" value="test" />
    <property name="java.vm.info" value="mixed mode" />
    <property name="source" value="11" />
    <property name="java.vm.specification.name" value="Java Virtual Machine Specification" />
    <property name="env.TRAVIS_TEST_RESULT" value="0" />
    <property name="jsdoc.command" value="node_modules/@terraswarm/jsdoc/jsdoc.js" />
    <property name="npm.works" value="true" />
    <property name="cobertura.dir" value="/home/travis/build/icyphy/ptII/vendors/cobertura-2.0.3" />
    <property name="env.rvm_path" value="/home/travis/.rvm" />
    <property name="env.GEM_PATH" value="/home/travis/.rvm/gems/ruby-2.5.3:/home/travis/.rvm/gems/ruby-2.5.3@global" />
    <property name="env.LC_CTYPE" value="en_US.UTF-8" />
    <property name="env.TRAVIS_CMD" value="$PTII/bin/ptIITravisBuild.sh $SECONDS" />
    <property name="java.awt.printerjob" value="sun.print.PSPrinterJob" />
    <property name="env.TRAVIS_STACK_NAME" value="sardonyx" />
    <property name="env.TRAVIS_TIMER_START_TIME" value="1562215133059187655" />
    <property name="ant.version" value="Apache Ant(TM) version 1.10.1 compiled on February 2 2017" />
    <property name="ptII.reports" value="/home/travis/build/icyphy/ptII/reports" />
    <property name="env.TRAVIS_STACK_TIMESTAMP" value="2019-03-25 16:16:56 UTC" />
    <property name="ant.file.type.ptII" value="file" />
    <property name="env.RBENV_SHELL" value="bash" />
    <property name="os.name" value="Linux" />
    <property name="java.specification.vendor" value="Oracle Corporation" />
    <property name="env.rvm_version" value="1.29.7 (latest)" />
    <property name="env.TRAVIS_INFRA" value="gce" />
    <property name="env.TERM" value="xterm" />
    <property name="java.vm.name" value="OpenJDK 64-Bit Server VM" />
    <property name="env.TRAVIS_BUILD_NUMBER" value="1193" />
    <property name="env.CI" value="true" />
    <property name="java.library.path" value="/home/travis/pthla/certi-tools/lib:/usr/lib/jni:/usr/local/share/OpenCV/java/:/usr/share/OpenCV/java::/usr/java/packages/lib:/usr/lib64:/lib64:/lib:/usr/lib" />
    <property name="env.rvm_prefix" value="/home/travis" />
    <property name="env.PATH" value="/home/travis/pthla/certi-tools/share/scripts:/home/travis/.rvm/gems/ruby-2.5.3/bin:/home/travis/.rvm/gems/ruby-2.5.3@global/bin:/home/travis/.rvm/rubies/ruby-2.5.3/bin:/home/travis/.rvm/bin:/home/travis/.nvm/versions/node/v7.10.1/bin:./node_modules/.bin:/home/travis/build/icyphy/ptII/bin:/home/travis/pthla/certi-tools/bin:/home/travis/bin:/home/travis/.local/bin:/usr/local/lib/jvm/openjdk11/bin:/opt/pyenv/shims:/home/travis/.phpenv/shims:/home/travis/perl5/perlbrew/bin:/home/travis/gopath/bin:/home/travis/.gimme/versions/go1.11.1.linux.amd64/bin:/usr/local/maven-3.6.0/bin:/usr/local/cmake-3.12.4/bin:/usr/local/clang-7.0.0/bin:/usr/local/sbin:/usr/local/bin:/usr/sbin:/usr/bin:/sbin:/bin:/snap/bin:/home/travis/.phpenv/bin:/opt/pyenv/bin:/home/travis/.yarn/bin" />
    <property name="env.TRAVIS_OS_NAME" value="linux" />
    <property name="ant.java.version" value="9" />
    <property name="basedir" value="/home/travis/build/icyphy/ptII" />
    <property name="java.class.version" value="55.0" />
    <property name="env.SHLVL" value="3" />
    <property name="env.LD_LIBRARY_PATH" value="/home/travis/pthla/certi-tools/lib:/usr/lib/jni:/usr/local/share/OpenCV/java/:/usr/share/OpenCV/java:" />
    <property name="env.RACK_ENV" value="test" />
    <property name="ant.home" value="/home/travis/build/icyphy/ptII/ant" />
    <property name="env.NVM_DIR" value="/home/travis/.nvm" />
    <property name="env.CERTI_FOM_PATH" value="/home/travis/pthla/certi-tools/share/federations" />
    <property name="env.TRAVIS_BUILD_ID" value="554063671" />
    <property name="env.PYENV_ROOT" value="/opt/pyenv" />
    <property name="env.TRAVIS_UID" value="2000" />
    <property name="env.NVM_BIN" value="/home/travis/.nvm/versions/node/v7.10.1/bin" />
    <property name="env.TRAVIS_COMMIT" value="bbbff3adea58fb0643306c381462affccc328551" />
    <property name="env._system_arch" value="x86_64" />
    <property name="node.executable" value="node" />
    <property name="sun.boot.library.path" value="/usr/local/lib/jvm/openjdk11/lib" />
    <property name="sun.management.compiler" value="HotSpot 64-Bit Tiered Compilers" />
    <property name="java.awt.graphicsenv" value="sun.awt.X11GraphicsEnvironment" />
    <property name="env.GOPATH" value="/home/travis/gopath" />
    <property name="ptolemy.ptII.dir" value="/home/travis/build/icyphy/ptII" />
    <property name="env.USER" value="travis" />
    <property name="env.HISTFILESIZE" value="2000" />
    <property name="timeout.longest" value="19000000" />
    <property name="env.PERLBREW_SHELLRC_VERSION" value="0.86" />
    <property name="env.TRAVIS_STACK_FEATURES" value="basic couchdb disabled-ipv6 docker docker-compose elasticsearch firefox go-toolchain google-chrome jdk memcached mongodb mysql nodejs_interpreter perl_interpreter perlbrew phantomjs postgresql python_interpreter redis ruby_interpreter sqlite xserver" />
    <property name="env.TRAVIS_PULL_REQUEST" value="false" />
    <property name="env.PYENV_SHELL" value="bash" />
    <property name="ant.project.name" value="ptII" />
    <property name="env.ANSI_RESET" value="\033[0m" />
    <property name="java.vm.specification.version" value="11" />
    <property name="env.TRAVIS_DIST" value="xenial" />
    <property name="env.CERTI_VERSION" value="4.0.0" />
    <property name="env.CERTI_HOST" value="localhost" />
    <property name="awt.toolkit" value="sun.awt.X11.XToolkit" />
    <property name="env.MY_RUBY_HOME" value="/home/travis/.rvm/rubies/ruby-2.5.3" />
    <property name="sun.cpu.isalist" value="" />
    <property name="env.TRAVIS_TMPDIR" value="/tmp/tmp.icMYpekPPx" />
    <property name="java.vm.compressedOopsMode" value="Zero based" />
    <property name="os.version" value="4.15.0-1028-gcp" />
    <property name="user.home" value="/home/travis" />
    <property name="java.vm.vendor" value="Oracle Corporation" />
    <property name="env.TRAVIS_TAG" value="nightly" />
    <property name="env.ANSI_YELLOW" value="\033[33;1m" />
    <property name="env.TRAVIS_FILTERED" value="redirect_io" />
    <property name="env.ANSI_GREEN" value="\033[32;1m" />
    <property name="env.JAVA_HOME" value="/usr/local/lib/jvm/openjdk11" />
    <property name="javadoc.excludepackagenames" value="adm.cvs2svn.*,build.*,config.*,doc.coding.templates.*,jni.test.jni.meaningOfLife.*,jni.test.jni.testDeux.*,jni.test.jni.testTrois.*,org.terraswarm.accessor.accessors.web.node_modules.*,org.terraswarm.accessor.accessors.web.hosts.cordova.demo.*,org.terraswarm.accessor.accessors.web.hosts.cordova.plugins.*,org.terraswarm.accessor.accessors-svn.*,pt-modules.*,ptolemy.apps.agilent.*,ptolemy.apps.anytimecontrol.*,ptolemy.apps.apes.*,ptolemy.apps.charon.*,ptolemy.apps.crazyboard.*,ptolemy.apps.eclipse.*,ptolemy.apps.etherealSting.*,ptolemy.apps.fullscreen.*,ptolemy.apps.giotto.*,ptolemy.apps.ia.*,ptolemy.apps.interfaces.*,ptolemy.apps.jmf.*,ptolemy.apps.kurt.*,ptolemy.apps.kvm.*,ptolemy.apps.lego.*,ptolemy.apps.lejos.*,ptolemy.apps.midp.*,ptolemy.apps.mobileCoding.*,ptolemy.apps.pendulum.*,ptolemy.apps.rijndael.*,ptolemy.apps.robot.*,ptolemy.apps.security.*,ptolemy.apps.sobel.*,ptolemy.apps.soot.*,ptolemy.apps.throttle.*,ptolemy.apps.tini.*,ptolemy.apps.transmission.*,ptolemy.apps.vergil.*,ptolemy.apps.waba.*,ptolemy.apps.websensor.*,ptolemy.apps.webstart.*,ptolemy.apps.xsl.*,ptolemy.apps.zaurus.*,ptolemy.codegen.c.actor.lib.oldJavaFiles.*,ptolemy.codegen.dsp.lib.*,ptolemy.codegen.kernel.newInterfaces.*,ptolemy.codegen.lib.*,ptolemy.copernicus.kernel.fragment.*,ptolemy.copernicus.shallow.cg.*,ptolemy.domains.giotto.demo.Hierarchy.Hierarchy.*,ptolemy.domains.giotto.demo.Multimode.Multimode.*,ptolemy.domains.giotto.demo.Simple.Simple.*,ptolemy.domains.gr.lib.experimental.*,ptolemy.domains.gro.*,ptolemy.domains.pdf.*,ptolemy.domains.ptinyos.demo.Surge.output.*,ptolemy.moml.test.NoPackageActor.java*,ptolemy.plot.adm.*,ptolemy.plot.servlet.*,reports.*,signed.*,src.*,target.*,vendors.*,ptolemy.copernicus.applet.*,ptolemy.media.viewer.*,ptolemy.actor.corba.*,doc.doclets.*,ptolemy.apps.eclipse.awt.*,ptolemy.backtrack.*,ptolemy.backtrack.ast.*,ptolemy.cg.adapter.generic.program.procedural.c.mbed*,ptolemy.homer.*,ptolemy.actor.lib.jjs.modules.audio.*,org.ptolemy.scala.*,diva.util.java2d.svg.*,ptolemy.domains.ptinyos.*,ptolemy.actor.lib.fmi.fmipp.*,,org.terraswarm.accessor.accessors.web.node_modules.*,org.terraswarm.accessor.accessors-svn,ptolemy.apps.*,ptolemy.actor.ptalon.demo.ptinyos.SendAndReceiveCnt.output,ptolemy.actor.ptalon.demo.ptinyos.SenseToLeds.output,ptolemy.domains.ptinyos.demo.CntToLedsAndRfm.output,ptolemy.domains.ptinyos.demo.RfmToLeds.output,ptolemy.domains.ptinyos.demo.SendAndReceiveCnt.output,ptolemy.domains.ptinyos.demo.SenseToLeds.output,ptolemy.actor.lib.jjs.modules.udpSocket.*" />
    <property name="env.PTII" value="/home/travis/build/icyphy/ptII" />
    <property name="env.XDG_SESSION_ID" value="2" />
    <property name="keystore" value="ptKeystore" />
    <property name="env.TRAVIS_COMMIT_MESSAGE" value="Attempt to force xenial distribution, hoping this will make xvfb work." />
    <property name="junit.output.dir" value="/home/travis/build/icyphy/ptII/reports/junit" />
    <property name="npm.return.code" value="0" />
    <property name="user.dir" value="/home/travis/build/icyphy/ptII/ptolemy/domains/de/test" />
    <property name="env.TRAVIS_NODE_VERSION" value="7" />
    <property name="env.TRAVIS_EVENT_TYPE" value="cron" />
    <property name="env.MAIL" value="/var/mail/travis" />
    <property name="env.PERLBREW_ROOT" value="/home/travis/perl5/perlbrew" />
    <property name="env.PWD" value="/home/travis/build/icyphy/ptII" />
    <property name="timeout.npm" value="45000" />
    <property name="env.PT_TRAVIS_TEST_CORE2_XML" value="true" />
    <property name="env.TRAVIS_ARCH" value="amd64" />
    <property name="sun.cpu.endian" value="little" />
    <property name="env.PAGER" value="cat" />
    <property name="env.TRAVIS_BUILD_STAGE_NAME" value="Test" />
    <property name="env.PERLBREW_HOME" value="/home/travis/.perlbrew" />
    <property name="java.vm.version" value="11.0.2+9" />
    <property name="env.RAILS_ENV" value="test" />
    <property name="java.class.path" value="/home/travis/build/icyphy/ptII:/home/travis/build/icyphy/ptII/lib/bsh-2.0b4.jar:/home/travis/build/icyphy/ptII/lib/ptCal.jar:/home/travis/build/icyphy/ptII/lib/java_cup.jar:/home/travis/build/icyphy/ptII/lib/saxon8.jar:/home/travis/build/icyphy/ptII/lib/saxon8-dom.jar:/home/travis/build/icyphy/ptII/lib/chic.jar:/home/travis/build/icyphy/ptII/lib/ptcolt.jar:/home/travis/build/icyphy/ptII/vendors/misc/itext/iText.jar:/home/travis/build/icyphy/ptII/lib/g4ltl.jar:/home/travis/build/icyphy/ptII/lib/StructuralCoder.jar:/home/travis/build/icyphy/ptII/vendors/jai-1_1_2_01/lib/jai_core.jar:/home/travis/build/icyphy/ptII/vendors/jai-1_1_2_01/lib/jai_codec.jar:/home/travis/build/icyphy/ptII/lib/jcerti.jar:/home/travis/build/icyphy/ptII/lib/javax.mail.jar:/home/travis/build/icyphy/ptII/vendors/JMF-2.1.1e/lib/jmf.jar:/home/travis/build/icyphy/ptII/lib/jna-4.0.0-variadic.jar:/home/travis/build/icyphy/ptII/vendors/misc/joystick/Joystick.jar:/home/travis/build/icyphy/ptII/lib/ptjacl.jar:/home/travis/build/icyphy/ptII/lib/jsoup-1.8.2.jar:/home/travis/build/icyphy/ptII/lib/junit-4.8.2.jar:/home/travis/build/icyphy/ptII/lib/JUnitParams-0.4.0.jar:/home/travis/build/icyphy/ptII/ptolemy/actor/lib/excel/jxl.jar:/home/travis/build/icyphy/ptII/lib/jython.jar:/home/travis/build/icyphy/ptII/lib/kieler.jar:/home/travis/build/icyphy/ptII/vendors/opencv/share/OpenCV/java/opencv-341.jar:/home/travis/build/icyphy/ptII/lib/oscP5.jar:/home/travis/build/icyphy/ptII/lib/nrjavaserial-3.11.0.devel.jar:/home/travis/build/icyphy/ptII/vendors/j3d/lib/j3dcore.jar:/home/travis/build/icyphy/ptII/vendors/j3d/lib/j3dutils.jar:/home/travis/build/icyphy/ptII/vendors/j3d/lib/vecmath.jar:/home/travis/build/icyphy/ptII/ptolemy/distributed/jini/jar/jini-core.jar:/home/travis/build/icyphy/ptII/ptolemy/distributed/jini/jar/jini-ext.jar:/home/travis/build/icyphy/ptII/ptolemy/distributed/jini/jar/sun-util.jar:/home/travis/build/icyphy/ptII/lib/protobuf-java-2.4.1.jar:/home/travis/build/icyphy/ptII/lib/org.eclipse.paho.client.mqttv3.jar:/home/travis/build/icyphy/ptII/lib/mapss.jar:/home/travis/build/icyphy/ptII/ptolemy/actor/ptalon/antlr/antlr.jar:/home/travis/build/icyphy/ptII/lib/JRI.jar:/home/travis/build/icyphy/ptII/lib/commons-lang-2.6.jar:/home/travis/build/icyphy/ptII/lib/commons-logging-1.1.1.jar:/home/travis/build/icyphy/ptII/lib/sootclasses.jar:/home/travis/build/icyphy/ptII/ptolemy/actor/lib/database/mysql-connector-java-5.1.6-bin.jar:/home/travis/build/icyphy/ptII/vendors/misc/sphinx4/sphinx4-data-5prealpha.jar:/home/travis/build/icyphy/ptII/vendors/misc/sphinx4/sphinx4-core-5prealpha.jar:/home/travis/build/icyphy/ptII/lib/PDFRenderer.jar:/home/travis/build/icyphy/ptII/lib/svgSalamander.jar:/home/travis/build/icyphy/ptII/lib/rsyntaxtextarea-2.6.0-SNAPSHOT.jar:/home/travis/build/icyphy/ptII/lib/hazelcast-3.8.2.jar:/home/travis/build/icyphy/ptII/lib/jackson-annotations-2.9.0.jar:/home/travis/build/icyphy/ptII/lib/jackson-core-2.9.3.jar:/home/travis/build/icyphy/ptII/lib/jackson-databind-2.9.3.jar:/home/travis/build/icyphy/ptII/lib/netty-buffer-4.1.19.Final.jar:/home/travis/build/icyphy/ptII/lib/netty-codec-4.1.19.Final.jar:/home/travis/build/icyphy/ptII/lib/netty-codec-dns-4.1.19.Final.jar:/home/travis/build/icyphy/ptII/lib/netty-codec-http-4.1.19.Final.jar:/home/travis/build/icyphy/ptII/lib/netty-codec-http2-4.1.19.Final.jar:/home/travis/build/icyphy/ptII/lib/netty-common-4.1.19.Final.jar:/home/travis/build/icyphy/ptII/lib/netty-handler-4.1.19.Final.jar:/home/travis/build/icyphy/ptII/lib/netty-resolver-4.1.19.Final.jar:/home/travis/build/icyphy/ptII/lib/netty-resolver-dns-4.1.19.Final.jar:/home/travis/build/icyphy/ptII/lib/netty-transport-4.1.19.Final.jar:/home/travis/build/icyphy/ptII/lib/vertx-codegen-3.5.1.jar:/home/travis/build/icyphy/ptII/lib/vertx-core-3.5.2-SNAPSHOT.jar:/home/travis/build/icyphy/ptII/lib/vertx-hazelcast-3.5.1.jar:/home/travis/build/icyphy/ptII/lib/vertx-lang-js-3.5.1.jar:/home/travis/build/icyphy/ptII/lib/vertx-service-proxy-3.5.1.jar:/home/travis/build/icyphy/ptII/lib/vertx-web-3.5.1.jar:/home/travis/build/icyphy/ptII/lib/slf4j-api-1.7.13.jar:/home/travis/build/icyphy/ptII/lib/slf4j-simple-1.7.13.jar:/home/travis/build/icyphy/ptII/lib/webcam-capture-0.3.12.jar:/home/travis/build/icyphy/ptII/lib/bridj-0.7.0.jar:/home/travis/build/icyphy/ptII/lib/xbjlib-1.1.0.nrjavaserial.jar:/home/travis/build/icyphy/ptII/ptolemy/moml/test:/home/travis/build/icyphy/ptII/ant/lib/ant-launcher.jar:/home/travis/build/icyphy/ptII/ant/lib/ant.jar:/home/travis/build/icyphy/ptII/ant/lib/ant-junit.jar:/home/travis/build/icyphy/ptII/ant/lib/ant-junit4.jar" />
    <property name="ant.library.dir" value="/home/travis/build/icyphy/ptII/ant/lib" />
    <property name="os.arch" value="amd64" />
    <property name="env.CONTINUOUS_INTEGRATION" value="true" />
    <property name="env.TRAVIS_LANGUAGE" value="node_js" />
    <property name="env.TRAVIS_STACK_LANGUAGES" value="__sardonyx__ c c++ clojure cplusplus cpp default generic go groovy java node_js php pure_java python ruby scala" />
    <property name="test.name" value="ptolemy.actor.lib.test.junit.JUnitTclTest" />
    <property name="env.APT_KEY_DONT_WARN_ON_DANGEROUS_USAGE" value="1" />
    <property name="sun.java.launcher" value="SUN_STANDARD" />
    <property name="env.PYTHON_CONFIGURE_OPTS" value="--enable-unicode=ucs4 --with-wide-unicode --enable-shared --enable-ipv6 --enable-loadable-sqlite-extensions --with-computed-gotos" />
    <property name="ant.core.lib" value="/home/travis/build/icyphy/ptII/ant/lib/ant.jar" />
    <property name="java.vm.specification.vendor" value="Oracle Corporation" />
    <property name="env.BCVTB_HOME" value="/home/travis/build/icyphy/ptII/lbnl" />
    <property name="file.separator" value="/" />
    <property name="spotbugs.home" value="/home/travis/build/icyphy/ptII/vendors/spotbugs-3.1.1" />
    <property name="java.runtime.version" value="11.0.2+9" />
    <property name="env.ANSI_CLEAR" value="\033[0K" />
    <property name="env.HAS_JOSH_K_SEAL_OF_APPROVAL" value="true" />
    <property name="env.XDG_RUNTIME_DIR" value="/run/user/2000" />
    <property name="env.TRAVIS_OSX_IMAGE" value="" />
    <property name="env.TRAVIS_JOB_ID" value="554063680" />
    <property name="env.TRAVIS_BRANCH" value="master" />
    <property name="user.country" value="US" />
    <property name="env.CERTI_HOME_TRAVIS" value="/home/travis/pthla/certi-tools" />
    <property name="env.SHELL" value="/bin/bash" />
    <property name="java.maxmemory.large" value="5000m" />
    <property name="model" value="" />
    <property name="env.CASHER_DIR" value="/home/travis/.casher" />
    <property name="env.NVM_CD_FLAGS" value="" />
    <property name="java.vendor.version" value="18.9" />
    <property name="jshint.executable" value="/home/travis/node_modules/jshint/bin/jshint" />
    <property name="env.JRUBY_OPTS" value=" --client -J-XX:+TieredCompilation -J-XX:TieredStopAtLevel=1 -J-Xss2m -Xcompile.invokedynamic=false" />
    <property name="java.vendor" value="Oracle Corporation" />
    <property name="env.TRAVIS_PRE_CHEF_BOOTSTRAP_TIME" value="2019-03-25T16:16:42" />
    <property name="env.TRAVIS_STACK_JOB_BOARD_REGISTER" value="/.job-board-register.yml" />
    <property name="env.ANSI_RED" value="\033[31;1m" />
    <property name="java.specification.version" value="11" />
    <property name="env.IRBRC" value="/home/travis/.rvm/rubies/ruby-2.5.3/.irbrc" />
    <property name="env.TRAVIS" value="true" />
    <property name="sun.arch.data.model" value="64" />
  </properties>
  <testcase classname="ptolemy.util.test.junit.TclTests" name="[0] /home/travis/build/icyphy/ptII/ptolemy/domains/de/test/DependencyLoop.tcl (RunTclFile)" time="1.007" />
  <testcase classname="ptolemy.util.test.junit.TclTests" name="[1] /home/travis/build/icyphy/ptII/ptolemy/domains/de/test/RunDETestsAsQSS.tcl (RunTclFile)" time="91.32" />
  <testcase classname="ptolemy.util.test.junit.AutoKnownFailedTests" name="[0] /home/travis/build/icyphy/ptII/ptolemy/domains/de/test/auto/knownFailedTests/DESDFClockTest.xml (RunModel)" time="2.038" />
  <testcase classname="ptolemy.util.test.junit.AutoKnownFailedTests" name="[1] /home/travis/build/icyphy/ptII/ptolemy/domains/de/test/auto/knownFailedTests/DirectFeedback.xml (RunModel)" time="0.014" />
  <testcase classname="ptolemy.util.test.junit.AutoKnownFailedTests" name="[2] /home/travis/build/icyphy/ptII/ptolemy/domains/de/test/auto/knownFailedTests/FSMSource.xml (RunModel)" time="0.03" />
  <testcase classname="ptolemy.util.test.junit.AutoKnownFailedTests" name="[3] /home/travis/build/icyphy/ptII/ptolemy/domains/de/test/auto/knownFailedTests/HierarchicalModel.xml (RunModel)" time="0.047" />
  <testcase classname="ptolemy.util.test.junit.AutoKnownFailedTests" name="[4] /home/travis/build/icyphy/ptII/ptolemy/domains/de/test/auto/knownFailedTests/dependencyLoop.xml (RunModel)" time="0.04" />
  <testcase classname="ptolemy.util.test.junit.AutoKnownFailedTests" name="[5] /home/travis/build/icyphy/ptII/ptolemy/domains/de/test/auto/knownFailedTests/dependencyLoop2.xml (RunModel)" time="0.044" />
  <testcase classname="ptolemy.util.test.junit.AutoNameArchTests" name="[0] ThereAreNoAutoArchTests (RunModel)" time="0.001" />
  <testcase classname="ptolemy.util.test.junit.AutoTests" name="[0] /home/travis/build/icyphy/ptII/ptolemy/domains/de/test/auto/ActorDepthCalculation_actorWithoutPorts.xml (RunModel)" time="0.029" />
  <testcase classname="ptolemy.util.test.junit.AutoTests" name="[1] /home/travis/build/icyphy/ptII/ptolemy/domains/de/test/auto/AssemblyLine.xml (RunModel)" time="0.022" />
  <testcase classname="ptolemy.util.test.junit.AutoTests" name="[2] /home/travis/build/icyphy/ptII/ptolemy/domains/de/test/auto/CQBug1.xml (RunModel)" time="0.009" />
  <testcase classname="ptolemy.util.test.junit.AutoTests" name="[3] /home/travis/build/icyphy/ptII/ptolemy/domains/de/test/auto/CancelFireAt.xml (RunModel)" time="0.012" />
  <testcase classname="ptolemy.util.test.junit.AutoTests" name="[4] /home/travis/build/icyphy/ptII/ptolemy/domains/de/test/auto/CausalityAndComposabilityAnalysis.xml (RunModel)" time="0.021" />
  <testcase classname="ptolemy.util.test.junit.AutoTests" name="[5] /home/travis/build/icyphy/ptII/ptolemy/domains/de/test/auto/CausalityInterface1.xml (RunModel)" time="0.02" />
  <testcase classname="ptolemy.util.test.junit.AutoTests" name="[6] /home/travis/build/icyphy/ptII/ptolemy/domains/de/test/auto/CausalityInterface15.xml (RunModel)" time="0.019" />
  <testcase classname="ptolemy.util.test.junit.AutoTests" name="[7] /home/travis/build/icyphy/ptII/ptolemy/domains/de/test/auto/CausalityInterface2.xml (RunModel)" time="0.013" />
  <testcase classname="ptolemy.util.test.junit.AutoTests" name="[8] /home/travis/build/icyphy/ptII/ptolemy/domains/de/test/auto/CausalityInterface3.xml (RunModel)" time="0.012" />
  <testcase classname="ptolemy.util.test.junit.AutoTests" name="[9] /home/travis/build/icyphy/ptII/ptolemy/domains/de/test/auto/ClockDrift.xml (RunModel)" time="0.041" />
  <testcase classname="ptolemy.util.test.junit.AutoTests" name="[10] /home/travis/build/icyphy/ptII/ptolemy/domains/de/test/auto/ClockDriftAndValueChange.xml (RunModel)" time="0.035" />
  <testcase classname="ptolemy.util.test.junit.AutoTests" name="[11] /home/travis/build/icyphy/ptII/ptolemy/domains/de/test/auto/ClockDriftChange.xml (RunModel)" time="0.039" />
  <testcase classname="ptolemy.util.test.junit.AutoTests" name="[12] /home/travis/build/icyphy/ptII/ptolemy/domains/de/test/auto/ComposableCausalityAnalysis.xml (RunModel)" time="0.015" />
  <testcase classname="ptolemy.util.test.junit.AutoTests" name="[13] /home/travis/build/icyphy/ptII/ptolemy/domains/de/test/auto/DEFixedPointLimitation.xml (RunModel)" time="0.009" />
  <testcase classname="ptolemy.util.test.junit.AutoTests" name="[14] /home/travis/build/icyphy/ptII/ptolemy/domains/de/test/auto/DEScheduleTest.xml (RunModel)" time="0.015" />
  <testcase classname="ptolemy.util.test.junit.AutoTests" name="[15] /home/travis/build/icyphy/ptII/ptolemy/domains/de/test/auto/DEinDEwithStartTimes.xml (RunModel)" time="0.022" />
  <testcase classname="ptolemy.util.test.junit.AutoTests" name="[16] /home/travis/build/icyphy/ptII/ptolemy/domains/de/test/auto/DEinDEwithStartTimes2.xml (RunModel)" time="0.013" />
  <testcase classname="ptolemy.util.test.junit.AutoTests" name="[17] /home/travis/build/icyphy/ptII/ptolemy/domains/de/test/auto/DateDemo.xml (RunModel)" time="0.035" />
  <testcase classname="ptolemy.util.test.junit.AutoTests" name="[18] /home/travis/build/icyphy/ptII/ptolemy/domains/de/test/auto/DateToEvent.xml (RunModel)" time="2.055" />
  <testcase classname="ptolemy.util.test.junit.AutoTests" name="[19] /home/travis/build/icyphy/ptII/ptolemy/domains/de/test/auto/DepthTest1.xml (RunModel)" time="0.007" />
  <testcase classname="ptolemy.util.test.junit.AutoTests" name="[20] /home/travis/build/icyphy/ptII/ptolemy/domains/de/test/auto/DepthTest2.xml (RunModel)" time="0.021" />
  <testcase classname="ptolemy.util.test.junit.AutoTests" name="[21] /home/travis/build/icyphy/ptII/ptolemy/domains/de/test/auto/DepthTest3.xml (RunModel)" time="0.014" />
  <testcase classname="ptolemy.util.test.junit.AutoTests" name="[22] /home/travis/build/icyphy/ptII/ptolemy/domains/de/test/auto/DepthTest4.xml (RunModel)" time="0.034" />
  <testcase classname="ptolemy.util.test.junit.AutoTests" name="[23] /home/travis/build/icyphy/ptII/ptolemy/domains/de/test/auto/DepthTest5.xml (RunModel)" time="0.015" />
  <testcase classname="ptolemy.util.test.junit.AutoTests" name="[24] /home/travis/build/icyphy/ptII/ptolemy/domains/de/test/auto/DepthTest6.xml (RunModel)" time="0.014" />
  <testcase classname="ptolemy.util.test.junit.AutoTests" name="[25] /home/travis/build/icyphy/ptII/ptolemy/domains/de/test/auto/DepthTest7.xml (RunModel)" time="0.013" />
  <testcase classname="ptolemy.util.test.junit.AutoTests" name="[26] /home/travis/build/icyphy/ptII/ptolemy/domains/de/test/auto/EventToDate.xml (RunModel)" time="3.046" />
  <testcase classname="ptolemy.util.test.junit.AutoTests" name="[27] /home/travis/build/icyphy/ptII/ptolemy/domains/de/test/auto/FSM1.xml (RunModel)" time="0.046" />
  <testcase classname="ptolemy.util.test.junit.AutoTests" name="[28] /home/travis/build/icyphy/ptII/ptolemy/domains/de/test/auto/FSM7.xml (RunModel)" time="0.041" />
  <testcase classname="ptolemy.util.test.junit.AutoTests" name="[29] /home/travis/build/icyphy/ptII/ptolemy/domains/de/test/auto/Inspection.xml (RunModel)" time="0.064" />
  <testcase classname="ptolemy.util.test.junit.AutoTests" name="[30] /home/travis/build/icyphy/ptII/ptolemy/domains/de/test/auto/Iteration.xml (RunModel)" time="0.024" />
  <testcase classname="ptolemy.util.test.junit.AutoTests" name="[31] /home/travis/build/icyphy/ptII/ptolemy/domains/de/test/auto/LineFault.xml (RunModel)" time="0.627" />
  <testcase classname="ptolemy.util.test.junit.AutoTests" name="[32] /home/travis/build/icyphy/ptII/ptolemy/domains/de/test/auto/MergeModel1Add.xml (RunModel)" time="0.06" />
  <testcase classname="ptolemy.util.test.junit.AutoTests" name="[33] /home/travis/build/icyphy/ptII/ptolemy/domains/de/test/auto/MergeModel2Add.xml (RunModel)" time="0.044" />
  <testcase classname="ptolemy.util.test.junit.AutoTests" name="[34] /home/travis/build/icyphy/ptII/ptolemy/domains/de/test/auto/MergeModel3Add.xml (RunModel)" time="0.049" />
  <testcase classname="ptolemy.util.test.junit.AutoTests" name="[35] /home/travis/build/icyphy/ptII/ptolemy/domains/de/test/auto/MergeWithoutDiscard.xml (RunModel)" time="0.015" />
  <testcase classname="ptolemy.util.test.junit.AutoTests" name="[36] /home/travis/build/icyphy/ptII/ptolemy/domains/de/test/auto/Modal1.xml (RunModel)" time="0.042" />
  <testcase classname="ptolemy.util.test.junit.AutoTests" name="[37] /home/travis/build/icyphy/ptII/ptolemy/domains/de/test/auto/Modal2.xml (RunModel)" time="0.036" />
  <testcase classname="ptolemy.util.test.junit.AutoTests" name="[38] /home/travis/build/icyphy/ptII/ptolemy/domains/de/test/auto/Modal3.xml (RunModel)" time="0.031" />
  <testcase classname="ptolemy.util.test.junit.AutoTests" name="[39] /home/travis/build/icyphy/ptII/ptolemy/domains/de/test/auto/Modal4.xml (RunModel)" time="0.041" />
  <testcase classname="ptolemy.util.test.junit.AutoTests" name="[40] /home/travis/build/icyphy/ptII/ptolemy/domains/de/test/auto/Modal5.xml (RunModel)" time="0.037" />
  <testcase classname="ptolemy.util.test.junit.AutoTests" name="[41] /home/travis/build/icyphy/ptII/ptolemy/domains/de/test/auto/Modal6.xml (RunModel)" time="0.031" />
  <testcase classname="ptolemy.util.test.junit.AutoTests" name="[42] /home/travis/build/icyphy/ptII/ptolemy/domains/de/test/auto/Modal7.xml (RunModel)" time="0.034" />
  <testcase classname="ptolemy.util.test.junit.AutoTests" name="[43] /home/travis/build/icyphy/ptII/ptolemy/domains/de/test/auto/ModalModel.xml (RunModel)" time="0.186" />
  <testcase classname="ptolemy.util.test.junit.AutoTests" name="[44] /home/travis/build/icyphy/ptII/ptolemy/domains/de/test/auto/ModalSource.xml (RunModel)" time="0.023" />
  <testcase classname="ptolemy.util.test.junit.AutoTests" name="[45] /home/travis/build/icyphy/ptII/ptolemy/domains/de/test/auto/NonInterruptibleTimerZeroDelay.xml (RunModel)" time="0.01" />
  <testcase classname="ptolemy.util.test.junit.AutoTests" name="[46] /home/travis/build/icyphy/ptII/ptolemy/domains/de/test/auto/OpenQueueingNetwork.xml (RunModel)" time="2.63" />
  <testcase classname="ptolemy.util.test.junit.AutoTests" name="[47] /home/travis/build/icyphy/ptII/ptolemy/domains/de/test/auto/OpenQueuingNetwork.xml (RunModel)" time="0.285" />
  <testcase classname="ptolemy.util.test.junit.AutoTests" name="[48] /home/travis/build/icyphy/ptII/ptolemy/domains/de/test/auto/PeriodicSampler.xml (RunModel)" time="0.011" />
  <testcase classname="ptolemy.util.test.junit.AutoTests" name="[49] /home/travis/build/icyphy/ptII/ptolemy/domains/de/test/auto/PersistentIO.xml (RunModel)" time="0.025" />
  <testcase classname="ptolemy.util.test.junit.AutoTests" name="[50] /home/travis/build/icyphy/ptII/ptolemy/domains/de/test/auto/PortParameterResetOnInitialize.xml (RunModel)" time="0.009" />
  <testcase classname="ptolemy.util.test.junit.AutoTests" name="[51] /home/travis/build/icyphy/ptII/ptolemy/domains/de/test/auto/PortParameterUpdates.xml (RunModel)" time="0.013" />
  <testcase classname="ptolemy.util.test.junit.AutoTests" name="[52] /home/travis/build/icyphy/ptII/ptolemy/domains/de/test/auto/QueueAndServer.xml (RunModel)" time="0.026" />
  <testcase classname="ptolemy.util.test.junit.AutoTests" name="[53] /home/travis/build/icyphy/ptII/ptolemy/domains/de/test/auto/Records.xml (RunModel)" time="0.014" />
  <testcase classname="ptolemy.util.test.junit.AutoTests" name="[54] /home/travis/build/icyphy/ptII/ptolemy/domains/de/test/auto/ResetTransitionWithStartTime1.xml (RunModel)" time="0.017" />
  <testcase classname="ptolemy.util.test.junit.AutoTests" name="[55] /home/travis/build/icyphy/ptII/ptolemy/domains/de/test/auto/ResetTransitionWithStartTime2.xml (RunModel)" time="0.018" />
  <testcase classname="ptolemy.util.test.junit.AutoTests" name="[56] /home/travis/build/icyphy/ptII/ptolemy/domains/de/test/auto/ResetTransitionWithStartTime3.xml (RunModel)" time="0.018" />
  <testcase classname="ptolemy.util.test.junit.AutoTests" name="[57] /home/travis/build/icyphy/ptII/ptolemy/domains/de/test/auto/ResetTransitionWithStartTime4.xml (RunModel)" time="0.017" />
  <testcase classname="ptolemy.util.test.junit.AutoTests" name="[58] /home/travis/build/icyphy/ptII/ptolemy/domains/de/test/auto/ResettableTimer1.xml (RunModel)" time="0.011" />
  <testcase classname="ptolemy.util.test.junit.AutoTests" name="[59] /home/travis/build/icyphy/ptII/ptolemy/domains/de/test/auto/ResettableTimer2.xml (RunModel)" time="0.01" />
  <testcase classname="ptolemy.util.test.junit.AutoTests" name="[60] /home/travis/build/icyphy/ptII/ptolemy/domains/de/test/auto/ResettableTimer3.xml (RunModel)" time="0.008" />
  <testcase classname="ptolemy.util.test.junit.AutoTests" name="[61] /home/travis/build/icyphy/ptII/ptolemy/domains/de/test/auto/ResettableTimer4.xml (RunModel)" time="0.009" />
  <testcase classname="ptolemy.util.test.junit.AutoTests" name="[62] /home/travis/build/icyphy/ptII/ptolemy/domains/de/test/auto/ResettableTimer5.xml (RunModel)" time="0.009" />
  <testcase classname="ptolemy.util.test.junit.AutoTests" name="[63] /home/travis/build/icyphy/ptII/ptolemy/domains/de/test/auto/ResettableTimer6.xml (RunModel)" time="0.018" />
  <testcase classname="ptolemy.util.test.junit.AutoTests" name="[64] /home/travis/build/icyphy/ptII/ptolemy/domains/de/test/auto/ServerZeroDelay.xml (RunModel)" time="0.012" />
  <testcase classname="ptolemy.util.test.junit.AutoTests" name="[65] /home/travis/build/icyphy/ptII/ptolemy/domains/de/test/auto/SmartSender.xml (RunModel)" time="3.01" />
  <testcase classname="ptolemy.util.test.junit.AutoTests" name="[66] /home/travis/build/icyphy/ptII/ptolemy/domains/de/test/auto/ThreadedComposite.xml (RunModel)" time="0.136" />
  <testcase classname="ptolemy.util.test.junit.AutoTests" name="[67] /home/travis/build/icyphy/ptII/ptolemy/domains/de/test/auto/Time.xml (RunModel)" time="0.474" />
  <testcase classname="ptolemy.util.test.junit.AutoTests" name="[68] /home/travis/build/icyphy/ptII/ptolemy/domains/de/test/auto/TimeDelayZeroDelay.xml (RunModel)" time="0.012" />
  <testcase classname="ptolemy.util.test.junit.AutoTests" name="[69] /home/travis/build/icyphy/ptII/ptolemy/domains/de/test/auto/TimerZeroDelay.xml (RunModel)" time="0.009" />
  <testcase classname="ptolemy.util.test.junit.AutoTests" name="[70] /home/travis/build/icyphy/ptII/ptolemy/domains/de/test/auto/TimingParadox.xml (RunModel)" time="0.382" />
  <testcase classname="ptolemy.util.test.junit.AutoTests" name="[71] /home/travis/build/icyphy/ptII/ptolemy/domains/de/test/auto/TransferInputs.xml (RunModel)" time="0.014" />
  <testcase classname="ptolemy.util.test.junit.AutoTests" name="[72] /home/travis/build/icyphy/ptII/ptolemy/domains/de/test/auto/TransferOutputs2.xml (RunModel)" time="0.013" />
  <testcase classname="ptolemy.util.test.junit.AutoTests" name="[73] /home/travis/build/icyphy/ptII/ptolemy/domains/de/test/auto/Trilateration.xml (RunModel)" time="12.766" />
  <testcase classname="ptolemy.util.test.junit.AutoTests" name="[74] /home/travis/build/icyphy/ptII/ptolemy/domains/de/test/auto/TwoSigmaDelta.xml (RunModel)" time="2.319" />
  <testcase classname="ptolemy.util.test.junit.AutoTests" name="[75] /home/travis/build/icyphy/ptII/ptolemy/domains/de/test/auto/VariableDelay.xml (RunModel)" time="0.024" />
  <testcase classname="ptolemy.util.test.junit.AutoTests" name="[76] /home/travis/build/icyphy/ptII/ptolemy/domains/de/test/auto/VariableDelay2.xml (RunModel)" time="0.014" />
  <testcase classname="ptolemy.util.test.junit.AutoTests" name="[77] /home/travis/build/icyphy/ptII/ptolemy/domains/de/test/auto/VariableDelayZeroDelay.xml (RunModel)" time="0.032" />
  <testcase classname="ptolemy.util.test.junit.AutoTests" name="[78] /home/travis/build/icyphy/ptII/ptolemy/domains/de/test/auto/VariableDelayZeroDelay2.xml (RunModel)" time="0.016" />
  <testcase classname="ptolemy.util.test.junit.AutoTests" name="[79] /home/travis/build/icyphy/ptII/ptolemy/domains/de/test/auto/deInCt.xml (RunModel)" time="0.017" />
  <testcase classname="ptolemy.util.test.junit.AutoTests" name="[80] /home/travis/build/icyphy/ptII/ptolemy/domains/de/test/auto/deInCt2.xml (RunModel)" time="0.02" />
  <testcase classname="ptolemy.util.test.junit.AutoTests" name="[81] /home/travis/build/icyphy/ptII/ptolemy/domains/de/test/auto/dynamicCausalityInterface1.xml (RunModel)" time="0.017" />
  <testcase classname="ptolemy.util.test.junit.AutoTests" name="[82] /home/travis/build/icyphy/ptII/ptolemy/domains/de/test/auto/fsm_de_test.xml (RunModel)" time="0.02" />
  <testcase classname="ptolemy.util.test.junit.AutoTests" name="[83] /home/travis/build/icyphy/ptII/ptolemy/domains/de/test/auto/functionDependencyReconstruction.xml (RunModel)" time="0.032" />
  <testcase classname="ptolemy.util.test.junit.AutoTests" name="[84] /home/travis/build/icyphy/ptII/ptolemy/domains/de/test/auto/multirate.xml (RunModel)" time="0.015" />
  <testcase classname="ptolemy.util.test.junit.AutoTests" name="[85] /home/travis/build/icyphy/ptII/ptolemy/domains/de/test/auto/multirate2.xml (RunModel)" time="0.021" />
  <testcase classname="ptolemy.util.test.junit.AutoTests" name="[86] /home/travis/build/icyphy/ptII/ptolemy/domains/de/test/auto/realtime.xml (RunModel)" time="10.01" />
  <testcase classname="ptolemy.util.test.junit.AutoTests" name="[87] /home/travis/build/icyphy/ptII/ptolemy/domains/de/test/auto/relationGroup.xml (RunModel)" time="0.018" />
  <testcase classname="ptolemy.util.test.junit.AutoTests" name="[88] /home/travis/build/icyphy/ptII/ptolemy/domains/de/test/auto/relationGroup2.xml (RunModel)" time="0.012" />
  <testcase classname="ptolemy.util.test.junit.AutoTests" name="[89] /home/travis/build/icyphy/ptII/ptolemy/domains/de/test/auto/sortWithOpaquePorts.xml (RunModel)" time="0.022" />
  <testcase classname="ptolemy.util.test.junit.AutoTests" name="[90] /home/travis/build/icyphy/ptII/ptolemy/domains/de/test/auto/transferInputsandOutputs.xml (RunModel)" time="0.023" />
  <testcase classname="ptolemy.util.test.junit.AutoTests" name="[91] /home/travis/build/icyphy/ptII/ptolemy/domains/de/test/auto/triggerType.xml (RunModel)" time="0.009" />
  <system-out><![CDATA[/home/travis/build/icyphy/ptII/ptolemy/domains/de/test/DependencyLoop.tcl
testDefs.tcl: setting time out to 9000 seconds at Thu Jul 04 04:42:32 UTC 2019
66 ms. Memory: 120832K Free: 100152K (83%)
26 ms. Memory: 159744K Free: 142723K (89%)
/home/travis/build/icyphy/ptII/ptolemy/domains/de/test/RunDETestsAsQSS.tcl
Run the DE tests using ptolemy.domains.qss.test.QSSDirectorTest, which extends QSSDirector and prints a message in the constructors.
------------------ testing $PTII/ptolemy/domains/de/test/auto/knownFailedTests/DirectFeedback.xml (Known Failure) 
65 ms. Memory: 159744K Free: 137673K (86%)


==== $PTIIhome/travis/build/icyphy/ptII/ptolemy/domains/de/test/../../../../: Auto Automatic test in file $PTII/ptolemy/domains/de/test/auto/knownFailedTests/DirectFeedback.xml
==== Contents of test case:

	    # FIXME: we should use $relativeFilename here, but it
	    # might have backslashes under Windows, which causes no end
	    # of trouble.
	    createAndExecute $file
	    list {}
	
.... Test generated KNOWN error:
    while executing
ptolemy.kernel.util.IllegalActionException: Test fails in iteration 1.
Value was: 1.0. Should have been: 2.0
  in .DirectFeedback.Test
	at ptolemy.actor.lib.Test.fire(Test.java:268)
	at ptolemy.domains.de.kernel.DEDirector._fire(DEDirector.java:1949)
	at ptolemy.domains.de.kernel.DEDirector.fire(DEDirector.java:502)
	at ptolemy.actor.CompositeActor.fire(CompositeActor.java:455)
	at ptolemy.actor.Manager.iterate(Manager.java:851)
	at ptolemy.actor.Manager.execute(Manager.java:369)
	at ptolemy.actor.Manager.run(Manager.java:1263)
	at ptolemy.actor.Manager$PtolemyRunThread.run(Manager.java:1915)

    while executing
ptolemy.kernel.util.IllegalActionException: Test fails in iteration 1.
Value was: 1.0. Should have been: 2.0
  in .DirectFeedback.Test
    while executing
"java::new ptolemy.moml.MoMLSimpleApplication $file
"
    (procedure "createAndExecute" line 2)
    invoked from within
"createAndExecute $file"
    ("uplevel" body line 5)
    invoked from within
"uplevel $contents_of_test"
------------------ testing $PTII/ptolemy/domains/de/test/auto/knownFailedTests/dependencyLoop.xml (Known Failure) 
9 ms. Memory: 159744K Free: 134856K (84%)


==== $PTIIhome/travis/build/icyphy/ptII/ptolemy/domains/de/test/../../../../: Auto Automatic test in file $PTII/ptolemy/domains/de/test/auto/knownFailedTests/dependencyLoop.xml
==== Contents of test case:

	    # FIXME: we should use $relativeFilename here, but it
	    # might have backslashes under Windows, which causes no end
	    # of trouble.
	    createAndExecute $file
	    list {}
	
.... Test generated KNOWN error:
    while executing
ptolemy.kernel.util.IllegalActionException: Found a zero delay loop containing .dependencyLoop.original
  in .dependencyLoop and .dependencyLoop.original
	at ptolemy.actor.util.CausalityInterfaceForComposites._computeOutputPortDepth(CausalityInterfaceForComposites.java:759)
	at ptolemy.actor.util.CausalityInterfaceForComposites._computeInputDepth(CausalityInterfaceForComposites.java:696)
	at ptolemy.actor.util.CausalityInterfaceForComposites._computeOutputPortDepth(CausalityInterfaceForComposites.java:765)
	at ptolemy.actor.util.CausalityInterfaceForComposites._computeInputDepth(CausalityInterfaceForComposites.java:696)
	at ptolemy.actor.util.CausalityInterfaceForComposites._computeOutputPortDepth(CausalityInterfaceForComposites.java:765)
	at ptolemy.actor.util.CausalityInterfaceForComposites._computeInputDepth(CausalityInterfaceForComposites.java:696)
	at ptolemy.actor.util.CausalityInterfaceForComposites._computeActorDepth(CausalityInterfaceForComposites.java:532)
	at ptolemy.actor.util.CausalityInterfaceForComposites.checkForCycles(CausalityInterfaceForComposites.java:96)
	at ptolemy.domains.de.kernel.DEDirector.preinitialize(DEDirector.java:1338)
	at ptolemy.actor.CompositeActor.preinitialize(CompositeActor.java:1828)
	at ptolemy.actor.Manager.preinitializeAndResolveTypes(Manager.java:1040)
	at ptolemy.actor.Manager.initialize(Manager.java:710)
	at ptolemy.actor.Manager.execute(Manager.java:356)
	at ptolemy.actor.Manager.run(Manager.java:1263)
	at ptolemy.actor.Manager$PtolemyRunThread.run(Manager.java:1915)

    while executing
ptolemy.kernel.util.IllegalActionException: Found a zero delay loop containing .dependencyLoop.original
  in .dependencyLoop and .dependencyLoop.original
    while executing
"java::new ptolemy.moml.MoMLSimpleApplication $file
"
    (procedure "createAndExecute" line 2)
    invoked from within
"createAndExecute $file"
    ("uplevel" body line 5)
    invoked from within
"uplevel $contents_of_test"
------------------ testing $PTII/ptolemy/domains/de/test/auto/knownFailedTests/FSMSource.xml (Known Failure) 
83 ms. Memory: 159744K Free: 126409K (79%)
!!!! Auto was marked as failing, but now passes
------------------ testing $PTII/ptolemy/domains/de/test/auto/knownFailedTests/HierarchicalModel.xml (Known Failure) 
6 ms. Memory: 159744K Free: 140306K (88%)


==== $PTIIhome/travis/build/icyphy/ptII/ptolemy/domains/de/test/../../../../: Auto Automatic test in file $PTII/ptolemy/domains/de/test/auto/knownFailedTests/HierarchicalModel.xml
==== Contents of test case:

	    # FIXME: we should use $relativeFilename here, but it
	    # might have backslashes under Windows, which causes no end
	    # of trouble.
	    createAndExecute $file
	    list {}
	
.... Test generated KNOWN error:
    while executing
ptolemy.kernel.util.IllegalActionException: Found a zero delay loop containing .HierarchicalModel.A
  in .HierarchicalModel and .HierarchicalModel.A
	at ptolemy.actor.util.CausalityInterfaceForComposites._computeOutputPortDepth(CausalityInterfaceForComposites.java:759)
	at ptolemy.actor.util.CausalityInterfaceForComposites._computeInputDepth(CausalityInterfaceForComposites.java:696)
	at ptolemy.actor.util.CausalityInterfaceForComposites._computeOutputPortDepth(CausalityInterfaceForComposites.java:765)
	at ptolemy.actor.util.CausalityInterfaceForComposites._computeInputDepth(CausalityInterfaceForComposites.java:696)
	at ptolemy.actor.util.CausalityInterfaceForComposites._computeOutputPortDepth(CausalityInterfaceForComposites.java:765)
	at ptolemy.actor.util.CausalityInterfaceForComposites._computeInputDepth(CausalityInterfaceForComposites.java:696)
	at ptolemy.actor.util.CausalityInterfaceForComposites._computeActorDepth(CausalityInterfaceForComposites.java:532)
	at ptolemy.actor.util.CausalityInterfaceForComposites.checkForCycles(CausalityInterfaceForComposites.java:96)
	at ptolemy.domains.de.kernel.DEDirector.preinitialize(DEDirector.java:1338)
	at ptolemy.actor.CompositeActor.preinitialize(CompositeActor.java:1828)
	at ptolemy.actor.Manager.preinitializeAndResolveTypes(Manager.java:1040)
	at ptolemy.actor.Manager.initialize(Manager.java:710)
	at ptolemy.actor.Manager.execute(Manager.java:356)
	at ptolemy.actor.Manager.run(Manager.java:1263)
	at ptolemy.actor.Manager$PtolemyRunThread.run(Manager.java:1915)

    while executing
ptolemy.kernel.util.IllegalActionException: Found a zero delay loop containing .HierarchicalModel.A
  in .HierarchicalModel and .HierarchicalModel.A
    while executing
"java::new ptolemy.moml.MoMLSimpleApplication $file
"
    (procedure "createAndExecute" line 2)
    invoked from within
"createAndExecute $file"
    ("uplevel" body line 5)
    invoked from within
"uplevel $contents_of_test"
------------------ testing $PTII/ptolemy/domains/de/test/auto/knownFailedTests/dependencyLoop2.xml (Known Failure) 
6 ms. Memory: 159744K Free: 123922K (78%)


==== $PTIIhome/travis/build/icyphy/ptII/ptolemy/domains/de/test/../../../../: Auto Automatic test in file $PTII/ptolemy/domains/de/test/auto/knownFailedTests/dependencyLoop2.xml
==== Contents of test case:

	    # FIXME: we should use $relativeFilename here, but it
	    # might have backslashes under Windows, which causes no end
	    # of trouble.
	    createAndExecute $file
	    list {}
	
.... Test generated KNOWN error:
    while executing
ptolemy.kernel.util.IllegalActionException: Found a zero delay loop containing .dependencyLoop2.original
  in .dependencyLoop2 and .dependencyLoop2.original
	at ptolemy.actor.util.CausalityInterfaceForComposites._computeOutputPortDepth(CausalityInterfaceForComposites.java:759)
	at ptolemy.actor.util.CausalityInterfaceForComposites._computeInputDepth(CausalityInterfaceForComposites.java:696)
	at ptolemy.actor.util.CausalityInterfaceForComposites._computeOutputPortDepth(CausalityInterfaceForComposites.java:765)
	at ptolemy.actor.util.CausalityInterfaceForComposites._computeInputDepth(CausalityInterfaceForComposites.java:696)
	at ptolemy.actor.util.CausalityInterfaceForComposites._computeOutputPortDepth(CausalityInterfaceForComposites.java:765)
	at ptolemy.actor.util.CausalityInterfaceForComposites._computeInputDepth(CausalityInterfaceForComposites.java:696)
	at ptolemy.actor.util.CausalityInterfaceForComposites._computeActorDepth(CausalityInterfaceForComposites.java:532)
	at ptolemy.actor.util.CausalityInterfaceForComposites.checkForCycles(CausalityInterfaceForComposites.java:96)
	at ptolemy.domains.de.kernel.DEDirector.preinitialize(DEDirector.java:1338)
	at ptolemy.actor.CompositeActor.preinitialize(CompositeActor.java:1828)
	at ptolemy.actor.Manager.preinitializeAndResolveTypes(Manager.java:1040)
	at ptolemy.actor.Manager.initialize(Manager.java:710)
	at ptolemy.actor.Manager.execute(Manager.java:356)
	at ptolemy.actor.Manager.run(Manager.java:1263)
	at ptolemy.actor.Manager$PtolemyRunThread.run(Manager.java:1915)

    while executing
ptolemy.kernel.util.IllegalActionException: Found a zero delay loop containing .dependencyLoop2.original
  in .dependencyLoop2 and .dependencyLoop2.original
    while executing
"java::new ptolemy.moml.MoMLSimpleApplication $file
"
    (procedure "createAndExecute" line 2)
    invoked from within
"createAndExecute $file"
    ("uplevel" body line 5)
    invoked from within
"uplevel $contents_of_test"
------------------ testing $PTII/ptolemy/domains/de/test/auto/knownFailedTests/DESDFClockTest.xml (Known Failure) 
2078 ms. Memory: 159744K Free: 111634K (70%)


==== $PTIIhome/travis/build/icyphy/ptII/ptolemy/domains/de/test/../../../../: Auto Automatic test in file $PTII/ptolemy/domains/de/test/auto/knownFailedTests/DESDFClockTest.xml
==== Contents of test case:

	    # FIXME: we should use $relativeFilename here, but it
	    # might have backslashes under Windows, which causes no end
	    # of trouble.
	    createAndExecute $file
	    list {}
	
.... Test generated KNOWN error:
    while executing
ptolemy.kernel.util.IllegalActionException: Actor is not ready to fire.  Perhaps UpSample.prefire() returned false? Try debugging the actor by selecting "Listen to Actor".  Also, for SDF check moml for tokenConsumptionRate on input.
  in .DESDFClockTest.Play Bell.Copy1:SDF Director and .DESDFClockTest.Play Bell.UpSample
	at ptolemy.actor.sched.StaticSchedulingDirector.fire(StaticSchedulingDirector.java:227)
	at ptolemy.domains.sdf.kernel.SDFDirector.fire(SDFDirector.java:500)
	at ptolemy.actor.CompositeActor.fire(CompositeActor.java:455)
	at ptolemy.domains.de.kernel.DEDirector._fire(DEDirector.java:1949)
	at ptolemy.domains.de.kernel.DEDirector.fire(DEDirector.java:502)
	at ptolemy.actor.CompositeActor.fire(CompositeActor.java:455)
	at ptolemy.actor.Manager.iterate(Manager.java:851)
	at ptolemy.actor.Manager.execute(Manager.java:369)
	at ptolemy.actor.Manager.run(Manager.java:1263)
	at ptolemy.actor.Manager$PtolemyRunThread.run(Manager.java:1915)

    while executing
ptolemy.kernel.util.IllegalActionException: Actor is not ready to fire.  Perhaps UpSample.prefire() returned false? Try debugging the actor by selecting "Listen to Actor".  Also, for SDF check moml for tokenConsumptionRate on input.
  in .DESDFClockTest.Play Bell.Copy1:SDF Director and .DESDFClockTest.Play Bell.UpSample
    while executing
"java::new ptolemy.moml.MoMLSimpleApplication $file
"
    (procedure "createAndExecute" line 2)
    invoked from within
"createAndExecute $file"
    ("uplevel" body line 5)
    invoked from within
"uplevel $contents_of_test"
------------------ testing $PTII/ptolemy/domains/de/test/auto/ActorDepthCalculation_actorWithoutPorts.xml
auto.tcl: Setting watchdog for 200 seconds at Thu Jul 04 04:42:36 UTC 2019
11 ms. Memory: 159744K Free: 104466K (65%)
ptolemy.util.test.WatchDog.cancel(): canceling Thu Jul 04 04:42:36 UTC 2019
auto.tcl: Setting watchdog for 200 seconds at Thu Jul 04 04:42:36 UTC 2019
5 ms. Memory: 159744K Free: 102913K (64%)
ptolemy.util.test.WatchDog.cancel(): canceling Thu Jul 04 04:42:36 UTC 2019
------------------ testing $PTII/ptolemy/domains/de/test/auto/AssemblyLine.xml
auto.tcl: Setting watchdog for 200 seconds at Thu Jul 04 04:42:37 UTC 2019
17 ms. Memory: 45056K Free: 23393K (52%)
ptolemy.util.test.WatchDog.cancel(): canceling Thu Jul 04 04:42:37 UTC 2019
auto.tcl: Setting watchdog for 200 seconds at Thu Jul 04 04:42:37 UTC 2019
9 ms. Memory: 45056K Free: 22851K (51%)
ptolemy.util.test.WatchDog.cancel(): canceling Thu Jul 04 04:42:37 UTC 2019
------------------ testing $PTII/ptolemy/domains/de/test/auto/CQBug1.xml
auto.tcl: Setting watchdog for 200 seconds at Thu Jul 04 04:42:37 UTC 2019
3 ms. Memory: 45056K Free: 29048K (64%)
ptolemy.util.test.WatchDog.cancel(): canceling Thu Jul 04 04:42:37 UTC 2019
auto.tcl: Setting watchdog for 200 seconds at Thu Jul 04 04:42:37 UTC 2019
4 ms. Memory: 45056K Free: 28448K (63%)
ptolemy.util.test.WatchDog.cancel(): canceling Thu Jul 04 04:42:37 UTC 2019
------------------ testing $PTII/ptolemy/domains/de/test/auto/CancelFireAt.xml
auto.tcl: Setting watchdog for 200 seconds at Thu Jul 04 04:42:37 UTC 2019
4 ms. Memory: 45056K Free: 30025K (67%)
ptolemy.util.test.WatchDog.cancel(): canceling Thu Jul 04 04:42:37 UTC 2019
auto.tcl: Setting watchdog for 200 seconds at Thu Jul 04 04:42:37 UTC 2019
2 ms. Memory: 45056K Free: 29709K (66%)
ptolemy.util.test.WatchDog.cancel(): canceling Thu Jul 04 04:42:37 UTC 2019
------------------ testing $PTII/ptolemy/domains/de/test/auto/CausalityAndComposabilityAnalysis.xml
auto.tcl: Setting watchdog for 200 seconds at Thu Jul 04 04:42:37 UTC 2019
19 ms. Memory: 45056K Free: 28208K (63%)
ptolemy.util.test.WatchDog.cancel(): canceling Thu Jul 04 04:42:37 UTC 2019
auto.tcl: Setting watchdog for 200 seconds at Thu Jul 04 04:42:37 UTC 2019
9 ms. Memory: 45056K Free: 27592K (61%)
ptolemy.util.test.WatchDog.cancel(): canceling Thu Jul 04 04:42:37 UTC 2019
------------------ testing $PTII/ptolemy/domains/de/test/auto/CausalityInterface1.xml
auto.tcl: Setting watchdog for 200 seconds at Thu Jul 04 04:42:37 UTC 2019
30 ms. Memory: 45056K Free: 26702K (59%)
ptolemy.util.test.WatchDog.cancel(): canceling Thu Jul 04 04:42:37 UTC 2019
auto.tcl: Setting watchdog for 200 seconds at Thu Jul 04 04:42:37 UTC 2019
5 ms. Memory: 45056K Free: 25994K (58%)
ptolemy.util.test.WatchDog.cancel(): canceling Thu Jul 04 04:42:38 UTC 2019
------------------ testing $PTII/ptolemy/domains/de/test/auto/CausalityInterface15.xml
auto.tcl: Setting watchdog for 200 seconds at Thu Jul 04 04:42:38 UTC 2019
5 ms. Memory: 45056K Free: 27083K (60%)
ptolemy.util.test.WatchDog.cancel(): canceling Thu Jul 04 04:42:38 UTC 2019
auto.tcl: Setting watchdog for 200 seconds at Thu Jul 04 04:42:38 UTC 2019
7 ms. Memory: 45056K Free: 25959K (58%)
ptolemy.util.test.WatchDog.cancel(): canceling Thu Jul 04 04:42:38 UTC 2019
------------------ testing $PTII/ptolemy/domains/de/test/auto/CausalityInterface2.xml
auto.tcl: Setting watchdog for 200 seconds at Thu Jul 04 04:42:38 UTC 2019
5 ms. Memory: 45056K Free: 27568K (61%)
ptolemy.util.test.WatchDog.cancel(): canceling Thu Jul 04 04:42:38 UTC 2019
auto.tcl: Setting watchdog for 200 seconds at Thu Jul 04 04:42:38 UTC 2019
3 ms. Memory: 45056K Free: 26847K (60%)
ptolemy.util.test.WatchDog.cancel(): canceling Thu Jul 04 04:42:38 UTC 2019
------------------ testing $PTII/ptolemy/domains/de/test/auto/CausalityInterface3.xml
auto.tcl: Setting watchdog for 200 seconds at Thu Jul 04 04:42:38 UTC 2019
5 ms. Memory: 45056K Free: 27165K (60%)
ptolemy.util.test.WatchDog.cancel(): canceling Thu Jul 04 04:42:38 UTC 2019
auto.tcl: Setting watchdog for 200 seconds at Thu Jul 04 04:42:38 UTC 2019
4 ms. Memory: 45056K Free: 26533K (59%)
ptolemy.util.test.WatchDog.cancel(): canceling Thu Jul 04 04:42:38 UTC 2019
------------------ testing $PTII/ptolemy/domains/de/test/auto/ClockDrift.xml
auto.tcl: Setting watchdog for 200 seconds at Thu Jul 04 04:42:38 UTC 2019
80 ms. Memory: 45056K Free: 19614K (44%)
ptolemy.util.test.WatchDog.cancel(): canceling Thu Jul 04 04:42:38 UTC 2019
auto.tcl: Setting watchdog for 200 seconds at Thu Jul 04 04:42:38 UTC 2019
64 ms. Memory: 45056K Free: 16627K (37%)
ptolemy.util.test.WatchDog.cancel(): canceling Thu Jul 04 04:42:38 UTC 2019
------------------ testing $PTII/ptolemy/domains/de/test/auto/ClockDriftAndValueChange.xml
auto.tcl: Setting watchdog for 200 seconds at Thu Jul 04 04:42:38 UTC 2019
28 ms. Memory: 45056K Free: 19931K (44%)
ptolemy.util.test.WatchDog.cancel(): canceling Thu Jul 04 04:42:38 UTC 2019
auto.tcl: Setting watchdog for 200 seconds at Thu Jul 04 04:42:38 UTC 2019
26 ms. Memory: 45056K Free: 16930K (38%)
ptolemy.util.test.WatchDog.cancel(): canceling Thu Jul 04 04:42:38 UTC 2019
------------------ testing $PTII/ptolemy/domains/de/test/auto/ClockDriftChange.xml
auto.tcl: Setting watchdog for 200 seconds at Thu Jul 04 04:42:38 UTC 2019
27 ms. Memory: 45056K Free: 21683K (48%)
ptolemy.util.test.WatchDog.cancel(): canceling Thu Jul 04 04:42:38 UTC 2019
auto.tcl: Setting watchdog for 200 seconds at Thu Jul 04 04:42:38 UTC 2019
27 ms. Memory: 45056K Free: 18924K (42%)
ptolemy.util.test.WatchDog.cancel(): canceling Thu Jul 04 04:42:38 UTC 2019
------------------ testing $PTII/ptolemy/domains/de/test/auto/ComposableCausalityAnalysis.xml
auto.tcl: Setting watchdog for 200 seconds at Thu Jul 04 04:42:38 UTC 2019
2 ms. Memory: 45056K Free: 26148K (58%)
ptolemy.util.test.WatchDog.cancel(): canceling Thu Jul 04 04:42:38 UTC 2019
auto.tcl: Setting watchdog for 200 seconds at Thu Jul 04 04:42:38 UTC 2019
5 ms. Memory: 45056K Free: 25091K (56%)
ptolemy.util.test.WatchDog.cancel(): canceling Thu Jul 04 04:42:38 UTC 2019
------------------ testing $PTII/ptolemy/domains/de/test/auto/DEFixedPointLimitation.xml
auto.tcl: Setting watchdog for 200 seconds at Thu Jul 04 04:42:38 UTC 2019
2 ms. Memory: 45056K Free: 27709K (61%)
ptolemy.util.test.WatchDog.cancel(): canceling Thu Jul 04 04:42:38 UTC 2019
auto.tcl: Setting watchdog for 200 seconds at Thu Jul 04 04:42:38 UTC 2019
1 ms. Memory: 45056K Free: 26808K (59%)
ptolemy.util.test.WatchDog.cancel(): canceling Thu Jul 04 04:42:38 UTC 2019
------------------ testing $PTII/ptolemy/domains/de/test/auto/DEScheduleTest.xml
auto.tcl: Setting watchdog for 200 seconds at Thu Jul 04 04:42:38 UTC 2019
4 ms. Memory: 45056K Free: 27942K (62%)
ptolemy.util.test.WatchDog.cancel(): canceling Thu Jul 04 04:42:39 UTC 2019
auto.tcl: Setting watchdog for 200 seconds at Thu Jul 04 04:42:39 UTC 2019
3 ms. Memory: 45056K Free: 27153K (60%)
ptolemy.util.test.WatchDog.cancel(): canceling Thu Jul 04 04:42:39 UTC 2019
------------------ testing $PTII/ptolemy/domains/de/test/auto/DEinDEwithStartTimes.xml
auto.tcl: Setting watchdog for 200 seconds at Thu Jul 04 04:42:39 UTC 2019
6 ms. Memory: 45056K Free: 26275K (58%)
ptolemy.util.test.WatchDog.cancel(): canceling Thu Jul 04 04:42:39 UTC 2019
auto.tcl: Setting watchdog for 200 seconds at Thu Jul 04 04:42:39 UTC 2019
3 ms. Memory: 45056K Free: 25156K (56%)
ptolemy.util.test.WatchDog.cancel(): canceling Thu Jul 04 04:42:39 UTC 2019
------------------ testing $PTII/ptolemy/domains/de/test/auto/DEinDEwithStartTimes2.xml
auto.tcl: Setting watchdog for 200 seconds at Thu Jul 04 04:42:39 UTC 2019
4 ms. Memory: 45056K Free: 25440K (56%)
ptolemy.util.test.WatchDog.cancel(): canceling Thu Jul 04 04:42:39 UTC 2019
auto.tcl: Setting watchdog for 200 seconds at Thu Jul 04 04:42:39 UTC 2019
4 ms. Memory: 45056K Free: 24080K (53%)
ptolemy.util.test.WatchDog.cancel(): canceling Thu Jul 04 04:42:39 UTC 2019
------------------ testing $PTII/ptolemy/domains/de/test/auto/DateDemo.xml
auto.tcl: Setting watchdog for 200 seconds at Thu Jul 04 04:42:39 UTC 2019
21 ms. Memory: 45056K Free: 20063K (45%)
ptolemy.util.test.WatchDog.cancel(): canceling Thu Jul 04 04:42:39 UTC 2019
auto.tcl: Setting watchdog for 200 seconds at Thu Jul 04 04:42:39 UTC 2019
11 ms. Memory: 45056K Free: 18215K (40%)
ptolemy.util.test.WatchDog.cancel(): canceling Thu Jul 04 04:42:39 UTC 2019
------------------ testing $PTII/ptolemy/domains/de/test/auto/DateToEvent.xml
auto.tcl: Setting watchdog for 200 seconds at Thu Jul 04 04:42:39 UTC 2019
2014 ms. Memory: 45056K Free: 15592K (35%)
ptolemy.util.test.WatchDog.cancel(): canceling Thu Jul 04 04:42:41 UTC 2019
auto.tcl: Setting watchdog for 200 seconds at Thu Jul 04 04:42:41 UTC 2019
2006 ms. Memory: 45056K Free: 14909K (33%)
ptolemy.util.test.WatchDog.cancel(): canceling Thu Jul 04 04:42:43 UTC 2019
------------------ testing $PTII/ptolemy/domains/de/test/auto/DepthTest1.xml
auto.tcl: Setting watchdog for 200 seconds at Thu Jul 04 04:42:43 UTC 2019
2 ms. Memory: 45056K Free: 28779K (64%)
ptolemy.util.test.WatchDog.cancel(): canceling Thu Jul 04 04:42:43 UTC 2019
auto.tcl: Setting watchdog for 200 seconds at Thu Jul 04 04:42:43 UTC 2019
2 ms. Memory: 45056K Free: 28388K (63%)
ptolemy.util.test.WatchDog.cancel(): canceling Thu Jul 04 04:42:43 UTC 2019
------------------ testing $PTII/ptolemy/domains/de/test/auto/DepthTest2.xml
auto.tcl: Setting watchdog for 200 seconds at Thu Jul 04 04:42:43 UTC 2019
5 ms. Memory: 45056K Free: 25703K (57%)
ptolemy.util.test.WatchDog.cancel(): canceling Thu Jul 04 04:42:43 UTC 2019
auto.tcl: Setting watchdog for 200 seconds at Thu Jul 04 04:42:43 UTC 2019
3 ms. Memory: 45056K Free: 25057K (56%)
ptolemy.util.test.WatchDog.cancel(): canceling Thu Jul 04 04:42:43 UTC 2019
------------------ testing $PTII/ptolemy/domains/de/test/auto/DepthTest3.xml
auto.tcl: Setting watchdog for 200 seconds at Thu Jul 04 04:42:43 UTC 2019
2 ms. Memory: 45056K Free: 29144K (65%)
ptolemy.util.test.WatchDog.cancel(): canceling Thu Jul 04 04:42:43 UTC 2019
auto.tcl: Setting watchdog for 200 seconds at Thu Jul 04 04:42:43 UTC 2019
1 ms. Memory: 45056K Free: 28382K (63%)
ptolemy.util.test.WatchDog.cancel(): canceling Thu Jul 04 04:42:43 UTC 2019
------------------ testing $PTII/ptolemy/domains/de/test/auto/DepthTest4.xml
auto.tcl: Setting watchdog for 200 seconds at Thu Jul 04 04:42:43 UTC 2019
11 ms. Memory: 45056K Free: 27306K (61%)
ptolemy.util.test.WatchDog.cancel(): canceling Thu Jul 04 04:42:43 UTC 2019
auto.tcl: Setting watchdog for 200 seconds at Thu Jul 04 04:42:43 UTC 2019
3 ms. Memory: 45056K Free: 26429K (59%)
ptolemy.util.test.WatchDog.cancel(): canceling Thu Jul 04 04:42:43 UTC 2019
------------------ testing $PTII/ptolemy/domains/de/test/auto/DepthTest5.xml
auto.tcl: Setting watchdog for 200 seconds at Thu Jul 04 04:42:43 UTC 2019
4 ms. Memory: 45056K Free: 27037K (60%)
ptolemy.util.test.WatchDog.cancel(): canceling Thu Jul 04 04:42:43 UTC 2019
auto.tcl: Setting watchdog for 200 seconds at Thu Jul 04 04:42:43 UTC 2019
3 ms. Memory: 45056K Free: 26075K (58%)
ptolemy.util.test.WatchDog.cancel(): canceling Thu Jul 04 04:42:43 UTC 2019
------------------ testing $PTII/ptolemy/domains/de/test/auto/DepthTest6.xml
auto.tcl: Setting watchdog for 200 seconds at Thu Jul 04 04:42:43 UTC 2019
4 ms. Memory: 45056K Free: 26570K (59%)
ptolemy.util.test.WatchDog.cancel(): canceling Thu Jul 04 04:42:43 UTC 2019
auto.tcl: Setting watchdog for 200 seconds at Thu Jul 04 04:42:43 UTC 2019
2 ms. Memory: 45056K Free: 25991K (58%)
ptolemy.util.test.WatchDog.cancel(): canceling Thu Jul 04 04:42:43 UTC 2019
------------------ testing $PTII/ptolemy/domains/de/test/auto/DepthTest7.xml
auto.tcl: Setting watchdog for 200 seconds at Thu Jul 04 04:42:43 UTC 2019
3 ms. Memory: 45056K Free: 27266K (61%)
ptolemy.util.test.WatchDog.cancel(): canceling Thu Jul 04 04:42:44 UTC 2019
auto.tcl: Setting watchdog for 200 seconds at Thu Jul 04 04:42:44 UTC 2019
8 ms. Memory: 45056K Free: 26380K (59%)
ptolemy.util.test.WatchDog.cancel(): canceling Thu Jul 04 04:42:44 UTC 2019
------------------ testing $PTII/ptolemy/domains/de/test/auto/EventToDate.xml
auto.tcl: Setting watchdog for 200 seconds at Thu Jul 04 04:42:44 UTC 2019
3009 ms. Memory: 45056K Free: 18285K (41%)
ptolemy.util.test.WatchDog.cancel(): canceling Thu Jul 04 04:42:47 UTC 2019
auto.tcl: Setting watchdog for 200 seconds at Thu Jul 04 04:42:47 UTC 2019
3004 ms. Memory: 45056K Free: 17478K (39%)
ptolemy.util.test.WatchDog.cancel(): canceling Thu Jul 04 04:42:50 UTC 2019
------------------ testing $PTII/ptolemy/domains/de/test/auto/FSM1.xml
auto.tcl: Setting watchdog for 200 seconds at Thu Jul 04 04:42:50 UTC 2019
23 ms. Memory: 45056K Free: 19369K (43%)
ptolemy.util.test.WatchDog.cancel(): canceling Thu Jul 04 04:42:50 UTC 2019
auto.tcl: Setting watchdog for 200 seconds at Thu Jul 04 04:42:50 UTC 2019
20 ms. Memory: 45056K Free: 16165K (36%)
ptolemy.util.test.WatchDog.cancel(): canceling Thu Jul 04 04:42:50 UTC 2019
------------------ testing $PTII/ptolemy/domains/de/test/auto/FSM7.xml
auto.tcl: Setting watchdog for 200 seconds at Thu Jul 04 04:42:50 UTC 2019
29 ms. Memory: 45056K Free: 19172K (43%)
ptolemy.util.test.WatchDog.cancel(): canceling Thu Jul 04 04:42:50 UTC 2019
auto.tcl: Setting watchdog for 200 seconds at Thu Jul 04 04:42:50 UTC 2019
25 ms. Memory: 45056K Free: 16034K (36%)
ptolemy.util.test.WatchDog.cancel(): canceling Thu Jul 04 04:42:50 UTC 2019
------------------ testing $PTII/ptolemy/domains/de/test/auto/Inspection.xml
auto.tcl: Setting watchdog for 200 seconds at Thu Jul 04 04:42:50 UTC 2019
33 ms. Memory: 45056K Free: 19188K (43%)
ptolemy.util.test.WatchDog.cancel(): canceling Thu Jul 04 04:42:50 UTC 2019
auto.tcl: Setting watchdog for 200 seconds at Thu Jul 04 04:42:50 UTC 2019
31 ms. Memory: 45056K Free: 17396K (39%)
ptolemy.util.test.WatchDog.cancel(): canceling Thu Jul 04 04:42:50 UTC 2019
------------------ testing $PTII/ptolemy/domains/de/test/auto/Iteration.xml
auto.tcl: Setting watchdog for 200 seconds at Thu Jul 04 04:42:50 UTC 2019
9 ms. Memory: 45056K Free: 24967K (55%)
ptolemy.util.test.WatchDog.cancel(): canceling Thu Jul 04 04:42:50 UTC 2019
auto.tcl: Setting watchdog for 200 seconds at Thu Jul 04 04:42:50 UTC 2019
7 ms. Memory: 45056K Free: 23787K (53%)
ptolemy.util.test.WatchDog.cancel(): canceling Thu Jul 04 04:42:50 UTC 2019
------------------ testing $PTII/ptolemy/domains/de/test/auto/LineFault.xml
auto.tcl: Setting watchdog for 200 seconds at Thu Jul 04 04:42:50 UTC 2019
653 ms. Memory: 54272K Free: 27188K (50%)
ptolemy.util.test.WatchDog.cancel(): canceling Thu Jul 04 04:42:51 UTC 2019
auto.tcl: Setting watchdog for 200 seconds at Thu Jul 04 04:42:51 UTC 2019
657 ms. Memory: 54272K Free: 19201K (35%)
ptolemy.util.test.WatchDog.cancel(): canceling Thu Jul 04 04:42:52 UTC 2019
------------------ testing $PTII/ptolemy/domains/de/test/auto/MergeModel1Add.xml
auto.tcl: Setting watchdog for 200 seconds at Thu Jul 04 04:42:52 UTC 2019
36 ms. Memory: 51200K Free: 16919K (33%)
ptolemy.util.test.WatchDog.cancel(): canceling Thu Jul 04 04:42:52 UTC 2019
auto.tcl: Setting watchdog for 200 seconds at Thu Jul 04 04:42:52 UTC 2019
11 ms. Memory: 51200K Free: 15347K (30%)
ptolemy.util.test.WatchDog.cancel(): canceling Thu Jul 04 04:42:52 UTC 2019
------------------ testing $PTII/ptolemy/domains/de/test/auto/MergeModel2Add.xml
auto.tcl: Setting watchdog for 200 seconds at Thu Jul 04 04:42:52 UTC 2019
11 ms. Memory: 45056K Free: 13341K (30%)
ptolemy.util.test.WatchDog.cancel(): canceling Thu Jul 04 04:42:52 UTC 2019
auto.tcl: Setting watchdog for 200 seconds at Thu Jul 04 04:42:52 UTC 2019
10 ms. Memory: 45056K Free: 11525K (26%)
ptolemy.util.test.WatchDog.cancel(): canceling Thu Jul 04 04:42:52 UTC 2019
------------------ testing $PTII/ptolemy/domains/de/test/auto/MergeModel3Add.xml
auto.tcl: Setting watchdog for 200 seconds at Thu Jul 04 04:42:52 UTC 2019
8 ms. Memory: 45056K Free: 12325K (27%)
ptolemy.util.test.WatchDog.cancel(): canceling Thu Jul 04 04:42:52 UTC 2019
auto.tcl: Setting watchdog for 200 seconds at Thu Jul 04 04:42:52 UTC 2019
8 ms. Memory: 45056K Free: 10912K (24%)
ptolemy.util.test.WatchDog.cancel(): canceling Thu Jul 04 04:42:52 UTC 2019
------------------ testing $PTII/ptolemy/domains/de/test/auto/MergeWithoutDiscard.xml
auto.tcl: Setting watchdog for 200 seconds at Thu Jul 04 04:42:52 UTC 2019
2 ms. Memory: 45056K Free: 27434K (61%)
ptolemy.util.test.WatchDog.cancel(): canceling Thu Jul 04 04:42:52 UTC 2019
auto.tcl: Setting watchdog for 200 seconds at Thu Jul 04 04:42:52 UTC 2019
2 ms. Memory: 45056K Free: 27024K (60%)
ptolemy.util.test.WatchDog.cancel(): canceling Thu Jul 04 04:42:52 UTC 2019
------------------ testing $PTII/ptolemy/domains/de/test/auto/Modal1.xml
auto.tcl: Setting watchdog for 200 seconds at Thu Jul 04 04:42:52 UTC 2019
16 ms. Memory: 45056K Free: 19844K (44%)
ptolemy.util.test.WatchDog.cancel(): canceling Thu Jul 04 04:42:52 UTC 2019
auto.tcl: Setting watchdog for 200 seconds at Thu Jul 04 04:42:52 UTC 2019
24 ms. Memory: 45056K Free: 16302K (36%)
ptolemy.util.test.WatchDog.cancel(): canceling Thu Jul 04 04:42:52 UTC 2019
------------------ testing $PTII/ptolemy/domains/de/test/auto/Modal2.xml
auto.tcl: Setting watchdog for 200 seconds at Thu Jul 04 04:42:53 UTC 2019
10 ms. Memory: 45056K Free: 19437K (43%)
ptolemy.util.test.WatchDog.cancel(): canceling Thu Jul 04 04:42:53 UTC 2019
auto.tcl: Setting watchdog for 200 seconds at Thu Jul 04 04:42:53 UTC 2019
12 ms. Memory: 45056K Free: 16214K (36%)
ptolemy.util.test.WatchDog.cancel(): canceling Thu Jul 04 04:42:53 UTC 2019
------------------ testing $PTII/ptolemy/domains/de/test/auto/Modal3.xml
auto.tcl: Setting watchdog for 200 seconds at Thu Jul 04 04:42:53 UTC 2019
14 ms. Memory: 45056K Free: 19436K (43%)
ptolemy.util.test.WatchDog.cancel(): canceling Thu Jul 04 04:42:53 UTC 2019
auto.tcl: Setting watchdog for 200 seconds at Thu Jul 04 04:42:53 UTC 2019
20 ms. Memory: 45056K Free: 15863K (35%)
ptolemy.util.test.WatchDog.cancel(): canceling Thu Jul 04 04:42:53 UTC 2019
------------------ testing $PTII/ptolemy/domains/de/test/auto/Modal4.xml
auto.tcl: Setting watchdog for 200 seconds at Thu Jul 04 04:42:53 UTC 2019
19 ms. Memory: 45056K Free: 18423K (41%)
ptolemy.util.test.WatchDog.cancel(): canceling Thu Jul 04 04:42:53 UTC 2019
auto.tcl: Setting watchdog for 200 seconds at Thu Jul 04 04:42:53 UTC 2019
18 ms. Memory: 45056K Free: 14806K (33%)
ptolemy.util.test.WatchDog.cancel(): canceling Thu Jul 04 04:42:53 UTC 2019
------------------ testing $PTII/ptolemy/domains/de/test/auto/Modal5.xml
auto.tcl: Setting watchdog for 200 seconds at Thu Jul 04 04:42:53 UTC 2019
13 ms. Memory: 45056K Free: 18379K (41%)
ptolemy.util.test.WatchDog.cancel(): canceling Thu Jul 04 04:42:53 UTC 2019
auto.tcl: Setting watchdog for 200 seconds at Thu Jul 04 04:42:53 UTC 2019
15 ms. Memory: 45056K Free: 14541K (32%)
ptolemy.util.test.WatchDog.cancel(): canceling Thu Jul 04 04:42:53 UTC 2019
------------------ testing $PTII/ptolemy/domains/de/test/auto/Modal6.xml
auto.tcl: Setting watchdog for 200 seconds at Thu Jul 04 04:42:53 UTC 2019
18 ms. Memory: 45056K Free: 19160K (43%)
ptolemy.util.test.WatchDog.cancel(): canceling Thu Jul 04 04:42:53 UTC 2019
auto.tcl: Setting watchdog for 200 seconds at Thu Jul 04 04:42:53 UTC 2019
19 ms. Memory: 45056K Free: 15561K (35%)
ptolemy.util.test.WatchDog.cancel(): canceling Thu Jul 04 04:42:53 UTC 2019
------------------ testing $PTII/ptolemy/domains/de/test/auto/Modal7.xml
auto.tcl: Setting watchdog for 200 seconds at Thu Jul 04 04:42:53 UTC 2019
18 ms. Memory: 45056K Free: 18175K (40%)
ptolemy.util.test.WatchDog.cancel(): canceling Thu Jul 04 04:42:53 UTC 2019
auto.tcl: Setting watchdog for 200 seconds at Thu Jul 04 04:42:53 UTC 2019
12 ms. Memory: 45056K Free: 14840K (33%)
ptolemy.util.test.WatchDog.cancel(): canceling Thu Jul 04 04:42:53 UTC 2019
------------------ testing $PTII/ptolemy/domains/de/test/auto/ModalModel.xml
auto.tcl: Setting watchdog for 200 seconds at Thu Jul 04 04:42:53 UTC 2019
248 ms. Memory: 61440K Free: 21855K (36%)
ptolemy.util.test.WatchDog.cancel(): canceling Thu Jul 04 04:42:54 UTC 2019
auto.tcl: Setting watchdog for 200 seconds at Thu Jul 04 04:42:54 UTC 2019
215 ms. Memory: 61440K Free: 20361K (33%)
ptolemy.util.test.WatchDog.cancel(): canceling Thu Jul 04 04:42:54 UTC 2019
------------------ testing $PTII/ptolemy/domains/de/test/auto/ModalSource.xml
auto.tcl: Setting watchdog for 200 seconds at Thu Jul 04 04:42:54 UTC 2019
10 ms. Memory: 48128K Free: 26286K (55%)
ptolemy.util.test.WatchDog.cancel(): canceling Thu Jul 04 04:42:54 UTC 2019
auto.tcl: Setting watchdog for 200 seconds at Thu Jul 04 04:42:54 UTC 2019
6 ms. Memory: 48128K Free: 24238K (50%)
ptolemy.util.test.WatchDog.cancel(): canceling Thu Jul 04 04:42:54 UTC 2019
------------------ testing $PTII/ptolemy/domains/de/test/auto/NonInterruptibleTimerZeroDelay.xml
auto.tcl: Setting watchdog for 200 seconds at Thu Jul 04 04:42:54 UTC 2019
3 ms. Memory: 45056K Free: 28443K (63%)
ptolemy.util.test.WatchDog.cancel(): canceling Thu Jul 04 04:42:54 UTC 2019
auto.tcl: Setting watchdog for 200 seconds at Thu Jul 04 04:42:54 UTC 2019
2 ms. Memory: 45056K Free: 27542K (61%)
ptolemy.util.test.WatchDog.cancel(): canceling Thu Jul 04 04:42:54 UTC 2019
------------------ testing $PTII/ptolemy/domains/de/test/auto/OpenQueueingNetwork.xml
auto.tcl: Setting watchdog for 200 seconds at Thu Jul 04 04:42:54 UTC 2019
3228 ms. Memory: 113664K Free: 82085K (72%)
ptolemy.util.test.WatchDog.cancel(): canceling Thu Jul 04 04:42:57 UTC 2019
auto.tcl: Setting watchdog for 200 seconds at Thu Jul 04 04:42:57 UTC 2019
2710 ms. Memory: 113664K Free: 65632K (58%)
ptolemy.util.test.WatchDog.cancel(): canceling Thu Jul 04 04:43:00 UTC 2019
------------------ testing $PTII/ptolemy/domains/de/test/auto/OpenQueuingNetwork.xml
auto.tcl: Setting watchdog for 200 seconds at Thu Jul 04 04:43:00 UTC 2019
255 ms. Memory: 51200K Free: 17556K (34%)
ptolemy.util.test.WatchDog.cancel(): canceling Thu Jul 04 04:43:01 UTC 2019
auto.tcl: Setting watchdog for 200 seconds at Thu Jul 04 04:43:01 UTC 2019
255 ms. Memory: 67584K Free: 39014K (58%)
ptolemy.util.test.WatchDog.cancel(): canceling Thu Jul 04 04:43:01 UTC 2019
------------------ testing $PTII/ptolemy/domains/de/test/auto/PeriodicSampler.xml
auto.tcl: Setting watchdog for 200 seconds at Thu Jul 04 04:43:01 UTC 2019
10 ms. Memory: 48128K Free: 30420K (63%)
ptolemy.util.test.WatchDog.cancel(): canceling Thu Jul 04 04:43:01 UTC 2019
auto.tcl: Setting watchdog for 200 seconds at Thu Jul 04 04:43:01 UTC 2019
2 ms. Memory: 48128K Free: 29510K (61%)
ptolemy.util.test.WatchDog.cancel(): canceling Thu Jul 04 04:43:01 UTC 2019
------------------ testing $PTII/ptolemy/domains/de/test/auto/PersistentIO.xml
auto.tcl: Setting watchdog for 200 seconds at Thu Jul 04 04:43:01 UTC 2019
4 ms. Memory: 48128K Free: 25345K (53%)
ptolemy.util.test.WatchDog.cancel(): canceling Thu Jul 04 04:43:01 UTC 2019
auto.tcl: Setting watchdog for 200 seconds at Thu Jul 04 04:43:01 UTC 2019
3 ms. Memory: 48128K Free: 23923K (50%)
ptolemy.util.test.WatchDog.cancel(): canceling Thu Jul 04 04:43:01 UTC 2019
------------------ testing $PTII/ptolemy/domains/de/test/auto/PortParameterResetOnInitialize.xml
auto.tcl: Setting watchdog for 200 seconds at Thu Jul 04 04:43:01 UTC 2019
2 ms. Memory: 48128K Free: 30325K (63%)
ptolemy.util.test.WatchDog.cancel(): canceling Thu Jul 04 04:43:01 UTC 2019
auto.tcl: Setting watchdog for 200 seconds at Thu Jul 04 04:43:01 UTC 2019
2 ms. Memory: 48128K Free: 29878K (62%)
ptolemy.util.test.WatchDog.cancel(): canceling Thu Jul 04 04:43:01 UTC 2019
------------------ testing $PTII/ptolemy/domains/de/test/auto/PortParameterUpdates.xml
auto.tcl: Setting watchdog for 200 seconds at Thu Jul 04 04:43:01 UTC 2019
5 ms. Memory: 45056K Free: 25353K (56%)
ptolemy.util.test.WatchDog.cancel(): canceling Thu Jul 04 04:43:01 UTC 2019
auto.tcl: Setting watchdog for 200 seconds at Thu Jul 04 04:43:01 UTC 2019
5 ms. Memory: 45056K Free: 23964K (53%)
ptolemy.util.test.WatchDog.cancel(): canceling Thu Jul 04 04:43:01 UTC 2019
------------------ testing $PTII/ptolemy/domains/de/test/auto/QueueAndServer.xml
auto.tcl: Setting watchdog for 200 seconds at Thu Jul 04 04:43:01 UTC 2019
14 ms. Memory: 45056K Free: 24293K (54%)
ptolemy.util.test.WatchDog.cancel(): canceling Thu Jul 04 04:43:01 UTC 2019
auto.tcl: Setting watchdog for 200 seconds at Thu Jul 04 04:43:01 UTC 2019
8 ms. Memory: 45056K Free: 22883K (51%)
ptolemy.util.test.WatchDog.cancel(): canceling Thu Jul 04 04:43:01 UTC 2019
------------------ testing $PTII/ptolemy/domains/de/test/auto/Records.xml
auto.tcl: Setting watchdog for 200 seconds at Thu Jul 04 04:43:01 UTC 2019
7 ms. Memory: 45056K Free: 26797K (59%)
ptolemy.util.test.WatchDog.cancel(): canceling Thu Jul 04 04:43:01 UTC 2019
auto.tcl: Setting watchdog for 200 seconds at Thu Jul 04 04:43:01 UTC 2019
3 ms. Memory: 45056K Free: 26352K (58%)
ptolemy.util.test.WatchDog.cancel(): canceling Thu Jul 04 04:43:01 UTC 2019
------------------ testing $PTII/ptolemy/domains/de/test/auto/ResetTransitionWithStartTime1.xml
auto.tcl: Setting watchdog for 200 seconds at Thu Jul 04 04:43:01 UTC 2019
6 ms. Memory: 45056K Free: 23755K (53%)
ptolemy.util.test.WatchDog.cancel(): canceling Thu Jul 04 04:43:01 UTC 2019
auto.tcl: Setting watchdog for 200 seconds at Thu Jul 04 04:43:01 UTC 2019
7 ms. Memory: 45056K Free: 21282K (47%)
ptolemy.util.test.WatchDog.cancel(): canceling Thu Jul 04 04:43:01 UTC 2019
------------------ testing $PTII/ptolemy/domains/de/test/auto/ResetTransitionWithStartTime2.xml
auto.tcl: Setting watchdog for 200 seconds at Thu Jul 04 04:43:01 UTC 2019
7 ms. Memory: 45056K Free: 23901K (53%)
ptolemy.util.test.WatchDog.cancel(): canceling Thu Jul 04 04:43:01 UTC 2019
auto.tcl: Setting watchdog for 200 seconds at Thu Jul 04 04:43:01 UTC 2019
6 ms. Memory: 45056K Free: 21663K (48%)
ptolemy.util.test.WatchDog.cancel(): canceling Thu Jul 04 04:43:01 UTC 2019
------------------ testing $PTII/ptolemy/domains/de/test/auto/ResetTransitionWithStartTime3.xml
auto.tcl: Setting watchdog for 200 seconds at Thu Jul 04 04:43:01 UTC 2019
5 ms. Memory: 45056K Free: 23707K (53%)
ptolemy.util.test.WatchDog.cancel(): canceling Thu Jul 04 04:43:02 UTC 2019
auto.tcl: Setting watchdog for 200 seconds at Thu Jul 04 04:43:02 UTC 2019
6 ms. Memory: 45056K Free: 21659K (48%)
ptolemy.util.test.WatchDog.cancel(): canceling Thu Jul 04 04:43:02 UTC 2019
------------------ testing $PTII/ptolemy/domains/de/test/auto/ResetTransitionWithStartTime4.xml
auto.tcl: Setting watchdog for 200 seconds at Thu Jul 04 04:43:02 UTC 2019
8 ms. Memory: 45056K Free: 24228K (54%)
ptolemy.util.test.WatchDog.cancel(): canceling Thu Jul 04 04:43:02 UTC 2019
auto.tcl: Setting watchdog for 200 seconds at Thu Jul 04 04:43:02 UTC 2019
4 ms. Memory: 45056K Free: 22832K (51%)
ptolemy.util.test.WatchDog.cancel(): canceling Thu Jul 04 04:43:02 UTC 2019
------------------ testing $PTII/ptolemy/domains/de/test/auto/ResettableTimer1.xml
auto.tcl: Setting watchdog for 200 seconds at Thu Jul 04 04:43:02 UTC 2019
2 ms. Memory: 45056K Free: 28016K (62%)
ptolemy.util.test.WatchDog.cancel(): canceling Thu Jul 04 04:43:02 UTC 2019
auto.tcl: Setting watchdog for 200 seconds at Thu Jul 04 04:43:02 UTC 2019
2 ms. Memory: 45056K Free: 26937K (60%)
ptolemy.util.test.WatchDog.cancel(): canceling Thu Jul 04 04:43:02 UTC 2019
------------------ testing $PTII/ptolemy/domains/de/test/auto/ResettableTimer2.xml
auto.tcl: Setting watchdog for 200 seconds at Thu Jul 04 04:43:02 UTC 2019
2 ms. Memory: 45056K Free: 28046K (62%)
ptolemy.util.test.WatchDog.cancel(): canceling Thu Jul 04 04:43:02 UTC 2019
auto.tcl: Setting watchdog for 200 seconds at Thu Jul 04 04:43:02 UTC 2019
1 ms. Memory: 45056K Free: 27402K (61%)
ptolemy.util.test.WatchDog.cancel(): canceling Thu Jul 04 04:43:02 UTC 2019
------------------ testing $PTII/ptolemy/domains/de/test/auto/ResettableTimer3.xml
auto.tcl: Setting watchdog for 200 seconds at Thu Jul 04 04:43:02 UTC 2019
2 ms. Memory: 45056K Free: 28350K (63%)
ptolemy.util.test.WatchDog.cancel(): canceling Thu Jul 04 04:43:02 UTC 2019
auto.tcl: Setting watchdog for 200 seconds at Thu Jul 04 04:43:02 UTC 2019
1 ms. Memory: 45056K Free: 27928K (62%)
ptolemy.util.test.WatchDog.cancel(): canceling Thu Jul 04 04:43:02 UTC 2019
------------------ testing $PTII/ptolemy/domains/de/test/auto/ResettableTimer4.xml
auto.tcl: Setting watchdog for 200 seconds at Thu Jul 04 04:43:02 UTC 2019
1 ms. Memory: 45056K Free: 27879K (62%)
ptolemy.util.test.WatchDog.cancel(): canceling Thu Jul 04 04:43:02 UTC 2019
auto.tcl: Setting watchdog for 200 seconds at Thu Jul 04 04:43:02 UTC 2019
1 ms. Memory: 45056K Free: 27415K (61%)
ptolemy.util.test.WatchDog.cancel(): canceling Thu Jul 04 04:43:02 UTC 2019
------------------ testing $PTII/ptolemy/domains/de/test/auto/ResettableTimer5.xml
auto.tcl: Setting watchdog for 200 seconds at Thu Jul 04 04:43:02 UTC 2019
1 ms. Memory: 45056K Free: 27976K (62%)
ptolemy.util.test.WatchDog.cancel(): canceling Thu Jul 04 04:43:02 UTC 2019
auto.tcl: Setting watchdog for 200 seconds at Thu Jul 04 04:43:02 UTC 2019
2 ms. Memory: 45056K Free: 27422K (61%)
ptolemy.util.test.WatchDog.cancel(): canceling Thu Jul 04 04:43:02 UTC 2019
------------------ testing $PTII/ptolemy/domains/de/test/auto/ResettableTimer6.xml
auto.tcl: Setting watchdog for 200 seconds at Thu Jul 04 04:43:02 UTC 2019
1 ms. Memory: 45056K Free: 27327K (61%)
ptolemy.util.test.WatchDog.cancel(): canceling Thu Jul 04 04:43:02 UTC 2019
auto.tcl: Setting watchdog for 200 seconds at Thu Jul 04 04:43:02 UTC 2019
1 ms. Memory: 45056K Free: 26818K (60%)
ptolemy.util.test.WatchDog.cancel(): canceling Thu Jul 04 04:43:02 UTC 2019
------------------ testing $PTII/ptolemy/domains/de/test/auto/ServerZeroDelay.xml
auto.tcl: Setting watchdog for 200 seconds at Thu Jul 04 04:43:02 UTC 2019
4 ms. Memory: 45056K Free: 27999K (62%)
ptolemy.util.test.WatchDog.cancel(): canceling Thu Jul 04 04:43:02 UTC 2019
auto.tcl: Setting watchdog for 200 seconds at Thu Jul 04 04:43:02 UTC 2019
2 ms. Memory: 45056K Free: 26941K (60%)
ptolemy.util.test.WatchDog.cancel(): canceling Thu Jul 04 04:43:02 UTC 2019
------------------ testing $PTII/ptolemy/domains/de/test/auto/SmartSender.xml
auto.tcl: Setting watchdog for 200 seconds at Thu Jul 04 04:43:02 UTC 2019
3001 ms. Memory: 45056K Free: 27913K (62%)
ptolemy.util.test.WatchDog.cancel(): canceling Thu Jul 04 04:43:05 UTC 2019
auto.tcl: Setting watchdog for 200 seconds at Thu Jul 04 04:43:05 UTC 2019
3001 ms. Memory: 45056K Free: 27399K (61%)
ptolemy.util.test.WatchDog.cancel(): canceling Thu Jul 04 04:43:08 UTC 2019
------------------ testing $PTII/ptolemy/domains/de/test/auto/ThreadedComposite.xml
auto.tcl: Setting watchdog for 200 seconds at Thu Jul 04 04:43:08 UTC 2019
207 ms. Memory: 45056K Free: 9940K (22%)
ptolemy.util.test.WatchDog.cancel(): canceling Thu Jul 04 04:43:08 UTC 2019
auto.tcl: Setting watchdog for 200 seconds at Thu Jul 04 04:43:08 UTC 2019
152 ms. Memory: 45056K Free: 21050K (47%)
ptolemy.util.test.WatchDog.cancel(): canceling Thu Jul 04 04:43:09 UTC 2019
------------------ testing $PTII/ptolemy/domains/de/test/auto/Time.xml
auto.tcl: Setting watchdog for 200 seconds at Thu Jul 04 04:43:09 UTC 2019
495 ms. Memory: 45056K Free: 23583K (52%)
ptolemy.util.test.WatchDog.cancel(): canceling Thu Jul 04 04:43:09 UTC 2019
auto.tcl: Setting watchdog for 200 seconds at Thu Jul 04 04:43:09 UTC 2019
456 ms. Memory: 45056K Free: 18199K (40%)
ptolemy.util.test.WatchDog.cancel(): canceling Thu Jul 04 04:43:10 UTC 2019
------------------ testing $PTII/ptolemy/domains/de/test/auto/TimeDelayZeroDelay.xml
auto.tcl: Setting watchdog for 200 seconds at Thu Jul 04 04:43:10 UTC 2019
1 ms. Memory: 45056K Free: 28250K (63%)
ptolemy.util.test.WatchDog.cancel(): canceling Thu Jul 04 04:43:10 UTC 2019
auto.tcl: Setting watchdog for 200 seconds at Thu Jul 04 04:43:10 UTC 2019
2 ms. Memory: 45056K Free: 27359K (61%)
ptolemy.util.test.WatchDog.cancel(): canceling Thu Jul 04 04:43:10 UTC 2019
------------------ testing $PTII/ptolemy/domains/de/test/auto/TimerZeroDelay.xml
auto.tcl: Setting watchdog for 200 seconds at Thu Jul 04 04:43:10 UTC 2019
3 ms. Memory: 45056K Free: 28200K (63%)
ptolemy.util.test.WatchDog.cancel(): canceling Thu Jul 04 04:43:10 UTC 2019
auto.tcl: Setting watchdog for 200 seconds at Thu Jul 04 04:43:10 UTC 2019
3 ms. Memory: 45056K Free: 27385K (61%)
ptolemy.util.test.WatchDog.cancel(): canceling Thu Jul 04 04:43:10 UTC 2019
------------------ testing $PTII/ptolemy/domains/de/test/auto/TimingParadox.xml
auto.tcl: Setting watchdog for 200 seconds at Thu Jul 04 04:43:10 UTC 2019
325 ms. Memory: 45056K Free: 9890K (22%)
ptolemy.util.test.WatchDog.cancel(): canceling Thu Jul 04 04:43:10 UTC 2019
auto.tcl: Setting watchdog for 200 seconds at Thu Jul 04 04:43:10 UTC 2019
336 ms. Memory: 54272K Free: 28956K (53%)
ptolemy.util.test.WatchDog.cancel(): canceling Thu Jul 04 04:43:11 UTC 2019
------------------ testing $PTII/ptolemy/domains/de/test/auto/TransferInputs.xml
auto.tcl: Setting watchdog for 200 seconds at Thu Jul 04 04:43:11 UTC 2019
1 ms. Memory: 51200K Free: 32396K (63%)
ptolemy.util.test.WatchDog.cancel(): canceling Thu Jul 04 04:43:11 UTC 2019
auto.tcl: Setting watchdog for 200 seconds at Thu Jul 04 04:43:11 UTC 2019
1 ms. Memory: 51200K Free: 31536K (62%)
ptolemy.util.test.WatchDog.cancel(): canceling Thu Jul 04 04:43:11 UTC 2019
------------------ testing $PTII/ptolemy/domains/de/test/auto/TransferOutputs2.xml
auto.tcl: Setting watchdog for 200 seconds at Thu Jul 04 04:43:11 UTC 2019
10 ms. Memory: 48128K Free: 26783K (56%)
ptolemy.util.test.WatchDog.cancel(): canceling Thu Jul 04 04:43:11 UTC 2019
auto.tcl: Setting watchdog for 200 seconds at Thu Jul 04 04:43:11 UTC 2019
2 ms. Memory: 48128K Free: 25376K (53%)
ptolemy.util.test.WatchDog.cancel(): canceling Thu Jul 04 04:43:11 UTC 2019
------------------ testing $PTII/ptolemy/domains/de/test/auto/Trilateration.xml
auto.tcl: Setting watchdog for 200 seconds at Thu Jul 04 04:43:11 UTC 2019
15206 ms. Memory: 546816K Free: 269552K (49%)
ptolemy.util.test.WatchDog.cancel(): canceling Thu Jul 04 04:43:27 UTC 2019
auto.tcl: Setting watchdog for 200 seconds at Thu Jul 04 04:43:27 UTC 2019
11243 ms. Memory: 546816K Free: 228119K (42%)
ptolemy.util.test.WatchDog.cancel(): canceling Thu Jul 04 04:43:38 UTC 2019
------------------ testing $PTII/ptolemy/domains/de/test/auto/TwoSigmaDelta.xml
auto.tcl: Setting watchdog for 200 seconds at Thu Jul 04 04:43:38 UTC 2019
2726 ms. Memory: 103424K Free: 51018K (49%)
ptolemy.util.test.WatchDog.cancel(): canceling Thu Jul 04 04:43:41 UTC 2019
auto.tcl: Setting watchdog for 200 seconds at Thu Jul 04 04:43:41 UTC 2019
2072 ms. Memory: 103424K Free: 76595K (74%)
ptolemy.util.test.WatchDog.cancel(): canceling Thu Jul 04 04:43:43 UTC 2019
------------------ testing $PTII/ptolemy/domains/de/test/auto/VariableDelay.xml
auto.tcl: Setting watchdog for 200 seconds at Thu Jul 04 04:43:43 UTC 2019
3 ms. Memory: 48128K Free: 29836K (62%)
ptolemy.util.test.WatchDog.cancel(): canceling Thu Jul 04 04:43:43 UTC 2019
auto.tcl: Setting watchdog for 200 seconds at Thu Jul 04 04:43:43 UTC 2019
2 ms. Memory: 48128K Free: 28843K (60%)
ptolemy.util.test.WatchDog.cancel(): canceling Thu Jul 04 04:43:43 UTC 2019
------------------ testing $PTII/ptolemy/domains/de/test/auto/VariableDelay2.xml
auto.tcl: Setting watchdog for 200 seconds at Thu Jul 04 04:43:43 UTC 2019
2 ms. Memory: 48128K Free: 30235K (63%)
ptolemy.util.test.WatchDog.cancel(): canceling Thu Jul 04 04:43:44 UTC 2019
auto.tcl: Setting watchdog for 200 seconds at Thu Jul 04 04:43:44 UTC 2019
1 ms. Memory: 48128K Free: 29755K (62%)
ptolemy.util.test.WatchDog.cancel(): canceling Thu Jul 04 04:43:44 UTC 2019
------------------ testing $PTII/ptolemy/domains/de/test/auto/VariableDelayZeroDelay.xml
auto.tcl: Setting watchdog for 200 seconds at Thu Jul 04 04:43:44 UTC 2019
2 ms. Memory: 48128K Free: 30762K (64%)
ptolemy.util.test.WatchDog.cancel(): canceling Thu Jul 04 04:43:44 UTC 2019
auto.tcl: Setting watchdog for 200 seconds at Thu Jul 04 04:43:44 UTC 2019
2 ms. Memory: 48128K Free: 30265K (63%)
ptolemy.util.test.WatchDog.cancel(): canceling Thu Jul 04 04:43:44 UTC 2019
------------------ testing $PTII/ptolemy/domains/de/test/auto/VariableDelayZeroDelay2.xml
auto.tcl: Setting watchdog for 200 seconds at Thu Jul 04 04:43:44 UTC 2019
4 ms. Memory: 48128K Free: 30761K (64%)
ptolemy.util.test.WatchDog.cancel(): canceling Thu Jul 04 04:43:44 UTC 2019
auto.tcl: Setting watchdog for 200 seconds at Thu Jul 04 04:43:44 UTC 2019
2 ms. Memory: 48128K Free: 29767K (62%)
ptolemy.util.test.WatchDog.cancel(): canceling Thu Jul 04 04:43:44 UTC 2019
------------------ testing $PTII/ptolemy/domains/de/test/auto/deInCt.xml
auto.tcl: Setting watchdog for 200 seconds at Thu Jul 04 04:43:44 UTC 2019
0
1
1
1
0
0
0
1
1
1
0
0
0
1
1
1
0
0
0
0
1
1
1
0
0
0
1
1
1
0
0
0
1
1
0
0
0
1
1
1
1
0
0
0
1
1
1
0
0
0
1
1
1
1
21 ms. Memory: 48128K Free: 29735K (62%)
ptolemy.util.test.WatchDog.cancel(): canceling Thu Jul 04 04:43:44 UTC 2019
auto.tcl: Setting watchdog for 200 seconds at Thu Jul 04 04:43:44 UTC 2019
0
1
1
1
1
0
0
0
1
1
1
0
0
0
1
1
1
0
0
0
0
1
1
1
0
0
0
0
1
1
1
0
0
0
0
1
1
1
0
0
1
1
1
1
10 ms. Memory: 48128K Free: 28228K (59%)
ptolemy.util.test.WatchDog.cancel(): canceling Thu Jul 04 04:43:44 UTC 2019
------------------ testing $PTII/ptolemy/domains/de/test/auto/deInCt2.xml
auto.tcl: Setting watchdog for 200 seconds at Thu Jul 04 04:43:44 UTC 2019
0
1
1
1
0
0
1
1
1
0
0
1
1
1
0
0
1
1
1
0
0
1
1
1
0
0
1
1
1
0
0
1
1
1
0
0
1
1
1
0
0
0
10 ms. Memory: 48128K Free: 29744K (62%)
ptolemy.util.test.WatchDog.cancel(): canceling Thu Jul 04 04:43:44 UTC 2019
auto.tcl: Setting watchdog for 200 seconds at Thu Jul 04 04:43:44 UTC 2019
0
1
1
1
0
0
1
1
1
0
0
1
1
1
0
0
1
1
1
0
0
1
1
1
0
0
1
1
1
0
0
1
1
1
0
0
1
1
1
0
0
0
9 ms. Memory: 48128K Free: 28200K (59%)
ptolemy.util.test.WatchDog.cancel(): canceling Thu Jul 04 04:43:44 UTC 2019
------------------ testing $PTII/ptolemy/domains/de/test/auto/dynamicCausalityInterface1.xml
auto.tcl: Setting watchdog for 200 seconds at Thu Jul 04 04:43:44 UTC 2019
2 ms. Memory: 48128K Free: 25635K (53%)
ptolemy.util.test.WatchDog.cancel(): canceling Thu Jul 04 04:43:44 UTC 2019
auto.tcl: Setting watchdog for 200 seconds at Thu Jul 04 04:43:44 UTC 2019
1 ms. Memory: 48128K Free: 25152K (52%)
ptolemy.util.test.WatchDog.cancel(): canceling Thu Jul 04 04:43:44 UTC 2019
------------------ testing $PTII/ptolemy/domains/de/test/auto/fsm_de_test.xml
auto.tcl: Setting watchdog for 200 seconds at Thu Jul 04 04:43:44 UTC 2019
11 ms. Memory: 48128K Free: 25533K (53%)
ptolemy.util.test.WatchDog.cancel(): canceling Thu Jul 04 04:43:44 UTC 2019
auto.tcl: Setting watchdog for 200 seconds at Thu Jul 04 04:43:44 UTC 2019
6 ms. Memory: 48128K Free: 23546K (49%)
ptolemy.util.test.WatchDog.cancel(): canceling Thu Jul 04 04:43:44 UTC 2019
------------------ testing $PTII/ptolemy/domains/de/test/auto/functionDependencyReconstruction.xml
auto.tcl: Setting watchdog for 200 seconds at Thu Jul 04 04:43:44 UTC 2019
3 ms. Memory: 48128K Free: 19524K (41%)
ptolemy.util.test.WatchDog.cancel(): canceling Thu Jul 04 04:43:44 UTC 2019
auto.tcl: Setting watchdog for 200 seconds at Thu Jul 04 04:43:44 UTC 2019
3 ms. Memory: 48128K Free: 17411K (36%)
ptolemy.util.test.WatchDog.cancel(): canceling Thu Jul 04 04:43:44 UTC 2019
------------------ testing $PTII/ptolemy/domains/de/test/auto/multirate.xml
auto.tcl: Setting watchdog for 200 seconds at Thu Jul 04 04:43:44 UTC 2019
4 ms. Memory: 48128K Free: 28195K (59%)
ptolemy.util.test.WatchDog.cancel(): canceling Thu Jul 04 04:43:44 UTC 2019
auto.tcl: Setting watchdog for 200 seconds at Thu Jul 04 04:43:44 UTC 2019
7 ms. Memory: 48128K Free: 26518K (55%)
ptolemy.util.test.WatchDog.cancel(): canceling Thu Jul 04 04:43:44 UTC 2019
------------------ testing $PTII/ptolemy/domains/de/test/auto/multirate2.xml
auto.tcl: Setting watchdog for 200 seconds at Thu Jul 04 04:43:44 UTC 2019
5 ms. Memory: 48128K Free: 28357K (59%)
ptolemy.util.test.WatchDog.cancel(): canceling Thu Jul 04 04:43:44 UTC 2019
auto.tcl: Setting watchdog for 200 seconds at Thu Jul 04 04:43:44 UTC 2019
2 ms. Memory: 48128K Free: 27125K (56%)
ptolemy.util.test.WatchDog.cancel(): canceling Thu Jul 04 04:43:44 UTC 2019
------------------ testing $PTII/ptolemy/domains/de/test/auto/realtime.xml
auto.tcl: Setting watchdog for 200 seconds at Thu Jul 04 04:43:44 UTC 2019
10001 ms. Memory: 48128K Free: 30396K (63%)
ptolemy.util.test.WatchDog.cancel(): canceling Thu Jul 04 04:43:54 UTC 2019
auto.tcl: Setting watchdog for 200 seconds at Thu Jul 04 04:43:54 UTC 2019
10001 ms. Memory: 48128K Free: 29680K (62%)
ptolemy.util.test.WatchDog.cancel(): canceling Thu Jul 04 04:44:04 UTC 2019
------------------ testing $PTII/ptolemy/domains/de/test/auto/relationGroup.xml
auto.tcl: Setting watchdog for 200 seconds at Thu Jul 04 04:44:04 UTC 2019
2 ms. Memory: 48128K Free: 31476K (65%)
ptolemy.util.test.WatchDog.cancel(): canceling Thu Jul 04 04:44:04 UTC 2019
auto.tcl: Setting watchdog for 200 seconds at Thu Jul 04 04:44:04 UTC 2019
2 ms. Memory: 48128K Free: 30731K (64%)
ptolemy.util.test.WatchDog.cancel(): canceling Thu Jul 04 04:44:04 UTC 2019
------------------ testing $PTII/ptolemy/domains/de/test/auto/relationGroup2.xml
auto.tcl: Setting watchdog for 200 seconds at Thu Jul 04 04:44:04 UTC 2019
1 ms. Memory: 45056K Free: 28421K (63%)
ptolemy.util.test.WatchDog.cancel(): canceling Thu Jul 04 04:44:04 UTC 2019
auto.tcl: Setting watchdog for 200 seconds at Thu Jul 04 04:44:04 UTC 2019
1 ms. Memory: 45056K Free: 27685K (61%)
ptolemy.util.test.WatchDog.cancel(): canceling Thu Jul 04 04:44:04 UTC 2019
------------------ testing $PTII/ptolemy/domains/de/test/auto/sortWithOpaquePorts.xml
auto.tcl: Setting watchdog for 200 seconds at Thu Jul 04 04:44:05 UTC 2019
2 ms. Memory: 45056K Free: 27201K (60%)
ptolemy.util.test.WatchDog.cancel(): canceling Thu Jul 04 04:44:05 UTC 2019
auto.tcl: Setting watchdog for 200 seconds at Thu Jul 04 04:44:05 UTC 2019
3 ms. Memory: 45056K Free: 26236K (58%)
ptolemy.util.test.WatchDog.cancel(): canceling Thu Jul 04 04:44:05 UTC 2019
------------------ testing $PTII/ptolemy/domains/de/test/auto/transferInputsandOutputs.xml
auto.tcl: Setting watchdog for 200 seconds at Thu Jul 04 04:44:05 UTC 2019
3 ms. Memory: 45056K Free: 24631K (55%)
ptolemy.util.test.WatchDog.cancel(): canceling Thu Jul 04 04:44:05 UTC 2019
auto.tcl: Setting watchdog for 200 seconds at Thu Jul 04 04:44:05 UTC 2019
2 ms. Memory: 45056K Free: 23715K (53%)
ptolemy.util.test.WatchDog.cancel(): canceling Thu Jul 04 04:44:05 UTC 2019
------------------ testing $PTII/ptolemy/domains/de/test/auto/triggerType.xml
auto.tcl: Setting watchdog for 200 seconds at Thu Jul 04 04:44:05 UTC 2019
1 ms. Memory: 45056K Free: 27656K (61%)
ptolemy.util.test.WatchDog.cancel(): canceling Thu Jul 04 04:44:05 UTC 2019
auto.tcl: Setting watchdog for 200 seconds at Thu Jul 04 04:44:05 UTC 2019
2 ms. Memory: 45056K Free: 26768K (59%)
ptolemy.util.test.WatchDog.cancel(): canceling Thu Jul 04 04:44:05 UTC 2019
07/04/19 04:44:05
Failed: 0  Total Tests: 192  ((Passed: 187, Newly Passed: 1)  Known Failed: 5) /home/travis/build/icyphy/ptII/ptolemy/domains/de/test
07/04/19 04:44:05
Failed: 0  Total Tests: 192  ((Passed: 187, Newly Passed: 1)  Known Failed: 5) /home/travis/build/icyphy/ptII/ptolemy/domains/de/test
----------------- testing (KnownFailure) /home/travis/build/icyphy/ptII/ptolemy/domains/de/test/auto/knownFailedTests/DESDFClockTest.xml
2011 ms. Memory: 45056K Free: 21071K (47%)
Known Failure: java.lang.reflect.InvocationTargetException
----------------- testing (KnownFailure) /home/travis/build/icyphy/ptII/ptolemy/domains/de/test/auto/knownFailedTests/DirectFeedback.xml
2 ms. Memory: 45056K Free: 17470K (39%)
Known Failure: java.lang.reflect.InvocationTargetException
----------------- testing (KnownFailure) /home/travis/build/icyphy/ptII/ptolemy/domains/de/test/auto/knownFailedTests/FSMSource.xml
15 ms. Memory: 45056K Free: 10302K (23%)
----------------- testing (KnownFailure) /home/travis/build/icyphy/ptII/ptolemy/domains/de/test/auto/knownFailedTests/HierarchicalModel.xml
2 ms. Memory: 45056K Free: 18547K (41%)
Known Failure: java.lang.reflect.InvocationTargetException
----------------- testing (KnownFailure) /home/travis/build/icyphy/ptII/ptolemy/domains/de/test/auto/knownFailedTests/dependencyLoop.xml
2 ms. Memory: 45056K Free: 27414K (61%)
Known Failure: java.lang.reflect.InvocationTargetException
----------------- testing (KnownFailure) /home/travis/build/icyphy/ptII/ptolemy/domains/de/test/auto/knownFailedTests/dependencyLoop2.xml
2 ms. Memory: 45056K Free: 12354K (27%)
Known Failure: java.lang.reflect.InvocationTargetException
No auto/linux-amd64/*.xml tests in /home/travis/build/icyphy/ptII/ptolemy/domains/de/test
AutoTests.java: About to close Vertx.
AutoTests.java: Vertx closed.

===========================================================================================
----------------- testing Thu Jul 04 04:44:07 UTC 2019 /home/travis/build/icyphy/ptII/ptolemy/domains/de/test/auto/ActorDepthCalculation_actorWithoutPorts.xml
----------------- Instantiating /home/travis/build/icyphy/ptII/ptolemy/domains/de/test/auto/ActorDepthCalculation_actorWithoutPorts.xml
1 ms. Memory: 45056K Free: 29888K (66%)
----------------- Invoking toplevel() on ptolemy.moml.MoMLSimpleApplication@681750ef
----------------- Done invoking toplevel() on ptolemy.moml.MoMLSimpleApplication@681750ef
reloadAllAccessors: .ActorDepthCalculation_actorWithoutPorts

===========================================================================================
----------------- testing Thu Jul 04 04:44:07 UTC 2019 /home/travis/build/icyphy/ptII/ptolemy/domains/de/test/auto/AssemblyLine.xml
----------------- Instantiating /home/travis/build/icyphy/ptII/ptolemy/domains/de/test/auto/AssemblyLine.xml
4 ms. Memory: 45056K Free: 22790K (51%)
----------------- Invoking toplevel() on ptolemy.moml.MoMLSimpleApplication@59cae13c
----------------- Done invoking toplevel() on ptolemy.moml.MoMLSimpleApplication@59cae13c
reloadAllAccessors: .AssemblyLine

===========================================================================================
----------------- testing Thu Jul 04 04:44:07 UTC 2019 /home/travis/build/icyphy/ptII/ptolemy/domains/de/test/auto/CQBug1.xml
----------------- Instantiating /home/travis/build/icyphy/ptII/ptolemy/domains/de/test/auto/CQBug1.xml
0 ms. Memory: 45056K Free: 19883K (44%)
----------------- Invoking toplevel() on ptolemy.moml.MoMLSimpleApplication@40743039
----------------- Done invoking toplevel() on ptolemy.moml.MoMLSimpleApplication@40743039
reloadAllAccessors: .CQBug1

===========================================================================================
----------------- testing Thu Jul 04 04:44:07 UTC 2019 /home/travis/build/icyphy/ptII/ptolemy/domains/de/test/auto/CancelFireAt.xml
----------------- Instantiating /home/travis/build/icyphy/ptII/ptolemy/domains/de/test/auto/CancelFireAt.xml
1 ms. Memory: 45056K Free: 17404K (39%)
----------------- Invoking toplevel() on ptolemy.moml.MoMLSimpleApplication@4140724
----------------- Done invoking toplevel() on ptolemy.moml.MoMLSimpleApplication@4140724
reloadAllAccessors: .CancelFireAt

===========================================================================================
----------------- testing Thu Jul 04 04:44:07 UTC 2019 /home/travis/build/icyphy/ptII/ptolemy/domains/de/test/auto/CausalityAndComposabilityAnalysis.xml
----------------- Instantiating /home/travis/build/icyphy/ptII/ptolemy/domains/de/test/auto/CausalityAndComposabilityAnalysis.xml
10 ms. Memory: 45056K Free: 13033K (29%)
----------------- Invoking toplevel() on ptolemy.moml.MoMLSimpleApplication@1365ff7c
----------------- Done invoking toplevel() on ptolemy.moml.MoMLSimpleApplication@1365ff7c
reloadAllAccessors: .CausalityAndComposabilityAnalysis

===========================================================================================
----------------- testing Thu Jul 04 04:44:07 UTC 2019 /home/travis/build/icyphy/ptII/ptolemy/domains/de/test/auto/CausalityInterface1.xml
----------------- Instantiating /home/travis/build/icyphy/ptII/ptolemy/domains/de/test/auto/CausalityInterface1.xml
4 ms. Memory: 45056K Free: 7913K (18%)
----------------- Invoking toplevel() on ptolemy.moml.MoMLSimpleApplication@39527d3c
----------------- Done invoking toplevel() on ptolemy.moml.MoMLSimpleApplication@39527d3c
reloadAllAccessors: .CausalityInterface1

===========================================================================================
----------------- testing Thu Jul 04 04:44:07 UTC 2019 /home/travis/build/icyphy/ptII/ptolemy/domains/de/test/auto/CausalityInterface15.xml
----------------- Instantiating /home/travis/build/icyphy/ptII/ptolemy/domains/de/test/auto/CausalityInterface15.xml
2 ms. Memory: 45056K Free: 26285K (58%)
----------------- Invoking toplevel() on ptolemy.moml.MoMLSimpleApplication@2fbd8c10
----------------- Done invoking toplevel() on ptolemy.moml.MoMLSimpleApplication@2fbd8c10
reloadAllAccessors: .CausalityInterface15

===========================================================================================
----------------- testing Thu Jul 04 04:44:07 UTC 2019 /home/travis/build/icyphy/ptII/ptolemy/domains/de/test/auto/CausalityInterface2.xml
----------------- Instantiating /home/travis/build/icyphy/ptII/ptolemy/domains/de/test/auto/CausalityInterface2.xml
2 ms. Memory: 45056K Free: 21739K (48%)
----------------- Invoking toplevel() on ptolemy.moml.MoMLSimpleApplication@5e95ae15
----------------- Done invoking toplevel() on ptolemy.moml.MoMLSimpleApplication@5e95ae15
reloadAllAccessors: .CausalityInterface2

===========================================================================================
----------------- testing Thu Jul 04 04:44:07 UTC 2019 /home/travis/build/icyphy/ptII/ptolemy/domains/de/test/auto/CausalityInterface3.xml
----------------- Instantiating /home/travis/build/icyphy/ptII/ptolemy/domains/de/test/auto/CausalityInterface3.xml
2 ms. Memory: 45056K Free: 16793K (37%)
----------------- Invoking toplevel() on ptolemy.moml.MoMLSimpleApplication@5e3f7979
----------------- Done invoking toplevel() on ptolemy.moml.MoMLSimpleApplication@5e3f7979
reloadAllAccessors: .CausalityInterface3

===========================================================================================
----------------- testing Thu Jul 04 04:44:07 UTC 2019 /home/travis/build/icyphy/ptII/ptolemy/domains/de/test/auto/ClockDrift.xml
----------------- Instantiating /home/travis/build/icyphy/ptII/ptolemy/domains/de/test/auto/ClockDrift.xml
17 ms. Memory: 45056K Free: 28252K (63%)
----------------- Invoking toplevel() on ptolemy.moml.MoMLSimpleApplication@70cb0c3c
----------------- Done invoking toplevel() on ptolemy.moml.MoMLSimpleApplication@70cb0c3c
reloadAllAccessors: .ClockDrift

===========================================================================================
----------------- testing Thu Jul 04 04:44:07 UTC 2019 /home/travis/build/icyphy/ptII/ptolemy/domains/de/test/auto/ClockDriftAndValueChange.xml
----------------- Instantiating /home/travis/build/icyphy/ptII/ptolemy/domains/de/test/auto/ClockDriftAndValueChange.xml
12 ms. Memory: 45056K Free: 16761K (37%)
----------------- Invoking toplevel() on ptolemy.moml.MoMLSimpleApplication@57fa581a
----------------- Done invoking toplevel() on ptolemy.moml.MoMLSimpleApplication@57fa581a
reloadAllAccessors: .ClockDriftAndValueChange

===========================================================================================
----------------- testing Thu Jul 04 04:44:07 UTC 2019 /home/travis/build/icyphy/ptII/ptolemy/domains/de/test/auto/ClockDriftChange.xml
----------------- Instantiating /home/travis/build/icyphy/ptII/ptolemy/domains/de/test/auto/ClockDriftChange.xml
15 ms. Memory: 45056K Free: 29635K (66%)
----------------- Invoking toplevel() on ptolemy.moml.MoMLSimpleApplication@559010b6
----------------- Done invoking toplevel() on ptolemy.moml.MoMLSimpleApplication@559010b6
reloadAllAccessors: .ClockDriftChange

===========================================================================================
----------------- testing Thu Jul 04 04:44:07 UTC 2019 /home/travis/build/icyphy/ptII/ptolemy/domains/de/test/auto/ComposableCausalityAnalysis.xml
----------------- Instantiating /home/travis/build/icyphy/ptII/ptolemy/domains/de/test/auto/ComposableCausalityAnalysis.xml
1 ms. Memory: 45056K Free: 23520K (52%)
----------------- Invoking toplevel() on ptolemy.moml.MoMLSimpleApplication@35442d43
----------------- Done invoking toplevel() on ptolemy.moml.MoMLSimpleApplication@35442d43
reloadAllAccessors: .ComposableCausalityAnalysis

===========================================================================================
----------------- testing Thu Jul 04 04:44:07 UTC 2019 /home/travis/build/icyphy/ptII/ptolemy/domains/de/test/auto/DEFixedPointLimitation.xml
----------------- Instantiating /home/travis/build/icyphy/ptII/ptolemy/domains/de/test/auto/DEFixedPointLimitation.xml
1 ms. Memory: 45056K Free: 18931K (42%)
----------------- Invoking toplevel() on ptolemy.moml.MoMLSimpleApplication@71158044
----------------- Done invoking toplevel() on ptolemy.moml.MoMLSimpleApplication@71158044
reloadAllAccessors: .DEFixedPointLimitation

===========================================================================================
----------------- testing Thu Jul 04 04:44:07 UTC 2019 /home/travis/build/icyphy/ptII/ptolemy/domains/de/test/auto/DEScheduleTest.xml
----------------- Instantiating /home/travis/build/icyphy/ptII/ptolemy/domains/de/test/auto/DEScheduleTest.xml
3 ms. Memory: 45056K Free: 14634K (32%)
----------------- Invoking toplevel() on ptolemy.moml.MoMLSimpleApplication@4109499e
----------------- Done invoking toplevel() on ptolemy.moml.MoMLSimpleApplication@4109499e
reloadAllAccessors: .DEScheduleTest

===========================================================================================
----------------- testing Thu Jul 04 04:44:07 UTC 2019 /home/travis/build/icyphy/ptII/ptolemy/domains/de/test/auto/DEinDEwithStartTimes.xml
----------------- Instantiating /home/travis/build/icyphy/ptII/ptolemy/domains/de/test/auto/DEinDEwithStartTimes.xml
9 ms. Memory: 45056K Free: 31262K (69%)
----------------- Invoking toplevel() on ptolemy.moml.MoMLSimpleApplication@91aa258
----------------- Done invoking toplevel() on ptolemy.moml.MoMLSimpleApplication@91aa258
reloadAllAccessors: .DEinDEwithStartTimes

===========================================================================================
----------------- testing Thu Jul 04 04:44:07 UTC 2019 /home/travis/build/icyphy/ptII/ptolemy/domains/de/test/auto/DEinDEwithStartTimes2.xml
----------------- Instantiating /home/travis/build/icyphy/ptII/ptolemy/domains/de/test/auto/DEinDEwithStartTimes2.xml
3 ms. Memory: 45056K Free: 24708K (55%)
----------------- Invoking toplevel() on ptolemy.moml.MoMLSimpleApplication@63f7faa7
----------------- Done invoking toplevel() on ptolemy.moml.MoMLSimpleApplication@63f7faa7
reloadAllAccessors: .DEinDEwithStartTimes2

===========================================================================================
----------------- testing Thu Jul 04 04:44:07 UTC 2019 /home/travis/build/icyphy/ptII/ptolemy/domains/de/test/auto/DateDemo.xml
----------------- Instantiating /home/travis/build/icyphy/ptII/ptolemy/domains/de/test/auto/DateDemo.xml
6 ms. Memory: 45056K Free: 13675K (30%)
----------------- Invoking toplevel() on ptolemy.moml.MoMLSimpleApplication@412eb95f
----------------- Done invoking toplevel() on ptolemy.moml.MoMLSimpleApplication@412eb95f
reloadAllAccessors: .DateDemo

===========================================================================================
----------------- testing Thu Jul 04 04:44:07 UTC 2019 /home/travis/build/icyphy/ptII/ptolemy/domains/de/test/auto/DateToEvent.xml
----------------- Instantiating /home/travis/build/icyphy/ptII/ptolemy/domains/de/test/auto/DateToEvent.xml
2013 ms. Memory: 45056K Free: 20180K (45%)
----------------- Invoking toplevel() on ptolemy.moml.MoMLSimpleApplication@7bb8645f
----------------- Done invoking toplevel() on ptolemy.moml.MoMLSimpleApplication@7bb8645f
reloadAllAccessors: .DateToEvent

===========================================================================================
----------------- testing Thu Jul 04 04:44:09 UTC 2019 /home/travis/build/icyphy/ptII/ptolemy/domains/de/test/auto/DepthTest1.xml
----------------- Instantiating /home/travis/build/icyphy/ptII/ptolemy/domains/de/test/auto/DepthTest1.xml
2 ms. Memory: 45056K Free: 17378K (39%)
----------------- Invoking toplevel() on ptolemy.moml.MoMLSimpleApplication@25cff9ca
----------------- Done invoking toplevel() on ptolemy.moml.MoMLSimpleApplication@25cff9ca
reloadAllAccessors: .DepthTest1

===========================================================================================
----------------- testing Thu Jul 04 04:44:09 UTC 2019 /home/travis/build/icyphy/ptII/ptolemy/domains/de/test/auto/DepthTest2.xml
----------------- Instantiating /home/travis/build/icyphy/ptII/ptolemy/domains/de/test/auto/DepthTest2.xml
2 ms. Memory: 45056K Free: 11028K (24%)
----------------- Invoking toplevel() on ptolemy.moml.MoMLSimpleApplication@128cc1cd
----------------- Done invoking toplevel() on ptolemy.moml.MoMLSimpleApplication@128cc1cd
reloadAllAccessors: .DepthTest2

===========================================================================================
----------------- testing Thu Jul 04 04:44:10 UTC 2019 /home/travis/build/icyphy/ptII/ptolemy/domains/de/test/auto/DepthTest3.xml
----------------- Instantiating /home/travis/build/icyphy/ptII/ptolemy/domains/de/test/auto/DepthTest3.xml
5 ms. Memory: 45056K Free: 30961K (69%)
----------------- Invoking toplevel() on ptolemy.moml.MoMLSimpleApplication@a3bc571
----------------- Done invoking toplevel() on ptolemy.moml.MoMLSimpleApplication@a3bc571
reloadAllAccessors: .DepthTest3

===========================================================================================
----------------- testing Thu Jul 04 04:44:10 UTC 2019 /home/travis/build/icyphy/ptII/ptolemy/domains/de/test/auto/DepthTest4.xml
----------------- Instantiating /home/travis/build/icyphy/ptII/ptolemy/domains/de/test/auto/DepthTest4.xml
2 ms. Memory: 45056K Free: 26163K (58%)
----------------- Invoking toplevel() on ptolemy.moml.MoMLSimpleApplication@3a070249
----------------- Done invoking toplevel() on ptolemy.moml.MoMLSimpleApplication@3a070249
reloadAllAccessors: .DepthTest4

===========================================================================================
----------------- testing Thu Jul 04 04:44:10 UTC 2019 /home/travis/build/icyphy/ptII/ptolemy/domains/de/test/auto/DepthTest5.xml
----------------- Instantiating /home/travis/build/icyphy/ptII/ptolemy/domains/de/test/auto/DepthTest5.xml
1 ms. Memory: 45056K Free: 20914K (46%)
----------------- Invoking toplevel() on ptolemy.moml.MoMLSimpleApplication@cd79487
----------------- Done invoking toplevel() on ptolemy.moml.MoMLSimpleApplication@cd79487
reloadAllAccessors: .DepthTest5

===========================================================================================
----------------- testing Thu Jul 04 04:44:10 UTC 2019 /home/travis/build/icyphy/ptII/ptolemy/domains/de/test/auto/DepthTest6.xml
----------------- Instantiating /home/travis/build/icyphy/ptII/ptolemy/domains/de/test/auto/DepthTest6.xml
4 ms. Memory: 45056K Free: 15780K (35%)
----------------- Invoking toplevel() on ptolemy.moml.MoMLSimpleApplication@212596de
----------------- Done invoking toplevel() on ptolemy.moml.MoMLSimpleApplication@212596de
reloadAllAccessors: .DepthTest6

===========================================================================================
----------------- testing Thu Jul 04 04:44:10 UTC 2019 /home/travis/build/icyphy/ptII/ptolemy/domains/de/test/auto/DepthTest7.xml
----------------- Instantiating /home/travis/build/icyphy/ptII/ptolemy/domains/de/test/auto/DepthTest7.xml
3 ms. Memory: 45056K Free: 10979K (24%)
----------------- Invoking toplevel() on ptolemy.moml.MoMLSimpleApplication@7416271b
----------------- Done invoking toplevel() on ptolemy.moml.MoMLSimpleApplication@7416271b
reloadAllAccessors: .DepthTest7

===========================================================================================
----------------- testing Thu Jul 04 04:44:10 UTC 2019 /home/travis/build/icyphy/ptII/ptolemy/domains/de/test/auto/EventToDate.xml
----------------- Instantiating /home/travis/build/icyphy/ptII/ptolemy/domains/de/test/auto/EventToDate.xml
3006 ms. Memory: 45056K Free: 19757K (44%)
----------------- Invoking toplevel() on ptolemy.moml.MoMLSimpleApplication@668b4b4d
----------------- Done invoking toplevel() on ptolemy.moml.MoMLSimpleApplication@668b4b4d
reloadAllAccessors: .EventToDate

===========================================================================================
----------------- testing Thu Jul 04 04:44:13 UTC 2019 /home/travis/build/icyphy/ptII/ptolemy/domains/de/test/auto/FSM1.xml
----------------- Instantiating /home/travis/build/icyphy/ptII/ptolemy/domains/de/test/auto/FSM1.xml
25 ms. Memory: 45056K Free: 30641K (68%)
----------------- Invoking toplevel() on ptolemy.moml.MoMLSimpleApplication@45bdba1b
----------------- Done invoking toplevel() on ptolemy.moml.MoMLSimpleApplication@45bdba1b
reloadAllAccessors: .FSM1

===========================================================================================
----------------- testing Thu Jul 04 04:44:13 UTC 2019 /home/travis/build/icyphy/ptII/ptolemy/domains/de/test/auto/FSM7.xml
----------------- Instantiating /home/travis/build/icyphy/ptII/ptolemy/domains/de/test/auto/FSM7.xml
17 ms. Memory: 45056K Free: 18245K (40%)
----------------- Invoking toplevel() on ptolemy.moml.MoMLSimpleApplication@1ee66434
----------------- Done invoking toplevel() on ptolemy.moml.MoMLSimpleApplication@1ee66434
reloadAllAccessors: .FSM7

===========================================================================================
----------------- testing Thu Jul 04 04:44:13 UTC 2019 /home/travis/build/icyphy/ptII/ptolemy/domains/de/test/auto/Inspection.xml
----------------- Instantiating /home/travis/build/icyphy/ptII/ptolemy/domains/de/test/auto/Inspection.xml
16 ms. Memory: 45056K Free: 28284K (63%)
----------------- Invoking toplevel() on ptolemy.moml.MoMLSimpleApplication@2c2b1312
----------------- Done invoking toplevel() on ptolemy.moml.MoMLSimpleApplication@2c2b1312
reloadAllAccessors: .Inspection

===========================================================================================
----------------- testing Thu Jul 04 04:44:13 UTC 2019 /home/travis/build/icyphy/ptII/ptolemy/domains/de/test/auto/Iteration.xml
----------------- Instantiating /home/travis/build/icyphy/ptII/ptolemy/domains/de/test/auto/Iteration.xml
10 ms. Memory: 45056K Free: 21567K (48%)
----------------- Invoking toplevel() on ptolemy.moml.MoMLSimpleApplication@23cf1d13
----------------- Done invoking toplevel() on ptolemy.moml.MoMLSimpleApplication@23cf1d13
reloadAllAccessors: .Iteration

===========================================================================================
----------------- testing Thu Jul 04 04:44:13 UTC 2019 /home/travis/build/icyphy/ptII/ptolemy/domains/de/test/auto/LineFault.xml
----------------- Instantiating /home/travis/build/icyphy/ptII/ptolemy/domains/de/test/auto/LineFault.xml
494 ms. Memory: 45056K Free: 14588K (32%)
----------------- Invoking toplevel() on ptolemy.moml.MoMLSimpleApplication@5267892d
----------------- Done invoking toplevel() on ptolemy.moml.MoMLSimpleApplication@5267892d
reloadAllAccessors: .LineFault

===========================================================================================
----------------- testing Thu Jul 04 04:44:13 UTC 2019 /home/travis/build/icyphy/ptII/ptolemy/domains/de/test/auto/MergeModel1Add.xml
----------------- Instantiating /home/travis/build/icyphy/ptII/ptolemy/domains/de/test/auto/MergeModel1Add.xml
7 ms. Memory: 45056K Free: 14805K (33%)
----------------- Invoking toplevel() on ptolemy.moml.MoMLSimpleApplication@598f75ff
----------------- Done invoking toplevel() on ptolemy.moml.MoMLSimpleApplication@598f75ff
reloadAllAccessors: .MergeModel1Add

===========================================================================================
----------------- testing Thu Jul 04 04:44:14 UTC 2019 /home/travis/build/icyphy/ptII/ptolemy/domains/de/test/auto/MergeModel2Add.xml
----------------- Instantiating /home/travis/build/icyphy/ptII/ptolemy/domains/de/test/auto/MergeModel2Add.xml
6 ms. Memory: 45056K Free: 15113K (34%)
----------------- Invoking toplevel() on ptolemy.moml.MoMLSimpleApplication@50c0d136
----------------- Done invoking toplevel() on ptolemy.moml.MoMLSimpleApplication@50c0d136
reloadAllAccessors: .MergeModel2Add

===========================================================================================
----------------- testing Thu Jul 04 04:44:14 UTC 2019 /home/travis/build/icyphy/ptII/ptolemy/domains/de/test/auto/MergeModel3Add.xml
----------------- Instantiating /home/travis/build/icyphy/ptII/ptolemy/domains/de/test/auto/MergeModel3Add.xml
5 ms. Memory: 45056K Free: 15936K (35%)
----------------- Invoking toplevel() on ptolemy.moml.MoMLSimpleApplication@520f376c
----------------- Done invoking toplevel() on ptolemy.moml.MoMLSimpleApplication@520f376c
reloadAllAccessors: .MergeModel3Add

===========================================================================================
----------------- testing Thu Jul 04 04:44:14 UTC 2019 /home/travis/build/icyphy/ptII/ptolemy/domains/de/test/auto/MergeWithoutDiscard.xml
----------------- Instantiating /home/travis/build/icyphy/ptII/ptolemy/domains/de/test/auto/MergeWithoutDiscard.xml
1 ms. Memory: 45056K Free: 11472K (25%)
----------------- Invoking toplevel() on ptolemy.moml.MoMLSimpleApplication@8f2f7f5
----------------- Done invoking toplevel() on ptolemy.moml.MoMLSimpleApplication@8f2f7f5
reloadAllAccessors: .MergeWithoutDiscard

===========================================================================================
----------------- testing Thu Jul 04 04:44:14 UTC 2019 /home/travis/build/icyphy/ptII/ptolemy/domains/de/test/auto/Modal1.xml
----------------- Instantiating /home/travis/build/icyphy/ptII/ptolemy/domains/de/test/auto/Modal1.xml
7 ms. Memory: 45056K Free: 19192K (43%)
----------------- Invoking toplevel() on ptolemy.moml.MoMLSimpleApplication@7812da8b
----------------- Done invoking toplevel() on ptolemy.moml.MoMLSimpleApplication@7812da8b
reloadAllAccessors: .Modal1

===========================================================================================
----------------- testing Thu Jul 04 04:44:14 UTC 2019 /home/travis/build/icyphy/ptII/ptolemy/domains/de/test/auto/Modal2.xml
----------------- Instantiating /home/travis/build/icyphy/ptII/ptolemy/domains/de/test/auto/Modal2.xml
18 ms. Memory: 45056K Free: 26617K (59%)
----------------- Invoking toplevel() on ptolemy.moml.MoMLSimpleApplication@25f5d340
----------------- Done invoking toplevel() on ptolemy.moml.MoMLSimpleApplication@25f5d340
reloadAllAccessors: .Modal2

===========================================================================================
----------------- testing Thu Jul 04 04:44:14 UTC 2019 /home/travis/build/icyphy/ptII/ptolemy/domains/de/test/auto/Modal3.xml
----------------- Instantiating /home/travis/build/icyphy/ptII/ptolemy/domains/de/test/auto/Modal3.xml
7 ms. Memory: 45056K Free: 14292K (32%)
----------------- Invoking toplevel() on ptolemy.moml.MoMLSimpleApplication@53926697
----------------- Done invoking toplevel() on ptolemy.moml.MoMLSimpleApplication@53926697
reloadAllAccessors: .Modal3

===========================================================================================
----------------- testing Thu Jul 04 04:44:14 UTC 2019 /home/travis/build/icyphy/ptII/ptolemy/domains/de/test/auto/Modal4.xml
----------------- Instantiating /home/travis/build/icyphy/ptII/ptolemy/domains/de/test/auto/Modal4.xml
15 ms. Memory: 62464K Free: 38244K (61%)
----------------- Invoking toplevel() on ptolemy.moml.MoMLSimpleApplication@70c3d95f
----------------- Done invoking toplevel() on ptolemy.moml.MoMLSimpleApplication@70c3d95f
reloadAllAccessors: .Modal4

===========================================================================================
----------------- testing Thu Jul 04 04:44:14 UTC 2019 /home/travis/build/icyphy/ptII/ptolemy/domains/de/test/auto/Modal5.xml
----------------- Instantiating /home/travis/build/icyphy/ptII/ptolemy/domains/de/test/auto/Modal5.xml
11 ms. Memory: 62464K Free: 25615K (41%)
----------------- Invoking toplevel() on ptolemy.moml.MoMLSimpleApplication@57f0b782
----------------- Done invoking toplevel() on ptolemy.moml.MoMLSimpleApplication@57f0b782
reloadAllAccessors: .Modal5

===========================================================================================
----------------- testing Thu Jul 04 04:44:14 UTC 2019 /home/travis/build/icyphy/ptII/ptolemy/domains/de/test/auto/Modal6.xml
----------------- Instantiating /home/travis/build/icyphy/ptII/ptolemy/domains/de/test/auto/Modal6.xml
8 ms. Memory: 62464K Free: 40140K (64%)
----------------- Invoking toplevel() on ptolemy.moml.MoMLSimpleApplication@e87218b
----------------- Done invoking toplevel() on ptolemy.moml.MoMLSimpleApplication@e87218b
reloadAllAccessors: .Modal6

===========================================================================================
----------------- testing Thu Jul 04 04:44:14 UTC 2019 /home/travis/build/icyphy/ptII/ptolemy/domains/de/test/auto/Modal7.xml
----------------- Instantiating /home/travis/build/icyphy/ptII/ptolemy/domains/de/test/auto/Modal7.xml
6 ms. Memory: 62464K Free: 26828K (43%)
----------------- Invoking toplevel() on ptolemy.moml.MoMLSimpleApplication@4047574c
----------------- Done invoking toplevel() on ptolemy.moml.MoMLSimpleApplication@4047574c
reloadAllAccessors: .Modal7

===========================================================================================
----------------- testing Thu Jul 04 04:44:14 UTC 2019 /home/travis/build/icyphy/ptII/ptolemy/domains/de/test/auto/ModalModel.xml
----------------- Instantiating /home/travis/build/icyphy/ptII/ptolemy/domains/de/test/auto/ModalModel.xml
141 ms. Memory: 117760K Free: 98776K (84%)
----------------- Invoking toplevel() on ptolemy.moml.MoMLSimpleApplication@4f545bc1
----------------- Done invoking toplevel() on ptolemy.moml.MoMLSimpleApplication@4f545bc1
reloadAllAccessors: .ModalModel

===========================================================================================
----------------- testing Thu Jul 04 04:44:14 UTC 2019 /home/travis/build/icyphy/ptII/ptolemy/domains/de/test/auto/ModalSource.xml
----------------- Instantiating /home/travis/build/icyphy/ptII/ptolemy/domains/de/test/auto/ModalSource.xml
6 ms. Memory: 117760K Free: 90088K (77%)
----------------- Invoking toplevel() on ptolemy.moml.MoMLSimpleApplication@2462f931
----------------- Done invoking toplevel() on ptolemy.moml.MoMLSimpleApplication@2462f931
reloadAllAccessors: .ModalSource

===========================================================================================
----------------- testing Thu Jul 04 04:44:14 UTC 2019 /home/travis/build/icyphy/ptII/ptolemy/domains/de/test/auto/NonInterruptibleTimerZeroDelay.xml
----------------- Instantiating /home/travis/build/icyphy/ptII/ptolemy/domains/de/test/auto/NonInterruptibleTimerZeroDelay.xml
2 ms. Memory: 117760K Free: 85992K (73%)
----------------- Invoking toplevel() on ptolemy.moml.MoMLSimpleApplication@1ef2bd04
----------------- Done invoking toplevel() on ptolemy.moml.MoMLSimpleApplication@1ef2bd04
reloadAllAccessors: .NonInterruptibleTimerZeroDelay

===========================================================================================
----------------- testing Thu Jul 04 04:44:14 UTC 2019 /home/travis/build/icyphy/ptII/ptolemy/domains/de/test/auto/OpenQueueingNetwork.xml
----------------- Instantiating /home/travis/build/icyphy/ptII/ptolemy/domains/de/test/auto/OpenQueueingNetwork.xml
2520 ms. Memory: 222208K Free: 180330K (81%)
----------------- Invoking toplevel() on ptolemy.moml.MoMLSimpleApplication@305d83fd
----------------- Done invoking toplevel() on ptolemy.moml.MoMLSimpleApplication@305d83fd
reloadAllAccessors: .OpenQueueingNetwork

===========================================================================================
----------------- testing Thu Jul 04 04:44:17 UTC 2019 /home/travis/build/icyphy/ptII/ptolemy/domains/de/test/auto/OpenQueuingNetwork.xml
----------------- Instantiating /home/travis/build/icyphy/ptII/ptolemy/domains/de/test/auto/OpenQueuingNetwork.xml
234 ms. Memory: 222208K Free: 104554K (47%)
----------------- Invoking toplevel() on ptolemy.moml.MoMLSimpleApplication@2b535c8
----------------- Done invoking toplevel() on ptolemy.moml.MoMLSimpleApplication@2b535c8
reloadAllAccessors: .OpenQueuingNetwork

===========================================================================================
----------------- testing Thu Jul 04 04:44:17 UTC 2019 /home/travis/build/icyphy/ptII/ptolemy/domains/de/test/auto/PeriodicSampler.xml
----------------- Instantiating /home/travis/build/icyphy/ptII/ptolemy/domains/de/test/auto/PeriodicSampler.xml
2 ms. Memory: 222208K Free: 100458K (45%)
----------------- Invoking toplevel() on ptolemy.moml.MoMLSimpleApplication@4722baeb
----------------- Done invoking toplevel() on ptolemy.moml.MoMLSimpleApplication@4722baeb
reloadAllAccessors: .PeriodicSampler

===========================================================================================
----------------- testing Thu Jul 04 04:44:17 UTC 2019 /home/travis/build/icyphy/ptII/ptolemy/domains/de/test/auto/PersistentIO.xml
----------------- Instantiating /home/travis/build/icyphy/ptII/ptolemy/domains/de/test/auto/PersistentIO.xml
9 ms. Memory: 222208K Free: 91242K (41%)
----------------- Invoking toplevel() on ptolemy.moml.MoMLSimpleApplication@68e80f49
----------------- Done invoking toplevel() on ptolemy.moml.MoMLSimpleApplication@68e80f49
reloadAllAccessors: .PersistentIO

===========================================================================================
----------------- testing Thu Jul 04 04:44:17 UTC 2019 /home/travis/build/icyphy/ptII/ptolemy/domains/de/test/auto/PortParameterResetOnInitialize.xml
----------------- Instantiating /home/travis/build/icyphy/ptII/ptolemy/domains/de/test/auto/PortParameterResetOnInitialize.xml
2 ms. Memory: 222208K Free: 86626K (39%)
----------------- Invoking toplevel() on ptolemy.moml.MoMLSimpleApplication@6d5d7c70
----------------- Done invoking toplevel() on ptolemy.moml.MoMLSimpleApplication@6d5d7c70
reloadAllAccessors: .PortParameterResetOnInitialize

===========================================================================================
----------------- testing Thu Jul 04 04:44:17 UTC 2019 /home/travis/build/icyphy/ptII/ptolemy/domains/de/test/auto/PortParameterUpdates.xml
----------------- Instantiating /home/travis/build/icyphy/ptII/ptolemy/domains/de/test/auto/PortParameterUpdates.xml
3 ms. Memory: 222208K Free: 80474K (36%)
----------------- Invoking toplevel() on ptolemy.moml.MoMLSimpleApplication@3ab95c8a
----------------- Done invoking toplevel() on ptolemy.moml.MoMLSimpleApplication@3ab95c8a
reloadAllAccessors: .PortParameterUpdates

===========================================================================================
----------------- testing Thu Jul 04 04:44:17 UTC 2019 /home/travis/build/icyphy/ptII/ptolemy/domains/de/test/auto/QueueAndServer.xml
----------------- Instantiating /home/travis/build/icyphy/ptII/ptolemy/domains/de/test/auto/QueueAndServer.xml
10 ms. Memory: 222208K Free: 205872K (93%)
----------------- Invoking toplevel() on ptolemy.moml.MoMLSimpleApplication@2a1c4c42
----------------- Done invoking toplevel() on ptolemy.moml.MoMLSimpleApplication@2a1c4c42
reloadAllAccessors: .QueueAndServer

===========================================================================================
----------------- testing Thu Jul 04 04:44:17 UTC 2019 /home/travis/build/icyphy/ptII/ptolemy/domains/de/test/auto/Records.xml
----------------- Instantiating /home/travis/build/icyphy/ptII/ptolemy/domains/de/test/auto/Records.xml
3 ms. Memory: 222208K Free: 200267K (90%)
----------------- Invoking toplevel() on ptolemy.moml.MoMLSimpleApplication@98adeb9
----------------- Done invoking toplevel() on ptolemy.moml.MoMLSimpleApplication@98adeb9
reloadAllAccessors: .Records

===========================================================================================
----------------- testing Thu Jul 04 04:44:17 UTC 2019 /home/travis/build/icyphy/ptII/ptolemy/domains/de/test/auto/ResetTransitionWithStartTime1.xml
----------------- Instantiating /home/travis/build/icyphy/ptII/ptolemy/domains/de/test/auto/ResetTransitionWithStartTime1.xml
4 ms. Memory: 222208K Free: 192075K (86%)
----------------- Invoking toplevel() on ptolemy.moml.MoMLSimpleApplication@4fb3b290
----------------- Done invoking toplevel() on ptolemy.moml.MoMLSimpleApplication@4fb3b290
reloadAllAccessors: .ResetTransitionWithStartTime1

===========================================================================================
----------------- testing Thu Jul 04 04:44:17 UTC 2019 /home/travis/build/icyphy/ptII/ptolemy/domains/de/test/auto/ResetTransitionWithStartTime2.xml
----------------- Instantiating /home/travis/build/icyphy/ptII/ptolemy/domains/de/test/auto/ResetTransitionWithStartTime2.xml
5 ms. Memory: 222208K Free: 183883K (83%)
----------------- Invoking toplevel() on ptolemy.moml.MoMLSimpleApplication@2eb020b9
----------------- Done invoking toplevel() on ptolemy.moml.MoMLSimpleApplication@2eb020b9
reloadAllAccessors: .ResetTransitionWithStartTime2

===========================================================================================
----------------- testing Thu Jul 04 04:44:17 UTC 2019 /home/travis/build/icyphy/ptII/ptolemy/domains/de/test/auto/ResetTransitionWithStartTime3.xml
----------------- Instantiating /home/travis/build/icyphy/ptII/ptolemy/domains/de/test/auto/ResetTransitionWithStartTime3.xml
4 ms. Memory: 222208K Free: 175691K (79%)
----------------- Invoking toplevel() on ptolemy.moml.MoMLSimpleApplication@50fdf7b4
----------------- Done invoking toplevel() on ptolemy.moml.MoMLSimpleApplication@50fdf7b4
reloadAllAccessors: .ResetTransitionWithStartTime3

===========================================================================================
----------------- testing Thu Jul 04 04:44:17 UTC 2019 /home/travis/build/icyphy/ptII/ptolemy/domains/de/test/auto/ResetTransitionWithStartTime4.xml
----------------- Instantiating /home/travis/build/icyphy/ptII/ptolemy/domains/de/test/auto/ResetTransitionWithStartTime4.xml
3 ms. Memory: 222208K Free: 168003K (76%)
----------------- Invoking toplevel() on ptolemy.moml.MoMLSimpleApplication@dcf0bb6
----------------- Done invoking toplevel() on ptolemy.moml.MoMLSimpleApplication@dcf0bb6
reloadAllAccessors: .ResetTransitionWithStartTime4

===========================================================================================
----------------- testing Thu Jul 04 04:44:17 UTC 2019 /home/travis/build/icyphy/ptII/ptolemy/domains/de/test/auto/ResettableTimer1.xml
----------------- Instantiating /home/travis/build/icyphy/ptII/ptolemy/domains/de/test/auto/ResettableTimer1.xml
3 ms. Memory: 222208K Free: 163899K (74%)
----------------- Invoking toplevel() on ptolemy.moml.MoMLSimpleApplication@71140f2f
----------------- Done invoking toplevel() on ptolemy.moml.MoMLSimpleApplication@71140f2f
reloadAllAccessors: .ResettableTimer1

===========================================================================================
----------------- testing Thu Jul 04 04:44:17 UTC 2019 /home/travis/build/icyphy/ptII/ptolemy/domains/de/test/auto/ResettableTimer2.xml
----------------- Instantiating /home/travis/build/icyphy/ptII/ptolemy/domains/de/test/auto/ResettableTimer2.xml
2 ms. Memory: 222208K Free: 159803K (72%)
----------------- Invoking toplevel() on ptolemy.moml.MoMLSimpleApplication@162e173a
----------------- Done invoking toplevel() on ptolemy.moml.MoMLSimpleApplication@162e173a
reloadAllAccessors: .ResettableTimer2

===========================================================================================
----------------- testing Thu Jul 04 04:44:17 UTC 2019 /home/travis/build/icyphy/ptII/ptolemy/domains/de/test/auto/ResettableTimer3.xml
----------------- Instantiating /home/travis/build/icyphy/ptII/ptolemy/domains/de/test/auto/ResettableTimer3.xml
1 ms. Memory: 222208K Free: 156235K (70%)
----------------- Invoking toplevel() on ptolemy.moml.MoMLSimpleApplication@4c1fed63
----------------- Done invoking toplevel() on ptolemy.moml.MoMLSimpleApplication@4c1fed63
reloadAllAccessors: .ResettableTimer3

===========================================================================================
----------------- testing Thu Jul 04 04:44:17 UTC 2019 /home/travis/build/icyphy/ptII/ptolemy/domains/de/test/auto/ResettableTimer4.xml
----------------- Instantiating /home/travis/build/icyphy/ptII/ptolemy/domains/de/test/auto/ResettableTimer4.xml
1 ms. Memory: 222208K Free: 152139K (68%)
----------------- Invoking toplevel() on ptolemy.moml.MoMLSimpleApplication@15cc5879
----------------- Done invoking toplevel() on ptolemy.moml.MoMLSimpleApplication@15cc5879
reloadAllAccessors: .ResettableTimer4

===========================================================================================
----------------- testing Thu Jul 04 04:44:17 UTC 2019 /home/travis/build/icyphy/ptII/ptolemy/domains/de/test/auto/ResettableTimer5.xml
----------------- Instantiating /home/travis/build/icyphy/ptII/ptolemy/domains/de/test/auto/ResettableTimer5.xml
1 ms. Memory: 222208K Free: 148043K (67%)
----------------- Invoking toplevel() on ptolemy.moml.MoMLSimpleApplication@1ad4fd04
----------------- Done invoking toplevel() on ptolemy.moml.MoMLSimpleApplication@1ad4fd04
reloadAllAccessors: .ResettableTimer5

===========================================================================================
----------------- testing Thu Jul 04 04:44:17 UTC 2019 /home/travis/build/icyphy/ptII/ptolemy/domains/de/test/auto/ResettableTimer6.xml
----------------- Instantiating /home/travis/build/icyphy/ptII/ptolemy/domains/de/test/auto/ResettableTimer6.xml
7 ms. Memory: 222208K Free: 143430K (65%)
----------------- Invoking toplevel() on ptolemy.moml.MoMLSimpleApplication@6dc33efe
----------------- Done invoking toplevel() on ptolemy.moml.MoMLSimpleApplication@6dc33efe
reloadAllAccessors: .ResettableTimer6

===========================================================================================
----------------- testing Thu Jul 04 04:44:17 UTC 2019 /home/travis/build/icyphy/ptII/ptolemy/domains/de/test/auto/ServerZeroDelay.xml
----------------- Instantiating /home/travis/build/icyphy/ptII/ptolemy/domains/de/test/auto/ServerZeroDelay.xml
2 ms. Memory: 222208K Free: 139323K (63%)
----------------- Invoking toplevel() on ptolemy.moml.MoMLSimpleApplication@2e9ff6b3
----------------- Done invoking toplevel() on ptolemy.moml.MoMLSimpleApplication@2e9ff6b3
reloadAllAccessors: .ServerZeroDelay

===========================================================================================
----------------- testing Thu Jul 04 04:44:17 UTC 2019 /home/travis/build/icyphy/ptII/ptolemy/domains/de/test/auto/SmartSender.xml
----------------- Instantiating /home/travis/build/icyphy/ptII/ptolemy/domains/de/test/auto/SmartSender.xml
3001 ms. Memory: 222208K Free: 135241K (61%)
----------------- Invoking toplevel() on ptolemy.moml.MoMLSimpleApplication@60cc9682
----------------- Done invoking toplevel() on ptolemy.moml.MoMLSimpleApplication@60cc9682
reloadAllAccessors: .SmartSender

===========================================================================================
----------------- testing Thu Jul 04 04:44:20 UTC 2019 /home/travis/build/icyphy/ptII/ptolemy/domains/de/test/auto/ThreadedComposite.xml
----------------- Instantiating /home/travis/build/icyphy/ptII/ptolemy/domains/de/test/auto/ThreadedComposite.xml
92 ms. Memory: 222208K Free: 114761K (52%)
----------------- Invoking toplevel() on ptolemy.moml.MoMLSimpleApplication@1fe1a5b6
----------------- Done invoking toplevel() on ptolemy.moml.MoMLSimpleApplication@1fe1a5b6
reloadAllAccessors: .ThreadedComposite

===========================================================================================
----------------- testing Thu Jul 04 04:44:20 UTC 2019 /home/travis/build/icyphy/ptII/ptolemy/domains/de/test/auto/Time.xml
----------------- Instantiating /home/travis/build/icyphy/ptII/ptolemy/domains/de/test/auto/Time.xml
461 ms. Memory: 222208K Free: 193120K (87%)
----------------- Invoking toplevel() on ptolemy.moml.MoMLSimpleApplication@58f6bdda
----------------- Done invoking toplevel() on ptolemy.moml.MoMLSimpleApplication@58f6bdda
reloadAllAccessors: .Time

===========================================================================================
----------------- testing Thu Jul 04 04:44:21 UTC 2019 /home/travis/build/icyphy/ptII/ptolemy/domains/de/test/auto/TimeDelayZeroDelay.xml
----------------- Instantiating /home/travis/build/icyphy/ptII/ptolemy/domains/de/test/auto/TimeDelayZeroDelay.xml
3 ms. Memory: 222208K Free: 188480K (85%)
----------------- Invoking toplevel() on ptolemy.moml.MoMLSimpleApplication@3862da15
----------------- Done invoking toplevel() on ptolemy.moml.MoMLSimpleApplication@3862da15
reloadAllAccessors: .TimeDelayZeroDelay

===========================================================================================
----------------- testing Thu Jul 04 04:44:21 UTC 2019 /home/travis/build/icyphy/ptII/ptolemy/domains/de/test/auto/TimerZeroDelay.xml
----------------- Instantiating /home/travis/build/icyphy/ptII/ptolemy/domains/de/test/auto/TimerZeroDelay.xml
2 ms. Memory: 222208K Free: 184400K (83%)
----------------- Invoking toplevel() on ptolemy.moml.MoMLSimpleApplication@68957643
----------------- Done invoking toplevel() on ptolemy.moml.MoMLSimpleApplication@68957643
reloadAllAccessors: .TimerZeroDelay

===========================================================================================
----------------- testing Thu Jul 04 04:44:21 UTC 2019 /home/travis/build/icyphy/ptII/ptolemy/domains/de/test/auto/TimingParadox.xml
----------------- Instantiating /home/travis/build/icyphy/ptII/ptolemy/domains/de/test/auto/TimingParadox.xml
312 ms. Memory: 222208K Free: 117344K (53%)
----------------- Invoking toplevel() on ptolemy.moml.MoMLSimpleApplication@5f66e884
----------------- Done invoking toplevel() on ptolemy.moml.MoMLSimpleApplication@5f66e884
reloadAllAccessors: .TimingParadox

===========================================================================================
----------------- testing Thu Jul 04 04:44:21 UTC 2019 /home/travis/build/icyphy/ptII/ptolemy/domains/de/test/auto/TransferInputs.xml
----------------- Instantiating /home/travis/build/icyphy/ptII/ptolemy/domains/de/test/auto/TransferInputs.xml
1 ms. Memory: 222208K Free: 112720K (51%)
----------------- Invoking toplevel() on ptolemy.moml.MoMLSimpleApplication@44954bdb
----------------- Done invoking toplevel() on ptolemy.moml.MoMLSimpleApplication@44954bdb
reloadAllAccessors: .TransferInputs

===========================================================================================
----------------- testing Thu Jul 04 04:44:21 UTC 2019 /home/travis/build/icyphy/ptII/ptolemy/domains/de/test/auto/TransferOutputs2.xml
----------------- Instantiating /home/travis/build/icyphy/ptII/ptolemy/domains/de/test/auto/TransferOutputs2.xml
3 ms. Memory: 222208K Free: 105056K (47%)
----------------- Invoking toplevel() on ptolemy.moml.MoMLSimpleApplication@540ea84b
----------------- Done invoking toplevel() on ptolemy.moml.MoMLSimpleApplication@540ea84b
reloadAllAccessors: .TransferOutputs2

===========================================================================================
----------------- testing Thu Jul 04 04:44:21 UTC 2019 /home/travis/build/icyphy/ptII/ptolemy/domains/de/test/auto/Trilateration.xml
----------------- Instantiating /home/travis/build/icyphy/ptII/ptolemy/domains/de/test/auto/Trilateration.xml
12058 ms. Memory: 483328K Free: 389419K (81%)
----------------- Invoking toplevel() on ptolemy.moml.MoMLSimpleApplication@6cf14dea
----------------- Done invoking toplevel() on ptolemy.moml.MoMLSimpleApplication@6cf14dea
reloadAllAccessors: .Trilateration

===========================================================================================
----------------- testing Thu Jul 04 04:44:34 UTC 2019 /home/travis/build/icyphy/ptII/ptolemy/domains/de/test/auto/TwoSigmaDelta.xml
----------------- Instantiating /home/travis/build/icyphy/ptII/ptolemy/domains/de/test/auto/TwoSigmaDelta.xml
2273 ms. Memory: 483328K Free: 187691K (39%)
----------------- Invoking toplevel() on ptolemy.moml.MoMLSimpleApplication@2256bd50
----------------- Done invoking toplevel() on ptolemy.moml.MoMLSimpleApplication@2256bd50
reloadAllAccessors: .TwoSigmaDelta

===========================================================================================
----------------- testing Thu Jul 04 04:44:36 UTC 2019 /home/travis/build/icyphy/ptII/ptolemy/domains/de/test/auto/VariableDelay.xml
----------------- Instantiating /home/travis/build/icyphy/ptII/ptolemy/domains/de/test/auto/VariableDelay.xml
3 ms. Memory: 483328K Free: 183085K (38%)
----------------- Invoking toplevel() on ptolemy.moml.MoMLSimpleApplication@5e272596
----------------- Done invoking toplevel() on ptolemy.moml.MoMLSimpleApplication@5e272596
reloadAllAccessors: .VariableDelay

===========================================================================================
----------------- testing Thu Jul 04 04:44:36 UTC 2019 /home/travis/build/icyphy/ptII/ptolemy/domains/de/test/auto/VariableDelay2.xml
----------------- Instantiating /home/travis/build/icyphy/ptII/ptolemy/domains/de/test/auto/VariableDelay2.xml
2 ms. Memory: 483328K Free: 178469K (37%)
----------------- Invoking toplevel() on ptolemy.moml.MoMLSimpleApplication@53a5aa6b
----------------- Done invoking toplevel() on ptolemy.moml.MoMLSimpleApplication@53a5aa6b
reloadAllAccessors: .VariableDelay2

===========================================================================================
----------------- testing Thu Jul 04 04:44:37 UTC 2019 /home/travis/build/icyphy/ptII/ptolemy/domains/de/test/auto/VariableDelayZeroDelay.xml
----------------- Instantiating /home/travis/build/icyphy/ptII/ptolemy/domains/de/test/auto/VariableDelayZeroDelay.xml
24 ms. Memory: 483328K Free: 454945K (94%)
----------------- Invoking toplevel() on ptolemy.moml.MoMLSimpleApplication@32ba6730
----------------- Done invoking toplevel() on ptolemy.moml.MoMLSimpleApplication@32ba6730
reloadAllAccessors: .VariableDelayZeroDelay

===========================================================================================
----------------- testing Thu Jul 04 04:44:37 UTC 2019 /home/travis/build/icyphy/ptII/ptolemy/domains/de/test/auto/VariableDelayZeroDelay2.xml
----------------- Instantiating /home/travis/build/icyphy/ptII/ptolemy/domains/de/test/auto/VariableDelayZeroDelay2.xml
2 ms. Memory: 483328K Free: 450349K (93%)
----------------- Invoking toplevel() on ptolemy.moml.MoMLSimpleApplication@686cecc6
----------------- Done invoking toplevel() on ptolemy.moml.MoMLSimpleApplication@686cecc6
reloadAllAccessors: .VariableDelayZeroDelay2

===========================================================================================
----------------- testing Thu Jul 04 04:44:37 UTC 2019 /home/travis/build/icyphy/ptII/ptolemy/domains/de/test/auto/deInCt.xml
----------------- Instantiating /home/travis/build/icyphy/ptII/ptolemy/domains/de/test/auto/deInCt.xml
0
1
1
1
1
1
0
0
0
1
1
0
0
0
1
1
1
0
0
0
1
1
1
0
0
0
1
1
1
0
0
0
0
1
1
1
1
1
6 ms. Memory: 483328K Free: 445229K (92%)
----------------- Invoking toplevel() on ptolemy.moml.MoMLSimpleApplication@378d656
----------------- Done invoking toplevel() on ptolemy.moml.MoMLSimpleApplication@378d656
reloadAllAccessors: .deInCt

===========================================================================================
----------------- testing Thu Jul 04 04:44:37 UTC 2019 /home/travis/build/icyphy/ptII/ptolemy/domains/de/test/auto/deInCt2.xml
----------------- Instantiating /home/travis/build/icyphy/ptII/ptolemy/domains/de/test/auto/deInCt2.xml
0
1
1
1
0
0
1
1
1
0
0
1
1
1
0
0
1
1
1
0
0
1
1
1
0
0
1
1
1
0
0
1
1
1
0
0
1
1
1
0
0
0
10 ms. Memory: 483328K Free: 440109K (91%)
----------------- Invoking toplevel() on ptolemy.moml.MoMLSimpleApplication@6047cd64
----------------- Done invoking toplevel() on ptolemy.moml.MoMLSimpleApplication@6047cd64
reloadAllAccessors: .deInCt2

===========================================================================================
----------------- testing Thu Jul 04 04:44:37 UTC 2019 /home/travis/build/icyphy/ptII/ptolemy/domains/de/test/auto/dynamicCausalityInterface1.xml
----------------- Instantiating /home/travis/build/icyphy/ptII/ptolemy/domains/de/test/auto/dynamicCausalityInterface1.xml
0 ms. Memory: 483328K Free: 430893K (89%)
----------------- Invoking toplevel() on ptolemy.moml.MoMLSimpleApplication@7e28e742
----------------- Done invoking toplevel() on ptolemy.moml.MoMLSimpleApplication@7e28e742
reloadAllAccessors: .dynamicCausalityInterface1

===========================================================================================
----------------- testing Thu Jul 04 04:44:37 UTC 2019 /home/travis/build/icyphy/ptII/ptolemy/domains/de/test/auto/fsm_de_test.xml
----------------- Instantiating /home/travis/build/icyphy/ptII/ptolemy/domains/de/test/auto/fsm_de_test.xml
5 ms. Memory: 483328K Free: 421677K (87%)
----------------- Invoking toplevel() on ptolemy.moml.MoMLSimpleApplication@15bf40b2
----------------- Done invoking toplevel() on ptolemy.moml.MoMLSimpleApplication@15bf40b2
reloadAllAccessors: .fsm_de_test

===========================================================================================
----------------- testing Thu Jul 04 04:44:37 UTC 2019 /home/travis/build/icyphy/ptII/ptolemy/domains/de/test/auto/functionDependencyReconstruction.xml
----------------- Instantiating /home/travis/build/icyphy/ptII/ptolemy/domains/de/test/auto/functionDependencyReconstruction.xml
2 ms. Memory: 483328K Free: 406821K (84%)
----------------- Invoking toplevel() on ptolemy.moml.MoMLSimpleApplication@433c6349
----------------- Done invoking toplevel() on ptolemy.moml.MoMLSimpleApplication@433c6349
reloadAllAccessors: .functionDependencyReconstruction

===========================================================================================
----------------- testing Thu Jul 04 04:44:37 UTC 2019 /home/travis/build/icyphy/ptII/ptolemy/domains/de/test/auto/multirate.xml
----------------- Instantiating /home/travis/build/icyphy/ptII/ptolemy/domains/de/test/auto/multirate.xml
3 ms. Memory: 483328K Free: 400173K (83%)
----------------- Invoking toplevel() on ptolemy.moml.MoMLSimpleApplication@33658b5b
----------------- Done invoking toplevel() on ptolemy.moml.MoMLSimpleApplication@33658b5b
reloadAllAccessors: .multirate

===========================================================================================
----------------- testing Thu Jul 04 04:44:37 UTC 2019 /home/travis/build/icyphy/ptII/ptolemy/domains/de/test/auto/multirate2.xml
----------------- Instantiating /home/travis/build/icyphy/ptII/ptolemy/domains/de/test/auto/multirate2.xml
2 ms. Memory: 483328K Free: 393501K (81%)
----------------- Invoking toplevel() on ptolemy.moml.MoMLSimpleApplication@49ed8e69
----------------- Done invoking toplevel() on ptolemy.moml.MoMLSimpleApplication@49ed8e69
reloadAllAccessors: .multirate2

===========================================================================================
----------------- testing Thu Jul 04 04:44:37 UTC 2019 /home/travis/build/icyphy/ptII/ptolemy/domains/de/test/auto/realtime.xml
----------------- Instantiating /home/travis/build/icyphy/ptII/ptolemy/domains/de/test/auto/realtime.xml
10002 ms. Memory: 483328K Free: 388909K (80%)
----------------- Invoking toplevel() on ptolemy.moml.MoMLSimpleApplication@2f861308
----------------- Done invoking toplevel() on ptolemy.moml.MoMLSimpleApplication@2f861308
reloadAllAccessors: .realtime

===========================================================================================
----------------- testing Thu Jul 04 04:44:47 UTC 2019 /home/travis/build/icyphy/ptII/ptolemy/domains/de/test/auto/relationGroup.xml
----------------- Instantiating /home/travis/build/icyphy/ptII/ptolemy/domains/de/test/auto/relationGroup.xml
5 ms. Memory: 483328K Free: 385323K (80%)
----------------- Invoking toplevel() on ptolemy.moml.MoMLSimpleApplication@5c313493
----------------- Done invoking toplevel() on ptolemy.moml.MoMLSimpleApplication@5c313493
reloadAllAccessors: .relationGroup

===========================================================================================
----------------- testing Thu Jul 04 04:44:47 UTC 2019 /home/travis/build/icyphy/ptII/ptolemy/domains/de/test/auto/relationGroup2.xml
----------------- Instantiating /home/travis/build/icyphy/ptII/ptolemy/domains/de/test/auto/relationGroup2.xml
2 ms. Memory: 483328K Free: 381741K (79%)
----------------- Invoking toplevel() on ptolemy.moml.MoMLSimpleApplication@d3c8933
----------------- Done invoking toplevel() on ptolemy.moml.MoMLSimpleApplication@d3c8933
reloadAllAccessors: .relationGroup2

===========================================================================================
----------------- testing Thu Jul 04 04:44:47 UTC 2019 /home/travis/build/icyphy/ptII/ptolemy/domains/de/test/auto/sortWithOpaquePorts.xml
----------------- Instantiating /home/travis/build/icyphy/ptII/ptolemy/domains/de/test/auto/sortWithOpaquePorts.xml
1 ms. Memory: 483328K Free: 377100K (78%)
----------------- Invoking toplevel() on ptolemy.moml.MoMLSimpleApplication@7c28735d
----------------- Done invoking toplevel() on ptolemy.moml.MoMLSimpleApplication@7c28735d
reloadAllAccessors: .sortWithOpaquePorts

===========================================================================================
----------------- testing Thu Jul 04 04:44:47 UTC 2019 /home/travis/build/icyphy/ptII/ptolemy/domains/de/test/auto/transferInputsandOutputs.xml
----------------- Instantiating /home/travis/build/icyphy/ptII/ptolemy/domains/de/test/auto/transferInputsandOutputs.xml
2 ms. Memory: 483328K Free: 369963K (77%)
----------------- Invoking toplevel() on ptolemy.moml.MoMLSimpleApplication@41d1c3c1
----------------- Done invoking toplevel() on ptolemy.moml.MoMLSimpleApplication@41d1c3c1
reloadAllAccessors: .transferInputsandOutputs

===========================================================================================
----------------- testing Thu Jul 04 04:44:47 UTC 2019 /home/travis/build/icyphy/ptII/ptolemy/domains/de/test/auto/triggerType.xml
----------------- Instantiating /home/travis/build/icyphy/ptII/ptolemy/domains/de/test/auto/triggerType.xml
1 ms. Memory: 483328K Free: 365836K (76%)
----------------- Invoking toplevel() on ptolemy.moml.MoMLSimpleApplication@7c672301
----------------- Done invoking toplevel() on ptolemy.moml.MoMLSimpleApplication@7c672301
reloadAllAccessors: .triggerType
AutoTests.java: About to close Vertx.
AutoTests.java: Vertx closed.
]]></system-out>
  <system-err><![CDATA[java.lang.RuntimeException: Execution failed
	at ptolemy.moml.MoMLSimpleApplication$UnloadThread.run(MoMLSimpleApplication.java:402)
Caused by: ptolemy.kernel.util.IllegalActionException: Found a zero delay loop containing .dependencyLoop.original
  in .dependencyLoop and .dependencyLoop.original
	at ptolemy.actor.util.CausalityInterfaceForComposites._computeOutputPortDepth(CausalityInterfaceForComposites.java:759)
	at ptolemy.actor.util.CausalityInterfaceForComposites._computeInputDepth(CausalityInterfaceForComposites.java:696)
	at ptolemy.actor.util.CausalityInterfaceForComposites._computeOutputPortDepth(CausalityInterfaceForComposites.java:765)
	at ptolemy.actor.util.CausalityInterfaceForComposites._computeInputDepth(CausalityInterfaceForComposites.java:696)
	at ptolemy.actor.util.CausalityInterfaceForComposites._computeOutputPortDepth(CausalityInterfaceForComposites.java:765)
	at ptolemy.actor.util.CausalityInterfaceForComposites._computeInputDepth(CausalityInterfaceForComposites.java:696)
	at ptolemy.actor.util.CausalityInterfaceForComposites._computeActorDepth(CausalityInterfaceForComposites.java:532)
	at ptolemy.actor.util.CausalityInterfaceForComposites.checkForCycles(CausalityInterfaceForComposites.java:96)
	at ptolemy.domains.de.kernel.DEDirector.preinitialize(DEDirector.java:1338)
	at ptolemy.actor.CompositeActor.preinitialize(CompositeActor.java:1828)
	at ptolemy.actor.Manager.preinitializeAndResolveTypes(Manager.java:1040)
	at ptolemy.actor.Manager.initialize(Manager.java:710)
	at ptolemy.actor.Manager.execute(Manager.java:356)
	at ptolemy.actor.Manager.run(Manager.java:1263)
	at ptolemy.actor.Manager$PtolemyRunThread.run(Manager.java:1915)
java.lang.RuntimeException: Execution failed
	at ptolemy.moml.MoMLSimpleApplication$UnloadThread.run(MoMLSimpleApplication.java:402)
Caused by: ptolemy.kernel.util.IllegalActionException: Found a zero delay loop containing .dependencyLoop2.original
  in .dependencyLoop2 and .dependencyLoop2.original
	at ptolemy.actor.util.CausalityInterfaceForComposites._computeOutputPortDepth(CausalityInterfaceForComposites.java:759)
	at ptolemy.actor.util.CausalityInterfaceForComposites._computeInputDepth(CausalityInterfaceForComposites.java:696)
	at ptolemy.actor.util.CausalityInterfaceForComposites._computeOutputPortDepth(CausalityInterfaceForComposites.java:765)
	at ptolemy.actor.util.CausalityInterfaceForComposites._computeInputDepth(CausalityInterfaceForComposites.java:696)
	at ptolemy.actor.util.CausalityInterfaceForComposites._computeOutputPortDepth(CausalityInterfaceForComposites.java:765)
	at ptolemy.actor.util.CausalityInterfaceForComposites._computeInputDepth(CausalityInterfaceForComposites.java:696)
	at ptolemy.actor.util.CausalityInterfaceForComposites._computeActorDepth(CausalityInterfaceForComposites.java:532)
	at ptolemy.actor.util.CausalityInterfaceForComposites.checkForCycles(CausalityInterfaceForComposites.java:96)
	at ptolemy.domains.de.kernel.DEDirector.preinitialize(DEDirector.java:1338)
	at ptolemy.actor.CompositeActor.preinitialize(CompositeActor.java:1828)
	at ptolemy.actor.Manager.preinitializeAndResolveTypes(Manager.java:1040)
	at ptolemy.actor.Manager.initialize(Manager.java:710)
	at ptolemy.actor.Manager.execute(Manager.java:356)
	at ptolemy.actor.Manager.run(Manager.java:1263)
	at ptolemy.actor.Manager$PtolemyRunThread.run(Manager.java:1915)
java.lang.RuntimeException: Execution failed
	at ptolemy.moml.MoMLSimpleApplication$UnloadThread.run(MoMLSimpleApplication.java:402)
Caused by: ptolemy.kernel.util.IllegalActionException: Test fails in iteration 1.
Value was: 1.0. Should have been: 2.0
  in .DirectFeedback.Test
	at ptolemy.actor.lib.Test.fire(Test.java:268)
	at ptolemy.domains.de.kernel.DEDirector._fire(DEDirector.java:1949)
	at ptolemy.domains.de.kernel.DEDirector.fire(DEDirector.java:502)
	at ptolemy.actor.CompositeActor.fire(CompositeActor.java:455)
	at ptolemy.actor.Manager.iterate(Manager.java:851)
	at ptolemy.actor.Manager.execute(Manager.java:369)
	at ptolemy.actor.Manager.run(Manager.java:1263)
	at ptolemy.actor.Manager$PtolemyRunThread.run(Manager.java:1915)
java.lang.RuntimeException: Execution failed
	at ptolemy.moml.MoMLSimpleApplication$UnloadThread.run(MoMLSimpleApplication.java:402)
Caused by: ptolemy.kernel.util.IllegalActionException: Found a zero delay loop containing .dependencyLoop.original
  in .dependencyLoop and .dependencyLoop.original
	at ptolemy.actor.util.CausalityInterfaceForComposites._computeOutputPortDepth(CausalityInterfaceForComposites.java:759)
	at ptolemy.actor.util.CausalityInterfaceForComposites._computeInputDepth(CausalityInterfaceForComposites.java:696)
	at ptolemy.actor.util.CausalityInterfaceForComposites._computeOutputPortDepth(CausalityInterfaceForComposites.java:765)
	at ptolemy.actor.util.CausalityInterfaceForComposites._computeInputDepth(CausalityInterfaceForComposites.java:696)
	at ptolemy.actor.util.CausalityInterfaceForComposites._computeOutputPortDepth(CausalityInterfaceForComposites.java:765)
	at ptolemy.actor.util.CausalityInterfaceForComposites._computeInputDepth(CausalityInterfaceForComposites.java:696)
	at ptolemy.actor.util.CausalityInterfaceForComposites._computeActorDepth(CausalityInterfaceForComposites.java:532)
	at ptolemy.actor.util.CausalityInterfaceForComposites.checkForCycles(CausalityInterfaceForComposites.java:96)
	at ptolemy.domains.de.kernel.DEDirector.preinitialize(DEDirector.java:1338)
	at ptolemy.actor.CompositeActor.preinitialize(CompositeActor.java:1828)
	at ptolemy.actor.Manager.preinitializeAndResolveTypes(Manager.java:1040)
	at ptolemy.actor.Manager.initialize(Manager.java:710)
	at ptolemy.actor.Manager.execute(Manager.java:356)
	at ptolemy.actor.Manager.run(Manager.java:1263)
	at ptolemy.actor.Manager$PtolemyRunThread.run(Manager.java:1915)
java.lang.RuntimeException: Execution failed
	at ptolemy.moml.MoMLSimpleApplication$UnloadThread.run(MoMLSimpleApplication.java:402)
Caused by: ptolemy.kernel.util.IllegalActionException: Found a zero delay loop containing .HierarchicalModel.A
  in .HierarchicalModel and .HierarchicalModel.A
	at ptolemy.actor.util.CausalityInterfaceForComposites._computeOutputPortDepth(CausalityInterfaceForComposites.java:759)
	at ptolemy.actor.util.CausalityInterfaceForComposites._computeInputDepth(CausalityInterfaceForComposites.java:696)
	at ptolemy.actor.util.CausalityInterfaceForComposites._computeOutputPortDepth(CausalityInterfaceForComposites.java:765)
	at ptolemy.actor.util.CausalityInterfaceForComposites._computeInputDepth(CausalityInterfaceForComposites.java:696)
	at ptolemy.actor.util.CausalityInterfaceForComposites._computeOutputPortDepth(CausalityInterfaceForComposites.java:765)
	at ptolemy.actor.util.CausalityInterfaceForComposites._computeInputDepth(CausalityInterfaceForComposites.java:696)
	at ptolemy.actor.util.CausalityInterfaceForComposites._computeActorDepth(CausalityInterfaceForComposites.java:532)
	at ptolemy.actor.util.CausalityInterfaceForComposites.checkForCycles(CausalityInterfaceForComposites.java:96)
	at ptolemy.domains.de.kernel.DEDirector.preinitialize(DEDirector.java:1338)
	at ptolemy.actor.CompositeActor.preinitialize(CompositeActor.java:1828)
	at ptolemy.actor.Manager.preinitializeAndResolveTypes(Manager.java:1040)
	at ptolemy.actor.Manager.initialize(Manager.java:710)
	at ptolemy.actor.Manager.execute(Manager.java:356)
	at ptolemy.actor.Manager.run(Manager.java:1263)
	at ptolemy.actor.Manager$PtolemyRunThread.run(Manager.java:1915)
java.lang.RuntimeException: Execution failed
	at ptolemy.moml.MoMLSimpleApplication$UnloadThread.run(MoMLSimpleApplication.java:402)
Caused by: ptolemy.kernel.util.IllegalActionException: Found a zero delay loop containing .dependencyLoop2.original
  in .dependencyLoop2 and .dependencyLoop2.original
	at ptolemy.actor.util.CausalityInterfaceForComposites._computeOutputPortDepth(CausalityInterfaceForComposites.java:759)
	at ptolemy.actor.util.CausalityInterfaceForComposites._computeInputDepth(CausalityInterfaceForComposites.java:696)
	at ptolemy.actor.util.CausalityInterfaceForComposites._computeOutputPortDepth(CausalityInterfaceForComposites.java:765)
	at ptolemy.actor.util.CausalityInterfaceForComposites._computeInputDepth(CausalityInterfaceForComposites.java:696)
	at ptolemy.actor.util.CausalityInterfaceForComposites._computeOutputPortDepth(CausalityInterfaceForComposites.java:765)
	at ptolemy.actor.util.CausalityInterfaceForComposites._computeInputDepth(CausalityInterfaceForComposites.java:696)
	at ptolemy.actor.util.CausalityInterfaceForComposites._computeActorDepth(CausalityInterfaceForComposites.java:532)
	at ptolemy.actor.util.CausalityInterfaceForComposites.checkForCycles(CausalityInterfaceForComposites.java:96)
	at ptolemy.domains.de.kernel.DEDirector.preinitialize(DEDirector.java:1338)
	at ptolemy.actor.CompositeActor.preinitialize(CompositeActor.java:1828)
	at ptolemy.actor.Manager.preinitializeAndResolveTypes(Manager.java:1040)
	at ptolemy.actor.Manager.initialize(Manager.java:710)
	at ptolemy.actor.Manager.execute(Manager.java:356)
	at ptolemy.actor.Manager.run(Manager.java:1263)
	at ptolemy.actor.Manager$PtolemyRunThread.run(Manager.java:1915)
java.lang.RuntimeException: Execution failed
	at ptolemy.moml.MoMLSimpleApplication$UnloadThread.run(MoMLSimpleApplication.java:402)
Caused by: ptolemy.kernel.util.IllegalActionException: Actor is not ready to fire.  Perhaps UpSample.prefire() returned false? Try debugging the actor by selecting "Listen to Actor".  Also, for SDF check moml for tokenConsumptionRate on input.
  in .DESDFClockTest.Play Bell.Copy1:SDF Director and .DESDFClockTest.Play Bell.UpSample
	at ptolemy.actor.sched.StaticSchedulingDirector.fire(StaticSchedulingDirector.java:227)
	at ptolemy.domains.sdf.kernel.SDFDirector.fire(SDFDirector.java:500)
	at ptolemy.actor.CompositeActor.fire(CompositeActor.java:455)
	at ptolemy.domains.de.kernel.DEDirector._fire(DEDirector.java:1949)
	at ptolemy.domains.de.kernel.DEDirector.fire(DEDirector.java:502)
	at ptolemy.actor.CompositeActor.fire(CompositeActor.java:455)
	at ptolemy.actor.Manager.iterate(Manager.java:851)
	at ptolemy.actor.Manager.execute(Manager.java:369)
	at ptolemy.actor.Manager.run(Manager.java:1263)
	at ptolemy.actor.Manager$PtolemyRunThread.run(Manager.java:1915)
java.lang.RuntimeException: Execution failed
	at ptolemy.moml.MoMLSimpleApplication$UnloadThread.run(MoMLSimpleApplication.java:402)
Caused by: ptolemy.kernel.util.IllegalActionException: Actor is not ready to fire.  Perhaps UpSample.prefire() returned false? Try debugging the actor by selecting "Listen to Actor".  Also, for SDF check moml for tokenConsumptionRate on input.
  in .DESDFClockTest.Play Bell.Copy1:SDF Director and .DESDFClockTest.Play Bell.UpSample
	at ptolemy.actor.sched.StaticSchedulingDirector.fire(StaticSchedulingDirector.java:227)
	at ptolemy.domains.sdf.kernel.SDFDirector.fire(SDFDirector.java:500)
	at ptolemy.actor.CompositeActor.fire(CompositeActor.java:455)
	at ptolemy.domains.de.kernel.DEDirector._fire(DEDirector.java:1949)
	at ptolemy.domains.de.kernel.DEDirector.fire(DEDirector.java:502)
	at ptolemy.actor.CompositeActor.fire(CompositeActor.java:455)
	at ptolemy.actor.Manager.iterate(Manager.java:851)
	at ptolemy.actor.Manager.execute(Manager.java:369)
	at ptolemy.actor.Manager.run(Manager.java:1263)
	at ptolemy.actor.Manager$PtolemyRunThread.run(Manager.java:1915)
java.lang.reflect.InvocationTargetException
	at java.base/jdk.internal.reflect.NativeConstructorAccessorImpl.newInstance0(Native Method)
	at java.base/jdk.internal.reflect.NativeConstructorAccessorImpl.newInstance(NativeConstructorAccessorImpl.java:62)
	at java.base/jdk.internal.reflect.DelegatingConstructorAccessorImpl.newInstance(DelegatingConstructorAccessorImpl.java:45)
	at java.base/java.lang.reflect.Constructor.newInstance(Constructor.java:490)
	at ptolemy.util.test.junit.AutoKnownFailedTests.RunModel(AutoKnownFailedTests.java:105)
	at java.base/jdk.internal.reflect.NativeMethodAccessorImpl.invoke0(Native Method)
	at java.base/jdk.internal.reflect.NativeMethodAccessorImpl.invoke(NativeMethodAccessorImpl.java:62)
	at java.base/jdk.internal.reflect.DelegatingMethodAccessorImpl.invoke(DelegatingMethodAccessorImpl.java:43)
	at java.base/java.lang.reflect.Method.invoke(Method.java:566)
	at org.junit.runners.model.FrameworkMethod$1.runReflectiveCall(FrameworkMethod.java:44)
	at org.junit.internal.runners.model.ReflectiveCallable.run(ReflectiveCallable.java:15)
	at org.junit.runners.model.FrameworkMethod.invokeExplosively(FrameworkMethod.java:41)
	at junitparams.internal.InvokeParameterisedMethod.evaluate(InvokeParameterisedMethod.java:102)
	at org.junit.internal.runners.statements.FailOnTimeout$1.run(FailOnTimeout.java:28)
Caused by: ptolemy.kernel.util.IllegalActionException: Actor is not ready to fire.  Perhaps UpSample.prefire() returned false? Try debugging the actor by selecting "Listen to Actor".  Also, for SDF check moml for tokenConsumptionRate on input.
  in .DESDFClockTest.Play Bell.Copy1:SDF Director and .DESDFClockTest.Play Bell.UpSample
	at ptolemy.actor.sched.StaticSchedulingDirector.fire(StaticSchedulingDirector.java:227)
	at ptolemy.domains.sdf.kernel.SDFDirector.fire(SDFDirector.java:500)
	at ptolemy.actor.CompositeActor.fire(CompositeActor.java:455)
	at ptolemy.domains.de.kernel.DEDirector._fire(DEDirector.java:1949)
	at ptolemy.domains.de.kernel.DEDirector.fire(DEDirector.java:502)
	at ptolemy.actor.CompositeActor.fire(CompositeActor.java:455)
	at ptolemy.actor.Manager.iterate(Manager.java:851)
	at ptolemy.actor.Manager.execute(Manager.java:369)
	at ptolemy.actor.Manager.run(Manager.java:1263)
	at ptolemy.actor.Manager$PtolemyRunThread.run(Manager.java:1915)
java.lang.RuntimeException: Execution failed
	at ptolemy.moml.MoMLSimpleApplication$UnloadThread.run(MoMLSimpleApplication.java:402)
Caused by: ptolemy.kernel.util.IllegalActionException: Test fails in iteration 1.
Value was: 1.0. Should have been: 2.0
  in .DirectFeedback.Test
	at ptolemy.actor.lib.Test.fire(Test.java:268)
	at ptolemy.domains.de.kernel.DEDirector._fire(DEDirector.java:1949)
	at ptolemy.domains.de.kernel.DEDirector.fire(DEDirector.java:502)
	at ptolemy.actor.CompositeActor.fire(CompositeActor.java:455)
	at ptolemy.actor.Manager.iterate(Manager.java:851)
	at ptolemy.actor.Manager.execute(Manager.java:369)
	at ptolemy.actor.Manager.run(Manager.java:1263)
	at ptolemy.actor.Manager$PtolemyRunThread.run(Manager.java:1915)
java.lang.reflect.InvocationTargetException
	at java.base/jdk.internal.reflect.NativeConstructorAccessorImpl.newInstance0(Native Method)
	at java.base/jdk.internal.reflect.NativeConstructorAccessorImpl.newInstance(NativeConstructorAccessorImpl.java:62)
	at java.base/jdk.internal.reflect.DelegatingConstructorAccessorImpl.newInstance(DelegatingConstructorAccessorImpl.java:45)
	at java.base/java.lang.reflect.Constructor.newInstance(Constructor.java:490)
	at ptolemy.util.test.junit.AutoKnownFailedTests.RunModel(AutoKnownFailedTests.java:105)
	at java.base/jdk.internal.reflect.NativeMethodAccessorImpl.invoke0(Native Method)
	at java.base/jdk.internal.reflect.NativeMethodAccessorImpl.invoke(NativeMethodAccessorImpl.java:62)
	at java.base/jdk.internal.reflect.DelegatingMethodAccessorImpl.invoke(DelegatingMethodAccessorImpl.java:43)
	at java.base/java.lang.reflect.Method.invoke(Method.java:566)
	at org.junit.runners.model.FrameworkMethod$1.runReflectiveCall(FrameworkMethod.java:44)
	at org.junit.internal.runners.model.ReflectiveCallable.run(ReflectiveCallable.java:15)
	at org.junit.runners.model.FrameworkMethod.invokeExplosively(FrameworkMethod.java:41)
	at junitparams.internal.InvokeParameterisedMethod.evaluate(InvokeParameterisedMethod.java:102)
	at org.junit.internal.runners.statements.FailOnTimeout$1.run(FailOnTimeout.java:28)
Caused by: ptolemy.kernel.util.IllegalActionException: Test fails in iteration 1.
Value was: 1.0. Should have been: 2.0
  in .DirectFeedback.Test
	at ptolemy.actor.lib.Test.fire(Test.java:268)
	at ptolemy.domains.de.kernel.DEDirector._fire(DEDirector.java:1949)
	at ptolemy.domains.de.kernel.DEDirector.fire(DEDirector.java:502)
	at ptolemy.actor.CompositeActor.fire(CompositeActor.java:455)
	at ptolemy.actor.Manager.iterate(Manager.java:851)
	at ptolemy.actor.Manager.execute(Manager.java:369)
	at ptolemy.actor.Manager.run(Manager.java:1263)
	at ptolemy.actor.Manager$PtolemyRunThread.run(Manager.java:1915)
java.lang.RuntimeException: Execution failed
	at ptolemy.moml.MoMLSimpleApplication$UnloadThread.run(MoMLSimpleApplication.java:402)
Caused by: ptolemy.kernel.util.IllegalActionException: Found a zero delay loop containing .HierarchicalModel.A
  in .HierarchicalModel and .HierarchicalModel.A
	at ptolemy.actor.util.CausalityInterfaceForComposites._computeOutputPortDepth(CausalityInterfaceForComposites.java:759)
	at ptolemy.actor.util.CausalityInterfaceForComposites._computeInputDepth(CausalityInterfaceForComposites.java:696)
	at ptolemy.actor.util.CausalityInterfaceForComposites._computeOutputPortDepth(CausalityInterfaceForComposites.java:765)
	at ptolemy.actor.util.CausalityInterfaceForComposites._computeInputDepth(CausalityInterfaceForComposites.java:696)
	at ptolemy.actor.util.CausalityInterfaceForComposites._computeOutputPortDepth(CausalityInterfaceForComposites.java:765)
	at ptolemy.actor.util.CausalityInterfaceForComposites._computeInputDepth(CausalityInterfaceForComposites.java:696)
	at ptolemy.actor.util.CausalityInterfaceForComposites._computeActorDepth(CausalityInterfaceForComposites.java:532)
	at ptolemy.actor.util.CausalityInterfaceForComposites.checkForCycles(CausalityInterfaceForComposites.java:96)
	at ptolemy.domains.de.kernel.DEDirector.preinitialize(DEDirector.java:1338)
	at ptolemy.actor.CompositeActor.preinitialize(CompositeActor.java:1828)
	at ptolemy.actor.Manager.preinitializeAndResolveTypes(Manager.java:1040)
	at ptolemy.actor.Manager.initialize(Manager.java:710)
	at ptolemy.actor.Manager.execute(Manager.java:356)
	at ptolemy.actor.Manager.run(Manager.java:1263)
	at ptolemy.actor.Manager$PtolemyRunThread.run(Manager.java:1915)
java.lang.reflect.InvocationTargetException
	at java.base/jdk.internal.reflect.NativeConstructorAccessorImpl.newInstance0(Native Method)
	at java.base/jdk.internal.reflect.NativeConstructorAccessorImpl.newInstance(NativeConstructorAccessorImpl.java:62)
	at java.base/jdk.internal.reflect.DelegatingConstructorAccessorImpl.newInstance(DelegatingConstructorAccessorImpl.java:45)
	at java.base/java.lang.reflect.Constructor.newInstance(Constructor.java:490)
	at ptolemy.util.test.junit.AutoKnownFailedTests.RunModel(AutoKnownFailedTests.java:105)
	at java.base/jdk.internal.reflect.NativeMethodAccessorImpl.invoke0(Native Method)
	at java.base/jdk.internal.reflect.NativeMethodAccessorImpl.invoke(NativeMethodAccessorImpl.java:62)
	at java.base/jdk.internal.reflect.DelegatingMethodAccessorImpl.invoke(DelegatingMethodAccessorImpl.java:43)
	at java.base/java.lang.reflect.Method.invoke(Method.java:566)
	at org.junit.runners.model.FrameworkMethod$1.runReflectiveCall(FrameworkMethod.java:44)
	at org.junit.internal.runners.model.ReflectiveCallable.run(ReflectiveCallable.java:15)
	at org.junit.runners.model.FrameworkMethod.invokeExplosively(FrameworkMethod.java:41)
	at junitparams.internal.InvokeParameterisedMethod.evaluate(InvokeParameterisedMethod.java:102)
	at org.junit.internal.runners.statements.FailOnTimeout$1.run(FailOnTimeout.java:28)
Caused by: ptolemy.kernel.util.IllegalActionException: Found a zero delay loop containing .HierarchicalModel.A
  in .HierarchicalModel and .HierarchicalModel.A
	at ptolemy.actor.util.CausalityInterfaceForComposites._computeOutputPortDepth(CausalityInterfaceForComposites.java:759)
	at ptolemy.actor.util.CausalityInterfaceForComposites._computeInputDepth(CausalityInterfaceForComposites.java:696)
	at ptolemy.actor.util.CausalityInterfaceForComposites._computeOutputPortDepth(CausalityInterfaceForComposites.java:765)
	at ptolemy.actor.util.CausalityInterfaceForComposites._computeInputDepth(CausalityInterfaceForComposites.java:696)
	at ptolemy.actor.util.CausalityInterfaceForComposites._computeOutputPortDepth(CausalityInterfaceForComposites.java:765)
	at ptolemy.actor.util.CausalityInterfaceForComposites._computeInputDepth(CausalityInterfaceForComposites.java:696)
	at ptolemy.actor.util.CausalityInterfaceForComposites._computeActorDepth(CausalityInterfaceForComposites.java:532)
	at ptolemy.actor.util.CausalityInterfaceForComposites.checkForCycles(CausalityInterfaceForComposites.java:96)
	at ptolemy.domains.de.kernel.DEDirector.preinitialize(DEDirector.java:1338)
	at ptolemy.actor.CompositeActor.preinitialize(CompositeActor.java:1828)
	at ptolemy.actor.Manager.preinitializeAndResolveTypes(Manager.java:1040)
	at ptolemy.actor.Manager.initialize(Manager.java:710)
	at ptolemy.actor.Manager.execute(Manager.java:356)
	at ptolemy.actor.Manager.run(Manager.java:1263)
	at ptolemy.actor.Manager$PtolemyRunThread.run(Manager.java:1915)
java.lang.RuntimeException: Execution failed
	at ptolemy.moml.MoMLSimpleApplication$UnloadThread.run(MoMLSimpleApplication.java:402)
Caused by: ptolemy.kernel.util.IllegalActionException: Found a zero delay loop containing .dependencyLoop.original
  in .dependencyLoop and .dependencyLoop.original
	at ptolemy.actor.util.CausalityInterfaceForComposites._computeOutputPortDepth(CausalityInterfaceForComposites.java:759)
	at ptolemy.actor.util.CausalityInterfaceForComposites._computeInputDepth(CausalityInterfaceForComposites.java:696)
	at ptolemy.actor.util.CausalityInterfaceForComposites._computeOutputPortDepth(CausalityInterfaceForComposites.java:765)
	at ptolemy.actor.util.CausalityInterfaceForComposites._computeInputDepth(CausalityInterfaceForComposites.java:696)
	at ptolemy.actor.util.CausalityInterfaceForComposites._computeOutputPortDepth(CausalityInterfaceForComposites.java:765)
	at ptolemy.actor.util.CausalityInterfaceForComposites._computeInputDepth(CausalityInterfaceForComposites.java:696)
	at ptolemy.actor.util.CausalityInterfaceForComposites._computeActorDepth(CausalityInterfaceForComposites.java:532)
	at ptolemy.actor.util.CausalityInterfaceForComposites.checkForCycles(CausalityInterfaceForComposites.java:96)
	at ptolemy.domains.de.kernel.DEDirector.preinitialize(DEDirector.java:1338)
	at ptolemy.actor.CompositeActor.preinitialize(CompositeActor.java:1828)
	at ptolemy.actor.Manager.preinitializeAndResolveTypes(Manager.java:1040)
	at ptolemy.actor.Manager.initialize(Manager.java:710)
	at ptolemy.actor.Manager.execute(Manager.java:356)
	at ptolemy.actor.Manager.run(Manager.java:1263)
	at ptolemy.actor.Manager$PtolemyRunThread.run(Manager.java:1915)
java.lang.reflect.InvocationTargetException
	at java.base/jdk.internal.reflect.NativeConstructorAccessorImpl.newInstance0(Native Method)
	at java.base/jdk.internal.reflect.NativeConstructorAccessorImpl.newInstance(NativeConstructorAccessorImpl.java:62)
	at java.base/jdk.internal.reflect.DelegatingConstructorAccessorImpl.newInstance(DelegatingConstructorAccessorImpl.java:45)
	at java.base/java.lang.reflect.Constructor.newInstance(Constructor.java:490)
	at ptolemy.util.test.junit.AutoKnownFailedTests.RunModel(AutoKnownFailedTests.java:105)
	at java.base/jdk.internal.reflect.NativeMethodAccessorImpl.invoke0(Native Method)
	at java.base/jdk.internal.reflect.NativeMethodAccessorImpl.invoke(NativeMethodAccessorImpl.java:62)
	at java.base/jdk.internal.reflect.DelegatingMethodAccessorImpl.invoke(DelegatingMethodAccessorImpl.java:43)
	at java.base/java.lang.reflect.Method.invoke(Method.java:566)
	at org.junit.runners.model.FrameworkMethod$1.runReflectiveCall(FrameworkMethod.java:44)
	at org.junit.internal.runners.model.ReflectiveCallable.run(ReflectiveCallable.java:15)
	at org.junit.runners.model.FrameworkMethod.invokeExplosively(FrameworkMethod.java:41)
	at junitparams.internal.InvokeParameterisedMethod.evaluate(InvokeParameterisedMethod.java:102)
	at org.junit.internal.runners.statements.FailOnTimeout$1.run(FailOnTimeout.java:28)
Caused by: ptolemy.kernel.util.IllegalActionException: Found a zero delay loop containing .dependencyLoop.original
  in .dependencyLoop and .dependencyLoop.original
	at ptolemy.actor.util.CausalityInterfaceForComposites._computeOutputPortDepth(CausalityInterfaceForComposites.java:759)
	at ptolemy.actor.util.CausalityInterfaceForComposites._computeInputDepth(CausalityInterfaceForComposites.java:696)
	at ptolemy.actor.util.CausalityInterfaceForComposites._computeOutputPortDepth(CausalityInterfaceForComposites.java:765)
	at ptolemy.actor.util.CausalityInterfaceForComposites._computeInputDepth(CausalityInterfaceForComposites.java:696)
	at ptolemy.actor.util.CausalityInterfaceForComposites._computeOutputPortDepth(CausalityInterfaceForComposites.java:765)
	at ptolemy.actor.util.CausalityInterfaceForComposites._computeInputDepth(CausalityInterfaceForComposites.java:696)
	at ptolemy.actor.util.CausalityInterfaceForComposites._computeActorDepth(CausalityInterfaceForComposites.java:532)
	at ptolemy.actor.util.CausalityInterfaceForComposites.checkForCycles(CausalityInterfaceForComposites.java:96)
	at ptolemy.domains.de.kernel.DEDirector.preinitialize(DEDirector.java:1338)
	at ptolemy.actor.CompositeActor.preinitialize(CompositeActor.java:1828)
	at ptolemy.actor.Manager.preinitializeAndResolveTypes(Manager.java:1040)
	at ptolemy.actor.Manager.initialize(Manager.java:710)
	at ptolemy.actor.Manager.execute(Manager.java:356)
	at ptolemy.actor.Manager.run(Manager.java:1263)
	at ptolemy.actor.Manager$PtolemyRunThread.run(Manager.java:1915)
java.lang.RuntimeException: Execution failed
	at ptolemy.moml.MoMLSimpleApplication$UnloadThread.run(MoMLSimpleApplication.java:402)
Caused by: ptolemy.kernel.util.IllegalActionException: Found a zero delay loop containing .dependencyLoop2.original
  in .dependencyLoop2 and .dependencyLoop2.original
	at ptolemy.actor.util.CausalityInterfaceForComposites._computeOutputPortDepth(CausalityInterfaceForComposites.java:759)
	at ptolemy.actor.util.CausalityInterfaceForComposites._computeInputDepth(CausalityInterfaceForComposites.java:696)
	at ptolemy.actor.util.CausalityInterfaceForComposites._computeOutputPortDepth(CausalityInterfaceForComposites.java:765)
	at ptolemy.actor.util.CausalityInterfaceForComposites._computeInputDepth(CausalityInterfaceForComposites.java:696)
	at ptolemy.actor.util.CausalityInterfaceForComposites._computeOutputPortDepth(CausalityInterfaceForComposites.java:765)
	at ptolemy.actor.util.CausalityInterfaceForComposites._computeInputDepth(CausalityInterfaceForComposites.java:696)
	at ptolemy.actor.util.CausalityInterfaceForComposites._computeActorDepth(CausalityInterfaceForComposites.java:532)
	at ptolemy.actor.util.CausalityInterfaceForComposites.checkForCycles(CausalityInterfaceForComposites.java:96)
	at ptolemy.domains.de.kernel.DEDirector.preinitialize(DEDirector.java:1338)
	at ptolemy.actor.CompositeActor.preinitialize(CompositeActor.java:1828)
	at ptolemy.actor.Manager.preinitializeAndResolveTypes(Manager.java:1040)
	at ptolemy.actor.Manager.initialize(Manager.java:710)
	at ptolemy.actor.Manager.execute(Manager.java:356)
	at ptolemy.actor.Manager.run(Manager.java:1263)
	at ptolemy.actor.Manager$PtolemyRunThread.run(Manager.java:1915)
java.lang.reflect.InvocationTargetException
	at java.base/jdk.internal.reflect.NativeConstructorAccessorImpl.newInstance0(Native Method)
	at java.base/jdk.internal.reflect.NativeConstructorAccessorImpl.newInstance(NativeConstructorAccessorImpl.java:62)
	at java.base/jdk.internal.reflect.DelegatingConstructorAccessorImpl.newInstance(DelegatingConstructorAccessorImpl.java:45)
	at java.base/java.lang.reflect.Constructor.newInstance(Constructor.java:490)
	at ptolemy.util.test.junit.AutoKnownFailedTests.RunModel(AutoKnownFailedTests.java:105)
	at java.base/jdk.internal.reflect.NativeMethodAccessorImpl.invoke0(Native Method)
	at java.base/jdk.internal.reflect.NativeMethodAccessorImpl.invoke(NativeMethodAccessorImpl.java:62)
	at java.base/jdk.internal.reflect.DelegatingMethodAccessorImpl.invoke(DelegatingMethodAccessorImpl.java:43)
	at java.base/java.lang.reflect.Method.invoke(Method.java:566)
	at org.junit.runners.model.FrameworkMethod$1.runReflectiveCall(FrameworkMethod.java:44)
	at org.junit.internal.runners.model.ReflectiveCallable.run(ReflectiveCallable.java:15)
	at org.junit.runners.model.FrameworkMethod.invokeExplosively(FrameworkMethod.java:41)
	at junitparams.internal.InvokeParameterisedMethod.evaluate(InvokeParameterisedMethod.java:102)
	at org.junit.internal.runners.statements.FailOnTimeout$1.run(FailOnTimeout.java:28)
Caused by: ptolemy.kernel.util.IllegalActionException: Found a zero delay loop containing .dependencyLoop2.original
  in .dependencyLoop2 and .dependencyLoop2.original
	at ptolemy.actor.util.CausalityInterfaceForComposites._computeOutputPortDepth(CausalityInterfaceForComposites.java:759)
	at ptolemy.actor.util.CausalityInterfaceForComposites._computeInputDepth(CausalityInterfaceForComposites.java:696)
	at ptolemy.actor.util.CausalityInterfaceForComposites._computeOutputPortDepth(CausalityInterfaceForComposites.java:765)
	at ptolemy.actor.util.CausalityInterfaceForComposites._computeInputDepth(CausalityInterfaceForComposites.java:696)
	at ptolemy.actor.util.CausalityInterfaceForComposites._computeOutputPortDepth(CausalityInterfaceForComposites.java:765)
	at ptolemy.actor.util.CausalityInterfaceForComposites._computeInputDepth(CausalityInterfaceForComposites.java:696)
	at ptolemy.actor.util.CausalityInterfaceForComposites._computeActorDepth(CausalityInterfaceForComposites.java:532)
	at ptolemy.actor.util.CausalityInterfaceForComposites.checkForCycles(CausalityInterfaceForComposites.java:96)
	at ptolemy.domains.de.kernel.DEDirector.preinitialize(DEDirector.java:1338)
	at ptolemy.actor.CompositeActor.preinitialize(CompositeActor.java:1828)
	at ptolemy.actor.Manager.preinitializeAndResolveTypes(Manager.java:1040)
	at ptolemy.actor.Manager.initialize(Manager.java:710)
	at ptolemy.actor.Manager.execute(Manager.java:356)
	at ptolemy.actor.Manager.run(Manager.java:1263)
	at ptolemy.actor.Manager$PtolemyRunThread.run(Manager.java:1915)
]]></system-err>
</testsuite>
