<?xml version="1.0" encoding="UTF-8" ?>
<testsuite errors="0" failures="0" hostname="travis-job-7a40f3dc-03fe-4bd7-9494-0574f66dd348" name="ptolemy.actor.lib.test.junit.JUnitTclTest" skipped="0" tests="517" time="60.934" timestamp="2020-06-16T14:44:40">
  <properties>
    <property name="npm.executable" value="npm" />
    <property name="env.TRAVIS_ROOT" value="/" />
    <property name="ptII.mk.exists" value="true" />
    <property name="env.TRAVIS_APP_HOST" value="build.travis-ci.org" />
    <property name="env.rvm_bin_path" value="/home/travis/.rvm/bin" />
    <property name="java.home" value="/usr/local/lib/jvm/openjdk11" />
    <property name="env.TRAVIS_JOB_NUMBER" value="1664.8" />
    <property name="env.TRAVIS_HOME" value="/home/travis" />
    <property name="env.DISPLAY" value=":99.0" />
    <property name="env.TRAVIS_INIT" value="systemd" />
    <property name="env.SSH_TTY" value="/dev/pts/0" />
    <property name="java.net.preferIPv4Stack" value="true" />
    <property name="env.RUN_TESTS" value="true" />
    <property name="timeout.short" value="1000000" />
    <property name="junit.formatter" value="xml" />
    <property name="env.TRAVIS_SUDO" value="true" />
    <property name="env.TRAVIS_JOB_NAME" value="" />
    <property name="env.TRAVIS_STACK_NODE_ATTRIBUTES" value="/.node-attributes.yml" />
    <property name="env.LOGNAME" value="travis" />
    <property name="env.PT_TRAVIS_TEST_CORE1_XML" value="true" />
    <property name="jsdoc.home" value="node_modules/@terraswarm/jsdoc" />
    <property name="debuglevel" value="source,lines,vars" />
    <property name="checkstyle.formatter" value="xml" />
    <property name="env._system_version" value="16.04" />
    <property name="bin.vergil.makeable" value="true" />
    <property name="sun.os.patch.level" value="unknown" />
    <property name="java.vendor.url" value="http://java.oracle.com/" />
    <property name="env.TRAVIS_BUILD_WEB_URL" value="https://travis-ci.org/icyphy/ptII/builds/698945652" />
    <property name="java.version" value="11.0.2" />
    <property name="env.TZ" value="UTC" />
    <property name="env.TRAVIS_PULL_REQUEST_SHA" value="" />
    <property name="env.PT_NO_NET" value="true" />
    <property name="env.TRAVIS_SECURE_ENV_VARS" value="true" />
    <property name="env._system_type" value="Linux" />
    <property name="java.vendor.url.bug" value="http://bugreport.java.com/bugreport/" />
    <property name="npmjs-org-is-up" value="true" />
    <property name="env.LANGUAGE" value="en_US.UTF-8" />
    <property name="env.SSH_CLIENT" value="10.16.0.71 38444 22" />
    <property name="env.GEM_HOME" value="/home/travis/.rvm/gems/ruby-2.5.3" />
    <property name="env.HAS_ANTARES_THREE_LITTLE_FRONZIES_BADGE" value="true" />
    <property name="java.version.date" value="2019-01-15" />
    <property name="env.PS4" value="+" />
    <property name="ant.project.invoked-targets" value="build,test.core1.xml" />
    <property name="env.TRAVIS_PULL_REQUEST_BRANCH" value="" />
    <property name="env.TRAVIS_REPO_SLUG" value="icyphy/ptII" />
    <property name="env.XDG_DATA_DIRS" value="/usr/local/share:/usr/share:/var/lib/snapd/desktop" />
    <property name="jdk.debug" value="release" />
    <property name="env.TRAVIS_APT_PROXY" value="http://build-cache.travisci.net" />
    <property name="env.TRAVIS_CPU_ARCH" value="amd64" />
    <property name="node.in.path" value="true" />
    <property name="user.name" value="travis" />
    <property name="java.maxmemory" value="1400m" />
    <property name="env.RUBY_VERSION" value="ruby-2.5.3" />
    <property name="env.LANG" value="en_US.UTF-8" />
    <property name="sun.io.unicode.encoding" value="UnicodeLittle" />
    <property name="sun.jnu.encoding" value="UTF-8" />
    <property name="java.runtime.name" value="OpenJDK Runtime Environment" />
    <property name="usefile" value="false" />
    <property name="return.code" value="0" />
    <property name="junit.single.formatter" value="plain" />
    <property name="env.DYLD_LIBRARY_PATH" value="/home/travis/pthla/certi-tools/lib:" />
    <property name="env.DEBIAN_FRONTEND" value="noninteractive" />
    <property name="env.SSH_CONNECTION" value="10.16.0.71 38444 10.20.0.101 22" />
    <property name="env.MYSQL_UNIX_PORT" value="/var/run/mysqld/mysqld.sock" />
    <property name="env.LC_ALL" value="en_US.UTF-8" />
    <property name="env.TRAVIS_ALLOW_FAILURE" value="" />
    <property name="env.TRAVIS_JOB_WEB_URL" value="https://travis-ci.org/icyphy/ptII/jobs/698945678" />
    <property name="java.specification.name" value="Java Platform API Specification" />
    <property name="node.works" value="true" />
    <property name="user.timezone" value="" />
    <property name="path.separator" value=":" />
    <property name="env.TRAVIS_ENABLE_INFRA_DETECTION" value="true" />
    <property name="env.PYTHON_CFLAGS" value="-g -fstack-protector --param=ssp-buffer-size=4 -Wformat -Werror=format-security" />
    <property name="timeout.long" value="4000000" />
    <property name="env.CERTI_HOME" value="/home/travis/pthla/certi-tools" />
    <property name="ant.file.ptII" value="/home/travis/build/icyphy/ptII/build.xml" />
    <property name="javadoc.packagenames" value="com.*,diva.*,lbnl.*,org.hlacerti.*,org.json.*,org.ptolemy.*,org.terraswarm.*,ptolemy.*,ptserver.*" />
    <property name="file.encoding" value="UTF-8" />
    <property name="env.TRAVIS_PULL_REQUEST_SLUG" value="" />
    <property name="ant.project.default-target" value="build" />
    <property name="env.GIT_ASKPASS" value="echo" />
    <property name="env.HOME" value="/home/travis" />
    <property name="sun.java.command" value="org.apache.tools.ant.taskdefs.optional.junit.JUnitTestRunner ptolemy.actor.lib.test.junit.JUnitTclTest skipNonTests=false filtertrace=true haltOnError=false haltOnFailure=false formatter=org.apache.tools.ant.taskdefs.optional.junit.OutErrSummaryJUnitResultFormatter showoutput=true outputtoformatters=true logfailedtests=true threadid=0 logtestlistenerevents=false formatter=org.apache.tools.ant.taskdefs.optional.junit.XMLJUnitResultFormatter,/home/travis/build/icyphy/ptII/reports/junit/TEST-ptolemy.actor.lib.test.junit.JUnitTclTest.xml crashfile=/home/travis/build/icyphy/ptII/junitvmwatcher10912242458251749621.properties propsfile=/home/travis/build/icyphy/ptII/junit17387711676755793559.properties" />
    <property name="env.COMPOSER_NO_INTERACTION" value="1" />
    <property name="env.MANPATH" value="/home/travis/.nvm/versions/node/v7.10.1/share/man:/home/travis/.rvm/rubies/ruby-2.5.3/share/man:/usr/local/cmake-3.12.4/man:/usr/local/clang-7.0.0/share/man:/usr/local/man:/usr/local/share/man:/usr/share/man:/home/travis/.rvm/man" />
    <property name="env.TRAVIS_TIMER_ID" value="0c5b1c16" />
    <property name="ant.file" value="/home/travis/build/icyphy/ptII/build.xml" />
    <property name="env.TRAVIS_COMMIT_RANGE" value="3e950cfe0f3c004454147d0a7dfedd7f8d8e77cc...52bfcaaec950ad6b43d11ffdb9cd3f924b0c1f76" />
    <property name="env._system_name" value="Ubuntu" />
    <property name="ptII.classpath.optional.property" value="/home/travis/build/icyphy/ptII/lib/bsh-2.0b4.jar:/home/travis/build/icyphy/ptII/lib/ptCal.jar:/home/travis/build/icyphy/ptII/lib/java_cup.jar:/home/travis/build/icyphy/ptII/lib/saxon8.jar:/home/travis/build/icyphy/ptII/lib/saxon8-dom.jar:/home/travis/build/icyphy/ptII/lib/chic.jar:/home/travis/build/icyphy/ptII/lib/ptcolt.jar:/home/travis/build/icyphy/ptII/vendors/misc/itext/iText.jar:/home/travis/build/icyphy/ptII/lib/g4ltl.jar:/home/travis/build/icyphy/ptII/lib/StructuralCoder.jar:/home/travis/build/icyphy/ptII/lib/jcerti.jar:/home/travis/build/icyphy/ptII/lib/javax.mail.jar:/home/travis/build/icyphy/ptII/vendors/JMF-2.1.1e/lib/jmf.jar:/home/travis/build/icyphy/ptII/lib/jna-4.0.0-variadic.jar:/home/travis/build/icyphy/ptII/vendors/misc/joystick/Joystick.jar:/home/travis/build/icyphy/ptII/lib/ptjacl.jar:/home/travis/build/icyphy/ptII/lib/jsoup-1.8.2.jar:/home/travis/build/icyphy/ptII/lib/junit-4.8.2.jar:/home/travis/build/icyphy/ptII/lib/JUnitParams-0.4.0.jar:/home/travis/build/icyphy/ptII/ptolemy/actor/lib/excel/jxl.jar:/home/travis/build/icyphy/ptII/lib/jython.jar:/home/travis/build/icyphy/ptII/lib/kieler.jar:/home/travis/build/icyphy/ptII/vendors/opencv/share/OpenCV/java/opencv-341.jar:/home/travis/build/icyphy/ptII/lib/oscP5.jar:/home/travis/build/icyphy/ptII/lib/nrjavaserial-3.11.0.devel.jar:/home/travis/build/icyphy/ptII/vendors/j3d/lib/Linux/j3dcore.jar:/home/travis/build/icyphy/ptII/vendors/j3d/lib/Linux/j3dutils.jar:/home/travis/build/icyphy/ptII/vendors/j3d/lib/Linux/vecmath.jar:/home/travis/build/icyphy/ptII/vendors/jogl/lib/Linux/gluegen-rt-natives-linux-amd64.jar:/home/travis/build/icyphy/ptII/vendors/jogl/lib/Linux/gluegen-rt.jar:/home/travis/build/icyphy/ptII/vendors/jogl/lib/Linux/jogl-all-natives-linux-amd64.jar:/home/travis/build/icyphy/ptII/vendors/jogl/lib/Linux/jogl-all.jar:/home/travis/build/icyphy/ptII/ptolemy/distributed/jini/jar/jini-core.jar:/home/travis/build/icyphy/ptII/ptolemy/distributed/jini/jar/jini-ext.jar:/home/travis/build/icyphy/ptII/ptolemy/distributed/jini/jar/sun-util.jar:/home/travis/build/icyphy/ptII/lib/protobuf-java-2.4.1.jar:/home/travis/build/icyphy/ptII/lib/org.eclipse.paho.client.mqttv3.jar:/home/travis/build/icyphy/ptII/lib/mapss.jar:/home/travis/build/icyphy/ptII/ptolemy/actor/ptalon/antlr/antlr.jar:/home/travis/build/icyphy/ptII/lib/JRI.jar:/home/travis/build/icyphy/ptII/lib/commons-lang-2.6.jar:/home/travis/build/icyphy/ptII/lib/commons-logging-1.1.1.jar:/home/travis/build/icyphy/ptII/lib/sootclasses.jar:/home/travis/build/icyphy/ptII/ptolemy/actor/lib/database/mysql-connector-java-5.1.6-bin.jar:/home/travis/build/icyphy/ptII/vendors/misc/sphinx4/sphinx4-data-5prealpha.jar:/home/travis/build/icyphy/ptII/vendors/misc/sphinx4/sphinx4-core-5prealpha.jar:/home/travis/build/icyphy/ptII/lib/PDFRenderer.jar:/home/travis/build/icyphy/ptII/lib/svgSalamander.jar:/home/travis/build/icyphy/ptII/lib/rsyntaxtextarea-2.6.0-SNAPSHOT.jar:/home/travis/build/icyphy/ptII/lib/hazelcast-3.8.2.jar:/home/travis/build/icyphy/ptII/lib/jackson-annotations-2.9.0.jar:/home/travis/build/icyphy/ptII/lib/jackson-core-2.9.3.jar:/home/travis/build/icyphy/ptII/lib/jackson-databind-2.9.3.jar:/home/travis/build/icyphy/ptII/lib/netty-buffer-4.1.19.Final.jar:/home/travis/build/icyphy/ptII/lib/netty-codec-4.1.19.Final.jar:/home/travis/build/icyphy/ptII/lib/netty-codec-dns-4.1.19.Final.jar:/home/travis/build/icyphy/ptII/lib/netty-codec-http-4.1.19.Final.jar:/home/travis/build/icyphy/ptII/lib/netty-codec-http2-4.1.19.Final.jar:/home/travis/build/icyphy/ptII/lib/netty-common-4.1.19.Final.jar:/home/travis/build/icyphy/ptII/lib/netty-handler-4.1.19.Final.jar:/home/travis/build/icyphy/ptII/lib/netty-resolver-4.1.19.Final.jar:/home/travis/build/icyphy/ptII/lib/netty-resolver-dns-4.1.19.Final.jar:/home/travis/build/icyphy/ptII/lib/netty-transport-4.1.19.Final.jar:/home/travis/build/icyphy/ptII/lib/vertx-codegen-3.5.1.jar:/home/travis/build/icyphy/ptII/lib/vertx-core-3.5.2-SNAPSHOT.jar:/home/travis/build/icyphy/ptII/lib/vertx-hazelcast-3.5.1.jar:/home/travis/build/icyphy/ptII/lib/vertx-lang-js-3.5.1.jar:/home/travis/build/icyphy/ptII/lib/vertx-service-proxy-3.5.1.jar:/home/travis/build/icyphy/ptII/lib/vertx-web-3.5.1.jar:/home/travis/build/icyphy/ptII/lib/slf4j-api-1.7.13.jar:/home/travis/build/icyphy/ptII/lib/slf4j-simple-1.7.13.jar:/home/travis/build/icyphy/ptII/lib/webcam-capture-0.3.12.jar:/home/travis/build/icyphy/ptII/lib/bridj-0.7.0.jar:/home/travis/build/icyphy/ptII/lib/xbjlib-1.1.0.nrjavaserial.jar" />
    <property name="timeout" value="2400000" />
    <property name="test.batch" value="**/junit/*.java" />
    <property name="env._" value="/usr/bin/timeout" />
    <property name="java.io.tmpdir" value="/tmp" />
    <property name="user.language" value="en" />
    <property name="env.TRAVIS_INTERNAL_RUBY_REGEX" value="^ruby-(2\.[0-4]\.[0-9]|1\.9\.3)" />
    <property name="env.HISTCONTROL" value="ignoredups:ignorespace" />
    <property name="env.GOROOT" value="/home/travis/.gimme/versions/go1.11.1.linux.amd64" />
    <property name="line.separator" value="&#xa;" />
    <property name="target" value="11" />
    <property name="env.TRAVIS_BUILD_DIR" value="/home/travis/build/icyphy/ptII" />
    <property name="env.ANT_OPTS" value="-Xmx2048m" />
    <property name="ant.file.type" value="file" />
    <property name="ptolemy.ptII.batchMode" value="true" />
    <property name="env.HISTSIZE" value="1000" />
    <property name="env.MERB_ENV" value="test" />
    <property name="java.vm.info" value="mixed mode" />
    <property name="source" value="11" />
    <property name="java.vm.specification.name" value="Java Virtual Machine Specification" />
    <property name="env.TRAVIS_TEST_RESULT" value="0" />
    <property name="jsdoc.command" value="node_modules/@terraswarm/jsdoc/jsdoc.js" />
    <property name="npm.works" value="true" />
    <property name="cobertura.dir" value="/home/travis/build/icyphy/ptII/vendors/cobertura-2.0.3" />
    <property name="jsdoc.command.exists" value="true" />
    <property name="env.rvm_path" value="/home/travis/.rvm" />
    <property name="env.GEM_PATH" value="/home/travis/.rvm/gems/ruby-2.5.3:/home/travis/.rvm/gems/ruby-2.5.3@global" />
    <property name="env.LC_CTYPE" value="en_US.UTF-8" />
    <property name="env.TRAVIS_CMD" value="$PTII/bin/ptIITravisBuild.sh $SECONDS" />
    <property name="java.awt.printerjob" value="sun.print.PSPrinterJob" />
    <property name="env.TRAVIS_STACK_NAME" value="sardonyx" />
    <property name="env.TRAVIS_TIMER_START_TIME" value="1592318085829325130" />
    <property name="ant.version" value="Apache Ant(TM) version 1.10.1 compiled on February 2 2017" />
    <property name="ptII.reports" value="/home/travis/build/icyphy/ptII/reports" />
    <property name="env.TRAVIS_STACK_TIMESTAMP" value="2019-03-25 16:16:56 UTC" />
    <property name="ant.file.type.ptII" value="file" />
    <property name="env.RBENV_SHELL" value="bash" />
    <property name="os.name" value="Linux" />
    <property name="java.specification.vendor" value="Oracle Corporation" />
    <property name="env.rvm_version" value="1.29.7 (latest)" />
    <property name="env.TRAVIS_INFRA" value="unknown" />
    <property name="env.TERM" value="xterm" />
    <property name="java.vm.name" value="OpenJDK 64-Bit Server VM" />
    <property name="env.TRAVIS_BUILD_NUMBER" value="1664" />
    <property name="env.CI" value="true" />
    <property name="java.library.path" value="/home/travis/pthla/certi-tools/lib:/usr/lib/jni:/usr/local/share/OpenCV/java/:/usr/share/OpenCV/java::/usr/java/packages/lib:/usr/lib64:/lib64:/lib:/usr/lib" />
    <property name="jdk.module.path" value="/home/travis/build/icyphy/ptII/vendors/javafx/javafx-sdk-11.0.2/lib:" />
    <property name="env.rvm_prefix" value="/home/travis" />
    <property name="env.PATH" value="/home/travis/pthla/certi-tools/share/scripts:/home/travis/.rvm/gems/ruby-2.5.3/bin:/home/travis/.rvm/gems/ruby-2.5.3@global/bin:/home/travis/.rvm/rubies/ruby-2.5.3/bin:/home/travis/.rvm/bin:/home/travis/.nvm/versions/node/v7.10.1/bin:./node_modules/.bin:/home/travis/build/icyphy/ptII/bin:/home/travis/pthla/certi-tools/bin:/home/travis/bin:/home/travis/.local/bin:/usr/local/lib/jvm/openjdk11/bin:/opt/pyenv/shims:/home/travis/.phpenv/shims:/home/travis/perl5/perlbrew/bin:/home/travis/gopath/bin:/home/travis/.gimme/versions/go1.11.1.linux.amd64/bin:/usr/local/maven-3.6.0/bin:/usr/local/cmake-3.12.4/bin:/usr/local/clang-7.0.0/bin:/usr/local/sbin:/usr/local/bin:/usr/sbin:/usr/bin:/sbin:/bin:/snap/bin:/home/travis/.phpenv/bin:/opt/pyenv/bin:/home/travis/.yarn/bin" />
    <property name="env.TRAVIS_OS_NAME" value="linux" />
    <property name="ant.java.version" value="9" />
    <property name="basedir" value="/home/travis/build/icyphy/ptII" />
    <property name="java.class.version" value="55.0" />
    <property name="env.SHLVL" value="3" />
    <property name="env.LD_LIBRARY_PATH" value="/home/travis/pthla/certi-tools/lib:/usr/lib/jni:/usr/local/share/OpenCV/java/:/usr/share/OpenCV/java:" />
    <property name="env.RACK_ENV" value="test" />
    <property name="ant.home" value="/home/travis/build/icyphy/ptII/ant" />
    <property name="env.NVM_DIR" value="/home/travis/.nvm" />
    <property name="env.CERTI_FOM_PATH" value="/home/travis/pthla/certi-tools/share/federations" />
    <property name="env.TRAVIS_BUILD_ID" value="698945652" />
    <property name="env.PYENV_ROOT" value="/opt/pyenv" />
    <property name="env.TRAVIS_UID" value="2000" />
    <property name="prism.verbose" value="true" />
    <property name="env.NVM_BIN" value="/home/travis/.nvm/versions/node/v7.10.1/bin" />
    <property name="env.TRAVIS_COMMIT" value="52bfcaaec950ad6b43d11ffdb9cd3f924b0c1f76" />
    <property name="env._system_arch" value="x86_64" />
    <property name="node.executable" value="node" />
    <property name="sun.boot.library.path" value="/usr/local/lib/jvm/openjdk11/lib" />
    <property name="sun.management.compiler" value="HotSpot 64-Bit Tiered Compilers" />
    <property name="java.awt.graphicsenv" value="sun.awt.X11GraphicsEnvironment" />
    <property name="env.GOPATH" value="/home/travis/gopath" />
    <property name="ptolemy.ptII.dir" value="/home/travis/build/icyphy/ptII" />
    <property name="env.USER" value="travis" />
    <property name="env.HISTFILESIZE" value="2000" />
    <property name="env.NVM_INC" value="/home/travis/.nvm/versions/node/v7.10.1/include/node" />
    <property name="timeout.longest" value="19000000" />
    <property name="env.PERLBREW_SHELLRC_VERSION" value="0.86" />
    <property name="env.TRAVIS_STACK_FEATURES" value="basic couchdb disabled-ipv6 docker docker-compose elasticsearch firefox go-toolchain google-chrome jdk memcached mongodb mysql nodejs_interpreter perl_interpreter perlbrew phantomjs postgresql python_interpreter redis ruby_interpreter sqlite xserver" />
    <property name="env.TRAVIS_PULL_REQUEST" value="false" />
    <property name="env.PYENV_SHELL" value="bash" />
    <property name="ant.project.name" value="ptII" />
    <property name="env.ANSI_RESET" value="\033[0m" />
    <property name="java.vm.specification.version" value="11" />
    <property name="env.TRAVIS_DIST" value="xenial" />
    <property name="env.CERTI_VERSION" value="4.0.0" />
    <property name="env.CERTI_HOST" value="localhost" />
    <property name="awt.toolkit" value="sun.awt.X11.XToolkit" />
    <property name="env.MY_RUBY_HOME" value="/home/travis/.rvm/rubies/ruby-2.5.3" />
    <property name="sun.cpu.isalist" value="" />
    <property name="env.TRAVIS_TMPDIR" value="/tmp/tmp.Zatx8Wlv75" />
    <property name="java.vm.compressedOopsMode" value="Zero based" />
    <property name="os.version" value="4.15.0-1028-gcp" />
    <property name="user.home" value="/home/travis" />
    <property name="java.vm.vendor" value="Oracle Corporation" />
    <property name="env.TRAVIS_TAG" value="nightly" />
    <property name="env.ANSI_YELLOW" value="\033[33;1m" />
    <property name="env.TRAVIS_FILTERED" value="redirect_io" />
    <property name="env.ANSI_GREEN" value="\033[32;1m" />
    <property name="env.JAVA_HOME" value="/usr/local/lib/jvm/openjdk11" />
    <property name="javadoc.excludepackagenames" value="adm.cvs2svn.*,build.*,config.*,doc.coding.templates.*,jni.test.jni.meaningOfLife.*,jni.test.jni.testDeux.*,jni.test.jni.testTrois.*,org.terraswarm.accessor.accessors.web.node_modules.*,org.terraswarm.accessor.accessors.web.hosts.cordova.demo.*,org.terraswarm.accessor.accessors.web.hosts.cordova.plugins.*,org.terraswarm.accessor.accessors-svn.*,pt-modules.*,ptolemy.apps.agilent.*,ptolemy.apps.anytimecontrol.*,ptolemy.apps.apes.*,ptolemy.apps.charon.*,ptolemy.apps.crazyboard.*,ptolemy.apps.eclipse.*,ptolemy.apps.etherealSting.*,ptolemy.apps.fullscreen.*,ptolemy.apps.giotto.*,ptolemy.apps.ia.*,ptolemy.apps.interfaces.*,ptolemy.apps.jmf.*,ptolemy.apps.kurt.*,ptolemy.apps.kvm.*,ptolemy.apps.lego.*,ptolemy.apps.lejos.*,ptolemy.apps.midp.*,ptolemy.apps.mobileCoding.*,ptolemy.apps.pendulum.*,ptolemy.apps.rijndael.*,ptolemy.apps.robot.*,ptolemy.apps.security.*,ptolemy.apps.sobel.*,ptolemy.apps.soot.*,ptolemy.apps.throttle.*,ptolemy.apps.tini.*,ptolemy.apps.transmission.*,ptolemy.apps.vergil.*,ptolemy.apps.waba.*,ptolemy.apps.websensor.*,ptolemy.apps.webstart.*,ptolemy.apps.xsl.*,ptolemy.apps.zaurus.*,ptolemy.codegen.c.actor.lib.oldJavaFiles.*,ptolemy.codegen.dsp.lib.*,ptolemy.codegen.kernel.newInterfaces.*,ptolemy.codegen.lib.*,ptolemy.copernicus.kernel.fragment.*,ptolemy.copernicus.shallow.cg.*,ptolemy.domains.giotto.demo.Hierarchy.Hierarchy.*,ptolemy.domains.giotto.demo.Multimode.Multimode.*,ptolemy.domains.giotto.demo.Simple.Simple.*,ptolemy.domains.gr.lib.experimental.*,ptolemy.domains.gro.*,ptolemy.domains.pdf.*,ptolemy.domains.ptinyos.demo.Surge.output.*,ptolemy.moml.test.NoPackageActor.java*,ptolemy.plot.adm.*,ptolemy.plot.servlet.*,reports.*,signed.*,src.*,target.*,vendors.*,ptolemy.copernicus.applet.*,ptolemy.media.viewer.*,ptolemy.actor.corba.*,doc.doclets.*,ptolemy.apps.eclipse.awt.*,ptolemy.backtrack.*,ptolemy.backtrack.ast.*,ptolemy.cg.adapter.generic.program.procedural.c.mbed*,ptolemy.homer.*,ptolemy.actor.lib.jai.*,org.ptolemy.scala.*,diva.util.java2d.svg.*,ptolemy.domains.ptinyos.*,ptolemy.actor.lib.fmi.fmipp.*,,org.terraswarm.accessor.accessors.web.node_modules.*,org.terraswarm.accessor.accessors-svn,ptolemy.apps.*,ptolemy.actor.ptalon.demo.ptinyos.SendAndReceiveCnt.output,ptolemy.actor.ptalon.demo.ptinyos.SenseToLeds.output,ptolemy.domains.ptinyos.demo.CntToLedsAndRfm.output,ptolemy.domains.ptinyos.demo.RfmToLeds.output,ptolemy.domains.ptinyos.demo.SendAndReceiveCnt.output,ptolemy.domains.ptinyos.demo.SenseToLeds.output,ptolemy.actor.lib.jjs.modules.udpSocket.*" />
    <property name="env.PTII" value="/home/travis/build/icyphy/ptII" />
    <property name="env.XDG_SESSION_ID" value="2" />
    <property name="keystore" value="ptKeystore" />
    <property name="env.TRAVIS_COMMIT_MESSAGE" value="Updating models using array data type." />
    <property name="junit.output.dir" value="/home/travis/build/icyphy/ptII/reports/junit" />
    <property name="npm.return.code" value="0" />
    <property name="user.dir" value="/home/travis/build/icyphy/ptII/ptolemy/actor/lib/test" />
    <property name="env.TRAVIS_NODE_VERSION" value="7" />
    <property name="env.TRAVIS_EVENT_TYPE" value="cron" />
    <property name="env.MAIL" value="/var/mail/travis" />
    <property name="env.PERLBREW_ROOT" value="/home/travis/perl5/perlbrew" />
    <property name="env.PWD" value="/home/travis/build/icyphy/ptII" />
    <property name="timeout.npm" value="45000" />
    <property name="env.TRAVIS_ARCH" value="amd64" />
    <property name="sun.cpu.endian" value="little" />
    <property name="env.PAGER" value="cat" />
    <property name="env.TRAVIS_BUILD_STAGE_NAME" value="test" />
    <property name="env.PERLBREW_HOME" value="/home/travis/.perlbrew" />
    <property name="java.vm.version" value="11.0.2+9" />
    <property name="env.RAILS_ENV" value="test" />
    <property name="java.class.path" value="/home/travis/.ptolemyII:/home/travis/.ptolemyII/*:/home/travis/build/icyphy/ptII:/home/travis/build/icyphy/ptII/lib/bsh-2.0b4.jar:/home/travis/build/icyphy/ptII/lib/ptCal.jar:/home/travis/build/icyphy/ptII/lib/java_cup.jar:/home/travis/build/icyphy/ptII/lib/saxon8.jar:/home/travis/build/icyphy/ptII/lib/saxon8-dom.jar:/home/travis/build/icyphy/ptII/lib/chic.jar:/home/travis/build/icyphy/ptII/lib/ptcolt.jar:/home/travis/build/icyphy/ptII/vendors/misc/itext/iText.jar:/home/travis/build/icyphy/ptII/lib/g4ltl.jar:/home/travis/build/icyphy/ptII/lib/StructuralCoder.jar:/home/travis/build/icyphy/ptII/lib/jcerti.jar:/home/travis/build/icyphy/ptII/lib/javax.mail.jar:/home/travis/build/icyphy/ptII/vendors/JMF-2.1.1e/lib/jmf.jar:/home/travis/build/icyphy/ptII/lib/jna-4.0.0-variadic.jar:/home/travis/build/icyphy/ptII/vendors/misc/joystick/Joystick.jar:/home/travis/build/icyphy/ptII/lib/ptjacl.jar:/home/travis/build/icyphy/ptII/lib/jsoup-1.8.2.jar:/home/travis/build/icyphy/ptII/lib/junit-4.8.2.jar:/home/travis/build/icyphy/ptII/lib/JUnitParams-0.4.0.jar:/home/travis/build/icyphy/ptII/ptolemy/actor/lib/excel/jxl.jar:/home/travis/build/icyphy/ptII/lib/jython.jar:/home/travis/build/icyphy/ptII/lib/kieler.jar:/home/travis/build/icyphy/ptII/vendors/opencv/share/OpenCV/java/opencv-341.jar:/home/travis/build/icyphy/ptII/lib/oscP5.jar:/home/travis/build/icyphy/ptII/lib/nrjavaserial-3.11.0.devel.jar:/home/travis/build/icyphy/ptII/vendors/j3d/lib/Linux/j3dcore.jar:/home/travis/build/icyphy/ptII/vendors/j3d/lib/Linux/j3dutils.jar:/home/travis/build/icyphy/ptII/vendors/j3d/lib/Linux/vecmath.jar:/home/travis/build/icyphy/ptII/vendors/jogl/lib/Linux/gluegen-rt-natives-linux-amd64.jar:/home/travis/build/icyphy/ptII/vendors/jogl/lib/Linux/gluegen-rt.jar:/home/travis/build/icyphy/ptII/vendors/jogl/lib/Linux/jogl-all-natives-linux-amd64.jar:/home/travis/build/icyphy/ptII/vendors/jogl/lib/Linux/jogl-all.jar:/home/travis/build/icyphy/ptII/ptolemy/distributed/jini/jar/jini-core.jar:/home/travis/build/icyphy/ptII/ptolemy/distributed/jini/jar/jini-ext.jar:/home/travis/build/icyphy/ptII/ptolemy/distributed/jini/jar/sun-util.jar:/home/travis/build/icyphy/ptII/lib/protobuf-java-2.4.1.jar:/home/travis/build/icyphy/ptII/lib/org.eclipse.paho.client.mqttv3.jar:/home/travis/build/icyphy/ptII/lib/mapss.jar:/home/travis/build/icyphy/ptII/ptolemy/actor/ptalon/antlr/antlr.jar:/home/travis/build/icyphy/ptII/lib/JRI.jar:/home/travis/build/icyphy/ptII/lib/commons-lang-2.6.jar:/home/travis/build/icyphy/ptII/lib/commons-logging-1.1.1.jar:/home/travis/build/icyphy/ptII/lib/sootclasses.jar:/home/travis/build/icyphy/ptII/ptolemy/actor/lib/database/mysql-connector-java-5.1.6-bin.jar:/home/travis/build/icyphy/ptII/vendors/misc/sphinx4/sphinx4-data-5prealpha.jar:/home/travis/build/icyphy/ptII/vendors/misc/sphinx4/sphinx4-core-5prealpha.jar:/home/travis/build/icyphy/ptII/lib/PDFRenderer.jar:/home/travis/build/icyphy/ptII/lib/svgSalamander.jar:/home/travis/build/icyphy/ptII/lib/rsyntaxtextarea-2.6.0-SNAPSHOT.jar:/home/travis/build/icyphy/ptII/lib/hazelcast-3.8.2.jar:/home/travis/build/icyphy/ptII/lib/jackson-annotations-2.9.0.jar:/home/travis/build/icyphy/ptII/lib/jackson-core-2.9.3.jar:/home/travis/build/icyphy/ptII/lib/jackson-databind-2.9.3.jar:/home/travis/build/icyphy/ptII/lib/netty-buffer-4.1.19.Final.jar:/home/travis/build/icyphy/ptII/lib/netty-codec-4.1.19.Final.jar:/home/travis/build/icyphy/ptII/lib/netty-codec-dns-4.1.19.Final.jar:/home/travis/build/icyphy/ptII/lib/netty-codec-http-4.1.19.Final.jar:/home/travis/build/icyphy/ptII/lib/netty-codec-http2-4.1.19.Final.jar:/home/travis/build/icyphy/ptII/lib/netty-common-4.1.19.Final.jar:/home/travis/build/icyphy/ptII/lib/netty-handler-4.1.19.Final.jar:/home/travis/build/icyphy/ptII/lib/netty-resolver-4.1.19.Final.jar:/home/travis/build/icyphy/ptII/lib/netty-resolver-dns-4.1.19.Final.jar:/home/travis/build/icyphy/ptII/lib/netty-transport-4.1.19.Final.jar:/home/travis/build/icyphy/ptII/lib/vertx-codegen-3.5.1.jar:/home/travis/build/icyphy/ptII/lib/vertx-core-3.5.2-SNAPSHOT.jar:/home/travis/build/icyphy/ptII/lib/vertx-hazelcast-3.5.1.jar:/home/travis/build/icyphy/ptII/lib/vertx-lang-js-3.5.1.jar:/home/travis/build/icyphy/ptII/lib/vertx-service-proxy-3.5.1.jar:/home/travis/build/icyphy/ptII/lib/vertx-web-3.5.1.jar:/home/travis/build/icyphy/ptII/lib/slf4j-api-1.7.13.jar:/home/travis/build/icyphy/ptII/lib/slf4j-simple-1.7.13.jar:/home/travis/build/icyphy/ptII/lib/webcam-capture-0.3.12.jar:/home/travis/build/icyphy/ptII/lib/bridj-0.7.0.jar:/home/travis/build/icyphy/ptII/lib/xbjlib-1.1.0.nrjavaserial.jar:/home/travis/build/icyphy/ptII/ptolemy/moml/test:/home/travis/build/icyphy/ptII/ant/lib/ant-launcher.jar:/home/travis/build/icyphy/ptII/ant/lib/ant.jar:/home/travis/build/icyphy/ptII/ant/lib/ant-junit.jar:/home/travis/build/icyphy/ptII/ant/lib/ant-junit4.jar" />
    <property name="ant.library.dir" value="/home/travis/build/icyphy/ptII/ant/lib" />
    <property name="os.arch" value="amd64" />
    <property name="env.CONTINUOUS_INTEGRATION" value="true" />
    <property name="env.TRAVIS_LANGUAGE" value="node_js" />
    <property name="env.TRAVIS_STACK_LANGUAGES" value="__sardonyx__ c c++ clojure cplusplus cpp default generic go groovy java node_js php pure_java python ruby scala" />
    <property name="test.name" value="ptolemy.actor.lib.test.junit.JUnitTclTest" />
    <property name="env.APT_KEY_DONT_WARN_ON_DANGEROUS_USAGE" value="1" />
    <property name="sun.java.launcher" value="SUN_STANDARD" />
    <property name="env.PYTHON_CONFIGURE_OPTS" value="--enable-unicode=ucs4 --with-wide-unicode --enable-shared --enable-ipv6 --enable-loadable-sqlite-extensions --with-computed-gotos" />
    <property name="ant.core.lib" value="/home/travis/build/icyphy/ptII/ant/lib/ant.jar" />
    <property name="java.vm.specification.vendor" value="Oracle Corporation" />
    <property name="env.BCVTB_HOME" value="/home/travis/build/icyphy/ptII/lbnl" />
    <property name="file.separator" value="/" />
    <property name="spotbugs.home" value="/home/travis/build/icyphy/ptII/vendors/spotbugs-3.1.1" />
    <property name="java.runtime.version" value="11.0.2+9" />
    <property name="env.ANSI_CLEAR" value="\033[0K" />
    <property name="javafx.verbose" value="true" />
    <property name="env.HAS_JOSH_K_SEAL_OF_APPROVAL" value="true" />
    <property name="env.XDG_RUNTIME_DIR" value="/run/user/2000" />
    <property name="env.TRAVIS_OSX_IMAGE" value="" />
    <property name="env.TRAVIS_JOB_ID" value="698945678" />
    <property name="env.TRAVIS_BRANCH" value="master" />
    <property name="user.country" value="US" />
    <property name="env.CERTI_HOME_TRAVIS" value="/home/travis/pthla/certi-tools" />
    <property name="env.SHELL" value="/bin/bash" />
    <property name="java.maxmemory.large" value="3200m" />
    <property name="model" value="" />
    <property name="env.CASHER_DIR" value="/home/travis/.casher" />
    <property name="env.NVM_CD_FLAGS" value="" />
    <property name="java.vendor.version" value="18.9" />
    <property name="jshint.executable" value="/home/travis/node_modules/jshint/bin/jshint" />
    <property name="env.JRUBY_OPTS" value=" --client -J-XX:+TieredCompilation -J-XX:TieredStopAtLevel=1 -J-Xss2m -Xcompile.invokedynamic=false" />
    <property name="java.vendor" value="Oracle Corporation" />
    <property name="env.TRAVIS_PRE_CHEF_BOOTSTRAP_TIME" value="2019-03-25T16:16:42" />
    <property name="env.TRAVIS_STACK_JOB_BOARD_REGISTER" value="/.job-board-register.yml" />
    <property name="env.ANSI_RED" value="\033[31;1m" />
    <property name="java.specification.version" value="11" />
    <property name="env.IRBRC" value="/home/travis/.rvm/rubies/ruby-2.5.3/.irbrc" />
    <property name="env.TRAVIS" value="true" />
    <property name="sun.arch.data.model" value="64" />
  </properties>
  <testcase classname="ptolemy.util.test.junit.TclTests" name="[0] /home/travis/build/icyphy/ptII/ptolemy/actor/lib/test/AbsoluteValue.tcl (RunTclFile)" time="0.505" />
  <testcase classname="ptolemy.util.test.junit.TclTests" name="[1] /home/travis/build/icyphy/ptII/ptolemy/actor/lib/test/AddSubtract.tcl (RunTclFile)" time="0.182" />
  <testcase classname="ptolemy.util.test.junit.TclTests" name="[2] /home/travis/build/icyphy/ptII/ptolemy/actor/lib/test/Average.tcl (RunTclFile)" time="0.031" />
  <testcase classname="ptolemy.util.test.junit.TclTests" name="[3] /home/travis/build/icyphy/ptII/ptolemy/actor/lib/test/Bernoulli.tcl (RunTclFile)" time="0.023" />
  <testcase classname="ptolemy.util.test.junit.TclTests" name="[4] /home/travis/build/icyphy/ptII/ptolemy/actor/lib/test/Clock.tcl (RunTclFile)" time="0.115" />
  <testcase classname="ptolemy.util.test.junit.TclTests" name="[5] /home/travis/build/icyphy/ptII/ptolemy/actor/lib/test/Commutator.tcl (RunTclFile)" time="0.169" />
  <testcase classname="ptolemy.util.test.junit.TclTests" name="[6] /home/travis/build/icyphy/ptII/ptolemy/actor/lib/test/Const.tcl (RunTclFile)" time="0.134" />
  <testcase classname="ptolemy.util.test.junit.TclTests" name="[7] /home/travis/build/icyphy/ptII/ptolemy/actor/lib/test/CurrentTime.tcl (RunTclFile)" time="0.042" />
  <testcase classname="ptolemy.util.test.junit.TclTests" name="[8] /home/travis/build/icyphy/ptII/ptolemy/actor/lib/test/DB.tcl (RunTclFile)" time="0.023" />
  <testcase classname="ptolemy.util.test.junit.TclTests" name="[9] /home/travis/build/icyphy/ptII/ptolemy/actor/lib/test/DiscreteRandomSource.tcl (RunTclFile)" time="0.022" />
  <testcase classname="ptolemy.util.test.junit.TclTests" name="[10] /home/travis/build/icyphy/ptII/ptolemy/actor/lib/test/Distributor.tcl (RunTclFile)" time="0.083" />
  <testcase classname="ptolemy.util.test.junit.TclTests" name="[11] /home/travis/build/icyphy/ptII/ptolemy/actor/lib/test/Exit.tcl (RunTclFile)" time="0.091" />
  <testcase classname="ptolemy.util.test.junit.TclTests" name="[12] /home/travis/build/icyphy/ptII/ptolemy/actor/lib/test/Expression.tcl (RunTclFile)" time="0.101" />
  <testcase classname="ptolemy.util.test.junit.TclTests" name="[13] /home/travis/build/icyphy/ptII/ptolemy/actor/lib/test/Gaussian.tcl (RunTclFile)" time="1.032" />
  <testcase classname="ptolemy.util.test.junit.TclTests" name="[14] /home/travis/build/icyphy/ptII/ptolemy/actor/lib/test/IIR.tcl (RunTclFile)" time="0.025" />
  <testcase classname="ptolemy.util.test.junit.TclTests" name="[15] /home/travis/build/icyphy/ptII/ptolemy/actor/lib/test/Interpolator.tcl (RunTclFile)" time="0.093" />
  <testcase classname="ptolemy.util.test.junit.TclTests" name="[16] /home/travis/build/icyphy/ptII/ptolemy/actor/lib/test/MathFunction.tcl (RunTclFile)" time="0.082" />
  <testcase classname="ptolemy.util.test.junit.TclTests" name="[17] /home/travis/build/icyphy/ptII/ptolemy/actor/lib/test/Maximum.tcl (RunTclFile)" time="0.034" />
  <testcase classname="ptolemy.util.test.junit.TclTests" name="[18] /home/travis/build/icyphy/ptII/ptolemy/actor/lib/test/Minimum.tcl (RunTclFile)" time="0.04" />
  <testcase classname="ptolemy.util.test.junit.TclTests" name="[19] /home/travis/build/icyphy/ptII/ptolemy/actor/lib/test/MultiplyDivide.tcl (RunTclFile)" time="0.038" />
  <testcase classname="ptolemy.util.test.junit.TclTests" name="[20] /home/travis/build/icyphy/ptII/ptolemy/actor/lib/test/OrderedMerge.tcl (RunTclFile)" time="0.172" />
  <testcase classname="ptolemy.util.test.junit.TclTests" name="[21] /home/travis/build/icyphy/ptII/ptolemy/actor/lib/test/Publisher.tcl (RunTclFile)" time="0.819" />
  <testcase classname="ptolemy.util.test.junit.TclTests" name="[22] /home/travis/build/icyphy/ptII/ptolemy/actor/lib/test/Pulse.tcl (RunTclFile)" time="0.044" />
  <testcase classname="ptolemy.util.test.junit.TclTests" name="[23] /home/travis/build/icyphy/ptII/ptolemy/actor/lib/test/Ramp.tcl (RunTclFile)" time="2.149" />
  <testcase classname="ptolemy.util.test.junit.TclTests" name="[24] /home/travis/build/icyphy/ptII/ptolemy/actor/lib/test/RampContinuous.tcl (RunTclFile)" time="0.016" />
  <testcase classname="ptolemy.util.test.junit.TclTests" name="[25] /home/travis/build/icyphy/ptII/ptolemy/actor/lib/test/RecordAssembler.tcl (RunTclFile)" time="0.014" />
  <testcase classname="ptolemy.util.test.junit.TclTests" name="[26] /home/travis/build/icyphy/ptII/ptolemy/actor/lib/test/RecordDisassembler.tcl (RunTclFile)" time="0.017" />
  <testcase classname="ptolemy.util.test.junit.TclTests" name="[27] /home/travis/build/icyphy/ptII/ptolemy/actor/lib/test/Scale.tcl (RunTclFile)" time="0.016" />
  <testcase classname="ptolemy.util.test.junit.TclTests" name="[28] /home/travis/build/icyphy/ptII/ptolemy/actor/lib/test/SequentialClock.tcl (RunTclFile)" time="0.012" />
  <testcase classname="ptolemy.util.test.junit.TclTests" name="[29] /home/travis/build/icyphy/ptII/ptolemy/actor/lib/test/SetVariable.tcl (RunTclFile)" time="0.009" />
  <testcase classname="ptolemy.util.test.junit.TclTests" name="[30] /home/travis/build/icyphy/ptII/ptolemy/actor/lib/test/Sinewave.tcl (RunTclFile)" time="0.023" />
  <testcase classname="ptolemy.util.test.junit.TclTests" name="[31] /home/travis/build/icyphy/ptII/ptolemy/actor/lib/test/SubscriptionAggregator.tcl (RunTclFile)" time="2.217" />
  <testcase classname="ptolemy.util.test.junit.TclTests" name="[32] /home/travis/build/icyphy/ptII/ptolemy/actor/lib/test/Test.tcl (RunTclFile)" time="0.091" />
  <testcase classname="ptolemy.util.test.junit.TclTests" name="[33] /home/travis/build/icyphy/ptII/ptolemy/actor/lib/test/TestExceptionHandler.tcl (RunTclFile)" time="0.009" />
  <testcase classname="ptolemy.util.test.junit.TclTests" name="[34] /home/travis/build/icyphy/ptII/ptolemy/actor/lib/test/UnionDisassembler.tcl (RunTclFile)" time="0.041" />
  <testcase classname="ptolemy.util.test.junit.TclTests" name="[35] /home/travis/build/icyphy/ptII/ptolemy/actor/lib/test/VariableClock.tcl (RunTclFile)" time="0.013" />
  <testcase classname="ptolemy.util.test.junit.AutoKnownFailedTests" name="[0] /home/travis/build/icyphy/ptII/ptolemy/actor/lib/test/auto/knownFailedTests/PublisherPortToplevelSubscriber.xml (RunModel)" time="0.021" />
  <testcase classname="ptolemy.util.test.junit.AutoKnownFailedTests" name="[1] /home/travis/build/icyphy/ptII/ptolemy/actor/lib/test/auto/knownFailedTests/PublisherSubscriberPortToplevel.xml (RunModel)" time="0.023" />
  <testcase classname="ptolemy.util.test.junit.AutoKnownFailedTests" name="[2] /home/travis/build/icyphy/ptII/ptolemy/actor/lib/test/auto/knownFailedTests/PublisherSubscriptionAggregatorPort.xml (RunModel)" time="0.018" />
  <testcase classname="ptolemy.util.test.junit.AutoKnownFailedTests" name="[3] /home/travis/build/icyphy/ptII/ptolemy/actor/lib/test/auto/knownFailedTests/sizedarray3.xml (RunModel)" time="0.032" />
  <testcase classname="ptolemy.util.test.junit.AutoNameArchTests" name="[0] ThereAreNoAutoArchTests (RunModel)" time="0.001" />
  <testcase classname="ptolemy.util.test.junit.AutoTests" name="[0] /home/travis/build/icyphy/ptII/ptolemy/actor/lib/test/auto/AbsoluteValue.xml (RunModel)" time="0.084" />
  <testcase classname="ptolemy.util.test.junit.AutoTests" name="[1] /home/travis/build/icyphy/ptII/ptolemy/actor/lib/test/auto/AbsoluteValue2.xml (RunModel)" time="0.075" />
  <testcase classname="ptolemy.util.test.junit.AutoTests" name="[2] /home/travis/build/icyphy/ptII/ptolemy/actor/lib/test/auto/Accumulator.xml (RunModel)" time="0.047" />
  <testcase classname="ptolemy.util.test.junit.AutoTests" name="[3] /home/travis/build/icyphy/ptII/ptolemy/actor/lib/test/auto/Accumulator2.xml (RunModel)" time="0.052" />
  <testcase classname="ptolemy.util.test.junit.AutoTests" name="[4] /home/travis/build/icyphy/ptII/ptolemy/actor/lib/test/auto/Accumulator3.xml (RunModel)" time="0.045" />
  <testcase classname="ptolemy.util.test.junit.AutoTests" name="[5] /home/travis/build/icyphy/ptII/ptolemy/actor/lib/test/auto/ArrayAppend.xml (RunModel)" time="0.044" />
  <testcase classname="ptolemy.util.test.junit.AutoTests" name="[6] /home/travis/build/icyphy/ptII/ptolemy/actor/lib/test/auto/ArrayAppend2.xml (RunModel)" time="0.652" />
  <testcase classname="ptolemy.util.test.junit.AutoTests" name="[7] /home/travis/build/icyphy/ptII/ptolemy/actor/lib/test/auto/ArrayAppend3.xml (RunModel)" time="0.039" />
  <testcase classname="ptolemy.util.test.junit.AutoTests" name="[8] /home/travis/build/icyphy/ptII/ptolemy/actor/lib/test/auto/ArrayAppend4.xml (RunModel)" time="0.026" />
  <testcase classname="ptolemy.util.test.junit.AutoTests" name="[9] /home/travis/build/icyphy/ptII/ptolemy/actor/lib/test/auto/ArrayAppend5.xml (RunModel)" time="0.02" />
  <testcase classname="ptolemy.util.test.junit.AutoTests" name="[10] /home/travis/build/icyphy/ptII/ptolemy/actor/lib/test/auto/ArrayAppend6.xml (RunModel)" time="0.017" />
  <testcase classname="ptolemy.util.test.junit.AutoTests" name="[11] /home/travis/build/icyphy/ptII/ptolemy/actor/lib/test/auto/ArrayAppendPerformanceTest.xml (RunModel)" time="0.112" />
  <testcase classname="ptolemy.util.test.junit.AutoTests" name="[12] /home/travis/build/icyphy/ptII/ptolemy/actor/lib/test/auto/ArrayAppendWithEmptyInput.xml (RunModel)" time="0.052" />
  <testcase classname="ptolemy.util.test.junit.AutoTests" name="[13] /home/travis/build/icyphy/ptII/ptolemy/actor/lib/test/auto/ArrayAverage.xml (RunModel)" time="0.051" />
  <testcase classname="ptolemy.util.test.junit.AutoTests" name="[14] /home/travis/build/icyphy/ptII/ptolemy/actor/lib/test/auto/ArrayContains.xml (RunModel)" time="0.031" />
  <testcase classname="ptolemy.util.test.junit.AutoTests" name="[15] /home/travis/build/icyphy/ptII/ptolemy/actor/lib/test/auto/ArrayElement.xml (RunModel)" time="0.025" />
  <testcase classname="ptolemy.util.test.junit.AutoTests" name="[16] /home/travis/build/icyphy/ptII/ptolemy/actor/lib/test/auto/ArrayElementAsMatrix.xml (RunModel)" time="0.056" />
  <testcase classname="ptolemy.util.test.junit.AutoTests" name="[17] /home/travis/build/icyphy/ptII/ptolemy/actor/lib/test/auto/ArrayElementI.xml (RunModel)" time="0.028" />
  <testcase classname="ptolemy.util.test.junit.AutoTests" name="[18] /home/travis/build/icyphy/ptII/ptolemy/actor/lib/test/auto/ArrayExtract.xml (RunModel)" time="0.035" />
  <testcase classname="ptolemy.util.test.junit.AutoTests" name="[19] /home/travis/build/icyphy/ptII/ptolemy/actor/lib/test/auto/ArrayExtract2.xml (RunModel)" time="0.016" />
  <testcase classname="ptolemy.util.test.junit.AutoTests" name="[20] /home/travis/build/icyphy/ptII/ptolemy/actor/lib/test/auto/ArrayLength.xml (RunModel)" time="0.021" />
  <testcase classname="ptolemy.util.test.junit.AutoTests" name="[21] /home/travis/build/icyphy/ptII/ptolemy/actor/lib/test/auto/ArrayLevelCrossing.xml (RunModel)" time="0.025" />
  <testcase classname="ptolemy.util.test.junit.AutoTests" name="[22] /home/travis/build/icyphy/ptII/ptolemy/actor/lib/test/auto/ArrayLevelCrossing2.xml (RunModel)" time="0.02" />
  <testcase classname="ptolemy.util.test.junit.AutoTests" name="[23] /home/travis/build/icyphy/ptII/ptolemy/actor/lib/test/auto/ArrayPeakSearch.xml (RunModel)" time="0.037" />
  <testcase classname="ptolemy.util.test.junit.AutoTests" name="[24] /home/travis/build/icyphy/ptII/ptolemy/actor/lib/test/auto/ArrayPeakSearch2.xml (RunModel)" time="0.034" />
  <testcase classname="ptolemy.util.test.junit.AutoTests" name="[25] /home/travis/build/icyphy/ptII/ptolemy/actor/lib/test/auto/ArrayPeakSearch3.xml (RunModel)" time="0.036" />
  <testcase classname="ptolemy.util.test.junit.AutoTests" name="[26] /home/travis/build/icyphy/ptII/ptolemy/actor/lib/test/auto/ArrayRemoveElement.xml (RunModel)" time="0.035" />
  <testcase classname="ptolemy.util.test.junit.AutoTests" name="[27] /home/travis/build/icyphy/ptII/ptolemy/actor/lib/test/auto/ArraySort.xml (RunModel)" time="0.033" />
  <testcase classname="ptolemy.util.test.junit.AutoTests" name="[28] /home/travis/build/icyphy/ptII/ptolemy/actor/lib/test/auto/ArraySum.xml (RunModel)" time="0.019" />
  <testcase classname="ptolemy.util.test.junit.AutoTests" name="[29] /home/travis/build/icyphy/ptII/ptolemy/actor/lib/test/auto/ArrayToElements.xml (RunModel)" time="0.023" />
  <testcase classname="ptolemy.util.test.junit.AutoTests" name="[30] /home/travis/build/icyphy/ptII/ptolemy/actor/lib/test/auto/ArrayToMatrix.xml (RunModel)" time="0.059" />
  <testcase classname="ptolemy.util.test.junit.AutoTests" name="[31] /home/travis/build/icyphy/ptII/ptolemy/actor/lib/test/auto/ArrayUpdate1.xml (RunModel)" time="0.017" />
  <testcase classname="ptolemy.util.test.junit.AutoTests" name="[32] /home/travis/build/icyphy/ptII/ptolemy/actor/lib/test/auto/ArrayUpdate2.xml (RunModel)" time="0.017" />
  <testcase classname="ptolemy.util.test.junit.AutoTests" name="[33] /home/travis/build/icyphy/ptII/ptolemy/actor/lib/test/auto/ArrayUpdate3.xml (RunModel)" time="0.012" />
  <testcase classname="ptolemy.util.test.junit.AutoTests" name="[34] /home/travis/build/icyphy/ptII/ptolemy/actor/lib/test/auto/Assert1.xml (RunModel)" time="0.02" />
  <testcase classname="ptolemy.util.test.junit.AutoTests" name="[35] /home/travis/build/icyphy/ptII/ptolemy/actor/lib/test/auto/Assert2.xml (RunModel)" time="0.017" />
  <testcase classname="ptolemy.util.test.junit.AutoTests" name="[36] /home/travis/build/icyphy/ptII/ptolemy/actor/lib/test/auto/BooleanMultiplexor.xml (RunModel)" time="0.019" />
  <testcase classname="ptolemy.util.test.junit.AutoTests" name="[37] /home/travis/build/icyphy/ptII/ptolemy/actor/lib/test/auto/BooleanMultiplexor2.xml (RunModel)" time="0.03" />
  <testcase classname="ptolemy.util.test.junit.AutoTests" name="[38] /home/travis/build/icyphy/ptII/ptolemy/actor/lib/test/auto/BooleanMultiplexor3.xml (RunModel)" time="0.016" />
  <testcase classname="ptolemy.util.test.junit.AutoTests" name="[39] /home/travis/build/icyphy/ptII/ptolemy/actor/lib/test/auto/BooleanSelect.xml (RunModel)" time="0.019" />
  <testcase classname="ptolemy.util.test.junit.AutoTests" name="[40] /home/travis/build/icyphy/ptII/ptolemy/actor/lib/test/auto/BooleanSelect2.xml (RunModel)" time="0.016" />
  <testcase classname="ptolemy.util.test.junit.AutoTests" name="[41] /home/travis/build/icyphy/ptII/ptolemy/actor/lib/test/auto/BooleanSwitch.xml (RunModel)" time="0.025" />
  <testcase classname="ptolemy.util.test.junit.AutoTests" name="[42] /home/travis/build/icyphy/ptII/ptolemy/actor/lib/test/auto/BooleanSwitch2.xml (RunModel)" time="0.016" />
  <testcase classname="ptolemy.util.test.junit.AutoTests" name="[43] /home/travis/build/icyphy/ptII/ptolemy/actor/lib/test/auto/BooleanSwitchCloningBugWithClassRelationGroup.xml (RunModel)" time="0.025" />
  <testcase classname="ptolemy.util.test.junit.AutoTests" name="[44] /home/travis/build/icyphy/ptII/ptolemy/actor/lib/test/auto/BusActors.xml (RunModel)" time="0.03" />
  <testcase classname="ptolemy.util.test.junit.AutoTests" name="[45] /home/travis/build/icyphy/ptII/ptolemy/actor/lib/test/auto/ClassWrapper.xml (RunModel)" time="0.023" />
  <testcase classname="ptolemy.util.test.junit.AutoTests" name="[46] /home/travis/build/icyphy/ptII/ptolemy/actor/lib/test/auto/Clock.xml (RunModel)" time="0.016" />
  <testcase classname="ptolemy.util.test.junit.AutoTests" name="[47] /home/travis/build/icyphy/ptII/ptolemy/actor/lib/test/auto/Clock10.xml (RunModel)" time="0.017" />
  <testcase classname="ptolemy.util.test.junit.AutoTests" name="[48] /home/travis/build/icyphy/ptII/ptolemy/actor/lib/test/auto/Clock11.xml (RunModel)" time="0.013" />
  <testcase classname="ptolemy.util.test.junit.AutoTests" name="[49] /home/travis/build/icyphy/ptII/ptolemy/actor/lib/test/auto/Clock12.xml (RunModel)" time="0.016" />
  <testcase classname="ptolemy.util.test.junit.AutoTests" name="[50] /home/travis/build/icyphy/ptII/ptolemy/actor/lib/test/auto/Clock13.xml (RunModel)" time="0.013" />
  <testcase classname="ptolemy.util.test.junit.AutoTests" name="[51] /home/travis/build/icyphy/ptII/ptolemy/actor/lib/test/auto/Clock14.xml (RunModel)" time="0.015" />
  <testcase classname="ptolemy.util.test.junit.AutoTests" name="[52] /home/travis/build/icyphy/ptII/ptolemy/actor/lib/test/auto/Clock15.xml (RunModel)" time="0.016" />
  <testcase classname="ptolemy.util.test.junit.AutoTests" name="[53] /home/travis/build/icyphy/ptII/ptolemy/actor/lib/test/auto/Clock16.xml (RunModel)" time="0.106" />
  <testcase classname="ptolemy.util.test.junit.AutoTests" name="[54] /home/travis/build/icyphy/ptII/ptolemy/actor/lib/test/auto/Clock17.xml (RunModel)" time="0.063" />
  <testcase classname="ptolemy.util.test.junit.AutoTests" name="[55] /home/travis/build/icyphy/ptII/ptolemy/actor/lib/test/auto/Clock18.xml (RunModel)" time="0.045" />
  <testcase classname="ptolemy.util.test.junit.AutoTests" name="[56] /home/travis/build/icyphy/ptII/ptolemy/actor/lib/test/auto/Clock19.xml (RunModel)" time="0.038" />
  <testcase classname="ptolemy.util.test.junit.AutoTests" name="[57] /home/travis/build/icyphy/ptII/ptolemy/actor/lib/test/auto/Clock2.xml (RunModel)" time="0.014" />
  <testcase classname="ptolemy.util.test.junit.AutoTests" name="[58] /home/travis/build/icyphy/ptII/ptolemy/actor/lib/test/auto/Clock20.xml (RunModel)" time="0.018" />
  <testcase classname="ptolemy.util.test.junit.AutoTests" name="[59] /home/travis/build/icyphy/ptII/ptolemy/actor/lib/test/auto/Clock21.xml (RunModel)" time="0.014" />
  <testcase classname="ptolemy.util.test.junit.AutoTests" name="[60] /home/travis/build/icyphy/ptII/ptolemy/actor/lib/test/auto/Clock22.xml (RunModel)" time="0.009" />
  <testcase classname="ptolemy.util.test.junit.AutoTests" name="[61] /home/travis/build/icyphy/ptII/ptolemy/actor/lib/test/auto/Clock23.xml (RunModel)" time="0.013" />
  <testcase classname="ptolemy.util.test.junit.AutoTests" name="[62] /home/travis/build/icyphy/ptII/ptolemy/actor/lib/test/auto/Clock24.xml (RunModel)" time="0.011" />
  <testcase classname="ptolemy.util.test.junit.AutoTests" name="[63] /home/travis/build/icyphy/ptII/ptolemy/actor/lib/test/auto/Clock4.xml (RunModel)" time="0.013" />
  <testcase classname="ptolemy.util.test.junit.AutoTests" name="[64] /home/travis/build/icyphy/ptII/ptolemy/actor/lib/test/auto/Clock5.xml (RunModel)" time="0.01" />
  <testcase classname="ptolemy.util.test.junit.AutoTests" name="[65] /home/travis/build/icyphy/ptII/ptolemy/actor/lib/test/auto/Clock6.xml (RunModel)" time="0.012" />
  <testcase classname="ptolemy.util.test.junit.AutoTests" name="[66] /home/travis/build/icyphy/ptII/ptolemy/actor/lib/test/auto/Clock7.xml (RunModel)" time="0.008" />
  <testcase classname="ptolemy.util.test.junit.AutoTests" name="[67] /home/travis/build/icyphy/ptII/ptolemy/actor/lib/test/auto/Clock8.xml (RunModel)" time="0.011" />
  <testcase classname="ptolemy.util.test.junit.AutoTests" name="[68] /home/travis/build/icyphy/ptII/ptolemy/actor/lib/test/auto/Clock9.xml (RunModel)" time="0.013" />
  <testcase classname="ptolemy.util.test.junit.AutoTests" name="[69] /home/travis/build/icyphy/ptII/ptolemy/actor/lib/test/auto/CommDistDiscard.xml (RunModel)" time="0.024" />
  <testcase classname="ptolemy.util.test.junit.AutoTests" name="[70] /home/travis/build/icyphy/ptII/ptolemy/actor/lib/test/auto/Commutator.xml (RunModel)" time="0.014" />
  <testcase classname="ptolemy.util.test.junit.AutoTests" name="[71] /home/travis/build/icyphy/ptII/ptolemy/actor/lib/test/auto/Commutator2.xml (RunModel)" time="0.011" />
  <testcase classname="ptolemy.util.test.junit.AutoTests" name="[72] /home/travis/build/icyphy/ptII/ptolemy/actor/lib/test/auto/Commutator3.xml (RunModel)" time="0.012" />
  <testcase classname="ptolemy.util.test.junit.AutoTests" name="[73] /home/travis/build/icyphy/ptII/ptolemy/actor/lib/test/auto/Compare.xml (RunModel)" time="0.02" />
  <testcase classname="ptolemy.util.test.junit.AutoTests" name="[74] /home/travis/build/icyphy/ptII/ptolemy/actor/lib/test/auto/CompareDE.xml (RunModel)" time="0.019" />
  <testcase classname="ptolemy.util.test.junit.AutoTests" name="[75] /home/travis/build/icyphy/ptII/ptolemy/actor/lib/test/auto/ComplexDivide.xml (RunModel)" time="0.012" />
  <testcase classname="ptolemy.util.test.junit.AutoTests" name="[76] /home/travis/build/icyphy/ptII/ptolemy/actor/lib/test/auto/ComputeHistogram.xml (RunModel)" time="0.069" />
  <testcase classname="ptolemy.util.test.junit.AutoTests" name="[77] /home/travis/build/icyphy/ptII/ptolemy/actor/lib/test/auto/ConfigurationSelect.xml (RunModel)" time="0.024" />
  <testcase classname="ptolemy.util.test.junit.AutoTests" name="[78] /home/travis/build/icyphy/ptII/ptolemy/actor/lib/test/auto/ConfigurationSelect2.xml (RunModel)" time="0.016" />
  <testcase classname="ptolemy.util.test.junit.AutoTests" name="[79] /home/travis/build/icyphy/ptII/ptolemy/actor/lib/test/auto/ConfigurationSwitch.xml (RunModel)" time="0.024" />
  <testcase classname="ptolemy.util.test.junit.AutoTests" name="[80] /home/travis/build/icyphy/ptII/ptolemy/actor/lib/test/auto/ConfigurationSwitch2.xml (RunModel)" time="0.021" />
  <testcase classname="ptolemy.util.test.junit.AutoTests" name="[81] /home/travis/build/icyphy/ptII/ptolemy/actor/lib/test/auto/ConfigurationSwitchCloningBugWithClassRelationGroup.xml (RunModel)" time="0.017" />
  <testcase classname="ptolemy.util.test.junit.AutoTests" name="[82] /home/travis/build/icyphy/ptII/ptolemy/actor/lib/test/auto/ConfigurationSwitchSelectSDF.xml (RunModel)" time="0.013" />
  <testcase classname="ptolemy.util.test.junit.AutoTests" name="[83] /home/travis/build/icyphy/ptII/ptolemy/actor/lib/test/auto/ConfigurationSwitchSelectSDF2.xml (RunModel)" time="0.013" />
  <testcase classname="ptolemy.util.test.junit.AutoTests" name="[84] /home/travis/build/icyphy/ptII/ptolemy/actor/lib/test/auto/Const.xml (RunModel)" time="0.006" />
  <testcase classname="ptolemy.util.test.junit.AutoTests" name="[85] /home/travis/build/icyphy/ptII/ptolemy/actor/lib/test/auto/Const2.xml (RunModel)" time="0.008" />
  <testcase classname="ptolemy.util.test.junit.AutoTests" name="[86] /home/travis/build/icyphy/ptII/ptolemy/actor/lib/test/auto/Const3.xml (RunModel)" time="0.013" />
  <testcase classname="ptolemy.util.test.junit.AutoTests" name="[87] /home/travis/build/icyphy/ptII/ptolemy/actor/lib/test/auto/ConstantPublisherPort1.xml (RunModel)" time="0.022" />
  <testcase classname="ptolemy.util.test.junit.AutoTests" name="[88] /home/travis/build/icyphy/ptII/ptolemy/actor/lib/test/auto/ConstantPublisherPort2.xml (RunModel)" time="0.025" />
  <testcase classname="ptolemy.util.test.junit.AutoTests" name="[89] /home/travis/build/icyphy/ptII/ptolemy/actor/lib/test/auto/ConstantPublisherPort3.xml (RunModel)" time="0.02" />
  <testcase classname="ptolemy.util.test.junit.AutoTests" name="[90] /home/travis/build/icyphy/ptII/ptolemy/actor/lib/test/auto/ConstantPublisherPort4.xml (RunModel)" time="0.015" />
  <testcase classname="ptolemy.util.test.junit.AutoTests" name="[91] /home/travis/build/icyphy/ptII/ptolemy/actor/lib/test/auto/ConstantPublisherPort5.xml (RunModel)" time="0.051" />
  <testcase classname="ptolemy.util.test.junit.AutoTests" name="[92] /home/travis/build/icyphy/ptII/ptolemy/actor/lib/test/auto/ConstantPublisherPort6.xml (RunModel)" time="0.036" />
  <testcase classname="ptolemy.util.test.junit.AutoTests" name="[93] /home/travis/build/icyphy/ptII/ptolemy/actor/lib/test/auto/ConstantPublisherPort7.xml (RunModel)" time="0.058" />
  <testcase classname="ptolemy.util.test.junit.AutoTests" name="[94] /home/travis/build/icyphy/ptII/ptolemy/actor/lib/test/auto/ConstraintMonitor1.xml (RunModel)" time="0.042" />
  <testcase classname="ptolemy.util.test.junit.AutoTests" name="[95] /home/travis/build/icyphy/ptII/ptolemy/actor/lib/test/auto/ConstraintMonitor2.xml (RunModel)" time="0.013" />
  <testcase classname="ptolemy.util.test.junit.AutoTests" name="[96] /home/travis/build/icyphy/ptII/ptolemy/actor/lib/test/auto/ConstraintMonitor3.xml (RunModel)" time="0.017" />
  <testcase classname="ptolemy.util.test.junit.AutoTests" name="[97] /home/travis/build/icyphy/ptII/ptolemy/actor/lib/test/auto/ConstraintMonitor4.xml (RunModel)" time="0.015" />
  <testcase classname="ptolemy.util.test.junit.AutoTests" name="[98] /home/travis/build/icyphy/ptII/ptolemy/actor/lib/test/auto/ConstraintMonitor5.xml (RunModel)" time="0.014" />
  <testcase classname="ptolemy.util.test.junit.AutoTests" name="[99] /home/travis/build/icyphy/ptII/ptolemy/actor/lib/test/auto/ConstraintMonitor6.xml (RunModel)" time="0.019" />
  <testcase classname="ptolemy.util.test.junit.AutoTests" name="[100] /home/travis/build/icyphy/ptII/ptolemy/actor/lib/test/auto/ConstraintMonitor7.xml (RunModel)" time="0.015" />
  <testcase classname="ptolemy.util.test.junit.AutoTests" name="[101] /home/travis/build/icyphy/ptII/ptolemy/actor/lib/test/auto/ConstraintMonitor8.xml (RunModel)" time="0.018" />
  <testcase classname="ptolemy.util.test.junit.AutoTests" name="[102] /home/travis/build/icyphy/ptII/ptolemy/actor/lib/test/auto/Counter.xml (RunModel)" time="0.015" />
  <testcase classname="ptolemy.util.test.junit.AutoTests" name="[103] /home/travis/build/icyphy/ptII/ptolemy/actor/lib/test/auto/CurrentTimeSDF.xml (RunModel)" time="0.01" />
  <testcase classname="ptolemy.util.test.junit.AutoTests" name="[104] /home/travis/build/icyphy/ptII/ptolemy/actor/lib/test/auto/DB.xml (RunModel)" time="0.013" />
  <testcase classname="ptolemy.util.test.junit.AutoTests" name="[105] /home/travis/build/icyphy/ptII/ptolemy/actor/lib/test/auto/DBDE.xml (RunModel)" time="0.013" />
  <testcase classname="ptolemy.util.test.junit.AutoTests" name="[106] /home/travis/build/icyphy/ptII/ptolemy/actor/lib/test/auto/DateConstructor.xml (RunModel)" time="0.077" />
  <testcase classname="ptolemy.util.test.junit.AutoTests" name="[107] /home/travis/build/icyphy/ptII/ptolemy/actor/lib/test/auto/DelayTime.xml (RunModel)" time="0.015" />
  <testcase classname="ptolemy.util.test.junit.AutoTests" name="[108] /home/travis/build/icyphy/ptII/ptolemy/actor/lib/test/auto/Dictionary1.xml (RunModel)" time="0.017" />
  <testcase classname="ptolemy.util.test.junit.AutoTests" name="[109] /home/travis/build/icyphy/ptII/ptolemy/actor/lib/test/auto/Dictionary2.xml (RunModel)" time="0.011" />
  <testcase classname="ptolemy.util.test.junit.AutoTests" name="[110] /home/travis/build/icyphy/ptII/ptolemy/actor/lib/test/auto/Dictionary3.xml (RunModel)" time="0.01" />
  <testcase classname="ptolemy.util.test.junit.AutoTests" name="[111] /home/travis/build/icyphy/ptII/ptolemy/actor/lib/test/auto/Dictionary4.xml (RunModel)" time="0.015" />
  <testcase classname="ptolemy.util.test.junit.AutoTests" name="[112] /home/travis/build/icyphy/ptII/ptolemy/actor/lib/test/auto/Differential.xml (RunModel)" time="0.009" />
  <testcase classname="ptolemy.util.test.junit.AutoTests" name="[113] /home/travis/build/icyphy/ptII/ptolemy/actor/lib/test/auto/Director.xml (RunModel)" time="0.008" />
  <testcase classname="ptolemy.util.test.junit.AutoTests" name="[114] /home/travis/build/icyphy/ptII/ptolemy/actor/lib/test/auto/DiscreteClock.xml (RunModel)" time="0.007" />
  <testcase classname="ptolemy.util.test.junit.AutoTests" name="[115] /home/travis/build/icyphy/ptII/ptolemy/actor/lib/test/auto/DiscreteClock10.xml (RunModel)" time="0.01" />
  <testcase classname="ptolemy.util.test.junit.AutoTests" name="[116] /home/travis/build/icyphy/ptII/ptolemy/actor/lib/test/auto/DiscreteClock11.xml (RunModel)" time="0.01" />
  <testcase classname="ptolemy.util.test.junit.AutoTests" name="[117] /home/travis/build/icyphy/ptII/ptolemy/actor/lib/test/auto/DiscreteClock12.xml (RunModel)" time="0.009" />
  <testcase classname="ptolemy.util.test.junit.AutoTests" name="[118] /home/travis/build/icyphy/ptII/ptolemy/actor/lib/test/auto/DiscreteClock13.xml (RunModel)" time="0.012" />
  <testcase classname="ptolemy.util.test.junit.AutoTests" name="[119] /home/travis/build/icyphy/ptII/ptolemy/actor/lib/test/auto/DiscreteClock14.xml (RunModel)" time="0.012" />
  <testcase classname="ptolemy.util.test.junit.AutoTests" name="[120] /home/travis/build/icyphy/ptII/ptolemy/actor/lib/test/auto/DiscreteClock15.xml (RunModel)" time="0.012" />
  <testcase classname="ptolemy.util.test.junit.AutoTests" name="[121] /home/travis/build/icyphy/ptII/ptolemy/actor/lib/test/auto/DiscreteClock16.xml (RunModel)" time="0.033" />
  <testcase classname="ptolemy.util.test.junit.AutoTests" name="[122] /home/travis/build/icyphy/ptII/ptolemy/actor/lib/test/auto/DiscreteClock17.xml (RunModel)" time="0.044" />
  <testcase classname="ptolemy.util.test.junit.AutoTests" name="[123] /home/travis/build/icyphy/ptII/ptolemy/actor/lib/test/auto/DiscreteClock18.xml (RunModel)" time="0.039" />
  <testcase classname="ptolemy.util.test.junit.AutoTests" name="[124] /home/travis/build/icyphy/ptII/ptolemy/actor/lib/test/auto/DiscreteClock19.xml (RunModel)" time="0.047" />
  <testcase classname="ptolemy.util.test.junit.AutoTests" name="[125] /home/travis/build/icyphy/ptII/ptolemy/actor/lib/test/auto/DiscreteClock2.xml (RunModel)" time="0.009" />
  <testcase classname="ptolemy.util.test.junit.AutoTests" name="[126] /home/travis/build/icyphy/ptII/ptolemy/actor/lib/test/auto/DiscreteClock20.xml (RunModel)" time="0.018" />
  <testcase classname="ptolemy.util.test.junit.AutoTests" name="[127] /home/travis/build/icyphy/ptII/ptolemy/actor/lib/test/auto/DiscreteClock21.xml (RunModel)" time="0.018" />
  <testcase classname="ptolemy.util.test.junit.AutoTests" name="[128] /home/travis/build/icyphy/ptII/ptolemy/actor/lib/test/auto/DiscreteClock22.xml (RunModel)" time="0.013" />
  <testcase classname="ptolemy.util.test.junit.AutoTests" name="[129] /home/travis/build/icyphy/ptII/ptolemy/actor/lib/test/auto/DiscreteClock23.xml (RunModel)" time="0.018" />
  <testcase classname="ptolemy.util.test.junit.AutoTests" name="[130] /home/travis/build/icyphy/ptII/ptolemy/actor/lib/test/auto/DiscreteClock24.xml (RunModel)" time="0.011" />
  <testcase classname="ptolemy.util.test.junit.AutoTests" name="[131] /home/travis/build/icyphy/ptII/ptolemy/actor/lib/test/auto/DiscreteClock4.xml (RunModel)" time="0.013" />
  <testcase classname="ptolemy.util.test.junit.AutoTests" name="[132] /home/travis/build/icyphy/ptII/ptolemy/actor/lib/test/auto/DiscreteClock5.xml (RunModel)" time="0.01" />
  <testcase classname="ptolemy.util.test.junit.AutoTests" name="[133] /home/travis/build/icyphy/ptII/ptolemy/actor/lib/test/auto/DiscreteClock6.xml (RunModel)" time="0.01" />
  <testcase classname="ptolemy.util.test.junit.AutoTests" name="[134] /home/travis/build/icyphy/ptII/ptolemy/actor/lib/test/auto/DiscreteClock7.xml (RunModel)" time="0.009" />
  <testcase classname="ptolemy.util.test.junit.AutoTests" name="[135] /home/travis/build/icyphy/ptII/ptolemy/actor/lib/test/auto/DiscreteClock8.xml (RunModel)" time="0.023" />
  <testcase classname="ptolemy.util.test.junit.AutoTests" name="[136] /home/travis/build/icyphy/ptII/ptolemy/actor/lib/test/auto/DiscreteClock9.xml (RunModel)" time="0.011" />
  <testcase classname="ptolemy.util.test.junit.AutoTests" name="[137] /home/travis/build/icyphy/ptII/ptolemy/actor/lib/test/auto/DisplayArray.xml (RunModel)" time="0.008" />
  <testcase classname="ptolemy.util.test.junit.AutoTests" name="[138] /home/travis/build/icyphy/ptII/ptolemy/actor/lib/test/auto/Distributor.xml (RunModel)" time="0.008" />
  <testcase classname="ptolemy.util.test.junit.AutoTests" name="[139] /home/travis/build/icyphy/ptII/ptolemy/actor/lib/test/auto/Distributor2.xml (RunModel)" time="0.012" />
  <testcase classname="ptolemy.util.test.junit.AutoTests" name="[140] /home/travis/build/icyphy/ptII/ptolemy/actor/lib/test/auto/DownSample.xml (RunModel)" time="0.009" />
  <testcase classname="ptolemy.util.test.junit.AutoTests" name="[141] /home/travis/build/icyphy/ptII/ptolemy/actor/lib/test/auto/ElectronicUnitBase1.xml (RunModel)" time="0.052" />
  <testcase classname="ptolemy.util.test.junit.AutoTests" name="[142] /home/travis/build/icyphy/ptII/ptolemy/actor/lib/test/auto/ElementsToArray.xml (RunModel)" time="0.009" />
  <testcase classname="ptolemy.util.test.junit.AutoTests" name="[143] /home/travis/build/icyphy/ptII/ptolemy/actor/lib/test/auto/Equals.xml (RunModel)" time="0.014" />
  <testcase classname="ptolemy.util.test.junit.AutoTests" name="[144] /home/travis/build/icyphy/ptII/ptolemy/actor/lib/test/auto/Exec.xml (RunModel)" time="0.031" />
  <testcase classname="ptolemy.util.test.junit.AutoTests" name="[145] /home/travis/build/icyphy/ptII/ptolemy/actor/lib/test/auto/ExecEnvironment.xml (RunModel)" time="0.034" />
  <testcase classname="ptolemy.util.test.junit.AutoTests" name="[146] /home/travis/build/icyphy/ptII/ptolemy/actor/lib/test/auto/ExecNonZeroReturnOutput.xml (RunModel)" time="0.199" />
  <testcase classname="ptolemy.util.test.junit.AutoTests" name="[147] /home/travis/build/icyphy/ptII/ptolemy/actor/lib/test/auto/ExecRunDemos.xml (RunModel)" time="9.932" />
  <testcase classname="ptolemy.util.test.junit.AutoTests" name="[148] /home/travis/build/icyphy/ptII/ptolemy/actor/lib/test/auto/ExecStop.xml (RunModel)" time="5.03" />
  <testcase classname="ptolemy.util.test.junit.AutoTests" name="[149] /home/travis/build/icyphy/ptII/ptolemy/actor/lib/test/auto/ExecutionTimeSDF.xml (RunModel)" time="6.032" />
  <testcase classname="ptolemy.util.test.junit.AutoTests" name="[150] /home/travis/build/icyphy/ptII/ptolemy/actor/lib/test/auto/Expression1.xml (RunModel)" time="0.014" />
  <testcase classname="ptolemy.util.test.junit.AutoTests" name="[151] /home/travis/build/icyphy/ptII/ptolemy/actor/lib/test/auto/Expression10.xml (RunModel)" time="0.016" />
  <testcase classname="ptolemy.util.test.junit.AutoTests" name="[152] /home/travis/build/icyphy/ptII/ptolemy/actor/lib/test/auto/Expression11.xml (RunModel)" time="0.011" />
  <testcase classname="ptolemy.util.test.junit.AutoTests" name="[153] /home/travis/build/icyphy/ptII/ptolemy/actor/lib/test/auto/Expression12.xml (RunModel)" time="0.012" />
  <testcase classname="ptolemy.util.test.junit.AutoTests" name="[154] /home/travis/build/icyphy/ptII/ptolemy/actor/lib/test/auto/Expression13.xml (RunModel)" time="0.024" />
  <testcase classname="ptolemy.util.test.junit.AutoTests" name="[155] /home/travis/build/icyphy/ptII/ptolemy/actor/lib/test/auto/Expression14.xml (RunModel)" time="0.022" />
  <testcase classname="ptolemy.util.test.junit.AutoTests" name="[156] /home/travis/build/icyphy/ptII/ptolemy/actor/lib/test/auto/Expression15.xml (RunModel)" time="0.006" />
  <testcase classname="ptolemy.util.test.junit.AutoTests" name="[157] /home/travis/build/icyphy/ptII/ptolemy/actor/lib/test/auto/Expression16.xml (RunModel)" time="0.009" />
  <testcase classname="ptolemy.util.test.junit.AutoTests" name="[158] /home/travis/build/icyphy/ptII/ptolemy/actor/lib/test/auto/Expression17.xml (RunModel)" time="0.008" />
  <testcase classname="ptolemy.util.test.junit.AutoTests" name="[159] /home/travis/build/icyphy/ptII/ptolemy/actor/lib/test/auto/Expression18.xml (RunModel)" time="0.029" />
  <testcase classname="ptolemy.util.test.junit.AutoTests" name="[160] /home/travis/build/icyphy/ptII/ptolemy/actor/lib/test/auto/Expression2.xml (RunModel)" time="0.013" />
  <testcase classname="ptolemy.util.test.junit.AutoTests" name="[161] /home/travis/build/icyphy/ptII/ptolemy/actor/lib/test/auto/Expression3.xml (RunModel)" time="0.013" />
  <testcase classname="ptolemy.util.test.junit.AutoTests" name="[162] /home/travis/build/icyphy/ptII/ptolemy/actor/lib/test/auto/Expression4.xml (RunModel)" time="0.017" />
  <testcase classname="ptolemy.util.test.junit.AutoTests" name="[163] /home/travis/build/icyphy/ptII/ptolemy/actor/lib/test/auto/Expression5.xml (RunModel)" time="0.01" />
  <testcase classname="ptolemy.util.test.junit.AutoTests" name="[164] /home/travis/build/icyphy/ptII/ptolemy/actor/lib/test/auto/Expression6.xml (RunModel)" time="0.008" />
  <testcase classname="ptolemy.util.test.junit.AutoTests" name="[165] /home/travis/build/icyphy/ptII/ptolemy/actor/lib/test/auto/Expression7.xml (RunModel)" time="0.011" />
  <testcase classname="ptolemy.util.test.junit.AutoTests" name="[166] /home/travis/build/icyphy/ptII/ptolemy/actor/lib/test/auto/Expression8.xml (RunModel)" time="0.013" />
  <testcase classname="ptolemy.util.test.junit.AutoTests" name="[167] /home/travis/build/icyphy/ptII/ptolemy/actor/lib/test/auto/Expression9.xml (RunModel)" time="0.007" />
  <testcase classname="ptolemy.util.test.junit.AutoTests" name="[168] /home/travis/build/icyphy/ptII/ptolemy/actor/lib/test/auto/ExpressionConcatenateArrayType.xml (RunModel)" time="0.03" />
  <testcase classname="ptolemy.util.test.junit.AutoTests" name="[169] /home/travis/build/icyphy/ptII/ptolemy/actor/lib/test/auto/ExpressionConcatenateArrayType2.xml (RunModel)" time="0.02" />
  <testcase classname="ptolemy.util.test.junit.AutoTests" name="[170] /home/travis/build/icyphy/ptII/ptolemy/actor/lib/test/auto/ExpressionFix.xml (RunModel)" time="0.043" />
  <testcase classname="ptolemy.util.test.junit.AutoTests" name="[171] /home/travis/build/icyphy/ptII/ptolemy/actor/lib/test/auto/ExpressionFix2.xml (RunModel)" time="0.014" />
  <testcase classname="ptolemy.util.test.junit.AutoTests" name="[172] /home/travis/build/icyphy/ptII/ptolemy/actor/lib/test/auto/ExpressionFix3.xml (RunModel)" time="0.011" />
  <testcase classname="ptolemy.util.test.junit.AutoTests" name="[173] /home/travis/build/icyphy/ptII/ptolemy/actor/lib/test/auto/FileWriter1.xml (RunModel)" time="0.008" />
  <testcase classname="ptolemy.util.test.junit.AutoTests" name="[174] /home/travis/build/icyphy/ptII/ptolemy/actor/lib/test/auto/FileWriter2.xml (RunModel)" time="0.013" />
  <testcase classname="ptolemy.util.test.junit.AutoTests" name="[175] /home/travis/build/icyphy/ptII/ptolemy/actor/lib/test/auto/FileWriter3.xml (RunModel)" time="0.01" />
  <testcase classname="ptolemy.util.test.junit.AutoTests" name="[176] /home/travis/build/icyphy/ptII/ptolemy/actor/lib/test/auto/Gaussian.xml (RunModel)" time="0.012" />
  <testcase classname="ptolemy.util.test.junit.AutoTests" name="[177] /home/travis/build/icyphy/ptII/ptolemy/actor/lib/test/auto/Gaussian1.xml (RunModel)" time="0.013" />
  <testcase classname="ptolemy.util.test.junit.AutoTests" name="[178] /home/travis/build/icyphy/ptII/ptolemy/actor/lib/test/auto/Gaussian2.xml (RunModel)" time="0.023" />
  <testcase classname="ptolemy.util.test.junit.AutoTests" name="[179] /home/travis/build/icyphy/ptII/ptolemy/actor/lib/test/auto/GradientAdaptiveLattice.xml (RunModel)" time="0.016" />
  <testcase classname="ptolemy.util.test.junit.AutoTests" name="[180] /home/travis/build/icyphy/ptII/ptolemy/actor/lib/test/auto/IIR.xml (RunModel)" time="0.011" />
  <testcase classname="ptolemy.util.test.junit.AutoTests" name="[181] /home/travis/build/icyphy/ptII/ptolemy/actor/lib/test/auto/InputOutputTransparentPorts.xml (RunModel)" time="0.018" />
  <testcase classname="ptolemy.util.test.junit.AutoTests" name="[182] /home/travis/build/icyphy/ptII/ptolemy/actor/lib/test/auto/Interpolator.xml (RunModel)" time="0.01" />
  <testcase classname="ptolemy.util.test.junit.AutoTests" name="[183] /home/travis/build/icyphy/ptII/ptolemy/actor/lib/test/auto/InterpolatorFiringLimitDE.xml (RunModel)" time="0.011" />
  <testcase classname="ptolemy.util.test.junit.AutoTests" name="[184] /home/travis/build/icyphy/ptII/ptolemy/actor/lib/test/auto/Lattice.xml (RunModel)" time="0.01" />
  <testcase classname="ptolemy.util.test.junit.AutoTests" name="[185] /home/travis/build/icyphy/ptII/ptolemy/actor/lib/test/auto/LazyAOCTestLazy.xml (RunModel)" time="0.031" />
  <testcase classname="ptolemy.util.test.junit.AutoTests" name="[186] /home/travis/build/icyphy/ptII/ptolemy/actor/lib/test/auto/LazyAOCTestNonLazy.xml (RunModel)" time="0.043" />
  <testcase classname="ptolemy.util.test.junit.AutoTests" name="[187] /home/travis/build/icyphy/ptII/ptolemy/actor/lib/test/auto/LazyInnerClass.xml (RunModel)" time="0.031" />
  <testcase classname="ptolemy.util.test.junit.AutoTests" name="[188] /home/travis/build/icyphy/ptII/ptolemy/actor/lib/test/auto/LazyPubSub.xml (RunModel)" time="0.055" />
  <testcase classname="ptolemy.util.test.junit.AutoTests" name="[189] /home/travis/build/icyphy/ptII/ptolemy/actor/lib/test/auto/LazyPubSub2.xml (RunModel)" time="0.043" />
  <testcase classname="ptolemy.util.test.junit.AutoTests" name="[190] /home/travis/build/icyphy/ptII/ptolemy/actor/lib/test/auto/LazyPubSub3.xml (RunModel)" time="0.024" />
  <testcase classname="ptolemy.util.test.junit.AutoTests" name="[191] /home/travis/build/icyphy/ptII/ptolemy/actor/lib/test/auto/LazySubClassModel.xml (RunModel)" time="0.018" />
  <testcase classname="ptolemy.util.test.junit.AutoTests" name="[192] /home/travis/build/icyphy/ptII/ptolemy/actor/lib/test/auto/LevelCrossTest1.xml (RunModel)" time="0.008" />
  <testcase classname="ptolemy.util.test.junit.AutoTests" name="[193] /home/travis/build/icyphy/ptII/ptolemy/actor/lib/test/auto/LevelCrossTest10.xml (RunModel)" time="0.012" />
  <testcase classname="ptolemy.util.test.junit.AutoTests" name="[194] /home/travis/build/icyphy/ptII/ptolemy/actor/lib/test/auto/LevelCrossTest11.xml (RunModel)" time="0.01" />
  <testcase classname="ptolemy.util.test.junit.AutoTests" name="[195] /home/travis/build/icyphy/ptII/ptolemy/actor/lib/test/auto/LevelCrossTest12.xml (RunModel)" time="0.014" />
  <testcase classname="ptolemy.util.test.junit.AutoTests" name="[196] /home/travis/build/icyphy/ptII/ptolemy/actor/lib/test/auto/LevelCrossTest13.xml (RunModel)" time="0.015" />
  <testcase classname="ptolemy.util.test.junit.AutoTests" name="[197] /home/travis/build/icyphy/ptII/ptolemy/actor/lib/test/auto/LevelCrossTest2.xml (RunModel)" time="0.01" />
  <testcase classname="ptolemy.util.test.junit.AutoTests" name="[198] /home/travis/build/icyphy/ptII/ptolemy/actor/lib/test/auto/LevelCrossTest3.xml (RunModel)" time="0.012" />
  <testcase classname="ptolemy.util.test.junit.AutoTests" name="[199] /home/travis/build/icyphy/ptII/ptolemy/actor/lib/test/auto/LevelCrossTest4.xml (RunModel)" time="0.012" />
  <testcase classname="ptolemy.util.test.junit.AutoTests" name="[200] /home/travis/build/icyphy/ptII/ptolemy/actor/lib/test/auto/LevelCrossTest5.xml (RunModel)" time="0.013" />
  <testcase classname="ptolemy.util.test.junit.AutoTests" name="[201] /home/travis/build/icyphy/ptII/ptolemy/actor/lib/test/auto/LevelCrossTest6.xml (RunModel)" time="0.012" />
  <testcase classname="ptolemy.util.test.junit.AutoTests" name="[202] /home/travis/build/icyphy/ptII/ptolemy/actor/lib/test/auto/LevelCrossTest7.xml (RunModel)" time="0.02" />
  <testcase classname="ptolemy.util.test.junit.AutoTests" name="[203] /home/travis/build/icyphy/ptII/ptolemy/actor/lib/test/auto/LevelCrossTest8.xml (RunModel)" time="0.013" />
  <testcase classname="ptolemy.util.test.junit.AutoTests" name="[204] /home/travis/build/icyphy/ptII/ptolemy/actor/lib/test/auto/LevelCrossTest9.xml (RunModel)" time="0.018" />
  <testcase classname="ptolemy.util.test.junit.AutoTests" name="[205] /home/travis/build/icyphy/ptII/ptolemy/actor/lib/test/auto/LevinsonDurbin.xml (RunModel)" time="0.009" />
  <testcase classname="ptolemy.util.test.junit.AutoTests" name="[206] /home/travis/build/icyphy/ptII/ptolemy/actor/lib/test/auto/LevinsonDurbin2.xml (RunModel)" time="0.015" />
  <testcase classname="ptolemy.util.test.junit.AutoTests" name="[207] /home/travis/build/icyphy/ptII/ptolemy/actor/lib/test/auto/LevinsonDurbin3.xml (RunModel)" time="0.013" />
  <testcase classname="ptolemy.util.test.junit.AutoTests" name="[208] /home/travis/build/icyphy/ptII/ptolemy/actor/lib/test/auto/Limiter.xml (RunModel)" time="0.041" />
  <testcase classname="ptolemy.util.test.junit.AutoTests" name="[209] /home/travis/build/icyphy/ptII/ptolemy/actor/lib/test/auto/LinearDifferenceEquationSystem.xml (RunModel)" time="0.032" />
  <testcase classname="ptolemy.util.test.junit.AutoTests" name="[210] /home/travis/build/icyphy/ptII/ptolemy/actor/lib/test/auto/LookupTable.xml (RunModel)" time="0.011" />
  <testcase classname="ptolemy.util.test.junit.AutoTests" name="[211] /home/travis/build/icyphy/ptII/ptolemy/actor/lib/test/auto/MathFunction.xml (RunModel)" time="0.022" />
  <testcase classname="ptolemy.util.test.junit.AutoTests" name="[212] /home/travis/build/icyphy/ptII/ptolemy/actor/lib/test/auto/MathFunction2.xml (RunModel)" time="0.01" />
  <testcase classname="ptolemy.util.test.junit.AutoTests" name="[213] /home/travis/build/icyphy/ptII/ptolemy/actor/lib/test/auto/MathFunction3.xml (RunModel)" time="0.017" />
  <testcase classname="ptolemy.util.test.junit.AutoTests" name="[214] /home/travis/build/icyphy/ptII/ptolemy/actor/lib/test/auto/MatrixCropBoolean.xml (RunModel)" time="0.026" />
  <testcase classname="ptolemy.util.test.junit.AutoTests" name="[215] /home/travis/build/icyphy/ptII/ptolemy/actor/lib/test/auto/MatrixCropComplex.xml (RunModel)" time="0.014" />
  <testcase classname="ptolemy.util.test.junit.AutoTests" name="[216] /home/travis/build/icyphy/ptII/ptolemy/actor/lib/test/auto/MatrixCropDouble.xml (RunModel)" time="0.009" />
  <testcase classname="ptolemy.util.test.junit.AutoTests" name="[217] /home/travis/build/icyphy/ptII/ptolemy/actor/lib/test/auto/MatrixCropFix.xml (RunModel)" time="0.012" />
  <testcase classname="ptolemy.util.test.junit.AutoTests" name="[218] /home/travis/build/icyphy/ptII/ptolemy/actor/lib/test/auto/MatrixCropInt.xml (RunModel)" time="0.01" />
  <testcase classname="ptolemy.util.test.junit.AutoTests" name="[219] /home/travis/build/icyphy/ptII/ptolemy/actor/lib/test/auto/MatrixCropLong.xml (RunModel)" time="0.01" />
  <testcase classname="ptolemy.util.test.junit.AutoTests" name="[220] /home/travis/build/icyphy/ptII/ptolemy/actor/lib/test/auto/MatrixToArray.xml (RunModel)" time="0.055" />
  <testcase classname="ptolemy.util.test.junit.AutoTests" name="[221] /home/travis/build/icyphy/ptII/ptolemy/actor/lib/test/auto/MaxIndex.xml (RunModel)" time="0.014" />
  <testcase classname="ptolemy.util.test.junit.AutoTests" name="[222] /home/travis/build/icyphy/ptII/ptolemy/actor/lib/test/auto/Maximum.xml (RunModel)" time="0.014" />
  <testcase classname="ptolemy.util.test.junit.AutoTests" name="[223] /home/travis/build/icyphy/ptII/ptolemy/actor/lib/test/auto/MaximumComplex.xml (RunModel)" time="0.015" />
  <testcase classname="ptolemy.util.test.junit.AutoTests" name="[224] /home/travis/build/icyphy/ptII/ptolemy/actor/lib/test/auto/MethodCallTest.xml (RunModel)" time="0.022" />
  <testcase classname="ptolemy.util.test.junit.AutoTests" name="[225] /home/travis/build/icyphy/ptII/ptolemy/actor/lib/test/auto/Minimum.xml (RunModel)" time="0.015" />
  <testcase classname="ptolemy.util.test.junit.AutoTests" name="[226] /home/travis/build/icyphy/ptII/ptolemy/actor/lib/test/auto/MinimumComplex.xml (RunModel)" time="0.026" />
  <testcase classname="ptolemy.util.test.junit.AutoTests" name="[227] /home/travis/build/icyphy/ptII/ptolemy/actor/lib/test/auto/MinimumMultiports.xml (RunModel)" time="0.023" />
  <testcase classname="ptolemy.util.test.junit.AutoTests" name="[228] /home/travis/build/icyphy/ptII/ptolemy/actor/lib/test/auto/ModifyDate.xml (RunModel)" time="0.048" />
  <testcase classname="ptolemy.util.test.junit.AutoTests" name="[229] /home/travis/build/icyphy/ptII/ptolemy/actor/lib/test/auto/ModifyDate2.xml (RunModel)" time="0.036" />
  <testcase classname="ptolemy.util.test.junit.AutoTests" name="[230] /home/travis/build/icyphy/ptII/ptolemy/actor/lib/test/auto/MovingAverage.xml (RunModel)" time="0.019" />
  <testcase classname="ptolemy.util.test.junit.AutoTests" name="[231] /home/travis/build/icyphy/ptII/ptolemy/actor/lib/test/auto/MovingMaximum.xml (RunModel)" time="0.012" />
  <testcase classname="ptolemy.util.test.junit.AutoTests" name="[232] /home/travis/build/icyphy/ptII/ptolemy/actor/lib/test/auto/MultipleLinksToSameRelation.xml (RunModel)" time="0.008" />
  <testcase classname="ptolemy.util.test.junit.AutoTests" name="[233] /home/travis/build/icyphy/ptII/ptolemy/actor/lib/test/auto/MultipleLinksToSameRelationDE.xml (RunModel)" time="0.007" />
  <testcase classname="ptolemy.util.test.junit.AutoTests" name="[234] /home/travis/build/icyphy/ptII/ptolemy/actor/lib/test/auto/Multiplexor.xml (RunModel)" time="0.009" />
  <testcase classname="ptolemy.util.test.junit.AutoTests" name="[235] /home/travis/build/icyphy/ptII/ptolemy/actor/lib/test/auto/Multiplexor1.xml (RunModel)" time="0.01" />
  <testcase classname="ptolemy.util.test.junit.AutoTests" name="[236] /home/travis/build/icyphy/ptII/ptolemy/actor/lib/test/auto/Multiplexor2.xml (RunModel)" time="0.011" />
  <testcase classname="ptolemy.util.test.junit.AutoTests" name="[237] /home/travis/build/icyphy/ptII/ptolemy/actor/lib/test/auto/Multiplexor3.xml (RunModel)" time="0.008" />
  <testcase classname="ptolemy.util.test.junit.AutoTests" name="[238] /home/travis/build/icyphy/ptII/ptolemy/actor/lib/test/auto/MultiplexorDE.xml (RunModel)" time="0.017" />
  <testcase classname="ptolemy.util.test.junit.AutoTests" name="[239] /home/travis/build/icyphy/ptII/ptolemy/actor/lib/test/auto/MultiportBroadcastTest.xml (RunModel)" time="0.089" />
  <testcase classname="ptolemy.util.test.junit.AutoTests" name="[240] /home/travis/build/icyphy/ptII/ptolemy/actor/lib/test/auto/MultiportOutHangDuringGetWidth.xml (RunModel)" time="0.03" />
  <testcase classname="ptolemy.util.test.junit.AutoTests" name="[241] /home/travis/build/icyphy/ptII/ptolemy/actor/lib/test/auto/NilToken.xml (RunModel)" time="0.021" />
  <testcase classname="ptolemy.util.test.junit.AutoTests" name="[242] /home/travis/build/icyphy/ptII/ptolemy/actor/lib/test/auto/NilTokenNonStrictTest.xml (RunModel)" time="0.01" />
  <testcase classname="ptolemy.util.test.junit.AutoTests" name="[243] /home/travis/build/icyphy/ptII/ptolemy/actor/lib/test/auto/NilTokenRecord.xml (RunModel)" time="0.02" />
  <testcase classname="ptolemy.util.test.junit.AutoTests" name="[244] /home/travis/build/icyphy/ptII/ptolemy/actor/lib/test/auto/NilTokenTypeTest.xml (RunModel)" time="0.03" />
  <testcase classname="ptolemy.util.test.junit.AutoTests" name="[245] /home/travis/build/icyphy/ptII/ptolemy/actor/lib/test/auto/ObjectToken1.xml (RunModel)" time="0.007" />
  <testcase classname="ptolemy.util.test.junit.AutoTests" name="[246] /home/travis/build/icyphy/ptII/ptolemy/actor/lib/test/auto/OrderedMerge.xml (RunModel)" time="0.02" />
  <testcase classname="ptolemy.util.test.junit.AutoTests" name="[247] /home/travis/build/icyphy/ptII/ptolemy/actor/lib/test/auto/OrderedRecordDisassembler.xml (RunModel)" time="0.017" />
  <testcase classname="ptolemy.util.test.junit.AutoTests" name="[248] /home/travis/build/icyphy/ptII/ptolemy/actor/lib/test/auto/OrderedRecordDisassembler2.xml (RunModel)" time="0.016" />
  <testcase classname="ptolemy.util.test.junit.AutoTests" name="[249] /home/travis/build/icyphy/ptII/ptolemy/actor/lib/test/auto/OrderedRecordUpdater.xml (RunModel)" time="0.009" />
  <testcase classname="ptolemy.util.test.junit.AutoTests" name="[250] /home/travis/build/icyphy/ptII/ptolemy/actor/lib/test/auto/OrderedRecordUpdater2.xml (RunModel)" time="0.016" />
  <testcase classname="ptolemy.util.test.junit.AutoTests" name="[251] /home/travis/build/icyphy/ptII/ptolemy/actor/lib/test/auto/PhaseUnwrap.xml (RunModel)" time="0.011" />
  <testcase classname="ptolemy.util.test.junit.AutoTests" name="[252] /home/travis/build/icyphy/ptII/ptolemy/actor/lib/test/auto/PoissonClock.xml (RunModel)" time="0.009" />
  <testcase classname="ptolemy.util.test.junit.AutoTests" name="[253] /home/travis/build/icyphy/ptII/ptolemy/actor/lib/test/auto/PoissonClock2.xml (RunModel)" time="0.006" />
  <testcase classname="ptolemy.util.test.junit.AutoTests" name="[254] /home/travis/build/icyphy/ptII/ptolemy/actor/lib/test/auto/PoissonClock3.xml (RunModel)" time="0.021" />
  <testcase classname="ptolemy.util.test.junit.AutoTests" name="[255] /home/travis/build/icyphy/ptII/ptolemy/actor/lib/test/auto/PubSubWithInitialTokens.xml (RunModel)" time="0.013" />
  <testcase classname="ptolemy.util.test.junit.AutoTests" name="[256] /home/travis/build/icyphy/ptII/ptolemy/actor/lib/test/auto/PubSubWithInitialTokens2.xml (RunModel)" time="0.009" />
  <testcase classname="ptolemy.util.test.junit.AutoTests" name="[257] /home/travis/build/icyphy/ptII/ptolemy/actor/lib/test/auto/PublisherClassNoParameter.xml (RunModel)" time="0.022" />
  <testcase classname="ptolemy.util.test.junit.AutoTests" name="[258] /home/travis/build/icyphy/ptII/ptolemy/actor/lib/test/auto/PublisherClassParameter.xml (RunModel)" time="0.027" />
  <testcase classname="ptolemy.util.test.junit.AutoTests" name="[259] /home/travis/build/icyphy/ptII/ptolemy/actor/lib/test/auto/PublisherNonStrictTest.xml (RunModel)" time="0.014" />
  <testcase classname="ptolemy.util.test.junit.AutoTests" name="[260] /home/travis/build/icyphy/ptII/ptolemy/actor/lib/test/auto/PublisherPort1.xml (RunModel)" time="0.009" />
  <testcase classname="ptolemy.util.test.junit.AutoTests" name="[261] /home/travis/build/icyphy/ptII/ptolemy/actor/lib/test/auto/PublisherPort2.xml (RunModel)" time="0.008" />
  <testcase classname="ptolemy.util.test.junit.AutoTests" name="[262] /home/travis/build/icyphy/ptII/ptolemy/actor/lib/test/auto/PublisherPort3.xml (RunModel)" time="0.019" />
  <testcase classname="ptolemy.util.test.junit.AutoTests" name="[263] /home/travis/build/icyphy/ptII/ptolemy/actor/lib/test/auto/PublisherPort4.xml (RunModel)" time="0.01" />
  <testcase classname="ptolemy.util.test.junit.AutoTests" name="[264] /home/travis/build/icyphy/ptII/ptolemy/actor/lib/test/auto/PublisherPort5.xml (RunModel)" time="0.012" />
  <testcase classname="ptolemy.util.test.junit.AutoTests" name="[265] /home/travis/build/icyphy/ptII/ptolemy/actor/lib/test/auto/PublisherPort5LookAlike.xml (RunModel)" time="0.016" />
  <testcase classname="ptolemy.util.test.junit.AutoTests" name="[266] /home/travis/build/icyphy/ptII/ptolemy/actor/lib/test/auto/PublisherPort6.xml (RunModel)" time="0.01" />
  <testcase classname="ptolemy.util.test.junit.AutoTests" name="[267] /home/travis/build/icyphy/ptII/ptolemy/actor/lib/test/auto/PublisherPort7.xml (RunModel)" time="0.013" />
  <testcase classname="ptolemy.util.test.junit.AutoTests" name="[268] /home/travis/build/icyphy/ptII/ptolemy/actor/lib/test/auto/PublisherPort8.xml (RunModel)" time="0.014" />
  <testcase classname="ptolemy.util.test.junit.AutoTests" name="[269] /home/travis/build/icyphy/ptII/ptolemy/actor/lib/test/auto/PublisherPortSubscriberChannelVariablesAOC2.xml (RunModel)" time="0.044" />
  <testcase classname="ptolemy.util.test.junit.AutoTests" name="[270] /home/travis/build/icyphy/ptII/ptolemy/actor/lib/test/auto/PublisherPortSubscriberOpaqueWidthInference.xml (RunModel)" time="0.023" />
  <testcase classname="ptolemy.util.test.junit.AutoTests" name="[271] /home/travis/build/icyphy/ptII/ptolemy/actor/lib/test/auto/PublisherPortSubscriberPortAdjacent.xml (RunModel)" time="0.016" />
  <testcase classname="ptolemy.util.test.junit.AutoTests" name="[272] /home/travis/build/icyphy/ptII/ptolemy/actor/lib/test/auto/PublisherPortSubscriberPortExpression.xml (RunModel)" time="0.013" />
  <testcase classname="ptolemy.util.test.junit.AutoTests" name="[273] /home/travis/build/icyphy/ptII/ptolemy/actor/lib/test/auto/PublisherPortSubscriberPortOpaqueD3Reverse.xml (RunModel)" time="0.043" />
  <testcase classname="ptolemy.util.test.junit.AutoTests" name="[274] /home/travis/build/icyphy/ptII/ptolemy/actor/lib/test/auto/PublisherPortSubscriberPortOpaqueWidthInference.xml (RunModel)" time="0.014" />
  <testcase classname="ptolemy.util.test.junit.AutoTests" name="[275] /home/travis/build/icyphy/ptII/ptolemy/actor/lib/test/auto/PublisherPortToplevelSubscriberPortAOC.xml (RunModel)" time="0.009" />
  <testcase classname="ptolemy.util.test.junit.AutoTests" name="[276] /home/travis/build/icyphy/ptII/ptolemy/actor/lib/test/auto/PublisherSubscriber.xml (RunModel)" time="0.011" />
  <testcase classname="ptolemy.util.test.junit.AutoTests" name="[277] /home/travis/build/icyphy/ptII/ptolemy/actor/lib/test/auto/PublisherSubscriber10.xml (RunModel)" time="0.019" />
  <testcase classname="ptolemy.util.test.junit.AutoTests" name="[278] /home/travis/build/icyphy/ptII/ptolemy/actor/lib/test/auto/PublisherSubscriber10InitialOutputs.xml (RunModel)" time="0.026" />
  <testcase classname="ptolemy.util.test.junit.AutoTests" name="[279] /home/travis/build/icyphy/ptII/ptolemy/actor/lib/test/auto/PublisherSubscriber11.xml (RunModel)" time="0.014" />
  <testcase classname="ptolemy.util.test.junit.AutoTests" name="[280] /home/travis/build/icyphy/ptII/ptolemy/actor/lib/test/auto/PublisherSubscriber12.xml (RunModel)" time="0.012" />
  <testcase classname="ptolemy.util.test.junit.AutoTests" name="[281] /home/travis/build/icyphy/ptII/ptolemy/actor/lib/test/auto/PublisherSubscriber13.xml (RunModel)" time="0.009" />
  <testcase classname="ptolemy.util.test.junit.AutoTests" name="[282] /home/travis/build/icyphy/ptII/ptolemy/actor/lib/test/auto/PublisherSubscriber14.xml (RunModel)" time="0.026" />
  <testcase classname="ptolemy.util.test.junit.AutoTests" name="[283] /home/travis/build/icyphy/ptII/ptolemy/actor/lib/test/auto/PublisherSubscriber2.xml (RunModel)" time="0.009" />
  <testcase classname="ptolemy.util.test.junit.AutoTests" name="[284] /home/travis/build/icyphy/ptII/ptolemy/actor/lib/test/auto/PublisherSubscriber3.xml (RunModel)" time="0.008" />
  <testcase classname="ptolemy.util.test.junit.AutoTests" name="[285] /home/travis/build/icyphy/ptII/ptolemy/actor/lib/test/auto/PublisherSubscriber4.xml (RunModel)" time="0.008" />
  <testcase classname="ptolemy.util.test.junit.AutoTests" name="[286] /home/travis/build/icyphy/ptII/ptolemy/actor/lib/test/auto/PublisherSubscriber5.xml (RunModel)" time="0.01" />
  <testcase classname="ptolemy.util.test.junit.AutoTests" name="[287] /home/travis/build/icyphy/ptII/ptolemy/actor/lib/test/auto/PublisherSubscriber6.xml (RunModel)" time="0.013" />
  <testcase classname="ptolemy.util.test.junit.AutoTests" name="[288] /home/travis/build/icyphy/ptII/ptolemy/actor/lib/test/auto/PublisherSubscriber7.xml (RunModel)" time="0.015" />
  <testcase classname="ptolemy.util.test.junit.AutoTests" name="[289] /home/travis/build/icyphy/ptII/ptolemy/actor/lib/test/auto/PublisherSubscriber8.xml (RunModel)" time="0.031" />
  <testcase classname="ptolemy.util.test.junit.AutoTests" name="[290] /home/travis/build/icyphy/ptII/ptolemy/actor/lib/test/auto/PublisherSubscriber9.xml (RunModel)" time="0.019" />
  <testcase classname="ptolemy.util.test.junit.AutoTests" name="[291] /home/travis/build/icyphy/ptII/ptolemy/actor/lib/test/auto/PublisherSubscriberAdjacent.xml (RunModel)" time="0.02" />
  <testcase classname="ptolemy.util.test.junit.AutoTests" name="[292] /home/travis/build/icyphy/ptII/ptolemy/actor/lib/test/auto/PublisherSubscriberChannelVariablesAOC2.xml (RunModel)" time="0.024" />
  <testcase classname="ptolemy.util.test.junit.AutoTests" name="[293] /home/travis/build/icyphy/ptII/ptolemy/actor/lib/test/auto/PublisherSubscriberD3.xml (RunModel)" time="0.011" />
  <testcase classname="ptolemy.util.test.junit.AutoTests" name="[294] /home/travis/build/icyphy/ptII/ptolemy/actor/lib/test/auto/PublisherSubscriberD3Reverse.xml (RunModel)" time="0.009" />
  <testcase classname="ptolemy.util.test.junit.AutoTests" name="[295] /home/travis/build/icyphy/ptII/ptolemy/actor/lib/test/auto/PublisherSubscriberExpression.xml (RunModel)" time="0.017" />
  <testcase classname="ptolemy.util.test.junit.AutoTests" name="[296] /home/travis/build/icyphy/ptII/ptolemy/actor/lib/test/auto/PublisherSubscriberOpaque.xml (RunModel)" time="0.013" />
  <testcase classname="ptolemy.util.test.junit.AutoTests" name="[297] /home/travis/build/icyphy/ptII/ptolemy/actor/lib/test/auto/PublisherSubscriberOpaqueD3.xml (RunModel)" time="0.019" />
  <testcase classname="ptolemy.util.test.junit.AutoTests" name="[298] /home/travis/build/icyphy/ptII/ptolemy/actor/lib/test/auto/PublisherSubscriberOpaqueD3Reverse.xml (RunModel)" time="0.019" />
  <testcase classname="ptolemy.util.test.junit.AutoTests" name="[299] /home/travis/build/icyphy/ptII/ptolemy/actor/lib/test/auto/PublisherSubscriberOpaqueWidthInference.xml (RunModel)" time="0.016" />
  <testcase classname="ptolemy.util.test.junit.AutoTests" name="[300] /home/travis/build/icyphy/ptII/ptolemy/actor/lib/test/auto/PublisherTestSubscriber.xml (RunModel)" time="0.015" />
  <testcase classname="ptolemy.util.test.junit.AutoTests" name="[301] /home/travis/build/icyphy/ptII/ptolemy/actor/lib/test/auto/PublisherToplevelSubscriberPortAOC.xml (RunModel)" time="0.01" />
  <testcase classname="ptolemy.util.test.junit.AutoTests" name="[302] /home/travis/build/icyphy/ptII/ptolemy/actor/lib/test/auto/PulseFiringLimitDE.xml (RunModel)" time="0.012" />
  <testcase classname="ptolemy.util.test.junit.AutoTests" name="[303] /home/travis/build/icyphy/ptII/ptolemy/actor/lib/test/auto/Ramp1.xml (RunModel)" time="0.006" />
  <testcase classname="ptolemy.util.test.junit.AutoTests" name="[304] /home/travis/build/icyphy/ptII/ptolemy/actor/lib/test/auto/RampFiringLimitDE.xml (RunModel)" time="0.013" />
  <testcase classname="ptolemy.util.test.junit.AutoTests" name="[305] /home/travis/build/icyphy/ptII/ptolemy/actor/lib/test/auto/RampFiringLimitSDF.xml (RunModel)" time="0.007" />
  <testcase classname="ptolemy.util.test.junit.AutoTests" name="[306] /home/travis/build/icyphy/ptII/ptolemy/actor/lib/test/auto/RandomInteger.xml (RunModel)" time="0.006" />
  <testcase classname="ptolemy.util.test.junit.AutoTests" name="[307] /home/travis/build/icyphy/ptII/ptolemy/actor/lib/test/auto/ReadFile1.xml (RunModel)" time="0.006" />
  <testcase classname="ptolemy.util.test.junit.AutoTests" name="[308] /home/travis/build/icyphy/ptII/ptolemy/actor/lib/test/auto/ReadFile2.xml (RunModel)" time="0.006" />
  <testcase classname="ptolemy.util.test.junit.AutoTests" name="[309] /home/travis/build/icyphy/ptII/ptolemy/actor/lib/test/auto/Reader.xml (RunModel)" time="0.011" />
  <testcase classname="ptolemy.util.test.junit.AutoTests" name="[310] /home/travis/build/icyphy/ptII/ptolemy/actor/lib/test/auto/RecordAssemblerDisplayNameTest.xml (RunModel)" time="3.063" />
  <testcase classname="ptolemy.util.test.junit.AutoTests" name="[311] /home/travis/build/icyphy/ptII/ptolemy/actor/lib/test/auto/RecordAssemblerTypeError.xml (RunModel)" time="0.055" />
  <testcase classname="ptolemy.util.test.junit.AutoTests" name="[312] /home/travis/build/icyphy/ptII/ptolemy/actor/lib/test/auto/RecordDisassember.xml (RunModel)" time="0.013" />
  <testcase classname="ptolemy.util.test.junit.AutoTests" name="[313] /home/travis/build/icyphy/ptII/ptolemy/actor/lib/test/auto/RecordDisassemberDisplayNameTest.xml (RunModel)" time="0.016" />
  <testcase classname="ptolemy.util.test.junit.AutoTests" name="[314] /home/travis/build/icyphy/ptII/ptolemy/actor/lib/test/auto/RecordDisassembler.xml (RunModel)" time="0.011" />
  <testcase classname="ptolemy.util.test.junit.AutoTests" name="[315] /home/travis/build/icyphy/ptII/ptolemy/actor/lib/test/auto/RecordDisassembler2.xml (RunModel)" time="0.01" />
  <testcase classname="ptolemy.util.test.junit.AutoTests" name="[316] /home/travis/build/icyphy/ptII/ptolemy/actor/lib/test/auto/RecordUpdater.xml (RunModel)" time="0.008" />
  <testcase classname="ptolemy.util.test.junit.AutoTests" name="[317] /home/travis/build/icyphy/ptII/ptolemy/actor/lib/test/auto/RecordUpdater2.xml (RunModel)" time="0.007" />
  <testcase classname="ptolemy.util.test.junit.AutoTests" name="[318] /home/travis/build/icyphy/ptII/ptolemy/actor/lib/test/auto/RecursiveLattice.xml (RunModel)" time="0.008" />
  <testcase classname="ptolemy.util.test.junit.AutoTests" name="[319] /home/travis/build/icyphy/ptII/ptolemy/actor/lib/test/auto/Router.xml (RunModel)" time="3.021" />
  <testcase classname="ptolemy.util.test.junit.AutoTests" name="[320] /home/travis/build/icyphy/ptII/ptolemy/actor/lib/test/auto/Router2.xml (RunModel)" time="3.032" />
  <testcase classname="ptolemy.util.test.junit.AutoTests" name="[321] /home/travis/build/icyphy/ptII/ptolemy/actor/lib/test/auto/RunningMaximum.xml (RunModel)" time="0.021" />
  <testcase classname="ptolemy.util.test.junit.AutoTests" name="[322] /home/travis/build/icyphy/ptII/ptolemy/actor/lib/test/auto/RunningMinimum.xml (RunModel)" time="0.009" />
  <testcase classname="ptolemy.util.test.junit.AutoTests" name="[323] /home/travis/build/icyphy/ptII/ptolemy/actor/lib/test/auto/Scale.xml (RunModel)" time="0.007" />
  <testcase classname="ptolemy.util.test.junit.AutoTests" name="[324] /home/travis/build/icyphy/ptII/ptolemy/actor/lib/test/auto/Scale2.xml (RunModel)" time="0.009" />
  <testcase classname="ptolemy.util.test.junit.AutoTests" name="[325] /home/travis/build/icyphy/ptII/ptolemy/actor/lib/test/auto/Scale3.xml (RunModel)" time="0.012" />
  <testcase classname="ptolemy.util.test.junit.AutoTests" name="[326] /home/travis/build/icyphy/ptII/ptolemy/actor/lib/test/auto/ScaleArray.xml (RunModel)" time="0.006" />
  <testcase classname="ptolemy.util.test.junit.AutoTests" name="[327] /home/travis/build/icyphy/ptII/ptolemy/actor/lib/test/auto/ScaleArray2.xml (RunModel)" time="0.006" />
  <testcase classname="ptolemy.util.test.junit.AutoTests" name="[328] /home/travis/build/icyphy/ptII/ptolemy/actor/lib/test/auto/ScaleMatrix.xml (RunModel)" time="0.125" />
  <testcase classname="ptolemy.util.test.junit.AutoTests" name="[329] /home/travis/build/icyphy/ptII/ptolemy/actor/lib/test/auto/Select.xml (RunModel)" time="0.019" />
  <testcase classname="ptolemy.util.test.junit.AutoTests" name="[330] /home/travis/build/icyphy/ptII/ptolemy/actor/lib/test/auto/Select2.xml (RunModel)" time="0.008" />
  <testcase classname="ptolemy.util.test.junit.AutoTests" name="[331] /home/travis/build/icyphy/ptII/ptolemy/actor/lib/test/auto/SequenceToArray2.xml (RunModel)" time="0.131" />
  <testcase classname="ptolemy.util.test.junit.AutoTests" name="[332] /home/travis/build/icyphy/ptII/ptolemy/actor/lib/test/auto/SequentialClock.xml (RunModel)" time="0.009" />
  <testcase classname="ptolemy.util.test.junit.AutoTests" name="[333] /home/travis/build/icyphy/ptII/ptolemy/actor/lib/test/auto/SetVariable.xml (RunModel)" time="0.013" />
  <testcase classname="ptolemy.util.test.junit.AutoTests" name="[334] /home/travis/build/icyphy/ptII/ptolemy/actor/lib/test/auto/SetVariable2.xml (RunModel)" time="0.008" />
  <testcase classname="ptolemy.util.test.junit.AutoTests" name="[335] /home/travis/build/icyphy/ptII/ptolemy/actor/lib/test/auto/SetVariable3.xml (RunModel)" time="0.012" />
  <testcase classname="ptolemy.util.test.junit.AutoTests" name="[336] /home/travis/build/icyphy/ptII/ptolemy/actor/lib/test/auto/SetVariable4.xml (RunModel)" time="0.022" />
  <testcase classname="ptolemy.util.test.junit.AutoTests" name="[337] /home/travis/build/icyphy/ptII/ptolemy/actor/lib/test/auto/SetVariable5.xml (RunModel)" time="0.037" />
  <testcase classname="ptolemy.util.test.junit.AutoTests" name="[338] /home/travis/build/icyphy/ptII/ptolemy/actor/lib/test/auto/Sinewave.xml (RunModel)" time="0.024" />
  <testcase classname="ptolemy.util.test.junit.AutoTests" name="[339] /home/travis/build/icyphy/ptII/ptolemy/actor/lib/test/auto/Sinewave2.xml (RunModel)" time="0.018" />
  <testcase classname="ptolemy.util.test.junit.AutoTests" name="[340] /home/travis/build/icyphy/ptII/ptolemy/actor/lib/test/auto/Sinewave3.xml (RunModel)" time="0.017" />
  <testcase classname="ptolemy.util.test.junit.AutoTests" name="[341] /home/travis/build/icyphy/ptII/ptolemy/actor/lib/test/auto/SingleEvent.xml (RunModel)" time="0.005" />
  <testcase classname="ptolemy.util.test.junit.AutoTests" name="[342] /home/travis/build/icyphy/ptII/ptolemy/actor/lib/test/auto/Sleep.xml (RunModel)" time="6.021" />
  <testcase classname="ptolemy.util.test.junit.AutoTests" name="[343] /home/travis/build/icyphy/ptII/ptolemy/actor/lib/test/auto/SleepMultipleFire.xml (RunModel)" time="1.017" />
  <testcase classname="ptolemy.util.test.junit.AutoTests" name="[344] /home/travis/build/icyphy/ptII/ptolemy/actor/lib/test/auto/StopDE.xml (RunModel)" time="0.015" />
  <testcase classname="ptolemy.util.test.junit.AutoTests" name="[345] /home/travis/build/icyphy/ptII/ptolemy/actor/lib/test/auto/StopSDF.xml (RunModel)" time="0.011" />
  <testcase classname="ptolemy.util.test.junit.AutoTests" name="[346] /home/travis/build/icyphy/ptII/ptolemy/actor/lib/test/auto/StringConstant.xml (RunModel)" time="0.016" />
  <testcase classname="ptolemy.util.test.junit.AutoTests" name="[347] /home/travis/build/icyphy/ptII/ptolemy/actor/lib/test/auto/SubscriberPortInitialValues1.xml (RunModel)" time="0.024" />
  <testcase classname="ptolemy.util.test.junit.AutoTests" name="[348] /home/travis/build/icyphy/ptII/ptolemy/actor/lib/test/auto/SubscriberPortInitialValues13.xml (RunModel)" time="0.026" />
  <testcase classname="ptolemy.util.test.junit.AutoTests" name="[349] /home/travis/build/icyphy/ptII/ptolemy/actor/lib/test/auto/SubscriberPortInitialValues14.xml (RunModel)" time="0.012" />
  <testcase classname="ptolemy.util.test.junit.AutoTests" name="[350] /home/travis/build/icyphy/ptII/ptolemy/actor/lib/test/auto/SubscriberPortInitialValues2.xml (RunModel)" time="0.013" />
  <testcase classname="ptolemy.util.test.junit.AutoTests" name="[351] /home/travis/build/icyphy/ptII/ptolemy/actor/lib/test/auto/SubscriberPortInitialValues3.xml (RunModel)" time="0.027" />
  <testcase classname="ptolemy.util.test.junit.AutoTests" name="[352] /home/travis/build/icyphy/ptII/ptolemy/actor/lib/test/auto/SubscriptionAggregator.xml (RunModel)" time="0.009" />
  <testcase classname="ptolemy.util.test.junit.AutoTests" name="[353] /home/travis/build/icyphy/ptII/ptolemy/actor/lib/test/auto/SubscriptionAggregator2.xml (RunModel)" time="0.009" />
  <testcase classname="ptolemy.util.test.junit.AutoTests" name="[354] /home/travis/build/icyphy/ptII/ptolemy/actor/lib/test/auto/SubscriptionAggregator3.xml (RunModel)" time="0.014" />
  <testcase classname="ptolemy.util.test.junit.AutoTests" name="[355] /home/travis/build/icyphy/ptII/ptolemy/actor/lib/test/auto/SubscriptionAggregatorMultiply.xml (RunModel)" time="0.012" />
  <testcase classname="ptolemy.util.test.junit.AutoTests" name="[356] /home/travis/build/icyphy/ptII/ptolemy/actor/lib/test/auto/SubscriptionAggregatorPortMultiply1.xml (RunModel)" time="0.012" />
  <testcase classname="ptolemy.util.test.junit.AutoTests" name="[357] /home/travis/build/icyphy/ptII/ptolemy/actor/lib/test/auto/Switch.xml (RunModel)" time="0.015" />
  <testcase classname="ptolemy.util.test.junit.AutoTests" name="[358] /home/travis/build/icyphy/ptII/ptolemy/actor/lib/test/auto/Switch2.xml (RunModel)" time="0.011" />
  <testcase classname="ptolemy.util.test.junit.AutoTests" name="[359] /home/travis/build/icyphy/ptII/ptolemy/actor/lib/test/auto/SwitchDE.xml (RunModel)" time="0.012" />
  <testcase classname="ptolemy.util.test.junit.AutoTests" name="[360] /home/travis/build/icyphy/ptII/ptolemy/actor/lib/test/auto/SynchronizerDE.xml (RunModel)" time="0.019" />
  <testcase classname="ptolemy.util.test.junit.AutoTests" name="[361] /home/travis/build/icyphy/ptII/ptolemy/actor/lib/test/auto/Test.xml (RunModel)" time="0.007" />
  <testcase classname="ptolemy.util.test.junit.AutoTests" name="[362] /home/travis/build/icyphy/ptII/ptolemy/actor/lib/test/auto/TestExceptionAttribute1.xml (RunModel)" time="0.006" />
  <testcase classname="ptolemy.util.test.junit.AutoTests" name="[363] /home/travis/build/icyphy/ptII/ptolemy/actor/lib/test/auto/TestExceptionAttribute2.xml (RunModel)" time="0.007" />
  <testcase classname="ptolemy.util.test.junit.AutoTests" name="[364] /home/travis/build/icyphy/ptII/ptolemy/actor/lib/test/auto/TestExceptionAttribute3.xml (RunModel)" time="0.009" />
  <testcase classname="ptolemy.util.test.junit.AutoTests" name="[365] /home/travis/build/icyphy/ptII/ptolemy/actor/lib/test/auto/TestExceptionAttribute4.xml (RunModel)" time="0.007" />
  <testcase classname="ptolemy.util.test.junit.AutoTests" name="[366] /home/travis/build/icyphy/ptII/ptolemy/actor/lib/test/auto/TestExceptionHandler1.xml (RunModel)" time="0.007" />
  <testcase classname="ptolemy.util.test.junit.AutoTests" name="[367] /home/travis/build/icyphy/ptII/ptolemy/actor/lib/test/auto/TestExceptionHandler2.xml (RunModel)" time="0.007" />
  <testcase classname="ptolemy.util.test.junit.AutoTests" name="[368] /home/travis/build/icyphy/ptII/ptolemy/actor/lib/test/auto/TestExceptionHandler3.xml (RunModel)" time="0.005" />
  <testcase classname="ptolemy.util.test.junit.AutoTests" name="[369] /home/travis/build/icyphy/ptII/ptolemy/actor/lib/test/auto/TestExceptionHandler4.xml (RunModel)" time="0.005" />
  <testcase classname="ptolemy.util.test.junit.AutoTests" name="[370] /home/travis/build/icyphy/ptII/ptolemy/actor/lib/test/auto/TestRequireCorrectOrder.xml (RunModel)" time="0.016" />
  <testcase classname="ptolemy.util.test.junit.AutoTests" name="[371] /home/travis/build/icyphy/ptII/ptolemy/actor/lib/test/auto/TestSimple.xml (RunModel)" time="0.006" />
  <testcase classname="ptolemy.util.test.junit.AutoTests" name="[372] /home/travis/build/icyphy/ptII/ptolemy/actor/lib/test/auto/ThrowModelError.xml (RunModel)" time="0.008" />
  <testcase classname="ptolemy.util.test.junit.AutoTests" name="[373] /home/travis/build/icyphy/ptII/ptolemy/actor/lib/test/auto/TimeDelayMicrosteps.xml (RunModel)" time="0.012" />
  <testcase classname="ptolemy.util.test.junit.AutoTests" name="[374] /home/travis/build/icyphy/ptII/ptolemy/actor/lib/test/auto/TimeDelayMicrosteps2.xml (RunModel)" time="0.012" />
  <testcase classname="ptolemy.util.test.junit.AutoTests" name="[375] /home/travis/build/icyphy/ptII/ptolemy/actor/lib/test/auto/TimeDelayMicrosteps3.xml (RunModel)" time="0.011" />
  <testcase classname="ptolemy.util.test.junit.AutoTests" name="[376] /home/travis/build/icyphy/ptII/ptolemy/actor/lib/test/auto/TimeDelayVariableMicrosteps.xml (RunModel)" time="0.01" />
  <testcase classname="ptolemy.util.test.junit.AutoTests" name="[377] /home/travis/build/icyphy/ptII/ptolemy/actor/lib/test/auto/TimeGap.xml (RunModel)" time="0.015" />
  <testcase classname="ptolemy.util.test.junit.AutoTests" name="[378] /home/travis/build/icyphy/ptII/ptolemy/actor/lib/test/auto/TimeGap2.xml (RunModel)" time="0.009" />
  <testcase classname="ptolemy.util.test.junit.AutoTests" name="[379] /home/travis/build/icyphy/ptII/ptolemy/actor/lib/test/auto/TimedSinewave.xml (RunModel)" time="0.046" />
  <testcase classname="ptolemy.util.test.junit.AutoTests" name="[380] /home/travis/build/icyphy/ptII/ptolemy/actor/lib/test/auto/TimedSinewavePhase.xml (RunModel)" time="0.029" />
  <testcase classname="ptolemy.util.test.junit.AutoTests" name="[381] /home/travis/build/icyphy/ptII/ptolemy/actor/lib/test/auto/Timer.xml (RunModel)" time="0.014" />
  <testcase classname="ptolemy.util.test.junit.AutoTests" name="[382] /home/travis/build/icyphy/ptII/ptolemy/actor/lib/test/auto/TriangularDistTestModel.xml (RunModel)" time="0.015" />
  <testcase classname="ptolemy.util.test.junit.AutoTests" name="[383] /home/travis/build/icyphy/ptII/ptolemy/actor/lib/test/auto/TrigFunction.xml (RunModel)" time="0.007" />
  <testcase classname="ptolemy.util.test.junit.AutoTests" name="[384] /home/travis/build/icyphy/ptII/ptolemy/actor/lib/test/auto/TrigFunctionDE.xml (RunModel)" time="0.009" />
  <testcase classname="ptolemy.util.test.junit.AutoTests" name="[385] /home/travis/build/icyphy/ptII/ptolemy/actor/lib/test/auto/TrigFunctionInverse.xml (RunModel)" time="0.008" />
  <testcase classname="ptolemy.util.test.junit.AutoTests" name="[386] /home/travis/build/icyphy/ptII/ptolemy/actor/lib/test/auto/TrigFunctionTan.xml (RunModel)" time="0.007" />
  <testcase classname="ptolemy.util.test.junit.AutoTests" name="[387] /home/travis/build/icyphy/ptII/ptolemy/actor/lib/test/auto/TriggeredClock.xml (RunModel)" time="0.007" />
  <testcase classname="ptolemy.util.test.junit.AutoTests" name="[388] /home/travis/build/icyphy/ptII/ptolemy/actor/lib/test/auto/URLDirectoryReader.xml (RunModel)" time="0.11" />
  <testcase classname="ptolemy.util.test.junit.AutoTests" name="[389] /home/travis/build/icyphy/ptII/ptolemy/actor/lib/test/auto/URLDirectoryReader3.xml (RunModel)" time="1.646" />
  <testcase classname="ptolemy.util.test.junit.AutoTests" name="[390] /home/travis/build/icyphy/ptII/ptolemy/actor/lib/test/auto/UnaryMathFunction.xml (RunModel)" time="0.031" />
  <testcase classname="ptolemy.util.test.junit.AutoTests" name="[391] /home/travis/build/icyphy/ptII/ptolemy/actor/lib/test/auto/Uniform.xml (RunModel)" time="0.014" />
  <testcase classname="ptolemy.util.test.junit.AutoTests" name="[392] /home/travis/build/icyphy/ptII/ptolemy/actor/lib/test/auto/UnionDisassemblerTest.xml (RunModel)" time="0.022" />
  <testcase classname="ptolemy.util.test.junit.AutoTests" name="[393] /home/travis/build/icyphy/ptII/ptolemy/actor/lib/test/auto/UtilityFunctions.xml (RunModel)" time="0.008" />
  <testcase classname="ptolemy.util.test.junit.AutoTests" name="[394] /home/travis/build/icyphy/ptII/ptolemy/actor/lib/test/auto/VariableSleep.xml (RunModel)" time="0.511" />
  <testcase classname="ptolemy.util.test.junit.AutoTests" name="[395] /home/travis/build/icyphy/ptII/ptolemy/actor/lib/test/auto/VectorAssemblerDisassemblerCT.xml (RunModel)" time="0.099" />
  <testcase classname="ptolemy.util.test.junit.AutoTests" name="[396] /home/travis/build/icyphy/ptII/ptolemy/actor/lib/test/auto/VectorAssemblerDisassemblerDE.xml (RunModel)" time="0.025" />
  <testcase classname="ptolemy.util.test.junit.AutoTests" name="[397] /home/travis/build/icyphy/ptII/ptolemy/actor/lib/test/auto/VectorAssemblerDisassemblerSDF.xml (RunModel)" time="0.012" />
  <testcase classname="ptolemy.util.test.junit.AutoTests" name="[398] /home/travis/build/icyphy/ptII/ptolemy/actor/lib/test/auto/WallClockTime.xml (RunModel)" time="1.011" />
  <testcase classname="ptolemy.util.test.junit.AutoTests" name="[399] /home/travis/build/icyphy/ptII/ptolemy/actor/lib/test/auto/WidthTestWithSubscriberPublisher.xml (RunModel)" time="0.04" />
  <testcase classname="ptolemy.util.test.junit.AutoTests" name="[400] /home/travis/build/icyphy/ptII/ptolemy/actor/lib/test/auto/WidthTestWithSubscriberPublisher2.xml (RunModel)" time="0.015" />
  <testcase classname="ptolemy.util.test.junit.AutoTests" name="[401] /home/travis/build/icyphy/ptII/ptolemy/actor/lib/test/auto/WidthTestWithSubscriberPublisher3.xml (RunModel)" time="0.01" />
  <testcase classname="ptolemy.util.test.junit.AutoTests" name="[402] /home/travis/build/icyphy/ptII/ptolemy/actor/lib/test/auto/Writer.xml (RunModel)" time="0.008" />
  <testcase classname="ptolemy.util.test.junit.AutoTests" name="[403] /home/travis/build/icyphy/ptII/ptolemy/actor/lib/test/auto/array.xml (RunModel)" time="0.025" />
  <testcase classname="ptolemy.util.test.junit.AutoTests" name="[404] /home/travis/build/icyphy/ptII/ptolemy/actor/lib/test/auto/array2.xml (RunModel)" time="0.011" />
  <testcase classname="ptolemy.util.test.junit.AutoTests" name="[405] /home/travis/build/icyphy/ptII/ptolemy/actor/lib/test/auto/arrayType.xml (RunModel)" time="0.009" />
  <testcase classname="ptolemy.util.test.junit.AutoTests" name="[406] /home/travis/build/icyphy/ptII/ptolemy/actor/lib/test/auto/arrayType10.xml (RunModel)" time="0.007" />
  <testcase classname="ptolemy.util.test.junit.AutoTests" name="[407] /home/travis/build/icyphy/ptII/ptolemy/actor/lib/test/auto/arrayType11.xml (RunModel)" time="0.008" />
  <testcase classname="ptolemy.util.test.junit.AutoTests" name="[408] /home/travis/build/icyphy/ptII/ptolemy/actor/lib/test/auto/arrayType12.xml (RunModel)" time="0.007" />
  <testcase classname="ptolemy.util.test.junit.AutoTests" name="[409] /home/travis/build/icyphy/ptII/ptolemy/actor/lib/test/auto/arrayType13.xml (RunModel)" time="0.007" />
  <testcase classname="ptolemy.util.test.junit.AutoTests" name="[410] /home/travis/build/icyphy/ptII/ptolemy/actor/lib/test/auto/arrayType14.xml (RunModel)" time="0.006" />
  <testcase classname="ptolemy.util.test.junit.AutoTests" name="[411] /home/travis/build/icyphy/ptII/ptolemy/actor/lib/test/auto/arrayType15.xml (RunModel)" time="0.008" />
  <testcase classname="ptolemy.util.test.junit.AutoTests" name="[412] /home/travis/build/icyphy/ptII/ptolemy/actor/lib/test/auto/arrayType16.xml (RunModel)" time="0.007" />
  <testcase classname="ptolemy.util.test.junit.AutoTests" name="[413] /home/travis/build/icyphy/ptII/ptolemy/actor/lib/test/auto/arrayType17.xml (RunModel)" time="0.007" />
  <testcase classname="ptolemy.util.test.junit.AutoTests" name="[414] /home/travis/build/icyphy/ptII/ptolemy/actor/lib/test/auto/arrayType18.xml (RunModel)" time="0.006" />
  <testcase classname="ptolemy.util.test.junit.AutoTests" name="[415] /home/travis/build/icyphy/ptII/ptolemy/actor/lib/test/auto/arrayType19.xml (RunModel)" time="0.007" />
  <testcase classname="ptolemy.util.test.junit.AutoTests" name="[416] /home/travis/build/icyphy/ptII/ptolemy/actor/lib/test/auto/arrayType2.xml (RunModel)" time="0.023" />
  <testcase classname="ptolemy.util.test.junit.AutoTests" name="[417] /home/travis/build/icyphy/ptII/ptolemy/actor/lib/test/auto/arrayType20.xml (RunModel)" time="0.028" />
  <testcase classname="ptolemy.util.test.junit.AutoTests" name="[418] /home/travis/build/icyphy/ptII/ptolemy/actor/lib/test/auto/arrayType21.xml (RunModel)" time="0.029" />
  <testcase classname="ptolemy.util.test.junit.AutoTests" name="[419] /home/travis/build/icyphy/ptII/ptolemy/actor/lib/test/auto/arrayType22.xml (RunModel)" time="0.007" />
  <testcase classname="ptolemy.util.test.junit.AutoTests" name="[420] /home/travis/build/icyphy/ptII/ptolemy/actor/lib/test/auto/arrayType23.xml (RunModel)" time="0.008" />
  <testcase classname="ptolemy.util.test.junit.AutoTests" name="[421] /home/travis/build/icyphy/ptII/ptolemy/actor/lib/test/auto/arrayType24.xml (RunModel)" time="0.007" />
  <testcase classname="ptolemy.util.test.junit.AutoTests" name="[422] /home/travis/build/icyphy/ptII/ptolemy/actor/lib/test/auto/arrayType25.xml (RunModel)" time="0.007" />
  <testcase classname="ptolemy.util.test.junit.AutoTests" name="[423] /home/travis/build/icyphy/ptII/ptolemy/actor/lib/test/auto/arrayType26.xml (RunModel)" time="0.008" />
  <testcase classname="ptolemy.util.test.junit.AutoTests" name="[424] /home/travis/build/icyphy/ptII/ptolemy/actor/lib/test/auto/arrayType27.xml (RunModel)" time="0.007" />
  <testcase classname="ptolemy.util.test.junit.AutoTests" name="[425] /home/travis/build/icyphy/ptII/ptolemy/actor/lib/test/auto/arrayType28.xml (RunModel)" time="0.014" />
  <testcase classname="ptolemy.util.test.junit.AutoTests" name="[426] /home/travis/build/icyphy/ptII/ptolemy/actor/lib/test/auto/arrayType3.xml (RunModel)" time="0.008" />
  <testcase classname="ptolemy.util.test.junit.AutoTests" name="[427] /home/travis/build/icyphy/ptII/ptolemy/actor/lib/test/auto/arrayType4.xml (RunModel)" time="0.007" />
  <testcase classname="ptolemy.util.test.junit.AutoTests" name="[428] /home/travis/build/icyphy/ptII/ptolemy/actor/lib/test/auto/arrayType5.xml (RunModel)" time="0.007" />
  <testcase classname="ptolemy.util.test.junit.AutoTests" name="[429] /home/travis/build/icyphy/ptII/ptolemy/actor/lib/test/auto/arrayType6.xml (RunModel)" time="0.007" />
  <testcase classname="ptolemy.util.test.junit.AutoTests" name="[430] /home/travis/build/icyphy/ptII/ptolemy/actor/lib/test/auto/arrayType7.xml (RunModel)" time="0.007" />
  <testcase classname="ptolemy.util.test.junit.AutoTests" name="[431] /home/travis/build/icyphy/ptII/ptolemy/actor/lib/test/auto/arrayType8.xml (RunModel)" time="0.049" />
  <testcase classname="ptolemy.util.test.junit.AutoTests" name="[432] /home/travis/build/icyphy/ptII/ptolemy/actor/lib/test/auto/arrayType9.xml (RunModel)" time="0.036" />
  <testcase classname="ptolemy.util.test.junit.AutoTests" name="[433] /home/travis/build/icyphy/ptII/ptolemy/actor/lib/test/auto/cast.xml (RunModel)" time="0.031" />
  <testcase classname="ptolemy.util.test.junit.AutoTests" name="[434] /home/travis/build/icyphy/ptII/ptolemy/actor/lib/test/auto/compositeMultiPort.xml (RunModel)" time="0.02" />
  <testcase classname="ptolemy.util.test.junit.AutoTests" name="[435] /home/travis/build/icyphy/ptII/ptolemy/actor/lib/test/auto/expressionCastInference.xml (RunModel)" time="0.007" />
  <testcase classname="ptolemy.util.test.junit.AutoTests" name="[436] /home/travis/build/icyphy/ptII/ptolemy/actor/lib/test/auto/expressionCastInference2.xml (RunModel)" time="0.006" />
  <testcase classname="ptolemy.util.test.junit.AutoTests" name="[437] /home/travis/build/icyphy/ptII/ptolemy/actor/lib/test/auto/expressionInference.xml (RunModel)" time="0.007" />
  <testcase classname="ptolemy.util.test.junit.AutoTests" name="[438] /home/travis/build/icyphy/ptII/ptolemy/actor/lib/test/auto/expression_bug.xml (RunModel)" time="0.009" />
  <testcase classname="ptolemy.util.test.junit.AutoTests" name="[439] /home/travis/build/icyphy/ptII/ptolemy/actor/lib/test/auto/factorial.xml (RunModel)" time="0.047" />
  <testcase classname="ptolemy.util.test.junit.AutoTests" name="[440] /home/travis/build/icyphy/ptII/ptolemy/actor/lib/test/auto/filterTest1.xml (RunModel)" time="0.011" />
  <testcase classname="ptolemy.util.test.junit.AutoTests" name="[441] /home/travis/build/icyphy/ptII/ptolemy/actor/lib/test/auto/funcApplyInConst.xml (RunModel)" time="0.006" />
  <testcase classname="ptolemy.util.test.junit.AutoTests" name="[442] /home/travis/build/icyphy/ptII/ptolemy/actor/lib/test/auto/funcApplyInExpr.xml (RunModel)" time="0.008" />
  <testcase classname="ptolemy.util.test.junit.AutoTests" name="[443] /home/travis/build/icyphy/ptII/ptolemy/actor/lib/test/auto/function.xml (RunModel)" time="0.01" />
  <testcase classname="ptolemy.util.test.junit.AutoTests" name="[444] /home/travis/build/icyphy/ptII/ptolemy/actor/lib/test/auto/function2.xml (RunModel)" time="0.008" />
  <testcase classname="ptolemy.util.test.junit.AutoTests" name="[445] /home/travis/build/icyphy/ptII/ptolemy/actor/lib/test/auto/function3.xml (RunModel)" time="0.006" />
  <testcase classname="ptolemy.util.test.junit.AutoTests" name="[446] /home/travis/build/icyphy/ptII/ptolemy/actor/lib/test/auto/functionClosureTest1.xml (RunModel)" time="0.009" />
  <testcase classname="ptolemy.util.test.junit.AutoTests" name="[447] /home/travis/build/icyphy/ptII/ptolemy/actor/lib/test/auto/functionClosureTest2.xml (RunModel)" time="0.005" />
  <testcase classname="ptolemy.util.test.junit.AutoTests" name="[448] /home/travis/build/icyphy/ptII/ptolemy/actor/lib/test/auto/functionClosureTest3.xml (RunModel)" time="0.008" />
  <testcase classname="ptolemy.util.test.junit.AutoTests" name="[449] /home/travis/build/icyphy/ptII/ptolemy/actor/lib/test/auto/functionClosureTest4.xml (RunModel)" time="0.012" />
  <testcase classname="ptolemy.util.test.junit.AutoTests" name="[450] /home/travis/build/icyphy/ptII/ptolemy/actor/lib/test/auto/functionClosureTest5.xml (RunModel)" time="0.01" />
  <testcase classname="ptolemy.util.test.junit.AutoTests" name="[451] /home/travis/build/icyphy/ptII/ptolemy/actor/lib/test/auto/functionClosureTest6.xml (RunModel)" time="0.014" />
  <testcase classname="ptolemy.util.test.junit.AutoTests" name="[452] /home/travis/build/icyphy/ptII/ptolemy/actor/lib/test/auto/functionsOnArcs.xml (RunModel)" time="0.01" />
  <testcase classname="ptolemy.util.test.junit.AutoTests" name="[453] /home/travis/build/icyphy/ptII/ptolemy/actor/lib/test/auto/functionsOnArcsHOF.xml (RunModel)" time="0.01" />
  <testcase classname="ptolemy.util.test.junit.AutoTests" name="[454] /home/travis/build/icyphy/ptII/ptolemy/actor/lib/test/auto/logic.xml (RunModel)" time="0.014" />
  <testcase classname="ptolemy.util.test.junit.AutoTests" name="[455] /home/travis/build/icyphy/ptII/ptolemy/actor/lib/test/auto/matrixType.xml (RunModel)" time="0.007" />
  <testcase classname="ptolemy.util.test.junit.AutoTests" name="[456] /home/travis/build/icyphy/ptII/ptolemy/actor/lib/test/auto/matrixType10.xml (RunModel)" time="0.008" />
  <testcase classname="ptolemy.util.test.junit.AutoTests" name="[457] /home/travis/build/icyphy/ptII/ptolemy/actor/lib/test/auto/matrixType11.xml (RunModel)" time="0.007" />
  <testcase classname="ptolemy.util.test.junit.AutoTests" name="[458] /home/travis/build/icyphy/ptII/ptolemy/actor/lib/test/auto/matrixType12.xml (RunModel)" time="0.009" />
  <testcase classname="ptolemy.util.test.junit.AutoTests" name="[459] /home/travis/build/icyphy/ptII/ptolemy/actor/lib/test/auto/matrixType13.xml (RunModel)" time="0.007" />
  <testcase classname="ptolemy.util.test.junit.AutoTests" name="[460] /home/travis/build/icyphy/ptII/ptolemy/actor/lib/test/auto/matrixType14.xml (RunModel)" time="0.008" />
  <testcase classname="ptolemy.util.test.junit.AutoTests" name="[461] /home/travis/build/icyphy/ptII/ptolemy/actor/lib/test/auto/matrixType2.xml (RunModel)" time="0.007" />
  <testcase classname="ptolemy.util.test.junit.AutoTests" name="[462] /home/travis/build/icyphy/ptII/ptolemy/actor/lib/test/auto/matrixType3.xml (RunModel)" time="0.009" />
  <testcase classname="ptolemy.util.test.junit.AutoTests" name="[463] /home/travis/build/icyphy/ptII/ptolemy/actor/lib/test/auto/matrixType4.xml (RunModel)" time="0.007" />
  <testcase classname="ptolemy.util.test.junit.AutoTests" name="[464] /home/travis/build/icyphy/ptII/ptolemy/actor/lib/test/auto/matrixType5.xml (RunModel)" time="0.007" />
  <testcase classname="ptolemy.util.test.junit.AutoTests" name="[465] /home/travis/build/icyphy/ptII/ptolemy/actor/lib/test/auto/matrixType6.xml (RunModel)" time="0.006" />
  <testcase classname="ptolemy.util.test.junit.AutoTests" name="[466] /home/travis/build/icyphy/ptII/ptolemy/actor/lib/test/auto/matrixType7.xml (RunModel)" time="0.008" />
  <testcase classname="ptolemy.util.test.junit.AutoTests" name="[467] /home/travis/build/icyphy/ptII/ptolemy/actor/lib/test/auto/matrixType8.xml (RunModel)" time="0.007" />
  <testcase classname="ptolemy.util.test.junit.AutoTests" name="[468] /home/travis/build/icyphy/ptII/ptolemy/actor/lib/test/auto/matrixType9.xml (RunModel)" time="0.007" />
  <testcase classname="ptolemy.util.test.junit.AutoTests" name="[469] /home/travis/build/icyphy/ptII/ptolemy/actor/lib/test/auto/paraFunctest.xml (RunModel)" time="0.006" />
  <testcase classname="ptolemy.util.test.junit.AutoTests" name="[470] /home/travis/build/icyphy/ptII/ptolemy/actor/lib/test/auto/paraFunctest2.xml (RunModel)" time="0.009" />
  <testcase classname="ptolemy.util.test.junit.AutoTests" name="[471] /home/travis/build/icyphy/ptII/ptolemy/actor/lib/test/auto/parameterPassing.xml (RunModel)" time="0.011" />
  <testcase classname="ptolemy.util.test.junit.AutoTests" name="[472] /home/travis/build/icyphy/ptII/ptolemy/actor/lib/test/auto/record.xml (RunModel)" time="0.009" />
  <testcase classname="ptolemy.util.test.junit.AutoTests" name="[473] /home/travis/build/icyphy/ptII/ptolemy/actor/lib/test/auto/sizedarray1.xml (RunModel)" time="0.008" />
  <testcase classname="ptolemy.util.test.junit.AutoTests" name="[474] /home/travis/build/icyphy/ptII/ptolemy/actor/lib/test/auto/sizedarray2.xml (RunModel)" time="0.009" />
  <testcase classname="ptolemy.util.test.junit.AutoTests" name="[475] /home/travis/build/icyphy/ptII/ptolemy/actor/lib/test/auto/twoPublishers.xml (RunModel)" time="0.026" />
  <system-out><![CDATA[/home/travis/build/icyphy/ptII/ptolemy/actor/lib/test/AbsoluteValue.tcl
testDefs.tcl: setting time out to 9000 seconds at Tue Jun 16 14:44:40 UTC 2020
81 ms. Memory: 129024K Free: 93128K (72%)
4 ms. Memory: 129024K Free: 91080K (71%)
4 ms. Memory: 129024K Free: 90559K (70%)
5 ms. Memory: 129024K Free: 89527K (69%)
/home/travis/build/icyphy/ptII/ptolemy/actor/lib/test/AddSubtract.tcl
17 ms. Memory: 129024K Free: 87494K (68%)
13 ms. Memory: 129024K Free: 86984K (67%)
10 ms. Memory: 129024K Free: 85960K (67%)
10 ms. Memory: 129024K Free: 85439K (66%)
80 ms. Memory: 129024K Free: 82374K (64%)
11 ms. Memory: 129024K Free: 81350K (63%)
/home/travis/build/icyphy/ptII/ptolemy/actor/lib/test/Average.tcl
6 ms. Memory: 129024K Free: 79816K (62%)
6 ms. Memory: 129024K Free: 78792K (61%)
/home/travis/build/icyphy/ptII/ptolemy/actor/lib/test/Bernoulli.tcl
7 ms. Memory: 129024K Free: 77239K (60%)
2 ms. Memory: 129024K Free: 76744K (59%)
/home/travis/build/icyphy/ptII/ptolemy/actor/lib/test/Clock.tcl
preinitializing
resolving types
initializing
executing number 1
wrapping up
idle
32 ms. Memory: 129024K Free: 74182K (57%)
Completed execution with 5 iterations
preinitializing
resolving types
initializing
executing number 1
wrapping up
idle
11 ms. Memory: 129024K Free: 73127K (57%)
Completed execution with 5 iterations
preinitializing
resolving types
initializing
executing number 1
wrapping up
idle
9 ms. Memory: 129024K Free: 72648K (56%)
Completed execution with 5 iterations
/home/travis/build/icyphy/ptII/ptolemy/actor/lib/test/Commutator.tcl
11 ms. Memory: 129024K Free: 70600K (55%)
20 ms. Memory: 129024K Free: 69576K (54%)
20 ms. Memory: 129024K Free: 63911K (50%)
/home/travis/build/icyphy/ptII/ptolemy/actor/lib/test/Const.tcl
11 ms. Memory: 129024K Free: 62408K (48%)
2 ms. Memory: 129024K Free: 61879K (48%)
4 ms. Memory: 129024K Free: 61384K (48%)
5 ms. Memory: 129024K Free: 60863K (47%)
3 ms. Memory: 129024K Free: 60360K (47%)
17 ms. Memory: 129024K Free: 58822K (46%)
13 ms. Memory: 129024K Free: 57288K (44%)
8 ms. Memory: 129024K Free: 56767K (44%)
/home/travis/build/icyphy/ptII/ptolemy/actor/lib/test/CurrentTime.tcl
preinitializing
resolving types
initializing
executing number 1
wrapping up
idle
15 ms. Memory: 129024K Free: 54711K (42%)
Completed execution with 11 iterations
/home/travis/build/icyphy/ptII/ptolemy/actor/lib/test/DB.tcl
4 ms. Memory: 129024K Free: 53192K (41%)
1 ms. Memory: 129024K Free: 52677K (41%)
2 ms. Memory: 129024K Free: 52168K (40%)
/home/travis/build/icyphy/ptII/ptolemy/actor/lib/test/DiscreteRandomSource.tcl
preinitializing
resolving types
initializing
executing number 1
wrapping up
idle
4 ms. Memory: 129024K Free: 50615K (39%)
Completed execution with 4 iterations
preinitializing
resolving types
initializing
executing number 1
wrapping up
idle
2 ms. Memory: 129024K Free: 50120K (39%)
Completed execution with 4 iterations
preinitializing
resolving types
initializing
executing number 1
wrapping up
idle
2 ms. Memory: 129024K Free: 49606K (38%)
Completed execution with 4 iterations
preinitializing
resolving types
initializing
executing number 1
wrapping up
idle
2 ms. Memory: 129024K Free: 49096K (38%)
Completed execution with 4 iterations
preinitializing
resolving types
initializing
executing number 1
wrapping up
idle
4 ms. Memory: 129024K Free: 48582K (38%)
Completed execution with 4 iterations
/home/travis/build/icyphy/ptII/ptolemy/actor/lib/test/Distributor.tcl
27 ms. Memory: 129024K Free: 113569K (88%)
15 ms. Memory: 129024K Free: 112874K (87%)
StreamChangeRequest.changeExecuted(): <deleteEntity name="rec2"/> succeeded
StreamChangeRequest.changeExecuted(): <deleteRelation name="r2"/> succeeded
StreamChangeRequest.changeExecuted(): Record firings per iteration succeeded
8 ms. Memory: 129024K Free: 110409K (86%)
/home/travis/build/icyphy/ptII/ptolemy/actor/lib/test/Exit.tcl
Exit.tcl: this will print a message about Manager.exitAfterWrapup, which can be ignored.
5 ms. Memory: 129024K Free: 107410K (83%)
/home/travis/build/icyphy/ptII/ptolemy/actor/lib/test/Expression.tcl
19 ms. Memory: 129024K Free: 103819K (80%)
5 ms. Memory: 129024K Free: 103359K (80%)
4 ms. Memory: 129024K Free: 102335K (79%)
preinitializing
resolving types
initializing
executing number 1
wrapping up
idle
8 ms. Memory: 129024K Free: 101193K (78%)
Completed execution with 6 iterations
5 ms. Memory: 129024K Free: 100287K (78%)
2 ms. Memory: 129024K Free: 99263K (77%)
11 ms. Memory: 129024K Free: 98209K (76%)
4 ms. Memory: 129024K Free: 97097K (75%)
7 ms. Memory: 129024K Free: 95597K (74%)
/home/travis/build/icyphy/ptII/ptolemy/actor/lib/test/Gaussian.tcl
6 ms. Memory: 129024K Free: 94129K (73%)
sleeping 1 seconds: .......................................................................................................................................................................................................................................................................................................................................................................................................................................................................................................................................................................................................................................................................................................................................................................................................................................................................................................................................................................................................................................................................................................................................................................................................................................................................................................................................................................................................................................................................................................................................................................................................................................................................................................................................................................................................................................................................................................................................................................................................................................................................................................................................................................................................................................................................................................................................................................................................................................................................................................................................................................................................................................................................................................................................................................................................................................................................................................................................................................................................................................................................................................................................................................................................................................................................................................................................................................................................................................................................................................................................................................................................................................................................................................................................................................................................................................................................................................................................................................................................................................................................................................................................................................................................................................................................................................................................................................................................................................................................................................................................................................................................................................................................................................................................................................................................................................................................................................................................................................................................................................................................................................................................................................................................................................................................................................................................................................................................................................................................................................................................................................................................................................................................................................................................................................................................................................................................................................................................................................................................................................................................................................................................................................................................................................................................................................................................................................................................................................................................................................................................................................................................................................................................................................................................................................................................................................................................................................................................................................................................................................................................................................................................................................................................................................................................................................................................................................................................................................................................................................................................................................................................................................................................................................................................................................................................................................................................................................................................................................................................................................................................................................................................................................................................................................................................................................................................................................................................................................................................................................................................................................................................................................................................................................................................................................................................................................................................................................................................................................................................................................................................................................................................................................................................................................................................................................................................................................................................................................................................................................................................................................................................................................................................................................................................................................................................................................................................................................................................................................................................................................................................................................................................................................................................................................................................................................................................................................................................................................................................................................................................................................................................................................................................................................................................................................................................................................................................................................................................................................................................................................................................................................................................................................................................................................................................................................................................................................................................................................................................................................................................................................................................................................................................................................................................................................................................................................................................................................................................................................................................................................................................................................................................................................................................................................................................................................................................................................................................................................................................................................................................................................................................................................................................................................................................................................................................................................................................................................................................................................................................................................................................................................................................................................................................................................................................................................................................................................................................................................................................................................................................................................................................................................................................................................................................................................................................................................................................................................................................................................................................................................................................................................................................................................................................................................................................................................................................................................................................................................................................................................................................................................................................................................................................................................................................................................................................................................................................................................................................................................................................................................................................................................................................................................................................................................................................................................................................................................................................................................................................................................................................................................................................................................................................................................................................................................................................................................................................................................................................................................................................................................................................................................................................................................................................................................................................................................................................................................................................................................................................................................................................................................................................................................................................................................................................................................................................................................................................................................................................................................................................................................................................................................................................................................................................................................................................................................................................................................................................................................................................................................................................................................................................................................................................................................................................................................................................................................................................................................................................................................................................................................................................................................................................................................................................................................................................................................................................................................................................................................................................................................................................................................................................................................................................................................................................................................................................................................................................................................................................................................................................................................................................................................................................................................................................................................................................................................................................................................................................................................................................................................................................................................................................................................................................................................................................................................................................................................................................................................................................................................................................................................................................................................................................................................................................................................................................................................................................................................................................................................................................................................................................................................................................................................................................................................................................................................................................................................................................................................................................................................................................................................................................................................................................................................................................................................................................................................................................................................................................................................................................................................................................................................................................................................................................................................................................................................................................................................................................................................................................................................................................................................................................................................................................................................................................................................................................................................................................................................................................................................................................................................................................................................................................................................................................................................................................................................................................................................................................................................................................................................................................................................................................................................................................................................................................................................................................................................................................................................................................................................................................................................................................................................................................................................................................................................................................................................................................................................................................................................................................................................................................................................................................................................................................................................................................................................................................................................................................................................................................................................................................................................................................................................................................................................................................................................................................................................................................................................................................................................................................................................................................................................................................................................................................................................................................................................................................................................................................................................................................................................................................................................................................................................................................................................................................................................................................................................................................................................................................................................................................................................................................................................................................................................................................................................................................................................................................................................................................................................................................................................................................................................................................................................................................................................................................................................................................................................................................................................................................................................................................................................................................................................................................................................................................................................................................................................................................................................................................................................................................................................................................................................................................................................................................................................................................................................................................................................................................................................................................................................................................................................................................................................................................................................................................................................................................................................................................................................................................................................................................................................................................................................................................................................................................................................................................................................................................................................................................................................................................................................................................................................................................................................................................................................................................................................................................................................................................................................................................................................................................................................................................................................................................................................................................................................................................................................................................................................................................................................................................................................................................................................................................................................................................................................................................................................................................................................................................................................................................................................................................................................................................................................................................................................................................................................................................................................................................................................................................................................................................................................................................................................................................................................................................................................................................................................................................................................................................................................................................................................................................................................................................................................................................................................................................................................................................................................................................................................................................................................................................................................................................................................................................................................................................................................................................................................................................................................................................................................................................................................................................................................................................................................................................................................................................................................................................................................................................................................................................................................................................................................................................................................................................................................................................................................................................................................................................................................................................................................................................................................................................................................................................................................................................................................................................................................................................................................................................................................................................................................................................................................................................................................................................................................................................................................................................................................................................................................................................................................................................................................................................................................................................................................................................................................................................................................................................................................................................................................................................................................................................................................................................................................................................................................................................................................................................................................................................................................................................................................................................................................................................................................................................................................................................................................................................................................................................................................................................................................................................................................................................................................................................................................................................................................................................................................................................................................................................................................................................................................................................................................................................................................................................................................................................................................................................................................................................................................................................................................................................................................................................................................................................................................................................................................................................................................................................................................................................................................................................................................................................................................................................................................................................................................................................................................................................................................................................................................................................................................................................................................................................................................................................................................................................................................................................................................................................................................................................................................................................................................................................................................................................................................................................................................................................................................................................................................................................................................................................................................................................................................................................................................................................................................................................................................................................................................................................................................................................................................................................................................................................................................................................................................................................................................................................................................................................................................................................................................................................................................................................................................................................................................................................................................................................................................................................................................................................................................................................................................................................................................................................................................................................................................................................................................................................................................................................................................................................................................................................................................................................................................................................................................................................................................................................................................................................................................................................................................................................................................................................................................................................................................................................................................................................................................................................................................................................................................................................................................................................................................................................................................................................................................................................................................................................................................................................................................................................................................................................................................................................................................................................................................................................................................................................................................................................................................................................................................................................................................................................................................................................................................................................................................................................................................................................................................................................................................................................................................................................................................................................................................................................................................................................................................................................................................................................................................................................................................................................................................................................................................................................................................................................................................................................................................................................................................................................................................................................................................................................................................................................................................................................................................................................................................................................................................................................................................................................................................................................................................................................................................................................................................................................................................................................................................................................................................................................................................................................................................................................................................................................................................................................................................................................................................................................................................................................................................................................................................................................................................................................................................................................................................................................................................................................................................................................................................................................................................................................................................................................................................................................................................................................................................................................................................................................................................................................................................................................................................................................................................................................................................................................................................................................................................................................................................................................................................................................................................................................................................................................................................................................................................................................................................................................................................................................................................................................................................................................................................................................................................................................................................................................................................................................................................................................................................................................................................................................................................................................................................................................................................................................................................................................................................................................................................................................................................................................................................................................................................................................................................................................................................................................................................................................................................................................................................................................................................................................................................................................................................................................................................................................................................................................................................................................................................................................................................................................................................................................................................................................................................................................................................................................................................................................................................................................................................................................................................................................................................................................................................................................................................................................................................................................................................................................................................................................................................................................................................................................................................................................................................................................................................................................................................................................................................................................................................................................................................................................................................................................................................................................................................................................................................................................................................................................................................................................................................................................................................................................................................................................................................................................................................................................................................................................................................................................................................................................................................................................................................................................................................................................................................................................................................................................................................................................................................................................................................................................................................................................................................................................................................................................................................................................................................................................................................................................................................................................................................................................................................................................................................................................................................................................................................................................................................................................................................................................................................................................................................................................................................................................................................................................................................................................................................................................................................................................................................................................................................................................................................................................................................................................................................................................................................................................................................................................................................................................................................................................................................................................................................................................................................................................................................................................................................................................................................................................................................................................................................................................................................................................................................................................................................................................................................................................................................................................................................................................................................................................................................................................................................................................................................................................................................................................................................................................................................................................................................................................................................................................................................................................................................................................................................................................................................................................................................................................................................................................................................................................................................................................................................................................................................................................................................................................................................................................................................................................................................................................................................................................................................................................................................................................................................................................................................................................................................................................................................................................................................................................................................................................................................................................................................................................................................................................................................................................................................................................................................................................................................................................................................................................................................................................................................................................................................................................................................................................................................................................................................................................................................................................................................................................................................................................................................................................................................................................................................................................................................................................................................................................................................................................................................................................................................................................................................................................................................................................................................................................................................................................................................................................................................................................................................................................................................................................................................................................................................................................................................................................................................................................................................................................................................................................................................................................................................................................................................................................................................................................................................................................................................................................................................................................................................................................................................................................................................................................................................................................................................................................................................................................................................................................................................................................................................................................................................................................................................................................................................................................................................................................................................................................................................................................................................................................................................................................................................................................................................................................................................................................................................................................................................................................................................................................................................................................................................................................................................................................................................................................................................................................................................................................................................................................................................................................................................................................................................................................................................................................................................................................................................................................................................................................................................................................................................................................................................................................................................................................................................................................................................................................................................................................................................................................................................................................................................................................................................................................................................................................................................................................................................................................................................................................................................................................................................................................................................................................................................................................................................................................................................................................................................................................................................................................................................................................................................................................................................................................................................................................................................................................................................................................................................................................................................................................................................................................................................................................................................................................................................................................................................................................................................................................................................................................................................................................................................................................................................................................................................................................................................................................................................................................................................................................................................................................................................................................................................................................................................................................................................................................................................................................................................................................................................................................................................................................................................................................................................................................................................................................................................................................................................................................................................................................................................................................................................................................................................................................................................................................................................................................................................................................................................................................................................................................................................................................................................................................................................................................................................................................................................................................................................................................................................................................................................................................................................................................................................................................................................................................................................................................................................................................................................................................................................................................................................................................................................................................................................................................................................................................................................................................................................................................................................................................................................................................................................................................................................................................................................................................................................................................................................................................................................................................................................................................................................................................................................................................................................................................................................................................................................................................................................................................................................................................................................................................................................................................................................................................................................................................................................................................................................................................................................................................................................................................................................................................................................................................................................................................................................................................................................................................................................................................................................................................................................................................................................................................................................................................................................................................................................................................................................................................................................................................................................................................................................................................................................................................................................................................................................................................................................................................................................................................................................................................................................................................................................................................2 ms. Memory: 129024K Free: 86872K (67%)
2 ms. Memory: 129024K Free: 85862K (67%)
1 ms. Memory: 129024K Free: 85352K (66%)
1 ms. Memory: 129024K Free: 84824K (66%)
1 ms. Memory: 129024K Free: 84328K (65%)
/home/travis/build/icyphy/ptII/ptolemy/actor/lib/test/IIR.tcl
/home/travis/build/icyphy/ptII/ptolemy/actor/lib/test/Interpolator.tcl
6 ms. Memory: 129024K Free: 80232K (62%)
2 ms. Memory: 129024K Free: 79704K (62%)
2 ms. Memory: 129024K Free: 79208K (61%)
2 ms. Memory: 129024K Free: 78680K (61%)
2 ms. Memory: 129024K Free: 77656K (60%)
5 ms. Memory: 129024K Free: 77160K (60%)
9 ms. Memory: 129024K Free: 76136K (59%)
2 ms. Memory: 129024K Free: 75112K (58%)
2 ms. Memory: 129024K Free: 74598K (58%)
2 ms. Memory: 129024K Free: 73560K (57%)
/home/travis/build/icyphy/ptII/ptolemy/actor/lib/test/MathFunction.tcl
7 ms. Memory: 129024K Free: 71512K (55%)
2 ms. Memory: 129024K Free: 70488K (55%)
6 ms. Memory: 129024K Free: 69472K (54%)
8 ms. Memory: 129024K Free: 68440K (53%)
3 ms. Memory: 129024K Free: 66920K (52%)
8 ms. Memory: 129024K Free: 65382K (51%)
/home/travis/build/icyphy/ptII/ptolemy/actor/lib/test/Maximum.tcl
5 ms. Memory: 129024K Free: 63334K (49%)
2 ms. Memory: 129024K Free: 62310K (48%)
5 ms. Memory: 129024K Free: 61800K (48%)
3 ms. Memory: 129024K Free: 61286K (47%)
/home/travis/build/icyphy/ptII/ptolemy/actor/lib/test/Minimum.tcl
17 ms. Memory: 129024K Free: 59752K (46%)
3 ms. Memory: 129024K Free: 58728K (46%)
2 ms. Memory: 129024K Free: 58200K (45%)
2 ms. Memory: 129024K Free: 57704K (45%)
/home/travis/build/icyphy/ptII/ptolemy/actor/lib/test/MultiplyDivide.tcl
3 ms. Memory: 129024K Free: 55656K (43%)
11 ms. Memory: 129024K Free: 55112K (43%)
2 ms. Memory: 129024K Free: 54118K (42%)
11 ms. Memory: 129024K Free: 53608K (42%)
2 ms. Memory: 129024K Free: 52584K (41%)
/home/travis/build/icyphy/ptII/ptolemy/actor/lib/test/OrderedMerge.tcl
Connections changed on port: inputA
Connections changed on port: inputB
Connections changed on port: output
Connections changed on port: output
Connections changed on port: output
Connections changed on port: input
.top. Preinitializing ...
Invoking preinitialize():  .top.OrderedMerge
Called preinitialize()
Invoking preinitialize():  .top.Ramp
Called preinitialize()
Invoking preinitialize():  .top.Ramp2
Called preinitialize()
Invoking preinitialize():  .top.Test
Called preinitialize()
Connections changed on port: inputA
Connections changed on port: output
Connections changed on port: output
Connections changed on port: input
Connections changed on port: inputB
Connections changed on port: output
.top. Finished preinitialize().
Called initialize().
Invoking initialize():  .top.OrderedMerge
Initializing actor: .top.OrderedMerge
Adding a thread: .top.OrderedMerge
Invoking initialize():  .top.Ramp
Initializing actor: .top.Ramp
Adding a thread: .top.Ramp
Invoking initialize():  .top.Ramp2
Initializing actor: .top.Ramp2
Adding a thread: .top.Ramp2
Invoking initialize():  .top.Test
Initializing actor: .top.Test
Adding a thread: .top.Test
Called fire().
Checking for deadlock:
-- Starting thread.
-- Starting thread.
Called initialize()
-- Starting thread.
Called initialize()
Called initialize()
Called prefire()
Called fire()
-- Starting thread.
Called initialize()
Called prefire()
Called prefire()
Called prefire()
Called fire()
Called fire()
Called fire()
There are 0 Blocked actors, 0 Stopped actors, and 4 active threads.
Waiting for actors to stop.
Called postfire()
Called prefire()
Called fire()
Called postfire()
Called prefire()
Called fire()
Checking for deadlock:
There are 1 Blocked actors, 0 Stopped actors, and 4 active threads.
Waiting for actors to stop.
Called postfire()
Called prefire()
Called fire()
Checking for deadlock:
There are 3 Blocked actors, 0 Stopped actors, and 4 active threads.
Waiting for actors to stop.
Read input token from inputA with value 0.0
Next port to read input from is inputB
Called postfire()
Called prefire()
Called fire()
Read input token from inputB with value 0.0
Called postfire()
Called prefire()
Called fire()
Sent output token with value 0.0
Next port to read input from is inputA
Called postfire()
Called prefire()
Called fire()
Read input token from inputA with value 1.0
-- Read input: 0.0, which is expected to match: 0.0
Sent output token with value 0.0
Next port to read input from is inputB
Called postfire()
Called prefire()
Called fire()
Called prefire()
Called fire()
Read input token from inputB with value 1.5
-- Read input: 0.0, which is expected to match: 0.0
Called prefire()
Called fire()
Sent output token with value 1.0
Next port to read input from is inputA
Called postfire()
Called prefire()
-- Read input: 1.0, which is expected to match: 1.0
Called fire()
Called prefire()
Called fire()
Checking for deadlock:
There are 2 Blocked actors, 0 Stopped actors, and 4 active threads.
Waiting for actors to stop.
Called postfire()
Called prefire()
Called fire()
Checking for deadlock:
There are 2 Blocked actors, 0 Stopped actors, and 4 active threads.
Waiting for actors to stop.
Called postfire()
Read input token from inputA with value 2.0
Called prefire()
Called fire()
Checking for deadlock:
There are 1 Blocked actors, 0 Stopped actors, and 4 active threads.
Waiting for actors to stop.
Called postfire()
Called prefire()
Called fire()
Checking for deadlock:
There are 2 Blocked actors, 0 Stopped actors, and 4 active threads.
Waiting for actors to stop.
Checking for deadlock:
There are 3 Blocked actors, 0 Stopped actors, and 4 active threads.
Waiting for actors to stop.
Sent output token with value 1.5
Checking for deadlock:
There are 2 Blocked actors, 0 Stopped actors, and 4 active threads.
Waiting for actors to stop.
Next port to read input from is inputB
Called postfire()
Called prefire()
Called fire()
-- Read input: 1.5, which is expected to match: 1.5
Read input token from inputB with value 3.0
Called prefire()
Called fire()
Sent output token with value 2.0
Next port to read input from is inputA
Called postfire()
Called prefire()
-- Read input: 2.0, which is expected to match: 2.0
Called prefire()
Called fire()
Checking for deadlock:
Called fire()
There are 2 Blocked actors, 0 Stopped actors, and 4 active threads.
Waiting for actors to stop.
Called postfire()
Called prefire()
Called fire()
Checking for deadlock:
There are 3 Blocked actors, 0 Stopped actors, and 4 active threads.
Waiting for actors to stop.
Checking for deadlock:
Read input token from inputA with value 3.0
There are 2 Blocked actors, 0 Stopped actors, and 4 active threads.
Waiting for actors to stop.
Checking for deadlock:
There are 1 Blocked actors, 0 Stopped actors, and 4 active threads.
Waiting for actors to stop.
Sent output token with value 3.0
Called postfire()
Called prefire()
Called fire()
-- Read input: 3.0, which is expected to match: 3.0
Called prefire()
Called fire()
Next port to read input from is inputB
Called postfire()
Checking for deadlock:
Called prefire()
There are 3 Blocked actors, 0 Stopped actors, and 4 active threads.
Called fire()
Waiting for actors to stop.
Read input token from inputB with value 4.5
Checking for deadlock:
There are 2 Blocked actors, 0 Stopped actors, and 4 active threads.
Waiting for actors to stop.
Called postfire()
Called prefire()
Called fire()
Sent output token with value 3.0
-- Read input: 3.0, which is expected to match: 3.0
Next port to read input from is inputA
Called postfire()
Called prefire()
Called prefire()
Called fire()
Checking for deadlock:
Called fire()
There are 3 Blocked actors, 0 Stopped actors, and 4 active threads.
Waiting for actors to stop.
Checking for deadlock:
Called postfire()
There are 2 Blocked actors, 0 Stopped actors, and 4 active threads.
Waiting for actors to stop.
Called prefire()
Called fire()
Read input token from inputA with value 4.0
Checking for deadlock:
There are 3 Blocked actors, 0 Stopped actors, and 4 active threads.
Waiting for actors to stop.
Checking for deadlock:
There are 2 Blocked actors, 0 Stopped actors, and 4 active threads.
Waiting for actors to stop.
-- Read input: 4.0, which is expected to match: 4.0
Called prefire()
Called fire()
Past the end of training data. Read and discard all inputs.
Checking for deadlock:
There are 3 Blocked actors, 0 Stopped actors, and 4 active threads.
Waiting for actors to stop.
Sent output token with value 4.0
Next port to read input from is inputA
Called postfire()
Called prefire()
Called fire()
Checking for deadlock:
There are 2 Blocked actors, 0 Stopped actors, and 4 active threads.
Read input token from inputA with value 5.0
Waiting for actors to stop.
Checking for deadlock:
Called postfire()
There are 1 Blocked actors, 0 Stopped actors, and 4 active threads.
Called prefire()
Waiting for actors to stop.
Called fire()
Called prefire()
Called fire()
Past the end of training data. Read and discard all inputs.
Sent output token with value 4.5
Checking for deadlock:
There are 3 Blocked actors, 0 Stopped actors, and 4 active threads.
Waiting for actors to stop.
Next port to read input from is inputB
Called postfire()
Called prefire()
Called fire()
Called postfire()
Called prefire()
Called fire()
Checking for deadlock:
There are 3 Blocked actors, 0 Stopped actors, and 4 active threads.
Waiting for actors to stop.
Read input token from inputB with value 6.0
Called prefire()
Called fire()
Past the end of training data. Read and discard all inputs.
Checking for deadlock:
There are 3 Blocked actors, 0 Stopped actors, and 4 active threads.
Waiting for actors to stop.
Sent output token with value 5.0
Next port to read input from is inputA
Called postfire()
Called prefire()
Called fire()
Checking for deadlock:
There are 2 Blocked actors, 0 Stopped actors, and 4 active threads.
Waiting for actors to stop.
Called postfire()
Called prefire()
Called fire()
Read input token from inputA with value 6.0
Checking for deadlock:
There are 3 Blocked actors, 0 Stopped actors, and 4 active threads.
Waiting for actors to stop.
Checking for deadlock:
There are 2 Blocked actors, 0 Stopped actors, and 4 active threads.
Waiting for actors to stop.
Sent output token with value 6.0
Called prefire()
Called fire()
Past the end of training data. Read and discard all inputs.
Next port to read input from is inputB
Called postfire()
Called prefire()
Called fire()
Checking for deadlock:
There are 2 Blocked actors, 0 Stopped actors, and 4 active threads.
Waiting for actors to stop.
Read input token from inputB with value 7.5
Called postfire()
Called prefire()
Called fire()
Sent output token with value 6.0
Checking for deadlock:
There are 2 Blocked actors, 0 Stopped actors, and 4 active threads.
Waiting for actors to stop.
Next port to read input from is inputA
Called postfire()
Called prefire()
Called prefire()
Called fire()
Past the end of training data. Read and discard all inputs.
Checking for deadlock:
There are 3 Blocked actors, 0 Stopped actors, and 4 active threads.
Waiting for actors to stop.
Called fire()
Checking for deadlock:
There are 2 Blocked actors, 0 Stopped actors, and 4 active threads.
Waiting for actors to stop.
Read input token from inputA with value 7.0
Called postfire()
Called prefire()
Called fire()
Checking for deadlock:
Sent output token with value 7.0
There are 2 Blocked actors, 0 Stopped actors, and 4 active threads.
Next port to read input from is inputA
Called postfire()
Waiting for actors to stop.
Called prefire()
Called fire()
Called prefire()
Called fire()
Past the end of training data. Read and discard all inputs.
Checking for deadlock:
Read input token from inputA with value 8.0
There are 2 Blocked actors, 0 Stopped actors, and 4 active threads.
Waiting for actors to stop.
Checking for deadlock:
There are 1 Blocked actors, 0 Stopped actors, and 4 active threads.
Waiting for actors to stop.
-- Thread wrapup() called.
Called wrapup()
Called prefire()
Called fire()
Past the end of training data. Read and discard all inputs.
Thread .top.Ramp is exiting.
Checking for deadlock:
-- Thread stopped.
There are 1 Blocked actors, 0 Stopped actors, and 3 active threads.
Waiting for actors to stop.
Checking for deadlock:
There are 2 Blocked actors, 0 Stopped actors, and 3 active threads.
Waiting for actors to stop.
Sent output token with value 7.5
Next port to read input from is inputB
Called postfire()
Called prefire()
Called fire()
Read input token from inputB with value 9.0
Called postfire()
Called prefire()
Called fire()
Sent output token with value 8.0
Checking for deadlock:
Next port to read input from is inputA
Called postfire()
Called prefire()
There are 1 Blocked actors, 0 Stopped actors, and 3 active threads.
Waiting for actors to stop.
Called prefire()
Called fire()
Past the end of training data. Read and discard all inputs.
Checking for deadlock:
There are 2 Blocked actors, 0 Stopped actors, and 3 active threads.
Waiting for actors to stop.
Called fire()
Read input token from inputA with value 9.0
Sent output token with value 9.0
Called prefire()
Called fire()
Past the end of training data. Read and discard all inputs.
Next port to read input from is inputB
Called postfire()
Called prefire()
Checking for deadlock:
Called fire()
There are 2 Blocked actors, 0 Stopped actors, and 3 active threads.
Waiting for actors to stop.
Read input token from inputB with value 10.5
Checking for deadlock:
There are 1 Blocked actors, 0 Stopped actors, and 3 active threads.
Waiting for actors to stop.
Called postfire()
Called prefire()
Called fire()
Checking for deadlock:
There are 1 Blocked actors, 0 Stopped actors, and 3 active threads.
Waiting for actors to stop.
Called prefire()
Called fire()
Past the end of training data. Read and discard all inputs.
Checking for deadlock:
There are 2 Blocked actors, 0 Stopped actors, and 3 active threads.
Waiting for actors to stop.
Sent output token with value 9.0
Next port to read input from is inputA
Called postfire()
Called prefire()
Called fire()
Checking for deadlock:
There are 3 Blocked actors, 0 Stopped actors, and 3 active threads.
Actors have stopped.
Checking for deadlock:
There are 3 Blocked actors, 0 Stopped actors, and 3 active threads.
Deadlock detected.
Resolving Deadlock
Checking for deadlock:
There are 3 Blocked actors, 0 Stopped actors, and 3 active threads.
Artificial Deadlock - increasing queue capacity.
increasing the capacity of receiver ptolemy.actor.TypedIOPort {.top.OrderedMerge.inputB} to 2
-- Thread wrapup() called.
Called wrapup()
Thread .top.Ramp2 is exiting.
-- Thread stopped.
Director: Called postfire().
Called postfire().
_stopRequested = false
_stopFireRequested = false
Returning from postfire(): true
Called fire().
Checking for deadlock:
There are 2 Blocked actors, 0 Stopped actors, and 2 active threads.
Actors have stopped.
Checking for deadlock:
There are 2 Blocked actors, 0 Stopped actors, and 2 active threads.
Deadlock detected.
Resolving Deadlock
Checking for deadlock:
There are 2 Blocked actors, 0 Stopped actors, and 2 active threads.
Deadlock detected: no processes blocked on write, but some are blocked on read.
Called postfire().
_stopRequested = false
_stopFireRequested = false
Returning from postfire(): false
Finished deactivating branches.
Called wrapup().
-- Thread wrapup() called.
Called wrapup()
-- Thread wrapup() called.
Thread .top.OrderedMerge is exiting.
Called wrapup()
-- Thread stopped.
-- Blocked Receiver call threw TerminateProcessException.
Thread .top.Test is exiting.
-- Thread stopped.
-- Blocked Receiver call threw TerminateProcessException.
103 ms. Memory: 129024K Free: 47974K (37%)
.top. Preinitializing ...
Invoking preinitialize():  .top.OrderedMerge
Called preinitialize()
Invoking preinitialize():  .top.Ramp
Called preinitialize()
Invoking preinitialize():  .top.Ramp2
Called preinitialize()
Invoking preinitialize():  .top.Test
Called preinitialize()
.top. Finished preinitialize().
Called initialize().
Invoking initialize():  .top.OrderedMerge
Initializing actor: .top.OrderedMerge
Adding a thread: .top.OrderedMerge
Invoking initialize():  .top.Ramp
Initializing actor: .top.Ramp
Adding a thread: .top.Ramp
Invoking initialize():  .top.Ramp2
Initializing actor: .top.Ramp2
Adding a thread: .top.Ramp2
Invoking initialize():  .top.Test
Initializing actor: .top.Test
Adding a thread: .top.Test
-- Starting thread.
Called initialize()
Called prefire()
Called fire()
-- Starting thread.
Called initialize()
Called prefire()
Called fire()
Called postfire()
Called prefire()
Called fire()
-- Starting thread.
Called initialize()
Called prefire()
Called fire()
Called postfire()
Called prefire()
Called fire()
Called fire().
Checking for deadlock:
There are 3 Blocked actors, 0 Stopped actors, and 4 active threads.
Waiting for actors to stop.
-- Starting thread.
Called initialize()
Called prefire()
Called fire()
Checking for deadlock:
There are 2 Blocked actors, 0 Stopped actors, and 4 active threads.
Waiting for actors to stop.
Called postfire()
Called prefire()
Called fire()
Checking for deadlock:
There are 3 Blocked actors, 0 Stopped actors, and 4 active threads.
Waiting for actors to stop.
Read input token from inputA with value 0.0
Next port to read input from is inputB
Called postfire()
Called prefire()
Called fire()
Called postfire()
Called prefire()
Called fire()
Checking for deadlock:
There are 3 Blocked actors, 0 Stopped actors, and 4 active threads.
Waiting for actors to stop.
Read input token from inputB with value 0.0
Checking for deadlock:
There are 2 Blocked actors, 0 Stopped actors, and 4 active threads.
Waiting for actors to stop.
-- Read input: 0.0, which is expected to match: 0.0
Called prefire()
Called fire()
Checking for deadlock:
There are 3 Blocked actors, 0 Stopped actors, and 4 active threads.
Waiting for actors to stop.
Sent output token with value 0.0
Next port to read input from is inputA
Called postfire()
Called prefire()
Called fire()
Checking for deadlock:
There are 2 Blocked actors, 0 Stopped actors, and 4 active threads.
Waiting for actors to stop.
Called postfire()
Called prefire()
Called fire()
Checking for deadlock:
There are 3 Blocked actors, 0 Stopped actors, and 4 active threads.
Waiting for actors to stop.
Read input token from inputA with value 1.0
Checking for deadlock:
There are 2 Blocked actors, 0 Stopped actors, and 4 active threads.
Waiting for actors to stop.
-- Read input: 0.0, which is expected to match: 0.0
Called prefire()
Called fire()
Checking for deadlock:
There are 3 Blocked actors, 0 Stopped actors, and 4 active threads.
Waiting for actors to stop.
Sent output token with value 0.0
Next port to read input from is inputB
Called postfire()
Called prefire()
Called fire()
Called postfire()
Called prefire()
Called fire()
Checking for deadlock:
There are 3 Blocked actors, 0 Stopped actors, and 4 active threads.
Waiting for actors to stop.
Read input token from inputB with value 1.5
-- Read input: 1.0, which is expected to match: 1.0
Called prefire()
Called fire()
Checking for deadlock:
There are 3 Blocked actors, 0 Stopped actors, and 4 active threads.
Waiting for actors to stop.
Sent output token with value 1.0
Next port to read input from is inputA
Called postfire()
Called prefire()
Called fire()
Checking for deadlock:
There are 2 Blocked actors, 0 Stopped actors, and 4 active threads.
Waiting for actors to stop.
Called postfire()
Called prefire()
Called fire()
Checking for deadlock:
There are 3 Blocked actors, 0 Stopped actors, and 4 active threads.
Waiting for actors to stop.
Read input token from inputA with value 2.0
Checking for deadlock:
There are 2 Blocked actors, 0 Stopped actors, and 4 active threads.
Waiting for actors to stop.
-- Read input: 1.5, which is expected to match: 1.5
Called prefire()
Called fire()
Checking for deadlock:
There are 3 Blocked actors, 0 Stopped actors, and 4 active threads.
Waiting for actors to stop.
Sent output token with value 1.5
Next port to read input from is inputB
Called postfire()
Called prefire()
Called fire()
Checking for deadlock:
There are 2 Blocked actors, 0 Stopped actors, and 4 active threads.
Waiting for actors to stop.
Called postfire()
Called prefire()
Called fire()
Checking for deadlock:
There are 3 Blocked actors, 0 Stopped actors, and 4 active threads.
Waiting for actors to stop.
Read input token from inputB with value 3.0
Checking for deadlock:
There are 2 Blocked actors, 0 Stopped actors, and 4 active threads.
Waiting for actors to stop.
-- Read input: 2.0, which is expected to match: 2.0
Called prefire()
Called fire()
Checking for deadlock:
There are 3 Blocked actors, 0 Stopped actors, and 4 active threads.
Waiting for actors to stop.
Sent output token with value 2.0
Next port to read input from is inputA
Called postfire()
Called prefire()
Called fire()
Checking for deadlock:
There are 2 Blocked actors, 0 Stopped actors, and 4 active threads.
Waiting for actors to stop.
Called postfire()
Called prefire()
Called fire()
Checking for deadlock:
There are 3 Blocked actors, 0 Stopped actors, and 4 active threads.
Waiting for actors to stop.
Read input token from inputA with value 3.0
Checking for deadlock:
There are 2 Blocked actors, 0 Stopped actors, and 4 active threads.
Waiting for actors to stop.
-- Read input: 3.0, which is expected to match: 3.0
Called prefire()
Called fire()
Checking for deadlock:
There are 3 Blocked actors, 0 Stopped actors, and 4 active threads.
Waiting for actors to stop.
Sent output token with value 3.0
Next port to read input from is inputB
Called postfire()
Called prefire()
Called fire()
Called postfire()
Called prefire()
Called fire()
Checking for deadlock:
There are 3 Blocked actors, 0 Stopped actors, and 4 active threads.
Waiting for actors to stop.
Read input token from inputB with value 4.5
-- Read input: 3.0, which is expected to match: 3.0
Called prefire()
Called fire()
Checking for deadlock:
There are 3 Blocked actors, 0 Stopped actors, and 4 active threads.
Waiting for actors to stop.
Sent output token with value 3.0
Next port to read input from is inputA
Called postfire()
Called prefire()
Called fire()
Called postfire()
Called prefire()
Called fire()
Checking for deadlock:
There are 3 Blocked actors, 0 Stopped actors, and 4 active threads.
Waiting for actors to stop.
Read input token from inputA with value 4.0
-- Read input: 4.0, which is expected to match: 4.0
Called prefire()
Called fire()
Past the end of training data. Read and discard all inputs.
Checking for deadlock:
There are 3 Blocked actors, 0 Stopped actors, and 4 active threads.
Waiting for actors to stop.
Sent output token with value 4.0
Next port to read input from is inputA
Called postfire()
Called prefire()
Called fire()
Called postfire()
Called prefire()
Called fire()
Checking for deadlock:
There are 3 Blocked actors, 0 Stopped actors, and 4 active threads.
Waiting for actors to stop.
Read input token from inputA with value 5.0
Called prefire()
Called fire()
Past the end of training data. Read and discard all inputs.
Checking for deadlock:
There are 3 Blocked actors, 0 Stopped actors, and 4 active threads.
Waiting for actors to stop.
Sent output token with value 4.5
Next port to read input from is inputB
Called postfire()
Called prefire()
Called fire()
Checking for deadlock:
There are 2 Blocked actors, 0 Stopped actors, and 4 active threads.
Waiting for actors to stop.
Called postfire()
Called prefire()
Called fire()
Checking for deadlock:
There are 3 Blocked actors, 0 Stopped actors, and 4 active threads.
Waiting for actors to stop.
Read input token from inputB with value 6.0
Checking for deadlock:
There are 2 Blocked actors, 0 Stopped actors, and 4 active threads.
Waiting for actors to stop.
Called prefire()
Called fire()
Past the end of training data. Read and discard all inputs.
Checking for deadlock:
There are 3 Blocked actors, 0 Stopped actors, and 4 active threads.
Waiting for actors to stop.
Sent output token with value 5.0
Next port to read input from is inputA
Called postfire()
Called prefire()
Called fire()
Called postfire()
Called prefire()
Called fire()
Checking for deadlock:
There are 3 Blocked actors, 0 Stopped actors, and 4 active threads.
Waiting for actors to stop.
Read input token from inputA with value 6.0
Called prefire()
Called fire()
Past the end of training data. Read and discard all inputs.
Checking for deadlock:
There are 3 Blocked actors, 0 Stopped actors, and 4 active threads.
Waiting for actors to stop.
Sent output token with value 6.0
Next port to read input from is inputB
Called postfire()
Called prefire()
Called fire()
Checking for deadlock:
There are 2 Blocked actors, 0 Stopped actors, and 4 active threads.
Waiting for actors to stop.
Called postfire()
Called prefire()
Called fire()
Checking for deadlock:
There are 3 Blocked actors, 0 Stopped actors, and 4 active threads.
Waiting for actors to stop.
Read input token from inputB with value 7.5
Checking for deadlock:
There are 2 Blocked actors, 0 Stopped actors, and 4 active threads.
Waiting for actors to stop.
Called prefire()
Called fire()
Past the end of training data. Read and discard all inputs.
Checking for deadlock:
There are 3 Blocked actors, 0 Stopped actors, and 4 active threads.
Waiting for actors to stop.
Sent output token with value 6.0
Next port to read input from is inputA
Called postfire()
Called prefire()
Called fire()
Called postfire()
Called prefire()
Called fire()
Checking for deadlock:
There are 3 Blocked actors, 0 Stopped actors, and 4 active threads.
Waiting for actors to stop.
Read input token from inputA with value 7.0
Called prefire()
Called fire()
Past the end of training data. Read and discard all inputs.
Checking for deadlock:
There are 3 Blocked actors, 0 Stopped actors, and 4 active threads.
Waiting for actors to stop.
Sent output token with value 7.0
Next port to read input from is inputA
Called postfire()
Called prefire()
Called fire()
-- Thread wrapup() called.
Called wrapup()
Thread .top.Ramp is exiting.
-- Thread stopped.
Checking for deadlock:
There are 2 Blocked actors, 0 Stopped actors, and 3 active threads.
Waiting for actors to stop.
Read input token from inputA with value 8.0
Checking for deadlock:
There are 1 Blocked actors, 0 Stopped actors, and 3 active threads.
Waiting for actors to stop.
Called prefire()
Called fire()
Past the end of training data. Read and discard all inputs.
Checking for deadlock:
There are 2 Blocked actors, 0 Stopped actors, and 3 active threads.
Waiting for actors to stop.
Sent output token with value 7.5
Next port to read input from is inputB
Called postfire()
Called prefire()
Called fire()
Checking for deadlock:
There are 1 Blocked actors, 0 Stopped actors, and 3 active threads.
Waiting for actors to stop.
Called postfire()
Called prefire()
Called fire()
Checking for deadlock:
There are 2 Blocked actors, 0 Stopped actors, and 3 active threads.
Waiting for actors to stop.
Read input token from inputB with value 9.0
Checking for deadlock:
There are 1 Blocked actors, 0 Stopped actors, and 3 active threads.
Waiting for actors to stop.
Called prefire()
Called fire()
Past the end of training data. Read and discard all inputs.
Checking for deadlock:
There are 2 Blocked actors, 0 Stopped actors, and 3 active threads.
Waiting for actors to stop.
Sent output token with value 8.0
Next port to read input from is inputA
Called postfire()
Called prefire()
Called fire()
Read input token from inputA with value 9.0
Called prefire()
Called fire()
Past the end of training data. Read and discard all inputs.
Checking for deadlock:
There are 2 Blocked actors, 0 Stopped actors, and 3 active threads.
Waiting for actors to stop.
Sent output token with value 9.0
Next port to read input from is inputB
Called postfire()
Called prefire()
Called fire()
Called postfire()
Called prefire()
Called fire()
Checking for deadlock:
There are 2 Blocked actors, 0 Stopped actors, and 3 active threads.
Waiting for actors to stop.
Read input token from inputB with value 10.5
Called prefire()
Called fire()
Past the end of training data. Read and discard all inputs.
Checking for deadlock:
There are 2 Blocked actors, 0 Stopped actors, and 3 active threads.
Waiting for actors to stop.
Sent output token with value 9.0
Next port to read input from is inputA
Called postfire()
Called prefire()
Called fire()
Checking for deadlock:
There are 3 Blocked actors, 0 Stopped actors, and 3 active threads.
Actors have stopped.
Checking for deadlock:
There are 3 Blocked actors, 0 Stopped actors, and 3 active threads.
Deadlock detected.
Resolving Deadlock
Checking for deadlock:
There are 3 Blocked actors, 0 Stopped actors, and 3 active threads.
Artificial Deadlock - increasing queue capacity.
increasing the capacity of receiver ptolemy.actor.TypedIOPort {.top.OrderedMerge.inputB} to 2
Director: Called postfire().
Called postfire().
_stopRequested = false
_stopFireRequested = false
Returning from postfire(): true
Called fire().
Checking for deadlock:
There are 2 Blocked actors, 0 Stopped actors, and 3 active threads.
Waiting for actors to stop.
-- Thread wrapup() called.
Called wrapup()
Thread .top.Ramp2 is exiting.
-- Thread stopped.
Checking for deadlock:
There are 2 Blocked actors, 0 Stopped actors, and 2 active threads.
Actors have stopped.
Checking for deadlock:
There are 2 Blocked actors, 0 Stopped actors, and 2 active threads.
Deadlock detected.
Resolving Deadlock
Checking for deadlock:
There are 2 Blocked actors, 0 Stopped actors, and 2 active threads.
Deadlock detected: no processes blocked on write, but some are blocked on read.
Called postfire().
_stopRequested = false
_stopFireRequested = false
Returning from postfire(): false
Finished deactivating branches.
Called wrapup().
-- Thread wrapup() called.
Called wrapup()
-- Thread wrapup() called.
Called wrapup()
Thread .top.Test is exiting.
-- Thread stopped.
-- Blocked Receiver call threw TerminateProcessException.
Thread .top.OrderedMerge is exiting.
32 ms. Memory: 129024K Free: 111129K (86%)
/home/travis/build/icyphy/ptII/ptolemy/actor/lib/test/Publisher.tcl
-- Thread stopped.
-- Blocked Receiver call threw TerminateProcessException.
16 ms. Memory: 129024K Free: 105326K (82%)
4 ms. Memory: 129024K Free: 99699K (77%)
2 ms. Memory: 129024K Free: 96083K (74%)
4 ms. Memory: 129024K Free: 95089K (74%)
2 ms. Memory: 129024K Free: 94579K (73%)
3 ms. Memory: 129024K Free: 93555K (73%)
2 ms. Memory: 129024K Free: 93011K (72%)
3 ms. Memory: 129024K Free: 92017K (71%)
47 ms. Memory: 156672K Free: 137012K (87%)
5 ms. Memory: 156672K Free: 132916K (85%)
4 ms. Memory: 156672K Free: 132388K (85%)
5 ms. Memory: 156672K Free: 130340K (83%)
16 ms. Memory: 156672K Free: 122676K (78%)
20 ms. Memory: 156672K Free: 112946K (72%)
6 ms. Memory: 156672K Free: 102196K (65%)
/home/travis/build/icyphy/ptII/ptolemy/actor/lib/test/Pulse.tcl
2 ms. Memory: 156672K Free: 137270K (88%)
2 ms. Memory: 156672K Free: 136741K (87%)
1 ms. Memory: 156672K Free: 136246K (87%)
2 ms. Memory: 156672K Free: 135717K (87%)
1 ms. Memory: 156672K Free: 135222K (86%)
6 ms. Memory: 156672K Free: 134198K (86%)
7 ms. Memory: 156672K Free: 133174K (85%)
2 ms. Memory: 156672K Free: 132150K (84%)
1 ms. Memory: 156672K Free: 131621K (84%)
/home/travis/build/icyphy/ptII/ptolemy/actor/lib/test/Ramp.tcl
4 ms. Memory: 156672K Free: 129588K (83%)
4 ms. Memory: 156672K Free: 129078K (82%)
1 ms. Memory: 156672K Free: 128054K (82%)
2 ms. Memory: 156672K Free: 127509K (81%)
7 ms. Memory: 156672K Free: 126501K (81%)
6 ms. Memory: 156672K Free: 126006K (80%)
5 ms. Memory: 156672K Free: 124982K (80%)
5 actors
7000 microseconds per iteration to create
11 ms. Memory: 156672K Free: 121910K (78%)
1 ms. Memory: 156672K Free: 121396K (77%)
4 ms. Memory: 156672K Free: 120886K (77%)
2 ms. Memory: 156672K Free: 120341K (77%)
50 actors
40000 microseconds per iteration to create
41 ms. Memory: 156672K Free: 105012K (67%)
14 ms. Memory: 156672K Free: 103987K (66%)
5 ms. Memory: 156672K Free: 102454K (65%)
6 ms. Memory: 156672K Free: 101430K (65%)
500 actors
1641000 microseconds per iteration to create
215 ms. Memory: 156672K Free: 90078K (57%)
35 ms. Memory: 156672K Free: 84958K (54%)
38 ms. Memory: 156672K Free: 79838K (51%)
31 ms. Memory: 156672K Free: 74718K (48%)
/home/travis/build/icyphy/ptII/ptolemy/actor/lib/test/RampContinuous.tcl
7 ms. Memory: 156672K Free: 73680K (47%)
/home/travis/build/icyphy/ptII/ptolemy/actor/lib/test/RecordAssembler.tcl
4 ms. Memory: 156672K Free: 72160K (46%)
3 ms. Memory: 156672K Free: 71136K (45%)
/home/travis/build/icyphy/ptII/ptolemy/actor/lib/test/RecordDisassembler.tcl
5 ms. Memory: 156672K Free: 69088K (44%)
2 ms. Memory: 156672K Free: 68574K (44%)
3 ms. Memory: 156672K Free: 67040K (43%)
/home/travis/build/icyphy/ptII/ptolemy/actor/lib/test/Scale.tcl
2 ms. Memory: 156672K Free: 65472K (42%)
1 ms. Memory: 156672K Free: 64464K (41%)
2 ms. Memory: 156672K Free: 63968K (41%)
2 ms. Memory: 156672K Free: 62944K (40%)
3 ms. Memory: 156672K Free: 62416K (40%)
/home/travis/build/icyphy/ptII/ptolemy/actor/lib/test/SequentialClock.tcl
preinitializing
resolving types
initializing
executing number 1
wrapping up
idle
2 ms. Memory: 156672K Free: 60896K (39%)
Completed execution with 5 iterations
preinitializing
resolving types
initializing
executing number 1
wrapping up
idle
1 ms. Memory: 156672K Free: 60368K (39%)
Completed execution with 5 iterations
preinitializing
resolving types
initializing
executing number 1
wrapping up
idle
1 ms. Memory: 156672K Free: 59872K (38%)
Completed execution with 5 iterations
/home/travis/build/icyphy/ptII/ptolemy/actor/lib/test/SetVariable.tcl
3 ms. Memory: 156672K Free: 57824K (37%)
/home/travis/build/icyphy/ptII/ptolemy/actor/lib/test/Sinewave.tcl
/home/travis/build/icyphy/ptII/ptolemy/actor/lib/test/SubscriptionAggregator.tcl
4 ms. Memory: 191488K Free: 161220K (84%)
3 ms. Memory: 191488K Free: 160706K (84%)
0 ms. Memory: 191488K Free: 160196K (84%)
1 ms. Memory: 191488K Free: 159668K (83%)
2 ms. Memory: 191488K Free: 156100K (82%)
9 ms. Memory: 191488K Free: 154052K (80%)
...............................................................1052 ms. Memory: 304128K Free: 152454K (50%)
/home/travis/build/icyphy/ptII/ptolemy/actor/lib/test/Test.tcl
 The next command will produce a warning about training mode,
   which may be ignored.
8 ms. Memory: 304128K Free: 150406K (49%)
11 ms. Memory: 304128K Free: 149878K (49%)
1 ms. Memory: 304128K Free: 149382K (49%)
1 ms. Memory: 304128K Free: 148862K (49%)
10 ms. Memory: 304128K Free: 147814K (49%)
3 ms. Memory: 304128K Free: 146806K (48%)
3 ms. Memory: 304128K Free: 145286K (48%)
 The next command will produce a warning about training mode,
   which may be ignored.
3 ms. Memory: 304128K Free: 143238K (47%)
 The next command will produce a warning about training mode,
   which may be ignored.
2 ms. Memory: 304128K Free: 141700K (47%)
1 ms. Memory: 304128K Free: 141700K (47%)
1 ms. Memory: 304128K Free: 141190K (46%)
1 ms. Memory: 304128K Free: 140662K (46%)
5 ms. Memory: 304128K Free: 139646K (46%)
2 ms. Memory: 304128K Free: 135556K (45%)
/home/travis/build/icyphy/ptII/ptolemy/actor/lib/test/TestExceptionHandler.tcl
 The next command will produce a warning about training mode,
   which may be ignored.
2 ms. Memory: 304128K Free: 134532K (44%)
1 ms. Memory: 304128K Free: 134022K (44%)
0 ms. Memory: 304128K Free: 133502K (44%)
/home/travis/build/icyphy/ptII/ptolemy/actor/lib/test/UnionDisassembler.tcl
13 ms. Memory: 304128K Free: 125830K (41%)
/home/travis/build/icyphy/ptII/ptolemy/actor/lib/test/VariableClock.tcl
preinitializing
resolving types
initializing
executing number 1
wrapping up
idle
2 ms. Memory: 304128K Free: 124292K (41%)
Completed execution with 11 iterations
preinitializing
resolving types
initializing
executing number 1
wrapping up
idle
3 ms. Memory: 304128K Free: 122758K (40%)
Completed execution with 10 iterations
06/16/20 02:44:49
Failed: 0  Total Tests: 233  ((Passed: 233, Newly Passed: 0)  Known Failed: 0) /home/travis/build/icyphy/ptII/ptolemy/actor/lib/test
----------------- testing (KnownFailure) /home/travis/build/icyphy/ptII/ptolemy/actor/lib/test/auto/knownFailedTests/PublisherPortToplevelSubscriber.xml
0 ms. Memory: 304128K Free: 119172K (39%)
Known Failure: java.lang.reflect.InvocationTargetException
----------------- testing (KnownFailure) /home/travis/build/icyphy/ptII/ptolemy/actor/lib/test/auto/knownFailedTests/PublisherSubscriberPortToplevel.xml
0 ms. Memory: 304128K Free: 115076K (38%)
Known Failure: java.lang.reflect.InvocationTargetException
----------------- testing (KnownFailure) /home/travis/build/icyphy/ptII/ptolemy/actor/lib/test/auto/knownFailedTests/PublisherSubscriptionAggregatorPort.xml
1 ms. Memory: 304128K Free: 110980K (36%)
Known Failure: java.lang.reflect.InvocationTargetException
----------------- testing (KnownFailure) /home/travis/build/icyphy/ptII/ptolemy/actor/lib/test/auto/knownFailedTests/sizedarray3.xml
15 ms. Memory: 304128K Free: 106374K (35%)
Known Failure: java.lang.reflect.InvocationTargetException
No auto/linux-amd64/*.xml tests in /home/travis/build/icyphy/ptII/ptolemy/actor/lib/test
AutoTests.java: About to close Vertx.
AutoTests.java: Vertx closed.

===========================================================================================
----------------- testing Tue Jun 16 14:44:49 UTC 2020 /home/travis/build/icyphy/ptII/ptolemy/actor/lib/test/auto/AbsoluteValue.xml
----------------- Instantiating /home/travis/build/icyphy/ptII/ptolemy/actor/lib/test/auto/AbsoluteValue.xml
13 ms. Memory: 304128K Free: 236422K (78%)
----------------- Invoking toplevel() on ptolemy.moml.MoMLSimpleApplication@31b4a7c1
----------------- Done invoking toplevel() on ptolemy.moml.MoMLSimpleApplication@31b4a7c1
reloadAllAccessors: .AbsoluteValue

===========================================================================================
----------------- testing Tue Jun 16 14:44:49 UTC 2020 /home/travis/build/icyphy/ptII/ptolemy/actor/lib/test/auto/AbsoluteValue2.xml
----------------- Instantiating /home/travis/build/icyphy/ptII/ptolemy/actor/lib/test/auto/AbsoluteValue2.xml
8 ms. Memory: 304128K Free: 229254K (75%)
----------------- Invoking toplevel() on ptolemy.moml.MoMLSimpleApplication@63967827
----------------- Done invoking toplevel() on ptolemy.moml.MoMLSimpleApplication@63967827
reloadAllAccessors: .AbsoluteValue2

===========================================================================================
----------------- testing Tue Jun 16 14:44:49 UTC 2020 /home/travis/build/icyphy/ptII/ptolemy/actor/lib/test/auto/Accumulator.xml
----------------- Instantiating /home/travis/build/icyphy/ptII/ptolemy/actor/lib/test/auto/Accumulator.xml
6 ms. Memory: 304128K Free: 223110K (73%)
----------------- Invoking toplevel() on ptolemy.moml.MoMLSimpleApplication@23ca09b0
----------------- Done invoking toplevel() on ptolemy.moml.MoMLSimpleApplication@23ca09b0
reloadAllAccessors: .Accumulator

===========================================================================================
----------------- testing Tue Jun 16 14:44:49 UTC 2020 /home/travis/build/icyphy/ptII/ptolemy/actor/lib/test/auto/Accumulator2.xml
----------------- Instantiating /home/travis/build/icyphy/ptII/ptolemy/actor/lib/test/auto/Accumulator2.xml
14 ms. Memory: 304128K Free: 217476K (72%)
----------------- Invoking toplevel() on ptolemy.moml.MoMLSimpleApplication@6cbc9d2e
----------------- Done invoking toplevel() on ptolemy.moml.MoMLSimpleApplication@6cbc9d2e
reloadAllAccessors: .Accumulator2

===========================================================================================
----------------- testing Tue Jun 16 14:44:49 UTC 2020 /home/travis/build/icyphy/ptII/ptolemy/actor/lib/test/auto/Accumulator3.xml
----------------- Instantiating /home/travis/build/icyphy/ptII/ptolemy/actor/lib/test/auto/Accumulator3.xml
3 ms. Memory: 304128K Free: 213380K (70%)
----------------- Invoking toplevel() on ptolemy.moml.MoMLSimpleApplication@7b1ba2de
----------------- Done invoking toplevel() on ptolemy.moml.MoMLSimpleApplication@7b1ba2de
reloadAllAccessors: .Accumulator3

===========================================================================================
----------------- testing Tue Jun 16 14:44:49 UTC 2020 /home/travis/build/icyphy/ptII/ptolemy/actor/lib/test/auto/ArrayAppend.xml
----------------- Instantiating /home/travis/build/icyphy/ptII/ptolemy/actor/lib/test/auto/ArrayAppend.xml
6 ms. Memory: 304128K Free: 207750K (68%)
----------------- Invoking toplevel() on ptolemy.moml.MoMLSimpleApplication@4d36836c
----------------- Done invoking toplevel() on ptolemy.moml.MoMLSimpleApplication@4d36836c
reloadAllAccessors: .ArrayAppend

===========================================================================================
----------------- testing Tue Jun 16 14:44:49 UTC 2020 /home/travis/build/icyphy/ptII/ptolemy/actor/lib/test/auto/ArrayAppend2.xml
----------------- Instantiating /home/travis/build/icyphy/ptII/ptolemy/actor/lib/test/auto/ArrayAppend2.xml
625 ms. Memory: 304128K Free: 124292K (41%)
----------------- Invoking toplevel() on ptolemy.moml.MoMLSimpleApplication@15f4fe3d
----------------- Done invoking toplevel() on ptolemy.moml.MoMLSimpleApplication@15f4fe3d
reloadAllAccessors: .ArrayAppend2

===========================================================================================
----------------- testing Tue Jun 16 14:44:50 UTC 2020 /home/travis/build/icyphy/ptII/ptolemy/actor/lib/test/auto/ArrayAppend3.xml
----------------- Instantiating /home/travis/build/icyphy/ptII/ptolemy/actor/lib/test/auto/ArrayAppend3.xml
5 ms. Memory: 304128K Free: 119172K (39%)
----------------- Invoking toplevel() on ptolemy.moml.MoMLSimpleApplication@38514e48
----------------- Done invoking toplevel() on ptolemy.moml.MoMLSimpleApplication@38514e48
reloadAllAccessors: .ArrayAppend3

===========================================================================================
----------------- testing Tue Jun 16 14:44:50 UTC 2020 /home/travis/build/icyphy/ptII/ptolemy/actor/lib/test/auto/ArrayAppend4.xml
----------------- Instantiating /home/travis/build/icyphy/ptII/ptolemy/actor/lib/test/auto/ArrayAppend4.xml
6 ms. Memory: 304128K Free: 113542K (37%)
----------------- Invoking toplevel() on ptolemy.moml.MoMLSimpleApplication@1cbb1d61
----------------- Done invoking toplevel() on ptolemy.moml.MoMLSimpleApplication@1cbb1d61
reloadAllAccessors: .ArrayAppend4

===========================================================================================
----------------- testing Tue Jun 16 14:44:50 UTC 2020 /home/travis/build/icyphy/ptII/ptolemy/actor/lib/test/auto/ArrayAppend5.xml
----------------- Instantiating /home/travis/build/icyphy/ptII/ptolemy/actor/lib/test/auto/ArrayAppend5.xml
3 ms. Memory: 304128K Free: 108422K (36%)
----------------- Invoking toplevel() on ptolemy.moml.MoMLSimpleApplication@13afbc28
----------------- Done invoking toplevel() on ptolemy.moml.MoMLSimpleApplication@13afbc28
reloadAllAccessors: .ArrayAppend5

===========================================================================================
----------------- testing Tue Jun 16 14:44:50 UTC 2020 /home/travis/build/icyphy/ptII/ptolemy/actor/lib/test/auto/ArrayAppend6.xml
----------------- Instantiating /home/travis/build/icyphy/ptII/ptolemy/actor/lib/test/auto/ArrayAppend6.xml
2 ms. Memory: 304128K Free: 103812K (34%)
----------------- Invoking toplevel() on ptolemy.moml.MoMLSimpleApplication@3693834c
----------------- Done invoking toplevel() on ptolemy.moml.MoMLSimpleApplication@3693834c
reloadAllAccessors: .ArrayAppend6

===========================================================================================
----------------- testing Tue Jun 16 14:44:50 UTC 2020 /home/travis/build/icyphy/ptII/ptolemy/actor/lib/test/auto/ArrayAppendPerformanceTest.xml
----------------- Instantiating /home/travis/build/icyphy/ptII/ptolemy/actor/lib/test/auto/ArrayAppendPerformanceTest.xml
89 ms. Memory: 304128K Free: 253631K (83%)
----------------- Invoking toplevel() on ptolemy.moml.MoMLSimpleApplication@142cf68b
----------------- Done invoking toplevel() on ptolemy.moml.MoMLSimpleApplication@142cf68b
reloadAllAccessors: .ArrayAppendPerformanceTest

===========================================================================================
----------------- testing Tue Jun 16 14:44:50 UTC 2020 /home/travis/build/icyphy/ptII/ptolemy/actor/lib/test/auto/ArrayAppendWithEmptyInput.xml
----------------- Instantiating /home/travis/build/icyphy/ptII/ptolemy/actor/lib/test/auto/ArrayAppendWithEmptyInput.xml
13 ms. Memory: 304128K Free: 245248K (81%)
----------------- Invoking toplevel() on ptolemy.moml.MoMLSimpleApplication@49815e2f
----------------- Done invoking toplevel() on ptolemy.moml.MoMLSimpleApplication@49815e2f
reloadAllAccessors: .ArrayAppendWithEmptyInput

===========================================================================================
----------------- testing Tue Jun 16 14:44:50 UTC 2020 /home/travis/build/icyphy/ptII/ptolemy/actor/lib/test/auto/ArrayAverage.xml
----------------- Instantiating /home/travis/build/icyphy/ptII/ptolemy/actor/lib/test/auto/ArrayAverage.xml
4 ms. Memory: 304128K Free: 237056K (78%)
----------------- Invoking toplevel() on ptolemy.moml.MoMLSimpleApplication@41a44581
----------------- Done invoking toplevel() on ptolemy.moml.MoMLSimpleApplication@41a44581
reloadAllAccessors: .ArrayAverage

===========================================================================================
----------------- testing Tue Jun 16 14:44:50 UTC 2020 /home/travis/build/icyphy/ptII/ptolemy/actor/lib/test/auto/ArrayContains.xml
----------------- Instantiating /home/travis/build/icyphy/ptII/ptolemy/actor/lib/test/auto/ArrayContains.xml
2 ms. Memory: 304128K Free: 231426K (76%)
----------------- Invoking toplevel() on ptolemy.moml.MoMLSimpleApplication@69291be3
----------------- Done invoking toplevel() on ptolemy.moml.MoMLSimpleApplication@69291be3
reloadAllAccessors: .ArrayContains

===========================================================================================
----------------- testing Tue Jun 16 14:44:50 UTC 2020 /home/travis/build/icyphy/ptII/ptolemy/actor/lib/test/auto/ArrayElement.xml
----------------- Instantiating /home/travis/build/icyphy/ptII/ptolemy/actor/lib/test/auto/ArrayElement.xml
7 ms. Memory: 304128K Free: 225282K (74%)
----------------- Invoking toplevel() on ptolemy.moml.MoMLSimpleApplication@11097869
----------------- Done invoking toplevel() on ptolemy.moml.MoMLSimpleApplication@11097869
reloadAllAccessors: .ArrayElement

===========================================================================================
----------------- testing Tue Jun 16 14:44:50 UTC 2020 /home/travis/build/icyphy/ptII/ptolemy/actor/lib/test/auto/ArrayElementAsMatrix.xml
----------------- Instantiating /home/travis/build/icyphy/ptII/ptolemy/actor/lib/test/auto/ArrayElementAsMatrix.xml
21 ms. Memory: 304128K Free: 215552K (71%)
----------------- Invoking toplevel() on ptolemy.moml.MoMLSimpleApplication@7a406fb7
----------------- Done invoking toplevel() on ptolemy.moml.MoMLSimpleApplication@7a406fb7
reloadAllAccessors: .ArrayElementAsMatrix

===========================================================================================
----------------- testing Tue Jun 16 14:44:50 UTC 2020 /home/travis/build/icyphy/ptII/ptolemy/actor/lib/test/auto/ArrayElementI.xml
----------------- Instantiating /home/travis/build/icyphy/ptII/ptolemy/actor/lib/test/auto/ArrayElementI.xml
2 ms. Memory: 304128K Free: 210946K (69%)
----------------- Invoking toplevel() on ptolemy.moml.MoMLSimpleApplication@49e1d271
----------------- Done invoking toplevel() on ptolemy.moml.MoMLSimpleApplication@49e1d271
reloadAllAccessors: .ArrayElementI

===========================================================================================
----------------- testing Tue Jun 16 14:44:51 UTC 2020 /home/travis/build/icyphy/ptII/ptolemy/actor/lib/test/auto/ArrayExtract.xml
----------------- Instantiating /home/travis/build/icyphy/ptII/ptolemy/actor/lib/test/auto/ArrayExtract.xml
9 ms. Memory: 304128K Free: 202240K (66%)
----------------- Invoking toplevel() on ptolemy.moml.MoMLSimpleApplication@535af77
----------------- Done invoking toplevel() on ptolemy.moml.MoMLSimpleApplication@535af77
reloadAllAccessors: .ArrayExtract

===========================================================================================
----------------- testing Tue Jun 16 14:44:51 UTC 2020 /home/travis/build/icyphy/ptII/ptolemy/actor/lib/test/auto/ArrayExtract2.xml
----------------- Instantiating /home/travis/build/icyphy/ptII/ptolemy/actor/lib/test/auto/ArrayExtract2.xml
2 ms. Memory: 304128K Free: 197089K (65%)
----------------- Invoking toplevel() on ptolemy.moml.MoMLSimpleApplication@447f314d
----------------- Done invoking toplevel() on ptolemy.moml.MoMLSimpleApplication@447f314d
reloadAllAccessors: .ArrayExtract2

===========================================================================================
----------------- testing Tue Jun 16 14:44:51 UTC 2020 /home/travis/build/icyphy/ptII/ptolemy/actor/lib/test/auto/ArrayLength.xml
----------------- Instantiating /home/travis/build/icyphy/ptII/ptolemy/actor/lib/test/auto/ArrayLength.xml
2 ms. Memory: 304128K Free: 193024K (63%)
----------------- Invoking toplevel() on ptolemy.moml.MoMLSimpleApplication@60d272d6
----------------- Done invoking toplevel() on ptolemy.moml.MoMLSimpleApplication@60d272d6
reloadAllAccessors: .ArrayLength

===========================================================================================
----------------- testing Tue Jun 16 14:44:51 UTC 2020 /home/travis/build/icyphy/ptII/ptolemy/actor/lib/test/auto/ArrayLevelCrossing.xml
----------------- Instantiating /home/travis/build/icyphy/ptII/ptolemy/actor/lib/test/auto/ArrayLevelCrossing.xml
5 ms. Memory: 304128K Free: 184832K (61%)
----------------- Invoking toplevel() on ptolemy.moml.MoMLSimpleApplication@235eab62
----------------- Done invoking toplevel() on ptolemy.moml.MoMLSimpleApplication@235eab62
reloadAllAccessors: .ArrayLevelCrossing

===========================================================================================
----------------- testing Tue Jun 16 14:44:51 UTC 2020 /home/travis/build/icyphy/ptII/ptolemy/actor/lib/test/auto/ArrayLevelCrossing2.xml
----------------- Instantiating /home/travis/build/icyphy/ptII/ptolemy/actor/lib/test/auto/ArrayLevelCrossing2.xml
3 ms. Memory: 304128K Free: 177154K (58%)
----------------- Invoking toplevel() on ptolemy.moml.MoMLSimpleApplication@7c45a3f7
----------------- Done invoking toplevel() on ptolemy.moml.MoMLSimpleApplication@7c45a3f7
reloadAllAccessors: .ArrayLevelCrossing2

===========================================================================================
----------------- testing Tue Jun 16 14:44:51 UTC 2020 /home/travis/build/icyphy/ptII/ptolemy/actor/lib/test/auto/ArrayPeakSearch.xml
----------------- Instantiating /home/travis/build/icyphy/ptII/ptolemy/actor/lib/test/auto/ArrayPeakSearch.xml
5 ms. Memory: 304128K Free: 168448K (55%)
----------------- Invoking toplevel() on ptolemy.moml.MoMLSimpleApplication@32e4b1c9
----------------- Done invoking toplevel() on ptolemy.moml.MoMLSimpleApplication@32e4b1c9
reloadAllAccessors: .ArrayPeakSearch

===========================================================================================
----------------- testing Tue Jun 16 14:44:51 UTC 2020 /home/travis/build/icyphy/ptII/ptolemy/actor/lib/test/auto/ArrayPeakSearch2.xml
----------------- Instantiating /home/travis/build/icyphy/ptII/ptolemy/actor/lib/test/auto/ArrayPeakSearch2.xml
5 ms. Memory: 304128K Free: 157698K (52%)
----------------- Invoking toplevel() on ptolemy.moml.MoMLSimpleApplication@20f27a2c
----------------- Done invoking toplevel() on ptolemy.moml.MoMLSimpleApplication@20f27a2c
reloadAllAccessors: .ArrayPeakSearch2

===========================================================================================
----------------- testing Tue Jun 16 14:44:51 UTC 2020 /home/travis/build/icyphy/ptII/ptolemy/actor/lib/test/auto/ArrayPeakSearch3.xml
----------------- Instantiating /home/travis/build/icyphy/ptII/ptolemy/actor/lib/test/auto/ArrayPeakSearch3.xml
3 ms. Memory: 304128K Free: 148992K (49%)
----------------- Invoking toplevel() on ptolemy.moml.MoMLSimpleApplication@721f8630
----------------- Done invoking toplevel() on ptolemy.moml.MoMLSimpleApplication@721f8630
reloadAllAccessors: .ArrayPeakSearch3

===========================================================================================
----------------- testing Tue Jun 16 14:44:51 UTC 2020 /home/travis/build/icyphy/ptII/ptolemy/actor/lib/test/auto/ArrayRemoveElement.xml
----------------- Instantiating /home/travis/build/icyphy/ptII/ptolemy/actor/lib/test/auto/ArrayRemoveElement.xml
5 ms. Memory: 304128K Free: 140800K (46%)
----------------- Invoking toplevel() on ptolemy.moml.MoMLSimpleApplication@70a3cfe6
----------------- Done invoking toplevel() on ptolemy.moml.MoMLSimpleApplication@70a3cfe6
reloadAllAccessors: .ArrayRemoveElement

===========================================================================================
----------------- testing Tue Jun 16 14:44:51 UTC 2020 /home/travis/build/icyphy/ptII/ptolemy/actor/lib/test/auto/ArraySort.xml
----------------- Instantiating /home/travis/build/icyphy/ptII/ptolemy/actor/lib/test/auto/ArraySort.xml
5 ms. Memory: 304128K Free: 132098K (43%)
----------------- Invoking toplevel() on ptolemy.moml.MoMLSimpleApplication@70f863ce
----------------- Done invoking toplevel() on ptolemy.moml.MoMLSimpleApplication@70f863ce
reloadAllAccessors: .ArraySort

===========================================================================================
----------------- testing Tue Jun 16 14:44:51 UTC 2020 /home/travis/build/icyphy/ptII/ptolemy/actor/lib/test/auto/ArraySum.xml
----------------- Instantiating /home/travis/build/icyphy/ptII/ptolemy/actor/lib/test/auto/ArraySum.xml
7 ms. Memory: 304128K Free: 126464K (42%)
----------------- Invoking toplevel() on ptolemy.moml.MoMLSimpleApplication@73400562
----------------- Done invoking toplevel() on ptolemy.moml.MoMLSimpleApplication@73400562
reloadAllAccessors: .ArraySum

===========================================================================================
----------------- testing Tue Jun 16 14:44:51 UTC 2020 /home/travis/build/icyphy/ptII/ptolemy/actor/lib/test/auto/ArrayToElements.xml
----------------- Instantiating /home/travis/build/icyphy/ptII/ptolemy/actor/lib/test/auto/ArrayToElements.xml
4 ms. Memory: 304128K Free: 121344K (40%)
----------------- Invoking toplevel() on ptolemy.moml.MoMLSimpleApplication@4f0c4acd
----------------- Done invoking toplevel() on ptolemy.moml.MoMLSimpleApplication@4f0c4acd
reloadAllAccessors: .ArrayToElements

===========================================================================================
----------------- testing Tue Jun 16 14:44:51 UTC 2020 /home/travis/build/icyphy/ptII/ptolemy/actor/lib/test/auto/ArrayToMatrix.xml
----------------- Instantiating /home/travis/build/icyphy/ptII/ptolemy/actor/lib/test/auto/ArrayToMatrix.xml
9 ms. Memory: 304128K Free: 106498K (35%)
----------------- Invoking toplevel() on ptolemy.moml.MoMLSimpleApplication@583d0df7
----------------- Done invoking toplevel() on ptolemy.moml.MoMLSimpleApplication@583d0df7
reloadAllAccessors: .ArrayToMatrix

===========================================================================================
----------------- testing Tue Jun 16 14:44:51 UTC 2020 /home/travis/build/icyphy/ptII/ptolemy/actor/lib/test/auto/ArrayUpdate1.xml
----------------- Instantiating /home/travis/build/icyphy/ptII/ptolemy/actor/lib/test/auto/ArrayUpdate1.xml
4 ms. Memory: 304128K Free: 101888K (34%)
----------------- Invoking toplevel() on ptolemy.moml.MoMLSimpleApplication@36b524f6
----------------- Done invoking toplevel() on ptolemy.moml.MoMLSimpleApplication@36b524f6
reloadAllAccessors: .ArrayUpdate1

===========================================================================================
----------------- testing Tue Jun 16 14:44:51 UTC 2020 /home/travis/build/icyphy/ptII/ptolemy/actor/lib/test/auto/ArrayUpdate2.xml
----------------- Instantiating /home/travis/build/icyphy/ptII/ptolemy/actor/lib/test/auto/ArrayUpdate2.xml
5 ms. Memory: 304128K Free: 95234K (31%)
----------------- Invoking toplevel() on ptolemy.moml.MoMLSimpleApplication@50cdbdff
----------------- Done invoking toplevel() on ptolemy.moml.MoMLSimpleApplication@50cdbdff
reloadAllAccessors: .ArrayUpdate2

===========================================================================================
----------------- testing Tue Jun 16 14:44:51 UTC 2020 /home/travis/build/icyphy/ptII/ptolemy/actor/lib/test/auto/ArrayUpdate3.xml
----------------- Instantiating /home/travis/build/icyphy/ptII/ptolemy/actor/lib/test/auto/ArrayUpdate3.xml
2 ms. Memory: 304128K Free: 90624K (30%)
----------------- Invoking toplevel() on ptolemy.moml.MoMLSimpleApplication@4c26a17
----------------- Done invoking toplevel() on ptolemy.moml.MoMLSimpleApplication@4c26a17
reloadAllAccessors: .ArrayUpdate3

===========================================================================================
----------------- testing Tue Jun 16 14:44:51 UTC 2020 /home/travis/build/icyphy/ptII/ptolemy/actor/lib/test/auto/Assert1.xml
----------------- Instantiating /home/travis/build/icyphy/ptII/ptolemy/actor/lib/test/auto/Assert1.xml
7 ms. Memory: 304128K Free: 86018K (28%)
----------------- Invoking toplevel() on ptolemy.moml.MoMLSimpleApplication@1e6c6189
----------------- Done invoking toplevel() on ptolemy.moml.MoMLSimpleApplication@1e6c6189
reloadAllAccessors: .Assert1

===========================================================================================
----------------- testing Tue Jun 16 14:44:51 UTC 2020 /home/travis/build/icyphy/ptII/ptolemy/actor/lib/test/auto/Assert2.xml
----------------- Instantiating /home/travis/build/icyphy/ptII/ptolemy/actor/lib/test/auto/Assert2.xml
3 ms. Memory: 304128K Free: 81408K (27%)
----------------- Invoking toplevel() on ptolemy.moml.MoMLSimpleApplication@5bd09ed7
----------------- Done invoking toplevel() on ptolemy.moml.MoMLSimpleApplication@5bd09ed7
reloadAllAccessors: .Assert2

===========================================================================================
----------------- testing Tue Jun 16 14:44:51 UTC 2020 /home/travis/build/icyphy/ptII/ptolemy/actor/lib/test/auto/BooleanMultiplexor.xml
----------------- Instantiating /home/travis/build/icyphy/ptII/ptolemy/actor/lib/test/auto/BooleanMultiplexor.xml
9 ms. Memory: 304128K Free: 255016K (84%)
----------------- Invoking toplevel() on ptolemy.moml.MoMLSimpleApplication@5bcae8ed
----------------- Done invoking toplevel() on ptolemy.moml.MoMLSimpleApplication@5bcae8ed
reloadAllAccessors: .BooleanMultiplexor

===========================================================================================
----------------- testing Tue Jun 16 14:44:51 UTC 2020 /home/travis/build/icyphy/ptII/ptolemy/actor/lib/test/auto/BooleanMultiplexor2.xml
----------------- Instantiating /home/travis/build/icyphy/ptII/ptolemy/actor/lib/test/auto/BooleanMultiplexor2.xml
14 ms. Memory: 304128K Free: 247848K (81%)
----------------- Invoking toplevel() on ptolemy.moml.MoMLSimpleApplication@9aa2b66
----------------- Done invoking toplevel() on ptolemy.moml.MoMLSimpleApplication@9aa2b66
reloadAllAccessors: .BooleanMultiplexor2

===========================================================================================
----------------- testing Tue Jun 16 14:44:51 UTC 2020 /home/travis/build/icyphy/ptII/ptolemy/actor/lib/test/auto/BooleanMultiplexor3.xml
----------------- Instantiating /home/travis/build/icyphy/ptII/ptolemy/actor/lib/test/auto/BooleanMultiplexor3.xml
4 ms. Memory: 304128K Free: 244262K (80%)
----------------- Invoking toplevel() on ptolemy.moml.MoMLSimpleApplication@5ea934d1
----------------- Done invoking toplevel() on ptolemy.moml.MoMLSimpleApplication@5ea934d1
reloadAllAccessors: .BooleanMultiplexor3

===========================================================================================
----------------- testing Tue Jun 16 14:44:51 UTC 2020 /home/travis/build/icyphy/ptII/ptolemy/actor/lib/test/auto/BooleanSelect.xml
----------------- Instantiating /home/travis/build/icyphy/ptII/ptolemy/actor/lib/test/auto/BooleanSelect.xml
7 ms. Memory: 304128K Free: 237608K (78%)
----------------- Invoking toplevel() on ptolemy.moml.MoMLSimpleApplication@25846674
----------------- Done invoking toplevel() on ptolemy.moml.MoMLSimpleApplication@25846674
reloadAllAccessors: .BooleanSelect

===========================================================================================
----------------- testing Tue Jun 16 14:44:51 UTC 2020 /home/travis/build/icyphy/ptII/ptolemy/actor/lib/test/auto/BooleanSelect2.xml
----------------- Instantiating /home/travis/build/icyphy/ptII/ptolemy/actor/lib/test/auto/BooleanSelect2.xml
3 ms. Memory: 304128K Free: 233512K (77%)
----------------- Invoking toplevel() on ptolemy.moml.MoMLSimpleApplication@6a3793f9
----------------- Done invoking toplevel() on ptolemy.moml.MoMLSimpleApplication@6a3793f9
reloadAllAccessors: .BooleanSelect2

===========================================================================================
----------------- testing Tue Jun 16 14:44:51 UTC 2020 /home/travis/build/icyphy/ptII/ptolemy/actor/lib/test/auto/BooleanSwitch.xml
----------------- Instantiating /home/travis/build/icyphy/ptII/ptolemy/actor/lib/test/auto/BooleanSwitch.xml
4 ms. Memory: 304128K Free: 227368K (75%)
----------------- Invoking toplevel() on ptolemy.moml.MoMLSimpleApplication@617e4b27
----------------- Done invoking toplevel() on ptolemy.moml.MoMLSimpleApplication@617e4b27
reloadAllAccessors: .BooleanSwitch

===========================================================================================
----------------- testing Tue Jun 16 14:44:51 UTC 2020 /home/travis/build/icyphy/ptII/ptolemy/actor/lib/test/auto/BooleanSwitch2.xml
----------------- Instantiating /home/travis/build/icyphy/ptII/ptolemy/actor/lib/test/auto/BooleanSwitch2.xml
2 ms. Memory: 304128K Free: 223272K (73%)
----------------- Invoking toplevel() on ptolemy.moml.MoMLSimpleApplication@67ed381b
----------------- Done invoking toplevel() on ptolemy.moml.MoMLSimpleApplication@67ed381b
reloadAllAccessors: .BooleanSwitch2

===========================================================================================
----------------- testing Tue Jun 16 14:44:51 UTC 2020 /home/travis/build/icyphy/ptII/ptolemy/actor/lib/test/auto/BooleanSwitchCloningBugWithClassRelationGroup.xml
----------------- Instantiating /home/travis/build/icyphy/ptII/ptolemy/actor/lib/test/auto/BooleanSwitchCloningBugWithClassRelationGroup.xml
4 ms. Memory: 304128K Free: 216614K (71%)
----------------- Invoking toplevel() on ptolemy.moml.MoMLSimpleApplication@2ba4a425
----------------- Done invoking toplevel() on ptolemy.moml.MoMLSimpleApplication@2ba4a425
reloadAllAccessors: .BooleanSwitchCloningBugWithClassRelationGroup

===========================================================================================
----------------- testing Tue Jun 16 14:44:51 UTC 2020 /home/travis/build/icyphy/ptII/ptolemy/actor/lib/test/auto/BusActors.xml
----------------- Instantiating /home/travis/build/icyphy/ptII/ptolemy/actor/lib/test/auto/BusActors.xml
4 ms. Memory: 304128K Free: 208936K (69%)
----------------- Invoking toplevel() on ptolemy.moml.MoMLSimpleApplication@28bc00c9
----------------- Done invoking toplevel() on ptolemy.moml.MoMLSimpleApplication@28bc00c9
reloadAllAccessors: .BusActors

===========================================================================================
----------------- testing Tue Jun 16 14:44:51 UTC 2020 /home/travis/build/icyphy/ptII/ptolemy/actor/lib/test/auto/ClassWrapper.xml
----------------- Instantiating /home/travis/build/icyphy/ptII/ptolemy/actor/lib/test/auto/ClassWrapper.xml
3 ms. Memory: 304128K Free: 204326K (67%)
----------------- Invoking toplevel() on ptolemy.moml.MoMLSimpleApplication@5efcf586
----------------- Done invoking toplevel() on ptolemy.moml.MoMLSimpleApplication@5efcf586
reloadAllAccessors: .ClassWrapper

===========================================================================================
----------------- testing Tue Jun 16 14:44:51 UTC 2020 /home/travis/build/icyphy/ptII/ptolemy/actor/lib/test/auto/Clock.xml
----------------- Instantiating /home/travis/build/icyphy/ptII/ptolemy/actor/lib/test/auto/Clock.xml
2 ms. Memory: 304128K Free: 200744K (66%)
----------------- Invoking toplevel() on ptolemy.moml.MoMLSimpleApplication@71a6338b
----------------- Done invoking toplevel() on ptolemy.moml.MoMLSimpleApplication@71a6338b
reloadAllAccessors: .Clock

===========================================================================================
----------------- testing Tue Jun 16 14:44:51 UTC 2020 /home/travis/build/icyphy/ptII/ptolemy/actor/lib/test/auto/Clock10.xml
----------------- Instantiating /home/travis/build/icyphy/ptII/ptolemy/actor/lib/test/auto/Clock10.xml
4 ms. Memory: 304128K Free: 194600K (64%)
----------------- Invoking toplevel() on ptolemy.moml.MoMLSimpleApplication@5c249d3f
----------------- Done invoking toplevel() on ptolemy.moml.MoMLSimpleApplication@5c249d3f
reloadAllAccessors: .Clock10

===========================================================================================
----------------- testing Tue Jun 16 14:44:51 UTC 2020 /home/travis/build/icyphy/ptII/ptolemy/actor/lib/test/auto/Clock11.xml
----------------- Instantiating /home/travis/build/icyphy/ptII/ptolemy/actor/lib/test/auto/Clock11.xml
3 ms. Memory: 304128K Free: 188966K (62%)
----------------- Invoking toplevel() on ptolemy.moml.MoMLSimpleApplication@7bb2290e
----------------- Done invoking toplevel() on ptolemy.moml.MoMLSimpleApplication@7bb2290e
reloadAllAccessors: .Clock11

===========================================================================================
----------------- testing Tue Jun 16 14:44:51 UTC 2020 /home/travis/build/icyphy/ptII/ptolemy/actor/lib/test/auto/Clock12.xml
----------------- Instantiating /home/travis/build/icyphy/ptII/ptolemy/actor/lib/test/auto/Clock12.xml
5 ms. Memory: 304128K Free: 182822K (60%)
----------------- Invoking toplevel() on ptolemy.moml.MoMLSimpleApplication@3a321529
----------------- Done invoking toplevel() on ptolemy.moml.MoMLSimpleApplication@3a321529
reloadAllAccessors: .Clock12

===========================================================================================
----------------- testing Tue Jun 16 14:44:51 UTC 2020 /home/travis/build/icyphy/ptII/ptolemy/actor/lib/test/auto/Clock13.xml
----------------- Instantiating /home/travis/build/icyphy/ptII/ptolemy/actor/lib/test/auto/Clock13.xml
3 ms. Memory: 304128K Free: 177192K (58%)
----------------- Invoking toplevel() on ptolemy.moml.MoMLSimpleApplication@7593fa7a
----------------- Done invoking toplevel() on ptolemy.moml.MoMLSimpleApplication@7593fa7a
reloadAllAccessors: .Clock13

===========================================================================================
----------------- testing Tue Jun 16 14:44:51 UTC 2020 /home/travis/build/icyphy/ptII/ptolemy/actor/lib/test/auto/Clock14.xml
----------------- Instantiating /home/travis/build/icyphy/ptII/ptolemy/actor/lib/test/auto/Clock14.xml
3 ms. Memory: 304128K Free: 171048K (56%)
----------------- Invoking toplevel() on ptolemy.moml.MoMLSimpleApplication@3b4083c0
----------------- Done invoking toplevel() on ptolemy.moml.MoMLSimpleApplication@3b4083c0
reloadAllAccessors: .Clock14

===========================================================================================
----------------- testing Tue Jun 16 14:44:51 UTC 2020 /home/travis/build/icyphy/ptII/ptolemy/actor/lib/test/auto/Clock15.xml
----------------- Instantiating /home/travis/build/icyphy/ptII/ptolemy/actor/lib/test/auto/Clock15.xml
7 ms. Memory: 304128K Free: 165408K (54%)
----------------- Invoking toplevel() on ptolemy.moml.MoMLSimpleApplication@48296cc7
----------------- Done invoking toplevel() on ptolemy.moml.MoMLSimpleApplication@48296cc7
reloadAllAccessors: .Clock15

===========================================================================================
----------------- testing Tue Jun 16 14:44:51 UTC 2020 /home/travis/build/icyphy/ptII/ptolemy/actor/lib/test/auto/Clock16.xml
----------------- Instantiating /home/travis/build/icyphy/ptII/ptolemy/actor/lib/test/auto/Clock16.xml
37 ms. Memory: 304128K Free: 150054K (49%)
----------------- Invoking toplevel() on ptolemy.moml.MoMLSimpleApplication@44518c7c
----------------- Done invoking toplevel() on ptolemy.moml.MoMLSimpleApplication@44518c7c
reloadAllAccessors: .Clock16

===========================================================================================
----------------- testing Tue Jun 16 14:44:52 UTC 2020 /home/travis/build/icyphy/ptII/ptolemy/actor/lib/test/auto/Clock17.xml
----------------- Instantiating /home/travis/build/icyphy/ptII/ptolemy/actor/lib/test/auto/Clock17.xml
21 ms. Memory: 304128K Free: 135704K (45%)
----------------- Invoking toplevel() on ptolemy.moml.MoMLSimpleApplication@5ba5007e
----------------- Done invoking toplevel() on ptolemy.moml.MoMLSimpleApplication@5ba5007e
reloadAllAccessors: .Clock17

===========================================================================================
----------------- testing Tue Jun 16 14:44:52 UTC 2020 /home/travis/build/icyphy/ptII/ptolemy/actor/lib/test/auto/Clock18.xml
----------------- Instantiating /home/travis/build/icyphy/ptII/ptolemy/actor/lib/test/auto/Clock18.xml
19 ms. Memory: 304128K Free: 122920K (40%)
----------------- Invoking toplevel() on ptolemy.moml.MoMLSimpleApplication@2a198b7b
----------------- Done invoking toplevel() on ptolemy.moml.MoMLSimpleApplication@2a198b7b
reloadAllAccessors: .Clock18

===========================================================================================
----------------- testing Tue Jun 16 14:44:52 UTC 2020 /home/travis/build/icyphy/ptII/ptolemy/actor/lib/test/auto/Clock19.xml
----------------- Instantiating /home/travis/build/icyphy/ptII/ptolemy/actor/lib/test/auto/Clock19.xml
10 ms. Memory: 304128K Free: 109608K (36%)
----------------- Invoking toplevel() on ptolemy.moml.MoMLSimpleApplication@79e1358e
----------------- Done invoking toplevel() on ptolemy.moml.MoMLSimpleApplication@79e1358e
reloadAllAccessors: .Clock19

===========================================================================================
----------------- testing Tue Jun 16 14:44:52 UTC 2020 /home/travis/build/icyphy/ptII/ptolemy/actor/lib/test/auto/Clock2.xml
----------------- Instantiating /home/travis/build/icyphy/ptII/ptolemy/actor/lib/test/auto/Clock2.xml
5 ms. Memory: 304128K Free: 105512K (35%)
----------------- Invoking toplevel() on ptolemy.moml.MoMLSimpleApplication@11643ee1
----------------- Done invoking toplevel() on ptolemy.moml.MoMLSimpleApplication@11643ee1
reloadAllAccessors: .Clock2

===========================================================================================
----------------- testing Tue Jun 16 14:44:52 UTC 2020 /home/travis/build/icyphy/ptII/ptolemy/actor/lib/test/auto/Clock20.xml
----------------- Instantiating /home/travis/build/icyphy/ptII/ptolemy/actor/lib/test/auto/Clock20.xml
7 ms. Memory: 304128K Free: 99878K (33%)
----------------- Invoking toplevel() on ptolemy.moml.MoMLSimpleApplication@7e84ec36
----------------- Done invoking toplevel() on ptolemy.moml.MoMLSimpleApplication@7e84ec36
reloadAllAccessors: .Clock20

===========================================================================================
----------------- testing Tue Jun 16 14:44:52 UTC 2020 /home/travis/build/icyphy/ptII/ptolemy/actor/lib/test/auto/Clock21.xml
----------------- Instantiating /home/travis/build/icyphy/ptII/ptolemy/actor/lib/test/auto/Clock21.xml
4 ms. Memory: 304128K Free: 94758K (31%)
----------------- Invoking toplevel() on ptolemy.moml.MoMLSimpleApplication@6e274d7b
----------------- Done invoking toplevel() on ptolemy.moml.MoMLSimpleApplication@6e274d7b
reloadAllAccessors: .Clock21

===========================================================================================
----------------- testing Tue Jun 16 14:44:52 UTC 2020 /home/travis/build/icyphy/ptII/ptolemy/actor/lib/test/auto/Clock22.xml
----------------- Instantiating /home/travis/build/icyphy/ptII/ptolemy/actor/lib/test/auto/Clock22.xml
2 ms. Memory: 304128K Free: 89128K (29%)
----------------- Invoking toplevel() on ptolemy.moml.MoMLSimpleApplication@2e766dba
----------------- Done invoking toplevel() on ptolemy.moml.MoMLSimpleApplication@2e766dba
reloadAllAccessors: .Clock22

===========================================================================================
----------------- testing Tue Jun 16 14:44:52 UTC 2020 /home/travis/build/icyphy/ptII/ptolemy/actor/lib/test/auto/Clock23.xml
----------------- Instantiating /home/travis/build/icyphy/ptII/ptolemy/actor/lib/test/auto/Clock23.xml
5 ms. Memory: 304128K Free: 83494K (27%)
----------------- Invoking toplevel() on ptolemy.moml.MoMLSimpleApplication@4d941ea2
----------------- Done invoking toplevel() on ptolemy.moml.MoMLSimpleApplication@4d941ea2
reloadAllAccessors: .Clock23

===========================================================================================
----------------- testing Tue Jun 16 14:44:52 UTC 2020 /home/travis/build/icyphy/ptII/ptolemy/actor/lib/test/auto/Clock24.xml
----------------- Instantiating /home/travis/build/icyphy/ptII/ptolemy/actor/lib/test/auto/Clock24.xml
4 ms. Memory: 304128K Free: 78374K (26%)
----------------- Invoking toplevel() on ptolemy.moml.MoMLSimpleApplication@586c70b8
----------------- Done invoking toplevel() on ptolemy.moml.MoMLSimpleApplication@586c70b8
reloadAllAccessors: .Clock24

===========================================================================================
----------------- testing Tue Jun 16 14:44:52 UTC 2020 /home/travis/build/icyphy/ptII/ptolemy/actor/lib/test/auto/Clock4.xml
----------------- Instantiating /home/travis/build/icyphy/ptII/ptolemy/actor/lib/test/auto/Clock4.xml
2 ms. Memory: 304128K Free: 253726K (83%)
----------------- Invoking toplevel() on ptolemy.moml.MoMLSimpleApplication@75431cc7
----------------- Done invoking toplevel() on ptolemy.moml.MoMLSimpleApplication@75431cc7
reloadAllAccessors: .Clock4

===========================================================================================
----------------- testing Tue Jun 16 14:44:52 UTC 2020 /home/travis/build/icyphy/ptII/ptolemy/actor/lib/test/auto/Clock5.xml
----------------- Instantiating /home/travis/build/icyphy/ptII/ptolemy/actor/lib/test/auto/Clock5.xml
2 ms. Memory: 304128K Free: 248092K (82%)
----------------- Invoking toplevel() on ptolemy.moml.MoMLSimpleApplication@1350d734
----------------- Done invoking toplevel() on ptolemy.moml.MoMLSimpleApplication@1350d734
reloadAllAccessors: .Clock5

===========================================================================================
----------------- testing Tue Jun 16 14:44:52 UTC 2020 /home/travis/build/icyphy/ptII/ptolemy/actor/lib/test/auto/Clock6.xml
----------------- Instantiating /home/travis/build/icyphy/ptII/ptolemy/actor/lib/test/auto/Clock6.xml
2 ms. Memory: 304128K Free: 243486K (80%)
----------------- Invoking toplevel() on ptolemy.moml.MoMLSimpleApplication@64b1c868
----------------- Done invoking toplevel() on ptolemy.moml.MoMLSimpleApplication@64b1c868
reloadAllAccessors: .Clock6

===========================================================================================
----------------- testing Tue Jun 16 14:44:52 UTC 2020 /home/travis/build/icyphy/ptII/ptolemy/actor/lib/test/auto/Clock7.xml
----------------- Instantiating /home/travis/build/icyphy/ptII/ptolemy/actor/lib/test/auto/Clock7.xml
1 ms. Memory: 304128K Free: 238876K (79%)
----------------- Invoking toplevel() on ptolemy.moml.MoMLSimpleApplication@5da63354
----------------- Done invoking toplevel() on ptolemy.moml.MoMLSimpleApplication@5da63354
reloadAllAccessors: .Clock7

===========================================================================================
----------------- testing Tue Jun 16 14:44:52 UTC 2020 /home/travis/build/icyphy/ptII/ptolemy/actor/lib/test/auto/Clock8.xml
----------------- Instantiating /home/travis/build/icyphy/ptII/ptolemy/actor/lib/test/auto/Clock8.xml
2 ms. Memory: 304128K Free: 233246K (77%)
----------------- Invoking toplevel() on ptolemy.moml.MoMLSimpleApplication@687224a6
----------------- Done invoking toplevel() on ptolemy.moml.MoMLSimpleApplication@687224a6
reloadAllAccessors: .Clock8

===========================================================================================
----------------- testing Tue Jun 16 14:44:52 UTC 2020 /home/travis/build/icyphy/ptII/ptolemy/actor/lib/test/auto/Clock9.xml
----------------- Instantiating /home/travis/build/icyphy/ptII/ptolemy/actor/lib/test/auto/Clock9.xml
3 ms. Memory: 304128K Free: 228126K (75%)
----------------- Invoking toplevel() on ptolemy.moml.MoMLSimpleApplication@30a6a19
----------------- Done invoking toplevel() on ptolemy.moml.MoMLSimpleApplication@30a6a19
reloadAllAccessors: .Clock9

===========================================================================================
----------------- testing Tue Jun 16 14:44:52 UTC 2020 /home/travis/build/icyphy/ptII/ptolemy/actor/lib/test/auto/CommDistDiscard.xml
----------------- Instantiating /home/travis/build/icyphy/ptII/ptolemy/actor/lib/test/auto/CommDistDiscard.xml
6 ms. Memory: 304128K Free: 222492K (73%)
----------------- Invoking toplevel() on ptolemy.moml.MoMLSimpleApplication@342132ae
----------------- Done invoking toplevel() on ptolemy.moml.MoMLSimpleApplication@342132ae
reloadAllAccessors: .CommDistDiscard

===========================================================================================
----------------- testing Tue Jun 16 14:44:52 UTC 2020 /home/travis/build/icyphy/ptII/ptolemy/actor/lib/test/auto/Commutator.xml
----------------- Instantiating /home/travis/build/icyphy/ptII/ptolemy/actor/lib/test/auto/Commutator.xml
2 ms. Memory: 304128K Free: 217886K (72%)
----------------- Invoking toplevel() on ptolemy.moml.MoMLSimpleApplication@33fb0196
----------------- Done invoking toplevel() on ptolemy.moml.MoMLSimpleApplication@33fb0196
reloadAllAccessors: .Commutator

===========================================================================================
----------------- testing Tue Jun 16 14:44:52 UTC 2020 /home/travis/build/icyphy/ptII/ptolemy/actor/lib/test/auto/Commutator2.xml
----------------- Instantiating /home/travis/build/icyphy/ptII/ptolemy/actor/lib/test/auto/Commutator2.xml
1 ms. Memory: 304128K Free: 213790K (70%)
----------------- Invoking toplevel() on ptolemy.moml.MoMLSimpleApplication@2a85c21a
----------------- Done invoking toplevel() on ptolemy.moml.MoMLSimpleApplication@2a85c21a
reloadAllAccessors: .Commutator2

===========================================================================================
----------------- testing Tue Jun 16 14:44:52 UTC 2020 /home/travis/build/icyphy/ptII/ptolemy/actor/lib/test/auto/Commutator3.xml
----------------- Instantiating /home/travis/build/icyphy/ptII/ptolemy/actor/lib/test/auto/Commutator3.xml
2 ms. Memory: 304128K Free: 209180K (69%)
----------------- Invoking toplevel() on ptolemy.moml.MoMLSimpleApplication@163a857d
----------------- Done invoking toplevel() on ptolemy.moml.MoMLSimpleApplication@163a857d
reloadAllAccessors: .Commutator3

===========================================================================================
----------------- testing Tue Jun 16 14:44:52 UTC 2020 /home/travis/build/icyphy/ptII/ptolemy/actor/lib/test/auto/Compare.xml
----------------- Instantiating /home/travis/build/icyphy/ptII/ptolemy/actor/lib/test/auto/Compare.xml
2 ms. Memory: 304128K Free: 203036K (67%)
----------------- Invoking toplevel() on ptolemy.moml.MoMLSimpleApplication@2a1bfec0
----------------- Done invoking toplevel() on ptolemy.moml.MoMLSimpleApplication@2a1bfec0
reloadAllAccessors: .Compare

===========================================================================================
----------------- testing Tue Jun 16 14:44:52 UTC 2020 /home/travis/build/icyphy/ptII/ptolemy/actor/lib/test/auto/CompareDE.xml
----------------- Instantiating /home/travis/build/icyphy/ptII/ptolemy/actor/lib/test/auto/CompareDE.xml
4 ms. Memory: 304128K Free: 195854K (64%)
----------------- Invoking toplevel() on ptolemy.moml.MoMLSimpleApplication@7c850488
----------------- Done invoking toplevel() on ptolemy.moml.MoMLSimpleApplication@7c850488
reloadAllAccessors: .CompareDE

===========================================================================================
----------------- testing Tue Jun 16 14:44:52 UTC 2020 /home/travis/build/icyphy/ptII/ptolemy/actor/lib/test/auto/ComplexDivide.xml
----------------- Instantiating /home/travis/build/icyphy/ptII/ptolemy/actor/lib/test/auto/ComplexDivide.xml
2 ms. Memory: 304128K Free: 192286K (63%)
----------------- Invoking toplevel() on ptolemy.moml.MoMLSimpleApplication@2c9bb464
----------------- Done invoking toplevel() on ptolemy.moml.MoMLSimpleApplication@2c9bb464
reloadAllAccessors: .ComplexDivide

===========================================================================================
----------------- testing Tue Jun 16 14:44:52 UTC 2020 /home/travis/build/icyphy/ptII/ptolemy/actor/lib/test/auto/ComputeHistogram.xml
----------------- Instantiating /home/travis/build/icyphy/ptII/ptolemy/actor/lib/test/auto/ComputeHistogram.xml
36 ms. Memory: 304128K Free: 179484K (59%)
----------------- Invoking toplevel() on ptolemy.moml.MoMLSimpleApplication@2a95ac30
----------------- Done invoking toplevel() on ptolemy.moml.MoMLSimpleApplication@2a95ac30
reloadAllAccessors: .ComputeHistogram

===========================================================================================
----------------- testing Tue Jun 16 14:44:52 UTC 2020 /home/travis/build/icyphy/ptII/ptolemy/actor/lib/test/auto/ConfigurationSelect.xml
----------------- Instantiating /home/travis/build/icyphy/ptII/ptolemy/actor/lib/test/auto/ConfigurationSelect.xml
10 ms. Memory: 304128K Free: 174350K (57%)
----------------- Invoking toplevel() on ptolemy.moml.MoMLSimpleApplication@1e0b585
----------------- Done invoking toplevel() on ptolemy.moml.MoMLSimpleApplication@1e0b585
reloadAllAccessors: .ConfigurationSelect

===========================================================================================
----------------- testing Tue Jun 16 14:44:52 UTC 2020 /home/travis/build/icyphy/ptII/ptolemy/actor/lib/test/auto/ConfigurationSelect2.xml
----------------- Instantiating /home/travis/build/icyphy/ptII/ptolemy/actor/lib/test/auto/ConfigurationSelect2.xml
3 ms. Memory: 304128K Free: 169758K (56%)
----------------- Invoking toplevel() on ptolemy.moml.MoMLSimpleApplication@6288a5e5
----------------- Done invoking toplevel() on ptolemy.moml.MoMLSimpleApplication@6288a5e5
reloadAllAccessors: .ConfigurationSelect2

===========================================================================================
----------------- testing Tue Jun 16 14:44:52 UTC 2020 /home/travis/build/icyphy/ptII/ptolemy/actor/lib/test/auto/ConfigurationSwitch.xml
----------------- Instantiating /home/travis/build/icyphy/ptII/ptolemy/actor/lib/test/auto/ConfigurationSwitch.xml
2 ms. Memory: 304128K Free: 164124K (54%)
----------------- Invoking toplevel() on ptolemy.moml.MoMLSimpleApplication@6b65516e
----------------- Done invoking toplevel() on ptolemy.moml.MoMLSimpleApplication@6b65516e
reloadAllAccessors: .ConfigurationSwitch

===========================================================================================
----------------- testing Tue Jun 16 14:44:52 UTC 2020 /home/travis/build/icyphy/ptII/ptolemy/actor/lib/test/auto/ConfigurationSwitch2.xml
----------------- Instantiating /home/travis/build/icyphy/ptII/ptolemy/actor/lib/test/auto/ConfigurationSwitch2.xml
2 ms. Memory: 304128K Free: 159004K (52%)
----------------- Invoking toplevel() on ptolemy.moml.MoMLSimpleApplication@39615018
----------------- Done invoking toplevel() on ptolemy.moml.MoMLSimpleApplication@39615018
reloadAllAccessors: .ConfigurationSwitch2

===========================================================================================
----------------- testing Tue Jun 16 14:44:52 UTC 2020 /home/travis/build/icyphy/ptII/ptolemy/actor/lib/test/auto/ConfigurationSwitchCloningBugWithClassRelationGroup.xml
----------------- Instantiating /home/travis/build/icyphy/ptII/ptolemy/actor/lib/test/auto/ConfigurationSwitchCloningBugWithClassRelationGroup.xml
1 ms. Memory: 304128K Free: 152350K (50%)
----------------- Invoking toplevel() on ptolemy.moml.MoMLSimpleApplication@46303521
----------------- Done invoking toplevel() on ptolemy.moml.MoMLSimpleApplication@46303521
reloadAllAccessors: .ConfigurationSwitchCloningBugWithClassRelationGroup

===========================================================================================
----------------- testing Tue Jun 16 14:44:52 UTC 2020 /home/travis/build/icyphy/ptII/ptolemy/actor/lib/test/auto/ConfigurationSwitchSelectSDF.xml
----------------- Instantiating /home/travis/build/icyphy/ptII/ptolemy/actor/lib/test/auto/ConfigurationSwitchSelectSDF.xml
2 ms. Memory: 304128K Free: 146716K (48%)
----------------- Invoking toplevel() on ptolemy.moml.MoMLSimpleApplication@4bf6d048
----------------- Done invoking toplevel() on ptolemy.moml.MoMLSimpleApplication@4bf6d048
reloadAllAccessors: .ConfigurationSwitchSelectSDF

===========================================================================================
----------------- testing Tue Jun 16 14:44:52 UTC 2020 /home/travis/build/icyphy/ptII/ptolemy/actor/lib/test/auto/ConfigurationSwitchSelectSDF2.xml
----------------- Instantiating /home/travis/build/icyphy/ptII/ptolemy/actor/lib/test/auto/ConfigurationSwitchSelectSDF2.xml
3 ms. Memory: 304128K Free: 140572K (46%)
----------------- Invoking toplevel() on ptolemy.moml.MoMLSimpleApplication@32c5945d
----------------- Done invoking toplevel() on ptolemy.moml.MoMLSimpleApplication@32c5945d
reloadAllAccessors: .ConfigurationSwitchSelectSDF2

===========================================================================================
----------------- testing Tue Jun 16 14:44:52 UTC 2020 /home/travis/build/icyphy/ptII/ptolemy/actor/lib/test/auto/Const.xml
----------------- Instantiating /home/travis/build/icyphy/ptII/ptolemy/actor/lib/test/auto/Const.xml
1 ms. Memory: 304128K Free: 136990K (45%)
----------------- Invoking toplevel() on ptolemy.moml.MoMLSimpleApplication@7fb8f92d
----------------- Done invoking toplevel() on ptolemy.moml.MoMLSimpleApplication@7fb8f92d
reloadAllAccessors: .Const

===========================================================================================
----------------- testing Tue Jun 16 14:44:52 UTC 2020 /home/travis/build/icyphy/ptII/ptolemy/actor/lib/test/auto/Const2.xml
----------------- Instantiating /home/travis/build/icyphy/ptII/ptolemy/actor/lib/test/auto/Const2.xml
1 ms. Memory: 304128K Free: 133404K (44%)
----------------- Invoking toplevel() on ptolemy.moml.MoMLSimpleApplication@f15a25b
----------------- Done invoking toplevel() on ptolemy.moml.MoMLSimpleApplication@f15a25b
reloadAllAccessors: .Const2

===========================================================================================
----------------- testing Tue Jun 16 14:44:52 UTC 2020 /home/travis/build/icyphy/ptII/ptolemy/actor/lib/test/auto/Const3.xml
----------------- Instantiating /home/travis/build/icyphy/ptII/ptolemy/actor/lib/test/auto/Const3.xml
6 ms. Memory: 304128K Free: 130332K (43%)
----------------- Invoking toplevel() on ptolemy.moml.MoMLSimpleApplication@941c72b
----------------- Done invoking toplevel() on ptolemy.moml.MoMLSimpleApplication@941c72b
reloadAllAccessors: .Const3

===========================================================================================
----------------- testing Tue Jun 16 14:44:52 UTC 2020 /home/travis/build/icyphy/ptII/ptolemy/actor/lib/test/auto/ConstantPublisherPort1.xml
----------------- Instantiating /home/travis/build/icyphy/ptII/ptolemy/actor/lib/test/auto/ConstantPublisherPort1.xml
7 ms. Memory: 304128K Free: 122140K (40%)
----------------- Invoking toplevel() on ptolemy.moml.MoMLSimpleApplication@7c094785
----------------- Done invoking toplevel() on ptolemy.moml.MoMLSimpleApplication@7c094785
reloadAllAccessors: .ConstantPublisherPort1

===========================================================================================
----------------- testing Tue Jun 16 14:44:52 UTC 2020 /home/travis/build/icyphy/ptII/ptolemy/actor/lib/test/auto/ConstantPublisherPort2.xml
----------------- Instantiating /home/travis/build/icyphy/ptII/ptolemy/actor/lib/test/auto/ConstantPublisherPort2.xml
12 ms. Memory: 304128K Free: 114462K (38%)
----------------- Invoking toplevel() on ptolemy.moml.MoMLSimpleApplication@3adaf7a8
----------------- Done invoking toplevel() on ptolemy.moml.MoMLSimpleApplication@3adaf7a8
reloadAllAccessors: .ConstantPublisherPort2

===========================================================================================
----------------- testing Tue Jun 16 14:44:52 UTC 2020 /home/travis/build/icyphy/ptII/ptolemy/actor/lib/test/auto/ConstantPublisherPort3.xml
----------------- Instantiating /home/travis/build/icyphy/ptII/ptolemy/actor/lib/test/auto/ConstantPublisherPort3.xml
6 ms. Memory: 304128K Free: 106780K (35%)
----------------- Invoking toplevel() on ptolemy.moml.MoMLSimpleApplication@6f4067b
----------------- Done invoking toplevel() on ptolemy.moml.MoMLSimpleApplication@6f4067b
reloadAllAccessors: .ConstantPublisherPort3

===========================================================================================
----------------- testing Tue Jun 16 14:44:52 UTC 2020 /home/travis/build/icyphy/ptII/ptolemy/actor/lib/test/auto/ConstantPublisherPort4.xml
----------------- Instantiating /home/travis/build/icyphy/ptII/ptolemy/actor/lib/test/auto/ConstantPublisherPort4.xml
2 ms. Memory: 304128K Free: 100126K (33%)
----------------- Invoking toplevel() on ptolemy.moml.MoMLSimpleApplication@baec490
----------------- Done invoking toplevel() on ptolemy.moml.MoMLSimpleApplication@baec490
reloadAllAccessors: .ConstantPublisherPort4

===========================================================================================
----------------- testing Tue Jun 16 14:44:52 UTC 2020 /home/travis/build/icyphy/ptII/ptolemy/actor/lib/test/auto/ConstantPublisherPort5.xml
----------------- Instantiating /home/travis/build/icyphy/ptII/ptolemy/actor/lib/test/auto/ConstantPublisherPort5.xml
32 ms. Memory: 304128K Free: 89886K (30%)
----------------- Invoking toplevel() on ptolemy.moml.MoMLSimpleApplication@22dca8b5
----------------- Done invoking toplevel() on ptolemy.moml.MoMLSimpleApplication@22dca8b5
reloadAllAccessors: .ConstantPublisherPort5

===========================================================================================
----------------- testing Tue Jun 16 14:44:53 UTC 2020 /home/travis/build/icyphy/ptII/ptolemy/actor/lib/test/auto/ConstantPublisherPort6.xml
----------------- Instantiating /home/travis/build/icyphy/ptII/ptolemy/actor/lib/test/auto/ConstantPublisherPort6.xml
18 ms. Memory: 304128K Free: 81180K (27%)
----------------- Invoking toplevel() on ptolemy.moml.MoMLSimpleApplication@22e7d50
----------------- Done invoking toplevel() on ptolemy.moml.MoMLSimpleApplication@22e7d50
reloadAllAccessors: .ConstantPublisherPort6

===========================================================================================
----------------- testing Tue Jun 16 14:44:53 UTC 2020 /home/travis/build/icyphy/ptII/ptolemy/actor/lib/test/auto/ConstantPublisherPort7.xml
----------------- Instantiating /home/travis/build/icyphy/ptII/ptolemy/actor/lib/test/auto/ConstantPublisherPort7.xml
29 ms. Memory: 304128K Free: 250698K (82%)
----------------- Invoking toplevel() on ptolemy.moml.MoMLSimpleApplication@16517ad0
----------------- Done invoking toplevel() on ptolemy.moml.MoMLSimpleApplication@16517ad0
reloadAllAccessors: .ConstantPublisherPort7

===========================================================================================
----------------- testing Tue Jun 16 14:44:53 UTC 2020 /home/travis/build/icyphy/ptII/ptolemy/actor/lib/test/auto/ConstraintMonitor1.xml
----------------- Instantiating /home/travis/build/icyphy/ptII/ptolemy/actor/lib/test/auto/ConstraintMonitor1.xml
4 ms. Memory: 304128K Free: 245064K (81%)
----------------- Invoking toplevel() on ptolemy.moml.MoMLSimpleApplication@32c361e6
----------------- Done invoking toplevel() on ptolemy.moml.MoMLSimpleApplication@32c361e6
reloadAllAccessors: .ConstraintMonitor1

===========================================================================================
----------------- testing Tue Jun 16 14:44:53 UTC 2020 /home/travis/build/icyphy/ptII/ptolemy/actor/lib/test/auto/ConstraintMonitor2.xml
----------------- Instantiating /home/travis/build/icyphy/ptII/ptolemy/actor/lib/test/auto/ConstraintMonitor2.xml
2 ms. Memory: 304128K Free: 240458K (79%)
----------------- Invoking toplevel() on ptolemy.moml.MoMLSimpleApplication@1b4be1af
----------------- Done invoking toplevel() on ptolemy.moml.MoMLSimpleApplication@1b4be1af
reloadAllAccessors: .ConstraintMonitor2

===========================================================================================
----------------- testing Tue Jun 16 14:44:53 UTC 2020 /home/travis/build/icyphy/ptII/ptolemy/actor/lib/test/auto/ConstraintMonitor3.xml
----------------- Instantiating /home/travis/build/icyphy/ptII/ptolemy/actor/lib/test/auto/ConstraintMonitor3.xml
5 ms. Memory: 304128K Free: 236362K (78%)
----------------- Invoking toplevel() on ptolemy.moml.MoMLSimpleApplication@2fde0ea7
----------------- Done invoking toplevel() on ptolemy.moml.MoMLSimpleApplication@2fde0ea7
reloadAllAccessors: .ConstraintMonitor3

===========================================================================================
----------------- testing Tue Jun 16 14:44:53 UTC 2020 /home/travis/build/icyphy/ptII/ptolemy/actor/lib/test/auto/ConstraintMonitor4.xml
----------------- Instantiating /home/travis/build/icyphy/ptII/ptolemy/actor/lib/test/auto/ConstraintMonitor4.xml
2 ms. Memory: 304128K Free: 231242K (76%)
----------------- Invoking toplevel() on ptolemy.moml.MoMLSimpleApplication@6b1710bf
----------------- Done invoking toplevel() on ptolemy.moml.MoMLSimpleApplication@6b1710bf
reloadAllAccessors: .ConstraintMonitor4

===========================================================================================
----------------- testing Tue Jun 16 14:44:53 UTC 2020 /home/travis/build/icyphy/ptII/ptolemy/actor/lib/test/auto/ConstraintMonitor5.xml
----------------- Instantiating /home/travis/build/icyphy/ptII/ptolemy/actor/lib/test/auto/ConstraintMonitor5.xml
4 ms. Memory: 304128K Free: 226122K (74%)
----------------- Invoking toplevel() on ptolemy.moml.MoMLSimpleApplication@639492e6
----------------- Done invoking toplevel() on ptolemy.moml.MoMLSimpleApplication@639492e6
reloadAllAccessors: .ConstraintMonitor5

===========================================================================================
----------------- testing Tue Jun 16 14:44:53 UTC 2020 /home/travis/build/icyphy/ptII/ptolemy/actor/lib/test/auto/ConstraintMonitor6.xml
----------------- Instantiating /home/travis/build/icyphy/ptII/ptolemy/actor/lib/test/auto/ConstraintMonitor6.xml
2 ms. Memory: 304128K Free: 220482K (72%)
----------------- Invoking toplevel() on ptolemy.moml.MoMLSimpleApplication@47d270b6
----------------- Done invoking toplevel() on ptolemy.moml.MoMLSimpleApplication@47d270b6
reloadAllAccessors: .ConstraintMonitor6

===========================================================================================
----------------- testing Tue Jun 16 14:44:53 UTC 2020 /home/travis/build/icyphy/ptII/ptolemy/actor/lib/test/auto/ConstraintMonitor7.xml
----------------- Instantiating /home/travis/build/icyphy/ptII/ptolemy/actor/lib/test/auto/ConstraintMonitor7.xml
2 ms. Memory: 304128K Free: 214330K (70%)
----------------- Invoking toplevel() on ptolemy.moml.MoMLSimpleApplication@32b11976
----------------- Done invoking toplevel() on ptolemy.moml.MoMLSimpleApplication@32b11976
reloadAllAccessors: .ConstraintMonitor7

===========================================================================================
----------------- testing Tue Jun 16 14:44:53 UTC 2020 /home/travis/build/icyphy/ptII/ptolemy/actor/lib/test/auto/ConstraintMonitor8.xml
----------------- Instantiating /home/travis/build/icyphy/ptII/ptolemy/actor/lib/test/auto/ConstraintMonitor8.xml
6 ms. Memory: 304128K Free: 206666K (68%)
----------------- Invoking toplevel() on ptolemy.moml.MoMLSimpleApplication@25ae907a
----------------- Done invoking toplevel() on ptolemy.moml.MoMLSimpleApplication@25ae907a
reloadAllAccessors: .ConstraintMonitor8

===========================================================================================
----------------- testing Tue Jun 16 14:44:53 UTC 2020 /home/travis/build/icyphy/ptII/ptolemy/actor/lib/test/auto/Counter.xml
----------------- Instantiating /home/travis/build/icyphy/ptII/ptolemy/actor/lib/test/auto/Counter.xml
3 ms. Memory: 304128K Free: 202056K (66%)
----------------- Invoking toplevel() on ptolemy.moml.MoMLSimpleApplication@769297c5
----------------- Done invoking toplevel() on ptolemy.moml.MoMLSimpleApplication@769297c5
reloadAllAccessors: .Counter

===========================================================================================
----------------- testing Tue Jun 16 14:44:53 UTC 2020 /home/travis/build/icyphy/ptII/ptolemy/actor/lib/test/auto/CurrentTimeSDF.xml
----------------- Instantiating /home/travis/build/icyphy/ptII/ptolemy/actor/lib/test/auto/CurrentTimeSDF.xml
1 ms. Memory: 304128K Free: 197960K (65%)
----------------- Invoking toplevel() on ptolemy.moml.MoMLSimpleApplication@793c7399
----------------- Done invoking toplevel() on ptolemy.moml.MoMLSimpleApplication@793c7399
reloadAllAccessors: .CurrentTimeSDF

===========================================================================================
----------------- testing Tue Jun 16 14:44:53 UTC 2020 /home/travis/build/icyphy/ptII/ptolemy/actor/lib/test/auto/DB.xml
----------------- Instantiating /home/travis/build/icyphy/ptII/ptolemy/actor/lib/test/auto/DB.xml
2 ms. Memory: 304128K Free: 193354K (64%)
----------------- Invoking toplevel() on ptolemy.moml.MoMLSimpleApplication@23a22f83
----------------- Done invoking toplevel() on ptolemy.moml.MoMLSimpleApplication@23a22f83
reloadAllAccessors: .DB

===========================================================================================
----------------- testing Tue Jun 16 14:44:53 UTC 2020 /home/travis/build/icyphy/ptII/ptolemy/actor/lib/test/auto/DBDE.xml
----------------- Instantiating /home/travis/build/icyphy/ptII/ptolemy/actor/lib/test/auto/DBDE.xml
2 ms. Memory: 304128K Free: 187210K (62%)
----------------- Invoking toplevel() on ptolemy.moml.MoMLSimpleApplication@437ee520
----------------- Done invoking toplevel() on ptolemy.moml.MoMLSimpleApplication@437ee520
reloadAllAccessors: .DBDE

===========================================================================================
----------------- testing Tue Jun 16 14:44:53 UTC 2020 /home/travis/build/icyphy/ptII/ptolemy/actor/lib/test/auto/DateConstructor.xml
----------------- Instantiating /home/travis/build/icyphy/ptII/ptolemy/actor/lib/test/auto/DateConstructor.xml
34 ms. Memory: 304128K Free: 169802K (56%)
----------------- Invoking toplevel() on ptolemy.moml.MoMLSimpleApplication@6c988804
----------------- Done invoking toplevel() on ptolemy.moml.MoMLSimpleApplication@6c988804
reloadAllAccessors: .DateConstructor

===========================================================================================
----------------- testing Tue Jun 16 14:44:53 UTC 2020 /home/travis/build/icyphy/ptII/ptolemy/actor/lib/test/auto/DelayTime.xml
----------------- Instantiating /home/travis/build/icyphy/ptII/ptolemy/actor/lib/test/auto/DelayTime.xml
4 ms. Memory: 304128K Free: 165192K (54%)
----------------- Invoking toplevel() on ptolemy.moml.MoMLSimpleApplication@371e2907
----------------- Done invoking toplevel() on ptolemy.moml.MoMLSimpleApplication@371e2907
reloadAllAccessors: .DelayTime

===========================================================================================
----------------- testing Tue Jun 16 14:44:53 UTC 2020 /home/travis/build/icyphy/ptII/ptolemy/actor/lib/test/auto/Dictionary1.xml
----------------- Instantiating /home/travis/build/icyphy/ptII/ptolemy/actor/lib/test/auto/Dictionary1.xml
1 ms. Memory: 304128K Free: 159562K (52%)
----------------- Invoking toplevel() on ptolemy.moml.MoMLSimpleApplication@50faa78e
----------------- Done invoking toplevel() on ptolemy.moml.MoMLSimpleApplication@50faa78e
reloadAllAccessors: .Dictionary1

===========================================================================================
----------------- testing Tue Jun 16 14:44:53 UTC 2020 /home/travis/build/icyphy/ptII/ptolemy/actor/lib/test/auto/Dictionary2.xml
----------------- Instantiating /home/travis/build/icyphy/ptII/ptolemy/actor/lib/test/auto/Dictionary2.xml
2 ms. Memory: 304128K Free: 153928K (51%)
----------------- Invoking toplevel() on ptolemy.moml.MoMLSimpleApplication@7edcc9da
----------------- Done invoking toplevel() on ptolemy.moml.MoMLSimpleApplication@7edcc9da
reloadAllAccessors: .Dictionary2

===========================================================================================
----------------- testing Tue Jun 16 14:44:53 UTC 2020 /home/travis/build/icyphy/ptII/ptolemy/actor/lib/test/auto/Dictionary3.xml
----------------- Instantiating /home/travis/build/icyphy/ptII/ptolemy/actor/lib/test/auto/Dictionary3.xml
1 ms. Memory: 304128K Free: 148298K (49%)
----------------- Invoking toplevel() on ptolemy.moml.MoMLSimpleApplication@3d789d54
----------------- Done invoking toplevel() on ptolemy.moml.MoMLSimpleApplication@3d789d54
reloadAllAccessors: .Dictionary3

===========================================================================================
----------------- testing Tue Jun 16 14:44:53 UTC 2020 /home/travis/build/icyphy/ptII/ptolemy/actor/lib/test/auto/Dictionary4.xml
----------------- Instantiating /home/travis/build/icyphy/ptII/ptolemy/actor/lib/test/auto/Dictionary4.xml
3 ms. Memory: 304128K Free: 141640K (47%)
----------------- Invoking toplevel() on ptolemy.moml.MoMLSimpleApplication@34cb243a
----------------- Done invoking toplevel() on ptolemy.moml.MoMLSimpleApplication@34cb243a
reloadAllAccessors: .Dictionary4

===========================================================================================
----------------- testing Tue Jun 16 14:44:53 UTC 2020 /home/travis/build/icyphy/ptII/ptolemy/actor/lib/test/auto/Differential.xml
----------------- Instantiating /home/travis/build/icyphy/ptII/ptolemy/actor/lib/test/auto/Differential.xml
1 ms. Memory: 304128K Free: 137034K (45%)
----------------- Invoking toplevel() on ptolemy.moml.MoMLSimpleApplication@57286c08
----------------- Done invoking toplevel() on ptolemy.moml.MoMLSimpleApplication@57286c08
reloadAllAccessors: .Differential

===========================================================================================
----------------- testing Tue Jun 16 14:44:53 UTC 2020 /home/travis/build/icyphy/ptII/ptolemy/actor/lib/test/auto/Director.xml
----------------- Instantiating /home/travis/build/icyphy/ptII/ptolemy/actor/lib/test/auto/Director.xml
2 ms. Memory: 304128K Free: 133448K (44%)
----------------- Invoking toplevel() on ptolemy.moml.MoMLSimpleApplication@5318bde
----------------- Done invoking toplevel() on ptolemy.moml.MoMLSimpleApplication@5318bde
reloadAllAccessors: .Director

===========================================================================================
----------------- testing Tue Jun 16 14:44:53 UTC 2020 /home/travis/build/icyphy/ptII/ptolemy/actor/lib/test/auto/DiscreteClock.xml
----------------- Instantiating /home/travis/build/icyphy/ptII/ptolemy/actor/lib/test/auto/DiscreteClock.xml
1 ms. Memory: 304128K Free: 129866K (43%)
----------------- Invoking toplevel() on ptolemy.moml.MoMLSimpleApplication@1fa35372
----------------- Done invoking toplevel() on ptolemy.moml.MoMLSimpleApplication@1fa35372
reloadAllAccessors: .DiscreteClock

===========================================================================================
----------------- testing Tue Jun 16 14:44:53 UTC 2020 /home/travis/build/icyphy/ptII/ptolemy/actor/lib/test/auto/DiscreteClock10.xml
----------------- Instantiating /home/travis/build/icyphy/ptII/ptolemy/actor/lib/test/auto/DiscreteClock10.xml
1 ms. Memory: 304128K Free: 123722K (41%)
----------------- Invoking toplevel() on ptolemy.moml.MoMLSimpleApplication@471e566
----------------- Done invoking toplevel() on ptolemy.moml.MoMLSimpleApplication@471e566
reloadAllAccessors: .DiscreteClock10

===========================================================================================
----------------- testing Tue Jun 16 14:44:53 UTC 2020 /home/travis/build/icyphy/ptII/ptolemy/actor/lib/test/auto/DiscreteClock11.xml
----------------- Instantiating /home/travis/build/icyphy/ptII/ptolemy/actor/lib/test/auto/DiscreteClock11.xml
2 ms. Memory: 304128K Free: 117578K (39%)
----------------- Invoking toplevel() on ptolemy.moml.MoMLSimpleApplication@428562b1
----------------- Done invoking toplevel() on ptolemy.moml.MoMLSimpleApplication@428562b1
reloadAllAccessors: .DiscreteClock11

===========================================================================================
----------------- testing Tue Jun 16 14:44:53 UTC 2020 /home/travis/build/icyphy/ptII/ptolemy/actor/lib/test/auto/DiscreteClock12.xml
----------------- Instantiating /home/travis/build/icyphy/ptII/ptolemy/actor/lib/test/auto/DiscreteClock12.xml
2 ms. Memory: 304128K Free: 111434K (37%)
----------------- Invoking toplevel() on ptolemy.moml.MoMLSimpleApplication@eabd042
----------------- Done invoking toplevel() on ptolemy.moml.MoMLSimpleApplication@eabd042
reloadAllAccessors: .DiscreteClock12

===========================================================================================
----------------- testing Tue Jun 16 14:44:53 UTC 2020 /home/travis/build/icyphy/ptII/ptolemy/actor/lib/test/auto/DiscreteClock13.xml
----------------- Instantiating /home/travis/build/icyphy/ptII/ptolemy/actor/lib/test/auto/DiscreteClock13.xml
4 ms. Memory: 304128K Free: 105770K (35%)
----------------- Invoking toplevel() on ptolemy.moml.MoMLSimpleApplication@7ef9014
----------------- Done invoking toplevel() on ptolemy.moml.MoMLSimpleApplication@7ef9014
reloadAllAccessors: .DiscreteClock13

===========================================================================================
----------------- testing Tue Jun 16 14:44:53 UTC 2020 /home/travis/build/icyphy/ptII/ptolemy/actor/lib/test/auto/DiscreteClock14.xml
----------------- Instantiating /home/travis/build/icyphy/ptII/ptolemy/actor/lib/test/auto/DiscreteClock14.xml
4 ms. Memory: 304128K Free: 99650K (33%)
----------------- Invoking toplevel() on ptolemy.moml.MoMLSimpleApplication@230eb4f7
----------------- Done invoking toplevel() on ptolemy.moml.MoMLSimpleApplication@230eb4f7
reloadAllAccessors: .DiscreteClock14

===========================================================================================
----------------- testing Tue Jun 16 14:44:53 UTC 2020 /home/travis/build/icyphy/ptII/ptolemy/actor/lib/test/auto/DiscreteClock15.xml
----------------- Instantiating /home/travis/build/icyphy/ptII/ptolemy/actor/lib/test/auto/DiscreteClock15.xml
4 ms. Memory: 304128K Free: 93506K (31%)
----------------- Invoking toplevel() on ptolemy.moml.MoMLSimpleApplication@11a8210d
----------------- Done invoking toplevel() on ptolemy.moml.MoMLSimpleApplication@11a8210d
reloadAllAccessors: .DiscreteClock15

===========================================================================================
----------------- testing Tue Jun 16 14:44:53 UTC 2020 /home/travis/build/icyphy/ptII/ptolemy/actor/lib/test/auto/DiscreteClock16.xml
----------------- Instantiating /home/travis/build/icyphy/ptII/ptolemy/actor/lib/test/auto/DiscreteClock16.xml
12 ms. Memory: 304128K Free: 79690K (26%)
----------------- Invoking toplevel() on ptolemy.moml.MoMLSimpleApplication@360e8357
----------------- Done invoking toplevel() on ptolemy.moml.MoMLSimpleApplication@360e8357
reloadAllAccessors: .DiscreteClock16

===========================================================================================
----------------- testing Tue Jun 16 14:44:53 UTC 2020 /home/travis/build/icyphy/ptII/ptolemy/actor/lib/test/auto/DiscreteClock17.xml
----------------- Instantiating /home/travis/build/icyphy/ptII/ptolemy/actor/lib/test/auto/DiscreteClock17.xml
15 ms. Memory: 304128K Free: 244576K (80%)
----------------- Invoking toplevel() on ptolemy.moml.MoMLSimpleApplication@16bf548c
----------------- Done invoking toplevel() on ptolemy.moml.MoMLSimpleApplication@16bf548c
reloadAllAccessors: .DiscreteClock17

===========================================================================================
----------------- testing Tue Jun 16 14:44:53 UTC 2020 /home/travis/build/icyphy/ptII/ptolemy/actor/lib/test/auto/DiscreteClock18.xml
----------------- Instantiating /home/travis/build/icyphy/ptII/ptolemy/actor/lib/test/auto/DiscreteClock18.xml
20 ms. Memory: 304128K Free: 230768K (76%)
----------------- Invoking toplevel() on ptolemy.moml.MoMLSimpleApplication@737e7299
----------------- Done invoking toplevel() on ptolemy.moml.MoMLSimpleApplication@737e7299
reloadAllAccessors: .DiscreteClock18

===========================================================================================
----------------- testing Tue Jun 16 14:44:53 UTC 2020 /home/travis/build/icyphy/ptII/ptolemy/actor/lib/test/auto/DiscreteClock19.xml
----------------- Instantiating /home/travis/build/icyphy/ptII/ptolemy/actor/lib/test/auto/DiscreteClock19.xml
17 ms. Memory: 304128K Free: 216928K (71%)
----------------- Invoking toplevel() on ptolemy.moml.MoMLSimpleApplication@5800560
----------------- Done invoking toplevel() on ptolemy.moml.MoMLSimpleApplication@5800560
reloadAllAccessors: .DiscreteClock19

===========================================================================================
----------------- testing Tue Jun 16 14:44:53 UTC 2020 /home/travis/build/icyphy/ptII/ptolemy/actor/lib/test/auto/DiscreteClock2.xml
----------------- Instantiating /home/travis/build/icyphy/ptII/ptolemy/actor/lib/test/auto/DiscreteClock2.xml
3 ms. Memory: 304128K Free: 211816K (70%)
----------------- Invoking toplevel() on ptolemy.moml.MoMLSimpleApplication@13d4977f
----------------- Done invoking toplevel() on ptolemy.moml.MoMLSimpleApplication@13d4977f
reloadAllAccessors: .DiscreteClock2

===========================================================================================
----------------- testing Tue Jun 16 14:44:53 UTC 2020 /home/travis/build/icyphy/ptII/ptolemy/actor/lib/test/auto/DiscreteClock20.xml
----------------- Instantiating /home/travis/build/icyphy/ptII/ptolemy/actor/lib/test/auto/DiscreteClock20.xml
7 ms. Memory: 304128K Free: 206192K (68%)
----------------- Invoking toplevel() on ptolemy.moml.MoMLSimpleApplication@2577b53d
----------------- Done invoking toplevel() on ptolemy.moml.MoMLSimpleApplication@2577b53d
reloadAllAccessors: .DiscreteClock20

===========================================================================================
----------------- testing Tue Jun 16 14:44:53 UTC 2020 /home/travis/build/icyphy/ptII/ptolemy/actor/lib/test/auto/DiscreteClock21.xml
----------------- Instantiating /home/travis/build/icyphy/ptII/ptolemy/actor/lib/test/auto/DiscreteClock21.xml
6 ms. Memory: 304128K Free: 201072K (66%)
----------------- Invoking toplevel() on ptolemy.moml.MoMLSimpleApplication@6e32f910
----------------- Done invoking toplevel() on ptolemy.moml.MoMLSimpleApplication@6e32f910
reloadAllAccessors: .DiscreteClock21

===========================================================================================
----------------- testing Tue Jun 16 14:44:53 UTC 2020 /home/travis/build/icyphy/ptII/ptolemy/actor/lib/test/auto/DiscreteClock22.xml
----------------- Instantiating /home/travis/build/icyphy/ptII/ptolemy/actor/lib/test/auto/DiscreteClock22.xml
5 ms. Memory: 304128K Free: 195438K (64%)
----------------- Invoking toplevel() on ptolemy.moml.MoMLSimpleApplication@2d185759
----------------- Done invoking toplevel() on ptolemy.moml.MoMLSimpleApplication@2d185759
reloadAllAccessors: .DiscreteClock22

===========================================================================================
----------------- testing Tue Jun 16 14:44:53 UTC 2020 /home/travis/build/icyphy/ptII/ptolemy/actor/lib/test/auto/DiscreteClock23.xml
----------------- Instantiating /home/travis/build/icyphy/ptII/ptolemy/actor/lib/test/auto/DiscreteClock23.xml
8 ms. Memory: 304128K Free: 189808K (62%)
----------------- Invoking toplevel() on ptolemy.moml.MoMLSimpleApplication@7515bc66
----------------- Done invoking toplevel() on ptolemy.moml.MoMLSimpleApplication@7515bc66
reloadAllAccessors: .DiscreteClock23

===========================================================================================
----------------- testing Tue Jun 16 14:44:53 UTC 2020 /home/travis/build/icyphy/ptII/ptolemy/actor/lib/test/auto/DiscreteClock24.xml
----------------- Instantiating /home/travis/build/icyphy/ptII/ptolemy/actor/lib/test/auto/DiscreteClock24.xml
4 ms. Memory: 304128K Free: 184174K (61%)
----------------- Invoking toplevel() on ptolemy.moml.MoMLSimpleApplication@330aaf8a
----------------- Done invoking toplevel() on ptolemy.moml.MoMLSimpleApplication@330aaf8a
reloadAllAccessors: .DiscreteClock24

===========================================================================================
----------------- testing Tue Jun 16 14:44:53 UTC 2020 /home/travis/build/icyphy/ptII/ptolemy/actor/lib/test/auto/DiscreteClock4.xml
----------------- Instantiating /home/travis/build/icyphy/ptII/ptolemy/actor/lib/test/auto/DiscreteClock4.xml
6 ms. Memory: 304128K Free: 179040K (59%)
----------------- Invoking toplevel() on ptolemy.moml.MoMLSimpleApplication@33393318
----------------- Done invoking toplevel() on ptolemy.moml.MoMLSimpleApplication@33393318
reloadAllAccessors: .DiscreteClock4

===========================================================================================
----------------- testing Tue Jun 16 14:44:53 UTC 2020 /home/travis/build/icyphy/ptII/ptolemy/actor/lib/test/auto/DiscreteClock5.xml
----------------- Instantiating /home/travis/build/icyphy/ptII/ptolemy/actor/lib/test/auto/DiscreteClock5.xml
1 ms. Memory: 304128K Free: 173424K (57%)
----------------- Invoking toplevel() on ptolemy.moml.MoMLSimpleApplication@76efbad3
----------------- Done invoking toplevel() on ptolemy.moml.MoMLSimpleApplication@76efbad3
reloadAllAccessors: .DiscreteClock5

===========================================================================================
----------------- testing Tue Jun 16 14:44:54 UTC 2020 /home/travis/build/icyphy/ptII/ptolemy/actor/lib/test/auto/DiscreteClock6.xml
----------------- Instantiating /home/travis/build/icyphy/ptII/ptolemy/actor/lib/test/auto/DiscreteClock6.xml
1 ms. Memory: 304128K Free: 168814K (56%)
----------------- Invoking toplevel() on ptolemy.moml.MoMLSimpleApplication@123347df
----------------- Done invoking toplevel() on ptolemy.moml.MoMLSimpleApplication@123347df
reloadAllAccessors: .DiscreteClock6

===========================================================================================
----------------- testing Tue Jun 16 14:44:54 UTC 2020 /home/travis/build/icyphy/ptII/ptolemy/actor/lib/test/auto/DiscreteClock7.xml
----------------- Instantiating /home/travis/build/icyphy/ptII/ptolemy/actor/lib/test/auto/DiscreteClock7.xml
1 ms. Memory: 304128K Free: 163694K (54%)
----------------- Invoking toplevel() on ptolemy.moml.MoMLSimpleApplication@5e037e48
----------------- Done invoking toplevel() on ptolemy.moml.MoMLSimpleApplication@5e037e48
reloadAllAccessors: .DiscreteClock7

===========================================================================================
----------------- testing Tue Jun 16 14:44:54 UTC 2020 /home/travis/build/icyphy/ptII/ptolemy/actor/lib/test/auto/DiscreteClock8.xml
----------------- Instantiating /home/travis/build/icyphy/ptII/ptolemy/actor/lib/test/auto/DiscreteClock8.xml
4 ms. Memory: 304128K Free: 158064K (52%)
----------------- Invoking toplevel() on ptolemy.moml.MoMLSimpleApplication@145877df
----------------- Done invoking toplevel() on ptolemy.moml.MoMLSimpleApplication@145877df
reloadAllAccessors: .DiscreteClock8

===========================================================================================
----------------- testing Tue Jun 16 14:44:54 UTC 2020 /home/travis/build/icyphy/ptII/ptolemy/actor/lib/test/auto/DiscreteClock9.xml
----------------- Instantiating /home/travis/build/icyphy/ptII/ptolemy/actor/lib/test/auto/DiscreteClock9.xml
4 ms. Memory: 304128K Free: 152424K (50%)
----------------- Invoking toplevel() on ptolemy.moml.MoMLSimpleApplication@384c8d75
----------------- Done invoking toplevel() on ptolemy.moml.MoMLSimpleApplication@384c8d75
reloadAllAccessors: .DiscreteClock9

===========================================================================================
----------------- testing Tue Jun 16 14:44:54 UTC 2020 /home/travis/build/icyphy/ptII/ptolemy/actor/lib/test/auto/DisplayArray.xml
----------------- Instantiating /home/travis/build/icyphy/ptII/ptolemy/actor/lib/test/auto/DisplayArray.xml
1 ms. Memory: 304128K Free: 148848K (49%)
----------------- Invoking toplevel() on ptolemy.moml.MoMLSimpleApplication@709cd0fc
----------------- Done invoking toplevel() on ptolemy.moml.MoMLSimpleApplication@709cd0fc
reloadAllAccessors: .DisplayArray

===========================================================================================
----------------- testing Tue Jun 16 14:44:54 UTC 2020 /home/travis/build/icyphy/ptII/ptolemy/actor/lib/test/auto/Distributor.xml
----------------- Instantiating /home/travis/build/icyphy/ptII/ptolemy/actor/lib/test/auto/Distributor.xml
2 ms. Memory: 304128K Free: 144238K (47%)
----------------- Invoking toplevel() on ptolemy.moml.MoMLSimpleApplication@1e231ff8
----------------- Done invoking toplevel() on ptolemy.moml.MoMLSimpleApplication@1e231ff8
reloadAllAccessors: .Distributor

===========================================================================================
----------------- testing Tue Jun 16 14:44:54 UTC 2020 /home/travis/build/icyphy/ptII/ptolemy/actor/lib/test/auto/Distributor2.xml
----------------- Instantiating /home/travis/build/icyphy/ptII/ptolemy/actor/lib/test/auto/Distributor2.xml
1 ms. Memory: 304128K Free: 139118K (46%)
----------------- Invoking toplevel() on ptolemy.moml.MoMLSimpleApplication@4c504a5e
----------------- Done invoking toplevel() on ptolemy.moml.MoMLSimpleApplication@4c504a5e
reloadAllAccessors: .Distributor2

===========================================================================================
----------------- testing Tue Jun 16 14:44:54 UTC 2020 /home/travis/build/icyphy/ptII/ptolemy/actor/lib/test/auto/DownSample.xml
----------------- Instantiating /home/travis/build/icyphy/ptII/ptolemy/actor/lib/test/auto/DownSample.xml
1 ms. Memory: 304128K Free: 135022K (44%)
----------------- Invoking toplevel() on ptolemy.moml.MoMLSimpleApplication@412a462c
----------------- Done invoking toplevel() on ptolemy.moml.MoMLSimpleApplication@412a462c
reloadAllAccessors: .DownSample

===========================================================================================
----------------- testing Tue Jun 16 14:44:54 UTC 2020 /home/travis/build/icyphy/ptII/ptolemy/actor/lib/test/auto/ElectronicUnitBase1.xml
----------------- Instantiating /home/travis/build/icyphy/ptII/ptolemy/actor/lib/test/auto/ElectronicUnitBase1.xml
14 ms. Memory: 304128K Free: 119152K (39%)
----------------- Invoking toplevel() on ptolemy.moml.MoMLSimpleApplication@9874674
----------------- Done invoking toplevel() on ptolemy.moml.MoMLSimpleApplication@9874674
reloadAllAccessors: .ElectronicUnitBase1

===========================================================================================
----------------- testing Tue Jun 16 14:44:54 UTC 2020 /home/travis/build/icyphy/ptII/ptolemy/actor/lib/test/auto/ElementsToArray.xml
----------------- Instantiating /home/travis/build/icyphy/ptII/ptolemy/actor/lib/test/auto/ElementsToArray.xml
2 ms. Memory: 304128K Free: 114032K (37%)
----------------- Invoking toplevel() on ptolemy.moml.MoMLSimpleApplication@21c0e56
----------------- Done invoking toplevel() on ptolemy.moml.MoMLSimpleApplication@21c0e56
reloadAllAccessors: .ElementsToArray

===========================================================================================
----------------- testing Tue Jun 16 14:44:54 UTC 2020 /home/travis/build/icyphy/ptII/ptolemy/actor/lib/test/auto/Equals.xml
----------------- Instantiating /home/travis/build/icyphy/ptII/ptolemy/actor/lib/test/auto/Equals.xml
3 ms. Memory: 304128K Free: 109422K (36%)
----------------- Invoking toplevel() on ptolemy.moml.MoMLSimpleApplication@52091d77
----------------- Done invoking toplevel() on ptolemy.moml.MoMLSimpleApplication@52091d77
reloadAllAccessors: .Equals

===========================================================================================
----------------- testing Tue Jun 16 14:44:54 UTC 2020 /home/travis/build/icyphy/ptII/ptolemy/actor/lib/test/auto/Exec.xml
----------------- Instantiating /home/travis/build/icyphy/ptII/ptolemy/actor/lib/test/auto/Exec.xml
22 ms. Memory: 304128K Free: 102768K (34%)
----------------- Invoking toplevel() on ptolemy.moml.MoMLSimpleApplication@3d8ffe9a
----------------- Done invoking toplevel() on ptolemy.moml.MoMLSimpleApplication@3d8ffe9a
reloadAllAccessors: .Exec

===========================================================================================
----------------- testing Tue Jun 16 14:44:54 UTC 2020 /home/travis/build/icyphy/ptII/ptolemy/actor/lib/test/auto/ExecEnvironment.xml
----------------- Instantiating /home/travis/build/icyphy/ptII/ptolemy/actor/lib/test/auto/ExecEnvironment.xml
18 ms. Memory: 304128K Free: 98158K (32%)
----------------- Invoking toplevel() on ptolemy.moml.MoMLSimpleApplication@754d0869
----------------- Done invoking toplevel() on ptolemy.moml.MoMLSimpleApplication@754d0869
reloadAllAccessors: .ExecEnvironment

===========================================================================================
----------------- testing Tue Jun 16 14:44:54 UTC 2020 /home/travis/build/icyphy/ptII/ptolemy/actor/lib/test/auto/ExecNonZeroReturnOutput.xml
----------------- Instantiating /home/travis/build/icyphy/ptII/ptolemy/actor/lib/test/auto/ExecNonZeroReturnOutput.xml
164 ms. Memory: 304128K Free: 86894K (29%)
----------------- Invoking toplevel() on ptolemy.moml.MoMLSimpleApplication@55f3d2bc
----------------- Done invoking toplevel() on ptolemy.moml.MoMLSimpleApplication@55f3d2bc
reloadAllAccessors: .ExecNonZeroReturnOutput

===========================================================================================
----------------- testing Tue Jun 16 14:44:54 UTC 2020 /home/travis/build/icyphy/ptII/ptolemy/actor/lib/test/auto/ExecRunDemos.xml
----------------- Instantiating /home/travis/build/icyphy/ptII/ptolemy/actor/lib/test/auto/ExecRunDemos.xml
Finished: 63 ms. Memory: 129024K Free: 112355K (87%)

Finished: 50 ms. Memory: 129024K Free: 109437K (85%)

Finished: 85 ms. Memory: 129024K Free: 109581K (85%)

Finished: 96 ms. Memory: 129024K Free: 111070K (86%)

Finished: 57 ms. Memory: 129024K Free: 111954K (87%)

9888 ms. Memory: 304128K Free: 244609K (80%)
----------------- Invoking toplevel() on ptolemy.moml.MoMLSimpleApplication@104d4883
----------------- Done invoking toplevel() on ptolemy.moml.MoMLSimpleApplication@104d4883
reloadAllAccessors: .ExecRunDemos

===========================================================================================
----------------- testing Tue Jun 16 14:45:04 UTC 2020 /home/travis/build/icyphy/ptII/ptolemy/actor/lib/test/auto/ExecStop.xml
----------------- Instantiating /home/travis/build/icyphy/ptII/ptolemy/actor/lib/test/auto/ExecStop.xml
5012 ms. Memory: 304128K Free: 111489K (37%)
----------------- Invoking toplevel() on ptolemy.moml.MoMLSimpleApplication@52bc6b88
----------------- Done invoking toplevel() on ptolemy.moml.MoMLSimpleApplication@52bc6b88
reloadAllAccessors: .ExecStop

===========================================================================================
----------------- testing Tue Jun 16 14:45:09 UTC 2020 /home/travis/build/icyphy/ptII/ptolemy/actor/lib/test/auto/ExecutionTimeSDF.xml
----------------- Instantiating /home/travis/build/icyphy/ptII/ptolemy/actor/lib/test/auto/ExecutionTimeSDF.xml
Fired ExecutionTime: -962167296
Fired ExecutionTime: 1334400000
Fired ExecutionTime: -172567296
6006 ms. Memory: 304128K Free: 99187K (33%)
----------------- Invoking toplevel() on ptolemy.moml.MoMLSimpleApplication@1896aa6
----------------- Done invoking toplevel() on ptolemy.moml.MoMLSimpleApplication@1896aa6
reloadAllAccessors: .ExecutionTimeSDF

===========================================================================================
----------------- testing Tue Jun 16 14:45:15 UTC 2020 /home/travis/build/icyphy/ptII/ptolemy/actor/lib/test/auto/Expression1.xml
----------------- Instantiating /home/travis/build/icyphy/ptII/ptolemy/actor/lib/test/auto/Expression1.xml
1 ms. Memory: 304128K Free: 95619K (31%)
----------------- Invoking toplevel() on ptolemy.moml.MoMLSimpleApplication@4af9f6de
----------------- Done invoking toplevel() on ptolemy.moml.MoMLSimpleApplication@4af9f6de
reloadAllAccessors: .Expression1

===========================================================================================
----------------- testing Tue Jun 16 14:45:15 UTC 2020 /home/travis/build/icyphy/ptII/ptolemy/actor/lib/test/auto/Expression10.xml
----------------- Instantiating /home/travis/build/icyphy/ptII/ptolemy/actor/lib/test/auto/Expression10.xml
5 ms. Memory: 304128K Free: 90499K (30%)
----------------- Invoking toplevel() on ptolemy.moml.MoMLSimpleApplication@521575f3
----------------- Done invoking toplevel() on ptolemy.moml.MoMLSimpleApplication@521575f3
reloadAllAccessors: .Expression10

===========================================================================================
----------------- testing Tue Jun 16 14:45:15 UTC 2020 /home/travis/build/icyphy/ptII/ptolemy/actor/lib/test/auto/Expression11.xml
----------------- Instantiating /home/travis/build/icyphy/ptII/ptolemy/actor/lib/test/auto/Expression11.xml
3 ms. Memory: 304128K Free: 85889K (28%)
----------------- Invoking toplevel() on ptolemy.moml.MoMLSimpleApplication@45e2b3d3
----------------- Done invoking toplevel() on ptolemy.moml.MoMLSimpleApplication@45e2b3d3
reloadAllAccessors: .Expression11

===========================================================================================
----------------- testing Tue Jun 16 14:45:15 UTC 2020 /home/travis/build/icyphy/ptII/ptolemy/actor/lib/test/auto/Expression12.xml
----------------- Instantiating /home/travis/build/icyphy/ptII/ptolemy/actor/lib/test/auto/Expression12.xml
2 ms. Memory: 304128K Free: 80259K (26%)
----------------- Invoking toplevel() on ptolemy.moml.MoMLSimpleApplication@5289bf98
----------------- Done invoking toplevel() on ptolemy.moml.MoMLSimpleApplication@5289bf98
reloadAllAccessors: .Expression12

===========================================================================================
----------------- testing Tue Jun 16 14:45:15 UTC 2020 /home/travis/build/icyphy/ptII/ptolemy/actor/lib/test/auto/Expression13.xml
----------------- Instantiating /home/travis/build/icyphy/ptII/ptolemy/actor/lib/test/auto/Expression13.xml
17 ms. Memory: 304128K Free: 254317K (84%)
----------------- Invoking toplevel() on ptolemy.moml.MoMLSimpleApplication@1379453c
----------------- Done invoking toplevel() on ptolemy.moml.MoMLSimpleApplication@1379453c
reloadAllAccessors: .Expression13

===========================================================================================
----------------- testing Tue Jun 16 14:45:15 UTC 2020 /home/travis/build/icyphy/ptII/ptolemy/actor/lib/test/auto/Expression14.xml
----------------- Instantiating /home/travis/build/icyphy/ptII/ptolemy/actor/lib/test/auto/Expression14.xml
9 ms. Memory: 304128K Free: 247659K (81%)
----------------- Invoking toplevel() on ptolemy.moml.MoMLSimpleApplication@43bf161
----------------- Done invoking toplevel() on ptolemy.moml.MoMLSimpleApplication@43bf161
reloadAllAccessors: .Expression14

===========================================================================================
----------------- testing Tue Jun 16 14:45:15 UTC 2020 /home/travis/build/icyphy/ptII/ptolemy/actor/lib/test/auto/Expression15.xml
----------------- Instantiating /home/travis/build/icyphy/ptII/ptolemy/actor/lib/test/auto/Expression15.xml
1 ms. Memory: 304128K Free: 244077K (80%)
----------------- Invoking toplevel() on ptolemy.moml.MoMLSimpleApplication@3a503677
----------------- Done invoking toplevel() on ptolemy.moml.MoMLSimpleApplication@3a503677
reloadAllAccessors: .Expression15

===========================================================================================
----------------- testing Tue Jun 16 14:45:15 UTC 2020 /home/travis/build/icyphy/ptII/ptolemy/actor/lib/test/auto/Expression16.xml
----------------- Instantiating /home/travis/build/icyphy/ptII/ptolemy/actor/lib/test/auto/Expression16.xml
2 ms. Memory: 304128K Free: 239467K (79%)
----------------- Invoking toplevel() on ptolemy.moml.MoMLSimpleApplication@6f32e329
----------------- Done invoking toplevel() on ptolemy.moml.MoMLSimpleApplication@6f32e329
reloadAllAccessors: .Expression16

===========================================================================================
----------------- testing Tue Jun 16 14:45:15 UTC 2020 /home/travis/build/icyphy/ptII/ptolemy/actor/lib/test/auto/Expression17.xml
----------------- Instantiating /home/travis/build/icyphy/ptII/ptolemy/actor/lib/test/auto/Expression17.xml
2 ms. Memory: 304128K Free: 234347K (77%)
----------------- Invoking toplevel() on ptolemy.moml.MoMLSimpleApplication@60a59952
----------------- Done invoking toplevel() on ptolemy.moml.MoMLSimpleApplication@60a59952
reloadAllAccessors: .Expression17

===========================================================================================
----------------- testing Tue Jun 16 14:45:15 UTC 2020 /home/travis/build/icyphy/ptII/ptolemy/actor/lib/test/auto/Expression18.xml
----------------- Instantiating /home/travis/build/icyphy/ptII/ptolemy/actor/lib/test/auto/Expression18.xml
1 ms. Memory: 304128K Free: 229227K (75%)
----------------- Invoking toplevel() on ptolemy.moml.MoMLSimpleApplication@5dc6fbe7
----------------- Done invoking toplevel() on ptolemy.moml.MoMLSimpleApplication@5dc6fbe7
reloadAllAccessors: .Expression18

===========================================================================================
----------------- testing Tue Jun 16 14:45:15 UTC 2020 /home/travis/build/icyphy/ptII/ptolemy/actor/lib/test/auto/Expression2.xml
----------------- Instantiating /home/travis/build/icyphy/ptII/ptolemy/actor/lib/test/auto/Expression2.xml
3 ms. Memory: 304128K Free: 224107K (74%)
----------------- Invoking toplevel() on ptolemy.moml.MoMLSimpleApplication@6b0f9b09
----------------- Done invoking toplevel() on ptolemy.moml.MoMLSimpleApplication@6b0f9b09
reloadAllAccessors: .Expression2

===========================================================================================
----------------- testing Tue Jun 16 14:45:15 UTC 2020 /home/travis/build/icyphy/ptII/ptolemy/actor/lib/test/auto/Expression3.xml
----------------- Instantiating /home/travis/build/icyphy/ptII/ptolemy/actor/lib/test/auto/Expression3.xml
6 ms. Memory: 304128K Free: 218987K (72%)
----------------- Invoking toplevel() on ptolemy.moml.MoMLSimpleApplication@1d605ae0
----------------- Done invoking toplevel() on ptolemy.moml.MoMLSimpleApplication@1d605ae0
reloadAllAccessors: .Expression3

===========================================================================================
----------------- testing Tue Jun 16 14:45:15 UTC 2020 /home/travis/build/icyphy/ptII/ptolemy/actor/lib/test/auto/Expression4.xml
----------------- Instantiating /home/travis/build/icyphy/ptII/ptolemy/actor/lib/test/auto/Expression4.xml
5 ms. Memory: 304128K Free: 211309K (69%)
----------------- Invoking toplevel() on ptolemy.moml.MoMLSimpleApplication@56c343c3
----------------- Done invoking toplevel() on ptolemy.moml.MoMLSimpleApplication@56c343c3
reloadAllAccessors: .Expression4

===========================================================================================
----------------- testing Tue Jun 16 14:45:15 UTC 2020 /home/travis/build/icyphy/ptII/ptolemy/actor/lib/test/auto/Expression5.xml
----------------- Instantiating /home/travis/build/icyphy/ptII/ptolemy/actor/lib/test/auto/Expression5.xml
3 ms. Memory: 304128K Free: 206699K (68%)
----------------- Invoking toplevel() on ptolemy.moml.MoMLSimpleApplication@34477b73
----------------- Done invoking toplevel() on ptolemy.moml.MoMLSimpleApplication@34477b73
reloadAllAccessors: .Expression5

===========================================================================================
----------------- testing Tue Jun 16 14:45:15 UTC 2020 /home/travis/build/icyphy/ptII/ptolemy/actor/lib/test/auto/Expression6.xml
----------------- Instantiating /home/travis/build/icyphy/ptII/ptolemy/actor/lib/test/auto/Expression6.xml
2 ms. Memory: 304128K Free: 202093K (66%)
----------------- Invoking toplevel() on ptolemy.moml.MoMLSimpleApplication@716142d0
----------------- Done invoking toplevel() on ptolemy.moml.MoMLSimpleApplication@716142d0
reloadAllAccessors: .Expression6

===========================================================================================
----------------- testing Tue Jun 16 14:45:15 UTC 2020 /home/travis/build/icyphy/ptII/ptolemy/actor/lib/test/auto/Expression7.xml
----------------- Instantiating /home/travis/build/icyphy/ptII/ptolemy/actor/lib/test/auto/Expression7.xml
3 ms. Memory: 304128K Free: 196973K (65%)
----------------- Invoking toplevel() on ptolemy.moml.MoMLSimpleApplication@3a2bdafc
----------------- Done invoking toplevel() on ptolemy.moml.MoMLSimpleApplication@3a2bdafc
reloadAllAccessors: .Expression7

===========================================================================================
----------------- testing Tue Jun 16 14:45:15 UTC 2020 /home/travis/build/icyphy/ptII/ptolemy/actor/lib/test/auto/Expression8.xml
----------------- Instantiating /home/travis/build/icyphy/ptII/ptolemy/actor/lib/test/auto/Expression8.xml
7 ms. Memory: 304128K Free: 191853K (63%)
----------------- Invoking toplevel() on ptolemy.moml.MoMLSimpleApplication@699017b2
----------------- Done invoking toplevel() on ptolemy.moml.MoMLSimpleApplication@699017b2
reloadAllAccessors: .Expression8

===========================================================================================
----------------- testing Tue Jun 16 14:45:15 UTC 2020 /home/travis/build/icyphy/ptII/ptolemy/actor/lib/test/auto/Expression9.xml
----------------- Instantiating /home/travis/build/icyphy/ptII/ptolemy/actor/lib/test/auto/Expression9.xml
0 ms. Memory: 304128K Free: 187757K (62%)
----------------- Invoking toplevel() on ptolemy.moml.MoMLSimpleApplication@540acad4
----------------- Done invoking toplevel() on ptolemy.moml.MoMLSimpleApplication@540acad4
reloadAllAccessors: .Expression9

===========================================================================================
----------------- testing Tue Jun 16 14:45:15 UTC 2020 /home/travis/build/icyphy/ptII/ptolemy/actor/lib/test/auto/ExpressionConcatenateArrayType.xml
----------------- Instantiating /home/travis/build/icyphy/ptII/ptolemy/actor/lib/test/auto/ExpressionConcatenateArrayType.xml
4 ms. Memory: 304128K Free: 181099K (60%)
----------------- Invoking toplevel() on ptolemy.moml.MoMLSimpleApplication@510a04d2
----------------- Done invoking toplevel() on ptolemy.moml.MoMLSimpleApplication@510a04d2
reloadAllAccessors: .ExpressionConcatenateArrayType

===========================================================================================
----------------- testing Tue Jun 16 14:45:15 UTC 2020 /home/travis/build/icyphy/ptII/ptolemy/actor/lib/test/auto/ExpressionConcatenateArrayType2.xml
----------------- Instantiating /home/travis/build/icyphy/ptII/ptolemy/actor/lib/test/auto/ExpressionConcatenateArrayType2.xml
2 ms. Memory: 304128K Free: 175979K (58%)
----------------- Invoking toplevel() on ptolemy.moml.MoMLSimpleApplication@1bac214a
----------------- Done invoking toplevel() on ptolemy.moml.MoMLSimpleApplication@1bac214a
reloadAllAccessors: .ExpressionConcatenateArrayType2

===========================================================================================
----------------- testing Tue Jun 16 14:45:15 UTC 2020 /home/travis/build/icyphy/ptII/ptolemy/actor/lib/test/auto/ExpressionFix.xml
----------------- Instantiating /home/travis/build/icyphy/ptII/ptolemy/actor/lib/test/auto/ExpressionFix.xml
20 ms. Memory: 304128K Free: 169325K (56%)
----------------- Invoking toplevel() on ptolemy.moml.MoMLSimpleApplication@5edf4935
----------------- Done invoking toplevel() on ptolemy.moml.MoMLSimpleApplication@5edf4935
reloadAllAccessors: .ExpressionFix

===========================================================================================
----------------- testing Tue Jun 16 14:45:15 UTC 2020 /home/travis/build/icyphy/ptII/ptolemy/actor/lib/test/auto/ExpressionFix2.xml
----------------- Instantiating /home/travis/build/icyphy/ptII/ptolemy/actor/lib/test/auto/ExpressionFix2.xml
3 ms. Memory: 304128K Free: 164715K (54%)
----------------- Invoking toplevel() on ptolemy.moml.MoMLSimpleApplication@f6191f5
----------------- Done invoking toplevel() on ptolemy.moml.MoMLSimpleApplication@f6191f5
reloadAllAccessors: .ExpressionFix2

===========================================================================================
----------------- testing Tue Jun 16 14:45:15 UTC 2020 /home/travis/build/icyphy/ptII/ptolemy/actor/lib/test/auto/ExpressionFix3.xml
----------------- Instantiating /home/travis/build/icyphy/ptII/ptolemy/actor/lib/test/auto/ExpressionFix3.xml
2 ms. Memory: 304128K Free: 160109K (53%)
----------------- Invoking toplevel() on ptolemy.moml.MoMLSimpleApplication@619f8fe5
----------------- Done invoking toplevel() on ptolemy.moml.MoMLSimpleApplication@619f8fe5
reloadAllAccessors: .ExpressionFix3

===========================================================================================
----------------- testing Tue Jun 16 14:45:15 UTC 2020 /home/travis/build/icyphy/ptII/ptolemy/actor/lib/test/auto/FileWriter1.xml
----------------- Instantiating /home/travis/build/icyphy/ptII/ptolemy/actor/lib/test/auto/FileWriter1.xml
2 ms. Memory: 304128K Free: 156013K (51%)
----------------- Invoking toplevel() on ptolemy.moml.MoMLSimpleApplication@606971d7
----------------- Done invoking toplevel() on ptolemy.moml.MoMLSimpleApplication@606971d7
reloadAllAccessors: .FileWriter1

===========================================================================================
----------------- testing Tue Jun 16 14:45:15 UTC 2020 /home/travis/build/icyphy/ptII/ptolemy/actor/lib/test/auto/FileWriter2.xml
----------------- Instantiating /home/travis/build/icyphy/ptII/ptolemy/actor/lib/test/auto/FileWriter2.xml
7 ms. Memory: 304128K Free: 151403K (50%)
----------------- Invoking toplevel() on ptolemy.moml.MoMLSimpleApplication@2e2e9f7e
----------------- Done invoking toplevel() on ptolemy.moml.MoMLSimpleApplication@2e2e9f7e
reloadAllAccessors: .FileWriter2

===========================================================================================
----------------- testing Tue Jun 16 14:45:15 UTC 2020 /home/travis/build/icyphy/ptII/ptolemy/actor/lib/test/auto/FileWriter3.xml
----------------- Instantiating /home/travis/build/icyphy/ptII/ptolemy/actor/lib/test/auto/FileWriter3.xml
2 ms. Memory: 304128K Free: 147307K (48%)
----------------- Invoking toplevel() on ptolemy.moml.MoMLSimpleApplication@225fc597
----------------- Done invoking toplevel() on ptolemy.moml.MoMLSimpleApplication@225fc597
reloadAllAccessors: .FileWriter3

===========================================================================================
----------------- testing Tue Jun 16 14:45:15 UTC 2020 /home/travis/build/icyphy/ptII/ptolemy/actor/lib/test/auto/Gaussian.xml
----------------- Instantiating /home/travis/build/icyphy/ptII/ptolemy/actor/lib/test/auto/Gaussian.xml
2 ms. Memory: 304128K Free: 143211K (47%)
----------------- Invoking toplevel() on ptolemy.moml.MoMLSimpleApplication@4fde7ad
----------------- Done invoking toplevel() on ptolemy.moml.MoMLSimpleApplication@4fde7ad
reloadAllAccessors: .Gaussian

===========================================================================================
----------------- testing Tue Jun 16 14:45:16 UTC 2020 /home/travis/build/icyphy/ptII/ptolemy/actor/lib/test/auto/Gaussian1.xml
----------------- Instantiating /home/travis/build/icyphy/ptII/ptolemy/actor/lib/test/auto/Gaussian1.xml
3 ms. Memory: 304128K Free: 137581K (45%)
----------------- Invoking toplevel() on ptolemy.moml.MoMLSimpleApplication@402c59
----------------- Done invoking toplevel() on ptolemy.moml.MoMLSimpleApplication@402c59
reloadAllAccessors: .Gaussian1

===========================================================================================
----------------- testing Tue Jun 16 14:45:16 UTC 2020 /home/travis/build/icyphy/ptII/ptolemy/actor/lib/test/auto/Gaussian2.xml
----------------- Instantiating /home/travis/build/icyphy/ptII/ptolemy/actor/lib/test/auto/Gaussian2.xml
10 ms. Memory: 304128K Free: 131933K (43%)
----------------- Invoking toplevel() on ptolemy.moml.MoMLSimpleApplication@22978d83
----------------- Done invoking toplevel() on ptolemy.moml.MoMLSimpleApplication@22978d83
reloadAllAccessors: .Gaussian2

===========================================================================================
----------------- testing Tue Jun 16 14:45:16 UTC 2020 /home/travis/build/icyphy/ptII/ptolemy/actor/lib/test/auto/GradientAdaptiveLattice.xml
----------------- Instantiating /home/travis/build/icyphy/ptII/ptolemy/actor/lib/test/auto/GradientAdaptiveLattice.xml
3 ms. Memory: 304128K Free: 126827K (42%)
----------------- Invoking toplevel() on ptolemy.moml.MoMLSimpleApplication@4684f00a
----------------- Done invoking toplevel() on ptolemy.moml.MoMLSimpleApplication@4684f00a
reloadAllAccessors: .GradientAdaptiveLattice

===========================================================================================
----------------- testing Tue Jun 16 14:45:16 UTC 2020 /home/travis/build/icyphy/ptII/ptolemy/actor/lib/test/auto/IIR.xml
----------------- Instantiating /home/travis/build/icyphy/ptII/ptolemy/actor/lib/test/auto/IIR.xml
2 ms. Memory: 304128K Free: 122221K (40%)
----------------- Invoking toplevel() on ptolemy.moml.MoMLSimpleApplication@1cc48d42
----------------- Done invoking toplevel() on ptolemy.moml.MoMLSimpleApplication@1cc48d42
reloadAllAccessors: .IIR

===========================================================================================
----------------- testing Tue Jun 16 14:45:16 UTC 2020 /home/travis/build/icyphy/ptII/ptolemy/actor/lib/test/auto/InputOutputTransparentPorts.xml
----------------- Instantiating /home/travis/build/icyphy/ptII/ptolemy/actor/lib/test/auto/InputOutputTransparentPorts.xml
3 ms. Memory: 304128K Free: 114539K (38%)
----------------- Invoking toplevel() on ptolemy.moml.MoMLSimpleApplication@549c1a83
----------------- Done invoking toplevel() on ptolemy.moml.MoMLSimpleApplication@549c1a83
reloadAllAccessors: .InputOutputTransparentPorts

===========================================================================================
----------------- testing Tue Jun 16 14:45:16 UTC 2020 /home/travis/build/icyphy/ptII/ptolemy/actor/lib/test/auto/Interpolator.xml
----------------- Instantiating /home/travis/build/icyphy/ptII/ptolemy/actor/lib/test/auto/Interpolator.xml
2 ms. Memory: 304128K Free: 110443K (36%)
----------------- Invoking toplevel() on ptolemy.moml.MoMLSimpleApplication@69bdf099
----------------- Done invoking toplevel() on ptolemy.moml.MoMLSimpleApplication@69bdf099
reloadAllAccessors: .Interpolator

===========================================================================================
----------------- testing Tue Jun 16 14:45:16 UTC 2020 /home/travis/build/icyphy/ptII/ptolemy/actor/lib/test/auto/InterpolatorFiringLimitDE.xml
----------------- Instantiating /home/travis/build/icyphy/ptII/ptolemy/actor/lib/test/auto/InterpolatorFiringLimitDE.xml
2 ms. Memory: 304128K Free: 104299K (34%)
----------------- Invoking toplevel() on ptolemy.moml.MoMLSimpleApplication@214bd7fb
----------------- Done invoking toplevel() on ptolemy.moml.MoMLSimpleApplication@214bd7fb
reloadAllAccessors: .InterpolatorFiringLimitDE

===========================================================================================
----------------- testing Tue Jun 16 14:45:16 UTC 2020 /home/travis/build/icyphy/ptII/ptolemy/actor/lib/test/auto/Lattice.xml
----------------- Instantiating /home/travis/build/icyphy/ptII/ptolemy/actor/lib/test/auto/Lattice.xml
1 ms. Memory: 304128K Free: 100717K (33%)
----------------- Invoking toplevel() on ptolemy.moml.MoMLSimpleApplication@31396f8
----------------- Done invoking toplevel() on ptolemy.moml.MoMLSimpleApplication@31396f8
reloadAllAccessors: .Lattice

===========================================================================================
----------------- testing Tue Jun 16 14:45:16 UTC 2020 /home/travis/build/icyphy/ptII/ptolemy/actor/lib/test/auto/LazyAOCTestLazy.xml
----------------- Instantiating /home/travis/build/icyphy/ptII/ptolemy/actor/lib/test/auto/LazyAOCTestLazy.xml
19 ms. Memory: 304128K Free: 94573K (31%)
----------------- Invoking toplevel() on ptolemy.moml.MoMLSimpleApplication@288138
----------------- Done invoking toplevel() on ptolemy.moml.MoMLSimpleApplication@288138
reloadAllAccessors: .LazyAOCTestLazy

===========================================================================================
----------------- testing Tue Jun 16 14:45:16 UTC 2020 /home/travis/build/icyphy/ptII/ptolemy/actor/lib/test/auto/LazyAOCTestNonLazy.xml
----------------- Instantiating /home/travis/build/icyphy/ptII/ptolemy/actor/lib/test/auto/LazyAOCTestNonLazy.xml
2 ms. Memory: 304128K Free: 87915K (29%)
----------------- Invoking toplevel() on ptolemy.moml.MoMLSimpleApplication@230482a0
----------------- Done invoking toplevel() on ptolemy.moml.MoMLSimpleApplication@230482a0
reloadAllAccessors: .LazyAOCTestNonLazy

===========================================================================================
----------------- testing Tue Jun 16 14:45:16 UTC 2020 /home/travis/build/icyphy/ptII/ptolemy/actor/lib/test/auto/LazyInnerClass.xml
----------------- Instantiating /home/travis/build/icyphy/ptII/ptolemy/actor/lib/test/auto/LazyInnerClass.xml
9 ms. Memory: 304128K Free: 79213K (26%)
----------------- Invoking toplevel() on ptolemy.moml.MoMLSimpleApplication@33f2cbae
----------------- Done invoking toplevel() on ptolemy.moml.MoMLSimpleApplication@33f2cbae
reloadAllAccessors: .LazyInnerClass

===========================================================================================
----------------- testing Tue Jun 16 14:45:16 UTC 2020 /home/travis/build/icyphy/ptII/ptolemy/actor/lib/test/auto/LazyPubSub.xml
----------------- Instantiating /home/travis/build/icyphy/ptII/ptolemy/actor/lib/test/auto/LazyPubSub.xml
27 ms. Memory: 304128K Free: 247982K (82%)
----------------- Invoking toplevel() on ptolemy.moml.MoMLSimpleApplication@42b72053
----------------- Done invoking toplevel() on ptolemy.moml.MoMLSimpleApplication@42b72053
reloadAllAccessors: .LazyPubSub

===========================================================================================
----------------- testing Tue Jun 16 14:45:16 UTC 2020 /home/travis/build/icyphy/ptII/ptolemy/actor/lib/test/auto/LazyPubSub2.xml
----------------- Instantiating /home/travis/build/icyphy/ptII/ptolemy/actor/lib/test/auto/LazyPubSub2.xml
19 ms. Memory: 304128K Free: 237742K (78%)
----------------- Invoking toplevel() on ptolemy.moml.MoMLSimpleApplication@31a51cd3
----------------- Done invoking toplevel() on ptolemy.moml.MoMLSimpleApplication@31a51cd3
reloadAllAccessors: .LazyPubSub2

===========================================================================================
----------------- testing Tue Jun 16 14:45:16 UTC 2020 /home/travis/build/icyphy/ptII/ptolemy/actor/lib/test/auto/LazyPubSub3.xml
----------------- Instantiating /home/travis/build/icyphy/ptII/ptolemy/actor/lib/test/auto/LazyPubSub3.xml
13 ms. Memory: 304128K Free: 228012K (75%)
----------------- Invoking toplevel() on ptolemy.moml.MoMLSimpleApplication@22276bc
----------------- Done invoking toplevel() on ptolemy.moml.MoMLSimpleApplication@22276bc
reloadAllAccessors: .LazyPubSub3

===========================================================================================
----------------- testing Tue Jun 16 14:45:16 UTC 2020 /home/travis/build/icyphy/ptII/ptolemy/actor/lib/test/auto/LazySubClassModel.xml
----------------- Instantiating /home/travis/build/icyphy/ptII/ptolemy/actor/lib/test/auto/LazySubClassModel.xml
2 ms. Memory: 304128K Free: 218796K (72%)
----------------- Invoking toplevel() on ptolemy.moml.MoMLSimpleApplication@50e7d5b
----------------- Done invoking toplevel() on ptolemy.moml.MoMLSimpleApplication@50e7d5b
reloadAllAccessors: .LazySubClassModel

===========================================================================================
----------------- testing Tue Jun 16 14:45:16 UTC 2020 /home/travis/build/icyphy/ptII/ptolemy/actor/lib/test/auto/LevelCrossTest1.xml
----------------- Instantiating /home/travis/build/icyphy/ptII/ptolemy/actor/lib/test/auto/LevelCrossTest1.xml
1 ms. Memory: 304128K Free: 213166K (70%)
----------------- Invoking toplevel() on ptolemy.moml.MoMLSimpleApplication@502928ef
----------------- Done invoking toplevel() on ptolemy.moml.MoMLSimpleApplication@502928ef
reloadAllAccessors: .broken

===========================================================================================
----------------- testing Tue Jun 16 14:45:16 UTC 2020 /home/travis/build/icyphy/ptII/ptolemy/actor/lib/test/auto/LevelCrossTest10.xml
----------------- Instantiating /home/travis/build/icyphy/ptII/ptolemy/actor/lib/test/auto/LevelCrossTest10.xml
1 ms. Memory: 304128K Free: 205998K (68%)
----------------- Invoking toplevel() on ptolemy.moml.MoMLSimpleApplication@343283ff
----------------- Done invoking toplevel() on ptolemy.moml.MoMLSimpleApplication@343283ff
reloadAllAccessors: .LevelCrossTest10

===========================================================================================
----------------- testing Tue Jun 16 14:45:16 UTC 2020 /home/travis/build/icyphy/ptII/ptolemy/actor/lib/test/auto/LevelCrossTest11.xml
----------------- Instantiating /home/travis/build/icyphy/ptII/ptolemy/actor/lib/test/auto/LevelCrossTest11.xml
0 ms. Memory: 304128K Free: 199340K (66%)
----------------- Invoking toplevel() on ptolemy.moml.MoMLSimpleApplication@399c2fa2
----------------- Done invoking toplevel() on ptolemy.moml.MoMLSimpleApplication@399c2fa2
reloadAllAccessors: .LevelCrossTest11

===========================================================================================
----------------- testing Tue Jun 16 14:45:16 UTC 2020 /home/travis/build/icyphy/ptII/ptolemy/actor/lib/test/auto/LevelCrossTest12.xml
----------------- Instantiating /home/travis/build/icyphy/ptII/ptolemy/actor/lib/test/auto/LevelCrossTest12.xml
1 ms. Memory: 304128K Free: 192172K (63%)
----------------- Invoking toplevel() on ptolemy.moml.MoMLSimpleApplication@4c753773
----------------- Done invoking toplevel() on ptolemy.moml.MoMLSimpleApplication@4c753773
reloadAllAccessors: .LevelCrossTest12

===========================================================================================
----------------- testing Tue Jun 16 14:45:16 UTC 2020 /home/travis/build/icyphy/ptII/ptolemy/actor/lib/test/auto/LevelCrossTest13.xml
----------------- Instantiating /home/travis/build/icyphy/ptII/ptolemy/actor/lib/test/auto/LevelCrossTest13.xml
3 ms. Memory: 304128K Free: 184494K (61%)
----------------- Invoking toplevel() on ptolemy.moml.MoMLSimpleApplication@278bcd98
----------------- Done invoking toplevel() on ptolemy.moml.MoMLSimpleApplication@278bcd98
reloadAllAccessors: .LevelCrossTest13

===========================================================================================
----------------- testing Tue Jun 16 14:45:16 UTC 2020 /home/travis/build/icyphy/ptII/ptolemy/actor/lib/test/auto/LevelCrossTest2.xml
----------------- Instantiating /home/travis/build/icyphy/ptII/ptolemy/actor/lib/test/auto/LevelCrossTest2.xml
1 ms. Memory: 304128K Free: 178860K (59%)
----------------- Invoking toplevel() on ptolemy.moml.MoMLSimpleApplication@4caf5b91
----------------- Done invoking toplevel() on ptolemy.moml.MoMLSimpleApplication@4caf5b91
reloadAllAccessors: .broken

===========================================================================================
----------------- testing Tue Jun 16 14:45:16 UTC 2020 /home/travis/build/icyphy/ptII/ptolemy/actor/lib/test/auto/LevelCrossTest3.xml
----------------- Instantiating /home/travis/build/icyphy/ptII/ptolemy/actor/lib/test/auto/LevelCrossTest3.xml
2 ms. Memory: 304128K Free: 172716K (57%)
----------------- Invoking toplevel() on ptolemy.moml.MoMLSimpleApplication@7323cd0a
----------------- Done invoking toplevel() on ptolemy.moml.MoMLSimpleApplication@7323cd0a
reloadAllAccessors: .LevelCrossTest3

===========================================================================================
----------------- testing Tue Jun 16 14:45:16 UTC 2020 /home/travis/build/icyphy/ptII/ptolemy/actor/lib/test/auto/LevelCrossTest4.xml
----------------- Instantiating /home/travis/build/icyphy/ptII/ptolemy/actor/lib/test/auto/LevelCrossTest4.xml
2 ms. Memory: 304128K Free: 167086K (55%)
----------------- Invoking toplevel() on ptolemy.moml.MoMLSimpleApplication@559389e4
----------------- Done invoking toplevel() on ptolemy.moml.MoMLSimpleApplication@559389e4
reloadAllAccessors: .broken

===========================================================================================
----------------- testing Tue Jun 16 14:45:16 UTC 2020 /home/travis/build/icyphy/ptII/ptolemy/actor/lib/test/auto/LevelCrossTest5.xml
----------------- Instantiating /home/travis/build/icyphy/ptII/ptolemy/actor/lib/test/auto/LevelCrossTest5.xml
2 ms. Memory: 304128K Free: 160428K (53%)
----------------- Invoking toplevel() on ptolemy.moml.MoMLSimpleApplication@3277acc1
----------------- Done invoking toplevel() on ptolemy.moml.MoMLSimpleApplication@3277acc1
reloadAllAccessors: .LevelCrossTest5

===========================================================================================
----------------- testing Tue Jun 16 14:45:16 UTC 2020 /home/travis/build/icyphy/ptII/ptolemy/actor/lib/test/auto/LevelCrossTest6.xml
----------------- Instantiating /home/travis/build/icyphy/ptII/ptolemy/actor/lib/test/auto/LevelCrossTest6.xml
1 ms. Memory: 304128K Free: 153774K (51%)
----------------- Invoking toplevel() on ptolemy.moml.MoMLSimpleApplication@5bf36fe
----------------- Done invoking toplevel() on ptolemy.moml.MoMLSimpleApplication@5bf36fe
reloadAllAccessors: .LevelCrossTest6

===========================================================================================
----------------- testing Tue Jun 16 14:45:16 UTC 2020 /home/travis/build/icyphy/ptII/ptolemy/actor/lib/test/auto/LevelCrossTest7.xml
----------------- Instantiating /home/travis/build/icyphy/ptII/ptolemy/actor/lib/test/auto/LevelCrossTest7.xml
1 ms. Memory: 304128K Free: 145582K (48%)
----------------- Invoking toplevel() on ptolemy.moml.MoMLSimpleApplication@7b59d4ee
----------------- Done invoking toplevel() on ptolemy.moml.MoMLSimpleApplication@7b59d4ee
reloadAllAccessors: .LevelCrossTest7

===========================================================================================
----------------- testing Tue Jun 16 14:45:16 UTC 2020 /home/travis/build/icyphy/ptII/ptolemy/actor/lib/test/auto/LevelCrossTest8.xml
----------------- Instantiating /home/travis/build/icyphy/ptII/ptolemy/actor/lib/test/auto/LevelCrossTest8.xml
1 ms. Memory: 304128K Free: 138924K (46%)
----------------- Invoking toplevel() on ptolemy.moml.MoMLSimpleApplication@379c3607
----------------- Done invoking toplevel() on ptolemy.moml.MoMLSimpleApplication@379c3607
reloadAllAccessors: .LevelCrossTest8

===========================================================================================
----------------- testing Tue Jun 16 14:45:16 UTC 2020 /home/travis/build/icyphy/ptII/ptolemy/actor/lib/test/auto/LevelCrossTest9.xml
----------------- Instantiating /home/travis/build/icyphy/ptII/ptolemy/actor/lib/test/auto/LevelCrossTest9.xml
5 ms. Memory: 304128K Free: 131756K (43%)
----------------- Invoking toplevel() on ptolemy.moml.MoMLSimpleApplication@7870c4e0
----------------- Done invoking toplevel() on ptolemy.moml.MoMLSimpleApplication@7870c4e0
reloadAllAccessors: .LevelCrossTest9

===========================================================================================
----------------- testing Tue Jun 16 14:45:16 UTC 2020 /home/travis/build/icyphy/ptII/ptolemy/actor/lib/test/auto/LevinsonDurbin.xml
----------------- Instantiating /home/travis/build/icyphy/ptII/ptolemy/actor/lib/test/auto/LevinsonDurbin.xml
2 ms. Memory: 304128K Free: 127660K (42%)
----------------- Invoking toplevel() on ptolemy.moml.MoMLSimpleApplication@15a47af4
----------------- Done invoking toplevel() on ptolemy.moml.MoMLSimpleApplication@15a47af4
reloadAllAccessors: .LevinsonDurbin

===========================================================================================
----------------- testing Tue Jun 16 14:45:16 UTC 2020 /home/travis/build/icyphy/ptII/ptolemy/actor/lib/test/auto/LevinsonDurbin2.xml
----------------- Instantiating /home/travis/build/icyphy/ptII/ptolemy/actor/lib/test/auto/LevinsonDurbin2.xml
3 ms. Memory: 304128K Free: 123564K (41%)
----------------- Invoking toplevel() on ptolemy.moml.MoMLSimpleApplication@e66c9fd
----------------- Done invoking toplevel() on ptolemy.moml.MoMLSimpleApplication@e66c9fd
reloadAllAccessors: .LevinsonDurbin2

===========================================================================================
----------------- testing Tue Jun 16 14:45:16 UTC 2020 /home/travis/build/icyphy/ptII/ptolemy/actor/lib/test/auto/LevinsonDurbin3.xml
----------------- Instantiating /home/travis/build/icyphy/ptII/ptolemy/actor/lib/test/auto/LevinsonDurbin3.xml
3 ms. Memory: 304128K Free: 119468K (39%)
----------------- Invoking toplevel() on ptolemy.moml.MoMLSimpleApplication@24bb7fd3
----------------- Done invoking toplevel() on ptolemy.moml.MoMLSimpleApplication@24bb7fd3
reloadAllAccessors: .LevinsonDurbin3

===========================================================================================
----------------- testing Tue Jun 16 14:45:16 UTC 2020 /home/travis/build/icyphy/ptII/ptolemy/actor/lib/test/auto/Limiter.xml
----------------- Instantiating /home/travis/build/icyphy/ptII/ptolemy/actor/lib/test/auto/Limiter.xml
5 ms. Memory: 304128K Free: 110238K (36%)
----------------- Invoking toplevel() on ptolemy.moml.MoMLSimpleApplication@f9ee1eb
----------------- Done invoking toplevel() on ptolemy.moml.MoMLSimpleApplication@f9ee1eb
reloadAllAccessors: .Limiter

===========================================================================================
----------------- testing Tue Jun 16 14:45:16 UTC 2020 /home/travis/build/icyphy/ptII/ptolemy/actor/lib/test/auto/LinearDifferenceEquationSystem.xml
----------------- Instantiating /home/travis/build/icyphy/ptII/ptolemy/actor/lib/test/auto/LinearDifferenceEquationSystem.xml
13 ms. Memory: 304128K Free: 103084K (34%)
----------------- Invoking toplevel() on ptolemy.moml.MoMLSimpleApplication@327491d
----------------- Done invoking toplevel() on ptolemy.moml.MoMLSimpleApplication@327491d
reloadAllAccessors: .LinearDifferenceEquationSystem

===========================================================================================
----------------- testing Tue Jun 16 14:45:16 UTC 2020 /home/travis/build/icyphy/ptII/ptolemy/actor/lib/test/auto/LookupTable.xml
----------------- Instantiating /home/travis/build/icyphy/ptII/ptolemy/actor/lib/test/auto/LookupTable.xml
2 ms. Memory: 304128K Free: 98478K (32%)
----------------- Invoking toplevel() on ptolemy.moml.MoMLSimpleApplication@49e61d71
----------------- Done invoking toplevel() on ptolemy.moml.MoMLSimpleApplication@49e61d71
reloadAllAccessors: .LookupTable

===========================================================================================
----------------- testing Tue Jun 16 14:45:16 UTC 2020 /home/travis/build/icyphy/ptII/ptolemy/actor/lib/test/auto/MathFunction.xml
----------------- Instantiating /home/travis/build/icyphy/ptII/ptolemy/actor/lib/test/auto/MathFunction.xml
3 ms. Memory: 304128K Free: 90286K (30%)
----------------- Invoking toplevel() on ptolemy.moml.MoMLSimpleApplication@66119fdd
----------------- Done invoking toplevel() on ptolemy.moml.MoMLSimpleApplication@66119fdd
reloadAllAccessors: .MathFunction

===========================================================================================
----------------- testing Tue Jun 16 14:45:16 UTC 2020 /home/travis/build/icyphy/ptII/ptolemy/actor/lib/test/auto/MathFunction2.xml
----------------- Instantiating /home/travis/build/icyphy/ptII/ptolemy/actor/lib/test/auto/MathFunction2.xml
1 ms. Memory: 304128K Free: 86190K (28%)
----------------- Invoking toplevel() on ptolemy.moml.MoMLSimpleApplication@54faf22b
----------------- Done invoking toplevel() on ptolemy.moml.MoMLSimpleApplication@54faf22b
reloadAllAccessors: .MathFunction2

===========================================================================================
----------------- testing Tue Jun 16 14:45:16 UTC 2020 /home/travis/build/icyphy/ptII/ptolemy/actor/lib/test/auto/MathFunction3.xml
----------------- Instantiating /home/travis/build/icyphy/ptII/ptolemy/actor/lib/test/auto/MathFunction3.xml
2 ms. Memory: 304128K Free: 79022K (26%)
----------------- Invoking toplevel() on ptolemy.moml.MoMLSimpleApplication@73dc1b48
----------------- Done invoking toplevel() on ptolemy.moml.MoMLSimpleApplication@73dc1b48
reloadAllAccessors: .MathFunction3

===========================================================================================
----------------- testing Tue Jun 16 14:45:16 UTC 2020 /home/travis/build/icyphy/ptII/ptolemy/actor/lib/test/auto/MatrixCropBoolean.xml
----------------- Instantiating /home/travis/build/icyphy/ptII/ptolemy/actor/lib/test/auto/MatrixCropBoolean.xml
2 ms. Memory: 304128K Free: 253690K (83%)
----------------- Invoking toplevel() on ptolemy.moml.MoMLSimpleApplication@33569756
----------------- Done invoking toplevel() on ptolemy.moml.MoMLSimpleApplication@33569756
reloadAllAccessors: .MatrixCropBoolean

===========================================================================================
----------------- testing Tue Jun 16 14:45:16 UTC 2020 /home/travis/build/icyphy/ptII/ptolemy/actor/lib/test/auto/MatrixCropComplex.xml
----------------- Instantiating /home/travis/build/icyphy/ptII/ptolemy/actor/lib/test/auto/MatrixCropComplex.xml
1 ms. Memory: 304128K Free: 248074K (82%)
----------------- Invoking toplevel() on ptolemy.moml.MoMLSimpleApplication@1cd27b16
----------------- Done invoking toplevel() on ptolemy.moml.MoMLSimpleApplication@1cd27b16
reloadAllAccessors: .MatrixCropComplex

===========================================================================================
----------------- testing Tue Jun 16 14:45:16 UTC 2020 /home/travis/build/icyphy/ptII/ptolemy/actor/lib/test/auto/MatrixCropDouble.xml
----------------- Instantiating /home/travis/build/icyphy/ptII/ptolemy/actor/lib/test/auto/MatrixCropDouble.xml
2 ms. Memory: 304128K Free: 243978K (80%)
----------------- Invoking toplevel() on ptolemy.moml.MoMLSimpleApplication@73419b01
----------------- Done invoking toplevel() on ptolemy.moml.MoMLSimpleApplication@73419b01
reloadAllAccessors: .MatrixCropDouble

===========================================================================================
----------------- testing Tue Jun 16 14:45:16 UTC 2020 /home/travis/build/icyphy/ptII/ptolemy/actor/lib/test/auto/MatrixCropFix.xml
----------------- Instantiating /home/travis/build/icyphy/ptII/ptolemy/actor/lib/test/auto/MatrixCropFix.xml
2 ms. Memory: 304128K Free: 238858K (79%)
----------------- Invoking toplevel() on ptolemy.moml.MoMLSimpleApplication@12a9ded0
----------------- Done invoking toplevel() on ptolemy.moml.MoMLSimpleApplication@12a9ded0
reloadAllAccessors: .MatrixCropFix

===========================================================================================
----------------- testing Tue Jun 16 14:45:16 UTC 2020 /home/travis/build/icyphy/ptII/ptolemy/actor/lib/test/auto/MatrixCropInt.xml
----------------- Instantiating /home/travis/build/icyphy/ptII/ptolemy/actor/lib/test/auto/MatrixCropInt.xml
2 ms. Memory: 304128K Free: 233738K (77%)
----------------- Invoking toplevel() on ptolemy.moml.MoMLSimpleApplication@66417c29
----------------- Done invoking toplevel() on ptolemy.moml.MoMLSimpleApplication@66417c29
reloadAllAccessors: .MatrixCropInt

===========================================================================================
----------------- testing Tue Jun 16 14:45:16 UTC 2020 /home/travis/build/icyphy/ptII/ptolemy/actor/lib/test/auto/MatrixCropLong.xml
----------------- Instantiating /home/travis/build/icyphy/ptII/ptolemy/actor/lib/test/auto/MatrixCropLong.xml
2 ms. Memory: 304128K Free: 228618K (75%)
----------------- Invoking toplevel() on ptolemy.moml.MoMLSimpleApplication@622ad8ff
----------------- Done invoking toplevel() on ptolemy.moml.MoMLSimpleApplication@622ad8ff
reloadAllAccessors: .MatrixCropLong

===========================================================================================
----------------- testing Tue Jun 16 14:45:16 UTC 2020 /home/travis/build/icyphy/ptII/ptolemy/actor/lib/test/auto/MatrixToArray.xml
----------------- Instantiating /home/travis/build/icyphy/ptII/ptolemy/actor/lib/test/auto/MatrixToArray.xml
11 ms. Memory: 304128K Free: 213258K (70%)
----------------- Invoking toplevel() on ptolemy.moml.MoMLSimpleApplication@31c62e29
----------------- Done invoking toplevel() on ptolemy.moml.MoMLSimpleApplication@31c62e29
reloadAllAccessors: .MatrixToArray

===========================================================================================
----------------- testing Tue Jun 16 14:45:17 UTC 2020 /home/travis/build/icyphy/ptII/ptolemy/actor/lib/test/auto/MaxIndex.xml
----------------- Instantiating /home/travis/build/icyphy/ptII/ptolemy/actor/lib/test/auto/MaxIndex.xml
1 ms. Memory: 304128K Free: 208138K (68%)
----------------- Invoking toplevel() on ptolemy.moml.MoMLSimpleApplication@27c8394d
----------------- Done invoking toplevel() on ptolemy.moml.MoMLSimpleApplication@27c8394d
reloadAllAccessors: .MaxIndex

===========================================================================================
----------------- testing Tue Jun 16 14:45:17 UTC 2020 /home/travis/build/icyphy/ptII/ptolemy/actor/lib/test/auto/Maximum.xml
----------------- Instantiating /home/travis/build/icyphy/ptII/ptolemy/actor/lib/test/auto/Maximum.xml
3 ms. Memory: 304128K Free: 201450K (66%)
----------------- Invoking toplevel() on ptolemy.moml.MoMLSimpleApplication@1d33d0ad
----------------- Done invoking toplevel() on ptolemy.moml.MoMLSimpleApplication@1d33d0ad
reloadAllAccessors: .Maximum

===========================================================================================
----------------- testing Tue Jun 16 14:45:17 UTC 2020 /home/travis/build/icyphy/ptII/ptolemy/actor/lib/test/auto/MaximumComplex.xml
----------------- Instantiating /home/travis/build/icyphy/ptII/ptolemy/actor/lib/test/auto/MaximumComplex.xml
4 ms. Memory: 304128K Free: 195336K (64%)
----------------- Invoking toplevel() on ptolemy.moml.MoMLSimpleApplication@3f87ae16
----------------- Done invoking toplevel() on ptolemy.moml.MoMLSimpleApplication@3f87ae16
reloadAllAccessors: .MaximumComplex

===========================================================================================
----------------- testing Tue Jun 16 14:45:17 UTC 2020 /home/travis/build/icyphy/ptII/ptolemy/actor/lib/test/auto/MethodCallTest.xml
----------------- Instantiating /home/travis/build/icyphy/ptII/ptolemy/actor/lib/test/auto/MethodCallTest.xml
3 ms. Memory: 304128K Free: 188682K (62%)
----------------- Invoking toplevel() on ptolemy.moml.MoMLSimpleApplication@66a42ffa
----------------- Done invoking toplevel() on ptolemy.moml.MoMLSimpleApplication@66a42ffa
reloadAllAccessors: .MethodCallTest

===========================================================================================
----------------- testing Tue Jun 16 14:45:17 UTC 2020 /home/travis/build/icyphy/ptII/ptolemy/actor/lib/test/auto/Minimum.xml
----------------- Instantiating /home/travis/build/icyphy/ptII/ptolemy/actor/lib/test/auto/Minimum.xml
2 ms. Memory: 304128K Free: 182024K (60%)
----------------- Invoking toplevel() on ptolemy.moml.MoMLSimpleApplication@1f8e6050
----------------- Done invoking toplevel() on ptolemy.moml.MoMLSimpleApplication@1f8e6050
reloadAllAccessors: .Minimum

===========================================================================================
----------------- testing Tue Jun 16 14:45:17 UTC 2020 /home/travis/build/icyphy/ptII/ptolemy/actor/lib/test/auto/MinimumComplex.xml
----------------- Instantiating /home/travis/build/icyphy/ptII/ptolemy/actor/lib/test/auto/MinimumComplex.xml
4 ms. Memory: 304128K Free: 175880K (58%)
----------------- Invoking toplevel() on ptolemy.moml.MoMLSimpleApplication@76015db0
----------------- Done invoking toplevel() on ptolemy.moml.MoMLSimpleApplication@76015db0
reloadAllAccessors: .MinimumComplex

===========================================================================================
----------------- testing Tue Jun 16 14:45:17 UTC 2020 /home/travis/build/icyphy/ptII/ptolemy/actor/lib/test/auto/MinimumMultiports.xml
----------------- Instantiating /home/travis/build/icyphy/ptII/ptolemy/actor/lib/test/auto/MinimumMultiports.xml
10 ms. Memory: 304128K Free: 167178K (55%)
----------------- Invoking toplevel() on ptolemy.moml.MoMLSimpleApplication@566e05f9
----------------- Done invoking toplevel() on ptolemy.moml.MoMLSimpleApplication@566e05f9
reloadAllAccessors: .MinimumMultiports

===========================================================================================
----------------- testing Tue Jun 16 14:45:17 UTC 2020 /home/travis/build/icyphy/ptII/ptolemy/actor/lib/test/auto/ModifyDate.xml
----------------- Instantiating /home/travis/build/icyphy/ptII/ptolemy/actor/lib/test/auto/ModifyDate.xml
7 ms. Memory: 304128K Free: 154376K (51%)
----------------- Invoking toplevel() on ptolemy.moml.MoMLSimpleApplication@6bdee47f
----------------- Done invoking toplevel() on ptolemy.moml.MoMLSimpleApplication@6bdee47f
reloadAllAccessors: .ModifyDate

===========================================================================================
----------------- testing Tue Jun 16 14:45:17 UTC 2020 /home/travis/build/icyphy/ptII/ptolemy/actor/lib/test/auto/ModifyDate2.xml
----------------- Instantiating /home/travis/build/icyphy/ptII/ptolemy/actor/lib/test/auto/ModifyDate2.xml
4 ms. Memory: 304128K Free: 145674K (48%)
----------------- Invoking toplevel() on ptolemy.moml.MoMLSimpleApplication@1ce9fa0c
----------------- Done invoking toplevel() on ptolemy.moml.MoMLSimpleApplication@1ce9fa0c
reloadAllAccessors: .ModifyDate2

===========================================================================================
----------------- testing Tue Jun 16 14:45:17 UTC 2020 /home/travis/build/icyphy/ptII/ptolemy/actor/lib/test/auto/MovingAverage.xml
----------------- Instantiating /home/travis/build/icyphy/ptII/ptolemy/actor/lib/test/auto/MovingAverage.xml
11 ms. Memory: 304128K Free: 140554K (46%)
----------------- Invoking toplevel() on ptolemy.moml.MoMLSimpleApplication@6857851a
----------------- Done invoking toplevel() on ptolemy.moml.MoMLSimpleApplication@6857851a
reloadAllAccessors: .MovingAverage

===========================================================================================
----------------- testing Tue Jun 16 14:45:17 UTC 2020 /home/travis/build/icyphy/ptII/ptolemy/actor/lib/test/auto/MovingMaximum.xml
----------------- Instantiating /home/travis/build/icyphy/ptII/ptolemy/actor/lib/test/auto/MovingMaximum.xml
1 ms. Memory: 304128K Free: 135944K (45%)
----------------- Invoking toplevel() on ptolemy.moml.MoMLSimpleApplication@3b722ec2
----------------- Done invoking toplevel() on ptolemy.moml.MoMLSimpleApplication@3b722ec2
reloadAllAccessors: .MovingMaximum

===========================================================================================
----------------- testing Tue Jun 16 14:45:17 UTC 2020 /home/travis/build/icyphy/ptII/ptolemy/actor/lib/test/auto/MultipleLinksToSameRelation.xml
----------------- Instantiating /home/travis/build/icyphy/ptII/ptolemy/actor/lib/test/auto/MultipleLinksToSameRelation.xml
2 ms. Memory: 304128K Free: 131848K (43%)
----------------- Invoking toplevel() on ptolemy.moml.MoMLSimpleApplication@7bbf9db2
----------------- Done invoking toplevel() on ptolemy.moml.MoMLSimpleApplication@7bbf9db2
reloadAllAccessors: .MultipleLinksToSameRelation

===========================================================================================
----------------- testing Tue Jun 16 14:45:17 UTC 2020 /home/travis/build/icyphy/ptII/ptolemy/actor/lib/test/auto/MultipleLinksToSameRelationDE.xml
----------------- Instantiating /home/travis/build/icyphy/ptII/ptolemy/actor/lib/test/auto/MultipleLinksToSameRelationDE.xml
2 ms. Memory: 304128K Free: 126714K (42%)
----------------- Invoking toplevel() on ptolemy.moml.MoMLSimpleApplication@1174371e
----------------- Done invoking toplevel() on ptolemy.moml.MoMLSimpleApplication@1174371e
reloadAllAccessors: .MultipleLinksToSameRelationDE

===========================================================================================
----------------- testing Tue Jun 16 14:45:17 UTC 2020 /home/travis/build/icyphy/ptII/ptolemy/actor/lib/test/auto/Multiplexor.xml
----------------- Instantiating /home/travis/build/icyphy/ptII/ptolemy/actor/lib/test/auto/Multiplexor.xml
2 ms. Memory: 304128K Free: 121098K (40%)
----------------- Invoking toplevel() on ptolemy.moml.MoMLSimpleApplication@147bf868
----------------- Done invoking toplevel() on ptolemy.moml.MoMLSimpleApplication@147bf868
reloadAllAccessors: .Multiplexor

===========================================================================================
----------------- testing Tue Jun 16 14:45:17 UTC 2020 /home/travis/build/icyphy/ptII/ptolemy/actor/lib/test/auto/Multiplexor1.xml
----------------- Instantiating /home/travis/build/icyphy/ptII/ptolemy/actor/lib/test/auto/Multiplexor1.xml
2 ms. Memory: 304128K Free: 115458K (38%)
----------------- Invoking toplevel() on ptolemy.moml.MoMLSimpleApplication@58cb8b67
----------------- Done invoking toplevel() on ptolemy.moml.MoMLSimpleApplication@58cb8b67
reloadAllAccessors: .Multiplexor1

===========================================================================================
----------------- testing Tue Jun 16 14:45:17 UTC 2020 /home/travis/build/icyphy/ptII/ptolemy/actor/lib/test/auto/Multiplexor2.xml
----------------- Instantiating /home/travis/build/icyphy/ptII/ptolemy/actor/lib/test/auto/Multiplexor2.xml
3 ms. Memory: 304128K Free: 108810K (36%)
----------------- Invoking toplevel() on ptolemy.moml.MoMLSimpleApplication@59dae661
----------------- Done invoking toplevel() on ptolemy.moml.MoMLSimpleApplication@59dae661
reloadAllAccessors: .Multiplexor2

===========================================================================================
----------------- testing Tue Jun 16 14:45:17 UTC 2020 /home/travis/build/icyphy/ptII/ptolemy/actor/lib/test/auto/Multiplexor3.xml
----------------- Instantiating /home/travis/build/icyphy/ptII/ptolemy/actor/lib/test/auto/Multiplexor3.xml
1 ms. Memory: 304128K Free: 104714K (34%)
----------------- Invoking toplevel() on ptolemy.moml.MoMLSimpleApplication@5dccd8f0
----------------- Done invoking toplevel() on ptolemy.moml.MoMLSimpleApplication@5dccd8f0
reloadAllAccessors: .Multiplexor3

===========================================================================================
----------------- testing Tue Jun 16 14:45:17 UTC 2020 /home/travis/build/icyphy/ptII/ptolemy/actor/lib/test/auto/MultiplexorDE.xml
----------------- Instantiating /home/travis/build/icyphy/ptII/ptolemy/actor/lib/test/auto/MultiplexorDE.xml
1 ms. Memory: 304128K Free: 97018K (32%)
----------------- Invoking toplevel() on ptolemy.moml.MoMLSimpleApplication@47f4f511
----------------- Done invoking toplevel() on ptolemy.moml.MoMLSimpleApplication@47f4f511
reloadAllAccessors: .MultiplexorDE

===========================================================================================
----------------- testing Tue Jun 16 14:45:17 UTC 2020 /home/travis/build/icyphy/ptII/ptolemy/actor/lib/test/auto/MultiportBroadcastTest.xml
----------------- Instantiating /home/travis/build/icyphy/ptII/ptolemy/actor/lib/test/auto/MultiportBroadcastTest.xml
82 ms. Memory: 304128K Free: 90874K (30%)
----------------- Invoking toplevel() on ptolemy.moml.MoMLSimpleApplication@1f741cda
----------------- Done invoking toplevel() on ptolemy.moml.MoMLSimpleApplication@1f741cda
reloadAllAccessors: .MultiportBroadcastTest

===========================================================================================
----------------- testing Tue Jun 16 14:45:17 UTC 2020 /home/travis/build/icyphy/ptII/ptolemy/actor/lib/test/auto/MultiportOutHangDuringGetWidth.xml
----------------- Instantiating /home/travis/build/icyphy/ptII/ptolemy/actor/lib/test/auto/MultiportOutHangDuringGetWidth.xml
8 ms. Memory: 304128K Free: 78586K (26%)
----------------- Invoking toplevel() on ptolemy.moml.MoMLSimpleApplication@3c0731ad
----------------- Done invoking toplevel() on ptolemy.moml.MoMLSimpleApplication@3c0731ad
reloadAllAccessors: .MultiportOutHangDuringGetWidth

===========================================================================================
----------------- testing Tue Jun 16 14:45:17 UTC 2020 /home/travis/build/icyphy/ptII/ptolemy/actor/lib/test/auto/NilToken.xml
----------------- Instantiating /home/travis/build/icyphy/ptII/ptolemy/actor/lib/test/auto/NilToken.xml
2 ms. Memory: 304128K Free: 253506K (83%)
----------------- Invoking toplevel() on ptolemy.moml.MoMLSimpleApplication@2adc5c19
----------------- Done invoking toplevel() on ptolemy.moml.MoMLSimpleApplication@2adc5c19
reloadAllAccessors: .NilToken

===========================================================================================
----------------- testing Tue Jun 16 14:45:17 UTC 2020 /home/travis/build/icyphy/ptII/ptolemy/actor/lib/test/auto/NilTokenNonStrictTest.xml
----------------- Instantiating /home/travis/build/icyphy/ptII/ptolemy/actor/lib/test/auto/NilTokenNonStrictTest.xml
1 ms. Memory: 304128K Free: 248386K (82%)
----------------- Invoking toplevel() on ptolemy.moml.MoMLSimpleApplication@26cee625
----------------- Done invoking toplevel() on ptolemy.moml.MoMLSimpleApplication@26cee625
reloadAllAccessors: .NilTokenNonStrictTest

===========================================================================================
----------------- testing Tue Jun 16 14:45:17 UTC 2020 /home/travis/build/icyphy/ptII/ptolemy/actor/lib/test/auto/NilTokenRecord.xml
----------------- Instantiating /home/travis/build/icyphy/ptII/ptolemy/actor/lib/test/auto/NilTokenRecord.xml
5 ms. Memory: 304128K Free: 241732K (79%)
----------------- Invoking toplevel() on ptolemy.moml.MoMLSimpleApplication@348d7d35
----------------- Done invoking toplevel() on ptolemy.moml.MoMLSimpleApplication@348d7d35
reloadAllAccessors: .NilTokenRecord

===========================================================================================
----------------- testing Tue Jun 16 14:45:17 UTC 2020 /home/travis/build/icyphy/ptII/ptolemy/actor/lib/test/auto/NilTokenTypeTest.xml
----------------- Instantiating /home/travis/build/icyphy/ptII/ptolemy/actor/lib/test/auto/NilTokenTypeTest.xml
9 ms. Memory: 304128K Free: 232002K (76%)
----------------- Invoking toplevel() on ptolemy.moml.MoMLSimpleApplication@511a425e
----------------- Done invoking toplevel() on ptolemy.moml.MoMLSimpleApplication@511a425e
reloadAllAccessors: .NilTokenTypeTest

===========================================================================================
----------------- testing Tue Jun 16 14:45:17 UTC 2020 /home/travis/build/icyphy/ptII/ptolemy/actor/lib/test/auto/ObjectToken1.xml
----------------- Instantiating /home/travis/build/icyphy/ptII/ptolemy/actor/lib/test/auto/ObjectToken1.xml
3 ms. Memory: 304128K Free: 227906K (75%)
----------------- Invoking toplevel() on ptolemy.moml.MoMLSimpleApplication@6ebc5116
----------------- Done invoking toplevel() on ptolemy.moml.MoMLSimpleApplication@6ebc5116
reloadAllAccessors: .ObjectToken1

===========================================================================================
----------------- testing Tue Jun 16 14:45:17 UTC 2020 /home/travis/build/icyphy/ptII/ptolemy/actor/lib/test/auto/OrderedMerge.xml
----------------- Instantiating /home/travis/build/icyphy/ptII/ptolemy/actor/lib/test/auto/OrderedMerge.xml
12 ms. Memory: 304128K Free: 222276K (73%)
----------------- Invoking toplevel() on ptolemy.moml.MoMLSimpleApplication@5fd99e1
----------------- Done invoking toplevel() on ptolemy.moml.MoMLSimpleApplication@5fd99e1
reloadAllAccessors: .OrderedMerge

===========================================================================================
----------------- testing Tue Jun 16 14:45:17 UTC 2020 /home/travis/build/icyphy/ptII/ptolemy/actor/lib/test/auto/OrderedRecordDisassembler.xml
----------------- Instantiating /home/travis/build/icyphy/ptII/ptolemy/actor/lib/test/auto/OrderedRecordDisassembler.xml
3 ms. Memory: 304128K Free: 217156K (71%)
----------------- Invoking toplevel() on ptolemy.moml.MoMLSimpleApplication@2acda3d8
----------------- Done invoking toplevel() on ptolemy.moml.MoMLSimpleApplication@2acda3d8
reloadAllAccessors: .OrderedRecordDisassembler

===========================================================================================
----------------- testing Tue Jun 16 14:45:17 UTC 2020 /home/travis/build/icyphy/ptII/ptolemy/actor/lib/test/auto/OrderedRecordDisassembler2.xml
----------------- Instantiating /home/travis/build/icyphy/ptII/ptolemy/actor/lib/test/auto/OrderedRecordDisassembler2.xml
4 ms. Memory: 304128K Free: 209444K (69%)
----------------- Invoking toplevel() on ptolemy.moml.MoMLSimpleApplication@74fd129
----------------- Done invoking toplevel() on ptolemy.moml.MoMLSimpleApplication@74fd129
reloadAllAccessors: .OrderedRecordDisassembler2

===========================================================================================
----------------- testing Tue Jun 16 14:45:17 UTC 2020 /home/travis/build/icyphy/ptII/ptolemy/actor/lib/test/auto/OrderedRecordUpdater.xml
----------------- Instantiating /home/travis/build/icyphy/ptII/ptolemy/actor/lib/test/auto/OrderedRecordUpdater.xml
1 ms. Memory: 304128K Free: 204354K (67%)
----------------- Invoking toplevel() on ptolemy.moml.MoMLSimpleApplication@f93f27
----------------- Done invoking toplevel() on ptolemy.moml.MoMLSimpleApplication@f93f27
reloadAllAccessors: .RecordUpdater

===========================================================================================
----------------- testing Tue Jun 16 14:45:17 UTC 2020 /home/travis/build/icyphy/ptII/ptolemy/actor/lib/test/auto/OrderedRecordUpdater2.xml
----------------- Instantiating /home/travis/build/icyphy/ptII/ptolemy/actor/lib/test/auto/OrderedRecordUpdater2.xml
3 ms. Memory: 304128K Free: 199234K (66%)
----------------- Invoking toplevel() on ptolemy.moml.MoMLSimpleApplication@cfed451
----------------- Done invoking toplevel() on ptolemy.moml.MoMLSimpleApplication@cfed451
reloadAllAccessors: .RecordUpdater2

===========================================================================================
----------------- testing Tue Jun 16 14:45:17 UTC 2020 /home/travis/build/icyphy/ptII/ptolemy/actor/lib/test/auto/PhaseUnwrap.xml
----------------- Instantiating /home/travis/build/icyphy/ptII/ptolemy/actor/lib/test/auto/PhaseUnwrap.xml
1 ms. Memory: 304128K Free: 194628K (64%)
----------------- Invoking toplevel() on ptolemy.moml.MoMLSimpleApplication@78897a70
----------------- Done invoking toplevel() on ptolemy.moml.MoMLSimpleApplication@78897a70
reloadAllAccessors: .PhaseUnwrap

===========================================================================================
----------------- testing Tue Jun 16 14:45:17 UTC 2020 /home/travis/build/icyphy/ptII/ptolemy/actor/lib/test/auto/PoissonClock.xml
----------------- Instantiating /home/travis/build/icyphy/ptII/ptolemy/actor/lib/test/auto/PoissonClock.xml
1 ms. Memory: 304128K Free: 190532K (63%)
----------------- Invoking toplevel() on ptolemy.moml.MoMLSimpleApplication@7bbb81d1
----------------- Done invoking toplevel() on ptolemy.moml.MoMLSimpleApplication@7bbb81d1
reloadAllAccessors: .PoissonClock

===========================================================================================
----------------- testing Tue Jun 16 14:45:17 UTC 2020 /home/travis/build/icyphy/ptII/ptolemy/actor/lib/test/auto/PoissonClock2.xml
----------------- Instantiating /home/travis/build/icyphy/ptII/ptolemy/actor/lib/test/auto/PoissonClock2.xml
2 ms. Memory: 304128K Free: 185922K (61%)
----------------- Invoking toplevel() on ptolemy.moml.MoMLSimpleApplication@753e71be
----------------- Done invoking toplevel() on ptolemy.moml.MoMLSimpleApplication@753e71be
reloadAllAccessors: .PoissonClock2

===========================================================================================
----------------- testing Tue Jun 16 14:45:17 UTC 2020 /home/travis/build/icyphy/ptII/ptolemy/actor/lib/test/auto/PoissonClock3.xml
----------------- Instantiating /home/travis/build/icyphy/ptII/ptolemy/actor/lib/test/auto/PoissonClock3.xml
2 ms. Memory: 304128K Free: 181316K (60%)
----------------- Invoking toplevel() on ptolemy.moml.MoMLSimpleApplication@4e443f34
----------------- Done invoking toplevel() on ptolemy.moml.MoMLSimpleApplication@4e443f34
reloadAllAccessors: .PoissonClock3

===========================================================================================
----------------- testing Tue Jun 16 14:45:17 UTC 2020 /home/travis/build/icyphy/ptII/ptolemy/actor/lib/test/auto/PubSubWithInitialTokens.xml
----------------- Instantiating /home/travis/build/icyphy/ptII/ptolemy/actor/lib/test/auto/PubSubWithInitialTokens.xml
2 ms. Memory: 304128K Free: 175676K (58%)
----------------- Invoking toplevel() on ptolemy.moml.MoMLSimpleApplication@231a09ec
----------------- Done invoking toplevel() on ptolemy.moml.MoMLSimpleApplication@231a09ec
reloadAllAccessors: .PubSubWithInitialTokens

===========================================================================================
----------------- testing Tue Jun 16 14:45:17 UTC 2020 /home/travis/build/icyphy/ptII/ptolemy/actor/lib/test/auto/PubSubWithInitialTokens2.xml
----------------- Instantiating /home/travis/build/icyphy/ptII/ptolemy/actor/lib/test/auto/PubSubWithInitialTokens2.xml
2 ms. Memory: 304128K Free: 169028K (56%)
----------------- Invoking toplevel() on ptolemy.moml.MoMLSimpleApplication@3b61a080
----------------- Done invoking toplevel() on ptolemy.moml.MoMLSimpleApplication@3b61a080
reloadAllAccessors: .PubSubWithInitialTokens2

===========================================================================================
----------------- testing Tue Jun 16 14:45:17 UTC 2020 /home/travis/build/icyphy/ptII/ptolemy/actor/lib/test/auto/PublisherClassNoParameter.xml
----------------- Instantiating /home/travis/build/icyphy/ptII/ptolemy/actor/lib/test/auto/PublisherClassNoParameter.xml
3 ms. Memory: 304128K Free: 158788K (52%)
----------------- Invoking toplevel() on ptolemy.moml.MoMLSimpleApplication@17d972a2
----------------- Done invoking toplevel() on ptolemy.moml.MoMLSimpleApplication@17d972a2
reloadAllAccessors: .PublisherClassNoParameter

===========================================================================================
----------------- testing Tue Jun 16 14:45:17 UTC 2020 /home/travis/build/icyphy/ptII/ptolemy/actor/lib/test/auto/PublisherClassParameter.xml
----------------- Instantiating /home/travis/build/icyphy/ptII/ptolemy/actor/lib/test/auto/PublisherClassParameter.xml
11 ms. Memory: 304128K Free: 148548K (49%)
----------------- Invoking toplevel() on ptolemy.moml.MoMLSimpleApplication@4fec0ff7
----------------- Done invoking toplevel() on ptolemy.moml.MoMLSimpleApplication@4fec0ff7
reloadAllAccessors: .PublisherClassParameter

===========================================================================================
----------------- testing Tue Jun 16 14:45:17 UTC 2020 /home/travis/build/icyphy/ptII/ptolemy/actor/lib/test/auto/PublisherNonStrictTest.xml
----------------- Instantiating /home/travis/build/icyphy/ptII/ptolemy/actor/lib/test/auto/PublisherNonStrictTest.xml
2 ms. Memory: 304128K Free: 140860K (46%)
----------------- Invoking toplevel() on ptolemy.moml.MoMLSimpleApplication@18089fb3
----------------- Done invoking toplevel() on ptolemy.moml.MoMLSimpleApplication@18089fb3
reloadAllAccessors: .PublisherNonStrictTest

===========================================================================================
----------------- testing Tue Jun 16 14:45:17 UTC 2020 /home/travis/build/icyphy/ptII/ptolemy/actor/lib/test/auto/PublisherPort1.xml
----------------- Instantiating /home/travis/build/icyphy/ptII/ptolemy/actor/lib/test/auto/PublisherPort1.xml
3 ms. Memory: 304128K Free: 135236K (44%)
----------------- Invoking toplevel() on ptolemy.moml.MoMLSimpleApplication@6280993
----------------- Done invoking toplevel() on ptolemy.moml.MoMLSimpleApplication@6280993
reloadAllAccessors: .PublisherPort1

===========================================================================================
----------------- testing Tue Jun 16 14:45:17 UTC 2020 /home/travis/build/icyphy/ptII/ptolemy/actor/lib/test/auto/PublisherPort2.xml
----------------- Instantiating /home/travis/build/icyphy/ptII/ptolemy/actor/lib/test/auto/PublisherPort2.xml
1 ms. Memory: 304128K Free: 130116K (43%)
----------------- Invoking toplevel() on ptolemy.moml.MoMLSimpleApplication@4de9be92
----------------- Done invoking toplevel() on ptolemy.moml.MoMLSimpleApplication@4de9be92
reloadAllAccessors: .PublisherPort2

===========================================================================================
----------------- testing Tue Jun 16 14:45:17 UTC 2020 /home/travis/build/icyphy/ptII/ptolemy/actor/lib/test/auto/PublisherPort3.xml
----------------- Instantiating /home/travis/build/icyphy/ptII/ptolemy/actor/lib/test/auto/PublisherPort3.xml
13 ms. Memory: 304128K Free: 123428K (41%)
----------------- Invoking toplevel() on ptolemy.moml.MoMLSimpleApplication@33716592
----------------- Done invoking toplevel() on ptolemy.moml.MoMLSimpleApplication@33716592
reloadAllAccessors: .PublisherPort3

===========================================================================================
----------------- testing Tue Jun 16 14:45:17 UTC 2020 /home/travis/build/icyphy/ptII/ptolemy/actor/lib/test/auto/PublisherPort4.xml
----------------- Instantiating /home/travis/build/icyphy/ptII/ptolemy/actor/lib/test/auto/PublisherPort4.xml
2 ms. Memory: 304128K Free: 117828K (39%)
----------------- Invoking toplevel() on ptolemy.moml.MoMLSimpleApplication@52741e3d
----------------- Done invoking toplevel() on ptolemy.moml.MoMLSimpleApplication@52741e3d
reloadAllAccessors: .PublisherPort4

===========================================================================================
----------------- testing Tue Jun 16 14:45:17 UTC 2020 /home/travis/build/icyphy/ptII/ptolemy/actor/lib/test/auto/PublisherPort5.xml
----------------- Instantiating /home/travis/build/icyphy/ptII/ptolemy/actor/lib/test/auto/PublisherPort5.xml
3 ms. Memory: 304128K Free: 110146K (36%)
----------------- Invoking toplevel() on ptolemy.moml.MoMLSimpleApplication@162abd30
----------------- Done invoking toplevel() on ptolemy.moml.MoMLSimpleApplication@162abd30
reloadAllAccessors: .PublisherPort5

===========================================================================================
----------------- testing Tue Jun 16 14:45:17 UTC 2020 /home/travis/build/icyphy/ptII/ptolemy/actor/lib/test/auto/PublisherPort5LookAlike.xml
----------------- Instantiating /home/travis/build/icyphy/ptII/ptolemy/actor/lib/test/auto/PublisherPort5LookAlike.xml
6 ms. Memory: 304128K Free: 101948K (34%)
----------------- Invoking toplevel() on ptolemy.moml.MoMLSimpleApplication@7f5761ee
----------------- Done invoking toplevel() on ptolemy.moml.MoMLSimpleApplication@7f5761ee
reloadAllAccessors: .PublisherPort5LookAlike

===========================================================================================
----------------- testing Tue Jun 16 14:45:17 UTC 2020 /home/travis/build/icyphy/ptII/ptolemy/actor/lib/test/auto/PublisherPort6.xml
----------------- Instantiating /home/travis/build/icyphy/ptII/ptolemy/actor/lib/test/auto/PublisherPort6.xml
2 ms. Memory: 304128K Free: 95300K (31%)
----------------- Invoking toplevel() on ptolemy.moml.MoMLSimpleApplication@649d2a50
----------------- Done invoking toplevel() on ptolemy.moml.MoMLSimpleApplication@649d2a50
reloadAllAccessors: .PublisherPort6

===========================================================================================
----------------- testing Tue Jun 16 14:45:17 UTC 2020 /home/travis/build/icyphy/ptII/ptolemy/actor/lib/test/auto/PublisherPort7.xml
----------------- Instantiating /home/travis/build/icyphy/ptII/ptolemy/actor/lib/test/auto/PublisherPort7.xml
3 ms. Memory: 304128K Free: 87618K (29%)
----------------- Invoking toplevel() on ptolemy.moml.MoMLSimpleApplication@1664669d
----------------- Done invoking toplevel() on ptolemy.moml.MoMLSimpleApplication@1664669d
reloadAllAccessors: .PublisherPort7

===========================================================================================
----------------- testing Tue Jun 16 14:45:18 UTC 2020 /home/travis/build/icyphy/ptII/ptolemy/actor/lib/test/auto/PublisherPort8.xml
----------------- Instantiating /home/travis/build/icyphy/ptII/ptolemy/actor/lib/test/auto/PublisherPort8.xml
4 ms. Memory: 304128K Free: 78916K (26%)
----------------- Invoking toplevel() on ptolemy.moml.MoMLSimpleApplication@71ce7cbe
----------------- Done invoking toplevel() on ptolemy.moml.MoMLSimpleApplication@71ce7cbe
reloadAllAccessors: .PublisherPort8

===========================================================================================
----------------- testing Tue Jun 16 14:45:18 UTC 2020 /home/travis/build/icyphy/ptII/ptolemy/actor/lib/test/auto/PublisherPortSubscriberChannelVariablesAOC2.xml
----------------- Instantiating /home/travis/build/icyphy/ptII/ptolemy/actor/lib/test/auto/PublisherPortSubscriberChannelVariablesAOC2.xml
2 ms. Memory: 304128K Free: 240357K (79%)
----------------- Invoking toplevel() on ptolemy.moml.MoMLSimpleApplication@61fe17b8
----------------- Done invoking toplevel() on ptolemy.moml.MoMLSimpleApplication@61fe17b8
reloadAllAccessors: .PublisherPortSubscriberChannelVariablesAOC2

===========================================================================================
----------------- testing Tue Jun 16 14:45:18 UTC 2020 /home/travis/build/icyphy/ptII/ptolemy/actor/lib/test/auto/PublisherPortSubscriberOpaqueWidthInference.xml
----------------- Instantiating /home/travis/build/icyphy/ptII/ptolemy/actor/lib/test/auto/PublisherPortSubscriberOpaqueWidthInference.xml
3 ms. Memory: 304128K Free: 232165K (76%)
----------------- Invoking toplevel() on ptolemy.moml.MoMLSimpleApplication@734c714f
----------------- Done invoking toplevel() on ptolemy.moml.MoMLSimpleApplication@734c714f
reloadAllAccessors: .PublisherPortSubscriberOpaqueWidthInference

===========================================================================================
----------------- testing Tue Jun 16 14:45:18 UTC 2020 /home/travis/build/icyphy/ptII/ptolemy/actor/lib/test/auto/PublisherPortSubscriberPortAdjacent.xml
----------------- Instantiating /home/travis/build/icyphy/ptII/ptolemy/actor/lib/test/auto/PublisherPortSubscriberPortAdjacent.xml
2 ms. Memory: 304128K Free: 223973K (74%)
----------------- Invoking toplevel() on ptolemy.moml.MoMLSimpleApplication@48dda480
----------------- Done invoking toplevel() on ptolemy.moml.MoMLSimpleApplication@48dda480
reloadAllAccessors: .PublisherPortSubscriberPortAdjacent

===========================================================================================
----------------- testing Tue Jun 16 14:45:18 UTC 2020 /home/travis/build/icyphy/ptII/ptolemy/actor/lib/test/auto/PublisherPortSubscriberPortExpression.xml
----------------- Instantiating /home/travis/build/icyphy/ptII/ptolemy/actor/lib/test/auto/PublisherPortSubscriberPortExpression.xml
3 ms. Memory: 304128K Free: 216277K (71%)
----------------- Invoking toplevel() on ptolemy.moml.MoMLSimpleApplication@1d68dfc8
----------------- Done invoking toplevel() on ptolemy.moml.MoMLSimpleApplication@1d68dfc8
reloadAllAccessors: .PublisherPortSubscriberPortExpression

===========================================================================================
----------------- testing Tue Jun 16 14:45:18 UTC 2020 /home/travis/build/icyphy/ptII/ptolemy/actor/lib/test/auto/PublisherPortSubscriberPortOpaqueD3Reverse.xml
----------------- Instantiating /home/travis/build/icyphy/ptII/ptolemy/actor/lib/test/auto/PublisherPortSubscriberPortOpaqueD3Reverse.xml
19 ms. Memory: 304128K Free: 206051K (68%)
----------------- Invoking toplevel() on ptolemy.moml.MoMLSimpleApplication@7c240007
----------------- Done invoking toplevel() on ptolemy.moml.MoMLSimpleApplication@7c240007
reloadAllAccessors: .PublisherPortSubscriberPortOpaqueD3Reverse

===========================================================================================
----------------- testing Tue Jun 16 14:45:18 UTC 2020 /home/travis/build/icyphy/ptII/ptolemy/actor/lib/test/auto/PublisherPortSubscriberPortOpaqueWidthInference.xml
----------------- Instantiating /home/travis/build/icyphy/ptII/ptolemy/actor/lib/test/auto/PublisherPortSubscriberPortOpaqueWidthInference.xml
3 ms. Memory: 304128K Free: 198373K (65%)
----------------- Invoking toplevel() on ptolemy.moml.MoMLSimpleApplication@416c82e9
----------------- Done invoking toplevel() on ptolemy.moml.MoMLSimpleApplication@416c82e9
reloadAllAccessors: .PublisherPortSubscriberPortOpaqueWidthInference

===========================================================================================
----------------- testing Tue Jun 16 14:45:18 UTC 2020 /home/travis/build/icyphy/ptII/ptolemy/actor/lib/test/auto/PublisherPortToplevelSubscriberPortAOC.xml
----------------- Instantiating /home/travis/build/icyphy/ptII/ptolemy/actor/lib/test/auto/PublisherPortToplevelSubscriberPortAOC.xml
.PublisherPortToplevelSubscriberPortAOC.TestExceptionAttribute: initialize() was not invoked, but wrapup() was.  This is unusual, but not always a problem.  For example, exporting JNLP will do this.
1 ms. Memory: 304128K Free: 192739K (63%)
----------------- Invoking toplevel() on ptolemy.moml.MoMLSimpleApplication@e2c3f7c
----------------- Done invoking toplevel() on ptolemy.moml.MoMLSimpleApplication@e2c3f7c
reloadAllAccessors: .PublisherPortToplevelSubscriberPortAOC

===========================================================================================
----------------- testing Tue Jun 16 14:45:18 UTC 2020 /home/travis/build/icyphy/ptII/ptolemy/actor/lib/test/auto/PublisherSubscriber.xml
----------------- Instantiating /home/travis/build/icyphy/ptII/ptolemy/actor/lib/test/auto/PublisherSubscriber.xml
2 ms. Memory: 304128K Free: 185061K (61%)
----------------- Invoking toplevel() on ptolemy.moml.MoMLSimpleApplication@1d02cf06
----------------- Done invoking toplevel() on ptolemy.moml.MoMLSimpleApplication@1d02cf06
reloadAllAccessors: .PublisherSubscriber

===========================================================================================
----------------- testing Tue Jun 16 14:45:18 UTC 2020 /home/travis/build/icyphy/ptII/ptolemy/actor/lib/test/auto/PublisherSubscriber10.xml
----------------- Instantiating /home/travis/build/icyphy/ptII/ptolemy/actor/lib/test/auto/PublisherSubscriber10.xml
7 ms. Memory: 304128K Free: 174821K (57%)
----------------- Invoking toplevel() on ptolemy.moml.MoMLSimpleApplication@451157ef
----------------- Done invoking toplevel() on ptolemy.moml.MoMLSimpleApplication@451157ef
reloadAllAccessors: .PublisherSubscriber10

===========================================================================================
----------------- testing Tue Jun 16 14:45:18 UTC 2020 /home/travis/build/icyphy/ptII/ptolemy/actor/lib/test/auto/PublisherSubscriber10InitialOutputs.xml
----------------- Instantiating /home/travis/build/icyphy/ptII/ptolemy/actor/lib/test/auto/PublisherSubscriber10InitialOutputs.xml
13 ms. Memory: 304128K Free: 165605K (54%)
----------------- Invoking toplevel() on ptolemy.moml.MoMLSimpleApplication@700990b2
----------------- Done invoking toplevel() on ptolemy.moml.MoMLSimpleApplication@700990b2
reloadAllAccessors: .PublisherSubscriber10InitialOutputs

===========================================================================================
----------------- testing Tue Jun 16 14:45:18 UTC 2020 /home/travis/build/icyphy/ptII/ptolemy/actor/lib/test/auto/PublisherSubscriber11.xml
----------------- Instantiating /home/travis/build/icyphy/ptII/ptolemy/actor/lib/test/auto/PublisherSubscriber11.xml
3 ms. Memory: 304128K Free: 159461K (52%)
----------------- Invoking toplevel() on ptolemy.moml.MoMLSimpleApplication@f71c99e
----------------- Done invoking toplevel() on ptolemy.moml.MoMLSimpleApplication@f71c99e
reloadAllAccessors: .PublisherSubscriber11

===========================================================================================
----------------- testing Tue Jun 16 14:45:18 UTC 2020 /home/travis/build/icyphy/ptII/ptolemy/actor/lib/test/auto/PublisherSubscriber12.xml
----------------- Instantiating /home/travis/build/icyphy/ptII/ptolemy/actor/lib/test/auto/PublisherSubscriber12.xml
5 ms. Memory: 304128K Free: 152803K (50%)
----------------- Invoking toplevel() on ptolemy.moml.MoMLSimpleApplication@d1f4699
----------------- Done invoking toplevel() on ptolemy.moml.MoMLSimpleApplication@d1f4699
reloadAllAccessors: .PublisherSubscriber12

===========================================================================================
----------------- testing Tue Jun 16 14:45:18 UTC 2020 /home/travis/build/icyphy/ptII/ptolemy/actor/lib/test/auto/PublisherSubscriber13.xml
----------------- Instantiating /home/travis/build/icyphy/ptII/ptolemy/actor/lib/test/auto/PublisherSubscriber13.xml
2 ms. Memory: 304128K Free: 147173K (48%)
----------------- Invoking toplevel() on ptolemy.moml.MoMLSimpleApplication@44c040c4
----------------- Done invoking toplevel() on ptolemy.moml.MoMLSimpleApplication@44c040c4
reloadAllAccessors: .PublisherSubscriber13

===========================================================================================
----------------- testing Tue Jun 16 14:45:18 UTC 2020 /home/travis/build/icyphy/ptII/ptolemy/actor/lib/test/auto/PublisherSubscriber14.xml
----------------- Instantiating /home/travis/build/icyphy/ptII/ptolemy/actor/lib/test/auto/PublisherSubscriber14.xml
8 ms. Memory: 304128K Free: 138437K (46%)
----------------- Invoking toplevel() on ptolemy.moml.MoMLSimpleApplication@5c0690cf
----------------- Done invoking toplevel() on ptolemy.moml.MoMLSimpleApplication@5c0690cf
reloadAllAccessors: .PublisherSubscriber14

===========================================================================================
----------------- testing Tue Jun 16 14:45:18 UTC 2020 /home/travis/build/icyphy/ptII/ptolemy/actor/lib/test/auto/PublisherSubscriber2.xml
----------------- Instantiating /home/travis/build/icyphy/ptII/ptolemy/actor/lib/test/auto/PublisherSubscriber2.xml
2 ms. Memory: 304128K Free: 132309K (44%)
----------------- Invoking toplevel() on ptolemy.moml.MoMLSimpleApplication@4403f99e
----------------- Done invoking toplevel() on ptolemy.moml.MoMLSimpleApplication@4403f99e
reloadAllAccessors: .PublisherSubscriber2

===========================================================================================
----------------- testing Tue Jun 16 14:45:18 UTC 2020 /home/travis/build/icyphy/ptII/ptolemy/actor/lib/test/auto/PublisherSubscriber3.xml
----------------- Instantiating /home/travis/build/icyphy/ptII/ptolemy/actor/lib/test/auto/PublisherSubscriber3.xml
2 ms. Memory: 304128K Free: 126693K (42%)
----------------- Invoking toplevel() on ptolemy.moml.MoMLSimpleApplication@f0dcc3b
----------------- Done invoking toplevel() on ptolemy.moml.MoMLSimpleApplication@f0dcc3b
reloadAllAccessors: .PublisherSubscriber3

===========================================================================================
----------------- testing Tue Jun 16 14:45:18 UTC 2020 /home/travis/build/icyphy/ptII/ptolemy/actor/lib/test/auto/PublisherSubscriber4.xml
----------------- Instantiating /home/travis/build/icyphy/ptII/ptolemy/actor/lib/test/auto/PublisherSubscriber4.xml
2 ms. Memory: 304128K Free: 121573K (40%)
----------------- Invoking toplevel() on ptolemy.moml.MoMLSimpleApplication@136ff403
----------------- Done invoking toplevel() on ptolemy.moml.MoMLSimpleApplication@136ff403
reloadAllAccessors: .PublisherSubscriber4

===========================================================================================
----------------- testing Tue Jun 16 14:45:18 UTC 2020 /home/travis/build/icyphy/ptII/ptolemy/actor/lib/test/auto/PublisherSubscriber5.xml
----------------- Instantiating /home/travis/build/icyphy/ptII/ptolemy/actor/lib/test/auto/PublisherSubscriber5.xml
1 ms. Memory: 304128K Free: 114909K (38%)
----------------- Invoking toplevel() on ptolemy.moml.MoMLSimpleApplication@39b96e5c
----------------- Done invoking toplevel() on ptolemy.moml.MoMLSimpleApplication@39b96e5c
reloadAllAccessors: .PublisherSubscriber5

===========================================================================================
----------------- testing Tue Jun 16 14:45:18 UTC 2020 /home/travis/build/icyphy/ptII/ptolemy/actor/lib/test/auto/PublisherSubscriber6.xml
----------------- Instantiating /home/travis/build/icyphy/ptII/ptolemy/actor/lib/test/auto/PublisherSubscriber6.xml
4 ms. Memory: 304128K Free: 108261K (36%)
----------------- Invoking toplevel() on ptolemy.moml.MoMLSimpleApplication@7682efec
----------------- Done invoking toplevel() on ptolemy.moml.MoMLSimpleApplication@7682efec
reloadAllAccessors: .PublisherSubscriber6

===========================================================================================
----------------- testing Tue Jun 16 14:45:18 UTC 2020 /home/travis/build/icyphy/ptII/ptolemy/actor/lib/test/auto/PublisherSubscriber7.xml
----------------- Instantiating /home/travis/build/icyphy/ptII/ptolemy/actor/lib/test/auto/PublisherSubscriber7.xml
6 ms. Memory: 304128K Free: 101093K (33%)
----------------- Invoking toplevel() on ptolemy.moml.MoMLSimpleApplication@58e761e4
----------------- Done invoking toplevel() on ptolemy.moml.MoMLSimpleApplication@58e761e4
reloadAllAccessors: .PublisherSubscriber7

===========================================================================================
----------------- testing Tue Jun 16 14:45:18 UTC 2020 /home/travis/build/icyphy/ptII/ptolemy/actor/lib/test/auto/PublisherSubscriber8.xml
----------------- Instantiating /home/travis/build/icyphy/ptII/ptolemy/actor/lib/test/auto/PublisherSubscriber8.xml
19 ms. Memory: 304128K Free: 89315K (29%)
----------------- Invoking toplevel() on ptolemy.moml.MoMLSimpleApplication@2e24ff14
----------------- Done invoking toplevel() on ptolemy.moml.MoMLSimpleApplication@2e24ff14
reloadAllAccessors: .PublisherSubscriber8

===========================================================================================
----------------- testing Tue Jun 16 14:45:18 UTC 2020 /home/travis/build/icyphy/ptII/ptolemy/actor/lib/test/auto/PublisherSubscriber9.xml
----------------- Instantiating /home/travis/build/icyphy/ptII/ptolemy/actor/lib/test/auto/PublisherSubscriber9.xml
2 ms. Memory: 304128K Free: 82133K (27%)
----------------- Invoking toplevel() on ptolemy.moml.MoMLSimpleApplication@7a0d8fa8
----------------- Done invoking toplevel() on ptolemy.moml.MoMLSimpleApplication@7a0d8fa8
reloadAllAccessors: .PublisherSubscriber9

===========================================================================================
----------------- testing Tue Jun 16 14:45:18 UTC 2020 /home/travis/build/icyphy/ptII/ptolemy/actor/lib/test/auto/PublisherSubscriberAdjacent.xml
----------------- Instantiating /home/travis/build/icyphy/ptII/ptolemy/actor/lib/test/auto/PublisherSubscriberAdjacent.xml
2 ms. Memory: 304128K Free: 252155K (83%)
----------------- Invoking toplevel() on ptolemy.moml.MoMLSimpleApplication@5bf69db3
----------------- Done invoking toplevel() on ptolemy.moml.MoMLSimpleApplication@5bf69db3
reloadAllAccessors: .PublisherSubscriberAdjacent

===========================================================================================
----------------- testing Tue Jun 16 14:45:18 UTC 2020 /home/travis/build/icyphy/ptII/ptolemy/actor/lib/test/auto/PublisherSubscriberChannelVariablesAOC2.xml
----------------- Instantiating /home/travis/build/icyphy/ptII/ptolemy/actor/lib/test/auto/PublisherSubscriberChannelVariablesAOC2.xml
3 ms. Memory: 304128K Free: 236809K (78%)
----------------- Invoking toplevel() on ptolemy.moml.MoMLSimpleApplication@4aed28a6
----------------- Done invoking toplevel() on ptolemy.moml.MoMLSimpleApplication@4aed28a6
reloadAllAccessors: .PublisherSubscriberChannelVariablesAOC2

===========================================================================================
----------------- testing Tue Jun 16 14:45:18 UTC 2020 /home/travis/build/icyphy/ptII/ptolemy/actor/lib/test/auto/PublisherSubscriberD3.xml
----------------- Instantiating /home/travis/build/icyphy/ptII/ptolemy/actor/lib/test/auto/PublisherSubscriberD3.xml
2 ms. Memory: 304128K Free: 229641K (76%)
----------------- Invoking toplevel() on ptolemy.moml.MoMLSimpleApplication@4076976c
----------------- Done invoking toplevel() on ptolemy.moml.MoMLSimpleApplication@4076976c
reloadAllAccessors: .PublisherSubscriberD3

===========================================================================================
----------------- testing Tue Jun 16 14:45:18 UTC 2020 /home/travis/build/icyphy/ptII/ptolemy/actor/lib/test/auto/PublisherSubscriberD3Reverse.xml
----------------- Instantiating /home/travis/build/icyphy/ptII/ptolemy/actor/lib/test/auto/PublisherSubscriberD3Reverse.xml
1 ms. Memory: 304128K Free: 223497K (73%)
----------------- Invoking toplevel() on ptolemy.moml.MoMLSimpleApplication@77ba4c6b
----------------- Done invoking toplevel() on ptolemy.moml.MoMLSimpleApplication@77ba4c6b
reloadAllAccessors: .PublisherSubscriberD3Reverse

===========================================================================================
----------------- testing Tue Jun 16 14:45:18 UTC 2020 /home/travis/build/icyphy/ptII/ptolemy/actor/lib/test/auto/PublisherSubscriberExpression.xml
----------------- Instantiating /home/travis/build/icyphy/ptII/ptolemy/actor/lib/test/auto/PublisherSubscriberExpression.xml
4 ms. Memory: 304128K Free: 215291K (71%)
----------------- Invoking toplevel() on ptolemy.moml.MoMLSimpleApplication@69b46eb6
----------------- Done invoking toplevel() on ptolemy.moml.MoMLSimpleApplication@69b46eb6
reloadAllAccessors: .PublisherSubscriberExpression

===========================================================================================
----------------- testing Tue Jun 16 14:45:18 UTC 2020 /home/travis/build/icyphy/ptII/ptolemy/actor/lib/test/auto/PublisherSubscriberOpaque.xml
----------------- Instantiating /home/travis/build/icyphy/ptII/ptolemy/actor/lib/test/auto/PublisherSubscriberOpaque.xml
4 ms. Memory: 304128K Free: 206603K (68%)
----------------- Invoking toplevel() on ptolemy.moml.MoMLSimpleApplication@44cb56b1
----------------- Done invoking toplevel() on ptolemy.moml.MoMLSimpleApplication@44cb56b1
reloadAllAccessors: .PublisherSubscriberOpaque

===========================================================================================
----------------- testing Tue Jun 16 14:45:18 UTC 2020 /home/travis/build/icyphy/ptII/ptolemy/actor/lib/test/auto/PublisherSubscriberOpaqueD3.xml
----------------- Instantiating /home/travis/build/icyphy/ptII/ptolemy/actor/lib/test/auto/PublisherSubscriberOpaqueD3.xml
5 ms. Memory: 304128K Free: 195339K (64%)
----------------- Invoking toplevel() on ptolemy.moml.MoMLSimpleApplication@1671cf4
----------------- Done invoking toplevel() on ptolemy.moml.MoMLSimpleApplication@1671cf4
reloadAllAccessors: .PublisherSubscriberOpaqueD3

===========================================================================================
----------------- testing Tue Jun 16 14:45:18 UTC 2020 /home/travis/build/icyphy/ptII/ptolemy/actor/lib/test/auto/PublisherSubscriberOpaqueD3Reverse.xml
----------------- Instantiating /home/travis/build/icyphy/ptII/ptolemy/actor/lib/test/auto/PublisherSubscriberOpaqueD3Reverse.xml
7 ms. Memory: 304128K Free: 185099K (61%)
----------------- Invoking toplevel() on ptolemy.moml.MoMLSimpleApplication@7798fb55
----------------- Done invoking toplevel() on ptolemy.moml.MoMLSimpleApplication@7798fb55
reloadAllAccessors: .PublisherSubscriberOpaqueD3Reverse

===========================================================================================
----------------- testing Tue Jun 16 14:45:18 UTC 2020 /home/travis/build/icyphy/ptII/ptolemy/actor/lib/test/auto/PublisherSubscriberOpaqueWidthInference.xml
----------------- Instantiating /home/travis/build/icyphy/ptII/ptolemy/actor/lib/test/auto/PublisherSubscriberOpaqueWidthInference.xml
4 ms. Memory: 304128K Free: 176907K (58%)
----------------- Invoking toplevel() on ptolemy.moml.MoMLSimpleApplication@259e4147
----------------- Done invoking toplevel() on ptolemy.moml.MoMLSimpleApplication@259e4147
reloadAllAccessors: .PublisherSubscriberOpaqueWidthInference

===========================================================================================
----------------- testing Tue Jun 16 14:45:18 UTC 2020 /home/travis/build/icyphy/ptII/ptolemy/actor/lib/test/auto/PublisherTestSubscriber.xml
----------------- Instantiating /home/travis/build/icyphy/ptII/ptolemy/actor/lib/test/auto/PublisherTestSubscriber.xml
5 ms. Memory: 304128K Free: 169219K (56%)
----------------- Invoking toplevel() on ptolemy.moml.MoMLSimpleApplication@4ce9530e
----------------- Done invoking toplevel() on ptolemy.moml.MoMLSimpleApplication@4ce9530e
reloadAllAccessors: .PublisherTestSubscriber

===========================================================================================
----------------- testing Tue Jun 16 14:45:18 UTC 2020 /home/travis/build/icyphy/ptII/ptolemy/actor/lib/test/auto/PublisherToplevelSubscriberPortAOC.xml
----------------- Instantiating /home/travis/build/icyphy/ptII/ptolemy/actor/lib/test/auto/PublisherToplevelSubscriberPortAOC.xml
2 ms. Memory: 304128K Free: 162051K (53%)
----------------- Invoking toplevel() on ptolemy.moml.MoMLSimpleApplication@7ca91e6e
----------------- Done invoking toplevel() on ptolemy.moml.MoMLSimpleApplication@7ca91e6e
reloadAllAccessors: .PublisherToplevelSubscriberPortAOC

===========================================================================================
----------------- testing Tue Jun 16 14:45:18 UTC 2020 /home/travis/build/icyphy/ptII/ptolemy/actor/lib/test/auto/PulseFiringLimitDE.xml
----------------- Instantiating /home/travis/build/icyphy/ptII/ptolemy/actor/lib/test/auto/PulseFiringLimitDE.xml
2 ms. Memory: 304128K Free: 154889K (51%)
----------------- Invoking toplevel() on ptolemy.moml.MoMLSimpleApplication@1c4fb2d1
----------------- Done invoking toplevel() on ptolemy.moml.MoMLSimpleApplication@1c4fb2d1
reloadAllAccessors: .PulseFiringLimitDE

===========================================================================================
----------------- testing Tue Jun 16 14:45:18 UTC 2020 /home/travis/build/icyphy/ptII/ptolemy/actor/lib/test/auto/Ramp1.xml
----------------- Instantiating /home/travis/build/icyphy/ptII/ptolemy/actor/lib/test/auto/Ramp1.xml
1 ms. Memory: 304128K Free: 150779K (50%)
----------------- Invoking toplevel() on ptolemy.moml.MoMLSimpleApplication@3f11da6c
----------------- Done invoking toplevel() on ptolemy.moml.MoMLSimpleApplication@3f11da6c
reloadAllAccessors: .Ramp1

===========================================================================================
----------------- testing Tue Jun 16 14:45:18 UTC 2020 /home/travis/build/icyphy/ptII/ptolemy/actor/lib/test/auto/RampFiringLimitDE.xml
----------------- Instantiating /home/travis/build/icyphy/ptII/ptolemy/actor/lib/test/auto/RampFiringLimitDE.xml
2 ms. Memory: 304128K Free: 144635K (48%)
----------------- Invoking toplevel() on ptolemy.moml.MoMLSimpleApplication@795c4d4c
----------------- Done invoking toplevel() on ptolemy.moml.MoMLSimpleApplication@795c4d4c
reloadAllAccessors: .RampFiringLimitDE

===========================================================================================
----------------- testing Tue Jun 16 14:45:18 UTC 2020 /home/travis/build/icyphy/ptII/ptolemy/actor/lib/test/auto/RampFiringLimitSDF.xml
----------------- Instantiating /home/travis/build/icyphy/ptII/ptolemy/actor/lib/test/auto/RampFiringLimitSDF.xml
2 ms. Memory: 304128K Free: 139019K (46%)
----------------- Invoking toplevel() on ptolemy.moml.MoMLSimpleApplication@5fa138ce
----------------- Done invoking toplevel() on ptolemy.moml.MoMLSimpleApplication@5fa138ce
reloadAllAccessors: .RampFiringLimitSDF

===========================================================================================
----------------- testing Tue Jun 16 14:45:18 UTC 2020 /home/travis/build/icyphy/ptII/ptolemy/actor/lib/test/auto/RandomInteger.xml
----------------- Instantiating /home/travis/build/icyphy/ptII/ptolemy/actor/lib/test/auto/RandomInteger.xml
1 ms. Memory: 304128K Free: 134923K (44%)
----------------- Invoking toplevel() on ptolemy.moml.MoMLSimpleApplication@7aea321b
----------------- Done invoking toplevel() on ptolemy.moml.MoMLSimpleApplication@7aea321b
reloadAllAccessors: .RandomInteger

===========================================================================================
----------------- testing Tue Jun 16 14:45:18 UTC 2020 /home/travis/build/icyphy/ptII/ptolemy/actor/lib/test/auto/ReadFile1.xml
----------------- Instantiating /home/travis/build/icyphy/ptII/ptolemy/actor/lib/test/auto/ReadFile1.xml
1 ms. Memory: 304128K Free: 130307K (43%)
----------------- Invoking toplevel() on ptolemy.moml.MoMLSimpleApplication@75bceeb4
----------------- Done invoking toplevel() on ptolemy.moml.MoMLSimpleApplication@75bceeb4
reloadAllAccessors: .ReadFile1

===========================================================================================
----------------- testing Tue Jun 16 14:45:18 UTC 2020 /home/travis/build/icyphy/ptII/ptolemy/actor/lib/test/auto/ReadFile2.xml
----------------- Instantiating /home/travis/build/icyphy/ptII/ptolemy/actor/lib/test/auto/ReadFile2.xml
1 ms. Memory: 304128K Free: 126217K (42%)
----------------- Invoking toplevel() on ptolemy.moml.MoMLSimpleApplication@3221ded7
----------------- Done invoking toplevel() on ptolemy.moml.MoMLSimpleApplication@3221ded7
reloadAllAccessors: .ReadFile2

===========================================================================================
----------------- testing Tue Jun 16 14:45:18 UTC 2020 /home/travis/build/icyphy/ptII/ptolemy/actor/lib/test/auto/Reader.xml
----------------- Instantiating /home/travis/build/icyphy/ptII/ptolemy/actor/lib/test/auto/Reader.xml
actor.lib.Reader is obsolete, use actor.lib.io.ExpressionReader instead
3 ms. Memory: 304128K Free: 122121K (40%)
----------------- Invoking toplevel() on ptolemy.moml.MoMLSimpleApplication@131d98ee
----------------- Done invoking toplevel() on ptolemy.moml.MoMLSimpleApplication@131d98ee
reloadAllAccessors: .Reader

===========================================================================================
----------------- testing Tue Jun 16 14:45:18 UTC 2020 /home/travis/build/icyphy/ptII/ptolemy/actor/lib/test/auto/RecordAssemblerDisplayNameTest.xml
----------------- Instantiating /home/travis/build/icyphy/ptII/ptolemy/actor/lib/test/auto/RecordAssemblerDisplayNameTest.xml
3055 ms. Memory: 304128K Free: 182468K (60%)
----------------- Invoking toplevel() on ptolemy.moml.MoMLSimpleApplication@4d4c01aa
----------------- Done invoking toplevel() on ptolemy.moml.MoMLSimpleApplication@4d4c01aa
reloadAllAccessors: .RecordAssemblerDisplayNameTest

===========================================================================================
----------------- testing Tue Jun 16 14:45:21 UTC 2020 /home/travis/build/icyphy/ptII/ptolemy/actor/lib/test/auto/RecordAssemblerTypeError.xml
----------------- Instantiating /home/travis/build/icyphy/ptII/ptolemy/actor/lib/test/auto/RecordAssemblerTypeError.xml
25 ms. Memory: 304128K Free: 172738K (57%)
----------------- Invoking toplevel() on ptolemy.moml.MoMLSimpleApplication@3f6222bb
----------------- Done invoking toplevel() on ptolemy.moml.MoMLSimpleApplication@3f6222bb
reloadAllAccessors: .RecordAssemblerTypeError

===========================================================================================
----------------- testing Tue Jun 16 14:45:21 UTC 2020 /home/travis/build/icyphy/ptII/ptolemy/actor/lib/test/auto/RecordDisassember.xml
----------------- Instantiating /home/travis/build/icyphy/ptII/ptolemy/actor/lib/test/auto/RecordDisassember.xml
3 ms. Memory: 304128K Free: 167604K (55%)
----------------- Invoking toplevel() on ptolemy.moml.MoMLSimpleApplication@441198bd
----------------- Done invoking toplevel() on ptolemy.moml.MoMLSimpleApplication@441198bd
reloadAllAccessors: .RecordDisassember

===========================================================================================
----------------- testing Tue Jun 16 14:45:21 UTC 2020 /home/travis/build/icyphy/ptII/ptolemy/actor/lib/test/auto/RecordDisassemberDisplayNameTest.xml
----------------- Instantiating /home/travis/build/icyphy/ptII/ptolemy/actor/lib/test/auto/RecordDisassemberDisplayNameTest.xml
5 ms. Memory: 304128K Free: 159940K (53%)
----------------- Invoking toplevel() on ptolemy.moml.MoMLSimpleApplication@6110ee1a
----------------- Done invoking toplevel() on ptolemy.moml.MoMLSimpleApplication@6110ee1a
reloadAllAccessors: .RecordDisassemberDisplayNameTest

===========================================================================================
----------------- testing Tue Jun 16 14:45:21 UTC 2020 /home/travis/build/icyphy/ptII/ptolemy/actor/lib/test/auto/RecordDisassembler.xml
----------------- Instantiating /home/travis/build/icyphy/ptII/ptolemy/actor/lib/test/auto/RecordDisassembler.xml
3 ms. Memory: 304128K Free: 154820K (51%)
----------------- Invoking toplevel() on ptolemy.moml.MoMLSimpleApplication@2d1c2cb0
----------------- Done invoking toplevel() on ptolemy.moml.MoMLSimpleApplication@2d1c2cb0
reloadAllAccessors: .RecordDisassembler

===========================================================================================
----------------- testing Tue Jun 16 14:45:21 UTC 2020 /home/travis/build/icyphy/ptII/ptolemy/actor/lib/test/auto/RecordDisassembler2.xml
----------------- Instantiating /home/travis/build/icyphy/ptII/ptolemy/actor/lib/test/auto/RecordDisassembler2.xml
4 ms. Memory: 304128K Free: 149700K (49%)
----------------- Invoking toplevel() on ptolemy.moml.MoMLSimpleApplication@10e52407
----------------- Done invoking toplevel() on ptolemy.moml.MoMLSimpleApplication@10e52407
reloadAllAccessors: .RecordDisassembler2

===========================================================================================
----------------- testing Tue Jun 16 14:45:21 UTC 2020 /home/travis/build/icyphy/ptII/ptolemy/actor/lib/test/auto/RecordUpdater.xml
----------------- Instantiating /home/travis/build/icyphy/ptII/ptolemy/actor/lib/test/auto/RecordUpdater.xml
3 ms. Memory: 304128K Free: 144066K (47%)
----------------- Invoking toplevel() on ptolemy.moml.MoMLSimpleApplication@6a4b607b
----------------- Done invoking toplevel() on ptolemy.moml.MoMLSimpleApplication@6a4b607b
reloadAllAccessors: .RecordUpdater

===========================================================================================
----------------- testing Tue Jun 16 14:45:21 UTC 2020 /home/travis/build/icyphy/ptII/ptolemy/actor/lib/test/auto/RecordUpdater2.xml
----------------- Instantiating /home/travis/build/icyphy/ptII/ptolemy/actor/lib/test/auto/RecordUpdater2.xml
1 ms. Memory: 304128K Free: 138946K (46%)
----------------- Invoking toplevel() on ptolemy.moml.MoMLSimpleApplication@2753bce6
----------------- Done invoking toplevel() on ptolemy.moml.MoMLSimpleApplication@2753bce6
reloadAllAccessors: .RecordUpdater2

===========================================================================================
----------------- testing Tue Jun 16 14:45:22 UTC 2020 /home/travis/build/icyphy/ptII/ptolemy/actor/lib/test/auto/RecursiveLattice.xml
----------------- Instantiating /home/travis/build/icyphy/ptII/ptolemy/actor/lib/test/auto/RecursiveLattice.xml
2 ms. Memory: 304128K Free: 134340K (44%)
----------------- Invoking toplevel() on ptolemy.moml.MoMLSimpleApplication@5112acf8
----------------- Done invoking toplevel() on ptolemy.moml.MoMLSimpleApplication@5112acf8
reloadAllAccessors: .RecursiveLattice

===========================================================================================
----------------- testing Tue Jun 16 14:45:22 UTC 2020 /home/travis/build/icyphy/ptII/ptolemy/actor/lib/test/auto/Router.xml
----------------- Instantiating /home/travis/build/icyphy/ptII/ptolemy/actor/lib/test/auto/Router.xml
3004 ms. Memory: 304128K Free: 124100K (41%)
----------------- Invoking toplevel() on ptolemy.moml.MoMLSimpleApplication@409e130d
----------------- Done invoking toplevel() on ptolemy.moml.MoMLSimpleApplication@409e130d
reloadAllAccessors: .Router

===========================================================================================
----------------- testing Tue Jun 16 14:45:25 UTC 2020 /home/travis/build/icyphy/ptII/ptolemy/actor/lib/test/auto/Router2.xml
----------------- Instantiating /home/travis/build/icyphy/ptII/ptolemy/actor/lib/test/auto/Router2.xml
3013 ms. Memory: 304128K Free: 113346K (37%)
----------------- Invoking toplevel() on ptolemy.moml.MoMLSimpleApplication@4f118cda
----------------- Done invoking toplevel() on ptolemy.moml.MoMLSimpleApplication@4f118cda
reloadAllAccessors: .Router2

===========================================================================================
----------------- testing Tue Jun 16 14:45:28 UTC 2020 /home/travis/build/icyphy/ptII/ptolemy/actor/lib/test/auto/RunningMaximum.xml
----------------- Instantiating /home/travis/build/icyphy/ptII/ptolemy/actor/lib/test/auto/RunningMaximum.xml
5 ms. Memory: 304128K Free: 108740K (36%)
----------------- Invoking toplevel() on ptolemy.moml.MoMLSimpleApplication@353671f7
----------------- Done invoking toplevel() on ptolemy.moml.MoMLSimpleApplication@353671f7
reloadAllAccessors: .RunningMaximum

===========================================================================================
----------------- testing Tue Jun 16 14:45:28 UTC 2020 /home/travis/build/icyphy/ptII/ptolemy/actor/lib/test/auto/RunningMinimum.xml
----------------- Instantiating /home/travis/build/icyphy/ptII/ptolemy/actor/lib/test/auto/RunningMinimum.xml
1 ms. Memory: 304128K Free: 104130K (34%)
----------------- Invoking toplevel() on ptolemy.moml.MoMLSimpleApplication@39ceeea0
----------------- Done invoking toplevel() on ptolemy.moml.MoMLSimpleApplication@39ceeea0
reloadAllAccessors: .RunningMinimum

===========================================================================================
----------------- testing Tue Jun 16 14:45:28 UTC 2020 /home/travis/build/icyphy/ptII/ptolemy/actor/lib/test/auto/Scale.xml
----------------- Instantiating /home/travis/build/icyphy/ptII/ptolemy/actor/lib/test/auto/Scale.xml
1 ms. Memory: 304128K Free: 99524K (33%)
----------------- Invoking toplevel() on ptolemy.moml.MoMLSimpleApplication@e924b80
----------------- Done invoking toplevel() on ptolemy.moml.MoMLSimpleApplication@e924b80
reloadAllAccessors: .Scale

===========================================================================================
----------------- testing Tue Jun 16 14:45:28 UTC 2020 /home/travis/build/icyphy/ptII/ptolemy/actor/lib/test/auto/Scale2.xml
----------------- Instantiating /home/travis/build/icyphy/ptII/ptolemy/actor/lib/test/auto/Scale2.xml
2 ms. Memory: 304128K Free: 94404K (31%)
----------------- Invoking toplevel() on ptolemy.moml.MoMLSimpleApplication@19a33384
----------------- Done invoking toplevel() on ptolemy.moml.MoMLSimpleApplication@19a33384
reloadAllAccessors: .Scale2

===========================================================================================
----------------- testing Tue Jun 16 14:45:28 UTC 2020 /home/travis/build/icyphy/ptII/ptolemy/actor/lib/test/auto/Scale3.xml
----------------- Instantiating /home/travis/build/icyphy/ptII/ptolemy/actor/lib/test/auto/Scale3.xml
3 ms. Memory: 304128K Free: 87746K (29%)
----------------- Invoking toplevel() on ptolemy.moml.MoMLSimpleApplication@77fd7616
----------------- Done invoking toplevel() on ptolemy.moml.MoMLSimpleApplication@77fd7616
reloadAllAccessors: .Scale3

===========================================================================================
----------------- testing Tue Jun 16 14:45:28 UTC 2020 /home/travis/build/icyphy/ptII/ptolemy/actor/lib/test/auto/ScaleArray.xml
----------------- Instantiating /home/travis/build/icyphy/ptII/ptolemy/actor/lib/test/auto/ScaleArray.xml
2 ms. Memory: 304128K Free: 83140K (27%)
----------------- Invoking toplevel() on ptolemy.moml.MoMLSimpleApplication@3632cab5
----------------- Done invoking toplevel() on ptolemy.moml.MoMLSimpleApplication@3632cab5
reloadAllAccessors: .ScaleArray

===========================================================================================
----------------- testing Tue Jun 16 14:45:28 UTC 2020 /home/travis/build/icyphy/ptII/ptolemy/actor/lib/test/auto/ScaleArray2.xml
----------------- Instantiating /home/travis/build/icyphy/ptII/ptolemy/actor/lib/test/auto/ScaleArray2.xml
1 ms. Memory: 304128K Free: 78020K (26%)
----------------- Invoking toplevel() on ptolemy.moml.MoMLSimpleApplication@1763a994
----------------- Done invoking toplevel() on ptolemy.moml.MoMLSimpleApplication@1763a994
reloadAllAccessors: .ScaleArray2

===========================================================================================
----------------- testing Tue Jun 16 14:45:28 UTC 2020 /home/travis/build/icyphy/ptII/ptolemy/actor/lib/test/auto/ScaleMatrix.xml
----------------- Instantiating /home/travis/build/icyphy/ptII/ptolemy/actor/lib/test/auto/ScaleMatrix.xml
119 ms. Memory: 304128K Free: 245390K (81%)
----------------- Invoking toplevel() on ptolemy.moml.MoMLSimpleApplication@5dafae64
----------------- Done invoking toplevel() on ptolemy.moml.MoMLSimpleApplication@5dafae64
reloadAllAccessors: .ScaleMatrix

===========================================================================================
----------------- testing Tue Jun 16 14:45:28 UTC 2020 /home/travis/build/icyphy/ptII/ptolemy/actor/lib/test/auto/Select.xml
----------------- Instantiating /home/travis/build/icyphy/ptII/ptolemy/actor/lib/test/auto/Select.xml
4 ms. Memory: 304128K Free: 238736K (78%)
----------------- Invoking toplevel() on ptolemy.moml.MoMLSimpleApplication@180f9d72
----------------- Done invoking toplevel() on ptolemy.moml.MoMLSimpleApplication@180f9d72
reloadAllAccessors: .Select

===========================================================================================
----------------- testing Tue Jun 16 14:45:28 UTC 2020 /home/travis/build/icyphy/ptII/ptolemy/actor/lib/test/auto/Select2.xml
----------------- Instantiating /home/travis/build/icyphy/ptII/ptolemy/actor/lib/test/auto/Select2.xml
1 ms. Memory: 304128K Free: 234126K (77%)
----------------- Invoking toplevel() on ptolemy.moml.MoMLSimpleApplication@60d9d1cb
----------------- Done invoking toplevel() on ptolemy.moml.MoMLSimpleApplication@60d9d1cb
reloadAllAccessors: .Select2

===========================================================================================
----------------- testing Tue Jun 16 14:45:28 UTC 2020 /home/travis/build/icyphy/ptII/ptolemy/actor/lib/test/auto/SequenceToArray2.xml
----------------- Instantiating /home/travis/build/icyphy/ptII/ptolemy/actor/lib/test/auto/SequenceToArray2.xml
96 ms. Memory: 304128K Free: 210064K (69%)
----------------- Invoking toplevel() on ptolemy.moml.MoMLSimpleApplication@75beb79a
----------------- Done invoking toplevel() on ptolemy.moml.MoMLSimpleApplication@75beb79a
reloadAllAccessors: .SequenceToArray2

===========================================================================================
----------------- testing Tue Jun 16 14:45:28 UTC 2020 /home/travis/build/icyphy/ptII/ptolemy/actor/lib/test/auto/SequentialClock.xml
----------------- Instantiating /home/travis/build/icyphy/ptII/ptolemy/actor/lib/test/auto/SequentialClock.xml
2 ms. Memory: 304128K Free: 205968K (68%)
----------------- Invoking toplevel() on ptolemy.moml.MoMLSimpleApplication@1ba467ee
----------------- Done invoking toplevel() on ptolemy.moml.MoMLSimpleApplication@1ba467ee
reloadAllAccessors: .SequentialClock

===========================================================================================
----------------- testing Tue Jun 16 14:45:28 UTC 2020 /home/travis/build/icyphy/ptII/ptolemy/actor/lib/test/auto/SetVariable.xml
----------------- Instantiating /home/travis/build/icyphy/ptII/ptolemy/actor/lib/test/auto/SetVariable.xml
3 ms. Memory: 304128K Free: 201358K (66%)
----------------- Invoking toplevel() on ptolemy.moml.MoMLSimpleApplication@384584b8
----------------- Done invoking toplevel() on ptolemy.moml.MoMLSimpleApplication@384584b8
reloadAllAccessors: .SetVariable

===========================================================================================
----------------- testing Tue Jun 16 14:45:28 UTC 2020 /home/travis/build/icyphy/ptII/ptolemy/actor/lib/test/auto/SetVariable2.xml
----------------- Instantiating /home/travis/build/icyphy/ptII/ptolemy/actor/lib/test/auto/SetVariable2.xml
3 ms. Memory: 304128K Free: 196238K (65%)
----------------- Invoking toplevel() on ptolemy.moml.MoMLSimpleApplication@3f020587
----------------- Done invoking toplevel() on ptolemy.moml.MoMLSimpleApplication@3f020587
reloadAllAccessors: .SetVariable2

===========================================================================================
----------------- testing Tue Jun 16 14:45:28 UTC 2020 /home/travis/build/icyphy/ptII/ptolemy/actor/lib/test/auto/SetVariable3.xml
----------------- Instantiating /home/travis/build/icyphy/ptII/ptolemy/actor/lib/test/auto/SetVariable3.xml
5 ms. Memory: 304128K Free: 191118K (63%)
----------------- Invoking toplevel() on ptolemy.moml.MoMLSimpleApplication@29ee842
----------------- Done invoking toplevel() on ptolemy.moml.MoMLSimpleApplication@29ee842
reloadAllAccessors: .SetVariable3

===========================================================================================
----------------- testing Tue Jun 16 14:45:28 UTC 2020 /home/travis/build/icyphy/ptII/ptolemy/actor/lib/test/auto/SetVariable4.xml
----------------- Instantiating /home/travis/build/icyphy/ptII/ptolemy/actor/lib/test/auto/SetVariable4.xml
15 ms. Memory: 304128K Free: 180878K (59%)
----------------- Invoking toplevel() on ptolemy.moml.MoMLSimpleApplication@4c410d5d
----------------- Done invoking toplevel() on ptolemy.moml.MoMLSimpleApplication@4c410d5d
reloadAllAccessors: .SetVariable4

===========================================================================================
----------------- testing Tue Jun 16 14:45:28 UTC 2020 /home/travis/build/icyphy/ptII/ptolemy/actor/lib/test/auto/SetVariable5.xml
----------------- Instantiating /home/travis/build/icyphy/ptII/ptolemy/actor/lib/test/auto/SetVariable5.xml
17 ms. Memory: 304128K Free: 171648K (56%)
----------------- Invoking toplevel() on ptolemy.moml.MoMLSimpleApplication@50953639
----------------- Done invoking toplevel() on ptolemy.moml.MoMLSimpleApplication@50953639
reloadAllAccessors: .SetVariable5

===========================================================================================
----------------- testing Tue Jun 16 14:45:28 UTC 2020 /home/travis/build/icyphy/ptII/ptolemy/actor/lib/test/auto/Sinewave.xml
----------------- Instantiating /home/travis/build/icyphy/ptII/ptolemy/actor/lib/test/auto/Sinewave.xml
7 ms. Memory: 304128K Free: 161422K (53%)
----------------- Invoking toplevel() on ptolemy.moml.MoMLSimpleApplication@45e233ae
----------------- Done invoking toplevel() on ptolemy.moml.MoMLSimpleApplication@45e233ae
reloadAllAccessors: .Sinewave

===========================================================================================
----------------- testing Tue Jun 16 14:45:28 UTC 2020 /home/travis/build/icyphy/ptII/ptolemy/actor/lib/test/auto/Sinewave2.xml
----------------- Instantiating /home/travis/build/icyphy/ptII/ptolemy/actor/lib/test/auto/Sinewave2.xml
10 ms. Memory: 304128K Free: 153744K (51%)
----------------- Invoking toplevel() on ptolemy.moml.MoMLSimpleApplication@7a087026
----------------- Done invoking toplevel() on ptolemy.moml.MoMLSimpleApplication@7a087026
reloadAllAccessors: .Sinewave2

===========================================================================================
----------------- testing Tue Jun 16 14:45:28 UTC 2020 /home/travis/build/icyphy/ptII/ptolemy/actor/lib/test/auto/Sinewave3.xml
----------------- Instantiating /home/travis/build/icyphy/ptII/ptolemy/actor/lib/test/auto/Sinewave3.xml
7 ms. Memory: 304128K Free: 145024K (48%)
----------------- Invoking toplevel() on ptolemy.moml.MoMLSimpleApplication@3c4ac4e4
----------------- Done invoking toplevel() on ptolemy.moml.MoMLSimpleApplication@3c4ac4e4
reloadAllAccessors: .Sinewave3

===========================================================================================
----------------- testing Tue Jun 16 14:45:28 UTC 2020 /home/travis/build/icyphy/ptII/ptolemy/actor/lib/test/auto/SingleEvent.xml
----------------- Instantiating /home/travis/build/icyphy/ptII/ptolemy/actor/lib/test/auto/SingleEvent.xml
1 ms. Memory: 304128K Free: 140942K (46%)
----------------- Invoking toplevel() on ptolemy.moml.MoMLSimpleApplication@2877ee38
----------------- Done invoking toplevel() on ptolemy.moml.MoMLSimpleApplication@2877ee38
reloadAllAccessors: .SingleEvent

===========================================================================================
----------------- testing Tue Jun 16 14:45:28 UTC 2020 /home/travis/build/icyphy/ptII/ptolemy/actor/lib/test/auto/Sleep.xml
----------------- Instantiating /home/travis/build/icyphy/ptII/ptolemy/actor/lib/test/auto/Sleep.xml
6003 ms. Memory: 304128K Free: 135792K (45%)
----------------- Invoking toplevel() on ptolemy.moml.MoMLSimpleApplication@6057864a
----------------- Done invoking toplevel() on ptolemy.moml.MoMLSimpleApplication@6057864a
reloadAllAccessors: .Sleep

===========================================================================================
----------------- testing Tue Jun 16 14:45:34 UTC 2020 /home/travis/build/icyphy/ptII/ptolemy/actor/lib/test/auto/SleepMultipleFire.xml
----------------- Instantiating /home/travis/build/icyphy/ptII/ptolemy/actor/lib/test/auto/SleepMultipleFire.xml
1005 ms. Memory: 304128K Free: 130192K (43%)
----------------- Invoking toplevel() on ptolemy.moml.MoMLSimpleApplication@7f0cf874
----------------- Done invoking toplevel() on ptolemy.moml.MoMLSimpleApplication@7f0cf874
reloadAllAccessors: .SleepMultipleFire

===========================================================================================
----------------- testing Tue Jun 16 14:45:35 UTC 2020 /home/travis/build/icyphy/ptII/ptolemy/actor/lib/test/auto/StopDE.xml
----------------- Instantiating /home/travis/build/icyphy/ptII/ptolemy/actor/lib/test/auto/StopDE.xml
7 ms. Memory: 304128K Free: 124048K (41%)
----------------- Invoking toplevel() on ptolemy.moml.MoMLSimpleApplication@6713cb0e
----------------- Done invoking toplevel() on ptolemy.moml.MoMLSimpleApplication@6713cb0e
reloadAllAccessors: .StopDE

===========================================================================================
----------------- testing Tue Jun 16 14:45:35 UTC 2020 /home/travis/build/icyphy/ptII/ptolemy/actor/lib/test/auto/StopSDF.xml
----------------- Instantiating /home/travis/build/icyphy/ptII/ptolemy/actor/lib/test/auto/StopSDF.xml
3 ms. Memory: 304128K Free: 118928K (39%)
----------------- Invoking toplevel() on ptolemy.moml.MoMLSimpleApplication@630cd5b3
----------------- Done invoking toplevel() on ptolemy.moml.MoMLSimpleApplication@630cd5b3
reloadAllAccessors: .StopSDF

===========================================================================================
----------------- testing Tue Jun 16 14:45:35 UTC 2020 /home/travis/build/icyphy/ptII/ptolemy/actor/lib/test/auto/StringConstant.xml
----------------- Instantiating /home/travis/build/icyphy/ptII/ptolemy/actor/lib/test/auto/StringConstant.xml
10 ms. Memory: 304128K Free: 114318K (38%)
----------------- Invoking toplevel() on ptolemy.moml.MoMLSimpleApplication@39c5d7f2
----------------- Done invoking toplevel() on ptolemy.moml.MoMLSimpleApplication@39c5d7f2
reloadAllAccessors: .StringConstant

===========================================================================================
----------------- testing Tue Jun 16 14:45:35 UTC 2020 /home/travis/build/icyphy/ptII/ptolemy/actor/lib/test/auto/SubscriberPortInitialValues1.xml
----------------- Instantiating /home/travis/build/icyphy/ptII/ptolemy/actor/lib/test/auto/SubscriberPortInitialValues1.xml
7 ms. Memory: 304128K Free: 105616K (35%)
----------------- Invoking toplevel() on ptolemy.moml.MoMLSimpleApplication@76873f72
----------------- Done invoking toplevel() on ptolemy.moml.MoMLSimpleApplication@76873f72
reloadAllAccessors: .SubscriberPortInitialValues1

===========================================================================================
----------------- testing Tue Jun 16 14:45:35 UTC 2020 /home/travis/build/icyphy/ptII/ptolemy/actor/lib/test/auto/SubscriberPortInitialValues13.xml
----------------- Instantiating /home/travis/build/icyphy/ptII/ptolemy/actor/lib/test/auto/SubscriberPortInitialValues13.xml
5 ms. Memory: 304128K Free: 92304K (30%)
----------------- Invoking toplevel() on ptolemy.moml.MoMLSimpleApplication@1ec31f63
----------------- Done invoking toplevel() on ptolemy.moml.MoMLSimpleApplication@1ec31f63
reloadAllAccessors: .SubscriberPortInitialValues13

===========================================================================================
----------------- testing Tue Jun 16 14:45:35 UTC 2020 /home/travis/build/icyphy/ptII/ptolemy/actor/lib/test/auto/SubscriberPortInitialValues14.xml
----------------- Instantiating /home/travis/build/icyphy/ptII/ptolemy/actor/lib/test/auto/SubscriberPortInitialValues14.xml
4 ms. Memory: 304128K Free: 84622K (28%)
----------------- Invoking toplevel() on ptolemy.moml.MoMLSimpleApplication@400e896a
----------------- Done invoking toplevel() on ptolemy.moml.MoMLSimpleApplication@400e896a
reloadAllAccessors: .SubscriberPortInitialValues14

===========================================================================================
----------------- testing Tue Jun 16 14:45:35 UTC 2020 /home/travis/build/icyphy/ptII/ptolemy/actor/lib/test/auto/SubscriberPortInitialValues2.xml
----------------- Instantiating /home/travis/build/icyphy/ptII/ptolemy/actor/lib/test/auto/SubscriberPortInitialValues2.xml
3 ms. Memory: 304128K Free: 76944K (25%)
----------------- Invoking toplevel() on ptolemy.moml.MoMLSimpleApplication@36773295
----------------- Done invoking toplevel() on ptolemy.moml.MoMLSimpleApplication@36773295
reloadAllAccessors: .SubscriberPortInitialValues2

===========================================================================================
----------------- testing Tue Jun 16 14:45:35 UTC 2020 /home/travis/build/icyphy/ptII/ptolemy/actor/lib/test/auto/SubscriberPortInitialValues3.xml
----------------- Instantiating /home/travis/build/icyphy/ptII/ptolemy/actor/lib/test/auto/SubscriberPortInitialValues3.xml
4 ms. Memory: 304128K Free: 245958K (81%)
----------------- Invoking toplevel() on ptolemy.moml.MoMLSimpleApplication@5c4ae641
----------------- Done invoking toplevel() on ptolemy.moml.MoMLSimpleApplication@5c4ae641
reloadAllAccessors: .SubscriberPortInitialValues3

===========================================================================================
----------------- testing Tue Jun 16 14:45:35 UTC 2020 /home/travis/build/icyphy/ptII/ptolemy/actor/lib/test/auto/SubscriptionAggregator.xml
----------------- Instantiating /home/travis/build/icyphy/ptII/ptolemy/actor/lib/test/auto/SubscriptionAggregator.xml
2 ms. Memory: 304128K Free: 238280K (78%)
----------------- Invoking toplevel() on ptolemy.moml.MoMLSimpleApplication@1ff2da9b
----------------- Done invoking toplevel() on ptolemy.moml.MoMLSimpleApplication@1ff2da9b
reloadAllAccessors: .SubscriptionAggregator

===========================================================================================
----------------- testing Tue Jun 16 14:45:35 UTC 2020 /home/travis/build/icyphy/ptII/ptolemy/actor/lib/test/auto/SubscriptionAggregator2.xml
----------------- Instantiating /home/travis/build/icyphy/ptII/ptolemy/actor/lib/test/auto/SubscriptionAggregator2.xml
2 ms. Memory: 304128K Free: 231112K (76%)
----------------- Invoking toplevel() on ptolemy.moml.MoMLSimpleApplication@1b7e676d
----------------- Done invoking toplevel() on ptolemy.moml.MoMLSimpleApplication@1b7e676d
reloadAllAccessors: .SubscriptionAggregator2

===========================================================================================
----------------- testing Tue Jun 16 14:45:35 UTC 2020 /home/travis/build/icyphy/ptII/ptolemy/actor/lib/test/auto/SubscriptionAggregator3.xml
----------------- Instantiating /home/travis/build/icyphy/ptII/ptolemy/actor/lib/test/auto/SubscriptionAggregator3.xml
3 ms. Memory: 304128K Free: 222392K (73%)
----------------- Invoking toplevel() on ptolemy.moml.MoMLSimpleApplication@50bf4b50
----------------- Done invoking toplevel() on ptolemy.moml.MoMLSimpleApplication@50bf4b50
reloadAllAccessors: .SubscriptionAggregator3

===========================================================================================
----------------- testing Tue Jun 16 14:45:35 UTC 2020 /home/travis/build/icyphy/ptII/ptolemy/actor/lib/test/auto/SubscriptionAggregatorMultiply.xml
----------------- Instantiating /home/travis/build/icyphy/ptII/ptolemy/actor/lib/test/auto/SubscriptionAggregatorMultiply.xml
3 ms. Memory: 304128K Free: 213704K (70%)
----------------- Invoking toplevel() on ptolemy.moml.MoMLSimpleApplication@37469e4f
----------------- Done invoking toplevel() on ptolemy.moml.MoMLSimpleApplication@37469e4f
reloadAllAccessors: .SubscriptionAggregatorMultiply

===========================================================================================
----------------- testing Tue Jun 16 14:45:35 UTC 2020 /home/travis/build/icyphy/ptII/ptolemy/actor/lib/test/auto/SubscriptionAggregatorPortMultiply1.xml
----------------- Instantiating /home/travis/build/icyphy/ptII/ptolemy/actor/lib/test/auto/SubscriptionAggregatorPortMultiply1.xml
4 ms. Memory: 304128K Free: 205512K (68%)
----------------- Invoking toplevel() on ptolemy.moml.MoMLSimpleApplication@680cf2fc
----------------- Done invoking toplevel() on ptolemy.moml.MoMLSimpleApplication@680cf2fc
reloadAllAccessors: .SubscriptionAggregatorPortMultiply1

===========================================================================================
----------------- testing Tue Jun 16 14:45:35 UTC 2020 /home/travis/build/icyphy/ptII/ptolemy/actor/lib/test/auto/Switch.xml
----------------- Instantiating /home/travis/build/icyphy/ptII/ptolemy/actor/lib/test/auto/Switch.xml
6 ms. Memory: 304128K Free: 197320K (65%)
----------------- Invoking toplevel() on ptolemy.moml.MoMLSimpleApplication@1106a6f5
----------------- Done invoking toplevel() on ptolemy.moml.MoMLSimpleApplication@1106a6f5
reloadAllAccessors: .Switch

===========================================================================================
----------------- testing Tue Jun 16 14:45:35 UTC 2020 /home/travis/build/icyphy/ptII/ptolemy/actor/lib/test/auto/Switch2.xml
----------------- Instantiating /home/travis/build/icyphy/ptII/ptolemy/actor/lib/test/auto/Switch2.xml
1 ms. Memory: 304128K Free: 192710K (63%)
----------------- Invoking toplevel() on ptolemy.moml.MoMLSimpleApplication@50a10ee9
----------------- Done invoking toplevel() on ptolemy.moml.MoMLSimpleApplication@50a10ee9
reloadAllAccessors: .Switch2

===========================================================================================
----------------- testing Tue Jun 16 14:45:35 UTC 2020 /home/travis/build/icyphy/ptII/ptolemy/actor/lib/test/auto/SwitchDE.xml
----------------- Instantiating /home/travis/build/icyphy/ptII/ptolemy/actor/lib/test/auto/SwitchDE.xml
2 ms. Memory: 304128K Free: 186056K (61%)
----------------- Invoking toplevel() on ptolemy.moml.MoMLSimpleApplication@4b80dc79
----------------- Done invoking toplevel() on ptolemy.moml.MoMLSimpleApplication@4b80dc79
reloadAllAccessors: .SwitchDE

===========================================================================================
----------------- testing Tue Jun 16 14:45:36 UTC 2020 /home/travis/build/icyphy/ptII/ptolemy/actor/lib/test/auto/SynchronizerDE.xml
----------------- Instantiating /home/travis/build/icyphy/ptII/ptolemy/actor/lib/test/auto/SynchronizerDE.xml
6 ms. Memory: 304128K Free: 177864K (58%)
----------------- Invoking toplevel() on ptolemy.moml.MoMLSimpleApplication@353a5ad1
----------------- Done invoking toplevel() on ptolemy.moml.MoMLSimpleApplication@353a5ad1
reloadAllAccessors: .SynchronizerDE

===========================================================================================
----------------- testing Tue Jun 16 14:45:36 UTC 2020 /home/travis/build/icyphy/ptII/ptolemy/actor/lib/test/auto/Test.xml
----------------- Instantiating /home/travis/build/icyphy/ptII/ptolemy/actor/lib/test/auto/Test.xml
2 ms. Memory: 304128K Free: 172744K (57%)
----------------- Invoking toplevel() on ptolemy.moml.MoMLSimpleApplication@2f0a97e6
----------------- Done invoking toplevel() on ptolemy.moml.MoMLSimpleApplication@2f0a97e6
reloadAllAccessors: .Test

===========================================================================================
----------------- testing Tue Jun 16 14:45:36 UTC 2020 /home/travis/build/icyphy/ptII/ptolemy/actor/lib/test/auto/TestExceptionAttribute1.xml
----------------- Instantiating /home/travis/build/icyphy/ptII/ptolemy/actor/lib/test/auto/TestExceptionAttribute1.xml
1 ms. Memory: 304128K Free: 168648K (55%)
----------------- Invoking toplevel() on ptolemy.moml.MoMLSimpleApplication@51b99c05
----------------- Done invoking toplevel() on ptolemy.moml.MoMLSimpleApplication@51b99c05
reloadAllAccessors: .TestExceptionAttribute1

===========================================================================================
----------------- testing Tue Jun 16 14:45:36 UTC 2020 /home/travis/build/icyphy/ptII/ptolemy/actor/lib/test/auto/TestExceptionAttribute2.xml
----------------- Instantiating /home/travis/build/icyphy/ptII/ptolemy/actor/lib/test/auto/TestExceptionAttribute2.xml
1 ms. Memory: 304128K Free: 165062K (54%)
----------------- Invoking toplevel() on ptolemy.moml.MoMLSimpleApplication@3f92dc24
----------------- Done invoking toplevel() on ptolemy.moml.MoMLSimpleApplication@3f92dc24
reloadAllAccessors: .TestExceptionAttribute2

===========================================================================================
----------------- testing Tue Jun 16 14:45:36 UTC 2020 /home/travis/build/icyphy/ptII/ptolemy/actor/lib/test/auto/TestExceptionAttribute3.xml
----------------- Instantiating /home/travis/build/icyphy/ptII/ptolemy/actor/lib/test/auto/TestExceptionAttribute3.xml
.TestExceptionAttribute3.TestExceptionAttribute: initialize() was not invoked, but wrapup() was.  This is unusual, but not always a problem.  For example, exporting JNLP will do this.
0 ms. Memory: 304128K Free: 161480K (53%)
----------------- Invoking toplevel() on ptolemy.moml.MoMLSimpleApplication@7aaf3750
----------------- Done invoking toplevel() on ptolemy.moml.MoMLSimpleApplication@7aaf3750
reloadAllAccessors: .TestExceptionAttribute3

===========================================================================================
----------------- testing Tue Jun 16 14:45:36 UTC 2020 /home/travis/build/icyphy/ptII/ptolemy/actor/lib/test/auto/TestExceptionAttribute4.xml
----------------- Instantiating /home/travis/build/icyphy/ptII/ptolemy/actor/lib/test/auto/TestExceptionAttribute4.xml
.TestExceptionAttribute4.TestExceptionAttribute: initialize() was not invoked, but wrapup() was.  This is unusual, but not always a problem.  For example, exporting JNLP will do this.
.TestExceptionAttribute4.TestExceptionAttribute2: initialize() was not invoked, but wrapup() was.  This is unusual, but not always a problem.  For example, exporting JNLP will do this.
0 ms. Memory: 304128K Free: 157384K (52%)
----------------- Invoking toplevel() on ptolemy.moml.MoMLSimpleApplication@687cd9c3
----------------- Done invoking toplevel() on ptolemy.moml.MoMLSimpleApplication@687cd9c3
reloadAllAccessors: .TestExceptionAttribute4

===========================================================================================
----------------- testing Tue Jun 16 14:45:36 UTC 2020 /home/travis/build/icyphy/ptII/ptolemy/actor/lib/test/auto/TestExceptionHandler1.xml
----------------- Instantiating /home/travis/build/icyphy/ptII/ptolemy/actor/lib/test/auto/TestExceptionHandler1.xml
1 ms. Memory: 304128K Free: 153288K (50%)
----------------- Invoking toplevel() on ptolemy.moml.MoMLSimpleApplication@5433430a
----------------- Done invoking toplevel() on ptolemy.moml.MoMLSimpleApplication@5433430a
reloadAllAccessors: .TestExceptionHandler1

===========================================================================================
----------------- testing Tue Jun 16 14:45:36 UTC 2020 /home/travis/build/icyphy/ptII/ptolemy/actor/lib/test/auto/TestExceptionHandler2.xml
----------------- Instantiating /home/travis/build/icyphy/ptII/ptolemy/actor/lib/test/auto/TestExceptionHandler2.xml
2 ms. Memory: 304128K Free: 149702K (49%)
----------------- Invoking toplevel() on ptolemy.moml.MoMLSimpleApplication@78729ec4
----------------- Done invoking toplevel() on ptolemy.moml.MoMLSimpleApplication@78729ec4
reloadAllAccessors: .TestExceptionHandler2

===========================================================================================
----------------- testing Tue Jun 16 14:45:36 UTC 2020 /home/travis/build/icyphy/ptII/ptolemy/actor/lib/test/auto/TestExceptionHandler3.xml
----------------- Instantiating /home/travis/build/icyphy/ptII/ptolemy/actor/lib/test/auto/TestExceptionHandler3.xml
1 ms. Memory: 304128K Free: 146120K (48%)
----------------- Invoking toplevel() on ptolemy.moml.MoMLSimpleApplication@711f5890
----------------- Done invoking toplevel() on ptolemy.moml.MoMLSimpleApplication@711f5890
reloadAllAccessors: .TestExceptionHandler3

===========================================================================================
----------------- testing Tue Jun 16 14:45:36 UTC 2020 /home/travis/build/icyphy/ptII/ptolemy/actor/lib/test/auto/TestExceptionHandler4.xml
----------------- Instantiating /home/travis/build/icyphy/ptII/ptolemy/actor/lib/test/auto/TestExceptionHandler4.xml
0 ms. Memory: 304128K Free: 141510K (47%)
----------------- Invoking toplevel() on ptolemy.moml.MoMLSimpleApplication@6ddd7a77
----------------- Done invoking toplevel() on ptolemy.moml.MoMLSimpleApplication@6ddd7a77
reloadAllAccessors: .TestExceptionHandler4

===========================================================================================
----------------- testing Tue Jun 16 14:45:36 UTC 2020 /home/travis/build/icyphy/ptII/ptolemy/actor/lib/test/auto/TestRequireCorrectOrder.xml
----------------- Instantiating /home/travis/build/icyphy/ptII/ptolemy/actor/lib/test/auto/TestRequireCorrectOrder.xml
9 ms. Memory: 304128K Free: 136376K (45%)
----------------- Invoking toplevel() on ptolemy.moml.MoMLSimpleApplication@5c7942f1
----------------- Done invoking toplevel() on ptolemy.moml.MoMLSimpleApplication@5c7942f1
reloadAllAccessors: .TestRequireCorrectOrder

===========================================================================================
----------------- testing Tue Jun 16 14:45:36 UTC 2020 /home/travis/build/icyphy/ptII/ptolemy/actor/lib/test/auto/TestSimple.xml
----------------- Instantiating /home/travis/build/icyphy/ptII/ptolemy/actor/lib/test/auto/TestSimple.xml
1 ms. Memory: 304128K Free: 132294K (43%)
----------------- Invoking toplevel() on ptolemy.moml.MoMLSimpleApplication@42f13141
----------------- Done invoking toplevel() on ptolemy.moml.MoMLSimpleApplication@42f13141
reloadAllAccessors: .TestSimple

===========================================================================================
----------------- testing Tue Jun 16 14:45:36 UTC 2020 /home/travis/build/icyphy/ptII/ptolemy/actor/lib/test/auto/ThrowModelError.xml
----------------- Instantiating /home/travis/build/icyphy/ptII/ptolemy/actor/lib/test/auto/ThrowModelError.xml
1 ms. Memory: 304128K Free: 127174K (42%)
----------------- Invoking toplevel() on ptolemy.moml.MoMLSimpleApplication@570365c6
----------------- Done invoking toplevel() on ptolemy.moml.MoMLSimpleApplication@570365c6
reloadAllAccessors: .ThrowModelError

===========================================================================================
----------------- testing Tue Jun 16 14:45:36 UTC 2020 /home/travis/build/icyphy/ptII/ptolemy/actor/lib/test/auto/TimeDelayMicrosteps.xml
----------------- Instantiating /home/travis/build/icyphy/ptII/ptolemy/actor/lib/test/auto/TimeDelayMicrosteps.xml
4 ms. Memory: 304128K Free: 120520K (40%)
----------------- Invoking toplevel() on ptolemy.moml.MoMLSimpleApplication@dd59c4d
----------------- Done invoking toplevel() on ptolemy.moml.MoMLSimpleApplication@dd59c4d
reloadAllAccessors: .TimeDelayMicrosteps

===========================================================================================
----------------- testing Tue Jun 16 14:45:36 UTC 2020 /home/travis/build/icyphy/ptII/ptolemy/actor/lib/test/auto/TimeDelayMicrosteps2.xml
----------------- Instantiating /home/travis/build/icyphy/ptII/ptolemy/actor/lib/test/auto/TimeDelayMicrosteps2.xml
3 ms. Memory: 304128K Free: 113352K (37%)
----------------- Invoking toplevel() on ptolemy.moml.MoMLSimpleApplication@20d3bc6b
----------------- Done invoking toplevel() on ptolemy.moml.MoMLSimpleApplication@20d3bc6b
reloadAllAccessors: .TimeDelayMicrosteps2

===========================================================================================
----------------- testing Tue Jun 16 14:45:36 UTC 2020 /home/travis/build/icyphy/ptII/ptolemy/actor/lib/test/auto/TimeDelayMicrosteps3.xml
----------------- Instantiating /home/travis/build/icyphy/ptII/ptolemy/actor/lib/test/auto/TimeDelayMicrosteps3.xml
4 ms. Memory: 304128K Free: 106184K (35%)
----------------- Invoking toplevel() on ptolemy.moml.MoMLSimpleApplication@41a36056
----------------- Done invoking toplevel() on ptolemy.moml.MoMLSimpleApplication@41a36056
reloadAllAccessors: .TimeDelayMicrosteps3

===========================================================================================
----------------- testing Tue Jun 16 14:45:36 UTC 2020 /home/travis/build/icyphy/ptII/ptolemy/actor/lib/test/auto/TimeDelayVariableMicrosteps.xml
----------------- Instantiating /home/travis/build/icyphy/ptII/ptolemy/actor/lib/test/auto/TimeDelayVariableMicrosteps.xml
3 ms. Memory: 304128K Free: 99526K (33%)
----------------- Invoking toplevel() on ptolemy.moml.MoMLSimpleApplication@6cb79044
----------------- Done invoking toplevel() on ptolemy.moml.MoMLSimpleApplication@6cb79044
reloadAllAccessors: .TimeDelayVariableMicrosteps

===========================================================================================
----------------- testing Tue Jun 16 14:45:36 UTC 2020 /home/travis/build/icyphy/ptII/ptolemy/actor/lib/test/auto/TimeGap.xml
----------------- Instantiating /home/travis/build/icyphy/ptII/ptolemy/actor/lib/test/auto/TimeGap.xml
3 ms. Memory: 304128K Free: 94400K (31%)
----------------- Invoking toplevel() on ptolemy.moml.MoMLSimpleApplication@37af6ba3
----------------- Done invoking toplevel() on ptolemy.moml.MoMLSimpleApplication@37af6ba3
reloadAllAccessors: .TimeGap

===========================================================================================
----------------- testing Tue Jun 16 14:45:36 UTC 2020 /home/travis/build/icyphy/ptII/ptolemy/actor/lib/test/auto/TimeGap2.xml
----------------- Instantiating /home/travis/build/icyphy/ptII/ptolemy/actor/lib/test/auto/TimeGap2.xml
1 ms. Memory: 304128K Free: 88256K (29%)
----------------- Invoking toplevel() on ptolemy.moml.MoMLSimpleApplication@270a6c0b
----------------- Done invoking toplevel() on ptolemy.moml.MoMLSimpleApplication@270a6c0b
reloadAllAccessors: .TimeGap2

===========================================================================================
----------------- testing Tue Jun 16 14:45:36 UTC 2020 /home/travis/build/icyphy/ptII/ptolemy/actor/lib/test/auto/TimedSinewave.xml
----------------- Instantiating /home/travis/build/icyphy/ptII/ptolemy/actor/lib/test/auto/TimedSinewave.xml
19 ms. Memory: 304128K Free: 73926K (24%)
----------------- Invoking toplevel() on ptolemy.moml.MoMLSimpleApplication@1404bc40
----------------- Done invoking toplevel() on ptolemy.moml.MoMLSimpleApplication@1404bc40
reloadAllAccessors: .TimedSinewave

===========================================================================================
----------------- testing Tue Jun 16 14:45:36 UTC 2020 /home/travis/build/icyphy/ptII/ptolemy/actor/lib/test/auto/TimedSinewavePhase.xml
----------------- Instantiating /home/travis/build/icyphy/ptII/ptolemy/actor/lib/test/auto/TimedSinewavePhase.xml
9 ms. Memory: 304128K Free: 244100K (80%)
----------------- Invoking toplevel() on ptolemy.moml.MoMLSimpleApplication@149487cf
----------------- Done invoking toplevel() on ptolemy.moml.MoMLSimpleApplication@149487cf
reloadAllAccessors: .TimedSinewavePhase

===========================================================================================
----------------- testing Tue Jun 16 14:45:36 UTC 2020 /home/travis/build/icyphy/ptII/ptolemy/actor/lib/test/auto/Timer.xml
----------------- Instantiating /home/travis/build/icyphy/ptII/ptolemy/actor/lib/test/auto/Timer.xml
2 ms. Memory: 304128K Free: 237956K (78%)
----------------- Invoking toplevel() on ptolemy.moml.MoMLSimpleApplication@55c94b72
----------------- Done invoking toplevel() on ptolemy.moml.MoMLSimpleApplication@55c94b72
reloadAllAccessors: .Timer

===========================================================================================
----------------- testing Tue Jun 16 14:45:36 UTC 2020 /home/travis/build/icyphy/ptII/ptolemy/actor/lib/test/auto/TriangularDistTestModel.xml
----------------- Instantiating /home/travis/build/icyphy/ptII/ptolemy/actor/lib/test/auto/TriangularDistTestModel.xml
2 ms. Memory: 304128K Free: 232292K (76%)
----------------- Invoking toplevel() on ptolemy.moml.MoMLSimpleApplication@44513136
----------------- Done invoking toplevel() on ptolemy.moml.MoMLSimpleApplication@44513136
reloadAllAccessors: .TriangularDistTestModel

===========================================================================================
----------------- testing Tue Jun 16 14:45:36 UTC 2020 /home/travis/build/icyphy/ptII/ptolemy/actor/lib/test/auto/TrigFunction.xml
----------------- Instantiating /home/travis/build/icyphy/ptII/ptolemy/actor/lib/test/auto/TrigFunction.xml
2 ms. Memory: 304128K Free: 227716K (75%)
----------------- Invoking toplevel() on ptolemy.moml.MoMLSimpleApplication@44601d75
----------------- Done invoking toplevel() on ptolemy.moml.MoMLSimpleApplication@44601d75
reloadAllAccessors: .TrigFunction

===========================================================================================
----------------- testing Tue Jun 16 14:45:36 UTC 2020 /home/travis/build/icyphy/ptII/ptolemy/actor/lib/test/auto/TrigFunctionDE.xml
----------------- Instantiating /home/travis/build/icyphy/ptII/ptolemy/actor/lib/test/auto/TrigFunctionDE.xml
2 ms. Memory: 304128K Free: 221572K (73%)
----------------- Invoking toplevel() on ptolemy.moml.MoMLSimpleApplication@19b4ad56
----------------- Done invoking toplevel() on ptolemy.moml.MoMLSimpleApplication@19b4ad56
reloadAllAccessors: .TrigFunctionDE

===========================================================================================
----------------- testing Tue Jun 16 14:45:36 UTC 2020 /home/travis/build/icyphy/ptII/ptolemy/actor/lib/test/auto/TrigFunctionInverse.xml
----------------- Instantiating /home/travis/build/icyphy/ptII/ptolemy/actor/lib/test/auto/TrigFunctionInverse.xml
1 ms. Memory: 304128K Free: 216452K (71%)
----------------- Invoking toplevel() on ptolemy.moml.MoMLSimpleApplication@a580114
----------------- Done invoking toplevel() on ptolemy.moml.MoMLSimpleApplication@a580114
reloadAllAccessors: .TrigFunctionInverse

===========================================================================================
----------------- testing Tue Jun 16 14:45:36 UTC 2020 /home/travis/build/icyphy/ptII/ptolemy/actor/lib/test/auto/TrigFunctionTan.xml
----------------- Instantiating /home/travis/build/icyphy/ptII/ptolemy/actor/lib/test/auto/TrigFunctionTan.xml
3 ms. Memory: 304128K Free: 212356K (70%)
----------------- Invoking toplevel() on ptolemy.moml.MoMLSimpleApplication@5e091df9
----------------- Done invoking toplevel() on ptolemy.moml.MoMLSimpleApplication@5e091df9
reloadAllAccessors: .TrigFunctionTan

===========================================================================================
----------------- testing Tue Jun 16 14:45:36 UTC 2020 /home/travis/build/icyphy/ptII/ptolemy/actor/lib/test/auto/TriggeredClock.xml
----------------- Instantiating /home/travis/build/icyphy/ptII/ptolemy/actor/lib/test/auto/TriggeredClock.xml
1 ms. Memory: 304128K Free: 206708K (68%)
----------------- Invoking toplevel() on ptolemy.moml.MoMLSimpleApplication@7ced2166
----------------- Done invoking toplevel() on ptolemy.moml.MoMLSimpleApplication@7ced2166
reloadAllAccessors: .TriggeredClock

===========================================================================================
----------------- testing Tue Jun 16 14:45:36 UTC 2020 /home/travis/build/icyphy/ptII/ptolemy/actor/lib/test/auto/URLDirectoryReader.xml
----------------- Instantiating /home/travis/build/icyphy/ptII/ptolemy/actor/lib/test/auto/URLDirectoryReader.xml
36 ms. Memory: 304128K Free: 198020K (65%)
----------------- Invoking toplevel() on ptolemy.moml.MoMLSimpleApplication@5238f54b
----------------- Done invoking toplevel() on ptolemy.moml.MoMLSimpleApplication@5238f54b
reloadAllAccessors: .URLDirectoryReader

===========================================================================================
----------------- testing Tue Jun 16 14:45:36 UTC 2020 /home/travis/build/icyphy/ptII/ptolemy/actor/lib/test/auto/URLDirectoryReader3.xml
----------------- Instantiating /home/travis/build/icyphy/ptII/ptolemy/actor/lib/test/auto/URLDirectoryReader3.xml
1317 ms. Memory: 304128K Free: 244475K (80%)
----------------- Invoking toplevel() on ptolemy.moml.MoMLSimpleApplication@1d25e671
----------------- Done invoking toplevel() on ptolemy.moml.MoMLSimpleApplication@1d25e671
reloadAllAccessors: .URLDirectoryReader3

===========================================================================================
----------------- testing Tue Jun 16 14:45:38 UTC 2020 /home/travis/build/icyphy/ptII/ptolemy/actor/lib/test/auto/UnaryMathFunction.xml
----------------- Instantiating /home/travis/build/icyphy/ptII/ptolemy/actor/lib/test/auto/UnaryMathFunction.xml
2 ms. Memory: 304128K Free: 236790K (78%)
----------------- Invoking toplevel() on ptolemy.moml.MoMLSimpleApplication@1807cccf
----------------- Done invoking toplevel() on ptolemy.moml.MoMLSimpleApplication@1807cccf
reloadAllAccessors: .UnaryMathFunction

===========================================================================================
----------------- testing Tue Jun 16 14:45:38 UTC 2020 /home/travis/build/icyphy/ptII/ptolemy/actor/lib/test/auto/Uniform.xml
----------------- Instantiating /home/travis/build/icyphy/ptII/ptolemy/actor/lib/test/auto/Uniform.xml
4 ms. Memory: 304128K Free: 232184K (76%)
----------------- Invoking toplevel() on ptolemy.moml.MoMLSimpleApplication@6112d39d
----------------- Done invoking toplevel() on ptolemy.moml.MoMLSimpleApplication@6112d39d
reloadAllAccessors: .Uniform

===========================================================================================
----------------- testing Tue Jun 16 14:45:38 UTC 2020 /home/travis/build/icyphy/ptII/ptolemy/actor/lib/test/auto/UnionDisassemblerTest.xml
----------------- Instantiating /home/travis/build/icyphy/ptII/ptolemy/actor/lib/test/auto/UnionDisassemblerTest.xml
21 ms. Memory: 304128K Free: 228088K (75%)
----------------- Invoking toplevel() on ptolemy.moml.MoMLSimpleApplication@30a1d526
----------------- Done invoking toplevel() on ptolemy.moml.MoMLSimpleApplication@30a1d526
reloadAllAccessors: .UnionDisassemblerTest

===========================================================================================
----------------- testing Tue Jun 16 14:45:38 UTC 2020 /home/travis/build/icyphy/ptII/ptolemy/actor/lib/test/auto/UtilityFunctions.xml
----------------- Instantiating /home/travis/build/icyphy/ptII/ptolemy/actor/lib/test/auto/UtilityFunctions.xml
1 ms. Memory: 304128K Free: 223992K (74%)
----------------- Invoking toplevel() on ptolemy.moml.MoMLSimpleApplication@707f9858
----------------- Done invoking toplevel() on ptolemy.moml.MoMLSimpleApplication@707f9858
reloadAllAccessors: .UtilityFunctions

===========================================================================================
----------------- testing Tue Jun 16 14:45:38 UTC 2020 /home/travis/build/icyphy/ptII/ptolemy/actor/lib/test/auto/VariableSleep.xml
----------------- Instantiating /home/travis/build/icyphy/ptII/ptolemy/actor/lib/test/auto/VariableSleep.xml
502 ms. Memory: 304128K Free: 218872K (72%)
----------------- Invoking toplevel() on ptolemy.moml.MoMLSimpleApplication@79376415
----------------- Done invoking toplevel() on ptolemy.moml.MoMLSimpleApplication@79376415
reloadAllAccessors: .VariableSleep

===========================================================================================
----------------- testing Tue Jun 16 14:45:38 UTC 2020 /home/travis/build/icyphy/ptII/ptolemy/actor/lib/test/auto/VectorAssemblerDisassemblerCT.xml
----------------- Instantiating /home/travis/build/icyphy/ptII/ptolemy/actor/lib/test/auto/VectorAssemblerDisassemblerCT.xml
56 ms. Memory: 304128K Free: 198392K (65%)
----------------- Invoking toplevel() on ptolemy.moml.MoMLSimpleApplication@7037f25a
----------------- Done invoking toplevel() on ptolemy.moml.MoMLSimpleApplication@7037f25a
reloadAllAccessors: .VectorAssemblerDisassemblerCT

===========================================================================================
----------------- testing Tue Jun 16 14:45:38 UTC 2020 /home/travis/build/icyphy/ptII/ptolemy/actor/lib/test/auto/VectorAssemblerDisassemblerDE.xml
----------------- Instantiating /home/travis/build/icyphy/ptII/ptolemy/actor/lib/test/auto/VectorAssemblerDisassemblerDE.xml
2 ms. Memory: 304128K Free: 191224K (63%)
----------------- Invoking toplevel() on ptolemy.moml.MoMLSimpleApplication@4dc3587b
----------------- Done invoking toplevel() on ptolemy.moml.MoMLSimpleApplication@4dc3587b
reloadAllAccessors: .VectorAssemblerDisassemblerDE

===========================================================================================
----------------- testing Tue Jun 16 14:45:38 UTC 2020 /home/travis/build/icyphy/ptII/ptolemy/actor/lib/test/auto/VectorAssemblerDisassemblerSDF.xml
----------------- Instantiating /home/travis/build/icyphy/ptII/ptolemy/actor/lib/test/auto/VectorAssemblerDisassemblerSDF.xml
2 ms. Memory: 304128K Free: 184566K (61%)
----------------- Invoking toplevel() on ptolemy.moml.MoMLSimpleApplication@559ebac3
----------------- Done invoking toplevel() on ptolemy.moml.MoMLSimpleApplication@559ebac3
reloadAllAccessors: .VectorAssemblerDisassemblerSDF

===========================================================================================
----------------- testing Tue Jun 16 14:45:38 UTC 2020 /home/travis/build/icyphy/ptII/ptolemy/actor/lib/test/auto/WallClockTime.xml
----------------- Instantiating /home/travis/build/icyphy/ptII/ptolemy/actor/lib/test/auto/WallClockTime.xml
1004 ms. Memory: 304128K Free: 178936K (59%)
----------------- Invoking toplevel() on ptolemy.moml.MoMLSimpleApplication@7721e12a
----------------- Done invoking toplevel() on ptolemy.moml.MoMLSimpleApplication@7721e12a
reloadAllAccessors: .WallClockTime

===========================================================================================
----------------- testing Tue Jun 16 14:45:39 UTC 2020 /home/travis/build/icyphy/ptII/ptolemy/actor/lib/test/auto/WidthTestWithSubscriberPublisher.xml
----------------- Instantiating /home/travis/build/icyphy/ptII/ptolemy/actor/lib/test/auto/WidthTestWithSubscriberPublisher.xml
7 ms. Memory: 304128K Free: 161014K (53%)
----------------- Invoking toplevel() on ptolemy.moml.MoMLSimpleApplication@4307954f
----------------- Done invoking toplevel() on ptolemy.moml.MoMLSimpleApplication@4307954f
reloadAllAccessors: .WidthTestWithSubscriberPublisher

===========================================================================================
----------------- testing Tue Jun 16 14:45:40 UTC 2020 /home/travis/build/icyphy/ptII/ptolemy/actor/lib/test/auto/WidthTestWithSubscriberPublisher2.xml
----------------- Instantiating /home/travis/build/icyphy/ptII/ptolemy/actor/lib/test/auto/WidthTestWithSubscriberPublisher2.xml
2 ms. Memory: 304128K Free: 154360K (51%)
----------------- Invoking toplevel() on ptolemy.moml.MoMLSimpleApplication@41ddc7dd
----------------- Done invoking toplevel() on ptolemy.moml.MoMLSimpleApplication@41ddc7dd
reloadAllAccessors: .WidthTestWithSubscriberPublisher2

===========================================================================================
----------------- testing Tue Jun 16 14:45:40 UTC 2020 /home/travis/build/icyphy/ptII/ptolemy/actor/lib/test/auto/WidthTestWithSubscriberPublisher3.xml
----------------- Instantiating /home/travis/build/icyphy/ptII/ptolemy/actor/lib/test/auto/WidthTestWithSubscriberPublisher3.xml
1 ms. Memory: 304128K Free: 148216K (49%)
----------------- Invoking toplevel() on ptolemy.moml.MoMLSimpleApplication@483980f1
----------------- Done invoking toplevel() on ptolemy.moml.MoMLSimpleApplication@483980f1
reloadAllAccessors: .WidthTestWithSubscriberPublisher3

===========================================================================================
----------------- testing Tue Jun 16 14:45:40 UTC 2020 /home/travis/build/icyphy/ptII/ptolemy/actor/lib/test/auto/Writer.xml
----------------- Instantiating /home/travis/build/icyphy/ptII/ptolemy/actor/lib/test/auto/Writer.xml
0
1
2
3
4
3 ms. Memory: 304128K Free: 144120K (47%)
----------------- Invoking toplevel() on ptolemy.moml.MoMLSimpleApplication@1ae3ac8b
----------------- Done invoking toplevel() on ptolemy.moml.MoMLSimpleApplication@1ae3ac8b
reloadAllAccessors: .Writer

===========================================================================================
----------------- testing Tue Jun 16 14:45:40 UTC 2020 /home/travis/build/icyphy/ptII/ptolemy/actor/lib/test/auto/array.xml
----------------- Instantiating /home/travis/build/icyphy/ptII/ptolemy/actor/lib/test/auto/array.xml
2 ms. Memory: 304128K Free: 139510K (46%)
----------------- Invoking toplevel() on ptolemy.moml.MoMLSimpleApplication@e8b8d4d
----------------- Done invoking toplevel() on ptolemy.moml.MoMLSimpleApplication@e8b8d4d
reloadAllAccessors: .array

===========================================================================================
----------------- testing Tue Jun 16 14:45:40 UTC 2020 /home/travis/build/icyphy/ptII/ptolemy/actor/lib/test/auto/array2.xml
----------------- Instantiating /home/travis/build/icyphy/ptII/ptolemy/actor/lib/test/auto/array2.xml
6 ms. Memory: 304128K Free: 133880K (44%)
----------------- Invoking toplevel() on ptolemy.moml.MoMLSimpleApplication@4b8c68cc
----------------- Done invoking toplevel() on ptolemy.moml.MoMLSimpleApplication@4b8c68cc
reloadAllAccessors: .array2

===========================================================================================
----------------- testing Tue Jun 16 14:45:40 UTC 2020 /home/travis/build/icyphy/ptII/ptolemy/actor/lib/test/auto/arrayType.xml
----------------- Instantiating /home/travis/build/icyphy/ptII/ptolemy/actor/lib/test/auto/arrayType.xml
2 ms. Memory: 304128K Free: 128760K (42%)
----------------- Invoking toplevel() on ptolemy.moml.MoMLSimpleApplication@22d43945
----------------- Done invoking toplevel() on ptolemy.moml.MoMLSimpleApplication@22d43945
reloadAllAccessors: .arrayType

===========================================================================================
----------------- testing Tue Jun 16 14:45:40 UTC 2020 /home/travis/build/icyphy/ptII/ptolemy/actor/lib/test/auto/arrayType10.xml
----------------- Instantiating /home/travis/build/icyphy/ptII/ptolemy/actor/lib/test/auto/arrayType10.xml
1 ms. Memory: 304128K Free: 124150K (41%)
----------------- Invoking toplevel() on ptolemy.moml.MoMLSimpleApplication@2953d12b
----------------- Done invoking toplevel() on ptolemy.moml.MoMLSimpleApplication@2953d12b
reloadAllAccessors: .arrayType10

===========================================================================================
----------------- testing Tue Jun 16 14:45:40 UTC 2020 /home/travis/build/icyphy/ptII/ptolemy/actor/lib/test/auto/arrayType11.xml
----------------- Instantiating /home/travis/build/icyphy/ptII/ptolemy/actor/lib/test/auto/arrayType11.xml
1 ms. Memory: 304128K Free: 119030K (39%)
----------------- Invoking toplevel() on ptolemy.moml.MoMLSimpleApplication@4b60eb81
----------------- Done invoking toplevel() on ptolemy.moml.MoMLSimpleApplication@4b60eb81
reloadAllAccessors: .arrayType11

===========================================================================================
----------------- testing Tue Jun 16 14:45:40 UTC 2020 /home/travis/build/icyphy/ptII/ptolemy/actor/lib/test/auto/arrayType12.xml
----------------- Instantiating /home/travis/build/icyphy/ptII/ptolemy/actor/lib/test/auto/arrayType12.xml
1 ms. Memory: 304128K Free: 114424K (38%)
----------------- Invoking toplevel() on ptolemy.moml.MoMLSimpleApplication@641cb9e2
----------------- Done invoking toplevel() on ptolemy.moml.MoMLSimpleApplication@641cb9e2
reloadAllAccessors: .arrayType12

===========================================================================================
----------------- testing Tue Jun 16 14:45:40 UTC 2020 /home/travis/build/icyphy/ptII/ptolemy/actor/lib/test/auto/arrayType13.xml
----------------- Instantiating /home/travis/build/icyphy/ptII/ptolemy/actor/lib/test/auto/arrayType13.xml
1 ms. Memory: 304128K Free: 109304K (36%)
----------------- Invoking toplevel() on ptolemy.moml.MoMLSimpleApplication@2cb78829
----------------- Done invoking toplevel() on ptolemy.moml.MoMLSimpleApplication@2cb78829
reloadAllAccessors: .arrayType13

===========================================================================================
----------------- testing Tue Jun 16 14:45:40 UTC 2020 /home/travis/build/icyphy/ptII/ptolemy/actor/lib/test/auto/arrayType14.xml
----------------- Instantiating /home/travis/build/icyphy/ptII/ptolemy/actor/lib/test/auto/arrayType14.xml
2 ms. Memory: 304128K Free: 103670K (34%)
----------------- Invoking toplevel() on ptolemy.moml.MoMLSimpleApplication@5251f5f0
----------------- Done invoking toplevel() on ptolemy.moml.MoMLSimpleApplication@5251f5f0
reloadAllAccessors: .arrayType14

===========================================================================================
----------------- testing Tue Jun 16 14:45:40 UTC 2020 /home/travis/build/icyphy/ptII/ptolemy/actor/lib/test/auto/arrayType15.xml
----------------- Instantiating /home/travis/build/icyphy/ptII/ptolemy/actor/lib/test/auto/arrayType15.xml
2 ms. Memory: 304128K Free: 98550K (32%)
----------------- Invoking toplevel() on ptolemy.moml.MoMLSimpleApplication@d94bcb7
----------------- Done invoking toplevel() on ptolemy.moml.MoMLSimpleApplication@d94bcb7
reloadAllAccessors: .arrayType15

===========================================================================================
----------------- testing Tue Jun 16 14:45:40 UTC 2020 /home/travis/build/icyphy/ptII/ptolemy/actor/lib/test/auto/arrayType16.xml
----------------- Instantiating /home/travis/build/icyphy/ptII/ptolemy/actor/lib/test/auto/arrayType16.xml
2 ms. Memory: 304128K Free: 93430K (31%)
----------------- Invoking toplevel() on ptolemy.moml.MoMLSimpleApplication@3c556eba
----------------- Done invoking toplevel() on ptolemy.moml.MoMLSimpleApplication@3c556eba
reloadAllAccessors: .arrayType16

===========================================================================================
----------------- testing Tue Jun 16 14:45:40 UTC 2020 /home/travis/build/icyphy/ptII/ptolemy/actor/lib/test/auto/arrayType17.xml
----------------- Instantiating /home/travis/build/icyphy/ptII/ptolemy/actor/lib/test/auto/arrayType17.xml
2 ms. Memory: 304128K Free: 87800K (29%)
----------------- Invoking toplevel() on ptolemy.moml.MoMLSimpleApplication@503bc603
----------------- Done invoking toplevel() on ptolemy.moml.MoMLSimpleApplication@503bc603
reloadAllAccessors: .arrayType17

===========================================================================================
----------------- testing Tue Jun 16 14:45:40 UTC 2020 /home/travis/build/icyphy/ptII/ptolemy/actor/lib/test/auto/arrayType18.xml
----------------- Instantiating /home/travis/build/icyphy/ptII/ptolemy/actor/lib/test/auto/arrayType18.xml
1 ms. Memory: 304128K Free: 83190K (27%)
----------------- Invoking toplevel() on ptolemy.moml.MoMLSimpleApplication@5a1f4f0d
----------------- Done invoking toplevel() on ptolemy.moml.MoMLSimpleApplication@5a1f4f0d
reloadAllAccessors: .arrayType18

===========================================================================================
----------------- testing Tue Jun 16 14:45:40 UTC 2020 /home/travis/build/icyphy/ptII/ptolemy/actor/lib/test/auto/arrayType19.xml
----------------- Instantiating /home/travis/build/icyphy/ptII/ptolemy/actor/lib/test/auto/arrayType19.xml
1 ms. Memory: 304128K Free: 78070K (26%)
----------------- Invoking toplevel() on ptolemy.moml.MoMLSimpleApplication@2d130ced
----------------- Done invoking toplevel() on ptolemy.moml.MoMLSimpleApplication@2d130ced
reloadAllAccessors: .arrayType19

===========================================================================================
----------------- testing Tue Jun 16 14:45:40 UTC 2020 /home/travis/build/icyphy/ptII/ptolemy/actor/lib/test/auto/arrayType2.xml
----------------- Instantiating /home/travis/build/icyphy/ptII/ptolemy/actor/lib/test/auto/arrayType2.xml
12 ms. Memory: 304128K Free: 250640K (82%)
----------------- Invoking toplevel() on ptolemy.moml.MoMLSimpleApplication@45c4857
----------------- Done invoking toplevel() on ptolemy.moml.MoMLSimpleApplication@45c4857
reloadAllAccessors: .arrayType2

===========================================================================================
----------------- testing Tue Jun 16 14:45:40 UTC 2020 /home/travis/build/icyphy/ptII/ptolemy/actor/lib/test/auto/arrayType20.xml
----------------- Instantiating /home/travis/build/icyphy/ptII/ptolemy/actor/lib/test/auto/arrayType20.xml
2 ms. Memory: 304128K Free: 244759K (80%)
----------------- Invoking toplevel() on ptolemy.moml.MoMLSimpleApplication@61ddf487
----------------- Done invoking toplevel() on ptolemy.moml.MoMLSimpleApplication@61ddf487
reloadAllAccessors: .arrayType20

===========================================================================================
----------------- testing Tue Jun 16 14:45:40 UTC 2020 /home/travis/build/icyphy/ptII/ptolemy/actor/lib/test/auto/arrayType21.xml
----------------- Instantiating /home/travis/build/icyphy/ptII/ptolemy/actor/lib/test/auto/arrayType21.xml
1 ms. Memory: 304128K Free: 240149K (79%)
----------------- Invoking toplevel() on ptolemy.moml.MoMLSimpleApplication@88266da
----------------- Done invoking toplevel() on ptolemy.moml.MoMLSimpleApplication@88266da
reloadAllAccessors: .arrayType21

===========================================================================================
----------------- testing Tue Jun 16 14:45:40 UTC 2020 /home/travis/build/icyphy/ptII/ptolemy/actor/lib/test/auto/arrayType22.xml
----------------- Instantiating /home/travis/build/icyphy/ptII/ptolemy/actor/lib/test/auto/arrayType22.xml
1 ms. Memory: 304128K Free: 235029K (77%)
----------------- Invoking toplevel() on ptolemy.moml.MoMLSimpleApplication@5acec28d
----------------- Done invoking toplevel() on ptolemy.moml.MoMLSimpleApplication@5acec28d
reloadAllAccessors: .arrayType22

===========================================================================================
----------------- testing Tue Jun 16 14:45:40 UTC 2020 /home/travis/build/icyphy/ptII/ptolemy/actor/lib/test/auto/arrayType23.xml
----------------- Instantiating /home/travis/build/icyphy/ptII/ptolemy/actor/lib/test/auto/arrayType23.xml
2 ms. Memory: 304128K Free: 230423K (76%)
----------------- Invoking toplevel() on ptolemy.moml.MoMLSimpleApplication@47a041f
----------------- Done invoking toplevel() on ptolemy.moml.MoMLSimpleApplication@47a041f
reloadAllAccessors: .arrayType23

===========================================================================================
----------------- testing Tue Jun 16 14:45:40 UTC 2020 /home/travis/build/icyphy/ptII/ptolemy/actor/lib/test/auto/arrayType24.xml
----------------- Instantiating /home/travis/build/icyphy/ptII/ptolemy/actor/lib/test/auto/arrayType24.xml
2 ms. Memory: 304128K Free: 225813K (74%)
----------------- Invoking toplevel() on ptolemy.moml.MoMLSimpleApplication@53dbffbe
----------------- Done invoking toplevel() on ptolemy.moml.MoMLSimpleApplication@53dbffbe
reloadAllAccessors: .arrayType24

===========================================================================================
----------------- testing Tue Jun 16 14:45:40 UTC 2020 /home/travis/build/icyphy/ptII/ptolemy/actor/lib/test/auto/arrayType25.xml
----------------- Instantiating /home/travis/build/icyphy/ptII/ptolemy/actor/lib/test/auto/arrayType25.xml
1 ms. Memory: 304128K Free: 220183K (72%)
----------------- Invoking toplevel() on ptolemy.moml.MoMLSimpleApplication@6b84f36a
----------------- Done invoking toplevel() on ptolemy.moml.MoMLSimpleApplication@6b84f36a
reloadAllAccessors: .arrayType25

===========================================================================================
----------------- testing Tue Jun 16 14:45:40 UTC 2020 /home/travis/build/icyphy/ptII/ptolemy/actor/lib/test/auto/arrayType26.xml
----------------- Instantiating /home/travis/build/icyphy/ptII/ptolemy/actor/lib/test/auto/arrayType26.xml
1 ms. Memory: 304128K Free: 215063K (71%)
----------------- Invoking toplevel() on ptolemy.moml.MoMLSimpleApplication@64f011a3
----------------- Done invoking toplevel() on ptolemy.moml.MoMLSimpleApplication@64f011a3
reloadAllAccessors: .arrayType26

===========================================================================================
----------------- testing Tue Jun 16 14:45:40 UTC 2020 /home/travis/build/icyphy/ptII/ptolemy/actor/lib/test/auto/arrayType27.xml
----------------- Instantiating /home/travis/build/icyphy/ptII/ptolemy/actor/lib/test/auto/arrayType27.xml
2 ms. Memory: 304128K Free: 209943K (69%)
----------------- Invoking toplevel() on ptolemy.moml.MoMLSimpleApplication@15d12abd
----------------- Done invoking toplevel() on ptolemy.moml.MoMLSimpleApplication@15d12abd
reloadAllAccessors: .arrayType27

===========================================================================================
----------------- testing Tue Jun 16 14:45:40 UTC 2020 /home/travis/build/icyphy/ptII/ptolemy/actor/lib/test/auto/arrayType28.xml
----------------- Instantiating /home/travis/build/icyphy/ptII/ptolemy/actor/lib/test/auto/arrayType28.xml
7 ms. Memory: 304128K Free: 204309K (67%)
----------------- Invoking toplevel() on ptolemy.moml.MoMLSimpleApplication@1ecfe01b
----------------- Done invoking toplevel() on ptolemy.moml.MoMLSimpleApplication@1ecfe01b
reloadAllAccessors: .arrayType28

===========================================================================================
----------------- testing Tue Jun 16 14:45:40 UTC 2020 /home/travis/build/icyphy/ptII/ptolemy/actor/lib/test/auto/arrayType3.xml
----------------- Instantiating /home/travis/build/icyphy/ptII/ptolemy/actor/lib/test/auto/arrayType3.xml
2 ms. Memory: 304128K Free: 199189K (65%)
----------------- Invoking toplevel() on ptolemy.moml.MoMLSimpleApplication@405ccf4c
----------------- Done invoking toplevel() on ptolemy.moml.MoMLSimpleApplication@405ccf4c
reloadAllAccessors: .arrayType3

===========================================================================================
----------------- testing Tue Jun 16 14:45:40 UTC 2020 /home/travis/build/icyphy/ptII/ptolemy/actor/lib/test/auto/arrayType4.xml
----------------- Instantiating /home/travis/build/icyphy/ptII/ptolemy/actor/lib/test/auto/arrayType4.xml
1 ms. Memory: 304128K Free: 193559K (64%)
----------------- Invoking toplevel() on ptolemy.moml.MoMLSimpleApplication@49bf1728
----------------- Done invoking toplevel() on ptolemy.moml.MoMLSimpleApplication@49bf1728
reloadAllAccessors: .arrayType4

===========================================================================================
----------------- testing Tue Jun 16 14:45:40 UTC 2020 /home/travis/build/icyphy/ptII/ptolemy/actor/lib/test/auto/arrayType5.xml
----------------- Instantiating /home/travis/build/icyphy/ptII/ptolemy/actor/lib/test/auto/arrayType5.xml
2 ms. Memory: 304128K Free: 188439K (62%)
----------------- Invoking toplevel() on ptolemy.moml.MoMLSimpleApplication@2504cf5a
----------------- Done invoking toplevel() on ptolemy.moml.MoMLSimpleApplication@2504cf5a
reloadAllAccessors: .arrayType5

===========================================================================================
----------------- testing Tue Jun 16 14:45:40 UTC 2020 /home/travis/build/icyphy/ptII/ptolemy/actor/lib/test/auto/arrayType6.xml
----------------- Instantiating /home/travis/build/icyphy/ptII/ptolemy/actor/lib/test/auto/arrayType6.xml
1 ms. Memory: 304128K Free: 183829K (60%)
----------------- Invoking toplevel() on ptolemy.moml.MoMLSimpleApplication@7a407be2
----------------- Done invoking toplevel() on ptolemy.moml.MoMLSimpleApplication@7a407be2
reloadAllAccessors: .arrayType6

===========================================================================================
----------------- testing Tue Jun 16 14:45:40 UTC 2020 /home/travis/build/icyphy/ptII/ptolemy/actor/lib/test/auto/arrayType7.xml
----------------- Instantiating /home/travis/build/icyphy/ptII/ptolemy/actor/lib/test/auto/arrayType7.xml
1 ms. Memory: 304128K Free: 178709K (59%)
----------------- Invoking toplevel() on ptolemy.moml.MoMLSimpleApplication@53e5514
----------------- Done invoking toplevel() on ptolemy.moml.MoMLSimpleApplication@53e5514
reloadAllAccessors: .arrayType7

===========================================================================================
----------------- testing Tue Jun 16 14:45:40 UTC 2020 /home/travis/build/icyphy/ptII/ptolemy/actor/lib/test/auto/arrayType8.xml
----------------- Instantiating /home/travis/build/icyphy/ptII/ptolemy/actor/lib/test/auto/arrayType8.xml
2 ms. Memory: 304128K Free: 174103K (57%)
----------------- Invoking toplevel() on ptolemy.moml.MoMLSimpleApplication@76455295
----------------- Done invoking toplevel() on ptolemy.moml.MoMLSimpleApplication@76455295
reloadAllAccessors: .arrayType8

===========================================================================================
----------------- testing Tue Jun 16 14:45:40 UTC 2020 /home/travis/build/icyphy/ptII/ptolemy/actor/lib/test/auto/arrayType9.xml
----------------- Instantiating /home/travis/build/icyphy/ptII/ptolemy/actor/lib/test/auto/arrayType9.xml
1 ms. Memory: 304128K Free: 168983K (56%)
----------------- Invoking toplevel() on ptolemy.moml.MoMLSimpleApplication@56eaac0b
----------------- Done invoking toplevel() on ptolemy.moml.MoMLSimpleApplication@56eaac0b
reloadAllAccessors: .arrayType9

===========================================================================================
----------------- testing Tue Jun 16 14:45:40 UTC 2020 /home/travis/build/icyphy/ptII/ptolemy/actor/lib/test/auto/cast.xml
----------------- Instantiating /home/travis/build/icyphy/ptII/ptolemy/actor/lib/test/auto/cast.xml
7 ms. Memory: 304128K Free: 164373K (54%)
----------------- Invoking toplevel() on ptolemy.moml.MoMLSimpleApplication@40714c0b
----------------- Done invoking toplevel() on ptolemy.moml.MoMLSimpleApplication@40714c0b
reloadAllAccessors: .cast

===========================================================================================
----------------- testing Tue Jun 16 14:45:40 UTC 2020 /home/travis/build/icyphy/ptII/ptolemy/actor/lib/test/auto/compositeMultiPort.xml
----------------- Instantiating /home/travis/build/icyphy/ptII/ptolemy/actor/lib/test/auto/compositeMultiPort.xml
3 ms. Memory: 304128K Free: 155671K (51%)
----------------- Invoking toplevel() on ptolemy.moml.MoMLSimpleApplication@21a53ea1
----------------- Done invoking toplevel() on ptolemy.moml.MoMLSimpleApplication@21a53ea1
reloadAllAccessors: .compositeMultiPort

===========================================================================================
----------------- testing Tue Jun 16 14:45:40 UTC 2020 /home/travis/build/icyphy/ptII/ptolemy/actor/lib/test/auto/expressionCastInference.xml
----------------- Instantiating /home/travis/build/icyphy/ptII/ptolemy/actor/lib/test/auto/expressionCastInference.xml
2 ms. Memory: 304128K Free: 150551K (50%)
----------------- Invoking toplevel() on ptolemy.moml.MoMLSimpleApplication@7d408a2b
----------------- Done invoking toplevel() on ptolemy.moml.MoMLSimpleApplication@7d408a2b
reloadAllAccessors: .expressionCastInference

===========================================================================================
----------------- testing Tue Jun 16 14:45:40 UTC 2020 /home/travis/build/icyphy/ptII/ptolemy/actor/lib/test/auto/expressionCastInference2.xml
----------------- Instantiating /home/travis/build/icyphy/ptII/ptolemy/actor/lib/test/auto/expressionCastInference2.xml
2 ms. Memory: 304128K Free: 145941K (48%)
----------------- Invoking toplevel() on ptolemy.moml.MoMLSimpleApplication@5f238679
----------------- Done invoking toplevel() on ptolemy.moml.MoMLSimpleApplication@5f238679
reloadAllAccessors: .expressionCastInference2

===========================================================================================
----------------- testing Tue Jun 16 14:45:40 UTC 2020 /home/travis/build/icyphy/ptII/ptolemy/actor/lib/test/auto/expressionInference.xml
----------------- Instantiating /home/travis/build/icyphy/ptII/ptolemy/actor/lib/test/auto/expressionInference.xml
1 ms. Memory: 304128K Free: 141335K (46%)
----------------- Invoking toplevel() on ptolemy.moml.MoMLSimpleApplication@39bad949
----------------- Done invoking toplevel() on ptolemy.moml.MoMLSimpleApplication@39bad949
reloadAllAccessors: .expressionInference

===========================================================================================
----------------- testing Tue Jun 16 14:45:40 UTC 2020 /home/travis/build/icyphy/ptII/ptolemy/actor/lib/test/auto/expression_bug.xml
----------------- Instantiating /home/travis/build/icyphy/ptII/ptolemy/actor/lib/test/auto/expression_bug.xml
1 ms. Memory: 304128K Free: 137239K (45%)
----------------- Invoking toplevel() on ptolemy.moml.MoMLSimpleApplication@7b60806d
----------------- Done invoking toplevel() on ptolemy.moml.MoMLSimpleApplication@7b60806d
reloadAllAccessors: .expression_bug

===========================================================================================
----------------- testing Tue Jun 16 14:45:40 UTC 2020 /home/travis/build/icyphy/ptII/ptolemy/actor/lib/test/auto/factorial.xml
----------------- Instantiating /home/travis/build/icyphy/ptII/ptolemy/actor/lib/test/auto/factorial.xml
37 ms. Memory: 304128K Free: 129047K (42%)
----------------- Invoking toplevel() on ptolemy.moml.MoMLSimpleApplication@2afbe5da
----------------- Done invoking toplevel() on ptolemy.moml.MoMLSimpleApplication@2afbe5da
reloadAllAccessors: .factorial

===========================================================================================
----------------- testing Tue Jun 16 14:45:40 UTC 2020 /home/travis/build/icyphy/ptII/ptolemy/actor/lib/test/auto/filterTest1.xml
----------------- Instantiating /home/travis/build/icyphy/ptII/ptolemy/actor/lib/test/auto/filterTest1.xml
3 ms. Memory: 304128K Free: 122903K (40%)
----------------- Invoking toplevel() on ptolemy.moml.MoMLSimpleApplication@1289bded
----------------- Done invoking toplevel() on ptolemy.moml.MoMLSimpleApplication@1289bded
reloadAllAccessors: .filterTest1

===========================================================================================
----------------- testing Tue Jun 16 14:45:40 UTC 2020 /home/travis/build/icyphy/ptII/ptolemy/actor/lib/test/auto/funcApplyInConst.xml
----------------- Instantiating /home/travis/build/icyphy/ptII/ptolemy/actor/lib/test/auto/funcApplyInConst.xml
1 ms. Memory: 304128K Free: 119317K (39%)
----------------- Invoking toplevel() on ptolemy.moml.MoMLSimpleApplication@63384783
----------------- Done invoking toplevel() on ptolemy.moml.MoMLSimpleApplication@63384783
reloadAllAccessors: .funcApplyInConst

===========================================================================================
----------------- testing Tue Jun 16 14:45:40 UTC 2020 /home/travis/build/icyphy/ptII/ptolemy/actor/lib/test/auto/funcApplyInExpr.xml
----------------- Instantiating /home/travis/build/icyphy/ptII/ptolemy/actor/lib/test/auto/funcApplyInExpr.xml
1 ms. Memory: 304128K Free: 115221K (38%)
----------------- Invoking toplevel() on ptolemy.moml.MoMLSimpleApplication@556814e2
----------------- Done invoking toplevel() on ptolemy.moml.MoMLSimpleApplication@556814e2
reloadAllAccessors: .funcApplyInExpr

===========================================================================================
----------------- testing Tue Jun 16 14:45:40 UTC 2020 /home/travis/build/icyphy/ptII/ptolemy/actor/lib/test/auto/function.xml
----------------- Instantiating /home/travis/build/icyphy/ptII/ptolemy/actor/lib/test/auto/function.xml
3 ms. Memory: 304128K Free: 110615K (36%)
----------------- Invoking toplevel() on ptolemy.moml.MoMLSimpleApplication@2da99ee0
----------------- Done invoking toplevel() on ptolemy.moml.MoMLSimpleApplication@2da99ee0
reloadAllAccessors: .function

===========================================================================================
----------------- testing Tue Jun 16 14:45:40 UTC 2020 /home/travis/build/icyphy/ptII/ptolemy/actor/lib/test/auto/function2.xml
----------------- Instantiating /home/travis/build/icyphy/ptII/ptolemy/actor/lib/test/auto/function2.xml
3 ms. Memory: 304128K Free: 105495K (35%)
----------------- Invoking toplevel() on ptolemy.moml.MoMLSimpleApplication@9503ca0
----------------- Done invoking toplevel() on ptolemy.moml.MoMLSimpleApplication@9503ca0
reloadAllAccessors: .function2

===========================================================================================
----------------- testing Tue Jun 16 14:45:40 UTC 2020 /home/travis/build/icyphy/ptII/ptolemy/actor/lib/test/auto/function3.xml
----------------- Instantiating /home/travis/build/icyphy/ptII/ptolemy/actor/lib/test/auto/function3.xml
1 ms. Memory: 304128K Free: 101909K (34%)
----------------- Invoking toplevel() on ptolemy.moml.MoMLSimpleApplication@587ffa1b
----------------- Done invoking toplevel() on ptolemy.moml.MoMLSimpleApplication@587ffa1b
reloadAllAccessors: .function3

===========================================================================================
----------------- testing Tue Jun 16 14:45:40 UTC 2020 /home/travis/build/icyphy/ptII/ptolemy/actor/lib/test/auto/functionClosureTest1.xml
----------------- Instantiating /home/travis/build/icyphy/ptII/ptolemy/actor/lib/test/auto/functionClosureTest1.xml
1 ms. Memory: 304128K Free: 95765K (31%)
----------------- Invoking toplevel() on ptolemy.moml.MoMLSimpleApplication@5225a6ec
----------------- Done invoking toplevel() on ptolemy.moml.MoMLSimpleApplication@5225a6ec
reloadAllAccessors: .functionClosureTest1

===========================================================================================
----------------- testing Tue Jun 16 14:45:40 UTC 2020 /home/travis/build/icyphy/ptII/ptolemy/actor/lib/test/auto/functionClosureTest2.xml
----------------- Instantiating /home/travis/build/icyphy/ptII/ptolemy/actor/lib/test/auto/functionClosureTest2.xml
1 ms. Memory: 304128K Free: 92183K (30%)
----------------- Invoking toplevel() on ptolemy.moml.MoMLSimpleApplication@eafc440
----------------- Done invoking toplevel() on ptolemy.moml.MoMLSimpleApplication@eafc440
reloadAllAccessors: .functionClosureTest2

===========================================================================================
----------------- testing Tue Jun 16 14:45:40 UTC 2020 /home/travis/build/icyphy/ptII/ptolemy/actor/lib/test/auto/functionClosureTest3.xml
----------------- Instantiating /home/travis/build/icyphy/ptII/ptolemy/actor/lib/test/auto/functionClosureTest3.xml
2 ms. Memory: 304128K Free: 87063K (29%)
----------------- Invoking toplevel() on ptolemy.moml.MoMLSimpleApplication@45115ce7
----------------- Done invoking toplevel() on ptolemy.moml.MoMLSimpleApplication@45115ce7
reloadAllAccessors: .functionClosureTest3

===========================================================================================
----------------- testing Tue Jun 16 14:45:40 UTC 2020 /home/travis/build/icyphy/ptII/ptolemy/actor/lib/test/auto/functionClosureTest4.xml
----------------- Instantiating /home/travis/build/icyphy/ptII/ptolemy/actor/lib/test/auto/functionClosureTest4.xml
3 ms. Memory: 304128K Free: 80405K (26%)
----------------- Invoking toplevel() on ptolemy.moml.MoMLSimpleApplication@27f5e74d
----------------- Done invoking toplevel() on ptolemy.moml.MoMLSimpleApplication@27f5e74d
reloadAllAccessors: .functionClosureTest4

===========================================================================================
----------------- testing Tue Jun 16 14:45:40 UTC 2020 /home/travis/build/icyphy/ptII/ptolemy/actor/lib/test/auto/functionClosureTest5.xml
----------------- Instantiating /home/travis/build/icyphy/ptII/ptolemy/actor/lib/test/auto/functionClosureTest5.xml
2 ms. Memory: 304128K Free: 75279K (25%)
----------------- Invoking toplevel() on ptolemy.moml.MoMLSimpleApplication@31db68ea
----------------- Done invoking toplevel() on ptolemy.moml.MoMLSimpleApplication@31db68ea
reloadAllAccessors: .functionClosureTest5

===========================================================================================
----------------- testing Tue Jun 16 14:45:40 UTC 2020 /home/travis/build/icyphy/ptII/ptolemy/actor/lib/test/auto/functionClosureTest6.xml
----------------- Instantiating /home/travis/build/icyphy/ptII/ptolemy/actor/lib/test/auto/functionClosureTest6.xml
2 ms. Memory: 304128K Free: 248313K (82%)
----------------- Invoking toplevel() on ptolemy.moml.MoMLSimpleApplication@5eeb92cb
----------------- Done invoking toplevel() on ptolemy.moml.MoMLSimpleApplication@5eeb92cb
reloadAllAccessors: .functionClosureTest6

===========================================================================================
----------------- testing Tue Jun 16 14:45:40 UTC 2020 /home/travis/build/icyphy/ptII/ptolemy/actor/lib/test/auto/functionsOnArcs.xml
----------------- Instantiating /home/travis/build/icyphy/ptII/ptolemy/actor/lib/test/auto/functionsOnArcs.xml
4 ms. Memory: 304128K Free: 242697K (80%)
----------------- Invoking toplevel() on ptolemy.moml.MoMLSimpleApplication@2ecdba98
----------------- Done invoking toplevel() on ptolemy.moml.MoMLSimpleApplication@2ecdba98
reloadAllAccessors: .functionsOnArcs

===========================================================================================
----------------- testing Tue Jun 16 14:45:40 UTC 2020 /home/travis/build/icyphy/ptII/ptolemy/actor/lib/test/auto/functionsOnArcsHOF.xml
----------------- Instantiating /home/travis/build/icyphy/ptII/ptolemy/actor/lib/test/auto/functionsOnArcsHOF.xml
3 ms. Memory: 304128K Free: 237063K (78%)
----------------- Invoking toplevel() on ptolemy.moml.MoMLSimpleApplication@31c38c9d
----------------- Done invoking toplevel() on ptolemy.moml.MoMLSimpleApplication@31c38c9d
reloadAllAccessors: .functionsOnArcsHOF

===========================================================================================
----------------- testing Tue Jun 16 14:45:40 UTC 2020 /home/travis/build/icyphy/ptII/ptolemy/actor/lib/test/auto/logic.xml
----------------- Instantiating /home/travis/build/icyphy/ptII/ptolemy/actor/lib/test/auto/logic.xml
2 ms. Memory: 304128K Free: 229385K (75%)
----------------- Invoking toplevel() on ptolemy.moml.MoMLSimpleApplication@4b749b57
----------------- Done invoking toplevel() on ptolemy.moml.MoMLSimpleApplication@4b749b57
reloadAllAccessors: .logic

===========================================================================================
----------------- testing Tue Jun 16 14:45:40 UTC 2020 /home/travis/build/icyphy/ptII/ptolemy/actor/lib/test/auto/matrixType.xml
----------------- Instantiating /home/travis/build/icyphy/ptII/ptolemy/actor/lib/test/auto/matrixType.xml
1 ms. Memory: 304128K Free: 224775K (74%)
----------------- Invoking toplevel() on ptolemy.moml.MoMLSimpleApplication@5bfb59ce
----------------- Done invoking toplevel() on ptolemy.moml.MoMLSimpleApplication@5bfb59ce
reloadAllAccessors: .matrixType

===========================================================================================
----------------- testing Tue Jun 16 14:45:40 UTC 2020 /home/travis/build/icyphy/ptII/ptolemy/actor/lib/test/auto/matrixType10.xml
----------------- Instantiating /home/travis/build/icyphy/ptII/ptolemy/actor/lib/test/auto/matrixType10.xml
1 ms. Memory: 304128K Free: 219655K (72%)
----------------- Invoking toplevel() on ptolemy.moml.MoMLSimpleApplication@34bb3208
----------------- Done invoking toplevel() on ptolemy.moml.MoMLSimpleApplication@34bb3208
reloadAllAccessors: .matrixType10

===========================================================================================
----------------- testing Tue Jun 16 14:45:40 UTC 2020 /home/travis/build/icyphy/ptII/ptolemy/actor/lib/test/auto/matrixType11.xml
----------------- Instantiating /home/travis/build/icyphy/ptII/ptolemy/actor/lib/test/auto/matrixType11.xml
1 ms. Memory: 304128K Free: 215049K (71%)
----------------- Invoking toplevel() on ptolemy.moml.MoMLSimpleApplication@7d7e6403
----------------- Done invoking toplevel() on ptolemy.moml.MoMLSimpleApplication@7d7e6403
reloadAllAccessors: .matrixType11

===========================================================================================
----------------- testing Tue Jun 16 14:45:40 UTC 2020 /home/travis/build/icyphy/ptII/ptolemy/actor/lib/test/auto/matrixType12.xml
----------------- Instantiating /home/travis/build/icyphy/ptII/ptolemy/actor/lib/test/auto/matrixType12.xml
1 ms. Memory: 304128K Free: 209929K (69%)
----------------- Invoking toplevel() on ptolemy.moml.MoMLSimpleApplication@662924b8
----------------- Done invoking toplevel() on ptolemy.moml.MoMLSimpleApplication@662924b8
reloadAllAccessors: .matrixType12

===========================================================================================
----------------- testing Tue Jun 16 14:45:40 UTC 2020 /home/travis/build/icyphy/ptII/ptolemy/actor/lib/test/auto/matrixType13.xml
----------------- Instantiating /home/travis/build/icyphy/ptII/ptolemy/actor/lib/test/auto/matrixType13.xml
1 ms. Memory: 304128K Free: 205319K (68%)
----------------- Invoking toplevel() on ptolemy.moml.MoMLSimpleApplication@5181ebf2
----------------- Done invoking toplevel() on ptolemy.moml.MoMLSimpleApplication@5181ebf2
reloadAllAccessors: .matrixType13

===========================================================================================
----------------- testing Tue Jun 16 14:45:40 UTC 2020 /home/travis/build/icyphy/ptII/ptolemy/actor/lib/test/auto/matrixType14.xml
----------------- Instantiating /home/travis/build/icyphy/ptII/ptolemy/actor/lib/test/auto/matrixType14.xml
1 ms. Memory: 304128K Free: 200199K (66%)
----------------- Invoking toplevel() on ptolemy.moml.MoMLSimpleApplication@3f2b8cdf
----------------- Done invoking toplevel() on ptolemy.moml.MoMLSimpleApplication@3f2b8cdf
reloadAllAccessors: .matrixType14

===========================================================================================
----------------- testing Tue Jun 16 14:45:40 UTC 2020 /home/travis/build/icyphy/ptII/ptolemy/actor/lib/test/auto/matrixType2.xml
----------------- Instantiating /home/travis/build/icyphy/ptII/ptolemy/actor/lib/test/auto/matrixType2.xml
2 ms. Memory: 304128K Free: 195079K (64%)
----------------- Invoking toplevel() on ptolemy.moml.MoMLSimpleApplication@16c8472
----------------- Done invoking toplevel() on ptolemy.moml.MoMLSimpleApplication@16c8472
reloadAllAccessors: .matrixType2

===========================================================================================
----------------- testing Tue Jun 16 14:45:40 UTC 2020 /home/travis/build/icyphy/ptII/ptolemy/actor/lib/test/auto/matrixType3.xml
----------------- Instantiating /home/travis/build/icyphy/ptII/ptolemy/actor/lib/test/auto/matrixType3.xml
3 ms. Memory: 304128K Free: 189959K (62%)
----------------- Invoking toplevel() on ptolemy.moml.MoMLSimpleApplication@1e6d4455
----------------- Done invoking toplevel() on ptolemy.moml.MoMLSimpleApplication@1e6d4455
reloadAllAccessors: .matrixType3

===========================================================================================
----------------- testing Tue Jun 16 14:45:40 UTC 2020 /home/travis/build/icyphy/ptII/ptolemy/actor/lib/test/auto/matrixType4.xml
----------------- Instantiating /home/travis/build/icyphy/ptII/ptolemy/actor/lib/test/auto/matrixType4.xml
1 ms. Memory: 304128K Free: 185353K (61%)
----------------- Invoking toplevel() on ptolemy.moml.MoMLSimpleApplication@1c2c20aa
----------------- Done invoking toplevel() on ptolemy.moml.MoMLSimpleApplication@1c2c20aa
reloadAllAccessors: .matrixType4

===========================================================================================
----------------- testing Tue Jun 16 14:45:41 UTC 2020 /home/travis/build/icyphy/ptII/ptolemy/actor/lib/test/auto/matrixType5.xml
----------------- Instantiating /home/travis/build/icyphy/ptII/ptolemy/actor/lib/test/auto/matrixType5.xml
1 ms. Memory: 304128K Free: 180233K (59%)
----------------- Invoking toplevel() on ptolemy.moml.MoMLSimpleApplication@38d9c5c7
----------------- Done invoking toplevel() on ptolemy.moml.MoMLSimpleApplication@38d9c5c7
reloadAllAccessors: .matrixType5

===========================================================================================
----------------- testing Tue Jun 16 14:45:41 UTC 2020 /home/travis/build/icyphy/ptII/ptolemy/actor/lib/test/auto/matrixType6.xml
----------------- Instantiating /home/travis/build/icyphy/ptII/ptolemy/actor/lib/test/auto/matrixType6.xml
1 ms. Memory: 304128K Free: 175623K (58%)
----------------- Invoking toplevel() on ptolemy.moml.MoMLSimpleApplication@2580a1d7
----------------- Done invoking toplevel() on ptolemy.moml.MoMLSimpleApplication@2580a1d7
reloadAllAccessors: .matrixType6

===========================================================================================
----------------- testing Tue Jun 16 14:45:41 UTC 2020 /home/travis/build/icyphy/ptII/ptolemy/actor/lib/test/auto/matrixType7.xml
----------------- Instantiating /home/travis/build/icyphy/ptII/ptolemy/actor/lib/test/auto/matrixType7.xml
1 ms. Memory: 304128K Free: 170503K (56%)
----------------- Invoking toplevel() on ptolemy.moml.MoMLSimpleApplication@6f87adeb
----------------- Done invoking toplevel() on ptolemy.moml.MoMLSimpleApplication@6f87adeb
reloadAllAccessors: .matrixType7

===========================================================================================
----------------- testing Tue Jun 16 14:45:41 UTC 2020 /home/travis/build/icyphy/ptII/ptolemy/actor/lib/test/auto/matrixType8.xml
----------------- Instantiating /home/travis/build/icyphy/ptII/ptolemy/actor/lib/test/auto/matrixType8.xml
1 ms. Memory: 304128K Free: 165897K (55%)
----------------- Invoking toplevel() on ptolemy.moml.MoMLSimpleApplication@4d12ac7c
----------------- Done invoking toplevel() on ptolemy.moml.MoMLSimpleApplication@4d12ac7c
reloadAllAccessors: .matrixType8

===========================================================================================
----------------- testing Tue Jun 16 14:45:41 UTC 2020 /home/travis/build/icyphy/ptII/ptolemy/actor/lib/test/auto/matrixType9.xml
----------------- Instantiating /home/travis/build/icyphy/ptII/ptolemy/actor/lib/test/auto/matrixType9.xml
1 ms. Memory: 304128K Free: 160777K (53%)
----------------- Invoking toplevel() on ptolemy.moml.MoMLSimpleApplication@37ed88bb
----------------- Done invoking toplevel() on ptolemy.moml.MoMLSimpleApplication@37ed88bb
reloadAllAccessors: .matrixType9

===========================================================================================
----------------- testing Tue Jun 16 14:45:41 UTC 2020 /home/travis/build/icyphy/ptII/ptolemy/actor/lib/test/auto/paraFunctest.xml
----------------- Instantiating /home/travis/build/icyphy/ptII/ptolemy/actor/lib/test/auto/paraFunctest.xml
1 ms. Memory: 304128K Free: 157191K (52%)
----------------- Invoking toplevel() on ptolemy.moml.MoMLSimpleApplication@26da3520
----------------- Done invoking toplevel() on ptolemy.moml.MoMLSimpleApplication@26da3520
reloadAllAccessors: .paraFunctest

===========================================================================================
----------------- testing Tue Jun 16 14:45:41 UTC 2020 /home/travis/build/icyphy/ptII/ptolemy/actor/lib/test/auto/paraFunctest2.xml
----------------- Instantiating /home/travis/build/icyphy/ptII/ptolemy/actor/lib/test/auto/paraFunctest2.xml
1 ms. Memory: 304128K Free: 153095K (50%)
----------------- Invoking toplevel() on ptolemy.moml.MoMLSimpleApplication@1a56d5d9
----------------- Done invoking toplevel() on ptolemy.moml.MoMLSimpleApplication@1a56d5d9
reloadAllAccessors: .paraFunctest2

===========================================================================================
----------------- testing Tue Jun 16 14:45:41 UTC 2020 /home/travis/build/icyphy/ptII/ptolemy/actor/lib/test/auto/parameterPassing.xml
----------------- Instantiating /home/travis/build/icyphy/ptII/ptolemy/actor/lib/test/auto/parameterPassing.xml
1 ms. Memory: 304128K Free: 148999K (49%)
----------------- Invoking toplevel() on ptolemy.moml.MoMLSimpleApplication@7458db8d
----------------- Done invoking toplevel() on ptolemy.moml.MoMLSimpleApplication@7458db8d
reloadAllAccessors: .parameterPassing

===========================================================================================
----------------- testing Tue Jun 16 14:45:41 UTC 2020 /home/travis/build/icyphy/ptII/ptolemy/actor/lib/test/auto/record.xml
----------------- Instantiating /home/travis/build/icyphy/ptII/ptolemy/actor/lib/test/auto/record.xml
3 ms. Memory: 304128K Free: 143879K (47%)
----------------- Invoking toplevel() on ptolemy.moml.MoMLSimpleApplication@5c1d12c1
----------------- Done invoking toplevel() on ptolemy.moml.MoMLSimpleApplication@5c1d12c1
reloadAllAccessors: .record

===========================================================================================
----------------- testing Tue Jun 16 14:45:41 UTC 2020 /home/travis/build/icyphy/ptII/ptolemy/actor/lib/test/auto/sizedarray1.xml
----------------- Instantiating /home/travis/build/icyphy/ptII/ptolemy/actor/lib/test/auto/sizedarray1.xml
2 ms. Memory: 304128K Free: 138759K (46%)
----------------- Invoking toplevel() on ptolemy.moml.MoMLSimpleApplication@4960df29
----------------- Done invoking toplevel() on ptolemy.moml.MoMLSimpleApplication@4960df29
reloadAllAccessors: .sizedarray1

===========================================================================================
----------------- testing Tue Jun 16 14:45:41 UTC 2020 /home/travis/build/icyphy/ptII/ptolemy/actor/lib/test/auto/sizedarray2.xml
----------------- Instantiating /home/travis/build/icyphy/ptII/ptolemy/actor/lib/test/auto/sizedarray2.xml
3 ms. Memory: 304128K Free: 133129K (44%)
----------------- Invoking toplevel() on ptolemy.moml.MoMLSimpleApplication@5f63932a
----------------- Done invoking toplevel() on ptolemy.moml.MoMLSimpleApplication@5f63932a
reloadAllAccessors: .sizedarray2

===========================================================================================
----------------- testing Tue Jun 16 14:45:41 UTC 2020 /home/travis/build/icyphy/ptII/ptolemy/actor/lib/test/auto/twoPublishers.xml
----------------- Instantiating /home/travis/build/icyphy/ptII/ptolemy/actor/lib/test/auto/twoPublishers.xml
5 ms. Memory: 304128K Free: 122375K (40%)
----------------- Invoking toplevel() on ptolemy.moml.MoMLSimpleApplication@3a2a5da0
----------------- Done invoking toplevel() on ptolemy.moml.MoMLSimpleApplication@3a2a5da0
reloadAllAccessors: .twoPublishers
AutoTests.java: About to close Vertx.
AutoTests.java: Vertx closed.
]]></system-out>
  <system-err><![CDATA[java.lang.RuntimeException: Execution failed
	at ptolemy.moml.MoMLSimpleApplication$UnloadThread.run(MoMLSimpleApplication.java:402)
Caused by: java.lang.RuntimeException: StringUtilities.exit() was called. Normally, we would exit here because Manager.exitAfterWrapup() was called.  However, because the ptolemy.ptII.exitAfterWrapup property is set, we throw this exception instead.
	at ptolemy.util.StringUtilities.exit(StringUtilities.java:365)
	at ptolemy.actor.Manager.wrapup(Manager.java:1549)
	at ptolemy.actor.Manager.execute(Manager.java:407)
	at ptolemy.actor.Manager.run(Manager.java:1263)
	at ptolemy.actor.Manager$PtolemyRunThread.run(Manager.java:1933)
Warning: '.top.test' is in training mode, set the trainingMode parameter to false before checking in
Warning: '.top.test' is in training mode, set the trainingMode parameter to false before checking in
Warning: '.top.test' is in training mode, set the trainingMode parameter to false before checking in
Warning: '.BooleanSwitch_RegressionTest_WrongTrainingValues.Test' is in training mode, set the trainingMode parameter to false before checking in
Warning: '.BooleanSwitch_RegressionTest_WrongTrainingValues.Test2' is in training mode, set the trainingMode parameter to false before checking in
Warning: '.BooleanSwitch_RegressionTest_WrongTrainingValues.Test2' The test produced 0 tokens.
Warning: '.top.testExceptionHandler' is in training mode, set the trainingMode parameter to false before checking in
java.lang.RuntimeException: Execution failed
	at ptolemy.moml.MoMLSimpleApplication$UnloadThread.run(MoMLSimpleApplication.java:402)
Caused by: ptolemy.kernel.util.IllegalActionException: PublisherPorts cannot be used at the top level, use a Publisher actor instead.
  in .PublisherPortToplevelSubscriber.PublisherPort
	at ptolemy.actor.PublisherPort.preinitialize(PublisherPort.java:403)
	at ptolemy.actor.CompositeActor.preinitialize(CompositeActor.java:1769)
	at ptolemy.actor.Manager.preinitializeAndResolveTypes(Manager.java:1040)
	at ptolemy.actor.Manager.initialize(Manager.java:710)
	at ptolemy.actor.Manager.execute(Manager.java:356)
	at ptolemy.actor.Manager.run(Manager.java:1263)
	at ptolemy.actor.Manager$PtolemyRunThread.run(Manager.java:1933)
java.lang.reflect.InvocationTargetException
	at java.base/jdk.internal.reflect.NativeConstructorAccessorImpl.newInstance0(Native Method)
	at java.base/jdk.internal.reflect.NativeConstructorAccessorImpl.newInstance(NativeConstructorAccessorImpl.java:62)
	at java.base/jdk.internal.reflect.DelegatingConstructorAccessorImpl.newInstance(DelegatingConstructorAccessorImpl.java:45)
	at java.base/java.lang.reflect.Constructor.newInstance(Constructor.java:490)
	at ptolemy.util.test.junit.AutoKnownFailedTests.RunModel(AutoKnownFailedTests.java:105)
	at java.base/jdk.internal.reflect.NativeMethodAccessorImpl.invoke0(Native Method)
	at java.base/jdk.internal.reflect.NativeMethodAccessorImpl.invoke(NativeMethodAccessorImpl.java:62)
	at java.base/jdk.internal.reflect.DelegatingMethodAccessorImpl.invoke(DelegatingMethodAccessorImpl.java:43)
	at java.base/java.lang.reflect.Method.invoke(Method.java:566)
	at org.junit.runners.model.FrameworkMethod$1.runReflectiveCall(FrameworkMethod.java:44)
	at org.junit.internal.runners.model.ReflectiveCallable.run(ReflectiveCallable.java:15)
	at org.junit.runners.model.FrameworkMethod.invokeExplosively(FrameworkMethod.java:41)
	at junitparams.internal.InvokeParameterisedMethod.evaluate(InvokeParameterisedMethod.java:102)
	at org.junit.internal.runners.statements.FailOnTimeout$1.run(FailOnTimeout.java:28)
Caused by: ptolemy.kernel.util.IllegalActionException: PublisherPorts cannot be used at the top level, use a Publisher actor instead.
  in .PublisherPortToplevelSubscriber.PublisherPort
	at ptolemy.actor.PublisherPort.preinitialize(PublisherPort.java:403)
	at ptolemy.actor.CompositeActor.preinitialize(CompositeActor.java:1769)
	at ptolemy.actor.Manager.preinitializeAndResolveTypes(Manager.java:1040)
	at ptolemy.actor.Manager.initialize(Manager.java:710)
	at ptolemy.actor.Manager.execute(Manager.java:356)
	at ptolemy.actor.Manager.run(Manager.java:1263)
	at ptolemy.actor.Manager$PtolemyRunThread.run(Manager.java:1933)
java.lang.RuntimeException: Execution failed
	at ptolemy.moml.MoMLSimpleApplication$UnloadThread.run(MoMLSimpleApplication.java:402)
Caused by: ptolemy.kernel.util.IllegalActionException: SubscriberPorts cannot be used at the top level, use a Subscriber actor instead.
  in .PublisherSubscriberPortToplevel.SubscriberPort
	at ptolemy.actor.SubscriberPort.preinitialize(SubscriberPort.java:328)
	at ptolemy.actor.CompositeActor.preinitialize(CompositeActor.java:1769)
	at ptolemy.actor.Manager.preinitializeAndResolveTypes(Manager.java:1040)
	at ptolemy.actor.Manager.initialize(Manager.java:710)
	at ptolemy.actor.Manager.execute(Manager.java:356)
	at ptolemy.actor.Manager.run(Manager.java:1263)
	at ptolemy.actor.Manager$PtolemyRunThread.run(Manager.java:1933)
java.lang.reflect.InvocationTargetException
	at java.base/jdk.internal.reflect.NativeConstructorAccessorImpl.newInstance0(Native Method)
	at java.base/jdk.internal.reflect.NativeConstructorAccessorImpl.newInstance(NativeConstructorAccessorImpl.java:62)
	at java.base/jdk.internal.reflect.DelegatingConstructorAccessorImpl.newInstance(DelegatingConstructorAccessorImpl.java:45)
	at java.base/java.lang.reflect.Constructor.newInstance(Constructor.java:490)
	at ptolemy.util.test.junit.AutoKnownFailedTests.RunModel(AutoKnownFailedTests.java:105)
	at java.base/jdk.internal.reflect.NativeMethodAccessorImpl.invoke0(Native Method)
	at java.base/jdk.internal.reflect.NativeMethodAccessorImpl.invoke(NativeMethodAccessorImpl.java:62)
	at java.base/jdk.internal.reflect.DelegatingMethodAccessorImpl.invoke(DelegatingMethodAccessorImpl.java:43)
	at java.base/java.lang.reflect.Method.invoke(Method.java:566)
	at org.junit.runners.model.FrameworkMethod$1.runReflectiveCall(FrameworkMethod.java:44)
	at org.junit.internal.runners.model.ReflectiveCallable.run(ReflectiveCallable.java:15)
	at org.junit.runners.model.FrameworkMethod.invokeExplosively(FrameworkMethod.java:41)
	at junitparams.internal.InvokeParameterisedMethod.evaluate(InvokeParameterisedMethod.java:102)
	at org.junit.internal.runners.statements.FailOnTimeout$1.run(FailOnTimeout.java:28)
Caused by: ptolemy.kernel.util.IllegalActionException: SubscriberPorts cannot be used at the top level, use a Subscriber actor instead.
  in .PublisherSubscriberPortToplevel.SubscriberPort
	at ptolemy.actor.SubscriberPort.preinitialize(SubscriberPort.java:328)
	at ptolemy.actor.CompositeActor.preinitialize(CompositeActor.java:1769)
	at ptolemy.actor.Manager.preinitializeAndResolveTypes(Manager.java:1040)
	at ptolemy.actor.Manager.initialize(Manager.java:710)
	at ptolemy.actor.Manager.execute(Manager.java:356)
	at ptolemy.actor.Manager.run(Manager.java:1263)
	at ptolemy.actor.Manager$PtolemyRunThread.run(Manager.java:1933)
java.lang.RuntimeException: Execution failed
	at ptolemy.moml.MoMLSimpleApplication$UnloadThread.run(MoMLSimpleApplication.java:402)
Caused by: ptolemy.kernel.util.IllegalActionException: SubscriptionAggregatorPorts cannot be used at the top level, use a SubscriptionAggregator actor instead.
  in .PublisherSubscriptionAggregatorPort.SubscriptionAggregatorPort
	at ptolemy.actor.SubscriptionAggregatorPort.preinitialize(SubscriptionAggregatorPort.java:353)
	at ptolemy.actor.CompositeActor.preinitialize(CompositeActor.java:1769)
	at ptolemy.actor.Manager.preinitializeAndResolveTypes(Manager.java:1040)
	at ptolemy.actor.Manager.initialize(Manager.java:710)
	at ptolemy.actor.Manager.execute(Manager.java:356)
	at ptolemy.actor.Manager.run(Manager.java:1263)
	at ptolemy.actor.Manager$PtolemyRunThread.run(Manager.java:1933)
java.lang.reflect.InvocationTargetException
	at java.base/jdk.internal.reflect.NativeConstructorAccessorImpl.newInstance0(Native Method)
	at java.base/jdk.internal.reflect.NativeConstructorAccessorImpl.newInstance(NativeConstructorAccessorImpl.java:62)
	at java.base/jdk.internal.reflect.DelegatingConstructorAccessorImpl.newInstance(DelegatingConstructorAccessorImpl.java:45)
	at java.base/java.lang.reflect.Constructor.newInstance(Constructor.java:490)
	at ptolemy.util.test.junit.AutoKnownFailedTests.RunModel(AutoKnownFailedTests.java:105)
	at java.base/jdk.internal.reflect.NativeMethodAccessorImpl.invoke0(Native Method)
	at java.base/jdk.internal.reflect.NativeMethodAccessorImpl.invoke(NativeMethodAccessorImpl.java:62)
	at java.base/jdk.internal.reflect.DelegatingMethodAccessorImpl.invoke(DelegatingMethodAccessorImpl.java:43)
	at java.base/java.lang.reflect.Method.invoke(Method.java:566)
	at org.junit.runners.model.FrameworkMethod$1.runReflectiveCall(FrameworkMethod.java:44)
	at org.junit.internal.runners.model.ReflectiveCallable.run(ReflectiveCallable.java:15)
	at org.junit.runners.model.FrameworkMethod.invokeExplosively(FrameworkMethod.java:41)
	at junitparams.internal.InvokeParameterisedMethod.evaluate(InvokeParameterisedMethod.java:102)
	at org.junit.internal.runners.statements.FailOnTimeout$1.run(FailOnTimeout.java:28)
Caused by: ptolemy.kernel.util.IllegalActionException: SubscriptionAggregatorPorts cannot be used at the top level, use a SubscriptionAggregator actor instead.
  in .PublisherSubscriptionAggregatorPort.SubscriptionAggregatorPort
	at ptolemy.actor.SubscriptionAggregatorPort.preinitialize(SubscriptionAggregatorPort.java:353)
	at ptolemy.actor.CompositeActor.preinitialize(CompositeActor.java:1769)
	at ptolemy.actor.Manager.preinitializeAndResolveTypes(Manager.java:1040)
	at ptolemy.actor.Manager.initialize(Manager.java:710)
	at ptolemy.actor.Manager.execute(Manager.java:356)
	at ptolemy.actor.Manager.run(Manager.java:1263)
	at ptolemy.actor.Manager$PtolemyRunThread.run(Manager.java:1933)
java.lang.RuntimeException: Execution failed
	at ptolemy.moml.MoMLSimpleApplication$UnloadThread.run(MoMLSimpleApplication.java:402)
Caused by: ptolemy.kernel.util.IllegalActionException: TypeTest actor has no training data.
  in .sizedarray3.TypeTest
	at ptolemy.actor.lib.TypeTest.initialize(TypeTest.java:250)
	at ptolemy.actor.Director.initialize(Director.java:938)
	at ptolemy.actor.Director.initialize(Director.java:907)
	at ptolemy.actor.sched.StaticSchedulingDirector.initialize(StaticSchedulingDirector.java:159)
	at ptolemy.domains.sdf.kernel.SDFDirector.initialize(SDFDirector.java:544)
	at ptolemy.actor.CompositeActor.initialize(CompositeActor.java:935)
	at ptolemy.actor.Manager.initialize(Manager.java:724)
	at ptolemy.actor.Manager.execute(Manager.java:356)
	at ptolemy.actor.Manager.run(Manager.java:1263)
	at ptolemy.actor.Manager$PtolemyRunThread.run(Manager.java:1933)
java.lang.reflect.InvocationTargetException
	at java.base/jdk.internal.reflect.NativeConstructorAccessorImpl.newInstance0(Native Method)
	at java.base/jdk.internal.reflect.NativeConstructorAccessorImpl.newInstance(NativeConstructorAccessorImpl.java:62)
	at java.base/jdk.internal.reflect.DelegatingConstructorAccessorImpl.newInstance(DelegatingConstructorAccessorImpl.java:45)
	at java.base/java.lang.reflect.Constructor.newInstance(Constructor.java:490)
	at ptolemy.util.test.junit.AutoKnownFailedTests.RunModel(AutoKnownFailedTests.java:105)
	at java.base/jdk.internal.reflect.NativeMethodAccessorImpl.invoke0(Native Method)
	at java.base/jdk.internal.reflect.NativeMethodAccessorImpl.invoke(NativeMethodAccessorImpl.java:62)
	at java.base/jdk.internal.reflect.DelegatingMethodAccessorImpl.invoke(DelegatingMethodAccessorImpl.java:43)
	at java.base/java.lang.reflect.Method.invoke(Method.java:566)
	at org.junit.runners.model.FrameworkMethod$1.runReflectiveCall(FrameworkMethod.java:44)
	at org.junit.internal.runners.model.ReflectiveCallable.run(ReflectiveCallable.java:15)
	at org.junit.runners.model.FrameworkMethod.invokeExplosively(FrameworkMethod.java:41)
	at junitparams.internal.InvokeParameterisedMethod.evaluate(InvokeParameterisedMethod.java:102)
	at org.junit.internal.runners.statements.FailOnTimeout$1.run(FailOnTimeout.java:28)
Caused by: ptolemy.kernel.util.IllegalActionException: TypeTest actor has no training data.
  in .sizedarray3.TypeTest
	at ptolemy.actor.lib.TypeTest.initialize(TypeTest.java:250)
	at ptolemy.actor.Director.initialize(Director.java:938)
	at ptolemy.actor.Director.initialize(Director.java:907)
	at ptolemy.actor.sched.StaticSchedulingDirector.initialize(StaticSchedulingDirector.java:159)
	at ptolemy.domains.sdf.kernel.SDFDirector.initialize(SDFDirector.java:544)
	at ptolemy.actor.CompositeActor.initialize(CompositeActor.java:935)
	at ptolemy.actor.Manager.initialize(Manager.java:724)
	at ptolemy.actor.Manager.execute(Manager.java:356)
	at ptolemy.actor.Manager.run(Manager.java:1263)
	at ptolemy.actor.Manager$PtolemyRunThread.run(Manager.java:1933)
]]></system-err>
</testsuite>
