<?xml version="1.0" encoding="UTF-8" ?>
<testsuite errors="0" failures="0" hostname="travis-job-bf6a8e00-c459-4c19-b1fe-d583ca6e5da8" name="ptolemy.domains.de.test.junit.JUnitTclTest" skipped="0" tests="101" time="120.423" timestamp="2020-04-02T13:41:53">
  <properties>
    <property name="npm.executable" value="npm" />
    <property name="env.TRAVIS_ROOT" value="/" />
    <property name="ptII.mk.exists" value="true" />
    <property name="env.TRAVIS_APP_HOST" value="build.travis-ci.org" />
    <property name="env.rvm_bin_path" value="/home/travis/.rvm/bin" />
    <property name="java.home" value="/usr/local/lib/jvm/openjdk11" />
    <property name="env.TRAVIS_JOB_NUMBER" value="1589.9" />
    <property name="env.TRAVIS_HOME" value="/home/travis" />
    <property name="env.DISPLAY" value=":99.0" />
    <property name="env.TRAVIS_INIT" value="systemd" />
    <property name="env.SSH_TTY" value="/dev/pts/0" />
    <property name="java.net.preferIPv4Stack" value="true" />
    <property name="env.RUN_TESTS" value="true" />
    <property name="timeout.short" value="1000000" />
    <property name="junit.formatter" value="xml" />
    <property name="env.TRAVIS_SUDO" value="true" />
    <property name="env.TRAVIS_JOB_NAME" value="" />
    <property name="env.TRAVIS_STACK_NODE_ATTRIBUTES" value="/.node-attributes.yml" />
    <property name="env.LOGNAME" value="travis" />
    <property name="jsdoc.home" value="node_modules/@terraswarm/jsdoc" />
    <property name="debuglevel" value="source,lines,vars" />
    <property name="checkstyle.formatter" value="xml" />
    <property name="env._system_version" value="16.04" />
    <property name="bin.vergil.makeable" value="true" />
    <property name="sun.os.patch.level" value="unknown" />
    <property name="java.vendor.url" value="http://java.oracle.com/" />
    <property name="env.TRAVIS_BUILD_WEB_URL" value="https://travis-ci.org/icyphy/ptII/builds/670138973" />
    <property name="java.version" value="11.0.2" />
    <property name="env.TZ" value="UTC" />
    <property name="env.TRAVIS_PULL_REQUEST_SHA" value="" />
    <property name="env.PT_NO_NET" value="true" />
    <property name="env.TRAVIS_SECURE_ENV_VARS" value="true" />
    <property name="env._system_type" value="Linux" />
    <property name="java.vendor.url.bug" value="http://bugreport.java.com/bugreport/" />
    <property name="npmjs-org-is-up" value="true" />
    <property name="env.LANGUAGE" value="en_US.UTF-8" />
    <property name="env.SSH_CLIENT" value="10.16.6.80 48978 22" />
    <property name="env.GEM_HOME" value="/home/travis/.rvm/gems/ruby-2.5.3" />
    <property name="env.HAS_ANTARES_THREE_LITTLE_FRONZIES_BADGE" value="true" />
    <property name="java.version.date" value="2019-01-15" />
    <property name="env.PS4" value="+" />
    <property name="ant.project.invoked-targets" value="build,test.core2.xml" />
    <property name="env.TRAVIS_PULL_REQUEST_BRANCH" value="" />
    <property name="env.TRAVIS_REPO_SLUG" value="icyphy/ptII" />
    <property name="env.XDG_DATA_DIRS" value="/usr/local/share:/usr/share:/var/lib/snapd/desktop" />
    <property name="jdk.debug" value="release" />
    <property name="env.TRAVIS_APT_PROXY" value="http://build-cache.travisci.net" />
    <property name="env.TRAVIS_CPU_ARCH" value="amd64" />
    <property name="node.in.path" value="true" />
    <property name="user.name" value="travis" />
    <property name="java.maxmemory" value="1400m" />
    <property name="env.RUBY_VERSION" value="ruby-2.5.3" />
    <property name="env.LANG" value="en_US.UTF-8" />
    <property name="sun.io.unicode.encoding" value="UnicodeLittle" />
    <property name="sun.jnu.encoding" value="UTF-8" />
    <property name="java.runtime.name" value="OpenJDK Runtime Environment" />
    <property name="usefile" value="false" />
    <property name="return.code" value="0" />
    <property name="junit.single.formatter" value="plain" />
    <property name="env.DYLD_LIBRARY_PATH" value="/home/travis/pthla/certi-tools/lib:" />
    <property name="env.DEBIAN_FRONTEND" value="noninteractive" />
    <property name="env.SSH_CONNECTION" value="10.16.6.80 48978 10.20.1.53 22" />
    <property name="env.MYSQL_UNIX_PORT" value="/var/run/mysqld/mysqld.sock" />
    <property name="env.LC_ALL" value="en_US.UTF-8" />
    <property name="env.TRAVIS_ALLOW_FAILURE" value="" />
    <property name="env.TRAVIS_JOB_WEB_URL" value="https://travis-ci.org/icyphy/ptII/jobs/670138982" />
    <property name="java.specification.name" value="Java Platform API Specification" />
    <property name="node.works" value="true" />
    <property name="user.timezone" value="" />
    <property name="path.separator" value=":" />
    <property name="env.TRAVIS_ENABLE_INFRA_DETECTION" value="true" />
    <property name="env.PYTHON_CFLAGS" value="-g -fstack-protector --param=ssp-buffer-size=4 -Wformat -Werror=format-security" />
    <property name="timeout.long" value="4000000" />
    <property name="env.CERTI_HOME" value="/home/travis/pthla/certi-tools" />
    <property name="ant.file.ptII" value="/home/travis/build/icyphy/ptII/build.xml" />
    <property name="javadoc.packagenames" value="com.*,diva.*,lbnl.*,org.hlacerti.*,org.json.*,org.ptolemy.*,org.terraswarm.*,ptolemy.*,ptserver.*" />
    <property name="file.encoding" value="UTF-8" />
    <property name="env.TRAVIS_PULL_REQUEST_SLUG" value="" />
    <property name="ant.project.default-target" value="build" />
    <property name="env.GIT_ASKPASS" value="echo" />
    <property name="env.HOME" value="/home/travis" />
    <property name="sun.java.command" value="org.apache.tools.ant.taskdefs.optional.junit.JUnitTestRunner ptolemy.domains.de.test.junit.JUnitTclTest skipNonTests=false filtertrace=true haltOnError=false haltOnFailure=false formatter=org.apache.tools.ant.taskdefs.optional.junit.OutErrSummaryJUnitResultFormatter showoutput=true outputtoformatters=true logfailedtests=true threadid=0 logtestlistenerevents=false formatter=org.apache.tools.ant.taskdefs.optional.junit.XMLJUnitResultFormatter,/home/travis/build/icyphy/ptII/reports/junit/TEST-ptolemy.domains.de.test.junit.JUnitTclTest.xml crashfile=/home/travis/build/icyphy/ptII/junitvmwatcher4505826883012938640.properties propsfile=/home/travis/build/icyphy/ptII/junit15374595305078561067.properties" />
    <property name="env.COMPOSER_NO_INTERACTION" value="1" />
    <property name="env.MANPATH" value="/home/travis/.nvm/versions/node/v7.10.1/share/man:/home/travis/.rvm/rubies/ruby-2.5.3/share/man:/usr/local/cmake-3.12.4/man:/usr/local/clang-7.0.0/share/man:/usr/local/man:/usr/local/share/man:/usr/share/man:/home/travis/.rvm/man" />
    <property name="env.TRAVIS_TIMER_ID" value="0b1e20ca" />
    <property name="ant.file" value="/home/travis/build/icyphy/ptII/build.xml" />
    <property name="env.TRAVIS_COMMIT_RANGE" value="3e950cfe0f3c004454147d0a7dfedd7f8d8e77cc...52bfcaaec950ad6b43d11ffdb9cd3f924b0c1f76" />
    <property name="env._system_name" value="Ubuntu" />
    <property name="ptII.classpath.optional.property" value="/home/travis/build/icyphy/ptII/lib/bsh-2.0b4.jar:/home/travis/build/icyphy/ptII/lib/ptCal.jar:/home/travis/build/icyphy/ptII/lib/java_cup.jar:/home/travis/build/icyphy/ptII/lib/saxon8.jar:/home/travis/build/icyphy/ptII/lib/saxon8-dom.jar:/home/travis/build/icyphy/ptII/lib/chic.jar:/home/travis/build/icyphy/ptII/lib/ptcolt.jar:/home/travis/build/icyphy/ptII/vendors/misc/itext/iText.jar:/home/travis/build/icyphy/ptII/lib/g4ltl.jar:/home/travis/build/icyphy/ptII/lib/StructuralCoder.jar:/home/travis/build/icyphy/ptII/lib/jcerti.jar:/home/travis/build/icyphy/ptII/lib/javax.mail.jar:/home/travis/build/icyphy/ptII/vendors/JMF-2.1.1e/lib/jmf.jar:/home/travis/build/icyphy/ptII/lib/jna-4.0.0-variadic.jar:/home/travis/build/icyphy/ptII/vendors/misc/joystick/Joystick.jar:/home/travis/build/icyphy/ptII/lib/ptjacl.jar:/home/travis/build/icyphy/ptII/lib/jsoup-1.8.2.jar:/home/travis/build/icyphy/ptII/lib/junit-4.8.2.jar:/home/travis/build/icyphy/ptII/lib/JUnitParams-0.4.0.jar:/home/travis/build/icyphy/ptII/ptolemy/actor/lib/excel/jxl.jar:/home/travis/build/icyphy/ptII/lib/jython.jar:/home/travis/build/icyphy/ptII/lib/kieler.jar:/home/travis/build/icyphy/ptII/vendors/opencv/share/OpenCV/java/opencv-341.jar:/home/travis/build/icyphy/ptII/lib/oscP5.jar:/home/travis/build/icyphy/ptII/lib/nrjavaserial-3.11.0.devel.jar:/home/travis/build/icyphy/ptII/vendors/j3d/lib/Linux/j3dcore.jar:/home/travis/build/icyphy/ptII/vendors/j3d/lib/Linux/j3dutils.jar:/home/travis/build/icyphy/ptII/vendors/j3d/lib/Linux/vecmath.jar:/home/travis/build/icyphy/ptII/vendors/jogl/lib/Linux/gluegen-rt-natives-linux-amd64.jar:/home/travis/build/icyphy/ptII/vendors/jogl/lib/Linux/gluegen-rt.jar:/home/travis/build/icyphy/ptII/vendors/jogl/lib/Linux/jogl-all-natives-linux-amd64.jar:/home/travis/build/icyphy/ptII/vendors/jogl/lib/Linux/jogl-all.jar:/home/travis/build/icyphy/ptII/ptolemy/distributed/jini/jar/jini-core.jar:/home/travis/build/icyphy/ptII/ptolemy/distributed/jini/jar/jini-ext.jar:/home/travis/build/icyphy/ptII/ptolemy/distributed/jini/jar/sun-util.jar:/home/travis/build/icyphy/ptII/lib/protobuf-java-2.4.1.jar:/home/travis/build/icyphy/ptII/lib/org.eclipse.paho.client.mqttv3.jar:/home/travis/build/icyphy/ptII/lib/mapss.jar:/home/travis/build/icyphy/ptII/ptolemy/actor/ptalon/antlr/antlr.jar:/home/travis/build/icyphy/ptII/lib/JRI.jar:/home/travis/build/icyphy/ptII/lib/commons-lang-2.6.jar:/home/travis/build/icyphy/ptII/lib/commons-logging-1.1.1.jar:/home/travis/build/icyphy/ptII/lib/sootclasses.jar:/home/travis/build/icyphy/ptII/ptolemy/actor/lib/database/mysql-connector-java-5.1.6-bin.jar:/home/travis/build/icyphy/ptII/vendors/misc/sphinx4/sphinx4-data-5prealpha.jar:/home/travis/build/icyphy/ptII/vendors/misc/sphinx4/sphinx4-core-5prealpha.jar:/home/travis/build/icyphy/ptII/lib/PDFRenderer.jar:/home/travis/build/icyphy/ptII/lib/svgSalamander.jar:/home/travis/build/icyphy/ptII/lib/rsyntaxtextarea-2.6.0-SNAPSHOT.jar:/home/travis/build/icyphy/ptII/lib/hazelcast-3.8.2.jar:/home/travis/build/icyphy/ptII/lib/jackson-annotations-2.9.0.jar:/home/travis/build/icyphy/ptII/lib/jackson-core-2.9.3.jar:/home/travis/build/icyphy/ptII/lib/jackson-databind-2.9.3.jar:/home/travis/build/icyphy/ptII/lib/netty-buffer-4.1.19.Final.jar:/home/travis/build/icyphy/ptII/lib/netty-codec-4.1.19.Final.jar:/home/travis/build/icyphy/ptII/lib/netty-codec-dns-4.1.19.Final.jar:/home/travis/build/icyphy/ptII/lib/netty-codec-http-4.1.19.Final.jar:/home/travis/build/icyphy/ptII/lib/netty-codec-http2-4.1.19.Final.jar:/home/travis/build/icyphy/ptII/lib/netty-common-4.1.19.Final.jar:/home/travis/build/icyphy/ptII/lib/netty-handler-4.1.19.Final.jar:/home/travis/build/icyphy/ptII/lib/netty-resolver-4.1.19.Final.jar:/home/travis/build/icyphy/ptII/lib/netty-resolver-dns-4.1.19.Final.jar:/home/travis/build/icyphy/ptII/lib/netty-transport-4.1.19.Final.jar:/home/travis/build/icyphy/ptII/lib/vertx-codegen-3.5.1.jar:/home/travis/build/icyphy/ptII/lib/vertx-core-3.5.2-SNAPSHOT.jar:/home/travis/build/icyphy/ptII/lib/vertx-hazelcast-3.5.1.jar:/home/travis/build/icyphy/ptII/lib/vertx-lang-js-3.5.1.jar:/home/travis/build/icyphy/ptII/lib/vertx-service-proxy-3.5.1.jar:/home/travis/build/icyphy/ptII/lib/vertx-web-3.5.1.jar:/home/travis/build/icyphy/ptII/lib/slf4j-api-1.7.13.jar:/home/travis/build/icyphy/ptII/lib/slf4j-simple-1.7.13.jar:/home/travis/build/icyphy/ptII/lib/webcam-capture-0.3.12.jar:/home/travis/build/icyphy/ptII/lib/bridj-0.7.0.jar:/home/travis/build/icyphy/ptII/lib/xbjlib-1.1.0.nrjavaserial.jar" />
    <property name="timeout" value="2400000" />
    <property name="test.batch" value="**/junit/*.java" />
    <property name="env._" value="/usr/bin/timeout" />
    <property name="java.io.tmpdir" value="/tmp" />
    <property name="user.language" value="en" />
    <property name="env.TRAVIS_INTERNAL_RUBY_REGEX" value="^ruby-(2\.[0-4]\.[0-9]|1\.9\.3)" />
    <property name="env.HISTCONTROL" value="ignoredups:ignorespace" />
    <property name="env.GOROOT" value="/home/travis/.gimme/versions/go1.11.1.linux.amd64" />
    <property name="line.separator" value="&#xa;" />
    <property name="target" value="11" />
    <property name="env.TRAVIS_BUILD_DIR" value="/home/travis/build/icyphy/ptII" />
    <property name="env.ANT_OPTS" value="-Xmx2048m" />
    <property name="ant.file.type" value="file" />
    <property name="ptolemy.ptII.batchMode" value="true" />
    <property name="env.HISTSIZE" value="1000" />
    <property name="env.MERB_ENV" value="test" />
    <property name="java.vm.info" value="mixed mode" />
    <property name="source" value="11" />
    <property name="java.vm.specification.name" value="Java Virtual Machine Specification" />
    <property name="env.TRAVIS_TEST_RESULT" value="0" />
    <property name="jsdoc.command" value="node_modules/@terraswarm/jsdoc/jsdoc.js" />
    <property name="npm.works" value="true" />
    <property name="cobertura.dir" value="/home/travis/build/icyphy/ptII/vendors/cobertura-2.0.3" />
    <property name="jsdoc.command.exists" value="true" />
    <property name="env.rvm_path" value="/home/travis/.rvm" />
    <property name="env.GEM_PATH" value="/home/travis/.rvm/gems/ruby-2.5.3:/home/travis/.rvm/gems/ruby-2.5.3@global" />
    <property name="env.LC_CTYPE" value="en_US.UTF-8" />
    <property name="env.TRAVIS_CMD" value="$PTII/bin/ptIITravisBuild.sh $SECONDS" />
    <property name="java.awt.printerjob" value="sun.print.PSPrinterJob" />
    <property name="env.TRAVIS_STACK_NAME" value="sardonyx" />
    <property name="env.TRAVIS_TIMER_START_TIME" value="1585834704464764958" />
    <property name="ant.version" value="Apache Ant(TM) version 1.10.1 compiled on February 2 2017" />
    <property name="ptII.reports" value="/home/travis/build/icyphy/ptII/reports" />
    <property name="env.TRAVIS_STACK_TIMESTAMP" value="2019-03-25 16:16:56 UTC" />
    <property name="ant.file.type.ptII" value="file" />
    <property name="env.RBENV_SHELL" value="bash" />
    <property name="os.name" value="Linux" />
    <property name="java.specification.vendor" value="Oracle Corporation" />
    <property name="env.rvm_version" value="1.29.7 (latest)" />
    <property name="env.TRAVIS_INFRA" value="unknown" />
    <property name="env.TERM" value="xterm" />
    <property name="java.vm.name" value="OpenJDK 64-Bit Server VM" />
    <property name="env.TRAVIS_BUILD_NUMBER" value="1589" />
    <property name="env.CI" value="true" />
    <property name="java.library.path" value="/home/travis/pthla/certi-tools/lib:/usr/lib/jni:/usr/local/share/OpenCV/java/:/usr/share/OpenCV/java::/usr/java/packages/lib:/usr/lib64:/lib64:/lib:/usr/lib" />
    <property name="jdk.module.path" value="/home/travis/build/icyphy/ptII/vendors/javafx/javafx-sdk-11.0.2/lib:" />
    <property name="env.rvm_prefix" value="/home/travis" />
    <property name="env.PATH" value="/home/travis/pthla/certi-tools/share/scripts:/home/travis/.rvm/gems/ruby-2.5.3/bin:/home/travis/.rvm/gems/ruby-2.5.3@global/bin:/home/travis/.rvm/rubies/ruby-2.5.3/bin:/home/travis/.rvm/bin:/home/travis/.nvm/versions/node/v7.10.1/bin:./node_modules/.bin:/home/travis/build/icyphy/ptII/bin:/home/travis/pthla/certi-tools/bin:/home/travis/bin:/home/travis/.local/bin:/usr/local/lib/jvm/openjdk11/bin:/opt/pyenv/shims:/home/travis/.phpenv/shims:/home/travis/perl5/perlbrew/bin:/home/travis/gopath/bin:/home/travis/.gimme/versions/go1.11.1.linux.amd64/bin:/usr/local/maven-3.6.0/bin:/usr/local/cmake-3.12.4/bin:/usr/local/clang-7.0.0/bin:/usr/local/sbin:/usr/local/bin:/usr/sbin:/usr/bin:/sbin:/bin:/snap/bin:/home/travis/.phpenv/bin:/opt/pyenv/bin:/home/travis/.yarn/bin" />
    <property name="env.TRAVIS_OS_NAME" value="linux" />
    <property name="ant.java.version" value="9" />
    <property name="basedir" value="/home/travis/build/icyphy/ptII" />
    <property name="java.class.version" value="55.0" />
    <property name="env.SHLVL" value="3" />
    <property name="env.LD_LIBRARY_PATH" value="/home/travis/pthla/certi-tools/lib:/usr/lib/jni:/usr/local/share/OpenCV/java/:/usr/share/OpenCV/java:" />
    <property name="env.RACK_ENV" value="test" />
    <property name="ant.home" value="/home/travis/build/icyphy/ptII/ant" />
    <property name="env.NVM_DIR" value="/home/travis/.nvm" />
    <property name="env.CERTI_FOM_PATH" value="/home/travis/pthla/certi-tools/share/federations" />
    <property name="env.TRAVIS_BUILD_ID" value="670138973" />
    <property name="env.PYENV_ROOT" value="/opt/pyenv" />
    <property name="env.TRAVIS_UID" value="2000" />
    <property name="prism.verbose" value="true" />
    <property name="env.NVM_BIN" value="/home/travis/.nvm/versions/node/v7.10.1/bin" />
    <property name="env.TRAVIS_COMMIT" value="52bfcaaec950ad6b43d11ffdb9cd3f924b0c1f76" />
    <property name="env._system_arch" value="x86_64" />
    <property name="node.executable" value="node" />
    <property name="sun.boot.library.path" value="/usr/local/lib/jvm/openjdk11/lib" />
    <property name="sun.management.compiler" value="HotSpot 64-Bit Tiered Compilers" />
    <property name="java.awt.graphicsenv" value="sun.awt.X11GraphicsEnvironment" />
    <property name="env.GOPATH" value="/home/travis/gopath" />
    <property name="ptolemy.ptII.dir" value="/home/travis/build/icyphy/ptII" />
    <property name="env.USER" value="travis" />
    <property name="env.HISTFILESIZE" value="2000" />
    <property name="env.NVM_INC" value="/home/travis/.nvm/versions/node/v7.10.1/include/node" />
    <property name="timeout.longest" value="19000000" />
    <property name="env.PERLBREW_SHELLRC_VERSION" value="0.86" />
    <property name="env.TRAVIS_STACK_FEATURES" value="basic couchdb disabled-ipv6 docker docker-compose elasticsearch firefox go-toolchain google-chrome jdk memcached mongodb mysql nodejs_interpreter perl_interpreter perlbrew phantomjs postgresql python_interpreter redis ruby_interpreter sqlite xserver" />
    <property name="env.TRAVIS_PULL_REQUEST" value="false" />
    <property name="env.PYENV_SHELL" value="bash" />
    <property name="ant.project.name" value="ptII" />
    <property name="env.ANSI_RESET" value="\033[0m" />
    <property name="java.vm.specification.version" value="11" />
    <property name="env.TRAVIS_DIST" value="xenial" />
    <property name="env.CERTI_VERSION" value="4.0.0" />
    <property name="env.CERTI_HOST" value="localhost" />
    <property name="awt.toolkit" value="sun.awt.X11.XToolkit" />
    <property name="env.MY_RUBY_HOME" value="/home/travis/.rvm/rubies/ruby-2.5.3" />
    <property name="sun.cpu.isalist" value="" />
    <property name="env.TRAVIS_TMPDIR" value="/tmp/tmp.QQ1YV8zX5l" />
    <property name="java.vm.compressedOopsMode" value="Zero based" />
    <property name="os.version" value="4.15.0-1028-gcp" />
    <property name="user.home" value="/home/travis" />
    <property name="java.vm.vendor" value="Oracle Corporation" />
    <property name="env.TRAVIS_TAG" value="nightly" />
    <property name="env.ANSI_YELLOW" value="\033[33;1m" />
    <property name="env.TRAVIS_FILTERED" value="redirect_io" />
    <property name="env.ANSI_GREEN" value="\033[32;1m" />
    <property name="env.JAVA_HOME" value="/usr/local/lib/jvm/openjdk11" />
    <property name="javadoc.excludepackagenames" value="adm.cvs2svn.*,build.*,config.*,doc.coding.templates.*,jni.test.jni.meaningOfLife.*,jni.test.jni.testDeux.*,jni.test.jni.testTrois.*,org.terraswarm.accessor.accessors.web.node_modules.*,org.terraswarm.accessor.accessors.web.hosts.cordova.demo.*,org.terraswarm.accessor.accessors.web.hosts.cordova.plugins.*,org.terraswarm.accessor.accessors-svn.*,pt-modules.*,ptolemy.apps.agilent.*,ptolemy.apps.anytimecontrol.*,ptolemy.apps.apes.*,ptolemy.apps.charon.*,ptolemy.apps.crazyboard.*,ptolemy.apps.eclipse.*,ptolemy.apps.etherealSting.*,ptolemy.apps.fullscreen.*,ptolemy.apps.giotto.*,ptolemy.apps.ia.*,ptolemy.apps.interfaces.*,ptolemy.apps.jmf.*,ptolemy.apps.kurt.*,ptolemy.apps.kvm.*,ptolemy.apps.lego.*,ptolemy.apps.lejos.*,ptolemy.apps.midp.*,ptolemy.apps.mobileCoding.*,ptolemy.apps.pendulum.*,ptolemy.apps.rijndael.*,ptolemy.apps.robot.*,ptolemy.apps.security.*,ptolemy.apps.sobel.*,ptolemy.apps.soot.*,ptolemy.apps.throttle.*,ptolemy.apps.tini.*,ptolemy.apps.transmission.*,ptolemy.apps.vergil.*,ptolemy.apps.waba.*,ptolemy.apps.websensor.*,ptolemy.apps.webstart.*,ptolemy.apps.xsl.*,ptolemy.apps.zaurus.*,ptolemy.codegen.c.actor.lib.oldJavaFiles.*,ptolemy.codegen.dsp.lib.*,ptolemy.codegen.kernel.newInterfaces.*,ptolemy.codegen.lib.*,ptolemy.copernicus.kernel.fragment.*,ptolemy.copernicus.shallow.cg.*,ptolemy.domains.giotto.demo.Hierarchy.Hierarchy.*,ptolemy.domains.giotto.demo.Multimode.Multimode.*,ptolemy.domains.giotto.demo.Simple.Simple.*,ptolemy.domains.gr.lib.experimental.*,ptolemy.domains.gro.*,ptolemy.domains.pdf.*,ptolemy.domains.ptinyos.demo.Surge.output.*,ptolemy.moml.test.NoPackageActor.java*,ptolemy.plot.adm.*,ptolemy.plot.servlet.*,reports.*,signed.*,src.*,target.*,vendors.*,ptolemy.copernicus.applet.*,ptolemy.media.viewer.*,ptolemy.actor.corba.*,doc.doclets.*,ptolemy.apps.eclipse.awt.*,ptolemy.backtrack.*,ptolemy.backtrack.ast.*,ptolemy.cg.adapter.generic.program.procedural.c.mbed*,ptolemy.homer.*,ptolemy.actor.lib.jai.*,org.ptolemy.scala.*,diva.util.java2d.svg.*,ptolemy.domains.ptinyos.*,ptolemy.actor.lib.fmi.fmipp.*,,org.terraswarm.accessor.accessors.web.node_modules.*,org.terraswarm.accessor.accessors-svn,ptolemy.apps.*,ptolemy.actor.ptalon.demo.ptinyos.SendAndReceiveCnt.output,ptolemy.actor.ptalon.demo.ptinyos.SenseToLeds.output,ptolemy.domains.ptinyos.demo.CntToLedsAndRfm.output,ptolemy.domains.ptinyos.demo.RfmToLeds.output,ptolemy.domains.ptinyos.demo.SendAndReceiveCnt.output,ptolemy.domains.ptinyos.demo.SenseToLeds.output,ptolemy.actor.lib.jjs.modules.udpSocket.*" />
    <property name="env.PTII" value="/home/travis/build/icyphy/ptII" />
    <property name="env.XDG_SESSION_ID" value="2" />
    <property name="keystore" value="ptKeystore" />
    <property name="env.TRAVIS_COMMIT_MESSAGE" value="Updating models using array data type." />
    <property name="junit.output.dir" value="/home/travis/build/icyphy/ptII/reports/junit" />
    <property name="npm.return.code" value="0" />
    <property name="user.dir" value="/home/travis/build/icyphy/ptII/ptolemy/domains/de/test" />
    <property name="env.TRAVIS_NODE_VERSION" value="7" />
    <property name="env.TRAVIS_EVENT_TYPE" value="cron" />
    <property name="env.MAIL" value="/var/mail/travis" />
    <property name="env.PERLBREW_ROOT" value="/home/travis/perl5/perlbrew" />
    <property name="env.PWD" value="/home/travis/build/icyphy/ptII" />
    <property name="timeout.npm" value="45000" />
    <property name="env.PT_TRAVIS_TEST_CORE2_XML" value="true" />
    <property name="env.TRAVIS_ARCH" value="amd64" />
    <property name="sun.cpu.endian" value="little" />
    <property name="env.PAGER" value="cat" />
    <property name="env.TRAVIS_BUILD_STAGE_NAME" value="test" />
    <property name="env.PERLBREW_HOME" value="/home/travis/.perlbrew" />
    <property name="java.vm.version" value="11.0.2+9" />
    <property name="env.RAILS_ENV" value="test" />
    <property name="java.class.path" value="/home/travis/build/icyphy/ptII:/home/travis/build/icyphy/ptII/lib/bsh-2.0b4.jar:/home/travis/build/icyphy/ptII/lib/ptCal.jar:/home/travis/build/icyphy/ptII/lib/java_cup.jar:/home/travis/build/icyphy/ptII/lib/saxon8.jar:/home/travis/build/icyphy/ptII/lib/saxon8-dom.jar:/home/travis/build/icyphy/ptII/lib/chic.jar:/home/travis/build/icyphy/ptII/lib/ptcolt.jar:/home/travis/build/icyphy/ptII/vendors/misc/itext/iText.jar:/home/travis/build/icyphy/ptII/lib/g4ltl.jar:/home/travis/build/icyphy/ptII/lib/StructuralCoder.jar:/home/travis/build/icyphy/ptII/lib/jcerti.jar:/home/travis/build/icyphy/ptII/lib/javax.mail.jar:/home/travis/build/icyphy/ptII/vendors/JMF-2.1.1e/lib/jmf.jar:/home/travis/build/icyphy/ptII/lib/jna-4.0.0-variadic.jar:/home/travis/build/icyphy/ptII/vendors/misc/joystick/Joystick.jar:/home/travis/build/icyphy/ptII/lib/ptjacl.jar:/home/travis/build/icyphy/ptII/lib/jsoup-1.8.2.jar:/home/travis/build/icyphy/ptII/lib/junit-4.8.2.jar:/home/travis/build/icyphy/ptII/lib/JUnitParams-0.4.0.jar:/home/travis/build/icyphy/ptII/ptolemy/actor/lib/excel/jxl.jar:/home/travis/build/icyphy/ptII/lib/jython.jar:/home/travis/build/icyphy/ptII/lib/kieler.jar:/home/travis/build/icyphy/ptII/vendors/opencv/share/OpenCV/java/opencv-341.jar:/home/travis/build/icyphy/ptII/lib/oscP5.jar:/home/travis/build/icyphy/ptII/lib/nrjavaserial-3.11.0.devel.jar:/home/travis/build/icyphy/ptII/vendors/j3d/lib/Linux/j3dcore.jar:/home/travis/build/icyphy/ptII/vendors/j3d/lib/Linux/j3dutils.jar:/home/travis/build/icyphy/ptII/vendors/j3d/lib/Linux/vecmath.jar:/home/travis/build/icyphy/ptII/vendors/jogl/lib/Linux/gluegen-rt-natives-linux-amd64.jar:/home/travis/build/icyphy/ptII/vendors/jogl/lib/Linux/gluegen-rt.jar:/home/travis/build/icyphy/ptII/vendors/jogl/lib/Linux/jogl-all-natives-linux-amd64.jar:/home/travis/build/icyphy/ptII/vendors/jogl/lib/Linux/jogl-all.jar:/home/travis/build/icyphy/ptII/ptolemy/distributed/jini/jar/jini-core.jar:/home/travis/build/icyphy/ptII/ptolemy/distributed/jini/jar/jini-ext.jar:/home/travis/build/icyphy/ptII/ptolemy/distributed/jini/jar/sun-util.jar:/home/travis/build/icyphy/ptII/lib/protobuf-java-2.4.1.jar:/home/travis/build/icyphy/ptII/lib/org.eclipse.paho.client.mqttv3.jar:/home/travis/build/icyphy/ptII/lib/mapss.jar:/home/travis/build/icyphy/ptII/ptolemy/actor/ptalon/antlr/antlr.jar:/home/travis/build/icyphy/ptII/lib/JRI.jar:/home/travis/build/icyphy/ptII/lib/commons-lang-2.6.jar:/home/travis/build/icyphy/ptII/lib/commons-logging-1.1.1.jar:/home/travis/build/icyphy/ptII/lib/sootclasses.jar:/home/travis/build/icyphy/ptII/ptolemy/actor/lib/database/mysql-connector-java-5.1.6-bin.jar:/home/travis/build/icyphy/ptII/vendors/misc/sphinx4/sphinx4-data-5prealpha.jar:/home/travis/build/icyphy/ptII/vendors/misc/sphinx4/sphinx4-core-5prealpha.jar:/home/travis/build/icyphy/ptII/lib/PDFRenderer.jar:/home/travis/build/icyphy/ptII/lib/svgSalamander.jar:/home/travis/build/icyphy/ptII/lib/rsyntaxtextarea-2.6.0-SNAPSHOT.jar:/home/travis/build/icyphy/ptII/lib/hazelcast-3.8.2.jar:/home/travis/build/icyphy/ptII/lib/jackson-annotations-2.9.0.jar:/home/travis/build/icyphy/ptII/lib/jackson-core-2.9.3.jar:/home/travis/build/icyphy/ptII/lib/jackson-databind-2.9.3.jar:/home/travis/build/icyphy/ptII/lib/netty-buffer-4.1.19.Final.jar:/home/travis/build/icyphy/ptII/lib/netty-codec-4.1.19.Final.jar:/home/travis/build/icyphy/ptII/lib/netty-codec-dns-4.1.19.Final.jar:/home/travis/build/icyphy/ptII/lib/netty-codec-http-4.1.19.Final.jar:/home/travis/build/icyphy/ptII/lib/netty-codec-http2-4.1.19.Final.jar:/home/travis/build/icyphy/ptII/lib/netty-common-4.1.19.Final.jar:/home/travis/build/icyphy/ptII/lib/netty-handler-4.1.19.Final.jar:/home/travis/build/icyphy/ptII/lib/netty-resolver-4.1.19.Final.jar:/home/travis/build/icyphy/ptII/lib/netty-resolver-dns-4.1.19.Final.jar:/home/travis/build/icyphy/ptII/lib/netty-transport-4.1.19.Final.jar:/home/travis/build/icyphy/ptII/lib/vertx-codegen-3.5.1.jar:/home/travis/build/icyphy/ptII/lib/vertx-core-3.5.2-SNAPSHOT.jar:/home/travis/build/icyphy/ptII/lib/vertx-hazelcast-3.5.1.jar:/home/travis/build/icyphy/ptII/lib/vertx-lang-js-3.5.1.jar:/home/travis/build/icyphy/ptII/lib/vertx-service-proxy-3.5.1.jar:/home/travis/build/icyphy/ptII/lib/vertx-web-3.5.1.jar:/home/travis/build/icyphy/ptII/lib/slf4j-api-1.7.13.jar:/home/travis/build/icyphy/ptII/lib/slf4j-simple-1.7.13.jar:/home/travis/build/icyphy/ptII/lib/webcam-capture-0.3.12.jar:/home/travis/build/icyphy/ptII/lib/bridj-0.7.0.jar:/home/travis/build/icyphy/ptII/lib/xbjlib-1.1.0.nrjavaserial.jar:/home/travis/build/icyphy/ptII/ptolemy/moml/test:/home/travis/build/icyphy/ptII/ant/lib/ant-launcher.jar:/home/travis/build/icyphy/ptII/ant/lib/ant.jar:/home/travis/build/icyphy/ptII/ant/lib/ant-junit.jar:/home/travis/build/icyphy/ptII/ant/lib/ant-junit4.jar" />
    <property name="ant.library.dir" value="/home/travis/build/icyphy/ptII/ant/lib" />
    <property name="os.arch" value="amd64" />
    <property name="env.CONTINUOUS_INTEGRATION" value="true" />
    <property name="env.TRAVIS_LANGUAGE" value="node_js" />
    <property name="env.TRAVIS_STACK_LANGUAGES" value="__sardonyx__ c c++ clojure cplusplus cpp default generic go groovy java node_js php pure_java python ruby scala" />
    <property name="test.name" value="ptolemy.actor.lib.test.junit.JUnitTclTest" />
    <property name="env.APT_KEY_DONT_WARN_ON_DANGEROUS_USAGE" value="1" />
    <property name="sun.java.launcher" value="SUN_STANDARD" />
    <property name="env.PYTHON_CONFIGURE_OPTS" value="--enable-unicode=ucs4 --with-wide-unicode --enable-shared --enable-ipv6 --enable-loadable-sqlite-extensions --with-computed-gotos" />
    <property name="ant.core.lib" value="/home/travis/build/icyphy/ptII/ant/lib/ant.jar" />
    <property name="java.vm.specification.vendor" value="Oracle Corporation" />
    <property name="env.BCVTB_HOME" value="/home/travis/build/icyphy/ptII/lbnl" />
    <property name="file.separator" value="/" />
    <property name="spotbugs.home" value="/home/travis/build/icyphy/ptII/vendors/spotbugs-3.1.1" />
    <property name="java.runtime.version" value="11.0.2+9" />
    <property name="env.ANSI_CLEAR" value="\033[0K" />
    <property name="javafx.verbose" value="true" />
    <property name="env.HAS_JOSH_K_SEAL_OF_APPROVAL" value="true" />
    <property name="env.XDG_RUNTIME_DIR" value="/run/user/2000" />
    <property name="env.TRAVIS_OSX_IMAGE" value="" />
    <property name="env.TRAVIS_JOB_ID" value="670138982" />
    <property name="env.TRAVIS_BRANCH" value="master" />
    <property name="user.country" value="US" />
    <property name="env.CERTI_HOME_TRAVIS" value="/home/travis/pthla/certi-tools" />
    <property name="env.SHELL" value="/bin/bash" />
    <property name="java.maxmemory.large" value="3200m" />
    <property name="model" value="" />
    <property name="env.CASHER_DIR" value="/home/travis/.casher" />
    <property name="env.NVM_CD_FLAGS" value="" />
    <property name="java.vendor.version" value="18.9" />
    <property name="jshint.executable" value="/home/travis/node_modules/jshint/bin/jshint" />
    <property name="env.JRUBY_OPTS" value=" --client -J-XX:+TieredCompilation -J-XX:TieredStopAtLevel=1 -J-Xss2m -Xcompile.invokedynamic=false" />
    <property name="java.vendor" value="Oracle Corporation" />
    <property name="env.TRAVIS_PRE_CHEF_BOOTSTRAP_TIME" value="2019-03-25T16:16:42" />
    <property name="env.TRAVIS_STACK_JOB_BOARD_REGISTER" value="/.job-board-register.yml" />
    <property name="env.ANSI_RED" value="\033[31;1m" />
    <property name="java.specification.version" value="11" />
    <property name="env.IRBRC" value="/home/travis/.rvm/rubies/ruby-2.5.3/.irbrc" />
    <property name="env.TRAVIS" value="true" />
    <property name="sun.arch.data.model" value="64" />
  </properties>
  <testcase classname="ptolemy.util.test.junit.TclTests" name="[0] /home/travis/build/icyphy/ptII/ptolemy/domains/de/test/DependencyLoop.tcl (RunTclFile)" time="0.928" />
  <testcase classname="ptolemy.util.test.junit.TclTests" name="[1] /home/travis/build/icyphy/ptII/ptolemy/domains/de/test/RunDETestsAsQSS.tcl (RunTclFile)" time="81.003" />
  <testcase classname="ptolemy.util.test.junit.AutoKnownFailedTests" name="[0] /home/travis/build/icyphy/ptII/ptolemy/domains/de/test/auto/knownFailedTests/DESDFClockTest.xml (RunModel)" time="2.035" />
  <testcase classname="ptolemy.util.test.junit.AutoKnownFailedTests" name="[1] /home/travis/build/icyphy/ptII/ptolemy/domains/de/test/auto/knownFailedTests/DirectFeedback.xml (RunModel)" time="0.015" />
  <testcase classname="ptolemy.util.test.junit.AutoKnownFailedTests" name="[2] /home/travis/build/icyphy/ptII/ptolemy/domains/de/test/auto/knownFailedTests/FSMSource.xml (RunModel)" time="0.029" />
  <testcase classname="ptolemy.util.test.junit.AutoKnownFailedTests" name="[3] /home/travis/build/icyphy/ptII/ptolemy/domains/de/test/auto/knownFailedTests/HierarchicalModel.xml (RunModel)" time="0.046" />
  <testcase classname="ptolemy.util.test.junit.AutoKnownFailedTests" name="[4] /home/travis/build/icyphy/ptII/ptolemy/domains/de/test/auto/knownFailedTests/dependencyLoop.xml (RunModel)" time="0.04" />
  <testcase classname="ptolemy.util.test.junit.AutoKnownFailedTests" name="[5] /home/travis/build/icyphy/ptII/ptolemy/domains/de/test/auto/knownFailedTests/dependencyLoop2.xml (RunModel)" time="0.049" />
  <testcase classname="ptolemy.util.test.junit.AutoNameArchTests" name="[0] ThereAreNoAutoArchTests (RunModel)" time="0.001" />
  <testcase classname="ptolemy.util.test.junit.AutoTests" name="[0] /home/travis/build/icyphy/ptII/ptolemy/domains/de/test/auto/ActorDepthCalculation_actorWithoutPorts.xml (RunModel)" time="0.022" />
  <testcase classname="ptolemy.util.test.junit.AutoTests" name="[1] /home/travis/build/icyphy/ptII/ptolemy/domains/de/test/auto/AssemblyLine.xml (RunModel)" time="0.02" />
  <testcase classname="ptolemy.util.test.junit.AutoTests" name="[2] /home/travis/build/icyphy/ptII/ptolemy/domains/de/test/auto/CQBug1.xml (RunModel)" time="0.011" />
  <testcase classname="ptolemy.util.test.junit.AutoTests" name="[3] /home/travis/build/icyphy/ptII/ptolemy/domains/de/test/auto/CancelFireAt.xml (RunModel)" time="0.011" />
  <testcase classname="ptolemy.util.test.junit.AutoTests" name="[4] /home/travis/build/icyphy/ptII/ptolemy/domains/de/test/auto/CausalityAndComposabilityAnalysis.xml (RunModel)" time="0.024" />
  <testcase classname="ptolemy.util.test.junit.AutoTests" name="[5] /home/travis/build/icyphy/ptII/ptolemy/domains/de/test/auto/CausalityInterface1.xml (RunModel)" time="0.016" />
  <testcase classname="ptolemy.util.test.junit.AutoTests" name="[6] /home/travis/build/icyphy/ptII/ptolemy/domains/de/test/auto/CausalityInterface15.xml (RunModel)" time="0.015" />
  <testcase classname="ptolemy.util.test.junit.AutoTests" name="[7] /home/travis/build/icyphy/ptII/ptolemy/domains/de/test/auto/CausalityInterface2.xml (RunModel)" time="0.01" />
  <testcase classname="ptolemy.util.test.junit.AutoTests" name="[8] /home/travis/build/icyphy/ptII/ptolemy/domains/de/test/auto/CausalityInterface3.xml (RunModel)" time="0.014" />
  <testcase classname="ptolemy.util.test.junit.AutoTests" name="[9] /home/travis/build/icyphy/ptII/ptolemy/domains/de/test/auto/ClockDrift.xml (RunModel)" time="0.033" />
  <testcase classname="ptolemy.util.test.junit.AutoTests" name="[10] /home/travis/build/icyphy/ptII/ptolemy/domains/de/test/auto/ClockDriftAndValueChange.xml (RunModel)" time="0.031" />
  <testcase classname="ptolemy.util.test.junit.AutoTests" name="[11] /home/travis/build/icyphy/ptII/ptolemy/domains/de/test/auto/ClockDriftChange.xml (RunModel)" time="0.031" />
  <testcase classname="ptolemy.util.test.junit.AutoTests" name="[12] /home/travis/build/icyphy/ptII/ptolemy/domains/de/test/auto/ComposableCausalityAnalysis.xml (RunModel)" time="0.01" />
  <testcase classname="ptolemy.util.test.junit.AutoTests" name="[13] /home/travis/build/icyphy/ptII/ptolemy/domains/de/test/auto/DEFixedPointLimitation.xml (RunModel)" time="0.01" />
  <testcase classname="ptolemy.util.test.junit.AutoTests" name="[14] /home/travis/build/icyphy/ptII/ptolemy/domains/de/test/auto/DEScheduleTest.xml (RunModel)" time="0.015" />
  <testcase classname="ptolemy.util.test.junit.AutoTests" name="[15] /home/travis/build/icyphy/ptII/ptolemy/domains/de/test/auto/DEinDEwithStartTimes.xml (RunModel)" time="0.018" />
  <testcase classname="ptolemy.util.test.junit.AutoTests" name="[16] /home/travis/build/icyphy/ptII/ptolemy/domains/de/test/auto/DEinDEwithStartTimes2.xml (RunModel)" time="0.014" />
  <testcase classname="ptolemy.util.test.junit.AutoTests" name="[17] /home/travis/build/icyphy/ptII/ptolemy/domains/de/test/auto/DateDemo.xml (RunModel)" time="0.028" />
  <testcase classname="ptolemy.util.test.junit.AutoTests" name="[18] /home/travis/build/icyphy/ptII/ptolemy/domains/de/test/auto/DateToEvent.xml (RunModel)" time="2.044" />
  <testcase classname="ptolemy.util.test.junit.AutoTests" name="[19] /home/travis/build/icyphy/ptII/ptolemy/domains/de/test/auto/DepthTest1.xml (RunModel)" time="0.019" />
  <testcase classname="ptolemy.util.test.junit.AutoTests" name="[20] /home/travis/build/icyphy/ptII/ptolemy/domains/de/test/auto/DepthTest2.xml (RunModel)" time="0.018" />
  <testcase classname="ptolemy.util.test.junit.AutoTests" name="[21] /home/travis/build/icyphy/ptII/ptolemy/domains/de/test/auto/DepthTest3.xml (RunModel)" time="0.005" />
  <testcase classname="ptolemy.util.test.junit.AutoTests" name="[22] /home/travis/build/icyphy/ptII/ptolemy/domains/de/test/auto/DepthTest4.xml (RunModel)" time="0.023" />
  <testcase classname="ptolemy.util.test.junit.AutoTests" name="[23] /home/travis/build/icyphy/ptII/ptolemy/domains/de/test/auto/DepthTest5.xml (RunModel)" time="0.019" />
  <testcase classname="ptolemy.util.test.junit.AutoTests" name="[24] /home/travis/build/icyphy/ptII/ptolemy/domains/de/test/auto/DepthTest6.xml (RunModel)" time="0.011" />
  <testcase classname="ptolemy.util.test.junit.AutoTests" name="[25] /home/travis/build/icyphy/ptII/ptolemy/domains/de/test/auto/DepthTest7.xml (RunModel)" time="0.01" />
  <testcase classname="ptolemy.util.test.junit.AutoTests" name="[26] /home/travis/build/icyphy/ptII/ptolemy/domains/de/test/auto/EventToDate.xml (RunModel)" time="3.039" />
  <testcase classname="ptolemy.util.test.junit.AutoTests" name="[27] /home/travis/build/icyphy/ptII/ptolemy/domains/de/test/auto/FSM1.xml (RunModel)" time="0.046" />
  <testcase classname="ptolemy.util.test.junit.AutoTests" name="[28] /home/travis/build/icyphy/ptII/ptolemy/domains/de/test/auto/FSM7.xml (RunModel)" time="0.04" />
  <testcase classname="ptolemy.util.test.junit.AutoTests" name="[29] /home/travis/build/icyphy/ptII/ptolemy/domains/de/test/auto/Inspection.xml (RunModel)" time="0.049" />
  <testcase classname="ptolemy.util.test.junit.AutoTests" name="[30] /home/travis/build/icyphy/ptII/ptolemy/domains/de/test/auto/Iteration.xml (RunModel)" time="0.02" />
  <testcase classname="ptolemy.util.test.junit.AutoTests" name="[31] /home/travis/build/icyphy/ptII/ptolemy/domains/de/test/auto/LineFault.xml (RunModel)" time="0.505" />
  <testcase classname="ptolemy.util.test.junit.AutoTests" name="[32] /home/travis/build/icyphy/ptII/ptolemy/domains/de/test/auto/MergeModel1Add.xml (RunModel)" time="0.044" />
  <testcase classname="ptolemy.util.test.junit.AutoTests" name="[33] /home/travis/build/icyphy/ptII/ptolemy/domains/de/test/auto/MergeModel2Add.xml (RunModel)" time="0.036" />
  <testcase classname="ptolemy.util.test.junit.AutoTests" name="[34] /home/travis/build/icyphy/ptII/ptolemy/domains/de/test/auto/MergeModel3Add.xml (RunModel)" time="0.038" />
  <testcase classname="ptolemy.util.test.junit.AutoTests" name="[35] /home/travis/build/icyphy/ptII/ptolemy/domains/de/test/auto/MergeWithoutDiscard.xml (RunModel)" time="0.008" />
  <testcase classname="ptolemy.util.test.junit.AutoTests" name="[36] /home/travis/build/icyphy/ptII/ptolemy/domains/de/test/auto/Modal1.xml (RunModel)" time="0.023" />
  <testcase classname="ptolemy.util.test.junit.AutoTests" name="[37] /home/travis/build/icyphy/ptII/ptolemy/domains/de/test/auto/Modal2.xml (RunModel)" time="0.028" />
  <testcase classname="ptolemy.util.test.junit.AutoTests" name="[38] /home/travis/build/icyphy/ptII/ptolemy/domains/de/test/auto/Modal3.xml (RunModel)" time="0.03" />
  <testcase classname="ptolemy.util.test.junit.AutoTests" name="[39] /home/travis/build/icyphy/ptII/ptolemy/domains/de/test/auto/Modal4.xml (RunModel)" time="0.03" />
  <testcase classname="ptolemy.util.test.junit.AutoTests" name="[40] /home/travis/build/icyphy/ptII/ptolemy/domains/de/test/auto/Modal5.xml (RunModel)" time="0.03" />
  <testcase classname="ptolemy.util.test.junit.AutoTests" name="[41] /home/travis/build/icyphy/ptII/ptolemy/domains/de/test/auto/Modal6.xml (RunModel)" time="0.03" />
  <testcase classname="ptolemy.util.test.junit.AutoTests" name="[42] /home/travis/build/icyphy/ptII/ptolemy/domains/de/test/auto/Modal7.xml (RunModel)" time="0.035" />
  <testcase classname="ptolemy.util.test.junit.AutoTests" name="[43] /home/travis/build/icyphy/ptII/ptolemy/domains/de/test/auto/ModalModel.xml (RunModel)" time="0.175" />
  <testcase classname="ptolemy.util.test.junit.AutoTests" name="[44] /home/travis/build/icyphy/ptII/ptolemy/domains/de/test/auto/ModalSource.xml (RunModel)" time="0.018" />
  <testcase classname="ptolemy.util.test.junit.AutoTests" name="[45] /home/travis/build/icyphy/ptII/ptolemy/domains/de/test/auto/NonInterruptibleTimerZeroDelay.xml (RunModel)" time="0.015" />
  <testcase classname="ptolemy.util.test.junit.AutoTests" name="[46] /home/travis/build/icyphy/ptII/ptolemy/domains/de/test/auto/OpenQueueingNetwork.xml (RunModel)" time="2.278" />
  <testcase classname="ptolemy.util.test.junit.AutoTests" name="[47] /home/travis/build/icyphy/ptII/ptolemy/domains/de/test/auto/OpenQueuingNetwork.xml (RunModel)" time="0.26" />
  <testcase classname="ptolemy.util.test.junit.AutoTests" name="[48] /home/travis/build/icyphy/ptII/ptolemy/domains/de/test/auto/PeriodicSampler.xml (RunModel)" time="0.007" />
  <testcase classname="ptolemy.util.test.junit.AutoTests" name="[49] /home/travis/build/icyphy/ptII/ptolemy/domains/de/test/auto/PersistentIO.xml (RunModel)" time="0.025" />
  <testcase classname="ptolemy.util.test.junit.AutoTests" name="[50] /home/travis/build/icyphy/ptII/ptolemy/domains/de/test/auto/PortParameterResetOnInitialize.xml (RunModel)" time="0.011" />
  <testcase classname="ptolemy.util.test.junit.AutoTests" name="[51] /home/travis/build/icyphy/ptII/ptolemy/domains/de/test/auto/PortParameterUpdates.xml (RunModel)" time="0.014" />
  <testcase classname="ptolemy.util.test.junit.AutoTests" name="[52] /home/travis/build/icyphy/ptII/ptolemy/domains/de/test/auto/QueueAndServer.xml (RunModel)" time="0.021" />
  <testcase classname="ptolemy.util.test.junit.AutoTests" name="[53] /home/travis/build/icyphy/ptII/ptolemy/domains/de/test/auto/Records.xml (RunModel)" time="0.014" />
  <testcase classname="ptolemy.util.test.junit.AutoTests" name="[54] /home/travis/build/icyphy/ptII/ptolemy/domains/de/test/auto/ResetTransitionWithStartTime1.xml (RunModel)" time="0.017" />
  <testcase classname="ptolemy.util.test.junit.AutoTests" name="[55] /home/travis/build/icyphy/ptII/ptolemy/domains/de/test/auto/ResetTransitionWithStartTime2.xml (RunModel)" time="0.017" />
  <testcase classname="ptolemy.util.test.junit.AutoTests" name="[56] /home/travis/build/icyphy/ptII/ptolemy/domains/de/test/auto/ResetTransitionWithStartTime3.xml (RunModel)" time="0.018" />
  <testcase classname="ptolemy.util.test.junit.AutoTests" name="[57] /home/travis/build/icyphy/ptII/ptolemy/domains/de/test/auto/ResetTransitionWithStartTime4.xml (RunModel)" time="0.016" />
  <testcase classname="ptolemy.util.test.junit.AutoTests" name="[58] /home/travis/build/icyphy/ptII/ptolemy/domains/de/test/auto/ResettableTimer1.xml (RunModel)" time="0.01" />
  <testcase classname="ptolemy.util.test.junit.AutoTests" name="[59] /home/travis/build/icyphy/ptII/ptolemy/domains/de/test/auto/ResettableTimer2.xml (RunModel)" time="0.008" />
  <testcase classname="ptolemy.util.test.junit.AutoTests" name="[60] /home/travis/build/icyphy/ptII/ptolemy/domains/de/test/auto/ResettableTimer3.xml (RunModel)" time="0.008" />
  <testcase classname="ptolemy.util.test.junit.AutoTests" name="[61] /home/travis/build/icyphy/ptII/ptolemy/domains/de/test/auto/ResettableTimer4.xml (RunModel)" time="0.008" />
  <testcase classname="ptolemy.util.test.junit.AutoTests" name="[62] /home/travis/build/icyphy/ptII/ptolemy/domains/de/test/auto/ResettableTimer5.xml (RunModel)" time="0.008" />
  <testcase classname="ptolemy.util.test.junit.AutoTests" name="[63] /home/travis/build/icyphy/ptII/ptolemy/domains/de/test/auto/ResettableTimer6.xml (RunModel)" time="0.013" />
  <testcase classname="ptolemy.util.test.junit.AutoTests" name="[64] /home/travis/build/icyphy/ptII/ptolemy/domains/de/test/auto/ServerZeroDelay.xml (RunModel)" time="0.009" />
  <testcase classname="ptolemy.util.test.junit.AutoTests" name="[65] /home/travis/build/icyphy/ptII/ptolemy/domains/de/test/auto/SmartSender.xml (RunModel)" time="3.008" />
  <testcase classname="ptolemy.util.test.junit.AutoTests" name="[66] /home/travis/build/icyphy/ptII/ptolemy/domains/de/test/auto/ThreadedComposite.xml (RunModel)" time="0.129" />
  <testcase classname="ptolemy.util.test.junit.AutoTests" name="[67] /home/travis/build/icyphy/ptII/ptolemy/domains/de/test/auto/Time.xml (RunModel)" time="0.366" />
  <testcase classname="ptolemy.util.test.junit.AutoTests" name="[68] /home/travis/build/icyphy/ptII/ptolemy/domains/de/test/auto/TimeDelayZeroDelay.xml (RunModel)" time="0.012" />
  <testcase classname="ptolemy.util.test.junit.AutoTests" name="[69] /home/travis/build/icyphy/ptII/ptolemy/domains/de/test/auto/TimerZeroDelay.xml (RunModel)" time="0.008" />
  <testcase classname="ptolemy.util.test.junit.AutoTests" name="[70] /home/travis/build/icyphy/ptII/ptolemy/domains/de/test/auto/TimingParadox.xml (RunModel)" time="0.301" />
  <testcase classname="ptolemy.util.test.junit.AutoTests" name="[71] /home/travis/build/icyphy/ptII/ptolemy/domains/de/test/auto/TransferInputs.xml (RunModel)" time="0.017" />
  <testcase classname="ptolemy.util.test.junit.AutoTests" name="[72] /home/travis/build/icyphy/ptII/ptolemy/domains/de/test/auto/TransferOutputs2.xml (RunModel)" time="0.014" />
  <testcase classname="ptolemy.util.test.junit.AutoTests" name="[73] /home/travis/build/icyphy/ptII/ptolemy/domains/de/test/auto/Trilateration.xml (RunModel)" time="10.498" />
  <testcase classname="ptolemy.util.test.junit.AutoTests" name="[74] /home/travis/build/icyphy/ptII/ptolemy/domains/de/test/auto/TwoSigmaDelta.xml (RunModel)" time="1.88" />
  <testcase classname="ptolemy.util.test.junit.AutoTests" name="[75] /home/travis/build/icyphy/ptII/ptolemy/domains/de/test/auto/VariableDelay.xml (RunModel)" time="0.02" />
  <testcase classname="ptolemy.util.test.junit.AutoTests" name="[76] /home/travis/build/icyphy/ptII/ptolemy/domains/de/test/auto/VariableDelay2.xml (RunModel)" time="0.011" />
  <testcase classname="ptolemy.util.test.junit.AutoTests" name="[77] /home/travis/build/icyphy/ptII/ptolemy/domains/de/test/auto/VariableDelayZeroDelay.xml (RunModel)" time="0.01" />
  <testcase classname="ptolemy.util.test.junit.AutoTests" name="[78] /home/travis/build/icyphy/ptII/ptolemy/domains/de/test/auto/VariableDelayZeroDelay2.xml (RunModel)" time="0.008" />
  <testcase classname="ptolemy.util.test.junit.AutoTests" name="[79] /home/travis/build/icyphy/ptII/ptolemy/domains/de/test/auto/deInCt.xml (RunModel)" time="0.014" />
  <testcase classname="ptolemy.util.test.junit.AutoTests" name="[80] /home/travis/build/icyphy/ptII/ptolemy/domains/de/test/auto/deInCt2.xml (RunModel)" time="0.013" />
  <testcase classname="ptolemy.util.test.junit.AutoTests" name="[81] /home/travis/build/icyphy/ptII/ptolemy/domains/de/test/auto/dynamicCausalityInterface1.xml (RunModel)" time="0.014" />
  <testcase classname="ptolemy.util.test.junit.AutoTests" name="[82] /home/travis/build/icyphy/ptII/ptolemy/domains/de/test/auto/fsm_de_test.xml (RunModel)" time="0.021" />
  <testcase classname="ptolemy.util.test.junit.AutoTests" name="[83] /home/travis/build/icyphy/ptII/ptolemy/domains/de/test/auto/functionDependencyReconstruction.xml (RunModel)" time="0.024" />
  <testcase classname="ptolemy.util.test.junit.AutoTests" name="[84] /home/travis/build/icyphy/ptII/ptolemy/domains/de/test/auto/multirate.xml (RunModel)" time="0.013" />
  <testcase classname="ptolemy.util.test.junit.AutoTests" name="[85] /home/travis/build/icyphy/ptII/ptolemy/domains/de/test/auto/multirate2.xml (RunModel)" time="0.012" />
  <testcase classname="ptolemy.util.test.junit.AutoTests" name="[86] /home/travis/build/icyphy/ptII/ptolemy/domains/de/test/auto/realtime.xml (RunModel)" time="10.009" />
  <testcase classname="ptolemy.util.test.junit.AutoTests" name="[87] /home/travis/build/icyphy/ptII/ptolemy/domains/de/test/auto/relationGroup.xml (RunModel)" time="0.011" />
  <testcase classname="ptolemy.util.test.junit.AutoTests" name="[88] /home/travis/build/icyphy/ptII/ptolemy/domains/de/test/auto/relationGroup2.xml (RunModel)" time="0.01" />
  <testcase classname="ptolemy.util.test.junit.AutoTests" name="[89] /home/travis/build/icyphy/ptII/ptolemy/domains/de/test/auto/sortWithOpaquePorts.xml (RunModel)" time="0.014" />
  <testcase classname="ptolemy.util.test.junit.AutoTests" name="[90] /home/travis/build/icyphy/ptII/ptolemy/domains/de/test/auto/transferInputsandOutputs.xml (RunModel)" time="0.019" />
  <testcase classname="ptolemy.util.test.junit.AutoTests" name="[91] /home/travis/build/icyphy/ptII/ptolemy/domains/de/test/auto/triggerType.xml (RunModel)" time="0.007" />
  <system-out><![CDATA[/home/travis/build/icyphy/ptII/ptolemy/domains/de/test/DependencyLoop.tcl
testDefs.tcl: setting time out to 9000 seconds at Thu Apr 02 13:41:53 UTC 2020
72 ms. Memory: 129024K Free: 78668K (61%)
25 ms. Memory: 129024K Free: 61756K (48%)
/home/travis/build/icyphy/ptII/ptolemy/domains/de/test/RunDETestsAsQSS.tcl
Run the DE tests using ptolemy.domains.qss.test.QSSDirectorTest, which extends QSSDirector and prints a message in the constructors.
------------------ testing $PTII/ptolemy/domains/de/test/auto/knownFailedTests/DirectFeedback.xml (Known Failure) 
58 ms. Memory: 129024K Free: 55626K (43%)


==== $PTIIhome/travis/build/icyphy/ptII/ptolemy/domains/de/test/../../../../: Auto Automatic test in file $PTII/ptolemy/domains/de/test/auto/knownFailedTests/DirectFeedback.xml
==== Contents of test case:

	    # FIXME: we should use $relativeFilename here, but it
	    # might have backslashes under Windows, which causes no end
	    # of trouble.
	    createAndExecute $file
	    list {}
	
.... Test generated KNOWN error:
    while executing
ptolemy.kernel.util.IllegalActionException: Test fails in iteration 1.
Value was: 1.0. Should have been: 2.0
  in .DirectFeedback.Test
	at ptolemy.actor.lib.Test.fire(Test.java:268)
	at ptolemy.domains.de.kernel.DEDirector._fire(DEDirector.java:1949)
	at ptolemy.domains.de.kernel.DEDirector.fire(DEDirector.java:502)
	at ptolemy.actor.CompositeActor.fire(CompositeActor.java:455)
	at ptolemy.actor.Manager.iterate(Manager.java:851)
	at ptolemy.actor.Manager.execute(Manager.java:369)
	at ptolemy.actor.Manager.run(Manager.java:1263)
	at ptolemy.actor.Manager$PtolemyRunThread.run(Manager.java:1933)

    while executing
ptolemy.kernel.util.IllegalActionException: Test fails in iteration 1.
Value was: 1.0. Should have been: 2.0
  in .DirectFeedback.Test
    while executing
"java::new ptolemy.moml.MoMLSimpleApplication $file
"
    (procedure "createAndExecute" line 2)
    invoked from within
"createAndExecute $file"
    ("uplevel" body line 5)
    invoked from within
"uplevel $contents_of_test"
------------------ testing $PTII/ptolemy/domains/de/test/auto/knownFailedTests/dependencyLoop.xml (Known Failure) 
13 ms. Memory: 129024K Free: 52554K (41%)


==== $PTIIhome/travis/build/icyphy/ptII/ptolemy/domains/de/test/../../../../: Auto Automatic test in file $PTII/ptolemy/domains/de/test/auto/knownFailedTests/dependencyLoop.xml
==== Contents of test case:

	    # FIXME: we should use $relativeFilename here, but it
	    # might have backslashes under Windows, which causes no end
	    # of trouble.
	    createAndExecute $file
	    list {}
	
.... Test generated KNOWN error:
    while executing
ptolemy.kernel.util.IllegalActionException: Found a zero delay loop containing .dependencyLoop.original
  in .dependencyLoop and .dependencyLoop.original
	at ptolemy.actor.util.CausalityInterfaceForComposites._computeOutputPortDepth(CausalityInterfaceForComposites.java:759)
	at ptolemy.actor.util.CausalityInterfaceForComposites._computeInputDepth(CausalityInterfaceForComposites.java:696)
	at ptolemy.actor.util.CausalityInterfaceForComposites._computeOutputPortDepth(CausalityInterfaceForComposites.java:765)
	at ptolemy.actor.util.CausalityInterfaceForComposites._computeInputDepth(CausalityInterfaceForComposites.java:696)
	at ptolemy.actor.util.CausalityInterfaceForComposites._computeOutputPortDepth(CausalityInterfaceForComposites.java:765)
	at ptolemy.actor.util.CausalityInterfaceForComposites._computeInputDepth(CausalityInterfaceForComposites.java:696)
	at ptolemy.actor.util.CausalityInterfaceForComposites._computeActorDepth(CausalityInterfaceForComposites.java:532)
	at ptolemy.actor.util.CausalityInterfaceForComposites.checkForCycles(CausalityInterfaceForComposites.java:96)
	at ptolemy.domains.de.kernel.DEDirector.preinitialize(DEDirector.java:1338)
	at ptolemy.actor.CompositeActor.preinitialize(CompositeActor.java:1828)
	at ptolemy.actor.Manager.preinitializeAndResolveTypes(Manager.java:1040)
	at ptolemy.actor.Manager.initialize(Manager.java:710)
	at ptolemy.actor.Manager.execute(Manager.java:356)
	at ptolemy.actor.Manager.run(Manager.java:1263)
	at ptolemy.actor.Manager$PtolemyRunThread.run(Manager.java:1933)

    while executing
ptolemy.kernel.util.IllegalActionException: Found a zero delay loop containing .dependencyLoop.original
  in .dependencyLoop and .dependencyLoop.original
    while executing
"java::new ptolemy.moml.MoMLSimpleApplication $file
"
    (procedure "createAndExecute" line 2)
    invoked from within
"createAndExecute $file"
    ("uplevel" body line 5)
    invoked from within
"uplevel $contents_of_test"
------------------ testing $PTII/ptolemy/domains/de/test/auto/knownFailedTests/FSMSource.xml (Known Failure) 
76 ms. Memory: 129024K Free: 110587K (86%)
!!!! Auto was marked as failing, but now passes
------------------ testing $PTII/ptolemy/domains/de/test/auto/knownFailedTests/HierarchicalModel.xml (Known Failure) 
14 ms. Memory: 129024K Free: 93141K (72%)


==== $PTIIhome/travis/build/icyphy/ptII/ptolemy/domains/de/test/../../../../: Auto Automatic test in file $PTII/ptolemy/domains/de/test/auto/knownFailedTests/HierarchicalModel.xml
==== Contents of test case:

	    # FIXME: we should use $relativeFilename here, but it
	    # might have backslashes under Windows, which causes no end
	    # of trouble.
	    createAndExecute $file
	    list {}
	
.... Test generated KNOWN error:
    while executing
ptolemy.kernel.util.IllegalActionException: Found a zero delay loop containing .HierarchicalModel.A
  in .HierarchicalModel and .HierarchicalModel.A
	at ptolemy.actor.util.CausalityInterfaceForComposites._computeOutputPortDepth(CausalityInterfaceForComposites.java:759)
	at ptolemy.actor.util.CausalityInterfaceForComposites._computeInputDepth(CausalityInterfaceForComposites.java:696)
	at ptolemy.actor.util.CausalityInterfaceForComposites._computeOutputPortDepth(CausalityInterfaceForComposites.java:765)
	at ptolemy.actor.util.CausalityInterfaceForComposites._computeInputDepth(CausalityInterfaceForComposites.java:696)
	at ptolemy.actor.util.CausalityInterfaceForComposites._computeOutputPortDepth(CausalityInterfaceForComposites.java:765)
	at ptolemy.actor.util.CausalityInterfaceForComposites._computeInputDepth(CausalityInterfaceForComposites.java:696)
	at ptolemy.actor.util.CausalityInterfaceForComposites._computeActorDepth(CausalityInterfaceForComposites.java:532)
	at ptolemy.actor.util.CausalityInterfaceForComposites.checkForCycles(CausalityInterfaceForComposites.java:96)
	at ptolemy.domains.de.kernel.DEDirector.preinitialize(DEDirector.java:1338)
	at ptolemy.actor.CompositeActor.preinitialize(CompositeActor.java:1828)
	at ptolemy.actor.Manager.preinitializeAndResolveTypes(Manager.java:1040)
	at ptolemy.actor.Manager.initialize(Manager.java:710)
	at ptolemy.actor.Manager.execute(Manager.java:356)
	at ptolemy.actor.Manager.run(Manager.java:1263)
	at ptolemy.actor.Manager$PtolemyRunThread.run(Manager.java:1933)

    while executing
ptolemy.kernel.util.IllegalActionException: Found a zero delay loop containing .HierarchicalModel.A
  in .HierarchicalModel and .HierarchicalModel.A
    while executing
"java::new ptolemy.moml.MoMLSimpleApplication $file
"
    (procedure "createAndExecute" line 2)
    invoked from within
"createAndExecute $file"
    ("uplevel" body line 5)
    invoked from within
"uplevel $contents_of_test"
------------------ testing $PTII/ptolemy/domains/de/test/auto/knownFailedTests/dependencyLoop2.xml (Known Failure) 
5 ms. Memory: 129024K Free: 77208K (60%)


==== $PTIIhome/travis/build/icyphy/ptII/ptolemy/domains/de/test/../../../../: Auto Automatic test in file $PTII/ptolemy/domains/de/test/auto/knownFailedTests/dependencyLoop2.xml
==== Contents of test case:

	    # FIXME: we should use $relativeFilename here, but it
	    # might have backslashes under Windows, which causes no end
	    # of trouble.
	    createAndExecute $file
	    list {}
	
.... Test generated KNOWN error:
    while executing
ptolemy.kernel.util.IllegalActionException: Found a zero delay loop containing .dependencyLoop2.original
  in .dependencyLoop2 and .dependencyLoop2.original
	at ptolemy.actor.util.CausalityInterfaceForComposites._computeOutputPortDepth(CausalityInterfaceForComposites.java:759)
	at ptolemy.actor.util.CausalityInterfaceForComposites._computeInputDepth(CausalityInterfaceForComposites.java:696)
	at ptolemy.actor.util.CausalityInterfaceForComposites._computeOutputPortDepth(CausalityInterfaceForComposites.java:765)
	at ptolemy.actor.util.CausalityInterfaceForComposites._computeInputDepth(CausalityInterfaceForComposites.java:696)
	at ptolemy.actor.util.CausalityInterfaceForComposites._computeOutputPortDepth(CausalityInterfaceForComposites.java:765)
	at ptolemy.actor.util.CausalityInterfaceForComposites._computeInputDepth(CausalityInterfaceForComposites.java:696)
	at ptolemy.actor.util.CausalityInterfaceForComposites._computeActorDepth(CausalityInterfaceForComposites.java:532)
	at ptolemy.actor.util.CausalityInterfaceForComposites.checkForCycles(CausalityInterfaceForComposites.java:96)
	at ptolemy.domains.de.kernel.DEDirector.preinitialize(DEDirector.java:1338)
	at ptolemy.actor.CompositeActor.preinitialize(CompositeActor.java:1828)
	at ptolemy.actor.Manager.preinitializeAndResolveTypes(Manager.java:1040)
	at ptolemy.actor.Manager.initialize(Manager.java:710)
	at ptolemy.actor.Manager.execute(Manager.java:356)
	at ptolemy.actor.Manager.run(Manager.java:1263)
	at ptolemy.actor.Manager$PtolemyRunThread.run(Manager.java:1933)

    while executing
ptolemy.kernel.util.IllegalActionException: Found a zero delay loop containing .dependencyLoop2.original
  in .dependencyLoop2 and .dependencyLoop2.original
    while executing
"java::new ptolemy.moml.MoMLSimpleApplication $file
"
    (procedure "createAndExecute" line 2)
    invoked from within
"createAndExecute $file"
    ("uplevel" body line 5)
    invoked from within
"uplevel $contents_of_test"
------------------ testing $PTII/ptolemy/domains/de/test/auto/knownFailedTests/DESDFClockTest.xml (Known Failure) 
2048 ms. Memory: 129024K Free: 107612K (83%)


==== $PTIIhome/travis/build/icyphy/ptII/ptolemy/domains/de/test/../../../../: Auto Automatic test in file $PTII/ptolemy/domains/de/test/auto/knownFailedTests/DESDFClockTest.xml
==== Contents of test case:

	    # FIXME: we should use $relativeFilename here, but it
	    # might have backslashes under Windows, which causes no end
	    # of trouble.
	    createAndExecute $file
	    list {}
	
.... Test generated KNOWN error:
    while executing
ptolemy.kernel.util.IllegalActionException: Actor is not ready to fire.  Perhaps UpSample.prefire() returned false? Try debugging the actor by selecting "Listen to Actor".  Also, for SDF check moml for tokenConsumptionRate on input.
  in .DESDFClockTest.Play Bell.Copy1:SDF Director and .DESDFClockTest.Play Bell.UpSample
	at ptolemy.actor.sched.StaticSchedulingDirector.fire(StaticSchedulingDirector.java:227)
	at ptolemy.domains.sdf.kernel.SDFDirector.fire(SDFDirector.java:500)
	at ptolemy.actor.CompositeActor.fire(CompositeActor.java:455)
	at ptolemy.domains.de.kernel.DEDirector._fire(DEDirector.java:1949)
	at ptolemy.domains.de.kernel.DEDirector.fire(DEDirector.java:502)
	at ptolemy.actor.CompositeActor.fire(CompositeActor.java:455)
	at ptolemy.actor.Manager.iterate(Manager.java:851)
	at ptolemy.actor.Manager.execute(Manager.java:369)
	at ptolemy.actor.Manager.run(Manager.java:1263)
	at ptolemy.actor.Manager$PtolemyRunThread.run(Manager.java:1933)

    while executing
ptolemy.kernel.util.IllegalActionException: Actor is not ready to fire.  Perhaps UpSample.prefire() returned false? Try debugging the actor by selecting "Listen to Actor".  Also, for SDF check moml for tokenConsumptionRate on input.
  in .DESDFClockTest.Play Bell.Copy1:SDF Director and .DESDFClockTest.Play Bell.UpSample
    while executing
"java::new ptolemy.moml.MoMLSimpleApplication $file
"
    (procedure "createAndExecute" line 2)
    invoked from within
"createAndExecute $file"
    ("uplevel" body line 5)
    invoked from within
"uplevel $contents_of_test"
------------------ testing $PTII/ptolemy/domains/de/test/auto/ActorDepthCalculation_actorWithoutPorts.xml
auto.tcl: Setting watchdog for 200 seconds at Thu Apr 02 13:41:57 UTC 2020
7 ms. Memory: 129024K Free: 99934K (77%)
ptolemy.util.test.WatchDog.cancel(): canceling Thu Apr 02 13:41:57 UTC 2020
auto.tcl: Setting watchdog for 200 seconds at Thu Apr 02 13:41:57 UTC 2020
9 ms. Memory: 129024K Free: 98908K (77%)
ptolemy.util.test.WatchDog.cancel(): canceling Thu Apr 02 13:41:57 UTC 2020
------------------ testing $PTII/ptolemy/domains/de/test/auto/AssemblyLine.xml
auto.tcl: Setting watchdog for 200 seconds at Thu Apr 02 13:41:57 UTC 2020
20 ms. Memory: 51200K Free: 27226K (53%)
ptolemy.util.test.WatchDog.cancel(): canceling Thu Apr 02 13:41:58 UTC 2020
auto.tcl: Setting watchdog for 200 seconds at Thu Apr 02 13:41:58 UTC 2020
6 ms. Memory: 51200K Free: 26742K (52%)
ptolemy.util.test.WatchDog.cancel(): canceling Thu Apr 02 13:41:58 UTC 2020
------------------ testing $PTII/ptolemy/domains/de/test/auto/CQBug1.xml
auto.tcl: Setting watchdog for 200 seconds at Thu Apr 02 13:41:58 UTC 2020
3 ms. Memory: 51200K Free: 33836K (66%)
ptolemy.util.test.WatchDog.cancel(): canceling Thu Apr 02 13:41:58 UTC 2020
auto.tcl: Setting watchdog for 200 seconds at Thu Apr 02 13:41:58 UTC 2020
4 ms. Memory: 51200K Free: 33340K (65%)
ptolemy.util.test.WatchDog.cancel(): canceling Thu Apr 02 13:41:58 UTC 2020
------------------ testing $PTII/ptolemy/domains/de/test/auto/CancelFireAt.xml
auto.tcl: Setting watchdog for 200 seconds at Thu Apr 02 13:41:58 UTC 2020
2 ms. Memory: 51200K Free: 34696K (68%)
ptolemy.util.test.WatchDog.cancel(): canceling Thu Apr 02 13:41:58 UTC 2020
auto.tcl: Setting watchdog for 200 seconds at Thu Apr 02 13:41:58 UTC 2020
2 ms. Memory: 51200K Free: 34220K (67%)
ptolemy.util.test.WatchDog.cancel(): canceling Thu Apr 02 13:41:58 UTC 2020
------------------ testing $PTII/ptolemy/domains/de/test/auto/CausalityAndComposabilityAnalysis.xml
auto.tcl: Setting watchdog for 200 seconds at Thu Apr 02 13:41:58 UTC 2020
10 ms. Memory: 48128K Free: 29384K (61%)
ptolemy.util.test.WatchDog.cancel(): canceling Thu Apr 02 13:41:58 UTC 2020
auto.tcl: Setting watchdog for 200 seconds at Thu Apr 02 13:41:58 UTC 2020
6 ms. Memory: 48128K Free: 28887K (60%)
ptolemy.util.test.WatchDog.cancel(): canceling Thu Apr 02 13:41:58 UTC 2020
------------------ testing $PTII/ptolemy/domains/de/test/auto/CausalityInterface1.xml
auto.tcl: Setting watchdog for 200 seconds at Thu Apr 02 13:41:58 UTC 2020
28 ms. Memory: 48128K Free: 28352K (59%)
ptolemy.util.test.WatchDog.cancel(): canceling Thu Apr 02 13:41:58 UTC 2020
auto.tcl: Setting watchdog for 200 seconds at Thu Apr 02 13:41:58 UTC 2020
4 ms. Memory: 48128K Free: 27376K (57%)
ptolemy.util.test.WatchDog.cancel(): canceling Thu Apr 02 13:41:58 UTC 2020
------------------ testing $PTII/ptolemy/domains/de/test/auto/CausalityInterface15.xml
auto.tcl: Setting watchdog for 200 seconds at Thu Apr 02 13:41:58 UTC 2020
3 ms. Memory: 48128K Free: 28010K (58%)
ptolemy.util.test.WatchDog.cancel(): canceling Thu Apr 02 13:41:58 UTC 2020
auto.tcl: Setting watchdog for 200 seconds at Thu Apr 02 13:41:58 UTC 2020
3 ms. Memory: 48128K Free: 27329K (57%)
ptolemy.util.test.WatchDog.cancel(): canceling Thu Apr 02 13:41:58 UTC 2020
------------------ testing $PTII/ptolemy/domains/de/test/auto/CausalityInterface2.xml
auto.tcl: Setting watchdog for 200 seconds at Thu Apr 02 13:41:58 UTC 2020
8 ms. Memory: 48128K Free: 28983K (60%)
ptolemy.util.test.WatchDog.cancel(): canceling Thu Apr 02 13:41:58 UTC 2020
auto.tcl: Setting watchdog for 200 seconds at Thu Apr 02 13:41:58 UTC 2020
2 ms. Memory: 48128K Free: 28233K (59%)
ptolemy.util.test.WatchDog.cancel(): canceling Thu Apr 02 13:41:58 UTC 2020
------------------ testing $PTII/ptolemy/domains/de/test/auto/CausalityInterface3.xml
auto.tcl: Setting watchdog for 200 seconds at Thu Apr 02 13:41:58 UTC 2020
7 ms. Memory: 48128K Free: 28444K (59%)
ptolemy.util.test.WatchDog.cancel(): canceling Thu Apr 02 13:41:58 UTC 2020
auto.tcl: Setting watchdog for 200 seconds at Thu Apr 02 13:41:58 UTC 2020
3 ms. Memory: 48128K Free: 27919K (58%)
ptolemy.util.test.WatchDog.cancel(): canceling Thu Apr 02 13:41:58 UTC 2020
------------------ testing $PTII/ptolemy/domains/de/test/auto/ClockDrift.xml
auto.tcl: Setting watchdog for 200 seconds at Thu Apr 02 13:41:58 UTC 2020
79 ms. Memory: 48128K Free: 20813K (43%)
ptolemy.util.test.WatchDog.cancel(): canceling Thu Apr 02 13:41:58 UTC 2020
auto.tcl: Setting watchdog for 200 seconds at Thu Apr 02 13:41:58 UTC 2020
53 ms. Memory: 48128K Free: 17622K (37%)
ptolemy.util.test.WatchDog.cancel(): canceling Thu Apr 02 13:41:58 UTC 2020
------------------ testing $PTII/ptolemy/domains/de/test/auto/ClockDriftAndValueChange.xml
auto.tcl: Setting watchdog for 200 seconds at Thu Apr 02 13:41:58 UTC 2020
38 ms. Memory: 48128K Free: 21498K (45%)
ptolemy.util.test.WatchDog.cancel(): canceling Thu Apr 02 13:41:58 UTC 2020
auto.tcl: Setting watchdog for 200 seconds at Thu Apr 02 13:41:58 UTC 2020
14 ms. Memory: 48128K Free: 18557K (39%)
ptolemy.util.test.WatchDog.cancel(): canceling Thu Apr 02 13:41:58 UTC 2020
------------------ testing $PTII/ptolemy/domains/de/test/auto/ClockDriftChange.xml
auto.tcl: Setting watchdog for 200 seconds at Thu Apr 02 13:41:58 UTC 2020
19 ms. Memory: 48128K Free: 22915K (48%)
ptolemy.util.test.WatchDog.cancel(): canceling Thu Apr 02 13:41:59 UTC 2020
auto.tcl: Setting watchdog for 200 seconds at Thu Apr 02 13:41:59 UTC 2020
19 ms. Memory: 48128K Free: 20371K (42%)
ptolemy.util.test.WatchDog.cancel(): canceling Thu Apr 02 13:41:59 UTC 2020
------------------ testing $PTII/ptolemy/domains/de/test/auto/ComposableCausalityAnalysis.xml
auto.tcl: Setting watchdog for 200 seconds at Thu Apr 02 13:41:59 UTC 2020
4 ms. Memory: 48128K Free: 27605K (57%)
ptolemy.util.test.WatchDog.cancel(): canceling Thu Apr 02 13:41:59 UTC 2020
auto.tcl: Setting watchdog for 200 seconds at Thu Apr 02 13:41:59 UTC 2020
4 ms. Memory: 48128K Free: 26485K (55%)
ptolemy.util.test.WatchDog.cancel(): canceling Thu Apr 02 13:41:59 UTC 2020
------------------ testing $PTII/ptolemy/domains/de/test/auto/DEFixedPointLimitation.xml
auto.tcl: Setting watchdog for 200 seconds at Thu Apr 02 13:41:59 UTC 2020
2 ms. Memory: 48128K Free: 28911K (60%)
ptolemy.util.test.WatchDog.cancel(): canceling Thu Apr 02 13:41:59 UTC 2020
auto.tcl: Setting watchdog for 200 seconds at Thu Apr 02 13:41:59 UTC 2020
2 ms. Memory: 48128K Free: 27987K (58%)
ptolemy.util.test.WatchDog.cancel(): canceling Thu Apr 02 13:41:59 UTC 2020
------------------ testing $PTII/ptolemy/domains/de/test/auto/DEScheduleTest.xml
auto.tcl: Setting watchdog for 200 seconds at Thu Apr 02 13:41:59 UTC 2020
4 ms. Memory: 48128K Free: 29187K (61%)
ptolemy.util.test.WatchDog.cancel(): canceling Thu Apr 02 13:41:59 UTC 2020
auto.tcl: Setting watchdog for 200 seconds at Thu Apr 02 13:41:59 UTC 2020
2 ms. Memory: 48128K Free: 28413K (59%)
ptolemy.util.test.WatchDog.cancel(): canceling Thu Apr 02 13:41:59 UTC 2020
------------------ testing $PTII/ptolemy/domains/de/test/auto/DEinDEwithStartTimes.xml
auto.tcl: Setting watchdog for 200 seconds at Thu Apr 02 13:41:59 UTC 2020
4 ms. Memory: 48128K Free: 27358K (57%)
ptolemy.util.test.WatchDog.cancel(): canceling Thu Apr 02 13:41:59 UTC 2020
auto.tcl: Setting watchdog for 200 seconds at Thu Apr 02 13:41:59 UTC 2020
4 ms. Memory: 48128K Free: 26307K (55%)
ptolemy.util.test.WatchDog.cancel(): canceling Thu Apr 02 13:41:59 UTC 2020
------------------ testing $PTII/ptolemy/domains/de/test/auto/DEinDEwithStartTimes2.xml
auto.tcl: Setting watchdog for 200 seconds at Thu Apr 02 13:41:59 UTC 2020
4 ms. Memory: 48128K Free: 26560K (55%)
ptolemy.util.test.WatchDog.cancel(): canceling Thu Apr 02 13:41:59 UTC 2020
auto.tcl: Setting watchdog for 200 seconds at Thu Apr 02 13:41:59 UTC 2020
3 ms. Memory: 48128K Free: 25262K (52%)
ptolemy.util.test.WatchDog.cancel(): canceling Thu Apr 02 13:41:59 UTC 2020
------------------ testing $PTII/ptolemy/domains/de/test/auto/DateDemo.xml
auto.tcl: Setting watchdog for 200 seconds at Thu Apr 02 13:41:59 UTC 2020
12 ms. Memory: 48128K Free: 21466K (45%)
ptolemy.util.test.WatchDog.cancel(): canceling Thu Apr 02 13:41:59 UTC 2020
auto.tcl: Setting watchdog for 200 seconds at Thu Apr 02 13:41:59 UTC 2020
6 ms. Memory: 48128K Free: 19720K (41%)
ptolemy.util.test.WatchDog.cancel(): canceling Thu Apr 02 13:41:59 UTC 2020
------------------ testing $PTII/ptolemy/domains/de/test/auto/DateToEvent.xml
auto.tcl: Setting watchdog for 200 seconds at Thu Apr 02 13:41:59 UTC 2020
2010 ms. Memory: 48128K Free: 16375K (34%)
ptolemy.util.test.WatchDog.cancel(): canceling Thu Apr 02 13:42:01 UTC 2020
auto.tcl: Setting watchdog for 200 seconds at Thu Apr 02 13:42:01 UTC 2020
2004 ms. Memory: 48128K Free: 15990K (33%)
ptolemy.util.test.WatchDog.cancel(): canceling Thu Apr 02 13:42:03 UTC 2020
------------------ testing $PTII/ptolemy/domains/de/test/auto/DepthTest1.xml
auto.tcl: Setting watchdog for 200 seconds at Thu Apr 02 13:42:03 UTC 2020
4 ms. Memory: 48128K Free: 30107K (63%)
ptolemy.util.test.WatchDog.cancel(): canceling Thu Apr 02 13:42:03 UTC 2020
auto.tcl: Setting watchdog for 200 seconds at Thu Apr 02 13:42:03 UTC 2020
1 ms. Memory: 48128K Free: 29580K (61%)
ptolemy.util.test.WatchDog.cancel(): canceling Thu Apr 02 13:42:03 UTC 2020
------------------ testing $PTII/ptolemy/domains/de/test/auto/DepthTest2.xml
auto.tcl: Setting watchdog for 200 seconds at Thu Apr 02 13:42:03 UTC 2020
3 ms. Memory: 48128K Free: 26788K (56%)
ptolemy.util.test.WatchDog.cancel(): canceling Thu Apr 02 13:42:03 UTC 2020
auto.tcl: Setting watchdog for 200 seconds at Thu Apr 02 13:42:03 UTC 2020
2 ms. Memory: 48128K Free: 26303K (55%)
ptolemy.util.test.WatchDog.cancel(): canceling Thu Apr 02 13:42:03 UTC 2020
------------------ testing $PTII/ptolemy/domains/de/test/auto/DepthTest3.xml
auto.tcl: Setting watchdog for 200 seconds at Thu Apr 02 13:42:03 UTC 2020
3 ms. Memory: 48128K Free: 30304K (63%)
ptolemy.util.test.WatchDog.cancel(): canceling Thu Apr 02 13:42:03 UTC 2020
auto.tcl: Setting watchdog for 200 seconds at Thu Apr 02 13:42:03 UTC 2020
2 ms. Memory: 48128K Free: 29922K (62%)
ptolemy.util.test.WatchDog.cancel(): canceling Thu Apr 02 13:42:03 UTC 2020
------------------ testing $PTII/ptolemy/domains/de/test/auto/DepthTest4.xml
auto.tcl: Setting watchdog for 200 seconds at Thu Apr 02 13:42:03 UTC 2020
5 ms. Memory: 48128K Free: 28668K (60%)
ptolemy.util.test.WatchDog.cancel(): canceling Thu Apr 02 13:42:03 UTC 2020
auto.tcl: Setting watchdog for 200 seconds at Thu Apr 02 13:42:03 UTC 2020
2 ms. Memory: 48128K Free: 27937K (58%)
ptolemy.util.test.WatchDog.cancel(): canceling Thu Apr 02 13:42:03 UTC 2020
------------------ testing $PTII/ptolemy/domains/de/test/auto/DepthTest5.xml
auto.tcl: Setting watchdog for 200 seconds at Thu Apr 02 13:42:03 UTC 2020
3 ms. Memory: 48128K Free: 28046K (58%)
ptolemy.util.test.WatchDog.cancel(): canceling Thu Apr 02 13:42:03 UTC 2020
auto.tcl: Setting watchdog for 200 seconds at Thu Apr 02 13:42:03 UTC 2020
2 ms. Memory: 48128K Free: 27264K (57%)
ptolemy.util.test.WatchDog.cancel(): canceling Thu Apr 02 13:42:03 UTC 2020
------------------ testing $PTII/ptolemy/domains/de/test/auto/DepthTest6.xml
auto.tcl: Setting watchdog for 200 seconds at Thu Apr 02 13:42:04 UTC 2020
4 ms. Memory: 48128K Free: 27741K (58%)
ptolemy.util.test.WatchDog.cancel(): canceling Thu Apr 02 13:42:04 UTC 2020
auto.tcl: Setting watchdog for 200 seconds at Thu Apr 02 13:42:04 UTC 2020
2 ms. Memory: 48128K Free: 27240K (57%)
ptolemy.util.test.WatchDog.cancel(): canceling Thu Apr 02 13:42:04 UTC 2020
------------------ testing $PTII/ptolemy/domains/de/test/auto/DepthTest7.xml
auto.tcl: Setting watchdog for 200 seconds at Thu Apr 02 13:42:04 UTC 2020
2 ms. Memory: 48128K Free: 28262K (59%)
ptolemy.util.test.WatchDog.cancel(): canceling Thu Apr 02 13:42:04 UTC 2020
auto.tcl: Setting watchdog for 200 seconds at Thu Apr 02 13:42:04 UTC 2020
2 ms. Memory: 48128K Free: 27858K (58%)
ptolemy.util.test.WatchDog.cancel(): canceling Thu Apr 02 13:42:04 UTC 2020
------------------ testing $PTII/ptolemy/domains/de/test/auto/EventToDate.xml
auto.tcl: Setting watchdog for 200 seconds at Thu Apr 02 13:42:04 UTC 2020
3014 ms. Memory: 48128K Free: 19141K (40%)
ptolemy.util.test.WatchDog.cancel(): canceling Thu Apr 02 13:42:07 UTC 2020
auto.tcl: Setting watchdog for 200 seconds at Thu Apr 02 13:42:07 UTC 2020
3004 ms. Memory: 48128K Free: 18291K (38%)
ptolemy.util.test.WatchDog.cancel(): canceling Thu Apr 02 13:42:10 UTC 2020
------------------ testing $PTII/ptolemy/domains/de/test/auto/FSM1.xml
auto.tcl: Setting watchdog for 200 seconds at Thu Apr 02 13:42:10 UTC 2020
40 ms. Memory: 48128K Free: 20120K (42%)
ptolemy.util.test.WatchDog.cancel(): canceling Thu Apr 02 13:42:10 UTC 2020
auto.tcl: Setting watchdog for 200 seconds at Thu Apr 02 13:42:10 UTC 2020
14 ms. Memory: 48128K Free: 16988K (35%)
ptolemy.util.test.WatchDog.cancel(): canceling Thu Apr 02 13:42:10 UTC 2020
------------------ testing $PTII/ptolemy/domains/de/test/auto/FSM7.xml
auto.tcl: Setting watchdog for 200 seconds at Thu Apr 02 13:42:10 UTC 2020
16 ms. Memory: 48128K Free: 20515K (43%)
ptolemy.util.test.WatchDog.cancel(): canceling Thu Apr 02 13:42:10 UTC 2020
auto.tcl: Setting watchdog for 200 seconds at Thu Apr 02 13:42:10 UTC 2020
18 ms. Memory: 48128K Free: 17207K (36%)
ptolemy.util.test.WatchDog.cancel(): canceling Thu Apr 02 13:42:10 UTC 2020
------------------ testing $PTII/ptolemy/domains/de/test/auto/Inspection.xml
auto.tcl: Setting watchdog for 200 seconds at Thu Apr 02 13:42:10 UTC 2020
26 ms. Memory: 48128K Free: 20093K (42%)
ptolemy.util.test.WatchDog.cancel(): canceling Thu Apr 02 13:42:10 UTC 2020
auto.tcl: Setting watchdog for 200 seconds at Thu Apr 02 13:42:10 UTC 2020
17 ms. Memory: 48128K Free: 18216K (38%)
ptolemy.util.test.WatchDog.cancel(): canceling Thu Apr 02 13:42:10 UTC 2020
------------------ testing $PTII/ptolemy/domains/de/test/auto/Iteration.xml
auto.tcl: Setting watchdog for 200 seconds at Thu Apr 02 13:42:10 UTC 2020
11 ms. Memory: 48128K Free: 26067K (54%)
ptolemy.util.test.WatchDog.cancel(): canceling Thu Apr 02 13:42:10 UTC 2020
auto.tcl: Setting watchdog for 200 seconds at Thu Apr 02 13:42:10 UTC 2020
6 ms. Memory: 48128K Free: 25007K (52%)
ptolemy.util.test.WatchDog.cancel(): canceling Thu Apr 02 13:42:10 UTC 2020
------------------ testing $PTII/ptolemy/domains/de/test/auto/LineFault.xml
auto.tcl: Setting watchdog for 200 seconds at Thu Apr 02 13:42:10 UTC 2020
603 ms. Memory: 48128K Free: 19581K (41%)
ptolemy.util.test.WatchDog.cancel(): canceling Thu Apr 02 13:42:11 UTC 2020
auto.tcl: Setting watchdog for 200 seconds at Thu Apr 02 13:42:11 UTC 2020
478 ms. Memory: 58368K Free: 38214K (65%)
ptolemy.util.test.WatchDog.cancel(): canceling Thu Apr 02 13:42:12 UTC 2020
------------------ testing $PTII/ptolemy/domains/de/test/auto/MergeModel1Add.xml
auto.tcl: Setting watchdog for 200 seconds at Thu Apr 02 13:42:12 UTC 2020
24 ms. Memory: 58368K Free: 21736K (37%)
ptolemy.util.test.WatchDog.cancel(): canceling Thu Apr 02 13:42:12 UTC 2020
auto.tcl: Setting watchdog for 200 seconds at Thu Apr 02 13:42:12 UTC 2020
7 ms. Memory: 58368K Free: 20013K (34%)
ptolemy.util.test.WatchDog.cancel(): canceling Thu Apr 02 13:42:12 UTC 2020
------------------ testing $PTII/ptolemy/domains/de/test/auto/MergeModel2Add.xml
auto.tcl: Setting watchdog for 200 seconds at Thu Apr 02 13:42:12 UTC 2020
7 ms. Memory: 51200K Free: 17428K (34%)
ptolemy.util.test.WatchDog.cancel(): canceling Thu Apr 02 13:42:12 UTC 2020
auto.tcl: Setting watchdog for 200 seconds at Thu Apr 02 13:42:12 UTC 2020
5 ms. Memory: 51200K Free: 15801K (31%)
ptolemy.util.test.WatchDog.cancel(): canceling Thu Apr 02 13:42:12 UTC 2020
------------------ testing $PTII/ptolemy/domains/de/test/auto/MergeModel3Add.xml
auto.tcl: Setting watchdog for 200 seconds at Thu Apr 02 13:42:12 UTC 2020
8 ms. Memory: 51200K Free: 17163K (34%)
ptolemy.util.test.WatchDog.cancel(): canceling Thu Apr 02 13:42:12 UTC 2020
auto.tcl: Setting watchdog for 200 seconds at Thu Apr 02 13:42:12 UTC 2020
7 ms. Memory: 51200K Free: 15808K (31%)
ptolemy.util.test.WatchDog.cancel(): canceling Thu Apr 02 13:42:12 UTC 2020
------------------ testing $PTII/ptolemy/domains/de/test/auto/MergeWithoutDiscard.xml
auto.tcl: Setting watchdog for 200 seconds at Thu Apr 02 13:42:12 UTC 2020
1 ms. Memory: 51200K Free: 31513K (62%)
ptolemy.util.test.WatchDog.cancel(): canceling Thu Apr 02 13:42:12 UTC 2020
auto.tcl: Setting watchdog for 200 seconds at Thu Apr 02 13:42:12 UTC 2020
1 ms. Memory: 51200K Free: 31074K (61%)
ptolemy.util.test.WatchDog.cancel(): canceling Thu Apr 02 13:42:12 UTC 2020
------------------ testing $PTII/ptolemy/domains/de/test/auto/Modal1.xml
auto.tcl: Setting watchdog for 200 seconds at Thu Apr 02 13:42:12 UTC 2020
17 ms. Memory: 51200K Free: 23888K (47%)
ptolemy.util.test.WatchDog.cancel(): canceling Thu Apr 02 13:42:12 UTC 2020
auto.tcl: Setting watchdog for 200 seconds at Thu Apr 02 13:42:12 UTC 2020
21 ms. Memory: 51200K Free: 20599K (40%)
ptolemy.util.test.WatchDog.cancel(): canceling Thu Apr 02 13:42:12 UTC 2020
------------------ testing $PTII/ptolemy/domains/de/test/auto/Modal2.xml
auto.tcl: Setting watchdog for 200 seconds at Thu Apr 02 13:42:12 UTC 2020
10 ms. Memory: 51200K Free: 23744K (46%)
ptolemy.util.test.WatchDog.cancel(): canceling Thu Apr 02 13:42:12 UTC 2020
auto.tcl: Setting watchdog for 200 seconds at Thu Apr 02 13:42:12 UTC 2020
12 ms. Memory: 51200K Free: 20497K (40%)
ptolemy.util.test.WatchDog.cancel(): canceling Thu Apr 02 13:42:12 UTC 2020
------------------ testing $PTII/ptolemy/domains/de/test/auto/Modal3.xml
auto.tcl: Setting watchdog for 200 seconds at Thu Apr 02 13:42:12 UTC 2020
12 ms. Memory: 51200K Free: 23293K (45%)
ptolemy.util.test.WatchDog.cancel(): canceling Thu Apr 02 13:42:12 UTC 2020
auto.tcl: Setting watchdog for 200 seconds at Thu Apr 02 13:42:12 UTC 2020
13 ms. Memory: 51200K Free: 20155K (39%)
ptolemy.util.test.WatchDog.cancel(): canceling Thu Apr 02 13:42:12 UTC 2020
------------------ testing $PTII/ptolemy/domains/de/test/auto/Modal4.xml
auto.tcl: Setting watchdog for 200 seconds at Thu Apr 02 13:42:12 UTC 2020
12 ms. Memory: 51200K Free: 22737K (44%)
ptolemy.util.test.WatchDog.cancel(): canceling Thu Apr 02 13:42:12 UTC 2020
auto.tcl: Setting watchdog for 200 seconds at Thu Apr 02 13:42:12 UTC 2020
19 ms. Memory: 51200K Free: 18879K (37%)
ptolemy.util.test.WatchDog.cancel(): canceling Thu Apr 02 13:42:12 UTC 2020
------------------ testing $PTII/ptolemy/domains/de/test/auto/Modal5.xml
auto.tcl: Setting watchdog for 200 seconds at Thu Apr 02 13:42:12 UTC 2020
14 ms. Memory: 51200K Free: 22693K (44%)
ptolemy.util.test.WatchDog.cancel(): canceling Thu Apr 02 13:42:12 UTC 2020
auto.tcl: Setting watchdog for 200 seconds at Thu Apr 02 13:42:12 UTC 2020
17 ms. Memory: 51200K Free: 18865K (37%)
ptolemy.util.test.WatchDog.cancel(): canceling Thu Apr 02 13:42:12 UTC 2020
------------------ testing $PTII/ptolemy/domains/de/test/auto/Modal6.xml
auto.tcl: Setting watchdog for 200 seconds at Thu Apr 02 13:42:13 UTC 2020
11 ms. Memory: 51200K Free: 23510K (46%)
ptolemy.util.test.WatchDog.cancel(): canceling Thu Apr 02 13:42:13 UTC 2020
auto.tcl: Setting watchdog for 200 seconds at Thu Apr 02 13:42:13 UTC 2020
13 ms. Memory: 51200K Free: 19512K (38%)
ptolemy.util.test.WatchDog.cancel(): canceling Thu Apr 02 13:42:13 UTC 2020
------------------ testing $PTII/ptolemy/domains/de/test/auto/Modal7.xml
auto.tcl: Setting watchdog for 200 seconds at Thu Apr 02 13:42:13 UTC 2020
8 ms. Memory: 51200K Free: 22465K (44%)
ptolemy.util.test.WatchDog.cancel(): canceling Thu Apr 02 13:42:13 UTC 2020
auto.tcl: Setting watchdog for 200 seconds at Thu Apr 02 13:42:13 UTC 2020
10 ms. Memory: 51200K Free: 18864K (37%)
ptolemy.util.test.WatchDog.cancel(): canceling Thu Apr 02 13:42:13 UTC 2020
------------------ testing $PTII/ptolemy/domains/de/test/auto/ModalModel.xml
auto.tcl: Setting watchdog for 200 seconds at Thu Apr 02 13:42:13 UTC 2020
175 ms. Memory: 51200K Free: 12322K (24%)
ptolemy.util.test.WatchDog.cancel(): canceling Thu Apr 02 13:42:13 UTC 2020
auto.tcl: Setting watchdog for 200 seconds at Thu Apr 02 13:42:13 UTC 2020
183 ms. Memory: 61440K Free: 44115K (72%)
ptolemy.util.test.WatchDog.cancel(): canceling Thu Apr 02 13:42:13 UTC 2020
------------------ testing $PTII/ptolemy/domains/de/test/auto/ModalSource.xml
auto.tcl: Setting watchdog for 200 seconds at Thu Apr 02 13:42:13 UTC 2020
5 ms. Memory: 58368K Free: 34706K (59%)
ptolemy.util.test.WatchDog.cancel(): canceling Thu Apr 02 13:42:13 UTC 2020
auto.tcl: Setting watchdog for 200 seconds at Thu Apr 02 13:42:13 UTC 2020
6 ms. Memory: 58368K Free: 32658K (56%)
ptolemy.util.test.WatchDog.cancel(): canceling Thu Apr 02 13:42:13 UTC 2020
------------------ testing $PTII/ptolemy/domains/de/test/auto/NonInterruptibleTimerZeroDelay.xml
auto.tcl: Setting watchdog for 200 seconds at Thu Apr 02 13:42:13 UTC 2020
3 ms. Memory: 55296K Free: 36516K (66%)
ptolemy.util.test.WatchDog.cancel(): canceling Thu Apr 02 13:42:13 UTC 2020
auto.tcl: Setting watchdog for 200 seconds at Thu Apr 02 13:42:13 UTC 2020
2 ms. Memory: 55296K Free: 35904K (65%)
ptolemy.util.test.WatchDog.cancel(): canceling Thu Apr 02 13:42:13 UTC 2020
------------------ testing $PTII/ptolemy/domains/de/test/auto/OpenQueueingNetwork.xml
auto.tcl: Setting watchdog for 200 seconds at Thu Apr 02 13:42:13 UTC 2020
2717 ms. Memory: 112640K Free: 62404K (55%)
ptolemy.util.test.WatchDog.cancel(): canceling Thu Apr 02 13:42:16 UTC 2020
auto.tcl: Setting watchdog for 200 seconds at Thu Apr 02 13:42:16 UTC 2020
2387 ms. Memory: 135168K Free: 50952K (38%)
ptolemy.util.test.WatchDog.cancel(): canceling Thu Apr 02 13:42:19 UTC 2020
------------------ testing $PTII/ptolemy/domains/de/test/auto/OpenQueuingNetwork.xml
auto.tcl: Setting watchdog for 200 seconds at Thu Apr 02 13:42:19 UTC 2020
229 ms. Memory: 58368K Free: 31068K (53%)
ptolemy.util.test.WatchDog.cancel(): canceling Thu Apr 02 13:42:19 UTC 2020
auto.tcl: Setting watchdog for 200 seconds at Thu Apr 02 13:42:19 UTC 2020
221 ms. Memory: 58368K Free: 13107K (22%)
ptolemy.util.test.WatchDog.cancel(): canceling Thu Apr 02 13:42:19 UTC 2020
------------------ testing $PTII/ptolemy/domains/de/test/auto/PeriodicSampler.xml
auto.tcl: Setting watchdog for 200 seconds at Thu Apr 02 13:42:19 UTC 2020
2 ms. Memory: 58368K Free: 38840K (67%)
ptolemy.util.test.WatchDog.cancel(): canceling Thu Apr 02 13:42:19 UTC 2020
auto.tcl: Setting watchdog for 200 seconds at Thu Apr 02 13:42:19 UTC 2020
1 ms. Memory: 58368K Free: 38326K (66%)
ptolemy.util.test.WatchDog.cancel(): canceling Thu Apr 02 13:42:19 UTC 2020
------------------ testing $PTII/ptolemy/domains/de/test/auto/PersistentIO.xml
auto.tcl: Setting watchdog for 200 seconds at Thu Apr 02 13:42:19 UTC 2020
14 ms. Memory: 55296K Free: 30692K (56%)
ptolemy.util.test.WatchDog.cancel(): canceling Thu Apr 02 13:42:19 UTC 2020
auto.tcl: Setting watchdog for 200 seconds at Thu Apr 02 13:42:19 UTC 2020
3 ms. Memory: 55296K Free: 29172K (53%)
ptolemy.util.test.WatchDog.cancel(): canceling Thu Apr 02 13:42:19 UTC 2020
------------------ testing $PTII/ptolemy/domains/de/test/auto/PortParameterResetOnInitialize.xml
auto.tcl: Setting watchdog for 200 seconds at Thu Apr 02 13:42:19 UTC 2020
2 ms. Memory: 55296K Free: 35886K (65%)
ptolemy.util.test.WatchDog.cancel(): canceling Thu Apr 02 13:42:19 UTC 2020
auto.tcl: Setting watchdog for 200 seconds at Thu Apr 02 13:42:19 UTC 2020
1 ms. Memory: 55296K Free: 35342K (64%)
ptolemy.util.test.WatchDog.cancel(): canceling Thu Apr 02 13:42:19 UTC 2020
------------------ testing $PTII/ptolemy/domains/de/test/auto/PortParameterUpdates.xml
auto.tcl: Setting watchdog for 200 seconds at Thu Apr 02 13:42:19 UTC 2020
5 ms. Memory: 51200K Free: 29664K (58%)
ptolemy.util.test.WatchDog.cancel(): canceling Thu Apr 02 13:42:19 UTC 2020
auto.tcl: Setting watchdog for 200 seconds at Thu Apr 02 13:42:19 UTC 2020
5 ms. Memory: 51200K Free: 28654K (56%)
ptolemy.util.test.WatchDog.cancel(): canceling Thu Apr 02 13:42:19 UTC 2020
------------------ testing $PTII/ptolemy/domains/de/test/auto/QueueAndServer.xml
auto.tcl: Setting watchdog for 200 seconds at Thu Apr 02 13:42:19 UTC 2020
14 ms. Memory: 51200K Free: 28536K (56%)
ptolemy.util.test.WatchDog.cancel(): canceling Thu Apr 02 13:42:19 UTC 2020
auto.tcl: Setting watchdog for 200 seconds at Thu Apr 02 13:42:19 UTC 2020
8 ms. Memory: 51200K Free: 27084K (53%)
ptolemy.util.test.WatchDog.cancel(): canceling Thu Apr 02 13:42:19 UTC 2020
------------------ testing $PTII/ptolemy/domains/de/test/auto/Records.xml
auto.tcl: Setting watchdog for 200 seconds at Thu Apr 02 13:42:19 UTC 2020
3 ms. Memory: 51200K Free: 30836K (60%)
ptolemy.util.test.WatchDog.cancel(): canceling Thu Apr 02 13:42:20 UTC 2020
auto.tcl: Setting watchdog for 200 seconds at Thu Apr 02 13:42:20 UTC 2020
2 ms. Memory: 51200K Free: 30329K (59%)
ptolemy.util.test.WatchDog.cancel(): canceling Thu Apr 02 13:42:20 UTC 2020
------------------ testing $PTII/ptolemy/domains/de/test/auto/ResetTransitionWithStartTime1.xml
auto.tcl: Setting watchdog for 200 seconds at Thu Apr 02 13:42:20 UTC 2020
12 ms. Memory: 51200K Free: 28117K (55%)
ptolemy.util.test.WatchDog.cancel(): canceling Thu Apr 02 13:42:20 UTC 2020
auto.tcl: Setting watchdog for 200 seconds at Thu Apr 02 13:42:20 UTC 2020
3 ms. Memory: 51200K Free: 25518K (50%)
ptolemy.util.test.WatchDog.cancel(): canceling Thu Apr 02 13:42:20 UTC 2020
------------------ testing $PTII/ptolemy/domains/de/test/auto/ResetTransitionWithStartTime2.xml
auto.tcl: Setting watchdog for 200 seconds at Thu Apr 02 13:42:20 UTC 2020
6 ms. Memory: 51200K Free: 28035K (55%)
ptolemy.util.test.WatchDog.cancel(): canceling Thu Apr 02 13:42:20 UTC 2020
auto.tcl: Setting watchdog for 200 seconds at Thu Apr 02 13:42:20 UTC 2020
6 ms. Memory: 51200K Free: 25987K (51%)
ptolemy.util.test.WatchDog.cancel(): canceling Thu Apr 02 13:42:20 UTC 2020
------------------ testing $PTII/ptolemy/domains/de/test/auto/ResetTransitionWithStartTime3.xml
auto.tcl: Setting watchdog for 200 seconds at Thu Apr 02 13:42:20 UTC 2020
7 ms. Memory: 51200K Free: 28034K (55%)
ptolemy.util.test.WatchDog.cancel(): canceling Thu Apr 02 13:42:20 UTC 2020
auto.tcl: Setting watchdog for 200 seconds at Thu Apr 02 13:42:20 UTC 2020
7 ms. Memory: 51200K Free: 25458K (50%)
ptolemy.util.test.WatchDog.cancel(): canceling Thu Apr 02 13:42:20 UTC 2020
------------------ testing $PTII/ptolemy/domains/de/test/auto/ResetTransitionWithStartTime4.xml
auto.tcl: Setting watchdog for 200 seconds at Thu Apr 02 13:42:20 UTC 2020
10 ms. Memory: 51200K Free: 28481K (56%)
ptolemy.util.test.WatchDog.cancel(): canceling Thu Apr 02 13:42:20 UTC 2020
auto.tcl: Setting watchdog for 200 seconds at Thu Apr 02 13:42:20 UTC 2020
4 ms. Memory: 51200K Free: 27009K (53%)
ptolemy.util.test.WatchDog.cancel(): canceling Thu Apr 02 13:42:20 UTC 2020
------------------ testing $PTII/ptolemy/domains/de/test/auto/ResettableTimer1.xml
auto.tcl: Setting watchdog for 200 seconds at Thu Apr 02 13:42:20 UTC 2020
3 ms. Memory: 51200K Free: 32200K (63%)
ptolemy.util.test.WatchDog.cancel(): canceling Thu Apr 02 13:42:20 UTC 2020
auto.tcl: Setting watchdog for 200 seconds at Thu Apr 02 13:42:20 UTC 2020
2 ms. Memory: 51200K Free: 31581K (62%)
ptolemy.util.test.WatchDog.cancel(): canceling Thu Apr 02 13:42:20 UTC 2020
------------------ testing $PTII/ptolemy/domains/de/test/auto/ResettableTimer2.xml
auto.tcl: Setting watchdog for 200 seconds at Thu Apr 02 13:42:20 UTC 2020
2 ms. Memory: 51200K Free: 32305K (63%)
ptolemy.util.test.WatchDog.cancel(): canceling Thu Apr 02 13:42:20 UTC 2020
auto.tcl: Setting watchdog for 200 seconds at Thu Apr 02 13:42:20 UTC 2020
3 ms. Memory: 51200K Free: 31661K (62%)
ptolemy.util.test.WatchDog.cancel(): canceling Thu Apr 02 13:42:20 UTC 2020
------------------ testing $PTII/ptolemy/domains/de/test/auto/ResettableTimer3.xml
auto.tcl: Setting watchdog for 200 seconds at Thu Apr 02 13:42:20 UTC 2020
1 ms. Memory: 51200K Free: 32677K (64%)
ptolemy.util.test.WatchDog.cancel(): canceling Thu Apr 02 13:42:20 UTC 2020
auto.tcl: Setting watchdog for 200 seconds at Thu Apr 02 13:42:20 UTC 2020
1 ms. Memory: 51200K Free: 32167K (63%)
ptolemy.util.test.WatchDog.cancel(): canceling Thu Apr 02 13:42:20 UTC 2020
------------------ testing $PTII/ptolemy/domains/de/test/auto/ResettableTimer4.xml
auto.tcl: Setting watchdog for 200 seconds at Thu Apr 02 13:42:20 UTC 2020
2 ms. Memory: 51200K Free: 32180K (63%)
ptolemy.util.test.WatchDog.cancel(): canceling Thu Apr 02 13:42:20 UTC 2020
auto.tcl: Setting watchdog for 200 seconds at Thu Apr 02 13:42:20 UTC 2020
2 ms. Memory: 51200K Free: 32180K (63%)
ptolemy.util.test.WatchDog.cancel(): canceling Thu Apr 02 13:42:20 UTC 2020
------------------ testing $PTII/ptolemy/domains/de/test/auto/ResettableTimer5.xml
auto.tcl: Setting watchdog for 200 seconds at Thu Apr 02 13:42:20 UTC 2020
1 ms. Memory: 51200K Free: 32178K (63%)
ptolemy.util.test.WatchDog.cancel(): canceling Thu Apr 02 13:42:20 UTC 2020
auto.tcl: Setting watchdog for 200 seconds at Thu Apr 02 13:42:20 UTC 2020
1 ms. Memory: 51200K Free: 31664K (62%)
ptolemy.util.test.WatchDog.cancel(): canceling Thu Apr 02 13:42:20 UTC 2020
------------------ testing $PTII/ptolemy/domains/de/test/auto/ResettableTimer6.xml
auto.tcl: Setting watchdog for 200 seconds at Thu Apr 02 13:42:20 UTC 2020
2 ms. Memory: 51200K Free: 31655K (62%)
ptolemy.util.test.WatchDog.cancel(): canceling Thu Apr 02 13:42:20 UTC 2020
auto.tcl: Setting watchdog for 200 seconds at Thu Apr 02 13:42:20 UTC 2020
2 ms. Memory: 51200K Free: 31145K (61%)
ptolemy.util.test.WatchDog.cancel(): canceling Thu Apr 02 13:42:20 UTC 2020
------------------ testing $PTII/ptolemy/domains/de/test/auto/ServerZeroDelay.xml
auto.tcl: Setting watchdog for 200 seconds at Thu Apr 02 13:42:20 UTC 2020
3 ms. Memory: 51200K Free: 32160K (63%)
ptolemy.util.test.WatchDog.cancel(): canceling Thu Apr 02 13:42:20 UTC 2020
auto.tcl: Setting watchdog for 200 seconds at Thu Apr 02 13:42:20 UTC 2020
2 ms. Memory: 51200K Free: 31136K (61%)
ptolemy.util.test.WatchDog.cancel(): canceling Thu Apr 02 13:42:20 UTC 2020
------------------ testing $PTII/ptolemy/domains/de/test/auto/SmartSender.xml
auto.tcl: Setting watchdog for 200 seconds at Thu Apr 02 13:42:20 UTC 2020
3001 ms. Memory: 51200K Free: 32154K (63%)
ptolemy.util.test.WatchDog.cancel(): canceling Thu Apr 02 13:42:23 UTC 2020
auto.tcl: Setting watchdog for 200 seconds at Thu Apr 02 13:42:23 UTC 2020
3001 ms. Memory: 51200K Free: 31648K (62%)
ptolemy.util.test.WatchDog.cancel(): canceling Thu Apr 02 13:42:26 UTC 2020
------------------ testing $PTII/ptolemy/domains/de/test/auto/ThreadedComposite.xml
auto.tcl: Setting watchdog for 200 seconds at Thu Apr 02 13:42:26 UTC 2020
185 ms. Memory: 51200K Free: 13222K (26%)
ptolemy.util.test.WatchDog.cancel(): canceling Thu Apr 02 13:42:27 UTC 2020
auto.tcl: Setting watchdog for 200 seconds at Thu Apr 02 13:42:27 UTC 2020
157 ms. Memory: 51200K Free: 28081K (55%)
ptolemy.util.test.WatchDog.cancel(): canceling Thu Apr 02 13:42:27 UTC 2020
------------------ testing $PTII/ptolemy/domains/de/test/auto/Time.xml
auto.tcl: Setting watchdog for 200 seconds at Thu Apr 02 13:42:27 UTC 2020
490 ms. Memory: 51200K Free: 35371K (69%)
ptolemy.util.test.WatchDog.cancel(): canceling Thu Apr 02 13:42:27 UTC 2020
auto.tcl: Setting watchdog for 200 seconds at Thu Apr 02 13:42:27 UTC 2020
445 ms. Memory: 69632K Free: 30198K (43%)
ptolemy.util.test.WatchDog.cancel(): canceling Thu Apr 02 13:42:28 UTC 2020
------------------ testing $PTII/ptolemy/domains/de/test/auto/TimeDelayZeroDelay.xml
auto.tcl: Setting watchdog for 200 seconds at Thu Apr 02 13:42:28 UTC 2020
2 ms. Memory: 51200K Free: 32083K (63%)
ptolemy.util.test.WatchDog.cancel(): canceling Thu Apr 02 13:42:28 UTC 2020
auto.tcl: Setting watchdog for 200 seconds at Thu Apr 02 13:42:28 UTC 2020
1 ms. Memory: 51200K Free: 31575K (62%)
ptolemy.util.test.WatchDog.cancel(): canceling Thu Apr 02 13:42:28 UTC 2020
------------------ testing $PTII/ptolemy/domains/de/test/auto/TimerZeroDelay.xml
auto.tcl: Setting watchdog for 200 seconds at Thu Apr 02 13:42:28 UTC 2020
2 ms. Memory: 51200K Free: 32520K (64%)
ptolemy.util.test.WatchDog.cancel(): canceling Thu Apr 02 13:42:28 UTC 2020
auto.tcl: Setting watchdog for 200 seconds at Thu Apr 02 13:42:28 UTC 2020
1 ms. Memory: 51200K Free: 32125K (63%)
ptolemy.util.test.WatchDog.cancel(): canceling Thu Apr 02 13:42:28 UTC 2020
------------------ testing $PTII/ptolemy/domains/de/test/auto/TimingParadox.xml
auto.tcl: Setting watchdog for 200 seconds at Thu Apr 02 13:42:28 UTC 2020
326 ms. Memory: 51200K Free: 20750K (41%)
ptolemy.util.test.WatchDog.cancel(): canceling Thu Apr 02 13:42:28 UTC 2020
auto.tcl: Setting watchdog for 200 seconds at Thu Apr 02 13:42:28 UTC 2020
281 ms. Memory: 51200K Free: 12168K (24%)
ptolemy.util.test.WatchDog.cancel(): canceling Thu Apr 02 13:42:29 UTC 2020
------------------ testing $PTII/ptolemy/domains/de/test/auto/TransferInputs.xml
auto.tcl: Setting watchdog for 200 seconds at Thu Apr 02 13:42:29 UTC 2020
2 ms. Memory: 51200K Free: 30593K (60%)
ptolemy.util.test.WatchDog.cancel(): canceling Thu Apr 02 13:42:29 UTC 2020
auto.tcl: Setting watchdog for 200 seconds at Thu Apr 02 13:42:29 UTC 2020
1 ms. Memory: 51200K Free: 29673K (58%)
ptolemy.util.test.WatchDog.cancel(): canceling Thu Apr 02 13:42:29 UTC 2020
------------------ testing $PTII/ptolemy/domains/de/test/auto/TransferOutputs2.xml
auto.tcl: Setting watchdog for 200 seconds at Thu Apr 02 13:42:29 UTC 2020
2 ms. Memory: 51200K Free: 28036K (55%)
ptolemy.util.test.WatchDog.cancel(): canceling Thu Apr 02 13:42:29 UTC 2020
auto.tcl: Setting watchdog for 200 seconds at Thu Apr 02 13:42:29 UTC 2020
1 ms. Memory: 51200K Free: 26617K (52%)
ptolemy.util.test.WatchDog.cancel(): canceling Thu Apr 02 13:42:29 UTC 2020
------------------ testing $PTII/ptolemy/domains/de/test/auto/Trilateration.xml
auto.tcl: Setting watchdog for 200 seconds at Thu Apr 02 13:42:29 UTC 2020
11479 ms. Memory: 464896K Free: 258927K (56%)
ptolemy.util.test.WatchDog.cancel(): canceling Thu Apr 02 13:42:41 UTC 2020
auto.tcl: Setting watchdog for 200 seconds at Thu Apr 02 13:42:41 UTC 2020
8828 ms. Memory: 464896K Free: 386321K (83%)
ptolemy.util.test.WatchDog.cancel(): canceling Thu Apr 02 13:42:50 UTC 2020
------------------ testing $PTII/ptolemy/domains/de/test/auto/TwoSigmaDelta.xml
auto.tcl: Setting watchdog for 200 seconds at Thu Apr 02 13:42:50 UTC 2020
2231 ms. Memory: 92160K Free: 33314K (36%)
ptolemy.util.test.WatchDog.cancel(): canceling Thu Apr 02 13:42:52 UTC 2020
auto.tcl: Setting watchdog for 200 seconds at Thu Apr 02 13:42:52 UTC 2020
1676 ms. Memory: 92160K Free: 37452K (41%)
ptolemy.util.test.WatchDog.cancel(): canceling Thu Apr 02 13:42:54 UTC 2020
------------------ testing $PTII/ptolemy/domains/de/test/auto/VariableDelay.xml
auto.tcl: Setting watchdog for 200 seconds at Thu Apr 02 13:42:54 UTC 2020
3 ms. Memory: 58368K Free: 38237K (66%)
ptolemy.util.test.WatchDog.cancel(): canceling Thu Apr 02 13:42:54 UTC 2020
auto.tcl: Setting watchdog for 200 seconds at Thu Apr 02 13:42:54 UTC 2020
2 ms. Memory: 58368K Free: 37229K (64%)
ptolemy.util.test.WatchDog.cancel(): canceling Thu Apr 02 13:42:54 UTC 2020
------------------ testing $PTII/ptolemy/domains/de/test/auto/VariableDelay2.xml
auto.tcl: Setting watchdog for 200 seconds at Thu Apr 02 13:42:54 UTC 2020
9 ms. Memory: 55296K Free: 36145K (65%)
ptolemy.util.test.WatchDog.cancel(): canceling Thu Apr 02 13:42:54 UTC 2020
auto.tcl: Setting watchdog for 200 seconds at Thu Apr 02 13:42:54 UTC 2020
2 ms. Memory: 55296K Free: 35084K (63%)
ptolemy.util.test.WatchDog.cancel(): canceling Thu Apr 02 13:42:54 UTC 2020
------------------ testing $PTII/ptolemy/domains/de/test/auto/VariableDelayZeroDelay.xml
auto.tcl: Setting watchdog for 200 seconds at Thu Apr 02 13:42:54 UTC 2020
2 ms. Memory: 51200K Free: 32011K (63%)
ptolemy.util.test.WatchDog.cancel(): canceling Thu Apr 02 13:42:54 UTC 2020
auto.tcl: Setting watchdog for 200 seconds at Thu Apr 02 13:42:54 UTC 2020
2 ms. Memory: 51200K Free: 31483K (61%)
ptolemy.util.test.WatchDog.cancel(): canceling Thu Apr 02 13:42:54 UTC 2020
------------------ testing $PTII/ptolemy/domains/de/test/auto/VariableDelayZeroDelay2.xml
auto.tcl: Setting watchdog for 200 seconds at Thu Apr 02 13:42:54 UTC 2020
2 ms. Memory: 51200K Free: 32010K (63%)
ptolemy.util.test.WatchDog.cancel(): canceling Thu Apr 02 13:42:54 UTC 2020
auto.tcl: Setting watchdog for 200 seconds at Thu Apr 02 13:42:54 UTC 2020
2 ms. Memory: 51200K Free: 30988K (61%)
ptolemy.util.test.WatchDog.cancel(): canceling Thu Apr 02 13:42:54 UTC 2020
------------------ testing $PTII/ptolemy/domains/de/test/auto/deInCt.xml
auto.tcl: Setting watchdog for 200 seconds at Thu Apr 02 13:42:54 UTC 2020
0
1
1
0
0
0
1
1
1
0
0
0
0
1
1
1
1
1
1
0
0
0
1
1
1
0
0
0
0
1
1
0
0
0
1
1
1
1
9 ms. Memory: 51200K Free: 30983K (61%)
ptolemy.util.test.WatchDog.cancel(): canceling Thu Apr 02 13:42:54 UTC 2020
auto.tcl: Setting watchdog for 200 seconds at Thu Apr 02 13:42:54 UTC 2020
0
1
1
1
0
0
0
1
1
1
0
0
0
1
1
1
0
0
0
0
1
1
1
0
0
0
0
0
1
1
0
0
0
1
1
1
1
1
4 ms. Memory: 51200K Free: 29450K (58%)
ptolemy.util.test.WatchDog.cancel(): canceling Thu Apr 02 13:42:54 UTC 2020
------------------ testing $PTII/ptolemy/domains/de/test/auto/deInCt2.xml
auto.tcl: Setting watchdog for 200 seconds at Thu Apr 02 13:42:54 UTC 2020
0
1
1
1
0
0
1
1
1
0
0
1
1
1
0
0
1
1
1
0
0
1
1
1
0
0
1
1
1
0
0
1
1
1
0
0
1
1
1
0
0
0
14 ms. Memory: 51200K Free: 30984K (61%)
ptolemy.util.test.WatchDog.cancel(): canceling Thu Apr 02 13:42:54 UTC 2020
auto.tcl: Setting watchdog for 200 seconds at Thu Apr 02 13:42:54 UTC 2020
0
1
1
1
0
0
1
1
1
0
0
1
1
1
0
0
1
1
1
0
0
1
1
1
0
0
1
1
1
0
0
1
1
1
0
0
1
1
1
0
0
0
8 ms. Memory: 51200K Free: 29450K (58%)
ptolemy.util.test.WatchDog.cancel(): canceling Thu Apr 02 13:42:54 UTC 2020
------------------ testing $PTII/ptolemy/domains/de/test/auto/dynamicCausalityInterface1.xml
auto.tcl: Setting watchdog for 200 seconds at Thu Apr 02 13:42:55 UTC 2020
1 ms. Memory: 51200K Free: 26883K (53%)
ptolemy.util.test.WatchDog.cancel(): canceling Thu Apr 02 13:42:55 UTC 2020
auto.tcl: Setting watchdog for 200 seconds at Thu Apr 02 13:42:55 UTC 2020
1 ms. Memory: 51200K Free: 26369K (52%)
ptolemy.util.test.WatchDog.cancel(): canceling Thu Apr 02 13:42:55 UTC 2020
------------------ testing $PTII/ptolemy/domains/de/test/auto/fsm_de_test.xml
auto.tcl: Setting watchdog for 200 seconds at Thu Apr 02 13:42:55 UTC 2020
11 ms. Memory: 51200K Free: 26781K (52%)
ptolemy.util.test.WatchDog.cancel(): canceling Thu Apr 02 13:42:55 UTC 2020
auto.tcl: Setting watchdog for 200 seconds at Thu Apr 02 13:42:55 UTC 2020
5 ms. Memory: 51200K Free: 24733K (48%)
ptolemy.util.test.WatchDog.cancel(): canceling Thu Apr 02 13:42:55 UTC 2020
------------------ testing $PTII/ptolemy/domains/de/test/auto/functionDependencyReconstruction.xml
auto.tcl: Setting watchdog for 200 seconds at Thu Apr 02 13:42:55 UTC 2020
3 ms. Memory: 51200K Free: 20732K (40%)
ptolemy.util.test.WatchDog.cancel(): canceling Thu Apr 02 13:42:55 UTC 2020
auto.tcl: Setting watchdog for 200 seconds at Thu Apr 02 13:42:55 UTC 2020
3 ms. Memory: 51200K Free: 18579K (36%)
ptolemy.util.test.WatchDog.cancel(): canceling Thu Apr 02 13:42:55 UTC 2020
------------------ testing $PTII/ptolemy/domains/de/test/auto/multirate.xml
auto.tcl: Setting watchdog for 200 seconds at Thu Apr 02 13:42:55 UTC 2020
3 ms. Memory: 51200K Free: 29405K (57%)
ptolemy.util.test.WatchDog.cancel(): canceling Thu Apr 02 13:42:55 UTC 2020
auto.tcl: Setting watchdog for 200 seconds at Thu Apr 02 13:42:55 UTC 2020
3 ms. Memory: 51200K Free: 27676K (54%)
ptolemy.util.test.WatchDog.cancel(): canceling Thu Apr 02 13:42:55 UTC 2020
------------------ testing $PTII/ptolemy/domains/de/test/auto/multirate2.xml
auto.tcl: Setting watchdog for 200 seconds at Thu Apr 02 13:42:55 UTC 2020
7 ms. Memory: 51200K Free: 29587K (58%)
ptolemy.util.test.WatchDog.cancel(): canceling Thu Apr 02 13:42:55 UTC 2020
auto.tcl: Setting watchdog for 200 seconds at Thu Apr 02 13:42:55 UTC 2020
3 ms. Memory: 51200K Free: 28347K (55%)
ptolemy.util.test.WatchDog.cancel(): canceling Thu Apr 02 13:42:55 UTC 2020
------------------ testing $PTII/ptolemy/domains/de/test/auto/realtime.xml
auto.tcl: Setting watchdog for 200 seconds at Thu Apr 02 13:42:55 UTC 2020
10001 ms. Memory: 51200K Free: 31653K (62%)
ptolemy.util.test.WatchDog.cancel(): canceling Thu Apr 02 13:43:05 UTC 2020
auto.tcl: Setting watchdog for 200 seconds at Thu Apr 02 13:43:05 UTC 2020
10002 ms. Memory: 51200K Free: 30928K (60%)
ptolemy.util.test.WatchDog.cancel(): canceling Thu Apr 02 13:43:15 UTC 2020
------------------ testing $PTII/ptolemy/domains/de/test/auto/relationGroup.xml
auto.tcl: Setting watchdog for 200 seconds at Thu Apr 02 13:43:15 UTC 2020
2 ms. Memory: 51200K Free: 32714K (64%)
ptolemy.util.test.WatchDog.cancel(): canceling Thu Apr 02 13:43:15 UTC 2020
auto.tcl: Setting watchdog for 200 seconds at Thu Apr 02 13:43:15 UTC 2020
1 ms. Memory: 51200K Free: 31978K (62%)
ptolemy.util.test.WatchDog.cancel(): canceling Thu Apr 02 13:43:15 UTC 2020
------------------ testing $PTII/ptolemy/domains/de/test/auto/relationGroup2.xml
auto.tcl: Setting watchdog for 200 seconds at Thu Apr 02 13:43:15 UTC 2020
2 ms. Memory: 51200K Free: 32770K (64%)
ptolemy.util.test.WatchDog.cancel(): canceling Thu Apr 02 13:43:15 UTC 2020
auto.tcl: Setting watchdog for 200 seconds at Thu Apr 02 13:43:15 UTC 2020
1 ms. Memory: 51200K Free: 32035K (63%)
ptolemy.util.test.WatchDog.cancel(): canceling Thu Apr 02 13:43:15 UTC 2020
------------------ testing $PTII/ptolemy/domains/de/test/auto/sortWithOpaquePorts.xml
auto.tcl: Setting watchdog for 200 seconds at Thu Apr 02 13:43:15 UTC 2020
2 ms. Memory: 51200K Free: 31515K (62%)
ptolemy.util.test.WatchDog.cancel(): canceling Thu Apr 02 13:43:15 UTC 2020
auto.tcl: Setting watchdog for 200 seconds at Thu Apr 02 13:43:15 UTC 2020
1 ms. Memory: 51200K Free: 30493K (60%)
ptolemy.util.test.WatchDog.cancel(): canceling Thu Apr 02 13:43:15 UTC 2020
------------------ testing $PTII/ptolemy/domains/de/test/auto/transferInputsandOutputs.xml
auto.tcl: Setting watchdog for 200 seconds at Thu Apr 02 13:43:15 UTC 2020
1 ms. Memory: 51200K Free: 28951K (57%)
ptolemy.util.test.WatchDog.cancel(): canceling Thu Apr 02 13:43:15 UTC 2020
auto.tcl: Setting watchdog for 200 seconds at Thu Apr 02 13:43:15 UTC 2020
2 ms. Memory: 51200K Free: 27927K (55%)
ptolemy.util.test.WatchDog.cancel(): canceling Thu Apr 02 13:43:15 UTC 2020
------------------ testing $PTII/ptolemy/domains/de/test/auto/triggerType.xml
auto.tcl: Setting watchdog for 200 seconds at Thu Apr 02 13:43:15 UTC 2020
1 ms. Memory: 51200K Free: 31976K (62%)
ptolemy.util.test.WatchDog.cancel(): canceling Thu Apr 02 13:43:15 UTC 2020
auto.tcl: Setting watchdog for 200 seconds at Thu Apr 02 13:43:15 UTC 2020
2 ms. Memory: 51200K Free: 30952K (60%)
ptolemy.util.test.WatchDog.cancel(): canceling Thu Apr 02 13:43:15 UTC 2020
04/02/20 01:43:15
Failed: 0  Total Tests: 192  ((Passed: 187, Newly Passed: 1)  Known Failed: 5) /home/travis/build/icyphy/ptII/ptolemy/domains/de/test
04/02/20 01:43:15
Failed: 0  Total Tests: 192  ((Passed: 187, Newly Passed: 1)  Known Failed: 5) /home/travis/build/icyphy/ptII/ptolemy/domains/de/test
----------------- testing (KnownFailure) /home/travis/build/icyphy/ptII/ptolemy/domains/de/test/auto/knownFailedTests/DESDFClockTest.xml
2010 ms. Memory: 51200K Free: 25371K (50%)
Known Failure: java.lang.reflect.InvocationTargetException
----------------- testing (KnownFailure) /home/travis/build/icyphy/ptII/ptolemy/domains/de/test/auto/knownFailedTests/DirectFeedback.xml
2 ms. Memory: 51200K Free: 21789K (43%)
Known Failure: java.lang.reflect.InvocationTargetException
----------------- testing (KnownFailure) /home/travis/build/icyphy/ptII/ptolemy/domains/de/test/auto/knownFailedTests/FSMSource.xml
15 ms. Memory: 51200K Free: 14621K (29%)
----------------- testing (KnownFailure) /home/travis/build/icyphy/ptII/ptolemy/domains/de/test/auto/knownFailedTests/HierarchicalModel.xml
2 ms. Memory: 51200K Free: 26438K (52%)
Known Failure: java.lang.reflect.InvocationTargetException
----------------- testing (KnownFailure) /home/travis/build/icyphy/ptII/ptolemy/domains/de/test/auto/knownFailedTests/dependencyLoop.xml
2 ms. Memory: 51200K Free: 11078K (22%)
Known Failure: java.lang.reflect.InvocationTargetException
----------------- testing (KnownFailure) /home/travis/build/icyphy/ptII/ptolemy/domains/de/test/auto/knownFailedTests/dependencyLoop2.xml
5 ms. Memory: 51200K Free: 23704K (46%)
Known Failure: java.lang.reflect.InvocationTargetException
No auto/linux-amd64/*.xml tests in /home/travis/build/icyphy/ptII/ptolemy/domains/de/test
AutoTests.java: About to close Vertx.
AutoTests.java: Vertx closed.

===========================================================================================
----------------- testing Thu Apr 02 13:43:18 UTC 2020 /home/travis/build/icyphy/ptII/ptolemy/domains/de/test/auto/ActorDepthCalculation_actorWithoutPorts.xml
----------------- Instantiating /home/travis/build/icyphy/ptII/ptolemy/domains/de/test/auto/ActorDepthCalculation_actorWithoutPorts.xml
2 ms. Memory: 51200K Free: 16813K (33%)
----------------- Invoking toplevel() on ptolemy.moml.MoMLSimpleApplication@7eedf969
----------------- Done invoking toplevel() on ptolemy.moml.MoMLSimpleApplication@7eedf969
reloadAllAccessors: .ActorDepthCalculation_actorWithoutPorts

===========================================================================================
----------------- testing Thu Apr 02 13:43:18 UTC 2020 /home/travis/build/icyphy/ptII/ptolemy/domains/de/test/auto/AssemblyLine.xml
----------------- Instantiating /home/travis/build/icyphy/ptII/ptolemy/domains/de/test/auto/AssemblyLine.xml
3 ms. Memory: 51200K Free: 9406K (18%)
----------------- Invoking toplevel() on ptolemy.moml.MoMLSimpleApplication@69e9ee7a
----------------- Done invoking toplevel() on ptolemy.moml.MoMLSimpleApplication@69e9ee7a
reloadAllAccessors: .AssemblyLine

===========================================================================================
----------------- testing Thu Apr 02 13:43:18 UTC 2020 /home/travis/build/icyphy/ptII/ptolemy/domains/de/test/auto/CQBug1.xml
----------------- Instantiating /home/travis/build/icyphy/ptII/ptolemy/domains/de/test/auto/CQBug1.xml
1 ms. Memory: 51200K Free: 34211K (67%)
----------------- Invoking toplevel() on ptolemy.moml.MoMLSimpleApplication@16166401
----------------- Done invoking toplevel() on ptolemy.moml.MoMLSimpleApplication@16166401
reloadAllAccessors: .CQBug1

===========================================================================================
----------------- testing Thu Apr 02 13:43:18 UTC 2020 /home/travis/build/icyphy/ptII/ptolemy/domains/de/test/auto/CancelFireAt.xml
----------------- Instantiating /home/travis/build/icyphy/ptII/ptolemy/domains/de/test/auto/CancelFireAt.xml
1 ms. Memory: 51200K Free: 31716K (62%)
----------------- Invoking toplevel() on ptolemy.moml.MoMLSimpleApplication@243d2b87
----------------- Done invoking toplevel() on ptolemy.moml.MoMLSimpleApplication@243d2b87
reloadAllAccessors: .CancelFireAt

===========================================================================================
----------------- testing Thu Apr 02 13:43:18 UTC 2020 /home/travis/build/icyphy/ptII/ptolemy/domains/de/test/auto/CausalityAndComposabilityAnalysis.xml
----------------- Instantiating /home/travis/build/icyphy/ptII/ptolemy/domains/de/test/auto/CausalityAndComposabilityAnalysis.xml
15 ms. Memory: 51200K Free: 27342K (53%)
----------------- Invoking toplevel() on ptolemy.moml.MoMLSimpleApplication@5b327595
----------------- Done invoking toplevel() on ptolemy.moml.MoMLSimpleApplication@5b327595
reloadAllAccessors: .CausalityAndComposabilityAnalysis

===========================================================================================
----------------- testing Thu Apr 02 13:43:18 UTC 2020 /home/travis/build/icyphy/ptII/ptolemy/domains/de/test/auto/CausalityInterface1.xml
----------------- Instantiating /home/travis/build/icyphy/ptII/ptolemy/domains/de/test/auto/CausalityInterface1.xml
5 ms. Memory: 51200K Free: 22222K (43%)
----------------- Invoking toplevel() on ptolemy.moml.MoMLSimpleApplication@154e0e34
----------------- Done invoking toplevel() on ptolemy.moml.MoMLSimpleApplication@154e0e34
reloadAllAccessors: .CausalityInterface1

===========================================================================================
----------------- testing Thu Apr 02 13:43:18 UTC 2020 /home/travis/build/icyphy/ptII/ptolemy/domains/de/test/auto/CausalityInterface15.xml
----------------- Instantiating /home/travis/build/icyphy/ptII/ptolemy/domains/de/test/auto/CausalityInterface15.xml
2 ms. Memory: 51200K Free: 16787K (33%)
----------------- Invoking toplevel() on ptolemy.moml.MoMLSimpleApplication@ded1fdf
----------------- Done invoking toplevel() on ptolemy.moml.MoMLSimpleApplication@ded1fdf
reloadAllAccessors: .CausalityInterface15

===========================================================================================
----------------- testing Thu Apr 02 13:43:18 UTC 2020 /home/travis/build/icyphy/ptII/ptolemy/domains/de/test/auto/CausalityInterface2.xml
----------------- Instantiating /home/travis/build/icyphy/ptII/ptolemy/domains/de/test/auto/CausalityInterface2.xml
1 ms. Memory: 51200K Free: 12260K (24%)
----------------- Invoking toplevel() on ptolemy.moml.MoMLSimpleApplication@fc3afac
----------------- Done invoking toplevel() on ptolemy.moml.MoMLSimpleApplication@fc3afac
reloadAllAccessors: .CausalityInterface2

===========================================================================================
----------------- testing Thu Apr 02 13:43:18 UTC 2020 /home/travis/build/icyphy/ptII/ptolemy/domains/de/test/auto/CausalityInterface3.xml
----------------- Instantiating /home/travis/build/icyphy/ptII/ptolemy/domains/de/test/auto/CausalityInterface3.xml
4 ms. Memory: 51200K Free: 35222K (69%)
----------------- Invoking toplevel() on ptolemy.moml.MoMLSimpleApplication@4650db6e
----------------- Done invoking toplevel() on ptolemy.moml.MoMLSimpleApplication@4650db6e
reloadAllAccessors: .CausalityInterface3

===========================================================================================
----------------- testing Thu Apr 02 13:43:18 UTC 2020 /home/travis/build/icyphy/ptII/ptolemy/domains/de/test/auto/ClockDrift.xml
----------------- Instantiating /home/travis/build/icyphy/ptII/ptolemy/domains/de/test/auto/ClockDrift.xml
12 ms. Memory: 51200K Free: 23028K (45%)
----------------- Invoking toplevel() on ptolemy.moml.MoMLSimpleApplication@223a6fdf
----------------- Done invoking toplevel() on ptolemy.moml.MoMLSimpleApplication@223a6fdf
reloadAllAccessors: .ClockDrift

===========================================================================================
----------------- testing Thu Apr 02 13:43:18 UTC 2020 /home/travis/build/icyphy/ptII/ptolemy/domains/de/test/auto/ClockDriftAndValueChange.xml
----------------- Instantiating /home/travis/build/icyphy/ptII/ptolemy/domains/de/test/auto/ClockDriftAndValueChange.xml
10 ms. Memory: 51200K Free: 11109K (22%)
----------------- Invoking toplevel() on ptolemy.moml.MoMLSimpleApplication@463ea89e
----------------- Done invoking toplevel() on ptolemy.moml.MoMLSimpleApplication@463ea89e
reloadAllAccessors: .ClockDriftAndValueChange

===========================================================================================
----------------- testing Thu Apr 02 13:43:18 UTC 2020 /home/travis/build/icyphy/ptII/ptolemy/domains/de/test/auto/ClockDriftChange.xml
----------------- Instantiating /home/travis/build/icyphy/ptII/ptolemy/domains/de/test/auto/ClockDriftChange.xml
9 ms. Memory: 51200K Free: 28624K (56%)
----------------- Invoking toplevel() on ptolemy.moml.MoMLSimpleApplication@698975eb
----------------- Done invoking toplevel() on ptolemy.moml.MoMLSimpleApplication@698975eb
reloadAllAccessors: .ClockDriftChange

===========================================================================================
----------------- testing Thu Apr 02 13:43:18 UTC 2020 /home/travis/build/icyphy/ptII/ptolemy/domains/de/test/auto/ComposableCausalityAnalysis.xml
----------------- Instantiating /home/travis/build/icyphy/ptII/ptolemy/domains/de/test/auto/ComposableCausalityAnalysis.xml
2 ms. Memory: 51200K Free: 22717K (44%)
----------------- Invoking toplevel() on ptolemy.moml.MoMLSimpleApplication@771cdbd2
----------------- Done invoking toplevel() on ptolemy.moml.MoMLSimpleApplication@771cdbd2
reloadAllAccessors: .ComposableCausalityAnalysis

===========================================================================================
----------------- testing Thu Apr 02 13:43:18 UTC 2020 /home/travis/build/icyphy/ptII/ptolemy/domains/de/test/auto/DEFixedPointLimitation.xml
----------------- Instantiating /home/travis/build/icyphy/ptII/ptolemy/domains/de/test/auto/DEFixedPointLimitation.xml
0 ms. Memory: 51200K Free: 18266K (36%)
----------------- Invoking toplevel() on ptolemy.moml.MoMLSimpleApplication@7fa41aff
----------------- Done invoking toplevel() on ptolemy.moml.MoMLSimpleApplication@7fa41aff
reloadAllAccessors: .DEFixedPointLimitation

===========================================================================================
----------------- testing Thu Apr 02 13:43:18 UTC 2020 /home/travis/build/icyphy/ptII/ptolemy/domains/de/test/auto/DEScheduleTest.xml
----------------- Instantiating /home/travis/build/icyphy/ptII/ptolemy/domains/de/test/auto/DEScheduleTest.xml
2 ms. Memory: 51200K Free: 14154K (28%)
----------------- Invoking toplevel() on ptolemy.moml.MoMLSimpleApplication@2eee8e22
----------------- Done invoking toplevel() on ptolemy.moml.MoMLSimpleApplication@2eee8e22
reloadAllAccessors: .DEScheduleTest

===========================================================================================
----------------- testing Thu Apr 02 13:43:18 UTC 2020 /home/travis/build/icyphy/ptII/ptolemy/domains/de/test/auto/DEinDEwithStartTimes.xml
----------------- Instantiating /home/travis/build/icyphy/ptII/ptolemy/domains/de/test/auto/DEinDEwithStartTimes.xml
7 ms. Memory: 51200K Free: 35085K (69%)
----------------- Invoking toplevel() on ptolemy.moml.MoMLSimpleApplication@350fd367
----------------- Done invoking toplevel() on ptolemy.moml.MoMLSimpleApplication@350fd367
reloadAllAccessors: .DEinDEwithStartTimes

===========================================================================================
----------------- testing Thu Apr 02 13:43:18 UTC 2020 /home/travis/build/icyphy/ptII/ptolemy/domains/de/test/auto/DEinDEwithStartTimes2.xml
----------------- Instantiating /home/travis/build/icyphy/ptII/ptolemy/domains/de/test/auto/DEinDEwithStartTimes2.xml
2 ms. Memory: 51200K Free: 28557K (56%)
----------------- Invoking toplevel() on ptolemy.moml.MoMLSimpleApplication@72ae676b
----------------- Done invoking toplevel() on ptolemy.moml.MoMLSimpleApplication@72ae676b
reloadAllAccessors: .DEinDEwithStartTimes2

===========================================================================================
----------------- testing Thu Apr 02 13:43:18 UTC 2020 /home/travis/build/icyphy/ptII/ptolemy/domains/de/test/auto/DateDemo.xml
----------------- Instantiating /home/travis/build/icyphy/ptII/ptolemy/domains/de/test/auto/DateDemo.xml
6 ms. Memory: 51200K Free: 17508K (34%)
----------------- Invoking toplevel() on ptolemy.moml.MoMLSimpleApplication@2c8259d9
----------------- Done invoking toplevel() on ptolemy.moml.MoMLSimpleApplication@2c8259d9
reloadAllAccessors: .DateDemo

===========================================================================================
----------------- testing Thu Apr 02 13:43:18 UTC 2020 /home/travis/build/icyphy/ptII/ptolemy/domains/de/test/auto/DateToEvent.xml
----------------- Instantiating /home/travis/build/icyphy/ptII/ptolemy/domains/de/test/auto/DateToEvent.xml
2005 ms. Memory: 51200K Free: 28281K (55%)
----------------- Invoking toplevel() on ptolemy.moml.MoMLSimpleApplication@4f4c3874
----------------- Done invoking toplevel() on ptolemy.moml.MoMLSimpleApplication@4f4c3874
reloadAllAccessors: .DateToEvent

===========================================================================================
----------------- testing Thu Apr 02 13:43:20 UTC 2020 /home/travis/build/icyphy/ptII/ptolemy/domains/de/test/auto/DepthTest1.xml
----------------- Instantiating /home/travis/build/icyphy/ptII/ptolemy/domains/de/test/auto/DepthTest1.xml
1 ms. Memory: 51200K Free: 25349K (50%)
----------------- Invoking toplevel() on ptolemy.moml.MoMLSimpleApplication@6a3267cf
----------------- Done invoking toplevel() on ptolemy.moml.MoMLSimpleApplication@6a3267cf
reloadAllAccessors: .DepthTest1

===========================================================================================
----------------- testing Thu Apr 02 13:43:20 UTC 2020 /home/travis/build/icyphy/ptII/ptolemy/domains/de/test/auto/DepthTest2.xml
----------------- Instantiating /home/travis/build/icyphy/ptII/ptolemy/domains/de/test/auto/DepthTest2.xml
1 ms. Memory: 51200K Free: 19017K (37%)
----------------- Invoking toplevel() on ptolemy.moml.MoMLSimpleApplication@fb3d816
----------------- Done invoking toplevel() on ptolemy.moml.MoMLSimpleApplication@fb3d816
reloadAllAccessors: .DepthTest2

===========================================================================================
----------------- testing Thu Apr 02 13:43:20 UTC 2020 /home/travis/build/icyphy/ptII/ptolemy/domains/de/test/auto/DepthTest3.xml
----------------- Instantiating /home/travis/build/icyphy/ptII/ptolemy/domains/de/test/auto/DepthTest3.xml
1 ms. Memory: 51200K Free: 15963K (31%)
----------------- Invoking toplevel() on ptolemy.moml.MoMLSimpleApplication@44737f29
----------------- Done invoking toplevel() on ptolemy.moml.MoMLSimpleApplication@44737f29
reloadAllAccessors: .DepthTest3

===========================================================================================
----------------- testing Thu Apr 02 13:43:20 UTC 2020 /home/travis/build/icyphy/ptII/ptolemy/domains/de/test/auto/DepthTest4.xml
----------------- Instantiating /home/travis/build/icyphy/ptII/ptolemy/domains/de/test/auto/DepthTest4.xml
11 ms. Memory: 51200K Free: 11214K (22%)
----------------- Invoking toplevel() on ptolemy.moml.MoMLSimpleApplication@7bc9f617
----------------- Done invoking toplevel() on ptolemy.moml.MoMLSimpleApplication@7bc9f617
reloadAllAccessors: .DepthTest4

===========================================================================================
----------------- testing Thu Apr 02 13:43:20 UTC 2020 /home/travis/build/icyphy/ptII/ptolemy/domains/de/test/auto/DepthTest5.xml
----------------- Instantiating /home/travis/build/icyphy/ptII/ptolemy/domains/de/test/auto/DepthTest5.xml
2 ms. Memory: 51200K Free: 32788K (64%)
----------------- Invoking toplevel() on ptolemy.moml.MoMLSimpleApplication@618a1e5f
----------------- Done invoking toplevel() on ptolemy.moml.MoMLSimpleApplication@618a1e5f
reloadAllAccessors: .DepthTest5

===========================================================================================
----------------- testing Thu Apr 02 13:43:20 UTC 2020 /home/travis/build/icyphy/ptII/ptolemy/domains/de/test/auto/DepthTest6.xml
----------------- Instantiating /home/travis/build/icyphy/ptII/ptolemy/domains/de/test/auto/DepthTest6.xml
2 ms. Memory: 51200K Free: 27508K (54%)
----------------- Invoking toplevel() on ptolemy.moml.MoMLSimpleApplication@4ef48186
----------------- Done invoking toplevel() on ptolemy.moml.MoMLSimpleApplication@4ef48186
reloadAllAccessors: .DepthTest6

===========================================================================================
----------------- testing Thu Apr 02 13:43:20 UTC 2020 /home/travis/build/icyphy/ptII/ptolemy/domains/de/test/auto/DepthTest7.xml
----------------- Instantiating /home/travis/build/icyphy/ptII/ptolemy/domains/de/test/auto/DepthTest7.xml
1 ms. Memory: 51200K Free: 22580K (44%)
----------------- Invoking toplevel() on ptolemy.moml.MoMLSimpleApplication@251061ad
----------------- Done invoking toplevel() on ptolemy.moml.MoMLSimpleApplication@251061ad
reloadAllAccessors: .DepthTest7

===========================================================================================
----------------- testing Thu Apr 02 13:43:20 UTC 2020 /home/travis/build/icyphy/ptII/ptolemy/domains/de/test/auto/EventToDate.xml
----------------- Instantiating /home/travis/build/icyphy/ptII/ptolemy/domains/de/test/auto/EventToDate.xml
3004 ms. Memory: 51200K Free: 9279K (18%)
----------------- Invoking toplevel() on ptolemy.moml.MoMLSimpleApplication@58c2835a
----------------- Done invoking toplevel() on ptolemy.moml.MoMLSimpleApplication@58c2835a
reloadAllAccessors: .EventToDate

===========================================================================================
----------------- testing Thu Apr 02 13:43:23 UTC 2020 /home/travis/build/icyphy/ptII/ptolemy/domains/de/test/auto/FSM1.xml
----------------- Instantiating /home/travis/build/icyphy/ptII/ptolemy/domains/de/test/auto/FSM1.xml
22 ms. Memory: 51200K Free: 24202K (47%)
----------------- Invoking toplevel() on ptolemy.moml.MoMLSimpleApplication@7cfd485c
----------------- Done invoking toplevel() on ptolemy.moml.MoMLSimpleApplication@7cfd485c
reloadAllAccessors: .FSM1

===========================================================================================
----------------- testing Thu Apr 02 13:43:23 UTC 2020 /home/travis/build/icyphy/ptII/ptolemy/domains/de/test/auto/FSM7.xml
----------------- Instantiating /home/travis/build/icyphy/ptII/ptolemy/domains/de/test/auto/FSM7.xml
20 ms. Memory: 51200K Free: 11927K (23%)
----------------- Invoking toplevel() on ptolemy.moml.MoMLSimpleApplication@1b0c139a
----------------- Done invoking toplevel() on ptolemy.moml.MoMLSimpleApplication@1b0c139a
reloadAllAccessors: .FSM7

===========================================================================================
----------------- testing Thu Apr 02 13:43:23 UTC 2020 /home/travis/build/icyphy/ptII/ptolemy/domains/de/test/auto/Inspection.xml
----------------- Instantiating /home/travis/build/icyphy/ptII/ptolemy/domains/de/test/auto/Inspection.xml
23 ms. Memory: 51200K Free: 25920K (51%)
----------------- Invoking toplevel() on ptolemy.moml.MoMLSimpleApplication@1a85b793
----------------- Done invoking toplevel() on ptolemy.moml.MoMLSimpleApplication@1a85b793
reloadAllAccessors: .Inspection

===========================================================================================
----------------- testing Thu Apr 02 13:43:23 UTC 2020 /home/travis/build/icyphy/ptII/ptolemy/domains/de/test/auto/Iteration.xml
----------------- Instantiating /home/travis/build/icyphy/ptII/ptolemy/domains/de/test/auto/Iteration.xml
8 ms. Memory: 51200K Free: 18752K (37%)
----------------- Invoking toplevel() on ptolemy.moml.MoMLSimpleApplication@5c2d3fee
----------------- Done invoking toplevel() on ptolemy.moml.MoMLSimpleApplication@5c2d3fee
reloadAllAccessors: .Iteration

===========================================================================================
----------------- testing Thu Apr 02 13:43:23 UTC 2020 /home/travis/build/icyphy/ptII/ptolemy/domains/de/test/auto/LineFault.xml
----------------- Instantiating /home/travis/build/icyphy/ptII/ptolemy/domains/de/test/auto/LineFault.xml
394 ms. Memory: 51200K Free: 32537K (64%)
----------------- Invoking toplevel() on ptolemy.moml.MoMLSimpleApplication@7a41d581
----------------- Done invoking toplevel() on ptolemy.moml.MoMLSimpleApplication@7a41d581
reloadAllAccessors: .LineFault

===========================================================================================
----------------- testing Thu Apr 02 13:43:24 UTC 2020 /home/travis/build/icyphy/ptII/ptolemy/domains/de/test/auto/MergeModel1Add.xml
----------------- Instantiating /home/travis/build/icyphy/ptII/ptolemy/domains/de/test/auto/MergeModel1Add.xml
5 ms. Memory: 51200K Free: 13476K (26%)
----------------- Invoking toplevel() on ptolemy.moml.MoMLSimpleApplication@2dc6dd2f
----------------- Done invoking toplevel() on ptolemy.moml.MoMLSimpleApplication@2dc6dd2f
reloadAllAccessors: .MergeModel1Add

===========================================================================================
----------------- testing Thu Apr 02 13:43:24 UTC 2020 /home/travis/build/icyphy/ptII/ptolemy/domains/de/test/auto/MergeModel2Add.xml
----------------- Instantiating /home/travis/build/icyphy/ptII/ptolemy/domains/de/test/auto/MergeModel2Add.xml
5 ms. Memory: 51200K Free: 21638K (42%)
----------------- Invoking toplevel() on ptolemy.moml.MoMLSimpleApplication@10a1516a
----------------- Done invoking toplevel() on ptolemy.moml.MoMLSimpleApplication@10a1516a
reloadAllAccessors: .MergeModel2Add

===========================================================================================
----------------- testing Thu Apr 02 13:43:24 UTC 2020 /home/travis/build/icyphy/ptII/ptolemy/domains/de/test/auto/MergeModel3Add.xml
----------------- Instantiating /home/travis/build/icyphy/ptII/ptolemy/domains/de/test/auto/MergeModel3Add.xml
6 ms. Memory: 51200K Free: 28380K (55%)
----------------- Invoking toplevel() on ptolemy.moml.MoMLSimpleApplication@95df05a
----------------- Done invoking toplevel() on ptolemy.moml.MoMLSimpleApplication@95df05a
reloadAllAccessors: .MergeModel3Add

===========================================================================================
----------------- testing Thu Apr 02 13:43:24 UTC 2020 /home/travis/build/icyphy/ptII/ptolemy/domains/de/test/auto/MergeWithoutDiscard.xml
----------------- Instantiating /home/travis/build/icyphy/ptII/ptolemy/domains/de/test/auto/MergeWithoutDiscard.xml
1 ms. Memory: 51200K Free: 24282K (47%)
----------------- Invoking toplevel() on ptolemy.moml.MoMLSimpleApplication@64a52440
----------------- Done invoking toplevel() on ptolemy.moml.MoMLSimpleApplication@64a52440
reloadAllAccessors: .MergeWithoutDiscard

===========================================================================================
----------------- testing Thu Apr 02 13:43:24 UTC 2020 /home/travis/build/icyphy/ptII/ptolemy/domains/de/test/auto/Modal1.xml
----------------- Instantiating /home/travis/build/icyphy/ptII/ptolemy/domains/de/test/auto/Modal1.xml
7 ms. Memory: 51200K Free: 12250K (24%)
----------------- Invoking toplevel() on ptolemy.moml.MoMLSimpleApplication@46a4944d
----------------- Done invoking toplevel() on ptolemy.moml.MoMLSimpleApplication@46a4944d
reloadAllAccessors: .Modal1

===========================================================================================
----------------- testing Thu Apr 02 13:43:24 UTC 2020 /home/travis/build/icyphy/ptII/ptolemy/domains/de/test/auto/Modal2.xml
----------------- Instantiating /home/travis/build/icyphy/ptII/ptolemy/domains/de/test/auto/Modal2.xml
9 ms. Memory: 51200K Free: 25114K (49%)
----------------- Invoking toplevel() on ptolemy.moml.MoMLSimpleApplication@259bf6ff
----------------- Done invoking toplevel() on ptolemy.moml.MoMLSimpleApplication@259bf6ff
reloadAllAccessors: .Modal2

===========================================================================================
----------------- testing Thu Apr 02 13:43:24 UTC 2020 /home/travis/build/icyphy/ptII/ptolemy/domains/de/test/auto/Modal3.xml
----------------- Instantiating /home/travis/build/icyphy/ptII/ptolemy/domains/de/test/auto/Modal3.xml
7 ms. Memory: 51200K Free: 13026K (25%)
----------------- Invoking toplevel() on ptolemy.moml.MoMLSimpleApplication@3661963a
----------------- Done invoking toplevel() on ptolemy.moml.MoMLSimpleApplication@3661963a
reloadAllAccessors: .Modal3

===========================================================================================
----------------- testing Thu Apr 02 13:43:24 UTC 2020 /home/travis/build/icyphy/ptII/ptolemy/domains/de/test/auto/Modal4.xml
----------------- Instantiating /home/travis/build/icyphy/ptII/ptolemy/domains/de/test/auto/Modal4.xml
9 ms. Memory: 51200K Free: 24836K (49%)
----------------- Invoking toplevel() on ptolemy.moml.MoMLSimpleApplication@21b25d1b
----------------- Done invoking toplevel() on ptolemy.moml.MoMLSimpleApplication@21b25d1b
reloadAllAccessors: .Modal4

===========================================================================================
----------------- testing Thu Apr 02 13:43:24 UTC 2020 /home/travis/build/icyphy/ptII/ptolemy/domains/de/test/auto/Modal5.xml
----------------- Instantiating /home/travis/build/icyphy/ptII/ptolemy/domains/de/test/auto/Modal5.xml
8 ms. Memory: 51200K Free: 11786K (23%)
----------------- Invoking toplevel() on ptolemy.moml.MoMLSimpleApplication@3bf59a76
----------------- Done invoking toplevel() on ptolemy.moml.MoMLSimpleApplication@3bf59a76
reloadAllAccessors: .Modal5

===========================================================================================
----------------- testing Thu Apr 02 13:43:24 UTC 2020 /home/travis/build/icyphy/ptII/ptolemy/domains/de/test/auto/Modal6.xml
----------------- Instantiating /home/travis/build/icyphy/ptII/ptolemy/domains/de/test/auto/Modal6.xml
10 ms. Memory: 51200K Free: 24170K (47%)
----------------- Invoking toplevel() on ptolemy.moml.MoMLSimpleApplication@49754234
----------------- Done invoking toplevel() on ptolemy.moml.MoMLSimpleApplication@49754234
reloadAllAccessors: .Modal6

===========================================================================================
----------------- testing Thu Apr 02 13:43:24 UTC 2020 /home/travis/build/icyphy/ptII/ptolemy/domains/de/test/auto/Modal7.xml
----------------- Instantiating /home/travis/build/icyphy/ptII/ptolemy/domains/de/test/auto/Modal7.xml
7 ms. Memory: 51200K Free: 10858K (21%)
----------------- Invoking toplevel() on ptolemy.moml.MoMLSimpleApplication@fa3b784
----------------- Done invoking toplevel() on ptolemy.moml.MoMLSimpleApplication@fa3b784
reloadAllAccessors: .Modal7

===========================================================================================
----------------- testing Thu Apr 02 13:43:24 UTC 2020 /home/travis/build/icyphy/ptII/ptolemy/domains/de/test/auto/ModalModel.xml
----------------- Instantiating /home/travis/build/icyphy/ptII/ptolemy/domains/de/test/auto/ModalModel.xml
130 ms. Memory: 61440K Free: 26938K (44%)
----------------- Invoking toplevel() on ptolemy.moml.MoMLSimpleApplication@11d448c3
----------------- Done invoking toplevel() on ptolemy.moml.MoMLSimpleApplication@11d448c3
reloadAllAccessors: .ModalModel

===========================================================================================
----------------- testing Thu Apr 02 13:43:24 UTC 2020 /home/travis/build/icyphy/ptII/ptolemy/domains/de/test/auto/ModalSource.xml
----------------- Instantiating /home/travis/build/icyphy/ptII/ptolemy/domains/de/test/auto/ModalSource.xml
4 ms. Memory: 61440K Free: 18578K (30%)
----------------- Invoking toplevel() on ptolemy.moml.MoMLSimpleApplication@51b6cb87
----------------- Done invoking toplevel() on ptolemy.moml.MoMLSimpleApplication@51b6cb87
reloadAllAccessors: .ModalSource

===========================================================================================
----------------- testing Thu Apr 02 13:43:24 UTC 2020 /home/travis/build/icyphy/ptII/ptolemy/domains/de/test/auto/NonInterruptibleTimerZeroDelay.xml
----------------- Instantiating /home/travis/build/icyphy/ptII/ptolemy/domains/de/test/auto/NonInterruptibleTimerZeroDelay.xml
1 ms. Memory: 61440K Free: 44299K (72%)
----------------- Invoking toplevel() on ptolemy.moml.MoMLSimpleApplication@47aec935
----------------- Done invoking toplevel() on ptolemy.moml.MoMLSimpleApplication@47aec935
reloadAllAccessors: .NonInterruptibleTimerZeroDelay

===========================================================================================
----------------- testing Thu Apr 02 13:43:24 UTC 2020 /home/travis/build/icyphy/ptII/ptolemy/domains/de/test/auto/OpenQueueingNetwork.xml
----------------- Instantiating /home/travis/build/icyphy/ptII/ptolemy/domains/de/test/auto/OpenQueueingNetwork.xml
2186 ms. Memory: 148480K Free: 57610K (39%)
----------------- Invoking toplevel() on ptolemy.moml.MoMLSimpleApplication@5da1c46
----------------- Done invoking toplevel() on ptolemy.moml.MoMLSimpleApplication@5da1c46
reloadAllAccessors: .OpenQueueingNetwork

===========================================================================================
----------------- testing Thu Apr 02 13:43:27 UTC 2020 /home/travis/build/icyphy/ptII/ptolemy/domains/de/test/auto/OpenQueuingNetwork.xml
----------------- Instantiating /home/travis/build/icyphy/ptII/ptolemy/domains/de/test/auto/OpenQueuingNetwork.xml
204 ms. Memory: 148480K Free: 61176K (41%)
----------------- Invoking toplevel() on ptolemy.moml.MoMLSimpleApplication@332f8cd5
----------------- Done invoking toplevel() on ptolemy.moml.MoMLSimpleApplication@332f8cd5
reloadAllAccessors: .OpenQueuingNetwork

===========================================================================================
----------------- testing Thu Apr 02 13:43:27 UTC 2020 /home/travis/build/icyphy/ptII/ptolemy/domains/de/test/auto/PeriodicSampler.xml
----------------- Instantiating /home/travis/build/icyphy/ptII/ptolemy/domains/de/test/auto/PeriodicSampler.xml
2 ms. Memory: 148480K Free: 57080K (38%)
----------------- Invoking toplevel() on ptolemy.moml.MoMLSimpleApplication@6fbc91ea
----------------- Done invoking toplevel() on ptolemy.moml.MoMLSimpleApplication@6fbc91ea
reloadAllAccessors: .PeriodicSampler

===========================================================================================
----------------- testing Thu Apr 02 13:43:27 UTC 2020 /home/travis/build/icyphy/ptII/ptolemy/domains/de/test/auto/PersistentIO.xml
----------------- Instantiating /home/travis/build/icyphy/ptII/ptolemy/domains/de/test/auto/PersistentIO.xml
9 ms. Memory: 178176K Free: 159196K (89%)
----------------- Invoking toplevel() on ptolemy.moml.MoMLSimpleApplication@5f10e592
----------------- Done invoking toplevel() on ptolemy.moml.MoMLSimpleApplication@5f10e592
reloadAllAccessors: .PersistentIO

===========================================================================================
----------------- testing Thu Apr 02 13:43:27 UTC 2020 /home/travis/build/icyphy/ptII/ptolemy/domains/de/test/auto/PortParameterResetOnInitialize.xml
----------------- Instantiating /home/travis/build/icyphy/ptII/ptolemy/domains/de/test/auto/PortParameterResetOnInitialize.xml
3 ms. Memory: 178176K Free: 154586K (87%)
----------------- Invoking toplevel() on ptolemy.moml.MoMLSimpleApplication@6355582e
----------------- Done invoking toplevel() on ptolemy.moml.MoMLSimpleApplication@6355582e
reloadAllAccessors: .PortParameterResetOnInitialize

===========================================================================================
----------------- testing Thu Apr 02 13:43:27 UTC 2020 /home/travis/build/icyphy/ptII/ptolemy/domains/de/test/auto/PortParameterUpdates.xml
----------------- Instantiating /home/travis/build/icyphy/ptII/ptolemy/domains/de/test/auto/PortParameterUpdates.xml
3 ms. Memory: 178176K Free: 147932K (83%)
----------------- Invoking toplevel() on ptolemy.moml.MoMLSimpleApplication@3ab3b9a5
----------------- Done invoking toplevel() on ptolemy.moml.MoMLSimpleApplication@3ab3b9a5
reloadAllAccessors: .PortParameterUpdates

===========================================================================================
----------------- testing Thu Apr 02 13:43:27 UTC 2020 /home/travis/build/icyphy/ptII/ptolemy/domains/de/test/auto/QueueAndServer.xml
----------------- Instantiating /home/travis/build/icyphy/ptII/ptolemy/domains/de/test/auto/QueueAndServer.xml
5 ms. Memory: 178176K Free: 140250K (79%)
----------------- Invoking toplevel() on ptolemy.moml.MoMLSimpleApplication@1cb78fb3
----------------- Done invoking toplevel() on ptolemy.moml.MoMLSimpleApplication@1cb78fb3
reloadAllAccessors: .QueueAndServer

===========================================================================================
----------------- testing Thu Apr 02 13:43:27 UTC 2020 /home/travis/build/icyphy/ptII/ptolemy/domains/de/test/auto/Records.xml
----------------- Instantiating /home/travis/build/icyphy/ptII/ptolemy/domains/de/test/auto/Records.xml
3 ms. Memory: 178176K Free: 134620K (76%)
----------------- Invoking toplevel() on ptolemy.moml.MoMLSimpleApplication@507de024
----------------- Done invoking toplevel() on ptolemy.moml.MoMLSimpleApplication@507de024
reloadAllAccessors: .Records

===========================================================================================
----------------- testing Thu Apr 02 13:43:27 UTC 2020 /home/travis/build/icyphy/ptII/ptolemy/domains/de/test/auto/ResetTransitionWithStartTime1.xml
----------------- Instantiating /home/travis/build/icyphy/ptII/ptolemy/domains/de/test/auto/ResetTransitionWithStartTime1.xml
4 ms. Memory: 178176K Free: 126428K (71%)
----------------- Invoking toplevel() on ptolemy.moml.MoMLSimpleApplication@152dc6b5
----------------- Done invoking toplevel() on ptolemy.moml.MoMLSimpleApplication@152dc6b5
reloadAllAccessors: .ResetTransitionWithStartTime1

===========================================================================================
----------------- testing Thu Apr 02 13:43:27 UTC 2020 /home/travis/build/icyphy/ptII/ptolemy/domains/de/test/auto/ResetTransitionWithStartTime2.xml
----------------- Instantiating /home/travis/build/icyphy/ptII/ptolemy/domains/de/test/auto/ResetTransitionWithStartTime2.xml
3 ms. Memory: 178176K Free: 118236K (66%)
----------------- Invoking toplevel() on ptolemy.moml.MoMLSimpleApplication@2d70d6e8
----------------- Done invoking toplevel() on ptolemy.moml.MoMLSimpleApplication@2d70d6e8
reloadAllAccessors: .ResetTransitionWithStartTime2

===========================================================================================
----------------- testing Thu Apr 02 13:43:27 UTC 2020 /home/travis/build/icyphy/ptII/ptolemy/domains/de/test/auto/ResetTransitionWithStartTime3.xml
----------------- Instantiating /home/travis/build/icyphy/ptII/ptolemy/domains/de/test/auto/ResetTransitionWithStartTime3.xml
4 ms. Memory: 178176K Free: 110044K (62%)
----------------- Invoking toplevel() on ptolemy.moml.MoMLSimpleApplication@ba5564d
----------------- Done invoking toplevel() on ptolemy.moml.MoMLSimpleApplication@ba5564d
reloadAllAccessors: .ResetTransitionWithStartTime3

===========================================================================================
----------------- testing Thu Apr 02 13:43:27 UTC 2020 /home/travis/build/icyphy/ptII/ptolemy/domains/de/test/auto/ResetTransitionWithStartTime4.xml
----------------- Instantiating /home/travis/build/icyphy/ptII/ptolemy/domains/de/test/auto/ResetTransitionWithStartTime4.xml
3 ms. Memory: 178176K Free: 102356K (57%)
----------------- Invoking toplevel() on ptolemy.moml.MoMLSimpleApplication@60d174f4
----------------- Done invoking toplevel() on ptolemy.moml.MoMLSimpleApplication@60d174f4
reloadAllAccessors: .ResetTransitionWithStartTime4

===========================================================================================
----------------- testing Thu Apr 02 13:43:27 UTC 2020 /home/travis/build/icyphy/ptII/ptolemy/domains/de/test/auto/ResettableTimer1.xml
----------------- Instantiating /home/travis/build/icyphy/ptII/ptolemy/domains/de/test/auto/ResettableTimer1.xml
2 ms. Memory: 178176K Free: 98236K (55%)
----------------- Invoking toplevel() on ptolemy.moml.MoMLSimpleApplication@55c0e54c
----------------- Done invoking toplevel() on ptolemy.moml.MoMLSimpleApplication@55c0e54c
reloadAllAccessors: .ResettableTimer1

===========================================================================================
----------------- testing Thu Apr 02 13:43:27 UTC 2020 /home/travis/build/icyphy/ptII/ptolemy/domains/de/test/auto/ResettableTimer2.xml
----------------- Instantiating /home/travis/build/icyphy/ptII/ptolemy/domains/de/test/auto/ResettableTimer2.xml
1 ms. Memory: 178176K Free: 94156K (53%)
----------------- Invoking toplevel() on ptolemy.moml.MoMLSimpleApplication@1c0da7fc
----------------- Done invoking toplevel() on ptolemy.moml.MoMLSimpleApplication@1c0da7fc
reloadAllAccessors: .ResettableTimer2

===========================================================================================
----------------- testing Thu Apr 02 13:43:27 UTC 2020 /home/travis/build/icyphy/ptII/ptolemy/domains/de/test/auto/ResettableTimer3.xml
----------------- Instantiating /home/travis/build/icyphy/ptII/ptolemy/domains/de/test/auto/ResettableTimer3.xml
1 ms. Memory: 178176K Free: 90074K (51%)
----------------- Invoking toplevel() on ptolemy.moml.MoMLSimpleApplication@680c9ca0
----------------- Done invoking toplevel() on ptolemy.moml.MoMLSimpleApplication@680c9ca0
reloadAllAccessors: .ResettableTimer3

===========================================================================================
----------------- testing Thu Apr 02 13:43:27 UTC 2020 /home/travis/build/icyphy/ptII/ptolemy/domains/de/test/auto/ResettableTimer4.xml
----------------- Instantiating /home/travis/build/icyphy/ptII/ptolemy/domains/de/test/auto/ResettableTimer4.xml
1 ms. Memory: 178176K Free: 85978K (48%)
----------------- Invoking toplevel() on ptolemy.moml.MoMLSimpleApplication@4db40379
----------------- Done invoking toplevel() on ptolemy.moml.MoMLSimpleApplication@4db40379
reloadAllAccessors: .ResettableTimer4

===========================================================================================
----------------- testing Thu Apr 02 13:43:27 UTC 2020 /home/travis/build/icyphy/ptII/ptolemy/domains/de/test/auto/ResettableTimer5.xml
----------------- Instantiating /home/travis/build/icyphy/ptII/ptolemy/domains/de/test/auto/ResettableTimer5.xml
1 ms. Memory: 178176K Free: 81882K (46%)
----------------- Invoking toplevel() on ptolemy.moml.MoMLSimpleApplication@19d307b8
----------------- Done invoking toplevel() on ptolemy.moml.MoMLSimpleApplication@19d307b8
reloadAllAccessors: .ResettableTimer5

===========================================================================================
----------------- testing Thu Apr 02 13:43:27 UTC 2020 /home/travis/build/icyphy/ptII/ptolemy/domains/de/test/auto/ResettableTimer6.xml
----------------- Instantiating /home/travis/build/icyphy/ptII/ptolemy/domains/de/test/auto/ResettableTimer6.xml
6 ms. Memory: 178176K Free: 77274K (43%)
----------------- Invoking toplevel() on ptolemy.moml.MoMLSimpleApplication@232fea1c
----------------- Done invoking toplevel() on ptolemy.moml.MoMLSimpleApplication@232fea1c
reloadAllAccessors: .ResettableTimer6

===========================================================================================
----------------- testing Thu Apr 02 13:43:27 UTC 2020 /home/travis/build/icyphy/ptII/ptolemy/domains/de/test/auto/ServerZeroDelay.xml
----------------- Instantiating /home/travis/build/icyphy/ptII/ptolemy/domains/de/test/auto/ServerZeroDelay.xml
1 ms. Memory: 178176K Free: 73180K (41%)
----------------- Invoking toplevel() on ptolemy.moml.MoMLSimpleApplication@5d488dd2
----------------- Done invoking toplevel() on ptolemy.moml.MoMLSimpleApplication@5d488dd2
reloadAllAccessors: .ServerZeroDelay

===========================================================================================
----------------- testing Thu Apr 02 13:43:27 UTC 2020 /home/travis/build/icyphy/ptII/ptolemy/domains/de/test/auto/SmartSender.xml
----------------- Instantiating /home/travis/build/icyphy/ptII/ptolemy/domains/de/test/auto/SmartSender.xml
3000 ms. Memory: 178176K Free: 69084K (39%)
----------------- Invoking toplevel() on ptolemy.moml.MoMLSimpleApplication@1a6fb63c
----------------- Done invoking toplevel() on ptolemy.moml.MoMLSimpleApplication@1a6fb63c
reloadAllAccessors: .SmartSender

===========================================================================================
----------------- testing Thu Apr 02 13:43:30 UTC 2020 /home/travis/build/icyphy/ptII/ptolemy/domains/de/test/auto/ThreadedComposite.xml
----------------- Instantiating /home/travis/build/icyphy/ptII/ptolemy/domains/de/test/auto/ThreadedComposite.xml
100 ms. Memory: 178176K Free: 148837K (84%)
----------------- Invoking toplevel() on ptolemy.moml.MoMLSimpleApplication@20d8804f
----------------- Done invoking toplevel() on ptolemy.moml.MoMLSimpleApplication@20d8804f
reloadAllAccessors: .ThreadedComposite

===========================================================================================
----------------- testing Thu Apr 02 13:43:30 UTC 2020 /home/travis/build/icyphy/ptII/ptolemy/domains/de/test/auto/Time.xml
----------------- Instantiating /home/travis/build/icyphy/ptII/ptolemy/domains/de/test/auto/Time.xml
357 ms. Memory: 178176K Free: 96099K (54%)
----------------- Invoking toplevel() on ptolemy.moml.MoMLSimpleApplication@3fdd915b
----------------- Done invoking toplevel() on ptolemy.moml.MoMLSimpleApplication@3fdd915b
reloadAllAccessors: .Time

===========================================================================================
----------------- testing Thu Apr 02 13:43:31 UTC 2020 /home/travis/build/icyphy/ptII/ptolemy/domains/de/test/auto/TimeDelayZeroDelay.xml
----------------- Instantiating /home/travis/build/icyphy/ptII/ptolemy/domains/de/test/auto/TimeDelayZeroDelay.xml
1 ms. Memory: 178176K Free: 92003K (52%)
----------------- Invoking toplevel() on ptolemy.moml.MoMLSimpleApplication@61151dbc
----------------- Done invoking toplevel() on ptolemy.moml.MoMLSimpleApplication@61151dbc
reloadAllAccessors: .TimeDelayZeroDelay

===========================================================================================
----------------- testing Thu Apr 02 13:43:31 UTC 2020 /home/travis/build/icyphy/ptII/ptolemy/domains/de/test/auto/TimerZeroDelay.xml
----------------- Instantiating /home/travis/build/icyphy/ptII/ptolemy/domains/de/test/auto/TimerZeroDelay.xml
1 ms. Memory: 178176K Free: 87893K (49%)
----------------- Invoking toplevel() on ptolemy.moml.MoMLSimpleApplication@633b2bf6
----------------- Done invoking toplevel() on ptolemy.moml.MoMLSimpleApplication@633b2bf6
reloadAllAccessors: .TimerZeroDelay

===========================================================================================
----------------- testing Thu Apr 02 13:43:31 UTC 2020 /home/travis/build/icyphy/ptII/ptolemy/domains/de/test/auto/TimingParadox.xml
----------------- Instantiating /home/travis/build/icyphy/ptII/ptolemy/domains/de/test/auto/TimingParadox.xml
242 ms. Memory: 178176K Free: 124054K (70%)
----------------- Invoking toplevel() on ptolemy.moml.MoMLSimpleApplication@3bc02f2
----------------- Done invoking toplevel() on ptolemy.moml.MoMLSimpleApplication@3bc02f2
reloadAllAccessors: .TimingParadox

===========================================================================================
----------------- testing Thu Apr 02 13:43:31 UTC 2020 /home/travis/build/icyphy/ptII/ptolemy/domains/de/test/auto/TransferInputs.xml
----------------- Instantiating /home/travis/build/icyphy/ptII/ptolemy/domains/de/test/auto/TransferInputs.xml
1 ms. Memory: 178176K Free: 119448K (67%)
----------------- Invoking toplevel() on ptolemy.moml.MoMLSimpleApplication@443de318
----------------- Done invoking toplevel() on ptolemy.moml.MoMLSimpleApplication@443de318
reloadAllAccessors: .TransferInputs

===========================================================================================
----------------- testing Thu Apr 02 13:43:31 UTC 2020 /home/travis/build/icyphy/ptII/ptolemy/domains/de/test/auto/TransferOutputs2.xml
----------------- Instantiating /home/travis/build/icyphy/ptII/ptolemy/domains/de/test/auto/TransferOutputs2.xml
2 ms. Memory: 178176K Free: 111256K (62%)
----------------- Invoking toplevel() on ptolemy.moml.MoMLSimpleApplication@21becb88
----------------- Done invoking toplevel() on ptolemy.moml.MoMLSimpleApplication@21becb88
reloadAllAccessors: .TransferOutputs2

===========================================================================================
----------------- testing Thu Apr 02 13:43:31 UTC 2020 /home/travis/build/icyphy/ptII/ptolemy/domains/de/test/auto/Trilateration.xml
----------------- Instantiating /home/travis/build/icyphy/ptII/ptolemy/domains/de/test/auto/Trilateration.xml
9842 ms. Memory: 399360K Free: 288517K (72%)
----------------- Invoking toplevel() on ptolemy.moml.MoMLSimpleApplication@3f31c2e
----------------- Done invoking toplevel() on ptolemy.moml.MoMLSimpleApplication@3f31c2e
reloadAllAccessors: .Trilateration

===========================================================================================
----------------- testing Thu Apr 02 13:43:41 UTC 2020 /home/travis/build/icyphy/ptII/ptolemy/domains/de/test/auto/TwoSigmaDelta.xml
----------------- Instantiating /home/travis/build/icyphy/ptII/ptolemy/domains/de/test/auto/TwoSigmaDelta.xml
1831 ms. Memory: 399360K Free: 324697K (81%)
----------------- Invoking toplevel() on ptolemy.moml.MoMLSimpleApplication@f510fad
----------------- Done invoking toplevel() on ptolemy.moml.MoMLSimpleApplication@f510fad
reloadAllAccessors: .TwoSigmaDelta

===========================================================================================
----------------- testing Thu Apr 02 13:43:43 UTC 2020 /home/travis/build/icyphy/ptII/ptolemy/domains/de/test/auto/VariableDelay.xml
----------------- Instantiating /home/travis/build/icyphy/ptII/ptolemy/domains/de/test/auto/VariableDelay.xml
2 ms. Memory: 399360K Free: 319577K (80%)
----------------- Invoking toplevel() on ptolemy.moml.MoMLSimpleApplication@190a6957
----------------- Done invoking toplevel() on ptolemy.moml.MoMLSimpleApplication@190a6957
reloadAllAccessors: .VariableDelay

===========================================================================================
----------------- testing Thu Apr 02 13:43:43 UTC 2020 /home/travis/build/icyphy/ptII/ptolemy/domains/de/test/auto/VariableDelay2.xml
----------------- Instantiating /home/travis/build/icyphy/ptII/ptolemy/domains/de/test/auto/VariableDelay2.xml
2 ms. Memory: 399360K Free: 314953K (79%)
----------------- Invoking toplevel() on ptolemy.moml.MoMLSimpleApplication@543bccd1
----------------- Done invoking toplevel() on ptolemy.moml.MoMLSimpleApplication@543bccd1
reloadAllAccessors: .VariableDelay2

===========================================================================================
----------------- testing Thu Apr 02 13:43:43 UTC 2020 /home/travis/build/icyphy/ptII/ptolemy/domains/de/test/auto/VariableDelayZeroDelay.xml
----------------- Instantiating /home/travis/build/icyphy/ptII/ptolemy/domains/de/test/auto/VariableDelayZeroDelay.xml
4 ms. Memory: 399360K Free: 310871K (78%)
----------------- Invoking toplevel() on ptolemy.moml.MoMLSimpleApplication@cc428aa
----------------- Done invoking toplevel() on ptolemy.moml.MoMLSimpleApplication@cc428aa
reloadAllAccessors: .VariableDelayZeroDelay

===========================================================================================
----------------- testing Thu Apr 02 13:43:43 UTC 2020 /home/travis/build/icyphy/ptII/ptolemy/domains/de/test/auto/VariableDelayZeroDelay2.xml
----------------- Instantiating /home/travis/build/icyphy/ptII/ptolemy/domains/de/test/auto/VariableDelayZeroDelay2.xml
1 ms. Memory: 399360K Free: 306775K (77%)
----------------- Invoking toplevel() on ptolemy.moml.MoMLSimpleApplication@6250d396
----------------- Done invoking toplevel() on ptolemy.moml.MoMLSimpleApplication@6250d396
reloadAllAccessors: .VariableDelayZeroDelay2

===========================================================================================
----------------- testing Thu Apr 02 13:43:43 UTC 2020 /home/travis/build/icyphy/ptII/ptolemy/domains/de/test/auto/deInCt.xml
----------------- Instantiating /home/travis/build/icyphy/ptII/ptolemy/domains/de/test/auto/deInCt.xml
0
1
1
1
1
0
0
0
1
1
1
0
0
0
1
1
1
0
0
0
1
1
1
1
0
0
0
0
0
1
1
1
1
0
0
0
0
6 ms. Memory: 399360K Free: 301655K (76%)
----------------- Invoking toplevel() on ptolemy.moml.MoMLSimpleApplication@19723b0d
----------------- Done invoking toplevel() on ptolemy.moml.MoMLSimpleApplication@19723b0d
reloadAllAccessors: .deInCt

===========================================================================================
----------------- testing Thu Apr 02 13:43:43 UTC 2020 /home/travis/build/icyphy/ptII/ptolemy/domains/de/test/auto/deInCt2.xml
----------------- Instantiating /home/travis/build/icyphy/ptII/ptolemy/domains/de/test/auto/deInCt2.xml
0
1
1
1
0
0
1
1
1
0
0
1
1
1
0
0
1
1
1
0
0
1
1
1
0
0
1
1
1
0
0
1
1
1
0
0
1
1
1
0
0
0
6 ms. Memory: 399360K Free: 296529K (74%)
----------------- Invoking toplevel() on ptolemy.moml.MoMLSimpleApplication@59144bfa
----------------- Done invoking toplevel() on ptolemy.moml.MoMLSimpleApplication@59144bfa
reloadAllAccessors: .deInCt2

===========================================================================================
----------------- testing Thu Apr 02 13:43:43 UTC 2020 /home/travis/build/icyphy/ptII/ptolemy/domains/de/test/auto/dynamicCausalityInterface1.xml
----------------- Instantiating /home/travis/build/icyphy/ptII/ptolemy/domains/de/test/auto/dynamicCausalityInterface1.xml
1 ms. Memory: 399360K Free: 287319K (72%)
----------------- Invoking toplevel() on ptolemy.moml.MoMLSimpleApplication@16e79c52
----------------- Done invoking toplevel() on ptolemy.moml.MoMLSimpleApplication@16e79c52
reloadAllAccessors: .dynamicCausalityInterface1

===========================================================================================
----------------- testing Thu Apr 02 13:43:43 UTC 2020 /home/travis/build/icyphy/ptII/ptolemy/domains/de/test/auto/fsm_de_test.xml
----------------- Instantiating /home/travis/build/icyphy/ptII/ptolemy/domains/de/test/auto/fsm_de_test.xml
5 ms. Memory: 399360K Free: 278089K (70%)
----------------- Invoking toplevel() on ptolemy.moml.MoMLSimpleApplication@67d92762
----------------- Done invoking toplevel() on ptolemy.moml.MoMLSimpleApplication@67d92762
reloadAllAccessors: .fsm_de_test

===========================================================================================
----------------- testing Thu Apr 02 13:43:43 UTC 2020 /home/travis/build/icyphy/ptII/ptolemy/domains/de/test/auto/functionDependencyReconstruction.xml
----------------- Instantiating /home/travis/build/icyphy/ptII/ptolemy/domains/de/test/auto/functionDependencyReconstruction.xml
2 ms. Memory: 399360K Free: 263257K (66%)
----------------- Invoking toplevel() on ptolemy.moml.MoMLSimpleApplication@3207e044
----------------- Done invoking toplevel() on ptolemy.moml.MoMLSimpleApplication@3207e044
reloadAllAccessors: .functionDependencyReconstruction

===========================================================================================
----------------- testing Thu Apr 02 13:43:44 UTC 2020 /home/travis/build/icyphy/ptII/ptolemy/domains/de/test/auto/multirate.xml
----------------- Instantiating /home/travis/build/icyphy/ptII/ptolemy/domains/de/test/auto/multirate.xml
3 ms. Memory: 399360K Free: 256585K (64%)
----------------- Invoking toplevel() on ptolemy.moml.MoMLSimpleApplication@62ce9ce2
----------------- Done invoking toplevel() on ptolemy.moml.MoMLSimpleApplication@62ce9ce2
reloadAllAccessors: .multirate

===========================================================================================
----------------- testing Thu Apr 02 13:43:44 UTC 2020 /home/travis/build/icyphy/ptII/ptolemy/domains/de/test/auto/multirate2.xml
----------------- Instantiating /home/travis/build/icyphy/ptII/ptolemy/domains/de/test/auto/multirate2.xml
2 ms. Memory: 399360K Free: 249945K (63%)
----------------- Invoking toplevel() on ptolemy.moml.MoMLSimpleApplication@74eec1be
----------------- Done invoking toplevel() on ptolemy.moml.MoMLSimpleApplication@74eec1be
reloadAllAccessors: .multirate2

===========================================================================================
----------------- testing Thu Apr 02 13:43:44 UTC 2020 /home/travis/build/icyphy/ptII/ptolemy/domains/de/test/auto/realtime.xml
----------------- Instantiating /home/travis/build/icyphy/ptII/ptolemy/domains/de/test/auto/realtime.xml
10001 ms. Memory: 399360K Free: 245329K (61%)
----------------- Invoking toplevel() on ptolemy.moml.MoMLSimpleApplication@5cc9dc73
----------------- Done invoking toplevel() on ptolemy.moml.MoMLSimpleApplication@5cc9dc73
reloadAllAccessors: .realtime

===========================================================================================
----------------- testing Thu Apr 02 13:43:54 UTC 2020 /home/travis/build/icyphy/ptII/ptolemy/domains/de/test/auto/relationGroup.xml
----------------- Instantiating /home/travis/build/icyphy/ptII/ptolemy/domains/de/test/auto/relationGroup.xml
2 ms. Memory: 399360K Free: 241753K (61%)
----------------- Invoking toplevel() on ptolemy.moml.MoMLSimpleApplication@e97453d
----------------- Done invoking toplevel() on ptolemy.moml.MoMLSimpleApplication@e97453d
reloadAllAccessors: .relationGroup

===========================================================================================
----------------- testing Thu Apr 02 13:43:54 UTC 2020 /home/travis/build/icyphy/ptII/ptolemy/domains/de/test/auto/relationGroup2.xml
----------------- Instantiating /home/travis/build/icyphy/ptII/ptolemy/domains/de/test/auto/relationGroup2.xml
1 ms. Memory: 399360K Free: 238167K (60%)
----------------- Invoking toplevel() on ptolemy.moml.MoMLSimpleApplication@7cf7db05
----------------- Done invoking toplevel() on ptolemy.moml.MoMLSimpleApplication@7cf7db05
reloadAllAccessors: .relationGroup2

===========================================================================================
----------------- testing Thu Apr 02 13:43:54 UTC 2020 /home/travis/build/icyphy/ptII/ptolemy/domains/de/test/auto/sortWithOpaquePorts.xml
----------------- Instantiating /home/travis/build/icyphy/ptII/ptolemy/domains/de/test/auto/sortWithOpaquePorts.xml
2 ms. Memory: 399360K Free: 233561K (58%)
----------------- Invoking toplevel() on ptolemy.moml.MoMLSimpleApplication@19a9555f
----------------- Done invoking toplevel() on ptolemy.moml.MoMLSimpleApplication@19a9555f
reloadAllAccessors: .sortWithOpaquePorts

===========================================================================================
----------------- testing Thu Apr 02 13:43:54 UTC 2020 /home/travis/build/icyphy/ptII/ptolemy/domains/de/test/auto/transferInputsandOutputs.xml
----------------- Instantiating /home/travis/build/icyphy/ptII/ptolemy/domains/de/test/auto/transferInputsandOutputs.xml
2 ms. Memory: 399360K Free: 226393K (57%)
----------------- Invoking toplevel() on ptolemy.moml.MoMLSimpleApplication@7f985d49
----------------- Done invoking toplevel() on ptolemy.moml.MoMLSimpleApplication@7f985d49
reloadAllAccessors: .transferInputsandOutputs

===========================================================================================
----------------- testing Thu Apr 02 13:43:54 UTC 2020 /home/travis/build/icyphy/ptII/ptolemy/domains/de/test/auto/triggerType.xml
----------------- Instantiating /home/travis/build/icyphy/ptII/ptolemy/domains/de/test/auto/triggerType.xml
1 ms. Memory: 399360K Free: 222297K (56%)
----------------- Invoking toplevel() on ptolemy.moml.MoMLSimpleApplication@21da0d1d
----------------- Done invoking toplevel() on ptolemy.moml.MoMLSimpleApplication@21da0d1d
reloadAllAccessors: .triggerType
AutoTests.java: About to close Vertx.
AutoTests.java: Vertx closed.
]]></system-out>
  <system-err><![CDATA[java.lang.RuntimeException: Execution failed
	at ptolemy.moml.MoMLSimpleApplication$UnloadThread.run(MoMLSimpleApplication.java:402)
Caused by: ptolemy.kernel.util.IllegalActionException: Found a zero delay loop containing .dependencyLoop.original
  in .dependencyLoop and .dependencyLoop.original
	at ptolemy.actor.util.CausalityInterfaceForComposites._computeOutputPortDepth(CausalityInterfaceForComposites.java:759)
	at ptolemy.actor.util.CausalityInterfaceForComposites._computeInputDepth(CausalityInterfaceForComposites.java:696)
	at ptolemy.actor.util.CausalityInterfaceForComposites._computeOutputPortDepth(CausalityInterfaceForComposites.java:765)
	at ptolemy.actor.util.CausalityInterfaceForComposites._computeInputDepth(CausalityInterfaceForComposites.java:696)
	at ptolemy.actor.util.CausalityInterfaceForComposites._computeOutputPortDepth(CausalityInterfaceForComposites.java:765)
	at ptolemy.actor.util.CausalityInterfaceForComposites._computeInputDepth(CausalityInterfaceForComposites.java:696)
	at ptolemy.actor.util.CausalityInterfaceForComposites._computeActorDepth(CausalityInterfaceForComposites.java:532)
	at ptolemy.actor.util.CausalityInterfaceForComposites.checkForCycles(CausalityInterfaceForComposites.java:96)
	at ptolemy.domains.de.kernel.DEDirector.preinitialize(DEDirector.java:1338)
	at ptolemy.actor.CompositeActor.preinitialize(CompositeActor.java:1828)
	at ptolemy.actor.Manager.preinitializeAndResolveTypes(Manager.java:1040)
	at ptolemy.actor.Manager.initialize(Manager.java:710)
	at ptolemy.actor.Manager.execute(Manager.java:356)
	at ptolemy.actor.Manager.run(Manager.java:1263)
	at ptolemy.actor.Manager$PtolemyRunThread.run(Manager.java:1933)
java.lang.RuntimeException: Execution failed
	at ptolemy.moml.MoMLSimpleApplication$UnloadThread.run(MoMLSimpleApplication.java:402)
Caused by: ptolemy.kernel.util.IllegalActionException: Found a zero delay loop containing .dependencyLoop2.original
  in .dependencyLoop2 and .dependencyLoop2.original
	at ptolemy.actor.util.CausalityInterfaceForComposites._computeOutputPortDepth(CausalityInterfaceForComposites.java:759)
	at ptolemy.actor.util.CausalityInterfaceForComposites._computeInputDepth(CausalityInterfaceForComposites.java:696)
	at ptolemy.actor.util.CausalityInterfaceForComposites._computeOutputPortDepth(CausalityInterfaceForComposites.java:765)
	at ptolemy.actor.util.CausalityInterfaceForComposites._computeInputDepth(CausalityInterfaceForComposites.java:696)
	at ptolemy.actor.util.CausalityInterfaceForComposites._computeOutputPortDepth(CausalityInterfaceForComposites.java:765)
	at ptolemy.actor.util.CausalityInterfaceForComposites._computeInputDepth(CausalityInterfaceForComposites.java:696)
	at ptolemy.actor.util.CausalityInterfaceForComposites._computeActorDepth(CausalityInterfaceForComposites.java:532)
	at ptolemy.actor.util.CausalityInterfaceForComposites.checkForCycles(CausalityInterfaceForComposites.java:96)
	at ptolemy.domains.de.kernel.DEDirector.preinitialize(DEDirector.java:1338)
	at ptolemy.actor.CompositeActor.preinitialize(CompositeActor.java:1828)
	at ptolemy.actor.Manager.preinitializeAndResolveTypes(Manager.java:1040)
	at ptolemy.actor.Manager.initialize(Manager.java:710)
	at ptolemy.actor.Manager.execute(Manager.java:356)
	at ptolemy.actor.Manager.run(Manager.java:1263)
	at ptolemy.actor.Manager$PtolemyRunThread.run(Manager.java:1933)
java.lang.RuntimeException: Execution failed
	at ptolemy.moml.MoMLSimpleApplication$UnloadThread.run(MoMLSimpleApplication.java:402)
Caused by: ptolemy.kernel.util.IllegalActionException: Test fails in iteration 1.
Value was: 1.0. Should have been: 2.0
  in .DirectFeedback.Test
	at ptolemy.actor.lib.Test.fire(Test.java:268)
	at ptolemy.domains.de.kernel.DEDirector._fire(DEDirector.java:1949)
	at ptolemy.domains.de.kernel.DEDirector.fire(DEDirector.java:502)
	at ptolemy.actor.CompositeActor.fire(CompositeActor.java:455)
	at ptolemy.actor.Manager.iterate(Manager.java:851)
	at ptolemy.actor.Manager.execute(Manager.java:369)
	at ptolemy.actor.Manager.run(Manager.java:1263)
	at ptolemy.actor.Manager$PtolemyRunThread.run(Manager.java:1933)
java.lang.RuntimeException: Execution failed
	at ptolemy.moml.MoMLSimpleApplication$UnloadThread.run(MoMLSimpleApplication.java:402)
Caused by: ptolemy.kernel.util.IllegalActionException: Found a zero delay loop containing .dependencyLoop.original
  in .dependencyLoop and .dependencyLoop.original
	at ptolemy.actor.util.CausalityInterfaceForComposites._computeOutputPortDepth(CausalityInterfaceForComposites.java:759)
	at ptolemy.actor.util.CausalityInterfaceForComposites._computeInputDepth(CausalityInterfaceForComposites.java:696)
	at ptolemy.actor.util.CausalityInterfaceForComposites._computeOutputPortDepth(CausalityInterfaceForComposites.java:765)
	at ptolemy.actor.util.CausalityInterfaceForComposites._computeInputDepth(CausalityInterfaceForComposites.java:696)
	at ptolemy.actor.util.CausalityInterfaceForComposites._computeOutputPortDepth(CausalityInterfaceForComposites.java:765)
	at ptolemy.actor.util.CausalityInterfaceForComposites._computeInputDepth(CausalityInterfaceForComposites.java:696)
	at ptolemy.actor.util.CausalityInterfaceForComposites._computeActorDepth(CausalityInterfaceForComposites.java:532)
	at ptolemy.actor.util.CausalityInterfaceForComposites.checkForCycles(CausalityInterfaceForComposites.java:96)
	at ptolemy.domains.de.kernel.DEDirector.preinitialize(DEDirector.java:1338)
	at ptolemy.actor.CompositeActor.preinitialize(CompositeActor.java:1828)
	at ptolemy.actor.Manager.preinitializeAndResolveTypes(Manager.java:1040)
	at ptolemy.actor.Manager.initialize(Manager.java:710)
	at ptolemy.actor.Manager.execute(Manager.java:356)
	at ptolemy.actor.Manager.run(Manager.java:1263)
	at ptolemy.actor.Manager$PtolemyRunThread.run(Manager.java:1933)
java.lang.RuntimeException: Execution failed
	at ptolemy.moml.MoMLSimpleApplication$UnloadThread.run(MoMLSimpleApplication.java:402)
Caused by: ptolemy.kernel.util.IllegalActionException: Found a zero delay loop containing .HierarchicalModel.A
  in .HierarchicalModel and .HierarchicalModel.A
	at ptolemy.actor.util.CausalityInterfaceForComposites._computeOutputPortDepth(CausalityInterfaceForComposites.java:759)
	at ptolemy.actor.util.CausalityInterfaceForComposites._computeInputDepth(CausalityInterfaceForComposites.java:696)
	at ptolemy.actor.util.CausalityInterfaceForComposites._computeOutputPortDepth(CausalityInterfaceForComposites.java:765)
	at ptolemy.actor.util.CausalityInterfaceForComposites._computeInputDepth(CausalityInterfaceForComposites.java:696)
	at ptolemy.actor.util.CausalityInterfaceForComposites._computeOutputPortDepth(CausalityInterfaceForComposites.java:765)
	at ptolemy.actor.util.CausalityInterfaceForComposites._computeInputDepth(CausalityInterfaceForComposites.java:696)
	at ptolemy.actor.util.CausalityInterfaceForComposites._computeActorDepth(CausalityInterfaceForComposites.java:532)
	at ptolemy.actor.util.CausalityInterfaceForComposites.checkForCycles(CausalityInterfaceForComposites.java:96)
	at ptolemy.domains.de.kernel.DEDirector.preinitialize(DEDirector.java:1338)
	at ptolemy.actor.CompositeActor.preinitialize(CompositeActor.java:1828)
	at ptolemy.actor.Manager.preinitializeAndResolveTypes(Manager.java:1040)
	at ptolemy.actor.Manager.initialize(Manager.java:710)
	at ptolemy.actor.Manager.execute(Manager.java:356)
	at ptolemy.actor.Manager.run(Manager.java:1263)
	at ptolemy.actor.Manager$PtolemyRunThread.run(Manager.java:1933)
java.lang.RuntimeException: Execution failed
	at ptolemy.moml.MoMLSimpleApplication$UnloadThread.run(MoMLSimpleApplication.java:402)
Caused by: ptolemy.kernel.util.IllegalActionException: Found a zero delay loop containing .dependencyLoop2.original
  in .dependencyLoop2 and .dependencyLoop2.original
	at ptolemy.actor.util.CausalityInterfaceForComposites._computeOutputPortDepth(CausalityInterfaceForComposites.java:759)
	at ptolemy.actor.util.CausalityInterfaceForComposites._computeInputDepth(CausalityInterfaceForComposites.java:696)
	at ptolemy.actor.util.CausalityInterfaceForComposites._computeOutputPortDepth(CausalityInterfaceForComposites.java:765)
	at ptolemy.actor.util.CausalityInterfaceForComposites._computeInputDepth(CausalityInterfaceForComposites.java:696)
	at ptolemy.actor.util.CausalityInterfaceForComposites._computeOutputPortDepth(CausalityInterfaceForComposites.java:765)
	at ptolemy.actor.util.CausalityInterfaceForComposites._computeInputDepth(CausalityInterfaceForComposites.java:696)
	at ptolemy.actor.util.CausalityInterfaceForComposites._computeActorDepth(CausalityInterfaceForComposites.java:532)
	at ptolemy.actor.util.CausalityInterfaceForComposites.checkForCycles(CausalityInterfaceForComposites.java:96)
	at ptolemy.domains.de.kernel.DEDirector.preinitialize(DEDirector.java:1338)
	at ptolemy.actor.CompositeActor.preinitialize(CompositeActor.java:1828)
	at ptolemy.actor.Manager.preinitializeAndResolveTypes(Manager.java:1040)
	at ptolemy.actor.Manager.initialize(Manager.java:710)
	at ptolemy.actor.Manager.execute(Manager.java:356)
	at ptolemy.actor.Manager.run(Manager.java:1263)
	at ptolemy.actor.Manager$PtolemyRunThread.run(Manager.java:1933)
java.lang.RuntimeException: Execution failed
	at ptolemy.moml.MoMLSimpleApplication$UnloadThread.run(MoMLSimpleApplication.java:402)
Caused by: ptolemy.kernel.util.IllegalActionException: Actor is not ready to fire.  Perhaps UpSample.prefire() returned false? Try debugging the actor by selecting "Listen to Actor".  Also, for SDF check moml for tokenConsumptionRate on input.
  in .DESDFClockTest.Play Bell.Copy1:SDF Director and .DESDFClockTest.Play Bell.UpSample
	at ptolemy.actor.sched.StaticSchedulingDirector.fire(StaticSchedulingDirector.java:227)
	at ptolemy.domains.sdf.kernel.SDFDirector.fire(SDFDirector.java:500)
	at ptolemy.actor.CompositeActor.fire(CompositeActor.java:455)
	at ptolemy.domains.de.kernel.DEDirector._fire(DEDirector.java:1949)
	at ptolemy.domains.de.kernel.DEDirector.fire(DEDirector.java:502)
	at ptolemy.actor.CompositeActor.fire(CompositeActor.java:455)
	at ptolemy.actor.Manager.iterate(Manager.java:851)
	at ptolemy.actor.Manager.execute(Manager.java:369)
	at ptolemy.actor.Manager.run(Manager.java:1263)
	at ptolemy.actor.Manager$PtolemyRunThread.run(Manager.java:1933)
java.lang.RuntimeException: Execution failed
	at ptolemy.moml.MoMLSimpleApplication$UnloadThread.run(MoMLSimpleApplication.java:402)
Caused by: ptolemy.kernel.util.IllegalActionException: Actor is not ready to fire.  Perhaps UpSample.prefire() returned false? Try debugging the actor by selecting "Listen to Actor".  Also, for SDF check moml for tokenConsumptionRate on input.
  in .DESDFClockTest.Play Bell.Copy1:SDF Director and .DESDFClockTest.Play Bell.UpSample
	at ptolemy.actor.sched.StaticSchedulingDirector.fire(StaticSchedulingDirector.java:227)
	at ptolemy.domains.sdf.kernel.SDFDirector.fire(SDFDirector.java:500)
	at ptolemy.actor.CompositeActor.fire(CompositeActor.java:455)
	at ptolemy.domains.de.kernel.DEDirector._fire(DEDirector.java:1949)
	at ptolemy.domains.de.kernel.DEDirector.fire(DEDirector.java:502)
	at ptolemy.actor.CompositeActor.fire(CompositeActor.java:455)
	at ptolemy.actor.Manager.iterate(Manager.java:851)
	at ptolemy.actor.Manager.execute(Manager.java:369)
	at ptolemy.actor.Manager.run(Manager.java:1263)
	at ptolemy.actor.Manager$PtolemyRunThread.run(Manager.java:1933)
java.lang.reflect.InvocationTargetException
	at java.base/jdk.internal.reflect.NativeConstructorAccessorImpl.newInstance0(Native Method)
	at java.base/jdk.internal.reflect.NativeConstructorAccessorImpl.newInstance(NativeConstructorAccessorImpl.java:62)
	at java.base/jdk.internal.reflect.DelegatingConstructorAccessorImpl.newInstance(DelegatingConstructorAccessorImpl.java:45)
	at java.base/java.lang.reflect.Constructor.newInstance(Constructor.java:490)
	at ptolemy.util.test.junit.AutoKnownFailedTests.RunModel(AutoKnownFailedTests.java:105)
	at java.base/jdk.internal.reflect.NativeMethodAccessorImpl.invoke0(Native Method)
	at java.base/jdk.internal.reflect.NativeMethodAccessorImpl.invoke(NativeMethodAccessorImpl.java:62)
	at java.base/jdk.internal.reflect.DelegatingMethodAccessorImpl.invoke(DelegatingMethodAccessorImpl.java:43)
	at java.base/java.lang.reflect.Method.invoke(Method.java:566)
	at org.junit.runners.model.FrameworkMethod$1.runReflectiveCall(FrameworkMethod.java:44)
	at org.junit.internal.runners.model.ReflectiveCallable.run(ReflectiveCallable.java:15)
	at org.junit.runners.model.FrameworkMethod.invokeExplosively(FrameworkMethod.java:41)
	at junitparams.internal.InvokeParameterisedMethod.evaluate(InvokeParameterisedMethod.java:102)
	at org.junit.internal.runners.statements.FailOnTimeout$1.run(FailOnTimeout.java:28)
Caused by: ptolemy.kernel.util.IllegalActionException: Actor is not ready to fire.  Perhaps UpSample.prefire() returned false? Try debugging the actor by selecting "Listen to Actor".  Also, for SDF check moml for tokenConsumptionRate on input.
  in .DESDFClockTest.Play Bell.Copy1:SDF Director and .DESDFClockTest.Play Bell.UpSample
	at ptolemy.actor.sched.StaticSchedulingDirector.fire(StaticSchedulingDirector.java:227)
	at ptolemy.domains.sdf.kernel.SDFDirector.fire(SDFDirector.java:500)
	at ptolemy.actor.CompositeActor.fire(CompositeActor.java:455)
	at ptolemy.domains.de.kernel.DEDirector._fire(DEDirector.java:1949)
	at ptolemy.domains.de.kernel.DEDirector.fire(DEDirector.java:502)
	at ptolemy.actor.CompositeActor.fire(CompositeActor.java:455)
	at ptolemy.actor.Manager.iterate(Manager.java:851)
	at ptolemy.actor.Manager.execute(Manager.java:369)
	at ptolemy.actor.Manager.run(Manager.java:1263)
	at ptolemy.actor.Manager$PtolemyRunThread.run(Manager.java:1933)
java.lang.RuntimeException: Execution failed
	at ptolemy.moml.MoMLSimpleApplication$UnloadThread.run(MoMLSimpleApplication.java:402)
Caused by: ptolemy.kernel.util.IllegalActionException: Test fails in iteration 1.
Value was: 1.0. Should have been: 2.0
  in .DirectFeedback.Test
	at ptolemy.actor.lib.Test.fire(Test.java:268)
	at ptolemy.domains.de.kernel.DEDirector._fire(DEDirector.java:1949)
	at ptolemy.domains.de.kernel.DEDirector.fire(DEDirector.java:502)
	at ptolemy.actor.CompositeActor.fire(CompositeActor.java:455)
	at ptolemy.actor.Manager.iterate(Manager.java:851)
	at ptolemy.actor.Manager.execute(Manager.java:369)
	at ptolemy.actor.Manager.run(Manager.java:1263)
	at ptolemy.actor.Manager$PtolemyRunThread.run(Manager.java:1933)
java.lang.reflect.InvocationTargetException
	at java.base/jdk.internal.reflect.NativeConstructorAccessorImpl.newInstance0(Native Method)
	at java.base/jdk.internal.reflect.NativeConstructorAccessorImpl.newInstance(NativeConstructorAccessorImpl.java:62)
	at java.base/jdk.internal.reflect.DelegatingConstructorAccessorImpl.newInstance(DelegatingConstructorAccessorImpl.java:45)
	at java.base/java.lang.reflect.Constructor.newInstance(Constructor.java:490)
	at ptolemy.util.test.junit.AutoKnownFailedTests.RunModel(AutoKnownFailedTests.java:105)
	at java.base/jdk.internal.reflect.NativeMethodAccessorImpl.invoke0(Native Method)
	at java.base/jdk.internal.reflect.NativeMethodAccessorImpl.invoke(NativeMethodAccessorImpl.java:62)
	at java.base/jdk.internal.reflect.DelegatingMethodAccessorImpl.invoke(DelegatingMethodAccessorImpl.java:43)
	at java.base/java.lang.reflect.Method.invoke(Method.java:566)
	at org.junit.runners.model.FrameworkMethod$1.runReflectiveCall(FrameworkMethod.java:44)
	at org.junit.internal.runners.model.ReflectiveCallable.run(ReflectiveCallable.java:15)
	at org.junit.runners.model.FrameworkMethod.invokeExplosively(FrameworkMethod.java:41)
	at junitparams.internal.InvokeParameterisedMethod.evaluate(InvokeParameterisedMethod.java:102)
	at org.junit.internal.runners.statements.FailOnTimeout$1.run(FailOnTimeout.java:28)
Caused by: ptolemy.kernel.util.IllegalActionException: Test fails in iteration 1.
Value was: 1.0. Should have been: 2.0
  in .DirectFeedback.Test
	at ptolemy.actor.lib.Test.fire(Test.java:268)
	at ptolemy.domains.de.kernel.DEDirector._fire(DEDirector.java:1949)
	at ptolemy.domains.de.kernel.DEDirector.fire(DEDirector.java:502)
	at ptolemy.actor.CompositeActor.fire(CompositeActor.java:455)
	at ptolemy.actor.Manager.iterate(Manager.java:851)
	at ptolemy.actor.Manager.execute(Manager.java:369)
	at ptolemy.actor.Manager.run(Manager.java:1263)
	at ptolemy.actor.Manager$PtolemyRunThread.run(Manager.java:1933)
java.lang.RuntimeException: Execution failed
	at ptolemy.moml.MoMLSimpleApplication$UnloadThread.run(MoMLSimpleApplication.java:402)
Caused by: ptolemy.kernel.util.IllegalActionException: Found a zero delay loop containing .HierarchicalModel.A
  in .HierarchicalModel and .HierarchicalModel.A
	at ptolemy.actor.util.CausalityInterfaceForComposites._computeOutputPortDepth(CausalityInterfaceForComposites.java:759)
	at ptolemy.actor.util.CausalityInterfaceForComposites._computeInputDepth(CausalityInterfaceForComposites.java:696)
	at ptolemy.actor.util.CausalityInterfaceForComposites._computeOutputPortDepth(CausalityInterfaceForComposites.java:765)
	at ptolemy.actor.util.CausalityInterfaceForComposites._computeInputDepth(CausalityInterfaceForComposites.java:696)
	at ptolemy.actor.util.CausalityInterfaceForComposites._computeOutputPortDepth(CausalityInterfaceForComposites.java:765)
	at ptolemy.actor.util.CausalityInterfaceForComposites._computeInputDepth(CausalityInterfaceForComposites.java:696)
	at ptolemy.actor.util.CausalityInterfaceForComposites._computeActorDepth(CausalityInterfaceForComposites.java:532)
	at ptolemy.actor.util.CausalityInterfaceForComposites.checkForCycles(CausalityInterfaceForComposites.java:96)
	at ptolemy.domains.de.kernel.DEDirector.preinitialize(DEDirector.java:1338)
	at ptolemy.actor.CompositeActor.preinitialize(CompositeActor.java:1828)
	at ptolemy.actor.Manager.preinitializeAndResolveTypes(Manager.java:1040)
	at ptolemy.actor.Manager.initialize(Manager.java:710)
	at ptolemy.actor.Manager.execute(Manager.java:356)
	at ptolemy.actor.Manager.run(Manager.java:1263)
	at ptolemy.actor.Manager$PtolemyRunThread.run(Manager.java:1933)
java.lang.reflect.InvocationTargetException
	at java.base/jdk.internal.reflect.NativeConstructorAccessorImpl.newInstance0(Native Method)
	at java.base/jdk.internal.reflect.NativeConstructorAccessorImpl.newInstance(NativeConstructorAccessorImpl.java:62)
	at java.base/jdk.internal.reflect.DelegatingConstructorAccessorImpl.newInstance(DelegatingConstructorAccessorImpl.java:45)
	at java.base/java.lang.reflect.Constructor.newInstance(Constructor.java:490)
	at ptolemy.util.test.junit.AutoKnownFailedTests.RunModel(AutoKnownFailedTests.java:105)
	at java.base/jdk.internal.reflect.NativeMethodAccessorImpl.invoke0(Native Method)
	at java.base/jdk.internal.reflect.NativeMethodAccessorImpl.invoke(NativeMethodAccessorImpl.java:62)
	at java.base/jdk.internal.reflect.DelegatingMethodAccessorImpl.invoke(DelegatingMethodAccessorImpl.java:43)
	at java.base/java.lang.reflect.Method.invoke(Method.java:566)
	at org.junit.runners.model.FrameworkMethod$1.runReflectiveCall(FrameworkMethod.java:44)
	at org.junit.internal.runners.model.ReflectiveCallable.run(ReflectiveCallable.java:15)
	at org.junit.runners.model.FrameworkMethod.invokeExplosively(FrameworkMethod.java:41)
	at junitparams.internal.InvokeParameterisedMethod.evaluate(InvokeParameterisedMethod.java:102)
	at org.junit.internal.runners.statements.FailOnTimeout$1.run(FailOnTimeout.java:28)
Caused by: ptolemy.kernel.util.IllegalActionException: Found a zero delay loop containing .HierarchicalModel.A
  in .HierarchicalModel and .HierarchicalModel.A
	at ptolemy.actor.util.CausalityInterfaceForComposites._computeOutputPortDepth(CausalityInterfaceForComposites.java:759)
	at ptolemy.actor.util.CausalityInterfaceForComposites._computeInputDepth(CausalityInterfaceForComposites.java:696)
	at ptolemy.actor.util.CausalityInterfaceForComposites._computeOutputPortDepth(CausalityInterfaceForComposites.java:765)
	at ptolemy.actor.util.CausalityInterfaceForComposites._computeInputDepth(CausalityInterfaceForComposites.java:696)
	at ptolemy.actor.util.CausalityInterfaceForComposites._computeOutputPortDepth(CausalityInterfaceForComposites.java:765)
	at ptolemy.actor.util.CausalityInterfaceForComposites._computeInputDepth(CausalityInterfaceForComposites.java:696)
	at ptolemy.actor.util.CausalityInterfaceForComposites._computeActorDepth(CausalityInterfaceForComposites.java:532)
	at ptolemy.actor.util.CausalityInterfaceForComposites.checkForCycles(CausalityInterfaceForComposites.java:96)
	at ptolemy.domains.de.kernel.DEDirector.preinitialize(DEDirector.java:1338)
	at ptolemy.actor.CompositeActor.preinitialize(CompositeActor.java:1828)
	at ptolemy.actor.Manager.preinitializeAndResolveTypes(Manager.java:1040)
	at ptolemy.actor.Manager.initialize(Manager.java:710)
	at ptolemy.actor.Manager.execute(Manager.java:356)
	at ptolemy.actor.Manager.run(Manager.java:1263)
	at ptolemy.actor.Manager$PtolemyRunThread.run(Manager.java:1933)
java.lang.RuntimeException: Execution failed
	at ptolemy.moml.MoMLSimpleApplication$UnloadThread.run(MoMLSimpleApplication.java:402)
Caused by: ptolemy.kernel.util.IllegalActionException: Found a zero delay loop containing .dependencyLoop.original
  in .dependencyLoop and .dependencyLoop.original
	at ptolemy.actor.util.CausalityInterfaceForComposites._computeOutputPortDepth(CausalityInterfaceForComposites.java:759)
	at ptolemy.actor.util.CausalityInterfaceForComposites._computeInputDepth(CausalityInterfaceForComposites.java:696)
	at ptolemy.actor.util.CausalityInterfaceForComposites._computeOutputPortDepth(CausalityInterfaceForComposites.java:765)
	at ptolemy.actor.util.CausalityInterfaceForComposites._computeInputDepth(CausalityInterfaceForComposites.java:696)
	at ptolemy.actor.util.CausalityInterfaceForComposites._computeOutputPortDepth(CausalityInterfaceForComposites.java:765)
	at ptolemy.actor.util.CausalityInterfaceForComposites._computeInputDepth(CausalityInterfaceForComposites.java:696)
	at ptolemy.actor.util.CausalityInterfaceForComposites._computeActorDepth(CausalityInterfaceForComposites.java:532)
	at ptolemy.actor.util.CausalityInterfaceForComposites.checkForCycles(CausalityInterfaceForComposites.java:96)
	at ptolemy.domains.de.kernel.DEDirector.preinitialize(DEDirector.java:1338)
	at ptolemy.actor.CompositeActor.preinitialize(CompositeActor.java:1828)
	at ptolemy.actor.Manager.preinitializeAndResolveTypes(Manager.java:1040)
	at ptolemy.actor.Manager.initialize(Manager.java:710)
	at ptolemy.actor.Manager.execute(Manager.java:356)
	at ptolemy.actor.Manager.run(Manager.java:1263)
	at ptolemy.actor.Manager$PtolemyRunThread.run(Manager.java:1933)
java.lang.reflect.InvocationTargetException
	at java.base/jdk.internal.reflect.NativeConstructorAccessorImpl.newInstance0(Native Method)
	at java.base/jdk.internal.reflect.NativeConstructorAccessorImpl.newInstance(NativeConstructorAccessorImpl.java:62)
	at java.base/jdk.internal.reflect.DelegatingConstructorAccessorImpl.newInstance(DelegatingConstructorAccessorImpl.java:45)
	at java.base/java.lang.reflect.Constructor.newInstance(Constructor.java:490)
	at ptolemy.util.test.junit.AutoKnownFailedTests.RunModel(AutoKnownFailedTests.java:105)
	at java.base/jdk.internal.reflect.NativeMethodAccessorImpl.invoke0(Native Method)
	at java.base/jdk.internal.reflect.NativeMethodAccessorImpl.invoke(NativeMethodAccessorImpl.java:62)
	at java.base/jdk.internal.reflect.DelegatingMethodAccessorImpl.invoke(DelegatingMethodAccessorImpl.java:43)
	at java.base/java.lang.reflect.Method.invoke(Method.java:566)
	at org.junit.runners.model.FrameworkMethod$1.runReflectiveCall(FrameworkMethod.java:44)
	at org.junit.internal.runners.model.ReflectiveCallable.run(ReflectiveCallable.java:15)
	at org.junit.runners.model.FrameworkMethod.invokeExplosively(FrameworkMethod.java:41)
	at junitparams.internal.InvokeParameterisedMethod.evaluate(InvokeParameterisedMethod.java:102)
	at org.junit.internal.runners.statements.FailOnTimeout$1.run(FailOnTimeout.java:28)
Caused by: ptolemy.kernel.util.IllegalActionException: Found a zero delay loop containing .dependencyLoop.original
  in .dependencyLoop and .dependencyLoop.original
	at ptolemy.actor.util.CausalityInterfaceForComposites._computeOutputPortDepth(CausalityInterfaceForComposites.java:759)
	at ptolemy.actor.util.CausalityInterfaceForComposites._computeInputDepth(CausalityInterfaceForComposites.java:696)
	at ptolemy.actor.util.CausalityInterfaceForComposites._computeOutputPortDepth(CausalityInterfaceForComposites.java:765)
	at ptolemy.actor.util.CausalityInterfaceForComposites._computeInputDepth(CausalityInterfaceForComposites.java:696)
	at ptolemy.actor.util.CausalityInterfaceForComposites._computeOutputPortDepth(CausalityInterfaceForComposites.java:765)
	at ptolemy.actor.util.CausalityInterfaceForComposites._computeInputDepth(CausalityInterfaceForComposites.java:696)
	at ptolemy.actor.util.CausalityInterfaceForComposites._computeActorDepth(CausalityInterfaceForComposites.java:532)
	at ptolemy.actor.util.CausalityInterfaceForComposites.checkForCycles(CausalityInterfaceForComposites.java:96)
	at ptolemy.domains.de.kernel.DEDirector.preinitialize(DEDirector.java:1338)
	at ptolemy.actor.CompositeActor.preinitialize(CompositeActor.java:1828)
	at ptolemy.actor.Manager.preinitializeAndResolveTypes(Manager.java:1040)
	at ptolemy.actor.Manager.initialize(Manager.java:710)
	at ptolemy.actor.Manager.execute(Manager.java:356)
	at ptolemy.actor.Manager.run(Manager.java:1263)
	at ptolemy.actor.Manager$PtolemyRunThread.run(Manager.java:1933)
java.lang.RuntimeException: Execution failed
	at ptolemy.moml.MoMLSimpleApplication$UnloadThread.run(MoMLSimpleApplication.java:402)
Caused by: ptolemy.kernel.util.IllegalActionException: Found a zero delay loop containing .dependencyLoop2.original
  in .dependencyLoop2 and .dependencyLoop2.original
	at ptolemy.actor.util.CausalityInterfaceForComposites._computeOutputPortDepth(CausalityInterfaceForComposites.java:759)
	at ptolemy.actor.util.CausalityInterfaceForComposites._computeInputDepth(CausalityInterfaceForComposites.java:696)
	at ptolemy.actor.util.CausalityInterfaceForComposites._computeOutputPortDepth(CausalityInterfaceForComposites.java:765)
	at ptolemy.actor.util.CausalityInterfaceForComposites._computeInputDepth(CausalityInterfaceForComposites.java:696)
	at ptolemy.actor.util.CausalityInterfaceForComposites._computeOutputPortDepth(CausalityInterfaceForComposites.java:765)
	at ptolemy.actor.util.CausalityInterfaceForComposites._computeInputDepth(CausalityInterfaceForComposites.java:696)
	at ptolemy.actor.util.CausalityInterfaceForComposites._computeActorDepth(CausalityInterfaceForComposites.java:532)
	at ptolemy.actor.util.CausalityInterfaceForComposites.checkForCycles(CausalityInterfaceForComposites.java:96)
	at ptolemy.domains.de.kernel.DEDirector.preinitialize(DEDirector.java:1338)
	at ptolemy.actor.CompositeActor.preinitialize(CompositeActor.java:1828)
	at ptolemy.actor.Manager.preinitializeAndResolveTypes(Manager.java:1040)
	at ptolemy.actor.Manager.initialize(Manager.java:710)
	at ptolemy.actor.Manager.execute(Manager.java:356)
	at ptolemy.actor.Manager.run(Manager.java:1263)
	at ptolemy.actor.Manager$PtolemyRunThread.run(Manager.java:1933)
java.lang.reflect.InvocationTargetException
	at java.base/jdk.internal.reflect.NativeConstructorAccessorImpl.newInstance0(Native Method)
	at java.base/jdk.internal.reflect.NativeConstructorAccessorImpl.newInstance(NativeConstructorAccessorImpl.java:62)
	at java.base/jdk.internal.reflect.DelegatingConstructorAccessorImpl.newInstance(DelegatingConstructorAccessorImpl.java:45)
	at java.base/java.lang.reflect.Constructor.newInstance(Constructor.java:490)
	at ptolemy.util.test.junit.AutoKnownFailedTests.RunModel(AutoKnownFailedTests.java:105)
	at java.base/jdk.internal.reflect.NativeMethodAccessorImpl.invoke0(Native Method)
	at java.base/jdk.internal.reflect.NativeMethodAccessorImpl.invoke(NativeMethodAccessorImpl.java:62)
	at java.base/jdk.internal.reflect.DelegatingMethodAccessorImpl.invoke(DelegatingMethodAccessorImpl.java:43)
	at java.base/java.lang.reflect.Method.invoke(Method.java:566)
	at org.junit.runners.model.FrameworkMethod$1.runReflectiveCall(FrameworkMethod.java:44)
	at org.junit.internal.runners.model.ReflectiveCallable.run(ReflectiveCallable.java:15)
	at org.junit.runners.model.FrameworkMethod.invokeExplosively(FrameworkMethod.java:41)
	at junitparams.internal.InvokeParameterisedMethod.evaluate(InvokeParameterisedMethod.java:102)
	at org.junit.internal.runners.statements.FailOnTimeout$1.run(FailOnTimeout.java:28)
Caused by: ptolemy.kernel.util.IllegalActionException: Found a zero delay loop containing .dependencyLoop2.original
  in .dependencyLoop2 and .dependencyLoop2.original
	at ptolemy.actor.util.CausalityInterfaceForComposites._computeOutputPortDepth(CausalityInterfaceForComposites.java:759)
	at ptolemy.actor.util.CausalityInterfaceForComposites._computeInputDepth(CausalityInterfaceForComposites.java:696)
	at ptolemy.actor.util.CausalityInterfaceForComposites._computeOutputPortDepth(CausalityInterfaceForComposites.java:765)
	at ptolemy.actor.util.CausalityInterfaceForComposites._computeInputDepth(CausalityInterfaceForComposites.java:696)
	at ptolemy.actor.util.CausalityInterfaceForComposites._computeOutputPortDepth(CausalityInterfaceForComposites.java:765)
	at ptolemy.actor.util.CausalityInterfaceForComposites._computeInputDepth(CausalityInterfaceForComposites.java:696)
	at ptolemy.actor.util.CausalityInterfaceForComposites._computeActorDepth(CausalityInterfaceForComposites.java:532)
	at ptolemy.actor.util.CausalityInterfaceForComposites.checkForCycles(CausalityInterfaceForComposites.java:96)
	at ptolemy.domains.de.kernel.DEDirector.preinitialize(DEDirector.java:1338)
	at ptolemy.actor.CompositeActor.preinitialize(CompositeActor.java:1828)
	at ptolemy.actor.Manager.preinitializeAndResolveTypes(Manager.java:1040)
	at ptolemy.actor.Manager.initialize(Manager.java:710)
	at ptolemy.actor.Manager.execute(Manager.java:356)
	at ptolemy.actor.Manager.run(Manager.java:1263)
	at ptolemy.actor.Manager$PtolemyRunThread.run(Manager.java:1933)
]]></system-err>
</testsuite>
