<?xml version="1.0" encoding="UTF-8" ?>
<testsuite errors="1" failures="1" hostname="travis-job-f36f06a6-6d66-49d1-8946-b430c5d5a85f" name="ptolemy.actor.lib.test.junit.JUnitTclTest" skipped="0" tests="517" time="65.89" timestamp="2019-07-10T15:31:34">
  <properties>
    <property name="file.encoding.pkg" value="sun.io" />
    <property name="npm.executable" value="npm" />
    <property name="env.TRAVIS_ROOT" value="/" />
    <property name="ptII.mk.exists" value="true" />
    <property name="env.TRAVIS_APP_HOST" value="build.travis-ci.org" />
    <property name="env.rvm_bin_path" value="/home/travis/.rvm/bin" />
    <property name="java.home" value="/usr/local/lib/jvm/openjdk10" />
    <property name="env.TRAVIS_JOB_NUMBER" value="1210.8" />
    <property name="env.TRAVIS_HOME" value="/home/travis" />
    <property name="env.DISPLAY" value=":99.0" />
    <property name="env.TRAVIS_INIT" value="systemd" />
    <property name="env.SSH_TTY" value="/dev/pts/0" />
    <property name="java.net.preferIPv4Stack" value="true" />
    <property name="env.RUN_TESTS" value="true" />
    <property name="timeout.short" value="1000000" />
    <property name="junit.formatter" value="xml" />
    <property name="env.TRAVIS_SUDO" value="true" />
    <property name="env.TRAVIS_JOB_NAME" value="" />
    <property name="env.TRAVIS_STACK_NODE_ATTRIBUTES" value="/.node-attributes.yml" />
    <property name="env.LOGNAME" value="travis" />
    <property name="env.PT_TRAVIS_TEST_CORE1_XML" value="true" />
    <property name="jsdoc.home" value="node_modules/@terraswarm/jsdoc" />
    <property name="debuglevel" value="source,lines,vars" />
    <property name="checkstyle.formatter" value="xml" />
    <property name="env._system_version" value="16.04" />
    <property name="bin.vergil.makeable" value="true" />
    <property name="sun.os.patch.level" value="unknown" />
    <property name="java.vendor.url" value="http://java.oracle.com/" />
    <property name="env.TRAVIS_BUILD_WEB_URL" value="https://travis-ci.org/icyphy/ptII/builds/556846223" />
    <property name="java.version" value="10.0.2" />
    <property name="env.TZ" value="UTC" />
    <property name="env.TRAVIS_PULL_REQUEST_SHA" value="" />
    <property name="env.PT_NO_NET" value="true" />
    <property name="env.TRAVIS_SECURE_ENV_VARS" value="true" />
    <property name="env._system_type" value="Linux" />
    <property name="java.vendor.url.bug" value="http://bugreport.java.com/bugreport/" />
    <property name="npmjs-org-is-up" value="true" />
    <property name="env.LANGUAGE" value="en_US.UTF-8" />
    <property name="env.SSH_CLIENT" value="10.10.16.87 56174 22" />
    <property name="env.GEM_HOME" value="/home/travis/.rvm/gems/ruby-2.5.3" />
    <property name="env.HAS_ANTARES_THREE_LITTLE_FRONZIES_BADGE" value="true" />
    <property name="java.version.date" value="2018-07-17" />
    <property name="env.PS4" value="+" />
    <property name="ant.project.invoked-targets" value="build,test.core1.xml" />
    <property name="env.TRAVIS_PULL_REQUEST_BRANCH" value="" />
    <property name="env.TRAVIS_REPO_SLUG" value="icyphy/ptII" />
    <property name="env.XDG_DATA_DIRS" value="/usr/local/share:/usr/share:/var/lib/snapd/desktop" />
    <property name="jdk.debug" value="release" />
    <property name="env.TRAVIS_APT_PROXY" value="http://apt.cache.travis-ci.com" />
    <property name="node.in.path" value="true" />
    <property name="user.name" value="travis" />
    <property name="java.maxmemory" value="1400m" />
    <property name="env.RUBY_VERSION" value="ruby-2.5.3" />
    <property name="env.LANG" value="en_US.UTF-8" />
    <property name="sun.io.unicode.encoding" value="UnicodeLittle" />
    <property name="sun.jnu.encoding" value="UTF-8" />
    <property name="java.runtime.name" value="OpenJDK Runtime Environment" />
    <property name="usefile" value="false" />
    <property name="return.code" value="0" />
    <property name="junit.single.formatter" value="plain" />
    <property name="env.DYLD_LIBRARY_PATH" value="/home/travis/pthla/certi-tools/lib:" />
    <property name="env.DEBIAN_FRONTEND" value="noninteractive" />
    <property name="env.SSH_CONNECTION" value="10.10.16.87 56174 10.20.2.108 22" />
    <property name="env.MYSQL_UNIX_PORT" value="/var/run/mysqld/mysqld.sock" />
    <property name="env.LC_ALL" value="en_US.UTF-8" />
    <property name="env.TRAVIS_ALLOW_FAILURE" value="false" />
    <property name="env.TRAVIS_JOB_WEB_URL" value="https://travis-ci.org/icyphy/ptII/jobs/556846235" />
    <property name="java.specification.name" value="Java Platform API Specification" />
    <property name="node.works" value="true" />
    <property name="user.timezone" value="" />
    <property name="path.separator" value=":" />
    <property name="env.TRAVIS_ENABLE_INFRA_DETECTION" value="true" />
    <property name="env.PYTHON_CFLAGS" value="-g -fstack-protector --param=ssp-buffer-size=4 -Wformat -Werror=format-security" />
    <property name="timeout.long" value="4000000" />
    <property name="env.CERTI_HOME" value="/home/travis/pthla/certi-tools" />
    <property name="ant.file.ptII" value="/home/travis/build/icyphy/ptII/build.xml" />
    <property name="javadoc.packagenames" value="com.*,diva.*,lbnl.*,org.hlacerti.*,org.json.*,org.ptolemy.*,org.terraswarm.*,ptolemy.*,ptserver.*" />
    <property name="file.encoding" value="UTF-8" />
    <property name="env.TRAVIS_PULL_REQUEST_SLUG" value="" />
    <property name="ant.project.default-target" value="build" />
    <property name="env.GIT_ASKPASS" value="echo" />
    <property name="env.HOME" value="/home/travis" />
    <property name="sun.java.command" value="org.apache.tools.ant.taskdefs.optional.junit.JUnitTestRunner ptolemy.actor.lib.test.junit.JUnitTclTest skipNonTests=false filtertrace=true haltOnError=false haltOnFailure=false formatter=org.apache.tools.ant.taskdefs.optional.junit.OutErrSummaryJUnitResultFormatter showoutput=true outputtoformatters=true logfailedtests=true threadid=0 logtestlistenerevents=false formatter=org.apache.tools.ant.taskdefs.optional.junit.XMLJUnitResultFormatter,/home/travis/build/icyphy/ptII/reports/junit/TEST-ptolemy.actor.lib.test.junit.JUnitTclTest.xml crashfile=/home/travis/build/icyphy/ptII/junitvmwatcher16150882255742695962.properties propsfile=/home/travis/build/icyphy/ptII/junit15790331068856598288.properties" />
    <property name="env.COMPOSER_NO_INTERACTION" value="1" />
    <property name="env.MANPATH" value="/home/travis/.nvm/versions/node/v7.10.1/share/man:/home/travis/.rvm/rubies/ruby-2.5.3/share/man:/usr/local/cmake-3.12.4/man:/usr/local/clang-7.0.0/share/man:/usr/local/man:/usr/local/share/man:/usr/share/man:/home/travis/.rvm/man" />
    <property name="env.TRAVIS_TIMER_ID" value="071cd684" />
    <property name="ant.file" value="/home/travis/build/icyphy/ptII/build.xml" />
    <property name="env.TRAVIS_COMMIT_RANGE" value="a7a15ec440ae...84b19ea04203" />
    <property name="env._system_name" value="Ubuntu" />
    <property name="ptII.classpath.optional.property" value="/home/travis/build/icyphy/ptII/lib/bsh-2.0b4.jar:/home/travis/build/icyphy/ptII/lib/ptCal.jar:/home/travis/build/icyphy/ptII/lib/java_cup.jar:/home/travis/build/icyphy/ptII/lib/saxon8.jar:/home/travis/build/icyphy/ptII/lib/saxon8-dom.jar:/home/travis/build/icyphy/ptII/lib/chic.jar:/home/travis/build/icyphy/ptII/lib/ptcolt.jar:/home/travis/build/icyphy/ptII/vendors/misc/itext/iText.jar:/home/travis/build/icyphy/ptII/lib/g4ltl.jar:/home/travis/build/icyphy/ptII/lib/StructuralCoder.jar:/home/travis/build/icyphy/ptII/vendors/jai-1_1_2_01/lib/jai_core.jar:/home/travis/build/icyphy/ptII/vendors/jai-1_1_2_01/lib/jai_codec.jar:/home/travis/build/icyphy/ptII/lib/jcerti.jar:/home/travis/build/icyphy/ptII/lib/javax.mail.jar:/usr/share/java/openjfx/jre/lib/ext/jfxrt.jar:/usr/lib/jvm/java-8-openjdk-amd64/jre/lib/ext/jfxrt.jar:/home/travis/build/icyphy/ptII/vendors/JMF-2.1.1e/lib/jmf.jar:/home/travis/build/icyphy/ptII/lib/jna-4.0.0-variadic.jar:/home/travis/build/icyphy/ptII/vendors/misc/joystick/Joystick.jar:/home/travis/build/icyphy/ptII/lib/ptjacl.jar:/home/travis/build/icyphy/ptII/lib/jsoup-1.8.2.jar:/home/travis/build/icyphy/ptII/lib/junit-4.8.2.jar:/home/travis/build/icyphy/ptII/lib/JUnitParams-0.4.0.jar:/home/travis/build/icyphy/ptII/ptolemy/actor/lib/excel/jxl.jar:/home/travis/build/icyphy/ptII/lib/jython.jar:/home/travis/build/icyphy/ptII/lib/kieler.jar:/home/travis/build/icyphy/ptII/lib/opencv-341.jar:/home/travis/build/icyphy/ptII/lib/oscP5.jar:/home/travis/build/icyphy/ptII/lib/nrjavaserial-3.11.0.devel.jar:/home/travis/build/icyphy/ptII/vendors/j3d/lib/j3dcore.jar:/home/travis/build/icyphy/ptII/vendors/j3d/lib/j3dutils.jar:/home/travis/build/icyphy/ptII/vendors/j3d/lib/vecmath.jar:/home/travis/build/icyphy/ptII/ptolemy/distributed/jini/jar/jini-core.jar:/home/travis/build/icyphy/ptII/ptolemy/distributed/jini/jar/jini-ext.jar:/home/travis/build/icyphy/ptII/ptolemy/distributed/jini/jar/sun-util.jar:/home/travis/build/icyphy/ptII/lib/protobuf-java-2.4.1.jar:/home/travis/build/icyphy/ptII/lib/org.eclipse.paho.client.mqttv3.jar:/home/travis/build/icyphy/ptII/lib/mapss.jar:/home/travis/build/icyphy/ptII/ptolemy/actor/ptalon/antlr/antlr.jar:/home/travis/build/icyphy/ptII/lib/JRI.jar:/home/travis/build/icyphy/ptII/lib/commons-lang-2.6.jar:/home/travis/build/icyphy/ptII/lib/commons-logging-1.1.1.jar:/home/travis/build/icyphy/ptII/lib/sootclasses.jar:/home/travis/build/icyphy/ptII/ptolemy/actor/lib/database/mysql-connector-java-5.1.6-bin.jar:/home/travis/build/icyphy/ptII/vendors/misc/sphinx4/sphinx4-data-5prealpha.jar:/home/travis/build/icyphy/ptII/vendors/misc/sphinx4/sphinx4-core-5prealpha.jar:/home/travis/build/icyphy/ptII/lib/PDFRenderer.jar:/home/travis/build/icyphy/ptII/lib/svgSalamander.jar:/home/travis/build/icyphy/ptII/lib/rsyntaxtextarea-2.6.0-SNAPSHOT.jar:/home/travis/build/icyphy/ptII/lib/hazelcast-3.8.2.jar:/home/travis/build/icyphy/ptII/lib/jackson-annotations-2.9.0.jar:/home/travis/build/icyphy/ptII/lib/jackson-core-2.9.3.jar:/home/travis/build/icyphy/ptII/lib/jackson-databind-2.9.3.jar:/home/travis/build/icyphy/ptII/lib/netty-buffer-4.1.19.Final.jar:/home/travis/build/icyphy/ptII/lib/netty-codec-4.1.19.Final.jar:/home/travis/build/icyphy/ptII/lib/netty-codec-dns-4.1.19.Final.jar:/home/travis/build/icyphy/ptII/lib/netty-codec-http-4.1.19.Final.jar:/home/travis/build/icyphy/ptII/lib/netty-codec-http2-4.1.19.Final.jar:/home/travis/build/icyphy/ptII/lib/netty-common-4.1.19.Final.jar:/home/travis/build/icyphy/ptII/lib/netty-handler-4.1.19.Final.jar:/home/travis/build/icyphy/ptII/lib/netty-resolver-4.1.19.Final.jar:/home/travis/build/icyphy/ptII/lib/netty-resolver-dns-4.1.19.Final.jar:/home/travis/build/icyphy/ptII/lib/netty-transport-4.1.19.Final.jar:/home/travis/build/icyphy/ptII/lib/vertx-codegen-3.5.1.jar:/home/travis/build/icyphy/ptII/lib/vertx-core-3.5.2-SNAPSHOT.jar:/home/travis/build/icyphy/ptII/lib/vertx-hazelcast-3.5.1.jar:/home/travis/build/icyphy/ptII/lib/vertx-lang-js-3.5.1.jar:/home/travis/build/icyphy/ptII/lib/vertx-service-proxy-3.5.1.jar:/home/travis/build/icyphy/ptII/lib/vertx-web-3.5.1.jar:/home/travis/build/icyphy/ptII/lib/slf4j-api-1.7.13.jar:/home/travis/build/icyphy/ptII/lib/slf4j-simple-1.7.13.jar:/home/travis/build/icyphy/ptII/lib/webcam-capture-0.3.12.jar:/home/travis/build/icyphy/ptII/lib/bridj-0.7.0.jar:/home/travis/build/icyphy/ptII/lib/xbjlib-1.1.0.nrjavaserial.jar" />
    <property name="timeout" value="2400000" />
    <property name="test.batch" value="**/junit/*.java" />
    <property name="env._" value="/usr/bin/timeout" />
    <property name="java.io.tmpdir" value="/tmp" />
    <property name="user.language" value="en" />
    <property name="env.TRAVIS_INTERNAL_RUBY_REGEX" value="^ruby-(2\.[0-4]\.[0-9]|1\.9\.3)" />
    <property name="env.HISTCONTROL" value="ignoredups:ignorespace" />
    <property name="env.GOROOT" value="/home/travis/.gimme/versions/go1.11.1.linux.amd64" />
    <property name="line.separator" value="&#xa;" />
    <property name="target" value="10" />
    <property name="env.TRAVIS_BUILD_DIR" value="/home/travis/build/icyphy/ptII" />
    <property name="env.ANT_OPTS" value="-Xmx2048m" />
    <property name="ant.file.type" value="file" />
    <property name="ptolemy.ptII.batchMode" value="true" />
    <property name="env.HISTSIZE" value="1000" />
    <property name="env.MERB_ENV" value="test" />
    <property name="java.vm.info" value="mixed mode" />
    <property name="source" value="10" />
    <property name="java.vm.specification.name" value="Java Virtual Machine Specification" />
    <property name="env.TRAVIS_TEST_RESULT" value="0" />
    <property name="jsdoc.command" value="node_modules/@terraswarm/jsdoc/jsdoc.js" />
    <property name="npm.works" value="true" />
    <property name="cobertura.dir" value="/home/travis/build/icyphy/ptII/vendors/cobertura-2.0.3" />
    <property name="jsdoc.command.exists" value="true" />
    <property name="env.rvm_path" value="/home/travis/.rvm" />
    <property name="env.GEM_PATH" value="/home/travis/.rvm/gems/ruby-2.5.3:/home/travis/.rvm/gems/ruby-2.5.3@global" />
    <property name="env.LC_CTYPE" value="en_US.UTF-8" />
    <property name="env.TRAVIS_CMD" value="$PTII/bin/ptIITravisBuild.sh $SECONDS" />
    <property name="java.awt.printerjob" value="sun.print.PSPrinterJob" />
    <property name="env.TRAVIS_STACK_NAME" value="sardonyx" />
    <property name="env.TRAVIS_TIMER_START_TIME" value="1562772015142386282" />
    <property name="ant.version" value="Apache Ant(TM) version 1.10.1 compiled on February 2 2017" />
    <property name="ptII.reports" value="/home/travis/build/icyphy/ptII/reports" />
    <property name="env.TRAVIS_STACK_TIMESTAMP" value="2019-03-25 16:16:56 UTC" />
    <property name="ant.file.type.ptII" value="file" />
    <property name="env.RBENV_SHELL" value="bash" />
    <property name="os.name" value="Linux" />
    <property name="java.specification.vendor" value="Oracle Corporation" />
    <property name="env.rvm_version" value="1.29.7 (latest)" />
    <property name="env.TRAVIS_INFRA" value="gce" />
    <property name="env.TERM" value="xterm" />
    <property name="java.vm.name" value="OpenJDK 64-Bit Server VM" />
    <property name="env.TRAVIS_BUILD_NUMBER" value="1210" />
    <property name="env.CI" value="true" />
    <property name="java.library.path" value="/home/travis/pthla/certi-tools/lib:/usr/lib/jni:/usr/local/share/OpenCV/java/:/usr/share/OpenCV/java::/usr/java/packages/lib:/usr/lib64:/lib64:/lib:/usr/lib" />
    <property name="env.rvm_prefix" value="/home/travis" />
    <property name="env.PATH" value="/home/travis/pthla/certi-tools/share/scripts:/home/travis/.rvm/gems/ruby-2.5.3/bin:/home/travis/.rvm/gems/ruby-2.5.3@global/bin:/home/travis/.rvm/rubies/ruby-2.5.3/bin:/home/travis/.rvm/bin:/home/travis/.nvm/versions/node/v7.10.1/bin:./node_modules/.bin:/home/travis/build/icyphy/ptII/bin:/home/travis/pthla/certi-tools/bin:/usr/local/lib/jvm/openjdk10/bin:/home/travis/bin:/home/travis/.local/bin:/usr/local/lib/jvm/openjdk11/bin:/opt/pyenv/shims:/home/travis/.phpenv/shims:/home/travis/perl5/perlbrew/bin:/home/travis/gopath/bin:/home/travis/.gimme/versions/go1.11.1.linux.amd64/bin:/usr/local/maven-3.6.0/bin:/usr/local/cmake-3.12.4/bin:/usr/local/clang-7.0.0/bin:/usr/local/sbin:/usr/local/bin:/usr/sbin:/usr/bin:/sbin:/bin:/snap/bin:/home/travis/.phpenv/bin:/opt/pyenv/bin:/home/travis/.yarn/bin" />
    <property name="env.TRAVIS_OS_NAME" value="linux" />
    <property name="ant.java.version" value="9" />
    <property name="basedir" value="/home/travis/build/icyphy/ptII" />
    <property name="java.class.version" value="54.0" />
    <property name="env.SHLVL" value="3" />
    <property name="env.LD_LIBRARY_PATH" value="/home/travis/pthla/certi-tools/lib:/usr/lib/jni:/usr/local/share/OpenCV/java/:/usr/share/OpenCV/java:" />
    <property name="env.RACK_ENV" value="test" />
    <property name="ant.home" value="/home/travis/build/icyphy/ptII/ant" />
    <property name="env.NVM_DIR" value="/home/travis/.nvm" />
    <property name="env.CERTI_FOM_PATH" value="/home/travis/pthla/certi-tools/share/federations" />
    <property name="env.TRAVIS_BUILD_ID" value="556846223" />
    <property name="env.PYENV_ROOT" value="/opt/pyenv" />
    <property name="env.TRAVIS_UID" value="2000" />
    <property name="env.NVM_BIN" value="/home/travis/.nvm/versions/node/v7.10.1/bin" />
    <property name="env.TRAVIS_COMMIT" value="84b19ea04203d5bc5b78294984b3b76c2fddfcbd" />
    <property name="env._system_arch" value="x86_64" />
    <property name="node.executable" value="node" />
    <property name="sun.boot.library.path" value="/usr/local/lib/jvm/openjdk10/lib" />
    <property name="sun.management.compiler" value="HotSpot 64-Bit Tiered Compilers" />
    <property name="java.awt.graphicsenv" value="sun.awt.X11GraphicsEnvironment" />
    <property name="env.GOPATH" value="/home/travis/gopath" />
    <property name="ptolemy.ptII.dir" value="/home/travis/build/icyphy/ptII" />
    <property name="env.USER" value="travis" />
    <property name="env.HISTFILESIZE" value="2000" />
    <property name="timeout.longest" value="19000000" />
    <property name="env.PERLBREW_SHELLRC_VERSION" value="0.86" />
    <property name="env.TRAVIS_STACK_FEATURES" value="basic couchdb disabled-ipv6 docker docker-compose elasticsearch firefox go-toolchain google-chrome jdk memcached mongodb mysql nodejs_interpreter perl_interpreter perlbrew phantomjs postgresql python_interpreter redis ruby_interpreter sqlite xserver" />
    <property name="env.TRAVIS_PULL_REQUEST" value="false" />
    <property name="env.PYENV_SHELL" value="bash" />
    <property name="ant.project.name" value="ptII" />
    <property name="env.ANSI_RESET" value="\033[0m" />
    <property name="java.vm.specification.version" value="10" />
    <property name="env.TRAVIS_DIST" value="xenial" />
    <property name="env.CERTI_VERSION" value="4.0.0" />
    <property name="env.CERTI_HOST" value="localhost" />
    <property name="awt.toolkit" value="sun.awt.X11.XToolkit" />
    <property name="env.MY_RUBY_HOME" value="/home/travis/.rvm/rubies/ruby-2.5.3" />
    <property name="sun.cpu.isalist" value="" />
    <property name="env.TRAVIS_TMPDIR" value="/tmp/tmp.SJ0OiZh70z" />
    <property name="java.vm.compressedOopsMode" value="Zero based" />
    <property name="os.version" value="4.15.0-1028-gcp" />
    <property name="user.home" value="/home/travis" />
    <property name="java.vm.vendor" value="&quot;Oracle Corporation&quot;" />
    <property name="env.TRAVIS_TAG" value="nightly" />
    <property name="env.ANSI_YELLOW" value="\033[33;1m" />
    <property name="env.TRAVIS_FILTERED" value="redirect_io" />
    <property name="env.ANSI_GREEN" value="\033[32;1m" />
    <property name="env.JAVA_HOME" value="/usr/local/lib/jvm/openjdk11" />
    <property name="javadoc.excludepackagenames" value="adm.cvs2svn.*,build.*,config.*,doc.coding.templates.*,jni.test.jni.meaningOfLife.*,jni.test.jni.testDeux.*,jni.test.jni.testTrois.*,org.terraswarm.accessor.accessors.web.node_modules.*,org.terraswarm.accessor.accessors.web.hosts.cordova.demo.*,org.terraswarm.accessor.accessors.web.hosts.cordova.plugins.*,org.terraswarm.accessor.accessors-svn.*,pt-modules.*,ptolemy.apps.agilent.*,ptolemy.apps.anytimecontrol.*,ptolemy.apps.apes.*,ptolemy.apps.charon.*,ptolemy.apps.crazyboard.*,ptolemy.apps.eclipse.*,ptolemy.apps.etherealSting.*,ptolemy.apps.fullscreen.*,ptolemy.apps.giotto.*,ptolemy.apps.ia.*,ptolemy.apps.interfaces.*,ptolemy.apps.jmf.*,ptolemy.apps.kurt.*,ptolemy.apps.kvm.*,ptolemy.apps.lego.*,ptolemy.apps.lejos.*,ptolemy.apps.midp.*,ptolemy.apps.mobileCoding.*,ptolemy.apps.pendulum.*,ptolemy.apps.rijndael.*,ptolemy.apps.robot.*,ptolemy.apps.security.*,ptolemy.apps.sobel.*,ptolemy.apps.soot.*,ptolemy.apps.throttle.*,ptolemy.apps.tini.*,ptolemy.apps.transmission.*,ptolemy.apps.vergil.*,ptolemy.apps.waba.*,ptolemy.apps.websensor.*,ptolemy.apps.webstart.*,ptolemy.apps.xsl.*,ptolemy.apps.zaurus.*,ptolemy.codegen.c.actor.lib.oldJavaFiles.*,ptolemy.codegen.dsp.lib.*,ptolemy.codegen.kernel.newInterfaces.*,ptolemy.codegen.lib.*,ptolemy.copernicus.kernel.fragment.*,ptolemy.copernicus.shallow.cg.*,ptolemy.domains.giotto.demo.Hierarchy.Hierarchy.*,ptolemy.domains.giotto.demo.Multimode.Multimode.*,ptolemy.domains.giotto.demo.Simple.Simple.*,ptolemy.domains.gr.lib.experimental.*,ptolemy.domains.gro.*,ptolemy.domains.pdf.*,ptolemy.domains.ptinyos.demo.Surge.output.*,ptolemy.moml.test.NoPackageActor.java*,ptolemy.plot.adm.*,ptolemy.plot.servlet.*,reports.*,signed.*,src.*,target.*,vendors.*,ptolemy.copernicus.applet.*,ptolemy.media.viewer.*,ptolemy.actor.corba.*,doc.doclets.*,ptolemy.apps.eclipse.awt.*,ptolemy.backtrack.*,ptolemy.backtrack.ast.*,ptolemy.cg.adapter.generic.program.procedural.c.mbed*,ptolemy.homer.*,org.ptolemy.scala.*,diva.util.java2d.svg.*,ptolemy.domains.ptinyos.*,ptolemy.actor.lib.fmi.fmipp.*,,org.terraswarm.accessor.accessors.web.node_modules.*,org.terraswarm.accessor.accessors-svn,ptolemy.apps.*,ptolemy.actor.ptalon.demo.ptinyos.SendAndReceiveCnt.output,ptolemy.actor.ptalon.demo.ptinyos.SenseToLeds.output,ptolemy.domains.ptinyos.demo.CntToLedsAndRfm.output,ptolemy.domains.ptinyos.demo.RfmToLeds.output,ptolemy.domains.ptinyos.demo.SendAndReceiveCnt.output,ptolemy.domains.ptinyos.demo.SenseToLeds.output,ptolemy.actor.lib.jjs.modules.udpSocket.*" />
    <property name="env.PTII" value="/home/travis/build/icyphy/ptII" />
    <property name="env.XDG_SESSION_ID" value="3" />
    <property name="keystore" value="ptKeystore" />
    <property name="env.TRAVIS_COMMIT_MESSAGE" value="configure.in changed." />
    <property name="junit.output.dir" value="/home/travis/build/icyphy/ptII/reports/junit" />
    <property name="npm.return.code" value="0" />
    <property name="user.dir" value="/home/travis/build/icyphy/ptII/ptolemy/actor/lib/test" />
    <property name="env.TRAVIS_NODE_VERSION" value="7" />
    <property name="env.TRAVIS_EVENT_TYPE" value="push" />
    <property name="env.MAIL" value="/var/mail/travis" />
    <property name="env.PERLBREW_ROOT" value="/home/travis/perl5/perlbrew" />
    <property name="env.PWD" value="/home/travis/build/icyphy/ptII" />
    <property name="timeout.npm" value="45000" />
    <property name="env.TRAVIS_ARCH" value="amd64" />
    <property name="sun.cpu.endian" value="little" />
    <property name="env.PAGER" value="cat" />
    <property name="env.TRAVIS_BUILD_STAGE_NAME" value="Test" />
    <property name="env.PERLBREW_HOME" value="/home/travis/.perlbrew" />
    <property name="java.vm.version" value="10.0.2+13" />
    <property name="env.RAILS_ENV" value="test" />
    <property name="java.class.path" value="/home/travis/.ptolemyII:/home/travis/.ptolemyII/*:/home/travis/build/icyphy/ptII:/home/travis/build/icyphy/ptII/lib/bsh-2.0b4.jar:/home/travis/build/icyphy/ptII/lib/ptCal.jar:/home/travis/build/icyphy/ptII/lib/java_cup.jar:/home/travis/build/icyphy/ptII/lib/saxon8.jar:/home/travis/build/icyphy/ptII/lib/saxon8-dom.jar:/home/travis/build/icyphy/ptII/lib/chic.jar:/home/travis/build/icyphy/ptII/lib/ptcolt.jar:/home/travis/build/icyphy/ptII/vendors/misc/itext/iText.jar:/home/travis/build/icyphy/ptII/lib/g4ltl.jar:/home/travis/build/icyphy/ptII/lib/StructuralCoder.jar:/home/travis/build/icyphy/ptII/vendors/jai-1_1_2_01/lib/jai_core.jar:/home/travis/build/icyphy/ptII/vendors/jai-1_1_2_01/lib/jai_codec.jar:/home/travis/build/icyphy/ptII/lib/jcerti.jar:/home/travis/build/icyphy/ptII/lib/javax.mail.jar:/usr/share/java/openjfx/jre/lib/ext/jfxrt.jar:/usr/lib/jvm/java-8-openjdk-amd64/jre/lib/ext/jfxrt.jar:/home/travis/build/icyphy/ptII/vendors/JMF-2.1.1e/lib/jmf.jar:/home/travis/build/icyphy/ptII/lib/jna-4.0.0-variadic.jar:/home/travis/build/icyphy/ptII/vendors/misc/joystick/Joystick.jar:/home/travis/build/icyphy/ptII/lib/ptjacl.jar:/home/travis/build/icyphy/ptII/lib/jsoup-1.8.2.jar:/home/travis/build/icyphy/ptII/lib/junit-4.8.2.jar:/home/travis/build/icyphy/ptII/lib/JUnitParams-0.4.0.jar:/home/travis/build/icyphy/ptII/ptolemy/actor/lib/excel/jxl.jar:/home/travis/build/icyphy/ptII/lib/jython.jar:/home/travis/build/icyphy/ptII/lib/kieler.jar:/home/travis/build/icyphy/ptII/lib/opencv-341.jar:/home/travis/build/icyphy/ptII/lib/oscP5.jar:/home/travis/build/icyphy/ptII/lib/nrjavaserial-3.11.0.devel.jar:/home/travis/build/icyphy/ptII/vendors/j3d/lib/j3dcore.jar:/home/travis/build/icyphy/ptII/vendors/j3d/lib/j3dutils.jar:/home/travis/build/icyphy/ptII/vendors/j3d/lib/vecmath.jar:/home/travis/build/icyphy/ptII/ptolemy/distributed/jini/jar/jini-core.jar:/home/travis/build/icyphy/ptII/ptolemy/distributed/jini/jar/jini-ext.jar:/home/travis/build/icyphy/ptII/ptolemy/distributed/jini/jar/sun-util.jar:/home/travis/build/icyphy/ptII/lib/protobuf-java-2.4.1.jar:/home/travis/build/icyphy/ptII/lib/org.eclipse.paho.client.mqttv3.jar:/home/travis/build/icyphy/ptII/lib/mapss.jar:/home/travis/build/icyphy/ptII/ptolemy/actor/ptalon/antlr/antlr.jar:/home/travis/build/icyphy/ptII/lib/JRI.jar:/home/travis/build/icyphy/ptII/lib/commons-lang-2.6.jar:/home/travis/build/icyphy/ptII/lib/commons-logging-1.1.1.jar:/home/travis/build/icyphy/ptII/lib/sootclasses.jar:/home/travis/build/icyphy/ptII/ptolemy/actor/lib/database/mysql-connector-java-5.1.6-bin.jar:/home/travis/build/icyphy/ptII/vendors/misc/sphinx4/sphinx4-data-5prealpha.jar:/home/travis/build/icyphy/ptII/vendors/misc/sphinx4/sphinx4-core-5prealpha.jar:/home/travis/build/icyphy/ptII/lib/PDFRenderer.jar:/home/travis/build/icyphy/ptII/lib/svgSalamander.jar:/home/travis/build/icyphy/ptII/lib/rsyntaxtextarea-2.6.0-SNAPSHOT.jar:/home/travis/build/icyphy/ptII/lib/hazelcast-3.8.2.jar:/home/travis/build/icyphy/ptII/lib/jackson-annotations-2.9.0.jar:/home/travis/build/icyphy/ptII/lib/jackson-core-2.9.3.jar:/home/travis/build/icyphy/ptII/lib/jackson-databind-2.9.3.jar:/home/travis/build/icyphy/ptII/lib/netty-buffer-4.1.19.Final.jar:/home/travis/build/icyphy/ptII/lib/netty-codec-4.1.19.Final.jar:/home/travis/build/icyphy/ptII/lib/netty-codec-dns-4.1.19.Final.jar:/home/travis/build/icyphy/ptII/lib/netty-codec-http-4.1.19.Final.jar:/home/travis/build/icyphy/ptII/lib/netty-codec-http2-4.1.19.Final.jar:/home/travis/build/icyphy/ptII/lib/netty-common-4.1.19.Final.jar:/home/travis/build/icyphy/ptII/lib/netty-handler-4.1.19.Final.jar:/home/travis/build/icyphy/ptII/lib/netty-resolver-4.1.19.Final.jar:/home/travis/build/icyphy/ptII/lib/netty-resolver-dns-4.1.19.Final.jar:/home/travis/build/icyphy/ptII/lib/netty-transport-4.1.19.Final.jar:/home/travis/build/icyphy/ptII/lib/vertx-codegen-3.5.1.jar:/home/travis/build/icyphy/ptII/lib/vertx-core-3.5.2-SNAPSHOT.jar:/home/travis/build/icyphy/ptII/lib/vertx-hazelcast-3.5.1.jar:/home/travis/build/icyphy/ptII/lib/vertx-lang-js-3.5.1.jar:/home/travis/build/icyphy/ptII/lib/vertx-service-proxy-3.5.1.jar:/home/travis/build/icyphy/ptII/lib/vertx-web-3.5.1.jar:/home/travis/build/icyphy/ptII/lib/slf4j-api-1.7.13.jar:/home/travis/build/icyphy/ptII/lib/slf4j-simple-1.7.13.jar:/home/travis/build/icyphy/ptII/lib/webcam-capture-0.3.12.jar:/home/travis/build/icyphy/ptII/lib/bridj-0.7.0.jar:/home/travis/build/icyphy/ptII/lib/xbjlib-1.1.0.nrjavaserial.jar:/home/travis/build/icyphy/ptII/ptolemy/moml/test:/home/travis/build/icyphy/ptII/ant/lib/ant-launcher.jar:/home/travis/build/icyphy/ptII/ant/lib/ant.jar:/home/travis/build/icyphy/ptII/ant/lib/ant-junit.jar:/home/travis/build/icyphy/ptII/ant/lib/ant-junit4.jar" />
    <property name="ant.library.dir" value="/home/travis/build/icyphy/ptII/ant/lib" />
    <property name="os.arch" value="amd64" />
    <property name="env.CONTINUOUS_INTEGRATION" value="true" />
    <property name="env.TRAVIS_LANGUAGE" value="node_js" />
    <property name="env.TRAVIS_STACK_LANGUAGES" value="__sardonyx__ c c++ clojure cplusplus cpp default generic go groovy java node_js php pure_java python ruby scala" />
    <property name="test.name" value="ptolemy.actor.lib.test.junit.JUnitTclTest" />
    <property name="env.APT_KEY_DONT_WARN_ON_DANGEROUS_USAGE" value="1" />
    <property name="sun.java.launcher" value="SUN_STANDARD" />
    <property name="env.PYTHON_CONFIGURE_OPTS" value="--enable-unicode=ucs4 --with-wide-unicode --enable-shared --enable-ipv6 --enable-loadable-sqlite-extensions --with-computed-gotos" />
    <property name="ant.core.lib" value="/home/travis/build/icyphy/ptII/ant/lib/ant.jar" />
    <property name="java.vm.specification.vendor" value="Oracle Corporation" />
    <property name="env.BCVTB_HOME" value="/home/travis/build/icyphy/ptII/lbnl" />
    <property name="file.separator" value="/" />
    <property name="spotbugs.home" value="/home/travis/build/icyphy/ptII/vendors/spotbugs-3.1.1" />
    <property name="java.runtime.version" value="10.0.2+13" />
    <property name="env.ANSI_CLEAR" value="\033[0K" />
    <property name="env.HAS_JOSH_K_SEAL_OF_APPROVAL" value="true" />
    <property name="env.XDG_RUNTIME_DIR" value="/run/user/2000" />
    <property name="env.TRAVIS_OSX_IMAGE" value="" />
    <property name="env.TRAVIS_JOB_ID" value="556846235" />
    <property name="env.TRAVIS_BRANCH" value="master" />
    <property name="user.country" value="US" />
    <property name="env.CERTI_HOME_TRAVIS" value="/home/travis/pthla/certi-tools" />
    <property name="env.SHELL" value="/bin/bash" />
    <property name="java.maxmemory.large" value="5000m" />
    <property name="model" value="" />
    <property name="env.CASHER_DIR" value="/home/travis/.casher" />
    <property name="env.NVM_CD_FLAGS" value="" />
    <property name="java.vendor.version" value="18.3" />
    <property name="jshint.executable" value="/home/travis/node_modules/jshint/bin/jshint" />
    <property name="env.JRUBY_OPTS" value=" --client -J-XX:+TieredCompilation -J-XX:TieredStopAtLevel=1 -J-Xss2m -Xcompile.invokedynamic=false" />
    <property name="java.vendor" value="Oracle Corporation" />
    <property name="env.TRAVIS_PRE_CHEF_BOOTSTRAP_TIME" value="2019-03-25T16:16:42" />
    <property name="env.TRAVIS_STACK_JOB_BOARD_REGISTER" value="/.job-board-register.yml" />
    <property name="env.ANSI_RED" value="\033[31;1m" />
    <property name="java.specification.version" value="10" />
    <property name="env.IRBRC" value="/home/travis/.rvm/rubies/ruby-2.5.3/.irbrc" />
    <property name="env.TRAVIS" value="true" />
    <property name="sun.arch.data.model" value="64" />
  </properties>
  <testcase classname="ptolemy.util.test.junit.TclTests" name="[0] /home/travis/build/icyphy/ptII/ptolemy/actor/lib/test/AbsoluteValue.tcl (RunTclFile)" time="0.588" />
  <testcase classname="ptolemy.util.test.junit.TclTests" name="[1] /home/travis/build/icyphy/ptII/ptolemy/actor/lib/test/AddSubtract.tcl (RunTclFile)" time="0.2" />
  <testcase classname="ptolemy.util.test.junit.TclTests" name="[2] /home/travis/build/icyphy/ptII/ptolemy/actor/lib/test/Average.tcl (RunTclFile)" time="0.035" />
  <testcase classname="ptolemy.util.test.junit.TclTests" name="[3] /home/travis/build/icyphy/ptII/ptolemy/actor/lib/test/Bernoulli.tcl (RunTclFile)" time="0.036" />
  <testcase classname="ptolemy.util.test.junit.TclTests" name="[4] /home/travis/build/icyphy/ptII/ptolemy/actor/lib/test/Clock.tcl (RunTclFile)" time="0.123" />
  <testcase classname="ptolemy.util.test.junit.TclTests" name="[5] /home/travis/build/icyphy/ptII/ptolemy/actor/lib/test/Commutator.tcl (RunTclFile)" time="0.22" />
  <testcase classname="ptolemy.util.test.junit.TclTests" name="[6] /home/travis/build/icyphy/ptII/ptolemy/actor/lib/test/Const.tcl (RunTclFile)" time="0.145" />
  <testcase classname="ptolemy.util.test.junit.TclTests" name="[7] /home/travis/build/icyphy/ptII/ptolemy/actor/lib/test/CurrentTime.tcl (RunTclFile)" time="0.04" />
  <testcase classname="ptolemy.util.test.junit.TclTests" name="[8] /home/travis/build/icyphy/ptII/ptolemy/actor/lib/test/DB.tcl (RunTclFile)" time="0.023" />
  <testcase classname="ptolemy.util.test.junit.TclTests" name="[9] /home/travis/build/icyphy/ptII/ptolemy/actor/lib/test/DiscreteRandomSource.tcl (RunTclFile)" time="0.028" />
  <testcase classname="ptolemy.util.test.junit.TclTests" name="[10] /home/travis/build/icyphy/ptII/ptolemy/actor/lib/test/Distributor.tcl (RunTclFile)" time="0.058" />
  <testcase classname="ptolemy.util.test.junit.TclTests" name="[11] /home/travis/build/icyphy/ptII/ptolemy/actor/lib/test/Exit.tcl (RunTclFile)" time="0.128" />
  <testcase classname="ptolemy.util.test.junit.TclTests" name="[12] /home/travis/build/icyphy/ptII/ptolemy/actor/lib/test/Expression.tcl (RunTclFile)" time="0.142" />
  <testcase classname="ptolemy.util.test.junit.TclTests" name="[13] /home/travis/build/icyphy/ptII/ptolemy/actor/lib/test/Gaussian.tcl (RunTclFile)" time="0.06" />
  <testcase classname="ptolemy.util.test.junit.TclTests" name="[14] /home/travis/build/icyphy/ptII/ptolemy/actor/lib/test/IIR.tcl (RunTclFile)" time="0.048" />
  <testcase classname="ptolemy.util.test.junit.TclTests" name="[15] /home/travis/build/icyphy/ptII/ptolemy/actor/lib/test/Interpolator.tcl (RunTclFile)" time="0.131" />
  <testcase classname="ptolemy.util.test.junit.TclTests" name="[16] /home/travis/build/icyphy/ptII/ptolemy/actor/lib/test/MathFunction.tcl (RunTclFile)" time="0.072" />
  <testcase classname="ptolemy.util.test.junit.TclTests" name="[17] /home/travis/build/icyphy/ptII/ptolemy/actor/lib/test/Maximum.tcl (RunTclFile)" time="0.034" />
  <testcase classname="ptolemy.util.test.junit.TclTests" name="[18] /home/travis/build/icyphy/ptII/ptolemy/actor/lib/test/Minimum.tcl (RunTclFile)" time="0.036" />
  <testcase classname="ptolemy.util.test.junit.TclTests" name="[19] /home/travis/build/icyphy/ptII/ptolemy/actor/lib/test/MultiplyDivide.tcl (RunTclFile)" time="0.061" />
  <testcase classname="ptolemy.util.test.junit.TclTests" name="[20] /home/travis/build/icyphy/ptII/ptolemy/actor/lib/test/OrderedMerge.tcl (RunTclFile)" time="0.147" />
  <testcase classname="ptolemy.util.test.junit.TclTests" name="[21] /home/travis/build/icyphy/ptII/ptolemy/actor/lib/test/Publisher.tcl (RunTclFile)" time="0.833" />
  <testcase classname="ptolemy.util.test.junit.TclTests" name="[22] /home/travis/build/icyphy/ptII/ptolemy/actor/lib/test/Pulse.tcl (RunTclFile)" time="0.039" />
  <testcase classname="ptolemy.util.test.junit.TclTests" name="[23] /home/travis/build/icyphy/ptII/ptolemy/actor/lib/test/Ramp.tcl (RunTclFile)" time="2.587" />
  <testcase classname="ptolemy.util.test.junit.TclTests" name="[24] /home/travis/build/icyphy/ptII/ptolemy/actor/lib/test/RampContinuous.tcl (RunTclFile)" time="0.018" />
  <testcase classname="ptolemy.util.test.junit.TclTests" name="[25] /home/travis/build/icyphy/ptII/ptolemy/actor/lib/test/RecordAssembler.tcl (RunTclFile)" time="0.016" />
  <testcase classname="ptolemy.util.test.junit.TclTests" name="[26] /home/travis/build/icyphy/ptII/ptolemy/actor/lib/test/RecordDisassembler.tcl (RunTclFile)" time="0.021" />
  <testcase classname="ptolemy.util.test.junit.TclTests" name="[27] /home/travis/build/icyphy/ptII/ptolemy/actor/lib/test/Scale.tcl (RunTclFile)" time="0.018" />
  <testcase classname="ptolemy.util.test.junit.TclTests" name="[28] /home/travis/build/icyphy/ptII/ptolemy/actor/lib/test/SequentialClock.tcl (RunTclFile)" time="0.013" />
  <testcase classname="ptolemy.util.test.junit.TclTests" name="[29] /home/travis/build/icyphy/ptII/ptolemy/actor/lib/test/SetVariable.tcl (RunTclFile)" time="0.025">
    <failure message="Number of failed tests is has increased. expected:&lt;0&gt; but was:&lt;1&gt;" type="junit.framework.AssertionFailedError">junit.framework.AssertionFailedError: Number of failed tests is has increased. expected:&lt;0&gt; but was:&lt;1&gt;
	at ptolemy.util.test.junit.TclTests.RunTclFile(TclTests.java:286)
	at jdk.internal.reflect.GeneratedMethodAccessor19.invoke(Unknown Source)
	at java.base/jdk.internal.reflect.DelegatingMethodAccessorImpl.invoke(DelegatingMethodAccessorImpl.java:43)
	at junitparams.internal.InvokeParameterisedMethod.evaluate(InvokeParameterisedMethod.java:102)
	at junitparams.internal.ParameterisedTestMethodRunner.runMethodInvoker(ParameterisedTestMethodRunner.java:47)
	at junitparams.internal.ParameterisedTestMethodRunner.runTestMethod(ParameterisedTestMethodRunner.java:41)
	at junitparams.internal.ParameterisedTestClassRunner.runParameterisedTest(ParameterisedTestClassRunner.java:143)
	at junitparams.JUnitParamsRunner.runChild(JUnitParamsRunner.java:237)
	at junitparams.JUnitParamsRunner.runChild(JUnitParamsRunner.java:215)
</failure>
  </testcase>
  <testcase classname="ptolemy.util.test.junit.TclTests" name="[30] /home/travis/build/icyphy/ptII/ptolemy/actor/lib/test/Sinewave.tcl (RunTclFile)" time="0.026" />
  <testcase classname="ptolemy.util.test.junit.TclTests" name="[31] /home/travis/build/icyphy/ptII/ptolemy/actor/lib/test/SubscriptionAggregator.tcl (RunTclFile)" time="2.603" />
  <testcase classname="ptolemy.util.test.junit.TclTests" name="[32] /home/travis/build/icyphy/ptII/ptolemy/actor/lib/test/Test.tcl (RunTclFile)" time="0.087" />
  <testcase classname="ptolemy.util.test.junit.TclTests" name="[33] /home/travis/build/icyphy/ptII/ptolemy/actor/lib/test/TestExceptionHandler.tcl (RunTclFile)" time="0.023" />
  <testcase classname="ptolemy.util.test.junit.TclTests" name="[34] /home/travis/build/icyphy/ptII/ptolemy/actor/lib/test/UnionDisassembler.tcl (RunTclFile)" time="0.055" />
  <testcase classname="ptolemy.util.test.junit.TclTests" name="[35] /home/travis/build/icyphy/ptII/ptolemy/actor/lib/test/VariableClock.tcl (RunTclFile)" time="0.017" />
  <testcase classname="ptolemy.util.test.junit.AutoKnownFailedTests" name="[0] /home/travis/build/icyphy/ptII/ptolemy/actor/lib/test/auto/knownFailedTests/PublisherPortToplevelSubscriber.xml (RunModel)" time="0.027" />
  <testcase classname="ptolemy.util.test.junit.AutoKnownFailedTests" name="[1] /home/travis/build/icyphy/ptII/ptolemy/actor/lib/test/auto/knownFailedTests/PublisherSubscriberPortToplevel.xml (RunModel)" time="0.018" />
  <testcase classname="ptolemy.util.test.junit.AutoKnownFailedTests" name="[2] /home/travis/build/icyphy/ptII/ptolemy/actor/lib/test/auto/knownFailedTests/PublisherSubscriptionAggregatorPort.xml (RunModel)" time="0.015" />
  <testcase classname="ptolemy.util.test.junit.AutoKnownFailedTests" name="[3] /home/travis/build/icyphy/ptII/ptolemy/actor/lib/test/auto/knownFailedTests/sizedarray3.xml (RunModel)" time="0.031" />
  <testcase classname="ptolemy.util.test.junit.AutoNameArchTests" name="[0] ThereAreNoAutoArchTests (RunModel)" time="0.001" />
  <testcase classname="ptolemy.util.test.junit.AutoTests" name="[0] /home/travis/build/icyphy/ptII/ptolemy/actor/lib/test/auto/AbsoluteValue.xml (RunModel)" time="0.099" />
  <testcase classname="ptolemy.util.test.junit.AutoTests" name="[1] /home/travis/build/icyphy/ptII/ptolemy/actor/lib/test/auto/AbsoluteValue2.xml (RunModel)" time="0.03" />
  <testcase classname="ptolemy.util.test.junit.AutoTests" name="[2] /home/travis/build/icyphy/ptII/ptolemy/actor/lib/test/auto/Accumulator.xml (RunModel)" time="0.036" />
  <testcase classname="ptolemy.util.test.junit.AutoTests" name="[3] /home/travis/build/icyphy/ptII/ptolemy/actor/lib/test/auto/Accumulator2.xml (RunModel)" time="0.046" />
  <testcase classname="ptolemy.util.test.junit.AutoTests" name="[4] /home/travis/build/icyphy/ptII/ptolemy/actor/lib/test/auto/Accumulator3.xml (RunModel)" time="0.042" />
  <testcase classname="ptolemy.util.test.junit.AutoTests" name="[5] /home/travis/build/icyphy/ptII/ptolemy/actor/lib/test/auto/ArrayAppend.xml (RunModel)" time="0.083" />
  <testcase classname="ptolemy.util.test.junit.AutoTests" name="[6] /home/travis/build/icyphy/ptII/ptolemy/actor/lib/test/auto/ArrayAppend2.xml (RunModel)" time="0.497" />
  <testcase classname="ptolemy.util.test.junit.AutoTests" name="[7] /home/travis/build/icyphy/ptII/ptolemy/actor/lib/test/auto/ArrayAppend3.xml (RunModel)" time="0.038" />
  <testcase classname="ptolemy.util.test.junit.AutoTests" name="[8] /home/travis/build/icyphy/ptII/ptolemy/actor/lib/test/auto/ArrayAppend4.xml (RunModel)" time="0.025" />
  <testcase classname="ptolemy.util.test.junit.AutoTests" name="[9] /home/travis/build/icyphy/ptII/ptolemy/actor/lib/test/auto/ArrayAppend5.xml (RunModel)" time="0.025" />
  <testcase classname="ptolemy.util.test.junit.AutoTests" name="[10] /home/travis/build/icyphy/ptII/ptolemy/actor/lib/test/auto/ArrayAppend6.xml (RunModel)" time="0.03" />
  <testcase classname="ptolemy.util.test.junit.AutoTests" name="[11] /home/travis/build/icyphy/ptII/ptolemy/actor/lib/test/auto/ArrayAppendPerformanceTest.xml (RunModel)" time="0.085" />
  <testcase classname="ptolemy.util.test.junit.AutoTests" name="[12] /home/travis/build/icyphy/ptII/ptolemy/actor/lib/test/auto/ArrayAppendWithEmptyInput.xml (RunModel)" time="0.058" />
  <testcase classname="ptolemy.util.test.junit.AutoTests" name="[13] /home/travis/build/icyphy/ptII/ptolemy/actor/lib/test/auto/ArrayAverage.xml (RunModel)" time="0.042" />
  <testcase classname="ptolemy.util.test.junit.AutoTests" name="[14] /home/travis/build/icyphy/ptII/ptolemy/actor/lib/test/auto/ArrayContains.xml (RunModel)" time="0.04" />
  <testcase classname="ptolemy.util.test.junit.AutoTests" name="[15] /home/travis/build/icyphy/ptII/ptolemy/actor/lib/test/auto/ArrayElement.xml (RunModel)" time="0.024" />
  <testcase classname="ptolemy.util.test.junit.AutoTests" name="[16] /home/travis/build/icyphy/ptII/ptolemy/actor/lib/test/auto/ArrayElementAsMatrix.xml (RunModel)" time="0.09" />
  <testcase classname="ptolemy.util.test.junit.AutoTests" name="[17] /home/travis/build/icyphy/ptII/ptolemy/actor/lib/test/auto/ArrayElementI.xml (RunModel)" time="0.037" />
  <testcase classname="ptolemy.util.test.junit.AutoTests" name="[18] /home/travis/build/icyphy/ptII/ptolemy/actor/lib/test/auto/ArrayExtract.xml (RunModel)" time="0.025" />
  <testcase classname="ptolemy.util.test.junit.AutoTests" name="[19] /home/travis/build/icyphy/ptII/ptolemy/actor/lib/test/auto/ArrayExtract2.xml (RunModel)" time="0.017" />
  <testcase classname="ptolemy.util.test.junit.AutoTests" name="[20] /home/travis/build/icyphy/ptII/ptolemy/actor/lib/test/auto/ArrayLength.xml (RunModel)" time="0.012" />
  <testcase classname="ptolemy.util.test.junit.AutoTests" name="[21] /home/travis/build/icyphy/ptII/ptolemy/actor/lib/test/auto/ArrayLevelCrossing.xml (RunModel)" time="0.035" />
  <testcase classname="ptolemy.util.test.junit.AutoTests" name="[22] /home/travis/build/icyphy/ptII/ptolemy/actor/lib/test/auto/ArrayLevelCrossing2.xml (RunModel)" time="0.023" />
  <testcase classname="ptolemy.util.test.junit.AutoTests" name="[23] /home/travis/build/icyphy/ptII/ptolemy/actor/lib/test/auto/ArrayPeakSearch.xml (RunModel)" time="0.049" />
  <testcase classname="ptolemy.util.test.junit.AutoTests" name="[24] /home/travis/build/icyphy/ptII/ptolemy/actor/lib/test/auto/ArrayPeakSearch2.xml (RunModel)" time="0.04" />
  <testcase classname="ptolemy.util.test.junit.AutoTests" name="[25] /home/travis/build/icyphy/ptII/ptolemy/actor/lib/test/auto/ArrayPeakSearch3.xml (RunModel)" time="0.04" />
  <testcase classname="ptolemy.util.test.junit.AutoTests" name="[26] /home/travis/build/icyphy/ptII/ptolemy/actor/lib/test/auto/ArrayRemoveElement.xml (RunModel)" time="0.037" />
  <testcase classname="ptolemy.util.test.junit.AutoTests" name="[27] /home/travis/build/icyphy/ptII/ptolemy/actor/lib/test/auto/ArraySort.xml (RunModel)" time="0.033" />
  <testcase classname="ptolemy.util.test.junit.AutoTests" name="[28] /home/travis/build/icyphy/ptII/ptolemy/actor/lib/test/auto/ArraySum.xml (RunModel)" time="0.02" />
  <testcase classname="ptolemy.util.test.junit.AutoTests" name="[29] /home/travis/build/icyphy/ptII/ptolemy/actor/lib/test/auto/ArrayToElements.xml (RunModel)" time="0.021" />
  <testcase classname="ptolemy.util.test.junit.AutoTests" name="[30] /home/travis/build/icyphy/ptII/ptolemy/actor/lib/test/auto/ArrayToMatrix.xml (RunModel)" time="0.048" />
  <testcase classname="ptolemy.util.test.junit.AutoTests" name="[31] /home/travis/build/icyphy/ptII/ptolemy/actor/lib/test/auto/ArrayUpdate1.xml (RunModel)" time="0.017" />
  <testcase classname="ptolemy.util.test.junit.AutoTests" name="[32] /home/travis/build/icyphy/ptII/ptolemy/actor/lib/test/auto/ArrayUpdate2.xml (RunModel)" time="0.017" />
  <testcase classname="ptolemy.util.test.junit.AutoTests" name="[33] /home/travis/build/icyphy/ptII/ptolemy/actor/lib/test/auto/ArrayUpdate3.xml (RunModel)" time="0.159" />
  <testcase classname="ptolemy.util.test.junit.AutoTests" name="[34] /home/travis/build/icyphy/ptII/ptolemy/actor/lib/test/auto/Assert1.xml (RunModel)" time="0.026" />
  <testcase classname="ptolemy.util.test.junit.AutoTests" name="[35] /home/travis/build/icyphy/ptII/ptolemy/actor/lib/test/auto/Assert2.xml (RunModel)" time="0.013" />
  <testcase classname="ptolemy.util.test.junit.AutoTests" name="[36] /home/travis/build/icyphy/ptII/ptolemy/actor/lib/test/auto/BooleanMultiplexor.xml (RunModel)" time="0.019" />
  <testcase classname="ptolemy.util.test.junit.AutoTests" name="[37] /home/travis/build/icyphy/ptII/ptolemy/actor/lib/test/auto/BooleanMultiplexor2.xml (RunModel)" time="0.026" />
  <testcase classname="ptolemy.util.test.junit.AutoTests" name="[38] /home/travis/build/icyphy/ptII/ptolemy/actor/lib/test/auto/BooleanMultiplexor3.xml (RunModel)" time="0.024" />
  <testcase classname="ptolemy.util.test.junit.AutoTests" name="[39] /home/travis/build/icyphy/ptII/ptolemy/actor/lib/test/auto/BooleanSelect.xml (RunModel)" time="0.031" />
  <testcase classname="ptolemy.util.test.junit.AutoTests" name="[40] /home/travis/build/icyphy/ptII/ptolemy/actor/lib/test/auto/BooleanSelect2.xml (RunModel)" time="0.025" />
  <testcase classname="ptolemy.util.test.junit.AutoTests" name="[41] /home/travis/build/icyphy/ptII/ptolemy/actor/lib/test/auto/BooleanSwitch.xml (RunModel)" time="0.037" />
  <testcase classname="ptolemy.util.test.junit.AutoTests" name="[42] /home/travis/build/icyphy/ptII/ptolemy/actor/lib/test/auto/BooleanSwitch2.xml (RunModel)" time="0.03" />
  <testcase classname="ptolemy.util.test.junit.AutoTests" name="[43] /home/travis/build/icyphy/ptII/ptolemy/actor/lib/test/auto/BooleanSwitchCloningBugWithClassRelationGroup.xml (RunModel)" time="0.028" />
  <testcase classname="ptolemy.util.test.junit.AutoTests" name="[44] /home/travis/build/icyphy/ptII/ptolemy/actor/lib/test/auto/BusActors.xml (RunModel)" time="0.031" />
  <testcase classname="ptolemy.util.test.junit.AutoTests" name="[45] /home/travis/build/icyphy/ptII/ptolemy/actor/lib/test/auto/ClassWrapper.xml (RunModel)" time="0.013" />
  <testcase classname="ptolemy.util.test.junit.AutoTests" name="[46] /home/travis/build/icyphy/ptII/ptolemy/actor/lib/test/auto/Clock.xml (RunModel)" time="0.009" />
  <testcase classname="ptolemy.util.test.junit.AutoTests" name="[47] /home/travis/build/icyphy/ptII/ptolemy/actor/lib/test/auto/Clock10.xml (RunModel)" time="0.022" />
  <testcase classname="ptolemy.util.test.junit.AutoTests" name="[48] /home/travis/build/icyphy/ptII/ptolemy/actor/lib/test/auto/Clock11.xml (RunModel)" time="0.02" />
  <testcase classname="ptolemy.util.test.junit.AutoTests" name="[49] /home/travis/build/icyphy/ptII/ptolemy/actor/lib/test/auto/Clock12.xml (RunModel)" time="0.021" />
  <testcase classname="ptolemy.util.test.junit.AutoTests" name="[50] /home/travis/build/icyphy/ptII/ptolemy/actor/lib/test/auto/Clock13.xml (RunModel)" time="0.018" />
  <testcase classname="ptolemy.util.test.junit.AutoTests" name="[51] /home/travis/build/icyphy/ptII/ptolemy/actor/lib/test/auto/Clock14.xml (RunModel)" time="0.02" />
  <testcase classname="ptolemy.util.test.junit.AutoTests" name="[52] /home/travis/build/icyphy/ptII/ptolemy/actor/lib/test/auto/Clock15.xml (RunModel)" time="0.025" />
  <testcase classname="ptolemy.util.test.junit.AutoTests" name="[53] /home/travis/build/icyphy/ptII/ptolemy/actor/lib/test/auto/Clock16.xml (RunModel)" time="0.108" />
  <testcase classname="ptolemy.util.test.junit.AutoTests" name="[54] /home/travis/build/icyphy/ptII/ptolemy/actor/lib/test/auto/Clock17.xml (RunModel)" time="0.07" />
  <testcase classname="ptolemy.util.test.junit.AutoTests" name="[55] /home/travis/build/icyphy/ptII/ptolemy/actor/lib/test/auto/Clock18.xml (RunModel)" time="0.052" />
  <testcase classname="ptolemy.util.test.junit.AutoTests" name="[56] /home/travis/build/icyphy/ptII/ptolemy/actor/lib/test/auto/Clock19.xml (RunModel)" time="0.046" />
  <testcase classname="ptolemy.util.test.junit.AutoTests" name="[57] /home/travis/build/icyphy/ptII/ptolemy/actor/lib/test/auto/Clock2.xml (RunModel)" time="0.019" />
  <testcase classname="ptolemy.util.test.junit.AutoTests" name="[58] /home/travis/build/icyphy/ptII/ptolemy/actor/lib/test/auto/Clock20.xml (RunModel)" time="0.025" />
  <testcase classname="ptolemy.util.test.junit.AutoTests" name="[59] /home/travis/build/icyphy/ptII/ptolemy/actor/lib/test/auto/Clock21.xml (RunModel)" time="0.017" />
  <testcase classname="ptolemy.util.test.junit.AutoTests" name="[60] /home/travis/build/icyphy/ptII/ptolemy/actor/lib/test/auto/Clock22.xml (RunModel)" time="0.017" />
  <testcase classname="ptolemy.util.test.junit.AutoTests" name="[61] /home/travis/build/icyphy/ptII/ptolemy/actor/lib/test/auto/Clock23.xml (RunModel)" time="0.02" />
  <testcase classname="ptolemy.util.test.junit.AutoTests" name="[62] /home/travis/build/icyphy/ptII/ptolemy/actor/lib/test/auto/Clock24.xml (RunModel)" time="0.022" />
  <testcase classname="ptolemy.util.test.junit.AutoTests" name="[63] /home/travis/build/icyphy/ptII/ptolemy/actor/lib/test/auto/Clock4.xml (RunModel)" time="0.013" />
  <testcase classname="ptolemy.util.test.junit.AutoTests" name="[64] /home/travis/build/icyphy/ptII/ptolemy/actor/lib/test/auto/Clock5.xml (RunModel)" time="0.016" />
  <testcase classname="ptolemy.util.test.junit.AutoTests" name="[65] /home/travis/build/icyphy/ptII/ptolemy/actor/lib/test/auto/Clock6.xml (RunModel)" time="0.016" />
  <testcase classname="ptolemy.util.test.junit.AutoTests" name="[66] /home/travis/build/icyphy/ptII/ptolemy/actor/lib/test/auto/Clock7.xml (RunModel)" time="0.011" />
  <testcase classname="ptolemy.util.test.junit.AutoTests" name="[67] /home/travis/build/icyphy/ptII/ptolemy/actor/lib/test/auto/Clock8.xml (RunModel)" time="0.015" />
  <testcase classname="ptolemy.util.test.junit.AutoTests" name="[68] /home/travis/build/icyphy/ptII/ptolemy/actor/lib/test/auto/Clock9.xml (RunModel)" time="0.014" />
  <testcase classname="ptolemy.util.test.junit.AutoTests" name="[69] /home/travis/build/icyphy/ptII/ptolemy/actor/lib/test/auto/CommDistDiscard.xml (RunModel)" time="0.023" />
  <testcase classname="ptolemy.util.test.junit.AutoTests" name="[70] /home/travis/build/icyphy/ptII/ptolemy/actor/lib/test/auto/Commutator.xml (RunModel)" time="0.016" />
  <testcase classname="ptolemy.util.test.junit.AutoTests" name="[71] /home/travis/build/icyphy/ptII/ptolemy/actor/lib/test/auto/Commutator2.xml (RunModel)" time="0.011" />
  <testcase classname="ptolemy.util.test.junit.AutoTests" name="[72] /home/travis/build/icyphy/ptII/ptolemy/actor/lib/test/auto/Commutator3.xml (RunModel)" time="0.013" />
  <testcase classname="ptolemy.util.test.junit.AutoTests" name="[73] /home/travis/build/icyphy/ptII/ptolemy/actor/lib/test/auto/Compare.xml (RunModel)" time="0.027" />
  <testcase classname="ptolemy.util.test.junit.AutoTests" name="[74] /home/travis/build/icyphy/ptII/ptolemy/actor/lib/test/auto/CompareDE.xml (RunModel)" time="0.13" />
  <testcase classname="ptolemy.util.test.junit.AutoTests" name="[75] /home/travis/build/icyphy/ptII/ptolemy/actor/lib/test/auto/ComplexDivide.xml (RunModel)" time="0.012" />
  <testcase classname="ptolemy.util.test.junit.AutoTests" name="[76] /home/travis/build/icyphy/ptII/ptolemy/actor/lib/test/auto/ComputeHistogram.xml (RunModel)" time="0.076" />
  <testcase classname="ptolemy.util.test.junit.AutoTests" name="[77] /home/travis/build/icyphy/ptII/ptolemy/actor/lib/test/auto/ConfigurationSelect.xml (RunModel)" time="0.024" />
  <testcase classname="ptolemy.util.test.junit.AutoTests" name="[78] /home/travis/build/icyphy/ptII/ptolemy/actor/lib/test/auto/ConfigurationSelect2.xml (RunModel)" time="0.014" />
  <testcase classname="ptolemy.util.test.junit.AutoTests" name="[79] /home/travis/build/icyphy/ptII/ptolemy/actor/lib/test/auto/ConfigurationSwitch.xml (RunModel)" time="0.025" />
  <testcase classname="ptolemy.util.test.junit.AutoTests" name="[80] /home/travis/build/icyphy/ptII/ptolemy/actor/lib/test/auto/ConfigurationSwitch2.xml (RunModel)" time="0.036" />
  <testcase classname="ptolemy.util.test.junit.AutoTests" name="[81] /home/travis/build/icyphy/ptII/ptolemy/actor/lib/test/auto/ConfigurationSwitchCloningBugWithClassRelationGroup.xml (RunModel)" time="0.029" />
  <testcase classname="ptolemy.util.test.junit.AutoTests" name="[82] /home/travis/build/icyphy/ptII/ptolemy/actor/lib/test/auto/ConfigurationSwitchSelectSDF.xml (RunModel)" time="0.021" />
  <testcase classname="ptolemy.util.test.junit.AutoTests" name="[83] /home/travis/build/icyphy/ptII/ptolemy/actor/lib/test/auto/ConfigurationSwitchSelectSDF2.xml (RunModel)" time="0.018" />
  <testcase classname="ptolemy.util.test.junit.AutoTests" name="[84] /home/travis/build/icyphy/ptII/ptolemy/actor/lib/test/auto/Const.xml (RunModel)" time="0.014" />
  <testcase classname="ptolemy.util.test.junit.AutoTests" name="[85] /home/travis/build/icyphy/ptII/ptolemy/actor/lib/test/auto/Const2.xml (RunModel)" time="0.013" />
  <testcase classname="ptolemy.util.test.junit.AutoTests" name="[86] /home/travis/build/icyphy/ptII/ptolemy/actor/lib/test/auto/Const3.xml (RunModel)" time="0.008" />
  <testcase classname="ptolemy.util.test.junit.AutoTests" name="[87] /home/travis/build/icyphy/ptII/ptolemy/actor/lib/test/auto/ConstantPublisherPort1.xml (RunModel)" time="0.029" />
  <testcase classname="ptolemy.util.test.junit.AutoTests" name="[88] /home/travis/build/icyphy/ptII/ptolemy/actor/lib/test/auto/ConstantPublisherPort2.xml (RunModel)" time="0.019" />
  <testcase classname="ptolemy.util.test.junit.AutoTests" name="[89] /home/travis/build/icyphy/ptII/ptolemy/actor/lib/test/auto/ConstantPublisherPort3.xml (RunModel)" time="0.02" />
  <testcase classname="ptolemy.util.test.junit.AutoTests" name="[90] /home/travis/build/icyphy/ptII/ptolemy/actor/lib/test/auto/ConstantPublisherPort4.xml (RunModel)" time="0.019" />
  <testcase classname="ptolemy.util.test.junit.AutoTests" name="[91] /home/travis/build/icyphy/ptII/ptolemy/actor/lib/test/auto/ConstantPublisherPort5.xml (RunModel)" time="0.049" />
  <testcase classname="ptolemy.util.test.junit.AutoTests" name="[92] /home/travis/build/icyphy/ptII/ptolemy/actor/lib/test/auto/ConstantPublisherPort6.xml (RunModel)" time="0.034" />
  <testcase classname="ptolemy.util.test.junit.AutoTests" name="[93] /home/travis/build/icyphy/ptII/ptolemy/actor/lib/test/auto/ConstantPublisherPort7.xml (RunModel)" time="0.034" />
  <testcase classname="ptolemy.util.test.junit.AutoTests" name="[94] /home/travis/build/icyphy/ptII/ptolemy/actor/lib/test/auto/ConstraintMonitor1.xml (RunModel)" time="0.044" />
  <testcase classname="ptolemy.util.test.junit.AutoTests" name="[95] /home/travis/build/icyphy/ptII/ptolemy/actor/lib/test/auto/ConstraintMonitor2.xml (RunModel)" time="0.012" />
  <testcase classname="ptolemy.util.test.junit.AutoTests" name="[96] /home/travis/build/icyphy/ptII/ptolemy/actor/lib/test/auto/ConstraintMonitor3.xml (RunModel)" time="0.015" />
  <testcase classname="ptolemy.util.test.junit.AutoTests" name="[97] /home/travis/build/icyphy/ptII/ptolemy/actor/lib/test/auto/ConstraintMonitor4.xml (RunModel)" time="0.016" />
  <testcase classname="ptolemy.util.test.junit.AutoTests" name="[98] /home/travis/build/icyphy/ptII/ptolemy/actor/lib/test/auto/ConstraintMonitor5.xml (RunModel)" time="0.016" />
  <testcase classname="ptolemy.util.test.junit.AutoTests" name="[99] /home/travis/build/icyphy/ptII/ptolemy/actor/lib/test/auto/ConstraintMonitor6.xml (RunModel)" time="0.015" />
  <testcase classname="ptolemy.util.test.junit.AutoTests" name="[100] /home/travis/build/icyphy/ptII/ptolemy/actor/lib/test/auto/ConstraintMonitor7.xml (RunModel)" time="0.02" />
  <testcase classname="ptolemy.util.test.junit.AutoTests" name="[101] /home/travis/build/icyphy/ptII/ptolemy/actor/lib/test/auto/ConstraintMonitor8.xml (RunModel)" time="0.022" />
  <testcase classname="ptolemy.util.test.junit.AutoTests" name="[102] /home/travis/build/icyphy/ptII/ptolemy/actor/lib/test/auto/Counter.xml (RunModel)" time="0.014" />
  <testcase classname="ptolemy.util.test.junit.AutoTests" name="[103] /home/travis/build/icyphy/ptII/ptolemy/actor/lib/test/auto/CurrentTimeSDF.xml (RunModel)" time="0.012" />
  <testcase classname="ptolemy.util.test.junit.AutoTests" name="[104] /home/travis/build/icyphy/ptII/ptolemy/actor/lib/test/auto/DB.xml (RunModel)" time="0.027" />
  <testcase classname="ptolemy.util.test.junit.AutoTests" name="[105] /home/travis/build/icyphy/ptII/ptolemy/actor/lib/test/auto/DBDE.xml (RunModel)" time="0.018" />
  <testcase classname="ptolemy.util.test.junit.AutoTests" name="[106] /home/travis/build/icyphy/ptII/ptolemy/actor/lib/test/auto/DateConstructor.xml (RunModel)" time="0.092" />
  <testcase classname="ptolemy.util.test.junit.AutoTests" name="[107] /home/travis/build/icyphy/ptII/ptolemy/actor/lib/test/auto/DelayTime.xml (RunModel)" time="0.023" />
  <testcase classname="ptolemy.util.test.junit.AutoTests" name="[108] /home/travis/build/icyphy/ptII/ptolemy/actor/lib/test/auto/Dictionary1.xml (RunModel)" time="0.024" />
  <testcase classname="ptolemy.util.test.junit.AutoTests" name="[109] /home/travis/build/icyphy/ptII/ptolemy/actor/lib/test/auto/Dictionary2.xml (RunModel)" time="0.019" />
  <testcase classname="ptolemy.util.test.junit.AutoTests" name="[110] /home/travis/build/icyphy/ptII/ptolemy/actor/lib/test/auto/Dictionary3.xml (RunModel)" time="0.016" />
  <testcase classname="ptolemy.util.test.junit.AutoTests" name="[111] /home/travis/build/icyphy/ptII/ptolemy/actor/lib/test/auto/Dictionary4.xml (RunModel)" time="0.028" />
  <testcase classname="ptolemy.util.test.junit.AutoTests" name="[112] /home/travis/build/icyphy/ptII/ptolemy/actor/lib/test/auto/Differential.xml (RunModel)" time="0.016" />
  <testcase classname="ptolemy.util.test.junit.AutoTests" name="[113] /home/travis/build/icyphy/ptII/ptolemy/actor/lib/test/auto/Director.xml (RunModel)" time="0.015" />
  <testcase classname="ptolemy.util.test.junit.AutoTests" name="[114] /home/travis/build/icyphy/ptII/ptolemy/actor/lib/test/auto/DiscreteClock.xml (RunModel)" time="0.011" />
  <testcase classname="ptolemy.util.test.junit.AutoTests" name="[115] /home/travis/build/icyphy/ptII/ptolemy/actor/lib/test/auto/DiscreteClock10.xml (RunModel)" time="0.016" />
  <testcase classname="ptolemy.util.test.junit.AutoTests" name="[116] /home/travis/build/icyphy/ptII/ptolemy/actor/lib/test/auto/DiscreteClock11.xml (RunModel)" time="0.094" />
  <testcase classname="ptolemy.util.test.junit.AutoTests" name="[117] /home/travis/build/icyphy/ptII/ptolemy/actor/lib/test/auto/DiscreteClock12.xml (RunModel)" time="0.015" />
  <testcase classname="ptolemy.util.test.junit.AutoTests" name="[118] /home/travis/build/icyphy/ptII/ptolemy/actor/lib/test/auto/DiscreteClock13.xml (RunModel)" time="0.012" />
  <testcase classname="ptolemy.util.test.junit.AutoTests" name="[119] /home/travis/build/icyphy/ptII/ptolemy/actor/lib/test/auto/DiscreteClock14.xml (RunModel)" time="0.018" />
  <testcase classname="ptolemy.util.test.junit.AutoTests" name="[120] /home/travis/build/icyphy/ptII/ptolemy/actor/lib/test/auto/DiscreteClock15.xml (RunModel)" time="0.013" />
  <testcase classname="ptolemy.util.test.junit.AutoTests" name="[121] /home/travis/build/icyphy/ptII/ptolemy/actor/lib/test/auto/DiscreteClock16.xml (RunModel)" time="0.044" />
  <testcase classname="ptolemy.util.test.junit.AutoTests" name="[122] /home/travis/build/icyphy/ptII/ptolemy/actor/lib/test/auto/DiscreteClock17.xml (RunModel)" time="0.044" />
  <testcase classname="ptolemy.util.test.junit.AutoTests" name="[123] /home/travis/build/icyphy/ptII/ptolemy/actor/lib/test/auto/DiscreteClock18.xml (RunModel)" time="0.048" />
  <testcase classname="ptolemy.util.test.junit.AutoTests" name="[124] /home/travis/build/icyphy/ptII/ptolemy/actor/lib/test/auto/DiscreteClock19.xml (RunModel)" time="0.036" />
  <testcase classname="ptolemy.util.test.junit.AutoTests" name="[125] /home/travis/build/icyphy/ptII/ptolemy/actor/lib/test/auto/DiscreteClock2.xml (RunModel)" time="0.012" />
  <testcase classname="ptolemy.util.test.junit.AutoTests" name="[126] /home/travis/build/icyphy/ptII/ptolemy/actor/lib/test/auto/DiscreteClock20.xml (RunModel)" time="0.016" />
  <testcase classname="ptolemy.util.test.junit.AutoTests" name="[127] /home/travis/build/icyphy/ptII/ptolemy/actor/lib/test/auto/DiscreteClock21.xml (RunModel)" time="0.016" />
  <testcase classname="ptolemy.util.test.junit.AutoTests" name="[128] /home/travis/build/icyphy/ptII/ptolemy/actor/lib/test/auto/DiscreteClock22.xml (RunModel)" time="0.015" />
  <testcase classname="ptolemy.util.test.junit.AutoTests" name="[129] /home/travis/build/icyphy/ptII/ptolemy/actor/lib/test/auto/DiscreteClock23.xml (RunModel)" time="0.015" />
  <testcase classname="ptolemy.util.test.junit.AutoTests" name="[130] /home/travis/build/icyphy/ptII/ptolemy/actor/lib/test/auto/DiscreteClock24.xml (RunModel)" time="0.019" />
  <testcase classname="ptolemy.util.test.junit.AutoTests" name="[131] /home/travis/build/icyphy/ptII/ptolemy/actor/lib/test/auto/DiscreteClock4.xml (RunModel)" time="0.013" />
  <testcase classname="ptolemy.util.test.junit.AutoTests" name="[132] /home/travis/build/icyphy/ptII/ptolemy/actor/lib/test/auto/DiscreteClock5.xml (RunModel)" time="0.011" />
  <testcase classname="ptolemy.util.test.junit.AutoTests" name="[133] /home/travis/build/icyphy/ptII/ptolemy/actor/lib/test/auto/DiscreteClock6.xml (RunModel)" time="0.011" />
  <testcase classname="ptolemy.util.test.junit.AutoTests" name="[134] /home/travis/build/icyphy/ptII/ptolemy/actor/lib/test/auto/DiscreteClock7.xml (RunModel)" time="0.011" />
  <testcase classname="ptolemy.util.test.junit.AutoTests" name="[135] /home/travis/build/icyphy/ptII/ptolemy/actor/lib/test/auto/DiscreteClock8.xml (RunModel)" time="0.015" />
  <testcase classname="ptolemy.util.test.junit.AutoTests" name="[136] /home/travis/build/icyphy/ptII/ptolemy/actor/lib/test/auto/DiscreteClock9.xml (RunModel)" time="0.016" />
  <testcase classname="ptolemy.util.test.junit.AutoTests" name="[137] /home/travis/build/icyphy/ptII/ptolemy/actor/lib/test/auto/DisplayArray.xml (RunModel)" time="0.028" />
  <testcase classname="ptolemy.util.test.junit.AutoTests" name="[138] /home/travis/build/icyphy/ptII/ptolemy/actor/lib/test/auto/Distributor.xml (RunModel)" time="0.011" />
  <testcase classname="ptolemy.util.test.junit.AutoTests" name="[139] /home/travis/build/icyphy/ptII/ptolemy/actor/lib/test/auto/Distributor2.xml (RunModel)" time="0.013" />
  <testcase classname="ptolemy.util.test.junit.AutoTests" name="[140] /home/travis/build/icyphy/ptII/ptolemy/actor/lib/test/auto/DownSample.xml (RunModel)" time="0.02" />
  <testcase classname="ptolemy.util.test.junit.AutoTests" name="[141] /home/travis/build/icyphy/ptII/ptolemy/actor/lib/test/auto/ElectronicUnitBase1.xml (RunModel)" time="0.087" />
  <testcase classname="ptolemy.util.test.junit.AutoTests" name="[142] /home/travis/build/icyphy/ptII/ptolemy/actor/lib/test/auto/ElementsToArray.xml (RunModel)" time="0.032" />
  <testcase classname="ptolemy.util.test.junit.AutoTests" name="[143] /home/travis/build/icyphy/ptII/ptolemy/actor/lib/test/auto/Equals.xml (RunModel)" time="0.017" />
  <testcase classname="ptolemy.util.test.junit.AutoTests" name="[144] /home/travis/build/icyphy/ptII/ptolemy/actor/lib/test/auto/Exec.xml (RunModel)" time="0.035" />
  <testcase classname="ptolemy.util.test.junit.AutoTests" name="[145] /home/travis/build/icyphy/ptII/ptolemy/actor/lib/test/auto/ExecEnvironment.xml (RunModel)" time="0.046" />
  <testcase classname="ptolemy.util.test.junit.AutoTests" name="[146] /home/travis/build/icyphy/ptII/ptolemy/actor/lib/test/auto/ExecNonZeroReturnOutput.xml (RunModel)" time="0.206" />
  <testcase classname="ptolemy.util.test.junit.AutoTests" name="[147] /home/travis/build/icyphy/ptII/ptolemy/actor/lib/test/auto/ExecRunDemos.xml (RunModel)" time="11.862">
    <error type="java.lang.reflect.InvocationTargetException">java.lang.reflect.InvocationTargetException
	at jdk.internal.reflect.GeneratedConstructorAccessor36.newInstance(Unknown Source)
	at java.base/jdk.internal.reflect.DelegatingConstructorAccessorImpl.newInstance(DelegatingConstructorAccessorImpl.java:45)
	at java.base/java.lang.reflect.Constructor.newInstance(Constructor.java:488)
	at ptolemy.util.test.junit.AutoTests.RunModel(AutoTests.java:193)
	at jdk.internal.reflect.GeneratedMethodAccessor43.invoke(Unknown Source)
	at java.base/jdk.internal.reflect.DelegatingMethodAccessorImpl.invoke(DelegatingMethodAccessorImpl.java:43)
	at junitparams.internal.InvokeParameterisedMethod.evaluate(InvokeParameterisedMethod.java:102)
Caused by: ptolemy.kernel.util.IllegalActionException: Test fails in iteration 0.
Value was: &quot;WARNING: An illegal reflective access operation has occurred\nWARNING: Illegal reflective access by io.netty.util.internal.ReflectionUtil (file:/home/travis/build/icyphy/ptII/lib/netty-common-4.1.19.Final.jar) to constructor java.nio.DirectByteBuffer(long,int)\nWARNING: Please consider reporting this to the maintainers of io.netty.util.internal.ReflectionUtil\nWARNING: Use --illegal-access=warn to enable warnings of further illegal reflective access operations\nWARNING: All illegal access operations will be denied in a future release\n&quot;. Should have been: &quot;&quot;
  in .ExecRunDemos.Test
	at ptolemy.actor.lib.Test.fire(Test.java:268)
	at ptolemy.actor.AtomicActor.iterate(AtomicActor.java:512)
	at ptolemy.actor.sched.StaticSchedulingDirector.fire(StaticSchedulingDirector.java:216)
	at ptolemy.domains.sdf.kernel.SDFDirector.fire(SDFDirector.java:500)
	at ptolemy.actor.CompositeActor.fire(CompositeActor.java:455)
	at ptolemy.actor.Manager.iterate(Manager.java:851)
	at ptolemy.actor.Manager.execute(Manager.java:369)
	at ptolemy.actor.Manager.run(Manager.java:1263)
	at ptolemy.actor.Manager$PtolemyRunThread.run(Manager.java:1915)
</error>
  </testcase>
  <testcase classname="ptolemy.util.test.junit.AutoTests" name="[148] /home/travis/build/icyphy/ptII/ptolemy/actor/lib/test/auto/ExecStop.xml (RunModel)" time="5.043" />
  <testcase classname="ptolemy.util.test.junit.AutoTests" name="[149] /home/travis/build/icyphy/ptII/ptolemy/actor/lib/test/auto/ExecutionTimeSDF.xml (RunModel)" time="6.035" />
  <testcase classname="ptolemy.util.test.junit.AutoTests" name="[150] /home/travis/build/icyphy/ptII/ptolemy/actor/lib/test/auto/Expression1.xml (RunModel)" time="0.022" />
  <testcase classname="ptolemy.util.test.junit.AutoTests" name="[151] /home/travis/build/icyphy/ptII/ptolemy/actor/lib/test/auto/Expression10.xml (RunModel)" time="0.02" />
  <testcase classname="ptolemy.util.test.junit.AutoTests" name="[152] /home/travis/build/icyphy/ptII/ptolemy/actor/lib/test/auto/Expression11.xml (RunModel)" time="0.014" />
  <testcase classname="ptolemy.util.test.junit.AutoTests" name="[153] /home/travis/build/icyphy/ptII/ptolemy/actor/lib/test/auto/Expression12.xml (RunModel)" time="0.015" />
  <testcase classname="ptolemy.util.test.junit.AutoTests" name="[154] /home/travis/build/icyphy/ptII/ptolemy/actor/lib/test/auto/Expression13.xml (RunModel)" time="0.014" />
  <testcase classname="ptolemy.util.test.junit.AutoTests" name="[155] /home/travis/build/icyphy/ptII/ptolemy/actor/lib/test/auto/Expression14.xml (RunModel)" time="0.033" />
  <testcase classname="ptolemy.util.test.junit.AutoTests" name="[156] /home/travis/build/icyphy/ptII/ptolemy/actor/lib/test/auto/Expression15.xml (RunModel)" time="0.01" />
  <testcase classname="ptolemy.util.test.junit.AutoTests" name="[157] /home/travis/build/icyphy/ptII/ptolemy/actor/lib/test/auto/Expression16.xml (RunModel)" time="0.014" />
  <testcase classname="ptolemy.util.test.junit.AutoTests" name="[158] /home/travis/build/icyphy/ptII/ptolemy/actor/lib/test/auto/Expression17.xml (RunModel)" time="0.014" />
  <testcase classname="ptolemy.util.test.junit.AutoTests" name="[159] /home/travis/build/icyphy/ptII/ptolemy/actor/lib/test/auto/Expression18.xml (RunModel)" time="0.015" />
  <testcase classname="ptolemy.util.test.junit.AutoTests" name="[160] /home/travis/build/icyphy/ptII/ptolemy/actor/lib/test/auto/Expression2.xml (RunModel)" time="0.016" />
  <testcase classname="ptolemy.util.test.junit.AutoTests" name="[161] /home/travis/build/icyphy/ptII/ptolemy/actor/lib/test/auto/Expression3.xml (RunModel)" time="0.016" />
  <testcase classname="ptolemy.util.test.junit.AutoTests" name="[162] /home/travis/build/icyphy/ptII/ptolemy/actor/lib/test/auto/Expression4.xml (RunModel)" time="0.022" />
  <testcase classname="ptolemy.util.test.junit.AutoTests" name="[163] /home/travis/build/icyphy/ptII/ptolemy/actor/lib/test/auto/Expression5.xml (RunModel)" time="0.012" />
  <testcase classname="ptolemy.util.test.junit.AutoTests" name="[164] /home/travis/build/icyphy/ptII/ptolemy/actor/lib/test/auto/Expression6.xml (RunModel)" time="0.012" />
  <testcase classname="ptolemy.util.test.junit.AutoTests" name="[165] /home/travis/build/icyphy/ptII/ptolemy/actor/lib/test/auto/Expression7.xml (RunModel)" time="0.013" />
  <testcase classname="ptolemy.util.test.junit.AutoTests" name="[166] /home/travis/build/icyphy/ptII/ptolemy/actor/lib/test/auto/Expression8.xml (RunModel)" time="0.017" />
  <testcase classname="ptolemy.util.test.junit.AutoTests" name="[167] /home/travis/build/icyphy/ptII/ptolemy/actor/lib/test/auto/Expression9.xml (RunModel)" time="0.008" />
  <testcase classname="ptolemy.util.test.junit.AutoTests" name="[168] /home/travis/build/icyphy/ptII/ptolemy/actor/lib/test/auto/ExpressionConcatenateArrayType.xml (RunModel)" time="0.031" />
  <testcase classname="ptolemy.util.test.junit.AutoTests" name="[169] /home/travis/build/icyphy/ptII/ptolemy/actor/lib/test/auto/ExpressionConcatenateArrayType2.xml (RunModel)" time="0.033" />
  <testcase classname="ptolemy.util.test.junit.AutoTests" name="[170] /home/travis/build/icyphy/ptII/ptolemy/actor/lib/test/auto/ExpressionFix.xml (RunModel)" time="0.049" />
  <testcase classname="ptolemy.util.test.junit.AutoTests" name="[171] /home/travis/build/icyphy/ptII/ptolemy/actor/lib/test/auto/ExpressionFix2.xml (RunModel)" time="0.012" />
  <testcase classname="ptolemy.util.test.junit.AutoTests" name="[172] /home/travis/build/icyphy/ptII/ptolemy/actor/lib/test/auto/ExpressionFix3.xml (RunModel)" time="0.014" />
  <testcase classname="ptolemy.util.test.junit.AutoTests" name="[173] /home/travis/build/icyphy/ptII/ptolemy/actor/lib/test/auto/FileWriter1.xml (RunModel)" time="0.014" />
  <testcase classname="ptolemy.util.test.junit.AutoTests" name="[174] /home/travis/build/icyphy/ptII/ptolemy/actor/lib/test/auto/FileWriter2.xml (RunModel)" time="0.011" />
  <testcase classname="ptolemy.util.test.junit.AutoTests" name="[175] /home/travis/build/icyphy/ptII/ptolemy/actor/lib/test/auto/FileWriter3.xml (RunModel)" time="0.014" />
  <testcase classname="ptolemy.util.test.junit.AutoTests" name="[176] /home/travis/build/icyphy/ptII/ptolemy/actor/lib/test/auto/Gaussian.xml (RunModel)" time="0.012" />
  <testcase classname="ptolemy.util.test.junit.AutoTests" name="[177] /home/travis/build/icyphy/ptII/ptolemy/actor/lib/test/auto/Gaussian1.xml (RunModel)" time="0.02" />
  <testcase classname="ptolemy.util.test.junit.AutoTests" name="[178] /home/travis/build/icyphy/ptII/ptolemy/actor/lib/test/auto/Gaussian2.xml (RunModel)" time="0.022" />
  <testcase classname="ptolemy.util.test.junit.AutoTests" name="[179] /home/travis/build/icyphy/ptII/ptolemy/actor/lib/test/auto/GradientAdaptiveLattice.xml (RunModel)" time="0.016" />
  <testcase classname="ptolemy.util.test.junit.AutoTests" name="[180] /home/travis/build/icyphy/ptII/ptolemy/actor/lib/test/auto/IIR.xml (RunModel)" time="0.01" />
  <testcase classname="ptolemy.util.test.junit.AutoTests" name="[181] /home/travis/build/icyphy/ptII/ptolemy/actor/lib/test/auto/InputOutputTransparentPorts.xml (RunModel)" time="0.018" />
  <testcase classname="ptolemy.util.test.junit.AutoTests" name="[182] /home/travis/build/icyphy/ptII/ptolemy/actor/lib/test/auto/Interpolator.xml (RunModel)" time="0.014" />
  <testcase classname="ptolemy.util.test.junit.AutoTests" name="[183] /home/travis/build/icyphy/ptII/ptolemy/actor/lib/test/auto/InterpolatorFiringLimitDE.xml (RunModel)" time="0.015" />
  <testcase classname="ptolemy.util.test.junit.AutoTests" name="[184] /home/travis/build/icyphy/ptII/ptolemy/actor/lib/test/auto/Lattice.xml (RunModel)" time="0.008" />
  <testcase classname="ptolemy.util.test.junit.AutoTests" name="[185] /home/travis/build/icyphy/ptII/ptolemy/actor/lib/test/auto/LazyAOCTestLazy.xml (RunModel)" time="0.02" />
  <testcase classname="ptolemy.util.test.junit.AutoTests" name="[186] /home/travis/build/icyphy/ptII/ptolemy/actor/lib/test/auto/LazyAOCTestNonLazy.xml (RunModel)" time="0.047" />
  <testcase classname="ptolemy.util.test.junit.AutoTests" name="[187] /home/travis/build/icyphy/ptII/ptolemy/actor/lib/test/auto/LazyInnerClass.xml (RunModel)" time="0.056" />
  <testcase classname="ptolemy.util.test.junit.AutoTests" name="[188] /home/travis/build/icyphy/ptII/ptolemy/actor/lib/test/auto/LazyPubSub.xml (RunModel)" time="0.069" />
  <testcase classname="ptolemy.util.test.junit.AutoTests" name="[189] /home/travis/build/icyphy/ptII/ptolemy/actor/lib/test/auto/LazyPubSub2.xml (RunModel)" time="0.057" />
  <testcase classname="ptolemy.util.test.junit.AutoTests" name="[190] /home/travis/build/icyphy/ptII/ptolemy/actor/lib/test/auto/LazyPubSub3.xml (RunModel)" time="0.111" />
  <testcase classname="ptolemy.util.test.junit.AutoTests" name="[191] /home/travis/build/icyphy/ptII/ptolemy/actor/lib/test/auto/LazySubClassModel.xml (RunModel)" time="0.024" />
  <testcase classname="ptolemy.util.test.junit.AutoTests" name="[192] /home/travis/build/icyphy/ptII/ptolemy/actor/lib/test/auto/LevelCrossTest1.xml (RunModel)" time="0.012" />
  <testcase classname="ptolemy.util.test.junit.AutoTests" name="[193] /home/travis/build/icyphy/ptII/ptolemy/actor/lib/test/auto/LevelCrossTest10.xml (RunModel)" time="0.016" />
  <testcase classname="ptolemy.util.test.junit.AutoTests" name="[194] /home/travis/build/icyphy/ptII/ptolemy/actor/lib/test/auto/LevelCrossTest11.xml (RunModel)" time="0.016" />
  <testcase classname="ptolemy.util.test.junit.AutoTests" name="[195] /home/travis/build/icyphy/ptII/ptolemy/actor/lib/test/auto/LevelCrossTest12.xml (RunModel)" time="0.017" />
  <testcase classname="ptolemy.util.test.junit.AutoTests" name="[196] /home/travis/build/icyphy/ptII/ptolemy/actor/lib/test/auto/LevelCrossTest13.xml (RunModel)" time="0.016" />
  <testcase classname="ptolemy.util.test.junit.AutoTests" name="[197] /home/travis/build/icyphy/ptII/ptolemy/actor/lib/test/auto/LevelCrossTest2.xml (RunModel)" time="0.01" />
  <testcase classname="ptolemy.util.test.junit.AutoTests" name="[198] /home/travis/build/icyphy/ptII/ptolemy/actor/lib/test/auto/LevelCrossTest3.xml (RunModel)" time="0.012" />
  <testcase classname="ptolemy.util.test.junit.AutoTests" name="[199] /home/travis/build/icyphy/ptII/ptolemy/actor/lib/test/auto/LevelCrossTest4.xml (RunModel)" time="0.031" />
  <testcase classname="ptolemy.util.test.junit.AutoTests" name="[200] /home/travis/build/icyphy/ptII/ptolemy/actor/lib/test/auto/LevelCrossTest5.xml (RunModel)" time="0.026" />
  <testcase classname="ptolemy.util.test.junit.AutoTests" name="[201] /home/travis/build/icyphy/ptII/ptolemy/actor/lib/test/auto/LevelCrossTest6.xml (RunModel)" time="0.018" />
  <testcase classname="ptolemy.util.test.junit.AutoTests" name="[202] /home/travis/build/icyphy/ptII/ptolemy/actor/lib/test/auto/LevelCrossTest7.xml (RunModel)" time="0.023" />
  <testcase classname="ptolemy.util.test.junit.AutoTests" name="[203] /home/travis/build/icyphy/ptII/ptolemy/actor/lib/test/auto/LevelCrossTest8.xml (RunModel)" time="0.014" />
  <testcase classname="ptolemy.util.test.junit.AutoTests" name="[204] /home/travis/build/icyphy/ptII/ptolemy/actor/lib/test/auto/LevelCrossTest9.xml (RunModel)" time="0.016" />
  <testcase classname="ptolemy.util.test.junit.AutoTests" name="[205] /home/travis/build/icyphy/ptII/ptolemy/actor/lib/test/auto/LevinsonDurbin.xml (RunModel)" time="0.011" />
  <testcase classname="ptolemy.util.test.junit.AutoTests" name="[206] /home/travis/build/icyphy/ptII/ptolemy/actor/lib/test/auto/LevinsonDurbin2.xml (RunModel)" time="0.009" />
  <testcase classname="ptolemy.util.test.junit.AutoTests" name="[207] /home/travis/build/icyphy/ptII/ptolemy/actor/lib/test/auto/LevinsonDurbin3.xml (RunModel)" time="0.01" />
  <testcase classname="ptolemy.util.test.junit.AutoTests" name="[208] /home/travis/build/icyphy/ptII/ptolemy/actor/lib/test/auto/Limiter.xml (RunModel)" time="0.04" />
  <testcase classname="ptolemy.util.test.junit.AutoTests" name="[209] /home/travis/build/icyphy/ptII/ptolemy/actor/lib/test/auto/LinearDifferenceEquationSystem.xml (RunModel)" time="0.024" />
  <testcase classname="ptolemy.util.test.junit.AutoTests" name="[210] /home/travis/build/icyphy/ptII/ptolemy/actor/lib/test/auto/LookupTable.xml (RunModel)" time="0.013" />
  <testcase classname="ptolemy.util.test.junit.AutoTests" name="[211] /home/travis/build/icyphy/ptII/ptolemy/actor/lib/test/auto/MathFunction.xml (RunModel)" time="0.022" />
  <testcase classname="ptolemy.util.test.junit.AutoTests" name="[212] /home/travis/build/icyphy/ptII/ptolemy/actor/lib/test/auto/MathFunction2.xml (RunModel)" time="0.017" />
  <testcase classname="ptolemy.util.test.junit.AutoTests" name="[213] /home/travis/build/icyphy/ptII/ptolemy/actor/lib/test/auto/MathFunction3.xml (RunModel)" time="0.027" />
  <testcase classname="ptolemy.util.test.junit.AutoTests" name="[214] /home/travis/build/icyphy/ptII/ptolemy/actor/lib/test/auto/MatrixCropBoolean.xml (RunModel)" time="0.013" />
  <testcase classname="ptolemy.util.test.junit.AutoTests" name="[215] /home/travis/build/icyphy/ptII/ptolemy/actor/lib/test/auto/MatrixCropComplex.xml (RunModel)" time="0.013" />
  <testcase classname="ptolemy.util.test.junit.AutoTests" name="[216] /home/travis/build/icyphy/ptII/ptolemy/actor/lib/test/auto/MatrixCropDouble.xml (RunModel)" time="0.013" />
  <testcase classname="ptolemy.util.test.junit.AutoTests" name="[217] /home/travis/build/icyphy/ptII/ptolemy/actor/lib/test/auto/MatrixCropFix.xml (RunModel)" time="0.015" />
  <testcase classname="ptolemy.util.test.junit.AutoTests" name="[218] /home/travis/build/icyphy/ptII/ptolemy/actor/lib/test/auto/MatrixCropInt.xml (RunModel)" time="0.013" />
  <testcase classname="ptolemy.util.test.junit.AutoTests" name="[219] /home/travis/build/icyphy/ptII/ptolemy/actor/lib/test/auto/MatrixCropLong.xml (RunModel)" time="0.015" />
  <testcase classname="ptolemy.util.test.junit.AutoTests" name="[220] /home/travis/build/icyphy/ptII/ptolemy/actor/lib/test/auto/MatrixToArray.xml (RunModel)" time="0.063" />
  <testcase classname="ptolemy.util.test.junit.AutoTests" name="[221] /home/travis/build/icyphy/ptII/ptolemy/actor/lib/test/auto/MaxIndex.xml (RunModel)" time="0.023" />
  <testcase classname="ptolemy.util.test.junit.AutoTests" name="[222] /home/travis/build/icyphy/ptII/ptolemy/actor/lib/test/auto/Maximum.xml (RunModel)" time="0.016" />
  <testcase classname="ptolemy.util.test.junit.AutoTests" name="[223] /home/travis/build/icyphy/ptII/ptolemy/actor/lib/test/auto/MaximumComplex.xml (RunModel)" time="0.019" />
  <testcase classname="ptolemy.util.test.junit.AutoTests" name="[224] /home/travis/build/icyphy/ptII/ptolemy/actor/lib/test/auto/MethodCallTest.xml (RunModel)" time="0.024" />
  <testcase classname="ptolemy.util.test.junit.AutoTests" name="[225] /home/travis/build/icyphy/ptII/ptolemy/actor/lib/test/auto/Minimum.xml (RunModel)" time="0.015" />
  <testcase classname="ptolemy.util.test.junit.AutoTests" name="[226] /home/travis/build/icyphy/ptII/ptolemy/actor/lib/test/auto/MinimumComplex.xml (RunModel)" time="0.024" />
  <testcase classname="ptolemy.util.test.junit.AutoTests" name="[227] /home/travis/build/icyphy/ptII/ptolemy/actor/lib/test/auto/MinimumMultiports.xml (RunModel)" time="0.022" />
  <testcase classname="ptolemy.util.test.junit.AutoTests" name="[228] /home/travis/build/icyphy/ptII/ptolemy/actor/lib/test/auto/ModifyDate.xml (RunModel)" time="0.043" />
  <testcase classname="ptolemy.util.test.junit.AutoTests" name="[229] /home/travis/build/icyphy/ptII/ptolemy/actor/lib/test/auto/ModifyDate2.xml (RunModel)" time="0.043" />
  <testcase classname="ptolemy.util.test.junit.AutoTests" name="[230] /home/travis/build/icyphy/ptII/ptolemy/actor/lib/test/auto/MovingAverage.xml (RunModel)" time="0.016" />
  <testcase classname="ptolemy.util.test.junit.AutoTests" name="[231] /home/travis/build/icyphy/ptII/ptolemy/actor/lib/test/auto/MovingMaximum.xml (RunModel)" time="0.014" />
  <testcase classname="ptolemy.util.test.junit.AutoTests" name="[232] /home/travis/build/icyphy/ptII/ptolemy/actor/lib/test/auto/MultipleLinksToSameRelation.xml (RunModel)" time="0.009" />
  <testcase classname="ptolemy.util.test.junit.AutoTests" name="[233] /home/travis/build/icyphy/ptII/ptolemy/actor/lib/test/auto/MultipleLinksToSameRelationDE.xml (RunModel)" time="0.012" />
  <testcase classname="ptolemy.util.test.junit.AutoTests" name="[234] /home/travis/build/icyphy/ptII/ptolemy/actor/lib/test/auto/Multiplexor.xml (RunModel)" time="0.013" />
  <testcase classname="ptolemy.util.test.junit.AutoTests" name="[235] /home/travis/build/icyphy/ptII/ptolemy/actor/lib/test/auto/Multiplexor1.xml (RunModel)" time="0.012" />
  <testcase classname="ptolemy.util.test.junit.AutoTests" name="[236] /home/travis/build/icyphy/ptII/ptolemy/actor/lib/test/auto/Multiplexor2.xml (RunModel)" time="0.017" />
  <testcase classname="ptolemy.util.test.junit.AutoTests" name="[237] /home/travis/build/icyphy/ptII/ptolemy/actor/lib/test/auto/Multiplexor3.xml (RunModel)" time="0.008" />
  <testcase classname="ptolemy.util.test.junit.AutoTests" name="[238] /home/travis/build/icyphy/ptII/ptolemy/actor/lib/test/auto/MultiplexorDE.xml (RunModel)" time="0.02" />
  <testcase classname="ptolemy.util.test.junit.AutoTests" name="[239] /home/travis/build/icyphy/ptII/ptolemy/actor/lib/test/auto/MultiportBroadcastTest.xml (RunModel)" time="0.124" />
  <testcase classname="ptolemy.util.test.junit.AutoTests" name="[240] /home/travis/build/icyphy/ptII/ptolemy/actor/lib/test/auto/MultiportOutHangDuringGetWidth.xml (RunModel)" time="0.131" />
  <testcase classname="ptolemy.util.test.junit.AutoTests" name="[241] /home/travis/build/icyphy/ptII/ptolemy/actor/lib/test/auto/NilToken.xml (RunModel)" time="0.015" />
  <testcase classname="ptolemy.util.test.junit.AutoTests" name="[242] /home/travis/build/icyphy/ptII/ptolemy/actor/lib/test/auto/NilTokenNonStrictTest.xml (RunModel)" time="0.012" />
  <testcase classname="ptolemy.util.test.junit.AutoTests" name="[243] /home/travis/build/icyphy/ptII/ptolemy/actor/lib/test/auto/NilTokenRecord.xml (RunModel)" time="0.033" />
  <testcase classname="ptolemy.util.test.junit.AutoTests" name="[244] /home/travis/build/icyphy/ptII/ptolemy/actor/lib/test/auto/NilTokenTypeTest.xml (RunModel)" time="0.028" />
  <testcase classname="ptolemy.util.test.junit.AutoTests" name="[245] /home/travis/build/icyphy/ptII/ptolemy/actor/lib/test/auto/ObjectToken1.xml (RunModel)" time="0.007" />
  <testcase classname="ptolemy.util.test.junit.AutoTests" name="[246] /home/travis/build/icyphy/ptII/ptolemy/actor/lib/test/auto/OrderedMerge.xml (RunModel)" time="0.016" />
  <testcase classname="ptolemy.util.test.junit.AutoTests" name="[247] /home/travis/build/icyphy/ptII/ptolemy/actor/lib/test/auto/OrderedRecordDisassembler.xml (RunModel)" time="0.018" />
  <testcase classname="ptolemy.util.test.junit.AutoTests" name="[248] /home/travis/build/icyphy/ptII/ptolemy/actor/lib/test/auto/OrderedRecordDisassembler2.xml (RunModel)" time="0.02" />
  <testcase classname="ptolemy.util.test.junit.AutoTests" name="[249] /home/travis/build/icyphy/ptII/ptolemy/actor/lib/test/auto/OrderedRecordUpdater.xml (RunModel)" time="0.01" />
  <testcase classname="ptolemy.util.test.junit.AutoTests" name="[250] /home/travis/build/icyphy/ptII/ptolemy/actor/lib/test/auto/OrderedRecordUpdater2.xml (RunModel)" time="0.018" />
  <testcase classname="ptolemy.util.test.junit.AutoTests" name="[251] /home/travis/build/icyphy/ptII/ptolemy/actor/lib/test/auto/PhaseUnwrap.xml (RunModel)" time="0.012" />
  <testcase classname="ptolemy.util.test.junit.AutoTests" name="[252] /home/travis/build/icyphy/ptII/ptolemy/actor/lib/test/auto/PoissonClock.xml (RunModel)" time="0.01" />
  <testcase classname="ptolemy.util.test.junit.AutoTests" name="[253] /home/travis/build/icyphy/ptII/ptolemy/actor/lib/test/auto/PoissonClock2.xml (RunModel)" time="0.008" />
  <testcase classname="ptolemy.util.test.junit.AutoTests" name="[254] /home/travis/build/icyphy/ptII/ptolemy/actor/lib/test/auto/PoissonClock3.xml (RunModel)" time="0.025" />
  <testcase classname="ptolemy.util.test.junit.AutoTests" name="[255] /home/travis/build/icyphy/ptII/ptolemy/actor/lib/test/auto/PubSubWithInitialTokens.xml (RunModel)" time="0.016" />
  <testcase classname="ptolemy.util.test.junit.AutoTests" name="[256] /home/travis/build/icyphy/ptII/ptolemy/actor/lib/test/auto/PubSubWithInitialTokens2.xml (RunModel)" time="0.013" />
  <testcase classname="ptolemy.util.test.junit.AutoTests" name="[257] /home/travis/build/icyphy/ptII/ptolemy/actor/lib/test/auto/PublisherClassNoParameter.xml (RunModel)" time="0.019" />
  <testcase classname="ptolemy.util.test.junit.AutoTests" name="[258] /home/travis/build/icyphy/ptII/ptolemy/actor/lib/test/auto/PublisherClassParameter.xml (RunModel)" time="0.02" />
  <testcase classname="ptolemy.util.test.junit.AutoTests" name="[259] /home/travis/build/icyphy/ptII/ptolemy/actor/lib/test/auto/PublisherNonStrictTest.xml (RunModel)" time="0.015" />
  <testcase classname="ptolemy.util.test.junit.AutoTests" name="[260] /home/travis/build/icyphy/ptII/ptolemy/actor/lib/test/auto/PublisherPort1.xml (RunModel)" time="0.019" />
  <testcase classname="ptolemy.util.test.junit.AutoTests" name="[261] /home/travis/build/icyphy/ptII/ptolemy/actor/lib/test/auto/PublisherPort2.xml (RunModel)" time="0.013" />
  <testcase classname="ptolemy.util.test.junit.AutoTests" name="[262] /home/travis/build/icyphy/ptII/ptolemy/actor/lib/test/auto/PublisherPort3.xml (RunModel)" time="0.012" />
  <testcase classname="ptolemy.util.test.junit.AutoTests" name="[263] /home/travis/build/icyphy/ptII/ptolemy/actor/lib/test/auto/PublisherPort4.xml (RunModel)" time="0.017" />
  <testcase classname="ptolemy.util.test.junit.AutoTests" name="[264] /home/travis/build/icyphy/ptII/ptolemy/actor/lib/test/auto/PublisherPort5.xml (RunModel)" time="0.015" />
  <testcase classname="ptolemy.util.test.junit.AutoTests" name="[265] /home/travis/build/icyphy/ptII/ptolemy/actor/lib/test/auto/PublisherPort5LookAlike.xml (RunModel)" time="0.02" />
  <testcase classname="ptolemy.util.test.junit.AutoTests" name="[266] /home/travis/build/icyphy/ptII/ptolemy/actor/lib/test/auto/PublisherPort6.xml (RunModel)" time="0.018" />
  <testcase classname="ptolemy.util.test.junit.AutoTests" name="[267] /home/travis/build/icyphy/ptII/ptolemy/actor/lib/test/auto/PublisherPort7.xml (RunModel)" time="0.016" />
  <testcase classname="ptolemy.util.test.junit.AutoTests" name="[268] /home/travis/build/icyphy/ptII/ptolemy/actor/lib/test/auto/PublisherPort8.xml (RunModel)" time="0.016" />
  <testcase classname="ptolemy.util.test.junit.AutoTests" name="[269] /home/travis/build/icyphy/ptII/ptolemy/actor/lib/test/auto/PublisherPortSubscriberChannelVariablesAOC2.xml (RunModel)" time="0.033" />
  <testcase classname="ptolemy.util.test.junit.AutoTests" name="[270] /home/travis/build/icyphy/ptII/ptolemy/actor/lib/test/auto/PublisherPortSubscriberOpaqueWidthInference.xml (RunModel)" time="0.015" />
  <testcase classname="ptolemy.util.test.junit.AutoTests" name="[271] /home/travis/build/icyphy/ptII/ptolemy/actor/lib/test/auto/PublisherPortSubscriberPortAdjacent.xml (RunModel)" time="0.017" />
  <testcase classname="ptolemy.util.test.junit.AutoTests" name="[272] /home/travis/build/icyphy/ptII/ptolemy/actor/lib/test/auto/PublisherPortSubscriberPortExpression.xml (RunModel)" time="0.018" />
  <testcase classname="ptolemy.util.test.junit.AutoTests" name="[273] /home/travis/build/icyphy/ptII/ptolemy/actor/lib/test/auto/PublisherPortSubscriberPortOpaqueD3Reverse.xml (RunModel)" time="0.045" />
  <testcase classname="ptolemy.util.test.junit.AutoTests" name="[274] /home/travis/build/icyphy/ptII/ptolemy/actor/lib/test/auto/PublisherPortSubscriberPortOpaqueWidthInference.xml (RunModel)" time="0.017" />
  <testcase classname="ptolemy.util.test.junit.AutoTests" name="[275] /home/travis/build/icyphy/ptII/ptolemy/actor/lib/test/auto/PublisherPortToplevelSubscriberPortAOC.xml (RunModel)" time="0.012" />
  <testcase classname="ptolemy.util.test.junit.AutoTests" name="[276] /home/travis/build/icyphy/ptII/ptolemy/actor/lib/test/auto/PublisherSubscriber.xml (RunModel)" time="0.042" />
  <testcase classname="ptolemy.util.test.junit.AutoTests" name="[277] /home/travis/build/icyphy/ptII/ptolemy/actor/lib/test/auto/PublisherSubscriber10.xml (RunModel)" time="0.023" />
  <testcase classname="ptolemy.util.test.junit.AutoTests" name="[278] /home/travis/build/icyphy/ptII/ptolemy/actor/lib/test/auto/PublisherSubscriber10InitialOutputs.xml (RunModel)" time="0.032" />
  <testcase classname="ptolemy.util.test.junit.AutoTests" name="[279] /home/travis/build/icyphy/ptII/ptolemy/actor/lib/test/auto/PublisherSubscriber11.xml (RunModel)" time="0.015" />
  <testcase classname="ptolemy.util.test.junit.AutoTests" name="[280] /home/travis/build/icyphy/ptII/ptolemy/actor/lib/test/auto/PublisherSubscriber12.xml (RunModel)" time="0.015" />
  <testcase classname="ptolemy.util.test.junit.AutoTests" name="[281] /home/travis/build/icyphy/ptII/ptolemy/actor/lib/test/auto/PublisherSubscriber13.xml (RunModel)" time="0.013" />
  <testcase classname="ptolemy.util.test.junit.AutoTests" name="[282] /home/travis/build/icyphy/ptII/ptolemy/actor/lib/test/auto/PublisherSubscriber14.xml (RunModel)" time="0.033" />
  <testcase classname="ptolemy.util.test.junit.AutoTests" name="[283] /home/travis/build/icyphy/ptII/ptolemy/actor/lib/test/auto/PublisherSubscriber2.xml (RunModel)" time="0.011" />
  <testcase classname="ptolemy.util.test.junit.AutoTests" name="[284] /home/travis/build/icyphy/ptII/ptolemy/actor/lib/test/auto/PublisherSubscriber3.xml (RunModel)" time="0.011" />
  <testcase classname="ptolemy.util.test.junit.AutoTests" name="[285] /home/travis/build/icyphy/ptII/ptolemy/actor/lib/test/auto/PublisherSubscriber4.xml (RunModel)" time="0.009" />
  <testcase classname="ptolemy.util.test.junit.AutoTests" name="[286] /home/travis/build/icyphy/ptII/ptolemy/actor/lib/test/auto/PublisherSubscriber5.xml (RunModel)" time="0.016" />
  <testcase classname="ptolemy.util.test.junit.AutoTests" name="[287] /home/travis/build/icyphy/ptII/ptolemy/actor/lib/test/auto/PublisherSubscriber6.xml (RunModel)" time="0.015" />
  <testcase classname="ptolemy.util.test.junit.AutoTests" name="[288] /home/travis/build/icyphy/ptII/ptolemy/actor/lib/test/auto/PublisherSubscriber7.xml (RunModel)" time="0.021" />
  <testcase classname="ptolemy.util.test.junit.AutoTests" name="[289] /home/travis/build/icyphy/ptII/ptolemy/actor/lib/test/auto/PublisherSubscriber8.xml (RunModel)" time="0.037" />
  <testcase classname="ptolemy.util.test.junit.AutoTests" name="[290] /home/travis/build/icyphy/ptII/ptolemy/actor/lib/test/auto/PublisherSubscriber9.xml (RunModel)" time="0.019" />
  <testcase classname="ptolemy.util.test.junit.AutoTests" name="[291] /home/travis/build/icyphy/ptII/ptolemy/actor/lib/test/auto/PublisherSubscriberAdjacent.xml (RunModel)" time="0.021" />
  <testcase classname="ptolemy.util.test.junit.AutoTests" name="[292] /home/travis/build/icyphy/ptII/ptolemy/actor/lib/test/auto/PublisherSubscriberChannelVariablesAOC2.xml (RunModel)" time="0.035" />
  <testcase classname="ptolemy.util.test.junit.AutoTests" name="[293] /home/travis/build/icyphy/ptII/ptolemy/actor/lib/test/auto/PublisherSubscriberD3.xml (RunModel)" time="0.015" />
  <testcase classname="ptolemy.util.test.junit.AutoTests" name="[294] /home/travis/build/icyphy/ptII/ptolemy/actor/lib/test/auto/PublisherSubscriberD3Reverse.xml (RunModel)" time="0.014" />
  <testcase classname="ptolemy.util.test.junit.AutoTests" name="[295] /home/travis/build/icyphy/ptII/ptolemy/actor/lib/test/auto/PublisherSubscriberExpression.xml (RunModel)" time="0.017" />
  <testcase classname="ptolemy.util.test.junit.AutoTests" name="[296] /home/travis/build/icyphy/ptII/ptolemy/actor/lib/test/auto/PublisherSubscriberOpaque.xml (RunModel)" time="0.016" />
  <testcase classname="ptolemy.util.test.junit.AutoTests" name="[297] /home/travis/build/icyphy/ptII/ptolemy/actor/lib/test/auto/PublisherSubscriberOpaqueD3.xml (RunModel)" time="0.025" />
  <testcase classname="ptolemy.util.test.junit.AutoTests" name="[298] /home/travis/build/icyphy/ptII/ptolemy/actor/lib/test/auto/PublisherSubscriberOpaqueD3Reverse.xml (RunModel)" time="0.026" />
  <testcase classname="ptolemy.util.test.junit.AutoTests" name="[299] /home/travis/build/icyphy/ptII/ptolemy/actor/lib/test/auto/PublisherSubscriberOpaqueWidthInference.xml (RunModel)" time="0.018" />
  <testcase classname="ptolemy.util.test.junit.AutoTests" name="[300] /home/travis/build/icyphy/ptII/ptolemy/actor/lib/test/auto/PublisherTestSubscriber.xml (RunModel)" time="0.016" />
  <testcase classname="ptolemy.util.test.junit.AutoTests" name="[301] /home/travis/build/icyphy/ptII/ptolemy/actor/lib/test/auto/PublisherToplevelSubscriberPortAOC.xml (RunModel)" time="0.013" />
  <testcase classname="ptolemy.util.test.junit.AutoTests" name="[302] /home/travis/build/icyphy/ptII/ptolemy/actor/lib/test/auto/PulseFiringLimitDE.xml (RunModel)" time="0.017" />
  <testcase classname="ptolemy.util.test.junit.AutoTests" name="[303] /home/travis/build/icyphy/ptII/ptolemy/actor/lib/test/auto/Ramp1.xml (RunModel)" time="0.015" />
  <testcase classname="ptolemy.util.test.junit.AutoTests" name="[304] /home/travis/build/icyphy/ptII/ptolemy/actor/lib/test/auto/RampFiringLimitDE.xml (RunModel)" time="0.014" />
  <testcase classname="ptolemy.util.test.junit.AutoTests" name="[305] /home/travis/build/icyphy/ptII/ptolemy/actor/lib/test/auto/RampFiringLimitSDF.xml (RunModel)" time="0.011" />
  <testcase classname="ptolemy.util.test.junit.AutoTests" name="[306] /home/travis/build/icyphy/ptII/ptolemy/actor/lib/test/auto/RandomInteger.xml (RunModel)" time="0.009" />
  <testcase classname="ptolemy.util.test.junit.AutoTests" name="[307] /home/travis/build/icyphy/ptII/ptolemy/actor/lib/test/auto/ReadFile1.xml (RunModel)" time="0.008" />
  <testcase classname="ptolemy.util.test.junit.AutoTests" name="[308] /home/travis/build/icyphy/ptII/ptolemy/actor/lib/test/auto/ReadFile2.xml (RunModel)" time="0.008" />
  <testcase classname="ptolemy.util.test.junit.AutoTests" name="[309] /home/travis/build/icyphy/ptII/ptolemy/actor/lib/test/auto/Reader.xml (RunModel)" time="0.023" />
  <testcase classname="ptolemy.util.test.junit.AutoTests" name="[310] /home/travis/build/icyphy/ptII/ptolemy/actor/lib/test/auto/RecordAssemblerDisplayNameTest.xml (RunModel)" time="3.743" />
  <testcase classname="ptolemy.util.test.junit.AutoTests" name="[311] /home/travis/build/icyphy/ptII/ptolemy/actor/lib/test/auto/RecordAssemblerTypeError.xml (RunModel)" time="0.049" />
  <testcase classname="ptolemy.util.test.junit.AutoTests" name="[312] /home/travis/build/icyphy/ptII/ptolemy/actor/lib/test/auto/RecordDisassember.xml (RunModel)" time="0.02" />
  <testcase classname="ptolemy.util.test.junit.AutoTests" name="[313] /home/travis/build/icyphy/ptII/ptolemy/actor/lib/test/auto/RecordDisassemberDisplayNameTest.xml (RunModel)" time="0.023" />
  <testcase classname="ptolemy.util.test.junit.AutoTests" name="[314] /home/travis/build/icyphy/ptII/ptolemy/actor/lib/test/auto/RecordDisassembler.xml (RunModel)" time="0.015" />
  <testcase classname="ptolemy.util.test.junit.AutoTests" name="[315] /home/travis/build/icyphy/ptII/ptolemy/actor/lib/test/auto/RecordDisassembler2.xml (RunModel)" time="0.013" />
  <testcase classname="ptolemy.util.test.junit.AutoTests" name="[316] /home/travis/build/icyphy/ptII/ptolemy/actor/lib/test/auto/RecordUpdater.xml (RunModel)" time="0.01" />
  <testcase classname="ptolemy.util.test.junit.AutoTests" name="[317] /home/travis/build/icyphy/ptII/ptolemy/actor/lib/test/auto/RecordUpdater2.xml (RunModel)" time="0.01" />
  <testcase classname="ptolemy.util.test.junit.AutoTests" name="[318] /home/travis/build/icyphy/ptII/ptolemy/actor/lib/test/auto/RecursiveLattice.xml (RunModel)" time="0.009" />
  <testcase classname="ptolemy.util.test.junit.AutoTests" name="[319] /home/travis/build/icyphy/ptII/ptolemy/actor/lib/test/auto/Router.xml (RunModel)" time="3.026" />
  <testcase classname="ptolemy.util.test.junit.AutoTests" name="[320] /home/travis/build/icyphy/ptII/ptolemy/actor/lib/test/auto/Router2.xml (RunModel)" time="3.034" />
  <testcase classname="ptolemy.util.test.junit.AutoTests" name="[321] /home/travis/build/icyphy/ptII/ptolemy/actor/lib/test/auto/RunningMaximum.xml (RunModel)" time="0.019" />
  <testcase classname="ptolemy.util.test.junit.AutoTests" name="[322] /home/travis/build/icyphy/ptII/ptolemy/actor/lib/test/auto/RunningMinimum.xml (RunModel)" time="0.021" />
  <testcase classname="ptolemy.util.test.junit.AutoTests" name="[323] /home/travis/build/icyphy/ptII/ptolemy/actor/lib/test/auto/Scale.xml (RunModel)" time="0.018" />
  <testcase classname="ptolemy.util.test.junit.AutoTests" name="[324] /home/travis/build/icyphy/ptII/ptolemy/actor/lib/test/auto/Scale2.xml (RunModel)" time="0.015" />
  <testcase classname="ptolemy.util.test.junit.AutoTests" name="[325] /home/travis/build/icyphy/ptII/ptolemy/actor/lib/test/auto/Scale3.xml (RunModel)" time="0.018" />
  <testcase classname="ptolemy.util.test.junit.AutoTests" name="[326] /home/travis/build/icyphy/ptII/ptolemy/actor/lib/test/auto/ScaleArray.xml (RunModel)" time="0.01" />
  <testcase classname="ptolemy.util.test.junit.AutoTests" name="[327] /home/travis/build/icyphy/ptII/ptolemy/actor/lib/test/auto/ScaleArray2.xml (RunModel)" time="0.009" />
  <testcase classname="ptolemy.util.test.junit.AutoTests" name="[328] /home/travis/build/icyphy/ptII/ptolemy/actor/lib/test/auto/ScaleMatrix.xml (RunModel)" time="0.214" />
  <testcase classname="ptolemy.util.test.junit.AutoTests" name="[329] /home/travis/build/icyphy/ptII/ptolemy/actor/lib/test/auto/Select.xml (RunModel)" time="0.016" />
  <testcase classname="ptolemy.util.test.junit.AutoTests" name="[330] /home/travis/build/icyphy/ptII/ptolemy/actor/lib/test/auto/Select2.xml (RunModel)" time="0.009" />
  <testcase classname="ptolemy.util.test.junit.AutoTests" name="[331] /home/travis/build/icyphy/ptII/ptolemy/actor/lib/test/auto/SequenceToArray2.xml (RunModel)" time="0.146" />
  <testcase classname="ptolemy.util.test.junit.AutoTests" name="[332] /home/travis/build/icyphy/ptII/ptolemy/actor/lib/test/auto/SequentialClock.xml (RunModel)" time="0.012" />
  <testcase classname="ptolemy.util.test.junit.AutoTests" name="[333] /home/travis/build/icyphy/ptII/ptolemy/actor/lib/test/auto/SetVariable.xml (RunModel)" time="0.01" />
  <testcase classname="ptolemy.util.test.junit.AutoTests" name="[334] /home/travis/build/icyphy/ptII/ptolemy/actor/lib/test/auto/SetVariable2.xml (RunModel)" time="0.009" />
  <testcase classname="ptolemy.util.test.junit.AutoTests" name="[335] /home/travis/build/icyphy/ptII/ptolemy/actor/lib/test/auto/SetVariable3.xml (RunModel)" time="0.011" />
  <testcase classname="ptolemy.util.test.junit.AutoTests" name="[336] /home/travis/build/icyphy/ptII/ptolemy/actor/lib/test/auto/SetVariable4.xml (RunModel)" time="0.029" />
  <testcase classname="ptolemy.util.test.junit.AutoTests" name="[337] /home/travis/build/icyphy/ptII/ptolemy/actor/lib/test/auto/SetVariable5.xml (RunModel)" time="0.036" />
  <testcase classname="ptolemy.util.test.junit.AutoTests" name="[338] /home/travis/build/icyphy/ptII/ptolemy/actor/lib/test/auto/Sinewave.xml (RunModel)" time="0.027" />
  <testcase classname="ptolemy.util.test.junit.AutoTests" name="[339] /home/travis/build/icyphy/ptII/ptolemy/actor/lib/test/auto/Sinewave2.xml (RunModel)" time="0.018" />
  <testcase classname="ptolemy.util.test.junit.AutoTests" name="[340] /home/travis/build/icyphy/ptII/ptolemy/actor/lib/test/auto/Sinewave3.xml (RunModel)" time="0.018" />
  <testcase classname="ptolemy.util.test.junit.AutoTests" name="[341] /home/travis/build/icyphy/ptII/ptolemy/actor/lib/test/auto/SingleEvent.xml (RunModel)" time="0.007" />
  <testcase classname="ptolemy.util.test.junit.AutoTests" name="[342] /home/travis/build/icyphy/ptII/ptolemy/actor/lib/test/auto/Sleep.xml (RunModel)" time="6.018" />
  <testcase classname="ptolemy.util.test.junit.AutoTests" name="[343] /home/travis/build/icyphy/ptII/ptolemy/actor/lib/test/auto/SleepMultipleFire.xml (RunModel)" time="1.019" />
  <testcase classname="ptolemy.util.test.junit.AutoTests" name="[344] /home/travis/build/icyphy/ptII/ptolemy/actor/lib/test/auto/StopDE.xml (RunModel)" time="0.028" />
  <testcase classname="ptolemy.util.test.junit.AutoTests" name="[345] /home/travis/build/icyphy/ptII/ptolemy/actor/lib/test/auto/StopSDF.xml (RunModel)" time="0.015" />
  <testcase classname="ptolemy.util.test.junit.AutoTests" name="[346] /home/travis/build/icyphy/ptII/ptolemy/actor/lib/test/auto/StringConstant.xml (RunModel)" time="0.017" />
  <testcase classname="ptolemy.util.test.junit.AutoTests" name="[347] /home/travis/build/icyphy/ptII/ptolemy/actor/lib/test/auto/SubscriberPortInitialValues1.xml (RunModel)" time="0.02" />
  <testcase classname="ptolemy.util.test.junit.AutoTests" name="[348] /home/travis/build/icyphy/ptII/ptolemy/actor/lib/test/auto/SubscriberPortInitialValues13.xml (RunModel)" time="0.027" />
  <testcase classname="ptolemy.util.test.junit.AutoTests" name="[349] /home/travis/build/icyphy/ptII/ptolemy/actor/lib/test/auto/SubscriberPortInitialValues14.xml (RunModel)" time="0.015" />
  <testcase classname="ptolemy.util.test.junit.AutoTests" name="[350] /home/travis/build/icyphy/ptII/ptolemy/actor/lib/test/auto/SubscriberPortInitialValues2.xml (RunModel)" time="0.016" />
  <testcase classname="ptolemy.util.test.junit.AutoTests" name="[351] /home/travis/build/icyphy/ptII/ptolemy/actor/lib/test/auto/SubscriberPortInitialValues3.xml (RunModel)" time="0.024" />
  <testcase classname="ptolemy.util.test.junit.AutoTests" name="[352] /home/travis/build/icyphy/ptII/ptolemy/actor/lib/test/auto/SubscriptionAggregator.xml (RunModel)" time="0.013" />
  <testcase classname="ptolemy.util.test.junit.AutoTests" name="[353] /home/travis/build/icyphy/ptII/ptolemy/actor/lib/test/auto/SubscriptionAggregator2.xml (RunModel)" time="0.017" />
  <testcase classname="ptolemy.util.test.junit.AutoTests" name="[354] /home/travis/build/icyphy/ptII/ptolemy/actor/lib/test/auto/SubscriptionAggregator3.xml (RunModel)" time="0.017" />
  <testcase classname="ptolemy.util.test.junit.AutoTests" name="[355] /home/travis/build/icyphy/ptII/ptolemy/actor/lib/test/auto/SubscriptionAggregatorMultiply.xml (RunModel)" time="0.021" />
  <testcase classname="ptolemy.util.test.junit.AutoTests" name="[356] /home/travis/build/icyphy/ptII/ptolemy/actor/lib/test/auto/SubscriptionAggregatorPortMultiply1.xml (RunModel)" time="0.021" />
  <testcase classname="ptolemy.util.test.junit.AutoTests" name="[357] /home/travis/build/icyphy/ptII/ptolemy/actor/lib/test/auto/Switch.xml (RunModel)" time="0.019" />
  <testcase classname="ptolemy.util.test.junit.AutoTests" name="[358] /home/travis/build/icyphy/ptII/ptolemy/actor/lib/test/auto/Switch2.xml (RunModel)" time="0.01" />
  <testcase classname="ptolemy.util.test.junit.AutoTests" name="[359] /home/travis/build/icyphy/ptII/ptolemy/actor/lib/test/auto/SwitchDE.xml (RunModel)" time="0.017" />
  <testcase classname="ptolemy.util.test.junit.AutoTests" name="[360] /home/travis/build/icyphy/ptII/ptolemy/actor/lib/test/auto/SynchronizerDE.xml (RunModel)" time="0.022" />
  <testcase classname="ptolemy.util.test.junit.AutoTests" name="[361] /home/travis/build/icyphy/ptII/ptolemy/actor/lib/test/auto/Test.xml (RunModel)" time="0.012" />
  <testcase classname="ptolemy.util.test.junit.AutoTests" name="[362] /home/travis/build/icyphy/ptII/ptolemy/actor/lib/test/auto/TestExceptionAttribute1.xml (RunModel)" time="0.012" />
  <testcase classname="ptolemy.util.test.junit.AutoTests" name="[363] /home/travis/build/icyphy/ptII/ptolemy/actor/lib/test/auto/TestExceptionAttribute2.xml (RunModel)" time="0.008" />
  <testcase classname="ptolemy.util.test.junit.AutoTests" name="[364] /home/travis/build/icyphy/ptII/ptolemy/actor/lib/test/auto/TestExceptionAttribute3.xml (RunModel)" time="0.006" />
  <testcase classname="ptolemy.util.test.junit.AutoTests" name="[365] /home/travis/build/icyphy/ptII/ptolemy/actor/lib/test/auto/TestExceptionAttribute4.xml (RunModel)" time="0.007" />
  <testcase classname="ptolemy.util.test.junit.AutoTests" name="[366] /home/travis/build/icyphy/ptII/ptolemy/actor/lib/test/auto/TestExceptionHandler1.xml (RunModel)" time="0.006" />
  <testcase classname="ptolemy.util.test.junit.AutoTests" name="[367] /home/travis/build/icyphy/ptII/ptolemy/actor/lib/test/auto/TestExceptionHandler2.xml (RunModel)" time="0.015" />
  <testcase classname="ptolemy.util.test.junit.AutoTests" name="[368] /home/travis/build/icyphy/ptII/ptolemy/actor/lib/test/auto/TestExceptionHandler3.xml (RunModel)" time="0.005" />
  <testcase classname="ptolemy.util.test.junit.AutoTests" name="[369] /home/travis/build/icyphy/ptII/ptolemy/actor/lib/test/auto/TestExceptionHandler4.xml (RunModel)" time="0.006" />
  <testcase classname="ptolemy.util.test.junit.AutoTests" name="[370] /home/travis/build/icyphy/ptII/ptolemy/actor/lib/test/auto/TestRequireCorrectOrder.xml (RunModel)" time="0.01" />
  <testcase classname="ptolemy.util.test.junit.AutoTests" name="[371] /home/travis/build/icyphy/ptII/ptolemy/actor/lib/test/auto/TestSimple.xml (RunModel)" time="0.01" />
  <testcase classname="ptolemy.util.test.junit.AutoTests" name="[372] /home/travis/build/icyphy/ptII/ptolemy/actor/lib/test/auto/ThrowModelError.xml (RunModel)" time="0.01" />
  <testcase classname="ptolemy.util.test.junit.AutoTests" name="[373] /home/travis/build/icyphy/ptII/ptolemy/actor/lib/test/auto/TimeDelayMicrosteps.xml (RunModel)" time="0.014" />
  <testcase classname="ptolemy.util.test.junit.AutoTests" name="[374] /home/travis/build/icyphy/ptII/ptolemy/actor/lib/test/auto/TimeDelayMicrosteps2.xml (RunModel)" time="0.014" />
  <testcase classname="ptolemy.util.test.junit.AutoTests" name="[375] /home/travis/build/icyphy/ptII/ptolemy/actor/lib/test/auto/TimeDelayMicrosteps3.xml (RunModel)" time="0.011" />
  <testcase classname="ptolemy.util.test.junit.AutoTests" name="[376] /home/travis/build/icyphy/ptII/ptolemy/actor/lib/test/auto/TimeDelayVariableMicrosteps.xml (RunModel)" time="0.011" />
  <testcase classname="ptolemy.util.test.junit.AutoTests" name="[377] /home/travis/build/icyphy/ptII/ptolemy/actor/lib/test/auto/TimeGap.xml (RunModel)" time="0.015" />
  <testcase classname="ptolemy.util.test.junit.AutoTests" name="[378] /home/travis/build/icyphy/ptII/ptolemy/actor/lib/test/auto/TimeGap2.xml (RunModel)" time="0.01" />
  <testcase classname="ptolemy.util.test.junit.AutoTests" name="[379] /home/travis/build/icyphy/ptII/ptolemy/actor/lib/test/auto/TimedSinewave.xml (RunModel)" time="0.057" />
  <testcase classname="ptolemy.util.test.junit.AutoTests" name="[380] /home/travis/build/icyphy/ptII/ptolemy/actor/lib/test/auto/TimedSinewavePhase.xml (RunModel)" time="0.023" />
  <testcase classname="ptolemy.util.test.junit.AutoTests" name="[381] /home/travis/build/icyphy/ptII/ptolemy/actor/lib/test/auto/Timer.xml (RunModel)" time="0.013" />
  <testcase classname="ptolemy.util.test.junit.AutoTests" name="[382] /home/travis/build/icyphy/ptII/ptolemy/actor/lib/test/auto/TriangularDistTestModel.xml (RunModel)" time="0.022" />
  <testcase classname="ptolemy.util.test.junit.AutoTests" name="[383] /home/travis/build/icyphy/ptII/ptolemy/actor/lib/test/auto/TrigFunction.xml (RunModel)" time="0.009" />
  <testcase classname="ptolemy.util.test.junit.AutoTests" name="[384] /home/travis/build/icyphy/ptII/ptolemy/actor/lib/test/auto/TrigFunctionDE.xml (RunModel)" time="0.01" />
  <testcase classname="ptolemy.util.test.junit.AutoTests" name="[385] /home/travis/build/icyphy/ptII/ptolemy/actor/lib/test/auto/TrigFunctionInverse.xml (RunModel)" time="0.009" />
  <testcase classname="ptolemy.util.test.junit.AutoTests" name="[386] /home/travis/build/icyphy/ptII/ptolemy/actor/lib/test/auto/TrigFunctionTan.xml (RunModel)" time="0.006" />
  <testcase classname="ptolemy.util.test.junit.AutoTests" name="[387] /home/travis/build/icyphy/ptII/ptolemy/actor/lib/test/auto/TriggeredClock.xml (RunModel)" time="0.008" />
  <testcase classname="ptolemy.util.test.junit.AutoTests" name="[388] /home/travis/build/icyphy/ptII/ptolemy/actor/lib/test/auto/URLDirectoryReader.xml (RunModel)" time="0.113" />
  <testcase classname="ptolemy.util.test.junit.AutoTests" name="[389] /home/travis/build/icyphy/ptII/ptolemy/actor/lib/test/auto/URLDirectoryReader3.xml (RunModel)" time="1.401" />
  <testcase classname="ptolemy.util.test.junit.AutoTests" name="[390] /home/travis/build/icyphy/ptII/ptolemy/actor/lib/test/auto/UnaryMathFunction.xml (RunModel)" time="0.023" />
  <testcase classname="ptolemy.util.test.junit.AutoTests" name="[391] /home/travis/build/icyphy/ptII/ptolemy/actor/lib/test/auto/Uniform.xml (RunModel)" time="0.015" />
  <testcase classname="ptolemy.util.test.junit.AutoTests" name="[392] /home/travis/build/icyphy/ptII/ptolemy/actor/lib/test/auto/UnionDisassemblerTest.xml (RunModel)" time="0.014" />
  <testcase classname="ptolemy.util.test.junit.AutoTests" name="[393] /home/travis/build/icyphy/ptII/ptolemy/actor/lib/test/auto/UtilityFunctions.xml (RunModel)" time="0.008" />
  <testcase classname="ptolemy.util.test.junit.AutoTests" name="[394] /home/travis/build/icyphy/ptII/ptolemy/actor/lib/test/auto/VariableSleep.xml (RunModel)" time="0.513" />
  <testcase classname="ptolemy.util.test.junit.AutoTests" name="[395] /home/travis/build/icyphy/ptII/ptolemy/actor/lib/test/auto/VectorAssemblerDisassemblerCT.xml (RunModel)" time="0.122" />
  <testcase classname="ptolemy.util.test.junit.AutoTests" name="[396] /home/travis/build/icyphy/ptII/ptolemy/actor/lib/test/auto/VectorAssemblerDisassemblerDE.xml (RunModel)" time="0.014" />
  <testcase classname="ptolemy.util.test.junit.AutoTests" name="[397] /home/travis/build/icyphy/ptII/ptolemy/actor/lib/test/auto/VectorAssemblerDisassemblerSDF.xml (RunModel)" time="0.012" />
  <testcase classname="ptolemy.util.test.junit.AutoTests" name="[398] /home/travis/build/icyphy/ptII/ptolemy/actor/lib/test/auto/WallClockTime.xml (RunModel)" time="1.013" />
  <testcase classname="ptolemy.util.test.junit.AutoTests" name="[399] /home/travis/build/icyphy/ptII/ptolemy/actor/lib/test/auto/WidthTestWithSubscriberPublisher.xml (RunModel)" time="0.044" />
  <testcase classname="ptolemy.util.test.junit.AutoTests" name="[400] /home/travis/build/icyphy/ptII/ptolemy/actor/lib/test/auto/WidthTestWithSubscriberPublisher2.xml (RunModel)" time="0.016" />
  <testcase classname="ptolemy.util.test.junit.AutoTests" name="[401] /home/travis/build/icyphy/ptII/ptolemy/actor/lib/test/auto/WidthTestWithSubscriberPublisher3.xml (RunModel)" time="0.013" />
  <testcase classname="ptolemy.util.test.junit.AutoTests" name="[402] /home/travis/build/icyphy/ptII/ptolemy/actor/lib/test/auto/Writer.xml (RunModel)" time="0.008" />
  <testcase classname="ptolemy.util.test.junit.AutoTests" name="[403] /home/travis/build/icyphy/ptII/ptolemy/actor/lib/test/auto/array.xml (RunModel)" time="0.008" />
  <testcase classname="ptolemy.util.test.junit.AutoTests" name="[404] /home/travis/build/icyphy/ptII/ptolemy/actor/lib/test/auto/array2.xml (RunModel)" time="0.013" />
  <testcase classname="ptolemy.util.test.junit.AutoTests" name="[405] /home/travis/build/icyphy/ptII/ptolemy/actor/lib/test/auto/arrayType.xml (RunModel)" time="0.011" />
  <testcase classname="ptolemy.util.test.junit.AutoTests" name="[406] /home/travis/build/icyphy/ptII/ptolemy/actor/lib/test/auto/arrayType10.xml (RunModel)" time="0.01" />
  <testcase classname="ptolemy.util.test.junit.AutoTests" name="[407] /home/travis/build/icyphy/ptII/ptolemy/actor/lib/test/auto/arrayType11.xml (RunModel)" time="0.017" />
  <testcase classname="ptolemy.util.test.junit.AutoTests" name="[408] /home/travis/build/icyphy/ptII/ptolemy/actor/lib/test/auto/arrayType12.xml (RunModel)" time="0.024" />
  <testcase classname="ptolemy.util.test.junit.AutoTests" name="[409] /home/travis/build/icyphy/ptII/ptolemy/actor/lib/test/auto/arrayType13.xml (RunModel)" time="0.014" />
  <testcase classname="ptolemy.util.test.junit.AutoTests" name="[410] /home/travis/build/icyphy/ptII/ptolemy/actor/lib/test/auto/arrayType14.xml (RunModel)" time="0.013" />
  <testcase classname="ptolemy.util.test.junit.AutoTests" name="[411] /home/travis/build/icyphy/ptII/ptolemy/actor/lib/test/auto/arrayType15.xml (RunModel)" time="0.019" />
  <testcase classname="ptolemy.util.test.junit.AutoTests" name="[412] /home/travis/build/icyphy/ptII/ptolemy/actor/lib/test/auto/arrayType16.xml (RunModel)" time="0.01" />
  <testcase classname="ptolemy.util.test.junit.AutoTests" name="[413] /home/travis/build/icyphy/ptII/ptolemy/actor/lib/test/auto/arrayType17.xml (RunModel)" time="0.009" />
  <testcase classname="ptolemy.util.test.junit.AutoTests" name="[414] /home/travis/build/icyphy/ptII/ptolemy/actor/lib/test/auto/arrayType18.xml (RunModel)" time="0.008" />
  <testcase classname="ptolemy.util.test.junit.AutoTests" name="[415] /home/travis/build/icyphy/ptII/ptolemy/actor/lib/test/auto/arrayType19.xml (RunModel)" time="0.008" />
  <testcase classname="ptolemy.util.test.junit.AutoTests" name="[416] /home/travis/build/icyphy/ptII/ptolemy/actor/lib/test/auto/arrayType2.xml (RunModel)" time="0.009" />
  <testcase classname="ptolemy.util.test.junit.AutoTests" name="[417] /home/travis/build/icyphy/ptII/ptolemy/actor/lib/test/auto/arrayType20.xml (RunModel)" time="0.008" />
  <testcase classname="ptolemy.util.test.junit.AutoTests" name="[418] /home/travis/build/icyphy/ptII/ptolemy/actor/lib/test/auto/arrayType21.xml (RunModel)" time="0.008" />
  <testcase classname="ptolemy.util.test.junit.AutoTests" name="[419] /home/travis/build/icyphy/ptII/ptolemy/actor/lib/test/auto/arrayType22.xml (RunModel)" time="0.008" />
  <testcase classname="ptolemy.util.test.junit.AutoTests" name="[420] /home/travis/build/icyphy/ptII/ptolemy/actor/lib/test/auto/arrayType23.xml (RunModel)" time="0.009" />
  <testcase classname="ptolemy.util.test.junit.AutoTests" name="[421] /home/travis/build/icyphy/ptII/ptolemy/actor/lib/test/auto/arrayType24.xml (RunModel)" time="0.014" />
  <testcase classname="ptolemy.util.test.junit.AutoTests" name="[422] /home/travis/build/icyphy/ptII/ptolemy/actor/lib/test/auto/arrayType25.xml (RunModel)" time="0.009" />
  <testcase classname="ptolemy.util.test.junit.AutoTests" name="[423] /home/travis/build/icyphy/ptII/ptolemy/actor/lib/test/auto/arrayType26.xml (RunModel)" time="0.009" />
  <testcase classname="ptolemy.util.test.junit.AutoTests" name="[424] /home/travis/build/icyphy/ptII/ptolemy/actor/lib/test/auto/arrayType27.xml (RunModel)" time="0.009" />
  <testcase classname="ptolemy.util.test.junit.AutoTests" name="[425] /home/travis/build/icyphy/ptII/ptolemy/actor/lib/test/auto/arrayType28.xml (RunModel)" time="0.011" />
  <testcase classname="ptolemy.util.test.junit.AutoTests" name="[426] /home/travis/build/icyphy/ptII/ptolemy/actor/lib/test/auto/arrayType3.xml (RunModel)" time="0.009" />
  <testcase classname="ptolemy.util.test.junit.AutoTests" name="[427] /home/travis/build/icyphy/ptII/ptolemy/actor/lib/test/auto/arrayType4.xml (RunModel)" time="0.009" />
  <testcase classname="ptolemy.util.test.junit.AutoTests" name="[428] /home/travis/build/icyphy/ptII/ptolemy/actor/lib/test/auto/arrayType5.xml (RunModel)" time="0.01" />
  <testcase classname="ptolemy.util.test.junit.AutoTests" name="[429] /home/travis/build/icyphy/ptII/ptolemy/actor/lib/test/auto/arrayType6.xml (RunModel)" time="0.009" />
  <testcase classname="ptolemy.util.test.junit.AutoTests" name="[430] /home/travis/build/icyphy/ptII/ptolemy/actor/lib/test/auto/arrayType7.xml (RunModel)" time="0.022" />
  <testcase classname="ptolemy.util.test.junit.AutoTests" name="[431] /home/travis/build/icyphy/ptII/ptolemy/actor/lib/test/auto/arrayType8.xml (RunModel)" time="0.014" />
  <testcase classname="ptolemy.util.test.junit.AutoTests" name="[432] /home/travis/build/icyphy/ptII/ptolemy/actor/lib/test/auto/arrayType9.xml (RunModel)" time="0.009" />
  <testcase classname="ptolemy.util.test.junit.AutoTests" name="[433] /home/travis/build/icyphy/ptII/ptolemy/actor/lib/test/auto/cast.xml (RunModel)" time="0.009" />
  <testcase classname="ptolemy.util.test.junit.AutoTests" name="[434] /home/travis/build/icyphy/ptII/ptolemy/actor/lib/test/auto/compositeMultiPort.xml (RunModel)" time="0.017" />
  <testcase classname="ptolemy.util.test.junit.AutoTests" name="[435] /home/travis/build/icyphy/ptII/ptolemy/actor/lib/test/auto/expressionCastInference.xml (RunModel)" time="0.008" />
  <testcase classname="ptolemy.util.test.junit.AutoTests" name="[436] /home/travis/build/icyphy/ptII/ptolemy/actor/lib/test/auto/expressionCastInference2.xml (RunModel)" time="0.007" />
  <testcase classname="ptolemy.util.test.junit.AutoTests" name="[437] /home/travis/build/icyphy/ptII/ptolemy/actor/lib/test/auto/expressionInference.xml (RunModel)" time="0.007" />
  <testcase classname="ptolemy.util.test.junit.AutoTests" name="[438] /home/travis/build/icyphy/ptII/ptolemy/actor/lib/test/auto/expression_bug.xml (RunModel)" time="0.007" />
  <testcase classname="ptolemy.util.test.junit.AutoTests" name="[439] /home/travis/build/icyphy/ptII/ptolemy/actor/lib/test/auto/factorial.xml (RunModel)" time="0.051" />
  <testcase classname="ptolemy.util.test.junit.AutoTests" name="[440] /home/travis/build/icyphy/ptII/ptolemy/actor/lib/test/auto/filterTest1.xml (RunModel)" time="0.013" />
  <testcase classname="ptolemy.util.test.junit.AutoTests" name="[441] /home/travis/build/icyphy/ptII/ptolemy/actor/lib/test/auto/funcApplyInConst.xml (RunModel)" time="0.006" />
  <testcase classname="ptolemy.util.test.junit.AutoTests" name="[442] /home/travis/build/icyphy/ptII/ptolemy/actor/lib/test/auto/funcApplyInExpr.xml (RunModel)" time="0.006" />
  <testcase classname="ptolemy.util.test.junit.AutoTests" name="[443] /home/travis/build/icyphy/ptII/ptolemy/actor/lib/test/auto/function.xml (RunModel)" time="0.009" />
  <testcase classname="ptolemy.util.test.junit.AutoTests" name="[444] /home/travis/build/icyphy/ptII/ptolemy/actor/lib/test/auto/function2.xml (RunModel)" time="0.009" />
  <testcase classname="ptolemy.util.test.junit.AutoTests" name="[445] /home/travis/build/icyphy/ptII/ptolemy/actor/lib/test/auto/function3.xml (RunModel)" time="0.007" />
  <testcase classname="ptolemy.util.test.junit.AutoTests" name="[446] /home/travis/build/icyphy/ptII/ptolemy/actor/lib/test/auto/functionClosureTest1.xml (RunModel)" time="0.011" />
  <testcase classname="ptolemy.util.test.junit.AutoTests" name="[447] /home/travis/build/icyphy/ptII/ptolemy/actor/lib/test/auto/functionClosureTest2.xml (RunModel)" time="0.007" />
  <testcase classname="ptolemy.util.test.junit.AutoTests" name="[448] /home/travis/build/icyphy/ptII/ptolemy/actor/lib/test/auto/functionClosureTest3.xml (RunModel)" time="0.01" />
  <testcase classname="ptolemy.util.test.junit.AutoTests" name="[449] /home/travis/build/icyphy/ptII/ptolemy/actor/lib/test/auto/functionClosureTest4.xml (RunModel)" time="0.015" />
  <testcase classname="ptolemy.util.test.junit.AutoTests" name="[450] /home/travis/build/icyphy/ptII/ptolemy/actor/lib/test/auto/functionClosureTest5.xml (RunModel)" time="0.012" />
  <testcase classname="ptolemy.util.test.junit.AutoTests" name="[451] /home/travis/build/icyphy/ptII/ptolemy/actor/lib/test/auto/functionClosureTest6.xml (RunModel)" time="0.008" />
  <testcase classname="ptolemy.util.test.junit.AutoTests" name="[452] /home/travis/build/icyphy/ptII/ptolemy/actor/lib/test/auto/functionsOnArcs.xml (RunModel)" time="0.01" />
  <testcase classname="ptolemy.util.test.junit.AutoTests" name="[453] /home/travis/build/icyphy/ptII/ptolemy/actor/lib/test/auto/functionsOnArcsHOF.xml (RunModel)" time="0.015" />
  <testcase classname="ptolemy.util.test.junit.AutoTests" name="[454] /home/travis/build/icyphy/ptII/ptolemy/actor/lib/test/auto/logic.xml (RunModel)" time="0.019" />
  <testcase classname="ptolemy.util.test.junit.AutoTests" name="[455] /home/travis/build/icyphy/ptII/ptolemy/actor/lib/test/auto/matrixType.xml (RunModel)" time="0.009" />
  <testcase classname="ptolemy.util.test.junit.AutoTests" name="[456] /home/travis/build/icyphy/ptII/ptolemy/actor/lib/test/auto/matrixType10.xml (RunModel)" time="0.009" />
  <testcase classname="ptolemy.util.test.junit.AutoTests" name="[457] /home/travis/build/icyphy/ptII/ptolemy/actor/lib/test/auto/matrixType11.xml (RunModel)" time="0.009" />
  <testcase classname="ptolemy.util.test.junit.AutoTests" name="[458] /home/travis/build/icyphy/ptII/ptolemy/actor/lib/test/auto/matrixType12.xml (RunModel)" time="0.01" />
  <testcase classname="ptolemy.util.test.junit.AutoTests" name="[459] /home/travis/build/icyphy/ptII/ptolemy/actor/lib/test/auto/matrixType13.xml (RunModel)" time="0.01" />
  <testcase classname="ptolemy.util.test.junit.AutoTests" name="[460] /home/travis/build/icyphy/ptII/ptolemy/actor/lib/test/auto/matrixType14.xml (RunModel)" time="0.011" />
  <testcase classname="ptolemy.util.test.junit.AutoTests" name="[461] /home/travis/build/icyphy/ptII/ptolemy/actor/lib/test/auto/matrixType2.xml (RunModel)" time="0.01" />
  <testcase classname="ptolemy.util.test.junit.AutoTests" name="[462] /home/travis/build/icyphy/ptII/ptolemy/actor/lib/test/auto/matrixType3.xml (RunModel)" time="0.011" />
  <testcase classname="ptolemy.util.test.junit.AutoTests" name="[463] /home/travis/build/icyphy/ptII/ptolemy/actor/lib/test/auto/matrixType4.xml (RunModel)" time="0.009" />
  <testcase classname="ptolemy.util.test.junit.AutoTests" name="[464] /home/travis/build/icyphy/ptII/ptolemy/actor/lib/test/auto/matrixType5.xml (RunModel)" time="0.009" />
  <testcase classname="ptolemy.util.test.junit.AutoTests" name="[465] /home/travis/build/icyphy/ptII/ptolemy/actor/lib/test/auto/matrixType6.xml (RunModel)" time="0.125" />
  <testcase classname="ptolemy.util.test.junit.AutoTests" name="[466] /home/travis/build/icyphy/ptII/ptolemy/actor/lib/test/auto/matrixType7.xml (RunModel)" time="0.012" />
  <testcase classname="ptolemy.util.test.junit.AutoTests" name="[467] /home/travis/build/icyphy/ptII/ptolemy/actor/lib/test/auto/matrixType8.xml (RunModel)" time="0.009" />
  <testcase classname="ptolemy.util.test.junit.AutoTests" name="[468] /home/travis/build/icyphy/ptII/ptolemy/actor/lib/test/auto/matrixType9.xml (RunModel)" time="0.008" />
  <testcase classname="ptolemy.util.test.junit.AutoTests" name="[469] /home/travis/build/icyphy/ptII/ptolemy/actor/lib/test/auto/paraFunctest.xml (RunModel)" time="0.007" />
  <testcase classname="ptolemy.util.test.junit.AutoTests" name="[470] /home/travis/build/icyphy/ptII/ptolemy/actor/lib/test/auto/paraFunctest2.xml (RunModel)" time="0.006" />
  <testcase classname="ptolemy.util.test.junit.AutoTests" name="[471] /home/travis/build/icyphy/ptII/ptolemy/actor/lib/test/auto/parameterPassing.xml (RunModel)" time="0.007" />
  <testcase classname="ptolemy.util.test.junit.AutoTests" name="[472] /home/travis/build/icyphy/ptII/ptolemy/actor/lib/test/auto/record.xml (RunModel)" time="0.008" />
  <testcase classname="ptolemy.util.test.junit.AutoTests" name="[473] /home/travis/build/icyphy/ptII/ptolemy/actor/lib/test/auto/sizedarray1.xml (RunModel)" time="0.009" />
  <testcase classname="ptolemy.util.test.junit.AutoTests" name="[474] /home/travis/build/icyphy/ptII/ptolemy/actor/lib/test/auto/sizedarray2.xml (RunModel)" time="0.01" />
  <testcase classname="ptolemy.util.test.junit.AutoTests" name="[475] /home/travis/build/icyphy/ptII/ptolemy/actor/lib/test/auto/twoPublishers.xml (RunModel)" time="0.019" />
  <system-out><![CDATA[/home/travis/build/icyphy/ptII/ptolemy/actor/lib/test/AbsoluteValue.tcl
testDefs.tcl: setting time out to 9000 seconds at Wed Jul 10 15:31:34 UTC 2019
116 ms. Memory: 120832K Free: 97985K (81%)
5 ms. Memory: 120832K Free: 96274K (80%)
5 ms. Memory: 120832K Free: 95294K (79%)
33 ms. Memory: 120832K Free: 107067K (89%)
/home/travis/build/icyphy/ptII/ptolemy/actor/lib/test/AddSubtract.tcl
18 ms. Memory: 120832K Free: 105067K (87%)
8 ms. Memory: 120832K Free: 104507K (86%)
15 ms. Memory: 120832K Free: 103886K (86%)
18 ms. Memory: 120832K Free: 103065K (85%)
73 ms. Memory: 120832K Free: 99790K (83%)
14 ms. Memory: 120832K Free: 98963K (82%)
/home/travis/build/icyphy/ptII/ptolemy/actor/lib/test/Average.tcl
7 ms. Memory: 120832K Free: 97325K (81%)
7 ms. Memory: 120832K Free: 95899K (79%)
/home/travis/build/icyphy/ptII/ptolemy/actor/lib/test/Bernoulli.tcl
5 ms. Memory: 120832K Free: 94670K (78%)
2 ms. Memory: 120832K Free: 94253K (78%)
/home/travis/build/icyphy/ptII/ptolemy/actor/lib/test/Clock.tcl
preinitializing
resolving types
initializing
executing number 1
wrapping up
idle
40 ms. Memory: 120832K Free: 91195K (75%)
Completed execution with 5 iterations
preinitializing
resolving types
initializing
executing number 1
wrapping up
idle
9 ms. Memory: 120832K Free: 90753K (75%)
Completed execution with 5 iterations
preinitializing
resolving types
initializing
executing number 1
wrapping up
idle
4 ms. Memory: 120832K Free: 90149K (75%)
Completed execution with 5 iterations
/home/travis/build/icyphy/ptII/ptolemy/actor/lib/test/Commutator.tcl
13 ms. Memory: 120832K Free: 88109K (73%)
30 ms. Memory: 197632K Free: 183558K (93%)
17 ms. Memory: 197632K Free: 177928K (90%)
/home/travis/build/icyphy/ptII/ptolemy/actor/lib/test/Const.tcl
8 ms. Memory: 197632K Free: 175880K (89%)
14 ms. Memory: 197632K Free: 175360K (89%)
4 ms. Memory: 197632K Free: 174856K (88%)
3 ms. Memory: 197632K Free: 174312K (88%)
2 ms. Memory: 197632K Free: 173832K (88%)
26 ms. Memory: 197632K Free: 172294K (87%)
5 ms. Memory: 197632K Free: 171256K (87%)
4 ms. Memory: 197632K Free: 170232K (86%)
/home/travis/build/icyphy/ptII/ptolemy/actor/lib/test/CurrentTime.tcl
preinitializing
resolving types
initializing
executing number 1
wrapping up
idle
21 ms. Memory: 197632K Free: 168184K (85%)
Completed execution with 11 iterations
/home/travis/build/icyphy/ptII/ptolemy/actor/lib/test/DB.tcl
4 ms. Memory: 197632K Free: 166664K (84%)
2 ms. Memory: 197632K Free: 166120K (84%)
2 ms. Memory: 197632K Free: 165640K (84%)
/home/travis/build/icyphy/ptII/ptolemy/actor/lib/test/DiscreteRandomSource.tcl
preinitializing
resolving types
initializing
executing number 1
wrapping up
idle
5 ms. Memory: 197632K Free: 164102K (83%)
Completed execution with 4 iterations
preinitializing
resolving types
initializing
executing number 1
wrapping up
idle
2 ms. Memory: 197632K Free: 164102K (83%)
Completed execution with 4 iterations
preinitializing
resolving types
initializing
executing number 1
wrapping up
idle
2 ms. Memory: 197632K Free: 163592K (83%)
Completed execution with 4 iterations
preinitializing
resolving types
initializing
executing number 1
wrapping up
idle
4 ms. Memory: 197632K Free: 163064K (83%)
Completed execution with 4 iterations
preinitializing
resolving types
initializing
executing number 1
wrapping up
idle
4 ms. Memory: 197632K Free: 162568K (82%)
Completed execution with 4 iterations
/home/travis/build/icyphy/ptII/ptolemy/actor/lib/test/Distributor.tcl
5 ms. Memory: 197632K Free: 161000K (81%)
4 ms. Memory: 197632K Free: 160000K (81%)
StreamChangeRequest.changeExecuted(): <deleteEntity name="rec2"/> succeeded
StreamChangeRequest.changeExecuted(): <deleteRelation name="r2"/> succeeded
StreamChangeRequest.changeExecuted(): Record firings per iteration succeeded
5 ms. Memory: 197632K Free: 157928K (80%)
/home/travis/build/icyphy/ptII/ptolemy/actor/lib/test/Exit.tcl
Exit.tcl: this will print a message about Manager.exitAfterWrapup, which can be ignored.
10 ms. Memory: 197632K Free: 154722K (78%)
/home/travis/build/icyphy/ptII/ptolemy/actor/lib/test/Expression.tcl
20 ms. Memory: 197632K Free: 150790K (76%)
11 ms. Memory: 197632K Free: 150280K (76%)
24 ms. Memory: 197632K Free: 181705K (92%)
preinitializing
resolving types
initializing
executing number 1
wrapping up
idle
5 ms. Memory: 197632K Free: 180683K (91%)
Completed execution with 6 iterations
3 ms. Memory: 197632K Free: 179659K (91%)
2 ms. Memory: 197632K Free: 178635K (90%)
10 ms. Memory: 197632K Free: 177611K (90%)
8 ms. Memory: 197632K Free: 176587K (89%)
4 ms. Memory: 197632K Free: 175019K (89%)
/home/travis/build/icyphy/ptII/ptolemy/actor/lib/test/Gaussian.tcl
4 ms. Memory: 197632K Free: 173515K (88%)
sleeping 1 seconds: ..................................................................................................................................................................................................................................................................................................................................................................................................................................................................................................................................................................2 ms. Memory: 197632K Free: 170443K (86%)
2 ms. Memory: 197632K Free: 169915K (86%)
2 ms. Memory: 197632K Free: 169419K (86%)
10 ms. Memory: 197632K Free: 168395K (85%)
2 ms. Memory: 197632K Free: 167867K (85%)
/home/travis/build/icyphy/ptII/ptolemy/actor/lib/test/IIR.tcl
/home/travis/build/icyphy/ptII/ptolemy/actor/lib/test/Interpolator.tcl
6 ms. Memory: 197632K Free: 164299K (83%)
5 ms. Memory: 197632K Free: 163275K (83%)
4 ms. Memory: 197632K Free: 162761K (82%)
2 ms. Memory: 197632K Free: 162251K (82%)
8 ms. Memory: 197632K Free: 161723K (82%)
11 ms. Memory: 197632K Free: 160713K (81%)
11 ms. Memory: 197632K Free: 159675K (81%)
2 ms. Memory: 197632K Free: 158651K (80%)
9 ms. Memory: 197632K Free: 158155K (80%)
3 ms. Memory: 197632K Free: 157131K (80%)
/home/travis/build/icyphy/ptII/ptolemy/actor/lib/test/MathFunction.tcl
5 ms. Memory: 197632K Free: 155083K (78%)
3 ms. Memory: 197632K Free: 154059K (78%)
2 ms. Memory: 197632K Free: 153035K (77%)
2 ms. Memory: 197632K Free: 152011K (77%)
3 ms. Memory: 197632K Free: 150987K (76%)
6 ms. Memory: 197632K Free: 148939K (75%)
/home/travis/build/icyphy/ptII/ptolemy/actor/lib/test/Maximum.tcl
5 ms. Memory: 197632K Free: 146891K (74%)
3 ms. Memory: 197632K Free: 146363K (74%)
3 ms. Memory: 197632K Free: 145867K (74%)
4 ms. Memory: 197632K Free: 145353K (74%)
/home/travis/build/icyphy/ptII/ptolemy/actor/lib/test/Minimum.tcl
5 ms. Memory: 197632K Free: 143305K (73%)
3 ms. Memory: 197632K Free: 142795K (72%)
3 ms. Memory: 197632K Free: 142281K (72%)
10 ms. Memory: 197632K Free: 141257K (71%)
/home/travis/build/icyphy/ptII/ptolemy/actor/lib/test/MultiplyDivide.tcl
14 ms. Memory: 197632K Free: 139723K (71%)
10 ms. Memory: 197632K Free: 138699K (70%)
3 ms. Memory: 197632K Free: 138171K (70%)
9 ms. Memory: 197632K Free: 137147K (69%)
6 ms. Memory: 197632K Free: 136651K (69%)
/home/travis/build/icyphy/ptII/ptolemy/actor/lib/test/OrderedMerge.tcl
Connections changed on port: inputA
Connections changed on port: inputB
Connections changed on port: output
Connections changed on port: output
Connections changed on port: output
Connections changed on port: input
.top. Preinitializing ...
Invoking preinitialize():  .top.OrderedMerge
Called preinitialize()
Invoking preinitialize():  .top.Ramp
Called preinitialize()
Invoking preinitialize():  .top.Ramp2
Called preinitialize()
Invoking preinitialize():  .top.Test
Called preinitialize()
Connections changed on port: inputA
Connections changed on port: output
Connections changed on port: inputB
Connections changed on port: output
Connections changed on port: output
Connections changed on port: input
.top. Finished preinitialize().
Called initialize().
Invoking initialize():  .top.OrderedMerge
Initializing actor: .top.OrderedMerge
Adding a thread: .top.OrderedMerge
Invoking initialize():  .top.Ramp
Initializing actor: .top.Ramp
Adding a thread: .top.Ramp
Invoking initialize():  .top.Ramp2
Initializing actor: .top.Ramp2
Adding a thread: .top.Ramp2
Invoking initialize():  .top.Test
Initializing actor: .top.Test
Adding a thread: .top.Test
Called fire().
Checking for deadlock:
-- Starting thread.
Called initialize()
Called prefire()
Called fire()
-- Starting thread.
Called initialize()
-- Starting thread.
Called initialize()
There are 0 Blocked actors, 0 Stopped actors, and 4 active threads.
Waiting for actors to stop.
Called prefire()
Called prefire()
Called fire()
Called fire()
-- Starting thread.
Called postfire()
Called prefire()
Called fire()
Called postfire()
Checking for deadlock:
Called prefire()
Called fire()
There are 1 Blocked actors, 0 Stopped actors, and 4 active threads.
Called initialize()
Waiting for actors to stop.
Checking for deadlock:
There are 3 Blocked actors, 0 Stopped actors, and 4 active threads.
Waiting for actors to stop.
Called prefire()
Called fire()
Called postfire()
Called prefire()
Called fire()
Checking for deadlock:
There are 3 Blocked actors, 0 Stopped actors, and 4 active threads.
Waiting for actors to stop.
Read input token from inputA with value 0.0
Next port to read input from is inputB
Called postfire()
Called prefire()
Called fire()
Checking for deadlock:
There are 2 Blocked actors, 0 Stopped actors, and 4 active threads.
Read input token from inputB with value 0.0
Waiting for actors to stop.
Called postfire()
Called prefire()
Called fire()
Checking for deadlock:
There are 3 Blocked actors, 0 Stopped actors, and 4 active threads.
Waiting for actors to stop.
Checking for deadlock:
There are 2 Blocked actors, 0 Stopped actors, and 4 active threads.
Waiting for actors to stop.
-- Read input: 0.0, which is expected to match: 0.0
Called prefire()
Called fire()
Checking for deadlock:
There are 3 Blocked actors, 0 Stopped actors, and 4 active threads.
Waiting for actors to stop.
Sent output token with value 0.0
Next port to read input from is inputA
Called postfire()
Called prefire()
Called fire()
Called postfire()
Called prefire()
Called fire()
Checking for deadlock:
There are 3 Blocked actors, 0 Stopped actors, and 4 active threads.
Waiting for actors to stop.
Read input token from inputA with value 1.0
-- Read input: 0.0, which is expected to match: 0.0
Called prefire()
Called fire()
Checking for deadlock:
There are 3 Blocked actors, 0 Stopped actors, and 4 active threads.
Waiting for actors to stop.
Sent output token with value 0.0
Next port to read input from is inputB
Called postfire()
Called prefire()
Called fire()
Checking for deadlock:
There are 2 Blocked actors, 0 Stopped actors, and 4 active threads.
Waiting for actors to stop.
Called postfire()
Called prefire()
Called fire()
Checking for deadlock:
There are 3 Blocked actors, 0 Stopped actors, and 4 active threads.
Waiting for actors to stop.
Read input token from inputB with value 1.5
Checking for deadlock:
There are 2 Blocked actors, 0 Stopped actors, and 4 active threads.
Waiting for actors to stop.
Sent output token with value 1.0
-- Read input: 1.0, which is expected to match: 1.0
Called prefire()
Called fire()
Checking for deadlock:
There are 3 Blocked actors, 0 Stopped actors, and 4 active threads.
Waiting for actors to stop.
Next port to read input from is inputA
Called postfire()
Called prefire()
Called fire()
Checking for deadlock:
There are 2 Blocked actors, 0 Stopped actors, and 4 active threads.
Waiting for actors to stop.
Called postfire()
Called prefire()
Called fire()
Checking for deadlock:
Read input token from inputA with value 2.0
There are 3 Blocked actors, 0 Stopped actors, and 4 active threads.
Waiting for actors to stop.
Checking for deadlock:
There are 2 Blocked actors, 0 Stopped actors, and 4 active threads.
Waiting for actors to stop.
-- Read input: 1.5, which is expected to match: 1.5
Called prefire()
Called fire()
Checking for deadlock:
There are 3 Blocked actors, 0 Stopped actors, and 4 active threads.
Waiting for actors to stop.
Sent output token with value 1.5
Next port to read input from is inputB
Called postfire()
Called prefire()
Called fire()
Called postfire()
Called prefire()
Called fire()
Checking for deadlock:
There are 3 Blocked actors, 0 Stopped actors, and 4 active threads.
Waiting for actors to stop.
Read input token from inputB with value 3.0
-- Read input: 2.0, which is expected to match: 2.0
Called prefire()
Called fire()
Checking for deadlock:
There are 3 Blocked actors, 0 Stopped actors, and 4 active threads.
Sent output token with value 2.0
Waiting for actors to stop.
Next port to read input from is inputA
Called postfire()
Called prefire()
Called fire()
Checking for deadlock:
There are 2 Blocked actors, 0 Stopped actors, and 4 active threads.
Waiting for actors to stop.
Called postfire()
Called prefire()
Called fire()
Checking for deadlock:
There are 3 Blocked actors, 0 Stopped actors, and 4 active threads.
Waiting for actors to stop.
Read input token from inputA with value 3.0
Checking for deadlock:
There are 2 Blocked actors, 0 Stopped actors, and 4 active threads.
Waiting for actors to stop.
-- Read input: 3.0, which is expected to match: 3.0
Called prefire()
Called fire()
Checking for deadlock:
There are 3 Blocked actors, 0 Stopped actors, and 4 active threads.
Waiting for actors to stop.
Sent output token with value 3.0
Next port to read input from is inputB
Called postfire()
Called prefire()
Called fire()
Checking for deadlock:
There are 2 Blocked actors, 0 Stopped actors, and 4 active threads.
Waiting for actors to stop.
Called postfire()
Called prefire()
Called fire()
Checking for deadlock:
There are 3 Blocked actors, 0 Stopped actors, and 4 active threads.
Waiting for actors to stop.
Read input token from inputB with value 4.5
Checking for deadlock:
There are 2 Blocked actors, 0 Stopped actors, and 4 active threads.
Waiting for actors to stop.
Sent output token with value 3.0
-- Read input: 3.0, which is expected to match: 3.0
Called prefire()
Called fire()
Checking for deadlock:
There are 3 Blocked actors, 0 Stopped actors, and 4 active threads.
Waiting for actors to stop.
Next port to read input from is inputA
Called postfire()
Called prefire()
Called fire()
Checking for deadlock:
There are 2 Blocked actors, 0 Stopped actors, and 4 active threads.
Waiting for actors to stop.
Called postfire()
Called prefire()
Called fire()
Checking for deadlock:
There are 3 Blocked actors, 0 Stopped actors, and 4 active threads.
Read input token from inputA with value 4.0
Waiting for actors to stop.
Checking for deadlock:
There are 2 Blocked actors, 0 Stopped actors, and 4 active threads.
Waiting for actors to stop.
-- Read input: 4.0, which is expected to match: 4.0
Called prefire()
Called fire()
Past the end of training data. Read and discard all inputs.
Checking for deadlock:
There are 3 Blocked actors, 0 Stopped actors, and 4 active threads.
Waiting for actors to stop.
Sent output token with value 4.0
Next port to read input from is inputA
Called postfire()
Called prefire()
Called fire()
Checking for deadlock:
There are 2 Blocked actors, 0 Stopped actors, and 4 active threads.
Waiting for actors to stop.
Called postfire()
Called prefire()
Called fire()
Checking for deadlock:
There are 3 Blocked actors, 0 Stopped actors, and 4 active threads.
Waiting for actors to stop.
Read input token from inputA with value 5.0
Checking for deadlock:
There are 2 Blocked actors, 0 Stopped actors, and 4 active threads.
Waiting for actors to stop.
Called prefire()
Called fire()
Past the end of training data. Read and discard all inputs.
Checking for deadlock:
Sent output token with value 4.5
There are 3 Blocked actors, 0 Stopped actors, and 4 active threads.
Waiting for actors to stop.
Next port to read input from is inputB
Called postfire()
Called prefire()
Called fire()
Checking for deadlock:
There are 2 Blocked actors, 0 Stopped actors, and 4 active threads.
Waiting for actors to stop.
Called postfire()
Called prefire()
Called fire()
Checking for deadlock:
Read input token from inputB with value 6.0
There are 3 Blocked actors, 0 Stopped actors, and 4 active threads.
Waiting for actors to stop.
Checking for deadlock:
There are 2 Blocked actors, 0 Stopped actors, and 4 active threads.
Called prefire()
Waiting for actors to stop.
Called fire()
Past the end of training data. Read and discard all inputs.
Checking for deadlock:
There are 3 Blocked actors, 0 Stopped actors, and 4 active threads.
Waiting for actors to stop.
Sent output token with value 5.0
Next port to read input from is inputA
Called postfire()
Called prefire()
Called fire()
Checking for deadlock:
There are 2 Blocked actors, 0 Stopped actors, and 4 active threads.
Waiting for actors to stop.
Read input token from inputA with value 6.0
Called postfire()
Called prefire()
Called fire()
Checking for deadlock:
There are 3 Blocked actors, 0 Stopped actors, and 4 active threads.
Waiting for actors to stop.
Checking for deadlock:
Sent output token with value 6.0
There are 2 Blocked actors, 0 Stopped actors, and 4 active threads.
Waiting for actors to stop.
Called prefire()
Called fire()
Past the end of training data. Read and discard all inputs.
Checking for deadlock:
There are 3 Blocked actors, 0 Stopped actors, and 4 active threads.
Waiting for actors to stop.
Next port to read input from is inputB
Called postfire()
Called prefire()
Called fire()
Checking for deadlock:
There are 2 Blocked actors, 0 Stopped actors, and 4 active threads.
Waiting for actors to stop.
Called postfire()
Called prefire()
Called fire()
Checking for deadlock:
There are 3 Blocked actors, 0 Stopped actors, and 4 active threads.
Read input token from inputB with value 7.5
Waiting for actors to stop.
Checking for deadlock:
There are 2 Blocked actors, 0 Stopped actors, and 4 active threads.
Sent output token with value 6.0
Waiting for actors to stop.
Called prefire()
Called fire()
Past the end of training data. Read and discard all inputs.
Checking for deadlock:
There are 3 Blocked actors, 0 Stopped actors, and 4 active threads.
Waiting for actors to stop.
Next port to read input from is inputA
Called postfire()
Called prefire()
Called fire()
Checking for deadlock:
There are 2 Blocked actors, 0 Stopped actors, and 4 active threads.
Waiting for actors to stop.
Read input token from inputA with value 7.0
Called postfire()
Called prefire()
Called fire()
Checking for deadlock:
There are 3 Blocked actors, 0 Stopped actors, and 4 active threads.
Waiting for actors to stop.
Checking for deadlock:
Sent output token with value 7.0
There are 2 Blocked actors, 0 Stopped actors, and 4 active threads.
Waiting for actors to stop.
Called prefire()
Called fire()
Past the end of training data. Read and discard all inputs.
Checking for deadlock:
There are 3 Blocked actors, 0 Stopped actors, and 4 active threads.
Waiting for actors to stop.
Next port to read input from is inputA
Called postfire()
Called prefire()
Called fire()
-- Thread wrapup() called.
Called wrapup()
Thread .top.Ramp is exiting.
-- Thread stopped.
Checking for deadlock:
There are 2 Blocked actors, 0 Stopped actors, and 3 active threads.
Waiting for actors to stop.
Read input token from inputA with value 8.0
Checking for deadlock:
There are 1 Blocked actors, 0 Stopped actors, and 3 active threads.
Waiting for actors to stop.
Sent output token with value 7.5
Called prefire()
Called fire()
Past the end of training data. Read and discard all inputs.
Checking for deadlock:
There are 2 Blocked actors, 0 Stopped actors, and 3 active threads.
Waiting for actors to stop.
Next port to read input from is inputB
Called postfire()
Called prefire()
Called fire()
Checking for deadlock:
There are 1 Blocked actors, 0 Stopped actors, and 3 active threads.
Waiting for actors to stop.
Called postfire()
Called prefire()
Called fire()
Checking for deadlock:
Read input token from inputB with value 9.0
There are 2 Blocked actors, 0 Stopped actors, and 3 active threads.
Waiting for actors to stop.
Checking for deadlock:
There are 1 Blocked actors, 0 Stopped actors, and 3 active threads.
Waiting for actors to stop.
Called prefire()
Called fire()
Past the end of training data. Read and discard all inputs.
Checking for deadlock:
Sent output token with value 8.0
There are 2 Blocked actors, 0 Stopped actors, and 3 active threads.
Waiting for actors to stop.
Next port to read input from is inputA
Called postfire()
Called prefire()
Called fire()
Read input token from inputA with value 9.0
Checking for deadlock:
Called prefire()
Called fire()
There are 1 Blocked actors, 0 Stopped actors, and 3 active threads.
Past the end of training data. Read and discard all inputs.
Waiting for actors to stop.
Checking for deadlock:
There are 2 Blocked actors, 0 Stopped actors, and 3 active threads.
Waiting for actors to stop.
Sent output token with value 9.0
Next port to read input from is inputB
Called postfire()
Called prefire()
Called fire()
Checking for deadlock:
There are 1 Blocked actors, 0 Stopped actors, and 3 active threads.
Waiting for actors to stop.
Called postfire()
Called prefire()
Called fire()
Checking for deadlock:
Read input token from inputB with value 10.5
There are 2 Blocked actors, 0 Stopped actors, and 3 active threads.
Waiting for actors to stop.
Checking for deadlock:
There are 1 Blocked actors, 0 Stopped actors, and 3 active threads.
Waiting for actors to stop.
Sent output token with value 9.0
Called prefire()
Called fire()
Past the end of training data. Read and discard all inputs.
Checking for deadlock:
There are 2 Blocked actors, 0 Stopped actors, and 3 active threads.
Waiting for actors to stop.
Next port to read input from is inputA
Called postfire()
Called prefire()
Called fire()
Checking for deadlock:
There are 3 Blocked actors, 0 Stopped actors, and 3 active threads.
Actors have stopped.
Checking for deadlock:
There are 3 Blocked actors, 0 Stopped actors, and 3 active threads.
Deadlock detected.
Resolving Deadlock
Checking for deadlock:
There are 3 Blocked actors, 0 Stopped actors, and 3 active threads.
Artificial Deadlock - increasing queue capacity.
increasing the capacity of receiver ptolemy.actor.TypedIOPort {.top.OrderedMerge.inputB} to 2
-- Thread wrapup() called.
Director: Called postfire().
Called wrapup()
Thread .top.Ramp2 is exiting.
-- Thread stopped.
Called postfire().
_stopRequested = false
_stopFireRequested = false
Returning from postfire(): true
Called fire().
Checking for deadlock:
There are 2 Blocked actors, 0 Stopped actors, and 2 active threads.
Actors have stopped.
Checking for deadlock:
There are 2 Blocked actors, 0 Stopped actors, and 2 active threads.
Deadlock detected.
Resolving Deadlock
Checking for deadlock:
There are 2 Blocked actors, 0 Stopped actors, and 2 active threads.
Deadlock detected: no processes blocked on write, but some are blocked on read.
Called postfire().
_stopRequested = false
_stopFireRequested = false
Returning from postfire(): false
Finished deactivating branches.
Called wrapup().
-- Thread wrapup() called.
Called wrapup()
Thread .top.Test is exiting.
-- Thread stopped.
-- Blocked Receiver call threw TerminateProcessException.
-- Thread wrapup() called.
Called wrapup()
Thread .top.OrderedMerge is exiting.
-- Thread stopped.
-- Blocked Receiver call threw TerminateProcessException.
74 ms. Memory: 197632K Free: 131531K (67%)
.top. Preinitializing ...
Invoking preinitialize():  .top.OrderedMerge
Called preinitialize()
Invoking preinitialize():  .top.Ramp
Called preinitialize()
Invoking preinitialize():  .top.Ramp2
Called preinitialize()
Invoking preinitialize():  .top.Test
Called preinitialize()
.top. Finished preinitialize().
Called initialize().
Invoking initialize():  .top.OrderedMerge
Initializing actor: .top.OrderedMerge
Adding a thread: .top.OrderedMerge
Invoking initialize():  .top.Ramp
Initializing actor: .top.Ramp
Adding a thread: .top.Ramp
Invoking initialize():  .top.Ramp2
Initializing actor: .top.Ramp2
Adding a thread: .top.Ramp2
Invoking initialize():  .top.Test
Initializing actor: .top.Test
Adding a thread: .top.Test
-- Starting thread.
Called initialize()
Called prefire()
Called fire()
-- Starting thread.
Called initialize()
Called prefire()
Called fire()
Called postfire()
Called prefire()
Called fire()
-- Starting thread.
Called initialize()
Called prefire()
Called fire()
Called postfire()
Called prefire()
Called fire()
Called fire().
Checking for deadlock:
There are 3 Blocked actors, 0 Stopped actors, and 4 active threads.
Waiting for actors to stop.
-- Starting thread.
Called initialize()
Called prefire()
Called fire()
Checking for deadlock:
There are 2 Blocked actors, 0 Stopped actors, and 4 active threads.
Waiting for actors to stop.
Called postfire()
Called prefire()
Called fire()
Checking for deadlock:
There are 3 Blocked actors, 0 Stopped actors, and 4 active threads.
Waiting for actors to stop.
Read input token from inputA with value 0.0
Next port to read input from is inputB
Called postfire()
Called prefire()
Called fire()
Called postfire()
Called prefire()
Called fire()
Checking for deadlock:
There are 3 Blocked actors, 0 Stopped actors, and 4 active threads.
Waiting for actors to stop.
Read input token from inputB with value 0.0
-- Read input: 0.0, which is expected to match: 0.0
Called prefire()
Called fire()
Checking for deadlock:
There are 3 Blocked actors, 0 Stopped actors, and 4 active threads.
Waiting for actors to stop.
Sent output token with value 0.0
Next port to read input from is inputA
Called postfire()
Called prefire()
Called fire()
Checking for deadlock:
There are 2 Blocked actors, 0 Stopped actors, and 4 active threads.
Waiting for actors to stop.
Called postfire()
Called prefire()
Called fire()
Checking for deadlock:
There are 3 Blocked actors, 0 Stopped actors, and 4 active threads.
Waiting for actors to stop.
Read input token from inputA with value 1.0
Checking for deadlock:
There are 2 Blocked actors, 0 Stopped actors, and 4 active threads.
Waiting for actors to stop.
-- Read input: 0.0, which is expected to match: 0.0
Called prefire()
Called fire()
Checking for deadlock:
There are 3 Blocked actors, 0 Stopped actors, and 4 active threads.
Waiting for actors to stop.
Sent output token with value 0.0
Next port to read input from is inputB
Called postfire()
Called prefire()
Called fire()
Checking for deadlock:
There are 2 Blocked actors, 0 Stopped actors, and 4 active threads.
Waiting for actors to stop.
Called postfire()
Called prefire()
Called fire()
Checking for deadlock:
There are 3 Blocked actors, 0 Stopped actors, and 4 active threads.
Waiting for actors to stop.
Read input token from inputB with value 1.5
Checking for deadlock:
There are 2 Blocked actors, 0 Stopped actors, and 4 active threads.
Waiting for actors to stop.
-- Read input: 1.0, which is expected to match: 1.0
Called prefire()
Called fire()
Checking for deadlock:
There are 3 Blocked actors, 0 Stopped actors, and 4 active threads.
Waiting for actors to stop.
Sent output token with value 1.0
Next port to read input from is inputA
Called postfire()
Called prefire()
Called fire()
Checking for deadlock:
There are 2 Blocked actors, 0 Stopped actors, and 4 active threads.
Waiting for actors to stop.
Called postfire()
Called prefire()
Called fire()
Checking for deadlock:
There are 3 Blocked actors, 0 Stopped actors, and 4 active threads.
Waiting for actors to stop.
Read input token from inputA with value 2.0
Checking for deadlock:
There are 2 Blocked actors, 0 Stopped actors, and 4 active threads.
Waiting for actors to stop.
-- Read input: 1.5, which is expected to match: 1.5
Called prefire()
Called fire()
Checking for deadlock:
There are 3 Blocked actors, 0 Stopped actors, and 4 active threads.
Waiting for actors to stop.
Sent output token with value 1.5
Next port to read input from is inputB
Called postfire()
Called prefire()
Called fire()
Called postfire()
Called prefire()
Called fire()
Checking for deadlock:
There are 3 Blocked actors, 0 Stopped actors, and 4 active threads.
Waiting for actors to stop.
Read input token from inputB with value 3.0
-- Read input: 2.0, which is expected to match: 2.0
Called prefire()
Called fire()
Checking for deadlock:
There are 3 Blocked actors, 0 Stopped actors, and 4 active threads.
Waiting for actors to stop.
Sent output token with value 2.0
Next port to read input from is inputA
Called postfire()
Called prefire()
Called fire()
Checking for deadlock:
There are 2 Blocked actors, 0 Stopped actors, and 4 active threads.
Waiting for actors to stop.
Called postfire()
Called prefire()
Called fire()
Checking for deadlock:
There are 3 Blocked actors, 0 Stopped actors, and 4 active threads.
Waiting for actors to stop.
Read input token from inputA with value 3.0
Checking for deadlock:
There are 2 Blocked actors, 0 Stopped actors, and 4 active threads.
Waiting for actors to stop.
-- Read input: 3.0, which is expected to match: 3.0
Called prefire()
Called fire()
Checking for deadlock:
There are 3 Blocked actors, 0 Stopped actors, and 4 active threads.
Waiting for actors to stop.
Sent output token with value 3.0
Next port to read input from is inputB
Called postfire()
Called prefire()
Called fire()
Checking for deadlock:
There are 2 Blocked actors, 0 Stopped actors, and 4 active threads.
Waiting for actors to stop.
Called postfire()
Called prefire()
Called fire()
Checking for deadlock:
There are 3 Blocked actors, 0 Stopped actors, and 4 active threads.
Waiting for actors to stop.
Read input token from inputB with value 4.5
Checking for deadlock:
There are 2 Blocked actors, 0 Stopped actors, and 4 active threads.
Waiting for actors to stop.
-- Read input: 3.0, which is expected to match: 3.0
Called prefire()
Called fire()
Checking for deadlock:
There are 3 Blocked actors, 0 Stopped actors, and 4 active threads.
Waiting for actors to stop.
Sent output token with value 3.0
Next port to read input from is inputA
Called postfire()
Called prefire()
Called fire()
Checking for deadlock:
There are 2 Blocked actors, 0 Stopped actors, and 4 active threads.
Waiting for actors to stop.
Called postfire()
Called prefire()
Called fire()
Checking for deadlock:
There are 3 Blocked actors, 0 Stopped actors, and 4 active threads.
Waiting for actors to stop.
Read input token from inputA with value 4.0
Checking for deadlock:
There are 2 Blocked actors, 0 Stopped actors, and 4 active threads.
Waiting for actors to stop.
-- Read input: 4.0, which is expected to match: 4.0
Called prefire()
Called fire()
Past the end of training data. Read and discard all inputs.
Checking for deadlock:
There are 3 Blocked actors, 0 Stopped actors, and 4 active threads.
Waiting for actors to stop.
Sent output token with value 4.0
Next port to read input from is inputA
Called postfire()
Called prefire()
Called fire()
Checking for deadlock:
There are 2 Blocked actors, 0 Stopped actors, and 4 active threads.
Waiting for actors to stop.
Called postfire()
Called prefire()
Called fire()
Checking for deadlock:
There are 3 Blocked actors, 0 Stopped actors, and 4 active threads.
Waiting for actors to stop.
Read input token from inputA with value 5.0
Checking for deadlock:
There are 2 Blocked actors, 0 Stopped actors, and 4 active threads.
Waiting for actors to stop.
Called prefire()
Called fire()
Past the end of training data. Read and discard all inputs.
Checking for deadlock:
There are 3 Blocked actors, 0 Stopped actors, and 4 active threads.
Waiting for actors to stop.
Sent output token with value 4.5
Next port to read input from is inputB
Called postfire()
Called prefire()
Called fire()
Checking for deadlock:
There are 2 Blocked actors, 0 Stopped actors, and 4 active threads.
Waiting for actors to stop.
Called postfire()
Called prefire()
Called fire()
Checking for deadlock:
There are 3 Blocked actors, 0 Stopped actors, and 4 active threads.
Waiting for actors to stop.
Read input token from inputB with value 6.0
Checking for deadlock:
There are 2 Blocked actors, 0 Stopped actors, and 4 active threads.
Waiting for actors to stop.
Called prefire()
Called fire()
Past the end of training data. Read and discard all inputs.
Checking for deadlock:
There are 3 Blocked actors, 0 Stopped actors, and 4 active threads.
Waiting for actors to stop.
Sent output token with value 5.0
Next port to read input from is inputA
Called postfire()
Called prefire()
Called fire()
Checking for deadlock:
There are 2 Blocked actors, 0 Stopped actors, and 4 active threads.
Waiting for actors to stop.
Called postfire()
Called prefire()
Called fire()
Checking for deadlock:
There are 3 Blocked actors, 0 Stopped actors, and 4 active threads.
Waiting for actors to stop.
Read input token from inputA with value 6.0
Checking for deadlock:
There are 2 Blocked actors, 0 Stopped actors, and 4 active threads.
Waiting for actors to stop.
Called prefire()
Called fire()
Past the end of training data. Read and discard all inputs.
Checking for deadlock:
There are 3 Blocked actors, 0 Stopped actors, and 4 active threads.
Waiting for actors to stop.
Sent output token with value 6.0
Next port to read input from is inputB
Called postfire()
Called prefire()
Called fire()
Called postfire()
Called prefire()
Called fire()
Checking for deadlock:
There are 3 Blocked actors, 0 Stopped actors, and 4 active threads.
Waiting for actors to stop.
Read input token from inputB with value 7.5
Called prefire()
Called fire()
Past the end of training data. Read and discard all inputs.
Checking for deadlock:
There are 3 Blocked actors, 0 Stopped actors, and 4 active threads.
Waiting for actors to stop.
Sent output token with value 6.0
Next port to read input from is inputA
Called postfire()
Called prefire()
Called fire()
Called postfire()
Called prefire()
Called fire()
Checking for deadlock:
There are 3 Blocked actors, 0 Stopped actors, and 4 active threads.
Waiting for actors to stop.
Read input token from inputA with value 7.0
Called prefire()
Called fire()
Past the end of training data. Read and discard all inputs.
Checking for deadlock:
There are 3 Blocked actors, 0 Stopped actors, and 4 active threads.
Waiting for actors to stop.
Sent output token with value 7.0
Next port to read input from is inputA
Called postfire()
Called prefire()
Called fire()
-- Thread wrapup() called.
Called wrapup()
Thread .top.Ramp is exiting.
-- Thread stopped.
Checking for deadlock:
There are 2 Blocked actors, 0 Stopped actors, and 3 active threads.
Waiting for actors to stop.
Read input token from inputA with value 8.0
Checking for deadlock:
There are 1 Blocked actors, 0 Stopped actors, and 3 active threads.
Waiting for actors to stop.
Called prefire()
Called fire()
Past the end of training data. Read and discard all inputs.
Checking for deadlock:
There are 2 Blocked actors, 0 Stopped actors, and 3 active threads.
Waiting for actors to stop.
Sent output token with value 7.5
Next port to read input from is inputB
Called postfire()
Called prefire()
Called fire()
Checking for deadlock:
There are 1 Blocked actors, 0 Stopped actors, and 3 active threads.
Waiting for actors to stop.
Called postfire()
Called prefire()
Called fire()
Checking for deadlock:
There are 2 Blocked actors, 0 Stopped actors, and 3 active threads.
Waiting for actors to stop.
Read input token from inputB with value 9.0
Checking for deadlock:
There are 1 Blocked actors, 0 Stopped actors, and 3 active threads.
Waiting for actors to stop.
Called prefire()
Called fire()
Past the end of training data. Read and discard all inputs.
Checking for deadlock:
There are 2 Blocked actors, 0 Stopped actors, and 3 active threads.
Waiting for actors to stop.
Sent output token with value 8.0
Next port to read input from is inputA
Called postfire()
Called prefire()
Called fire()
Read input token from inputA with value 9.0
Called prefire()
Called fire()
Past the end of training data. Read and discard all inputs.
Checking for deadlock:
There are 2 Blocked actors, 0 Stopped actors, and 3 active threads.
Waiting for actors to stop.
Sent output token with value 9.0
Next port to read input from is inputB
Called postfire()
Called prefire()
Called fire()
Called postfire()
Called prefire()
Called fire()
Checking for deadlock:
There are 2 Blocked actors, 0 Stopped actors, and 3 active threads.
Waiting for actors to stop.
Read input token from inputB with value 10.5
Called prefire()
Called fire()
Past the end of training data. Read and discard all inputs.
Checking for deadlock:
There are 2 Blocked actors, 0 Stopped actors, and 3 active threads.
Waiting for actors to stop.
Sent output token with value 9.0
Next port to read input from is inputA
Called postfire()
Called prefire()
Called fire()
Checking for deadlock:
There are 3 Blocked actors, 0 Stopped actors, and 3 active threads.
Actors have stopped.
Checking for deadlock:
There are 3 Blocked actors, 0 Stopped actors, and 3 active threads.
Deadlock detected.
Resolving Deadlock
Checking for deadlock:
There are 3 Blocked actors, 0 Stopped actors, and 3 active threads.
Artificial Deadlock - increasing queue capacity.
increasing the capacity of receiver ptolemy.actor.TypedIOPort {.top.OrderedMerge.inputB} to 2
Director: Called postfire().
Called postfire().
_stopRequested = false
_stopFireRequested = false
Returning from postfire(): true
Called fire().
Checking for deadlock:
There are 2 Blocked actors, 0 Stopped actors, and 3 active threads.
Waiting for actors to stop.
-- Thread wrapup() called.
Called wrapup()
Thread .top.Ramp2 is exiting.
-- Thread stopped.
Checking for deadlock:
There are 2 Blocked actors, 0 Stopped actors, and 2 active threads.
Actors have stopped.
Checking for deadlock:
There are 2 Blocked actors, 0 Stopped actors, and 2 active threads.
Deadlock detected.
Resolving Deadlock
Checking for deadlock:
There are 2 Blocked actors, 0 Stopped actors, and 2 active threads.
Deadlock detected: no processes blocked on write, but some are blocked on read.
Called postfire().
_stopRequested = false
_stopFireRequested = false
Returning from postfire(): false
Finished deactivating branches.
Called wrapup().
-- Thread wrapup() called.
Called wrapup()
-- Thread wrapup() called.
Called wrapup()
Thread .top.Test is exiting.
-- Thread stopped.
-- Blocked Receiver call threw TerminateProcessException.
Thread .top.OrderedMerge is exiting.
-- Thread stopped.
-- Blocked Receiver call threw TerminateProcessException.
48 ms. Memory: 197632K Free: 129483K (66%)
/home/travis/build/icyphy/ptII/ptolemy/actor/lib/test/Publisher.tcl
7 ms. Memory: 197632K Free: 122825K (62%)
8 ms. Memory: 197632K Free: 117705K (60%)
7 ms. Memory: 197632K Free: 178917K (91%)
7 ms. Memory: 197632K Free: 177895K (90%)
7 ms. Memory: 197632K Free: 176871K (89%)
15 ms. Memory: 197632K Free: 176327K (89%)
3 ms. Memory: 197632K Free: 175333K (89%)
6 ms. Memory: 197632K Free: 174309K (88%)
19 ms. Memory: 197632K Free: 164583K (83%)
8 ms. Memory: 197632K Free: 160487K (81%)
3 ms. Memory: 197632K Free: 159959K (81%)
4 ms. Memory: 197632K Free: 157415K (80%)
6 ms. Memory: 197632K Free: 149703K (76%)
5 ms. Memory: 197632K Free: 140517K (71%)
16 ms. Memory: 197632K Free: 129253K (65%)
/home/travis/build/icyphy/ptII/ptolemy/actor/lib/test/Pulse.tcl
2 ms. Memory: 197632K Free: 175635K (89%)
1 ms. Memory: 197632K Free: 175125K (89%)
2 ms. Memory: 197632K Free: 174611K (88%)
2 ms. Memory: 197632K Free: 174101K (88%)
1 ms. Memory: 197632K Free: 173587K (88%)
7 ms. Memory: 197632K Free: 172053K (87%)
3 ms. Memory: 197632K Free: 171029K (87%)
1 ms. Memory: 197632K Free: 170501K (86%)
1 ms. Memory: 197632K Free: 170005K (86%)
/home/travis/build/icyphy/ptII/ptolemy/actor/lib/test/Ramp.tcl
3 ms. Memory: 197632K Free: 167957K (85%)
1 ms. Memory: 197632K Free: 166933K (84%)
1 ms. Memory: 197632K Free: 166389K (84%)
1 ms. Memory: 197632K Free: 165365K (84%)
5 ms. Memory: 197632K Free: 164885K (83%)
4 ms. Memory: 197632K Free: 163861K (83%)
4 ms. Memory: 197632K Free: 162837K (82%)
5 actors
8000 microseconds per iteration to create
9 ms. Memory: 197632K Free: 160275K (81%)
1 ms. Memory: 197632K Free: 159765K (81%)
6 ms. Memory: 197632K Free: 159237K (81%)
2 ms. Memory: 197632K Free: 158741K (80%)
50 actors
101000 microseconds per iteration to create
56 ms. Memory: 293888K Free: 261139K (89%)
11 ms. Memory: 293888K Free: 260115K (89%)
14 ms. Memory: 293888K Free: 259091K (88%)
6 ms. Memory: 293888K Free: 258067K (88%)
500 actors
1822000 microseconds per iteration to create
353 ms. Memory: 293888K Free: 268517K (91%)
54 ms. Memory: 293888K Free: 263397K (90%)
50 ms. Memory: 293888K Free: 258277K (88%)
36 ms. Memory: 293888K Free: 252647K (86%)
/home/travis/build/icyphy/ptII/ptolemy/actor/lib/test/RampContinuous.tcl
7 ms. Memory: 293888K Free: 251108K (85%)
/home/travis/build/icyphy/ptII/ptolemy/actor/lib/test/RecordAssembler.tcl
5 ms. Memory: 293888K Free: 249575K (85%)
3 ms. Memory: 293888K Free: 248551K (85%)
/home/travis/build/icyphy/ptII/ptolemy/actor/lib/test/RecordDisassembler.tcl
6 ms. Memory: 293888K Free: 246998K (84%)
2 ms. Memory: 293888K Free: 246503K (84%)
4 ms. Memory: 293888K Free: 244965K (83%)
/home/travis/build/icyphy/ptII/ptolemy/actor/lib/test/Scale.tcl
2 ms. Memory: 293888K Free: 243431K (83%)
2 ms. Memory: 293888K Free: 242407K (82%)
1 ms. Memory: 293888K Free: 241862K (82%)
2 ms. Memory: 293888K Free: 240862K (82%)
3 ms. Memory: 293888K Free: 239845K (82%)
/home/travis/build/icyphy/ptII/ptolemy/actor/lib/test/SequentialClock.tcl
preinitializing
resolving types
initializing
executing number 1
wrapping up
idle
3 ms. Memory: 293888K Free: 238814K (81%)
Completed execution with 5 iterations
preinitializing
resolving types
initializing
executing number 1
wrapping up
idle
2 ms. Memory: 293888K Free: 238311K (81%)
Completed execution with 5 iterations
preinitializing
resolving types
initializing
executing number 1
wrapping up
idle
1 ms. Memory: 293888K Free: 237790K (81%)
Completed execution with 5 iterations
/home/travis/build/icyphy/ptII/ptolemy/actor/lib/test/SetVariable.tcl
4 ms. Memory: 293888K Free: 235734K (80%)


==== $PTII/ptolemy/actor/lib/test/SetVariable.tcl: SetVariable-3.1 changeFailed
==== Contents of test case:

    #Uses 2.1 above
    jdkCaptureErr {
        # This test was failing if we ran Exit.tcl and then this test.
        # MessageHandler.error() now actually throws the Exception.
	catch {$setVariable changeFailed [java::null]  [java::new Exception {Test exception for SetVariable.changeFailed()}]} errMsg
    } results
    list [string range $results 0 89] "\n" $errMsg

==== Result was:
{java.lang.Exception: Test exception for SetVariable.changeFailed()
	at java.base/jdk.inter} {
} {java.lang.RuntimeException: java.lang.Exception: Test exception for SetVariable.changeFailed()}
---- Result should have been:
{java.lang.Exception: Test exception for SetVariable.changeFailed()
	at sun.reflect.NativeC} {
} {java.lang.RuntimeException: java.lang.Exception: Test exception for SetVariable.changeFailed()}
---- SetVariable-3.1 FAILED
/home/travis/build/icyphy/ptII/ptolemy/actor/lib/test/Sinewave.tcl
/home/travis/build/icyphy/ptII/ptolemy/actor/lib/test/SubscriptionAggregator.tcl
13 ms. Memory: 293888K Free: 223975K (76%)
14 ms. Memory: 293888K Free: 223446K (76%)
2 ms. Memory: 293888K Free: 222951K (76%)
0 ms. Memory: 293888K Free: 222430K (76%)
3 ms. Memory: 293888K Free: 219365K (75%)
12 ms. Memory: 293888K Free: 216807K (74%)
...............................................................1160 ms. Memory: 462848K Free: 327382K (71%)
/home/travis/build/icyphy/ptII/ptolemy/actor/lib/test/Test.tcl
 The next command will produce a warning about training mode,
   which may be ignored.
5 ms. Memory: 462848K Free: 325334K (70%)
2 ms. Memory: 462848K Free: 324806K (70%)
1 ms. Memory: 462848K Free: 323782K (70%)
1 ms. Memory: 462848K Free: 323286K (70%)
1 ms. Memory: 462848K Free: 322742K (70%)
3 ms. Memory: 462848K Free: 321238K (69%)
2 ms. Memory: 462848K Free: 320214K (69%)
 The next command will produce a warning about training mode,
   which may be ignored.
3 ms. Memory: 462848K Free: 317638K (69%)
 The next command will produce a warning about training mode,
   which may be ignored.
2 ms. Memory: 462848K Free: 316614K (68%)
1 ms. Memory: 462848K Free: 316118K (68%)
1 ms. Memory: 462848K Free: 315590K (68%)
1 ms. Memory: 462848K Free: 315094K (68%)
6 ms. Memory: 462848K Free: 314070K (68%)
4 ms. Memory: 462848K Free: 310470K (67%)
/home/travis/build/icyphy/ptII/ptolemy/actor/lib/test/TestExceptionHandler.tcl
 The next command will produce a warning about training mode,
   which may be ignored.
3 ms. Memory: 462848K Free: 308950K (67%)
1 ms. Memory: 462848K Free: 308406K (67%)
1 ms. Memory: 462848K Free: 307926K (67%)
/home/travis/build/icyphy/ptII/ptolemy/actor/lib/test/UnionDisassembler.tcl
14 ms. Memory: 462848K Free: 300758K (65%)
/home/travis/build/icyphy/ptII/ptolemy/actor/lib/test/VariableClock.tcl
preinitializing
resolving types
initializing
executing number 1
wrapping up
idle
3 ms. Memory: 462848K Free: 298710K (65%)
Completed execution with 11 iterations
preinitializing
resolving types
initializing
executing number 1
wrapping up
idle
3 ms. Memory: 462848K Free: 297158K (64%)
Completed execution with 10 iterations
07/10/19 03:31:42
Failed: 1  Total Tests: 234  ((Passed: 233, Newly Passed: 0)  Known Failed: 0) /home/travis/build/icyphy/ptII/ptolemy/actor/lib/test
----------------- testing (KnownFailure) /home/travis/build/icyphy/ptII/ptolemy/actor/lib/test/auto/knownFailedTests/PublisherPortToplevelSubscriber.xml
0 ms. Memory: 462848K Free: 294100K (64%)
Known Failure: java.lang.reflect.InvocationTargetException
----------------- testing (KnownFailure) /home/travis/build/icyphy/ptII/ptolemy/actor/lib/test/auto/knownFailedTests/PublisherSubscriberPortToplevel.xml
0 ms. Memory: 462848K Free: 289494K (63%)
Known Failure: java.lang.reflect.InvocationTargetException
----------------- testing (KnownFailure) /home/travis/build/icyphy/ptII/ptolemy/actor/lib/test/auto/knownFailedTests/PublisherSubscriptionAggregatorPort.xml
1 ms. Memory: 462848K Free: 285908K (62%)
Known Failure: java.lang.reflect.InvocationTargetException
----------------- testing (KnownFailure) /home/travis/build/icyphy/ptII/ptolemy/actor/lib/test/auto/knownFailedTests/sizedarray3.xml
4 ms. Memory: 462848K Free: 281812K (61%)
Known Failure: java.lang.reflect.InvocationTargetException
No auto/linux-amd64/*.xml tests in /home/travis/build/icyphy/ptII/ptolemy/actor/lib/test
AutoTests.java: About to close Vertx.
AutoTests.java: Vertx closed.

===========================================================================================
----------------- testing Wed Jul 10 15:31:43 UTC 2019 /home/travis/build/icyphy/ptII/ptolemy/actor/lib/test/auto/AbsoluteValue.xml
----------------- Instantiating /home/travis/build/icyphy/ptII/ptolemy/actor/lib/test/auto/AbsoluteValue.xml
3 ms. Memory: 462848K Free: 258774K (56%)
----------------- Invoking toplevel() on ptolemy.moml.MoMLSimpleApplication@5929f
----------------- Done invoking toplevel() on ptolemy.moml.MoMLSimpleApplication@5929f
reloadAllAccessors: .AbsoluteValue

===========================================================================================
----------------- testing Wed Jul 10 15:31:43 UTC 2019 /home/travis/build/icyphy/ptII/ptolemy/actor/lib/test/auto/AbsoluteValue2.xml
----------------- Instantiating /home/travis/build/icyphy/ptII/ptolemy/actor/lib/test/auto/AbsoluteValue2.xml
5 ms. Memory: 462848K Free: 252116K (54%)
----------------- Invoking toplevel() on ptolemy.moml.MoMLSimpleApplication@6a308c00
----------------- Done invoking toplevel() on ptolemy.moml.MoMLSimpleApplication@6a308c00
reloadAllAccessors: .AbsoluteValue2

===========================================================================================
----------------- testing Wed Jul 10 15:31:43 UTC 2019 /home/travis/build/icyphy/ptII/ptolemy/actor/lib/test/auto/Accumulator.xml
----------------- Instantiating /home/travis/build/icyphy/ptII/ptolemy/actor/lib/test/auto/Accumulator.xml
6 ms. Memory: 462848K Free: 245462K (53%)
----------------- Invoking toplevel() on ptolemy.moml.MoMLSimpleApplication@8931dee
----------------- Done invoking toplevel() on ptolemy.moml.MoMLSimpleApplication@8931dee
reloadAllAccessors: .Accumulator

===========================================================================================
----------------- testing Wed Jul 10 15:31:43 UTC 2019 /home/travis/build/icyphy/ptII/ptolemy/actor/lib/test/auto/Accumulator2.xml
----------------- Instantiating /home/travis/build/icyphy/ptII/ptolemy/actor/lib/test/auto/Accumulator2.xml
3 ms. Memory: 462848K Free: 240342K (52%)
----------------- Invoking toplevel() on ptolemy.moml.MoMLSimpleApplication@46ef473d
----------------- Done invoking toplevel() on ptolemy.moml.MoMLSimpleApplication@46ef473d
reloadAllAccessors: .Accumulator2

===========================================================================================
----------------- testing Wed Jul 10 15:31:43 UTC 2019 /home/travis/build/icyphy/ptII/ptolemy/actor/lib/test/auto/Accumulator3.xml
----------------- Instantiating /home/travis/build/icyphy/ptII/ptolemy/actor/lib/test/auto/Accumulator3.xml
3 ms. Memory: 462848K Free: 235732K (51%)
----------------- Invoking toplevel() on ptolemy.moml.MoMLSimpleApplication@4ee4a0fe
----------------- Done invoking toplevel() on ptolemy.moml.MoMLSimpleApplication@4ee4a0fe
reloadAllAccessors: .Accumulator3

===========================================================================================
----------------- testing Wed Jul 10 15:31:43 UTC 2019 /home/travis/build/icyphy/ptII/ptolemy/actor/lib/test/auto/ArrayAppend.xml
----------------- Instantiating /home/travis/build/icyphy/ptII/ptolemy/actor/lib/test/auto/ArrayAppend.xml
8 ms. Memory: 462848K Free: 230102K (50%)
----------------- Invoking toplevel() on ptolemy.moml.MoMLSimpleApplication@64e6482e
----------------- Done invoking toplevel() on ptolemy.moml.MoMLSimpleApplication@64e6482e
reloadAllAccessors: .ArrayAppend

===========================================================================================
----------------- testing Wed Jul 10 15:31:43 UTC 2019 /home/travis/build/icyphy/ptII/ptolemy/actor/lib/test/auto/ArrayAppend2.xml
----------------- Instantiating /home/travis/build/icyphy/ptII/ptolemy/actor/lib/test/auto/ArrayAppend2.xml
476 ms. Memory: 462848K Free: 354053K (76%)
----------------- Invoking toplevel() on ptolemy.moml.MoMLSimpleApplication@7523e3ed
----------------- Done invoking toplevel() on ptolemy.moml.MoMLSimpleApplication@7523e3ed
reloadAllAccessors: .ArrayAppend2

===========================================================================================
----------------- testing Wed Jul 10 15:31:44 UTC 2019 /home/travis/build/icyphy/ptII/ptolemy/actor/lib/test/auto/ArrayAppend3.xml
----------------- Instantiating /home/travis/build/icyphy/ptII/ptolemy/actor/lib/test/auto/ArrayAppend3.xml
5 ms. Memory: 462848K Free: 348886K (75%)
----------------- Invoking toplevel() on ptolemy.moml.MoMLSimpleApplication@133aa8a1
----------------- Done invoking toplevel() on ptolemy.moml.MoMLSimpleApplication@133aa8a1
reloadAllAccessors: .ArrayAppend3

===========================================================================================
----------------- testing Wed Jul 10 15:31:44 UTC 2019 /home/travis/build/icyphy/ptII/ptolemy/actor/lib/test/auto/ArrayAppend4.xml
----------------- Instantiating /home/travis/build/icyphy/ptII/ptolemy/actor/lib/test/auto/ArrayAppend4.xml
3 ms. Memory: 462848K Free: 343252K (74%)
----------------- Invoking toplevel() on ptolemy.moml.MoMLSimpleApplication@60862378
----------------- Done invoking toplevel() on ptolemy.moml.MoMLSimpleApplication@60862378
reloadAllAccessors: .ArrayAppend4

===========================================================================================
----------------- testing Wed Jul 10 15:31:44 UTC 2019 /home/travis/build/icyphy/ptII/ptolemy/actor/lib/test/auto/ArrayAppend5.xml
----------------- Instantiating /home/travis/build/icyphy/ptII/ptolemy/actor/lib/test/auto/ArrayAppend5.xml
3 ms. Memory: 462848K Free: 337622K (73%)
----------------- Invoking toplevel() on ptolemy.moml.MoMLSimpleApplication@50c2eedc
----------------- Done invoking toplevel() on ptolemy.moml.MoMLSimpleApplication@50c2eedc
reloadAllAccessors: .ArrayAppend5

===========================================================================================
----------------- testing Wed Jul 10 15:31:44 UTC 2019 /home/travis/build/icyphy/ptII/ptolemy/actor/lib/test/auto/ArrayAppend6.xml
----------------- Instantiating /home/travis/build/icyphy/ptII/ptolemy/actor/lib/test/auto/ArrayAppend6.xml
5 ms. Memory: 462848K Free: 333012K (72%)
----------------- Invoking toplevel() on ptolemy.moml.MoMLSimpleApplication@130b1e57
----------------- Done invoking toplevel() on ptolemy.moml.MoMLSimpleApplication@130b1e57
reloadAllAccessors: .ArrayAppend6

===========================================================================================
----------------- testing Wed Jul 10 15:31:44 UTC 2019 /home/travis/build/icyphy/ptII/ptolemy/actor/lib/test/auto/ArrayAppendPerformanceTest.xml
----------------- Instantiating /home/travis/build/icyphy/ptII/ptolemy/actor/lib/test/auto/ArrayAppendPerformanceTest.xml
30 ms. Memory: 462848K Free: 321734K (70%)
----------------- Invoking toplevel() on ptolemy.moml.MoMLSimpleApplication@5ddf73f
----------------- Done invoking toplevel() on ptolemy.moml.MoMLSimpleApplication@5ddf73f
reloadAllAccessors: .ArrayAppendPerformanceTest

===========================================================================================
----------------- testing Wed Jul 10 15:31:44 UTC 2019 /home/travis/build/icyphy/ptII/ptolemy/actor/lib/test/auto/ArrayAppendWithEmptyInput.xml
----------------- Instantiating /home/travis/build/icyphy/ptII/ptolemy/actor/lib/test/auto/ArrayAppendWithEmptyInput.xml
17 ms. Memory: 462848K Free: 314070K (68%)
----------------- Invoking toplevel() on ptolemy.moml.MoMLSimpleApplication@683d8829
----------------- Done invoking toplevel() on ptolemy.moml.MoMLSimpleApplication@683d8829
reloadAllAccessors: .ArrayAppendWithEmptyInput

===========================================================================================
----------------- testing Wed Jul 10 15:31:44 UTC 2019 /home/travis/build/icyphy/ptII/ptolemy/actor/lib/test/auto/ArrayAverage.xml
----------------- Instantiating /home/travis/build/icyphy/ptII/ptolemy/actor/lib/test/auto/ArrayAverage.xml
14 ms. Memory: 462848K Free: 305878K (66%)
----------------- Invoking toplevel() on ptolemy.moml.MoMLSimpleApplication@3f86897d
----------------- Done invoking toplevel() on ptolemy.moml.MoMLSimpleApplication@3f86897d
reloadAllAccessors: .ArrayAverage

===========================================================================================
----------------- testing Wed Jul 10 15:31:44 UTC 2019 /home/travis/build/icyphy/ptII/ptolemy/actor/lib/test/auto/ArrayContains.xml
----------------- Instantiating /home/travis/build/icyphy/ptII/ptolemy/actor/lib/test/auto/ArrayContains.xml
10 ms. Memory: 462848K Free: 300244K (65%)
----------------- Invoking toplevel() on ptolemy.moml.MoMLSimpleApplication@28ac2897
----------------- Done invoking toplevel() on ptolemy.moml.MoMLSimpleApplication@28ac2897
reloadAllAccessors: .ArrayContains

===========================================================================================
----------------- testing Wed Jul 10 15:31:44 UTC 2019 /home/travis/build/icyphy/ptII/ptolemy/actor/lib/test/auto/ArrayElement.xml
----------------- Instantiating /home/travis/build/icyphy/ptII/ptolemy/actor/lib/test/auto/ArrayElement.xml
4 ms. Memory: 462848K Free: 294614K (64%)
----------------- Invoking toplevel() on ptolemy.moml.MoMLSimpleApplication@42c2def0
----------------- Done invoking toplevel() on ptolemy.moml.MoMLSimpleApplication@42c2def0
reloadAllAccessors: .ArrayElement

===========================================================================================
----------------- testing Wed Jul 10 15:31:44 UTC 2019 /home/travis/build/icyphy/ptII/ptolemy/actor/lib/test/auto/ArrayElementAsMatrix.xml
----------------- Instantiating /home/travis/build/icyphy/ptII/ptolemy/actor/lib/test/auto/ArrayElementAsMatrix.xml
23 ms. Memory: 462848K Free: 284374K (61%)
----------------- Invoking toplevel() on ptolemy.moml.MoMLSimpleApplication@4de24691
----------------- Done invoking toplevel() on ptolemy.moml.MoMLSimpleApplication@4de24691
reloadAllAccessors: .ArrayElementAsMatrix

===========================================================================================
----------------- testing Wed Jul 10 15:31:44 UTC 2019 /home/travis/build/icyphy/ptII/ptolemy/actor/lib/test/auto/ArrayElementI.xml
----------------- Instantiating /home/travis/build/icyphy/ptII/ptolemy/actor/lib/test/auto/ArrayElementI.xml
3 ms. Memory: 462848K Free: 279764K (60%)
----------------- Invoking toplevel() on ptolemy.moml.MoMLSimpleApplication@faf280
----------------- Done invoking toplevel() on ptolemy.moml.MoMLSimpleApplication@faf280
reloadAllAccessors: .ArrayElementI

===========================================================================================
----------------- testing Wed Jul 10 15:31:44 UTC 2019 /home/travis/build/icyphy/ptII/ptolemy/actor/lib/test/auto/ArrayExtract.xml
----------------- Instantiating /home/travis/build/icyphy/ptII/ptolemy/actor/lib/test/auto/ArrayExtract.xml
7 ms. Memory: 462848K Free: 271062K (59%)
----------------- Invoking toplevel() on ptolemy.moml.MoMLSimpleApplication@3d246f07
----------------- Done invoking toplevel() on ptolemy.moml.MoMLSimpleApplication@3d246f07
reloadAllAccessors: .ArrayExtract

===========================================================================================
----------------- testing Wed Jul 10 15:31:44 UTC 2019 /home/travis/build/icyphy/ptII/ptolemy/actor/lib/test/auto/ArrayExtract2.xml
----------------- Instantiating /home/travis/build/icyphy/ptII/ptolemy/actor/lib/test/auto/ArrayExtract2.xml
2 ms. Memory: 462848K Free: 265942K (57%)
----------------- Invoking toplevel() on ptolemy.moml.MoMLSimpleApplication@172a0d71
----------------- Done invoking toplevel() on ptolemy.moml.MoMLSimpleApplication@172a0d71
reloadAllAccessors: .ArrayExtract2

===========================================================================================
----------------- testing Wed Jul 10 15:31:44 UTC 2019 /home/travis/build/icyphy/ptII/ptolemy/actor/lib/test/auto/ArrayLength.xml
----------------- Instantiating /home/travis/build/icyphy/ptII/ptolemy/actor/lib/test/auto/ArrayLength.xml
1 ms. Memory: 462848K Free: 261846K (57%)
----------------- Invoking toplevel() on ptolemy.moml.MoMLSimpleApplication@6b71e481
----------------- Done invoking toplevel() on ptolemy.moml.MoMLSimpleApplication@6b71e481
reloadAllAccessors: .ArrayLength

===========================================================================================
----------------- testing Wed Jul 10 15:31:44 UTC 2019 /home/travis/build/icyphy/ptII/ptolemy/actor/lib/test/auto/ArrayLevelCrossing.xml
----------------- Instantiating /home/travis/build/icyphy/ptII/ptolemy/actor/lib/test/auto/ArrayLevelCrossing.xml
4 ms. Memory: 462848K Free: 254164K (55%)
----------------- Invoking toplevel() on ptolemy.moml.MoMLSimpleApplication@13f222e5
----------------- Done invoking toplevel() on ptolemy.moml.MoMLSimpleApplication@13f222e5
reloadAllAccessors: .ArrayLevelCrossing

===========================================================================================
----------------- testing Wed Jul 10 15:31:44 UTC 2019 /home/travis/build/icyphy/ptII/ptolemy/actor/lib/test/auto/ArrayLevelCrossing2.xml
----------------- Instantiating /home/travis/build/icyphy/ptII/ptolemy/actor/lib/test/auto/ArrayLevelCrossing2.xml
3 ms. Memory: 462848K Free: 246996K (53%)
----------------- Invoking toplevel() on ptolemy.moml.MoMLSimpleApplication@242550be
----------------- Done invoking toplevel() on ptolemy.moml.MoMLSimpleApplication@242550be
reloadAllAccessors: .ArrayLevelCrossing2

===========================================================================================
----------------- testing Wed Jul 10 15:31:45 UTC 2019 /home/travis/build/icyphy/ptII/ptolemy/actor/lib/test/auto/ArrayPeakSearch.xml
----------------- Instantiating /home/travis/build/icyphy/ptII/ptolemy/actor/lib/test/auto/ArrayPeakSearch.xml
3 ms. Memory: 462848K Free: 237780K (51%)
----------------- Invoking toplevel() on ptolemy.moml.MoMLSimpleApplication@478599e2
----------------- Done invoking toplevel() on ptolemy.moml.MoMLSimpleApplication@478599e2
reloadAllAccessors: .ArrayPeakSearch

===========================================================================================
----------------- testing Wed Jul 10 15:31:45 UTC 2019 /home/travis/build/icyphy/ptII/ptolemy/actor/lib/test/auto/ArrayPeakSearch2.xml
----------------- Instantiating /home/travis/build/icyphy/ptII/ptolemy/actor/lib/test/auto/ArrayPeakSearch2.xml
5 ms. Memory: 462848K Free: 227030K (49%)
----------------- Invoking toplevel() on ptolemy.moml.MoMLSimpleApplication@5adf9697
----------------- Done invoking toplevel() on ptolemy.moml.MoMLSimpleApplication@5adf9697
reloadAllAccessors: .ArrayPeakSearch2

===========================================================================================
----------------- testing Wed Jul 10 15:31:45 UTC 2019 /home/travis/build/icyphy/ptII/ptolemy/actor/lib/test/auto/ArrayPeakSearch3.xml
----------------- Instantiating /home/travis/build/icyphy/ptII/ptolemy/actor/lib/test/auto/ArrayPeakSearch3.xml
8 ms. Memory: 462848K Free: 218324K (47%)
----------------- Invoking toplevel() on ptolemy.moml.MoMLSimpleApplication@67956340
----------------- Done invoking toplevel() on ptolemy.moml.MoMLSimpleApplication@67956340
reloadAllAccessors: .ArrayPeakSearch3

===========================================================================================
----------------- testing Wed Jul 10 15:31:45 UTC 2019 /home/travis/build/icyphy/ptII/ptolemy/actor/lib/test/auto/ArrayRemoveElement.xml
----------------- Instantiating /home/travis/build/icyphy/ptII/ptolemy/actor/lib/test/auto/ArrayRemoveElement.xml
9 ms. Memory: 462848K Free: 210132K (45%)
----------------- Invoking toplevel() on ptolemy.moml.MoMLSimpleApplication@3e14779f
----------------- Done invoking toplevel() on ptolemy.moml.MoMLSimpleApplication@3e14779f
reloadAllAccessors: .ArrayRemoveElement

===========================================================================================
----------------- testing Wed Jul 10 15:31:45 UTC 2019 /home/travis/build/icyphy/ptII/ptolemy/actor/lib/test/auto/ArraySort.xml
----------------- Instantiating /home/travis/build/icyphy/ptII/ptolemy/actor/lib/test/auto/ArraySort.xml
7 ms. Memory: 462848K Free: 201430K (44%)
----------------- Invoking toplevel() on ptolemy.moml.MoMLSimpleApplication@10263eba
----------------- Done invoking toplevel() on ptolemy.moml.MoMLSimpleApplication@10263eba
reloadAllAccessors: .ArraySort

===========================================================================================
----------------- testing Wed Jul 10 15:31:45 UTC 2019 /home/travis/build/icyphy/ptII/ptolemy/actor/lib/test/auto/ArraySum.xml
----------------- Instantiating /home/travis/build/icyphy/ptII/ptolemy/actor/lib/test/auto/ArraySum.xml
6 ms. Memory: 462848K Free: 196310K (42%)
----------------- Invoking toplevel() on ptolemy.moml.MoMLSimpleApplication@793c9539
----------------- Done invoking toplevel() on ptolemy.moml.MoMLSimpleApplication@793c9539
reloadAllAccessors: .ArraySum

===========================================================================================
----------------- testing Wed Jul 10 15:31:45 UTC 2019 /home/travis/build/icyphy/ptII/ptolemy/actor/lib/test/auto/ArrayToElements.xml
----------------- Instantiating /home/travis/build/icyphy/ptII/ptolemy/actor/lib/test/auto/ArrayToElements.xml
7 ms. Memory: 462848K Free: 190676K (41%)
----------------- Invoking toplevel() on ptolemy.moml.MoMLSimpleApplication@338be371
----------------- Done invoking toplevel() on ptolemy.moml.MoMLSimpleApplication@338be371
reloadAllAccessors: .ArrayToElements

===========================================================================================
----------------- testing Wed Jul 10 15:31:45 UTC 2019 /home/travis/build/icyphy/ptII/ptolemy/actor/lib/test/auto/ArrayToMatrix.xml
----------------- Instantiating /home/travis/build/icyphy/ptII/ptolemy/actor/lib/test/auto/ArrayToMatrix.xml
10 ms. Memory: 462848K Free: 176854K (38%)
----------------- Invoking toplevel() on ptolemy.moml.MoMLSimpleApplication@3e467e08
----------------- Done invoking toplevel() on ptolemy.moml.MoMLSimpleApplication@3e467e08
reloadAllAccessors: .ArrayToMatrix

===========================================================================================
----------------- testing Wed Jul 10 15:31:45 UTC 2019 /home/travis/build/icyphy/ptII/ptolemy/actor/lib/test/auto/ArrayUpdate1.xml
----------------- Instantiating /home/travis/build/icyphy/ptII/ptolemy/actor/lib/test/auto/ArrayUpdate1.xml
5 ms. Memory: 462848K Free: 171734K (37%)
----------------- Invoking toplevel() on ptolemy.moml.MoMLSimpleApplication@67018e74
----------------- Done invoking toplevel() on ptolemy.moml.MoMLSimpleApplication@67018e74
reloadAllAccessors: .ArrayUpdate1

===========================================================================================
----------------- testing Wed Jul 10 15:31:45 UTC 2019 /home/travis/build/icyphy/ptII/ptolemy/actor/lib/test/auto/ArrayUpdate2.xml
----------------- Instantiating /home/travis/build/icyphy/ptII/ptolemy/actor/lib/test/auto/ArrayUpdate2.xml
6 ms. Memory: 462848K Free: 166086K (36%)
----------------- Invoking toplevel() on ptolemy.moml.MoMLSimpleApplication@3181aca5
----------------- Done invoking toplevel() on ptolemy.moml.MoMLSimpleApplication@3181aca5
reloadAllAccessors: .ArrayUpdate2

===========================================================================================
----------------- testing Wed Jul 10 15:31:45 UTC 2019 /home/travis/build/icyphy/ptII/ptolemy/actor/lib/test/auto/ArrayUpdate3.xml
----------------- Instantiating /home/travis/build/icyphy/ptII/ptolemy/actor/lib/test/auto/ArrayUpdate3.xml
2 ms. Memory: 462848K Free: 412370K (89%)
----------------- Invoking toplevel() on ptolemy.moml.MoMLSimpleApplication@521b7c9a
----------------- Done invoking toplevel() on ptolemy.moml.MoMLSimpleApplication@521b7c9a
reloadAllAccessors: .ArrayUpdate3

===========================================================================================
----------------- testing Wed Jul 10 15:31:45 UTC 2019 /home/travis/build/icyphy/ptII/ptolemy/actor/lib/test/auto/Assert1.xml
----------------- Instantiating /home/travis/build/icyphy/ptII/ptolemy/actor/lib/test/auto/Assert1.xml
6 ms. Memory: 462848K Free: 407764K (88%)
----------------- Invoking toplevel() on ptolemy.moml.MoMLSimpleApplication@776f2989
----------------- Done invoking toplevel() on ptolemy.moml.MoMLSimpleApplication@776f2989
reloadAllAccessors: .Assert1

===========================================================================================
----------------- testing Wed Jul 10 15:31:45 UTC 2019 /home/travis/build/icyphy/ptII/ptolemy/actor/lib/test/auto/Assert2.xml
----------------- Instantiating /home/travis/build/icyphy/ptII/ptolemy/actor/lib/test/auto/Assert2.xml
2 ms. Memory: 462848K Free: 403154K (87%)
----------------- Invoking toplevel() on ptolemy.moml.MoMLSimpleApplication@1fb628d6
----------------- Done invoking toplevel() on ptolemy.moml.MoMLSimpleApplication@1fb628d6
reloadAllAccessors: .Assert2

===========================================================================================
----------------- testing Wed Jul 10 15:31:45 UTC 2019 /home/travis/build/icyphy/ptII/ptolemy/actor/lib/test/auto/BooleanMultiplexor.xml
----------------- Instantiating /home/travis/build/icyphy/ptII/ptolemy/actor/lib/test/auto/BooleanMultiplexor.xml
4 ms. Memory: 462848K Free: 397524K (86%)
----------------- Invoking toplevel() on ptolemy.moml.MoMLSimpleApplication@3af1d6ac
----------------- Done invoking toplevel() on ptolemy.moml.MoMLSimpleApplication@3af1d6ac
reloadAllAccessors: .BooleanMultiplexor

===========================================================================================
----------------- testing Wed Jul 10 15:31:45 UTC 2019 /home/travis/build/icyphy/ptII/ptolemy/actor/lib/test/auto/BooleanMultiplexor2.xml
----------------- Instantiating /home/travis/build/icyphy/ptII/ptolemy/actor/lib/test/auto/BooleanMultiplexor2.xml
13 ms. Memory: 462848K Free: 390851K (84%)
----------------- Invoking toplevel() on ptolemy.moml.MoMLSimpleApplication@17f307e9
----------------- Done invoking toplevel() on ptolemy.moml.MoMLSimpleApplication@17f307e9
reloadAllAccessors: .BooleanMultiplexor2

===========================================================================================
----------------- testing Wed Jul 10 15:31:45 UTC 2019 /home/travis/build/icyphy/ptII/ptolemy/actor/lib/test/auto/BooleanMultiplexor3.xml
----------------- Instantiating /home/travis/build/icyphy/ptII/ptolemy/actor/lib/test/auto/BooleanMultiplexor3.xml
6 ms. Memory: 462848K Free: 387284K (84%)
----------------- Invoking toplevel() on ptolemy.moml.MoMLSimpleApplication@1f8957b3
----------------- Done invoking toplevel() on ptolemy.moml.MoMLSimpleApplication@1f8957b3
reloadAllAccessors: .BooleanMultiplexor3

===========================================================================================
----------------- testing Wed Jul 10 15:31:45 UTC 2019 /home/travis/build/icyphy/ptII/ptolemy/actor/lib/test/auto/BooleanSelect.xml
----------------- Instantiating /home/travis/build/icyphy/ptII/ptolemy/actor/lib/test/auto/BooleanSelect.xml
10 ms. Memory: 462848K Free: 381140K (82%)
----------------- Invoking toplevel() on ptolemy.moml.MoMLSimpleApplication@39c30765
----------------- Done invoking toplevel() on ptolemy.moml.MoMLSimpleApplication@39c30765
reloadAllAccessors: .BooleanSelect

===========================================================================================
----------------- testing Wed Jul 10 15:31:45 UTC 2019 /home/travis/build/icyphy/ptII/ptolemy/actor/lib/test/auto/BooleanSelect2.xml
----------------- Instantiating /home/travis/build/icyphy/ptII/ptolemy/actor/lib/test/auto/BooleanSelect2.xml
1 ms. Memory: 462848K Free: 377044K (81%)
----------------- Invoking toplevel() on ptolemy.moml.MoMLSimpleApplication@1acfbf73
----------------- Done invoking toplevel() on ptolemy.moml.MoMLSimpleApplication@1acfbf73
reloadAllAccessors: .BooleanSelect2

===========================================================================================
----------------- testing Wed Jul 10 15:31:45 UTC 2019 /home/travis/build/icyphy/ptII/ptolemy/actor/lib/test/auto/BooleanSwitch.xml
----------------- Instantiating /home/travis/build/icyphy/ptII/ptolemy/actor/lib/test/auto/BooleanSwitch.xml
15 ms. Memory: 462848K Free: 370900K (80%)
----------------- Invoking toplevel() on ptolemy.moml.MoMLSimpleApplication@176be491
----------------- Done invoking toplevel() on ptolemy.moml.MoMLSimpleApplication@176be491
reloadAllAccessors: .BooleanSwitch

===========================================================================================
----------------- testing Wed Jul 10 15:31:45 UTC 2019 /home/travis/build/icyphy/ptII/ptolemy/actor/lib/test/auto/BooleanSwitch2.xml
----------------- Instantiating /home/travis/build/icyphy/ptII/ptolemy/actor/lib/test/auto/BooleanSwitch2.xml
2 ms. Memory: 462848K Free: 366804K (79%)
----------------- Invoking toplevel() on ptolemy.moml.MoMLSimpleApplication@6386dc77
----------------- Done invoking toplevel() on ptolemy.moml.MoMLSimpleApplication@6386dc77
reloadAllAccessors: .BooleanSwitch2

===========================================================================================
----------------- testing Wed Jul 10 15:31:45 UTC 2019 /home/travis/build/icyphy/ptII/ptolemy/actor/lib/test/auto/BooleanSwitchCloningBugWithClassRelationGroup.xml
----------------- Instantiating /home/travis/build/icyphy/ptII/ptolemy/actor/lib/test/auto/BooleanSwitchCloningBugWithClassRelationGroup.xml
3 ms. Memory: 462848K Free: 360146K (78%)
----------------- Invoking toplevel() on ptolemy.moml.MoMLSimpleApplication@429f58b4
----------------- Done invoking toplevel() on ptolemy.moml.MoMLSimpleApplication@429f58b4
reloadAllAccessors: .BooleanSwitchCloningBugWithClassRelationGroup

===========================================================================================
----------------- testing Wed Jul 10 15:31:45 UTC 2019 /home/travis/build/icyphy/ptII/ptolemy/actor/lib/test/auto/BusActors.xml
----------------- Instantiating /home/travis/build/icyphy/ptII/ptolemy/actor/lib/test/auto/BusActors.xml
7 ms. Memory: 462848K Free: 352468K (76%)
----------------- Invoking toplevel() on ptolemy.moml.MoMLSimpleApplication@6a5de155
----------------- Done invoking toplevel() on ptolemy.moml.MoMLSimpleApplication@6a5de155
reloadAllAccessors: .BusActors

===========================================================================================
----------------- testing Wed Jul 10 15:31:45 UTC 2019 /home/travis/build/icyphy/ptII/ptolemy/actor/lib/test/auto/ClassWrapper.xml
----------------- Instantiating /home/travis/build/icyphy/ptII/ptolemy/actor/lib/test/auto/ClassWrapper.xml
3 ms. Memory: 462848K Free: 347858K (75%)
----------------- Invoking toplevel() on ptolemy.moml.MoMLSimpleApplication@d1d9496
----------------- Done invoking toplevel() on ptolemy.moml.MoMLSimpleApplication@d1d9496
reloadAllAccessors: .ClassWrapper

===========================================================================================
----------------- testing Wed Jul 10 15:31:45 UTC 2019 /home/travis/build/icyphy/ptII/ptolemy/actor/lib/test/auto/Clock.xml
----------------- Instantiating /home/travis/build/icyphy/ptII/ptolemy/actor/lib/test/auto/Clock.xml
2 ms. Memory: 462848K Free: 344276K (74%)
----------------- Invoking toplevel() on ptolemy.moml.MoMLSimpleApplication@373a616c
----------------- Done invoking toplevel() on ptolemy.moml.MoMLSimpleApplication@373a616c
reloadAllAccessors: .Clock

===========================================================================================
----------------- testing Wed Jul 10 15:31:45 UTC 2019 /home/travis/build/icyphy/ptII/ptolemy/actor/lib/test/auto/Clock10.xml
----------------- Instantiating /home/travis/build/icyphy/ptII/ptolemy/actor/lib/test/auto/Clock10.xml
5 ms. Memory: 462848K Free: 338132K (73%)
----------------- Invoking toplevel() on ptolemy.moml.MoMLSimpleApplication@7bd99c45
----------------- Done invoking toplevel() on ptolemy.moml.MoMLSimpleApplication@7bd99c45
reloadAllAccessors: .Clock10

===========================================================================================
----------------- testing Wed Jul 10 15:31:45 UTC 2019 /home/travis/build/icyphy/ptII/ptolemy/actor/lib/test/auto/Clock11.xml
----------------- Instantiating /home/travis/build/icyphy/ptII/ptolemy/actor/lib/test/auto/Clock11.xml
5 ms. Memory: 462848K Free: 332498K (72%)
----------------- Invoking toplevel() on ptolemy.moml.MoMLSimpleApplication@110cfa19
----------------- Done invoking toplevel() on ptolemy.moml.MoMLSimpleApplication@110cfa19
reloadAllAccessors: .Clock11

===========================================================================================
----------------- testing Wed Jul 10 15:31:45 UTC 2019 /home/travis/build/icyphy/ptII/ptolemy/actor/lib/test/auto/Clock12.xml
----------------- Instantiating /home/travis/build/icyphy/ptII/ptolemy/actor/lib/test/auto/Clock12.xml
4 ms. Memory: 462848K Free: 326354K (71%)
----------------- Invoking toplevel() on ptolemy.moml.MoMLSimpleApplication@6e0950bc
----------------- Done invoking toplevel() on ptolemy.moml.MoMLSimpleApplication@6e0950bc
reloadAllAccessors: .Clock12

===========================================================================================
----------------- testing Wed Jul 10 15:31:46 UTC 2019 /home/travis/build/icyphy/ptII/ptolemy/actor/lib/test/auto/Clock13.xml
----------------- Instantiating /home/travis/build/icyphy/ptII/ptolemy/actor/lib/test/auto/Clock13.xml
5 ms. Memory: 462848K Free: 320724K (69%)
----------------- Invoking toplevel() on ptolemy.moml.MoMLSimpleApplication@27d0f413
----------------- Done invoking toplevel() on ptolemy.moml.MoMLSimpleApplication@27d0f413
reloadAllAccessors: .Clock13

===========================================================================================
----------------- testing Wed Jul 10 15:31:46 UTC 2019 /home/travis/build/icyphy/ptII/ptolemy/actor/lib/test/auto/Clock14.xml
----------------- Instantiating /home/travis/build/icyphy/ptII/ptolemy/actor/lib/test/auto/Clock14.xml
6 ms. Memory: 462848K Free: 314580K (68%)
----------------- Invoking toplevel() on ptolemy.moml.MoMLSimpleApplication@5700104a
----------------- Done invoking toplevel() on ptolemy.moml.MoMLSimpleApplication@5700104a
reloadAllAccessors: .Clock14

===========================================================================================
----------------- testing Wed Jul 10 15:31:46 UTC 2019 /home/travis/build/icyphy/ptII/ptolemy/actor/lib/test/auto/Clock15.xml
----------------- Instantiating /home/travis/build/icyphy/ptII/ptolemy/actor/lib/test/auto/Clock15.xml
6 ms. Memory: 462848K Free: 308915K (67%)
----------------- Invoking toplevel() on ptolemy.moml.MoMLSimpleApplication@2ce4c3e3
----------------- Done invoking toplevel() on ptolemy.moml.MoMLSimpleApplication@2ce4c3e3
reloadAllAccessors: .Clock15

===========================================================================================
----------------- testing Wed Jul 10 15:31:46 UTC 2019 /home/travis/build/icyphy/ptII/ptolemy/actor/lib/test/auto/Clock16.xml
----------------- Instantiating /home/travis/build/icyphy/ptII/ptolemy/actor/lib/test/auto/Clock16.xml
41 ms. Memory: 462848K Free: 294100K (64%)
----------------- Invoking toplevel() on ptolemy.moml.MoMLSimpleApplication@75493c68
----------------- Done invoking toplevel() on ptolemy.moml.MoMLSimpleApplication@75493c68
reloadAllAccessors: .Clock16

===========================================================================================
----------------- testing Wed Jul 10 15:31:46 UTC 2019 /home/travis/build/icyphy/ptII/ptolemy/actor/lib/test/auto/Clock17.xml
----------------- Instantiating /home/travis/build/icyphy/ptII/ptolemy/actor/lib/test/auto/Clock17.xml
27 ms. Memory: 462848K Free: 279764K (60%)
----------------- Invoking toplevel() on ptolemy.moml.MoMLSimpleApplication@14c5f31c
----------------- Done invoking toplevel() on ptolemy.moml.MoMLSimpleApplication@14c5f31c
reloadAllAccessors: .Clock17

===========================================================================================
----------------- testing Wed Jul 10 15:31:46 UTC 2019 /home/travis/build/icyphy/ptII/ptolemy/actor/lib/test/auto/Clock18.xml
----------------- Instantiating /home/travis/build/icyphy/ptII/ptolemy/actor/lib/test/auto/Clock18.xml
24 ms. Memory: 462848K Free: 266947K (58%)
----------------- Invoking toplevel() on ptolemy.moml.MoMLSimpleApplication@229b5146
----------------- Done invoking toplevel() on ptolemy.moml.MoMLSimpleApplication@229b5146
reloadAllAccessors: .Clock18

===========================================================================================
----------------- testing Wed Jul 10 15:31:46 UTC 2019 /home/travis/build/icyphy/ptII/ptolemy/actor/lib/test/auto/Clock19.xml
----------------- Instantiating /home/travis/build/icyphy/ptII/ptolemy/actor/lib/test/auto/Clock19.xml
17 ms. Memory: 462848K Free: 253635K (55%)
----------------- Invoking toplevel() on ptolemy.moml.MoMLSimpleApplication@14d6b3c8
----------------- Done invoking toplevel() on ptolemy.moml.MoMLSimpleApplication@14d6b3c8
reloadAllAccessors: .Clock19

===========================================================================================
----------------- testing Wed Jul 10 15:31:46 UTC 2019 /home/travis/build/icyphy/ptII/ptolemy/actor/lib/test/auto/Clock2.xml
----------------- Instantiating /home/travis/build/icyphy/ptII/ptolemy/actor/lib/test/auto/Clock2.xml
12 ms. Memory: 462848K Free: 249523K (54%)
----------------- Invoking toplevel() on ptolemy.moml.MoMLSimpleApplication@44f1b624
----------------- Done invoking toplevel() on ptolemy.moml.MoMLSimpleApplication@44f1b624
reloadAllAccessors: .Clock2

===========================================================================================
----------------- testing Wed Jul 10 15:31:46 UTC 2019 /home/travis/build/icyphy/ptII/ptolemy/actor/lib/test/auto/Clock20.xml
----------------- Instantiating /home/travis/build/icyphy/ptII/ptolemy/actor/lib/test/auto/Clock20.xml
12 ms. Memory: 462848K Free: 243924K (53%)
----------------- Invoking toplevel() on ptolemy.moml.MoMLSimpleApplication@11a5b4b4
----------------- Done invoking toplevel() on ptolemy.moml.MoMLSimpleApplication@11a5b4b4
reloadAllAccessors: .Clock20

===========================================================================================
----------------- testing Wed Jul 10 15:31:46 UTC 2019 /home/travis/build/icyphy/ptII/ptolemy/actor/lib/test/auto/Clock21.xml
----------------- Instantiating /home/travis/build/icyphy/ptII/ptolemy/actor/lib/test/auto/Clock21.xml
5 ms. Memory: 462848K Free: 238290K (51%)
----------------- Invoking toplevel() on ptolemy.moml.MoMLSimpleApplication@68dc8c0a
----------------- Done invoking toplevel() on ptolemy.moml.MoMLSimpleApplication@68dc8c0a
reloadAllAccessors: .Clock21

===========================================================================================
----------------- testing Wed Jul 10 15:31:46 UTC 2019 /home/travis/build/icyphy/ptII/ptolemy/actor/lib/test/auto/Clock22.xml
----------------- Instantiating /home/travis/build/icyphy/ptII/ptolemy/actor/lib/test/auto/Clock22.xml
6 ms. Memory: 462848K Free: 233170K (50%)
----------------- Invoking toplevel() on ptolemy.moml.MoMLSimpleApplication@27b8451e
----------------- Done invoking toplevel() on ptolemy.moml.MoMLSimpleApplication@27b8451e
reloadAllAccessors: .Clock22

===========================================================================================
----------------- testing Wed Jul 10 15:31:46 UTC 2019 /home/travis/build/icyphy/ptII/ptolemy/actor/lib/test/auto/Clock23.xml
----------------- Instantiating /home/travis/build/icyphy/ptII/ptolemy/actor/lib/test/auto/Clock23.xml
7 ms. Memory: 462848K Free: 227540K (49%)
----------------- Invoking toplevel() on ptolemy.moml.MoMLSimpleApplication@537b034d
----------------- Done invoking toplevel() on ptolemy.moml.MoMLSimpleApplication@537b034d
reloadAllAccessors: .Clock23

===========================================================================================
----------------- testing Wed Jul 10 15:31:46 UTC 2019 /home/travis/build/icyphy/ptII/ptolemy/actor/lib/test/auto/Clock24.xml
----------------- Instantiating /home/travis/build/icyphy/ptII/ptolemy/actor/lib/test/auto/Clock24.xml
10 ms. Memory: 462848K Free: 222420K (48%)
----------------- Invoking toplevel() on ptolemy.moml.MoMLSimpleApplication@93c32a
----------------- Done invoking toplevel() on ptolemy.moml.MoMLSimpleApplication@93c32a
reloadAllAccessors: .Clock24

===========================================================================================
----------------- testing Wed Jul 10 15:31:46 UTC 2019 /home/travis/build/icyphy/ptII/ptolemy/actor/lib/test/auto/Clock4.xml
----------------- Instantiating /home/travis/build/icyphy/ptII/ptolemy/actor/lib/test/auto/Clock4.xml
2 ms. Memory: 462848K Free: 217300K (47%)
----------------- Invoking toplevel() on ptolemy.moml.MoMLSimpleApplication@3e2e9844
----------------- Done invoking toplevel() on ptolemy.moml.MoMLSimpleApplication@3e2e9844
reloadAllAccessors: .Clock4

===========================================================================================
----------------- testing Wed Jul 10 15:31:46 UTC 2019 /home/travis/build/icyphy/ptII/ptolemy/actor/lib/test/auto/Clock5.xml
----------------- Instantiating /home/travis/build/icyphy/ptII/ptolemy/actor/lib/test/auto/Clock5.xml
7 ms. Memory: 462848K Free: 212180K (46%)
----------------- Invoking toplevel() on ptolemy.moml.MoMLSimpleApplication@45cdb66c
----------------- Done invoking toplevel() on ptolemy.moml.MoMLSimpleApplication@45cdb66c
reloadAllAccessors: .Clock5

===========================================================================================
----------------- testing Wed Jul 10 15:31:46 UTC 2019 /home/travis/build/icyphy/ptII/ptolemy/actor/lib/test/auto/Clock6.xml
----------------- Instantiating /home/travis/build/icyphy/ptII/ptolemy/actor/lib/test/auto/Clock6.xml
2 ms. Memory: 462848K Free: 207555K (45%)
----------------- Invoking toplevel() on ptolemy.moml.MoMLSimpleApplication@70154e57
----------------- Done invoking toplevel() on ptolemy.moml.MoMLSimpleApplication@70154e57
reloadAllAccessors: .Clock6

===========================================================================================
----------------- testing Wed Jul 10 15:31:46 UTC 2019 /home/travis/build/icyphy/ptII/ptolemy/actor/lib/test/auto/Clock7.xml
----------------- Instantiating /home/travis/build/icyphy/ptII/ptolemy/actor/lib/test/auto/Clock7.xml
2 ms. Memory: 462848K Free: 202450K (44%)
----------------- Invoking toplevel() on ptolemy.moml.MoMLSimpleApplication@61f06cd3
----------------- Done invoking toplevel() on ptolemy.moml.MoMLSimpleApplication@61f06cd3
reloadAllAccessors: .Clock7

===========================================================================================
----------------- testing Wed Jul 10 15:31:46 UTC 2019 /home/travis/build/icyphy/ptII/ptolemy/actor/lib/test/auto/Clock8.xml
----------------- Instantiating /home/travis/build/icyphy/ptII/ptolemy/actor/lib/test/auto/Clock8.xml
5 ms. Memory: 462848K Free: 197299K (43%)
----------------- Invoking toplevel() on ptolemy.moml.MoMLSimpleApplication@1286b19d
----------------- Done invoking toplevel() on ptolemy.moml.MoMLSimpleApplication@1286b19d
reloadAllAccessors: .Clock8

===========================================================================================
----------------- testing Wed Jul 10 15:31:46 UTC 2019 /home/travis/build/icyphy/ptII/ptolemy/actor/lib/test/auto/Clock9.xml
----------------- Instantiating /home/travis/build/icyphy/ptII/ptolemy/actor/lib/test/auto/Clock9.xml
5 ms. Memory: 462848K Free: 191700K (41%)
----------------- Invoking toplevel() on ptolemy.moml.MoMLSimpleApplication@74c2e6bb
----------------- Done invoking toplevel() on ptolemy.moml.MoMLSimpleApplication@74c2e6bb
reloadAllAccessors: .Clock9

===========================================================================================
----------------- testing Wed Jul 10 15:31:46 UTC 2019 /home/travis/build/icyphy/ptII/ptolemy/actor/lib/test/auto/CommDistDiscard.xml
----------------- Instantiating /home/travis/build/icyphy/ptII/ptolemy/actor/lib/test/auto/CommDistDiscard.xml
3 ms. Memory: 462848K Free: 186580K (40%)
----------------- Invoking toplevel() on ptolemy.moml.MoMLSimpleApplication@a4a9a6
----------------- Done invoking toplevel() on ptolemy.moml.MoMLSimpleApplication@a4a9a6
reloadAllAccessors: .CommDistDiscard

===========================================================================================
----------------- testing Wed Jul 10 15:31:46 UTC 2019 /home/travis/build/icyphy/ptII/ptolemy/actor/lib/test/auto/Commutator.xml
----------------- Instantiating /home/travis/build/icyphy/ptII/ptolemy/actor/lib/test/auto/Commutator.xml
1 ms. Memory: 462848K Free: 181970K (39%)
----------------- Invoking toplevel() on ptolemy.moml.MoMLSimpleApplication@2a795aca
----------------- Done invoking toplevel() on ptolemy.moml.MoMLSimpleApplication@2a795aca
reloadAllAccessors: .Commutator

===========================================================================================
----------------- testing Wed Jul 10 15:31:46 UTC 2019 /home/travis/build/icyphy/ptII/ptolemy/actor/lib/test/auto/Commutator2.xml
----------------- Instantiating /home/travis/build/icyphy/ptII/ptolemy/actor/lib/test/auto/Commutator2.xml
2 ms. Memory: 462848K Free: 177364K (38%)
----------------- Invoking toplevel() on ptolemy.moml.MoMLSimpleApplication@394c5015
----------------- Done invoking toplevel() on ptolemy.moml.MoMLSimpleApplication@394c5015
reloadAllAccessors: .Commutator2

===========================================================================================
----------------- testing Wed Jul 10 15:31:46 UTC 2019 /home/travis/build/icyphy/ptII/ptolemy/actor/lib/test/auto/Commutator3.xml
----------------- Instantiating /home/travis/build/icyphy/ptII/ptolemy/actor/lib/test/auto/Commutator3.xml
3 ms. Memory: 462848K Free: 173268K (37%)
----------------- Invoking toplevel() on ptolemy.moml.MoMLSimpleApplication@653183b2
----------------- Done invoking toplevel() on ptolemy.moml.MoMLSimpleApplication@653183b2
reloadAllAccessors: .Commutator3

===========================================================================================
----------------- testing Wed Jul 10 15:31:46 UTC 2019 /home/travis/build/icyphy/ptII/ptolemy/actor/lib/test/auto/Compare.xml
----------------- Instantiating /home/travis/build/icyphy/ptII/ptolemy/actor/lib/test/auto/Compare.xml
3 ms. Memory: 462848K Free: 166610K (36%)
----------------- Invoking toplevel() on ptolemy.moml.MoMLSimpleApplication@3f0b1036
----------------- Done invoking toplevel() on ptolemy.moml.MoMLSimpleApplication@3f0b1036
reloadAllAccessors: .Compare

===========================================================================================
----------------- testing Wed Jul 10 15:31:46 UTC 2019 /home/travis/build/icyphy/ptII/ptolemy/actor/lib/test/auto/CompareDE.xml
----------------- Instantiating /home/travis/build/icyphy/ptII/ptolemy/actor/lib/test/auto/CompareDE.xml
114 ms. Memory: 842752K Free: 793969K (94%)
----------------- Invoking toplevel() on ptolemy.moml.MoMLSimpleApplication@2aeac71c
----------------- Done invoking toplevel() on ptolemy.moml.MoMLSimpleApplication@2aeac71c
reloadAllAccessors: .CompareDE

===========================================================================================
----------------- testing Wed Jul 10 15:31:46 UTC 2019 /home/travis/build/icyphy/ptII/ptolemy/actor/lib/test/auto/ComplexDivide.xml
----------------- Instantiating /home/travis/build/icyphy/ptII/ptolemy/actor/lib/test/auto/ComplexDivide.xml
2 ms. Memory: 842752K Free: 789716K (94%)
----------------- Invoking toplevel() on ptolemy.moml.MoMLSimpleApplication@66e61912
----------------- Done invoking toplevel() on ptolemy.moml.MoMLSimpleApplication@66e61912
reloadAllAccessors: .ComplexDivide

===========================================================================================
----------------- testing Wed Jul 10 15:31:46 UTC 2019 /home/travis/build/icyphy/ptII/ptolemy/actor/lib/test/auto/ComputeHistogram.xml
----------------- Instantiating /home/travis/build/icyphy/ptII/ptolemy/actor/lib/test/auto/ComputeHistogram.xml
38 ms. Memory: 842752K Free: 776914K (92%)
----------------- Invoking toplevel() on ptolemy.moml.MoMLSimpleApplication@20ce0e0a
----------------- Done invoking toplevel() on ptolemy.moml.MoMLSimpleApplication@20ce0e0a
reloadAllAccessors: .ComputeHistogram

===========================================================================================
----------------- testing Wed Jul 10 15:31:47 UTC 2019 /home/travis/build/icyphy/ptII/ptolemy/actor/lib/test/auto/ConfigurationSelect.xml
----------------- Instantiating /home/travis/build/icyphy/ptII/ptolemy/actor/lib/test/auto/ConfigurationSelect.xml
8 ms. Memory: 842752K Free: 771763K (92%)
----------------- Invoking toplevel() on ptolemy.moml.MoMLSimpleApplication@33f786eb
----------------- Done invoking toplevel() on ptolemy.moml.MoMLSimpleApplication@33f786eb
reloadAllAccessors: .ConfigurationSelect

===========================================================================================
----------------- testing Wed Jul 10 15:31:47 UTC 2019 /home/travis/build/icyphy/ptII/ptolemy/actor/lib/test/auto/ConfigurationSelect2.xml
----------------- Instantiating /home/travis/build/icyphy/ptII/ptolemy/actor/lib/test/auto/ConfigurationSelect2.xml
2 ms. Memory: 842752K Free: 767188K (91%)
----------------- Invoking toplevel() on ptolemy.moml.MoMLSimpleApplication@14c2ff64
----------------- Done invoking toplevel() on ptolemy.moml.MoMLSimpleApplication@14c2ff64
reloadAllAccessors: .ConfigurationSelect2

===========================================================================================
----------------- testing Wed Jul 10 15:31:47 UTC 2019 /home/travis/build/icyphy/ptII/ptolemy/actor/lib/test/auto/ConfigurationSwitch.xml
----------------- Instantiating /home/travis/build/icyphy/ptII/ptolemy/actor/lib/test/auto/ConfigurationSwitch.xml
3 ms. Memory: 842752K Free: 761554K (90%)
----------------- Invoking toplevel() on ptolemy.moml.MoMLSimpleApplication@958d240
----------------- Done invoking toplevel() on ptolemy.moml.MoMLSimpleApplication@958d240
reloadAllAccessors: .ConfigurationSwitch

===========================================================================================
----------------- testing Wed Jul 10 15:31:47 UTC 2019 /home/travis/build/icyphy/ptII/ptolemy/actor/lib/test/auto/ConfigurationSwitch2.xml
----------------- Instantiating /home/travis/build/icyphy/ptII/ptolemy/actor/lib/test/auto/ConfigurationSwitch2.xml
4 ms. Memory: 842752K Free: 756434K (90%)
----------------- Invoking toplevel() on ptolemy.moml.MoMLSimpleApplication@4d0cbaa2
----------------- Done invoking toplevel() on ptolemy.moml.MoMLSimpleApplication@4d0cbaa2
reloadAllAccessors: .ConfigurationSwitch2

===========================================================================================
----------------- testing Wed Jul 10 15:31:47 UTC 2019 /home/travis/build/icyphy/ptII/ptolemy/actor/lib/test/auto/ConfigurationSwitchCloningBugWithClassRelationGroup.xml
----------------- Instantiating /home/travis/build/icyphy/ptII/ptolemy/actor/lib/test/auto/ConfigurationSwitchCloningBugWithClassRelationGroup.xml
1 ms. Memory: 842752K Free: 749780K (89%)
----------------- Invoking toplevel() on ptolemy.moml.MoMLSimpleApplication@406fbed6
----------------- Done invoking toplevel() on ptolemy.moml.MoMLSimpleApplication@406fbed6
reloadAllAccessors: .ConfigurationSwitchCloningBugWithClassRelationGroup

===========================================================================================
----------------- testing Wed Jul 10 15:31:47 UTC 2019 /home/travis/build/icyphy/ptII/ptolemy/actor/lib/test/auto/ConfigurationSwitchSelectSDF.xml
----------------- Instantiating /home/travis/build/icyphy/ptII/ptolemy/actor/lib/test/auto/ConfigurationSwitchSelectSDF.xml
6 ms. Memory: 842752K Free: 744146K (88%)
----------------- Invoking toplevel() on ptolemy.moml.MoMLSimpleApplication@1b3c9ea6
----------------- Done invoking toplevel() on ptolemy.moml.MoMLSimpleApplication@1b3c9ea6
reloadAllAccessors: .ConfigurationSwitchSelectSDF

===========================================================================================
----------------- testing Wed Jul 10 15:31:47 UTC 2019 /home/travis/build/icyphy/ptII/ptolemy/actor/lib/test/auto/ConfigurationSwitchSelectSDF2.xml
----------------- Instantiating /home/travis/build/icyphy/ptII/ptolemy/actor/lib/test/auto/ConfigurationSwitchSelectSDF2.xml
2 ms. Memory: 842752K Free: 738516K (88%)
----------------- Invoking toplevel() on ptolemy.moml.MoMLSimpleApplication@6331636
----------------- Done invoking toplevel() on ptolemy.moml.MoMLSimpleApplication@6331636
reloadAllAccessors: .ConfigurationSwitchSelectSDF2

===========================================================================================
----------------- testing Wed Jul 10 15:31:47 UTC 2019 /home/travis/build/icyphy/ptII/ptolemy/actor/lib/test/auto/Const.xml
----------------- Instantiating /home/travis/build/icyphy/ptII/ptolemy/actor/lib/test/auto/Const.xml
7 ms. Memory: 842752K Free: 734930K (87%)
----------------- Invoking toplevel() on ptolemy.moml.MoMLSimpleApplication@5273911b
----------------- Done invoking toplevel() on ptolemy.moml.MoMLSimpleApplication@5273911b
reloadAllAccessors: .Const

===========================================================================================
----------------- testing Wed Jul 10 15:31:47 UTC 2019 /home/travis/build/icyphy/ptII/ptolemy/actor/lib/test/auto/Const2.xml
----------------- Instantiating /home/travis/build/icyphy/ptII/ptolemy/actor/lib/test/auto/Const2.xml
3 ms. Memory: 842752K Free: 731348K (87%)
----------------- Invoking toplevel() on ptolemy.moml.MoMLSimpleApplication@4615c35
----------------- Done invoking toplevel() on ptolemy.moml.MoMLSimpleApplication@4615c35
reloadAllAccessors: .Const2

===========================================================================================
----------------- testing Wed Jul 10 15:31:47 UTC 2019 /home/travis/build/icyphy/ptII/ptolemy/actor/lib/test/auto/Const3.xml
----------------- Instantiating /home/travis/build/icyphy/ptII/ptolemy/actor/lib/test/auto/Const3.xml
1 ms. Memory: 842752K Free: 728276K (86%)
----------------- Invoking toplevel() on ptolemy.moml.MoMLSimpleApplication@67519c50
----------------- Done invoking toplevel() on ptolemy.moml.MoMLSimpleApplication@67519c50
reloadAllAccessors: .Const3

===========================================================================================
----------------- testing Wed Jul 10 15:31:47 UTC 2019 /home/travis/build/icyphy/ptII/ptolemy/actor/lib/test/auto/ConstantPublisherPort1.xml
----------------- Instantiating /home/travis/build/icyphy/ptII/ptolemy/actor/lib/test/auto/ConstantPublisherPort1.xml
5 ms. Memory: 842752K Free: 719570K (85%)
----------------- Invoking toplevel() on ptolemy.moml.MoMLSimpleApplication@18cf37ee
----------------- Done invoking toplevel() on ptolemy.moml.MoMLSimpleApplication@18cf37ee
reloadAllAccessors: .ConstantPublisherPort1

===========================================================================================
----------------- testing Wed Jul 10 15:31:47 UTC 2019 /home/travis/build/icyphy/ptII/ptolemy/actor/lib/test/auto/ConstantPublisherPort2.xml
----------------- Instantiating /home/travis/build/icyphy/ptII/ptolemy/actor/lib/test/auto/ConstantPublisherPort2.xml
5 ms. Memory: 842752K Free: 712402K (85%)
----------------- Invoking toplevel() on ptolemy.moml.MoMLSimpleApplication@120b58a7
----------------- Done invoking toplevel() on ptolemy.moml.MoMLSimpleApplication@120b58a7
reloadAllAccessors: .ConstantPublisherPort2

===========================================================================================
----------------- testing Wed Jul 10 15:31:47 UTC 2019 /home/travis/build/icyphy/ptII/ptolemy/actor/lib/test/auto/ConstantPublisherPort3.xml
----------------- Instantiating /home/travis/build/icyphy/ptII/ptolemy/actor/lib/test/auto/ConstantPublisherPort3.xml
5 ms. Memory: 842752K Free: 704724K (84%)
----------------- Invoking toplevel() on ptolemy.moml.MoMLSimpleApplication@7f94e822
----------------- Done invoking toplevel() on ptolemy.moml.MoMLSimpleApplication@7f94e822
reloadAllAccessors: .ConstantPublisherPort3

===========================================================================================
----------------- testing Wed Jul 10 15:31:47 UTC 2019 /home/travis/build/icyphy/ptII/ptolemy/actor/lib/test/auto/ConstantPublisherPort4.xml
----------------- Instantiating /home/travis/build/icyphy/ptII/ptolemy/actor/lib/test/auto/ConstantPublisherPort4.xml
3 ms. Memory: 842752K Free: 697556K (83%)
----------------- Invoking toplevel() on ptolemy.moml.MoMLSimpleApplication@76278cfa
----------------- Done invoking toplevel() on ptolemy.moml.MoMLSimpleApplication@76278cfa
reloadAllAccessors: .ConstantPublisherPort4

===========================================================================================
----------------- testing Wed Jul 10 15:31:47 UTC 2019 /home/travis/build/icyphy/ptII/ptolemy/actor/lib/test/auto/ConstantPublisherPort5.xml
----------------- Instantiating /home/travis/build/icyphy/ptII/ptolemy/actor/lib/test/auto/ConstantPublisherPort5.xml
32 ms. Memory: 842752K Free: 688340K (82%)
----------------- Invoking toplevel() on ptolemy.moml.MoMLSimpleApplication@2c1c0ac7
----------------- Done invoking toplevel() on ptolemy.moml.MoMLSimpleApplication@2c1c0ac7
reloadAllAccessors: .ConstantPublisherPort5

===========================================================================================
----------------- testing Wed Jul 10 15:31:47 UTC 2019 /home/travis/build/icyphy/ptII/ptolemy/actor/lib/test/auto/ConstantPublisherPort6.xml
----------------- Instantiating /home/travis/build/icyphy/ptII/ptolemy/actor/lib/test/auto/ConstantPublisherPort6.xml
14 ms. Memory: 842752K Free: 679124K (81%)
----------------- Invoking toplevel() on ptolemy.moml.MoMLSimpleApplication@2b980a23
----------------- Done invoking toplevel() on ptolemy.moml.MoMLSimpleApplication@2b980a23
reloadAllAccessors: .ConstantPublisherPort6

===========================================================================================
----------------- testing Wed Jul 10 15:31:47 UTC 2019 /home/travis/build/icyphy/ptII/ptolemy/actor/lib/test/auto/ConstantPublisherPort7.xml
----------------- Instantiating /home/travis/build/icyphy/ptII/ptolemy/actor/lib/test/auto/ConstantPublisherPort7.xml
16 ms. Memory: 842752K Free: 669908K (79%)
----------------- Invoking toplevel() on ptolemy.moml.MoMLSimpleApplication@1c845b14
----------------- Done invoking toplevel() on ptolemy.moml.MoMLSimpleApplication@1c845b14
reloadAllAccessors: .ConstantPublisherPort7

===========================================================================================
----------------- testing Wed Jul 10 15:31:47 UTC 2019 /home/travis/build/icyphy/ptII/ptolemy/actor/lib/test/auto/ConstraintMonitor1.xml
----------------- Instantiating /home/travis/build/icyphy/ptII/ptolemy/actor/lib/test/auto/ConstraintMonitor1.xml
6 ms. Memory: 842752K Free: 665298K (79%)
----------------- Invoking toplevel() on ptolemy.moml.MoMLSimpleApplication@693a728
----------------- Done invoking toplevel() on ptolemy.moml.MoMLSimpleApplication@693a728
reloadAllAccessors: .ConstraintMonitor1

===========================================================================================
----------------- testing Wed Jul 10 15:31:47 UTC 2019 /home/travis/build/icyphy/ptII/ptolemy/actor/lib/test/auto/ConstraintMonitor2.xml
----------------- Instantiating /home/travis/build/icyphy/ptII/ptolemy/actor/lib/test/auto/ConstraintMonitor2.xml
2 ms. Memory: 842752K Free: 660692K (78%)
----------------- Invoking toplevel() on ptolemy.moml.MoMLSimpleApplication@15828228
----------------- Done invoking toplevel() on ptolemy.moml.MoMLSimpleApplication@15828228
reloadAllAccessors: .ConstraintMonitor2

===========================================================================================
----------------- testing Wed Jul 10 15:31:47 UTC 2019 /home/travis/build/icyphy/ptII/ptolemy/actor/lib/test/auto/ConstraintMonitor3.xml
----------------- Instantiating /home/travis/build/icyphy/ptII/ptolemy/actor/lib/test/auto/ConstraintMonitor3.xml
5 ms. Memory: 842752K Free: 655572K (78%)
----------------- Invoking toplevel() on ptolemy.moml.MoMLSimpleApplication@66c1e1e8
----------------- Done invoking toplevel() on ptolemy.moml.MoMLSimpleApplication@66c1e1e8
reloadAllAccessors: .ConstraintMonitor3

===========================================================================================
----------------- testing Wed Jul 10 15:31:47 UTC 2019 /home/travis/build/icyphy/ptII/ptolemy/actor/lib/test/auto/ConstraintMonitor4.xml
----------------- Instantiating /home/travis/build/icyphy/ptII/ptolemy/actor/lib/test/auto/ConstraintMonitor4.xml
4 ms. Memory: 842752K Free: 650962K (77%)
----------------- Invoking toplevel() on ptolemy.moml.MoMLSimpleApplication@27b0f770
----------------- Done invoking toplevel() on ptolemy.moml.MoMLSimpleApplication@27b0f770
reloadAllAccessors: .ConstraintMonitor4

===========================================================================================
----------------- testing Wed Jul 10 15:31:47 UTC 2019 /home/travis/build/icyphy/ptII/ptolemy/actor/lib/test/auto/ConstraintMonitor5.xml
----------------- Instantiating /home/travis/build/icyphy/ptII/ptolemy/actor/lib/test/auto/ConstraintMonitor5.xml
5 ms. Memory: 842752K Free: 645842K (77%)
----------------- Invoking toplevel() on ptolemy.moml.MoMLSimpleApplication@be72496
----------------- Done invoking toplevel() on ptolemy.moml.MoMLSimpleApplication@be72496
reloadAllAccessors: .ConstraintMonitor5

===========================================================================================
----------------- testing Wed Jul 10 15:31:47 UTC 2019 /home/travis/build/icyphy/ptII/ptolemy/actor/lib/test/auto/ConstraintMonitor6.xml
----------------- Instantiating /home/travis/build/icyphy/ptII/ptolemy/actor/lib/test/auto/ConstraintMonitor6.xml
3 ms. Memory: 842752K Free: 639683K (76%)
----------------- Invoking toplevel() on ptolemy.moml.MoMLSimpleApplication@cdef8c6
----------------- Done invoking toplevel() on ptolemy.moml.MoMLSimpleApplication@cdef8c6
reloadAllAccessors: .ConstraintMonitor6

===========================================================================================
----------------- testing Wed Jul 10 15:31:47 UTC 2019 /home/travis/build/icyphy/ptII/ptolemy/actor/lib/test/auto/ConstraintMonitor7.xml
----------------- Instantiating /home/travis/build/icyphy/ptII/ptolemy/actor/lib/test/auto/ConstraintMonitor7.xml
6 ms. Memory: 842752K Free: 633547K (75%)
----------------- Invoking toplevel() on ptolemy.moml.MoMLSimpleApplication@69c74f2c
----------------- Done invoking toplevel() on ptolemy.moml.MoMLSimpleApplication@69c74f2c
reloadAllAccessors: .ConstraintMonitor7

===========================================================================================
----------------- testing Wed Jul 10 15:31:47 UTC 2019 /home/travis/build/icyphy/ptII/ptolemy/actor/lib/test/auto/ConstraintMonitor8.xml
----------------- Instantiating /home/travis/build/icyphy/ptII/ptolemy/actor/lib/test/auto/ConstraintMonitor8.xml
7 ms. Memory: 842752K Free: 625876K (74%)
----------------- Invoking toplevel() on ptolemy.moml.MoMLSimpleApplication@15f65e08
----------------- Done invoking toplevel() on ptolemy.moml.MoMLSimpleApplication@15f65e08
reloadAllAccessors: .ConstraintMonitor8

===========================================================================================
----------------- testing Wed Jul 10 15:31:47 UTC 2019 /home/travis/build/icyphy/ptII/ptolemy/actor/lib/test/auto/Counter.xml
----------------- Instantiating /home/travis/build/icyphy/ptII/ptolemy/actor/lib/test/auto/Counter.xml
2 ms. Memory: 842752K Free: 620756K (74%)
----------------- Invoking toplevel() on ptolemy.moml.MoMLSimpleApplication@303523a9
----------------- Done invoking toplevel() on ptolemy.moml.MoMLSimpleApplication@303523a9
reloadAllAccessors: .Counter

===========================================================================================
----------------- testing Wed Jul 10 15:31:47 UTC 2019 /home/travis/build/icyphy/ptII/ptolemy/actor/lib/test/auto/CurrentTimeSDF.xml
----------------- Instantiating /home/travis/build/icyphy/ptII/ptolemy/actor/lib/test/auto/CurrentTimeSDF.xml
1 ms. Memory: 842752K Free: 617170K (73%)
----------------- Invoking toplevel() on ptolemy.moml.MoMLSimpleApplication@1d1b952
----------------- Done invoking toplevel() on ptolemy.moml.MoMLSimpleApplication@1d1b952
reloadAllAccessors: .CurrentTimeSDF

===========================================================================================
----------------- testing Wed Jul 10 15:31:47 UTC 2019 /home/travis/build/icyphy/ptII/ptolemy/actor/lib/test/auto/DB.xml
----------------- Instantiating /home/travis/build/icyphy/ptII/ptolemy/actor/lib/test/auto/DB.xml
3 ms. Memory: 842752K Free: 612050K (73%)
----------------- Invoking toplevel() on ptolemy.moml.MoMLSimpleApplication@29482f32
----------------- Done invoking toplevel() on ptolemy.moml.MoMLSimpleApplication@29482f32
reloadAllAccessors: .DB

===========================================================================================
----------------- testing Wed Jul 10 15:31:47 UTC 2019 /home/travis/build/icyphy/ptII/ptolemy/actor/lib/test/auto/DBDE.xml
----------------- Instantiating /home/travis/build/icyphy/ptII/ptolemy/actor/lib/test/auto/DBDE.xml
3 ms. Memory: 842752K Free: 605891K (72%)
----------------- Invoking toplevel() on ptolemy.moml.MoMLSimpleApplication@2efa39b6
----------------- Done invoking toplevel() on ptolemy.moml.MoMLSimpleApplication@2efa39b6
reloadAllAccessors: .DBDE

===========================================================================================
----------------- testing Wed Jul 10 15:31:47 UTC 2019 /home/travis/build/icyphy/ptII/ptolemy/actor/lib/test/auto/DateConstructor.xml
----------------- Instantiating /home/travis/build/icyphy/ptII/ptolemy/actor/lib/test/auto/DateConstructor.xml
36 ms. Memory: 842752K Free: 587474K (70%)
----------------- Invoking toplevel() on ptolemy.moml.MoMLSimpleApplication@7dba9a84
----------------- Done invoking toplevel() on ptolemy.moml.MoMLSimpleApplication@7dba9a84
reloadAllAccessors: .DateConstructor

===========================================================================================
----------------- testing Wed Jul 10 15:31:47 UTC 2019 /home/travis/build/icyphy/ptII/ptolemy/actor/lib/test/auto/DelayTime.xml
----------------- Instantiating /home/travis/build/icyphy/ptII/ptolemy/actor/lib/test/auto/DelayTime.xml
7 ms. Memory: 842752K Free: 582868K (69%)
----------------- Invoking toplevel() on ptolemy.moml.MoMLSimpleApplication@2636c6bf
----------------- Done invoking toplevel() on ptolemy.moml.MoMLSimpleApplication@2636c6bf
reloadAllAccessors: .DelayTime

===========================================================================================
----------------- testing Wed Jul 10 15:31:47 UTC 2019 /home/travis/build/icyphy/ptII/ptolemy/actor/lib/test/auto/Dictionary1.xml
----------------- Instantiating /home/travis/build/icyphy/ptII/ptolemy/actor/lib/test/auto/Dictionary1.xml
2 ms. Memory: 842752K Free: 577234K (68%)
----------------- Invoking toplevel() on ptolemy.moml.MoMLSimpleApplication@2a76716c
----------------- Done invoking toplevel() on ptolemy.moml.MoMLSimpleApplication@2a76716c
reloadAllAccessors: .Dictionary1

===========================================================================================
----------------- testing Wed Jul 10 15:31:48 UTC 2019 /home/travis/build/icyphy/ptII/ptolemy/actor/lib/test/auto/Dictionary2.xml
----------------- Instantiating /home/travis/build/icyphy/ptII/ptolemy/actor/lib/test/auto/Dictionary2.xml
2 ms. Memory: 842752K Free: 571604K (68%)
----------------- Invoking toplevel() on ptolemy.moml.MoMLSimpleApplication@55cb50ba
----------------- Done invoking toplevel() on ptolemy.moml.MoMLSimpleApplication@55cb50ba
reloadAllAccessors: .Dictionary2

===========================================================================================
----------------- testing Wed Jul 10 15:31:48 UTC 2019 /home/travis/build/icyphy/ptII/ptolemy/actor/lib/test/auto/Dictionary3.xml
----------------- Instantiating /home/travis/build/icyphy/ptII/ptolemy/actor/lib/test/auto/Dictionary3.xml
2 ms. Memory: 842752K Free: 566484K (67%)
----------------- Invoking toplevel() on ptolemy.moml.MoMLSimpleApplication@6d6130e4
----------------- Done invoking toplevel() on ptolemy.moml.MoMLSimpleApplication@6d6130e4
reloadAllAccessors: .Dictionary3

===========================================================================================
----------------- testing Wed Jul 10 15:31:48 UTC 2019 /home/travis/build/icyphy/ptII/ptolemy/actor/lib/test/auto/Dictionary4.xml
----------------- Instantiating /home/travis/build/icyphy/ptII/ptolemy/actor/lib/test/auto/Dictionary4.xml
7 ms. Memory: 842752K Free: 559316K (66%)
----------------- Invoking toplevel() on ptolemy.moml.MoMLSimpleApplication@61ca79d2
----------------- Done invoking toplevel() on ptolemy.moml.MoMLSimpleApplication@61ca79d2
reloadAllAccessors: .Dictionary4

===========================================================================================
----------------- testing Wed Jul 10 15:31:48 UTC 2019 /home/travis/build/icyphy/ptII/ptolemy/actor/lib/test/auto/Differential.xml
----------------- Instantiating /home/travis/build/icyphy/ptII/ptolemy/actor/lib/test/auto/Differential.xml
4 ms. Memory: 842752K Free: 554706K (66%)
----------------- Invoking toplevel() on ptolemy.moml.MoMLSimpleApplication@37ae4d7a
----------------- Done invoking toplevel() on ptolemy.moml.MoMLSimpleApplication@37ae4d7a
reloadAllAccessors: .Differential

===========================================================================================
----------------- testing Wed Jul 10 15:31:48 UTC 2019 /home/travis/build/icyphy/ptII/ptolemy/actor/lib/test/auto/Director.xml
----------------- Instantiating /home/travis/build/icyphy/ptII/ptolemy/actor/lib/test/auto/Director.xml
2 ms. Memory: 842752K Free: 551634K (65%)
----------------- Invoking toplevel() on ptolemy.moml.MoMLSimpleApplication@673562f3
----------------- Done invoking toplevel() on ptolemy.moml.MoMLSimpleApplication@673562f3
reloadAllAccessors: .Director

===========================================================================================
----------------- testing Wed Jul 10 15:31:48 UTC 2019 /home/travis/build/icyphy/ptII/ptolemy/actor/lib/test/auto/DiscreteClock.xml
----------------- Instantiating /home/travis/build/icyphy/ptII/ptolemy/actor/lib/test/auto/DiscreteClock.xml
2 ms. Memory: 842752K Free: 547538K (65%)
----------------- Invoking toplevel() on ptolemy.moml.MoMLSimpleApplication@7a7ca90e
----------------- Done invoking toplevel() on ptolemy.moml.MoMLSimpleApplication@7a7ca90e
reloadAllAccessors: .DiscreteClock

===========================================================================================
----------------- testing Wed Jul 10 15:31:48 UTC 2019 /home/travis/build/icyphy/ptII/ptolemy/actor/lib/test/auto/DiscreteClock10.xml
----------------- Instantiating /home/travis/build/icyphy/ptII/ptolemy/actor/lib/test/auto/DiscreteClock10.xml
2 ms. Memory: 842752K Free: 541394K (64%)
----------------- Invoking toplevel() on ptolemy.moml.MoMLSimpleApplication@241c9658
----------------- Done invoking toplevel() on ptolemy.moml.MoMLSimpleApplication@241c9658
reloadAllAccessors: .DiscreteClock10

===========================================================================================
----------------- testing Wed Jul 10 15:31:48 UTC 2019 /home/travis/build/icyphy/ptII/ptolemy/actor/lib/test/auto/DiscreteClock11.xml
----------------- Instantiating /home/travis/build/icyphy/ptII/ptolemy/actor/lib/test/auto/DiscreteClock11.xml
2 ms. Memory: 842752K Free: 792786K (94%)
----------------- Invoking toplevel() on ptolemy.moml.MoMLSimpleApplication@73e6ea90
----------------- Done invoking toplevel() on ptolemy.moml.MoMLSimpleApplication@73e6ea90
reloadAllAccessors: .DiscreteClock11

===========================================================================================
----------------- testing Wed Jul 10 15:31:48 UTC 2019 /home/travis/build/icyphy/ptII/ptolemy/actor/lib/test/auto/DiscreteClock12.xml
----------------- Instantiating /home/travis/build/icyphy/ptII/ptolemy/actor/lib/test/auto/DiscreteClock12.xml
3 ms. Memory: 842752K Free: 786642K (93%)
----------------- Invoking toplevel() on ptolemy.moml.MoMLSimpleApplication@4812428c
----------------- Done invoking toplevel() on ptolemy.moml.MoMLSimpleApplication@4812428c
reloadAllAccessors: .DiscreteClock12

===========================================================================================
----------------- testing Wed Jul 10 15:31:48 UTC 2019 /home/travis/build/icyphy/ptII/ptolemy/actor/lib/test/auto/DiscreteClock13.xml
----------------- Instantiating /home/travis/build/icyphy/ptII/ptolemy/actor/lib/test/auto/DiscreteClock13.xml
3 ms. Memory: 842752K Free: 780483K (93%)
----------------- Invoking toplevel() on ptolemy.moml.MoMLSimpleApplication@5187be26
----------------- Done invoking toplevel() on ptolemy.moml.MoMLSimpleApplication@5187be26
reloadAllAccessors: .DiscreteClock13

===========================================================================================
----------------- testing Wed Jul 10 15:31:48 UTC 2019 /home/travis/build/icyphy/ptII/ptolemy/actor/lib/test/auto/DiscreteClock14.xml
----------------- Instantiating /home/travis/build/icyphy/ptII/ptolemy/actor/lib/test/auto/DiscreteClock14.xml
5 ms. Memory: 842752K Free: 774333K (92%)
----------------- Invoking toplevel() on ptolemy.moml.MoMLSimpleApplication@43150771
----------------- Done invoking toplevel() on ptolemy.moml.MoMLSimpleApplication@43150771
reloadAllAccessors: .DiscreteClock14

===========================================================================================
----------------- testing Wed Jul 10 15:31:48 UTC 2019 /home/travis/build/icyphy/ptII/ptolemy/actor/lib/test/auto/DiscreteClock15.xml
----------------- Instantiating /home/travis/build/icyphy/ptII/ptolemy/actor/lib/test/auto/DiscreteClock15.xml
2 ms. Memory: 842752K Free: 768195K (91%)
----------------- Invoking toplevel() on ptolemy.moml.MoMLSimpleApplication@2bdbf52a
----------------- Done invoking toplevel() on ptolemy.moml.MoMLSimpleApplication@2bdbf52a
reloadAllAccessors: .DiscreteClock15

===========================================================================================
----------------- testing Wed Jul 10 15:31:48 UTC 2019 /home/travis/build/icyphy/ptII/ptolemy/actor/lib/test/auto/DiscreteClock16.xml
----------------- Instantiating /home/travis/build/icyphy/ptII/ptolemy/actor/lib/test/auto/DiscreteClock16.xml
16 ms. Memory: 842752K Free: 754898K (90%)
----------------- Invoking toplevel() on ptolemy.moml.MoMLSimpleApplication@304f7e8
----------------- Done invoking toplevel() on ptolemy.moml.MoMLSimpleApplication@304f7e8
reloadAllAccessors: .DiscreteClock16

===========================================================================================
----------------- testing Wed Jul 10 15:31:48 UTC 2019 /home/travis/build/icyphy/ptII/ptolemy/actor/lib/test/auto/DiscreteClock17.xml
----------------- Instantiating /home/travis/build/icyphy/ptII/ptolemy/actor/lib/test/auto/DiscreteClock17.xml
19 ms. Memory: 842752K Free: 740052K (88%)
----------------- Invoking toplevel() on ptolemy.moml.MoMLSimpleApplication@5db6df80
----------------- Done invoking toplevel() on ptolemy.moml.MoMLSimpleApplication@5db6df80
reloadAllAccessors: .DiscreteClock17

===========================================================================================
----------------- testing Wed Jul 10 15:31:48 UTC 2019 /home/travis/build/icyphy/ptII/ptolemy/actor/lib/test/auto/DiscreteClock18.xml
----------------- Instantiating /home/travis/build/icyphy/ptII/ptolemy/actor/lib/test/auto/DiscreteClock18.xml
25 ms. Memory: 842752K Free: 726740K (86%)
----------------- Invoking toplevel() on ptolemy.moml.MoMLSimpleApplication@41d8fe4
----------------- Done invoking toplevel() on ptolemy.moml.MoMLSimpleApplication@41d8fe4
reloadAllAccessors: .DiscreteClock18

===========================================================================================
----------------- testing Wed Jul 10 15:31:48 UTC 2019 /home/travis/build/icyphy/ptII/ptolemy/actor/lib/test/auto/DiscreteClock19.xml
----------------- Instantiating /home/travis/build/icyphy/ptII/ptolemy/actor/lib/test/auto/DiscreteClock19.xml
11 ms. Memory: 842752K Free: 713428K (85%)
----------------- Invoking toplevel() on ptolemy.moml.MoMLSimpleApplication@5c7c0865
----------------- Done invoking toplevel() on ptolemy.moml.MoMLSimpleApplication@5c7c0865
reloadAllAccessors: .DiscreteClock19

===========================================================================================
----------------- testing Wed Jul 10 15:31:48 UTC 2019 /home/travis/build/icyphy/ptII/ptolemy/actor/lib/test/auto/DiscreteClock2.xml
----------------- Instantiating /home/travis/build/icyphy/ptII/ptolemy/actor/lib/test/auto/DiscreteClock2.xml
4 ms. Memory: 842752K Free: 708308K (84%)
----------------- Invoking toplevel() on ptolemy.moml.MoMLSimpleApplication@ddc34bb
----------------- Done invoking toplevel() on ptolemy.moml.MoMLSimpleApplication@ddc34bb
reloadAllAccessors: .DiscreteClock2

===========================================================================================
----------------- testing Wed Jul 10 15:31:48 UTC 2019 /home/travis/build/icyphy/ptII/ptolemy/actor/lib/test/auto/DiscreteClock20.xml
----------------- Instantiating /home/travis/build/icyphy/ptII/ptolemy/actor/lib/test/auto/DiscreteClock20.xml
5 ms. Memory: 842752K Free: 702674K (83%)
----------------- Invoking toplevel() on ptolemy.moml.MoMLSimpleApplication@6e899c4f
----------------- Done invoking toplevel() on ptolemy.moml.MoMLSimpleApplication@6e899c4f
reloadAllAccessors: .DiscreteClock20

===========================================================================================
----------------- testing Wed Jul 10 15:31:48 UTC 2019 /home/travis/build/icyphy/ptII/ptolemy/actor/lib/test/auto/DiscreteClock21.xml
----------------- Instantiating /home/travis/build/icyphy/ptII/ptolemy/actor/lib/test/auto/DiscreteClock21.xml
5 ms. Memory: 842752K Free: 697044K (83%)
----------------- Invoking toplevel() on ptolemy.moml.MoMLSimpleApplication@7bf6ba7e
----------------- Done invoking toplevel() on ptolemy.moml.MoMLSimpleApplication@7bf6ba7e
reloadAllAccessors: .DiscreteClock21

===========================================================================================
----------------- testing Wed Jul 10 15:31:48 UTC 2019 /home/travis/build/icyphy/ptII/ptolemy/actor/lib/test/auto/DiscreteClock22.xml
----------------- Instantiating /home/travis/build/icyphy/ptII/ptolemy/actor/lib/test/auto/DiscreteClock22.xml
4 ms. Memory: 842752K Free: 691410K (82%)
----------------- Invoking toplevel() on ptolemy.moml.MoMLSimpleApplication@2b0b151f
----------------- Done invoking toplevel() on ptolemy.moml.MoMLSimpleApplication@2b0b151f
reloadAllAccessors: .DiscreteClock22

===========================================================================================
----------------- testing Wed Jul 10 15:31:48 UTC 2019 /home/travis/build/icyphy/ptII/ptolemy/actor/lib/test/auto/DiscreteClock23.xml
----------------- Instantiating /home/travis/build/icyphy/ptII/ptolemy/actor/lib/test/auto/DiscreteClock23.xml
4 ms. Memory: 842752K Free: 686290K (81%)
----------------- Invoking toplevel() on ptolemy.moml.MoMLSimpleApplication@27379f6
----------------- Done invoking toplevel() on ptolemy.moml.MoMLSimpleApplication@27379f6
reloadAllAccessors: .DiscreteClock23

===========================================================================================
----------------- testing Wed Jul 10 15:31:48 UTC 2019 /home/travis/build/icyphy/ptII/ptolemy/actor/lib/test/auto/DiscreteClock24.xml
----------------- Instantiating /home/travis/build/icyphy/ptII/ptolemy/actor/lib/test/auto/DiscreteClock24.xml
5 ms. Memory: 842752K Free: 680660K (81%)
----------------- Invoking toplevel() on ptolemy.moml.MoMLSimpleApplication@50201d5e
----------------- Done invoking toplevel() on ptolemy.moml.MoMLSimpleApplication@50201d5e
reloadAllAccessors: .DiscreteClock24

===========================================================================================
----------------- testing Wed Jul 10 15:31:48 UTC 2019 /home/travis/build/icyphy/ptII/ptolemy/actor/lib/test/auto/DiscreteClock4.xml
----------------- Instantiating /home/travis/build/icyphy/ptII/ptolemy/actor/lib/test/auto/DiscreteClock4.xml
4 ms. Memory: 842752K Free: 675011K (80%)
----------------- Invoking toplevel() on ptolemy.moml.MoMLSimpleApplication@4e84694a
----------------- Done invoking toplevel() on ptolemy.moml.MoMLSimpleApplication@4e84694a
reloadAllAccessors: .DiscreteClock4

===========================================================================================
----------------- testing Wed Jul 10 15:31:48 UTC 2019 /home/travis/build/icyphy/ptII/ptolemy/actor/lib/test/auto/DiscreteClock5.xml
----------------- Instantiating /home/travis/build/icyphy/ptII/ptolemy/actor/lib/test/auto/DiscreteClock5.xml
1 ms. Memory: 842752K Free: 669396K (79%)
----------------- Invoking toplevel() on ptolemy.moml.MoMLSimpleApplication@71a4a107
----------------- Done invoking toplevel() on ptolemy.moml.MoMLSimpleApplication@71a4a107
reloadAllAccessors: .DiscreteClock5

===========================================================================================
----------------- testing Wed Jul 10 15:31:48 UTC 2019 /home/travis/build/icyphy/ptII/ptolemy/actor/lib/test/auto/DiscreteClock6.xml
----------------- Instantiating /home/travis/build/icyphy/ptII/ptolemy/actor/lib/test/auto/DiscreteClock6.xml
1 ms. Memory: 842752K Free: 665810K (79%)
----------------- Invoking toplevel() on ptolemy.moml.MoMLSimpleApplication@12bdba85
----------------- Done invoking toplevel() on ptolemy.moml.MoMLSimpleApplication@12bdba85
reloadAllAccessors: .DiscreteClock6

===========================================================================================
----------------- testing Wed Jul 10 15:31:48 UTC 2019 /home/travis/build/icyphy/ptII/ptolemy/actor/lib/test/auto/DiscreteClock7.xml
----------------- Instantiating /home/travis/build/icyphy/ptII/ptolemy/actor/lib/test/auto/DiscreteClock7.xml
2 ms. Memory: 842752K Free: 660690K (78%)
----------------- Invoking toplevel() on ptolemy.moml.MoMLSimpleApplication@4649caa0
----------------- Done invoking toplevel() on ptolemy.moml.MoMLSimpleApplication@4649caa0
reloadAllAccessors: .DiscreteClock7

===========================================================================================
----------------- testing Wed Jul 10 15:31:48 UTC 2019 /home/travis/build/icyphy/ptII/ptolemy/actor/lib/test/auto/DiscreteClock8.xml
----------------- Instantiating /home/travis/build/icyphy/ptII/ptolemy/actor/lib/test/auto/DiscreteClock8.xml
5 ms. Memory: 842752K Free: 655060K (78%)
----------------- Invoking toplevel() on ptolemy.moml.MoMLSimpleApplication@4353349a
----------------- Done invoking toplevel() on ptolemy.moml.MoMLSimpleApplication@4353349a
reloadAllAccessors: .DiscreteClock8

===========================================================================================
----------------- testing Wed Jul 10 15:31:48 UTC 2019 /home/travis/build/icyphy/ptII/ptolemy/actor/lib/test/auto/DiscreteClock9.xml
----------------- Instantiating /home/travis/build/icyphy/ptII/ptolemy/actor/lib/test/auto/DiscreteClock9.xml
5 ms. Memory: 842752K Free: 649419K (77%)
----------------- Invoking toplevel() on ptolemy.moml.MoMLSimpleApplication@78b582c1
----------------- Done invoking toplevel() on ptolemy.moml.MoMLSimpleApplication@78b582c1
reloadAllAccessors: .DiscreteClock9

===========================================================================================
----------------- testing Wed Jul 10 15:31:48 UTC 2019 /home/travis/build/icyphy/ptII/ptolemy/actor/lib/test/auto/DisplayArray.xml
----------------- Instantiating /home/travis/build/icyphy/ptII/ptolemy/actor/lib/test/auto/DisplayArray.xml
4 ms. Memory: 842752K Free: 646354K (77%)
----------------- Invoking toplevel() on ptolemy.moml.MoMLSimpleApplication@73ff5098
----------------- Done invoking toplevel() on ptolemy.moml.MoMLSimpleApplication@73ff5098
reloadAllAccessors: .DisplayArray

===========================================================================================
----------------- testing Wed Jul 10 15:31:48 UTC 2019 /home/travis/build/icyphy/ptII/ptolemy/actor/lib/test/auto/Distributor.xml
----------------- Instantiating /home/travis/build/icyphy/ptII/ptolemy/actor/lib/test/auto/Distributor.xml
2 ms. Memory: 842752K Free: 641234K (76%)
----------------- Invoking toplevel() on ptolemy.moml.MoMLSimpleApplication@6b374417
----------------- Done invoking toplevel() on ptolemy.moml.MoMLSimpleApplication@6b374417
reloadAllAccessors: .Distributor

===========================================================================================
----------------- testing Wed Jul 10 15:31:48 UTC 2019 /home/travis/build/icyphy/ptII/ptolemy/actor/lib/test/auto/Distributor2.xml
----------------- Instantiating /home/travis/build/icyphy/ptII/ptolemy/actor/lib/test/auto/Distributor2.xml
2 ms. Memory: 842752K Free: 636114K (75%)
----------------- Invoking toplevel() on ptolemy.moml.MoMLSimpleApplication@124ad949
----------------- Done invoking toplevel() on ptolemy.moml.MoMLSimpleApplication@124ad949
reloadAllAccessors: .Distributor2

===========================================================================================
----------------- testing Wed Jul 10 15:31:48 UTC 2019 /home/travis/build/icyphy/ptII/ptolemy/actor/lib/test/auto/DownSample.xml
----------------- Instantiating /home/travis/build/icyphy/ptII/ptolemy/actor/lib/test/auto/DownSample.xml
2 ms. Memory: 842752K Free: 631508K (75%)
----------------- Invoking toplevel() on ptolemy.moml.MoMLSimpleApplication@1bee3230
----------------- Done invoking toplevel() on ptolemy.moml.MoMLSimpleApplication@1bee3230
reloadAllAccessors: .DownSample

===========================================================================================
----------------- testing Wed Jul 10 15:31:48 UTC 2019 /home/travis/build/icyphy/ptII/ptolemy/actor/lib/test/auto/ElectronicUnitBase1.xml
----------------- Instantiating /home/travis/build/icyphy/ptII/ptolemy/actor/lib/test/auto/ElectronicUnitBase1.xml
20 ms. Memory: 842752K Free: 615634K (73%)
----------------- Invoking toplevel() on ptolemy.moml.MoMLSimpleApplication@715d3b1b
----------------- Done invoking toplevel() on ptolemy.moml.MoMLSimpleApplication@715d3b1b
reloadAllAccessors: .ElectronicUnitBase1

===========================================================================================
----------------- testing Wed Jul 10 15:31:48 UTC 2019 /home/travis/build/icyphy/ptII/ptolemy/actor/lib/test/auto/ElementsToArray.xml
----------------- Instantiating /home/travis/build/icyphy/ptII/ptolemy/actor/lib/test/auto/ElementsToArray.xml
3 ms. Memory: 842752K Free: 611028K (73%)
----------------- Invoking toplevel() on ptolemy.moml.MoMLSimpleApplication@785698c9
----------------- Done invoking toplevel() on ptolemy.moml.MoMLSimpleApplication@785698c9
reloadAllAccessors: .ElementsToArray

===========================================================================================
----------------- testing Wed Jul 10 15:31:49 UTC 2019 /home/travis/build/icyphy/ptII/ptolemy/actor/lib/test/auto/Equals.xml
----------------- Instantiating /home/travis/build/icyphy/ptII/ptolemy/actor/lib/test/auto/Equals.xml
4 ms. Memory: 842752K Free: 606418K (72%)
----------------- Invoking toplevel() on ptolemy.moml.MoMLSimpleApplication@2f652bd9
----------------- Done invoking toplevel() on ptolemy.moml.MoMLSimpleApplication@2f652bd9
reloadAllAccessors: .Equals

===========================================================================================
----------------- testing Wed Jul 10 15:31:49 UTC 2019 /home/travis/build/icyphy/ptII/ptolemy/actor/lib/test/auto/Exec.xml
----------------- Instantiating /home/travis/build/icyphy/ptII/ptolemy/actor/lib/test/auto/Exec.xml
22 ms. Memory: 842752K Free: 600788K (71%)
----------------- Invoking toplevel() on ptolemy.moml.MoMLSimpleApplication@670adccd
----------------- Done invoking toplevel() on ptolemy.moml.MoMLSimpleApplication@670adccd
reloadAllAccessors: .Exec

===========================================================================================
----------------- testing Wed Jul 10 15:31:49 UTC 2019 /home/travis/build/icyphy/ptII/ptolemy/actor/lib/test/auto/ExecEnvironment.xml
----------------- Instantiating /home/travis/build/icyphy/ptII/ptolemy/actor/lib/test/auto/ExecEnvironment.xml
31 ms. Memory: 842752K Free: 595668K (71%)
----------------- Invoking toplevel() on ptolemy.moml.MoMLSimpleApplication@25424a51
----------------- Done invoking toplevel() on ptolemy.moml.MoMLSimpleApplication@25424a51
reloadAllAccessors: .ExecEnvironment

===========================================================================================
----------------- testing Wed Jul 10 15:31:49 UTC 2019 /home/travis/build/icyphy/ptII/ptolemy/actor/lib/test/auto/ExecNonZeroReturnOutput.xml
----------------- Instantiating /home/travis/build/icyphy/ptII/ptolemy/actor/lib/test/auto/ExecNonZeroReturnOutput.xml
186 ms. Memory: 842752K Free: 584914K (69%)
----------------- Invoking toplevel() on ptolemy.moml.MoMLSimpleApplication@134890c2
----------------- Done invoking toplevel() on ptolemy.moml.MoMLSimpleApplication@134890c2
reloadAllAccessors: .ExecNonZeroReturnOutput

===========================================================================================
----------------- testing Wed Jul 10 15:31:49 UTC 2019 /home/travis/build/icyphy/ptII/ptolemy/actor/lib/test/auto/ExecRunDemos.xml
----------------- Instantiating /home/travis/build/icyphy/ptII/ptolemy/actor/lib/test/auto/ExecRunDemos.xml
11815 ms. Memory: 842752K Free: 564948K (67%)

===========================================================================================
----------------- testing Wed Jul 10 15:32:01 UTC 2019 /home/travis/build/icyphy/ptII/ptolemy/actor/lib/test/auto/ExecStop.xml
----------------- Instantiating /home/travis/build/icyphy/ptII/ptolemy/actor/lib/test/auto/ExecStop.xml
5025 ms. Memory: 842752K Free: 724905K (86%)
----------------- Invoking toplevel() on ptolemy.moml.MoMLSimpleApplication@19cebd4b
----------------- Done invoking toplevel() on ptolemy.moml.MoMLSimpleApplication@19cebd4b
reloadAllAccessors: .ExecStop

===========================================================================================
----------------- testing Wed Jul 10 15:32:06 UTC 2019 /home/travis/build/icyphy/ptII/ptolemy/actor/lib/test/auto/ExecutionTimeSDF.xml
----------------- Instantiating /home/travis/build/icyphy/ptII/ptolemy/actor/lib/test/auto/ExecutionTimeSDF.xml
Fired ExecutionTime: -1792167296
Fired ExecutionTime: 1071200000
Fired ExecutionTime: -1134567296
6012 ms. Memory: 842752K Free: 712387K (85%)
----------------- Invoking toplevel() on ptolemy.moml.MoMLSimpleApplication@2dc5e96a
----------------- Done invoking toplevel() on ptolemy.moml.MoMLSimpleApplication@2dc5e96a
reloadAllAccessors: .ExecutionTimeSDF

===========================================================================================
----------------- testing Wed Jul 10 15:32:12 UTC 2019 /home/travis/build/icyphy/ptII/ptolemy/actor/lib/test/auto/Expression1.xml
----------------- Instantiating /home/travis/build/icyphy/ptII/ptolemy/actor/lib/test/auto/Expression1.xml
1 ms. Memory: 842752K Free: 708820K (84%)
----------------- Invoking toplevel() on ptolemy.moml.MoMLSimpleApplication@49df4ded
----------------- Done invoking toplevel() on ptolemy.moml.MoMLSimpleApplication@49df4ded
reloadAllAccessors: .Expression1

===========================================================================================
----------------- testing Wed Jul 10 15:32:12 UTC 2019 /home/travis/build/icyphy/ptII/ptolemy/actor/lib/test/auto/Expression10.xml
----------------- Instantiating /home/travis/build/icyphy/ptII/ptolemy/actor/lib/test/auto/Expression10.xml
10 ms. Memory: 842752K Free: 703186K (83%)
----------------- Invoking toplevel() on ptolemy.moml.MoMLSimpleApplication@4391df54
----------------- Done invoking toplevel() on ptolemy.moml.MoMLSimpleApplication@4391df54
reloadAllAccessors: .Expression10

===========================================================================================
----------------- testing Wed Jul 10 15:32:12 UTC 2019 /home/travis/build/icyphy/ptII/ptolemy/actor/lib/test/auto/Expression11.xml
----------------- Instantiating /home/travis/build/icyphy/ptII/ptolemy/actor/lib/test/auto/Expression11.xml
2 ms. Memory: 842752K Free: 699090K (83%)
----------------- Invoking toplevel() on ptolemy.moml.MoMLSimpleApplication@2562f5e6
----------------- Done invoking toplevel() on ptolemy.moml.MoMLSimpleApplication@2562f5e6
reloadAllAccessors: .Expression11

===========================================================================================
----------------- testing Wed Jul 10 15:32:12 UTC 2019 /home/travis/build/icyphy/ptII/ptolemy/actor/lib/test/auto/Expression12.xml
----------------- Instantiating /home/travis/build/icyphy/ptII/ptolemy/actor/lib/test/auto/Expression12.xml
3 ms. Memory: 842752K Free: 693460K (82%)
----------------- Invoking toplevel() on ptolemy.moml.MoMLSimpleApplication@585325f7
----------------- Done invoking toplevel() on ptolemy.moml.MoMLSimpleApplication@585325f7
reloadAllAccessors: .Expression12

===========================================================================================
----------------- testing Wed Jul 10 15:32:12 UTC 2019 /home/travis/build/icyphy/ptII/ptolemy/actor/lib/test/auto/Expression13.xml
----------------- Instantiating /home/travis/build/icyphy/ptII/ptolemy/actor/lib/test/auto/Expression13.xml
5 ms. Memory: 842752K Free: 688340K (82%)
----------------- Invoking toplevel() on ptolemy.moml.MoMLSimpleApplication@7d6081f2
----------------- Done invoking toplevel() on ptolemy.moml.MoMLSimpleApplication@7d6081f2
reloadAllAccessors: .Expression13

===========================================================================================
----------------- testing Wed Jul 10 15:32:12 UTC 2019 /home/travis/build/icyphy/ptII/ptolemy/actor/lib/test/auto/Expression14.xml
----------------- Instantiating /home/travis/build/icyphy/ptII/ptolemy/actor/lib/test/auto/Expression14.xml
8 ms. Memory: 842752K Free: 682706K (81%)
----------------- Invoking toplevel() on ptolemy.moml.MoMLSimpleApplication@5ecfab81
----------------- Done invoking toplevel() on ptolemy.moml.MoMLSimpleApplication@5ecfab81
reloadAllAccessors: .Expression14

===========================================================================================
----------------- testing Wed Jul 10 15:32:12 UTC 2019 /home/travis/build/icyphy/ptII/ptolemy/actor/lib/test/auto/Expression15.xml
----------------- Instantiating /home/travis/build/icyphy/ptII/ptolemy/actor/lib/test/auto/Expression15.xml
1 ms. Memory: 842752K Free: 679124K (81%)
----------------- Invoking toplevel() on ptolemy.moml.MoMLSimpleApplication@788ba23a
----------------- Done invoking toplevel() on ptolemy.moml.MoMLSimpleApplication@788ba23a
reloadAllAccessors: .Expression15

===========================================================================================
----------------- testing Wed Jul 10 15:32:12 UTC 2019 /home/travis/build/icyphy/ptII/ptolemy/actor/lib/test/auto/Expression16.xml
----------------- Instantiating /home/travis/build/icyphy/ptII/ptolemy/actor/lib/test/auto/Expression16.xml
4 ms. Memory: 842752K Free: 674004K (80%)
----------------- Invoking toplevel() on ptolemy.moml.MoMLSimpleApplication@764b2837
----------------- Done invoking toplevel() on ptolemy.moml.MoMLSimpleApplication@764b2837
reloadAllAccessors: .Expression16

===========================================================================================
----------------- testing Wed Jul 10 15:32:12 UTC 2019 /home/travis/build/icyphy/ptII/ptolemy/actor/lib/test/auto/Expression17.xml
----------------- Instantiating /home/travis/build/icyphy/ptII/ptolemy/actor/lib/test/auto/Expression17.xml
4 ms. Memory: 842752K Free: 669394K (79%)
----------------- Invoking toplevel() on ptolemy.moml.MoMLSimpleApplication@1bd6cb64
----------------- Done invoking toplevel() on ptolemy.moml.MoMLSimpleApplication@1bd6cb64
reloadAllAccessors: .Expression17

===========================================================================================
----------------- testing Wed Jul 10 15:32:12 UTC 2019 /home/travis/build/icyphy/ptII/ptolemy/actor/lib/test/auto/Expression18.xml
----------------- Instantiating /home/travis/build/icyphy/ptII/ptolemy/actor/lib/test/auto/Expression18.xml
3 ms. Memory: 842752K Free: 664274K (79%)
----------------- Invoking toplevel() on ptolemy.moml.MoMLSimpleApplication@38b99144
----------------- Done invoking toplevel() on ptolemy.moml.MoMLSimpleApplication@38b99144
reloadAllAccessors: .Expression18

===========================================================================================
----------------- testing Wed Jul 10 15:32:12 UTC 2019 /home/travis/build/icyphy/ptII/ptolemy/actor/lib/test/auto/Expression2.xml
----------------- Instantiating /home/travis/build/icyphy/ptII/ptolemy/actor/lib/test/auto/Expression2.xml
4 ms. Memory: 842752K Free: 659154K (78%)
----------------- Invoking toplevel() on ptolemy.moml.MoMLSimpleApplication@65b97f97
----------------- Done invoking toplevel() on ptolemy.moml.MoMLSimpleApplication@65b97f97
reloadAllAccessors: .Expression2

===========================================================================================
----------------- testing Wed Jul 10 15:32:12 UTC 2019 /home/travis/build/icyphy/ptII/ptolemy/actor/lib/test/auto/Expression3.xml
----------------- Instantiating /home/travis/build/icyphy/ptII/ptolemy/actor/lib/test/auto/Expression3.xml
7 ms. Memory: 842752K Free: 654548K (78%)
----------------- Invoking toplevel() on ptolemy.moml.MoMLSimpleApplication@5ba580e
----------------- Done invoking toplevel() on ptolemy.moml.MoMLSimpleApplication@5ba580e
reloadAllAccessors: .Expression3

===========================================================================================
----------------- testing Wed Jul 10 15:32:12 UTC 2019 /home/travis/build/icyphy/ptII/ptolemy/actor/lib/test/auto/Expression4.xml
----------------- Instantiating /home/travis/build/icyphy/ptII/ptolemy/actor/lib/test/auto/Expression4.xml
7 ms. Memory: 842752K Free: 646851K (77%)
----------------- Invoking toplevel() on ptolemy.moml.MoMLSimpleApplication@946db7f
----------------- Done invoking toplevel() on ptolemy.moml.MoMLSimpleApplication@946db7f
reloadAllAccessors: .Expression4

===========================================================================================
----------------- testing Wed Jul 10 15:32:12 UTC 2019 /home/travis/build/icyphy/ptII/ptolemy/actor/lib/test/auto/Expression5.xml
----------------- Instantiating /home/travis/build/icyphy/ptII/ptolemy/actor/lib/test/auto/Expression5.xml
4 ms. Memory: 842752K Free: 641746K (76%)
----------------- Invoking toplevel() on ptolemy.moml.MoMLSimpleApplication@3fde8e9b
----------------- Done invoking toplevel() on ptolemy.moml.MoMLSimpleApplication@3fde8e9b
reloadAllAccessors: .Expression5

===========================================================================================
----------------- testing Wed Jul 10 15:32:12 UTC 2019 /home/travis/build/icyphy/ptII/ptolemy/actor/lib/test/auto/Expression6.xml
----------------- Instantiating /home/travis/build/icyphy/ptII/ptolemy/actor/lib/test/auto/Expression6.xml
2 ms. Memory: 842752K Free: 637650K (76%)
----------------- Invoking toplevel() on ptolemy.moml.MoMLSimpleApplication@5a093188
----------------- Done invoking toplevel() on ptolemy.moml.MoMLSimpleApplication@5a093188
reloadAllAccessors: .Expression6

===========================================================================================
----------------- testing Wed Jul 10 15:32:12 UTC 2019 /home/travis/build/icyphy/ptII/ptolemy/actor/lib/test/auto/Expression7.xml
----------------- Instantiating /home/travis/build/icyphy/ptII/ptolemy/actor/lib/test/auto/Expression7.xml
2 ms. Memory: 842752K Free: 632530K (75%)
----------------- Invoking toplevel() on ptolemy.moml.MoMLSimpleApplication@630ec989
----------------- Done invoking toplevel() on ptolemy.moml.MoMLSimpleApplication@630ec989
reloadAllAccessors: .Expression7

===========================================================================================
----------------- testing Wed Jul 10 15:32:12 UTC 2019 /home/travis/build/icyphy/ptII/ptolemy/actor/lib/test/auto/Expression8.xml
----------------- Instantiating /home/travis/build/icyphy/ptII/ptolemy/actor/lib/test/auto/Expression8.xml
9 ms. Memory: 842752K Free: 627410K (74%)
----------------- Invoking toplevel() on ptolemy.moml.MoMLSimpleApplication@6f7c0939
----------------- Done invoking toplevel() on ptolemy.moml.MoMLSimpleApplication@6f7c0939
reloadAllAccessors: .Expression8

===========================================================================================
----------------- testing Wed Jul 10 15:32:12 UTC 2019 /home/travis/build/icyphy/ptII/ptolemy/actor/lib/test/auto/Expression9.xml
----------------- Instantiating /home/travis/build/icyphy/ptII/ptolemy/actor/lib/test/auto/Expression9.xml
1 ms. Memory: 842752K Free: 623828K (74%)
----------------- Invoking toplevel() on ptolemy.moml.MoMLSimpleApplication@66169e83
----------------- Done invoking toplevel() on ptolemy.moml.MoMLSimpleApplication@66169e83
reloadAllAccessors: .Expression9

===========================================================================================
----------------- testing Wed Jul 10 15:32:12 UTC 2019 /home/travis/build/icyphy/ptII/ptolemy/actor/lib/test/auto/ExpressionConcatenateArrayType.xml
----------------- Instantiating /home/travis/build/icyphy/ptII/ptolemy/actor/lib/test/auto/ExpressionConcatenateArrayType.xml
3 ms. Memory: 842752K Free: 617170K (73%)
----------------- Invoking toplevel() on ptolemy.moml.MoMLSimpleApplication@be6294d
----------------- Done invoking toplevel() on ptolemy.moml.MoMLSimpleApplication@be6294d
reloadAllAccessors: .ExpressionConcatenateArrayType

===========================================================================================
----------------- testing Wed Jul 10 15:32:12 UTC 2019 /home/travis/build/icyphy/ptII/ptolemy/actor/lib/test/auto/ExpressionConcatenateArrayType2.xml
----------------- Instantiating /home/travis/build/icyphy/ptII/ptolemy/actor/lib/test/auto/ExpressionConcatenateArrayType2.xml
6 ms. Memory: 842752K Free: 611540K (73%)
----------------- Invoking toplevel() on ptolemy.moml.MoMLSimpleApplication@4069e6e8
----------------- Done invoking toplevel() on ptolemy.moml.MoMLSimpleApplication@4069e6e8
reloadAllAccessors: .ExpressionConcatenateArrayType2

===========================================================================================
----------------- testing Wed Jul 10 15:32:12 UTC 2019 /home/travis/build/icyphy/ptII/ptolemy/actor/lib/test/auto/ExpressionFix.xml
----------------- Instantiating /home/travis/build/icyphy/ptII/ptolemy/actor/lib/test/auto/ExpressionFix.xml
25 ms. Memory: 842752K Free: 604882K (72%)
----------------- Invoking toplevel() on ptolemy.moml.MoMLSimpleApplication@711198b6
----------------- Done invoking toplevel() on ptolemy.moml.MoMLSimpleApplication@711198b6
reloadAllAccessors: .ExpressionFix

===========================================================================================
----------------- testing Wed Jul 10 15:32:12 UTC 2019 /home/travis/build/icyphy/ptII/ptolemy/actor/lib/test/auto/ExpressionFix2.xml
----------------- Instantiating /home/travis/build/icyphy/ptII/ptolemy/actor/lib/test/auto/ExpressionFix2.xml
4 ms. Memory: 842752K Free: 600786K (71%)
----------------- Invoking toplevel() on ptolemy.moml.MoMLSimpleApplication@67d7516b
----------------- Done invoking toplevel() on ptolemy.moml.MoMLSimpleApplication@67d7516b
reloadAllAccessors: .ExpressionFix2

===========================================================================================
----------------- testing Wed Jul 10 15:32:12 UTC 2019 /home/travis/build/icyphy/ptII/ptolemy/actor/lib/test/auto/ExpressionFix3.xml
----------------- Instantiating /home/travis/build/icyphy/ptII/ptolemy/actor/lib/test/auto/ExpressionFix3.xml
3 ms. Memory: 842752K Free: 596690K (71%)
----------------- Invoking toplevel() on ptolemy.moml.MoMLSimpleApplication@29676f72
----------------- Done invoking toplevel() on ptolemy.moml.MoMLSimpleApplication@29676f72
reloadAllAccessors: .ExpressionFix3

===========================================================================================
----------------- testing Wed Jul 10 15:32:12 UTC 2019 /home/travis/build/icyphy/ptII/ptolemy/actor/lib/test/auto/FileWriter1.xml
----------------- Instantiating /home/travis/build/icyphy/ptII/ptolemy/actor/lib/test/auto/FileWriter1.xml
6 ms. Memory: 842752K Free: 592594K (70%)
----------------- Invoking toplevel() on ptolemy.moml.MoMLSimpleApplication@266fc14b
----------------- Done invoking toplevel() on ptolemy.moml.MoMLSimpleApplication@266fc14b
reloadAllAccessors: .FileWriter1

===========================================================================================
----------------- testing Wed Jul 10 15:32:12 UTC 2019 /home/travis/build/icyphy/ptII/ptolemy/actor/lib/test/auto/FileWriter2.xml
----------------- Instantiating /home/travis/build/icyphy/ptII/ptolemy/actor/lib/test/auto/FileWriter2.xml
2 ms. Memory: 842752K Free: 587988K (70%)
----------------- Invoking toplevel() on ptolemy.moml.MoMLSimpleApplication@58b2abe1
----------------- Done invoking toplevel() on ptolemy.moml.MoMLSimpleApplication@58b2abe1
reloadAllAccessors: .FileWriter2

===========================================================================================
----------------- testing Wed Jul 10 15:32:12 UTC 2019 /home/travis/build/icyphy/ptII/ptolemy/actor/lib/test/auto/FileWriter3.xml
----------------- Instantiating /home/travis/build/icyphy/ptII/ptolemy/actor/lib/test/auto/FileWriter3.xml
5 ms. Memory: 842752K Free: 584402K (69%)
----------------- Invoking toplevel() on ptolemy.moml.MoMLSimpleApplication@4c0f54aa
----------------- Done invoking toplevel() on ptolemy.moml.MoMLSimpleApplication@4c0f54aa
reloadAllAccessors: .FileWriter3

===========================================================================================
----------------- testing Wed Jul 10 15:32:12 UTC 2019 /home/travis/build/icyphy/ptII/ptolemy/actor/lib/test/auto/Gaussian.xml
----------------- Instantiating /home/travis/build/icyphy/ptII/ptolemy/actor/lib/test/auto/Gaussian.xml
3 ms. Memory: 842752K Free: 579796K (69%)
----------------- Invoking toplevel() on ptolemy.moml.MoMLSimpleApplication@4487a72c
----------------- Done invoking toplevel() on ptolemy.moml.MoMLSimpleApplication@4487a72c
reloadAllAccessors: .Gaussian

===========================================================================================
----------------- testing Wed Jul 10 15:32:12 UTC 2019 /home/travis/build/icyphy/ptII/ptolemy/actor/lib/test/auto/Gaussian1.xml
----------------- Instantiating /home/travis/build/icyphy/ptII/ptolemy/actor/lib/test/auto/Gaussian1.xml
9 ms. Memory: 842752K Free: 574676K (68%)
----------------- Invoking toplevel() on ptolemy.moml.MoMLSimpleApplication@7af13219
----------------- Done invoking toplevel() on ptolemy.moml.MoMLSimpleApplication@7af13219
reloadAllAccessors: .Gaussian1

===========================================================================================
----------------- testing Wed Jul 10 15:32:12 UTC 2019 /home/travis/build/icyphy/ptII/ptolemy/actor/lib/test/auto/Gaussian2.xml
----------------- Instantiating /home/travis/build/icyphy/ptII/ptolemy/actor/lib/test/auto/Gaussian2.xml
3 ms. Memory: 842752K Free: 569556K (68%)
----------------- Invoking toplevel() on ptolemy.moml.MoMLSimpleApplication@36001b0
----------------- Done invoking toplevel() on ptolemy.moml.MoMLSimpleApplication@36001b0
reloadAllAccessors: .Gaussian2

===========================================================================================
----------------- testing Wed Jul 10 15:32:12 UTC 2019 /home/travis/build/icyphy/ptII/ptolemy/actor/lib/test/auto/GradientAdaptiveLattice.xml
----------------- Instantiating /home/travis/build/icyphy/ptII/ptolemy/actor/lib/test/auto/GradientAdaptiveLattice.xml
2 ms. Memory: 842752K Free: 564436K (67%)
----------------- Invoking toplevel() on ptolemy.moml.MoMLSimpleApplication@446ca0a6
----------------- Done invoking toplevel() on ptolemy.moml.MoMLSimpleApplication@446ca0a6
reloadAllAccessors: .GradientAdaptiveLattice

===========================================================================================
----------------- testing Wed Jul 10 15:32:12 UTC 2019 /home/travis/build/icyphy/ptII/ptolemy/actor/lib/test/auto/IIR.xml
----------------- Instantiating /home/travis/build/icyphy/ptII/ptolemy/actor/lib/test/auto/IIR.xml
2 ms. Memory: 842752K Free: 559826K (66%)
----------------- Invoking toplevel() on ptolemy.moml.MoMLSimpleApplication@41be99e
----------------- Done invoking toplevel() on ptolemy.moml.MoMLSimpleApplication@41be99e
reloadAllAccessors: .IIR

===========================================================================================
----------------- testing Wed Jul 10 15:32:12 UTC 2019 /home/travis/build/icyphy/ptII/ptolemy/actor/lib/test/auto/InputOutputTransparentPorts.xml
----------------- Instantiating /home/travis/build/icyphy/ptII/ptolemy/actor/lib/test/auto/InputOutputTransparentPorts.xml
2 ms. Memory: 842752K Free: 552658K (66%)
----------------- Invoking toplevel() on ptolemy.moml.MoMLSimpleApplication@44a212af
----------------- Done invoking toplevel() on ptolemy.moml.MoMLSimpleApplication@44a212af
reloadAllAccessors: .InputOutputTransparentPorts

===========================================================================================
----------------- testing Wed Jul 10 15:32:12 UTC 2019 /home/travis/build/icyphy/ptII/ptolemy/actor/lib/test/auto/Interpolator.xml
----------------- Instantiating /home/travis/build/icyphy/ptII/ptolemy/actor/lib/test/auto/Interpolator.xml
4 ms. Memory: 842752K Free: 548562K (65%)
----------------- Invoking toplevel() on ptolemy.moml.MoMLSimpleApplication@7b014a5a
----------------- Done invoking toplevel() on ptolemy.moml.MoMLSimpleApplication@7b014a5a
reloadAllAccessors: .Interpolator

===========================================================================================
----------------- testing Wed Jul 10 15:32:12 UTC 2019 /home/travis/build/icyphy/ptII/ptolemy/actor/lib/test/auto/InterpolatorFiringLimitDE.xml
----------------- Instantiating /home/travis/build/icyphy/ptII/ptolemy/actor/lib/test/auto/InterpolatorFiringLimitDE.xml
2 ms. Memory: 842752K Free: 542418K (64%)
----------------- Invoking toplevel() on ptolemy.moml.MoMLSimpleApplication@1f6dc656
----------------- Done invoking toplevel() on ptolemy.moml.MoMLSimpleApplication@1f6dc656
reloadAllAccessors: .InterpolatorFiringLimitDE

===========================================================================================
----------------- testing Wed Jul 10 15:32:13 UTC 2019 /home/travis/build/icyphy/ptII/ptolemy/actor/lib/test/auto/Lattice.xml
----------------- Instantiating /home/travis/build/icyphy/ptII/ptolemy/actor/lib/test/auto/Lattice.xml
1 ms. Memory: 842752K Free: 538322K (64%)
----------------- Invoking toplevel() on ptolemy.moml.MoMLSimpleApplication@642f8fea
----------------- Done invoking toplevel() on ptolemy.moml.MoMLSimpleApplication@642f8fea
reloadAllAccessors: .Lattice

===========================================================================================
----------------- testing Wed Jul 10 15:32:13 UTC 2019 /home/travis/build/icyphy/ptII/ptolemy/actor/lib/test/auto/LazyAOCTestLazy.xml
----------------- Instantiating /home/travis/build/icyphy/ptII/ptolemy/actor/lib/test/auto/LazyAOCTestLazy.xml
7 ms. Memory: 842752K Free: 532692K (63%)
----------------- Invoking toplevel() on ptolemy.moml.MoMLSimpleApplication@566082b9
----------------- Done invoking toplevel() on ptolemy.moml.MoMLSimpleApplication@566082b9
reloadAllAccessors: .LazyAOCTestLazy

===========================================================================================
----------------- testing Wed Jul 10 15:32:13 UTC 2019 /home/travis/build/icyphy/ptII/ptolemy/actor/lib/test/auto/LazyAOCTestNonLazy.xml
----------------- Instantiating /home/travis/build/icyphy/ptII/ptolemy/actor/lib/test/auto/LazyAOCTestNonLazy.xml
2 ms. Memory: 842752K Free: 526034K (62%)
----------------- Invoking toplevel() on ptolemy.moml.MoMLSimpleApplication@5ab4fe33
----------------- Done invoking toplevel() on ptolemy.moml.MoMLSimpleApplication@5ab4fe33
reloadAllAccessors: .LazyAOCTestNonLazy

===========================================================================================
----------------- testing Wed Jul 10 15:32:13 UTC 2019 /home/travis/build/icyphy/ptII/ptolemy/actor/lib/test/auto/LazyInnerClass.xml
----------------- Instantiating /home/travis/build/icyphy/ptII/ptolemy/actor/lib/test/auto/LazyInnerClass.xml
20 ms. Memory: 842752K Free: 517332K (61%)
----------------- Invoking toplevel() on ptolemy.moml.MoMLSimpleApplication@c2f4f40
----------------- Done invoking toplevel() on ptolemy.moml.MoMLSimpleApplication@c2f4f40
reloadAllAccessors: .LazyInnerClass

===========================================================================================
----------------- testing Wed Jul 10 15:32:13 UTC 2019 /home/travis/build/icyphy/ptII/ptolemy/actor/lib/test/auto/LazyPubSub.xml
----------------- Instantiating /home/travis/build/icyphy/ptII/ptolemy/actor/lib/test/auto/LazyPubSub.xml
28 ms. Memory: 842752K Free: 507092K (60%)
----------------- Invoking toplevel() on ptolemy.moml.MoMLSimpleApplication@4a7a3a78
----------------- Done invoking toplevel() on ptolemy.moml.MoMLSimpleApplication@4a7a3a78
reloadAllAccessors: .LazyPubSub

===========================================================================================
----------------- testing Wed Jul 10 15:32:13 UTC 2019 /home/travis/build/icyphy/ptII/ptolemy/actor/lib/test/auto/LazyPubSub2.xml
----------------- Instantiating /home/travis/build/icyphy/ptII/ptolemy/actor/lib/test/auto/LazyPubSub2.xml
29 ms. Memory: 842752K Free: 497876K (59%)
----------------- Invoking toplevel() on ptolemy.moml.MoMLSimpleApplication@336d73b2
----------------- Done invoking toplevel() on ptolemy.moml.MoMLSimpleApplication@336d73b2
reloadAllAccessors: .LazyPubSub2

===========================================================================================
----------------- testing Wed Jul 10 15:32:13 UTC 2019 /home/travis/build/icyphy/ptII/ptolemy/actor/lib/test/auto/LazyPubSub3.xml
----------------- Instantiating /home/travis/build/icyphy/ptII/ptolemy/actor/lib/test/auto/LazyPubSub3.xml
12 ms. Memory: 842752K Free: 786132K (93%)
----------------- Invoking toplevel() on ptolemy.moml.MoMLSimpleApplication@2052dac4
----------------- Done invoking toplevel() on ptolemy.moml.MoMLSimpleApplication@2052dac4
reloadAllAccessors: .LazyPubSub3

===========================================================================================
----------------- testing Wed Jul 10 15:32:13 UTC 2019 /home/travis/build/icyphy/ptII/ptolemy/actor/lib/test/auto/LazySubClassModel.xml
----------------- Instantiating /home/travis/build/icyphy/ptII/ptolemy/actor/lib/test/auto/LazySubClassModel.xml
2 ms. Memory: 842752K Free: 776916K (92%)
----------------- Invoking toplevel() on ptolemy.moml.MoMLSimpleApplication@6843f621
----------------- Done invoking toplevel() on ptolemy.moml.MoMLSimpleApplication@6843f621
reloadAllAccessors: .LazySubClassModel

===========================================================================================
----------------- testing Wed Jul 10 15:32:13 UTC 2019 /home/travis/build/icyphy/ptII/ptolemy/actor/lib/test/auto/LevelCrossTest1.xml
----------------- Instantiating /home/travis/build/icyphy/ptII/ptolemy/actor/lib/test/auto/LevelCrossTest1.xml
1 ms. Memory: 842752K Free: 771282K (92%)
----------------- Invoking toplevel() on ptolemy.moml.MoMLSimpleApplication@29d956cc
----------------- Done invoking toplevel() on ptolemy.moml.MoMLSimpleApplication@29d956cc
reloadAllAccessors: .broken

===========================================================================================
----------------- testing Wed Jul 10 15:32:13 UTC 2019 /home/travis/build/icyphy/ptII/ptolemy/actor/lib/test/auto/LevelCrossTest10.xml
----------------- Instantiating /home/travis/build/icyphy/ptII/ptolemy/actor/lib/test/auto/LevelCrossTest10.xml
1 ms. Memory: 842752K Free: 764114K (91%)
----------------- Invoking toplevel() on ptolemy.moml.MoMLSimpleApplication@a26e9dc
----------------- Done invoking toplevel() on ptolemy.moml.MoMLSimpleApplication@a26e9dc
reloadAllAccessors: .LevelCrossTest10

===========================================================================================
----------------- testing Wed Jul 10 15:32:13 UTC 2019 /home/travis/build/icyphy/ptII/ptolemy/actor/lib/test/auto/LevelCrossTest11.xml
----------------- Instantiating /home/travis/build/icyphy/ptII/ptolemy/actor/lib/test/auto/LevelCrossTest11.xml
1 ms. Memory: 842752K Free: 757970K (90%)
----------------- Invoking toplevel() on ptolemy.moml.MoMLSimpleApplication@2d6bb28b
----------------- Done invoking toplevel() on ptolemy.moml.MoMLSimpleApplication@2d6bb28b
reloadAllAccessors: .LevelCrossTest11

===========================================================================================
----------------- testing Wed Jul 10 15:32:13 UTC 2019 /home/travis/build/icyphy/ptII/ptolemy/actor/lib/test/auto/LevelCrossTest12.xml
----------------- Instantiating /home/travis/build/icyphy/ptII/ptolemy/actor/lib/test/auto/LevelCrossTest12.xml
2 ms. Memory: 842752K Free: 750802K (89%)
----------------- Invoking toplevel() on ptolemy.moml.MoMLSimpleApplication@7914946e
----------------- Done invoking toplevel() on ptolemy.moml.MoMLSimpleApplication@7914946e
reloadAllAccessors: .LevelCrossTest12

===========================================================================================
----------------- testing Wed Jul 10 15:32:13 UTC 2019 /home/travis/build/icyphy/ptII/ptolemy/actor/lib/test/auto/LevelCrossTest13.xml
----------------- Instantiating /home/travis/build/icyphy/ptII/ptolemy/actor/lib/test/auto/LevelCrossTest13.xml
1 ms. Memory: 842752K Free: 742610K (88%)
----------------- Invoking toplevel() on ptolemy.moml.MoMLSimpleApplication@36e51de7
----------------- Done invoking toplevel() on ptolemy.moml.MoMLSimpleApplication@36e51de7
reloadAllAccessors: .LevelCrossTest13

===========================================================================================
----------------- testing Wed Jul 10 15:32:13 UTC 2019 /home/travis/build/icyphy/ptII/ptolemy/actor/lib/test/auto/LevelCrossTest2.xml
----------------- Instantiating /home/travis/build/icyphy/ptII/ptolemy/actor/lib/test/auto/LevelCrossTest2.xml
1 ms. Memory: 842752K Free: 736980K (87%)
----------------- Invoking toplevel() on ptolemy.moml.MoMLSimpleApplication@3f339899
----------------- Done invoking toplevel() on ptolemy.moml.MoMLSimpleApplication@3f339899
reloadAllAccessors: .broken

===========================================================================================
----------------- testing Wed Jul 10 15:32:13 UTC 2019 /home/travis/build/icyphy/ptII/ptolemy/actor/lib/test/auto/LevelCrossTest3.xml
----------------- Instantiating /home/travis/build/icyphy/ptII/ptolemy/actor/lib/test/auto/LevelCrossTest3.xml
1 ms. Memory: 842752K Free: 730836K (87%)
----------------- Invoking toplevel() on ptolemy.moml.MoMLSimpleApplication@3da3816c
----------------- Done invoking toplevel() on ptolemy.moml.MoMLSimpleApplication@3da3816c
reloadAllAccessors: .LevelCrossTest3

===========================================================================================
----------------- testing Wed Jul 10 15:32:13 UTC 2019 /home/travis/build/icyphy/ptII/ptolemy/actor/lib/test/auto/LevelCrossTest4.xml
----------------- Instantiating /home/travis/build/icyphy/ptII/ptolemy/actor/lib/test/auto/LevelCrossTest4.xml
1 ms. Memory: 842752K Free: 725716K (86%)
----------------- Invoking toplevel() on ptolemy.moml.MoMLSimpleApplication@bc78418
----------------- Done invoking toplevel() on ptolemy.moml.MoMLSimpleApplication@bc78418
reloadAllAccessors: .broken

===========================================================================================
----------------- testing Wed Jul 10 15:32:13 UTC 2019 /home/travis/build/icyphy/ptII/ptolemy/actor/lib/test/auto/LevelCrossTest5.xml
----------------- Instantiating /home/travis/build/icyphy/ptII/ptolemy/actor/lib/test/auto/LevelCrossTest5.xml
8 ms. Memory: 842752K Free: 718548K (85%)
----------------- Invoking toplevel() on ptolemy.moml.MoMLSimpleApplication@706b7058
----------------- Done invoking toplevel() on ptolemy.moml.MoMLSimpleApplication@706b7058
reloadAllAccessors: .LevelCrossTest5

===========================================================================================
----------------- testing Wed Jul 10 15:32:13 UTC 2019 /home/travis/build/icyphy/ptII/ptolemy/actor/lib/test/auto/LevelCrossTest6.xml
----------------- Instantiating /home/travis/build/icyphy/ptII/ptolemy/actor/lib/test/auto/LevelCrossTest6.xml
1 ms. Memory: 842752K Free: 711890K (84%)
----------------- Invoking toplevel() on ptolemy.moml.MoMLSimpleApplication@1f53af2e
----------------- Done invoking toplevel() on ptolemy.moml.MoMLSimpleApplication@1f53af2e
reloadAllAccessors: .LevelCrossTest6

===========================================================================================
----------------- testing Wed Jul 10 15:32:13 UTC 2019 /home/travis/build/icyphy/ptII/ptolemy/actor/lib/test/auto/LevelCrossTest7.xml
----------------- Instantiating /home/travis/build/icyphy/ptII/ptolemy/actor/lib/test/auto/LevelCrossTest7.xml
4 ms. Memory: 842752K Free: 703698K (84%)
----------------- Invoking toplevel() on ptolemy.moml.MoMLSimpleApplication@54d2d5d4
----------------- Done invoking toplevel() on ptolemy.moml.MoMLSimpleApplication@54d2d5d4
reloadAllAccessors: .LevelCrossTest7

===========================================================================================
----------------- testing Wed Jul 10 15:32:13 UTC 2019 /home/travis/build/icyphy/ptII/ptolemy/actor/lib/test/auto/LevelCrossTest8.xml
----------------- Instantiating /home/travis/build/icyphy/ptII/ptolemy/actor/lib/test/auto/LevelCrossTest8.xml
1 ms. Memory: 842752K Free: 698068K (83%)
----------------- Invoking toplevel() on ptolemy.moml.MoMLSimpleApplication@40e40f15
----------------- Done invoking toplevel() on ptolemy.moml.MoMLSimpleApplication@40e40f15
reloadAllAccessors: .LevelCrossTest8

===========================================================================================
----------------- testing Wed Jul 10 15:32:13 UTC 2019 /home/travis/build/icyphy/ptII/ptolemy/actor/lib/test/auto/LevelCrossTest9.xml
----------------- Instantiating /home/travis/build/icyphy/ptII/ptolemy/actor/lib/test/auto/LevelCrossTest9.xml
2 ms. Memory: 842752K Free: 690900K (82%)
----------------- Invoking toplevel() on ptolemy.moml.MoMLSimpleApplication@640abc34
----------------- Done invoking toplevel() on ptolemy.moml.MoMLSimpleApplication@640abc34
reloadAllAccessors: .LevelCrossTest9

===========================================================================================
----------------- testing Wed Jul 10 15:32:13 UTC 2019 /home/travis/build/icyphy/ptII/ptolemy/actor/lib/test/auto/LevinsonDurbin.xml
----------------- Instantiating /home/travis/build/icyphy/ptII/ptolemy/actor/lib/test/auto/LevinsonDurbin.xml
1 ms. Memory: 842752K Free: 686804K (81%)
----------------- Invoking toplevel() on ptolemy.moml.MoMLSimpleApplication@37d60e62
----------------- Done invoking toplevel() on ptolemy.moml.MoMLSimpleApplication@37d60e62
reloadAllAccessors: .LevinsonDurbin

===========================================================================================
----------------- testing Wed Jul 10 15:32:13 UTC 2019 /home/travis/build/icyphy/ptII/ptolemy/actor/lib/test/auto/LevinsonDurbin2.xml
----------------- Instantiating /home/travis/build/icyphy/ptII/ptolemy/actor/lib/test/auto/LevinsonDurbin2.xml
2 ms. Memory: 842752K Free: 682708K (81%)
----------------- Invoking toplevel() on ptolemy.moml.MoMLSimpleApplication@2679abd2
----------------- Done invoking toplevel() on ptolemy.moml.MoMLSimpleApplication@2679abd2
reloadAllAccessors: .LevinsonDurbin2

===========================================================================================
----------------- testing Wed Jul 10 15:32:13 UTC 2019 /home/travis/build/icyphy/ptII/ptolemy/actor/lib/test/auto/LevinsonDurbin3.xml
----------------- Instantiating /home/travis/build/icyphy/ptII/ptolemy/actor/lib/test/auto/LevinsonDurbin3.xml
1 ms. Memory: 842752K Free: 679122K (81%)
----------------- Invoking toplevel() on ptolemy.moml.MoMLSimpleApplication@68b5f518
----------------- Done invoking toplevel() on ptolemy.moml.MoMLSimpleApplication@68b5f518
reloadAllAccessors: .LevinsonDurbin3

===========================================================================================
----------------- testing Wed Jul 10 15:32:13 UTC 2019 /home/travis/build/icyphy/ptII/ptolemy/actor/lib/test/auto/Limiter.xml
----------------- Instantiating /home/travis/build/icyphy/ptII/ptolemy/actor/lib/test/auto/Limiter.xml
4 ms. Memory: 842752K Free: 669906K (79%)
----------------- Invoking toplevel() on ptolemy.moml.MoMLSimpleApplication@981634a
----------------- Done invoking toplevel() on ptolemy.moml.MoMLSimpleApplication@981634a
reloadAllAccessors: .Limiter

===========================================================================================
----------------- testing Wed Jul 10 15:32:13 UTC 2019 /home/travis/build/icyphy/ptII/ptolemy/actor/lib/test/auto/LinearDifferenceEquationSystem.xml
----------------- Instantiating /home/travis/build/icyphy/ptII/ptolemy/actor/lib/test/auto/LinearDifferenceEquationSystem.xml
7 ms. Memory: 842752K Free: 662228K (79%)
----------------- Invoking toplevel() on ptolemy.moml.MoMLSimpleApplication@3e4798d9
----------------- Done invoking toplevel() on ptolemy.moml.MoMLSimpleApplication@3e4798d9
reloadAllAccessors: .LinearDifferenceEquationSystem

===========================================================================================
----------------- testing Wed Jul 10 15:32:13 UTC 2019 /home/travis/build/icyphy/ptII/ptolemy/actor/lib/test/auto/LookupTable.xml
----------------- Instantiating /home/travis/build/icyphy/ptII/ptolemy/actor/lib/test/auto/LookupTable.xml
2 ms. Memory: 842752K Free: 657618K (78%)
----------------- Invoking toplevel() on ptolemy.moml.MoMLSimpleApplication@4e6828e5
----------------- Done invoking toplevel() on ptolemy.moml.MoMLSimpleApplication@4e6828e5
reloadAllAccessors: .LookupTable

===========================================================================================
----------------- testing Wed Jul 10 15:32:13 UTC 2019 /home/travis/build/icyphy/ptII/ptolemy/actor/lib/test/auto/MathFunction.xml
----------------- Instantiating /home/travis/build/icyphy/ptII/ptolemy/actor/lib/test/auto/MathFunction.xml
2 ms. Memory: 842752K Free: 649426K (77%)
----------------- Invoking toplevel() on ptolemy.moml.MoMLSimpleApplication@4072b850
----------------- Done invoking toplevel() on ptolemy.moml.MoMLSimpleApplication@4072b850
reloadAllAccessors: .MathFunction

===========================================================================================
----------------- testing Wed Jul 10 15:32:13 UTC 2019 /home/travis/build/icyphy/ptII/ptolemy/actor/lib/test/auto/MathFunction2.xml
----------------- Instantiating /home/travis/build/icyphy/ptII/ptolemy/actor/lib/test/auto/MathFunction2.xml
8 ms. Memory: 842752K Free: 645844K (77%)
----------------- Invoking toplevel() on ptolemy.moml.MoMLSimpleApplication@7305b3a1
----------------- Done invoking toplevel() on ptolemy.moml.MoMLSimpleApplication@7305b3a1
reloadAllAccessors: .MathFunction2

===========================================================================================
----------------- testing Wed Jul 10 15:32:13 UTC 2019 /home/travis/build/icyphy/ptII/ptolemy/actor/lib/test/auto/MathFunction3.xml
----------------- Instantiating /home/travis/build/icyphy/ptII/ptolemy/actor/lib/test/auto/MathFunction3.xml
3 ms. Memory: 842752K Free: 638676K (76%)
----------------- Invoking toplevel() on ptolemy.moml.MoMLSimpleApplication@4e762a72
----------------- Done invoking toplevel() on ptolemy.moml.MoMLSimpleApplication@4e762a72
reloadAllAccessors: .MathFunction3

===========================================================================================
----------------- testing Wed Jul 10 15:32:13 UTC 2019 /home/travis/build/icyphy/ptII/ptolemy/actor/lib/test/auto/MatrixCropBoolean.xml
----------------- Instantiating /home/travis/build/icyphy/ptII/ptolemy/actor/lib/test/auto/MatrixCropBoolean.xml
2 ms. Memory: 842752K Free: 634059K (75%)
----------------- Invoking toplevel() on ptolemy.moml.MoMLSimpleApplication@3a169f39
----------------- Done invoking toplevel() on ptolemy.moml.MoMLSimpleApplication@3a169f39
reloadAllAccessors: .MatrixCropBoolean

===========================================================================================
----------------- testing Wed Jul 10 15:32:13 UTC 2019 /home/travis/build/icyphy/ptII/ptolemy/actor/lib/test/auto/MatrixCropComplex.xml
----------------- Instantiating /home/travis/build/icyphy/ptII/ptolemy/actor/lib/test/auto/MatrixCropComplex.xml
2 ms. Memory: 842752K Free: 628931K (75%)
----------------- Invoking toplevel() on ptolemy.moml.MoMLSimpleApplication@5dfdf704
----------------- Done invoking toplevel() on ptolemy.moml.MoMLSimpleApplication@5dfdf704
reloadAllAccessors: .MatrixCropComplex

===========================================================================================
----------------- testing Wed Jul 10 15:32:13 UTC 2019 /home/travis/build/icyphy/ptII/ptolemy/actor/lib/test/auto/MatrixCropDouble.xml
----------------- Instantiating /home/travis/build/icyphy/ptII/ptolemy/actor/lib/test/auto/MatrixCropDouble.xml
2 ms. Memory: 842752K Free: 623811K (74%)
----------------- Invoking toplevel() on ptolemy.moml.MoMLSimpleApplication@20f8b3c4
----------------- Done invoking toplevel() on ptolemy.moml.MoMLSimpleApplication@20f8b3c4
reloadAllAccessors: .MatrixCropDouble

===========================================================================================
----------------- testing Wed Jul 10 15:32:13 UTC 2019 /home/travis/build/icyphy/ptII/ptolemy/actor/lib/test/auto/MatrixCropFix.xml
----------------- Instantiating /home/travis/build/icyphy/ptII/ptolemy/actor/lib/test/auto/MatrixCropFix.xml
2 ms. Memory: 842752K Free: 618699K (73%)
----------------- Invoking toplevel() on ptolemy.moml.MoMLSimpleApplication@3f613ca9
----------------- Done invoking toplevel() on ptolemy.moml.MoMLSimpleApplication@3f613ca9
reloadAllAccessors: .MatrixCropFix

===========================================================================================
----------------- testing Wed Jul 10 15:32:14 UTC 2019 /home/travis/build/icyphy/ptII/ptolemy/actor/lib/test/auto/MatrixCropInt.xml
----------------- Instantiating /home/travis/build/icyphy/ptII/ptolemy/actor/lib/test/auto/MatrixCropInt.xml
3 ms. Memory: 842752K Free: 614579K (73%)
----------------- Invoking toplevel() on ptolemy.moml.MoMLSimpleApplication@51111855
----------------- Done invoking toplevel() on ptolemy.moml.MoMLSimpleApplication@51111855
reloadAllAccessors: .MatrixCropInt

===========================================================================================
----------------- testing Wed Jul 10 15:32:14 UTC 2019 /home/travis/build/icyphy/ptII/ptolemy/actor/lib/test/auto/MatrixCropLong.xml
----------------- Instantiating /home/travis/build/icyphy/ptII/ptolemy/actor/lib/test/auto/MatrixCropLong.xml
6 ms. Memory: 842752K Free: 609475K (72%)
----------------- Invoking toplevel() on ptolemy.moml.MoMLSimpleApplication@7d11f2d9
----------------- Done invoking toplevel() on ptolemy.moml.MoMLSimpleApplication@7d11f2d9
reloadAllAccessors: .MatrixCropLong

===========================================================================================
----------------- testing Wed Jul 10 15:32:14 UTC 2019 /home/travis/build/icyphy/ptII/ptolemy/actor/lib/test/auto/MatrixToArray.xml
----------------- Instantiating /home/travis/build/icyphy/ptII/ptolemy/actor/lib/test/auto/MatrixToArray.xml
12 ms. Memory: 842752K Free: 594644K (71%)
----------------- Invoking toplevel() on ptolemy.moml.MoMLSimpleApplication@5fb3390a
----------------- Done invoking toplevel() on ptolemy.moml.MoMLSimpleApplication@5fb3390a
reloadAllAccessors: .MatrixToArray

===========================================================================================
----------------- testing Wed Jul 10 15:32:14 UTC 2019 /home/travis/build/icyphy/ptII/ptolemy/actor/lib/test/auto/MaxIndex.xml
----------------- Instantiating /home/travis/build/icyphy/ptII/ptolemy/actor/lib/test/auto/MaxIndex.xml
2 ms. Memory: 842752K Free: 589524K (70%)
----------------- Invoking toplevel() on ptolemy.moml.MoMLSimpleApplication@56fcf660
----------------- Done invoking toplevel() on ptolemy.moml.MoMLSimpleApplication@56fcf660
reloadAllAccessors: .MaxIndex

===========================================================================================
----------------- testing Wed Jul 10 15:32:14 UTC 2019 /home/travis/build/icyphy/ptII/ptolemy/actor/lib/test/auto/Maximum.xml
----------------- Instantiating /home/travis/build/icyphy/ptII/ptolemy/actor/lib/test/auto/Maximum.xml
6 ms. Memory: 842752K Free: 582835K (69%)
----------------- Invoking toplevel() on ptolemy.moml.MoMLSimpleApplication@27811ba3
----------------- Done invoking toplevel() on ptolemy.moml.MoMLSimpleApplication@27811ba3
reloadAllAccessors: .Maximum

===========================================================================================
----------------- testing Wed Jul 10 15:32:14 UTC 2019 /home/travis/build/icyphy/ptII/ptolemy/actor/lib/test/auto/MaximumComplex.xml
----------------- Instantiating /home/travis/build/icyphy/ptII/ptolemy/actor/lib/test/auto/MaximumComplex.xml
5 ms. Memory: 842752K Free: 576707K (68%)
----------------- Invoking toplevel() on ptolemy.moml.MoMLSimpleApplication@581dd193
----------------- Done invoking toplevel() on ptolemy.moml.MoMLSimpleApplication@581dd193
reloadAllAccessors: .MaximumComplex

===========================================================================================
----------------- testing Wed Jul 10 15:32:14 UTC 2019 /home/travis/build/icyphy/ptII/ptolemy/actor/lib/test/auto/MethodCallTest.xml
----------------- Instantiating /home/travis/build/icyphy/ptII/ptolemy/actor/lib/test/auto/MethodCallTest.xml
2 ms. Memory: 842752K Free: 570578K (68%)
----------------- Invoking toplevel() on ptolemy.moml.MoMLSimpleApplication@3df133cb
----------------- Done invoking toplevel() on ptolemy.moml.MoMLSimpleApplication@3df133cb
reloadAllAccessors: .MethodCallTest

===========================================================================================
----------------- testing Wed Jul 10 15:32:14 UTC 2019 /home/travis/build/icyphy/ptII/ptolemy/actor/lib/test/auto/Minimum.xml
----------------- Instantiating /home/travis/build/icyphy/ptII/ptolemy/actor/lib/test/auto/Minimum.xml
4 ms. Memory: 842752K Free: 563924K (67%)
----------------- Invoking toplevel() on ptolemy.moml.MoMLSimpleApplication@288d9b3c
----------------- Done invoking toplevel() on ptolemy.moml.MoMLSimpleApplication@288d9b3c
reloadAllAccessors: .Minimum

===========================================================================================
----------------- testing Wed Jul 10 15:32:14 UTC 2019 /home/travis/build/icyphy/ptII/ptolemy/actor/lib/test/auto/MinimumComplex.xml
----------------- Instantiating /home/travis/build/icyphy/ptII/ptolemy/actor/lib/test/auto/MinimumComplex.xml
3 ms. Memory: 842752K Free: 557780K (66%)
----------------- Invoking toplevel() on ptolemy.moml.MoMLSimpleApplication@9fd72f8
----------------- Done invoking toplevel() on ptolemy.moml.MoMLSimpleApplication@9fd72f8
reloadAllAccessors: .MinimumComplex

===========================================================================================
----------------- testing Wed Jul 10 15:32:14 UTC 2019 /home/travis/build/icyphy/ptII/ptolemy/actor/lib/test/auto/MinimumMultiports.xml
----------------- Instantiating /home/travis/build/icyphy/ptII/ptolemy/actor/lib/test/auto/MinimumMultiports.xml
3 ms. Memory: 842752K Free: 549059K (65%)
----------------- Invoking toplevel() on ptolemy.moml.MoMLSimpleApplication@65f2ab5a
----------------- Done invoking toplevel() on ptolemy.moml.MoMLSimpleApplication@65f2ab5a
reloadAllAccessors: .MinimumMultiports

===========================================================================================
----------------- testing Wed Jul 10 15:32:14 UTC 2019 /home/travis/build/icyphy/ptII/ptolemy/actor/lib/test/auto/ModifyDate.xml
----------------- Instantiating /home/travis/build/icyphy/ptII/ptolemy/actor/lib/test/auto/ModifyDate.xml
8 ms. Memory: 842752K Free: 536276K (64%)
----------------- Invoking toplevel() on ptolemy.moml.MoMLSimpleApplication@42dc2bd5
----------------- Done invoking toplevel() on ptolemy.moml.MoMLSimpleApplication@42dc2bd5
reloadAllAccessors: .ModifyDate

===========================================================================================
----------------- testing Wed Jul 10 15:32:14 UTC 2019 /home/travis/build/icyphy/ptII/ptolemy/actor/lib/test/auto/ModifyDate2.xml
----------------- Instantiating /home/travis/build/icyphy/ptII/ptolemy/actor/lib/test/auto/ModifyDate2.xml
12 ms. Memory: 842752K Free: 527570K (63%)
----------------- Invoking toplevel() on ptolemy.moml.MoMLSimpleApplication@4398e47f
----------------- Done invoking toplevel() on ptolemy.moml.MoMLSimpleApplication@4398e47f
reloadAllAccessors: .ModifyDate2

===========================================================================================
----------------- testing Wed Jul 10 15:32:14 UTC 2019 /home/travis/build/icyphy/ptII/ptolemy/actor/lib/test/auto/MovingAverage.xml
----------------- Instantiating /home/travis/build/icyphy/ptII/ptolemy/actor/lib/test/auto/MovingAverage.xml
2 ms. Memory: 842752K Free: 522450K (62%)
----------------- Invoking toplevel() on ptolemy.moml.MoMLSimpleApplication@6d5fec88
----------------- Done invoking toplevel() on ptolemy.moml.MoMLSimpleApplication@6d5fec88
reloadAllAccessors: .MovingAverage

===========================================================================================
----------------- testing Wed Jul 10 15:32:14 UTC 2019 /home/travis/build/icyphy/ptII/ptolemy/actor/lib/test/auto/MovingMaximum.xml
----------------- Instantiating /home/travis/build/icyphy/ptII/ptolemy/actor/lib/test/auto/MovingMaximum.xml
2 ms. Memory: 842752K Free: 518354K (62%)
----------------- Invoking toplevel() on ptolemy.moml.MoMLSimpleApplication@5e95cd92
----------------- Done invoking toplevel() on ptolemy.moml.MoMLSimpleApplication@5e95cd92
reloadAllAccessors: .MovingMaximum

===========================================================================================
----------------- testing Wed Jul 10 15:32:14 UTC 2019 /home/travis/build/icyphy/ptII/ptolemy/actor/lib/test/auto/MultipleLinksToSameRelation.xml
----------------- Instantiating /home/travis/build/icyphy/ptII/ptolemy/actor/lib/test/auto/MultipleLinksToSameRelation.xml
3 ms. Memory: 842752K Free: 514258K (61%)
----------------- Invoking toplevel() on ptolemy.moml.MoMLSimpleApplication@62859088
----------------- Done invoking toplevel() on ptolemy.moml.MoMLSimpleApplication@62859088
reloadAllAccessors: .MultipleLinksToSameRelation

===========================================================================================
----------------- testing Wed Jul 10 15:32:14 UTC 2019 /home/travis/build/icyphy/ptII/ptolemy/actor/lib/test/auto/MultipleLinksToSameRelationDE.xml
----------------- Instantiating /home/travis/build/icyphy/ptII/ptolemy/actor/lib/test/auto/MultipleLinksToSameRelationDE.xml
4 ms. Memory: 842752K Free: 509652K (60%)
----------------- Invoking toplevel() on ptolemy.moml.MoMLSimpleApplication@5aa4cf7f
----------------- Done invoking toplevel() on ptolemy.moml.MoMLSimpleApplication@5aa4cf7f
reloadAllAccessors: .MultipleLinksToSameRelationDE

===========================================================================================
----------------- testing Wed Jul 10 15:32:14 UTC 2019 /home/travis/build/icyphy/ptII/ptolemy/actor/lib/test/auto/Multiplexor.xml
----------------- Instantiating /home/travis/build/icyphy/ptII/ptolemy/actor/lib/test/auto/Multiplexor.xml
2 ms. Memory: 842752K Free: 504018K (60%)
----------------- Invoking toplevel() on ptolemy.moml.MoMLSimpleApplication@4e758076
----------------- Done invoking toplevel() on ptolemy.moml.MoMLSimpleApplication@4e758076
reloadAllAccessors: .Multiplexor

===========================================================================================
----------------- testing Wed Jul 10 15:32:14 UTC 2019 /home/travis/build/icyphy/ptII/ptolemy/actor/lib/test/auto/Multiplexor1.xml
----------------- Instantiating /home/travis/build/icyphy/ptII/ptolemy/actor/lib/test/auto/Multiplexor1.xml
2 ms. Memory: 842752K Free: 498388K (59%)
----------------- Invoking toplevel() on ptolemy.moml.MoMLSimpleApplication@602dfb2c
----------------- Done invoking toplevel() on ptolemy.moml.MoMLSimpleApplication@602dfb2c
reloadAllAccessors: .Multiplexor1

===========================================================================================
----------------- testing Wed Jul 10 15:32:14 UTC 2019 /home/travis/build/icyphy/ptII/ptolemy/actor/lib/test/auto/Multiplexor2.xml
----------------- Instantiating /home/travis/build/icyphy/ptII/ptolemy/actor/lib/test/auto/Multiplexor2.xml
6 ms. Memory: 842752K Free: 491730K (58%)
----------------- Invoking toplevel() on ptolemy.moml.MoMLSimpleApplication@3c06032b
----------------- Done invoking toplevel() on ptolemy.moml.MoMLSimpleApplication@3c06032b
reloadAllAccessors: .Multiplexor2

===========================================================================================
----------------- testing Wed Jul 10 15:32:14 UTC 2019 /home/travis/build/icyphy/ptII/ptolemy/actor/lib/test/auto/Multiplexor3.xml
----------------- Instantiating /home/travis/build/icyphy/ptII/ptolemy/actor/lib/test/auto/Multiplexor3.xml
2 ms. Memory: 842752K Free: 487634K (58%)
----------------- Invoking toplevel() on ptolemy.moml.MoMLSimpleApplication@1f0fe182
----------------- Done invoking toplevel() on ptolemy.moml.MoMLSimpleApplication@1f0fe182
reloadAllAccessors: .Multiplexor3

===========================================================================================
----------------- testing Wed Jul 10 15:32:14 UTC 2019 /home/travis/build/icyphy/ptII/ptolemy/actor/lib/test/auto/MultiplexorDE.xml
----------------- Instantiating /home/travis/build/icyphy/ptII/ptolemy/actor/lib/test/auto/MultiplexorDE.xml
2 ms. Memory: 842752K Free: 480435K (57%)
----------------- Invoking toplevel() on ptolemy.moml.MoMLSimpleApplication@4d6fe767
----------------- Done invoking toplevel() on ptolemy.moml.MoMLSimpleApplication@4d6fe767
reloadAllAccessors: .MultiplexorDE

===========================================================================================
----------------- testing Wed Jul 10 15:32:14 UTC 2019 /home/travis/build/icyphy/ptII/ptolemy/actor/lib/test/auto/MultiportBroadcastTest.xml
----------------- Instantiating /home/travis/build/icyphy/ptII/ptolemy/actor/lib/test/auto/MultiportBroadcastTest.xml
114 ms. Memory: 842752K Free: 474322K (56%)
----------------- Invoking toplevel() on ptolemy.moml.MoMLSimpleApplication@3426fe82
----------------- Done invoking toplevel() on ptolemy.moml.MoMLSimpleApplication@3426fe82
reloadAllAccessors: .MultiportBroadcastTest

===========================================================================================
----------------- testing Wed Jul 10 15:32:14 UTC 2019 /home/travis/build/icyphy/ptII/ptolemy/actor/lib/test/auto/MultiportOutHangDuringGetWidth.xml
----------------- Instantiating /home/travis/build/icyphy/ptII/ptolemy/actor/lib/test/auto/MultiportOutHangDuringGetWidth.xml
6 ms. Memory: 842752K Free: 790723K (94%)
----------------- Invoking toplevel() on ptolemy.moml.MoMLSimpleApplication@16b130e5
----------------- Done invoking toplevel() on ptolemy.moml.MoMLSimpleApplication@16b130e5
reloadAllAccessors: .MultiportOutHangDuringGetWidth

===========================================================================================
----------------- testing Wed Jul 10 15:32:14 UTC 2019 /home/travis/build/icyphy/ptII/ptolemy/actor/lib/test/auto/NilToken.xml
----------------- Instantiating /home/travis/build/icyphy/ptII/ptolemy/actor/lib/test/auto/NilToken.xml
1 ms. Memory: 842752K Free: 786642K (93%)
----------------- Invoking toplevel() on ptolemy.moml.MoMLSimpleApplication@cfcce9c
----------------- Done invoking toplevel() on ptolemy.moml.MoMLSimpleApplication@cfcce9c
reloadAllAccessors: .NilToken

===========================================================================================
----------------- testing Wed Jul 10 15:32:14 UTC 2019 /home/travis/build/icyphy/ptII/ptolemy/actor/lib/test/auto/NilTokenNonStrictTest.xml
----------------- Instantiating /home/travis/build/icyphy/ptII/ptolemy/actor/lib/test/auto/NilTokenNonStrictTest.xml
1 ms. Memory: 842752K Free: 781522K (93%)
----------------- Invoking toplevel() on ptolemy.moml.MoMLSimpleApplication@5fad1b44
----------------- Done invoking toplevel() on ptolemy.moml.MoMLSimpleApplication@5fad1b44
reloadAllAccessors: .NilTokenNonStrictTest

===========================================================================================
----------------- testing Wed Jul 10 15:32:14 UTC 2019 /home/travis/build/icyphy/ptII/ptolemy/actor/lib/test/auto/NilTokenRecord.xml
----------------- Instantiating /home/travis/build/icyphy/ptII/ptolemy/actor/lib/test/auto/NilTokenRecord.xml
16 ms. Memory: 842752K Free: 774868K (92%)
----------------- Invoking toplevel() on ptolemy.moml.MoMLSimpleApplication@463ac928
----------------- Done invoking toplevel() on ptolemy.moml.MoMLSimpleApplication@463ac928
reloadAllAccessors: .NilTokenRecord

===========================================================================================
----------------- testing Wed Jul 10 15:32:14 UTC 2019 /home/travis/build/icyphy/ptII/ptolemy/actor/lib/test/auto/NilTokenTypeTest.xml
----------------- Instantiating /home/travis/build/icyphy/ptII/ptolemy/actor/lib/test/auto/NilTokenTypeTest.xml
4 ms. Memory: 842752K Free: 765138K (91%)
----------------- Invoking toplevel() on ptolemy.moml.MoMLSimpleApplication@4c548401
----------------- Done invoking toplevel() on ptolemy.moml.MoMLSimpleApplication@4c548401
reloadAllAccessors: .NilTokenTypeTest

===========================================================================================
----------------- testing Wed Jul 10 15:32:14 UTC 2019 /home/travis/build/icyphy/ptII/ptolemy/actor/lib/test/auto/ObjectToken1.xml
----------------- Instantiating /home/travis/build/icyphy/ptII/ptolemy/actor/lib/test/auto/ObjectToken1.xml
2 ms. Memory: 842752K Free: 761042K (90%)
----------------- Invoking toplevel() on ptolemy.moml.MoMLSimpleApplication@16e6194b
----------------- Done invoking toplevel() on ptolemy.moml.MoMLSimpleApplication@16e6194b
reloadAllAccessors: .ObjectToken1

===========================================================================================
----------------- testing Wed Jul 10 15:32:14 UTC 2019 /home/travis/build/icyphy/ptII/ptolemy/actor/lib/test/auto/OrderedMerge.xml
----------------- Instantiating /home/travis/build/icyphy/ptII/ptolemy/actor/lib/test/auto/OrderedMerge.xml
8 ms. Memory: 842752K Free: 755412K (90%)
----------------- Invoking toplevel() on ptolemy.moml.MoMLSimpleApplication@e2ed678
----------------- Done invoking toplevel() on ptolemy.moml.MoMLSimpleApplication@e2ed678
reloadAllAccessors: .OrderedMerge

===========================================================================================
----------------- testing Wed Jul 10 15:32:14 UTC 2019 /home/travis/build/icyphy/ptII/ptolemy/actor/lib/test/auto/OrderedRecordDisassembler.xml
----------------- Instantiating /home/travis/build/icyphy/ptII/ptolemy/actor/lib/test/auto/OrderedRecordDisassembler.xml
3 ms. Memory: 842752K Free: 750292K (89%)
----------------- Invoking toplevel() on ptolemy.moml.MoMLSimpleApplication@3ec25f97
----------------- Done invoking toplevel() on ptolemy.moml.MoMLSimpleApplication@3ec25f97
reloadAllAccessors: .OrderedRecordDisassembler

===========================================================================================
----------------- testing Wed Jul 10 15:32:14 UTC 2019 /home/travis/build/icyphy/ptII/ptolemy/actor/lib/test/auto/OrderedRecordDisassembler2.xml
----------------- Instantiating /home/travis/build/icyphy/ptII/ptolemy/actor/lib/test/auto/OrderedRecordDisassembler2.xml
5 ms. Memory: 842752K Free: 742603K (88%)
----------------- Invoking toplevel() on ptolemy.moml.MoMLSimpleApplication@2b4f0279
----------------- Done invoking toplevel() on ptolemy.moml.MoMLSimpleApplication@2b4f0279
reloadAllAccessors: .OrderedRecordDisassembler2

===========================================================================================
----------------- testing Wed Jul 10 15:32:14 UTC 2019 /home/travis/build/icyphy/ptII/ptolemy/actor/lib/test/auto/OrderedRecordUpdater.xml
----------------- Instantiating /home/travis/build/icyphy/ptII/ptolemy/actor/lib/test/auto/OrderedRecordUpdater.xml
1 ms. Memory: 842752K Free: 737490K (88%)
----------------- Invoking toplevel() on ptolemy.moml.MoMLSimpleApplication@2031dc81
----------------- Done invoking toplevel() on ptolemy.moml.MoMLSimpleApplication@2031dc81
reloadAllAccessors: .RecordUpdater

===========================================================================================
----------------- testing Wed Jul 10 15:32:15 UTC 2019 /home/travis/build/icyphy/ptII/ptolemy/actor/lib/test/auto/OrderedRecordUpdater2.xml
----------------- Instantiating /home/travis/build/icyphy/ptII/ptolemy/actor/lib/test/auto/OrderedRecordUpdater2.xml
2 ms. Memory: 842752K Free: 732884K (87%)
----------------- Invoking toplevel() on ptolemy.moml.MoMLSimpleApplication@15d3f809
----------------- Done invoking toplevel() on ptolemy.moml.MoMLSimpleApplication@15d3f809
reloadAllAccessors: .RecordUpdater2

===========================================================================================
----------------- testing Wed Jul 10 15:32:15 UTC 2019 /home/travis/build/icyphy/ptII/ptolemy/actor/lib/test/auto/PhaseUnwrap.xml
----------------- Instantiating /home/travis/build/icyphy/ptII/ptolemy/actor/lib/test/auto/PhaseUnwrap.xml
1 ms. Memory: 842752K Free: 728274K (86%)
----------------- Invoking toplevel() on ptolemy.moml.MoMLSimpleApplication@7dd1bc04
----------------- Done invoking toplevel() on ptolemy.moml.MoMLSimpleApplication@7dd1bc04
reloadAllAccessors: .PhaseUnwrap

===========================================================================================
----------------- testing Wed Jul 10 15:32:15 UTC 2019 /home/travis/build/icyphy/ptII/ptolemy/actor/lib/test/auto/PoissonClock.xml
----------------- Instantiating /home/travis/build/icyphy/ptII/ptolemy/actor/lib/test/auto/PoissonClock.xml
1 ms. Memory: 842752K Free: 724178K (86%)
----------------- Invoking toplevel() on ptolemy.moml.MoMLSimpleApplication@2ef5d231
----------------- Done invoking toplevel() on ptolemy.moml.MoMLSimpleApplication@2ef5d231
reloadAllAccessors: .PoissonClock

===========================================================================================
----------------- testing Wed Jul 10 15:32:15 UTC 2019 /home/travis/build/icyphy/ptII/ptolemy/actor/lib/test/auto/PoissonClock2.xml
----------------- Instantiating /home/travis/build/icyphy/ptII/ptolemy/actor/lib/test/auto/PoissonClock2.xml
2 ms. Memory: 842752K Free: 719572K (85%)
----------------- Invoking toplevel() on ptolemy.moml.MoMLSimpleApplication@1963c161
----------------- Done invoking toplevel() on ptolemy.moml.MoMLSimpleApplication@1963c161
reloadAllAccessors: .PoissonClock2

===========================================================================================
----------------- testing Wed Jul 10 15:32:15 UTC 2019 /home/travis/build/icyphy/ptII/ptolemy/actor/lib/test/auto/PoissonClock3.xml
----------------- Instantiating /home/travis/build/icyphy/ptII/ptolemy/actor/lib/test/auto/PoissonClock3.xml
1 ms. Memory: 842752K Free: 714962K (85%)
----------------- Invoking toplevel() on ptolemy.moml.MoMLSimpleApplication@3d5b8ab4
----------------- Done invoking toplevel() on ptolemy.moml.MoMLSimpleApplication@3d5b8ab4
reloadAllAccessors: .PoissonClock3

===========================================================================================
----------------- testing Wed Jul 10 15:32:15 UTC 2019 /home/travis/build/icyphy/ptII/ptolemy/actor/lib/test/auto/PubSubWithInitialTokens.xml
----------------- Instantiating /home/travis/build/icyphy/ptII/ptolemy/actor/lib/test/auto/PubSubWithInitialTokens.xml
2 ms. Memory: 842752K Free: 709332K (84%)
----------------- Invoking toplevel() on ptolemy.moml.MoMLSimpleApplication@158a8f81
----------------- Done invoking toplevel() on ptolemy.moml.MoMLSimpleApplication@158a8f81
reloadAllAccessors: .PubSubWithInitialTokens

===========================================================================================
----------------- testing Wed Jul 10 15:32:15 UTC 2019 /home/travis/build/icyphy/ptII/ptolemy/actor/lib/test/auto/PubSubWithInitialTokens2.xml
----------------- Instantiating /home/travis/build/icyphy/ptII/ptolemy/actor/lib/test/auto/PubSubWithInitialTokens2.xml
2 ms. Memory: 842752K Free: 703188K (83%)
----------------- Invoking toplevel() on ptolemy.moml.MoMLSimpleApplication@69dcd660
----------------- Done invoking toplevel() on ptolemy.moml.MoMLSimpleApplication@69dcd660
reloadAllAccessors: .PubSubWithInitialTokens2

===========================================================================================
----------------- testing Wed Jul 10 15:32:15 UTC 2019 /home/travis/build/icyphy/ptII/ptolemy/actor/lib/test/auto/PublisherClassNoParameter.xml
----------------- Instantiating /home/travis/build/icyphy/ptII/ptolemy/actor/lib/test/auto/PublisherClassNoParameter.xml
2 ms. Memory: 842752K Free: 693458K (82%)
----------------- Invoking toplevel() on ptolemy.moml.MoMLSimpleApplication@7bdc963b
----------------- Done invoking toplevel() on ptolemy.moml.MoMLSimpleApplication@7bdc963b
reloadAllAccessors: .PublisherClassNoParameter

===========================================================================================
----------------- testing Wed Jul 10 15:32:15 UTC 2019 /home/travis/build/icyphy/ptII/ptolemy/actor/lib/test/auto/PublisherClassParameter.xml
----------------- Instantiating /home/travis/build/icyphy/ptII/ptolemy/actor/lib/test/auto/PublisherClassParameter.xml
2 ms. Memory: 842752K Free: 683218K (81%)
----------------- Invoking toplevel() on ptolemy.moml.MoMLSimpleApplication@5561124c
----------------- Done invoking toplevel() on ptolemy.moml.MoMLSimpleApplication@5561124c
reloadAllAccessors: .PublisherClassParameter

===========================================================================================
----------------- testing Wed Jul 10 15:32:15 UTC 2019 /home/travis/build/icyphy/ptII/ptolemy/actor/lib/test/auto/PublisherNonStrictTest.xml
----------------- Instantiating /home/travis/build/icyphy/ptII/ptolemy/actor/lib/test/auto/PublisherNonStrictTest.xml
3 ms. Memory: 842752K Free: 675540K (80%)
----------------- Invoking toplevel() on ptolemy.moml.MoMLSimpleApplication@6ca14455
----------------- Done invoking toplevel() on ptolemy.moml.MoMLSimpleApplication@6ca14455
reloadAllAccessors: .PublisherNonStrictTest

===========================================================================================
----------------- testing Wed Jul 10 15:32:15 UTC 2019 /home/travis/build/icyphy/ptII/ptolemy/actor/lib/test/auto/PublisherPort1.xml
----------------- Instantiating /home/travis/build/icyphy/ptII/ptolemy/actor/lib/test/auto/PublisherPort1.xml
12 ms. Memory: 842752K Free: 670420K (80%)
----------------- Invoking toplevel() on ptolemy.moml.MoMLSimpleApplication@24d894c9
----------------- Done invoking toplevel() on ptolemy.moml.MoMLSimpleApplication@24d894c9
reloadAllAccessors: .PublisherPort1

===========================================================================================
----------------- testing Wed Jul 10 15:32:15 UTC 2019 /home/travis/build/icyphy/ptII/ptolemy/actor/lib/test/auto/PublisherPort2.xml
----------------- Instantiating /home/travis/build/icyphy/ptII/ptolemy/actor/lib/test/auto/PublisherPort2.xml
2 ms. Memory: 842752K Free: 665300K (79%)
----------------- Invoking toplevel() on ptolemy.moml.MoMLSimpleApplication@5a1a05d1
----------------- Done invoking toplevel() on ptolemy.moml.MoMLSimpleApplication@5a1a05d1
reloadAllAccessors: .PublisherPort2

===========================================================================================
----------------- testing Wed Jul 10 15:32:15 UTC 2019 /home/travis/build/icyphy/ptII/ptolemy/actor/lib/test/auto/PublisherPort3.xml
----------------- Instantiating /home/travis/build/icyphy/ptII/ptolemy/actor/lib/test/auto/PublisherPort3.xml
3 ms. Memory: 842752K Free: 658611K (78%)
----------------- Invoking toplevel() on ptolemy.moml.MoMLSimpleApplication@47b9f7f3
----------------- Done invoking toplevel() on ptolemy.moml.MoMLSimpleApplication@47b9f7f3
reloadAllAccessors: .PublisherPort3

===========================================================================================
----------------- testing Wed Jul 10 15:32:15 UTC 2019 /home/travis/build/icyphy/ptII/ptolemy/actor/lib/test/auto/PublisherPort4.xml
----------------- Instantiating /home/travis/build/icyphy/ptII/ptolemy/actor/lib/test/auto/PublisherPort4.xml
2 ms. Memory: 842752K Free: 653012K (77%)
----------------- Invoking toplevel() on ptolemy.moml.MoMLSimpleApplication@35599cd9
----------------- Done invoking toplevel() on ptolemy.moml.MoMLSimpleApplication@35599cd9
reloadAllAccessors: .PublisherPort4

===========================================================================================
----------------- testing Wed Jul 10 15:32:15 UTC 2019 /home/travis/build/icyphy/ptII/ptolemy/actor/lib/test/auto/PublisherPort5.xml
----------------- Instantiating /home/travis/build/icyphy/ptII/ptolemy/actor/lib/test/auto/PublisherPort5.xml
3 ms. Memory: 842752K Free: 645330K (77%)
----------------- Invoking toplevel() on ptolemy.moml.MoMLSimpleApplication@2230a619
----------------- Done invoking toplevel() on ptolemy.moml.MoMLSimpleApplication@2230a619
reloadAllAccessors: .PublisherPort5

===========================================================================================
----------------- testing Wed Jul 10 15:32:15 UTC 2019 /home/travis/build/icyphy/ptII/ptolemy/actor/lib/test/auto/PublisherPort5LookAlike.xml
----------------- Instantiating /home/travis/build/icyphy/ptII/ptolemy/actor/lib/test/auto/PublisherPort5LookAlike.xml
8 ms. Memory: 842752K Free: 637652K (76%)
----------------- Invoking toplevel() on ptolemy.moml.MoMLSimpleApplication@6d37a663
----------------- Done invoking toplevel() on ptolemy.moml.MoMLSimpleApplication@6d37a663
reloadAllAccessors: .PublisherPort5LookAlike

===========================================================================================
----------------- testing Wed Jul 10 15:32:15 UTC 2019 /home/travis/build/icyphy/ptII/ptolemy/actor/lib/test/auto/PublisherPort6.xml
----------------- Instantiating /home/travis/build/icyphy/ptII/ptolemy/actor/lib/test/auto/PublisherPort6.xml
8 ms. Memory: 842752K Free: 630987K (75%)
----------------- Invoking toplevel() on ptolemy.moml.MoMLSimpleApplication@6ee787f9
----------------- Done invoking toplevel() on ptolemy.moml.MoMLSimpleApplication@6ee787f9
reloadAllAccessors: .PublisherPort6

===========================================================================================
----------------- testing Wed Jul 10 15:32:15 UTC 2019 /home/travis/build/icyphy/ptII/ptolemy/actor/lib/test/auto/PublisherPort7.xml
----------------- Instantiating /home/travis/build/icyphy/ptII/ptolemy/actor/lib/test/auto/PublisherPort7.xml
3 ms. Memory: 842752K Free: 623316K (74%)
----------------- Invoking toplevel() on ptolemy.moml.MoMLSimpleApplication@2982322a
----------------- Done invoking toplevel() on ptolemy.moml.MoMLSimpleApplication@2982322a
reloadAllAccessors: .PublisherPort7

===========================================================================================
----------------- testing Wed Jul 10 15:32:15 UTC 2019 /home/travis/build/icyphy/ptII/ptolemy/actor/lib/test/auto/PublisherPort8.xml
----------------- Instantiating /home/travis/build/icyphy/ptII/ptolemy/actor/lib/test/auto/PublisherPort8.xml
4 ms. Memory: 842752K Free: 614610K (73%)
----------------- Invoking toplevel() on ptolemy.moml.MoMLSimpleApplication@5afeecf7
----------------- Done invoking toplevel() on ptolemy.moml.MoMLSimpleApplication@5afeecf7
reloadAllAccessors: .PublisherPort8

===========================================================================================
----------------- testing Wed Jul 10 15:32:15 UTC 2019 /home/travis/build/icyphy/ptII/ptolemy/actor/lib/test/auto/PublisherPortSubscriberChannelVariablesAOC2.xml
----------------- Instantiating /home/travis/build/icyphy/ptII/ptolemy/actor/lib/test/auto/PublisherPortSubscriberChannelVariablesAOC2.xml
3 ms. Memory: 842752K Free: 597716K (71%)
----------------- Invoking toplevel() on ptolemy.moml.MoMLSimpleApplication@6feab59a
----------------- Done invoking toplevel() on ptolemy.moml.MoMLSimpleApplication@6feab59a
reloadAllAccessors: .PublisherPortSubscriberChannelVariablesAOC2

===========================================================================================
----------------- testing Wed Jul 10 15:32:15 UTC 2019 /home/travis/build/icyphy/ptII/ptolemy/actor/lib/test/auto/PublisherPortSubscriberOpaqueWidthInference.xml
----------------- Instantiating /home/travis/build/icyphy/ptII/ptolemy/actor/lib/test/auto/PublisherPortSubscriberOpaqueWidthInference.xml
3 ms. Memory: 842752K Free: 590019K (70%)
----------------- Invoking toplevel() on ptolemy.moml.MoMLSimpleApplication@5eeed8af
----------------- Done invoking toplevel() on ptolemy.moml.MoMLSimpleApplication@5eeed8af
reloadAllAccessors: .PublisherPortSubscriberOpaqueWidthInference

===========================================================================================
----------------- testing Wed Jul 10 15:32:15 UTC 2019 /home/travis/build/icyphy/ptII/ptolemy/actor/lib/test/auto/PublisherPortSubscriberPortAdjacent.xml
----------------- Instantiating /home/travis/build/icyphy/ptII/ptolemy/actor/lib/test/auto/PublisherPortSubscriberPortAdjacent.xml
2 ms. Memory: 842752K Free: 581842K (69%)
----------------- Invoking toplevel() on ptolemy.moml.MoMLSimpleApplication@36c4e01b
----------------- Done invoking toplevel() on ptolemy.moml.MoMLSimpleApplication@36c4e01b
reloadAllAccessors: .PublisherPortSubscriberPortAdjacent

===========================================================================================
----------------- testing Wed Jul 10 15:32:15 UTC 2019 /home/travis/build/icyphy/ptII/ptolemy/actor/lib/test/auto/PublisherPortSubscriberPortExpression.xml
----------------- Instantiating /home/travis/build/icyphy/ptII/ptolemy/actor/lib/test/auto/PublisherPortSubscriberPortExpression.xml
4 ms. Memory: 842752K Free: 574164K (68%)
----------------- Invoking toplevel() on ptolemy.moml.MoMLSimpleApplication@4fe492c2
----------------- Done invoking toplevel() on ptolemy.moml.MoMLSimpleApplication@4fe492c2
reloadAllAccessors: .PublisherPortSubscriberPortExpression

===========================================================================================
----------------- testing Wed Jul 10 15:32:15 UTC 2019 /home/travis/build/icyphy/ptII/ptolemy/actor/lib/test/auto/PublisherPortSubscriberPortOpaqueD3Reverse.xml
----------------- Instantiating /home/travis/build/icyphy/ptII/ptolemy/actor/lib/test/auto/PublisherPortSubscriberPortOpaqueD3Reverse.xml
10 ms. Memory: 842752K Free: 563924K (67%)
----------------- Invoking toplevel() on ptolemy.moml.MoMLSimpleApplication@523a7a6d
----------------- Done invoking toplevel() on ptolemy.moml.MoMLSimpleApplication@523a7a6d
reloadAllAccessors: .PublisherPortSubscriberPortOpaqueD3Reverse

===========================================================================================
----------------- testing Wed Jul 10 15:32:15 UTC 2019 /home/travis/build/icyphy/ptII/ptolemy/actor/lib/test/auto/PublisherPortSubscriberPortOpaqueWidthInference.xml
----------------- Instantiating /home/travis/build/icyphy/ptII/ptolemy/actor/lib/test/auto/PublisherPortSubscriberPortOpaqueWidthInference.xml
3 ms. Memory: 842752K Free: 556227K (66%)
----------------- Invoking toplevel() on ptolemy.moml.MoMLSimpleApplication@69b4a1ed
----------------- Done invoking toplevel() on ptolemy.moml.MoMLSimpleApplication@69b4a1ed
reloadAllAccessors: .PublisherPortSubscriberPortOpaqueWidthInference

===========================================================================================
----------------- testing Wed Jul 10 15:32:15 UTC 2019 /home/travis/build/icyphy/ptII/ptolemy/actor/lib/test/auto/PublisherPortToplevelSubscriberPortAOC.xml
----------------- Instantiating /home/travis/build/icyphy/ptII/ptolemy/actor/lib/test/auto/PublisherPortToplevelSubscriberPortAOC.xml
.PublisherPortToplevelSubscriberPortAOC.TestExceptionAttribute: initialize() was not invoked, but wrapup() was.  This is unusual, but not always a problem.  For example, exporting JNLP will do this.
2 ms. Memory: 842752K Free: 550098K (65%)
----------------- Invoking toplevel() on ptolemy.moml.MoMLSimpleApplication@f4f5217
----------------- Done invoking toplevel() on ptolemy.moml.MoMLSimpleApplication@f4f5217
reloadAllAccessors: .PublisherPortToplevelSubscriberPortAOC

===========================================================================================
----------------- testing Wed Jul 10 15:32:15 UTC 2019 /home/travis/build/icyphy/ptII/ptolemy/actor/lib/test/auto/PublisherSubscriber.xml
----------------- Instantiating /home/travis/build/icyphy/ptII/ptolemy/actor/lib/test/auto/PublisherSubscriber.xml
24 ms. Memory: 842752K Free: 542915K (64%)
----------------- Invoking toplevel() on ptolemy.moml.MoMLSimpleApplication@288fb925
----------------- Done invoking toplevel() on ptolemy.moml.MoMLSimpleApplication@288fb925
reloadAllAccessors: .PublisherSubscriber

===========================================================================================
----------------- testing Wed Jul 10 15:32:15 UTC 2019 /home/travis/build/icyphy/ptII/ptolemy/actor/lib/test/auto/PublisherSubscriber10.xml
----------------- Instantiating /home/travis/build/icyphy/ptII/ptolemy/actor/lib/test/auto/PublisherSubscriber10.xml
7 ms. Memory: 842752K Free: 533204K (63%)
----------------- Invoking toplevel() on ptolemy.moml.MoMLSimpleApplication@33f735ab
----------------- Done invoking toplevel() on ptolemy.moml.MoMLSimpleApplication@33f735ab
reloadAllAccessors: .PublisherSubscriber10

===========================================================================================
----------------- testing Wed Jul 10 15:32:15 UTC 2019 /home/travis/build/icyphy/ptII/ptolemy/actor/lib/test/auto/PublisherSubscriber10InitialOutputs.xml
----------------- Instantiating /home/travis/build/icyphy/ptII/ptolemy/actor/lib/test/auto/PublisherSubscriber10InitialOutputs.xml
17 ms. Memory: 842752K Free: 523988K (62%)
----------------- Invoking toplevel() on ptolemy.moml.MoMLSimpleApplication@656032a7
----------------- Done invoking toplevel() on ptolemy.moml.MoMLSimpleApplication@656032a7
reloadAllAccessors: .PublisherSubscriber10InitialOutputs

===========================================================================================
----------------- testing Wed Jul 10 15:32:15 UTC 2019 /home/travis/build/icyphy/ptII/ptolemy/actor/lib/test/auto/PublisherSubscriber11.xml
----------------- Instantiating /home/travis/build/icyphy/ptII/ptolemy/actor/lib/test/auto/PublisherSubscriber11.xml
4 ms. Memory: 842752K Free: 517844K (61%)
----------------- Invoking toplevel() on ptolemy.moml.MoMLSimpleApplication@18215ab0
----------------- Done invoking toplevel() on ptolemy.moml.MoMLSimpleApplication@18215ab0
reloadAllAccessors: .PublisherSubscriber11

===========================================================================================
----------------- testing Wed Jul 10 15:32:15 UTC 2019 /home/travis/build/icyphy/ptII/ptolemy/actor/lib/test/auto/PublisherSubscriber12.xml
----------------- Instantiating /home/travis/build/icyphy/ptII/ptolemy/actor/lib/test/auto/PublisherSubscriber12.xml
6 ms. Memory: 842752K Free: 510676K (61%)
----------------- Invoking toplevel() on ptolemy.moml.MoMLSimpleApplication@595fab01
----------------- Done invoking toplevel() on ptolemy.moml.MoMLSimpleApplication@595fab01
reloadAllAccessors: .PublisherSubscriber12

===========================================================================================
----------------- testing Wed Jul 10 15:32:15 UTC 2019 /home/travis/build/icyphy/ptII/ptolemy/actor/lib/test/auto/PublisherSubscriber13.xml
----------------- Instantiating /home/travis/build/icyphy/ptII/ptolemy/actor/lib/test/auto/PublisherSubscriber13.xml
2 ms. Memory: 842752K Free: 505556K (60%)
----------------- Invoking toplevel() on ptolemy.moml.MoMLSimpleApplication@53873c04
----------------- Done invoking toplevel() on ptolemy.moml.MoMLSimpleApplication@53873c04
reloadAllAccessors: .PublisherSubscriber13

===========================================================================================
----------------- testing Wed Jul 10 15:32:15 UTC 2019 /home/travis/build/icyphy/ptII/ptolemy/actor/lib/test/auto/PublisherSubscriber14.xml
----------------- Instantiating /home/travis/build/icyphy/ptII/ptolemy/actor/lib/test/auto/PublisherSubscriber14.xml
2 ms. Memory: 842752K Free: 496835K (59%)
----------------- Invoking toplevel() on ptolemy.moml.MoMLSimpleApplication@37bfc2ef
----------------- Done invoking toplevel() on ptolemy.moml.MoMLSimpleApplication@37bfc2ef
reloadAllAccessors: .PublisherSubscriber14

===========================================================================================
----------------- testing Wed Jul 10 15:32:15 UTC 2019 /home/travis/build/icyphy/ptII/ptolemy/actor/lib/test/auto/PublisherSubscriber2.xml
----------------- Instantiating /home/travis/build/icyphy/ptII/ptolemy/actor/lib/test/auto/PublisherSubscriber2.xml
4 ms. Memory: 842752K Free: 491730K (58%)
----------------- Invoking toplevel() on ptolemy.moml.MoMLSimpleApplication@32b91215
----------------- Done invoking toplevel() on ptolemy.moml.MoMLSimpleApplication@32b91215
reloadAllAccessors: .PublisherSubscriber2

===========================================================================================
----------------- testing Wed Jul 10 15:32:15 UTC 2019 /home/travis/build/icyphy/ptII/ptolemy/actor/lib/test/auto/PublisherSubscriber3.xml
----------------- Instantiating /home/travis/build/icyphy/ptII/ptolemy/actor/lib/test/auto/PublisherSubscriber3.xml
2 ms. Memory: 842752K Free: 486100K (58%)
----------------- Invoking toplevel() on ptolemy.moml.MoMLSimpleApplication@7dec5e04
----------------- Done invoking toplevel() on ptolemy.moml.MoMLSimpleApplication@7dec5e04
reloadAllAccessors: .PublisherSubscriber3

===========================================================================================
----------------- testing Wed Jul 10 15:32:15 UTC 2019 /home/travis/build/icyphy/ptII/ptolemy/actor/lib/test/auto/PublisherSubscriber4.xml
----------------- Instantiating /home/travis/build/icyphy/ptII/ptolemy/actor/lib/test/auto/PublisherSubscriber4.xml
2 ms. Memory: 842752K Free: 480980K (57%)
----------------- Invoking toplevel() on ptolemy.moml.MoMLSimpleApplication@7a10f426
----------------- Done invoking toplevel() on ptolemy.moml.MoMLSimpleApplication@7a10f426
reloadAllAccessors: .PublisherSubscriber4

===========================================================================================
----------------- testing Wed Jul 10 15:32:15 UTC 2019 /home/travis/build/icyphy/ptII/ptolemy/actor/lib/test/auto/PublisherSubscriber5.xml
----------------- Instantiating /home/travis/build/icyphy/ptII/ptolemy/actor/lib/test/auto/PublisherSubscriber5.xml
3 ms. Memory: 842752K Free: 474322K (56%)
----------------- Invoking toplevel() on ptolemy.moml.MoMLSimpleApplication@6a490062
----------------- Done invoking toplevel() on ptolemy.moml.MoMLSimpleApplication@6a490062
reloadAllAccessors: .PublisherSubscriber5

===========================================================================================
----------------- testing Wed Jul 10 15:32:15 UTC 2019 /home/travis/build/icyphy/ptII/ptolemy/actor/lib/test/auto/PublisherSubscriber6.xml
----------------- Instantiating /home/travis/build/icyphy/ptII/ptolemy/actor/lib/test/auto/PublisherSubscriber6.xml
4 ms. Memory: 842752K Free: 467668K (55%)
----------------- Invoking toplevel() on ptolemy.moml.MoMLSimpleApplication@71fe29d9
----------------- Done invoking toplevel() on ptolemy.moml.MoMLSimpleApplication@71fe29d9
reloadAllAccessors: .PublisherSubscriber6

===========================================================================================
----------------- testing Wed Jul 10 15:32:15 UTC 2019 /home/travis/build/icyphy/ptII/ptolemy/actor/lib/test/auto/PublisherSubscriber7.xml
----------------- Instantiating /home/travis/build/icyphy/ptII/ptolemy/actor/lib/test/auto/PublisherSubscriber7.xml
4 ms. Memory: 842752K Free: 460500K (55%)
----------------- Invoking toplevel() on ptolemy.moml.MoMLSimpleApplication@4c20210c
----------------- Done invoking toplevel() on ptolemy.moml.MoMLSimpleApplication@4c20210c
reloadAllAccessors: .PublisherSubscriber7

===========================================================================================
----------------- testing Wed Jul 10 15:32:15 UTC 2019 /home/travis/build/icyphy/ptII/ptolemy/actor/lib/test/auto/PublisherSubscriber8.xml
----------------- Instantiating /home/travis/build/icyphy/ptII/ptolemy/actor/lib/test/auto/PublisherSubscriber8.xml
21 ms. Memory: 842752K Free: 448212K (53%)
----------------- Invoking toplevel() on ptolemy.moml.MoMLSimpleApplication@2821b37b
----------------- Done invoking toplevel() on ptolemy.moml.MoMLSimpleApplication@2821b37b
reloadAllAccessors: .PublisherSubscriber8

===========================================================================================
----------------- testing Wed Jul 10 15:32:15 UTC 2019 /home/travis/build/icyphy/ptII/ptolemy/actor/lib/test/auto/PublisherSubscriber9.xml
----------------- Instantiating /home/travis/build/icyphy/ptII/ptolemy/actor/lib/test/auto/PublisherSubscriber9.xml
3 ms. Memory: 842752K Free: 441044K (52%)
----------------- Invoking toplevel() on ptolemy.moml.MoMLSimpleApplication@6acf5e08
----------------- Done invoking toplevel() on ptolemy.moml.MoMLSimpleApplication@6acf5e08
reloadAllAccessors: .PublisherSubscriber9

===========================================================================================
----------------- testing Wed Jul 10 15:32:15 UTC 2019 /home/travis/build/icyphy/ptII/ptolemy/actor/lib/test/auto/PublisherSubscriberAdjacent.xml
----------------- Instantiating /home/travis/build/icyphy/ptII/ptolemy/actor/lib/test/auto/PublisherSubscriberAdjacent.xml
2 ms. Memory: 842752K Free: 432852K (51%)
----------------- Invoking toplevel() on ptolemy.moml.MoMLSimpleApplication@1d175279
----------------- Done invoking toplevel() on ptolemy.moml.MoMLSimpleApplication@1d175279
reloadAllAccessors: .PublisherSubscriberAdjacent

===========================================================================================
----------------- testing Wed Jul 10 15:32:15 UTC 2019 /home/travis/build/icyphy/ptII/ptolemy/actor/lib/test/auto/PublisherSubscriberChannelVariablesAOC2.xml
----------------- Instantiating /home/travis/build/icyphy/ptII/ptolemy/actor/lib/test/auto/PublisherSubscriberChannelVariablesAOC2.xml
7 ms. Memory: 842752K Free: 417492K (50%)
----------------- Invoking toplevel() on ptolemy.moml.MoMLSimpleApplication@5c30b2e6
----------------- Done invoking toplevel() on ptolemy.moml.MoMLSimpleApplication@5c30b2e6
reloadAllAccessors: .PublisherSubscriberChannelVariablesAOC2

===========================================================================================
----------------- testing Wed Jul 10 15:32:16 UTC 2019 /home/travis/build/icyphy/ptII/ptolemy/actor/lib/test/auto/PublisherSubscriberD3.xml
----------------- Instantiating /home/travis/build/icyphy/ptII/ptolemy/actor/lib/test/auto/PublisherSubscriberD3.xml
1 ms. Memory: 842752K Free: 410324K (49%)
----------------- Invoking toplevel() on ptolemy.moml.MoMLSimpleApplication@575ad2ad
----------------- Done invoking toplevel() on ptolemy.moml.MoMLSimpleApplication@575ad2ad
reloadAllAccessors: .PublisherSubscriberD3

===========================================================================================
----------------- testing Wed Jul 10 15:32:16 UTC 2019 /home/travis/build/icyphy/ptII/ptolemy/actor/lib/test/auto/PublisherSubscriberD3Reverse.xml
----------------- Instantiating /home/travis/build/icyphy/ptII/ptolemy/actor/lib/test/auto/PublisherSubscriberD3Reverse.xml
2 ms. Memory: 842752K Free: 404180K (48%)
----------------- Invoking toplevel() on ptolemy.moml.MoMLSimpleApplication@5f5e35f
----------------- Done invoking toplevel() on ptolemy.moml.MoMLSimpleApplication@5f5e35f
reloadAllAccessors: .PublisherSubscriberD3Reverse

===========================================================================================
----------------- testing Wed Jul 10 15:32:16 UTC 2019 /home/travis/build/icyphy/ptII/ptolemy/actor/lib/test/auto/PublisherSubscriberExpression.xml
----------------- Instantiating /home/travis/build/icyphy/ptII/ptolemy/actor/lib/test/auto/PublisherSubscriberExpression.xml
3 ms. Memory: 842752K Free: 395988K (47%)
----------------- Invoking toplevel() on ptolemy.moml.MoMLSimpleApplication@2bde9e83
----------------- Done invoking toplevel() on ptolemy.moml.MoMLSimpleApplication@2bde9e83
reloadAllAccessors: .PublisherSubscriberExpression

===========================================================================================
----------------- testing Wed Jul 10 15:32:16 UTC 2019 /home/travis/build/icyphy/ptII/ptolemy/actor/lib/test/auto/PublisherSubscriberOpaque.xml
----------------- Instantiating /home/travis/build/icyphy/ptII/ptolemy/actor/lib/test/auto/PublisherSubscriberOpaque.xml
4 ms. Memory: 842752K Free: 387796K (46%)
----------------- Invoking toplevel() on ptolemy.moml.MoMLSimpleApplication@4d22d817
----------------- Done invoking toplevel() on ptolemy.moml.MoMLSimpleApplication@4d22d817
reloadAllAccessors: .PublisherSubscriberOpaque

===========================================================================================
----------------- testing Wed Jul 10 15:32:16 UTC 2019 /home/travis/build/icyphy/ptII/ptolemy/actor/lib/test/auto/PublisherSubscriberOpaqueD3.xml
----------------- Instantiating /home/travis/build/icyphy/ptII/ptolemy/actor/lib/test/auto/PublisherSubscriberOpaqueD3.xml
5 ms. Memory: 842752K Free: 376532K (45%)
----------------- Invoking toplevel() on ptolemy.moml.MoMLSimpleApplication@3a86cea8
----------------- Done invoking toplevel() on ptolemy.moml.MoMLSimpleApplication@3a86cea8
reloadAllAccessors: .PublisherSubscriberOpaqueD3

===========================================================================================
----------------- testing Wed Jul 10 15:32:16 UTC 2019 /home/travis/build/icyphy/ptII/ptolemy/actor/lib/test/auto/PublisherSubscriberOpaqueD3Reverse.xml
----------------- Instantiating /home/travis/build/icyphy/ptII/ptolemy/actor/lib/test/auto/PublisherSubscriberOpaqueD3Reverse.xml
9 ms. Memory: 842752K Free: 365778K (43%)
----------------- Invoking toplevel() on ptolemy.moml.MoMLSimpleApplication@3d721c6f
----------------- Done invoking toplevel() on ptolemy.moml.MoMLSimpleApplication@3d721c6f
reloadAllAccessors: .PublisherSubscriberOpaqueD3Reverse

===========================================================================================
----------------- testing Wed Jul 10 15:32:16 UTC 2019 /home/travis/build/icyphy/ptII/ptolemy/actor/lib/test/auto/PublisherSubscriberOpaqueWidthInference.xml
----------------- Instantiating /home/travis/build/icyphy/ptII/ptolemy/actor/lib/test/auto/PublisherSubscriberOpaqueWidthInference.xml
5 ms. Memory: 842752K Free: 357571K (42%)
----------------- Invoking toplevel() on ptolemy.moml.MoMLSimpleApplication@66430961
----------------- Done invoking toplevel() on ptolemy.moml.MoMLSimpleApplication@66430961
reloadAllAccessors: .PublisherSubscriberOpaqueWidthInference

===========================================================================================
----------------- testing Wed Jul 10 15:32:16 UTC 2019 /home/travis/build/icyphy/ptII/ptolemy/actor/lib/test/auto/PublisherTestSubscriber.xml
----------------- Instantiating /home/travis/build/icyphy/ptII/ptolemy/actor/lib/test/auto/PublisherTestSubscriber.xml
3 ms. Memory: 842752K Free: 349387K (41%)
----------------- Invoking toplevel() on ptolemy.moml.MoMLSimpleApplication@fa502d6
----------------- Done invoking toplevel() on ptolemy.moml.MoMLSimpleApplication@fa502d6
reloadAllAccessors: .PublisherTestSubscriber

===========================================================================================
----------------- testing Wed Jul 10 15:32:16 UTC 2019 /home/travis/build/icyphy/ptII/ptolemy/actor/lib/test/auto/PublisherToplevelSubscriberPortAOC.xml
----------------- Instantiating /home/travis/build/icyphy/ptII/ptolemy/actor/lib/test/auto/PublisherToplevelSubscriberPortAOC.xml
2 ms. Memory: 842752K Free: 342740K (41%)
----------------- Invoking toplevel() on ptolemy.moml.MoMLSimpleApplication@3bdbae7f
----------------- Done invoking toplevel() on ptolemy.moml.MoMLSimpleApplication@3bdbae7f
reloadAllAccessors: .PublisherToplevelSubscriberPortAOC

===========================================================================================
----------------- testing Wed Jul 10 15:32:16 UTC 2019 /home/travis/build/icyphy/ptII/ptolemy/actor/lib/test/auto/PulseFiringLimitDE.xml
----------------- Instantiating /home/travis/build/icyphy/ptII/ptolemy/actor/lib/test/auto/PulseFiringLimitDE.xml
2 ms. Memory: 842752K Free: 336596K (40%)
----------------- Invoking toplevel() on ptolemy.moml.MoMLSimpleApplication@3654a82d
----------------- Done invoking toplevel() on ptolemy.moml.MoMLSimpleApplication@3654a82d
reloadAllAccessors: .PulseFiringLimitDE

===========================================================================================
----------------- testing Wed Jul 10 15:32:16 UTC 2019 /home/travis/build/icyphy/ptII/ptolemy/actor/lib/test/auto/Ramp1.xml
----------------- Instantiating /home/travis/build/icyphy/ptII/ptolemy/actor/lib/test/auto/Ramp1.xml
8 ms. Memory: 842752K Free: 332500K (39%)
----------------- Invoking toplevel() on ptolemy.moml.MoMLSimpleApplication@43ddd0f2
----------------- Done invoking toplevel() on ptolemy.moml.MoMLSimpleApplication@43ddd0f2
reloadAllAccessors: .Ramp1

===========================================================================================
----------------- testing Wed Jul 10 15:32:16 UTC 2019 /home/travis/build/icyphy/ptII/ptolemy/actor/lib/test/auto/RampFiringLimitDE.xml
----------------- Instantiating /home/travis/build/icyphy/ptII/ptolemy/actor/lib/test/auto/RampFiringLimitDE.xml
4 ms. Memory: 842752K Free: 326356K (39%)
----------------- Invoking toplevel() on ptolemy.moml.MoMLSimpleApplication@3bd84879
----------------- Done invoking toplevel() on ptolemy.moml.MoMLSimpleApplication@3bd84879
reloadAllAccessors: .RampFiringLimitDE

===========================================================================================
----------------- testing Wed Jul 10 15:32:16 UTC 2019 /home/travis/build/icyphy/ptII/ptolemy/actor/lib/test/auto/RampFiringLimitSDF.xml
----------------- Instantiating /home/travis/build/icyphy/ptII/ptolemy/actor/lib/test/auto/RampFiringLimitSDF.xml
3 ms. Memory: 842752K Free: 321236K (38%)
----------------- Invoking toplevel() on ptolemy.moml.MoMLSimpleApplication@5dcaa908
----------------- Done invoking toplevel() on ptolemy.moml.MoMLSimpleApplication@5dcaa908
reloadAllAccessors: .RampFiringLimitSDF

===========================================================================================
----------------- testing Wed Jul 10 15:32:16 UTC 2019 /home/travis/build/icyphy/ptII/ptolemy/actor/lib/test/auto/RandomInteger.xml
----------------- Instantiating /home/travis/build/icyphy/ptII/ptolemy/actor/lib/test/auto/RandomInteger.xml
2 ms. Memory: 842752K Free: 317140K (38%)
----------------- Invoking toplevel() on ptolemy.moml.MoMLSimpleApplication@7f1ef819
----------------- Done invoking toplevel() on ptolemy.moml.MoMLSimpleApplication@7f1ef819
reloadAllAccessors: .RandomInteger

===========================================================================================
----------------- testing Wed Jul 10 15:32:16 UTC 2019 /home/travis/build/icyphy/ptII/ptolemy/actor/lib/test/auto/ReadFile1.xml
----------------- Instantiating /home/travis/build/icyphy/ptII/ptolemy/actor/lib/test/auto/ReadFile1.xml
2 ms. Memory: 842752K Free: 312515K (37%)
----------------- Invoking toplevel() on ptolemy.moml.MoMLSimpleApplication@3d32819a
----------------- Done invoking toplevel() on ptolemy.moml.MoMLSimpleApplication@3d32819a
reloadAllAccessors: .ReadFile1

===========================================================================================
----------------- testing Wed Jul 10 15:32:16 UTC 2019 /home/travis/build/icyphy/ptII/ptolemy/actor/lib/test/auto/ReadFile2.xml
----------------- Instantiating /home/travis/build/icyphy/ptII/ptolemy/actor/lib/test/auto/ReadFile2.xml
1 ms. Memory: 842752K Free: 308434K (37%)
----------------- Invoking toplevel() on ptolemy.moml.MoMLSimpleApplication@b9ce0aa
----------------- Done invoking toplevel() on ptolemy.moml.MoMLSimpleApplication@b9ce0aa
reloadAllAccessors: .ReadFile2

===========================================================================================
----------------- testing Wed Jul 10 15:32:16 UTC 2019 /home/travis/build/icyphy/ptII/ptolemy/actor/lib/test/auto/Reader.xml
----------------- Instantiating /home/travis/build/icyphy/ptII/ptolemy/actor/lib/test/auto/Reader.xml
actor.lib.Reader is obsolete, use actor.lib.io.ExpressionReader instead
4 ms. Memory: 842752K Free: 789714K (94%)
----------------- Invoking toplevel() on ptolemy.moml.MoMLSimpleApplication@6369a116
----------------- Done invoking toplevel() on ptolemy.moml.MoMLSimpleApplication@6369a116
reloadAllAccessors: .Reader

===========================================================================================
----------------- testing Wed Jul 10 15:32:16 UTC 2019 /home/travis/build/icyphy/ptII/ptolemy/actor/lib/test/auto/RecordAssemblerDisplayNameTest.xml
----------------- Instantiating /home/travis/build/icyphy/ptII/ptolemy/actor/lib/test/auto/RecordAssemblerDisplayNameTest.xml
3732 ms. Memory: 842752K Free: 591572K (70%)
----------------- Invoking toplevel() on ptolemy.moml.MoMLSimpleApplication@263a82e1
----------------- Done invoking toplevel() on ptolemy.moml.MoMLSimpleApplication@263a82e1
reloadAllAccessors: .RecordAssemblerDisplayNameTest

===========================================================================================
----------------- testing Wed Jul 10 15:32:20 UTC 2019 /home/travis/build/icyphy/ptII/ptolemy/actor/lib/test/auto/RecordAssemblerTypeError.xml
----------------- Instantiating /home/travis/build/icyphy/ptII/ptolemy/actor/lib/test/auto/RecordAssemblerTypeError.xml
17 ms. Memory: 842752K Free: 581842K (69%)
----------------- Invoking toplevel() on ptolemy.moml.MoMLSimpleApplication@2f8afe25
----------------- Done invoking toplevel() on ptolemy.moml.MoMLSimpleApplication@2f8afe25
reloadAllAccessors: .RecordAssemblerTypeError

===========================================================================================
----------------- testing Wed Jul 10 15:32:20 UTC 2019 /home/travis/build/icyphy/ptII/ptolemy/actor/lib/test/auto/RecordDisassember.xml
----------------- Instantiating /home/travis/build/icyphy/ptII/ptolemy/actor/lib/test/auto/RecordDisassember.xml
6 ms. Memory: 842752K Free: 577236K (68%)
----------------- Invoking toplevel() on ptolemy.moml.MoMLSimpleApplication@4f8e7adc
----------------- Done invoking toplevel() on ptolemy.moml.MoMLSimpleApplication@4f8e7adc
reloadAllAccessors: .RecordDisassember

===========================================================================================
----------------- testing Wed Jul 10 15:32:20 UTC 2019 /home/travis/build/icyphy/ptII/ptolemy/actor/lib/test/auto/RecordDisassemberDisplayNameTest.xml
----------------- Instantiating /home/travis/build/icyphy/ptII/ptolemy/actor/lib/test/auto/RecordDisassemberDisplayNameTest.xml
7 ms. Memory: 842752K Free: 569554K (68%)
----------------- Invoking toplevel() on ptolemy.moml.MoMLSimpleApplication@72bff45a
----------------- Done invoking toplevel() on ptolemy.moml.MoMLSimpleApplication@72bff45a
reloadAllAccessors: .RecordDisassemberDisplayNameTest

===========================================================================================
----------------- testing Wed Jul 10 15:32:20 UTC 2019 /home/travis/build/icyphy/ptII/ptolemy/actor/lib/test/auto/RecordDisassembler.xml
----------------- Instantiating /home/travis/build/icyphy/ptII/ptolemy/actor/lib/test/auto/RecordDisassembler.xml
3 ms. Memory: 842752K Free: 564403K (67%)
----------------- Invoking toplevel() on ptolemy.moml.MoMLSimpleApplication@5a75da4
----------------- Done invoking toplevel() on ptolemy.moml.MoMLSimpleApplication@5a75da4
reloadAllAccessors: .RecordDisassembler

===========================================================================================
----------------- testing Wed Jul 10 15:32:20 UTC 2019 /home/travis/build/icyphy/ptII/ptolemy/actor/lib/test/auto/RecordDisassembler2.xml
----------------- Instantiating /home/travis/build/icyphy/ptII/ptolemy/actor/lib/test/auto/RecordDisassembler2.xml
4 ms. Memory: 842752K Free: 559299K (66%)
----------------- Invoking toplevel() on ptolemy.moml.MoMLSimpleApplication@27ba869a
----------------- Done invoking toplevel() on ptolemy.moml.MoMLSimpleApplication@27ba869a
reloadAllAccessors: .RecordDisassembler2

===========================================================================================
----------------- testing Wed Jul 10 15:32:20 UTC 2019 /home/travis/build/icyphy/ptII/ptolemy/actor/lib/test/auto/RecordUpdater.xml
----------------- Instantiating /home/travis/build/icyphy/ptII/ptolemy/actor/lib/test/auto/RecordUpdater.xml
2 ms. Memory: 842752K Free: 553684K (66%)
----------------- Invoking toplevel() on ptolemy.moml.MoMLSimpleApplication@589144d2
----------------- Done invoking toplevel() on ptolemy.moml.MoMLSimpleApplication@589144d2
reloadAllAccessors: .RecordUpdater

===========================================================================================
----------------- testing Wed Jul 10 15:32:20 UTC 2019 /home/travis/build/icyphy/ptII/ptolemy/actor/lib/test/auto/RecordUpdater2.xml
----------------- Instantiating /home/travis/build/icyphy/ptII/ptolemy/actor/lib/test/auto/RecordUpdater2.xml
2 ms. Memory: 842752K Free: 548564K (65%)
----------------- Invoking toplevel() on ptolemy.moml.MoMLSimpleApplication@6a1956cb
----------------- Done invoking toplevel() on ptolemy.moml.MoMLSimpleApplication@6a1956cb
reloadAllAccessors: .RecordUpdater2

===========================================================================================
----------------- testing Wed Jul 10 15:32:20 UTC 2019 /home/travis/build/icyphy/ptII/ptolemy/actor/lib/test/auto/RecursiveLattice.xml
----------------- Instantiating /home/travis/build/icyphy/ptII/ptolemy/actor/lib/test/auto/RecursiveLattice.xml
1 ms. Memory: 842752K Free: 544468K (65%)
----------------- Invoking toplevel() on ptolemy.moml.MoMLSimpleApplication@4b30e818
----------------- Done invoking toplevel() on ptolemy.moml.MoMLSimpleApplication@4b30e818
reloadAllAccessors: .RecursiveLattice

===========================================================================================
----------------- testing Wed Jul 10 15:32:20 UTC 2019 /home/travis/build/icyphy/ptII/ptolemy/actor/lib/test/auto/Router.xml
----------------- Instantiating /home/travis/build/icyphy/ptII/ptolemy/actor/lib/test/auto/Router.xml
3003 ms. Memory: 842752K Free: 533204K (63%)
----------------- Invoking toplevel() on ptolemy.moml.MoMLSimpleApplication@18865c88
----------------- Done invoking toplevel() on ptolemy.moml.MoMLSimpleApplication@18865c88
reloadAllAccessors: .Router

===========================================================================================
----------------- testing Wed Jul 10 15:32:23 UTC 2019 /home/travis/build/icyphy/ptII/ptolemy/actor/lib/test/auto/Router2.xml
----------------- Instantiating /home/travis/build/icyphy/ptII/ptolemy/actor/lib/test/auto/Router2.xml
3007 ms. Memory: 842752K Free: 522450K (62%)
----------------- Invoking toplevel() on ptolemy.moml.MoMLSimpleApplication@759dd9c2
----------------- Done invoking toplevel() on ptolemy.moml.MoMLSimpleApplication@759dd9c2
reloadAllAccessors: .Router2

===========================================================================================
----------------- testing Wed Jul 10 15:32:26 UTC 2019 /home/travis/build/icyphy/ptII/ptolemy/actor/lib/test/auto/RunningMaximum.xml
----------------- Instantiating /home/travis/build/icyphy/ptII/ptolemy/actor/lib/test/auto/RunningMaximum.xml
2 ms. Memory: 842752K Free: 517844K (61%)
----------------- Invoking toplevel() on ptolemy.moml.MoMLSimpleApplication@50bfb644
----------------- Done invoking toplevel() on ptolemy.moml.MoMLSimpleApplication@50bfb644
reloadAllAccessors: .RunningMaximum

===========================================================================================
----------------- testing Wed Jul 10 15:32:26 UTC 2019 /home/travis/build/icyphy/ptII/ptolemy/actor/lib/test/auto/RunningMinimum.xml
----------------- Instantiating /home/travis/build/icyphy/ptII/ptolemy/actor/lib/test/auto/RunningMinimum.xml
2 ms. Memory: 842752K Free: 513234K (61%)
----------------- Invoking toplevel() on ptolemy.moml.MoMLSimpleApplication@561907eb
----------------- Done invoking toplevel() on ptolemy.moml.MoMLSimpleApplication@561907eb
reloadAllAccessors: .RunningMinimum

===========================================================================================
----------------- testing Wed Jul 10 15:32:26 UTC 2019 /home/travis/build/icyphy/ptII/ptolemy/actor/lib/test/auto/Scale.xml
----------------- Instantiating /home/travis/build/icyphy/ptII/ptolemy/actor/lib/test/auto/Scale.xml
1 ms. Memory: 842752K Free: 508628K (60%)
----------------- Invoking toplevel() on ptolemy.moml.MoMLSimpleApplication@40b9bb4e
----------------- Done invoking toplevel() on ptolemy.moml.MoMLSimpleApplication@40b9bb4e
reloadAllAccessors: .Scale

===========================================================================================
----------------- testing Wed Jul 10 15:32:26 UTC 2019 /home/travis/build/icyphy/ptII/ptolemy/actor/lib/test/auto/Scale2.xml
----------------- Instantiating /home/travis/build/icyphy/ptII/ptolemy/actor/lib/test/auto/Scale2.xml
2 ms. Memory: 842752K Free: 504018K (60%)
----------------- Invoking toplevel() on ptolemy.moml.MoMLSimpleApplication@6a13aa1b
----------------- Done invoking toplevel() on ptolemy.moml.MoMLSimpleApplication@6a13aa1b
reloadAllAccessors: .Scale2

===========================================================================================
----------------- testing Wed Jul 10 15:32:26 UTC 2019 /home/travis/build/icyphy/ptII/ptolemy/actor/lib/test/auto/Scale3.xml
----------------- Instantiating /home/travis/build/icyphy/ptII/ptolemy/actor/lib/test/auto/Scale3.xml
8 ms. Memory: 842752K Free: 497874K (59%)
----------------- Invoking toplevel() on ptolemy.moml.MoMLSimpleApplication@3eaecb21
----------------- Done invoking toplevel() on ptolemy.moml.MoMLSimpleApplication@3eaecb21
reloadAllAccessors: .Scale3

===========================================================================================
----------------- testing Wed Jul 10 15:32:26 UTC 2019 /home/travis/build/icyphy/ptII/ptolemy/actor/lib/test/auto/ScaleArray.xml
----------------- Instantiating /home/travis/build/icyphy/ptII/ptolemy/actor/lib/test/auto/ScaleArray.xml
3 ms. Memory: 842752K Free: 493268K (59%)
----------------- Invoking toplevel() on ptolemy.moml.MoMLSimpleApplication@375af954
----------------- Done invoking toplevel() on ptolemy.moml.MoMLSimpleApplication@375af954
reloadAllAccessors: .ScaleArray

===========================================================================================
----------------- testing Wed Jul 10 15:32:26 UTC 2019 /home/travis/build/icyphy/ptII/ptolemy/actor/lib/test/auto/ScaleArray2.xml
----------------- Instantiating /home/travis/build/icyphy/ptII/ptolemy/actor/lib/test/auto/ScaleArray2.xml
1 ms. Memory: 842752K Free: 488658K (58%)
----------------- Invoking toplevel() on ptolemy.moml.MoMLSimpleApplication@599d927f
----------------- Done invoking toplevel() on ptolemy.moml.MoMLSimpleApplication@599d927f
reloadAllAccessors: .ScaleArray2

===========================================================================================
----------------- testing Wed Jul 10 15:32:26 UTC 2019 /home/travis/build/icyphy/ptII/ptolemy/actor/lib/test/auto/ScaleMatrix.xml
----------------- Instantiating /home/travis/build/icyphy/ptII/ptolemy/actor/lib/test/auto/ScaleMatrix.xml
205 ms. Memory: 842752K Free: 474836K (56%)
----------------- Invoking toplevel() on ptolemy.moml.MoMLSimpleApplication@44b45fbe
----------------- Done invoking toplevel() on ptolemy.moml.MoMLSimpleApplication@44b45fbe
reloadAllAccessors: .ScaleMatrix

===========================================================================================
----------------- testing Wed Jul 10 15:32:26 UTC 2019 /home/travis/build/icyphy/ptII/ptolemy/actor/lib/test/auto/Select.xml
----------------- Instantiating /home/travis/build/icyphy/ptII/ptolemy/actor/lib/test/auto/Select.xml
2 ms. Memory: 842752K Free: 468692K (56%)
----------------- Invoking toplevel() on ptolemy.moml.MoMLSimpleApplication@4692553f
----------------- Done invoking toplevel() on ptolemy.moml.MoMLSimpleApplication@4692553f
reloadAllAccessors: .Select

===========================================================================================
----------------- testing Wed Jul 10 15:32:26 UTC 2019 /home/travis/build/icyphy/ptII/ptolemy/actor/lib/test/auto/Select2.xml
----------------- Instantiating /home/travis/build/icyphy/ptII/ptolemy/actor/lib/test/auto/Select2.xml
1 ms. Memory: 842752K Free: 464082K (55%)
----------------- Invoking toplevel() on ptolemy.moml.MoMLSimpleApplication@773b3c1b
----------------- Done invoking toplevel() on ptolemy.moml.MoMLSimpleApplication@773b3c1b
reloadAllAccessors: .Select2

===========================================================================================
----------------- testing Wed Jul 10 15:32:26 UTC 2019 /home/travis/build/icyphy/ptII/ptolemy/actor/lib/test/auto/SequenceToArray2.xml
----------------- Instantiating /home/travis/build/icyphy/ptII/ptolemy/actor/lib/test/auto/SequenceToArray2.xml
111 ms. Memory: 842752K Free: 440530K (52%)
----------------- Invoking toplevel() on ptolemy.moml.MoMLSimpleApplication@304d4f5a
----------------- Done invoking toplevel() on ptolemy.moml.MoMLSimpleApplication@304d4f5a
reloadAllAccessors: .SequenceToArray2

===========================================================================================
----------------- testing Wed Jul 10 15:32:26 UTC 2019 /home/travis/build/icyphy/ptII/ptolemy/actor/lib/test/auto/SequentialClock.xml
----------------- Instantiating /home/travis/build/icyphy/ptII/ptolemy/actor/lib/test/auto/SequentialClock.xml
1 ms. Memory: 842752K Free: 436948K (52%)
----------------- Invoking toplevel() on ptolemy.moml.MoMLSimpleApplication@7e9f5111
----------------- Done invoking toplevel() on ptolemy.moml.MoMLSimpleApplication@7e9f5111
reloadAllAccessors: .SequentialClock

===========================================================================================
----------------- testing Wed Jul 10 15:32:26 UTC 2019 /home/travis/build/icyphy/ptII/ptolemy/actor/lib/test/auto/SetVariable.xml
----------------- Instantiating /home/travis/build/icyphy/ptII/ptolemy/actor/lib/test/auto/SetVariable.xml
2 ms. Memory: 842752K Free: 432338K (51%)
----------------- Invoking toplevel() on ptolemy.moml.MoMLSimpleApplication@12714bf4
----------------- Done invoking toplevel() on ptolemy.moml.MoMLSimpleApplication@12714bf4
reloadAllAccessors: .SetVariable

===========================================================================================
----------------- testing Wed Jul 10 15:32:27 UTC 2019 /home/travis/build/icyphy/ptII/ptolemy/actor/lib/test/auto/SetVariable2.xml
----------------- Instantiating /home/travis/build/icyphy/ptII/ptolemy/actor/lib/test/auto/SetVariable2.xml
3 ms. Memory: 842752K Free: 427218K (51%)
----------------- Invoking toplevel() on ptolemy.moml.MoMLSimpleApplication@34dfe2dc
----------------- Done invoking toplevel() on ptolemy.moml.MoMLSimpleApplication@34dfe2dc
reloadAllAccessors: .SetVariable2

===========================================================================================
----------------- testing Wed Jul 10 15:32:27 UTC 2019 /home/travis/build/icyphy/ptII/ptolemy/actor/lib/test/auto/SetVariable3.xml
----------------- Instantiating /home/travis/build/icyphy/ptII/ptolemy/actor/lib/test/auto/SetVariable3.xml
4 ms. Memory: 842752K Free: 422098K (50%)
----------------- Invoking toplevel() on ptolemy.moml.MoMLSimpleApplication@6b09a99d
----------------- Done invoking toplevel() on ptolemy.moml.MoMLSimpleApplication@6b09a99d
reloadAllAccessors: .SetVariable3

===========================================================================================
----------------- testing Wed Jul 10 15:32:27 UTC 2019 /home/travis/build/icyphy/ptII/ptolemy/actor/lib/test/auto/SetVariable4.xml
----------------- Instantiating /home/travis/build/icyphy/ptII/ptolemy/actor/lib/test/auto/SetVariable4.xml
13 ms. Memory: 842752K Free: 412372K (49%)
----------------- Invoking toplevel() on ptolemy.moml.MoMLSimpleApplication@de166b0
----------------- Done invoking toplevel() on ptolemy.moml.MoMLSimpleApplication@de166b0
reloadAllAccessors: .SetVariable4

===========================================================================================
----------------- testing Wed Jul 10 15:32:27 UTC 2019 /home/travis/build/icyphy/ptII/ptolemy/actor/lib/test/auto/SetVariable5.xml
----------------- Instantiating /home/travis/build/icyphy/ptII/ptolemy/actor/lib/test/auto/SetVariable5.xml
20 ms. Memory: 842752K Free: 402642K (48%)
----------------- Invoking toplevel() on ptolemy.moml.MoMLSimpleApplication@2e752410
----------------- Done invoking toplevel() on ptolemy.moml.MoMLSimpleApplication@2e752410
reloadAllAccessors: .SetVariable5

===========================================================================================
----------------- testing Wed Jul 10 15:32:27 UTC 2019 /home/travis/build/icyphy/ptII/ptolemy/actor/lib/test/auto/Sinewave.xml
----------------- Instantiating /home/travis/build/icyphy/ptII/ptolemy/actor/lib/test/auto/Sinewave.xml
6 ms. Memory: 842752K Free: 392402K (47%)
----------------- Invoking toplevel() on ptolemy.moml.MoMLSimpleApplication@127f93d9
----------------- Done invoking toplevel() on ptolemy.moml.MoMLSimpleApplication@127f93d9
reloadAllAccessors: .Sinewave

===========================================================================================
----------------- testing Wed Jul 10 15:32:27 UTC 2019 /home/travis/build/icyphy/ptII/ptolemy/actor/lib/test/auto/Sinewave2.xml
----------------- Instantiating /home/travis/build/icyphy/ptII/ptolemy/actor/lib/test/auto/Sinewave2.xml
6 ms. Memory: 842752K Free: 384210K (46%)
----------------- Invoking toplevel() on ptolemy.moml.MoMLSimpleApplication@46e527a
----------------- Done invoking toplevel() on ptolemy.moml.MoMLSimpleApplication@46e527a
reloadAllAccessors: .Sinewave2

===========================================================================================
----------------- testing Wed Jul 10 15:32:27 UTC 2019 /home/travis/build/icyphy/ptII/ptolemy/actor/lib/test/auto/Sinewave3.xml
----------------- Instantiating /home/travis/build/icyphy/ptII/ptolemy/actor/lib/test/auto/Sinewave3.xml
5 ms. Memory: 842752K Free: 375987K (45%)
----------------- Invoking toplevel() on ptolemy.moml.MoMLSimpleApplication@7cda60c
----------------- Done invoking toplevel() on ptolemy.moml.MoMLSimpleApplication@7cda60c
reloadAllAccessors: .Sinewave3

===========================================================================================
----------------- testing Wed Jul 10 15:32:27 UTC 2019 /home/travis/build/icyphy/ptII/ptolemy/actor/lib/test/auto/SingleEvent.xml
----------------- Instantiating /home/travis/build/icyphy/ptII/ptolemy/actor/lib/test/auto/SingleEvent.xml
1 ms. Memory: 842752K Free: 371922K (44%)
----------------- Invoking toplevel() on ptolemy.moml.MoMLSimpleApplication@54efa6bd
----------------- Done invoking toplevel() on ptolemy.moml.MoMLSimpleApplication@54efa6bd
reloadAllAccessors: .SingleEvent

===========================================================================================
----------------- testing Wed Jul 10 15:32:27 UTC 2019 /home/travis/build/icyphy/ptII/ptolemy/actor/lib/test/auto/Sleep.xml
----------------- Instantiating /home/travis/build/icyphy/ptII/ptolemy/actor/lib/test/auto/Sleep.xml
6004 ms. Memory: 842752K Free: 366787K (44%)
----------------- Invoking toplevel() on ptolemy.moml.MoMLSimpleApplication@3b83a099
----------------- Done invoking toplevel() on ptolemy.moml.MoMLSimpleApplication@3b83a099
reloadAllAccessors: .Sleep

===========================================================================================
----------------- testing Wed Jul 10 15:32:33 UTC 2019 /home/travis/build/icyphy/ptII/ptolemy/actor/lib/test/auto/SleepMultipleFire.xml
----------------- Instantiating /home/travis/build/icyphy/ptII/ptolemy/actor/lib/test/auto/SleepMultipleFire.xml
1005 ms. Memory: 842752K Free: 361172K (43%)
----------------- Invoking toplevel() on ptolemy.moml.MoMLSimpleApplication@531f0a23
----------------- Done invoking toplevel() on ptolemy.moml.MoMLSimpleApplication@531f0a23
reloadAllAccessors: .SleepMultipleFire

===========================================================================================
----------------- testing Wed Jul 10 15:32:34 UTC 2019 /home/travis/build/icyphy/ptII/ptolemy/actor/lib/test/auto/StopDE.xml
----------------- Instantiating /home/travis/build/icyphy/ptII/ptolemy/actor/lib/test/auto/StopDE.xml
11 ms. Memory: 842752K Free: 355028K (42%)
----------------- Invoking toplevel() on ptolemy.moml.MoMLSimpleApplication@2bf1a500
----------------- Done invoking toplevel() on ptolemy.moml.MoMLSimpleApplication@2bf1a500
reloadAllAccessors: .StopDE

===========================================================================================
----------------- testing Wed Jul 10 15:32:34 UTC 2019 /home/travis/build/icyphy/ptII/ptolemy/actor/lib/test/auto/StopSDF.xml
----------------- Instantiating /home/travis/build/icyphy/ptII/ptolemy/actor/lib/test/auto/StopSDF.xml
4 ms. Memory: 842752K Free: 349908K (42%)
----------------- Invoking toplevel() on ptolemy.moml.MoMLSimpleApplication@626c7922
----------------- Done invoking toplevel() on ptolemy.moml.MoMLSimpleApplication@626c7922
reloadAllAccessors: .StopSDF

===========================================================================================
----------------- testing Wed Jul 10 15:32:34 UTC 2019 /home/travis/build/icyphy/ptII/ptolemy/actor/lib/test/auto/StringConstant.xml
----------------- Instantiating /home/travis/build/icyphy/ptII/ptolemy/actor/lib/test/auto/StringConstant.xml
10 ms. Memory: 842752K Free: 345812K (41%)
----------------- Invoking toplevel() on ptolemy.moml.MoMLSimpleApplication@5fc21404
----------------- Done invoking toplevel() on ptolemy.moml.MoMLSimpleApplication@5fc21404
reloadAllAccessors: .StringConstant

===========================================================================================
----------------- testing Wed Jul 10 15:32:34 UTC 2019 /home/travis/build/icyphy/ptII/ptolemy/actor/lib/test/auto/SubscriberPortInitialValues1.xml
----------------- Instantiating /home/travis/build/icyphy/ptII/ptolemy/actor/lib/test/auto/SubscriberPortInitialValues1.xml
8 ms. Memory: 842752K Free: 337106K (40%)
----------------- Invoking toplevel() on ptolemy.moml.MoMLSimpleApplication@120e4191
----------------- Done invoking toplevel() on ptolemy.moml.MoMLSimpleApplication@120e4191
reloadAllAccessors: .SubscriberPortInitialValues1

===========================================================================================
----------------- testing Wed Jul 10 15:32:34 UTC 2019 /home/travis/build/icyphy/ptII/ptolemy/actor/lib/test/auto/SubscriberPortInitialValues13.xml
----------------- Instantiating /home/travis/build/icyphy/ptII/ptolemy/actor/lib/test/auto/SubscriberPortInitialValues13.xml
8 ms. Memory: 842752K Free: 324308K (38%)
----------------- Invoking toplevel() on ptolemy.moml.MoMLSimpleApplication@7b614518
----------------- Done invoking toplevel() on ptolemy.moml.MoMLSimpleApplication@7b614518
reloadAllAccessors: .SubscriberPortInitialValues13

===========================================================================================
----------------- testing Wed Jul 10 15:32:34 UTC 2019 /home/travis/build/icyphy/ptII/ptolemy/actor/lib/test/auto/SubscriberPortInitialValues14.xml
----------------- Instantiating /home/travis/build/icyphy/ptII/ptolemy/actor/lib/test/auto/SubscriberPortInitialValues14.xml
4 ms. Memory: 842752K Free: 316626K (38%)
----------------- Invoking toplevel() on ptolemy.moml.MoMLSimpleApplication@6f441108
----------------- Done invoking toplevel() on ptolemy.moml.MoMLSimpleApplication@6f441108
reloadAllAccessors: .SubscriberPortInitialValues14

===========================================================================================
----------------- testing Wed Jul 10 15:32:34 UTC 2019 /home/travis/build/icyphy/ptII/ptolemy/actor/lib/test/auto/SubscriberPortInitialValues2.xml
----------------- Instantiating /home/travis/build/icyphy/ptII/ptolemy/actor/lib/test/auto/SubscriberPortInitialValues2.xml
4 ms. Memory: 842752K Free: 308948K (37%)
----------------- Invoking toplevel() on ptolemy.moml.MoMLSimpleApplication@358542d7
----------------- Done invoking toplevel() on ptolemy.moml.MoMLSimpleApplication@358542d7
reloadAllAccessors: .SubscriberPortInitialValues2

===========================================================================================
----------------- testing Wed Jul 10 15:32:34 UTC 2019 /home/travis/build/icyphy/ptII/ptolemy/actor/lib/test/auto/SubscriberPortInitialValues3.xml
----------------- Instantiating /home/travis/build/icyphy/ptII/ptolemy/actor/lib/test/auto/SubscriberPortInitialValues3.xml
4 ms. Memory: 842752K Free: 783058K (93%)
----------------- Invoking toplevel() on ptolemy.moml.MoMLSimpleApplication@3fcded45
----------------- Done invoking toplevel() on ptolemy.moml.MoMLSimpleApplication@3fcded45
reloadAllAccessors: .SubscriberPortInitialValues3

===========================================================================================
----------------- testing Wed Jul 10 15:32:34 UTC 2019 /home/travis/build/icyphy/ptII/ptolemy/actor/lib/test/auto/SubscriptionAggregator.xml
----------------- Instantiating /home/travis/build/icyphy/ptII/ptolemy/actor/lib/test/auto/SubscriptionAggregator.xml
5 ms. Memory: 842752K Free: 775875K (92%)
----------------- Invoking toplevel() on ptolemy.moml.MoMLSimpleApplication@690354ea
----------------- Done invoking toplevel() on ptolemy.moml.MoMLSimpleApplication@690354ea
reloadAllAccessors: .SubscriptionAggregator

===========================================================================================
----------------- testing Wed Jul 10 15:32:34 UTC 2019 /home/travis/build/icyphy/ptII/ptolemy/actor/lib/test/auto/SubscriptionAggregator2.xml
----------------- Instantiating /home/travis/build/icyphy/ptII/ptolemy/actor/lib/test/auto/SubscriptionAggregator2.xml
5 ms. Memory: 842752K Free: 769236K (91%)
----------------- Invoking toplevel() on ptolemy.moml.MoMLSimpleApplication@259b4924
----------------- Done invoking toplevel() on ptolemy.moml.MoMLSimpleApplication@259b4924
reloadAllAccessors: .SubscriptionAggregator2

===========================================================================================
----------------- testing Wed Jul 10 15:32:34 UTC 2019 /home/travis/build/icyphy/ptII/ptolemy/actor/lib/test/auto/SubscriptionAggregator3.xml
----------------- Instantiating /home/travis/build/icyphy/ptII/ptolemy/actor/lib/test/auto/SubscriptionAggregator3.xml
4 ms. Memory: 842752K Free: 760523K (90%)
----------------- Invoking toplevel() on ptolemy.moml.MoMLSimpleApplication@5d7e2cde
----------------- Done invoking toplevel() on ptolemy.moml.MoMLSimpleApplication@5d7e2cde
reloadAllAccessors: .SubscriptionAggregator3

===========================================================================================
----------------- testing Wed Jul 10 15:32:34 UTC 2019 /home/travis/build/icyphy/ptII/ptolemy/actor/lib/test/auto/SubscriptionAggregatorMultiply.xml
----------------- Instantiating /home/travis/build/icyphy/ptII/ptolemy/actor/lib/test/auto/SubscriptionAggregatorMultiply.xml
10 ms. Memory: 842752K Free: 752331K (89%)
----------------- Invoking toplevel() on ptolemy.moml.MoMLSimpleApplication@31b5aaf4
----------------- Done invoking toplevel() on ptolemy.moml.MoMLSimpleApplication@31b5aaf4
reloadAllAccessors: .SubscriptionAggregatorMultiply

===========================================================================================
----------------- testing Wed Jul 10 15:32:34 UTC 2019 /home/travis/build/icyphy/ptII/ptolemy/actor/lib/test/auto/SubscriptionAggregatorPortMultiply1.xml
----------------- Instantiating /home/travis/build/icyphy/ptII/ptolemy/actor/lib/test/auto/SubscriptionAggregatorPortMultiply1.xml
4 ms. Memory: 842752K Free: 744146K (88%)
----------------- Invoking toplevel() on ptolemy.moml.MoMLSimpleApplication@17efe0a2
----------------- Done invoking toplevel() on ptolemy.moml.MoMLSimpleApplication@17efe0a2
reloadAllAccessors: .SubscriptionAggregatorPortMultiply1

===========================================================================================
----------------- testing Wed Jul 10 15:32:34 UTC 2019 /home/travis/build/icyphy/ptII/ptolemy/actor/lib/test/auto/Switch.xml
----------------- Instantiating /home/travis/build/icyphy/ptII/ptolemy/actor/lib/test/auto/Switch.xml
9 ms. Memory: 842752K Free: 735954K (87%)
----------------- Invoking toplevel() on ptolemy.moml.MoMLSimpleApplication@5a0e25a8
----------------- Done invoking toplevel() on ptolemy.moml.MoMLSimpleApplication@5a0e25a8
reloadAllAccessors: .Switch

===========================================================================================
----------------- testing Wed Jul 10 15:32:34 UTC 2019 /home/travis/build/icyphy/ptII/ptolemy/actor/lib/test/auto/Switch2.xml
----------------- Instantiating /home/travis/build/icyphy/ptII/ptolemy/actor/lib/test/auto/Switch2.xml
1 ms. Memory: 842752K Free: 731348K (87%)
----------------- Invoking toplevel() on ptolemy.moml.MoMLSimpleApplication@73bcd007
----------------- Done invoking toplevel() on ptolemy.moml.MoMLSimpleApplication@73bcd007
reloadAllAccessors: .Switch2

===========================================================================================
----------------- testing Wed Jul 10 15:32:34 UTC 2019 /home/travis/build/icyphy/ptII/ptolemy/actor/lib/test/auto/SwitchDE.xml
----------------- Instantiating /home/travis/build/icyphy/ptII/ptolemy/actor/lib/test/auto/SwitchDE.xml
4 ms. Memory: 842752K Free: 725204K (86%)
----------------- Invoking toplevel() on ptolemy.moml.MoMLSimpleApplication@6f34e5a3
----------------- Done invoking toplevel() on ptolemy.moml.MoMLSimpleApplication@6f34e5a3
reloadAllAccessors: .SwitchDE

===========================================================================================
----------------- testing Wed Jul 10 15:32:34 UTC 2019 /home/travis/build/icyphy/ptII/ptolemy/actor/lib/test/auto/SynchronizerDE.xml
----------------- Instantiating /home/travis/build/icyphy/ptII/ptolemy/actor/lib/test/auto/SynchronizerDE.xml
7 ms. Memory: 842752K Free: 717012K (85%)
----------------- Invoking toplevel() on ptolemy.moml.MoMLSimpleApplication@210e9dde
----------------- Done invoking toplevel() on ptolemy.moml.MoMLSimpleApplication@210e9dde
reloadAllAccessors: .SynchronizerDE

===========================================================================================
----------------- testing Wed Jul 10 15:32:34 UTC 2019 /home/travis/build/icyphy/ptII/ptolemy/actor/lib/test/auto/Test.xml
----------------- Instantiating /home/travis/build/icyphy/ptII/ptolemy/actor/lib/test/auto/Test.xml
5 ms. Memory: 842752K Free: 711347K (84%)
----------------- Invoking toplevel() on ptolemy.moml.MoMLSimpleApplication@1c4e3889
----------------- Done invoking toplevel() on ptolemy.moml.MoMLSimpleApplication@1c4e3889
reloadAllAccessors: .Test

===========================================================================================
----------------- testing Wed Jul 10 15:32:34 UTC 2019 /home/travis/build/icyphy/ptII/ptolemy/actor/lib/test/auto/TestExceptionAttribute1.xml
----------------- Instantiating /home/travis/build/icyphy/ptII/ptolemy/actor/lib/test/auto/TestExceptionAttribute1.xml
1 ms. Memory: 842752K Free: 707796K (84%)
----------------- Invoking toplevel() on ptolemy.moml.MoMLSimpleApplication@79e208d7
----------------- Done invoking toplevel() on ptolemy.moml.MoMLSimpleApplication@79e208d7
reloadAllAccessors: .TestExceptionAttribute1

===========================================================================================
----------------- testing Wed Jul 10 15:32:34 UTC 2019 /home/travis/build/icyphy/ptII/ptolemy/actor/lib/test/auto/TestExceptionAttribute2.xml
----------------- Instantiating /home/travis/build/icyphy/ptII/ptolemy/actor/lib/test/auto/TestExceptionAttribute2.xml
2 ms. Memory: 842752K Free: 704210K (84%)
----------------- Invoking toplevel() on ptolemy.moml.MoMLSimpleApplication@5329b0cc
----------------- Done invoking toplevel() on ptolemy.moml.MoMLSimpleApplication@5329b0cc
reloadAllAccessors: .TestExceptionAttribute2

===========================================================================================
----------------- testing Wed Jul 10 15:32:34 UTC 2019 /home/travis/build/icyphy/ptII/ptolemy/actor/lib/test/auto/TestExceptionAttribute3.xml
----------------- Instantiating /home/travis/build/icyphy/ptII/ptolemy/actor/lib/test/auto/TestExceptionAttribute3.xml
.TestExceptionAttribute3.TestExceptionAttribute: initialize() was not invoked, but wrapup() was.  This is unusual, but not always a problem.  For example, exporting JNLP will do this.
1 ms. Memory: 842752K Free: 700628K (83%)
----------------- Invoking toplevel() on ptolemy.moml.MoMLSimpleApplication@755d6358
----------------- Done invoking toplevel() on ptolemy.moml.MoMLSimpleApplication@755d6358
reloadAllAccessors: .TestExceptionAttribute3

===========================================================================================
----------------- testing Wed Jul 10 15:32:34 UTC 2019 /home/travis/build/icyphy/ptII/ptolemy/actor/lib/test/auto/TestExceptionAttribute4.xml
----------------- Instantiating /home/travis/build/icyphy/ptII/ptolemy/actor/lib/test/auto/TestExceptionAttribute4.xml
.TestExceptionAttribute4.TestExceptionAttribute: initialize() was not invoked, but wrapup() was.  This is unusual, but not always a problem.  For example, exporting JNLP will do this.
.TestExceptionAttribute4.TestExceptionAttribute2: initialize() was not invoked, but wrapup() was.  This is unusual, but not always a problem.  For example, exporting JNLP will do this.
1 ms. Memory: 842752K Free: 696532K (83%)
----------------- Invoking toplevel() on ptolemy.moml.MoMLSimpleApplication@51ac5342
----------------- Done invoking toplevel() on ptolemy.moml.MoMLSimpleApplication@51ac5342
reloadAllAccessors: .TestExceptionAttribute4

===========================================================================================
----------------- testing Wed Jul 10 15:32:34 UTC 2019 /home/travis/build/icyphy/ptII/ptolemy/actor/lib/test/auto/TestExceptionHandler1.xml
----------------- Instantiating /home/travis/build/icyphy/ptII/ptolemy/actor/lib/test/auto/TestExceptionHandler1.xml
1 ms. Memory: 842752K Free: 692946K (82%)
----------------- Invoking toplevel() on ptolemy.moml.MoMLSimpleApplication@157f3d0d
----------------- Done invoking toplevel() on ptolemy.moml.MoMLSimpleApplication@157f3d0d
reloadAllAccessors: .TestExceptionHandler1

===========================================================================================
----------------- testing Wed Jul 10 15:32:34 UTC 2019 /home/travis/build/icyphy/ptII/ptolemy/actor/lib/test/auto/TestExceptionHandler2.xml
----------------- Instantiating /home/travis/build/icyphy/ptII/ptolemy/actor/lib/test/auto/TestExceptionHandler2.xml
1 ms. Memory: 842752K Free: 689364K (82%)
----------------- Invoking toplevel() on ptolemy.moml.MoMLSimpleApplication@75568139
----------------- Done invoking toplevel() on ptolemy.moml.MoMLSimpleApplication@75568139
reloadAllAccessors: .TestExceptionHandler2

===========================================================================================
----------------- testing Wed Jul 10 15:32:34 UTC 2019 /home/travis/build/icyphy/ptII/ptolemy/actor/lib/test/auto/TestExceptionHandler3.xml
----------------- Instantiating /home/travis/build/icyphy/ptII/ptolemy/actor/lib/test/auto/TestExceptionHandler3.xml
1 ms. Memory: 842752K Free: 685268K (81%)
----------------- Invoking toplevel() on ptolemy.moml.MoMLSimpleApplication@15f0e995
----------------- Done invoking toplevel() on ptolemy.moml.MoMLSimpleApplication@15f0e995
reloadAllAccessors: .TestExceptionHandler3

===========================================================================================
----------------- testing Wed Jul 10 15:32:34 UTC 2019 /home/travis/build/icyphy/ptII/ptolemy/actor/lib/test/auto/TestExceptionHandler4.xml
----------------- Instantiating /home/travis/build/icyphy/ptII/ptolemy/actor/lib/test/auto/TestExceptionHandler4.xml
0 ms. Memory: 842752K Free: 681172K (81%)
----------------- Invoking toplevel() on ptolemy.moml.MoMLSimpleApplication@6b481da2
----------------- Done invoking toplevel() on ptolemy.moml.MoMLSimpleApplication@6b481da2
reloadAllAccessors: .TestExceptionHandler4

===========================================================================================
----------------- testing Wed Jul 10 15:32:34 UTC 2019 /home/travis/build/icyphy/ptII/ptolemy/actor/lib/test/auto/TestRequireCorrectOrder.xml
----------------- Instantiating /home/travis/build/icyphy/ptII/ptolemy/actor/lib/test/auto/TestRequireCorrectOrder.xml
4 ms. Memory: 842752K Free: 676052K (80%)
----------------- Invoking toplevel() on ptolemy.moml.MoMLSimpleApplication@17f9797e
----------------- Done invoking toplevel() on ptolemy.moml.MoMLSimpleApplication@17f9797e
reloadAllAccessors: .TestRequireCorrectOrder

===========================================================================================
----------------- testing Wed Jul 10 15:32:34 UTC 2019 /home/travis/build/icyphy/ptII/ptolemy/actor/lib/test/auto/TestSimple.xml
----------------- Instantiating /home/travis/build/icyphy/ptII/ptolemy/actor/lib/test/auto/TestSimple.xml
4 ms. Memory: 842752K Free: 671435K (80%)
----------------- Invoking toplevel() on ptolemy.moml.MoMLSimpleApplication@51d62a5
----------------- Done invoking toplevel() on ptolemy.moml.MoMLSimpleApplication@51d62a5
reloadAllAccessors: .TestSimple

===========================================================================================
----------------- testing Wed Jul 10 15:32:34 UTC 2019 /home/travis/build/icyphy/ptII/ptolemy/actor/lib/test/auto/ThrowModelError.xml
----------------- Instantiating /home/travis/build/icyphy/ptII/ptolemy/actor/lib/test/auto/ThrowModelError.xml
1 ms. Memory: 842752K Free: 666836K (79%)
----------------- Invoking toplevel() on ptolemy.moml.MoMLSimpleApplication@c19e856
----------------- Done invoking toplevel() on ptolemy.moml.MoMLSimpleApplication@c19e856
reloadAllAccessors: .ThrowModelError

===========================================================================================
----------------- testing Wed Jul 10 15:32:34 UTC 2019 /home/travis/build/icyphy/ptII/ptolemy/actor/lib/test/auto/TimeDelayMicrosteps.xml
----------------- Instantiating /home/travis/build/icyphy/ptII/ptolemy/actor/lib/test/auto/TimeDelayMicrosteps.xml
2 ms. Memory: 842752K Free: 660163K (78%)
----------------- Invoking toplevel() on ptolemy.moml.MoMLSimpleApplication@5a0cbf82
----------------- Done invoking toplevel() on ptolemy.moml.MoMLSimpleApplication@5a0cbf82
reloadAllAccessors: .TimeDelayMicrosteps

===========================================================================================
----------------- testing Wed Jul 10 15:32:34 UTC 2019 /home/travis/build/icyphy/ptII/ptolemy/actor/lib/test/auto/TimeDelayMicrosteps2.xml
----------------- Instantiating /home/travis/build/icyphy/ptII/ptolemy/actor/lib/test/auto/TimeDelayMicrosteps2.xml
3 ms. Memory: 842752K Free: 652995K (77%)
----------------- Invoking toplevel() on ptolemy.moml.MoMLSimpleApplication@47857f08
----------------- Done invoking toplevel() on ptolemy.moml.MoMLSimpleApplication@47857f08
reloadAllAccessors: .TimeDelayMicrosteps2

===========================================================================================
----------------- testing Wed Jul 10 15:32:34 UTC 2019 /home/travis/build/icyphy/ptII/ptolemy/actor/lib/test/auto/TimeDelayMicrosteps3.xml
----------------- Instantiating /home/travis/build/icyphy/ptII/ptolemy/actor/lib/test/auto/TimeDelayMicrosteps3.xml
2 ms. Memory: 842752K Free: 645811K (77%)
----------------- Invoking toplevel() on ptolemy.moml.MoMLSimpleApplication@1f627778
----------------- Done invoking toplevel() on ptolemy.moml.MoMLSimpleApplication@1f627778
reloadAllAccessors: .TimeDelayMicrosteps3

===========================================================================================
----------------- testing Wed Jul 10 15:32:34 UTC 2019 /home/travis/build/icyphy/ptII/ptolemy/actor/lib/test/auto/TimeDelayVariableMicrosteps.xml
----------------- Instantiating /home/travis/build/icyphy/ptII/ptolemy/actor/lib/test/auto/TimeDelayVariableMicrosteps.xml
2 ms. Memory: 842752K Free: 639188K (76%)
----------------- Invoking toplevel() on ptolemy.moml.MoMLSimpleApplication@6711286
----------------- Done invoking toplevel() on ptolemy.moml.MoMLSimpleApplication@6711286
reloadAllAccessors: .TimeDelayVariableMicrosteps

===========================================================================================
----------------- testing Wed Jul 10 15:32:34 UTC 2019 /home/travis/build/icyphy/ptII/ptolemy/actor/lib/test/auto/TimeGap.xml
----------------- Instantiating /home/travis/build/icyphy/ptII/ptolemy/actor/lib/test/auto/TimeGap.xml
3 ms. Memory: 842752K Free: 634068K (75%)
----------------- Invoking toplevel() on ptolemy.moml.MoMLSimpleApplication@21fc9f5
----------------- Done invoking toplevel() on ptolemy.moml.MoMLSimpleApplication@21fc9f5
reloadAllAccessors: .TimeGap

===========================================================================================
----------------- testing Wed Jul 10 15:32:34 UTC 2019 /home/travis/build/icyphy/ptII/ptolemy/actor/lib/test/auto/TimeGap2.xml
----------------- Instantiating /home/travis/build/icyphy/ptII/ptolemy/actor/lib/test/auto/TimeGap2.xml
2 ms. Memory: 842752K Free: 628419K (75%)
----------------- Invoking toplevel() on ptolemy.moml.MoMLSimpleApplication@58447f18
----------------- Done invoking toplevel() on ptolemy.moml.MoMLSimpleApplication@58447f18
reloadAllAccessors: .TimeGap2

===========================================================================================
----------------- testing Wed Jul 10 15:32:34 UTC 2019 /home/travis/build/icyphy/ptII/ptolemy/actor/lib/test/auto/TimedSinewave.xml
----------------- Instantiating /home/travis/build/icyphy/ptII/ptolemy/actor/lib/test/auto/TimedSinewave.xml
26 ms. Memory: 842752K Free: 614612K (73%)
----------------- Invoking toplevel() on ptolemy.moml.MoMLSimpleApplication@241e665d
----------------- Done invoking toplevel() on ptolemy.moml.MoMLSimpleApplication@241e665d
reloadAllAccessors: .TimedSinewave

===========================================================================================
----------------- testing Wed Jul 10 15:32:35 UTC 2019 /home/travis/build/icyphy/ptII/ptolemy/actor/lib/test/auto/TimedSinewavePhase.xml
----------------- Instantiating /home/travis/build/icyphy/ptII/ptolemy/actor/lib/test/auto/TimedSinewavePhase.xml
9 ms. Memory: 842752K Free: 604372K (72%)
----------------- Invoking toplevel() on ptolemy.moml.MoMLSimpleApplication@31a98ced
----------------- Done invoking toplevel() on ptolemy.moml.MoMLSimpleApplication@31a98ced
reloadAllAccessors: .TimedSinewavePhase

===========================================================================================
----------------- testing Wed Jul 10 15:32:35 UTC 2019 /home/travis/build/icyphy/ptII/ptolemy/actor/lib/test/auto/Timer.xml
----------------- Instantiating /home/travis/build/icyphy/ptII/ptolemy/actor/lib/test/auto/Timer.xml
2 ms. Memory: 842752K Free: 598707K (71%)
----------------- Invoking toplevel() on ptolemy.moml.MoMLSimpleApplication@5e79b6f6
----------------- Done invoking toplevel() on ptolemy.moml.MoMLSimpleApplication@5e79b6f6
reloadAllAccessors: .Timer

===========================================================================================
----------------- testing Wed Jul 10 15:32:35 UTC 2019 /home/travis/build/icyphy/ptII/ptolemy/actor/lib/test/auto/TriangularDistTestModel.xml
----------------- Instantiating /home/travis/build/icyphy/ptII/ptolemy/actor/lib/test/auto/TriangularDistTestModel.xml
2 ms. Memory: 842752K Free: 593108K (70%)
----------------- Invoking toplevel() on ptolemy.moml.MoMLSimpleApplication@d131623
----------------- Done invoking toplevel() on ptolemy.moml.MoMLSimpleApplication@d131623
reloadAllAccessors: .TriangularDistTestModel

===========================================================================================
----------------- testing Wed Jul 10 15:32:35 UTC 2019 /home/travis/build/icyphy/ptII/ptolemy/actor/lib/test/auto/TrigFunction.xml
----------------- Instantiating /home/travis/build/icyphy/ptII/ptolemy/actor/lib/test/auto/TrigFunction.xml
1 ms. Memory: 842752K Free: 588498K (70%)
----------------- Invoking toplevel() on ptolemy.moml.MoMLSimpleApplication@4fb07dd2
----------------- Done invoking toplevel() on ptolemy.moml.MoMLSimpleApplication@4fb07dd2
reloadAllAccessors: .TrigFunction

===========================================================================================
----------------- testing Wed Jul 10 15:32:35 UTC 2019 /home/travis/build/icyphy/ptII/ptolemy/actor/lib/test/auto/TrigFunctionDE.xml
----------------- Instantiating /home/travis/build/icyphy/ptII/ptolemy/actor/lib/test/auto/TrigFunctionDE.xml
2 ms. Memory: 842752K Free: 582868K (69%)
----------------- Invoking toplevel() on ptolemy.moml.MoMLSimpleApplication@43dab6b0
----------------- Done invoking toplevel() on ptolemy.moml.MoMLSimpleApplication@43dab6b0
reloadAllAccessors: .TrigFunctionDE

===========================================================================================
----------------- testing Wed Jul 10 15:32:35 UTC 2019 /home/travis/build/icyphy/ptII/ptolemy/actor/lib/test/auto/TrigFunctionInverse.xml
----------------- Instantiating /home/travis/build/icyphy/ptII/ptolemy/actor/lib/test/auto/TrigFunctionInverse.xml
3 ms. Memory: 842752K Free: 577748K (69%)
----------------- Invoking toplevel() on ptolemy.moml.MoMLSimpleApplication@6671f353
----------------- Done invoking toplevel() on ptolemy.moml.MoMLSimpleApplication@6671f353
reloadAllAccessors: .TrigFunctionInverse

===========================================================================================
----------------- testing Wed Jul 10 15:32:35 UTC 2019 /home/travis/build/icyphy/ptII/ptolemy/actor/lib/test/auto/TrigFunctionTan.xml
----------------- Instantiating /home/travis/build/icyphy/ptII/ptolemy/actor/lib/test/auto/TrigFunctionTan.xml
1 ms. Memory: 842752K Free: 572628K (68%)
----------------- Invoking toplevel() on ptolemy.moml.MoMLSimpleApplication@2215d666
----------------- Done invoking toplevel() on ptolemy.moml.MoMLSimpleApplication@2215d666
reloadAllAccessors: .TrigFunctionTan

===========================================================================================
----------------- testing Wed Jul 10 15:32:35 UTC 2019 /home/travis/build/icyphy/ptII/ptolemy/actor/lib/test/auto/TriggeredClock.xml
----------------- Instantiating /home/travis/build/icyphy/ptII/ptolemy/actor/lib/test/auto/TriggeredClock.xml
1 ms. Memory: 842752K Free: 567508K (67%)
----------------- Invoking toplevel() on ptolemy.moml.MoMLSimpleApplication@76caf820
----------------- Done invoking toplevel() on ptolemy.moml.MoMLSimpleApplication@76caf820
reloadAllAccessors: .TriggeredClock

===========================================================================================
----------------- testing Wed Jul 10 15:32:35 UTC 2019 /home/travis/build/icyphy/ptII/ptolemy/actor/lib/test/auto/URLDirectoryReader.xml
----------------- Instantiating /home/travis/build/icyphy/ptII/ptolemy/actor/lib/test/auto/URLDirectoryReader.xml
28 ms. Memory: 842752K Free: 558292K (66%)
----------------- Invoking toplevel() on ptolemy.moml.MoMLSimpleApplication@48ae61b5
----------------- Done invoking toplevel() on ptolemy.moml.MoMLSimpleApplication@48ae61b5
reloadAllAccessors: .URLDirectoryReader

===========================================================================================
----------------- testing Wed Jul 10 15:32:35 UTC 2019 /home/travis/build/icyphy/ptII/ptolemy/actor/lib/test/auto/URLDirectoryReader3.xml
----------------- Instantiating /home/travis/build/icyphy/ptII/ptolemy/actor/lib/test/auto/URLDirectoryReader3.xml
1166 ms. Memory: 842752K Free: 788180K (94%)
----------------- Invoking toplevel() on ptolemy.moml.MoMLSimpleApplication@20a50c87
----------------- Done invoking toplevel() on ptolemy.moml.MoMLSimpleApplication@20a50c87
reloadAllAccessors: .URLDirectoryReader3

===========================================================================================
----------------- testing Wed Jul 10 15:32:36 UTC 2019 /home/travis/build/icyphy/ptII/ptolemy/actor/lib/test/auto/UnaryMathFunction.xml
----------------- Instantiating /home/travis/build/icyphy/ptII/ptolemy/actor/lib/test/auto/UnaryMathFunction.xml
2 ms. Memory: 842752K Free: 780498K (93%)
----------------- Invoking toplevel() on ptolemy.moml.MoMLSimpleApplication@3c245789
----------------- Done invoking toplevel() on ptolemy.moml.MoMLSimpleApplication@3c245789
reloadAllAccessors: .UnaryMathFunction

===========================================================================================
----------------- testing Wed Jul 10 15:32:36 UTC 2019 /home/travis/build/icyphy/ptII/ptolemy/actor/lib/test/auto/Uniform.xml
----------------- Instantiating /home/travis/build/icyphy/ptII/ptolemy/actor/lib/test/auto/Uniform.xml
4 ms. Memory: 842752K Free: 775892K (92%)
----------------- Invoking toplevel() on ptolemy.moml.MoMLSimpleApplication@5dd35049
----------------- Done invoking toplevel() on ptolemy.moml.MoMLSimpleApplication@5dd35049
reloadAllAccessors: .Uniform

===========================================================================================
----------------- testing Wed Jul 10 15:32:36 UTC 2019 /home/travis/build/icyphy/ptII/ptolemy/actor/lib/test/auto/UnionDisassemblerTest.xml
----------------- Instantiating /home/travis/build/icyphy/ptII/ptolemy/actor/lib/test/auto/UnionDisassemblerTest.xml
13 ms. Memory: 842752K Free: 771796K (92%)
----------------- Invoking toplevel() on ptolemy.moml.MoMLSimpleApplication@12a38cdd
----------------- Done invoking toplevel() on ptolemy.moml.MoMLSimpleApplication@12a38cdd
reloadAllAccessors: .UnionDisassemblerTest

===========================================================================================
----------------- testing Wed Jul 10 15:32:36 UTC 2019 /home/travis/build/icyphy/ptII/ptolemy/actor/lib/test/auto/UtilityFunctions.xml
----------------- Instantiating /home/travis/build/icyphy/ptII/ptolemy/actor/lib/test/auto/UtilityFunctions.xml
1 ms. Memory: 842752K Free: 767700K (91%)
----------------- Invoking toplevel() on ptolemy.moml.MoMLSimpleApplication@301bd2a8
----------------- Done invoking toplevel() on ptolemy.moml.MoMLSimpleApplication@301bd2a8
reloadAllAccessors: .UtilityFunctions

===========================================================================================
----------------- testing Wed Jul 10 15:32:36 UTC 2019 /home/travis/build/icyphy/ptII/ptolemy/actor/lib/test/auto/VariableSleep.xml
----------------- Instantiating /home/travis/build/icyphy/ptII/ptolemy/actor/lib/test/auto/VariableSleep.xml
503 ms. Memory: 842752K Free: 762580K (90%)
----------------- Invoking toplevel() on ptolemy.moml.MoMLSimpleApplication@30f3467d
----------------- Done invoking toplevel() on ptolemy.moml.MoMLSimpleApplication@30f3467d
reloadAllAccessors: .VariableSleep

===========================================================================================
----------------- testing Wed Jul 10 15:32:37 UTC 2019 /home/travis/build/icyphy/ptII/ptolemy/actor/lib/test/auto/VectorAssemblerDisassemblerCT.xml
----------------- Instantiating /home/travis/build/icyphy/ptII/ptolemy/actor/lib/test/auto/VectorAssemblerDisassemblerCT.xml
78 ms. Memory: 842752K Free: 742610K (88%)
----------------- Invoking toplevel() on ptolemy.moml.MoMLSimpleApplication@7bfc1bd9
----------------- Done invoking toplevel() on ptolemy.moml.MoMLSimpleApplication@7bfc1bd9
reloadAllAccessors: .VectorAssemblerDisassemblerCT

===========================================================================================
----------------- testing Wed Jul 10 15:32:37 UTC 2019 /home/travis/build/icyphy/ptII/ptolemy/actor/lib/test/auto/VectorAssemblerDisassemblerDE.xml
----------------- Instantiating /home/travis/build/icyphy/ptII/ptolemy/actor/lib/test/auto/VectorAssemblerDisassemblerDE.xml
2 ms. Memory: 842752K Free: 734932K (87%)
----------------- Invoking toplevel() on ptolemy.moml.MoMLSimpleApplication@55e31c72
----------------- Done invoking toplevel() on ptolemy.moml.MoMLSimpleApplication@55e31c72
reloadAllAccessors: .VectorAssemblerDisassemblerDE

===========================================================================================
----------------- testing Wed Jul 10 15:32:37 UTC 2019 /home/travis/build/icyphy/ptII/ptolemy/actor/lib/test/auto/VectorAssemblerDisassemblerSDF.xml
----------------- Instantiating /home/travis/build/icyphy/ptII/ptolemy/actor/lib/test/auto/VectorAssemblerDisassemblerSDF.xml
2 ms. Memory: 842752K Free: 728788K (86%)
----------------- Invoking toplevel() on ptolemy.moml.MoMLSimpleApplication@3042f848
----------------- Done invoking toplevel() on ptolemy.moml.MoMLSimpleApplication@3042f848
reloadAllAccessors: .VectorAssemblerDisassemblerSDF

===========================================================================================
----------------- testing Wed Jul 10 15:32:37 UTC 2019 /home/travis/build/icyphy/ptII/ptolemy/actor/lib/test/auto/WallClockTime.xml
----------------- Instantiating /home/travis/build/icyphy/ptII/ptolemy/actor/lib/test/auto/WallClockTime.xml
1005 ms. Memory: 842752K Free: 723668K (86%)
----------------- Invoking toplevel() on ptolemy.moml.MoMLSimpleApplication@533ebf8d
----------------- Done invoking toplevel() on ptolemy.moml.MoMLSimpleApplication@533ebf8d
reloadAllAccessors: .WallClockTime

===========================================================================================
----------------- testing Wed Jul 10 15:32:38 UTC 2019 /home/travis/build/icyphy/ptII/ptolemy/actor/lib/test/auto/WidthTestWithSubscriberPublisher.xml
----------------- Instantiating /home/travis/build/icyphy/ptII/ptolemy/actor/lib/test/auto/WidthTestWithSubscriberPublisher.xml
7 ms. Memory: 842752K Free: 705746K (84%)
----------------- Invoking toplevel() on ptolemy.moml.MoMLSimpleApplication@5a333132
----------------- Done invoking toplevel() on ptolemy.moml.MoMLSimpleApplication@5a333132
reloadAllAccessors: .WidthTestWithSubscriberPublisher

===========================================================================================
----------------- testing Wed Jul 10 15:32:38 UTC 2019 /home/travis/build/icyphy/ptII/ptolemy/actor/lib/test/auto/WidthTestWithSubscriberPublisher2.xml
----------------- Instantiating /home/travis/build/icyphy/ptII/ptolemy/actor/lib/test/auto/WidthTestWithSubscriberPublisher2.xml
4 ms. Memory: 842752K Free: 699092K (83%)
----------------- Invoking toplevel() on ptolemy.moml.MoMLSimpleApplication@4a54f648
----------------- Done invoking toplevel() on ptolemy.moml.MoMLSimpleApplication@4a54f648
reloadAllAccessors: .WidthTestWithSubscriberPublisher2

===========================================================================================
----------------- testing Wed Jul 10 15:32:38 UTC 2019 /home/travis/build/icyphy/ptII/ptolemy/actor/lib/test/auto/WidthTestWithSubscriberPublisher3.xml
----------------- Instantiating /home/travis/build/icyphy/ptII/ptolemy/actor/lib/test/auto/WidthTestWithSubscriberPublisher3.xml
2 ms. Memory: 842752K Free: 693458K (82%)
----------------- Invoking toplevel() on ptolemy.moml.MoMLSimpleApplication@2a091cfd
----------------- Done invoking toplevel() on ptolemy.moml.MoMLSimpleApplication@2a091cfd
reloadAllAccessors: .WidthTestWithSubscriberPublisher3

===========================================================================================
----------------- testing Wed Jul 10 15:32:38 UTC 2019 /home/travis/build/icyphy/ptII/ptolemy/actor/lib/test/auto/Writer.xml
----------------- Instantiating /home/travis/build/icyphy/ptII/ptolemy/actor/lib/test/auto/Writer.xml
0
1
2
3
4
2 ms. Memory: 842752K Free: 689362K (82%)
----------------- Invoking toplevel() on ptolemy.moml.MoMLSimpleApplication@7bdf132c
----------------- Done invoking toplevel() on ptolemy.moml.MoMLSimpleApplication@7bdf132c
reloadAllAccessors: .Writer

===========================================================================================
----------------- testing Wed Jul 10 15:32:38 UTC 2019 /home/travis/build/icyphy/ptII/ptolemy/actor/lib/test/auto/array.xml
----------------- Instantiating /home/travis/build/icyphy/ptII/ptolemy/actor/lib/test/auto/array.xml
2 ms. Memory: 842752K Free: 684756K (81%)
----------------- Invoking toplevel() on ptolemy.moml.MoMLSimpleApplication@23dad3b9
----------------- Done invoking toplevel() on ptolemy.moml.MoMLSimpleApplication@23dad3b9
reloadAllAccessors: .array

===========================================================================================
----------------- testing Wed Jul 10 15:32:38 UTC 2019 /home/travis/build/icyphy/ptII/ptolemy/actor/lib/test/auto/array2.xml
----------------- Instantiating /home/travis/build/icyphy/ptII/ptolemy/actor/lib/test/auto/array2.xml
5 ms. Memory: 842752K Free: 679636K (81%)
----------------- Invoking toplevel() on ptolemy.moml.MoMLSimpleApplication@6d99149e
----------------- Done invoking toplevel() on ptolemy.moml.MoMLSimpleApplication@6d99149e
reloadAllAccessors: .array2

===========================================================================================
----------------- testing Wed Jul 10 15:32:38 UTC 2019 /home/travis/build/icyphy/ptII/ptolemy/actor/lib/test/auto/arrayType.xml
----------------- Instantiating /home/travis/build/icyphy/ptII/ptolemy/actor/lib/test/auto/arrayType.xml
2 ms. Memory: 842752K Free: 674516K (80%)
----------------- Invoking toplevel() on ptolemy.moml.MoMLSimpleApplication@810ff91
----------------- Done invoking toplevel() on ptolemy.moml.MoMLSimpleApplication@810ff91
reloadAllAccessors: .arrayType

===========================================================================================
----------------- testing Wed Jul 10 15:32:38 UTC 2019 /home/travis/build/icyphy/ptII/ptolemy/actor/lib/test/auto/arrayType10.xml
----------------- Instantiating /home/travis/build/icyphy/ptII/ptolemy/actor/lib/test/auto/arrayType10.xml
2 ms. Memory: 842752K Free: 669906K (79%)
----------------- Invoking toplevel() on ptolemy.moml.MoMLSimpleApplication@4e269ed5
----------------- Done invoking toplevel() on ptolemy.moml.MoMLSimpleApplication@4e269ed5
reloadAllAccessors: .arrayType10

===========================================================================================
----------------- testing Wed Jul 10 15:32:38 UTC 2019 /home/travis/build/icyphy/ptII/ptolemy/actor/lib/test/auto/arrayType11.xml
----------------- Instantiating /home/travis/build/icyphy/ptII/ptolemy/actor/lib/test/auto/arrayType11.xml
2 ms. Memory: 842752K Free: 665300K (79%)
----------------- Invoking toplevel() on ptolemy.moml.MoMLSimpleApplication@30635bad
----------------- Done invoking toplevel() on ptolemy.moml.MoMLSimpleApplication@30635bad
reloadAllAccessors: .arrayType11

===========================================================================================
----------------- testing Wed Jul 10 15:32:38 UTC 2019 /home/travis/build/icyphy/ptII/ptolemy/actor/lib/test/auto/arrayType12.xml
----------------- Instantiating /home/travis/build/icyphy/ptII/ptolemy/actor/lib/test/auto/arrayType12.xml
7 ms. Memory: 842752K Free: 659666K (78%)
----------------- Invoking toplevel() on ptolemy.moml.MoMLSimpleApplication@53e2dd2
----------------- Done invoking toplevel() on ptolemy.moml.MoMLSimpleApplication@53e2dd2
reloadAllAccessors: .arrayType12

===========================================================================================
----------------- testing Wed Jul 10 15:32:38 UTC 2019 /home/travis/build/icyphy/ptII/ptolemy/actor/lib/test/auto/arrayType13.xml
----------------- Instantiating /home/travis/build/icyphy/ptII/ptolemy/actor/lib/test/auto/arrayType13.xml
1 ms. Memory: 842752K Free: 654546K (78%)
----------------- Invoking toplevel() on ptolemy.moml.MoMLSimpleApplication@7a47b488
----------------- Done invoking toplevel() on ptolemy.moml.MoMLSimpleApplication@7a47b488
reloadAllAccessors: .arrayType13

===========================================================================================
----------------- testing Wed Jul 10 15:32:38 UTC 2019 /home/travis/build/icyphy/ptII/ptolemy/actor/lib/test/auto/arrayType14.xml
----------------- Instantiating /home/travis/build/icyphy/ptII/ptolemy/actor/lib/test/auto/arrayType14.xml
4 ms. Memory: 842752K Free: 648402K (77%)
----------------- Invoking toplevel() on ptolemy.moml.MoMLSimpleApplication@33b917ae
----------------- Done invoking toplevel() on ptolemy.moml.MoMLSimpleApplication@33b917ae
reloadAllAccessors: .arrayType14

===========================================================================================
----------------- testing Wed Jul 10 15:32:38 UTC 2019 /home/travis/build/icyphy/ptII/ptolemy/actor/lib/test/auto/arrayType15.xml
----------------- Instantiating /home/travis/build/icyphy/ptII/ptolemy/actor/lib/test/auto/arrayType15.xml
7 ms. Memory: 842752K Free: 643282K (76%)
----------------- Invoking toplevel() on ptolemy.moml.MoMLSimpleApplication@40d37b95
----------------- Done invoking toplevel() on ptolemy.moml.MoMLSimpleApplication@40d37b95
reloadAllAccessors: .arrayType15

===========================================================================================
----------------- testing Wed Jul 10 15:32:38 UTC 2019 /home/travis/build/icyphy/ptII/ptolemy/actor/lib/test/auto/arrayType16.xml
----------------- Instantiating /home/travis/build/icyphy/ptII/ptolemy/actor/lib/test/auto/arrayType16.xml
1 ms. Memory: 842752K Free: 637652K (76%)
----------------- Invoking toplevel() on ptolemy.moml.MoMLSimpleApplication@1db0c8cb
----------------- Done invoking toplevel() on ptolemy.moml.MoMLSimpleApplication@1db0c8cb
reloadAllAccessors: .arrayType16

===========================================================================================
----------------- testing Wed Jul 10 15:32:38 UTC 2019 /home/travis/build/icyphy/ptII/ptolemy/actor/lib/test/auto/arrayType17.xml
----------------- Instantiating /home/travis/build/icyphy/ptII/ptolemy/actor/lib/test/auto/arrayType17.xml
1 ms. Memory: 842752K Free: 632532K (75%)
----------------- Invoking toplevel() on ptolemy.moml.MoMLSimpleApplication@5e4e28fd
----------------- Done invoking toplevel() on ptolemy.moml.MoMLSimpleApplication@5e4e28fd
reloadAllAccessors: .arrayType17

===========================================================================================
----------------- testing Wed Jul 10 15:32:38 UTC 2019 /home/travis/build/icyphy/ptII/ptolemy/actor/lib/test/auto/arrayType18.xml
----------------- Instantiating /home/travis/build/icyphy/ptII/ptolemy/actor/lib/test/auto/arrayType18.xml
2 ms. Memory: 842752K Free: 627922K (75%)
----------------- Invoking toplevel() on ptolemy.moml.MoMLSimpleApplication@3eb9049a
----------------- Done invoking toplevel() on ptolemy.moml.MoMLSimpleApplication@3eb9049a
reloadAllAccessors: .arrayType18

===========================================================================================
----------------- testing Wed Jul 10 15:32:38 UTC 2019 /home/travis/build/icyphy/ptII/ptolemy/actor/lib/test/auto/arrayType19.xml
----------------- Instantiating /home/travis/build/icyphy/ptII/ptolemy/actor/lib/test/auto/arrayType19.xml
1 ms. Memory: 842752K Free: 622802K (74%)
----------------- Invoking toplevel() on ptolemy.moml.MoMLSimpleApplication@647249bf
----------------- Done invoking toplevel() on ptolemy.moml.MoMLSimpleApplication@647249bf
reloadAllAccessors: .arrayType19

===========================================================================================
----------------- testing Wed Jul 10 15:32:38 UTC 2019 /home/travis/build/icyphy/ptII/ptolemy/actor/lib/test/auto/arrayType2.xml
----------------- Instantiating /home/travis/build/icyphy/ptII/ptolemy/actor/lib/test/auto/arrayType2.xml
1 ms. Memory: 842752K Free: 617682K (73%)
----------------- Invoking toplevel() on ptolemy.moml.MoMLSimpleApplication@787b1c33
----------------- Done invoking toplevel() on ptolemy.moml.MoMLSimpleApplication@787b1c33
reloadAllAccessors: .arrayType2

===========================================================================================
----------------- testing Wed Jul 10 15:32:38 UTC 2019 /home/travis/build/icyphy/ptII/ptolemy/actor/lib/test/auto/arrayType20.xml
----------------- Instantiating /home/travis/build/icyphy/ptII/ptolemy/actor/lib/test/auto/arrayType20.xml
2 ms. Memory: 842752K Free: 612562K (73%)
----------------- Invoking toplevel() on ptolemy.moml.MoMLSimpleApplication@6f54a6d5
----------------- Done invoking toplevel() on ptolemy.moml.MoMLSimpleApplication@6f54a6d5
reloadAllAccessors: .arrayType20

===========================================================================================
----------------- testing Wed Jul 10 15:32:38 UTC 2019 /home/travis/build/icyphy/ptII/ptolemy/actor/lib/test/auto/arrayType21.xml
----------------- Instantiating /home/travis/build/icyphy/ptII/ptolemy/actor/lib/test/auto/arrayType21.xml
1 ms. Memory: 842752K Free: 607956K (72%)
----------------- Invoking toplevel() on ptolemy.moml.MoMLSimpleApplication@3598558f
----------------- Done invoking toplevel() on ptolemy.moml.MoMLSimpleApplication@3598558f
reloadAllAccessors: .arrayType21

===========================================================================================
----------------- testing Wed Jul 10 15:32:38 UTC 2019 /home/travis/build/icyphy/ptII/ptolemy/actor/lib/test/auto/arrayType22.xml
----------------- Instantiating /home/travis/build/icyphy/ptII/ptolemy/actor/lib/test/auto/arrayType22.xml
1 ms. Memory: 842752K Free: 602836K (72%)
----------------- Invoking toplevel() on ptolemy.moml.MoMLSimpleApplication@32f51772
----------------- Done invoking toplevel() on ptolemy.moml.MoMLSimpleApplication@32f51772
reloadAllAccessors: .arrayType22

===========================================================================================
----------------- testing Wed Jul 10 15:32:38 UTC 2019 /home/travis/build/icyphy/ptII/ptolemy/actor/lib/test/auto/arrayType23.xml
----------------- Instantiating /home/travis/build/icyphy/ptII/ptolemy/actor/lib/test/auto/arrayType23.xml
1 ms. Memory: 842752K Free: 598226K (71%)
----------------- Invoking toplevel() on ptolemy.moml.MoMLSimpleApplication@6fe4c33c
----------------- Done invoking toplevel() on ptolemy.moml.MoMLSimpleApplication@6fe4c33c
reloadAllAccessors: .arrayType23

===========================================================================================
----------------- testing Wed Jul 10 15:32:38 UTC 2019 /home/travis/build/icyphy/ptII/ptolemy/actor/lib/test/auto/arrayType24.xml
----------------- Instantiating /home/travis/build/icyphy/ptII/ptolemy/actor/lib/test/auto/arrayType24.xml
6 ms. Memory: 842752K Free: 593106K (70%)
----------------- Invoking toplevel() on ptolemy.moml.MoMLSimpleApplication@68fb62a1
----------------- Done invoking toplevel() on ptolemy.moml.MoMLSimpleApplication@68fb62a1
reloadAllAccessors: .arrayType24

===========================================================================================
----------------- testing Wed Jul 10 15:32:38 UTC 2019 /home/travis/build/icyphy/ptII/ptolemy/actor/lib/test/auto/arrayType25.xml
----------------- Instantiating /home/travis/build/icyphy/ptII/ptolemy/actor/lib/test/auto/arrayType25.xml
2 ms. Memory: 842752K Free: 587476K (70%)
----------------- Invoking toplevel() on ptolemy.moml.MoMLSimpleApplication@dcb7267
----------------- Done invoking toplevel() on ptolemy.moml.MoMLSimpleApplication@dcb7267
reloadAllAccessors: .arrayType25

===========================================================================================
----------------- testing Wed Jul 10 15:32:38 UTC 2019 /home/travis/build/icyphy/ptII/ptolemy/actor/lib/test/auto/arrayType26.xml
----------------- Instantiating /home/travis/build/icyphy/ptII/ptolemy/actor/lib/test/auto/arrayType26.xml
1 ms. Memory: 842752K Free: 582356K (69%)
----------------- Invoking toplevel() on ptolemy.moml.MoMLSimpleApplication@6544b7dc
----------------- Done invoking toplevel() on ptolemy.moml.MoMLSimpleApplication@6544b7dc
reloadAllAccessors: .arrayType26

===========================================================================================
----------------- testing Wed Jul 10 15:32:38 UTC 2019 /home/travis/build/icyphy/ptII/ptolemy/actor/lib/test/auto/arrayType27.xml
----------------- Instantiating /home/travis/build/icyphy/ptII/ptolemy/actor/lib/test/auto/arrayType27.xml
2 ms. Memory: 842752K Free: 577236K (68%)
----------------- Invoking toplevel() on ptolemy.moml.MoMLSimpleApplication@4d419814
----------------- Done invoking toplevel() on ptolemy.moml.MoMLSimpleApplication@4d419814
reloadAllAccessors: .arrayType27

===========================================================================================
----------------- testing Wed Jul 10 15:32:38 UTC 2019 /home/travis/build/icyphy/ptII/ptolemy/actor/lib/test/auto/arrayType28.xml
----------------- Instantiating /home/travis/build/icyphy/ptII/ptolemy/actor/lib/test/auto/arrayType28.xml
1 ms. Memory: 842752K Free: 571602K (68%)
----------------- Invoking toplevel() on ptolemy.moml.MoMLSimpleApplication@6dd3eb5e
----------------- Done invoking toplevel() on ptolemy.moml.MoMLSimpleApplication@6dd3eb5e
reloadAllAccessors: .arrayType28

===========================================================================================
----------------- testing Wed Jul 10 15:32:38 UTC 2019 /home/travis/build/icyphy/ptII/ptolemy/actor/lib/test/auto/arrayType3.xml
----------------- Instantiating /home/travis/build/icyphy/ptII/ptolemy/actor/lib/test/auto/arrayType3.xml
2 ms. Memory: 842752K Free: 566482K (67%)
----------------- Invoking toplevel() on ptolemy.moml.MoMLSimpleApplication@37f48685
----------------- Done invoking toplevel() on ptolemy.moml.MoMLSimpleApplication@37f48685
reloadAllAccessors: .arrayType3

===========================================================================================
----------------- testing Wed Jul 10 15:32:38 UTC 2019 /home/travis/build/icyphy/ptII/ptolemy/actor/lib/test/auto/arrayType4.xml
----------------- Instantiating /home/travis/build/icyphy/ptII/ptolemy/actor/lib/test/auto/arrayType4.xml
2 ms. Memory: 842752K Free: 561362K (67%)
----------------- Invoking toplevel() on ptolemy.moml.MoMLSimpleApplication@2c504e29
----------------- Done invoking toplevel() on ptolemy.moml.MoMLSimpleApplication@2c504e29
reloadAllAccessors: .arrayType4

===========================================================================================
----------------- testing Wed Jul 10 15:32:38 UTC 2019 /home/travis/build/icyphy/ptII/ptolemy/actor/lib/test/auto/arrayType5.xml
----------------- Instantiating /home/travis/build/icyphy/ptII/ptolemy/actor/lib/test/auto/arrayType5.xml
3 ms. Memory: 842752K Free: 555732K (66%)
----------------- Invoking toplevel() on ptolemy.moml.MoMLSimpleApplication@77244ce5
----------------- Done invoking toplevel() on ptolemy.moml.MoMLSimpleApplication@77244ce5
reloadAllAccessors: .arrayType5

===========================================================================================
----------------- testing Wed Jul 10 15:32:38 UTC 2019 /home/travis/build/icyphy/ptII/ptolemy/actor/lib/test/auto/arrayType6.xml
----------------- Instantiating /home/travis/build/icyphy/ptII/ptolemy/actor/lib/test/auto/arrayType6.xml
1 ms. Memory: 842752K Free: 551122K (65%)
----------------- Invoking toplevel() on ptolemy.moml.MoMLSimpleApplication@41be3c1d
----------------- Done invoking toplevel() on ptolemy.moml.MoMLSimpleApplication@41be3c1d
reloadAllAccessors: .arrayType6

===========================================================================================
----------------- testing Wed Jul 10 15:32:38 UTC 2019 /home/travis/build/icyphy/ptII/ptolemy/actor/lib/test/auto/arrayType7.xml
----------------- Instantiating /home/travis/build/icyphy/ptII/ptolemy/actor/lib/test/auto/arrayType7.xml
1 ms. Memory: 842752K Free: 546516K (65%)
----------------- Invoking toplevel() on ptolemy.moml.MoMLSimpleApplication@6c5ee3f8
----------------- Done invoking toplevel() on ptolemy.moml.MoMLSimpleApplication@6c5ee3f8
reloadAllAccessors: .arrayType7

===========================================================================================
----------------- testing Wed Jul 10 15:32:39 UTC 2019 /home/travis/build/icyphy/ptII/ptolemy/actor/lib/test/auto/arrayType8.xml
----------------- Instantiating /home/travis/build/icyphy/ptII/ptolemy/actor/lib/test/auto/arrayType8.xml
6 ms. Memory: 842752K Free: 541396K (64%)
----------------- Invoking toplevel() on ptolemy.moml.MoMLSimpleApplication@5b3ac3d7
----------------- Done invoking toplevel() on ptolemy.moml.MoMLSimpleApplication@5b3ac3d7
reloadAllAccessors: .arrayType8

===========================================================================================
----------------- testing Wed Jul 10 15:32:39 UTC 2019 /home/travis/build/icyphy/ptII/ptolemy/actor/lib/test/auto/arrayType9.xml
----------------- Instantiating /home/travis/build/icyphy/ptII/ptolemy/actor/lib/test/auto/arrayType9.xml
1 ms. Memory: 842752K Free: 536786K (64%)
----------------- Invoking toplevel() on ptolemy.moml.MoMLSimpleApplication@5091745e
----------------- Done invoking toplevel() on ptolemy.moml.MoMLSimpleApplication@5091745e
reloadAllAccessors: .arrayType9

===========================================================================================
----------------- testing Wed Jul 10 15:32:39 UTC 2019 /home/travis/build/icyphy/ptII/ptolemy/actor/lib/test/auto/cast.xml
----------------- Instantiating /home/travis/build/icyphy/ptII/ptolemy/actor/lib/test/auto/cast.xml
2 ms. Memory: 842752K Free: 532180K (63%)
----------------- Invoking toplevel() on ptolemy.moml.MoMLSimpleApplication@29e0f44d
----------------- Done invoking toplevel() on ptolemy.moml.MoMLSimpleApplication@29e0f44d
reloadAllAccessors: .cast

===========================================================================================
----------------- testing Wed Jul 10 15:32:39 UTC 2019 /home/travis/build/icyphy/ptII/ptolemy/actor/lib/test/auto/compositeMultiPort.xml
----------------- Instantiating /home/travis/build/icyphy/ptII/ptolemy/actor/lib/test/auto/compositeMultiPort.xml
3 ms. Memory: 842752K Free: 522964K (62%)
----------------- Invoking toplevel() on ptolemy.moml.MoMLSimpleApplication@43187b17
----------------- Done invoking toplevel() on ptolemy.moml.MoMLSimpleApplication@43187b17
reloadAllAccessors: .compositeMultiPort

===========================================================================================
----------------- testing Wed Jul 10 15:32:39 UTC 2019 /home/travis/build/icyphy/ptII/ptolemy/actor/lib/test/auto/expressionCastInference.xml
----------------- Instantiating /home/travis/build/icyphy/ptII/ptolemy/actor/lib/test/auto/expressionCastInference.xml
3 ms. Memory: 842752K Free: 518354K (62%)
----------------- Invoking toplevel() on ptolemy.moml.MoMLSimpleApplication@7a6dbf39
----------------- Done invoking toplevel() on ptolemy.moml.MoMLSimpleApplication@7a6dbf39
reloadAllAccessors: .expressionCastInference

===========================================================================================
----------------- testing Wed Jul 10 15:32:39 UTC 2019 /home/travis/build/icyphy/ptII/ptolemy/actor/lib/test/auto/expressionCastInference2.xml
----------------- Instantiating /home/travis/build/icyphy/ptII/ptolemy/actor/lib/test/auto/expressionCastInference2.xml
2 ms. Memory: 842752K Free: 513748K (61%)
----------------- Invoking toplevel() on ptolemy.moml.MoMLSimpleApplication@2d5a9b89
----------------- Done invoking toplevel() on ptolemy.moml.MoMLSimpleApplication@2d5a9b89
reloadAllAccessors: .expressionCastInference2

===========================================================================================
----------------- testing Wed Jul 10 15:32:39 UTC 2019 /home/travis/build/icyphy/ptII/ptolemy/actor/lib/test/auto/expressionInference.xml
----------------- Instantiating /home/travis/build/icyphy/ptII/ptolemy/actor/lib/test/auto/expressionInference.xml
1 ms. Memory: 842752K Free: 509138K (60%)
----------------- Invoking toplevel() on ptolemy.moml.MoMLSimpleApplication@268d15ba
----------------- Done invoking toplevel() on ptolemy.moml.MoMLSimpleApplication@268d15ba
reloadAllAccessors: .expressionInference

===========================================================================================
----------------- testing Wed Jul 10 15:32:39 UTC 2019 /home/travis/build/icyphy/ptII/ptolemy/actor/lib/test/auto/expression_bug.xml
----------------- Instantiating /home/travis/build/icyphy/ptII/ptolemy/actor/lib/test/auto/expression_bug.xml
1 ms. Memory: 842752K Free: 505042K (60%)
----------------- Invoking toplevel() on ptolemy.moml.MoMLSimpleApplication@5dff2531
----------------- Done invoking toplevel() on ptolemy.moml.MoMLSimpleApplication@5dff2531
reloadAllAccessors: .expression_bug

===========================================================================================
----------------- testing Wed Jul 10 15:32:39 UTC 2019 /home/travis/build/icyphy/ptII/ptolemy/actor/lib/test/auto/factorial.xml
----------------- Instantiating /home/travis/build/icyphy/ptII/ptolemy/actor/lib/test/auto/factorial.xml
40 ms. Memory: 842752K Free: 496850K (59%)
----------------- Invoking toplevel() on ptolemy.moml.MoMLSimpleApplication@7a1dba9d
----------------- Done invoking toplevel() on ptolemy.moml.MoMLSimpleApplication@7a1dba9d
reloadAllAccessors: .factorial

===========================================================================================
----------------- testing Wed Jul 10 15:32:39 UTC 2019 /home/travis/build/icyphy/ptII/ptolemy/actor/lib/test/auto/filterTest1.xml
----------------- Instantiating /home/travis/build/icyphy/ptII/ptolemy/actor/lib/test/auto/filterTest1.xml
3 ms. Memory: 842752K Free: 490691K (58%)
----------------- Invoking toplevel() on ptolemy.moml.MoMLSimpleApplication@52ca002e
----------------- Done invoking toplevel() on ptolemy.moml.MoMLSimpleApplication@52ca002e
reloadAllAccessors: .filterTest1

===========================================================================================
----------------- testing Wed Jul 10 15:32:39 UTC 2019 /home/travis/build/icyphy/ptII/ptolemy/actor/lib/test/auto/funcApplyInConst.xml
----------------- Instantiating /home/travis/build/icyphy/ptII/ptolemy/actor/lib/test/auto/funcApplyInConst.xml
1 ms. Memory: 842752K Free: 487124K (58%)
----------------- Invoking toplevel() on ptolemy.moml.MoMLSimpleApplication@5ccc36ac
----------------- Done invoking toplevel() on ptolemy.moml.MoMLSimpleApplication@5ccc36ac
reloadAllAccessors: .funcApplyInConst

===========================================================================================
----------------- testing Wed Jul 10 15:32:39 UTC 2019 /home/travis/build/icyphy/ptII/ptolemy/actor/lib/test/auto/funcApplyInExpr.xml
----------------- Instantiating /home/travis/build/icyphy/ptII/ptolemy/actor/lib/test/auto/funcApplyInExpr.xml
2 ms. Memory: 842752K Free: 483538K (57%)
----------------- Invoking toplevel() on ptolemy.moml.MoMLSimpleApplication@37c947fc
----------------- Done invoking toplevel() on ptolemy.moml.MoMLSimpleApplication@37c947fc
reloadAllAccessors: .funcApplyInExpr

===========================================================================================
----------------- testing Wed Jul 10 15:32:39 UTC 2019 /home/travis/build/icyphy/ptII/ptolemy/actor/lib/test/auto/function.xml
----------------- Instantiating /home/travis/build/icyphy/ptII/ptolemy/actor/lib/test/auto/function.xml
2 ms. Memory: 842752K Free: 478418K (57%)
----------------- Invoking toplevel() on ptolemy.moml.MoMLSimpleApplication@2399868f
----------------- Done invoking toplevel() on ptolemy.moml.MoMLSimpleApplication@2399868f
reloadAllAccessors: .function

===========================================================================================
----------------- testing Wed Jul 10 15:32:39 UTC 2019 /home/travis/build/icyphy/ptII/ptolemy/actor/lib/test/auto/function2.xml
----------------- Instantiating /home/travis/build/icyphy/ptII/ptolemy/actor/lib/test/auto/function2.xml
1 ms. Memory: 842752K Free: 473812K (56%)
----------------- Invoking toplevel() on ptolemy.moml.MoMLSimpleApplication@25694eb2
----------------- Done invoking toplevel() on ptolemy.moml.MoMLSimpleApplication@25694eb2
reloadAllAccessors: .function2

===========================================================================================
----------------- testing Wed Jul 10 15:32:39 UTC 2019 /home/travis/build/icyphy/ptII/ptolemy/actor/lib/test/auto/function3.xml
----------------- Instantiating /home/travis/build/icyphy/ptII/ptolemy/actor/lib/test/auto/function3.xml
1 ms. Memory: 842752K Free: 469716K (56%)
----------------- Invoking toplevel() on ptolemy.moml.MoMLSimpleApplication@3a845dcd
----------------- Done invoking toplevel() on ptolemy.moml.MoMLSimpleApplication@3a845dcd
reloadAllAccessors: .function3

===========================================================================================
----------------- testing Wed Jul 10 15:32:39 UTC 2019 /home/travis/build/icyphy/ptII/ptolemy/actor/lib/test/auto/functionClosureTest1.xml
----------------- Instantiating /home/travis/build/icyphy/ptII/ptolemy/actor/lib/test/auto/functionClosureTest1.xml
2 ms. Memory: 842752K Free: 464067K (55%)
----------------- Invoking toplevel() on ptolemy.moml.MoMLSimpleApplication@11688c30
----------------- Done invoking toplevel() on ptolemy.moml.MoMLSimpleApplication@11688c30
reloadAllAccessors: .functionClosureTest1

===========================================================================================
----------------- testing Wed Jul 10 15:32:39 UTC 2019 /home/travis/build/icyphy/ptII/ptolemy/actor/lib/test/auto/functionClosureTest2.xml
----------------- Instantiating /home/travis/build/icyphy/ptII/ptolemy/actor/lib/test/auto/functionClosureTest2.xml
2 ms. Memory: 842752K Free: 460500K (55%)
----------------- Invoking toplevel() on ptolemy.moml.MoMLSimpleApplication@23258112
----------------- Done invoking toplevel() on ptolemy.moml.MoMLSimpleApplication@23258112
reloadAllAccessors: .functionClosureTest2

===========================================================================================
----------------- testing Wed Jul 10 15:32:39 UTC 2019 /home/travis/build/icyphy/ptII/ptolemy/actor/lib/test/auto/functionClosureTest3.xml
----------------- Instantiating /home/travis/build/icyphy/ptII/ptolemy/actor/lib/test/auto/functionClosureTest3.xml
1 ms. Memory: 842752K Free: 454851K (54%)
----------------- Invoking toplevel() on ptolemy.moml.MoMLSimpleApplication@2123aec5
----------------- Done invoking toplevel() on ptolemy.moml.MoMLSimpleApplication@2123aec5
reloadAllAccessors: .functionClosureTest3

===========================================================================================
----------------- testing Wed Jul 10 15:32:39 UTC 2019 /home/travis/build/icyphy/ptII/ptolemy/actor/lib/test/auto/functionClosureTest4.xml
----------------- Instantiating /home/travis/build/icyphy/ptII/ptolemy/actor/lib/test/auto/functionClosureTest4.xml
2 ms. Memory: 842752K Free: 448722K (53%)
----------------- Invoking toplevel() on ptolemy.moml.MoMLSimpleApplication@2ca4625b
----------------- Done invoking toplevel() on ptolemy.moml.MoMLSimpleApplication@2ca4625b
reloadAllAccessors: .functionClosureTest4

===========================================================================================
----------------- testing Wed Jul 10 15:32:39 UTC 2019 /home/travis/build/icyphy/ptII/ptolemy/actor/lib/test/auto/functionClosureTest5.xml
----------------- Instantiating /home/travis/build/icyphy/ptII/ptolemy/actor/lib/test/auto/functionClosureTest5.xml
4 ms. Memory: 842752K Free: 443092K (53%)
----------------- Invoking toplevel() on ptolemy.moml.MoMLSimpleApplication@491f7806
----------------- Done invoking toplevel() on ptolemy.moml.MoMLSimpleApplication@491f7806
reloadAllAccessors: .functionClosureTest5

===========================================================================================
----------------- testing Wed Jul 10 15:32:39 UTC 2019 /home/travis/build/icyphy/ptII/ptolemy/actor/lib/test/auto/functionClosureTest6.xml
----------------- Instantiating /home/travis/build/icyphy/ptII/ptolemy/actor/lib/test/auto/functionClosureTest6.xml
1 ms. Memory: 842752K Free: 438482K (52%)
----------------- Invoking toplevel() on ptolemy.moml.MoMLSimpleApplication@6b5ad5e2
----------------- Done invoking toplevel() on ptolemy.moml.MoMLSimpleApplication@6b5ad5e2
reloadAllAccessors: .functionClosureTest6

===========================================================================================
----------------- testing Wed Jul 10 15:32:39 UTC 2019 /home/travis/build/icyphy/ptII/ptolemy/actor/lib/test/auto/functionsOnArcs.xml
----------------- Instantiating /home/travis/build/icyphy/ptII/ptolemy/actor/lib/test/auto/functionsOnArcs.xml
1 ms. Memory: 842752K Free: 433362K (51%)
----------------- Invoking toplevel() on ptolemy.moml.MoMLSimpleApplication@4e0214fd
----------------- Done invoking toplevel() on ptolemy.moml.MoMLSimpleApplication@4e0214fd
reloadAllAccessors: .functionsOnArcs

===========================================================================================
----------------- testing Wed Jul 10 15:32:39 UTC 2019 /home/travis/build/icyphy/ptII/ptolemy/actor/lib/test/auto/functionsOnArcsHOF.xml
----------------- Instantiating /home/travis/build/icyphy/ptII/ptolemy/actor/lib/test/auto/functionsOnArcsHOF.xml
6 ms. Memory: 842752K Free: 427218K (51%)
----------------- Invoking toplevel() on ptolemy.moml.MoMLSimpleApplication@74f5e5ae
----------------- Done invoking toplevel() on ptolemy.moml.MoMLSimpleApplication@74f5e5ae
reloadAllAccessors: .functionsOnArcsHOF

===========================================================================================
----------------- testing Wed Jul 10 15:32:39 UTC 2019 /home/travis/build/icyphy/ptII/ptolemy/actor/lib/test/auto/logic.xml
----------------- Instantiating /home/travis/build/icyphy/ptII/ptolemy/actor/lib/test/auto/logic.xml
2 ms. Memory: 842752K Free: 420050K (50%)
----------------- Invoking toplevel() on ptolemy.moml.MoMLSimpleApplication@231de2c5
----------------- Done invoking toplevel() on ptolemy.moml.MoMLSimpleApplication@231de2c5
reloadAllAccessors: .logic

===========================================================================================
----------------- testing Wed Jul 10 15:32:39 UTC 2019 /home/travis/build/icyphy/ptII/ptolemy/actor/lib/test/auto/matrixType.xml
----------------- Instantiating /home/travis/build/icyphy/ptII/ptolemy/actor/lib/test/auto/matrixType.xml
2 ms. Memory: 842752K Free: 414930K (49%)
----------------- Invoking toplevel() on ptolemy.moml.MoMLSimpleApplication@5cb5a52b
----------------- Done invoking toplevel() on ptolemy.moml.MoMLSimpleApplication@5cb5a52b
reloadAllAccessors: .matrixType

===========================================================================================
----------------- testing Wed Jul 10 15:32:39 UTC 2019 /home/travis/build/icyphy/ptII/ptolemy/actor/lib/test/auto/matrixType10.xml
----------------- Instantiating /home/travis/build/icyphy/ptII/ptolemy/actor/lib/test/auto/matrixType10.xml
1 ms. Memory: 842752K Free: 410324K (49%)
----------------- Invoking toplevel() on ptolemy.moml.MoMLSimpleApplication@70f6394c
----------------- Done invoking toplevel() on ptolemy.moml.MoMLSimpleApplication@70f6394c
reloadAllAccessors: .matrixType10

===========================================================================================
----------------- testing Wed Jul 10 15:32:39 UTC 2019 /home/travis/build/icyphy/ptII/ptolemy/actor/lib/test/auto/matrixType11.xml
----------------- Instantiating /home/travis/build/icyphy/ptII/ptolemy/actor/lib/test/auto/matrixType11.xml
1 ms. Memory: 842752K Free: 405714K (48%)
----------------- Invoking toplevel() on ptolemy.moml.MoMLSimpleApplication@59fcbf0a
----------------- Done invoking toplevel() on ptolemy.moml.MoMLSimpleApplication@59fcbf0a
reloadAllAccessors: .matrixType11

===========================================================================================
----------------- testing Wed Jul 10 15:32:39 UTC 2019 /home/travis/build/icyphy/ptII/ptolemy/actor/lib/test/auto/matrixType12.xml
----------------- Instantiating /home/travis/build/icyphy/ptII/ptolemy/actor/lib/test/auto/matrixType12.xml
1 ms. Memory: 842752K Free: 400594K (48%)
----------------- Invoking toplevel() on ptolemy.moml.MoMLSimpleApplication@70a1bda9
----------------- Done invoking toplevel() on ptolemy.moml.MoMLSimpleApplication@70a1bda9
reloadAllAccessors: .matrixType12

===========================================================================================
----------------- testing Wed Jul 10 15:32:39 UTC 2019 /home/travis/build/icyphy/ptII/ptolemy/actor/lib/test/auto/matrixType13.xml
----------------- Instantiating /home/travis/build/icyphy/ptII/ptolemy/actor/lib/test/auto/matrixType13.xml
1 ms. Memory: 842752K Free: 395988K (47%)
----------------- Invoking toplevel() on ptolemy.moml.MoMLSimpleApplication@4a73fbdf
----------------- Done invoking toplevel() on ptolemy.moml.MoMLSimpleApplication@4a73fbdf
reloadAllAccessors: .matrixType13

===========================================================================================
----------------- testing Wed Jul 10 15:32:39 UTC 2019 /home/travis/build/icyphy/ptII/ptolemy/actor/lib/test/auto/matrixType14.xml
----------------- Instantiating /home/travis/build/icyphy/ptII/ptolemy/actor/lib/test/auto/matrixType14.xml
1 ms. Memory: 842752K Free: 390354K (46%)
----------------- Invoking toplevel() on ptolemy.moml.MoMLSimpleApplication@11cf3fc2
----------------- Done invoking toplevel() on ptolemy.moml.MoMLSimpleApplication@11cf3fc2
reloadAllAccessors: .matrixType14

===========================================================================================
----------------- testing Wed Jul 10 15:32:39 UTC 2019 /home/travis/build/icyphy/ptII/ptolemy/actor/lib/test/auto/matrixType2.xml
----------------- Instantiating /home/travis/build/icyphy/ptII/ptolemy/actor/lib/test/auto/matrixType2.xml
1 ms. Memory: 842752K Free: 385746K (46%)
----------------- Invoking toplevel() on ptolemy.moml.MoMLSimpleApplication@3cab1b19
----------------- Done invoking toplevel() on ptolemy.moml.MoMLSimpleApplication@3cab1b19
reloadAllAccessors: .matrixType2

===========================================================================================
----------------- testing Wed Jul 10 15:32:39 UTC 2019 /home/travis/build/icyphy/ptII/ptolemy/actor/lib/test/auto/matrixType3.xml
----------------- Instantiating /home/travis/build/icyphy/ptII/ptolemy/actor/lib/test/auto/matrixType3.xml
4 ms. Memory: 842752K Free: 381138K (45%)
----------------- Invoking toplevel() on ptolemy.moml.MoMLSimpleApplication@3984d19d
----------------- Done invoking toplevel() on ptolemy.moml.MoMLSimpleApplication@3984d19d
reloadAllAccessors: .matrixType3

===========================================================================================
----------------- testing Wed Jul 10 15:32:39 UTC 2019 /home/travis/build/icyphy/ptII/ptolemy/actor/lib/test/auto/matrixType4.xml
----------------- Instantiating /home/travis/build/icyphy/ptII/ptolemy/actor/lib/test/auto/matrixType4.xml
2 ms. Memory: 842752K Free: 376018K (45%)
----------------- Invoking toplevel() on ptolemy.moml.MoMLSimpleApplication@c5d53dd
----------------- Done invoking toplevel() on ptolemy.moml.MoMLSimpleApplication@c5d53dd
reloadAllAccessors: .matrixType4

===========================================================================================
----------------- testing Wed Jul 10 15:32:39 UTC 2019 /home/travis/build/icyphy/ptII/ptolemy/actor/lib/test/auto/matrixType5.xml
----------------- Instantiating /home/travis/build/icyphy/ptII/ptolemy/actor/lib/test/auto/matrixType5.xml
1 ms. Memory: 842752K Free: 371412K (44%)
----------------- Invoking toplevel() on ptolemy.moml.MoMLSimpleApplication@4f26778c
----------------- Done invoking toplevel() on ptolemy.moml.MoMLSimpleApplication@4f26778c
reloadAllAccessors: .matrixType5

===========================================================================================
----------------- testing Wed Jul 10 15:32:39 UTC 2019 /home/travis/build/icyphy/ptII/ptolemy/actor/lib/test/auto/matrixType6.xml
----------------- Instantiating /home/travis/build/icyphy/ptII/ptolemy/actor/lib/test/auto/matrixType6.xml
1 ms. Memory: 842752K Free: 787890K (93%)
----------------- Invoking toplevel() on ptolemy.moml.MoMLSimpleApplication@21ec96a5
----------------- Done invoking toplevel() on ptolemy.moml.MoMLSimpleApplication@21ec96a5
reloadAllAccessors: .matrixType6

===========================================================================================
----------------- testing Wed Jul 10 15:32:39 UTC 2019 /home/travis/build/icyphy/ptII/ptolemy/actor/lib/test/auto/matrixType7.xml
----------------- Instantiating /home/travis/build/icyphy/ptII/ptolemy/actor/lib/test/auto/matrixType7.xml
2 ms. Memory: 842752K Free: 782548K (93%)
----------------- Invoking toplevel() on ptolemy.moml.MoMLSimpleApplication@250f5b6a
----------------- Done invoking toplevel() on ptolemy.moml.MoMLSimpleApplication@250f5b6a
reloadAllAccessors: .matrixType7

===========================================================================================
----------------- testing Wed Jul 10 15:32:39 UTC 2019 /home/travis/build/icyphy/ptII/ptolemy/actor/lib/test/auto/matrixType8.xml
----------------- Instantiating /home/travis/build/icyphy/ptII/ptolemy/actor/lib/test/auto/matrixType8.xml
1 ms. Memory: 842752K Free: 777428K (92%)
----------------- Invoking toplevel() on ptolemy.moml.MoMLSimpleApplication@505abe29
----------------- Done invoking toplevel() on ptolemy.moml.MoMLSimpleApplication@505abe29
reloadAllAccessors: .matrixType8

===========================================================================================
----------------- testing Wed Jul 10 15:32:39 UTC 2019 /home/travis/build/icyphy/ptII/ptolemy/actor/lib/test/auto/matrixType9.xml
----------------- Instantiating /home/travis/build/icyphy/ptII/ptolemy/actor/lib/test/auto/matrixType9.xml
2 ms. Memory: 842752K Free: 772818K (92%)
----------------- Invoking toplevel() on ptolemy.moml.MoMLSimpleApplication@1b995008
----------------- Done invoking toplevel() on ptolemy.moml.MoMLSimpleApplication@1b995008
reloadAllAccessors: .matrixType9

===========================================================================================
----------------- testing Wed Jul 10 15:32:39 UTC 2019 /home/travis/build/icyphy/ptII/ptolemy/actor/lib/test/auto/paraFunctest.xml
----------------- Instantiating /home/travis/build/icyphy/ptII/ptolemy/actor/lib/test/auto/paraFunctest.xml
2 ms. Memory: 842752K Free: 768212K (91%)
----------------- Invoking toplevel() on ptolemy.moml.MoMLSimpleApplication@6d1df72b
----------------- Done invoking toplevel() on ptolemy.moml.MoMLSimpleApplication@6d1df72b
reloadAllAccessors: .paraFunctest

===========================================================================================
----------------- testing Wed Jul 10 15:32:39 UTC 2019 /home/travis/build/icyphy/ptII/ptolemy/actor/lib/test/auto/paraFunctest2.xml
----------------- Instantiating /home/travis/build/icyphy/ptII/ptolemy/actor/lib/test/auto/paraFunctest2.xml
2 ms. Memory: 842752K Free: 764626K (91%)
----------------- Invoking toplevel() on ptolemy.moml.MoMLSimpleApplication@7e348ee6
----------------- Done invoking toplevel() on ptolemy.moml.MoMLSimpleApplication@7e348ee6
reloadAllAccessors: .paraFunctest2

===========================================================================================
----------------- testing Wed Jul 10 15:32:39 UTC 2019 /home/travis/build/icyphy/ptII/ptolemy/actor/lib/test/auto/parameterPassing.xml
----------------- Instantiating /home/travis/build/icyphy/ptII/ptolemy/actor/lib/test/auto/parameterPassing.xml
1 ms. Memory: 842752K Free: 760020K (90%)
----------------- Invoking toplevel() on ptolemy.moml.MoMLSimpleApplication@294ec3d
----------------- Done invoking toplevel() on ptolemy.moml.MoMLSimpleApplication@294ec3d
reloadAllAccessors: .parameterPassing

===========================================================================================
----------------- testing Wed Jul 10 15:32:39 UTC 2019 /home/travis/build/icyphy/ptII/ptolemy/actor/lib/test/auto/record.xml
----------------- Instantiating /home/travis/build/icyphy/ptII/ptolemy/actor/lib/test/auto/record.xml
2 ms. Memory: 842752K Free: 755410K (90%)
----------------- Invoking toplevel() on ptolemy.moml.MoMLSimpleApplication@7442808a
----------------- Done invoking toplevel() on ptolemy.moml.MoMLSimpleApplication@7442808a
reloadAllAccessors: .record

===========================================================================================
----------------- testing Wed Jul 10 15:32:39 UTC 2019 /home/travis/build/icyphy/ptII/ptolemy/actor/lib/test/auto/sizedarray1.xml
----------------- Instantiating /home/travis/build/icyphy/ptII/ptolemy/actor/lib/test/auto/sizedarray1.xml
1 ms. Memory: 842752K Free: 749780K (89%)
----------------- Invoking toplevel() on ptolemy.moml.MoMLSimpleApplication@2b98d4f5
----------------- Done invoking toplevel() on ptolemy.moml.MoMLSimpleApplication@2b98d4f5
reloadAllAccessors: .sizedarray1

===========================================================================================
----------------- testing Wed Jul 10 15:32:39 UTC 2019 /home/travis/build/icyphy/ptII/ptolemy/actor/lib/test/auto/sizedarray2.xml
----------------- Instantiating /home/travis/build/icyphy/ptII/ptolemy/actor/lib/test/auto/sizedarray2.xml
2 ms. Memory: 842752K Free: 744660K (88%)
----------------- Invoking toplevel() on ptolemy.moml.MoMLSimpleApplication@68232a36
----------------- Done invoking toplevel() on ptolemy.moml.MoMLSimpleApplication@68232a36
reloadAllAccessors: .sizedarray2

===========================================================================================
----------------- testing Wed Jul 10 15:32:39 UTC 2019 /home/travis/build/icyphy/ptII/ptolemy/actor/lib/test/auto/twoPublishers.xml
----------------- Instantiating /home/travis/build/icyphy/ptII/ptolemy/actor/lib/test/auto/twoPublishers.xml
2 ms. Memory: 842752K Free: 734420K (87%)
----------------- Invoking toplevel() on ptolemy.moml.MoMLSimpleApplication@180f0f73
----------------- Done invoking toplevel() on ptolemy.moml.MoMLSimpleApplication@180f0f73
reloadAllAccessors: .twoPublishers
AutoTests.java: About to close Vertx.
AutoTests.java: Vertx closed.
]]></system-out>
  <system-err><![CDATA[java.lang.RuntimeException: Execution failed
	at ptolemy.moml.MoMLSimpleApplication$UnloadThread.run(MoMLSimpleApplication.java:402)
Caused by: java.lang.RuntimeException: StringUtilities.exit() was called. Normally, we would exit here because Manager.exitAfterWrapup() was called.  However, because the ptolemy.ptII.exitAfterWrapup property is set, we throw this exception instead.
	at ptolemy.util.StringUtilities.exit(StringUtilities.java:363)
	at ptolemy.actor.Manager.wrapup(Manager.java:1531)
	at ptolemy.actor.Manager.execute(Manager.java:407)
	at ptolemy.actor.Manager.run(Manager.java:1263)
	at ptolemy.actor.Manager$PtolemyRunThread.run(Manager.java:1915)
Warning: '.top.test' is in training mode, set the trainingMode parameter to false before checking in
Warning: '.top.test' is in training mode, set the trainingMode parameter to false before checking in
Warning: '.top.test' is in training mode, set the trainingMode parameter to false before checking in
Warning: '.BooleanSwitch_RegressionTest_WrongTrainingValues.Test' is in training mode, set the trainingMode parameter to false before checking in
Warning: '.BooleanSwitch_RegressionTest_WrongTrainingValues.Test2' is in training mode, set the trainingMode parameter to false before checking in
Warning: '.BooleanSwitch_RegressionTest_WrongTrainingValues.Test2' The test produced 0 tokens.
Warning: '.top.testExceptionHandler' is in training mode, set the trainingMode parameter to false before checking in
java.lang.RuntimeException: Execution failed
	at ptolemy.moml.MoMLSimpleApplication$UnloadThread.run(MoMLSimpleApplication.java:402)
Caused by: ptolemy.kernel.util.IllegalActionException: PublisherPorts cannot be used at the top level, use a Publisher actor instead.
  in .PublisherPortToplevelSubscriber.PublisherPort
	at ptolemy.actor.PublisherPort.preinitialize(PublisherPort.java:403)
	at ptolemy.actor.CompositeActor.preinitialize(CompositeActor.java:1769)
	at ptolemy.actor.Manager.preinitializeAndResolveTypes(Manager.java:1040)
	at ptolemy.actor.Manager.initialize(Manager.java:710)
	at ptolemy.actor.Manager.execute(Manager.java:356)
	at ptolemy.actor.Manager.run(Manager.java:1263)
	at ptolemy.actor.Manager$PtolemyRunThread.run(Manager.java:1915)
java.lang.reflect.InvocationTargetException
	at java.base/jdk.internal.reflect.NativeConstructorAccessorImpl.newInstance0(Native Method)
	at java.base/jdk.internal.reflect.NativeConstructorAccessorImpl.newInstance(NativeConstructorAccessorImpl.java:62)
	at java.base/jdk.internal.reflect.DelegatingConstructorAccessorImpl.newInstance(DelegatingConstructorAccessorImpl.java:45)
	at java.base/java.lang.reflect.Constructor.newInstance(Constructor.java:488)
	at ptolemy.util.test.junit.AutoKnownFailedTests.RunModel(AutoKnownFailedTests.java:105)
	at java.base/jdk.internal.reflect.NativeMethodAccessorImpl.invoke0(Native Method)
	at java.base/jdk.internal.reflect.NativeMethodAccessorImpl.invoke(NativeMethodAccessorImpl.java:62)
	at java.base/jdk.internal.reflect.DelegatingMethodAccessorImpl.invoke(DelegatingMethodAccessorImpl.java:43)
	at java.base/java.lang.reflect.Method.invoke(Method.java:564)
	at org.junit.runners.model.FrameworkMethod$1.runReflectiveCall(FrameworkMethod.java:44)
	at org.junit.internal.runners.model.ReflectiveCallable.run(ReflectiveCallable.java:15)
	at org.junit.runners.model.FrameworkMethod.invokeExplosively(FrameworkMethod.java:41)
	at junitparams.internal.InvokeParameterisedMethod.evaluate(InvokeParameterisedMethod.java:102)
	at org.junit.internal.runners.statements.FailOnTimeout$1.run(FailOnTimeout.java:28)
Caused by: ptolemy.kernel.util.IllegalActionException: PublisherPorts cannot be used at the top level, use a Publisher actor instead.
  in .PublisherPortToplevelSubscriber.PublisherPort
	at ptolemy.actor.PublisherPort.preinitialize(PublisherPort.java:403)
	at ptolemy.actor.CompositeActor.preinitialize(CompositeActor.java:1769)
	at ptolemy.actor.Manager.preinitializeAndResolveTypes(Manager.java:1040)
	at ptolemy.actor.Manager.initialize(Manager.java:710)
	at ptolemy.actor.Manager.execute(Manager.java:356)
	at ptolemy.actor.Manager.run(Manager.java:1263)
	at ptolemy.actor.Manager$PtolemyRunThread.run(Manager.java:1915)
java.lang.RuntimeException: Execution failed
	at ptolemy.moml.MoMLSimpleApplication$UnloadThread.run(MoMLSimpleApplication.java:402)
Caused by: ptolemy.kernel.util.IllegalActionException: SubscriberPorts cannot be used at the top level, use a Subscriber actor instead.
  in .PublisherSubscriberPortToplevel.SubscriberPort
	at ptolemy.actor.SubscriberPort.preinitialize(SubscriberPort.java:328)
	at ptolemy.actor.CompositeActor.preinitialize(CompositeActor.java:1769)
	at ptolemy.actor.Manager.preinitializeAndResolveTypes(Manager.java:1040)
	at ptolemy.actor.Manager.initialize(Manager.java:710)
	at ptolemy.actor.Manager.execute(Manager.java:356)
	at ptolemy.actor.Manager.run(Manager.java:1263)
	at ptolemy.actor.Manager$PtolemyRunThread.run(Manager.java:1915)
java.lang.reflect.InvocationTargetException
	at java.base/jdk.internal.reflect.NativeConstructorAccessorImpl.newInstance0(Native Method)
	at java.base/jdk.internal.reflect.NativeConstructorAccessorImpl.newInstance(NativeConstructorAccessorImpl.java:62)
	at java.base/jdk.internal.reflect.DelegatingConstructorAccessorImpl.newInstance(DelegatingConstructorAccessorImpl.java:45)
	at java.base/java.lang.reflect.Constructor.newInstance(Constructor.java:488)
	at ptolemy.util.test.junit.AutoKnownFailedTests.RunModel(AutoKnownFailedTests.java:105)
	at java.base/jdk.internal.reflect.NativeMethodAccessorImpl.invoke0(Native Method)
	at java.base/jdk.internal.reflect.NativeMethodAccessorImpl.invoke(NativeMethodAccessorImpl.java:62)
	at java.base/jdk.internal.reflect.DelegatingMethodAccessorImpl.invoke(DelegatingMethodAccessorImpl.java:43)
	at java.base/java.lang.reflect.Method.invoke(Method.java:564)
	at org.junit.runners.model.FrameworkMethod$1.runReflectiveCall(FrameworkMethod.java:44)
	at org.junit.internal.runners.model.ReflectiveCallable.run(ReflectiveCallable.java:15)
	at org.junit.runners.model.FrameworkMethod.invokeExplosively(FrameworkMethod.java:41)
	at junitparams.internal.InvokeParameterisedMethod.evaluate(InvokeParameterisedMethod.java:102)
	at org.junit.internal.runners.statements.FailOnTimeout$1.run(FailOnTimeout.java:28)
Caused by: ptolemy.kernel.util.IllegalActionException: SubscriberPorts cannot be used at the top level, use a Subscriber actor instead.
  in .PublisherSubscriberPortToplevel.SubscriberPort
	at ptolemy.actor.SubscriberPort.preinitialize(SubscriberPort.java:328)
	at ptolemy.actor.CompositeActor.preinitialize(CompositeActor.java:1769)
	at ptolemy.actor.Manager.preinitializeAndResolveTypes(Manager.java:1040)
	at ptolemy.actor.Manager.initialize(Manager.java:710)
	at ptolemy.actor.Manager.execute(Manager.java:356)
	at ptolemy.actor.Manager.run(Manager.java:1263)
	at ptolemy.actor.Manager$PtolemyRunThread.run(Manager.java:1915)
java.lang.RuntimeException: Execution failed
	at ptolemy.moml.MoMLSimpleApplication$UnloadThread.run(MoMLSimpleApplication.java:402)
Caused by: ptolemy.kernel.util.IllegalActionException: SubscriptionAggregatorPorts cannot be used at the top level, use a SubscriptionAggregator actor instead.
  in .PublisherSubscriptionAggregatorPort.SubscriptionAggregatorPort
	at ptolemy.actor.SubscriptionAggregatorPort.preinitialize(SubscriptionAggregatorPort.java:353)
	at ptolemy.actor.CompositeActor.preinitialize(CompositeActor.java:1769)
	at ptolemy.actor.Manager.preinitializeAndResolveTypes(Manager.java:1040)
	at ptolemy.actor.Manager.initialize(Manager.java:710)
	at ptolemy.actor.Manager.execute(Manager.java:356)
	at ptolemy.actor.Manager.run(Manager.java:1263)
	at ptolemy.actor.Manager$PtolemyRunThread.run(Manager.java:1915)
java.lang.reflect.InvocationTargetException
	at java.base/jdk.internal.reflect.NativeConstructorAccessorImpl.newInstance0(Native Method)
	at java.base/jdk.internal.reflect.NativeConstructorAccessorImpl.newInstance(NativeConstructorAccessorImpl.java:62)
	at java.base/jdk.internal.reflect.DelegatingConstructorAccessorImpl.newInstance(DelegatingConstructorAccessorImpl.java:45)
	at java.base/java.lang.reflect.Constructor.newInstance(Constructor.java:488)
	at ptolemy.util.test.junit.AutoKnownFailedTests.RunModel(AutoKnownFailedTests.java:105)
	at java.base/jdk.internal.reflect.NativeMethodAccessorImpl.invoke0(Native Method)
	at java.base/jdk.internal.reflect.NativeMethodAccessorImpl.invoke(NativeMethodAccessorImpl.java:62)
	at java.base/jdk.internal.reflect.DelegatingMethodAccessorImpl.invoke(DelegatingMethodAccessorImpl.java:43)
	at java.base/java.lang.reflect.Method.invoke(Method.java:564)
	at org.junit.runners.model.FrameworkMethod$1.runReflectiveCall(FrameworkMethod.java:44)
	at org.junit.internal.runners.model.ReflectiveCallable.run(ReflectiveCallable.java:15)
	at org.junit.runners.model.FrameworkMethod.invokeExplosively(FrameworkMethod.java:41)
	at junitparams.internal.InvokeParameterisedMethod.evaluate(InvokeParameterisedMethod.java:102)
	at org.junit.internal.runners.statements.FailOnTimeout$1.run(FailOnTimeout.java:28)
Caused by: ptolemy.kernel.util.IllegalActionException: SubscriptionAggregatorPorts cannot be used at the top level, use a SubscriptionAggregator actor instead.
  in .PublisherSubscriptionAggregatorPort.SubscriptionAggregatorPort
	at ptolemy.actor.SubscriptionAggregatorPort.preinitialize(SubscriptionAggregatorPort.java:353)
	at ptolemy.actor.CompositeActor.preinitialize(CompositeActor.java:1769)
	at ptolemy.actor.Manager.preinitializeAndResolveTypes(Manager.java:1040)
	at ptolemy.actor.Manager.initialize(Manager.java:710)
	at ptolemy.actor.Manager.execute(Manager.java:356)
	at ptolemy.actor.Manager.run(Manager.java:1263)
	at ptolemy.actor.Manager$PtolemyRunThread.run(Manager.java:1915)
java.lang.RuntimeException: Execution failed
	at ptolemy.moml.MoMLSimpleApplication$UnloadThread.run(MoMLSimpleApplication.java:402)
Caused by: ptolemy.kernel.util.IllegalActionException: TypeTest actor has no training data.
  in .sizedarray3.TypeTest
	at ptolemy.actor.lib.TypeTest.initialize(TypeTest.java:250)
	at ptolemy.actor.Director.initialize(Director.java:938)
	at ptolemy.actor.Director.initialize(Director.java:907)
	at ptolemy.actor.sched.StaticSchedulingDirector.initialize(StaticSchedulingDirector.java:159)
	at ptolemy.domains.sdf.kernel.SDFDirector.initialize(SDFDirector.java:544)
	at ptolemy.actor.CompositeActor.initialize(CompositeActor.java:935)
	at ptolemy.actor.Manager.initialize(Manager.java:724)
	at ptolemy.actor.Manager.execute(Manager.java:356)
	at ptolemy.actor.Manager.run(Manager.java:1263)
	at ptolemy.actor.Manager$PtolemyRunThread.run(Manager.java:1915)
java.lang.reflect.InvocationTargetException
	at java.base/jdk.internal.reflect.NativeConstructorAccessorImpl.newInstance0(Native Method)
	at java.base/jdk.internal.reflect.NativeConstructorAccessorImpl.newInstance(NativeConstructorAccessorImpl.java:62)
	at java.base/jdk.internal.reflect.DelegatingConstructorAccessorImpl.newInstance(DelegatingConstructorAccessorImpl.java:45)
	at java.base/java.lang.reflect.Constructor.newInstance(Constructor.java:488)
	at ptolemy.util.test.junit.AutoKnownFailedTests.RunModel(AutoKnownFailedTests.java:105)
	at java.base/jdk.internal.reflect.NativeMethodAccessorImpl.invoke0(Native Method)
	at java.base/jdk.internal.reflect.NativeMethodAccessorImpl.invoke(NativeMethodAccessorImpl.java:62)
	at java.base/jdk.internal.reflect.DelegatingMethodAccessorImpl.invoke(DelegatingMethodAccessorImpl.java:43)
	at java.base/java.lang.reflect.Method.invoke(Method.java:564)
	at org.junit.runners.model.FrameworkMethod$1.runReflectiveCall(FrameworkMethod.java:44)
	at org.junit.internal.runners.model.ReflectiveCallable.run(ReflectiveCallable.java:15)
	at org.junit.runners.model.FrameworkMethod.invokeExplosively(FrameworkMethod.java:41)
	at junitparams.internal.InvokeParameterisedMethod.evaluate(InvokeParameterisedMethod.java:102)
	at org.junit.internal.runners.statements.FailOnTimeout$1.run(FailOnTimeout.java:28)
Caused by: ptolemy.kernel.util.IllegalActionException: TypeTest actor has no training data.
  in .sizedarray3.TypeTest
	at ptolemy.actor.lib.TypeTest.initialize(TypeTest.java:250)
	at ptolemy.actor.Director.initialize(Director.java:938)
	at ptolemy.actor.Director.initialize(Director.java:907)
	at ptolemy.actor.sched.StaticSchedulingDirector.initialize(StaticSchedulingDirector.java:159)
	at ptolemy.domains.sdf.kernel.SDFDirector.initialize(SDFDirector.java:544)
	at ptolemy.actor.CompositeActor.initialize(CompositeActor.java:935)
	at ptolemy.actor.Manager.initialize(Manager.java:724)
	at ptolemy.actor.Manager.execute(Manager.java:356)
	at ptolemy.actor.Manager.run(Manager.java:1263)
	at ptolemy.actor.Manager$PtolemyRunThread.run(Manager.java:1915)
java.lang.RuntimeException: Execution failed
	at ptolemy.moml.MoMLSimpleApplication$UnloadThread.run(MoMLSimpleApplication.java:402)
Caused by: ptolemy.kernel.util.IllegalActionException: Test fails in iteration 0.
Value was: "WARNING: An illegal reflective access operation has occurred\nWARNING: Illegal reflective access by io.netty.util.internal.ReflectionUtil (file:/home/travis/build/icyphy/ptII/lib/netty-common-4.1.19.Final.jar) to constructor java.nio.DirectByteBuffer(long,int)\nWARNING: Please consider reporting this to the maintainers of io.netty.util.internal.ReflectionUtil\nWARNING: Use --illegal-access=warn to enable warnings of further illegal reflective access operations\nWARNING: All illegal access operations will be denied in a future release\n". Should have been: ""
  in .ExecRunDemos.Test
	at ptolemy.actor.lib.Test.fire(Test.java:268)
	at ptolemy.actor.AtomicActor.iterate(AtomicActor.java:512)
	at ptolemy.actor.sched.StaticSchedulingDirector.fire(StaticSchedulingDirector.java:216)
	at ptolemy.domains.sdf.kernel.SDFDirector.fire(SDFDirector.java:500)
	at ptolemy.actor.CompositeActor.fire(CompositeActor.java:455)
	at ptolemy.actor.Manager.iterate(Manager.java:851)
	at ptolemy.actor.Manager.execute(Manager.java:369)
	at ptolemy.actor.Manager.run(Manager.java:1263)
	at ptolemy.actor.Manager$PtolemyRunThread.run(Manager.java:1915)
]]></system-err>
</testsuite>
