<?xml version="1.0" encoding="UTF-8" ?>
<testsuite errors="2" failures="1" hostname="travis-job-2a95e5ce-b477-4d33-92a4-2edddd1a441b" name="ptolemy.actor.lib.test.junit.JUnitTclTest" skipped="0" tests="517" time="64.521" timestamp="2019-07-10T00:54:20">
  <properties>
    <property name="npm.executable" value="npm" />
    <property name="env.TRAVIS_ROOT" value="/" />
    <property name="ptII.mk.exists" value="true" />
    <property name="env.TRAVIS_APP_HOST" value="build.travis-ci.org" />
    <property name="env.rvm_bin_path" value="/home/travis/.rvm/bin" />
    <property name="java.home" value="/usr/local/lib/jvm/openjdk11" />
    <property name="env.TRAVIS_JOB_NUMBER" value="1203.8" />
    <property name="env.TRAVIS_HOME" value="/home/travis" />
    <property name="env.DISPLAY" value=":99.0" />
    <property name="env.TRAVIS_INIT" value="systemd" />
    <property name="env.SSH_TTY" value="/dev/pts/0" />
    <property name="java.net.preferIPv4Stack" value="true" />
    <property name="env.RUN_TESTS" value="true" />
    <property name="timeout.short" value="1000000" />
    <property name="junit.formatter" value="xml" />
    <property name="env.TRAVIS_SUDO" value="true" />
    <property name="env.TRAVIS_JOB_NAME" value="" />
    <property name="env.TRAVIS_STACK_NODE_ATTRIBUTES" value="/.node-attributes.yml" />
    <property name="env.LOGNAME" value="travis" />
    <property name="env.PT_TRAVIS_TEST_CORE1_XML" value="true" />
    <property name="jsdoc.home" value="node_modules/@terraswarm/jsdoc" />
    <property name="debuglevel" value="source,lines,vars" />
    <property name="checkstyle.formatter" value="xml" />
    <property name="env._system_version" value="16.04" />
    <property name="bin.vergil.makeable" value="true" />
    <property name="sun.os.patch.level" value="unknown" />
    <property name="java.vendor.url" value="http://java.oracle.com/" />
    <property name="env.TRAVIS_BUILD_WEB_URL" value="https://travis-ci.org/icyphy/ptII/builds/556568185" />
    <property name="java.version" value="11.0.2" />
    <property name="env.TZ" value="UTC" />
    <property name="env.TRAVIS_PULL_REQUEST_SHA" value="" />
    <property name="env.PT_NO_NET" value="true" />
    <property name="env.TRAVIS_SECURE_ENV_VARS" value="true" />
    <property name="env._system_type" value="Linux" />
    <property name="java.vendor.url.bug" value="http://bugreport.java.com/bugreport/" />
    <property name="npmjs-org-is-up" value="true" />
    <property name="env.LANGUAGE" value="en_US.UTF-8" />
    <property name="env.SSH_CLIENT" value="10.10.4.15 50458 22" />
    <property name="env.GEM_HOME" value="/home/travis/.rvm/gems/ruby-2.5.3" />
    <property name="env.HAS_ANTARES_THREE_LITTLE_FRONZIES_BADGE" value="true" />
    <property name="java.version.date" value="2019-01-15" />
    <property name="env.PS4" value="+" />
    <property name="ant.project.invoked-targets" value="build,test.core1.xml" />
    <property name="env.TRAVIS_PULL_REQUEST_BRANCH" value="" />
    <property name="env.TRAVIS_REPO_SLUG" value="icyphy/ptII" />
    <property name="env.XDG_DATA_DIRS" value="/usr/local/share:/usr/share:/var/lib/snapd/desktop" />
    <property name="jdk.debug" value="release" />
    <property name="env.TRAVIS_APT_PROXY" value="http://apt.cache.travis-ci.com" />
    <property name="node.in.path" value="true" />
    <property name="user.name" value="travis" />
    <property name="java.maxmemory" value="1400m" />
    <property name="env.RUBY_VERSION" value="ruby-2.5.3" />
    <property name="env.LANG" value="en_US.UTF-8" />
    <property name="sun.io.unicode.encoding" value="UnicodeLittle" />
    <property name="sun.jnu.encoding" value="UTF-8" />
    <property name="java.runtime.name" value="OpenJDK Runtime Environment" />
    <property name="usefile" value="false" />
    <property name="return.code" value="0" />
    <property name="junit.single.formatter" value="plain" />
    <property name="env.DYLD_LIBRARY_PATH" value="/home/travis/pthla/certi-tools/lib:" />
    <property name="env.DEBIAN_FRONTEND" value="noninteractive" />
    <property name="env.SSH_CONNECTION" value="10.10.4.15 50458 10.20.0.168 22" />
    <property name="env.MYSQL_UNIX_PORT" value="/var/run/mysqld/mysqld.sock" />
    <property name="env.LC_ALL" value="en_US.UTF-8" />
    <property name="env.TRAVIS_ALLOW_FAILURE" value="false" />
    <property name="env.TRAVIS_JOB_WEB_URL" value="https://travis-ci.org/icyphy/ptII/jobs/556568193" />
    <property name="java.specification.name" value="Java Platform API Specification" />
    <property name="node.works" value="true" />
    <property name="user.timezone" value="" />
    <property name="path.separator" value=":" />
    <property name="env.TRAVIS_ENABLE_INFRA_DETECTION" value="true" />
    <property name="env.PYTHON_CFLAGS" value="-g -fstack-protector --param=ssp-buffer-size=4 -Wformat -Werror=format-security" />
    <property name="timeout.long" value="4000000" />
    <property name="env.CERTI_HOME" value="/home/travis/pthla/certi-tools" />
    <property name="ant.file.ptII" value="/home/travis/build/icyphy/ptII/build.xml" />
    <property name="javadoc.packagenames" value="com.*,diva.*,lbnl.*,org.hlacerti.*,org.json.*,org.ptolemy.*,org.terraswarm.*,ptolemy.*,ptserver.*" />
    <property name="file.encoding" value="UTF-8" />
    <property name="env.TRAVIS_PULL_REQUEST_SLUG" value="" />
    <property name="ant.project.default-target" value="build" />
    <property name="env.GIT_ASKPASS" value="echo" />
    <property name="env.HOME" value="/home/travis" />
    <property name="sun.java.command" value="org.apache.tools.ant.taskdefs.optional.junit.JUnitTestRunner ptolemy.actor.lib.test.junit.JUnitTclTest skipNonTests=false filtertrace=true haltOnError=false haltOnFailure=false formatter=org.apache.tools.ant.taskdefs.optional.junit.OutErrSummaryJUnitResultFormatter showoutput=true outputtoformatters=true logfailedtests=true threadid=0 logtestlistenerevents=false formatter=org.apache.tools.ant.taskdefs.optional.junit.XMLJUnitResultFormatter,/home/travis/build/icyphy/ptII/reports/junit/TEST-ptolemy.actor.lib.test.junit.JUnitTclTest.xml crashfile=/home/travis/build/icyphy/ptII/junitvmwatcher324597259885804005.properties propsfile=/home/travis/build/icyphy/ptII/junit11407397164503476834.properties" />
    <property name="env.COMPOSER_NO_INTERACTION" value="1" />
    <property name="env.MANPATH" value="/home/travis/.nvm/versions/node/v7.10.1/share/man:/home/travis/.rvm/rubies/ruby-2.5.3/share/man:/usr/local/cmake-3.12.4/man:/usr/local/clang-7.0.0/share/man:/usr/local/man:/usr/local/share/man:/usr/share/man:/home/travis/.rvm/man" />
    <property name="env.TRAVIS_TIMER_ID" value="1997b94c" />
    <property name="ant.file" value="/home/travis/build/icyphy/ptII/build.xml" />
    <property name="env.TRAVIS_COMMIT_RANGE" value="4fa9a2ca2fa9...4e78ed00ce48" />
    <property name="env._system_name" value="Ubuntu" />
    <property name="ptII.classpath.optional.property" value="/home/travis/build/icyphy/ptII/lib/bsh-2.0b4.jar:/home/travis/build/icyphy/ptII/lib/ptCal.jar:/home/travis/build/icyphy/ptII/lib/java_cup.jar:/home/travis/build/icyphy/ptII/lib/saxon8.jar:/home/travis/build/icyphy/ptII/lib/saxon8-dom.jar:/home/travis/build/icyphy/ptII/lib/chic.jar:/home/travis/build/icyphy/ptII/lib/ptcolt.jar:/home/travis/build/icyphy/ptII/vendors/misc/itext/iText.jar:/home/travis/build/icyphy/ptII/lib/g4ltl.jar:/home/travis/build/icyphy/ptII/lib/StructuralCoder.jar:/home/travis/build/icyphy/ptII/vendors/jai-1_1_2_01/lib/jai_core.jar:/home/travis/build/icyphy/ptII/vendors/jai-1_1_2_01/lib/jai_codec.jar:/home/travis/build/icyphy/ptII/lib/jcerti.jar:/home/travis/build/icyphy/ptII/lib/javax.mail.jar:/home/travis/build/icyphy/ptII/vendors/JMF-2.1.1e/lib/jmf.jar:/home/travis/build/icyphy/ptII/lib/jna-4.0.0-variadic.jar:/home/travis/build/icyphy/ptII/vendors/misc/joystick/Joystick.jar:/home/travis/build/icyphy/ptII/lib/ptjacl.jar:/home/travis/build/icyphy/ptII/lib/jsoup-1.8.2.jar:/home/travis/build/icyphy/ptII/lib/junit-4.8.2.jar:/home/travis/build/icyphy/ptII/lib/JUnitParams-0.4.0.jar:/home/travis/build/icyphy/ptII/ptolemy/actor/lib/excel/jxl.jar:/home/travis/build/icyphy/ptII/lib/jython.jar:/home/travis/build/icyphy/ptII/lib/kieler.jar:/home/travis/build/icyphy/ptII/vendors/opencv/share/OpenCV/java/opencv-341.jar:/home/travis/build/icyphy/ptII/lib/oscP5.jar:/home/travis/build/icyphy/ptII/lib/nrjavaserial-3.11.0.devel.jar:/home/travis/build/icyphy/ptII/vendors/j3d/lib/j3dcore.jar:/home/travis/build/icyphy/ptII/vendors/j3d/lib/j3dutils.jar:/home/travis/build/icyphy/ptII/vendors/j3d/lib/vecmath.jar:/home/travis/build/icyphy/ptII/ptolemy/distributed/jini/jar/jini-core.jar:/home/travis/build/icyphy/ptII/ptolemy/distributed/jini/jar/jini-ext.jar:/home/travis/build/icyphy/ptII/ptolemy/distributed/jini/jar/sun-util.jar:/home/travis/build/icyphy/ptII/lib/protobuf-java-2.4.1.jar:/home/travis/build/icyphy/ptII/lib/org.eclipse.paho.client.mqttv3.jar:/home/travis/build/icyphy/ptII/lib/mapss.jar:/home/travis/build/icyphy/ptII/ptolemy/actor/ptalon/antlr/antlr.jar:/home/travis/build/icyphy/ptII/lib/JRI.jar:/home/travis/build/icyphy/ptII/lib/commons-lang-2.6.jar:/home/travis/build/icyphy/ptII/lib/commons-logging-1.1.1.jar:/home/travis/build/icyphy/ptII/lib/sootclasses.jar:/home/travis/build/icyphy/ptII/ptolemy/actor/lib/database/mysql-connector-java-5.1.6-bin.jar:/home/travis/build/icyphy/ptII/vendors/misc/sphinx4/sphinx4-data-5prealpha.jar:/home/travis/build/icyphy/ptII/vendors/misc/sphinx4/sphinx4-core-5prealpha.jar:/home/travis/build/icyphy/ptII/lib/PDFRenderer.jar:/home/travis/build/icyphy/ptII/lib/svgSalamander.jar:/home/travis/build/icyphy/ptII/lib/rsyntaxtextarea-2.6.0-SNAPSHOT.jar:/home/travis/build/icyphy/ptII/lib/hazelcast-3.8.2.jar:/home/travis/build/icyphy/ptII/lib/jackson-annotations-2.9.0.jar:/home/travis/build/icyphy/ptII/lib/jackson-core-2.9.3.jar:/home/travis/build/icyphy/ptII/lib/jackson-databind-2.9.3.jar:/home/travis/build/icyphy/ptII/lib/netty-buffer-4.1.19.Final.jar:/home/travis/build/icyphy/ptII/lib/netty-codec-4.1.19.Final.jar:/home/travis/build/icyphy/ptII/lib/netty-codec-dns-4.1.19.Final.jar:/home/travis/build/icyphy/ptII/lib/netty-codec-http-4.1.19.Final.jar:/home/travis/build/icyphy/ptII/lib/netty-codec-http2-4.1.19.Final.jar:/home/travis/build/icyphy/ptII/lib/netty-common-4.1.19.Final.jar:/home/travis/build/icyphy/ptII/lib/netty-handler-4.1.19.Final.jar:/home/travis/build/icyphy/ptII/lib/netty-resolver-4.1.19.Final.jar:/home/travis/build/icyphy/ptII/lib/netty-resolver-dns-4.1.19.Final.jar:/home/travis/build/icyphy/ptII/lib/netty-transport-4.1.19.Final.jar:/home/travis/build/icyphy/ptII/lib/vertx-codegen-3.5.1.jar:/home/travis/build/icyphy/ptII/lib/vertx-core-3.5.2-SNAPSHOT.jar:/home/travis/build/icyphy/ptII/lib/vertx-hazelcast-3.5.1.jar:/home/travis/build/icyphy/ptII/lib/vertx-lang-js-3.5.1.jar:/home/travis/build/icyphy/ptII/lib/vertx-service-proxy-3.5.1.jar:/home/travis/build/icyphy/ptII/lib/vertx-web-3.5.1.jar:/home/travis/build/icyphy/ptII/lib/slf4j-api-1.7.13.jar:/home/travis/build/icyphy/ptII/lib/slf4j-simple-1.7.13.jar:/home/travis/build/icyphy/ptII/lib/webcam-capture-0.3.12.jar:/home/travis/build/icyphy/ptII/lib/bridj-0.7.0.jar:/home/travis/build/icyphy/ptII/lib/xbjlib-1.1.0.nrjavaserial.jar" />
    <property name="timeout" value="2400000" />
    <property name="test.batch" value="**/junit/*.java" />
    <property name="env._" value="/usr/bin/timeout" />
    <property name="java.io.tmpdir" value="/tmp" />
    <property name="user.language" value="en" />
    <property name="env.TRAVIS_INTERNAL_RUBY_REGEX" value="^ruby-(2\.[0-4]\.[0-9]|1\.9\.3)" />
    <property name="env.HISTCONTROL" value="ignoredups:ignorespace" />
    <property name="env.GOROOT" value="/home/travis/.gimme/versions/go1.11.1.linux.amd64" />
    <property name="line.separator" value="&#xa;" />
    <property name="target" value="11" />
    <property name="env.TRAVIS_BUILD_DIR" value="/home/travis/build/icyphy/ptII" />
    <property name="env.ANT_OPTS" value="-Xmx2048m" />
    <property name="ant.file.type" value="file" />
    <property name="ptolemy.ptII.batchMode" value="true" />
    <property name="env.HISTSIZE" value="1000" />
    <property name="env.MERB_ENV" value="test" />
    <property name="java.vm.info" value="mixed mode" />
    <property name="source" value="11" />
    <property name="java.vm.specification.name" value="Java Virtual Machine Specification" />
    <property name="env.TRAVIS_TEST_RESULT" value="0" />
    <property name="jsdoc.command" value="node_modules/@terraswarm/jsdoc/jsdoc.js" />
    <property name="npm.works" value="true" />
    <property name="cobertura.dir" value="/home/travis/build/icyphy/ptII/vendors/cobertura-2.0.3" />
    <property name="jsdoc.command.exists" value="true" />
    <property name="env.rvm_path" value="/home/travis/.rvm" />
    <property name="env.GEM_PATH" value="/home/travis/.rvm/gems/ruby-2.5.3:/home/travis/.rvm/gems/ruby-2.5.3@global" />
    <property name="env.LC_CTYPE" value="en_US.UTF-8" />
    <property name="env.TRAVIS_CMD" value="$PTII/bin/ptIITravisBuild.sh $SECONDS" />
    <property name="java.awt.printerjob" value="sun.print.PSPrinterJob" />
    <property name="env.TRAVIS_STACK_NAME" value="sardonyx" />
    <property name="env.TRAVIS_TIMER_START_TIME" value="1562719411318251390" />
    <property name="ant.version" value="Apache Ant(TM) version 1.10.1 compiled on February 2 2017" />
    <property name="ptII.reports" value="/home/travis/build/icyphy/ptII/reports" />
    <property name="env.TRAVIS_STACK_TIMESTAMP" value="2019-03-25 16:16:56 UTC" />
    <property name="ant.file.type.ptII" value="file" />
    <property name="env.RBENV_SHELL" value="bash" />
    <property name="os.name" value="Linux" />
    <property name="java.specification.vendor" value="Oracle Corporation" />
    <property name="env.rvm_version" value="1.29.7 (latest)" />
    <property name="env.TRAVIS_INFRA" value="gce" />
    <property name="env.TERM" value="xterm" />
    <property name="java.vm.name" value="OpenJDK 64-Bit Server VM" />
    <property name="env.TRAVIS_BUILD_NUMBER" value="1203" />
    <property name="env.CI" value="true" />
    <property name="java.library.path" value="/home/travis/pthla/certi-tools/lib:/usr/lib/jni:/usr/local/share/OpenCV/java/:/usr/share/OpenCV/java::/usr/java/packages/lib:/usr/lib64:/lib64:/lib:/usr/lib" />
    <property name="env.rvm_prefix" value="/home/travis" />
    <property name="env.PATH" value="/home/travis/pthla/certi-tools/share/scripts:/home/travis/.rvm/gems/ruby-2.5.3/bin:/home/travis/.rvm/gems/ruby-2.5.3@global/bin:/home/travis/.rvm/rubies/ruby-2.5.3/bin:/home/travis/.rvm/bin:/home/travis/.nvm/versions/node/v7.10.1/bin:./node_modules/.bin:/home/travis/build/icyphy/ptII/bin:/home/travis/pthla/certi-tools/bin:/home/travis/bin:/home/travis/.local/bin:/usr/local/lib/jvm/openjdk11/bin:/opt/pyenv/shims:/home/travis/.phpenv/shims:/home/travis/perl5/perlbrew/bin:/home/travis/gopath/bin:/home/travis/.gimme/versions/go1.11.1.linux.amd64/bin:/usr/local/maven-3.6.0/bin:/usr/local/cmake-3.12.4/bin:/usr/local/clang-7.0.0/bin:/usr/local/sbin:/usr/local/bin:/usr/sbin:/usr/bin:/sbin:/bin:/snap/bin:/home/travis/.phpenv/bin:/opt/pyenv/bin:/home/travis/.yarn/bin" />
    <property name="env.TRAVIS_OS_NAME" value="linux" />
    <property name="ant.java.version" value="9" />
    <property name="basedir" value="/home/travis/build/icyphy/ptII" />
    <property name="java.class.version" value="55.0" />
    <property name="env.SHLVL" value="3" />
    <property name="env.LD_LIBRARY_PATH" value="/home/travis/pthla/certi-tools/lib:/usr/lib/jni:/usr/local/share/OpenCV/java/:/usr/share/OpenCV/java:" />
    <property name="env.RACK_ENV" value="test" />
    <property name="ant.home" value="/home/travis/build/icyphy/ptII/ant" />
    <property name="env.NVM_DIR" value="/home/travis/.nvm" />
    <property name="env.CERTI_FOM_PATH" value="/home/travis/pthla/certi-tools/share/federations" />
    <property name="env.TRAVIS_BUILD_ID" value="556568185" />
    <property name="env.PYENV_ROOT" value="/opt/pyenv" />
    <property name="env.TRAVIS_UID" value="2000" />
    <property name="env.NVM_BIN" value="/home/travis/.nvm/versions/node/v7.10.1/bin" />
    <property name="env.TRAVIS_COMMIT" value="4e78ed00ce487c8b6032cfead01d89898a57a0c9" />
    <property name="env._system_arch" value="x86_64" />
    <property name="node.executable" value="node" />
    <property name="sun.boot.library.path" value="/usr/local/lib/jvm/openjdk11/lib" />
    <property name="sun.management.compiler" value="HotSpot 64-Bit Tiered Compilers" />
    <property name="java.awt.graphicsenv" value="sun.awt.X11GraphicsEnvironment" />
    <property name="env.GOPATH" value="/home/travis/gopath" />
    <property name="ptolemy.ptII.dir" value="/home/travis/build/icyphy/ptII" />
    <property name="env.USER" value="travis" />
    <property name="env.HISTFILESIZE" value="2000" />
    <property name="timeout.longest" value="19000000" />
    <property name="env.PERLBREW_SHELLRC_VERSION" value="0.86" />
    <property name="env.TRAVIS_STACK_FEATURES" value="basic couchdb disabled-ipv6 docker docker-compose elasticsearch firefox go-toolchain google-chrome jdk memcached mongodb mysql nodejs_interpreter perl_interpreter perlbrew phantomjs postgresql python_interpreter redis ruby_interpreter sqlite xserver" />
    <property name="env.TRAVIS_PULL_REQUEST" value="false" />
    <property name="env.PYENV_SHELL" value="bash" />
    <property name="ant.project.name" value="ptII" />
    <property name="env.ANSI_RESET" value="\033[0m" />
    <property name="java.vm.specification.version" value="11" />
    <property name="env.TRAVIS_DIST" value="xenial" />
    <property name="env.CERTI_VERSION" value="4.0.0" />
    <property name="env.CERTI_HOST" value="localhost" />
    <property name="awt.toolkit" value="sun.awt.X11.XToolkit" />
    <property name="env.MY_RUBY_HOME" value="/home/travis/.rvm/rubies/ruby-2.5.3" />
    <property name="sun.cpu.isalist" value="" />
    <property name="env.TRAVIS_TMPDIR" value="/tmp/tmp.3UCaWQ9Hhl" />
    <property name="java.vm.compressedOopsMode" value="Zero based" />
    <property name="os.version" value="4.15.0-1028-gcp" />
    <property name="user.home" value="/home/travis" />
    <property name="java.vm.vendor" value="Oracle Corporation" />
    <property name="env.TRAVIS_TAG" value="nightly" />
    <property name="env.ANSI_YELLOW" value="\033[33;1m" />
    <property name="env.TRAVIS_FILTERED" value="redirect_io" />
    <property name="env.ANSI_GREEN" value="\033[32;1m" />
    <property name="env.JAVA_HOME" value="/usr/local/lib/jvm/openjdk11" />
    <property name="javadoc.excludepackagenames" value="adm.cvs2svn.*,build.*,config.*,doc.coding.templates.*,jni.test.jni.meaningOfLife.*,jni.test.jni.testDeux.*,jni.test.jni.testTrois.*,org.terraswarm.accessor.accessors.web.node_modules.*,org.terraswarm.accessor.accessors.web.hosts.cordova.demo.*,org.terraswarm.accessor.accessors.web.hosts.cordova.plugins.*,org.terraswarm.accessor.accessors-svn.*,pt-modules.*,ptolemy.apps.agilent.*,ptolemy.apps.anytimecontrol.*,ptolemy.apps.apes.*,ptolemy.apps.charon.*,ptolemy.apps.crazyboard.*,ptolemy.apps.eclipse.*,ptolemy.apps.etherealSting.*,ptolemy.apps.fullscreen.*,ptolemy.apps.giotto.*,ptolemy.apps.ia.*,ptolemy.apps.interfaces.*,ptolemy.apps.jmf.*,ptolemy.apps.kurt.*,ptolemy.apps.kvm.*,ptolemy.apps.lego.*,ptolemy.apps.lejos.*,ptolemy.apps.midp.*,ptolemy.apps.mobileCoding.*,ptolemy.apps.pendulum.*,ptolemy.apps.rijndael.*,ptolemy.apps.robot.*,ptolemy.apps.security.*,ptolemy.apps.sobel.*,ptolemy.apps.soot.*,ptolemy.apps.throttle.*,ptolemy.apps.tini.*,ptolemy.apps.transmission.*,ptolemy.apps.vergil.*,ptolemy.apps.waba.*,ptolemy.apps.websensor.*,ptolemy.apps.webstart.*,ptolemy.apps.xsl.*,ptolemy.apps.zaurus.*,ptolemy.codegen.c.actor.lib.oldJavaFiles.*,ptolemy.codegen.dsp.lib.*,ptolemy.codegen.kernel.newInterfaces.*,ptolemy.codegen.lib.*,ptolemy.copernicus.kernel.fragment.*,ptolemy.copernicus.shallow.cg.*,ptolemy.domains.giotto.demo.Hierarchy.Hierarchy.*,ptolemy.domains.giotto.demo.Multimode.Multimode.*,ptolemy.domains.giotto.demo.Simple.Simple.*,ptolemy.domains.gr.lib.experimental.*,ptolemy.domains.gro.*,ptolemy.domains.pdf.*,ptolemy.domains.ptinyos.demo.Surge.output.*,ptolemy.moml.test.NoPackageActor.java*,ptolemy.plot.adm.*,ptolemy.plot.servlet.*,reports.*,signed.*,src.*,target.*,vendors.*,ptolemy.copernicus.applet.*,ptolemy.media.viewer.*,ptolemy.actor.corba.*,doc.doclets.*,ptolemy.apps.eclipse.awt.*,ptolemy.backtrack.*,ptolemy.backtrack.ast.*,ptolemy.cg.adapter.generic.program.procedural.c.mbed*,ptolemy.homer.*,ptolemy.actor.lib.jjs.modules.audio.*,org.ptolemy.scala.*,diva.util.java2d.svg.*,ptolemy.domains.ptinyos.*,ptolemy.actor.lib.fmi.fmipp.*,,org.terraswarm.accessor.accessors.web.node_modules.*,org.terraswarm.accessor.accessors-svn,ptolemy.apps.*,ptolemy.actor.ptalon.demo.ptinyos.SendAndReceiveCnt.output,ptolemy.actor.ptalon.demo.ptinyos.SenseToLeds.output,ptolemy.domains.ptinyos.demo.CntToLedsAndRfm.output,ptolemy.domains.ptinyos.demo.RfmToLeds.output,ptolemy.domains.ptinyos.demo.SendAndReceiveCnt.output,ptolemy.domains.ptinyos.demo.SenseToLeds.output,ptolemy.actor.lib.jjs.modules.udpSocket.*" />
    <property name="env.PTII" value="/home/travis/build/icyphy/ptII" />
    <property name="env.XDG_SESSION_ID" value="2" />
    <property name="keystore" value="ptKeystore" />
    <property name="env.TRAVIS_COMMIT_MESSAGE" value="JDK 11 does not include JavaFX, see https://www.infoworld.com/article/3305073/removed-from-jdk-11-javafx-11-arrives-as-a-standalone-module.html.  So we use JDK 10." />
    <property name="junit.output.dir" value="/home/travis/build/icyphy/ptII/reports/junit" />
    <property name="npm.return.code" value="0" />
    <property name="user.dir" value="/home/travis/build/icyphy/ptII/ptolemy/actor/lib/test" />
    <property name="env.TRAVIS_NODE_VERSION" value="7" />
    <property name="env.TRAVIS_EVENT_TYPE" value="push" />
    <property name="env.MAIL" value="/var/mail/travis" />
    <property name="env.PERLBREW_ROOT" value="/home/travis/perl5/perlbrew" />
    <property name="env.PWD" value="/home/travis/build/icyphy/ptII" />
    <property name="timeout.npm" value="45000" />
    <property name="env.TRAVIS_ARCH" value="amd64" />
    <property name="sun.cpu.endian" value="little" />
    <property name="env.PAGER" value="cat" />
    <property name="env.TRAVIS_BUILD_STAGE_NAME" value="Test" />
    <property name="env.PERLBREW_HOME" value="/home/travis/.perlbrew" />
    <property name="java.vm.version" value="11.0.2+9" />
    <property name="env.RAILS_ENV" value="test" />
    <property name="java.class.path" value="/home/travis/.ptolemyII:/home/travis/.ptolemyII/*:/home/travis/build/icyphy/ptII:/home/travis/build/icyphy/ptII/lib/bsh-2.0b4.jar:/home/travis/build/icyphy/ptII/lib/ptCal.jar:/home/travis/build/icyphy/ptII/lib/java_cup.jar:/home/travis/build/icyphy/ptII/lib/saxon8.jar:/home/travis/build/icyphy/ptII/lib/saxon8-dom.jar:/home/travis/build/icyphy/ptII/lib/chic.jar:/home/travis/build/icyphy/ptII/lib/ptcolt.jar:/home/travis/build/icyphy/ptII/vendors/misc/itext/iText.jar:/home/travis/build/icyphy/ptII/lib/g4ltl.jar:/home/travis/build/icyphy/ptII/lib/StructuralCoder.jar:/home/travis/build/icyphy/ptII/vendors/jai-1_1_2_01/lib/jai_core.jar:/home/travis/build/icyphy/ptII/vendors/jai-1_1_2_01/lib/jai_codec.jar:/home/travis/build/icyphy/ptII/lib/jcerti.jar:/home/travis/build/icyphy/ptII/lib/javax.mail.jar:/home/travis/build/icyphy/ptII/vendors/JMF-2.1.1e/lib/jmf.jar:/home/travis/build/icyphy/ptII/lib/jna-4.0.0-variadic.jar:/home/travis/build/icyphy/ptII/vendors/misc/joystick/Joystick.jar:/home/travis/build/icyphy/ptII/lib/ptjacl.jar:/home/travis/build/icyphy/ptII/lib/jsoup-1.8.2.jar:/home/travis/build/icyphy/ptII/lib/junit-4.8.2.jar:/home/travis/build/icyphy/ptII/lib/JUnitParams-0.4.0.jar:/home/travis/build/icyphy/ptII/ptolemy/actor/lib/excel/jxl.jar:/home/travis/build/icyphy/ptII/lib/jython.jar:/home/travis/build/icyphy/ptII/lib/kieler.jar:/home/travis/build/icyphy/ptII/vendors/opencv/share/OpenCV/java/opencv-341.jar:/home/travis/build/icyphy/ptII/lib/oscP5.jar:/home/travis/build/icyphy/ptII/lib/nrjavaserial-3.11.0.devel.jar:/home/travis/build/icyphy/ptII/vendors/j3d/lib/j3dcore.jar:/home/travis/build/icyphy/ptII/vendors/j3d/lib/j3dutils.jar:/home/travis/build/icyphy/ptII/vendors/j3d/lib/vecmath.jar:/home/travis/build/icyphy/ptII/ptolemy/distributed/jini/jar/jini-core.jar:/home/travis/build/icyphy/ptII/ptolemy/distributed/jini/jar/jini-ext.jar:/home/travis/build/icyphy/ptII/ptolemy/distributed/jini/jar/sun-util.jar:/home/travis/build/icyphy/ptII/lib/protobuf-java-2.4.1.jar:/home/travis/build/icyphy/ptII/lib/org.eclipse.paho.client.mqttv3.jar:/home/travis/build/icyphy/ptII/lib/mapss.jar:/home/travis/build/icyphy/ptII/ptolemy/actor/ptalon/antlr/antlr.jar:/home/travis/build/icyphy/ptII/lib/JRI.jar:/home/travis/build/icyphy/ptII/lib/commons-lang-2.6.jar:/home/travis/build/icyphy/ptII/lib/commons-logging-1.1.1.jar:/home/travis/build/icyphy/ptII/lib/sootclasses.jar:/home/travis/build/icyphy/ptII/ptolemy/actor/lib/database/mysql-connector-java-5.1.6-bin.jar:/home/travis/build/icyphy/ptII/vendors/misc/sphinx4/sphinx4-data-5prealpha.jar:/home/travis/build/icyphy/ptII/vendors/misc/sphinx4/sphinx4-core-5prealpha.jar:/home/travis/build/icyphy/ptII/lib/PDFRenderer.jar:/home/travis/build/icyphy/ptII/lib/svgSalamander.jar:/home/travis/build/icyphy/ptII/lib/rsyntaxtextarea-2.6.0-SNAPSHOT.jar:/home/travis/build/icyphy/ptII/lib/hazelcast-3.8.2.jar:/home/travis/build/icyphy/ptII/lib/jackson-annotations-2.9.0.jar:/home/travis/build/icyphy/ptII/lib/jackson-core-2.9.3.jar:/home/travis/build/icyphy/ptII/lib/jackson-databind-2.9.3.jar:/home/travis/build/icyphy/ptII/lib/netty-buffer-4.1.19.Final.jar:/home/travis/build/icyphy/ptII/lib/netty-codec-4.1.19.Final.jar:/home/travis/build/icyphy/ptII/lib/netty-codec-dns-4.1.19.Final.jar:/home/travis/build/icyphy/ptII/lib/netty-codec-http-4.1.19.Final.jar:/home/travis/build/icyphy/ptII/lib/netty-codec-http2-4.1.19.Final.jar:/home/travis/build/icyphy/ptII/lib/netty-common-4.1.19.Final.jar:/home/travis/build/icyphy/ptII/lib/netty-handler-4.1.19.Final.jar:/home/travis/build/icyphy/ptII/lib/netty-resolver-4.1.19.Final.jar:/home/travis/build/icyphy/ptII/lib/netty-resolver-dns-4.1.19.Final.jar:/home/travis/build/icyphy/ptII/lib/netty-transport-4.1.19.Final.jar:/home/travis/build/icyphy/ptII/lib/vertx-codegen-3.5.1.jar:/home/travis/build/icyphy/ptII/lib/vertx-core-3.5.2-SNAPSHOT.jar:/home/travis/build/icyphy/ptII/lib/vertx-hazelcast-3.5.1.jar:/home/travis/build/icyphy/ptII/lib/vertx-lang-js-3.5.1.jar:/home/travis/build/icyphy/ptII/lib/vertx-service-proxy-3.5.1.jar:/home/travis/build/icyphy/ptII/lib/vertx-web-3.5.1.jar:/home/travis/build/icyphy/ptII/lib/slf4j-api-1.7.13.jar:/home/travis/build/icyphy/ptII/lib/slf4j-simple-1.7.13.jar:/home/travis/build/icyphy/ptII/lib/webcam-capture-0.3.12.jar:/home/travis/build/icyphy/ptII/lib/bridj-0.7.0.jar:/home/travis/build/icyphy/ptII/lib/xbjlib-1.1.0.nrjavaserial.jar:/home/travis/build/icyphy/ptII/ptolemy/moml/test:/home/travis/build/icyphy/ptII/ant/lib/ant-launcher.jar:/home/travis/build/icyphy/ptII/ant/lib/ant.jar:/home/travis/build/icyphy/ptII/ant/lib/ant-junit.jar:/home/travis/build/icyphy/ptII/ant/lib/ant-junit4.jar" />
    <property name="ant.library.dir" value="/home/travis/build/icyphy/ptII/ant/lib" />
    <property name="os.arch" value="amd64" />
    <property name="env.CONTINUOUS_INTEGRATION" value="true" />
    <property name="env.TRAVIS_LANGUAGE" value="node_js" />
    <property name="env.TRAVIS_STACK_LANGUAGES" value="__sardonyx__ c c++ clojure cplusplus cpp default generic go groovy java node_js php pure_java python ruby scala" />
    <property name="test.name" value="ptolemy.actor.lib.test.junit.JUnitTclTest" />
    <property name="env.APT_KEY_DONT_WARN_ON_DANGEROUS_USAGE" value="1" />
    <property name="sun.java.launcher" value="SUN_STANDARD" />
    <property name="env.PYTHON_CONFIGURE_OPTS" value="--enable-unicode=ucs4 --with-wide-unicode --enable-shared --enable-ipv6 --enable-loadable-sqlite-extensions --with-computed-gotos" />
    <property name="ant.core.lib" value="/home/travis/build/icyphy/ptII/ant/lib/ant.jar" />
    <property name="java.vm.specification.vendor" value="Oracle Corporation" />
    <property name="env.BCVTB_HOME" value="/home/travis/build/icyphy/ptII/lbnl" />
    <property name="file.separator" value="/" />
    <property name="spotbugs.home" value="/home/travis/build/icyphy/ptII/vendors/spotbugs-3.1.1" />
    <property name="java.runtime.version" value="11.0.2+9" />
    <property name="env.ANSI_CLEAR" value="\033[0K" />
    <property name="env.HAS_JOSH_K_SEAL_OF_APPROVAL" value="true" />
    <property name="env.XDG_RUNTIME_DIR" value="/run/user/2000" />
    <property name="env.TRAVIS_OSX_IMAGE" value="" />
    <property name="env.TRAVIS_JOB_ID" value="556568193" />
    <property name="env.TRAVIS_BRANCH" value="master" />
    <property name="user.country" value="US" />
    <property name="env.CERTI_HOME_TRAVIS" value="/home/travis/pthla/certi-tools" />
    <property name="env.SHELL" value="/bin/bash" />
    <property name="java.maxmemory.large" value="5000m" />
    <property name="model" value="" />
    <property name="env.CASHER_DIR" value="/home/travis/.casher" />
    <property name="env.NVM_CD_FLAGS" value="" />
    <property name="java.vendor.version" value="18.9" />
    <property name="jshint.executable" value="/home/travis/node_modules/jshint/bin/jshint" />
    <property name="env.JRUBY_OPTS" value=" --client -J-XX:+TieredCompilation -J-XX:TieredStopAtLevel=1 -J-Xss2m -Xcompile.invokedynamic=false" />
    <property name="java.vendor" value="Oracle Corporation" />
    <property name="env.TRAVIS_PRE_CHEF_BOOTSTRAP_TIME" value="2019-03-25T16:16:42" />
    <property name="env.TRAVIS_STACK_JOB_BOARD_REGISTER" value="/.job-board-register.yml" />
    <property name="env.ANSI_RED" value="\033[31;1m" />
    <property name="java.specification.version" value="11" />
    <property name="env.IRBRC" value="/home/travis/.rvm/rubies/ruby-2.5.3/.irbrc" />
    <property name="env.TRAVIS" value="true" />
    <property name="sun.arch.data.model" value="64" />
  </properties>
  <testcase classname="ptolemy.util.test.junit.TclTests" name="[0] /home/travis/build/icyphy/ptII/ptolemy/actor/lib/test/AbsoluteValue.tcl (RunTclFile)" time="0.592" />
  <testcase classname="ptolemy.util.test.junit.TclTests" name="[1] /home/travis/build/icyphy/ptII/ptolemy/actor/lib/test/AddSubtract.tcl (RunTclFile)" time="0.215" />
  <testcase classname="ptolemy.util.test.junit.TclTests" name="[2] /home/travis/build/icyphy/ptII/ptolemy/actor/lib/test/Average.tcl (RunTclFile)" time="0.073" />
  <testcase classname="ptolemy.util.test.junit.TclTests" name="[3] /home/travis/build/icyphy/ptII/ptolemy/actor/lib/test/Bernoulli.tcl (RunTclFile)" time="0.025" />
  <testcase classname="ptolemy.util.test.junit.TclTests" name="[4] /home/travis/build/icyphy/ptII/ptolemy/actor/lib/test/Clock.tcl (RunTclFile)" time="0.112" />
  <testcase classname="ptolemy.util.test.junit.TclTests" name="[5] /home/travis/build/icyphy/ptII/ptolemy/actor/lib/test/Commutator.tcl (RunTclFile)" time="0.137" />
  <testcase classname="ptolemy.util.test.junit.TclTests" name="[6] /home/travis/build/icyphy/ptII/ptolemy/actor/lib/test/Const.tcl (RunTclFile)" time="0.16" />
  <testcase classname="ptolemy.util.test.junit.TclTests" name="[7] /home/travis/build/icyphy/ptII/ptolemy/actor/lib/test/CurrentTime.tcl (RunTclFile)" time="0.038" />
  <testcase classname="ptolemy.util.test.junit.TclTests" name="[8] /home/travis/build/icyphy/ptII/ptolemy/actor/lib/test/DB.tcl (RunTclFile)" time="0.035" />
  <testcase classname="ptolemy.util.test.junit.TclTests" name="[9] /home/travis/build/icyphy/ptII/ptolemy/actor/lib/test/DiscreteRandomSource.tcl (RunTclFile)" time="0.062" />
  <testcase classname="ptolemy.util.test.junit.TclTests" name="[10] /home/travis/build/icyphy/ptII/ptolemy/actor/lib/test/Distributor.tcl (RunTclFile)" time="0.078" />
  <testcase classname="ptolemy.util.test.junit.TclTests" name="[11] /home/travis/build/icyphy/ptII/ptolemy/actor/lib/test/Exit.tcl (RunTclFile)" time="0.123" />
  <testcase classname="ptolemy.util.test.junit.TclTests" name="[12] /home/travis/build/icyphy/ptII/ptolemy/actor/lib/test/Expression.tcl (RunTclFile)" time="0.153" />
  <testcase classname="ptolemy.util.test.junit.TclTests" name="[13] /home/travis/build/icyphy/ptII/ptolemy/actor/lib/test/Gaussian.tcl (RunTclFile)" time="0.248" />
  <testcase classname="ptolemy.util.test.junit.TclTests" name="[14] /home/travis/build/icyphy/ptII/ptolemy/actor/lib/test/IIR.tcl (RunTclFile)" time="0.039" />
  <testcase classname="ptolemy.util.test.junit.TclTests" name="[15] /home/travis/build/icyphy/ptII/ptolemy/actor/lib/test/Interpolator.tcl (RunTclFile)" time="0.106" />
  <testcase classname="ptolemy.util.test.junit.TclTests" name="[16] /home/travis/build/icyphy/ptII/ptolemy/actor/lib/test/MathFunction.tcl (RunTclFile)" time="0.083" />
  <testcase classname="ptolemy.util.test.junit.TclTests" name="[17] /home/travis/build/icyphy/ptII/ptolemy/actor/lib/test/Maximum.tcl (RunTclFile)" time="0.034" />
  <testcase classname="ptolemy.util.test.junit.TclTests" name="[18] /home/travis/build/icyphy/ptII/ptolemy/actor/lib/test/Minimum.tcl (RunTclFile)" time="0.032" />
  <testcase classname="ptolemy.util.test.junit.TclTests" name="[19] /home/travis/build/icyphy/ptII/ptolemy/actor/lib/test/MultiplyDivide.tcl (RunTclFile)" time="0.049" />
  <testcase classname="ptolemy.util.test.junit.TclTests" name="[20] /home/travis/build/icyphy/ptII/ptolemy/actor/lib/test/OrderedMerge.tcl (RunTclFile)" time="0.125" />
  <testcase classname="ptolemy.util.test.junit.TclTests" name="[21] /home/travis/build/icyphy/ptII/ptolemy/actor/lib/test/Publisher.tcl (RunTclFile)" time="0.993" />
  <testcase classname="ptolemy.util.test.junit.TclTests" name="[22] /home/travis/build/icyphy/ptII/ptolemy/actor/lib/test/Pulse.tcl (RunTclFile)" time="0.066" />
  <testcase classname="ptolemy.util.test.junit.TclTests" name="[23] /home/travis/build/icyphy/ptII/ptolemy/actor/lib/test/Ramp.tcl (RunTclFile)" time="2.213" />
  <testcase classname="ptolemy.util.test.junit.TclTests" name="[24] /home/travis/build/icyphy/ptII/ptolemy/actor/lib/test/RampContinuous.tcl (RunTclFile)" time="0.019" />
  <testcase classname="ptolemy.util.test.junit.TclTests" name="[25] /home/travis/build/icyphy/ptII/ptolemy/actor/lib/test/RecordAssembler.tcl (RunTclFile)" time="0.018" />
  <testcase classname="ptolemy.util.test.junit.TclTests" name="[26] /home/travis/build/icyphy/ptII/ptolemy/actor/lib/test/RecordDisassembler.tcl (RunTclFile)" time="0.032" />
  <testcase classname="ptolemy.util.test.junit.TclTests" name="[27] /home/travis/build/icyphy/ptII/ptolemy/actor/lib/test/Scale.tcl (RunTclFile)" time="0.057" />
  <testcase classname="ptolemy.util.test.junit.TclTests" name="[28] /home/travis/build/icyphy/ptII/ptolemy/actor/lib/test/SequentialClock.tcl (RunTclFile)" time="0.013" />
  <testcase classname="ptolemy.util.test.junit.TclTests" name="[29] /home/travis/build/icyphy/ptII/ptolemy/actor/lib/test/SetVariable.tcl (RunTclFile)" time="0.024">
    <failure message="Number of failed tests is has increased. expected:&lt;0&gt; but was:&lt;1&gt;" type="junit.framework.AssertionFailedError">junit.framework.AssertionFailedError: Number of failed tests is has increased. expected:&lt;0&gt; but was:&lt;1&gt;
	at ptolemy.util.test.junit.TclTests.RunTclFile(TclTests.java:286)
	at jdk.internal.reflect.GeneratedMethodAccessor19.invoke(Unknown Source)
	at java.base/jdk.internal.reflect.DelegatingMethodAccessorImpl.invoke(DelegatingMethodAccessorImpl.java:43)
	at junitparams.internal.InvokeParameterisedMethod.evaluate(InvokeParameterisedMethod.java:102)
	at junitparams.internal.ParameterisedTestMethodRunner.runMethodInvoker(ParameterisedTestMethodRunner.java:47)
	at junitparams.internal.ParameterisedTestMethodRunner.runTestMethod(ParameterisedTestMethodRunner.java:41)
	at junitparams.internal.ParameterisedTestClassRunner.runParameterisedTest(ParameterisedTestClassRunner.java:143)
	at junitparams.JUnitParamsRunner.runChild(JUnitParamsRunner.java:237)
	at junitparams.JUnitParamsRunner.runChild(JUnitParamsRunner.java:215)
</failure>
  </testcase>
  <testcase classname="ptolemy.util.test.junit.TclTests" name="[30] /home/travis/build/icyphy/ptII/ptolemy/actor/lib/test/Sinewave.tcl (RunTclFile)" time="0.028" />
  <testcase classname="ptolemy.util.test.junit.TclTests" name="[31] /home/travis/build/icyphy/ptII/ptolemy/actor/lib/test/SubscriptionAggregator.tcl (RunTclFile)" time="2.238" />
  <testcase classname="ptolemy.util.test.junit.TclTests" name="[32] /home/travis/build/icyphy/ptII/ptolemy/actor/lib/test/Test.tcl (RunTclFile)" time="0.087" />
  <testcase classname="ptolemy.util.test.junit.TclTests" name="[33] /home/travis/build/icyphy/ptII/ptolemy/actor/lib/test/TestExceptionHandler.tcl (RunTclFile)" time="0.014" />
  <testcase classname="ptolemy.util.test.junit.TclTests" name="[34] /home/travis/build/icyphy/ptII/ptolemy/actor/lib/test/UnionDisassembler.tcl (RunTclFile)" time="0.057" />
  <testcase classname="ptolemy.util.test.junit.TclTests" name="[35] /home/travis/build/icyphy/ptII/ptolemy/actor/lib/test/VariableClock.tcl (RunTclFile)" time="0.015" />
  <testcase classname="ptolemy.util.test.junit.AutoKnownFailedTests" name="[0] /home/travis/build/icyphy/ptII/ptolemy/actor/lib/test/auto/knownFailedTests/PublisherPortToplevelSubscriber.xml (RunModel)" time="0.027" />
  <testcase classname="ptolemy.util.test.junit.AutoKnownFailedTests" name="[1] /home/travis/build/icyphy/ptII/ptolemy/actor/lib/test/auto/knownFailedTests/PublisherSubscriberPortToplevel.xml (RunModel)" time="0.02" />
  <testcase classname="ptolemy.util.test.junit.AutoKnownFailedTests" name="[2] /home/travis/build/icyphy/ptII/ptolemy/actor/lib/test/auto/knownFailedTests/PublisherSubscriptionAggregatorPort.xml (RunModel)" time="0.022" />
  <testcase classname="ptolemy.util.test.junit.AutoKnownFailedTests" name="[3] /home/travis/build/icyphy/ptII/ptolemy/actor/lib/test/auto/knownFailedTests/sizedarray3.xml (RunModel)" time="0.034" />
  <testcase classname="ptolemy.util.test.junit.AutoNameArchTests" name="[0] ThereAreNoAutoArchTests (RunModel)" time="0.007" />
  <testcase classname="ptolemy.util.test.junit.AutoTests" name="[0] /home/travis/build/icyphy/ptII/ptolemy/actor/lib/test/auto/AbsoluteValue.xml (RunModel)" time="0.119" />
  <testcase classname="ptolemy.util.test.junit.AutoTests" name="[1] /home/travis/build/icyphy/ptII/ptolemy/actor/lib/test/auto/AbsoluteValue2.xml (RunModel)" time="0.029" />
  <testcase classname="ptolemy.util.test.junit.AutoTests" name="[2] /home/travis/build/icyphy/ptII/ptolemy/actor/lib/test/auto/Accumulator.xml (RunModel)" time="0.035" />
  <testcase classname="ptolemy.util.test.junit.AutoTests" name="[3] /home/travis/build/icyphy/ptII/ptolemy/actor/lib/test/auto/Accumulator2.xml (RunModel)" time="0.066" />
  <testcase classname="ptolemy.util.test.junit.AutoTests" name="[4] /home/travis/build/icyphy/ptII/ptolemy/actor/lib/test/auto/Accumulator3.xml (RunModel)" time="0.046" />
  <testcase classname="ptolemy.util.test.junit.AutoTests" name="[5] /home/travis/build/icyphy/ptII/ptolemy/actor/lib/test/auto/ArrayAppend.xml (RunModel)" time="0.075" />
  <testcase classname="ptolemy.util.test.junit.AutoTests" name="[6] /home/travis/build/icyphy/ptII/ptolemy/actor/lib/test/auto/ArrayAppend2.xml (RunModel)" time="0.452" />
  <testcase classname="ptolemy.util.test.junit.AutoTests" name="[7] /home/travis/build/icyphy/ptII/ptolemy/actor/lib/test/auto/ArrayAppend3.xml (RunModel)" time="0.05" />
  <testcase classname="ptolemy.util.test.junit.AutoTests" name="[8] /home/travis/build/icyphy/ptII/ptolemy/actor/lib/test/auto/ArrayAppend4.xml (RunModel)" time="0.049" />
  <testcase classname="ptolemy.util.test.junit.AutoTests" name="[9] /home/travis/build/icyphy/ptII/ptolemy/actor/lib/test/auto/ArrayAppend5.xml (RunModel)" time="0.025" />
  <testcase classname="ptolemy.util.test.junit.AutoTests" name="[10] /home/travis/build/icyphy/ptII/ptolemy/actor/lib/test/auto/ArrayAppend6.xml (RunModel)" time="0.025" />
  <testcase classname="ptolemy.util.test.junit.AutoTests" name="[11] /home/travis/build/icyphy/ptII/ptolemy/actor/lib/test/auto/ArrayAppendPerformanceTest.xml (RunModel)" time="0.075" />
  <testcase classname="ptolemy.util.test.junit.AutoTests" name="[12] /home/travis/build/icyphy/ptII/ptolemy/actor/lib/test/auto/ArrayAppendWithEmptyInput.xml (RunModel)" time="0.053" />
  <testcase classname="ptolemy.util.test.junit.AutoTests" name="[13] /home/travis/build/icyphy/ptII/ptolemy/actor/lib/test/auto/ArrayAverage.xml (RunModel)" time="0.036" />
  <testcase classname="ptolemy.util.test.junit.AutoTests" name="[14] /home/travis/build/icyphy/ptII/ptolemy/actor/lib/test/auto/ArrayContains.xml (RunModel)" time="0.025" />
  <testcase classname="ptolemy.util.test.junit.AutoTests" name="[15] /home/travis/build/icyphy/ptII/ptolemy/actor/lib/test/auto/ArrayElement.xml (RunModel)" time="0.026" />
  <testcase classname="ptolemy.util.test.junit.AutoTests" name="[16] /home/travis/build/icyphy/ptII/ptolemy/actor/lib/test/auto/ArrayElementAsMatrix.xml (RunModel)" time="0.064" />
  <testcase classname="ptolemy.util.test.junit.AutoTests" name="[17] /home/travis/build/icyphy/ptII/ptolemy/actor/lib/test/auto/ArrayElementI.xml (RunModel)" time="0.027" />
  <testcase classname="ptolemy.util.test.junit.AutoTests" name="[18] /home/travis/build/icyphy/ptII/ptolemy/actor/lib/test/auto/ArrayExtract.xml (RunModel)" time="0.044" />
  <testcase classname="ptolemy.util.test.junit.AutoTests" name="[19] /home/travis/build/icyphy/ptII/ptolemy/actor/lib/test/auto/ArrayExtract2.xml (RunModel)" time="0.019" />
  <testcase classname="ptolemy.util.test.junit.AutoTests" name="[20] /home/travis/build/icyphy/ptII/ptolemy/actor/lib/test/auto/ArrayLength.xml (RunModel)" time="0.029" />
  <testcase classname="ptolemy.util.test.junit.AutoTests" name="[21] /home/travis/build/icyphy/ptII/ptolemy/actor/lib/test/auto/ArrayLevelCrossing.xml (RunModel)" time="0.031" />
  <testcase classname="ptolemy.util.test.junit.AutoTests" name="[22] /home/travis/build/icyphy/ptII/ptolemy/actor/lib/test/auto/ArrayLevelCrossing2.xml (RunModel)" time="0.031" />
  <testcase classname="ptolemy.util.test.junit.AutoTests" name="[23] /home/travis/build/icyphy/ptII/ptolemy/actor/lib/test/auto/ArrayPeakSearch.xml (RunModel)" time="0.047" />
  <testcase classname="ptolemy.util.test.junit.AutoTests" name="[24] /home/travis/build/icyphy/ptII/ptolemy/actor/lib/test/auto/ArrayPeakSearch2.xml (RunModel)" time="0.058" />
  <testcase classname="ptolemy.util.test.junit.AutoTests" name="[25] /home/travis/build/icyphy/ptII/ptolemy/actor/lib/test/auto/ArrayPeakSearch3.xml (RunModel)" time="0.039" />
  <testcase classname="ptolemy.util.test.junit.AutoTests" name="[26] /home/travis/build/icyphy/ptII/ptolemy/actor/lib/test/auto/ArrayRemoveElement.xml (RunModel)" time="0.035" />
  <testcase classname="ptolemy.util.test.junit.AutoTests" name="[27] /home/travis/build/icyphy/ptII/ptolemy/actor/lib/test/auto/ArraySort.xml (RunModel)" time="0.059" />
  <testcase classname="ptolemy.util.test.junit.AutoTests" name="[28] /home/travis/build/icyphy/ptII/ptolemy/actor/lib/test/auto/ArraySum.xml (RunModel)" time="0.026" />
  <testcase classname="ptolemy.util.test.junit.AutoTests" name="[29] /home/travis/build/icyphy/ptII/ptolemy/actor/lib/test/auto/ArrayToElements.xml (RunModel)" time="0.027" />
  <testcase classname="ptolemy.util.test.junit.AutoTests" name="[30] /home/travis/build/icyphy/ptII/ptolemy/actor/lib/test/auto/ArrayToMatrix.xml (RunModel)" time="0.094" />
  <testcase classname="ptolemy.util.test.junit.AutoTests" name="[31] /home/travis/build/icyphy/ptII/ptolemy/actor/lib/test/auto/ArrayUpdate1.xml (RunModel)" time="0.044" />
  <testcase classname="ptolemy.util.test.junit.AutoTests" name="[32] /home/travis/build/icyphy/ptII/ptolemy/actor/lib/test/auto/ArrayUpdate2.xml (RunModel)" time="0.027" />
  <testcase classname="ptolemy.util.test.junit.AutoTests" name="[33] /home/travis/build/icyphy/ptII/ptolemy/actor/lib/test/auto/ArrayUpdate3.xml (RunModel)" time="0.015" />
  <testcase classname="ptolemy.util.test.junit.AutoTests" name="[34] /home/travis/build/icyphy/ptII/ptolemy/actor/lib/test/auto/Assert1.xml (RunModel)" time="0.025" />
  <testcase classname="ptolemy.util.test.junit.AutoTests" name="[35] /home/travis/build/icyphy/ptII/ptolemy/actor/lib/test/auto/Assert2.xml (RunModel)" time="0.014" />
  <testcase classname="ptolemy.util.test.junit.AutoTests" name="[36] /home/travis/build/icyphy/ptII/ptolemy/actor/lib/test/auto/BooleanMultiplexor.xml (RunModel)" time="0.016" />
  <testcase classname="ptolemy.util.test.junit.AutoTests" name="[37] /home/travis/build/icyphy/ptII/ptolemy/actor/lib/test/auto/BooleanMultiplexor2.xml (RunModel)" time="0.026" />
  <testcase classname="ptolemy.util.test.junit.AutoTests" name="[38] /home/travis/build/icyphy/ptII/ptolemy/actor/lib/test/auto/BooleanMultiplexor3.xml (RunModel)" time="0.021" />
  <testcase classname="ptolemy.util.test.junit.AutoTests" name="[39] /home/travis/build/icyphy/ptII/ptolemy/actor/lib/test/auto/BooleanSelect.xml (RunModel)" time="0.026" />
  <testcase classname="ptolemy.util.test.junit.AutoTests" name="[40] /home/travis/build/icyphy/ptII/ptolemy/actor/lib/test/auto/BooleanSelect2.xml (RunModel)" time="0.017" />
  <testcase classname="ptolemy.util.test.junit.AutoTests" name="[41] /home/travis/build/icyphy/ptII/ptolemy/actor/lib/test/auto/BooleanSwitch.xml (RunModel)" time="0.027" />
  <testcase classname="ptolemy.util.test.junit.AutoTests" name="[42] /home/travis/build/icyphy/ptII/ptolemy/actor/lib/test/auto/BooleanSwitch2.xml (RunModel)" time="0.03" />
  <testcase classname="ptolemy.util.test.junit.AutoTests" name="[43] /home/travis/build/icyphy/ptII/ptolemy/actor/lib/test/auto/BooleanSwitchCloningBugWithClassRelationGroup.xml (RunModel)" time="0.044" />
  <testcase classname="ptolemy.util.test.junit.AutoTests" name="[44] /home/travis/build/icyphy/ptII/ptolemy/actor/lib/test/auto/BusActors.xml (RunModel)" time="0.031" />
  <testcase classname="ptolemy.util.test.junit.AutoTests" name="[45] /home/travis/build/icyphy/ptII/ptolemy/actor/lib/test/auto/ClassWrapper.xml (RunModel)" time="0.013" />
  <testcase classname="ptolemy.util.test.junit.AutoTests" name="[46] /home/travis/build/icyphy/ptII/ptolemy/actor/lib/test/auto/Clock.xml (RunModel)" time="0.015" />
  <testcase classname="ptolemy.util.test.junit.AutoTests" name="[47] /home/travis/build/icyphy/ptII/ptolemy/actor/lib/test/auto/Clock10.xml (RunModel)" time="0.023" />
  <testcase classname="ptolemy.util.test.junit.AutoTests" name="[48] /home/travis/build/icyphy/ptII/ptolemy/actor/lib/test/auto/Clock11.xml (RunModel)" time="0.023" />
  <testcase classname="ptolemy.util.test.junit.AutoTests" name="[49] /home/travis/build/icyphy/ptII/ptolemy/actor/lib/test/auto/Clock12.xml (RunModel)" time="0.02" />
  <testcase classname="ptolemy.util.test.junit.AutoTests" name="[50] /home/travis/build/icyphy/ptII/ptolemy/actor/lib/test/auto/Clock13.xml (RunModel)" time="0.017" />
  <testcase classname="ptolemy.util.test.junit.AutoTests" name="[51] /home/travis/build/icyphy/ptII/ptolemy/actor/lib/test/auto/Clock14.xml (RunModel)" time="0.021" />
  <testcase classname="ptolemy.util.test.junit.AutoTests" name="[52] /home/travis/build/icyphy/ptII/ptolemy/actor/lib/test/auto/Clock15.xml (RunModel)" time="0.017" />
  <testcase classname="ptolemy.util.test.junit.AutoTests" name="[53] /home/travis/build/icyphy/ptII/ptolemy/actor/lib/test/auto/Clock16.xml (RunModel)" time="0.101" />
  <testcase classname="ptolemy.util.test.junit.AutoTests" name="[54] /home/travis/build/icyphy/ptII/ptolemy/actor/lib/test/auto/Clock17.xml (RunModel)" time="0.071" />
  <testcase classname="ptolemy.util.test.junit.AutoTests" name="[55] /home/travis/build/icyphy/ptII/ptolemy/actor/lib/test/auto/Clock18.xml (RunModel)" time="0.046" />
  <testcase classname="ptolemy.util.test.junit.AutoTests" name="[56] /home/travis/build/icyphy/ptII/ptolemy/actor/lib/test/auto/Clock19.xml (RunModel)" time="0.056" />
  <testcase classname="ptolemy.util.test.junit.AutoTests" name="[57] /home/travis/build/icyphy/ptII/ptolemy/actor/lib/test/auto/Clock2.xml (RunModel)" time="0.022" />
  <testcase classname="ptolemy.util.test.junit.AutoTests" name="[58] /home/travis/build/icyphy/ptII/ptolemy/actor/lib/test/auto/Clock20.xml (RunModel)" time="0.022" />
  <testcase classname="ptolemy.util.test.junit.AutoTests" name="[59] /home/travis/build/icyphy/ptII/ptolemy/actor/lib/test/auto/Clock21.xml (RunModel)" time="0.039" />
  <testcase classname="ptolemy.util.test.junit.AutoTests" name="[60] /home/travis/build/icyphy/ptII/ptolemy/actor/lib/test/auto/Clock22.xml (RunModel)" time="0.032" />
  <testcase classname="ptolemy.util.test.junit.AutoTests" name="[61] /home/travis/build/icyphy/ptII/ptolemy/actor/lib/test/auto/Clock23.xml (RunModel)" time="0.034" />
  <testcase classname="ptolemy.util.test.junit.AutoTests" name="[62] /home/travis/build/icyphy/ptII/ptolemy/actor/lib/test/auto/Clock24.xml (RunModel)" time="0.014" />
  <testcase classname="ptolemy.util.test.junit.AutoTests" name="[63] /home/travis/build/icyphy/ptII/ptolemy/actor/lib/test/auto/Clock4.xml (RunModel)" time="0.011" />
  <testcase classname="ptolemy.util.test.junit.AutoTests" name="[64] /home/travis/build/icyphy/ptII/ptolemy/actor/lib/test/auto/Clock5.xml (RunModel)" time="0.011" />
  <testcase classname="ptolemy.util.test.junit.AutoTests" name="[65] /home/travis/build/icyphy/ptII/ptolemy/actor/lib/test/auto/Clock6.xml (RunModel)" time="0.011" />
  <testcase classname="ptolemy.util.test.junit.AutoTests" name="[66] /home/travis/build/icyphy/ptII/ptolemy/actor/lib/test/auto/Clock7.xml (RunModel)" time="0.009" />
  <testcase classname="ptolemy.util.test.junit.AutoTests" name="[67] /home/travis/build/icyphy/ptII/ptolemy/actor/lib/test/auto/Clock8.xml (RunModel)" time="0.016" />
  <testcase classname="ptolemy.util.test.junit.AutoTests" name="[68] /home/travis/build/icyphy/ptII/ptolemy/actor/lib/test/auto/Clock9.xml (RunModel)" time="0.016" />
  <testcase classname="ptolemy.util.test.junit.AutoTests" name="[69] /home/travis/build/icyphy/ptII/ptolemy/actor/lib/test/auto/CommDistDiscard.xml (RunModel)" time="0.022" />
  <testcase classname="ptolemy.util.test.junit.AutoTests" name="[70] /home/travis/build/icyphy/ptII/ptolemy/actor/lib/test/auto/Commutator.xml (RunModel)" time="0.018" />
  <testcase classname="ptolemy.util.test.junit.AutoTests" name="[71] /home/travis/build/icyphy/ptII/ptolemy/actor/lib/test/auto/Commutator2.xml (RunModel)" time="0.01" />
  <testcase classname="ptolemy.util.test.junit.AutoTests" name="[72] /home/travis/build/icyphy/ptII/ptolemy/actor/lib/test/auto/Commutator3.xml (RunModel)" time="0.013" />
  <testcase classname="ptolemy.util.test.junit.AutoTests" name="[73] /home/travis/build/icyphy/ptII/ptolemy/actor/lib/test/auto/Compare.xml (RunModel)" time="0.02" />
  <testcase classname="ptolemy.util.test.junit.AutoTests" name="[74] /home/travis/build/icyphy/ptII/ptolemy/actor/lib/test/auto/CompareDE.xml (RunModel)" time="0.019" />
  <testcase classname="ptolemy.util.test.junit.AutoTests" name="[75] /home/travis/build/icyphy/ptII/ptolemy/actor/lib/test/auto/ComplexDivide.xml (RunModel)" time="0.01" />
  <testcase classname="ptolemy.util.test.junit.AutoTests" name="[76] /home/travis/build/icyphy/ptII/ptolemy/actor/lib/test/auto/ComputeHistogram.xml (RunModel)" time="0.068" />
  <testcase classname="ptolemy.util.test.junit.AutoTests" name="[77] /home/travis/build/icyphy/ptII/ptolemy/actor/lib/test/auto/ConfigurationSelect.xml (RunModel)" time="0.021" />
  <testcase classname="ptolemy.util.test.junit.AutoTests" name="[78] /home/travis/build/icyphy/ptII/ptolemy/actor/lib/test/auto/ConfigurationSelect2.xml (RunModel)" time="0.015" />
  <testcase classname="ptolemy.util.test.junit.AutoTests" name="[79] /home/travis/build/icyphy/ptII/ptolemy/actor/lib/test/auto/ConfigurationSwitch.xml (RunModel)" time="0.022" />
  <testcase classname="ptolemy.util.test.junit.AutoTests" name="[80] /home/travis/build/icyphy/ptII/ptolemy/actor/lib/test/auto/ConfigurationSwitch2.xml (RunModel)" time="0.026" />
  <testcase classname="ptolemy.util.test.junit.AutoTests" name="[81] /home/travis/build/icyphy/ptII/ptolemy/actor/lib/test/auto/ConfigurationSwitchCloningBugWithClassRelationGroup.xml (RunModel)" time="0.016" />
  <testcase classname="ptolemy.util.test.junit.AutoTests" name="[82] /home/travis/build/icyphy/ptII/ptolemy/actor/lib/test/auto/ConfigurationSwitchSelectSDF.xml (RunModel)" time="0.013" />
  <testcase classname="ptolemy.util.test.junit.AutoTests" name="[83] /home/travis/build/icyphy/ptII/ptolemy/actor/lib/test/auto/ConfigurationSwitchSelectSDF2.xml (RunModel)" time="0.013" />
  <testcase classname="ptolemy.util.test.junit.AutoTests" name="[84] /home/travis/build/icyphy/ptII/ptolemy/actor/lib/test/auto/Const.xml (RunModel)" time="0.007" />
  <testcase classname="ptolemy.util.test.junit.AutoTests" name="[85] /home/travis/build/icyphy/ptII/ptolemy/actor/lib/test/auto/Const2.xml (RunModel)" time="0.015" />
  <testcase classname="ptolemy.util.test.junit.AutoTests" name="[86] /home/travis/build/icyphy/ptII/ptolemy/actor/lib/test/auto/Const3.xml (RunModel)" time="0.009" />
  <testcase classname="ptolemy.util.test.junit.AutoTests" name="[87] /home/travis/build/icyphy/ptII/ptolemy/actor/lib/test/auto/ConstantPublisherPort1.xml (RunModel)" time="0.023" />
  <testcase classname="ptolemy.util.test.junit.AutoTests" name="[88] /home/travis/build/icyphy/ptII/ptolemy/actor/lib/test/auto/ConstantPublisherPort2.xml (RunModel)" time="0.038" />
  <testcase classname="ptolemy.util.test.junit.AutoTests" name="[89] /home/travis/build/icyphy/ptII/ptolemy/actor/lib/test/auto/ConstantPublisherPort3.xml (RunModel)" time="0.022" />
  <testcase classname="ptolemy.util.test.junit.AutoTests" name="[90] /home/travis/build/icyphy/ptII/ptolemy/actor/lib/test/auto/ConstantPublisherPort4.xml (RunModel)" time="0.023" />
  <testcase classname="ptolemy.util.test.junit.AutoTests" name="[91] /home/travis/build/icyphy/ptII/ptolemy/actor/lib/test/auto/ConstantPublisherPort5.xml (RunModel)" time="0.052" />
  <testcase classname="ptolemy.util.test.junit.AutoTests" name="[92] /home/travis/build/icyphy/ptII/ptolemy/actor/lib/test/auto/ConstantPublisherPort6.xml (RunModel)" time="0.035" />
  <testcase classname="ptolemy.util.test.junit.AutoTests" name="[93] /home/travis/build/icyphy/ptII/ptolemy/actor/lib/test/auto/ConstantPublisherPort7.xml (RunModel)" time="0.034" />
  <testcase classname="ptolemy.util.test.junit.AutoTests" name="[94] /home/travis/build/icyphy/ptII/ptolemy/actor/lib/test/auto/ConstraintMonitor1.xml (RunModel)" time="0.044" />
  <testcase classname="ptolemy.util.test.junit.AutoTests" name="[95] /home/travis/build/icyphy/ptII/ptolemy/actor/lib/test/auto/ConstraintMonitor2.xml (RunModel)" time="0.017" />
  <testcase classname="ptolemy.util.test.junit.AutoTests" name="[96] /home/travis/build/icyphy/ptII/ptolemy/actor/lib/test/auto/ConstraintMonitor3.xml (RunModel)" time="0.018" />
  <testcase classname="ptolemy.util.test.junit.AutoTests" name="[97] /home/travis/build/icyphy/ptII/ptolemy/actor/lib/test/auto/ConstraintMonitor4.xml (RunModel)" time="0.012" />
  <testcase classname="ptolemy.util.test.junit.AutoTests" name="[98] /home/travis/build/icyphy/ptII/ptolemy/actor/lib/test/auto/ConstraintMonitor5.xml (RunModel)" time="0.013" />
  <testcase classname="ptolemy.util.test.junit.AutoTests" name="[99] /home/travis/build/icyphy/ptII/ptolemy/actor/lib/test/auto/ConstraintMonitor6.xml (RunModel)" time="0.018" />
  <testcase classname="ptolemy.util.test.junit.AutoTests" name="[100] /home/travis/build/icyphy/ptII/ptolemy/actor/lib/test/auto/ConstraintMonitor7.xml (RunModel)" time="0.019" />
  <testcase classname="ptolemy.util.test.junit.AutoTests" name="[101] /home/travis/build/icyphy/ptII/ptolemy/actor/lib/test/auto/ConstraintMonitor8.xml (RunModel)" time="0.023" />
  <testcase classname="ptolemy.util.test.junit.AutoTests" name="[102] /home/travis/build/icyphy/ptII/ptolemy/actor/lib/test/auto/Counter.xml (RunModel)" time="0.014" />
  <testcase classname="ptolemy.util.test.junit.AutoTests" name="[103] /home/travis/build/icyphy/ptII/ptolemy/actor/lib/test/auto/CurrentTimeSDF.xml (RunModel)" time="0.012" />
  <testcase classname="ptolemy.util.test.junit.AutoTests" name="[104] /home/travis/build/icyphy/ptII/ptolemy/actor/lib/test/auto/DB.xml (RunModel)" time="0.018" />
  <testcase classname="ptolemy.util.test.junit.AutoTests" name="[105] /home/travis/build/icyphy/ptII/ptolemy/actor/lib/test/auto/DBDE.xml (RunModel)" time="0.017" />
  <testcase classname="ptolemy.util.test.junit.AutoTests" name="[106] /home/travis/build/icyphy/ptII/ptolemy/actor/lib/test/auto/DateConstructor.xml (RunModel)" time="0.082" />
  <testcase classname="ptolemy.util.test.junit.AutoTests" name="[107] /home/travis/build/icyphy/ptII/ptolemy/actor/lib/test/auto/DelayTime.xml (RunModel)" time="0.028" />
  <testcase classname="ptolemy.util.test.junit.AutoTests" name="[108] /home/travis/build/icyphy/ptII/ptolemy/actor/lib/test/auto/Dictionary1.xml (RunModel)" time="0.029" />
  <testcase classname="ptolemy.util.test.junit.AutoTests" name="[109] /home/travis/build/icyphy/ptII/ptolemy/actor/lib/test/auto/Dictionary2.xml (RunModel)" time="0.017" />
  <testcase classname="ptolemy.util.test.junit.AutoTests" name="[110] /home/travis/build/icyphy/ptII/ptolemy/actor/lib/test/auto/Dictionary3.xml (RunModel)" time="0.014" />
  <testcase classname="ptolemy.util.test.junit.AutoTests" name="[111] /home/travis/build/icyphy/ptII/ptolemy/actor/lib/test/auto/Dictionary4.xml (RunModel)" time="0.04" />
  <testcase classname="ptolemy.util.test.junit.AutoTests" name="[112] /home/travis/build/icyphy/ptII/ptolemy/actor/lib/test/auto/Differential.xml (RunModel)" time="0.014" />
  <testcase classname="ptolemy.util.test.junit.AutoTests" name="[113] /home/travis/build/icyphy/ptII/ptolemy/actor/lib/test/auto/Director.xml (RunModel)" time="0.014" />
  <testcase classname="ptolemy.util.test.junit.AutoTests" name="[114] /home/travis/build/icyphy/ptII/ptolemy/actor/lib/test/auto/DiscreteClock.xml (RunModel)" time="0.008" />
  <testcase classname="ptolemy.util.test.junit.AutoTests" name="[115] /home/travis/build/icyphy/ptII/ptolemy/actor/lib/test/auto/DiscreteClock10.xml (RunModel)" time="0.015" />
  <testcase classname="ptolemy.util.test.junit.AutoTests" name="[116] /home/travis/build/icyphy/ptII/ptolemy/actor/lib/test/auto/DiscreteClock11.xml (RunModel)" time="0.012" />
  <testcase classname="ptolemy.util.test.junit.AutoTests" name="[117] /home/travis/build/icyphy/ptII/ptolemy/actor/lib/test/auto/DiscreteClock12.xml (RunModel)" time="0.016" />
  <testcase classname="ptolemy.util.test.junit.AutoTests" name="[118] /home/travis/build/icyphy/ptII/ptolemy/actor/lib/test/auto/DiscreteClock13.xml (RunModel)" time="0.017" />
  <testcase classname="ptolemy.util.test.junit.AutoTests" name="[119] /home/travis/build/icyphy/ptII/ptolemy/actor/lib/test/auto/DiscreteClock14.xml (RunModel)" time="0.015" />
  <testcase classname="ptolemy.util.test.junit.AutoTests" name="[120] /home/travis/build/icyphy/ptII/ptolemy/actor/lib/test/auto/DiscreteClock15.xml (RunModel)" time="0.016" />
  <testcase classname="ptolemy.util.test.junit.AutoTests" name="[121] /home/travis/build/icyphy/ptII/ptolemy/actor/lib/test/auto/DiscreteClock16.xml (RunModel)" time="0.044" />
  <testcase classname="ptolemy.util.test.junit.AutoTests" name="[122] /home/travis/build/icyphy/ptII/ptolemy/actor/lib/test/auto/DiscreteClock17.xml (RunModel)" time="0.042" />
  <testcase classname="ptolemy.util.test.junit.AutoTests" name="[123] /home/travis/build/icyphy/ptII/ptolemy/actor/lib/test/auto/DiscreteClock18.xml (RunModel)" time="0.047" />
  <testcase classname="ptolemy.util.test.junit.AutoTests" name="[124] /home/travis/build/icyphy/ptII/ptolemy/actor/lib/test/auto/DiscreteClock19.xml (RunModel)" time="0.06" />
  <testcase classname="ptolemy.util.test.junit.AutoTests" name="[125] /home/travis/build/icyphy/ptII/ptolemy/actor/lib/test/auto/DiscreteClock2.xml (RunModel)" time="0.014" />
  <testcase classname="ptolemy.util.test.junit.AutoTests" name="[126] /home/travis/build/icyphy/ptII/ptolemy/actor/lib/test/auto/DiscreteClock20.xml (RunModel)" time="0.021" />
  <testcase classname="ptolemy.util.test.junit.AutoTests" name="[127] /home/travis/build/icyphy/ptII/ptolemy/actor/lib/test/auto/DiscreteClock21.xml (RunModel)" time="0.017" />
  <testcase classname="ptolemy.util.test.junit.AutoTests" name="[128] /home/travis/build/icyphy/ptII/ptolemy/actor/lib/test/auto/DiscreteClock22.xml (RunModel)" time="0.02" />
  <testcase classname="ptolemy.util.test.junit.AutoTests" name="[129] /home/travis/build/icyphy/ptII/ptolemy/actor/lib/test/auto/DiscreteClock23.xml (RunModel)" time="0.031" />
  <testcase classname="ptolemy.util.test.junit.AutoTests" name="[130] /home/travis/build/icyphy/ptII/ptolemy/actor/lib/test/auto/DiscreteClock24.xml (RunModel)" time="0.02" />
  <testcase classname="ptolemy.util.test.junit.AutoTests" name="[131] /home/travis/build/icyphy/ptII/ptolemy/actor/lib/test/auto/DiscreteClock4.xml (RunModel)" time="0.014" />
  <testcase classname="ptolemy.util.test.junit.AutoTests" name="[132] /home/travis/build/icyphy/ptII/ptolemy/actor/lib/test/auto/DiscreteClock5.xml (RunModel)" time="0.011" />
  <testcase classname="ptolemy.util.test.junit.AutoTests" name="[133] /home/travis/build/icyphy/ptII/ptolemy/actor/lib/test/auto/DiscreteClock6.xml (RunModel)" time="0.01" />
  <testcase classname="ptolemy.util.test.junit.AutoTests" name="[134] /home/travis/build/icyphy/ptII/ptolemy/actor/lib/test/auto/DiscreteClock7.xml (RunModel)" time="0.012" />
  <testcase classname="ptolemy.util.test.junit.AutoTests" name="[135] /home/travis/build/icyphy/ptII/ptolemy/actor/lib/test/auto/DiscreteClock8.xml (RunModel)" time="0.024" />
  <testcase classname="ptolemy.util.test.junit.AutoTests" name="[136] /home/travis/build/icyphy/ptII/ptolemy/actor/lib/test/auto/DiscreteClock9.xml (RunModel)" time="0.014" />
  <testcase classname="ptolemy.util.test.junit.AutoTests" name="[137] /home/travis/build/icyphy/ptII/ptolemy/actor/lib/test/auto/DisplayArray.xml (RunModel)" time="0.009" />
  <testcase classname="ptolemy.util.test.junit.AutoTests" name="[138] /home/travis/build/icyphy/ptII/ptolemy/actor/lib/test/auto/Distributor.xml (RunModel)" time="0.01" />
  <testcase classname="ptolemy.util.test.junit.AutoTests" name="[139] /home/travis/build/icyphy/ptII/ptolemy/actor/lib/test/auto/Distributor2.xml (RunModel)" time="0.011" />
  <testcase classname="ptolemy.util.test.junit.AutoTests" name="[140] /home/travis/build/icyphy/ptII/ptolemy/actor/lib/test/auto/DownSample.xml (RunModel)" time="0.014" />
  <testcase classname="ptolemy.util.test.junit.AutoTests" name="[141] /home/travis/build/icyphy/ptII/ptolemy/actor/lib/test/auto/ElectronicUnitBase1.xml (RunModel)" time="0.062" />
  <testcase classname="ptolemy.util.test.junit.AutoTests" name="[142] /home/travis/build/icyphy/ptII/ptolemy/actor/lib/test/auto/ElementsToArray.xml (RunModel)" time="0.011" />
  <testcase classname="ptolemy.util.test.junit.AutoTests" name="[143] /home/travis/build/icyphy/ptII/ptolemy/actor/lib/test/auto/Equals.xml (RunModel)" time="0.015" />
  <testcase classname="ptolemy.util.test.junit.AutoTests" name="[144] /home/travis/build/icyphy/ptII/ptolemy/actor/lib/test/auto/Exec.xml (RunModel)" time="0.039" />
  <testcase classname="ptolemy.util.test.junit.AutoTests" name="[145] /home/travis/build/icyphy/ptII/ptolemy/actor/lib/test/auto/ExecEnvironment.xml (RunModel)" time="0.037" />
  <testcase classname="ptolemy.util.test.junit.AutoTests" name="[146] /home/travis/build/icyphy/ptII/ptolemy/actor/lib/test/auto/ExecNonZeroReturnOutput.xml (RunModel)" time="0.212" />
  <testcase classname="ptolemy.util.test.junit.AutoTests" name="[147] /home/travis/build/icyphy/ptII/ptolemy/actor/lib/test/auto/ExecRunDemos.xml (RunModel)" time="11.316">
    <error type="java.lang.reflect.InvocationTargetException">java.lang.reflect.InvocationTargetException
	at jdk.internal.reflect.GeneratedConstructorAccessor36.newInstance(Unknown Source)
	at java.base/jdk.internal.reflect.DelegatingConstructorAccessorImpl.newInstance(DelegatingConstructorAccessorImpl.java:45)
	at java.base/java.lang.reflect.Constructor.newInstance(Constructor.java:490)
	at ptolemy.util.test.junit.AutoTests.RunModel(AutoTests.java:193)
	at jdk.internal.reflect.GeneratedMethodAccessor43.invoke(Unknown Source)
	at java.base/jdk.internal.reflect.DelegatingMethodAccessorImpl.invoke(DelegatingMethodAccessorImpl.java:43)
	at junitparams.internal.InvokeParameterisedMethod.evaluate(InvokeParameterisedMethod.java:102)
Caused by: ptolemy.kernel.util.IllegalActionException: Test fails in iteration 0.
Value was: &quot;WARNING: An illegal reflective access operation has occurred\nWARNING: Illegal reflective access by io.netty.util.internal.ReflectionUtil (file:/home/travis/build/icyphy/ptII/lib/netty-common-4.1.19.Final.jar) to constructor java.nio.DirectByteBuffer(long,int)\nWARNING: Please consider reporting this to the maintainers of io.netty.util.internal.ReflectionUtil\nWARNING: Use --illegal-access=warn to enable warnings of further illegal reflective access operations\nWARNING: All illegal access operations will be denied in a future release\n&quot;. Should have been: &quot;&quot;
  in .ExecRunDemos.Test
	at ptolemy.actor.lib.Test.fire(Test.java:268)
	at ptolemy.actor.AtomicActor.iterate(AtomicActor.java:512)
	at ptolemy.actor.sched.StaticSchedulingDirector.fire(StaticSchedulingDirector.java:216)
	at ptolemy.domains.sdf.kernel.SDFDirector.fire(SDFDirector.java:500)
	at ptolemy.actor.CompositeActor.fire(CompositeActor.java:455)
	at ptolemy.actor.Manager.iterate(Manager.java:851)
	at ptolemy.actor.Manager.execute(Manager.java:369)
	at ptolemy.actor.Manager.run(Manager.java:1263)
	at ptolemy.actor.Manager$PtolemyRunThread.run(Manager.java:1915)
</error>
  </testcase>
  <testcase classname="ptolemy.util.test.junit.AutoTests" name="[148] /home/travis/build/icyphy/ptII/ptolemy/actor/lib/test/auto/ExecStop.xml (RunModel)" time="5.034" />
  <testcase classname="ptolemy.util.test.junit.AutoTests" name="[149] /home/travis/build/icyphy/ptII/ptolemy/actor/lib/test/auto/ExecutionTimeSDF.xml (RunModel)" time="6.048">
    <error type="java.lang.reflect.InvocationTargetException">java.lang.reflect.InvocationTargetException
	at jdk.internal.reflect.GeneratedConstructorAccessor36.newInstance(Unknown Source)
	at java.base/jdk.internal.reflect.DelegatingConstructorAccessorImpl.newInstance(DelegatingConstructorAccessorImpl.java:45)
	at java.base/java.lang.reflect.Constructor.newInstance(Constructor.java:490)
	at ptolemy.util.test.junit.AutoTests.RunModel(AutoTests.java:193)
	at jdk.internal.reflect.GeneratedMethodAccessor43.invoke(Unknown Source)
	at java.base/jdk.internal.reflect.DelegatingMethodAccessorImpl.invoke(DelegatingMethodAccessorImpl.java:43)
	at junitparams.internal.InvokeParameterisedMethod.evaluate(InvokeParameterisedMethod.java:102)
Caused by: ptolemy.kernel.util.IllegalActionException: Test fails in iteration 0.
Value was: 6001L. Should have been: 6000L
  in .ExecutionTimeSDF.NonStrictTest
	at ptolemy.actor.lib.NonStrictTest.postfire(NonStrictTest.java:328)
	at ptolemy.actor.AtomicActor.iterate(AtomicActor.java:518)
	at ptolemy.actor.sched.StaticSchedulingDirector.fire(StaticSchedulingDirector.java:216)
	at ptolemy.domains.sdf.kernel.SDFDirector.fire(SDFDirector.java:500)
	at ptolemy.actor.CompositeActor.fire(CompositeActor.java:455)
	at ptolemy.actor.Manager.iterate(Manager.java:851)
	at ptolemy.actor.Manager.execute(Manager.java:369)
	at ptolemy.actor.Manager.run(Manager.java:1263)
	at ptolemy.actor.Manager$PtolemyRunThread.run(Manager.java:1915)
</error>
  </testcase>
  <testcase classname="ptolemy.util.test.junit.AutoTests" name="[150] /home/travis/build/icyphy/ptII/ptolemy/actor/lib/test/auto/Expression1.xml (RunModel)" time="0.012" />
  <testcase classname="ptolemy.util.test.junit.AutoTests" name="[151] /home/travis/build/icyphy/ptII/ptolemy/actor/lib/test/auto/Expression10.xml (RunModel)" time="0.018" />
  <testcase classname="ptolemy.util.test.junit.AutoTests" name="[152] /home/travis/build/icyphy/ptII/ptolemy/actor/lib/test/auto/Expression11.xml (RunModel)" time="0.013" />
  <testcase classname="ptolemy.util.test.junit.AutoTests" name="[153] /home/travis/build/icyphy/ptII/ptolemy/actor/lib/test/auto/Expression12.xml (RunModel)" time="0.017" />
  <testcase classname="ptolemy.util.test.junit.AutoTests" name="[154] /home/travis/build/icyphy/ptII/ptolemy/actor/lib/test/auto/Expression13.xml (RunModel)" time="0.016" />
  <testcase classname="ptolemy.util.test.junit.AutoTests" name="[155] /home/travis/build/icyphy/ptII/ptolemy/actor/lib/test/auto/Expression14.xml (RunModel)" time="0.023" />
  <testcase classname="ptolemy.util.test.junit.AutoTests" name="[156] /home/travis/build/icyphy/ptII/ptolemy/actor/lib/test/auto/Expression15.xml (RunModel)" time="0.009" />
  <testcase classname="ptolemy.util.test.junit.AutoTests" name="[157] /home/travis/build/icyphy/ptII/ptolemy/actor/lib/test/auto/Expression16.xml (RunModel)" time="0.015" />
  <testcase classname="ptolemy.util.test.junit.AutoTests" name="[158] /home/travis/build/icyphy/ptII/ptolemy/actor/lib/test/auto/Expression17.xml (RunModel)" time="0.014" />
  <testcase classname="ptolemy.util.test.junit.AutoTests" name="[159] /home/travis/build/icyphy/ptII/ptolemy/actor/lib/test/auto/Expression18.xml (RunModel)" time="0.015" />
  <testcase classname="ptolemy.util.test.junit.AutoTests" name="[160] /home/travis/build/icyphy/ptII/ptolemy/actor/lib/test/auto/Expression2.xml (RunModel)" time="0.016" />
  <testcase classname="ptolemy.util.test.junit.AutoTests" name="[161] /home/travis/build/icyphy/ptII/ptolemy/actor/lib/test/auto/Expression3.xml (RunModel)" time="0.016" />
  <testcase classname="ptolemy.util.test.junit.AutoTests" name="[162] /home/travis/build/icyphy/ptII/ptolemy/actor/lib/test/auto/Expression4.xml (RunModel)" time="0.026" />
  <testcase classname="ptolemy.util.test.junit.AutoTests" name="[163] /home/travis/build/icyphy/ptII/ptolemy/actor/lib/test/auto/Expression5.xml (RunModel)" time="0.016" />
  <testcase classname="ptolemy.util.test.junit.AutoTests" name="[164] /home/travis/build/icyphy/ptII/ptolemy/actor/lib/test/auto/Expression6.xml (RunModel)" time="0.01" />
  <testcase classname="ptolemy.util.test.junit.AutoTests" name="[165] /home/travis/build/icyphy/ptII/ptolemy/actor/lib/test/auto/Expression7.xml (RunModel)" time="0.012" />
  <testcase classname="ptolemy.util.test.junit.AutoTests" name="[166] /home/travis/build/icyphy/ptII/ptolemy/actor/lib/test/auto/Expression8.xml (RunModel)" time="0.015" />
  <testcase classname="ptolemy.util.test.junit.AutoTests" name="[167] /home/travis/build/icyphy/ptII/ptolemy/actor/lib/test/auto/Expression9.xml (RunModel)" time="0.008" />
  <testcase classname="ptolemy.util.test.junit.AutoTests" name="[168] /home/travis/build/icyphy/ptII/ptolemy/actor/lib/test/auto/ExpressionConcatenateArrayType.xml (RunModel)" time="0.025" />
  <testcase classname="ptolemy.util.test.junit.AutoTests" name="[169] /home/travis/build/icyphy/ptII/ptolemy/actor/lib/test/auto/ExpressionConcatenateArrayType2.xml (RunModel)" time="0.023" />
  <testcase classname="ptolemy.util.test.junit.AutoTests" name="[170] /home/travis/build/icyphy/ptII/ptolemy/actor/lib/test/auto/ExpressionFix.xml (RunModel)" time="0.042" />
  <testcase classname="ptolemy.util.test.junit.AutoTests" name="[171] /home/travis/build/icyphy/ptII/ptolemy/actor/lib/test/auto/ExpressionFix2.xml (RunModel)" time="0.014" />
  <testcase classname="ptolemy.util.test.junit.AutoTests" name="[172] /home/travis/build/icyphy/ptII/ptolemy/actor/lib/test/auto/ExpressionFix3.xml (RunModel)" time="0.013" />
  <testcase classname="ptolemy.util.test.junit.AutoTests" name="[173] /home/travis/build/icyphy/ptII/ptolemy/actor/lib/test/auto/FileWriter1.xml (RunModel)" time="0.009" />
  <testcase classname="ptolemy.util.test.junit.AutoTests" name="[174] /home/travis/build/icyphy/ptII/ptolemy/actor/lib/test/auto/FileWriter2.xml (RunModel)" time="0.011" />
  <testcase classname="ptolemy.util.test.junit.AutoTests" name="[175] /home/travis/build/icyphy/ptII/ptolemy/actor/lib/test/auto/FileWriter3.xml (RunModel)" time="0.012" />
  <testcase classname="ptolemy.util.test.junit.AutoTests" name="[176] /home/travis/build/icyphy/ptII/ptolemy/actor/lib/test/auto/Gaussian.xml (RunModel)" time="0.011" />
  <testcase classname="ptolemy.util.test.junit.AutoTests" name="[177] /home/travis/build/icyphy/ptII/ptolemy/actor/lib/test/auto/Gaussian1.xml (RunModel)" time="0.013" />
  <testcase classname="ptolemy.util.test.junit.AutoTests" name="[178] /home/travis/build/icyphy/ptII/ptolemy/actor/lib/test/auto/Gaussian2.xml (RunModel)" time="0.018" />
  <testcase classname="ptolemy.util.test.junit.AutoTests" name="[179] /home/travis/build/icyphy/ptII/ptolemy/actor/lib/test/auto/GradientAdaptiveLattice.xml (RunModel)" time="0.026" />
  <testcase classname="ptolemy.util.test.junit.AutoTests" name="[180] /home/travis/build/icyphy/ptII/ptolemy/actor/lib/test/auto/IIR.xml (RunModel)" time="0.013" />
  <testcase classname="ptolemy.util.test.junit.AutoTests" name="[181] /home/travis/build/icyphy/ptII/ptolemy/actor/lib/test/auto/InputOutputTransparentPorts.xml (RunModel)" time="0.023" />
  <testcase classname="ptolemy.util.test.junit.AutoTests" name="[182] /home/travis/build/icyphy/ptII/ptolemy/actor/lib/test/auto/Interpolator.xml (RunModel)" time="0.012" />
  <testcase classname="ptolemy.util.test.junit.AutoTests" name="[183] /home/travis/build/icyphy/ptII/ptolemy/actor/lib/test/auto/InterpolatorFiringLimitDE.xml (RunModel)" time="0.016" />
  <testcase classname="ptolemy.util.test.junit.AutoTests" name="[184] /home/travis/build/icyphy/ptII/ptolemy/actor/lib/test/auto/Lattice.xml (RunModel)" time="0.009" />
  <testcase classname="ptolemy.util.test.junit.AutoTests" name="[185] /home/travis/build/icyphy/ptII/ptolemy/actor/lib/test/auto/LazyAOCTestLazy.xml (RunModel)" time="0.036" />
  <testcase classname="ptolemy.util.test.junit.AutoTests" name="[186] /home/travis/build/icyphy/ptII/ptolemy/actor/lib/test/auto/LazyAOCTestNonLazy.xml (RunModel)" time="0.059" />
  <testcase classname="ptolemy.util.test.junit.AutoTests" name="[187] /home/travis/build/icyphy/ptII/ptolemy/actor/lib/test/auto/LazyInnerClass.xml (RunModel)" time="0.047" />
  <testcase classname="ptolemy.util.test.junit.AutoTests" name="[188] /home/travis/build/icyphy/ptII/ptolemy/actor/lib/test/auto/LazyPubSub.xml (RunModel)" time="0.08" />
  <testcase classname="ptolemy.util.test.junit.AutoTests" name="[189] /home/travis/build/icyphy/ptII/ptolemy/actor/lib/test/auto/LazyPubSub2.xml (RunModel)" time="0.04" />
  <testcase classname="ptolemy.util.test.junit.AutoTests" name="[190] /home/travis/build/icyphy/ptII/ptolemy/actor/lib/test/auto/LazyPubSub3.xml (RunModel)" time="0.031" />
  <testcase classname="ptolemy.util.test.junit.AutoTests" name="[191] /home/travis/build/icyphy/ptII/ptolemy/actor/lib/test/auto/LazySubClassModel.xml (RunModel)" time="0.019" />
  <testcase classname="ptolemy.util.test.junit.AutoTests" name="[192] /home/travis/build/icyphy/ptII/ptolemy/actor/lib/test/auto/LevelCrossTest1.xml (RunModel)" time="0.01" />
  <testcase classname="ptolemy.util.test.junit.AutoTests" name="[193] /home/travis/build/icyphy/ptII/ptolemy/actor/lib/test/auto/LevelCrossTest10.xml (RunModel)" time="0.016" />
  <testcase classname="ptolemy.util.test.junit.AutoTests" name="[194] /home/travis/build/icyphy/ptII/ptolemy/actor/lib/test/auto/LevelCrossTest11.xml (RunModel)" time="0.014" />
  <testcase classname="ptolemy.util.test.junit.AutoTests" name="[195] /home/travis/build/icyphy/ptII/ptolemy/actor/lib/test/auto/LevelCrossTest12.xml (RunModel)" time="0.017" />
  <testcase classname="ptolemy.util.test.junit.AutoTests" name="[196] /home/travis/build/icyphy/ptII/ptolemy/actor/lib/test/auto/LevelCrossTest13.xml (RunModel)" time="0.013" />
  <testcase classname="ptolemy.util.test.junit.AutoTests" name="[197] /home/travis/build/icyphy/ptII/ptolemy/actor/lib/test/auto/LevelCrossTest2.xml (RunModel)" time="0.011" />
  <testcase classname="ptolemy.util.test.junit.AutoTests" name="[198] /home/travis/build/icyphy/ptII/ptolemy/actor/lib/test/auto/LevelCrossTest3.xml (RunModel)" time="0.012" />
  <testcase classname="ptolemy.util.test.junit.AutoTests" name="[199] /home/travis/build/icyphy/ptII/ptolemy/actor/lib/test/auto/LevelCrossTest4.xml (RunModel)" time="0.011" />
  <testcase classname="ptolemy.util.test.junit.AutoTests" name="[200] /home/travis/build/icyphy/ptII/ptolemy/actor/lib/test/auto/LevelCrossTest5.xml (RunModel)" time="0.016" />
  <testcase classname="ptolemy.util.test.junit.AutoTests" name="[201] /home/travis/build/icyphy/ptII/ptolemy/actor/lib/test/auto/LevelCrossTest6.xml (RunModel)" time="0.014" />
  <testcase classname="ptolemy.util.test.junit.AutoTests" name="[202] /home/travis/build/icyphy/ptII/ptolemy/actor/lib/test/auto/LevelCrossTest7.xml (RunModel)" time="0.025" />
  <testcase classname="ptolemy.util.test.junit.AutoTests" name="[203] /home/travis/build/icyphy/ptII/ptolemy/actor/lib/test/auto/LevelCrossTest8.xml (RunModel)" time="0.018" />
  <testcase classname="ptolemy.util.test.junit.AutoTests" name="[204] /home/travis/build/icyphy/ptII/ptolemy/actor/lib/test/auto/LevelCrossTest9.xml (RunModel)" time="0.014" />
  <testcase classname="ptolemy.util.test.junit.AutoTests" name="[205] /home/travis/build/icyphy/ptII/ptolemy/actor/lib/test/auto/LevinsonDurbin.xml (RunModel)" time="0.011" />
  <testcase classname="ptolemy.util.test.junit.AutoTests" name="[206] /home/travis/build/icyphy/ptII/ptolemy/actor/lib/test/auto/LevinsonDurbin2.xml (RunModel)" time="0.009" />
  <testcase classname="ptolemy.util.test.junit.AutoTests" name="[207] /home/travis/build/icyphy/ptII/ptolemy/actor/lib/test/auto/LevinsonDurbin3.xml (RunModel)" time="0.012" />
  <testcase classname="ptolemy.util.test.junit.AutoTests" name="[208] /home/travis/build/icyphy/ptII/ptolemy/actor/lib/test/auto/Limiter.xml (RunModel)" time="0.048" />
  <testcase classname="ptolemy.util.test.junit.AutoTests" name="[209] /home/travis/build/icyphy/ptII/ptolemy/actor/lib/test/auto/LinearDifferenceEquationSystem.xml (RunModel)" time="0.032" />
  <testcase classname="ptolemy.util.test.junit.AutoTests" name="[210] /home/travis/build/icyphy/ptII/ptolemy/actor/lib/test/auto/LookupTable.xml (RunModel)" time="0.011" />
  <testcase classname="ptolemy.util.test.junit.AutoTests" name="[211] /home/travis/build/icyphy/ptII/ptolemy/actor/lib/test/auto/MathFunction.xml (RunModel)" time="0.05" />
  <testcase classname="ptolemy.util.test.junit.AutoTests" name="[212] /home/travis/build/icyphy/ptII/ptolemy/actor/lib/test/auto/MathFunction2.xml (RunModel)" time="0.009" />
  <testcase classname="ptolemy.util.test.junit.AutoTests" name="[213] /home/travis/build/icyphy/ptII/ptolemy/actor/lib/test/auto/MathFunction3.xml (RunModel)" time="0.023" />
  <testcase classname="ptolemy.util.test.junit.AutoTests" name="[214] /home/travis/build/icyphy/ptII/ptolemy/actor/lib/test/auto/MatrixCropBoolean.xml (RunModel)" time="0.014" />
  <testcase classname="ptolemy.util.test.junit.AutoTests" name="[215] /home/travis/build/icyphy/ptII/ptolemy/actor/lib/test/auto/MatrixCropComplex.xml (RunModel)" time="0.012" />
  <testcase classname="ptolemy.util.test.junit.AutoTests" name="[216] /home/travis/build/icyphy/ptII/ptolemy/actor/lib/test/auto/MatrixCropDouble.xml (RunModel)" time="0.011" />
  <testcase classname="ptolemy.util.test.junit.AutoTests" name="[217] /home/travis/build/icyphy/ptII/ptolemy/actor/lib/test/auto/MatrixCropFix.xml (RunModel)" time="0.015" />
  <testcase classname="ptolemy.util.test.junit.AutoTests" name="[218] /home/travis/build/icyphy/ptII/ptolemy/actor/lib/test/auto/MatrixCropInt.xml (RunModel)" time="0.012" />
  <testcase classname="ptolemy.util.test.junit.AutoTests" name="[219] /home/travis/build/icyphy/ptII/ptolemy/actor/lib/test/auto/MatrixCropLong.xml (RunModel)" time="0.013" />
  <testcase classname="ptolemy.util.test.junit.AutoTests" name="[220] /home/travis/build/icyphy/ptII/ptolemy/actor/lib/test/auto/MatrixToArray.xml (RunModel)" time="0.061" />
  <testcase classname="ptolemy.util.test.junit.AutoTests" name="[221] /home/travis/build/icyphy/ptII/ptolemy/actor/lib/test/auto/MaxIndex.xml (RunModel)" time="0.014" />
  <testcase classname="ptolemy.util.test.junit.AutoTests" name="[222] /home/travis/build/icyphy/ptII/ptolemy/actor/lib/test/auto/Maximum.xml (RunModel)" time="0.015" />
  <testcase classname="ptolemy.util.test.junit.AutoTests" name="[223] /home/travis/build/icyphy/ptII/ptolemy/actor/lib/test/auto/MaximumComplex.xml (RunModel)" time="0.017" />
  <testcase classname="ptolemy.util.test.junit.AutoTests" name="[224] /home/travis/build/icyphy/ptII/ptolemy/actor/lib/test/auto/MethodCallTest.xml (RunModel)" time="0.03" />
  <testcase classname="ptolemy.util.test.junit.AutoTests" name="[225] /home/travis/build/icyphy/ptII/ptolemy/actor/lib/test/auto/Minimum.xml (RunModel)" time="0.016" />
  <testcase classname="ptolemy.util.test.junit.AutoTests" name="[226] /home/travis/build/icyphy/ptII/ptolemy/actor/lib/test/auto/MinimumComplex.xml (RunModel)" time="0.028" />
  <testcase classname="ptolemy.util.test.junit.AutoTests" name="[227] /home/travis/build/icyphy/ptII/ptolemy/actor/lib/test/auto/MinimumMultiports.xml (RunModel)" time="0.023" />
  <testcase classname="ptolemy.util.test.junit.AutoTests" name="[228] /home/travis/build/icyphy/ptII/ptolemy/actor/lib/test/auto/ModifyDate.xml (RunModel)" time="0.057" />
  <testcase classname="ptolemy.util.test.junit.AutoTests" name="[229] /home/travis/build/icyphy/ptII/ptolemy/actor/lib/test/auto/ModifyDate2.xml (RunModel)" time="0.026" />
  <testcase classname="ptolemy.util.test.junit.AutoTests" name="[230] /home/travis/build/icyphy/ptII/ptolemy/actor/lib/test/auto/MovingAverage.xml (RunModel)" time="0.022" />
  <testcase classname="ptolemy.util.test.junit.AutoTests" name="[231] /home/travis/build/icyphy/ptII/ptolemy/actor/lib/test/auto/MovingMaximum.xml (RunModel)" time="0.011" />
  <testcase classname="ptolemy.util.test.junit.AutoTests" name="[232] /home/travis/build/icyphy/ptII/ptolemy/actor/lib/test/auto/MultipleLinksToSameRelation.xml (RunModel)" time="0.008" />
  <testcase classname="ptolemy.util.test.junit.AutoTests" name="[233] /home/travis/build/icyphy/ptII/ptolemy/actor/lib/test/auto/MultipleLinksToSameRelationDE.xml (RunModel)" time="0.009" />
  <testcase classname="ptolemy.util.test.junit.AutoTests" name="[234] /home/travis/build/icyphy/ptII/ptolemy/actor/lib/test/auto/Multiplexor.xml (RunModel)" time="0.013" />
  <testcase classname="ptolemy.util.test.junit.AutoTests" name="[235] /home/travis/build/icyphy/ptII/ptolemy/actor/lib/test/auto/Multiplexor1.xml (RunModel)" time="0.012" />
  <testcase classname="ptolemy.util.test.junit.AutoTests" name="[236] /home/travis/build/icyphy/ptII/ptolemy/actor/lib/test/auto/Multiplexor2.xml (RunModel)" time="0.019" />
  <testcase classname="ptolemy.util.test.junit.AutoTests" name="[237] /home/travis/build/icyphy/ptII/ptolemy/actor/lib/test/auto/Multiplexor3.xml (RunModel)" time="0.01" />
  <testcase classname="ptolemy.util.test.junit.AutoTests" name="[238] /home/travis/build/icyphy/ptII/ptolemy/actor/lib/test/auto/MultiplexorDE.xml (RunModel)" time="0.016" />
  <testcase classname="ptolemy.util.test.junit.AutoTests" name="[239] /home/travis/build/icyphy/ptII/ptolemy/actor/lib/test/auto/MultiportBroadcastTest.xml (RunModel)" time="0.11" />
  <testcase classname="ptolemy.util.test.junit.AutoTests" name="[240] /home/travis/build/icyphy/ptII/ptolemy/actor/lib/test/auto/MultiportOutHangDuringGetWidth.xml (RunModel)" time="0.034" />
  <testcase classname="ptolemy.util.test.junit.AutoTests" name="[241] /home/travis/build/icyphy/ptII/ptolemy/actor/lib/test/auto/NilToken.xml (RunModel)" time="0.012" />
  <testcase classname="ptolemy.util.test.junit.AutoTests" name="[242] /home/travis/build/icyphy/ptII/ptolemy/actor/lib/test/auto/NilTokenNonStrictTest.xml (RunModel)" time="0.012" />
  <testcase classname="ptolemy.util.test.junit.AutoTests" name="[243] /home/travis/build/icyphy/ptII/ptolemy/actor/lib/test/auto/NilTokenRecord.xml (RunModel)" time="0.026" />
  <testcase classname="ptolemy.util.test.junit.AutoTests" name="[244] /home/travis/build/icyphy/ptII/ptolemy/actor/lib/test/auto/NilTokenTypeTest.xml (RunModel)" time="0.034" />
  <testcase classname="ptolemy.util.test.junit.AutoTests" name="[245] /home/travis/build/icyphy/ptII/ptolemy/actor/lib/test/auto/ObjectToken1.xml (RunModel)" time="0.01" />
  <testcase classname="ptolemy.util.test.junit.AutoTests" name="[246] /home/travis/build/icyphy/ptII/ptolemy/actor/lib/test/auto/OrderedMerge.xml (RunModel)" time="0.017" />
  <testcase classname="ptolemy.util.test.junit.AutoTests" name="[247] /home/travis/build/icyphy/ptII/ptolemy/actor/lib/test/auto/OrderedRecordDisassembler.xml (RunModel)" time="0.018" />
  <testcase classname="ptolemy.util.test.junit.AutoTests" name="[248] /home/travis/build/icyphy/ptII/ptolemy/actor/lib/test/auto/OrderedRecordDisassembler2.xml (RunModel)" time="0.022" />
  <testcase classname="ptolemy.util.test.junit.AutoTests" name="[249] /home/travis/build/icyphy/ptII/ptolemy/actor/lib/test/auto/OrderedRecordUpdater.xml (RunModel)" time="0.011" />
  <testcase classname="ptolemy.util.test.junit.AutoTests" name="[250] /home/travis/build/icyphy/ptII/ptolemy/actor/lib/test/auto/OrderedRecordUpdater2.xml (RunModel)" time="0.022" />
  <testcase classname="ptolemy.util.test.junit.AutoTests" name="[251] /home/travis/build/icyphy/ptII/ptolemy/actor/lib/test/auto/PhaseUnwrap.xml (RunModel)" time="0.013" />
  <testcase classname="ptolemy.util.test.junit.AutoTests" name="[252] /home/travis/build/icyphy/ptII/ptolemy/actor/lib/test/auto/PoissonClock.xml (RunModel)" time="0.011" />
  <testcase classname="ptolemy.util.test.junit.AutoTests" name="[253] /home/travis/build/icyphy/ptII/ptolemy/actor/lib/test/auto/PoissonClock2.xml (RunModel)" time="0.008" />
  <testcase classname="ptolemy.util.test.junit.AutoTests" name="[254] /home/travis/build/icyphy/ptII/ptolemy/actor/lib/test/auto/PoissonClock3.xml (RunModel)" time="0.031" />
  <testcase classname="ptolemy.util.test.junit.AutoTests" name="[255] /home/travis/build/icyphy/ptII/ptolemy/actor/lib/test/auto/PubSubWithInitialTokens.xml (RunModel)" time="0.016" />
  <testcase classname="ptolemy.util.test.junit.AutoTests" name="[256] /home/travis/build/icyphy/ptII/ptolemy/actor/lib/test/auto/PubSubWithInitialTokens2.xml (RunModel)" time="0.01" />
  <testcase classname="ptolemy.util.test.junit.AutoTests" name="[257] /home/travis/build/icyphy/ptII/ptolemy/actor/lib/test/auto/PublisherClassNoParameter.xml (RunModel)" time="0.028" />
  <testcase classname="ptolemy.util.test.junit.AutoTests" name="[258] /home/travis/build/icyphy/ptII/ptolemy/actor/lib/test/auto/PublisherClassParameter.xml (RunModel)" time="0.022" />
  <testcase classname="ptolemy.util.test.junit.AutoTests" name="[259] /home/travis/build/icyphy/ptII/ptolemy/actor/lib/test/auto/PublisherNonStrictTest.xml (RunModel)" time="0.016" />
  <testcase classname="ptolemy.util.test.junit.AutoTests" name="[260] /home/travis/build/icyphy/ptII/ptolemy/actor/lib/test/auto/PublisherPort1.xml (RunModel)" time="0.022" />
  <testcase classname="ptolemy.util.test.junit.AutoTests" name="[261] /home/travis/build/icyphy/ptII/ptolemy/actor/lib/test/auto/PublisherPort2.xml (RunModel)" time="0.01" />
  <testcase classname="ptolemy.util.test.junit.AutoTests" name="[262] /home/travis/build/icyphy/ptII/ptolemy/actor/lib/test/auto/PublisherPort3.xml (RunModel)" time="0.013" />
  <testcase classname="ptolemy.util.test.junit.AutoTests" name="[263] /home/travis/build/icyphy/ptII/ptolemy/actor/lib/test/auto/PublisherPort4.xml (RunModel)" time="0.013" />
  <testcase classname="ptolemy.util.test.junit.AutoTests" name="[264] /home/travis/build/icyphy/ptII/ptolemy/actor/lib/test/auto/PublisherPort5.xml (RunModel)" time="0.015" />
  <testcase classname="ptolemy.util.test.junit.AutoTests" name="[265] /home/travis/build/icyphy/ptII/ptolemy/actor/lib/test/auto/PublisherPort5LookAlike.xml (RunModel)" time="0.02" />
  <testcase classname="ptolemy.util.test.junit.AutoTests" name="[266] /home/travis/build/icyphy/ptII/ptolemy/actor/lib/test/auto/PublisherPort6.xml (RunModel)" time="0.014" />
  <testcase classname="ptolemy.util.test.junit.AutoTests" name="[267] /home/travis/build/icyphy/ptII/ptolemy/actor/lib/test/auto/PublisherPort7.xml (RunModel)" time="0.016" />
  <testcase classname="ptolemy.util.test.junit.AutoTests" name="[268] /home/travis/build/icyphy/ptII/ptolemy/actor/lib/test/auto/PublisherPort8.xml (RunModel)" time="0.018" />
  <testcase classname="ptolemy.util.test.junit.AutoTests" name="[269] /home/travis/build/icyphy/ptII/ptolemy/actor/lib/test/auto/PublisherPortSubscriberChannelVariablesAOC2.xml (RunModel)" time="0.033" />
  <testcase classname="ptolemy.util.test.junit.AutoTests" name="[270] /home/travis/build/icyphy/ptII/ptolemy/actor/lib/test/auto/PublisherPortSubscriberOpaqueWidthInference.xml (RunModel)" time="0.019" />
  <testcase classname="ptolemy.util.test.junit.AutoTests" name="[271] /home/travis/build/icyphy/ptII/ptolemy/actor/lib/test/auto/PublisherPortSubscriberPortAdjacent.xml (RunModel)" time="0.019" />
  <testcase classname="ptolemy.util.test.junit.AutoTests" name="[272] /home/travis/build/icyphy/ptII/ptolemy/actor/lib/test/auto/PublisherPortSubscriberPortExpression.xml (RunModel)" time="0.017" />
  <testcase classname="ptolemy.util.test.junit.AutoTests" name="[273] /home/travis/build/icyphy/ptII/ptolemy/actor/lib/test/auto/PublisherPortSubscriberPortOpaqueD3Reverse.xml (RunModel)" time="0.062" />
  <testcase classname="ptolemy.util.test.junit.AutoTests" name="[274] /home/travis/build/icyphy/ptII/ptolemy/actor/lib/test/auto/PublisherPortSubscriberPortOpaqueWidthInference.xml (RunModel)" time="0.016" />
  <testcase classname="ptolemy.util.test.junit.AutoTests" name="[275] /home/travis/build/icyphy/ptII/ptolemy/actor/lib/test/auto/PublisherPortToplevelSubscriberPortAOC.xml (RunModel)" time="0.012" />
  <testcase classname="ptolemy.util.test.junit.AutoTests" name="[276] /home/travis/build/icyphy/ptII/ptolemy/actor/lib/test/auto/PublisherSubscriber.xml (RunModel)" time="0.014" />
  <testcase classname="ptolemy.util.test.junit.AutoTests" name="[277] /home/travis/build/icyphy/ptII/ptolemy/actor/lib/test/auto/PublisherSubscriber10.xml (RunModel)" time="0.022" />
  <testcase classname="ptolemy.util.test.junit.AutoTests" name="[278] /home/travis/build/icyphy/ptII/ptolemy/actor/lib/test/auto/PublisherSubscriber10InitialOutputs.xml (RunModel)" time="0.03" />
  <testcase classname="ptolemy.util.test.junit.AutoTests" name="[279] /home/travis/build/icyphy/ptII/ptolemy/actor/lib/test/auto/PublisherSubscriber11.xml (RunModel)" time="0.018" />
  <testcase classname="ptolemy.util.test.junit.AutoTests" name="[280] /home/travis/build/icyphy/ptII/ptolemy/actor/lib/test/auto/PublisherSubscriber12.xml (RunModel)" time="0.028" />
  <testcase classname="ptolemy.util.test.junit.AutoTests" name="[281] /home/travis/build/icyphy/ptII/ptolemy/actor/lib/test/auto/PublisherSubscriber13.xml (RunModel)" time="0.011" />
  <testcase classname="ptolemy.util.test.junit.AutoTests" name="[282] /home/travis/build/icyphy/ptII/ptolemy/actor/lib/test/auto/PublisherSubscriber14.xml (RunModel)" time="0.031" />
  <testcase classname="ptolemy.util.test.junit.AutoTests" name="[283] /home/travis/build/icyphy/ptII/ptolemy/actor/lib/test/auto/PublisherSubscriber2.xml (RunModel)" time="0.012" />
  <testcase classname="ptolemy.util.test.junit.AutoTests" name="[284] /home/travis/build/icyphy/ptII/ptolemy/actor/lib/test/auto/PublisherSubscriber3.xml (RunModel)" time="0.01" />
  <testcase classname="ptolemy.util.test.junit.AutoTests" name="[285] /home/travis/build/icyphy/ptII/ptolemy/actor/lib/test/auto/PublisherSubscriber4.xml (RunModel)" time="0.01" />
  <testcase classname="ptolemy.util.test.junit.AutoTests" name="[286] /home/travis/build/icyphy/ptII/ptolemy/actor/lib/test/auto/PublisherSubscriber5.xml (RunModel)" time="0.013" />
  <testcase classname="ptolemy.util.test.junit.AutoTests" name="[287] /home/travis/build/icyphy/ptII/ptolemy/actor/lib/test/auto/PublisherSubscriber6.xml (RunModel)" time="0.016" />
  <testcase classname="ptolemy.util.test.junit.AutoTests" name="[288] /home/travis/build/icyphy/ptII/ptolemy/actor/lib/test/auto/PublisherSubscriber7.xml (RunModel)" time="0.02" />
  <testcase classname="ptolemy.util.test.junit.AutoTests" name="[289] /home/travis/build/icyphy/ptII/ptolemy/actor/lib/test/auto/PublisherSubscriber8.xml (RunModel)" time="0.035" />
  <testcase classname="ptolemy.util.test.junit.AutoTests" name="[290] /home/travis/build/icyphy/ptII/ptolemy/actor/lib/test/auto/PublisherSubscriber9.xml (RunModel)" time="0.019" />
  <testcase classname="ptolemy.util.test.junit.AutoTests" name="[291] /home/travis/build/icyphy/ptII/ptolemy/actor/lib/test/auto/PublisherSubscriberAdjacent.xml (RunModel)" time="0.018" />
  <testcase classname="ptolemy.util.test.junit.AutoTests" name="[292] /home/travis/build/icyphy/ptII/ptolemy/actor/lib/test/auto/PublisherSubscriberChannelVariablesAOC2.xml (RunModel)" time="0.031" />
  <testcase classname="ptolemy.util.test.junit.AutoTests" name="[293] /home/travis/build/icyphy/ptII/ptolemy/actor/lib/test/auto/PublisherSubscriberD3.xml (RunModel)" time="0.014" />
  <testcase classname="ptolemy.util.test.junit.AutoTests" name="[294] /home/travis/build/icyphy/ptII/ptolemy/actor/lib/test/auto/PublisherSubscriberD3Reverse.xml (RunModel)" time="0.013" />
  <testcase classname="ptolemy.util.test.junit.AutoTests" name="[295] /home/travis/build/icyphy/ptII/ptolemy/actor/lib/test/auto/PublisherSubscriberExpression.xml (RunModel)" time="0.018" />
  <testcase classname="ptolemy.util.test.junit.AutoTests" name="[296] /home/travis/build/icyphy/ptII/ptolemy/actor/lib/test/auto/PublisherSubscriberOpaque.xml (RunModel)" time="0.016" />
  <testcase classname="ptolemy.util.test.junit.AutoTests" name="[297] /home/travis/build/icyphy/ptII/ptolemy/actor/lib/test/auto/PublisherSubscriberOpaqueD3.xml (RunModel)" time="0.024" />
  <testcase classname="ptolemy.util.test.junit.AutoTests" name="[298] /home/travis/build/icyphy/ptII/ptolemy/actor/lib/test/auto/PublisherSubscriberOpaqueD3Reverse.xml (RunModel)" time="0.023" />
  <testcase classname="ptolemy.util.test.junit.AutoTests" name="[299] /home/travis/build/icyphy/ptII/ptolemy/actor/lib/test/auto/PublisherSubscriberOpaqueWidthInference.xml (RunModel)" time="0.017" />
  <testcase classname="ptolemy.util.test.junit.AutoTests" name="[300] /home/travis/build/icyphy/ptII/ptolemy/actor/lib/test/auto/PublisherTestSubscriber.xml (RunModel)" time="0.016" />
  <testcase classname="ptolemy.util.test.junit.AutoTests" name="[301] /home/travis/build/icyphy/ptII/ptolemy/actor/lib/test/auto/PublisherToplevelSubscriberPortAOC.xml (RunModel)" time="0.013" />
  <testcase classname="ptolemy.util.test.junit.AutoTests" name="[302] /home/travis/build/icyphy/ptII/ptolemy/actor/lib/test/auto/PulseFiringLimitDE.xml (RunModel)" time="0.016" />
  <testcase classname="ptolemy.util.test.junit.AutoTests" name="[303] /home/travis/build/icyphy/ptII/ptolemy/actor/lib/test/auto/Ramp1.xml (RunModel)" time="0.008" />
  <testcase classname="ptolemy.util.test.junit.AutoTests" name="[304] /home/travis/build/icyphy/ptII/ptolemy/actor/lib/test/auto/RampFiringLimitDE.xml (RunModel)" time="0.012" />
  <testcase classname="ptolemy.util.test.junit.AutoTests" name="[305] /home/travis/build/icyphy/ptII/ptolemy/actor/lib/test/auto/RampFiringLimitSDF.xml (RunModel)" time="0.01" />
  <testcase classname="ptolemy.util.test.junit.AutoTests" name="[306] /home/travis/build/icyphy/ptII/ptolemy/actor/lib/test/auto/RandomInteger.xml (RunModel)" time="0.01" />
  <testcase classname="ptolemy.util.test.junit.AutoTests" name="[307] /home/travis/build/icyphy/ptII/ptolemy/actor/lib/test/auto/ReadFile1.xml (RunModel)" time="0.009" />
  <testcase classname="ptolemy.util.test.junit.AutoTests" name="[308] /home/travis/build/icyphy/ptII/ptolemy/actor/lib/test/auto/ReadFile2.xml (RunModel)" time="0.007" />
  <testcase classname="ptolemy.util.test.junit.AutoTests" name="[309] /home/travis/build/icyphy/ptII/ptolemy/actor/lib/test/auto/Reader.xml (RunModel)" time="0.01" />
  <testcase classname="ptolemy.util.test.junit.AutoTests" name="[310] /home/travis/build/icyphy/ptII/ptolemy/actor/lib/test/auto/RecordAssemblerDisplayNameTest.xml (RunModel)" time="3.654" />
  <testcase classname="ptolemy.util.test.junit.AutoTests" name="[311] /home/travis/build/icyphy/ptII/ptolemy/actor/lib/test/auto/RecordAssemblerTypeError.xml (RunModel)" time="0.045" />
  <testcase classname="ptolemy.util.test.junit.AutoTests" name="[312] /home/travis/build/icyphy/ptII/ptolemy/actor/lib/test/auto/RecordDisassember.xml (RunModel)" time="0.012" />
  <testcase classname="ptolemy.util.test.junit.AutoTests" name="[313] /home/travis/build/icyphy/ptII/ptolemy/actor/lib/test/auto/RecordDisassemberDisplayNameTest.xml (RunModel)" time="0.019" />
  <testcase classname="ptolemy.util.test.junit.AutoTests" name="[314] /home/travis/build/icyphy/ptII/ptolemy/actor/lib/test/auto/RecordDisassembler.xml (RunModel)" time="0.009" />
  <testcase classname="ptolemy.util.test.junit.AutoTests" name="[315] /home/travis/build/icyphy/ptII/ptolemy/actor/lib/test/auto/RecordDisassembler2.xml (RunModel)" time="0.011" />
  <testcase classname="ptolemy.util.test.junit.AutoTests" name="[316] /home/travis/build/icyphy/ptII/ptolemy/actor/lib/test/auto/RecordUpdater.xml (RunModel)" time="0.009" />
  <testcase classname="ptolemy.util.test.junit.AutoTests" name="[317] /home/travis/build/icyphy/ptII/ptolemy/actor/lib/test/auto/RecordUpdater2.xml (RunModel)" time="0.009" />
  <testcase classname="ptolemy.util.test.junit.AutoTests" name="[318] /home/travis/build/icyphy/ptII/ptolemy/actor/lib/test/auto/RecursiveLattice.xml (RunModel)" time="0.008" />
  <testcase classname="ptolemy.util.test.junit.AutoTests" name="[319] /home/travis/build/icyphy/ptII/ptolemy/actor/lib/test/auto/Router.xml (RunModel)" time="3.025" />
  <testcase classname="ptolemy.util.test.junit.AutoTests" name="[320] /home/travis/build/icyphy/ptII/ptolemy/actor/lib/test/auto/Router2.xml (RunModel)" time="3.026" />
  <testcase classname="ptolemy.util.test.junit.AutoTests" name="[321] /home/travis/build/icyphy/ptII/ptolemy/actor/lib/test/auto/RunningMaximum.xml (RunModel)" time="0.017" />
  <testcase classname="ptolemy.util.test.junit.AutoTests" name="[322] /home/travis/build/icyphy/ptII/ptolemy/actor/lib/test/auto/RunningMinimum.xml (RunModel)" time="0.026" />
  <testcase classname="ptolemy.util.test.junit.AutoTests" name="[323] /home/travis/build/icyphy/ptII/ptolemy/actor/lib/test/auto/Scale.xml (RunModel)" time="0.011" />
  <testcase classname="ptolemy.util.test.junit.AutoTests" name="[324] /home/travis/build/icyphy/ptII/ptolemy/actor/lib/test/auto/Scale2.xml (RunModel)" time="0.011" />
  <testcase classname="ptolemy.util.test.junit.AutoTests" name="[325] /home/travis/build/icyphy/ptII/ptolemy/actor/lib/test/auto/Scale3.xml (RunModel)" time="0.018" />
  <testcase classname="ptolemy.util.test.junit.AutoTests" name="[326] /home/travis/build/icyphy/ptII/ptolemy/actor/lib/test/auto/ScaleArray.xml (RunModel)" time="0.009" />
  <testcase classname="ptolemy.util.test.junit.AutoTests" name="[327] /home/travis/build/icyphy/ptII/ptolemy/actor/lib/test/auto/ScaleArray2.xml (RunModel)" time="0.011" />
  <testcase classname="ptolemy.util.test.junit.AutoTests" name="[328] /home/travis/build/icyphy/ptII/ptolemy/actor/lib/test/auto/ScaleMatrix.xml (RunModel)" time="0.182" />
  <testcase classname="ptolemy.util.test.junit.AutoTests" name="[329] /home/travis/build/icyphy/ptII/ptolemy/actor/lib/test/auto/Select.xml (RunModel)" time="0.017" />
  <testcase classname="ptolemy.util.test.junit.AutoTests" name="[330] /home/travis/build/icyphy/ptII/ptolemy/actor/lib/test/auto/Select2.xml (RunModel)" time="0.009" />
  <testcase classname="ptolemy.util.test.junit.AutoTests" name="[331] /home/travis/build/icyphy/ptII/ptolemy/actor/lib/test/auto/SequenceToArray2.xml (RunModel)" time="0.134" />
  <testcase classname="ptolemy.util.test.junit.AutoTests" name="[332] /home/travis/build/icyphy/ptII/ptolemy/actor/lib/test/auto/SequentialClock.xml (RunModel)" time="0.007" />
  <testcase classname="ptolemy.util.test.junit.AutoTests" name="[333] /home/travis/build/icyphy/ptII/ptolemy/actor/lib/test/auto/SetVariable.xml (RunModel)" time="0.011" />
  <testcase classname="ptolemy.util.test.junit.AutoTests" name="[334] /home/travis/build/icyphy/ptII/ptolemy/actor/lib/test/auto/SetVariable2.xml (RunModel)" time="0.009" />
  <testcase classname="ptolemy.util.test.junit.AutoTests" name="[335] /home/travis/build/icyphy/ptII/ptolemy/actor/lib/test/auto/SetVariable3.xml (RunModel)" time="0.015" />
  <testcase classname="ptolemy.util.test.junit.AutoTests" name="[336] /home/travis/build/icyphy/ptII/ptolemy/actor/lib/test/auto/SetVariable4.xml (RunModel)" time="0.026" />
  <testcase classname="ptolemy.util.test.junit.AutoTests" name="[337] /home/travis/build/icyphy/ptII/ptolemy/actor/lib/test/auto/SetVariable5.xml (RunModel)" time="0.03" />
  <testcase classname="ptolemy.util.test.junit.AutoTests" name="[338] /home/travis/build/icyphy/ptII/ptolemy/actor/lib/test/auto/Sinewave.xml (RunModel)" time="0.024" />
  <testcase classname="ptolemy.util.test.junit.AutoTests" name="[339] /home/travis/build/icyphy/ptII/ptolemy/actor/lib/test/auto/Sinewave2.xml (RunModel)" time="0.022" />
  <testcase classname="ptolemy.util.test.junit.AutoTests" name="[340] /home/travis/build/icyphy/ptII/ptolemy/actor/lib/test/auto/Sinewave3.xml (RunModel)" time="0.021" />
  <testcase classname="ptolemy.util.test.junit.AutoTests" name="[341] /home/travis/build/icyphy/ptII/ptolemy/actor/lib/test/auto/SingleEvent.xml (RunModel)" time="0.008" />
  <testcase classname="ptolemy.util.test.junit.AutoTests" name="[342] /home/travis/build/icyphy/ptII/ptolemy/actor/lib/test/auto/Sleep.xml (RunModel)" time="6.025" />
  <testcase classname="ptolemy.util.test.junit.AutoTests" name="[343] /home/travis/build/icyphy/ptII/ptolemy/actor/lib/test/auto/SleepMultipleFire.xml (RunModel)" time="1.015" />
  <testcase classname="ptolemy.util.test.junit.AutoTests" name="[344] /home/travis/build/icyphy/ptII/ptolemy/actor/lib/test/auto/StopDE.xml (RunModel)" time="0.027" />
  <testcase classname="ptolemy.util.test.junit.AutoTests" name="[345] /home/travis/build/icyphy/ptII/ptolemy/actor/lib/test/auto/StopSDF.xml (RunModel)" time="0.012" />
  <testcase classname="ptolemy.util.test.junit.AutoTests" name="[346] /home/travis/build/icyphy/ptII/ptolemy/actor/lib/test/auto/StringConstant.xml (RunModel)" time="0.017" />
  <testcase classname="ptolemy.util.test.junit.AutoTests" name="[347] /home/travis/build/icyphy/ptII/ptolemy/actor/lib/test/auto/SubscriberPortInitialValues1.xml (RunModel)" time="0.023" />
  <testcase classname="ptolemy.util.test.junit.AutoTests" name="[348] /home/travis/build/icyphy/ptII/ptolemy/actor/lib/test/auto/SubscriberPortInitialValues13.xml (RunModel)" time="0.028" />
  <testcase classname="ptolemy.util.test.junit.AutoTests" name="[349] /home/travis/build/icyphy/ptII/ptolemy/actor/lib/test/auto/SubscriberPortInitialValues14.xml (RunModel)" time="0.018" />
  <testcase classname="ptolemy.util.test.junit.AutoTests" name="[350] /home/travis/build/icyphy/ptII/ptolemy/actor/lib/test/auto/SubscriberPortInitialValues2.xml (RunModel)" time="0.015" />
  <testcase classname="ptolemy.util.test.junit.AutoTests" name="[351] /home/travis/build/icyphy/ptII/ptolemy/actor/lib/test/auto/SubscriberPortInitialValues3.xml (RunModel)" time="0.02" />
  <testcase classname="ptolemy.util.test.junit.AutoTests" name="[352] /home/travis/build/icyphy/ptII/ptolemy/actor/lib/test/auto/SubscriptionAggregator.xml (RunModel)" time="0.012" />
  <testcase classname="ptolemy.util.test.junit.AutoTests" name="[353] /home/travis/build/icyphy/ptII/ptolemy/actor/lib/test/auto/SubscriptionAggregator2.xml (RunModel)" time="0.011" />
  <testcase classname="ptolemy.util.test.junit.AutoTests" name="[354] /home/travis/build/icyphy/ptII/ptolemy/actor/lib/test/auto/SubscriptionAggregator3.xml (RunModel)" time="0.016" />
  <testcase classname="ptolemy.util.test.junit.AutoTests" name="[355] /home/travis/build/icyphy/ptII/ptolemy/actor/lib/test/auto/SubscriptionAggregatorMultiply.xml (RunModel)" time="0.026" />
  <testcase classname="ptolemy.util.test.junit.AutoTests" name="[356] /home/travis/build/icyphy/ptII/ptolemy/actor/lib/test/auto/SubscriptionAggregatorPortMultiply1.xml (RunModel)" time="0.013" />
  <testcase classname="ptolemy.util.test.junit.AutoTests" name="[357] /home/travis/build/icyphy/ptII/ptolemy/actor/lib/test/auto/Switch.xml (RunModel)" time="0.02" />
  <testcase classname="ptolemy.util.test.junit.AutoTests" name="[358] /home/travis/build/icyphy/ptII/ptolemy/actor/lib/test/auto/Switch2.xml (RunModel)" time="0.015" />
  <testcase classname="ptolemy.util.test.junit.AutoTests" name="[359] /home/travis/build/icyphy/ptII/ptolemy/actor/lib/test/auto/SwitchDE.xml (RunModel)" time="0.014" />
  <testcase classname="ptolemy.util.test.junit.AutoTests" name="[360] /home/travis/build/icyphy/ptII/ptolemy/actor/lib/test/auto/SynchronizerDE.xml (RunModel)" time="0.022" />
  <testcase classname="ptolemy.util.test.junit.AutoTests" name="[361] /home/travis/build/icyphy/ptII/ptolemy/actor/lib/test/auto/Test.xml (RunModel)" time="0.017" />
  <testcase classname="ptolemy.util.test.junit.AutoTests" name="[362] /home/travis/build/icyphy/ptII/ptolemy/actor/lib/test/auto/TestExceptionAttribute1.xml (RunModel)" time="0.008" />
  <testcase classname="ptolemy.util.test.junit.AutoTests" name="[363] /home/travis/build/icyphy/ptII/ptolemy/actor/lib/test/auto/TestExceptionAttribute2.xml (RunModel)" time="0.007" />
  <testcase classname="ptolemy.util.test.junit.AutoTests" name="[364] /home/travis/build/icyphy/ptII/ptolemy/actor/lib/test/auto/TestExceptionAttribute3.xml (RunModel)" time="0.006" />
  <testcase classname="ptolemy.util.test.junit.AutoTests" name="[365] /home/travis/build/icyphy/ptII/ptolemy/actor/lib/test/auto/TestExceptionAttribute4.xml (RunModel)" time="0.006" />
  <testcase classname="ptolemy.util.test.junit.AutoTests" name="[366] /home/travis/build/icyphy/ptII/ptolemy/actor/lib/test/auto/TestExceptionHandler1.xml (RunModel)" time="0.006" />
  <testcase classname="ptolemy.util.test.junit.AutoTests" name="[367] /home/travis/build/icyphy/ptII/ptolemy/actor/lib/test/auto/TestExceptionHandler2.xml (RunModel)" time="0.015" />
  <testcase classname="ptolemy.util.test.junit.AutoTests" name="[368] /home/travis/build/icyphy/ptII/ptolemy/actor/lib/test/auto/TestExceptionHandler3.xml (RunModel)" time="0.006" />
  <testcase classname="ptolemy.util.test.junit.AutoTests" name="[369] /home/travis/build/icyphy/ptII/ptolemy/actor/lib/test/auto/TestExceptionHandler4.xml (RunModel)" time="0.006" />
  <testcase classname="ptolemy.util.test.junit.AutoTests" name="[370] /home/travis/build/icyphy/ptII/ptolemy/actor/lib/test/auto/TestRequireCorrectOrder.xml (RunModel)" time="0.013" />
  <testcase classname="ptolemy.util.test.junit.AutoTests" name="[371] /home/travis/build/icyphy/ptII/ptolemy/actor/lib/test/auto/TestSimple.xml (RunModel)" time="0.007" />
  <testcase classname="ptolemy.util.test.junit.AutoTests" name="[372] /home/travis/build/icyphy/ptII/ptolemy/actor/lib/test/auto/ThrowModelError.xml (RunModel)" time="0.011" />
  <testcase classname="ptolemy.util.test.junit.AutoTests" name="[373] /home/travis/build/icyphy/ptII/ptolemy/actor/lib/test/auto/TimeDelayMicrosteps.xml (RunModel)" time="0.018" />
  <testcase classname="ptolemy.util.test.junit.AutoTests" name="[374] /home/travis/build/icyphy/ptII/ptolemy/actor/lib/test/auto/TimeDelayMicrosteps2.xml (RunModel)" time="0.015" />
  <testcase classname="ptolemy.util.test.junit.AutoTests" name="[375] /home/travis/build/icyphy/ptII/ptolemy/actor/lib/test/auto/TimeDelayMicrosteps3.xml (RunModel)" time="0.012" />
  <testcase classname="ptolemy.util.test.junit.AutoTests" name="[376] /home/travis/build/icyphy/ptII/ptolemy/actor/lib/test/auto/TimeDelayVariableMicrosteps.xml (RunModel)" time="0.015" />
  <testcase classname="ptolemy.util.test.junit.AutoTests" name="[377] /home/travis/build/icyphy/ptII/ptolemy/actor/lib/test/auto/TimeGap.xml (RunModel)" time="0.015" />
  <testcase classname="ptolemy.util.test.junit.AutoTests" name="[378] /home/travis/build/icyphy/ptII/ptolemy/actor/lib/test/auto/TimeGap2.xml (RunModel)" time="0.011" />
  <testcase classname="ptolemy.util.test.junit.AutoTests" name="[379] /home/travis/build/icyphy/ptII/ptolemy/actor/lib/test/auto/TimedSinewave.xml (RunModel)" time="0.054" />
  <testcase classname="ptolemy.util.test.junit.AutoTests" name="[380] /home/travis/build/icyphy/ptII/ptolemy/actor/lib/test/auto/TimedSinewavePhase.xml (RunModel)" time="0.023" />
  <testcase classname="ptolemy.util.test.junit.AutoTests" name="[381] /home/travis/build/icyphy/ptII/ptolemy/actor/lib/test/auto/Timer.xml (RunModel)" time="0.028" />
  <testcase classname="ptolemy.util.test.junit.AutoTests" name="[382] /home/travis/build/icyphy/ptII/ptolemy/actor/lib/test/auto/TriangularDistTestModel.xml (RunModel)" time="0.017" />
  <testcase classname="ptolemy.util.test.junit.AutoTests" name="[383] /home/travis/build/icyphy/ptII/ptolemy/actor/lib/test/auto/TrigFunction.xml (RunModel)" time="0.012" />
  <testcase classname="ptolemy.util.test.junit.AutoTests" name="[384] /home/travis/build/icyphy/ptII/ptolemy/actor/lib/test/auto/TrigFunctionDE.xml (RunModel)" time="0.011" />
  <testcase classname="ptolemy.util.test.junit.AutoTests" name="[385] /home/travis/build/icyphy/ptII/ptolemy/actor/lib/test/auto/TrigFunctionInverse.xml (RunModel)" time="0.01" />
  <testcase classname="ptolemy.util.test.junit.AutoTests" name="[386] /home/travis/build/icyphy/ptII/ptolemy/actor/lib/test/auto/TrigFunctionTan.xml (RunModel)" time="0.007" />
  <testcase classname="ptolemy.util.test.junit.AutoTests" name="[387] /home/travis/build/icyphy/ptII/ptolemy/actor/lib/test/auto/TriggeredClock.xml (RunModel)" time="0.009" />
  <testcase classname="ptolemy.util.test.junit.AutoTests" name="[388] /home/travis/build/icyphy/ptII/ptolemy/actor/lib/test/auto/URLDirectoryReader.xml (RunModel)" time="0.133" />
  <testcase classname="ptolemy.util.test.junit.AutoTests" name="[389] /home/travis/build/icyphy/ptII/ptolemy/actor/lib/test/auto/URLDirectoryReader3.xml (RunModel)" time="1.306" />
  <testcase classname="ptolemy.util.test.junit.AutoTests" name="[390] /home/travis/build/icyphy/ptII/ptolemy/actor/lib/test/auto/UnaryMathFunction.xml (RunModel)" time="0.037" />
  <testcase classname="ptolemy.util.test.junit.AutoTests" name="[391] /home/travis/build/icyphy/ptII/ptolemy/actor/lib/test/auto/Uniform.xml (RunModel)" time="0.018" />
  <testcase classname="ptolemy.util.test.junit.AutoTests" name="[392] /home/travis/build/icyphy/ptII/ptolemy/actor/lib/test/auto/UnionDisassemblerTest.xml (RunModel)" time="0.014" />
  <testcase classname="ptolemy.util.test.junit.AutoTests" name="[393] /home/travis/build/icyphy/ptII/ptolemy/actor/lib/test/auto/UtilityFunctions.xml (RunModel)" time="0.011" />
  <testcase classname="ptolemy.util.test.junit.AutoTests" name="[394] /home/travis/build/icyphy/ptII/ptolemy/actor/lib/test/auto/VariableSleep.xml (RunModel)" time="0.512" />
  <testcase classname="ptolemy.util.test.junit.AutoTests" name="[395] /home/travis/build/icyphy/ptII/ptolemy/actor/lib/test/auto/VectorAssemblerDisassemblerCT.xml (RunModel)" time="0.124" />
  <testcase classname="ptolemy.util.test.junit.AutoTests" name="[396] /home/travis/build/icyphy/ptII/ptolemy/actor/lib/test/auto/VectorAssemblerDisassemblerDE.xml (RunModel)" time="0.016" />
  <testcase classname="ptolemy.util.test.junit.AutoTests" name="[397] /home/travis/build/icyphy/ptII/ptolemy/actor/lib/test/auto/VectorAssemblerDisassemblerSDF.xml (RunModel)" time="0.013" />
  <testcase classname="ptolemy.util.test.junit.AutoTests" name="[398] /home/travis/build/icyphy/ptII/ptolemy/actor/lib/test/auto/WallClockTime.xml (RunModel)" time="1.014" />
  <testcase classname="ptolemy.util.test.junit.AutoTests" name="[399] /home/travis/build/icyphy/ptII/ptolemy/actor/lib/test/auto/WidthTestWithSubscriberPublisher.xml (RunModel)" time="0.038" />
  <testcase classname="ptolemy.util.test.junit.AutoTests" name="[400] /home/travis/build/icyphy/ptII/ptolemy/actor/lib/test/auto/WidthTestWithSubscriberPublisher2.xml (RunModel)" time="0.015" />
  <testcase classname="ptolemy.util.test.junit.AutoTests" name="[401] /home/travis/build/icyphy/ptII/ptolemy/actor/lib/test/auto/WidthTestWithSubscriberPublisher3.xml (RunModel)" time="0.013" />
  <testcase classname="ptolemy.util.test.junit.AutoTests" name="[402] /home/travis/build/icyphy/ptII/ptolemy/actor/lib/test/auto/Writer.xml (RunModel)" time="0.008" />
  <testcase classname="ptolemy.util.test.junit.AutoTests" name="[403] /home/travis/build/icyphy/ptII/ptolemy/actor/lib/test/auto/array.xml (RunModel)" time="0.009" />
  <testcase classname="ptolemy.util.test.junit.AutoTests" name="[404] /home/travis/build/icyphy/ptII/ptolemy/actor/lib/test/auto/array2.xml (RunModel)" time="0.028" />
  <testcase classname="ptolemy.util.test.junit.AutoTests" name="[405] /home/travis/build/icyphy/ptII/ptolemy/actor/lib/test/auto/arrayType.xml (RunModel)" time="0.011" />
  <testcase classname="ptolemy.util.test.junit.AutoTests" name="[406] /home/travis/build/icyphy/ptII/ptolemy/actor/lib/test/auto/arrayType10.xml (RunModel)" time="0.009" />
  <testcase classname="ptolemy.util.test.junit.AutoTests" name="[407] /home/travis/build/icyphy/ptII/ptolemy/actor/lib/test/auto/arrayType11.xml (RunModel)" time="0.007" />
  <testcase classname="ptolemy.util.test.junit.AutoTests" name="[408] /home/travis/build/icyphy/ptII/ptolemy/actor/lib/test/auto/arrayType12.xml (RunModel)" time="0.009" />
  <testcase classname="ptolemy.util.test.junit.AutoTests" name="[409] /home/travis/build/icyphy/ptII/ptolemy/actor/lib/test/auto/arrayType13.xml (RunModel)" time="0.01" />
  <testcase classname="ptolemy.util.test.junit.AutoTests" name="[410] /home/travis/build/icyphy/ptII/ptolemy/actor/lib/test/auto/arrayType14.xml (RunModel)" time="0.009" />
  <testcase classname="ptolemy.util.test.junit.AutoTests" name="[411] /home/travis/build/icyphy/ptII/ptolemy/actor/lib/test/auto/arrayType15.xml (RunModel)" time="0.012" />
  <testcase classname="ptolemy.util.test.junit.AutoTests" name="[412] /home/travis/build/icyphy/ptII/ptolemy/actor/lib/test/auto/arrayType16.xml (RunModel)" time="0.009" />
  <testcase classname="ptolemy.util.test.junit.AutoTests" name="[413] /home/travis/build/icyphy/ptII/ptolemy/actor/lib/test/auto/arrayType17.xml (RunModel)" time="0.009" />
  <testcase classname="ptolemy.util.test.junit.AutoTests" name="[414] /home/travis/build/icyphy/ptII/ptolemy/actor/lib/test/auto/arrayType18.xml (RunModel)" time="0.008" />
  <testcase classname="ptolemy.util.test.junit.AutoTests" name="[415] /home/travis/build/icyphy/ptII/ptolemy/actor/lib/test/auto/arrayType19.xml (RunModel)" time="0.007" />
  <testcase classname="ptolemy.util.test.junit.AutoTests" name="[416] /home/travis/build/icyphy/ptII/ptolemy/actor/lib/test/auto/arrayType2.xml (RunModel)" time="0.01" />
  <testcase classname="ptolemy.util.test.junit.AutoTests" name="[417] /home/travis/build/icyphy/ptII/ptolemy/actor/lib/test/auto/arrayType20.xml (RunModel)" time="0.009" />
  <testcase classname="ptolemy.util.test.junit.AutoTests" name="[418] /home/travis/build/icyphy/ptII/ptolemy/actor/lib/test/auto/arrayType21.xml (RunModel)" time="0.008" />
  <testcase classname="ptolemy.util.test.junit.AutoTests" name="[419] /home/travis/build/icyphy/ptII/ptolemy/actor/lib/test/auto/arrayType22.xml (RunModel)" time="0.008" />
  <testcase classname="ptolemy.util.test.junit.AutoTests" name="[420] /home/travis/build/icyphy/ptII/ptolemy/actor/lib/test/auto/arrayType23.xml (RunModel)" time="0.008" />
  <testcase classname="ptolemy.util.test.junit.AutoTests" name="[421] /home/travis/build/icyphy/ptII/ptolemy/actor/lib/test/auto/arrayType24.xml (RunModel)" time="0.01" />
  <testcase classname="ptolemy.util.test.junit.AutoTests" name="[422] /home/travis/build/icyphy/ptII/ptolemy/actor/lib/test/auto/arrayType25.xml (RunModel)" time="0.009" />
  <testcase classname="ptolemy.util.test.junit.AutoTests" name="[423] /home/travis/build/icyphy/ptII/ptolemy/actor/lib/test/auto/arrayType26.xml (RunModel)" time="0.01" />
  <testcase classname="ptolemy.util.test.junit.AutoTests" name="[424] /home/travis/build/icyphy/ptII/ptolemy/actor/lib/test/auto/arrayType27.xml (RunModel)" time="0.009" />
  <testcase classname="ptolemy.util.test.junit.AutoTests" name="[425] /home/travis/build/icyphy/ptII/ptolemy/actor/lib/test/auto/arrayType28.xml (RunModel)" time="0.01" />
  <testcase classname="ptolemy.util.test.junit.AutoTests" name="[426] /home/travis/build/icyphy/ptII/ptolemy/actor/lib/test/auto/arrayType3.xml (RunModel)" time="0.008" />
  <testcase classname="ptolemy.util.test.junit.AutoTests" name="[427] /home/travis/build/icyphy/ptII/ptolemy/actor/lib/test/auto/arrayType4.xml (RunModel)" time="0.009" />
  <testcase classname="ptolemy.util.test.junit.AutoTests" name="[428] /home/travis/build/icyphy/ptII/ptolemy/actor/lib/test/auto/arrayType5.xml (RunModel)" time="0.009" />
  <testcase classname="ptolemy.util.test.junit.AutoTests" name="[429] /home/travis/build/icyphy/ptII/ptolemy/actor/lib/test/auto/arrayType6.xml (RunModel)" time="0.008" />
  <testcase classname="ptolemy.util.test.junit.AutoTests" name="[430] /home/travis/build/icyphy/ptII/ptolemy/actor/lib/test/auto/arrayType7.xml (RunModel)" time="0.009" />
  <testcase classname="ptolemy.util.test.junit.AutoTests" name="[431] /home/travis/build/icyphy/ptII/ptolemy/actor/lib/test/auto/arrayType8.xml (RunModel)" time="0.014" />
  <testcase classname="ptolemy.util.test.junit.AutoTests" name="[432] /home/travis/build/icyphy/ptII/ptolemy/actor/lib/test/auto/arrayType9.xml (RunModel)" time="0.009" />
  <testcase classname="ptolemy.util.test.junit.AutoTests" name="[433] /home/travis/build/icyphy/ptII/ptolemy/actor/lib/test/auto/cast.xml (RunModel)" time="0.009" />
  <testcase classname="ptolemy.util.test.junit.AutoTests" name="[434] /home/travis/build/icyphy/ptII/ptolemy/actor/lib/test/auto/compositeMultiPort.xml (RunModel)" time="0.017" />
  <testcase classname="ptolemy.util.test.junit.AutoTests" name="[435] /home/travis/build/icyphy/ptII/ptolemy/actor/lib/test/auto/expressionCastInference.xml (RunModel)" time="0.016" />
  <testcase classname="ptolemy.util.test.junit.AutoTests" name="[436] /home/travis/build/icyphy/ptII/ptolemy/actor/lib/test/auto/expressionCastInference2.xml (RunModel)" time="0.014" />
  <testcase classname="ptolemy.util.test.junit.AutoTests" name="[437] /home/travis/build/icyphy/ptII/ptolemy/actor/lib/test/auto/expressionInference.xml (RunModel)" time="0.007" />
  <testcase classname="ptolemy.util.test.junit.AutoTests" name="[438] /home/travis/build/icyphy/ptII/ptolemy/actor/lib/test/auto/expression_bug.xml (RunModel)" time="0.01" />
  <testcase classname="ptolemy.util.test.junit.AutoTests" name="[439] /home/travis/build/icyphy/ptII/ptolemy/actor/lib/test/auto/factorial.xml (RunModel)" time="0.055" />
  <testcase classname="ptolemy.util.test.junit.AutoTests" name="[440] /home/travis/build/icyphy/ptII/ptolemy/actor/lib/test/auto/filterTest1.xml (RunModel)" time="0.013" />
  <testcase classname="ptolemy.util.test.junit.AutoTests" name="[441] /home/travis/build/icyphy/ptII/ptolemy/actor/lib/test/auto/funcApplyInConst.xml (RunModel)" time="0.007" />
  <testcase classname="ptolemy.util.test.junit.AutoTests" name="[442] /home/travis/build/icyphy/ptII/ptolemy/actor/lib/test/auto/funcApplyInExpr.xml (RunModel)" time="0.01" />
  <testcase classname="ptolemy.util.test.junit.AutoTests" name="[443] /home/travis/build/icyphy/ptII/ptolemy/actor/lib/test/auto/function.xml (RunModel)" time="0.01" />
  <testcase classname="ptolemy.util.test.junit.AutoTests" name="[444] /home/travis/build/icyphy/ptII/ptolemy/actor/lib/test/auto/function2.xml (RunModel)" time="0.01" />
  <testcase classname="ptolemy.util.test.junit.AutoTests" name="[445] /home/travis/build/icyphy/ptII/ptolemy/actor/lib/test/auto/function3.xml (RunModel)" time="0.007" />
  <testcase classname="ptolemy.util.test.junit.AutoTests" name="[446] /home/travis/build/icyphy/ptII/ptolemy/actor/lib/test/auto/functionClosureTest1.xml (RunModel)" time="0.01" />
  <testcase classname="ptolemy.util.test.junit.AutoTests" name="[447] /home/travis/build/icyphy/ptII/ptolemy/actor/lib/test/auto/functionClosureTest2.xml (RunModel)" time="0.006" />
  <testcase classname="ptolemy.util.test.junit.AutoTests" name="[448] /home/travis/build/icyphy/ptII/ptolemy/actor/lib/test/auto/functionClosureTest3.xml (RunModel)" time="0.009" />
  <testcase classname="ptolemy.util.test.junit.AutoTests" name="[449] /home/travis/build/icyphy/ptII/ptolemy/actor/lib/test/auto/functionClosureTest4.xml (RunModel)" time="0.017" />
  <testcase classname="ptolemy.util.test.junit.AutoTests" name="[450] /home/travis/build/icyphy/ptII/ptolemy/actor/lib/test/auto/functionClosureTest5.xml (RunModel)" time="0.011" />
  <testcase classname="ptolemy.util.test.junit.AutoTests" name="[451] /home/travis/build/icyphy/ptII/ptolemy/actor/lib/test/auto/functionClosureTest6.xml (RunModel)" time="0.007" />
  <testcase classname="ptolemy.util.test.junit.AutoTests" name="[452] /home/travis/build/icyphy/ptII/ptolemy/actor/lib/test/auto/functionsOnArcs.xml (RunModel)" time="0.009" />
  <testcase classname="ptolemy.util.test.junit.AutoTests" name="[453] /home/travis/build/icyphy/ptII/ptolemy/actor/lib/test/auto/functionsOnArcsHOF.xml (RunModel)" time="0.011" />
  <testcase classname="ptolemy.util.test.junit.AutoTests" name="[454] /home/travis/build/icyphy/ptII/ptolemy/actor/lib/test/auto/logic.xml (RunModel)" time="0.016" />
  <testcase classname="ptolemy.util.test.junit.AutoTests" name="[455] /home/travis/build/icyphy/ptII/ptolemy/actor/lib/test/auto/matrixType.xml (RunModel)" time="0.008" />
  <testcase classname="ptolemy.util.test.junit.AutoTests" name="[456] /home/travis/build/icyphy/ptII/ptolemy/actor/lib/test/auto/matrixType10.xml (RunModel)" time="0.009" />
  <testcase classname="ptolemy.util.test.junit.AutoTests" name="[457] /home/travis/build/icyphy/ptII/ptolemy/actor/lib/test/auto/matrixType11.xml (RunModel)" time="0.007" />
  <testcase classname="ptolemy.util.test.junit.AutoTests" name="[458] /home/travis/build/icyphy/ptII/ptolemy/actor/lib/test/auto/matrixType12.xml (RunModel)" time="0.01" />
  <testcase classname="ptolemy.util.test.junit.AutoTests" name="[459] /home/travis/build/icyphy/ptII/ptolemy/actor/lib/test/auto/matrixType13.xml (RunModel)" time="0.008" />
  <testcase classname="ptolemy.util.test.junit.AutoTests" name="[460] /home/travis/build/icyphy/ptII/ptolemy/actor/lib/test/auto/matrixType14.xml (RunModel)" time="0.01" />
  <testcase classname="ptolemy.util.test.junit.AutoTests" name="[461] /home/travis/build/icyphy/ptII/ptolemy/actor/lib/test/auto/matrixType2.xml (RunModel)" time="0.008" />
  <testcase classname="ptolemy.util.test.junit.AutoTests" name="[462] /home/travis/build/icyphy/ptII/ptolemy/actor/lib/test/auto/matrixType3.xml (RunModel)" time="0.01" />
  <testcase classname="ptolemy.util.test.junit.AutoTests" name="[463] /home/travis/build/icyphy/ptII/ptolemy/actor/lib/test/auto/matrixType4.xml (RunModel)" time="0.031" />
  <testcase classname="ptolemy.util.test.junit.AutoTests" name="[464] /home/travis/build/icyphy/ptII/ptolemy/actor/lib/test/auto/matrixType5.xml (RunModel)" time="0.038" />
  <testcase classname="ptolemy.util.test.junit.AutoTests" name="[465] /home/travis/build/icyphy/ptII/ptolemy/actor/lib/test/auto/matrixType6.xml (RunModel)" time="0.031" />
  <testcase classname="ptolemy.util.test.junit.AutoTests" name="[466] /home/travis/build/icyphy/ptII/ptolemy/actor/lib/test/auto/matrixType7.xml (RunModel)" time="0.049" />
  <testcase classname="ptolemy.util.test.junit.AutoTests" name="[467] /home/travis/build/icyphy/ptII/ptolemy/actor/lib/test/auto/matrixType8.xml (RunModel)" time="0.041" />
  <testcase classname="ptolemy.util.test.junit.AutoTests" name="[468] /home/travis/build/icyphy/ptII/ptolemy/actor/lib/test/auto/matrixType9.xml (RunModel)" time="0.031" />
  <testcase classname="ptolemy.util.test.junit.AutoTests" name="[469] /home/travis/build/icyphy/ptII/ptolemy/actor/lib/test/auto/paraFunctest.xml (RunModel)" time="0.021" />
  <testcase classname="ptolemy.util.test.junit.AutoTests" name="[470] /home/travis/build/icyphy/ptII/ptolemy/actor/lib/test/auto/paraFunctest2.xml (RunModel)" time="0.012" />
  <testcase classname="ptolemy.util.test.junit.AutoTests" name="[471] /home/travis/build/icyphy/ptII/ptolemy/actor/lib/test/auto/parameterPassing.xml (RunModel)" time="0.009" />
  <testcase classname="ptolemy.util.test.junit.AutoTests" name="[472] /home/travis/build/icyphy/ptII/ptolemy/actor/lib/test/auto/record.xml (RunModel)" time="0.009" />
  <testcase classname="ptolemy.util.test.junit.AutoTests" name="[473] /home/travis/build/icyphy/ptII/ptolemy/actor/lib/test/auto/sizedarray1.xml (RunModel)" time="0.01" />
  <testcase classname="ptolemy.util.test.junit.AutoTests" name="[474] /home/travis/build/icyphy/ptII/ptolemy/actor/lib/test/auto/sizedarray2.xml (RunModel)" time="0.009" />
  <testcase classname="ptolemy.util.test.junit.AutoTests" name="[475] /home/travis/build/icyphy/ptII/ptolemy/actor/lib/test/auto/twoPublishers.xml (RunModel)" time="0.023" />
  <system-out><![CDATA[/home/travis/build/icyphy/ptII/ptolemy/actor/lib/test/AbsoluteValue.tcl
testDefs.tcl: setting time out to 9000 seconds at Wed Jul 10 00:54:21 UTC 2019
102 ms. Memory: 120832K Free: 101160K (84%)
6 ms. Memory: 120832K Free: 99390K (82%)
13 ms. Memory: 120832K Free: 98709K (82%)
7 ms. Memory: 120832K Free: 97709K (81%)
/home/travis/build/icyphy/ptII/ptolemy/actor/lib/test/AddSubtract.tcl
20 ms. Memory: 120832K Free: 95661K (79%)
15 ms. Memory: 120832K Free: 95016K (79%)
16 ms. Memory: 120832K Free: 94233K (78%)
19 ms. Memory: 120832K Free: 93627K (77%)
85 ms. Memory: 120832K Free: 107590K (89%)
15 ms. Memory: 120832K Free: 107073K (89%)
/home/travis/build/icyphy/ptII/ptolemy/actor/lib/test/Average.tcl
20 ms. Memory: 120832K Free: 105515K (87%)
22 ms. Memory: 120832K Free: 104021K (86%)
/home/travis/build/icyphy/ptII/ptolemy/actor/lib/test/Bernoulli.tcl
4 ms. Memory: 120832K Free: 102472K (85%)
2 ms. Memory: 120832K Free: 101971K (84%)
/home/travis/build/icyphy/ptII/ptolemy/actor/lib/test/Clock.tcl
preinitializing
resolving types
initializing
executing number 1
wrapping up
idle
46 ms. Memory: 120832K Free: 99401K (82%)
Completed execution with 5 iterations
preinitializing
resolving types
initializing
executing number 1
wrapping up
idle
4 ms. Memory: 120832K Free: 98362K (81%)
Completed execution with 5 iterations
preinitializing
resolving types
initializing
executing number 1
wrapping up
idle
4 ms. Memory: 120832K Free: 97861K (81%)
Completed execution with 5 iterations
/home/travis/build/icyphy/ptII/ptolemy/actor/lib/test/Commutator.tcl
6 ms. Memory: 120832K Free: 95813K (79%)
6 ms. Memory: 120832K Free: 94819K (78%)
12 ms. Memory: 120832K Free: 89131K (74%)
/home/travis/build/icyphy/ptII/ptolemy/actor/lib/test/Const.tcl
4 ms. Memory: 120832K Free: 87635K (73%)
3 ms. Memory: 120832K Free: 87094K (72%)
3 ms. Memory: 120832K Free: 86579K (72%)
3 ms. Memory: 120832K Free: 86070K (71%)
2 ms. Memory: 120832K Free: 85581K (71%)
31 ms. Memory: 164864K Free: 151663K (92%)
6 ms. Memory: 164864K Free: 150232K (91%)
17 ms. Memory: 164864K Free: 149712K (91%)
/home/travis/build/icyphy/ptII/ptolemy/actor/lib/test/CurrentTime.tcl
preinitializing
resolving types
initializing
executing number 1
wrapping up
idle
19 ms. Memory: 164864K Free: 147656K (90%)
Completed execution with 11 iterations
/home/travis/build/icyphy/ptII/ptolemy/actor/lib/test/DB.tcl
5 ms. Memory: 164864K Free: 146136K (89%)
3 ms. Memory: 164864K Free: 145112K (88%)
2 ms. Memory: 164864K Free: 145112K (88%)
/home/travis/build/icyphy/ptII/ptolemy/actor/lib/test/DiscreteRandomSource.tcl
preinitializing
resolving types
initializing
executing number 1
wrapping up
idle
7 ms. Memory: 164864K Free: 143560K (87%)
Completed execution with 4 iterations
preinitializing
resolving types
initializing
executing number 1
wrapping up
idle
5 ms. Memory: 164864K Free: 143064K (87%)
Completed execution with 4 iterations
preinitializing
resolving types
initializing
executing number 1
wrapping up
idle
6 ms. Memory: 164864K Free: 142536K (86%)
Completed execution with 4 iterations
preinitializing
resolving types
initializing
executing number 1
wrapping up
idle
10 ms. Memory: 164864K Free: 142040K (86%)
Completed execution with 4 iterations
preinitializing
resolving types
initializing
executing number 1
wrapping up
idle
12 ms. Memory: 164864K Free: 141512K (86%)
Completed execution with 4 iterations
/home/travis/build/icyphy/ptII/ptolemy/actor/lib/test/Distributor.tcl
5 ms. Memory: 164864K Free: 139992K (85%)
7 ms. Memory: 164864K Free: 139464K (85%)
StreamChangeRequest.changeExecuted(): <deleteEntity name="rec2"/> succeeded
StreamChangeRequest.changeExecuted(): <deleteRelation name="r2"/> succeeded
StreamChangeRequest.changeExecuted(): Record firings per iteration succeeded
16 ms. Memory: 164864K Free: 136920K (83%)
/home/travis/build/icyphy/ptII/ptolemy/actor/lib/test/Exit.tcl
Exit.tcl: this will print a message about Manager.exitAfterWrapup, which can be ignored.
10 ms. Memory: 164864K Free: 133848K (81%)
/home/travis/build/icyphy/ptII/ptolemy/actor/lib/test/Expression.tcl
30 ms. Memory: 164864K Free: 130262K (79%)
9 ms. Memory: 164864K Free: 129238K (78%)
6 ms. Memory: 164864K Free: 128728K (78%)
preinitializing
resolving types
initializing
executing number 1
wrapping up
idle
13 ms. Memory: 164864K Free: 127176K (77%)
Completed execution with 6 iterations
4 ms. Memory: 164864K Free: 126136K (77%)
9 ms. Memory: 164864K Free: 125656K (76%)
9 ms. Memory: 164864K Free: 124632K (76%)
7 ms. Memory: 164864K Free: 123080K (75%)
10 ms. Memory: 164864K Free: 122070K (74%)
/home/travis/build/icyphy/ptII/ptolemy/actor/lib/test/Gaussian.tcl
6 ms. Memory: 164864K Free: 120008K (73%)
sleeping 1 seconds: ...................................................................................................................................................................................................................................................................................................................................................................................................................................................................................................................................................................................................................................................................................................................................................................................................................................................................................................................................................................................................................................................................................................................................................................................................................................................................................................................................................................................................................................................................................................................................................................................................................................................................................................................................................................................................................................................................................................................................................................................................................................................................................................................................................................................................................................................................................................................................................................................................................................................................................................................................................................................................................................................................................................................................................................................................................................................................................................................................................................................................................................................................................................................................................................................................................................................................................................................................................................................................................................................................................................................................................................................................................................................................................................................................................................................................................................................................................................................................................................................................................................................................................................................................................................................................................................................................................................................................................................................................................................................................................................................................................................................................................................................................................................................................................................................................................................................................................................................................................................................................................................................................................................................................................................................................................................................................................................................................................................................................................................................................................................................................................................................................................................................................................................................................................................................................................................................................................................................................................................................................................................................................................................................................................................................................................................................................................................................................................................................................................................................................................................................................................................................................................................................................................................................................................................................................................................................................................................................................................................................................................................................................................................................................................................................................................................................................................................................................................................................................................................................................................................................................................................................................................................................................................................................................................................................................................................................................................................................................................................................................................................7 ms. Memory: 164864K Free: 143001K (87%)
3 ms. Memory: 164864K Free: 141977K (86%)
2 ms. Memory: 164864K Free: 141449K (86%)
2 ms. Memory: 164864K Free: 140953K (85%)
4 ms. Memory: 164864K Free: 140409K (85%)
/home/travis/build/icyphy/ptII/ptolemy/actor/lib/test/IIR.tcl
/home/travis/build/icyphy/ptII/ptolemy/actor/lib/test/Interpolator.tcl
4 ms. Memory: 164864K Free: 136313K (83%)
2 ms. Memory: 164864K Free: 135833K (82%)
2 ms. Memory: 164864K Free: 135305K (82%)
2 ms. Memory: 164864K Free: 134809K (82%)
2 ms. Memory: 164864K Free: 133785K (81%)
4 ms. Memory: 164864K Free: 133271K (81%)
2 ms. Memory: 164864K Free: 132241K (80%)
3 ms. Memory: 164864K Free: 131223K (80%)
6 ms. Memory: 164864K Free: 130193K (79%)
3 ms. Memory: 164864K Free: 129689K (79%)
/home/travis/build/icyphy/ptII/ptolemy/actor/lib/test/MathFunction.tcl
8 ms. Memory: 164864K Free: 127641K (77%)
2 ms. Memory: 164864K Free: 126089K (76%)
2 ms. Memory: 164864K Free: 125065K (76%)
8 ms. Memory: 164864K Free: 124569K (76%)
8 ms. Memory: 164864K Free: 123017K (75%)
8 ms. Memory: 164864K Free: 120983K (73%)
/home/travis/build/icyphy/ptII/ptolemy/actor/lib/test/Maximum.tcl
5 ms. Memory: 164864K Free: 119449K (72%)
5 ms. Memory: 164864K Free: 118425K (72%)
5 ms. Memory: 164864K Free: 117897K (72%)
3 ms. Memory: 164864K Free: 117401K (71%)
/home/travis/build/icyphy/ptII/ptolemy/actor/lib/test/Minimum.tcl
6 ms. Memory: 164864K Free: 115849K (70%)
5 ms. Memory: 164864K Free: 114839K (70%)
2 ms. Memory: 164864K Free: 114329K (69%)
4 ms. Memory: 164864K Free: 113801K (69%)
/home/travis/build/icyphy/ptII/ptolemy/actor/lib/test/MultiplyDivide.tcl
13 ms. Memory: 164864K Free: 111761K (68%)
7 ms. Memory: 164864K Free: 110743K (67%)
2 ms. Memory: 164864K Free: 110233K (67%)
2 ms. Memory: 164864K Free: 109705K (67%)
5 ms. Memory: 164864K Free: 108689K (66%)
/home/travis/build/icyphy/ptII/ptolemy/actor/lib/test/OrderedMerge.tcl
Connections changed on port: inputA
Connections changed on port: inputB
Connections changed on port: output
Connections changed on port: output
Connections changed on port: output
Connections changed on port: input
.top. Preinitializing ...
Invoking preinitialize():  .top.OrderedMerge
Called preinitialize()
Invoking preinitialize():  .top.Ramp
Called preinitialize()
Invoking preinitialize():  .top.Ramp2
Called preinitialize()
Invoking preinitialize():  .top.Test
Called preinitialize()
Connections changed on port: inputA
Connections changed on port: output
Connections changed on port: inputB
Connections changed on port: output
Connections changed on port: output
Connections changed on port: input
.top. Finished preinitialize().
Called initialize().
Invoking initialize():  .top.OrderedMerge
Initializing actor: .top.OrderedMerge
Adding a thread: .top.OrderedMerge
Invoking initialize():  .top.Ramp
Initializing actor: .top.Ramp
Adding a thread: .top.Ramp
Invoking initialize():  .top.Ramp2
Initializing actor: .top.Ramp2
Adding a thread: .top.Ramp2
Invoking initialize():  .top.Test
Initializing actor: .top.Test
Adding a thread: .top.Test
Called fire().
Checking for deadlock:
-- Starting thread.
-- Starting thread.
Called initialize()
Called initialize()
Called prefire()
Called fire()
-- Starting thread.
Called initialize()
Called prefire()
There are 0 Blocked actors, 0 Stopped actors, and 4 active threads.
Waiting for actors to stop.
Called prefire()
Checking for deadlock:
There are 1 Blocked actors, 0 Stopped actors, and 4 active threads.
Waiting for actors to stop.
Called fire()
-- Starting thread.
Called postfire()
Called fire()
Called prefire()
Called fire()
Called initialize()
Called postfire()
Called prefire()
Called fire()
Called prefire()
Called fire()
Checking for deadlock:
There are 2 Blocked actors, 0 Stopped actors, and 4 active threads.
Waiting for actors to stop.
Called postfire()
Called prefire()
Called fire()
Checking for deadlock:
There are 3 Blocked actors, 0 Stopped actors, and 4 active threads.
Waiting for actors to stop.
Read input token from inputA with value 0.0
Next port to read input from is inputB
Called postfire()
Called prefire()
Called fire()
Read input token from inputB with value 0.0
Sent output token with value 0.0
Next port to read input from is inputA
Called postfire()
Called prefire()
Called fire()
Read input token from inputA with value 1.0
Called postfire()
Called prefire()
Called fire()
-- Read input: 0.0, which is expected to match: 0.0
Called prefire()
Called fire()
Checking for deadlock:
There are 2 Blocked actors, 0 Stopped actors, and 4 active threads.
Waiting for actors to stop.
Called postfire()
Called prefire()
Called fire()
Sent output token with value 0.0
Next port to read input from is inputB
Called postfire()
Called prefire()
Called fire()
Read input token from inputB with value 1.5
Checking for deadlock:
There are 2 Blocked actors, 0 Stopped actors, and 4 active threads.
Waiting for actors to stop.
Called postfire()
-- Read input: 0.0, which is expected to match: 0.0
Called prefire()
Called fire()
Called prefire()
Called fire()
Checking for deadlock:
There are 3 Blocked actors, 0 Stopped actors, and 4 active threads.
Waiting for actors to stop.
-- Read input: 1.0, which is expected to match: 1.0
Called prefire()
Called fire()
Checking for deadlock:
There are 3 Blocked actors, 0 Stopped actors, and 4 active threads.
Waiting for actors to stop.
Sent output token with value 1.0
Next port to read input from is inputA
Called postfire()
Called prefire()
Called fire()
Read input token from inputA with value 2.0
Sent output token with value 1.5
Next port to read input from is inputB
Called postfire()
Called prefire()
Called fire()
Read input token from inputB with value 3.0
Called postfire()
Called prefire()
Called postfire()
Called fire()
Called prefire()
Called fire()
Checking for deadlock:
There are 3 Blocked actors, 0 Stopped actors, and 4 active threads.
Waiting for actors to stop.
-- Read input: 1.5, which is expected to match: 1.5
Called prefire()
Called fire()
Checking for deadlock:
There are 3 Blocked actors, 0 Stopped actors, and 4 active threads.
Waiting for actors to stop.
-- Read input: 2.0, which is expected to match: 2.0
Called prefire()
Called fire()
Checking for deadlock:
There are 3 Blocked actors, 0 Stopped actors, and 4 active threads.
Waiting for actors to stop.
Sent output token with value 2.0
Next port to read input from is inputA
Called postfire()
Called prefire()
Called fire()
Called postfire()
Called prefire()
Called fire()
Checking for deadlock:
There are 3 Blocked actors, 0 Stopped actors, and 4 active threads.
Waiting for actors to stop.
Read input token from inputA with value 3.0
-- Read input: 3.0, which is expected to match: 3.0
Called prefire()
Called fire()
Checking for deadlock:
There are 3 Blocked actors, 0 Stopped actors, and 4 active threads.
Waiting for actors to stop.
Sent output token with value 3.0
Next port to read input from is inputB
Called postfire()
Called prefire()
Called fire()
Checking for deadlock:
Called postfire()
There are 2 Blocked actors, 0 Stopped actors, and 4 active threads.
Called prefire()
Waiting for actors to stop.
Called fire()
Checking for deadlock:
There are 3 Blocked actors, 0 Stopped actors, and 4 active threads.
Waiting for actors to stop.
Read input token from inputB with value 4.5
Checking for deadlock:
There are 2 Blocked actors, 0 Stopped actors, and 4 active threads.
Waiting for actors to stop.
-- Read input: 3.0, which is expected to match: 3.0
Called prefire()
Called fire()
Sent output token with value 3.0
Checking for deadlock:
There are 3 Blocked actors, 0 Stopped actors, and 4 active threads.
Waiting for actors to stop.
Next port to read input from is inputA
Called postfire()
Called prefire()
Called fire()
Checking for deadlock:
There are 2 Blocked actors, 0 Stopped actors, and 4 active threads.
Waiting for actors to stop.
Called postfire()
Called prefire()
Called fire()
Checking for deadlock:
There are 3 Blocked actors, 0 Stopped actors, and 4 active threads.
Waiting for actors to stop.
Read input token from inputA with value 4.0
Checking for deadlock:
There are 2 Blocked actors, 0 Stopped actors, and 4 active threads.
Waiting for actors to stop.
-- Read input: 4.0, which is expected to match: 4.0
Called prefire()
Called fire()
Past the end of training data. Read and discard all inputs.
Checking for deadlock:
There are 3 Blocked actors, 0 Stopped actors, and 4 active threads.
Waiting for actors to stop.
Sent output token with value 4.0
Next port to read input from is inputA
Called postfire()
Called prefire()
Called fire()
Checking for deadlock:
There are 2 Blocked actors, 0 Stopped actors, and 4 active threads.
Waiting for actors to stop.
Called postfire()
Called prefire()
Called fire()
Checking for deadlock:
There are 3 Blocked actors, 0 Stopped actors, and 4 active threads.
Waiting for actors to stop.
Read input token from inputA with value 5.0
Checking for deadlock:
There are 2 Blocked actors, 0 Stopped actors, and 4 active threads.
Waiting for actors to stop.
Called prefire()
Called fire()
Past the end of training data. Read and discard all inputs.
Checking for deadlock:
There are 3 Blocked actors, 0 Stopped actors, and 4 active threads.
Waiting for actors to stop.
Sent output token with value 4.5
Next port to read input from is inputB
Called postfire()
Called prefire()
Called fire()
Checking for deadlock:
There are 2 Blocked actors, 0 Stopped actors, and 4 active threads.
Waiting for actors to stop.
Called postfire()
Called prefire()
Called fire()
Read input token from inputB with value 6.0
Checking for deadlock:
There are 3 Blocked actors, 0 Stopped actors, and 4 active threads.
Waiting for actors to stop.
Checking for deadlock:
There are 2 Blocked actors, 0 Stopped actors, and 4 active threads.
Waiting for actors to stop.
Called prefire()
Called fire()
Past the end of training data. Read and discard all inputs.
Checking for deadlock:
There are 3 Blocked actors, 0 Stopped actors, and 4 active threads.
Waiting for actors to stop.
Sent output token with value 5.0
Next port to read input from is inputA
Called postfire()
Called prefire()
Called fire()
Called postfire()
Called prefire()
Called fire()
Checking for deadlock:
There are 3 Blocked actors, 0 Stopped actors, and 4 active threads.
Waiting for actors to stop.
Read input token from inputA with value 6.0
Called prefire()
Called fire()
Past the end of training data. Read and discard all inputs.
Checking for deadlock:
There are 3 Blocked actors, 0 Stopped actors, and 4 active threads.
Waiting for actors to stop.
Sent output token with value 6.0
Next port to read input from is inputB
Called postfire()
Called prefire()
Called fire()
Checking for deadlock:
Called postfire()
There are 2 Blocked actors, 0 Stopped actors, and 4 active threads.
Called prefire()
Waiting for actors to stop.
Called fire()
Checking for deadlock:
There are 3 Blocked actors, 0 Stopped actors, and 4 active threads.
Waiting for actors to stop.
Read input token from inputB with value 7.5
Checking for deadlock:
There are 2 Blocked actors, 0 Stopped actors, and 4 active threads.
Waiting for actors to stop.
Called prefire()
Called fire()
Past the end of training data. Read and discard all inputs.
Checking for deadlock:
There are 3 Blocked actors, 0 Stopped actors, and 4 active threads.
Waiting for actors to stop.
Sent output token with value 6.0
Next port to read input from is inputA
Called postfire()
Called prefire()
Called fire()
Checking for deadlock:
There are 2 Blocked actors, 0 Stopped actors, and 4 active threads.
Waiting for actors to stop.
Called postfire()
Called prefire()
Called fire()
Checking for deadlock:
There are 3 Blocked actors, 0 Stopped actors, and 4 active threads.
Waiting for actors to stop.
Read input token from inputA with value 7.0
Checking for deadlock:
There are 2 Blocked actors, 0 Stopped actors, and 4 active threads.
Waiting for actors to stop.
Called prefire()
Called fire()
Past the end of training data. Read and discard all inputs.
Checking for deadlock:
There are 3 Blocked actors, 0 Stopped actors, and 4 active threads.
Waiting for actors to stop.
Sent output token with value 7.0
Next port to read input from is inputA
Called postfire()
Called prefire()
Called fire()
Checking for deadlock:
There are 2 Blocked actors, 0 Stopped actors, and 4 active threads.
Waiting for actors to stop.
-- Thread wrapup() called.
Called wrapup()
Thread .top.Ramp is exiting.
-- Thread stopped.
Checking for deadlock:
There are 2 Blocked actors, 0 Stopped actors, and 3 active threads.
Waiting for actors to stop.
Read input token from inputA with value 8.0
Called prefire()
Called fire()
Past the end of training data. Read and discard all inputs.
Checking for deadlock:
There are 2 Blocked actors, 0 Stopped actors, and 3 active threads.
Waiting for actors to stop.
Sent output token with value 7.5
Next port to read input from is inputB
Called postfire()
Called prefire()
Called fire()
Checking for deadlock:
There are 1 Blocked actors, 0 Stopped actors, and 3 active threads.
Waiting for actors to stop.
Read input token from inputB with value 9.0
Called postfire()
Called prefire()
Called fire()
Called prefire()
Called fire()
Past the end of training data. Read and discard all inputs.
Checking for deadlock:
There are 2 Blocked actors, 0 Stopped actors, and 3 active threads.
Waiting for actors to stop.
Sent output token with value 8.0
Next port to read input from is inputA
Called postfire()
Called prefire()
Called fire()
Read input token from inputA with value 9.0
Called prefire()
Called fire()
Past the end of training data. Read and discard all inputs.
Checking for deadlock:
There are 2 Blocked actors, 0 Stopped actors, and 3 active threads.
Waiting for actors to stop.
Sent output token with value 9.0
Next port to read input from is inputB
Called postfire()
Called prefire()
Called fire()
Checking for deadlock:
There are 1 Blocked actors, 0 Stopped actors, and 3 active threads.
Waiting for actors to stop.
Called postfire()
Read input token from inputB with value 10.5
Called prefire()
Called fire()
Checking for deadlock:
There are 2 Blocked actors, 0 Stopped actors, and 3 active threads.
Waiting for actors to stop.
Checking for deadlock:
There are 1 Blocked actors, 0 Stopped actors, and 3 active threads.
Waiting for actors to stop.
Called prefire()
Called fire()
Past the end of training data. Read and discard all inputs.
Checking for deadlock:
There are 2 Blocked actors, 0 Stopped actors, and 3 active threads.
Waiting for actors to stop.
Sent output token with value 9.0
Next port to read input from is inputA
Called postfire()
Called prefire()
Called fire()
Checking for deadlock:
There are 3 Blocked actors, 0 Stopped actors, and 3 active threads.
Actors have stopped.
Checking for deadlock:
There are 3 Blocked actors, 0 Stopped actors, and 3 active threads.
Deadlock detected.
Resolving Deadlock
Checking for deadlock:
There are 3 Blocked actors, 0 Stopped actors, and 3 active threads.
Artificial Deadlock - increasing queue capacity.
increasing the capacity of receiver ptolemy.actor.TypedIOPort {.top.OrderedMerge.inputB} to 2
-- Thread wrapup() called.
Called wrapup()
Thread .top.Ramp2 is exiting.
-- Thread stopped.
Director: Called postfire().
Called postfire().
_stopRequested = false
_stopFireRequested = false
Returning from postfire(): true
Called fire().
Checking for deadlock:
There are 2 Blocked actors, 0 Stopped actors, and 2 active threads.
Actors have stopped.
Checking for deadlock:
There are 2 Blocked actors, 0 Stopped actors, and 2 active threads.
Deadlock detected.
Resolving Deadlock
Checking for deadlock:
There are 2 Blocked actors, 0 Stopped actors, and 2 active threads.
Deadlock detected: no processes blocked on write, but some are blocked on read.
Called postfire().
_stopRequested = false
_stopFireRequested = false
Returning from postfire(): false
Finished deactivating branches.
Called wrapup().
-- Thread wrapup() called.
Called wrapup()
Thread .top.OrderedMerge is exiting.
-- Thread stopped.
-- Blocked Receiver call threw TerminateProcessException.
-- Thread wrapup() called.
Called wrapup()
Thread .top.Test is exiting.
-- Thread stopped.
-- Blocked Receiver call threw TerminateProcessException.
66 ms. Memory: 164864K Free: 104089K (63%)
.top. Preinitializing ...
Invoking preinitialize():  .top.OrderedMerge
Called preinitialize()
Invoking preinitialize():  .top.Ramp
Called preinitialize()
Invoking preinitialize():  .top.Ramp2
Called preinitialize()
Invoking preinitialize():  .top.Test
Called preinitialize()
.top. Finished preinitialize().
Called initialize().
Invoking initialize():  .top.OrderedMerge
Initializing actor: .top.OrderedMerge
Adding a thread: .top.OrderedMerge
Invoking initialize():  .top.Ramp
Initializing actor: .top.Ramp
Adding a thread: .top.Ramp
Invoking initialize():  .top.Ramp2
Initializing actor: .top.Ramp2
Adding a thread: .top.Ramp2
Invoking initialize():  .top.Test
Initializing actor: .top.Test
Adding a thread: .top.Test
-- Starting thread.
Called initialize()
Called prefire()
Called fire()
-- Starting thread.
Called initialize()
Called prefire()
Called fire()
Called postfire()
Called prefire()
Called fire()
-- Starting thread.
Called initialize()
Called prefire()
Called fire()
Called postfire()
Called prefire()
Called fire()
Called fire().
Checking for deadlock:
There are 3 Blocked actors, 0 Stopped actors, and 4 active threads.
Waiting for actors to stop.
-- Starting thread.
Called initialize()
Called prefire()
Called fire()
Checking for deadlock:
There are 2 Blocked actors, 0 Stopped actors, and 4 active threads.
Waiting for actors to stop.
Called postfire()
Called prefire()
Called fire()
Checking for deadlock:
Read input token from inputA with value 0.0
There are 3 Blocked actors, 0 Stopped actors, and 4 active threads.
Waiting for actors to stop.
Next port to read input from is inputB
Called postfire()
Called prefire()
Called fire()
Checking for deadlock:
There are 2 Blocked actors, 0 Stopped actors, and 4 active threads.
Waiting for actors to stop.
Called postfire()
Called prefire()
Called fire()
Checking for deadlock:
There are 3 Blocked actors, 0 Stopped actors, and 4 active threads.
Waiting for actors to stop.
Read input token from inputB with value 0.0
Checking for deadlock:
There are 2 Blocked actors, 0 Stopped actors, and 4 active threads.
Waiting for actors to stop.
Sent output token with value 0.0
-- Read input: 0.0, which is expected to match: 0.0
Called prefire()
Called fire()
Checking for deadlock:
There are 3 Blocked actors, 0 Stopped actors, and 4 active threads.
Waiting for actors to stop.
Next port to read input from is inputA
Called postfire()
Called prefire()
Called fire()
Checking for deadlock:
There are 2 Blocked actors, 0 Stopped actors, and 4 active threads.
Waiting for actors to stop.
Called postfire()
Called prefire()
Called fire()
Checking for deadlock:
There are 3 Blocked actors, 0 Stopped actors, and 4 active threads.
Waiting for actors to stop.
Read input token from inputA with value 1.0
Checking for deadlock:
There are 2 Blocked actors, 0 Stopped actors, and 4 active threads.
Sent output token with value 0.0
Waiting for actors to stop.
-- Read input: 0.0, which is expected to match: 0.0
Next port to read input from is inputB
Called postfire()
Called prefire()
Called prefire()
Called fire()
Called fire()
Checking for deadlock:
There are 2 Blocked actors, 0 Stopped actors, and 4 active threads.
Waiting for actors to stop.
Read input token from inputB with value 1.5
Called postfire()
Called prefire()
Called fire()
Checking for deadlock:
Sent output token with value 1.0
There are 2 Blocked actors, 0 Stopped actors, and 4 active threads.
Waiting for actors to stop.
Next port to read input from is inputA
Called postfire()
-- Read input: 1.0, which is expected to match: 1.0
Called prefire()
Called prefire()
Called fire()
Called fire()
Checking for deadlock:
There are 3 Blocked actors, 0 Stopped actors, and 4 active threads.
Waiting for actors to stop.
Called postfire()
Called prefire()
Called fire()
Checking for deadlock:
There are 3 Blocked actors, 0 Stopped actors, and 4 active threads.
Waiting for actors to stop.
Read input token from inputA with value 2.0
Checking for deadlock:
There are 2 Blocked actors, 0 Stopped actors, and 4 active threads.
Waiting for actors to stop.
-- Read input: 1.5, which is expected to match: 1.5
Sent output token with value 1.5
Called prefire()
Called fire()
Checking for deadlock:
There are 3 Blocked actors, 0 Stopped actors, and 4 active threads.
Waiting for actors to stop.
Next port to read input from is inputB
Called postfire()
Called prefire()
Called fire()
Called postfire()
Called prefire()
Called fire()
Checking for deadlock:
There are 3 Blocked actors, 0 Stopped actors, and 4 active threads.
Waiting for actors to stop.
Read input token from inputB with value 3.0
Checking for deadlock:
There are 2 Blocked actors, 0 Stopped actors, and 4 active threads.
Waiting for actors to stop.
-- Read input: 2.0, which is expected to match: 2.0
Sent output token with value 2.0
Called prefire()
Called fire()
Checking for deadlock:
There are 3 Blocked actors, 0 Stopped actors, and 4 active threads.
Waiting for actors to stop.
Next port to read input from is inputA
Called postfire()
Called prefire()
Called fire()
Read input token from inputA with value 3.0
Checking for deadlock:
There are 2 Blocked actors, 0 Stopped actors, and 4 active threads.
Waiting for actors to stop.
Called postfire()
Called prefire()
Called fire()
Checking for deadlock:
There are 3 Blocked actors, 0 Stopped actors, and 4 active threads.
Waiting for actors to stop.
Checking for deadlock:
There are 2 Blocked actors, 0 Stopped actors, and 4 active threads.
Waiting for actors to stop.
-- Read input: 3.0, which is expected to match: 3.0
Sent output token with value 3.0
Called prefire()
Called fire()
Next port to read input from is inputB
Checking for deadlock:
There are 3 Blocked actors, 0 Stopped actors, and 4 active threads.
Waiting for actors to stop.
Called postfire()
Called prefire()
Called fire()
Checking for deadlock:
There are 2 Blocked actors, 0 Stopped actors, and 4 active threads.
Waiting for actors to stop.
Called postfire()
Called prefire()
Called fire()
Checking for deadlock:
There are 3 Blocked actors, 0 Stopped actors, and 4 active threads.
Waiting for actors to stop.
Read input token from inputB with value 4.5
Checking for deadlock:
There are 2 Blocked actors, 0 Stopped actors, and 4 active threads.
Waiting for actors to stop.
-- Read input: 3.0, which is expected to match: 3.0
Called prefire()
Called fire()
Sent output token with value 3.0
Checking for deadlock:
There are 3 Blocked actors, 0 Stopped actors, and 4 active threads.
Waiting for actors to stop.
Next port to read input from is inputA
Called postfire()
Called prefire()
Called fire()
Checking for deadlock:
There are 2 Blocked actors, 0 Stopped actors, and 4 active threads.
Waiting for actors to stop.
Called postfire()
Called prefire()
Called fire()
Checking for deadlock:
There are 3 Blocked actors, 0 Stopped actors, and 4 active threads.
Waiting for actors to stop.
Read input token from inputA with value 4.0
-- Read input: 4.0, which is expected to match: 4.0
Called prefire()
Called fire()
Past the end of training data. Read and discard all inputs.
Checking for deadlock:
There are 3 Blocked actors, 0 Stopped actors, and 4 active threads.
Waiting for actors to stop.
Sent output token with value 4.0
Next port to read input from is inputA
Called postfire()
Called prefire()
Called fire()
Called postfire()
Called prefire()
Called fire()
Checking for deadlock:
Read input token from inputA with value 5.0
There are 3 Blocked actors, 0 Stopped actors, and 4 active threads.
Waiting for actors to stop.
Sent output token with value 4.5
Called prefire()
Called fire()
Past the end of training data. Read and discard all inputs.
Next port to read input from is inputB
Checking for deadlock:
Called postfire()
There are 3 Blocked actors, 0 Stopped actors, and 4 active threads.
Called prefire()
Waiting for actors to stop.
Called fire()
Called postfire()
Called prefire()
Called fire()
Checking for deadlock:
There are 3 Blocked actors, 0 Stopped actors, and 4 active threads.
Waiting for actors to stop.
Read input token from inputB with value 6.0
Called prefire()
Called fire()
Sent output token with value 5.0
Past the end of training data. Read and discard all inputs.
Checking for deadlock:
There are 3 Blocked actors, 0 Stopped actors, and 4 active threads.
Next port to read input from is inputA
Called postfire()
Waiting for actors to stop.
Called prefire()
Called fire()
Checking for deadlock:
There are 2 Blocked actors, 0 Stopped actors, and 4 active threads.
Waiting for actors to stop.
Called postfire()
Called prefire()
Called fire()
Read input token from inputA with value 6.0
Checking for deadlock:
There are 3 Blocked actors, 0 Stopped actors, and 4 active threads.
Waiting for actors to stop.
Checking for deadlock:
There are 2 Blocked actors, 0 Stopped actors, and 4 active threads.
Waiting for actors to stop.
Sent output token with value 6.0
Called prefire()
Called fire()
Past the end of training data. Read and discard all inputs.
Next port to read input from is inputB
Called postfire()
Called prefire()
Called fire()
Checking for deadlock:
There are 3 Blocked actors, 0 Stopped actors, and 4 active threads.
Waiting for actors to stop.
Checking for deadlock:
Called postfire()
There are 2 Blocked actors, 0 Stopped actors, and 4 active threads.
Called prefire()
Waiting for actors to stop.
Called fire()
Checking for deadlock:
There are 3 Blocked actors, 0 Stopped actors, and 4 active threads.
Waiting for actors to stop.
Read input token from inputB with value 7.5
Checking for deadlock:
There are 2 Blocked actors, 0 Stopped actors, and 4 active threads.
Waiting for actors to stop.
Called prefire()
Called fire()
Past the end of training data. Read and discard all inputs.
Checking for deadlock:
There are 3 Blocked actors, 0 Stopped actors, and 4 active threads.
Waiting for actors to stop.
Sent output token with value 6.0
Next port to read input from is inputA
Called postfire()
Called prefire()
Called fire()
Called postfire()
Called prefire()
Called fire()
Checking for deadlock:
There are 3 Blocked actors, 0 Stopped actors, and 4 active threads.
Read input token from inputA with value 7.0
Waiting for actors to stop.
Called prefire()
Called fire()
Past the end of training data. Read and discard all inputs.
Checking for deadlock:
Sent output token with value 7.0
There are 3 Blocked actors, 0 Stopped actors, and 4 active threads.
Next port to read input from is inputA
Called postfire()
Waiting for actors to stop.
Called prefire()
Called fire()
-- Thread wrapup() called.
Called wrapup()
Thread .top.Ramp is exiting.
-- Thread stopped.
Checking for deadlock:
There are 2 Blocked actors, 0 Stopped actors, and 3 active threads.
Waiting for actors to stop.
Read input token from inputA with value 8.0
Checking for deadlock:
There are 1 Blocked actors, 0 Stopped actors, and 3 active threads.
Sent output token with value 7.5
Waiting for actors to stop.
Called prefire()
Called fire()
Past the end of training data. Read and discard all inputs.
Next port to read input from is inputB
Called postfire()
Called prefire()
Called fire()
Checking for deadlock:
There are 2 Blocked actors, 0 Stopped actors, and 3 active threads.
Waiting for actors to stop.
Checking for deadlock:
There are 1 Blocked actors, 0 Stopped actors, and 3 active threads.
Waiting for actors to stop.
Read input token from inputB with value 9.0
Called postfire()
Called prefire()
Called fire()
Checking for deadlock:
There are 2 Blocked actors, 0 Stopped actors, and 3 active threads.
Waiting for actors to stop.
Called prefire()
Sent output token with value 8.0
Checking for deadlock:
Called fire()
There are 1 Blocked actors, 0 Stopped actors, and 3 active threads.
Past the end of training data. Read and discard all inputs.
Waiting for actors to stop.
Checking for deadlock:
There are 2 Blocked actors, 0 Stopped actors, and 3 active threads.
Waiting for actors to stop.
Next port to read input from is inputA
Called postfire()
Called prefire()
Called fire()
Read input token from inputA with value 9.0
Called prefire()
Called fire()
Past the end of training data. Read and discard all inputs.
Checking for deadlock:
There are 2 Blocked actors, 0 Stopped actors, and 3 active threads.
Waiting for actors to stop.
Sent output token with value 9.0
Next port to read input from is inputB
Called postfire()
Called prefire()
Called fire()
Checking for deadlock:
There are 1 Blocked actors, 0 Stopped actors, and 3 active threads.
Waiting for actors to stop.
Read input token from inputB with value 10.5
Called postfire()
Called prefire()
Called fire()
Checking for deadlock:
There are 2 Blocked actors, 0 Stopped actors, and 3 active threads.
Waiting for actors to stop.
Checking for deadlock:
There are 1 Blocked actors, 0 Stopped actors, and 3 active threads.
Waiting for actors to stop.
Sent output token with value 9.0
Called prefire()
Called fire()
Past the end of training data. Read and discard all inputs.
Checking for deadlock:
There are 2 Blocked actors, 0 Stopped actors, and 3 active threads.
Waiting for actors to stop.
Next port to read input from is inputA
Called postfire()
Called prefire()
Called fire()
Checking for deadlock:
There are 3 Blocked actors, 0 Stopped actors, and 3 active threads.
Actors have stopped.
Checking for deadlock:
There are 3 Blocked actors, 0 Stopped actors, and 3 active threads.
Deadlock detected.
Resolving Deadlock
Checking for deadlock:
There are 3 Blocked actors, 0 Stopped actors, and 3 active threads.
Artificial Deadlock - increasing queue capacity.
increasing the capacity of receiver ptolemy.actor.TypedIOPort {.top.OrderedMerge.inputB} to 2
Director: Called postfire().
Called postfire().
_stopRequested = false
-- Thread wrapup() called.
_stopFireRequested = false
Called wrapup()
Returning from postfire(): true
Thread .top.Ramp2 is exiting.
-- Thread stopped.
Called fire().
Checking for deadlock:
There are 2 Blocked actors, 0 Stopped actors, and 2 active threads.
Actors have stopped.
Checking for deadlock:
There are 2 Blocked actors, 0 Stopped actors, and 2 active threads.
Deadlock detected.
Resolving Deadlock
Checking for deadlock:
There are 2 Blocked actors, 0 Stopped actors, and 2 active threads.
Deadlock detected: no processes blocked on write, but some are blocked on read.
Called postfire().
_stopRequested = false
_stopFireRequested = false
Returning from postfire(): false
Finished deactivating branches.
Called wrapup().
-- Thread wrapup() called.
Called wrapup()
Thread .top.Test is exiting.
-- Thread stopped.
-- Blocked Receiver call threw TerminateProcessException.
-- Thread wrapup() called.
Called wrapup()
Thread .top.OrderedMerge is exiting.
-- Thread stopped.
-- Blocked Receiver call threw TerminateProcessException.
37 ms. Memory: 164864K Free: 101527K (62%)
/home/travis/build/icyphy/ptII/ptolemy/actor/lib/test/Publisher.tcl
16 ms. Memory: 164864K Free: 95369K (58%)
9 ms. Memory: 164864K Free: 90249K (55%)
7 ms. Memory: 164864K Free: 86153K (52%)
5 ms. Memory: 164864K Free: 85657K (52%)
4 ms. Memory: 164864K Free: 84633K (51%)
11 ms. Memory: 164864K Free: 83609K (51%)
7 ms. Memory: 164864K Free: 83065K (50%)
3 ms. Memory: 164864K Free: 82071K (50%)
35 ms. Memory: 164864K Free: 72345K (44%)
9 ms. Memory: 164864K Free: 68249K (41%)
15 ms. Memory: 164864K Free: 67735K (41%)
16 ms. Memory: 164864K Free: 65177K (40%)
21 ms. Memory: 164864K Free: 58009K (35%)
14 ms. Memory: 164864K Free: 141146K (86%)
6 ms. Memory: 164864K Free: 142164K (86%)
/home/travis/build/icyphy/ptII/ptolemy/actor/lib/test/Pulse.tcl
4 ms. Memory: 164864K Free: 104790K (64%)
9 ms. Memory: 164864K Free: 104262K (63%)
1 ms. Memory: 164864K Free: 103766K (63%)
1 ms. Memory: 164864K Free: 103252K (63%)
1 ms. Memory: 164864K Free: 102742K (62%)
8 ms. Memory: 164864K Free: 101718K (62%)
6 ms. Memory: 164864K Free: 100694K (61%)
5 ms. Memory: 164864K Free: 100180K (61%)
2 ms. Memory: 164864K Free: 99150K (60%)
/home/travis/build/icyphy/ptII/ptolemy/actor/lib/test/Ramp.tcl
5 ms. Memory: 164864K Free: 97094K (59%)
5 ms. Memory: 164864K Free: 96598K (59%)
1 ms. Memory: 164864K Free: 96084K (58%)
1 ms. Memory: 164864K Free: 95046K (58%)
4 ms. Memory: 164864K Free: 94550K (57%)
8 ms. Memory: 164864K Free: 93526K (57%)
5 ms. Memory: 164864K Free: 92502K (56%)
5 actors
4000 microseconds per iteration to create
9 ms. Memory: 164864K Free: 89940K (55%)
2 ms. Memory: 164864K Free: 89430K (54%)
2 ms. Memory: 164864K Free: 88406K (54%)
4 ms. Memory: 164864K Free: 87892K (53%)
50 actors
50000 microseconds per iteration to create
66 ms. Memory: 198656K Free: 176524K (89%)
15 ms. Memory: 198656K Free: 175500K (88%)
6 ms. Memory: 198656K Free: 174476K (88%)
13 ms. Memory: 198656K Free: 173452K (87%)
500 actors
1584000 microseconds per iteration to create
243 ms. Memory: 198656K Free: 110426K (56%)
51 ms. Memory: 198656K Free: 104792K (53%)
41 ms. Memory: 198656K Free: 99162K (50%)
45 ms. Memory: 198656K Free: 93528K (47%)
/home/travis/build/icyphy/ptII/ptolemy/actor/lib/test/RampContinuous.tcl
7 ms. Memory: 198656K Free: 91994K (46%)
/home/travis/build/icyphy/ptII/ptolemy/actor/lib/test/RecordAssembler.tcl
6 ms. Memory: 198656K Free: 90441K (46%)
4 ms. Memory: 198656K Free: 89432K (45%)
/home/travis/build/icyphy/ptII/ptolemy/actor/lib/test/RecordDisassembler.tcl
6 ms. Memory: 198656K Free: 87898K (44%)
9 ms. Memory: 198656K Free: 86874K (44%)
4 ms. Memory: 198656K Free: 85850K (43%)
/home/travis/build/icyphy/ptII/ptolemy/actor/lib/test/Scale.tcl
3 ms. Memory: 198656K Free: 83802K (42%)
1 ms. Memory: 198656K Free: 83273K (42%)
1 ms. Memory: 198656K Free: 82249K (41%)
2 ms. Memory: 198656K Free: 81754K (41%)
3 ms. Memory: 198656K Free: 176411K (89%)
/home/travis/build/icyphy/ptII/ptolemy/actor/lib/test/SequentialClock.tcl
preinitializing
resolving types
initializing
executing number 1
wrapping up
idle
2 ms. Memory: 198656K Free: 175387K (88%)
Completed execution with 5 iterations
preinitializing
resolving types
initializing
executing number 1
wrapping up
idle
2 ms. Memory: 198656K Free: 174363K (88%)
Completed execution with 5 iterations
preinitializing
resolving types
initializing
executing number 1
wrapping up
idle
1 ms. Memory: 198656K Free: 174363K (88%)
Completed execution with 5 iterations
/home/travis/build/icyphy/ptII/ptolemy/actor/lib/test/SetVariable.tcl
4 ms. Memory: 198656K Free: 172315K (87%)


==== $PTII/ptolemy/actor/lib/test/SetVariable.tcl: SetVariable-3.1 changeFailed
==== Contents of test case:

    #Uses 2.1 above
    jdkCaptureErr {
        # This test was failing if we ran Exit.tcl and then this test.
        # MessageHandler.error() now actually throws the Exception.
	catch {$setVariable changeFailed [java::null]  [java::new Exception {Test exception for SetVariable.changeFailed()}]} errMsg
    } results
    list [string range $results 0 89] "\n" $errMsg

==== Result was:
{java.lang.Exception: Test exception for SetVariable.changeFailed()
	at java.base/jdk.inter} {
} {java.lang.RuntimeException: java.lang.Exception: Test exception for SetVariable.changeFailed()}
---- Result should have been:
{java.lang.Exception: Test exception for SetVariable.changeFailed()
	at sun.reflect.NativeC} {
} {java.lang.RuntimeException: java.lang.Exception: Test exception for SetVariable.changeFailed()}
---- SetVariable-3.1 FAILED
/home/travis/build/icyphy/ptII/ptolemy/actor/lib/test/Sinewave.tcl
/home/travis/build/icyphy/ptII/ptolemy/actor/lib/test/SubscriptionAggregator.tcl
4 ms. Memory: 198656K Free: 160027K (81%)
2 ms. Memory: 198656K Free: 159507K (80%)
1 ms. Memory: 198656K Free: 159003K (80%)
1 ms. Memory: 198656K Free: 158489K (80%)
2 ms. Memory: 198656K Free: 155417K (78%)
9 ms. Memory: 198656K Free: 152859K (77%)
...............................................................1108 ms. Memory: 292864K Free: 238217K (81%)
/home/travis/build/icyphy/ptII/ptolemy/actor/lib/test/Test.tcl
 The next command will produce a warning about training mode,
   which may be ignored.
7 ms. Memory: 292864K Free: 236171K (81%)
2 ms. Memory: 292864K Free: 235643K (80%)
1 ms. Memory: 292864K Free: 234619K (80%)
1 ms. Memory: 292864K Free: 234123K (80%)
1 ms. Memory: 292864K Free: 233603K (80%)
3 ms. Memory: 292864K Free: 232571K (79%)
2 ms. Memory: 292864K Free: 231051K (79%)
 The next command will produce a warning about training mode,
   which may be ignored.
4 ms. Memory: 292864K Free: 228475K (78%)
 The next command will produce a warning about training mode,
   which may be ignored.
2 ms. Memory: 292864K Free: 227451K (78%)
1 ms. Memory: 292864K Free: 226955K (77%)
1 ms. Memory: 292864K Free: 226427K (77%)
1 ms. Memory: 292864K Free: 225931K (77%)
5 ms. Memory: 292864K Free: 224907K (77%)
5 ms. Memory: 292864K Free: 221307K (76%)
/home/travis/build/icyphy/ptII/ptolemy/actor/lib/test/TestExceptionHandler.tcl
 The next command will produce a warning about training mode,
   which may be ignored.
4 ms. Memory: 292864K Free: 219787K (75%)
1 ms. Memory: 292864K Free: 219259K (75%)
1 ms. Memory: 292864K Free: 218763K (75%)
/home/travis/build/icyphy/ptII/ptolemy/actor/lib/test/UnionDisassembler.tcl
13 ms. Memory: 292864K Free: 211595K (72%)
/home/travis/build/icyphy/ptII/ptolemy/actor/lib/test/VariableClock.tcl
preinitializing
resolving types
initializing
executing number 1
wrapping up
idle
3 ms. Memory: 292864K Free: 209547K (72%)
Completed execution with 11 iterations
preinitializing
resolving types
initializing
executing number 1
wrapping up
idle
3 ms. Memory: 292864K Free: 208009K (71%)
Completed execution with 10 iterations
07/10/19 12:54:29
Failed: 1  Total Tests: 234  ((Passed: 233, Newly Passed: 0)  Known Failed: 0) /home/travis/build/icyphy/ptII/ptolemy/actor/lib/test
----------------- testing (KnownFailure) /home/travis/build/icyphy/ptII/ptolemy/actor/lib/test/auto/knownFailedTests/PublisherPortToplevelSubscriber.xml
0 ms. Memory: 292864K Free: 204937K (70%)
Known Failure: java.lang.reflect.InvocationTargetException
----------------- testing (KnownFailure) /home/travis/build/icyphy/ptII/ptolemy/actor/lib/test/auto/knownFailedTests/PublisherSubscriberPortToplevel.xml
1 ms. Memory: 292864K Free: 200841K (69%)
Known Failure: java.lang.reflect.InvocationTargetException
----------------- testing (KnownFailure) /home/travis/build/icyphy/ptII/ptolemy/actor/lib/test/auto/knownFailedTests/PublisherSubscriptionAggregatorPort.xml
8 ms. Memory: 292864K Free: 196235K (67%)
Known Failure: java.lang.reflect.InvocationTargetException
----------------- testing (KnownFailure) /home/travis/build/icyphy/ptII/ptolemy/actor/lib/test/auto/knownFailedTests/sizedarray3.xml
4 ms. Memory: 292864K Free: 192139K (66%)
Known Failure: java.lang.reflect.InvocationTargetException
No auto/linux-amd64/*.xml tests in /home/travis/build/icyphy/ptII/ptolemy/actor/lib/test
AutoTests.java: About to close Vertx.
AutoTests.java: Vertx closed.

===========================================================================================
----------------- testing Wed Jul 10 00:54:30 UTC 2019 /home/travis/build/icyphy/ptII/ptolemy/actor/lib/test/auto/AbsoluteValue.xml
----------------- Instantiating /home/travis/build/icyphy/ptII/ptolemy/actor/lib/test/auto/AbsoluteValue.xml
10 ms. Memory: 292864K Free: 230992K (79%)
----------------- Invoking toplevel() on ptolemy.moml.MoMLSimpleApplication@2e89add4
----------------- Done invoking toplevel() on ptolemy.moml.MoMLSimpleApplication@2e89add4
reloadAllAccessors: .AbsoluteValue

===========================================================================================
----------------- testing Wed Jul 10 00:54:30 UTC 2019 /home/travis/build/icyphy/ptII/ptolemy/actor/lib/test/auto/AbsoluteValue2.xml
----------------- Instantiating /home/travis/build/icyphy/ptII/ptolemy/actor/lib/test/auto/AbsoluteValue2.xml
5 ms. Memory: 292864K Free: 224334K (77%)
----------------- Invoking toplevel() on ptolemy.moml.MoMLSimpleApplication@6cd2d514
----------------- Done invoking toplevel() on ptolemy.moml.MoMLSimpleApplication@6cd2d514
reloadAllAccessors: .AbsoluteValue2

===========================================================================================
----------------- testing Wed Jul 10 00:54:30 UTC 2019 /home/travis/build/icyphy/ptII/ptolemy/actor/lib/test/auto/Accumulator.xml
----------------- Instantiating /home/travis/build/icyphy/ptII/ptolemy/actor/lib/test/auto/Accumulator.xml
5 ms. Memory: 292864K Free: 217680K (74%)
----------------- Invoking toplevel() on ptolemy.moml.MoMLSimpleApplication@7b086ee9
----------------- Done invoking toplevel() on ptolemy.moml.MoMLSimpleApplication@7b086ee9
reloadAllAccessors: .Accumulator

===========================================================================================
----------------- testing Wed Jul 10 00:54:30 UTC 2019 /home/travis/build/icyphy/ptII/ptolemy/actor/lib/test/auto/Accumulator2.xml
----------------- Instantiating /home/travis/build/icyphy/ptII/ptolemy/actor/lib/test/auto/Accumulator2.xml
5 ms. Memory: 292864K Free: 212560K (73%)
----------------- Invoking toplevel() on ptolemy.moml.MoMLSimpleApplication@4eaf76d6
----------------- Done invoking toplevel() on ptolemy.moml.MoMLSimpleApplication@4eaf76d6
reloadAllAccessors: .Accumulator2

===========================================================================================
----------------- testing Wed Jul 10 00:54:30 UTC 2019 /home/travis/build/icyphy/ptII/ptolemy/actor/lib/test/auto/Accumulator3.xml
----------------- Instantiating /home/travis/build/icyphy/ptII/ptolemy/actor/lib/test/auto/Accumulator3.xml
2 ms. Memory: 292864K Free: 207950K (71%)
----------------- Invoking toplevel() on ptolemy.moml.MoMLSimpleApplication@464eee7b
----------------- Done invoking toplevel() on ptolemy.moml.MoMLSimpleApplication@464eee7b
reloadAllAccessors: .Accumulator3

===========================================================================================
----------------- testing Wed Jul 10 00:54:30 UTC 2019 /home/travis/build/icyphy/ptII/ptolemy/actor/lib/test/auto/ArrayAppend.xml
----------------- Instantiating /home/travis/build/icyphy/ptII/ptolemy/actor/lib/test/auto/ArrayAppend.xml
8 ms. Memory: 292864K Free: 202320K (69%)
----------------- Invoking toplevel() on ptolemy.moml.MoMLSimpleApplication@f6302c7
----------------- Done invoking toplevel() on ptolemy.moml.MoMLSimpleApplication@f6302c7
reloadAllAccessors: .ArrayAppend

===========================================================================================
----------------- testing Wed Jul 10 00:54:30 UTC 2019 /home/travis/build/icyphy/ptII/ptolemy/actor/lib/test/auto/ArrayAppend2.xml
----------------- Instantiating /home/travis/build/icyphy/ptII/ptolemy/actor/lib/test/auto/ArrayAppend2.xml
430 ms. Memory: 292864K Free: 125006K (43%)
----------------- Invoking toplevel() on ptolemy.moml.MoMLSimpleApplication@1c35f9f
----------------- Done invoking toplevel() on ptolemy.moml.MoMLSimpleApplication@1c35f9f
reloadAllAccessors: .ArrayAppend2

===========================================================================================
----------------- testing Wed Jul 10 00:54:30 UTC 2019 /home/travis/build/icyphy/ptII/ptolemy/actor/lib/test/auto/ArrayAppend3.xml
----------------- Instantiating /home/travis/build/icyphy/ptII/ptolemy/actor/lib/test/auto/ArrayAppend3.xml
12 ms. Memory: 292864K Free: 120400K (41%)
----------------- Invoking toplevel() on ptolemy.moml.MoMLSimpleApplication@717fea9f
----------------- Done invoking toplevel() on ptolemy.moml.MoMLSimpleApplication@717fea9f
reloadAllAccessors: .ArrayAppend3

===========================================================================================
----------------- testing Wed Jul 10 00:54:30 UTC 2019 /home/travis/build/icyphy/ptII/ptolemy/actor/lib/test/auto/ArrayAppend4.xml
----------------- Instantiating /home/travis/build/icyphy/ptII/ptolemy/actor/lib/test/auto/ArrayAppend4.xml
5 ms. Memory: 585728K Free: 534094K (91%)
----------------- Invoking toplevel() on ptolemy.moml.MoMLSimpleApplication@b82aced
----------------- Done invoking toplevel() on ptolemy.moml.MoMLSimpleApplication@b82aced
reloadAllAccessors: .ArrayAppend4

===========================================================================================
----------------- testing Wed Jul 10 00:54:30 UTC 2019 /home/travis/build/icyphy/ptII/ptolemy/actor/lib/test/auto/ArrayAppend5.xml
----------------- Instantiating /home/travis/build/icyphy/ptII/ptolemy/actor/lib/test/auto/ArrayAppend5.xml
2 ms. Memory: 585728K Free: 528974K (90%)
----------------- Invoking toplevel() on ptolemy.moml.MoMLSimpleApplication@2c4da5ae
----------------- Done invoking toplevel() on ptolemy.moml.MoMLSimpleApplication@2c4da5ae
reloadAllAccessors: .ArrayAppend5

===========================================================================================
----------------- testing Wed Jul 10 00:54:31 UTC 2019 /home/travis/build/icyphy/ptII/ptolemy/actor/lib/test/auto/ArrayAppend6.xml
----------------- Instantiating /home/travis/build/icyphy/ptII/ptolemy/actor/lib/test/auto/ArrayAppend6.xml
5 ms. Memory: 585728K Free: 523854K (89%)
----------------- Invoking toplevel() on ptolemy.moml.MoMLSimpleApplication@8d8d4e2
----------------- Done invoking toplevel() on ptolemy.moml.MoMLSimpleApplication@8d8d4e2
reloadAllAccessors: .ArrayAppend6

===========================================================================================
----------------- testing Wed Jul 10 00:54:31 UTC 2019 /home/travis/build/icyphy/ptII/ptolemy/actor/lib/test/auto/ArrayAppendPerformanceTest.xml
----------------- Instantiating /home/travis/build/icyphy/ptII/ptolemy/actor/lib/test/auto/ArrayAppendPerformanceTest.xml
41 ms. Memory: 585728K Free: 513102K (88%)
----------------- Invoking toplevel() on ptolemy.moml.MoMLSimpleApplication@2f725920
----------------- Done invoking toplevel() on ptolemy.moml.MoMLSimpleApplication@2f725920
reloadAllAccessors: .ArrayAppendPerformanceTest

===========================================================================================
----------------- testing Wed Jul 10 00:54:31 UTC 2019 /home/travis/build/icyphy/ptII/ptolemy/actor/lib/test/auto/ArrayAppendWithEmptyInput.xml
----------------- Instantiating /home/travis/build/icyphy/ptII/ptolemy/actor/lib/test/auto/ArrayAppendWithEmptyInput.xml
10 ms. Memory: 585728K Free: 504912K (86%)
----------------- Invoking toplevel() on ptolemy.moml.MoMLSimpleApplication@11cfde8c
----------------- Done invoking toplevel() on ptolemy.moml.MoMLSimpleApplication@11cfde8c
reloadAllAccessors: .ArrayAppendWithEmptyInput

===========================================================================================
----------------- testing Wed Jul 10 00:54:31 UTC 2019 /home/travis/build/icyphy/ptII/ptolemy/actor/lib/test/auto/ArrayAverage.xml
----------------- Instantiating /home/travis/build/icyphy/ptII/ptolemy/actor/lib/test/auto/ArrayAverage.xml
5 ms. Memory: 585728K Free: 497230K (85%)
----------------- Invoking toplevel() on ptolemy.moml.MoMLSimpleApplication@302cb519
----------------- Done invoking toplevel() on ptolemy.moml.MoMLSimpleApplication@302cb519
reloadAllAccessors: .ArrayAverage

===========================================================================================
----------------- testing Wed Jul 10 00:54:31 UTC 2019 /home/travis/build/icyphy/ptII/ptolemy/actor/lib/test/auto/ArrayContains.xml
----------------- Instantiating /home/travis/build/icyphy/ptII/ptolemy/actor/lib/test/auto/ArrayContains.xml
3 ms. Memory: 585728K Free: 491600K (84%)
----------------- Invoking toplevel() on ptolemy.moml.MoMLSimpleApplication@437a8722
----------------- Done invoking toplevel() on ptolemy.moml.MoMLSimpleApplication@437a8722
reloadAllAccessors: .ArrayContains

===========================================================================================
----------------- testing Wed Jul 10 00:54:31 UTC 2019 /home/travis/build/icyphy/ptII/ptolemy/actor/lib/test/auto/ArrayElement.xml
----------------- Instantiating /home/travis/build/icyphy/ptII/ptolemy/actor/lib/test/auto/ArrayElement.xml
4 ms. Memory: 585728K Free: 485456K (83%)
----------------- Invoking toplevel() on ptolemy.moml.MoMLSimpleApplication@2f8c21fc
----------------- Done invoking toplevel() on ptolemy.moml.MoMLSimpleApplication@2f8c21fc
reloadAllAccessors: .ArrayElement

===========================================================================================
----------------- testing Wed Jul 10 00:54:31 UTC 2019 /home/travis/build/icyphy/ptII/ptolemy/actor/lib/test/auto/ArrayElementAsMatrix.xml
----------------- Instantiating /home/travis/build/icyphy/ptII/ptolemy/actor/lib/test/auto/ArrayElementAsMatrix.xml
25 ms. Memory: 585728K Free: 475726K (81%)
----------------- Invoking toplevel() on ptolemy.moml.MoMLSimpleApplication@77a3d9e2
----------------- Done invoking toplevel() on ptolemy.moml.MoMLSimpleApplication@77a3d9e2
reloadAllAccessors: .ArrayElementAsMatrix

===========================================================================================
----------------- testing Wed Jul 10 00:54:31 UTC 2019 /home/travis/build/icyphy/ptII/ptolemy/actor/lib/test/auto/ArrayElementI.xml
----------------- Instantiating /home/travis/build/icyphy/ptII/ptolemy/actor/lib/test/auto/ArrayElementI.xml
4 ms. Memory: 585728K Free: 471120K (80%)
----------------- Invoking toplevel() on ptolemy.moml.MoMLSimpleApplication@3726489b
----------------- Done invoking toplevel() on ptolemy.moml.MoMLSimpleApplication@3726489b
reloadAllAccessors: .ArrayElementI

===========================================================================================
----------------- testing Wed Jul 10 00:54:31 UTC 2019 /home/travis/build/icyphy/ptII/ptolemy/actor/lib/test/auto/ArrayExtract.xml
----------------- Instantiating /home/travis/build/icyphy/ptII/ptolemy/actor/lib/test/auto/ArrayExtract.xml
7 ms. Memory: 585728K Free: 462414K (79%)
----------------- Invoking toplevel() on ptolemy.moml.MoMLSimpleApplication@174abd97
----------------- Done invoking toplevel() on ptolemy.moml.MoMLSimpleApplication@174abd97
reloadAllAccessors: .ArrayExtract

===========================================================================================
----------------- testing Wed Jul 10 00:54:31 UTC 2019 /home/travis/build/icyphy/ptII/ptolemy/actor/lib/test/auto/ArrayExtract2.xml
----------------- Instantiating /home/travis/build/icyphy/ptII/ptolemy/actor/lib/test/auto/ArrayExtract2.xml
3 ms. Memory: 585728K Free: 457263K (78%)
----------------- Invoking toplevel() on ptolemy.moml.MoMLSimpleApplication@14f3fadf
----------------- Done invoking toplevel() on ptolemy.moml.MoMLSimpleApplication@14f3fadf
reloadAllAccessors: .ArrayExtract2

===========================================================================================
----------------- testing Wed Jul 10 00:54:31 UTC 2019 /home/travis/build/icyphy/ptII/ptolemy/actor/lib/test/auto/ArrayLength.xml
----------------- Instantiating /home/travis/build/icyphy/ptII/ptolemy/actor/lib/test/auto/ArrayLength.xml
4 ms. Memory: 585728K Free: 453198K (77%)
----------------- Invoking toplevel() on ptolemy.moml.MoMLSimpleApplication@5de1d3ac
----------------- Done invoking toplevel() on ptolemy.moml.MoMLSimpleApplication@5de1d3ac
reloadAllAccessors: .ArrayLength

===========================================================================================
----------------- testing Wed Jul 10 00:54:31 UTC 2019 /home/travis/build/icyphy/ptII/ptolemy/actor/lib/test/auto/ArrayLevelCrossing.xml
----------------- Instantiating /home/travis/build/icyphy/ptII/ptolemy/actor/lib/test/auto/ArrayLevelCrossing.xml
6 ms. Memory: 585728K Free: 445006K (76%)
----------------- Invoking toplevel() on ptolemy.moml.MoMLSimpleApplication@2121875c
----------------- Done invoking toplevel() on ptolemy.moml.MoMLSimpleApplication@2121875c
reloadAllAccessors: .ArrayLevelCrossing

===========================================================================================
----------------- testing Wed Jul 10 00:54:31 UTC 2019 /home/travis/build/icyphy/ptII/ptolemy/actor/lib/test/auto/ArrayLevelCrossing2.xml
----------------- Instantiating /home/travis/build/icyphy/ptII/ptolemy/actor/lib/test/auto/ArrayLevelCrossing2.xml
4 ms. Memory: 585728K Free: 437328K (75%)
----------------- Invoking toplevel() on ptolemy.moml.MoMLSimpleApplication@59910a52
----------------- Done invoking toplevel() on ptolemy.moml.MoMLSimpleApplication@59910a52
reloadAllAccessors: .ArrayLevelCrossing2

===========================================================================================
----------------- testing Wed Jul 10 00:54:31 UTC 2019 /home/travis/build/icyphy/ptII/ptolemy/actor/lib/test/auto/ArrayPeakSearch.xml
----------------- Instantiating /home/travis/build/icyphy/ptII/ptolemy/actor/lib/test/auto/ArrayPeakSearch.xml
9 ms. Memory: 585728K Free: 428622K (73%)
----------------- Invoking toplevel() on ptolemy.moml.MoMLSimpleApplication@64df60d8
----------------- Done invoking toplevel() on ptolemy.moml.MoMLSimpleApplication@64df60d8
reloadAllAccessors: .ArrayPeakSearch

===========================================================================================
----------------- testing Wed Jul 10 00:54:31 UTC 2019 /home/travis/build/icyphy/ptII/ptolemy/actor/lib/test/auto/ArrayPeakSearch2.xml
----------------- Instantiating /home/travis/build/icyphy/ptII/ptolemy/actor/lib/test/auto/ArrayPeakSearch2.xml
9 ms. Memory: 585728K Free: 417872K (71%)
----------------- Invoking toplevel() on ptolemy.moml.MoMLSimpleApplication@23a7db0d
----------------- Done invoking toplevel() on ptolemy.moml.MoMLSimpleApplication@23a7db0d
reloadAllAccessors: .ArrayPeakSearch2

===========================================================================================
----------------- testing Wed Jul 10 00:54:31 UTC 2019 /home/travis/build/icyphy/ptII/ptolemy/actor/lib/test/auto/ArrayPeakSearch3.xml
----------------- Instantiating /home/travis/build/icyphy/ptII/ptolemy/actor/lib/test/auto/ArrayPeakSearch3.xml
5 ms. Memory: 585728K Free: 409166K (70%)
----------------- Invoking toplevel() on ptolemy.moml.MoMLSimpleApplication@6c1ec93a
----------------- Done invoking toplevel() on ptolemy.moml.MoMLSimpleApplication@6c1ec93a
reloadAllAccessors: .ArrayPeakSearch3

===========================================================================================
----------------- testing Wed Jul 10 00:54:31 UTC 2019 /home/travis/build/icyphy/ptII/ptolemy/actor/lib/test/auto/ArrayRemoveElement.xml
----------------- Instantiating /home/travis/build/icyphy/ptII/ptolemy/actor/lib/test/auto/ArrayRemoveElement.xml
4 ms. Memory: 585728K Free: 400974K (68%)
----------------- Invoking toplevel() on ptolemy.moml.MoMLSimpleApplication@29280791
----------------- Done invoking toplevel() on ptolemy.moml.MoMLSimpleApplication@29280791
reloadAllAccessors: .ArrayRemoveElement

===========================================================================================
----------------- testing Wed Jul 10 00:54:31 UTC 2019 /home/travis/build/icyphy/ptII/ptolemy/actor/lib/test/auto/ArraySort.xml
----------------- Instantiating /home/travis/build/icyphy/ptII/ptolemy/actor/lib/test/auto/ArraySort.xml
14 ms. Memory: 585728K Free: 392272K (67%)
----------------- Invoking toplevel() on ptolemy.moml.MoMLSimpleApplication@1dcdb145
----------------- Done invoking toplevel() on ptolemy.moml.MoMLSimpleApplication@1dcdb145
reloadAllAccessors: .ArraySort

===========================================================================================
----------------- testing Wed Jul 10 00:54:31 UTC 2019 /home/travis/build/icyphy/ptII/ptolemy/actor/lib/test/auto/ArraySum.xml
----------------- Instantiating /home/travis/build/icyphy/ptII/ptolemy/actor/lib/test/auto/ArraySum.xml
7 ms. Memory: 585728K Free: 386638K (66%)
----------------- Invoking toplevel() on ptolemy.moml.MoMLSimpleApplication@122b44f6
----------------- Done invoking toplevel() on ptolemy.moml.MoMLSimpleApplication@122b44f6
reloadAllAccessors: .ArraySum

===========================================================================================
----------------- testing Wed Jul 10 00:54:31 UTC 2019 /home/travis/build/icyphy/ptII/ptolemy/actor/lib/test/auto/ArrayToElements.xml
----------------- Instantiating /home/travis/build/icyphy/ptII/ptolemy/actor/lib/test/auto/ArrayToElements.xml
4 ms. Memory: 585728K Free: 381518K (65%)
----------------- Invoking toplevel() on ptolemy.moml.MoMLSimpleApplication@708e8e0e
----------------- Done invoking toplevel() on ptolemy.moml.MoMLSimpleApplication@708e8e0e
reloadAllAccessors: .ArrayToElements

===========================================================================================
----------------- testing Wed Jul 10 00:54:31 UTC 2019 /home/travis/build/icyphy/ptII/ptolemy/actor/lib/test/auto/ArrayToMatrix.xml
----------------- Instantiating /home/travis/build/icyphy/ptII/ptolemy/actor/lib/test/auto/ArrayToMatrix.xml
40 ms. Memory: 585728K Free: 533716K (91%)
----------------- Invoking toplevel() on ptolemy.moml.MoMLSimpleApplication@401f80d4
----------------- Done invoking toplevel() on ptolemy.moml.MoMLSimpleApplication@401f80d4
reloadAllAccessors: .ArrayToMatrix

===========================================================================================
----------------- testing Wed Jul 10 00:54:32 UTC 2019 /home/travis/build/icyphy/ptII/ptolemy/actor/lib/test/auto/ArrayUpdate1.xml
----------------- Instantiating /home/travis/build/icyphy/ptII/ptolemy/actor/lib/test/auto/ArrayUpdate1.xml
10 ms. Memory: 585728K Free: 528086K (90%)
----------------- Invoking toplevel() on ptolemy.moml.MoMLSimpleApplication@33d3be5
----------------- Done invoking toplevel() on ptolemy.moml.MoMLSimpleApplication@33d3be5
reloadAllAccessors: .ArrayUpdate1

===========================================================================================
----------------- testing Wed Jul 10 00:54:32 UTC 2019 /home/travis/build/icyphy/ptII/ptolemy/actor/lib/test/auto/ArrayUpdate2.xml
----------------- Instantiating /home/travis/build/icyphy/ptII/ptolemy/actor/lib/test/auto/ArrayUpdate2.xml
9 ms. Memory: 585728K Free: 521942K (89%)
----------------- Invoking toplevel() on ptolemy.moml.MoMLSimpleApplication@1b15ef20
----------------- Done invoking toplevel() on ptolemy.moml.MoMLSimpleApplication@1b15ef20
reloadAllAccessors: .ArrayUpdate2

===========================================================================================
----------------- testing Wed Jul 10 00:54:32 UTC 2019 /home/travis/build/icyphy/ptII/ptolemy/actor/lib/test/auto/ArrayUpdate3.xml
----------------- Instantiating /home/travis/build/icyphy/ptII/ptolemy/actor/lib/test/auto/ArrayUpdate3.xml
2 ms. Memory: 585728K Free: 516822K (88%)
----------------- Invoking toplevel() on ptolemy.moml.MoMLSimpleApplication@414f0aae
----------------- Done invoking toplevel() on ptolemy.moml.MoMLSimpleApplication@414f0aae
reloadAllAccessors: .ArrayUpdate3

===========================================================================================
----------------- testing Wed Jul 10 00:54:32 UTC 2019 /home/travis/build/icyphy/ptII/ptolemy/actor/lib/test/auto/Assert1.xml
----------------- Instantiating /home/travis/build/icyphy/ptII/ptolemy/actor/lib/test/auto/Assert1.xml
10 ms. Memory: 585728K Free: 512726K (88%)
----------------- Invoking toplevel() on ptolemy.moml.MoMLSimpleApplication@11b5a65d
----------------- Done invoking toplevel() on ptolemy.moml.MoMLSimpleApplication@11b5a65d
reloadAllAccessors: .Assert1

===========================================================================================
----------------- testing Wed Jul 10 00:54:32 UTC 2019 /home/travis/build/icyphy/ptII/ptolemy/actor/lib/test/auto/Assert2.xml
----------------- Instantiating /home/travis/build/icyphy/ptII/ptolemy/actor/lib/test/auto/Assert2.xml
1 ms. Memory: 585728K Free: 507092K (87%)
----------------- Invoking toplevel() on ptolemy.moml.MoMLSimpleApplication@468c6f23
----------------- Done invoking toplevel() on ptolemy.moml.MoMLSimpleApplication@468c6f23
reloadAllAccessors: .Assert2

===========================================================================================
----------------- testing Wed Jul 10 00:54:32 UTC 2019 /home/travis/build/icyphy/ptII/ptolemy/actor/lib/test/auto/BooleanMultiplexor.xml
----------------- Instantiating /home/travis/build/icyphy/ptII/ptolemy/actor/lib/test/auto/BooleanMultiplexor.xml
2 ms. Memory: 585728K Free: 501966K (86%)
----------------- Invoking toplevel() on ptolemy.moml.MoMLSimpleApplication@15c6698e
----------------- Done invoking toplevel() on ptolemy.moml.MoMLSimpleApplication@15c6698e
reloadAllAccessors: .BooleanMultiplexor

===========================================================================================
----------------- testing Wed Jul 10 00:54:32 UTC 2019 /home/travis/build/icyphy/ptII/ptolemy/actor/lib/test/auto/BooleanMultiplexor2.xml
----------------- Instantiating /home/travis/build/icyphy/ptII/ptolemy/actor/lib/test/auto/BooleanMultiplexor2.xml
11 ms. Memory: 585728K Free: 495318K (85%)
----------------- Invoking toplevel() on ptolemy.moml.MoMLSimpleApplication@685b4626
----------------- Done invoking toplevel() on ptolemy.moml.MoMLSimpleApplication@685b4626
reloadAllAccessors: .BooleanMultiplexor2

===========================================================================================
----------------- testing Wed Jul 10 00:54:32 UTC 2019 /home/travis/build/icyphy/ptII/ptolemy/actor/lib/test/auto/BooleanMultiplexor3.xml
----------------- Instantiating /home/travis/build/icyphy/ptII/ptolemy/actor/lib/test/auto/BooleanMultiplexor3.xml
4 ms. Memory: 585728K Free: 491732K (84%)
----------------- Invoking toplevel() on ptolemy.moml.MoMLSimpleApplication@53fcee44
----------------- Done invoking toplevel() on ptolemy.moml.MoMLSimpleApplication@53fcee44
reloadAllAccessors: .BooleanMultiplexor3

===========================================================================================
----------------- testing Wed Jul 10 00:54:32 UTC 2019 /home/travis/build/icyphy/ptII/ptolemy/actor/lib/test/auto/BooleanSelect.xml
----------------- Instantiating /home/travis/build/icyphy/ptII/ptolemy/actor/lib/test/auto/BooleanSelect.xml
10 ms. Memory: 585728K Free: 485078K (83%)
----------------- Invoking toplevel() on ptolemy.moml.MoMLSimpleApplication@71006097
----------------- Done invoking toplevel() on ptolemy.moml.MoMLSimpleApplication@71006097
reloadAllAccessors: .BooleanSelect

===========================================================================================
----------------- testing Wed Jul 10 00:54:32 UTC 2019 /home/travis/build/icyphy/ptII/ptolemy/actor/lib/test/auto/BooleanSelect2.xml
----------------- Instantiating /home/travis/build/icyphy/ptII/ptolemy/actor/lib/test/auto/BooleanSelect2.xml
2 ms. Memory: 585728K Free: 480982K (82%)
----------------- Invoking toplevel() on ptolemy.moml.MoMLSimpleApplication@6e937c53
----------------- Done invoking toplevel() on ptolemy.moml.MoMLSimpleApplication@6e937c53
reloadAllAccessors: .BooleanSelect2

===========================================================================================
----------------- testing Wed Jul 10 00:54:32 UTC 2019 /home/travis/build/icyphy/ptII/ptolemy/actor/lib/test/auto/BooleanSwitch.xml
----------------- Instantiating /home/travis/build/icyphy/ptII/ptolemy/actor/lib/test/auto/BooleanSwitch.xml
11 ms. Memory: 585728K Free: 474838K (81%)
----------------- Invoking toplevel() on ptolemy.moml.MoMLSimpleApplication@5d5ef40f
----------------- Done invoking toplevel() on ptolemy.moml.MoMLSimpleApplication@5d5ef40f
reloadAllAccessors: .BooleanSwitch

===========================================================================================
----------------- testing Wed Jul 10 00:54:32 UTC 2019 /home/travis/build/icyphy/ptII/ptolemy/actor/lib/test/auto/BooleanSwitch2.xml
----------------- Instantiating /home/travis/build/icyphy/ptII/ptolemy/actor/lib/test/auto/BooleanSwitch2.xml
3 ms. Memory: 585728K Free: 470742K (80%)
----------------- Invoking toplevel() on ptolemy.moml.MoMLSimpleApplication@14455780
----------------- Done invoking toplevel() on ptolemy.moml.MoMLSimpleApplication@14455780
reloadAllAccessors: .BooleanSwitch2

===========================================================================================
----------------- testing Wed Jul 10 00:54:32 UTC 2019 /home/travis/build/icyphy/ptII/ptolemy/actor/lib/test/auto/BooleanSwitchCloningBugWithClassRelationGroup.xml
----------------- Instantiating /home/travis/build/icyphy/ptII/ptolemy/actor/lib/test/auto/BooleanSwitchCloningBugWithClassRelationGroup.xml
2 ms. Memory: 585728K Free: 464084K (79%)
----------------- Invoking toplevel() on ptolemy.moml.MoMLSimpleApplication@705b56e7
----------------- Done invoking toplevel() on ptolemy.moml.MoMLSimpleApplication@705b56e7
reloadAllAccessors: .BooleanSwitchCloningBugWithClassRelationGroup

===========================================================================================
----------------- testing Wed Jul 10 00:54:32 UTC 2019 /home/travis/build/icyphy/ptII/ptolemy/actor/lib/test/auto/BusActors.xml
----------------- Instantiating /home/travis/build/icyphy/ptII/ptolemy/actor/lib/test/auto/BusActors.xml
4 ms. Memory: 585728K Free: 456406K (78%)
----------------- Invoking toplevel() on ptolemy.moml.MoMLSimpleApplication@2f99cf05
----------------- Done invoking toplevel() on ptolemy.moml.MoMLSimpleApplication@2f99cf05
reloadAllAccessors: .BusActors

===========================================================================================
----------------- testing Wed Jul 10 00:54:32 UTC 2019 /home/travis/build/icyphy/ptII/ptolemy/actor/lib/test/auto/ClassWrapper.xml
----------------- Instantiating /home/travis/build/icyphy/ptII/ptolemy/actor/lib/test/auto/ClassWrapper.xml
3 ms. Memory: 585728K Free: 451796K (77%)
----------------- Invoking toplevel() on ptolemy.moml.MoMLSimpleApplication@45203d7d
----------------- Done invoking toplevel() on ptolemy.moml.MoMLSimpleApplication@45203d7d
reloadAllAccessors: .ClassWrapper

===========================================================================================
----------------- testing Wed Jul 10 00:54:32 UTC 2019 /home/travis/build/icyphy/ptII/ptolemy/actor/lib/test/auto/Clock.xml
----------------- Instantiating /home/travis/build/icyphy/ptII/ptolemy/actor/lib/test/auto/Clock.xml
3 ms. Memory: 585728K Free: 448214K (77%)
----------------- Invoking toplevel() on ptolemy.moml.MoMLSimpleApplication@7489c9e6
----------------- Done invoking toplevel() on ptolemy.moml.MoMLSimpleApplication@7489c9e6
reloadAllAccessors: .Clock

===========================================================================================
----------------- testing Wed Jul 10 00:54:32 UTC 2019 /home/travis/build/icyphy/ptII/ptolemy/actor/lib/test/auto/Clock10.xml
----------------- Instantiating /home/travis/build/icyphy/ptII/ptolemy/actor/lib/test/auto/Clock10.xml
4 ms. Memory: 585728K Free: 442070K (75%)
----------------- Invoking toplevel() on ptolemy.moml.MoMLSimpleApplication@2084c9dc
----------------- Done invoking toplevel() on ptolemy.moml.MoMLSimpleApplication@2084c9dc
reloadAllAccessors: .Clock10

===========================================================================================
----------------- testing Wed Jul 10 00:54:32 UTC 2019 /home/travis/build/icyphy/ptII/ptolemy/actor/lib/test/auto/Clock11.xml
----------------- Instantiating /home/travis/build/icyphy/ptII/ptolemy/actor/lib/test/auto/Clock11.xml
9 ms. Memory: 585728K Free: 435926K (74%)
----------------- Invoking toplevel() on ptolemy.moml.MoMLSimpleApplication@427f8349
----------------- Done invoking toplevel() on ptolemy.moml.MoMLSimpleApplication@427f8349
reloadAllAccessors: .Clock11

===========================================================================================
----------------- testing Wed Jul 10 00:54:32 UTC 2019 /home/travis/build/icyphy/ptII/ptolemy/actor/lib/test/auto/Clock12.xml
----------------- Instantiating /home/travis/build/icyphy/ptII/ptolemy/actor/lib/test/auto/Clock12.xml
6 ms. Memory: 585728K Free: 430292K (73%)
----------------- Invoking toplevel() on ptolemy.moml.MoMLSimpleApplication@37af5181
----------------- Done invoking toplevel() on ptolemy.moml.MoMLSimpleApplication@37af5181
reloadAllAccessors: .Clock12

===========================================================================================
----------------- testing Wed Jul 10 00:54:32 UTC 2019 /home/travis/build/icyphy/ptII/ptolemy/actor/lib/test/auto/Clock13.xml
----------------- Instantiating /home/travis/build/icyphy/ptII/ptolemy/actor/lib/test/auto/Clock13.xml
4 ms. Memory: 585728K Free: 424134K (72%)
----------------- Invoking toplevel() on ptolemy.moml.MoMLSimpleApplication@6ce15a90
----------------- Done invoking toplevel() on ptolemy.moml.MoMLSimpleApplication@6ce15a90
reloadAllAccessors: .Clock13

===========================================================================================
----------------- testing Wed Jul 10 00:54:32 UTC 2019 /home/travis/build/icyphy/ptII/ptolemy/actor/lib/test/auto/Clock14.xml
----------------- Instantiating /home/travis/build/icyphy/ptII/ptolemy/actor/lib/test/auto/Clock14.xml
6 ms. Memory: 585728K Free: 418518K (71%)
----------------- Invoking toplevel() on ptolemy.moml.MoMLSimpleApplication@20358803
----------------- Done invoking toplevel() on ptolemy.moml.MoMLSimpleApplication@20358803
reloadAllAccessors: .Clock14

===========================================================================================
----------------- testing Wed Jul 10 00:54:32 UTC 2019 /home/travis/build/icyphy/ptII/ptolemy/actor/lib/test/auto/Clock15.xml
----------------- Instantiating /home/travis/build/icyphy/ptII/ptolemy/actor/lib/test/auto/Clock15.xml
3 ms. Memory: 585728K Free: 412374K (70%)
----------------- Invoking toplevel() on ptolemy.moml.MoMLSimpleApplication@14f1d314
----------------- Done invoking toplevel() on ptolemy.moml.MoMLSimpleApplication@14f1d314
reloadAllAccessors: .Clock15

===========================================================================================
----------------- testing Wed Jul 10 00:54:32 UTC 2019 /home/travis/build/icyphy/ptII/ptolemy/actor/lib/test/auto/Clock16.xml
----------------- Instantiating /home/travis/build/icyphy/ptII/ptolemy/actor/lib/test/auto/Clock16.xml
38 ms. Memory: 585728K Free: 397524K (68%)
----------------- Invoking toplevel() on ptolemy.moml.MoMLSimpleApplication@57dfbc16
----------------- Done invoking toplevel() on ptolemy.moml.MoMLSimpleApplication@57dfbc16
reloadAllAccessors: .Clock16

===========================================================================================
----------------- testing Wed Jul 10 00:54:32 UTC 2019 /home/travis/build/icyphy/ptII/ptolemy/actor/lib/test/auto/Clock17.xml
----------------- Instantiating /home/travis/build/icyphy/ptII/ptolemy/actor/lib/test/auto/Clock17.xml
27 ms. Memory: 585728K Free: 383174K (65%)
----------------- Invoking toplevel() on ptolemy.moml.MoMLSimpleApplication@7d29f6f5
----------------- Done invoking toplevel() on ptolemy.moml.MoMLSimpleApplication@7d29f6f5
reloadAllAccessors: .Clock17

===========================================================================================
----------------- testing Wed Jul 10 00:54:32 UTC 2019 /home/travis/build/icyphy/ptII/ptolemy/actor/lib/test/auto/Clock18.xml
----------------- Instantiating /home/travis/build/icyphy/ptII/ptolemy/actor/lib/test/auto/Clock18.xml
20 ms. Memory: 585728K Free: 370390K (63%)
----------------- Invoking toplevel() on ptolemy.moml.MoMLSimpleApplication@1b94b9dd
----------------- Done invoking toplevel() on ptolemy.moml.MoMLSimpleApplication@1b94b9dd
reloadAllAccessors: .Clock18

===========================================================================================
----------------- testing Wed Jul 10 00:54:32 UTC 2019 /home/travis/build/icyphy/ptII/ptolemy/actor/lib/test/auto/Clock19.xml
----------------- Instantiating /home/travis/build/icyphy/ptII/ptolemy/actor/lib/test/auto/Clock19.xml
16 ms. Memory: 585728K Free: 356534K (61%)
----------------- Invoking toplevel() on ptolemy.moml.MoMLSimpleApplication@66db966f
----------------- Done invoking toplevel() on ptolemy.moml.MoMLSimpleApplication@66db966f
reloadAllAccessors: .Clock19

===========================================================================================
----------------- testing Wed Jul 10 00:54:32 UTC 2019 /home/travis/build/icyphy/ptII/ptolemy/actor/lib/test/auto/Clock2.xml
----------------- Instantiating /home/travis/build/icyphy/ptII/ptolemy/actor/lib/test/auto/Clock2.xml
12 ms. Memory: 585728K Free: 351430K (60%)
----------------- Invoking toplevel() on ptolemy.moml.MoMLSimpleApplication@6ce93838
----------------- Done invoking toplevel() on ptolemy.moml.MoMLSimpleApplication@6ce93838
reloadAllAccessors: .Clock2

===========================================================================================
----------------- testing Wed Jul 10 00:54:32 UTC 2019 /home/travis/build/icyphy/ptII/ptolemy/actor/lib/test/auto/Clock20.xml
----------------- Instantiating /home/travis/build/icyphy/ptII/ptolemy/actor/lib/test/auto/Clock20.xml
9 ms. Memory: 585728K Free: 530693K (91%)
----------------- Invoking toplevel() on ptolemy.moml.MoMLSimpleApplication@21b7e7df
----------------- Done invoking toplevel() on ptolemy.moml.MoMLSimpleApplication@21b7e7df
reloadAllAccessors: .Clock20

===========================================================================================
----------------- testing Wed Jul 10 00:54:33 UTC 2019 /home/travis/build/icyphy/ptII/ptolemy/actor/lib/test/auto/Clock21.xml
----------------- Instantiating /home/travis/build/icyphy/ptII/ptolemy/actor/lib/test/auto/Clock21.xml
9 ms. Memory: 585728K Free: 525066K (90%)
----------------- Invoking toplevel() on ptolemy.moml.MoMLSimpleApplication@ac97984
----------------- Done invoking toplevel() on ptolemy.moml.MoMLSimpleApplication@ac97984
reloadAllAccessors: .Clock21

===========================================================================================
----------------- testing Wed Jul 10 00:54:33 UTC 2019 /home/travis/build/icyphy/ptII/ptolemy/actor/lib/test/auto/Clock22.xml
----------------- Instantiating /home/travis/build/icyphy/ptII/ptolemy/actor/lib/test/auto/Clock22.xml
4 ms. Memory: 585728K Free: 519946K (89%)
----------------- Invoking toplevel() on ptolemy.moml.MoMLSimpleApplication@4b82d75e
----------------- Done invoking toplevel() on ptolemy.moml.MoMLSimpleApplication@4b82d75e
reloadAllAccessors: .Clock22

===========================================================================================
----------------- testing Wed Jul 10 00:54:33 UTC 2019 /home/travis/build/icyphy/ptII/ptolemy/actor/lib/test/auto/Clock23.xml
----------------- Instantiating /home/travis/build/icyphy/ptII/ptolemy/actor/lib/test/auto/Clock23.xml
4 ms. Memory: 585728K Free: 514312K (88%)
----------------- Invoking toplevel() on ptolemy.moml.MoMLSimpleApplication@40356e1f
----------------- Done invoking toplevel() on ptolemy.moml.MoMLSimpleApplication@40356e1f
reloadAllAccessors: .Clock23

===========================================================================================
----------------- testing Wed Jul 10 00:54:33 UTC 2019 /home/travis/build/icyphy/ptII/ptolemy/actor/lib/test/auto/Clock24.xml
----------------- Instantiating /home/travis/build/icyphy/ptII/ptolemy/actor/lib/test/auto/Clock24.xml
5 ms. Memory: 585728K Free: 509192K (87%)
----------------- Invoking toplevel() on ptolemy.moml.MoMLSimpleApplication@7a79de71
----------------- Done invoking toplevel() on ptolemy.moml.MoMLSimpleApplication@7a79de71
reloadAllAccessors: .Clock24

===========================================================================================
----------------- testing Wed Jul 10 00:54:33 UTC 2019 /home/travis/build/icyphy/ptII/ptolemy/actor/lib/test/auto/Clock4.xml
----------------- Instantiating /home/travis/build/icyphy/ptII/ptolemy/actor/lib/test/auto/Clock4.xml
2 ms. Memory: 585728K Free: 504058K (86%)
----------------- Invoking toplevel() on ptolemy.moml.MoMLSimpleApplication@19d9bf0
----------------- Done invoking toplevel() on ptolemy.moml.MoMLSimpleApplication@19d9bf0
reloadAllAccessors: .Clock4

===========================================================================================
----------------- testing Wed Jul 10 00:54:33 UTC 2019 /home/travis/build/icyphy/ptII/ptolemy/actor/lib/test/auto/Clock5.xml
----------------- Instantiating /home/travis/build/icyphy/ptII/ptolemy/actor/lib/test/auto/Clock5.xml
2 ms. Memory: 585728K Free: 498442K (85%)
----------------- Invoking toplevel() on ptolemy.moml.MoMLSimpleApplication@1bef7266
----------------- Done invoking toplevel() on ptolemy.moml.MoMLSimpleApplication@1bef7266
reloadAllAccessors: .Clock5

===========================================================================================
----------------- testing Wed Jul 10 00:54:33 UTC 2019 /home/travis/build/icyphy/ptII/ptolemy/actor/lib/test/auto/Clock6.xml
----------------- Instantiating /home/travis/build/icyphy/ptII/ptolemy/actor/lib/test/auto/Clock6.xml
4 ms. Memory: 585728K Free: 494856K (84%)
----------------- Invoking toplevel() on ptolemy.moml.MoMLSimpleApplication@3208cff9
----------------- Done invoking toplevel() on ptolemy.moml.MoMLSimpleApplication@3208cff9
reloadAllAccessors: .Clock6

===========================================================================================
----------------- testing Wed Jul 10 00:54:33 UTC 2019 /home/travis/build/icyphy/ptII/ptolemy/actor/lib/test/auto/Clock7.xml
----------------- Instantiating /home/travis/build/icyphy/ptII/ptolemy/actor/lib/test/auto/Clock7.xml
2 ms. Memory: 585728K Free: 489736K (84%)
----------------- Invoking toplevel() on ptolemy.moml.MoMLSimpleApplication@6eabcdc8
----------------- Done invoking toplevel() on ptolemy.moml.MoMLSimpleApplication@6eabcdc8
reloadAllAccessors: .Clock7

===========================================================================================
----------------- testing Wed Jul 10 00:54:33 UTC 2019 /home/travis/build/icyphy/ptII/ptolemy/actor/lib/test/auto/Clock8.xml
----------------- Instantiating /home/travis/build/icyphy/ptII/ptolemy/actor/lib/test/auto/Clock8.xml
6 ms. Memory: 585728K Free: 484586K (83%)
----------------- Invoking toplevel() on ptolemy.moml.MoMLSimpleApplication@550e846e
----------------- Done invoking toplevel() on ptolemy.moml.MoMLSimpleApplication@550e846e
reloadAllAccessors: .Clock8

===========================================================================================
----------------- testing Wed Jul 10 00:54:33 UTC 2019 /home/travis/build/icyphy/ptII/ptolemy/actor/lib/test/auto/Clock9.xml
----------------- Instantiating /home/travis/build/icyphy/ptII/ptolemy/actor/lib/test/auto/Clock9.xml
6 ms. Memory: 585728K Free: 478986K (82%)
----------------- Invoking toplevel() on ptolemy.moml.MoMLSimpleApplication@d2d9940
----------------- Done invoking toplevel() on ptolemy.moml.MoMLSimpleApplication@d2d9940
reloadAllAccessors: .Clock9

===========================================================================================
----------------- testing Wed Jul 10 00:54:33 UTC 2019 /home/travis/build/icyphy/ptII/ptolemy/actor/lib/test/auto/CommDistDiscard.xml
----------------- Instantiating /home/travis/build/icyphy/ptII/ptolemy/actor/lib/test/auto/CommDistDiscard.xml
3 ms. Memory: 585728K Free: 473352K (81%)
----------------- Invoking toplevel() on ptolemy.moml.MoMLSimpleApplication@3720bfb7
----------------- Done invoking toplevel() on ptolemy.moml.MoMLSimpleApplication@3720bfb7
reloadAllAccessors: .CommDistDiscard

===========================================================================================
----------------- testing Wed Jul 10 00:54:33 UTC 2019 /home/travis/build/icyphy/ptII/ptolemy/actor/lib/test/auto/Commutator.xml
----------------- Instantiating /home/travis/build/icyphy/ptII/ptolemy/actor/lib/test/auto/Commutator.xml
4 ms. Memory: 585728K Free: 469256K (80%)
----------------- Invoking toplevel() on ptolemy.moml.MoMLSimpleApplication@256f03ca
----------------- Done invoking toplevel() on ptolemy.moml.MoMLSimpleApplication@256f03ca
reloadAllAccessors: .Commutator

===========================================================================================
----------------- testing Wed Jul 10 00:54:33 UTC 2019 /home/travis/build/icyphy/ptII/ptolemy/actor/lib/test/auto/Commutator2.xml
----------------- Instantiating /home/travis/build/icyphy/ptII/ptolemy/actor/lib/test/auto/Commutator2.xml
1 ms. Memory: 585728K Free: 464650K (79%)
----------------- Invoking toplevel() on ptolemy.moml.MoMLSimpleApplication@dc7e3cb
----------------- Done invoking toplevel() on ptolemy.moml.MoMLSimpleApplication@dc7e3cb
reloadAllAccessors: .Commutator2

===========================================================================================
----------------- testing Wed Jul 10 00:54:33 UTC 2019 /home/travis/build/icyphy/ptII/ptolemy/actor/lib/test/auto/Commutator3.xml
----------------- Instantiating /home/travis/build/icyphy/ptII/ptolemy/actor/lib/test/auto/Commutator3.xml
2 ms. Memory: 585728K Free: 460554K (79%)
----------------- Invoking toplevel() on ptolemy.moml.MoMLSimpleApplication@883b02b
----------------- Done invoking toplevel() on ptolemy.moml.MoMLSimpleApplication@883b02b
reloadAllAccessors: .Commutator3

===========================================================================================
----------------- testing Wed Jul 10 00:54:33 UTC 2019 /home/travis/build/icyphy/ptII/ptolemy/actor/lib/test/auto/Compare.xml
----------------- Instantiating /home/travis/build/icyphy/ptII/ptolemy/actor/lib/test/auto/Compare.xml
1 ms. Memory: 585728K Free: 453896K (77%)
----------------- Invoking toplevel() on ptolemy.moml.MoMLSimpleApplication@2b1f19ed
----------------- Done invoking toplevel() on ptolemy.moml.MoMLSimpleApplication@2b1f19ed
reloadAllAccessors: .Compare

===========================================================================================
----------------- testing Wed Jul 10 00:54:33 UTC 2019 /home/travis/build/icyphy/ptII/ptolemy/actor/lib/test/auto/CompareDE.xml
----------------- Instantiating /home/travis/build/icyphy/ptII/ptolemy/actor/lib/test/auto/CompareDE.xml
4 ms. Memory: 585728K Free: 446714K (76%)
----------------- Invoking toplevel() on ptolemy.moml.MoMLSimpleApplication@421883e
----------------- Done invoking toplevel() on ptolemy.moml.MoMLSimpleApplication@421883e
reloadAllAccessors: .CompareDE

===========================================================================================
----------------- testing Wed Jul 10 00:54:33 UTC 2019 /home/travis/build/icyphy/ptII/ptolemy/actor/lib/test/auto/ComplexDivide.xml
----------------- Instantiating /home/travis/build/icyphy/ptII/ptolemy/actor/lib/test/auto/ComplexDivide.xml
1 ms. Memory: 585728K Free: 443146K (76%)
----------------- Invoking toplevel() on ptolemy.moml.MoMLSimpleApplication@4f90527a
----------------- Done invoking toplevel() on ptolemy.moml.MoMLSimpleApplication@4f90527a
reloadAllAccessors: .ComplexDivide

===========================================================================================
----------------- testing Wed Jul 10 00:54:33 UTC 2019 /home/travis/build/icyphy/ptII/ptolemy/actor/lib/test/auto/ComputeHistogram.xml
----------------- Instantiating /home/travis/build/icyphy/ptII/ptolemy/actor/lib/test/auto/ComputeHistogram.xml
34 ms. Memory: 585728K Free: 430344K (73%)
----------------- Invoking toplevel() on ptolemy.moml.MoMLSimpleApplication@5b4cb390
----------------- Done invoking toplevel() on ptolemy.moml.MoMLSimpleApplication@5b4cb390
reloadAllAccessors: .ComputeHistogram

===========================================================================================
----------------- testing Wed Jul 10 00:54:33 UTC 2019 /home/travis/build/icyphy/ptII/ptolemy/actor/lib/test/auto/ConfigurationSelect.xml
----------------- Instantiating /home/travis/build/icyphy/ptII/ptolemy/actor/lib/test/auto/ConfigurationSelect.xml
9 ms. Memory: 585728K Free: 424714K (73%)
----------------- Invoking toplevel() on ptolemy.moml.MoMLSimpleApplication@6b84a240
----------------- Done invoking toplevel() on ptolemy.moml.MoMLSimpleApplication@6b84a240
reloadAllAccessors: .ConfigurationSelect

===========================================================================================
----------------- testing Wed Jul 10 00:54:33 UTC 2019 /home/travis/build/icyphy/ptII/ptolemy/actor/lib/test/auto/ConfigurationSelect2.xml
----------------- Instantiating /home/travis/build/icyphy/ptII/ptolemy/actor/lib/test/auto/ConfigurationSelect2.xml
3 ms. Memory: 585728K Free: 420618K (72%)
----------------- Invoking toplevel() on ptolemy.moml.MoMLSimpleApplication@233bf00d
----------------- Done invoking toplevel() on ptolemy.moml.MoMLSimpleApplication@233bf00d
reloadAllAccessors: .ConfigurationSelect2

===========================================================================================
----------------- testing Wed Jul 10 00:54:33 UTC 2019 /home/travis/build/icyphy/ptII/ptolemy/actor/lib/test/auto/ConfigurationSwitch.xml
----------------- Instantiating /home/travis/build/icyphy/ptII/ptolemy/actor/lib/test/auto/ConfigurationSwitch.xml
2 ms. Memory: 585728K Free: 414984K (71%)
----------------- Invoking toplevel() on ptolemy.moml.MoMLSimpleApplication@69a8f44c
----------------- Done invoking toplevel() on ptolemy.moml.MoMLSimpleApplication@69a8f44c
reloadAllAccessors: .ConfigurationSwitch

===========================================================================================
----------------- testing Wed Jul 10 00:54:33 UTC 2019 /home/travis/build/icyphy/ptII/ptolemy/actor/lib/test/auto/ConfigurationSwitch2.xml
----------------- Instantiating /home/travis/build/icyphy/ptII/ptolemy/actor/lib/test/auto/ConfigurationSwitch2.xml
2 ms. Memory: 585728K Free: 409864K (70%)
----------------- Invoking toplevel() on ptolemy.moml.MoMLSimpleApplication@28979d52
----------------- Done invoking toplevel() on ptolemy.moml.MoMLSimpleApplication@28979d52
reloadAllAccessors: .ConfigurationSwitch2

===========================================================================================
----------------- testing Wed Jul 10 00:54:33 UTC 2019 /home/travis/build/icyphy/ptII/ptolemy/actor/lib/test/auto/ConfigurationSwitchCloningBugWithClassRelationGroup.xml
----------------- Instantiating /home/travis/build/icyphy/ptII/ptolemy/actor/lib/test/auto/ConfigurationSwitchCloningBugWithClassRelationGroup.xml
2 ms. Memory: 585728K Free: 403210K (69%)
----------------- Invoking toplevel() on ptolemy.moml.MoMLSimpleApplication@622f1f29
----------------- Done invoking toplevel() on ptolemy.moml.MoMLSimpleApplication@622f1f29
reloadAllAccessors: .ConfigurationSwitchCloningBugWithClassRelationGroup

===========================================================================================
----------------- testing Wed Jul 10 00:54:33 UTC 2019 /home/travis/build/icyphy/ptII/ptolemy/actor/lib/test/auto/ConfigurationSwitchSelectSDF.xml
----------------- Instantiating /home/travis/build/icyphy/ptII/ptolemy/actor/lib/test/auto/ConfigurationSwitchSelectSDF.xml
4 ms. Memory: 585728K Free: 398090K (68%)
----------------- Invoking toplevel() on ptolemy.moml.MoMLSimpleApplication@1234852f
----------------- Done invoking toplevel() on ptolemy.moml.MoMLSimpleApplication@1234852f
reloadAllAccessors: .ConfigurationSwitchSelectSDF

===========================================================================================
----------------- testing Wed Jul 10 00:54:33 UTC 2019 /home/travis/build/icyphy/ptII/ptolemy/actor/lib/test/auto/ConfigurationSwitchSelectSDF2.xml
----------------- Instantiating /home/travis/build/icyphy/ptII/ptolemy/actor/lib/test/auto/ConfigurationSwitchSelectSDF2.xml
3 ms. Memory: 585728K Free: 392456K (67%)
----------------- Invoking toplevel() on ptolemy.moml.MoMLSimpleApplication@3d4822b4
----------------- Done invoking toplevel() on ptolemy.moml.MoMLSimpleApplication@3d4822b4
reloadAllAccessors: .ConfigurationSwitchSelectSDF2

===========================================================================================
----------------- testing Wed Jul 10 00:54:33 UTC 2019 /home/travis/build/icyphy/ptII/ptolemy/actor/lib/test/auto/Const.xml
----------------- Instantiating /home/travis/build/icyphy/ptII/ptolemy/actor/lib/test/auto/Const.xml
1 ms. Memory: 585728K Free: 388874K (66%)
----------------- Invoking toplevel() on ptolemy.moml.MoMLSimpleApplication@4bf26a79
----------------- Done invoking toplevel() on ptolemy.moml.MoMLSimpleApplication@4bf26a79
reloadAllAccessors: .Const

===========================================================================================
----------------- testing Wed Jul 10 00:54:33 UTC 2019 /home/travis/build/icyphy/ptII/ptolemy/actor/lib/test/auto/Const2.xml
----------------- Instantiating /home/travis/build/icyphy/ptII/ptolemy/actor/lib/test/auto/Const2.xml
1 ms. Memory: 585728K Free: 385288K (66%)
----------------- Invoking toplevel() on ptolemy.moml.MoMLSimpleApplication@5ace78f2
----------------- Done invoking toplevel() on ptolemy.moml.MoMLSimpleApplication@5ace78f2
reloadAllAccessors: .Const2

===========================================================================================
----------------- testing Wed Jul 10 00:54:33 UTC 2019 /home/travis/build/icyphy/ptII/ptolemy/actor/lib/test/auto/Const3.xml
----------------- Instantiating /home/travis/build/icyphy/ptII/ptolemy/actor/lib/test/auto/Const3.xml
1 ms. Memory: 585728K Free: 382216K (65%)
----------------- Invoking toplevel() on ptolemy.moml.MoMLSimpleApplication@77ebcd7c
----------------- Done invoking toplevel() on ptolemy.moml.MoMLSimpleApplication@77ebcd7c
reloadAllAccessors: .Const3

===========================================================================================
----------------- testing Wed Jul 10 00:54:33 UTC 2019 /home/travis/build/icyphy/ptII/ptolemy/actor/lib/test/auto/ConstantPublisherPort1.xml
----------------- Instantiating /home/travis/build/icyphy/ptII/ptolemy/actor/lib/test/auto/ConstantPublisherPort1.xml
7 ms. Memory: 585728K Free: 374024K (64%)
----------------- Invoking toplevel() on ptolemy.moml.MoMLSimpleApplication@62123673
----------------- Done invoking toplevel() on ptolemy.moml.MoMLSimpleApplication@62123673
reloadAllAccessors: .ConstantPublisherPort1

===========================================================================================
----------------- testing Wed Jul 10 00:54:33 UTC 2019 /home/travis/build/icyphy/ptII/ptolemy/actor/lib/test/auto/ConstantPublisherPort2.xml
----------------- Instantiating /home/travis/build/icyphy/ptII/ptolemy/actor/lib/test/auto/ConstantPublisherPort2.xml
13 ms. Memory: 585728K Free: 366346K (63%)
----------------- Invoking toplevel() on ptolemy.moml.MoMLSimpleApplication@450d3d2f
----------------- Done invoking toplevel() on ptolemy.moml.MoMLSimpleApplication@450d3d2f
reloadAllAccessors: .ConstantPublisherPort2

===========================================================================================
----------------- testing Wed Jul 10 00:54:33 UTC 2019 /home/travis/build/icyphy/ptII/ptolemy/actor/lib/test/auto/ConstantPublisherPort3.xml
----------------- Instantiating /home/travis/build/icyphy/ptII/ptolemy/actor/lib/test/auto/ConstantPublisherPort3.xml
7 ms. Memory: 585728K Free: 358664K (61%)
----------------- Invoking toplevel() on ptolemy.moml.MoMLSimpleApplication@44c1e701
----------------- Done invoking toplevel() on ptolemy.moml.MoMLSimpleApplication@44c1e701
reloadAllAccessors: .ConstantPublisherPort3

===========================================================================================
----------------- testing Wed Jul 10 00:54:33 UTC 2019 /home/travis/build/icyphy/ptII/ptolemy/actor/lib/test/auto/ConstantPublisherPort4.xml
----------------- Instantiating /home/travis/build/icyphy/ptII/ptolemy/actor/lib/test/auto/ConstantPublisherPort4.xml
2 ms. Memory: 585728K Free: 352010K (60%)
----------------- Invoking toplevel() on ptolemy.moml.MoMLSimpleApplication@41e266b6
----------------- Done invoking toplevel() on ptolemy.moml.MoMLSimpleApplication@41e266b6
reloadAllAccessors: .ConstantPublisherPort4

===========================================================================================
----------------- testing Wed Jul 10 00:54:33 UTC 2019 /home/travis/build/icyphy/ptII/ptolemy/actor/lib/test/auto/ConstantPublisherPort5.xml
----------------- Instantiating /home/travis/build/icyphy/ptII/ptolemy/actor/lib/test/auto/ConstantPublisherPort5.xml
33 ms. Memory: 585728K Free: 342280K (58%)
----------------- Invoking toplevel() on ptolemy.moml.MoMLSimpleApplication@5dfdc392
----------------- Done invoking toplevel() on ptolemy.moml.MoMLSimpleApplication@5dfdc392
reloadAllAccessors: .ConstantPublisherPort5

===========================================================================================
----------------- testing Wed Jul 10 00:54:33 UTC 2019 /home/travis/build/icyphy/ptII/ptolemy/actor/lib/test/auto/ConstantPublisherPort6.xml
----------------- Instantiating /home/travis/build/icyphy/ptII/ptolemy/actor/lib/test/auto/ConstantPublisherPort6.xml
16 ms. Memory: 585728K Free: 333578K (57%)
----------------- Invoking toplevel() on ptolemy.moml.MoMLSimpleApplication@28578986
----------------- Done invoking toplevel() on ptolemy.moml.MoMLSimpleApplication@28578986
reloadAllAccessors: .ConstantPublisherPort6

===========================================================================================
----------------- testing Wed Jul 10 00:54:33 UTC 2019 /home/travis/build/icyphy/ptII/ptolemy/actor/lib/test/auto/ConstantPublisherPort7.xml
----------------- Instantiating /home/travis/build/icyphy/ptII/ptolemy/actor/lib/test/auto/ConstantPublisherPort7.xml
15 ms. Memory: 585728K Free: 324362K (55%)
----------------- Invoking toplevel() on ptolemy.moml.MoMLSimpleApplication@7bcb97e4
----------------- Done invoking toplevel() on ptolemy.moml.MoMLSimpleApplication@7bcb97e4
reloadAllAccessors: .ConstantPublisherPort7

===========================================================================================
----------------- testing Wed Jul 10 00:54:33 UTC 2019 /home/travis/build/icyphy/ptII/ptolemy/actor/lib/test/auto/ConstraintMonitor1.xml
----------------- Instantiating /home/travis/build/icyphy/ptII/ptolemy/actor/lib/test/auto/ConstraintMonitor1.xml
6 ms. Memory: 585728K Free: 319242K (55%)
----------------- Invoking toplevel() on ptolemy.moml.MoMLSimpleApplication@26018bac
----------------- Done invoking toplevel() on ptolemy.moml.MoMLSimpleApplication@26018bac
reloadAllAccessors: .ConstraintMonitor1

===========================================================================================
----------------- testing Wed Jul 10 00:54:33 UTC 2019 /home/travis/build/icyphy/ptII/ptolemy/actor/lib/test/auto/ConstraintMonitor2.xml
----------------- Instantiating /home/travis/build/icyphy/ptII/ptolemy/actor/lib/test/auto/ConstraintMonitor2.xml
5 ms. Memory: 585728K Free: 315146K (54%)
----------------- Invoking toplevel() on ptolemy.moml.MoMLSimpleApplication@4ee74b60
----------------- Done invoking toplevel() on ptolemy.moml.MoMLSimpleApplication@4ee74b60
reloadAllAccessors: .ConstraintMonitor2

===========================================================================================
----------------- testing Wed Jul 10 00:54:34 UTC 2019 /home/travis/build/icyphy/ptII/ptolemy/actor/lib/test/auto/ConstraintMonitor3.xml
----------------- Instantiating /home/travis/build/icyphy/ptII/ptolemy/actor/lib/test/auto/ConstraintMonitor3.xml
2 ms. Memory: 585728K Free: 310536K (53%)
----------------- Invoking toplevel() on ptolemy.moml.MoMLSimpleApplication@10816aae
----------------- Done invoking toplevel() on ptolemy.moml.MoMLSimpleApplication@10816aae
reloadAllAccessors: .ConstraintMonitor3

===========================================================================================
----------------- testing Wed Jul 10 00:54:34 UTC 2019 /home/travis/build/icyphy/ptII/ptolemy/actor/lib/test/auto/ConstraintMonitor4.xml
----------------- Instantiating /home/travis/build/icyphy/ptII/ptolemy/actor/lib/test/auto/ConstraintMonitor4.xml
2 ms. Memory: 585728K Free: 305930K (52%)
----------------- Invoking toplevel() on ptolemy.moml.MoMLSimpleApplication@537ea4c3
----------------- Done invoking toplevel() on ptolemy.moml.MoMLSimpleApplication@537ea4c3
reloadAllAccessors: .ConstraintMonitor4

===========================================================================================
----------------- testing Wed Jul 10 00:54:34 UTC 2019 /home/travis/build/icyphy/ptII/ptolemy/actor/lib/test/auto/ConstraintMonitor5.xml
----------------- Instantiating /home/travis/build/icyphy/ptII/ptolemy/actor/lib/test/auto/ConstraintMonitor5.xml
2 ms. Memory: 585728K Free: 300296K (51%)
----------------- Invoking toplevel() on ptolemy.moml.MoMLSimpleApplication@17a253f5
----------------- Done invoking toplevel() on ptolemy.moml.MoMLSimpleApplication@17a253f5
reloadAllAccessors: .ConstraintMonitor5

===========================================================================================
----------------- testing Wed Jul 10 00:54:34 UTC 2019 /home/travis/build/icyphy/ptII/ptolemy/actor/lib/test/auto/ConstraintMonitor6.xml
----------------- Instantiating /home/travis/build/icyphy/ptII/ptolemy/actor/lib/test/auto/ConstraintMonitor6.xml
7 ms. Memory: 585728K Free: 293642K (50%)
----------------- Invoking toplevel() on ptolemy.moml.MoMLSimpleApplication@3819a820
----------------- Done invoking toplevel() on ptolemy.moml.MoMLSimpleApplication@3819a820
reloadAllAccessors: .ConstraintMonitor6

===========================================================================================
----------------- testing Wed Jul 10 00:54:34 UTC 2019 /home/travis/build/icyphy/ptII/ptolemy/actor/lib/test/auto/ConstraintMonitor7.xml
----------------- Instantiating /home/travis/build/icyphy/ptII/ptolemy/actor/lib/test/auto/ConstraintMonitor7.xml
3 ms. Memory: 585728K Free: 287498K (49%)
----------------- Invoking toplevel() on ptolemy.moml.MoMLSimpleApplication@55597a6d
----------------- Done invoking toplevel() on ptolemy.moml.MoMLSimpleApplication@55597a6d
reloadAllAccessors: .ConstraintMonitor7

===========================================================================================
----------------- testing Wed Jul 10 00:54:34 UTC 2019 /home/travis/build/icyphy/ptII/ptolemy/actor/lib/test/auto/ConstraintMonitor8.xml
----------------- Instantiating /home/travis/build/icyphy/ptII/ptolemy/actor/lib/test/auto/ConstraintMonitor8.xml
8 ms. Memory: 585728K Free: 279816K (48%)
----------------- Invoking toplevel() on ptolemy.moml.MoMLSimpleApplication@c4cb013
----------------- Done invoking toplevel() on ptolemy.moml.MoMLSimpleApplication@c4cb013
reloadAllAccessors: .ConstraintMonitor8

===========================================================================================
----------------- testing Wed Jul 10 00:54:34 UTC 2019 /home/travis/build/icyphy/ptII/ptolemy/actor/lib/test/auto/Counter.xml
----------------- Instantiating /home/travis/build/icyphy/ptII/ptolemy/actor/lib/test/auto/Counter.xml
2 ms. Memory: 585728K Free: 274696K (47%)
----------------- Invoking toplevel() on ptolemy.moml.MoMLSimpleApplication@48279f9a
----------------- Done invoking toplevel() on ptolemy.moml.MoMLSimpleApplication@48279f9a
reloadAllAccessors: .Counter

===========================================================================================
----------------- testing Wed Jul 10 00:54:34 UTC 2019 /home/travis/build/icyphy/ptII/ptolemy/actor/lib/test/auto/CurrentTimeSDF.xml
----------------- Instantiating /home/travis/build/icyphy/ptII/ptolemy/actor/lib/test/auto/CurrentTimeSDF.xml
1 ms. Memory: 585728K Free: 271114K (46%)
----------------- Invoking toplevel() on ptolemy.moml.MoMLSimpleApplication@2c1c5b38
----------------- Done invoking toplevel() on ptolemy.moml.MoMLSimpleApplication@2c1c5b38
reloadAllAccessors: .CurrentTimeSDF

===========================================================================================
----------------- testing Wed Jul 10 00:54:34 UTC 2019 /home/travis/build/icyphy/ptII/ptolemy/actor/lib/test/auto/DB.xml
----------------- Instantiating /home/travis/build/icyphy/ptII/ptolemy/actor/lib/test/auto/DB.xml
3 ms. Memory: 585728K Free: 265994K (45%)
----------------- Invoking toplevel() on ptolemy.moml.MoMLSimpleApplication@1f20779a
----------------- Done invoking toplevel() on ptolemy.moml.MoMLSimpleApplication@1f20779a
reloadAllAccessors: .DB

===========================================================================================
----------------- testing Wed Jul 10 00:54:34 UTC 2019 /home/travis/build/icyphy/ptII/ptolemy/actor/lib/test/auto/DBDE.xml
----------------- Instantiating /home/travis/build/icyphy/ptII/ptolemy/actor/lib/test/auto/DBDE.xml
3 ms. Memory: 585728K Free: 259850K (44%)
----------------- Invoking toplevel() on ptolemy.moml.MoMLSimpleApplication@720206d8
----------------- Done invoking toplevel() on ptolemy.moml.MoMLSimpleApplication@720206d8
reloadAllAccessors: .DBDE

===========================================================================================
----------------- testing Wed Jul 10 00:54:34 UTC 2019 /home/travis/build/icyphy/ptII/ptolemy/actor/lib/test/auto/DateConstructor.xml
----------------- Instantiating /home/travis/build/icyphy/ptII/ptolemy/actor/lib/test/auto/DateConstructor.xml
32 ms. Memory: 585728K Free: 242952K (41%)
----------------- Invoking toplevel() on ptolemy.moml.MoMLSimpleApplication@2a6280be
----------------- Done invoking toplevel() on ptolemy.moml.MoMLSimpleApplication@2a6280be
reloadAllAccessors: .DateConstructor

===========================================================================================
----------------- testing Wed Jul 10 00:54:34 UTC 2019 /home/travis/build/icyphy/ptII/ptolemy/actor/lib/test/auto/DelayTime.xml
----------------- Instantiating /home/travis/build/icyphy/ptII/ptolemy/actor/lib/test/auto/DelayTime.xml
7 ms. Memory: 585728K Free: 237832K (41%)
----------------- Invoking toplevel() on ptolemy.moml.MoMLSimpleApplication@2bdc5425
----------------- Done invoking toplevel() on ptolemy.moml.MoMLSimpleApplication@2bdc5425
reloadAllAccessors: .DelayTime

===========================================================================================
----------------- testing Wed Jul 10 00:54:34 UTC 2019 /home/travis/build/icyphy/ptII/ptolemy/actor/lib/test/auto/Dictionary1.xml
----------------- Instantiating /home/travis/build/icyphy/ptII/ptolemy/actor/lib/test/auto/Dictionary1.xml
7 ms. Memory: 585728K Free: 232202K (40%)
----------------- Invoking toplevel() on ptolemy.moml.MoMLSimpleApplication@7cb25ba0
----------------- Done invoking toplevel() on ptolemy.moml.MoMLSimpleApplication@7cb25ba0
reloadAllAccessors: .Dictionary1

===========================================================================================
----------------- testing Wed Jul 10 00:54:34 UTC 2019 /home/travis/build/icyphy/ptII/ptolemy/actor/lib/test/auto/Dictionary2.xml
----------------- Instantiating /home/travis/build/icyphy/ptII/ptolemy/actor/lib/test/auto/Dictionary2.xml
4 ms. Memory: 585728K Free: 227082K (39%)
----------------- Invoking toplevel() on ptolemy.moml.MoMLSimpleApplication@742e4038
----------------- Done invoking toplevel() on ptolemy.moml.MoMLSimpleApplication@742e4038
reloadAllAccessors: .Dictionary2

===========================================================================================
----------------- testing Wed Jul 10 00:54:34 UTC 2019 /home/travis/build/icyphy/ptII/ptolemy/actor/lib/test/auto/Dictionary3.xml
----------------- Instantiating /home/travis/build/icyphy/ptII/ptolemy/actor/lib/test/auto/Dictionary3.xml
1 ms. Memory: 585728K Free: 221448K (38%)
----------------- Invoking toplevel() on ptolemy.moml.MoMLSimpleApplication@e53af9e
----------------- Done invoking toplevel() on ptolemy.moml.MoMLSimpleApplication@e53af9e
reloadAllAccessors: .Dictionary3

===========================================================================================
----------------- testing Wed Jul 10 00:54:34 UTC 2019 /home/travis/build/icyphy/ptII/ptolemy/actor/lib/test/auto/Dictionary4.xml
----------------- Instantiating /home/travis/build/icyphy/ptII/ptolemy/actor/lib/test/auto/Dictionary4.xml
3 ms. Memory: 585728K Free: 531100K (91%)
----------------- Invoking toplevel() on ptolemy.moml.MoMLSimpleApplication@6c63576b
----------------- Done invoking toplevel() on ptolemy.moml.MoMLSimpleApplication@6c63576b
reloadAllAccessors: .Dictionary4

===========================================================================================
----------------- testing Wed Jul 10 00:54:34 UTC 2019 /home/travis/build/icyphy/ptII/ptolemy/actor/lib/test/auto/Differential.xml
----------------- Instantiating /home/travis/build/icyphy/ptII/ptolemy/actor/lib/test/auto/Differential.xml
3 ms. Memory: 585728K Free: 526494K (90%)
----------------- Invoking toplevel() on ptolemy.moml.MoMLSimpleApplication@4aa66b37
----------------- Done invoking toplevel() on ptolemy.moml.MoMLSimpleApplication@4aa66b37
reloadAllAccessors: .Differential

===========================================================================================
----------------- testing Wed Jul 10 00:54:34 UTC 2019 /home/travis/build/icyphy/ptII/ptolemy/actor/lib/test/auto/Director.xml
----------------- Instantiating /home/travis/build/icyphy/ptII/ptolemy/actor/lib/test/auto/Director.xml
4 ms. Memory: 585728K Free: 522908K (89%)
----------------- Invoking toplevel() on ptolemy.moml.MoMLSimpleApplication@4d571d47
----------------- Done invoking toplevel() on ptolemy.moml.MoMLSimpleApplication@4d571d47
reloadAllAccessors: .Director

===========================================================================================
----------------- testing Wed Jul 10 00:54:34 UTC 2019 /home/travis/build/icyphy/ptII/ptolemy/actor/lib/test/auto/DiscreteClock.xml
----------------- Instantiating /home/travis/build/icyphy/ptII/ptolemy/actor/lib/test/auto/DiscreteClock.xml
2 ms. Memory: 585728K Free: 518812K (89%)
----------------- Invoking toplevel() on ptolemy.moml.MoMLSimpleApplication@604ce4d0
----------------- Done invoking toplevel() on ptolemy.moml.MoMLSimpleApplication@604ce4d0
reloadAllAccessors: .DiscreteClock

===========================================================================================
----------------- testing Wed Jul 10 00:54:34 UTC 2019 /home/travis/build/icyphy/ptII/ptolemy/actor/lib/test/auto/DiscreteClock10.xml
----------------- Instantiating /home/travis/build/icyphy/ptII/ptolemy/actor/lib/test/auto/DiscreteClock10.xml
4 ms. Memory: 585728K Free: 513182K (88%)
----------------- Invoking toplevel() on ptolemy.moml.MoMLSimpleApplication@bebf44f
----------------- Done invoking toplevel() on ptolemy.moml.MoMLSimpleApplication@bebf44f
reloadAllAccessors: .DiscreteClock10

===========================================================================================
----------------- testing Wed Jul 10 00:54:34 UTC 2019 /home/travis/build/icyphy/ptII/ptolemy/actor/lib/test/auto/DiscreteClock11.xml
----------------- Instantiating /home/travis/build/icyphy/ptII/ptolemy/actor/lib/test/auto/DiscreteClock11.xml
3 ms. Memory: 585728K Free: 507038K (87%)
----------------- Invoking toplevel() on ptolemy.moml.MoMLSimpleApplication@54201a0d
----------------- Done invoking toplevel() on ptolemy.moml.MoMLSimpleApplication@54201a0d
reloadAllAccessors: .DiscreteClock11

===========================================================================================
----------------- testing Wed Jul 10 00:54:34 UTC 2019 /home/travis/build/icyphy/ptII/ptolemy/actor/lib/test/auto/DiscreteClock12.xml
----------------- Instantiating /home/travis/build/icyphy/ptII/ptolemy/actor/lib/test/auto/DiscreteClock12.xml
3 ms. Memory: 585728K Free: 500894K (86%)
----------------- Invoking toplevel() on ptolemy.moml.MoMLSimpleApplication@3945e43a
----------------- Done invoking toplevel() on ptolemy.moml.MoMLSimpleApplication@3945e43a
reloadAllAccessors: .DiscreteClock12

===========================================================================================
----------------- testing Wed Jul 10 00:54:34 UTC 2019 /home/travis/build/icyphy/ptII/ptolemy/actor/lib/test/auto/DiscreteClock13.xml
----------------- Instantiating /home/travis/build/icyphy/ptII/ptolemy/actor/lib/test/auto/DiscreteClock13.xml
5 ms. Memory: 585728K Free: 494750K (84%)
----------------- Invoking toplevel() on ptolemy.moml.MoMLSimpleApplication@342c7a52
----------------- Done invoking toplevel() on ptolemy.moml.MoMLSimpleApplication@342c7a52
reloadAllAccessors: .DiscreteClock13

===========================================================================================
----------------- testing Wed Jul 10 00:54:34 UTC 2019 /home/travis/build/icyphy/ptII/ptolemy/actor/lib/test/auto/DiscreteClock14.xml
----------------- Instantiating /home/travis/build/icyphy/ptII/ptolemy/actor/lib/test/auto/DiscreteClock14.xml
5 ms. Memory: 585728K Free: 489099K (84%)
----------------- Invoking toplevel() on ptolemy.moml.MoMLSimpleApplication@7d79af69
----------------- Done invoking toplevel() on ptolemy.moml.MoMLSimpleApplication@7d79af69
reloadAllAccessors: .DiscreteClock14

===========================================================================================
----------------- testing Wed Jul 10 00:54:34 UTC 2019 /home/travis/build/icyphy/ptII/ptolemy/actor/lib/test/auto/DiscreteClock15.xml
----------------- Instantiating /home/travis/build/icyphy/ptII/ptolemy/actor/lib/test/auto/DiscreteClock15.xml
6 ms. Memory: 585728K Free: 482958K (82%)
----------------- Invoking toplevel() on ptolemy.moml.MoMLSimpleApplication@5e9863ab
----------------- Done invoking toplevel() on ptolemy.moml.MoMLSimpleApplication@5e9863ab
reloadAllAccessors: .DiscreteClock15

===========================================================================================
----------------- testing Wed Jul 10 00:54:34 UTC 2019 /home/travis/build/icyphy/ptII/ptolemy/actor/lib/test/auto/DiscreteClock16.xml
----------------- Instantiating /home/travis/build/icyphy/ptII/ptolemy/actor/lib/test/auto/DiscreteClock16.xml
18 ms. Memory: 585728K Free: 469150K (80%)
----------------- Invoking toplevel() on ptolemy.moml.MoMLSimpleApplication@292b57bf
----------------- Done invoking toplevel() on ptolemy.moml.MoMLSimpleApplication@292b57bf
reloadAllAccessors: .DiscreteClock16

===========================================================================================
----------------- testing Wed Jul 10 00:54:34 UTC 2019 /home/travis/build/icyphy/ptII/ptolemy/actor/lib/test/auto/DiscreteClock17.xml
----------------- Instantiating /home/travis/build/icyphy/ptII/ptolemy/actor/lib/test/auto/DiscreteClock17.xml
17 ms. Memory: 585728K Free: 455310K (78%)
----------------- Invoking toplevel() on ptolemy.moml.MoMLSimpleApplication@1a9661b6
----------------- Done invoking toplevel() on ptolemy.moml.MoMLSimpleApplication@1a9661b6
reloadAllAccessors: .DiscreteClock17

===========================================================================================
----------------- testing Wed Jul 10 00:54:34 UTC 2019 /home/travis/build/icyphy/ptII/ptolemy/actor/lib/test/auto/DiscreteClock18.xml
----------------- Instantiating /home/travis/build/icyphy/ptII/ptolemy/actor/lib/test/auto/DiscreteClock18.xml
25 ms. Memory: 585728K Free: 442526K (76%)
----------------- Invoking toplevel() on ptolemy.moml.MoMLSimpleApplication@352719b2
----------------- Done invoking toplevel() on ptolemy.moml.MoMLSimpleApplication@352719b2
reloadAllAccessors: .DiscreteClock18

===========================================================================================
----------------- testing Wed Jul 10 00:54:34 UTC 2019 /home/travis/build/icyphy/ptII/ptolemy/actor/lib/test/auto/DiscreteClock19.xml
----------------- Instantiating /home/travis/build/icyphy/ptII/ptolemy/actor/lib/test/auto/DiscreteClock19.xml
30 ms. Memory: 585728K Free: 428686K (73%)
----------------- Invoking toplevel() on ptolemy.moml.MoMLSimpleApplication@3c976ace
----------------- Done invoking toplevel() on ptolemy.moml.MoMLSimpleApplication@3c976ace
reloadAllAccessors: .DiscreteClock19

===========================================================================================
----------------- testing Wed Jul 10 00:54:34 UTC 2019 /home/travis/build/icyphy/ptII/ptolemy/actor/lib/test/auto/DiscreteClock2.xml
----------------- Instantiating /home/travis/build/icyphy/ptII/ptolemy/actor/lib/test/auto/DiscreteClock2.xml
5 ms. Memory: 585728K Free: 423566K (72%)
----------------- Invoking toplevel() on ptolemy.moml.MoMLSimpleApplication@30bfb06
----------------- Done invoking toplevel() on ptolemy.moml.MoMLSimpleApplication@30bfb06
reloadAllAccessors: .DiscreteClock2

===========================================================================================
----------------- testing Wed Jul 10 00:54:34 UTC 2019 /home/travis/build/icyphy/ptII/ptolemy/actor/lib/test/auto/DiscreteClock20.xml
----------------- Instantiating /home/travis/build/icyphy/ptII/ptolemy/actor/lib/test/auto/DiscreteClock20.xml
8 ms. Memory: 585728K Free: 417950K (71%)
----------------- Invoking toplevel() on ptolemy.moml.MoMLSimpleApplication@36c234c4
----------------- Done invoking toplevel() on ptolemy.moml.MoMLSimpleApplication@36c234c4
reloadAllAccessors: .DiscreteClock20

===========================================================================================
----------------- testing Wed Jul 10 00:54:34 UTC 2019 /home/travis/build/icyphy/ptII/ptolemy/actor/lib/test/auto/DiscreteClock21.xml
----------------- Instantiating /home/travis/build/icyphy/ptII/ptolemy/actor/lib/test/auto/DiscreteClock21.xml
6 ms. Memory: 585728K Free: 412830K (70%)
----------------- Invoking toplevel() on ptolemy.moml.MoMLSimpleApplication@6eaa9b5a
----------------- Done invoking toplevel() on ptolemy.moml.MoMLSimpleApplication@6eaa9b5a
reloadAllAccessors: .DiscreteClock21

===========================================================================================
----------------- testing Wed Jul 10 00:54:34 UTC 2019 /home/travis/build/icyphy/ptII/ptolemy/actor/lib/test/auto/DiscreteClock22.xml
----------------- Instantiating /home/travis/build/icyphy/ptII/ptolemy/actor/lib/test/auto/DiscreteClock22.xml
6 ms. Memory: 585728K Free: 407196K (70%)
----------------- Invoking toplevel() on ptolemy.moml.MoMLSimpleApplication@76d4c6e9
----------------- Done invoking toplevel() on ptolemy.moml.MoMLSimpleApplication@76d4c6e9
reloadAllAccessors: .DiscreteClock22

===========================================================================================
----------------- testing Wed Jul 10 00:54:34 UTC 2019 /home/travis/build/icyphy/ptII/ptolemy/actor/lib/test/auto/DiscreteClock23.xml
----------------- Instantiating /home/travis/build/icyphy/ptII/ptolemy/actor/lib/test/auto/DiscreteClock23.xml
19 ms. Memory: 585728K Free: 401566K (69%)
----------------- Invoking toplevel() on ptolemy.moml.MoMLSimpleApplication@38c2fd3b
----------------- Done invoking toplevel() on ptolemy.moml.MoMLSimpleApplication@38c2fd3b
reloadAllAccessors: .DiscreteClock23

===========================================================================================
----------------- testing Wed Jul 10 00:54:35 UTC 2019 /home/travis/build/icyphy/ptII/ptolemy/actor/lib/test/auto/DiscreteClock24.xml
----------------- Instantiating /home/travis/build/icyphy/ptII/ptolemy/actor/lib/test/auto/DiscreteClock24.xml
6 ms. Memory: 585728K Free: 395932K (68%)
----------------- Invoking toplevel() on ptolemy.moml.MoMLSimpleApplication@ff893b9
----------------- Done invoking toplevel() on ptolemy.moml.MoMLSimpleApplication@ff893b9
reloadAllAccessors: .DiscreteClock24

===========================================================================================
----------------- testing Wed Jul 10 00:54:35 UTC 2019 /home/travis/build/icyphy/ptII/ptolemy/actor/lib/test/auto/DiscreteClock4.xml
----------------- Instantiating /home/travis/build/icyphy/ptII/ptolemy/actor/lib/test/auto/DiscreteClock4.xml
4 ms. Memory: 585728K Free: 390812K (67%)
----------------- Invoking toplevel() on ptolemy.moml.MoMLSimpleApplication@478f4b15
----------------- Done invoking toplevel() on ptolemy.moml.MoMLSimpleApplication@478f4b15
reloadAllAccessors: .DiscreteClock4

===========================================================================================
----------------- testing Wed Jul 10 00:54:35 UTC 2019 /home/travis/build/icyphy/ptII/ptolemy/actor/lib/test/auto/DiscreteClock5.xml
----------------- Instantiating /home/travis/build/icyphy/ptII/ptolemy/actor/lib/test/auto/DiscreteClock5.xml
1 ms. Memory: 585728K Free: 385182K (66%)
----------------- Invoking toplevel() on ptolemy.moml.MoMLSimpleApplication@11750cb4
----------------- Done invoking toplevel() on ptolemy.moml.MoMLSimpleApplication@11750cb4
reloadAllAccessors: .DiscreteClock5

===========================================================================================
----------------- testing Wed Jul 10 00:54:35 UTC 2019 /home/travis/build/icyphy/ptII/ptolemy/actor/lib/test/auto/DiscreteClock6.xml
----------------- Instantiating /home/travis/build/icyphy/ptII/ptolemy/actor/lib/test/auto/DiscreteClock6.xml
2 ms. Memory: 585728K Free: 381086K (65%)
----------------- Invoking toplevel() on ptolemy.moml.MoMLSimpleApplication@5b3d4027
----------------- Done invoking toplevel() on ptolemy.moml.MoMLSimpleApplication@5b3d4027
reloadAllAccessors: .DiscreteClock6

===========================================================================================
----------------- testing Wed Jul 10 00:54:35 UTC 2019 /home/travis/build/icyphy/ptII/ptolemy/actor/lib/test/auto/DiscreteClock7.xml
----------------- Instantiating /home/travis/build/icyphy/ptII/ptolemy/actor/lib/test/auto/DiscreteClock7.xml
2 ms. Memory: 585728K Free: 376476K (64%)
----------------- Invoking toplevel() on ptolemy.moml.MoMLSimpleApplication@5a52ee1c
----------------- Done invoking toplevel() on ptolemy.moml.MoMLSimpleApplication@5a52ee1c
reloadAllAccessors: .DiscreteClock7

===========================================================================================
----------------- testing Wed Jul 10 00:54:35 UTC 2019 /home/travis/build/icyphy/ptII/ptolemy/actor/lib/test/auto/DiscreteClock8.xml
----------------- Instantiating /home/travis/build/icyphy/ptII/ptolemy/actor/lib/test/auto/DiscreteClock8.xml
5 ms. Memory: 585728K Free: 370846K (63%)
----------------- Invoking toplevel() on ptolemy.moml.MoMLSimpleApplication@2f01a9bc
----------------- Done invoking toplevel() on ptolemy.moml.MoMLSimpleApplication@2f01a9bc
reloadAllAccessors: .DiscreteClock8

===========================================================================================
----------------- testing Wed Jul 10 00:54:35 UTC 2019 /home/travis/build/icyphy/ptII/ptolemy/actor/lib/test/auto/DiscreteClock9.xml
----------------- Instantiating /home/travis/build/icyphy/ptII/ptolemy/actor/lib/test/auto/DiscreteClock9.xml
4 ms. Memory: 585728K Free: 365198K (62%)
----------------- Invoking toplevel() on ptolemy.moml.MoMLSimpleApplication@195f5aae
----------------- Done invoking toplevel() on ptolemy.moml.MoMLSimpleApplication@195f5aae
reloadAllAccessors: .DiscreteClock9

===========================================================================================
----------------- testing Wed Jul 10 00:54:35 UTC 2019 /home/travis/build/icyphy/ptII/ptolemy/actor/lib/test/auto/DisplayArray.xml
----------------- Instantiating /home/travis/build/icyphy/ptII/ptolemy/actor/lib/test/auto/DisplayArray.xml
2 ms. Memory: 585728K Free: 361630K (62%)
----------------- Invoking toplevel() on ptolemy.moml.MoMLSimpleApplication@23e1c9b6
----------------- Done invoking toplevel() on ptolemy.moml.MoMLSimpleApplication@23e1c9b6
reloadAllAccessors: .DisplayArray

===========================================================================================
----------------- testing Wed Jul 10 00:54:35 UTC 2019 /home/travis/build/icyphy/ptII/ptolemy/actor/lib/test/auto/Distributor.xml
----------------- Instantiating /home/travis/build/icyphy/ptII/ptolemy/actor/lib/test/auto/Distributor.xml
1 ms. Memory: 585728K Free: 356510K (61%)
----------------- Invoking toplevel() on ptolemy.moml.MoMLSimpleApplication@7eac3967
----------------- Done invoking toplevel() on ptolemy.moml.MoMLSimpleApplication@7eac3967
reloadAllAccessors: .Distributor

===========================================================================================
----------------- testing Wed Jul 10 00:54:35 UTC 2019 /home/travis/build/icyphy/ptII/ptolemy/actor/lib/test/auto/Distributor2.xml
----------------- Instantiating /home/travis/build/icyphy/ptII/ptolemy/actor/lib/test/auto/Distributor2.xml
1 ms. Memory: 585728K Free: 351390K (60%)
----------------- Invoking toplevel() on ptolemy.moml.MoMLSimpleApplication@1725b8f1
----------------- Done invoking toplevel() on ptolemy.moml.MoMLSimpleApplication@1725b8f1
reloadAllAccessors: .Distributor2

===========================================================================================
----------------- testing Wed Jul 10 00:54:35 UTC 2019 /home/travis/build/icyphy/ptII/ptolemy/actor/lib/test/auto/DownSample.xml
----------------- Instantiating /home/travis/build/icyphy/ptII/ptolemy/actor/lib/test/auto/DownSample.xml
2 ms. Memory: 585728K Free: 346780K (59%)
----------------- Invoking toplevel() on ptolemy.moml.MoMLSimpleApplication@4e35e927
----------------- Done invoking toplevel() on ptolemy.moml.MoMLSimpleApplication@4e35e927
reloadAllAccessors: .DownSample

===========================================================================================
----------------- testing Wed Jul 10 00:54:35 UTC 2019 /home/travis/build/icyphy/ptII/ptolemy/actor/lib/test/auto/ElectronicUnitBase1.xml
----------------- Instantiating /home/travis/build/icyphy/ptII/ptolemy/actor/lib/test/auto/ElectronicUnitBase1.xml
16 ms. Memory: 585728K Free: 331420K (57%)
----------------- Invoking toplevel() on ptolemy.moml.MoMLSimpleApplication@280715e5
----------------- Done invoking toplevel() on ptolemy.moml.MoMLSimpleApplication@280715e5
reloadAllAccessors: .ElectronicUnitBase1

===========================================================================================
----------------- testing Wed Jul 10 00:54:35 UTC 2019 /home/travis/build/icyphy/ptII/ptolemy/actor/lib/test/auto/ElementsToArray.xml
----------------- Instantiating /home/travis/build/icyphy/ptII/ptolemy/actor/lib/test/auto/ElementsToArray.xml
2 ms. Memory: 585728K Free: 326300K (56%)
----------------- Invoking toplevel() on ptolemy.moml.MoMLSimpleApplication@4c723e0c
----------------- Done invoking toplevel() on ptolemy.moml.MoMLSimpleApplication@4c723e0c
reloadAllAccessors: .ElementsToArray

===========================================================================================
----------------- testing Wed Jul 10 00:54:35 UTC 2019 /home/travis/build/icyphy/ptII/ptolemy/actor/lib/test/auto/Equals.xml
----------------- Instantiating /home/travis/build/icyphy/ptII/ptolemy/actor/lib/test/auto/Equals.xml
3 ms. Memory: 585728K Free: 321694K (55%)
----------------- Invoking toplevel() on ptolemy.moml.MoMLSimpleApplication@63b9c0fe
----------------- Done invoking toplevel() on ptolemy.moml.MoMLSimpleApplication@63b9c0fe
reloadAllAccessors: .Equals

===========================================================================================
----------------- testing Wed Jul 10 00:54:35 UTC 2019 /home/travis/build/icyphy/ptII/ptolemy/actor/lib/test/auto/Exec.xml
----------------- Instantiating /home/travis/build/icyphy/ptII/ptolemy/actor/lib/test/auto/Exec.xml
28 ms. Memory: 585728K Free: 316046K (54%)
----------------- Invoking toplevel() on ptolemy.moml.MoMLSimpleApplication@14640e46
----------------- Done invoking toplevel() on ptolemy.moml.MoMLSimpleApplication@14640e46
reloadAllAccessors: .Exec

===========================================================================================
----------------- testing Wed Jul 10 00:54:35 UTC 2019 /home/travis/build/icyphy/ptII/ptolemy/actor/lib/test/auto/ExecEnvironment.xml
----------------- Instantiating /home/travis/build/icyphy/ptII/ptolemy/actor/lib/test/auto/ExecEnvironment.xml
26 ms. Memory: 585728K Free: 310430K (53%)
----------------- Invoking toplevel() on ptolemy.moml.MoMLSimpleApplication@11a4cc87
----------------- Done invoking toplevel() on ptolemy.moml.MoMLSimpleApplication@11a4cc87
reloadAllAccessors: .ExecEnvironment

===========================================================================================
----------------- testing Wed Jul 10 00:54:35 UTC 2019 /home/travis/build/icyphy/ptII/ptolemy/actor/lib/test/auto/ExecNonZeroReturnOutput.xml
----------------- Instantiating /home/travis/build/icyphy/ptII/ptolemy/actor/lib/test/auto/ExecNonZeroReturnOutput.xml
189 ms. Memory: 585728K Free: 299676K (51%)
----------------- Invoking toplevel() on ptolemy.moml.MoMLSimpleApplication@70f9d19c
----------------- Done invoking toplevel() on ptolemy.moml.MoMLSimpleApplication@70f9d19c
reloadAllAccessors: .ExecNonZeroReturnOutput

===========================================================================================
----------------- testing Wed Jul 10 00:54:35 UTC 2019 /home/travis/build/icyphy/ptII/ptolemy/actor/lib/test/auto/ExecRunDemos.xml
----------------- Instantiating /home/travis/build/icyphy/ptII/ptolemy/actor/lib/test/auto/ExecRunDemos.xml
11274 ms. Memory: 585728K Free: 279710K (48%)

===========================================================================================
----------------- testing Wed Jul 10 00:54:46 UTC 2019 /home/travis/build/icyphy/ptII/ptolemy/actor/lib/test/auto/ExecStop.xml
----------------- Instantiating /home/travis/build/icyphy/ptII/ptolemy/actor/lib/test/auto/ExecStop.xml
5016 ms. Memory: 703488K Free: 623752K (89%)
----------------- Invoking toplevel() on ptolemy.moml.MoMLSimpleApplication@79dfa5d4
----------------- Done invoking toplevel() on ptolemy.moml.MoMLSimpleApplication@79dfa5d4
reloadAllAccessors: .ExecStop

===========================================================================================
----------------- testing Wed Jul 10 00:54:52 UTC 2019 /home/travis/build/icyphy/ptII/ptolemy/actor/lib/test/auto/ExecutionTimeSDF.xml
----------------- Instantiating /home/travis/build/icyphy/ptII/ptolemy/actor/lib/test/auto/ExecutionTimeSDF.xml
Fired ExecutionTime: 2135600000
Fired ExecutionTime: 1075600000
Fired ExecutionTime: -1088567296
6008 ms. Memory: 703488K Free: 610527K (87%)

===========================================================================================
----------------- testing Wed Jul 10 00:54:58 UTC 2019 /home/travis/build/icyphy/ptII/ptolemy/actor/lib/test/auto/Expression1.xml
----------------- Instantiating /home/travis/build/icyphy/ptII/ptolemy/actor/lib/test/auto/Expression1.xml
2 ms. Memory: 703488K Free: 605921K (86%)
----------------- Invoking toplevel() on ptolemy.moml.MoMLSimpleApplication@4605f7db
----------------- Done invoking toplevel() on ptolemy.moml.MoMLSimpleApplication@4605f7db
reloadAllAccessors: .Expression1

===========================================================================================
----------------- testing Wed Jul 10 00:54:58 UTC 2019 /home/travis/build/icyphy/ptII/ptolemy/actor/lib/test/auto/Expression10.xml
----------------- Instantiating /home/travis/build/icyphy/ptII/ptolemy/actor/lib/test/auto/Expression10.xml
7 ms. Memory: 703488K Free: 600287K (85%)
----------------- Invoking toplevel() on ptolemy.moml.MoMLSimpleApplication@5ffef23
----------------- Done invoking toplevel() on ptolemy.moml.MoMLSimpleApplication@5ffef23
reloadAllAccessors: .Expression10

===========================================================================================
----------------- testing Wed Jul 10 00:54:58 UTC 2019 /home/travis/build/icyphy/ptII/ptolemy/actor/lib/test/auto/Expression11.xml
----------------- Instantiating /home/travis/build/icyphy/ptII/ptolemy/actor/lib/test/auto/Expression11.xml
2 ms. Memory: 703488K Free: 595681K (85%)
----------------- Invoking toplevel() on ptolemy.moml.MoMLSimpleApplication@46b01c4e
----------------- Done invoking toplevel() on ptolemy.moml.MoMLSimpleApplication@46b01c4e
reloadAllAccessors: .Expression11

===========================================================================================
----------------- testing Wed Jul 10 00:54:58 UTC 2019 /home/travis/build/icyphy/ptII/ptolemy/actor/lib/test/auto/Expression12.xml
----------------- Instantiating /home/travis/build/icyphy/ptII/ptolemy/actor/lib/test/auto/Expression12.xml
6 ms. Memory: 703488K Free: 590561K (84%)
----------------- Invoking toplevel() on ptolemy.moml.MoMLSimpleApplication@40427b0e
----------------- Done invoking toplevel() on ptolemy.moml.MoMLSimpleApplication@40427b0e
reloadAllAccessors: .Expression12

===========================================================================================
----------------- testing Wed Jul 10 00:54:58 UTC 2019 /home/travis/build/icyphy/ptII/ptolemy/actor/lib/test/auto/Expression13.xml
----------------- Instantiating /home/travis/build/icyphy/ptII/ptolemy/actor/lib/test/auto/Expression13.xml
5 ms. Memory: 703488K Free: 585441K (83%)
----------------- Invoking toplevel() on ptolemy.moml.MoMLSimpleApplication@f1a9a61
----------------- Done invoking toplevel() on ptolemy.moml.MoMLSimpleApplication@f1a9a61
reloadAllAccessors: .Expression13

===========================================================================================
----------------- testing Wed Jul 10 00:54:58 UTC 2019 /home/travis/build/icyphy/ptII/ptolemy/actor/lib/test/auto/Expression14.xml
----------------- Instantiating /home/travis/build/icyphy/ptII/ptolemy/actor/lib/test/auto/Expression14.xml
9 ms. Memory: 703488K Free: 579297K (82%)
----------------- Invoking toplevel() on ptolemy.moml.MoMLSimpleApplication@5e8ce683
----------------- Done invoking toplevel() on ptolemy.moml.MoMLSimpleApplication@5e8ce683
reloadAllAccessors: .Expression14

===========================================================================================
----------------- testing Wed Jul 10 00:54:58 UTC 2019 /home/travis/build/icyphy/ptII/ptolemy/actor/lib/test/auto/Expression15.xml
----------------- Instantiating /home/travis/build/icyphy/ptII/ptolemy/actor/lib/test/auto/Expression15.xml
3 ms. Memory: 703488K Free: 575201K (82%)
----------------- Invoking toplevel() on ptolemy.moml.MoMLSimpleApplication@7a4b3244
----------------- Done invoking toplevel() on ptolemy.moml.MoMLSimpleApplication@7a4b3244
reloadAllAccessors: .Expression15

===========================================================================================
----------------- testing Wed Jul 10 00:54:58 UTC 2019 /home/travis/build/icyphy/ptII/ptolemy/actor/lib/test/auto/Expression16.xml
----------------- Instantiating /home/travis/build/icyphy/ptII/ptolemy/actor/lib/test/auto/Expression16.xml
4 ms. Memory: 703488K Free: 570591K (81%)
----------------- Invoking toplevel() on ptolemy.moml.MoMLSimpleApplication@28e2c385
----------------- Done invoking toplevel() on ptolemy.moml.MoMLSimpleApplication@28e2c385
reloadAllAccessors: .Expression16

===========================================================================================
----------------- testing Wed Jul 10 00:54:58 UTC 2019 /home/travis/build/icyphy/ptII/ptolemy/actor/lib/test/auto/Expression17.xml
----------------- Instantiating /home/travis/build/icyphy/ptII/ptolemy/actor/lib/test/auto/Expression17.xml
3 ms. Memory: 703488K Free: 565471K (80%)
----------------- Invoking toplevel() on ptolemy.moml.MoMLSimpleApplication@315ab87f
----------------- Done invoking toplevel() on ptolemy.moml.MoMLSimpleApplication@315ab87f
reloadAllAccessors: .Expression17

===========================================================================================
----------------- testing Wed Jul 10 00:54:58 UTC 2019 /home/travis/build/icyphy/ptII/ptolemy/actor/lib/test/auto/Expression18.xml
----------------- Instantiating /home/travis/build/icyphy/ptII/ptolemy/actor/lib/test/auto/Expression18.xml
2 ms. Memory: 703488K Free: 560351K (80%)
----------------- Invoking toplevel() on ptolemy.moml.MoMLSimpleApplication@e128b69
----------------- Done invoking toplevel() on ptolemy.moml.MoMLSimpleApplication@e128b69
reloadAllAccessors: .Expression18

===========================================================================================
----------------- testing Wed Jul 10 00:54:58 UTC 2019 /home/travis/build/icyphy/ptII/ptolemy/actor/lib/test/auto/Expression2.xml
----------------- Instantiating /home/travis/build/icyphy/ptII/ptolemy/actor/lib/test/auto/Expression2.xml
3 ms. Memory: 703488K Free: 555231K (79%)
----------------- Invoking toplevel() on ptolemy.moml.MoMLSimpleApplication@53391026
----------------- Done invoking toplevel() on ptolemy.moml.MoMLSimpleApplication@53391026
reloadAllAccessors: .Expression2

===========================================================================================
----------------- testing Wed Jul 10 00:54:58 UTC 2019 /home/travis/build/icyphy/ptII/ptolemy/actor/lib/test/auto/Expression3.xml
----------------- Instantiating /home/travis/build/icyphy/ptII/ptolemy/actor/lib/test/auto/Expression3.xml
7 ms. Memory: 703488K Free: 550111K (78%)
----------------- Invoking toplevel() on ptolemy.moml.MoMLSimpleApplication@211ab487
----------------- Done invoking toplevel() on ptolemy.moml.MoMLSimpleApplication@211ab487
reloadAllAccessors: .Expression3

===========================================================================================
----------------- testing Wed Jul 10 00:54:58 UTC 2019 /home/travis/build/icyphy/ptII/ptolemy/actor/lib/test/auto/Expression4.xml
----------------- Instantiating /home/travis/build/icyphy/ptII/ptolemy/actor/lib/test/auto/Expression4.xml
5 ms. Memory: 703488K Free: 542943K (77%)
----------------- Invoking toplevel() on ptolemy.moml.MoMLSimpleApplication@70e568d7
----------------- Done invoking toplevel() on ptolemy.moml.MoMLSimpleApplication@70e568d7
reloadAllAccessors: .Expression4

===========================================================================================
----------------- testing Wed Jul 10 00:54:58 UTC 2019 /home/travis/build/icyphy/ptII/ptolemy/actor/lib/test/auto/Expression5.xml
----------------- Instantiating /home/travis/build/icyphy/ptII/ptolemy/actor/lib/test/auto/Expression5.xml
6 ms. Memory: 703488K Free: 537823K (76%)
----------------- Invoking toplevel() on ptolemy.moml.MoMLSimpleApplication@13570e92
----------------- Done invoking toplevel() on ptolemy.moml.MoMLSimpleApplication@13570e92
reloadAllAccessors: .Expression5

===========================================================================================
----------------- testing Wed Jul 10 00:54:58 UTC 2019 /home/travis/build/icyphy/ptII/ptolemy/actor/lib/test/auto/Expression6.xml
----------------- Instantiating /home/travis/build/icyphy/ptII/ptolemy/actor/lib/test/auto/Expression6.xml
2 ms. Memory: 703488K Free: 533217K (76%)
----------------- Invoking toplevel() on ptolemy.moml.MoMLSimpleApplication@525e5464
----------------- Done invoking toplevel() on ptolemy.moml.MoMLSimpleApplication@525e5464
reloadAllAccessors: .Expression6

===========================================================================================
----------------- testing Wed Jul 10 00:54:58 UTC 2019 /home/travis/build/icyphy/ptII/ptolemy/actor/lib/test/auto/Expression7.xml
----------------- Instantiating /home/travis/build/icyphy/ptII/ptolemy/actor/lib/test/auto/Expression7.xml
3 ms. Memory: 703488K Free: 528097K (75%)
----------------- Invoking toplevel() on ptolemy.moml.MoMLSimpleApplication@7dfdbe05
----------------- Done invoking toplevel() on ptolemy.moml.MoMLSimpleApplication@7dfdbe05
reloadAllAccessors: .Expression7

===========================================================================================
----------------- testing Wed Jul 10 00:54:58 UTC 2019 /home/travis/build/icyphy/ptII/ptolemy/actor/lib/test/auto/Expression8.xml
----------------- Instantiating /home/travis/build/icyphy/ptII/ptolemy/actor/lib/test/auto/Expression8.xml
8 ms. Memory: 703488K Free: 522977K (74%)
----------------- Invoking toplevel() on ptolemy.moml.MoMLSimpleApplication@3c93d332
----------------- Done invoking toplevel() on ptolemy.moml.MoMLSimpleApplication@3c93d332
reloadAllAccessors: .Expression8

===========================================================================================
----------------- testing Wed Jul 10 00:54:58 UTC 2019 /home/travis/build/icyphy/ptII/ptolemy/actor/lib/test/auto/Expression9.xml
----------------- Instantiating /home/travis/build/icyphy/ptII/ptolemy/actor/lib/test/auto/Expression9.xml
1 ms. Memory: 703488K Free: 519391K (74%)
----------------- Invoking toplevel() on ptolemy.moml.MoMLSimpleApplication@49261ffb
----------------- Done invoking toplevel() on ptolemy.moml.MoMLSimpleApplication@49261ffb
reloadAllAccessors: .Expression9

===========================================================================================
----------------- testing Wed Jul 10 00:54:58 UTC 2019 /home/travis/build/icyphy/ptII/ptolemy/actor/lib/test/auto/ExpressionConcatenateArrayType.xml
----------------- Instantiating /home/travis/build/icyphy/ptII/ptolemy/actor/lib/test/auto/ExpressionConcatenateArrayType.xml
3 ms. Memory: 703488K Free: 512737K (73%)
----------------- Invoking toplevel() on ptolemy.moml.MoMLSimpleApplication@37c034e3
----------------- Done invoking toplevel() on ptolemy.moml.MoMLSimpleApplication@37c034e3
reloadAllAccessors: .ExpressionConcatenateArrayType

===========================================================================================
----------------- testing Wed Jul 10 00:54:58 UTC 2019 /home/travis/build/icyphy/ptII/ptolemy/actor/lib/test/auto/ExpressionConcatenateArrayType2.xml
----------------- Instantiating /home/travis/build/icyphy/ptII/ptolemy/actor/lib/test/auto/ExpressionConcatenateArrayType2.xml
2 ms. Memory: 703488K Free: 507617K (72%)
----------------- Invoking toplevel() on ptolemy.moml.MoMLSimpleApplication@66873375
----------------- Done invoking toplevel() on ptolemy.moml.MoMLSimpleApplication@66873375
reloadAllAccessors: .ExpressionConcatenateArrayType2

===========================================================================================
----------------- testing Wed Jul 10 00:54:58 UTC 2019 /home/travis/build/icyphy/ptII/ptolemy/actor/lib/test/auto/ExpressionFix.xml
----------------- Instantiating /home/travis/build/icyphy/ptII/ptolemy/actor/lib/test/auto/ExpressionFix.xml
21 ms. Memory: 703488K Free: 500959K (71%)
----------------- Invoking toplevel() on ptolemy.moml.MoMLSimpleApplication@171a5d3d
----------------- Done invoking toplevel() on ptolemy.moml.MoMLSimpleApplication@171a5d3d
reloadAllAccessors: .ExpressionFix

===========================================================================================
----------------- testing Wed Jul 10 00:54:58 UTC 2019 /home/travis/build/icyphy/ptII/ptolemy/actor/lib/test/auto/ExpressionFix2.xml
----------------- Instantiating /home/travis/build/icyphy/ptII/ptolemy/actor/lib/test/auto/ExpressionFix2.xml
4 ms. Memory: 703488K Free: 496863K (71%)
----------------- Invoking toplevel() on ptolemy.moml.MoMLSimpleApplication@382ba871
----------------- Done invoking toplevel() on ptolemy.moml.MoMLSimpleApplication@382ba871
reloadAllAccessors: .ExpressionFix2

===========================================================================================
----------------- testing Wed Jul 10 00:54:58 UTC 2019 /home/travis/build/icyphy/ptII/ptolemy/actor/lib/test/auto/ExpressionFix3.xml
----------------- Instantiating /home/travis/build/icyphy/ptII/ptolemy/actor/lib/test/auto/ExpressionFix3.xml
3 ms. Memory: 703488K Free: 492767K (70%)
----------------- Invoking toplevel() on ptolemy.moml.MoMLSimpleApplication@2b542a90
----------------- Done invoking toplevel() on ptolemy.moml.MoMLSimpleApplication@2b542a90
reloadAllAccessors: .ExpressionFix3

===========================================================================================
----------------- testing Wed Jul 10 00:54:58 UTC 2019 /home/travis/build/icyphy/ptII/ptolemy/actor/lib/test/auto/FileWriter1.xml
----------------- Instantiating /home/travis/build/icyphy/ptII/ptolemy/actor/lib/test/auto/FileWriter1.xml
2 ms. Memory: 703488K Free: 488671K (69%)
----------------- Invoking toplevel() on ptolemy.moml.MoMLSimpleApplication@20d1452b
----------------- Done invoking toplevel() on ptolemy.moml.MoMLSimpleApplication@20d1452b
reloadAllAccessors: .FileWriter1

===========================================================================================
----------------- testing Wed Jul 10 00:54:58 UTC 2019 /home/travis/build/icyphy/ptII/ptolemy/actor/lib/test/auto/FileWriter2.xml
----------------- Instantiating /home/travis/build/icyphy/ptII/ptolemy/actor/lib/test/auto/FileWriter2.xml
2 ms. Memory: 703488K Free: 484065K (69%)
----------------- Invoking toplevel() on ptolemy.moml.MoMLSimpleApplication@4c25170
----------------- Done invoking toplevel() on ptolemy.moml.MoMLSimpleApplication@4c25170
reloadAllAccessors: .FileWriter2

===========================================================================================
----------------- testing Wed Jul 10 00:54:58 UTC 2019 /home/travis/build/icyphy/ptII/ptolemy/actor/lib/test/auto/FileWriter3.xml
----------------- Instantiating /home/travis/build/icyphy/ptII/ptolemy/actor/lib/test/auto/FileWriter3.xml
4 ms. Memory: 703488K Free: 479969K (68%)
----------------- Invoking toplevel() on ptolemy.moml.MoMLSimpleApplication@71bc411a
----------------- Done invoking toplevel() on ptolemy.moml.MoMLSimpleApplication@71bc411a
reloadAllAccessors: .FileWriter3

===========================================================================================
----------------- testing Wed Jul 10 00:54:58 UTC 2019 /home/travis/build/icyphy/ptII/ptolemy/actor/lib/test/auto/Gaussian.xml
----------------- Instantiating /home/travis/build/icyphy/ptII/ptolemy/actor/lib/test/auto/Gaussian.xml
3 ms. Memory: 703488K Free: 475359K (68%)
----------------- Invoking toplevel() on ptolemy.moml.MoMLSimpleApplication@6000121f
----------------- Done invoking toplevel() on ptolemy.moml.MoMLSimpleApplication@6000121f
reloadAllAccessors: .Gaussian

===========================================================================================
----------------- testing Wed Jul 10 00:54:58 UTC 2019 /home/travis/build/icyphy/ptII/ptolemy/actor/lib/test/auto/Gaussian1.xml
----------------- Instantiating /home/travis/build/icyphy/ptII/ptolemy/actor/lib/test/auto/Gaussian1.xml
1 ms. Memory: 703488K Free: 469729K (67%)
----------------- Invoking toplevel() on ptolemy.moml.MoMLSimpleApplication@4414fa60
----------------- Done invoking toplevel() on ptolemy.moml.MoMLSimpleApplication@4414fa60
reloadAllAccessors: .Gaussian1

===========================================================================================
----------------- testing Wed Jul 10 00:54:58 UTC 2019 /home/travis/build/icyphy/ptII/ptolemy/actor/lib/test/auto/Gaussian2.xml
----------------- Instantiating /home/travis/build/icyphy/ptII/ptolemy/actor/lib/test/auto/Gaussian2.xml
1 ms. Memory: 703488K Free: 464609K (66%)
----------------- Invoking toplevel() on ptolemy.moml.MoMLSimpleApplication@5e53321c
----------------- Done invoking toplevel() on ptolemy.moml.MoMLSimpleApplication@5e53321c
reloadAllAccessors: .Gaussian2

===========================================================================================
----------------- testing Wed Jul 10 00:54:58 UTC 2019 /home/travis/build/icyphy/ptII/ptolemy/actor/lib/test/auto/GradientAdaptiveLattice.xml
----------------- Instantiating /home/travis/build/icyphy/ptII/ptolemy/actor/lib/test/auto/GradientAdaptiveLattice.xml
9 ms. Memory: 703488K Free: 459489K (65%)
----------------- Invoking toplevel() on ptolemy.moml.MoMLSimpleApplication@51c0b00b
----------------- Done invoking toplevel() on ptolemy.moml.MoMLSimpleApplication@51c0b00b
reloadAllAccessors: .GradientAdaptiveLattice

===========================================================================================
----------------- testing Wed Jul 10 00:54:58 UTC 2019 /home/travis/build/icyphy/ptII/ptolemy/actor/lib/test/auto/IIR.xml
----------------- Instantiating /home/travis/build/icyphy/ptII/ptolemy/actor/lib/test/auto/IIR.xml
1 ms. Memory: 703488K Free: 454879K (65%)
----------------- Invoking toplevel() on ptolemy.moml.MoMLSimpleApplication@1572b9e0
----------------- Done invoking toplevel() on ptolemy.moml.MoMLSimpleApplication@1572b9e0
reloadAllAccessors: .IIR

===========================================================================================
----------------- testing Wed Jul 10 00:54:58 UTC 2019 /home/travis/build/icyphy/ptII/ptolemy/actor/lib/test/auto/InputOutputTransparentPorts.xml
----------------- Instantiating /home/travis/build/icyphy/ptII/ptolemy/actor/lib/test/auto/InputOutputTransparentPorts.xml
1 ms. Memory: 703488K Free: 447711K (64%)
----------------- Invoking toplevel() on ptolemy.moml.MoMLSimpleApplication@35ea681b
----------------- Done invoking toplevel() on ptolemy.moml.MoMLSimpleApplication@35ea681b
reloadAllAccessors: .InputOutputTransparentPorts

===========================================================================================
----------------- testing Wed Jul 10 00:54:58 UTC 2019 /home/travis/build/icyphy/ptII/ptolemy/actor/lib/test/auto/Interpolator.xml
----------------- Instantiating /home/travis/build/icyphy/ptII/ptolemy/actor/lib/test/auto/Interpolator.xml
4 ms. Memory: 703488K Free: 443615K (63%)
----------------- Invoking toplevel() on ptolemy.moml.MoMLSimpleApplication@634175f4
----------------- Done invoking toplevel() on ptolemy.moml.MoMLSimpleApplication@634175f4
reloadAllAccessors: .Interpolator

===========================================================================================
----------------- testing Wed Jul 10 00:54:58 UTC 2019 /home/travis/build/icyphy/ptII/ptolemy/actor/lib/test/auto/InterpolatorFiringLimitDE.xml
----------------- Instantiating /home/travis/build/icyphy/ptII/ptolemy/actor/lib/test/auto/InterpolatorFiringLimitDE.xml
2 ms. Memory: 703488K Free: 437471K (62%)
----------------- Invoking toplevel() on ptolemy.moml.MoMLSimpleApplication@f7af82e
----------------- Done invoking toplevel() on ptolemy.moml.MoMLSimpleApplication@f7af82e
reloadAllAccessors: .InterpolatorFiringLimitDE

===========================================================================================
----------------- testing Wed Jul 10 00:54:58 UTC 2019 /home/travis/build/icyphy/ptII/ptolemy/actor/lib/test/auto/Lattice.xml
----------------- Instantiating /home/travis/build/icyphy/ptII/ptolemy/actor/lib/test/auto/Lattice.xml
1 ms. Memory: 703488K Free: 433375K (62%)
----------------- Invoking toplevel() on ptolemy.moml.MoMLSimpleApplication@5fd91cfe
----------------- Done invoking toplevel() on ptolemy.moml.MoMLSimpleApplication@5fd91cfe
reloadAllAccessors: .Lattice

===========================================================================================
----------------- testing Wed Jul 10 00:54:58 UTC 2019 /home/travis/build/icyphy/ptII/ptolemy/actor/lib/test/auto/LazyAOCTestLazy.xml
----------------- Instantiating /home/travis/build/icyphy/ptII/ptolemy/actor/lib/test/auto/LazyAOCTestLazy.xml
7 ms. Memory: 703488K Free: 427745K (61%)
----------------- Invoking toplevel() on ptolemy.moml.MoMLSimpleApplication@44a3d858
----------------- Done invoking toplevel() on ptolemy.moml.MoMLSimpleApplication@44a3d858
reloadAllAccessors: .LazyAOCTestLazy

===========================================================================================
----------------- testing Wed Jul 10 00:54:58 UTC 2019 /home/travis/build/icyphy/ptII/ptolemy/actor/lib/test/auto/LazyAOCTestNonLazy.xml
----------------- Instantiating /home/travis/build/icyphy/ptII/ptolemy/actor/lib/test/auto/LazyAOCTestNonLazy.xml
2 ms. Memory: 703488K Free: 421601K (60%)
----------------- Invoking toplevel() on ptolemy.moml.MoMLSimpleApplication@3ae37e9a
----------------- Done invoking toplevel() on ptolemy.moml.MoMLSimpleApplication@3ae37e9a
reloadAllAccessors: .LazyAOCTestNonLazy

===========================================================================================
----------------- testing Wed Jul 10 00:54:58 UTC 2019 /home/travis/build/icyphy/ptII/ptolemy/actor/lib/test/auto/LazyInnerClass.xml
----------------- Instantiating /home/travis/build/icyphy/ptII/ptolemy/actor/lib/test/auto/LazyInnerClass.xml
19 ms. Memory: 703488K Free: 412895K (59%)
----------------- Invoking toplevel() on ptolemy.moml.MoMLSimpleApplication@3da0839
----------------- Done invoking toplevel() on ptolemy.moml.MoMLSimpleApplication@3da0839
reloadAllAccessors: .LazyInnerClass

===========================================================================================
----------------- testing Wed Jul 10 00:54:58 UTC 2019 /home/travis/build/icyphy/ptII/ptolemy/actor/lib/test/auto/LazyPubSub.xml
----------------- Instantiating /home/travis/build/icyphy/ptII/ptolemy/actor/lib/test/auto/LazyPubSub.xml
29 ms. Memory: 703488K Free: 402655K (57%)
----------------- Invoking toplevel() on ptolemy.moml.MoMLSimpleApplication@7af8b51f
----------------- Done invoking toplevel() on ptolemy.moml.MoMLSimpleApplication@7af8b51f
reloadAllAccessors: .LazyPubSub

===========================================================================================
----------------- testing Wed Jul 10 00:54:59 UTC 2019 /home/travis/build/icyphy/ptII/ptolemy/actor/lib/test/auto/LazyPubSub2.xml
----------------- Instantiating /home/travis/build/icyphy/ptII/ptolemy/actor/lib/test/auto/LazyPubSub2.xml
19 ms. Memory: 703488K Free: 392415K (56%)
----------------- Invoking toplevel() on ptolemy.moml.MoMLSimpleApplication@246ff703
----------------- Done invoking toplevel() on ptolemy.moml.MoMLSimpleApplication@246ff703
reloadAllAccessors: .LazyPubSub2

===========================================================================================
----------------- testing Wed Jul 10 00:54:59 UTC 2019 /home/travis/build/icyphy/ptII/ptolemy/actor/lib/test/auto/LazyPubSub3.xml
----------------- Instantiating /home/travis/build/icyphy/ptII/ptolemy/actor/lib/test/auto/LazyPubSub3.xml
16 ms. Memory: 703488K Free: 382175K (54%)
----------------- Invoking toplevel() on ptolemy.moml.MoMLSimpleApplication@5bbf73a6
----------------- Done invoking toplevel() on ptolemy.moml.MoMLSimpleApplication@5bbf73a6
reloadAllAccessors: .LazyPubSub3

===========================================================================================
----------------- testing Wed Jul 10 00:54:59 UTC 2019 /home/travis/build/icyphy/ptII/ptolemy/actor/lib/test/auto/LazySubClassModel.xml
----------------- Instantiating /home/travis/build/icyphy/ptII/ptolemy/actor/lib/test/auto/LazySubClassModel.xml
2 ms. Memory: 703488K Free: 372959K (53%)
----------------- Invoking toplevel() on ptolemy.moml.MoMLSimpleApplication@216f2b9
----------------- Done invoking toplevel() on ptolemy.moml.MoMLSimpleApplication@216f2b9
reloadAllAccessors: .LazySubClassModel

===========================================================================================
----------------- testing Wed Jul 10 00:54:59 UTC 2019 /home/travis/build/icyphy/ptII/ptolemy/actor/lib/test/auto/LevelCrossTest1.xml
----------------- Instantiating /home/travis/build/icyphy/ptII/ptolemy/actor/lib/test/auto/LevelCrossTest1.xml
1 ms. Memory: 703488K Free: 367839K (52%)
----------------- Invoking toplevel() on ptolemy.moml.MoMLSimpleApplication@5f8cfdef
----------------- Done invoking toplevel() on ptolemy.moml.MoMLSimpleApplication@5f8cfdef
reloadAllAccessors: .broken

===========================================================================================
----------------- testing Wed Jul 10 00:54:59 UTC 2019 /home/travis/build/icyphy/ptII/ptolemy/actor/lib/test/auto/LevelCrossTest10.xml
----------------- Instantiating /home/travis/build/icyphy/ptII/ptolemy/actor/lib/test/auto/LevelCrossTest10.xml
2 ms. Memory: 703488K Free: 360671K (51%)
----------------- Invoking toplevel() on ptolemy.moml.MoMLSimpleApplication@4bf60b7
----------------- Done invoking toplevel() on ptolemy.moml.MoMLSimpleApplication@4bf60b7
reloadAllAccessors: .LevelCrossTest10

===========================================================================================
----------------- testing Wed Jul 10 00:54:59 UTC 2019 /home/travis/build/icyphy/ptII/ptolemy/actor/lib/test/auto/LevelCrossTest11.xml
----------------- Instantiating /home/travis/build/icyphy/ptII/ptolemy/actor/lib/test/auto/LevelCrossTest11.xml
1 ms. Memory: 703488K Free: 352993K (50%)
----------------- Invoking toplevel() on ptolemy.moml.MoMLSimpleApplication@4d4dd4ae
----------------- Done invoking toplevel() on ptolemy.moml.MoMLSimpleApplication@4d4dd4ae
reloadAllAccessors: .LevelCrossTest11

===========================================================================================
----------------- testing Wed Jul 10 00:54:59 UTC 2019 /home/travis/build/icyphy/ptII/ptolemy/actor/lib/test/auto/LevelCrossTest12.xml
----------------- Instantiating /home/travis/build/icyphy/ptII/ptolemy/actor/lib/test/auto/LevelCrossTest12.xml
1 ms. Memory: 703488K Free: 345825K (49%)
----------------- Invoking toplevel() on ptolemy.moml.MoMLSimpleApplication@73bfd076
----------------- Done invoking toplevel() on ptolemy.moml.MoMLSimpleApplication@73bfd076
reloadAllAccessors: .LevelCrossTest12

===========================================================================================
----------------- testing Wed Jul 10 00:54:59 UTC 2019 /home/travis/build/icyphy/ptII/ptolemy/actor/lib/test/auto/LevelCrossTest13.xml
----------------- Instantiating /home/travis/build/icyphy/ptII/ptolemy/actor/lib/test/auto/LevelCrossTest13.xml
1 ms. Memory: 703488K Free: 338657K (48%)
----------------- Invoking toplevel() on ptolemy.moml.MoMLSimpleApplication@15874cd0
----------------- Done invoking toplevel() on ptolemy.moml.MoMLSimpleApplication@15874cd0
reloadAllAccessors: .LevelCrossTest13

===========================================================================================
----------------- testing Wed Jul 10 00:54:59 UTC 2019 /home/travis/build/icyphy/ptII/ptolemy/actor/lib/test/auto/LevelCrossTest2.xml
----------------- Instantiating /home/travis/build/icyphy/ptII/ptolemy/actor/lib/test/auto/LevelCrossTest2.xml
1 ms. Memory: 703488K Free: 332513K (47%)
----------------- Invoking toplevel() on ptolemy.moml.MoMLSimpleApplication@1a8f577f
----------------- Done invoking toplevel() on ptolemy.moml.MoMLSimpleApplication@1a8f577f
reloadAllAccessors: .broken

===========================================================================================
----------------- testing Wed Jul 10 00:54:59 UTC 2019 /home/travis/build/icyphy/ptII/ptolemy/actor/lib/test/auto/LevelCrossTest3.xml
----------------- Instantiating /home/travis/build/icyphy/ptII/ptolemy/actor/lib/test/auto/LevelCrossTest3.xml
1 ms. Memory: 703488K Free: 325855K (46%)
----------------- Invoking toplevel() on ptolemy.moml.MoMLSimpleApplication@7cc0bb7a
----------------- Done invoking toplevel() on ptolemy.moml.MoMLSimpleApplication@7cc0bb7a
reloadAllAccessors: .LevelCrossTest3

===========================================================================================
----------------- testing Wed Jul 10 00:54:59 UTC 2019 /home/travis/build/icyphy/ptII/ptolemy/actor/lib/test/auto/LevelCrossTest4.xml
----------------- Instantiating /home/travis/build/icyphy/ptII/ptolemy/actor/lib/test/auto/LevelCrossTest4.xml
1 ms. Memory: 703488K Free: 320225K (46%)
----------------- Invoking toplevel() on ptolemy.moml.MoMLSimpleApplication@446f1c50
----------------- Done invoking toplevel() on ptolemy.moml.MoMLSimpleApplication@446f1c50
reloadAllAccessors: .broken

===========================================================================================
----------------- testing Wed Jul 10 00:54:59 UTC 2019 /home/travis/build/icyphy/ptII/ptolemy/actor/lib/test/auto/LevelCrossTest5.xml
----------------- Instantiating /home/travis/build/icyphy/ptII/ptolemy/actor/lib/test/auto/LevelCrossTest5.xml
4 ms. Memory: 703488K Free: 313567K (45%)
----------------- Invoking toplevel() on ptolemy.moml.MoMLSimpleApplication@48169d35
----------------- Done invoking toplevel() on ptolemy.moml.MoMLSimpleApplication@48169d35
reloadAllAccessors: .LevelCrossTest5

===========================================================================================
----------------- testing Wed Jul 10 00:54:59 UTC 2019 /home/travis/build/icyphy/ptII/ptolemy/actor/lib/test/auto/LevelCrossTest6.xml
----------------- Instantiating /home/travis/build/icyphy/ptII/ptolemy/actor/lib/test/auto/LevelCrossTest6.xml
2 ms. Memory: 703488K Free: 307423K (44%)
----------------- Invoking toplevel() on ptolemy.moml.MoMLSimpleApplication@f39dc83
----------------- Done invoking toplevel() on ptolemy.moml.MoMLSimpleApplication@f39dc83
reloadAllAccessors: .LevelCrossTest6

===========================================================================================
----------------- testing Wed Jul 10 00:54:59 UTC 2019 /home/travis/build/icyphy/ptII/ptolemy/actor/lib/test/auto/LevelCrossTest7.xml
----------------- Instantiating /home/travis/build/icyphy/ptII/ptolemy/actor/lib/test/auto/LevelCrossTest7.xml
7 ms. Memory: 703488K Free: 300255K (43%)
----------------- Invoking toplevel() on ptolemy.moml.MoMLSimpleApplication@66ea7505
----------------- Done invoking toplevel() on ptolemy.moml.MoMLSimpleApplication@66ea7505
reloadAllAccessors: .LevelCrossTest7

===========================================================================================
----------------- testing Wed Jul 10 00:54:59 UTC 2019 /home/travis/build/icyphy/ptII/ptolemy/actor/lib/test/auto/LevelCrossTest8.xml
----------------- Instantiating /home/travis/build/icyphy/ptII/ptolemy/actor/lib/test/auto/LevelCrossTest8.xml
2 ms. Memory: 703488K Free: 293087K (42%)
----------------- Invoking toplevel() on ptolemy.moml.MoMLSimpleApplication@68a3ad15
----------------- Done invoking toplevel() on ptolemy.moml.MoMLSimpleApplication@68a3ad15
reloadAllAccessors: .LevelCrossTest8

===========================================================================================
----------------- testing Wed Jul 10 00:54:59 UTC 2019 /home/travis/build/icyphy/ptII/ptolemy/actor/lib/test/auto/LevelCrossTest9.xml
----------------- Instantiating /home/travis/build/icyphy/ptII/ptolemy/actor/lib/test/auto/LevelCrossTest9.xml
2 ms. Memory: 703488K Free: 286943K (41%)
----------------- Invoking toplevel() on ptolemy.moml.MoMLSimpleApplication@43b50279
----------------- Done invoking toplevel() on ptolemy.moml.MoMLSimpleApplication@43b50279
reloadAllAccessors: .LevelCrossTest9

===========================================================================================
----------------- testing Wed Jul 10 00:54:59 UTC 2019 /home/travis/build/icyphy/ptII/ptolemy/actor/lib/test/auto/LevinsonDurbin.xml
----------------- Instantiating /home/travis/build/icyphy/ptII/ptolemy/actor/lib/test/auto/LevinsonDurbin.xml
1 ms. Memory: 703488K Free: 282337K (40%)
----------------- Invoking toplevel() on ptolemy.moml.MoMLSimpleApplication@520fc336
----------------- Done invoking toplevel() on ptolemy.moml.MoMLSimpleApplication@520fc336
reloadAllAccessors: .LevinsonDurbin

===========================================================================================
----------------- testing Wed Jul 10 00:54:59 UTC 2019 /home/travis/build/icyphy/ptII/ptolemy/actor/lib/test/auto/LevinsonDurbin2.xml
----------------- Instantiating /home/travis/build/icyphy/ptII/ptolemy/actor/lib/test/auto/LevinsonDurbin2.xml
2 ms. Memory: 703488K Free: 278241K (40%)
----------------- Invoking toplevel() on ptolemy.moml.MoMLSimpleApplication@64dd442e
----------------- Done invoking toplevel() on ptolemy.moml.MoMLSimpleApplication@64dd442e
reloadAllAccessors: .LevinsonDurbin2

===========================================================================================
----------------- testing Wed Jul 10 00:54:59 UTC 2019 /home/travis/build/icyphy/ptII/ptolemy/actor/lib/test/auto/LevinsonDurbin3.xml
----------------- Instantiating /home/travis/build/icyphy/ptII/ptolemy/actor/lib/test/auto/LevinsonDurbin3.xml
2 ms. Memory: 703488K Free: 274145K (39%)
----------------- Invoking toplevel() on ptolemy.moml.MoMLSimpleApplication@778703a3
----------------- Done invoking toplevel() on ptolemy.moml.MoMLSimpleApplication@778703a3
reloadAllAccessors: .LevinsonDurbin3

===========================================================================================
----------------- testing Wed Jul 10 00:54:59 UTC 2019 /home/travis/build/icyphy/ptII/ptolemy/actor/lib/test/auto/Limiter.xml
----------------- Instantiating /home/travis/build/icyphy/ptII/ptolemy/actor/lib/test/auto/Limiter.xml
11 ms. Memory: 703488K Free: 264929K (38%)
----------------- Invoking toplevel() on ptolemy.moml.MoMLSimpleApplication@6af66e3
----------------- Done invoking toplevel() on ptolemy.moml.MoMLSimpleApplication@6af66e3
reloadAllAccessors: .Limiter

===========================================================================================
----------------- testing Wed Jul 10 00:54:59 UTC 2019 /home/travis/build/icyphy/ptII/ptolemy/actor/lib/test/auto/LinearDifferenceEquationSystem.xml
----------------- Instantiating /home/travis/build/icyphy/ptII/ptolemy/actor/lib/test/auto/LinearDifferenceEquationSystem.xml
3 ms. Memory: 703488K Free: 257761K (37%)
----------------- Invoking toplevel() on ptolemy.moml.MoMLSimpleApplication@7892244b
----------------- Done invoking toplevel() on ptolemy.moml.MoMLSimpleApplication@7892244b
reloadAllAccessors: .LinearDifferenceEquationSystem

===========================================================================================
----------------- testing Wed Jul 10 00:54:59 UTC 2019 /home/travis/build/icyphy/ptII/ptolemy/actor/lib/test/auto/LookupTable.xml
----------------- Instantiating /home/travis/build/icyphy/ptII/ptolemy/actor/lib/test/auto/LookupTable.xml
2 ms. Memory: 703488K Free: 253151K (36%)
----------------- Invoking toplevel() on ptolemy.moml.MoMLSimpleApplication@47329be8
----------------- Done invoking toplevel() on ptolemy.moml.MoMLSimpleApplication@47329be8
reloadAllAccessors: .LookupTable

===========================================================================================
----------------- testing Wed Jul 10 00:54:59 UTC 2019 /home/travis/build/icyphy/ptII/ptolemy/actor/lib/test/auto/MathFunction.xml
----------------- Instantiating /home/travis/build/icyphy/ptII/ptolemy/actor/lib/test/auto/MathFunction.xml
2 ms. Memory: 703488K Free: 649917K (92%)
----------------- Invoking toplevel() on ptolemy.moml.MoMLSimpleApplication@1f86ce18
----------------- Done invoking toplevel() on ptolemy.moml.MoMLSimpleApplication@1f86ce18
reloadAllAccessors: .MathFunction

===========================================================================================
----------------- testing Wed Jul 10 00:54:59 UTC 2019 /home/travis/build/icyphy/ptII/ptolemy/actor/lib/test/auto/MathFunction2.xml
----------------- Instantiating /home/travis/build/icyphy/ptII/ptolemy/actor/lib/test/auto/MathFunction2.xml
2 ms. Memory: 703488K Free: 645821K (92%)
----------------- Invoking toplevel() on ptolemy.moml.MoMLSimpleApplication@7435481
----------------- Done invoking toplevel() on ptolemy.moml.MoMLSimpleApplication@7435481
reloadAllAccessors: .MathFunction2

===========================================================================================
----------------- testing Wed Jul 10 00:54:59 UTC 2019 /home/travis/build/icyphy/ptII/ptolemy/actor/lib/test/auto/MathFunction3.xml
----------------- Instantiating /home/travis/build/icyphy/ptII/ptolemy/actor/lib/test/auto/MathFunction3.xml
6 ms. Memory: 703488K Free: 638653K (91%)
----------------- Invoking toplevel() on ptolemy.moml.MoMLSimpleApplication@700ce813
----------------- Done invoking toplevel() on ptolemy.moml.MoMLSimpleApplication@700ce813
reloadAllAccessors: .MathFunction3

===========================================================================================
----------------- testing Wed Jul 10 00:54:59 UTC 2019 /home/travis/build/icyphy/ptII/ptolemy/actor/lib/test/auto/MatrixCropBoolean.xml
----------------- Instantiating /home/travis/build/icyphy/ptII/ptolemy/actor/lib/test/auto/MatrixCropBoolean.xml
2 ms. Memory: 703488K Free: 633533K (90%)
----------------- Invoking toplevel() on ptolemy.moml.MoMLSimpleApplication@23ccbee0
----------------- Done invoking toplevel() on ptolemy.moml.MoMLSimpleApplication@23ccbee0
reloadAllAccessors: .MatrixCropBoolean

===========================================================================================
----------------- testing Wed Jul 10 00:54:59 UTC 2019 /home/travis/build/icyphy/ptII/ptolemy/actor/lib/test/auto/MatrixCropComplex.xml
----------------- Instantiating /home/travis/build/icyphy/ptII/ptolemy/actor/lib/test/auto/MatrixCropComplex.xml
1 ms. Memory: 703488K Free: 628413K (89%)
----------------- Invoking toplevel() on ptolemy.moml.MoMLSimpleApplication@11850dde
----------------- Done invoking toplevel() on ptolemy.moml.MoMLSimpleApplication@11850dde
reloadAllAccessors: .MatrixCropComplex

===========================================================================================
----------------- testing Wed Jul 10 00:54:59 UTC 2019 /home/travis/build/icyphy/ptII/ptolemy/actor/lib/test/auto/MatrixCropDouble.xml
----------------- Instantiating /home/travis/build/icyphy/ptII/ptolemy/actor/lib/test/auto/MatrixCropDouble.xml
3 ms. Memory: 703488K Free: 623773K (89%)
----------------- Invoking toplevel() on ptolemy.moml.MoMLSimpleApplication@7899e92b
----------------- Done invoking toplevel() on ptolemy.moml.MoMLSimpleApplication@7899e92b
reloadAllAccessors: .MatrixCropDouble

===========================================================================================
----------------- testing Wed Jul 10 00:54:59 UTC 2019 /home/travis/build/icyphy/ptII/ptolemy/actor/lib/test/auto/MatrixCropFix.xml
----------------- Instantiating /home/travis/build/icyphy/ptII/ptolemy/actor/lib/test/auto/MatrixCropFix.xml
3 ms. Memory: 703488K Free: 618653K (88%)
----------------- Invoking toplevel() on ptolemy.moml.MoMLSimpleApplication@9bf9e41
----------------- Done invoking toplevel() on ptolemy.moml.MoMLSimpleApplication@9bf9e41
reloadAllAccessors: .MatrixCropFix

===========================================================================================
----------------- testing Wed Jul 10 00:54:59 UTC 2019 /home/travis/build/icyphy/ptII/ptolemy/actor/lib/test/auto/MatrixCropInt.xml
----------------- Instantiating /home/travis/build/icyphy/ptII/ptolemy/actor/lib/test/auto/MatrixCropInt.xml
2 ms. Memory: 703488K Free: 613549K (87%)
----------------- Invoking toplevel() on ptolemy.moml.MoMLSimpleApplication@669c27c7
----------------- Done invoking toplevel() on ptolemy.moml.MoMLSimpleApplication@669c27c7
reloadAllAccessors: .MatrixCropInt

===========================================================================================
----------------- testing Wed Jul 10 00:54:59 UTC 2019 /home/travis/build/icyphy/ptII/ptolemy/actor/lib/test/auto/MatrixCropLong.xml
----------------- Instantiating /home/travis/build/icyphy/ptII/ptolemy/actor/lib/test/auto/MatrixCropLong.xml
5 ms. Memory: 703488K Free: 608429K (86%)
----------------- Invoking toplevel() on ptolemy.moml.MoMLSimpleApplication@4ebbed3e
----------------- Done invoking toplevel() on ptolemy.moml.MoMLSimpleApplication@4ebbed3e
reloadAllAccessors: .MatrixCropLong

===========================================================================================
----------------- testing Wed Jul 10 00:54:59 UTC 2019 /home/travis/build/icyphy/ptII/ptolemy/actor/lib/test/auto/MatrixToArray.xml
----------------- Instantiating /home/travis/build/icyphy/ptII/ptolemy/actor/lib/test/auto/MatrixToArray.xml
7 ms. Memory: 703488K Free: 593597K (84%)
----------------- Invoking toplevel() on ptolemy.moml.MoMLSimpleApplication@657b95a4
----------------- Done invoking toplevel() on ptolemy.moml.MoMLSimpleApplication@657b95a4
reloadAllAccessors: .MatrixToArray

===========================================================================================
----------------- testing Wed Jul 10 00:54:59 UTC 2019 /home/travis/build/icyphy/ptII/ptolemy/actor/lib/test/auto/MaxIndex.xml
----------------- Instantiating /home/travis/build/icyphy/ptII/ptolemy/actor/lib/test/auto/MaxIndex.xml
3 ms. Memory: 703488K Free: 588477K (84%)
----------------- Invoking toplevel() on ptolemy.moml.MoMLSimpleApplication@2ebb176f
----------------- Done invoking toplevel() on ptolemy.moml.MoMLSimpleApplication@2ebb176f
reloadAllAccessors: .MaxIndex

===========================================================================================
----------------- testing Wed Jul 10 00:54:59 UTC 2019 /home/travis/build/icyphy/ptII/ptolemy/actor/lib/test/auto/Maximum.xml
----------------- Instantiating /home/travis/build/icyphy/ptII/ptolemy/actor/lib/test/auto/Maximum.xml
3 ms. Memory: 703488K Free: 581789K (83%)
----------------- Invoking toplevel() on ptolemy.moml.MoMLSimpleApplication@2901ebaf
----------------- Done invoking toplevel() on ptolemy.moml.MoMLSimpleApplication@2901ebaf
reloadAllAccessors: .Maximum

===========================================================================================
----------------- testing Wed Jul 10 00:54:59 UTC 2019 /home/travis/build/icyphy/ptII/ptolemy/actor/lib/test/auto/MaximumComplex.xml
----------------- Instantiating /home/travis/build/icyphy/ptII/ptolemy/actor/lib/test/auto/MaximumComplex.xml
4 ms. Memory: 703488K Free: 575661K (82%)
----------------- Invoking toplevel() on ptolemy.moml.MoMLSimpleApplication@60e40577
----------------- Done invoking toplevel() on ptolemy.moml.MoMLSimpleApplication@60e40577
reloadAllAccessors: .MaximumComplex

===========================================================================================
----------------- testing Wed Jul 10 00:54:59 UTC 2019 /home/travis/build/icyphy/ptII/ptolemy/actor/lib/test/auto/MethodCallTest.xml
----------------- Instantiating /home/travis/build/icyphy/ptII/ptolemy/actor/lib/test/auto/MethodCallTest.xml
2 ms. Memory: 703488K Free: 569021K (81%)
----------------- Invoking toplevel() on ptolemy.moml.MoMLSimpleApplication@6fad7f4
----------------- Done invoking toplevel() on ptolemy.moml.MoMLSimpleApplication@6fad7f4
reloadAllAccessors: .MethodCallTest

===========================================================================================
----------------- testing Wed Jul 10 00:54:59 UTC 2019 /home/travis/build/icyphy/ptII/ptolemy/actor/lib/test/auto/Minimum.xml
----------------- Instantiating /home/travis/build/icyphy/ptII/ptolemy/actor/lib/test/auto/Minimum.xml
4 ms. Memory: 703488K Free: 562877K (80%)
----------------- Invoking toplevel() on ptolemy.moml.MoMLSimpleApplication@475a807d
----------------- Done invoking toplevel() on ptolemy.moml.MoMLSimpleApplication@475a807d
reloadAllAccessors: .Minimum

===========================================================================================
----------------- testing Wed Jul 10 00:54:59 UTC 2019 /home/travis/build/icyphy/ptII/ptolemy/actor/lib/test/auto/MinimumComplex.xml
----------------- Instantiating /home/travis/build/icyphy/ptII/ptolemy/actor/lib/test/auto/MinimumComplex.xml
3 ms. Memory: 703488K Free: 556733K (79%)
----------------- Invoking toplevel() on ptolemy.moml.MoMLSimpleApplication@76a77f7e
----------------- Done invoking toplevel() on ptolemy.moml.MoMLSimpleApplication@76a77f7e
reloadAllAccessors: .MinimumComplex

===========================================================================================
----------------- testing Wed Jul 10 00:54:59 UTC 2019 /home/travis/build/icyphy/ptII/ptolemy/actor/lib/test/auto/MinimumMultiports.xml
----------------- Instantiating /home/travis/build/icyphy/ptII/ptolemy/actor/lib/test/auto/MinimumMultiports.xml
4 ms. Memory: 703488K Free: 548013K (78%)
----------------- Invoking toplevel() on ptolemy.moml.MoMLSimpleApplication@65c52ae
----------------- Done invoking toplevel() on ptolemy.moml.MoMLSimpleApplication@65c52ae
reloadAllAccessors: .MinimumMultiports

===========================================================================================
----------------- testing Wed Jul 10 00:54:59 UTC 2019 /home/travis/build/icyphy/ptII/ptolemy/actor/lib/test/auto/ModifyDate.xml
----------------- Instantiating /home/travis/build/icyphy/ptII/ptolemy/actor/lib/test/auto/ModifyDate.xml
12 ms. Memory: 703488K Free: 535229K (76%)
----------------- Invoking toplevel() on ptolemy.moml.MoMLSimpleApplication@2c3c81f0
----------------- Done invoking toplevel() on ptolemy.moml.MoMLSimpleApplication@2c3c81f0
reloadAllAccessors: .ModifyDate

===========================================================================================
----------------- testing Wed Jul 10 00:55:00 UTC 2019 /home/travis/build/icyphy/ptII/ptolemy/actor/lib/test/auto/ModifyDate2.xml
----------------- Instantiating /home/travis/build/icyphy/ptII/ptolemy/actor/lib/test/auto/ModifyDate2.xml
2 ms. Memory: 703488K Free: 526523K (75%)
----------------- Invoking toplevel() on ptolemy.moml.MoMLSimpleApplication@1682c50f
----------------- Done invoking toplevel() on ptolemy.moml.MoMLSimpleApplication@1682c50f
reloadAllAccessors: .ModifyDate2

===========================================================================================
----------------- testing Wed Jul 10 00:55:00 UTC 2019 /home/travis/build/icyphy/ptII/ptolemy/actor/lib/test/auto/MovingAverage.xml
----------------- Instantiating /home/travis/build/icyphy/ptII/ptolemy/actor/lib/test/auto/MovingAverage.xml
11 ms. Memory: 703488K Free: 521403K (74%)
----------------- Invoking toplevel() on ptolemy.moml.MoMLSimpleApplication@2d9a657a
----------------- Done invoking toplevel() on ptolemy.moml.MoMLSimpleApplication@2d9a657a
reloadAllAccessors: .MovingAverage

===========================================================================================
----------------- testing Wed Jul 10 00:55:00 UTC 2019 /home/travis/build/icyphy/ptII/ptolemy/actor/lib/test/auto/MovingMaximum.xml
----------------- Instantiating /home/travis/build/icyphy/ptII/ptolemy/actor/lib/test/auto/MovingMaximum.xml
2 ms. Memory: 703488K Free: 516797K (73%)
----------------- Invoking toplevel() on ptolemy.moml.MoMLSimpleApplication@3716c698
----------------- Done invoking toplevel() on ptolemy.moml.MoMLSimpleApplication@3716c698
reloadAllAccessors: .MovingMaximum

===========================================================================================
----------------- testing Wed Jul 10 00:55:00 UTC 2019 /home/travis/build/icyphy/ptII/ptolemy/actor/lib/test/auto/MultipleLinksToSameRelation.xml
----------------- Instantiating /home/travis/build/icyphy/ptII/ptolemy/actor/lib/test/auto/MultipleLinksToSameRelation.xml
2 ms. Memory: 703488K Free: 512701K (73%)
----------------- Invoking toplevel() on ptolemy.moml.MoMLSimpleApplication@33eab868
----------------- Done invoking toplevel() on ptolemy.moml.MoMLSimpleApplication@33eab868
reloadAllAccessors: .MultipleLinksToSameRelation

===========================================================================================
----------------- testing Wed Jul 10 00:55:00 UTC 2019 /home/travis/build/icyphy/ptII/ptolemy/actor/lib/test/auto/MultipleLinksToSameRelationDE.xml
----------------- Instantiating /home/travis/build/icyphy/ptII/ptolemy/actor/lib/test/auto/MultipleLinksToSameRelationDE.xml
2 ms. Memory: 703488K Free: 508085K (72%)
----------------- Invoking toplevel() on ptolemy.moml.MoMLSimpleApplication@2219e0f9
----------------- Done invoking toplevel() on ptolemy.moml.MoMLSimpleApplication@2219e0f9
reloadAllAccessors: .MultipleLinksToSameRelationDE

===========================================================================================
----------------- testing Wed Jul 10 00:55:00 UTC 2019 /home/travis/build/icyphy/ptII/ptolemy/actor/lib/test/auto/Multiplexor.xml
----------------- Instantiating /home/travis/build/icyphy/ptII/ptolemy/actor/lib/test/auto/Multiplexor.xml
1 ms. Memory: 703488K Free: 502461K (71%)
----------------- Invoking toplevel() on ptolemy.moml.MoMLSimpleApplication@2e0d97b0
----------------- Done invoking toplevel() on ptolemy.moml.MoMLSimpleApplication@2e0d97b0
reloadAllAccessors: .Multiplexor

===========================================================================================
----------------- testing Wed Jul 10 00:55:00 UTC 2019 /home/travis/build/icyphy/ptII/ptolemy/actor/lib/test/auto/Multiplexor1.xml
----------------- Instantiating /home/travis/build/icyphy/ptII/ptolemy/actor/lib/test/auto/Multiplexor1.xml
2 ms. Memory: 703488K Free: 496797K (71%)
----------------- Invoking toplevel() on ptolemy.moml.MoMLSimpleApplication@70582a23
----------------- Done invoking toplevel() on ptolemy.moml.MoMLSimpleApplication@70582a23
reloadAllAccessors: .Multiplexor1

===========================================================================================
----------------- testing Wed Jul 10 00:55:00 UTC 2019 /home/travis/build/icyphy/ptII/ptolemy/actor/lib/test/auto/Multiplexor2.xml
----------------- Instantiating /home/travis/build/icyphy/ptII/ptolemy/actor/lib/test/auto/Multiplexor2.xml
6 ms. Memory: 703488K Free: 490173K (70%)
----------------- Invoking toplevel() on ptolemy.moml.MoMLSimpleApplication@15cfcd6c
----------------- Done invoking toplevel() on ptolemy.moml.MoMLSimpleApplication@15cfcd6c
reloadAllAccessors: .Multiplexor2

===========================================================================================
----------------- testing Wed Jul 10 00:55:00 UTC 2019 /home/travis/build/icyphy/ptII/ptolemy/actor/lib/test/auto/Multiplexor3.xml
----------------- Instantiating /home/travis/build/icyphy/ptII/ptolemy/actor/lib/test/auto/Multiplexor3.xml
2 ms. Memory: 703488K Free: 486077K (69%)
----------------- Invoking toplevel() on ptolemy.moml.MoMLSimpleApplication@4b512736
----------------- Done invoking toplevel() on ptolemy.moml.MoMLSimpleApplication@4b512736
reloadAllAccessors: .Multiplexor3

===========================================================================================
----------------- testing Wed Jul 10 00:55:00 UTC 2019 /home/travis/build/icyphy/ptII/ptolemy/actor/lib/test/auto/MultiplexorDE.xml
----------------- Instantiating /home/travis/build/icyphy/ptII/ptolemy/actor/lib/test/auto/MultiplexorDE.xml
2 ms. Memory: 703488K Free: 478389K (68%)
----------------- Invoking toplevel() on ptolemy.moml.MoMLSimpleApplication@4b2cb1c9
----------------- Done invoking toplevel() on ptolemy.moml.MoMLSimpleApplication@4b2cb1c9
reloadAllAccessors: .MultiplexorDE

===========================================================================================
----------------- testing Wed Jul 10 00:55:00 UTC 2019 /home/travis/build/icyphy/ptII/ptolemy/actor/lib/test/auto/MultiportBroadcastTest.xml
----------------- Instantiating /home/travis/build/icyphy/ptII/ptolemy/actor/lib/test/auto/MultiportBroadcastTest.xml
100 ms. Memory: 703488K Free: 472237K (67%)
----------------- Invoking toplevel() on ptolemy.moml.MoMLSimpleApplication@189bb6d5
----------------- Done invoking toplevel() on ptolemy.moml.MoMLSimpleApplication@189bb6d5
reloadAllAccessors: .MultiportBroadcastTest

===========================================================================================
----------------- testing Wed Jul 10 00:55:00 UTC 2019 /home/travis/build/icyphy/ptII/ptolemy/actor/lib/test/auto/MultiportOutHangDuringGetWidth.xml
----------------- Instantiating /home/travis/build/icyphy/ptII/ptolemy/actor/lib/test/auto/MultiportOutHangDuringGetWidth.xml
6 ms. Memory: 703488K Free: 460477K (65%)
----------------- Invoking toplevel() on ptolemy.moml.MoMLSimpleApplication@19767c30
----------------- Done invoking toplevel() on ptolemy.moml.MoMLSimpleApplication@19767c30
reloadAllAccessors: .MultiportOutHangDuringGetWidth

===========================================================================================
----------------- testing Wed Jul 10 00:55:00 UTC 2019 /home/travis/build/icyphy/ptII/ptolemy/actor/lib/test/auto/NilToken.xml
----------------- Instantiating /home/travis/build/icyphy/ptII/ptolemy/actor/lib/test/auto/NilToken.xml
2 ms. Memory: 703488K Free: 456381K (65%)
----------------- Invoking toplevel() on ptolemy.moml.MoMLSimpleApplication@487d3f5f
----------------- Done invoking toplevel() on ptolemy.moml.MoMLSimpleApplication@487d3f5f
reloadAllAccessors: .NilToken

===========================================================================================
----------------- testing Wed Jul 10 00:55:00 UTC 2019 /home/travis/build/icyphy/ptII/ptolemy/actor/lib/test/auto/NilTokenNonStrictTest.xml
----------------- Instantiating /home/travis/build/icyphy/ptII/ptolemy/actor/lib/test/auto/NilTokenNonStrictTest.xml
1 ms. Memory: 703488K Free: 451771K (64%)
----------------- Invoking toplevel() on ptolemy.moml.MoMLSimpleApplication@62bc08fc
----------------- Done invoking toplevel() on ptolemy.moml.MoMLSimpleApplication@62bc08fc
reloadAllAccessors: .NilTokenNonStrictTest

===========================================================================================
----------------- testing Wed Jul 10 00:55:00 UTC 2019 /home/travis/build/icyphy/ptII/ptolemy/actor/lib/test/auto/NilTokenRecord.xml
----------------- Instantiating /home/travis/build/icyphy/ptII/ptolemy/actor/lib/test/auto/NilTokenRecord.xml
10 ms. Memory: 703488K Free: 445117K (63%)
----------------- Invoking toplevel() on ptolemy.moml.MoMLSimpleApplication@554f96da
----------------- Done invoking toplevel() on ptolemy.moml.MoMLSimpleApplication@554f96da
reloadAllAccessors: .NilTokenRecord

===========================================================================================
----------------- testing Wed Jul 10 00:55:00 UTC 2019 /home/travis/build/icyphy/ptII/ptolemy/actor/lib/test/auto/NilTokenTypeTest.xml
----------------- Instantiating /home/travis/build/icyphy/ptII/ptolemy/actor/lib/test/auto/NilTokenTypeTest.xml
10 ms. Memory: 703488K Free: 435387K (62%)
----------------- Invoking toplevel() on ptolemy.moml.MoMLSimpleApplication@23628d3f
----------------- Done invoking toplevel() on ptolemy.moml.MoMLSimpleApplication@23628d3f
reloadAllAccessors: .NilTokenTypeTest

===========================================================================================
----------------- testing Wed Jul 10 00:55:00 UTC 2019 /home/travis/build/icyphy/ptII/ptolemy/actor/lib/test/auto/ObjectToken1.xml
----------------- Instantiating /home/travis/build/icyphy/ptII/ptolemy/actor/lib/test/auto/ObjectToken1.xml
4 ms. Memory: 703488K Free: 431291K (61%)
----------------- Invoking toplevel() on ptolemy.moml.MoMLSimpleApplication@761c6095
----------------- Done invoking toplevel() on ptolemy.moml.MoMLSimpleApplication@761c6095
reloadAllAccessors: .ObjectToken1

===========================================================================================
----------------- testing Wed Jul 10 00:55:00 UTC 2019 /home/travis/build/icyphy/ptII/ptolemy/actor/lib/test/auto/OrderedMerge.xml
----------------- Instantiating /home/travis/build/icyphy/ptII/ptolemy/actor/lib/test/auto/OrderedMerge.xml
7 ms. Memory: 703488K Free: 425661K (61%)
----------------- Invoking toplevel() on ptolemy.moml.MoMLSimpleApplication@343f8655
----------------- Done invoking toplevel() on ptolemy.moml.MoMLSimpleApplication@343f8655
reloadAllAccessors: .OrderedMerge

===========================================================================================
----------------- testing Wed Jul 10 00:55:00 UTC 2019 /home/travis/build/icyphy/ptII/ptolemy/actor/lib/test/auto/OrderedRecordDisassembler.xml
----------------- Instantiating /home/travis/build/icyphy/ptII/ptolemy/actor/lib/test/auto/OrderedRecordDisassembler.xml
3 ms. Memory: 703488K Free: 420541K (60%)
----------------- Invoking toplevel() on ptolemy.moml.MoMLSimpleApplication@75b2c055
----------------- Done invoking toplevel() on ptolemy.moml.MoMLSimpleApplication@75b2c055
reloadAllAccessors: .OrderedRecordDisassembler

===========================================================================================
----------------- testing Wed Jul 10 00:55:00 UTC 2019 /home/travis/build/icyphy/ptII/ptolemy/actor/lib/test/auto/OrderedRecordDisassembler2.xml
----------------- Instantiating /home/travis/build/icyphy/ptII/ptolemy/actor/lib/test/auto/OrderedRecordDisassembler2.xml
5 ms. Memory: 703488K Free: 412829K (59%)
----------------- Invoking toplevel() on ptolemy.moml.MoMLSimpleApplication@28ba3367
----------------- Done invoking toplevel() on ptolemy.moml.MoMLSimpleApplication@28ba3367
reloadAllAccessors: .OrderedRecordDisassembler2

===========================================================================================
----------------- testing Wed Jul 10 00:55:00 UTC 2019 /home/travis/build/icyphy/ptII/ptolemy/actor/lib/test/auto/OrderedRecordUpdater.xml
----------------- Instantiating /home/travis/build/icyphy/ptII/ptolemy/actor/lib/test/auto/OrderedRecordUpdater.xml
2 ms. Memory: 703488K Free: 407739K (58%)
----------------- Invoking toplevel() on ptolemy.moml.MoMLSimpleApplication@717ec6e4
----------------- Done invoking toplevel() on ptolemy.moml.MoMLSimpleApplication@717ec6e4
reloadAllAccessors: .RecordUpdater

===========================================================================================
----------------- testing Wed Jul 10 00:55:00 UTC 2019 /home/travis/build/icyphy/ptII/ptolemy/actor/lib/test/auto/OrderedRecordUpdater2.xml
----------------- Instantiating /home/travis/build/icyphy/ptII/ptolemy/actor/lib/test/auto/OrderedRecordUpdater2.xml
3 ms. Memory: 703488K Free: 402619K (57%)
----------------- Invoking toplevel() on ptolemy.moml.MoMLSimpleApplication@54aa0433
----------------- Done invoking toplevel() on ptolemy.moml.MoMLSimpleApplication@54aa0433
reloadAllAccessors: .RecordUpdater2

===========================================================================================
----------------- testing Wed Jul 10 00:55:00 UTC 2019 /home/travis/build/icyphy/ptII/ptolemy/actor/lib/test/auto/PhaseUnwrap.xml
----------------- Instantiating /home/travis/build/icyphy/ptII/ptolemy/actor/lib/test/auto/PhaseUnwrap.xml
1 ms. Memory: 703488K Free: 398013K (57%)
----------------- Invoking toplevel() on ptolemy.moml.MoMLSimpleApplication@67e53b53
----------------- Done invoking toplevel() on ptolemy.moml.MoMLSimpleApplication@67e53b53
reloadAllAccessors: .PhaseUnwrap

===========================================================================================
----------------- testing Wed Jul 10 00:55:00 UTC 2019 /home/travis/build/icyphy/ptII/ptolemy/actor/lib/test/auto/PoissonClock.xml
----------------- Instantiating /home/travis/build/icyphy/ptII/ptolemy/actor/lib/test/auto/PoissonClock.xml
2 ms. Memory: 703488K Free: 393917K (56%)
----------------- Invoking toplevel() on ptolemy.moml.MoMLSimpleApplication@4bb9a08f
----------------- Done invoking toplevel() on ptolemy.moml.MoMLSimpleApplication@4bb9a08f
reloadAllAccessors: .PoissonClock

===========================================================================================
----------------- testing Wed Jul 10 00:55:00 UTC 2019 /home/travis/build/icyphy/ptII/ptolemy/actor/lib/test/auto/PoissonClock2.xml
----------------- Instantiating /home/travis/build/icyphy/ptII/ptolemy/actor/lib/test/auto/PoissonClock2.xml
1 ms. Memory: 703488K Free: 389307K (55%)
----------------- Invoking toplevel() on ptolemy.moml.MoMLSimpleApplication@5f431d83
----------------- Done invoking toplevel() on ptolemy.moml.MoMLSimpleApplication@5f431d83
reloadAllAccessors: .PoissonClock2

===========================================================================================
----------------- testing Wed Jul 10 00:55:00 UTC 2019 /home/travis/build/icyphy/ptII/ptolemy/actor/lib/test/auto/PoissonClock3.xml
----------------- Instantiating /home/travis/build/icyphy/ptII/ptolemy/actor/lib/test/auto/PoissonClock3.xml
1 ms. Memory: 703488K Free: 384701K (55%)
----------------- Invoking toplevel() on ptolemy.moml.MoMLSimpleApplication@125f47d4
----------------- Done invoking toplevel() on ptolemy.moml.MoMLSimpleApplication@125f47d4
reloadAllAccessors: .PoissonClock3

===========================================================================================
----------------- testing Wed Jul 10 00:55:00 UTC 2019 /home/travis/build/icyphy/ptII/ptolemy/actor/lib/test/auto/PubSubWithInitialTokens.xml
----------------- Instantiating /home/travis/build/icyphy/ptII/ptolemy/actor/lib/test/auto/PubSubWithInitialTokens.xml
4 ms. Memory: 703488K Free: 379061K (54%)
----------------- Invoking toplevel() on ptolemy.moml.MoMLSimpleApplication@5676fc44
----------------- Done invoking toplevel() on ptolemy.moml.MoMLSimpleApplication@5676fc44
reloadAllAccessors: .PubSubWithInitialTokens

===========================================================================================
----------------- testing Wed Jul 10 00:55:00 UTC 2019 /home/travis/build/icyphy/ptII/ptolemy/actor/lib/test/auto/PubSubWithInitialTokens2.xml
----------------- Instantiating /home/travis/build/icyphy/ptII/ptolemy/actor/lib/test/auto/PubSubWithInitialTokens2.xml
2 ms. Memory: 703488K Free: 372917K (53%)
----------------- Invoking toplevel() on ptolemy.moml.MoMLSimpleApplication@4ccdd626
----------------- Done invoking toplevel() on ptolemy.moml.MoMLSimpleApplication@4ccdd626
reloadAllAccessors: .PubSubWithInitialTokens2

===========================================================================================
----------------- testing Wed Jul 10 00:55:00 UTC 2019 /home/travis/build/icyphy/ptII/ptolemy/actor/lib/test/auto/PublisherClassNoParameter.xml
----------------- Instantiating /home/travis/build/icyphy/ptII/ptolemy/actor/lib/test/auto/PublisherClassNoParameter.xml
2 ms. Memory: 703488K Free: 362683K (52%)
----------------- Invoking toplevel() on ptolemy.moml.MoMLSimpleApplication@76080ee5
----------------- Done invoking toplevel() on ptolemy.moml.MoMLSimpleApplication@76080ee5
reloadAllAccessors: .PublisherClassNoParameter

===========================================================================================
----------------- testing Wed Jul 10 00:55:00 UTC 2019 /home/travis/build/icyphy/ptII/ptolemy/actor/lib/test/auto/PublisherClassParameter.xml
----------------- Instantiating /home/travis/build/icyphy/ptII/ptolemy/actor/lib/test/auto/PublisherClassParameter.xml
2 ms. Memory: 703488K Free: 352429K (50%)
----------------- Invoking toplevel() on ptolemy.moml.MoMLSimpleApplication@e788846
----------------- Done invoking toplevel() on ptolemy.moml.MoMLSimpleApplication@e788846
reloadAllAccessors: .PublisherClassParameter

===========================================================================================
----------------- testing Wed Jul 10 00:55:00 UTC 2019 /home/travis/build/icyphy/ptII/ptolemy/actor/lib/test/auto/PublisherNonStrictTest.xml
----------------- Instantiating /home/travis/build/icyphy/ptII/ptolemy/actor/lib/test/auto/PublisherNonStrictTest.xml
3 ms. Memory: 703488K Free: 344765K (49%)
----------------- Invoking toplevel() on ptolemy.moml.MoMLSimpleApplication@3ce3eb37
----------------- Done invoking toplevel() on ptolemy.moml.MoMLSimpleApplication@3ce3eb37
reloadAllAccessors: .PublisherNonStrictTest

===========================================================================================
----------------- testing Wed Jul 10 00:55:00 UTC 2019 /home/travis/build/icyphy/ptII/ptolemy/actor/lib/test/auto/PublisherPort1.xml
----------------- Instantiating /home/travis/build/icyphy/ptII/ptolemy/actor/lib/test/auto/PublisherPort1.xml
14 ms. Memory: 703488K Free: 339117K (48%)
----------------- Invoking toplevel() on ptolemy.moml.MoMLSimpleApplication@52dc945
----------------- Done invoking toplevel() on ptolemy.moml.MoMLSimpleApplication@52dc945
reloadAllAccessors: .PublisherPort1

===========================================================================================
----------------- testing Wed Jul 10 00:55:00 UTC 2019 /home/travis/build/icyphy/ptII/ptolemy/actor/lib/test/auto/PublisherPort2.xml
----------------- Instantiating /home/travis/build/icyphy/ptII/ptolemy/actor/lib/test/auto/PublisherPort2.xml
2 ms. Memory: 703488K Free: 334011K (47%)
----------------- Invoking toplevel() on ptolemy.moml.MoMLSimpleApplication@46ec0015
----------------- Done invoking toplevel() on ptolemy.moml.MoMLSimpleApplication@46ec0015
reloadAllAccessors: .PublisherPort2

===========================================================================================
----------------- testing Wed Jul 10 00:55:00 UTC 2019 /home/travis/build/icyphy/ptII/ptolemy/actor/lib/test/auto/PublisherPort3.xml
----------------- Instantiating /home/travis/build/icyphy/ptII/ptolemy/actor/lib/test/auto/PublisherPort3.xml
3 ms. Memory: 703488K Free: 327357K (47%)
----------------- Invoking toplevel() on ptolemy.moml.MoMLSimpleApplication@34695fd4
----------------- Done invoking toplevel() on ptolemy.moml.MoMLSimpleApplication@34695fd4
reloadAllAccessors: .PublisherPort3

===========================================================================================
----------------- testing Wed Jul 10 00:55:00 UTC 2019 /home/travis/build/icyphy/ptII/ptolemy/actor/lib/test/auto/PublisherPort4.xml
----------------- Instantiating /home/travis/build/icyphy/ptII/ptolemy/actor/lib/test/auto/PublisherPort4.xml
2 ms. Memory: 703488K Free: 321717K (46%)
----------------- Invoking toplevel() on ptolemy.moml.MoMLSimpleApplication@660f7466
----------------- Done invoking toplevel() on ptolemy.moml.MoMLSimpleApplication@660f7466
reloadAllAccessors: .PublisherPort4

===========================================================================================
----------------- testing Wed Jul 10 00:55:00 UTC 2019 /home/travis/build/icyphy/ptII/ptolemy/actor/lib/test/auto/PublisherPort5.xml
----------------- Instantiating /home/travis/build/icyphy/ptII/ptolemy/actor/lib/test/auto/PublisherPort5.xml
3 ms. Memory: 703488K Free: 314045K (45%)
----------------- Invoking toplevel() on ptolemy.moml.MoMLSimpleApplication@2e8a3a18
----------------- Done invoking toplevel() on ptolemy.moml.MoMLSimpleApplication@2e8a3a18
reloadAllAccessors: .PublisherPort5

===========================================================================================
----------------- testing Wed Jul 10 00:55:00 UTC 2019 /home/travis/build/icyphy/ptII/ptolemy/actor/lib/test/auto/PublisherPort5LookAlike.xml
----------------- Instantiating /home/travis/build/icyphy/ptII/ptolemy/actor/lib/test/auto/PublisherPort5LookAlike.xml
8 ms. Memory: 703488K Free: 306363K (44%)
----------------- Invoking toplevel() on ptolemy.moml.MoMLSimpleApplication@6c32feec
----------------- Done invoking toplevel() on ptolemy.moml.MoMLSimpleApplication@6c32feec
reloadAllAccessors: .PublisherPort5LookAlike

===========================================================================================
----------------- testing Wed Jul 10 00:55:00 UTC 2019 /home/travis/build/icyphy/ptII/ptolemy/actor/lib/test/auto/PublisherPort6.xml
----------------- Instantiating /home/travis/build/icyphy/ptII/ptolemy/actor/lib/test/auto/PublisherPort6.xml
3 ms. Memory: 703488K Free: 299709K (43%)
----------------- Invoking toplevel() on ptolemy.moml.MoMLSimpleApplication@3cd8a356
----------------- Done invoking toplevel() on ptolemy.moml.MoMLSimpleApplication@3cd8a356
reloadAllAccessors: .PublisherPort6

===========================================================================================
----------------- testing Wed Jul 10 00:55:00 UTC 2019 /home/travis/build/icyphy/ptII/ptolemy/actor/lib/test/auto/PublisherPort7.xml
----------------- Instantiating /home/travis/build/icyphy/ptII/ptolemy/actor/lib/test/auto/PublisherPort7.xml
3 ms. Memory: 703488K Free: 292027K (42%)
----------------- Invoking toplevel() on ptolemy.moml.MoMLSimpleApplication@60cffbac
----------------- Done invoking toplevel() on ptolemy.moml.MoMLSimpleApplication@60cffbac
reloadAllAccessors: .PublisherPort7

===========================================================================================
----------------- testing Wed Jul 10 00:55:00 UTC 2019 /home/travis/build/icyphy/ptII/ptolemy/actor/lib/test/auto/PublisherPort8.xml
----------------- Instantiating /home/travis/build/icyphy/ptII/ptolemy/actor/lib/test/auto/PublisherPort8.xml
4 ms. Memory: 703488K Free: 283325K (40%)
----------------- Invoking toplevel() on ptolemy.moml.MoMLSimpleApplication@4eed0646
----------------- Done invoking toplevel() on ptolemy.moml.MoMLSimpleApplication@4eed0646
reloadAllAccessors: .PublisherPort8

===========================================================================================
----------------- testing Wed Jul 10 00:55:01 UTC 2019 /home/travis/build/icyphy/ptII/ptolemy/actor/lib/test/auto/PublisherPortSubscriberChannelVariablesAOC2.xml
----------------- Instantiating /home/travis/build/icyphy/ptII/ptolemy/actor/lib/test/auto/PublisherPortSubscriberChannelVariablesAOC2.xml
2 ms. Memory: 703488K Free: 265917K (38%)
----------------- Invoking toplevel() on ptolemy.moml.MoMLSimpleApplication@5df92c96
----------------- Done invoking toplevel() on ptolemy.moml.MoMLSimpleApplication@5df92c96
reloadAllAccessors: .PublisherPortSubscriberChannelVariablesAOC2

===========================================================================================
----------------- testing Wed Jul 10 00:55:01 UTC 2019 /home/travis/build/icyphy/ptII/ptolemy/actor/lib/test/auto/PublisherPortSubscriberOpaqueWidthInference.xml
----------------- Instantiating /home/travis/build/icyphy/ptII/ptolemy/actor/lib/test/auto/PublisherPortSubscriberOpaqueWidthInference.xml
8 ms. Memory: 703488K Free: 257725K (37%)
----------------- Invoking toplevel() on ptolemy.moml.MoMLSimpleApplication@38857dfc
----------------- Done invoking toplevel() on ptolemy.moml.MoMLSimpleApplication@38857dfc
reloadAllAccessors: .PublisherPortSubscriberOpaqueWidthInference

===========================================================================================
----------------- testing Wed Jul 10 00:55:01 UTC 2019 /home/travis/build/icyphy/ptII/ptolemy/actor/lib/test/auto/PublisherPortSubscriberPortAdjacent.xml
----------------- Instantiating /home/travis/build/icyphy/ptII/ptolemy/actor/lib/test/auto/PublisherPortSubscriberPortAdjacent.xml
2 ms. Memory: 703488K Free: 249533K (35%)
----------------- Invoking toplevel() on ptolemy.moml.MoMLSimpleApplication@2c2a8628
----------------- Done invoking toplevel() on ptolemy.moml.MoMLSimpleApplication@2c2a8628
reloadAllAccessors: .PublisherPortSubscriberPortAdjacent

===========================================================================================
----------------- testing Wed Jul 10 00:55:01 UTC 2019 /home/travis/build/icyphy/ptII/ptolemy/actor/lib/test/auto/PublisherPortSubscriberPortExpression.xml
----------------- Instantiating /home/travis/build/icyphy/ptII/ptolemy/actor/lib/test/auto/PublisherPortSubscriberPortExpression.xml
5 ms. Memory: 703488K Free: 241837K (34%)
----------------- Invoking toplevel() on ptolemy.moml.MoMLSimpleApplication@24b59c68
----------------- Done invoking toplevel() on ptolemy.moml.MoMLSimpleApplication@24b59c68
reloadAllAccessors: .PublisherPortSubscriberPortExpression

===========================================================================================
----------------- testing Wed Jul 10 00:55:01 UTC 2019 /home/travis/build/icyphy/ptII/ptolemy/actor/lib/test/auto/PublisherPortSubscriberPortOpaqueD3Reverse.xml
----------------- Instantiating /home/travis/build/icyphy/ptII/ptolemy/actor/lib/test/auto/PublisherPortSubscriberPortOpaqueD3Reverse.xml
6 ms. Memory: 703488K Free: 647306K (92%)
----------------- Invoking toplevel() on ptolemy.moml.MoMLSimpleApplication@786dace4
----------------- Done invoking toplevel() on ptolemy.moml.MoMLSimpleApplication@786dace4
reloadAllAccessors: .PublisherPortSubscriberPortOpaqueD3Reverse

===========================================================================================
----------------- testing Wed Jul 10 00:55:01 UTC 2019 /home/travis/build/icyphy/ptII/ptolemy/actor/lib/test/auto/PublisherPortSubscriberPortOpaqueWidthInference.xml
----------------- Instantiating /home/travis/build/icyphy/ptII/ptolemy/actor/lib/test/auto/PublisherPortSubscriberPortOpaqueWidthInference.xml
3 ms. Memory: 703488K Free: 639100K (91%)
----------------- Invoking toplevel() on ptolemy.moml.MoMLSimpleApplication@7d1800d4
----------------- Done invoking toplevel() on ptolemy.moml.MoMLSimpleApplication@7d1800d4
reloadAllAccessors: .PublisherPortSubscriberPortOpaqueWidthInference

===========================================================================================
----------------- testing Wed Jul 10 00:55:01 UTC 2019 /home/travis/build/icyphy/ptII/ptolemy/actor/lib/test/auto/PublisherPortToplevelSubscriberPortAOC.xml
----------------- Instantiating /home/travis/build/icyphy/ptII/ptolemy/actor/lib/test/auto/PublisherPortToplevelSubscriberPortAOC.xml
.PublisherPortToplevelSubscriberPortAOC.TestExceptionAttribute: initialize() was not invoked, but wrapup() was.  This is unusual, but not always a problem.  For example, exporting JNLP will do this.
1 ms. Memory: 703488K Free: 633484K (90%)
----------------- Invoking toplevel() on ptolemy.moml.MoMLSimpleApplication@527484b
----------------- Done invoking toplevel() on ptolemy.moml.MoMLSimpleApplication@527484b
reloadAllAccessors: .PublisherPortToplevelSubscriberPortAOC

===========================================================================================
----------------- testing Wed Jul 10 00:55:01 UTC 2019 /home/travis/build/icyphy/ptII/ptolemy/actor/lib/test/auto/PublisherSubscriber.xml
----------------- Instantiating /home/travis/build/icyphy/ptII/ptolemy/actor/lib/test/auto/PublisherSubscriber.xml
2 ms. Memory: 703488K Free: 626316K (89%)
----------------- Invoking toplevel() on ptolemy.moml.MoMLSimpleApplication@129ac724
----------------- Done invoking toplevel() on ptolemy.moml.MoMLSimpleApplication@129ac724
reloadAllAccessors: .PublisherSubscriber

===========================================================================================
----------------- testing Wed Jul 10 00:55:01 UTC 2019 /home/travis/build/icyphy/ptII/ptolemy/actor/lib/test/auto/PublisherSubscriber10.xml
----------------- Instantiating /home/travis/build/icyphy/ptII/ptolemy/actor/lib/test/auto/PublisherSubscriber10.xml
7 ms. Memory: 703488K Free: 616586K (88%)
----------------- Invoking toplevel() on ptolemy.moml.MoMLSimpleApplication@659dc95a
----------------- Done invoking toplevel() on ptolemy.moml.MoMLSimpleApplication@659dc95a
reloadAllAccessors: .PublisherSubscriber10

===========================================================================================
----------------- testing Wed Jul 10 00:55:01 UTC 2019 /home/travis/build/icyphy/ptII/ptolemy/actor/lib/test/auto/PublisherSubscriber10InitialOutputs.xml
----------------- Instantiating /home/travis/build/icyphy/ptII/ptolemy/actor/lib/test/auto/PublisherSubscriber10InitialOutputs.xml
15 ms. Memory: 703488K Free: 607370K (86%)
----------------- Invoking toplevel() on ptolemy.moml.MoMLSimpleApplication@5019aa10
----------------- Done invoking toplevel() on ptolemy.moml.MoMLSimpleApplication@5019aa10
reloadAllAccessors: .PublisherSubscriber10InitialOutputs

===========================================================================================
----------------- testing Wed Jul 10 00:55:01 UTC 2019 /home/travis/build/icyphy/ptII/ptolemy/actor/lib/test/auto/PublisherSubscriber11.xml
----------------- Instantiating /home/travis/build/icyphy/ptII/ptolemy/actor/lib/test/auto/PublisherSubscriber11.xml
3 ms. Memory: 703488K Free: 601212K (85%)
----------------- Invoking toplevel() on ptolemy.moml.MoMLSimpleApplication@20f7270b
----------------- Done invoking toplevel() on ptolemy.moml.MoMLSimpleApplication@20f7270b
reloadAllAccessors: .PublisherSubscriber11

===========================================================================================
----------------- testing Wed Jul 10 00:55:01 UTC 2019 /home/travis/build/icyphy/ptII/ptolemy/actor/lib/test/auto/PublisherSubscriber12.xml
----------------- Instantiating /home/travis/build/icyphy/ptII/ptolemy/actor/lib/test/auto/PublisherSubscriber12.xml
5 ms. Memory: 703488K Free: 594572K (85%)
----------------- Invoking toplevel() on ptolemy.moml.MoMLSimpleApplication@47d3b682
----------------- Done invoking toplevel() on ptolemy.moml.MoMLSimpleApplication@47d3b682
reloadAllAccessors: .PublisherSubscriber12

===========================================================================================
----------------- testing Wed Jul 10 00:55:01 UTC 2019 /home/travis/build/icyphy/ptII/ptolemy/actor/lib/test/auto/PublisherSubscriber13.xml
----------------- Instantiating /home/travis/build/icyphy/ptII/ptolemy/actor/lib/test/auto/PublisherSubscriber13.xml
2 ms. Memory: 703488K Free: 588938K (84%)
----------------- Invoking toplevel() on ptolemy.moml.MoMLSimpleApplication@1f37f482
----------------- Done invoking toplevel() on ptolemy.moml.MoMLSimpleApplication@1f37f482
reloadAllAccessors: .PublisherSubscriber13

===========================================================================================
----------------- testing Wed Jul 10 00:55:01 UTC 2019 /home/travis/build/icyphy/ptII/ptolemy/actor/lib/test/auto/PublisherSubscriber14.xml
----------------- Instantiating /home/travis/build/icyphy/ptII/ptolemy/actor/lib/test/auto/PublisherSubscriber14.xml
2 ms. Memory: 703488K Free: 579708K (82%)
----------------- Invoking toplevel() on ptolemy.moml.MoMLSimpleApplication@61a8ed0b
----------------- Done invoking toplevel() on ptolemy.moml.MoMLSimpleApplication@61a8ed0b
reloadAllAccessors: .PublisherSubscriber14

===========================================================================================
----------------- testing Wed Jul 10 00:55:01 UTC 2019 /home/travis/build/icyphy/ptII/ptolemy/actor/lib/test/auto/PublisherSubscriber2.xml
----------------- Instantiating /home/travis/build/icyphy/ptII/ptolemy/actor/lib/test/auto/PublisherSubscriber2.xml
3 ms. Memory: 703488K Free: 574092K (82%)
----------------- Invoking toplevel() on ptolemy.moml.MoMLSimpleApplication@548d0251
----------------- Done invoking toplevel() on ptolemy.moml.MoMLSimpleApplication@548d0251
reloadAllAccessors: .PublisherSubscriber2

===========================================================================================
----------------- testing Wed Jul 10 00:55:01 UTC 2019 /home/travis/build/icyphy/ptII/ptolemy/actor/lib/test/auto/PublisherSubscriber3.xml
----------------- Instantiating /home/travis/build/icyphy/ptII/ptolemy/actor/lib/test/auto/PublisherSubscriber3.xml
1 ms. Memory: 703488K Free: 568444K (81%)
----------------- Invoking toplevel() on ptolemy.moml.MoMLSimpleApplication@dc82f83
----------------- Done invoking toplevel() on ptolemy.moml.MoMLSimpleApplication@dc82f83
reloadAllAccessors: .PublisherSubscriber3

===========================================================================================
----------------- testing Wed Jul 10 00:55:01 UTC 2019 /home/travis/build/icyphy/ptII/ptolemy/actor/lib/test/auto/PublisherSubscriber4.xml
----------------- Instantiating /home/travis/build/icyphy/ptII/ptolemy/actor/lib/test/auto/PublisherSubscriber4.xml
2 ms. Memory: 703488K Free: 563338K (80%)
----------------- Invoking toplevel() on ptolemy.moml.MoMLSimpleApplication@12691881
----------------- Done invoking toplevel() on ptolemy.moml.MoMLSimpleApplication@12691881
reloadAllAccessors: .PublisherSubscriber4

===========================================================================================
----------------- testing Wed Jul 10 00:55:01 UTC 2019 /home/travis/build/icyphy/ptII/ptolemy/actor/lib/test/auto/PublisherSubscriber5.xml
----------------- Instantiating /home/travis/build/icyphy/ptII/ptolemy/actor/lib/test/auto/PublisherSubscriber5.xml
2 ms. Memory: 703488K Free: 556684K (79%)
----------------- Invoking toplevel() on ptolemy.moml.MoMLSimpleApplication@77d51f2c
----------------- Done invoking toplevel() on ptolemy.moml.MoMLSimpleApplication@77d51f2c
reloadAllAccessors: .PublisherSubscriber5

===========================================================================================
----------------- testing Wed Jul 10 00:55:01 UTC 2019 /home/travis/build/icyphy/ptII/ptolemy/actor/lib/test/auto/PublisherSubscriber6.xml
----------------- Instantiating /home/travis/build/icyphy/ptII/ptolemy/actor/lib/test/auto/PublisherSubscriber6.xml
4 ms. Memory: 703488K Free: 550012K (78%)
----------------- Invoking toplevel() on ptolemy.moml.MoMLSimpleApplication@16cfeb94
----------------- Done invoking toplevel() on ptolemy.moml.MoMLSimpleApplication@16cfeb94
reloadAllAccessors: .PublisherSubscriber6

===========================================================================================
----------------- testing Wed Jul 10 00:55:01 UTC 2019 /home/travis/build/icyphy/ptII/ptolemy/actor/lib/test/auto/PublisherSubscriber7.xml
----------------- Instantiating /home/travis/build/icyphy/ptII/ptolemy/actor/lib/test/auto/PublisherSubscriber7.xml
9 ms. Memory: 703488K Free: 543372K (77%)
----------------- Invoking toplevel() on ptolemy.moml.MoMLSimpleApplication@65bd316
----------------- Done invoking toplevel() on ptolemy.moml.MoMLSimpleApplication@65bd316
reloadAllAccessors: .PublisherSubscriber7

===========================================================================================
----------------- testing Wed Jul 10 00:55:01 UTC 2019 /home/travis/build/icyphy/ptII/ptolemy/actor/lib/test/auto/PublisherSubscriber8.xml
----------------- Instantiating /home/travis/build/icyphy/ptII/ptolemy/actor/lib/test/auto/PublisherSubscriber8.xml
21 ms. Memory: 703488K Free: 531084K (75%)
----------------- Invoking toplevel() on ptolemy.moml.MoMLSimpleApplication@2fad86de
----------------- Done invoking toplevel() on ptolemy.moml.MoMLSimpleApplication@2fad86de
reloadAllAccessors: .PublisherSubscriber8

===========================================================================================
----------------- testing Wed Jul 10 00:55:01 UTC 2019 /home/travis/build/icyphy/ptII/ptolemy/actor/lib/test/auto/PublisherSubscriber9.xml
----------------- Instantiating /home/travis/build/icyphy/ptII/ptolemy/actor/lib/test/auto/PublisherSubscriber9.xml
3 ms. Memory: 703488K Free: 523916K (74%)
----------------- Invoking toplevel() on ptolemy.moml.MoMLSimpleApplication@59ac124e
----------------- Done invoking toplevel() on ptolemy.moml.MoMLSimpleApplication@59ac124e
reloadAllAccessors: .PublisherSubscriber9

===========================================================================================
----------------- testing Wed Jul 10 00:55:01 UTC 2019 /home/travis/build/icyphy/ptII/ptolemy/actor/lib/test/auto/PublisherSubscriberAdjacent.xml
----------------- Instantiating /home/travis/build/icyphy/ptII/ptolemy/actor/lib/test/auto/PublisherSubscriberAdjacent.xml
2 ms. Memory: 703488K Free: 515724K (73%)
----------------- Invoking toplevel() on ptolemy.moml.MoMLSimpleApplication@12e2407f
----------------- Done invoking toplevel() on ptolemy.moml.MoMLSimpleApplication@12e2407f
reloadAllAccessors: .PublisherSubscriberAdjacent

===========================================================================================
----------------- testing Wed Jul 10 00:55:01 UTC 2019 /home/travis/build/icyphy/ptII/ptolemy/actor/lib/test/auto/PublisherSubscriberChannelVariablesAOC2.xml
----------------- Instantiating /home/travis/build/icyphy/ptII/ptolemy/actor/lib/test/auto/PublisherSubscriberChannelVariablesAOC2.xml
3 ms. Memory: 703488K Free: 500364K (71%)
----------------- Invoking toplevel() on ptolemy.moml.MoMLSimpleApplication@62f71845
----------------- Done invoking toplevel() on ptolemy.moml.MoMLSimpleApplication@62f71845
reloadAllAccessors: .PublisherSubscriberChannelVariablesAOC2

===========================================================================================
----------------- testing Wed Jul 10 00:55:01 UTC 2019 /home/travis/build/icyphy/ptII/ptolemy/actor/lib/test/auto/PublisherSubscriberD3.xml
----------------- Instantiating /home/travis/build/icyphy/ptII/ptolemy/actor/lib/test/auto/PublisherSubscriberD3.xml
2 ms. Memory: 703488K Free: 493196K (70%)
----------------- Invoking toplevel() on ptolemy.moml.MoMLSimpleApplication@1b93470d
----------------- Done invoking toplevel() on ptolemy.moml.MoMLSimpleApplication@1b93470d
reloadAllAccessors: .PublisherSubscriberD3

===========================================================================================
----------------- testing Wed Jul 10 00:55:01 UTC 2019 /home/travis/build/icyphy/ptII/ptolemy/actor/lib/test/auto/PublisherSubscriberD3Reverse.xml
----------------- Instantiating /home/travis/build/icyphy/ptII/ptolemy/actor/lib/test/auto/PublisherSubscriberD3Reverse.xml
1 ms. Memory: 703488K Free: 487052K (69%)
----------------- Invoking toplevel() on ptolemy.moml.MoMLSimpleApplication@734363e2
----------------- Done invoking toplevel() on ptolemy.moml.MoMLSimpleApplication@734363e2
reloadAllAccessors: .PublisherSubscriberD3Reverse

===========================================================================================
----------------- testing Wed Jul 10 00:55:01 UTC 2019 /home/travis/build/icyphy/ptII/ptolemy/actor/lib/test/auto/PublisherSubscriberExpression.xml
----------------- Instantiating /home/travis/build/icyphy/ptII/ptolemy/actor/lib/test/auto/PublisherSubscriberExpression.xml
4 ms. Memory: 703488K Free: 478332K (68%)
----------------- Invoking toplevel() on ptolemy.moml.MoMLSimpleApplication@7d0659d5
----------------- Done invoking toplevel() on ptolemy.moml.MoMLSimpleApplication@7d0659d5
reloadAllAccessors: .PublisherSubscriberExpression

===========================================================================================
----------------- testing Wed Jul 10 00:55:01 UTC 2019 /home/travis/build/icyphy/ptII/ptolemy/actor/lib/test/auto/PublisherSubscriberOpaque.xml
----------------- Instantiating /home/travis/build/icyphy/ptII/ptolemy/actor/lib/test/auto/PublisherSubscriberOpaque.xml
4 ms. Memory: 703488K Free: 469644K (67%)
----------------- Invoking toplevel() on ptolemy.moml.MoMLSimpleApplication@31e211ee
----------------- Done invoking toplevel() on ptolemy.moml.MoMLSimpleApplication@31e211ee
reloadAllAccessors: .PublisherSubscriberOpaque

===========================================================================================
----------------- testing Wed Jul 10 00:55:01 UTC 2019 /home/travis/build/icyphy/ptII/ptolemy/actor/lib/test/auto/PublisherSubscriberOpaqueD3.xml
----------------- Instantiating /home/travis/build/icyphy/ptII/ptolemy/actor/lib/test/auto/PublisherSubscriberOpaqueD3.xml
5 ms. Memory: 703488K Free: 458380K (65%)
----------------- Invoking toplevel() on ptolemy.moml.MoMLSimpleApplication@711acc5b
----------------- Done invoking toplevel() on ptolemy.moml.MoMLSimpleApplication@711acc5b
reloadAllAccessors: .PublisherSubscriberOpaqueD3

===========================================================================================
----------------- testing Wed Jul 10 00:55:01 UTC 2019 /home/travis/build/icyphy/ptII/ptolemy/actor/lib/test/auto/PublisherSubscriberOpaqueD3Reverse.xml
----------------- Instantiating /home/travis/build/icyphy/ptII/ptolemy/actor/lib/test/auto/PublisherSubscriberOpaqueD3Reverse.xml
8 ms. Memory: 703488K Free: 447626K (64%)
----------------- Invoking toplevel() on ptolemy.moml.MoMLSimpleApplication@3a553dc7
----------------- Done invoking toplevel() on ptolemy.moml.MoMLSimpleApplication@3a553dc7
reloadAllAccessors: .PublisherSubscriberOpaqueD3Reverse

===========================================================================================
----------------- testing Wed Jul 10 00:55:01 UTC 2019 /home/travis/build/icyphy/ptII/ptolemy/actor/lib/test/auto/PublisherSubscriberOpaqueWidthInference.xml
----------------- Instantiating /home/travis/build/icyphy/ptII/ptolemy/actor/lib/test/auto/PublisherSubscriberOpaqueWidthInference.xml
3 ms. Memory: 703488K Free: 439420K (62%)
----------------- Invoking toplevel() on ptolemy.moml.MoMLSimpleApplication@23ed95a8
----------------- Done invoking toplevel() on ptolemy.moml.MoMLSimpleApplication@23ed95a8
reloadAllAccessors: .PublisherSubscriberOpaqueWidthInference

===========================================================================================
----------------- testing Wed Jul 10 00:55:01 UTC 2019 /home/travis/build/icyphy/ptII/ptolemy/actor/lib/test/auto/PublisherTestSubscriber.xml
----------------- Instantiating /home/travis/build/icyphy/ptII/ptolemy/actor/lib/test/auto/PublisherTestSubscriber.xml
2 ms. Memory: 703488K Free: 431756K (61%)
----------------- Invoking toplevel() on ptolemy.moml.MoMLSimpleApplication@72010d76
----------------- Done invoking toplevel() on ptolemy.moml.MoMLSimpleApplication@72010d76
reloadAllAccessors: .PublisherTestSubscriber

===========================================================================================
----------------- testing Wed Jul 10 00:55:01 UTC 2019 /home/travis/build/icyphy/ptII/ptolemy/actor/lib/test/auto/PublisherToplevelSubscriberPortAOC.xml
----------------- Instantiating /home/travis/build/icyphy/ptII/ptolemy/actor/lib/test/auto/PublisherToplevelSubscriberPortAOC.xml
2 ms. Memory: 703488K Free: 424588K (60%)
----------------- Invoking toplevel() on ptolemy.moml.MoMLSimpleApplication@59668969
----------------- Done invoking toplevel() on ptolemy.moml.MoMLSimpleApplication@59668969
reloadAllAccessors: .PublisherToplevelSubscriberPortAOC

===========================================================================================
----------------- testing Wed Jul 10 00:55:01 UTC 2019 /home/travis/build/icyphy/ptII/ptolemy/actor/lib/test/auto/PulseFiringLimitDE.xml
----------------- Instantiating /home/travis/build/icyphy/ptII/ptolemy/actor/lib/test/auto/PulseFiringLimitDE.xml
2 ms. Memory: 703488K Free: 417930K (59%)
----------------- Invoking toplevel() on ptolemy.moml.MoMLSimpleApplication@23ed4129
----------------- Done invoking toplevel() on ptolemy.moml.MoMLSimpleApplication@23ed4129
reloadAllAccessors: .PulseFiringLimitDE

===========================================================================================
----------------- testing Wed Jul 10 00:55:01 UTC 2019 /home/travis/build/icyphy/ptII/ptolemy/actor/lib/test/auto/Ramp1.xml
----------------- Instantiating /home/travis/build/icyphy/ptII/ptolemy/actor/lib/test/auto/Ramp1.xml
1 ms. Memory: 703488K Free: 413820K (59%)
----------------- Invoking toplevel() on ptolemy.moml.MoMLSimpleApplication@1f9ee8f0
----------------- Done invoking toplevel() on ptolemy.moml.MoMLSimpleApplication@1f9ee8f0
reloadAllAccessors: .Ramp1

===========================================================================================
----------------- testing Wed Jul 10 00:55:01 UTC 2019 /home/travis/build/icyphy/ptII/ptolemy/actor/lib/test/auto/RampFiringLimitDE.xml
----------------- Instantiating /home/travis/build/icyphy/ptII/ptolemy/actor/lib/test/auto/RampFiringLimitDE.xml
3 ms. Memory: 703488K Free: 407676K (58%)
----------------- Invoking toplevel() on ptolemy.moml.MoMLSimpleApplication@2417c662
----------------- Done invoking toplevel() on ptolemy.moml.MoMLSimpleApplication@2417c662
reloadAllAccessors: .RampFiringLimitDE

===========================================================================================
----------------- testing Wed Jul 10 00:55:01 UTC 2019 /home/travis/build/icyphy/ptII/ptolemy/actor/lib/test/auto/RampFiringLimitSDF.xml
----------------- Instantiating /home/travis/build/icyphy/ptII/ptolemy/actor/lib/test/auto/RampFiringLimitSDF.xml
1 ms. Memory: 703488K Free: 402540K (57%)
----------------- Invoking toplevel() on ptolemy.moml.MoMLSimpleApplication@30890efe
----------------- Done invoking toplevel() on ptolemy.moml.MoMLSimpleApplication@30890efe
reloadAllAccessors: .RampFiringLimitSDF

===========================================================================================
----------------- testing Wed Jul 10 00:55:01 UTC 2019 /home/travis/build/icyphy/ptII/ptolemy/actor/lib/test/auto/RandomInteger.xml
----------------- Instantiating /home/travis/build/icyphy/ptII/ptolemy/actor/lib/test/auto/RandomInteger.xml
1 ms. Memory: 703488K Free: 397964K (57%)
----------------- Invoking toplevel() on ptolemy.moml.MoMLSimpleApplication@6e726d35
----------------- Done invoking toplevel() on ptolemy.moml.MoMLSimpleApplication@6e726d35
reloadAllAccessors: .RandomInteger

===========================================================================================
----------------- testing Wed Jul 10 00:55:01 UTC 2019 /home/travis/build/icyphy/ptII/ptolemy/actor/lib/test/auto/ReadFile1.xml
----------------- Instantiating /home/travis/build/icyphy/ptII/ptolemy/actor/lib/test/auto/ReadFile1.xml
1 ms. Memory: 703488K Free: 393340K (56%)
----------------- Invoking toplevel() on ptolemy.moml.MoMLSimpleApplication@974e8f4
----------------- Done invoking toplevel() on ptolemy.moml.MoMLSimpleApplication@974e8f4
reloadAllAccessors: .ReadFile1

===========================================================================================
----------------- testing Wed Jul 10 00:55:01 UTC 2019 /home/travis/build/icyphy/ptII/ptolemy/actor/lib/test/auto/ReadFile2.xml
----------------- Instantiating /home/travis/build/icyphy/ptII/ptolemy/actor/lib/test/auto/ReadFile2.xml
0 ms. Memory: 703488K Free: 389258K (55%)
----------------- Invoking toplevel() on ptolemy.moml.MoMLSimpleApplication@511782af
----------------- Done invoking toplevel() on ptolemy.moml.MoMLSimpleApplication@511782af
reloadAllAccessors: .ReadFile2

===========================================================================================
----------------- testing Wed Jul 10 00:55:01 UTC 2019 /home/travis/build/icyphy/ptII/ptolemy/actor/lib/test/auto/Reader.xml
----------------- Instantiating /home/travis/build/icyphy/ptII/ptolemy/actor/lib/test/auto/Reader.xml
actor.lib.Reader is obsolete, use actor.lib.io.ExpressionReader instead
2 ms. Memory: 703488K Free: 385162K (55%)
----------------- Invoking toplevel() on ptolemy.moml.MoMLSimpleApplication@26bea307
----------------- Done invoking toplevel() on ptolemy.moml.MoMLSimpleApplication@26bea307
reloadAllAccessors: .Reader

===========================================================================================
----------------- testing Wed Jul 10 00:55:01 UTC 2019 /home/travis/build/icyphy/ptII/ptolemy/actor/lib/test/auto/RecordAssemblerDisplayNameTest.xml
----------------- Instantiating /home/travis/build/icyphy/ptII/ptolemy/actor/lib/test/auto/RecordAssemblerDisplayNameTest.xml
3642 ms. Memory: 703488K Free: 438350K (62%)
----------------- Invoking toplevel() on ptolemy.moml.MoMLSimpleApplication@593f3dd5
----------------- Done invoking toplevel() on ptolemy.moml.MoMLSimpleApplication@593f3dd5
reloadAllAccessors: .RecordAssemblerDisplayNameTest

===========================================================================================
----------------- testing Wed Jul 10 00:55:05 UTC 2019 /home/travis/build/icyphy/ptII/ptolemy/actor/lib/test/auto/RecordAssemblerTypeError.xml
----------------- Instantiating /home/travis/build/icyphy/ptII/ptolemy/actor/lib/test/auto/RecordAssemblerTypeError.xml
18 ms. Memory: 703488K Free: 428624K (61%)
----------------- Invoking toplevel() on ptolemy.moml.MoMLSimpleApplication@343de9f5
----------------- Done invoking toplevel() on ptolemy.moml.MoMLSimpleApplication@343de9f5
reloadAllAccessors: .RecordAssemblerTypeError

===========================================================================================
----------------- testing Wed Jul 10 00:55:05 UTC 2019 /home/travis/build/icyphy/ptII/ptolemy/actor/lib/test/auto/RecordDisassember.xml
----------------- Instantiating /home/travis/build/icyphy/ptII/ptolemy/actor/lib/test/auto/RecordDisassember.xml
3 ms. Memory: 703488K Free: 423984K (60%)
----------------- Invoking toplevel() on ptolemy.moml.MoMLSimpleApplication@70eb2231
----------------- Done invoking toplevel() on ptolemy.moml.MoMLSimpleApplication@70eb2231
reloadAllAccessors: .RecordDisassember

===========================================================================================
----------------- testing Wed Jul 10 00:55:05 UTC 2019 /home/travis/build/icyphy/ptII/ptolemy/actor/lib/test/auto/RecordDisassemberDisplayNameTest.xml
----------------- Instantiating /home/travis/build/icyphy/ptII/ptolemy/actor/lib/test/auto/RecordDisassemberDisplayNameTest.xml
5 ms. Memory: 703488K Free: 415312K (59%)
----------------- Invoking toplevel() on ptolemy.moml.MoMLSimpleApplication@65ef4fb3
----------------- Done invoking toplevel() on ptolemy.moml.MoMLSimpleApplication@65ef4fb3
reloadAllAccessors: .RecordDisassemberDisplayNameTest

===========================================================================================
----------------- testing Wed Jul 10 00:55:05 UTC 2019 /home/travis/build/icyphy/ptII/ptolemy/actor/lib/test/auto/RecordDisassembler.xml
----------------- Instantiating /home/travis/build/icyphy/ptII/ptolemy/actor/lib/test/auto/RecordDisassembler.xml
2 ms. Memory: 703488K Free: 410192K (58%)
----------------- Invoking toplevel() on ptolemy.moml.MoMLSimpleApplication@597d7d9f
----------------- Done invoking toplevel() on ptolemy.moml.MoMLSimpleApplication@597d7d9f
reloadAllAccessors: .RecordDisassembler

===========================================================================================
----------------- testing Wed Jul 10 00:55:05 UTC 2019 /home/travis/build/icyphy/ptII/ptolemy/actor/lib/test/auto/RecordDisassembler2.xml
----------------- Instantiating /home/travis/build/icyphy/ptII/ptolemy/actor/lib/test/auto/RecordDisassembler2.xml
3 ms. Memory: 703488K Free: 405072K (58%)
----------------- Invoking toplevel() on ptolemy.moml.MoMLSimpleApplication@3fc594f7
----------------- Done invoking toplevel() on ptolemy.moml.MoMLSimpleApplication@3fc594f7
reloadAllAccessors: .RecordDisassembler2

===========================================================================================
----------------- testing Wed Jul 10 00:55:05 UTC 2019 /home/travis/build/icyphy/ptII/ptolemy/actor/lib/test/auto/RecordUpdater.xml
----------------- Instantiating /home/travis/build/icyphy/ptII/ptolemy/actor/lib/test/auto/RecordUpdater.xml
2 ms. Memory: 703488K Free: 400462K (57%)
----------------- Invoking toplevel() on ptolemy.moml.MoMLSimpleApplication@2bfdce00
----------------- Done invoking toplevel() on ptolemy.moml.MoMLSimpleApplication@2bfdce00
reloadAllAccessors: .RecordUpdater

===========================================================================================
----------------- testing Wed Jul 10 00:55:05 UTC 2019 /home/travis/build/icyphy/ptII/ptolemy/actor/lib/test/auto/RecordUpdater2.xml
----------------- Instantiating /home/travis/build/icyphy/ptII/ptolemy/actor/lib/test/auto/RecordUpdater2.xml
1 ms. Memory: 703488K Free: 395342K (56%)
----------------- Invoking toplevel() on ptolemy.moml.MoMLSimpleApplication@2ae28871
----------------- Done invoking toplevel() on ptolemy.moml.MoMLSimpleApplication@2ae28871
reloadAllAccessors: .RecordUpdater2

===========================================================================================
----------------- testing Wed Jul 10 00:55:05 UTC 2019 /home/travis/build/icyphy/ptII/ptolemy/actor/lib/test/auto/RecursiveLattice.xml
----------------- Instantiating /home/travis/build/icyphy/ptII/ptolemy/actor/lib/test/auto/RecursiveLattice.xml
1 ms. Memory: 703488K Free: 391246K (56%)
----------------- Invoking toplevel() on ptolemy.moml.MoMLSimpleApplication@94609e3
----------------- Done invoking toplevel() on ptolemy.moml.MoMLSimpleApplication@94609e3
reloadAllAccessors: .RecursiveLattice

===========================================================================================
----------------- testing Wed Jul 10 00:55:05 UTC 2019 /home/travis/build/icyphy/ptII/ptolemy/actor/lib/test/auto/Router.xml
----------------- Instantiating /home/travis/build/icyphy/ptII/ptolemy/actor/lib/test/auto/Router.xml
3004 ms. Memory: 703488K Free: 379472K (54%)
----------------- Invoking toplevel() on ptolemy.moml.MoMLSimpleApplication@45cde2df
----------------- Done invoking toplevel() on ptolemy.moml.MoMLSimpleApplication@45cde2df
reloadAllAccessors: .Router

===========================================================================================
----------------- testing Wed Jul 10 00:55:08 UTC 2019 /home/travis/build/icyphy/ptII/ptolemy/actor/lib/test/auto/Router2.xml
----------------- Instantiating /home/travis/build/icyphy/ptII/ptolemy/actor/lib/test/auto/Router2.xml
3004 ms. Memory: 703488K Free: 368718K (52%)
----------------- Invoking toplevel() on ptolemy.moml.MoMLSimpleApplication@7c3d5fc0
----------------- Done invoking toplevel() on ptolemy.moml.MoMLSimpleApplication@7c3d5fc0
reloadAllAccessors: .Router2

===========================================================================================
----------------- testing Wed Jul 10 00:55:11 UTC 2019 /home/travis/build/icyphy/ptII/ptolemy/actor/lib/test/auto/RunningMaximum.xml
----------------- Instantiating /home/travis/build/icyphy/ptII/ptolemy/actor/lib/test/auto/RunningMaximum.xml
2 ms. Memory: 703488K Free: 364112K (52%)
----------------- Invoking toplevel() on ptolemy.moml.MoMLSimpleApplication@3aca47c8
----------------- Done invoking toplevel() on ptolemy.moml.MoMLSimpleApplication@3aca47c8
reloadAllAccessors: .RunningMaximum

===========================================================================================
----------------- testing Wed Jul 10 00:55:11 UTC 2019 /home/travis/build/icyphy/ptII/ptolemy/actor/lib/test/auto/RunningMinimum.xml
----------------- Instantiating /home/travis/build/icyphy/ptII/ptolemy/actor/lib/test/auto/RunningMinimum.xml
11 ms. Memory: 703488K Free: 358992K (51%)
----------------- Invoking toplevel() on ptolemy.moml.MoMLSimpleApplication@558ced79
----------------- Done invoking toplevel() on ptolemy.moml.MoMLSimpleApplication@558ced79
reloadAllAccessors: .RunningMinimum

===========================================================================================
----------------- testing Wed Jul 10 00:55:11 UTC 2019 /home/travis/build/icyphy/ptII/ptolemy/actor/lib/test/auto/Scale.xml
----------------- Instantiating /home/travis/build/icyphy/ptII/ptolemy/actor/lib/test/auto/Scale.xml
1 ms. Memory: 703488K Free: 354382K (50%)
----------------- Invoking toplevel() on ptolemy.moml.MoMLSimpleApplication@c4c1428
----------------- Done invoking toplevel() on ptolemy.moml.MoMLSimpleApplication@c4c1428
reloadAllAccessors: .Scale

===========================================================================================
----------------- testing Wed Jul 10 00:55:11 UTC 2019 /home/travis/build/icyphy/ptII/ptolemy/actor/lib/test/auto/Scale2.xml
----------------- Instantiating /home/travis/build/icyphy/ptII/ptolemy/actor/lib/test/auto/Scale2.xml
1 ms. Memory: 703488K Free: 349776K (50%)
----------------- Invoking toplevel() on ptolemy.moml.MoMLSimpleApplication@5bdd5f65
----------------- Done invoking toplevel() on ptolemy.moml.MoMLSimpleApplication@5bdd5f65
reloadAllAccessors: .Scale2

===========================================================================================
----------------- testing Wed Jul 10 00:55:11 UTC 2019 /home/travis/build/icyphy/ptII/ptolemy/actor/lib/test/auto/Scale3.xml
----------------- Instantiating /home/travis/build/icyphy/ptII/ptolemy/actor/lib/test/auto/Scale3.xml
8 ms. Memory: 703488K Free: 343632K (49%)
----------------- Invoking toplevel() on ptolemy.moml.MoMLSimpleApplication@2c38066c
----------------- Done invoking toplevel() on ptolemy.moml.MoMLSimpleApplication@2c38066c
reloadAllAccessors: .Scale3

===========================================================================================
----------------- testing Wed Jul 10 00:55:11 UTC 2019 /home/travis/build/icyphy/ptII/ptolemy/actor/lib/test/auto/ScaleArray.xml
----------------- Instantiating /home/travis/build/icyphy/ptII/ptolemy/actor/lib/test/auto/ScaleArray.xml
3 ms. Memory: 703488K Free: 338512K (48%)
----------------- Invoking toplevel() on ptolemy.moml.MoMLSimpleApplication@1ae54d31
----------------- Done invoking toplevel() on ptolemy.moml.MoMLSimpleApplication@1ae54d31
reloadAllAccessors: .ScaleArray

===========================================================================================
----------------- testing Wed Jul 10 00:55:11 UTC 2019 /home/travis/build/icyphy/ptII/ptolemy/actor/lib/test/auto/ScaleArray2.xml
----------------- Instantiating /home/travis/build/icyphy/ptII/ptolemy/actor/lib/test/auto/ScaleArray2.xml
1 ms. Memory: 703488K Free: 333902K (47%)
----------------- Invoking toplevel() on ptolemy.moml.MoMLSimpleApplication@8f06c75
----------------- Done invoking toplevel() on ptolemy.moml.MoMLSimpleApplication@8f06c75
reloadAllAccessors: .ScaleArray2

===========================================================================================
----------------- testing Wed Jul 10 00:55:11 UTC 2019 /home/travis/build/icyphy/ptII/ptolemy/actor/lib/test/auto/ScaleMatrix.xml
----------------- Instantiating /home/travis/build/icyphy/ptII/ptolemy/actor/lib/test/auto/ScaleMatrix.xml
175 ms. Memory: 703488K Free: 319056K (45%)
----------------- Invoking toplevel() on ptolemy.moml.MoMLSimpleApplication@400a32a1
----------------- Done invoking toplevel() on ptolemy.moml.MoMLSimpleApplication@400a32a1
reloadAllAccessors: .ScaleMatrix

===========================================================================================
----------------- testing Wed Jul 10 00:55:12 UTC 2019 /home/travis/build/icyphy/ptII/ptolemy/actor/lib/test/auto/Select.xml
----------------- Instantiating /home/travis/build/icyphy/ptII/ptolemy/actor/lib/test/auto/Select.xml
2 ms. Memory: 703488K Free: 312912K (44%)
----------------- Invoking toplevel() on ptolemy.moml.MoMLSimpleApplication@5cc4e6e8
----------------- Done invoking toplevel() on ptolemy.moml.MoMLSimpleApplication@5cc4e6e8
reloadAllAccessors: .Select

===========================================================================================
----------------- testing Wed Jul 10 00:55:12 UTC 2019 /home/travis/build/icyphy/ptII/ptolemy/actor/lib/test/auto/Select2.xml
----------------- Instantiating /home/travis/build/icyphy/ptII/ptolemy/actor/lib/test/auto/Select2.xml
1 ms. Memory: 703488K Free: 307792K (44%)
----------------- Invoking toplevel() on ptolemy.moml.MoMLSimpleApplication@5c3ded46
----------------- Done invoking toplevel() on ptolemy.moml.MoMLSimpleApplication@5c3ded46
reloadAllAccessors: .Select2

===========================================================================================
----------------- testing Wed Jul 10 00:55:12 UTC 2019 /home/travis/build/icyphy/ptII/ptolemy/actor/lib/test/auto/SequenceToArray2.xml
----------------- Instantiating /home/travis/build/icyphy/ptII/ptolemy/actor/lib/test/auto/SequenceToArray2.xml
100 ms. Memory: 703488K Free: 283726K (40%)
----------------- Invoking toplevel() on ptolemy.moml.MoMLSimpleApplication@4f68c637
----------------- Done invoking toplevel() on ptolemy.moml.MoMLSimpleApplication@4f68c637
reloadAllAccessors: .SequenceToArray2

===========================================================================================
----------------- testing Wed Jul 10 00:55:12 UTC 2019 /home/travis/build/icyphy/ptII/ptolemy/actor/lib/test/auto/SequentialClock.xml
----------------- Instantiating /home/travis/build/icyphy/ptII/ptolemy/actor/lib/test/auto/SequentialClock.xml
1 ms. Memory: 703488K Free: 280144K (40%)
----------------- Invoking toplevel() on ptolemy.moml.MoMLSimpleApplication@464701af
----------------- Done invoking toplevel() on ptolemy.moml.MoMLSimpleApplication@464701af
reloadAllAccessors: .SequentialClock

===========================================================================================
----------------- testing Wed Jul 10 00:55:12 UTC 2019 /home/travis/build/icyphy/ptII/ptolemy/actor/lib/test/auto/SetVariable.xml
----------------- Instantiating /home/travis/build/icyphy/ptII/ptolemy/actor/lib/test/auto/SetVariable.xml
4 ms. Memory: 703488K Free: 275534K (39%)
----------------- Invoking toplevel() on ptolemy.moml.MoMLSimpleApplication@2623549c
----------------- Done invoking toplevel() on ptolemy.moml.MoMLSimpleApplication@2623549c
reloadAllAccessors: .SetVariable

===========================================================================================
----------------- testing Wed Jul 10 00:55:12 UTC 2019 /home/travis/build/icyphy/ptII/ptolemy/actor/lib/test/auto/SetVariable2.xml
----------------- Instantiating /home/travis/build/icyphy/ptII/ptolemy/actor/lib/test/auto/SetVariable2.xml
1 ms. Memory: 703488K Free: 269904K (38%)
----------------- Invoking toplevel() on ptolemy.moml.MoMLSimpleApplication@36d165c0
----------------- Done invoking toplevel() on ptolemy.moml.MoMLSimpleApplication@36d165c0
reloadAllAccessors: .SetVariable2

===========================================================================================
----------------- testing Wed Jul 10 00:55:12 UTC 2019 /home/travis/build/icyphy/ptII/ptolemy/actor/lib/test/auto/SetVariable3.xml
----------------- Instantiating /home/travis/build/icyphy/ptII/ptolemy/actor/lib/test/auto/SetVariable3.xml
7 ms. Memory: 703488K Free: 264784K (38%)
----------------- Invoking toplevel() on ptolemy.moml.MoMLSimpleApplication@121b1b96
----------------- Done invoking toplevel() on ptolemy.moml.MoMLSimpleApplication@121b1b96
reloadAllAccessors: .SetVariable3

===========================================================================================
----------------- testing Wed Jul 10 00:55:12 UTC 2019 /home/travis/build/icyphy/ptII/ptolemy/actor/lib/test/auto/SetVariable4.xml
----------------- Instantiating /home/travis/build/icyphy/ptII/ptolemy/actor/lib/test/auto/SetVariable4.xml
17 ms. Memory: 703488K Free: 255566K (36%)
----------------- Invoking toplevel() on ptolemy.moml.MoMLSimpleApplication@62652696
----------------- Done invoking toplevel() on ptolemy.moml.MoMLSimpleApplication@62652696
reloadAllAccessors: .SetVariable4

===========================================================================================
----------------- testing Wed Jul 10 00:55:12 UTC 2019 /home/travis/build/icyphy/ptII/ptolemy/actor/lib/test/auto/SetVariable5.xml
----------------- Instantiating /home/travis/build/icyphy/ptII/ptolemy/actor/lib/test/auto/SetVariable5.xml
11 ms. Memory: 703488K Free: 246352K (35%)
----------------- Invoking toplevel() on ptolemy.moml.MoMLSimpleApplication@4ea62be
----------------- Done invoking toplevel() on ptolemy.moml.MoMLSimpleApplication@4ea62be
reloadAllAccessors: .SetVariable5

===========================================================================================
----------------- testing Wed Jul 10 00:55:12 UTC 2019 /home/travis/build/icyphy/ptII/ptolemy/actor/lib/test/auto/Sinewave.xml
----------------- Instantiating /home/travis/build/icyphy/ptII/ptolemy/actor/lib/test/auto/Sinewave.xml
5 ms. Memory: 703488K Free: 235598K (33%)
----------------- Invoking toplevel() on ptolemy.moml.MoMLSimpleApplication@16c679dc
----------------- Done invoking toplevel() on ptolemy.moml.MoMLSimpleApplication@16c679dc
reloadAllAccessors: .Sinewave

===========================================================================================
----------------- testing Wed Jul 10 00:55:12 UTC 2019 /home/travis/build/icyphy/ptII/ptolemy/actor/lib/test/auto/Sinewave2.xml
----------------- Instantiating /home/travis/build/icyphy/ptII/ptolemy/actor/lib/test/auto/Sinewave2.xml
10 ms. Memory: 703488K Free: 642676K (91%)
----------------- Invoking toplevel() on ptolemy.moml.MoMLSimpleApplication@486e2eb1
----------------- Done invoking toplevel() on ptolemy.moml.MoMLSimpleApplication@486e2eb1
reloadAllAccessors: .Sinewave2

===========================================================================================
----------------- testing Wed Jul 10 00:55:12 UTC 2019 /home/travis/build/icyphy/ptII/ptolemy/actor/lib/test/auto/Sinewave3.xml
----------------- Instantiating /home/travis/build/icyphy/ptII/ptolemy/actor/lib/test/auto/Sinewave3.xml
8 ms. Memory: 703488K Free: 634454K (90%)
----------------- Invoking toplevel() on ptolemy.moml.MoMLSimpleApplication@1454022e
----------------- Done invoking toplevel() on ptolemy.moml.MoMLSimpleApplication@1454022e
reloadAllAccessors: .Sinewave3

===========================================================================================
----------------- testing Wed Jul 10 00:55:12 UTC 2019 /home/travis/build/icyphy/ptII/ptolemy/actor/lib/test/auto/SingleEvent.xml
----------------- Instantiating /home/travis/build/icyphy/ptII/ptolemy/actor/lib/test/auto/SingleEvent.xml
1 ms. Memory: 703488K Free: 629878K (90%)
----------------- Invoking toplevel() on ptolemy.moml.MoMLSimpleApplication@74676052
----------------- Done invoking toplevel() on ptolemy.moml.MoMLSimpleApplication@74676052
reloadAllAccessors: .SingleEvent

===========================================================================================
----------------- testing Wed Jul 10 00:55:12 UTC 2019 /home/travis/build/icyphy/ptII/ptolemy/actor/lib/test/auto/Sleep.xml
----------------- Instantiating /home/travis/build/icyphy/ptII/ptolemy/actor/lib/test/auto/Sleep.xml
6005 ms. Memory: 703488K Free: 624244K (89%)
----------------- Invoking toplevel() on ptolemy.moml.MoMLSimpleApplication@597ffba
----------------- Done invoking toplevel() on ptolemy.moml.MoMLSimpleApplication@597ffba
reloadAllAccessors: .Sleep

===========================================================================================
----------------- testing Wed Jul 10 00:55:18 UTC 2019 /home/travis/build/icyphy/ptII/ptolemy/actor/lib/test/auto/SleepMultipleFire.xml
----------------- Instantiating /home/travis/build/icyphy/ptII/ptolemy/actor/lib/test/auto/SleepMultipleFire.xml
1005 ms. Memory: 703488K Free: 618614K (88%)
----------------- Invoking toplevel() on ptolemy.moml.MoMLSimpleApplication@60539fca
----------------- Done invoking toplevel() on ptolemy.moml.MoMLSimpleApplication@60539fca
reloadAllAccessors: .SleepMultipleFire

===========================================================================================
----------------- testing Wed Jul 10 00:55:19 UTC 2019 /home/travis/build/icyphy/ptII/ptolemy/actor/lib/test/auto/StopDE.xml
----------------- Instantiating /home/travis/build/icyphy/ptII/ptolemy/actor/lib/test/auto/StopDE.xml
3 ms. Memory: 703488K Free: 612980K (87%)
----------------- Invoking toplevel() on ptolemy.moml.MoMLSimpleApplication@65fcfc50
----------------- Done invoking toplevel() on ptolemy.moml.MoMLSimpleApplication@65fcfc50
reloadAllAccessors: .StopDE

===========================================================================================
----------------- testing Wed Jul 10 00:55:19 UTC 2019 /home/travis/build/icyphy/ptII/ptolemy/actor/lib/test/auto/StopSDF.xml
----------------- Instantiating /home/travis/build/icyphy/ptII/ptolemy/actor/lib/test/auto/StopSDF.xml
2 ms. Memory: 703488K Free: 607350K (86%)
----------------- Invoking toplevel() on ptolemy.moml.MoMLSimpleApplication@258d0836
----------------- Done invoking toplevel() on ptolemy.moml.MoMLSimpleApplication@258d0836
reloadAllAccessors: .StopSDF

===========================================================================================
----------------- testing Wed Jul 10 00:55:19 UTC 2019 /home/travis/build/icyphy/ptII/ptolemy/actor/lib/test/auto/StringConstant.xml
----------------- Instantiating /home/travis/build/icyphy/ptII/ptolemy/actor/lib/test/auto/StringConstant.xml
11 ms. Memory: 703488K Free: 602737K (86%)
----------------- Invoking toplevel() on ptolemy.moml.MoMLSimpleApplication@30cee7b8
----------------- Done invoking toplevel() on ptolemy.moml.MoMLSimpleApplication@30cee7b8
reloadAllAccessors: .StringConstant

===========================================================================================
----------------- testing Wed Jul 10 00:55:19 UTC 2019 /home/travis/build/icyphy/ptII/ptolemy/actor/lib/test/auto/SubscriberPortInitialValues1.xml
----------------- Instantiating /home/travis/build/icyphy/ptII/ptolemy/actor/lib/test/auto/SubscriberPortInitialValues1.xml
11 ms. Memory: 703488K Free: 594038K (84%)
----------------- Invoking toplevel() on ptolemy.moml.MoMLSimpleApplication@b7664bd
----------------- Done invoking toplevel() on ptolemy.moml.MoMLSimpleApplication@b7664bd
reloadAllAccessors: .SubscriberPortInitialValues1

===========================================================================================
----------------- testing Wed Jul 10 00:55:19 UTC 2019 /home/travis/build/icyphy/ptII/ptolemy/actor/lib/test/auto/SubscriberPortInitialValues13.xml
----------------- Instantiating /home/travis/build/icyphy/ptII/ptolemy/actor/lib/test/auto/SubscriberPortInitialValues13.xml
6 ms. Memory: 703488K Free: 580212K (82%)
----------------- Invoking toplevel() on ptolemy.moml.MoMLSimpleApplication@404b5223
----------------- Done invoking toplevel() on ptolemy.moml.MoMLSimpleApplication@404b5223
reloadAllAccessors: .SubscriberPortInitialValues13

===========================================================================================
----------------- testing Wed Jul 10 00:55:19 UTC 2019 /home/travis/build/icyphy/ptII/ptolemy/actor/lib/test/auto/SubscriberPortInitialValues14.xml
----------------- Instantiating /home/travis/build/icyphy/ptII/ptolemy/actor/lib/test/auto/SubscriberPortInitialValues14.xml
6 ms. Memory: 703488K Free: 572534K (81%)
----------------- Invoking toplevel() on ptolemy.moml.MoMLSimpleApplication@244da0e7
----------------- Done invoking toplevel() on ptolemy.moml.MoMLSimpleApplication@244da0e7
reloadAllAccessors: .SubscriberPortInitialValues14

===========================================================================================
----------------- testing Wed Jul 10 00:55:19 UTC 2019 /home/travis/build/icyphy/ptII/ptolemy/actor/lib/test/auto/SubscriberPortInitialValues2.xml
----------------- Instantiating /home/travis/build/icyphy/ptII/ptolemy/actor/lib/test/auto/SubscriberPortInitialValues2.xml
4 ms. Memory: 703488K Free: 564852K (80%)
----------------- Invoking toplevel() on ptolemy.moml.MoMLSimpleApplication@77289a8c
----------------- Done invoking toplevel() on ptolemy.moml.MoMLSimpleApplication@77289a8c
reloadAllAccessors: .SubscriberPortInitialValues2

===========================================================================================
----------------- testing Wed Jul 10 00:55:19 UTC 2019 /home/travis/build/icyphy/ptII/ptolemy/actor/lib/test/auto/SubscriberPortInitialValues3.xml
----------------- Instantiating /home/travis/build/icyphy/ptII/ptolemy/actor/lib/test/auto/SubscriberPortInitialValues3.xml
4 ms. Memory: 703488K Free: 553588K (79%)
----------------- Invoking toplevel() on ptolemy.moml.MoMLSimpleApplication@26fdc026
----------------- Done invoking toplevel() on ptolemy.moml.MoMLSimpleApplication@26fdc026
reloadAllAccessors: .SubscriberPortInitialValues3

===========================================================================================
----------------- testing Wed Jul 10 00:55:19 UTC 2019 /home/travis/build/icyphy/ptII/ptolemy/actor/lib/test/auto/SubscriptionAggregator.xml
----------------- Instantiating /home/travis/build/icyphy/ptII/ptolemy/actor/lib/test/auto/SubscriptionAggregator.xml
3 ms. Memory: 703488K Free: 546934K (78%)
----------------- Invoking toplevel() on ptolemy.moml.MoMLSimpleApplication@6862b8fc
----------------- Done invoking toplevel() on ptolemy.moml.MoMLSimpleApplication@6862b8fc
reloadAllAccessors: .SubscriptionAggregator

===========================================================================================
----------------- testing Wed Jul 10 00:55:19 UTC 2019 /home/travis/build/icyphy/ptII/ptolemy/actor/lib/test/auto/SubscriptionAggregator2.xml
----------------- Instantiating /home/travis/build/icyphy/ptII/ptolemy/actor/lib/test/auto/SubscriptionAggregator2.xml
2 ms. Memory: 703488K Free: 540270K (77%)
----------------- Invoking toplevel() on ptolemy.moml.MoMLSimpleApplication@ae3a14c
----------------- Done invoking toplevel() on ptolemy.moml.MoMLSimpleApplication@ae3a14c
reloadAllAccessors: .SubscriptionAggregator2

===========================================================================================
----------------- testing Wed Jul 10 00:55:19 UTC 2019 /home/travis/build/icyphy/ptII/ptolemy/actor/lib/test/auto/SubscriptionAggregator3.xml
----------------- Instantiating /home/travis/build/icyphy/ptII/ptolemy/actor/lib/test/auto/SubscriptionAggregator3.xml
4 ms. Memory: 703488K Free: 531060K (75%)
----------------- Invoking toplevel() on ptolemy.moml.MoMLSimpleApplication@1cc6b071
----------------- Done invoking toplevel() on ptolemy.moml.MoMLSimpleApplication@1cc6b071
reloadAllAccessors: .SubscriptionAggregator3

===========================================================================================
----------------- testing Wed Jul 10 00:55:19 UTC 2019 /home/travis/build/icyphy/ptII/ptolemy/actor/lib/test/auto/SubscriptionAggregatorMultiply.xml
----------------- Instantiating /home/travis/build/icyphy/ptII/ptolemy/actor/lib/test/auto/SubscriptionAggregatorMultiply.xml
15 ms. Memory: 703488K Free: 522358K (74%)
----------------- Invoking toplevel() on ptolemy.moml.MoMLSimpleApplication@1dfa06fa
----------------- Done invoking toplevel() on ptolemy.moml.MoMLSimpleApplication@1dfa06fa
reloadAllAccessors: .SubscriptionAggregatorMultiply

===========================================================================================
----------------- testing Wed Jul 10 00:55:19 UTC 2019 /home/travis/build/icyphy/ptII/ptolemy/actor/lib/test/auto/SubscriptionAggregatorPortMultiply1.xml
----------------- Instantiating /home/travis/build/icyphy/ptII/ptolemy/actor/lib/test/auto/SubscriptionAggregatorPortMultiply1.xml
4 ms. Memory: 703488K Free: 514166K (73%)
----------------- Invoking toplevel() on ptolemy.moml.MoMLSimpleApplication@19794bcb
----------------- Done invoking toplevel() on ptolemy.moml.MoMLSimpleApplication@19794bcb
reloadAllAccessors: .SubscriptionAggregatorPortMultiply1

===========================================================================================
----------------- testing Wed Jul 10 00:55:19 UTC 2019 /home/travis/build/icyphy/ptII/ptolemy/actor/lib/test/auto/Switch.xml
----------------- Instantiating /home/travis/build/icyphy/ptII/ptolemy/actor/lib/test/auto/Switch.xml
10 ms. Memory: 703488K Free: 505460K (72%)
----------------- Invoking toplevel() on ptolemy.moml.MoMLSimpleApplication@34825671
----------------- Done invoking toplevel() on ptolemy.moml.MoMLSimpleApplication@34825671
reloadAllAccessors: .Switch

===========================================================================================
----------------- testing Wed Jul 10 00:55:19 UTC 2019 /home/travis/build/icyphy/ptII/ptolemy/actor/lib/test/auto/Switch2.xml
----------------- Instantiating /home/travis/build/icyphy/ptII/ptolemy/actor/lib/test/auto/Switch2.xml
1 ms. Memory: 703488K Free: 500854K (71%)
----------------- Invoking toplevel() on ptolemy.moml.MoMLSimpleApplication@5c31b420
----------------- Done invoking toplevel() on ptolemy.moml.MoMLSimpleApplication@5c31b420
reloadAllAccessors: .Switch2

===========================================================================================
----------------- testing Wed Jul 10 00:55:19 UTC 2019 /home/travis/build/icyphy/ptII/ptolemy/actor/lib/test/auto/SwitchDE.xml
----------------- Instantiating /home/travis/build/icyphy/ptII/ptolemy/actor/lib/test/auto/SwitchDE.xml
4 ms. Memory: 703488K Free: 494710K (70%)
----------------- Invoking toplevel() on ptolemy.moml.MoMLSimpleApplication@3ec8f3dc
----------------- Done invoking toplevel() on ptolemy.moml.MoMLSimpleApplication@3ec8f3dc
reloadAllAccessors: .SwitchDE

===========================================================================================
----------------- testing Wed Jul 10 00:55:19 UTC 2019 /home/travis/build/icyphy/ptII/ptolemy/actor/lib/test/auto/SynchronizerDE.xml
----------------- Instantiating /home/travis/build/icyphy/ptII/ptolemy/actor/lib/test/auto/SynchronizerDE.xml
8 ms. Memory: 703488K Free: 485974K (69%)
----------------- Invoking toplevel() on ptolemy.moml.MoMLSimpleApplication@4b894e2a
----------------- Done invoking toplevel() on ptolemy.moml.MoMLSimpleApplication@4b894e2a
reloadAllAccessors: .SynchronizerDE

===========================================================================================
----------------- testing Wed Jul 10 00:55:20 UTC 2019 /home/travis/build/icyphy/ptII/ptolemy/actor/lib/test/auto/Test.xml
----------------- Instantiating /home/travis/build/icyphy/ptII/ptolemy/actor/lib/test/auto/Test.xml
11 ms. Memory: 703488K Free: 480878K (68%)
----------------- Invoking toplevel() on ptolemy.moml.MoMLSimpleApplication@850ef94
----------------- Done invoking toplevel() on ptolemy.moml.MoMLSimpleApplication@850ef94
reloadAllAccessors: .Test

===========================================================================================
----------------- testing Wed Jul 10 00:55:20 UTC 2019 /home/travis/build/icyphy/ptII/ptolemy/actor/lib/test/auto/TestExceptionAttribute1.xml
----------------- Instantiating /home/travis/build/icyphy/ptII/ptolemy/actor/lib/test/auto/TestExceptionAttribute1.xml
1 ms. Memory: 703488K Free: 477302K (68%)
----------------- Invoking toplevel() on ptolemy.moml.MoMLSimpleApplication@5b6a62e8
----------------- Done invoking toplevel() on ptolemy.moml.MoMLSimpleApplication@5b6a62e8
reloadAllAccessors: .TestExceptionAttribute1

===========================================================================================
----------------- testing Wed Jul 10 00:55:20 UTC 2019 /home/travis/build/icyphy/ptII/ptolemy/actor/lib/test/auto/TestExceptionAttribute2.xml
----------------- Instantiating /home/travis/build/icyphy/ptII/ptolemy/actor/lib/test/auto/TestExceptionAttribute2.xml
1 ms. Memory: 703488K Free: 473206K (67%)
----------------- Invoking toplevel() on ptolemy.moml.MoMLSimpleApplication@4b8f2f71
----------------- Done invoking toplevel() on ptolemy.moml.MoMLSimpleApplication@4b8f2f71
reloadAllAccessors: .TestExceptionAttribute2

===========================================================================================
----------------- testing Wed Jul 10 00:55:20 UTC 2019 /home/travis/build/icyphy/ptII/ptolemy/actor/lib/test/auto/TestExceptionAttribute3.xml
----------------- Instantiating /home/travis/build/icyphy/ptII/ptolemy/actor/lib/test/auto/TestExceptionAttribute3.xml
.TestExceptionAttribute3.TestExceptionAttribute: initialize() was not invoked, but wrapup() was.  This is unusual, but not always a problem.  For example, exporting JNLP will do this.
1 ms. Memory: 703488K Free: 469620K (67%)
----------------- Invoking toplevel() on ptolemy.moml.MoMLSimpleApplication@5a2fa5db
----------------- Done invoking toplevel() on ptolemy.moml.MoMLSimpleApplication@5a2fa5db
reloadAllAccessors: .TestExceptionAttribute3

===========================================================================================
----------------- testing Wed Jul 10 00:55:20 UTC 2019 /home/travis/build/icyphy/ptII/ptolemy/actor/lib/test/auto/TestExceptionAttribute4.xml
----------------- Instantiating /home/travis/build/icyphy/ptII/ptolemy/actor/lib/test/auto/TestExceptionAttribute4.xml
.TestExceptionAttribute4.TestExceptionAttribute: initialize() was not invoked, but wrapup() was.  This is unusual, but not always a problem.  For example, exporting JNLP will do this.
.TestExceptionAttribute4.TestExceptionAttribute2: initialize() was not invoked, but wrapup() was.  This is unusual, but not always a problem.  For example, exporting JNLP will do this.
1 ms. Memory: 703488K Free: 465524K (66%)
----------------- Invoking toplevel() on ptolemy.moml.MoMLSimpleApplication@17828871
----------------- Done invoking toplevel() on ptolemy.moml.MoMLSimpleApplication@17828871
reloadAllAccessors: .TestExceptionAttribute4

===========================================================================================
----------------- testing Wed Jul 10 00:55:20 UTC 2019 /home/travis/build/icyphy/ptII/ptolemy/actor/lib/test/auto/TestExceptionHandler1.xml
----------------- Instantiating /home/travis/build/icyphy/ptII/ptolemy/actor/lib/test/auto/TestExceptionHandler1.xml
1 ms. Memory: 703488K Free: 461428K (66%)
----------------- Invoking toplevel() on ptolemy.moml.MoMLSimpleApplication@1c4afd95
----------------- Done invoking toplevel() on ptolemy.moml.MoMLSimpleApplication@1c4afd95
reloadAllAccessors: .TestExceptionHandler1

===========================================================================================
----------------- testing Wed Jul 10 00:55:20 UTC 2019 /home/travis/build/icyphy/ptII/ptolemy/actor/lib/test/auto/TestExceptionHandler2.xml
----------------- Instantiating /home/travis/build/icyphy/ptII/ptolemy/actor/lib/test/auto/TestExceptionHandler2.xml
1 ms. Memory: 703488K Free: 457846K (65%)
----------------- Invoking toplevel() on ptolemy.moml.MoMLSimpleApplication@1f3f44a7
----------------- Done invoking toplevel() on ptolemy.moml.MoMLSimpleApplication@1f3f44a7
reloadAllAccessors: .TestExceptionHandler2

===========================================================================================
----------------- testing Wed Jul 10 00:55:20 UTC 2019 /home/travis/build/icyphy/ptII/ptolemy/actor/lib/test/auto/TestExceptionHandler3.xml
----------------- Instantiating /home/travis/build/icyphy/ptII/ptolemy/actor/lib/test/auto/TestExceptionHandler3.xml
0 ms. Memory: 703488K Free: 454260K (65%)
----------------- Invoking toplevel() on ptolemy.moml.MoMLSimpleApplication@5583b005
----------------- Done invoking toplevel() on ptolemy.moml.MoMLSimpleApplication@5583b005
reloadAllAccessors: .TestExceptionHandler3

===========================================================================================
----------------- testing Wed Jul 10 00:55:20 UTC 2019 /home/travis/build/icyphy/ptII/ptolemy/actor/lib/test/auto/TestExceptionHandler4.xml
----------------- Instantiating /home/travis/build/icyphy/ptII/ptolemy/actor/lib/test/auto/TestExceptionHandler4.xml
1 ms. Memory: 703488K Free: 449654K (64%)
----------------- Invoking toplevel() on ptolemy.moml.MoMLSimpleApplication@736011bc
----------------- Done invoking toplevel() on ptolemy.moml.MoMLSimpleApplication@736011bc
reloadAllAccessors: .TestExceptionHandler4

===========================================================================================
----------------- testing Wed Jul 10 00:55:20 UTC 2019 /home/travis/build/icyphy/ptII/ptolemy/actor/lib/test/auto/TestRequireCorrectOrder.xml
----------------- Instantiating /home/travis/build/icyphy/ptII/ptolemy/actor/lib/test/auto/TestRequireCorrectOrder.xml
6 ms. Memory: 703488K Free: 444534K (63%)
----------------- Invoking toplevel() on ptolemy.moml.MoMLSimpleApplication@7aba517a
----------------- Done invoking toplevel() on ptolemy.moml.MoMLSimpleApplication@7aba517a
reloadAllAccessors: .TestRequireCorrectOrder

===========================================================================================
----------------- testing Wed Jul 10 00:55:20 UTC 2019 /home/travis/build/icyphy/ptII/ptolemy/actor/lib/test/auto/TestSimple.xml
----------------- Instantiating /home/travis/build/icyphy/ptII/ptolemy/actor/lib/test/auto/TestSimple.xml
2 ms. Memory: 703488K Free: 439918K (63%)
----------------- Invoking toplevel() on ptolemy.moml.MoMLSimpleApplication@78c71064
----------------- Done invoking toplevel() on ptolemy.moml.MoMLSimpleApplication@78c71064
reloadAllAccessors: .TestSimple

===========================================================================================
----------------- testing Wed Jul 10 00:55:20 UTC 2019 /home/travis/build/icyphy/ptII/ptolemy/actor/lib/test/auto/ThrowModelError.xml
----------------- Instantiating /home/travis/build/icyphy/ptII/ptolemy/actor/lib/test/auto/ThrowModelError.xml
2 ms. Memory: 703488K Free: 434804K (62%)
----------------- Invoking toplevel() on ptolemy.moml.MoMLSimpleApplication@8e0dfce
----------------- Done invoking toplevel() on ptolemy.moml.MoMLSimpleApplication@8e0dfce
reloadAllAccessors: .ThrowModelError

===========================================================================================
----------------- testing Wed Jul 10 00:55:20 UTC 2019 /home/travis/build/icyphy/ptII/ptolemy/actor/lib/test/auto/TimeDelayMicrosteps.xml
----------------- Instantiating /home/travis/build/icyphy/ptII/ptolemy/actor/lib/test/auto/TimeDelayMicrosteps.xml
4 ms. Memory: 703488K Free: 428150K (61%)
----------------- Invoking toplevel() on ptolemy.moml.MoMLSimpleApplication@311ecc1b
----------------- Done invoking toplevel() on ptolemy.moml.MoMLSimpleApplication@311ecc1b
reloadAllAccessors: .TimeDelayMicrosteps

===========================================================================================
----------------- testing Wed Jul 10 00:55:20 UTC 2019 /home/travis/build/icyphy/ptII/ptolemy/actor/lib/test/auto/TimeDelayMicrosteps2.xml
----------------- Instantiating /home/travis/build/icyphy/ptII/ptolemy/actor/lib/test/auto/TimeDelayMicrosteps2.xml
3 ms. Memory: 703488K Free: 420454K (60%)
----------------- Invoking toplevel() on ptolemy.moml.MoMLSimpleApplication@40cefeaa
----------------- Done invoking toplevel() on ptolemy.moml.MoMLSimpleApplication@40cefeaa
reloadAllAccessors: .TimeDelayMicrosteps2

===========================================================================================
----------------- testing Wed Jul 10 00:55:20 UTC 2019 /home/travis/build/icyphy/ptII/ptolemy/actor/lib/test/auto/TimeDelayMicrosteps3.xml
----------------- Instantiating /home/travis/build/icyphy/ptII/ptolemy/actor/lib/test/auto/TimeDelayMicrosteps3.xml
2 ms. Memory: 703488K Free: 414310K (59%)
----------------- Invoking toplevel() on ptolemy.moml.MoMLSimpleApplication@158ddf47
----------------- Done invoking toplevel() on ptolemy.moml.MoMLSimpleApplication@158ddf47
reloadAllAccessors: .TimeDelayMicrosteps3

===========================================================================================
----------------- testing Wed Jul 10 00:55:20 UTC 2019 /home/travis/build/icyphy/ptII/ptolemy/actor/lib/test/auto/TimeDelayVariableMicrosteps.xml
----------------- Instantiating /home/travis/build/icyphy/ptII/ptolemy/actor/lib/test/auto/TimeDelayVariableMicrosteps.xml
6 ms. Memory: 703488K Free: 407156K (58%)
----------------- Invoking toplevel() on ptolemy.moml.MoMLSimpleApplication@7290329e
----------------- Done invoking toplevel() on ptolemy.moml.MoMLSimpleApplication@7290329e
reloadAllAccessors: .TimeDelayVariableMicrosteps

===========================================================================================
----------------- testing Wed Jul 10 00:55:20 UTC 2019 /home/travis/build/icyphy/ptII/ptolemy/actor/lib/test/auto/TimeGap.xml
----------------- Instantiating /home/travis/build/icyphy/ptII/ptolemy/actor/lib/test/auto/TimeGap.xml
3 ms. Memory: 703488K Free: 401526K (57%)
----------------- Invoking toplevel() on ptolemy.moml.MoMLSimpleApplication@27a09483
----------------- Done invoking toplevel() on ptolemy.moml.MoMLSimpleApplication@27a09483
reloadAllAccessors: .TimeGap

===========================================================================================
----------------- testing Wed Jul 10 00:55:20 UTC 2019 /home/travis/build/icyphy/ptII/ptolemy/actor/lib/test/auto/TimeGap2.xml
----------------- Instantiating /home/travis/build/icyphy/ptII/ptolemy/actor/lib/test/auto/TimeGap2.xml
2 ms. Memory: 703488K Free: 395878K (56%)
----------------- Invoking toplevel() on ptolemy.moml.MoMLSimpleApplication@6d662fc6
----------------- Done invoking toplevel() on ptolemy.moml.MoMLSimpleApplication@6d662fc6
reloadAllAccessors: .TimeGap2

===========================================================================================
----------------- testing Wed Jul 10 00:55:20 UTC 2019 /home/travis/build/icyphy/ptII/ptolemy/actor/lib/test/auto/TimedSinewave.xml
----------------- Instantiating /home/travis/build/icyphy/ptII/ptolemy/actor/lib/test/auto/TimedSinewave.xml
23 ms. Memory: 703488K Free: 381556K (54%)
----------------- Invoking toplevel() on ptolemy.moml.MoMLSimpleApplication@587f45a1
----------------- Done invoking toplevel() on ptolemy.moml.MoMLSimpleApplication@587f45a1
reloadAllAccessors: .TimedSinewave

===========================================================================================
----------------- testing Wed Jul 10 00:55:20 UTC 2019 /home/travis/build/icyphy/ptII/ptolemy/actor/lib/test/auto/TimedSinewavePhase.xml
----------------- Instantiating /home/travis/build/icyphy/ptII/ptolemy/actor/lib/test/auto/TimedSinewavePhase.xml
9 ms. Memory: 703488K Free: 371830K (53%)
----------------- Invoking toplevel() on ptolemy.moml.MoMLSimpleApplication@4f76fe36
----------------- Done invoking toplevel() on ptolemy.moml.MoMLSimpleApplication@4f76fe36
reloadAllAccessors: .TimedSinewavePhase

===========================================================================================
----------------- testing Wed Jul 10 00:55:20 UTC 2019 /home/travis/build/icyphy/ptII/ptolemy/actor/lib/test/auto/Timer.xml
----------------- Instantiating /home/travis/build/icyphy/ptII/ptolemy/actor/lib/test/auto/Timer.xml
4 ms. Memory: 703488K Free: 366182K (52%)
----------------- Invoking toplevel() on ptolemy.moml.MoMLSimpleApplication@54bff8f2
----------------- Done invoking toplevel() on ptolemy.moml.MoMLSimpleApplication@54bff8f2
reloadAllAccessors: .Timer

===========================================================================================
----------------- testing Wed Jul 10 00:55:20 UTC 2019 /home/travis/build/icyphy/ptII/ptolemy/actor/lib/test/auto/TriangularDistTestModel.xml
----------------- Instantiating /home/travis/build/icyphy/ptII/ptolemy/actor/lib/test/auto/TriangularDistTestModel.xml
2 ms. Memory: 703488K Free: 360022K (51%)
----------------- Invoking toplevel() on ptolemy.moml.MoMLSimpleApplication@5658e480
----------------- Done invoking toplevel() on ptolemy.moml.MoMLSimpleApplication@5658e480
reloadAllAccessors: .TriangularDistTestModel

===========================================================================================
----------------- testing Wed Jul 10 00:55:20 UTC 2019 /home/travis/build/icyphy/ptII/ptolemy/actor/lib/test/auto/TrigFunction.xml
----------------- Instantiating /home/travis/build/icyphy/ptII/ptolemy/actor/lib/test/auto/TrigFunction.xml
1 ms. Memory: 703488K Free: 355446K (51%)
----------------- Invoking toplevel() on ptolemy.moml.MoMLSimpleApplication@34fda99c
----------------- Done invoking toplevel() on ptolemy.moml.MoMLSimpleApplication@34fda99c
reloadAllAccessors: .TrigFunction

===========================================================================================
----------------- testing Wed Jul 10 00:55:20 UTC 2019 /home/travis/build/icyphy/ptII/ptolemy/actor/lib/test/auto/TrigFunctionDE.xml
----------------- Instantiating /home/travis/build/icyphy/ptII/ptolemy/actor/lib/test/auto/TrigFunctionDE.xml
2 ms. Memory: 703488K Free: 349302K (50%)
----------------- Invoking toplevel() on ptolemy.moml.MoMLSimpleApplication@7a54de61
----------------- Done invoking toplevel() on ptolemy.moml.MoMLSimpleApplication@7a54de61
reloadAllAccessors: .TrigFunctionDE

===========================================================================================
----------------- testing Wed Jul 10 00:55:20 UTC 2019 /home/travis/build/icyphy/ptII/ptolemy/actor/lib/test/auto/TrigFunctionInverse.xml
----------------- Instantiating /home/travis/build/icyphy/ptII/ptolemy/actor/lib/test/auto/TrigFunctionInverse.xml
3 ms. Memory: 703488K Free: 344182K (49%)
----------------- Invoking toplevel() on ptolemy.moml.MoMLSimpleApplication@7dd5654b
----------------- Done invoking toplevel() on ptolemy.moml.MoMLSimpleApplication@7dd5654b
reloadAllAccessors: .TrigFunctionInverse

===========================================================================================
----------------- testing Wed Jul 10 00:55:20 UTC 2019 /home/travis/build/icyphy/ptII/ptolemy/actor/lib/test/auto/TrigFunctionTan.xml
----------------- Instantiating /home/travis/build/icyphy/ptII/ptolemy/actor/lib/test/auto/TrigFunctionTan.xml
1 ms. Memory: 703488K Free: 340086K (48%)
----------------- Invoking toplevel() on ptolemy.moml.MoMLSimpleApplication@740ce7ee
----------------- Done invoking toplevel() on ptolemy.moml.MoMLSimpleApplication@740ce7ee
reloadAllAccessors: .TrigFunctionTan

===========================================================================================
----------------- testing Wed Jul 10 00:55:20 UTC 2019 /home/travis/build/icyphy/ptII/ptolemy/actor/lib/test/auto/TriggeredClock.xml
----------------- Instantiating /home/travis/build/icyphy/ptII/ptolemy/actor/lib/test/auto/TriggeredClock.xml
1 ms. Memory: 703488K Free: 334934K (48%)
----------------- Invoking toplevel() on ptolemy.moml.MoMLSimpleApplication@650367
----------------- Done invoking toplevel() on ptolemy.moml.MoMLSimpleApplication@650367
reloadAllAccessors: .TriggeredClock

===========================================================================================
----------------- testing Wed Jul 10 00:55:20 UTC 2019 /home/travis/build/icyphy/ptII/ptolemy/actor/lib/test/auto/URLDirectoryReader.xml
----------------- Instantiating /home/travis/build/icyphy/ptII/ptolemy/actor/lib/test/auto/URLDirectoryReader.xml
39 ms. Memory: 703488K Free: 326260K (46%)
----------------- Invoking toplevel() on ptolemy.moml.MoMLSimpleApplication@40fe6081
----------------- Done invoking toplevel() on ptolemy.moml.MoMLSimpleApplication@40fe6081
reloadAllAccessors: .URLDirectoryReader

===========================================================================================
----------------- testing Wed Jul 10 00:55:20 UTC 2019 /home/travis/build/icyphy/ptII/ptolemy/actor/lib/test/auto/URLDirectoryReader3.xml
----------------- Instantiating /home/travis/build/icyphy/ptII/ptolemy/actor/lib/test/auto/URLDirectoryReader3.xml
1075 ms. Memory: 703488K Free: 642764K (91%)
----------------- Invoking toplevel() on ptolemy.moml.MoMLSimpleApplication@4a565f41
----------------- Done invoking toplevel() on ptolemy.moml.MoMLSimpleApplication@4a565f41
reloadAllAccessors: .URLDirectoryReader3

===========================================================================================
----------------- testing Wed Jul 10 00:55:21 UTC 2019 /home/travis/build/icyphy/ptII/ptolemy/actor/lib/test/auto/UnaryMathFunction.xml
----------------- Instantiating /home/travis/build/icyphy/ptII/ptolemy/actor/lib/test/auto/UnaryMathFunction.xml
2 ms. Memory: 703488K Free: 634960K (90%)
----------------- Invoking toplevel() on ptolemy.moml.MoMLSimpleApplication@caf2e76
----------------- Done invoking toplevel() on ptolemy.moml.MoMLSimpleApplication@caf2e76
reloadAllAccessors: .UnaryMathFunction

===========================================================================================
----------------- testing Wed Jul 10 00:55:22 UTC 2019 /home/travis/build/icyphy/ptII/ptolemy/actor/lib/test/auto/Uniform.xml
----------------- Instantiating /home/travis/build/icyphy/ptII/ptolemy/actor/lib/test/auto/Uniform.xml
1 ms. Memory: 703488K Free: 629840K (90%)
----------------- Invoking toplevel() on ptolemy.moml.MoMLSimpleApplication@44d68cd7
----------------- Done invoking toplevel() on ptolemy.moml.MoMLSimpleApplication@44d68cd7
reloadAllAccessors: .Uniform

===========================================================================================
----------------- testing Wed Jul 10 00:55:22 UTC 2019 /home/travis/build/icyphy/ptII/ptolemy/actor/lib/test/auto/UnionDisassemblerTest.xml
----------------- Instantiating /home/travis/build/icyphy/ptII/ptolemy/actor/lib/test/auto/UnionDisassemblerTest.xml
12 ms. Memory: 703488K Free: 626254K (89%)
----------------- Invoking toplevel() on ptolemy.moml.MoMLSimpleApplication@75c1baea
----------------- Done invoking toplevel() on ptolemy.moml.MoMLSimpleApplication@75c1baea
reloadAllAccessors: .UnionDisassemblerTest

===========================================================================================
----------------- testing Wed Jul 10 00:55:22 UTC 2019 /home/travis/build/icyphy/ptII/ptolemy/actor/lib/test/auto/UtilityFunctions.xml
----------------- Instantiating /home/travis/build/icyphy/ptII/ptolemy/actor/lib/test/auto/UtilityFunctions.xml
1 ms. Memory: 703488K Free: 621648K (88%)
----------------- Invoking toplevel() on ptolemy.moml.MoMLSimpleApplication@6d86d60e
----------------- Done invoking toplevel() on ptolemy.moml.MoMLSimpleApplication@6d86d60e
reloadAllAccessors: .UtilityFunctions

===========================================================================================
----------------- testing Wed Jul 10 00:55:22 UTC 2019 /home/travis/build/icyphy/ptII/ptolemy/actor/lib/test/auto/VariableSleep.xml
----------------- Instantiating /home/travis/build/icyphy/ptII/ptolemy/actor/lib/test/auto/VariableSleep.xml
504 ms. Memory: 703488K Free: 616528K (88%)
----------------- Invoking toplevel() on ptolemy.moml.MoMLSimpleApplication@31c764a7
----------------- Done invoking toplevel() on ptolemy.moml.MoMLSimpleApplication@31c764a7
reloadAllAccessors: .VariableSleep

===========================================================================================
----------------- testing Wed Jul 10 00:55:22 UTC 2019 /home/travis/build/icyphy/ptII/ptolemy/actor/lib/test/auto/VectorAssemblerDisassemblerCT.xml
----------------- Instantiating /home/travis/build/icyphy/ptII/ptolemy/actor/lib/test/auto/VectorAssemblerDisassemblerCT.xml
75 ms. Memory: 703488K Free: 596558K (85%)
----------------- Invoking toplevel() on ptolemy.moml.MoMLSimpleApplication@45a6f203
----------------- Done invoking toplevel() on ptolemy.moml.MoMLSimpleApplication@45a6f203
reloadAllAccessors: .VectorAssemblerDisassemblerCT

===========================================================================================
----------------- testing Wed Jul 10 00:55:22 UTC 2019 /home/travis/build/icyphy/ptII/ptolemy/actor/lib/test/auto/VectorAssemblerDisassemblerDE.xml
----------------- Instantiating /home/travis/build/icyphy/ptII/ptolemy/actor/lib/test/auto/VectorAssemblerDisassemblerDE.xml
3 ms. Memory: 703488K Free: 588880K (84%)
----------------- Invoking toplevel() on ptolemy.moml.MoMLSimpleApplication@3412df01
----------------- Done invoking toplevel() on ptolemy.moml.MoMLSimpleApplication@3412df01
reloadAllAccessors: .VectorAssemblerDisassemblerDE

===========================================================================================
----------------- testing Wed Jul 10 00:55:22 UTC 2019 /home/travis/build/icyphy/ptII/ptolemy/actor/lib/test/auto/VectorAssemblerDisassemblerSDF.xml
----------------- Instantiating /home/travis/build/icyphy/ptII/ptolemy/actor/lib/test/auto/VectorAssemblerDisassemblerSDF.xml
2 ms. Memory: 703488K Free: 582736K (83%)
----------------- Invoking toplevel() on ptolemy.moml.MoMLSimpleApplication@726eb4c3
----------------- Done invoking toplevel() on ptolemy.moml.MoMLSimpleApplication@726eb4c3
reloadAllAccessors: .VectorAssemblerDisassemblerSDF

===========================================================================================
----------------- testing Wed Jul 10 00:55:22 UTC 2019 /home/travis/build/icyphy/ptII/ptolemy/actor/lib/test/auto/WallClockTime.xml
----------------- Instantiating /home/travis/build/icyphy/ptII/ptolemy/actor/lib/test/auto/WallClockTime.xml
1005 ms. Memory: 703488K Free: 577616K (82%)
----------------- Invoking toplevel() on ptolemy.moml.MoMLSimpleApplication@71c03858
----------------- Done invoking toplevel() on ptolemy.moml.MoMLSimpleApplication@71c03858
reloadAllAccessors: .WallClockTime

===========================================================================================
----------------- testing Wed Jul 10 00:55:23 UTC 2019 /home/travis/build/icyphy/ptII/ptolemy/actor/lib/test/auto/WidthTestWithSubscriberPublisher.xml
----------------- Instantiating /home/travis/build/icyphy/ptII/ptolemy/actor/lib/test/auto/WidthTestWithSubscriberPublisher.xml
7 ms. Memory: 703488K Free: 559694K (80%)
----------------- Invoking toplevel() on ptolemy.moml.MoMLSimpleApplication@471d2a8
----------------- Done invoking toplevel() on ptolemy.moml.MoMLSimpleApplication@471d2a8
reloadAllAccessors: .WidthTestWithSubscriberPublisher

===========================================================================================
----------------- testing Wed Jul 10 00:55:23 UTC 2019 /home/travis/build/icyphy/ptII/ptolemy/actor/lib/test/auto/WidthTestWithSubscriberPublisher2.xml
----------------- Instantiating /home/travis/build/icyphy/ptII/ptolemy/actor/lib/test/auto/WidthTestWithSubscriberPublisher2.xml
2 ms. Memory: 703488K Free: 553550K (79%)
----------------- Invoking toplevel() on ptolemy.moml.MoMLSimpleApplication@2d1e532b
----------------- Done invoking toplevel() on ptolemy.moml.MoMLSimpleApplication@2d1e532b
reloadAllAccessors: .WidthTestWithSubscriberPublisher2

===========================================================================================
----------------- testing Wed Jul 10 00:55:23 UTC 2019 /home/travis/build/icyphy/ptII/ptolemy/actor/lib/test/auto/WidthTestWithSubscriberPublisher3.xml
----------------- Instantiating /home/travis/build/icyphy/ptII/ptolemy/actor/lib/test/auto/WidthTestWithSubscriberPublisher3.xml
3 ms. Memory: 703488K Free: 547920K (78%)
----------------- Invoking toplevel() on ptolemy.moml.MoMLSimpleApplication@1c3d50f
----------------- Done invoking toplevel() on ptolemy.moml.MoMLSimpleApplication@1c3d50f
reloadAllAccessors: .WidthTestWithSubscriberPublisher3

===========================================================================================
----------------- testing Wed Jul 10 00:55:23 UTC 2019 /home/travis/build/icyphy/ptII/ptolemy/actor/lib/test/auto/Writer.xml
----------------- Instantiating /home/travis/build/icyphy/ptII/ptolemy/actor/lib/test/auto/Writer.xml
0
1
2
3
4
1 ms. Memory: 703488K Free: 542800K (77%)
----------------- Invoking toplevel() on ptolemy.moml.MoMLSimpleApplication@6d3cd4b1
----------------- Done invoking toplevel() on ptolemy.moml.MoMLSimpleApplication@6d3cd4b1
reloadAllAccessors: .Writer

===========================================================================================
----------------- testing Wed Jul 10 00:55:23 UTC 2019 /home/travis/build/icyphy/ptII/ptolemy/actor/lib/test/auto/array.xml
----------------- Instantiating /home/travis/build/icyphy/ptII/ptolemy/actor/lib/test/auto/array.xml
2 ms. Memory: 703488K Free: 537680K (76%)
----------------- Invoking toplevel() on ptolemy.moml.MoMLSimpleApplication@29b1e5ef
----------------- Done invoking toplevel() on ptolemy.moml.MoMLSimpleApplication@29b1e5ef
reloadAllAccessors: .array

===========================================================================================
----------------- testing Wed Jul 10 00:55:23 UTC 2019 /home/travis/build/icyphy/ptII/ptolemy/actor/lib/test/auto/array2.xml
----------------- Instantiating /home/travis/build/icyphy/ptII/ptolemy/actor/lib/test/auto/array2.xml
6 ms. Memory: 703488K Free: 533055K (76%)
----------------- Invoking toplevel() on ptolemy.moml.MoMLSimpleApplication@7446b183
----------------- Done invoking toplevel() on ptolemy.moml.MoMLSimpleApplication@7446b183
reloadAllAccessors: .array2

===========================================================================================
----------------- testing Wed Jul 10 00:55:23 UTC 2019 /home/travis/build/icyphy/ptII/ptolemy/actor/lib/test/auto/arrayType.xml
----------------- Instantiating /home/travis/build/icyphy/ptII/ptolemy/actor/lib/test/auto/arrayType.xml
2 ms. Memory: 703488K Free: 527950K (75%)
----------------- Invoking toplevel() on ptolemy.moml.MoMLSimpleApplication@1e52c1be
----------------- Done invoking toplevel() on ptolemy.moml.MoMLSimpleApplication@1e52c1be
reloadAllAccessors: .arrayType

===========================================================================================
----------------- testing Wed Jul 10 00:55:23 UTC 2019 /home/travis/build/icyphy/ptII/ptolemy/actor/lib/test/auto/arrayType10.xml
----------------- Instantiating /home/travis/build/icyphy/ptII/ptolemy/actor/lib/test/auto/arrayType10.xml
1 ms. Memory: 703488K Free: 522830K (74%)
----------------- Invoking toplevel() on ptolemy.moml.MoMLSimpleApplication@3539d7f9
----------------- Done invoking toplevel() on ptolemy.moml.MoMLSimpleApplication@3539d7f9
reloadAllAccessors: .arrayType10

===========================================================================================
----------------- testing Wed Jul 10 00:55:23 UTC 2019 /home/travis/build/icyphy/ptII/ptolemy/actor/lib/test/auto/arrayType11.xml
----------------- Instantiating /home/travis/build/icyphy/ptII/ptolemy/actor/lib/test/auto/arrayType11.xml
1 ms. Memory: 703488K Free: 518224K (74%)
----------------- Invoking toplevel() on ptolemy.moml.MoMLSimpleApplication@2db5602a
----------------- Done invoking toplevel() on ptolemy.moml.MoMLSimpleApplication@2db5602a
reloadAllAccessors: .arrayType11

===========================================================================================
----------------- testing Wed Jul 10 00:55:23 UTC 2019 /home/travis/build/icyphy/ptII/ptolemy/actor/lib/test/auto/arrayType12.xml
----------------- Instantiating /home/travis/build/icyphy/ptII/ptolemy/actor/lib/test/auto/arrayType12.xml
2 ms. Memory: 703488K Free: 513614K (73%)
----------------- Invoking toplevel() on ptolemy.moml.MoMLSimpleApplication@79387d72
----------------- Done invoking toplevel() on ptolemy.moml.MoMLSimpleApplication@79387d72
reloadAllAccessors: .arrayType12

===========================================================================================
----------------- testing Wed Jul 10 00:55:23 UTC 2019 /home/travis/build/icyphy/ptII/ptolemy/actor/lib/test/auto/arrayType13.xml
----------------- Instantiating /home/travis/build/icyphy/ptII/ptolemy/actor/lib/test/auto/arrayType13.xml
2 ms. Memory: 703488K Free: 507984K (72%)
----------------- Invoking toplevel() on ptolemy.moml.MoMLSimpleApplication@500a5746
----------------- Done invoking toplevel() on ptolemy.moml.MoMLSimpleApplication@500a5746
reloadAllAccessors: .arrayType13

===========================================================================================
----------------- testing Wed Jul 10 00:55:23 UTC 2019 /home/travis/build/icyphy/ptII/ptolemy/actor/lib/test/auto/arrayType14.xml
----------------- Instantiating /home/travis/build/icyphy/ptII/ptolemy/actor/lib/test/auto/arrayType14.xml
2 ms. Memory: 703488K Free: 502864K (71%)
----------------- Invoking toplevel() on ptolemy.moml.MoMLSimpleApplication@6c1566bc
----------------- Done invoking toplevel() on ptolemy.moml.MoMLSimpleApplication@6c1566bc
reloadAllAccessors: .arrayType14

===========================================================================================
----------------- testing Wed Jul 10 00:55:24 UTC 2019 /home/travis/build/icyphy/ptII/ptolemy/actor/lib/test/auto/arrayType15.xml
----------------- Instantiating /home/travis/build/icyphy/ptII/ptolemy/actor/lib/test/auto/arrayType15.xml
2 ms. Memory: 703488K Free: 497230K (71%)
----------------- Invoking toplevel() on ptolemy.moml.MoMLSimpleApplication@45da3021
----------------- Done invoking toplevel() on ptolemy.moml.MoMLSimpleApplication@45da3021
reloadAllAccessors: .arrayType15

===========================================================================================
----------------- testing Wed Jul 10 00:55:24 UTC 2019 /home/travis/build/icyphy/ptII/ptolemy/actor/lib/test/auto/arrayType16.xml
----------------- Instantiating /home/travis/build/icyphy/ptII/ptolemy/actor/lib/test/auto/arrayType16.xml
2 ms. Memory: 703488K Free: 492110K (70%)
----------------- Invoking toplevel() on ptolemy.moml.MoMLSimpleApplication@1a84f4f5
----------------- Done invoking toplevel() on ptolemy.moml.MoMLSimpleApplication@1a84f4f5
reloadAllAccessors: .arrayType16

===========================================================================================
----------------- testing Wed Jul 10 00:55:24 UTC 2019 /home/travis/build/icyphy/ptII/ptolemy/actor/lib/test/auto/arrayType17.xml
----------------- Instantiating /home/travis/build/icyphy/ptII/ptolemy/actor/lib/test/auto/arrayType17.xml
2 ms. Memory: 703488K Free: 486990K (69%)
----------------- Invoking toplevel() on ptolemy.moml.MoMLSimpleApplication@35569956
----------------- Done invoking toplevel() on ptolemy.moml.MoMLSimpleApplication@35569956
reloadAllAccessors: .arrayType17

===========================================================================================
----------------- testing Wed Jul 10 00:55:24 UTC 2019 /home/travis/build/icyphy/ptII/ptolemy/actor/lib/test/auto/arrayType18.xml
----------------- Instantiating /home/travis/build/icyphy/ptII/ptolemy/actor/lib/test/auto/arrayType18.xml
1 ms. Memory: 703488K Free: 481870K (68%)
----------------- Invoking toplevel() on ptolemy.moml.MoMLSimpleApplication@7518d241
----------------- Done invoking toplevel() on ptolemy.moml.MoMLSimpleApplication@7518d241
reloadAllAccessors: .arrayType18

===========================================================================================
----------------- testing Wed Jul 10 00:55:24 UTC 2019 /home/travis/build/icyphy/ptII/ptolemy/actor/lib/test/auto/arrayType19.xml
----------------- Instantiating /home/travis/build/icyphy/ptII/ptolemy/actor/lib/test/auto/arrayType19.xml
1 ms. Memory: 703488K Free: 477264K (68%)
----------------- Invoking toplevel() on ptolemy.moml.MoMLSimpleApplication@6703d8f5
----------------- Done invoking toplevel() on ptolemy.moml.MoMLSimpleApplication@6703d8f5
reloadAllAccessors: .arrayType19

===========================================================================================
----------------- testing Wed Jul 10 00:55:24 UTC 2019 /home/travis/build/icyphy/ptII/ptolemy/actor/lib/test/auto/arrayType2.xml
----------------- Instantiating /home/travis/build/icyphy/ptII/ptolemy/actor/lib/test/auto/arrayType2.xml
1 ms. Memory: 703488K Free: 472144K (67%)
----------------- Invoking toplevel() on ptolemy.moml.MoMLSimpleApplication@4d1a1bc5
----------------- Done invoking toplevel() on ptolemy.moml.MoMLSimpleApplication@4d1a1bc5
reloadAllAccessors: .arrayType2

===========================================================================================
----------------- testing Wed Jul 10 00:55:24 UTC 2019 /home/travis/build/icyphy/ptII/ptolemy/actor/lib/test/auto/arrayType20.xml
----------------- Instantiating /home/travis/build/icyphy/ptII/ptolemy/actor/lib/test/auto/arrayType20.xml
1 ms. Memory: 703488K Free: 467024K (66%)
----------------- Invoking toplevel() on ptolemy.moml.MoMLSimpleApplication@3da72d23
----------------- Done invoking toplevel() on ptolemy.moml.MoMLSimpleApplication@3da72d23
reloadAllAccessors: .arrayType20

===========================================================================================
----------------- testing Wed Jul 10 00:55:24 UTC 2019 /home/travis/build/icyphy/ptII/ptolemy/actor/lib/test/auto/arrayType21.xml
----------------- Instantiating /home/travis/build/icyphy/ptII/ptolemy/actor/lib/test/auto/arrayType21.xml
2 ms. Memory: 703488K Free: 462414K (66%)
----------------- Invoking toplevel() on ptolemy.moml.MoMLSimpleApplication@2c3053ce
----------------- Done invoking toplevel() on ptolemy.moml.MoMLSimpleApplication@2c3053ce
reloadAllAccessors: .arrayType21

===========================================================================================
----------------- testing Wed Jul 10 00:55:24 UTC 2019 /home/travis/build/icyphy/ptII/ptolemy/actor/lib/test/auto/arrayType22.xml
----------------- Instantiating /home/travis/build/icyphy/ptII/ptolemy/actor/lib/test/auto/arrayType22.xml
1 ms. Memory: 703488K Free: 457808K (65%)
----------------- Invoking toplevel() on ptolemy.moml.MoMLSimpleApplication@7862fdac
----------------- Done invoking toplevel() on ptolemy.moml.MoMLSimpleApplication@7862fdac
reloadAllAccessors: .arrayType22

===========================================================================================
----------------- testing Wed Jul 10 00:55:24 UTC 2019 /home/travis/build/icyphy/ptII/ptolemy/actor/lib/test/auto/arrayType23.xml
----------------- Instantiating /home/travis/build/icyphy/ptII/ptolemy/actor/lib/test/auto/arrayType23.xml
2 ms. Memory: 703488K Free: 452688K (64%)
----------------- Invoking toplevel() on ptolemy.moml.MoMLSimpleApplication@35b123bb
----------------- Done invoking toplevel() on ptolemy.moml.MoMLSimpleApplication@35b123bb
reloadAllAccessors: .arrayType23

===========================================================================================
----------------- testing Wed Jul 10 00:55:24 UTC 2019 /home/travis/build/icyphy/ptII/ptolemy/actor/lib/test/auto/arrayType24.xml
----------------- Instantiating /home/travis/build/icyphy/ptII/ptolemy/actor/lib/test/auto/arrayType24.xml
2 ms. Memory: 703488K Free: 448078K (64%)
----------------- Invoking toplevel() on ptolemy.moml.MoMLSimpleApplication@70c1cac2
----------------- Done invoking toplevel() on ptolemy.moml.MoMLSimpleApplication@70c1cac2
reloadAllAccessors: .arrayType24

===========================================================================================
----------------- testing Wed Jul 10 00:55:24 UTC 2019 /home/travis/build/icyphy/ptII/ptolemy/actor/lib/test/auto/arrayType25.xml
----------------- Instantiating /home/travis/build/icyphy/ptII/ptolemy/actor/lib/test/auto/arrayType25.xml
1 ms. Memory: 703488K Free: 442958K (63%)
----------------- Invoking toplevel() on ptolemy.moml.MoMLSimpleApplication@7e06fe12
----------------- Done invoking toplevel() on ptolemy.moml.MoMLSimpleApplication@7e06fe12
reloadAllAccessors: .arrayType25

===========================================================================================
----------------- testing Wed Jul 10 00:55:24 UTC 2019 /home/travis/build/icyphy/ptII/ptolemy/actor/lib/test/auto/arrayType26.xml
----------------- Instantiating /home/travis/build/icyphy/ptII/ptolemy/actor/lib/test/auto/arrayType26.xml
2 ms. Memory: 703488K Free: 437328K (62%)
----------------- Invoking toplevel() on ptolemy.moml.MoMLSimpleApplication@323affa1
----------------- Done invoking toplevel() on ptolemy.moml.MoMLSimpleApplication@323affa1
reloadAllAccessors: .arrayType26

===========================================================================================
----------------- testing Wed Jul 10 00:55:24 UTC 2019 /home/travis/build/icyphy/ptII/ptolemy/actor/lib/test/auto/arrayType27.xml
----------------- Instantiating /home/travis/build/icyphy/ptII/ptolemy/actor/lib/test/auto/arrayType27.xml
1 ms. Memory: 703488K Free: 432208K (61%)
----------------- Invoking toplevel() on ptolemy.moml.MoMLSimpleApplication@6aa90ad2
----------------- Done invoking toplevel() on ptolemy.moml.MoMLSimpleApplication@6aa90ad2
reloadAllAccessors: .arrayType27

===========================================================================================
----------------- testing Wed Jul 10 00:55:24 UTC 2019 /home/travis/build/icyphy/ptII/ptolemy/actor/lib/test/auto/arrayType28.xml
----------------- Instantiating /home/travis/build/icyphy/ptII/ptolemy/actor/lib/test/auto/arrayType28.xml
1 ms. Memory: 703488K Free: 426574K (61%)
----------------- Invoking toplevel() on ptolemy.moml.MoMLSimpleApplication@f2f82f2
----------------- Done invoking toplevel() on ptolemy.moml.MoMLSimpleApplication@f2f82f2
reloadAllAccessors: .arrayType28

===========================================================================================
----------------- testing Wed Jul 10 00:55:24 UTC 2019 /home/travis/build/icyphy/ptII/ptolemy/actor/lib/test/auto/arrayType3.xml
----------------- Instantiating /home/travis/build/icyphy/ptII/ptolemy/actor/lib/test/auto/arrayType3.xml
2 ms. Memory: 703488K Free: 421454K (60%)
----------------- Invoking toplevel() on ptolemy.moml.MoMLSimpleApplication@3530c187
----------------- Done invoking toplevel() on ptolemy.moml.MoMLSimpleApplication@3530c187
reloadAllAccessors: .arrayType3

===========================================================================================
----------------- testing Wed Jul 10 00:55:24 UTC 2019 /home/travis/build/icyphy/ptII/ptolemy/actor/lib/test/auto/arrayType4.xml
----------------- Instantiating /home/travis/build/icyphy/ptII/ptolemy/actor/lib/test/auto/arrayType4.xml
1 ms. Memory: 703488K Free: 416334K (59%)
----------------- Invoking toplevel() on ptolemy.moml.MoMLSimpleApplication@73517c52
----------------- Done invoking toplevel() on ptolemy.moml.MoMLSimpleApplication@73517c52
reloadAllAccessors: .arrayType4

===========================================================================================
----------------- testing Wed Jul 10 00:55:24 UTC 2019 /home/travis/build/icyphy/ptII/ptolemy/actor/lib/test/auto/arrayType5.xml
----------------- Instantiating /home/travis/build/icyphy/ptII/ptolemy/actor/lib/test/auto/arrayType5.xml
1 ms. Memory: 703488K Free: 410704K (58%)
----------------- Invoking toplevel() on ptolemy.moml.MoMLSimpleApplication@29a17177
----------------- Done invoking toplevel() on ptolemy.moml.MoMLSimpleApplication@29a17177
reloadAllAccessors: .arrayType5

===========================================================================================
----------------- testing Wed Jul 10 00:55:24 UTC 2019 /home/travis/build/icyphy/ptII/ptolemy/actor/lib/test/auto/arrayType6.xml
----------------- Instantiating /home/travis/build/icyphy/ptII/ptolemy/actor/lib/test/auto/arrayType6.xml
2 ms. Memory: 703488K Free: 406094K (58%)
----------------- Invoking toplevel() on ptolemy.moml.MoMLSimpleApplication@549afa47
----------------- Done invoking toplevel() on ptolemy.moml.MoMLSimpleApplication@549afa47
reloadAllAccessors: .arrayType6

===========================================================================================
----------------- testing Wed Jul 10 00:55:24 UTC 2019 /home/travis/build/icyphy/ptII/ptolemy/actor/lib/test/auto/arrayType7.xml
----------------- Instantiating /home/travis/build/icyphy/ptII/ptolemy/actor/lib/test/auto/arrayType7.xml
1 ms. Memory: 703488K Free: 400974K (57%)
----------------- Invoking toplevel() on ptolemy.moml.MoMLSimpleApplication@24eb43d6
----------------- Done invoking toplevel() on ptolemy.moml.MoMLSimpleApplication@24eb43d6
reloadAllAccessors: .arrayType7

===========================================================================================
----------------- testing Wed Jul 10 00:55:24 UTC 2019 /home/travis/build/icyphy/ptII/ptolemy/actor/lib/test/auto/arrayType8.xml
----------------- Instantiating /home/travis/build/icyphy/ptII/ptolemy/actor/lib/test/auto/arrayType8.xml
7 ms. Memory: 703488K Free: 396368K (56%)
----------------- Invoking toplevel() on ptolemy.moml.MoMLSimpleApplication@4a9772c6
----------------- Done invoking toplevel() on ptolemy.moml.MoMLSimpleApplication@4a9772c6
reloadAllAccessors: .arrayType8

===========================================================================================
----------------- testing Wed Jul 10 00:55:24 UTC 2019 /home/travis/build/icyphy/ptII/ptolemy/actor/lib/test/auto/arrayType9.xml
----------------- Instantiating /home/travis/build/icyphy/ptII/ptolemy/actor/lib/test/auto/arrayType9.xml
1 ms. Memory: 703488K Free: 391758K (56%)
----------------- Invoking toplevel() on ptolemy.moml.MoMLSimpleApplication@7c947e02
----------------- Done invoking toplevel() on ptolemy.moml.MoMLSimpleApplication@7c947e02
reloadAllAccessors: .arrayType9

===========================================================================================
----------------- testing Wed Jul 10 00:55:24 UTC 2019 /home/travis/build/icyphy/ptII/ptolemy/actor/lib/test/auto/cast.xml
----------------- Instantiating /home/travis/build/icyphy/ptII/ptolemy/actor/lib/test/auto/cast.xml
2 ms. Memory: 703488K Free: 386638K (55%)
----------------- Invoking toplevel() on ptolemy.moml.MoMLSimpleApplication@6e65befd
----------------- Done invoking toplevel() on ptolemy.moml.MoMLSimpleApplication@6e65befd
reloadAllAccessors: .cast

===========================================================================================
----------------- testing Wed Jul 10 00:55:24 UTC 2019 /home/travis/build/icyphy/ptII/ptolemy/actor/lib/test/auto/compositeMultiPort.xml
----------------- Instantiating /home/travis/build/icyphy/ptII/ptolemy/actor/lib/test/auto/compositeMultiPort.xml
5 ms. Memory: 703488K Free: 377936K (54%)
----------------- Invoking toplevel() on ptolemy.moml.MoMLSimpleApplication@799d3629
----------------- Done invoking toplevel() on ptolemy.moml.MoMLSimpleApplication@799d3629
reloadAllAccessors: .compositeMultiPort

===========================================================================================
----------------- testing Wed Jul 10 00:55:24 UTC 2019 /home/travis/build/icyphy/ptII/ptolemy/actor/lib/test/auto/expressionCastInference.xml
----------------- Instantiating /home/travis/build/icyphy/ptII/ptolemy/actor/lib/test/auto/expressionCastInference.xml
11 ms. Memory: 703488K Free: 372816K (53%)
----------------- Invoking toplevel() on ptolemy.moml.MoMLSimpleApplication@712b79c5
----------------- Done invoking toplevel() on ptolemy.moml.MoMLSimpleApplication@712b79c5
reloadAllAccessors: .expressionCastInference

===========================================================================================
----------------- testing Wed Jul 10 00:55:24 UTC 2019 /home/travis/build/icyphy/ptII/ptolemy/actor/lib/test/auto/expressionCastInference2.xml
----------------- Instantiating /home/travis/build/icyphy/ptII/ptolemy/actor/lib/test/auto/expressionCastInference2.xml
2 ms. Memory: 703488K Free: 368206K (52%)
----------------- Invoking toplevel() on ptolemy.moml.MoMLSimpleApplication@3a702263
----------------- Done invoking toplevel() on ptolemy.moml.MoMLSimpleApplication@3a702263
reloadAllAccessors: .expressionCastInference2

===========================================================================================
----------------- testing Wed Jul 10 00:55:24 UTC 2019 /home/travis/build/icyphy/ptII/ptolemy/actor/lib/test/auto/expressionInference.xml
----------------- Instantiating /home/travis/build/icyphy/ptII/ptolemy/actor/lib/test/auto/expressionInference.xml
1 ms. Memory: 703488K Free: 364110K (52%)
----------------- Invoking toplevel() on ptolemy.moml.MoMLSimpleApplication@4b61b3e1
----------------- Done invoking toplevel() on ptolemy.moml.MoMLSimpleApplication@4b61b3e1
reloadAllAccessors: .expressionInference

===========================================================================================
----------------- testing Wed Jul 10 00:55:24 UTC 2019 /home/travis/build/icyphy/ptII/ptolemy/actor/lib/test/auto/expression_bug.xml
----------------- Instantiating /home/travis/build/icyphy/ptII/ptolemy/actor/lib/test/auto/expression_bug.xml
2 ms. Memory: 703488K Free: 359504K (51%)
----------------- Invoking toplevel() on ptolemy.moml.MoMLSimpleApplication@74fa2fcd
----------------- Done invoking toplevel() on ptolemy.moml.MoMLSimpleApplication@74fa2fcd
reloadAllAccessors: .expression_bug

===========================================================================================
----------------- testing Wed Jul 10 00:55:24 UTC 2019 /home/travis/build/icyphy/ptII/ptolemy/actor/lib/test/auto/factorial.xml
----------------- Instantiating /home/travis/build/icyphy/ptII/ptolemy/actor/lib/test/auto/factorial.xml
35 ms. Memory: 703488K Free: 351312K (50%)
----------------- Invoking toplevel() on ptolemy.moml.MoMLSimpleApplication@ea2345a
----------------- Done invoking toplevel() on ptolemy.moml.MoMLSimpleApplication@ea2345a
reloadAllAccessors: .factorial

===========================================================================================
----------------- testing Wed Jul 10 00:55:24 UTC 2019 /home/travis/build/icyphy/ptII/ptolemy/actor/lib/test/auto/filterTest1.xml
----------------- Instantiating /home/travis/build/icyphy/ptII/ptolemy/actor/lib/test/auto/filterTest1.xml
3 ms. Memory: 703488K Free: 345168K (49%)
----------------- Invoking toplevel() on ptolemy.moml.MoMLSimpleApplication@2d2d7a01
----------------- Done invoking toplevel() on ptolemy.moml.MoMLSimpleApplication@2d2d7a01
reloadAllAccessors: .filterTest1

===========================================================================================
----------------- testing Wed Jul 10 00:55:24 UTC 2019 /home/travis/build/icyphy/ptII/ptolemy/actor/lib/test/auto/funcApplyInConst.xml
----------------- Instantiating /home/travis/build/icyphy/ptII/ptolemy/actor/lib/test/auto/funcApplyInConst.xml
1 ms. Memory: 703488K Free: 341582K (49%)
----------------- Invoking toplevel() on ptolemy.moml.MoMLSimpleApplication@66d93e03
----------------- Done invoking toplevel() on ptolemy.moml.MoMLSimpleApplication@66d93e03
reloadAllAccessors: .funcApplyInConst

===========================================================================================
----------------- testing Wed Jul 10 00:55:24 UTC 2019 /home/travis/build/icyphy/ptII/ptolemy/actor/lib/test/auto/funcApplyInExpr.xml
----------------- Instantiating /home/travis/build/icyphy/ptII/ptolemy/actor/lib/test/auto/funcApplyInExpr.xml
2 ms. Memory: 703488K Free: 337486K (48%)
----------------- Invoking toplevel() on ptolemy.moml.MoMLSimpleApplication@313f1cd0
----------------- Done invoking toplevel() on ptolemy.moml.MoMLSimpleApplication@313f1cd0
reloadAllAccessors: .funcApplyInExpr

===========================================================================================
----------------- testing Wed Jul 10 00:55:24 UTC 2019 /home/travis/build/icyphy/ptII/ptolemy/actor/lib/test/auto/function.xml
----------------- Instantiating /home/travis/build/icyphy/ptII/ptolemy/actor/lib/test/auto/function.xml
3 ms. Memory: 703488K Free: 332880K (47%)
----------------- Invoking toplevel() on ptolemy.moml.MoMLSimpleApplication@7aa024b9
----------------- Done invoking toplevel() on ptolemy.moml.MoMLSimpleApplication@7aa024b9
reloadAllAccessors: .function

===========================================================================================
----------------- testing Wed Jul 10 00:55:24 UTC 2019 /home/travis/build/icyphy/ptII/ptolemy/actor/lib/test/auto/function2.xml
----------------- Instantiating /home/travis/build/icyphy/ptII/ptolemy/actor/lib/test/auto/function2.xml
2 ms. Memory: 703488K Free: 328270K (47%)
----------------- Invoking toplevel() on ptolemy.moml.MoMLSimpleApplication@1600f093
----------------- Done invoking toplevel() on ptolemy.moml.MoMLSimpleApplication@1600f093
reloadAllAccessors: .function2

===========================================================================================
----------------- testing Wed Jul 10 00:55:24 UTC 2019 /home/travis/build/icyphy/ptII/ptolemy/actor/lib/test/auto/function3.xml
----------------- Instantiating /home/travis/build/icyphy/ptII/ptolemy/actor/lib/test/auto/function3.xml
2 ms. Memory: 703488K Free: 324174K (46%)
----------------- Invoking toplevel() on ptolemy.moml.MoMLSimpleApplication@2efa1f8c
----------------- Done invoking toplevel() on ptolemy.moml.MoMLSimpleApplication@2efa1f8c
reloadAllAccessors: .function3

===========================================================================================
----------------- testing Wed Jul 10 00:55:24 UTC 2019 /home/travis/build/icyphy/ptII/ptolemy/actor/lib/test/auto/functionClosureTest1.xml
----------------- Instantiating /home/travis/build/icyphy/ptII/ptolemy/actor/lib/test/auto/functionClosureTest1.xml
2 ms. Memory: 703488K Free: 319054K (45%)
----------------- Invoking toplevel() on ptolemy.moml.MoMLSimpleApplication@3dd7e556
----------------- Done invoking toplevel() on ptolemy.moml.MoMLSimpleApplication@3dd7e556
reloadAllAccessors: .functionClosureTest1

===========================================================================================
----------------- testing Wed Jul 10 00:55:24 UTC 2019 /home/travis/build/icyphy/ptII/ptolemy/actor/lib/test/auto/functionClosureTest2.xml
----------------- Instantiating /home/travis/build/icyphy/ptII/ptolemy/actor/lib/test/auto/functionClosureTest2.xml
1 ms. Memory: 703488K Free: 314448K (45%)
----------------- Invoking toplevel() on ptolemy.moml.MoMLSimpleApplication@79e6b79b
----------------- Done invoking toplevel() on ptolemy.moml.MoMLSimpleApplication@79e6b79b
reloadAllAccessors: .functionClosureTest2

===========================================================================================
----------------- testing Wed Jul 10 00:55:24 UTC 2019 /home/travis/build/icyphy/ptII/ptolemy/actor/lib/test/auto/functionClosureTest3.xml
----------------- Instantiating /home/travis/build/icyphy/ptII/ptolemy/actor/lib/test/auto/functionClosureTest3.xml
2 ms. Memory: 703488K Free: 309328K (44%)
----------------- Invoking toplevel() on ptolemy.moml.MoMLSimpleApplication@7c4b94dc
----------------- Done invoking toplevel() on ptolemy.moml.MoMLSimpleApplication@7c4b94dc
reloadAllAccessors: .functionClosureTest3

===========================================================================================
----------------- testing Wed Jul 10 00:55:24 UTC 2019 /home/travis/build/icyphy/ptII/ptolemy/actor/lib/test/auto/functionClosureTest4.xml
----------------- Instantiating /home/travis/build/icyphy/ptII/ptolemy/actor/lib/test/auto/functionClosureTest4.xml
6 ms. Memory: 703488K Free: 302670K (43%)
----------------- Invoking toplevel() on ptolemy.moml.MoMLSimpleApplication@64e8dc62
----------------- Done invoking toplevel() on ptolemy.moml.MoMLSimpleApplication@64e8dc62
reloadAllAccessors: .functionClosureTest4

===========================================================================================
----------------- testing Wed Jul 10 00:55:24 UTC 2019 /home/travis/build/icyphy/ptII/ptolemy/actor/lib/test/auto/functionClosureTest5.xml
----------------- Instantiating /home/travis/build/icyphy/ptII/ptolemy/actor/lib/test/auto/functionClosureTest5.xml
4 ms. Memory: 703488K Free: 297550K (42%)
----------------- Invoking toplevel() on ptolemy.moml.MoMLSimpleApplication@70eb13a1
----------------- Done invoking toplevel() on ptolemy.moml.MoMLSimpleApplication@70eb13a1
reloadAllAccessors: .functionClosureTest5

===========================================================================================
----------------- testing Wed Jul 10 00:55:24 UTC 2019 /home/travis/build/icyphy/ptII/ptolemy/actor/lib/test/auto/functionClosureTest6.xml
----------------- Instantiating /home/travis/build/icyphy/ptII/ptolemy/actor/lib/test/auto/functionClosureTest6.xml
2 ms. Memory: 703488K Free: 292430K (42%)
----------------- Invoking toplevel() on ptolemy.moml.MoMLSimpleApplication@ff053b4
----------------- Done invoking toplevel() on ptolemy.moml.MoMLSimpleApplication@ff053b4
reloadAllAccessors: .functionClosureTest6

===========================================================================================
----------------- testing Wed Jul 10 00:55:24 UTC 2019 /home/travis/build/icyphy/ptII/ptolemy/actor/lib/test/auto/functionsOnArcs.xml
----------------- Instantiating /home/travis/build/icyphy/ptII/ptolemy/actor/lib/test/auto/functionsOnArcs.xml
3 ms. Memory: 703488K Free: 287310K (41%)
----------------- Invoking toplevel() on ptolemy.moml.MoMLSimpleApplication@219a20ce
----------------- Done invoking toplevel() on ptolemy.moml.MoMLSimpleApplication@219a20ce
reloadAllAccessors: .functionsOnArcs

===========================================================================================
----------------- testing Wed Jul 10 00:55:24 UTC 2019 /home/travis/build/icyphy/ptII/ptolemy/actor/lib/test/auto/functionsOnArcsHOF.xml
----------------- Instantiating /home/travis/build/icyphy/ptII/ptolemy/actor/lib/test/auto/functionsOnArcsHOF.xml
3 ms. Memory: 703488K Free: 281166K (40%)
----------------- Invoking toplevel() on ptolemy.moml.MoMLSimpleApplication@1a0e5fac
----------------- Done invoking toplevel() on ptolemy.moml.MoMLSimpleApplication@1a0e5fac
reloadAllAccessors: .functionsOnArcsHOF

===========================================================================================
----------------- testing Wed Jul 10 00:55:24 UTC 2019 /home/travis/build/icyphy/ptII/ptolemy/actor/lib/test/auto/logic.xml
----------------- Instantiating /home/travis/build/icyphy/ptII/ptolemy/actor/lib/test/auto/logic.xml
1 ms. Memory: 703488K Free: 273998K (39%)
----------------- Invoking toplevel() on ptolemy.moml.MoMLSimpleApplication@62779345
----------------- Done invoking toplevel() on ptolemy.moml.MoMLSimpleApplication@62779345
reloadAllAccessors: .logic

===========================================================================================
----------------- testing Wed Jul 10 00:55:24 UTC 2019 /home/travis/build/icyphy/ptII/ptolemy/actor/lib/test/auto/matrixType.xml
----------------- Instantiating /home/travis/build/icyphy/ptII/ptolemy/actor/lib/test/auto/matrixType.xml
1 ms. Memory: 703488K Free: 269392K (38%)
----------------- Invoking toplevel() on ptolemy.moml.MoMLSimpleApplication@2eae9f25
----------------- Done invoking toplevel() on ptolemy.moml.MoMLSimpleApplication@2eae9f25
reloadAllAccessors: .matrixType

===========================================================================================
----------------- testing Wed Jul 10 00:55:24 UTC 2019 /home/travis/build/icyphy/ptII/ptolemy/actor/lib/test/auto/matrixType10.xml
----------------- Instantiating /home/travis/build/icyphy/ptII/ptolemy/actor/lib/test/auto/matrixType10.xml
1 ms. Memory: 703488K Free: 264272K (38%)
----------------- Invoking toplevel() on ptolemy.moml.MoMLSimpleApplication@5bca26bf
----------------- Done invoking toplevel() on ptolemy.moml.MoMLSimpleApplication@5bca26bf
reloadAllAccessors: .matrixType10

===========================================================================================
----------------- testing Wed Jul 10 00:55:24 UTC 2019 /home/travis/build/icyphy/ptII/ptolemy/actor/lib/test/auto/matrixType11.xml
----------------- Instantiating /home/travis/build/icyphy/ptII/ptolemy/actor/lib/test/auto/matrixType11.xml
1 ms. Memory: 703488K Free: 259662K (37%)
----------------- Invoking toplevel() on ptolemy.moml.MoMLSimpleApplication@42a4802a
----------------- Done invoking toplevel() on ptolemy.moml.MoMLSimpleApplication@42a4802a
reloadAllAccessors: .matrixType11

===========================================================================================
----------------- testing Wed Jul 10 00:55:24 UTC 2019 /home/travis/build/icyphy/ptII/ptolemy/actor/lib/test/auto/matrixType12.xml
----------------- Instantiating /home/travis/build/icyphy/ptII/ptolemy/actor/lib/test/auto/matrixType12.xml
1 ms. Memory: 703488K Free: 254542K (36%)
----------------- Invoking toplevel() on ptolemy.moml.MoMLSimpleApplication@3d2dcfaa
----------------- Done invoking toplevel() on ptolemy.moml.MoMLSimpleApplication@3d2dcfaa
reloadAllAccessors: .matrixType12

===========================================================================================
----------------- testing Wed Jul 10 00:55:24 UTC 2019 /home/travis/build/icyphy/ptII/ptolemy/actor/lib/test/auto/matrixType13.xml
----------------- Instantiating /home/travis/build/icyphy/ptII/ptolemy/actor/lib/test/auto/matrixType13.xml
2 ms. Memory: 703488K Free: 249936K (36%)
----------------- Invoking toplevel() on ptolemy.moml.MoMLSimpleApplication@5227f518
----------------- Done invoking toplevel() on ptolemy.moml.MoMLSimpleApplication@5227f518
reloadAllAccessors: .matrixType13

===========================================================================================
----------------- testing Wed Jul 10 00:55:24 UTC 2019 /home/travis/build/icyphy/ptII/ptolemy/actor/lib/test/auto/matrixType14.xml
----------------- Instantiating /home/travis/build/icyphy/ptII/ptolemy/actor/lib/test/auto/matrixType14.xml
1 ms. Memory: 703488K Free: 244302K (35%)
----------------- Invoking toplevel() on ptolemy.moml.MoMLSimpleApplication@706e0cc6
----------------- Done invoking toplevel() on ptolemy.moml.MoMLSimpleApplication@706e0cc6
reloadAllAccessors: .matrixType14

===========================================================================================
----------------- testing Wed Jul 10 00:55:24 UTC 2019 /home/travis/build/icyphy/ptII/ptolemy/actor/lib/test/auto/matrixType2.xml
----------------- Instantiating /home/travis/build/icyphy/ptII/ptolemy/actor/lib/test/auto/matrixType2.xml
1 ms. Memory: 703488K Free: 239696K (34%)
----------------- Invoking toplevel() on ptolemy.moml.MoMLSimpleApplication@491e64e6
----------------- Done invoking toplevel() on ptolemy.moml.MoMLSimpleApplication@491e64e6
reloadAllAccessors: .matrixType2

===========================================================================================
----------------- testing Wed Jul 10 00:55:24 UTC 2019 /home/travis/build/icyphy/ptII/ptolemy/actor/lib/test/auto/matrixType3.xml
----------------- Instantiating /home/travis/build/icyphy/ptII/ptolemy/actor/lib/test/auto/matrixType3.xml
3 ms. Memory: 703488K Free: 234576K (33%)
----------------- Invoking toplevel() on ptolemy.moml.MoMLSimpleApplication@40473d8c
----------------- Done invoking toplevel() on ptolemy.moml.MoMLSimpleApplication@40473d8c
reloadAllAccessors: .matrixType3

===========================================================================================
----------------- testing Wed Jul 10 00:55:24 UTC 2019 /home/travis/build/icyphy/ptII/ptolemy/actor/lib/test/auto/matrixType4.xml
----------------- Instantiating /home/travis/build/icyphy/ptII/ptolemy/actor/lib/test/auto/matrixType4.xml
1 ms. Memory: 703488K Free: 643152K (91%)
----------------- Invoking toplevel() on ptolemy.moml.MoMLSimpleApplication@267706bc
----------------- Done invoking toplevel() on ptolemy.moml.MoMLSimpleApplication@267706bc
reloadAllAccessors: .matrixType4

===========================================================================================
----------------- testing Wed Jul 10 00:55:24 UTC 2019 /home/travis/build/icyphy/ptII/ptolemy/actor/lib/test/auto/matrixType5.xml
----------------- Instantiating /home/travis/build/icyphy/ptII/ptolemy/actor/lib/test/auto/matrixType5.xml
1 ms. Memory: 703488K Free: 638032K (91%)
----------------- Invoking toplevel() on ptolemy.moml.MoMLSimpleApplication@1c7aca90
----------------- Done invoking toplevel() on ptolemy.moml.MoMLSimpleApplication@1c7aca90
reloadAllAccessors: .matrixType5

===========================================================================================
----------------- testing Wed Jul 10 00:55:24 UTC 2019 /home/travis/build/icyphy/ptII/ptolemy/actor/lib/test/auto/matrixType6.xml
----------------- Instantiating /home/travis/build/icyphy/ptII/ptolemy/actor/lib/test/auto/matrixType6.xml
1 ms. Memory: 703488K Free: 633422K (90%)
----------------- Invoking toplevel() on ptolemy.moml.MoMLSimpleApplication@1ef37559
----------------- Done invoking toplevel() on ptolemy.moml.MoMLSimpleApplication@1ef37559
reloadAllAccessors: .matrixType6

===========================================================================================
----------------- testing Wed Jul 10 00:55:24 UTC 2019 /home/travis/build/icyphy/ptII/ptolemy/actor/lib/test/auto/matrixType7.xml
----------------- Instantiating /home/travis/build/icyphy/ptII/ptolemy/actor/lib/test/auto/matrixType7.xml
1 ms. Memory: 703488K Free: 628302K (89%)
----------------- Invoking toplevel() on ptolemy.moml.MoMLSimpleApplication@47352fc
----------------- Done invoking toplevel() on ptolemy.moml.MoMLSimpleApplication@47352fc
reloadAllAccessors: .matrixType7

===========================================================================================
----------------- testing Wed Jul 10 00:55:25 UTC 2019 /home/travis/build/icyphy/ptII/ptolemy/actor/lib/test/auto/matrixType8.xml
----------------- Instantiating /home/travis/build/icyphy/ptII/ptolemy/actor/lib/test/auto/matrixType8.xml
1 ms. Memory: 703488K Free: 623696K (89%)
----------------- Invoking toplevel() on ptolemy.moml.MoMLSimpleApplication@5c989047
----------------- Done invoking toplevel() on ptolemy.moml.MoMLSimpleApplication@5c989047
reloadAllAccessors: .matrixType8

===========================================================================================
----------------- testing Wed Jul 10 00:55:25 UTC 2019 /home/travis/build/icyphy/ptII/ptolemy/actor/lib/test/auto/matrixType9.xml
----------------- Instantiating /home/travis/build/icyphy/ptII/ptolemy/actor/lib/test/auto/matrixType9.xml
1 ms. Memory: 703488K Free: 618576K (88%)
----------------- Invoking toplevel() on ptolemy.moml.MoMLSimpleApplication@241b9ca4
----------------- Done invoking toplevel() on ptolemy.moml.MoMLSimpleApplication@241b9ca4
reloadAllAccessors: .matrixType9

===========================================================================================
----------------- testing Wed Jul 10 00:55:25 UTC 2019 /home/travis/build/icyphy/ptII/ptolemy/actor/lib/test/auto/paraFunctest.xml
----------------- Instantiating /home/travis/build/icyphy/ptII/ptolemy/actor/lib/test/auto/paraFunctest.xml
2 ms. Memory: 703488K Free: 614975K (87%)
----------------- Invoking toplevel() on ptolemy.moml.MoMLSimpleApplication@3e490624
----------------- Done invoking toplevel() on ptolemy.moml.MoMLSimpleApplication@3e490624
reloadAllAccessors: .paraFunctest

===========================================================================================
----------------- testing Wed Jul 10 00:55:25 UTC 2019 /home/travis/build/icyphy/ptII/ptolemy/actor/lib/test/auto/paraFunctest2.xml
----------------- Instantiating /home/travis/build/icyphy/ptII/ptolemy/actor/lib/test/auto/paraFunctest2.xml
1 ms. Memory: 703488K Free: 609870K (87%)
----------------- Invoking toplevel() on ptolemy.moml.MoMLSimpleApplication@17be185b
----------------- Done invoking toplevel() on ptolemy.moml.MoMLSimpleApplication@17be185b
reloadAllAccessors: .paraFunctest2

===========================================================================================
----------------- testing Wed Jul 10 00:55:25 UTC 2019 /home/travis/build/icyphy/ptII/ptolemy/actor/lib/test/auto/parameterPassing.xml
----------------- Instantiating /home/travis/build/icyphy/ptII/ptolemy/actor/lib/test/auto/parameterPassing.xml
1 ms. Memory: 703488K Free: 605774K (86%)
----------------- Invoking toplevel() on ptolemy.moml.MoMLSimpleApplication@7943d5e3
----------------- Done invoking toplevel() on ptolemy.moml.MoMLSimpleApplication@7943d5e3
reloadAllAccessors: .parameterPassing

===========================================================================================
----------------- testing Wed Jul 10 00:55:25 UTC 2019 /home/travis/build/icyphy/ptII/ptolemy/actor/lib/test/auto/record.xml
----------------- Instantiating /home/travis/build/icyphy/ptII/ptolemy/actor/lib/test/auto/record.xml
3 ms. Memory: 703488K Free: 600654K (85%)
----------------- Invoking toplevel() on ptolemy.moml.MoMLSimpleApplication@6c5e043b
----------------- Done invoking toplevel() on ptolemy.moml.MoMLSimpleApplication@6c5e043b
reloadAllAccessors: .record

===========================================================================================
----------------- testing Wed Jul 10 00:55:25 UTC 2019 /home/travis/build/icyphy/ptII/ptolemy/actor/lib/test/auto/sizedarray1.xml
----------------- Instantiating /home/travis/build/icyphy/ptII/ptolemy/actor/lib/test/auto/sizedarray1.xml
1 ms. Memory: 703488K Free: 595534K (85%)
----------------- Invoking toplevel() on ptolemy.moml.MoMLSimpleApplication@45520d95
----------------- Done invoking toplevel() on ptolemy.moml.MoMLSimpleApplication@45520d95
reloadAllAccessors: .sizedarray1

===========================================================================================
----------------- testing Wed Jul 10 00:55:25 UTC 2019 /home/travis/build/icyphy/ptII/ptolemy/actor/lib/test/auto/sizedarray2.xml
----------------- Instantiating /home/travis/build/icyphy/ptII/ptolemy/actor/lib/test/auto/sizedarray2.xml
3 ms. Memory: 703488K Free: 589904K (84%)
----------------- Invoking toplevel() on ptolemy.moml.MoMLSimpleApplication@63425f3e
----------------- Done invoking toplevel() on ptolemy.moml.MoMLSimpleApplication@63425f3e
reloadAllAccessors: .sizedarray2

===========================================================================================
----------------- testing Wed Jul 10 00:55:25 UTC 2019 /home/travis/build/icyphy/ptII/ptolemy/actor/lib/test/auto/twoPublishers.xml
----------------- Instantiating /home/travis/build/icyphy/ptII/ptolemy/actor/lib/test/auto/twoPublishers.xml
2 ms. Memory: 703488K Free: 579135K (82%)
----------------- Invoking toplevel() on ptolemy.moml.MoMLSimpleApplication@5b349f27
----------------- Done invoking toplevel() on ptolemy.moml.MoMLSimpleApplication@5b349f27
reloadAllAccessors: .twoPublishers
AutoTests.java: About to close Vertx.
AutoTests.java: Vertx closed.
]]></system-out>
  <system-err><![CDATA[java.lang.RuntimeException: Execution failed
	at ptolemy.moml.MoMLSimpleApplication$UnloadThread.run(MoMLSimpleApplication.java:402)
Caused by: java.lang.RuntimeException: StringUtilities.exit() was called. Normally, we would exit here because Manager.exitAfterWrapup() was called.  However, because the ptolemy.ptII.exitAfterWrapup property is set, we throw this exception instead.
	at ptolemy.util.StringUtilities.exit(StringUtilities.java:363)
	at ptolemy.actor.Manager.wrapup(Manager.java:1531)
	at ptolemy.actor.Manager.execute(Manager.java:407)
	at ptolemy.actor.Manager.run(Manager.java:1263)
	at ptolemy.actor.Manager$PtolemyRunThread.run(Manager.java:1915)
Warning: '.top.test' is in training mode, set the trainingMode parameter to false before checking in
Warning: '.top.test' is in training mode, set the trainingMode parameter to false before checking in
Warning: '.top.test' is in training mode, set the trainingMode parameter to false before checking in
Warning: '.BooleanSwitch_RegressionTest_WrongTrainingValues.Test' is in training mode, set the trainingMode parameter to false before checking in
Warning: '.BooleanSwitch_RegressionTest_WrongTrainingValues.Test2' is in training mode, set the trainingMode parameter to false before checking in
Warning: '.BooleanSwitch_RegressionTest_WrongTrainingValues.Test2' The test produced 0 tokens.
Warning: '.top.testExceptionHandler' is in training mode, set the trainingMode parameter to false before checking in
java.lang.RuntimeException: Execution failed
	at ptolemy.moml.MoMLSimpleApplication$UnloadThread.run(MoMLSimpleApplication.java:402)
Caused by: ptolemy.kernel.util.IllegalActionException: PublisherPorts cannot be used at the top level, use a Publisher actor instead.
  in .PublisherPortToplevelSubscriber.PublisherPort
	at ptolemy.actor.PublisherPort.preinitialize(PublisherPort.java:403)
	at ptolemy.actor.CompositeActor.preinitialize(CompositeActor.java:1769)
	at ptolemy.actor.Manager.preinitializeAndResolveTypes(Manager.java:1040)
	at ptolemy.actor.Manager.initialize(Manager.java:710)
	at ptolemy.actor.Manager.execute(Manager.java:356)
	at ptolemy.actor.Manager.run(Manager.java:1263)
	at ptolemy.actor.Manager$PtolemyRunThread.run(Manager.java:1915)
java.lang.reflect.InvocationTargetException
	at java.base/jdk.internal.reflect.NativeConstructorAccessorImpl.newInstance0(Native Method)
	at java.base/jdk.internal.reflect.NativeConstructorAccessorImpl.newInstance(NativeConstructorAccessorImpl.java:62)
	at java.base/jdk.internal.reflect.DelegatingConstructorAccessorImpl.newInstance(DelegatingConstructorAccessorImpl.java:45)
	at java.base/java.lang.reflect.Constructor.newInstance(Constructor.java:490)
	at ptolemy.util.test.junit.AutoKnownFailedTests.RunModel(AutoKnownFailedTests.java:105)
	at java.base/jdk.internal.reflect.NativeMethodAccessorImpl.invoke0(Native Method)
	at java.base/jdk.internal.reflect.NativeMethodAccessorImpl.invoke(NativeMethodAccessorImpl.java:62)
	at java.base/jdk.internal.reflect.DelegatingMethodAccessorImpl.invoke(DelegatingMethodAccessorImpl.java:43)
	at java.base/java.lang.reflect.Method.invoke(Method.java:566)
	at org.junit.runners.model.FrameworkMethod$1.runReflectiveCall(FrameworkMethod.java:44)
	at org.junit.internal.runners.model.ReflectiveCallable.run(ReflectiveCallable.java:15)
	at org.junit.runners.model.FrameworkMethod.invokeExplosively(FrameworkMethod.java:41)
	at junitparams.internal.InvokeParameterisedMethod.evaluate(InvokeParameterisedMethod.java:102)
	at org.junit.internal.runners.statements.FailOnTimeout$1.run(FailOnTimeout.java:28)
Caused by: ptolemy.kernel.util.IllegalActionException: PublisherPorts cannot be used at the top level, use a Publisher actor instead.
  in .PublisherPortToplevelSubscriber.PublisherPort
	at ptolemy.actor.PublisherPort.preinitialize(PublisherPort.java:403)
	at ptolemy.actor.CompositeActor.preinitialize(CompositeActor.java:1769)
	at ptolemy.actor.Manager.preinitializeAndResolveTypes(Manager.java:1040)
	at ptolemy.actor.Manager.initialize(Manager.java:710)
	at ptolemy.actor.Manager.execute(Manager.java:356)
	at ptolemy.actor.Manager.run(Manager.java:1263)
	at ptolemy.actor.Manager$PtolemyRunThread.run(Manager.java:1915)
java.lang.RuntimeException: Execution failed
	at ptolemy.moml.MoMLSimpleApplication$UnloadThread.run(MoMLSimpleApplication.java:402)
Caused by: ptolemy.kernel.util.IllegalActionException: SubscriberPorts cannot be used at the top level, use a Subscriber actor instead.
  in .PublisherSubscriberPortToplevel.SubscriberPort
	at ptolemy.actor.SubscriberPort.preinitialize(SubscriberPort.java:328)
	at ptolemy.actor.CompositeActor.preinitialize(CompositeActor.java:1769)
	at ptolemy.actor.Manager.preinitializeAndResolveTypes(Manager.java:1040)
	at ptolemy.actor.Manager.initialize(Manager.java:710)
	at ptolemy.actor.Manager.execute(Manager.java:356)
	at ptolemy.actor.Manager.run(Manager.java:1263)
	at ptolemy.actor.Manager$PtolemyRunThread.run(Manager.java:1915)
java.lang.reflect.InvocationTargetException
	at java.base/jdk.internal.reflect.NativeConstructorAccessorImpl.newInstance0(Native Method)
	at java.base/jdk.internal.reflect.NativeConstructorAccessorImpl.newInstance(NativeConstructorAccessorImpl.java:62)
	at java.base/jdk.internal.reflect.DelegatingConstructorAccessorImpl.newInstance(DelegatingConstructorAccessorImpl.java:45)
	at java.base/java.lang.reflect.Constructor.newInstance(Constructor.java:490)
	at ptolemy.util.test.junit.AutoKnownFailedTests.RunModel(AutoKnownFailedTests.java:105)
	at java.base/jdk.internal.reflect.NativeMethodAccessorImpl.invoke0(Native Method)
	at java.base/jdk.internal.reflect.NativeMethodAccessorImpl.invoke(NativeMethodAccessorImpl.java:62)
	at java.base/jdk.internal.reflect.DelegatingMethodAccessorImpl.invoke(DelegatingMethodAccessorImpl.java:43)
	at java.base/java.lang.reflect.Method.invoke(Method.java:566)
	at org.junit.runners.model.FrameworkMethod$1.runReflectiveCall(FrameworkMethod.java:44)
	at org.junit.internal.runners.model.ReflectiveCallable.run(ReflectiveCallable.java:15)
	at org.junit.runners.model.FrameworkMethod.invokeExplosively(FrameworkMethod.java:41)
	at junitparams.internal.InvokeParameterisedMethod.evaluate(InvokeParameterisedMethod.java:102)
	at org.junit.internal.runners.statements.FailOnTimeout$1.run(FailOnTimeout.java:28)
Caused by: ptolemy.kernel.util.IllegalActionException: SubscriberPorts cannot be used at the top level, use a Subscriber actor instead.
  in .PublisherSubscriberPortToplevel.SubscriberPort
	at ptolemy.actor.SubscriberPort.preinitialize(SubscriberPort.java:328)
	at ptolemy.actor.CompositeActor.preinitialize(CompositeActor.java:1769)
	at ptolemy.actor.Manager.preinitializeAndResolveTypes(Manager.java:1040)
	at ptolemy.actor.Manager.initialize(Manager.java:710)
	at ptolemy.actor.Manager.execute(Manager.java:356)
	at ptolemy.actor.Manager.run(Manager.java:1263)
	at ptolemy.actor.Manager$PtolemyRunThread.run(Manager.java:1915)
java.lang.RuntimeException: Execution failed
	at ptolemy.moml.MoMLSimpleApplication$UnloadThread.run(MoMLSimpleApplication.java:402)
Caused by: ptolemy.kernel.util.IllegalActionException: SubscriptionAggregatorPorts cannot be used at the top level, use a SubscriptionAggregator actor instead.
  in .PublisherSubscriptionAggregatorPort.SubscriptionAggregatorPort
	at ptolemy.actor.SubscriptionAggregatorPort.preinitialize(SubscriptionAggregatorPort.java:353)
	at ptolemy.actor.CompositeActor.preinitialize(CompositeActor.java:1769)
	at ptolemy.actor.Manager.preinitializeAndResolveTypes(Manager.java:1040)
	at ptolemy.actor.Manager.initialize(Manager.java:710)
	at ptolemy.actor.Manager.execute(Manager.java:356)
	at ptolemy.actor.Manager.run(Manager.java:1263)
	at ptolemy.actor.Manager$PtolemyRunThread.run(Manager.java:1915)
java.lang.reflect.InvocationTargetException
	at java.base/jdk.internal.reflect.NativeConstructorAccessorImpl.newInstance0(Native Method)
	at java.base/jdk.internal.reflect.NativeConstructorAccessorImpl.newInstance(NativeConstructorAccessorImpl.java:62)
	at java.base/jdk.internal.reflect.DelegatingConstructorAccessorImpl.newInstance(DelegatingConstructorAccessorImpl.java:45)
	at java.base/java.lang.reflect.Constructor.newInstance(Constructor.java:490)
	at ptolemy.util.test.junit.AutoKnownFailedTests.RunModel(AutoKnownFailedTests.java:105)
	at java.base/jdk.internal.reflect.NativeMethodAccessorImpl.invoke0(Native Method)
	at java.base/jdk.internal.reflect.NativeMethodAccessorImpl.invoke(NativeMethodAccessorImpl.java:62)
	at java.base/jdk.internal.reflect.DelegatingMethodAccessorImpl.invoke(DelegatingMethodAccessorImpl.java:43)
	at java.base/java.lang.reflect.Method.invoke(Method.java:566)
	at org.junit.runners.model.FrameworkMethod$1.runReflectiveCall(FrameworkMethod.java:44)
	at org.junit.internal.runners.model.ReflectiveCallable.run(ReflectiveCallable.java:15)
	at org.junit.runners.model.FrameworkMethod.invokeExplosively(FrameworkMethod.java:41)
	at junitparams.internal.InvokeParameterisedMethod.evaluate(InvokeParameterisedMethod.java:102)
	at org.junit.internal.runners.statements.FailOnTimeout$1.run(FailOnTimeout.java:28)
Caused by: ptolemy.kernel.util.IllegalActionException: SubscriptionAggregatorPorts cannot be used at the top level, use a SubscriptionAggregator actor instead.
  in .PublisherSubscriptionAggregatorPort.SubscriptionAggregatorPort
	at ptolemy.actor.SubscriptionAggregatorPort.preinitialize(SubscriptionAggregatorPort.java:353)
	at ptolemy.actor.CompositeActor.preinitialize(CompositeActor.java:1769)
	at ptolemy.actor.Manager.preinitializeAndResolveTypes(Manager.java:1040)
	at ptolemy.actor.Manager.initialize(Manager.java:710)
	at ptolemy.actor.Manager.execute(Manager.java:356)
	at ptolemy.actor.Manager.run(Manager.java:1263)
	at ptolemy.actor.Manager$PtolemyRunThread.run(Manager.java:1915)
java.lang.RuntimeException: Execution failed
	at ptolemy.moml.MoMLSimpleApplication$UnloadThread.run(MoMLSimpleApplication.java:402)
Caused by: ptolemy.kernel.util.IllegalActionException: TypeTest actor has no training data.
  in .sizedarray3.TypeTest
	at ptolemy.actor.lib.TypeTest.initialize(TypeTest.java:250)
	at ptolemy.actor.Director.initialize(Director.java:938)
	at ptolemy.actor.Director.initialize(Director.java:907)
	at ptolemy.actor.sched.StaticSchedulingDirector.initialize(StaticSchedulingDirector.java:159)
	at ptolemy.domains.sdf.kernel.SDFDirector.initialize(SDFDirector.java:544)
	at ptolemy.actor.CompositeActor.initialize(CompositeActor.java:935)
	at ptolemy.actor.Manager.initialize(Manager.java:724)
	at ptolemy.actor.Manager.execute(Manager.java:356)
	at ptolemy.actor.Manager.run(Manager.java:1263)
	at ptolemy.actor.Manager$PtolemyRunThread.run(Manager.java:1915)
java.lang.reflect.InvocationTargetException
	at java.base/jdk.internal.reflect.NativeConstructorAccessorImpl.newInstance0(Native Method)
	at java.base/jdk.internal.reflect.NativeConstructorAccessorImpl.newInstance(NativeConstructorAccessorImpl.java:62)
	at java.base/jdk.internal.reflect.DelegatingConstructorAccessorImpl.newInstance(DelegatingConstructorAccessorImpl.java:45)
	at java.base/java.lang.reflect.Constructor.newInstance(Constructor.java:490)
	at ptolemy.util.test.junit.AutoKnownFailedTests.RunModel(AutoKnownFailedTests.java:105)
	at java.base/jdk.internal.reflect.NativeMethodAccessorImpl.invoke0(Native Method)
	at java.base/jdk.internal.reflect.NativeMethodAccessorImpl.invoke(NativeMethodAccessorImpl.java:62)
	at java.base/jdk.internal.reflect.DelegatingMethodAccessorImpl.invoke(DelegatingMethodAccessorImpl.java:43)
	at java.base/java.lang.reflect.Method.invoke(Method.java:566)
	at org.junit.runners.model.FrameworkMethod$1.runReflectiveCall(FrameworkMethod.java:44)
	at org.junit.internal.runners.model.ReflectiveCallable.run(ReflectiveCallable.java:15)
	at org.junit.runners.model.FrameworkMethod.invokeExplosively(FrameworkMethod.java:41)
	at junitparams.internal.InvokeParameterisedMethod.evaluate(InvokeParameterisedMethod.java:102)
	at org.junit.internal.runners.statements.FailOnTimeout$1.run(FailOnTimeout.java:28)
Caused by: ptolemy.kernel.util.IllegalActionException: TypeTest actor has no training data.
  in .sizedarray3.TypeTest
	at ptolemy.actor.lib.TypeTest.initialize(TypeTest.java:250)
	at ptolemy.actor.Director.initialize(Director.java:938)
	at ptolemy.actor.Director.initialize(Director.java:907)
	at ptolemy.actor.sched.StaticSchedulingDirector.initialize(StaticSchedulingDirector.java:159)
	at ptolemy.domains.sdf.kernel.SDFDirector.initialize(SDFDirector.java:544)
	at ptolemy.actor.CompositeActor.initialize(CompositeActor.java:935)
	at ptolemy.actor.Manager.initialize(Manager.java:724)
	at ptolemy.actor.Manager.execute(Manager.java:356)
	at ptolemy.actor.Manager.run(Manager.java:1263)
	at ptolemy.actor.Manager$PtolemyRunThread.run(Manager.java:1915)
java.lang.RuntimeException: Execution failed
	at ptolemy.moml.MoMLSimpleApplication$UnloadThread.run(MoMLSimpleApplication.java:402)
Caused by: ptolemy.kernel.util.IllegalActionException: Test fails in iteration 0.
Value was: "WARNING: An illegal reflective access operation has occurred\nWARNING: Illegal reflective access by io.netty.util.internal.ReflectionUtil (file:/home/travis/build/icyphy/ptII/lib/netty-common-4.1.19.Final.jar) to constructor java.nio.DirectByteBuffer(long,int)\nWARNING: Please consider reporting this to the maintainers of io.netty.util.internal.ReflectionUtil\nWARNING: Use --illegal-access=warn to enable warnings of further illegal reflective access operations\nWARNING: All illegal access operations will be denied in a future release\n". Should have been: ""
  in .ExecRunDemos.Test
	at ptolemy.actor.lib.Test.fire(Test.java:268)
	at ptolemy.actor.AtomicActor.iterate(AtomicActor.java:512)
	at ptolemy.actor.sched.StaticSchedulingDirector.fire(StaticSchedulingDirector.java:216)
	at ptolemy.domains.sdf.kernel.SDFDirector.fire(SDFDirector.java:500)
	at ptolemy.actor.CompositeActor.fire(CompositeActor.java:455)
	at ptolemy.actor.Manager.iterate(Manager.java:851)
	at ptolemy.actor.Manager.execute(Manager.java:369)
	at ptolemy.actor.Manager.run(Manager.java:1263)
	at ptolemy.actor.Manager$PtolemyRunThread.run(Manager.java:1915)
java.lang.RuntimeException: Execution failed
	at ptolemy.moml.MoMLSimpleApplication$UnloadThread.run(MoMLSimpleApplication.java:402)
Caused by: ptolemy.kernel.util.IllegalActionException: Test fails in iteration 0.
Value was: 6001L. Should have been: 6000L
  in .ExecutionTimeSDF.NonStrictTest
	at ptolemy.actor.lib.NonStrictTest.postfire(NonStrictTest.java:328)
	at ptolemy.actor.AtomicActor.iterate(AtomicActor.java:518)
	at ptolemy.actor.sched.StaticSchedulingDirector.fire(StaticSchedulingDirector.java:216)
	at ptolemy.domains.sdf.kernel.SDFDirector.fire(SDFDirector.java:500)
	at ptolemy.actor.CompositeActor.fire(CompositeActor.java:455)
	at ptolemy.actor.Manager.iterate(Manager.java:851)
	at ptolemy.actor.Manager.execute(Manager.java:369)
	at ptolemy.actor.Manager.run(Manager.java:1263)
	at ptolemy.actor.Manager$PtolemyRunThread.run(Manager.java:1915)
]]></system-err>
</testsuite>
