<?xml version="1.0" encoding="UTF-8" ?>
<testsuite errors="0" failures="0" hostname="travis-job-f504728a-7686-4d88-b15f-5f367f02525e" name="ptolemy.actor.lib.test.junit.JUnitTclTest" skipped="0" tests="517" time="60.479" timestamp="2018-10-29T02:32:37">
  <properties>
    <property name="npm.executable" value="npm" />
    <property name="file.encoding.pkg" value="sun.io" />
    <property name="env.TRAVIS_ROOT" value="/" />
    <property name="ptII.mk.exists" value="true" />
    <property name="env.TRAVIS_APP_HOST" value="build.travis-ci.org" />
    <property name="env.rvm_bin_path" value="/home/travis/.rvm/bin" />
    <property name="java.home" value="/usr/lib/jvm/java-8-oracle/jre" />
    <property name="env.TRAVIS_JOB_NUMBER" value="800.8" />
    <property name="env.TRAVIS_HOME" value="/home/travis" />
    <property name="env.DISPLAY" value=":99.0" />
    <property name="java.net.preferIPv4Stack" value="true" />
    <property name="env.TRAVIS_INIT" value="upstart" />
    <property name="env.SSH_TTY" value="/dev/pts/0" />
    <property name="env.RUN_TESTS" value="false" />
    <property name="timeout.short" value="1000000" />
    <property name="env.TRAVIS_STACK_NODE_ATTRIBUTES" value="/.node-attributes.yml" />
    <property name="junit.formatter" value="xml" />
    <property name="java.endorsed.dirs" value="/usr/lib/jvm/java-8-oracle/jre/lib/endorsed" />
    <property name="env.TRAVIS_SUDO" value="true" />
    <property name="env.LOGNAME" value="travis" />
    <property name="env.PT_TRAVIS_TEST_CORE1_XML" value="true" />
    <property name="jsdoc.home" value="node_modules/@terraswarm/jsdoc" />
    <property name="debuglevel" value="source,lines,vars" />
    <property name="checkstyle.formatter" value="xml" />
    <property name="bin.vergil.makeable" value="true" />
    <property name="env._system_version" value="14.04" />
    <property name="sun.os.patch.level" value="unknown" />
    <property name="java.vendor.url" value="http://java.oracle.com/" />
    <property name="env.TRAVIS_BUILD_WEB_URL" value="https://travis-ci.org/icyphy/ptII/builds/447591214" />
    <property name="java.version" value="1.8.0_151" />
    <property name="env.TZ" value="UTC" />
    <property name="env.PT_NO_NET" value="true" />
    <property name="env.TRAVIS_PULL_REQUEST_SHA" value="" />
    <property name="env.TRAVIS_SECURE_ENV_VARS" value="true" />
    <property name="env._system_type" value="Linux" />
    <property name="java.vendor.url.bug" value="http://bugreport.sun.com/bugreport/" />
    <property name="env.SSH_CLIENT" value="10.10.19.222 40012 22" />
    <property name="npmjs-org-is-up" value="true" />
    <property name="env.GEM_HOME" value="/home/travis/.rvm/gems/ruby-2.4.1" />
    <property name="env.HAS_ANTARES_THREE_LITTLE_FRONZIES_BADGE" value="true" />
    <property name="env.PS4" value="+" />
    <property name="ant.project.invoked-targets" value="build,test.core1.xml" />
    <property name="env.TRAVIS_PULL_REQUEST_BRANCH" value="" />
    <property name="env.TRAVIS_REPO_SLUG" value="icyphy/ptII" />
    <property name="node.in.path" value="true" />
    <property name="java.maxmemory" value="1400m" />
    <property name="env.RUBY_VERSION" value="ruby-2.4.1" />
    <property name="user.name" value="travis" />
    <property name="env.LANG" value="en_US.UTF-8" />
    <property name="sun.io.unicode.encoding" value="UnicodeLittle" />
    <property name="sun.jnu.encoding" value="UTF-8" />
    <property name="java.runtime.name" value="Java(TM) SE Runtime Environment" />
    <property name="usefile" value="false" />
    <property name="return.code" value="0" />
    <property name="junit.single.formatter" value="plain" />
    <property name="env.DYLD_LIBRARY_PATH" value="/home/travis/pthla/certi-tools/lib:" />
    <property name="env.DEBIAN_FRONTEND" value="noninteractive" />
    <property name="env.SSH_CONNECTION" value="10.10.19.222 40012 10.20.1.170 22" />
    <property name="env.MYSQL_UNIX_PORT" value="/var/run/mysqld/mysqld.sock" />
    <property name="env.TRAVIS_ALLOW_FAILURE" value="false" />
    <property name="env.LC_ALL" value="en_US.UTF-8" />
    <property name="env.TRAVIS_JOB_WEB_URL" value="https://travis-ci.org/icyphy/ptII/jobs/447591222" />
    <property name="java.specification.name" value="Java Platform API Specification" />
    <property name="node.works" value="true" />
    <property name="user.timezone" value="" />
    <property name="path.separator" value=":" />
    <property name="env.TRAVIS_ENABLE_INFRA_DETECTION" value="true" />
    <property name="env.PYTHON_CFLAGS" value="-g -fstack-protector --param=ssp-buffer-size=4 -Wformat -Werror=format-security" />
    <property name="timeout.long" value="4000000" />
    <property name="env.CERTI_HOME" value="/home/travis/pthla/certi-tools" />
    <property name="file.encoding" value="UTF-8" />
    <property name="ant.file.ptII" value="/home/travis/build/icyphy/ptII/build.xml" />
    <property name="javadoc.packagenames" value="com.*,diva.*,lbnl.*,org.hlacerti.*,org.json.*,org.ptolemy.*,org.terraswarm.*,ptolemy.*,ptserver.*" />
    <property name="env.TRAVIS_PULL_REQUEST_SLUG" value="" />
    <property name="ant.project.default-target" value="build" />
    <property name="env.GIT_ASKPASS" value="echo" />
    <property name="env.HOME" value="/home/travis" />
    <property name="sun.java.command" value="org.apache.tools.ant.taskdefs.optional.junit.JUnitTestRunner ptolemy.actor.lib.test.junit.JUnitTclTest skipNonTests=false filtertrace=true haltOnError=false haltOnFailure=false formatter=org.apache.tools.ant.taskdefs.optional.junit.OutErrSummaryJUnitResultFormatter showoutput=true outputtoformatters=true logfailedtests=true threadid=0 logtestlistenerevents=false formatter=org.apache.tools.ant.taskdefs.optional.junit.XMLJUnitResultFormatter,/home/travis/build/icyphy/ptII/reports/junit/TEST-ptolemy.actor.lib.test.junit.JUnitTclTest.xml crashfile=/home/travis/build/icyphy/ptII/junitvmwatcher2538615727940024106.properties propsfile=/home/travis/build/icyphy/ptII/junit1081899224394103044.properties" />
    <property name="env.MANPATH" value="/home/travis/.nvm/versions/node/v7.10.1/share/man:/home/travis/.kiex/elixirs/elixir-1.4.5/man:/home/travis/.rvm/rubies/ruby-2.4.1/share/man:/usr/local/man:/usr/local/cmake-3.9.2/man:/usr/local/clang-5.0.0/share/man:/usr/local/share/man:/usr/share/man:/home/travis/.rvm/man" />
    <property name="env.COMPOSER_NO_INTERACTION" value="1" />
    <property name="env.JDK_SWITCHER_DEFAULT" value="oraclejdk8" />
    <property name="env.TRAVIS_TIMER_ID" value="0f1e00ea" />
    <property name="ant.file" value="/home/travis/build/icyphy/ptII/build.xml" />
    <property name="env.TRAVIS_COMMIT_RANGE" value="53cdf3a040f7acb4a27c6671e4b61cff19d6e7fe...266362fdd7fec1c11f86a883b758bf967cd42763" />
    <property name="env._system_name" value="Ubuntu" />
    <property name="timeout" value="2400000" />
    <property name="ptII.classpath.optional.property" value="/home/travis/build/icyphy/ptII/lib/bsh-2.0b4.jar:/home/travis/build/icyphy/ptII/lib/ptCal.jar:/home/travis/build/icyphy/ptII/lib/java_cup.jar:/home/travis/build/icyphy/ptII/lib/saxon8.jar:/home/travis/build/icyphy/ptII/lib/saxon8-dom.jar:/home/travis/build/icyphy/ptII/lib/chic.jar:/home/travis/build/icyphy/ptII/lib/ptcolt.jar:/usr/lib/jvm/java-8-oracle/lib/tools.jar:/usr/lib/eclipse/plugins/org.eclipse.jdt.core_3.8.2.dist.jar:/usr/lib/eclipse/plugins/org.eclipse.core.runtime_3.8.0.dist.jar:/usr/lib/eclipse/plugins/org.eclipse.osgi_3.8.1.dist.jar:/usr/lib/eclipse/plugins/org.eclipse.core.resources_3.8.1.dist.jar:/usr/lib/eclipse/plugins/org.eclipse.equinox.common_3.6.100.dist.jar:/usr/lib/eclipse/plugins/org.eclipse.core.jobs_3.5.200.dist.jar:/usr/lib/eclipse/plugins/org.eclipse.core.contenttype_3.4.200.dist.jar:/usr/lib/eclipse/plugins/org.eclipse.equinox.preferences_3.5.0.dist.jar:/usr/lib/eclipse/plugins/org.eclipse.text_3.5.200.dist.jar:/usr/lib/eclipse/plugins/org.eclipse.ui.workbench_3.8.1.dist.jar:/usr/lib/eclipse/plugins/org.eclipse.jface_3.8.0.dist.jar:/usr/lib/eclipse/plugins/org.eclipse.swt_3.8.2.jar:/usr/lib/eclipse/plugins/org.eclipse.jface.text_3.8.1.dist.jar:/usr/lib/eclipse/plugins/org.eclipse.ui.workbench.texteditor_3.8.0.dist.jar:/usr/lib/eclipse/plugins/org.eclipse.ui.editors_3.8.0.dist.jar:/usr/lib/eclipse/plugins/org.eclipse.core.commands_3.6.1.dist.jar:/usr/lib/eclipse/plugins/org.eclipse.equinox.registry_3.5.200.dist.jar:/usr/lib/eclipse/plugins/org.eclipse.ui.console_3.5.100.dist.jar:/usr/lib/eclipse/plugins/org.eclipse.ui.forms_3.5.200.dist.jar:/usr/lib/eclipse/plugins/org.eclipse.ui.ide_3.8.1.dist.jar:/home/travis/build/icyphy/ptII/vendors/oracle/dbxml.jar:/home/travis/build/icyphy/ptII/vendors/oracle/db.jar:/home/travis/build/icyphy/ptII/vendors/misc/itext/iText.jar:/home/travis/build/icyphy/ptII/lib/g4ltl.jar:/home/travis/build/icyphy/ptII/lib/StructuralCoder.jar:/home/travis/build/icyphy/ptII/lib/org-openide-util.jar:/home/travis/build/icyphy/ptII/lib/org-openide-util-lookup.jar:/home/travis/build/icyphy/ptII/lib/org-netbeans-api-visual.jar:/home/travis/build/icyphy/ptII/vendors/jai-1_1_2_01/lib/jai_core.jar:/home/travis/build/icyphy/ptII/vendors/jai-1_1_2_01/lib/jai_codec.jar:/home/travis/build/icyphy/ptII/lib/jcerti.jar:/home/travis/build/icyphy/ptII/lib/smack.jar:/home/travis/build/icyphy/ptII/lib/smackx.jar:/home/travis/build/icyphy/ptII/lib/jetty-all-8.1.5-v20120716.jar:/home/travis/build/icyphy/ptII/lib/javax.servlet-api-3.0.1.jar:/home/travis/build/icyphy/ptII/lib/javax.mail.jar:/home/travis/build/icyphy/ptII/vendors/JMF-2.1.1e/lib/jmf.jar:/home/travis/build/icyphy/ptII/lib/jna-4.0.0-variadic.jar:/home/travis/build/icyphy/ptII/vendors/misc/joystick/Joystick.jar:/home/travis/build/icyphy/ptII/lib/ptjacl.jar:/home/travis/build/icyphy/ptII/lib/jsoup-1.8.2.jar:/home/travis/build/icyphy/ptII/lib/junit-4.8.2.jar:/home/travis/build/icyphy/ptII/lib/JUnitParams-0.4.0.jar:/home/travis/build/icyphy/ptII/ptolemy/actor/lib/excel/jxl.jar:/home/travis/build/icyphy/ptII/lib/jython.jar:/home/travis/build/icyphy/ptII/lib/kieler.jar:/home/travis/build/icyphy/ptII/vendors/opencv/share/OpenCV/java/opencv-341.jar:/home/travis/build/icyphy/ptII/lib/oscP5.jar:/home/travis/build/icyphy/ptII/lib/nrjavaserial-3.11.0.devel.jar:/home/travis/build/icyphy/ptII/vendors/j3d/lib/j3dcore.jar:/home/travis/build/icyphy/ptII/vendors/j3d/lib/j3dutils.jar:/home/travis/build/icyphy/ptII/vendors/j3d/lib/vecmath.jar:/home/travis/build/icyphy/ptII/ptolemy/distributed/jini/jar/jini-core.jar:/home/travis/build/icyphy/ptII/ptolemy/distributed/jini/jar/jini-ext.jar:/home/travis/build/icyphy/ptII/ptolemy/distributed/jini/jar/sun-util.jar:/home/travis/build/icyphy/ptII/lib/protobuf-java-2.4.1.jar:/home/travis/build/icyphy/ptII/lib/org.eclipse.paho.client.mqttv3.jar:/home/travis/build/icyphy/ptII/ptserver/lib/hessian-4.0.7.jar:/home/travis/build/icyphy/ptII/ptserver/lib/wmqtt.jar:/home/travis/build/icyphy/ptII/lib/mapss.jar:/home/travis/build/icyphy/ptII/ptolemy/actor/ptalon/antlr/antlr.jar:/home/travis/build/icyphy/ptII/lib/JRI.jar:/home/travis/build/icyphy/ptII/lib/commons-lang-2.6.jar:/home/travis/build/icyphy/ptII/lib/commons-logging-1.1.1.jar:/home/travis/build/icyphy/ptII/lib/sootclasses.jar:/home/travis/build/icyphy/ptII/ptolemy/actor/lib/database/mysql-connector-java-5.1.6-bin.jar:/home/travis/build/icyphy/ptII/vendors/misc/sphinx4/sphinx4-data-5prealpha.jar:/home/travis/build/icyphy/ptII/vendors/misc/sphinx4/sphinx4-core-5prealpha.jar:/home/travis/build/icyphy/ptII/lib/PDFRenderer.jar:/home/travis/build/icyphy/ptII/lib/svgSalamander.jar:/home/travis/build/icyphy/ptII/lib/rsyntaxtextarea-2.6.0-SNAPSHOT.jar:/home/travis/build/icyphy/ptII/lib/hazelcast-3.8.2.jar:/home/travis/build/icyphy/ptII/lib/jackson-annotations-2.9.0.jar:/home/travis/build/icyphy/ptII/lib/jackson-core-2.9.3.jar:/home/travis/build/icyphy/ptII/lib/jackson-databind-2.9.3.jar:/home/travis/build/icyphy/ptII/lib/netty-buffer-4.1.19.Final.jar:/home/travis/build/icyphy/ptII/lib/netty-codec-4.1.19.Final.jar:/home/travis/build/icyphy/ptII/lib/netty-codec-dns-4.1.19.Final.jar:/home/travis/build/icyphy/ptII/lib/netty-codec-http-4.1.19.Final.jar:/home/travis/build/icyphy/ptII/lib/netty-codec-http2-4.1.19.Final.jar:/home/travis/build/icyphy/ptII/lib/netty-common-4.1.19.Final.jar:/home/travis/build/icyphy/ptII/lib/netty-handler-4.1.19.Final.jar:/home/travis/build/icyphy/ptII/lib/netty-resolver-4.1.19.Final.jar:/home/travis/build/icyphy/ptII/lib/netty-resolver-dns-4.1.19.Final.jar:/home/travis/build/icyphy/ptII/lib/netty-transport-4.1.19.Final.jar:/home/travis/build/icyphy/ptII/lib/vertx-codegen-3.5.1.jar:/home/travis/build/icyphy/ptII/lib/vertx-core-3.5.2-SNAPSHOT.jar:/home/travis/build/icyphy/ptII/lib/vertx-hazelcast-3.5.1.jar:/home/travis/build/icyphy/ptII/lib/vertx-lang-js-3.5.1.jar:/home/travis/build/icyphy/ptII/lib/vertx-service-proxy-3.5.1.jar:/home/travis/build/icyphy/ptII/lib/vertx-web-3.5.1.jar:/home/travis/build/icyphy/ptII/lib/slf4j-api-1.7.13.jar:/home/travis/build/icyphy/ptII/lib/slf4j-simple-1.7.13.jar:/home/travis/build/icyphy/ptII/lib/webcam-capture-0.3.12.jar:/home/travis/build/icyphy/ptII/lib/bridj-0.7.0.jar:/home/travis/build/icyphy/ptII/lib/xbjlib-1.1.0.nrjavaserial.jar" />
    <property name="test.batch" value="**/junit/*.java" />
    <property name="env._" value="/usr/bin/timeout" />
    <property name="java.io.tmpdir" value="/tmp" />
    <property name="env.TRAVIS_INTERNAL_RUBY_REGEX" value="^ruby-(2\.[0-2]\.[0-9]|1\.9\.3)" />
    <property name="user.language" value="en" />
    <property name="env.HISTCONTROL" value="ignoredups:ignorespace" />
    <property name="env.GOROOT" value="/home/travis/.gimme/versions/go1.7.4.linux.amd64" />
    <property name="line.separator" value="&#xa;" />
    <property name="target" value="1.8" />
    <property name="env.TRAVIS_BUILD_DIR" value="/home/travis/build/icyphy/ptII" />
    <property name="env.ANT_OPTS" value="-Xmx2048m" />
    <property name="ant.file.type" value="file" />
    <property name="ptolemy.ptII.batchMode" value="true" />
    <property name="env.HISTSIZE" value="1000" />
    <property name="env.MERB_ENV" value="test" />
    <property name="java.vm.info" value="mixed mode" />
    <property name="source" value="1.8" />
    <property name="java.vm.specification.name" value="Java Virtual Machine Specification" />
    <property name="env.TRAVIS_TEST_RESULT" value="0" />
    <property name="jsdoc.command" value="node_modules/@terraswarm/jsdoc/jsdoc.js" />
    <property name="npm.works" value="true" />
    <property name="cobertura.dir" value="/home/travis/build/icyphy/ptII/vendors/cobertura-2.0.3" />
    <property name="env.rvm_path" value="/home/travis/.rvm" />
    <property name="env.GEM_PATH" value="/home/travis/.rvm/gems/ruby-2.4.1:/home/travis/.rvm/gems/ruby-2.4.1@global" />
    <property name="env.LC_CTYPE" value="en_US.UTF-8" />
    <property name="java.awt.printerjob" value="sun.print.PSPrinterJob" />
    <property name="env.TRAVIS_CMD" value="$PTII/bin/ptIITravisBuild.sh $SECONDS" />
    <property name="env.TRAVIS_STACK_NAME" value="garnet" />
    <property name="env.TRAVIS_TIMER_START_TIME" value="1540780010807552917" />
    <property name="ant.version" value="Apache Ant(TM) version 1.10.1 compiled on February 2 2017" />
    <property name="ptII.reports" value="/home/travis/build/icyphy/ptII/reports" />
    <property name="env.TRAVIS_STACK_TIMESTAMP" value="2017-12-05 19:33:09 UTC" />
    <property name="ant.file.type.ptII" value="file" />
    <property name="env.RBENV_SHELL" value="bash" />
    <property name="os.name" value="Linux" />
    <property name="java.specification.vendor" value="Oracle Corporation" />
    <property name="env.rvm_version" value="1.29.3 (latest)" />
    <property name="env.TRAVIS_INFRA" value="gce" />
    <property name="env.TERM" value="xterm" />
    <property name="java.vm.name" value="Java HotSpot(TM) 64-Bit Server VM" />
    <property name="env.TRAVIS_BUILD_NUMBER" value="800" />
    <property name="env.CI" value="true" />
    <property name="java.library.path" value="/home/travis/pthla/certi-tools/lib:/usr/lib/jni:/usr/local/share/OpenCV/java/:/usr/share/OpenCV/java::/usr/java/packages/lib/amd64:/usr/lib64:/lib64:/lib:/usr/lib" />
    <property name="env.rvm_prefix" value="/home/travis" />
    <property name="env.PATH" value="/home/travis/pthla/certi-tools/share/scripts:/home/travis/.rvm/gems/ruby-2.4.1/bin:/home/travis/.rvm/gems/ruby-2.4.1@global/bin:/home/travis/.rvm/rubies/ruby-2.4.1/bin:/home/travis/.rvm/bin:/home/travis/.nvm/versions/node/v7.10.1/bin:./node_modules/.bin:/home/travis/build/icyphy/ptII/bin:/home/travis/pthla/certi-tools/bin:/home/travis/bin:/home/travis/.local/bin:/opt/pyenv/shims:/home/travis/.phpenv/shims:/home/travis/perl5/perlbrew/bin:/home/travis/.kiex/elixirs/elixir-1.4.5/bin:/home/travis/.kiex/bin:/home/travis/gopath/bin:/home/travis/.gimme/versions/go1.7.4.linux.amd64/bin:/usr/local/phantomjs/bin:/usr/local/phantomjs:/usr/local/neo4j-3.2.7/bin:/usr/local/maven-3.5.2/bin:/usr/local/cmake-3.9.2/bin:/usr/local/clang-5.0.0/bin:/usr/local/sbin:/usr/local/bin:/usr/sbin:/usr/bin:/sbin:/bin:/home/travis/.phpenv/bin:/opt/pyenv/bin:/home/travis/.yarn/bin" />
    <property name="env.TRAVIS_OS_NAME" value="linux" />
    <property name="ant.java.version" value="1.8" />
    <property name="basedir" value="/home/travis/build/icyphy/ptII" />
    <property name="java.class.version" value="52.0" />
    <property name="env.SHLVL" value="3" />
    <property name="env.LD_LIBRARY_PATH" value="/home/travis/pthla/certi-tools/lib:/usr/lib/jni:/usr/local/share/OpenCV/java/:/usr/share/OpenCV/java:" />
    <property name="env.RACK_ENV" value="test" />
    <property name="ant.home" value="/home/travis/build/icyphy/ptII/ant" />
    <property name="env.NVM_DIR" value="/home/travis/.nvm" />
    <property name="env.PERLBREW_BASHRC_VERSION" value="0.80" />
    <property name="env.CERTI_FOM_PATH" value="/home/travis/pthla/certi-tools/share/federations" />
    <property name="env.TRAVIS_BUILD_ID" value="447591214" />
    <property name="env.PYENV_ROOT" value="/opt/pyenv" />
    <property name="env.TRAVIS_UID" value="2000" />
    <property name="env.rvm_pretty_print_flag" value="auto" />
    <property name="env.NVM_BIN" value="/home/travis/.nvm/versions/node/v7.10.1/bin" />
    <property name="env.TRAVIS_COMMIT" value="266362fdd7fec1c11f86a883b758bf967cd42763" />
    <property name="env._system_arch" value="x86_64" />
    <property name="node.executable" value="node" />
    <property name="sun.boot.library.path" value="/usr/lib/jvm/java-8-oracle/jre/lib/amd64" />
    <property name="sun.management.compiler" value="HotSpot 64-Bit Tiered Compilers" />
    <property name="env.GOPATH" value="/home/travis/gopath" />
    <property name="java.awt.graphicsenv" value="sun.awt.X11GraphicsEnvironment" />
    <property name="ptolemy.ptII.dir" value="/home/travis/build/icyphy/ptII" />
    <property name="env.USER" value="travis" />
    <property name="env.HISTFILESIZE" value="2000" />
    <property name="timeout.longest" value="19000000" />
    <property name="env.TRAVIS_STACK_FEATURES" value="basic cassandra chromium couchdb disabled-ipv6 docker docker-compose elasticsearch firefox go-toolchain google-chrome jdk memcached mongodb mysql neo4j nodejs_interpreter perl_interpreter perlbrew phantomjs postgresql python_interpreter rabbitmq redis riak ruby_interpreter sqlite xserver" />
    <property name="env.TRAVIS_PULL_REQUEST" value="false" />
    <property name="env.PYENV_SHELL" value="bash" />
    <property name="ant.project.name" value="ptII" />
    <property name="java.vm.specification.version" value="1.8" />
    <property name="env.ANSI_RESET" value="\033[0m" />
    <property name="env.TRAVIS_DIST" value="trusty" />
    <property name="env.CERTI_VERSION" value="4.0.0" />
    <property name="env.NLSPATH" value="/usr/dt/lib/nls/msg/%L/%N.cat" />
    <property name="env.CERTI_HOST" value="localhost" />
    <property name="awt.toolkit" value="sun.awt.X11.XToolkit" />
    <property name="env.MY_RUBY_HOME" value="/home/travis/.rvm/rubies/ruby-2.4.1" />
    <property name="sun.cpu.isalist" value="" />
    <property name="env.TRAVIS_TMPDIR" value="/tmp/tmp.yXaOBAmlH4" />
    <property name="java.ext.dirs" value="/usr/lib/jvm/java-8-oracle/jre/lib/ext:/usr/java/packages/lib/ext" />
    <property name="os.version" value="4.4.0-101-generic" />
    <property name="user.home" value="/home/travis" />
    <property name="env.MIX_ARCHIVES" value="/home/travis/.kiex/mix/elixir-1.4.5" />
    <property name="java.vm.vendor" value="Oracle Corporation" />
    <property name="env.TRAVIS_TAG" value="nightly" />
    <property name="env.ANSI_YELLOW" value="\033[33;1m" />
    <property name="env.TRAVIS_FILTERED" value="redirect_io" />
    <property name="env.ANSI_GREEN" value="\033[32;1m" />
    <property name="javadoc.excludepackagenames" value="adm.cvs2svn.*,build.*,config.*,doc.coding.templates.*,jni.test.jni.meaningOfLife.*,jni.test.jni.testDeux.*,jni.test.jni.testTrois.*,org.terraswarm.accessor.accessors.web.node_modules.*,org.terraswarm.accessor.accessors.web.hosts.cordova.demo.*,org.terraswarm.accessor.accessors.web.hosts.cordova.plugins.*,org.terraswarm.accessor.accessors-svn.*,pt-modules.*,ptolemy.apps.agilent.*,ptolemy.apps.anytimecontrol.*,ptolemy.apps.apes.*,ptolemy.apps.charon.*,ptolemy.apps.crazyboard.*,ptolemy.apps.eclipse.*,ptolemy.apps.etherealSting.*,ptolemy.apps.fullscreen.*,ptolemy.apps.giotto.*,ptolemy.apps.ia.*,ptolemy.apps.interfaces.*,ptolemy.apps.jmf.*,ptolemy.apps.kurt.*,ptolemy.apps.kvm.*,ptolemy.apps.lego.*,ptolemy.apps.lejos.*,ptolemy.apps.midp.*,ptolemy.apps.mobileCoding.*,ptolemy.apps.pendulum.*,ptolemy.apps.rijndael.*,ptolemy.apps.robot.*,ptolemy.apps.security.*,ptolemy.apps.sobel.*,ptolemy.apps.soot.*,ptolemy.apps.throttle.*,ptolemy.apps.tini.*,ptolemy.apps.transmission.*,ptolemy.apps.vergil.*,ptolemy.apps.waba.*,ptolemy.apps.websensor.*,ptolemy.apps.webstart.*,ptolemy.apps.xsl.*,ptolemy.apps.zaurus.*,ptolemy.backtrack.eclipse.plugin.*,ptolemy.backtrack.test.*,ptolemy.codegen.c.actor.lib.oldJavaFiles.*,ptolemy.codegen.dsp.lib.*,ptolemy.codegen.kernel.newInterfaces.*,ptolemy.codegen.lib.*,ptolemy.copernicus.kernel.fragment.*,ptolemy.copernicus.shallow.cg.*,ptolemy.domains.giotto.demo.Hierarchy.Hierarchy.*,ptolemy.domains.giotto.demo.Multimode.Multimode.*,ptolemy.domains.giotto.demo.Simple.Simple.*,ptolemy.domains.gr.lib.experimental.*,ptolemy.domains.gro.*,ptolemy.domains.pdf.*,ptolemy.domains.ptinyos.demo.Surge.output.*,ptolemy.moml.test.NoPackageActor.java*,ptolemy.plot.adm.*,ptolemy.plot.servlet.*,reports.*,signed.*,src.*,target.*,vendors.*,ptolemy.cg.adapter.generic.program.procedural.c.mbed*,ptolemy.actor.lib.fmi.fmus.omc*,ptolemy.domains.openmodelica*,ptdb.kernel.bl.save.test.*,ptdb.kernel.bl.load.test.*,ptdb.kernel.bl.search.test.*,ptdb.kernel.bl.migration.test.*,ptdb.kernel.database.test.*,ptdb.test.*,ptdb.gui.test.*,org.ptolemy.scala.*,diva.util.java2d.svg.*,ptolemy.domains.ptinyos.*,ptolemy.actor.lib.fmi.fmipp.*,,org.terraswarm.accessor.accessors.web.node_modules.*,org.terraswarm.accessor.accessors-svn,ptolemy.apps.*,ptolemy.actor.ptalon.demo.ptinyos.SendAndReceiveCnt.output,ptolemy.actor.ptalon.demo.ptinyos.SenseToLeds.output,ptolemy.domains.ptinyos.demo.CntToLedsAndRfm.output,ptolemy.domains.ptinyos.demo.RfmToLeds.output,ptolemy.domains.ptinyos.demo.SendAndReceiveCnt.output,ptolemy.domains.ptinyos.demo.SenseToLeds.output,ptolemy.actor.lib.jjs.modules.udpSocket.*" />
    <property name="env.JAVA_HOME" value="/usr/lib/jvm/java-8-oracle" />
    <property name="env.PTII" value="/home/travis/build/icyphy/ptII" />
    <property name="env.XDG_SESSION_ID" value="2" />
    <property name="keystore" value="ptKeystore" />
    <property name="env.TRAVIS_COMMIT_MESSAGE" value="Fixed test of parameter.currentValue to not be fooled by zero value" />
    <property name="junit.output.dir" value="/home/travis/build/icyphy/ptII/reports/junit" />
    <property name="npm.return.code" value="0" />
    <property name="user.dir" value="/home/travis/build/icyphy/ptII/ptolemy/actor/lib/test" />
    <property name="env.TRAVIS_NODE_VERSION" value="7" />
    <property name="env.XFILESEARCHPATH" value="/usr/dt/app-defaults/%L/Dt" />
    <property name="env.MAIL" value="/var/mail/travis" />
    <property name="env.TRAVIS_EVENT_TYPE" value="cron" />
    <property name="env.PERLBREW_ROOT" value="/home/travis/perl5/perlbrew" />
    <property name="env.PWD" value="/home/travis/build/icyphy/ptII" />
    <property name="timeout.npm" value="45000" />
    <property name="env.TRAVIS_ARCH" value="amd64" />
    <property name="env.PAGER" value="cat" />
    <property name="sun.cpu.endian" value="little" />
    <property name="env.TRAVIS_BUILD_STAGE_NAME" value="Test" />
    <property name="env.PERLBREW_HOME" value="/home/travis/.perlbrew" />
    <property name="env.RAILS_ENV" value="test" />
    <property name="java.vm.version" value="25.151-b12" />
    <property name="java.class.path" value="/home/travis/.ptolemyII:/home/travis/.ptolemyII/*:/home/travis/build/icyphy/ptII:/home/travis/build/icyphy/ptII/lib/bsh-2.0b4.jar:/home/travis/build/icyphy/ptII/lib/ptCal.jar:/home/travis/build/icyphy/ptII/lib/java_cup.jar:/home/travis/build/icyphy/ptII/lib/saxon8.jar:/home/travis/build/icyphy/ptII/lib/saxon8-dom.jar:/home/travis/build/icyphy/ptII/lib/chic.jar:/home/travis/build/icyphy/ptII/lib/ptcolt.jar:/usr/lib/jvm/java-8-oracle/lib/tools.jar:/usr/lib/eclipse/plugins/org.eclipse.jdt.core_3.8.2.dist.jar:/usr/lib/eclipse/plugins/org.eclipse.core.runtime_3.8.0.dist.jar:/usr/lib/eclipse/plugins/org.eclipse.osgi_3.8.1.dist.jar:/usr/lib/eclipse/plugins/org.eclipse.core.resources_3.8.1.dist.jar:/usr/lib/eclipse/plugins/org.eclipse.equinox.common_3.6.100.dist.jar:/usr/lib/eclipse/plugins/org.eclipse.core.jobs_3.5.200.dist.jar:/usr/lib/eclipse/plugins/org.eclipse.core.contenttype_3.4.200.dist.jar:/usr/lib/eclipse/plugins/org.eclipse.equinox.preferences_3.5.0.dist.jar:/usr/lib/eclipse/plugins/org.eclipse.text_3.5.200.dist.jar:/usr/lib/eclipse/plugins/org.eclipse.ui.workbench_3.8.1.dist.jar:/usr/lib/eclipse/plugins/org.eclipse.jface_3.8.0.dist.jar:/usr/lib/eclipse/plugins/org.eclipse.swt_3.8.2.jar:/usr/lib/eclipse/plugins/org.eclipse.jface.text_3.8.1.dist.jar:/usr/lib/eclipse/plugins/org.eclipse.ui.workbench.texteditor_3.8.0.dist.jar:/usr/lib/eclipse/plugins/org.eclipse.ui.editors_3.8.0.dist.jar:/usr/lib/eclipse/plugins/org.eclipse.core.commands_3.6.1.dist.jar:/usr/lib/eclipse/plugins/org.eclipse.equinox.registry_3.5.200.dist.jar:/usr/lib/eclipse/plugins/org.eclipse.ui.console_3.5.100.dist.jar:/usr/lib/eclipse/plugins/org.eclipse.ui.forms_3.5.200.dist.jar:/usr/lib/eclipse/plugins/org.eclipse.ui.ide_3.8.1.dist.jar:/home/travis/build/icyphy/ptII/vendors/oracle/dbxml.jar:/home/travis/build/icyphy/ptII/vendors/oracle/db.jar:/home/travis/build/icyphy/ptII/vendors/misc/itext/iText.jar:/home/travis/build/icyphy/ptII/lib/g4ltl.jar:/home/travis/build/icyphy/ptII/lib/StructuralCoder.jar:/home/travis/build/icyphy/ptII/lib/org-openide-util.jar:/home/travis/build/icyphy/ptII/lib/org-openide-util-lookup.jar:/home/travis/build/icyphy/ptII/lib/org-netbeans-api-visual.jar:/home/travis/build/icyphy/ptII/vendors/jai-1_1_2_01/lib/jai_core.jar:/home/travis/build/icyphy/ptII/vendors/jai-1_1_2_01/lib/jai_codec.jar:/home/travis/build/icyphy/ptII/lib/jcerti.jar:/home/travis/build/icyphy/ptII/lib/smack.jar:/home/travis/build/icyphy/ptII/lib/smackx.jar:/home/travis/build/icyphy/ptII/lib/jetty-all-8.1.5-v20120716.jar:/home/travis/build/icyphy/ptII/lib/javax.servlet-api-3.0.1.jar:/home/travis/build/icyphy/ptII/lib/javax.mail.jar:/home/travis/build/icyphy/ptII/vendors/JMF-2.1.1e/lib/jmf.jar:/home/travis/build/icyphy/ptII/lib/jna-4.0.0-variadic.jar:/home/travis/build/icyphy/ptII/vendors/misc/joystick/Joystick.jar:/home/travis/build/icyphy/ptII/lib/ptjacl.jar:/home/travis/build/icyphy/ptII/lib/jsoup-1.8.2.jar:/home/travis/build/icyphy/ptII/lib/junit-4.8.2.jar:/home/travis/build/icyphy/ptII/lib/JUnitParams-0.4.0.jar:/home/travis/build/icyphy/ptII/ptolemy/actor/lib/excel/jxl.jar:/home/travis/build/icyphy/ptII/lib/jython.jar:/home/travis/build/icyphy/ptII/lib/kieler.jar:/home/travis/build/icyphy/ptII/vendors/opencv/share/OpenCV/java/opencv-341.jar:/home/travis/build/icyphy/ptII/lib/oscP5.jar:/home/travis/build/icyphy/ptII/lib/nrjavaserial-3.11.0.devel.jar:/home/travis/build/icyphy/ptII/vendors/j3d/lib/j3dcore.jar:/home/travis/build/icyphy/ptII/vendors/j3d/lib/j3dutils.jar:/home/travis/build/icyphy/ptII/vendors/j3d/lib/vecmath.jar:/home/travis/build/icyphy/ptII/ptolemy/distributed/jini/jar/jini-core.jar:/home/travis/build/icyphy/ptII/ptolemy/distributed/jini/jar/jini-ext.jar:/home/travis/build/icyphy/ptII/ptolemy/distributed/jini/jar/sun-util.jar:/home/travis/build/icyphy/ptII/lib/protobuf-java-2.4.1.jar:/home/travis/build/icyphy/ptII/lib/org.eclipse.paho.client.mqttv3.jar:/home/travis/build/icyphy/ptII/ptserver/lib/hessian-4.0.7.jar:/home/travis/build/icyphy/ptII/ptserver/lib/wmqtt.jar:/home/travis/build/icyphy/ptII/lib/mapss.jar:/home/travis/build/icyphy/ptII/ptolemy/actor/ptalon/antlr/antlr.jar:/home/travis/build/icyphy/ptII/lib/JRI.jar:/home/travis/build/icyphy/ptII/lib/commons-lang-2.6.jar:/home/travis/build/icyphy/ptII/lib/commons-logging-1.1.1.jar:/home/travis/build/icyphy/ptII/lib/sootclasses.jar:/home/travis/build/icyphy/ptII/ptolemy/actor/lib/database/mysql-connector-java-5.1.6-bin.jar:/home/travis/build/icyphy/ptII/vendors/misc/sphinx4/sphinx4-data-5prealpha.jar:/home/travis/build/icyphy/ptII/vendors/misc/sphinx4/sphinx4-core-5prealpha.jar:/home/travis/build/icyphy/ptII/lib/PDFRenderer.jar:/home/travis/build/icyphy/ptII/lib/svgSalamander.jar:/home/travis/build/icyphy/ptII/lib/rsyntaxtextarea-2.6.0-SNAPSHOT.jar:/home/travis/build/icyphy/ptII/lib/hazelcast-3.8.2.jar:/home/travis/build/icyphy/ptII/lib/jackson-annotations-2.9.0.jar:/home/travis/build/icyphy/ptII/lib/jackson-core-2.9.3.jar:/home/travis/build/icyphy/ptII/lib/jackson-databind-2.9.3.jar:/home/travis/build/icyphy/ptII/lib/netty-buffer-4.1.19.Final.jar:/home/travis/build/icyphy/ptII/lib/netty-codec-4.1.19.Final.jar:/home/travis/build/icyphy/ptII/lib/netty-codec-dns-4.1.19.Final.jar:/home/travis/build/icyphy/ptII/lib/netty-codec-http-4.1.19.Final.jar:/home/travis/build/icyphy/ptII/lib/netty-codec-http2-4.1.19.Final.jar:/home/travis/build/icyphy/ptII/lib/netty-common-4.1.19.Final.jar:/home/travis/build/icyphy/ptII/lib/netty-handler-4.1.19.Final.jar:/home/travis/build/icyphy/ptII/lib/netty-resolver-4.1.19.Final.jar:/home/travis/build/icyphy/ptII/lib/netty-resolver-dns-4.1.19.Final.jar:/home/travis/build/icyphy/ptII/lib/netty-transport-4.1.19.Final.jar:/home/travis/build/icyphy/ptII/lib/vertx-codegen-3.5.1.jar:/home/travis/build/icyphy/ptII/lib/vertx-core-3.5.2-SNAPSHOT.jar:/home/travis/build/icyphy/ptII/lib/vertx-hazelcast-3.5.1.jar:/home/travis/build/icyphy/ptII/lib/vertx-lang-js-3.5.1.jar:/home/travis/build/icyphy/ptII/lib/vertx-service-proxy-3.5.1.jar:/home/travis/build/icyphy/ptII/lib/vertx-web-3.5.1.jar:/home/travis/build/icyphy/ptII/lib/slf4j-api-1.7.13.jar:/home/travis/build/icyphy/ptII/lib/slf4j-simple-1.7.13.jar:/home/travis/build/icyphy/ptII/lib/webcam-capture-0.3.12.jar:/home/travis/build/icyphy/ptII/lib/bridj-0.7.0.jar:/home/travis/build/icyphy/ptII/lib/xbjlib-1.1.0.nrjavaserial.jar:/home/travis/build/icyphy/ptII/ptolemy/moml/test:/home/travis/build/icyphy/ptII/ant/lib/ant-launcher.jar:/home/travis/build/icyphy/ptII/ant/lib/ant.jar:/home/travis/build/icyphy/ptII/ant/lib/ant-junit.jar:/home/travis/build/icyphy/ptII/ant/lib/ant-junit4.jar" />
    <property name="ant.library.dir" value="/home/travis/build/icyphy/ptII/ant/lib" />
    <property name="os.arch" value="amd64" />
    <property name="env.TRAVIS_LANGUAGE" value="node_js" />
    <property name="env.CONTINUOUS_INTEGRATION" value="true" />
    <property name="env.TRAVIS_STACK_LANGUAGES" value="__garnet__ c c++ clojure cplusplus cpp default go groovy java node_js php pure_java python ruby scala" />
    <property name="test.name" value="ptolemy.actor.lib.test.junit.JUnitTclTest" />
    <property name="sun.java.launcher" value="SUN_STANDARD" />
    <property name="env.PYTHON_CONFIGURE_OPTS" value="--enable-unicode=ucs4 --with-wide-unicode --enable-shared --enable-ipv6 --enable-loadable-sqlite-extensions --with-computed-gotos" />
    <property name="ant.core.lib" value="/home/travis/build/icyphy/ptII/ant/lib/ant.jar" />
    <property name="java.vm.specification.vendor" value="Oracle Corporation" />
    <property name="env.BCVTB_HOME" value="/home/travis/build/icyphy/ptII/lbnl" />
    <property name="file.separator" value="/" />
    <property name="spotbugs.home" value="/home/travis/build/icyphy/ptII/vendors/spotbugs-3.1.1" />
    <property name="java.runtime.version" value="1.8.0_151-b12" />
    <property name="sun.boot.class.path" value="/usr/lib/jvm/java-8-oracle/jre/lib/resources.jar:/usr/lib/jvm/java-8-oracle/jre/lib/rt.jar:/usr/lib/jvm/java-8-oracle/jre/lib/sunrsasign.jar:/usr/lib/jvm/java-8-oracle/jre/lib/jsse.jar:/usr/lib/jvm/java-8-oracle/jre/lib/jce.jar:/usr/lib/jvm/java-8-oracle/jre/lib/charsets.jar:/usr/lib/jvm/java-8-oracle/jre/lib/jfr.jar:/usr/lib/jvm/java-8-oracle/jre/classes" />
    <property name="env.ANSI_CLEAR" value="\033[0K" />
    <property name="env.HAS_JOSH_K_SEAL_OF_APPROVAL" value="true" />
    <property name="env.TRAVIS_OSX_IMAGE" value="" />
    <property name="env.XDG_RUNTIME_DIR" value="/run/user/2000" />
    <property name="env.TRAVIS_BRANCH" value="master" />
    <property name="env.TRAVIS_JOB_ID" value="447591222" />
    <property name="env.CERTI_HOME_TRAVIS" value="/home/travis/pthla/certi-tools" />
    <property name="user.country" value="US" />
    <property name="env.SHELL" value="/bin/bash" />
    <property name="model" value="" />
    <property name="java.maxmemory.large" value="5000m" />
    <property name="env.CASHER_DIR" value="/home/travis/.casher" />
    <property name="env.NVM_CD_FLAGS" value="" />
    <property name="jshint.executable" value="/home/travis/node_modules/jshint/bin/jshint" />
    <property name="env.JRUBY_OPTS" value=" --client -J-XX:+TieredCompilation -J-XX:TieredStopAtLevel=1 -J-Xss2m -Xcompile.invokedynamic=false" />
    <property name="java.vendor" value="Oracle Corporation" />
    <property name="env.TRAVIS_PRE_CHEF_BOOTSTRAP_TIME" value="2017-12-05T19:32:55" />
    <property name="env.ELIXIR_VERSION" value="1.4.5" />
    <property name="env.TRAVIS_STACK_JOB_BOARD_REGISTER" value="/.job-board-register.yml" />
    <property name="env.ANSI_RED" value="\033[31;1m" />
    <property name="java.specification.version" value="1.8" />
    <property name="env.TRAVIS" value="true" />
    <property name="env.IRBRC" value="/home/travis/.rvm/rubies/ruby-2.4.1/.irbrc" />
    <property name="sun.arch.data.model" value="64" />
  </properties>
  <testcase classname="ptolemy.util.test.junit.TclTests" name="[0] /home/travis/build/icyphy/ptII/ptolemy/actor/lib/test/AbsoluteValue.tcl (RunTclFile)" time="0.423" />
  <testcase classname="ptolemy.util.test.junit.TclTests" name="[1] /home/travis/build/icyphy/ptII/ptolemy/actor/lib/test/AddSubtract.tcl (RunTclFile)" time="0.059" />
  <testcase classname="ptolemy.util.test.junit.TclTests" name="[2] /home/travis/build/icyphy/ptII/ptolemy/actor/lib/test/Average.tcl (RunTclFile)" time="0.06" />
  <testcase classname="ptolemy.util.test.junit.TclTests" name="[3] /home/travis/build/icyphy/ptII/ptolemy/actor/lib/test/Bernoulli.tcl (RunTclFile)" time="0.035" />
  <testcase classname="ptolemy.util.test.junit.TclTests" name="[4] /home/travis/build/icyphy/ptII/ptolemy/actor/lib/test/Clock.tcl (RunTclFile)" time="0.094" />
  <testcase classname="ptolemy.util.test.junit.TclTests" name="[5] /home/travis/build/icyphy/ptII/ptolemy/actor/lib/test/Commutator.tcl (RunTclFile)" time="0.113" />
  <testcase classname="ptolemy.util.test.junit.TclTests" name="[6] /home/travis/build/icyphy/ptII/ptolemy/actor/lib/test/Const.tcl (RunTclFile)" time="0.108" />
  <testcase classname="ptolemy.util.test.junit.TclTests" name="[7] /home/travis/build/icyphy/ptII/ptolemy/actor/lib/test/CurrentTime.tcl (RunTclFile)" time="0.032" />
  <testcase classname="ptolemy.util.test.junit.TclTests" name="[8] /home/travis/build/icyphy/ptII/ptolemy/actor/lib/test/DB.tcl (RunTclFile)" time="0.037" />
  <testcase classname="ptolemy.util.test.junit.TclTests" name="[9] /home/travis/build/icyphy/ptII/ptolemy/actor/lib/test/DiscreteRandomSource.tcl (RunTclFile)" time="0.037" />
  <testcase classname="ptolemy.util.test.junit.TclTests" name="[10] /home/travis/build/icyphy/ptII/ptolemy/actor/lib/test/Distributor.tcl (RunTclFile)" time="0.07" />
  <testcase classname="ptolemy.util.test.junit.TclTests" name="[11] /home/travis/build/icyphy/ptII/ptolemy/actor/lib/test/Exit.tcl (RunTclFile)" time="0.061" />
  <testcase classname="ptolemy.util.test.junit.TclTests" name="[12] /home/travis/build/icyphy/ptII/ptolemy/actor/lib/test/Expression.tcl (RunTclFile)" time="0.115" />
  <testcase classname="ptolemy.util.test.junit.TclTests" name="[13] /home/travis/build/icyphy/ptII/ptolemy/actor/lib/test/Gaussian.tcl (RunTclFile)" time="0.823" />
  <testcase classname="ptolemy.util.test.junit.TclTests" name="[14] /home/travis/build/icyphy/ptII/ptolemy/actor/lib/test/IIR.tcl (RunTclFile)" time="0.029" />
  <testcase classname="ptolemy.util.test.junit.TclTests" name="[15] /home/travis/build/icyphy/ptII/ptolemy/actor/lib/test/Interpolator.tcl (RunTclFile)" time="0.068" />
  <testcase classname="ptolemy.util.test.junit.TclTests" name="[16] /home/travis/build/icyphy/ptII/ptolemy/actor/lib/test/MathFunction.tcl (RunTclFile)" time="0.04" />
  <testcase classname="ptolemy.util.test.junit.TclTests" name="[17] /home/travis/build/icyphy/ptII/ptolemy/actor/lib/test/Maximum.tcl (RunTclFile)" time="0.024" />
  <testcase classname="ptolemy.util.test.junit.TclTests" name="[18] /home/travis/build/icyphy/ptII/ptolemy/actor/lib/test/Minimum.tcl (RunTclFile)" time="0.032" />
  <testcase classname="ptolemy.util.test.junit.TclTests" name="[19] /home/travis/build/icyphy/ptII/ptolemy/actor/lib/test/MultiplyDivide.tcl (RunTclFile)" time="0.05" />
  <testcase classname="ptolemy.util.test.junit.TclTests" name="[20] /home/travis/build/icyphy/ptII/ptolemy/actor/lib/test/OrderedMerge.tcl (RunTclFile)" time="0.087" />
  <testcase classname="ptolemy.util.test.junit.TclTests" name="[21] /home/travis/build/icyphy/ptII/ptolemy/actor/lib/test/Publisher.tcl (RunTclFile)" time="0.704" />
  <testcase classname="ptolemy.util.test.junit.TclTests" name="[22] /home/travis/build/icyphy/ptII/ptolemy/actor/lib/test/Pulse.tcl (RunTclFile)" time="0.053" />
  <testcase classname="ptolemy.util.test.junit.TclTests" name="[23] /home/travis/build/icyphy/ptII/ptolemy/actor/lib/test/Ramp.tcl (RunTclFile)" time="1.903" />
  <testcase classname="ptolemy.util.test.junit.TclTests" name="[24] /home/travis/build/icyphy/ptII/ptolemy/actor/lib/test/RampContinuous.tcl (RunTclFile)" time="0.02" />
  <testcase classname="ptolemy.util.test.junit.TclTests" name="[25] /home/travis/build/icyphy/ptII/ptolemy/actor/lib/test/RecordAssembler.tcl (RunTclFile)" time="0.015" />
  <testcase classname="ptolemy.util.test.junit.TclTests" name="[26] /home/travis/build/icyphy/ptII/ptolemy/actor/lib/test/RecordDisassembler.tcl (RunTclFile)" time="0.029" />
  <testcase classname="ptolemy.util.test.junit.TclTests" name="[27] /home/travis/build/icyphy/ptII/ptolemy/actor/lib/test/Scale.tcl (RunTclFile)" time="0.03" />
  <testcase classname="ptolemy.util.test.junit.TclTests" name="[28] /home/travis/build/icyphy/ptII/ptolemy/actor/lib/test/SequentialClock.tcl (RunTclFile)" time="0.02" />
  <testcase classname="ptolemy.util.test.junit.TclTests" name="[29] /home/travis/build/icyphy/ptII/ptolemy/actor/lib/test/SetVariable.tcl (RunTclFile)" time="0.012" />
  <testcase classname="ptolemy.util.test.junit.TclTests" name="[30] /home/travis/build/icyphy/ptII/ptolemy/actor/lib/test/Sinewave.tcl (RunTclFile)" time="0.033" />
  <testcase classname="ptolemy.util.test.junit.TclTests" name="[31] /home/travis/build/icyphy/ptII/ptolemy/actor/lib/test/SubscriptionAggregator.tcl (RunTclFile)" time="1.789" />
  <testcase classname="ptolemy.util.test.junit.TclTests" name="[32] /home/travis/build/icyphy/ptII/ptolemy/actor/lib/test/Test.tcl (RunTclFile)" time="0.139" />
  <testcase classname="ptolemy.util.test.junit.TclTests" name="[33] /home/travis/build/icyphy/ptII/ptolemy/actor/lib/test/TestExceptionHandler.tcl (RunTclFile)" time="0.02" />
  <testcase classname="ptolemy.util.test.junit.TclTests" name="[34] /home/travis/build/icyphy/ptII/ptolemy/actor/lib/test/UnionDisassembler.tcl (RunTclFile)" time="0.08" />
  <testcase classname="ptolemy.util.test.junit.TclTests" name="[35] /home/travis/build/icyphy/ptII/ptolemy/actor/lib/test/VariableClock.tcl (RunTclFile)" time="0.017" />
  <testcase classname="ptolemy.util.test.junit.AutoKnownFailedTests" name="[0] /home/travis/build/icyphy/ptII/ptolemy/actor/lib/test/auto/knownFailedTests/PublisherPortToplevelSubscriber.xml (RunModel)" time="0.021" />
  <testcase classname="ptolemy.util.test.junit.AutoKnownFailedTests" name="[1] /home/travis/build/icyphy/ptII/ptolemy/actor/lib/test/auto/knownFailedTests/PublisherSubscriberPortToplevel.xml (RunModel)" time="0.02" />
  <testcase classname="ptolemy.util.test.junit.AutoKnownFailedTests" name="[2] /home/travis/build/icyphy/ptII/ptolemy/actor/lib/test/auto/knownFailedTests/PublisherSubscriptionAggregatorPort.xml (RunModel)" time="0.024" />
  <testcase classname="ptolemy.util.test.junit.AutoKnownFailedTests" name="[3] /home/travis/build/icyphy/ptII/ptolemy/actor/lib/test/auto/knownFailedTests/sizedarray3.xml (RunModel)" time="0.065" />
  <testcase classname="ptolemy.util.test.junit.AutoNameArchTests" name="[0] ThereAreNoAutoArchTests (RunModel)" time="0.001" />
  <testcase classname="ptolemy.util.test.junit.AutoTests" name="[0] /home/travis/build/icyphy/ptII/ptolemy/actor/lib/test/auto/AbsoluteValue.xml (RunModel)" time="0.106" />
  <testcase classname="ptolemy.util.test.junit.AutoTests" name="[1] /home/travis/build/icyphy/ptII/ptolemy/actor/lib/test/auto/AbsoluteValue2.xml (RunModel)" time="0.068" />
  <testcase classname="ptolemy.util.test.junit.AutoTests" name="[2] /home/travis/build/icyphy/ptII/ptolemy/actor/lib/test/auto/Accumulator.xml (RunModel)" time="0.055" />
  <testcase classname="ptolemy.util.test.junit.AutoTests" name="[3] /home/travis/build/icyphy/ptII/ptolemy/actor/lib/test/auto/Accumulator2.xml (RunModel)" time="0.052" />
  <testcase classname="ptolemy.util.test.junit.AutoTests" name="[4] /home/travis/build/icyphy/ptII/ptolemy/actor/lib/test/auto/Accumulator3.xml (RunModel)" time="0.028" />
  <testcase classname="ptolemy.util.test.junit.AutoTests" name="[5] /home/travis/build/icyphy/ptII/ptolemy/actor/lib/test/auto/ArrayAppend.xml (RunModel)" time="0.044" />
  <testcase classname="ptolemy.util.test.junit.AutoTests" name="[6] /home/travis/build/icyphy/ptII/ptolemy/actor/lib/test/auto/ArrayAppend2.xml (RunModel)" time="0.735" />
  <testcase classname="ptolemy.util.test.junit.AutoTests" name="[7] /home/travis/build/icyphy/ptII/ptolemy/actor/lib/test/auto/ArrayAppend3.xml (RunModel)" time="0.015" />
  <testcase classname="ptolemy.util.test.junit.AutoTests" name="[8] /home/travis/build/icyphy/ptII/ptolemy/actor/lib/test/auto/ArrayAppend4.xml (RunModel)" time="0.017" />
  <testcase classname="ptolemy.util.test.junit.AutoTests" name="[9] /home/travis/build/icyphy/ptII/ptolemy/actor/lib/test/auto/ArrayAppend5.xml (RunModel)" time="0.018" />
  <testcase classname="ptolemy.util.test.junit.AutoTests" name="[10] /home/travis/build/icyphy/ptII/ptolemy/actor/lib/test/auto/ArrayAppend6.xml (RunModel)" time="0.034" />
  <testcase classname="ptolemy.util.test.junit.AutoTests" name="[11] /home/travis/build/icyphy/ptII/ptolemy/actor/lib/test/auto/ArrayAppendPerformanceTest.xml (RunModel)" time="0.054" />
  <testcase classname="ptolemy.util.test.junit.AutoTests" name="[12] /home/travis/build/icyphy/ptII/ptolemy/actor/lib/test/auto/ArrayAppendWithEmptyInput.xml (RunModel)" time="0.057" />
  <testcase classname="ptolemy.util.test.junit.AutoTests" name="[13] /home/travis/build/icyphy/ptII/ptolemy/actor/lib/test/auto/ArrayAverage.xml (RunModel)" time="0.037" />
  <testcase classname="ptolemy.util.test.junit.AutoTests" name="[14] /home/travis/build/icyphy/ptII/ptolemy/actor/lib/test/auto/ArrayContains.xml (RunModel)" time="0.042" />
  <testcase classname="ptolemy.util.test.junit.AutoTests" name="[15] /home/travis/build/icyphy/ptII/ptolemy/actor/lib/test/auto/ArrayElement.xml (RunModel)" time="0.027" />
  <testcase classname="ptolemy.util.test.junit.AutoTests" name="[16] /home/travis/build/icyphy/ptII/ptolemy/actor/lib/test/auto/ArrayElementAsMatrix.xml (RunModel)" time="0.064" />
  <testcase classname="ptolemy.util.test.junit.AutoTests" name="[17] /home/travis/build/icyphy/ptII/ptolemy/actor/lib/test/auto/ArrayElementI.xml (RunModel)" time="0.031" />
  <testcase classname="ptolemy.util.test.junit.AutoTests" name="[18] /home/travis/build/icyphy/ptII/ptolemy/actor/lib/test/auto/ArrayExtract.xml (RunModel)" time="0.026" />
  <testcase classname="ptolemy.util.test.junit.AutoTests" name="[19] /home/travis/build/icyphy/ptII/ptolemy/actor/lib/test/auto/ArrayExtract2.xml (RunModel)" time="0.016" />
  <testcase classname="ptolemy.util.test.junit.AutoTests" name="[20] /home/travis/build/icyphy/ptII/ptolemy/actor/lib/test/auto/ArrayLength.xml (RunModel)" time="0.016" />
  <testcase classname="ptolemy.util.test.junit.AutoTests" name="[21] /home/travis/build/icyphy/ptII/ptolemy/actor/lib/test/auto/ArrayLevelCrossing.xml (RunModel)" time="0.031" />
  <testcase classname="ptolemy.util.test.junit.AutoTests" name="[22] /home/travis/build/icyphy/ptII/ptolemy/actor/lib/test/auto/ArrayLevelCrossing2.xml (RunModel)" time="0.023" />
  <testcase classname="ptolemy.util.test.junit.AutoTests" name="[23] /home/travis/build/icyphy/ptII/ptolemy/actor/lib/test/auto/ArrayPeakSearch.xml (RunModel)" time="0.039" />
  <testcase classname="ptolemy.util.test.junit.AutoTests" name="[24] /home/travis/build/icyphy/ptII/ptolemy/actor/lib/test/auto/ArrayPeakSearch2.xml (RunModel)" time="0.035" />
  <testcase classname="ptolemy.util.test.junit.AutoTests" name="[25] /home/travis/build/icyphy/ptII/ptolemy/actor/lib/test/auto/ArrayPeakSearch3.xml (RunModel)" time="0.033" />
  <testcase classname="ptolemy.util.test.junit.AutoTests" name="[26] /home/travis/build/icyphy/ptII/ptolemy/actor/lib/test/auto/ArrayRemoveElement.xml (RunModel)" time="0.07" />
  <testcase classname="ptolemy.util.test.junit.AutoTests" name="[27] /home/travis/build/icyphy/ptII/ptolemy/actor/lib/test/auto/ArraySort.xml (RunModel)" time="0.037" />
  <testcase classname="ptolemy.util.test.junit.AutoTests" name="[28] /home/travis/build/icyphy/ptII/ptolemy/actor/lib/test/auto/ArraySum.xml (RunModel)" time="0.019" />
  <testcase classname="ptolemy.util.test.junit.AutoTests" name="[29] /home/travis/build/icyphy/ptII/ptolemy/actor/lib/test/auto/ArrayToElements.xml (RunModel)" time="0.026" />
  <testcase classname="ptolemy.util.test.junit.AutoTests" name="[30] /home/travis/build/icyphy/ptII/ptolemy/actor/lib/test/auto/ArrayToMatrix.xml (RunModel)" time="0.053" />
  <testcase classname="ptolemy.util.test.junit.AutoTests" name="[31] /home/travis/build/icyphy/ptII/ptolemy/actor/lib/test/auto/ArrayUpdate1.xml (RunModel)" time="0.024" />
  <testcase classname="ptolemy.util.test.junit.AutoTests" name="[32] /home/travis/build/icyphy/ptII/ptolemy/actor/lib/test/auto/ArrayUpdate2.xml (RunModel)" time="0.03" />
  <testcase classname="ptolemy.util.test.junit.AutoTests" name="[33] /home/travis/build/icyphy/ptII/ptolemy/actor/lib/test/auto/ArrayUpdate3.xml (RunModel)" time="0.018" />
  <testcase classname="ptolemy.util.test.junit.AutoTests" name="[34] /home/travis/build/icyphy/ptII/ptolemy/actor/lib/test/auto/Assert1.xml (RunModel)" time="0.021" />
  <testcase classname="ptolemy.util.test.junit.AutoTests" name="[35] /home/travis/build/icyphy/ptII/ptolemy/actor/lib/test/auto/Assert2.xml (RunModel)" time="0.019" />
  <testcase classname="ptolemy.util.test.junit.AutoTests" name="[36] /home/travis/build/icyphy/ptII/ptolemy/actor/lib/test/auto/BooleanMultiplexor.xml (RunModel)" time="0.015" />
  <testcase classname="ptolemy.util.test.junit.AutoTests" name="[37] /home/travis/build/icyphy/ptII/ptolemy/actor/lib/test/auto/BooleanMultiplexor2.xml (RunModel)" time="0.027" />
  <testcase classname="ptolemy.util.test.junit.AutoTests" name="[38] /home/travis/build/icyphy/ptII/ptolemy/actor/lib/test/auto/BooleanMultiplexor3.xml (RunModel)" time="0.027" />
  <testcase classname="ptolemy.util.test.junit.AutoTests" name="[39] /home/travis/build/icyphy/ptII/ptolemy/actor/lib/test/auto/BooleanSelect.xml (RunModel)" time="0.021" />
  <testcase classname="ptolemy.util.test.junit.AutoTests" name="[40] /home/travis/build/icyphy/ptII/ptolemy/actor/lib/test/auto/BooleanSelect2.xml (RunModel)" time="0.014" />
  <testcase classname="ptolemy.util.test.junit.AutoTests" name="[41] /home/travis/build/icyphy/ptII/ptolemy/actor/lib/test/auto/BooleanSwitch.xml (RunModel)" time="0.017" />
  <testcase classname="ptolemy.util.test.junit.AutoTests" name="[42] /home/travis/build/icyphy/ptII/ptolemy/actor/lib/test/auto/BooleanSwitch2.xml (RunModel)" time="0.012" />
  <testcase classname="ptolemy.util.test.junit.AutoTests" name="[43] /home/travis/build/icyphy/ptII/ptolemy/actor/lib/test/auto/BooleanSwitchCloningBugWithClassRelationGroup.xml (RunModel)" time="0.026" />
  <testcase classname="ptolemy.util.test.junit.AutoTests" name="[44] /home/travis/build/icyphy/ptII/ptolemy/actor/lib/test/auto/BusActors.xml (RunModel)" time="0.031" />
  <testcase classname="ptolemy.util.test.junit.AutoTests" name="[45] /home/travis/build/icyphy/ptII/ptolemy/actor/lib/test/auto/ClassWrapper.xml (RunModel)" time="0.01" />
  <testcase classname="ptolemy.util.test.junit.AutoTests" name="[46] /home/travis/build/icyphy/ptII/ptolemy/actor/lib/test/auto/Clock.xml (RunModel)" time="0.011" />
  <testcase classname="ptolemy.util.test.junit.AutoTests" name="[47] /home/travis/build/icyphy/ptII/ptolemy/actor/lib/test/auto/Clock10.xml (RunModel)" time="0.013" />
  <testcase classname="ptolemy.util.test.junit.AutoTests" name="[48] /home/travis/build/icyphy/ptII/ptolemy/actor/lib/test/auto/Clock11.xml (RunModel)" time="0.017" />
  <testcase classname="ptolemy.util.test.junit.AutoTests" name="[49] /home/travis/build/icyphy/ptII/ptolemy/actor/lib/test/auto/Clock12.xml (RunModel)" time="0.018" />
  <testcase classname="ptolemy.util.test.junit.AutoTests" name="[50] /home/travis/build/icyphy/ptII/ptolemy/actor/lib/test/auto/Clock13.xml (RunModel)" time="0.019" />
  <testcase classname="ptolemy.util.test.junit.AutoTests" name="[51] /home/travis/build/icyphy/ptII/ptolemy/actor/lib/test/auto/Clock14.xml (RunModel)" time="0.019" />
  <testcase classname="ptolemy.util.test.junit.AutoTests" name="[52] /home/travis/build/icyphy/ptII/ptolemy/actor/lib/test/auto/Clock15.xml (RunModel)" time="0.015" />
  <testcase classname="ptolemy.util.test.junit.AutoTests" name="[53] /home/travis/build/icyphy/ptII/ptolemy/actor/lib/test/auto/Clock16.xml (RunModel)" time="0.065" />
  <testcase classname="ptolemy.util.test.junit.AutoTests" name="[54] /home/travis/build/icyphy/ptII/ptolemy/actor/lib/test/auto/Clock17.xml (RunModel)" time="0.041" />
  <testcase classname="ptolemy.util.test.junit.AutoTests" name="[55] /home/travis/build/icyphy/ptII/ptolemy/actor/lib/test/auto/Clock18.xml (RunModel)" time="0.037" />
  <testcase classname="ptolemy.util.test.junit.AutoTests" name="[56] /home/travis/build/icyphy/ptII/ptolemy/actor/lib/test/auto/Clock19.xml (RunModel)" time="0.035" />
  <testcase classname="ptolemy.util.test.junit.AutoTests" name="[57] /home/travis/build/icyphy/ptII/ptolemy/actor/lib/test/auto/Clock2.xml (RunModel)" time="0.014" />
  <testcase classname="ptolemy.util.test.junit.AutoTests" name="[58] /home/travis/build/icyphy/ptII/ptolemy/actor/lib/test/auto/Clock20.xml (RunModel)" time="0.023" />
  <testcase classname="ptolemy.util.test.junit.AutoTests" name="[59] /home/travis/build/icyphy/ptII/ptolemy/actor/lib/test/auto/Clock21.xml (RunModel)" time="0.018" />
  <testcase classname="ptolemy.util.test.junit.AutoTests" name="[60] /home/travis/build/icyphy/ptII/ptolemy/actor/lib/test/auto/Clock22.xml (RunModel)" time="0.014" />
  <testcase classname="ptolemy.util.test.junit.AutoTests" name="[61] /home/travis/build/icyphy/ptII/ptolemy/actor/lib/test/auto/Clock23.xml (RunModel)" time="0.015" />
  <testcase classname="ptolemy.util.test.junit.AutoTests" name="[62] /home/travis/build/icyphy/ptII/ptolemy/actor/lib/test/auto/Clock24.xml (RunModel)" time="0.018" />
  <testcase classname="ptolemy.util.test.junit.AutoTests" name="[63] /home/travis/build/icyphy/ptII/ptolemy/actor/lib/test/auto/Clock4.xml (RunModel)" time="0.013" />
  <testcase classname="ptolemy.util.test.junit.AutoTests" name="[64] /home/travis/build/icyphy/ptII/ptolemy/actor/lib/test/auto/Clock5.xml (RunModel)" time="0.014" />
  <testcase classname="ptolemy.util.test.junit.AutoTests" name="[65] /home/travis/build/icyphy/ptII/ptolemy/actor/lib/test/auto/Clock6.xml (RunModel)" time="0.01" />
  <testcase classname="ptolemy.util.test.junit.AutoTests" name="[66] /home/travis/build/icyphy/ptII/ptolemy/actor/lib/test/auto/Clock7.xml (RunModel)" time="0.009" />
  <testcase classname="ptolemy.util.test.junit.AutoTests" name="[67] /home/travis/build/icyphy/ptII/ptolemy/actor/lib/test/auto/Clock8.xml (RunModel)" time="0.014" />
  <testcase classname="ptolemy.util.test.junit.AutoTests" name="[68] /home/travis/build/icyphy/ptII/ptolemy/actor/lib/test/auto/Clock9.xml (RunModel)" time="0.014" />
  <testcase classname="ptolemy.util.test.junit.AutoTests" name="[69] /home/travis/build/icyphy/ptII/ptolemy/actor/lib/test/auto/CommDistDiscard.xml (RunModel)" time="0.024" />
  <testcase classname="ptolemy.util.test.junit.AutoTests" name="[70] /home/travis/build/icyphy/ptII/ptolemy/actor/lib/test/auto/Commutator.xml (RunModel)" time="0.015" />
  <testcase classname="ptolemy.util.test.junit.AutoTests" name="[71] /home/travis/build/icyphy/ptII/ptolemy/actor/lib/test/auto/Commutator2.xml (RunModel)" time="0.011" />
  <testcase classname="ptolemy.util.test.junit.AutoTests" name="[72] /home/travis/build/icyphy/ptII/ptolemy/actor/lib/test/auto/Commutator3.xml (RunModel)" time="0.013" />
  <testcase classname="ptolemy.util.test.junit.AutoTests" name="[73] /home/travis/build/icyphy/ptII/ptolemy/actor/lib/test/auto/Compare.xml (RunModel)" time="0.022" />
  <testcase classname="ptolemy.util.test.junit.AutoTests" name="[74] /home/travis/build/icyphy/ptII/ptolemy/actor/lib/test/auto/CompareDE.xml (RunModel)" time="0.017" />
  <testcase classname="ptolemy.util.test.junit.AutoTests" name="[75] /home/travis/build/icyphy/ptII/ptolemy/actor/lib/test/auto/ComplexDivide.xml (RunModel)" time="0.008" />
  <testcase classname="ptolemy.util.test.junit.AutoTests" name="[76] /home/travis/build/icyphy/ptII/ptolemy/actor/lib/test/auto/ComputeHistogram.xml (RunModel)" time="0.066" />
  <testcase classname="ptolemy.util.test.junit.AutoTests" name="[77] /home/travis/build/icyphy/ptII/ptolemy/actor/lib/test/auto/ConfigurationSelect.xml (RunModel)" time="0.019" />
  <testcase classname="ptolemy.util.test.junit.AutoTests" name="[78] /home/travis/build/icyphy/ptII/ptolemy/actor/lib/test/auto/ConfigurationSelect2.xml (RunModel)" time="0.015" />
  <testcase classname="ptolemy.util.test.junit.AutoTests" name="[79] /home/travis/build/icyphy/ptII/ptolemy/actor/lib/test/auto/ConfigurationSwitch.xml (RunModel)" time="0.024" />
  <testcase classname="ptolemy.util.test.junit.AutoTests" name="[80] /home/travis/build/icyphy/ptII/ptolemy/actor/lib/test/auto/ConfigurationSwitch2.xml (RunModel)" time="0.013" />
  <testcase classname="ptolemy.util.test.junit.AutoTests" name="[81] /home/travis/build/icyphy/ptII/ptolemy/actor/lib/test/auto/ConfigurationSwitchCloningBugWithClassRelationGroup.xml (RunModel)" time="0.016" />
  <testcase classname="ptolemy.util.test.junit.AutoTests" name="[82] /home/travis/build/icyphy/ptII/ptolemy/actor/lib/test/auto/ConfigurationSwitchSelectSDF.xml (RunModel)" time="0.017" />
  <testcase classname="ptolemy.util.test.junit.AutoTests" name="[83] /home/travis/build/icyphy/ptII/ptolemy/actor/lib/test/auto/ConfigurationSwitchSelectSDF2.xml (RunModel)" time="0.012" />
  <testcase classname="ptolemy.util.test.junit.AutoTests" name="[84] /home/travis/build/icyphy/ptII/ptolemy/actor/lib/test/auto/Const.xml (RunModel)" time="0.006" />
  <testcase classname="ptolemy.util.test.junit.AutoTests" name="[85] /home/travis/build/icyphy/ptII/ptolemy/actor/lib/test/auto/Const2.xml (RunModel)" time="0.01" />
  <testcase classname="ptolemy.util.test.junit.AutoTests" name="[86] /home/travis/build/icyphy/ptII/ptolemy/actor/lib/test/auto/Const3.xml (RunModel)" time="0.006" />
  <testcase classname="ptolemy.util.test.junit.AutoTests" name="[87] /home/travis/build/icyphy/ptII/ptolemy/actor/lib/test/auto/ConstantPublisherPort1.xml (RunModel)" time="0.021" />
  <testcase classname="ptolemy.util.test.junit.AutoTests" name="[88] /home/travis/build/icyphy/ptII/ptolemy/actor/lib/test/auto/ConstantPublisherPort2.xml (RunModel)" time="0.024" />
  <testcase classname="ptolemy.util.test.junit.AutoTests" name="[89] /home/travis/build/icyphy/ptII/ptolemy/actor/lib/test/auto/ConstantPublisherPort3.xml (RunModel)" time="0.022" />
  <testcase classname="ptolemy.util.test.junit.AutoTests" name="[90] /home/travis/build/icyphy/ptII/ptolemy/actor/lib/test/auto/ConstantPublisherPort4.xml (RunModel)" time="0.014" />
  <testcase classname="ptolemy.util.test.junit.AutoTests" name="[91] /home/travis/build/icyphy/ptII/ptolemy/actor/lib/test/auto/ConstantPublisherPort5.xml (RunModel)" time="0.034" />
  <testcase classname="ptolemy.util.test.junit.AutoTests" name="[92] /home/travis/build/icyphy/ptII/ptolemy/actor/lib/test/auto/ConstantPublisherPort6.xml (RunModel)" time="0.031" />
  <testcase classname="ptolemy.util.test.junit.AutoTests" name="[93] /home/travis/build/icyphy/ptII/ptolemy/actor/lib/test/auto/ConstantPublisherPort7.xml (RunModel)" time="0.033" />
  <testcase classname="ptolemy.util.test.junit.AutoTests" name="[94] /home/travis/build/icyphy/ptII/ptolemy/actor/lib/test/auto/ConstraintMonitor1.xml (RunModel)" time="0.028" />
  <testcase classname="ptolemy.util.test.junit.AutoTests" name="[95] /home/travis/build/icyphy/ptII/ptolemy/actor/lib/test/auto/ConstraintMonitor2.xml (RunModel)" time="0.014" />
  <testcase classname="ptolemy.util.test.junit.AutoTests" name="[96] /home/travis/build/icyphy/ptII/ptolemy/actor/lib/test/auto/ConstraintMonitor3.xml (RunModel)" time="0.011" />
  <testcase classname="ptolemy.util.test.junit.AutoTests" name="[97] /home/travis/build/icyphy/ptII/ptolemy/actor/lib/test/auto/ConstraintMonitor4.xml (RunModel)" time="0.01" />
  <testcase classname="ptolemy.util.test.junit.AutoTests" name="[98] /home/travis/build/icyphy/ptII/ptolemy/actor/lib/test/auto/ConstraintMonitor5.xml (RunModel)" time="0.014" />
  <testcase classname="ptolemy.util.test.junit.AutoTests" name="[99] /home/travis/build/icyphy/ptII/ptolemy/actor/lib/test/auto/ConstraintMonitor6.xml (RunModel)" time="0.018" />
  <testcase classname="ptolemy.util.test.junit.AutoTests" name="[100] /home/travis/build/icyphy/ptII/ptolemy/actor/lib/test/auto/ConstraintMonitor7.xml (RunModel)" time="0.022" />
  <testcase classname="ptolemy.util.test.junit.AutoTests" name="[101] /home/travis/build/icyphy/ptII/ptolemy/actor/lib/test/auto/ConstraintMonitor8.xml (RunModel)" time="0.013" />
  <testcase classname="ptolemy.util.test.junit.AutoTests" name="[102] /home/travis/build/icyphy/ptII/ptolemy/actor/lib/test/auto/Counter.xml (RunModel)" time="0.012" />
  <testcase classname="ptolemy.util.test.junit.AutoTests" name="[103] /home/travis/build/icyphy/ptII/ptolemy/actor/lib/test/auto/CurrentTimeSDF.xml (RunModel)" time="0.009" />
  <testcase classname="ptolemy.util.test.junit.AutoTests" name="[104] /home/travis/build/icyphy/ptII/ptolemy/actor/lib/test/auto/DB.xml (RunModel)" time="0.014" />
  <testcase classname="ptolemy.util.test.junit.AutoTests" name="[105] /home/travis/build/icyphy/ptII/ptolemy/actor/lib/test/auto/DBDE.xml (RunModel)" time="0.017" />
  <testcase classname="ptolemy.util.test.junit.AutoTests" name="[106] /home/travis/build/icyphy/ptII/ptolemy/actor/lib/test/auto/DateConstructor.xml (RunModel)" time="0.054" />
  <testcase classname="ptolemy.util.test.junit.AutoTests" name="[107] /home/travis/build/icyphy/ptII/ptolemy/actor/lib/test/auto/DelayTime.xml (RunModel)" time="0.015" />
  <testcase classname="ptolemy.util.test.junit.AutoTests" name="[108] /home/travis/build/icyphy/ptII/ptolemy/actor/lib/test/auto/Dictionary1.xml (RunModel)" time="0.016" />
  <testcase classname="ptolemy.util.test.junit.AutoTests" name="[109] /home/travis/build/icyphy/ptII/ptolemy/actor/lib/test/auto/Dictionary2.xml (RunModel)" time="0.018" />
  <testcase classname="ptolemy.util.test.junit.AutoTests" name="[110] /home/travis/build/icyphy/ptII/ptolemy/actor/lib/test/auto/Dictionary3.xml (RunModel)" time="0.012" />
  <testcase classname="ptolemy.util.test.junit.AutoTests" name="[111] /home/travis/build/icyphy/ptII/ptolemy/actor/lib/test/auto/Dictionary4.xml (RunModel)" time="0.022" />
  <testcase classname="ptolemy.util.test.junit.AutoTests" name="[112] /home/travis/build/icyphy/ptII/ptolemy/actor/lib/test/auto/Differential.xml (RunModel)" time="0.011" />
  <testcase classname="ptolemy.util.test.junit.AutoTests" name="[113] /home/travis/build/icyphy/ptII/ptolemy/actor/lib/test/auto/Director.xml (RunModel)" time="0.01" />
  <testcase classname="ptolemy.util.test.junit.AutoTests" name="[114] /home/travis/build/icyphy/ptII/ptolemy/actor/lib/test/auto/DiscreteClock.xml (RunModel)" time="0.011" />
  <testcase classname="ptolemy.util.test.junit.AutoTests" name="[115] /home/travis/build/icyphy/ptII/ptolemy/actor/lib/test/auto/DiscreteClock10.xml (RunModel)" time="0.015" />
  <testcase classname="ptolemy.util.test.junit.AutoTests" name="[116] /home/travis/build/icyphy/ptII/ptolemy/actor/lib/test/auto/DiscreteClock11.xml (RunModel)" time="0.013" />
  <testcase classname="ptolemy.util.test.junit.AutoTests" name="[117] /home/travis/build/icyphy/ptII/ptolemy/actor/lib/test/auto/DiscreteClock12.xml (RunModel)" time="0.013" />
  <testcase classname="ptolemy.util.test.junit.AutoTests" name="[118] /home/travis/build/icyphy/ptII/ptolemy/actor/lib/test/auto/DiscreteClock13.xml (RunModel)" time="0.017" />
  <testcase classname="ptolemy.util.test.junit.AutoTests" name="[119] /home/travis/build/icyphy/ptII/ptolemy/actor/lib/test/auto/DiscreteClock14.xml (RunModel)" time="0.017" />
  <testcase classname="ptolemy.util.test.junit.AutoTests" name="[120] /home/travis/build/icyphy/ptII/ptolemy/actor/lib/test/auto/DiscreteClock15.xml (RunModel)" time="0.017" />
  <testcase classname="ptolemy.util.test.junit.AutoTests" name="[121] /home/travis/build/icyphy/ptII/ptolemy/actor/lib/test/auto/DiscreteClock16.xml (RunModel)" time="0.049" />
  <testcase classname="ptolemy.util.test.junit.AutoTests" name="[122] /home/travis/build/icyphy/ptII/ptolemy/actor/lib/test/auto/DiscreteClock17.xml (RunModel)" time="0.04" />
  <testcase classname="ptolemy.util.test.junit.AutoTests" name="[123] /home/travis/build/icyphy/ptII/ptolemy/actor/lib/test/auto/DiscreteClock18.xml (RunModel)" time="0.034" />
  <testcase classname="ptolemy.util.test.junit.AutoTests" name="[124] /home/travis/build/icyphy/ptII/ptolemy/actor/lib/test/auto/DiscreteClock19.xml (RunModel)" time="0.046" />
  <testcase classname="ptolemy.util.test.junit.AutoTests" name="[125] /home/travis/build/icyphy/ptII/ptolemy/actor/lib/test/auto/DiscreteClock2.xml (RunModel)" time="0.013" />
  <testcase classname="ptolemy.util.test.junit.AutoTests" name="[126] /home/travis/build/icyphy/ptII/ptolemy/actor/lib/test/auto/DiscreteClock20.xml (RunModel)" time="0.024" />
  <testcase classname="ptolemy.util.test.junit.AutoTests" name="[127] /home/travis/build/icyphy/ptII/ptolemy/actor/lib/test/auto/DiscreteClock21.xml (RunModel)" time="0.019" />
  <testcase classname="ptolemy.util.test.junit.AutoTests" name="[128] /home/travis/build/icyphy/ptII/ptolemy/actor/lib/test/auto/DiscreteClock22.xml (RunModel)" time="0.016" />
  <testcase classname="ptolemy.util.test.junit.AutoTests" name="[129] /home/travis/build/icyphy/ptII/ptolemy/actor/lib/test/auto/DiscreteClock23.xml (RunModel)" time="0.022" />
  <testcase classname="ptolemy.util.test.junit.AutoTests" name="[130] /home/travis/build/icyphy/ptII/ptolemy/actor/lib/test/auto/DiscreteClock24.xml (RunModel)" time="0.444" />
  <testcase classname="ptolemy.util.test.junit.AutoTests" name="[131] /home/travis/build/icyphy/ptII/ptolemy/actor/lib/test/auto/DiscreteClock4.xml (RunModel)" time="0.01" />
  <testcase classname="ptolemy.util.test.junit.AutoTests" name="[132] /home/travis/build/icyphy/ptII/ptolemy/actor/lib/test/auto/DiscreteClock5.xml (RunModel)" time="0.01" />
  <testcase classname="ptolemy.util.test.junit.AutoTests" name="[133] /home/travis/build/icyphy/ptII/ptolemy/actor/lib/test/auto/DiscreteClock6.xml (RunModel)" time="0.008" />
  <testcase classname="ptolemy.util.test.junit.AutoTests" name="[134] /home/travis/build/icyphy/ptII/ptolemy/actor/lib/test/auto/DiscreteClock7.xml (RunModel)" time="0.011" />
  <testcase classname="ptolemy.util.test.junit.AutoTests" name="[135] /home/travis/build/icyphy/ptII/ptolemy/actor/lib/test/auto/DiscreteClock8.xml (RunModel)" time="0.018" />
  <testcase classname="ptolemy.util.test.junit.AutoTests" name="[136] /home/travis/build/icyphy/ptII/ptolemy/actor/lib/test/auto/DiscreteClock9.xml (RunModel)" time="0.014" />
  <testcase classname="ptolemy.util.test.junit.AutoTests" name="[137] /home/travis/build/icyphy/ptII/ptolemy/actor/lib/test/auto/DisplayArray.xml (RunModel)" time="0.023" />
  <testcase classname="ptolemy.util.test.junit.AutoTests" name="[138] /home/travis/build/icyphy/ptII/ptolemy/actor/lib/test/auto/Distributor.xml (RunModel)" time="0.009" />
  <testcase classname="ptolemy.util.test.junit.AutoTests" name="[139] /home/travis/build/icyphy/ptII/ptolemy/actor/lib/test/auto/Distributor2.xml (RunModel)" time="0.009" />
  <testcase classname="ptolemy.util.test.junit.AutoTests" name="[140] /home/travis/build/icyphy/ptII/ptolemy/actor/lib/test/auto/DownSample.xml (RunModel)" time="0.008" />
  <testcase classname="ptolemy.util.test.junit.AutoTests" name="[141] /home/travis/build/icyphy/ptII/ptolemy/actor/lib/test/auto/ElectronicUnitBase1.xml (RunModel)" time="0.059" />
  <testcase classname="ptolemy.util.test.junit.AutoTests" name="[142] /home/travis/build/icyphy/ptII/ptolemy/actor/lib/test/auto/ElementsToArray.xml (RunModel)" time="0.01" />
  <testcase classname="ptolemy.util.test.junit.AutoTests" name="[143] /home/travis/build/icyphy/ptII/ptolemy/actor/lib/test/auto/Equals.xml (RunModel)" time="0.015" />
  <testcase classname="ptolemy.util.test.junit.AutoTests" name="[144] /home/travis/build/icyphy/ptII/ptolemy/actor/lib/test/auto/Exec.xml (RunModel)" time="0.019" />
  <testcase classname="ptolemy.util.test.junit.AutoTests" name="[145] /home/travis/build/icyphy/ptII/ptolemy/actor/lib/test/auto/ExecEnvironment.xml (RunModel)" time="0.025" />
  <testcase classname="ptolemy.util.test.junit.AutoTests" name="[146] /home/travis/build/icyphy/ptII/ptolemy/actor/lib/test/auto/ExecNonZeroReturnOutput.xml (RunModel)" time="0.153" />
  <testcase classname="ptolemy.util.test.junit.AutoTests" name="[147] /home/travis/build/icyphy/ptII/ptolemy/actor/lib/test/auto/ExecRunDemos.xml (RunModel)" time="9.483" />
  <testcase classname="ptolemy.util.test.junit.AutoTests" name="[148] /home/travis/build/icyphy/ptII/ptolemy/actor/lib/test/auto/ExecStop.xml (RunModel)" time="5.025" />
  <testcase classname="ptolemy.util.test.junit.AutoTests" name="[149] /home/travis/build/icyphy/ptII/ptolemy/actor/lib/test/auto/ExecutionTimeSDF.xml (RunModel)" time="6.027" />
  <testcase classname="ptolemy.util.test.junit.AutoTests" name="[150] /home/travis/build/icyphy/ptII/ptolemy/actor/lib/test/auto/Expression1.xml (RunModel)" time="0.011" />
  <testcase classname="ptolemy.util.test.junit.AutoTests" name="[151] /home/travis/build/icyphy/ptII/ptolemy/actor/lib/test/auto/Expression10.xml (RunModel)" time="0.014" />
  <testcase classname="ptolemy.util.test.junit.AutoTests" name="[152] /home/travis/build/icyphy/ptII/ptolemy/actor/lib/test/auto/Expression11.xml (RunModel)" time="0.01" />
  <testcase classname="ptolemy.util.test.junit.AutoTests" name="[153] /home/travis/build/icyphy/ptII/ptolemy/actor/lib/test/auto/Expression12.xml (RunModel)" time="0.014" />
  <testcase classname="ptolemy.util.test.junit.AutoTests" name="[154] /home/travis/build/icyphy/ptII/ptolemy/actor/lib/test/auto/Expression13.xml (RunModel)" time="0.022" />
  <testcase classname="ptolemy.util.test.junit.AutoTests" name="[155] /home/travis/build/icyphy/ptII/ptolemy/actor/lib/test/auto/Expression14.xml (RunModel)" time="0.027" />
  <testcase classname="ptolemy.util.test.junit.AutoTests" name="[156] /home/travis/build/icyphy/ptII/ptolemy/actor/lib/test/auto/Expression15.xml (RunModel)" time="0.008" />
  <testcase classname="ptolemy.util.test.junit.AutoTests" name="[157] /home/travis/build/icyphy/ptII/ptolemy/actor/lib/test/auto/Expression16.xml (RunModel)" time="0.011" />
  <testcase classname="ptolemy.util.test.junit.AutoTests" name="[158] /home/travis/build/icyphy/ptII/ptolemy/actor/lib/test/auto/Expression17.xml (RunModel)" time="0.011" />
  <testcase classname="ptolemy.util.test.junit.AutoTests" name="[159] /home/travis/build/icyphy/ptII/ptolemy/actor/lib/test/auto/Expression18.xml (RunModel)" time="0.02" />
  <testcase classname="ptolemy.util.test.junit.AutoTests" name="[160] /home/travis/build/icyphy/ptII/ptolemy/actor/lib/test/auto/Expression2.xml (RunModel)" time="0.012" />
  <testcase classname="ptolemy.util.test.junit.AutoTests" name="[161] /home/travis/build/icyphy/ptII/ptolemy/actor/lib/test/auto/Expression3.xml (RunModel)" time="0.012" />
  <testcase classname="ptolemy.util.test.junit.AutoTests" name="[162] /home/travis/build/icyphy/ptII/ptolemy/actor/lib/test/auto/Expression4.xml (RunModel)" time="0.019" />
  <testcase classname="ptolemy.util.test.junit.AutoTests" name="[163] /home/travis/build/icyphy/ptII/ptolemy/actor/lib/test/auto/Expression5.xml (RunModel)" time="0.011" />
  <testcase classname="ptolemy.util.test.junit.AutoTests" name="[164] /home/travis/build/icyphy/ptII/ptolemy/actor/lib/test/auto/Expression6.xml (RunModel)" time="0.01" />
  <testcase classname="ptolemy.util.test.junit.AutoTests" name="[165] /home/travis/build/icyphy/ptII/ptolemy/actor/lib/test/auto/Expression7.xml (RunModel)" time="0.01" />
  <testcase classname="ptolemy.util.test.junit.AutoTests" name="[166] /home/travis/build/icyphy/ptII/ptolemy/actor/lib/test/auto/Expression8.xml (RunModel)" time="0.018" />
  <testcase classname="ptolemy.util.test.junit.AutoTests" name="[167] /home/travis/build/icyphy/ptII/ptolemy/actor/lib/test/auto/Expression9.xml (RunModel)" time="0.01" />
  <testcase classname="ptolemy.util.test.junit.AutoTests" name="[168] /home/travis/build/icyphy/ptII/ptolemy/actor/lib/test/auto/ExpressionConcatenateArrayType.xml (RunModel)" time="0.022" />
  <testcase classname="ptolemy.util.test.junit.AutoTests" name="[169] /home/travis/build/icyphy/ptII/ptolemy/actor/lib/test/auto/ExpressionConcatenateArrayType2.xml (RunModel)" time="0.016" />
  <testcase classname="ptolemy.util.test.junit.AutoTests" name="[170] /home/travis/build/icyphy/ptII/ptolemy/actor/lib/test/auto/ExpressionFix.xml (RunModel)" time="0.025" />
  <testcase classname="ptolemy.util.test.junit.AutoTests" name="[171] /home/travis/build/icyphy/ptII/ptolemy/actor/lib/test/auto/ExpressionFix2.xml (RunModel)" time="0.01" />
  <testcase classname="ptolemy.util.test.junit.AutoTests" name="[172] /home/travis/build/icyphy/ptII/ptolemy/actor/lib/test/auto/ExpressionFix3.xml (RunModel)" time="0.016" />
  <testcase classname="ptolemy.util.test.junit.AutoTests" name="[173] /home/travis/build/icyphy/ptII/ptolemy/actor/lib/test/auto/FileWriter1.xml (RunModel)" time="0.009" />
  <testcase classname="ptolemy.util.test.junit.AutoTests" name="[174] /home/travis/build/icyphy/ptII/ptolemy/actor/lib/test/auto/FileWriter2.xml (RunModel)" time="0.009" />
  <testcase classname="ptolemy.util.test.junit.AutoTests" name="[175] /home/travis/build/icyphy/ptII/ptolemy/actor/lib/test/auto/FileWriter3.xml (RunModel)" time="0.021" />
  <testcase classname="ptolemy.util.test.junit.AutoTests" name="[176] /home/travis/build/icyphy/ptII/ptolemy/actor/lib/test/auto/Gaussian.xml (RunModel)" time="0.014" />
  <testcase classname="ptolemy.util.test.junit.AutoTests" name="[177] /home/travis/build/icyphy/ptII/ptolemy/actor/lib/test/auto/Gaussian1.xml (RunModel)" time="0.014" />
  <testcase classname="ptolemy.util.test.junit.AutoTests" name="[178] /home/travis/build/icyphy/ptII/ptolemy/actor/lib/test/auto/Gaussian2.xml (RunModel)" time="0.019" />
  <testcase classname="ptolemy.util.test.junit.AutoTests" name="[179] /home/travis/build/icyphy/ptII/ptolemy/actor/lib/test/auto/GradientAdaptiveLattice.xml (RunModel)" time="0.025" />
  <testcase classname="ptolemy.util.test.junit.AutoTests" name="[180] /home/travis/build/icyphy/ptII/ptolemy/actor/lib/test/auto/IIR.xml (RunModel)" time="0.018" />
  <testcase classname="ptolemy.util.test.junit.AutoTests" name="[181] /home/travis/build/icyphy/ptII/ptolemy/actor/lib/test/auto/InputOutputTransparentPorts.xml (RunModel)" time="0.021" />
  <testcase classname="ptolemy.util.test.junit.AutoTests" name="[182] /home/travis/build/icyphy/ptII/ptolemy/actor/lib/test/auto/Interpolator.xml (RunModel)" time="0.02" />
  <testcase classname="ptolemy.util.test.junit.AutoTests" name="[183] /home/travis/build/icyphy/ptII/ptolemy/actor/lib/test/auto/InterpolatorFiringLimitDE.xml (RunModel)" time="0.012" />
  <testcase classname="ptolemy.util.test.junit.AutoTests" name="[184] /home/travis/build/icyphy/ptII/ptolemy/actor/lib/test/auto/Lattice.xml (RunModel)" time="0.011" />
  <testcase classname="ptolemy.util.test.junit.AutoTests" name="[185] /home/travis/build/icyphy/ptII/ptolemy/actor/lib/test/auto/LazyAOCTestLazy.xml (RunModel)" time="0.042" />
  <testcase classname="ptolemy.util.test.junit.AutoTests" name="[186] /home/travis/build/icyphy/ptII/ptolemy/actor/lib/test/auto/LazyAOCTestNonLazy.xml (RunModel)" time="0.05" />
  <testcase classname="ptolemy.util.test.junit.AutoTests" name="[187] /home/travis/build/icyphy/ptII/ptolemy/actor/lib/test/auto/LazyInnerClass.xml (RunModel)" time="0.051" />
  <testcase classname="ptolemy.util.test.junit.AutoTests" name="[188] /home/travis/build/icyphy/ptII/ptolemy/actor/lib/test/auto/LazyPubSub.xml (RunModel)" time="0.058" />
  <testcase classname="ptolemy.util.test.junit.AutoTests" name="[189] /home/travis/build/icyphy/ptII/ptolemy/actor/lib/test/auto/LazyPubSub2.xml (RunModel)" time="0.033" />
  <testcase classname="ptolemy.util.test.junit.AutoTests" name="[190] /home/travis/build/icyphy/ptII/ptolemy/actor/lib/test/auto/LazyPubSub3.xml (RunModel)" time="0.025" />
  <testcase classname="ptolemy.util.test.junit.AutoTests" name="[191] /home/travis/build/icyphy/ptII/ptolemy/actor/lib/test/auto/LazySubClassModel.xml (RunModel)" time="0.023" />
  <testcase classname="ptolemy.util.test.junit.AutoTests" name="[192] /home/travis/build/icyphy/ptII/ptolemy/actor/lib/test/auto/LevelCrossTest1.xml (RunModel)" time="0.009" />
  <testcase classname="ptolemy.util.test.junit.AutoTests" name="[193] /home/travis/build/icyphy/ptII/ptolemy/actor/lib/test/auto/LevelCrossTest10.xml (RunModel)" time="0.016" />
  <testcase classname="ptolemy.util.test.junit.AutoTests" name="[194] /home/travis/build/icyphy/ptII/ptolemy/actor/lib/test/auto/LevelCrossTest11.xml (RunModel)" time="0.013" />
  <testcase classname="ptolemy.util.test.junit.AutoTests" name="[195] /home/travis/build/icyphy/ptII/ptolemy/actor/lib/test/auto/LevelCrossTest12.xml (RunModel)" time="0.015" />
  <testcase classname="ptolemy.util.test.junit.AutoTests" name="[196] /home/travis/build/icyphy/ptII/ptolemy/actor/lib/test/auto/LevelCrossTest13.xml (RunModel)" time="0.013" />
  <testcase classname="ptolemy.util.test.junit.AutoTests" name="[197] /home/travis/build/icyphy/ptII/ptolemy/actor/lib/test/auto/LevelCrossTest2.xml (RunModel)" time="0.012" />
  <testcase classname="ptolemy.util.test.junit.AutoTests" name="[198] /home/travis/build/icyphy/ptII/ptolemy/actor/lib/test/auto/LevelCrossTest3.xml (RunModel)" time="0.012" />
  <testcase classname="ptolemy.util.test.junit.AutoTests" name="[199] /home/travis/build/icyphy/ptII/ptolemy/actor/lib/test/auto/LevelCrossTest4.xml (RunModel)" time="0.01" />
  <testcase classname="ptolemy.util.test.junit.AutoTests" name="[200] /home/travis/build/icyphy/ptII/ptolemy/actor/lib/test/auto/LevelCrossTest5.xml (RunModel)" time="0.016" />
  <testcase classname="ptolemy.util.test.junit.AutoTests" name="[201] /home/travis/build/icyphy/ptII/ptolemy/actor/lib/test/auto/LevelCrossTest6.xml (RunModel)" time="0.012" />
  <testcase classname="ptolemy.util.test.junit.AutoTests" name="[202] /home/travis/build/icyphy/ptII/ptolemy/actor/lib/test/auto/LevelCrossTest7.xml (RunModel)" time="0.021" />
  <testcase classname="ptolemy.util.test.junit.AutoTests" name="[203] /home/travis/build/icyphy/ptII/ptolemy/actor/lib/test/auto/LevelCrossTest8.xml (RunModel)" time="0.013" />
  <testcase classname="ptolemy.util.test.junit.AutoTests" name="[204] /home/travis/build/icyphy/ptII/ptolemy/actor/lib/test/auto/LevelCrossTest9.xml (RunModel)" time="0.012" />
  <testcase classname="ptolemy.util.test.junit.AutoTests" name="[205] /home/travis/build/icyphy/ptII/ptolemy/actor/lib/test/auto/LevinsonDurbin.xml (RunModel)" time="0.013" />
  <testcase classname="ptolemy.util.test.junit.AutoTests" name="[206] /home/travis/build/icyphy/ptII/ptolemy/actor/lib/test/auto/LevinsonDurbin2.xml (RunModel)" time="0.008" />
  <testcase classname="ptolemy.util.test.junit.AutoTests" name="[207] /home/travis/build/icyphy/ptII/ptolemy/actor/lib/test/auto/LevinsonDurbin3.xml (RunModel)" time="0.008" />
  <testcase classname="ptolemy.util.test.junit.AutoTests" name="[208] /home/travis/build/icyphy/ptII/ptolemy/actor/lib/test/auto/Limiter.xml (RunModel)" time="0.032" />
  <testcase classname="ptolemy.util.test.junit.AutoTests" name="[209] /home/travis/build/icyphy/ptII/ptolemy/actor/lib/test/auto/LinearDifferenceEquationSystem.xml (RunModel)" time="0.027" />
  <testcase classname="ptolemy.util.test.junit.AutoTests" name="[210] /home/travis/build/icyphy/ptII/ptolemy/actor/lib/test/auto/LookupTable.xml (RunModel)" time="0.015" />
  <testcase classname="ptolemy.util.test.junit.AutoTests" name="[211] /home/travis/build/icyphy/ptII/ptolemy/actor/lib/test/auto/MathFunction.xml (RunModel)" time="0.018" />
  <testcase classname="ptolemy.util.test.junit.AutoTests" name="[212] /home/travis/build/icyphy/ptII/ptolemy/actor/lib/test/auto/MathFunction2.xml (RunModel)" time="0.01" />
  <testcase classname="ptolemy.util.test.junit.AutoTests" name="[213] /home/travis/build/icyphy/ptII/ptolemy/actor/lib/test/auto/MathFunction3.xml (RunModel)" time="0.015" />
  <testcase classname="ptolemy.util.test.junit.AutoTests" name="[214] /home/travis/build/icyphy/ptII/ptolemy/actor/lib/test/auto/MatrixCropBoolean.xml (RunModel)" time="0.01" />
  <testcase classname="ptolemy.util.test.junit.AutoTests" name="[215] /home/travis/build/icyphy/ptII/ptolemy/actor/lib/test/auto/MatrixCropComplex.xml (RunModel)" time="0.009" />
  <testcase classname="ptolemy.util.test.junit.AutoTests" name="[216] /home/travis/build/icyphy/ptII/ptolemy/actor/lib/test/auto/MatrixCropDouble.xml (RunModel)" time="0.011" />
  <testcase classname="ptolemy.util.test.junit.AutoTests" name="[217] /home/travis/build/icyphy/ptII/ptolemy/actor/lib/test/auto/MatrixCropFix.xml (RunModel)" time="0.012" />
  <testcase classname="ptolemy.util.test.junit.AutoTests" name="[218] /home/travis/build/icyphy/ptII/ptolemy/actor/lib/test/auto/MatrixCropInt.xml (RunModel)" time="0.008" />
  <testcase classname="ptolemy.util.test.junit.AutoTests" name="[219] /home/travis/build/icyphy/ptII/ptolemy/actor/lib/test/auto/MatrixCropLong.xml (RunModel)" time="0.009" />
  <testcase classname="ptolemy.util.test.junit.AutoTests" name="[220] /home/travis/build/icyphy/ptII/ptolemy/actor/lib/test/auto/MatrixToArray.xml (RunModel)" time="0.059" />
  <testcase classname="ptolemy.util.test.junit.AutoTests" name="[221] /home/travis/build/icyphy/ptII/ptolemy/actor/lib/test/auto/MaxIndex.xml (RunModel)" time="0.009" />
  <testcase classname="ptolemy.util.test.junit.AutoTests" name="[222] /home/travis/build/icyphy/ptII/ptolemy/actor/lib/test/auto/Maximum.xml (RunModel)" time="0.015" />
  <testcase classname="ptolemy.util.test.junit.AutoTests" name="[223] /home/travis/build/icyphy/ptII/ptolemy/actor/lib/test/auto/MaximumComplex.xml (RunModel)" time="0.016" />
  <testcase classname="ptolemy.util.test.junit.AutoTests" name="[224] /home/travis/build/icyphy/ptII/ptolemy/actor/lib/test/auto/MethodCallTest.xml (RunModel)" time="0.023" />
  <testcase classname="ptolemy.util.test.junit.AutoTests" name="[225] /home/travis/build/icyphy/ptII/ptolemy/actor/lib/test/auto/Minimum.xml (RunModel)" time="0.011" />
  <testcase classname="ptolemy.util.test.junit.AutoTests" name="[226] /home/travis/build/icyphy/ptII/ptolemy/actor/lib/test/auto/MinimumComplex.xml (RunModel)" time="0.016" />
  <testcase classname="ptolemy.util.test.junit.AutoTests" name="[227] /home/travis/build/icyphy/ptII/ptolemy/actor/lib/test/auto/MinimumMultiports.xml (RunModel)" time="0.023" />
  <testcase classname="ptolemy.util.test.junit.AutoTests" name="[228] /home/travis/build/icyphy/ptII/ptolemy/actor/lib/test/auto/ModifyDate.xml (RunModel)" time="0.037" />
  <testcase classname="ptolemy.util.test.junit.AutoTests" name="[229] /home/travis/build/icyphy/ptII/ptolemy/actor/lib/test/auto/ModifyDate2.xml (RunModel)" time="0.026" />
  <testcase classname="ptolemy.util.test.junit.AutoTests" name="[230] /home/travis/build/icyphy/ptII/ptolemy/actor/lib/test/auto/MovingAverage.xml (RunModel)" time="0.013" />
  <testcase classname="ptolemy.util.test.junit.AutoTests" name="[231] /home/travis/build/icyphy/ptII/ptolemy/actor/lib/test/auto/MovingMaximum.xml (RunModel)" time="0.01" />
  <testcase classname="ptolemy.util.test.junit.AutoTests" name="[232] /home/travis/build/icyphy/ptII/ptolemy/actor/lib/test/auto/MultipleLinksToSameRelation.xml (RunModel)" time="0.008" />
  <testcase classname="ptolemy.util.test.junit.AutoTests" name="[233] /home/travis/build/icyphy/ptII/ptolemy/actor/lib/test/auto/MultipleLinksToSameRelationDE.xml (RunModel)" time="0.009" />
  <testcase classname="ptolemy.util.test.junit.AutoTests" name="[234] /home/travis/build/icyphy/ptII/ptolemy/actor/lib/test/auto/Multiplexor.xml (RunModel)" time="0.011" />
  <testcase classname="ptolemy.util.test.junit.AutoTests" name="[235] /home/travis/build/icyphy/ptII/ptolemy/actor/lib/test/auto/Multiplexor1.xml (RunModel)" time="0.011" />
  <testcase classname="ptolemy.util.test.junit.AutoTests" name="[236] /home/travis/build/icyphy/ptII/ptolemy/actor/lib/test/auto/Multiplexor2.xml (RunModel)" time="0.013" />
  <testcase classname="ptolemy.util.test.junit.AutoTests" name="[237] /home/travis/build/icyphy/ptII/ptolemy/actor/lib/test/auto/Multiplexor3.xml (RunModel)" time="0.01" />
  <testcase classname="ptolemy.util.test.junit.AutoTests" name="[238] /home/travis/build/icyphy/ptII/ptolemy/actor/lib/test/auto/MultiplexorDE.xml (RunModel)" time="0.015" />
  <testcase classname="ptolemy.util.test.junit.AutoTests" name="[239] /home/travis/build/icyphy/ptII/ptolemy/actor/lib/test/auto/MultiportBroadcastTest.xml (RunModel)" time="0.08" />
  <testcase classname="ptolemy.util.test.junit.AutoTests" name="[240] /home/travis/build/icyphy/ptII/ptolemy/actor/lib/test/auto/MultiportOutHangDuringGetWidth.xml (RunModel)" time="0.028" />
  <testcase classname="ptolemy.util.test.junit.AutoTests" name="[241] /home/travis/build/icyphy/ptII/ptolemy/actor/lib/test/auto/NilToken.xml (RunModel)" time="0.008" />
  <testcase classname="ptolemy.util.test.junit.AutoTests" name="[242] /home/travis/build/icyphy/ptII/ptolemy/actor/lib/test/auto/NilTokenNonStrictTest.xml (RunModel)" time="0.01" />
  <testcase classname="ptolemy.util.test.junit.AutoTests" name="[243] /home/travis/build/icyphy/ptII/ptolemy/actor/lib/test/auto/NilTokenRecord.xml (RunModel)" time="0.018" />
  <testcase classname="ptolemy.util.test.junit.AutoTests" name="[244] /home/travis/build/icyphy/ptII/ptolemy/actor/lib/test/auto/NilTokenTypeTest.xml (RunModel)" time="0.028" />
  <testcase classname="ptolemy.util.test.junit.AutoTests" name="[245] /home/travis/build/icyphy/ptII/ptolemy/actor/lib/test/auto/ObjectToken1.xml (RunModel)" time="0.008" />
  <testcase classname="ptolemy.util.test.junit.AutoTests" name="[246] /home/travis/build/icyphy/ptII/ptolemy/actor/lib/test/auto/OrderedMerge.xml (RunModel)" time="0.011" />
  <testcase classname="ptolemy.util.test.junit.AutoTests" name="[247] /home/travis/build/icyphy/ptII/ptolemy/actor/lib/test/auto/OrderedRecordDisassembler.xml (RunModel)" time="0.016" />
  <testcase classname="ptolemy.util.test.junit.AutoTests" name="[248] /home/travis/build/icyphy/ptII/ptolemy/actor/lib/test/auto/OrderedRecordDisassembler2.xml (RunModel)" time="0.016" />
  <testcase classname="ptolemy.util.test.junit.AutoTests" name="[249] /home/travis/build/icyphy/ptII/ptolemy/actor/lib/test/auto/OrderedRecordUpdater.xml (RunModel)" time="0.01" />
  <testcase classname="ptolemy.util.test.junit.AutoTests" name="[250] /home/travis/build/icyphy/ptII/ptolemy/actor/lib/test/auto/OrderedRecordUpdater2.xml (RunModel)" time="0.009" />
  <testcase classname="ptolemy.util.test.junit.AutoTests" name="[251] /home/travis/build/icyphy/ptII/ptolemy/actor/lib/test/auto/PhaseUnwrap.xml (RunModel)" time="0.012" />
  <testcase classname="ptolemy.util.test.junit.AutoTests" name="[252] /home/travis/build/icyphy/ptII/ptolemy/actor/lib/test/auto/PoissonClock.xml (RunModel)" time="0.008" />
  <testcase classname="ptolemy.util.test.junit.AutoTests" name="[253] /home/travis/build/icyphy/ptII/ptolemy/actor/lib/test/auto/PoissonClock2.xml (RunModel)" time="0.009" />
  <testcase classname="ptolemy.util.test.junit.AutoTests" name="[254] /home/travis/build/icyphy/ptII/ptolemy/actor/lib/test/auto/PoissonClock3.xml (RunModel)" time="0.009" />
  <testcase classname="ptolemy.util.test.junit.AutoTests" name="[255] /home/travis/build/icyphy/ptII/ptolemy/actor/lib/test/auto/PubSubWithInitialTokens.xml (RunModel)" time="0.011" />
  <testcase classname="ptolemy.util.test.junit.AutoTests" name="[256] /home/travis/build/icyphy/ptII/ptolemy/actor/lib/test/auto/PubSubWithInitialTokens2.xml (RunModel)" time="0.013" />
  <testcase classname="ptolemy.util.test.junit.AutoTests" name="[257] /home/travis/build/icyphy/ptII/ptolemy/actor/lib/test/auto/PublisherClassNoParameter.xml (RunModel)" time="0.019" />
  <testcase classname="ptolemy.util.test.junit.AutoTests" name="[258] /home/travis/build/icyphy/ptII/ptolemy/actor/lib/test/auto/PublisherClassParameter.xml (RunModel)" time="0.023" />
  <testcase classname="ptolemy.util.test.junit.AutoTests" name="[259] /home/travis/build/icyphy/ptII/ptolemy/actor/lib/test/auto/PublisherNonStrictTest.xml (RunModel)" time="0.017" />
  <testcase classname="ptolemy.util.test.junit.AutoTests" name="[260] /home/travis/build/icyphy/ptII/ptolemy/actor/lib/test/auto/PublisherPort1.xml (RunModel)" time="0.013" />
  <testcase classname="ptolemy.util.test.junit.AutoTests" name="[261] /home/travis/build/icyphy/ptII/ptolemy/actor/lib/test/auto/PublisherPort2.xml (RunModel)" time="0.009" />
  <testcase classname="ptolemy.util.test.junit.AutoTests" name="[262] /home/travis/build/icyphy/ptII/ptolemy/actor/lib/test/auto/PublisherPort3.xml (RunModel)" time="0.02" />
  <testcase classname="ptolemy.util.test.junit.AutoTests" name="[263] /home/travis/build/icyphy/ptII/ptolemy/actor/lib/test/auto/PublisherPort4.xml (RunModel)" time="0.015" />
  <testcase classname="ptolemy.util.test.junit.AutoTests" name="[264] /home/travis/build/icyphy/ptII/ptolemy/actor/lib/test/auto/PublisherPort5.xml (RunModel)" time="0.014" />
  <testcase classname="ptolemy.util.test.junit.AutoTests" name="[265] /home/travis/build/icyphy/ptII/ptolemy/actor/lib/test/auto/PublisherPort5LookAlike.xml (RunModel)" time="0.016" />
  <testcase classname="ptolemy.util.test.junit.AutoTests" name="[266] /home/travis/build/icyphy/ptII/ptolemy/actor/lib/test/auto/PublisherPort6.xml (RunModel)" time="0.011" />
  <testcase classname="ptolemy.util.test.junit.AutoTests" name="[267] /home/travis/build/icyphy/ptII/ptolemy/actor/lib/test/auto/PublisherPort7.xml (RunModel)" time="0.013" />
  <testcase classname="ptolemy.util.test.junit.AutoTests" name="[268] /home/travis/build/icyphy/ptII/ptolemy/actor/lib/test/auto/PublisherPort8.xml (RunModel)" time="0.016" />
  <testcase classname="ptolemy.util.test.junit.AutoTests" name="[269] /home/travis/build/icyphy/ptII/ptolemy/actor/lib/test/auto/PublisherPortSubscriberChannelVariablesAOC2.xml (RunModel)" time="0.031" />
  <testcase classname="ptolemy.util.test.junit.AutoTests" name="[270] /home/travis/build/icyphy/ptII/ptolemy/actor/lib/test/auto/PublisherPortSubscriberOpaqueWidthInference.xml (RunModel)" time="0.014" />
  <testcase classname="ptolemy.util.test.junit.AutoTests" name="[271] /home/travis/build/icyphy/ptII/ptolemy/actor/lib/test/auto/PublisherPortSubscriberPortAdjacent.xml (RunModel)" time="0.017" />
  <testcase classname="ptolemy.util.test.junit.AutoTests" name="[272] /home/travis/build/icyphy/ptII/ptolemy/actor/lib/test/auto/PublisherPortSubscriberPortExpression.xml (RunModel)" time="0.015" />
  <testcase classname="ptolemy.util.test.junit.AutoTests" name="[273] /home/travis/build/icyphy/ptII/ptolemy/actor/lib/test/auto/PublisherPortSubscriberPortOpaqueD3Reverse.xml (RunModel)" time="0.018" />
  <testcase classname="ptolemy.util.test.junit.AutoTests" name="[274] /home/travis/build/icyphy/ptII/ptolemy/actor/lib/test/auto/PublisherPortSubscriberPortOpaqueWidthInference.xml (RunModel)" time="0.015" />
  <testcase classname="ptolemy.util.test.junit.AutoTests" name="[275] /home/travis/build/icyphy/ptII/ptolemy/actor/lib/test/auto/PublisherPortToplevelSubscriberPortAOC.xml (RunModel)" time="0.014" />
  <testcase classname="ptolemy.util.test.junit.AutoTests" name="[276] /home/travis/build/icyphy/ptII/ptolemy/actor/lib/test/auto/PublisherSubscriber.xml (RunModel)" time="0.012" />
  <testcase classname="ptolemy.util.test.junit.AutoTests" name="[277] /home/travis/build/icyphy/ptII/ptolemy/actor/lib/test/auto/PublisherSubscriber10.xml (RunModel)" time="0.02" />
  <testcase classname="ptolemy.util.test.junit.AutoTests" name="[278] /home/travis/build/icyphy/ptII/ptolemy/actor/lib/test/auto/PublisherSubscriber10InitialOutputs.xml (RunModel)" time="0.027" />
  <testcase classname="ptolemy.util.test.junit.AutoTests" name="[279] /home/travis/build/icyphy/ptII/ptolemy/actor/lib/test/auto/PublisherSubscriber11.xml (RunModel)" time="0.025" />
  <testcase classname="ptolemy.util.test.junit.AutoTests" name="[280] /home/travis/build/icyphy/ptII/ptolemy/actor/lib/test/auto/PublisherSubscriber12.xml (RunModel)" time="0.014" />
  <testcase classname="ptolemy.util.test.junit.AutoTests" name="[281] /home/travis/build/icyphy/ptII/ptolemy/actor/lib/test/auto/PublisherSubscriber13.xml (RunModel)" time="0.015" />
  <testcase classname="ptolemy.util.test.junit.AutoTests" name="[282] /home/travis/build/icyphy/ptII/ptolemy/actor/lib/test/auto/PublisherSubscriber14.xml (RunModel)" time="0.018" />
  <testcase classname="ptolemy.util.test.junit.AutoTests" name="[283] /home/travis/build/icyphy/ptII/ptolemy/actor/lib/test/auto/PublisherSubscriber2.xml (RunModel)" time="0.011" />
  <testcase classname="ptolemy.util.test.junit.AutoTests" name="[284] /home/travis/build/icyphy/ptII/ptolemy/actor/lib/test/auto/PublisherSubscriber3.xml (RunModel)" time="0.009" />
  <testcase classname="ptolemy.util.test.junit.AutoTests" name="[285] /home/travis/build/icyphy/ptII/ptolemy/actor/lib/test/auto/PublisherSubscriber4.xml (RunModel)" time="0.009" />
  <testcase classname="ptolemy.util.test.junit.AutoTests" name="[286] /home/travis/build/icyphy/ptII/ptolemy/actor/lib/test/auto/PublisherSubscriber5.xml (RunModel)" time="0.011" />
  <testcase classname="ptolemy.util.test.junit.AutoTests" name="[287] /home/travis/build/icyphy/ptII/ptolemy/actor/lib/test/auto/PublisherSubscriber6.xml (RunModel)" time="0.015" />
  <testcase classname="ptolemy.util.test.junit.AutoTests" name="[288] /home/travis/build/icyphy/ptII/ptolemy/actor/lib/test/auto/PublisherSubscriber7.xml (RunModel)" time="0.017" />
  <testcase classname="ptolemy.util.test.junit.AutoTests" name="[289] /home/travis/build/icyphy/ptII/ptolemy/actor/lib/test/auto/PublisherSubscriber8.xml (RunModel)" time="0.041" />
  <testcase classname="ptolemy.util.test.junit.AutoTests" name="[290] /home/travis/build/icyphy/ptII/ptolemy/actor/lib/test/auto/PublisherSubscriber9.xml (RunModel)" time="0.022" />
  <testcase classname="ptolemy.util.test.junit.AutoTests" name="[291] /home/travis/build/icyphy/ptII/ptolemy/actor/lib/test/auto/PublisherSubscriberAdjacent.xml (RunModel)" time="0.018" />
  <testcase classname="ptolemy.util.test.junit.AutoTests" name="[292] /home/travis/build/icyphy/ptII/ptolemy/actor/lib/test/auto/PublisherSubscriberChannelVariablesAOC2.xml (RunModel)" time="0.027" />
  <testcase classname="ptolemy.util.test.junit.AutoTests" name="[293] /home/travis/build/icyphy/ptII/ptolemy/actor/lib/test/auto/PublisherSubscriberD3.xml (RunModel)" time="0.014" />
  <testcase classname="ptolemy.util.test.junit.AutoTests" name="[294] /home/travis/build/icyphy/ptII/ptolemy/actor/lib/test/auto/PublisherSubscriberD3Reverse.xml (RunModel)" time="0.012" />
  <testcase classname="ptolemy.util.test.junit.AutoTests" name="[295] /home/travis/build/icyphy/ptII/ptolemy/actor/lib/test/auto/PublisherSubscriberExpression.xml (RunModel)" time="0.017" />
  <testcase classname="ptolemy.util.test.junit.AutoTests" name="[296] /home/travis/build/icyphy/ptII/ptolemy/actor/lib/test/auto/PublisherSubscriberOpaque.xml (RunModel)" time="0.016" />
  <testcase classname="ptolemy.util.test.junit.AutoTests" name="[297] /home/travis/build/icyphy/ptII/ptolemy/actor/lib/test/auto/PublisherSubscriberOpaqueD3.xml (RunModel)" time="0.023" />
  <testcase classname="ptolemy.util.test.junit.AutoTests" name="[298] /home/travis/build/icyphy/ptII/ptolemy/actor/lib/test/auto/PublisherSubscriberOpaqueD3Reverse.xml (RunModel)" time="0.018" />
  <testcase classname="ptolemy.util.test.junit.AutoTests" name="[299] /home/travis/build/icyphy/ptII/ptolemy/actor/lib/test/auto/PublisherSubscriberOpaqueWidthInference.xml (RunModel)" time="0.015" />
  <testcase classname="ptolemy.util.test.junit.AutoTests" name="[300] /home/travis/build/icyphy/ptII/ptolemy/actor/lib/test/auto/PublisherTestSubscriber.xml (RunModel)" time="0.013" />
  <testcase classname="ptolemy.util.test.junit.AutoTests" name="[301] /home/travis/build/icyphy/ptII/ptolemy/actor/lib/test/auto/PublisherToplevelSubscriberPortAOC.xml (RunModel)" time="0.013" />
  <testcase classname="ptolemy.util.test.junit.AutoTests" name="[302] /home/travis/build/icyphy/ptII/ptolemy/actor/lib/test/auto/PulseFiringLimitDE.xml (RunModel)" time="0.015" />
  <testcase classname="ptolemy.util.test.junit.AutoTests" name="[303] /home/travis/build/icyphy/ptII/ptolemy/actor/lib/test/auto/Ramp1.xml (RunModel)" time="0.007" />
  <testcase classname="ptolemy.util.test.junit.AutoTests" name="[304] /home/travis/build/icyphy/ptII/ptolemy/actor/lib/test/auto/RampFiringLimitDE.xml (RunModel)" time="0.011" />
  <testcase classname="ptolemy.util.test.junit.AutoTests" name="[305] /home/travis/build/icyphy/ptII/ptolemy/actor/lib/test/auto/RampFiringLimitSDF.xml (RunModel)" time="0.012" />
  <testcase classname="ptolemy.util.test.junit.AutoTests" name="[306] /home/travis/build/icyphy/ptII/ptolemy/actor/lib/test/auto/RandomInteger.xml (RunModel)" time="0.008" />
  <testcase classname="ptolemy.util.test.junit.AutoTests" name="[307] /home/travis/build/icyphy/ptII/ptolemy/actor/lib/test/auto/ReadFile1.xml (RunModel)" time="0.008" />
  <testcase classname="ptolemy.util.test.junit.AutoTests" name="[308] /home/travis/build/icyphy/ptII/ptolemy/actor/lib/test/auto/ReadFile2.xml (RunModel)" time="0.007" />
  <testcase classname="ptolemy.util.test.junit.AutoTests" name="[309] /home/travis/build/icyphy/ptII/ptolemy/actor/lib/test/auto/Reader.xml (RunModel)" time="0.014" />
  <testcase classname="ptolemy.util.test.junit.AutoTests" name="[310] /home/travis/build/icyphy/ptII/ptolemy/actor/lib/test/auto/RecordAssemblerDisplayNameTest.xml (RunModel)" time="3.196" />
  <testcase classname="ptolemy.util.test.junit.AutoTests" name="[311] /home/travis/build/icyphy/ptII/ptolemy/actor/lib/test/auto/RecordAssemblerTypeError.xml (RunModel)" time="0.038" />
  <testcase classname="ptolemy.util.test.junit.AutoTests" name="[312] /home/travis/build/icyphy/ptII/ptolemy/actor/lib/test/auto/RecordDisassember.xml (RunModel)" time="0.009" />
  <testcase classname="ptolemy.util.test.junit.AutoTests" name="[313] /home/travis/build/icyphy/ptII/ptolemy/actor/lib/test/auto/RecordDisassemberDisplayNameTest.xml (RunModel)" time="0.019" />
  <testcase classname="ptolemy.util.test.junit.AutoTests" name="[314] /home/travis/build/icyphy/ptII/ptolemy/actor/lib/test/auto/RecordDisassembler.xml (RunModel)" time="0.01" />
  <testcase classname="ptolemy.util.test.junit.AutoTests" name="[315] /home/travis/build/icyphy/ptII/ptolemy/actor/lib/test/auto/RecordDisassembler2.xml (RunModel)" time="0.011" />
  <testcase classname="ptolemy.util.test.junit.AutoTests" name="[316] /home/travis/build/icyphy/ptII/ptolemy/actor/lib/test/auto/RecordUpdater.xml (RunModel)" time="0.009" />
  <testcase classname="ptolemy.util.test.junit.AutoTests" name="[317] /home/travis/build/icyphy/ptII/ptolemy/actor/lib/test/auto/RecordUpdater2.xml (RunModel)" time="0.009" />
  <testcase classname="ptolemy.util.test.junit.AutoTests" name="[318] /home/travis/build/icyphy/ptII/ptolemy/actor/lib/test/auto/RecursiveLattice.xml (RunModel)" time="0.008" />
  <testcase classname="ptolemy.util.test.junit.AutoTests" name="[319] /home/travis/build/icyphy/ptII/ptolemy/actor/lib/test/auto/Router.xml (RunModel)" time="3.028" />
  <testcase classname="ptolemy.util.test.junit.AutoTests" name="[320] /home/travis/build/icyphy/ptII/ptolemy/actor/lib/test/auto/Router2.xml (RunModel)" time="3.032" />
  <testcase classname="ptolemy.util.test.junit.AutoTests" name="[321] /home/travis/build/icyphy/ptII/ptolemy/actor/lib/test/auto/RunningMaximum.xml (RunModel)" time="0.014" />
  <testcase classname="ptolemy.util.test.junit.AutoTests" name="[322] /home/travis/build/icyphy/ptII/ptolemy/actor/lib/test/auto/RunningMinimum.xml (RunModel)" time="0.009" />
  <testcase classname="ptolemy.util.test.junit.AutoTests" name="[323] /home/travis/build/icyphy/ptII/ptolemy/actor/lib/test/auto/Scale.xml (RunModel)" time="0.007" />
  <testcase classname="ptolemy.util.test.junit.AutoTests" name="[324] /home/travis/build/icyphy/ptII/ptolemy/actor/lib/test/auto/Scale2.xml (RunModel)" time="0.009" />
  <testcase classname="ptolemy.util.test.junit.AutoTests" name="[325] /home/travis/build/icyphy/ptII/ptolemy/actor/lib/test/auto/Scale3.xml (RunModel)" time="0.012" />
  <testcase classname="ptolemy.util.test.junit.AutoTests" name="[326] /home/travis/build/icyphy/ptII/ptolemy/actor/lib/test/auto/ScaleArray.xml (RunModel)" time="0.007" />
  <testcase classname="ptolemy.util.test.junit.AutoTests" name="[327] /home/travis/build/icyphy/ptII/ptolemy/actor/lib/test/auto/ScaleArray2.xml (RunModel)" time="0.006" />
  <testcase classname="ptolemy.util.test.junit.AutoTests" name="[328] /home/travis/build/icyphy/ptII/ptolemy/actor/lib/test/auto/ScaleMatrix.xml (RunModel)" time="0.08" />
  <testcase classname="ptolemy.util.test.junit.AutoTests" name="[329] /home/travis/build/icyphy/ptII/ptolemy/actor/lib/test/auto/Select.xml (RunModel)" time="0.011" />
  <testcase classname="ptolemy.util.test.junit.AutoTests" name="[330] /home/travis/build/icyphy/ptII/ptolemy/actor/lib/test/auto/Select2.xml (RunModel)" time="0.007" />
  <testcase classname="ptolemy.util.test.junit.AutoTests" name="[331] /home/travis/build/icyphy/ptII/ptolemy/actor/lib/test/auto/SequenceToArray2.xml (RunModel)" time="0.178" />
  <testcase classname="ptolemy.util.test.junit.AutoTests" name="[332] /home/travis/build/icyphy/ptII/ptolemy/actor/lib/test/auto/SequentialClock.xml (RunModel)" time="0.029" />
  <testcase classname="ptolemy.util.test.junit.AutoTests" name="[333] /home/travis/build/icyphy/ptII/ptolemy/actor/lib/test/auto/SetVariable.xml (RunModel)" time="0.013" />
  <testcase classname="ptolemy.util.test.junit.AutoTests" name="[334] /home/travis/build/icyphy/ptII/ptolemy/actor/lib/test/auto/SetVariable2.xml (RunModel)" time="0.011" />
  <testcase classname="ptolemy.util.test.junit.AutoTests" name="[335] /home/travis/build/icyphy/ptII/ptolemy/actor/lib/test/auto/SetVariable3.xml (RunModel)" time="0.019" />
  <testcase classname="ptolemy.util.test.junit.AutoTests" name="[336] /home/travis/build/icyphy/ptII/ptolemy/actor/lib/test/auto/SetVariable4.xml (RunModel)" time="0.028" />
  <testcase classname="ptolemy.util.test.junit.AutoTests" name="[337] /home/travis/build/icyphy/ptII/ptolemy/actor/lib/test/auto/SetVariable5.xml (RunModel)" time="0.04" />
  <testcase classname="ptolemy.util.test.junit.AutoTests" name="[338] /home/travis/build/icyphy/ptII/ptolemy/actor/lib/test/auto/Sinewave.xml (RunModel)" time="0.028" />
  <testcase classname="ptolemy.util.test.junit.AutoTests" name="[339] /home/travis/build/icyphy/ptII/ptolemy/actor/lib/test/auto/Sinewave2.xml (RunModel)" time="0.018" />
  <testcase classname="ptolemy.util.test.junit.AutoTests" name="[340] /home/travis/build/icyphy/ptII/ptolemy/actor/lib/test/auto/Sinewave3.xml (RunModel)" time="0.019" />
  <testcase classname="ptolemy.util.test.junit.AutoTests" name="[341] /home/travis/build/icyphy/ptII/ptolemy/actor/lib/test/auto/SingleEvent.xml (RunModel)" time="0.008" />
  <testcase classname="ptolemy.util.test.junit.AutoTests" name="[342] /home/travis/build/icyphy/ptII/ptolemy/actor/lib/test/auto/Sleep.xml (RunModel)" time="6.013" />
  <testcase classname="ptolemy.util.test.junit.AutoTests" name="[343] /home/travis/build/icyphy/ptII/ptolemy/actor/lib/test/auto/SleepMultipleFire.xml (RunModel)" time="1.016" />
  <testcase classname="ptolemy.util.test.junit.AutoTests" name="[344] /home/travis/build/icyphy/ptII/ptolemy/actor/lib/test/auto/StopDE.xml (RunModel)" time="0.011" />
  <testcase classname="ptolemy.util.test.junit.AutoTests" name="[345] /home/travis/build/icyphy/ptII/ptolemy/actor/lib/test/auto/StopSDF.xml (RunModel)" time="0.01" />
  <testcase classname="ptolemy.util.test.junit.AutoTests" name="[346] /home/travis/build/icyphy/ptII/ptolemy/actor/lib/test/auto/StringConstant.xml (RunModel)" time="0.007" />
  <testcase classname="ptolemy.util.test.junit.AutoTests" name="[347] /home/travis/build/icyphy/ptII/ptolemy/actor/lib/test/auto/SubscriberPortInitialValues1.xml (RunModel)" time="0.015" />
  <testcase classname="ptolemy.util.test.junit.AutoTests" name="[348] /home/travis/build/icyphy/ptII/ptolemy/actor/lib/test/auto/SubscriberPortInitialValues13.xml (RunModel)" time="0.02" />
  <testcase classname="ptolemy.util.test.junit.AutoTests" name="[349] /home/travis/build/icyphy/ptII/ptolemy/actor/lib/test/auto/SubscriberPortInitialValues14.xml (RunModel)" time="0.014" />
  <testcase classname="ptolemy.util.test.junit.AutoTests" name="[350] /home/travis/build/icyphy/ptII/ptolemy/actor/lib/test/auto/SubscriberPortInitialValues2.xml (RunModel)" time="0.014" />
  <testcase classname="ptolemy.util.test.junit.AutoTests" name="[351] /home/travis/build/icyphy/ptII/ptolemy/actor/lib/test/auto/SubscriberPortInitialValues3.xml (RunModel)" time="0.017" />
  <testcase classname="ptolemy.util.test.junit.AutoTests" name="[352] /home/travis/build/icyphy/ptII/ptolemy/actor/lib/test/auto/SubscriptionAggregator.xml (RunModel)" time="0.01" />
  <testcase classname="ptolemy.util.test.junit.AutoTests" name="[353] /home/travis/build/icyphy/ptII/ptolemy/actor/lib/test/auto/SubscriptionAggregator2.xml (RunModel)" time="0.01" />
  <testcase classname="ptolemy.util.test.junit.AutoTests" name="[354] /home/travis/build/icyphy/ptII/ptolemy/actor/lib/test/auto/SubscriptionAggregator3.xml (RunModel)" time="0.021" />
  <testcase classname="ptolemy.util.test.junit.AutoTests" name="[355] /home/travis/build/icyphy/ptII/ptolemy/actor/lib/test/auto/SubscriptionAggregatorMultiply.xml (RunModel)" time="0.013" />
  <testcase classname="ptolemy.util.test.junit.AutoTests" name="[356] /home/travis/build/icyphy/ptII/ptolemy/actor/lib/test/auto/SubscriptionAggregatorPortMultiply1.xml (RunModel)" time="0.012" />
  <testcase classname="ptolemy.util.test.junit.AutoTests" name="[357] /home/travis/build/icyphy/ptII/ptolemy/actor/lib/test/auto/Switch.xml (RunModel)" time="0.013" />
  <testcase classname="ptolemy.util.test.junit.AutoTests" name="[358] /home/travis/build/icyphy/ptII/ptolemy/actor/lib/test/auto/Switch2.xml (RunModel)" time="0.012" />
  <testcase classname="ptolemy.util.test.junit.AutoTests" name="[359] /home/travis/build/icyphy/ptII/ptolemy/actor/lib/test/auto/SwitchDE.xml (RunModel)" time="0.01" />
  <testcase classname="ptolemy.util.test.junit.AutoTests" name="[360] /home/travis/build/icyphy/ptII/ptolemy/actor/lib/test/auto/SynchronizerDE.xml (RunModel)" time="0.018" />
  <testcase classname="ptolemy.util.test.junit.AutoTests" name="[361] /home/travis/build/icyphy/ptII/ptolemy/actor/lib/test/auto/Test.xml (RunModel)" time="0.008" />
  <testcase classname="ptolemy.util.test.junit.AutoTests" name="[362] /home/travis/build/icyphy/ptII/ptolemy/actor/lib/test/auto/TestExceptionAttribute1.xml (RunModel)" time="0.009" />
  <testcase classname="ptolemy.util.test.junit.AutoTests" name="[363] /home/travis/build/icyphy/ptII/ptolemy/actor/lib/test/auto/TestExceptionAttribute2.xml (RunModel)" time="0.005" />
  <testcase classname="ptolemy.util.test.junit.AutoTests" name="[364] /home/travis/build/icyphy/ptII/ptolemy/actor/lib/test/auto/TestExceptionAttribute3.xml (RunModel)" time="0.005" />
  <testcase classname="ptolemy.util.test.junit.AutoTests" name="[365] /home/travis/build/icyphy/ptII/ptolemy/actor/lib/test/auto/TestExceptionAttribute4.xml (RunModel)" time="0.005" />
  <testcase classname="ptolemy.util.test.junit.AutoTests" name="[366] /home/travis/build/icyphy/ptII/ptolemy/actor/lib/test/auto/TestExceptionHandler1.xml (RunModel)" time="0.006" />
  <testcase classname="ptolemy.util.test.junit.AutoTests" name="[367] /home/travis/build/icyphy/ptII/ptolemy/actor/lib/test/auto/TestExceptionHandler2.xml (RunModel)" time="0.006" />
  <testcase classname="ptolemy.util.test.junit.AutoTests" name="[368] /home/travis/build/icyphy/ptII/ptolemy/actor/lib/test/auto/TestExceptionHandler3.xml (RunModel)" time="0.013" />
  <testcase classname="ptolemy.util.test.junit.AutoTests" name="[369] /home/travis/build/icyphy/ptII/ptolemy/actor/lib/test/auto/TestExceptionHandler4.xml (RunModel)" time="0.005" />
  <testcase classname="ptolemy.util.test.junit.AutoTests" name="[370] /home/travis/build/icyphy/ptII/ptolemy/actor/lib/test/auto/TestRequireCorrectOrder.xml (RunModel)" time="0.008" />
  <testcase classname="ptolemy.util.test.junit.AutoTests" name="[371] /home/travis/build/icyphy/ptII/ptolemy/actor/lib/test/auto/TestSimple.xml (RunModel)" time="0.005" />
  <testcase classname="ptolemy.util.test.junit.AutoTests" name="[372] /home/travis/build/icyphy/ptII/ptolemy/actor/lib/test/auto/ThrowModelError.xml (RunModel)" time="0.009" />
  <testcase classname="ptolemy.util.test.junit.AutoTests" name="[373] /home/travis/build/icyphy/ptII/ptolemy/actor/lib/test/auto/TimeDelayMicrosteps.xml (RunModel)" time="0.012" />
  <testcase classname="ptolemy.util.test.junit.AutoTests" name="[374] /home/travis/build/icyphy/ptII/ptolemy/actor/lib/test/auto/TimeDelayMicrosteps2.xml (RunModel)" time="0.012" />
  <testcase classname="ptolemy.util.test.junit.AutoTests" name="[375] /home/travis/build/icyphy/ptII/ptolemy/actor/lib/test/auto/TimeDelayMicrosteps3.xml (RunModel)" time="0.011" />
  <testcase classname="ptolemy.util.test.junit.AutoTests" name="[376] /home/travis/build/icyphy/ptII/ptolemy/actor/lib/test/auto/TimeDelayVariableMicrosteps.xml (RunModel)" time="0.01" />
  <testcase classname="ptolemy.util.test.junit.AutoTests" name="[377] /home/travis/build/icyphy/ptII/ptolemy/actor/lib/test/auto/TimeGap.xml (RunModel)" time="0.026" />
  <testcase classname="ptolemy.util.test.junit.AutoTests" name="[378] /home/travis/build/icyphy/ptII/ptolemy/actor/lib/test/auto/TimeGap2.xml (RunModel)" time="0.012" />
  <testcase classname="ptolemy.util.test.junit.AutoTests" name="[379] /home/travis/build/icyphy/ptII/ptolemy/actor/lib/test/auto/TimedSinewave.xml (RunModel)" time="0.068" />
  <testcase classname="ptolemy.util.test.junit.AutoTests" name="[380] /home/travis/build/icyphy/ptII/ptolemy/actor/lib/test/auto/TimedSinewavePhase.xml (RunModel)" time="0.03" />
  <testcase classname="ptolemy.util.test.junit.AutoTests" name="[381] /home/travis/build/icyphy/ptII/ptolemy/actor/lib/test/auto/Timer.xml (RunModel)" time="0.01" />
  <testcase classname="ptolemy.util.test.junit.AutoTests" name="[382] /home/travis/build/icyphy/ptII/ptolemy/actor/lib/test/auto/TriangularDistTestModel.xml (RunModel)" time="0.019" />
  <testcase classname="ptolemy.util.test.junit.AutoTests" name="[383] /home/travis/build/icyphy/ptII/ptolemy/actor/lib/test/auto/TrigFunction.xml (RunModel)" time="0.009" />
  <testcase classname="ptolemy.util.test.junit.AutoTests" name="[384] /home/travis/build/icyphy/ptII/ptolemy/actor/lib/test/auto/TrigFunctionDE.xml (RunModel)" time="0.009" />
  <testcase classname="ptolemy.util.test.junit.AutoTests" name="[385] /home/travis/build/icyphy/ptII/ptolemy/actor/lib/test/auto/TrigFunctionInverse.xml (RunModel)" time="0.009" />
  <testcase classname="ptolemy.util.test.junit.AutoTests" name="[386] /home/travis/build/icyphy/ptII/ptolemy/actor/lib/test/auto/TrigFunctionTan.xml (RunModel)" time="0.006" />
  <testcase classname="ptolemy.util.test.junit.AutoTests" name="[387] /home/travis/build/icyphy/ptII/ptolemy/actor/lib/test/auto/TriggeredClock.xml (RunModel)" time="0.027" />
  <testcase classname="ptolemy.util.test.junit.AutoTests" name="[388] /home/travis/build/icyphy/ptII/ptolemy/actor/lib/test/auto/URLDirectoryReader.xml (RunModel)" time="0.094" />
  <testcase classname="ptolemy.util.test.junit.AutoTests" name="[389] /home/travis/build/icyphy/ptII/ptolemy/actor/lib/test/auto/URLDirectoryReader3.xml (RunModel)" time="1.455" />
  <testcase classname="ptolemy.util.test.junit.AutoTests" name="[390] /home/travis/build/icyphy/ptII/ptolemy/actor/lib/test/auto/UnaryMathFunction.xml (RunModel)" time="0.025" />
  <testcase classname="ptolemy.util.test.junit.AutoTests" name="[391] /home/travis/build/icyphy/ptII/ptolemy/actor/lib/test/auto/Uniform.xml (RunModel)" time="0.038" />
  <testcase classname="ptolemy.util.test.junit.AutoTests" name="[392] /home/travis/build/icyphy/ptII/ptolemy/actor/lib/test/auto/UnionDisassemblerTest.xml (RunModel)" time="0.03" />
  <testcase classname="ptolemy.util.test.junit.AutoTests" name="[393] /home/travis/build/icyphy/ptII/ptolemy/actor/lib/test/auto/UtilityFunctions.xml (RunModel)" time="0.03" />
  <testcase classname="ptolemy.util.test.junit.AutoTests" name="[394] /home/travis/build/icyphy/ptII/ptolemy/actor/lib/test/auto/VariableSleep.xml (RunModel)" time="0.534" />
  <testcase classname="ptolemy.util.test.junit.AutoTests" name="[395] /home/travis/build/icyphy/ptII/ptolemy/actor/lib/test/auto/VectorAssemblerDisassemblerCT.xml (RunModel)" time="0.124" />
  <testcase classname="ptolemy.util.test.junit.AutoTests" name="[396] /home/travis/build/icyphy/ptII/ptolemy/actor/lib/test/auto/VectorAssemblerDisassemblerDE.xml (RunModel)" time="0.013" />
  <testcase classname="ptolemy.util.test.junit.AutoTests" name="[397] /home/travis/build/icyphy/ptII/ptolemy/actor/lib/test/auto/VectorAssemblerDisassemblerSDF.xml (RunModel)" time="0.014" />
  <testcase classname="ptolemy.util.test.junit.AutoTests" name="[398] /home/travis/build/icyphy/ptII/ptolemy/actor/lib/test/auto/WallClockTime.xml (RunModel)" time="1.015" />
  <testcase classname="ptolemy.util.test.junit.AutoTests" name="[399] /home/travis/build/icyphy/ptII/ptolemy/actor/lib/test/auto/WidthTestWithSubscriberPublisher.xml (RunModel)" time="0.061" />
  <testcase classname="ptolemy.util.test.junit.AutoTests" name="[400] /home/travis/build/icyphy/ptII/ptolemy/actor/lib/test/auto/WidthTestWithSubscriberPublisher2.xml (RunModel)" time="0.017" />
  <testcase classname="ptolemy.util.test.junit.AutoTests" name="[401] /home/travis/build/icyphy/ptII/ptolemy/actor/lib/test/auto/WidthTestWithSubscriberPublisher3.xml (RunModel)" time="0.021" />
  <testcase classname="ptolemy.util.test.junit.AutoTests" name="[402] /home/travis/build/icyphy/ptII/ptolemy/actor/lib/test/auto/Writer.xml (RunModel)" time="0.009" />
  <testcase classname="ptolemy.util.test.junit.AutoTests" name="[403] /home/travis/build/icyphy/ptII/ptolemy/actor/lib/test/auto/array.xml (RunModel)" time="0.009" />
  <testcase classname="ptolemy.util.test.junit.AutoTests" name="[404] /home/travis/build/icyphy/ptII/ptolemy/actor/lib/test/auto/array2.xml (RunModel)" time="0.009" />
  <testcase classname="ptolemy.util.test.junit.AutoTests" name="[405] /home/travis/build/icyphy/ptII/ptolemy/actor/lib/test/auto/arrayType.xml (RunModel)" time="0.012" />
  <testcase classname="ptolemy.util.test.junit.AutoTests" name="[406] /home/travis/build/icyphy/ptII/ptolemy/actor/lib/test/auto/arrayType10.xml (RunModel)" time="0.008" />
  <testcase classname="ptolemy.util.test.junit.AutoTests" name="[407] /home/travis/build/icyphy/ptII/ptolemy/actor/lib/test/auto/arrayType11.xml (RunModel)" time="0.008" />
  <testcase classname="ptolemy.util.test.junit.AutoTests" name="[408] /home/travis/build/icyphy/ptII/ptolemy/actor/lib/test/auto/arrayType12.xml (RunModel)" time="0.008" />
  <testcase classname="ptolemy.util.test.junit.AutoTests" name="[409] /home/travis/build/icyphy/ptII/ptolemy/actor/lib/test/auto/arrayType13.xml (RunModel)" time="0.009" />
  <testcase classname="ptolemy.util.test.junit.AutoTests" name="[410] /home/travis/build/icyphy/ptII/ptolemy/actor/lib/test/auto/arrayType14.xml (RunModel)" time="0.011" />
  <testcase classname="ptolemy.util.test.junit.AutoTests" name="[411] /home/travis/build/icyphy/ptII/ptolemy/actor/lib/test/auto/arrayType15.xml (RunModel)" time="0.01" />
  <testcase classname="ptolemy.util.test.junit.AutoTests" name="[412] /home/travis/build/icyphy/ptII/ptolemy/actor/lib/test/auto/arrayType16.xml (RunModel)" time="0.01" />
  <testcase classname="ptolemy.util.test.junit.AutoTests" name="[413] /home/travis/build/icyphy/ptII/ptolemy/actor/lib/test/auto/arrayType17.xml (RunModel)" time="0.009" />
  <testcase classname="ptolemy.util.test.junit.AutoTests" name="[414] /home/travis/build/icyphy/ptII/ptolemy/actor/lib/test/auto/arrayType18.xml (RunModel)" time="0.007" />
  <testcase classname="ptolemy.util.test.junit.AutoTests" name="[415] /home/travis/build/icyphy/ptII/ptolemy/actor/lib/test/auto/arrayType19.xml (RunModel)" time="0.008" />
  <testcase classname="ptolemy.util.test.junit.AutoTests" name="[416] /home/travis/build/icyphy/ptII/ptolemy/actor/lib/test/auto/arrayType2.xml (RunModel)" time="0.01" />
  <testcase classname="ptolemy.util.test.junit.AutoTests" name="[417] /home/travis/build/icyphy/ptII/ptolemy/actor/lib/test/auto/arrayType20.xml (RunModel)" time="0.009" />
  <testcase classname="ptolemy.util.test.junit.AutoTests" name="[418] /home/travis/build/icyphy/ptII/ptolemy/actor/lib/test/auto/arrayType21.xml (RunModel)" time="0.007" />
  <testcase classname="ptolemy.util.test.junit.AutoTests" name="[419] /home/travis/build/icyphy/ptII/ptolemy/actor/lib/test/auto/arrayType22.xml (RunModel)" time="0.009" />
  <testcase classname="ptolemy.util.test.junit.AutoTests" name="[420] /home/travis/build/icyphy/ptII/ptolemy/actor/lib/test/auto/arrayType23.xml (RunModel)" time="0.008" />
  <testcase classname="ptolemy.util.test.junit.AutoTests" name="[421] /home/travis/build/icyphy/ptII/ptolemy/actor/lib/test/auto/arrayType24.xml (RunModel)" time="0.009" />
  <testcase classname="ptolemy.util.test.junit.AutoTests" name="[422] /home/travis/build/icyphy/ptII/ptolemy/actor/lib/test/auto/arrayType25.xml (RunModel)" time="0.009" />
  <testcase classname="ptolemy.util.test.junit.AutoTests" name="[423] /home/travis/build/icyphy/ptII/ptolemy/actor/lib/test/auto/arrayType26.xml (RunModel)" time="0.009" />
  <testcase classname="ptolemy.util.test.junit.AutoTests" name="[424] /home/travis/build/icyphy/ptII/ptolemy/actor/lib/test/auto/arrayType27.xml (RunModel)" time="0.009" />
  <testcase classname="ptolemy.util.test.junit.AutoTests" name="[425] /home/travis/build/icyphy/ptII/ptolemy/actor/lib/test/auto/arrayType28.xml (RunModel)" time="0.01" />
  <testcase classname="ptolemy.util.test.junit.AutoTests" name="[426] /home/travis/build/icyphy/ptII/ptolemy/actor/lib/test/auto/arrayType3.xml (RunModel)" time="0.008" />
  <testcase classname="ptolemy.util.test.junit.AutoTests" name="[427] /home/travis/build/icyphy/ptII/ptolemy/actor/lib/test/auto/arrayType4.xml (RunModel)" time="0.011" />
  <testcase classname="ptolemy.util.test.junit.AutoTests" name="[428] /home/travis/build/icyphy/ptII/ptolemy/actor/lib/test/auto/arrayType5.xml (RunModel)" time="0.008" />
  <testcase classname="ptolemy.util.test.junit.AutoTests" name="[429] /home/travis/build/icyphy/ptII/ptolemy/actor/lib/test/auto/arrayType6.xml (RunModel)" time="0.008" />
  <testcase classname="ptolemy.util.test.junit.AutoTests" name="[430] /home/travis/build/icyphy/ptII/ptolemy/actor/lib/test/auto/arrayType7.xml (RunModel)" time="0.021" />
  <testcase classname="ptolemy.util.test.junit.AutoTests" name="[431] /home/travis/build/icyphy/ptII/ptolemy/actor/lib/test/auto/arrayType8.xml (RunModel)" time="0.009" />
  <testcase classname="ptolemy.util.test.junit.AutoTests" name="[432] /home/travis/build/icyphy/ptII/ptolemy/actor/lib/test/auto/arrayType9.xml (RunModel)" time="0.008" />
  <testcase classname="ptolemy.util.test.junit.AutoTests" name="[433] /home/travis/build/icyphy/ptII/ptolemy/actor/lib/test/auto/cast.xml (RunModel)" time="0.009" />
  <testcase classname="ptolemy.util.test.junit.AutoTests" name="[434] /home/travis/build/icyphy/ptII/ptolemy/actor/lib/test/auto/compositeMultiPort.xml (RunModel)" time="0.033" />
  <testcase classname="ptolemy.util.test.junit.AutoTests" name="[435] /home/travis/build/icyphy/ptII/ptolemy/actor/lib/test/auto/expressionCastInference.xml (RunModel)" time="0.009" />
  <testcase classname="ptolemy.util.test.junit.AutoTests" name="[436] /home/travis/build/icyphy/ptII/ptolemy/actor/lib/test/auto/expressionCastInference2.xml (RunModel)" time="0.011" />
  <testcase classname="ptolemy.util.test.junit.AutoTests" name="[437] /home/travis/build/icyphy/ptII/ptolemy/actor/lib/test/auto/expressionInference.xml (RunModel)" time="0.009" />
  <testcase classname="ptolemy.util.test.junit.AutoTests" name="[438] /home/travis/build/icyphy/ptII/ptolemy/actor/lib/test/auto/expression_bug.xml (RunModel)" time="0.007" />
  <testcase classname="ptolemy.util.test.junit.AutoTests" name="[439] /home/travis/build/icyphy/ptII/ptolemy/actor/lib/test/auto/factorial.xml (RunModel)" time="0.062" />
  <testcase classname="ptolemy.util.test.junit.AutoTests" name="[440] /home/travis/build/icyphy/ptII/ptolemy/actor/lib/test/auto/filterTest1.xml (RunModel)" time="0.014" />
  <testcase classname="ptolemy.util.test.junit.AutoTests" name="[441] /home/travis/build/icyphy/ptII/ptolemy/actor/lib/test/auto/funcApplyInConst.xml (RunModel)" time="0.006" />
  <testcase classname="ptolemy.util.test.junit.AutoTests" name="[442] /home/travis/build/icyphy/ptII/ptolemy/actor/lib/test/auto/funcApplyInExpr.xml (RunModel)" time="0.005" />
  <testcase classname="ptolemy.util.test.junit.AutoTests" name="[443] /home/travis/build/icyphy/ptII/ptolemy/actor/lib/test/auto/function.xml (RunModel)" time="0.011" />
  <testcase classname="ptolemy.util.test.junit.AutoTests" name="[444] /home/travis/build/icyphy/ptII/ptolemy/actor/lib/test/auto/function2.xml (RunModel)" time="0.008" />
  <testcase classname="ptolemy.util.test.junit.AutoTests" name="[445] /home/travis/build/icyphy/ptII/ptolemy/actor/lib/test/auto/function3.xml (RunModel)" time="0.009" />
  <testcase classname="ptolemy.util.test.junit.AutoTests" name="[446] /home/travis/build/icyphy/ptII/ptolemy/actor/lib/test/auto/functionClosureTest1.xml (RunModel)" time="0.011" />
  <testcase classname="ptolemy.util.test.junit.AutoTests" name="[447] /home/travis/build/icyphy/ptII/ptolemy/actor/lib/test/auto/functionClosureTest2.xml (RunModel)" time="0.007" />
  <testcase classname="ptolemy.util.test.junit.AutoTests" name="[448] /home/travis/build/icyphy/ptII/ptolemy/actor/lib/test/auto/functionClosureTest3.xml (RunModel)" time="0.01" />
  <testcase classname="ptolemy.util.test.junit.AutoTests" name="[449] /home/travis/build/icyphy/ptII/ptolemy/actor/lib/test/auto/functionClosureTest4.xml (RunModel)" time="0.018" />
  <testcase classname="ptolemy.util.test.junit.AutoTests" name="[450] /home/travis/build/icyphy/ptII/ptolemy/actor/lib/test/auto/functionClosureTest5.xml (RunModel)" time="0.012" />
  <testcase classname="ptolemy.util.test.junit.AutoTests" name="[451] /home/travis/build/icyphy/ptII/ptolemy/actor/lib/test/auto/functionClosureTest6.xml (RunModel)" time="0.012" />
  <testcase classname="ptolemy.util.test.junit.AutoTests" name="[452] /home/travis/build/icyphy/ptII/ptolemy/actor/lib/test/auto/functionsOnArcs.xml (RunModel)" time="0.01" />
  <testcase classname="ptolemy.util.test.junit.AutoTests" name="[453] /home/travis/build/icyphy/ptII/ptolemy/actor/lib/test/auto/functionsOnArcsHOF.xml (RunModel)" time="0.013" />
  <testcase classname="ptolemy.util.test.junit.AutoTests" name="[454] /home/travis/build/icyphy/ptII/ptolemy/actor/lib/test/auto/logic.xml (RunModel)" time="0.018" />
  <testcase classname="ptolemy.util.test.junit.AutoTests" name="[455] /home/travis/build/icyphy/ptII/ptolemy/actor/lib/test/auto/matrixType.xml (RunModel)" time="0.01" />
  <testcase classname="ptolemy.util.test.junit.AutoTests" name="[456] /home/travis/build/icyphy/ptII/ptolemy/actor/lib/test/auto/matrixType10.xml (RunModel)" time="0.009" />
  <testcase classname="ptolemy.util.test.junit.AutoTests" name="[457] /home/travis/build/icyphy/ptII/ptolemy/actor/lib/test/auto/matrixType11.xml (RunModel)" time="0.009" />
  <testcase classname="ptolemy.util.test.junit.AutoTests" name="[458] /home/travis/build/icyphy/ptII/ptolemy/actor/lib/test/auto/matrixType12.xml (RunModel)" time="0.01" />
  <testcase classname="ptolemy.util.test.junit.AutoTests" name="[459] /home/travis/build/icyphy/ptII/ptolemy/actor/lib/test/auto/matrixType13.xml (RunModel)" time="0.009" />
  <testcase classname="ptolemy.util.test.junit.AutoTests" name="[460] /home/travis/build/icyphy/ptII/ptolemy/actor/lib/test/auto/matrixType14.xml (RunModel)" time="0.013" />
  <testcase classname="ptolemy.util.test.junit.AutoTests" name="[461] /home/travis/build/icyphy/ptII/ptolemy/actor/lib/test/auto/matrixType2.xml (RunModel)" time="0.009" />
  <testcase classname="ptolemy.util.test.junit.AutoTests" name="[462] /home/travis/build/icyphy/ptII/ptolemy/actor/lib/test/auto/matrixType3.xml (RunModel)" time="0.009" />
  <testcase classname="ptolemy.util.test.junit.AutoTests" name="[463] /home/travis/build/icyphy/ptII/ptolemy/actor/lib/test/auto/matrixType4.xml (RunModel)" time="0.008" />
  <testcase classname="ptolemy.util.test.junit.AutoTests" name="[464] /home/travis/build/icyphy/ptII/ptolemy/actor/lib/test/auto/matrixType5.xml (RunModel)" time="0.008" />
  <testcase classname="ptolemy.util.test.junit.AutoTests" name="[465] /home/travis/build/icyphy/ptII/ptolemy/actor/lib/test/auto/matrixType6.xml (RunModel)" time="0.007" />
  <testcase classname="ptolemy.util.test.junit.AutoTests" name="[466] /home/travis/build/icyphy/ptII/ptolemy/actor/lib/test/auto/matrixType7.xml (RunModel)" time="0.009" />
  <testcase classname="ptolemy.util.test.junit.AutoTests" name="[467] /home/travis/build/icyphy/ptII/ptolemy/actor/lib/test/auto/matrixType8.xml (RunModel)" time="0.008" />
  <testcase classname="ptolemy.util.test.junit.AutoTests" name="[468] /home/travis/build/icyphy/ptII/ptolemy/actor/lib/test/auto/matrixType9.xml (RunModel)" time="0.007" />
  <testcase classname="ptolemy.util.test.junit.AutoTests" name="[469] /home/travis/build/icyphy/ptII/ptolemy/actor/lib/test/auto/paraFunctest.xml (RunModel)" time="0.008" />
  <testcase classname="ptolemy.util.test.junit.AutoTests" name="[470] /home/travis/build/icyphy/ptII/ptolemy/actor/lib/test/auto/paraFunctest2.xml (RunModel)" time="0.007" />
  <testcase classname="ptolemy.util.test.junit.AutoTests" name="[471] /home/travis/build/icyphy/ptII/ptolemy/actor/lib/test/auto/parameterPassing.xml (RunModel)" time="0.008" />
  <testcase classname="ptolemy.util.test.junit.AutoTests" name="[472] /home/travis/build/icyphy/ptII/ptolemy/actor/lib/test/auto/record.xml (RunModel)" time="0.01" />
  <testcase classname="ptolemy.util.test.junit.AutoTests" name="[473] /home/travis/build/icyphy/ptII/ptolemy/actor/lib/test/auto/sizedarray1.xml (RunModel)" time="0.012" />
  <testcase classname="ptolemy.util.test.junit.AutoTests" name="[474] /home/travis/build/icyphy/ptII/ptolemy/actor/lib/test/auto/sizedarray2.xml (RunModel)" time="0.011" />
  <testcase classname="ptolemy.util.test.junit.AutoTests" name="[475] /home/travis/build/icyphy/ptII/ptolemy/actor/lib/test/auto/twoPublishers.xml (RunModel)" time="0.026" />
  <system-out><![CDATA[/home/travis/build/icyphy/ptII/ptolemy/actor/lib/test/AbsoluteValue.tcl
testDefs.tcl: setting time out to 9000 seconds at Mon Oct 29 02:32:37 UTC 2018
71 ms. Memory: 116224K Free: 106763K (92%)
4 ms. Memory: 116224K Free: 105549K (91%)
4 ms. Memory: 116224K Free: 104954K (90%)
4 ms. Memory: 116224K Free: 103764K (89%)
/home/travis/build/icyphy/ptII/ptolemy/actor/lib/test/AddSubtract.tcl
8 ms. Memory: 116224K Free: 101961K (88%)
4 ms. Memory: 116224K Free: 100747K (87%)
4 ms. Memory: 116224K Free: 100152K (86%)
6 ms. Memory: 116224K Free: 99549K (86%)
6 ms. Memory: 116224K Free: 98930K (85%)
4 ms. Memory: 116224K Free: 98295K (85%)
/home/travis/build/icyphy/ptII/ptolemy/actor/lib/test/Average.tcl
12 ms. Memory: 116224K Free: 96478K (83%)
22 ms. Memory: 116224K Free: 95272K (82%)
/home/travis/build/icyphy/ptII/ptolemy/actor/lib/test/Bernoulli.tcl
10 ms. Memory: 116224K Free: 93447K (80%)
5 ms. Memory: 116224K Free: 92844K (80%)
/home/travis/build/icyphy/ptII/ptolemy/actor/lib/test/Clock.tcl
preinitializing
resolving types
initializing
executing number 1
wrapping up
idle
16 ms. Memory: 116224K Free: 90448K (78%)
Completed execution with 5 iterations
preinitializing
resolving types
initializing
executing number 1
wrapping up
idle
8 ms. Memory: 116224K Free: 89813K (77%)
Completed execution with 5 iterations
preinitializing
resolving types
initializing
executing number 1
wrapping up
idle
3 ms. Memory: 116224K Free: 89210K (77%)
Completed execution with 5 iterations
/home/travis/build/icyphy/ptII/ptolemy/actor/lib/test/Commutator.tcl
6 ms. Memory: 116224K Free: 87393K (75%)
12 ms. Memory: 116224K Free: 86187K (74%)
8 ms. Memory: 116224K Free: 81902K (70%)
/home/travis/build/icyphy/ptII/ptolemy/actor/lib/test/Const.tcl
4 ms. Memory: 146944K Free: 139957K (95%)
2 ms. Memory: 146944K Free: 138753K (94%)
2 ms. Memory: 146944K Free: 138753K (94%)
1 ms. Memory: 146944K Free: 137550K (94%)
2 ms. Memory: 146944K Free: 137550K (94%)
16 ms. Memory: 146944K Free: 135143K (92%)
10 ms. Memory: 146944K Free: 135143K (92%)
3 ms. Memory: 146944K Free: 133939K (91%)
/home/travis/build/icyphy/ptII/ptolemy/actor/lib/test/CurrentTime.tcl
preinitializing
resolving types
initializing
executing number 1
wrapping up
idle
6 ms. Memory: 146944K Free: 131516K (90%)
Completed execution with 11 iterations
/home/travis/build/icyphy/ptII/ptolemy/actor/lib/test/DB.tcl
8 ms. Memory: 146944K Free: 130312K (89%)
2 ms. Memory: 146944K Free: 129109K (88%)
2 ms. Memory: 146944K Free: 129109K (88%)
/home/travis/build/icyphy/ptII/ptolemy/actor/lib/test/DiscreteRandomSource.tcl
preinitializing
resolving types
initializing
executing number 1
wrapping up
idle
5 ms. Memory: 146944K Free: 127905K (87%)
Completed execution with 4 iterations
preinitializing
resolving types
initializing
executing number 1
wrapping up
idle
9 ms. Memory: 146944K Free: 126686K (86%)
Completed execution with 4 iterations
preinitializing
resolving types
initializing
executing number 1
wrapping up
idle
3 ms. Memory: 146944K Free: 126686K (86%)
Completed execution with 4 iterations
preinitializing
resolving types
initializing
executing number 1
wrapping up
idle
2 ms. Memory: 146944K Free: 125482K (85%)
Completed execution with 4 iterations
preinitializing
resolving types
initializing
executing number 1
wrapping up
idle
7 ms. Memory: 146944K Free: 125482K (85%)
Completed execution with 4 iterations
/home/travis/build/icyphy/ptII/ptolemy/actor/lib/test/Distributor.tcl
14 ms. Memory: 146944K Free: 123050K (84%)
5 ms. Memory: 146944K Free: 121830K (83%)
StreamChangeRequest.changeExecuted(): <deleteEntity name="rec2"/> succeeded
StreamChangeRequest.changeExecuted(): <deleteRelation name="r2"/> succeeded
StreamChangeRequest.changeExecuted(): Record firings per iteration succeeded
5 ms. Memory: 146944K Free: 119407K (81%)
/home/travis/build/icyphy/ptII/ptolemy/actor/lib/test/Exit.tcl
Exit.tcl: this will print a message about Manager.exitAfterWrapup, which can be ignored.
3 ms. Memory: 146944K Free: 116385K (79%)
/home/travis/build/icyphy/ptII/ptolemy/actor/lib/test/Expression.tcl
5 ms. Memory: 146944K Free: 112749K (77%)
10 ms. Memory: 146944K Free: 112749K (77%)
3 ms. Memory: 146944K Free: 111546K (76%)
preinitializing
resolving types
initializing
executing number 1
wrapping up
idle
4 ms. Memory: 146944K Free: 110342K (75%)
Completed execution with 6 iterations
5 ms. Memory: 146944K Free: 109139K (74%)
3 ms. Memory: 146944K Free: 109139K (74%)
16 ms. Memory: 146944K Free: 107935K (73%)
6 ms. Memory: 146944K Free: 106732K (73%)
8 ms. Memory: 146944K Free: 105528K (72%)
/home/travis/build/icyphy/ptII/ptolemy/actor/lib/test/Gaussian.tcl
3 ms. Memory: 146944K Free: 103121K (70%)
sleeping 1 seconds: ................................................................................................................................................................................................................................................................................................................................................................................................................................................................................................................................................................................................................................................................................................................................................................................................................................................................................................................................................................................................................................................................................................................................................................................................................................................................................................................................................................................................................................................................................................................................................................................................................................................................................................................................................................................................................................................................................................................................................................................................................................................................................................................................................................................................................................................................................................................................................................................................................................................................................................................................................................................................................................................................................................................................................................................................................................................................................................................................................................................................................................................................................................................................................................................................................................................................................................................................................................................................................................................................................................................................................................................................................................................................................................................................................................................................................................................................................................................................................................................................................................................................................................................................................................................................................................................................................................................................................................................................................................................................................................................................................................................................................................................................................................................................................................................................................................................................................................................................................................................................................................................................................................................................................................................................................................................................................................................................................................................................................................................................................................................................................................................................................................................................................................................................................................................................................................................................................................................................................................................................................................................................................................................................................................................................................................................................................................................................................................................................................................................................................................................................................................................................................................................................................................................................................................................................................................................................................................................................................................................................................................................................................................................................................................................................................................................................................................................................................................................................................................................................................................................................................................................................................................................................................................................................................................................................................................................................................................................................................................................................................................................................................................................................................................................................................................................................................................................................................................................................................................................................................................................................................................................................................................................................................................................................................................................................................................................................................................................................................................................................................................................................................................................................................................................................................................................................................................................................................................................................................................................................................................................................................................................................................................................................................................................................................................................................................................................................................................................................................................................................................................................................................................................................................................................................................................................................................................................................................................................................................................................................................................................................................................................................................................................................................................................................................................................................................................................................................................................................................................................................................................................................................................................................................................................................................................................................................................................................................................................................................................................................................................................................................................................................................................................................................................................................................................................................................................................................................................................................................................................................................................................................................................................................................................................................................................................................................................................................................................................................................................................................................................................................................................................................................................................................................................................................................................................................................................................................................................................................................................................................................................................................................................................................................................................................................................................................................................................................................................................................................................................................................................................................................................................................................................................................................................................................................................................................................................................................................................................................................................................................................................................................................................................................................................................................................................................................................................................................................................................................................................................................................................................................................................................................................................................................................................................................................................................................................................................................................................................................................................................................................................................................................................................................................................................................................................................................................................................................................................................................................................................................................................................................................................................................................................................................................................................................................................................................................................................................................................................................................................................................................................................................................................................................................................................................................................................................................................................................................................................................................................................................................................................................................................................................................................................................................................................................................................................................................................................................................................................................................................................................................................................................................................................................................................................................................................................................................................................................................................................................................................................................................................................................................................................................................................................................................................................................................................................................................................................................................................................................................................................................................................................................................................................................................................................................................................................................................................................................................................................................................................................................................................................................................................................................................................................................................................................................................................................................................................................................................................................................................................................................................................................................................................................................................................................................................................................................................................................................................................................................................................................................................................................................................................................................................................................................................................................................................................................................................................................................................................................................................................................................................................................................................................................................................................................................................................................................................................................................................................................................................................................................................................................................................................................................................................................................................................................................................................................................................................................................................................................................................................................................................................................................................................................................................................................................................................................................................................................................................................................................................................................................................................................................................................................................................................................................................................................................................................................................................................................................................................................................................................................................................................................................................................................................................................................................................................................................................................................................................................................................................................................................................................................................................................................................................................................................................................................................................................................................................................................................................................................................................................................................................................................................................................................................................................................................................................................................................................................................................................................................................................................................................................................................................................................................................................................................................................................................................................................................................................................................................................................................................................................................................................................................................................................................................................................................................................................................................................................................................................................................................................................................................................................................................................................................................................................................................................................................................................................................................................................................................................................................................................................................................................................................................................................................................................................................................................................................................................................................................................................................................................................................................................................................................................................................................................................................................................................................................................................................................................................................................................................................................................................................................................................................................................................................................................................................................................................................................................................................................................................................................................................................................................................................................................................................................................................................................................................................................................................................................................................................................................................................................................................................................................................................................................................................................................................................................................................................................................................................................................................................................................................................................................................................................................................................................................................................................................................................................................................................................................................................................................................................................................................................................................................................................................................................................................................................................................................................................................................................................................................................................................................................................................................................................................................................................................................................................................................................................................................................................................................................................................................................................................................................................................................................................................................................................................................................................................................................................................................................................................................................................................................................................................................................................................................................................................................................................................................................................................................................................................................................................................................................................................................................................................................................................................................................................................................................................................................................................................................................................................................................................................................................................................................................................................................................................................................................................................................................................................................................................................................................................................................................................................................................................................................................................................................................................................................................................................................................................................................................................................................................................................................................................................................................................................................................................................................................................................................................................................................................................................................................................................................................................................................................................................................................................................................................................................................................................................................................................................................................................................................................................................................................................................................................................................................................................................................................................................................................................................................................................................................................................................................................................................................................................................................................................................................................................................................................................................................................................................................................................................................................................................................................................................................................................................................................................................................................................................................................................................................................................................................................................................................................................................................................................................................................................................................................................................................................................................................................................................................................................................................................................................................................................................................................................................................................................................................................................................................................................................................................................................................................................................................................................................................................................................................................................................................................................................................................................................................................................................................................................................................................................................................................................................................................................................................................................................................................................................................................................................................................................................................................................................................................................................................................................................................................................................................................................................................................................................................................................................................................................................................................................................................................................................................................................................................................................................................................................................................................................................................................................................................................................................................................................................................................................................................................................................................................................................................................................................................................................................................................................................................................................................................................................................................................................................................................................................................................................................................................................................................................................................................................................................................................................................................................................................................................................................................................................................................................................................................................................................................................................................................................................................................................................................................................................................................................................................................................................................................................................................................................................................................................................................................................................................................................................................................................................................................................................................................................................................................................................................................................................................................................................................................................................................................................................................................................................................................................................................................................................................................................................................................................................................................................................................................................................................................................................................................................................................................................................................................................................................................................................................................................................................................................................................................................................................................................................................................................................................................................................................................................................................................................................................................................................................................................................................................................................................................................................................................................................................................................................................................................................................................................................................................................................................................................................................................................................................................................................................................................................................................................................................................................................................................................................................................................................................................................................................................................................................................................................................................................................................................................................................................................................................................................................................................................................................................................................................................................................................................................................................................................................................................................................................................................................................................................................................................................................................................................................................................................................................................................................................................................................................................................................................................................................................................................................................................................................................................................................................................................................................................................................................................................................................................................................................................................................................................................................................................................................................................................................................................................................................................................................................................................................................................................................................................................................................................................................................................................................................................................................................................................................................................................................................................................................................................................................................................................................................................................................................................................................................................................................................................................................................................................................................................................................................................................................................................................................................................................................................................................................................................................................................................................................................................................................................................................................................................................................................................................................................................................................................................................................................................................................................................................................................................................................................................................................................................................................................................................................................................................................................................................................................................................................................................................................................................................................................................................................................................................................................................................................................................................................................................................................................................................................................................................................................................................................................................................................................................................................................................................................................................................................................................................................................................................................................................................................................................................................................................................................................................................................................................................................................................................................................................................................................................................................................................................................................................................................................................................................................................................................................................................................................................................................................................................................................................................................................................................................................................................................................................................................................................................................................................................................................................................................................................................................................................................................................................................................................................................................................................................................................................................................................................................................................................................................................................................................................................................................................................................................................................................................................................................................................................................................................................................................................................................................................................................................................................................................................................................................................................................................................................................................................................................................................................................................................................................................................................................................................................................................................................................................................................................................................................................................................................................................................................................................................................................................................................................................................................................................................................................................................................................................................................................................................................................................................................................................................................................................................................................................................................................................................................................................................................................................................................................................................................................................................................................................................................................................................................................................................................................................................................................................................................................................................................................................................................................................................................................................................................................................................................................................................................................................................................................................................................................................................................................................................................................................................................................................................................................................................................................................................................................................................................................................................................................................................................................................................................................................................................................................................................................................................................................................................................................................................................................................................................................................................................................................................................................................................................................................................................................................................................................................................................................................................................................................................................................................................................................................................................................................................................................................................................................................................................................................................................................................................................................................................................................................................................................................................................................................................................................................................................................................................................................................................................................................................................................................................................................................................................................................................................................................................................................................................................................................................................................................................................................................................................................................................................................................................................................................................................................................................................................................................................................................................................................................................................................................................................................................................................................................................................................................................................................................................................................................................................................................................................................................................................................................................................................................................................................................................................................................................................................................................................................................................................................................................................................................................................................3 ms. Memory: 208384K Free: 174279K (84%)
3 ms. Memory: 208384K Free: 171863K (82%)
1 ms. Memory: 208384K Free: 171344K (82%)
2 ms. Memory: 208384K Free: 171344K (82%)
2 ms. Memory: 208384K Free: 171344K (82%)
/home/travis/build/icyphy/ptII/ptolemy/actor/lib/test/IIR.tcl
/home/travis/build/icyphy/ptII/ptolemy/actor/lib/test/Interpolator.tcl
6 ms. Memory: 208384K Free: 166512K (80%)
3 ms. Memory: 208384K Free: 166512K (80%)
3 ms. Memory: 208384K Free: 164097K (79%)
1 ms. Memory: 208384K Free: 164097K (79%)
10 ms. Memory: 208384K Free: 164097K (79%)
2 ms. Memory: 208384K Free: 164097K (79%)
2 ms. Memory: 208384K Free: 161681K (78%)
1 ms. Memory: 208384K Free: 161681K (78%)
2 ms. Memory: 208384K Free: 159265K (76%)
2 ms. Memory: 208384K Free: 159265K (76%)
/home/travis/build/icyphy/ptII/ptolemy/actor/lib/test/MathFunction.tcl
4 ms. Memory: 208384K Free: 156850K (75%)
2 ms. Memory: 208384K Free: 156850K (75%)
2 ms. Memory: 208384K Free: 154434K (74%)
1 ms. Memory: 208384K Free: 154434K (74%)
3 ms. Memory: 208384K Free: 152019K (73%)
5 ms. Memory: 208384K Free: 152019K (73%)
/home/travis/build/icyphy/ptII/ptolemy/actor/lib/test/Maximum.tcl
3 ms. Memory: 208384K Free: 149603K (72%)
1 ms. Memory: 208384K Free: 147187K (71%)
2 ms. Memory: 208384K Free: 147187K (71%)
2 ms. Memory: 208384K Free: 147187K (71%)
/home/travis/build/icyphy/ptII/ptolemy/actor/lib/test/Minimum.tcl
3 ms. Memory: 208384K Free: 144772K (69%)
2 ms. Memory: 208384K Free: 144772K (69%)
9 ms. Memory: 208384K Free: 144772K (69%)
2 ms. Memory: 208384K Free: 142356K (68%)
/home/travis/build/icyphy/ptII/ptolemy/actor/lib/test/MultiplyDivide.tcl
10 ms. Memory: 208384K Free: 142356K (68%)
3 ms. Memory: 208384K Free: 139941K (67%)
5 ms. Memory: 208384K Free: 139941K (67%)
2 ms. Memory: 208384K Free: 139941K (67%)
8 ms. Memory: 208384K Free: 137525K (66%)
/home/travis/build/icyphy/ptII/ptolemy/actor/lib/test/OrderedMerge.tcl
Connections changed on port: inputA
Connections changed on port: inputB
Connections changed on port: output
Connections changed on port: output
Connections changed on port: output
Connections changed on port: input
.top. Preinitializing ...
Invoking preinitialize():  .top.OrderedMerge
Called preinitialize()
Invoking preinitialize():  .top.Ramp
Called preinitialize()
Invoking preinitialize():  .top.Ramp2
Called preinitialize()
Invoking preinitialize():  .top.Test
Called preinitialize()
Connections changed on port: inputA
Connections changed on port: output
Connections changed on port: inputB
Connections changed on port: output
Connections changed on port: output
Connections changed on port: input
.top. Finished preinitialize().
Called initialize().
Invoking initialize():  .top.OrderedMerge
Initializing actor: .top.OrderedMerge
Adding a thread: .top.OrderedMerge
Invoking initialize():  .top.Ramp
Initializing actor: .top.Ramp
Adding a thread: .top.Ramp
Invoking initialize():  .top.Ramp2
Initializing actor: .top.Ramp2
Adding a thread: .top.Ramp2
Invoking initialize():  .top.Test
Initializing actor: .top.Test
Adding a thread: .top.Test
-- Starting thread.
Called initialize()
Called prefire()
Called fire()
-- Starting thread.
Called initialize()
Called prefire()
Called fire()
Called postfire()
Called prefire()
Called fire()
-- Starting thread.
Called initialize()
Called prefire()
Called fire()
Called postfire()
Called prefire()
Called fire()
Called fire().
Checking for deadlock:
There are 3 Blocked actors, 0 Stopped actors, and 4 active threads.
Waiting for actors to stop.
-- Starting thread.
Called initialize()
Called prefire()
Called fire()
Checking for deadlock:
There are 2 Blocked actors, 0 Stopped actors, and 4 active threads.
Waiting for actors to stop.
Called postfire()
Called prefire()
Called fire()
Checking for deadlock:
There are 3 Blocked actors, 0 Stopped actors, and 4 active threads.
Waiting for actors to stop.
Read input token from inputA with value 0.0
Next port to read input from is inputB
Called postfire()
Called prefire()
Called fire()
Checking for deadlock:
There are 2 Blocked actors, 0 Stopped actors, and 4 active threads.
Waiting for actors to stop.
Called postfire()
Called prefire()
Called fire()
Checking for deadlock:
There are 3 Blocked actors, 0 Stopped actors, and 4 active threads.
Waiting for actors to stop.
Read input token from inputB with value 0.0
Checking for deadlock:
There are 2 Blocked actors, 0 Stopped actors, and 4 active threads.
Waiting for actors to stop.
-- Read input: 0.0, which is expected to match: 0.0
Called prefire()
Called fire()
Checking for deadlock:
There are 3 Blocked actors, 0 Stopped actors, and 4 active threads.
Waiting for actors to stop.
Sent output token with value 0.0
Next port to read input from is inputA
Called postfire()
Called prefire()
Called fire()
Checking for deadlock:
There are 2 Blocked actors, 0 Stopped actors, and 4 active threads.
Waiting for actors to stop.
Called postfire()
Called prefire()
Called fire()
Checking for deadlock:
There are 3 Blocked actors, 0 Stopped actors, and 4 active threads.
Waiting for actors to stop.
Read input token from inputA with value 1.0
Checking for deadlock:
There are 2 Blocked actors, 0 Stopped actors, and 4 active threads.
Waiting for actors to stop.
-- Read input: 0.0, which is expected to match: 0.0
Called prefire()
Called fire()
Checking for deadlock:
There are 3 Blocked actors, 0 Stopped actors, and 4 active threads.
Waiting for actors to stop.
Sent output token with value 0.0
Next port to read input from is inputB
Called postfire()
Called prefire()
Called fire()
Checking for deadlock:
There are 2 Blocked actors, 0 Stopped actors, and 4 active threads.
Waiting for actors to stop.
Called postfire()
Called prefire()
Called fire()
Checking for deadlock:
There are 3 Blocked actors, 0 Stopped actors, and 4 active threads.
Waiting for actors to stop.
Read input token from inputB with value 1.5
Checking for deadlock:
There are 2 Blocked actors, 0 Stopped actors, and 4 active threads.
Waiting for actors to stop.
-- Read input: 1.0, which is expected to match: 1.0
Called prefire()
Called fire()
Checking for deadlock:
There are 3 Blocked actors, 0 Stopped actors, and 4 active threads.
Waiting for actors to stop.
Sent output token with value 1.0
Next port to read input from is inputA
Called postfire()
Called prefire()
Called fire()
Checking for deadlock:
There are 2 Blocked actors, 0 Stopped actors, and 4 active threads.
Waiting for actors to stop.
Called postfire()
Called prefire()
Called fire()
Checking for deadlock:
There are 3 Blocked actors, 0 Stopped actors, and 4 active threads.
Waiting for actors to stop.
Read input token from inputA with value 2.0
Checking for deadlock:
There are 2 Blocked actors, 0 Stopped actors, and 4 active threads.
Waiting for actors to stop.
-- Read input: 1.5, which is expected to match: 1.5
Called prefire()
Called fire()
Checking for deadlock:
There are 3 Blocked actors, 0 Stopped actors, and 4 active threads.
Waiting for actors to stop.
Sent output token with value 1.5
Next port to read input from is inputB
Called postfire()
Called prefire()
Called fire()
Checking for deadlock:
There are 2 Blocked actors, 0 Stopped actors, and 4 active threads.
Waiting for actors to stop.
Called postfire()
Called prefire()
Called fire()
Checking for deadlock:
There are 3 Blocked actors, 0 Stopped actors, and 4 active threads.
Waiting for actors to stop.
Read input token from inputB with value 3.0
Checking for deadlock:
There are 2 Blocked actors, 0 Stopped actors, and 4 active threads.
Waiting for actors to stop.
-- Read input: 2.0, which is expected to match: 2.0
Called prefire()
Called fire()
Checking for deadlock:
There are 3 Blocked actors, 0 Stopped actors, and 4 active threads.
Waiting for actors to stop.
Sent output token with value 2.0
Next port to read input from is inputA
Called postfire()
Called prefire()
Called fire()
Checking for deadlock:
There are 2 Blocked actors, 0 Stopped actors, and 4 active threads.
Waiting for actors to stop.
Called postfire()
Called prefire()
Called fire()
Checking for deadlock:
There are 3 Blocked actors, 0 Stopped actors, and 4 active threads.
Waiting for actors to stop.
Read input token from inputA with value 3.0
Checking for deadlock:
There are 2 Blocked actors, 0 Stopped actors, and 4 active threads.
Waiting for actors to stop.
-- Read input: 3.0, which is expected to match: 3.0
Called prefire()
Called fire()
Checking for deadlock:
There are 3 Blocked actors, 0 Stopped actors, and 4 active threads.
Waiting for actors to stop.
Sent output token with value 3.0
Next port to read input from is inputB
Called postfire()
Called prefire()
Called fire()
Checking for deadlock:
There are 2 Blocked actors, 0 Stopped actors, and 4 active threads.
Waiting for actors to stop.
Called postfire()
Called prefire()
Called fire()
Checking for deadlock:
There are 3 Blocked actors, 0 Stopped actors, and 4 active threads.
Waiting for actors to stop.
Read input token from inputB with value 4.5
Checking for deadlock:
There are 2 Blocked actors, 0 Stopped actors, and 4 active threads.
Waiting for actors to stop.
-- Read input: 3.0, which is expected to match: 3.0
Called prefire()
Called fire()
Checking for deadlock:
There are 3 Blocked actors, 0 Stopped actors, and 4 active threads.
Waiting for actors to stop.
Sent output token with value 3.0
Next port to read input from is inputA
Called postfire()
Called prefire()
Called fire()
Checking for deadlock:
There are 2 Blocked actors, 0 Stopped actors, and 4 active threads.
Waiting for actors to stop.
Called postfire()
Called prefire()
Called fire()
Checking for deadlock:
There are 3 Blocked actors, 0 Stopped actors, and 4 active threads.
Waiting for actors to stop.
Read input token from inputA with value 4.0
Checking for deadlock:
There are 2 Blocked actors, 0 Stopped actors, and 4 active threads.
Waiting for actors to stop.
-- Read input: 4.0, which is expected to match: 4.0
Called prefire()
Called fire()
Past the end of training data. Read and discard all inputs.
Checking for deadlock:
There are 3 Blocked actors, 0 Stopped actors, and 4 active threads.
Waiting for actors to stop.
Sent output token with value 4.0
Next port to read input from is inputA
Called postfire()
Called prefire()
Called fire()
Checking for deadlock:
There are 2 Blocked actors, 0 Stopped actors, and 4 active threads.
Waiting for actors to stop.
Called postfire()
Called prefire()
Called fire()
Checking for deadlock:
There are 3 Blocked actors, 0 Stopped actors, and 4 active threads.
Waiting for actors to stop.
Read input token from inputA with value 5.0
Checking for deadlock:
There are 2 Blocked actors, 0 Stopped actors, and 4 active threads.
Waiting for actors to stop.
Called prefire()
Called fire()
Past the end of training data. Read and discard all inputs.
Checking for deadlock:
There are 3 Blocked actors, 0 Stopped actors, and 4 active threads.
Waiting for actors to stop.
Sent output token with value 4.5
Next port to read input from is inputB
Called postfire()
Called prefire()
Called fire()
Checking for deadlock:
There are 2 Blocked actors, 0 Stopped actors, and 4 active threads.
Waiting for actors to stop.
Called postfire()
Called prefire()
Called fire()
Checking for deadlock:
There are 3 Blocked actors, 0 Stopped actors, and 4 active threads.
Waiting for actors to stop.
Read input token from inputB with value 6.0
Checking for deadlock:
There are 2 Blocked actors, 0 Stopped actors, and 4 active threads.
Waiting for actors to stop.
Called prefire()
Called fire()
Past the end of training data. Read and discard all inputs.
Checking for deadlock:
There are 3 Blocked actors, 0 Stopped actors, and 4 active threads.
Waiting for actors to stop.
Sent output token with value 5.0
Next port to read input from is inputA
Called postfire()
Called prefire()
Called fire()
Checking for deadlock:
There are 2 Blocked actors, 0 Stopped actors, and 4 active threads.
Waiting for actors to stop.
Called postfire()
Called prefire()
Called fire()
Checking for deadlock:
There are 3 Blocked actors, 0 Stopped actors, and 4 active threads.
Waiting for actors to stop.
Read input token from inputA with value 6.0
Checking for deadlock:
There are 2 Blocked actors, 0 Stopped actors, and 4 active threads.
Waiting for actors to stop.
Called prefire()
Called fire()
Past the end of training data. Read and discard all inputs.
Checking for deadlock:
There are 3 Blocked actors, 0 Stopped actors, and 4 active threads.
Waiting for actors to stop.
Sent output token with value 6.0
Next port to read input from is inputB
Called postfire()
Called prefire()
Called fire()
Checking for deadlock:
There are 2 Blocked actors, 0 Stopped actors, and 4 active threads.
Waiting for actors to stop.
Called postfire()
Called prefire()
Called fire()
Checking for deadlock:
There are 3 Blocked actors, 0 Stopped actors, and 4 active threads.
Waiting for actors to stop.
Read input token from inputB with value 7.5
Checking for deadlock:
There are 2 Blocked actors, 0 Stopped actors, and 4 active threads.
Waiting for actors to stop.
Called prefire()
Called fire()
Past the end of training data. Read and discard all inputs.
Checking for deadlock:
There are 3 Blocked actors, 0 Stopped actors, and 4 active threads.
Waiting for actors to stop.
Sent output token with value 6.0
Next port to read input from is inputA
Called postfire()
Called prefire()
Called fire()
Checking for deadlock:
There are 2 Blocked actors, 0 Stopped actors, and 4 active threads.
Waiting for actors to stop.
Called postfire()
Called prefire()
Called fire()
Checking for deadlock:
There are 3 Blocked actors, 0 Stopped actors, and 4 active threads.
Waiting for actors to stop.
Read input token from inputA with value 7.0
Checking for deadlock:
There are 2 Blocked actors, 0 Stopped actors, and 4 active threads.
Waiting for actors to stop.
Called prefire()
Called fire()
Past the end of training data. Read and discard all inputs.
Checking for deadlock:
There are 3 Blocked actors, 0 Stopped actors, and 4 active threads.
Waiting for actors to stop.
Sent output token with value 7.0
Next port to read input from is inputA
Called postfire()
Called prefire()
Called fire()
Checking for deadlock:
There are 2 Blocked actors, 0 Stopped actors, and 4 active threads.
Waiting for actors to stop.
-- Thread wrapup() called.
Called wrapup()
Thread .top.Ramp is exiting.
-- Thread stopped.
Checking for deadlock:
There are 2 Blocked actors, 0 Stopped actors, and 3 active threads.
Waiting for actors to stop.
Read input token from inputA with value 8.0
Checking for deadlock:
There are 1 Blocked actors, 0 Stopped actors, and 3 active threads.
Waiting for actors to stop.
Called prefire()
Called fire()
Past the end of training data. Read and discard all inputs.
Checking for deadlock:
There are 2 Blocked actors, 0 Stopped actors, and 3 active threads.
Waiting for actors to stop.
Sent output token with value 7.5
Next port to read input from is inputB
Called postfire()
Called prefire()
Called fire()
Checking for deadlock:
There are 1 Blocked actors, 0 Stopped actors, and 3 active threads.
Waiting for actors to stop.
Called postfire()
Called prefire()
Called fire()
Checking for deadlock:
There are 2 Blocked actors, 0 Stopped actors, and 3 active threads.
Waiting for actors to stop.
Read input token from inputB with value 9.0
Checking for deadlock:
There are 1 Blocked actors, 0 Stopped actors, and 3 active threads.
Waiting for actors to stop.
Called prefire()
Called fire()
Past the end of training data. Read and discard all inputs.
Checking for deadlock:
There are 2 Blocked actors, 0 Stopped actors, and 3 active threads.
Waiting for actors to stop.
Sent output token with value 8.0
Next port to read input from is inputA
Called postfire()
Called prefire()
Called fire()
Read input token from inputA with value 9.0
Checking for deadlock:
There are 1 Blocked actors, 0 Stopped actors, and 3 active threads.
Waiting for actors to stop.
Called prefire()
Called fire()
Past the end of training data. Read and discard all inputs.
Checking for deadlock:
There are 2 Blocked actors, 0 Stopped actors, and 3 active threads.
Waiting for actors to stop.
Sent output token with value 9.0
Next port to read input from is inputB
Called postfire()
Called prefire()
Called fire()
Checking for deadlock:
There are 1 Blocked actors, 0 Stopped actors, and 3 active threads.
Waiting for actors to stop.
Called postfire()
Called prefire()
Called fire()
Checking for deadlock:
There are 2 Blocked actors, 0 Stopped actors, and 3 active threads.
Waiting for actors to stop.
Read input token from inputB with value 10.5
Checking for deadlock:
There are 1 Blocked actors, 0 Stopped actors, and 3 active threads.
Waiting for actors to stop.
Called prefire()
Called fire()
Past the end of training data. Read and discard all inputs.
Checking for deadlock:
There are 2 Blocked actors, 0 Stopped actors, and 3 active threads.
Waiting for actors to stop.
Sent output token with value 9.0
Next port to read input from is inputA
Called postfire()
Called prefire()
Called fire()
Checking for deadlock:
There are 3 Blocked actors, 0 Stopped actors, and 3 active threads.
Actors have stopped.
Checking for deadlock:
There are 3 Blocked actors, 0 Stopped actors, and 3 active threads.
Deadlock detected.
Resolving Deadlock
Checking for deadlock:
There are 3 Blocked actors, 0 Stopped actors, and 3 active threads.
Artificial Deadlock - increasing queue capacity.
increasing the capacity of receiver ptolemy.actor.TypedIOPort {.top.OrderedMerge.inputB} to 2
Director: Called postfire().
Called postfire().
_stopRequested = false
_stopFireRequested = false
Returning from postfire(): true
Called fire().
Checking for deadlock:
There are 2 Blocked actors, 0 Stopped actors, and 3 active threads.
Waiting for actors to stop.
-- Thread wrapup() called.
Called wrapup()
Thread .top.Ramp2 is exiting.
-- Thread stopped.
Checking for deadlock:
There are 2 Blocked actors, 0 Stopped actors, and 2 active threads.
Actors have stopped.
Checking for deadlock:
There are 2 Blocked actors, 0 Stopped actors, and 2 active threads.
Deadlock detected.
Resolving Deadlock
Checking for deadlock:
There are 2 Blocked actors, 0 Stopped actors, and 2 active threads.
Deadlock detected: no processes blocked on write, but some are blocked on read.
Called postfire().
_stopRequested = false
_stopFireRequested = false
Returning from postfire(): false
Finished deactivating branches.
Called wrapup().
-- Thread wrapup() called.
Called wrapup()
Thread .top.Test is exiting.
-- Thread stopped.
-- Blocked Receiver call threw TerminateProcessException.
-- Thread wrapup() called.
Called wrapup()
Thread .top.OrderedMerge is exiting.
32 ms. Memory: 208384K Free: 130194K (62%)
.top. Preinitializing ...
Invoking preinitialize():  .top.OrderedMerge
Called preinitialize()
Invoking preinitialize():  .top.Ramp
Called preinitialize()
Invoking preinitialize():  .top.Ramp2
Called preinitialize()
Invoking preinitialize():  .top.Test
Called preinitialize()
.top. Finished preinitialize().
Called initialize().
Invoking initialize():  .top.OrderedMerge
Initializing actor: .top.OrderedMerge
Adding a thread: .top.OrderedMerge
Invoking initialize():  .top.Ramp
Initializing actor: .top.Ramp
Adding a thread: .top.Ramp
Invoking initialize():  .top.Ramp2
Initializing actor: .top.Ramp2
Adding a thread: .top.Ramp2
Invoking initialize():  .top.Test
Initializing actor: .top.Test
Adding a thread: .top.Test
-- Thread stopped.
-- Blocked Receiver call threw TerminateProcessException.
-- Starting thread.
Called initialize()
Called prefire()
Called fire()
-- Starting thread.
Called initialize()
Called prefire()
Called fire()
Called postfire()
Called prefire()
Called fire()
-- Starting thread.
Called initialize()
Called prefire()
Called fire()
Called postfire()
Called prefire()
Called fire()
Called fire().
Checking for deadlock:
There are 3 Blocked actors, 0 Stopped actors, and 4 active threads.
Waiting for actors to stop.
-- Starting thread.
Called initialize()
Called prefire()
Called fire()
Checking for deadlock:
There are 2 Blocked actors, 0 Stopped actors, and 4 active threads.
Waiting for actors to stop.
Called postfire()
Called prefire()
Called fire()
Checking for deadlock:
There are 3 Blocked actors, 0 Stopped actors, and 4 active threads.
Waiting for actors to stop.
Read input token from inputA with value 0.0
Next port to read input from is inputB
Called postfire()
Called prefire()
Called fire()
Checking for deadlock:
There are 2 Blocked actors, 0 Stopped actors, and 4 active threads.
Waiting for actors to stop.
Called postfire()
Called prefire()
Called fire()
Checking for deadlock:
There are 3 Blocked actors, 0 Stopped actors, and 4 active threads.
Waiting for actors to stop.
Read input token from inputB with value 0.0
Checking for deadlock:
There are 2 Blocked actors, 0 Stopped actors, and 4 active threads.
Waiting for actors to stop.
-- Read input: 0.0, which is expected to match: 0.0
Called prefire()
Called fire()
Checking for deadlock:
There are 3 Blocked actors, 0 Stopped actors, and 4 active threads.
Waiting for actors to stop.
Sent output token with value 0.0
Next port to read input from is inputA
Called postfire()
Called prefire()
Called fire()
Checking for deadlock:
There are 2 Blocked actors, 0 Stopped actors, and 4 active threads.
Waiting for actors to stop.
Called postfire()
Called prefire()
Called fire()
Checking for deadlock:
There are 3 Blocked actors, 0 Stopped actors, and 4 active threads.
Waiting for actors to stop.
Read input token from inputA with value 1.0
Checking for deadlock:
There are 2 Blocked actors, 0 Stopped actors, and 4 active threads.
Waiting for actors to stop.
-- Read input: 0.0, which is expected to match: 0.0
Called prefire()
Called fire()
Checking for deadlock:
There are 3 Blocked actors, 0 Stopped actors, and 4 active threads.
Waiting for actors to stop.
Sent output token with value 0.0
Next port to read input from is inputB
Called postfire()
Called prefire()
Called fire()
Checking for deadlock:
There are 2 Blocked actors, 0 Stopped actors, and 4 active threads.
Waiting for actors to stop.
Called postfire()
Called prefire()
Called fire()
Checking for deadlock:
There are 3 Blocked actors, 0 Stopped actors, and 4 active threads.
Waiting for actors to stop.
Read input token from inputB with value 1.5
Checking for deadlock:
There are 2 Blocked actors, 0 Stopped actors, and 4 active threads.
Waiting for actors to stop.
-- Read input: 1.0, which is expected to match: 1.0
Called prefire()
Called fire()
Checking for deadlock:
There are 3 Blocked actors, 0 Stopped actors, and 4 active threads.
Waiting for actors to stop.
Sent output token with value 1.0
Next port to read input from is inputA
Called postfire()
Called prefire()
Called fire()
Checking for deadlock:
There are 2 Blocked actors, 0 Stopped actors, and 4 active threads.
Waiting for actors to stop.
Called postfire()
Called prefire()
Called fire()
Checking for deadlock:
There are 3 Blocked actors, 0 Stopped actors, and 4 active threads.
Waiting for actors to stop.
Read input token from inputA with value 2.0
Checking for deadlock:
There are 2 Blocked actors, 0 Stopped actors, and 4 active threads.
Waiting for actors to stop.
-- Read input: 1.5, which is expected to match: 1.5
Called prefire()
Called fire()
Checking for deadlock:
There are 3 Blocked actors, 0 Stopped actors, and 4 active threads.
Waiting for actors to stop.
Sent output token with value 1.5
Next port to read input from is inputB
Called postfire()
Called prefire()
Called fire()
Checking for deadlock:
There are 2 Blocked actors, 0 Stopped actors, and 4 active threads.
Waiting for actors to stop.
Called postfire()
Called prefire()
Called fire()
Checking for deadlock:
There are 3 Blocked actors, 0 Stopped actors, and 4 active threads.
Waiting for actors to stop.
Read input token from inputB with value 3.0
Checking for deadlock:
There are 2 Blocked actors, 0 Stopped actors, and 4 active threads.
Waiting for actors to stop.
-- Read input: 2.0, which is expected to match: 2.0
Called prefire()
Called fire()
Checking for deadlock:
There are 3 Blocked actors, 0 Stopped actors, and 4 active threads.
Waiting for actors to stop.
Sent output token with value 2.0
Next port to read input from is inputA
Called postfire()
Called prefire()
Called fire()
Checking for deadlock:
There are 2 Blocked actors, 0 Stopped actors, and 4 active threads.
Waiting for actors to stop.
Called postfire()
Called prefire()
Called fire()
Checking for deadlock:
There are 3 Blocked actors, 0 Stopped actors, and 4 active threads.
Waiting for actors to stop.
Read input token from inputA with value 3.0
Checking for deadlock:
There are 2 Blocked actors, 0 Stopped actors, and 4 active threads.
Waiting for actors to stop.
-- Read input: 3.0, which is expected to match: 3.0
Called prefire()
Called fire()
Checking for deadlock:
There are 3 Blocked actors, 0 Stopped actors, and 4 active threads.
Waiting for actors to stop.
Sent output token with value 3.0
Next port to read input from is inputB
Called postfire()
Called prefire()
Called fire()
Checking for deadlock:
There are 2 Blocked actors, 0 Stopped actors, and 4 active threads.
Waiting for actors to stop.
Called postfire()
Called prefire()
Called fire()
Checking for deadlock:
There are 3 Blocked actors, 0 Stopped actors, and 4 active threads.
Waiting for actors to stop.
Read input token from inputB with value 4.5
Checking for deadlock:
There are 2 Blocked actors, 0 Stopped actors, and 4 active threads.
Waiting for actors to stop.
-- Read input: 3.0, which is expected to match: 3.0
Called prefire()
Called fire()
Checking for deadlock:
There are 3 Blocked actors, 0 Stopped actors, and 4 active threads.
Waiting for actors to stop.
Sent output token with value 3.0
Next port to read input from is inputA
Called postfire()
Called prefire()
Called fire()
Checking for deadlock:
There are 2 Blocked actors, 0 Stopped actors, and 4 active threads.
Waiting for actors to stop.
Called postfire()
Called prefire()
Called fire()
Checking for deadlock:
There are 3 Blocked actors, 0 Stopped actors, and 4 active threads.
Waiting for actors to stop.
Read input token from inputA with value 4.0
Checking for deadlock:
There are 2 Blocked actors, 0 Stopped actors, and 4 active threads.
Waiting for actors to stop.
-- Read input: 4.0, which is expected to match: 4.0
Called prefire()
Called fire()
Past the end of training data. Read and discard all inputs.
Checking for deadlock:
There are 3 Blocked actors, 0 Stopped actors, and 4 active threads.
Waiting for actors to stop.
Sent output token with value 4.0
Next port to read input from is inputA
Called postfire()
Called prefire()
Called fire()
Checking for deadlock:
There are 2 Blocked actors, 0 Stopped actors, and 4 active threads.
Waiting for actors to stop.
Called postfire()
Called prefire()
Called fire()
Checking for deadlock:
There are 3 Blocked actors, 0 Stopped actors, and 4 active threads.
Waiting for actors to stop.
Read input token from inputA with value 5.0
Checking for deadlock:
There are 2 Blocked actors, 0 Stopped actors, and 4 active threads.
Waiting for actors to stop.
Called prefire()
Called fire()
Past the end of training data. Read and discard all inputs.
Checking for deadlock:
There are 3 Blocked actors, 0 Stopped actors, and 4 active threads.
Waiting for actors to stop.
Sent output token with value 4.5
Next port to read input from is inputB
Called postfire()
Called prefire()
Called fire()
Checking for deadlock:
There are 2 Blocked actors, 0 Stopped actors, and 4 active threads.
Waiting for actors to stop.
Called postfire()
Called prefire()
Called fire()
Checking for deadlock:
There are 3 Blocked actors, 0 Stopped actors, and 4 active threads.
Waiting for actors to stop.
Read input token from inputB with value 6.0
Checking for deadlock:
There are 2 Blocked actors, 0 Stopped actors, and 4 active threads.
Waiting for actors to stop.
Called prefire()
Called fire()
Past the end of training data. Read and discard all inputs.
Checking for deadlock:
There are 3 Blocked actors, 0 Stopped actors, and 4 active threads.
Waiting for actors to stop.
Sent output token with value 5.0
Next port to read input from is inputA
Called postfire()
Called prefire()
Called fire()
Checking for deadlock:
There are 2 Blocked actors, 0 Stopped actors, and 4 active threads.
Waiting for actors to stop.
Called postfire()
Called prefire()
Called fire()
Checking for deadlock:
There are 3 Blocked actors, 0 Stopped actors, and 4 active threads.
Waiting for actors to stop.
Read input token from inputA with value 6.0
Checking for deadlock:
There are 2 Blocked actors, 0 Stopped actors, and 4 active threads.
Waiting for actors to stop.
Called prefire()
Called fire()
Past the end of training data. Read and discard all inputs.
Checking for deadlock:
There are 3 Blocked actors, 0 Stopped actors, and 4 active threads.
Waiting for actors to stop.
Sent output token with value 6.0
Next port to read input from is inputB
Called postfire()
Called prefire()
Called fire()
Checking for deadlock:
There are 2 Blocked actors, 0 Stopped actors, and 4 active threads.
Waiting for actors to stop.
Called postfire()
Called prefire()
Called fire()
Checking for deadlock:
There are 3 Blocked actors, 0 Stopped actors, and 4 active threads.
Waiting for actors to stop.
Read input token from inputB with value 7.5
Checking for deadlock:
There are 2 Blocked actors, 0 Stopped actors, and 4 active threads.
Waiting for actors to stop.
Called prefire()
Called fire()
Past the end of training data. Read and discard all inputs.
Checking for deadlock:
There are 3 Blocked actors, 0 Stopped actors, and 4 active threads.
Waiting for actors to stop.
Sent output token with value 6.0
Next port to read input from is inputA
Called postfire()
Called prefire()
Called fire()
Checking for deadlock:
There are 2 Blocked actors, 0 Stopped actors, and 4 active threads.
Waiting for actors to stop.
Called postfire()
Called prefire()
Called fire()
Checking for deadlock:
There are 3 Blocked actors, 0 Stopped actors, and 4 active threads.
Waiting for actors to stop.
Read input token from inputA with value 7.0
Checking for deadlock:
There are 2 Blocked actors, 0 Stopped actors, and 4 active threads.
Waiting for actors to stop.
Called prefire()
Called fire()
Past the end of training data. Read and discard all inputs.
Checking for deadlock:
There are 3 Blocked actors, 0 Stopped actors, and 4 active threads.
Waiting for actors to stop.
Sent output token with value 7.0
Next port to read input from is inputA
Called postfire()
Called prefire()
Called fire()
Checking for deadlock:
There are 2 Blocked actors, 0 Stopped actors, and 4 active threads.
Waiting for actors to stop.
-- Thread wrapup() called.
Called wrapup()
Thread .top.Ramp is exiting.
Checking for deadlock:
There are 2 Blocked actors, 0 Stopped actors, and 3 active threads.
Waiting for actors to stop.
-- Thread stopped.
Read input token from inputA with value 8.0
Checking for deadlock:
There are 1 Blocked actors, 0 Stopped actors, and 3 active threads.
Waiting for actors to stop.
Called prefire()
Called fire()
Past the end of training data. Read and discard all inputs.
Checking for deadlock:
There are 2 Blocked actors, 0 Stopped actors, and 3 active threads.
Waiting for actors to stop.
Sent output token with value 7.5
Next port to read input from is inputB
Called postfire()
Called prefire()
Called fire()
Checking for deadlock:
There are 1 Blocked actors, 0 Stopped actors, and 3 active threads.
Waiting for actors to stop.
Called postfire()
Called prefire()
Called fire()
Checking for deadlock:
There are 2 Blocked actors, 0 Stopped actors, and 3 active threads.
Waiting for actors to stop.
Read input token from inputB with value 9.0
Checking for deadlock:
There are 1 Blocked actors, 0 Stopped actors, and 3 active threads.
Waiting for actors to stop.
Called prefire()
Called fire()
Past the end of training data. Read and discard all inputs.
Checking for deadlock:
There are 2 Blocked actors, 0 Stopped actors, and 3 active threads.
Waiting for actors to stop.
Sent output token with value 8.0
Next port to read input from is inputA
Called postfire()
Called prefire()
Called fire()
Read input token from inputA with value 9.0
Checking for deadlock:
There are 1 Blocked actors, 0 Stopped actors, and 3 active threads.
Waiting for actors to stop.
Called prefire()
Called fire()
Past the end of training data. Read and discard all inputs.
Checking for deadlock:
There are 2 Blocked actors, 0 Stopped actors, and 3 active threads.
Waiting for actors to stop.
Sent output token with value 9.0
Next port to read input from is inputB
Called postfire()
Called prefire()
Called fire()
Checking for deadlock:
There are 1 Blocked actors, 0 Stopped actors, and 3 active threads.
Waiting for actors to stop.
Called postfire()
Called prefire()
Called fire()
Checking for deadlock:
There are 2 Blocked actors, 0 Stopped actors, and 3 active threads.
Waiting for actors to stop.
Read input token from inputB with value 10.5
Checking for deadlock:
There are 1 Blocked actors, 0 Stopped actors, and 3 active threads.
Waiting for actors to stop.
Called prefire()
Called fire()
Past the end of training data. Read and discard all inputs.
Checking for deadlock:
There are 2 Blocked actors, 0 Stopped actors, and 3 active threads.
Waiting for actors to stop.
Sent output token with value 9.0
Next port to read input from is inputA
Called postfire()
Called prefire()
Called fire()
Checking for deadlock:
There are 3 Blocked actors, 0 Stopped actors, and 3 active threads.
Actors have stopped.
Checking for deadlock:
There are 3 Blocked actors, 0 Stopped actors, and 3 active threads.
Deadlock detected.
Resolving Deadlock
Checking for deadlock:
There are 3 Blocked actors, 0 Stopped actors, and 3 active threads.
Artificial Deadlock - increasing queue capacity.
increasing the capacity of receiver ptolemy.actor.TypedIOPort {.top.OrderedMerge.inputB} to 2
Director: Called postfire().
Called postfire().
_stopRequested = false
_stopFireRequested = false
Returning from postfire(): true
Called fire().
Checking for deadlock:
There are 2 Blocked actors, 0 Stopped actors, and 3 active threads.
Waiting for actors to stop.
-- Thread wrapup() called.
Called wrapup()
Thread .top.Ramp2 is exiting.
-- Thread stopped.
Checking for deadlock:
There are 2 Blocked actors, 0 Stopped actors, and 2 active threads.
Actors have stopped.
Checking for deadlock:
There are 2 Blocked actors, 0 Stopped actors, and 2 active threads.
Deadlock detected.
Resolving Deadlock
Checking for deadlock:
There are 2 Blocked actors, 0 Stopped actors, and 2 active threads.
Deadlock detected: no processes blocked on write, but some are blocked on read.
Called postfire().
_stopRequested = false
_stopFireRequested = false
Returning from postfire(): false
Finished deactivating branches.
Called wrapup().
-- Thread wrapup() called.
Called wrapup()
Thread .top.OrderedMerge is exiting.
-- Thread stopped.
-- Blocked Receiver call threw TerminateProcessException.
-- Thread wrapup() called.
Called wrapup()
Thread .top.Test is exiting.
-- Thread stopped.
-- Blocked Receiver call threw TerminateProcessException.
27 ms. Memory: 208384K Free: 125279K (60%)
/home/travis/build/icyphy/ptII/ptolemy/actor/lib/test/Publisher.tcl
13 ms. Memory: 208384K Free: 120432K (58%)
7 ms. Memory: 208384K Free: 113169K (54%)
8 ms. Memory: 208384K Free: 110754K (53%)
5 ms. Memory: 208384K Free: 108338K (52%)
5 ms. Memory: 208384K Free: 108338K (52%)
9 ms. Memory: 208384K Free: 105922K (51%)
2 ms. Memory: 208384K Free: 105922K (51%)
4 ms. Memory: 208384K Free: 105922K (51%)
1 ms. Memory: 208384K Free: 96260K (46%)
6 ms. Memory: 208384K Free: 91429K (44%)
2 ms. Memory: 208384K Free: 91429K (44%)
1 ms. Memory: 208384K Free: 88997K (43%)
21 ms. Memory: 208384K Free: 81734K (39%)
5 ms. Memory: 330752K Free: 314452K (95%)
9 ms. Memory: 330752K Free: 300339K (91%)
/home/travis/build/icyphy/ptII/ptolemy/actor/lib/test/Pulse.tcl
2 ms. Memory: 330752K Free: 257359K (78%)
2 ms. Memory: 330752K Free: 257359K (78%)
7 ms. Memory: 330752K Free: 257359K (78%)
1 ms. Memory: 330752K Free: 257359K (78%)
1 ms. Memory: 330752K Free: 257359K (78%)
1 ms. Memory: 330752K Free: 257359K (78%)
7 ms. Memory: 330752K Free: 252665K (76%)
1 ms. Memory: 330752K Free: 252665K (76%)
1 ms. Memory: 330752K Free: 252665K (76%)
/home/travis/build/icyphy/ptII/ptolemy/actor/lib/test/Ramp.tcl
7 ms. Memory: 330752K Free: 252665K (76%)
3 ms. Memory: 330752K Free: 247963K (75%)
3 ms. Memory: 330752K Free: 247963K (75%)
2 ms. Memory: 330752K Free: 247963K (75%)
5 ms. Memory: 330752K Free: 247963K (75%)
10 ms. Memory: 330752K Free: 247963K (75%)
6 ms. Memory: 330752K Free: 247963K (75%)
5 actors
13000 microseconds per iteration to create
13 ms. Memory: 330752K Free: 243270K (74%)
2 ms. Memory: 330752K Free: 243270K (74%)
2 ms. Memory: 330752K Free: 243270K (74%)
1 ms. Memory: 330752K Free: 243270K (74%)
50 actors
48000 microseconds per iteration to create
39 ms. Memory: 330752K Free: 224470K (68%)
17 ms. Memory: 330752K Free: 224470K (68%)
12 ms. Memory: 330752K Free: 224470K (68%)
5 ms. Memory: 330752K Free: 224470K (68%)
500 actors
1291000 microseconds per iteration to create
255 ms. Memory: 331776K Free: 300193K (90%)
40 ms. Memory: 331776K Free: 290660K (88%)
45 ms. Memory: 331776K Free: 285902K (86%)
53 ms. Memory: 331776K Free: 281144K (85%)
/home/travis/build/icyphy/ptII/ptolemy/actor/lib/test/RampContinuous.tcl
7 ms. Memory: 331776K Free: 281144K (85%)
/home/travis/build/icyphy/ptII/ptolemy/actor/lib/test/RecordAssembler.tcl
5 ms. Memory: 331776K Free: 281144K (85%)
4 ms. Memory: 331776K Free: 276369K (83%)
/home/travis/build/icyphy/ptII/ptolemy/actor/lib/test/RecordDisassembler.tcl
5 ms. Memory: 331776K Free: 276369K (83%)
2 ms. Memory: 331776K Free: 276369K (83%)
2 ms. Memory: 331776K Free: 276369K (83%)
/home/travis/build/icyphy/ptII/ptolemy/actor/lib/test/Scale.tcl
3 ms. Memory: 331776K Free: 271611K (82%)
1 ms. Memory: 331776K Free: 271611K (82%)
1 ms. Memory: 331776K Free: 271611K (82%)
3 ms. Memory: 331776K Free: 271611K (82%)
2 ms. Memory: 331776K Free: 271611K (82%)
/home/travis/build/icyphy/ptII/ptolemy/actor/lib/test/SequentialClock.tcl
preinitializing
resolving types
initializing
executing number 1
wrapping up
idle
6 ms. Memory: 331776K Free: 266853K (80%)
Completed execution with 5 iterations
preinitializing
resolving types
initializing
executing number 1
wrapping up
idle
1 ms. Memory: 331776K Free: 266853K (80%)
Completed execution with 5 iterations
preinitializing
resolving types
initializing
executing number 1
wrapping up
idle
1 ms. Memory: 331776K Free: 266853K (80%)
Completed execution with 5 iterations
/home/travis/build/icyphy/ptII/ptolemy/actor/lib/test/SetVariable.tcl
4 ms. Memory: 331776K Free: 266853K (80%)
/home/travis/build/icyphy/ptII/ptolemy/actor/lib/test/Sinewave.tcl
/home/travis/build/icyphy/ptII/ptolemy/actor/lib/test/SubscriptionAggregator.tcl
10 ms. Memory: 331776K Free: 252554K (76%)
2 ms. Memory: 331776K Free: 252554K (76%)
0 ms. Memory: 331776K Free: 252554K (76%)
0 ms. Memory: 331776K Free: 247780K (75%)
1 ms. Memory: 331776K Free: 247780K (75%)
3 ms. Memory: 331776K Free: 243013K (73%)
...............................................................813 ms. Memory: 574976K Free: 191216K (33%)
/home/travis/build/icyphy/ptII/ptolemy/actor/lib/test/Test.tcl
 The next command will produce a warning about training mode,
   which may be ignored.
3 ms. Memory: 574976K Free: 191216K (33%)
2 ms. Memory: 574976K Free: 191216K (33%)
9 ms. Memory: 574976K Free: 191216K (33%)
1 ms. Memory: 574976K Free: 191216K (33%)
1 ms. Memory: 574976K Free: 181691K (32%)
11 ms. Memory: 574976K Free: 181691K (32%)
3 ms. Memory: 574976K Free: 181691K (32%)
 The next command will produce a warning about training mode,
   which may be ignored.
4 ms. Memory: 574976K Free: 181691K (32%)
 The next command will produce a warning about training mode,
   which may be ignored.
3 ms. Memory: 574976K Free: 181691K (32%)
2 ms. Memory: 574976K Free: 181691K (32%)
1 ms. Memory: 574976K Free: 181691K (32%)
1 ms. Memory: 574976K Free: 181691K (32%)
1 ms. Memory: 574976K Free: 181691K (32%)
3 ms. Memory: 574976K Free: 172151K (30%)
/home/travis/build/icyphy/ptII/ptolemy/actor/lib/test/TestExceptionHandler.tcl
 The next command will produce a warning about training mode,
   which may be ignored.
1 ms. Memory: 574976K Free: 172151K (30%)
1 ms. Memory: 574976K Free: 172151K (30%)
9 ms. Memory: 574976K Free: 172151K (30%)
/home/travis/build/icyphy/ptII/ptolemy/actor/lib/test/UnionDisassembler.tcl
30 ms. Memory: 574976K Free: 162612K (28%)
/home/travis/build/icyphy/ptII/ptolemy/actor/lib/test/VariableClock.tcl
preinitializing
resolving types
initializing
executing number 1
wrapping up
idle
4 ms. Memory: 574976K Free: 162612K (28%)
Completed execution with 11 iterations
preinitializing
resolving types
initializing
executing number 1
wrapping up
idle
4 ms. Memory: 574976K Free: 162612K (28%)
Completed execution with 10 iterations
10/29/18 02:32:45
Failed: 0  Total Tests: 234  ((Passed: 234, Newly Passed: 0)  Known Failed: 0) /home/travis/build/icyphy/ptII/ptolemy/actor/lib/test
----------------- testing (KnownFailure) /home/travis/build/icyphy/ptII/ptolemy/actor/lib/test/auto/knownFailedTests/PublisherPortToplevelSubscriber.xml
1 ms. Memory: 574976K Free: 152904K (27%)
Known Failure: java.lang.reflect.InvocationTargetException
----------------- testing (KnownFailure) /home/travis/build/icyphy/ptII/ptolemy/actor/lib/test/auto/knownFailedTests/PublisherSubscriberPortToplevel.xml
1 ms. Memory: 574976K Free: 133489K (23%)
Known Failure: java.lang.reflect.InvocationTargetException
----------------- testing (KnownFailure) /home/travis/build/icyphy/ptII/ptolemy/actor/lib/test/auto/knownFailedTests/PublisherSubscriptionAggregatorPort.xml
2 ms. Memory: 574976K Free: 114073K (20%)
Known Failure: java.lang.reflect.InvocationTargetException
----------------- testing (KnownFailure) /home/travis/build/icyphy/ptII/ptolemy/actor/lib/test/auto/knownFailedTests/sizedarray3.xml
4 ms. Memory: 574976K Free: 94658K (16%)
Known Failure: java.lang.reflect.InvocationTargetException
No auto/linux-amd64/*.xml tests in /home/travis/build/icyphy/ptII/ptolemy/actor/lib/test
AutoTests.java: About to close Vertx.
AutoTests.java: Vertx closed.

===========================================================================================
----------------- testing Mon Oct 29 02:32:45 UTC 2018 /home/travis/build/icyphy/ptII/ptolemy/actor/lib/test/auto/AbsoluteValue.xml
----------------- Instantiating /home/travis/build/icyphy/ptII/ptolemy/actor/lib/test/auto/AbsoluteValue.xml
4 ms. Memory: 579072K Free: 478651K (83%)
----------------- Invoking toplevel() on ptolemy.moml.MoMLSimpleApplication@cd138f1
----------------- Done invoking toplevel() on ptolemy.moml.MoMLSimpleApplication@cd138f1
reloadAllAccessors: .AbsoluteValue

===========================================================================================
----------------- testing Mon Oct 29 02:32:45 UTC 2018 /home/travis/build/icyphy/ptII/ptolemy/actor/lib/test/auto/AbsoluteValue2.xml
----------------- Instantiating /home/travis/build/icyphy/ptII/ptolemy/actor/lib/test/auto/AbsoluteValue2.xml
9 ms. Memory: 579072K Free: 464074K (80%)
----------------- Invoking toplevel() on ptolemy.moml.MoMLSimpleApplication@7bc61cc0
----------------- Done invoking toplevel() on ptolemy.moml.MoMLSimpleApplication@7bc61cc0
reloadAllAccessors: .AbsoluteValue2

===========================================================================================
----------------- testing Mon Oct 29 02:32:45 UTC 2018 /home/travis/build/icyphy/ptII/ptolemy/actor/lib/test/auto/Accumulator.xml
----------------- Instantiating /home/travis/build/icyphy/ptII/ptolemy/actor/lib/test/auto/Accumulator.xml
6 ms. Memory: 579072K Free: 454366K (78%)
----------------- Invoking toplevel() on ptolemy.moml.MoMLSimpleApplication@58541e5e
----------------- Done invoking toplevel() on ptolemy.moml.MoMLSimpleApplication@58541e5e
reloadAllAccessors: .Accumulator

===========================================================================================
----------------- testing Mon Oct 29 02:32:46 UTC 2018 /home/travis/build/icyphy/ptII/ptolemy/actor/lib/test/auto/Accumulator2.xml
----------------- Instantiating /home/travis/build/icyphy/ptII/ptolemy/actor/lib/test/auto/Accumulator2.xml
6 ms. Memory: 579072K Free: 435653K (75%)
----------------- Invoking toplevel() on ptolemy.moml.MoMLSimpleApplication@5d7efe8e
----------------- Done invoking toplevel() on ptolemy.moml.MoMLSimpleApplication@5d7efe8e
reloadAllAccessors: .Accumulator2

===========================================================================================
----------------- testing Mon Oct 29 02:32:46 UTC 2018 /home/travis/build/icyphy/ptII/ptolemy/actor/lib/test/auto/Accumulator3.xml
----------------- Instantiating /home/travis/build/icyphy/ptII/ptolemy/actor/lib/test/auto/Accumulator3.xml
2 ms. Memory: 579072K Free: 425945K (74%)
----------------- Invoking toplevel() on ptolemy.moml.MoMLSimpleApplication@33575a3b
----------------- Done invoking toplevel() on ptolemy.moml.MoMLSimpleApplication@33575a3b
reloadAllAccessors: .Accumulator3

===========================================================================================
----------------- testing Mon Oct 29 02:32:46 UTC 2018 /home/travis/build/icyphy/ptII/ptolemy/actor/lib/test/auto/ArrayAppend.xml
----------------- Instantiating /home/travis/build/icyphy/ptII/ptolemy/actor/lib/test/auto/ArrayAppend.xml
9 ms. Memory: 579072K Free: 416238K (72%)
----------------- Invoking toplevel() on ptolemy.moml.MoMLSimpleApplication@76607e3b
----------------- Done invoking toplevel() on ptolemy.moml.MoMLSimpleApplication@76607e3b
reloadAllAccessors: .ArrayAppend

===========================================================================================
----------------- testing Mon Oct 29 02:32:46 UTC 2018 /home/travis/build/icyphy/ptII/ptolemy/actor/lib/test/auto/ArrayAppend2.xml
----------------- Instantiating /home/travis/build/icyphy/ptII/ptolemy/actor/lib/test/auto/ArrayAppend2.xml
711 ms. Memory: 579072K Free: 328870K (57%)
----------------- Invoking toplevel() on ptolemy.moml.MoMLSimpleApplication@6f8358ed
----------------- Done invoking toplevel() on ptolemy.moml.MoMLSimpleApplication@6f8358ed
reloadAllAccessors: .ArrayAppend2

===========================================================================================
----------------- testing Mon Oct 29 02:32:46 UTC 2018 /home/travis/build/icyphy/ptII/ptolemy/actor/lib/test/auto/ArrayAppend3.xml
----------------- Instantiating /home/travis/build/icyphy/ptII/ptolemy/actor/lib/test/auto/ArrayAppend3.xml
3 ms. Memory: 579072K Free: 310156K (54%)
----------------- Invoking toplevel() on ptolemy.moml.MoMLSimpleApplication@24f9f58e
----------------- Done invoking toplevel() on ptolemy.moml.MoMLSimpleApplication@24f9f58e
reloadAllAccessors: .ArrayAppend3

===========================================================================================
----------------- testing Mon Oct 29 02:32:46 UTC 2018 /home/travis/build/icyphy/ptII/ptolemy/actor/lib/test/auto/ArrayAppend4.xml
----------------- Instantiating /home/travis/build/icyphy/ptII/ptolemy/actor/lib/test/auto/ArrayAppend4.xml
2 ms. Memory: 579072K Free: 300449K (52%)
----------------- Invoking toplevel() on ptolemy.moml.MoMLSimpleApplication@5a3f434
----------------- Done invoking toplevel() on ptolemy.moml.MoMLSimpleApplication@5a3f434
reloadAllAccessors: .ArrayAppend4

===========================================================================================
----------------- testing Mon Oct 29 02:32:46 UTC 2018 /home/travis/build/icyphy/ptII/ptolemy/actor/lib/test/auto/ArrayAppend5.xml
----------------- Instantiating /home/travis/build/icyphy/ptII/ptolemy/actor/lib/test/auto/ArrayAppend5.xml
1 ms. Memory: 579072K Free: 290741K (50%)
----------------- Invoking toplevel() on ptolemy.moml.MoMLSimpleApplication@3a6ef74c
----------------- Done invoking toplevel() on ptolemy.moml.MoMLSimpleApplication@3a6ef74c
reloadAllAccessors: .ArrayAppend5

===========================================================================================
----------------- testing Mon Oct 29 02:32:47 UTC 2018 /home/travis/build/icyphy/ptII/ptolemy/actor/lib/test/auto/ArrayAppend6.xml
----------------- Instantiating /home/travis/build/icyphy/ptII/ptolemy/actor/lib/test/auto/ArrayAppend6.xml
12 ms. Memory: 579072K Free: 281034K (49%)
----------------- Invoking toplevel() on ptolemy.moml.MoMLSimpleApplication@698e5c32
----------------- Done invoking toplevel() on ptolemy.moml.MoMLSimpleApplication@698e5c32
reloadAllAccessors: .ArrayAppend6

===========================================================================================
----------------- testing Mon Oct 29 02:32:47 UTC 2018 /home/travis/build/icyphy/ptII/ptolemy/actor/lib/test/auto/ArrayAppendPerformanceTest.xml
----------------- Instantiating /home/travis/build/icyphy/ptII/ptolemy/actor/lib/test/auto/ArrayAppendPerformanceTest.xml
23 ms. Memory: 579072K Free: 257467K (44%)
----------------- Invoking toplevel() on ptolemy.moml.MoMLSimpleApplication@12c711d7
----------------- Done invoking toplevel() on ptolemy.moml.MoMLSimpleApplication@12c711d7
reloadAllAccessors: .ArrayAppendPerformanceTest

===========================================================================================
----------------- testing Mon Oct 29 02:32:47 UTC 2018 /home/travis/build/icyphy/ptII/ptolemy/actor/lib/test/auto/ArrayAppendWithEmptyInput.xml
----------------- Instantiating /home/travis/build/icyphy/ptII/ptolemy/actor/lib/test/auto/ArrayAppendWithEmptyInput.xml
19 ms. Memory: 579072K Free: 242890K (42%)
----------------- Invoking toplevel() on ptolemy.moml.MoMLSimpleApplication@7809df8a
----------------- Done invoking toplevel() on ptolemy.moml.MoMLSimpleApplication@7809df8a
reloadAllAccessors: .ArrayAppendWithEmptyInput

===========================================================================================
----------------- testing Mon Oct 29 02:32:47 UTC 2018 /home/travis/build/icyphy/ptII/ptolemy/actor/lib/test/auto/ArrayAverage.xml
----------------- Instantiating /home/travis/build/icyphy/ptII/ptolemy/actor/lib/test/auto/ArrayAverage.xml
4 ms. Memory: 579072K Free: 228320K (39%)
----------------- Invoking toplevel() on ptolemy.moml.MoMLSimpleApplication@37d93721
----------------- Done invoking toplevel() on ptolemy.moml.MoMLSimpleApplication@37d93721
reloadAllAccessors: .ArrayAverage

===========================================================================================
----------------- testing Mon Oct 29 02:32:47 UTC 2018 /home/travis/build/icyphy/ptII/ptolemy/actor/lib/test/auto/ArrayContains.xml
----------------- Instantiating /home/travis/build/icyphy/ptII/ptolemy/actor/lib/test/auto/ArrayContains.xml
8 ms. Memory: 579072K Free: 218613K (38%)
----------------- Invoking toplevel() on ptolemy.moml.MoMLSimpleApplication@107acbc3
----------------- Done invoking toplevel() on ptolemy.moml.MoMLSimpleApplication@107acbc3
reloadAllAccessors: .ArrayContains

===========================================================================================
----------------- testing Mon Oct 29 02:32:47 UTC 2018 /home/travis/build/icyphy/ptII/ptolemy/actor/lib/test/auto/ArrayElement.xml
----------------- Instantiating /home/travis/build/icyphy/ptII/ptolemy/actor/lib/test/auto/ArrayElement.xml
6 ms. Memory: 579072K Free: 199899K (35%)
----------------- Invoking toplevel() on ptolemy.moml.MoMLSimpleApplication@1c39128f
----------------- Done invoking toplevel() on ptolemy.moml.MoMLSimpleApplication@1c39128f
reloadAllAccessors: .ArrayElement

===========================================================================================
----------------- testing Mon Oct 29 02:32:47 UTC 2018 /home/travis/build/icyphy/ptII/ptolemy/actor/lib/test/auto/ArrayElementAsMatrix.xml
----------------- Instantiating /home/travis/build/icyphy/ptII/ptolemy/actor/lib/test/auto/ArrayElementAsMatrix.xml
29 ms. Memory: 579072K Free: 185322K (32%)
----------------- Invoking toplevel() on ptolemy.moml.MoMLSimpleApplication@44017a22
----------------- Done invoking toplevel() on ptolemy.moml.MoMLSimpleApplication@44017a22
reloadAllAccessors: .ArrayElementAsMatrix

===========================================================================================
----------------- testing Mon Oct 29 02:32:47 UTC 2018 /home/travis/build/icyphy/ptII/ptolemy/actor/lib/test/auto/ArrayElementI.xml
----------------- Instantiating /home/travis/build/icyphy/ptII/ptolemy/actor/lib/test/auto/ArrayElementI.xml
3 ms. Memory: 579072K Free: 175614K (30%)
----------------- Invoking toplevel() on ptolemy.moml.MoMLSimpleApplication@344574c
----------------- Done invoking toplevel() on ptolemy.moml.MoMLSimpleApplication@344574c
reloadAllAccessors: .ArrayElementI

===========================================================================================
----------------- testing Mon Oct 29 02:32:47 UTC 2018 /home/travis/build/icyphy/ptII/ptolemy/actor/lib/test/auto/ArrayExtract.xml
----------------- Instantiating /home/travis/build/icyphy/ptII/ptolemy/actor/lib/test/auto/ArrayExtract.xml
6 ms. Memory: 579072K Free: 165907K (29%)
----------------- Invoking toplevel() on ptolemy.moml.MoMLSimpleApplication@771443e3
----------------- Done invoking toplevel() on ptolemy.moml.MoMLSimpleApplication@771443e3
reloadAllAccessors: .ArrayExtract

===========================================================================================
----------------- testing Mon Oct 29 02:32:47 UTC 2018 /home/travis/build/icyphy/ptII/ptolemy/actor/lib/test/auto/ArrayExtract2.xml
----------------- Instantiating /home/travis/build/icyphy/ptII/ptolemy/actor/lib/test/auto/ArrayExtract2.xml
2 ms. Memory: 579072K Free: 147194K (25%)
----------------- Invoking toplevel() on ptolemy.moml.MoMLSimpleApplication@7bee26ea
----------------- Done invoking toplevel() on ptolemy.moml.MoMLSimpleApplication@7bee26ea
reloadAllAccessors: .ArrayExtract2

===========================================================================================
----------------- testing Mon Oct 29 02:32:47 UTC 2018 /home/travis/build/icyphy/ptII/ptolemy/actor/lib/test/auto/ArrayLength.xml
----------------- Instantiating /home/travis/build/icyphy/ptII/ptolemy/actor/lib/test/auto/ArrayLength.xml
2 ms. Memory: 579072K Free: 137486K (24%)
----------------- Invoking toplevel() on ptolemy.moml.MoMLSimpleApplication@2fef025f
----------------- Done invoking toplevel() on ptolemy.moml.MoMLSimpleApplication@2fef025f
reloadAllAccessors: .ArrayLength

===========================================================================================
----------------- testing Mon Oct 29 02:32:47 UTC 2018 /home/travis/build/icyphy/ptII/ptolemy/actor/lib/test/auto/ArrayLevelCrossing.xml
----------------- Instantiating /home/travis/build/icyphy/ptII/ptolemy/actor/lib/test/auto/ArrayLevelCrossing.xml
2 ms. Memory: 579072K Free: 122917K (21%)
----------------- Invoking toplevel() on ptolemy.moml.MoMLSimpleApplication@cae72be
----------------- Done invoking toplevel() on ptolemy.moml.MoMLSimpleApplication@cae72be
reloadAllAccessors: .ArrayLevelCrossing

===========================================================================================
----------------- testing Mon Oct 29 02:32:47 UTC 2018 /home/travis/build/icyphy/ptII/ptolemy/actor/lib/test/auto/ArrayLevelCrossing2.xml
----------------- Instantiating /home/travis/build/icyphy/ptII/ptolemy/actor/lib/test/auto/ArrayLevelCrossing2.xml
2 ms. Memory: 579072K Free: 108340K (19%)
----------------- Invoking toplevel() on ptolemy.moml.MoMLSimpleApplication@65c73931
----------------- Done invoking toplevel() on ptolemy.moml.MoMLSimpleApplication@65c73931
reloadAllAccessors: .ArrayLevelCrossing2

===========================================================================================
----------------- testing Mon Oct 29 02:32:47 UTC 2018 /home/travis/build/icyphy/ptII/ptolemy/actor/lib/test/auto/ArrayPeakSearch.xml
----------------- Instantiating /home/travis/build/icyphy/ptII/ptolemy/actor/lib/test/auto/ArrayPeakSearch.xml
3 ms. Memory: 579072K Free: 84773K (15%)
----------------- Invoking toplevel() on ptolemy.moml.MoMLSimpleApplication@772b8f24
----------------- Done invoking toplevel() on ptolemy.moml.MoMLSimpleApplication@772b8f24
reloadAllAccessors: .ArrayPeakSearch

===========================================================================================
----------------- testing Mon Oct 29 02:32:47 UTC 2018 /home/travis/build/icyphy/ptII/ptolemy/actor/lib/test/auto/ArrayPeakSearch2.xml
----------------- Instantiating /home/travis/build/icyphy/ptII/ptolemy/actor/lib/test/auto/ArrayPeakSearch2.xml
5 ms. Memory: 579072K Free: 70195K (12%)
----------------- Invoking toplevel() on ptolemy.moml.MoMLSimpleApplication@7afbd47e
----------------- Done invoking toplevel() on ptolemy.moml.MoMLSimpleApplication@7afbd47e
reloadAllAccessors: .ArrayPeakSearch2

===========================================================================================
----------------- testing Mon Oct 29 02:32:47 UTC 2018 /home/travis/build/icyphy/ptII/ptolemy/actor/lib/test/auto/ArrayPeakSearch3.xml
----------------- Instantiating /home/travis/build/icyphy/ptII/ptolemy/actor/lib/test/auto/ArrayPeakSearch3.xml
6 ms. Memory: 579072K Free: 55618K (10%)
----------------- Invoking toplevel() on ptolemy.moml.MoMLSimpleApplication@4d3e8292
----------------- Done invoking toplevel() on ptolemy.moml.MoMLSimpleApplication@4d3e8292
reloadAllAccessors: .ArrayPeakSearch3

===========================================================================================
----------------- testing Mon Oct 29 02:32:47 UTC 2018 /home/travis/build/icyphy/ptII/ptolemy/actor/lib/test/auto/ArrayRemoveElement.xml
----------------- Instantiating /home/travis/build/icyphy/ptII/ptolemy/actor/lib/test/auto/ArrayRemoveElement.xml
5 ms. Memory: 875520K Free: 811790K (93%)
----------------- Invoking toplevel() on ptolemy.moml.MoMLSimpleApplication@2dabddf8
----------------- Done invoking toplevel() on ptolemy.moml.MoMLSimpleApplication@2dabddf8
reloadAllAccessors: .ArrayRemoveElement

===========================================================================================
----------------- testing Mon Oct 29 02:32:47 UTC 2018 /home/travis/build/icyphy/ptII/ptolemy/actor/lib/test/auto/ArraySort.xml
----------------- Instantiating /home/travis/build/icyphy/ptII/ptolemy/actor/lib/test/auto/ArraySort.xml
3 ms. Memory: 875520K Free: 785801K (90%)
----------------- Invoking toplevel() on ptolemy.moml.MoMLSimpleApplication@16a9842e
----------------- Done invoking toplevel() on ptolemy.moml.MoMLSimpleApplication@16a9842e
reloadAllAccessors: .ArraySort

===========================================================================================
----------------- testing Mon Oct 29 02:32:47 UTC 2018 /home/travis/build/icyphy/ptII/ptolemy/actor/lib/test/auto/ArraySum.xml
----------------- Instantiating /home/travis/build/icyphy/ptII/ptolemy/actor/lib/test/auto/ArraySum.xml
3 ms. Memory: 875520K Free: 770267K (88%)
----------------- Invoking toplevel() on ptolemy.moml.MoMLSimpleApplication@1fa48d4f
----------------- Done invoking toplevel() on ptolemy.moml.MoMLSimpleApplication@1fa48d4f
reloadAllAccessors: .ArraySum

===========================================================================================
----------------- testing Mon Oct 29 02:32:47 UTC 2018 /home/travis/build/icyphy/ptII/ptolemy/actor/lib/test/auto/ArrayToElements.xml
----------------- Instantiating /home/travis/build/icyphy/ptII/ptolemy/actor/lib/test/auto/ArrayToElements.xml
9 ms. Memory: 875520K Free: 754733K (86%)
----------------- Invoking toplevel() on ptolemy.moml.MoMLSimpleApplication@2b945fa9
----------------- Done invoking toplevel() on ptolemy.moml.MoMLSimpleApplication@2b945fa9
reloadAllAccessors: .ArrayToElements

===========================================================================================
----------------- testing Mon Oct 29 02:32:47 UTC 2018 /home/travis/build/icyphy/ptII/ptolemy/actor/lib/test/auto/ArrayToMatrix.xml
----------------- Instantiating /home/travis/build/icyphy/ptII/ptolemy/actor/lib/test/auto/ArrayToMatrix.xml
9 ms. Memory: 875520K Free: 731416K (84%)
----------------- Invoking toplevel() on ptolemy.moml.MoMLSimpleApplication@191dfb36
----------------- Done invoking toplevel() on ptolemy.moml.MoMLSimpleApplication@191dfb36
reloadAllAccessors: .ArrayToMatrix

===========================================================================================
----------------- testing Mon Oct 29 02:32:47 UTC 2018 /home/travis/build/icyphy/ptII/ptolemy/actor/lib/test/auto/ArrayUpdate1.xml
----------------- Instantiating /home/travis/build/icyphy/ptII/ptolemy/actor/lib/test/auto/ArrayUpdate1.xml
7 ms. Memory: 875520K Free: 698041K (80%)
----------------- Invoking toplevel() on ptolemy.moml.MoMLSimpleApplication@5f899235
----------------- Done invoking toplevel() on ptolemy.moml.MoMLSimpleApplication@5f899235
reloadAllAccessors: .ArrayUpdate1

===========================================================================================
----------------- testing Mon Oct 29 02:32:47 UTC 2018 /home/travis/build/icyphy/ptII/ptolemy/actor/lib/test/auto/ArrayUpdate2.xml
----------------- Instantiating /home/travis/build/icyphy/ptII/ptolemy/actor/lib/test/auto/ArrayUpdate2.xml
4 ms. Memory: 875520K Free: 682507K (78%)
----------------- Invoking toplevel() on ptolemy.moml.MoMLSimpleApplication@652bfc6b
----------------- Done invoking toplevel() on ptolemy.moml.MoMLSimpleApplication@652bfc6b
reloadAllAccessors: .ArrayUpdate2

===========================================================================================
----------------- testing Mon Oct 29 02:32:47 UTC 2018 /home/travis/build/icyphy/ptII/ptolemy/actor/lib/test/auto/ArrayUpdate3.xml
----------------- Instantiating /home/travis/build/icyphy/ptII/ptolemy/actor/lib/test/auto/ArrayUpdate3.xml
5 ms. Memory: 875520K Free: 666973K (76%)
----------------- Invoking toplevel() on ptolemy.moml.MoMLSimpleApplication@a47dcdc
----------------- Done invoking toplevel() on ptolemy.moml.MoMLSimpleApplication@a47dcdc
reloadAllAccessors: .ArrayUpdate3

===========================================================================================
----------------- testing Mon Oct 29 02:32:48 UTC 2018 /home/travis/build/icyphy/ptII/ptolemy/actor/lib/test/auto/Assert1.xml
----------------- Instantiating /home/travis/build/icyphy/ptII/ptolemy/actor/lib/test/auto/Assert1.xml
2 ms. Memory: 875520K Free: 651439K (74%)
----------------- Invoking toplevel() on ptolemy.moml.MoMLSimpleApplication@15c6f633
----------------- Done invoking toplevel() on ptolemy.moml.MoMLSimpleApplication@15c6f633
reloadAllAccessors: .Assert1

===========================================================================================
----------------- testing Mon Oct 29 02:32:48 UTC 2018 /home/travis/build/icyphy/ptII/ptolemy/actor/lib/test/auto/Assert2.xml
----------------- Instantiating /home/travis/build/icyphy/ptII/ptolemy/actor/lib/test/auto/Assert2.xml
6 ms. Memory: 875520K Free: 635905K (73%)
----------------- Invoking toplevel() on ptolemy.moml.MoMLSimpleApplication@1bb7cdcf
----------------- Done invoking toplevel() on ptolemy.moml.MoMLSimpleApplication@1bb7cdcf
reloadAllAccessors: .Assert2

===========================================================================================
----------------- testing Mon Oct 29 02:32:48 UTC 2018 /home/travis/build/icyphy/ptII/ptolemy/actor/lib/test/auto/BooleanMultiplexor.xml
----------------- Instantiating /home/travis/build/icyphy/ptII/ptolemy/actor/lib/test/auto/BooleanMultiplexor.xml
2 ms. Memory: 875520K Free: 610297K (70%)
----------------- Invoking toplevel() on ptolemy.moml.MoMLSimpleApplication@6b080db
----------------- Done invoking toplevel() on ptolemy.moml.MoMLSimpleApplication@6b080db
reloadAllAccessors: .BooleanMultiplexor

===========================================================================================
----------------- testing Mon Oct 29 02:32:48 UTC 2018 /home/travis/build/icyphy/ptII/ptolemy/actor/lib/test/auto/BooleanMultiplexor2.xml
----------------- Instantiating /home/travis/build/icyphy/ptII/ptolemy/actor/lib/test/auto/BooleanMultiplexor2.xml
5 ms. Memory: 875520K Free: 594763K (68%)
----------------- Invoking toplevel() on ptolemy.moml.MoMLSimpleApplication@502c1749
----------------- Done invoking toplevel() on ptolemy.moml.MoMLSimpleApplication@502c1749
reloadAllAccessors: .BooleanMultiplexor2

===========================================================================================
----------------- testing Mon Oct 29 02:32:48 UTC 2018 /home/travis/build/icyphy/ptII/ptolemy/actor/lib/test/auto/BooleanMultiplexor3.xml
----------------- Instantiating /home/travis/build/icyphy/ptII/ptolemy/actor/lib/test/auto/BooleanMultiplexor3.xml
3 ms. Memory: 875520K Free: 579229K (66%)
----------------- Invoking toplevel() on ptolemy.moml.MoMLSimpleApplication@1169fad5
----------------- Done invoking toplevel() on ptolemy.moml.MoMLSimpleApplication@1169fad5
reloadAllAccessors: .BooleanMultiplexor3

===========================================================================================
----------------- testing Mon Oct 29 02:32:48 UTC 2018 /home/travis/build/icyphy/ptII/ptolemy/actor/lib/test/auto/BooleanSelect.xml
----------------- Instantiating /home/travis/build/icyphy/ptII/ptolemy/actor/lib/test/auto/BooleanSelect.xml
7 ms. Memory: 875520K Free: 563695K (64%)
----------------- Invoking toplevel() on ptolemy.moml.MoMLSimpleApplication@15845e24
----------------- Done invoking toplevel() on ptolemy.moml.MoMLSimpleApplication@15845e24
reloadAllAccessors: .BooleanSelect

===========================================================================================
----------------- testing Mon Oct 29 02:32:48 UTC 2018 /home/travis/build/icyphy/ptII/ptolemy/actor/lib/test/auto/BooleanSelect2.xml
----------------- Instantiating /home/travis/build/icyphy/ptII/ptolemy/actor/lib/test/auto/BooleanSelect2.xml
1 ms. Memory: 875520K Free: 538088K (61%)
----------------- Invoking toplevel() on ptolemy.moml.MoMLSimpleApplication@230da38c
----------------- Done invoking toplevel() on ptolemy.moml.MoMLSimpleApplication@230da38c
reloadAllAccessors: .BooleanSelect2

===========================================================================================
----------------- testing Mon Oct 29 02:32:48 UTC 2018 /home/travis/build/icyphy/ptII/ptolemy/actor/lib/test/auto/BooleanSwitch.xml
----------------- Instantiating /home/travis/build/icyphy/ptII/ptolemy/actor/lib/test/auto/BooleanSwitch.xml
4 ms. Memory: 875520K Free: 522554K (60%)
----------------- Invoking toplevel() on ptolemy.moml.MoMLSimpleApplication@23866f96
----------------- Done invoking toplevel() on ptolemy.moml.MoMLSimpleApplication@23866f96
reloadAllAccessors: .BooleanSwitch

===========================================================================================
----------------- testing Mon Oct 29 02:32:48 UTC 2018 /home/travis/build/icyphy/ptII/ptolemy/actor/lib/test/auto/BooleanSwitch2.xml
----------------- Instantiating /home/travis/build/icyphy/ptII/ptolemy/actor/lib/test/auto/BooleanSwitch2.xml
2 ms. Memory: 875520K Free: 507020K (58%)
----------------- Invoking toplevel() on ptolemy.moml.MoMLSimpleApplication@20c15c0a
----------------- Done invoking toplevel() on ptolemy.moml.MoMLSimpleApplication@20c15c0a
reloadAllAccessors: .BooleanSwitch2

===========================================================================================
----------------- testing Mon Oct 29 02:32:48 UTC 2018 /home/travis/build/icyphy/ptII/ptolemy/actor/lib/test/auto/BooleanSwitchCloningBugWithClassRelationGroup.xml
----------------- Instantiating /home/travis/build/icyphy/ptII/ptolemy/actor/lib/test/auto/BooleanSwitchCloningBugWithClassRelationGroup.xml
3 ms. Memory: 875520K Free: 491485K (56%)
----------------- Invoking toplevel() on ptolemy.moml.MoMLSimpleApplication@b256145
----------------- Done invoking toplevel() on ptolemy.moml.MoMLSimpleApplication@b256145
reloadAllAccessors: .BooleanSwitchCloningBugWithClassRelationGroup

===========================================================================================
----------------- testing Mon Oct 29 02:32:48 UTC 2018 /home/travis/build/icyphy/ptII/ptolemy/actor/lib/test/auto/BusActors.xml
----------------- Instantiating /home/travis/build/icyphy/ptII/ptolemy/actor/lib/test/auto/BusActors.xml
3 ms. Memory: 875520K Free: 475951K (54%)
----------------- Invoking toplevel() on ptolemy.moml.MoMLSimpleApplication@3cace2c5
----------------- Done invoking toplevel() on ptolemy.moml.MoMLSimpleApplication@3cace2c5
reloadAllAccessors: .BusActors

===========================================================================================
----------------- testing Mon Oct 29 02:32:48 UTC 2018 /home/travis/build/icyphy/ptII/ptolemy/actor/lib/test/auto/ClassWrapper.xml
----------------- Instantiating /home/travis/build/icyphy/ptII/ptolemy/actor/lib/test/auto/ClassWrapper.xml
2 ms. Memory: 875520K Free: 450344K (51%)
----------------- Invoking toplevel() on ptolemy.moml.MoMLSimpleApplication@7d4957ef
----------------- Done invoking toplevel() on ptolemy.moml.MoMLSimpleApplication@7d4957ef
reloadAllAccessors: .ClassWrapper

===========================================================================================
----------------- testing Mon Oct 29 02:32:48 UTC 2018 /home/travis/build/icyphy/ptII/ptolemy/actor/lib/test/auto/Clock.xml
----------------- Instantiating /home/travis/build/icyphy/ptII/ptolemy/actor/lib/test/auto/Clock.xml
3 ms. Memory: 875520K Free: 434810K (50%)
----------------- Invoking toplevel() on ptolemy.moml.MoMLSimpleApplication@6d067d62
----------------- Done invoking toplevel() on ptolemy.moml.MoMLSimpleApplication@6d067d62
reloadAllAccessors: .Clock

===========================================================================================
----------------- testing Mon Oct 29 02:32:48 UTC 2018 /home/travis/build/icyphy/ptII/ptolemy/actor/lib/test/auto/Clock10.xml
----------------- Instantiating /home/travis/build/icyphy/ptII/ptolemy/actor/lib/test/auto/Clock10.xml
3 ms. Memory: 875520K Free: 419276K (48%)
----------------- Invoking toplevel() on ptolemy.moml.MoMLSimpleApplication@4b84f4be
----------------- Done invoking toplevel() on ptolemy.moml.MoMLSimpleApplication@4b84f4be
reloadAllAccessors: .Clock10

===========================================================================================
----------------- testing Mon Oct 29 02:32:48 UTC 2018 /home/travis/build/icyphy/ptII/ptolemy/actor/lib/test/auto/Clock11.xml
----------------- Instantiating /home/travis/build/icyphy/ptII/ptolemy/actor/lib/test/auto/Clock11.xml
5 ms. Memory: 875520K Free: 403742K (46%)
----------------- Invoking toplevel() on ptolemy.moml.MoMLSimpleApplication@245a4fa8
----------------- Done invoking toplevel() on ptolemy.moml.MoMLSimpleApplication@245a4fa8
reloadAllAccessors: .Clock11

===========================================================================================
----------------- testing Mon Oct 29 02:32:48 UTC 2018 /home/travis/build/icyphy/ptII/ptolemy/actor/lib/test/auto/Clock12.xml
----------------- Instantiating /home/travis/build/icyphy/ptII/ptolemy/actor/lib/test/auto/Clock12.xml
4 ms. Memory: 875520K Free: 378134K (43%)
----------------- Invoking toplevel() on ptolemy.moml.MoMLSimpleApplication@74a0689e
----------------- Done invoking toplevel() on ptolemy.moml.MoMLSimpleApplication@74a0689e
reloadAllAccessors: .Clock12

===========================================================================================
----------------- testing Mon Oct 29 02:32:48 UTC 2018 /home/travis/build/icyphy/ptII/ptolemy/actor/lib/test/auto/Clock13.xml
----------------- Instantiating /home/travis/build/icyphy/ptII/ptolemy/actor/lib/test/auto/Clock13.xml
8 ms. Memory: 875520K Free: 362600K (41%)
----------------- Invoking toplevel() on ptolemy.moml.MoMLSimpleApplication@3dc85c58
----------------- Done invoking toplevel() on ptolemy.moml.MoMLSimpleApplication@3dc85c58
reloadAllAccessors: .Clock13

===========================================================================================
----------------- testing Mon Oct 29 02:32:48 UTC 2018 /home/travis/build/icyphy/ptII/ptolemy/actor/lib/test/auto/Clock14.xml
----------------- Instantiating /home/travis/build/icyphy/ptII/ptolemy/actor/lib/test/auto/Clock14.xml
7 ms. Memory: 875520K Free: 347066K (40%)
----------------- Invoking toplevel() on ptolemy.moml.MoMLSimpleApplication@606ed0d2
----------------- Done invoking toplevel() on ptolemy.moml.MoMLSimpleApplication@606ed0d2
reloadAllAccessors: .Clock14

===========================================================================================
----------------- testing Mon Oct 29 02:32:48 UTC 2018 /home/travis/build/icyphy/ptII/ptolemy/actor/lib/test/auto/Clock15.xml
----------------- Instantiating /home/travis/build/icyphy/ptII/ptolemy/actor/lib/test/auto/Clock15.xml
6 ms. Memory: 875520K Free: 331532K (38%)
----------------- Invoking toplevel() on ptolemy.moml.MoMLSimpleApplication@42ee685b
----------------- Done invoking toplevel() on ptolemy.moml.MoMLSimpleApplication@42ee685b
reloadAllAccessors: .Clock15

===========================================================================================
----------------- testing Mon Oct 29 02:32:48 UTC 2018 /home/travis/build/icyphy/ptII/ptolemy/actor/lib/test/auto/Clock16.xml
----------------- Instantiating /home/travis/build/icyphy/ptII/ptolemy/actor/lib/test/auto/Clock16.xml
17 ms. Memory: 875520K Free: 308223K (35%)
----------------- Invoking toplevel() on ptolemy.moml.MoMLSimpleApplication@3389428f
----------------- Done invoking toplevel() on ptolemy.moml.MoMLSimpleApplication@3389428f
reloadAllAccessors: .Clock16

===========================================================================================
----------------- testing Mon Oct 29 02:32:48 UTC 2018 /home/travis/build/icyphy/ptII/ptolemy/actor/lib/test/auto/Clock17.xml
----------------- Instantiating /home/travis/build/icyphy/ptII/ptolemy/actor/lib/test/auto/Clock17.xml
15 ms. Memory: 875520K Free: 274832K (31%)
----------------- Invoking toplevel() on ptolemy.moml.MoMLSimpleApplication@e0240ae
----------------- Done invoking toplevel() on ptolemy.moml.MoMLSimpleApplication@e0240ae
reloadAllAccessors: .Clock17

===========================================================================================
----------------- testing Mon Oct 29 02:32:48 UTC 2018 /home/travis/build/icyphy/ptII/ptolemy/actor/lib/test/auto/Clock18.xml
----------------- Instantiating /home/travis/build/icyphy/ptII/ptolemy/actor/lib/test/auto/Clock18.xml
14 ms. Memory: 875520K Free: 251515K (29%)
----------------- Invoking toplevel() on ptolemy.moml.MoMLSimpleApplication@43255d8e
----------------- Done invoking toplevel() on ptolemy.moml.MoMLSimpleApplication@43255d8e
reloadAllAccessors: .Clock18

===========================================================================================
----------------- testing Mon Oct 29 02:32:48 UTC 2018 /home/travis/build/icyphy/ptII/ptolemy/actor/lib/test/auto/Clock19.xml
----------------- Instantiating /home/travis/build/icyphy/ptII/ptolemy/actor/lib/test/auto/Clock19.xml
13 ms. Memory: 875520K Free: 228214K (26%)
----------------- Invoking toplevel() on ptolemy.moml.MoMLSimpleApplication@5d1f0924
----------------- Done invoking toplevel() on ptolemy.moml.MoMLSimpleApplication@5d1f0924
reloadAllAccessors: .Clock19

===========================================================================================
----------------- testing Mon Oct 29 02:32:48 UTC 2018 /home/travis/build/icyphy/ptII/ptolemy/actor/lib/test/auto/Clock2.xml
----------------- Instantiating /home/travis/build/icyphy/ptII/ptolemy/actor/lib/test/auto/Clock2.xml
7 ms. Memory: 875520K Free: 212680K (24%)
----------------- Invoking toplevel() on ptolemy.moml.MoMLSimpleApplication@607594c1
----------------- Done invoking toplevel() on ptolemy.moml.MoMLSimpleApplication@607594c1
reloadAllAccessors: .Clock2

===========================================================================================
----------------- testing Mon Oct 29 02:32:48 UTC 2018 /home/travis/build/icyphy/ptII/ptolemy/actor/lib/test/auto/Clock20.xml
----------------- Instantiating /home/travis/build/icyphy/ptII/ptolemy/actor/lib/test/auto/Clock20.xml
7 ms. Memory: 875520K Free: 187072K (21%)
----------------- Invoking toplevel() on ptolemy.moml.MoMLSimpleApplication@68521016
----------------- Done invoking toplevel() on ptolemy.moml.MoMLSimpleApplication@68521016
reloadAllAccessors: .Clock20

===========================================================================================
----------------- testing Mon Oct 29 02:32:48 UTC 2018 /home/travis/build/icyphy/ptII/ptolemy/actor/lib/test/auto/Clock21.xml
----------------- Instantiating /home/travis/build/icyphy/ptII/ptolemy/actor/lib/test/auto/Clock21.xml
7 ms. Memory: 875520K Free: 171538K (20%)
----------------- Invoking toplevel() on ptolemy.moml.MoMLSimpleApplication@4cd4c2a0
----------------- Done invoking toplevel() on ptolemy.moml.MoMLSimpleApplication@4cd4c2a0
reloadAllAccessors: .Clock21

===========================================================================================
----------------- testing Mon Oct 29 02:32:48 UTC 2018 /home/travis/build/icyphy/ptII/ptolemy/actor/lib/test/auto/Clock22.xml
----------------- Instantiating /home/travis/build/icyphy/ptII/ptolemy/actor/lib/test/auto/Clock22.xml
4 ms. Memory: 875520K Free: 156004K (18%)
----------------- Invoking toplevel() on ptolemy.moml.MoMLSimpleApplication@686e0db0
----------------- Done invoking toplevel() on ptolemy.moml.MoMLSimpleApplication@686e0db0
reloadAllAccessors: .Clock22

===========================================================================================
----------------- testing Mon Oct 29 02:32:48 UTC 2018 /home/travis/build/icyphy/ptII/ptolemy/actor/lib/test/auto/Clock23.xml
----------------- Instantiating /home/travis/build/icyphy/ptII/ptolemy/actor/lib/test/auto/Clock23.xml
6 ms. Memory: 875520K Free: 140470K (16%)
----------------- Invoking toplevel() on ptolemy.moml.MoMLSimpleApplication@1609ab8c
----------------- Done invoking toplevel() on ptolemy.moml.MoMLSimpleApplication@1609ab8c
reloadAllAccessors: .Clock23

===========================================================================================
----------------- testing Mon Oct 29 02:32:48 UTC 2018 /home/travis/build/icyphy/ptII/ptolemy/actor/lib/test/auto/Clock24.xml
----------------- Instantiating /home/travis/build/icyphy/ptII/ptolemy/actor/lib/test/auto/Clock24.xml
7 ms. Memory: 875520K Free: 124935K (14%)
----------------- Invoking toplevel() on ptolemy.moml.MoMLSimpleApplication@47348cf1
----------------- Done invoking toplevel() on ptolemy.moml.MoMLSimpleApplication@47348cf1
reloadAllAccessors: .Clock24

===========================================================================================
----------------- testing Mon Oct 29 02:32:48 UTC 2018 /home/travis/build/icyphy/ptII/ptolemy/actor/lib/test/auto/Clock4.xml
----------------- Instantiating /home/travis/build/icyphy/ptII/ptolemy/actor/lib/test/auto/Clock4.xml
6 ms. Memory: 875520K Free: 99328K (11%)
----------------- Invoking toplevel() on ptolemy.moml.MoMLSimpleApplication@7a99ecf1
----------------- Done invoking toplevel() on ptolemy.moml.MoMLSimpleApplication@7a99ecf1
reloadAllAccessors: .Clock4

===========================================================================================
----------------- testing Mon Oct 29 02:32:48 UTC 2018 /home/travis/build/icyphy/ptII/ptolemy/actor/lib/test/auto/Clock5.xml
----------------- Instantiating /home/travis/build/icyphy/ptII/ptolemy/actor/lib/test/auto/Clock5.xml
2 ms. Memory: 875520K Free: 83794K (10%)
----------------- Invoking toplevel() on ptolemy.moml.MoMLSimpleApplication@1d3e4699
----------------- Done invoking toplevel() on ptolemy.moml.MoMLSimpleApplication@1d3e4699
reloadAllAccessors: .Clock5

===========================================================================================
----------------- testing Mon Oct 29 02:32:48 UTC 2018 /home/travis/build/icyphy/ptII/ptolemy/actor/lib/test/auto/Clock6.xml
----------------- Instantiating /home/travis/build/icyphy/ptII/ptolemy/actor/lib/test/auto/Clock6.xml
1 ms. Memory: 875520K Free: 68260K (8%)
----------------- Invoking toplevel() on ptolemy.moml.MoMLSimpleApplication@778ce577
----------------- Done invoking toplevel() on ptolemy.moml.MoMLSimpleApplication@778ce577
reloadAllAccessors: .Clock6

===========================================================================================
----------------- testing Mon Oct 29 02:32:48 UTC 2018 /home/travis/build/icyphy/ptII/ptolemy/actor/lib/test/auto/Clock7.xml
----------------- Instantiating /home/travis/build/icyphy/ptII/ptolemy/actor/lib/test/auto/Clock7.xml
2 ms. Memory: 875520K Free: 58421K (7%)
----------------- Invoking toplevel() on ptolemy.moml.MoMLSimpleApplication@26c01ba0
----------------- Done invoking toplevel() on ptolemy.moml.MoMLSimpleApplication@26c01ba0
reloadAllAccessors: .Clock7

===========================================================================================
----------------- testing Mon Oct 29 02:32:48 UTC 2018 /home/travis/build/icyphy/ptII/ptolemy/actor/lib/test/auto/Clock8.xml
----------------- Instantiating /home/travis/build/icyphy/ptII/ptolemy/actor/lib/test/auto/Clock8.xml
7 ms. Memory: 876544K Free: 818829K (93%)
----------------- Invoking toplevel() on ptolemy.moml.MoMLSimpleApplication@38ace73b
----------------- Done invoking toplevel() on ptolemy.moml.MoMLSimpleApplication@38ace73b
reloadAllAccessors: .Clock8

===========================================================================================
----------------- testing Mon Oct 29 02:32:48 UTC 2018 /home/travis/build/icyphy/ptII/ptolemy/actor/lib/test/auto/Clock9.xml
----------------- Instantiating /home/travis/build/icyphy/ptII/ptolemy/actor/lib/test/auto/Clock9.xml
5 ms. Memory: 876544K Free: 808473K (92%)
----------------- Invoking toplevel() on ptolemy.moml.MoMLSimpleApplication@7c56f16f
----------------- Done invoking toplevel() on ptolemy.moml.MoMLSimpleApplication@7c56f16f
reloadAllAccessors: .Clock9

===========================================================================================
----------------- testing Mon Oct 29 02:32:48 UTC 2018 /home/travis/build/icyphy/ptII/ptolemy/actor/lib/test/auto/CommDistDiscard.xml
----------------- Instantiating /home/travis/build/icyphy/ptII/ptolemy/actor/lib/test/auto/CommDistDiscard.xml
5 ms. Memory: 876544K Free: 797869K (91%)
----------------- Invoking toplevel() on ptolemy.moml.MoMLSimpleApplication@57e246
----------------- Done invoking toplevel() on ptolemy.moml.MoMLSimpleApplication@57e246
reloadAllAccessors: .CommDistDiscard

===========================================================================================
----------------- testing Mon Oct 29 02:32:48 UTC 2018 /home/travis/build/icyphy/ptII/ptolemy/actor/lib/test/auto/Commutator.xml
----------------- Instantiating /home/travis/build/icyphy/ptII/ptolemy/actor/lib/test/auto/Commutator.xml
2 ms. Memory: 876544K Free: 780211K (89%)
----------------- Invoking toplevel() on ptolemy.moml.MoMLSimpleApplication@d08b7de
----------------- Done invoking toplevel() on ptolemy.moml.MoMLSimpleApplication@d08b7de
reloadAllAccessors: .Commutator

===========================================================================================
----------------- testing Mon Oct 29 02:32:49 UTC 2018 /home/travis/build/icyphy/ptII/ptolemy/actor/lib/test/auto/Commutator2.xml
----------------- Instantiating /home/travis/build/icyphy/ptII/ptolemy/actor/lib/test/auto/Commutator2.xml
1 ms. Memory: 876544K Free: 769855K (88%)
----------------- Invoking toplevel() on ptolemy.moml.MoMLSimpleApplication@1869a0f7
----------------- Done invoking toplevel() on ptolemy.moml.MoMLSimpleApplication@1869a0f7
reloadAllAccessors: .Commutator2

===========================================================================================
----------------- testing Mon Oct 29 02:32:49 UTC 2018 /home/travis/build/icyphy/ptII/ptolemy/actor/lib/test/auto/Commutator3.xml
----------------- Instantiating /home/travis/build/icyphy/ptII/ptolemy/actor/lib/test/auto/Commutator3.xml
2 ms. Memory: 876544K Free: 759499K (87%)
----------------- Invoking toplevel() on ptolemy.moml.MoMLSimpleApplication@36b865e4
----------------- Done invoking toplevel() on ptolemy.moml.MoMLSimpleApplication@36b865e4
reloadAllAccessors: .Commutator3

===========================================================================================
----------------- testing Mon Oct 29 02:32:49 UTC 2018 /home/travis/build/icyphy/ptII/ptolemy/actor/lib/test/auto/Compare.xml
----------------- Instantiating /home/travis/build/icyphy/ptII/ptolemy/actor/lib/test/auto/Compare.xml
5 ms. Memory: 876544K Free: 749143K (85%)
----------------- Invoking toplevel() on ptolemy.moml.MoMLSimpleApplication@6a430e7b
----------------- Done invoking toplevel() on ptolemy.moml.MoMLSimpleApplication@6a430e7b
reloadAllAccessors: .Compare

===========================================================================================
----------------- testing Mon Oct 29 02:32:49 UTC 2018 /home/travis/build/icyphy/ptII/ptolemy/actor/lib/test/auto/CompareDE.xml
----------------- Instantiating /home/travis/build/icyphy/ptII/ptolemy/actor/lib/test/auto/CompareDE.xml
4 ms. Memory: 876544K Free: 731485K (83%)
----------------- Invoking toplevel() on ptolemy.moml.MoMLSimpleApplication@1ba0ac0c
----------------- Done invoking toplevel() on ptolemy.moml.MoMLSimpleApplication@1ba0ac0c
reloadAllAccessors: .CompareDE

===========================================================================================
----------------- testing Mon Oct 29 02:32:49 UTC 2018 /home/travis/build/icyphy/ptII/ptolemy/actor/lib/test/auto/ComplexDivide.xml
----------------- Instantiating /home/travis/build/icyphy/ptII/ptolemy/actor/lib/test/auto/ComplexDivide.xml
2 ms. Memory: 876544K Free: 721129K (82%)
----------------- Invoking toplevel() on ptolemy.moml.MoMLSimpleApplication@206e6c80
----------------- Done invoking toplevel() on ptolemy.moml.MoMLSimpleApplication@206e6c80
reloadAllAccessors: .ComplexDivide

===========================================================================================
----------------- testing Mon Oct 29 02:32:49 UTC 2018 /home/travis/build/icyphy/ptII/ptolemy/actor/lib/test/auto/ComputeHistogram.xml
----------------- Instantiating /home/travis/build/icyphy/ptII/ptolemy/actor/lib/test/auto/ComputeHistogram.xml
36 ms. Memory: 876544K Free: 705595K (80%)
----------------- Invoking toplevel() on ptolemy.moml.MoMLSimpleApplication@212b7429
----------------- Done invoking toplevel() on ptolemy.moml.MoMLSimpleApplication@212b7429
reloadAllAccessors: .ComputeHistogram

===========================================================================================
----------------- testing Mon Oct 29 02:32:49 UTC 2018 /home/travis/build/icyphy/ptII/ptolemy/actor/lib/test/auto/ConfigurationSelect.xml
----------------- Instantiating /home/travis/build/icyphy/ptII/ptolemy/actor/lib/test/auto/ConfigurationSelect.xml
8 ms. Memory: 876544K Free: 687937K (78%)
----------------- Invoking toplevel() on ptolemy.moml.MoMLSimpleApplication@54efd0d3
----------------- Done invoking toplevel() on ptolemy.moml.MoMLSimpleApplication@54efd0d3
reloadAllAccessors: .ConfigurationSelect

===========================================================================================
----------------- testing Mon Oct 29 02:32:49 UTC 2018 /home/travis/build/icyphy/ptII/ptolemy/actor/lib/test/auto/ConfigurationSelect2.xml
----------------- Instantiating /home/travis/build/icyphy/ptII/ptolemy/actor/lib/test/auto/ConfigurationSelect2.xml
2 ms. Memory: 876544K Free: 677581K (77%)
----------------- Invoking toplevel() on ptolemy.moml.MoMLSimpleApplication@54d570b6
----------------- Done invoking toplevel() on ptolemy.moml.MoMLSimpleApplication@54d570b6
reloadAllAccessors: .ConfigurationSelect2

===========================================================================================
----------------- testing Mon Oct 29 02:32:49 UTC 2018 /home/travis/build/icyphy/ptII/ptolemy/actor/lib/test/auto/ConfigurationSwitch.xml
----------------- Instantiating /home/travis/build/icyphy/ptII/ptolemy/actor/lib/test/auto/ConfigurationSwitch.xml
2 ms. Memory: 876544K Free: 667225K (76%)
----------------- Invoking toplevel() on ptolemy.moml.MoMLSimpleApplication@616ac73b
----------------- Done invoking toplevel() on ptolemy.moml.MoMLSimpleApplication@616ac73b
reloadAllAccessors: .ConfigurationSwitch

===========================================================================================
----------------- testing Mon Oct 29 02:32:49 UTC 2018 /home/travis/build/icyphy/ptII/ptolemy/actor/lib/test/auto/ConfigurationSwitch2.xml
----------------- Instantiating /home/travis/build/icyphy/ptII/ptolemy/actor/lib/test/auto/ConfigurationSwitch2.xml
3 ms. Memory: 876544K Free: 649568K (74%)
----------------- Invoking toplevel() on ptolemy.moml.MoMLSimpleApplication@3fde25df
----------------- Done invoking toplevel() on ptolemy.moml.MoMLSimpleApplication@3fde25df
reloadAllAccessors: .ConfigurationSwitch2

===========================================================================================
----------------- testing Mon Oct 29 02:32:49 UTC 2018 /home/travis/build/icyphy/ptII/ptolemy/actor/lib/test/auto/ConfigurationSwitchCloningBugWithClassRelationGroup.xml
----------------- Instantiating /home/travis/build/icyphy/ptII/ptolemy/actor/lib/test/auto/ConfigurationSwitchCloningBugWithClassRelationGroup.xml
1 ms. Memory: 876544K Free: 639212K (73%)
----------------- Invoking toplevel() on ptolemy.moml.MoMLSimpleApplication@7dff1fec
----------------- Done invoking toplevel() on ptolemy.moml.MoMLSimpleApplication@7dff1fec
reloadAllAccessors: .ConfigurationSwitchCloningBugWithClassRelationGroup

===========================================================================================
----------------- testing Mon Oct 29 02:32:49 UTC 2018 /home/travis/build/icyphy/ptII/ptolemy/actor/lib/test/auto/ConfigurationSwitchSelectSDF.xml
----------------- Instantiating /home/travis/build/icyphy/ptII/ptolemy/actor/lib/test/auto/ConfigurationSwitchSelectSDF.xml
4 ms. Memory: 876544K Free: 628855K (72%)
----------------- Invoking toplevel() on ptolemy.moml.MoMLSimpleApplication@43963a9
----------------- Done invoking toplevel() on ptolemy.moml.MoMLSimpleApplication@43963a9
reloadAllAccessors: .ConfigurationSwitchSelectSDF

===========================================================================================
----------------- testing Mon Oct 29 02:32:49 UTC 2018 /home/travis/build/icyphy/ptII/ptolemy/actor/lib/test/auto/ConfigurationSwitchSelectSDF2.xml
----------------- Instantiating /home/travis/build/icyphy/ptII/ptolemy/actor/lib/test/auto/ConfigurationSwitchSelectSDF2.xml
3 ms. Memory: 876544K Free: 611198K (70%)
----------------- Invoking toplevel() on ptolemy.moml.MoMLSimpleApplication@1b7e0bd2
----------------- Done invoking toplevel() on ptolemy.moml.MoMLSimpleApplication@1b7e0bd2
reloadAllAccessors: .ConfigurationSwitchSelectSDF2

===========================================================================================
----------------- testing Mon Oct 29 02:32:49 UTC 2018 /home/travis/build/icyphy/ptII/ptolemy/actor/lib/test/auto/Const.xml
----------------- Instantiating /home/travis/build/icyphy/ptII/ptolemy/actor/lib/test/auto/Const.xml
1 ms. Memory: 876544K Free: 600842K (69%)
----------------- Invoking toplevel() on ptolemy.moml.MoMLSimpleApplication@763ce006
----------------- Done invoking toplevel() on ptolemy.moml.MoMLSimpleApplication@763ce006
reloadAllAccessors: .Const

===========================================================================================
----------------- testing Mon Oct 29 02:32:49 UTC 2018 /home/travis/build/icyphy/ptII/ptolemy/actor/lib/test/auto/Const2.xml
----------------- Instantiating /home/travis/build/icyphy/ptII/ptolemy/actor/lib/test/auto/Const2.xml
1 ms. Memory: 876544K Free: 590486K (67%)
----------------- Invoking toplevel() on ptolemy.moml.MoMLSimpleApplication@663fab23
----------------- Done invoking toplevel() on ptolemy.moml.MoMLSimpleApplication@663fab23
reloadAllAccessors: .Const2

===========================================================================================
----------------- testing Mon Oct 29 02:32:49 UTC 2018 /home/travis/build/icyphy/ptII/ptolemy/actor/lib/test/auto/Const3.xml
----------------- Instantiating /home/travis/build/icyphy/ptII/ptolemy/actor/lib/test/auto/Const3.xml
2 ms. Memory: 876544K Free: 572828K (65%)
----------------- Invoking toplevel() on ptolemy.moml.MoMLSimpleApplication@69baf00c
----------------- Done invoking toplevel() on ptolemy.moml.MoMLSimpleApplication@69baf00c
reloadAllAccessors: .Const3

===========================================================================================
----------------- testing Mon Oct 29 02:32:49 UTC 2018 /home/travis/build/icyphy/ptII/ptolemy/actor/lib/test/auto/ConstantPublisherPort1.xml
----------------- Instantiating /home/travis/build/icyphy/ptII/ptolemy/actor/lib/test/auto/ConstantPublisherPort1.xml
5 ms. Memory: 876544K Free: 557278K (64%)
----------------- Invoking toplevel() on ptolemy.moml.MoMLSimpleApplication@27d30403
----------------- Done invoking toplevel() on ptolemy.moml.MoMLSimpleApplication@27d30403
reloadAllAccessors: .ConstantPublisherPort1

===========================================================================================
----------------- testing Mon Oct 29 02:32:49 UTC 2018 /home/travis/build/icyphy/ptII/ptolemy/actor/lib/test/auto/ConstantPublisherPort2.xml
----------------- Instantiating /home/travis/build/icyphy/ptII/ptolemy/actor/lib/test/auto/ConstantPublisherPort2.xml
5 ms. Memory: 876544K Free: 541736K (62%)
----------------- Invoking toplevel() on ptolemy.moml.MoMLSimpleApplication@240c92cb
----------------- Done invoking toplevel() on ptolemy.moml.MoMLSimpleApplication@240c92cb
reloadAllAccessors: .ConstantPublisherPort2

===========================================================================================
----------------- testing Mon Oct 29 02:32:49 UTC 2018 /home/travis/build/icyphy/ptII/ptolemy/actor/lib/test/auto/ConstantPublisherPort3.xml
----------------- Instantiating /home/travis/build/icyphy/ptII/ptolemy/actor/lib/test/auto/ConstantPublisherPort3.xml
8 ms. Memory: 876544K Free: 531380K (61%)
----------------- Invoking toplevel() on ptolemy.moml.MoMLSimpleApplication@11d76bce
----------------- Done invoking toplevel() on ptolemy.moml.MoMLSimpleApplication@11d76bce
reloadAllAccessors: .ConstantPublisherPort3

===========================================================================================
----------------- testing Mon Oct 29 02:32:49 UTC 2018 /home/travis/build/icyphy/ptII/ptolemy/actor/lib/test/auto/ConstantPublisherPort4.xml
----------------- Instantiating /home/travis/build/icyphy/ptII/ptolemy/actor/lib/test/auto/ConstantPublisherPort4.xml
2 ms. Memory: 876544K Free: 513722K (59%)
----------------- Invoking toplevel() on ptolemy.moml.MoMLSimpleApplication@20e6cc6
----------------- Done invoking toplevel() on ptolemy.moml.MoMLSimpleApplication@20e6cc6
reloadAllAccessors: .ConstantPublisherPort4

===========================================================================================
----------------- testing Mon Oct 29 02:32:49 UTC 2018 /home/travis/build/icyphy/ptII/ptolemy/actor/lib/test/auto/ConstantPublisherPort5.xml
----------------- Instantiating /home/travis/build/icyphy/ptII/ptolemy/actor/lib/test/auto/ConstantPublisherPort5.xml
20 ms. Memory: 876544K Free: 487816K (56%)
----------------- Invoking toplevel() on ptolemy.moml.MoMLSimpleApplication@38dad62f
----------------- Done invoking toplevel() on ptolemy.moml.MoMLSimpleApplication@38dad62f
reloadAllAccessors: .ConstantPublisherPort5

===========================================================================================
----------------- testing Mon Oct 29 02:32:49 UTC 2018 /home/travis/build/icyphy/ptII/ptolemy/actor/lib/test/auto/ConstantPublisherPort6.xml
----------------- Instantiating /home/travis/build/icyphy/ptII/ptolemy/actor/lib/test/auto/ConstantPublisherPort6.xml
16 ms. Memory: 876544K Free: 461925K (53%)
----------------- Invoking toplevel() on ptolemy.moml.MoMLSimpleApplication@2bf775f3
----------------- Done invoking toplevel() on ptolemy.moml.MoMLSimpleApplication@2bf775f3
reloadAllAccessors: .ConstantPublisherPort6

===========================================================================================
----------------- testing Mon Oct 29 02:32:49 UTC 2018 /home/travis/build/icyphy/ptII/ptolemy/actor/lib/test/auto/ConstantPublisherPort7.xml
----------------- Instantiating /home/travis/build/icyphy/ptII/ptolemy/actor/lib/test/auto/ConstantPublisherPort7.xml
14 ms. Memory: 876544K Free: 428734K (49%)
----------------- Invoking toplevel() on ptolemy.moml.MoMLSimpleApplication@4355fb42
----------------- Done invoking toplevel() on ptolemy.moml.MoMLSimpleApplication@4355fb42
reloadAllAccessors: .ConstantPublisherPort7

===========================================================================================
----------------- testing Mon Oct 29 02:32:49 UTC 2018 /home/travis/build/icyphy/ptII/ptolemy/actor/lib/test/auto/ConstraintMonitor1.xml
----------------- Instantiating /home/travis/build/icyphy/ptII/ptolemy/actor/lib/test/auto/ConstraintMonitor1.xml
2 ms. Memory: 876544K Free: 418378K (48%)
----------------- Invoking toplevel() on ptolemy.moml.MoMLSimpleApplication@1716d631
----------------- Done invoking toplevel() on ptolemy.moml.MoMLSimpleApplication@1716d631
reloadAllAccessors: .ConstraintMonitor1

===========================================================================================
----------------- testing Mon Oct 29 02:32:49 UTC 2018 /home/travis/build/icyphy/ptII/ptolemy/actor/lib/test/auto/ConstraintMonitor2.xml
----------------- Instantiating /home/travis/build/icyphy/ptII/ptolemy/actor/lib/test/auto/ConstraintMonitor2.xml
2 ms. Memory: 876544K Free: 408022K (47%)
----------------- Invoking toplevel() on ptolemy.moml.MoMLSimpleApplication@169ea821
----------------- Done invoking toplevel() on ptolemy.moml.MoMLSimpleApplication@169ea821
reloadAllAccessors: .ConstraintMonitor2

===========================================================================================
----------------- testing Mon Oct 29 02:32:49 UTC 2018 /home/travis/build/icyphy/ptII/ptolemy/actor/lib/test/auto/ConstraintMonitor3.xml
----------------- Instantiating /home/travis/build/icyphy/ptII/ptolemy/actor/lib/test/auto/ConstraintMonitor3.xml
1 ms. Memory: 876544K Free: 390364K (45%)
----------------- Invoking toplevel() on ptolemy.moml.MoMLSimpleApplication@79443d6e
----------------- Done invoking toplevel() on ptolemy.moml.MoMLSimpleApplication@79443d6e
reloadAllAccessors: .ConstraintMonitor3

===========================================================================================
----------------- testing Mon Oct 29 02:32:49 UTC 2018 /home/travis/build/icyphy/ptII/ptolemy/actor/lib/test/auto/ConstraintMonitor4.xml
----------------- Instantiating /home/travis/build/icyphy/ptII/ptolemy/actor/lib/test/auto/ConstraintMonitor4.xml
2 ms. Memory: 876544K Free: 380008K (43%)
----------------- Invoking toplevel() on ptolemy.moml.MoMLSimpleApplication@5e238dd7
----------------- Done invoking toplevel() on ptolemy.moml.MoMLSimpleApplication@5e238dd7
reloadAllAccessors: .ConstraintMonitor4

===========================================================================================
----------------- testing Mon Oct 29 02:32:49 UTC 2018 /home/travis/build/icyphy/ptII/ptolemy/actor/lib/test/auto/ConstraintMonitor5.xml
----------------- Instantiating /home/travis/build/icyphy/ptII/ptolemy/actor/lib/test/auto/ConstraintMonitor5.xml
6 ms. Memory: 876544K Free: 369652K (42%)
----------------- Invoking toplevel() on ptolemy.moml.MoMLSimpleApplication@5d92fd08
----------------- Done invoking toplevel() on ptolemy.moml.MoMLSimpleApplication@5d92fd08
reloadAllAccessors: .ConstraintMonitor5

===========================================================================================
----------------- testing Mon Oct 29 02:32:49 UTC 2018 /home/travis/build/icyphy/ptII/ptolemy/actor/lib/test/auto/ConstraintMonitor6.xml
----------------- Instantiating /home/travis/build/icyphy/ptII/ptolemy/actor/lib/test/auto/ConstraintMonitor6.xml
6 ms. Memory: 876544K Free: 351994K (40%)
----------------- Invoking toplevel() on ptolemy.moml.MoMLSimpleApplication@2c1f2fc2
----------------- Done invoking toplevel() on ptolemy.moml.MoMLSimpleApplication@2c1f2fc2
reloadAllAccessors: .ConstraintMonitor6

===========================================================================================
----------------- testing Mon Oct 29 02:32:49 UTC 2018 /home/travis/build/icyphy/ptII/ptolemy/actor/lib/test/auto/ConstraintMonitor7.xml
----------------- Instantiating /home/travis/build/icyphy/ptII/ptolemy/actor/lib/test/auto/ConstraintMonitor7.xml
6 ms. Memory: 876544K Free: 341638K (39%)
----------------- Invoking toplevel() on ptolemy.moml.MoMLSimpleApplication@6f866f2a
----------------- Done invoking toplevel() on ptolemy.moml.MoMLSimpleApplication@6f866f2a
reloadAllAccessors: .ConstraintMonitor7

===========================================================================================
----------------- testing Mon Oct 29 02:32:49 UTC 2018 /home/travis/build/icyphy/ptII/ptolemy/actor/lib/test/auto/ConstraintMonitor8.xml
----------------- Instantiating /home/travis/build/icyphy/ptII/ptolemy/actor/lib/test/auto/ConstraintMonitor8.xml
3 ms. Memory: 876544K Free: 331282K (38%)
----------------- Invoking toplevel() on ptolemy.moml.MoMLSimpleApplication@9638e9e
----------------- Done invoking toplevel() on ptolemy.moml.MoMLSimpleApplication@9638e9e
reloadAllAccessors: .ConstraintMonitor8

===========================================================================================
----------------- testing Mon Oct 29 02:32:49 UTC 2018 /home/travis/build/icyphy/ptII/ptolemy/actor/lib/test/auto/Counter.xml
----------------- Instantiating /home/travis/build/icyphy/ptII/ptolemy/actor/lib/test/auto/Counter.xml
3 ms. Memory: 876544K Free: 313624K (36%)
----------------- Invoking toplevel() on ptolemy.moml.MoMLSimpleApplication@50510ec2
----------------- Done invoking toplevel() on ptolemy.moml.MoMLSimpleApplication@50510ec2
reloadAllAccessors: .Counter

===========================================================================================
----------------- testing Mon Oct 29 02:32:49 UTC 2018 /home/travis/build/icyphy/ptII/ptolemy/actor/lib/test/auto/CurrentTimeSDF.xml
----------------- Instantiating /home/travis/build/icyphy/ptII/ptolemy/actor/lib/test/auto/CurrentTimeSDF.xml
1 ms. Memory: 876544K Free: 303268K (35%)
----------------- Invoking toplevel() on ptolemy.moml.MoMLSimpleApplication@2e90302f
----------------- Done invoking toplevel() on ptolemy.moml.MoMLSimpleApplication@2e90302f
reloadAllAccessors: .CurrentTimeSDF

===========================================================================================
----------------- testing Mon Oct 29 02:32:49 UTC 2018 /home/travis/build/icyphy/ptII/ptolemy/actor/lib/test/auto/DB.xml
----------------- Instantiating /home/travis/build/icyphy/ptII/ptolemy/actor/lib/test/auto/DB.xml
4 ms. Memory: 876544K Free: 292912K (33%)
----------------- Invoking toplevel() on ptolemy.moml.MoMLSimpleApplication@dfb7ef1
----------------- Done invoking toplevel() on ptolemy.moml.MoMLSimpleApplication@dfb7ef1
reloadAllAccessors: .DB

===========================================================================================
----------------- testing Mon Oct 29 02:32:49 UTC 2018 /home/travis/build/icyphy/ptII/ptolemy/actor/lib/test/auto/DBDE.xml
----------------- Instantiating /home/travis/build/icyphy/ptII/ptolemy/actor/lib/test/auto/DBDE.xml
1 ms. Memory: 876544K Free: 275255K (31%)
----------------- Invoking toplevel() on ptolemy.moml.MoMLSimpleApplication@2bb36c6e
----------------- Done invoking toplevel() on ptolemy.moml.MoMLSimpleApplication@2bb36c6e
reloadAllAccessors: .DBDE

===========================================================================================
----------------- testing Mon Oct 29 02:32:49 UTC 2018 /home/travis/build/icyphy/ptII/ptolemy/actor/lib/test/auto/DateConstructor.xml
----------------- Instantiating /home/travis/build/icyphy/ptII/ptolemy/actor/lib/test/auto/DateConstructor.xml
13 ms. Memory: 876544K Free: 254526K (29%)
----------------- Invoking toplevel() on ptolemy.moml.MoMLSimpleApplication@23ebfa75
----------------- Done invoking toplevel() on ptolemy.moml.MoMLSimpleApplication@23ebfa75
reloadAllAccessors: .DateConstructor

===========================================================================================
----------------- testing Mon Oct 29 02:32:49 UTC 2018 /home/travis/build/icyphy/ptII/ptolemy/actor/lib/test/auto/DelayTime.xml
----------------- Instantiating /home/travis/build/icyphy/ptII/ptolemy/actor/lib/test/auto/DelayTime.xml
3 ms. Memory: 876544K Free: 244170K (28%)
----------------- Invoking toplevel() on ptolemy.moml.MoMLSimpleApplication@642552d3
----------------- Done invoking toplevel() on ptolemy.moml.MoMLSimpleApplication@642552d3
reloadAllAccessors: .DelayTime

===========================================================================================
----------------- testing Mon Oct 29 02:32:49 UTC 2018 /home/travis/build/icyphy/ptII/ptolemy/actor/lib/test/auto/Dictionary1.xml
----------------- Instantiating /home/travis/build/icyphy/ptII/ptolemy/actor/lib/test/auto/Dictionary1.xml
2 ms. Memory: 876544K Free: 233814K (27%)
----------------- Invoking toplevel() on ptolemy.moml.MoMLSimpleApplication@3591278e
----------------- Done invoking toplevel() on ptolemy.moml.MoMLSimpleApplication@3591278e
reloadAllAccessors: .Dictionary1

===========================================================================================
----------------- testing Mon Oct 29 02:32:49 UTC 2018 /home/travis/build/icyphy/ptII/ptolemy/actor/lib/test/auto/Dictionary2.xml
----------------- Instantiating /home/travis/build/icyphy/ptII/ptolemy/actor/lib/test/auto/Dictionary2.xml
2 ms. Memory: 876544K Free: 216157K (25%)
----------------- Invoking toplevel() on ptolemy.moml.MoMLSimpleApplication@35043deb
----------------- Done invoking toplevel() on ptolemy.moml.MoMLSimpleApplication@35043deb
reloadAllAccessors: .Dictionary2

===========================================================================================
----------------- testing Mon Oct 29 02:32:50 UTC 2018 /home/travis/build/icyphy/ptII/ptolemy/actor/lib/test/auto/Dictionary3.xml
----------------- Instantiating /home/travis/build/icyphy/ptII/ptolemy/actor/lib/test/auto/Dictionary3.xml
1 ms. Memory: 876544K Free: 205801K (23%)
----------------- Invoking toplevel() on ptolemy.moml.MoMLSimpleApplication@1f88375f
----------------- Done invoking toplevel() on ptolemy.moml.MoMLSimpleApplication@1f88375f
reloadAllAccessors: .Dictionary3

===========================================================================================
----------------- testing Mon Oct 29 02:32:50 UTC 2018 /home/travis/build/icyphy/ptII/ptolemy/actor/lib/test/auto/Dictionary4.xml
----------------- Instantiating /home/travis/build/icyphy/ptII/ptolemy/actor/lib/test/auto/Dictionary4.xml
3 ms. Memory: 876544K Free: 195445K (22%)
----------------- Invoking toplevel() on ptolemy.moml.MoMLSimpleApplication@71b83c78
----------------- Done invoking toplevel() on ptolemy.moml.MoMLSimpleApplication@71b83c78
reloadAllAccessors: .Dictionary4

===========================================================================================
----------------- testing Mon Oct 29 02:32:50 UTC 2018 /home/travis/build/icyphy/ptII/ptolemy/actor/lib/test/auto/Differential.xml
----------------- Instantiating /home/travis/build/icyphy/ptII/ptolemy/actor/lib/test/auto/Differential.xml
3 ms. Memory: 876544K Free: 177787K (20%)
----------------- Invoking toplevel() on ptolemy.moml.MoMLSimpleApplication@5f5a5f7e
----------------- Done invoking toplevel() on ptolemy.moml.MoMLSimpleApplication@5f5a5f7e
reloadAllAccessors: .Differential

===========================================================================================
----------------- testing Mon Oct 29 02:32:50 UTC 2018 /home/travis/build/icyphy/ptII/ptolemy/actor/lib/test/auto/Director.xml
----------------- Instantiating /home/travis/build/icyphy/ptII/ptolemy/actor/lib/test/auto/Director.xml
2 ms. Memory: 876544K Free: 167431K (19%)
----------------- Invoking toplevel() on ptolemy.moml.MoMLSimpleApplication@427f3e1
----------------- Done invoking toplevel() on ptolemy.moml.MoMLSimpleApplication@427f3e1
reloadAllAccessors: .Director

===========================================================================================
----------------- testing Mon Oct 29 02:32:50 UTC 2018 /home/travis/build/icyphy/ptII/ptolemy/actor/lib/test/auto/DiscreteClock.xml
----------------- Instantiating /home/travis/build/icyphy/ptII/ptolemy/actor/lib/test/auto/DiscreteClock.xml
4 ms. Memory: 876544K Free: 157075K (18%)
----------------- Invoking toplevel() on ptolemy.moml.MoMLSimpleApplication@799cc3ae
----------------- Done invoking toplevel() on ptolemy.moml.MoMLSimpleApplication@799cc3ae
reloadAllAccessors: .DiscreteClock

===========================================================================================
----------------- testing Mon Oct 29 02:32:50 UTC 2018 /home/travis/build/icyphy/ptII/ptolemy/actor/lib/test/auto/DiscreteClock10.xml
----------------- Instantiating /home/travis/build/icyphy/ptII/ptolemy/actor/lib/test/auto/DiscreteClock10.xml
4 ms. Memory: 876544K Free: 139417K (16%)
----------------- Invoking toplevel() on ptolemy.moml.MoMLSimpleApplication@ac38b10
----------------- Done invoking toplevel() on ptolemy.moml.MoMLSimpleApplication@ac38b10
reloadAllAccessors: .DiscreteClock10

===========================================================================================
----------------- testing Mon Oct 29 02:32:50 UTC 2018 /home/travis/build/icyphy/ptII/ptolemy/actor/lib/test/auto/DiscreteClock11.xml
----------------- Instantiating /home/travis/build/icyphy/ptII/ptolemy/actor/lib/test/auto/DiscreteClock11.xml
2 ms. Memory: 876544K Free: 129061K (15%)
----------------- Invoking toplevel() on ptolemy.moml.MoMLSimpleApplication@15ccb9f9
----------------- Done invoking toplevel() on ptolemy.moml.MoMLSimpleApplication@15ccb9f9
reloadAllAccessors: .DiscreteClock11

===========================================================================================
----------------- testing Mon Oct 29 02:32:50 UTC 2018 /home/travis/build/icyphy/ptII/ptolemy/actor/lib/test/auto/DiscreteClock12.xml
----------------- Instantiating /home/travis/build/icyphy/ptII/ptolemy/actor/lib/test/auto/DiscreteClock12.xml
2 ms. Memory: 876544K Free: 118705K (14%)
----------------- Invoking toplevel() on ptolemy.moml.MoMLSimpleApplication@18b72c85
----------------- Done invoking toplevel() on ptolemy.moml.MoMLSimpleApplication@18b72c85
reloadAllAccessors: .DiscreteClock12

===========================================================================================
----------------- testing Mon Oct 29 02:32:50 UTC 2018 /home/travis/build/icyphy/ptII/ptolemy/actor/lib/test/auto/DiscreteClock13.xml
----------------- Instantiating /home/travis/build/icyphy/ptII/ptolemy/actor/lib/test/auto/DiscreteClock13.xml
7 ms. Memory: 876544K Free: 101047K (12%)
----------------- Invoking toplevel() on ptolemy.moml.MoMLSimpleApplication@56ed1fca
----------------- Done invoking toplevel() on ptolemy.moml.MoMLSimpleApplication@56ed1fca
reloadAllAccessors: .DiscreteClock13

===========================================================================================
----------------- testing Mon Oct 29 02:32:50 UTC 2018 /home/travis/build/icyphy/ptII/ptolemy/actor/lib/test/auto/DiscreteClock14.xml
----------------- Instantiating /home/travis/build/icyphy/ptII/ptolemy/actor/lib/test/auto/DiscreteClock14.xml
7 ms. Memory: 876544K Free: 90691K (10%)
----------------- Invoking toplevel() on ptolemy.moml.MoMLSimpleApplication@6f0caf2a
----------------- Done invoking toplevel() on ptolemy.moml.MoMLSimpleApplication@6f0caf2a
reloadAllAccessors: .DiscreteClock14

===========================================================================================
----------------- testing Mon Oct 29 02:32:50 UTC 2018 /home/travis/build/icyphy/ptII/ptolemy/actor/lib/test/auto/DiscreteClock15.xml
----------------- Instantiating /home/travis/build/icyphy/ptII/ptolemy/actor/lib/test/auto/DiscreteClock15.xml
6 ms. Memory: 876544K Free: 80335K (9%)
----------------- Invoking toplevel() on ptolemy.moml.MoMLSimpleApplication@429625fc
----------------- Done invoking toplevel() on ptolemy.moml.MoMLSimpleApplication@429625fc
reloadAllAccessors: .DiscreteClock15

===========================================================================================
----------------- testing Mon Oct 29 02:32:50 UTC 2018 /home/travis/build/icyphy/ptII/ptolemy/actor/lib/test/auto/DiscreteClock16.xml
----------------- Instantiating /home/travis/build/icyphy/ptII/ptolemy/actor/lib/test/auto/DiscreteClock16.xml
23 ms. Memory: 1343488K Free: 1290186K (96%)
----------------- Invoking toplevel() on ptolemy.moml.MoMLSimpleApplication@300f7c28
----------------- Done invoking toplevel() on ptolemy.moml.MoMLSimpleApplication@300f7c28
reloadAllAccessors: .DiscreteClock16

===========================================================================================
----------------- testing Mon Oct 29 02:32:50 UTC 2018 /home/travis/build/icyphy/ptII/ptolemy/actor/lib/test/auto/DiscreteClock17.xml
----------------- Instantiating /home/travis/build/icyphy/ptII/ptolemy/actor/lib/test/auto/DiscreteClock17.xml
14 ms. Memory: 1343488K Free: 1252094K (93%)
----------------- Invoking toplevel() on ptolemy.moml.MoMLSimpleApplication@5f01a357
----------------- Done invoking toplevel() on ptolemy.moml.MoMLSimpleApplication@5f01a357
reloadAllAccessors: .DiscreteClock17

===========================================================================================
----------------- testing Mon Oct 29 02:32:50 UTC 2018 /home/travis/build/icyphy/ptII/ptolemy/actor/lib/test/auto/DiscreteClock18.xml
----------------- Instantiating /home/travis/build/icyphy/ptII/ptolemy/actor/lib/test/auto/DiscreteClock18.xml
13 ms. Memory: 1343488K Free: 1227215K (91%)
----------------- Invoking toplevel() on ptolemy.moml.MoMLSimpleApplication@3e976f10
----------------- Done invoking toplevel() on ptolemy.moml.MoMLSimpleApplication@3e976f10
reloadAllAccessors: .DiscreteClock18

===========================================================================================
----------------- testing Mon Oct 29 02:32:50 UTC 2018 /home/travis/build/icyphy/ptII/ptolemy/actor/lib/test/auto/DiscreteClock19.xml
----------------- Instantiating /home/travis/build/icyphy/ptII/ptolemy/actor/lib/test/auto/DiscreteClock19.xml
19 ms. Memory: 1343488K Free: 1202079K (89%)
----------------- Invoking toplevel() on ptolemy.moml.MoMLSimpleApplication@885bbfa
----------------- Done invoking toplevel() on ptolemy.moml.MoMLSimpleApplication@885bbfa
reloadAllAccessors: .DiscreteClock19

===========================================================================================
----------------- testing Mon Oct 29 02:32:50 UTC 2018 /home/travis/build/icyphy/ptII/ptolemy/actor/lib/test/auto/DiscreteClock2.xml
----------------- Instantiating /home/travis/build/icyphy/ptII/ptolemy/actor/lib/test/auto/DiscreteClock2.xml
6 ms. Memory: 1343488K Free: 1176517K (88%)
----------------- Invoking toplevel() on ptolemy.moml.MoMLSimpleApplication@74c63bb9
----------------- Done invoking toplevel() on ptolemy.moml.MoMLSimpleApplication@74c63bb9
reloadAllAccessors: .DiscreteClock2

===========================================================================================
----------------- testing Mon Oct 29 02:32:50 UTC 2018 /home/travis/build/icyphy/ptII/ptolemy/actor/lib/test/auto/DiscreteClock20.xml
----------------- Instantiating /home/travis/build/icyphy/ptII/ptolemy/actor/lib/test/auto/DiscreteClock20.xml
8 ms. Memory: 1343488K Free: 1159941K (86%)
----------------- Invoking toplevel() on ptolemy.moml.MoMLSimpleApplication@35fdbd2e
----------------- Done invoking toplevel() on ptolemy.moml.MoMLSimpleApplication@35fdbd2e
reloadAllAccessors: .DiscreteClock20

===========================================================================================
----------------- testing Mon Oct 29 02:32:50 UTC 2018 /home/travis/build/icyphy/ptII/ptolemy/actor/lib/test/auto/DiscreteClock21.xml
----------------- Instantiating /home/travis/build/icyphy/ptII/ptolemy/actor/lib/test/auto/DiscreteClock21.xml
7 ms. Memory: 1343488K Free: 1143366K (85%)
----------------- Invoking toplevel() on ptolemy.moml.MoMLSimpleApplication@7cb1c9c
----------------- Done invoking toplevel() on ptolemy.moml.MoMLSimpleApplication@7cb1c9c
reloadAllAccessors: .DiscreteClock21

===========================================================================================
----------------- testing Mon Oct 29 02:32:50 UTC 2018 /home/travis/build/icyphy/ptII/ptolemy/actor/lib/test/auto/DiscreteClock22.xml
----------------- Instantiating /home/travis/build/icyphy/ptII/ptolemy/actor/lib/test/auto/DiscreteClock22.xml
6 ms. Memory: 1343488K Free: 1126791K (84%)
----------------- Invoking toplevel() on ptolemy.moml.MoMLSimpleApplication@337e09c6
----------------- Done invoking toplevel() on ptolemy.moml.MoMLSimpleApplication@337e09c6
reloadAllAccessors: .DiscreteClock22

===========================================================================================
----------------- testing Mon Oct 29 02:32:50 UTC 2018 /home/travis/build/icyphy/ptII/ptolemy/actor/lib/test/auto/DiscreteClock23.xml
----------------- Instantiating /home/travis/build/icyphy/ptII/ptolemy/actor/lib/test/auto/DiscreteClock23.xml
10 ms. Memory: 1343488K Free: 1101229K (82%)
----------------- Invoking toplevel() on ptolemy.moml.MoMLSimpleApplication@21a2145b
----------------- Done invoking toplevel() on ptolemy.moml.MoMLSimpleApplication@21a2145b
reloadAllAccessors: .DiscreteClock23

===========================================================================================
----------------- testing Mon Oct 29 02:32:50 UTC 2018 /home/travis/build/icyphy/ptII/ptolemy/actor/lib/test/auto/DiscreteClock24.xml
----------------- Instantiating /home/travis/build/icyphy/ptII/ptolemy/actor/lib/test/auto/DiscreteClock24.xml
2 ms. Memory: 1361920K Free: 1301785K (96%)
----------------- Invoking toplevel() on ptolemy.moml.MoMLSimpleApplication@77882c7d
----------------- Done invoking toplevel() on ptolemy.moml.MoMLSimpleApplication@77882c7d
reloadAllAccessors: .DiscreteClock24

===========================================================================================
----------------- testing Mon Oct 29 02:32:51 UTC 2018 /home/travis/build/icyphy/ptII/ptolemy/actor/lib/test/auto/DiscreteClock4.xml
----------------- Instantiating /home/travis/build/icyphy/ptII/ptolemy/actor/lib/test/auto/DiscreteClock4.xml
3 ms. Memory: 1361920K Free: 1280367K (94%)
----------------- Invoking toplevel() on ptolemy.moml.MoMLSimpleApplication@52867be2
----------------- Done invoking toplevel() on ptolemy.moml.MoMLSimpleApplication@52867be2
reloadAllAccessors: .DiscreteClock4

===========================================================================================
----------------- testing Mon Oct 29 02:32:51 UTC 2018 /home/travis/build/icyphy/ptII/ptolemy/actor/lib/test/auto/DiscreteClock5.xml
----------------- Instantiating /home/travis/build/icyphy/ptII/ptolemy/actor/lib/test/auto/DiscreteClock5.xml
2 ms. Memory: 1361920K Free: 1267936K (93%)
----------------- Invoking toplevel() on ptolemy.moml.MoMLSimpleApplication@766b0482
----------------- Done invoking toplevel() on ptolemy.moml.MoMLSimpleApplication@766b0482
reloadAllAccessors: .DiscreteClock5

===========================================================================================
----------------- testing Mon Oct 29 02:32:51 UTC 2018 /home/travis/build/icyphy/ptII/ptolemy/actor/lib/test/auto/DiscreteClock6.xml
----------------- Instantiating /home/travis/build/icyphy/ptII/ptolemy/actor/lib/test/auto/DiscreteClock6.xml
1 ms. Memory: 1361920K Free: 1255504K (92%)
----------------- Invoking toplevel() on ptolemy.moml.MoMLSimpleApplication@4b02484b
----------------- Done invoking toplevel() on ptolemy.moml.MoMLSimpleApplication@4b02484b
reloadAllAccessors: .DiscreteClock6

===========================================================================================
----------------- testing Mon Oct 29 02:32:51 UTC 2018 /home/travis/build/icyphy/ptII/ptolemy/actor/lib/test/auto/DiscreteClock7.xml
----------------- Instantiating /home/travis/build/icyphy/ptII/ptolemy/actor/lib/test/auto/DiscreteClock7.xml
1 ms. Memory: 1361920K Free: 1234086K (91%)
----------------- Invoking toplevel() on ptolemy.moml.MoMLSimpleApplication@33c6ed71
----------------- Done invoking toplevel() on ptolemy.moml.MoMLSimpleApplication@33c6ed71
reloadAllAccessors: .DiscreteClock7

===========================================================================================
----------------- testing Mon Oct 29 02:32:51 UTC 2018 /home/travis/build/icyphy/ptII/ptolemy/actor/lib/test/auto/DiscreteClock8.xml
----------------- Instantiating /home/travis/build/icyphy/ptII/ptolemy/actor/lib/test/auto/DiscreteClock8.xml
6 ms. Memory: 1361920K Free: 1221655K (90%)
----------------- Invoking toplevel() on ptolemy.moml.MoMLSimpleApplication@2d1b6e52
----------------- Done invoking toplevel() on ptolemy.moml.MoMLSimpleApplication@2d1b6e52
reloadAllAccessors: .DiscreteClock8

===========================================================================================
----------------- testing Mon Oct 29 02:32:51 UTC 2018 /home/travis/build/icyphy/ptII/ptolemy/actor/lib/test/auto/DiscreteClock9.xml
----------------- Instantiating /home/travis/build/icyphy/ptII/ptolemy/actor/lib/test/auto/DiscreteClock9.xml
5 ms. Memory: 1361920K Free: 1209223K (89%)
----------------- Invoking toplevel() on ptolemy.moml.MoMLSimpleApplication@3c7e0019
----------------- Done invoking toplevel() on ptolemy.moml.MoMLSimpleApplication@3c7e0019
reloadAllAccessors: .DiscreteClock9

===========================================================================================
----------------- testing Mon Oct 29 02:32:51 UTC 2018 /home/travis/build/icyphy/ptII/ptolemy/actor/lib/test/auto/DisplayArray.xml
----------------- Instantiating /home/travis/build/icyphy/ptII/ptolemy/actor/lib/test/auto/DisplayArray.xml
1 ms. Memory: 1361920K Free: 1196534K (88%)
----------------- Invoking toplevel() on ptolemy.moml.MoMLSimpleApplication@40c185ae
----------------- Done invoking toplevel() on ptolemy.moml.MoMLSimpleApplication@40c185ae
reloadAllAccessors: .DisplayArray

===========================================================================================
----------------- testing Mon Oct 29 02:32:51 UTC 2018 /home/travis/build/icyphy/ptII/ptolemy/actor/lib/test/auto/Distributor.xml
----------------- Instantiating /home/travis/build/icyphy/ptII/ptolemy/actor/lib/test/auto/Distributor.xml
2 ms. Memory: 1361920K Free: 1175116K (86%)
----------------- Invoking toplevel() on ptolemy.moml.MoMLSimpleApplication@56f3a56f
----------------- Done invoking toplevel() on ptolemy.moml.MoMLSimpleApplication@56f3a56f
reloadAllAccessors: .Distributor

===========================================================================================
----------------- testing Mon Oct 29 02:32:51 UTC 2018 /home/travis/build/icyphy/ptII/ptolemy/actor/lib/test/auto/Distributor2.xml
----------------- Instantiating /home/travis/build/icyphy/ptII/ptolemy/actor/lib/test/auto/Distributor2.xml
1 ms. Memory: 1361920K Free: 1162685K (85%)
----------------- Invoking toplevel() on ptolemy.moml.MoMLSimpleApplication@7c3d34e
----------------- Done invoking toplevel() on ptolemy.moml.MoMLSimpleApplication@7c3d34e
reloadAllAccessors: .Distributor2

===========================================================================================
----------------- testing Mon Oct 29 02:32:51 UTC 2018 /home/travis/build/icyphy/ptII/ptolemy/actor/lib/test/auto/DownSample.xml
----------------- Instantiating /home/travis/build/icyphy/ptII/ptolemy/actor/lib/test/auto/DownSample.xml
1 ms. Memory: 1361920K Free: 1150253K (84%)
----------------- Invoking toplevel() on ptolemy.moml.MoMLSimpleApplication@1f120a20
----------------- Done invoking toplevel() on ptolemy.moml.MoMLSimpleApplication@1f120a20
reloadAllAccessors: .DownSample

===========================================================================================
----------------- testing Mon Oct 29 02:32:51 UTC 2018 /home/travis/build/icyphy/ptII/ptolemy/actor/lib/test/auto/ElectronicUnitBase1.xml
----------------- Instantiating /home/travis/build/icyphy/ptII/ptolemy/actor/lib/test/auto/ElectronicUnitBase1.xml
16 ms. Memory: 1361920K Free: 1125383K (83%)
----------------- Invoking toplevel() on ptolemy.moml.MoMLSimpleApplication@4e7302b6
----------------- Done invoking toplevel() on ptolemy.moml.MoMLSimpleApplication@4e7302b6
reloadAllAccessors: .ElectronicUnitBase1

===========================================================================================
----------------- testing Mon Oct 29 02:32:51 UTC 2018 /home/travis/build/icyphy/ptII/ptolemy/actor/lib/test/auto/ElementsToArray.xml
----------------- Instantiating /home/travis/build/icyphy/ptII/ptolemy/actor/lib/test/auto/ElementsToArray.xml
3 ms. Memory: 1361920K Free: 1103964K (81%)
----------------- Invoking toplevel() on ptolemy.moml.MoMLSimpleApplication@35ee9ace
----------------- Done invoking toplevel() on ptolemy.moml.MoMLSimpleApplication@35ee9ace
reloadAllAccessors: .ElementsToArray

===========================================================================================
----------------- testing Mon Oct 29 02:32:51 UTC 2018 /home/travis/build/icyphy/ptII/ptolemy/actor/lib/test/auto/Equals.xml
----------------- Instantiating /home/travis/build/icyphy/ptII/ptolemy/actor/lib/test/auto/Equals.xml
2 ms. Memory: 1361920K Free: 1091533K (80%)
----------------- Invoking toplevel() on ptolemy.moml.MoMLSimpleApplication@464d3499
----------------- Done invoking toplevel() on ptolemy.moml.MoMLSimpleApplication@464d3499
reloadAllAccessors: .Equals

===========================================================================================
----------------- testing Mon Oct 29 02:32:51 UTC 2018 /home/travis/build/icyphy/ptII/ptolemy/actor/lib/test/auto/Exec.xml
----------------- Instantiating /home/travis/build/icyphy/ptII/ptolemy/actor/lib/test/auto/Exec.xml
10 ms. Memory: 1361920K Free: 1060454K (78%)
----------------- Invoking toplevel() on ptolemy.moml.MoMLSimpleApplication@7152c5e5
----------------- Done invoking toplevel() on ptolemy.moml.MoMLSimpleApplication@7152c5e5
reloadAllAccessors: .Exec

===========================================================================================
----------------- testing Mon Oct 29 02:32:51 UTC 2018 /home/travis/build/icyphy/ptII/ptolemy/actor/lib/test/auto/ExecEnvironment.xml
----------------- Instantiating /home/travis/build/icyphy/ptII/ptolemy/actor/lib/test/auto/ExecEnvironment.xml
15 ms. Memory: 1361920K Free: 1035591K (76%)
----------------- Invoking toplevel() on ptolemy.moml.MoMLSimpleApplication@16ddaa7f
----------------- Done invoking toplevel() on ptolemy.moml.MoMLSimpleApplication@16ddaa7f
reloadAllAccessors: .ExecEnvironment

===========================================================================================
----------------- testing Mon Oct 29 02:32:51 UTC 2018 /home/travis/build/icyphy/ptII/ptolemy/actor/lib/test/auto/ExecNonZeroReturnOutput.xml
----------------- Instantiating /home/travis/build/icyphy/ptII/ptolemy/actor/lib/test/auto/ExecNonZeroReturnOutput.xml
137 ms. Memory: 1361920K Free: 933368K (69%)
----------------- Invoking toplevel() on ptolemy.moml.MoMLSimpleApplication@17f73014
----------------- Done invoking toplevel() on ptolemy.moml.MoMLSimpleApplication@17f73014
reloadAllAccessors: .ExecNonZeroReturnOutput

===========================================================================================
----------------- testing Mon Oct 29 02:32:51 UTC 2018 /home/travis/build/icyphy/ptII/ptolemy/actor/lib/test/auto/ExecRunDemos.xml
----------------- Instantiating /home/travis/build/icyphy/ptII/ptolemy/actor/lib/test/auto/ExecRunDemos.xml
Finished: 76 ms. Memory: 116224K Free: 100103K (86%)

Finished: 40 ms. Memory: 116224K Free: 96358K (83%)

Finished: 65 ms. Memory: 116224K Free: 96950K (83%)

Finished: 49 ms. Memory: 116224K Free: 98268K (85%)

Finished: 54 ms. Memory: 116224K Free: 100063K (86%)

9442 ms. Memory: 1361920K Free: 846305K (62%)
----------------- Invoking toplevel() on ptolemy.moml.MoMLSimpleApplication@742b450a
----------------- Done invoking toplevel() on ptolemy.moml.MoMLSimpleApplication@742b450a
reloadAllAccessors: .ExecRunDemos

===========================================================================================
----------------- testing Mon Oct 29 02:33:01 UTC 2018 /home/travis/build/icyphy/ptII/ptolemy/actor/lib/test/auto/ExecStop.xml
----------------- Instantiating /home/travis/build/icyphy/ptII/ptolemy/actor/lib/test/auto/ExecStop.xml
5007 ms. Memory: 1361920K Free: 579029K (43%)
----------------- Invoking toplevel() on ptolemy.moml.MoMLSimpleApplication@24fcb183
----------------- Done invoking toplevel() on ptolemy.moml.MoMLSimpleApplication@24fcb183
reloadAllAccessors: .ExecStop

===========================================================================================
----------------- testing Mon Oct 29 02:33:06 UTC 2018 /home/travis/build/icyphy/ptII/ptolemy/actor/lib/test/auto/ExecutionTimeSDF.xml
----------------- Instantiating /home/travis/build/icyphy/ptII/ptolemy/actor/lib/test/auto/ExecutionTimeSDF.xml
Fired ExecutionTime: 2104400000
Fired ExecutionTime: 978000000
Fired ExecutionTime: -1688567296
6003 ms. Memory: 1361920K Free: 560366K (41%)
----------------- Invoking toplevel() on ptolemy.moml.MoMLSimpleApplication@357f967d
----------------- Done invoking toplevel() on ptolemy.moml.MoMLSimpleApplication@357f967d
reloadAllAccessors: .ExecutionTimeSDF

===========================================================================================
----------------- testing Mon Oct 29 02:33:12 UTC 2018 /home/travis/build/icyphy/ptII/ptolemy/actor/lib/test/auto/Expression1.xml
----------------- Instantiating /home/travis/build/icyphy/ptII/ptolemy/actor/lib/test/auto/Expression1.xml
2 ms. Memory: 1361920K Free: 538948K (40%)
----------------- Invoking toplevel() on ptolemy.moml.MoMLSimpleApplication@6973d403
----------------- Done invoking toplevel() on ptolemy.moml.MoMLSimpleApplication@6973d403
reloadAllAccessors: .Expression1

===========================================================================================
----------------- testing Mon Oct 29 02:33:12 UTC 2018 /home/travis/build/icyphy/ptII/ptolemy/actor/lib/test/auto/Expression10.xml
----------------- Instantiating /home/travis/build/icyphy/ptII/ptolemy/actor/lib/test/auto/Expression10.xml
5 ms. Memory: 1361920K Free: 526517K (39%)
----------------- Invoking toplevel() on ptolemy.moml.MoMLSimpleApplication@3a8bcced
----------------- Done invoking toplevel() on ptolemy.moml.MoMLSimpleApplication@3a8bcced
reloadAllAccessors: .Expression10

===========================================================================================
----------------- testing Mon Oct 29 02:33:12 UTC 2018 /home/travis/build/icyphy/ptII/ptolemy/actor/lib/test/auto/Expression11.xml
----------------- Instantiating /home/travis/build/icyphy/ptII/ptolemy/actor/lib/test/auto/Expression11.xml
2 ms. Memory: 1361920K Free: 514085K (38%)
----------------- Invoking toplevel() on ptolemy.moml.MoMLSimpleApplication@2ae00e9a
----------------- Done invoking toplevel() on ptolemy.moml.MoMLSimpleApplication@2ae00e9a
reloadAllAccessors: .Expression11

===========================================================================================
----------------- testing Mon Oct 29 02:33:12 UTC 2018 /home/travis/build/icyphy/ptII/ptolemy/actor/lib/test/auto/Expression12.xml
----------------- Instantiating /home/travis/build/icyphy/ptII/ptolemy/actor/lib/test/auto/Expression12.xml
3 ms. Memory: 1361920K Free: 501654K (37%)
----------------- Invoking toplevel() on ptolemy.moml.MoMLSimpleApplication@2089a9d9
----------------- Done invoking toplevel() on ptolemy.moml.MoMLSimpleApplication@2089a9d9
reloadAllAccessors: .Expression12

===========================================================================================
----------------- testing Mon Oct 29 02:33:12 UTC 2018 /home/travis/build/icyphy/ptII/ptolemy/actor/lib/test/auto/Expression13.xml
----------------- Instantiating /home/travis/build/icyphy/ptII/ptolemy/actor/lib/test/auto/Expression13.xml
10 ms. Memory: 1361920K Free: 480236K (35%)
----------------- Invoking toplevel() on ptolemy.moml.MoMLSimpleApplication@5a1f454
----------------- Done invoking toplevel() on ptolemy.moml.MoMLSimpleApplication@5a1f454
reloadAllAccessors: .Expression13

===========================================================================================
----------------- testing Mon Oct 29 02:33:12 UTC 2018 /home/travis/build/icyphy/ptII/ptolemy/actor/lib/test/auto/Expression14.xml
----------------- Instantiating /home/travis/build/icyphy/ptII/ptolemy/actor/lib/test/auto/Expression14.xml
4 ms. Memory: 1361920K Free: 467805K (34%)
----------------- Invoking toplevel() on ptolemy.moml.MoMLSimpleApplication@6f3f6355
----------------- Done invoking toplevel() on ptolemy.moml.MoMLSimpleApplication@6f3f6355
reloadAllAccessors: .Expression14

===========================================================================================
----------------- testing Mon Oct 29 02:33:12 UTC 2018 /home/travis/build/icyphy/ptII/ptolemy/actor/lib/test/auto/Expression15.xml
----------------- Instantiating /home/travis/build/icyphy/ptII/ptolemy/actor/lib/test/auto/Expression15.xml
1 ms. Memory: 1361920K Free: 455373K (33%)
----------------- Invoking toplevel() on ptolemy.moml.MoMLSimpleApplication@285d10a1
----------------- Done invoking toplevel() on ptolemy.moml.MoMLSimpleApplication@285d10a1
reloadAllAccessors: .Expression15

===========================================================================================
----------------- testing Mon Oct 29 02:33:12 UTC 2018 /home/travis/build/icyphy/ptII/ptolemy/actor/lib/test/auto/Expression16.xml
----------------- Instantiating /home/travis/build/icyphy/ptII/ptolemy/actor/lib/test/auto/Expression16.xml
2 ms. Memory: 1361920K Free: 442942K (33%)
----------------- Invoking toplevel() on ptolemy.moml.MoMLSimpleApplication@2095e6dc
----------------- Done invoking toplevel() on ptolemy.moml.MoMLSimpleApplication@2095e6dc
reloadAllAccessors: .Expression16

===========================================================================================
----------------- testing Mon Oct 29 02:33:12 UTC 2018 /home/travis/build/icyphy/ptII/ptolemy/actor/lib/test/auto/Expression17.xml
----------------- Instantiating /home/travis/build/icyphy/ptII/ptolemy/actor/lib/test/auto/Expression17.xml
2 ms. Memory: 1361920K Free: 421524K (31%)
----------------- Invoking toplevel() on ptolemy.moml.MoMLSimpleApplication@7c6d6e46
----------------- Done invoking toplevel() on ptolemy.moml.MoMLSimpleApplication@7c6d6e46
reloadAllAccessors: .Expression17

===========================================================================================
----------------- testing Mon Oct 29 02:33:12 UTC 2018 /home/travis/build/icyphy/ptII/ptolemy/actor/lib/test/auto/Expression18.xml
----------------- Instantiating /home/travis/build/icyphy/ptII/ptolemy/actor/lib/test/auto/Expression18.xml
3 ms. Memory: 1361920K Free: 409093K (30%)
----------------- Invoking toplevel() on ptolemy.moml.MoMLSimpleApplication@189ab3d5
----------------- Done invoking toplevel() on ptolemy.moml.MoMLSimpleApplication@189ab3d5
reloadAllAccessors: .Expression18

===========================================================================================
----------------- testing Mon Oct 29 02:33:12 UTC 2018 /home/travis/build/icyphy/ptII/ptolemy/actor/lib/test/auto/Expression2.xml
----------------- Instantiating /home/travis/build/icyphy/ptII/ptolemy/actor/lib/test/auto/Expression2.xml
3 ms. Memory: 1361920K Free: 396661K (29%)
----------------- Invoking toplevel() on ptolemy.moml.MoMLSimpleApplication@10c32dba
----------------- Done invoking toplevel() on ptolemy.moml.MoMLSimpleApplication@10c32dba
reloadAllAccessors: .Expression2

===========================================================================================
----------------- testing Mon Oct 29 02:33:12 UTC 2018 /home/travis/build/icyphy/ptII/ptolemy/actor/lib/test/auto/Expression3.xml
----------------- Instantiating /home/travis/build/icyphy/ptII/ptolemy/actor/lib/test/auto/Expression3.xml
3 ms. Memory: 1361920K Free: 384230K (28%)
----------------- Invoking toplevel() on ptolemy.moml.MoMLSimpleApplication@460931b6
----------------- Done invoking toplevel() on ptolemy.moml.MoMLSimpleApplication@460931b6
reloadAllAccessors: .Expression3

===========================================================================================
----------------- testing Mon Oct 29 02:33:12 UTC 2018 /home/travis/build/icyphy/ptII/ptolemy/actor/lib/test/auto/Expression4.xml
----------------- Instantiating /home/travis/build/icyphy/ptII/ptolemy/actor/lib/test/auto/Expression4.xml
3 ms. Memory: 1361920K Free: 362811K (27%)
----------------- Invoking toplevel() on ptolemy.moml.MoMLSimpleApplication@74ae3b1a
----------------- Done invoking toplevel() on ptolemy.moml.MoMLSimpleApplication@74ae3b1a
reloadAllAccessors: .Expression4

===========================================================================================
----------------- testing Mon Oct 29 02:33:12 UTC 2018 /home/travis/build/icyphy/ptII/ptolemy/actor/lib/test/auto/Expression5.xml
----------------- Instantiating /home/travis/build/icyphy/ptII/ptolemy/actor/lib/test/auto/Expression5.xml
3 ms. Memory: 1361920K Free: 350380K (26%)
----------------- Invoking toplevel() on ptolemy.moml.MoMLSimpleApplication@708e89b2
----------------- Done invoking toplevel() on ptolemy.moml.MoMLSimpleApplication@708e89b2
reloadAllAccessors: .Expression5

===========================================================================================
----------------- testing Mon Oct 29 02:33:12 UTC 2018 /home/travis/build/icyphy/ptII/ptolemy/actor/lib/test/auto/Expression6.xml
----------------- Instantiating /home/travis/build/icyphy/ptII/ptolemy/actor/lib/test/auto/Expression6.xml
2 ms. Memory: 1361920K Free: 337949K (25%)
----------------- Invoking toplevel() on ptolemy.moml.MoMLSimpleApplication@77155410
----------------- Done invoking toplevel() on ptolemy.moml.MoMLSimpleApplication@77155410
reloadAllAccessors: .Expression6

===========================================================================================
----------------- testing Mon Oct 29 02:33:12 UTC 2018 /home/travis/build/icyphy/ptII/ptolemy/actor/lib/test/auto/Expression7.xml
----------------- Instantiating /home/travis/build/icyphy/ptII/ptolemy/actor/lib/test/auto/Expression7.xml
2 ms. Memory: 1361920K Free: 325517K (24%)
----------------- Invoking toplevel() on ptolemy.moml.MoMLSimpleApplication@d9cec05
----------------- Done invoking toplevel() on ptolemy.moml.MoMLSimpleApplication@d9cec05
reloadAllAccessors: .Expression7

===========================================================================================
----------------- testing Mon Oct 29 02:33:12 UTC 2018 /home/travis/build/icyphy/ptII/ptolemy/actor/lib/test/auto/Expression8.xml
----------------- Instantiating /home/travis/build/icyphy/ptII/ptolemy/actor/lib/test/auto/Expression8.xml
5 ms. Memory: 1361920K Free: 304099K (22%)
----------------- Invoking toplevel() on ptolemy.moml.MoMLSimpleApplication@1e6bb135
----------------- Done invoking toplevel() on ptolemy.moml.MoMLSimpleApplication@1e6bb135
reloadAllAccessors: .Expression8

===========================================================================================
----------------- testing Mon Oct 29 02:33:12 UTC 2018 /home/travis/build/icyphy/ptII/ptolemy/actor/lib/test/auto/Expression9.xml
----------------- Instantiating /home/travis/build/icyphy/ptII/ptolemy/actor/lib/test/auto/Expression9.xml
2 ms. Memory: 1361920K Free: 291668K (21%)
----------------- Invoking toplevel() on ptolemy.moml.MoMLSimpleApplication@3f0ae011
----------------- Done invoking toplevel() on ptolemy.moml.MoMLSimpleApplication@3f0ae011
reloadAllAccessors: .Expression9

===========================================================================================
----------------- testing Mon Oct 29 02:33:12 UTC 2018 /home/travis/build/icyphy/ptII/ptolemy/actor/lib/test/auto/ExpressionConcatenateArrayType.xml
----------------- Instantiating /home/travis/build/icyphy/ptII/ptolemy/actor/lib/test/auto/ExpressionConcatenateArrayType.xml
2 ms. Memory: 1361920K Free: 279236K (21%)
----------------- Invoking toplevel() on ptolemy.moml.MoMLSimpleApplication@244475b4
----------------- Done invoking toplevel() on ptolemy.moml.MoMLSimpleApplication@244475b4
reloadAllAccessors: .ExpressionConcatenateArrayType

===========================================================================================
----------------- testing Mon Oct 29 02:33:12 UTC 2018 /home/travis/build/icyphy/ptII/ptolemy/actor/lib/test/auto/ExpressionConcatenateArrayType2.xml
----------------- Instantiating /home/travis/build/icyphy/ptII/ptolemy/actor/lib/test/auto/ExpressionConcatenateArrayType2.xml
2 ms. Memory: 1361920K Free: 257818K (19%)
----------------- Invoking toplevel() on ptolemy.moml.MoMLSimpleApplication@f6862c3
----------------- Done invoking toplevel() on ptolemy.moml.MoMLSimpleApplication@f6862c3
reloadAllAccessors: .ExpressionConcatenateArrayType2

===========================================================================================
----------------- testing Mon Oct 29 02:33:12 UTC 2018 /home/travis/build/icyphy/ptII/ptolemy/actor/lib/test/auto/ExpressionFix.xml
----------------- Instantiating /home/travis/build/icyphy/ptII/ptolemy/actor/lib/test/auto/ExpressionFix.xml
9 ms. Memory: 1361920K Free: 245387K (18%)
----------------- Invoking toplevel() on ptolemy.moml.MoMLSimpleApplication@2fc322c7
----------------- Done invoking toplevel() on ptolemy.moml.MoMLSimpleApplication@2fc322c7
reloadAllAccessors: .ExpressionFix

===========================================================================================
----------------- testing Mon Oct 29 02:33:12 UTC 2018 /home/travis/build/icyphy/ptII/ptolemy/actor/lib/test/auto/ExpressionFix2.xml
----------------- Instantiating /home/travis/build/icyphy/ptII/ptolemy/actor/lib/test/auto/ExpressionFix2.xml
2 ms. Memory: 1361920K Free: 232956K (17%)
----------------- Invoking toplevel() on ptolemy.moml.MoMLSimpleApplication@4f0b683c
----------------- Done invoking toplevel() on ptolemy.moml.MoMLSimpleApplication@4f0b683c
reloadAllAccessors: .ExpressionFix2

===========================================================================================
----------------- testing Mon Oct 29 02:33:12 UTC 2018 /home/travis/build/icyphy/ptII/ptolemy/actor/lib/test/auto/ExpressionFix3.xml
----------------- Instantiating /home/travis/build/icyphy/ptII/ptolemy/actor/lib/test/auto/ExpressionFix3.xml
4 ms. Memory: 1361920K Free: 220524K (16%)
----------------- Invoking toplevel() on ptolemy.moml.MoMLSimpleApplication@42727b76
----------------- Done invoking toplevel() on ptolemy.moml.MoMLSimpleApplication@42727b76
reloadAllAccessors: .ExpressionFix3

===========================================================================================
----------------- testing Mon Oct 29 02:33:12 UTC 2018 /home/travis/build/icyphy/ptII/ptolemy/actor/lib/test/auto/FileWriter1.xml
----------------- Instantiating /home/travis/build/icyphy/ptII/ptolemy/actor/lib/test/auto/FileWriter1.xml
2 ms. Memory: 1361920K Free: 199106K (15%)
----------------- Invoking toplevel() on ptolemy.moml.MoMLSimpleApplication@2d9b7826
----------------- Done invoking toplevel() on ptolemy.moml.MoMLSimpleApplication@2d9b7826
reloadAllAccessors: .FileWriter1

===========================================================================================
----------------- testing Mon Oct 29 02:33:12 UTC 2018 /home/travis/build/icyphy/ptII/ptolemy/actor/lib/test/auto/FileWriter2.xml
----------------- Instantiating /home/travis/build/icyphy/ptII/ptolemy/actor/lib/test/auto/FileWriter2.xml
2 ms. Memory: 1361920K Free: 186675K (14%)
----------------- Invoking toplevel() on ptolemy.moml.MoMLSimpleApplication@4ec15456
----------------- Done invoking toplevel() on ptolemy.moml.MoMLSimpleApplication@4ec15456
reloadAllAccessors: .FileWriter2

===========================================================================================
----------------- testing Mon Oct 29 02:33:12 UTC 2018 /home/travis/build/icyphy/ptII/ptolemy/actor/lib/test/auto/FileWriter3.xml
----------------- Instantiating /home/travis/build/icyphy/ptII/ptolemy/actor/lib/test/auto/FileWriter3.xml
6 ms. Memory: 1361920K Free: 174243K (13%)
----------------- Invoking toplevel() on ptolemy.moml.MoMLSimpleApplication@59a4212f
----------------- Done invoking toplevel() on ptolemy.moml.MoMLSimpleApplication@59a4212f
reloadAllAccessors: .FileWriter3

===========================================================================================
----------------- testing Mon Oct 29 02:33:12 UTC 2018 /home/travis/build/icyphy/ptII/ptolemy/actor/lib/test/auto/Gaussian.xml
----------------- Instantiating /home/travis/build/icyphy/ptII/ptolemy/actor/lib/test/auto/Gaussian.xml
4 ms. Memory: 1361920K Free: 161812K (12%)
----------------- Invoking toplevel() on ptolemy.moml.MoMLSimpleApplication@952eccb
----------------- Done invoking toplevel() on ptolemy.moml.MoMLSimpleApplication@952eccb
reloadAllAccessors: .Gaussian

===========================================================================================
----------------- testing Mon Oct 29 02:33:12 UTC 2018 /home/travis/build/icyphy/ptII/ptolemy/actor/lib/test/auto/Gaussian1.xml
----------------- Instantiating /home/travis/build/icyphy/ptII/ptolemy/actor/lib/test/auto/Gaussian1.xml
2 ms. Memory: 1361920K Free: 140394K (10%)
----------------- Invoking toplevel() on ptolemy.moml.MoMLSimpleApplication@6b9ca7fd
----------------- Done invoking toplevel() on ptolemy.moml.MoMLSimpleApplication@6b9ca7fd
reloadAllAccessors: .Gaussian1

===========================================================================================
----------------- testing Mon Oct 29 02:33:12 UTC 2018 /home/travis/build/icyphy/ptII/ptolemy/actor/lib/test/auto/Gaussian2.xml
----------------- Instantiating /home/travis/build/icyphy/ptII/ptolemy/actor/lib/test/auto/Gaussian2.xml
3 ms. Memory: 1361920K Free: 127962K (9%)
----------------- Invoking toplevel() on ptolemy.moml.MoMLSimpleApplication@5144f9e
----------------- Done invoking toplevel() on ptolemy.moml.MoMLSimpleApplication@5144f9e
reloadAllAccessors: .Gaussian2

===========================================================================================
----------------- testing Mon Oct 29 02:33:12 UTC 2018 /home/travis/build/icyphy/ptII/ptolemy/actor/lib/test/auto/GradientAdaptiveLattice.xml
----------------- Instantiating /home/travis/build/icyphy/ptII/ptolemy/actor/lib/test/auto/GradientAdaptiveLattice.xml
8 ms. Memory: 1361920K Free: 115531K (8%)
----------------- Invoking toplevel() on ptolemy.moml.MoMLSimpleApplication@3373b10a
----------------- Done invoking toplevel() on ptolemy.moml.MoMLSimpleApplication@3373b10a
reloadAllAccessors: .GradientAdaptiveLattice

===========================================================================================
----------------- testing Mon Oct 29 02:33:12 UTC 2018 /home/travis/build/icyphy/ptII/ptolemy/actor/lib/test/auto/IIR.xml
----------------- Instantiating /home/travis/build/icyphy/ptII/ptolemy/actor/lib/test/auto/IIR.xml
2 ms. Memory: 1361920K Free: 103099K (8%)
----------------- Invoking toplevel() on ptolemy.moml.MoMLSimpleApplication@33d40967
----------------- Done invoking toplevel() on ptolemy.moml.MoMLSimpleApplication@33d40967
reloadAllAccessors: .IIR

===========================================================================================
----------------- testing Mon Oct 29 02:33:12 UTC 2018 /home/travis/build/icyphy/ptII/ptolemy/actor/lib/test/auto/InputOutputTransparentPorts.xml
----------------- Instantiating /home/travis/build/icyphy/ptII/ptolemy/actor/lib/test/auto/InputOutputTransparentPorts.xml
1 ms. Memory: 1361920K Free: 81681K (6%)
----------------- Invoking toplevel() on ptolemy.moml.MoMLSimpleApplication@2745fad4
----------------- Done invoking toplevel() on ptolemy.moml.MoMLSimpleApplication@2745fad4
reloadAllAccessors: .InputOutputTransparentPorts

===========================================================================================
----------------- testing Mon Oct 29 02:33:12 UTC 2018 /home/travis/build/icyphy/ptII/ptolemy/actor/lib/test/auto/Interpolator.xml
----------------- Instantiating /home/travis/build/icyphy/ptII/ptolemy/actor/lib/test/auto/Interpolator.xml
4 ms. Memory: 1554432K Free: 1505018K (97%)
----------------- Invoking toplevel() on ptolemy.moml.MoMLSimpleApplication@2362761b
----------------- Done invoking toplevel() on ptolemy.moml.MoMLSimpleApplication@2362761b
reloadAllAccessors: .Interpolator

===========================================================================================
----------------- testing Mon Oct 29 02:33:12 UTC 2018 /home/travis/build/icyphy/ptII/ptolemy/actor/lib/test/auto/InterpolatorFiringLimitDE.xml
----------------- Instantiating /home/travis/build/icyphy/ptII/ptolemy/actor/lib/test/auto/InterpolatorFiringLimitDE.xml
2 ms. Memory: 1554432K Free: 1482688K (95%)
----------------- Invoking toplevel() on ptolemy.moml.MoMLSimpleApplication@15661ede
----------------- Done invoking toplevel() on ptolemy.moml.MoMLSimpleApplication@15661ede
reloadAllAccessors: .InterpolatorFiringLimitDE

===========================================================================================
----------------- testing Mon Oct 29 02:33:12 UTC 2018 /home/travis/build/icyphy/ptII/ptolemy/actor/lib/test/auto/Lattice.xml
----------------- Instantiating /home/travis/build/icyphy/ptII/ptolemy/actor/lib/test/auto/Lattice.xml
1 ms. Memory: 1554432K Free: 1468147K (94%)
----------------- Invoking toplevel() on ptolemy.moml.MoMLSimpleApplication@290cea8a
----------------- Done invoking toplevel() on ptolemy.moml.MoMLSimpleApplication@290cea8a
reloadAllAccessors: .Lattice

===========================================================================================
----------------- testing Mon Oct 29 02:33:12 UTC 2018 /home/travis/build/icyphy/ptII/ptolemy/actor/lib/test/auto/LazyAOCTestLazy.xml
----------------- Instantiating /home/travis/build/icyphy/ptII/ptolemy/actor/lib/test/auto/LazyAOCTestLazy.xml
15 ms. Memory: 1554432K Free: 1453606K (94%)
----------------- Invoking toplevel() on ptolemy.moml.MoMLSimpleApplication@424a13bf
----------------- Done invoking toplevel() on ptolemy.moml.MoMLSimpleApplication@424a13bf
reloadAllAccessors: .LazyAOCTestLazy

===========================================================================================
----------------- testing Mon Oct 29 02:33:12 UTC 2018 /home/travis/build/icyphy/ptII/ptolemy/actor/lib/test/auto/LazyAOCTestNonLazy.xml
----------------- Instantiating /home/travis/build/icyphy/ptII/ptolemy/actor/lib/test/auto/LazyAOCTestNonLazy.xml
10 ms. Memory: 1554432K Free: 1431276K (92%)
----------------- Invoking toplevel() on ptolemy.moml.MoMLSimpleApplication@bf743
----------------- Done invoking toplevel() on ptolemy.moml.MoMLSimpleApplication@bf743
reloadAllAccessors: .LazyAOCTestNonLazy

===========================================================================================
----------------- testing Mon Oct 29 02:33:12 UTC 2018 /home/travis/build/icyphy/ptII/ptolemy/actor/lib/test/auto/LazyInnerClass.xml
----------------- Instantiating /home/travis/build/icyphy/ptII/ptolemy/actor/lib/test/auto/LazyInnerClass.xml
26 ms. Memory: 1554432K Free: 1416735K (91%)
----------------- Invoking toplevel() on ptolemy.moml.MoMLSimpleApplication@2644dd48
----------------- Done invoking toplevel() on ptolemy.moml.MoMLSimpleApplication@2644dd48
reloadAllAccessors: .LazyInnerClass

===========================================================================================
----------------- testing Mon Oct 29 02:33:13 UTC 2018 /home/travis/build/icyphy/ptII/ptolemy/actor/lib/test/auto/LazyPubSub.xml
----------------- Instantiating /home/travis/build/icyphy/ptII/ptolemy/actor/lib/test/auto/LazyPubSub.xml
21 ms. Memory: 1554432K Free: 1402194K (90%)
----------------- Invoking toplevel() on ptolemy.moml.MoMLSimpleApplication@67367cbb
----------------- Done invoking toplevel() on ptolemy.moml.MoMLSimpleApplication@67367cbb
reloadAllAccessors: .LazyPubSub

===========================================================================================
----------------- testing Mon Oct 29 02:33:13 UTC 2018 /home/travis/build/icyphy/ptII/ptolemy/actor/lib/test/auto/LazyPubSub2.xml
----------------- Instantiating /home/travis/build/icyphy/ptII/ptolemy/actor/lib/test/auto/LazyPubSub2.xml
18 ms. Memory: 1554432K Free: 1379668K (89%)
----------------- Invoking toplevel() on ptolemy.moml.MoMLSimpleApplication@75832986
----------------- Done invoking toplevel() on ptolemy.moml.MoMLSimpleApplication@75832986
reloadAllAccessors: .LazyPubSub2

===========================================================================================
----------------- testing Mon Oct 29 02:33:13 UTC 2018 /home/travis/build/icyphy/ptII/ptolemy/actor/lib/test/auto/LazyPubSub3.xml
----------------- Instantiating /home/travis/build/icyphy/ptII/ptolemy/actor/lib/test/auto/LazyPubSub3.xml
13 ms. Memory: 1554432K Free: 1365127K (88%)
----------------- Invoking toplevel() on ptolemy.moml.MoMLSimpleApplication@497c7607
----------------- Done invoking toplevel() on ptolemy.moml.MoMLSimpleApplication@497c7607
reloadAllAccessors: .LazyPubSub3

===========================================================================================
----------------- testing Mon Oct 29 02:33:13 UTC 2018 /home/travis/build/icyphy/ptII/ptolemy/actor/lib/test/auto/LazySubClassModel.xml
----------------- Instantiating /home/travis/build/icyphy/ptII/ptolemy/actor/lib/test/auto/LazySubClassModel.xml
1 ms. Memory: 1554432K Free: 1343300K (86%)
----------------- Invoking toplevel() on ptolemy.moml.MoMLSimpleApplication@ad523b0
----------------- Done invoking toplevel() on ptolemy.moml.MoMLSimpleApplication@ad523b0
reloadAllAccessors: .LazySubClassModel

===========================================================================================
----------------- testing Mon Oct 29 02:33:13 UTC 2018 /home/travis/build/icyphy/ptII/ptolemy/actor/lib/test/auto/LevelCrossTest1.xml
----------------- Instantiating /home/travis/build/icyphy/ptII/ptolemy/actor/lib/test/auto/LevelCrossTest1.xml
1 ms. Memory: 1554432K Free: 1328759K (85%)
----------------- Invoking toplevel() on ptolemy.moml.MoMLSimpleApplication@33834409
----------------- Done invoking toplevel() on ptolemy.moml.MoMLSimpleApplication@33834409
reloadAllAccessors: .broken

===========================================================================================
----------------- testing Mon Oct 29 02:33:13 UTC 2018 /home/travis/build/icyphy/ptII/ptolemy/actor/lib/test/auto/LevelCrossTest10.xml
----------------- Instantiating /home/travis/build/icyphy/ptII/ptolemy/actor/lib/test/auto/LevelCrossTest10.xml
1 ms. Memory: 1554432K Free: 1306429K (84%)
----------------- Invoking toplevel() on ptolemy.moml.MoMLSimpleApplication@6ad02107
----------------- Done invoking toplevel() on ptolemy.moml.MoMLSimpleApplication@6ad02107
reloadAllAccessors: .LevelCrossTest10

===========================================================================================
----------------- testing Mon Oct 29 02:33:13 UTC 2018 /home/travis/build/icyphy/ptII/ptolemy/actor/lib/test/auto/LevelCrossTest11.xml
----------------- Instantiating /home/travis/build/icyphy/ptII/ptolemy/actor/lib/test/auto/LevelCrossTest11.xml
1 ms. Memory: 1554432K Free: 1282437K (83%)
----------------- Invoking toplevel() on ptolemy.moml.MoMLSimpleApplication@3fcb7ee
----------------- Done invoking toplevel() on ptolemy.moml.MoMLSimpleApplication@3fcb7ee
reloadAllAccessors: .LevelCrossTest11

===========================================================================================
----------------- testing Mon Oct 29 02:33:13 UTC 2018 /home/travis/build/icyphy/ptII/ptolemy/actor/lib/test/auto/LevelCrossTest12.xml
----------------- Instantiating /home/travis/build/icyphy/ptII/ptolemy/actor/lib/test/auto/LevelCrossTest12.xml
1 ms. Memory: 1554432K Free: 1267896K (82%)
----------------- Invoking toplevel() on ptolemy.moml.MoMLSimpleApplication@4e7ad700
----------------- Done invoking toplevel() on ptolemy.moml.MoMLSimpleApplication@4e7ad700
reloadAllAccessors: .LevelCrossTest12

===========================================================================================
----------------- testing Mon Oct 29 02:33:13 UTC 2018 /home/travis/build/icyphy/ptII/ptolemy/actor/lib/test/auto/LevelCrossTest13.xml
----------------- Instantiating /home/travis/build/icyphy/ptII/ptolemy/actor/lib/test/auto/LevelCrossTest13.xml
1 ms. Memory: 1554432K Free: 1245566K (80%)
----------------- Invoking toplevel() on ptolemy.moml.MoMLSimpleApplication@12a3448a
----------------- Done invoking toplevel() on ptolemy.moml.MoMLSimpleApplication@12a3448a
reloadAllAccessors: .LevelCrossTest13

===========================================================================================
----------------- testing Mon Oct 29 02:33:13 UTC 2018 /home/travis/build/icyphy/ptII/ptolemy/actor/lib/test/auto/LevelCrossTest2.xml
----------------- Instantiating /home/travis/build/icyphy/ptII/ptolemy/actor/lib/test/auto/LevelCrossTest2.xml
1 ms. Memory: 1554432K Free: 1231025K (79%)
----------------- Invoking toplevel() on ptolemy.moml.MoMLSimpleApplication@15706550
----------------- Done invoking toplevel() on ptolemy.moml.MoMLSimpleApplication@15706550
reloadAllAccessors: .broken

===========================================================================================
----------------- testing Mon Oct 29 02:33:13 UTC 2018 /home/travis/build/icyphy/ptII/ptolemy/actor/lib/test/auto/LevelCrossTest3.xml
----------------- Instantiating /home/travis/build/icyphy/ptII/ptolemy/actor/lib/test/auto/LevelCrossTest3.xml
1 ms. Memory: 1554432K Free: 1216484K (78%)
----------------- Invoking toplevel() on ptolemy.moml.MoMLSimpleApplication@1797325
----------------- Done invoking toplevel() on ptolemy.moml.MoMLSimpleApplication@1797325
reloadAllAccessors: .LevelCrossTest3

===========================================================================================
----------------- testing Mon Oct 29 02:33:13 UTC 2018 /home/travis/build/icyphy/ptII/ptolemy/actor/lib/test/auto/LevelCrossTest4.xml
----------------- Instantiating /home/travis/build/icyphy/ptII/ptolemy/actor/lib/test/auto/LevelCrossTest4.xml
1 ms. Memory: 1554432K Free: 1194155K (77%)
----------------- Invoking toplevel() on ptolemy.moml.MoMLSimpleApplication@5a6a4c9c
----------------- Done invoking toplevel() on ptolemy.moml.MoMLSimpleApplication@5a6a4c9c
reloadAllAccessors: .broken

===========================================================================================
----------------- testing Mon Oct 29 02:33:13 UTC 2018 /home/travis/build/icyphy/ptII/ptolemy/actor/lib/test/auto/LevelCrossTest5.xml
----------------- Instantiating /home/travis/build/icyphy/ptII/ptolemy/actor/lib/test/auto/LevelCrossTest5.xml
4 ms. Memory: 1554432K Free: 1179614K (76%)
----------------- Invoking toplevel() on ptolemy.moml.MoMLSimpleApplication@20f7f93c
----------------- Done invoking toplevel() on ptolemy.moml.MoMLSimpleApplication@20f7f93c
reloadAllAccessors: .LevelCrossTest5

===========================================================================================
----------------- testing Mon Oct 29 02:33:13 UTC 2018 /home/travis/build/icyphy/ptII/ptolemy/actor/lib/test/auto/LevelCrossTest6.xml
----------------- Instantiating /home/travis/build/icyphy/ptII/ptolemy/actor/lib/test/auto/LevelCrossTest6.xml
1 ms. Memory: 1554432K Free: 1165073K (75%)
----------------- Invoking toplevel() on ptolemy.moml.MoMLSimpleApplication@238c97c0
----------------- Done invoking toplevel() on ptolemy.moml.MoMLSimpleApplication@238c97c0
reloadAllAccessors: .LevelCrossTest6

===========================================================================================
----------------- testing Mon Oct 29 02:33:13 UTC 2018 /home/travis/build/icyphy/ptII/ptolemy/actor/lib/test/auto/LevelCrossTest7.xml
----------------- Instantiating /home/travis/build/icyphy/ptII/ptolemy/actor/lib/test/auto/LevelCrossTest7.xml
1 ms. Memory: 1554432K Free: 1150532K (74%)
----------------- Invoking toplevel() on ptolemy.moml.MoMLSimpleApplication@4344d492
----------------- Done invoking toplevel() on ptolemy.moml.MoMLSimpleApplication@4344d492
reloadAllAccessors: .LevelCrossTest7

===========================================================================================
----------------- testing Mon Oct 29 02:33:13 UTC 2018 /home/travis/build/icyphy/ptII/ptolemy/actor/lib/test/auto/LevelCrossTest8.xml
----------------- Instantiating /home/travis/build/icyphy/ptII/ptolemy/actor/lib/test/auto/LevelCrossTest8.xml
1 ms. Memory: 1554432K Free: 1128202K (73%)
----------------- Invoking toplevel() on ptolemy.moml.MoMLSimpleApplication@5ce2a2d2
----------------- Done invoking toplevel() on ptolemy.moml.MoMLSimpleApplication@5ce2a2d2
reloadAllAccessors: .LevelCrossTest8

===========================================================================================
----------------- testing Mon Oct 29 02:33:13 UTC 2018 /home/travis/build/icyphy/ptII/ptolemy/actor/lib/test/auto/LevelCrossTest9.xml
----------------- Instantiating /home/travis/build/icyphy/ptII/ptolemy/actor/lib/test/auto/LevelCrossTest9.xml
1 ms. Memory: 1554432K Free: 1113661K (72%)
----------------- Invoking toplevel() on ptolemy.moml.MoMLSimpleApplication@5c57e21
----------------- Done invoking toplevel() on ptolemy.moml.MoMLSimpleApplication@5c57e21
reloadAllAccessors: .LevelCrossTest9

===========================================================================================
----------------- testing Mon Oct 29 02:33:13 UTC 2018 /home/travis/build/icyphy/ptII/ptolemy/actor/lib/test/auto/LevinsonDurbin.xml
----------------- Instantiating /home/travis/build/icyphy/ptII/ptolemy/actor/lib/test/auto/LevinsonDurbin.xml
5 ms. Memory: 1554432K Free: 1099120K (71%)
----------------- Invoking toplevel() on ptolemy.moml.MoMLSimpleApplication@7a6270af
----------------- Done invoking toplevel() on ptolemy.moml.MoMLSimpleApplication@7a6270af
reloadAllAccessors: .LevinsonDurbin

===========================================================================================
----------------- testing Mon Oct 29 02:33:13 UTC 2018 /home/travis/build/icyphy/ptII/ptolemy/actor/lib/test/auto/LevinsonDurbin2.xml
----------------- Instantiating /home/travis/build/icyphy/ptII/ptolemy/actor/lib/test/auto/LevinsonDurbin2.xml
1 ms. Memory: 1554432K Free: 1076790K (69%)
----------------- Invoking toplevel() on ptolemy.moml.MoMLSimpleApplication@7f9a109c
----------------- Done invoking toplevel() on ptolemy.moml.MoMLSimpleApplication@7f9a109c
reloadAllAccessors: .LevinsonDurbin2

===========================================================================================
----------------- testing Mon Oct 29 02:33:13 UTC 2018 /home/travis/build/icyphy/ptII/ptolemy/actor/lib/test/auto/LevinsonDurbin3.xml
----------------- Instantiating /home/travis/build/icyphy/ptII/ptolemy/actor/lib/test/auto/LevinsonDurbin3.xml
3 ms. Memory: 1554432K Free: 1062250K (68%)
----------------- Invoking toplevel() on ptolemy.moml.MoMLSimpleApplication@528f300e
----------------- Done invoking toplevel() on ptolemy.moml.MoMLSimpleApplication@528f300e
reloadAllAccessors: .LevinsonDurbin3

===========================================================================================
----------------- testing Mon Oct 29 02:33:13 UTC 2018 /home/travis/build/icyphy/ptII/ptolemy/actor/lib/test/auto/Limiter.xml
----------------- Instantiating /home/travis/build/icyphy/ptII/ptolemy/actor/lib/test/auto/Limiter.xml
3 ms. Memory: 1554432K Free: 1047709K (67%)
----------------- Invoking toplevel() on ptolemy.moml.MoMLSimpleApplication@780d0087
----------------- Done invoking toplevel() on ptolemy.moml.MoMLSimpleApplication@780d0087
reloadAllAccessors: .Limiter

===========================================================================================
----------------- testing Mon Oct 29 02:33:13 UTC 2018 /home/travis/build/icyphy/ptII/ptolemy/actor/lib/test/auto/LinearDifferenceEquationSystem.xml
----------------- Instantiating /home/travis/build/icyphy/ptII/ptolemy/actor/lib/test/auto/LinearDifferenceEquationSystem.xml
10 ms. Memory: 1554432K Free: 1033168K (66%)
----------------- Invoking toplevel() on ptolemy.moml.MoMLSimpleApplication@13be7ebf
----------------- Done invoking toplevel() on ptolemy.moml.MoMLSimpleApplication@13be7ebf
reloadAllAccessors: .LinearDifferenceEquationSystem

===========================================================================================
----------------- testing Mon Oct 29 02:33:13 UTC 2018 /home/travis/build/icyphy/ptII/ptolemy/actor/lib/test/auto/LookupTable.xml
----------------- Instantiating /home/travis/build/icyphy/ptII/ptolemy/actor/lib/test/auto/LookupTable.xml
2 ms. Memory: 1554432K Free: 1010838K (65%)
----------------- Invoking toplevel() on ptolemy.moml.MoMLSimpleApplication@6d6bc27
----------------- Done invoking toplevel() on ptolemy.moml.MoMLSimpleApplication@6d6bc27
reloadAllAccessors: .LookupTable

===========================================================================================
----------------- testing Mon Oct 29 02:33:13 UTC 2018 /home/travis/build/icyphy/ptII/ptolemy/actor/lib/test/auto/MathFunction.xml
----------------- Instantiating /home/travis/build/icyphy/ptII/ptolemy/actor/lib/test/auto/MathFunction.xml
2 ms. Memory: 1554432K Free: 996297K (64%)
----------------- Invoking toplevel() on ptolemy.moml.MoMLSimpleApplication@466bbd0c
----------------- Done invoking toplevel() on ptolemy.moml.MoMLSimpleApplication@466bbd0c
reloadAllAccessors: .MathFunction

===========================================================================================
----------------- testing Mon Oct 29 02:33:13 UTC 2018 /home/travis/build/icyphy/ptII/ptolemy/actor/lib/test/auto/MathFunction2.xml
----------------- Instantiating /home/travis/build/icyphy/ptII/ptolemy/actor/lib/test/auto/MathFunction2.xml
1 ms. Memory: 1554432K Free: 981756K (63%)
----------------- Invoking toplevel() on ptolemy.moml.MoMLSimpleApplication@53f3001e
----------------- Done invoking toplevel() on ptolemy.moml.MoMLSimpleApplication@53f3001e
reloadAllAccessors: .MathFunction2

===========================================================================================
----------------- testing Mon Oct 29 02:33:13 UTC 2018 /home/travis/build/icyphy/ptII/ptolemy/actor/lib/test/auto/MathFunction3.xml
----------------- Instantiating /home/travis/build/icyphy/ptII/ptolemy/actor/lib/test/auto/MathFunction3.xml
2 ms. Memory: 1554432K Free: 959426K (62%)
----------------- Invoking toplevel() on ptolemy.moml.MoMLSimpleApplication@d49f914
----------------- Done invoking toplevel() on ptolemy.moml.MoMLSimpleApplication@d49f914
reloadAllAccessors: .MathFunction3

===========================================================================================
----------------- testing Mon Oct 29 02:33:13 UTC 2018 /home/travis/build/icyphy/ptII/ptolemy/actor/lib/test/auto/MatrixCropBoolean.xml
----------------- Instantiating /home/travis/build/icyphy/ptII/ptolemy/actor/lib/test/auto/MatrixCropBoolean.xml
1 ms. Memory: 1554432K Free: 944885K (61%)
----------------- Invoking toplevel() on ptolemy.moml.MoMLSimpleApplication@22dbf940
----------------- Done invoking toplevel() on ptolemy.moml.MoMLSimpleApplication@22dbf940
reloadAllAccessors: .MatrixCropBoolean

===========================================================================================
----------------- testing Mon Oct 29 02:33:13 UTC 2018 /home/travis/build/icyphy/ptII/ptolemy/actor/lib/test/auto/MatrixCropComplex.xml
----------------- Instantiating /home/travis/build/icyphy/ptII/ptolemy/actor/lib/test/auto/MatrixCropComplex.xml
2 ms. Memory: 1554432K Free: 930344K (60%)
----------------- Invoking toplevel() on ptolemy.moml.MoMLSimpleApplication@4d394031
----------------- Done invoking toplevel() on ptolemy.moml.MoMLSimpleApplication@4d394031
reloadAllAccessors: .MatrixCropComplex

===========================================================================================
----------------- testing Mon Oct 29 02:33:13 UTC 2018 /home/travis/build/icyphy/ptII/ptolemy/actor/lib/test/auto/MatrixCropDouble.xml
----------------- Instantiating /home/travis/build/icyphy/ptII/ptolemy/actor/lib/test/auto/MatrixCropDouble.xml
4 ms. Memory: 1554432K Free: 908015K (58%)
----------------- Invoking toplevel() on ptolemy.moml.MoMLSimpleApplication@201c58be
----------------- Done invoking toplevel() on ptolemy.moml.MoMLSimpleApplication@201c58be
reloadAllAccessors: .MatrixCropDouble

===========================================================================================
----------------- testing Mon Oct 29 02:33:13 UTC 2018 /home/travis/build/icyphy/ptII/ptolemy/actor/lib/test/auto/MatrixCropFix.xml
----------------- Instantiating /home/travis/build/icyphy/ptII/ptolemy/actor/lib/test/auto/MatrixCropFix.xml
1 ms. Memory: 1554432K Free: 893474K (57%)
----------------- Invoking toplevel() on ptolemy.moml.MoMLSimpleApplication@5cc3a61e
----------------- Done invoking toplevel() on ptolemy.moml.MoMLSimpleApplication@5cc3a61e
reloadAllAccessors: .MatrixCropFix

===========================================================================================
----------------- testing Mon Oct 29 02:33:13 UTC 2018 /home/travis/build/icyphy/ptII/ptolemy/actor/lib/test/auto/MatrixCropInt.xml
----------------- Instantiating /home/travis/build/icyphy/ptII/ptolemy/actor/lib/test/auto/MatrixCropInt.xml
2 ms. Memory: 1554432K Free: 878933K (57%)
----------------- Invoking toplevel() on ptolemy.moml.MoMLSimpleApplication@7c15bc2b
----------------- Done invoking toplevel() on ptolemy.moml.MoMLSimpleApplication@7c15bc2b
reloadAllAccessors: .MatrixCropInt

===========================================================================================
----------------- testing Mon Oct 29 02:33:13 UTC 2018 /home/travis/build/icyphy/ptII/ptolemy/actor/lib/test/auto/MatrixCropLong.xml
----------------- Instantiating /home/travis/build/icyphy/ptII/ptolemy/actor/lib/test/auto/MatrixCropLong.xml
2 ms. Memory: 1554432K Free: 864392K (56%)
----------------- Invoking toplevel() on ptolemy.moml.MoMLSimpleApplication@3572eeb1
----------------- Done invoking toplevel() on ptolemy.moml.MoMLSimpleApplication@3572eeb1
reloadAllAccessors: .MatrixCropLong

===========================================================================================
----------------- testing Mon Oct 29 02:33:13 UTC 2018 /home/travis/build/icyphy/ptII/ptolemy/actor/lib/test/auto/MatrixToArray.xml
----------------- Instantiating /home/travis/build/icyphy/ptII/ptolemy/actor/lib/test/auto/MatrixToArray.xml
6 ms. Memory: 1554432K Free: 834784K (54%)
----------------- Invoking toplevel() on ptolemy.moml.MoMLSimpleApplication@8a5bd29
----------------- Done invoking toplevel() on ptolemy.moml.MoMLSimpleApplication@8a5bd29
reloadAllAccessors: .MatrixToArray

===========================================================================================
----------------- testing Mon Oct 29 02:33:13 UTC 2018 /home/travis/build/icyphy/ptII/ptolemy/actor/lib/test/auto/MaxIndex.xml
----------------- Instantiating /home/travis/build/icyphy/ptII/ptolemy/actor/lib/test/auto/MaxIndex.xml
1 ms. Memory: 1554432K Free: 820243K (53%)
----------------- Invoking toplevel() on ptolemy.moml.MoMLSimpleApplication@7afc55ee
----------------- Done invoking toplevel() on ptolemy.moml.MoMLSimpleApplication@7afc55ee
reloadAllAccessors: .MaxIndex

===========================================================================================
----------------- testing Mon Oct 29 02:33:13 UTC 2018 /home/travis/build/icyphy/ptII/ptolemy/actor/lib/test/auto/Maximum.xml
----------------- Instantiating /home/travis/build/icyphy/ptII/ptolemy/actor/lib/test/auto/Maximum.xml
6 ms. Memory: 1554432K Free: 805702K (52%)
----------------- Invoking toplevel() on ptolemy.moml.MoMLSimpleApplication@2d73892d
----------------- Done invoking toplevel() on ptolemy.moml.MoMLSimpleApplication@2d73892d
reloadAllAccessors: .Maximum

===========================================================================================
----------------- testing Mon Oct 29 02:33:13 UTC 2018 /home/travis/build/icyphy/ptII/ptolemy/actor/lib/test/auto/MaximumComplex.xml
----------------- Instantiating /home/travis/build/icyphy/ptII/ptolemy/actor/lib/test/auto/MaximumComplex.xml
4 ms. Memory: 1554432K Free: 783372K (50%)
----------------- Invoking toplevel() on ptolemy.moml.MoMLSimpleApplication@31d76d17
----------------- Done invoking toplevel() on ptolemy.moml.MoMLSimpleApplication@31d76d17
reloadAllAccessors: .MaximumComplex

===========================================================================================
----------------- testing Mon Oct 29 02:33:13 UTC 2018 /home/travis/build/icyphy/ptII/ptolemy/actor/lib/test/auto/MethodCallTest.xml
----------------- Instantiating /home/travis/build/icyphy/ptII/ptolemy/actor/lib/test/auto/MethodCallTest.xml
2 ms. Memory: 1554432K Free: 768831K (49%)
----------------- Invoking toplevel() on ptolemy.moml.MoMLSimpleApplication@34b82d5
----------------- Done invoking toplevel() on ptolemy.moml.MoMLSimpleApplication@34b82d5
reloadAllAccessors: .MethodCallTest

===========================================================================================
----------------- testing Mon Oct 29 02:33:13 UTC 2018 /home/travis/build/icyphy/ptII/ptolemy/actor/lib/test/auto/Minimum.xml
----------------- Instantiating /home/travis/build/icyphy/ptII/ptolemy/actor/lib/test/auto/Minimum.xml
2 ms. Memory: 1554432K Free: 754291K (49%)
----------------- Invoking toplevel() on ptolemy.moml.MoMLSimpleApplication@600e0c6a
----------------- Done invoking toplevel() on ptolemy.moml.MoMLSimpleApplication@600e0c6a
reloadAllAccessors: .Minimum

===========================================================================================
----------------- testing Mon Oct 29 02:33:13 UTC 2018 /home/travis/build/icyphy/ptII/ptolemy/actor/lib/test/auto/MinimumComplex.xml
----------------- Instantiating /home/travis/build/icyphy/ptII/ptolemy/actor/lib/test/auto/MinimumComplex.xml
2 ms. Memory: 1554432K Free: 731961K (47%)
----------------- Invoking toplevel() on ptolemy.moml.MoMLSimpleApplication@62ff4e11
----------------- Done invoking toplevel() on ptolemy.moml.MoMLSimpleApplication@62ff4e11
reloadAllAccessors: .MinimumComplex

===========================================================================================
----------------- testing Mon Oct 29 02:33:13 UTC 2018 /home/travis/build/icyphy/ptII/ptolemy/actor/lib/test/auto/MinimumMultiports.xml
----------------- Instantiating /home/travis/build/icyphy/ptII/ptolemy/actor/lib/test/auto/MinimumMultiports.xml
4 ms. Memory: 1554432K Free: 717420K (46%)
----------------- Invoking toplevel() on ptolemy.moml.MoMLSimpleApplication@2a291944
----------------- Done invoking toplevel() on ptolemy.moml.MoMLSimpleApplication@2a291944
reloadAllAccessors: .MinimumMultiports

===========================================================================================
----------------- testing Mon Oct 29 02:33:13 UTC 2018 /home/travis/build/icyphy/ptII/ptolemy/actor/lib/test/auto/ModifyDate.xml
----------------- Instantiating /home/travis/build/icyphy/ptII/ptolemy/actor/lib/test/auto/ModifyDate.xml
4 ms. Memory: 1554432K Free: 695593K (45%)
----------------- Invoking toplevel() on ptolemy.moml.MoMLSimpleApplication@39285d70
----------------- Done invoking toplevel() on ptolemy.moml.MoMLSimpleApplication@39285d70
reloadAllAccessors: .ModifyDate

===========================================================================================
----------------- testing Mon Oct 29 02:33:13 UTC 2018 /home/travis/build/icyphy/ptII/ptolemy/actor/lib/test/auto/ModifyDate2.xml
----------------- Instantiating /home/travis/build/icyphy/ptII/ptolemy/actor/lib/test/auto/ModifyDate2.xml
2 ms. Memory: 1554432K Free: 673781K (43%)
----------------- Invoking toplevel() on ptolemy.moml.MoMLSimpleApplication@3a0fb945
----------------- Done invoking toplevel() on ptolemy.moml.MoMLSimpleApplication@3a0fb945
reloadAllAccessors: .ModifyDate2

===========================================================================================
----------------- testing Mon Oct 29 02:33:13 UTC 2018 /home/travis/build/icyphy/ptII/ptolemy/actor/lib/test/auto/MovingAverage.xml
----------------- Instantiating /home/travis/build/icyphy/ptII/ptolemy/actor/lib/test/auto/MovingAverage.xml
2 ms. Memory: 1554432K Free: 651451K (42%)
----------------- Invoking toplevel() on ptolemy.moml.MoMLSimpleApplication@3db24bf4
----------------- Done invoking toplevel() on ptolemy.moml.MoMLSimpleApplication@3db24bf4
reloadAllAccessors: .MovingAverage

===========================================================================================
----------------- testing Mon Oct 29 02:33:13 UTC 2018 /home/travis/build/icyphy/ptII/ptolemy/actor/lib/test/auto/MovingMaximum.xml
----------------- Instantiating /home/travis/build/icyphy/ptII/ptolemy/actor/lib/test/auto/MovingMaximum.xml
1 ms. Memory: 1554432K Free: 636910K (41%)
----------------- Invoking toplevel() on ptolemy.moml.MoMLSimpleApplication@710a133
----------------- Done invoking toplevel() on ptolemy.moml.MoMLSimpleApplication@710a133
reloadAllAccessors: .MovingMaximum

===========================================================================================
----------------- testing Mon Oct 29 02:33:14 UTC 2018 /home/travis/build/icyphy/ptII/ptolemy/actor/lib/test/auto/MultipleLinksToSameRelation.xml
----------------- Instantiating /home/travis/build/icyphy/ptII/ptolemy/actor/lib/test/auto/MultipleLinksToSameRelation.xml
1 ms. Memory: 1554432K Free: 622369K (40%)
----------------- Invoking toplevel() on ptolemy.moml.MoMLSimpleApplication@29f2a5f8
----------------- Done invoking toplevel() on ptolemy.moml.MoMLSimpleApplication@29f2a5f8
reloadAllAccessors: .MultipleLinksToSameRelation

===========================================================================================
----------------- testing Mon Oct 29 02:33:14 UTC 2018 /home/travis/build/icyphy/ptII/ptolemy/actor/lib/test/auto/MultipleLinksToSameRelationDE.xml
----------------- Instantiating /home/travis/build/icyphy/ptII/ptolemy/actor/lib/test/auto/MultipleLinksToSameRelationDE.xml
1 ms. Memory: 1554432K Free: 600039K (39%)
----------------- Invoking toplevel() on ptolemy.moml.MoMLSimpleApplication@4b5e99e9
----------------- Done invoking toplevel() on ptolemy.moml.MoMLSimpleApplication@4b5e99e9
reloadAllAccessors: .MultipleLinksToSameRelationDE

===========================================================================================
----------------- testing Mon Oct 29 02:33:14 UTC 2018 /home/travis/build/icyphy/ptII/ptolemy/actor/lib/test/auto/Multiplexor.xml
----------------- Instantiating /home/travis/build/icyphy/ptII/ptolemy/actor/lib/test/auto/Multiplexor.xml
1 ms. Memory: 1554432K Free: 585498K (38%)
----------------- Invoking toplevel() on ptolemy.moml.MoMLSimpleApplication@55c062e7
----------------- Done invoking toplevel() on ptolemy.moml.MoMLSimpleApplication@55c062e7
reloadAllAccessors: .Multiplexor

===========================================================================================
----------------- testing Mon Oct 29 02:33:14 UTC 2018 /home/travis/build/icyphy/ptII/ptolemy/actor/lib/test/auto/Multiplexor1.xml
----------------- Instantiating /home/travis/build/icyphy/ptII/ptolemy/actor/lib/test/auto/Multiplexor1.xml
2 ms. Memory: 1554432K Free: 570958K (37%)
----------------- Invoking toplevel() on ptolemy.moml.MoMLSimpleApplication@cf7f8c8
----------------- Done invoking toplevel() on ptolemy.moml.MoMLSimpleApplication@cf7f8c8
reloadAllAccessors: .Multiplexor1

===========================================================================================
----------------- testing Mon Oct 29 02:33:14 UTC 2018 /home/travis/build/icyphy/ptII/ptolemy/actor/lib/test/auto/Multiplexor2.xml
----------------- Instantiating /home/travis/build/icyphy/ptII/ptolemy/actor/lib/test/auto/Multiplexor2.xml
3 ms. Memory: 1554432K Free: 548628K (35%)
----------------- Invoking toplevel() on ptolemy.moml.MoMLSimpleApplication@37a1912f
----------------- Done invoking toplevel() on ptolemy.moml.MoMLSimpleApplication@37a1912f
reloadAllAccessors: .Multiplexor2

===========================================================================================
----------------- testing Mon Oct 29 02:33:14 UTC 2018 /home/travis/build/icyphy/ptII/ptolemy/actor/lib/test/auto/Multiplexor3.xml
----------------- Instantiating /home/travis/build/icyphy/ptII/ptolemy/actor/lib/test/auto/Multiplexor3.xml
1 ms. Memory: 1554432K Free: 534087K (34%)
----------------- Invoking toplevel() on ptolemy.moml.MoMLSimpleApplication@391a8976
----------------- Done invoking toplevel() on ptolemy.moml.MoMLSimpleApplication@391a8976
reloadAllAccessors: .Multiplexor3

===========================================================================================
----------------- testing Mon Oct 29 02:33:14 UTC 2018 /home/travis/build/icyphy/ptII/ptolemy/actor/lib/test/auto/MultiplexorDE.xml
----------------- Instantiating /home/travis/build/icyphy/ptII/ptolemy/actor/lib/test/auto/MultiplexorDE.xml
2 ms. Memory: 1554432K Free: 519546K (33%)
----------------- Invoking toplevel() on ptolemy.moml.MoMLSimpleApplication@34bb7b84
----------------- Done invoking toplevel() on ptolemy.moml.MoMLSimpleApplication@34bb7b84
reloadAllAccessors: .MultiplexorDE

===========================================================================================
----------------- testing Mon Oct 29 02:33:14 UTC 2018 /home/travis/build/icyphy/ptII/ptolemy/actor/lib/test/auto/MultiportBroadcastTest.xml
----------------- Instantiating /home/travis/build/icyphy/ptII/ptolemy/actor/lib/test/auto/MultiportBroadcastTest.xml
71 ms. Memory: 1554432K Free: 497216K (32%)
----------------- Invoking toplevel() on ptolemy.moml.MoMLSimpleApplication@baa9508
----------------- Done invoking toplevel() on ptolemy.moml.MoMLSimpleApplication@baa9508
reloadAllAccessors: .MultiportBroadcastTest

===========================================================================================
----------------- testing Mon Oct 29 02:33:14 UTC 2018 /home/travis/build/icyphy/ptII/ptolemy/actor/lib/test/auto/MultiportOutHangDuringGetWidth.xml
----------------- Instantiating /home/travis/build/icyphy/ptII/ptolemy/actor/lib/test/auto/MultiportOutHangDuringGetWidth.xml
4 ms. Memory: 1554432K Free: 475389K (31%)
----------------- Invoking toplevel() on ptolemy.moml.MoMLSimpleApplication@6d50696a
----------------- Done invoking toplevel() on ptolemy.moml.MoMLSimpleApplication@6d50696a
reloadAllAccessors: .MultiportOutHangDuringGetWidth

===========================================================================================
----------------- testing Mon Oct 29 02:33:14 UTC 2018 /home/travis/build/icyphy/ptII/ptolemy/actor/lib/test/auto/NilToken.xml
----------------- Instantiating /home/travis/build/icyphy/ptII/ptolemy/actor/lib/test/auto/NilToken.xml
2 ms. Memory: 1554432K Free: 460848K (30%)
----------------- Invoking toplevel() on ptolemy.moml.MoMLSimpleApplication@f6b90f5
----------------- Done invoking toplevel() on ptolemy.moml.MoMLSimpleApplication@f6b90f5
reloadAllAccessors: .NilToken

===========================================================================================
----------------- testing Mon Oct 29 02:33:14 UTC 2018 /home/travis/build/icyphy/ptII/ptolemy/actor/lib/test/auto/NilTokenNonStrictTest.xml
----------------- Instantiating /home/travis/build/icyphy/ptII/ptolemy/actor/lib/test/auto/NilTokenNonStrictTest.xml
2 ms. Memory: 1554432K Free: 446307K (29%)
----------------- Invoking toplevel() on ptolemy.moml.MoMLSimpleApplication@6e479993
----------------- Done invoking toplevel() on ptolemy.moml.MoMLSimpleApplication@6e479993
reloadAllAccessors: .NilTokenNonStrictTest

===========================================================================================
----------------- testing Mon Oct 29 02:33:14 UTC 2018 /home/travis/build/icyphy/ptII/ptolemy/actor/lib/test/auto/NilTokenRecord.xml
----------------- Instantiating /home/travis/build/icyphy/ptII/ptolemy/actor/lib/test/auto/NilTokenRecord.xml
5 ms. Memory: 1554432K Free: 423977K (27%)
----------------- Invoking toplevel() on ptolemy.moml.MoMLSimpleApplication@7c4e3208
----------------- Done invoking toplevel() on ptolemy.moml.MoMLSimpleApplication@7c4e3208
reloadAllAccessors: .NilTokenRecord

===========================================================================================
----------------- testing Mon Oct 29 02:33:14 UTC 2018 /home/travis/build/icyphy/ptII/ptolemy/actor/lib/test/auto/NilTokenTypeTest.xml
----------------- Instantiating /home/travis/build/icyphy/ptII/ptolemy/actor/lib/test/auto/NilTokenTypeTest.xml
6 ms. Memory: 1554432K Free: 402166K (26%)
----------------- Invoking toplevel() on ptolemy.moml.MoMLSimpleApplication@1038bc25
----------------- Done invoking toplevel() on ptolemy.moml.MoMLSimpleApplication@1038bc25
reloadAllAccessors: .NilTokenTypeTest

===========================================================================================
----------------- testing Mon Oct 29 02:33:14 UTC 2018 /home/travis/build/icyphy/ptII/ptolemy/actor/lib/test/auto/ObjectToken1.xml
----------------- Instantiating /home/travis/build/icyphy/ptII/ptolemy/actor/lib/test/auto/ObjectToken1.xml
2 ms. Memory: 1554432K Free: 387625K (25%)
----------------- Invoking toplevel() on ptolemy.moml.MoMLSimpleApplication@5028974f
----------------- Done invoking toplevel() on ptolemy.moml.MoMLSimpleApplication@5028974f
reloadAllAccessors: .ObjectToken1

===========================================================================================
----------------- testing Mon Oct 29 02:33:14 UTC 2018 /home/travis/build/icyphy/ptII/ptolemy/actor/lib/test/auto/OrderedMerge.xml
----------------- Instantiating /home/travis/build/icyphy/ptII/ptolemy/actor/lib/test/auto/OrderedMerge.xml
5 ms. Memory: 1554432K Free: 336213K (22%)
----------------- Invoking toplevel() on ptolemy.moml.MoMLSimpleApplication@1b0b0433
----------------- Done invoking toplevel() on ptolemy.moml.MoMLSimpleApplication@1b0b0433
reloadAllAccessors: .OrderedMerge

===========================================================================================
----------------- testing Mon Oct 29 02:33:14 UTC 2018 /home/travis/build/icyphy/ptII/ptolemy/actor/lib/test/auto/OrderedRecordDisassembler.xml
----------------- Instantiating /home/travis/build/icyphy/ptII/ptolemy/actor/lib/test/auto/OrderedRecordDisassembler.xml
3 ms. Memory: 1554432K Free: 321672K (21%)
----------------- Invoking toplevel() on ptolemy.moml.MoMLSimpleApplication@428f5743
----------------- Done invoking toplevel() on ptolemy.moml.MoMLSimpleApplication@428f5743
reloadAllAccessors: .OrderedRecordDisassembler

===========================================================================================
----------------- testing Mon Oct 29 02:33:14 UTC 2018 /home/travis/build/icyphy/ptII/ptolemy/actor/lib/test/auto/OrderedRecordDisassembler2.xml
----------------- Instantiating /home/travis/build/icyphy/ptII/ptolemy/actor/lib/test/auto/OrderedRecordDisassembler2.xml
3 ms. Memory: 1554432K Free: 307131K (20%)
----------------- Invoking toplevel() on ptolemy.moml.MoMLSimpleApplication@5d05da8e
----------------- Done invoking toplevel() on ptolemy.moml.MoMLSimpleApplication@5d05da8e
reloadAllAccessors: .OrderedRecordDisassembler2

===========================================================================================
----------------- testing Mon Oct 29 02:33:14 UTC 2018 /home/travis/build/icyphy/ptII/ptolemy/actor/lib/test/auto/OrderedRecordUpdater.xml
----------------- Instantiating /home/travis/build/icyphy/ptII/ptolemy/actor/lib/test/auto/OrderedRecordUpdater.xml
2 ms. Memory: 1554432K Free: 284802K (18%)
----------------- Invoking toplevel() on ptolemy.moml.MoMLSimpleApplication@335f3542
----------------- Done invoking toplevel() on ptolemy.moml.MoMLSimpleApplication@335f3542
reloadAllAccessors: .RecordUpdater

===========================================================================================
----------------- testing Mon Oct 29 02:33:14 UTC 2018 /home/travis/build/icyphy/ptII/ptolemy/actor/lib/test/auto/OrderedRecordUpdater2.xml
----------------- Instantiating /home/travis/build/icyphy/ptII/ptolemy/actor/lib/test/auto/OrderedRecordUpdater2.xml
2 ms. Memory: 1554432K Free: 270261K (17%)
----------------- Invoking toplevel() on ptolemy.moml.MoMLSimpleApplication@687a67e0
----------------- Done invoking toplevel() on ptolemy.moml.MoMLSimpleApplication@687a67e0
reloadAllAccessors: .RecordUpdater2

===========================================================================================
----------------- testing Mon Oct 29 02:33:14 UTC 2018 /home/travis/build/icyphy/ptII/ptolemy/actor/lib/test/auto/PhaseUnwrap.xml
----------------- Instantiating /home/travis/build/icyphy/ptII/ptolemy/actor/lib/test/auto/PhaseUnwrap.xml
2 ms. Memory: 1554432K Free: 255720K (16%)
----------------- Invoking toplevel() on ptolemy.moml.MoMLSimpleApplication@730cd620
----------------- Done invoking toplevel() on ptolemy.moml.MoMLSimpleApplication@730cd620
reloadAllAccessors: .PhaseUnwrap

===========================================================================================
----------------- testing Mon Oct 29 02:33:14 UTC 2018 /home/travis/build/icyphy/ptII/ptolemy/actor/lib/test/auto/PoissonClock.xml
----------------- Instantiating /home/travis/build/icyphy/ptII/ptolemy/actor/lib/test/auto/PoissonClock.xml
1 ms. Memory: 1554432K Free: 241179K (16%)
----------------- Invoking toplevel() on ptolemy.moml.MoMLSimpleApplication@61de78e9
----------------- Done invoking toplevel() on ptolemy.moml.MoMLSimpleApplication@61de78e9
reloadAllAccessors: .PoissonClock

===========================================================================================
----------------- testing Mon Oct 29 02:33:14 UTC 2018 /home/travis/build/icyphy/ptII/ptolemy/actor/lib/test/auto/PoissonClock2.xml
----------------- Instantiating /home/travis/build/icyphy/ptII/ptolemy/actor/lib/test/auto/PoissonClock2.xml
1 ms. Memory: 1554432K Free: 218849K (14%)
----------------- Invoking toplevel() on ptolemy.moml.MoMLSimpleApplication@26662db6
----------------- Done invoking toplevel() on ptolemy.moml.MoMLSimpleApplication@26662db6
reloadAllAccessors: .PoissonClock2

===========================================================================================
----------------- testing Mon Oct 29 02:33:14 UTC 2018 /home/travis/build/icyphy/ptII/ptolemy/actor/lib/test/auto/PoissonClock3.xml
----------------- Instantiating /home/travis/build/icyphy/ptII/ptolemy/actor/lib/test/auto/PoissonClock3.xml
2 ms. Memory: 1554432K Free: 204308K (13%)
----------------- Invoking toplevel() on ptolemy.moml.MoMLSimpleApplication@13a47fb8
----------------- Done invoking toplevel() on ptolemy.moml.MoMLSimpleApplication@13a47fb8
reloadAllAccessors: .PoissonClock3

===========================================================================================
----------------- testing Mon Oct 29 02:33:14 UTC 2018 /home/travis/build/icyphy/ptII/ptolemy/actor/lib/test/auto/PubSubWithInitialTokens.xml
----------------- Instantiating /home/travis/build/icyphy/ptII/ptolemy/actor/lib/test/auto/PubSubWithInitialTokens.xml
3 ms. Memory: 1554432K Free: 189767K (12%)
----------------- Invoking toplevel() on ptolemy.moml.MoMLSimpleApplication@47b91456
----------------- Done invoking toplevel() on ptolemy.moml.MoMLSimpleApplication@47b91456
reloadAllAccessors: .PubSubWithInitialTokens

===========================================================================================
----------------- testing Mon Oct 29 02:33:14 UTC 2018 /home/travis/build/icyphy/ptII/ptolemy/actor/lib/test/auto/PubSubWithInitialTokens2.xml
----------------- Instantiating /home/travis/build/icyphy/ptII/ptolemy/actor/lib/test/auto/PubSubWithInitialTokens2.xml
3 ms. Memory: 1554432K Free: 167438K (11%)
----------------- Invoking toplevel() on ptolemy.moml.MoMLSimpleApplication@77f2de16
----------------- Done invoking toplevel() on ptolemy.moml.MoMLSimpleApplication@77f2de16
reloadAllAccessors: .PubSubWithInitialTokens2

===========================================================================================
----------------- testing Mon Oct 29 02:33:14 UTC 2018 /home/travis/build/icyphy/ptII/ptolemy/actor/lib/test/auto/PublisherClassNoParameter.xml
----------------- Instantiating /home/travis/build/icyphy/ptII/ptolemy/actor/lib/test/auto/PublisherClassNoParameter.xml
3 ms. Memory: 1554432K Free: 145618K (9%)
----------------- Invoking toplevel() on ptolemy.moml.MoMLSimpleApplication@1a6a8156
----------------- Done invoking toplevel() on ptolemy.moml.MoMLSimpleApplication@1a6a8156
reloadAllAccessors: .PublisherClassNoParameter

===========================================================================================
----------------- testing Mon Oct 29 02:33:14 UTC 2018 /home/travis/build/icyphy/ptII/ptolemy/actor/lib/test/auto/PublisherClassParameter.xml
----------------- Instantiating /home/travis/build/icyphy/ptII/ptolemy/actor/lib/test/auto/PublisherClassParameter.xml
2 ms. Memory: 1554432K Free: 123807K (8%)
----------------- Invoking toplevel() on ptolemy.moml.MoMLSimpleApplication@692fb14a
----------------- Done invoking toplevel() on ptolemy.moml.MoMLSimpleApplication@692fb14a
reloadAllAccessors: .PublisherClassParameter

===========================================================================================
----------------- testing Mon Oct 29 02:33:14 UTC 2018 /home/travis/build/icyphy/ptII/ptolemy/actor/lib/test/auto/PublisherNonStrictTest.xml
----------------- Instantiating /home/travis/build/icyphy/ptII/ptolemy/actor/lib/test/auto/PublisherNonStrictTest.xml
4 ms. Memory: 1554432K Free: 101477K (7%)
----------------- Invoking toplevel() on ptolemy.moml.MoMLSimpleApplication@4407ba79
----------------- Done invoking toplevel() on ptolemy.moml.MoMLSimpleApplication@4407ba79
reloadAllAccessors: .PublisherNonStrictTest

===========================================================================================
----------------- testing Mon Oct 29 02:33:14 UTC 2018 /home/travis/build/icyphy/ptII/ptolemy/actor/lib/test/auto/PublisherPort1.xml
----------------- Instantiating /home/travis/build/icyphy/ptII/ptolemy/actor/lib/test/auto/PublisherPort1.xml
3 ms. Memory: 1554432K Free: 86936K (6%)
----------------- Invoking toplevel() on ptolemy.moml.MoMLSimpleApplication@7a3f64a2
----------------- Done invoking toplevel() on ptolemy.moml.MoMLSimpleApplication@7a3f64a2
reloadAllAccessors: .PublisherPort1

===========================================================================================
----------------- testing Mon Oct 29 02:33:14 UTC 2018 /home/travis/build/icyphy/ptII/ptolemy/actor/lib/test/auto/PublisherPort2.xml
----------------- Instantiating /home/travis/build/icyphy/ptII/ptolemy/actor/lib/test/auto/PublisherPort2.xml
2 ms. Memory: 1554432K Free: 72396K (5%)
----------------- Invoking toplevel() on ptolemy.moml.MoMLSimpleApplication@72194b9a
----------------- Done invoking toplevel() on ptolemy.moml.MoMLSimpleApplication@72194b9a
reloadAllAccessors: .PublisherPort2

===========================================================================================
----------------- testing Mon Oct 29 02:33:14 UTC 2018 /home/travis/build/icyphy/ptII/ptolemy/actor/lib/test/auto/PublisherPort3.xml
----------------- Instantiating /home/travis/build/icyphy/ptII/ptolemy/actor/lib/test/auto/PublisherPort3.xml
3 ms. Memory: 1768448K Free: 1716985K (97%)
----------------- Invoking toplevel() on ptolemy.moml.MoMLSimpleApplication@3b0b1700
----------------- Done invoking toplevel() on ptolemy.moml.MoMLSimpleApplication@3b0b1700
reloadAllAccessors: .PublisherPort3

===========================================================================================
----------------- testing Mon Oct 29 02:33:14 UTC 2018 /home/travis/build/icyphy/ptII/ptolemy/actor/lib/test/auto/PublisherPort4.xml
----------------- Instantiating /home/travis/build/icyphy/ptII/ptolemy/actor/lib/test/auto/PublisherPort4.xml
6 ms. Memory: 1768448K Free: 1693231K (96%)
----------------- Invoking toplevel() on ptolemy.moml.MoMLSimpleApplication@2cbbd010
----------------- Done invoking toplevel() on ptolemy.moml.MoMLSimpleApplication@2cbbd010
reloadAllAccessors: .PublisherPort4

===========================================================================================
----------------- testing Mon Oct 29 02:33:14 UTC 2018 /home/travis/build/icyphy/ptII/ptolemy/actor/lib/test/auto/PublisherPort5.xml
----------------- Instantiating /home/travis/build/icyphy/ptII/ptolemy/actor/lib/test/auto/PublisherPort5.xml
4 ms. Memory: 1768448K Free: 1676729K (95%)
----------------- Invoking toplevel() on ptolemy.moml.MoMLSimpleApplication@1d788304
----------------- Done invoking toplevel() on ptolemy.moml.MoMLSimpleApplication@1d788304
reloadAllAccessors: .PublisherPort5

===========================================================================================
----------------- testing Mon Oct 29 02:33:14 UTC 2018 /home/travis/build/icyphy/ptII/ptolemy/actor/lib/test/auto/PublisherPort5LookAlike.xml
----------------- Instantiating /home/travis/build/icyphy/ptII/ptolemy/actor/lib/test/auto/PublisherPort5LookAlike.xml
7 ms. Memory: 1768448K Free: 1660082K (94%)
----------------- Invoking toplevel() on ptolemy.moml.MoMLSimpleApplication@19de3b09
----------------- Done invoking toplevel() on ptolemy.moml.MoMLSimpleApplication@19de3b09
reloadAllAccessors: .PublisherPort5LookAlike

===========================================================================================
----------------- testing Mon Oct 29 02:33:14 UTC 2018 /home/travis/build/icyphy/ptII/ptolemy/actor/lib/test/auto/PublisherPort6.xml
----------------- Instantiating /home/travis/build/icyphy/ptII/ptolemy/actor/lib/test/auto/PublisherPort6.xml
2 ms. Memory: 1768448K Free: 1636328K (93%)
----------------- Invoking toplevel() on ptolemy.moml.MoMLSimpleApplication@61947a0c
----------------- Done invoking toplevel() on ptolemy.moml.MoMLSimpleApplication@61947a0c
reloadAllAccessors: .PublisherPort6

===========================================================================================
----------------- testing Mon Oct 29 02:33:14 UTC 2018 /home/travis/build/icyphy/ptII/ptolemy/actor/lib/test/auto/PublisherPort7.xml
----------------- Instantiating /home/travis/build/icyphy/ptII/ptolemy/actor/lib/test/auto/PublisherPort7.xml
3 ms. Memory: 1768448K Free: 1619826K (92%)
----------------- Invoking toplevel() on ptolemy.moml.MoMLSimpleApplication@1711a484
----------------- Done invoking toplevel() on ptolemy.moml.MoMLSimpleApplication@1711a484
reloadAllAccessors: .PublisherPort7

===========================================================================================
----------------- testing Mon Oct 29 02:33:14 UTC 2018 /home/travis/build/icyphy/ptII/ptolemy/actor/lib/test/auto/PublisherPort8.xml
----------------- Instantiating /home/travis/build/icyphy/ptII/ptolemy/actor/lib/test/auto/PublisherPort8.xml
3 ms. Memory: 1768448K Free: 1603325K (91%)
----------------- Invoking toplevel() on ptolemy.moml.MoMLSimpleApplication@3954c733
----------------- Done invoking toplevel() on ptolemy.moml.MoMLSimpleApplication@3954c733
reloadAllAccessors: .PublisherPort8

===========================================================================================
----------------- testing Mon Oct 29 02:33:14 UTC 2018 /home/travis/build/icyphy/ptII/ptolemy/actor/lib/test/auto/PublisherPortSubscriberChannelVariablesAOC2.xml
----------------- Instantiating /home/travis/build/icyphy/ptII/ptolemy/actor/lib/test/auto/PublisherPortSubscriberChannelVariablesAOC2.xml
3 ms. Memory: 1768448K Free: 1571319K (89%)
----------------- Invoking toplevel() on ptolemy.moml.MoMLSimpleApplication@62cb9850
----------------- Done invoking toplevel() on ptolemy.moml.MoMLSimpleApplication@62cb9850
reloadAllAccessors: .PublisherPortSubscriberChannelVariablesAOC2

===========================================================================================
----------------- testing Mon Oct 29 02:33:14 UTC 2018 /home/travis/build/icyphy/ptII/ptolemy/actor/lib/test/auto/PublisherPortSubscriberOpaqueWidthInference.xml
----------------- Instantiating /home/travis/build/icyphy/ptII/ptolemy/actor/lib/test/auto/PublisherPortSubscriberOpaqueWidthInference.xml
3 ms. Memory: 1768448K Free: 1554817K (88%)
----------------- Invoking toplevel() on ptolemy.moml.MoMLSimpleApplication@3c529e91
----------------- Done invoking toplevel() on ptolemy.moml.MoMLSimpleApplication@3c529e91
reloadAllAccessors: .PublisherPortSubscriberOpaqueWidthInference

===========================================================================================
----------------- testing Mon Oct 29 02:33:14 UTC 2018 /home/travis/build/icyphy/ptII/ptolemy/actor/lib/test/auto/PublisherPortSubscriberPortAdjacent.xml
----------------- Instantiating /home/travis/build/icyphy/ptII/ptolemy/actor/lib/test/auto/PublisherPortSubscriberPortAdjacent.xml
2 ms. Memory: 1768448K Free: 1538316K (87%)
----------------- Invoking toplevel() on ptolemy.moml.MoMLSimpleApplication@d12dcdd
----------------- Done invoking toplevel() on ptolemy.moml.MoMLSimpleApplication@d12dcdd
reloadAllAccessors: .PublisherPortSubscriberPortAdjacent

===========================================================================================
----------------- testing Mon Oct 29 02:33:14 UTC 2018 /home/travis/build/icyphy/ptII/ptolemy/actor/lib/test/auto/PublisherPortSubscriberPortExpression.xml
----------------- Instantiating /home/travis/build/icyphy/ptII/ptolemy/actor/lib/test/auto/PublisherPortSubscriberPortExpression.xml
3 ms. Memory: 1768448K Free: 1514561K (86%)
----------------- Invoking toplevel() on ptolemy.moml.MoMLSimpleApplication@73f94bf0
----------------- Done invoking toplevel() on ptolemy.moml.MoMLSimpleApplication@73f94bf0
reloadAllAccessors: .PublisherPortSubscriberPortExpression

===========================================================================================
----------------- testing Mon Oct 29 02:33:14 UTC 2018 /home/travis/build/icyphy/ptII/ptolemy/actor/lib/test/auto/PublisherPortSubscriberPortOpaqueD3Reverse.xml
----------------- Instantiating /home/travis/build/icyphy/ptII/ptolemy/actor/lib/test/auto/PublisherPortSubscriberPortOpaqueD3Reverse.xml
6 ms. Memory: 1768448K Free: 1498060K (85%)
----------------- Invoking toplevel() on ptolemy.moml.MoMLSimpleApplication@39c69461
----------------- Done invoking toplevel() on ptolemy.moml.MoMLSimpleApplication@39c69461
reloadAllAccessors: .PublisherPortSubscriberPortOpaqueD3Reverse

===========================================================================================
----------------- testing Mon Oct 29 02:33:14 UTC 2018 /home/travis/build/icyphy/ptII/ptolemy/actor/lib/test/auto/PublisherPortSubscriberPortOpaqueWidthInference.xml
----------------- Instantiating /home/travis/build/icyphy/ptII/ptolemy/actor/lib/test/auto/PublisherPortSubscriberPortOpaqueWidthInference.xml
3 ms. Memory: 1768448K Free: 1481558K (84%)
----------------- Invoking toplevel() on ptolemy.moml.MoMLSimpleApplication@6010620c
----------------- Done invoking toplevel() on ptolemy.moml.MoMLSimpleApplication@6010620c
reloadAllAccessors: .PublisherPortSubscriberPortOpaqueWidthInference

===========================================================================================
----------------- testing Mon Oct 29 02:33:14 UTC 2018 /home/travis/build/icyphy/ptII/ptolemy/actor/lib/test/auto/PublisherPortToplevelSubscriberPortAOC.xml
----------------- Instantiating /home/travis/build/icyphy/ptII/ptolemy/actor/lib/test/auto/PublisherPortToplevelSubscriberPortAOC.xml
.PublisherPortToplevelSubscriberPortAOC.TestExceptionAttribute: initialize() was not invoked, but wrapup() was.  This is unusual, but not always a problem.  For example, exporting JNLP will do this.
0 ms. Memory: 1768448K Free: 1457803K (82%)
----------------- Invoking toplevel() on ptolemy.moml.MoMLSimpleApplication@42d490e
----------------- Done invoking toplevel() on ptolemy.moml.MoMLSimpleApplication@42d490e
reloadAllAccessors: .PublisherPortToplevelSubscriberPortAOC

===========================================================================================
----------------- testing Mon Oct 29 02:33:14 UTC 2018 /home/travis/build/icyphy/ptII/ptolemy/actor/lib/test/auto/PublisherSubscriber.xml
----------------- Instantiating /home/travis/build/icyphy/ptII/ptolemy/actor/lib/test/auto/PublisherSubscriber.xml
2 ms. Memory: 1768448K Free: 1441302K (82%)
----------------- Invoking toplevel() on ptolemy.moml.MoMLSimpleApplication@59d2ce3
----------------- Done invoking toplevel() on ptolemy.moml.MoMLSimpleApplication@59d2ce3
reloadAllAccessors: .PublisherSubscriber

===========================================================================================
----------------- testing Mon Oct 29 02:33:14 UTC 2018 /home/travis/build/icyphy/ptII/ptolemy/actor/lib/test/auto/PublisherSubscriber10.xml
----------------- Instantiating /home/travis/build/icyphy/ptII/ptolemy/actor/lib/test/auto/PublisherSubscriber10.xml
5 ms. Memory: 1768448K Free: 1424800K (81%)
----------------- Invoking toplevel() on ptolemy.moml.MoMLSimpleApplication@55d8fc04
----------------- Done invoking toplevel() on ptolemy.moml.MoMLSimpleApplication@55d8fc04
reloadAllAccessors: .PublisherSubscriber10

===========================================================================================
----------------- testing Mon Oct 29 02:33:14 UTC 2018 /home/travis/build/icyphy/ptII/ptolemy/actor/lib/test/auto/PublisherSubscriber10InitialOutputs.xml
----------------- Instantiating /home/travis/build/icyphy/ptII/ptolemy/actor/lib/test/auto/PublisherSubscriber10InitialOutputs.xml
8 ms. Memory: 1768448K Free: 1401046K (79%)
----------------- Invoking toplevel() on ptolemy.moml.MoMLSimpleApplication@7a69be00
----------------- Done invoking toplevel() on ptolemy.moml.MoMLSimpleApplication@7a69be00
reloadAllAccessors: .PublisherSubscriber10InitialOutputs

===========================================================================================
----------------- testing Mon Oct 29 02:33:14 UTC 2018 /home/travis/build/icyphy/ptII/ptolemy/actor/lib/test/auto/PublisherSubscriber11.xml
----------------- Instantiating /home/travis/build/icyphy/ptII/ptolemy/actor/lib/test/auto/PublisherSubscriber11.xml
3 ms. Memory: 1768448K Free: 1384544K (78%)
----------------- Invoking toplevel() on ptolemy.moml.MoMLSimpleApplication@1445ce6c
----------------- Done invoking toplevel() on ptolemy.moml.MoMLSimpleApplication@1445ce6c
reloadAllAccessors: .PublisherSubscriber11

===========================================================================================
----------------- testing Mon Oct 29 02:33:15 UTC 2018 /home/travis/build/icyphy/ptII/ptolemy/actor/lib/test/auto/PublisherSubscriber12.xml
----------------- Instantiating /home/travis/build/icyphy/ptII/ptolemy/actor/lib/test/auto/PublisherSubscriber12.xml
6 ms. Memory: 1768448K Free: 1368042K (77%)
----------------- Invoking toplevel() on ptolemy.moml.MoMLSimpleApplication@28fb5311
----------------- Done invoking toplevel() on ptolemy.moml.MoMLSimpleApplication@28fb5311
reloadAllAccessors: .PublisherSubscriber12

===========================================================================================
----------------- testing Mon Oct 29 02:33:15 UTC 2018 /home/travis/build/icyphy/ptII/ptolemy/actor/lib/test/auto/PublisherSubscriber13.xml
----------------- Instantiating /home/travis/build/icyphy/ptII/ptolemy/actor/lib/test/auto/PublisherSubscriber13.xml
2 ms. Memory: 1768448K Free: 1344287K (76%)
----------------- Invoking toplevel() on ptolemy.moml.MoMLSimpleApplication@1e8703c9
----------------- Done invoking toplevel() on ptolemy.moml.MoMLSimpleApplication@1e8703c9
reloadAllAccessors: .PublisherSubscriber13

===========================================================================================
----------------- testing Mon Oct 29 02:33:15 UTC 2018 /home/travis/build/icyphy/ptII/ptolemy/actor/lib/test/auto/PublisherSubscriber14.xml
----------------- Instantiating /home/travis/build/icyphy/ptII/ptolemy/actor/lib/test/auto/PublisherSubscriber14.xml
2 ms. Memory: 1768448K Free: 1327786K (75%)
----------------- Invoking toplevel() on ptolemy.moml.MoMLSimpleApplication@41457d18
----------------- Done invoking toplevel() on ptolemy.moml.MoMLSimpleApplication@41457d18
reloadAllAccessors: .PublisherSubscriber14

===========================================================================================
----------------- testing Mon Oct 29 02:33:15 UTC 2018 /home/travis/build/icyphy/ptII/ptolemy/actor/lib/test/auto/PublisherSubscriber2.xml
----------------- Instantiating /home/travis/build/icyphy/ptII/ptolemy/actor/lib/test/auto/PublisherSubscriber2.xml
3 ms. Memory: 1768448K Free: 1311284K (74%)
----------------- Invoking toplevel() on ptolemy.moml.MoMLSimpleApplication@1548fd2c
----------------- Done invoking toplevel() on ptolemy.moml.MoMLSimpleApplication@1548fd2c
reloadAllAccessors: .PublisherSubscriber2

===========================================================================================
----------------- testing Mon Oct 29 02:33:15 UTC 2018 /home/travis/build/icyphy/ptII/ptolemy/actor/lib/test/auto/PublisherSubscriber3.xml
----------------- Instantiating /home/travis/build/icyphy/ptII/ptolemy/actor/lib/test/auto/PublisherSubscriber3.xml
2 ms. Memory: 1768448K Free: 1287529K (73%)
----------------- Invoking toplevel() on ptolemy.moml.MoMLSimpleApplication@117be6c9
----------------- Done invoking toplevel() on ptolemy.moml.MoMLSimpleApplication@117be6c9
reloadAllAccessors: .PublisherSubscriber3

===========================================================================================
----------------- testing Mon Oct 29 02:33:15 UTC 2018 /home/travis/build/icyphy/ptII/ptolemy/actor/lib/test/auto/PublisherSubscriber4.xml
----------------- Instantiating /home/travis/build/icyphy/ptII/ptolemy/actor/lib/test/auto/PublisherSubscriber4.xml
2 ms. Memory: 1768448K Free: 1271028K (72%)
----------------- Invoking toplevel() on ptolemy.moml.MoMLSimpleApplication@750dc96a
----------------- Done invoking toplevel() on ptolemy.moml.MoMLSimpleApplication@750dc96a
reloadAllAccessors: .PublisherSubscriber4

===========================================================================================
----------------- testing Mon Oct 29 02:33:15 UTC 2018 /home/travis/build/icyphy/ptII/ptolemy/actor/lib/test/auto/PublisherSubscriber5.xml
----------------- Instantiating /home/travis/build/icyphy/ptII/ptolemy/actor/lib/test/auto/PublisherSubscriber5.xml
2 ms. Memory: 1768448K Free: 1254526K (71%)
----------------- Invoking toplevel() on ptolemy.moml.MoMLSimpleApplication@ae4a4cd
----------------- Done invoking toplevel() on ptolemy.moml.MoMLSimpleApplication@ae4a4cd
reloadAllAccessors: .PublisherSubscriber5

===========================================================================================
----------------- testing Mon Oct 29 02:33:15 UTC 2018 /home/travis/build/icyphy/ptII/ptolemy/actor/lib/test/auto/PublisherSubscriber6.xml
----------------- Instantiating /home/travis/build/icyphy/ptII/ptolemy/actor/lib/test/auto/PublisherSubscriber6.xml
4 ms. Memory: 1768448K Free: 1230771K (70%)
----------------- Invoking toplevel() on ptolemy.moml.MoMLSimpleApplication@2fc49cad
----------------- Done invoking toplevel() on ptolemy.moml.MoMLSimpleApplication@2fc49cad
reloadAllAccessors: .PublisherSubscriber6

===========================================================================================
----------------- testing Mon Oct 29 02:33:15 UTC 2018 /home/travis/build/icyphy/ptII/ptolemy/actor/lib/test/auto/PublisherSubscriber7.xml
----------------- Instantiating /home/travis/build/icyphy/ptII/ptolemy/actor/lib/test/auto/PublisherSubscriber7.xml
6 ms. Memory: 1768448K Free: 1214269K (69%)
----------------- Invoking toplevel() on ptolemy.moml.MoMLSimpleApplication@4aea4f23
----------------- Done invoking toplevel() on ptolemy.moml.MoMLSimpleApplication@4aea4f23
reloadAllAccessors: .PublisherSubscriber7

===========================================================================================
----------------- testing Mon Oct 29 02:33:15 UTC 2018 /home/travis/build/icyphy/ptII/ptolemy/actor/lib/test/auto/PublisherSubscriber8.xml
----------------- Instantiating /home/travis/build/icyphy/ptII/ptolemy/actor/lib/test/auto/PublisherSubscriber8.xml
23 ms. Memory: 1768448K Free: 1115258K (63%)
----------------- Invoking toplevel() on ptolemy.moml.MoMLSimpleApplication@5c441158
----------------- Done invoking toplevel() on ptolemy.moml.MoMLSimpleApplication@5c441158
reloadAllAccessors: .PublisherSubscriber8

===========================================================================================
----------------- testing Mon Oct 29 02:33:15 UTC 2018 /home/travis/build/icyphy/ptII/ptolemy/actor/lib/test/auto/PublisherSubscriber9.xml
----------------- Instantiating /home/travis/build/icyphy/ptII/ptolemy/actor/lib/test/auto/PublisherSubscriber9.xml
5 ms. Memory: 1768448K Free: 1091504K (62%)
----------------- Invoking toplevel() on ptolemy.moml.MoMLSimpleApplication@45825c79
----------------- Done invoking toplevel() on ptolemy.moml.MoMLSimpleApplication@45825c79
reloadAllAccessors: .PublisherSubscriber9

===========================================================================================
----------------- testing Mon Oct 29 02:33:15 UTC 2018 /home/travis/build/icyphy/ptII/ptolemy/actor/lib/test/auto/PublisherSubscriberAdjacent.xml
----------------- Instantiating /home/travis/build/icyphy/ptII/ptolemy/actor/lib/test/auto/PublisherSubscriberAdjacent.xml
2 ms. Memory: 1768448K Free: 1075002K (61%)
----------------- Invoking toplevel() on ptolemy.moml.MoMLSimpleApplication@17d2a5d1
----------------- Done invoking toplevel() on ptolemy.moml.MoMLSimpleApplication@17d2a5d1
reloadAllAccessors: .PublisherSubscriberAdjacent

===========================================================================================
----------------- testing Mon Oct 29 02:33:15 UTC 2018 /home/travis/build/icyphy/ptII/ptolemy/actor/lib/test/auto/PublisherSubscriberChannelVariablesAOC2.xml
----------------- Instantiating /home/travis/build/icyphy/ptII/ptolemy/actor/lib/test/auto/PublisherSubscriberChannelVariablesAOC2.xml
3 ms. Memory: 1768448K Free: 1050242K (59%)
----------------- Invoking toplevel() on ptolemy.moml.MoMLSimpleApplication@6da77dd
----------------- Done invoking toplevel() on ptolemy.moml.MoMLSimpleApplication@6da77dd
reloadAllAccessors: .PublisherSubscriberChannelVariablesAOC2

===========================================================================================
----------------- testing Mon Oct 29 02:33:15 UTC 2018 /home/travis/build/icyphy/ptII/ptolemy/actor/lib/test/auto/PublisherSubscriberD3.xml
----------------- Instantiating /home/travis/build/icyphy/ptII/ptolemy/actor/lib/test/auto/PublisherSubscriberD3.xml
1 ms. Memory: 1768448K Free: 1026487K (58%)
----------------- Invoking toplevel() on ptolemy.moml.MoMLSimpleApplication@3d6c9dc7
----------------- Done invoking toplevel() on ptolemy.moml.MoMLSimpleApplication@3d6c9dc7
reloadAllAccessors: .PublisherSubscriberD3

===========================================================================================
----------------- testing Mon Oct 29 02:33:15 UTC 2018 /home/travis/build/icyphy/ptII/ptolemy/actor/lib/test/auto/PublisherSubscriberD3Reverse.xml
----------------- Instantiating /home/travis/build/icyphy/ptII/ptolemy/actor/lib/test/auto/PublisherSubscriberD3Reverse.xml
1 ms. Memory: 1768448K Free: 1009986K (57%)
----------------- Invoking toplevel() on ptolemy.moml.MoMLSimpleApplication@310f4511
----------------- Done invoking toplevel() on ptolemy.moml.MoMLSimpleApplication@310f4511
reloadAllAccessors: .PublisherSubscriberD3Reverse

===========================================================================================
----------------- testing Mon Oct 29 02:33:15 UTC 2018 /home/travis/build/icyphy/ptII/ptolemy/actor/lib/test/auto/PublisherSubscriberExpression.xml
----------------- Instantiating /home/travis/build/icyphy/ptII/ptolemy/actor/lib/test/auto/PublisherSubscriberExpression.xml
3 ms. Memory: 1768448K Free: 986231K (56%)
----------------- Invoking toplevel() on ptolemy.moml.MoMLSimpleApplication@4f2223c8
----------------- Done invoking toplevel() on ptolemy.moml.MoMLSimpleApplication@4f2223c8
reloadAllAccessors: .PublisherSubscriberExpression

===========================================================================================
----------------- testing Mon Oct 29 02:33:15 UTC 2018 /home/travis/build/icyphy/ptII/ptolemy/actor/lib/test/auto/PublisherSubscriberOpaque.xml
----------------- Instantiating /home/travis/build/icyphy/ptII/ptolemy/actor/lib/test/auto/PublisherSubscriberOpaque.xml
4 ms. Memory: 1768448K Free: 969729K (55%)
----------------- Invoking toplevel() on ptolemy.moml.MoMLSimpleApplication@1295b4b9
----------------- Done invoking toplevel() on ptolemy.moml.MoMLSimpleApplication@1295b4b9
reloadAllAccessors: .PublisherSubscriberOpaque

===========================================================================================
----------------- testing Mon Oct 29 02:33:15 UTC 2018 /home/travis/build/icyphy/ptII/ptolemy/actor/lib/test/auto/PublisherSubscriberOpaqueD3.xml
----------------- Instantiating /home/travis/build/icyphy/ptII/ptolemy/actor/lib/test/auto/PublisherSubscriberOpaqueD3.xml
5 ms. Memory: 1768448K Free: 944961K (53%)
----------------- Invoking toplevel() on ptolemy.moml.MoMLSimpleApplication@dea89b5
----------------- Done invoking toplevel() on ptolemy.moml.MoMLSimpleApplication@dea89b5
reloadAllAccessors: .PublisherSubscriberOpaqueD3

===========================================================================================
----------------- testing Mon Oct 29 02:33:15 UTC 2018 /home/travis/build/icyphy/ptII/ptolemy/actor/lib/test/auto/PublisherSubscriberOpaqueD3Reverse.xml
----------------- Instantiating /home/travis/build/icyphy/ptII/ptolemy/actor/lib/test/auto/PublisherSubscriberOpaqueD3Reverse.xml
5 ms. Memory: 1768448K Free: 921206K (52%)
----------------- Invoking toplevel() on ptolemy.moml.MoMLSimpleApplication@560b3b57
----------------- Done invoking toplevel() on ptolemy.moml.MoMLSimpleApplication@560b3b57
reloadAllAccessors: .PublisherSubscriberOpaqueD3Reverse

===========================================================================================
----------------- testing Mon Oct 29 02:33:15 UTC 2018 /home/travis/build/icyphy/ptII/ptolemy/actor/lib/test/auto/PublisherSubscriberOpaqueWidthInference.xml
----------------- Instantiating /home/travis/build/icyphy/ptII/ptolemy/actor/lib/test/auto/PublisherSubscriberOpaqueWidthInference.xml
3 ms. Memory: 1768448K Free: 904704K (51%)
----------------- Invoking toplevel() on ptolemy.moml.MoMLSimpleApplication@3ccc181
----------------- Done invoking toplevel() on ptolemy.moml.MoMLSimpleApplication@3ccc181
reloadAllAccessors: .PublisherSubscriberOpaqueWidthInference

===========================================================================================
----------------- testing Mon Oct 29 02:33:15 UTC 2018 /home/travis/build/icyphy/ptII/ptolemy/actor/lib/test/auto/PublisherTestSubscriber.xml
----------------- Instantiating /home/travis/build/icyphy/ptII/ptolemy/actor/lib/test/auto/PublisherTestSubscriber.xml
2 ms. Memory: 1768448K Free: 888203K (50%)
----------------- Invoking toplevel() on ptolemy.moml.MoMLSimpleApplication@2ddb0194
----------------- Done invoking toplevel() on ptolemy.moml.MoMLSimpleApplication@2ddb0194
reloadAllAccessors: .PublisherTestSubscriber

===========================================================================================
----------------- testing Mon Oct 29 02:33:15 UTC 2018 /home/travis/build/icyphy/ptII/ptolemy/actor/lib/test/auto/PublisherToplevelSubscriberPortAOC.xml
----------------- Instantiating /home/travis/build/icyphy/ptII/ptolemy/actor/lib/test/auto/PublisherToplevelSubscriberPortAOC.xml
2 ms. Memory: 1768448K Free: 864448K (49%)
----------------- Invoking toplevel() on ptolemy.moml.MoMLSimpleApplication@74fd0089
----------------- Done invoking toplevel() on ptolemy.moml.MoMLSimpleApplication@74fd0089
reloadAllAccessors: .PublisherToplevelSubscriberPortAOC

===========================================================================================
----------------- testing Mon Oct 29 02:33:15 UTC 2018 /home/travis/build/icyphy/ptII/ptolemy/actor/lib/test/auto/PulseFiringLimitDE.xml
----------------- Instantiating /home/travis/build/icyphy/ptII/ptolemy/actor/lib/test/auto/PulseFiringLimitDE.xml
2 ms. Memory: 1768448K Free: 847947K (48%)
----------------- Invoking toplevel() on ptolemy.moml.MoMLSimpleApplication@b8bed19
----------------- Done invoking toplevel() on ptolemy.moml.MoMLSimpleApplication@b8bed19
reloadAllAccessors: .PulseFiringLimitDE

===========================================================================================
----------------- testing Mon Oct 29 02:33:15 UTC 2018 /home/travis/build/icyphy/ptII/ptolemy/actor/lib/test/auto/Ramp1.xml
----------------- Instantiating /home/travis/build/icyphy/ptII/ptolemy/actor/lib/test/auto/Ramp1.xml
1 ms. Memory: 1768448K Free: 831445K (47%)
----------------- Invoking toplevel() on ptolemy.moml.MoMLSimpleApplication@31315eb5
----------------- Done invoking toplevel() on ptolemy.moml.MoMLSimpleApplication@31315eb5
reloadAllAccessors: .Ramp1

===========================================================================================
----------------- testing Mon Oct 29 02:33:15 UTC 2018 /home/travis/build/icyphy/ptII/ptolemy/actor/lib/test/auto/RampFiringLimitDE.xml
----------------- Instantiating /home/travis/build/icyphy/ptII/ptolemy/actor/lib/test/auto/RampFiringLimitDE.xml
3 ms. Memory: 1768448K Free: 807690K (46%)
----------------- Invoking toplevel() on ptolemy.moml.MoMLSimpleApplication@6005256f
----------------- Done invoking toplevel() on ptolemy.moml.MoMLSimpleApplication@6005256f
reloadAllAccessors: .RampFiringLimitDE

===========================================================================================
----------------- testing Mon Oct 29 02:33:15 UTC 2018 /home/travis/build/icyphy/ptII/ptolemy/actor/lib/test/auto/RampFiringLimitSDF.xml
----------------- Instantiating /home/travis/build/icyphy/ptII/ptolemy/actor/lib/test/auto/RampFiringLimitSDF.xml
2 ms. Memory: 1768448K Free: 791189K (45%)
----------------- Invoking toplevel() on ptolemy.moml.MoMLSimpleApplication@475fe5f7
----------------- Done invoking toplevel() on ptolemy.moml.MoMLSimpleApplication@475fe5f7
reloadAllAccessors: .RampFiringLimitSDF

===========================================================================================
----------------- testing Mon Oct 29 02:33:15 UTC 2018 /home/travis/build/icyphy/ptII/ptolemy/actor/lib/test/auto/RandomInteger.xml
----------------- Instantiating /home/travis/build/icyphy/ptII/ptolemy/actor/lib/test/auto/RandomInteger.xml
2 ms. Memory: 1768448K Free: 774687K (44%)
----------------- Invoking toplevel() on ptolemy.moml.MoMLSimpleApplication@85229ed
----------------- Done invoking toplevel() on ptolemy.moml.MoMLSimpleApplication@85229ed
reloadAllAccessors: .RandomInteger

===========================================================================================
----------------- testing Mon Oct 29 02:33:15 UTC 2018 /home/travis/build/icyphy/ptII/ptolemy/actor/lib/test/auto/ReadFile1.xml
----------------- Instantiating /home/travis/build/icyphy/ptII/ptolemy/actor/lib/test/auto/ReadFile1.xml
2 ms. Memory: 1768448K Free: 750933K (42%)
----------------- Invoking toplevel() on ptolemy.moml.MoMLSimpleApplication@26fe432c
----------------- Done invoking toplevel() on ptolemy.moml.MoMLSimpleApplication@26fe432c
reloadAllAccessors: .ReadFile1

===========================================================================================
----------------- testing Mon Oct 29 02:33:15 UTC 2018 /home/travis/build/icyphy/ptII/ptolemy/actor/lib/test/auto/ReadFile2.xml
----------------- Instantiating /home/travis/build/icyphy/ptII/ptolemy/actor/lib/test/auto/ReadFile2.xml
1 ms. Memory: 1768448K Free: 734431K (42%)
----------------- Invoking toplevel() on ptolemy.moml.MoMLSimpleApplication@35f4b700
----------------- Done invoking toplevel() on ptolemy.moml.MoMLSimpleApplication@35f4b700
reloadAllAccessors: .ReadFile2

===========================================================================================
----------------- testing Mon Oct 29 02:33:15 UTC 2018 /home/travis/build/icyphy/ptII/ptolemy/actor/lib/test/auto/Reader.xml
----------------- Instantiating /home/travis/build/icyphy/ptII/ptolemy/actor/lib/test/auto/Reader.xml
actor.lib.Reader is obsolete, use actor.lib.io.ExpressionReader instead
5 ms. Memory: 1768448K Free: 717929K (41%)
----------------- Invoking toplevel() on ptolemy.moml.MoMLSimpleApplication@dbdfaa7
----------------- Done invoking toplevel() on ptolemy.moml.MoMLSimpleApplication@dbdfaa7
reloadAllAccessors: .Reader

===========================================================================================
----------------- testing Mon Oct 29 02:33:15 UTC 2018 /home/travis/build/icyphy/ptII/ptolemy/actor/lib/test/auto/RecordAssemblerDisplayNameTest.xml
----------------- Instantiating /home/travis/build/icyphy/ptII/ptolemy/actor/lib/test/auto/RecordAssemblerDisplayNameTest.xml
3186 ms. Memory: 1785344K Free: 1091560K (61%)
----------------- Invoking toplevel() on ptolemy.moml.MoMLSimpleApplication@2f7ffb64
----------------- Done invoking toplevel() on ptolemy.moml.MoMLSimpleApplication@2f7ffb64
reloadAllAccessors: .RecordAssemblerDisplayNameTest

===========================================================================================
----------------- testing Mon Oct 29 02:33:18 UTC 2018 /home/travis/build/icyphy/ptII/ptolemy/actor/lib/test/auto/RecordAssemblerTypeError.xml
----------------- Instantiating /home/travis/build/icyphy/ptII/ptolemy/actor/lib/test/auto/RecordAssemblerTypeError.xml
9 ms. Memory: 1785344K Free: 1056741K (59%)
----------------- Invoking toplevel() on ptolemy.moml.MoMLSimpleApplication@2e5f13a9
----------------- Done invoking toplevel() on ptolemy.moml.MoMLSimpleApplication@2e5f13a9
reloadAllAccessors: .RecordAssemblerTypeError

===========================================================================================
----------------- testing Mon Oct 29 02:33:18 UTC 2018 /home/travis/build/icyphy/ptII/ptolemy/actor/lib/test/auto/RecordDisassember.xml
----------------- Instantiating /home/travis/build/icyphy/ptII/ptolemy/actor/lib/test/auto/RecordDisassember.xml
3 ms. Memory: 1785344K Free: 1040050K (58%)
----------------- Invoking toplevel() on ptolemy.moml.MoMLSimpleApplication@2fc22271
----------------- Done invoking toplevel() on ptolemy.moml.MoMLSimpleApplication@2fc22271
reloadAllAccessors: .RecordDisassember

===========================================================================================
----------------- testing Mon Oct 29 02:33:18 UTC 2018 /home/travis/build/icyphy/ptII/ptolemy/actor/lib/test/auto/RecordDisassemberDisplayNameTest.xml
----------------- Instantiating /home/travis/build/icyphy/ptII/ptolemy/actor/lib/test/auto/RecordDisassemberDisplayNameTest.xml
4 ms. Memory: 1785344K Free: 1017766K (57%)
----------------- Invoking toplevel() on ptolemy.moml.MoMLSimpleApplication@7e792622
----------------- Done invoking toplevel() on ptolemy.moml.MoMLSimpleApplication@7e792622
reloadAllAccessors: .RecordDisassemberDisplayNameTest

===========================================================================================
----------------- testing Mon Oct 29 02:33:18 UTC 2018 /home/travis/build/icyphy/ptII/ptolemy/actor/lib/test/auto/RecordDisassembler.xml
----------------- Instantiating /home/travis/build/icyphy/ptII/ptolemy/actor/lib/test/auto/RecordDisassembler.xml
2 ms. Memory: 1785344K Free: 1001075K (56%)
----------------- Invoking toplevel() on ptolemy.moml.MoMLSimpleApplication@1ae2c6d8
----------------- Done invoking toplevel() on ptolemy.moml.MoMLSimpleApplication@1ae2c6d8
reloadAllAccessors: .RecordDisassembler

===========================================================================================
----------------- testing Mon Oct 29 02:33:18 UTC 2018 /home/travis/build/icyphy/ptII/ptolemy/actor/lib/test/auto/RecordDisassembler2.xml
----------------- Instantiating /home/travis/build/icyphy/ptII/ptolemy/actor/lib/test/auto/RecordDisassembler2.xml
4 ms. Memory: 1785344K Free: 978695K (55%)
----------------- Invoking toplevel() on ptolemy.moml.MoMLSimpleApplication@6dc11c6d
----------------- Done invoking toplevel() on ptolemy.moml.MoMLSimpleApplication@6dc11c6d
reloadAllAccessors: .RecordDisassembler2

===========================================================================================
----------------- testing Mon Oct 29 02:33:18 UTC 2018 /home/travis/build/icyphy/ptII/ptolemy/actor/lib/test/auto/RecordUpdater.xml
----------------- Instantiating /home/travis/build/icyphy/ptII/ptolemy/actor/lib/test/auto/RecordUpdater.xml
2 ms. Memory: 1785344K Free: 962004K (54%)
----------------- Invoking toplevel() on ptolemy.moml.MoMLSimpleApplication@94aa70
----------------- Done invoking toplevel() on ptolemy.moml.MoMLSimpleApplication@94aa70
reloadAllAccessors: .RecordUpdater

===========================================================================================
----------------- testing Mon Oct 29 02:33:18 UTC 2018 /home/travis/build/icyphy/ptII/ptolemy/actor/lib/test/auto/RecordUpdater2.xml
----------------- Instantiating /home/travis/build/icyphy/ptII/ptolemy/actor/lib/test/auto/RecordUpdater2.xml
2 ms. Memory: 1785344K Free: 939720K (53%)
----------------- Invoking toplevel() on ptolemy.moml.MoMLSimpleApplication@422ae6f1
----------------- Done invoking toplevel() on ptolemy.moml.MoMLSimpleApplication@422ae6f1
reloadAllAccessors: .RecordUpdater2

===========================================================================================
----------------- testing Mon Oct 29 02:33:18 UTC 2018 /home/travis/build/icyphy/ptII/ptolemy/actor/lib/test/auto/RecursiveLattice.xml
----------------- Instantiating /home/travis/build/icyphy/ptII/ptolemy/actor/lib/test/auto/RecursiveLattice.xml
1 ms. Memory: 1785344K Free: 923029K (52%)
----------------- Invoking toplevel() on ptolemy.moml.MoMLSimpleApplication@651dd3a8
----------------- Done invoking toplevel() on ptolemy.moml.MoMLSimpleApplication@651dd3a8
reloadAllAccessors: .RecursiveLattice

===========================================================================================
----------------- testing Mon Oct 29 02:33:18 UTC 2018 /home/travis/build/icyphy/ptII/ptolemy/actor/lib/test/auto/Router.xml
----------------- Instantiating /home/travis/build/icyphy/ptII/ptolemy/actor/lib/test/auto/Router.xml
3003 ms. Memory: 1785344K Free: 906338K (51%)
----------------- Invoking toplevel() on ptolemy.moml.MoMLSimpleApplication@65e4e65
----------------- Done invoking toplevel() on ptolemy.moml.MoMLSimpleApplication@65e4e65
reloadAllAccessors: .Router

===========================================================================================
----------------- testing Mon Oct 29 02:33:22 UTC 2018 /home/travis/build/icyphy/ptII/ptolemy/actor/lib/test/auto/Router2.xml
----------------- Instantiating /home/travis/build/icyphy/ptII/ptolemy/actor/lib/test/auto/Router2.xml
3002 ms. Memory: 1785344K Free: 884053K (50%)
----------------- Invoking toplevel() on ptolemy.moml.MoMLSimpleApplication@69e3f312
----------------- Done invoking toplevel() on ptolemy.moml.MoMLSimpleApplication@69e3f312
reloadAllAccessors: .Router2

===========================================================================================
----------------- testing Mon Oct 29 02:33:25 UTC 2018 /home/travis/build/icyphy/ptII/ptolemy/actor/lib/test/auto/RunningMaximum.xml
----------------- Instantiating /home/travis/build/icyphy/ptII/ptolemy/actor/lib/test/auto/RunningMaximum.xml
1 ms. Memory: 1785344K Free: 867362K (49%)
----------------- Invoking toplevel() on ptolemy.moml.MoMLSimpleApplication@6ea176c0
----------------- Done invoking toplevel() on ptolemy.moml.MoMLSimpleApplication@6ea176c0
reloadAllAccessors: .RunningMaximum

===========================================================================================
----------------- testing Mon Oct 29 02:33:25 UTC 2018 /home/travis/build/icyphy/ptII/ptolemy/actor/lib/test/auto/RunningMinimum.xml
----------------- Instantiating /home/travis/build/icyphy/ptII/ptolemy/actor/lib/test/auto/RunningMinimum.xml
2 ms. Memory: 1785344K Free: 845078K (47%)
----------------- Invoking toplevel() on ptolemy.moml.MoMLSimpleApplication@76f12b7c
----------------- Done invoking toplevel() on ptolemy.moml.MoMLSimpleApplication@76f12b7c
reloadAllAccessors: .RunningMinimum

===========================================================================================
----------------- testing Mon Oct 29 02:33:25 UTC 2018 /home/travis/build/icyphy/ptII/ptolemy/actor/lib/test/auto/Scale.xml
----------------- Instantiating /home/travis/build/icyphy/ptII/ptolemy/actor/lib/test/auto/Scale.xml
2 ms. Memory: 1785344K Free: 828387K (46%)
----------------- Invoking toplevel() on ptolemy.moml.MoMLSimpleApplication@4e29d712
----------------- Done invoking toplevel() on ptolemy.moml.MoMLSimpleApplication@4e29d712
reloadAllAccessors: .Scale

===========================================================================================
----------------- testing Mon Oct 29 02:33:25 UTC 2018 /home/travis/build/icyphy/ptII/ptolemy/actor/lib/test/auto/Scale2.xml
----------------- Instantiating /home/travis/build/icyphy/ptII/ptolemy/actor/lib/test/auto/Scale2.xml
2 ms. Memory: 1785344K Free: 806102K (45%)
----------------- Invoking toplevel() on ptolemy.moml.MoMLSimpleApplication@212bbe10
----------------- Done invoking toplevel() on ptolemy.moml.MoMLSimpleApplication@212bbe10
reloadAllAccessors: .Scale2

===========================================================================================
----------------- testing Mon Oct 29 02:33:25 UTC 2018 /home/travis/build/icyphy/ptII/ptolemy/actor/lib/test/auto/Scale3.xml
----------------- Instantiating /home/travis/build/icyphy/ptII/ptolemy/actor/lib/test/auto/Scale3.xml
3 ms. Memory: 1785344K Free: 789411K (44%)
----------------- Invoking toplevel() on ptolemy.moml.MoMLSimpleApplication@26f75b03
----------------- Done invoking toplevel() on ptolemy.moml.MoMLSimpleApplication@26f75b03
reloadAllAccessors: .Scale3

===========================================================================================
----------------- testing Mon Oct 29 02:33:25 UTC 2018 /home/travis/build/icyphy/ptII/ptolemy/actor/lib/test/auto/ScaleArray.xml
----------------- Instantiating /home/travis/build/icyphy/ptII/ptolemy/actor/lib/test/auto/ScaleArray.xml
2 ms. Memory: 1785344K Free: 767127K (43%)
----------------- Invoking toplevel() on ptolemy.moml.MoMLSimpleApplication@3e112c35
----------------- Done invoking toplevel() on ptolemy.moml.MoMLSimpleApplication@3e112c35
reloadAllAccessors: .ScaleArray

===========================================================================================
----------------- testing Mon Oct 29 02:33:25 UTC 2018 /home/travis/build/icyphy/ptII/ptolemy/actor/lib/test/auto/ScaleArray2.xml
----------------- Instantiating /home/travis/build/icyphy/ptII/ptolemy/actor/lib/test/auto/ScaleArray2.xml
1 ms. Memory: 1785344K Free: 750436K (42%)
----------------- Invoking toplevel() on ptolemy.moml.MoMLSimpleApplication@71ba7fd5
----------------- Done invoking toplevel() on ptolemy.moml.MoMLSimpleApplication@71ba7fd5
reloadAllAccessors: .ScaleArray2

===========================================================================================
----------------- testing Mon Oct 29 02:33:25 UTC 2018 /home/travis/build/icyphy/ptII/ptolemy/actor/lib/test/auto/ScaleMatrix.xml
----------------- Instantiating /home/travis/build/icyphy/ptII/ptolemy/actor/lib/test/auto/ScaleMatrix.xml
76 ms. Memory: 1785344K Free: 725399K (41%)
----------------- Invoking toplevel() on ptolemy.moml.MoMLSimpleApplication@18b32281
----------------- Done invoking toplevel() on ptolemy.moml.MoMLSimpleApplication@18b32281
reloadAllAccessors: .ScaleMatrix

===========================================================================================
----------------- testing Mon Oct 29 02:33:25 UTC 2018 /home/travis/build/icyphy/ptII/ptolemy/actor/lib/test/auto/Select.xml
----------------- Instantiating /home/travis/build/icyphy/ptII/ptolemy/actor/lib/test/auto/Select.xml
2 ms. Memory: 1785344K Free: 703114K (39%)
----------------- Invoking toplevel() on ptolemy.moml.MoMLSimpleApplication@33c3abae
----------------- Done invoking toplevel() on ptolemy.moml.MoMLSimpleApplication@33c3abae
reloadAllAccessors: .Select

===========================================================================================
----------------- testing Mon Oct 29 02:33:25 UTC 2018 /home/travis/build/icyphy/ptII/ptolemy/actor/lib/test/auto/Select2.xml
----------------- Instantiating /home/travis/build/icyphy/ptII/ptolemy/actor/lib/test/auto/Select2.xml
0 ms. Memory: 1785344K Free: 686423K (38%)
----------------- Invoking toplevel() on ptolemy.moml.MoMLSimpleApplication@788e276f
----------------- Done invoking toplevel() on ptolemy.moml.MoMLSimpleApplication@788e276f
reloadAllAccessors: .Select2

===========================================================================================
----------------- testing Mon Oct 29 02:33:25 UTC 2018 /home/travis/build/icyphy/ptII/ptolemy/actor/lib/test/auto/SequenceToArray2.xml
----------------- Instantiating /home/travis/build/icyphy/ptII/ptolemy/actor/lib/test/auto/SequenceToArray2.xml
129 ms. Memory: 1785344K Free: 580667K (33%)
----------------- Invoking toplevel() on ptolemy.moml.MoMLSimpleApplication@18e34ef4
----------------- Done invoking toplevel() on ptolemy.moml.MoMLSimpleApplication@18e34ef4
reloadAllAccessors: .SequenceToArray2

===========================================================================================
----------------- testing Mon Oct 29 02:33:25 UTC 2018 /home/travis/build/icyphy/ptII/ptolemy/actor/lib/test/auto/SequentialClock.xml
----------------- Instantiating /home/travis/build/icyphy/ptII/ptolemy/actor/lib/test/auto/SequentialClock.xml
2 ms. Memory: 1785344K Free: 563975K (32%)
----------------- Invoking toplevel() on ptolemy.moml.MoMLSimpleApplication@3bafd639
----------------- Done invoking toplevel() on ptolemy.moml.MoMLSimpleApplication@3bafd639
reloadAllAccessors: .SequentialClock

===========================================================================================
----------------- testing Mon Oct 29 02:33:25 UTC 2018 /home/travis/build/icyphy/ptII/ptolemy/actor/lib/test/auto/SetVariable.xml
----------------- Instantiating /home/travis/build/icyphy/ptII/ptolemy/actor/lib/test/auto/SetVariable.xml
3 ms. Memory: 1785344K Free: 541691K (30%)
----------------- Invoking toplevel() on ptolemy.moml.MoMLSimpleApplication@61f4cbab
----------------- Done invoking toplevel() on ptolemy.moml.MoMLSimpleApplication@61f4cbab
reloadAllAccessors: .SetVariable

===========================================================================================
----------------- testing Mon Oct 29 02:33:25 UTC 2018 /home/travis/build/icyphy/ptII/ptolemy/actor/lib/test/auto/SetVariable2.xml
----------------- Instantiating /home/travis/build/icyphy/ptII/ptolemy/actor/lib/test/auto/SetVariable2.xml
2 ms. Memory: 1785344K Free: 525000K (29%)
----------------- Invoking toplevel() on ptolemy.moml.MoMLSimpleApplication@309733cf
----------------- Done invoking toplevel() on ptolemy.moml.MoMLSimpleApplication@309733cf
reloadAllAccessors: .SetVariable2

===========================================================================================
----------------- testing Mon Oct 29 02:33:25 UTC 2018 /home/travis/build/icyphy/ptII/ptolemy/actor/lib/test/auto/SetVariable3.xml
----------------- Instantiating /home/travis/build/icyphy/ptII/ptolemy/actor/lib/test/auto/SetVariable3.xml
6 ms. Memory: 1785344K Free: 502716K (28%)
----------------- Invoking toplevel() on ptolemy.moml.MoMLSimpleApplication@2c83328
----------------- Done invoking toplevel() on ptolemy.moml.MoMLSimpleApplication@2c83328
reloadAllAccessors: .SetVariable3

===========================================================================================
----------------- testing Mon Oct 29 02:33:25 UTC 2018 /home/travis/build/icyphy/ptII/ptolemy/actor/lib/test/auto/SetVariable4.xml
----------------- Instantiating /home/travis/build/icyphy/ptII/ptolemy/actor/lib/test/auto/SetVariable4.xml
15 ms. Memory: 1785344K Free: 427605K (24%)
----------------- Invoking toplevel() on ptolemy.moml.MoMLSimpleApplication@e8e1902
----------------- Done invoking toplevel() on ptolemy.moml.MoMLSimpleApplication@e8e1902
reloadAllAccessors: .SetVariable4

===========================================================================================
----------------- testing Mon Oct 29 02:33:25 UTC 2018 /home/travis/build/icyphy/ptII/ptolemy/actor/lib/test/auto/SetVariable5.xml
----------------- Instantiating /home/travis/build/icyphy/ptII/ptolemy/actor/lib/test/auto/SetVariable5.xml
17 ms. Memory: 1785344K Free: 410914K (23%)
----------------- Invoking toplevel() on ptolemy.moml.MoMLSimpleApplication@612c0f10
----------------- Done invoking toplevel() on ptolemy.moml.MoMLSimpleApplication@612c0f10
reloadAllAccessors: .SetVariable5

===========================================================================================
----------------- testing Mon Oct 29 02:33:25 UTC 2018 /home/travis/build/icyphy/ptII/ptolemy/actor/lib/test/auto/Sinewave.xml
----------------- Instantiating /home/travis/build/icyphy/ptII/ptolemy/actor/lib/test/auto/Sinewave.xml
5 ms. Memory: 1785344K Free: 380276K (21%)
----------------- Invoking toplevel() on ptolemy.moml.MoMLSimpleApplication@1ca2518c
----------------- Done invoking toplevel() on ptolemy.moml.MoMLSimpleApplication@1ca2518c
reloadAllAccessors: .Sinewave

===========================================================================================
----------------- testing Mon Oct 29 02:33:25 UTC 2018 /home/travis/build/icyphy/ptII/ptolemy/actor/lib/test/auto/Sinewave2.xml
----------------- Instantiating /home/travis/build/icyphy/ptII/ptolemy/actor/lib/test/auto/Sinewave2.xml
5 ms. Memory: 1785344K Free: 363585K (20%)
----------------- Invoking toplevel() on ptolemy.moml.MoMLSimpleApplication@260343ec
----------------- Done invoking toplevel() on ptolemy.moml.MoMLSimpleApplication@260343ec
reloadAllAccessors: .Sinewave2

===========================================================================================
----------------- testing Mon Oct 29 02:33:25 UTC 2018 /home/travis/build/icyphy/ptII/ptolemy/actor/lib/test/auto/Sinewave3.xml
----------------- Instantiating /home/travis/build/icyphy/ptII/ptolemy/actor/lib/test/auto/Sinewave3.xml
5 ms. Memory: 1785344K Free: 341301K (19%)
----------------- Invoking toplevel() on ptolemy.moml.MoMLSimpleApplication@3d8b53b0
----------------- Done invoking toplevel() on ptolemy.moml.MoMLSimpleApplication@3d8b53b0
reloadAllAccessors: .Sinewave3

===========================================================================================
----------------- testing Mon Oct 29 02:33:25 UTC 2018 /home/travis/build/icyphy/ptII/ptolemy/actor/lib/test/auto/SingleEvent.xml
----------------- Instantiating /home/travis/build/icyphy/ptII/ptolemy/actor/lib/test/auto/SingleEvent.xml
1 ms. Memory: 1785344K Free: 324609K (18%)
----------------- Invoking toplevel() on ptolemy.moml.MoMLSimpleApplication@50fe401a
----------------- Done invoking toplevel() on ptolemy.moml.MoMLSimpleApplication@50fe401a
reloadAllAccessors: .SingleEvent

===========================================================================================
----------------- testing Mon Oct 29 02:33:25 UTC 2018 /home/travis/build/icyphy/ptII/ptolemy/actor/lib/test/auto/Sleep.xml
----------------- Instantiating /home/travis/build/icyphy/ptII/ptolemy/actor/lib/test/auto/Sleep.xml
6003 ms. Memory: 1785344K Free: 302325K (17%)
----------------- Invoking toplevel() on ptolemy.moml.MoMLSimpleApplication@53b4df6e
----------------- Done invoking toplevel() on ptolemy.moml.MoMLSimpleApplication@53b4df6e
reloadAllAccessors: .Sleep

===========================================================================================
----------------- testing Mon Oct 29 02:33:31 UTC 2018 /home/travis/build/icyphy/ptII/ptolemy/actor/lib/test/auto/SleepMultipleFire.xml
----------------- Instantiating /home/travis/build/icyphy/ptII/ptolemy/actor/lib/test/auto/SleepMultipleFire.xml
1004 ms. Memory: 1785344K Free: 285634K (16%)
----------------- Invoking toplevel() on ptolemy.moml.MoMLSimpleApplication@40127d5c
----------------- Done invoking toplevel() on ptolemy.moml.MoMLSimpleApplication@40127d5c
reloadAllAccessors: .SleepMultipleFire

===========================================================================================
----------------- testing Mon Oct 29 02:33:32 UTC 2018 /home/travis/build/icyphy/ptII/ptolemy/actor/lib/test/auto/StopDE.xml
----------------- Instantiating /home/travis/build/icyphy/ptII/ptolemy/actor/lib/test/auto/StopDE.xml
2 ms. Memory: 1785344K Free: 263350K (15%)
----------------- Invoking toplevel() on ptolemy.moml.MoMLSimpleApplication@27860cf3
----------------- Done invoking toplevel() on ptolemy.moml.MoMLSimpleApplication@27860cf3
reloadAllAccessors: .StopDE

===========================================================================================
----------------- testing Mon Oct 29 02:33:32 UTC 2018 /home/travis/build/icyphy/ptII/ptolemy/actor/lib/test/auto/StopSDF.xml
----------------- Instantiating /home/travis/build/icyphy/ptII/ptolemy/actor/lib/test/auto/StopSDF.xml
1 ms. Memory: 1785344K Free: 246659K (14%)
----------------- Invoking toplevel() on ptolemy.moml.MoMLSimpleApplication@54e4f66e
----------------- Done invoking toplevel() on ptolemy.moml.MoMLSimpleApplication@54e4f66e
reloadAllAccessors: .StopSDF

===========================================================================================
----------------- testing Mon Oct 29 02:33:32 UTC 2018 /home/travis/build/icyphy/ptII/ptolemy/actor/lib/test/auto/StringConstant.xml
----------------- Instantiating /home/travis/build/icyphy/ptII/ptolemy/actor/lib/test/auto/StringConstant.xml
1 ms. Memory: 1785344K Free: 229968K (13%)
----------------- Invoking toplevel() on ptolemy.moml.MoMLSimpleApplication@4d3b5a99
----------------- Done invoking toplevel() on ptolemy.moml.MoMLSimpleApplication@4d3b5a99
reloadAllAccessors: .StringConstant

===========================================================================================
----------------- testing Mon Oct 29 02:33:32 UTC 2018 /home/travis/build/icyphy/ptII/ptolemy/actor/lib/test/auto/SubscriberPortInitialValues1.xml
----------------- Instantiating /home/travis/build/icyphy/ptII/ptolemy/actor/lib/test/auto/SubscriberPortInitialValues1.xml
4 ms. Memory: 1785344K Free: 207683K (12%)
----------------- Invoking toplevel() on ptolemy.moml.MoMLSimpleApplication@2653abc0
----------------- Done invoking toplevel() on ptolemy.moml.MoMLSimpleApplication@2653abc0
reloadAllAccessors: .SubscriberPortInitialValues1

===========================================================================================
----------------- testing Mon Oct 29 02:33:32 UTC 2018 /home/travis/build/icyphy/ptII/ptolemy/actor/lib/test/auto/SubscriberPortInitialValues13.xml
----------------- Instantiating /home/travis/build/icyphy/ptII/ptolemy/actor/lib/test/auto/SubscriberPortInitialValues13.xml
4 ms. Memory: 1785344K Free: 182631K (10%)
----------------- Invoking toplevel() on ptolemy.moml.MoMLSimpleApplication@184bdfba
----------------- Done invoking toplevel() on ptolemy.moml.MoMLSimpleApplication@184bdfba
reloadAllAccessors: .SubscriberPortInitialValues13

===========================================================================================
----------------- testing Mon Oct 29 02:33:32 UTC 2018 /home/travis/build/icyphy/ptII/ptolemy/actor/lib/test/auto/SubscriberPortInitialValues14.xml
----------------- Instantiating /home/travis/build/icyphy/ptII/ptolemy/actor/lib/test/auto/SubscriberPortInitialValues14.xml
3 ms. Memory: 1785344K Free: 160346K (9%)
----------------- Invoking toplevel() on ptolemy.moml.MoMLSimpleApplication@6432eff4
----------------- Done invoking toplevel() on ptolemy.moml.MoMLSimpleApplication@6432eff4
reloadAllAccessors: .SubscriberPortInitialValues14

===========================================================================================
----------------- testing Mon Oct 29 02:33:32 UTC 2018 /home/travis/build/icyphy/ptII/ptolemy/actor/lib/test/auto/SubscriberPortInitialValues2.xml
----------------- Instantiating /home/travis/build/icyphy/ptII/ptolemy/actor/lib/test/auto/SubscriberPortInitialValues2.xml
3 ms. Memory: 1785344K Free: 143655K (8%)
----------------- Invoking toplevel() on ptolemy.moml.MoMLSimpleApplication@112a9882
----------------- Done invoking toplevel() on ptolemy.moml.MoMLSimpleApplication@112a9882
reloadAllAccessors: .SubscriberPortInitialValues2

===========================================================================================
----------------- testing Mon Oct 29 02:33:32 UTC 2018 /home/travis/build/icyphy/ptII/ptolemy/actor/lib/test/auto/SubscriberPortInitialValues3.xml
----------------- Instantiating /home/travis/build/icyphy/ptII/ptolemy/actor/lib/test/auto/SubscriberPortInitialValues3.xml
4 ms. Memory: 1785344K Free: 121371K (7%)
----------------- Invoking toplevel() on ptolemy.moml.MoMLSimpleApplication@95c3e61
----------------- Done invoking toplevel() on ptolemy.moml.MoMLSimpleApplication@95c3e61
reloadAllAccessors: .SubscriberPortInitialValues3

===========================================================================================
----------------- testing Mon Oct 29 02:33:32 UTC 2018 /home/travis/build/icyphy/ptII/ptolemy/actor/lib/test/auto/SubscriptionAggregator.xml
----------------- Instantiating /home/travis/build/icyphy/ptII/ptolemy/actor/lib/test/auto/SubscriptionAggregator.xml
2 ms. Memory: 1785344K Free: 104680K (6%)
----------------- Invoking toplevel() on ptolemy.moml.MoMLSimpleApplication@393eecdb
----------------- Done invoking toplevel() on ptolemy.moml.MoMLSimpleApplication@393eecdb
reloadAllAccessors: .SubscriptionAggregator

===========================================================================================
----------------- testing Mon Oct 29 02:33:32 UTC 2018 /home/travis/build/icyphy/ptII/ptolemy/actor/lib/test/auto/SubscriptionAggregator2.xml
----------------- Instantiating /home/travis/build/icyphy/ptII/ptolemy/actor/lib/test/auto/SubscriptionAggregator2.xml
3 ms. Memory: 1785344K Free: 82395K (5%)
----------------- Invoking toplevel() on ptolemy.moml.MoMLSimpleApplication@3bbffa2f
----------------- Done invoking toplevel() on ptolemy.moml.MoMLSimpleApplication@3bbffa2f
reloadAllAccessors: .SubscriptionAggregator2

===========================================================================================
----------------- testing Mon Oct 29 02:33:32 UTC 2018 /home/travis/build/icyphy/ptII/ptolemy/actor/lib/test/auto/SubscriptionAggregator3.xml
----------------- Instantiating /home/travis/build/icyphy/ptII/ptolemy/actor/lib/test/auto/SubscriptionAggregator3.xml
2 ms. Memory: 1786368K Free: 1733456K (97%)
----------------- Invoking toplevel() on ptolemy.moml.MoMLSimpleApplication@3b9cd5ca
----------------- Done invoking toplevel() on ptolemy.moml.MoMLSimpleApplication@3b9cd5ca
reloadAllAccessors: .SubscriptionAggregator3

===========================================================================================
----------------- testing Mon Oct 29 02:33:32 UTC 2018 /home/travis/build/icyphy/ptII/ptolemy/actor/lib/test/auto/SubscriptionAggregatorMultiply.xml
----------------- Instantiating /home/travis/build/icyphy/ptII/ptolemy/actor/lib/test/auto/SubscriptionAggregatorMultiply.xml
2 ms. Memory: 1786368K Free: 1712381K (96%)
----------------- Invoking toplevel() on ptolemy.moml.MoMLSimpleApplication@3cfd8a1c
----------------- Done invoking toplevel() on ptolemy.moml.MoMLSimpleApplication@3cfd8a1c
reloadAllAccessors: .SubscriptionAggregatorMultiply

===========================================================================================
----------------- testing Mon Oct 29 02:33:32 UTC 2018 /home/travis/build/icyphy/ptII/ptolemy/actor/lib/test/auto/SubscriptionAggregatorPortMultiply1.xml
----------------- Instantiating /home/travis/build/icyphy/ptII/ptolemy/actor/lib/test/auto/SubscriptionAggregatorPortMultiply1.xml
3 ms. Memory: 1786368K Free: 1691307K (95%)
----------------- Invoking toplevel() on ptolemy.moml.MoMLSimpleApplication@79683627
----------------- Done invoking toplevel() on ptolemy.moml.MoMLSimpleApplication@79683627
reloadAllAccessors: .SubscriptionAggregatorPortMultiply1

===========================================================================================
----------------- testing Mon Oct 29 02:33:32 UTC 2018 /home/travis/build/icyphy/ptII/ptolemy/actor/lib/test/auto/Switch.xml
----------------- Instantiating /home/travis/build/icyphy/ptII/ptolemy/actor/lib/test/auto/Switch.xml
3 ms. Memory: 1786368K Free: 1624480K (91%)
----------------- Invoking toplevel() on ptolemy.moml.MoMLSimpleApplication@39460507
----------------- Done invoking toplevel() on ptolemy.moml.MoMLSimpleApplication@39460507
reloadAllAccessors: .Switch

===========================================================================================
----------------- testing Mon Oct 29 02:33:32 UTC 2018 /home/travis/build/icyphy/ptII/ptolemy/actor/lib/test/auto/Switch2.xml
----------------- Instantiating /home/travis/build/icyphy/ptII/ptolemy/actor/lib/test/auto/Switch2.xml
1 ms. Memory: 1786368K Free: 1603406K (90%)
----------------- Invoking toplevel() on ptolemy.moml.MoMLSimpleApplication@16aa3f59
----------------- Done invoking toplevel() on ptolemy.moml.MoMLSimpleApplication@16aa3f59
reloadAllAccessors: .Switch2

===========================================================================================
----------------- testing Mon Oct 29 02:33:33 UTC 2018 /home/travis/build/icyphy/ptII/ptolemy/actor/lib/test/auto/SwitchDE.xml
----------------- Instantiating /home/travis/build/icyphy/ptII/ptolemy/actor/lib/test/auto/SwitchDE.xml
1 ms. Memory: 1786368K Free: 1586715K (89%)
----------------- Invoking toplevel() on ptolemy.moml.MoMLSimpleApplication@60de1aae
----------------- Done invoking toplevel() on ptolemy.moml.MoMLSimpleApplication@60de1aae
reloadAllAccessors: .SwitchDE

===========================================================================================
----------------- testing Mon Oct 29 02:33:33 UTC 2018 /home/travis/build/icyphy/ptII/ptolemy/actor/lib/test/auto/SynchronizerDE.xml
----------------- Instantiating /home/travis/build/icyphy/ptII/ptolemy/actor/lib/test/auto/SynchronizerDE.xml
3 ms. Memory: 1786368K Free: 1565640K (88%)
----------------- Invoking toplevel() on ptolemy.moml.MoMLSimpleApplication@39f829de
----------------- Done invoking toplevel() on ptolemy.moml.MoMLSimpleApplication@39f829de
reloadAllAccessors: .SynchronizerDE

===========================================================================================
----------------- testing Mon Oct 29 02:33:33 UTC 2018 /home/travis/build/icyphy/ptII/ptolemy/actor/lib/test/auto/Test.xml
----------------- Instantiating /home/travis/build/icyphy/ptII/ptolemy/actor/lib/test/auto/Test.xml
2 ms. Memory: 1786368K Free: 1548949K (87%)
----------------- Invoking toplevel() on ptolemy.moml.MoMLSimpleApplication@702044bc
----------------- Done invoking toplevel() on ptolemy.moml.MoMLSimpleApplication@702044bc
reloadAllAccessors: .Test

===========================================================================================
----------------- testing Mon Oct 29 02:33:33 UTC 2018 /home/travis/build/icyphy/ptII/ptolemy/actor/lib/test/auto/TestExceptionAttribute1.xml
----------------- Instantiating /home/travis/build/icyphy/ptII/ptolemy/actor/lib/test/auto/TestExceptionAttribute1.xml
5 ms. Memory: 1786368K Free: 1527875K (86%)
----------------- Invoking toplevel() on ptolemy.moml.MoMLSimpleApplication@76d3a0be
----------------- Done invoking toplevel() on ptolemy.moml.MoMLSimpleApplication@76d3a0be
reloadAllAccessors: .TestExceptionAttribute1

===========================================================================================
----------------- testing Mon Oct 29 02:33:33 UTC 2018 /home/travis/build/icyphy/ptII/ptolemy/actor/lib/test/auto/TestExceptionAttribute2.xml
----------------- Instantiating /home/travis/build/icyphy/ptII/ptolemy/actor/lib/test/auto/TestExceptionAttribute2.xml
1 ms. Memory: 1786368K Free: 1506800K (84%)
----------------- Invoking toplevel() on ptolemy.moml.MoMLSimpleApplication@3ed0f431
----------------- Done invoking toplevel() on ptolemy.moml.MoMLSimpleApplication@3ed0f431
reloadAllAccessors: .TestExceptionAttribute2

===========================================================================================
----------------- testing Mon Oct 29 02:33:33 UTC 2018 /home/travis/build/icyphy/ptII/ptolemy/actor/lib/test/auto/TestExceptionAttribute3.xml
----------------- Instantiating /home/travis/build/icyphy/ptII/ptolemy/actor/lib/test/auto/TestExceptionAttribute3.xml
.TestExceptionAttribute3.TestExceptionAttribute: initialize() was not invoked, but wrapup() was.  This is unusual, but not always a problem.  For example, exporting JNLP will do this.
1 ms. Memory: 1786368K Free: 1490109K (83%)
----------------- Invoking toplevel() on ptolemy.moml.MoMLSimpleApplication@7c32860d
----------------- Done invoking toplevel() on ptolemy.moml.MoMLSimpleApplication@7c32860d
reloadAllAccessors: .TestExceptionAttribute3

===========================================================================================
----------------- testing Mon Oct 29 02:33:33 UTC 2018 /home/travis/build/icyphy/ptII/ptolemy/actor/lib/test/auto/TestExceptionAttribute4.xml
----------------- Instantiating /home/travis/build/icyphy/ptII/ptolemy/actor/lib/test/auto/TestExceptionAttribute4.xml
.TestExceptionAttribute4.TestExceptionAttribute: initialize() was not invoked, but wrapup() was.  This is unusual, but not always a problem.  For example, exporting JNLP will do this.
.TestExceptionAttribute4.TestExceptionAttribute2: initialize() was not invoked, but wrapup() was.  This is unusual, but not always a problem.  For example, exporting JNLP will do this.
0 ms. Memory: 1786368K Free: 1469035K (82%)
----------------- Invoking toplevel() on ptolemy.moml.MoMLSimpleApplication@2ef61e23
----------------- Done invoking toplevel() on ptolemy.moml.MoMLSimpleApplication@2ef61e23
reloadAllAccessors: .TestExceptionAttribute4

===========================================================================================
----------------- testing Mon Oct 29 02:33:33 UTC 2018 /home/travis/build/icyphy/ptII/ptolemy/actor/lib/test/auto/TestExceptionHandler1.xml
----------------- Instantiating /home/travis/build/icyphy/ptII/ptolemy/actor/lib/test/auto/TestExceptionHandler1.xml
1 ms. Memory: 1786368K Free: 1452343K (81%)
----------------- Invoking toplevel() on ptolemy.moml.MoMLSimpleApplication@3c1c4e66
----------------- Done invoking toplevel() on ptolemy.moml.MoMLSimpleApplication@3c1c4e66
reloadAllAccessors: .TestExceptionHandler1

===========================================================================================
----------------- testing Mon Oct 29 02:33:33 UTC 2018 /home/travis/build/icyphy/ptII/ptolemy/actor/lib/test/auto/TestExceptionHandler2.xml
----------------- Instantiating /home/travis/build/icyphy/ptII/ptolemy/actor/lib/test/auto/TestExceptionHandler2.xml
2 ms. Memory: 1786368K Free: 1431269K (80%)
----------------- Invoking toplevel() on ptolemy.moml.MoMLSimpleApplication@1bb27550
----------------- Done invoking toplevel() on ptolemy.moml.MoMLSimpleApplication@1bb27550
reloadAllAccessors: .TestExceptionHandler2

===========================================================================================
----------------- testing Mon Oct 29 02:33:33 UTC 2018 /home/travis/build/icyphy/ptII/ptolemy/actor/lib/test/auto/TestExceptionHandler3.xml
----------------- Instantiating /home/travis/build/icyphy/ptII/ptolemy/actor/lib/test/auto/TestExceptionHandler3.xml
1 ms. Memory: 1786368K Free: 1414578K (79%)
----------------- Invoking toplevel() on ptolemy.moml.MoMLSimpleApplication@6b4dedd0
----------------- Done invoking toplevel() on ptolemy.moml.MoMLSimpleApplication@6b4dedd0
reloadAllAccessors: .TestExceptionHandler3

===========================================================================================
----------------- testing Mon Oct 29 02:33:33 UTC 2018 /home/travis/build/icyphy/ptII/ptolemy/actor/lib/test/auto/TestExceptionHandler4.xml
----------------- Instantiating /home/travis/build/icyphy/ptII/ptolemy/actor/lib/test/auto/TestExceptionHandler4.xml
1 ms. Memory: 1786368K Free: 1393504K (78%)
----------------- Invoking toplevel() on ptolemy.moml.MoMLSimpleApplication@7c358a5
----------------- Done invoking toplevel() on ptolemy.moml.MoMLSimpleApplication@7c358a5
reloadAllAccessors: .TestExceptionHandler4

===========================================================================================
----------------- testing Mon Oct 29 02:33:33 UTC 2018 /home/travis/build/icyphy/ptII/ptolemy/actor/lib/test/auto/TestRequireCorrectOrder.xml
----------------- Instantiating /home/travis/build/icyphy/ptII/ptolemy/actor/lib/test/auto/TestRequireCorrectOrder.xml
2 ms. Memory: 1786368K Free: 1372429K (77%)
----------------- Invoking toplevel() on ptolemy.moml.MoMLSimpleApplication@6633bfab
----------------- Done invoking toplevel() on ptolemy.moml.MoMLSimpleApplication@6633bfab
reloadAllAccessors: .TestRequireCorrectOrder

===========================================================================================
----------------- testing Mon Oct 29 02:33:33 UTC 2018 /home/travis/build/icyphy/ptII/ptolemy/actor/lib/test/auto/TestSimple.xml
----------------- Instantiating /home/travis/build/icyphy/ptII/ptolemy/actor/lib/test/auto/TestSimple.xml
1 ms. Memory: 1786368K Free: 1355738K (76%)
----------------- Invoking toplevel() on ptolemy.moml.MoMLSimpleApplication@4af60198
----------------- Done invoking toplevel() on ptolemy.moml.MoMLSimpleApplication@4af60198
reloadAllAccessors: .TestSimple

===========================================================================================
----------------- testing Mon Oct 29 02:33:33 UTC 2018 /home/travis/build/icyphy/ptII/ptolemy/actor/lib/test/auto/ThrowModelError.xml
----------------- Instantiating /home/travis/build/icyphy/ptII/ptolemy/actor/lib/test/auto/ThrowModelError.xml
1 ms. Memory: 1786368K Free: 1334664K (75%)
----------------- Invoking toplevel() on ptolemy.moml.MoMLSimpleApplication@7e8bcdb4
----------------- Done invoking toplevel() on ptolemy.moml.MoMLSimpleApplication@7e8bcdb4
reloadAllAccessors: .ThrowModelError

===========================================================================================
----------------- testing Mon Oct 29 02:33:33 UTC 2018 /home/travis/build/icyphy/ptII/ptolemy/actor/lib/test/auto/TimeDelayMicrosteps.xml
----------------- Instantiating /home/travis/build/icyphy/ptII/ptolemy/actor/lib/test/auto/TimeDelayMicrosteps.xml
3 ms. Memory: 1786368K Free: 1317973K (74%)
----------------- Invoking toplevel() on ptolemy.moml.MoMLSimpleApplication@5bc5ff8e
----------------- Done invoking toplevel() on ptolemy.moml.MoMLSimpleApplication@5bc5ff8e
reloadAllAccessors: .TimeDelayMicrosteps

===========================================================================================
----------------- testing Mon Oct 29 02:33:33 UTC 2018 /home/travis/build/icyphy/ptII/ptolemy/actor/lib/test/auto/TimeDelayMicrosteps2.xml
----------------- Instantiating /home/travis/build/icyphy/ptII/ptolemy/actor/lib/test/auto/TimeDelayMicrosteps2.xml
2 ms. Memory: 1786368K Free: 1296898K (73%)
----------------- Invoking toplevel() on ptolemy.moml.MoMLSimpleApplication@4a6a9d21
----------------- Done invoking toplevel() on ptolemy.moml.MoMLSimpleApplication@4a6a9d21
reloadAllAccessors: .TimeDelayMicrosteps2

===========================================================================================
----------------- testing Mon Oct 29 02:33:33 UTC 2018 /home/travis/build/icyphy/ptII/ptolemy/actor/lib/test/auto/TimeDelayMicrosteps3.xml
----------------- Instantiating /home/travis/build/icyphy/ptII/ptolemy/actor/lib/test/auto/TimeDelayMicrosteps3.xml
2 ms. Memory: 1786368K Free: 1280207K (72%)
----------------- Invoking toplevel() on ptolemy.moml.MoMLSimpleApplication@749c1154
----------------- Done invoking toplevel() on ptolemy.moml.MoMLSimpleApplication@749c1154
reloadAllAccessors: .TimeDelayMicrosteps3

===========================================================================================
----------------- testing Mon Oct 29 02:33:33 UTC 2018 /home/travis/build/icyphy/ptII/ptolemy/actor/lib/test/auto/TimeDelayVariableMicrosteps.xml
----------------- Instantiating /home/travis/build/icyphy/ptII/ptolemy/actor/lib/test/auto/TimeDelayVariableMicrosteps.xml
2 ms. Memory: 1786368K Free: 1259133K (70%)
----------------- Invoking toplevel() on ptolemy.moml.MoMLSimpleApplication@11a1e675
----------------- Done invoking toplevel() on ptolemy.moml.MoMLSimpleApplication@11a1e675
reloadAllAccessors: .TimeDelayVariableMicrosteps

===========================================================================================
----------------- testing Mon Oct 29 02:33:33 UTC 2018 /home/travis/build/icyphy/ptII/ptolemy/actor/lib/test/auto/TimeGap.xml
----------------- Instantiating /home/travis/build/icyphy/ptII/ptolemy/actor/lib/test/auto/TimeGap.xml
2 ms. Memory: 1786368K Free: 1238058K (69%)
----------------- Invoking toplevel() on ptolemy.moml.MoMLSimpleApplication@5e89bd48
----------------- Done invoking toplevel() on ptolemy.moml.MoMLSimpleApplication@5e89bd48
reloadAllAccessors: .TimeGap

===========================================================================================
----------------- testing Mon Oct 29 02:33:33 UTC 2018 /home/travis/build/icyphy/ptII/ptolemy/actor/lib/test/auto/TimeGap2.xml
----------------- Instantiating /home/travis/build/icyphy/ptII/ptolemy/actor/lib/test/auto/TimeGap2.xml
1 ms. Memory: 1786368K Free: 1221367K (68%)
----------------- Invoking toplevel() on ptolemy.moml.MoMLSimpleApplication@58e5b55f
----------------- Done invoking toplevel() on ptolemy.moml.MoMLSimpleApplication@58e5b55f
reloadAllAccessors: .TimeGap2

===========================================================================================
----------------- testing Mon Oct 29 02:33:33 UTC 2018 /home/travis/build/icyphy/ptII/ptolemy/actor/lib/test/auto/TimedSinewave.xml
----------------- Instantiating /home/travis/build/icyphy/ptII/ptolemy/actor/lib/test/auto/TimedSinewave.xml
23 ms. Memory: 1786368K Free: 1191931K (67%)
----------------- Invoking toplevel() on ptolemy.moml.MoMLSimpleApplication@7e17b223
----------------- Done invoking toplevel() on ptolemy.moml.MoMLSimpleApplication@7e17b223
reloadAllAccessors: .TimedSinewave

===========================================================================================
----------------- testing Mon Oct 29 02:33:33 UTC 2018 /home/travis/build/icyphy/ptII/ptolemy/actor/lib/test/auto/TimedSinewavePhase.xml
----------------- Instantiating /home/travis/build/icyphy/ptII/ptolemy/actor/lib/test/auto/TimedSinewavePhase.xml
9 ms. Memory: 1786368K Free: 1175240K (66%)
----------------- Invoking toplevel() on ptolemy.moml.MoMLSimpleApplication@409e6e76
----------------- Done invoking toplevel() on ptolemy.moml.MoMLSimpleApplication@409e6e76
reloadAllAccessors: .TimedSinewavePhase

===========================================================================================
----------------- testing Mon Oct 29 02:33:33 UTC 2018 /home/travis/build/icyphy/ptII/ptolemy/actor/lib/test/auto/Timer.xml
----------------- Instantiating /home/travis/build/icyphy/ptII/ptolemy/actor/lib/test/auto/Timer.xml
1 ms. Memory: 1786368K Free: 1154165K (65%)
----------------- Invoking toplevel() on ptolemy.moml.MoMLSimpleApplication@68a523c6
----------------- Done invoking toplevel() on ptolemy.moml.MoMLSimpleApplication@68a523c6
reloadAllAccessors: .Timer

===========================================================================================
----------------- testing Mon Oct 29 02:33:33 UTC 2018 /home/travis/build/icyphy/ptII/ptolemy/actor/lib/test/auto/TriangularDistTestModel.xml
----------------- Instantiating /home/travis/build/icyphy/ptII/ptolemy/actor/lib/test/auto/TriangularDistTestModel.xml
2 ms. Memory: 1786368K Free: 1137474K (64%)
----------------- Invoking toplevel() on ptolemy.moml.MoMLSimpleApplication@552e3558
----------------- Done invoking toplevel() on ptolemy.moml.MoMLSimpleApplication@552e3558
reloadAllAccessors: .TriangularDistTestModel

===========================================================================================
----------------- testing Mon Oct 29 02:33:33 UTC 2018 /home/travis/build/icyphy/ptII/ptolemy/actor/lib/test/auto/TrigFunction.xml
----------------- Instantiating /home/travis/build/icyphy/ptII/ptolemy/actor/lib/test/auto/TrigFunction.xml
2 ms. Memory: 1786368K Free: 1116400K (62%)
----------------- Invoking toplevel() on ptolemy.moml.MoMLSimpleApplication@635482f6
----------------- Done invoking toplevel() on ptolemy.moml.MoMLSimpleApplication@635482f6
reloadAllAccessors: .TrigFunction

===========================================================================================
----------------- testing Mon Oct 29 02:33:33 UTC 2018 /home/travis/build/icyphy/ptII/ptolemy/actor/lib/test/auto/TrigFunctionDE.xml
----------------- Instantiating /home/travis/build/icyphy/ptII/ptolemy/actor/lib/test/auto/TrigFunctionDE.xml
1 ms. Memory: 1786368K Free: 1095325K (61%)
----------------- Invoking toplevel() on ptolemy.moml.MoMLSimpleApplication@13403fda
----------------- Done invoking toplevel() on ptolemy.moml.MoMLSimpleApplication@13403fda
reloadAllAccessors: .TrigFunctionDE

===========================================================================================
----------------- testing Mon Oct 29 02:33:33 UTC 2018 /home/travis/build/icyphy/ptII/ptolemy/actor/lib/test/auto/TrigFunctionInverse.xml
----------------- Instantiating /home/travis/build/icyphy/ptII/ptolemy/actor/lib/test/auto/TrigFunctionInverse.xml
2 ms. Memory: 1786368K Free: 1078634K (60%)
----------------- Invoking toplevel() on ptolemy.moml.MoMLSimpleApplication@18dbc5e3
----------------- Done invoking toplevel() on ptolemy.moml.MoMLSimpleApplication@18dbc5e3
reloadAllAccessors: .TrigFunctionInverse

===========================================================================================
----------------- testing Mon Oct 29 02:33:33 UTC 2018 /home/travis/build/icyphy/ptII/ptolemy/actor/lib/test/auto/TrigFunctionTan.xml
----------------- Instantiating /home/travis/build/icyphy/ptII/ptolemy/actor/lib/test/auto/TrigFunctionTan.xml
2 ms. Memory: 1786368K Free: 1057560K (59%)
----------------- Invoking toplevel() on ptolemy.moml.MoMLSimpleApplication@771bce83
----------------- Done invoking toplevel() on ptolemy.moml.MoMLSimpleApplication@771bce83
reloadAllAccessors: .TrigFunctionTan

===========================================================================================
----------------- testing Mon Oct 29 02:33:33 UTC 2018 /home/travis/build/icyphy/ptII/ptolemy/actor/lib/test/auto/TriggeredClock.xml
----------------- Instantiating /home/travis/build/icyphy/ptII/ptolemy/actor/lib/test/auto/TriggeredClock.xml
10 ms. Memory: 1786368K Free: 1040868K (58%)
----------------- Invoking toplevel() on ptolemy.moml.MoMLSimpleApplication@2f76e877
----------------- Done invoking toplevel() on ptolemy.moml.MoMLSimpleApplication@2f76e877
reloadAllAccessors: .TriggeredClock

===========================================================================================
----------------- testing Mon Oct 29 02:33:33 UTC 2018 /home/travis/build/icyphy/ptII/ptolemy/actor/lib/test/auto/URLDirectoryReader.xml
----------------- Instantiating /home/travis/build/icyphy/ptII/ptolemy/actor/lib/test/auto/URLDirectoryReader.xml
31 ms. Memory: 1786368K Free: 1019794K (57%)
----------------- Invoking toplevel() on ptolemy.moml.MoMLSimpleApplication@37cd7afe
----------------- Done invoking toplevel() on ptolemy.moml.MoMLSimpleApplication@37cd7afe
reloadAllAccessors: .URLDirectoryReader

===========================================================================================
----------------- testing Mon Oct 29 02:33:33 UTC 2018 /home/travis/build/icyphy/ptII/ptolemy/actor/lib/test/auto/URLDirectoryReader3.xml
----------------- Instantiating /home/travis/build/icyphy/ptII/ptolemy/actor/lib/test/auto/URLDirectoryReader3.xml
1239 ms. Memory: 1786368K Free: 961375K (54%)
----------------- Invoking toplevel() on ptolemy.moml.MoMLSimpleApplication@39d9e22c
----------------- Done invoking toplevel() on ptolemy.moml.MoMLSimpleApplication@39d9e22c
reloadAllAccessors: .URLDirectoryReader3

===========================================================================================
----------------- testing Mon Oct 29 02:33:35 UTC 2018 /home/travis/build/icyphy/ptII/ptolemy/actor/lib/test/auto/UnaryMathFunction.xml
----------------- Instantiating /home/travis/build/icyphy/ptII/ptolemy/actor/lib/test/auto/UnaryMathFunction.xml
3 ms. Memory: 1786368K Free: 940301K (53%)
----------------- Invoking toplevel() on ptolemy.moml.MoMLSimpleApplication@5b12ebc3
----------------- Done invoking toplevel() on ptolemy.moml.MoMLSimpleApplication@5b12ebc3
reloadAllAccessors: .UnaryMathFunction

===========================================================================================
----------------- testing Mon Oct 29 02:33:35 UTC 2018 /home/travis/build/icyphy/ptII/ptolemy/actor/lib/test/auto/Uniform.xml
----------------- Instantiating /home/travis/build/icyphy/ptII/ptolemy/actor/lib/test/auto/Uniform.xml
10 ms. Memory: 1786368K Free: 919226K (51%)
----------------- Invoking toplevel() on ptolemy.moml.MoMLSimpleApplication@50d8ddd1
----------------- Done invoking toplevel() on ptolemy.moml.MoMLSimpleApplication@50d8ddd1
reloadAllAccessors: .Uniform

===========================================================================================
----------------- testing Mon Oct 29 02:33:35 UTC 2018 /home/travis/build/icyphy/ptII/ptolemy/actor/lib/test/auto/UnionDisassemblerTest.xml
----------------- Instantiating /home/travis/build/icyphy/ptII/ptolemy/actor/lib/test/auto/UnionDisassemblerTest.xml
11 ms. Memory: 1786368K Free: 902535K (51%)
----------------- Invoking toplevel() on ptolemy.moml.MoMLSimpleApplication@594b3162
----------------- Done invoking toplevel() on ptolemy.moml.MoMLSimpleApplication@594b3162
reloadAllAccessors: .UnionDisassemblerTest

===========================================================================================
----------------- testing Mon Oct 29 02:33:35 UTC 2018 /home/travis/build/icyphy/ptII/ptolemy/actor/lib/test/auto/UtilityFunctions.xml
----------------- Instantiating /home/travis/build/icyphy/ptII/ptolemy/actor/lib/test/auto/UtilityFunctions.xml
11 ms. Memory: 1786368K Free: 881461K (49%)
----------------- Invoking toplevel() on ptolemy.moml.MoMLSimpleApplication@4331d3bc
----------------- Done invoking toplevel() on ptolemy.moml.MoMLSimpleApplication@4331d3bc
reloadAllAccessors: .UtilityFunctions

===========================================================================================
----------------- testing Mon Oct 29 02:33:35 UTC 2018 /home/travis/build/icyphy/ptII/ptolemy/actor/lib/test/auto/VariableSleep.xml
----------------- Instantiating /home/travis/build/icyphy/ptII/ptolemy/actor/lib/test/auto/VariableSleep.xml
502 ms. Memory: 1786368K Free: 864770K (48%)
----------------- Invoking toplevel() on ptolemy.moml.MoMLSimpleApplication@6ff605ee
----------------- Done invoking toplevel() on ptolemy.moml.MoMLSimpleApplication@6ff605ee
reloadAllAccessors: .VariableSleep

===========================================================================================
----------------- testing Mon Oct 29 02:33:35 UTC 2018 /home/travis/build/icyphy/ptII/ptolemy/actor/lib/test/auto/VectorAssemblerDisassemblerCT.xml
----------------- Instantiating /home/travis/build/icyphy/ptII/ptolemy/actor/lib/test/auto/VectorAssemblerDisassemblerCT.xml
73 ms. Memory: 1786368K Free: 826988K (46%)
----------------- Invoking toplevel() on ptolemy.moml.MoMLSimpleApplication@5299cfa
----------------- Done invoking toplevel() on ptolemy.moml.MoMLSimpleApplication@5299cfa
reloadAllAccessors: .VectorAssemblerDisassemblerCT

===========================================================================================
----------------- testing Mon Oct 29 02:33:35 UTC 2018 /home/travis/build/icyphy/ptII/ptolemy/actor/lib/test/auto/VectorAssemblerDisassemblerDE.xml
----------------- Instantiating /home/travis/build/icyphy/ptII/ptolemy/actor/lib/test/auto/VectorAssemblerDisassemblerDE.xml
2 ms. Memory: 1786368K Free: 810297K (45%)
----------------- Invoking toplevel() on ptolemy.moml.MoMLSimpleApplication@5fd4de6e
----------------- Done invoking toplevel() on ptolemy.moml.MoMLSimpleApplication@5fd4de6e
reloadAllAccessors: .VectorAssemblerDisassemblerDE

===========================================================================================
----------------- testing Mon Oct 29 02:33:35 UTC 2018 /home/travis/build/icyphy/ptII/ptolemy/actor/lib/test/auto/VectorAssemblerDisassemblerSDF.xml
----------------- Instantiating /home/travis/build/icyphy/ptII/ptolemy/actor/lib/test/auto/VectorAssemblerDisassemblerSDF.xml
3 ms. Memory: 1786368K Free: 789222K (44%)
----------------- Invoking toplevel() on ptolemy.moml.MoMLSimpleApplication@2a349bfe
----------------- Done invoking toplevel() on ptolemy.moml.MoMLSimpleApplication@2a349bfe
reloadAllAccessors: .VectorAssemblerDisassemblerSDF

===========================================================================================
----------------- testing Mon Oct 29 02:33:35 UTC 2018 /home/travis/build/icyphy/ptII/ptolemy/actor/lib/test/auto/WallClockTime.xml
----------------- Instantiating /home/travis/build/icyphy/ptII/ptolemy/actor/lib/test/auto/WallClockTime.xml
1004 ms. Memory: 1786368K Free: 768148K (43%)
----------------- Invoking toplevel() on ptolemy.moml.MoMLSimpleApplication@48dedc51
----------------- Done invoking toplevel() on ptolemy.moml.MoMLSimpleApplication@48dedc51
reloadAllAccessors: .WallClockTime

===========================================================================================
----------------- testing Mon Oct 29 02:33:36 UTC 2018 /home/travis/build/icyphy/ptII/ptolemy/actor/lib/test/auto/WidthTestWithSubscriberPublisher.xml
----------------- Instantiating /home/travis/build/icyphy/ptII/ptolemy/actor/lib/test/auto/WidthTestWithSubscriberPublisher.xml
8 ms. Memory: 1786368K Free: 743095K (42%)
----------------- Invoking toplevel() on ptolemy.moml.MoMLSimpleApplication@1926fe6b
----------------- Done invoking toplevel() on ptolemy.moml.MoMLSimpleApplication@1926fe6b
reloadAllAccessors: .WidthTestWithSubscriberPublisher

===========================================================================================
----------------- testing Mon Oct 29 02:33:37 UTC 2018 /home/travis/build/icyphy/ptII/ptolemy/actor/lib/test/auto/WidthTestWithSubscriberPublisher2.xml
----------------- Instantiating /home/travis/build/icyphy/ptII/ptolemy/actor/lib/test/auto/WidthTestWithSubscriberPublisher2.xml
2 ms. Memory: 1786368K Free: 722021K (40%)
----------------- Invoking toplevel() on ptolemy.moml.MoMLSimpleApplication@2fe4d487
----------------- Done invoking toplevel() on ptolemy.moml.MoMLSimpleApplication@2fe4d487
reloadAllAccessors: .WidthTestWithSubscriberPublisher2

===========================================================================================
----------------- testing Mon Oct 29 02:33:37 UTC 2018 /home/travis/build/icyphy/ptII/ptolemy/actor/lib/test/auto/WidthTestWithSubscriberPublisher3.xml
----------------- Instantiating /home/travis/build/icyphy/ptII/ptolemy/actor/lib/test/auto/WidthTestWithSubscriberPublisher3.xml
2 ms. Memory: 1786368K Free: 705329K (39%)
----------------- Invoking toplevel() on ptolemy.moml.MoMLSimpleApplication@14c699ba
----------------- Done invoking toplevel() on ptolemy.moml.MoMLSimpleApplication@14c699ba
reloadAllAccessors: .WidthTestWithSubscriberPublisher3

===========================================================================================
----------------- testing Mon Oct 29 02:33:37 UTC 2018 /home/travis/build/icyphy/ptII/ptolemy/actor/lib/test/auto/Writer.xml
----------------- Instantiating /home/travis/build/icyphy/ptII/ptolemy/actor/lib/test/auto/Writer.xml
0
1
2
3
4
2 ms. Memory: 1786368K Free: 684255K (38%)
----------------- Invoking toplevel() on ptolemy.moml.MoMLSimpleApplication@36140c88
----------------- Done invoking toplevel() on ptolemy.moml.MoMLSimpleApplication@36140c88
reloadAllAccessors: .Writer

===========================================================================================
----------------- testing Mon Oct 29 02:33:37 UTC 2018 /home/travis/build/icyphy/ptII/ptolemy/actor/lib/test/auto/array.xml
----------------- Instantiating /home/travis/build/icyphy/ptII/ptolemy/actor/lib/test/auto/array.xml
2 ms. Memory: 1786368K Free: 663181K (37%)
----------------- Invoking toplevel() on ptolemy.moml.MoMLSimpleApplication@df0d47d
----------------- Done invoking toplevel() on ptolemy.moml.MoMLSimpleApplication@df0d47d
reloadAllAccessors: .array

===========================================================================================
----------------- testing Mon Oct 29 02:33:37 UTC 2018 /home/travis/build/icyphy/ptII/ptolemy/actor/lib/test/auto/array2.xml
----------------- Instantiating /home/travis/build/icyphy/ptII/ptolemy/actor/lib/test/auto/array2.xml
1 ms. Memory: 1786368K Free: 646489K (36%)
----------------- Invoking toplevel() on ptolemy.moml.MoMLSimpleApplication@3f189154
----------------- Done invoking toplevel() on ptolemy.moml.MoMLSimpleApplication@3f189154
reloadAllAccessors: .array2

===========================================================================================
----------------- testing Mon Oct 29 02:33:37 UTC 2018 /home/travis/build/icyphy/ptII/ptolemy/actor/lib/test/auto/arrayType.xml
----------------- Instantiating /home/travis/build/icyphy/ptII/ptolemy/actor/lib/test/auto/arrayType.xml
1 ms. Memory: 1786368K Free: 625415K (35%)
----------------- Invoking toplevel() on ptolemy.moml.MoMLSimpleApplication@7d4134a6
----------------- Done invoking toplevel() on ptolemy.moml.MoMLSimpleApplication@7d4134a6
reloadAllAccessors: .arrayType

===========================================================================================
----------------- testing Mon Oct 29 02:33:37 UTC 2018 /home/travis/build/icyphy/ptII/ptolemy/actor/lib/test/auto/arrayType10.xml
----------------- Instantiating /home/travis/build/icyphy/ptII/ptolemy/actor/lib/test/auto/arrayType10.xml
2 ms. Memory: 1786368K Free: 608724K (34%)
----------------- Invoking toplevel() on ptolemy.moml.MoMLSimpleApplication@65844ec2
----------------- Done invoking toplevel() on ptolemy.moml.MoMLSimpleApplication@65844ec2
reloadAllAccessors: .arrayType10

===========================================================================================
----------------- testing Mon Oct 29 02:33:37 UTC 2018 /home/travis/build/icyphy/ptII/ptolemy/actor/lib/test/auto/arrayType11.xml
----------------- Instantiating /home/travis/build/icyphy/ptII/ptolemy/actor/lib/test/auto/arrayType11.xml
1 ms. Memory: 1786368K Free: 587650K (33%)
----------------- Invoking toplevel() on ptolemy.moml.MoMLSimpleApplication@23a248a6
----------------- Done invoking toplevel() on ptolemy.moml.MoMLSimpleApplication@23a248a6
reloadAllAccessors: .arrayType11

===========================================================================================
----------------- testing Mon Oct 29 02:33:37 UTC 2018 /home/travis/build/icyphy/ptII/ptolemy/actor/lib/test/auto/arrayType12.xml
----------------- Instantiating /home/travis/build/icyphy/ptII/ptolemy/actor/lib/test/auto/arrayType12.xml
1 ms. Memory: 1786368K Free: 570958K (32%)
----------------- Invoking toplevel() on ptolemy.moml.MoMLSimpleApplication@73a648ac
----------------- Done invoking toplevel() on ptolemy.moml.MoMLSimpleApplication@73a648ac
reloadAllAccessors: .arrayType12

===========================================================================================
----------------- testing Mon Oct 29 02:33:37 UTC 2018 /home/travis/build/icyphy/ptII/ptolemy/actor/lib/test/auto/arrayType13.xml
----------------- Instantiating /home/travis/build/icyphy/ptII/ptolemy/actor/lib/test/auto/arrayType13.xml
1 ms. Memory: 1786368K Free: 549884K (31%)
----------------- Invoking toplevel() on ptolemy.moml.MoMLSimpleApplication@4b080eea
----------------- Done invoking toplevel() on ptolemy.moml.MoMLSimpleApplication@4b080eea
reloadAllAccessors: .arrayType13

===========================================================================================
----------------- testing Mon Oct 29 02:33:37 UTC 2018 /home/travis/build/icyphy/ptII/ptolemy/actor/lib/test/auto/arrayType14.xml
----------------- Instantiating /home/travis/build/icyphy/ptII/ptolemy/actor/lib/test/auto/arrayType14.xml
2 ms. Memory: 1786368K Free: 528809K (30%)
----------------- Invoking toplevel() on ptolemy.moml.MoMLSimpleApplication@628712e2
----------------- Done invoking toplevel() on ptolemy.moml.MoMLSimpleApplication@628712e2
reloadAllAccessors: .arrayType14

===========================================================================================
----------------- testing Mon Oct 29 02:33:37 UTC 2018 /home/travis/build/icyphy/ptII/ptolemy/actor/lib/test/auto/arrayType15.xml
----------------- Instantiating /home/travis/build/icyphy/ptII/ptolemy/actor/lib/test/auto/arrayType15.xml
1 ms. Memory: 1786368K Free: 512118K (29%)
----------------- Invoking toplevel() on ptolemy.moml.MoMLSimpleApplication@7bedaf1c
----------------- Done invoking toplevel() on ptolemy.moml.MoMLSimpleApplication@7bedaf1c
reloadAllAccessors: .arrayType15

===========================================================================================
----------------- testing Mon Oct 29 02:33:37 UTC 2018 /home/travis/build/icyphy/ptII/ptolemy/actor/lib/test/auto/arrayType16.xml
----------------- Instantiating /home/travis/build/icyphy/ptII/ptolemy/actor/lib/test/auto/arrayType16.xml
2 ms. Memory: 1786368K Free: 491044K (27%)
----------------- Invoking toplevel() on ptolemy.moml.MoMLSimpleApplication@5be4bea7
----------------- Done invoking toplevel() on ptolemy.moml.MoMLSimpleApplication@5be4bea7
reloadAllAccessors: .arrayType16

===========================================================================================
----------------- testing Mon Oct 29 02:33:37 UTC 2018 /home/travis/build/icyphy/ptII/ptolemy/actor/lib/test/auto/arrayType17.xml
----------------- Instantiating /home/travis/build/icyphy/ptII/ptolemy/actor/lib/test/auto/arrayType17.xml
2 ms. Memory: 1786368K Free: 474353K (27%)
----------------- Invoking toplevel() on ptolemy.moml.MoMLSimpleApplication@243c67a8
----------------- Done invoking toplevel() on ptolemy.moml.MoMLSimpleApplication@243c67a8
reloadAllAccessors: .arrayType17

===========================================================================================
----------------- testing Mon Oct 29 02:33:37 UTC 2018 /home/travis/build/icyphy/ptII/ptolemy/actor/lib/test/auto/arrayType18.xml
----------------- Instantiating /home/travis/build/icyphy/ptII/ptolemy/actor/lib/test/auto/arrayType18.xml
1 ms. Memory: 1786368K Free: 453278K (25%)
----------------- Invoking toplevel() on ptolemy.moml.MoMLSimpleApplication@7f041748
----------------- Done invoking toplevel() on ptolemy.moml.MoMLSimpleApplication@7f041748
reloadAllAccessors: .arrayType18

===========================================================================================
----------------- testing Mon Oct 29 02:33:37 UTC 2018 /home/travis/build/icyphy/ptII/ptolemy/actor/lib/test/auto/arrayType19.xml
----------------- Instantiating /home/travis/build/icyphy/ptII/ptolemy/actor/lib/test/auto/arrayType19.xml
1 ms. Memory: 1786368K Free: 432204K (24%)
----------------- Invoking toplevel() on ptolemy.moml.MoMLSimpleApplication@53ad6a2a
----------------- Done invoking toplevel() on ptolemy.moml.MoMLSimpleApplication@53ad6a2a
reloadAllAccessors: .arrayType19

===========================================================================================
----------------- testing Mon Oct 29 02:33:37 UTC 2018 /home/travis/build/icyphy/ptII/ptolemy/actor/lib/test/auto/arrayType2.xml
----------------- Instantiating /home/travis/build/icyphy/ptII/ptolemy/actor/lib/test/auto/arrayType2.xml
1 ms. Memory: 1786368K Free: 415513K (23%)
----------------- Invoking toplevel() on ptolemy.moml.MoMLSimpleApplication@58631a7a
----------------- Done invoking toplevel() on ptolemy.moml.MoMLSimpleApplication@58631a7a
reloadAllAccessors: .arrayType2

===========================================================================================
----------------- testing Mon Oct 29 02:33:37 UTC 2018 /home/travis/build/icyphy/ptII/ptolemy/actor/lib/test/auto/arrayType20.xml
----------------- Instantiating /home/travis/build/icyphy/ptII/ptolemy/actor/lib/test/auto/arrayType20.xml
1 ms. Memory: 1786368K Free: 394438K (22%)
----------------- Invoking toplevel() on ptolemy.moml.MoMLSimpleApplication@7e8942c5
----------------- Done invoking toplevel() on ptolemy.moml.MoMLSimpleApplication@7e8942c5
reloadAllAccessors: .arrayType20

===========================================================================================
----------------- testing Mon Oct 29 02:33:37 UTC 2018 /home/travis/build/icyphy/ptII/ptolemy/actor/lib/test/auto/arrayType21.xml
----------------- Instantiating /home/travis/build/icyphy/ptII/ptolemy/actor/lib/test/auto/arrayType21.xml
1 ms. Memory: 1786368K Free: 377747K (21%)
----------------- Invoking toplevel() on ptolemy.moml.MoMLSimpleApplication@22cac3af
----------------- Done invoking toplevel() on ptolemy.moml.MoMLSimpleApplication@22cac3af
reloadAllAccessors: .arrayType21

===========================================================================================
----------------- testing Mon Oct 29 02:33:37 UTC 2018 /home/travis/build/icyphy/ptII/ptolemy/actor/lib/test/auto/arrayType22.xml
----------------- Instantiating /home/travis/build/icyphy/ptII/ptolemy/actor/lib/test/auto/arrayType22.xml
1 ms. Memory: 1786368K Free: 356673K (20%)
----------------- Invoking toplevel() on ptolemy.moml.MoMLSimpleApplication@1f17153d
----------------- Done invoking toplevel() on ptolemy.moml.MoMLSimpleApplication@1f17153d
reloadAllAccessors: .arrayType22

===========================================================================================
----------------- testing Mon Oct 29 02:33:37 UTC 2018 /home/travis/build/icyphy/ptII/ptolemy/actor/lib/test/auto/arrayType23.xml
----------------- Instantiating /home/travis/build/icyphy/ptII/ptolemy/actor/lib/test/auto/arrayType23.xml
1 ms. Memory: 1786368K Free: 339982K (19%)
----------------- Invoking toplevel() on ptolemy.moml.MoMLSimpleApplication@1efa2ab3
----------------- Done invoking toplevel() on ptolemy.moml.MoMLSimpleApplication@1efa2ab3
reloadAllAccessors: .arrayType23

===========================================================================================
----------------- testing Mon Oct 29 02:33:37 UTC 2018 /home/travis/build/icyphy/ptII/ptolemy/actor/lib/test/auto/arrayType24.xml
----------------- Instantiating /home/travis/build/icyphy/ptII/ptolemy/actor/lib/test/auto/arrayType24.xml
1 ms. Memory: 1786368K Free: 318907K (18%)
----------------- Invoking toplevel() on ptolemy.moml.MoMLSimpleApplication@659bd782
----------------- Done invoking toplevel() on ptolemy.moml.MoMLSimpleApplication@659bd782
reloadAllAccessors: .arrayType24

===========================================================================================
----------------- testing Mon Oct 29 02:33:37 UTC 2018 /home/travis/build/icyphy/ptII/ptolemy/actor/lib/test/auto/arrayType25.xml
----------------- Instantiating /home/travis/build/icyphy/ptII/ptolemy/actor/lib/test/auto/arrayType25.xml
1 ms. Memory: 1786368K Free: 297833K (17%)
----------------- Invoking toplevel() on ptolemy.moml.MoMLSimpleApplication@2ade41aa
----------------- Done invoking toplevel() on ptolemy.moml.MoMLSimpleApplication@2ade41aa
reloadAllAccessors: .arrayType25

===========================================================================================
----------------- testing Mon Oct 29 02:33:37 UTC 2018 /home/travis/build/icyphy/ptII/ptolemy/actor/lib/test/auto/arrayType26.xml
----------------- Instantiating /home/travis/build/icyphy/ptII/ptolemy/actor/lib/test/auto/arrayType26.xml
1 ms. Memory: 1786368K Free: 281142K (16%)
----------------- Invoking toplevel() on ptolemy.moml.MoMLSimpleApplication@21ec219e
----------------- Done invoking toplevel() on ptolemy.moml.MoMLSimpleApplication@21ec219e
reloadAllAccessors: .arrayType26

===========================================================================================
----------------- testing Mon Oct 29 02:33:37 UTC 2018 /home/travis/build/icyphy/ptII/ptolemy/actor/lib/test/auto/arrayType27.xml
----------------- Instantiating /home/travis/build/icyphy/ptII/ptolemy/actor/lib/test/auto/arrayType27.xml
2 ms. Memory: 1786368K Free: 260067K (15%)
----------------- Invoking toplevel() on ptolemy.moml.MoMLSimpleApplication@445a3701
----------------- Done invoking toplevel() on ptolemy.moml.MoMLSimpleApplication@445a3701
reloadAllAccessors: .arrayType27

===========================================================================================
----------------- testing Mon Oct 29 02:33:37 UTC 2018 /home/travis/build/icyphy/ptII/ptolemy/actor/lib/test/auto/arrayType28.xml
----------------- Instantiating /home/travis/build/icyphy/ptII/ptolemy/actor/lib/test/auto/arrayType28.xml
1 ms. Memory: 1786368K Free: 243376K (14%)
----------------- Invoking toplevel() on ptolemy.moml.MoMLSimpleApplication@309130b9
----------------- Done invoking toplevel() on ptolemy.moml.MoMLSimpleApplication@309130b9
reloadAllAccessors: .arrayType28

===========================================================================================
----------------- testing Mon Oct 29 02:33:37 UTC 2018 /home/travis/build/icyphy/ptII/ptolemy/actor/lib/test/auto/arrayType3.xml
----------------- Instantiating /home/travis/build/icyphy/ptII/ptolemy/actor/lib/test/auto/arrayType3.xml
2 ms. Memory: 1786368K Free: 222302K (12%)
----------------- Invoking toplevel() on ptolemy.moml.MoMLSimpleApplication@308d13ea
----------------- Done invoking toplevel() on ptolemy.moml.MoMLSimpleApplication@308d13ea
reloadAllAccessors: .arrayType3

===========================================================================================
----------------- testing Mon Oct 29 02:33:37 UTC 2018 /home/travis/build/icyphy/ptII/ptolemy/actor/lib/test/auto/arrayType4.xml
----------------- Instantiating /home/travis/build/icyphy/ptII/ptolemy/actor/lib/test/auto/arrayType4.xml
1 ms. Memory: 1786368K Free: 201228K (11%)
----------------- Invoking toplevel() on ptolemy.moml.MoMLSimpleApplication@5873a2e4
----------------- Done invoking toplevel() on ptolemy.moml.MoMLSimpleApplication@5873a2e4
reloadAllAccessors: .arrayType4

===========================================================================================
----------------- testing Mon Oct 29 02:33:37 UTC 2018 /home/travis/build/icyphy/ptII/ptolemy/actor/lib/test/auto/arrayType5.xml
----------------- Instantiating /home/travis/build/icyphy/ptII/ptolemy/actor/lib/test/auto/arrayType5.xml
1 ms. Memory: 1786368K Free: 184536K (10%)
----------------- Invoking toplevel() on ptolemy.moml.MoMLSimpleApplication@7e378e9e
----------------- Done invoking toplevel() on ptolemy.moml.MoMLSimpleApplication@7e378e9e
reloadAllAccessors: .arrayType5

===========================================================================================
----------------- testing Mon Oct 29 02:33:37 UTC 2018 /home/travis/build/icyphy/ptII/ptolemy/actor/lib/test/auto/arrayType6.xml
----------------- Instantiating /home/travis/build/icyphy/ptII/ptolemy/actor/lib/test/auto/arrayType6.xml
1 ms. Memory: 1786368K Free: 163462K (9%)
----------------- Invoking toplevel() on ptolemy.moml.MoMLSimpleApplication@4538b183
----------------- Done invoking toplevel() on ptolemy.moml.MoMLSimpleApplication@4538b183
reloadAllAccessors: .arrayType6

===========================================================================================
----------------- testing Mon Oct 29 02:33:37 UTC 2018 /home/travis/build/icyphy/ptII/ptolemy/actor/lib/test/auto/arrayType7.xml
----------------- Instantiating /home/travis/build/icyphy/ptII/ptolemy/actor/lib/test/auto/arrayType7.xml
1 ms. Memory: 1786368K Free: 146771K (8%)
----------------- Invoking toplevel() on ptolemy.moml.MoMLSimpleApplication@346aeba0
----------------- Done invoking toplevel() on ptolemy.moml.MoMLSimpleApplication@346aeba0
reloadAllAccessors: .arrayType7

===========================================================================================
----------------- testing Mon Oct 29 02:33:37 UTC 2018 /home/travis/build/icyphy/ptII/ptolemy/actor/lib/test/auto/arrayType8.xml
----------------- Instantiating /home/travis/build/icyphy/ptII/ptolemy/actor/lib/test/auto/arrayType8.xml
1 ms. Memory: 1786368K Free: 125697K (7%)
----------------- Invoking toplevel() on ptolemy.moml.MoMLSimpleApplication@358103d
----------------- Done invoking toplevel() on ptolemy.moml.MoMLSimpleApplication@358103d
reloadAllAccessors: .arrayType8

===========================================================================================
----------------- testing Mon Oct 29 02:33:37 UTC 2018 /home/travis/build/icyphy/ptII/ptolemy/actor/lib/test/auto/arrayType9.xml
----------------- Instantiating /home/travis/build/icyphy/ptII/ptolemy/actor/lib/test/auto/arrayType9.xml
1 ms. Memory: 1786368K Free: 109005K (6%)
----------------- Invoking toplevel() on ptolemy.moml.MoMLSimpleApplication@1659de56
----------------- Done invoking toplevel() on ptolemy.moml.MoMLSimpleApplication@1659de56
reloadAllAccessors: .arrayType9

===========================================================================================
----------------- testing Mon Oct 29 02:33:37 UTC 2018 /home/travis/build/icyphy/ptII/ptolemy/actor/lib/test/auto/cast.xml
----------------- Instantiating /home/travis/build/icyphy/ptII/ptolemy/actor/lib/test/auto/cast.xml
1 ms. Memory: 1786368K Free: 87931K (5%)
----------------- Invoking toplevel() on ptolemy.moml.MoMLSimpleApplication@78ed98a8
----------------- Done invoking toplevel() on ptolemy.moml.MoMLSimpleApplication@78ed98a8
reloadAllAccessors: .cast

===========================================================================================
----------------- testing Mon Oct 29 02:33:37 UTC 2018 /home/travis/build/icyphy/ptII/ptolemy/actor/lib/test/auto/compositeMultiPort.xml
----------------- Instantiating /home/travis/build/icyphy/ptII/ptolemy/actor/lib/test/auto/compositeMultiPort.xml
17 ms. Memory: 1786880K Free: 1734162K (97%)
----------------- Invoking toplevel() on ptolemy.moml.MoMLSimpleApplication@4c24631
----------------- Done invoking toplevel() on ptolemy.moml.MoMLSimpleApplication@4c24631
reloadAllAccessors: .compositeMultiPort

===========================================================================================
----------------- testing Mon Oct 29 02:33:37 UTC 2018 /home/travis/build/icyphy/ptII/ptolemy/actor/lib/test/auto/expressionCastInference.xml
----------------- Instantiating /home/travis/build/icyphy/ptII/ptolemy/actor/lib/test/auto/expressionCastInference.xml
2 ms. Memory: 1786880K Free: 1701914K (95%)
----------------- Invoking toplevel() on ptolemy.moml.MoMLSimpleApplication@639f82ea
----------------- Done invoking toplevel() on ptolemy.moml.MoMLSimpleApplication@639f82ea
reloadAllAccessors: .expressionCastInference

===========================================================================================
----------------- testing Mon Oct 29 02:33:37 UTC 2018 /home/travis/build/icyphy/ptII/ptolemy/actor/lib/test/auto/expressionCastInference2.xml
----------------- Instantiating /home/travis/build/icyphy/ptII/ptolemy/actor/lib/test/auto/expressionCastInference2.xml
3 ms. Memory: 1786880K Free: 1680909K (94%)
----------------- Invoking toplevel() on ptolemy.moml.MoMLSimpleApplication@2872fbdf
----------------- Done invoking toplevel() on ptolemy.moml.MoMLSimpleApplication@2872fbdf
reloadAllAccessors: .expressionCastInference2

===========================================================================================
----------------- testing Mon Oct 29 02:33:37 UTC 2018 /home/travis/build/icyphy/ptII/ptolemy/actor/lib/test/auto/expressionInference.xml
----------------- Instantiating /home/travis/build/icyphy/ptII/ptolemy/actor/lib/test/auto/expressionInference.xml
1 ms. Memory: 1786880K Free: 1664192K (93%)
----------------- Invoking toplevel() on ptolemy.moml.MoMLSimpleApplication@5740b739
----------------- Done invoking toplevel() on ptolemy.moml.MoMLSimpleApplication@5740b739
reloadAllAccessors: .expressionInference

===========================================================================================
----------------- testing Mon Oct 29 02:33:37 UTC 2018 /home/travis/build/icyphy/ptII/ptolemy/actor/lib/test/auto/expression_bug.xml
----------------- Instantiating /home/travis/build/icyphy/ptII/ptolemy/actor/lib/test/auto/expression_bug.xml
1 ms. Memory: 1786880K Free: 1643186K (92%)
----------------- Invoking toplevel() on ptolemy.moml.MoMLSimpleApplication@3d118178
----------------- Done invoking toplevel() on ptolemy.moml.MoMLSimpleApplication@3d118178
reloadAllAccessors: .expression_bug

===========================================================================================
----------------- testing Mon Oct 29 02:33:37 UTC 2018 /home/travis/build/icyphy/ptII/ptolemy/actor/lib/test/auto/factorial.xml
----------------- Instantiating /home/travis/build/icyphy/ptII/ptolemy/actor/lib/test/auto/factorial.xml
43 ms. Memory: 1786880K Free: 1622140K (91%)
----------------- Invoking toplevel() on ptolemy.moml.MoMLSimpleApplication@40b422a2
----------------- Done invoking toplevel() on ptolemy.moml.MoMLSimpleApplication@40b422a2
reloadAllAccessors: .factorial

===========================================================================================
----------------- testing Mon Oct 29 02:33:37 UTC 2018 /home/travis/build/icyphy/ptII/ptolemy/actor/lib/test/auto/filterTest1.xml
----------------- Instantiating /home/travis/build/icyphy/ptII/ptolemy/actor/lib/test/auto/filterTest1.xml
3 ms. Memory: 1786880K Free: 1605424K (90%)
----------------- Invoking toplevel() on ptolemy.moml.MoMLSimpleApplication@1965f36f
----------------- Done invoking toplevel() on ptolemy.moml.MoMLSimpleApplication@1965f36f
reloadAllAccessors: .filterTest1

===========================================================================================
----------------- testing Mon Oct 29 02:33:37 UTC 2018 /home/travis/build/icyphy/ptII/ptolemy/actor/lib/test/auto/funcApplyInConst.xml
----------------- Instantiating /home/travis/build/icyphy/ptII/ptolemy/actor/lib/test/auto/funcApplyInConst.xml
1 ms. Memory: 1786880K Free: 1584418K (89%)
----------------- Invoking toplevel() on ptolemy.moml.MoMLSimpleApplication@67926c82
----------------- Done invoking toplevel() on ptolemy.moml.MoMLSimpleApplication@67926c82
reloadAllAccessors: .funcApplyInConst

===========================================================================================
----------------- testing Mon Oct 29 02:33:37 UTC 2018 /home/travis/build/icyphy/ptII/ptolemy/actor/lib/test/auto/funcApplyInExpr.xml
----------------- Instantiating /home/travis/build/icyphy/ptII/ptolemy/actor/lib/test/auto/funcApplyInExpr.xml
1 ms. Memory: 1786880K Free: 1567701K (88%)
----------------- Invoking toplevel() on ptolemy.moml.MoMLSimpleApplication@3151b24d
----------------- Done invoking toplevel() on ptolemy.moml.MoMLSimpleApplication@3151b24d
reloadAllAccessors: .funcApplyInExpr

===========================================================================================
----------------- testing Mon Oct 29 02:33:37 UTC 2018 /home/travis/build/icyphy/ptII/ptolemy/actor/lib/test/auto/function.xml
----------------- Instantiating /home/travis/build/icyphy/ptII/ptolemy/actor/lib/test/auto/function.xml
2 ms. Memory: 1786880K Free: 1546695K (87%)
----------------- Invoking toplevel() on ptolemy.moml.MoMLSimpleApplication@52c4192e
----------------- Done invoking toplevel() on ptolemy.moml.MoMLSimpleApplication@52c4192e
reloadAllAccessors: .function

===========================================================================================
----------------- testing Mon Oct 29 02:33:37 UTC 2018 /home/travis/build/icyphy/ptII/ptolemy/actor/lib/test/auto/function2.xml
----------------- Instantiating /home/travis/build/icyphy/ptII/ptolemy/actor/lib/test/auto/function2.xml
1 ms. Memory: 1786880K Free: 1525690K (85%)
----------------- Invoking toplevel() on ptolemy.moml.MoMLSimpleApplication@1a62f865
----------------- Done invoking toplevel() on ptolemy.moml.MoMLSimpleApplication@1a62f865
reloadAllAccessors: .function2

===========================================================================================
----------------- testing Mon Oct 29 02:33:37 UTC 2018 /home/travis/build/icyphy/ptII/ptolemy/actor/lib/test/auto/function3.xml
----------------- Instantiating /home/travis/build/icyphy/ptII/ptolemy/actor/lib/test/auto/function3.xml
2 ms. Memory: 1786880K Free: 1508973K (84%)
----------------- Invoking toplevel() on ptolemy.moml.MoMLSimpleApplication@19a3668d
----------------- Done invoking toplevel() on ptolemy.moml.MoMLSimpleApplication@19a3668d
reloadAllAccessors: .function3

===========================================================================================
----------------- testing Mon Oct 29 02:33:37 UTC 2018 /home/travis/build/icyphy/ptII/ptolemy/actor/lib/test/auto/functionClosureTest1.xml
----------------- Instantiating /home/travis/build/icyphy/ptII/ptolemy/actor/lib/test/auto/functionClosureTest1.xml
2 ms. Memory: 1786880K Free: 1487967K (83%)
----------------- Invoking toplevel() on ptolemy.moml.MoMLSimpleApplication@26702552
----------------- Done invoking toplevel() on ptolemy.moml.MoMLSimpleApplication@26702552
reloadAllAccessors: .functionClosureTest1

===========================================================================================
----------------- testing Mon Oct 29 02:33:37 UTC 2018 /home/travis/build/icyphy/ptII/ptolemy/actor/lib/test/auto/functionClosureTest2.xml
----------------- Instantiating /home/travis/build/icyphy/ptII/ptolemy/actor/lib/test/auto/functionClosureTest2.xml
1 ms. Memory: 1786880K Free: 1471251K (82%)
----------------- Invoking toplevel() on ptolemy.moml.MoMLSimpleApplication@3a7df4e8
----------------- Done invoking toplevel() on ptolemy.moml.MoMLSimpleApplication@3a7df4e8
reloadAllAccessors: .functionClosureTest2

===========================================================================================
----------------- testing Mon Oct 29 02:33:37 UTC 2018 /home/travis/build/icyphy/ptII/ptolemy/actor/lib/test/auto/functionClosureTest3.xml
----------------- Instantiating /home/travis/build/icyphy/ptII/ptolemy/actor/lib/test/auto/functionClosureTest3.xml
2 ms. Memory: 1786880K Free: 1450245K (81%)
----------------- Invoking toplevel() on ptolemy.moml.MoMLSimpleApplication@3e0e93df
----------------- Done invoking toplevel() on ptolemy.moml.MoMLSimpleApplication@3e0e93df
reloadAllAccessors: .functionClosureTest3

===========================================================================================
----------------- testing Mon Oct 29 02:33:37 UTC 2018 /home/travis/build/icyphy/ptII/ptolemy/actor/lib/test/auto/functionClosureTest4.xml
----------------- Instantiating /home/travis/build/icyphy/ptII/ptolemy/actor/lib/test/auto/functionClosureTest4.xml
4 ms. Memory: 1786880K Free: 1429239K (80%)
----------------- Invoking toplevel() on ptolemy.moml.MoMLSimpleApplication@67362672
----------------- Done invoking toplevel() on ptolemy.moml.MoMLSimpleApplication@67362672
reloadAllAccessors: .functionClosureTest4

===========================================================================================
----------------- testing Mon Oct 29 02:33:37 UTC 2018 /home/travis/build/icyphy/ptII/ptolemy/actor/lib/test/auto/functionClosureTest5.xml
----------------- Instantiating /home/travis/build/icyphy/ptII/ptolemy/actor/lib/test/auto/functionClosureTest5.xml
3 ms. Memory: 1786880K Free: 1412523K (79%)
----------------- Invoking toplevel() on ptolemy.moml.MoMLSimpleApplication@615f3a4e
----------------- Done invoking toplevel() on ptolemy.moml.MoMLSimpleApplication@615f3a4e
reloadAllAccessors: .functionClosureTest5

===========================================================================================
----------------- testing Mon Oct 29 02:33:37 UTC 2018 /home/travis/build/icyphy/ptII/ptolemy/actor/lib/test/auto/functionClosureTest6.xml
----------------- Instantiating /home/travis/build/icyphy/ptII/ptolemy/actor/lib/test/auto/functionClosureTest6.xml
4 ms. Memory: 1786880K Free: 1391517K (78%)
----------------- Invoking toplevel() on ptolemy.moml.MoMLSimpleApplication@25a9df3d
----------------- Done invoking toplevel() on ptolemy.moml.MoMLSimpleApplication@25a9df3d
reloadAllAccessors: .functionClosureTest6

===========================================================================================
----------------- testing Mon Oct 29 02:33:37 UTC 2018 /home/travis/build/icyphy/ptII/ptolemy/actor/lib/test/auto/functionsOnArcs.xml
----------------- Instantiating /home/travis/build/icyphy/ptII/ptolemy/actor/lib/test/auto/functionsOnArcs.xml
2 ms. Memory: 1786880K Free: 1374800K (77%)
----------------- Invoking toplevel() on ptolemy.moml.MoMLSimpleApplication@5488f4d6
----------------- Done invoking toplevel() on ptolemy.moml.MoMLSimpleApplication@5488f4d6
reloadAllAccessors: .functionsOnArcs

===========================================================================================
----------------- testing Mon Oct 29 02:33:37 UTC 2018 /home/travis/build/icyphy/ptII/ptolemy/actor/lib/test/auto/functionsOnArcsHOF.xml
----------------- Instantiating /home/travis/build/icyphy/ptII/ptolemy/actor/lib/test/auto/functionsOnArcsHOF.xml
3 ms. Memory: 1786880K Free: 1353795K (76%)
----------------- Invoking toplevel() on ptolemy.moml.MoMLSimpleApplication@413036d7
----------------- Done invoking toplevel() on ptolemy.moml.MoMLSimpleApplication@413036d7
reloadAllAccessors: .functionsOnArcsHOF

===========================================================================================
----------------- testing Mon Oct 29 02:33:37 UTC 2018 /home/travis/build/icyphy/ptII/ptolemy/actor/lib/test/auto/logic.xml
----------------- Instantiating /home/travis/build/icyphy/ptII/ptolemy/actor/lib/test/auto/logic.xml
2 ms. Memory: 1786880K Free: 1332789K (75%)
----------------- Invoking toplevel() on ptolemy.moml.MoMLSimpleApplication@133aa78e
----------------- Done invoking toplevel() on ptolemy.moml.MoMLSimpleApplication@133aa78e
reloadAllAccessors: .logic

===========================================================================================
----------------- testing Mon Oct 29 02:33:37 UTC 2018 /home/travis/build/icyphy/ptII/ptolemy/actor/lib/test/auto/matrixType.xml
----------------- Instantiating /home/travis/build/icyphy/ptII/ptolemy/actor/lib/test/auto/matrixType.xml
2 ms. Memory: 1786880K Free: 1316072K (74%)
----------------- Invoking toplevel() on ptolemy.moml.MoMLSimpleApplication@2bee53d7
----------------- Done invoking toplevel() on ptolemy.moml.MoMLSimpleApplication@2bee53d7
reloadAllAccessors: .matrixType

===========================================================================================
----------------- testing Mon Oct 29 02:33:37 UTC 2018 /home/travis/build/icyphy/ptII/ptolemy/actor/lib/test/auto/matrixType10.xml
----------------- Instantiating /home/travis/build/icyphy/ptII/ptolemy/actor/lib/test/auto/matrixType10.xml
2 ms. Memory: 1786880K Free: 1295067K (72%)
----------------- Invoking toplevel() on ptolemy.moml.MoMLSimpleApplication@36a1d73a
----------------- Done invoking toplevel() on ptolemy.moml.MoMLSimpleApplication@36a1d73a
reloadAllAccessors: .matrixType10

===========================================================================================
----------------- testing Mon Oct 29 02:33:38 UTC 2018 /home/travis/build/icyphy/ptII/ptolemy/actor/lib/test/auto/matrixType11.xml
----------------- Instantiating /home/travis/build/icyphy/ptII/ptolemy/actor/lib/test/auto/matrixType11.xml
1 ms. Memory: 1786880K Free: 1278350K (72%)
----------------- Invoking toplevel() on ptolemy.moml.MoMLSimpleApplication@6363ac7e
----------------- Done invoking toplevel() on ptolemy.moml.MoMLSimpleApplication@6363ac7e
reloadAllAccessors: .matrixType11

===========================================================================================
----------------- testing Mon Oct 29 02:33:38 UTC 2018 /home/travis/build/icyphy/ptII/ptolemy/actor/lib/test/auto/matrixType12.xml
----------------- Instantiating /home/travis/build/icyphy/ptII/ptolemy/actor/lib/test/auto/matrixType12.xml
2 ms. Memory: 1786880K Free: 1257344K (70%)
----------------- Invoking toplevel() on ptolemy.moml.MoMLSimpleApplication@4ac68ecd
----------------- Done invoking toplevel() on ptolemy.moml.MoMLSimpleApplication@4ac68ecd
reloadAllAccessors: .matrixType12

===========================================================================================
----------------- testing Mon Oct 29 02:33:38 UTC 2018 /home/travis/build/icyphy/ptII/ptolemy/actor/lib/test/auto/matrixType13.xml
----------------- Instantiating /home/travis/build/icyphy/ptII/ptolemy/actor/lib/test/auto/matrixType13.xml
2 ms. Memory: 1786880K Free: 1236339K (69%)
----------------- Invoking toplevel() on ptolemy.moml.MoMLSimpleApplication@518c56f
----------------- Done invoking toplevel() on ptolemy.moml.MoMLSimpleApplication@518c56f
reloadAllAccessors: .matrixType13

===========================================================================================
----------------- testing Mon Oct 29 02:33:38 UTC 2018 /home/travis/build/icyphy/ptII/ptolemy/actor/lib/test/auto/matrixType14.xml
----------------- Instantiating /home/travis/build/icyphy/ptII/ptolemy/actor/lib/test/auto/matrixType14.xml
4 ms. Memory: 1786880K Free: 1219622K (68%)
----------------- Invoking toplevel() on ptolemy.moml.MoMLSimpleApplication@2302d319
----------------- Done invoking toplevel() on ptolemy.moml.MoMLSimpleApplication@2302d319
reloadAllAccessors: .matrixType14

===========================================================================================
----------------- testing Mon Oct 29 02:33:38 UTC 2018 /home/travis/build/icyphy/ptII/ptolemy/actor/lib/test/auto/matrixType2.xml
----------------- Instantiating /home/travis/build/icyphy/ptII/ptolemy/actor/lib/test/auto/matrixType2.xml
2 ms. Memory: 1786880K Free: 1198616K (67%)
----------------- Invoking toplevel() on ptolemy.moml.MoMLSimpleApplication@6a10790f
----------------- Done invoking toplevel() on ptolemy.moml.MoMLSimpleApplication@6a10790f
reloadAllAccessors: .matrixType2

===========================================================================================
----------------- testing Mon Oct 29 02:33:38 UTC 2018 /home/travis/build/icyphy/ptII/ptolemy/actor/lib/test/auto/matrixType3.xml
----------------- Instantiating /home/travis/build/icyphy/ptII/ptolemy/actor/lib/test/auto/matrixType3.xml
3 ms. Memory: 1786880K Free: 1181899K (66%)
----------------- Invoking toplevel() on ptolemy.moml.MoMLSimpleApplication@78637fa8
----------------- Done invoking toplevel() on ptolemy.moml.MoMLSimpleApplication@78637fa8
reloadAllAccessors: .matrixType3

===========================================================================================
----------------- testing Mon Oct 29 02:33:38 UTC 2018 /home/travis/build/icyphy/ptII/ptolemy/actor/lib/test/auto/matrixType4.xml
----------------- Instantiating /home/travis/build/icyphy/ptII/ptolemy/actor/lib/test/auto/matrixType4.xml
2 ms. Memory: 1786880K Free: 1160894K (65%)
----------------- Invoking toplevel() on ptolemy.moml.MoMLSimpleApplication@3b6dc083
----------------- Done invoking toplevel() on ptolemy.moml.MoMLSimpleApplication@3b6dc083
reloadAllAccessors: .matrixType4

===========================================================================================
----------------- testing Mon Oct 29 02:33:38 UTC 2018 /home/travis/build/icyphy/ptII/ptolemy/actor/lib/test/auto/matrixType5.xml
----------------- Instantiating /home/travis/build/icyphy/ptII/ptolemy/actor/lib/test/auto/matrixType5.xml
1 ms. Memory: 1786880K Free: 1139888K (64%)
----------------- Invoking toplevel() on ptolemy.moml.MoMLSimpleApplication@1e5478bb
----------------- Done invoking toplevel() on ptolemy.moml.MoMLSimpleApplication@1e5478bb
reloadAllAccessors: .matrixType5

===========================================================================================
----------------- testing Mon Oct 29 02:33:38 UTC 2018 /home/travis/build/icyphy/ptII/ptolemy/actor/lib/test/auto/matrixType6.xml
----------------- Instantiating /home/travis/build/icyphy/ptII/ptolemy/actor/lib/test/auto/matrixType6.xml
1 ms. Memory: 1786880K Free: 1123171K (63%)
----------------- Invoking toplevel() on ptolemy.moml.MoMLSimpleApplication@64ca6939
----------------- Done invoking toplevel() on ptolemy.moml.MoMLSimpleApplication@64ca6939
reloadAllAccessors: .matrixType6

===========================================================================================
----------------- testing Mon Oct 29 02:33:38 UTC 2018 /home/travis/build/icyphy/ptII/ptolemy/actor/lib/test/auto/matrixType7.xml
----------------- Instantiating /home/travis/build/icyphy/ptII/ptolemy/actor/lib/test/auto/matrixType7.xml
1 ms. Memory: 1786880K Free: 1102166K (62%)
----------------- Invoking toplevel() on ptolemy.moml.MoMLSimpleApplication@15010e25
----------------- Done invoking toplevel() on ptolemy.moml.MoMLSimpleApplication@15010e25
reloadAllAccessors: .matrixType7

===========================================================================================
----------------- testing Mon Oct 29 02:33:38 UTC 2018 /home/travis/build/icyphy/ptII/ptolemy/actor/lib/test/auto/matrixType8.xml
----------------- Instantiating /home/travis/build/icyphy/ptII/ptolemy/actor/lib/test/auto/matrixType8.xml
1 ms. Memory: 1786880K Free: 1081160K (61%)
----------------- Invoking toplevel() on ptolemy.moml.MoMLSimpleApplication@3d03c587
----------------- Done invoking toplevel() on ptolemy.moml.MoMLSimpleApplication@3d03c587
reloadAllAccessors: .matrixType8

===========================================================================================
----------------- testing Mon Oct 29 02:33:38 UTC 2018 /home/travis/build/icyphy/ptII/ptolemy/actor/lib/test/auto/matrixType9.xml
----------------- Instantiating /home/travis/build/icyphy/ptII/ptolemy/actor/lib/test/auto/matrixType9.xml
1 ms. Memory: 1786880K Free: 1064443K (60%)
----------------- Invoking toplevel() on ptolemy.moml.MoMLSimpleApplication@3bbfc9b7
----------------- Done invoking toplevel() on ptolemy.moml.MoMLSimpleApplication@3bbfc9b7
reloadAllAccessors: .matrixType9

===========================================================================================
----------------- testing Mon Oct 29 02:33:38 UTC 2018 /home/travis/build/icyphy/ptII/ptolemy/actor/lib/test/auto/paraFunctest.xml
----------------- Instantiating /home/travis/build/icyphy/ptII/ptolemy/actor/lib/test/auto/paraFunctest.xml
1 ms. Memory: 1786880K Free: 1043437K (58%)
----------------- Invoking toplevel() on ptolemy.moml.MoMLSimpleApplication@6965fe1c
----------------- Done invoking toplevel() on ptolemy.moml.MoMLSimpleApplication@6965fe1c
reloadAllAccessors: .paraFunctest

===========================================================================================
----------------- testing Mon Oct 29 02:33:38 UTC 2018 /home/travis/build/icyphy/ptII/ptolemy/actor/lib/test/auto/paraFunctest2.xml
----------------- Instantiating /home/travis/build/icyphy/ptII/ptolemy/actor/lib/test/auto/paraFunctest2.xml
1 ms. Memory: 1786880K Free: 1026721K (57%)
----------------- Invoking toplevel() on ptolemy.moml.MoMLSimpleApplication@2e0dbee0
----------------- Done invoking toplevel() on ptolemy.moml.MoMLSimpleApplication@2e0dbee0
reloadAllAccessors: .paraFunctest2

===========================================================================================
----------------- testing Mon Oct 29 02:33:38 UTC 2018 /home/travis/build/icyphy/ptII/ptolemy/actor/lib/test/auto/parameterPassing.xml
----------------- Instantiating /home/travis/build/icyphy/ptII/ptolemy/actor/lib/test/auto/parameterPassing.xml
1 ms. Memory: 1786880K Free: 1005715K (56%)
----------------- Invoking toplevel() on ptolemy.moml.MoMLSimpleApplication@684637db
----------------- Done invoking toplevel() on ptolemy.moml.MoMLSimpleApplication@684637db
reloadAllAccessors: .parameterPassing

===========================================================================================
----------------- testing Mon Oct 29 02:33:38 UTC 2018 /home/travis/build/icyphy/ptII/ptolemy/actor/lib/test/auto/record.xml
----------------- Instantiating /home/travis/build/icyphy/ptII/ptolemy/actor/lib/test/auto/record.xml
2 ms. Memory: 1786880K Free: 984709K (55%)
----------------- Invoking toplevel() on ptolemy.moml.MoMLSimpleApplication@414d7f6d
----------------- Done invoking toplevel() on ptolemy.moml.MoMLSimpleApplication@414d7f6d
reloadAllAccessors: .record

===========================================================================================
----------------- testing Mon Oct 29 02:33:38 UTC 2018 /home/travis/build/icyphy/ptII/ptolemy/actor/lib/test/auto/sizedarray1.xml
----------------- Instantiating /home/travis/build/icyphy/ptII/ptolemy/actor/lib/test/auto/sizedarray1.xml
1 ms. Memory: 1786880K Free: 967993K (54%)
----------------- Invoking toplevel() on ptolemy.moml.MoMLSimpleApplication@7ca09320
----------------- Done invoking toplevel() on ptolemy.moml.MoMLSimpleApplication@7ca09320
reloadAllAccessors: .sizedarray1

===========================================================================================
----------------- testing Mon Oct 29 02:33:38 UTC 2018 /home/travis/build/icyphy/ptII/ptolemy/actor/lib/test/auto/sizedarray2.xml
----------------- Instantiating /home/travis/build/icyphy/ptII/ptolemy/actor/lib/test/auto/sizedarray2.xml
3 ms. Memory: 1786880K Free: 946987K (53%)
----------------- Invoking toplevel() on ptolemy.moml.MoMLSimpleApplication@55d2ec44
----------------- Done invoking toplevel() on ptolemy.moml.MoMLSimpleApplication@55d2ec44
reloadAllAccessors: .sizedarray2

===========================================================================================
----------------- testing Mon Oct 29 02:33:38 UTC 2018 /home/travis/build/icyphy/ptII/ptolemy/actor/lib/test/auto/twoPublishers.xml
----------------- Instantiating /home/travis/build/icyphy/ptII/ptolemy/actor/lib/test/auto/twoPublishers.xml
5 ms. Memory: 1786880K Free: 930270K (52%)
----------------- Invoking toplevel() on ptolemy.moml.MoMLSimpleApplication@7fbe564f
----------------- Done invoking toplevel() on ptolemy.moml.MoMLSimpleApplication@7fbe564f
reloadAllAccessors: .twoPublishers
AutoTests.java: About to close Vertx.
AutoTests.java: Vertx closed.
]]></system-out>
  <system-err><![CDATA[java.lang.RuntimeException: Execution failed
	at ptolemy.moml.MoMLSimpleApplication$UnloadThread.run(MoMLSimpleApplication.java:402)
Caused by: java.lang.RuntimeException: Normally, we would exit here because Manager.exitAfterWrapup() was called.  However, because the ptolemy.ptII.exitAfterWrapup property is set, we throw this exception instead.
	at ptolemy.util.StringUtilities.exit(StringUtilities.java:363)
	at ptolemy.actor.Manager.wrapup(Manager.java:1531)
	at ptolemy.actor.Manager.execute(Manager.java:407)
	at ptolemy.actor.Manager.run(Manager.java:1263)
	at ptolemy.actor.Manager$PtolemyRunThread.run(Manager.java:1915)
Warning: '.top.test' is in training mode, set the trainingMode parameter to false before checking in
Warning: '.top.test' is in training mode, set the trainingMode parameter to false before checking in
Warning: '.top.test' is in training mode, set the trainingMode parameter to false before checking in
Warning: '.BooleanSwitch_RegressionTest_WrongTrainingValues.Test' is in training mode, set the trainingMode parameter to false before checking in
Warning: '.BooleanSwitch_RegressionTest_WrongTrainingValues.Test2' is in training mode, set the trainingMode parameter to false before checking in
Warning: '.BooleanSwitch_RegressionTest_WrongTrainingValues.Test2' The test produced 0 tokens.
Warning: '.top.testExceptionHandler' is in training mode, set the trainingMode parameter to false before checking in
java.lang.RuntimeException: Execution failed
	at ptolemy.moml.MoMLSimpleApplication$UnloadThread.run(MoMLSimpleApplication.java:402)
Caused by: ptolemy.kernel.util.IllegalActionException: PublisherPorts cannot be used at the top level, use a Publisher actor instead.
  in .PublisherPortToplevelSubscriber.PublisherPort
	at ptolemy.actor.PublisherPort.preinitialize(PublisherPort.java:403)
	at ptolemy.actor.CompositeActor.preinitialize(CompositeActor.java:1769)
	at ptolemy.actor.Manager.preinitializeAndResolveTypes(Manager.java:1040)
	at ptolemy.actor.Manager.initialize(Manager.java:710)
	at ptolemy.actor.Manager.execute(Manager.java:356)
	at ptolemy.actor.Manager.run(Manager.java:1263)
	at ptolemy.actor.Manager$PtolemyRunThread.run(Manager.java:1915)
java.lang.reflect.InvocationTargetException
	at sun.reflect.NativeConstructorAccessorImpl.newInstance0(Native Method)
	at sun.reflect.NativeConstructorAccessorImpl.newInstance(NativeConstructorAccessorImpl.java:62)
	at sun.reflect.DelegatingConstructorAccessorImpl.newInstance(DelegatingConstructorAccessorImpl.java:45)
	at java.lang.reflect.Constructor.newInstance(Constructor.java:423)
	at ptolemy.util.test.junit.AutoKnownFailedTests.RunModel(AutoKnownFailedTests.java:105)
	at sun.reflect.NativeMethodAccessorImpl.invoke0(Native Method)
	at sun.reflect.NativeMethodAccessorImpl.invoke(NativeMethodAccessorImpl.java:62)
	at sun.reflect.DelegatingMethodAccessorImpl.invoke(DelegatingMethodAccessorImpl.java:43)
	at java.lang.reflect.Method.invoke(Method.java:498)
	at org.junit.runners.model.FrameworkMethod$1.runReflectiveCall(FrameworkMethod.java:44)
	at org.junit.internal.runners.model.ReflectiveCallable.run(ReflectiveCallable.java:15)
	at org.junit.runners.model.FrameworkMethod.invokeExplosively(FrameworkMethod.java:41)
	at junitparams.internal.InvokeParameterisedMethod.evaluate(InvokeParameterisedMethod.java:102)
	at org.junit.internal.runners.statements.FailOnTimeout$1.run(FailOnTimeout.java:28)
Caused by: ptolemy.kernel.util.IllegalActionException: PublisherPorts cannot be used at the top level, use a Publisher actor instead.
  in .PublisherPortToplevelSubscriber.PublisherPort
	at ptolemy.actor.PublisherPort.preinitialize(PublisherPort.java:403)
	at ptolemy.actor.CompositeActor.preinitialize(CompositeActor.java:1769)
	at ptolemy.actor.Manager.preinitializeAndResolveTypes(Manager.java:1040)
	at ptolemy.actor.Manager.initialize(Manager.java:710)
	at ptolemy.actor.Manager.execute(Manager.java:356)
	at ptolemy.actor.Manager.run(Manager.java:1263)
	at ptolemy.actor.Manager$PtolemyRunThread.run(Manager.java:1915)
java.lang.RuntimeException: Execution failed
	at ptolemy.moml.MoMLSimpleApplication$UnloadThread.run(MoMLSimpleApplication.java:402)
Caused by: ptolemy.kernel.util.IllegalActionException: SubscriberPorts cannot be used at the top level, use a Subscriber actor instead.
  in .PublisherSubscriberPortToplevel.SubscriberPort
	at ptolemy.actor.SubscriberPort.preinitialize(SubscriberPort.java:328)
	at ptolemy.actor.CompositeActor.preinitialize(CompositeActor.java:1769)
	at ptolemy.actor.Manager.preinitializeAndResolveTypes(Manager.java:1040)
	at ptolemy.actor.Manager.initialize(Manager.java:710)
	at ptolemy.actor.Manager.execute(Manager.java:356)
	at ptolemy.actor.Manager.run(Manager.java:1263)
	at ptolemy.actor.Manager$PtolemyRunThread.run(Manager.java:1915)
java.lang.reflect.InvocationTargetException
	at sun.reflect.NativeConstructorAccessorImpl.newInstance0(Native Method)
	at sun.reflect.NativeConstructorAccessorImpl.newInstance(NativeConstructorAccessorImpl.java:62)
	at sun.reflect.DelegatingConstructorAccessorImpl.newInstance(DelegatingConstructorAccessorImpl.java:45)
	at java.lang.reflect.Constructor.newInstance(Constructor.java:423)
	at ptolemy.util.test.junit.AutoKnownFailedTests.RunModel(AutoKnownFailedTests.java:105)
	at sun.reflect.NativeMethodAccessorImpl.invoke0(Native Method)
	at sun.reflect.NativeMethodAccessorImpl.invoke(NativeMethodAccessorImpl.java:62)
	at sun.reflect.DelegatingMethodAccessorImpl.invoke(DelegatingMethodAccessorImpl.java:43)
	at java.lang.reflect.Method.invoke(Method.java:498)
	at org.junit.runners.model.FrameworkMethod$1.runReflectiveCall(FrameworkMethod.java:44)
	at org.junit.internal.runners.model.ReflectiveCallable.run(ReflectiveCallable.java:15)
	at org.junit.runners.model.FrameworkMethod.invokeExplosively(FrameworkMethod.java:41)
	at junitparams.internal.InvokeParameterisedMethod.evaluate(InvokeParameterisedMethod.java:102)
	at org.junit.internal.runners.statements.FailOnTimeout$1.run(FailOnTimeout.java:28)
Caused by: ptolemy.kernel.util.IllegalActionException: SubscriberPorts cannot be used at the top level, use a Subscriber actor instead.
  in .PublisherSubscriberPortToplevel.SubscriberPort
	at ptolemy.actor.SubscriberPort.preinitialize(SubscriberPort.java:328)
	at ptolemy.actor.CompositeActor.preinitialize(CompositeActor.java:1769)
	at ptolemy.actor.Manager.preinitializeAndResolveTypes(Manager.java:1040)
	at ptolemy.actor.Manager.initialize(Manager.java:710)
	at ptolemy.actor.Manager.execute(Manager.java:356)
	at ptolemy.actor.Manager.run(Manager.java:1263)
	at ptolemy.actor.Manager$PtolemyRunThread.run(Manager.java:1915)
java.lang.RuntimeException: Execution failed
	at ptolemy.moml.MoMLSimpleApplication$UnloadThread.run(MoMLSimpleApplication.java:402)
Caused by: ptolemy.kernel.util.IllegalActionException: SubscriptionAggregatorPorts cannot be used at the top level, use a SubscriptionAggregator actor instead.
  in .PublisherSubscriptionAggregatorPort.SubscriptionAggregatorPort
	at ptolemy.actor.SubscriptionAggregatorPort.preinitialize(SubscriptionAggregatorPort.java:353)
	at ptolemy.actor.CompositeActor.preinitialize(CompositeActor.java:1769)
	at ptolemy.actor.Manager.preinitializeAndResolveTypes(Manager.java:1040)
	at ptolemy.actor.Manager.initialize(Manager.java:710)
	at ptolemy.actor.Manager.execute(Manager.java:356)
	at ptolemy.actor.Manager.run(Manager.java:1263)
	at ptolemy.actor.Manager$PtolemyRunThread.run(Manager.java:1915)
java.lang.reflect.InvocationTargetException
	at sun.reflect.NativeConstructorAccessorImpl.newInstance0(Native Method)
	at sun.reflect.NativeConstructorAccessorImpl.newInstance(NativeConstructorAccessorImpl.java:62)
	at sun.reflect.DelegatingConstructorAccessorImpl.newInstance(DelegatingConstructorAccessorImpl.java:45)
	at java.lang.reflect.Constructor.newInstance(Constructor.java:423)
	at ptolemy.util.test.junit.AutoKnownFailedTests.RunModel(AutoKnownFailedTests.java:105)
	at sun.reflect.NativeMethodAccessorImpl.invoke0(Native Method)
	at sun.reflect.NativeMethodAccessorImpl.invoke(NativeMethodAccessorImpl.java:62)
	at sun.reflect.DelegatingMethodAccessorImpl.invoke(DelegatingMethodAccessorImpl.java:43)
	at java.lang.reflect.Method.invoke(Method.java:498)
	at org.junit.runners.model.FrameworkMethod$1.runReflectiveCall(FrameworkMethod.java:44)
	at org.junit.internal.runners.model.ReflectiveCallable.run(ReflectiveCallable.java:15)
	at org.junit.runners.model.FrameworkMethod.invokeExplosively(FrameworkMethod.java:41)
	at junitparams.internal.InvokeParameterisedMethod.evaluate(InvokeParameterisedMethod.java:102)
	at org.junit.internal.runners.statements.FailOnTimeout$1.run(FailOnTimeout.java:28)
Caused by: ptolemy.kernel.util.IllegalActionException: SubscriptionAggregatorPorts cannot be used at the top level, use a SubscriptionAggregator actor instead.
  in .PublisherSubscriptionAggregatorPort.SubscriptionAggregatorPort
	at ptolemy.actor.SubscriptionAggregatorPort.preinitialize(SubscriptionAggregatorPort.java:353)
	at ptolemy.actor.CompositeActor.preinitialize(CompositeActor.java:1769)
	at ptolemy.actor.Manager.preinitializeAndResolveTypes(Manager.java:1040)
	at ptolemy.actor.Manager.initialize(Manager.java:710)
	at ptolemy.actor.Manager.execute(Manager.java:356)
	at ptolemy.actor.Manager.run(Manager.java:1263)
	at ptolemy.actor.Manager$PtolemyRunThread.run(Manager.java:1915)
java.lang.RuntimeException: Execution failed
	at ptolemy.moml.MoMLSimpleApplication$UnloadThread.run(MoMLSimpleApplication.java:402)
Caused by: ptolemy.kernel.util.IllegalActionException: TypeTest actor has no training data.
  in .sizedarray3.TypeTest
	at ptolemy.actor.lib.TypeTest.initialize(TypeTest.java:250)
	at ptolemy.actor.Director.initialize(Director.java:938)
	at ptolemy.actor.Director.initialize(Director.java:907)
	at ptolemy.actor.sched.StaticSchedulingDirector.initialize(StaticSchedulingDirector.java:159)
	at ptolemy.domains.sdf.kernel.SDFDirector.initialize(SDFDirector.java:544)
	at ptolemy.actor.CompositeActor.initialize(CompositeActor.java:935)
	at ptolemy.actor.Manager.initialize(Manager.java:724)
	at ptolemy.actor.Manager.execute(Manager.java:356)
	at ptolemy.actor.Manager.run(Manager.java:1263)
	at ptolemy.actor.Manager$PtolemyRunThread.run(Manager.java:1915)
java.lang.reflect.InvocationTargetException
	at sun.reflect.NativeConstructorAccessorImpl.newInstance0(Native Method)
	at sun.reflect.NativeConstructorAccessorImpl.newInstance(NativeConstructorAccessorImpl.java:62)
	at sun.reflect.DelegatingConstructorAccessorImpl.newInstance(DelegatingConstructorAccessorImpl.java:45)
	at java.lang.reflect.Constructor.newInstance(Constructor.java:423)
	at ptolemy.util.test.junit.AutoKnownFailedTests.RunModel(AutoKnownFailedTests.java:105)
	at sun.reflect.NativeMethodAccessorImpl.invoke0(Native Method)
	at sun.reflect.NativeMethodAccessorImpl.invoke(NativeMethodAccessorImpl.java:62)
	at sun.reflect.DelegatingMethodAccessorImpl.invoke(DelegatingMethodAccessorImpl.java:43)
	at java.lang.reflect.Method.invoke(Method.java:498)
	at org.junit.runners.model.FrameworkMethod$1.runReflectiveCall(FrameworkMethod.java:44)
	at org.junit.internal.runners.model.ReflectiveCallable.run(ReflectiveCallable.java:15)
	at org.junit.runners.model.FrameworkMethod.invokeExplosively(FrameworkMethod.java:41)
	at junitparams.internal.InvokeParameterisedMethod.evaluate(InvokeParameterisedMethod.java:102)
	at org.junit.internal.runners.statements.FailOnTimeout$1.run(FailOnTimeout.java:28)
Caused by: ptolemy.kernel.util.IllegalActionException: TypeTest actor has no training data.
  in .sizedarray3.TypeTest
	at ptolemy.actor.lib.TypeTest.initialize(TypeTest.java:250)
	at ptolemy.actor.Director.initialize(Director.java:938)
	at ptolemy.actor.Director.initialize(Director.java:907)
	at ptolemy.actor.sched.StaticSchedulingDirector.initialize(StaticSchedulingDirector.java:159)
	at ptolemy.domains.sdf.kernel.SDFDirector.initialize(SDFDirector.java:544)
	at ptolemy.actor.CompositeActor.initialize(CompositeActor.java:935)
	at ptolemy.actor.Manager.initialize(Manager.java:724)
	at ptolemy.actor.Manager.execute(Manager.java:356)
	at ptolemy.actor.Manager.run(Manager.java:1263)
	at ptolemy.actor.Manager$PtolemyRunThread.run(Manager.java:1915)
]]></system-err>
</testsuite>
